16 14 1 4200 5 0 0 100696
16 14 1 4201 5 1 1 101866
16 14 1 4202 5 2 2 103361
16 14 1 4203 5 3 3 104750
16 14 1 4204 5 4 4 96695
16 14 1 4205 5 5 5 110178
16 14 1 4206 5 6 6 103555
16 14 1 4207 5 7 7 89421
16 14 1 4208 5 0 8 100819
16 14 1 4209 5 1 9 101891
16 14 1 4210 5 2 10 98844
16 14 1 4211 5 3 11 98448
16 14 1 4212 5 4 12 106682
16 14 1 4213 5 5 13 110068
16 14 1 4214 5 6 14 103914
16 14 1 4215 5 7 15 109830
16 14 1 4216 5 0 16 101342
16 14 1 4217 5 1 17 100039
16 14 1 4218 5 2 18 98554
16 14 1 4219 5 3 19 96250
16 14 1 4220 5 4 20 95757
16 14 1 4221 5 5 21 101309
16 14 1 4222 5 6 22 111469
16 14 1 4223 5 7 23 94108
16 14 1 4224 5 0 24 98973
16 14 1 4225 5 1 25 101005
16 14 1 4226 5 2 26 103349
16 14 1 4227 5 3 27 99500
16 14 1 4228 5 4 28 106656
16 14 1 4229 5 5 29 110161
16 14 1 4230 5 6 30 111396
16 14 1 4231 5 7 31 105435
16 14 1 4232 5 0 32 99580
16 14 1 4233 5 1 33 102023
16 14 1 4234 5 2 34 102208
16 14 1 4235 5 3 35 104702
16 14 1 4236 5 4 36 103088
16 14 1 4237 5 5 37 109960
16 14 1 4238 5 6 38 111469
16 14 1 4239 5 7 39 111208
16 14 1 4240 5 0 40 100453
16 14 1 4241 5 1 41 102010
16 14 1 4242 5 2 42 96464
16 14 1 4243 5 3 43 104750
16 14 1 4244 5 4 44 102237
16 14 1 4245 5 5 45 96994
16 14 1 4246 5 6 46 100190
16 14 1 4247 5 7 47 113250
16 14 1 4248 5 0 48 101344
16 14 1 4249 5 1 49 101968
16 14 1 4250 5 2 50 103336
16 14 1 4251 5 3 51 104064
16 14 1 4252 5 4 52 106766
16 14 1 4253 5 5 53 109688
16 14 1 4254 5 6 54 101942
16 14 1 4255 5 7 55 113312
16 14 1 4256 5 0 56 101302
16 14 1 4257 5 1 57 102014
16 14 1 4258 5 2 58 103356
16 14 1 4259 5 3 59 104750
16 14 1 4260 5 4 60 104399
16 14 1 4261 5 5 61 98917
16 14 1 4262 5 6 62 107186
16 14 1 4263 5 7 63 113556
16 14 1 4264 5 0 64 101348
16 14 1 4265 5 1 65 99417
16 14 1 4266 5 2 66 98513
16 14 1 4267 5 3 67 104705
16 14 1 4268 5 4 68 106374
16 14 1 4269 5 5 69 108414
16 14 1 4270 5 6 70 109558
16 14 1 4271 5 7 71 111367
16 14 1 4272 5 0 72 101157
16 14 1 4273 5 1 73 102000
16 14 1 4274 5 2 74 103383
16 14 1 4275 5 3 75 101750
16 14 1 4276 5 4 76 106711
16 14 1 4277 5 5 77 110039
16 14 1 4278 5 6 78 106454
16 14 1 4279 5 7 79 105791
16 14 1 4280 5 0 80 99214
16 14 1 4281 5 1 81 100554
16 14 1 4282 5 2 82 103383
16 14 1 4283 5 3 83 97824
16 14 1 4284 5 4 84 106700
16 14 1 4285 5 5 85 107881
16 14 1 4286 5 6 86 105834
16 14 1 4287 5 7 87 109639
16 14 1 4288 5 0 88 101187
16 14 1 4289 5 1 89 102033
16 14 1 4290 5 2 90 101489
16 14 1 4291 5 3 91 101000
16 14 1 4292 5 4 92 105149
16 14 1 4293 5 5 93 110133
16 14 1 4294 5 6 94 111411
16 14 1 4295 5 7 95 113136
16 14 1 4296 5 0 96 101318
16 14 1 4297 5 1 97 100357
16 14 1 4298 5 2 98 102864
16 14 1 4299 5 3 99 97030
16 14 1 4300 5 4 0 103044
16 14 1 4301 5 5 1 110065
16 14 1 4302 5 6 2 111422
16 14 1 4303 5 7 3 110721
16 14 1 4304 5 0 4 99352
16 14 1 4305 5 1 5 102013
16 14 1 4306 5 2 6 102706
16 14 1 4307 5 3 7 96545
16 14 1 4308 5 4 8 104456
16 14 1 4309 5 5 9 110115
16 14 1 4310 5 6 10 106055
16 14 1 4311 5 7 11 99865
16 14 1 4312 5 0 12 101306
16 14 1 4313 5 1 13 101962
16 14 1 4314 5 2 14 100156
16 14 1 4315 5 3 15 104631
16 14 1 4316 5 4 16 106715
16 14 1 4317 5 5 17 103572
16 14 1 4318 5 6 18 100775
16 14 1 4319 5 7 19 97570
16 14 1 4320 5 0 20 99384
16 14 1 4321 5 1 21 99286
16 14 1 4322 5 2 22 103392
16 14 1 4323 5 3 23 97674
16 14 1 4324 5 4 24 94896
16 14 1 4325 5 5 25 104343
16 14 1 4326 5 6 26 111465
16 14 1 4327 5 7 27 93534
16 14 1 4328 5 0 28 101288
16 14 1 4329 5 1 29 102004
16 14 1 4330 5 2 30 103358
16 14 1 4331 5 3 31 102640
16 14 1 4332 5 4 32 100219
16 14 1 4333 5 5 33 110098
16 14 1 4334 5 6 34 110024
16 14 1 4335 5 7 35 113378
16 14 1 4336 5 0 36 100579
16 14 1 4337 5 1 37 101992
16 14 1 4338 5 2 38 103375
16 14 1 4339 5 3 39 104669
16 14 1 4340 5 4 40 101480
16 14 1 4341 5 5 41 110167
16 14 1 4342 5 6 42 97527
16 14 1 4343 5 7 43 113566
16 14 1 4344 5 0 44 99858
16 14 1 4345 5 1 45 99874
16 14 1 4346 5 2 46 103303
16 14 1 4347 5 3 47 104645
16 14 1 4348 5 4 48 106720
16 14 1 4349 5 5 49 110068
16 14 1 4350 5 6 50 101710
16 14 1 4351 5 7 51 104254
16 14 1 4352 5 0 52 101352
16 14 1 4353 5 1 53 101804
16 14 1 4354 5 2 54 99298
16 14 1 4355 5 3 55 104666
16 14 1 4356 5 4 56 106784
16 14 1 4357 5 5 57 110046
16 14 1 4358 5 6 58 107843
16 14 1 4359 5 7 59 113521
16 14 1 4360 5 0 60 100874
16 14 1 4361 5 1 61 100576
16 14 1 4362 5 2 62 102360
16 14 1 4363 5 3 63 104750
16 14 1 4364 5 4 64 106772
16 14 1 4365 5 5 65 95192
16 14 1 4366 5 6 66 97973
16 14 1 4367 5 7 67 102041
16 14 1 4368 5 0 68 101356
16 14 1 4369 5 1 69 102029
16 14 1 4370 5 2 70 102634
16 14 1 4371 5 3 71 103510
16 14 1 4372 5 4 72 105812
16 14 1 4373 5 5 73 109984
16 14 1 4374 5 6 74 111486
16 14 1 4375 5 7 75 107288
16 14 1 4376 5 0 76 101332
16 14 1 4377 5 1 77 101986
16 14 1 4378 5 2 78 98512
16 14 1 4379 5 3 79 104641
16 14 1 4380 5 4 80 97566
16 14 1 4381 5 5 81 106670
16 14 1 4382 5 6 82 106045
16 14 1 4383 5 7 83 105399
16 14 1 4384 5 0 84 101328
16 14 1 4385 5 1 85 101902
16 14 1 4386 5 2 86 103307
16 14 1 4387 5 3 87 102008
16 14 1 4388 5 4 88 106676
16 14 1 4389 5 5 89 110021
16 14 1 4390 5 6 90 102882
16 14 1 4391 5 7 91 106516
16 14 1 4392 5 0 92 100980
16 14 1 4393 5 1 93 102029
16 14 1 4394 5 2 94 103357
16 14 1 4395 5 3 95 104750
16 14 1 4396 5 4 96 105567
16 14 1 4397 5 5 97 104086
16 14 1 4398 5 6 98 110262
16 14 1 4399 5 7 99 102819
16 14 1 4400 5 0 0 100696
16 14 1 4401 5 1 1 101866
16 14 1 4402 5 2 2 103361
16 14 1 4403 5 3 3 104750
16 14 1 4404 5 4 4 96695
16 14 1 4405 5 5 5 110178
16 14 1 4406 5 6 6 103555
16 14 1 4407 5 7 7 89421
16 14 1 4408 5 0 8 100819
16 14 1 4409 5 1 9 101891
16 14 1 4410 5 2 10 98844
16 14 1 4411 5 3 11 98448
16 14 1 4412 5 4 12 106682
16 14 1 4413 5 5 13 110068
16 14 1 4414 5 6 14 103914
16 14 1 4415 5 7 15 109830
16 14 1 4416 5 0 16 101342
16 14 1 4417 5 1 17 100039
16 14 1 4418 5 2 18 98554
16 14 1 4419 5 3 19 96250
16 14 1 4420 5 4 20 95757
16 14 1 4421 5 5 21 101309
16 14 1 4422 5 6 22 111469
16 14 1 4423 5 7 23 94108
16 14 1 4424 5 0 24 98973
16 14 1 4425 5 1 25 101005
16 14 1 4426 5 2 26 103349
16 14 1 4427 5 3 27 99500
16 14 1 4428 5 4 28 106656
16 14 1 4429 5 5 29 110161
16 14 1 4430 5 6 30 111396
16 14 1 4431 5 7 31 105435
16 14 1 4432 5 0 32 99580
16 14 1 4433 5 1 33 102023
16 14 1 4434 5 2 34 102208
16 14 1 4435 5 3 35 104702
16 14 1 4436 5 4 36 103088
16 14 1 4437 5 5 37 109960
16 14 1 4438 5 6 38 111469
16 14 1 4439 5 7 39 111208
16 14 1 4440 5 0 40 100453
16 14 1 4441 5 1 41 102010
16 14 1 4442 5 2 42 96464
16 14 1 4443 5 3 43 104750
16 14 1 4444 5 4 44 102237
16 14 1 4445 5 5 45 96994
16 14 1 4446 5 6 46 100190
16 14 1 4447 5 7 47 113250
16 14 1 4448 5 0 48 101344
16 14 1 4449 5 1 49 101968
16 14 1 4450 5 2 50 103336
16 14 1 4451 5 3 51 104064
16 14 1 4452 5 4 52 106766
16 14 1 4453 5 5 53 109688
16 14 1 4454 5 6 54 101942
16 14 1 4455 5 7 55 113312
16 14 1 4456 5 0 56 101302
16 14 1 4457 5 1 57 102014
16 14 1 4458 5 2 58 103356
16 14 1 4459 5 3 59 104750
16 14 1 4460 5 4 60 104399
16 14 1 4461 5 5 61 98917
16 14 1 4462 5 6 62 107186
16 14 1 4463 5 7 63 113556
16 14 1 4464 5 0 64 101348
16 14 1 4465 5 1 65 99417
16 14 1 4466 5 2 66 98513
16 14 1 4467 5 3 67 104705
16 14 1 4468 5 4 68 106374
16 14 1 4469 5 5 69 108414
16 14 1 4470 5 6 70 109558
16 14 1 4471 5 7 71 111367
16 14 1 4472 5 0 72 101157
16 14 1 4473 5 1 73 102000
16 14 1 4474 5 2 74 103383
16 14 1 4475 5 3 75 101750
16 14 1 4476 5 4 76 106711
16 14 1 4477 5 5 77 110039
16 14 1 4478 5 6 78 106454
16 14 1 4479 5 7 79 105791
16 14 1 4480 5 0 80 99214
16 14 1 4481 5 1 81 100554
16 14 1 4482 5 2 82 103383
16 14 1 4483 5 3 83 97824
16 14 1 4484 5 4 84 106700
16 14 1 4485 5 5 85 107881
16 14 1 4486 5 6 86 105834
16 14 1 4487 5 7 87 109639
16 14 1 4488 5 0 88 101187
16 14 1 4489 5 1 89 102033
16 14 1 4490 5 2 90 101489
16 14 1 4491 5 3 91 101000
16 14 1 4492 5 4 92 105149
16 14 1 4493 5 5 93 110133
16 14 1 4494 5 6 94 111411
16 14 1 4495 5 7 95 113136
16 14 1 4496 5 0 96 101318
16 14 1 4497 5 1 97 100357
16 14 1 4498 5 2 98 102864
16 14 1 4499 5 3 99 97030
16 14 2 4200 5 0 0 101653
16 14 2 4201 5 1 1 103924
16 14 2 4202 5 2 2 104807
16 14 2 4203 5 3 3 109693
16 14 2 4204 5 4 4 91442
16 14 2 4205 5 5 5 104127
16 14 2 4206 5 6 6 97191
16 14 2 4207 5 7 7 101383
16 14 2 4208 5 0 8 102176
16 14 2 4209 5 1 9 100401
16 14 2 4210 5 2 10 95730
16 14 2 4211 5 3 11 102968
16 14 2 4212 5 4 12 113855
16 14 2 4213 5 5 13 120708
16 14 2 4214 5 6 14 115849
16 14 2 4215 5 7 15 116834
16 14 2 4216 5 0 16 102712
16 14 2 4217 5 1 17 100989
16 14 2 4218 5 2 18 101713
16 14 2 4219 5 3 19 100640
16 14 2 4220 5 4 20 102270
16 14 2 4221 5 5 21 99287
16 14 2 4222 5 6 22 123425
16 14 2 4223 5 7 23 103806
16 14 2 4224 5 0 24 99029
16 14 2 4225 5 1 25 102146
16 14 2 4226 5 2 26 106854
16 14 2 4227 5 3 27 102674
16 14 2 4228 5 4 28 113755
16 14 2 4229 5 5 29 112617
16 14 2 4230 5 6 30 117689
16 14 2 4231 5 7 31 106256
16 14 2 4232 5 0 32 99631
16 14 2 4233 5 1 33 101003
16 14 2 4234 5 2 34 105671
16 14 2 4235 5 3 35 100718
16 14 2 4236 5 4 36 109991
16 14 2 4237 5 5 37 121046
16 14 2 4238 5 6 38 117427
16 14 2 4239 5 7 39 109336
16 14 2 4240 5 0 40 100312
16 14 2 4241 5 1 41 102241
16 14 2 4242 5 2 42 99736
16 14 2 4243 5 3 43 109658
16 14 2 4244 5 4 44 109031
16 14 2 4245 5 5 45 106279
16 14 2 4246 5 6 46 111679
16 14 2 4247 5 7 47 113840
16 14 2 4248 5 0 48 101103
16 14 2 4249 5 1 49 103463
16 14 2 4250 5 2 50 104226
16 14 2 4251 5 3 51 107796
16 14 2 4252 5 4 52 109407
16 14 2 4253 5 5 53 118165
16 14 2 4254 5 6 54 113701
16 14 2 4255 5 7 55 125405
16 14 2 4256 5 0 56 102658
16 14 2 4257 5 1 57 103182
16 14 2 4258 5 2 58 106837
16 14 2 4259 5 3 59 109696
16 14 2 4260 5 4 60 105759
16 14 2 4261 5 5 61 108951
16 14 2 4262 5 6 62 117818
16 14 2 4263 5 7 63 115407
16 14 2 4264 5 0 64 102726
16 14 2 4265 5 1 65 101434
16 14 2 4266 5 2 66 101824
16 14 2 4267 5 3 67 109646
16 14 2 4268 5 4 68 112315
16 14 2 4269 5 5 69 119463
16 14 2 4270 5 6 70 104956
16 14 2 4271 5 7 71 117876
16 14 2 4272 5 0 72 100010
16 14 2 4273 5 1 73 104063
16 14 2 4274 5 2 74 100565
16 14 2 4275 5 3 75 97967
16 14 2 4276 5 4 76 111032
16 14 2 4277 5 5 77 120279
16 14 2 4278 5 6 78 113194
16 14 2 4279 5 7 79 115257
16 14 2 4280 5 0 80 100554
16 14 2 4281 5 1 81 102548
16 14 2 4282 5 2 82 100848
16 14 2 4283 5 3 83 96031
16 14 2 4284 5 4 84 109954
16 14 2 4285 5 5 85 105309
16 14 2 4286 5 6 86 116548
16 14 2 4287 5 7 87 103347
16 14 2 4288 5 0 88 101760
16 14 2 4289 5 1 89 104097
16 14 2 4290 5 2 90 104940
16 14 2 4291 5 3 91 96381
16 14 2 4292 5 4 92 112190
16 14 2 4293 5 5 93 121195
16 14 2 4294 5 6 94 115233
16 14 2 4295 5 7 95 111885
16 14 2 4296 5 0 96 102680
16 14 2 4297 5 1 97 101197
16 14 2 4298 5 2 98 106343
16 14 2 4299 5 3 99 101541
16 14 2 4300 5 4 0 108156
16 14 2 4301 5 5 1 121105
16 14 2 4302 5 6 2 118726
16 14 2 4303 5 7 3 123935
16 14 2 4304 5 0 4 98184
16 14 2 4305 5 1 5 100134
16 14 2 4306 5 2 6 102066
16 14 2 4307 5 3 7 101141
16 14 2 4308 5 4 8 111546
16 14 2 4309 5 5 9 104419
16 14 2 4310 5 6 10 101733
16 14 2 4311 5 7 11 110496
16 14 2 4312 5 0 12 102670
16 14 2 4313 5 1 13 104042
16 14 2 4314 5 2 14 103534
16 14 2 4315 5 3 15 101905
16 14 2 4316 5 4 16 113890
16 14 2 4317 5 5 17 111701
16 14 2 4318 5 6 18 109464
16 14 2 4319 5 7 19 105923
16 14 2 4320 5 0 20 100735
16 14 2 4321 5 1 21 100242
16 14 2 4322 5 2 22 106867
16 14 2 4323 5 3 23 102300
16 14 2 4324 5 4 24 95239
16 14 2 4325 5 5 25 111755
16 14 2 4326 5 6 26 124276
16 14 2 4327 5 7 27 92744
16 14 2 4328 5 0 28 102594
16 14 2 4329 5 1 29 101884
16 14 2 4330 5 2 30 106829
16 14 2 4331 5 3 31 103149
16 14 2 4332 5 4 32 102769
16 14 2 4333 5 5 33 104201
16 14 2 4334 5 6 34 121856
16 14 2 4335 5 7 35 111374
16 14 2 4336 5 0 36 101893
16 14 2 4337 5 1 37 104042
16 14 2 4338 5 2 38 102629
16 14 2 4339 5 3 39 102744
16 14 2 4340 5 4 40 101708
16 14 2 4341 5 5 41 110954
16 14 2 4342 5 6 42 107455
16 14 2 4343 5 7 43 128691
16 14 2 4344 5 0 44 100899
16 14 2 4345 5 1 45 101876
16 14 2 4346 5 2 46 106787
16 14 2 4347 5 3 47 109229
16 14 2 4348 5 4 48 105035
16 14 2 4349 5 5 49 108821
16 14 2 4350 5 6 50 108810
16 14 2 4351 5 7 51 116224
16 14 2 4352 5 0 52 101696
16 14 2 4353 5 1 53 103854
16 14 2 4354 5 2 54 102666
16 14 2 4355 5 3 55 109592
16 14 2 4356 5 4 56 113759
16 14 2 4357 5 5 57 115106
16 14 2 4358 5 6 58 120169
16 14 2 4359 5 7 59 114709
16 14 2 4360 5 0 60 101194
16 14 2 4361 5 1 61 102589
16 14 2 4362 5 2 62 105802
16 14 2 4363 5 3 63 109334
16 14 2 4364 5 4 64 114034
16 14 2 4365 5 5 65 104848
16 14 2 4366 5 6 66 103171
16 14 2 4367 5 7 67 114603
16 14 2 4368 5 0 68 102716
16 14 2 4369 5 1 69 104110
16 14 2 4370 5 2 70 101913
16 14 2 4371 5 3 71 108352
16 14 2 4372 5 4 72 99947
16 14 2 4373 5 5 73 121090
16 14 2 4374 5 6 74 113674
16 14 2 4375 5 7 75 105161
16 14 2 4376 5 0 76 102646
16 14 2 4377 5 1 77 104022
16 14 2 4378 5 2 78 101784
16 14 2 4379 5 3 79 109548
16 14 2 4380 5 4 80 103985
16 14 2 4381 5 5 81 117309
16 14 2 4382 5 6 82 99147
16 14 2 4383 5 7 83 98386
16 14 2 4384 5 0 84 101944
16 14 2 4385 5 1 85 101564
16 14 2 4386 5 2 86 105622
16 14 2 4387 5 3 87 97992
16 14 2 4388 5 4 88 111585
16 14 2 4389 5 5 89 121150
16 14 2 4390 5 6 90 114768
16 14 2 4391 5 7 91 106427
16 14 2 4392 5 0 92 102332
16 14 2 4393 5 1 93 104078
16 14 2 4394 5 2 94 106769
16 14 2 4395 5 3 95 102711
16 14 2 4396 5 4 96 109771
16 14 2 4397 5 5 97 108365
16 14 2 4398 5 6 98 119881
16 14 2 4399 5 7 99 107733
16 14 2 4400 5 0 0 101653
16 14 2 4401 5 1 1 103924
16 14 2 4402 5 2 2 104807
16 14 2 4403 5 3 3 109693
16 14 2 4404 5 4 4 91442
16 14 2 4405 5 5 5 104127
16 14 2 4406 5 6 6 97191
16 14 2 4407 5 7 7 101383
16 14 2 4408 5 0 8 102176
16 14 2 4409 5 1 9 100401
16 14 2 4410 5 2 10 95730
16 14 2 4411 5 3 11 102968
16 14 2 4412 5 4 12 113855
16 14 2 4413 5 5 13 120708
16 14 2 4414 5 6 14 115849
16 14 2 4415 5 7 15 116834
16 14 2 4416 5 0 16 102712
16 14 2 4417 5 1 17 100989
16 14 2 4418 5 2 18 101713
16 14 2 4419 5 3 19 100640
16 14 2 4420 5 4 20 102270
16 14 2 4421 5 5 21 99287
16 14 2 4422 5 6 22 123425
16 14 2 4423 5 7 23 103806
16 14 2 4424 5 0 24 99029
16 14 2 4425 5 1 25 102146
16 14 2 4426 5 2 26 106854
16 14 2 4427 5 3 27 102674
16 14 2 4428 5 4 28 113755
16 14 2 4429 5 5 29 112617
16 14 2 4430 5 6 30 117689
16 14 2 4431 5 7 31 106256
16 14 2 4432 5 0 32 99631
16 14 2 4433 5 1 33 101003
16 14 2 4434 5 2 34 105671
16 14 2 4435 5 3 35 100718
16 14 2 4436 5 4 36 109991
16 14 2 4437 5 5 37 121046
16 14 2 4438 5 6 38 117427
16 14 2 4439 5 7 39 109336
16 14 2 4440 5 0 40 100312
16 14 2 4441 5 1 41 102241
16 14 2 4442 5 2 42 99736
16 14 2 4443 5 3 43 109658
16 14 2 4444 5 4 44 109031
16 14 2 4445 5 5 45 106279
16 14 2 4446 5 6 46 111679
16 14 2 4447 5 7 47 113840
16 14 2 4448 5 0 48 101103
16 14 2 4449 5 1 49 103463
16 14 2 4450 5 2 50 104226
16 14 2 4451 5 3 51 107796
16 14 2 4452 5 4 52 109407
16 14 2 4453 5 5 53 118165
16 14 2 4454 5 6 54 113701
16 14 2 4455 5 7 55 125405
16 14 2 4456 5 0 56 102658
16 14 2 4457 5 1 57 103182
16 14 2 4458 5 2 58 106837
16 14 2 4459 5 3 59 109696
16 14 2 4460 5 4 60 105759
16 14 2 4461 5 5 61 108951
16 14 2 4462 5 6 62 117818
16 14 2 4463 5 7 63 115407
16 14 2 4464 5 0 64 102726
16 14 2 4465 5 1 65 101434
16 14 2 4466 5 2 66 101824
16 14 2 4467 5 3 67 109646
16 14 2 4468 5 4 68 112315
16 14 2 4469 5 5 69 119463
16 14 2 4470 5 6 70 104956
16 14 2 4471 5 7 71 117876
16 14 2 4472 5 0 72 100010
16 14 2 4473 5 1 73 104063
16 14 2 4474 5 2 74 100565
16 14 2 4475 5 3 75 97967
16 14 2 4476 5 4 76 111032
16 14 2 4477 5 5 77 120279
16 14 2 4478 5 6 78 113194
16 14 2 4479 5 7 79 115257
16 14 2 4480 5 0 80 100554
16 14 2 4481 5 1 81 102548
16 14 2 4482 5 2 82 100848
16 14 2 4483 5 3 83 96031
16 14 2 4484 5 4 84 109954
16 14 2 4485 5 5 85 105309
16 14 2 4486 5 6 86 116548
16 14 2 4487 5 7 87 103347
16 14 2 4488 5 0 88 101760
16 14 2 4489 5 1 89 104097
16 14 2 4490 5 2 90 104940
16 14 2 4491 5 3 91 96381
16 14 2 4492 5 4 92 112190
16 14 2 4493 5 5 93 121195
16 14 2 4494 5 6 94 115233
16 14 2 4495 5 7 95 111885
16 14 2 4496 5 0 96 102680
16 14 2 4497 5 1 97 101197
16 14 2 4498 5 2 98 106343
16 14 2 4499 5 3 99 101541
16 14 3 4200 5 0 0 100339
16 14 3 4201 5 1 1 104715
16 14 3 4202 5 2 2 104085
16 14 3 4203 5 3 3 114857
16 14 3 4204 5 4 4 97646
16 14 3 4205 5 5 5 102675
16 14 3 4206 5 6 6 108336
16 14 3 4207 5 7 7 107768
16 14 3 4208 5 0 8 102778
16 14 3 4209 5 1 9 102363
16 14 3 4210 5 2 10 97180
16 14 3 4211 5 3 11 107708
16 14 3 4212 5 4 12 121476
16 14 3 4213 5 5 13 129523
16 14 3 4214 5 6 14 128237
16 14 3 4215 5 7 15 126685
16 14 3 4216 5 0 16 103039
16 14 3 4217 5 1 17 102953
16 14 3 4218 5 2 18 101730
16 14 3 4219 5 3 19 97088
16 14 3 4220 5 4 20 102469
16 14 3 4221 5 5 21 103497
16 14 3 4222 5 6 22 128236
16 14 3 4223 5 7 23 108540
16 14 3 4224 5 0 24 100358
16 14 3 4225 5 1 25 100699
16 14 3 4226 5 2 26 108210
16 14 3 4227 5 3 27 102275
16 14 3 4228 5 4 28 121452
16 14 3 4229 5 5 29 118764
16 14 3 4230 5 6 30 130984
16 14 3 4231 5 7 31 116090
16 14 3 4232 5 0 32 100791
16 14 3 4233 5 1 33 103046
16 14 3 4234 5 2 34 109178
16 14 3 4235 5 3 35 102773
16 14 3 4236 5 4 36 117433
16 14 3 4237 5 5 37 133295
16 14 3 4238 5 6 38 116562
16 14 3 4239 5 7 39 123782
16 14 3 4240 5 0 40 101663
16 14 3 4241 5 1 41 104306
16 14 3 4242 5 2 42 98866
16 14 3 4243 5 3 43 105812
16 14 3 4244 5 4 44 116355
16 14 3 4245 5 5 45 107469
16 14 3 4246 5 6 46 108544
16 14 3 4247 5 7 47 129029
16 14 3 4248 5 0 48 101159
16 14 3 4249 5 1 49 105578
16 14 3 4250 5 2 50 107713
16 14 3 4251 5 3 51 112874
16 14 3 4252 5 4 52 114196
16 14 3 4253 5 5 53 130092
16 14 3 4254 5 6 54 117894
16 14 3 4255 5 7 55 125097
16 14 3 4256 5 0 56 102558
16 14 3 4257 5 1 57 104207
16 14 3 4258 5 2 58 110450
16 14 3 4259 5 3 59 111300
16 14 3 4260 5 4 60 112861
16 14 3 4261 5 5 61 119869
16 14 3 4262 5 6 62 123654
16 14 3 4263 5 7 63 129010
16 14 3 4264 5 0 64 104125
16 14 3 4265 5 1 65 100474
16 14 3 4266 5 2 66 101131
16 14 3 4267 5 3 67 114762
16 14 3 4268 5 4 68 117576
16 14 3 4269 5 5 69 128219
16 14 3 4270 5 6 70 106497
16 14 3 4271 5 7 71 124244
16 14 3 4272 5 0 72 101357
16 14 3 4273 5 1 73 106180
16 14 3 4274 5 2 74 103961
16 14 3 4275 5 3 75 102354
16 14 3 4276 5 4 76 105946
16 14 3 4277 5 5 77 132537
16 14 3 4278 5 6 78 126208
16 14 3 4279 5 7 79 119051
16 14 3 4280 5 0 80 101893
16 14 3 4281 5 1 81 104562
16 14 3 4282 5 2 82 103089
16 14 3 4283 5 3 83 100525
16 14 3 4284 5 4 84 117274
16 14 3 4285 5 5 85 111333
16 14 3 4286 5 6 86 112250
16 14 3 4287 5 7 87 108073
16 14 3 4288 5 0 88 101343
16 14 3 4289 5 1 89 106035
16 14 3 4290 5 2 90 108443
16 14 3 4291 5 3 91 99759
16 14 3 4292 5 4 92 112861
16 14 3 4293 5 5 93 119031
16 14 3 4294 5 6 94 118361
16 14 3 4295 5 7 95 118631
16 14 3 4296 5 0 96 103996
16 14 3 4297 5 1 97 103229
16 14 3 4298 5 2 98 109874
16 14 3 4299 5 3 99 106319
16 14 3 4300 5 4 0 106537
16 14 3 4301 5 5 1 122193
16 14 3 4302 5 6 2 122742
16 14 3 4303 5 7 3 140609
16 14 3 4304 5 0 4 99516
16 14 3 4305 5 1 5 99099
16 14 3 4306 5 2 6 105508
16 14 3 4307 5 3 7 105899
16 14 3 4308 5 4 8 114910
16 14 3 4309 5 5 9 114769
16 14 3 4310 5 6 10 107268
16 14 3 4311 5 7 11 122127
16 14 3 4312 5 0 12 104045
16 14 3 4313 5 1 13 106138
16 14 3 4314 5 2 14 107000
16 14 3 4315 5 3 15 103942
16 14 3 4316 5 4 16 114162
16 14 3 4317 5 5 17 115619
16 14 3 4318 5 6 18 113102
16 14 3 4319 5 7 19 104072
16 14 3 4320 5 0 20 101052
16 14 3 4321 5 1 21 99126
16 14 3 4322 5 2 22 106882
16 14 3 4323 5 3 23 107065
16 14 3 4324 5 4 24 101635
16 14 3 4325 5 5 25 115573
16 14 3 4326 5 6 26 135151
16 14 3 4327 5 7 27 96552
16 14 3 4328 5 0 28 103981
16 14 3 4329 5 1 29 103924
16 14 3 4330 5 2 30 110350
16 14 3 4331 5 3 31 103580
16 14 3 4332 5 4 32 108841
16 14 3 4333 5 5 33 114459
16 14 3 4334 5 6 34 135660
16 14 3 4335 5 7 35 120349
16 14 3 4336 5 0 36 103271
16 14 3 4337 5 1 37 106159
16 14 3 4338 5 2 38 100086
16 14 3 4339 5 3 39 107517
16 14 3 4340 5 4 40 108610
16 14 3 4341 5 5 41 122127
16 14 3 4342 5 6 42 110982
16 14 3 4343 5 7 43 134346
16 14 3 4344 5 0 44 102260
16 14 3 4345 5 1 45 101910
16 14 3 4346 5 2 46 103483
16 14 3 4347 5 3 47 114383
16 14 3 4348 5 4 48 106689
16 14 3 4349 5 5 49 119897
16 14 3 4350 5 6 50 116625
16 14 3 4351 5 7 51 131781
16 14 3 4352 5 0 52 102903
16 14 3 4353 5 1 53 105955
16 14 3 4354 5 2 54 105958
16 14 3 4355 5 3 55 104310
16 14 3 4356 5 4 56 113005
16 14 3 4357 5 5 57 122907
16 14 3 4358 5 6 58 131086
16 14 3 4359 5 7 59 125032
16 14 3 4360 5 0 60 102501
16 14 3 4361 5 1 61 104661
16 14 3 4362 5 2 62 103198
16 14 3 4363 5 3 63 114388
16 14 3 4364 5 4 64 121789
16 14 3 4365 5 5 65 102070
16 14 3 4366 5 6 66 110602
16 14 3 4367 5 7 67 129867
16 14 3 4368 5 0 68 103956
16 14 3 4369 5 1 69 105300
16 14 3 4370 5 2 70 99130
16 14 3 4371 5 3 71 113453
16 14 3 4372 5 4 72 106707
16 14 3 4373 5 5 73 133366
16 14 3 4374 5 6 74 126660
16 14 3 4375 5 7 75 104675
16 14 3 4376 5 0 76 101944
16 14 3 4377 5 1 77 106102
16 14 3 4378 5 2 78 105236
16 14 3 4379 5 3 79 105349
16 14 3 4380 5 4 80 110959
16 14 3 4381 5 5 81 120878
16 14 3 4382 5 6 82 108915
16 14 3 4383 5 7 83 108424
16 14 3 4384 5 0 84 103323
16 14 3 4385 5 1 85 101172
16 14 3 4386 5 2 86 103023
16 14 3 4387 5 3 87 97566
16 14 3 4388 5 4 88 106556
16 14 3 4389 5 5 89 127657
16 14 3 4390 5 6 90 116809
16 14 3 4391 5 7 91 102094
16 14 3 4392 5 0 92 101344
16 14 3 4393 5 1 93 103629
16 14 3 4394 5 2 94 110381
16 14 3 4395 5 3 95 102482
16 14 3 4396 5 4 96 117068
16 14 3 4397 5 5 97 114446
16 14 3 4398 5 6 98 132384
16 14 3 4399 5 7 99 116217
16 14 3 4400 5 0 0 100339
16 14 3 4401 5 1 1 104715
16 14 3 4402 5 2 2 104085
16 14 3 4403 5 3 3 114857
16 14 3 4404 5 4 4 97646
16 14 3 4405 5 5 5 102675
16 14 3 4406 5 6 6 108336
16 14 3 4407 5 7 7 107768
16 14 3 4408 5 0 8 102778
16 14 3 4409 5 1 9 102363
16 14 3 4410 5 2 10 97180
16 14 3 4411 5 3 11 107708
16 14 3 4412 5 4 12 121476
16 14 3 4413 5 5 13 129523
16 14 3 4414 5 6 14 128237
16 14 3 4415 5 7 15 126685
16 14 3 4416 5 0 16 103039
16 14 3 4417 5 1 17 102953
16 14 3 4418 5 2 18 101730
16 14 3 4419 5 3 19 97088
16 14 3 4420 5 4 20 102469
16 14 3 4421 5 5 21 103497
16 14 3 4422 5 6 22 128236
16 14 3 4423 5 7 23 108540
16 14 3 4424 5 0 24 100358
16 14 3 4425 5 1 25 100699
16 14 3 4426 5 2 26 108210
16 14 3 4427 5 3 27 102275
16 14 3 4428 5 4 28 121452
16 14 3 4429 5 5 29 118764
16 14 3 4430 5 6 30 130984
16 14 3 4431 5 7 31 116090
16 14 3 4432 5 0 32 100791
16 14 3 4433 5 1 33 103046
16 14 3 4434 5 2 34 109178
16 14 3 4435 5 3 35 102773
16 14 3 4436 5 4 36 117433
16 14 3 4437 5 5 37 133295
16 14 3 4438 5 6 38 116562
16 14 3 4439 5 7 39 123782
16 14 3 4440 5 0 40 101663
16 14 3 4441 5 1 41 104306
16 14 3 4442 5 2 42 98866
16 14 3 4443 5 3 43 105812
16 14 3 4444 5 4 44 116355
16 14 3 4445 5 5 45 107469
16 14 3 4446 5 6 46 108544
16 14 3 4447 5 7 47 129029
16 14 3 4448 5 0 48 101159
16 14 3 4449 5 1 49 105578
16 14 3 4450 5 2 50 107713
16 14 3 4451 5 3 51 112874
16 14 3 4452 5 4 52 114196
16 14 3 4453 5 5 53 130092
16 14 3 4454 5 6 54 117894
16 14 3 4455 5 7 55 125097
16 14 3 4456 5 0 56 102558
16 14 3 4457 5 1 57 104207
16 14 3 4458 5 2 58 110450
16 14 3 4459 5 3 59 111300
16 14 3 4460 5 4 60 112861
16 14 3 4461 5 5 61 119869
16 14 3 4462 5 6 62 123654
16 14 3 4463 5 7 63 129010
16 14 3 4464 5 0 64 104125
16 14 3 4465 5 1 65 100474
16 14 3 4466 5 2 66 101131
16 14 3 4467 5 3 67 114762
16 14 3 4468 5 4 68 117576
16 14 3 4469 5 5 69 128219
16 14 3 4470 5 6 70 106497
16 14 3 4471 5 7 71 124244
16 14 3 4472 5 0 72 101357
16 14 3 4473 5 1 73 106180
16 14 3 4474 5 2 74 103961
16 14 3 4475 5 3 75 102354
16 14 3 4476 5 4 76 105946
16 14 3 4477 5 5 77 132537
16 14 3 4478 5 6 78 126208
16 14 3 4479 5 7 79 119051
16 14 3 4480 5 0 80 101893
16 14 3 4481 5 1 81 104562
16 14 3 4482 5 2 82 103089
16 14 3 4483 5 3 83 100525
16 14 3 4484 5 4 84 117274
16 14 3 4485 5 5 85 111333
16 14 3 4486 5 6 86 112250
16 14 3 4487 5 7 87 108073
16 14 3 4488 5 0 88 101343
16 14 3 4489 5 1 89 106035
16 14 3 4490 5 2 90 108443
16 14 3 4491 5 3 91 99759
16 14 3 4492 5 4 92 112861
16 14 3 4493 5 5 93 119031
16 14 3 4494 5 6 94 118361
16 14 3 4495 5 7 95 118631
16 14 3 4496 5 0 96 103996
16 14 3 4497 5 1 97 103229
16 14 3 4498 5 2 98 109874
16 14 3 4499 5 3 99 106319
16 14 4 4200 5 0 0 100162
16 14 4 4201 5 1 1 102994
16 14 4 4202 5 2 2 107548
16 14 4 4203 5 3 3 110278
16 14 4 4204 5 4 4 103180
16 14 4 4205 5 5 5 100211
16 14 4 4206 5 6 6 112489
16 14 4 4207 5 7 7 117069
16 14 4 4208 5 0 8 104151
16 14 4 4209 5 1 9 101338
16 14 4 4210 5 2 10 97092
16 14 4 4211 5 3 11 112751
16 14 4 4212 5 4 12 128491
16 14 4 4213 5 5 13 132565
16 14 4 4214 5 6 14 135142
16 14 4 4215 5 7 15 126893
16 14 4 4216 5 0 16 103676
16 14 4 4217 5 1 17 105049
16 14 4 4218 5 2 18 98097
16 14 4 4219 5 3 19 93280
16 14 4 4220 5 4 20 109381
16 14 4 4221 5 5 21 113886
16 14 4 4222 5 6 22 142853
16 14 4 4223 5 7 23 122972
16 14 4 4224 5 0 24 101008
16 14 4 4225 5 1 25 99945
16 14 4 4226 5 2 26 105564
16 14 4 4227 5 3 27 101355
16 14 4 4228 5 4 28 122172
16 14 4 4229 5 5 29 130824
16 14 4 4230 5 6 30 138012
16 14 4 4231 5 7 31 121104
16 14 4 4232 5 0 32 102130
16 14 4 4233 5 1 33 104956
16 14 4 4234 5 2 34 107929
16 14 4 4235 5 3 35 107591
16 14 4 4236 5 4 36 124900
16 14 4 4237 5 5 37 143604
16 14 4 4238 5 6 38 125921
16 14 4 4239 5 7 39 129156
16 14 4 4240 5 0 40 103031
16 14 4 4241 5 1 41 106250
16 14 4 4242 5 2 42 102096
16 14 4 4243 5 3 43 108304
16 14 4 4244 5 4 44 122243
16 14 4 4245 5 5 45 112474
16 14 4 4246 5 6 46 97650
16 14 4 4247 5 7 47 131237
16 14 4 4248 5 0 48 102519
16 14 4 4249 5 1 49 103980
16 14 4 4250 5 2 50 111257
16 14 4 4251 5 3 51 115497
16 14 4 4252 5 4 52 120872
16 14 4 4253 5 5 53 137170
16 14 4 4254 5 6 54 126077
16 14 4 4255 5 7 55 141914
16 14 4 4256 5 0 56 103231
16 14 4 4257 5 1 57 105341
16 14 4 4258 5 2 58 113466
16 14 4 4259 5 3 59 116512
16 14 4 4260 5 4 60 116759
16 14 4 4261 5 5 61 126547
16 14 4 4262 5 6 62 136449
16 14 4 4263 5 7 63 146084
16 14 4 4264 5 0 64 104578
16 14 4 4265 5 1 65 99653
16 14 4 4266 5 2 66 100983
16 14 4 4267 5 3 67 119849
16 14 4 4268 5 4 68 123209
16 14 4 4269 5 5 69 134412
16 14 4 4270 5 6 70 113242
16 14 4 4271 5 7 71 129496
16 14 4 4272 5 0 72 101977
16 14 4 4273 5 1 73 108303
16 14 4 4274 5 2 74 102677
16 14 4 4275 5 3 75 107066
16 14 4 4276 5 4 76 106051
16 14 4 4277 5 5 77 140212
16 14 4 4278 5 6 78 127698
16 14 4 4279 5 7 79 121402
16 14 4 4280 5 0 80 101667
16 14 4 4281 5 1 81 104701
16 14 4 4282 5 2 82 104796
16 14 4 4283 5 3 83 104909
16 14 4 4284 5 4 84 114434
16 14 4 4285 5 5 85 102448
16 14 4 4286 5 6 86 112815
16 14 4 4287 5 7 87 108725
16 14 4 4288 5 0 88 102709
16 14 4 4289 5 1 89 108138
16 14 4 4290 5 2 90 110263
16 14 4 4291 5 3 91 104519
16 14 4 4292 5 4 92 115846
16 14 4 4293 5 5 93 127255
16 14 4 4294 5 6 94 117395
16 14 4 4295 5 7 95 134531
16 14 4 4296 5 0 96 105311
16 14 4 4297 5 1 97 105293
16 14 4 4298 5 2 98 110749
16 14 4 4299 5 3 99 110045
16 14 4 4300 5 4 0 105547
16 14 4 4301 5 5 1 112973
16 14 4 4302 5 6 2 132012
16 14 4 4303 5 7 3 132570
16 14 4 4304 5 0 4 100579
16 14 4 4305 5 1 5 98628
16 14 4 4306 5 2 6 108810
16 14 4 4307 5 3 7 110799
16 14 4 4308 5 4 8 121573
16 14 4 4309 5 5 9 111072
16 14 4 4310 5 6 10 112137
16 14 4 4311 5 7 11 134334
16 14 4 4312 5 0 12 105367
16 14 4 4313 5 1 13 107197
16 14 4 4314 5 2 14 106827
16 14 4 4315 5 3 15 108930
16 14 4 4316 5 4 16 117625
16 14 4 4317 5 5 17 127265
16 14 4 4318 5 6 18 104531
16 14 4 4319 5 7 19 98884
16 14 4 4320 5 0 20 102414
16 14 4 4321 5 1 21 101132
16 14 4 4322 5 2 22 110481
16 14 4 4323 5 3 23 112061
16 14 4 4324 5 4 24 105065
16 14 4 4325 5 5 25 117190
16 14 4 4326 5 6 26 131891
16 14 4 4327 5 7 27 99640
16 14 4 4328 5 0 28 103426
16 14 4 4329 5 1 29 106034
16 14 4 4330 5 2 30 110744
16 14 4 4331 5 3 31 108405
16 14 4 4332 5 4 32 116072
16 14 4 4333 5 5 33 117675
16 14 4 4334 5 6 34 142685
16 14 4 4335 5 7 35 132403
16 14 4 4336 5 0 36 104636
16 14 4 4337 5 1 37 107231
16 14 4 4338 5 2 38 103401
16 14 4 4339 5 3 39 112476
16 14 4 4340 5 4 40 114561
16 14 4 4341 5 5 41 125978
16 14 4 4342 5 6 42 123364
16 14 4 4343 5 7 43 140315
16 14 4 4344 5 0 44 103596
16 14 4 4345 5 1 45 103566
16 14 4 4346 5 2 46 100599
16 14 4 4347 5 3 47 114139
16 14 4 4348 5 4 48 113845
16 14 4 4349 5 5 49 111983
16 14 4 4350 5 6 50 129636
16 14 4 4351 5 7 51 133663
16 14 4 4352 5 0 52 104267
16 14 4 4353 5 1 53 108044
16 14 4 4354 5 2 54 108298
16 14 4 4355 5 3 55 109255
16 14 4 4356 5 4 56 114212
16 14 4 4357 5 5 57 132356
16 14 4 4358 5 6 58 143282
16 14 4 4359 5 7 59 131522
16 14 4 4360 5 0 60 103865
16 14 4 4361 5 1 61 106746
16 14 4 4362 5 2 62 106666
16 14 4 4363 5 3 63 119790
16 14 4 4364 5 4 64 124369
16 14 4 4365 5 5 65 97558
16 14 4 4366 5 6 66 107733
16 14 4 4367 5 7 67 139605
16 14 4 4368 5 0 68 105297
16 14 4 4369 5 1 69 107406
16 14 4 4370 5 2 70 102448
16 14 4 4371 5 3 71 118721
16 14 4 4372 5 4 72 109769
16 14 4 4373 5 5 73 146702
16 14 4 4374 5 6 74 126316
16 14 4 4375 5 7 75 116588
16 14 4 4376 5 0 76 101896
16 14 4 4377 5 1 77 105249
16 14 4 4378 5 2 78 105121
16 14 4 4379 5 3 79 101637
16 14 4 4380 5 4 80 109529
16 14 4 4381 5 5 81 124226
16 14 4 4382 5 6 82 117024
16 14 4 4383 5 7 83 109457
16 14 4 4384 5 0 84 102264
16 14 4 4385 5 1 85 99526
16 14 4 4386 5 2 86 100270
16 14 4 4387 5 3 87 99650
16 14 4 4388 5 4 88 113699
16 14 4 4389 5 5 89 140304
16 14 4 4390 5 6 90 122896
16 14 4 4391 5 7 91 108835
16 14 4 4392 5 0 92 101938
16 14 4 4393 5 1 93 103851
16 14 4 4394 5 2 94 108106
16 14 4 4395 5 3 95 107292
16 14 4 4396 5 4 96 124511
16 14 4 4397 5 5 97 125482
16 14 4 4398 5 6 98 135043
16 14 4 4399 5 7 99 129778
16 14 4 4400 5 0 0 100162
16 14 4 4401 5 1 1 102994
16 14 4 4402 5 2 2 107548
16 14 4 4403 5 3 3 110278
16 14 4 4404 5 4 4 103180
16 14 4 4405 5 5 5 100211
16 14 4 4406 5 6 6 112489
16 14 4 4407 5 7 7 117069
16 14 4 4408 5 0 8 104151
16 14 4 4409 5 1 9 101338
16 14 4 4410 5 2 10 97092
16 14 4 4411 5 3 11 112751
16 14 4 4412 5 4 12 128491
16 14 4 4413 5 5 13 132565
16 14 4 4414 5 6 14 135142
16 14 4 4415 5 7 15 126893
16 14 4 4416 5 0 16 103676
16 14 4 4417 5 1 17 105049
16 14 4 4418 5 2 18 98097
16 14 4 4419 5 3 19 93280
16 14 4 4420 5 4 20 109381
16 14 4 4421 5 5 21 113886
16 14 4 4422 5 6 22 142853
16 14 4 4423 5 7 23 122972
16 14 4 4424 5 0 24 101008
16 14 4 4425 5 1 25 99945
16 14 4 4426 5 2 26 105564
16 14 4 4427 5 3 27 101355
16 14 4 4428 5 4 28 122172
16 14 4 4429 5 5 29 130824
16 14 4 4430 5 6 30 138012
16 14 4 4431 5 7 31 121104
16 14 4 4432 5 0 32 102130
16 14 4 4433 5 1 33 104956
16 14 4 4434 5 2 34 107929
16 14 4 4435 5 3 35 107591
16 14 4 4436 5 4 36 124900
16 14 4 4437 5 5 37 143604
16 14 4 4438 5 6 38 125921
16 14 4 4439 5 7 39 129156
16 14 4 4440 5 0 40 103031
16 14 4 4441 5 1 41 106250
16 14 4 4442 5 2 42 102096
16 14 4 4443 5 3 43 108304
16 14 4 4444 5 4 44 122243
16 14 4 4445 5 5 45 112474
16 14 4 4446 5 6 46 97650
16 14 4 4447 5 7 47 131237
16 14 4 4448 5 0 48 102519
16 14 4 4449 5 1 49 103980
16 14 4 4450 5 2 50 111257
16 14 4 4451 5 3 51 115497
16 14 4 4452 5 4 52 120872
16 14 4 4453 5 5 53 137170
16 14 4 4454 5 6 54 126077
16 14 4 4455 5 7 55 141914
16 14 4 4456 5 0 56 103231
16 14 4 4457 5 1 57 105341
16 14 4 4458 5 2 58 113466
16 14 4 4459 5 3 59 116512
16 14 4 4460 5 4 60 116759
16 14 4 4461 5 5 61 126547
16 14 4 4462 5 6 62 136449
16 14 4 4463 5 7 63 146084
16 14 4 4464 5 0 64 104578
16 14 4 4465 5 1 65 99653
16 14 4 4466 5 2 66 100983
16 14 4 4467 5 3 67 119849
16 14 4 4468 5 4 68 123209
16 14 4 4469 5 5 69 134412
16 14 4 4470 5 6 70 113242
16 14 4 4471 5 7 71 129496
16 14 4 4472 5 0 72 101977
16 14 4 4473 5 1 73 108303
16 14 4 4474 5 2 74 102677
16 14 4 4475 5 3 75 107066
16 14 4 4476 5 4 76 106051
16 14 4 4477 5 5 77 140212
16 14 4 4478 5 6 78 127698
16 14 4 4479 5 7 79 121402
16 14 4 4480 5 0 80 101667
16 14 4 4481 5 1 81 104701
16 14 4 4482 5 2 82 104796
16 14 4 4483 5 3 83 104909
16 14 4 4484 5 4 84 114434
16 14 4 4485 5 5 85 102448
16 14 4 4486 5 6 86 112815
16 14 4 4487 5 7 87 108725
16 14 4 4488 5 0 88 102709
16 14 4 4489 5 1 89 108138
16 14 4 4490 5 2 90 110263
16 14 4 4491 5 3 91 104519
16 14 4 4492 5 4 92 115846
16 14 4 4493 5 5 93 127255
16 14 4 4494 5 6 94 117395
16 14 4 4495 5 7 95 134531
16 14 4 4496 5 0 96 105311
16 14 4 4497 5 1 97 105293
16 14 4 4498 5 2 98 110749
16 14 4 4499 5 3 99 110045
16 14 5 4200 5 0 0 99252
16 14 5 4201 5 1 1 105092
16 14 5 4202 5 2 2 109372
16 14 5 4203 5 3 3 112223
16 14 5 4204 5 4 4 104881
16 14 5 4205 5 5 5 110101
16 14 5 4206 5 6 6 116973
16 14 5 4207 5 7 7 128613
16 14 5 4208 5 0 8 103235
16 14 5 4209 5 1 9 100833
16 14 5 4210 5 2 10 94927
16 14 5 4211 5 3 11 118162
16 14 5 4212 5 4 12 137230
16 14 5 4213 5 5 13 125733
16 14 5 4214 5 6 14 139108
16 14 5 4215 5 7 15 141942
16 14 5 4216 5 0 16 102196
16 14 5 4217 5 1 17 102819
16 14 5 4218 5 2 18 101457
16 14 5 4219 5 3 19 97628
16 14 5 4220 5 4 20 115271
16 14 5 4221 5 5 21 123810
16 14 5 4222 5 6 22 148889
16 14 5 4223 5 7 23 137707
16 14 5 4224 5 0 24 102328
16 14 5 4225 5 1 25 101983
16 14 5 4226 5 2 26 108078
16 14 5 4227 5 3 27 101515
16 14 5 4228 5 4 28 130328
16 14 5 4229 5 5 29 127648
16 14 5 4230 5 6 30 153365
16 14 5 4231 5 7 31 123581
16 14 5 4232 5 0 32 103510
16 14 5 4233 5 1 33 105327
16 14 5 4234 5 2 34 105513
16 14 5 4235 5 3 35 112659
16 14 5 4236 5 4 36 119068
16 14 5 4237 5 5 37 151954
16 14 5 4238 5 6 38 139650
16 14 5 4239 5 7 39 138753
16 14 5 4240 5 0 40 101976
16 14 5 4241 5 1 41 104028
16 14 5 4242 5 2 42 105505
16 14 5 4243 5 3 43 113490
16 14 5 4244 5 4 44 128064
16 14 5 4245 5 5 45 123531
16 14 5 4246 5 6 46 108728
16 14 5 4247 5 7 47 122565
16 14 5 4248 5 0 48 103778
16 14 5 4249 5 1 49 106096
16 14 5 4250 5 2 50 107792
16 14 5 4251 5 3 51 120937
16 14 5 4252 5 4 52 127885
16 14 5 4253 5 5 53 151186
16 14 5 4254 5 6 54 138987
16 14 5 4255 5 7 55 157503
16 14 5 4256 5 0 56 104599
16 14 5 4257 5 1 57 107400
16 14 5 4258 5 2 58 113957
16 14 5 4259 5 3 59 121367
16 14 5 4260 5 4 60 114164
16 14 5 4261 5 5 61 139348
16 14 5 4262 5 6 62 139564
16 14 5 4263 5 7 63 146136
16 14 5 4264 5 0 64 105986
16 14 5 4265 5 1 65 98060
16 14 5 4266 5 2 66 104432
16 14 5 4267 5 3 67 125205
16 14 5 4268 5 4 68 131642
16 14 5 4269 5 5 69 147872
16 14 5 4270 5 6 70 126383
16 14 5 4271 5 7 71 134764
16 14 5 4272 5 0 72 102966
16 14 5 4273 5 1 73 108919
16 14 5 4274 5 2 74 104999
16 14 5 4275 5 3 75 112133
16 14 5 4276 5 4 76 109518
16 14 5 4277 5 5 77 148706
16 14 5 4278 5 6 78 117047
16 14 5 4279 5 7 79 133974
16 14 5 4280 5 0 80 103022
16 14 5 4281 5 1 81 106793
16 14 5 4282 5 2 82 105994
16 14 5 4283 5 3 83 109856
16 14 5 4284 5 4 84 122044
16 14 5 4285 5 5 85 112901
16 14 5 4286 5 6 86 117058
16 14 5 4287 5 7 87 116349
16 14 5 4288 5 0 88 103779
16 14 5 4289 5 1 89 108776
16 14 5 4290 5 2 90 111062
16 14 5 4291 5 3 91 109380
16 14 5 4292 5 4 92 123615
16 14 5 4293 5 5 93 136340
16 14 5 4294 5 6 94 124282
16 14 5 4295 5 7 95 139601
16 14 5 4296 5 0 96 106711
16 14 5 4297 5 1 97 107446
16 14 5 4298 5 2 98 113464
16 14 5 4299 5 3 99 108037
16 14 5 4300 5 4 0 100773
16 14 5 4301 5 5 1 120421
16 14 5 4302 5 6 2 142016
16 14 5 4303 5 7 3 141774
16 14 5 4304 5 0 4 101856
16 14 5 4305 5 1 5 100631
16 14 5 4306 5 2 6 112477
16 14 5 4307 5 3 7 116091
16 14 5 4308 5 4 8 119831
16 14 5 4309 5 5 9 116660
16 14 5 4310 5 6 10 113659
16 14 5 4311 5 7 11 152587
16 14 5 4312 5 0 12 106784
16 14 5 4313 5 1 13 104954
16 14 5 4314 5 2 14 110423
16 14 5 4315 5 3 15 114128
16 14 5 4316 5 4 16 110167
16 14 5 4317 5 5 17 126570
16 14 5 4318 5 6 18 116671
16 14 5 4319 5 7 19 106981
16 14 5 4320 5 0 20 103400
16 14 5 4321 5 1 21 103176
16 14 5 4322 5 2 22 108746
16 14 5 4323 5 3 23 116160
16 14 5 4324 5 4 24 112119
16 14 5 4325 5 5 25 129292
16 14 5 4326 5 6 26 142797
16 14 5 4327 5 7 27 95660
16 14 5 4328 5 0 28 104755
16 14 5 4329 5 1 29 104034
16 14 5 4330 5 2 30 114451
16 14 5 4331 5 3 31 109169
16 14 5 4332 5 4 32 123881
16 14 5 4333 5 5 33 122292
16 14 5 4334 5 6 34 129212
16 14 5 4335 5 7 35 137656
16 14 5 4336 5 0 36 103763
16 14 5 4337 5 1 37 107860
16 14 5 4338 5 2 38 106847
16 14 5 4339 5 3 39 115047
16 14 5 4340 5 4 40 108373
16 14 5 4341 5 5 41 130174
16 14 5 4342 5 6 42 127560
16 14 5 4343 5 7 43 158247
16 14 5 4344 5 0 44 104594
16 14 5 4345 5 1 45 105646
16 14 5 4346 5 2 46 103799
16 14 5 4347 5 3 47 109033
16 14 5 4348 5 4 48 121384
16 14 5 4349 5 5 49 123456
16 14 5 4350 5 6 50 127675
16 14 5 4351 5 7 51 144032
16 14 5 4352 5 0 52 105656
16 14 5 4353 5 1 53 110258
16 14 5 4354 5 2 54 112021
16 14 5 4355 5 3 55 112888
16 14 5 4356 5 4 56 121902
16 14 5 4357 5 5 57 139585
16 14 5 4358 5 6 58 145729
16 14 5 4359 5 7 59 146048
16 14 5 4360 5 0 60 103406
16 14 5 4361 5 1 61 108906
16 14 5 4362 5 2 62 105490
16 14 5 4363 5 3 63 123732
16 14 5 4364 5 4 64 132695
16 14 5 4365 5 5 65 91152
16 14 5 4366 5 6 66 119047
16 14 5 4367 5 7 67 151737
16 14 5 4368 5 0 68 106738
16 14 5 4369 5 1 69 109563
16 14 5 4370 5 2 70 105942
16 14 5 4371 5 3 71 122173
16 14 5 4372 5 4 72 114083
16 14 5 4373 5 5 73 155397
16 14 5 4374 5 6 74 122593
16 14 5 4375 5 7 75 122337
16 14 5 4376 5 0 76 103270
16 14 5 4377 5 1 77 107358
16 14 5 4378 5 2 78 101389
16 14 5 4379 5 3 79 106460
16 14 5 4380 5 4 80 116865
16 14 5 4381 5 5 81 136350
16 14 5 4382 5 6 82 115487
16 14 5 4383 5 7 83 121768
16 14 5 4384 5 0 84 103474
16 14 5 4385 5 1 85 101556
16 14 5 4386 5 2 86 103627
16 14 5 4387 5 3 87 103242
16 14 5 4388 5 4 88 114225
16 14 5 4389 5 5 89 149629
16 14 5 4390 5 6 90 129227
16 14 5 4391 5 7 91 123320
16 14 5 4392 5 0 92 103306
16 14 5 4393 5 1 93 105960
16 14 5 4394 5 2 94 109912
16 14 5 4395 5 3 95 107871
16 14 5 4396 5 4 96 132861
16 14 5 4397 5 5 97 137923
16 14 5 4398 5 6 98 144819
16 14 5 4399 5 7 99 135904
16 14 5 4400 5 0 0 99252
16 14 5 4401 5 1 1 105092
16 14 5 4402 5 2 2 109372
16 14 5 4403 5 3 3 112223
16 14 5 4404 5 4 4 104881
16 14 5 4405 5 5 5 110101
16 14 5 4406 5 6 6 116973
16 14 5 4407 5 7 7 128613
16 14 5 4408 5 0 8 103235
16 14 5 4409 5 1 9 100833
16 14 5 4410 5 2 10 94927
16 14 5 4411 5 3 11 118162
16 14 5 4412 5 4 12 137230
16 14 5 4413 5 5 13 125733
16 14 5 4414 5 6 14 139108
16 14 5 4415 5 7 15 141942
16 14 5 4416 5 0 16 102196
16 14 5 4417 5 1 17 102819
16 14 5 4418 5 2 18 101457
16 14 5 4419 5 3 19 97628
16 14 5 4420 5 4 20 115271
16 14 5 4421 5 5 21 123810
16 14 5 4422 5 6 22 148889
16 14 5 4423 5 7 23 137707
16 14 5 4424 5 0 24 102328
16 14 5 4425 5 1 25 101983
16 14 5 4426 5 2 26 108078
16 14 5 4427 5 3 27 101515
16 14 5 4428 5 4 28 130328
16 14 5 4429 5 5 29 127648
16 14 5 4430 5 6 30 153365
16 14 5 4431 5 7 31 123581
16 14 5 4432 5 0 32 103510
16 14 5 4433 5 1 33 105327
16 14 5 4434 5 2 34 105513
16 14 5 4435 5 3 35 112659
16 14 5 4436 5 4 36 119068
16 14 5 4437 5 5 37 151954
16 14 5 4438 5 6 38 139650
16 14 5 4439 5 7 39 138753
16 14 5 4440 5 0 40 101976
16 14 5 4441 5 1 41 104028
16 14 5 4442 5 2 42 105505
16 14 5 4443 5 3 43 113490
16 14 5 4444 5 4 44 128064
16 14 5 4445 5 5 45 123531
16 14 5 4446 5 6 46 108728
16 14 5 4447 5 7 47 122565
16 14 5 4448 5 0 48 103778
16 14 5 4449 5 1 49 106096
16 14 5 4450 5 2 50 107792
16 14 5 4451 5 3 51 120937
16 14 5 4452 5 4 52 127885
16 14 5 4453 5 5 53 151186
16 14 5 4454 5 6 54 138987
16 14 5 4455 5 7 55 157503
16 14 5 4456 5 0 56 104599
16 14 5 4457 5 1 57 107400
16 14 5 4458 5 2 58 113957
16 14 5 4459 5 3 59 121367
16 14 5 4460 5 4 60 114164
16 14 5 4461 5 5 61 139348
16 14 5 4462 5 6 62 139564
16 14 5 4463 5 7 63 146136
16 14 5 4464 5 0 64 105986
16 14 5 4465 5 1 65 98060
16 14 5 4466 5 2 66 104432
16 14 5 4467 5 3 67 125205
16 14 5 4468 5 4 68 131642
16 14 5 4469 5 5 69 147872
16 14 5 4470 5 6 70 126383
16 14 5 4471 5 7 71 134764
16 14 5 4472 5 0 72 102966
16 14 5 4473 5 1 73 108919
16 14 5 4474 5 2 74 104999
16 14 5 4475 5 3 75 112133
16 14 5 4476 5 4 76 109518
16 14 5 4477 5 5 77 148706
16 14 5 4478 5 6 78 117047
16 14 5 4479 5 7 79 133974
16 14 5 4480 5 0 80 103022
16 14 5 4481 5 1 81 106793
16 14 5 4482 5 2 82 105994
16 14 5 4483 5 3 83 109856
16 14 5 4484 5 4 84 122044
16 14 5 4485 5 5 85 112901
16 14 5 4486 5 6 86 117058
16 14 5 4487 5 7 87 116349
16 14 5 4488 5 0 88 103779
16 14 5 4489 5 1 89 108776
16 14 5 4490 5 2 90 111062
16 14 5 4491 5 3 91 109380
16 14 5 4492 5 4 92 123615
16 14 5 4493 5 5 93 136340
16 14 5 4494 5 6 94 124282
16 14 5 4495 5 7 95 139601
16 14 5 4496 5 0 96 106711
16 14 5 4497 5 1 97 107446
16 14 5 4498 5 2 98 113464
16 14 5 4499 5 3 99 108037
