16 4 1 1200 1 0 0 100163
16 4 1 1201 1 1 1 98182
16 4 1 1202 1 2 2 101826
16 4 1 1203 1 3 3 104750
16 4 1 1204 1 4 4 106748
16 4 1 1205 1 5 5 108538
16 4 1 1206 1 6 6 102652
16 4 1 1207 1 7 7 99191
16 4 1 1208 1 0 8 100858
16 4 1 1209 1 1 9 98611
16 4 1 1210 1 2 10 103268
16 4 1 1211 1 3 11 104713
16 4 1 1212 1 4 12 99583
16 4 1 1213 1 5 13 101246
16 4 1 1214 1 6 14 110768
16 4 1 1215 1 7 15 97701
16 4 1 1216 1 0 16 101316
16 4 1 1217 1 1 17 101233
16 4 1 1218 1 2 18 96478
16 4 1 1219 1 3 19 96250
16 4 1 1220 1 4 20 105814
16 4 1 1221 1 5 21 98782
16 4 1 1222 1 6 22 106302
16 4 1 1223 1 7 23 103939
16 4 1 1224 1 0 24 100712
16 4 1 1225 1 1 25 100193
16 4 1 1226 1 2 26 98670
16 4 1 1227 1 3 27 99500
16 4 1 1228 1 4 28 104518
16 4 1 1229 1 5 29 103745
16 4 1 1230 1 6 30 101786
16 4 1 1231 1 7 31 93541
16 4 1 1232 1 0 32 100928
16 4 1 1233 1 1 33 101809
16 4 1 1234 1 2 34 96626
16 4 1 1235 1 3 35 103528
16 4 1 1236 1 4 36 95917
16 4 1 1237 1 5 37 106285
16 4 1 1238 1 6 38 101981
16 4 1 1239 1 7 39 97376
16 4 1 1240 1 0 40 99940
16 4 1 1241 1 1 41 102005
16 4 1 1242 1 2 42 96434
16 4 1 1243 1 3 43 104750
16 4 1 1244 1 4 44 97136
16 4 1 1245 1 5 45 107753
16 4 1 1246 1 6 46 109046
16 4 1 1247 1 7 47 103021
16 4 1 1248 1 0 48 101220
16 4 1 1249 1 1 49 99856
16 4 1 1250 1 2 50 98054
16 4 1 1251 1 3 51 101088
16 4 1 1252 1 4 52 106766
16 4 1 1253 1 5 53 96573
16 4 1 1254 1 6 54 100382
16 4 1 1255 1 7 55 105104
16 4 1 1256 1 0 56 101356
16 4 1 1257 1 1 57 99994
16 4 1 1258 1 2 58 103378
16 4 1 1259 1 3 59 102750
16 4 1 1260 1 4 60 103472
16 4 1 1261 1 5 61 95920
16 4 1 1262 1 6 62 94257
16 4 1 1263 1 7 63 108887
16 4 1 1264 1 0 64 98764
16 4 1 1265 1 1 65 99385
16 4 1 1266 1 2 66 96762
16 4 1 1267 1 3 67 103456
16 4 1 1268 1 4 68 101637
16 4 1 1269 1 5 69 109439
16 4 1 1270 1 6 70 99420
16 4 1 1271 1 7 71 100505
16 4 1 1272 1 0 72 100780
16 4 1 1273 1 1 73 100125
16 4 1 1274 1 2 74 99702
16 4 1 1275 1 3 75 99750
16 4 1 1276 1 4 76 100253
16 4 1 1277 1 5 77 100216
16 4 1 1278 1 6 78 97781
16 4 1 1279 1 7 79 108526
16 4 1 1280 1 0 80 98733
16 4 1 1281 1 1 81 99784
16 4 1 1282 1 2 82 97212
16 4 1 1283 1 3 83 96500
16 4 1 1284 1 4 84 101233
16 4 1 1285 1 5 85 108827
16 4 1 1286 1 6 86 95526
16 4 1 1287 1 7 87 107131
16 4 1 1288 1 0 88 98892
16 4 1 1289 1 1 89 101978
16 4 1 1290 1 2 90 100752
16 4 1 1291 1 3 91 100750
16 4 1 1292 1 4 92 94936
16 4 1 1293 1 5 93 110078
16 4 1 1294 1 6 94 100698
16 4 1 1295 1 7 95 113554
16 4 1 1296 1 0 96 100230
16 4 1 1297 1 1 97 101785
16 4 1 1298 1 2 98 98586
16 4 1 1299 1 3 99 102172
16 4 1 1300 1 4 0 102248
16 4 1 1301 1 5 1 92494
16 4 1 1302 1 6 2 108863
16 4 1 1303 1 7 3 107503
16 4 1 1304 1 0 4 101273
16 4 1 1305 1 1 5 101908
16 4 1 1306 1 2 6 102344
16 4 1 1307 1 3 7 98250
16 4 1 1308 1 4 8 104537
16 4 1 1309 1 5 9 97273
16 4 1 1310 1 6 10 97796
16 4 1 1311 1 7 11 113501
16 4 1 1312 1 0 12 99118
16 4 1 1313 1 1 13 100222
16 4 1 1314 1 2 14 102949
16 4 1 1315 1 3 15 103000
16 4 1 1316 1 4 16 106118
16 4 1 1317 1 5 17 105676
16 4 1 1318 1 6 18 91176
16 4 1 1319 1 7 19 93104
16 4 1 1320 1 0 20 101140
16 4 1 1321 1 1 21 99980
16 4 1 1322 1 2 22 100687
16 4 1 1323 1 3 23 100250
16 4 1 1324 1 4 24 102102
16 4 1 1325 1 5 25 106207
16 4 1 1326 1 6 26 98516
16 4 1 1327 1 7 27 94429
16 4 1 1328 1 0 28 100968
16 4 1 1329 1 1 29 100126
16 4 1 1330 1 2 30 103373
16 4 1 1331 1 3 31 96544
16 4 1 1332 1 4 32 103885
16 4 1 1333 1 5 33 104506
16 4 1 1334 1 6 34 92254
16 4 1 1335 1 7 35 112496
16 4 1 1336 1 0 36 98752
16 4 1 1337 1 1 37 101967
16 4 1 1338 1 2 38 103262
16 4 1 1339 1 3 39 103494
16 4 1 1340 1 4 40 99160
16 4 1 1341 1 5 41 110069
16 4 1 1342 1 6 42 96644
16 4 1 1343 1 7 43 113556
16 4 1 1344 1 0 44 99421
16 4 1 1345 1 1 45 101767
16 4 1 1346 1 2 46 102783
16 4 1 1347 1 3 47 104416
16 4 1 1348 1 4 48 106600
16 4 1 1349 1 5 49 99654
16 4 1 1350 1 6 50 92442
16 4 1 1351 1 7 51 101014
16 4 1 1352 1 0 52 101336
16 4 1 1353 1 1 53 99322
16 4 1 1354 1 2 54 99287
16 4 1 1355 1 3 55 100272
16 4 1 1356 1 4 56 106784
16 4 1 1357 1 5 57 100020
16 4 1 1358 1 6 58 105727
16 4 1 1359 1 7 59 102884
16 4 1 1360 1 0 60 101336
16 4 1 1361 1 1 61 98752
16 4 1 1362 1 2 62 100969
16 4 1 1363 1 3 63 104750
16 4 1 1364 1 4 64 93396
16 4 1 1365 1 5 65 100585
16 4 1 1366 1 6 66 91484
16 4 1 1367 1 7 67 102827
16 4 1 1368 1 0 68 100321
16 4 1 1369 1 1 69 102007
16 4 1 1370 1 2 70 98766
16 4 1 1371 1 3 71 100810
16 4 1 1372 1 4 72 104033
16 4 1 1373 1 5 73 103281
16 4 1 1374 1 6 74 101457
16 4 1 1375 1 7 75 98021
16 4 1 1376 1 0 76 99892
16 4 1 1377 1 1 77 99868
16 4 1 1378 1 2 78 102654
16 4 1 1379 1 3 79 104750
16 4 1 1380 1 4 80 93570
16 4 1 1381 1 5 81 94296
16 4 1 1382 1 6 82 91879
16 4 1 1383 1 7 83 101006
16 4 1 1384 1 0 84 100233
16 4 1 1385 1 1 85 101892
16 4 1 1386 1 2 86 98317
16 4 1 1387 1 3 87 103750
16 4 1 1388 1 4 88 95254
16 4 1 1389 1 5 89 104861
16 4 1 1390 1 6 90 102812
16 4 1 1391 1 7 91 106411
16 4 1 1392 1 0 92 99124
16 4 1 1393 1 1 93 101777
16 4 1 1394 1 2 94 99794
16 4 1 1395 1 3 95 104750
16 4 1 1396 1 4 96 102283
16 4 1 1397 1 5 97 106086
16 4 1 1398 1 6 98 94806
16 4 1 1399 1 7 99 101330
16 4 1 1400 1 0 0 100163
16 4 1 1401 1 1 1 98182
16 4 1 1402 1 2 2 101826
16 4 1 1403 1 3 3 104750
16 4 1 1404 1 4 4 106748
16 4 1 1405 1 5 5 108538
16 4 1 1406 1 6 6 102652
16 4 1 1407 1 7 7 99191
16 4 1 1408 1 0 8 100858
16 4 1 1409 1 1 9 98611
16 4 1 1410 1 2 10 103268
16 4 1 1411 1 3 11 104713
16 4 1 1412 1 4 12 99583
16 4 1 1413 1 5 13 101246
16 4 1 1414 1 6 14 110768
16 4 1 1415 1 7 15 97701
16 4 1 1416 1 0 16 101316
16 4 1 1417 1 1 17 101233
16 4 1 1418 1 2 18 96478
16 4 1 1419 1 3 19 96250
16 4 1 1420 1 4 20 105814
16 4 1 1421 1 5 21 98782
16 4 1 1422 1 6 22 106302
16 4 1 1423 1 7 23 103939
16 4 1 1424 1 0 24 100712
16 4 1 1425 1 1 25 100193
16 4 1 1426 1 2 26 98670
16 4 1 1427 1 3 27 99500
16 4 1 1428 1 4 28 104518
16 4 1 1429 1 5 29 103745
16 4 1 1430 1 6 30 101786
16 4 1 1431 1 7 31 93541
16 4 1 1432 1 0 32 100928
16 4 1 1433 1 1 33 101809
16 4 1 1434 1 2 34 96626
16 4 1 1435 1 3 35 103528
16 4 1 1436 1 4 36 95917
16 4 1 1437 1 5 37 106285
16 4 1 1438 1 6 38 101981
16 4 1 1439 1 7 39 97376
16 4 1 1440 1 0 40 99940
16 4 1 1441 1 1 41 102005
16 4 1 1442 1 2 42 96434
16 4 1 1443 1 3 43 104750
16 4 1 1444 1 4 44 97136
16 4 1 1445 1 5 45 107753
16 4 1 1446 1 6 46 109046
16 4 1 1447 1 7 47 103021
16 4 1 1448 1 0 48 101220
16 4 1 1449 1 1 49 99856
16 4 1 1450 1 2 50 98054
16 4 1 1451 1 3 51 101088
16 4 1 1452 1 4 52 106766
16 4 1 1453 1 5 53 96573
16 4 1 1454 1 6 54 100382
16 4 1 1455 1 7 55 105104
16 4 1 1456 1 0 56 101356
16 4 1 1457 1 1 57 99994
16 4 1 1458 1 2 58 103378
16 4 1 1459 1 3 59 102750
16 4 1 1460 1 4 60 103472
16 4 1 1461 1 5 61 95920
16 4 1 1462 1 6 62 94257
16 4 1 1463 1 7 63 108887
16 4 1 1464 1 0 64 98764
16 4 1 1465 1 1 65 99385
16 4 1 1466 1 2 66 96762
16 4 1 1467 1 3 67 103456
16 4 1 1468 1 4 68 101637
16 4 1 1469 1 5 69 109439
16 4 1 1470 1 6 70 99420
16 4 1 1471 1 7 71 100505
16 4 1 1472 1 0 72 100780
16 4 1 1473 1 1 73 100125
16 4 1 1474 1 2 74 99702
16 4 1 1475 1 3 75 99750
16 4 1 1476 1 4 76 100253
16 4 1 1477 1 5 77 100216
16 4 1 1478 1 6 78 97781
16 4 1 1479 1 7 79 108526
16 4 1 1480 1 0 80 98733
16 4 1 1481 1 1 81 99784
16 4 1 1482 1 2 82 97212
16 4 1 1483 1 3 83 96500
16 4 1 1484 1 4 84 101233
16 4 1 1485 1 5 85 108827
16 4 1 1486 1 6 86 95526
16 4 1 1487 1 7 87 107131
16 4 1 1488 1 0 88 98892
16 4 1 1489 1 1 89 101978
16 4 1 1490 1 2 90 100752
16 4 1 1491 1 3 91 100750
16 4 1 1492 1 4 92 94936
16 4 1 1493 1 5 93 110078
16 4 1 1494 1 6 94 100698
16 4 1 1495 1 7 95 113554
16 4 1 1496 1 0 96 100230
16 4 1 1497 1 1 97 101785
16 4 1 1498 1 2 98 98586
16 4 1 1499 1 3 99 102172
16 4 2 1200 1 0 0 101274
16 4 2 1201 1 1 1 99020
16 4 2 1202 1 2 2 98730
16 4 2 1203 1 3 3 109673
16 4 2 1204 1 4 4 104895
16 4 2 1205 1 5 5 111824
16 4 2 1206 1 6 6 112902
16 4 2 1207 1 7 7 106317
16 4 2 1208 1 0 8 101800
16 4 2 1209 1 1 9 98786
16 4 2 1210 1 2 10 104657
16 4 2 1211 1 3 11 105416
16 4 2 1212 1 4 12 100395
16 4 2 1213 1 5 13 106098
16 4 2 1214 1 6 14 111822
16 4 2 1215 1 7 15 93455
16 4 2 1216 1 0 16 100879
16 4 2 1217 1 1 17 100981
16 4 2 1218 1 2 18 99023
16 4 2 1219 1 3 19 96888
16 4 2 1220 1 4 20 110238
16 4 2 1221 1 5 21 100668
16 4 2 1222 1 6 22 109573
16 4 2 1223 1 7 23 116651
16 4 2 1224 1 0 24 99404
16 4 2 1225 1 1 25 102113
16 4 2 1226 1 2 26 96851
16 4 2 1227 1 3 27 103063
16 4 2 1228 1 4 28 101738
16 4 2 1229 1 5 29 96375
16 4 2 1230 1 6 30 92117
16 4 2 1231 1 7 31 88508
16 4 2 1232 1 0 32 99611
16 4 2 1233 1 1 33 103476
16 4 2 1234 1 2 34 95685
16 4 2 1235 1 3 35 107083
16 4 2 1236 1 4 36 96607
16 4 2 1237 1 5 37 95462
16 4 2 1238 1 6 38 113603
16 4 2 1239 1 7 39 105679
16 4 2 1240 1 0 40 100976
16 4 2 1241 1 1 41 102438
16 4 2 1242 1 2 42 97910
16 4 2 1243 1 3 43 106579
16 4 2 1244 1 4 44 103496
16 4 2 1245 1 5 45 98819
16 4 2 1246 1 6 46 104296
16 4 2 1247 1 7 47 101540
16 4 2 1248 1 0 48 101637
16 4 2 1249 1 1 49 100534
16 4 2 1250 1 2 50 99686
16 4 2 1251 1 3 51 99865
16 4 2 1252 1 4 52 107732
16 4 2 1253 1 5 53 93668
16 4 2 1254 1 6 54 100309
16 4 2 1255 1 7 55 104824
16 4 2 1256 1 0 56 102490
16 4 2 1257 1 1 57 101270
16 4 2 1258 1 2 58 106034
16 4 2 1259 1 3 59 98799
16 4 2 1260 1 4 60 105992
16 4 2 1261 1 5 61 104531
16 4 2 1262 1 6 62 89563
16 4 2 1263 1 7 63 122681
16 4 2 1264 1 0 64 97665
16 4 2 1265 1 1 65 101417
16 4 2 1266 1 2 66 93654
16 4 2 1267 1 3 67 108134
16 4 2 1268 1 4 68 106817
16 4 2 1269 1 5 69 119692
16 4 2 1270 1 6 70 104690
16 4 2 1271 1 7 71 98957
16 4 2 1272 1 0 72 100845
16 4 2 1273 1 1 73 101697
16 4 2 1274 1 2 74 98738
16 4 2 1275 1 3 75 96219
16 4 2 1276 1 4 76 97531
16 4 2 1277 1 5 77 103900
16 4 2 1278 1 6 78 107366
16 4 2 1279 1 7 79 97294
16 4 2 1280 1 0 80 97994
16 4 2 1281 1 1 81 99060
16 4 2 1282 1 2 82 99600
16 4 2 1283 1 3 83 94693
16 4 2 1284 1 4 84 105353
16 4 2 1285 1 5 85 104197
16 4 2 1286 1 6 86 93724
16 4 2 1287 1 7 87 105266
16 4 2 1288 1 0 88 98557
16 4 2 1289 1 1 89 104044
16 4 2 1290 1 2 90 101790
16 4 2 1291 1 3 91 96551
16 4 2 1292 1 4 92 100367
16 4 2 1293 1 5 93 106350
16 4 2 1294 1 6 94 105245
16 4 2 1295 1 7 95 121819
16 4 2 1296 1 0 96 100620
16 4 2 1297 1 1 97 103835
16 4 2 1298 1 2 98 101718
16 4 2 1299 1 3 99 106151
16 4 2 1300 1 4 0 107884
16 4 2 1301 1 5 1 98682
16 4 2 1302 1 6 2 97103
16 4 2 1303 1 7 3 113381
16 4 2 1304 1 0 4 101097
16 4 2 1305 1 1 5 103874
16 4 2 1306 1 2 6 105809
16 4 2 1307 1 3 7 100376
16 4 2 1308 1 4 8 109035
16 4 2 1309 1 5 9 99463
16 4 2 1310 1 6 10 100468
16 4 2 1311 1 7 11 110165
16 4 2 1312 1 0 12 98759
16 4 2 1313 1 1 13 101074
16 4 2 1314 1 2 14 104815
16 4 2 1315 1 3 15 101128
16 4 2 1316 1 4 16 103640
16 4 2 1317 1 5 17 104209
16 4 2 1318 1 6 18 94681
16 4 2 1319 1 7 19 89272
16 4 2 1320 1 0 20 101755
16 4 2 1321 1 1 21 100388
16 4 2 1322 1 2 22 104102
16 4 2 1323 1 3 23 104813
16 4 2 1324 1 4 24 94846
16 4 2 1325 1 5 25 115863
16 4 2 1326 1 6 26 91860
16 4 2 1327 1 7 27 105153
16 4 2 1328 1 0 28 100601
16 4 2 1329 1 1 29 98932
16 4 2 1330 1 2 30 100215
16 4 2 1331 1 3 31 95595
16 4 2 1332 1 4 32 96594
16 4 2 1333 1 5 33 113204
16 4 2 1334 1 6 34 89611
16 4 2 1335 1 7 35 125186
16 4 2 1336 1 0 36 98852
16 4 2 1337 1 1 37 99820
16 4 2 1338 1 2 38 106699
16 4 2 1339 1 3 39 108397
16 4 2 1340 1 4 40 105056
16 4 2 1341 1 5 41 113314
16 4 2 1342 1 6 42 97510
16 4 2 1343 1 7 43 120140
16 4 2 1344 1 0 44 100175
16 4 2 1345 1 1 45 100218
16 4 2 1346 1 2 46 102858
16 4 2 1347 1 3 47 104141
16 4 2 1348 1 4 48 108974
16 4 2 1349 1 5 49 103586
16 4 2 1350 1 6 50 94954
16 4 2 1351 1 7 51 106805
16 4 2 1352 1 0 52 101844
16 4 2 1353 1 1 53 100007
16 4 2 1354 1 2 54 99930
16 4 2 1355 1 3 55 97354
16 4 2 1356 1 4 56 113849
16 4 2 1357 1 5 57 100190
16 4 2 1358 1 6 58 116509
16 4 2 1359 1 7 59 95903
16 4 2 1360 1 0 60 101880
16 4 2 1361 1 1 61 100419
16 4 2 1362 1 2 62 97835
16 4 2 1363 1 3 63 109118
16 4 2 1364 1 4 64 87706
16 4 2 1365 1 5 65 103045
16 4 2 1366 1 6 66 83523
16 4 2 1367 1 7 67 116463
16 4 2 1368 1 0 68 101329
16 4 2 1369 1 1 69 104088
16 4 2 1370 1 2 70 99896
16 4 2 1371 1 3 71 99491
16 4 2 1372 1 4 72 104485
16 4 2 1373 1 5 73 110926
16 4 2 1374 1 6 74 95336
16 4 2 1375 1 7 75 89227
16 4 2 1376 1 0 76 99375
16 4 2 1377 1 1 77 101360
16 4 2 1378 1 2 78 106103
16 4 2 1379 1 3 79 100722
16 4 2 1380 1 4 80 89277
16 4 2 1381 1 5 81 95048
16 4 2 1382 1 6 82 101302
16 4 2 1383 1 7 83 101654
16 4 2 1384 1 0 84 101540
16 4 2 1385 1 1 85 100956
16 4 2 1386 1 2 86 99595
16 4 2 1387 1 3 87 103756
16 4 2 1388 1 4 88 93896
16 4 2 1389 1 5 89 113788
16 4 2 1390 1 6 90 104612
16 4 2 1391 1 7 91 95714
16 4 2 1392 1 0 92 100192
16 4 2 1393 1 1 93 100655
16 4 2 1394 1 2 94 101366
16 4 2 1395 1 3 95 107374
16 4 2 1396 1 4 96 104338
16 4 2 1397 1 5 97 115508
16 4 2 1398 1 6 98 104192
16 4 2 1399 1 7 99 113902
16 4 2 1400 1 0 0 101274
16 4 2 1401 1 1 1 99020
16 4 2 1402 1 2 2 98730
16 4 2 1403 1 3 3 109673
16 4 2 1404 1 4 4 104895
16 4 2 1405 1 5 5 111824
16 4 2 1406 1 6 6 112902
16 4 2 1407 1 7 7 106317
16 4 2 1408 1 0 8 101800
16 4 2 1409 1 1 9 98786
16 4 2 1410 1 2 10 104657
16 4 2 1411 1 3 11 105416
16 4 2 1412 1 4 12 100395
16 4 2 1413 1 5 13 106098
16 4 2 1414 1 6 14 111822
16 4 2 1415 1 7 15 93455
16 4 2 1416 1 0 16 100879
16 4 2 1417 1 1 17 100981
16 4 2 1418 1 2 18 99023
16 4 2 1419 1 3 19 96888
16 4 2 1420 1 4 20 110238
16 4 2 1421 1 5 21 100668
16 4 2 1422 1 6 22 109573
16 4 2 1423 1 7 23 116651
16 4 2 1424 1 0 24 99404
16 4 2 1425 1 1 25 102113
16 4 2 1426 1 2 26 96851
16 4 2 1427 1 3 27 103063
16 4 2 1428 1 4 28 101738
16 4 2 1429 1 5 29 96375
16 4 2 1430 1 6 30 92117
16 4 2 1431 1 7 31 88508
16 4 2 1432 1 0 32 99611
16 4 2 1433 1 1 33 103476
16 4 2 1434 1 2 34 95685
16 4 2 1435 1 3 35 107083
16 4 2 1436 1 4 36 96607
16 4 2 1437 1 5 37 95462
16 4 2 1438 1 6 38 113603
16 4 2 1439 1 7 39 105679
16 4 2 1440 1 0 40 100976
16 4 2 1441 1 1 41 102438
16 4 2 1442 1 2 42 97910
16 4 2 1443 1 3 43 106579
16 4 2 1444 1 4 44 103496
16 4 2 1445 1 5 45 98819
16 4 2 1446 1 6 46 104296
16 4 2 1447 1 7 47 101540
16 4 2 1448 1 0 48 101637
16 4 2 1449 1 1 49 100534
16 4 2 1450 1 2 50 99686
16 4 2 1451 1 3 51 99865
16 4 2 1452 1 4 52 107732
16 4 2 1453 1 5 53 93668
16 4 2 1454 1 6 54 100309
16 4 2 1455 1 7 55 104824
16 4 2 1456 1 0 56 102490
16 4 2 1457 1 1 57 101270
16 4 2 1458 1 2 58 106034
16 4 2 1459 1 3 59 98799
16 4 2 1460 1 4 60 105992
16 4 2 1461 1 5 61 104531
16 4 2 1462 1 6 62 89563
16 4 2 1463 1 7 63 122681
16 4 2 1464 1 0 64 97665
16 4 2 1465 1 1 65 101417
16 4 2 1466 1 2 66 93654
16 4 2 1467 1 3 67 108134
16 4 2 1468 1 4 68 106817
16 4 2 1469 1 5 69 119692
16 4 2 1470 1 6 70 104690
16 4 2 1471 1 7 71 98957
16 4 2 1472 1 0 72 100845
16 4 2 1473 1 1 73 101697
16 4 2 1474 1 2 74 98738
16 4 2 1475 1 3 75 96219
16 4 2 1476 1 4 76 97531
16 4 2 1477 1 5 77 103900
16 4 2 1478 1 6 78 107366
16 4 2 1479 1 7 79 97294
16 4 2 1480 1 0 80 97994
16 4 2 1481 1 1 81 99060
16 4 2 1482 1 2 82 99600
16 4 2 1483 1 3 83 94693
16 4 2 1484 1 4 84 105353
16 4 2 1485 1 5 85 104197
16 4 2 1486 1 6 86 93724
16 4 2 1487 1 7 87 105266
16 4 2 1488 1 0 88 98557
16 4 2 1489 1 1 89 104044
16 4 2 1490 1 2 90 101790
16 4 2 1491 1 3 91 96551
16 4 2 1492 1 4 92 100367
16 4 2 1493 1 5 93 106350
16 4 2 1494 1 6 94 105245
16 4 2 1495 1 7 95 121819
16 4 2 1496 1 0 96 100620
16 4 2 1497 1 1 97 103835
16 4 2 1498 1 2 98 101718
16 4 2 1499 1 3 99 106151
16 4 3 1200 1 0 0 101135
16 4 3 1201 1 1 1 100766
16 4 3 1202 1 2 2 97390
16 4 3 1203 1 3 3 114806
16 4 3 1204 1 4 4 98117
16 4 3 1205 1 5 5 123049
16 4 3 1206 1 6 6 111089
16 4 3 1207 1 7 7 100619
16 4 3 1208 1 0 8 101606
16 4 3 1209 1 1 9 99373
16 4 3 1210 1 2 10 107625
16 4 3 1211 1 3 11 109171
16 4 3 1212 1 4 12 102090
16 4 3 1213 1 5 13 110899
16 4 3 1214 1 6 14 105753
16 4 3 1215 1 7 15 100045
16 4 3 1216 1 0 16 100447
16 4 3 1217 1 1 17 102629
16 4 3 1218 1 2 18 100960
16 4 3 1219 1 3 19 94788
16 4 3 1220 1 4 20 104454
16 4 3 1221 1 5 21 100322
16 4 3 1222 1 6 22 119126
16 4 3 1223 1 7 23 111224
16 4 3 1224 1 0 24 98904
16 4 3 1225 1 1 25 100641
16 4 3 1226 1 2 26 99961
16 4 3 1227 1 3 27 104668
16 4 3 1228 1 4 28 98611
16 4 3 1229 1 5 29 97508
16 4 3 1230 1 6 30 92981
16 4 3 1231 1 7 31 85372
16 4 3 1232 1 0 32 99864
16 4 3 1233 1 1 33 105585
16 4 3 1234 1 2 34 94652
16 4 3 1235 1 3 35 112097
16 4 3 1236 1 4 36 97734
16 4 3 1237 1 5 37 92492
16 4 3 1238 1 6 38 120369
16 4 3 1239 1 7 39 114567
16 4 3 1240 1 0 40 102230
16 4 3 1241 1 1 41 104525
16 4 3 1242 1 2 42 96066
16 4 3 1243 1 3 43 105868
16 4 3 1244 1 4 44 106453
16 4 3 1245 1 5 45 101924
16 4 3 1246 1 6 46 116041
16 4 3 1247 1 7 47 106778
16 4 3 1248 1 0 48 102336
16 4 3 1249 1 1 49 101674
16 4 3 1250 1 2 50 101132
16 4 3 1251 1 3 51 99660
16 4 3 1252 1 4 52 114000
16 4 3 1253 1 5 53 83970
16 4 3 1254 1 6 54 109501
16 4 3 1255 1 7 55 113023
16 4 3 1256 1 0 56 103588
16 4 3 1257 1 1 57 102957
16 4 3 1258 1 2 58 109631
16 4 3 1259 1 3 59 96268
16 4 3 1260 1 4 60 113034
16 4 3 1261 1 5 61 99024
16 4 3 1262 1 6 62 97525
16 4 3 1263 1 7 63 137251
16 4 3 1264 1 0 64 98887
16 4 3 1265 1 1 65 103459
16 4 3 1266 1 2 66 96390
16 4 3 1267 1 3 67 106700
16 4 3 1268 1 4 68 107020
16 4 3 1269 1 5 69 130332
16 4 3 1270 1 6 70 103226
16 4 3 1271 1 7 71 96150
16 4 3 1272 1 0 72 100067
16 4 3 1273 1 1 73 102048
16 4 3 1274 1 2 74 98546
16 4 3 1275 1 3 75 93868
16 4 3 1276 1 4 76 96789
16 4 3 1277 1 5 77 107701
16 4 3 1278 1 6 78 117966
16 4 3 1279 1 7 79 93253
16 4 3 1280 1 0 80 98183
16 4 3 1281 1 1 81 100516
16 4 3 1282 1 2 82 100792
16 4 3 1283 1 3 83 92629
16 4 3 1284 1 4 84 111215
16 4 3 1285 1 5 85 94954
16 4 3 1286 1 6 86 104299
16 4 3 1287 1 7 87 113830
16 4 3 1288 1 0 88 97780
16 4 3 1289 1 1 89 102792
16 4 3 1290 1 2 90 98159
16 4 3 1291 1 3 91 100209
16 4 3 1292 1 4 92 99437
16 4 3 1293 1 5 93 98028
16 4 3 1294 1 6 94 99800
16 4 3 1295 1 7 95 131816
16 4 3 1296 1 0 96 99369
16 4 3 1297 1 1 97 105700
16 4 3 1298 1 2 98 98454
16 4 3 1299 1 3 99 111165
16 4 3 1300 1 4 0 108875
16 4 3 1301 1 5 1 107737
16 4 3 1302 1 6 2 95908
16 4 3 1303 1 7 3 127315
16 4 3 1304 1 0 4 99785
16 4 3 1305 1 1 5 105944
16 4 3 1306 1 2 6 104164
16 4 3 1307 1 3 7 100015
16 4 3 1308 1 4 8 107982
16 4 3 1309 1 5 9 98275
16 4 3 1310 1 6 10 110936
16 4 3 1311 1 7 11 115013
16 4 3 1312 1 0 12 99822
16 4 3 1313 1 1 13 102810
16 4 3 1314 1 2 14 103440
16 4 3 1315 1 3 15 105236
16 4 3 1316 1 4 16 101464
16 4 3 1317 1 5 17 110617
16 4 3 1318 1 6 18 101746
16 4 3 1319 1 7 19 87758
16 4 3 1320 1 0 20 100798
16 4 3 1321 1 1 21 100300
16 4 3 1322 1 2 22 107603
16 4 3 1323 1 3 23 101857
16 4 3 1324 1 4 24 92469
16 4 3 1325 1 5 25 108624
16 4 3 1326 1 6 26 97650
16 4 3 1327 1 7 27 105435
16 4 3 1328 1 0 28 99974
16 4 3 1329 1 1 29 100922
16 4 3 1330 1 2 30 102824
16 4 3 1331 1 3 31 90897
16 4 3 1332 1 4 32 98815
16 4 3 1333 1 5 33 120657
16 4 3 1334 1 6 34 88989
16 4 3 1335 1 7 35 140210
16 4 3 1336 1 0 36 99015
16 4 3 1337 1 1 37 99283
16 4 3 1338 1 2 38 108399
16 4 3 1339 1 3 39 110687
16 4 3 1340 1 4 40 112138
16 4 3 1341 1 5 41 124557
16 4 3 1342 1 6 42 91518
16 4 3 1343 1 7 43 119424
16 4 3 1344 1 0 44 101157
16 4 3 1345 1 1 45 100024
16 4 3 1346 1 2 46 106348
16 4 3 1347 1 3 47 109087
16 4 3 1348 1 4 48 114107
16 4 3 1349 1 5 49 110676
16 4 3 1350 1 6 50 97179
16 4 3 1351 1 7 51 107028
16 4 3 1352 1 0 52 103007
16 4 3 1353 1 1 53 97962
16 4 3 1354 1 2 54 102636
16 4 3 1355 1 3 55 100999
16 4 3 1356 1 4 56 119176
16 4 3 1357 1 5 57 109439
16 4 3 1358 1 6 58 128634
16 4 3 1359 1 7 59 97029
16 4 3 1360 1 0 60 103134
16 4 3 1361 1 1 61 98996
16 4 3 1362 1 2 62 100456
16 4 3 1363 1 3 63 114221
16 4 3 1364 1 4 64 93524
16 4 3 1365 1 5 65 113471
16 4 3 1366 1 6 66 92229
16 4 3 1367 1 7 67 111828
16 4 3 1368 1 0 68 101308
16 4 3 1369 1 1 69 106160
16 4 3 1370 1 2 70 101500
16 4 3 1371 1 3 71 94525
16 4 3 1372 1 4 72 99532
16 4 3 1373 1 5 73 110217
16 4 3 1374 1 6 74 100249
16 4 3 1375 1 7 75 81207
16 4 3 1376 1 0 76 99446
16 4 3 1377 1 1 77 102096
16 4 3 1378 1 2 78 108933
16 4 3 1379 1 3 79 97626
16 4 3 1380 1 4 80 89973
16 4 3 1381 1 5 81 98499
16 4 3 1382 1 6 82 106472
16 4 3 1383 1 7 83 94163
16 4 3 1384 1 0 84 102650
16 4 3 1385 1 1 85 98829
16 4 3 1386 1 2 86 102973
16 4 3 1387 1 3 87 107688
16 4 3 1388 1 4 88 90218
16 4 3 1389 1 5 89 111023
16 4 3 1390 1 6 90 101753
16 4 3 1391 1 7 91 101821
16 4 3 1392 1 0 92 100009
16 4 3 1393 1 1 93 98744
16 4 3 1394 1 2 94 99584
16 4 3 1395 1 3 95 112362
16 4 3 1396 1 4 96 97720
16 4 3 1397 1 5 97 121760
16 4 3 1398 1 6 98 92810
16 4 3 1399 1 7 99 119136
16 4 3 1400 1 0 0 101135
16 4 3 1401 1 1 1 100766
16 4 3 1402 1 2 2 97390
16 4 3 1403 1 3 3 114806
16 4 3 1404 1 4 4 98117
16 4 3 1405 1 5 5 123049
16 4 3 1406 1 6 6 111089
16 4 3 1407 1 7 7 100619
16 4 3 1408 1 0 8 101606
16 4 3 1409 1 1 9 99373
16 4 3 1410 1 2 10 107625
16 4 3 1411 1 3 11 109171
16 4 3 1412 1 4 12 102090
16 4 3 1413 1 5 13 110899
16 4 3 1414 1 6 14 105753
16 4 3 1415 1 7 15 100045
16 4 3 1416 1 0 16 100447
16 4 3 1417 1 1 17 102629
16 4 3 1418 1 2 18 100960
16 4 3 1419 1 3 19 94788
16 4 3 1420 1 4 20 104454
16 4 3 1421 1 5 21 100322
16 4 3 1422 1 6 22 119126
16 4 3 1423 1 7 23 111224
16 4 3 1424 1 0 24 98904
16 4 3 1425 1 1 25 100641
16 4 3 1426 1 2 26 99961
16 4 3 1427 1 3 27 104668
16 4 3 1428 1 4 28 98611
16 4 3 1429 1 5 29 97508
16 4 3 1430 1 6 30 92981
16 4 3 1431 1 7 31 85372
16 4 3 1432 1 0 32 99864
16 4 3 1433 1 1 33 105585
16 4 3 1434 1 2 34 94652
16 4 3 1435 1 3 35 112097
16 4 3 1436 1 4 36 97734
16 4 3 1437 1 5 37 92492
16 4 3 1438 1 6 38 120369
16 4 3 1439 1 7 39 114567
16 4 3 1440 1 0 40 102230
16 4 3 1441 1 1 41 104525
16 4 3 1442 1 2 42 96066
16 4 3 1443 1 3 43 105868
16 4 3 1444 1 4 44 106453
16 4 3 1445 1 5 45 101924
16 4 3 1446 1 6 46 116041
16 4 3 1447 1 7 47 106778
16 4 3 1448 1 0 48 102336
16 4 3 1449 1 1 49 101674
16 4 3 1450 1 2 50 101132
16 4 3 1451 1 3 51 99660
16 4 3 1452 1 4 52 114000
16 4 3 1453 1 5 53 83970
16 4 3 1454 1 6 54 109501
16 4 3 1455 1 7 55 113023
16 4 3 1456 1 0 56 103588
16 4 3 1457 1 1 57 102957
16 4 3 1458 1 2 58 109631
16 4 3 1459 1 3 59 96268
16 4 3 1460 1 4 60 113034
16 4 3 1461 1 5 61 99024
16 4 3 1462 1 6 62 97525
16 4 3 1463 1 7 63 137251
16 4 3 1464 1 0 64 98887
16 4 3 1465 1 1 65 103459
16 4 3 1466 1 2 66 96390
16 4 3 1467 1 3 67 106700
16 4 3 1468 1 4 68 107020
16 4 3 1469 1 5 69 130332
16 4 3 1470 1 6 70 103226
16 4 3 1471 1 7 71 96150
16 4 3 1472 1 0 72 100067
16 4 3 1473 1 1 73 102048
16 4 3 1474 1 2 74 98546
16 4 3 1475 1 3 75 93868
16 4 3 1476 1 4 76 96789
16 4 3 1477 1 5 77 107701
16 4 3 1478 1 6 78 117966
16 4 3 1479 1 7 79 93253
16 4 3 1480 1 0 80 98183
16 4 3 1481 1 1 81 100516
16 4 3 1482 1 2 82 100792
16 4 3 1483 1 3 83 92629
16 4 3 1484 1 4 84 111215
16 4 3 1485 1 5 85 94954
16 4 3 1486 1 6 86 104299
16 4 3 1487 1 7 87 113830
16 4 3 1488 1 0 88 97780
16 4 3 1489 1 1 89 102792
16 4 3 1490 1 2 90 98159
16 4 3 1491 1 3 91 100209
16 4 3 1492 1 4 92 99437
16 4 3 1493 1 5 93 98028
16 4 3 1494 1 6 94 99800
16 4 3 1495 1 7 95 131816
16 4 3 1496 1 0 96 99369
16 4 3 1497 1 1 97 105700
16 4 3 1498 1 2 98 98454
16 4 3 1499 1 3 99 111165
16 4 4 1200 1 0 0 101293
16 4 4 1201 1 1 1 102759
16 4 4 1202 1 2 2 96618
16 4 4 1203 1 3 3 120283
16 4 4 1204 1 4 4 102104
16 4 4 1205 1 5 5 133074
16 4 4 1206 1 6 6 104245
16 4 4 1207 1 7 7 109235
16 4 4 1208 1 0 8 102963
16 4 4 1209 1 1 9 101376
16 4 4 1210 1 2 10 110376
16 4 4 1211 1 3 11 109602
16 4 4 1212 1 4 12 101135
16 4 4 1213 1 5 13 107933
16 4 4 1214 1 6 14 108335
16 4 4 1215 1 7 15 92347
16 4 4 1216 1 0 16 101517
16 4 4 1217 1 1 17 101884
16 4 4 1218 1 2 18 100875
16 4 4 1219 1 3 19 94557
16 4 4 1220 1 4 20 102699
16 4 4 1221 1 5 21 98185
16 4 4 1222 1 6 22 111483
16 4 4 1223 1 7 23 105953
16 4 4 1224 1 0 24 99833
16 4 4 1225 1 1 25 99701
16 4 4 1226 1 2 26 102824
16 4 4 1227 1 3 27 104183
16 4 4 1228 1 4 28 96152
16 4 4 1229 1 5 29 102608
16 4 4 1230 1 6 30 89232
16 4 4 1231 1 7 31 84502
16 4 4 1232 1 0 32 100264
16 4 4 1233 1 1 33 105972
16 4 4 1234 1 2 34 97816
16 4 4 1235 1 3 35 109654
16 4 4 1236 1 4 36 94560
16 4 4 1237 1 5 37 96048
16 4 4 1238 1 6 38 121587
16 4 4 1239 1 7 39 109822
16 4 4 1240 1 0 40 102182
16 4 4 1241 1 1 41 103638
16 4 4 1242 1 2 42 94916
16 4 4 1243 1 3 43 104056
16 4 4 1244 1 4 44 111931
16 4 4 1245 1 5 45 112252
16 4 4 1246 1 6 46 117543
16 4 4 1247 1 7 47 113830
16 4 4 1248 1 0 48 101121
16 4 4 1249 1 1 49 103753
16 4 4 1250 1 2 50 104474
16 4 4 1251 1 3 51 97397
16 4 4 1252 1 4 52 114677
16 4 4 1253 1 5 53 79556
16 4 4 1254 1 6 54 105233
16 4 4 1255 1 7 55 118210
16 4 4 1256 1 0 56 102923
16 4 4 1257 1 1 57 102427
16 4 4 1258 1 2 58 112395
16 4 4 1259 1 3 59 99499
16 4 4 1260 1 4 60 119440
16 4 4 1261 1 5 61 107865
16 4 4 1262 1 6 62 96565
16 4 4 1263 1 7 63 141204
16 4 4 1264 1 0 64 99946
16 4 4 1265 1 1 65 104516
16 4 4 1266 1 2 66 95090
16 4 4 1267 1 3 67 106520
16 4 4 1268 1 4 68 103584
16 4 4 1269 1 5 69 129591
16 4 4 1270 1 6 70 102674
16 4 4 1271 1 7 71 93665
16 4 4 1272 1 0 72 101188
16 4 4 1273 1 1 73 102468
16 4 4 1274 1 2 74 98725
16 4 4 1275 1 3 75 97974
16 4 4 1276 1 4 76 98098
16 4 4 1277 1 5 77 103537
16 4 4 1278 1 6 78 118865
16 4 4 1279 1 7 79 93672
16 4 4 1280 1 0 80 98247
16 4 4 1281 1 1 81 102549
16 4 4 1282 1 2 82 99495
16 4 4 1283 1 3 83 93789
16 4 4 1284 1 4 84 113140
16 4 4 1285 1 5 85 91166
16 4 4 1286 1 6 86 98619
16 4 4 1287 1 7 87 109707
16 4 4 1288 1 0 88 98269
16 4 4 1289 1 1 89 104836
16 4 4 1290 1 2 90 96553
16 4 4 1291 1 3 91 104716
16 4 4 1292 1 4 92 94960
16 4 4 1293 1 5 93 94718
16 4 4 1294 1 6 94 111391
16 4 4 1295 1 7 95 138842
16 4 4 1296 1 0 96 100723
16 4 4 1297 1 1 97 107835
16 4 4 1298 1 2 98 98259
16 4 4 1299 1 3 99 109046
16 4 4 1300 1 4 0 109497
16 4 4 1301 1 5 1 112070
16 4 4 1302 1 6 2 93666
16 4 4 1303 1 7 3 134586
16 4 4 1304 1 0 4 100575
16 4 4 1305 1 1 5 107763
16 4 4 1306 1 2 6 100642
16 4 4 1307 1 3 7 103615
16 4 4 1308 1 4 8 114166
16 4 4 1309 1 5 9 105642
16 4 4 1310 1 6 10 121625
16 4 4 1311 1 7 11 119447
16 4 4 1312 1 0 12 99601
16 4 4 1313 1 1 13 102412
16 4 4 1314 1 2 14 102413
16 4 4 1315 1 3 15 101700
16 4 4 1316 1 4 16 107236
16 4 4 1317 1 5 17 109454
16 4 4 1318 1 6 18 101727
16 4 4 1319 1 7 19 87041
16 4 4 1320 1 0 20 100523
16 4 4 1321 1 1 21 100211
16 4 4 1322 1 2 22 105240
16 4 4 1323 1 3 23 100260
16 4 4 1324 1 4 24 97303
16 4 4 1325 1 5 25 108729
16 4 4 1326 1 6 26 106502
16 4 4 1327 1 7 27 103902
16 4 4 1328 1 0 28 99470
16 4 4 1329 1 1 29 102155
16 4 4 1330 1 2 30 101579
16 4 4 1331 1 3 31 89475
16 4 4 1332 1 4 32 99845
16 4 4 1333 1 5 33 120879
16 4 4 1334 1 6 34 93615
16 4 4 1335 1 7 35 136037
16 4 4 1336 1 0 36 98428
16 4 4 1337 1 1 37 99512
16 4 4 1338 1 2 38 108691
16 4 4 1339 1 3 39 108607
16 4 4 1340 1 4 40 114547
16 4 4 1341 1 5 41 123454
16 4 4 1342 1 6 42 88739
16 4 4 1343 1 7 43 117080
16 4 4 1344 1 0 44 102298
16 4 4 1345 1 1 45 102039
16 4 4 1346 1 2 46 106889
16 4 4 1347 1 3 47 111587
16 4 4 1348 1 4 48 106609
16 4 4 1349 1 5 49 118484
16 4 4 1350 1 6 50 101293
16 4 4 1351 1 7 51 100043
16 4 4 1352 1 0 52 103123
16 4 4 1353 1 1 53 96767
16 4 4 1354 1 2 54 99963
16 4 4 1355 1 3 55 105818
16 4 4 1356 1 4 56 115299
16 4 4 1357 1 5 57 113253
16 4 4 1358 1 6 58 141048
16 4 4 1359 1 7 59 100322
16 4 4 1360 1 0 60 104284
16 4 4 1361 1 1 61 100525
16 4 4 1362 1 2 62 99140
16 4 4 1363 1 3 63 113916
16 4 4 1364 1 4 64 98537
16 4 4 1365 1 5 65 115837
16 4 4 1366 1 6 66 88593
16 4 4 1367 1 7 67 117059
16 4 4 1368 1 0 68 100796
16 4 4 1369 1 1 69 105782
16 4 4 1370 1 2 70 101334
16 4 4 1371 1 3 71 94877
16 4 4 1372 1 4 72 105392
16 4 4 1373 1 5 73 111262
16 4 4 1374 1 6 74 99376
16 4 4 1375 1 7 75 84225
16 4 4 1376 1 0 76 99296
16 4 4 1377 1 1 77 101290
16 4 4 1378 1 2 78 109252
16 4 4 1379 1 3 79 97433
16 4 4 1380 1 4 80 90307
16 4 4 1381 1 5 81 107089
16 4 4 1382 1 6 82 105092
16 4 4 1383 1 7 83 92867
16 4 4 1384 1 0 84 103018
16 4 4 1385 1 1 85 98001
16 4 4 1386 1 2 86 101297
16 4 4 1387 1 3 87 106555
16 4 4 1388 1 4 88 92466
16 4 4 1389 1 5 89 116529
16 4 4 1390 1 6 90 95277
16 4 4 1391 1 7 91 107948
16 4 4 1392 1 0 92 99193
16 4 4 1393 1 1 93 97918
16 4 4 1394 1 2 94 102979
16 4 4 1395 1 3 95 117361
16 4 4 1396 1 4 96 104380
16 4 4 1397 1 5 97 128836
16 4 4 1398 1 6 98 92102
16 4 4 1399 1 7 99 119754
16 4 4 1400 1 0 0 101293
16 4 4 1401 1 1 1 102759
16 4 4 1402 1 2 2 96618
16 4 4 1403 1 3 3 120283
16 4 4 1404 1 4 4 102104
16 4 4 1405 1 5 5 133074
16 4 4 1406 1 6 6 104245
16 4 4 1407 1 7 7 109235
16 4 4 1408 1 0 8 102963
16 4 4 1409 1 1 9 101376
16 4 4 1410 1 2 10 110376
16 4 4 1411 1 3 11 109602
16 4 4 1412 1 4 12 101135
16 4 4 1413 1 5 13 107933
16 4 4 1414 1 6 14 108335
16 4 4 1415 1 7 15 92347
16 4 4 1416 1 0 16 101517
16 4 4 1417 1 1 17 101884
16 4 4 1418 1 2 18 100875
16 4 4 1419 1 3 19 94557
16 4 4 1420 1 4 20 102699
16 4 4 1421 1 5 21 98185
16 4 4 1422 1 6 22 111483
16 4 4 1423 1 7 23 105953
16 4 4 1424 1 0 24 99833
16 4 4 1425 1 1 25 99701
16 4 4 1426 1 2 26 102824
16 4 4 1427 1 3 27 104183
16 4 4 1428 1 4 28 96152
16 4 4 1429 1 5 29 102608
16 4 4 1430 1 6 30 89232
16 4 4 1431 1 7 31 84502
16 4 4 1432 1 0 32 100264
16 4 4 1433 1 1 33 105972
16 4 4 1434 1 2 34 97816
16 4 4 1435 1 3 35 109654
16 4 4 1436 1 4 36 94560
16 4 4 1437 1 5 37 96048
16 4 4 1438 1 6 38 121587
16 4 4 1439 1 7 39 109822
16 4 4 1440 1 0 40 102182
16 4 4 1441 1 1 41 103638
16 4 4 1442 1 2 42 94916
16 4 4 1443 1 3 43 104056
16 4 4 1444 1 4 44 111931
16 4 4 1445 1 5 45 112252
16 4 4 1446 1 6 46 117543
16 4 4 1447 1 7 47 113830
16 4 4 1448 1 0 48 101121
16 4 4 1449 1 1 49 103753
16 4 4 1450 1 2 50 104474
16 4 4 1451 1 3 51 97397
16 4 4 1452 1 4 52 114677
16 4 4 1453 1 5 53 79556
16 4 4 1454 1 6 54 105233
16 4 4 1455 1 7 55 118210
16 4 4 1456 1 0 56 102923
16 4 4 1457 1 1 57 102427
16 4 4 1458 1 2 58 112395
16 4 4 1459 1 3 59 99499
16 4 4 1460 1 4 60 119440
16 4 4 1461 1 5 61 107865
16 4 4 1462 1 6 62 96565
16 4 4 1463 1 7 63 141204
16 4 4 1464 1 0 64 99946
16 4 4 1465 1 1 65 104516
16 4 4 1466 1 2 66 95090
16 4 4 1467 1 3 67 106520
16 4 4 1468 1 4 68 103584
16 4 4 1469 1 5 69 129591
16 4 4 1470 1 6 70 102674
16 4 4 1471 1 7 71 93665
16 4 4 1472 1 0 72 101188
16 4 4 1473 1 1 73 102468
16 4 4 1474 1 2 74 98725
16 4 4 1475 1 3 75 97974
16 4 4 1476 1 4 76 98098
16 4 4 1477 1 5 77 103537
16 4 4 1478 1 6 78 118865
16 4 4 1479 1 7 79 93672
16 4 4 1480 1 0 80 98247
16 4 4 1481 1 1 81 102549
16 4 4 1482 1 2 82 99495
16 4 4 1483 1 3 83 93789
16 4 4 1484 1 4 84 113140
16 4 4 1485 1 5 85 91166
16 4 4 1486 1 6 86 98619
16 4 4 1487 1 7 87 109707
16 4 4 1488 1 0 88 98269
16 4 4 1489 1 1 89 104836
16 4 4 1490 1 2 90 96553
16 4 4 1491 1 3 91 104716
16 4 4 1492 1 4 92 94960
16 4 4 1493 1 5 93 94718
16 4 4 1494 1 6 94 111391
16 4 4 1495 1 7 95 138842
16 4 4 1496 1 0 96 100723
16 4 4 1497 1 1 97 107835
16 4 4 1498 1 2 98 98259
16 4 4 1499 1 3 99 109046
16 4 5 1200 1 0 0 100809
16 4 5 1201 1 1 1 103403
16 4 5 1202 1 2 2 96918
16 4 5 1203 1 3 3 120057
16 4 5 1204 1 4 4 108189
16 4 5 1205 1 5 5 144019
16 4 5 1206 1 6 6 97445
16 4 5 1207 1 7 7 117840
16 4 5 1208 1 0 8 104249
16 4 5 1209 1 1 9 101762
16 4 5 1210 1 2 10 109008
16 4 5 1211 1 3 11 106992
16 4 5 1212 1 4 12 97450
16 4 5 1213 1 5 13 118918
16 4 5 1214 1 6 14 104668
16 4 5 1215 1 7 15 98248
16 4 5 1216 1 0 16 100922
16 4 5 1217 1 1 17 101473
16 4 5 1218 1 2 18 102149
16 4 5 1219 1 3 19 95676
16 4 5 1220 1 4 20 96884
16 4 5 1221 1 5 21 96144
16 4 5 1222 1 6 22 112947
16 4 5 1223 1 7 23 99521
16 4 5 1224 1 0 24 99167
16 4 5 1225 1 1 25 98661
16 4 5 1226 1 2 26 106167
16 4 5 1227 1 3 27 99508
16 4 5 1228 1 4 28 102406
16 4 5 1229 1 5 29 106534
16 4 5 1230 1 6 30 81334
16 4 5 1231 1 7 31 83455
16 4 5 1232 1 0 32 100668
16 4 5 1233 1 1 33 108048
16 4 5 1234 1 2 34 96542
16 4 5 1235 1 3 35 114609
16 4 5 1236 1 4 36 92092
16 4 5 1237 1 5 37 94726
16 4 5 1238 1 6 38 123061
16 4 5 1239 1 7 39 109837
16 4 5 1240 1 0 40 102319
16 4 5 1241 1 1 41 105621
16 4 5 1242 1 2 42 95943
16 4 5 1243 1 3 43 108775
16 4 5 1244 1 4 44 119167
16 4 5 1245 1 5 45 119437
16 4 5 1246 1 6 46 130459
16 4 5 1247 1 7 47 126838
16 4 5 1248 1 0 48 101920
16 4 5 1249 1 1 49 104259
16 4 5 1250 1 2 50 103059
16 4 5 1251 1 3 51 95689
16 4 5 1252 1 4 52 120738
16 4 5 1253 1 5 53 77986
16 4 5 1254 1 6 54 108285
16 4 5 1255 1 7 55 112251
16 4 5 1256 1 0 56 102086
16 4 5 1257 1 1 57 103064
16 4 5 1258 1 2 58 110663
16 4 5 1259 1 3 59 95627
16 4 5 1260 1 4 60 121188
16 4 5 1261 1 5 61 108271
16 4 5 1262 1 6 62 99318
16 4 5 1263 1 7 63 152376
16 4 5 1264 1 0 64 100353
16 4 5 1265 1 1 65 104051
16 4 5 1266 1 2 66 95366
16 4 5 1267 1 3 67 104282
16 4 5 1268 1 4 68 100886
16 4 5 1269 1 5 69 133328
16 4 5 1270 1 6 70 95292
16 4 5 1271 1 7 71 97877
16 4 5 1272 1 0 72 100721
16 4 5 1273 1 1 73 101691
16 4 5 1274 1 2 74 98584
16 4 5 1275 1 3 75 93526
16 4 5 1276 1 4 76 93943
16 4 5 1277 1 5 77 102405
16 4 5 1278 1 6 78 130661
16 4 5 1279 1 7 79 103191
16 4 5 1280 1 0 80 97901
16 4 5 1281 1 1 81 103815
16 4 5 1282 1 2 82 98186
16 4 5 1283 1 3 83 98052
16 4 5 1284 1 4 84 119230
16 4 5 1285 1 5 85 96021
16 4 5 1286 1 6 86 92581
16 4 5 1287 1 7 87 107359
16 4 5 1288 1 0 88 99522
16 4 5 1289 1 1 89 106870
16 4 5 1290 1 2 90 95137
16 4 5 1291 1 3 91 109649
16 4 5 1292 1 4 92 95290
16 4 5 1293 1 5 93 92686
16 4 5 1294 1 6 94 103473
16 4 5 1295 1 7 95 143931
16 4 5 1296 1 0 96 101465
16 4 5 1297 1 1 97 105768
16 4 5 1298 1 2 98 101627
16 4 5 1299 1 3 99 113588
16 4 5 1300 1 4 0 106273
16 4 5 1301 1 5 1 116956
16 4 5 1302 1 6 2 94675
16 4 5 1303 1 7 3 131793
16 4 5 1304 1 0 4 101779
16 4 5 1305 1 1 5 109859
16 4 5 1306 1 2 6 99144
16 4 5 1307 1 3 7 105355
16 4 5 1308 1 4 8 119830
16 4 5 1309 1 5 9 106176
16 4 5 1310 1 6 10 117083
16 4 5 1311 1 7 11 113707
16 4 5 1312 1 0 12 98649
16 4 5 1313 1 1 13 104466
16 4 5 1314 1 2 14 101938
16 4 5 1315 1 3 15 104631
16 4 5 1316 1 4 16 103983
16 4 5 1317 1 5 17 110294
16 4 5 1318 1 6 18 105302
16 4 5 1319 1 7 19 90261
16 4 5 1320 1 0 20 99336
16 4 5 1321 1 1 21 100098
16 4 5 1322 1 2 22 107055
16 4 5 1323 1 3 23 95865
16 4 5 1324 1 4 24 94306
16 4 5 1325 1 5 25 103121
16 4 5 1326 1 6 26 117890
16 4 5 1327 1 7 27 100956
16 4 5 1328 1 0 28 100702
16 4 5 1329 1 1 29 102934
16 4 5 1330 1 2 30 99052
16 4 5 1331 1 3 31 90895
16 4 5 1332 1 4 32 101803
16 4 5 1333 1 5 33 126325
16 4 5 1334 1 6 34 90536
16 4 5 1335 1 7 35 149410
16 4 5 1336 1 0 36 97910
16 4 5 1337 1 1 37 98745
16 4 5 1338 1 2 38 108505
16 4 5 1339 1 3 39 104302
16 4 5 1340 1 4 40 115410
16 4 5 1341 1 5 41 134626
16 4 5 1342 1 6 42 91971
16 4 5 1343 1 7 43 131862
16 4 5 1344 1 0 44 103613
16 4 5 1345 1 1 45 103975
16 4 5 1346 1 2 46 110375
16 4 5 1347 1 3 47 116469
16 4 5 1348 1 4 48 111004
16 4 5 1349 1 5 49 120894
16 4 5 1350 1 6 50 96097
16 4 5 1351 1 7 51 94901
16 4 5 1352 1 0 52 104076
16 4 5 1353 1 1 53 96451
16 4 5 1354 1 2 54 99641
16 4 5 1355 1 3 55 101402
16 4 5 1356 1 4 56 112167
16 4 5 1357 1 5 57 112332
16 4 5 1358 1 6 58 137241
16 4 5 1359 1 7 59 96549
16 4 5 1360 1 0 60 104715
16 4 5 1361 1 1 61 100524
16 4 5 1362 1 2 62 101221
16 4 5 1363 1 3 63 117264
16 4 5 1364 1 4 64 100614
16 4 5 1365 1 5 65 118093
16 4 5 1366 1 6 66 89436
16 4 5 1367 1 7 67 111638
16 4 5 1368 1 0 68 100412
16 4 5 1369 1 1 69 105759
16 4 5 1370 1 2 70 99158
16 4 5 1371 1 3 71 97619
16 4 5 1372 1 4 72 104003
16 4 5 1373 1 5 73 108781
16 4 5 1374 1 6 74 99359
16 4 5 1375 1 7 75 73481
16 4 5 1376 1 0 76 98461
16 4 5 1377 1 1 77 101002
16 4 5 1378 1 2 78 112777
16 4 5 1379 1 3 79 100634
16 4 5 1380 1 4 80 88127
16 4 5 1381 1 5 81 112897
16 4 5 1382 1 6 82 99853
16 4 5 1383 1 7 83 90372
16 4 5 1384 1 0 84 104333
16 4 5 1385 1 1 85 99961
16 4 5 1386 1 2 86 99931
16 4 5 1387 1 3 87 106437
16 4 5 1388 1 4 88 97115
16 4 5 1389 1 5 89 128035
16 4 5 1390 1 6 90 98294
16 4 5 1391 1 7 91 122022
16 4 5 1392 1 0 92 99297
16 4 5 1393 1 1 93 97089
16 4 5 1394 1 2 94 100386
16 4 5 1395 1 3 95 117146
16 4 5 1396 1 4 96 108758
16 4 5 1397 1 5 97 117154
16 4 5 1398 1 6 98 100758
16 4 5 1399 1 7 99 128857
16 4 5 1400 1 0 0 100809
16 4 5 1401 1 1 1 103403
16 4 5 1402 1 2 2 96918
16 4 5 1403 1 3 3 120057
16 4 5 1404 1 4 4 108189
16 4 5 1405 1 5 5 144019
16 4 5 1406 1 6 6 97445
16 4 5 1407 1 7 7 117840
16 4 5 1408 1 0 8 104249
16 4 5 1409 1 1 9 101762
16 4 5 1410 1 2 10 109008
16 4 5 1411 1 3 11 106992
16 4 5 1412 1 4 12 97450
16 4 5 1413 1 5 13 118918
16 4 5 1414 1 6 14 104668
16 4 5 1415 1 7 15 98248
16 4 5 1416 1 0 16 100922
16 4 5 1417 1 1 17 101473
16 4 5 1418 1 2 18 102149
16 4 5 1419 1 3 19 95676
16 4 5 1420 1 4 20 96884
16 4 5 1421 1 5 21 96144
16 4 5 1422 1 6 22 112947
16 4 5 1423 1 7 23 99521
16 4 5 1424 1 0 24 99167
16 4 5 1425 1 1 25 98661
16 4 5 1426 1 2 26 106167
16 4 5 1427 1 3 27 99508
16 4 5 1428 1 4 28 102406
16 4 5 1429 1 5 29 106534
16 4 5 1430 1 6 30 81334
16 4 5 1431 1 7 31 83455
16 4 5 1432 1 0 32 100668
16 4 5 1433 1 1 33 108048
16 4 5 1434 1 2 34 96542
16 4 5 1435 1 3 35 114609
16 4 5 1436 1 4 36 92092
16 4 5 1437 1 5 37 94726
16 4 5 1438 1 6 38 123061
16 4 5 1439 1 7 39 109837
16 4 5 1440 1 0 40 102319
16 4 5 1441 1 1 41 105621
16 4 5 1442 1 2 42 95943
16 4 5 1443 1 3 43 108775
16 4 5 1444 1 4 44 119167
16 4 5 1445 1 5 45 119437
16 4 5 1446 1 6 46 130459
16 4 5 1447 1 7 47 126838
16 4 5 1448 1 0 48 101920
16 4 5 1449 1 1 49 104259
16 4 5 1450 1 2 50 103059
16 4 5 1451 1 3 51 95689
16 4 5 1452 1 4 52 120738
16 4 5 1453 1 5 53 77986
16 4 5 1454 1 6 54 108285
16 4 5 1455 1 7 55 112251
16 4 5 1456 1 0 56 102086
16 4 5 1457 1 1 57 103064
16 4 5 1458 1 2 58 110663
16 4 5 1459 1 3 59 95627
16 4 5 1460 1 4 60 121188
16 4 5 1461 1 5 61 108271
16 4 5 1462 1 6 62 99318
16 4 5 1463 1 7 63 152376
16 4 5 1464 1 0 64 100353
16 4 5 1465 1 1 65 104051
16 4 5 1466 1 2 66 95366
16 4 5 1467 1 3 67 104282
16 4 5 1468 1 4 68 100886
16 4 5 1469 1 5 69 133328
16 4 5 1470 1 6 70 95292
16 4 5 1471 1 7 71 97877
16 4 5 1472 1 0 72 100721
16 4 5 1473 1 1 73 101691
16 4 5 1474 1 2 74 98584
16 4 5 1475 1 3 75 93526
16 4 5 1476 1 4 76 93943
16 4 5 1477 1 5 77 102405
16 4 5 1478 1 6 78 130661
16 4 5 1479 1 7 79 103191
16 4 5 1480 1 0 80 97901
16 4 5 1481 1 1 81 103815
16 4 5 1482 1 2 82 98186
16 4 5 1483 1 3 83 98052
16 4 5 1484 1 4 84 119230
16 4 5 1485 1 5 85 96021
16 4 5 1486 1 6 86 92581
16 4 5 1487 1 7 87 107359
16 4 5 1488 1 0 88 99522
16 4 5 1489 1 1 89 106870
16 4 5 1490 1 2 90 95137
16 4 5 1491 1 3 91 109649
16 4 5 1492 1 4 92 95290
16 4 5 1493 1 5 93 92686
16 4 5 1494 1 6 94 103473
16 4 5 1495 1 7 95 143931
16 4 5 1496 1 0 96 101465
16 4 5 1497 1 1 97 105768
16 4 5 1498 1 2 98 101627
16 4 5 1499 1 3 99 113588
