8 0 1 0 0 0 0 101283
8 0 1 1 0 1 1 102008
8 0 1 2 0 2 2 103281
8 0 1 3 0 3 3 100250
8 0 1 4 0 4 4 106528
8 0 1 5 0 5 5 109500
8 0 1 6 0 6 6 110693
8 0 1 7 0 7 7 112954
8 0 1 8 0 0 8 101211
8 0 1 9 0 1 9 102016
8 0 1 10 0 2 10 103234
8 0 1 11 0 3 11 104630
8 0 1 12 0 4 12 106335
8 0 1 13 0 5 13 109997
8 0 1 14 0 6 14 111020
8 0 1 15 0 7 15 112334
8 0 1 16 0 0 16 101280
8 0 1 17 0 1 17 101947
8 0 1 18 0 2 18 99878
8 0 1 19 0 3 19 104699
8 0 1 20 0 4 20 106303
8 0 1 21 0 5 21 109922
8 0 1 22 0 6 22 107491
8 0 1 23 0 7 23 112378
8 0 1 24 0 0 24 101346
8 0 1 25 0 1 25 101931
8 0 1 26 0 2 26 103382
8 0 1 27 0 3 27 104615
8 0 1 28 0 4 28 106584
8 0 1 29 0 5 29 109944
8 0 1 30 0 6 30 111231
8 0 1 31 0 7 31 112896
8 0 1 32 0 0 32 101326
8 0 1 33 0 1 33 101433
8 0 1 34 0 2 34 103224
8 0 1 35 0 3 35 104494
8 0 1 36 0 4 36 106221
8 0 1 37 0 5 37 109890
8 0 1 38 0 6 38 111377
8 0 1 39 0 7 39 108709
8 0 1 40 0 0 40 101330
8 0 1 41 0 1 41 102033
8 0 1 42 0 2 42 103267
8 0 1 43 0 3 43 104750
8 0 1 44 0 4 44 106531
8 0 1 45 0 5 45 109682
8 0 1 46 0 6 46 107964
8 0 1 47 0 7 47 112564
8 0 1 48 0 0 48 101344
8 0 1 49 0 1 49 102006
8 0 1 50 0 2 50 103301
8 0 1 51 0 3 51 104621
8 0 1 52 0 4 52 106463
8 0 1 53 0 5 53 109652
8 0 1 54 0 6 54 111193
8 0 1 55 0 7 55 112915
8 0 1 56 0 0 56 101349
8 0 1 57 0 1 57 102014
8 0 1 58 0 2 58 103282
8 0 1 59 0 3 59 104565
8 0 1 60 0 4 60 106586
8 0 1 61 0 5 61 109461
8 0 1 62 0 6 62 110756
8 0 1 63 0 7 63 113479
8 0 1 64 0 0 64 101332
8 0 1 65 0 1 65 101998
8 0 1 66 0 2 66 103348
8 0 1 67 0 3 67 104620
8 0 1 68 0 4 68 106384
8 0 1 69 0 5 69 109928
8 0 1 70 0 6 70 110778
8 0 1 71 0 7 71 113071
8 0 1 72 0 0 72 101338
8 0 1 73 0 1 73 101757
8 0 1 74 0 2 74 102695
8 0 1 75 0 3 75 104578
8 0 1 76 0 4 76 106695
8 0 1 77 0 5 77 109898
8 0 1 78 0 6 78 111069
8 0 1 79 0 7 79 100959
8 0 1 80 0 0 80 101308
8 0 1 81 0 1 81 101999
8 0 1 82 0 2 82 103371
8 0 1 83 0 3 83 104700
8 0 1 84 0 4 84 102340
8 0 1 85 0 5 85 107512
8 0 1 86 0 6 86 111265
8 0 1 87 0 7 87 112805
8 0 1 88 0 0 88 101348
8 0 1 89 0 1 89 101946
8 0 1 90 0 2 90 103013
8 0 1 91 0 3 91 102519
8 0 1 92 0 4 92 106602
8 0 1 93 0 5 93 109856
8 0 1 94 0 6 94 111132
8 0 1 95 0 7 95 103903
8 0 1 96 0 0 96 101272
8 0 1 97 0 1 97 101888
8 0 1 98 0 2 98 103319
8 0 1 99 0 3 99 104609
8 0 1 100 0 4 0 106421
8 0 1 101 0 5 1 109685
8 0 1 102 0 6 2 111261
8 0 1 103 0 7 3 103784
8 0 1 104 0 0 4 101308
8 0 1 105 0 1 5 101791
8 0 1 106 0 2 6 103157
8 0 1 107 0 3 7 104684
8 0 1 108 0 4 8 105890
8 0 1 109 0 5 9 109963
8 0 1 110 0 6 10 110863
8 0 1 111 0 7 11 112992
8 0 1 112 0 0 12 101282
8 0 1 113 0 1 13 102006
8 0 1 114 0 2 14 103074
8 0 1 115 0 3 15 104595
8 0 1 116 0 4 16 106339
8 0 1 117 0 5 17 109720
8 0 1 118 0 6 18 103566
8 0 1 119 0 7 19 113046
8 0 1 120 0 0 20 101261
8 0 1 121 0 1 21 102023
8 0 1 122 0 2 22 101071
8 0 1 123 0 3 23 104168
8 0 1 124 0 4 24 106720
8 0 1 125 0 5 25 109651
8 0 1 126 0 6 26 111148
8 0 1 127 0 7 27 113102
8 0 1 128 0 0 28 101318
8 0 1 129 0 1 29 101990
8 0 1 130 0 2 30 103315
8 0 1 131 0 3 31 104516
8 0 1 132 0 4 32 106633
8 0 1 133 0 5 33 108653
8 0 1 134 0 6 34 110348
8 0 1 135 0 7 35 112806
8 0 1 136 0 0 36 101261
8 0 1 137 0 1 37 101989
8 0 1 138 0 2 38 103360
8 0 1 139 0 3 39 104515
8 0 1 140 0 4 40 106624
8 0 1 141 0 5 41 110175
8 0 1 142 0 6 42 110942
8 0 1 143 0 7 43 113136
8 0 1 144 0 0 44 101326
8 0 1 145 0 1 45 101971
8 0 1 146 0 2 46 103130
8 0 1 147 0 3 47 104358
8 0 1 148 0 4 48 106653
8 0 1 149 0 5 49 109948
8 0 1 150 0 6 50 109456
8 0 1 151 0 7 51 113106
8 0 1 152 0 0 52 101317
8 0 1 153 0 1 53 101996
8 0 1 154 0 2 54 103307
8 0 1 155 0 3 55 104480
8 0 1 156 0 4 56 106743
8 0 1 157 0 5 57 109850
8 0 1 158 0 6 58 110993
8 0 1 159 0 7 59 112664
8 0 1 160 0 0 60 101313
8 0 1 161 0 1 61 101875
8 0 1 162 0 2 62 103220
8 0 1 163 0 3 63 104706
8 0 1 164 0 4 64 106665
8 0 1 165 0 5 65 109896
8 0 1 166 0 6 66 111002
8 0 1 167 0 7 67 112429
8 0 1 168 0 0 68 101276
8 0 1 169 0 1 69 101989
8 0 1 170 0 2 70 103345
8 0 1 171 0 3 71 104599
8 0 1 172 0 4 72 106692
8 0 1 173 0 5 73 109231
8 0 1 174 0 6 74 106015
8 0 1 175 0 7 75 112662
8 0 1 176 0 0 76 101338
8 0 1 177 0 1 77 101991
8 0 1 178 0 2 78 103269
8 0 1 179 0 3 79 96610
8 0 1 180 0 4 80 106488
8 0 1 181 0 5 81 109953
8 0 1 182 0 6 82 111372
8 0 1 183 0 7 83 113340
8 0 1 184 0 0 84 100135
8 0 1 185 0 1 85 101198
8 0 1 186 0 2 86 103332
8 0 1 187 0 3 87 104529
8 0 1 188 0 4 88 106745
8 0 1 189 0 5 89 109748
8 0 1 190 0 6 90 110119
8 0 1 191 0 7 91 110572
8 0 1 192 0 0 92 101320
8 0 1 193 0 1 93 101980
8 0 1 194 0 2 94 103342
8 0 1 195 0 3 95 100000
8 0 1 196 0 4 96 105907
8 0 1 197 0 5 97 109404
8 0 1 198 0 6 98 111234
8 0 1 199 0 7 99 112895
8 0 1 200 0 0 0 101283
8 0 1 201 0 1 1 102008
8 0 1 202 0 2 2 103281
8 0 1 203 0 3 3 100250
8 0 1 204 0 4 4 106528
8 0 1 205 0 5 5 109500
8 0 1 206 0 6 6 110693
8 0 1 207 0 7 7 112954
8 0 1 208 0 0 8 101211
8 0 1 209 0 1 9 102016
8 0 1 210 0 2 10 103234
8 0 1 211 0 3 11 104630
8 0 1 212 0 4 12 106335
8 0 1 213 0 5 13 109997
8 0 1 214 0 6 14 111020
8 0 1 215 0 7 15 112334
8 0 1 216 0 0 16 101280
8 0 1 217 0 1 17 101947
8 0 1 218 0 2 18 99878
8 0 1 219 0 3 19 104699
8 0 1 220 0 4 20 106303
8 0 1 221 0 5 21 109922
8 0 1 222 0 6 22 107491
8 0 1 223 0 7 23 112378
8 0 1 224 0 0 24 101346
8 0 1 225 0 1 25 101931
8 0 1 226 0 2 26 103382
8 0 1 227 0 3 27 104615
8 0 1 228 0 4 28 106584
8 0 1 229 0 5 29 109944
8 0 1 230 0 6 30 111231
8 0 1 231 0 7 31 112896
8 0 1 232 0 0 32 101326
8 0 1 233 0 1 33 101433
8 0 1 234 0 2 34 103224
8 0 1 235 0 3 35 104494
8 0 1 236 0 4 36 106221
8 0 1 237 0 5 37 109890
8 0 1 238 0 6 38 111377
8 0 1 239 0 7 39 108709
8 0 1 240 0 0 40 101330
8 0 1 241 0 1 41 102033
8 0 1 242 0 2 42 103267
8 0 1 243 0 3 43 104750
8 0 1 244 0 4 44 106531
8 0 1 245 0 5 45 109682
8 0 1 246 0 6 46 107964
8 0 1 247 0 7 47 112564
8 0 1 248 0 0 48 101344
8 0 1 249 0 1 49 102006
8 0 1 250 0 2 50 103301
8 0 1 251 0 3 51 104621
8 0 1 252 0 4 52 106463
8 0 1 253 0 5 53 109652
8 0 1 254 0 6 54 111193
8 0 1 255 0 7 55 112915
8 0 1 256 0 0 56 101349
8 0 1 257 0 1 57 102014
8 0 1 258 0 2 58 103282
8 0 1 259 0 3 59 104565
8 0 1 260 0 4 60 106586
8 0 1 261 0 5 61 109461
8 0 1 262 0 6 62 110756
8 0 1 263 0 7 63 113479
8 0 1 264 0 0 64 101332
8 0 1 265 0 1 65 101998
8 0 1 266 0 2 66 103348
8 0 1 267 0 3 67 104620
8 0 1 268 0 4 68 106384
8 0 1 269 0 5 69 109928
8 0 1 270 0 6 70 110778
8 0 1 271 0 7 71 113071
8 0 1 272 0 0 72 101338
8 0 1 273 0 1 73 101757
8 0 1 274 0 2 74 102695
8 0 1 275 0 3 75 104578
8 0 1 276 0 4 76 106695
8 0 1 277 0 5 77 109898
8 0 1 278 0 6 78 111069
8 0 1 279 0 7 79 100959
8 0 1 280 0 0 80 101308
8 0 1 281 0 1 81 101999
8 0 1 282 0 2 82 103371
8 0 1 283 0 3 83 104700
8 0 1 284 0 4 84 102340
8 0 1 285 0 5 85 107512
8 0 1 286 0 6 86 111265
8 0 1 287 0 7 87 112805
8 0 1 288 0 0 88 101348
8 0 1 289 0 1 89 101946
8 0 1 290 0 2 90 103013
8 0 1 291 0 3 91 102519
8 0 1 292 0 4 92 106602
8 0 1 293 0 5 93 109856
8 0 1 294 0 6 94 111132
8 0 1 295 0 7 95 103903
8 0 1 296 0 0 96 101272
8 0 1 297 0 1 97 101888
8 0 1 298 0 2 98 103319
8 0 1 299 0 3 99 104609
8 0 1 300 0 4 0 106421
8 0 1 301 0 5 1 109685
8 0 1 302 0 6 2 111261
8 0 1 303 0 7 3 103784
8 0 1 304 0 0 4 101308
8 0 1 305 0 1 5 101791
8 0 1 306 0 2 6 103157
8 0 1 307 0 3 7 104684
8 0 1 308 0 4 8 105890
8 0 1 309 0 5 9 109963
8 0 1 310 0 6 10 110863
8 0 1 311 0 7 11 112992
8 0 1 312 0 0 12 101282
8 0 1 313 0 1 13 102006
8 0 1 314 0 2 14 103074
8 0 1 315 0 3 15 104595
8 0 1 316 0 4 16 106339
8 0 1 317 0 5 17 109720
8 0 1 318 0 6 18 103566
8 0 1 319 0 7 19 113046
8 0 1 320 0 0 20 101261
8 0 1 321 0 1 21 102023
8 0 1 322 0 2 22 101071
8 0 1 323 0 3 23 104168
8 0 1 324 0 4 24 106720
8 0 1 325 0 5 25 109651
8 0 1 326 0 6 26 111148
8 0 1 327 0 7 27 113102
8 0 1 328 0 0 28 101318
8 0 1 329 0 1 29 101990
8 0 1 330 0 2 30 103315
8 0 1 331 0 3 31 104516
8 0 1 332 0 4 32 106633
8 0 1 333 0 5 33 108653
8 0 1 334 0 6 34 110348
8 0 1 335 0 7 35 112806
8 0 1 336 0 0 36 101261
8 0 1 337 0 1 37 101989
8 0 1 338 0 2 38 103360
8 0 1 339 0 3 39 104515
8 0 1 340 0 4 40 106624
8 0 1 341 0 5 41 110175
8 0 1 342 0 6 42 110942
8 0 1 343 0 7 43 113136
8 0 1 344 0 0 44 101326
8 0 1 345 0 1 45 101971
8 0 1 346 0 2 46 103130
8 0 1 347 0 3 47 104358
8 0 1 348 0 4 48 106653
8 0 1 349 0 5 49 109948
8 0 1 350 0 6 50 109456
8 0 1 351 0 7 51 113106
8 0 1 352 0 0 52 101317
8 0 1 353 0 1 53 101996
8 0 1 354 0 2 54 103307
8 0 1 355 0 3 55 104480
8 0 1 356 0 4 56 106743
8 0 1 357 0 5 57 109850
8 0 1 358 0 6 58 110993
8 0 1 359 0 7 59 112664
8 0 1 360 0 0 60 101313
8 0 1 361 0 1 61 101875
8 0 1 362 0 2 62 103220
8 0 1 363 0 3 63 104706
8 0 1 364 0 4 64 106665
8 0 1 365 0 5 65 109896
8 0 1 366 0 6 66 111002
8 0 1 367 0 7 67 112429
8 0 1 368 0 0 68 101276
8 0 1 369 0 1 69 101989
8 0 1 370 0 2 70 103345
8 0 1 371 0 3 71 104599
8 0 1 372 0 4 72 106692
8 0 1 373 0 5 73 109231
8 0 1 374 0 6 74 106015
8 0 1 375 0 7 75 112662
8 0 1 376 0 0 76 101338
8 0 1 377 0 1 77 101991
8 0 1 378 0 2 78 103269
8 0 1 379 0 3 79 96610
8 0 1 380 0 4 80 106488
8 0 1 381 0 5 81 109953
8 0 1 382 0 6 82 111372
8 0 1 383 0 7 83 113340
8 0 1 384 0 0 84 100135
8 0 1 385 0 1 85 101198
8 0 1 386 0 2 86 103332
8 0 1 387 0 3 87 104529
8 0 1 388 0 4 88 106745
8 0 1 389 0 5 89 109748
8 0 1 390 0 6 90 110119
8 0 1 391 0 7 91 110572
8 0 1 392 0 0 92 101320
8 0 1 393 0 1 93 101980
8 0 1 394 0 2 94 103342
8 0 1 395 0 3 95 100000
8 0 1 396 0 4 96 105907
8 0 1 397 0 5 97 109404
8 0 1 398 0 6 98 111234
8 0 1 399 0 7 99 112895
8 0 1 400 0 0 0 101283
8 0 1 401 0 1 1 102008
8 0 1 402 0 2 2 103281
8 0 1 403 0 3 3 100250
8 0 1 404 0 4 4 106528
8 0 1 405 0 5 5 109500
8 0 1 406 0 6 6 110693
8 0 1 407 0 7 7 112954
8 0 1 408 0 0 8 101211
8 0 1 409 0 1 9 102016
8 0 1 410 0 2 10 103234
8 0 1 411 0 3 11 104630
8 0 1 412 0 4 12 106335
8 0 1 413 0 5 13 109997
8 0 1 414 0 6 14 111020
8 0 1 415 0 7 15 112334
8 0 1 416 0 0 16 101280
8 0 1 417 0 1 17 101947
8 0 1 418 0 2 18 99878
8 0 1 419 0 3 19 104699
8 0 1 420 0 4 20 106303
8 0 1 421 0 5 21 109922
8 0 1 422 0 6 22 107491
8 0 1 423 0 7 23 112378
8 0 1 424 0 0 24 101346
8 0 1 425 0 1 25 101931
8 0 1 426 0 2 26 103382
8 0 1 427 0 3 27 104615
8 0 1 428 0 4 28 106584
8 0 1 429 0 5 29 109944
8 0 1 430 0 6 30 111231
8 0 1 431 0 7 31 112896
8 0 1 432 0 0 32 101326
8 0 1 433 0 1 33 101433
8 0 1 434 0 2 34 103224
8 0 1 435 0 3 35 104494
8 0 1 436 0 4 36 106221
8 0 1 437 0 5 37 109890
8 0 1 438 0 6 38 111377
8 0 1 439 0 7 39 108709
8 0 1 440 0 0 40 101330
8 0 1 441 0 1 41 102033
8 0 1 442 0 2 42 103267
8 0 1 443 0 3 43 104750
8 0 1 444 0 4 44 106531
8 0 1 445 0 5 45 109682
8 0 1 446 0 6 46 107964
8 0 1 447 0 7 47 112564
8 0 1 448 0 0 48 101344
8 0 1 449 0 1 49 102006
8 0 1 450 0 2 50 103301
8 0 1 451 0 3 51 104621
8 0 1 452 0 4 52 106463
8 0 1 453 0 5 53 109652
8 0 1 454 0 6 54 111193
8 0 1 455 0 7 55 112915
8 0 1 456 0 0 56 101349
8 0 1 457 0 1 57 102014
8 0 1 458 0 2 58 103282
8 0 1 459 0 3 59 104565
8 0 1 460 0 4 60 106586
8 0 1 461 0 5 61 109461
8 0 1 462 0 6 62 110756
8 0 1 463 0 7 63 113479
8 0 1 464 0 0 64 101332
8 0 1 465 0 1 65 101998
8 0 1 466 0 2 66 103348
8 0 1 467 0 3 67 104620
8 0 1 468 0 4 68 106384
8 0 1 469 0 5 69 109928
8 0 1 470 0 6 70 110778
8 0 1 471 0 7 71 113071
8 0 1 472 0 0 72 101338
8 0 1 473 0 1 73 101757
8 0 1 474 0 2 74 102695
8 0 1 475 0 3 75 104578
8 0 1 476 0 4 76 106695
8 0 1 477 0 5 77 109898
8 0 1 478 0 6 78 111069
8 0 1 479 0 7 79 100959
8 0 1 480 0 0 80 101308
8 0 1 481 0 1 81 101999
8 0 1 482 0 2 82 103371
8 0 1 483 0 3 83 104700
8 0 1 484 0 4 84 102340
8 0 1 485 0 5 85 107512
8 0 1 486 0 6 86 111265
8 0 1 487 0 7 87 112805
8 0 1 488 0 0 88 101348
8 0 1 489 0 1 89 101946
8 0 1 490 0 2 90 103013
8 0 1 491 0 3 91 102519
8 0 1 492 0 4 92 106602
8 0 1 493 0 5 93 109856
8 0 1 494 0 6 94 111132
8 0 1 495 0 7 95 103903
8 0 1 496 0 0 96 101272
8 0 1 497 0 1 97 101888
8 0 1 498 0 2 98 103319
8 0 1 499 0 3 99 104609
8 0 1 500 0 4 0 106421
8 0 1 501 0 5 1 109685
8 0 1 502 0 6 2 111261
8 0 1 503 0 7 3 103784
8 0 1 504 0 0 4 101308
8 0 1 505 0 1 5 101791
8 0 1 506 0 2 6 103157
8 0 1 507 0 3 7 104684
8 0 1 508 0 4 8 105890
8 0 1 509 0 5 9 109963
8 0 1 510 0 6 10 110863
8 0 1 511 0 7 11 112992
8 0 1 512 0 0 12 101282
8 0 1 513 0 1 13 102006
8 0 1 514 0 2 14 103074
8 0 1 515 0 3 15 104595
8 0 1 516 0 4 16 106339
8 0 1 517 0 5 17 109720
8 0 1 518 0 6 18 103566
8 0 1 519 0 7 19 113046
8 0 1 520 0 0 20 101261
8 0 1 521 0 1 21 102023
8 0 1 522 0 2 22 101071
8 0 1 523 0 3 23 104168
8 0 1 524 0 4 24 106720
8 0 1 525 0 5 25 109651
8 0 1 526 0 6 26 111148
8 0 1 527 0 7 27 113102
8 0 1 528 0 0 28 101318
8 0 1 529 0 1 29 101990
8 0 1 530 0 2 30 103315
8 0 1 531 0 3 31 104516
8 0 1 532 0 4 32 106633
8 0 1 533 0 5 33 108653
8 0 1 534 0 6 34 110348
8 0 1 535 0 7 35 112806
8 0 1 536 0 0 36 101261
8 0 1 537 0 1 37 101989
8 0 1 538 0 2 38 103360
8 0 1 539 0 3 39 104515
8 0 1 540 0 4 40 106624
8 0 1 541 0 5 41 110175
8 0 1 542 0 6 42 110942
8 0 1 543 0 7 43 113136
8 0 1 544 0 0 44 101326
8 0 1 545 0 1 45 101971
8 0 1 546 0 2 46 103130
8 0 1 547 0 3 47 104358
8 0 1 548 0 4 48 106653
8 0 1 549 0 5 49 109948
8 0 1 550 0 6 50 109456
8 0 1 551 0 7 51 113106
8 0 1 552 0 0 52 101317
8 0 1 553 0 1 53 101996
8 0 1 554 0 2 54 103307
8 0 1 555 0 3 55 104480
8 0 1 556 0 4 56 106743
8 0 1 557 0 5 57 109850
8 0 1 558 0 6 58 110993
8 0 1 559 0 7 59 112664
8 0 1 560 0 0 60 101313
8 0 1 561 0 1 61 101875
8 0 1 562 0 2 62 103220
8 0 1 563 0 3 63 104706
8 0 1 564 0 4 64 106665
8 0 1 565 0 5 65 109896
8 0 1 566 0 6 66 111002
8 0 1 567 0 7 67 112429
8 0 1 568 0 0 68 101276
8 0 1 569 0 1 69 101989
8 0 1 570 0 2 70 103345
8 0 1 571 0 3 71 104599
8 0 1 572 0 4 72 106692
8 0 1 573 0 5 73 109231
8 0 1 574 0 6 74 106015
8 0 1 575 0 7 75 112662
8 0 1 576 0 0 76 101338
8 0 1 577 0 1 77 101991
8 0 1 578 0 2 78 103269
8 0 1 579 0 3 79 96610
8 0 1 580 0 4 80 106488
8 0 1 581 0 5 81 109953
8 0 1 582 0 6 82 111372
8 0 1 583 0 7 83 113340
8 0 1 584 0 0 84 100135
8 0 1 585 0 1 85 101198
8 0 1 586 0 2 86 103332
8 0 1 587 0 3 87 104529
8 0 1 588 0 4 88 106745
8 0 1 589 0 5 89 109748
8 0 1 590 0 6 90 110119
8 0 1 591 0 7 91 110572
8 0 1 592 0 0 92 101320
8 0 1 593 0 1 93 101980
8 0 1 594 0 2 94 103342
8 0 1 595 0 3 95 100000
8 0 1 596 0 4 96 105907
8 0 1 597 0 5 97 109404
8 0 1 598 0 6 98 111234
8 0 1 599 0 7 99 112895
8 0 2 0 0 0 0 102614
8 0 2 1 0 1 1 104065
8 0 2 2 0 2 2 106702
8 0 2 3 0 3 3 104945
8 0 2 4 0 4 4 113079
8 0 2 5 0 5 5 120115
8 0 2 6 0 6 6 122553
8 0 2 7 0 7 7 127613
8 0 2 8 0 0 8 102531
8 0 2 9 0 1 9 104062
8 0 2 10 0 2 10 106702
8 0 2 11 0 3 11 109508
8 0 2 12 0 4 12 113059
8 0 2 13 0 5 13 120613
8 0 2 14 0 6 14 120856
8 0 2 15 0 7 15 127071
8 0 2 16 0 0 16 102645
8 0 2 17 0 1 17 103926
8 0 2 18 0 2 18 103244
8 0 2 19 0 3 19 109366
8 0 2 20 0 4 20 111285
8 0 2 21 0 5 21 120615
8 0 2 22 0 6 22 117974
8 0 2 23 0 7 23 126942
8 0 2 24 0 0 24 102369
8 0 2 25 0 1 25 103921
8 0 2 26 0 2 26 106814
8 0 2 27 0 3 27 109407
8 0 2 28 0 4 28 109904
8 0 2 29 0 5 29 120915
8 0 2 30 0 6 30 123127
8 0 2 31 0 7 31 127336
8 0 2 32 0 0 32 102681
8 0 2 33 0 1 33 103400
8 0 2 34 0 2 34 106677
8 0 2 35 0 3 35 109347
8 0 2 36 0 4 36 113278
8 0 2 37 0 5 37 120463
8 0 2 38 0 6 38 123139
8 0 2 39 0 7 39 120773
8 0 2 40 0 0 40 102674
8 0 2 41 0 1 41 104080
8 0 2 42 0 2 42 106695
8 0 2 43 0 3 43 109400
8 0 2 44 0 4 44 113241
8 0 2 45 0 5 45 120573
8 0 2 46 0 6 46 119545
8 0 2 47 0 7 47 127265
8 0 2 48 0 0 48 102664
8 0 2 49 0 1 49 104044
8 0 2 50 0 2 50 106727
8 0 2 51 0 3 51 109355
8 0 2 52 0 4 52 113267
8 0 2 53 0 5 53 119661
8 0 2 54 0 6 54 123302
8 0 2 55 0 7 55 126883
8 0 2 56 0 0 56 102713
8 0 2 57 0 1 57 104004
8 0 2 58 0 2 58 106707
8 0 2 59 0 3 59 109255
8 0 2 60 0 4 60 113517
8 0 2 61 0 5 61 119697
8 0 2 62 0 6 62 123139
8 0 2 63 0 7 63 128669
8 0 2 64 0 0 64 102642
8 0 2 65 0 1 65 104060
8 0 2 66 0 2 66 106820
8 0 2 67 0 3 67 109395
8 0 2 68 0 4 68 113110
8 0 2 69 0 5 69 120469
8 0 2 70 0 6 70 123334
8 0 2 71 0 7 71 127713
8 0 2 72 0 0 72 102658
8 0 2 73 0 1 73 103783
8 0 2 74 0 2 74 105931
8 0 2 75 0 3 75 109222
8 0 2 76 0 4 76 113700
8 0 2 77 0 5 77 120445
8 0 2 78 0 6 78 120433
8 0 2 79 0 7 79 114192
8 0 2 80 0 0 80 102664
8 0 2 81 0 1 81 104038
8 0 2 82 0 2 82 106766
8 0 2 83 0 3 83 109443
8 0 2 84 0 4 84 108068
8 0 2 85 0 5 85 117787
8 0 2 86 0 6 86 123493
8 0 2 87 0 7 87 124418
8 0 2 88 0 0 88 102680
8 0 2 89 0 1 89 103799
8 0 2 90 0 2 90 106324
8 0 2 91 0 3 91 106965
8 0 2 92 0 4 92 113676
8 0 2 93 0 5 93 120614
8 0 2 94 0 6 94 122357
8 0 2 95 0 7 95 117275
8 0 2 96 0 0 96 102592
8 0 2 97 0 1 97 103930
8 0 2 98 0 2 98 106776
8 0 2 99 0 3 99 109458
8 0 2 100 0 4 0 113297
8 0 2 101 0 5 1 120689
8 0 2 102 0 6 2 123521
8 0 2 103 0 7 3 117562
8 0 2 104 0 0 4 102554
8 0 2 105 0 1 5 103834
8 0 2 106 0 2 6 106502
8 0 2 107 0 3 7 109588
8 0 2 108 0 4 8 112523
8 0 2 109 0 5 9 120718
8 0 2 110 0 6 10 123205
8 0 2 111 0 7 11 126827
8 0 2 112 0 0 12 102568
8 0 2 113 0 1 13 104001
8 0 2 114 0 2 14 106357
8 0 2 115 0 3 15 109494
8 0 2 116 0 4 16 113467
8 0 2 117 0 5 17 120359
8 0 2 118 0 6 18 115277
8 0 2 119 0 7 19 127283
8 0 2 120 0 0 20 102595
8 0 2 121 0 1 21 104018
8 0 2 122 0 2 22 103959
8 0 2 123 0 3 23 108872
8 0 2 124 0 4 24 112160
8 0 2 125 0 5 25 119177
8 0 2 126 0 6 26 123580
8 0 2 127 0 7 27 127820
8 0 2 128 0 0 28 102662
8 0 2 129 0 1 29 104002
8 0 2 130 0 2 30 106495
8 0 2 131 0 3 31 109194
8 0 2 132 0 4 32 113699
8 0 2 133 0 5 33 119036
8 0 2 134 0 6 34 122661
8 0 2 135 0 7 35 127018
8 0 2 136 0 0 36 102609
8 0 2 137 0 1 37 104001
8 0 2 138 0 2 38 106617
8 0 2 139 0 3 39 109037
8 0 2 140 0 4 40 113650
8 0 2 141 0 5 41 121149
8 0 2 142 0 6 42 123265
8 0 2 143 0 7 43 127292
8 0 2 144 0 0 44 102641
8 0 2 145 0 1 45 104001
8 0 2 146 0 2 46 106565
8 0 2 147 0 3 47 109173
8 0 2 148 0 4 48 113607
8 0 2 149 0 5 49 120791
8 0 2 150 0 6 50 121763
8 0 2 151 0 7 51 127434
8 0 2 152 0 0 52 102626
8 0 2 153 0 1 53 103956
8 0 2 154 0 2 54 106617
8 0 2 155 0 3 55 109373
8 0 2 156 0 4 56 113818
8 0 2 157 0 5 57 120009
8 0 2 158 0 6 58 123213
8 0 2 159 0 7 59 127040
8 0 2 160 0 0 60 102614
8 0 2 161 0 1 61 103618
8 0 2 162 0 2 62 106631
8 0 2 163 0 3 63 109632
8 0 2 164 0 4 64 113561
8 0 2 165 0 5 65 120899
8 0 2 166 0 6 66 123385
8 0 2 167 0 7 67 126967
8 0 2 168 0 0 68 102574
8 0 2 169 0 1 69 104004
8 0 2 170 0 2 70 106804
8 0 2 171 0 3 71 109379
8 0 2 172 0 4 72 113650
8 0 2 173 0 5 73 120071
8 0 2 174 0 6 74 117696
8 0 2 175 0 7 75 126984
8 0 2 176 0 0 76 102693
8 0 2 177 0 1 77 103977
8 0 2 178 0 2 78 106710
8 0 2 179 0 3 79 101109
8 0 2 180 0 4 80 113566
8 0 2 181 0 5 81 120888
8 0 2 182 0 6 82 123611
8 0 2 183 0 7 83 127979
8 0 2 184 0 0 84 101255
8 0 2 185 0 1 85 103161
8 0 2 186 0 2 86 106789
8 0 2 187 0 3 87 109244
8 0 2 188 0 4 88 113767
8 0 2 189 0 5 89 119763
8 0 2 190 0 6 90 122158
8 0 2 191 0 7 91 124159
8 0 2 192 0 0 92 102664
8 0 2 193 0 1 93 104028
8 0 2 194 0 2 94 106827
8 0 2 195 0 3 95 104522
8 0 2 196 0 4 96 112812
8 0 2 197 0 5 97 120142
8 0 2 198 0 6 98 122918
8 0 2 199 0 7 99 123232
8 0 2 200 0 0 0 102614
8 0 2 201 0 1 1 104065
8 0 2 202 0 2 2 106702
8 0 2 203 0 3 3 104945
8 0 2 204 0 4 4 113079
8 0 2 205 0 5 5 120115
8 0 2 206 0 6 6 122553
8 0 2 207 0 7 7 127613
8 0 2 208 0 0 8 102531
8 0 2 209 0 1 9 104062
8 0 2 210 0 2 10 106702
8 0 2 211 0 3 11 109508
8 0 2 212 0 4 12 113059
8 0 2 213 0 5 13 120613
8 0 2 214 0 6 14 120856
8 0 2 215 0 7 15 127071
8 0 2 216 0 0 16 102645
8 0 2 217 0 1 17 103926
8 0 2 218 0 2 18 103244
8 0 2 219 0 3 19 109366
8 0 2 220 0 4 20 111285
8 0 2 221 0 5 21 120615
8 0 2 222 0 6 22 117974
8 0 2 223 0 7 23 126942
8 0 2 224 0 0 24 102369
8 0 2 225 0 1 25 103921
8 0 2 226 0 2 26 106814
8 0 2 227 0 3 27 109407
8 0 2 228 0 4 28 109904
8 0 2 229 0 5 29 120915
8 0 2 230 0 6 30 123127
8 0 2 231 0 7 31 127336
8 0 2 232 0 0 32 102681
8 0 2 233 0 1 33 103400
8 0 2 234 0 2 34 106677
8 0 2 235 0 3 35 109347
8 0 2 236 0 4 36 113278
8 0 2 237 0 5 37 120463
8 0 2 238 0 6 38 123139
8 0 2 239 0 7 39 120773
8 0 2 240 0 0 40 102674
8 0 2 241 0 1 41 104080
8 0 2 242 0 2 42 106695
8 0 2 243 0 3 43 109400
8 0 2 244 0 4 44 113241
8 0 2 245 0 5 45 120573
8 0 2 246 0 6 46 119545
8 0 2 247 0 7 47 127265
8 0 2 248 0 0 48 102664
8 0 2 249 0 1 49 104044
8 0 2 250 0 2 50 106727
8 0 2 251 0 3 51 109355
8 0 2 252 0 4 52 113267
8 0 2 253 0 5 53 119661
8 0 2 254 0 6 54 123302
8 0 2 255 0 7 55 126883
8 0 2 256 0 0 56 102713
8 0 2 257 0 1 57 104004
8 0 2 258 0 2 58 106707
8 0 2 259 0 3 59 109255
8 0 2 260 0 4 60 113517
8 0 2 261 0 5 61 119697
8 0 2 262 0 6 62 123139
8 0 2 263 0 7 63 128669
8 0 2 264 0 0 64 102642
8 0 2 265 0 1 65 104060
8 0 2 266 0 2 66 106820
8 0 2 267 0 3 67 109395
8 0 2 268 0 4 68 113110
8 0 2 269 0 5 69 120469
8 0 2 270 0 6 70 123334
8 0 2 271 0 7 71 127713
8 0 2 272 0 0 72 102658
8 0 2 273 0 1 73 103783
8 0 2 274 0 2 74 105931
8 0 2 275 0 3 75 109222
8 0 2 276 0 4 76 113700
8 0 2 277 0 5 77 120445
8 0 2 278 0 6 78 120433
8 0 2 279 0 7 79 114192
8 0 2 280 0 0 80 102664
8 0 2 281 0 1 81 104038
8 0 2 282 0 2 82 106766
8 0 2 283 0 3 83 109443
8 0 2 284 0 4 84 108068
8 0 2 285 0 5 85 117787
8 0 2 286 0 6 86 123493
8 0 2 287 0 7 87 124418
8 0 2 288 0 0 88 102680
8 0 2 289 0 1 89 103799
8 0 2 290 0 2 90 106324
8 0 2 291 0 3 91 106965
8 0 2 292 0 4 92 113676
8 0 2 293 0 5 93 120614
8 0 2 294 0 6 94 122357
8 0 2 295 0 7 95 117275
8 0 2 296 0 0 96 102592
8 0 2 297 0 1 97 103930
8 0 2 298 0 2 98 106776
8 0 2 299 0 3 99 109458
8 0 2 300 0 4 0 113297
8 0 2 301 0 5 1 120689
8 0 2 302 0 6 2 123521
8 0 2 303 0 7 3 117562
8 0 2 304 0 0 4 102554
8 0 2 305 0 1 5 103834
8 0 2 306 0 2 6 106502
8 0 2 307 0 3 7 109588
8 0 2 308 0 4 8 112523
8 0 2 309 0 5 9 120718
8 0 2 310 0 6 10 123205
8 0 2 311 0 7 11 126827
8 0 2 312 0 0 12 102568
8 0 2 313 0 1 13 104001
8 0 2 314 0 2 14 106357
8 0 2 315 0 3 15 109494
8 0 2 316 0 4 16 113467
8 0 2 317 0 5 17 120359
8 0 2 318 0 6 18 115277
8 0 2 319 0 7 19 127283
8 0 2 320 0 0 20 102595
8 0 2 321 0 1 21 104018
8 0 2 322 0 2 22 103959
8 0 2 323 0 3 23 108872
8 0 2 324 0 4 24 112160
8 0 2 325 0 5 25 119177
8 0 2 326 0 6 26 123580
8 0 2 327 0 7 27 127820
8 0 2 328 0 0 28 102662
8 0 2 329 0 1 29 104002
8 0 2 330 0 2 30 106495
8 0 2 331 0 3 31 109194
8 0 2 332 0 4 32 113699
8 0 2 333 0 5 33 119036
8 0 2 334 0 6 34 122661
8 0 2 335 0 7 35 127018
8 0 2 336 0 0 36 102609
8 0 2 337 0 1 37 104001
8 0 2 338 0 2 38 106617
8 0 2 339 0 3 39 109037
8 0 2 340 0 4 40 113650
8 0 2 341 0 5 41 121149
8 0 2 342 0 6 42 123265
8 0 2 343 0 7 43 127292
8 0 2 344 0 0 44 102641
8 0 2 345 0 1 45 104001
8 0 2 346 0 2 46 106565
8 0 2 347 0 3 47 109173
8 0 2 348 0 4 48 113607
8 0 2 349 0 5 49 120791
8 0 2 350 0 6 50 121763
8 0 2 351 0 7 51 127434
8 0 2 352 0 0 52 102626
8 0 2 353 0 1 53 103956
8 0 2 354 0 2 54 106617
8 0 2 355 0 3 55 109373
8 0 2 356 0 4 56 113818
8 0 2 357 0 5 57 120009
8 0 2 358 0 6 58 123213
8 0 2 359 0 7 59 127040
8 0 2 360 0 0 60 102614
8 0 2 361 0 1 61 103618
8 0 2 362 0 2 62 106631
8 0 2 363 0 3 63 109632
8 0 2 364 0 4 64 113561
8 0 2 365 0 5 65 120899
8 0 2 366 0 6 66 123385
8 0 2 367 0 7 67 126967
8 0 2 368 0 0 68 102574
8 0 2 369 0 1 69 104004
8 0 2 370 0 2 70 106804
8 0 2 371 0 3 71 109379
8 0 2 372 0 4 72 113650
8 0 2 373 0 5 73 120071
8 0 2 374 0 6 74 117696
8 0 2 375 0 7 75 126984
8 0 2 376 0 0 76 102693
8 0 2 377 0 1 77 103977
8 0 2 378 0 2 78 106710
8 0 2 379 0 3 79 101109
8 0 2 380 0 4 80 113566
8 0 2 381 0 5 81 120888
8 0 2 382 0 6 82 123611
8 0 2 383 0 7 83 127979
8 0 2 384 0 0 84 101255
8 0 2 385 0 1 85 103161
8 0 2 386 0 2 86 106789
8 0 2 387 0 3 87 109244
8 0 2 388 0 4 88 113767
8 0 2 389 0 5 89 119763
8 0 2 390 0 6 90 122158
8 0 2 391 0 7 91 124159
8 0 2 392 0 0 92 102664
8 0 2 393 0 1 93 104028
8 0 2 394 0 2 94 106827
8 0 2 395 0 3 95 104522
8 0 2 396 0 4 96 112812
8 0 2 397 0 5 97 120142
8 0 2 398 0 6 98 122918
8 0 2 399 0 7 99 123232
8 0 2 400 0 0 0 102614
8 0 2 401 0 1 1 104065
8 0 2 402 0 2 2 106702
8 0 2 403 0 3 3 104945
8 0 2 404 0 4 4 113079
8 0 2 405 0 5 5 120115
8 0 2 406 0 6 6 122553
8 0 2 407 0 7 7 127613
8 0 2 408 0 0 8 102531
8 0 2 409 0 1 9 104062
8 0 2 410 0 2 10 106702
8 0 2 411 0 3 11 109508
8 0 2 412 0 4 12 113059
8 0 2 413 0 5 13 120613
8 0 2 414 0 6 14 120856
8 0 2 415 0 7 15 127071
8 0 2 416 0 0 16 102645
8 0 2 417 0 1 17 103926
8 0 2 418 0 2 18 103244
8 0 2 419 0 3 19 109366
8 0 2 420 0 4 20 111285
8 0 2 421 0 5 21 120615
8 0 2 422 0 6 22 117974
8 0 2 423 0 7 23 126942
8 0 2 424 0 0 24 102369
8 0 2 425 0 1 25 103921
8 0 2 426 0 2 26 106814
8 0 2 427 0 3 27 109407
8 0 2 428 0 4 28 109904
8 0 2 429 0 5 29 120915
8 0 2 430 0 6 30 123127
8 0 2 431 0 7 31 127336
8 0 2 432 0 0 32 102681
8 0 2 433 0 1 33 103400
8 0 2 434 0 2 34 106677
8 0 2 435 0 3 35 109347
8 0 2 436 0 4 36 113278
8 0 2 437 0 5 37 120463
8 0 2 438 0 6 38 123139
8 0 2 439 0 7 39 120773
8 0 2 440 0 0 40 102674
8 0 2 441 0 1 41 104080
8 0 2 442 0 2 42 106695
8 0 2 443 0 3 43 109400
8 0 2 444 0 4 44 113241
8 0 2 445 0 5 45 120573
8 0 2 446 0 6 46 119545
8 0 2 447 0 7 47 127265
8 0 2 448 0 0 48 102664
8 0 2 449 0 1 49 104044
8 0 2 450 0 2 50 106727
8 0 2 451 0 3 51 109355
8 0 2 452 0 4 52 113267
8 0 2 453 0 5 53 119661
8 0 2 454 0 6 54 123302
8 0 2 455 0 7 55 126883
8 0 2 456 0 0 56 102713
8 0 2 457 0 1 57 104004
8 0 2 458 0 2 58 106707
8 0 2 459 0 3 59 109255
8 0 2 460 0 4 60 113517
8 0 2 461 0 5 61 119697
8 0 2 462 0 6 62 123139
8 0 2 463 0 7 63 128669
8 0 2 464 0 0 64 102642
8 0 2 465 0 1 65 104060
8 0 2 466 0 2 66 106820
8 0 2 467 0 3 67 109395
8 0 2 468 0 4 68 113110
8 0 2 469 0 5 69 120469
8 0 2 470 0 6 70 123334
8 0 2 471 0 7 71 127713
8 0 2 472 0 0 72 102658
8 0 2 473 0 1 73 103783
8 0 2 474 0 2 74 105931
8 0 2 475 0 3 75 109222
8 0 2 476 0 4 76 113700
8 0 2 477 0 5 77 120445
8 0 2 478 0 6 78 120433
8 0 2 479 0 7 79 114192
8 0 2 480 0 0 80 102664
8 0 2 481 0 1 81 104038
8 0 2 482 0 2 82 106766
8 0 2 483 0 3 83 109443
8 0 2 484 0 4 84 108068
8 0 2 485 0 5 85 117787
8 0 2 486 0 6 86 123493
8 0 2 487 0 7 87 124418
8 0 2 488 0 0 88 102680
8 0 2 489 0 1 89 103799
8 0 2 490 0 2 90 106324
8 0 2 491 0 3 91 106965
8 0 2 492 0 4 92 113676
8 0 2 493 0 5 93 120614
8 0 2 494 0 6 94 122357
8 0 2 495 0 7 95 117275
8 0 2 496 0 0 96 102592
8 0 2 497 0 1 97 103930
8 0 2 498 0 2 98 106776
8 0 2 499 0 3 99 109458
8 0 2 500 0 4 0 113297
8 0 2 501 0 5 1 120689
8 0 2 502 0 6 2 123521
8 0 2 503 0 7 3 117562
8 0 2 504 0 0 4 102554
8 0 2 505 0 1 5 103834
8 0 2 506 0 2 6 106502
8 0 2 507 0 3 7 109588
8 0 2 508 0 4 8 112523
8 0 2 509 0 5 9 120718
8 0 2 510 0 6 10 123205
8 0 2 511 0 7 11 126827
8 0 2 512 0 0 12 102568
8 0 2 513 0 1 13 104001
8 0 2 514 0 2 14 106357
8 0 2 515 0 3 15 109494
8 0 2 516 0 4 16 113467
8 0 2 517 0 5 17 120359
8 0 2 518 0 6 18 115277
8 0 2 519 0 7 19 127283
8 0 2 520 0 0 20 102595
8 0 2 521 0 1 21 104018
8 0 2 522 0 2 22 103959
8 0 2 523 0 3 23 108872
8 0 2 524 0 4 24 112160
8 0 2 525 0 5 25 119177
8 0 2 526 0 6 26 123580
8 0 2 527 0 7 27 127820
8 0 2 528 0 0 28 102662
8 0 2 529 0 1 29 104002
8 0 2 530 0 2 30 106495
8 0 2 531 0 3 31 109194
8 0 2 532 0 4 32 113699
8 0 2 533 0 5 33 119036
8 0 2 534 0 6 34 122661
8 0 2 535 0 7 35 127018
8 0 2 536 0 0 36 102609
8 0 2 537 0 1 37 104001
8 0 2 538 0 2 38 106617
8 0 2 539 0 3 39 109037
8 0 2 540 0 4 40 113650
8 0 2 541 0 5 41 121149
8 0 2 542 0 6 42 123265
8 0 2 543 0 7 43 127292
8 0 2 544 0 0 44 102641
8 0 2 545 0 1 45 104001
8 0 2 546 0 2 46 106565
8 0 2 547 0 3 47 109173
8 0 2 548 0 4 48 113607
8 0 2 549 0 5 49 120791
8 0 2 550 0 6 50 121763
8 0 2 551 0 7 51 127434
8 0 2 552 0 0 52 102626
8 0 2 553 0 1 53 103956
8 0 2 554 0 2 54 106617
8 0 2 555 0 3 55 109373
8 0 2 556 0 4 56 113818
8 0 2 557 0 5 57 120009
8 0 2 558 0 6 58 123213
8 0 2 559 0 7 59 127040
8 0 2 560 0 0 60 102614
8 0 2 561 0 1 61 103618
8 0 2 562 0 2 62 106631
8 0 2 563 0 3 63 109632
8 0 2 564 0 4 64 113561
8 0 2 565 0 5 65 120899
8 0 2 566 0 6 66 123385
8 0 2 567 0 7 67 126967
8 0 2 568 0 0 68 102574
8 0 2 569 0 1 69 104004
8 0 2 570 0 2 70 106804
8 0 2 571 0 3 71 109379
8 0 2 572 0 4 72 113650
8 0 2 573 0 5 73 120071
8 0 2 574 0 6 74 117696
8 0 2 575 0 7 75 126984
8 0 2 576 0 0 76 102693
8 0 2 577 0 1 77 103977
8 0 2 578 0 2 78 106710
8 0 2 579 0 3 79 101109
8 0 2 580 0 4 80 113566
8 0 2 581 0 5 81 120888
8 0 2 582 0 6 82 123611
8 0 2 583 0 7 83 127979
8 0 2 584 0 0 84 101255
8 0 2 585 0 1 85 103161
8 0 2 586 0 2 86 106789
8 0 2 587 0 3 87 109244
8 0 2 588 0 4 88 113767
8 0 2 589 0 5 89 119763
8 0 2 590 0 6 90 122158
8 0 2 591 0 7 91 124159
8 0 2 592 0 0 92 102664
8 0 2 593 0 1 93 104028
8 0 2 594 0 2 94 106827
8 0 2 595 0 3 95 104522
8 0 2 596 0 4 96 112812
8 0 2 597 0 5 97 120142
8 0 2 598 0 6 98 122918
8 0 2 599 0 7 99 123232
8 0 3 0 0 0 0 103937
8 0 3 1 0 1 1 106174
8 0 3 2 0 2 2 109914
8 0 3 3 0 3 3 109842
8 0 3 4 0 4 4 120572
8 0 3 5 0 5 5 131969
8 0 3 6 0 6 6 135948
8 0 3 7 0 7 7 143880
8 0 3 8 0 0 8 103907
8 0 3 9 0 1 9 106172
8 0 3 10 0 2 10 110143
8 0 3 11 0 3 11 114472
8 0 3 12 0 4 12 120394
8 0 3 13 0 5 13 132020
8 0 3 14 0 6 14 134198
8 0 3 15 0 7 15 142200
8 0 3 16 0 0 16 103975
8 0 3 17 0 1 17 105916
8 0 3 18 0 2 18 106507
8 0 3 19 0 3 19 114372
8 0 3 20 0 4 20 118720
8 0 3 21 0 5 21 132408
8 0 3 22 0 6 22 130673
8 0 3 23 0 7 23 142433
8 0 3 24 0 0 24 103692
8 0 3 25 0 1 25 105919
8 0 3 26 0 2 26 110382
8 0 3 27 0 3 27 114370
8 0 3 28 0 4 28 116944
8 0 3 29 0 5 29 132552
8 0 3 30 0 6 30 136118
8 0 3 31 0 7 31 143996
8 0 3 32 0 0 32 104025
8 0 3 33 0 1 33 105368
8 0 3 34 0 2 34 110130
8 0 3 35 0 3 35 114410
8 0 3 36 0 4 36 120722
8 0 3 37 0 5 37 132291
8 0 3 38 0 6 38 136713
8 0 3 39 0 7 39 136510
8 0 3 40 0 0 40 103974
8 0 3 41 0 1 41 105997
8 0 3 42 0 2 42 110146
8 0 3 43 0 3 43 114446
8 0 3 44 0 4 44 120363
8 0 3 45 0 5 45 132317
8 0 3 46 0 6 46 132798
8 0 3 47 0 7 47 143660
8 0 3 48 0 0 48 104041
8 0 3 49 0 1 49 106069
8 0 3 50 0 2 50 109969
8 0 3 51 0 3 51 114323
8 0 3 52 0 4 52 120680
8 0 3 53 0 5 53 131121
8 0 3 54 0 6 54 136814
8 0 3 55 0 7 55 143512
8 0 3 56 0 0 56 104017
8 0 3 57 0 1 57 105977
8 0 3 58 0 2 58 110143
8 0 3 59 0 3 59 114123
8 0 3 60 0 4 60 120778
8 0 3 61 0 5 61 131159
8 0 3 62 0 6 62 136683
8 0 3 63 0 7 63 145478
8 0 3 64 0 0 64 103952
8 0 3 65 0 1 65 106052
8 0 3 66 0 2 66 110157
8 0 3 67 0 3 67 114400
8 0 3 68 0 4 68 120182
8 0 3 69 0 5 69 131834
8 0 3 70 0 6 70 136750
8 0 3 71 0 7 71 139616
8 0 3 72 0 0 72 103975
8 0 3 73 0 1 73 105728
8 0 3 74 0 2 74 109459
8 0 3 75 0 3 75 114181
8 0 3 76 0 4 76 120866
8 0 3 77 0 5 77 131926
8 0 3 78 0 6 78 134076
8 0 3 79 0 7 79 129171
8 0 3 80 0 0 80 103964
8 0 3 81 0 1 81 106072
8 0 3 82 0 2 82 110036
8 0 3 83 0 3 83 114269
8 0 3 84 0 4 84 114859
8 0 3 85 0 5 85 129408
8 0 3 86 0 6 86 137065
8 0 3 87 0 7 87 140912
8 0 3 88 0 0 88 103990
8 0 3 89 0 1 89 105804
8 0 3 90 0 2 90 109834
8 0 3 91 0 3 91 111799
8 0 3 92 0 4 92 120607
8 0 3 93 0 5 93 132667
8 0 3 94 0 6 94 135460
8 0 3 95 0 7 95 132122
8 0 3 96 0 0 96 103910
8 0 3 97 0 1 97 106026
8 0 3 98 0 2 98 106635
8 0 3 99 0 3 99 114302
8 0 3 100 0 4 0 120588
8 0 3 101 0 5 1 132914
8 0 3 102 0 6 2 136286
8 0 3 103 0 7 3 133203
8 0 3 104 0 0 4 103885
8 0 3 105 0 1 5 105854
8 0 3 106 0 2 6 109866
8 0 3 107 0 3 7 114385
8 0 3 108 0 4 8 119926
8 0 3 109 0 5 9 132867
8 0 3 110 0 6 10 137115
8 0 3 111 0 7 11 143608
8 0 3 112 0 0 12 103897
8 0 3 113 0 1 13 105951
8 0 3 114 0 2 14 109891
8 0 3 115 0 3 15 114138
8 0 3 116 0 4 16 120877
8 0 3 117 0 5 17 131963
8 0 3 118 0 6 18 128037
8 0 3 119 0 7 19 143964
8 0 3 120 0 0 20 103960
8 0 3 121 0 1 21 106054
8 0 3 122 0 2 22 107259
8 0 3 123 0 3 23 113773
8 0 3 124 0 4 24 119506
8 0 3 125 0 5 25 130595
8 0 3 126 0 6 26 137004
8 0 3 127 0 7 27 144023
8 0 3 128 0 0 28 103945
8 0 3 129 0 1 29 105951
8 0 3 130 0 2 30 109861
8 0 3 131 0 3 31 114234
8 0 3 132 0 4 32 121133
8 0 3 133 0 5 33 130562
8 0 3 134 0 6 34 136260
8 0 3 135 0 7 35 143460
8 0 3 136 0 0 36 103939
8 0 3 137 0 1 37 106079
8 0 3 138 0 2 38 110091
8 0 3 139 0 3 39 113864
8 0 3 140 0 4 40 120876
8 0 3 141 0 5 41 131735
8 0 3 142 0 6 42 136649
8 0 3 143 0 7 43 143326
8 0 3 144 0 0 44 103956
8 0 3 145 0 1 45 105966
8 0 3 146 0 2 46 110039
8 0 3 147 0 3 47 114217
8 0 3 148 0 4 48 120972
8 0 3 149 0 5 49 132431
8 0 3 150 0 6 50 134575
8 0 3 151 0 7 51 144004
8 0 3 152 0 0 52 103969
8 0 3 153 0 1 53 105945
8 0 3 154 0 2 54 110040
8 0 3 155 0 3 55 114384
8 0 3 156 0 4 56 121100
8 0 3 157 0 5 57 131286
8 0 3 158 0 6 58 136638
8 0 3 159 0 7 59 143166
8 0 3 160 0 0 60 103941
8 0 3 161 0 1 61 105718
8 0 3 162 0 2 62 110092
8 0 3 163 0 3 63 114588
8 0 3 164 0 4 64 120988
8 0 3 165 0 5 65 132563
8 0 3 166 0 6 66 136216
8 0 3 167 0 7 67 143445
8 0 3 168 0 0 68 103856
8 0 3 169 0 1 69 106068
8 0 3 170 0 2 70 110194
8 0 3 171 0 3 71 114256
8 0 3 172 0 4 72 121077
8 0 3 173 0 5 73 131642
8 0 3 174 0 6 74 130528
8 0 3 175 0 7 75 143635
8 0 3 176 0 0 76 103999
8 0 3 177 0 1 77 105906
8 0 3 178 0 2 78 110231
8 0 3 179 0 3 79 105704
8 0 3 180 0 4 80 120596
8 0 3 181 0 5 81 132692
8 0 3 182 0 6 82 136750
8 0 3 183 0 7 83 144120
8 0 3 184 0 0 84 102540
8 0 3 185 0 1 85 105153
8 0 3 186 0 2 86 110270
8 0 3 187 0 3 87 114303
8 0 3 188 0 4 88 121181
8 0 3 189 0 5 89 131151
8 0 3 190 0 6 90 135732
8 0 3 191 0 7 91 140249
8 0 3 192 0 0 92 103920
8 0 3 193 0 1 93 106124
8 0 3 194 0 2 94 110366
8 0 3 195 0 3 95 109097
8 0 3 196 0 4 96 119998
8 0 3 197 0 5 97 131958
8 0 3 198 0 6 98 127566
8 0 3 199 0 7 99 138527
8 0 3 200 0 0 0 103937
8 0 3 201 0 1 1 106174
8 0 3 202 0 2 2 109914
8 0 3 203 0 3 3 109842
8 0 3 204 0 4 4 120572
8 0 3 205 0 5 5 131969
8 0 3 206 0 6 6 135948
8 0 3 207 0 7 7 143880
8 0 3 208 0 0 8 103907
8 0 3 209 0 1 9 106172
8 0 3 210 0 2 10 110143
8 0 3 211 0 3 11 114472
8 0 3 212 0 4 12 120394
8 0 3 213 0 5 13 132020
8 0 3 214 0 6 14 134198
8 0 3 215 0 7 15 142200
8 0 3 216 0 0 16 103975
8 0 3 217 0 1 17 105916
8 0 3 218 0 2 18 106507
8 0 3 219 0 3 19 114372
8 0 3 220 0 4 20 118720
8 0 3 221 0 5 21 132408
8 0 3 222 0 6 22 130673
8 0 3 223 0 7 23 142433
8 0 3 224 0 0 24 103692
8 0 3 225 0 1 25 105919
8 0 3 226 0 2 26 110382
8 0 3 227 0 3 27 114370
8 0 3 228 0 4 28 116944
8 0 3 229 0 5 29 132552
8 0 3 230 0 6 30 136118
8 0 3 231 0 7 31 143996
8 0 3 232 0 0 32 104025
8 0 3 233 0 1 33 105368
8 0 3 234 0 2 34 110130
8 0 3 235 0 3 35 114410
8 0 3 236 0 4 36 120722
8 0 3 237 0 5 37 132291
8 0 3 238 0 6 38 136713
8 0 3 239 0 7 39 136510
8 0 3 240 0 0 40 103974
8 0 3 241 0 1 41 105997
8 0 3 242 0 2 42 110146
8 0 3 243 0 3 43 114446
8 0 3 244 0 4 44 120363
8 0 3 245 0 5 45 132317
8 0 3 246 0 6 46 132798
8 0 3 247 0 7 47 143660
8 0 3 248 0 0 48 104041
8 0 3 249 0 1 49 106069
8 0 3 250 0 2 50 109969
8 0 3 251 0 3 51 114323
8 0 3 252 0 4 52 120680
8 0 3 253 0 5 53 131121
8 0 3 254 0 6 54 136814
8 0 3 255 0 7 55 143512
8 0 3 256 0 0 56 104017
8 0 3 257 0 1 57 105977
8 0 3 258 0 2 58 110143
8 0 3 259 0 3 59 114123
8 0 3 260 0 4 60 120778
8 0 3 261 0 5 61 131159
8 0 3 262 0 6 62 136683
8 0 3 263 0 7 63 145478
8 0 3 264 0 0 64 103952
8 0 3 265 0 1 65 106052
8 0 3 266 0 2 66 110157
8 0 3 267 0 3 67 114400
8 0 3 268 0 4 68 120182
8 0 3 269 0 5 69 131834
8 0 3 270 0 6 70 136750
8 0 3 271 0 7 71 139616
8 0 3 272 0 0 72 103975
8 0 3 273 0 1 73 105728
8 0 3 274 0 2 74 109459
8 0 3 275 0 3 75 114181
8 0 3 276 0 4 76 120866
8 0 3 277 0 5 77 131926
8 0 3 278 0 6 78 134076
8 0 3 279 0 7 79 129171
8 0 3 280 0 0 80 103964
8 0 3 281 0 1 81 106072
8 0 3 282 0 2 82 110036
8 0 3 283 0 3 83 114269
8 0 3 284 0 4 84 114859
8 0 3 285 0 5 85 129408
8 0 3 286 0 6 86 137065
8 0 3 287 0 7 87 140912
8 0 3 288 0 0 88 103990
8 0 3 289 0 1 89 105804
8 0 3 290 0 2 90 109834
8 0 3 291 0 3 91 111799
8 0 3 292 0 4 92 120607
8 0 3 293 0 5 93 132667
8 0 3 294 0 6 94 135460
8 0 3 295 0 7 95 132122
8 0 3 296 0 0 96 103910
8 0 3 297 0 1 97 106026
8 0 3 298 0 2 98 106635
8 0 3 299 0 3 99 114302
8 0 3 300 0 4 0 120588
8 0 3 301 0 5 1 132914
8 0 3 302 0 6 2 136286
8 0 3 303 0 7 3 133203
8 0 3 304 0 0 4 103885
8 0 3 305 0 1 5 105854
8 0 3 306 0 2 6 109866
8 0 3 307 0 3 7 114385
8 0 3 308 0 4 8 119926
8 0 3 309 0 5 9 132867
8 0 3 310 0 6 10 137115
8 0 3 311 0 7 11 143608
8 0 3 312 0 0 12 103897
8 0 3 313 0 1 13 105951
8 0 3 314 0 2 14 109891
8 0 3 315 0 3 15 114138
8 0 3 316 0 4 16 120877
8 0 3 317 0 5 17 131963
8 0 3 318 0 6 18 128037
8 0 3 319 0 7 19 143964
8 0 3 320 0 0 20 103960
8 0 3 321 0 1 21 106054
8 0 3 322 0 2 22 107259
8 0 3 323 0 3 23 113773
8 0 3 324 0 4 24 119506
8 0 3 325 0 5 25 130595
8 0 3 326 0 6 26 137004
8 0 3 327 0 7 27 144023
8 0 3 328 0 0 28 103945
8 0 3 329 0 1 29 105951
8 0 3 330 0 2 30 109861
8 0 3 331 0 3 31 114234
8 0 3 332 0 4 32 121133
8 0 3 333 0 5 33 130562
8 0 3 334 0 6 34 136260
8 0 3 335 0 7 35 143460
8 0 3 336 0 0 36 103939
8 0 3 337 0 1 37 106079
8 0 3 338 0 2 38 110091
8 0 3 339 0 3 39 113864
8 0 3 340 0 4 40 120876
8 0 3 341 0 5 41 131735
8 0 3 342 0 6 42 136649
8 0 3 343 0 7 43 143326
8 0 3 344 0 0 44 103956
8 0 3 345 0 1 45 105966
8 0 3 346 0 2 46 110039
8 0 3 347 0 3 47 114217
8 0 3 348 0 4 48 120972
8 0 3 349 0 5 49 132431
8 0 3 350 0 6 50 134575
8 0 3 351 0 7 51 144004
8 0 3 352 0 0 52 103969
8 0 3 353 0 1 53 105945
8 0 3 354 0 2 54 110040
8 0 3 355 0 3 55 114384
8 0 3 356 0 4 56 121100
8 0 3 357 0 5 57 131286
8 0 3 358 0 6 58 136638
8 0 3 359 0 7 59 143166
8 0 3 360 0 0 60 103941
8 0 3 361 0 1 61 105718
8 0 3 362 0 2 62 110092
8 0 3 363 0 3 63 114588
8 0 3 364 0 4 64 120988
8 0 3 365 0 5 65 132563
8 0 3 366 0 6 66 136216
8 0 3 367 0 7 67 143445
8 0 3 368 0 0 68 103856
8 0 3 369 0 1 69 106068
8 0 3 370 0 2 70 110194
8 0 3 371 0 3 71 114256
8 0 3 372 0 4 72 121077
8 0 3 373 0 5 73 131642
8 0 3 374 0 6 74 130528
8 0 3 375 0 7 75 143635
8 0 3 376 0 0 76 103999
8 0 3 377 0 1 77 105906
8 0 3 378 0 2 78 110231
8 0 3 379 0 3 79 105704
8 0 3 380 0 4 80 120596
8 0 3 381 0 5 81 132692
8 0 3 382 0 6 82 136750
8 0 3 383 0 7 83 144120
8 0 3 384 0 0 84 102540
8 0 3 385 0 1 85 105153
8 0 3 386 0 2 86 110270
8 0 3 387 0 3 87 114303
8 0 3 388 0 4 88 121181
8 0 3 389 0 5 89 131151
8 0 3 390 0 6 90 135732
8 0 3 391 0 7 91 140249
8 0 3 392 0 0 92 103920
8 0 3 393 0 1 93 106124
8 0 3 394 0 2 94 110366
8 0 3 395 0 3 95 109097
8 0 3 396 0 4 96 119998
8 0 3 397 0 5 97 131958
8 0 3 398 0 6 98 127566
8 0 3 399 0 7 99 138527
8 0 3 400 0 0 0 103937
8 0 3 401 0 1 1 106174
8 0 3 402 0 2 2 109914
8 0 3 403 0 3 3 109842
8 0 3 404 0 4 4 120572
8 0 3 405 0 5 5 131969
8 0 3 406 0 6 6 135948
8 0 3 407 0 7 7 143880
8 0 3 408 0 0 8 103907
8 0 3 409 0 1 9 106172
8 0 3 410 0 2 10 110143
8 0 3 411 0 3 11 114472
8 0 3 412 0 4 12 120394
8 0 3 413 0 5 13 132020
8 0 3 414 0 6 14 134198
8 0 3 415 0 7 15 142200
8 0 3 416 0 0 16 103975
8 0 3 417 0 1 17 105916
8 0 3 418 0 2 18 106507
8 0 3 419 0 3 19 114372
8 0 3 420 0 4 20 118720
8 0 3 421 0 5 21 132408
8 0 3 422 0 6 22 130673
8 0 3 423 0 7 23 142433
8 0 3 424 0 0 24 103692
8 0 3 425 0 1 25 105919
8 0 3 426 0 2 26 110382
8 0 3 427 0 3 27 114370
8 0 3 428 0 4 28 116944
8 0 3 429 0 5 29 132552
8 0 3 430 0 6 30 136118
8 0 3 431 0 7 31 143996
8 0 3 432 0 0 32 104025
8 0 3 433 0 1 33 105368
8 0 3 434 0 2 34 110130
8 0 3 435 0 3 35 114410
8 0 3 436 0 4 36 120722
8 0 3 437 0 5 37 132291
8 0 3 438 0 6 38 136713
8 0 3 439 0 7 39 136510
8 0 3 440 0 0 40 103974
8 0 3 441 0 1 41 105997
8 0 3 442 0 2 42 110146
8 0 3 443 0 3 43 114446
8 0 3 444 0 4 44 120363
8 0 3 445 0 5 45 132317
8 0 3 446 0 6 46 132798
8 0 3 447 0 7 47 143660
8 0 3 448 0 0 48 104041
8 0 3 449 0 1 49 106069
8 0 3 450 0 2 50 109969
8 0 3 451 0 3 51 114323
8 0 3 452 0 4 52 120680
8 0 3 453 0 5 53 131121
8 0 3 454 0 6 54 136814
8 0 3 455 0 7 55 143512
8 0 3 456 0 0 56 104017
8 0 3 457 0 1 57 105977
8 0 3 458 0 2 58 110143
8 0 3 459 0 3 59 114123
8 0 3 460 0 4 60 120778
8 0 3 461 0 5 61 131159
8 0 3 462 0 6 62 136683
8 0 3 463 0 7 63 145478
8 0 3 464 0 0 64 103952
8 0 3 465 0 1 65 106052
8 0 3 466 0 2 66 110157
8 0 3 467 0 3 67 114400
8 0 3 468 0 4 68 120182
8 0 3 469 0 5 69 131834
8 0 3 470 0 6 70 136750
8 0 3 471 0 7 71 139616
8 0 3 472 0 0 72 103975
8 0 3 473 0 1 73 105728
8 0 3 474 0 2 74 109459
8 0 3 475 0 3 75 114181
8 0 3 476 0 4 76 120866
8 0 3 477 0 5 77 131926
8 0 3 478 0 6 78 134076
8 0 3 479 0 7 79 129171
8 0 3 480 0 0 80 103964
8 0 3 481 0 1 81 106072
8 0 3 482 0 2 82 110036
8 0 3 483 0 3 83 114269
8 0 3 484 0 4 84 114859
8 0 3 485 0 5 85 129408
8 0 3 486 0 6 86 137065
8 0 3 487 0 7 87 140912
8 0 3 488 0 0 88 103990
8 0 3 489 0 1 89 105804
8 0 3 490 0 2 90 109834
8 0 3 491 0 3 91 111799
8 0 3 492 0 4 92 120607
8 0 3 493 0 5 93 132667
8 0 3 494 0 6 94 135460
8 0 3 495 0 7 95 132122
8 0 3 496 0 0 96 103910
8 0 3 497 0 1 97 106026
8 0 3 498 0 2 98 106635
8 0 3 499 0 3 99 114302
8 0 3 500 0 4 0 120588
8 0 3 501 0 5 1 132914
8 0 3 502 0 6 2 136286
8 0 3 503 0 7 3 133203
8 0 3 504 0 0 4 103885
8 0 3 505 0 1 5 105854
8 0 3 506 0 2 6 109866
8 0 3 507 0 3 7 114385
8 0 3 508 0 4 8 119926
8 0 3 509 0 5 9 132867
8 0 3 510 0 6 10 137115
8 0 3 511 0 7 11 143608
8 0 3 512 0 0 12 103897
8 0 3 513 0 1 13 105951
8 0 3 514 0 2 14 109891
8 0 3 515 0 3 15 114138
8 0 3 516 0 4 16 120877
8 0 3 517 0 5 17 131963
8 0 3 518 0 6 18 128037
8 0 3 519 0 7 19 143964
8 0 3 520 0 0 20 103960
8 0 3 521 0 1 21 106054
8 0 3 522 0 2 22 107259
8 0 3 523 0 3 23 113773
8 0 3 524 0 4 24 119506
8 0 3 525 0 5 25 130595
8 0 3 526 0 6 26 137004
8 0 3 527 0 7 27 144023
8 0 3 528 0 0 28 103945
8 0 3 529 0 1 29 105951
8 0 3 530 0 2 30 109861
8 0 3 531 0 3 31 114234
8 0 3 532 0 4 32 121133
8 0 3 533 0 5 33 130562
8 0 3 534 0 6 34 136260
8 0 3 535 0 7 35 143460
8 0 3 536 0 0 36 103939
8 0 3 537 0 1 37 106079
8 0 3 538 0 2 38 110091
8 0 3 539 0 3 39 113864
8 0 3 540 0 4 40 120876
8 0 3 541 0 5 41 131735
8 0 3 542 0 6 42 136649
8 0 3 543 0 7 43 143326
8 0 3 544 0 0 44 103956
8 0 3 545 0 1 45 105966
8 0 3 546 0 2 46 110039
8 0 3 547 0 3 47 114217
8 0 3 548 0 4 48 120972
8 0 3 549 0 5 49 132431
8 0 3 550 0 6 50 134575
8 0 3 551 0 7 51 144004
8 0 3 552 0 0 52 103969
8 0 3 553 0 1 53 105945
8 0 3 554 0 2 54 110040
8 0 3 555 0 3 55 114384
8 0 3 556 0 4 56 121100
8 0 3 557 0 5 57 131286
8 0 3 558 0 6 58 136638
8 0 3 559 0 7 59 143166
8 0 3 560 0 0 60 103941
8 0 3 561 0 1 61 105718
8 0 3 562 0 2 62 110092
8 0 3 563 0 3 63 114588
8 0 3 564 0 4 64 120988
8 0 3 565 0 5 65 132563
8 0 3 566 0 6 66 136216
8 0 3 567 0 7 67 143445
8 0 3 568 0 0 68 103856
8 0 3 569 0 1 69 106068
8 0 3 570 0 2 70 110194
8 0 3 571 0 3 71 114256
8 0 3 572 0 4 72 121077
8 0 3 573 0 5 73 131642
8 0 3 574 0 6 74 130528
8 0 3 575 0 7 75 143635
8 0 3 576 0 0 76 103999
8 0 3 577 0 1 77 105906
8 0 3 578 0 2 78 110231
8 0 3 579 0 3 79 105704
8 0 3 580 0 4 80 120596
8 0 3 581 0 5 81 132692
8 0 3 582 0 6 82 136750
8 0 3 583 0 7 83 144120
8 0 3 584 0 0 84 102540
8 0 3 585 0 1 85 105153
8 0 3 586 0 2 86 110270
8 0 3 587 0 3 87 114303
8 0 3 588 0 4 88 121181
8 0 3 589 0 5 89 131151
8 0 3 590 0 6 90 135732
8 0 3 591 0 7 91 140249
8 0 3 592 0 0 92 103920
8 0 3 593 0 1 93 106124
8 0 3 594 0 2 94 110366
8 0 3 595 0 3 95 109097
8 0 3 596 0 4 96 119998
8 0 3 597 0 5 97 131958
8 0 3 598 0 6 98 127566
8 0 3 599 0 7 99 138527
8 0 4 0 0 0 0 105325
8 0 4 1 0 1 1 108255
8 0 4 2 0 2 2 113651
8 0 4 3 0 3 3 115002
8 0 4 4 0 4 4 126230
8 0 4 5 0 5 5 144672
8 0 4 6 0 6 6 148196
8 0 4 7 0 7 7 161738
8 0 4 8 0 0 8 105285
8 0 4 9 0 1 9 108118
8 0 4 10 0 2 10 113895
8 0 4 11 0 3 11 119528
8 0 4 12 0 4 12 128163
8 0 4 13 0 5 13 144915
8 0 4 14 0 6 14 148561
8 0 4 15 0 7 15 159123
8 0 4 16 0 0 16 105284
8 0 4 17 0 1 17 107977
8 0 4 18 0 2 18 109816
8 0 4 19 0 3 19 119457
8 0 4 20 0 4 20 126540
8 0 4 21 0 5 21 145333
8 0 4 22 0 6 22 142418
8 0 4 23 0 7 23 161283
8 0 4 24 0 0 24 105025
8 0 4 25 0 1 25 107994
8 0 4 26 0 2 26 113864
8 0 4 27 0 3 27 119596
8 0 4 28 0 4 28 124707
8 0 4 29 0 5 29 145591
8 0 4 30 0 6 30 150545
8 0 4 31 0 7 31 162553
8 0 4 32 0 0 32 105395
8 0 4 33 0 1 33 107497
8 0 4 34 0 2 34 113433
8 0 4 35 0 3 35 119828
8 0 4 36 0 4 36 128942
8 0 4 37 0 5 37 145818
8 0 4 38 0 6 38 151474
8 0 4 39 0 7 39 152993
8 0 4 40 0 0 40 105320
8 0 4 41 0 1 41 107984
8 0 4 42 0 2 42 113615
8 0 4 43 0 3 43 119569
8 0 4 44 0 4 44 128494
8 0 4 45 0 5 45 145092
8 0 4 46 0 6 46 147474
8 0 4 47 0 7 47 162790
8 0 4 48 0 0 48 105371
8 0 4 49 0 1 49 108085
8 0 4 50 0 2 50 113472
8 0 4 51 0 3 51 119579
8 0 4 52 0 4 52 128613
8 0 4 53 0 5 53 144092
8 0 4 54 0 6 54 152141
8 0 4 55 0 7 55 161995
8 0 4 56 0 0 56 105386
8 0 4 57 0 1 57 108034
8 0 4 58 0 2 58 113739
8 0 4 59 0 3 59 119463
8 0 4 60 0 4 60 127006
8 0 4 61 0 5 61 143835
8 0 4 62 0 6 62 151070
8 0 4 63 0 7 63 163805
8 0 4 64 0 0 64 105288
8 0 4 65 0 1 65 108210
8 0 4 66 0 2 66 113813
8 0 4 67 0 3 67 119789
8 0 4 68 0 4 68 128192
8 0 4 69 0 5 69 144333
8 0 4 70 0 6 70 149277
8 0 4 71 0 7 71 157617
8 0 4 72 0 0 72 105391
8 0 4 73 0 1 73 107828
8 0 4 74 0 2 74 113093
8 0 4 75 0 3 75 119254
8 0 4 76 0 4 76 128716
8 0 4 77 0 5 77 144507
8 0 4 78 0 6 78 145255
8 0 4 79 0 7 79 145538
8 0 4 80 0 0 80 105274
8 0 4 81 0 1 81 108230
8 0 4 82 0 2 82 113717
8 0 4 83 0 3 83 119426
8 0 4 84 0 4 84 121999
8 0 4 85 0 5 85 141747
8 0 4 86 0 6 86 151246
8 0 4 87 0 7 87 159335
8 0 4 88 0 0 88 105334
8 0 4 89 0 1 89 107895
8 0 4 90 0 2 90 113507
8 0 4 91 0 3 91 116995
8 0 4 92 0 4 92 128741
8 0 4 93 0 5 93 145562
8 0 4 94 0 6 94 150382
8 0 4 95 0 7 95 147826
8 0 4 96 0 0 96 105317
8 0 4 97 0 1 97 107975
8 0 4 98 0 2 98 109833
8 0 4 99 0 3 99 119697
8 0 4 100 0 4 0 128654
8 0 4 101 0 5 1 145971
8 0 4 102 0 6 2 150220
8 0 4 103 0 7 3 150699
8 0 4 104 0 0 4 104732
8 0 4 105 0 1 5 107933
8 0 4 106 0 2 6 113259
8 0 4 107 0 3 7 119252
8 0 4 108 0 4 8 127799
8 0 4 109 0 5 9 144928
8 0 4 110 0 6 10 152842
8 0 4 111 0 7 11 161681
8 0 4 112 0 0 12 105242
8 0 4 113 0 1 13 108031
8 0 4 114 0 2 14 113541
8 0 4 115 0 3 15 119401
8 0 4 116 0 4 16 128478
8 0 4 117 0 5 17 143264
8 0 4 118 0 6 18 141492
8 0 4 119 0 7 19 162262
8 0 4 120 0 0 20 105326
8 0 4 121 0 1 21 108103
8 0 4 122 0 2 22 110758
8 0 4 123 0 3 23 119137
8 0 4 124 0 4 24 127173
8 0 4 125 0 5 25 143126
8 0 4 126 0 6 26 152170
8 0 4 127 0 7 27 162450
8 0 4 128 0 0 28 105322
8 0 4 129 0 1 29 108049
8 0 4 130 0 2 30 113340
8 0 4 131 0 3 31 119502
8 0 4 132 0 4 32 129077
8 0 4 133 0 5 33 143400
8 0 4 134 0 6 34 149316
8 0 4 135 0 7 35 162328
8 0 4 136 0 0 36 105355
8 0 4 137 0 1 37 108246
8 0 4 138 0 2 38 113587
8 0 4 139 0 3 39 119207
8 0 4 140 0 4 40 128716
8 0 4 141 0 5 41 144397
8 0 4 142 0 6 42 151081
8 0 4 143 0 7 43 159259
8 0 4 144 0 0 44 105360
8 0 4 145 0 1 45 108026
8 0 4 146 0 2 46 113718
8 0 4 147 0 3 47 119580
8 0 4 148 0 4 48 128694
8 0 4 149 0 5 49 145160
8 0 4 150 0 6 50 149106
8 0 4 151 0 7 51 162524
8 0 4 152 0 0 52 105330
8 0 4 153 0 1 53 108070
8 0 4 154 0 2 54 113693
8 0 4 155 0 3 55 119753
8 0 4 156 0 4 56 128976
8 0 4 157 0 5 57 143818
8 0 4 158 0 6 58 151854
8 0 4 159 0 7 59 161057
8 0 4 160 0 0 60 105218
8 0 4 161 0 1 61 107867
8 0 4 162 0 2 62 113645
8 0 4 163 0 3 63 119640
8 0 4 164 0 4 64 127215
8 0 4 165 0 5 65 145718
8 0 4 166 0 6 66 151222
8 0 4 167 0 7 67 161906
8 0 4 168 0 0 68 105238
8 0 4 169 0 1 69 108171
8 0 4 170 0 2 70 113816
8 0 4 171 0 3 71 119565
8 0 4 172 0 4 72 129330
8 0 4 173 0 5 73 144543
8 0 4 174 0 6 74 145142
8 0 4 175 0 7 75 162150
8 0 4 176 0 0 76 105357
8 0 4 177 0 1 77 107940
8 0 4 178 0 2 78 112445
8 0 4 179 0 3 79 110467
8 0 4 180 0 4 80 128308
8 0 4 181 0 5 81 146124
8 0 4 182 0 6 82 151231
8 0 4 183 0 7 83 161952
8 0 4 184 0 0 84 103821
8 0 4 185 0 1 85 107081
8 0 4 186 0 2 86 114018
8 0 4 187 0 3 87 119611
8 0 4 188 0 4 88 129007
8 0 4 189 0 5 89 143996
8 0 4 190 0 6 90 150548
8 0 4 191 0 7 91 158604
8 0 4 192 0 0 92 105328
8 0 4 193 0 1 93 108204
8 0 4 194 0 2 94 113973
8 0 4 195 0 3 95 114331
8 0 4 196 0 4 96 128125
8 0 4 197 0 5 97 143943
8 0 4 198 0 6 98 139163
8 0 4 199 0 7 99 156536
8 0 4 200 0 0 0 105325
8 0 4 201 0 1 1 108255
8 0 4 202 0 2 2 113651
8 0 4 203 0 3 3 115002
8 0 4 204 0 4 4 126230
8 0 4 205 0 5 5 144672
8 0 4 206 0 6 6 148196
8 0 4 207 0 7 7 161738
8 0 4 208 0 0 8 105285
8 0 4 209 0 1 9 108118
8 0 4 210 0 2 10 113895
8 0 4 211 0 3 11 119528
8 0 4 212 0 4 12 128163
8 0 4 213 0 5 13 144915
8 0 4 214 0 6 14 148561
8 0 4 215 0 7 15 159123
8 0 4 216 0 0 16 105284
8 0 4 217 0 1 17 107977
8 0 4 218 0 2 18 109816
8 0 4 219 0 3 19 119457
8 0 4 220 0 4 20 126540
8 0 4 221 0 5 21 145333
8 0 4 222 0 6 22 142418
8 0 4 223 0 7 23 161283
8 0 4 224 0 0 24 105025
8 0 4 225 0 1 25 107994
8 0 4 226 0 2 26 113864
8 0 4 227 0 3 27 119596
8 0 4 228 0 4 28 124707
8 0 4 229 0 5 29 145591
8 0 4 230 0 6 30 150545
8 0 4 231 0 7 31 162553
8 0 4 232 0 0 32 105395
8 0 4 233 0 1 33 107497
8 0 4 234 0 2 34 113433
8 0 4 235 0 3 35 119828
8 0 4 236 0 4 36 128942
8 0 4 237 0 5 37 145818
8 0 4 238 0 6 38 151474
8 0 4 239 0 7 39 152993
8 0 4 240 0 0 40 105320
8 0 4 241 0 1 41 107984
8 0 4 242 0 2 42 113615
8 0 4 243 0 3 43 119569
8 0 4 244 0 4 44 128494
8 0 4 245 0 5 45 145092
8 0 4 246 0 6 46 147474
8 0 4 247 0 7 47 162790
8 0 4 248 0 0 48 105371
8 0 4 249 0 1 49 108085
8 0 4 250 0 2 50 113472
8 0 4 251 0 3 51 119579
8 0 4 252 0 4 52 128613
8 0 4 253 0 5 53 144092
8 0 4 254 0 6 54 152141
8 0 4 255 0 7 55 161995
8 0 4 256 0 0 56 105386
8 0 4 257 0 1 57 108034
8 0 4 258 0 2 58 113739
8 0 4 259 0 3 59 119463
8 0 4 260 0 4 60 127006
8 0 4 261 0 5 61 143835
8 0 4 262 0 6 62 151070
8 0 4 263 0 7 63 163805
8 0 4 264 0 0 64 105288
8 0 4 265 0 1 65 108210
8 0 4 266 0 2 66 113813
8 0 4 267 0 3 67 119789
8 0 4 268 0 4 68 128192
8 0 4 269 0 5 69 144333
8 0 4 270 0 6 70 149277
8 0 4 271 0 7 71 157617
8 0 4 272 0 0 72 105391
8 0 4 273 0 1 73 107828
8 0 4 274 0 2 74 113093
8 0 4 275 0 3 75 119254
8 0 4 276 0 4 76 128716
8 0 4 277 0 5 77 144507
8 0 4 278 0 6 78 145255
8 0 4 279 0 7 79 145538
8 0 4 280 0 0 80 105274
8 0 4 281 0 1 81 108230
8 0 4 282 0 2 82 113717
8 0 4 283 0 3 83 119426
8 0 4 284 0 4 84 121999
8 0 4 285 0 5 85 141747
8 0 4 286 0 6 86 151246
8 0 4 287 0 7 87 159335
8 0 4 288 0 0 88 105334
8 0 4 289 0 1 89 107895
8 0 4 290 0 2 90 113507
8 0 4 291 0 3 91 116995
8 0 4 292 0 4 92 128741
8 0 4 293 0 5 93 145562
8 0 4 294 0 6 94 150382
8 0 4 295 0 7 95 147826
8 0 4 296 0 0 96 105317
8 0 4 297 0 1 97 107975
8 0 4 298 0 2 98 109833
8 0 4 299 0 3 99 119697
8 0 4 300 0 4 0 128654
8 0 4 301 0 5 1 145971
8 0 4 302 0 6 2 150220
8 0 4 303 0 7 3 150699
8 0 4 304 0 0 4 104732
8 0 4 305 0 1 5 107933
8 0 4 306 0 2 6 113259
8 0 4 307 0 3 7 119252
8 0 4 308 0 4 8 127799
8 0 4 309 0 5 9 144928
8 0 4 310 0 6 10 152842
8 0 4 311 0 7 11 161681
8 0 4 312 0 0 12 105242
8 0 4 313 0 1 13 108031
8 0 4 314 0 2 14 113541
8 0 4 315 0 3 15 119401
8 0 4 316 0 4 16 128478
8 0 4 317 0 5 17 143264
8 0 4 318 0 6 18 141492
8 0 4 319 0 7 19 162262
8 0 4 320 0 0 20 105326
8 0 4 321 0 1 21 108103
8 0 4 322 0 2 22 110758
8 0 4 323 0 3 23 119137
8 0 4 324 0 4 24 127173
8 0 4 325 0 5 25 143126
8 0 4 326 0 6 26 152170
8 0 4 327 0 7 27 162450
8 0 4 328 0 0 28 105322
8 0 4 329 0 1 29 108049
8 0 4 330 0 2 30 113340
8 0 4 331 0 3 31 119502
8 0 4 332 0 4 32 129077
8 0 4 333 0 5 33 143400
8 0 4 334 0 6 34 149316
8 0 4 335 0 7 35 162328
8 0 4 336 0 0 36 105355
8 0 4 337 0 1 37 108246
8 0 4 338 0 2 38 113587
8 0 4 339 0 3 39 119207
8 0 4 340 0 4 40 128716
8 0 4 341 0 5 41 144397
8 0 4 342 0 6 42 151081
8 0 4 343 0 7 43 159259
8 0 4 344 0 0 44 105360
8 0 4 345 0 1 45 108026
8 0 4 346 0 2 46 113718
8 0 4 347 0 3 47 119580
8 0 4 348 0 4 48 128694
8 0 4 349 0 5 49 145160
8 0 4 350 0 6 50 149106
8 0 4 351 0 7 51 162524
8 0 4 352 0 0 52 105330
8 0 4 353 0 1 53 108070
8 0 4 354 0 2 54 113693
8 0 4 355 0 3 55 119753
8 0 4 356 0 4 56 128976
8 0 4 357 0 5 57 143818
8 0 4 358 0 6 58 151854
8 0 4 359 0 7 59 161057
8 0 4 360 0 0 60 105218
8 0 4 361 0 1 61 107867
8 0 4 362 0 2 62 113645
8 0 4 363 0 3 63 119640
8 0 4 364 0 4 64 127215
8 0 4 365 0 5 65 145718
8 0 4 366 0 6 66 151222
8 0 4 367 0 7 67 161906
8 0 4 368 0 0 68 105238
8 0 4 369 0 1 69 108171
8 0 4 370 0 2 70 113816
8 0 4 371 0 3 71 119565
8 0 4 372 0 4 72 129330
8 0 4 373 0 5 73 144543
8 0 4 374 0 6 74 145142
8 0 4 375 0 7 75 162150
8 0 4 376 0 0 76 105357
8 0 4 377 0 1 77 107940
8 0 4 378 0 2 78 112445
8 0 4 379 0 3 79 110467
8 0 4 380 0 4 80 128308
8 0 4 381 0 5 81 146124
8 0 4 382 0 6 82 151231
8 0 4 383 0 7 83 161952
8 0 4 384 0 0 84 103821
8 0 4 385 0 1 85 107081
8 0 4 386 0 2 86 114018
8 0 4 387 0 3 87 119611
8 0 4 388 0 4 88 129007
8 0 4 389 0 5 89 143996
8 0 4 390 0 6 90 150548
8 0 4 391 0 7 91 158604
8 0 4 392 0 0 92 105328
8 0 4 393 0 1 93 108204
8 0 4 394 0 2 94 113973
8 0 4 395 0 3 95 114331
8 0 4 396 0 4 96 128125
8 0 4 397 0 5 97 143943
8 0 4 398 0 6 98 139163
8 0 4 399 0 7 99 156536
8 0 4 400 0 0 0 105325
8 0 4 401 0 1 1 108255
8 0 4 402 0 2 2 113651
8 0 4 403 0 3 3 115002
8 0 4 404 0 4 4 126230
8 0 4 405 0 5 5 144672
8 0 4 406 0 6 6 148196
8 0 4 407 0 7 7 161738
8 0 4 408 0 0 8 105285
8 0 4 409 0 1 9 108118
8 0 4 410 0 2 10 113895
8 0 4 411 0 3 11 119528
8 0 4 412 0 4 12 128163
8 0 4 413 0 5 13 144915
8 0 4 414 0 6 14 148561
8 0 4 415 0 7 15 159123
8 0 4 416 0 0 16 105284
8 0 4 417 0 1 17 107977
8 0 4 418 0 2 18 109816
8 0 4 419 0 3 19 119457
8 0 4 420 0 4 20 126540
8 0 4 421 0 5 21 145333
8 0 4 422 0 6 22 142418
8 0 4 423 0 7 23 161283
8 0 4 424 0 0 24 105025
8 0 4 425 0 1 25 107994
8 0 4 426 0 2 26 113864
8 0 4 427 0 3 27 119596
8 0 4 428 0 4 28 124707
8 0 4 429 0 5 29 145591
8 0 4 430 0 6 30 150545
8 0 4 431 0 7 31 162553
8 0 4 432 0 0 32 105395
8 0 4 433 0 1 33 107497
8 0 4 434 0 2 34 113433
8 0 4 435 0 3 35 119828
8 0 4 436 0 4 36 128942
8 0 4 437 0 5 37 145818
8 0 4 438 0 6 38 151474
8 0 4 439 0 7 39 152993
8 0 4 440 0 0 40 105320
8 0 4 441 0 1 41 107984
8 0 4 442 0 2 42 113615
8 0 4 443 0 3 43 119569
8 0 4 444 0 4 44 128494
8 0 4 445 0 5 45 145092
8 0 4 446 0 6 46 147474
8 0 4 447 0 7 47 162790
8 0 4 448 0 0 48 105371
8 0 4 449 0 1 49 108085
8 0 4 450 0 2 50 113472
8 0 4 451 0 3 51 119579
8 0 4 452 0 4 52 128613
8 0 4 453 0 5 53 144092
8 0 4 454 0 6 54 152141
8 0 4 455 0 7 55 161995
8 0 4 456 0 0 56 105386
8 0 4 457 0 1 57 108034
8 0 4 458 0 2 58 113739
8 0 4 459 0 3 59 119463
8 0 4 460 0 4 60 127006
8 0 4 461 0 5 61 143835
8 0 4 462 0 6 62 151070
8 0 4 463 0 7 63 163805
8 0 4 464 0 0 64 105288
8 0 4 465 0 1 65 108210
8 0 4 466 0 2 66 113813
8 0 4 467 0 3 67 119789
8 0 4 468 0 4 68 128192
8 0 4 469 0 5 69 144333
8 0 4 470 0 6 70 149277
8 0 4 471 0 7 71 157617
8 0 4 472 0 0 72 105391
8 0 4 473 0 1 73 107828
8 0 4 474 0 2 74 113093
8 0 4 475 0 3 75 119254
8 0 4 476 0 4 76 128716
8 0 4 477 0 5 77 144507
8 0 4 478 0 6 78 145255
8 0 4 479 0 7 79 145538
8 0 4 480 0 0 80 105274
8 0 4 481 0 1 81 108230
8 0 4 482 0 2 82 113717
8 0 4 483 0 3 83 119426
8 0 4 484 0 4 84 121999
8 0 4 485 0 5 85 141747
8 0 4 486 0 6 86 151246
8 0 4 487 0 7 87 159335
8 0 4 488 0 0 88 105334
8 0 4 489 0 1 89 107895
8 0 4 490 0 2 90 113507
8 0 4 491 0 3 91 116995
8 0 4 492 0 4 92 128741
8 0 4 493 0 5 93 145562
8 0 4 494 0 6 94 150382
8 0 4 495 0 7 95 147826
8 0 4 496 0 0 96 105317
8 0 4 497 0 1 97 107975
8 0 4 498 0 2 98 109833
8 0 4 499 0 3 99 119697
8 0 4 500 0 4 0 128654
8 0 4 501 0 5 1 145971
8 0 4 502 0 6 2 150220
8 0 4 503 0 7 3 150699
8 0 4 504 0 0 4 104732
8 0 4 505 0 1 5 107933
8 0 4 506 0 2 6 113259
8 0 4 507 0 3 7 119252
8 0 4 508 0 4 8 127799
8 0 4 509 0 5 9 144928
8 0 4 510 0 6 10 152842
8 0 4 511 0 7 11 161681
8 0 4 512 0 0 12 105242
8 0 4 513 0 1 13 108031
8 0 4 514 0 2 14 113541
8 0 4 515 0 3 15 119401
8 0 4 516 0 4 16 128478
8 0 4 517 0 5 17 143264
8 0 4 518 0 6 18 141492
8 0 4 519 0 7 19 162262
8 0 4 520 0 0 20 105326
8 0 4 521 0 1 21 108103
8 0 4 522 0 2 22 110758
8 0 4 523 0 3 23 119137
8 0 4 524 0 4 24 127173
8 0 4 525 0 5 25 143126
8 0 4 526 0 6 26 152170
8 0 4 527 0 7 27 162450
8 0 4 528 0 0 28 105322
8 0 4 529 0 1 29 108049
8 0 4 530 0 2 30 113340
8 0 4 531 0 3 31 119502
8 0 4 532 0 4 32 129077
8 0 4 533 0 5 33 143400
8 0 4 534 0 6 34 149316
8 0 4 535 0 7 35 162328
8 0 4 536 0 0 36 105355
8 0 4 537 0 1 37 108246
8 0 4 538 0 2 38 113587
8 0 4 539 0 3 39 119207
8 0 4 540 0 4 40 128716
8 0 4 541 0 5 41 144397
8 0 4 542 0 6 42 151081
8 0 4 543 0 7 43 159259
8 0 4 544 0 0 44 105360
8 0 4 545 0 1 45 108026
8 0 4 546 0 2 46 113718
8 0 4 547 0 3 47 119580
8 0 4 548 0 4 48 128694
8 0 4 549 0 5 49 145160
8 0 4 550 0 6 50 149106
8 0 4 551 0 7 51 162524
8 0 4 552 0 0 52 105330
8 0 4 553 0 1 53 108070
8 0 4 554 0 2 54 113693
8 0 4 555 0 3 55 119753
8 0 4 556 0 4 56 128976
8 0 4 557 0 5 57 143818
8 0 4 558 0 6 58 151854
8 0 4 559 0 7 59 161057
8 0 4 560 0 0 60 105218
8 0 4 561 0 1 61 107867
8 0 4 562 0 2 62 113645
8 0 4 563 0 3 63 119640
8 0 4 564 0 4 64 127215
8 0 4 565 0 5 65 145718
8 0 4 566 0 6 66 151222
8 0 4 567 0 7 67 161906
8 0 4 568 0 0 68 105238
8 0 4 569 0 1 69 108171
8 0 4 570 0 2 70 113816
8 0 4 571 0 3 71 119565
8 0 4 572 0 4 72 129330
8 0 4 573 0 5 73 144543
8 0 4 574 0 6 74 145142
8 0 4 575 0 7 75 162150
8 0 4 576 0 0 76 105357
8 0 4 577 0 1 77 107940
8 0 4 578 0 2 78 112445
8 0 4 579 0 3 79 110467
8 0 4 580 0 4 80 128308
8 0 4 581 0 5 81 146124
8 0 4 582 0 6 82 151231
8 0 4 583 0 7 83 161952
8 0 4 584 0 0 84 103821
8 0 4 585 0 1 85 107081
8 0 4 586 0 2 86 114018
8 0 4 587 0 3 87 119611
8 0 4 588 0 4 88 129007
8 0 4 589 0 5 89 143996
8 0 4 590 0 6 90 150548
8 0 4 591 0 7 91 158604
8 0 4 592 0 0 92 105328
8 0 4 593 0 1 93 108204
8 0 4 594 0 2 94 113973
8 0 4 595 0 3 95 114331
8 0 4 596 0 4 96 128125
8 0 4 597 0 5 97 143943
8 0 4 598 0 6 98 139163
8 0 4 599 0 7 99 156536
8 0 5 0 0 0 0 106715
8 0 5 1 0 1 1 110398
8 0 5 2 0 2 2 117080
8 0 5 3 0 3 3 120230
8 0 5 4 0 4 4 134422
8 0 5 5 0 5 5 158974
8 0 5 6 0 6 6 163966
8 0 5 7 0 7 7 182084
8 0 5 8 0 0 8 106715
8 0 5 9 0 1 9 110278
8 0 5 10 0 2 10 117690
8 0 5 11 0 3 11 124845
8 0 5 12 0 4 12 136501
8 0 5 13 0 5 13 158729
8 0 5 14 0 6 14 164860
8 0 5 15 0 7 15 179814
8 0 5 16 0 0 16 106716
8 0 5 17 0 1 17 110107
8 0 5 18 0 2 18 113498
8 0 5 19 0 3 19 124858
8 0 5 20 0 4 20 134759
8 0 5 21 0 5 21 159405
8 0 5 22 0 6 22 157237
8 0 5 23 0 7 23 182627
8 0 5 24 0 0 24 106325
8 0 5 25 0 1 25 110177
8 0 5 26 0 2 26 117708
8 0 5 27 0 3 27 125290
8 0 5 28 0 4 28 132887
8 0 5 29 0 5 29 159851
8 0 5 30 0 6 30 167785
8 0 5 31 0 7 31 183773
8 0 5 32 0 0 32 106769
8 0 5 33 0 1 33 109587
8 0 5 34 0 2 34 117105
8 0 5 35 0 3 35 125380
8 0 5 36 0 4 36 136984
8 0 5 37 0 5 37 160154
8 0 5 38 0 6 38 168097
8 0 5 39 0 7 39 172267
8 0 5 40 0 0 40 106709
8 0 5 41 0 1 41 110053
8 0 5 42 0 2 42 117351
8 0 5 43 0 3 43 125095
8 0 5 44 0 4 44 137017
8 0 5 45 0 5 45 159557
8 0 5 46 0 6 46 163724
8 0 5 47 0 7 47 183339
8 0 5 48 0 0 48 106792
8 0 5 49 0 1 49 110226
8 0 5 50 0 2 50 117237
8 0 5 51 0 3 51 125151
8 0 5 52 0 4 52 137026
8 0 5 53 0 5 53 158087
8 0 5 54 0 6 54 168936
8 0 5 55 0 7 55 183086
8 0 5 56 0 0 56 106764
8 0 5 57 0 1 57 110194
8 0 5 58 0 2 58 117529
8 0 5 59 0 3 59 124983
8 0 5 60 0 4 60 135308
8 0 5 61 0 5 61 157516
8 0 5 62 0 6 62 167440
8 0 5 63 0 7 63 185077
8 0 5 64 0 0 64 106708
8 0 5 65 0 1 65 110364
8 0 5 66 0 2 66 117599
8 0 5 67 0 3 67 125274
8 0 5 68 0 4 68 136912
8 0 5 69 0 5 69 158262
8 0 5 70 0 6 70 165878
8 0 5 71 0 7 71 178052
8 0 5 72 0 0 72 106783
8 0 5 73 0 1 73 109896
8 0 5 74 0 2 74 116790
8 0 5 75 0 3 75 124553
8 0 5 76 0 4 76 136913
8 0 5 77 0 5 77 158465
8 0 5 78 0 6 78 161011
8 0 5 79 0 7 79 164050
8 0 5 80 0 0 80 106666
8 0 5 81 0 1 81 110437
8 0 5 82 0 2 82 117507
8 0 5 83 0 3 83 125020
8 0 5 84 0 4 84 130179
8 0 5 85 0 5 85 155344
8 0 5 86 0 6 86 168308
8 0 5 87 0 7 87 180305
8 0 5 88 0 0 88 106736
8 0 5 89 0 1 89 110051
8 0 5 90 0 2 90 117227
8 0 5 91 0 3 91 122435
8 0 5 92 0 4 92 136842
8 0 5 93 0 5 93 159478
8 0 5 94 0 6 94 166964
8 0 5 95 0 7 95 166696
8 0 5 96 0 0 96 106701
8 0 5 97 0 1 97 110132
8 0 5 98 0 2 98 113459
8 0 5 99 0 3 99 125051
8 0 5 100 0 4 0 136910
8 0 5 101 0 5 1 160570
8 0 5 102 0 6 2 165989
8 0 5 103 0 7 3 169941
8 0 5 104 0 0 4 106113
8 0 5 105 0 1 5 110063
8 0 5 106 0 2 6 116722
8 0 5 107 0 3 7 124516
8 0 5 108 0 4 8 136392
8 0 5 109 0 5 9 159281
8 0 5 110 0 6 10 169180
8 0 5 111 0 7 11 181437
8 0 5 112 0 0 12 106618
8 0 5 113 0 1 13 110170
8 0 5 114 0 2 14 117275
8 0 5 115 0 3 15 124953
8 0 5 116 0 4 16 137178
8 0 5 117 0 5 17 157264
8 0 5 118 0 6 18 157420
8 0 5 119 0 7 19 183040
8 0 5 120 0 0 20 106703
8 0 5 121 0 1 21 110183
8 0 5 122 0 2 22 114408
8 0 5 123 0 3 23 124787
8 0 5 124 0 4 24 135041
8 0 5 125 0 5 25 156702
8 0 5 126 0 6 26 169342
8 0 5 127 0 7 27 184004
8 0 5 128 0 0 28 106734
8 0 5 129 0 1 29 110189
8 0 5 130 0 2 30 117168
8 0 5 131 0 3 31 125152
8 0 5 132 0 4 32 137410
8 0 5 133 0 5 33 157532
8 0 5 134 0 6 34 165489
8 0 5 135 0 7 35 183030
8 0 5 136 0 0 36 106672
8 0 5 137 0 1 37 110389
8 0 5 138 0 2 38 117370
8 0 5 139 0 3 39 124421
8 0 5 140 0 4 40 137094
8 0 5 141 0 5 41 157862
8 0 5 142 0 6 42 167291
8 0 5 143 0 7 43 179555
8 0 5 144 0 0 44 106782
8 0 5 145 0 1 45 110228
8 0 5 146 0 2 46 117473
8 0 5 147 0 3 47 125070
8 0 5 148 0 4 48 137321
8 0 5 149 0 5 49 159206
8 0 5 150 0 6 50 165504
8 0 5 151 0 7 51 183556
8 0 5 152 0 0 52 106705
8 0 5 153 0 1 53 110230
8 0 5 154 0 2 54 117445
8 0 5 155 0 3 55 125376
8 0 5 156 0 4 56 137412
8 0 5 157 0 5 57 158106
8 0 5 158 0 6 58 168681
8 0 5 159 0 7 59 181941
8 0 5 160 0 0 60 106594
8 0 5 161 0 1 61 110003
8 0 5 162 0 2 62 117293
8 0 5 163 0 3 63 125269
8 0 5 164 0 4 64 135679
8 0 5 165 0 5 65 159881
8 0 5 166 0 6 66 167566
8 0 5 167 0 7 67 182911
8 0 5 168 0 0 68 106669
8 0 5 169 0 1 69 110292
8 0 5 170 0 2 70 117584
8 0 5 171 0 3 71 125180
8 0 5 172 0 4 72 137694
8 0 5 173 0 5 73 157993
8 0 5 174 0 6 74 160439
8 0 5 175 0 7 75 182976
8 0 5 176 0 0 76 106705
8 0 5 177 0 1 77 110056
8 0 5 178 0 2 78 116123
8 0 5 179 0 3 79 115619
8 0 5 180 0 4 80 136803
8 0 5 181 0 5 81 160766
8 0 5 182 0 6 82 167859
8 0 5 183 0 7 83 183334
8 0 5 184 0 0 84 105233
8 0 5 185 0 1 85 109201
8 0 5 186 0 2 86 117868
8 0 5 187 0 3 87 125162
8 0 5 188 0 4 88 137576
8 0 5 189 0 5 89 157899
8 0 5 190 0 6 90 167161
8 0 5 191 0 7 91 178822
8 0 5 192 0 0 92 106656
8 0 5 193 0 1 93 110327
8 0 5 194 0 2 94 117704
8 0 5 195 0 3 95 119517
8 0 5 196 0 4 96 136553
8 0 5 197 0 5 97 158014
8 0 5 198 0 6 98 154615
8 0 5 199 0 7 99 176521
8 0 5 200 0 0 0 106715
8 0 5 201 0 1 1 110398
8 0 5 202 0 2 2 117080
8 0 5 203 0 3 3 120230
8 0 5 204 0 4 4 134422
8 0 5 205 0 5 5 158974
8 0 5 206 0 6 6 163966
8 0 5 207 0 7 7 182084
8 0 5 208 0 0 8 106715
8 0 5 209 0 1 9 110278
8 0 5 210 0 2 10 117690
8 0 5 211 0 3 11 124845
8 0 5 212 0 4 12 136501
8 0 5 213 0 5 13 158729
8 0 5 214 0 6 14 164860
8 0 5 215 0 7 15 179814
8 0 5 216 0 0 16 106716
8 0 5 217 0 1 17 110107
8 0 5 218 0 2 18 113498
8 0 5 219 0 3 19 124858
8 0 5 220 0 4 20 134759
8 0 5 221 0 5 21 159405
8 0 5 222 0 6 22 157237
8 0 5 223 0 7 23 182627
8 0 5 224 0 0 24 106325
8 0 5 225 0 1 25 110177
8 0 5 226 0 2 26 117708
8 0 5 227 0 3 27 125290
8 0 5 228 0 4 28 132887
8 0 5 229 0 5 29 159851
8 0 5 230 0 6 30 167785
8 0 5 231 0 7 31 183773
8 0 5 232 0 0 32 106769
8 0 5 233 0 1 33 109587
8 0 5 234 0 2 34 117105
8 0 5 235 0 3 35 125380
8 0 5 236 0 4 36 136984
8 0 5 237 0 5 37 160154
8 0 5 238 0 6 38 168097
8 0 5 239 0 7 39 172267
8 0 5 240 0 0 40 106709
8 0 5 241 0 1 41 110053
8 0 5 242 0 2 42 117351
8 0 5 243 0 3 43 125095
8 0 5 244 0 4 44 137017
8 0 5 245 0 5 45 159557
8 0 5 246 0 6 46 163724
8 0 5 247 0 7 47 183339
8 0 5 248 0 0 48 106792
8 0 5 249 0 1 49 110226
8 0 5 250 0 2 50 117237
8 0 5 251 0 3 51 125151
8 0 5 252 0 4 52 137026
8 0 5 253 0 5 53 158087
8 0 5 254 0 6 54 168936
8 0 5 255 0 7 55 183086
8 0 5 256 0 0 56 106764
8 0 5 257 0 1 57 110194
8 0 5 258 0 2 58 117529
8 0 5 259 0 3 59 124983
8 0 5 260 0 4 60 135308
8 0 5 261 0 5 61 157516
8 0 5 262 0 6 62 167440
8 0 5 263 0 7 63 185077
8 0 5 264 0 0 64 106708
8 0 5 265 0 1 65 110364
8 0 5 266 0 2 66 117599
8 0 5 267 0 3 67 125274
8 0 5 268 0 4 68 136912
8 0 5 269 0 5 69 158262
8 0 5 270 0 6 70 165878
8 0 5 271 0 7 71 178052
8 0 5 272 0 0 72 106783
8 0 5 273 0 1 73 109896
8 0 5 274 0 2 74 116790
8 0 5 275 0 3 75 124553
8 0 5 276 0 4 76 136913
8 0 5 277 0 5 77 158465
8 0 5 278 0 6 78 161011
8 0 5 279 0 7 79 164050
8 0 5 280 0 0 80 106666
8 0 5 281 0 1 81 110437
8 0 5 282 0 2 82 117507
8 0 5 283 0 3 83 125020
8 0 5 284 0 4 84 130179
8 0 5 285 0 5 85 155344
8 0 5 286 0 6 86 168308
8 0 5 287 0 7 87 180305
8 0 5 288 0 0 88 106736
8 0 5 289 0 1 89 110051
8 0 5 290 0 2 90 117227
8 0 5 291 0 3 91 122435
8 0 5 292 0 4 92 136842
8 0 5 293 0 5 93 159478
8 0 5 294 0 6 94 166964
8 0 5 295 0 7 95 166696
8 0 5 296 0 0 96 106701
8 0 5 297 0 1 97 110132
8 0 5 298 0 2 98 113459
8 0 5 299 0 3 99 125051
8 0 5 300 0 4 0 136910
8 0 5 301 0 5 1 160570
8 0 5 302 0 6 2 165989
8 0 5 303 0 7 3 169941
8 0 5 304 0 0 4 106113
8 0 5 305 0 1 5 110063
8 0 5 306 0 2 6 116722
8 0 5 307 0 3 7 124516
8 0 5 308 0 4 8 136392
8 0 5 309 0 5 9 159281
8 0 5 310 0 6 10 169180
8 0 5 311 0 7 11 181437
8 0 5 312 0 0 12 106618
8 0 5 313 0 1 13 110170
8 0 5 314 0 2 14 117275
8 0 5 315 0 3 15 124953
8 0 5 316 0 4 16 137178
8 0 5 317 0 5 17 157264
8 0 5 318 0 6 18 157420
8 0 5 319 0 7 19 183040
8 0 5 320 0 0 20 106703
8 0 5 321 0 1 21 110183
8 0 5 322 0 2 22 114408
8 0 5 323 0 3 23 124787
8 0 5 324 0 4 24 135041
8 0 5 325 0 5 25 156702
8 0 5 326 0 6 26 169342
8 0 5 327 0 7 27 184004
8 0 5 328 0 0 28 106734
8 0 5 329 0 1 29 110189
8 0 5 330 0 2 30 117168
8 0 5 331 0 3 31 125152
8 0 5 332 0 4 32 137410
8 0 5 333 0 5 33 157532
8 0 5 334 0 6 34 165489
8 0 5 335 0 7 35 183030
8 0 5 336 0 0 36 106672
8 0 5 337 0 1 37 110389
8 0 5 338 0 2 38 117370
8 0 5 339 0 3 39 124421
8 0 5 340 0 4 40 137094
8 0 5 341 0 5 41 157862
8 0 5 342 0 6 42 167291
8 0 5 343 0 7 43 179555
8 0 5 344 0 0 44 106782
8 0 5 345 0 1 45 110228
8 0 5 346 0 2 46 117473
8 0 5 347 0 3 47 125070
8 0 5 348 0 4 48 137321
8 0 5 349 0 5 49 159206
8 0 5 350 0 6 50 165504
8 0 5 351 0 7 51 183556
8 0 5 352 0 0 52 106705
8 0 5 353 0 1 53 110230
8 0 5 354 0 2 54 117445
8 0 5 355 0 3 55 125376
8 0 5 356 0 4 56 137412
8 0 5 357 0 5 57 158106
8 0 5 358 0 6 58 168681
8 0 5 359 0 7 59 181941
8 0 5 360 0 0 60 106594
8 0 5 361 0 1 61 110003
8 0 5 362 0 2 62 117293
8 0 5 363 0 3 63 125269
8 0 5 364 0 4 64 135679
8 0 5 365 0 5 65 159881
8 0 5 366 0 6 66 167566
8 0 5 367 0 7 67 182911
8 0 5 368 0 0 68 106669
8 0 5 369 0 1 69 110292
8 0 5 370 0 2 70 117584
8 0 5 371 0 3 71 125180
8 0 5 372 0 4 72 137694
8 0 5 373 0 5 73 157993
8 0 5 374 0 6 74 160439
8 0 5 375 0 7 75 182976
8 0 5 376 0 0 76 106705
8 0 5 377 0 1 77 110056
8 0 5 378 0 2 78 116123
8 0 5 379 0 3 79 115619
8 0 5 380 0 4 80 136803
8 0 5 381 0 5 81 160766
8 0 5 382 0 6 82 167859
8 0 5 383 0 7 83 183334
8 0 5 384 0 0 84 105233
8 0 5 385 0 1 85 109201
8 0 5 386 0 2 86 117868
8 0 5 387 0 3 87 125162
8 0 5 388 0 4 88 137576
8 0 5 389 0 5 89 157899
8 0 5 390 0 6 90 167161
8 0 5 391 0 7 91 178822
8 0 5 392 0 0 92 106656
8 0 5 393 0 1 93 110327
8 0 5 394 0 2 94 117704
8 0 5 395 0 3 95 119517
8 0 5 396 0 4 96 136553
8 0 5 397 0 5 97 158014
8 0 5 398 0 6 98 154615
8 0 5 399 0 7 99 176521
8 0 5 400 0 0 0 106715
8 0 5 401 0 1 1 110398
8 0 5 402 0 2 2 117080
8 0 5 403 0 3 3 120230
8 0 5 404 0 4 4 134422
8 0 5 405 0 5 5 158974
8 0 5 406 0 6 6 163966
8 0 5 407 0 7 7 182084
8 0 5 408 0 0 8 106715
8 0 5 409 0 1 9 110278
8 0 5 410 0 2 10 117690
8 0 5 411 0 3 11 124845
8 0 5 412 0 4 12 136501
8 0 5 413 0 5 13 158729
8 0 5 414 0 6 14 164860
8 0 5 415 0 7 15 179814
8 0 5 416 0 0 16 106716
8 0 5 417 0 1 17 110107
8 0 5 418 0 2 18 113498
8 0 5 419 0 3 19 124858
8 0 5 420 0 4 20 134759
8 0 5 421 0 5 21 159405
8 0 5 422 0 6 22 157237
8 0 5 423 0 7 23 182627
8 0 5 424 0 0 24 106325
8 0 5 425 0 1 25 110177
8 0 5 426 0 2 26 117708
8 0 5 427 0 3 27 125290
8 0 5 428 0 4 28 132887
8 0 5 429 0 5 29 159851
8 0 5 430 0 6 30 167785
8 0 5 431 0 7 31 183773
8 0 5 432 0 0 32 106769
8 0 5 433 0 1 33 109587
8 0 5 434 0 2 34 117105
8 0 5 435 0 3 35 125380
8 0 5 436 0 4 36 136984
8 0 5 437 0 5 37 160154
8 0 5 438 0 6 38 168097
8 0 5 439 0 7 39 172267
8 0 5 440 0 0 40 106709
8 0 5 441 0 1 41 110053
8 0 5 442 0 2 42 117351
8 0 5 443 0 3 43 125095
8 0 5 444 0 4 44 137017
8 0 5 445 0 5 45 159557
8 0 5 446 0 6 46 163724
8 0 5 447 0 7 47 183339
8 0 5 448 0 0 48 106792
8 0 5 449 0 1 49 110226
8 0 5 450 0 2 50 117237
8 0 5 451 0 3 51 125151
8 0 5 452 0 4 52 137026
8 0 5 453 0 5 53 158087
8 0 5 454 0 6 54 168936
8 0 5 455 0 7 55 183086
8 0 5 456 0 0 56 106764
8 0 5 457 0 1 57 110194
8 0 5 458 0 2 58 117529
8 0 5 459 0 3 59 124983
8 0 5 460 0 4 60 135308
8 0 5 461 0 5 61 157516
8 0 5 462 0 6 62 167440
8 0 5 463 0 7 63 185077
8 0 5 464 0 0 64 106708
8 0 5 465 0 1 65 110364
8 0 5 466 0 2 66 117599
8 0 5 467 0 3 67 125274
8 0 5 468 0 4 68 136912
8 0 5 469 0 5 69 158262
8 0 5 470 0 6 70 165878
8 0 5 471 0 7 71 178052
8 0 5 472 0 0 72 106783
8 0 5 473 0 1 73 109896
8 0 5 474 0 2 74 116790
8 0 5 475 0 3 75 124553
8 0 5 476 0 4 76 136913
8 0 5 477 0 5 77 158465
8 0 5 478 0 6 78 161011
8 0 5 479 0 7 79 164050
8 0 5 480 0 0 80 106666
8 0 5 481 0 1 81 110437
8 0 5 482 0 2 82 117507
8 0 5 483 0 3 83 125020
8 0 5 484 0 4 84 130179
8 0 5 485 0 5 85 155344
8 0 5 486 0 6 86 168308
8 0 5 487 0 7 87 180305
8 0 5 488 0 0 88 106736
8 0 5 489 0 1 89 110051
8 0 5 490 0 2 90 117227
8 0 5 491 0 3 91 122435
8 0 5 492 0 4 92 136842
8 0 5 493 0 5 93 159478
8 0 5 494 0 6 94 166964
8 0 5 495 0 7 95 166696
8 0 5 496 0 0 96 106701
8 0 5 497 0 1 97 110132
8 0 5 498 0 2 98 113459
8 0 5 499 0 3 99 125051
8 0 5 500 0 4 0 136910
8 0 5 501 0 5 1 160570
8 0 5 502 0 6 2 165989
8 0 5 503 0 7 3 169941
8 0 5 504 0 0 4 106113
8 0 5 505 0 1 5 110063
8 0 5 506 0 2 6 116722
8 0 5 507 0 3 7 124516
8 0 5 508 0 4 8 136392
8 0 5 509 0 5 9 159281
8 0 5 510 0 6 10 169180
8 0 5 511 0 7 11 181437
8 0 5 512 0 0 12 106618
8 0 5 513 0 1 13 110170
8 0 5 514 0 2 14 117275
8 0 5 515 0 3 15 124953
8 0 5 516 0 4 16 137178
8 0 5 517 0 5 17 157264
8 0 5 518 0 6 18 157420
8 0 5 519 0 7 19 183040
8 0 5 520 0 0 20 106703
8 0 5 521 0 1 21 110183
8 0 5 522 0 2 22 114408
8 0 5 523 0 3 23 124787
8 0 5 524 0 4 24 135041
8 0 5 525 0 5 25 156702
8 0 5 526 0 6 26 169342
8 0 5 527 0 7 27 184004
8 0 5 528 0 0 28 106734
8 0 5 529 0 1 29 110189
8 0 5 530 0 2 30 117168
8 0 5 531 0 3 31 125152
8 0 5 532 0 4 32 137410
8 0 5 533 0 5 33 157532
8 0 5 534 0 6 34 165489
8 0 5 535 0 7 35 183030
8 0 5 536 0 0 36 106672
8 0 5 537 0 1 37 110389
8 0 5 538 0 2 38 117370
8 0 5 539 0 3 39 124421
8 0 5 540 0 4 40 137094
8 0 5 541 0 5 41 157862
8 0 5 542 0 6 42 167291
8 0 5 543 0 7 43 179555
8 0 5 544 0 0 44 106782
8 0 5 545 0 1 45 110228
8 0 5 546 0 2 46 117473
8 0 5 547 0 3 47 125070
8 0 5 548 0 4 48 137321
8 0 5 549 0 5 49 159206
8 0 5 550 0 6 50 165504
8 0 5 551 0 7 51 183556
8 0 5 552 0 0 52 106705
8 0 5 553 0 1 53 110230
8 0 5 554 0 2 54 117445
8 0 5 555 0 3 55 125376
8 0 5 556 0 4 56 137412
8 0 5 557 0 5 57 158106
8 0 5 558 0 6 58 168681
8 0 5 559 0 7 59 181941
8 0 5 560 0 0 60 106594
8 0 5 561 0 1 61 110003
8 0 5 562 0 2 62 117293
8 0 5 563 0 3 63 125269
8 0 5 564 0 4 64 135679
8 0 5 565 0 5 65 159881
8 0 5 566 0 6 66 167566
8 0 5 567 0 7 67 182911
8 0 5 568 0 0 68 106669
8 0 5 569 0 1 69 110292
8 0 5 570 0 2 70 117584
8 0 5 571 0 3 71 125180
8 0 5 572 0 4 72 137694
8 0 5 573 0 5 73 157993
8 0 5 574 0 6 74 160439
8 0 5 575 0 7 75 182976
8 0 5 576 0 0 76 106705
8 0 5 577 0 1 77 110056
8 0 5 578 0 2 78 116123
8 0 5 579 0 3 79 115619
8 0 5 580 0 4 80 136803
8 0 5 581 0 5 81 160766
8 0 5 582 0 6 82 167859
8 0 5 583 0 7 83 183334
8 0 5 584 0 0 84 105233
8 0 5 585 0 1 85 109201
8 0 5 586 0 2 86 117868
8 0 5 587 0 3 87 125162
8 0 5 588 0 4 88 137576
8 0 5 589 0 5 89 157899
8 0 5 590 0 6 90 167161
8 0 5 591 0 7 91 178822
8 0 5 592 0 0 92 106656
8 0 5 593 0 1 93 110327
8 0 5 594 0 2 94 117704
8 0 5 595 0 3 95 119517
8 0 5 596 0 4 96 136553
8 0 5 597 0 5 97 158014
8 0 5 598 0 6 98 154615
8 0 5 599 0 7 99 176521
