16 11 1 3300 4 4 0 106456
16 11 1 3301 4 5 1 110018
16 11 1 3302 4 6 2 109834
16 11 1 3303 4 7 3 113000
16 11 1 3304 4 0 4 101341
16 11 1 3305 4 1 5 101866
16 11 1 3306 4 2 6 103162
16 11 1 3307 4 3 7 104551
16 11 1 3308 4 4 8 102427
16 11 1 3309 4 5 9 109837
16 11 1 3310 4 6 10 110648
16 11 1 3311 4 7 11 112557
16 11 1 3312 4 0 12 101295
16 11 1 3313 4 1 13 101906
16 11 1 3314 4 2 14 102983
16 11 1 3315 4 3 15 104434
16 11 1 3316 4 4 16 106152
16 11 1 3317 4 5 17 109949
16 11 1 3318 4 6 18 110214
16 11 1 3319 4 7 19 110325
16 11 1 3320 4 0 20 101259
16 11 1 3321 4 1 21 101919
16 11 1 3322 4 2 22 103089
16 11 1 3323 4 3 23 104553
16 11 1 3324 4 4 24 105939
16 11 1 3325 4 5 25 108655
16 11 1 3326 4 6 26 110137
16 11 1 3327 4 7 27 108692
16 11 1 3328 4 0 28 101318
16 11 1 3329 4 1 29 101987
16 11 1 3330 4 2 30 102438
16 11 1 3331 4 3 31 104536
16 11 1 3332 4 4 32 106664
16 11 1 3333 4 5 33 109072
16 11 1 3334 4 6 34 110734
16 11 1 3335 4 7 35 112678
16 11 1 3336 4 0 36 101276
16 11 1 3337 4 1 37 101977
16 11 1 3338 4 2 38 97464
16 11 1 3339 4 3 39 104491
16 11 1 3340 4 4 40 106451
16 11 1 3341 4 5 41 109447
16 11 1 3342 4 6 42 109129
16 11 1 3343 4 7 43 112744
16 11 1 3344 4 0 44 101326
16 11 1 3345 4 1 45 101972
16 11 1 3346 4 2 46 103163
16 11 1 3347 4 3 47 101508
16 11 1 3348 4 4 48 106619
16 11 1 3349 4 5 49 109651
16 11 1 3350 4 6 50 100740
16 11 1 3351 4 7 51 113086
16 11 1 3352 4 0 52 101350
16 11 1 3353 4 1 53 100720
16 11 1 3354 4 2 54 101617
16 11 1 3355 4 3 55 104480
16 11 1 3356 4 4 56 106744
16 11 1 3357 4 5 57 109395
16 11 1 3358 4 6 58 100350
16 11 1 3359 4 7 59 109989
16 11 1 3360 4 0 60 100317
16 11 1 3361 4 1 61 101908
16 11 1 3362 4 2 62 103244
16 11 1 3363 4 3 63 104502
16 11 1 3364 4 4 64 106501
16 11 1 3365 4 5 65 102615
16 11 1 3366 4 6 66 110374
16 11 1 3367 4 7 67 113200
16 11 1 3368 4 0 68 101142
16 11 1 3369 4 1 69 102028
16 11 1 3370 4 2 70 103234
16 11 1 3371 4 3 71 103610
16 11 1 3372 4 4 72 106400
16 11 1 3373 4 5 73 108920
16 11 1 3374 4 6 74 107987
16 11 1 3375 4 7 75 112764
16 11 1 3376 4 0 76 101291
16 11 1 3377 4 1 77 101850
16 11 1 3378 4 2 78 103294
16 11 1 3379 4 3 79 104471
16 11 1 3380 4 4 80 106426
16 11 1 3381 4 5 81 109871
16 11 1 3382 4 6 82 111010
16 11 1 3383 4 7 83 103488
16 11 1 3384 4 0 84 100976
16 11 1 3385 4 1 85 101921
16 11 1 3386 4 2 86 103242
16 11 1 3387 4 3 87 99540
16 11 1 3388 4 4 88 106498
16 11 1 3389 4 5 89 109767
16 11 1 3390 4 6 90 111291
16 11 1 3391 4 7 91 111808
16 11 1 3392 4 0 92 101327
16 11 1 3393 4 1 93 101927
16 11 1 3394 4 2 94 103280
16 11 1 3395 4 3 95 104750
16 11 1 3396 4 4 96 106325
16 11 1 3397 4 5 97 108895
16 11 1 3398 4 6 98 106124
16 11 1 3399 4 7 99 112286
16 11 1 3400 4 0 0 101300
16 11 1 3401 4 1 1 101963
16 11 1 3402 4 2 2 103258
16 11 1 3403 4 3 3 104535
16 11 1 3404 4 4 4 106690
16 11 1 3405 4 5 5 109486
16 11 1 3406 4 6 6 103176
16 11 1 3407 4 7 7 113208
16 11 1 3408 4 0 8 99937
16 11 1 3409 4 1 9 102016
16 11 1 3410 4 2 10 103124
16 11 1 3411 4 3 11 104473
16 11 1 3412 4 4 12 106464
16 11 1 3413 4 5 13 109751
16 11 1 3414 4 6 14 107142
16 11 1 3415 4 7 15 111974
16 11 1 3416 4 0 16 101230
16 11 1 3417 4 1 17 101969
16 11 1 3418 4 2 18 102962
16 11 1 3419 4 3 19 104484
16 11 1 3420 4 4 20 106294
16 11 1 3421 4 5 21 109368
16 11 1 3422 4 6 22 110124
16 11 1 3423 4 7 23 112973
16 11 1 3424 4 0 24 101314
16 11 1 3425 4 1 25 101665
16 11 1 3426 4 2 26 102953
16 11 1 3427 4 3 27 103992
16 11 1 3428 4 4 28 106551
16 11 1 3429 4 5 29 109953
16 11 1 3430 4 6 30 110068
16 11 1 3431 4 7 31 112151
16 11 1 3432 4 0 32 101332
16 11 1 3433 4 1 33 101792
16 11 1 3434 4 2 34 103149
16 11 1 3435 4 3 35 104532
16 11 1 3436 4 4 36 106254
16 11 1 3437 4 5 37 109792
16 11 1 3438 4 6 38 104240
16 11 1 3439 4 7 39 112568
16 11 1 3440 4 0 40 101309
16 11 1 3441 4 1 41 101946
16 11 1 3442 4 2 42 103267
16 11 1 3443 4 3 43 104592
16 11 1 3444 4 4 44 106532
16 11 1 3445 4 5 45 109789
16 11 1 3446 4 6 46 105549
16 11 1 3447 4 7 47 109172
16 11 1 3448 4 0 48 101344
16 11 1 3449 4 1 49 102002
16 11 1 3450 4 2 50 102720
16 11 1 3451 4 3 51 104585
16 11 1 3452 4 4 52 106762
16 11 1 3453 4 5 53 106225
16 11 1 3454 4 6 54 109223
16 11 1 3455 4 7 55 110221
16 11 1 3456 4 0 56 101340
16 11 1 3457 4 1 57 101892
16 11 1 3458 4 2 58 103230
16 11 1 3459 4 3 59 102747
16 11 1 3460 4 4 60 101510
16 11 1 3461 4 5 61 109503
16 11 1 3462 4 6 62 110323
16 11 1 3463 4 7 63 112044
16 11 1 3464 4 0 64 101293
16 11 1 3465 4 1 65 102013
16 11 1 3466 4 2 66 103084
16 11 1 3467 4 3 67 104645
16 11 1 3468 4 4 68 105918
16 11 1 3469 4 5 69 109780
16 11 1 3470 4 6 70 108575
16 11 1 3471 4 7 71 109814
16 11 1 3472 4 0 72 101263
16 11 1 3473 4 1 73 101737
16 11 1 3474 4 2 74 103272
16 11 1 3475 4 3 75 104418
16 11 1 3476 4 4 76 106461
16 11 1 3477 4 5 77 109552
16 11 1 3478 4 6 78 110992
16 11 1 3479 4 7 79 107069
16 11 1 3480 4 0 80 101284
16 11 1 3481 4 1 81 101951
16 11 1 3482 4 2 82 103258
16 11 1 3483 4 3 83 104526
16 11 1 3484 4 4 84 105322
16 11 1 3485 4 5 85 109559
16 11 1 3486 4 6 86 107088
16 11 1 3487 4 7 87 107922
16 11 1 3488 4 0 88 101297
16 11 1 3489 4 1 89 101961
16 11 1 3490 4 2 90 103330
16 11 1 3491 4 3 91 104576
16 11 1 3492 4 4 92 106624
16 11 1 3493 4 5 93 109089
16 11 1 3494 4 6 94 110407
16 11 1 3495 4 7 95 113104
16 11 1 3496 4 0 96 101346
16 11 1 3497 4 1 97 101735
16 11 1 3498 4 2 98 101115
16 11 1 3499 4 3 99 104337
16 11 1 3500 4 4 0 106456
16 11 1 3501 4 5 1 110018
16 11 1 3502 4 6 2 109834
16 11 1 3503 4 7 3 113000
16 11 1 3504 4 0 4 101341
16 11 1 3505 4 1 5 101866
16 11 1 3506 4 2 6 103162
16 11 1 3507 4 3 7 104551
16 11 1 3508 4 4 8 102427
16 11 1 3509 4 5 9 109837
16 11 1 3510 4 6 10 110648
16 11 1 3511 4 7 11 112557
16 11 1 3512 4 0 12 101295
16 11 1 3513 4 1 13 101906
16 11 1 3514 4 2 14 102983
16 11 1 3515 4 3 15 104434
16 11 1 3516 4 4 16 106152
16 11 1 3517 4 5 17 109949
16 11 1 3518 4 6 18 110214
16 11 1 3519 4 7 19 110325
16 11 1 3520 4 0 20 101259
16 11 1 3521 4 1 21 101919
16 11 1 3522 4 2 22 103089
16 11 1 3523 4 3 23 104553
16 11 1 3524 4 4 24 105939
16 11 1 3525 4 5 25 108655
16 11 1 3526 4 6 26 110137
16 11 1 3527 4 7 27 108692
16 11 1 3528 4 0 28 101318
16 11 1 3529 4 1 29 101987
16 11 1 3530 4 2 30 102438
16 11 1 3531 4 3 31 104536
16 11 1 3532 4 4 32 106664
16 11 1 3533 4 5 33 109072
16 11 1 3534 4 6 34 110734
16 11 1 3535 4 7 35 112678
16 11 1 3536 4 0 36 101276
16 11 1 3537 4 1 37 101977
16 11 1 3538 4 2 38 97464
16 11 1 3539 4 3 39 104491
16 11 1 3540 4 4 40 106451
16 11 1 3541 4 5 41 109447
16 11 1 3542 4 6 42 109129
16 11 1 3543 4 7 43 112744
16 11 1 3544 4 0 44 101326
16 11 1 3545 4 1 45 101972
16 11 1 3546 4 2 46 103163
16 11 1 3547 4 3 47 101508
16 11 1 3548 4 4 48 106619
16 11 1 3549 4 5 49 109651
16 11 1 3550 4 6 50 100740
16 11 1 3551 4 7 51 113086
16 11 1 3552 4 0 52 101350
16 11 1 3553 4 1 53 100720
16 11 1 3554 4 2 54 101617
16 11 1 3555 4 3 55 104480
16 11 1 3556 4 4 56 106744
16 11 1 3557 4 5 57 109395
16 11 1 3558 4 6 58 100350
16 11 1 3559 4 7 59 109989
16 11 1 3560 4 0 60 100317
16 11 1 3561 4 1 61 101908
16 11 1 3562 4 2 62 103244
16 11 1 3563 4 3 63 104502
16 11 1 3564 4 4 64 106501
16 11 1 3565 4 5 65 102615
16 11 1 3566 4 6 66 110374
16 11 1 3567 4 7 67 113200
16 11 1 3568 4 0 68 101142
16 11 1 3569 4 1 69 102028
16 11 1 3570 4 2 70 103234
16 11 1 3571 4 3 71 103610
16 11 1 3572 4 4 72 106400
16 11 1 3573 4 5 73 108920
16 11 1 3574 4 6 74 107987
16 11 1 3575 4 7 75 112764
16 11 1 3576 4 0 76 101291
16 11 1 3577 4 1 77 101850
16 11 1 3578 4 2 78 103294
16 11 1 3579 4 3 79 104471
16 11 1 3580 4 4 80 106426
16 11 1 3581 4 5 81 109871
16 11 1 3582 4 6 82 111010
16 11 1 3583 4 7 83 103488
16 11 1 3584 4 0 84 100976
16 11 1 3585 4 1 85 101921
16 11 1 3586 4 2 86 103242
16 11 1 3587 4 3 87 99540
16 11 1 3588 4 4 88 106498
16 11 1 3589 4 5 89 109767
16 11 1 3590 4 6 90 111291
16 11 1 3591 4 7 91 111808
16 11 1 3592 4 0 92 101327
16 11 1 3593 4 1 93 101927
16 11 1 3594 4 2 94 103280
16 11 1 3595 4 3 95 104750
16 11 1 3596 4 4 96 106325
16 11 1 3597 4 5 97 108895
16 11 1 3598 4 6 98 106124
16 11 1 3599 4 7 99 112286
16 11 2 3300 4 4 0 113440
16 11 2 3301 4 5 1 120735
16 11 2 3302 4 6 2 121934
16 11 2 3303 4 7 3 121941
16 11 2 3304 4 0 4 102188
16 11 2 3305 4 1 5 103923
16 11 2 3306 4 2 6 106306
16 11 2 3307 4 3 7 100046
16 11 2 3308 4 4 8 108862
16 11 2 3309 4 5 9 120094
16 11 2 3310 4 6 10 121491
16 11 2 3311 4 7 11 126955
16 11 2 3312 4 0 12 102313
16 11 2 3313 4 1 13 100006
16 11 2 3314 4 2 14 106283
16 11 2 3315 4 3 15 109360
16 11 2 3316 4 4 16 112420
16 11 2 3317 4 5 17 120389
16 11 2 3318 4 6 18 121678
16 11 2 3319 4 7 19 123718
16 11 2 3320 4 0 20 102406
16 11 2 3321 4 1 21 103849
16 11 2 3322 4 2 22 105869
16 11 2 3323 4 3 23 109155
16 11 2 3324 4 4 24 112263
16 11 2 3325 4 5 25 119431
16 11 2 3326 4 6 26 122103
16 11 2 3327 4 7 27 122008
16 11 2 3328 4 0 28 102510
16 11 2 3329 4 1 29 103949
16 11 2 3330 4 2 30 99338
16 11 2 3331 4 3 31 109353
16 11 2 3332 4 4 32 113799
16 11 2 3333 4 5 33 119044
16 11 2 3334 4 6 34 112350
16 11 2 3335 4 7 35 126686
16 11 2 3336 4 0 36 102568
16 11 2 3337 4 1 37 103943
16 11 2 3338 4 2 38 94518
16 11 2 3339 4 3 39 109326
16 11 2 3340 4 4 40 113616
16 11 2 3341 4 5 41 119539
16 11 2 3342 4 6 42 120793
16 11 2 3343 4 7 43 126631
16 11 2 3344 4 0 44 102679
16 11 2 3345 4 1 45 103932
16 11 2 3346 4 2 46 106562
16 11 2 3347 4 3 47 105429
16 11 2 3348 4 4 48 112893
16 11 2 3349 4 5 49 119677
16 11 2 3350 4 6 50 111611
16 11 2 3351 4 7 51 114148
16 11 2 3352 4 0 52 102720
16 11 2 3353 4 1 53 102162
16 11 2 3354 4 2 54 104820
16 11 2 3355 4 3 55 108428
16 11 2 3356 4 4 56 113669
16 11 2 3357 4 5 57 119614
16 11 2 3358 4 6 58 97724
16 11 2 3359 4 7 59 124170
16 11 2 3360 4 0 60 101609
16 11 2 3361 4 1 61 103439
16 11 2 3362 4 2 62 106552
16 11 2 3363 4 3 63 109142
16 11 2 3364 4 4 64 113516
16 11 2 3365 4 5 65 112579
16 11 2 3366 4 6 66 104891
16 11 2 3367 4 7 67 123979
16 11 2 3368 4 0 68 102234
16 11 2 3369 4 1 69 103995
16 11 2 3370 4 2 70 106726
16 11 2 3371 4 3 71 108239
16 11 2 3372 4 4 72 113059
16 11 2 3373 4 5 73 118912
16 11 2 3374 4 6 74 119723
16 11 2 3375 4 7 75 126693
16 11 2 3376 4 0 76 100069
16 11 2 3377 4 1 77 103866
16 11 2 3378 4 2 78 106735
16 11 2 3379 4 3 79 109279
16 11 2 3380 4 4 80 112486
16 11 2 3381 4 5 81 119951
16 11 2 3382 4 6 82 114759
16 11 2 3383 4 7 83 117015
16 11 2 3384 4 0 84 102219
16 11 2 3385 4 1 85 103758
16 11 2 3386 4 2 86 106617
16 11 2 3387 4 3 87 103894
16 11 2 3388 4 4 88 113158
16 11 2 3389 4 5 89 119491
16 11 2 3390 4 6 90 121817
16 11 2 3391 4 7 91 115846
16 11 2 3392 4 0 92 102651
16 11 2 3393 4 1 93 103822
16 11 2 3394 4 2 94 106721
16 11 2 3395 4 3 95 109373
16 11 2 3396 4 4 96 112808
16 11 2 3397 4 5 97 118522
16 11 2 3398 4 6 98 117984
16 11 2 3399 4 7 99 126078
16 11 2 3400 4 0 0 102648
16 11 2 3401 4 1 1 103966
16 11 2 3402 4 2 2 106604
16 11 2 3403 4 3 3 109029
16 11 2 3404 4 4 4 107656
16 11 2 3405 4 5 5 120286
16 11 2 3406 4 6 6 113774
16 11 2 3407 4 7 7 115438
16 11 2 3408 4 0 8 101267
16 11 2 3409 4 1 9 103919
16 11 2 3410 4 2 10 106426
16 11 2 3411 4 3 11 109212
16 11 2 3412 4 4 12 112467
16 11 2 3413 4 5 13 101837
16 11 2 3414 4 6 14 118313
16 11 2 3415 4 7 15 126914
16 11 2 3416 4 0 16 102422
16 11 2 3417 4 1 17 104006
16 11 2 3418 4 2 18 105554
16 11 2 3419 4 3 19 109395
16 11 2 3420 4 4 20 106993
16 11 2 3421 4 5 21 119679
16 11 2 3422 4 6 22 121399
16 11 2 3423 4 7 23 126759
16 11 2 3424 4 0 24 102616
16 11 2 3425 4 1 25 103717
16 11 2 3426 4 2 26 106345
16 11 2 3427 4 3 27 108372
16 11 2 3428 4 4 28 112818
16 11 2 3429 4 5 29 120157
16 11 2 3430 4 6 30 109773
16 11 2 3431 4 7 31 125976
16 11 2 3432 4 0 32 102686
16 11 2 3433 4 1 33 103629
16 11 2 3434 4 2 34 106024
16 11 2 3435 4 3 35 109152
16 11 2 3436 4 4 36 113026
16 11 2 3437 4 5 37 120266
16 11 2 3438 4 6 38 99173
16 11 2 3439 4 7 39 126828
16 11 2 3440 4 0 40 102682
16 11 2 3441 4 1 41 103783
16 11 2 3442 4 2 42 106744
16 11 2 3443 4 3 43 109208
16 11 2 3444 4 4 44 113657
16 11 2 3445 4 5 45 120757
16 11 2 3446 4 6 46 116811
16 11 2 3447 4 7 47 121837
16 11 2 3448 4 0 48 102537
16 11 2 3449 4 1 49 104019
16 11 2 3450 4 2 50 106141
16 11 2 3451 4 3 51 109401
16 11 2 3452 4 4 52 112503
16 11 2 3453 4 5 53 109232
16 11 2 3454 4 6 54 120396
16 11 2 3455 4 7 55 122973
16 11 2 3456 4 0 56 102665
16 11 2 3457 4 1 57 103801
16 11 2 3458 4 2 58 106495
16 11 2 3459 4 3 59 107408
16 11 2 3460 4 4 60 107830
16 11 2 3461 4 5 61 119017
16 11 2 3462 4 6 62 122525
16 11 2 3463 4 7 63 125910
16 11 2 3464 4 0 64 102628
16 11 2 3465 4 1 65 104029
16 11 2 3466 4 2 66 104400
16 11 2 3467 4 3 67 109240
16 11 2 3468 4 4 68 112004
16 11 2 3469 4 5 69 120349
16 11 2 3470 4 6 70 120429
16 11 2 3471 4 7 71 123648
16 11 2 3472 4 0 72 102538
16 11 2 3473 4 1 73 103641
16 11 2 3474 4 2 74 106646
16 11 2 3475 4 3 75 108993
16 11 2 3476 4 4 76 99731
16 11 2 3477 4 5 77 120098
16 11 2 3478 4 6 78 123037
16 11 2 3479 4 7 79 120668
16 11 2 3480 4 0 80 102274
16 11 2 3481 4 1 81 103875
16 11 2 3482 4 2 82 105754
16 11 2 3483 4 3 83 109440
16 11 2 3484 4 4 84 111802
16 11 2 3485 4 5 85 118902
16 11 2 3486 4 6 86 109733
16 11 2 3487 4 7 87 121399
16 11 2 3488 4 0 88 102575
16 11 2 3489 4 1 89 103785
16 11 2 3490 4 2 90 106492
16 11 2 3491 4 3 91 108304
16 11 2 3492 4 4 92 113442
16 11 2 3493 4 5 93 119184
16 11 2 3494 4 6 94 122428
16 11 2 3495 4 7 95 127334
16 11 2 3496 4 0 96 102486
16 11 2 3497 4 1 97 103495
16 11 2 3498 4 2 98 104489
16 11 2 3499 4 3 99 108944
16 11 2 3500 4 4 0 113440
16 11 2 3501 4 5 1 120735
16 11 2 3502 4 6 2 121934
16 11 2 3503 4 7 3 121941
16 11 2 3504 4 0 4 102188
16 11 2 3505 4 1 5 103923
16 11 2 3506 4 2 6 106306
16 11 2 3507 4 3 7 100046
16 11 2 3508 4 4 8 108862
16 11 2 3509 4 5 9 120094
16 11 2 3510 4 6 10 121491
16 11 2 3511 4 7 11 126955
16 11 2 3512 4 0 12 102313
16 11 2 3513 4 1 13 100006
16 11 2 3514 4 2 14 106283
16 11 2 3515 4 3 15 109360
16 11 2 3516 4 4 16 112420
16 11 2 3517 4 5 17 120389
16 11 2 3518 4 6 18 121678
16 11 2 3519 4 7 19 123718
16 11 2 3520 4 0 20 102406
16 11 2 3521 4 1 21 103849
16 11 2 3522 4 2 22 105869
16 11 2 3523 4 3 23 109155
16 11 2 3524 4 4 24 112263
16 11 2 3525 4 5 25 119431
16 11 2 3526 4 6 26 122103
16 11 2 3527 4 7 27 122008
16 11 2 3528 4 0 28 102510
16 11 2 3529 4 1 29 103949
16 11 2 3530 4 2 30 99338
16 11 2 3531 4 3 31 109353
16 11 2 3532 4 4 32 113799
16 11 2 3533 4 5 33 119044
16 11 2 3534 4 6 34 112350
16 11 2 3535 4 7 35 126686
16 11 2 3536 4 0 36 102568
16 11 2 3537 4 1 37 103943
16 11 2 3538 4 2 38 94518
16 11 2 3539 4 3 39 109326
16 11 2 3540 4 4 40 113616
16 11 2 3541 4 5 41 119539
16 11 2 3542 4 6 42 120793
16 11 2 3543 4 7 43 126631
16 11 2 3544 4 0 44 102679
16 11 2 3545 4 1 45 103932
16 11 2 3546 4 2 46 106562
16 11 2 3547 4 3 47 105429
16 11 2 3548 4 4 48 112893
16 11 2 3549 4 5 49 119677
16 11 2 3550 4 6 50 111611
16 11 2 3551 4 7 51 114148
16 11 2 3552 4 0 52 102720
16 11 2 3553 4 1 53 102162
16 11 2 3554 4 2 54 104820
16 11 2 3555 4 3 55 108428
16 11 2 3556 4 4 56 113669
16 11 2 3557 4 5 57 119614
16 11 2 3558 4 6 58 97724
16 11 2 3559 4 7 59 124170
16 11 2 3560 4 0 60 101609
16 11 2 3561 4 1 61 103439
16 11 2 3562 4 2 62 106552
16 11 2 3563 4 3 63 109142
16 11 2 3564 4 4 64 113516
16 11 2 3565 4 5 65 112579
16 11 2 3566 4 6 66 104891
16 11 2 3567 4 7 67 123979
16 11 2 3568 4 0 68 102234
16 11 2 3569 4 1 69 103995
16 11 2 3570 4 2 70 106726
16 11 2 3571 4 3 71 108239
16 11 2 3572 4 4 72 113059
16 11 2 3573 4 5 73 118912
16 11 2 3574 4 6 74 119723
16 11 2 3575 4 7 75 126693
16 11 2 3576 4 0 76 100069
16 11 2 3577 4 1 77 103866
16 11 2 3578 4 2 78 106735
16 11 2 3579 4 3 79 109279
16 11 2 3580 4 4 80 112486
16 11 2 3581 4 5 81 119951
16 11 2 3582 4 6 82 114759
16 11 2 3583 4 7 83 117015
16 11 2 3584 4 0 84 102219
16 11 2 3585 4 1 85 103758
16 11 2 3586 4 2 86 106617
16 11 2 3587 4 3 87 103894
16 11 2 3588 4 4 88 113158
16 11 2 3589 4 5 89 119491
16 11 2 3590 4 6 90 121817
16 11 2 3591 4 7 91 115846
16 11 2 3592 4 0 92 102651
16 11 2 3593 4 1 93 103822
16 11 2 3594 4 2 94 106721
16 11 2 3595 4 3 95 109373
16 11 2 3596 4 4 96 112808
16 11 2 3597 4 5 97 118522
16 11 2 3598 4 6 98 117984
16 11 2 3599 4 7 99 126078
16 11 3 3300 4 4 0 120058
16 11 3 3301 4 5 1 119364
16 11 3 3302 4 6 2 129065
16 11 3 3303 4 7 3 130837
16 11 3 3304 4 0 4 103421
16 11 3 3305 4 1 5 105687
16 11 3 3306 4 2 6 109674
16 11 3 3307 4 3 7 104297
16 11 3 3308 4 4 8 108875
16 11 3 3309 4 5 9 118423
16 11 3 3310 4 6 10 125032
16 11 3 3311 4 7 11 131333
16 11 3 3312 4 0 12 103347
16 11 3 3313 4 1 13 101623
16 11 3 3314 4 2 14 104917
16 11 3 3315 4 3 15 109395
16 11 3 3316 4 4 16 119163
16 11 3 3317 4 5 17 124419
16 11 3 3318 4 6 18 131724
16 11 3 3319 4 7 19 121902
16 11 3 3320 4 0 20 103621
16 11 3 3321 4 1 21 105667
16 11 3 3322 4 2 22 108564
16 11 3 3323 4 3 23 113150
16 11 3 3324 4 4 24 118381
16 11 3 3325 4 5 25 130084
16 11 3 3326 4 6 26 114985
16 11 3 3327 4 7 27 126868
16 11 3 3328 4 0 28 103632
16 11 3 3329 4 1 29 102699
16 11 3 3330 4 2 30 98070
16 11 3 3331 4 3 31 113686
16 11 3 3332 4 4 32 120530
16 11 3 3333 4 5 33 118729
16 11 3 3334 4 6 34 123367
16 11 3 3335 4 7 35 131511
16 11 3 3336 4 0 36 102574
16 11 3 3337 4 1 37 103943
16 11 3 3338 4 2 38 97371
16 11 3 3339 4 3 39 113952
16 11 3 3340 4 4 40 119151
16 11 3 3341 4 5 41 125982
16 11 3 3342 4 6 42 119222
16 11 3 3343 4 7 43 133631
16 11 3 3344 4 0 44 102139
16 11 3 3345 4 1 45 103926
16 11 3 3346 4 2 46 106577
16 11 3 3347 4 3 47 103565
16 11 3 3348 4 4 48 111064
16 11 3 3349 4 5 49 125932
16 11 3 3350 4 6 50 117272
16 11 3 3351 4 7 51 122959
16 11 3 3352 4 0 52 104002
16 11 3 3353 4 1 53 102165
16 11 3 3354 4 2 54 104838
16 11 3 3355 4 3 55 112830
16 11 3 3356 4 4 56 113689
16 11 3 3357 4 5 57 123016
16 11 3 3358 4 6 58 95732
16 11 3 3359 4 7 59 135898
16 11 3 3360 4 0 60 100626
16 11 3 3361 4 1 61 105269
16 11 3 3362 4 2 62 109594
16 11 3 3363 4 3 63 113756
16 11 3 3364 4 4 64 116221
16 11 3 3365 4 5 65 117705
16 11 3 3366 4 6 66 105473
16 11 3 3367 4 7 67 131062
16 11 3 3368 4 0 68 102245
16 11 3 3369 4 1 69 105574
16 11 3 3370 4 2 70 103047
16 11 3 3371 4 3 71 104526
16 11 3 3372 4 4 72 110158
16 11 3 3373 4 5 73 128355
16 11 3 3374 4 6 74 124231
16 11 3 3375 4 7 75 118970
16 11 3 3376 4 0 76 101135
16 11 3 3377 4 1 77 105819
16 11 3 3378 4 2 78 105384
16 11 3 3379 4 3 79 113767
16 11 3 3380 4 4 80 110906
16 11 3 3381 4 5 81 118975
16 11 3 3382 4 6 82 118021
16 11 3 3383 4 7 83 125378
16 11 3 3384 4 0 84 103533
16 11 3 3385 4 1 85 102994
16 11 3 3386 4 2 86 105270
16 11 3 3387 4 3 87 107287
16 11 3 3388 4 4 88 120007
16 11 3 3389 4 5 89 125498
16 11 3 3390 4 6 90 134000
16 11 3 3391 4 7 91 121000
16 11 3 3392 4 0 92 103860
16 11 3 3393 4 1 93 103056
16 11 3 3394 4 2 94 106756
16 11 3 3395 4 3 95 109395
16 11 3 3396 4 4 96 109929
16 11 3 3397 4 5 97 121626
16 11 3 3398 4 6 98 124509
16 11 3 3399 4 7 99 128658
16 11 3 3400 4 0 0 103706
16 11 3 3401 4 1 1 103925
16 11 3 3402 4 2 2 109655
16 11 3 3403 4 3 3 112724
16 11 3 3404 4 4 4 113895
16 11 3 3405 4 5 5 130605
16 11 3 3406 4 6 6 125065
16 11 3 3407 4 7 7 129274
16 11 3 3408 4 0 8 101303
16 11 3 3409 4 1 9 103141
16 11 3 3410 4 2 10 106426
16 11 3 3411 4 3 11 112335
16 11 3 3412 4 4 12 114700
16 11 3 3413 4 5 13 110858
16 11 3 3414 4 6 14 118539
16 11 3 3415 4 7 15 134520
16 11 3 3416 4 0 16 103616
16 11 3 3417 4 1 17 104020
16 11 3 3418 4 2 18 108752
16 11 3 3419 4 3 19 106010
16 11 3 3420 4 4 20 113423
16 11 3 3421 4 5 21 126278
16 11 3 3422 4 6 22 132366
16 11 3 3423 4 7 23 136738
16 11 3 3424 4 0 24 103692
16 11 3 3425 4 1 25 105579
16 11 3 3426 4 2 26 106331
16 11 3 3427 4 3 27 108408
16 11 3 3428 4 4 28 119048
16 11 3 3429 4 5 29 119992
16 11 3 3430 4 6 30 110018
16 11 3 3431 4 7 31 141550
16 11 3 3432 4 0 32 103904
16 11 3 3433 4 1 33 102853
16 11 3 3434 4 2 34 109107
16 11 3 3435 4 3 35 109166
16 11 3 3436 4 4 36 113044
16 11 3 3437 4 5 37 125139
16 11 3 3438 4 6 38 109428
16 11 3 3439 4 7 39 141522
16 11 3 3440 4 0 40 103725
16 11 3 3441 4 1 41 105674
16 11 3 3442 4 2 42 109458
16 11 3 3443 4 3 43 109279
16 11 3 3444 4 4 44 110797
16 11 3 3445 4 5 45 124395
16 11 3 3446 4 6 46 121107
16 11 3 3447 4 7 47 126971
16 11 3 3448 4 0 48 102061
16 11 3 3449 4 1 49 104019
16 11 3 3450 4 2 50 106150
16 11 3 3451 4 3 51 109589
16 11 3 3452 4 4 52 119079
16 11 3 3453 4 5 53 108872
16 11 3 3454 4 6 54 129502
16 11 3 3455 4 7 55 137274
16 11 3 3456 4 0 56 102683
16 11 3 3457 4 1 57 103815
16 11 3 3458 4 2 58 106423
16 11 3 3459 4 3 59 111421
16 11 3 3460 4 4 60 102486
16 11 3 3461 4 5 61 127429
16 11 3 3462 4 6 62 131651
16 11 3 3463 4 7 63 140844
16 11 3 3464 4 0 64 103740
16 11 3 3465 4 1 65 104040
16 11 3 3466 4 2 66 107341
16 11 3 3467 4 3 67 109260
16 11 3 3468 4 4 68 114419
16 11 3 3469 4 5 69 130332
16 11 3 3470 4 6 70 119116
16 11 3 3471 4 7 71 116675
16 11 3 3472 4 0 72 102010
16 11 3 3473 4 1 73 105526
16 11 3 3474 4 2 74 106637
16 11 3 3475 4 3 75 110077
16 11 3 3476 4 4 76 105302
16 11 3 3477 4 5 77 127098
16 11 3 3478 4 6 78 120242
16 11 3 3479 4 7 79 128435
16 11 3 3480 4 0 80 101773
16 11 3 3481 4 1 81 103309
16 11 3 3482 4 2 82 108849
16 11 3 3483 4 3 83 109452
16 11 3 3484 4 4 84 118456
16 11 3 3485 4 5 85 118786
16 11 3 3486 4 6 86 104965
16 11 3 3487 4 7 87 123220
16 11 3 3488 4 0 88 103790
16 11 3 3489 4 1 89 105702
16 11 3 3490 4 2 90 110006
16 11 3 3491 4 3 91 104576
16 11 3 3492 4 4 92 119780
16 11 3 3493 4 5 93 116352
16 11 3 3494 4 6 94 130406
16 11 3 3495 4 7 95 134910
16 11 3 3496 4 0 96 101978
16 11 3 3497 4 1 97 102745
16 11 3 3498 4 2 98 104543
16 11 3 3499 4 3 99 109964
16 11 3 3500 4 4 0 120058
16 11 3 3501 4 5 1 119364
16 11 3 3502 4 6 2 129065
16 11 3 3503 4 7 3 130837
16 11 3 3504 4 0 4 103421
16 11 3 3505 4 1 5 105687
16 11 3 3506 4 2 6 109674
16 11 3 3507 4 3 7 104297
16 11 3 3508 4 4 8 108875
16 11 3 3509 4 5 9 118423
16 11 3 3510 4 6 10 125032
16 11 3 3511 4 7 11 131333
16 11 3 3512 4 0 12 103347
16 11 3 3513 4 1 13 101623
16 11 3 3514 4 2 14 104917
16 11 3 3515 4 3 15 109395
16 11 3 3516 4 4 16 119163
16 11 3 3517 4 5 17 124419
16 11 3 3518 4 6 18 131724
16 11 3 3519 4 7 19 121902
16 11 3 3520 4 0 20 103621
16 11 3 3521 4 1 21 105667
16 11 3 3522 4 2 22 108564
16 11 3 3523 4 3 23 113150
16 11 3 3524 4 4 24 118381
16 11 3 3525 4 5 25 130084
16 11 3 3526 4 6 26 114985
16 11 3 3527 4 7 27 126868
16 11 3 3528 4 0 28 103632
16 11 3 3529 4 1 29 102699
16 11 3 3530 4 2 30 98070
16 11 3 3531 4 3 31 113686
16 11 3 3532 4 4 32 120530
16 11 3 3533 4 5 33 118729
16 11 3 3534 4 6 34 123367
16 11 3 3535 4 7 35 131511
16 11 3 3536 4 0 36 102574
16 11 3 3537 4 1 37 103943
16 11 3 3538 4 2 38 97371
16 11 3 3539 4 3 39 113952
16 11 3 3540 4 4 40 119151
16 11 3 3541 4 5 41 125982
16 11 3 3542 4 6 42 119222
16 11 3 3543 4 7 43 133631
16 11 3 3544 4 0 44 102139
16 11 3 3545 4 1 45 103926
16 11 3 3546 4 2 46 106577
16 11 3 3547 4 3 47 103565
16 11 3 3548 4 4 48 111064
16 11 3 3549 4 5 49 125932
16 11 3 3550 4 6 50 117272
16 11 3 3551 4 7 51 122959
16 11 3 3552 4 0 52 104002
16 11 3 3553 4 1 53 102165
16 11 3 3554 4 2 54 104838
16 11 3 3555 4 3 55 112830
16 11 3 3556 4 4 56 113689
16 11 3 3557 4 5 57 123016
16 11 3 3558 4 6 58 95732
16 11 3 3559 4 7 59 135898
16 11 3 3560 4 0 60 100626
16 11 3 3561 4 1 61 105269
16 11 3 3562 4 2 62 109594
16 11 3 3563 4 3 63 113756
16 11 3 3564 4 4 64 116221
16 11 3 3565 4 5 65 117705
16 11 3 3566 4 6 66 105473
16 11 3 3567 4 7 67 131062
16 11 3 3568 4 0 68 102245
16 11 3 3569 4 1 69 105574
16 11 3 3570 4 2 70 103047
16 11 3 3571 4 3 71 104526
16 11 3 3572 4 4 72 110158
16 11 3 3573 4 5 73 128355
16 11 3 3574 4 6 74 124231
16 11 3 3575 4 7 75 118970
16 11 3 3576 4 0 76 101135
16 11 3 3577 4 1 77 105819
16 11 3 3578 4 2 78 105384
16 11 3 3579 4 3 79 113767
16 11 3 3580 4 4 80 110906
16 11 3 3581 4 5 81 118975
16 11 3 3582 4 6 82 118021
16 11 3 3583 4 7 83 125378
16 11 3 3584 4 0 84 103533
16 11 3 3585 4 1 85 102994
16 11 3 3586 4 2 86 105270
16 11 3 3587 4 3 87 107287
16 11 3 3588 4 4 88 120007
16 11 3 3589 4 5 89 125498
16 11 3 3590 4 6 90 134000
16 11 3 3591 4 7 91 121000
16 11 3 3592 4 0 92 103860
16 11 3 3593 4 1 93 103056
16 11 3 3594 4 2 94 106756
16 11 3 3595 4 3 95 109395
16 11 3 3596 4 4 96 109929
16 11 3 3597 4 5 97 121626
16 11 3 3598 4 6 98 124509
16 11 3 3599 4 7 99 128658
16 11 4 3300 4 4 0 122974
16 11 4 3301 4 5 1 119386
16 11 4 3302 4 6 2 138959
16 11 4 3303 4 7 3 135971
16 11 4 3304 4 0 4 103421
16 11 4 3305 4 1 5 105699
16 11 4 3306 4 2 6 109683
16 11 4 3307 4 3 7 104303
16 11 4 3308 4 4 8 108889
16 11 4 3309 4 5 9 118423
16 11 4 3310 4 6 10 125072
16 11 4 3311 4 7 11 135837
16 11 4 3312 4 0 12 104635
16 11 4 3313 4 1 13 101637
16 11 4 3314 4 2 14 104928
16 11 4 3315 4 3 15 109406
16 11 4 3316 4 4 16 119243
16 11 4 3317 4 5 17 124430
16 11 4 3318 4 6 18 135838
16 11 4 3319 4 7 19 129155
16 11 4 3320 4 0 20 103639
16 11 4 3321 4 1 21 105678
16 11 4 3322 4 2 22 108564
16 11 4 3323 4 3 23 113180
16 11 4 3324 4 4 24 118381
16 11 4 3325 4 5 25 130105
16 11 4 3326 4 6 26 114985
16 11 4 3327 4 7 27 142122
16 11 4 3328 4 0 28 103650
16 11 4 3329 4 1 29 102719
16 11 4 3330 4 2 30 98078
16 11 4 3331 4 3 31 113686
16 11 4 3332 4 4 32 128020
16 11 4 3333 4 5 33 129777
16 11 4 3334 4 6 34 123367
16 11 4 3335 4 7 35 133441
16 11 4 3336 4 0 36 102586
16 11 4 3337 4 1 37 103957
16 11 4 3338 4 2 38 100496
16 11 4 3339 4 3 39 119343
16 11 4 3340 4 4 40 123034
16 11 4 3341 4 5 41 126000
16 11 4 3342 4 6 42 119222
16 11 4 3343 4 7 43 149634
16 11 4 3344 4 0 44 102160
16 11 4 3345 4 1 45 103956
16 11 4 3346 4 2 46 106588
16 11 4 3347 4 3 47 103574
16 11 4 3348 4 4 48 114294
16 11 4 3349 4 5 49 130508
16 11 4 3350 4 6 50 125436
16 11 4 3351 4 7 51 132107
16 11 4 3352 4 0 52 104012
16 11 4 3353 4 1 53 102179
16 11 4 3354 4 2 54 107818
16 11 4 3355 4 3 55 112844
16 11 4 3356 4 4 56 113709
16 11 4 3357 4 5 57 123038
16 11 4 3358 4 6 58 95753
16 11 4 3359 4 7 59 145285
16 11 4 3360 4 0 60 100626
16 11 4 3361 4 1 61 105287
16 11 4 3362 4 2 62 109615
16 11 4 3363 4 3 63 113770
16 11 4 3364 4 4 64 116243
16 11 4 3365 4 5 65 123165
16 11 4 3366 4 6 66 105484
16 11 4 3367 4 7 67 146660
16 11 4 3368 4 0 68 102240
16 11 4 3369 4 1 69 105601
16 11 4 3370 4 2 70 103074
16 11 4 3371 4 3 71 104535
16 11 4 3372 4 4 72 116844
16 11 4 3373 4 5 73 136799
16 11 4 3374 4 6 74 124928
16 11 4 3375 4 7 75 125779
16 11 4 3376 4 0 76 101135
16 11 4 3377 4 1 77 107849
16 11 4 3378 4 2 78 105395
16 11 4 3379 4 3 79 116067
16 11 4 3380 4 4 80 115586
16 11 4 3381 4 5 81 119085
16 11 4 3382 4 6 82 121933
16 11 4 3383 4 7 83 133602
16 11 4 3384 4 0 84 103551
16 11 4 3385 4 1 85 103042
16 11 4 3386 4 2 86 105282
16 11 4 3387 4 3 87 107287
16 11 4 3388 4 4 88 120015
16 11 4 3389 4 5 89 128228
16 11 4 3390 4 6 90 134008
16 11 4 3391 4 7 91 121072
16 11 4 3392 4 0 92 103871
16 11 4 3393 4 1 93 103067
16 11 4 3394 4 2 94 106764
16 11 4 3395 4 3 95 109399
16 11 4 3396 4 4 96 109965
16 11 4 3397 4 5 97 121717
16 11 4 3398 4 6 98 137095
16 11 4 3399 4 7 99 128658
16 11 4 3400 4 0 0 103706
16 11 4 3401 4 1 1 103937
16 11 4 3402 4 2 2 109822
16 11 4 3403 4 3 3 112742
16 11 4 3404 4 4 4 113916
16 11 4 3405 4 5 5 134133
16 11 4 3406 4 6 6 130219
16 11 4 3407 4 7 7 136448
16 11 4 3408 4 0 8 101327
16 11 4 3409 4 1 9 103153
16 11 4 3410 4 2 10 106466
16 11 4 3411 4 3 11 112335
16 11 4 3412 4 4 12 121265
16 11 4 3413 4 5 13 111238
16 11 4 3414 4 6 14 126191
16 11 4 3415 4 7 15 134583
16 11 4 3416 4 0 16 103650
16 11 4 3417 4 1 17 104031
16 11 4 3418 4 2 18 108752
16 11 4 3419 4 3 19 106030
16 11 4 3420 4 4 20 113423
16 11 4 3421 4 5 21 133016
16 11 4 3422 4 6 22 133493
16 11 4 3423 4 7 23 142029
16 11 4 3424 4 0 24 103692
16 11 4 3425 4 1 25 105588
16 11 4 3426 4 2 26 106351
16 11 4 3427 4 3 27 112832
16 11 4 3428 4 4 28 122713
16 11 4 3429 4 5 29 120012
16 11 4 3430 4 6 30 110028
16 11 4 3431 4 7 31 153159
16 11 4 3432 4 0 32 105200
16 11 4 3433 4 1 33 104801
16 11 4 3434 4 2 34 109134
16 11 4 3435 4 3 35 109177
16 11 4 3436 4 4 36 113044
16 11 4 3437 4 5 37 133373
16 11 4 3438 4 6 38 121134
16 11 4 3439 4 7 39 159565
16 11 4 3440 4 0 40 103752
16 11 4 3441 4 1 41 105686
16 11 4 3442 4 2 42 109530
16 11 4 3443 4 3 43 113825
16 11 4 3444 4 4 44 110806
16 11 4 3445 4 5 45 131015
16 11 4 3446 4 6 46 121107
16 11 4 3447 4 7 47 134211
16 11 4 3448 4 0 48 102081
16 11 4 3449 4 1 49 104019
16 11 4 3450 4 2 50 106162
16 11 4 3451 4 3 51 109600
16 11 4 3452 4 4 52 120530
16 11 4 3453 4 5 53 108894
16 11 4 3454 4 6 54 142408
16 11 4 3455 4 7 55 137284
16 11 4 3456 4 0 56 102692
16 11 4 3457 4 1 57 103823
16 11 4 3458 4 2 58 106423
16 11 4 3459 4 3 59 111439
16 11 4 3460 4 4 60 102520
16 11 4 3461 4 5 61 127438
16 11 4 3462 4 6 62 141395
16 11 4 3463 4 7 63 140865
16 11 4 3464 4 0 64 103762
16 11 4 3465 4 1 65 104048
16 11 4 3466 4 2 66 107361
16 11 4 3467 4 3 67 114132
16 11 4 3468 4 4 68 114440
16 11 4 3469 4 5 69 134499
16 11 4 3470 4 6 70 119434
16 11 4 3471 4 7 71 122984
16 11 4 3472 4 0 72 103227
16 11 4 3473 4 1 73 105536
16 11 4 3474 4 2 74 106646
16 11 4 3475 4 3 75 110096
16 11 4 3476 4 4 76 105324
16 11 4 3477 4 5 77 138055
16 11 4 3478 4 6 78 128544
16 11 4 3479 4 7 79 141789
16 11 4 3480 4 0 80 101821
16 11 4 3481 4 1 81 103309
16 11 4 3482 4 2 82 108867
16 11 4 3483 4 3 83 109480
16 11 4 3484 4 4 84 121292
16 11 4 3485 4 5 85 126502
16 11 4 3486 4 6 86 108041
16 11 4 3487 4 7 87 132038
16 11 4 3488 4 0 88 103790
16 11 4 3489 4 1 89 105715
16 11 4 3490 4 2 90 110017
16 11 4 3491 4 3 91 104594
16 11 4 3492 4 4 92 121063
16 11 4 3493 4 5 93 121280
16 11 4 3494 4 6 94 136718
16 11 4 3495 4 7 95 138098
16 11 4 3496 4 0 96 101998
16 11 4 3497 4 1 97 102764
16 11 4 3498 4 2 98 107740
16 11 4 3499 4 3 99 109985
16 11 4 3500 4 4 0 122974
16 11 4 3501 4 5 1 119386
16 11 4 3502 4 6 2 138959
16 11 4 3503 4 7 3 135971
16 11 4 3504 4 0 4 103421
16 11 4 3505 4 1 5 105699
16 11 4 3506 4 2 6 109683
16 11 4 3507 4 3 7 104303
16 11 4 3508 4 4 8 108889
16 11 4 3509 4 5 9 118423
16 11 4 3510 4 6 10 125072
16 11 4 3511 4 7 11 135837
16 11 4 3512 4 0 12 104635
16 11 4 3513 4 1 13 101637
16 11 4 3514 4 2 14 104928
16 11 4 3515 4 3 15 109406
16 11 4 3516 4 4 16 119243
16 11 4 3517 4 5 17 124430
16 11 4 3518 4 6 18 135838
16 11 4 3519 4 7 19 129155
16 11 4 3520 4 0 20 103639
16 11 4 3521 4 1 21 105678
16 11 4 3522 4 2 22 108564
16 11 4 3523 4 3 23 113180
16 11 4 3524 4 4 24 118381
16 11 4 3525 4 5 25 130105
16 11 4 3526 4 6 26 114985
16 11 4 3527 4 7 27 142122
16 11 4 3528 4 0 28 103650
16 11 4 3529 4 1 29 102719
16 11 4 3530 4 2 30 98078
16 11 4 3531 4 3 31 113686
16 11 4 3532 4 4 32 128020
16 11 4 3533 4 5 33 129777
16 11 4 3534 4 6 34 123367
16 11 4 3535 4 7 35 133441
16 11 4 3536 4 0 36 102586
16 11 4 3537 4 1 37 103957
16 11 4 3538 4 2 38 100496
16 11 4 3539 4 3 39 119343
16 11 4 3540 4 4 40 123034
16 11 4 3541 4 5 41 126000
16 11 4 3542 4 6 42 119222
16 11 4 3543 4 7 43 149634
16 11 4 3544 4 0 44 102160
16 11 4 3545 4 1 45 103956
16 11 4 3546 4 2 46 106588
16 11 4 3547 4 3 47 103574
16 11 4 3548 4 4 48 114294
16 11 4 3549 4 5 49 130508
16 11 4 3550 4 6 50 125436
16 11 4 3551 4 7 51 132107
16 11 4 3552 4 0 52 104012
16 11 4 3553 4 1 53 102179
16 11 4 3554 4 2 54 107818
16 11 4 3555 4 3 55 112844
16 11 4 3556 4 4 56 113709
16 11 4 3557 4 5 57 123038
16 11 4 3558 4 6 58 95753
16 11 4 3559 4 7 59 145285
16 11 4 3560 4 0 60 100626
16 11 4 3561 4 1 61 105287
16 11 4 3562 4 2 62 109615
16 11 4 3563 4 3 63 113770
16 11 4 3564 4 4 64 116243
16 11 4 3565 4 5 65 123165
16 11 4 3566 4 6 66 105484
16 11 4 3567 4 7 67 146660
16 11 4 3568 4 0 68 102240
16 11 4 3569 4 1 69 105601
16 11 4 3570 4 2 70 103074
16 11 4 3571 4 3 71 104535
16 11 4 3572 4 4 72 116844
16 11 4 3573 4 5 73 136799
16 11 4 3574 4 6 74 124928
16 11 4 3575 4 7 75 125779
16 11 4 3576 4 0 76 101135
16 11 4 3577 4 1 77 107849
16 11 4 3578 4 2 78 105395
16 11 4 3579 4 3 79 116067
16 11 4 3580 4 4 80 115586
16 11 4 3581 4 5 81 119085
16 11 4 3582 4 6 82 121933
16 11 4 3583 4 7 83 133602
16 11 4 3584 4 0 84 103551
16 11 4 3585 4 1 85 103042
16 11 4 3586 4 2 86 105282
16 11 4 3587 4 3 87 107287
16 11 4 3588 4 4 88 120015
16 11 4 3589 4 5 89 128228
16 11 4 3590 4 6 90 134008
16 11 4 3591 4 7 91 121072
16 11 4 3592 4 0 92 103871
16 11 4 3593 4 1 93 103067
16 11 4 3594 4 2 94 106764
16 11 4 3595 4 3 95 109399
16 11 4 3596 4 4 96 109965
16 11 4 3597 4 5 97 121717
16 11 4 3598 4 6 98 137095
16 11 4 3599 4 7 99 128658
16 11 5 3300 4 4 0 130486
16 11 5 3301 4 5 1 131020
16 11 5 3302 4 6 2 153868
16 11 5 3303 4 7 3 151981
16 11 5 3304 4 0 4 104707
16 11 5 3305 4 1 5 107591
16 11 5 3306 4 2 6 113421
16 11 5 3307 4 3 7 108822
16 11 5 3308 4 4 8 115827
16 11 5 3309 4 5 9 129312
16 11 5 3310 4 6 10 132378
16 11 5 3311 4 7 11 143694
16 11 5 3312 4 0 12 105928
16 11 5 3313 4 1 13 103487
16 11 5 3314 4 2 14 108249
16 11 5 3315 4 3 15 114192
16 11 5 3316 4 4 16 112554
16 11 5 3317 4 5 17 135463
16 11 5 3318 4 6 18 149875
16 11 5 3319 4 7 19 145263
16 11 5 3320 4 0 20 104947
16 11 5 3321 4 1 21 107686
16 11 5 3322 4 2 22 111862
16 11 5 3323 4 3 23 117916
16 11 5 3324 4 4 24 126397
16 11 5 3325 4 5 25 142734
16 11 5 3326 4 6 26 125800
16 11 5 3327 4 7 27 160444
16 11 5 3328 4 0 28 104980
16 11 5 3329 4 1 29 104664
16 11 5 3330 4 2 30 101207
16 11 5 3331 4 3 31 118789
16 11 5 3332 4 4 32 128925
16 11 5 3333 4 5 33 132370
16 11 5 3334 4 6 34 136306
16 11 5 3335 4 7 35 149791
16 11 5 3336 4 0 36 103843
16 11 5 3337 4 1 37 105868
16 11 5 3338 4 2 38 103698
16 11 5 3339 4 3 39 124226
16 11 5 3340 4 4 40 130339
16 11 5 3341 4 5 41 132214
16 11 5 3342 4 6 42 132099
16 11 5 3343 4 7 43 168613
16 11 5 3344 4 0 44 103436
16 11 5 3345 4 1 45 105960
16 11 5 3346 4 2 46 109953
16 11 5 3347 4 3 47 108168
16 11 5 3348 4 4 48 121578
16 11 5 3349 4 5 49 143220
16 11 5 3350 4 6 50 138628
16 11 5 3351 4 7 51 148686
16 11 5 3352 4 0 52 105336
16 11 5 3353 4 1 53 104073
16 11 5 3354 4 2 54 111466
16 11 5 3355 4 3 55 117717
16 11 5 3356 4 4 56 120956
16 11 5 3357 4 5 57 134732
16 11 5 3358 4 6 58 97556
16 11 5 3359 4 7 59 162258
16 11 5 3360 4 0 60 101901
16 11 5 3361 4 1 61 107299
16 11 5 3362 4 2 62 113079
16 11 5 3363 4 3 63 118853
16 11 5 3364 4 4 64 123394
16 11 5 3365 4 5 65 134675
16 11 5 3366 4 6 66 116996
16 11 5 3367 4 7 67 157276
16 11 5 3368 4 0 68 103554
16 11 5 3369 4 1 69 107607
16 11 5 3370 4 2 70 105966
16 11 5 3371 4 3 71 109488
16 11 5 3372 4 4 72 124226
16 11 5 3373 4 5 73 149726
16 11 5 3374 4 6 74 137016
16 11 5 3375 4 7 75 138892
16 11 5 3376 4 0 76 102415
16 11 5 3377 4 1 77 109851
16 11 5 3378 4 2 78 108766
16 11 5 3379 4 3 79 121048
16 11 5 3380 4 4 80 122988
16 11 5 3381 4 5 81 130485
16 11 5 3382 4 6 82 134627
16 11 5 3383 4 7 83 150594
16 11 5 3384 4 0 84 104958
16 11 5 3385 4 1 85 104974
16 11 5 3386 4 2 86 108537
16 11 5 3387 4 3 87 111979
16 11 5 3388 4 4 88 128140
16 11 5 3389 4 5 89 140585
16 11 5 3390 4 6 90 148420
16 11 5 3391 4 7 91 135475
16 11 5 3392 4 0 92 105144
16 11 5 3393 4 1 93 104962
16 11 5 3394 4 2 94 110094
16 11 5 3395 4 3 95 114278
16 11 5 3396 4 4 96 116808
16 11 5 3397 4 5 97 133307
16 11 5 3398 4 6 98 151759
16 11 5 3399 4 7 99 129116
16 11 5 3400 4 0 0 104949
16 11 5 3401 4 1 1 105925
16 11 5 3402 4 2 2 113299
16 11 5 3403 4 3 3 117624
16 11 5 3404 4 4 4 121130
16 11 5 3405 4 5 5 133612
16 11 5 3406 4 6 6 145283
16 11 5 3407 4 7 7 147690
16 11 5 3408 4 0 8 102618
16 11 5 3409 4 1 9 105050
16 11 5 3410 4 2 10 109758
16 11 5 3411 4 3 11 116047
16 11 5 3412 4 4 12 121434
16 11 5 3413 4 5 13 121444
16 11 5 3414 4 6 14 139692
16 11 5 3415 4 7 15 145646
16 11 5 3416 4 0 16 102345
16 11 5 3417 4 1 17 105942
16 11 5 3418 4 2 18 112085
16 11 5 3419 4 3 19 111085
16 11 5 3420 4 4 20 119161
16 11 5 3421 4 5 21 145581
16 11 5 3422 4 6 22 140044
16 11 5 3423 4 7 23 158505
16 11 5 3424 4 0 24 105093
16 11 5 3425 4 1 25 107663
16 11 5 3426 4 2 26 109740
16 11 5 3427 4 3 27 117811
16 11 5 3428 4 4 28 130589
16 11 5 3429 4 5 29 131143
16 11 5 3430 4 6 30 121958
16 11 5 3431 4 7 31 172063
16 11 5 3432 4 0 32 106512
16 11 5 3433 4 1 33 106567
16 11 5 3434 4 2 34 112612
16 11 5 3435 4 3 35 113772
16 11 5 3436 4 4 36 119965
16 11 5 3437 4 5 37 137741
16 11 5 3438 4 6 38 134240
16 11 5 3439 4 7 39 178891
16 11 5 3440 4 0 40 104992
16 11 5 3441 4 1 41 107686
16 11 5 3442 4 2 42 113045
16 11 5 3443 4 3 43 118833
16 11 5 3444 4 4 44 117730
16 11 5 3445 4 5 45 143639
16 11 5 3446 4 6 46 133743
16 11 5 3447 4 7 47 150577
16 11 5 3448 4 0 48 103380
16 11 5 3449 4 1 49 106042
16 11 5 3450 4 2 50 109501
16 11 5 3451 4 3 51 114462
16 11 5 3452 4 4 52 128212
16 11 5 3453 4 5 53 118343
16 11 5 3454 4 6 54 158354
16 11 5 3455 4 7 55 153723
16 11 5 3456 4 0 56 103999
16 11 5 3457 4 1 57 105823
16 11 5 3458 4 2 58 108577
16 11 5 3459 4 3 59 116365
16 11 5 3460 4 4 60 109009
16 11 5 3461 4 5 61 139394
16 11 5 3462 4 6 62 156218
16 11 5 3463 4 7 63 158317
16 11 5 3464 4 0 64 105043
16 11 5 3465 4 1 65 106053
16 11 5 3466 4 2 66 110847
16 11 5 3467 4 3 67 119125
16 11 5 3468 4 4 68 121753
16 11 5 3469 4 5 69 141221
16 11 5 3470 4 6 70 130590
16 11 5 3471 4 7 71 138927
16 11 5 3472 4 0 72 104514
16 11 5 3473 4 1 73 107567
16 11 5 3474 4 2 74 109890
16 11 5 3475 4 3 75 114950
16 11 5 3476 4 4 76 111994
16 11 5 3477 4 5 77 150805
16 11 5 3478 4 6 78 142463
16 11 5 3479 4 7 79 151457
16 11 5 3480 4 0 80 103128
16 11 5 3481 4 1 81 105300
16 11 5 3482 4 2 82 112357
16 11 5 3483 4 3 83 114364
16 11 5 3484 4 4 84 129496
16 11 5 3485 4 5 85 137912
16 11 5 3486 4 6 86 115443
16 11 5 3487 4 7 87 143059
16 11 5 3488 4 0 88 105172
16 11 5 3489 4 1 89 107753
16 11 5 3490 4 2 90 113524
16 11 5 3491 4 3 91 109157
16 11 5 3492 4 4 92 128481
16 11 5 3493 4 5 93 132410
16 11 5 3494 4 6 94 144661
16 11 5 3495 4 7 95 155279
16 11 5 3496 4 0 96 103252
16 11 5 3497 4 1 97 104727
16 11 5 3498 4 2 98 111409
16 11 5 3499 4 3 99 114840
16 11 5 3500 4 4 0 130486
16 11 5 3501 4 5 1 131020
16 11 5 3502 4 6 2 153868
16 11 5 3503 4 7 3 151981
16 11 5 3504 4 0 4 104707
16 11 5 3505 4 1 5 107591
16 11 5 3506 4 2 6 113421
16 11 5 3507 4 3 7 108822
16 11 5 3508 4 4 8 115827
16 11 5 3509 4 5 9 129312
16 11 5 3510 4 6 10 132378
16 11 5 3511 4 7 11 143694
16 11 5 3512 4 0 12 105928
16 11 5 3513 4 1 13 103487
16 11 5 3514 4 2 14 108249
16 11 5 3515 4 3 15 114192
16 11 5 3516 4 4 16 112554
16 11 5 3517 4 5 17 135463
16 11 5 3518 4 6 18 149875
16 11 5 3519 4 7 19 145263
16 11 5 3520 4 0 20 104947
16 11 5 3521 4 1 21 107686
16 11 5 3522 4 2 22 111862
16 11 5 3523 4 3 23 117916
16 11 5 3524 4 4 24 126397
16 11 5 3525 4 5 25 142734
16 11 5 3526 4 6 26 125800
16 11 5 3527 4 7 27 160444
16 11 5 3528 4 0 28 104980
16 11 5 3529 4 1 29 104664
16 11 5 3530 4 2 30 101207
16 11 5 3531 4 3 31 118789
16 11 5 3532 4 4 32 128925
16 11 5 3533 4 5 33 132370
16 11 5 3534 4 6 34 136306
16 11 5 3535 4 7 35 149791
16 11 5 3536 4 0 36 103843
16 11 5 3537 4 1 37 105868
16 11 5 3538 4 2 38 103698
16 11 5 3539 4 3 39 124226
16 11 5 3540 4 4 40 130339
16 11 5 3541 4 5 41 132214
16 11 5 3542 4 6 42 132099
16 11 5 3543 4 7 43 168613
16 11 5 3544 4 0 44 103436
16 11 5 3545 4 1 45 105960
16 11 5 3546 4 2 46 109953
16 11 5 3547 4 3 47 108168
16 11 5 3548 4 4 48 121578
16 11 5 3549 4 5 49 143220
16 11 5 3550 4 6 50 138628
16 11 5 3551 4 7 51 148686
16 11 5 3552 4 0 52 105336
16 11 5 3553 4 1 53 104073
16 11 5 3554 4 2 54 111466
16 11 5 3555 4 3 55 117717
16 11 5 3556 4 4 56 120956
16 11 5 3557 4 5 57 134732
16 11 5 3558 4 6 58 97556
16 11 5 3559 4 7 59 162258
16 11 5 3560 4 0 60 101901
16 11 5 3561 4 1 61 107299
16 11 5 3562 4 2 62 113079
16 11 5 3563 4 3 63 118853
16 11 5 3564 4 4 64 123394
16 11 5 3565 4 5 65 134675
16 11 5 3566 4 6 66 116996
16 11 5 3567 4 7 67 157276
16 11 5 3568 4 0 68 103554
16 11 5 3569 4 1 69 107607
16 11 5 3570 4 2 70 105966
16 11 5 3571 4 3 71 109488
16 11 5 3572 4 4 72 124226
16 11 5 3573 4 5 73 149726
16 11 5 3574 4 6 74 137016
16 11 5 3575 4 7 75 138892
16 11 5 3576 4 0 76 102415
16 11 5 3577 4 1 77 109851
16 11 5 3578 4 2 78 108766
16 11 5 3579 4 3 79 121048
16 11 5 3580 4 4 80 122988
16 11 5 3581 4 5 81 130485
16 11 5 3582 4 6 82 134627
16 11 5 3583 4 7 83 150594
16 11 5 3584 4 0 84 104958
16 11 5 3585 4 1 85 104974
16 11 5 3586 4 2 86 108537
16 11 5 3587 4 3 87 111979
16 11 5 3588 4 4 88 128140
16 11 5 3589 4 5 89 140585
16 11 5 3590 4 6 90 148420
16 11 5 3591 4 7 91 135475
16 11 5 3592 4 0 92 105144
16 11 5 3593 4 1 93 104962
16 11 5 3594 4 2 94 110094
16 11 5 3595 4 3 95 114278
16 11 5 3596 4 4 96 116808
16 11 5 3597 4 5 97 133307
16 11 5 3598 4 6 98 151759
16 11 5 3599 4 7 99 129116
