16 8 1 2400 3 0 0 100968
16 8 1 2401 3 1 1 100054
16 8 1 2402 3 2 2 101476
16 8 1 2403 3 3 3 103219
16 8 1 2404 3 4 4 106763
16 8 1 2405 3 5 5 109779
16 8 1 2406 3 6 6 92012
16 8 1 2407 3 7 7 107903
16 8 1 2408 3 0 8 101184
16 8 1 2409 3 1 9 98288
16 8 1 2410 3 2 10 100503
16 8 1 2411 3 3 11 95776
16 8 1 2412 3 4 12 106067
16 8 1 2413 3 5 13 101488
16 8 1 2414 3 6 14 105978
16 8 1 2415 3 7 15 97726
16 8 1 2416 3 0 16 99948
16 8 1 2417 3 1 17 101563
16 8 1 2418 3 2 18 97420
16 8 1 2419 3 3 19 96250
16 8 1 2420 3 4 20 99023
16 8 1 2421 3 5 21 95297
16 8 1 2422 3 6 22 105804
16 8 1 2423 3 7 23 113416
16 8 1 2424 3 0 24 101330
16 8 1 2425 3 1 25 102023
16 8 1 2426 3 2 26 97025
16 8 1 2427 3 3 27 104720
16 8 1 2428 3 4 28 102756
16 8 1 2429 3 5 29 96531
16 8 1 2430 3 6 30 110103
16 8 1 2431 3 7 31 108112
16 8 1 2432 3 0 32 100300
16 8 1 2433 3 1 33 98806
16 8 1 2434 3 2 34 101078
16 8 1 2435 3 3 35 98119
16 8 1 2436 3 4 36 100254
16 8 1 2437 3 5 37 103788
16 8 1 2438 3 6 38 111345
16 8 1 2439 3 7 39 112151
16 8 1 2440 3 0 40 101339
16 8 1 2441 3 1 41 102027
16 8 1 2442 3 2 42 103297
16 8 1 2443 3 3 43 104750
16 8 1 2444 3 4 44 94538
16 8 1 2445 3 5 45 99427
16 8 1 2446 3 6 46 107315
16 8 1 2447 3 7 47 108244
16 8 1 2448 3 0 48 101212
16 8 1 2449 3 1 49 102007
16 8 1 2450 3 2 50 98076
16 8 1 2451 3 3 51 98311
16 8 1 2452 3 4 52 106751
16 8 1 2453 3 5 53 110141
16 8 1 2454 3 6 54 109996
16 8 1 2455 3 7 55 97943
16 8 1 2456 3 0 56 100992
16 8 1 2457 3 1 57 102006
16 8 1 2458 3 2 58 99597
16 8 1 2459 3 3 59 98500
16 8 1 2460 3 4 60 104366
16 8 1 2461 3 5 61 96091
16 8 1 2462 3 6 62 106817
16 8 1 2463 3 7 63 110371
16 8 1 2464 3 0 64 100368
16 8 1 2465 3 1 65 99518
16 8 1 2466 3 2 66 96762
16 8 1 2467 3 3 67 103402
16 8 1 2468 3 4 68 97265
16 8 1 2469 3 5 69 102109
16 8 1 2470 3 6 70 103986
16 8 1 2471 3 7 71 96134
16 8 1 2472 3 0 72 100940
16 8 1 2473 3 1 73 101890
16 8 1 2474 3 2 74 96910
16 8 1 2475 3 3 75 104750
16 8 1 2476 3 4 76 102400
16 8 1 2477 3 5 77 101042
16 8 1 2478 3 6 78 96099
16 8 1 2479 3 7 79 109459
16 8 1 2480 3 0 80 98596
16 8 1 2481 3 1 81 99363
16 8 1 2482 3 2 82 98880
16 8 1 2483 3 3 83 103750
16 8 1 2484 3 4 84 101040
16 8 1 2485 3 5 85 96860
16 8 1 2486 3 6 86 100420
16 8 1 2487 3 7 87 106215
16 8 1 2488 3 0 88 98724
16 8 1 2489 3 1 89 102007
16 8 1 2490 3 2 90 101104
16 8 1 2491 3 3 91 103264
16 8 1 2492 3 4 92 106659
16 8 1 2493 3 5 93 110060
16 8 1 2494 3 6 94 110408
16 8 1 2495 3 7 95 107942
16 8 1 2496 3 0 96 99468
16 8 1 2497 3 1 97 99167
16 8 1 2498 3 2 98 101968
16 8 1 2499 3 3 99 95860
16 8 1 2500 3 4 0 105202
16 8 1 2501 3 5 1 104351
16 8 1 2502 3 6 2 104146
16 8 1 2503 3 7 3 103165
16 8 1 2504 3 0 4 101341
16 8 1 2505 3 1 5 102034
16 8 1 2506 3 2 6 99130
16 8 1 2507 3 3 7 100750
16 8 1 2508 3 4 8 106745
16 8 1 2509 3 5 9 97741
16 8 1 2510 3 6 10 98780
16 8 1 2511 3 7 11 92938
16 8 1 2512 3 0 12 101321
16 8 1 2513 3 1 13 99454
16 8 1 2514 3 2 14 102976
16 8 1 2515 3 3 15 103000
16 8 1 2516 3 4 16 100370
16 8 1 2517 3 5 17 108946
16 8 1 2518 3 6 18 95909
16 8 1 2519 3 7 19 89948
16 8 1 2520 3 0 20 99988
16 8 1 2521 3 1 21 98251
16 8 1 2522 3 2 22 103335
16 8 1 2523 3 3 23 104721
16 8 1 2524 3 4 24 105807
16 8 1 2525 3 5 25 107325
16 8 1 2526 3 6 26 99045
16 8 1 2527 3 7 27 112418
16 8 1 2528 3 0 28 101244
16 8 1 2529 3 1 29 99265
16 8 1 2530 3 2 30 103392
16 8 1 2531 3 3 31 99818
16 8 1 2532 3 4 32 101904
16 8 1 2533 3 5 33 95527
16 8 1 2534 3 6 34 105367
16 8 1 2535 3 7 35 99957
16 8 1 2536 3 0 36 99950
16 8 1 2537 3 1 37 101680
16 8 1 2538 3 2 38 103358
16 8 1 2539 3 3 39 103384
16 8 1 2540 3 4 40 106527
16 8 1 2541 3 5 41 110059
16 8 1 2542 3 6 42 111119
16 8 1 2543 3 7 43 104665
16 8 1 2544 3 0 44 98935
16 8 1 2545 3 1 45 100496
16 8 1 2546 3 2 46 103318
16 8 1 2547 3 3 47 102870
16 8 1 2548 3 4 48 105756
16 8 1 2549 3 5 49 106318
16 8 1 2550 3 6 50 98299
16 8 1 2551 3 7 51 104353
16 8 1 2552 3 0 52 101335
16 8 1 2553 3 1 53 102027
16 8 1 2554 3 2 54 103392
16 8 1 2555 3 3 55 99723
16 8 1 2556 3 4 56 104863
16 8 1 2557 3 5 57 109193
16 8 1 2558 3 6 58 104805
16 8 1 2559 3 7 59 101340
16 8 1 2560 3 0 60 100941
16 8 1 2561 3 1 61 98584
16 8 1 2562 3 2 62 102769
16 8 1 2563 3 3 63 103400
16 8 1 2564 3 4 64 99971
16 8 1 2565 3 5 65 101918
16 8 1 2566 3 6 66 91484
16 8 1 2567 3 7 67 103028
16 8 1 2568 3 0 68 99476
16 8 1 2569 3 1 69 102003
16 8 1 2570 3 2 70 100771
16 8 1 2571 3 3 71 101783
16 8 1 2572 3 4 72 103219
16 8 1 2573 3 5 73 103524
16 8 1 2574 3 6 74 102660
16 8 1 2575 3 7 75 113491
16 8 1 2576 3 0 76 100068
16 8 1 2577 3 1 77 100604
16 8 1 2578 3 2 78 101138
16 8 1 2579 3 3 79 104750
16 8 1 2580 3 4 80 92882
16 8 1 2581 3 5 81 101105
16 8 1 2582 3 6 82 98450
16 8 1 2583 3 7 83 99089
16 8 1 2584 3 0 84 100216
16 8 1 2585 3 1 85 99340
16 8 1 2586 3 2 86 100187
16 8 1 2587 3 3 87 103750
16 8 1 2588 3 4 88 93688
16 8 1 2589 3 5 89 105810
16 8 1 2590 3 6 90 100240
16 8 1 2591 3 7 91 103115
16 8 1 2592 3 0 92 101222
16 8 1 2593 3 1 93 102029
16 8 1 2594 3 2 94 103338
16 8 1 2595 3 3 95 104750
16 8 1 2596 3 4 96 97337
16 8 1 2597 3 5 97 93484
16 8 1 2598 3 6 98 107214
16 8 1 2599 3 7 99 94711
16 8 1 2600 3 0 0 100968
16 8 1 2601 3 1 1 100054
16 8 1 2602 3 2 2 101476
16 8 1 2603 3 3 3 103219
16 8 1 2604 3 4 4 106763
16 8 1 2605 3 5 5 109779
16 8 1 2606 3 6 6 92012
16 8 1 2607 3 7 7 107903
16 8 1 2608 3 0 8 101184
16 8 1 2609 3 1 9 98288
16 8 1 2610 3 2 10 100503
16 8 1 2611 3 3 11 95776
16 8 1 2612 3 4 12 106067
16 8 1 2613 3 5 13 101488
16 8 1 2614 3 6 14 105978
16 8 1 2615 3 7 15 97726
16 8 1 2616 3 0 16 99948
16 8 1 2617 3 1 17 101563
16 8 1 2618 3 2 18 97420
16 8 1 2619 3 3 19 96250
16 8 1 2620 3 4 20 99023
16 8 1 2621 3 5 21 95297
16 8 1 2622 3 6 22 105804
16 8 1 2623 3 7 23 113416
16 8 1 2624 3 0 24 101330
16 8 1 2625 3 1 25 102023
16 8 1 2626 3 2 26 97025
16 8 1 2627 3 3 27 104720
16 8 1 2628 3 4 28 102756
16 8 1 2629 3 5 29 96531
16 8 1 2630 3 6 30 110103
16 8 1 2631 3 7 31 108112
16 8 1 2632 3 0 32 100300
16 8 1 2633 3 1 33 98806
16 8 1 2634 3 2 34 101078
16 8 1 2635 3 3 35 98119
16 8 1 2636 3 4 36 100254
16 8 1 2637 3 5 37 103788
16 8 1 2638 3 6 38 111345
16 8 1 2639 3 7 39 112151
16 8 1 2640 3 0 40 101339
16 8 1 2641 3 1 41 102027
16 8 1 2642 3 2 42 103297
16 8 1 2643 3 3 43 104750
16 8 1 2644 3 4 44 94538
16 8 1 2645 3 5 45 99427
16 8 1 2646 3 6 46 107315
16 8 1 2647 3 7 47 108244
16 8 1 2648 3 0 48 101212
16 8 1 2649 3 1 49 102007
16 8 1 2650 3 2 50 98076
16 8 1 2651 3 3 51 98311
16 8 1 2652 3 4 52 106751
16 8 1 2653 3 5 53 110141
16 8 1 2654 3 6 54 109996
16 8 1 2655 3 7 55 97943
16 8 1 2656 3 0 56 100992
16 8 1 2657 3 1 57 102006
16 8 1 2658 3 2 58 99597
16 8 1 2659 3 3 59 98500
16 8 1 2660 3 4 60 104366
16 8 1 2661 3 5 61 96091
16 8 1 2662 3 6 62 106817
16 8 1 2663 3 7 63 110371
16 8 1 2664 3 0 64 100368
16 8 1 2665 3 1 65 99518
16 8 1 2666 3 2 66 96762
16 8 1 2667 3 3 67 103402
16 8 1 2668 3 4 68 97265
16 8 1 2669 3 5 69 102109
16 8 1 2670 3 6 70 103986
16 8 1 2671 3 7 71 96134
16 8 1 2672 3 0 72 100940
16 8 1 2673 3 1 73 101890
16 8 1 2674 3 2 74 96910
16 8 1 2675 3 3 75 104750
16 8 1 2676 3 4 76 102400
16 8 1 2677 3 5 77 101042
16 8 1 2678 3 6 78 96099
16 8 1 2679 3 7 79 109459
16 8 1 2680 3 0 80 98596
16 8 1 2681 3 1 81 99363
16 8 1 2682 3 2 82 98880
16 8 1 2683 3 3 83 103750
16 8 1 2684 3 4 84 101040
16 8 1 2685 3 5 85 96860
16 8 1 2686 3 6 86 100420
16 8 1 2687 3 7 87 106215
16 8 1 2688 3 0 88 98724
16 8 1 2689 3 1 89 102007
16 8 1 2690 3 2 90 101104
16 8 1 2691 3 3 91 103264
16 8 1 2692 3 4 92 106659
16 8 1 2693 3 5 93 110060
16 8 1 2694 3 6 94 110408
16 8 1 2695 3 7 95 107942
16 8 1 2696 3 0 96 99468
16 8 1 2697 3 1 97 99167
16 8 1 2698 3 2 98 101968
16 8 1 2699 3 3 99 95860
16 8 2 2400 3 0 0 102047
16 8 2 2401 3 1 1 101622
16 8 2 2402 3 2 2 101464
16 8 2 2403 3 3 3 101074
16 8 2 2404 3 4 4 106539
16 8 2 2405 3 5 5 107619
16 8 2 2406 3 6 6 88075
16 8 2 2407 3 7 7 103046
16 8 2 2408 3 0 8 100243
16 8 2 2409 3 1 9 98522
16 8 2 2410 3 2 10 102088
16 8 2 2411 3 3 11 100336
16 8 2 2412 3 4 12 105669
16 8 2 2413 3 5 13 97682
16 8 2 2414 3 6 14 104710
16 8 2 2415 3 7 15 100750
16 8 2 2416 3 0 16 101222
16 8 2 2417 3 1 17 102971
16 8 2 2418 3 2 18 100694
16 8 2 2419 3 3 19 95019
16 8 2 2420 3 4 20 105679
16 8 2 2421 3 5 21 89627
16 8 2 2422 3 6 22 102723
16 8 2 2423 3 7 23 118350
16 8 2 2424 3 0 24 100766
16 8 2 2425 3 1 25 103571
16 8 2 2426 3 2 26 95647
16 8 2 2427 3 3 27 106998
16 8 2 2428 3 4 28 109656
16 8 2 2429 3 5 29 92525
16 8 2 2430 3 6 30 118771
16 8 2 2431 3 7 31 98512
16 8 2 2432 3 0 32 100923
16 8 2 2433 3 1 33 99008
16 8 2 2434 3 2 34 104342
16 8 2 2435 3 3 35 94805
16 8 2 2436 3 4 36 103430
16 8 2 2437 3 5 37 110732
16 8 2 2438 3 6 38 111845
16 8 2 2439 3 7 39 117262
16 8 2 2440 3 0 40 102676
16 8 2 2441 3 1 41 100789
16 8 2 2442 3 2 42 106504
16 8 2 2443 3 3 43 109600
16 8 2 2444 3 4 44 91246
16 8 2 2445 3 5 45 108757
16 8 2 2446 3 6 46 104382
16 8 2 2447 3 7 47 110095
16 8 2 2448 3 0 48 102537
16 8 2 2449 3 1 49 99985
16 8 2 2450 3 2 50 94868
16 8 2 2451 3 3 51 97345
16 8 2 2452 3 4 52 113163
16 8 2 2453 3 5 53 120309
16 8 2 2454 3 6 54 122476
16 8 2 2455 3 7 55 109774
16 8 2 2456 3 0 56 100921
16 8 2 2457 3 1 57 101150
16 8 2 2458 3 2 58 98501
16 8 2 2459 3 3 59 102644
16 8 2 2460 3 4 60 104124
16 8 2 2461 3 5 61 95723
16 8 2 2462 3 6 62 113261
16 8 2 2463 3 7 63 109884
16 8 2 2464 3 0 64 101643
16 8 2 2465 3 1 65 101067
16 8 2 2466 3 2 66 97200
16 8 2 2467 3 3 67 108297
16 8 2 2468 3 4 68 100388
16 8 2 2469 3 5 69 112468
16 8 2 2470 3 6 70 112885
16 8 2 2471 3 7 71 96299
16 8 2 2472 3 0 72 102092
16 8 2 2473 3 1 73 103894
16 8 2 2474 3 2 74 97478
16 8 2 2475 3 3 75 106438
16 8 2 2476 3 4 76 103367
16 8 2 2477 3 5 77 111271
16 8 2 2478 3 6 78 97897
16 8 2 2479 3 7 79 106463
16 8 2 2480 3 0 80 99516
16 8 2 2481 3 1 81 101371
16 8 2 2482 3 2 82 101443
16 8 2 2483 3 3 83 104511
16 8 2 2484 3 4 84 99768
16 8 2 2485 3 5 85 87834
16 8 2 2486 3 6 86 100301
16 8 2 2487 3 7 87 104958
16 8 2 2488 3 0 88 99341
16 8 2 2489 3 1 89 103985
16 8 2 2490 3 2 90 100886
16 8 2 2491 3 3 91 98430
16 8 2 2492 3 4 92 101666
16 8 2 2493 3 5 93 119758
16 8 2 2494 3 6 94 111298
16 8 2 2495 3 7 95 105915
16 8 2 2496 3 0 96 100777
16 8 2 2497 3 1 97 99439
16 8 2 2498 3 2 98 100815
16 8 2 2499 3 3 99 93483
16 8 2 2500 3 4 0 112110
16 8 2 2501 3 5 1 110703
16 8 2 2502 3 6 2 104016
16 8 2 2503 3 7 3 98920
16 8 2 2504 3 0 4 100801
16 8 2 2505 3 1 5 100799
16 8 2 2506 3 2 6 99507
16 8 2 2507 3 3 7 98478
16 8 2 2508 3 4 8 101553
16 8 2 2509 3 5 9 98963
16 8 2 2510 3 6 10 106182
16 8 2 2511 3 7 11 103848
16 8 2 2512 3 0 12 101255
16 8 2 2513 3 1 13 98059
16 8 2 2514 3 2 14 101962
16 8 2 2515 3 3 15 107456
16 8 2 2516 3 4 16 105282
16 8 2 2517 3 5 17 117368
16 8 2 2518 3 6 18 106849
16 8 2 2519 3 7 19 92548
16 8 2 2520 3 0 20 101332
16 8 2 2521 3 1 21 97087
16 8 2 2522 3 2 22 101348
16 8 2 2523 3 3 23 109621
16 8 2 2524 3 4 24 103139
16 8 2 2525 3 5 25 113000
16 8 2 2526 3 6 26 91655
16 8 2 2527 3 7 27 113555
16 8 2 2528 3 0 28 102609
16 8 2 2529 3 1 29 98544
16 8 2 2530 3 2 30 106879
16 8 2 2531 3 3 31 96502
16 8 2 2532 3 4 32 105075
16 8 2 2533 3 5 33 96924
16 8 2 2534 3 6 34 110280
16 8 2 2535 3 7 35 100301
16 8 2 2536 3 0 36 100361
16 8 2 2537 3 1 37 101984
16 8 2 2538 3 2 38 103159
16 8 2 2539 3 3 39 103906
16 8 2 2540 3 4 40 113738
16 8 2 2541 3 5 41 111808
16 8 2 2542 3 6 42 115570
16 8 2 2543 3 7 43 118482
16 8 2 2544 3 0 44 98356
16 8 2 2545 3 1 45 102490
16 8 2 2546 3 2 46 101826
16 8 2 2547 3 3 47 99417
16 8 2 2548 3 4 48 111900
16 8 2 2549 3 5 49 95613
16 8 2 2550 3 6 50 94273
16 8 2 2551 3 7 51 103709
16 8 2 2552 3 0 52 102544
16 8 2 2553 3 1 53 104064
16 8 2 2554 3 2 54 106866
16 8 2 2555 3 3 55 104368
16 8 2 2556 3 4 56 104464
16 8 2 2557 3 5 57 108916
16 8 2 2558 3 6 58 108966
16 8 2 2559 3 7 59 113873
16 8 2 2560 3 0 60 101085
16 8 2 2561 3 1 61 98461
16 8 2 2562 3 2 62 106115
16 8 2 2563 3 3 63 107973
16 8 2 2564 3 4 64 106674
16 8 2 2565 3 5 65 108914
16 8 2 2566 3 6 66 95301
16 8 2 2567 3 7 67 116512
16 8 2 2568 3 0 68 100115
16 8 2 2569 3 1 69 103997
16 8 2 2570 3 2 70 103804
16 8 2 2571 3 3 71 99622
16 8 2 2572 3 4 72 109565
16 8 2 2573 3 5 73 113314
16 8 2 2574 3 6 74 111211
16 8 2 2575 3 7 75 114456
16 8 2 2576 3 0 76 100184
16 8 2 2577 3 1 77 102629
16 8 2 2578 3 2 78 101485
16 8 2 2579 3 3 79 101294
16 8 2 2580 3 4 80 97450
16 8 2 2581 3 5 81 111319
16 8 2 2582 3 6 82 102401
16 8 2 2583 3 7 83 106071
16 8 2 2584 3 0 84 98919
16 8 2 2585 3 1 85 97355
16 8 2 2586 3 2 86 98563
16 8 2 2587 3 3 87 100747
16 8 2 2588 3 4 88 96659
16 8 2 2589 3 5 89 116509
16 8 2 2590 3 6 90 98595
16 8 2 2591 3 7 91 100723
16 8 2 2592 3 0 92 100382
16 8 2 2593 3 1 93 104051
16 8 2 2594 3 2 94 106689
16 8 2 2595 3 3 95 102646
16 8 2 2596 3 4 96 101837
16 8 2 2597 3 5 97 96236
16 8 2 2598 3 6 98 108634
16 8 2 2599 3 7 99 97706
16 8 2 2600 3 0 0 102047
16 8 2 2601 3 1 1 101622
16 8 2 2602 3 2 2 101464
16 8 2 2603 3 3 3 101074
16 8 2 2604 3 4 4 106539
16 8 2 2605 3 5 5 107619
16 8 2 2606 3 6 6 88075
16 8 2 2607 3 7 7 103046
16 8 2 2608 3 0 8 100243
16 8 2 2609 3 1 9 98522
16 8 2 2610 3 2 10 102088
16 8 2 2611 3 3 11 100336
16 8 2 2612 3 4 12 105669
16 8 2 2613 3 5 13 97682
16 8 2 2614 3 6 14 104710
16 8 2 2615 3 7 15 100750
16 8 2 2616 3 0 16 101222
16 8 2 2617 3 1 17 102971
16 8 2 2618 3 2 18 100694
16 8 2 2619 3 3 19 95019
16 8 2 2620 3 4 20 105679
16 8 2 2621 3 5 21 89627
16 8 2 2622 3 6 22 102723
16 8 2 2623 3 7 23 118350
16 8 2 2624 3 0 24 100766
16 8 2 2625 3 1 25 103571
16 8 2 2626 3 2 26 95647
16 8 2 2627 3 3 27 106998
16 8 2 2628 3 4 28 109656
16 8 2 2629 3 5 29 92525
16 8 2 2630 3 6 30 118771
16 8 2 2631 3 7 31 98512
16 8 2 2632 3 0 32 100923
16 8 2 2633 3 1 33 99008
16 8 2 2634 3 2 34 104342
16 8 2 2635 3 3 35 94805
16 8 2 2636 3 4 36 103430
16 8 2 2637 3 5 37 110732
16 8 2 2638 3 6 38 111845
16 8 2 2639 3 7 39 117262
16 8 2 2640 3 0 40 102676
16 8 2 2641 3 1 41 100789
16 8 2 2642 3 2 42 106504
16 8 2 2643 3 3 43 109600
16 8 2 2644 3 4 44 91246
16 8 2 2645 3 5 45 108757
16 8 2 2646 3 6 46 104382
16 8 2 2647 3 7 47 110095
16 8 2 2648 3 0 48 102537
16 8 2 2649 3 1 49 99985
16 8 2 2650 3 2 50 94868
16 8 2 2651 3 3 51 97345
16 8 2 2652 3 4 52 113163
16 8 2 2653 3 5 53 120309
16 8 2 2654 3 6 54 122476
16 8 2 2655 3 7 55 109774
16 8 2 2656 3 0 56 100921
16 8 2 2657 3 1 57 101150
16 8 2 2658 3 2 58 98501
16 8 2 2659 3 3 59 102644
16 8 2 2660 3 4 60 104124
16 8 2 2661 3 5 61 95723
16 8 2 2662 3 6 62 113261
16 8 2 2663 3 7 63 109884
16 8 2 2664 3 0 64 101643
16 8 2 2665 3 1 65 101067
16 8 2 2666 3 2 66 97200
16 8 2 2667 3 3 67 108297
16 8 2 2668 3 4 68 100388
16 8 2 2669 3 5 69 112468
16 8 2 2670 3 6 70 112885
16 8 2 2671 3 7 71 96299
16 8 2 2672 3 0 72 102092
16 8 2 2673 3 1 73 103894
16 8 2 2674 3 2 74 97478
16 8 2 2675 3 3 75 106438
16 8 2 2676 3 4 76 103367
16 8 2 2677 3 5 77 111271
16 8 2 2678 3 6 78 97897
16 8 2 2679 3 7 79 106463
16 8 2 2680 3 0 80 99516
16 8 2 2681 3 1 81 101371
16 8 2 2682 3 2 82 101443
16 8 2 2683 3 3 83 104511
16 8 2 2684 3 4 84 99768
16 8 2 2685 3 5 85 87834
16 8 2 2686 3 6 86 100301
16 8 2 2687 3 7 87 104958
16 8 2 2688 3 0 88 99341
16 8 2 2689 3 1 89 103985
16 8 2 2690 3 2 90 100886
16 8 2 2691 3 3 91 98430
16 8 2 2692 3 4 92 101666
16 8 2 2693 3 5 93 119758
16 8 2 2694 3 6 94 111298
16 8 2 2695 3 7 95 105915
16 8 2 2696 3 0 96 100777
16 8 2 2697 3 1 97 99439
16 8 2 2698 3 2 98 100815
16 8 2 2699 3 3 99 93483
16 8 3 2400 3 0 0 103279
16 8 3 2401 3 1 1 103672
16 8 3 2402 3 2 2 104573
16 8 3 2403 3 3 3 105601
16 8 3 2404 3 4 4 99964
16 8 3 2405 3 5 5 105051
16 8 3 2406 3 6 6 88828
16 8 3 2407 3 7 7 106225
16 8 3 2408 3 0 8 100147
16 8 3 2409 3 1 9 97343
16 8 3 2410 3 2 10 98535
16 8 3 2411 3 3 11 104727
16 8 3 2412 3 4 12 99694
16 8 3 2413 3 5 13 101588
16 8 3 2414 3 6 14 104931
16 8 3 2415 3 7 15 96454
16 8 3 2416 3 0 16 101870
16 8 3 2417 3 1 17 104402
16 8 3 2418 3 2 18 99518
16 8 3 2419 3 3 19 99178
16 8 3 2420 3 4 20 110493
16 8 3 2421 3 5 21 88907
16 8 3 2422 3 6 22 92550
16 8 3 2423 3 7 23 109354
16 8 3 2424 3 0 24 100251
16 8 3 2425 3 1 25 101892
16 8 3 2426 3 2 26 98894
16 8 3 2427 3 3 27 108535
16 8 3 2428 3 4 28 103509
16 8 3 2429 3 5 29 84770
16 8 3 2430 3 6 30 116349
16 8 3 2431 3 7 31 93314
16 8 3 2432 3 0 32 101864
16 8 3 2433 3 1 33 100900
16 8 3 2434 3 2 34 100692
16 8 3 2435 3 3 35 91141
16 8 3 2436 3 4 36 103465
16 8 3 2437 3 5 37 119288
16 8 3 2438 3 6 38 122171
16 8 3 2439 3 7 39 116061
16 8 3 2440 3 0 40 102346
16 8 3 2441 3 1 41 100320
16 8 3 2442 3 2 42 110116
16 8 3 2443 3 3 43 107384
16 8 3 2444 3 4 44 97359
16 8 3 2445 3 5 45 102756
16 8 3 2446 3 6 46 109294
16 8 3 2447 3 7 47 109141
16 8 3 2448 3 0 48 103898
16 8 3 2449 3 1 49 98318
16 8 3 2450 3 2 50 93468
16 8 3 2451 3 3 51 96466
16 8 3 2452 3 4 52 109103
16 8 3 2453 3 5 53 121470
16 8 3 2454 3 6 54 122643
16 8 3 2455 3 7 55 119805
16 8 3 2456 3 0 56 101864
16 8 3 2457 3 1 57 101761
16 8 3 2458 3 2 58 97640
16 8 3 2459 3 3 59 104924
16 8 3 2460 3 4 60 101819
16 8 3 2461 3 5 61 105363
16 8 3 2462 3 6 62 105181
16 8 3 2463 3 7 63 113489
16 8 3 2464 3 0 64 103008
16 8 3 2465 3 1 65 100180
16 8 3 2466 3 2 66 97187
16 8 3 2467 3 3 67 109498
16 8 3 2468 3 4 68 105853
16 8 3 2469 3 5 69 112376
16 8 3 2470 3 6 70 106462
16 8 3 2471 3 7 71 93384
16 8 3 2472 3 0 72 102105
16 8 3 2473 3 1 73 105954
16 8 3 2474 3 2 74 96679
16 8 3 2475 3 3 75 102396
16 8 3 2476 3 4 76 103443
16 8 3 2477 3 5 77 112937
16 8 3 2478 3 6 78 96886
16 8 3 2479 3 7 79 109251
16 8 3 2480 3 0 80 98682
16 8 3 2481 3 1 81 103180
16 8 3 2482 3 2 82 104859
16 8 3 2483 3 3 83 109449
16 8 3 2484 3 4 84 94143
16 8 3 2485 3 5 85 84428
16 8 3 2486 3 6 86 93624
16 8 3 2487 3 7 87 106323
16 8 3 2488 3 0 88 100457
16 8 3 2489 3 1 89 104469
16 8 3 2490 3 2 90 98642
16 8 3 2491 3 3 91 102884
16 8 3 2492 3 4 92 108434
16 8 3 2493 3 5 93 121884
16 8 3 2494 3 6 94 107758
16 8 3 2495 3 7 95 99848
16 8 3 2496 3 0 96 99665
16 8 3 2497 3 1 97 98945
16 8 3 2498 3 2 98 102273
16 8 3 2499 3 3 99 89808
16 8 3 2500 3 4 0 118730
16 8 3 2501 3 5 1 121931
16 8 3 2502 3 6 2 114379
16 8 3 2503 3 7 3 107004
16 8 3 2504 3 0 4 99425
16 8 3 2505 3 1 5 100063
16 8 3 2506 3 2 6 100525
16 8 3 2507 3 3 7 94597
16 8 3 2508 3 4 8 101421
16 8 3 2509 3 5 9 90778
16 8 3 2510 3 6 10 94435
16 8 3 2511 3 7 11 117021
16 8 3 2512 3 0 12 99910
16 8 3 2513 3 1 13 98119
16 8 3 2514 3 2 14 101129
16 8 3 2515 3 3 15 103242
16 8 3 2516 3 4 16 108272
16 8 3 2517 3 5 17 121544
16 8 3 2518 3 6 18 105946
16 8 3 2519 3 7 19 104438
16 8 3 2520 3 0 20 102184
16 8 3 2521 3 1 21 97124
16 8 3 2522 3 2 22 98525
16 8 3 2523 3 3 23 105662
16 8 3 2524 3 4 24 100516
16 8 3 2525 3 5 25 106978
16 8 3 2526 3 6 26 99249
16 8 3 2527 3 7 27 113844
16 8 3 2528 3 0 28 101521
16 8 3 2529 3 1 29 96903
16 8 3 2530 3 2 30 103107
16 8 3 2531 3 3 31 92802
16 8 3 2532 3 4 32 109965
16 8 3 2533 3 5 33 106397
16 8 3 2534 3 6 34 105390
16 8 3 2535 3 7 35 100916
16 8 3 2536 3 0 36 100400
16 8 3 2537 3 1 37 103407
16 8 3 2538 3 2 38 104982
16 8 3 2539 3 3 39 105385
16 8 3 2540 3 4 40 112266
16 8 3 2541 3 5 41 111743
16 8 3 2542 3 6 42 126032
16 8 3 2543 3 7 43 118393
16 8 3 2544 3 0 44 99664
16 8 3 2545 3 1 45 100764
16 8 3 2546 3 2 46 105186
16 8 3 2547 3 3 47 97704
16 8 3 2548 3 4 48 119456
16 8 3 2549 3 5 49 95023
16 8 3 2550 3 6 50 88346
16 8 3 2551 3 7 51 105647
16 8 3 2552 3 0 52 102034
16 8 3 2553 3 1 53 103798
16 8 3 2554 3 2 54 107714
16 8 3 2555 3 3 55 107622
16 8 3 2556 3 4 56 109320
16 8 3 2557 3 5 57 116212
16 8 3 2558 3 6 58 100493
16 8 3 2559 3 7 59 117961
16 8 3 2560 3 0 60 99945
16 8 3 2561 3 1 61 100357
16 8 3 2562 3 2 62 105226
16 8 3 2563 3 3 63 106747
16 8 3 2564 3 4 64 113815
16 8 3 2565 3 5 65 105505
16 8 3 2566 3 6 66 95125
16 8 3 2567 3 7 67 121151
16 8 3 2568 3 0 68 101446
16 8 3 2569 3 1 69 102302
16 8 3 2570 3 2 70 100116
16 8 3 2571 3 3 71 99648
16 8 3 2572 3 4 72 109573
16 8 3 2573 3 5 73 122590
16 8 3 2574 3 6 74 114119
16 8 3 2575 3 7 75 104913
16 8 3 2576 3 0 76 99323
16 8 3 2577 3 1 77 103220
16 8 3 2578 3 2 78 100661
16 8 3 2579 3 3 79 103204
16 8 3 2580 3 4 80 93199
16 8 3 2581 3 5 81 121788
16 8 3 2582 3 6 82 110288
16 8 3 2583 3 7 83 110359
16 8 3 2584 3 0 84 97840
16 8 3 2585 3 1 85 96081
16 8 3 2586 3 2 86 95176
16 8 3 2587 3 3 87 99536
16 8 3 2588 3 4 88 102440
16 8 3 2589 3 5 89 114819
16 8 3 2590 3 6 90 90611
16 8 3 2591 3 7 91 95931
16 8 3 2592 3 0 92 101664
16 8 3 2593 3 1 93 106013
16 8 3 2594 3 2 94 105815
16 8 3 2595 3 3 95 104107
16 8 3 2596 3 4 96 95540
16 8 3 2597 3 5 97 91631
16 8 3 2598 3 6 98 104965
16 8 3 2599 3 7 99 90966
16 8 3 2600 3 0 0 103279
16 8 3 2601 3 1 1 103672
16 8 3 2602 3 2 2 104573
16 8 3 2603 3 3 3 105601
16 8 3 2604 3 4 4 99964
16 8 3 2605 3 5 5 105051
16 8 3 2606 3 6 6 88828
16 8 3 2607 3 7 7 106225
16 8 3 2608 3 0 8 100147
16 8 3 2609 3 1 9 97343
16 8 3 2610 3 2 10 98535
16 8 3 2611 3 3 11 104727
16 8 3 2612 3 4 12 99694
16 8 3 2613 3 5 13 101588
16 8 3 2614 3 6 14 104931
16 8 3 2615 3 7 15 96454
16 8 3 2616 3 0 16 101870
16 8 3 2617 3 1 17 104402
16 8 3 2618 3 2 18 99518
16 8 3 2619 3 3 19 99178
16 8 3 2620 3 4 20 110493
16 8 3 2621 3 5 21 88907
16 8 3 2622 3 6 22 92550
16 8 3 2623 3 7 23 109354
16 8 3 2624 3 0 24 100251
16 8 3 2625 3 1 25 101892
16 8 3 2626 3 2 26 98894
16 8 3 2627 3 3 27 108535
16 8 3 2628 3 4 28 103509
16 8 3 2629 3 5 29 84770
16 8 3 2630 3 6 30 116349
16 8 3 2631 3 7 31 93314
16 8 3 2632 3 0 32 101864
16 8 3 2633 3 1 33 100900
16 8 3 2634 3 2 34 100692
16 8 3 2635 3 3 35 91141
16 8 3 2636 3 4 36 103465
16 8 3 2637 3 5 37 119288
16 8 3 2638 3 6 38 122171
16 8 3 2639 3 7 39 116061
16 8 3 2640 3 0 40 102346
16 8 3 2641 3 1 41 100320
16 8 3 2642 3 2 42 110116
16 8 3 2643 3 3 43 107384
16 8 3 2644 3 4 44 97359
16 8 3 2645 3 5 45 102756
16 8 3 2646 3 6 46 109294
16 8 3 2647 3 7 47 109141
16 8 3 2648 3 0 48 103898
16 8 3 2649 3 1 49 98318
16 8 3 2650 3 2 50 93468
16 8 3 2651 3 3 51 96466
16 8 3 2652 3 4 52 109103
16 8 3 2653 3 5 53 121470
16 8 3 2654 3 6 54 122643
16 8 3 2655 3 7 55 119805
16 8 3 2656 3 0 56 101864
16 8 3 2657 3 1 57 101761
16 8 3 2658 3 2 58 97640
16 8 3 2659 3 3 59 104924
16 8 3 2660 3 4 60 101819
16 8 3 2661 3 5 61 105363
16 8 3 2662 3 6 62 105181
16 8 3 2663 3 7 63 113489
16 8 3 2664 3 0 64 103008
16 8 3 2665 3 1 65 100180
16 8 3 2666 3 2 66 97187
16 8 3 2667 3 3 67 109498
16 8 3 2668 3 4 68 105853
16 8 3 2669 3 5 69 112376
16 8 3 2670 3 6 70 106462
16 8 3 2671 3 7 71 93384
16 8 3 2672 3 0 72 102105
16 8 3 2673 3 1 73 105954
16 8 3 2674 3 2 74 96679
16 8 3 2675 3 3 75 102396
16 8 3 2676 3 4 76 103443
16 8 3 2677 3 5 77 112937
16 8 3 2678 3 6 78 96886
16 8 3 2679 3 7 79 109251
16 8 3 2680 3 0 80 98682
16 8 3 2681 3 1 81 103180
16 8 3 2682 3 2 82 104859
16 8 3 2683 3 3 83 109449
16 8 3 2684 3 4 84 94143
16 8 3 2685 3 5 85 84428
16 8 3 2686 3 6 86 93624
16 8 3 2687 3 7 87 106323
16 8 3 2688 3 0 88 100457
16 8 3 2689 3 1 89 104469
16 8 3 2690 3 2 90 98642
16 8 3 2691 3 3 91 102884
16 8 3 2692 3 4 92 108434
16 8 3 2693 3 5 93 121884
16 8 3 2694 3 6 94 107758
16 8 3 2695 3 7 95 99848
16 8 3 2696 3 0 96 99665
16 8 3 2697 3 1 97 98945
16 8 3 2698 3 2 98 102273
16 8 3 2699 3 3 99 89808
16 8 4 2400 3 0 0 102489
16 8 4 2401 3 1 1 103767
16 8 4 2402 3 2 2 108051
16 8 4 2403 3 3 3 101476
16 8 4 2404 3 4 4 103711
16 8 4 2405 3 5 5 113855
16 8 4 2406 3 6 6 84811
16 8 4 2407 3 7 7 109115
16 8 4 2408 3 0 8 101443
16 8 4 2409 3 1 9 99233
16 8 4 2410 3 2 10 96639
16 8 4 2411 3 3 11 107292
16 8 4 2412 3 4 12 104101
16 8 4 2413 3 5 13 105857
16 8 4 2414 3 6 14 105196
16 8 4 2415 3 7 15 96459
16 8 4 2416 3 0 16 103238
16 8 4 2417 3 1 17 105547
16 8 4 2418 3 2 18 101351
16 8 4 2419 3 3 19 103830
16 8 4 2420 3 4 20 113038
16 8 4 2421 3 5 21 90005
16 8 4 2422 3 6 22 99131
16 8 4 2423 3 7 23 118995
16 8 4 2424 3 0 24 100355
16 8 4 2425 3 1 25 103953
16 8 4 2426 3 2 26 99470
16 8 4 2427 3 3 27 110947
16 8 4 2428 3 4 28 105362
16 8 4 2429 3 5 29 80456
16 8 4 2430 3 6 30 114141
16 8 4 2431 3 7 31 100199
16 8 4 2432 3 0 32 101870
16 8 4 2433 3 1 33 102638
16 8 4 2434 3 2 34 102560
16 8 4 2435 3 3 35 95349
16 8 4 2436 3 4 36 104629
16 8 4 2437 3 5 37 125938
16 8 4 2438 3 6 38 123539
16 8 4 2439 3 7 39 128844
16 8 4 2440 3 0 40 102346
16 8 4 2441 3 1 41 99508
16 8 4 2442 3 2 42 110303
16 8 4 2443 3 3 43 103166
16 8 4 2444 3 4 44 97449
16 8 4 2445 3 5 45 103319
16 8 4 2446 3 6 46 109238
16 8 4 2447 3 7 47 108960
16 8 4 2448 3 0 48 103144
16 8 4 2449 3 1 49 98415
16 8 4 2450 3 2 50 93988
16 8 4 2451 3 3 51 100969
16 8 4 2452 3 4 52 109337
16 8 4 2453 3 5 53 130720
16 8 4 2454 3 6 54 126536
16 8 4 2455 3 7 55 127128
16 8 4 2456 3 0 56 101855
16 8 4 2457 3 1 57 101868
16 8 4 2458 3 2 58 99411
16 8 4 2459 3 3 59 109826
16 8 4 2460 3 4 60 102976
16 8 4 2461 3 5 61 114490
16 8 4 2462 3 6 62 102050
16 8 4 2463 3 7 63 119093
16 8 4 2464 3 0 64 104391
16 8 4 2465 3 1 65 101312
16 8 4 2466 3 2 66 97211
16 8 4 2467 3 3 67 114636
16 8 4 2468 3 4 68 109665
16 8 4 2469 3 5 69 111147
16 8 4 2470 3 6 70 117622
16 8 4 2471 3 7 71 93689
16 8 4 2472 3 0 72 102182
16 8 4 2473 3 1 73 107122
16 8 4 2474 3 2 74 97223
16 8 4 2475 3 3 75 105570
16 8 4 2476 3 4 76 106316
16 8 4 2477 3 5 77 115187
16 8 4 2478 3 6 78 106431
16 8 4 2479 3 7 79 123947
16 8 4 2480 3 0 80 98721
16 8 4 2481 3 1 81 105248
16 8 4 2482 3 2 82 106812
16 8 4 2483 3 3 83 112811
16 8 4 2484 3 4 84 96668
16 8 4 2485 3 5 85 82735
16 8 4 2486 3 6 86 89808
16 8 4 2487 3 7 87 113266
16 8 4 2488 3 0 88 101186
16 8 4 2489 3 1 89 104553
16 8 4 2490 3 2 90 97438
16 8 4 2491 3 3 91 107729
16 8 4 2492 3 4 92 112431
16 8 4 2493 3 5 93 128086
16 8 4 2494 3 6 94 110647
16 8 4 2495 3 7 95 98704
16 8 4 2496 3 0 96 100377
16 8 4 2497 3 1 97 100326
16 8 4 2498 3 2 98 104161
16 8 4 2499 3 3 99 89847
16 8 4 2500 3 4 0 113926
16 8 4 2501 3 5 1 125674
16 8 4 2502 3 6 2 119275
16 8 4 2503 3 7 3 105204
16 8 4 2504 3 0 4 100652
16 8 4 2505 3 1 5 101340
16 8 4 2506 3 2 6 99195
16 8 4 2507 3 3 7 94791
16 8 4 2508 3 4 8 108117
16 8 4 2509 3 5 9 99936
16 8 4 2510 3 6 10 90840
16 8 4 2511 3 7 11 123420
16 8 4 2512 3 0 12 100779
16 8 4 2513 3 1 13 99208
16 8 4 2514 3 2 14 104399
16 8 4 2515 3 3 15 103938
16 8 4 2516 3 4 16 115558
16 8 4 2517 3 5 17 128314
16 8 4 2518 3 6 18 112574
16 8 4 2519 3 7 19 113771
16 8 4 2520 3 0 20 103361
16 8 4 2521 3 1 21 97454
16 8 4 2522 3 2 22 100694
16 8 4 2523 3 3 23 110481
16 8 4 2524 3 4 24 98031
16 8 4 2525 3 5 25 112456
16 8 4 2526 3 6 26 102707
16 8 4 2527 3 7 27 118343
16 8 4 2528 3 0 28 101650
16 8 4 2529 3 1 29 95716
16 8 4 2530 3 2 30 100975
16 8 4 2531 3 3 31 95188
16 8 4 2532 3 4 32 109971
16 8 4 2533 3 5 33 116798
16 8 4 2534 3 6 34 113531
16 8 4 2535 3 7 35 105736
16 8 4 2536 3 0 36 100633
16 8 4 2537 3 1 37 104546
16 8 4 2538 3 2 38 105042
16 8 4 2539 3 3 39 108113
16 8 4 2540 3 4 40 112310
16 8 4 2541 3 5 41 110992
16 8 4 2542 3 6 42 127815
16 8 4 2543 3 7 43 105819
16 8 4 2544 3 0 44 99664
16 8 4 2545 3 1 45 100855
16 8 4 2546 3 2 46 105164
16 8 4 2547 3 3 47 94530
16 8 4 2548 3 4 48 119024
16 8 4 2549 3 5 49 95422
16 8 4 2550 3 6 50 86682
16 8 4 2551 3 7 51 116816
16 8 4 2552 3 0 52 102142
16 8 4 2553 3 1 53 105883
16 8 4 2554 3 2 54 108204
16 8 4 2555 3 3 55 110755
16 8 4 2556 3 4 56 109596
16 8 4 2557 3 5 57 116664
16 8 4 2558 3 6 58 105043
16 8 4 2559 3 7 59 125471
16 8 4 2560 3 0 60 100199
16 8 4 2561 3 1 61 102363
16 8 4 2562 3 2 62 105043
16 8 4 2563 3 3 63 109537
16 8 4 2564 3 4 64 121515
16 8 4 2565 3 5 65 111795
16 8 4 2566 3 6 66 95124
16 8 4 2567 3 7 67 127421
16 8 4 2568 3 0 68 102150
16 8 4 2569 3 1 69 103132
16 8 4 2570 3 2 70 103455
16 8 4 2571 3 3 71 101984
16 8 4 2572 3 4 72 109906
16 8 4 2573 3 5 73 128030
16 8 4 2574 3 6 74 110950
16 8 4 2575 3 7 75 113006
16 8 4 2576 3 0 76 100016
16 8 4 2577 3 1 77 103348
16 8 4 2578 3 2 78 104016
16 8 4 2579 3 3 79 108077
16 8 4 2580 3 4 80 93476
16 8 4 2581 3 5 81 132608
16 8 4 2582 3 6 82 117168
16 8 4 2583 3 7 83 118883
16 8 4 2584 3 0 84 98566
16 8 4 2585 3 1 85 96071
16 8 4 2586 3 2 86 93243
16 8 4 2587 3 3 87 99517
16 8 4 2588 3 4 88 103965
16 8 4 2589 3 5 89 115328
16 8 4 2590 3 6 90 86928
16 8 4 2591 3 7 91 105409
16 8 4 2592 3 0 92 102417
16 8 4 2593 3 1 93 108140
16 8 4 2594 3 2 94 105959
16 8 4 2595 3 3 95 106703
16 8 4 2596 3 4 96 99092
16 8 4 2597 3 5 97 98793
16 8 4 2598 3 6 98 107411
16 8 4 2599 3 7 99 94558
16 8 4 2600 3 0 0 102489
16 8 4 2601 3 1 1 103767
16 8 4 2602 3 2 2 108051
16 8 4 2603 3 3 3 101476
16 8 4 2604 3 4 4 103711
16 8 4 2605 3 5 5 113855
16 8 4 2606 3 6 6 84811
16 8 4 2607 3 7 7 109115
16 8 4 2608 3 0 8 101443
16 8 4 2609 3 1 9 99233
16 8 4 2610 3 2 10 96639
16 8 4 2611 3 3 11 107292
16 8 4 2612 3 4 12 104101
16 8 4 2613 3 5 13 105857
16 8 4 2614 3 6 14 105196
16 8 4 2615 3 7 15 96459
16 8 4 2616 3 0 16 103238
16 8 4 2617 3 1 17 105547
16 8 4 2618 3 2 18 101351
16 8 4 2619 3 3 19 103830
16 8 4 2620 3 4 20 113038
16 8 4 2621 3 5 21 90005
16 8 4 2622 3 6 22 99131
16 8 4 2623 3 7 23 118995
16 8 4 2624 3 0 24 100355
16 8 4 2625 3 1 25 103953
16 8 4 2626 3 2 26 99470
16 8 4 2627 3 3 27 110947
16 8 4 2628 3 4 28 105362
16 8 4 2629 3 5 29 80456
16 8 4 2630 3 6 30 114141
16 8 4 2631 3 7 31 100199
16 8 4 2632 3 0 32 101870
16 8 4 2633 3 1 33 102638
16 8 4 2634 3 2 34 102560
16 8 4 2635 3 3 35 95349
16 8 4 2636 3 4 36 104629
16 8 4 2637 3 5 37 125938
16 8 4 2638 3 6 38 123539
16 8 4 2639 3 7 39 128844
16 8 4 2640 3 0 40 102346
16 8 4 2641 3 1 41 99508
16 8 4 2642 3 2 42 110303
16 8 4 2643 3 3 43 103166
16 8 4 2644 3 4 44 97449
16 8 4 2645 3 5 45 103319
16 8 4 2646 3 6 46 109238
16 8 4 2647 3 7 47 108960
16 8 4 2648 3 0 48 103144
16 8 4 2649 3 1 49 98415
16 8 4 2650 3 2 50 93988
16 8 4 2651 3 3 51 100969
16 8 4 2652 3 4 52 109337
16 8 4 2653 3 5 53 130720
16 8 4 2654 3 6 54 126536
16 8 4 2655 3 7 55 127128
16 8 4 2656 3 0 56 101855
16 8 4 2657 3 1 57 101868
16 8 4 2658 3 2 58 99411
16 8 4 2659 3 3 59 109826
16 8 4 2660 3 4 60 102976
16 8 4 2661 3 5 61 114490
16 8 4 2662 3 6 62 102050
16 8 4 2663 3 7 63 119093
16 8 4 2664 3 0 64 104391
16 8 4 2665 3 1 65 101312
16 8 4 2666 3 2 66 97211
16 8 4 2667 3 3 67 114636
16 8 4 2668 3 4 68 109665
16 8 4 2669 3 5 69 111147
16 8 4 2670 3 6 70 117622
16 8 4 2671 3 7 71 93689
16 8 4 2672 3 0 72 102182
16 8 4 2673 3 1 73 107122
16 8 4 2674 3 2 74 97223
16 8 4 2675 3 3 75 105570
16 8 4 2676 3 4 76 106316
16 8 4 2677 3 5 77 115187
16 8 4 2678 3 6 78 106431
16 8 4 2679 3 7 79 123947
16 8 4 2680 3 0 80 98721
16 8 4 2681 3 1 81 105248
16 8 4 2682 3 2 82 106812
16 8 4 2683 3 3 83 112811
16 8 4 2684 3 4 84 96668
16 8 4 2685 3 5 85 82735
16 8 4 2686 3 6 86 89808
16 8 4 2687 3 7 87 113266
16 8 4 2688 3 0 88 101186
16 8 4 2689 3 1 89 104553
16 8 4 2690 3 2 90 97438
16 8 4 2691 3 3 91 107729
16 8 4 2692 3 4 92 112431
16 8 4 2693 3 5 93 128086
16 8 4 2694 3 6 94 110647
16 8 4 2695 3 7 95 98704
16 8 4 2696 3 0 96 100377
16 8 4 2697 3 1 97 100326
16 8 4 2698 3 2 98 104161
16 8 4 2699 3 3 99 89847
16 8 5 2400 3 0 0 102307
16 8 5 2401 3 1 1 105720
16 8 5 2402 3 2 2 105356
16 8 5 2403 3 3 3 105479
16 8 5 2404 3 4 4 110093
16 8 5 2405 3 5 5 116351
16 8 5 2406 3 6 6 83710
16 8 5 2407 3 7 7 114925
16 8 5 2408 3 0 8 101486
16 8 5 2409 3 1 9 97425
16 8 5 2410 3 2 10 96842
16 8 5 2411 3 3 11 110131
16 8 5 2412 3 4 12 108957
16 8 5 2413 3 5 13 96937
16 8 5 2414 3 6 14 116702
16 8 5 2415 3 7 15 101031
16 8 5 2416 3 0 16 103105
16 8 5 2417 3 1 17 105657
16 8 5 2418 3 2 18 100998
16 8 5 2419 3 3 19 99946
16 8 5 2420 3 4 20 116066
16 8 5 2421 3 5 21 89081
16 8 5 2422 3 6 22 92893
16 8 5 2423 3 7 23 134828
16 8 5 2424 3 0 24 100128
16 8 5 2425 3 1 25 101955
16 8 5 2426 3 2 26 98925
16 8 5 2427 3 3 27 111238
16 8 5 2428 3 4 28 112118
16 8 5 2429 3 5 29 80814
16 8 5 2430 3 6 30 118583
16 8 5 2431 3 7 31 112660
16 8 5 2432 3 0 32 103188
16 8 5 2433 3 1 33 104718
16 8 5 2434 3 2 34 105863
16 8 5 2435 3 3 35 95576
16 8 5 2436 3 4 36 103438
16 8 5 2437 3 5 37 133177
16 8 5 2438 3 6 38 126913
16 8 5 2439 3 7 39 132466
16 8 5 2440 3 0 40 102160
16 8 5 2441 3 1 41 101309
16 8 5 2442 3 2 42 113793
16 8 5 2443 3 3 43 107200
16 8 5 2444 3 4 44 97624
16 8 5 2445 3 5 45 113209
16 8 5 2446 3 6 46 106208
16 8 5 2447 3 7 47 114227
16 8 5 2448 3 0 48 102541
16 8 5 2449 3 1 49 98469
16 8 5 2450 3 2 50 92902
16 8 5 2451 3 3 51 105691
16 8 5 2452 3 4 52 111710
16 8 5 2453 3 5 53 137067
16 8 5 2454 3 6 54 140517
16 8 5 2455 3 7 55 129006
16 8 5 2456 3 0 56 103006
16 8 5 2457 3 1 57 100333
16 8 5 2458 3 2 58 102216
16 8 5 2459 3 3 59 112745
16 8 5 2460 3 4 60 109867
16 8 5 2461 3 5 61 124859
16 8 5 2462 3 6 62 113704
16 8 5 2463 3 7 63 120194
16 8 5 2464 3 0 64 105434
16 8 5 2465 3 1 65 103324
16 8 5 2466 3 2 66 99873
16 8 5 2467 3 3 67 120030
16 8 5 2468 3 4 68 116709
16 8 5 2469 3 5 69 109350
16 8 5 2470 3 6 70 118303
16 8 5 2471 3 7 71 99843
16 8 5 2472 3 0 72 102288
16 8 5 2473 3 1 73 109157
16 8 5 2474 3 2 74 97373
16 8 5 2475 3 3 75 104821
16 8 5 2476 3 4 76 113422
16 8 5 2477 3 5 77 115979
16 8 5 2478 3 6 78 104550
16 8 5 2479 3 7 79 132055
16 8 5 2480 3 0 80 100048
16 8 5 2481 3 1 81 105367
16 8 5 2482 3 2 82 110187
16 8 5 2483 3 3 83 117791
16 8 5 2484 3 4 84 96995
16 8 5 2485 3 5 85 76084
16 8 5 2486 3 6 86 91610
16 8 5 2487 3 7 87 118002
16 8 5 2488 3 0 88 102333
16 8 5 2489 3 1 89 104342
16 8 5 2490 3 2 90 100411
16 8 5 2491 3 3 91 106152
16 8 5 2492 3 4 92 110576
16 8 5 2493 3 5 93 132673
16 8 5 2494 3 6 94 104411
16 8 5 2495 3 7 95 111422
16 8 5 2496 3 0 96 99479
16 8 5 2497 3 1 97 100528
16 8 5 2498 3 2 98 105484
16 8 5 2499 3 3 99 90109
16 8 5 2500 3 4 0 115343
16 8 5 2501 3 5 1 135235
16 8 5 2502 3 6 2 112470
16 8 5 2503 3 7 3 116986
16 8 5 2504 3 0 4 101675
16 8 5 2505 3 1 5 101438
16 8 5 2506 3 2 6 98882
16 8 5 2507 3 3 7 92301
16 8 5 2508 3 4 8 108491
16 8 5 2509 3 5 9 90876
16 8 5 2510 3 6 10 88747
16 8 5 2511 3 7 11 130510
16 8 5 2512 3 0 12 102094
16 8 5 2513 3 1 13 97372
16 8 5 2514 3 2 14 107803
16 8 5 2515 3 3 15 103777
16 8 5 2516 3 4 16 116058
16 8 5 2517 3 5 17 133362
16 8 5 2518 3 6 18 112059
16 8 5 2519 3 7 19 114194
16 8 5 2520 3 0 20 103913
16 8 5 2521 3 1 21 97276
16 8 5 2522 3 2 22 100100
16 8 5 2523 3 3 23 115646
16 8 5 2524 3 4 24 97073
16 8 5 2525 3 5 25 109261
16 8 5 2526 3 6 26 102428
16 8 5 2527 3 7 27 117836
16 8 5 2528 3 0 28 102526
16 8 5 2529 3 1 29 95364
16 8 5 2530 3 2 30 102965
16 8 5 2531 3 3 31 99433
16 8 5 2532 3 4 32 117031
16 8 5 2533 3 5 33 125244
16 8 5 2534 3 6 34 118182
16 8 5 2535 3 7 35 105858
16 8 5 2536 3 0 36 100402
16 8 5 2537 3 1 37 105565
16 8 5 2538 3 2 38 105247
16 8 5 2539 3 3 39 113046
16 8 5 2540 3 4 40 109020
16 8 5 2541 3 5 41 110901
16 8 5 2542 3 6 42 137264
16 8 5 2543 3 7 43 116404
16 8 5 2544 3 0 44 99448
16 8 5 2545 3 1 45 102719
16 8 5 2546 3 2 46 108032
16 8 5 2547 3 3 47 93865
16 8 5 2548 3 4 48 112980
16 8 5 2549 3 5 49 100370
16 8 5 2550 3 6 50 88293
16 8 5 2551 3 7 51 117062
16 8 5 2552 3 0 52 102205
16 8 5 2553 3 1 53 107965
16 8 5 2554 3 2 54 111829
16 8 5 2555 3 3 55 114588
16 8 5 2556 3 4 56 114680
16 8 5 2557 3 5 57 109468
16 8 5 2558 3 6 58 104495
16 8 5 2559 3 7 59 136116
16 8 5 2560 3 0 60 101552
16 8 5 2561 3 1 61 104317
16 8 5 2562 3 2 62 108591
16 8 5 2563 3 3 63 112428
16 8 5 2564 3 4 64 125853
16 8 5 2565 3 5 65 122607
16 8 5 2566 3 6 66 99699
16 8 5 2567 3 7 67 144566
16 8 5 2568 3 0 68 103505
16 8 5 2569 3 1 69 102498
16 8 5 2570 3 2 70 103625
16 8 5 2571 3 3 71 102246
16 8 5 2572 3 4 72 110308
16 8 5 2573 3 5 73 128309
16 8 5 2574 3 6 74 112069
16 8 5 2575 3 7 75 115709
16 8 5 2576 3 0 76 101309
16 8 5 2577 3 1 77 101334
16 8 5 2578 3 2 78 104180
16 8 5 2579 3 3 79 108561
16 8 5 2580 3 4 80 99788
16 8 5 2581 3 5 81 132699
16 8 5 2582 3 6 82 116197
16 8 5 2583 3 7 83 131131
16 8 5 2584 3 0 84 98564
16 8 5 2585 3 1 85 95022
16 8 5 2586 3 2 86 96313
16 8 5 2587 3 3 87 99844
16 8 5 2588 3 4 88 109147
16 8 5 2589 3 5 89 116657
16 8 5 2590 3 6 90 95294
16 8 5 2591 3 7 91 109317
16 8 5 2592 3 0 92 101959
16 8 5 2593 3 1 93 107787
16 8 5 2594 3 2 94 105532
16 8 5 2595 3 3 95 111467
16 8 5 2596 3 4 96 99014
16 8 5 2597 3 5 97 99444
16 8 5 2598 3 6 98 110804
16 8 5 2599 3 7 99 98899
16 8 5 2600 3 0 0 102307
16 8 5 2601 3 1 1 105720
16 8 5 2602 3 2 2 105356
16 8 5 2603 3 3 3 105479
16 8 5 2604 3 4 4 110093
16 8 5 2605 3 5 5 116351
16 8 5 2606 3 6 6 83710
16 8 5 2607 3 7 7 114925
16 8 5 2608 3 0 8 101486
16 8 5 2609 3 1 9 97425
16 8 5 2610 3 2 10 96842
16 8 5 2611 3 3 11 110131
16 8 5 2612 3 4 12 108957
16 8 5 2613 3 5 13 96937
16 8 5 2614 3 6 14 116702
16 8 5 2615 3 7 15 101031
16 8 5 2616 3 0 16 103105
16 8 5 2617 3 1 17 105657
16 8 5 2618 3 2 18 100998
16 8 5 2619 3 3 19 99946
16 8 5 2620 3 4 20 116066
16 8 5 2621 3 5 21 89081
16 8 5 2622 3 6 22 92893
16 8 5 2623 3 7 23 134828
16 8 5 2624 3 0 24 100128
16 8 5 2625 3 1 25 101955
16 8 5 2626 3 2 26 98925
16 8 5 2627 3 3 27 111238
16 8 5 2628 3 4 28 112118
16 8 5 2629 3 5 29 80814
16 8 5 2630 3 6 30 118583
16 8 5 2631 3 7 31 112660
16 8 5 2632 3 0 32 103188
16 8 5 2633 3 1 33 104718
16 8 5 2634 3 2 34 105863
16 8 5 2635 3 3 35 95576
16 8 5 2636 3 4 36 103438
16 8 5 2637 3 5 37 133177
16 8 5 2638 3 6 38 126913
16 8 5 2639 3 7 39 132466
16 8 5 2640 3 0 40 102160
16 8 5 2641 3 1 41 101309
16 8 5 2642 3 2 42 113793
16 8 5 2643 3 3 43 107200
16 8 5 2644 3 4 44 97624
16 8 5 2645 3 5 45 113209
16 8 5 2646 3 6 46 106208
16 8 5 2647 3 7 47 114227
16 8 5 2648 3 0 48 102541
16 8 5 2649 3 1 49 98469
16 8 5 2650 3 2 50 92902
16 8 5 2651 3 3 51 105691
16 8 5 2652 3 4 52 111710
16 8 5 2653 3 5 53 137067
16 8 5 2654 3 6 54 140517
16 8 5 2655 3 7 55 129006
16 8 5 2656 3 0 56 103006
16 8 5 2657 3 1 57 100333
16 8 5 2658 3 2 58 102216
16 8 5 2659 3 3 59 112745
16 8 5 2660 3 4 60 109867
16 8 5 2661 3 5 61 124859
16 8 5 2662 3 6 62 113704
16 8 5 2663 3 7 63 120194
16 8 5 2664 3 0 64 105434
16 8 5 2665 3 1 65 103324
16 8 5 2666 3 2 66 99873
16 8 5 2667 3 3 67 120030
16 8 5 2668 3 4 68 116709
16 8 5 2669 3 5 69 109350
16 8 5 2670 3 6 70 118303
16 8 5 2671 3 7 71 99843
16 8 5 2672 3 0 72 102288
16 8 5 2673 3 1 73 109157
16 8 5 2674 3 2 74 97373
16 8 5 2675 3 3 75 104821
16 8 5 2676 3 4 76 113422
16 8 5 2677 3 5 77 115979
16 8 5 2678 3 6 78 104550
16 8 5 2679 3 7 79 132055
16 8 5 2680 3 0 80 100048
16 8 5 2681 3 1 81 105367
16 8 5 2682 3 2 82 110187
16 8 5 2683 3 3 83 117791
16 8 5 2684 3 4 84 96995
16 8 5 2685 3 5 85 76084
16 8 5 2686 3 6 86 91610
16 8 5 2687 3 7 87 118002
16 8 5 2688 3 0 88 102333
16 8 5 2689 3 1 89 104342
16 8 5 2690 3 2 90 100411
16 8 5 2691 3 3 91 106152
16 8 5 2692 3 4 92 110576
16 8 5 2693 3 5 93 132673
16 8 5 2694 3 6 94 104411
16 8 5 2695 3 7 95 111422
16 8 5 2696 3 0 96 99479
16 8 5 2697 3 1 97 100528
16 8 5 2698 3 2 98 105484
16 8 5 2699 3 3 99 90109
