16 15 1 4500 5 4 0 100210
16 15 1 4501 5 5 1 97351
16 15 1 4502 5 6 2 103655
16 15 1 4503 5 7 3 107111
16 15 1 4504 5 0 4 100512
16 15 1 4505 5 1 5 102025
16 15 1 4506 5 2 6 99928
16 15 1 4507 5 3 7 95750
16 15 1 4508 5 4 8 105286
16 15 1 4509 5 5 9 103825
16 15 1 4510 5 6 10 95823
16 15 1 4511 5 7 11 109060
16 15 1 4512 5 0 12 99145
16 15 1 4513 5 1 13 102016
16 15 1 4514 5 2 14 103353
16 15 1 4515 5 3 15 104683
16 15 1 4516 5 4 16 106670
16 15 1 4517 5 5 17 97614
16 15 1 4518 5 6 18 97056
16 15 1 4519 5 7 19 104915
16 15 1 4520 5 0 20 101344
16 15 1 4521 5 1 21 100833
16 15 1 4522 5 2 22 96742
16 15 1 4523 5 3 23 104705
16 15 1 4524 5 4 24 106380
16 15 1 4525 5 5 25 108151
16 15 1 4526 5 6 26 102016
16 15 1 4527 5 7 27 99871
16 15 1 4528 5 0 28 101132
16 15 1 4529 5 1 29 102034
16 15 1 4530 5 2 30 103392
16 15 1 4531 5 3 31 96759
16 15 1 4532 5 4 32 99100
16 15 1 4533 5 5 33 106228
16 15 1 4534 5 6 34 111057
16 15 1 4535 5 7 35 109586
16 15 1 4536 5 0 36 100638
16 15 1 4537 5 1 37 102005
16 15 1 4538 5 2 38 103392
16 15 1 4539 5 3 39 103285
16 15 1 4540 5 4 40 106076
16 15 1 4541 5 5 41 110167
16 15 1 4542 5 6 42 99884
16 15 1 4543 5 7 43 113566
16 15 1 4544 5 0 44 101355
16 15 1 4545 5 1 45 102016
16 15 1 4546 5 2 46 102771
16 15 1 4547 5 3 47 104732
16 15 1 4548 5 4 48 106472
16 15 1 4549 5 5 49 98024
16 15 1 4550 5 6 50 105244
16 15 1 4551 5 7 51 106811
16 15 1 4552 5 0 52 101310
16 15 1 4553 5 1 53 102004
16 15 1 4554 5 2 54 103381
16 15 1 4555 5 3 55 99771
16 15 1 4556 5 4 56 106772
16 15 1 4557 5 5 57 108398
16 15 1 4558 5 6 58 107301
16 15 1 4559 5 7 59 110943
16 15 1 4560 5 0 60 100807
16 15 1 4561 5 1 61 99656
16 15 1 4562 5 2 62 100227
16 15 1 4563 5 3 63 96250
16 15 1 4564 5 4 64 99298
16 15 1 4565 5 5 65 108009
16 15 1 4566 5 6 66 111470
16 15 1 4567 5 7 67 113384
16 15 1 4568 5 0 68 101312
16 15 1 4569 5 1 69 102029
16 15 1 4570 5 2 70 102618
16 15 1 4571 5 3 71 104683
16 15 1 4572 5 4 72 104303
16 15 1 4573 5 5 73 102878
16 15 1 4574 5 6 74 111439
16 15 1 4575 5 7 75 108846
16 15 1 4576 5 0 76 100918
16 15 1 4577 5 1 77 101884
16 15 1 4578 5 2 78 103289
16 15 1 4579 5 3 79 96960
16 15 1 4580 5 4 80 99174
16 15 1 4581 5 5 81 101942
16 15 1 4582 5 6 82 109172
16 15 1 4583 5 7 83 98366
16 15 1 4584 5 0 84 99352
16 15 1 4585 5 1 85 101950
16 15 1 4586 5 2 86 103291
16 15 1 4587 5 3 87 104631
16 15 1 4588 5 4 88 99352
16 15 1 4589 5 5 89 103283
16 15 1 4590 5 6 90 110222
16 15 1 4591 5 7 91 111187
16 15 1 4592 5 0 92 98732
16 15 1 4593 5 1 93 102029
16 15 1 4594 5 2 94 101563
16 15 1 4595 5 3 95 104750
16 15 1 4596 5 4 96 106561
16 15 1 4597 5 5 97 106635
16 15 1 4598 5 6 98 111510
16 15 1 4599 5 7 99 113156
16 15 1 4600 5 0 0 100140
16 15 1 4601 5 1 1 99559
16 15 1 4602 5 2 2 103314
16 15 1 4603 5 3 3 104750
16 15 1 4604 5 4 4 102652
16 15 1 4605 5 5 5 110060
16 15 1 4606 5 6 6 102332
16 15 1 4607 5 7 7 90948
16 15 1 4608 5 0 8 101087
16 15 1 4609 5 1 9 102023
16 15 1 4610 5 2 10 96792
16 15 1 4611 5 3 11 104736
16 15 1 4612 5 4 12 99643
16 15 1 4613 5 5 13 107771
16 15 1 4614 5 6 14 108323
16 15 1 4615 5 7 15 109265
16 15 1 4616 5 0 16 101352
16 15 1 4617 5 1 17 100342
16 15 1 4618 5 2 18 98517
16 15 1 4619 5 3 19 96250
16 15 1 4620 5 4 20 106722
16 15 1 4621 5 5 21 106180
16 15 1 4622 5 6 22 99938
16 15 1 4623 5 7 23 111077
16 15 1 4624 5 0 24 101306
16 15 1 4625 5 1 25 101049
16 15 1 4626 5 2 26 97092
16 15 1 4627 5 3 27 100511
16 15 1 4628 5 4 28 104836
16 15 1 4629 5 5 29 110139
16 15 1 4630 5 6 30 111491
16 15 1 4631 5 7 31 92926
16 15 1 4632 5 0 32 99496
16 15 1 4633 5 1 33 101884
16 15 1 4634 5 2 34 103340
16 15 1 4635 5 3 35 104630
16 15 1 4636 5 4 36 103153
16 15 1 4637 5 5 37 110016
16 15 1 4638 5 6 38 111475
16 15 1 4639 5 7 39 105215
16 15 1 4640 5 0 40 101308
16 15 1 4641 5 1 41 102010
16 15 1 4642 5 2 42 97125
16 15 1 4643 5 3 43 104750
16 15 1 4644 5 4 44 106765
16 15 1 4645 5 5 45 105276
16 15 1 4646 5 6 46 109803
16 15 1 4647 5 7 47 109522
16 15 1 4648 5 0 48 101140
16 15 1 4649 5 1 49 99622
16 15 1 4650 5 2 50 100199
16 15 1 4651 5 3 51 98368
16 15 1 4652 5 4 52 106766
16 15 1 4653 5 5 53 110125
16 15 1 4654 5 6 54 104800
16 15 1 4655 5 7 55 97860
16 15 1 4656 5 0 56 101334
16 15 1 4657 5 1 57 101858
16 15 1 4658 5 2 58 103392
16 15 1 4659 5 3 59 103500
16 15 1 4660 5 4 60 105010
16 15 1 4661 5 5 61 100060
16 15 1 4662 5 6 62 105453
16 15 1 4663 5 7 63 98580
16 15 1 4664 5 0 64 99886
16 15 1 4665 5 1 65 101643
16 15 1 4666 5 2 66 103370
16 15 1 4667 5 3 67 104705
16 15 1 4668 5 4 68 106659
16 15 1 4669 5 5 69 100990
16 15 1 4670 5 6 70 109531
16 15 1 4671 5 7 71 113380
16 15 1 4672 5 0 72 101333
16 15 1 4673 5 1 73 100625
16 15 1 4674 5 2 74 103364
16 15 1 4675 5 3 75 102500
16 15 1 4676 5 4 76 103919
16 15 1 4677 5 5 77 107239
16 15 1 4678 5 6 78 105863
16 15 1 4679 5 7 79 98940
16 15 1 4680 5 0 80 99753
16 15 1 4681 5 1 81 99707
16 15 1 4682 5 2 82 103349
16 15 1 4683 5 3 83 96678
16 15 1 4684 5 4 84 101241
16 15 1 4685 5 5 85 107884
16 15 1 4686 5 6 86 110873
16 15 1 4687 5 7 87 107210
16 15 1 4688 5 0 88 98824
16 15 1 4689 5 1 89 99459
16 15 1 4690 5 2 90 103347
16 15 1 4691 5 3 91 104388
16 15 1 4692 5 4 92 96349
16 15 1 4693 5 5 93 110132
16 15 1 4694 5 6 94 99447
16 15 1 4695 5 7 95 113570
16 15 1 4696 5 0 96 101224
16 15 1 4697 5 1 97 100371
16 15 1 4698 5 2 98 103377
16 15 1 4699 5 3 99 104701
16 15 1 4700 5 4 0 100210
16 15 1 4701 5 5 1 97351
16 15 1 4702 5 6 2 103655
16 15 1 4703 5 7 3 107111
16 15 1 4704 5 0 4 100512
16 15 1 4705 5 1 5 102025
16 15 1 4706 5 2 6 99928
16 15 1 4707 5 3 7 95750
16 15 1 4708 5 4 8 105286
16 15 1 4709 5 5 9 103825
16 15 1 4710 5 6 10 95823
16 15 1 4711 5 7 11 109060
16 15 1 4712 5 0 12 99145
16 15 1 4713 5 1 13 102016
16 15 1 4714 5 2 14 103353
16 15 1 4715 5 3 15 104683
16 15 1 4716 5 4 16 106670
16 15 1 4717 5 5 17 97614
16 15 1 4718 5 6 18 97056
16 15 1 4719 5 7 19 104915
16 15 1 4720 5 0 20 101344
16 15 1 4721 5 1 21 100833
16 15 1 4722 5 2 22 96742
16 15 1 4723 5 3 23 104705
16 15 1 4724 5 4 24 106380
16 15 1 4725 5 5 25 108151
16 15 1 4726 5 6 26 102016
16 15 1 4727 5 7 27 99871
16 15 1 4728 5 0 28 101132
16 15 1 4729 5 1 29 102034
16 15 1 4730 5 2 30 103392
16 15 1 4731 5 3 31 96759
16 15 1 4732 5 4 32 99100
16 15 1 4733 5 5 33 106228
16 15 1 4734 5 6 34 111057
16 15 1 4735 5 7 35 109586
16 15 1 4736 5 0 36 100638
16 15 1 4737 5 1 37 102005
16 15 1 4738 5 2 38 103392
16 15 1 4739 5 3 39 103285
16 15 1 4740 5 4 40 106076
16 15 1 4741 5 5 41 110167
16 15 1 4742 5 6 42 99884
16 15 1 4743 5 7 43 113566
16 15 1 4744 5 0 44 101355
16 15 1 4745 5 1 45 102016
16 15 1 4746 5 2 46 102771
16 15 1 4747 5 3 47 104732
16 15 1 4748 5 4 48 106472
16 15 1 4749 5 5 49 98024
16 15 1 4750 5 6 50 105244
16 15 1 4751 5 7 51 106811
16 15 1 4752 5 0 52 101310
16 15 1 4753 5 1 53 102004
16 15 1 4754 5 2 54 103381
16 15 1 4755 5 3 55 99771
16 15 1 4756 5 4 56 106772
16 15 1 4757 5 5 57 108398
16 15 1 4758 5 6 58 107301
16 15 1 4759 5 7 59 110943
16 15 1 4760 5 0 60 100807
16 15 1 4761 5 1 61 99656
16 15 1 4762 5 2 62 100227
16 15 1 4763 5 3 63 96250
16 15 1 4764 5 4 64 99298
16 15 1 4765 5 5 65 108009
16 15 1 4766 5 6 66 111470
16 15 1 4767 5 7 67 113384
16 15 1 4768 5 0 68 101312
16 15 1 4769 5 1 69 102029
16 15 1 4770 5 2 70 102618
16 15 1 4771 5 3 71 104683
16 15 1 4772 5 4 72 104303
16 15 1 4773 5 5 73 102878
16 15 1 4774 5 6 74 111439
16 15 1 4775 5 7 75 108846
16 15 1 4776 5 0 76 100918
16 15 1 4777 5 1 77 101884
16 15 1 4778 5 2 78 103289
16 15 1 4779 5 3 79 96960
16 15 1 4780 5 4 80 99174
16 15 1 4781 5 5 81 101942
16 15 1 4782 5 6 82 109172
16 15 1 4783 5 7 83 98366
16 15 1 4784 5 0 84 99352
16 15 1 4785 5 1 85 101950
16 15 1 4786 5 2 86 103291
16 15 1 4787 5 3 87 104631
16 15 1 4788 5 4 88 99352
16 15 1 4789 5 5 89 103283
16 15 1 4790 5 6 90 110222
16 15 1 4791 5 7 91 111187
16 15 1 4792 5 0 92 98732
16 15 1 4793 5 1 93 102029
16 15 1 4794 5 2 94 101563
16 15 1 4795 5 3 95 104750
16 15 1 4796 5 4 96 106561
16 15 1 4797 5 5 97 106635
16 15 1 4798 5 6 98 111510
16 15 1 4799 5 7 99 113156
16 15 2 4500 5 4 0 105168
16 15 2 4501 5 5 1 99876
16 15 2 4502 5 6 2 106059
16 15 2 4503 5 7 3 121471
16 15 2 4504 5 0 4 101248
16 15 2 4505 5 1 5 104077
16 15 2 4506 5 2 6 103034
16 15 2 4507 5 3 7 99956
16 15 2 4508 5 4 8 110303
16 15 2 4509 5 5 9 111784
16 15 2 4510 5 6 10 102522
16 15 2 4511 5 7 11 120399
16 15 2 4512 5 0 12 100487
16 15 2 4513 5 1 13 101280
16 15 2 4514 5 2 14 102811
16 15 2 4515 5 3 15 108178
16 15 2 4516 5 4 16 113813
16 15 2 4517 5 5 17 92709
16 15 2 4518 5 6 18 91113
16 15 2 4519 5 7 19 108609
16 15 2 4520 5 0 20 102424
16 15 2 4521 5 1 21 102871
16 15 2 4522 5 2 22 99437
16 15 2 4523 5 3 23 109635
16 15 2 4524 5 4 24 110559
16 15 2 4525 5 5 25 112209
16 15 2 4526 5 6 26 113747
16 15 2 4527 5 7 27 95561
16 15 2 4528 5 0 28 102492
16 15 2 4529 5 1 29 103406
16 15 2 4530 5 2 30 106878
16 15 2 4531 5 3 31 101294
16 15 2 4532 5 4 32 103684
16 15 2 4533 5 5 33 107765
16 15 2 4534 5 6 34 110838
16 15 2 4535 5 7 35 118363
16 15 2 4536 5 0 36 101982
16 15 2 4537 5 1 37 101550
16 15 2 4538 5 2 38 101106
16 15 2 4539 5 3 39 103560
16 15 2 4540 5 4 40 108968
16 15 2 4541 5 5 41 109007
16 15 2 4542 5 6 42 100199
16 15 2 4543 5 7 43 117142
16 15 2 4544 5 0 44 102709
16 15 2 4545 5 1 45 103678
16 15 2 4546 5 2 46 106060
16 15 2 4547 5 3 47 103265
16 15 2 4548 5 4 48 113667
16 15 2 4549 5 5 49 103386
16 15 2 4550 5 6 50 111554
16 15 2 4551 5 7 51 98425
16 15 2 4552 5 0 52 100279
16 15 2 4553 5 1 53 104076
16 15 2 4554 5 2 54 100641
16 15 2 4555 5 3 55 104440
16 15 2 4556 5 4 56 111584
16 15 2 4557 5 5 57 114818
16 15 2 4558 5 6 58 116074
16 15 2 4559 5 7 59 123965
16 15 2 4560 5 0 60 102153
16 15 2 4561 5 1 61 101680
16 15 2 4562 5 2 62 103635
16 15 2 4563 5 3 63 99599
16 15 2 4564 5 4 64 105166
16 15 2 4565 5 5 65 110371
16 15 2 4566 5 6 66 111476
16 15 2 4567 5 7 67 120435
16 15 2 4568 5 0 68 101844
16 15 2 4569 5 1 69 101223
16 15 2 4570 5 2 70 101182
16 15 2 4571 5 3 71 109096
16 15 2 4572 5 4 72 107593
16 15 2 4573 5 5 73 112670
16 15 2 4574 5 6 74 115158
16 15 2 4575 5 7 75 112236
16 15 2 4576 5 0 76 102265
16 15 2 4577 5 1 77 103372
16 15 2 4578 5 2 78 104267
16 15 2 4579 5 3 79 100886
16 15 2 4580 5 4 80 96827
16 15 2 4581 5 5 81 100086
16 15 2 4582 5 6 82 117516
16 15 2 4583 5 7 83 103080
16 15 2 4584 5 0 84 100700
16 15 2 4585 5 1 85 102212
16 15 2 4586 5 2 86 106773
16 15 2 4587 5 3 87 108887
16 15 2 4588 5 4 88 96520
16 15 2 4589 5 5 89 103691
16 15 2 4590 5 6 90 110939
16 15 2 4591 5 7 91 114360
16 15 2 4592 5 0 92 99961
16 15 2 4593 5 1 93 104038
16 15 2 4594 5 2 94 104963
16 15 2 4595 5 3 95 105344
16 15 2 4596 5 4 96 101045
16 15 2 4597 5 5 97 103171
16 15 2 4598 5 6 98 122653
16 15 2 4599 5 7 99 103531
16 15 2 4600 5 0 0 100928
16 15 2 4601 5 1 1 101579
16 15 2 4602 5 2 2 103801
16 15 2 4603 5 3 3 109711
16 15 2 4604 5 4 4 107748
16 15 2 4605 5 5 5 121150
16 15 2 4606 5 6 6 109658
16 15 2 4607 5 7 7 91212
16 15 2 4608 5 0 8 102085
16 15 2 4609 5 1 9 103193
16 15 2 4610 5 2 10 98677
16 15 2 4611 5 3 11 109696
16 15 2 4612 5 4 12 106374
16 15 2 4613 5 5 13 105911
16 15 2 4614 5 6 14 115205
16 15 2 4615 5 7 15 120143
16 15 2 4616 5 0 16 102702
16 15 2 4617 5 1 17 98228
16 15 2 4618 5 2 18 96376
16 15 2 4619 5 3 19 94971
16 15 2 4620 5 4 20 110254
16 15 2 4621 5 5 21 116377
16 15 2 4622 5 6 22 107819
16 15 2 4623 5 7 23 124979
16 15 2 4624 5 0 24 102661
16 15 2 4625 5 1 25 102519
16 15 2 4626 5 2 26 100354
16 15 2 4627 5 3 27 97564
16 15 2 4628 5 4 28 111899
16 15 2 4629 5 5 29 107661
16 15 2 4630 5 6 30 114027
16 15 2 4631 5 7 31 98055
16 15 2 4632 5 0 32 100837
16 15 2 4633 5 1 33 100702
16 15 2 4634 5 2 34 102006
16 15 2 4635 5 3 35 109580
16 15 2 4636 5 4 36 110112
16 15 2 4637 5 5 37 107208
16 15 2 4638 5 6 38 105072
16 15 2 4639 5 7 39 113767
16 15 2 4640 5 0 40 102682
16 15 2 4641 5 1 41 101147
16 15 2 4642 5 2 42 94623
16 15 2 4643 5 3 43 106092
16 15 2 4644 5 4 44 112875
16 15 2 4645 5 5 45 104942
16 15 2 4646 5 6 46 116246
16 15 2 4647 5 7 47 114062
16 15 2 4648 5 0 48 102508
16 15 2 4649 5 1 49 100753
16 15 2 4650 5 2 50 101485
16 15 2 4651 5 3 51 93972
16 15 2 4652 5 4 52 102068
16 15 2 4653 5 5 53 115955
16 15 2 4654 5 6 54 101080
16 15 2 4655 5 7 55 101733
16 15 2 4656 5 0 56 102704
16 15 2 4657 5 1 57 103501
16 15 2 4658 5 2 58 105435
16 15 2 4659 5 3 59 106530
16 15 2 4660 5 4 60 111548
16 15 2 4661 5 5 61 110223
16 15 2 4662 5 6 62 111503
16 15 2 4663 5 7 63 100393
16 15 2 4664 5 0 64 101214
16 15 2 4665 5 1 65 101074
16 15 2 4666 5 2 66 101192
16 15 2 4667 5 3 67 105970
16 15 2 4668 5 4 68 109369
16 15 2 4669 5 5 69 103438
16 15 2 4670 5 6 70 104495
16 15 2 4671 5 7 71 125903
16 15 2 4672 5 0 72 102060
16 15 2 4673 5 1 73 102667
16 15 2 4674 5 2 74 102291
16 15 2 4675 5 3 75 100072
16 15 2 4676 5 4 76 110856
16 15 2 4677 5 5 77 104113
16 15 2 4678 5 6 78 113288
16 15 2 4679 5 7 79 102900
16 15 2 4680 5 0 80 101088
16 15 2 4681 5 1 81 98647
16 15 2 4682 5 2 82 106770
16 15 2 4683 5 3 83 97232
16 15 2 4684 5 4 84 108102
16 15 2 4685 5 5 85 108140
16 15 2 4686 5 6 86 123527
16 15 2 4687 5 7 87 119493
16 15 2 4688 5 0 88 98300
16 15 2 4689 5 1 89 99372
16 15 2 4690 5 2 90 106828
16 15 2 4691 5 3 91 109294
16 15 2 4692 5 4 92 102169
16 15 2 4693 5 5 93 110351
16 15 2 4694 5 6 94 110861
16 15 2 4695 5 7 95 119231
16 15 2 4696 5 0 96 100183
16 15 2 4697 5 1 97 100121
16 15 2 4698 5 2 98 106842
16 15 2 4699 5 3 99 102040
16 15 2 4700 5 4 0 105168
16 15 2 4701 5 5 1 99876
16 15 2 4702 5 6 2 106059
16 15 2 4703 5 7 3 121471
16 15 2 4704 5 0 4 101248
16 15 2 4705 5 1 5 104077
16 15 2 4706 5 2 6 103034
16 15 2 4707 5 3 7 99956
16 15 2 4708 5 4 8 110303
16 15 2 4709 5 5 9 111784
16 15 2 4710 5 6 10 102522
16 15 2 4711 5 7 11 120399
16 15 2 4712 5 0 12 100487
16 15 2 4713 5 1 13 101280
16 15 2 4714 5 2 14 102811
16 15 2 4715 5 3 15 108178
16 15 2 4716 5 4 16 113813
16 15 2 4717 5 5 17 92709
16 15 2 4718 5 6 18 91113
16 15 2 4719 5 7 19 108609
16 15 2 4720 5 0 20 102424
16 15 2 4721 5 1 21 102871
16 15 2 4722 5 2 22 99437
16 15 2 4723 5 3 23 109635
16 15 2 4724 5 4 24 110559
16 15 2 4725 5 5 25 112209
16 15 2 4726 5 6 26 113747
16 15 2 4727 5 7 27 95561
16 15 2 4728 5 0 28 102492
16 15 2 4729 5 1 29 103406
16 15 2 4730 5 2 30 106878
16 15 2 4731 5 3 31 101294
16 15 2 4732 5 4 32 103684
16 15 2 4733 5 5 33 107765
16 15 2 4734 5 6 34 110838
16 15 2 4735 5 7 35 118363
16 15 2 4736 5 0 36 101982
16 15 2 4737 5 1 37 101550
16 15 2 4738 5 2 38 101106
16 15 2 4739 5 3 39 103560
16 15 2 4740 5 4 40 108968
16 15 2 4741 5 5 41 109007
16 15 2 4742 5 6 42 100199
16 15 2 4743 5 7 43 117142
16 15 2 4744 5 0 44 102709
16 15 2 4745 5 1 45 103678
16 15 2 4746 5 2 46 106060
16 15 2 4747 5 3 47 103265
16 15 2 4748 5 4 48 113667
16 15 2 4749 5 5 49 103386
16 15 2 4750 5 6 50 111554
16 15 2 4751 5 7 51 98425
16 15 2 4752 5 0 52 100279
16 15 2 4753 5 1 53 104076
16 15 2 4754 5 2 54 100641
16 15 2 4755 5 3 55 104440
16 15 2 4756 5 4 56 111584
16 15 2 4757 5 5 57 114818
16 15 2 4758 5 6 58 116074
16 15 2 4759 5 7 59 123965
16 15 2 4760 5 0 60 102153
16 15 2 4761 5 1 61 101680
16 15 2 4762 5 2 62 103635
16 15 2 4763 5 3 63 99599
16 15 2 4764 5 4 64 105166
16 15 2 4765 5 5 65 110371
16 15 2 4766 5 6 66 111476
16 15 2 4767 5 7 67 120435
16 15 2 4768 5 0 68 101844
16 15 2 4769 5 1 69 101223
16 15 2 4770 5 2 70 101182
16 15 2 4771 5 3 71 109096
16 15 2 4772 5 4 72 107593
16 15 2 4773 5 5 73 112670
16 15 2 4774 5 6 74 115158
16 15 2 4775 5 7 75 112236
16 15 2 4776 5 0 76 102265
16 15 2 4777 5 1 77 103372
16 15 2 4778 5 2 78 104267
16 15 2 4779 5 3 79 100886
16 15 2 4780 5 4 80 96827
16 15 2 4781 5 5 81 100086
16 15 2 4782 5 6 82 117516
16 15 2 4783 5 7 83 103080
16 15 2 4784 5 0 84 100700
16 15 2 4785 5 1 85 102212
16 15 2 4786 5 2 86 106773
16 15 2 4787 5 3 87 108887
16 15 2 4788 5 4 88 96520
16 15 2 4789 5 5 89 103691
16 15 2 4790 5 6 90 110939
16 15 2 4791 5 7 91 114360
16 15 2 4792 5 0 92 99961
16 15 2 4793 5 1 93 104038
16 15 2 4794 5 2 94 104963
16 15 2 4795 5 3 95 105344
16 15 2 4796 5 4 96 101045
16 15 2 4797 5 5 97 103171
16 15 2 4798 5 6 98 122653
16 15 2 4799 5 7 99 103531
16 15 3 4500 5 4 0 110056
16 15 3 4501 5 5 1 108914
16 15 3 4502 5 6 2 114574
16 15 3 4503 5 7 3 129381
16 15 3 4504 5 0 4 101889
16 15 3 4505 5 1 5 106181
16 15 3 4506 5 2 6 101903
16 15 3 4507 5 3 7 104601
16 15 3 4508 5 4 8 114053
16 15 3 4509 5 5 9 123032
16 15 3 4510 5 6 10 108368
16 15 3 4511 5 7 11 128016
16 15 3 4512 5 0 12 101851
16 15 3 4513 5 1 13 102608
16 15 3 4514 5 2 14 104662
16 15 3 4515 5 3 15 109966
16 15 3 4516 5 4 16 114148
16 15 3 4517 5 5 17 99590
16 15 3 4518 5 6 18 98590
16 15 3 4519 5 7 19 105702
16 15 3 4520 5 0 20 103410
16 15 3 4521 5 1 21 104929
16 15 3 4522 5 2 22 102747
16 15 3 4523 5 3 23 109693
16 15 3 4524 5 4 24 118070
16 15 3 4525 5 5 25 118898
16 15 3 4526 5 6 26 124903
16 15 3 4527 5 7 27 98218
16 15 3 4528 5 0 28 103871
16 15 3 4529 5 1 29 105479
16 15 3 4530 5 2 30 106327
16 15 3 4531 5 3 31 99299
16 15 3 4532 5 4 32 104996
16 15 3 4533 5 5 33 114594
16 15 3 4534 5 6 34 115607
16 15 3 4535 5 7 35 112690
16 15 3 4536 5 0 36 103121
16 15 3 4537 5 1 37 100353
16 15 3 4538 5 2 38 97982
16 15 3 4539 5 3 39 108460
16 15 3 4540 5 4 40 116297
16 15 3 4541 5 5 41 119950
16 15 3 4542 5 6 42 108001
16 15 3 4543 5 7 43 131394
16 15 3 4544 5 0 44 104098
16 15 3 4545 5 1 45 102118
16 15 3 4546 5 2 46 102805
16 15 3 4547 5 3 47 108083
16 15 3 4548 5 4 48 118220
16 15 3 4549 5 5 49 110982
16 15 3 4550 5 6 50 121831
16 15 3 4551 5 7 51 104252
16 15 3 4552 5 0 52 101539
16 15 3 4553 5 1 53 103878
16 15 3 4554 5 2 54 101070
16 15 3 4555 5 3 55 107926
16 15 3 4556 5 4 56 117134
16 15 3 4557 5 5 57 126342
16 15 3 4558 5 6 58 128997
16 15 3 4559 5 7 59 140673
16 15 3 4560 5 0 60 103492
16 15 3 4561 5 1 61 103652
16 15 3 4562 5 2 62 101083
16 15 3 4563 5 3 63 104267
16 15 3 4564 5 4 64 112156
16 15 3 4565 5 5 65 104485
16 15 3 4566 5 6 66 113162
16 15 3 4567 5 7 67 128677
16 15 3 4568 5 0 68 103213
16 15 3 4569 5 1 69 101436
16 15 3 4570 5 2 70 104637
16 15 3 4571 5 3 71 112571
16 15 3 4572 5 4 72 114866
16 15 3 4573 5 5 73 117207
16 15 3 4574 5 6 74 118265
16 15 3 4575 5 7 75 117785
16 15 3 4576 5 0 76 103639
16 15 3 4577 5 1 77 105458
16 15 3 4578 5 2 78 105430
16 15 3 4579 5 3 79 102030
16 15 3 4580 5 4 80 103379
16 15 3 4581 5 5 81 107306
16 15 3 4582 5 6 82 130702
16 15 3 4583 5 7 83 116944
16 15 3 4584 5 0 84 102075
16 15 3 4585 5 1 85 103665
16 15 3 4586 5 2 86 110402
16 15 3 4587 5 3 87 105391
16 15 3 4588 5 4 88 101518
16 15 3 4589 5 5 89 108749
16 15 3 4590 5 6 90 118450
16 15 3 4591 5 7 91 129373
16 15 3 4592 5 0 92 101309
16 15 3 4593 5 1 93 105505
16 15 3 4594 5 2 94 101497
16 15 3 4595 5 3 95 110281
16 15 3 4596 5 4 96 100758
16 15 3 4597 5 5 97 111545
16 15 3 4598 5 6 98 133304
16 15 3 4599 5 7 99 102312
16 15 3 4600 5 0 0 102277
16 15 3 4601 5 1 1 103640
16 15 3 4602 5 2 2 105327
16 15 3 4603 5 3 3 114453
16 15 3 4604 5 4 4 112045
16 15 3 4605 5 5 5 126384
16 15 3 4606 5 6 6 106381
16 15 3 4607 5 7 7 103202
16 15 3 4608 5 0 8 103439
16 15 3 4609 5 1 9 105281
16 15 3 4610 5 2 10 101854
16 15 3 4611 5 3 11 110149
16 15 3 4612 5 4 12 113593
16 15 3 4613 5 5 13 111337
16 15 3 4614 5 6 14 124118
16 15 3 4615 5 7 15 130425
16 15 3 4616 5 0 16 102605
16 15 3 4617 5 1 17 100192
16 15 3 4618 5 2 18 98064
16 15 3 4619 5 3 19 91624
16 15 3 4620 5 4 20 115342
16 15 3 4621 5 5 21 125784
16 15 3 4622 5 6 22 118200
16 15 3 4623 5 7 23 134287
16 15 3 4624 5 0 24 104048
16 15 3 4625 5 1 25 104516
16 15 3 4626 5 2 26 103742
16 15 3 4627 5 3 27 96400
16 15 3 4628 5 4 28 119316
16 15 3 4629 5 5 29 118552
16 15 3 4630 5 6 30 119559
16 15 3 4631 5 7 31 97628
16 15 3 4632 5 0 32 100859
16 15 3 4633 5 1 33 102704
16 15 3 4634 5 2 34 102054
16 15 3 4635 5 3 35 104709
16 15 3 4636 5 4 36 116138
16 15 3 4637 5 5 37 102859
16 15 3 4638 5 6 38 104740
16 15 3 4639 5 7 39 129107
16 15 3 4640 5 0 40 104062
16 15 3 4641 5 1 41 103209
16 15 3 4642 5 2 42 96057
16 15 3 4643 5 3 43 111060
16 15 3 4644 5 4 44 120489
16 15 3 4645 5 5 45 98312
16 15 3 4646 5 6 46 115484
16 15 3 4647 5 7 47 129246
16 15 3 4648 5 0 48 103442
16 15 3 4649 5 1 49 102178
16 15 3 4650 5 2 50 104944
16 15 3 4651 5 3 51 98394
16 15 3 4652 5 4 52 108618
16 15 3 4653 5 5 53 121353
16 15 3 4654 5 6 54 98892
16 15 3 4655 5 7 55 113484
16 15 3 4656 5 0 56 103679
16 15 3 4657 5 1 57 105595
16 15 3 4658 5 2 58 108959
16 15 3 4659 5 3 59 111567
16 15 3 4660 5 4 60 118972
16 15 3 4661 5 5 61 118327
16 15 3 4662 5 6 62 116832
16 15 3 4663 5 7 63 113792
16 15 3 4664 5 0 64 102551
16 15 3 4665 5 1 65 99260
16 15 3 4666 5 2 66 99367
16 15 3 4667 5 3 67 109631
16 15 3 4668 5 4 68 116769
16 15 3 4669 5 5 69 106816
16 15 3 4670 5 6 70 116605
16 15 3 4671 5 7 71 140959
16 15 3 4672 5 0 72 103348
16 15 3 4673 5 1 73 104327
16 15 3 4674 5 2 74 104112
16 15 3 4675 5 3 75 101670
16 15 3 4676 5 4 76 118303
16 15 3 4677 5 5 77 114180
16 15 3 4678 5 6 78 119112
16 15 3 4679 5 7 79 113003
16 15 3 4680 5 0 80 102456
16 15 3 4681 5 1 81 100060
16 15 3 4682 5 2 82 110370
16 15 3 4683 5 3 83 101861
16 15 3 4684 5 4 84 115462
16 15 3 4685 5 5 85 117638
16 15 3 4686 5 6 86 132473
16 15 3 4687 5 7 87 121899
16 15 3 4688 5 0 88 99236
16 15 3 4689 5 1 89 99750
16 15 3 4690 5 2 90 110408
16 15 3 4691 5 3 91 114488
16 15 3 4692 5 4 92 109060
16 15 3 4693 5 5 93 119346
16 15 3 4694 5 6 94 109190
16 15 3 4695 5 7 95 135114
16 15 3 4696 5 0 96 100137
16 15 3 4697 5 1 97 102016
16 15 3 4698 5 2 98 110307
16 15 3 4699 5 3 99 98990
16 15 3 4700 5 4 0 110056
16 15 3 4701 5 5 1 108914
16 15 3 4702 5 6 2 114574
16 15 3 4703 5 7 3 129381
16 15 3 4704 5 0 4 101889
16 15 3 4705 5 1 5 106181
16 15 3 4706 5 2 6 101903
16 15 3 4707 5 3 7 104601
16 15 3 4708 5 4 8 114053
16 15 3 4709 5 5 9 123032
16 15 3 4710 5 6 10 108368
16 15 3 4711 5 7 11 128016
16 15 3 4712 5 0 12 101851
16 15 3 4713 5 1 13 102608
16 15 3 4714 5 2 14 104662
16 15 3 4715 5 3 15 109966
16 15 3 4716 5 4 16 114148
16 15 3 4717 5 5 17 99590
16 15 3 4718 5 6 18 98590
16 15 3 4719 5 7 19 105702
16 15 3 4720 5 0 20 103410
16 15 3 4721 5 1 21 104929
16 15 3 4722 5 2 22 102747
16 15 3 4723 5 3 23 109693
16 15 3 4724 5 4 24 118070
16 15 3 4725 5 5 25 118898
16 15 3 4726 5 6 26 124903
16 15 3 4727 5 7 27 98218
16 15 3 4728 5 0 28 103871
16 15 3 4729 5 1 29 105479
16 15 3 4730 5 2 30 106327
16 15 3 4731 5 3 31 99299
16 15 3 4732 5 4 32 104996
16 15 3 4733 5 5 33 114594
16 15 3 4734 5 6 34 115607
16 15 3 4735 5 7 35 112690
16 15 3 4736 5 0 36 103121
16 15 3 4737 5 1 37 100353
16 15 3 4738 5 2 38 97982
16 15 3 4739 5 3 39 108460
16 15 3 4740 5 4 40 116297
16 15 3 4741 5 5 41 119950
16 15 3 4742 5 6 42 108001
16 15 3 4743 5 7 43 131394
16 15 3 4744 5 0 44 104098
16 15 3 4745 5 1 45 102118
16 15 3 4746 5 2 46 102805
16 15 3 4747 5 3 47 108083
16 15 3 4748 5 4 48 118220
16 15 3 4749 5 5 49 110982
16 15 3 4750 5 6 50 121831
16 15 3 4751 5 7 51 104252
16 15 3 4752 5 0 52 101539
16 15 3 4753 5 1 53 103878
16 15 3 4754 5 2 54 101070
16 15 3 4755 5 3 55 107926
16 15 3 4756 5 4 56 117134
16 15 3 4757 5 5 57 126342
16 15 3 4758 5 6 58 128997
16 15 3 4759 5 7 59 140673
16 15 3 4760 5 0 60 103492
16 15 3 4761 5 1 61 103652
16 15 3 4762 5 2 62 101083
16 15 3 4763 5 3 63 104267
16 15 3 4764 5 4 64 112156
16 15 3 4765 5 5 65 104485
16 15 3 4766 5 6 66 113162
16 15 3 4767 5 7 67 128677
16 15 3 4768 5 0 68 103213
16 15 3 4769 5 1 69 101436
16 15 3 4770 5 2 70 104637
16 15 3 4771 5 3 71 112571
16 15 3 4772 5 4 72 114866
16 15 3 4773 5 5 73 117207
16 15 3 4774 5 6 74 118265
16 15 3 4775 5 7 75 117785
16 15 3 4776 5 0 76 103639
16 15 3 4777 5 1 77 105458
16 15 3 4778 5 2 78 105430
16 15 3 4779 5 3 79 102030
16 15 3 4780 5 4 80 103379
16 15 3 4781 5 5 81 107306
16 15 3 4782 5 6 82 130702
16 15 3 4783 5 7 83 116944
16 15 3 4784 5 0 84 102075
16 15 3 4785 5 1 85 103665
16 15 3 4786 5 2 86 110402
16 15 3 4787 5 3 87 105391
16 15 3 4788 5 4 88 101518
16 15 3 4789 5 5 89 108749
16 15 3 4790 5 6 90 118450
16 15 3 4791 5 7 91 129373
16 15 3 4792 5 0 92 101309
16 15 3 4793 5 1 93 105505
16 15 3 4794 5 2 94 101497
16 15 3 4795 5 3 95 110281
16 15 3 4796 5 4 96 100758
16 15 3 4797 5 5 97 111545
16 15 3 4798 5 6 98 133304
16 15 3 4799 5 7 99 102312
16 15 4 4500 5 4 0 114448
16 15 4 4501 5 5 1 117514
16 15 4 4502 5 6 2 117484
16 15 4 4503 5 7 3 129191
16 15 4 4504 5 0 4 103198
16 15 4 4505 5 1 5 106398
16 15 4 4506 5 2 6 104919
16 15 4 4507 5 3 7 109531
16 15 4 4508 5 4 8 121720
16 15 4 4509 5 5 9 121952
16 15 4 4510 5 6 10 114121
16 15 4 4511 5 7 11 140349
16 15 4 4512 5 0 12 101865
16 15 4 4513 5 1 13 101942
16 15 4 4514 5 2 14 105277
16 15 4 4515 5 3 15 115162
16 15 4 4516 5 4 16 121770
16 15 4 4517 5 5 17 105586
16 15 4 4518 5 6 18 108459
16 15 4 4519 5 7 19 117526
16 15 4 4520 5 0 20 102959
16 15 4 4521 5 1 21 107017
16 15 4 4522 5 2 22 102812
16 15 4 4523 5 3 23 113514
16 15 4 4524 5 4 24 124603
16 15 4 4525 5 5 25 131029
16 15 4 4526 5 6 26 136521
16 15 4 4527 5 7 27 91742
16 15 4 4528 5 0 28 104919
16 15 4 4529 5 1 29 107540
16 15 4 4530 5 2 30 109924
16 15 4 4531 5 3 31 103971
16 15 4 4532 5 4 32 110195
16 15 4 4533 5 5 33 123653
16 15 4 4534 5 6 34 114342
16 15 4 4535 5 7 35 127884
16 15 4 4536 5 0 36 104512
16 15 4 4537 5 1 37 99813
16 15 4 4538 5 2 38 101135
16 15 4 4539 5 3 39 113646
16 15 4 4540 5 4 40 124035
16 15 4 4541 5 5 41 120669
16 15 4 4542 5 6 42 120377
16 15 4 4543 5 7 43 144965
16 15 4 4544 5 0 44 105500
16 15 4 4545 5 1 45 102740
16 15 4 4546 5 2 46 103639
16 15 4 4547 5 3 47 108330
16 15 4 4548 5 4 48 125402
16 15 4 4549 5 5 49 121970
16 15 4 4550 5 6 50 125040
16 15 4 4551 5 7 51 107098
16 15 4 4552 5 0 52 102889
16 15 4 4553 5 1 53 105472
16 15 4 4554 5 2 54 104498
16 15 4 4555 5 3 55 110682
16 15 4 4556 5 4 56 116625
16 15 4 4557 5 5 57 125741
16 15 4 4558 5 6 58 143759
16 15 4 4559 5 7 59 158988
16 15 4 4560 5 0 60 104031
16 15 4 4561 5 1 61 105706
16 15 4 4562 5 2 62 103437
16 15 4 4563 5 3 63 109253
16 15 4 4564 5 4 64 119745
16 15 4 4565 5 5 65 113298
16 15 4 4566 5 6 66 126078
16 15 4 4567 5 7 67 145536
16 15 4 4568 5 0 68 104381
16 15 4 4569 5 1 69 103491
16 15 4 4570 5 2 70 108204
16 15 4 4571 5 3 71 112850
16 15 4 4572 5 4 72 120458
16 15 4 4573 5 5 73 123286
16 15 4 4574 5 6 74 127402
16 15 4 4575 5 7 75 121581
16 15 4 4576 5 0 76 104780
16 15 4 4577 5 1 77 104489
16 15 4 4578 5 2 78 106598
16 15 4 4579 5 3 79 104734
16 15 4 4580 5 4 80 97304
16 15 4 4581 5 5 81 109978
16 15 4 4582 5 6 82 137502
16 15 4 4583 5 7 83 132527
16 15 4 4584 5 0 84 103447
16 15 4 4585 5 1 85 105727
16 15 4 4586 5 2 86 114125
16 15 4 4587 5 3 87 110414
16 15 4 4588 5 4 88 96254
16 15 4 4589 5 5 89 99602
16 15 4 4590 5 6 90 125249
16 15 4 4591 5 7 91 138662
16 15 4 4592 5 0 92 102072
16 15 4 4593 5 1 93 107652
16 15 4 4594 5 2 94 98216
16 15 4 4595 5 3 95 111646
16 15 4 4596 5 4 96 98138
16 15 4 4597 5 5 97 122839
16 15 4 4598 5 6 98 146219
16 15 4 4599 5 7 99 92544
16 15 4 4600 5 0 0 103656
16 15 4 4601 5 1 1 105763
16 15 4 4602 5 2 2 107251
16 15 4 4603 5 3 3 119775
16 15 4 4604 5 4 4 117748
16 15 4 4605 5 5 5 132037
16 15 4 4606 5 6 6 111646
16 15 4 4607 5 7 7 115810
16 15 4 4608 5 0 8 104829
16 15 4 4609 5 1 9 103229
16 15 4 4610 5 2 10 105309
16 15 4 4611 5 3 11 113883
16 15 4 4612 5 4 12 114898
16 15 4 4613 5 5 13 110385
16 15 4 4614 5 6 14 120702
16 15 4 4615 5 7 15 141586
16 15 4 4616 5 0 16 103903
16 15 4 4617 5 1 17 102158
16 15 4 4618 5 2 18 100821
16 15 4 4619 5 3 19 95886
16 15 4 4620 5 4 20 112035
16 15 4 4621 5 5 21 138355
16 15 4 4622 5 6 22 123033
16 15 4 4623 5 7 23 147004
16 15 4 4624 5 0 24 104886
16 15 4 4625 5 1 25 106647
16 15 4 4626 5 2 26 107171
16 15 4 4627 5 3 27 95040
16 15 4 4628 5 4 28 124736
16 15 4 4629 5 5 29 130275
16 15 4 4630 5 6 30 133265
16 15 4 4631 5 7 31 105942
16 15 4 4632 5 0 32 102148
16 15 4 4633 5 1 33 104289
16 15 4 4634 5 2 34 100970
16 15 4 4635 5 3 35 109653
16 15 4 4636 5 4 36 123871
16 15 4 4637 5 5 37 105651
16 15 4 4638 5 6 38 106077
16 15 4 4639 5 7 39 146276
16 15 4 4640 5 0 40 105401
16 15 4 4641 5 1 41 102204
16 15 4 4642 5 2 42 99306
16 15 4 4643 5 3 43 116288
16 15 4 4644 5 4 44 128461
16 15 4 4645 5 5 45 101760
16 15 4 4646 5 6 46 115818
16 15 4 4647 5 7 47 137429
16 15 4 4648 5 0 48 104748
16 15 4 4649 5 1 49 104158
16 15 4 4650 5 2 50 107692
16 15 4 4651 5 3 51 93577
16 15 4 4652 5 4 52 115786
16 15 4 4653 5 5 53 132081
16 15 4 4654 5 6 54 110277
16 15 4 4655 5 7 55 111422
16 15 4 4656 5 0 56 104677
16 15 4 4657 5 1 57 106056
16 15 4 4658 5 2 58 112645
16 15 4 4659 5 3 59 116765
16 15 4 4660 5 4 60 121656
16 15 4 4661 5 5 61 125144
16 15 4 4662 5 6 62 122643
16 15 4 4663 5 7 63 129290
16 15 4 4664 5 0 64 103917
16 15 4 4665 5 1 65 100800
16 15 4 4666 5 2 66 102690
16 15 4 4667 5 3 67 114775
16 15 4 4668 5 4 68 120865
16 15 4 4669 5 5 69 117641
16 15 4 4670 5 6 70 130084
16 15 4 4671 5 7 71 153352
16 15 4 4672 5 0 72 104167
16 15 4 4673 5 1 73 105892
16 15 4 4674 5 2 74 105067
16 15 4 4675 5 3 75 105649
16 15 4 4676 5 4 76 124507
16 15 4 4677 5 5 77 113546
16 15 4 4678 5 6 78 128384
16 15 4 4679 5 7 79 125581
16 15 4 4680 5 0 80 101593
16 15 4 4681 5 1 81 100070
16 15 4 4682 5 2 82 110377
16 15 4 4683 5 3 83 106613
16 15 4 4684 5 4 84 123217
16 15 4 4685 5 5 85 126758
16 15 4 4686 5 6 86 147606
16 15 4 4687 5 7 87 135900
16 15 4 4688 5 0 88 98012
16 15 4 4689 5 1 89 98155
16 15 4 4690 5 2 90 114137
16 15 4 4691 5 3 91 115642
16 15 4 4692 5 4 92 113160
16 15 4 4693 5 5 93 131461
16 15 4 4694 5 6 94 112369
16 15 4 4695 5 7 95 134667
16 15 4 4696 5 0 96 99747
16 15 4 4697 5 1 97 104085
16 15 4 4698 5 2 98 113996
16 15 4 4699 5 3 99 96885
16 15 4 4700 5 4 0 114448
16 15 4 4701 5 5 1 117514
16 15 4 4702 5 6 2 117484
16 15 4 4703 5 7 3 129191
16 15 4 4704 5 0 4 103198
16 15 4 4705 5 1 5 106398
16 15 4 4706 5 2 6 104919
16 15 4 4707 5 3 7 109531
16 15 4 4708 5 4 8 121720
16 15 4 4709 5 5 9 121952
16 15 4 4710 5 6 10 114121
16 15 4 4711 5 7 11 140349
16 15 4 4712 5 0 12 101865
16 15 4 4713 5 1 13 101942
16 15 4 4714 5 2 14 105277
16 15 4 4715 5 3 15 115162
16 15 4 4716 5 4 16 121770
16 15 4 4717 5 5 17 105586
16 15 4 4718 5 6 18 108459
16 15 4 4719 5 7 19 117526
16 15 4 4720 5 0 20 102959
16 15 4 4721 5 1 21 107017
16 15 4 4722 5 2 22 102812
16 15 4 4723 5 3 23 113514
16 15 4 4724 5 4 24 124603
16 15 4 4725 5 5 25 131029
16 15 4 4726 5 6 26 136521
16 15 4 4727 5 7 27 91742
16 15 4 4728 5 0 28 104919
16 15 4 4729 5 1 29 107540
16 15 4 4730 5 2 30 109924
16 15 4 4731 5 3 31 103971
16 15 4 4732 5 4 32 110195
16 15 4 4733 5 5 33 123653
16 15 4 4734 5 6 34 114342
16 15 4 4735 5 7 35 127884
16 15 4 4736 5 0 36 104512
16 15 4 4737 5 1 37 99813
16 15 4 4738 5 2 38 101135
16 15 4 4739 5 3 39 113646
16 15 4 4740 5 4 40 124035
16 15 4 4741 5 5 41 120669
16 15 4 4742 5 6 42 120377
16 15 4 4743 5 7 43 144965
16 15 4 4744 5 0 44 105500
16 15 4 4745 5 1 45 102740
16 15 4 4746 5 2 46 103639
16 15 4 4747 5 3 47 108330
16 15 4 4748 5 4 48 125402
16 15 4 4749 5 5 49 121970
16 15 4 4750 5 6 50 125040
16 15 4 4751 5 7 51 107098
16 15 4 4752 5 0 52 102889
16 15 4 4753 5 1 53 105472
16 15 4 4754 5 2 54 104498
16 15 4 4755 5 3 55 110682
16 15 4 4756 5 4 56 116625
16 15 4 4757 5 5 57 125741
16 15 4 4758 5 6 58 143759
16 15 4 4759 5 7 59 158988
16 15 4 4760 5 0 60 104031
16 15 4 4761 5 1 61 105706
16 15 4 4762 5 2 62 103437
16 15 4 4763 5 3 63 109253
16 15 4 4764 5 4 64 119745
16 15 4 4765 5 5 65 113298
16 15 4 4766 5 6 66 126078
16 15 4 4767 5 7 67 145536
16 15 4 4768 5 0 68 104381
16 15 4 4769 5 1 69 103491
16 15 4 4770 5 2 70 108204
16 15 4 4771 5 3 71 112850
16 15 4 4772 5 4 72 120458
16 15 4 4773 5 5 73 123286
16 15 4 4774 5 6 74 127402
16 15 4 4775 5 7 75 121581
16 15 4 4776 5 0 76 104780
16 15 4 4777 5 1 77 104489
16 15 4 4778 5 2 78 106598
16 15 4 4779 5 3 79 104734
16 15 4 4780 5 4 80 97304
16 15 4 4781 5 5 81 109978
16 15 4 4782 5 6 82 137502
16 15 4 4783 5 7 83 132527
16 15 4 4784 5 0 84 103447
16 15 4 4785 5 1 85 105727
16 15 4 4786 5 2 86 114125
16 15 4 4787 5 3 87 110414
16 15 4 4788 5 4 88 96254
16 15 4 4789 5 5 89 99602
16 15 4 4790 5 6 90 125249
16 15 4 4791 5 7 91 138662
16 15 4 4792 5 0 92 102072
16 15 4 4793 5 1 93 107652
16 15 4 4794 5 2 94 98216
16 15 4 4795 5 3 95 111646
16 15 4 4796 5 4 96 98138
16 15 4 4797 5 5 97 122839
16 15 4 4798 5 6 98 146219
16 15 4 4799 5 7 99 92544
16 15 5 4500 5 4 0 121757
16 15 5 4501 5 5 1 112165
16 15 5 4502 5 6 2 121000
16 15 5 4503 5 7 3 145601
16 15 5 4504 5 0 4 104605
16 15 5 4505 5 1 5 108548
16 15 5 4506 5 2 6 108495
16 15 5 4507 5 3 7 112795
16 15 5 4508 5 4 8 115689
16 15 5 4509 5 5 9 123818
16 15 5 4510 5 6 10 105904
16 15 5 4511 5 7 11 138896
16 15 5 4512 5 0 12 103235
16 15 5 4513 5 1 13 101646
16 15 5 4514 5 2 14 108837
16 15 5 4515 5 3 15 120536
16 15 5 4516 5 4 16 130018
16 15 5 4517 5 5 17 115675
16 15 5 4518 5 6 18 120909
16 15 5 4519 5 7 19 119610
16 15 5 4520 5 0 20 104362
16 15 5 4521 5 1 21 109179
16 15 5 4522 5 2 22 102148
16 15 5 4523 5 3 23 109836
16 15 5 4524 5 4 24 125081
16 15 5 4525 5 5 25 139389
16 15 5 4526 5 6 26 150174
16 15 5 4527 5 7 27 93417
16 15 5 4528 5 0 28 106343
16 15 5 4529 5 1 29 108558
16 15 5 4530 5 2 30 111668
16 15 5 4531 5 3 31 108870
16 15 5 4532 5 4 32 116393
16 15 5 4533 5 5 33 124264
16 15 5 4534 5 6 34 127509
16 15 5 4535 5 7 35 136642
16 15 5 4536 5 0 36 103162
16 15 5 4537 5 1 37 101788
16 15 5 4538 5 2 38 104510
16 15 5 4539 5 3 39 118969
16 15 5 4540 5 4 40 127730
16 15 5 4541 5 5 41 120582
16 15 5 4542 5 6 42 123154
16 15 5 4543 5 7 43 164672
16 15 5 4544 5 0 44 105511
16 15 5 4545 5 1 45 104799
16 15 5 4546 5 2 46 107172
16 15 5 4547 5 3 47 113452
16 15 5 4548 5 4 48 131390
16 15 5 4549 5 5 49 122914
16 15 5 4550 5 6 50 129988
16 15 5 4551 5 7 51 114128
16 15 5 4552 5 0 52 103132
16 15 5 4553 5 1 53 106994
16 15 5 4554 5 2 54 108006
16 15 5 4555 5 3 55 107952
16 15 5 4556 5 4 56 124276
16 15 5 4557 5 5 57 136310
16 15 5 4558 5 6 58 158233
16 15 5 4559 5 7 59 151831
16 15 5 4560 5 0 60 104685
16 15 5 4561 5 1 61 107813
16 15 5 4562 5 2 62 106983
16 15 5 4563 5 3 63 114415
16 15 5 4564 5 4 64 116531
16 15 5 4565 5 5 65 123964
16 15 5 4566 5 6 66 132782
16 15 5 4567 5 7 67 157469
16 15 5 4568 5 0 68 105776
16 15 5 4569 5 1 69 105507
16 15 5 4570 5 2 70 106548
16 15 5 4571 5 3 71 118160
16 15 5 4572 5 4 72 124961
16 15 5 4573 5 5 73 135704
16 15 5 4574 5 6 74 138024
16 15 5 4575 5 7 75 119121
16 15 5 4576 5 0 76 103563
16 15 5 4577 5 1 77 103010
16 15 5 4578 5 2 78 106717
16 15 5 4579 5 3 79 108882
16 15 5 4580 5 4 80 103833
16 15 5 4581 5 5 81 120312
16 15 5 4582 5 6 82 126199
16 15 5 4583 5 7 83 150349
16 15 5 4584 5 0 84 103022
16 15 5 4585 5 1 85 107859
16 15 5 4586 5 2 86 117691
16 15 5 4587 5 3 87 115697
16 15 5 4588 5 4 88 102753
16 15 5 4589 5 5 89 108120
16 15 5 4590 5 6 90 119761
16 15 5 4591 5 7 91 157374
16 15 5 4592 5 0 92 102852
16 15 5 4593 5 1 93 109751
16 15 5 4594 5 2 94 101193
16 15 5 4595 5 3 95 116881
16 15 5 4596 5 4 96 94623
16 15 5 4597 5 5 97 128536
16 15 5 4598 5 6 98 151525
16 15 5 4599 5 7 99 84446
16 15 5 4600 5 0 0 104994
16 15 5 4601 5 1 1 105415
16 15 5 4602 5 2 2 103690
16 15 5 4603 5 3 3 125439
16 15 5 4604 5 4 4 125732
16 15 5 4605 5 5 5 145394
16 15 5 4606 5 6 6 124503
16 15 5 4607 5 7 7 117368
16 15 5 4608 5 0 8 103455
16 15 5 4609 5 1 9 104154
16 15 5 4610 5 2 10 102906
16 15 5 4611 5 3 11 108605
16 15 5 4612 5 4 12 122658
16 15 5 4613 5 5 13 108393
16 15 5 4614 5 6 14 132705
16 15 5 4615 5 7 15 160408
16 15 5 4616 5 0 16 105300
16 15 5 4617 5 1 17 104153
16 15 5 4618 5 2 18 104229
16 15 5 4619 5 3 19 100432
16 15 5 4620 5 4 20 119668
16 15 5 4621 5 5 21 152328
16 15 5 4622 5 6 22 130752
16 15 5 4623 5 7 23 148702
16 15 5 4624 5 0 24 104961
16 15 5 4625 5 1 25 108189
16 15 5 4626 5 2 26 109994
16 15 5 4627 5 3 27 99487
16 15 5 4628 5 4 28 133163
16 15 5 4629 5 5 29 135029
16 15 5 4630 5 6 30 144042
16 15 5 4631 5 7 31 117970
16 15 5 4632 5 0 32 103141
16 15 5 4633 5 1 33 104716
16 15 5 4634 5 2 34 104389
16 15 5 4635 5 3 35 114939
16 15 5 4636 5 4 36 115852
16 15 5 4637 5 5 37 116221
16 15 5 4638 5 6 38 115289
16 15 5 4639 5 7 39 162548
16 15 5 4640 5 0 40 105241
16 15 5 4641 5 1 41 101829
16 15 5 4642 5 2 42 102387
16 15 5 4643 5 3 43 121837
16 15 5 4644 5 4 44 128453
16 15 5 4645 5 5 45 111692
16 15 5 4646 5 6 46 127887
16 15 5 4647 5 7 47 142204
16 15 5 4648 5 0 48 106105
16 15 5 4649 5 1 49 102317
16 15 5 4650 5 2 50 107246
16 15 5 4651 5 3 51 96788
16 15 5 4652 5 4 52 118957
16 15 5 4653 5 5 53 140959
16 15 5 4654 5 6 54 120178
16 15 5 4655 5 7 55 111073
16 15 5 4656 5 0 56 106069
16 15 5 4657 5 1 57 108175
16 15 5 4658 5 2 58 115421
16 15 5 4659 5 3 59 114827
16 15 5 4660 5 4 60 126329
16 15 5 4661 5 5 61 130469
16 15 5 4662 5 6 62 135085
16 15 5 4663 5 7 63 140737
16 15 5 4664 5 0 64 102950
16 15 5 4665 5 1 65 102778
16 15 5 4666 5 2 66 102876
16 15 5 4667 5 3 67 117204
16 15 5 4668 5 4 68 125803
16 15 5 4669 5 5 69 125279
16 15 5 4670 5 6 70 127700
16 15 5 4671 5 7 71 161482
16 15 5 4672 5 0 72 105097
16 15 5 4673 5 1 73 108043
16 15 5 4674 5 2 74 108685
16 15 5 4675 5 3 75 106516
16 15 5 4676 5 4 76 118916
16 15 5 4677 5 5 77 105797
16 15 5 4678 5 6 78 138128
16 15 5 4679 5 7 79 136802
16 15 5 4680 5 0 80 102957
16 15 5 4681 5 1 81 102066
16 15 5 4682 5 2 82 106723
16 15 5 4683 5 3 83 111650
16 15 5 4684 5 4 84 120569
16 15 5 4685 5 5 85 135225
16 15 5 4686 5 6 86 150240
16 15 5 4687 5 7 87 154290
16 15 5 4688 5 0 88 99290
16 15 5 4689 5 1 89 99932
16 15 5 4690 5 2 90 110294
16 15 5 4691 5 3 91 121197
16 15 5 4692 5 4 92 115785
16 15 5 4693 5 5 93 137452
16 15 5 4694 5 6 94 120020
16 15 5 4695 5 7 95 147184
16 15 5 4696 5 0 96 99079
16 15 5 4697 5 1 97 102656
16 15 5 4698 5 2 98 112619
16 15 5 4699 5 3 99 92304
16 15 5 4700 5 4 0 121757
16 15 5 4701 5 5 1 112165
16 15 5 4702 5 6 2 121000
16 15 5 4703 5 7 3 145601
16 15 5 4704 5 0 4 104605
16 15 5 4705 5 1 5 108548
16 15 5 4706 5 2 6 108495
16 15 5 4707 5 3 7 112795
16 15 5 4708 5 4 8 115689
16 15 5 4709 5 5 9 123818
16 15 5 4710 5 6 10 105904
16 15 5 4711 5 7 11 138896
16 15 5 4712 5 0 12 103235
16 15 5 4713 5 1 13 101646
16 15 5 4714 5 2 14 108837
16 15 5 4715 5 3 15 120536
16 15 5 4716 5 4 16 130018
16 15 5 4717 5 5 17 115675
16 15 5 4718 5 6 18 120909
16 15 5 4719 5 7 19 119610
16 15 5 4720 5 0 20 104362
16 15 5 4721 5 1 21 109179
16 15 5 4722 5 2 22 102148
16 15 5 4723 5 3 23 109836
16 15 5 4724 5 4 24 125081
16 15 5 4725 5 5 25 139389
16 15 5 4726 5 6 26 150174
16 15 5 4727 5 7 27 93417
16 15 5 4728 5 0 28 106343
16 15 5 4729 5 1 29 108558
16 15 5 4730 5 2 30 111668
16 15 5 4731 5 3 31 108870
16 15 5 4732 5 4 32 116393
16 15 5 4733 5 5 33 124264
16 15 5 4734 5 6 34 127509
16 15 5 4735 5 7 35 136642
16 15 5 4736 5 0 36 103162
16 15 5 4737 5 1 37 101788
16 15 5 4738 5 2 38 104510
16 15 5 4739 5 3 39 118969
16 15 5 4740 5 4 40 127730
16 15 5 4741 5 5 41 120582
16 15 5 4742 5 6 42 123154
16 15 5 4743 5 7 43 164672
16 15 5 4744 5 0 44 105511
16 15 5 4745 5 1 45 104799
16 15 5 4746 5 2 46 107172
16 15 5 4747 5 3 47 113452
16 15 5 4748 5 4 48 131390
16 15 5 4749 5 5 49 122914
16 15 5 4750 5 6 50 129988
16 15 5 4751 5 7 51 114128
16 15 5 4752 5 0 52 103132
16 15 5 4753 5 1 53 106994
16 15 5 4754 5 2 54 108006
16 15 5 4755 5 3 55 107952
16 15 5 4756 5 4 56 124276
16 15 5 4757 5 5 57 136310
16 15 5 4758 5 6 58 158233
16 15 5 4759 5 7 59 151831
16 15 5 4760 5 0 60 104685
16 15 5 4761 5 1 61 107813
16 15 5 4762 5 2 62 106983
16 15 5 4763 5 3 63 114415
16 15 5 4764 5 4 64 116531
16 15 5 4765 5 5 65 123964
16 15 5 4766 5 6 66 132782
16 15 5 4767 5 7 67 157469
16 15 5 4768 5 0 68 105776
16 15 5 4769 5 1 69 105507
16 15 5 4770 5 2 70 106548
16 15 5 4771 5 3 71 118160
16 15 5 4772 5 4 72 124961
16 15 5 4773 5 5 73 135704
16 15 5 4774 5 6 74 138024
16 15 5 4775 5 7 75 119121
16 15 5 4776 5 0 76 103563
16 15 5 4777 5 1 77 103010
16 15 5 4778 5 2 78 106717
16 15 5 4779 5 3 79 108882
16 15 5 4780 5 4 80 103833
16 15 5 4781 5 5 81 120312
16 15 5 4782 5 6 82 126199
16 15 5 4783 5 7 83 150349
16 15 5 4784 5 0 84 103022
16 15 5 4785 5 1 85 107859
16 15 5 4786 5 2 86 117691
16 15 5 4787 5 3 87 115697
16 15 5 4788 5 4 88 102753
16 15 5 4789 5 5 89 108120
16 15 5 4790 5 6 90 119761
16 15 5 4791 5 7 91 157374
16 15 5 4792 5 0 92 102852
16 15 5 4793 5 1 93 109751
16 15 5 4794 5 2 94 101193
16 15 5 4795 5 3 95 116881
16 15 5 4796 5 4 96 94623
16 15 5 4797 5 5 97 128536
16 15 5 4798 5 6 98 151525
16 15 5 4799 5 7 99 84446
