8 2 1 1200 1 0 0 100118
8 2 1 1201 1 1 1 98056
8 2 1 1202 1 2 2 101826
8 2 1 1203 1 3 3 104750
8 2 1 1204 1 4 4 106738
8 2 1 1205 1 5 5 108716
8 2 1 1206 1 6 6 107046
8 2 1 1207 1 7 7 96748
8 2 1 1208 1 0 8 100858
8 2 1 1209 1 1 9 98457
8 2 1 1210 1 2 10 100887
8 2 1 1211 1 3 11 103930
8 2 1 1212 1 4 12 99614
8 2 1 1213 1 5 13 101062
8 2 1 1214 1 6 14 93564
8 2 1 1215 1 7 15 88035
8 2 1 1216 1 0 16 101200
8 2 1 1217 1 1 17 101233
8 2 1 1218 1 2 18 96532
8 2 1 1219 1 3 19 96250
8 2 1 1220 1 4 20 105778
8 2 1 1221 1 5 21 105489
8 2 1 1222 1 6 22 106302
8 2 1 1223 1 7 23 103874
8 2 1 1224 1 0 24 100784
8 2 1 1225 1 1 25 100454
8 2 1 1226 1 2 26 98942
8 2 1 1227 1 3 27 98000
8 2 1 1228 1 4 28 106585
8 2 1 1229 1 5 29 97496
8 2 1 1230 1 6 30 103550
8 2 1 1231 1 7 31 105222
8 2 1 1232 1 0 32 101032
8 2 1 1233 1 1 33 99973
8 2 1 1234 1 2 34 97340
8 2 1 1235 1 3 35 103036
8 2 1 1236 1 4 36 96120
8 2 1 1237 1 5 37 100725
8 2 1 1238 1 6 38 96456
8 2 1 1239 1 7 39 98271
8 2 1 1240 1 0 40 99940
8 2 1 1241 1 1 41 101967
8 2 1 1242 1 2 42 103331
8 2 1 1243 1 3 43 102870
8 2 1 1244 1 4 44 106721
8 2 1 1245 1 5 45 104211
8 2 1 1246 1 6 46 109136
8 2 1 1247 1 7 47 103147
8 2 1 1248 1 0 48 101114
8 2 1 1249 1 1 49 99964
8 2 1 1250 1 2 50 100838
8 2 1 1251 1 3 51 101088
8 2 1 1252 1 4 52 100391
8 2 1 1253 1 5 53 98264
8 2 1 1254 1 6 54 109904
8 2 1 1255 1 7 55 99256
8 2 1 1256 1 0 56 101332
8 2 1 1257 1 1 57 99947
8 2 1 1258 1 2 58 102849
8 2 1 1259 1 3 59 104750
8 2 1 1260 1 4 60 101296
8 2 1 1261 1 5 61 107428
8 2 1 1262 1 6 62 100155
8 2 1 1263 1 7 63 113162
8 2 1 1264 1 0 64 101348
8 2 1 1265 1 1 65 99398
8 2 1 1266 1 2 66 96618
8 2 1 1267 1 3 67 103456
8 2 1 1268 1 4 68 101637
8 2 1 1269 1 5 69 101417
8 2 1 1270 1 6 70 99420
8 2 1 1271 1 7 71 102195
8 2 1 1272 1 0 72 100792
8 2 1 1273 1 1 73 100251
8 2 1 1274 1 2 74 97129
8 2 1 1275 1 3 75 104750
8 2 1 1276 1 4 76 101069
8 2 1 1277 1 5 77 99523
8 2 1 1278 1 6 78 99694
8 2 1 1279 1 7 79 106437
8 2 1 1280 1 0 80 98749
8 2 1 1281 1 1 81 99514
8 2 1 1282 1 2 82 97212
8 2 1 1283 1 3 83 103750
8 2 1 1284 1 4 84 101233
8 2 1 1285 1 5 85 101483
8 2 1 1286 1 6 86 93446
8 2 1 1287 1 7 87 103661
8 2 1 1288 1 0 88 99340
8 2 1 1289 1 1 89 101982
8 2 1 1290 1 2 90 99663
8 2 1 1291 1 3 91 99000
8 2 1 1292 1 4 92 94780
8 2 1 1293 1 5 93 108543
8 2 1 1294 1 6 94 100703
8 2 1 1295 1 7 95 105978
8 2 1 1296 1 0 96 99900
8 2 1 1297 1 1 97 101785
8 2 1 1298 1 2 98 103372
8 2 1 1299 1 3 99 102172
8 2 1 1300 1 4 0 102028
8 2 1 1301 1 5 1 89925
8 2 1 1302 1 6 2 108863
8 2 1 1303 1 7 3 107503
8 2 1 1304 1 0 4 101273
8 2 1 1305 1 1 5 101887
8 2 1 1306 1 2 6 102461
8 2 1 1307 1 3 7 98250
8 2 1 1308 1 4 8 104537
8 2 1 1309 1 5 9 91279
8 2 1 1310 1 6 10 99732
8 2 1 1311 1 7 11 112337
8 2 1 1312 1 0 12 99180
8 2 1 1313 1 1 13 100112
8 2 1 1314 1 2 14 99787
8 2 1 1315 1 3 15 96250
8 2 1 1316 1 4 16 105944
8 2 1 1317 1 5 17 101447
8 2 1 1318 1 6 18 91644
8 2 1 1319 1 7 19 96110
8 2 1 1320 1 0 20 101116
8 2 1 1321 1 1 21 101842
8 2 1 1322 1 2 22 100689
8 2 1 1323 1 3 23 100250
8 2 1 1324 1 4 24 102210
8 2 1 1325 1 5 25 103594
8 2 1 1326 1 6 26 95672
8 2 1 1327 1 7 27 92136
8 2 1 1328 1 0 28 101236
8 2 1 1329 1 1 29 99310
8 2 1 1330 1 2 30 103373
8 2 1 1331 1 3 31 102480
8 2 1 1332 1 4 32 104041
8 2 1 1333 1 5 33 97984
8 2 1 1334 1 6 34 93139
8 2 1 1335 1 7 35 106047
8 2 1 1336 1 0 36 98700
8 2 1 1337 1 1 37 99506
8 2 1 1338 1 2 38 100652
8 2 1 1339 1 3 39 104464
8 2 1 1340 1 4 40 99160
8 2 1 1341 1 5 41 110069
8 2 1 1342 1 6 42 108641
8 2 1 1343 1 7 43 106445
8 2 1 1344 1 0 44 101311
8 2 1 1345 1 1 45 101053
8 2 1 1346 1 2 46 102828
8 2 1 1347 1 3 47 104416
8 2 1 1348 1 4 48 106476
8 2 1 1349 1 5 49 100770
8 2 1 1350 1 6 50 103382
8 2 1 1351 1 7 51 101449
8 2 1 1352 1 0 52 100132
8 2 1 1353 1 1 53 99772
8 2 1 1354 1 2 54 103371
8 2 1 1355 1 3 55 99736
8 2 1 1356 1 4 56 106756
8 2 1 1357 1 5 57 101198
8 2 1 1358 1 6 58 109583
8 2 1 1359 1 7 59 107060
8 2 1 1360 1 0 60 100888
8 2 1 1361 1 1 61 100768
8 2 1 1362 1 2 62 99805
8 2 1 1363 1 3 63 104750
8 2 1 1364 1 4 64 106772
8 2 1 1365 1 5 65 100598
8 2 1 1366 1 6 66 89916
8 2 1 1367 1 7 67 102803
8 2 1 1368 1 0 68 100390
8 2 1 1369 1 1 69 100224
8 2 1 1370 1 2 70 98766
8 2 1 1371 1 3 71 98690
8 2 1 1372 1 4 72 102517
8 2 1 1373 1 5 73 103491
8 2 1 1374 1 6 74 92115
8 2 1 1375 1 7 75 108301
8 2 1 1376 1 0 76 99896
8 2 1 1377 1 1 77 99877
8 2 1 1378 1 2 78 103237
8 2 1 1379 1 3 79 100750
8 2 1 1380 1 4 80 93572
8 2 1 1381 1 5 81 102786
8 2 1 1382 1 6 82 94316
8 2 1 1383 1 7 83 112345
8 2 1 1384 1 0 84 100248
8 2 1 1385 1 1 85 98282
8 2 1 1386 1 2 86 97569
8 2 1 1387 1 3 87 101750
8 2 1 1388 1 4 88 97702
8 2 1 1389 1 5 89 104824
8 2 1 1390 1 6 90 99932
8 2 1 1391 1 7 91 102279
8 2 1 1392 1 0 92 99020
8 2 1 1393 1 1 93 101777
8 2 1 1394 1 2 94 99796
8 2 1 1395 1 3 95 104750
8 2 1 1396 1 4 96 100853
8 2 1 1397 1 5 97 107365
8 2 1 1398 1 6 98 111036
8 2 1 1399 1 7 99 101330
8 2 1 1400 1 0 0 100118
8 2 1 1401 1 1 1 98056
8 2 1 1402 1 2 2 101826
8 2 1 1403 1 3 3 104750
8 2 1 1404 1 4 4 106738
8 2 1 1405 1 5 5 108716
8 2 1 1406 1 6 6 107046
8 2 1 1407 1 7 7 96748
8 2 1 1408 1 0 8 100858
8 2 1 1409 1 1 9 98457
8 2 1 1410 1 2 10 100887
8 2 1 1411 1 3 11 103930
8 2 1 1412 1 4 12 99614
8 2 1 1413 1 5 13 101062
8 2 1 1414 1 6 14 93564
8 2 1 1415 1 7 15 88035
8 2 1 1416 1 0 16 101200
8 2 1 1417 1 1 17 101233
8 2 1 1418 1 2 18 96532
8 2 1 1419 1 3 19 96250
8 2 1 1420 1 4 20 105778
8 2 1 1421 1 5 21 105489
8 2 1 1422 1 6 22 106302
8 2 1 1423 1 7 23 103874
8 2 1 1424 1 0 24 100784
8 2 1 1425 1 1 25 100454
8 2 1 1426 1 2 26 98942
8 2 1 1427 1 3 27 98000
8 2 1 1428 1 4 28 106585
8 2 1 1429 1 5 29 97496
8 2 1 1430 1 6 30 103550
8 2 1 1431 1 7 31 105222
8 2 1 1432 1 0 32 101032
8 2 1 1433 1 1 33 99973
8 2 1 1434 1 2 34 97340
8 2 1 1435 1 3 35 103036
8 2 1 1436 1 4 36 96120
8 2 1 1437 1 5 37 100725
8 2 1 1438 1 6 38 96456
8 2 1 1439 1 7 39 98271
8 2 1 1440 1 0 40 99940
8 2 1 1441 1 1 41 101967
8 2 1 1442 1 2 42 103331
8 2 1 1443 1 3 43 102870
8 2 1 1444 1 4 44 106721
8 2 1 1445 1 5 45 104211
8 2 1 1446 1 6 46 109136
8 2 1 1447 1 7 47 103147
8 2 1 1448 1 0 48 101114
8 2 1 1449 1 1 49 99964
8 2 1 1450 1 2 50 100838
8 2 1 1451 1 3 51 101088
8 2 1 1452 1 4 52 100391
8 2 1 1453 1 5 53 98264
8 2 1 1454 1 6 54 109904
8 2 1 1455 1 7 55 99256
8 2 1 1456 1 0 56 101332
8 2 1 1457 1 1 57 99947
8 2 1 1458 1 2 58 102849
8 2 1 1459 1 3 59 104750
8 2 1 1460 1 4 60 101296
8 2 1 1461 1 5 61 107428
8 2 1 1462 1 6 62 100155
8 2 1 1463 1 7 63 113162
8 2 1 1464 1 0 64 101348
8 2 1 1465 1 1 65 99398
8 2 1 1466 1 2 66 96618
8 2 1 1467 1 3 67 103456
8 2 1 1468 1 4 68 101637
8 2 1 1469 1 5 69 101417
8 2 1 1470 1 6 70 99420
8 2 1 1471 1 7 71 102195
8 2 1 1472 1 0 72 100792
8 2 1 1473 1 1 73 100251
8 2 1 1474 1 2 74 97129
8 2 1 1475 1 3 75 104750
8 2 1 1476 1 4 76 101069
8 2 1 1477 1 5 77 99523
8 2 1 1478 1 6 78 99694
8 2 1 1479 1 7 79 106437
8 2 1 1480 1 0 80 98749
8 2 1 1481 1 1 81 99514
8 2 1 1482 1 2 82 97212
8 2 1 1483 1 3 83 103750
8 2 1 1484 1 4 84 101233
8 2 1 1485 1 5 85 101483
8 2 1 1486 1 6 86 93446
8 2 1 1487 1 7 87 103661
8 2 1 1488 1 0 88 99340
8 2 1 1489 1 1 89 101982
8 2 1 1490 1 2 90 99663
8 2 1 1491 1 3 91 99000
8 2 1 1492 1 4 92 94780
8 2 1 1493 1 5 93 108543
8 2 1 1494 1 6 94 100703
8 2 1 1495 1 7 95 105978
8 2 1 1496 1 0 96 99900
8 2 1 1497 1 1 97 101785
8 2 1 1498 1 2 98 103372
8 2 1 1499 1 3 99 102172
8 2 1 1500 1 4 0 102028
8 2 1 1501 1 5 1 89925
8 2 1 1502 1 6 2 108863
8 2 1 1503 1 7 3 107503
8 2 1 1504 1 0 4 101273
8 2 1 1505 1 1 5 101887
8 2 1 1506 1 2 6 102461
8 2 1 1507 1 3 7 98250
8 2 1 1508 1 4 8 104537
8 2 1 1509 1 5 9 91279
8 2 1 1510 1 6 10 99732
8 2 1 1511 1 7 11 112337
8 2 1 1512 1 0 12 99180
8 2 1 1513 1 1 13 100112
8 2 1 1514 1 2 14 99787
8 2 1 1515 1 3 15 96250
8 2 1 1516 1 4 16 105944
8 2 1 1517 1 5 17 101447
8 2 1 1518 1 6 18 91644
8 2 1 1519 1 7 19 96110
8 2 1 1520 1 0 20 101116
8 2 1 1521 1 1 21 101842
8 2 1 1522 1 2 22 100689
8 2 1 1523 1 3 23 100250
8 2 1 1524 1 4 24 102210
8 2 1 1525 1 5 25 103594
8 2 1 1526 1 6 26 95672
8 2 1 1527 1 7 27 92136
8 2 1 1528 1 0 28 101236
8 2 1 1529 1 1 29 99310
8 2 1 1530 1 2 30 103373
8 2 1 1531 1 3 31 102480
8 2 1 1532 1 4 32 104041
8 2 1 1533 1 5 33 97984
8 2 1 1534 1 6 34 93139
8 2 1 1535 1 7 35 106047
8 2 1 1536 1 0 36 98700
8 2 1 1537 1 1 37 99506
8 2 1 1538 1 2 38 100652
8 2 1 1539 1 3 39 104464
8 2 1 1540 1 4 40 99160
8 2 1 1541 1 5 41 110069
8 2 1 1542 1 6 42 108641
8 2 1 1543 1 7 43 106445
8 2 1 1544 1 0 44 101311
8 2 1 1545 1 1 45 101053
8 2 1 1546 1 2 46 102828
8 2 1 1547 1 3 47 104416
8 2 1 1548 1 4 48 106476
8 2 1 1549 1 5 49 100770
8 2 1 1550 1 6 50 103382
8 2 1 1551 1 7 51 101449
8 2 1 1552 1 0 52 100132
8 2 1 1553 1 1 53 99772
8 2 1 1554 1 2 54 103371
8 2 1 1555 1 3 55 99736
8 2 1 1556 1 4 56 106756
8 2 1 1557 1 5 57 101198
8 2 1 1558 1 6 58 109583
8 2 1 1559 1 7 59 107060
8 2 1 1560 1 0 60 100888
8 2 1 1561 1 1 61 100768
8 2 1 1562 1 2 62 99805
8 2 1 1563 1 3 63 104750
8 2 1 1564 1 4 64 106772
8 2 1 1565 1 5 65 100598
8 2 1 1566 1 6 66 89916
8 2 1 1567 1 7 67 102803
8 2 1 1568 1 0 68 100390
8 2 1 1569 1 1 69 100224
8 2 1 1570 1 2 70 98766
8 2 1 1571 1 3 71 98690
8 2 1 1572 1 4 72 102517
8 2 1 1573 1 5 73 103491
8 2 1 1574 1 6 74 92115
8 2 1 1575 1 7 75 108301
8 2 1 1576 1 0 76 99896
8 2 1 1577 1 1 77 99877
8 2 1 1578 1 2 78 103237
8 2 1 1579 1 3 79 100750
8 2 1 1580 1 4 80 93572
8 2 1 1581 1 5 81 102786
8 2 1 1582 1 6 82 94316
8 2 1 1583 1 7 83 112345
8 2 1 1584 1 0 84 100248
8 2 1 1585 1 1 85 98282
8 2 1 1586 1 2 86 97569
8 2 1 1587 1 3 87 101750
8 2 1 1588 1 4 88 97702
8 2 1 1589 1 5 89 104824
8 2 1 1590 1 6 90 99932
8 2 1 1591 1 7 91 102279
8 2 1 1592 1 0 92 99020
8 2 1 1593 1 1 93 101777
8 2 1 1594 1 2 94 99796
8 2 1 1595 1 3 95 104750
8 2 1 1596 1 4 96 100853
8 2 1 1597 1 5 97 107365
8 2 1 1598 1 6 98 111036
8 2 1 1599 1 7 99 101330
8 2 1 1600 2 0 0 100000
8 2 1 1601 2 1 1 100000
8 2 1 1602 2 2 2 100000
8 2 1 1603 2 3 3 100000
8 2 1 1604 2 4 4 100000
8 2 1 1605 2 5 5 100000
8 2 1 1606 2 6 6 100000
8 2 1 1607 2 7 7 100000
8 2 1 1608 2 0 8 100000
8 2 1 1609 2 1 9 100000
8 2 1 1610 2 2 10 100000
8 2 1 1611 2 3 11 100000
8 2 1 1612 2 4 12 100000
8 2 1 1613 2 5 13 100000
8 2 1 1614 2 6 14 100000
8 2 1 1615 2 7 15 100000
8 2 1 1616 2 0 16 100000
8 2 1 1617 2 1 17 100000
8 2 1 1618 2 2 18 100000
8 2 1 1619 2 3 19 100000
8 2 1 1620 2 4 20 100000
8 2 1 1621 2 5 21 100000
8 2 1 1622 2 6 22 100000
8 2 1 1623 2 7 23 100000
8 2 1 1624 2 0 24 100000
8 2 1 1625 2 1 25 100000
8 2 1 1626 2 2 26 100000
8 2 1 1627 2 3 27 100000
8 2 1 1628 2 4 28 100000
8 2 1 1629 2 5 29 100000
8 2 1 1630 2 6 30 100000
8 2 1 1631 2 7 31 100000
8 2 1 1632 2 0 32 100000
8 2 1 1633 2 1 33 100000
8 2 1 1634 2 2 34 100000
8 2 1 1635 2 3 35 100000
8 2 1 1636 2 4 36 100000
8 2 1 1637 2 5 37 100000
8 2 1 1638 2 6 38 100000
8 2 1 1639 2 7 39 100000
8 2 1 1640 2 0 40 100000
8 2 1 1641 2 1 41 100000
8 2 1 1642 2 2 42 100000
8 2 1 1643 2 3 43 100000
8 2 1 1644 2 4 44 100000
8 2 1 1645 2 5 45 100000
8 2 1 1646 2 6 46 100000
8 2 1 1647 2 7 47 100000
8 2 1 1648 2 0 48 100000
8 2 1 1649 2 1 49 100000
8 2 1 1650 2 2 50 100000
8 2 1 1651 2 3 51 100000
8 2 1 1652 2 4 52 100000
8 2 1 1653 2 5 53 100000
8 2 1 1654 2 6 54 100000
8 2 1 1655 2 7 55 100000
8 2 1 1656 2 0 56 100000
8 2 1 1657 2 1 57 100000
8 2 1 1658 2 2 58 100000
8 2 1 1659 2 3 59 100000
8 2 1 1660 2 4 60 100000
8 2 1 1661 2 5 61 100000
8 2 1 1662 2 6 62 100000
8 2 1 1663 2 7 63 100000
8 2 1 1664 2 0 64 100000
8 2 1 1665 2 1 65 100000
8 2 1 1666 2 2 66 100000
8 2 1 1667 2 3 67 100000
8 2 1 1668 2 4 68 100000
8 2 1 1669 2 5 69 100000
8 2 1 1670 2 6 70 100000
8 2 1 1671 2 7 71 100000
8 2 1 1672 2 0 72 100000
8 2 1 1673 2 1 73 100000
8 2 1 1674 2 2 74 100000
8 2 1 1675 2 3 75 100000
8 2 1 1676 2 4 76 100000
8 2 1 1677 2 5 77 100000
8 2 1 1678 2 6 78 100000
8 2 1 1679 2 7 79 100000
8 2 1 1680 2 0 80 100000
8 2 1 1681 2 1 81 100000
8 2 1 1682 2 2 82 100000
8 2 1 1683 2 3 83 100000
8 2 1 1684 2 4 84 100000
8 2 1 1685 2 5 85 100000
8 2 1 1686 2 6 86 100000
8 2 1 1687 2 7 87 100000
8 2 1 1688 2 0 88 100000
8 2 1 1689 2 1 89 100000
8 2 1 1690 2 2 90 100000
8 2 1 1691 2 3 91 100000
8 2 1 1692 2 4 92 100000
8 2 1 1693 2 5 93 100000
8 2 1 1694 2 6 94 100000
8 2 1 1695 2 7 95 100000
8 2 1 1696 2 0 96 100000
8 2 1 1697 2 1 97 100000
8 2 1 1698 2 2 98 100000
8 2 1 1699 2 3 99 100000
8 2 1 1700 2 4 0 100000
8 2 1 1701 2 5 1 100000
8 2 1 1702 2 6 2 100000
8 2 1 1703 2 7 3 100000
8 2 1 1704 2 0 4 100000
8 2 1 1705 2 1 5 100000
8 2 1 1706 2 2 6 100000
8 2 1 1707 2 3 7 100000
8 2 1 1708 2 4 8 100000
8 2 1 1709 2 5 9 100000
8 2 1 1710 2 6 10 100000
8 2 1 1711 2 7 11 100000
8 2 1 1712 2 0 12 100000
8 2 1 1713 2 1 13 100000
8 2 1 1714 2 2 14 100000
8 2 1 1715 2 3 15 100000
8 2 1 1716 2 4 16 100000
8 2 1 1717 2 5 17 100000
8 2 1 1718 2 6 18 100000
8 2 1 1719 2 7 19 100000
8 2 1 1720 2 0 20 100000
8 2 1 1721 2 1 21 100000
8 2 1 1722 2 2 22 100000
8 2 1 1723 2 3 23 100000
8 2 1 1724 2 4 24 100000
8 2 1 1725 2 5 25 100000
8 2 1 1726 2 6 26 100000
8 2 1 1727 2 7 27 100000
8 2 1 1728 2 0 28 100000
8 2 1 1729 2 1 29 100000
8 2 1 1730 2 2 30 100000
8 2 1 1731 2 3 31 100000
8 2 1 1732 2 4 32 100000
8 2 1 1733 2 5 33 100000
8 2 1 1734 2 6 34 100000
8 2 1 1735 2 7 35 100000
8 2 1 1736 2 0 36 100000
8 2 1 1737 2 1 37 100000
8 2 1 1738 2 2 38 100000
8 2 1 1739 2 3 39 100000
8 2 1 1740 2 4 40 100000
8 2 1 1741 2 5 41 100000
8 2 1 1742 2 6 42 100000
8 2 1 1743 2 7 43 100000
8 2 1 1744 2 0 44 100000
8 2 1 1745 2 1 45 100000
8 2 1 1746 2 2 46 100000
8 2 1 1747 2 3 47 100000
8 2 1 1748 2 4 48 100000
8 2 1 1749 2 5 49 100000
8 2 1 1750 2 6 50 100000
8 2 1 1751 2 7 51 100000
8 2 1 1752 2 0 52 100000
8 2 1 1753 2 1 53 100000
8 2 1 1754 2 2 54 100000
8 2 1 1755 2 3 55 100000
8 2 1 1756 2 4 56 100000
8 2 1 1757 2 5 57 100000
8 2 1 1758 2 6 58 100000
8 2 1 1759 2 7 59 100000
8 2 1 1760 2 0 60 100000
8 2 1 1761 2 1 61 100000
8 2 1 1762 2 2 62 100000
8 2 1 1763 2 3 63 100000
8 2 1 1764 2 4 64 100000
8 2 1 1765 2 5 65 100000
8 2 1 1766 2 6 66 100000
8 2 1 1767 2 7 67 100000
8 2 1 1768 2 0 68 100000
8 2 1 1769 2 1 69 100000
8 2 1 1770 2 2 70 100000
8 2 1 1771 2 3 71 100000
8 2 1 1772 2 4 72 100000
8 2 1 1773 2 5 73 100000
8 2 1 1774 2 6 74 100000
8 2 1 1775 2 7 75 100000
8 2 1 1776 2 0 76 100000
8 2 1 1777 2 1 77 100000
8 2 1 1778 2 2 78 100000
8 2 1 1779 2 3 79 100000
8 2 1 1780 2 4 80 100000
8 2 1 1781 2 5 81 100000
8 2 1 1782 2 6 82 100000
8 2 1 1783 2 7 83 100000
8 2 1 1784 2 0 84 100000
8 2 1 1785 2 1 85 100000
8 2 1 1786 2 2 86 100000
8 2 1 1787 2 3 87 100000
8 2 1 1788 2 4 88 100000
8 2 1 1789 2 5 89 100000
8 2 1 1790 2 6 90 100000
8 2 1 1791 2 7 91 100000
8 2 1 1792 2 0 92 100000
8 2 1 1793 2 1 93 100000
8 2 1 1794 2 2 94 100000
8 2 1 1795 2 3 95 100000
8 2 1 1796 2 4 96 100000
8 2 1 1797 2 5 97 100000
8 2 1 1798 2 6 98 100000
8 2 1 1799 2 7 99 100000
8 2 2 1200 1 0 0 99013
8 2 2 1201 1 1 1 96719
8 2 2 1202 1 2 2 100354
8 2 2 1203 1 3 3 102281
8 2 2 1204 1 4 4 112778
8 2 2 1205 1 5 5 97455
8 2 2 1206 1 6 6 119084
8 2 2 1207 1 7 7 93004
8 2 2 1208 1 0 8 101861
8 2 2 1209 1 1 9 100029
8 2 2 1210 1 2 10 101984
8 2 2 1211 1 3 11 107525
8 2 2 1212 1 4 12 106373
8 2 2 1213 1 5 13 101007
8 2 2 1214 1 6 14 101547
8 2 2 1215 1 7 15 82952
8 2 2 1216 1 0 16 99940
8 2 2 1217 1 1 17 100431
8 2 2 1218 1 2 18 95711
8 2 2 1219 1 3 19 98637
8 2 2 1220 1 4 20 99128
8 2 2 1221 1 5 21 99159
8 2 2 1222 1 6 22 99255
8 2 2 1223 1 7 23 95635
8 2 2 1224 1 0 24 99984
8 2 2 1225 1 1 25 101207
8 2 2 1226 1 2 26 102314
8 2 2 1227 1 3 27 95845
8 2 2 1228 1 4 28 113835
8 2 2 1229 1 5 29 90565
8 2 2 1230 1 6 30 103710
8 2 2 1231 1 7 31 107048
8 2 2 1232 1 0 32 100831
8 2 2 1233 1 1 33 99049
8 2 2 1234 1 2 34 94654
8 2 2 1235 1 3 35 105261
8 2 2 1236 1 4 36 92602
8 2 2 1237 1 5 37 95003
8 2 2 1238 1 6 38 100516
8 2 2 1239 1 7 39 110429
8 2 2 1240 1 0 40 101134
8 2 2 1241 1 1 41 102719
8 2 2 1242 1 2 42 106702
8 2 2 1243 1 3 43 107696
8 2 2 1244 1 4 44 102629
8 2 2 1245 1 5 45 111407
8 2 2 1246 1 6 46 103338
8 2 2 1247 1 7 47 107684
8 2 2 1248 1 0 48 100791
8 2 2 1249 1 1 49 98347
8 2 2 1250 1 2 50 99565
8 2 2 1251 1 3 51 101341
8 2 2 1252 1 4 52 99014
8 2 2 1253 1 5 53 91383
8 2 2 1254 1 6 54 122356
8 2 2 1255 1 7 55 103504
8 2 2 1256 1 0 56 102543
8 2 2 1257 1 1 57 99693
8 2 2 1258 1 2 58 106337
8 2 2 1259 1 3 59 109712
8 2 2 1260 1 4 60 95507
8 2 2 1261 1 5 61 102525
8 2 2 1262 1 6 62 97234
8 2 2 1263 1 7 63 104047
8 2 2 1264 1 0 64 101583
8 2 2 1265 1 1 65 100080
8 2 2 1266 1 2 66 96445
8 2 2 1267 1 3 67 108269
8 2 2 1268 1 4 68 108529
8 2 2 1269 1 5 69 104950
8 2 2 1270 1 6 70 101563
8 2 2 1271 1 7 71 100402
8 2 2 1272 1 0 72 99533
8 2 2 1273 1 1 73 102161
8 2 2 1274 1 2 74 98689
8 2 2 1275 1 3 75 108818
8 2 2 1276 1 4 76 102422
8 2 2 1277 1 5 77 105861
8 2 2 1278 1 6 78 90431
8 2 2 1279 1 7 79 108499
8 2 2 1280 1 0 80 99890
8 2 2 1281 1 1 81 97822
8 2 2 1282 1 2 82 96311
8 2 2 1283 1 3 83 103672
8 2 2 1284 1 4 84 107212
8 2 2 1285 1 5 85 97713
8 2 2 1286 1 6 86 96432
8 2 2 1287 1 7 87 108920
8 2 2 1288 1 0 88 99653
8 2 2 1289 1 1 89 103936
8 2 2 1290 1 2 90 99941
8 2 2 1291 1 3 91 103725
8 2 2 1292 1 4 92 100361
8 2 2 1293 1 5 93 107663
8 2 2 1294 1 6 94 100338
8 2 2 1295 1 7 95 114292
8 2 2 1296 1 0 96 99056
8 2 2 1297 1 1 97 101225
8 2 2 1298 1 2 98 101652
8 2 2 1299 1 3 99 107011
8 2 2 1300 1 4 0 97593
8 2 2 1301 1 5 1 89206
8 2 2 1302 1 6 2 105733
8 2 2 1303 1 7 3 104806
8 2 2 1304 1 0 4 102598
8 2 2 1305 1 1 5 99996
8 2 2 1306 1 2 6 105931
8 2 2 1307 1 3 7 97617
8 2 2 1308 1 4 8 110397
8 2 2 1309 1 5 9 96078
8 2 2 1310 1 6 10 102477
8 2 2 1311 1 7 11 110966
8 2 2 1312 1 0 12 100525
8 2 2 1313 1 1 13 99728
8 2 2 1314 1 2 14 102536
8 2 2 1315 1 3 15 94312
8 2 2 1316 1 4 16 98512
8 2 2 1317 1 5 17 104314
8 2 2 1318 1 6 18 91055
8 2 2 1319 1 7 19 104329
8 2 2 1320 1 0 20 99966
8 2 2 1321 1 1 21 101094
8 2 2 1322 1 2 22 97677
8 2 2 1323 1 3 23 98328
8 2 2 1324 1 4 24 97824
8 2 2 1325 1 5 25 106992
8 2 2 1326 1 6 26 105201
8 2 2 1327 1 7 27 84581
8 2 2 1328 1 0 28 102603
8 2 2 1329 1 1 29 97191
8 2 2 1330 1 2 30 106861
8 2 2 1331 1 3 31 104652
8 2 2 1332 1 4 32 101311
8 2 2 1333 1 5 33 94689
8 2 2 1334 1 6 34 88150
8 2 2 1335 1 7 35 104800
8 2 2 1336 1 0 36 97624
8 2 2 1337 1 1 37 98168
8 2 2 1338 1 2 38 98487
8 2 2 1339 1 3 39 108703
8 2 2 1340 1 4 40 105708
8 2 2 1341 1 5 41 115053
8 2 2 1342 1 6 42 113885
8 2 2 1343 1 7 43 112756
8 2 2 1344 1 0 44 100549
8 2 2 1345 1 1 45 103024
8 2 2 1346 1 2 46 100597
8 2 2 1347 1 3 47 105185
8 2 2 1348 1 4 48 106589
8 2 2 1349 1 5 49 97069
8 2 2 1350 1 6 50 102907
8 2 2 1351 1 7 51 107675
8 2 2 1352 1 0 52 99860
8 2 2 1353 1 1 53 98259
8 2 2 1354 1 2 54 106839
8 2 2 1355 1 3 55 100209
8 2 2 1356 1 4 56 113821
8 2 2 1357 1 5 57 101960
8 2 2 1358 1 6 58 122230
8 2 2 1359 1 7 59 116873
8 2 2 1360 1 0 60 99776
8 2 2 1361 1 1 61 99416
8 2 2 1362 1 2 62 101389
8 2 2 1363 1 3 63 101905
8 2 2 1364 1 4 64 107966
8 2 2 1365 1 5 65 107971
8 2 2 1366 1 6 66 84940
8 2 2 1367 1 7 67 106806
8 2 2 1368 1 0 68 101746
8 2 2 1369 1 1 69 101544
8 2 2 1370 1 2 70 102056
8 2 2 1371 1 3 71 99418
8 2 2 1372 1 4 72 95621
8 2 2 1373 1 5 73 112926
8 2 2 1374 1 6 74 97304
8 2 2 1375 1 7 75 109132
8 2 2 1376 1 0 76 100226
8 2 2 1377 1 1 77 100941
8 2 2 1378 1 2 78 100358
8 2 2 1379 1 3 79 105512
8 2 2 1380 1 4 80 97543
8 2 2 1381 1 5 81 93987
8 2 2 1382 1 6 82 96280
8 2 2 1383 1 7 83 111086
8 2 2 1384 1 0 84 101455
8 2 2 1385 1 1 85 96921
8 2 2 1386 1 2 86 98675
8 2 2 1387 1 3 87 106537
8 2 2 1388 1 4 88 99266
8 2 2 1389 1 5 89 109944
8 2 2 1390 1 6 90 102537
8 2 2 1391 1 7 91 111639
8 2 2 1392 1 0 92 100293
8 2 2 1393 1 1 93 103709
8 2 2 1394 1 2 94 99400
8 2 2 1395 1 3 95 106617
8 2 2 1396 1 4 96 97073
8 2 2 1397 1 5 97 111641
8 2 2 1398 1 6 98 103926
8 2 2 1399 1 7 99 115081
8 2 2 1400 1 0 0 99013
8 2 2 1401 1 1 1 96719
8 2 2 1402 1 2 2 100354
8 2 2 1403 1 3 3 102281
8 2 2 1404 1 4 4 112778
8 2 2 1405 1 5 5 97455
8 2 2 1406 1 6 6 119084
8 2 2 1407 1 7 7 93004
8 2 2 1408 1 0 8 101861
8 2 2 1409 1 1 9 100029
8 2 2 1410 1 2 10 101984
8 2 2 1411 1 3 11 107525
8 2 2 1412 1 4 12 106373
8 2 2 1413 1 5 13 101007
8 2 2 1414 1 6 14 101547
8 2 2 1415 1 7 15 82952
8 2 2 1416 1 0 16 99940
8 2 2 1417 1 1 17 100431
8 2 2 1418 1 2 18 95711
8 2 2 1419 1 3 19 98637
8 2 2 1420 1 4 20 99128
8 2 2 1421 1 5 21 99159
8 2 2 1422 1 6 22 99255
8 2 2 1423 1 7 23 95635
8 2 2 1424 1 0 24 99984
8 2 2 1425 1 1 25 101207
8 2 2 1426 1 2 26 102314
8 2 2 1427 1 3 27 95845
8 2 2 1428 1 4 28 113835
8 2 2 1429 1 5 29 90565
8 2 2 1430 1 6 30 103710
8 2 2 1431 1 7 31 107048
8 2 2 1432 1 0 32 100831
8 2 2 1433 1 1 33 99049
8 2 2 1434 1 2 34 94654
8 2 2 1435 1 3 35 105261
8 2 2 1436 1 4 36 92602
8 2 2 1437 1 5 37 95003
8 2 2 1438 1 6 38 100516
8 2 2 1439 1 7 39 110429
8 2 2 1440 1 0 40 101134
8 2 2 1441 1 1 41 102719
8 2 2 1442 1 2 42 106702
8 2 2 1443 1 3 43 107696
8 2 2 1444 1 4 44 102629
8 2 2 1445 1 5 45 111407
8 2 2 1446 1 6 46 103338
8 2 2 1447 1 7 47 107684
8 2 2 1448 1 0 48 100791
8 2 2 1449 1 1 49 98347
8 2 2 1450 1 2 50 99565
8 2 2 1451 1 3 51 101341
8 2 2 1452 1 4 52 99014
8 2 2 1453 1 5 53 91383
8 2 2 1454 1 6 54 122356
8 2 2 1455 1 7 55 103504
8 2 2 1456 1 0 56 102543
8 2 2 1457 1 1 57 99693
8 2 2 1458 1 2 58 106337
8 2 2 1459 1 3 59 109712
8 2 2 1460 1 4 60 95507
8 2 2 1461 1 5 61 102525
8 2 2 1462 1 6 62 97234
8 2 2 1463 1 7 63 104047
8 2 2 1464 1 0 64 101583
8 2 2 1465 1 1 65 100080
8 2 2 1466 1 2 66 96445
8 2 2 1467 1 3 67 108269
8 2 2 1468 1 4 68 108529
8 2 2 1469 1 5 69 104950
8 2 2 1470 1 6 70 101563
8 2 2 1471 1 7 71 100402
8 2 2 1472 1 0 72 99533
8 2 2 1473 1 1 73 102161
8 2 2 1474 1 2 74 98689
8 2 2 1475 1 3 75 108818
8 2 2 1476 1 4 76 102422
8 2 2 1477 1 5 77 105861
8 2 2 1478 1 6 78 90431
8 2 2 1479 1 7 79 108499
8 2 2 1480 1 0 80 99890
8 2 2 1481 1 1 81 97822
8 2 2 1482 1 2 82 96311
8 2 2 1483 1 3 83 103672
8 2 2 1484 1 4 84 107212
8 2 2 1485 1 5 85 97713
8 2 2 1486 1 6 86 96432
8 2 2 1487 1 7 87 108920
8 2 2 1488 1 0 88 99653
8 2 2 1489 1 1 89 103936
8 2 2 1490 1 2 90 99941
8 2 2 1491 1 3 91 103725
8 2 2 1492 1 4 92 100361
8 2 2 1493 1 5 93 107663
8 2 2 1494 1 6 94 100338
8 2 2 1495 1 7 95 114292
8 2 2 1496 1 0 96 99056
8 2 2 1497 1 1 97 101225
8 2 2 1498 1 2 98 101652
8 2 2 1499 1 3 99 107011
8 2 2 1500 1 4 0 97593
8 2 2 1501 1 5 1 89206
8 2 2 1502 1 6 2 105733
8 2 2 1503 1 7 3 104806
8 2 2 1504 1 0 4 102598
8 2 2 1505 1 1 5 99996
8 2 2 1506 1 2 6 105931
8 2 2 1507 1 3 7 97617
8 2 2 1508 1 4 8 110397
8 2 2 1509 1 5 9 96078
8 2 2 1510 1 6 10 102477
8 2 2 1511 1 7 11 110966
8 2 2 1512 1 0 12 100525
8 2 2 1513 1 1 13 99728
8 2 2 1514 1 2 14 102536
8 2 2 1515 1 3 15 94312
8 2 2 1516 1 4 16 98512
8 2 2 1517 1 5 17 104314
8 2 2 1518 1 6 18 91055
8 2 2 1519 1 7 19 104329
8 2 2 1520 1 0 20 99966
8 2 2 1521 1 1 21 101094
8 2 2 1522 1 2 22 97677
8 2 2 1523 1 3 23 98328
8 2 2 1524 1 4 24 97824
8 2 2 1525 1 5 25 106992
8 2 2 1526 1 6 26 105201
8 2 2 1527 1 7 27 84581
8 2 2 1528 1 0 28 102603
8 2 2 1529 1 1 29 97191
8 2 2 1530 1 2 30 106861
8 2 2 1531 1 3 31 104652
8 2 2 1532 1 4 32 101311
8 2 2 1533 1 5 33 94689
8 2 2 1534 1 6 34 88150
8 2 2 1535 1 7 35 104800
8 2 2 1536 1 0 36 97624
8 2 2 1537 1 1 37 98168
8 2 2 1538 1 2 38 98487
8 2 2 1539 1 3 39 108703
8 2 2 1540 1 4 40 105708
8 2 2 1541 1 5 41 115053
8 2 2 1542 1 6 42 113885
8 2 2 1543 1 7 43 112756
8 2 2 1544 1 0 44 100549
8 2 2 1545 1 1 45 103024
8 2 2 1546 1 2 46 100597
8 2 2 1547 1 3 47 105185
8 2 2 1548 1 4 48 106589
8 2 2 1549 1 5 49 97069
8 2 2 1550 1 6 50 102907
8 2 2 1551 1 7 51 107675
8 2 2 1552 1 0 52 99860
8 2 2 1553 1 1 53 98259
8 2 2 1554 1 2 54 106839
8 2 2 1555 1 3 55 100209
8 2 2 1556 1 4 56 113821
8 2 2 1557 1 5 57 101960
8 2 2 1558 1 6 58 122230
8 2 2 1559 1 7 59 116873
8 2 2 1560 1 0 60 99776
8 2 2 1561 1 1 61 99416
8 2 2 1562 1 2 62 101389
8 2 2 1563 1 3 63 101905
8 2 2 1564 1 4 64 107966
8 2 2 1565 1 5 65 107971
8 2 2 1566 1 6 66 84940
8 2 2 1567 1 7 67 106806
8 2 2 1568 1 0 68 101746
8 2 2 1569 1 1 69 101544
8 2 2 1570 1 2 70 102056
8 2 2 1571 1 3 71 99418
8 2 2 1572 1 4 72 95621
8 2 2 1573 1 5 73 112926
8 2 2 1574 1 6 74 97304
8 2 2 1575 1 7 75 109132
8 2 2 1576 1 0 76 100226
8 2 2 1577 1 1 77 100941
8 2 2 1578 1 2 78 100358
8 2 2 1579 1 3 79 105512
8 2 2 1580 1 4 80 97543
8 2 2 1581 1 5 81 93987
8 2 2 1582 1 6 82 96280
8 2 2 1583 1 7 83 111086
8 2 2 1584 1 0 84 101455
8 2 2 1585 1 1 85 96921
8 2 2 1586 1 2 86 98675
8 2 2 1587 1 3 87 106537
8 2 2 1588 1 4 88 99266
8 2 2 1589 1 5 89 109944
8 2 2 1590 1 6 90 102537
8 2 2 1591 1 7 91 111639
8 2 2 1592 1 0 92 100293
8 2 2 1593 1 1 93 103709
8 2 2 1594 1 2 94 99400
8 2 2 1595 1 3 95 106617
8 2 2 1596 1 4 96 97073
8 2 2 1597 1 5 97 111641
8 2 2 1598 1 6 98 103926
8 2 2 1599 1 7 99 115081
8 2 2 1600 2 0 0 100000
8 2 2 1601 2 1 1 100000
8 2 2 1602 2 2 2 100000
8 2 2 1603 2 3 3 100000
8 2 2 1604 2 4 4 100000
8 2 2 1605 2 5 5 100000
8 2 2 1606 2 6 6 100000
8 2 2 1607 2 7 7 100000
8 2 2 1608 2 0 8 100000
8 2 2 1609 2 1 9 100000
8 2 2 1610 2 2 10 100000
8 2 2 1611 2 3 11 100000
8 2 2 1612 2 4 12 100000
8 2 2 1613 2 5 13 100000
8 2 2 1614 2 6 14 100000
8 2 2 1615 2 7 15 100000
8 2 2 1616 2 0 16 100000
8 2 2 1617 2 1 17 100000
8 2 2 1618 2 2 18 100000
8 2 2 1619 2 3 19 100000
8 2 2 1620 2 4 20 100000
8 2 2 1621 2 5 21 100000
8 2 2 1622 2 6 22 100000
8 2 2 1623 2 7 23 100000
8 2 2 1624 2 0 24 100000
8 2 2 1625 2 1 25 100000
8 2 2 1626 2 2 26 100000
8 2 2 1627 2 3 27 100000
8 2 2 1628 2 4 28 100000
8 2 2 1629 2 5 29 100000
8 2 2 1630 2 6 30 100000
8 2 2 1631 2 7 31 100000
8 2 2 1632 2 0 32 100000
8 2 2 1633 2 1 33 100000
8 2 2 1634 2 2 34 100000
8 2 2 1635 2 3 35 100000
8 2 2 1636 2 4 36 100000
8 2 2 1637 2 5 37 100000
8 2 2 1638 2 6 38 100000
8 2 2 1639 2 7 39 100000
8 2 2 1640 2 0 40 100000
8 2 2 1641 2 1 41 100000
8 2 2 1642 2 2 42 100000
8 2 2 1643 2 3 43 100000
8 2 2 1644 2 4 44 100000
8 2 2 1645 2 5 45 100000
8 2 2 1646 2 6 46 100000
8 2 2 1647 2 7 47 100000
8 2 2 1648 2 0 48 100000
8 2 2 1649 2 1 49 100000
8 2 2 1650 2 2 50 100000
8 2 2 1651 2 3 51 100000
8 2 2 1652 2 4 52 100000
8 2 2 1653 2 5 53 100000
8 2 2 1654 2 6 54 100000
8 2 2 1655 2 7 55 100000
8 2 2 1656 2 0 56 100000
8 2 2 1657 2 1 57 100000
8 2 2 1658 2 2 58 100000
8 2 2 1659 2 3 59 100000
8 2 2 1660 2 4 60 100000
8 2 2 1661 2 5 61 100000
8 2 2 1662 2 6 62 100000
8 2 2 1663 2 7 63 100000
8 2 2 1664 2 0 64 100000
8 2 2 1665 2 1 65 100000
8 2 2 1666 2 2 66 100000
8 2 2 1667 2 3 67 100000
8 2 2 1668 2 4 68 100000
8 2 2 1669 2 5 69 100000
8 2 2 1670 2 6 70 100000
8 2 2 1671 2 7 71 100000
8 2 2 1672 2 0 72 100000
8 2 2 1673 2 1 73 100000
8 2 2 1674 2 2 74 100000
8 2 2 1675 2 3 75 100000
8 2 2 1676 2 4 76 100000
8 2 2 1677 2 5 77 100000
8 2 2 1678 2 6 78 100000
8 2 2 1679 2 7 79 100000
8 2 2 1680 2 0 80 100000
8 2 2 1681 2 1 81 100000
8 2 2 1682 2 2 82 100000
8 2 2 1683 2 3 83 100000
8 2 2 1684 2 4 84 100000
8 2 2 1685 2 5 85 100000
8 2 2 1686 2 6 86 100000
8 2 2 1687 2 7 87 100000
8 2 2 1688 2 0 88 100000
8 2 2 1689 2 1 89 100000
8 2 2 1690 2 2 90 100000
8 2 2 1691 2 3 91 100000
8 2 2 1692 2 4 92 100000
8 2 2 1693 2 5 93 100000
8 2 2 1694 2 6 94 100000
8 2 2 1695 2 7 95 100000
8 2 2 1696 2 0 96 100000
8 2 2 1697 2 1 97 100000
8 2 2 1698 2 2 98 100000
8 2 2 1699 2 3 99 100000
8 2 2 1700 2 4 0 100000
8 2 2 1701 2 5 1 100000
8 2 2 1702 2 6 2 100000
8 2 2 1703 2 7 3 100000
8 2 2 1704 2 0 4 100000
8 2 2 1705 2 1 5 100000
8 2 2 1706 2 2 6 100000
8 2 2 1707 2 3 7 100000
8 2 2 1708 2 4 8 100000
8 2 2 1709 2 5 9 100000
8 2 2 1710 2 6 10 100000
8 2 2 1711 2 7 11 100000
8 2 2 1712 2 0 12 100000
8 2 2 1713 2 1 13 100000
8 2 2 1714 2 2 14 100000
8 2 2 1715 2 3 15 100000
8 2 2 1716 2 4 16 100000
8 2 2 1717 2 5 17 100000
8 2 2 1718 2 6 18 100000
8 2 2 1719 2 7 19 100000
8 2 2 1720 2 0 20 100000
8 2 2 1721 2 1 21 100000
8 2 2 1722 2 2 22 100000
8 2 2 1723 2 3 23 100000
8 2 2 1724 2 4 24 100000
8 2 2 1725 2 5 25 100000
8 2 2 1726 2 6 26 100000
8 2 2 1727 2 7 27 100000
8 2 2 1728 2 0 28 100000
8 2 2 1729 2 1 29 100000
8 2 2 1730 2 2 30 100000
8 2 2 1731 2 3 31 100000
8 2 2 1732 2 4 32 100000
8 2 2 1733 2 5 33 100000
8 2 2 1734 2 6 34 100000
8 2 2 1735 2 7 35 100000
8 2 2 1736 2 0 36 100000
8 2 2 1737 2 1 37 100000
8 2 2 1738 2 2 38 100000
8 2 2 1739 2 3 39 100000
8 2 2 1740 2 4 40 100000
8 2 2 1741 2 5 41 100000
8 2 2 1742 2 6 42 100000
8 2 2 1743 2 7 43 100000
8 2 2 1744 2 0 44 100000
8 2 2 1745 2 1 45 100000
8 2 2 1746 2 2 46 100000
8 2 2 1747 2 3 47 100000
8 2 2 1748 2 4 48 100000
8 2 2 1749 2 5 49 100000
8 2 2 1750 2 6 50 100000
8 2 2 1751 2 7 51 100000
8 2 2 1752 2 0 52 100000
8 2 2 1753 2 1 53 100000
8 2 2 1754 2 2 54 100000
8 2 2 1755 2 3 55 100000
8 2 2 1756 2 4 56 100000
8 2 2 1757 2 5 57 100000
8 2 2 1758 2 6 58 100000
8 2 2 1759 2 7 59 100000
8 2 2 1760 2 0 60 100000
8 2 2 1761 2 1 61 100000
8 2 2 1762 2 2 62 100000
8 2 2 1763 2 3 63 100000
8 2 2 1764 2 4 64 100000
8 2 2 1765 2 5 65 100000
8 2 2 1766 2 6 66 100000
8 2 2 1767 2 7 67 100000
8 2 2 1768 2 0 68 100000
8 2 2 1769 2 1 69 100000
8 2 2 1770 2 2 70 100000
8 2 2 1771 2 3 71 100000
8 2 2 1772 2 4 72 100000
8 2 2 1773 2 5 73 100000
8 2 2 1774 2 6 74 100000
8 2 2 1775 2 7 75 100000
8 2 2 1776 2 0 76 100000
8 2 2 1777 2 1 77 100000
8 2 2 1778 2 2 78 100000
8 2 2 1779 2 3 79 100000
8 2 2 1780 2 4 80 100000
8 2 2 1781 2 5 81 100000
8 2 2 1782 2 6 82 100000
8 2 2 1783 2 7 83 100000
8 2 2 1784 2 0 84 100000
8 2 2 1785 2 1 85 100000
8 2 2 1786 2 2 86 100000
8 2 2 1787 2 3 87 100000
8 2 2 1788 2 4 88 100000
8 2 2 1789 2 5 89 100000
8 2 2 1790 2 6 90 100000
8 2 2 1791 2 7 91 100000
8 2 2 1792 2 0 92 100000
8 2 2 1793 2 1 93 100000
8 2 2 1794 2 2 94 100000
8 2 2 1795 2 3 95 100000
8 2 2 1796 2 4 96 100000
8 2 2 1797 2 5 97 100000
8 2 2 1798 2 6 98 100000
8 2 2 1799 2 7 99 100000
8 2 3 1200 1 0 0 99775
8 2 3 1201 1 1 1 98560
8 2 3 1202 1 2 2 99206
8 2 3 1203 1 3 3 103398
8 2 3 1204 1 4 4 111295
8 2 3 1205 1 5 5 104115
8 2 3 1206 1 6 6 131421
8 2 3 1207 1 7 7 103370
8 2 3 1208 1 0 8 101600
8 2 3 1209 1 1 9 98253
8 2 3 1210 1 2 10 101472
8 2 3 1211 1 3 11 110597
8 2 3 1212 1 4 12 110683
8 2 3 1213 1 5 13 99922
8 2 3 1214 1 6 14 103052
8 2 3 1215 1 7 15 86056
8 2 3 1216 1 0 16 100539
8 2 3 1217 1 1 17 99411
8 2 3 1218 1 2 18 98592
8 2 3 1219 1 3 19 97203
8 2 3 1220 1 4 20 97934
8 2 3 1221 1 5 21 93961
8 2 3 1222 1 6 22 94866
8 2 3 1223 1 7 23 93622
8 2 3 1224 1 0 24 98999
8 2 3 1225 1 1 25 103013
8 2 3 1226 1 2 26 105741
8 2 3 1227 1 3 27 100253
8 2 3 1228 1 4 28 119263
8 2 3 1229 1 5 29 85431
8 2 3 1230 1 6 30 106877
8 2 3 1231 1 7 31 105651
8 2 3 1232 1 0 32 101902
8 2 3 1233 1 1 33 98800
8 2 3 1234 1 2 34 92634
8 2 3 1235 1 3 35 102392
8 2 3 1236 1 4 36 92569
8 2 3 1237 1 5 37 94974
8 2 3 1238 1 6 38 110616
8 2 3 1239 1 7 39 124429
8 2 3 1240 1 0 40 101788
8 2 3 1241 1 1 41 102139
8 2 3 1242 1 2 42 110178
8 2 3 1243 1 3 43 109144
8 2 3 1244 1 4 44 109456
8 2 3 1245 1 5 45 108674
8 2 3 1246 1 6 46 108606
8 2 3 1247 1 7 47 106418
8 2 3 1248 1 0 48 100327
8 2 3 1249 1 1 49 99336
8 2 3 1250 1 2 50 102890
8 2 3 1251 1 3 51 99752
8 2 3 1252 1 4 52 97827
8 2 3 1253 1 5 53 83806
8 2 3 1254 1 6 54 116517
8 2 3 1255 1 7 55 107360
8 2 3 1256 1 0 56 102113
8 2 3 1257 1 1 57 101151
8 2 3 1258 1 2 58 105594
8 2 3 1259 1 3 59 113016
8 2 3 1260 1 4 60 101936
8 2 3 1261 1 5 61 100888
8 2 3 1262 1 6 62 99749
8 2 3 1263 1 7 63 117422
8 2 3 1264 1 0 64 100718
8 2 3 1265 1 1 65 99542
8 2 3 1266 1 2 66 96620
8 2 3 1267 1 3 67 107142
8 2 3 1268 1 4 68 115767
8 2 3 1269 1 5 69 104286
8 2 3 1270 1 6 70 96896
8 2 3 1271 1 7 71 93006
8 2 3 1272 1 0 72 98777
8 2 3 1273 1 1 73 102993
8 2 3 1274 1 2 74 96295
8 2 3 1275 1 3 75 109805
8 2 3 1276 1 4 76 106356
8 2 3 1277 1 5 77 99517
8 2 3 1278 1 6 78 96088
8 2 3 1279 1 7 79 103873
8 2 3 1280 1 0 80 100050
8 2 3 1281 1 1 81 99826
8 2 3 1282 1 2 82 99569
8 2 3 1283 1 3 83 103260
8 2 3 1284 1 4 84 100680
8 2 3 1285 1 5 85 107723
8 2 3 1286 1 6 86 95439
8 2 3 1287 1 7 87 114175
8 2 3 1288 1 0 88 99287
8 2 3 1289 1 1 89 104486
8 2 3 1290 1 2 90 97667
8 2 3 1291 1 3 91 104001
8 2 3 1292 1 4 92 100401
8 2 3 1293 1 5 93 103297
8 2 3 1294 1 6 94 107034
8 2 3 1295 1 7 95 125454
8 2 3 1296 1 0 96 98710
8 2 3 1297 1 1 97 102608
8 2 3 1298 1 2 98 100964
8 2 3 1299 1 3 99 108333
8 2 3 1300 1 4 0 101690
8 2 3 1301 1 5 1 98047
8 2 3 1302 1 6 2 103640
8 2 3 1303 1 7 3 106887
8 2 3 1304 1 0 4 102521
8 2 3 1305 1 1 5 101361
8 2 3 1306 1 2 6 109519
8 2 3 1307 1 3 7 101114
8 2 3 1308 1 4 8 108630
8 2 3 1309 1 5 9 88872
8 2 3 1310 1 6 10 101387
8 2 3 1311 1 7 11 123773
8 2 3 1312 1 0 12 101269
8 2 3 1313 1 1 13 99335
8 2 3 1314 1 2 14 102336
8 2 3 1315 1 3 15 96000
8 2 3 1316 1 4 16 102058
8 2 3 1317 1 5 17 102031
8 2 3 1318 1 6 18 90547
8 2 3 1319 1 7 19 104702
8 2 3 1320 1 0 20 99422
8 2 3 1321 1 1 21 100087
8 2 3 1322 1 2 22 94821
8 2 3 1323 1 3 23 98593
8 2 3 1324 1 4 24 92668
8 2 3 1325 1 5 25 116828
8 2 3 1326 1 6 26 114960
8 2 3 1327 1 7 27 93753
8 2 3 1328 1 0 28 103754
8 2 3 1329 1 1 29 96175
8 2 3 1330 1 2 30 110381
8 2 3 1331 1 3 31 101982
8 2 3 1332 1 4 32 106666
8 2 3 1333 1 5 33 94249
8 2 3 1334 1 6 34 83431
8 2 3 1335 1 7 35 96152
8 2 3 1336 1 0 36 97591
8 2 3 1337 1 1 37 98196
8 2 3 1338 1 2 38 101627
8 2 3 1339 1 3 39 113319
8 2 3 1340 1 4 40 107496
8 2 3 1341 1 5 41 116134
8 2 3 1342 1 6 42 126521
8 2 3 1343 1 7 43 123035
8 2 3 1344 1 0 44 101833
8 2 3 1345 1 1 45 102698
8 2 3 1346 1 2 46 102925
8 2 3 1347 1 3 47 106276
8 2 3 1348 1 4 48 104906
8 2 3 1349 1 5 49 99340
8 2 3 1350 1 6 50 106267
8 2 3 1351 1 7 51 100864
8 2 3 1352 1 0 52 99201
8 2 3 1353 1 1 53 96653
8 2 3 1354 1 2 54 103849
8 2 3 1355 1 3 55 102246
8 2 3 1356 1 4 56 113444
8 2 3 1357 1 5 57 109276
8 2 3 1358 1 6 58 125701
8 2 3 1359 1 7 59 119741
8 2 3 1360 1 0 60 101128
8 2 3 1361 1 1 61 99326
8 2 3 1362 1 2 62 103603
8 2 3 1363 1 3 63 106752
8 2 3 1364 1 4 64 103268
8 2 3 1365 1 5 65 104755
8 2 3 1366 1 6 66 80363
8 2 3 1367 1 7 67 100061
8 2 3 1368 1 0 68 102947
8 2 3 1369 1 1 69 101997
8 2 3 1370 1 2 70 101116
8 2 3 1371 1 3 71 97135
8 2 3 1372 1 4 72 91973
8 2 3 1373 1 5 73 116221
8 2 3 1374 1 6 74 90152
8 2 3 1375 1 7 75 109814
8 2 3 1376 1 0 76 100918
8 2 3 1377 1 1 77 99911
8 2 3 1378 1 2 78 103538
8 2 3 1379 1 3 79 102648
8 2 3 1380 1 4 80 98425
8 2 3 1381 1 5 81 103615
8 2 3 1382 1 6 82 105233
8 2 3 1383 1 7 83 119918
8 2 3 1384 1 0 84 100213
8 2 3 1385 1 1 85 98906
8 2 3 1386 1 2 86 98381
8 2 3 1387 1 3 87 111540
8 2 3 1388 1 4 88 97406
8 2 3 1389 1 5 89 113002
8 2 3 1390 1 6 90 95075
8 2 3 1391 1 7 91 106622
8 2 3 1392 1 0 92 100828
8 2 3 1393 1 1 93 103030
8 2 3 1394 1 2 94 102780
8 2 3 1395 1 3 95 111669
8 2 3 1396 1 4 96 95713
8 2 3 1397 1 5 97 117608
8 2 3 1398 1 6 98 99301
8 2 3 1399 1 7 99 112435
8 2 3 1400 1 0 0 99775
8 2 3 1401 1 1 1 98560
8 2 3 1402 1 2 2 99206
8 2 3 1403 1 3 3 103398
8 2 3 1404 1 4 4 111295
8 2 3 1405 1 5 5 104115
8 2 3 1406 1 6 6 131421
8 2 3 1407 1 7 7 103370
8 2 3 1408 1 0 8 101600
8 2 3 1409 1 1 9 98253
8 2 3 1410 1 2 10 101472
8 2 3 1411 1 3 11 110597
8 2 3 1412 1 4 12 110683
8 2 3 1413 1 5 13 99922
8 2 3 1414 1 6 14 103052
8 2 3 1415 1 7 15 86056
8 2 3 1416 1 0 16 100539
8 2 3 1417 1 1 17 99411
8 2 3 1418 1 2 18 98592
8 2 3 1419 1 3 19 97203
8 2 3 1420 1 4 20 97934
8 2 3 1421 1 5 21 93961
8 2 3 1422 1 6 22 94866
8 2 3 1423 1 7 23 93622
8 2 3 1424 1 0 24 98999
8 2 3 1425 1 1 25 103013
8 2 3 1426 1 2 26 105741
8 2 3 1427 1 3 27 100253
8 2 3 1428 1 4 28 119263
8 2 3 1429 1 5 29 85431
8 2 3 1430 1 6 30 106877
8 2 3 1431 1 7 31 105651
8 2 3 1432 1 0 32 101902
8 2 3 1433 1 1 33 98800
8 2 3 1434 1 2 34 92634
8 2 3 1435 1 3 35 102392
8 2 3 1436 1 4 36 92569
8 2 3 1437 1 5 37 94974
8 2 3 1438 1 6 38 110616
8 2 3 1439 1 7 39 124429
8 2 3 1440 1 0 40 101788
8 2 3 1441 1 1 41 102139
8 2 3 1442 1 2 42 110178
8 2 3 1443 1 3 43 109144
8 2 3 1444 1 4 44 109456
8 2 3 1445 1 5 45 108674
8 2 3 1446 1 6 46 108606
8 2 3 1447 1 7 47 106418
8 2 3 1448 1 0 48 100327
8 2 3 1449 1 1 49 99336
8 2 3 1450 1 2 50 102890
8 2 3 1451 1 3 51 99752
8 2 3 1452 1 4 52 97827
8 2 3 1453 1 5 53 83806
8 2 3 1454 1 6 54 116517
8 2 3 1455 1 7 55 107360
8 2 3 1456 1 0 56 102113
8 2 3 1457 1 1 57 101151
8 2 3 1458 1 2 58 105594
8 2 3 1459 1 3 59 113016
8 2 3 1460 1 4 60 101936
8 2 3 1461 1 5 61 100888
8 2 3 1462 1 6 62 99749
8 2 3 1463 1 7 63 117422
8 2 3 1464 1 0 64 100718
8 2 3 1465 1 1 65 99542
8 2 3 1466 1 2 66 96620
8 2 3 1467 1 3 67 107142
8 2 3 1468 1 4 68 115767
8 2 3 1469 1 5 69 104286
8 2 3 1470 1 6 70 96896
8 2 3 1471 1 7 71 93006
8 2 3 1472 1 0 72 98777
8 2 3 1473 1 1 73 102993
8 2 3 1474 1 2 74 96295
8 2 3 1475 1 3 75 109805
8 2 3 1476 1 4 76 106356
8 2 3 1477 1 5 77 99517
8 2 3 1478 1 6 78 96088
8 2 3 1479 1 7 79 103873
8 2 3 1480 1 0 80 100050
8 2 3 1481 1 1 81 99826
8 2 3 1482 1 2 82 99569
8 2 3 1483 1 3 83 103260
8 2 3 1484 1 4 84 100680
8 2 3 1485 1 5 85 107723
8 2 3 1486 1 6 86 95439
8 2 3 1487 1 7 87 114175
8 2 3 1488 1 0 88 99287
8 2 3 1489 1 1 89 104486
8 2 3 1490 1 2 90 97667
8 2 3 1491 1 3 91 104001
8 2 3 1492 1 4 92 100401
8 2 3 1493 1 5 93 103297
8 2 3 1494 1 6 94 107034
8 2 3 1495 1 7 95 125454
8 2 3 1496 1 0 96 98710
8 2 3 1497 1 1 97 102608
8 2 3 1498 1 2 98 100964
8 2 3 1499 1 3 99 108333
8 2 3 1500 1 4 0 101690
8 2 3 1501 1 5 1 98047
8 2 3 1502 1 6 2 103640
8 2 3 1503 1 7 3 106887
8 2 3 1504 1 0 4 102521
8 2 3 1505 1 1 5 101361
8 2 3 1506 1 2 6 109519
8 2 3 1507 1 3 7 101114
8 2 3 1508 1 4 8 108630
8 2 3 1509 1 5 9 88872
8 2 3 1510 1 6 10 101387
8 2 3 1511 1 7 11 123773
8 2 3 1512 1 0 12 101269
8 2 3 1513 1 1 13 99335
8 2 3 1514 1 2 14 102336
8 2 3 1515 1 3 15 96000
8 2 3 1516 1 4 16 102058
8 2 3 1517 1 5 17 102031
8 2 3 1518 1 6 18 90547
8 2 3 1519 1 7 19 104702
8 2 3 1520 1 0 20 99422
8 2 3 1521 1 1 21 100087
8 2 3 1522 1 2 22 94821
8 2 3 1523 1 3 23 98593
8 2 3 1524 1 4 24 92668
8 2 3 1525 1 5 25 116828
8 2 3 1526 1 6 26 114960
8 2 3 1527 1 7 27 93753
8 2 3 1528 1 0 28 103754
8 2 3 1529 1 1 29 96175
8 2 3 1530 1 2 30 110381
8 2 3 1531 1 3 31 101982
8 2 3 1532 1 4 32 106666
8 2 3 1533 1 5 33 94249
8 2 3 1534 1 6 34 83431
8 2 3 1535 1 7 35 96152
8 2 3 1536 1 0 36 97591
8 2 3 1537 1 1 37 98196
8 2 3 1538 1 2 38 101627
8 2 3 1539 1 3 39 113319
8 2 3 1540 1 4 40 107496
8 2 3 1541 1 5 41 116134
8 2 3 1542 1 6 42 126521
8 2 3 1543 1 7 43 123035
8 2 3 1544 1 0 44 101833
8 2 3 1545 1 1 45 102698
8 2 3 1546 1 2 46 102925
8 2 3 1547 1 3 47 106276
8 2 3 1548 1 4 48 104906
8 2 3 1549 1 5 49 99340
8 2 3 1550 1 6 50 106267
8 2 3 1551 1 7 51 100864
8 2 3 1552 1 0 52 99201
8 2 3 1553 1 1 53 96653
8 2 3 1554 1 2 54 103849
8 2 3 1555 1 3 55 102246
8 2 3 1556 1 4 56 113444
8 2 3 1557 1 5 57 109276
8 2 3 1558 1 6 58 125701
8 2 3 1559 1 7 59 119741
8 2 3 1560 1 0 60 101128
8 2 3 1561 1 1 61 99326
8 2 3 1562 1 2 62 103603
8 2 3 1563 1 3 63 106752
8 2 3 1564 1 4 64 103268
8 2 3 1565 1 5 65 104755
8 2 3 1566 1 6 66 80363
8 2 3 1567 1 7 67 100061
8 2 3 1568 1 0 68 102947
8 2 3 1569 1 1 69 101997
8 2 3 1570 1 2 70 101116
8 2 3 1571 1 3 71 97135
8 2 3 1572 1 4 72 91973
8 2 3 1573 1 5 73 116221
8 2 3 1574 1 6 74 90152
8 2 3 1575 1 7 75 109814
8 2 3 1576 1 0 76 100918
8 2 3 1577 1 1 77 99911
8 2 3 1578 1 2 78 103538
8 2 3 1579 1 3 79 102648
8 2 3 1580 1 4 80 98425
8 2 3 1581 1 5 81 103615
8 2 3 1582 1 6 82 105233
8 2 3 1583 1 7 83 119918
8 2 3 1584 1 0 84 100213
8 2 3 1585 1 1 85 98906
8 2 3 1586 1 2 86 98381
8 2 3 1587 1 3 87 111540
8 2 3 1588 1 4 88 97406
8 2 3 1589 1 5 89 113002
8 2 3 1590 1 6 90 95075
8 2 3 1591 1 7 91 106622
8 2 3 1592 1 0 92 100828
8 2 3 1593 1 1 93 103030
8 2 3 1594 1 2 94 102780
8 2 3 1595 1 3 95 111669
8 2 3 1596 1 4 96 95713
8 2 3 1597 1 5 97 117608
8 2 3 1598 1 6 98 99301
8 2 3 1599 1 7 99 112435
8 2 3 1600 2 0 0 100000
8 2 3 1601 2 1 1 100000
8 2 3 1602 2 2 2 100000
8 2 3 1603 2 3 3 100000
8 2 3 1604 2 4 4 100000
8 2 3 1605 2 5 5 100000
8 2 3 1606 2 6 6 100000
8 2 3 1607 2 7 7 100000
8 2 3 1608 2 0 8 100000
8 2 3 1609 2 1 9 100000
8 2 3 1610 2 2 10 100000
8 2 3 1611 2 3 11 100000
8 2 3 1612 2 4 12 100000
8 2 3 1613 2 5 13 100000
8 2 3 1614 2 6 14 100000
8 2 3 1615 2 7 15 100000
8 2 3 1616 2 0 16 100000
8 2 3 1617 2 1 17 100000
8 2 3 1618 2 2 18 100000
8 2 3 1619 2 3 19 100000
8 2 3 1620 2 4 20 100000
8 2 3 1621 2 5 21 100000
8 2 3 1622 2 6 22 100000
8 2 3 1623 2 7 23 100000
8 2 3 1624 2 0 24 100000
8 2 3 1625 2 1 25 100000
8 2 3 1626 2 2 26 100000
8 2 3 1627 2 3 27 100000
8 2 3 1628 2 4 28 100000
8 2 3 1629 2 5 29 100000
8 2 3 1630 2 6 30 100000
8 2 3 1631 2 7 31 100000
8 2 3 1632 2 0 32 100000
8 2 3 1633 2 1 33 100000
8 2 3 1634 2 2 34 100000
8 2 3 1635 2 3 35 100000
8 2 3 1636 2 4 36 100000
8 2 3 1637 2 5 37 100000
8 2 3 1638 2 6 38 100000
8 2 3 1639 2 7 39 100000
8 2 3 1640 2 0 40 100000
8 2 3 1641 2 1 41 100000
8 2 3 1642 2 2 42 100000
8 2 3 1643 2 3 43 100000
8 2 3 1644 2 4 44 100000
8 2 3 1645 2 5 45 100000
8 2 3 1646 2 6 46 100000
8 2 3 1647 2 7 47 100000
8 2 3 1648 2 0 48 100000
8 2 3 1649 2 1 49 100000
8 2 3 1650 2 2 50 100000
8 2 3 1651 2 3 51 100000
8 2 3 1652 2 4 52 100000
8 2 3 1653 2 5 53 100000
8 2 3 1654 2 6 54 100000
8 2 3 1655 2 7 55 100000
8 2 3 1656 2 0 56 100000
8 2 3 1657 2 1 57 100000
8 2 3 1658 2 2 58 100000
8 2 3 1659 2 3 59 100000
8 2 3 1660 2 4 60 100000
8 2 3 1661 2 5 61 100000
8 2 3 1662 2 6 62 100000
8 2 3 1663 2 7 63 100000
8 2 3 1664 2 0 64 100000
8 2 3 1665 2 1 65 100000
8 2 3 1666 2 2 66 100000
8 2 3 1667 2 3 67 100000
8 2 3 1668 2 4 68 100000
8 2 3 1669 2 5 69 100000
8 2 3 1670 2 6 70 100000
8 2 3 1671 2 7 71 100000
8 2 3 1672 2 0 72 100000
8 2 3 1673 2 1 73 100000
8 2 3 1674 2 2 74 100000
8 2 3 1675 2 3 75 100000
8 2 3 1676 2 4 76 100000
8 2 3 1677 2 5 77 100000
8 2 3 1678 2 6 78 100000
8 2 3 1679 2 7 79 100000
8 2 3 1680 2 0 80 100000
8 2 3 1681 2 1 81 100000
8 2 3 1682 2 2 82 100000
8 2 3 1683 2 3 83 100000
8 2 3 1684 2 4 84 100000
8 2 3 1685 2 5 85 100000
8 2 3 1686 2 6 86 100000
8 2 3 1687 2 7 87 100000
8 2 3 1688 2 0 88 100000
8 2 3 1689 2 1 89 100000
8 2 3 1690 2 2 90 100000
8 2 3 1691 2 3 91 100000
8 2 3 1692 2 4 92 100000
8 2 3 1693 2 5 93 100000
8 2 3 1694 2 6 94 100000
8 2 3 1695 2 7 95 100000
8 2 3 1696 2 0 96 100000
8 2 3 1697 2 1 97 100000
8 2 3 1698 2 2 98 100000
8 2 3 1699 2 3 99 100000
8 2 3 1700 2 4 0 100000
8 2 3 1701 2 5 1 100000
8 2 3 1702 2 6 2 100000
8 2 3 1703 2 7 3 100000
8 2 3 1704 2 0 4 100000
8 2 3 1705 2 1 5 100000
8 2 3 1706 2 2 6 100000
8 2 3 1707 2 3 7 100000
8 2 3 1708 2 4 8 100000
8 2 3 1709 2 5 9 100000
8 2 3 1710 2 6 10 100000
8 2 3 1711 2 7 11 100000
8 2 3 1712 2 0 12 100000
8 2 3 1713 2 1 13 100000
8 2 3 1714 2 2 14 100000
8 2 3 1715 2 3 15 100000
8 2 3 1716 2 4 16 100000
8 2 3 1717 2 5 17 100000
8 2 3 1718 2 6 18 100000
8 2 3 1719 2 7 19 100000
8 2 3 1720 2 0 20 100000
8 2 3 1721 2 1 21 100000
8 2 3 1722 2 2 22 100000
8 2 3 1723 2 3 23 100000
8 2 3 1724 2 4 24 100000
8 2 3 1725 2 5 25 100000
8 2 3 1726 2 6 26 100000
8 2 3 1727 2 7 27 100000
8 2 3 1728 2 0 28 100000
8 2 3 1729 2 1 29 100000
8 2 3 1730 2 2 30 100000
8 2 3 1731 2 3 31 100000
8 2 3 1732 2 4 32 100000
8 2 3 1733 2 5 33 100000
8 2 3 1734 2 6 34 100000
8 2 3 1735 2 7 35 100000
8 2 3 1736 2 0 36 100000
8 2 3 1737 2 1 37 100000
8 2 3 1738 2 2 38 100000
8 2 3 1739 2 3 39 100000
8 2 3 1740 2 4 40 100000
8 2 3 1741 2 5 41 100000
8 2 3 1742 2 6 42 100000
8 2 3 1743 2 7 43 100000
8 2 3 1744 2 0 44 100000
8 2 3 1745 2 1 45 100000
8 2 3 1746 2 2 46 100000
8 2 3 1747 2 3 47 100000
8 2 3 1748 2 4 48 100000
8 2 3 1749 2 5 49 100000
8 2 3 1750 2 6 50 100000
8 2 3 1751 2 7 51 100000
8 2 3 1752 2 0 52 100000
8 2 3 1753 2 1 53 100000
8 2 3 1754 2 2 54 100000
8 2 3 1755 2 3 55 100000
8 2 3 1756 2 4 56 100000
8 2 3 1757 2 5 57 100000
8 2 3 1758 2 6 58 100000
8 2 3 1759 2 7 59 100000
8 2 3 1760 2 0 60 100000
8 2 3 1761 2 1 61 100000
8 2 3 1762 2 2 62 100000
8 2 3 1763 2 3 63 100000
8 2 3 1764 2 4 64 100000
8 2 3 1765 2 5 65 100000
8 2 3 1766 2 6 66 100000
8 2 3 1767 2 7 67 100000
8 2 3 1768 2 0 68 100000
8 2 3 1769 2 1 69 100000
8 2 3 1770 2 2 70 100000
8 2 3 1771 2 3 71 100000
8 2 3 1772 2 4 72 100000
8 2 3 1773 2 5 73 100000
8 2 3 1774 2 6 74 100000
8 2 3 1775 2 7 75 100000
8 2 3 1776 2 0 76 100000
8 2 3 1777 2 1 77 100000
8 2 3 1778 2 2 78 100000
8 2 3 1779 2 3 79 100000
8 2 3 1780 2 4 80 100000
8 2 3 1781 2 5 81 100000
8 2 3 1782 2 6 82 100000
8 2 3 1783 2 7 83 100000
8 2 3 1784 2 0 84 100000
8 2 3 1785 2 1 85 100000
8 2 3 1786 2 2 86 100000
8 2 3 1787 2 3 87 100000
8 2 3 1788 2 4 88 100000
8 2 3 1789 2 5 89 100000
8 2 3 1790 2 6 90 100000
8 2 3 1791 2 7 91 100000
8 2 3 1792 2 0 92 100000
8 2 3 1793 2 1 93 100000
8 2 3 1794 2 2 94 100000
8 2 3 1795 2 3 95 100000
8 2 3 1796 2 4 96 100000
8 2 3 1797 2 5 97 100000
8 2 3 1798 2 6 98 100000
8 2 3 1799 2 7 99 100000
8 2 4 1200 1 0 0 100812
8 2 4 1201 1 1 1 98272
8 2 4 1202 1 2 2 99883
8 2 4 1203 1 3 3 106852
8 2 4 1204 1 4 4 107498
8 2 4 1205 1 5 5 95490
8 2 4 1206 1 6 6 141801
8 2 4 1207 1 7 7 116301
8 2 4 1208 1 0 8 101860
8 2 4 1209 1 1 9 97305
8 2 4 1210 1 2 10 98628
8 2 4 1211 1 3 11 114183
8 2 4 1212 1 4 12 106244
8 2 4 1213 1 5 13 92487
8 2 4 1214 1 6 14 105187
8 2 4 1215 1 7 15 88752
8 2 4 1216 1 0 16 99489
8 2 4 1217 1 1 17 100867
8 2 4 1218 1 2 18 98886
8 2 4 1219 1 3 19 96795
8 2 4 1220 1 4 20 104524
8 2 4 1221 1 5 21 99489
8 2 4 1222 1 6 22 105239
8 2 4 1223 1 7 23 102949
8 2 4 1224 1 0 24 98891
8 2 4 1225 1 1 25 104585
8 2 4 1226 1 2 26 104451
8 2 4 1227 1 3 27 97062
8 2 4 1228 1 4 28 115058
8 2 4 1229 1 5 29 84151
8 2 4 1230 1 6 30 110654
8 2 4 1231 1 7 31 104051
8 2 4 1232 1 0 32 102714
8 2 4 1233 1 1 33 100813
8 2 4 1234 1 2 34 93297
8 2 4 1235 1 3 35 105709
8 2 4 1236 1 4 36 97545
8 2 4 1237 1 5 37 97692
8 2 4 1238 1 6 38 106253
8 2 4 1239 1 7 39 120073
8 2 4 1240 1 0 40 100418
8 2 4 1241 1 1 41 100197
8 2 4 1242 1 2 42 113918
8 2 4 1243 1 3 43 110191
8 2 4 1244 1 4 44 108420
8 2 4 1245 1 5 45 118740
8 2 4 1246 1 6 46 114613
8 2 4 1247 1 7 47 113022
8 2 4 1248 1 0 48 101626
8 2 4 1249 1 1 49 101223
8 2 4 1250 1 2 50 103940
8 2 4 1251 1 3 51 97484
8 2 4 1252 1 4 52 99392
8 2 4 1253 1 5 53 77791
8 2 4 1254 1 6 54 129452
8 2 4 1255 1 7 55 105160
8 2 4 1256 1 0 56 103093
8 2 4 1257 1 1 57 103223
8 2 4 1258 1 2 58 109095
8 2 4 1259 1 3 59 108907
8 2 4 1260 1 4 60 104759
8 2 4 1261 1 5 61 100782
8 2 4 1262 1 6 62 98655
8 2 4 1263 1 7 63 116189
8 2 4 1264 1 0 64 101883
8 2 4 1265 1 1 65 97700
8 2 4 1266 1 2 66 96684
8 2 4 1267 1 3 67 104747
8 2 4 1268 1 4 68 117476
8 2 4 1269 1 5 69 114907
8 2 4 1270 1 6 70 99234
8 2 4 1271 1 7 71 93794
8 2 4 1272 1 0 72 99646
8 2 4 1273 1 1 73 102649
8 2 4 1274 1 2 74 96285
8 2 4 1275 1 3 75 111418
8 2 4 1276 1 4 76 112820
8 2 4 1277 1 5 77 102430
8 2 4 1278 1 6 78 94675
8 2 4 1279 1 7 79 118026
8 2 4 1280 1 0 80 100614
8 2 4 1281 1 1 81 101844
8 2 4 1282 1 2 82 100352
8 2 4 1283 1 3 83 108115
8 2 4 1284 1 4 84 103064
8 2 4 1285 1 5 85 114370
8 2 4 1286 1 6 86 98007
8 2 4 1287 1 7 87 113641
8 2 4 1288 1 0 88 99633
8 2 4 1289 1 1 89 104004
8 2 4 1290 1 2 90 96069
8 2 4 1291 1 3 91 100101
8 2 4 1292 1 4 92 105677
8 2 4 1293 1 5 93 97877
8 2 4 1294 1 6 94 105911
8 2 4 1295 1 7 95 124896
8 2 4 1296 1 0 96 99753
8 2 4 1297 1 1 97 100574
8 2 4 1298 1 2 98 103005
8 2 4 1299 1 3 99 104532
8 2 4 1300 1 4 0 107048
8 2 4 1301 1 5 1 98743
8 2 4 1302 1 6 2 108313
8 2 4 1303 1 7 3 111717
8 2 4 1304 1 0 4 101249
8 2 4 1305 1 1 5 99968
8 2 4 1306 1 2 6 112174
8 2 4 1307 1 3 7 105878
8 2 4 1308 1 4 8 111197
8 2 4 1309 1 5 9 84526
8 2 4 1310 1 6 10 94533
8 2 4 1311 1 7 11 134363
8 2 4 1312 1 0 12 100480
8 2 4 1313 1 1 13 97999
8 2 4 1314 1 2 14 102030
8 2 4 1315 1 3 15 97323
8 2 4 1316 1 4 16 96592
8 2 4 1317 1 5 17 105342
8 2 4 1318 1 6 18 96982
8 2 4 1319 1 7 19 109671
8 2 4 1320 1 0 20 100756
8 2 4 1321 1 1 21 102089
8 2 4 1322 1 2 22 97846
8 2 4 1323 1 3 23 103151
8 2 4 1324 1 4 24 92079
8 2 4 1325 1 5 25 125080
8 2 4 1326 1 6 26 116498
8 2 4 1327 1 7 27 85637
8 2 4 1328 1 0 28 103105
8 2 4 1329 1 1 29 95243
8 2 4 1330 1 2 30 111483
8 2 4 1331 1 3 31 99670
8 2 4 1332 1 4 32 108149
8 2 4 1333 1 5 33 99687
8 2 4 1334 1 6 34 85353
8 2 4 1335 1 7 35 108040
8 2 4 1336 1 0 36 98661
8 2 4 1337 1 1 37 98691
8 2 4 1338 1 2 38 100117
8 2 4 1339 1 3 39 116890
8 2 4 1340 1 4 40 103774
8 2 4 1341 1 5 41 110415
8 2 4 1342 1 6 42 141099
8 2 4 1343 1 7 43 119758
8 2 4 1344 1 0 44 101627
8 2 4 1345 1 1 45 104789
8 2 4 1346 1 2 46 106245
8 2 4 1347 1 3 47 111336
8 2 4 1348 1 4 48 112035
8 2 4 1349 1 5 49 108355
8 2 4 1350 1 6 50 109539
8 2 4 1351 1 7 51 96654
8 2 4 1352 1 0 52 99530
8 2 4 1353 1 1 53 95263
8 2 4 1354 1 2 54 107027
8 2 4 1355 1 3 55 99690
8 2 4 1356 1 4 56 117729
8 2 4 1357 1 5 57 120450
8 2 4 1358 1 6 58 125629
8 2 4 1359 1 7 59 107969
8 2 4 1360 1 0 60 101742
8 2 4 1361 1 1 61 99848
8 2 4 1362 1 2 62 103059
8 2 4 1363 1 3 63 104056
8 2 4 1364 1 4 64 110281
8 2 4 1365 1 5 65 97555
8 2 4 1366 1 6 66 85155
8 2 4 1367 1 7 67 96385
8 2 4 1368 1 0 68 103109
8 2 4 1369 1 1 69 104074
8 2 4 1370 1 2 70 100802
8 2 4 1371 1 3 71 94650
8 2 4 1372 1 4 72 95412
8 2 4 1373 1 5 73 121192
8 2 4 1374 1 6 74 85906
8 2 4 1375 1 7 75 118911
8 2 4 1376 1 0 76 102141
8 2 4 1377 1 1 77 99861
8 2 4 1378 1 2 78 103063
8 2 4 1379 1 3 79 107556
8 2 4 1380 1 4 80 100657
8 2 4 1381 1 5 81 110977
8 2 4 1382 1 6 82 108202
8 2 4 1383 1 7 83 125612
8 2 4 1384 1 0 84 100676
8 2 4 1385 1 1 85 99554
8 2 4 1386 1 2 86 99401
8 2 4 1387 1 3 87 109130
8 2 4 1388 1 4 88 99436
8 2 4 1389 1 5 89 114090
8 2 4 1390 1 6 90 89349
8 2 4 1391 1 7 91 99851
8 2 4 1392 1 0 92 101873
8 2 4 1393 1 1 93 101936
8 2 4 1394 1 2 94 100353
8 2 4 1395 1 3 95 113202
8 2 4 1396 1 4 96 100525
8 2 4 1397 1 5 97 115072
8 2 4 1398 1 6 98 107427
8 2 4 1399 1 7 99 110927
8 2 4 1400 1 0 0 100812
8 2 4 1401 1 1 1 98272
8 2 4 1402 1 2 2 99883
8 2 4 1403 1 3 3 106852
8 2 4 1404 1 4 4 107498
8 2 4 1405 1 5 5 95490
8 2 4 1406 1 6 6 141801
8 2 4 1407 1 7 7 116301
8 2 4 1408 1 0 8 101860
8 2 4 1409 1 1 9 97305
8 2 4 1410 1 2 10 98628
8 2 4 1411 1 3 11 114183
8 2 4 1412 1 4 12 106244
8 2 4 1413 1 5 13 92487
8 2 4 1414 1 6 14 105187
8 2 4 1415 1 7 15 88752
8 2 4 1416 1 0 16 99489
8 2 4 1417 1 1 17 100867
8 2 4 1418 1 2 18 98886
8 2 4 1419 1 3 19 96795
8 2 4 1420 1 4 20 104524
8 2 4 1421 1 5 21 99489
8 2 4 1422 1 6 22 105239
8 2 4 1423 1 7 23 102949
8 2 4 1424 1 0 24 98891
8 2 4 1425 1 1 25 104585
8 2 4 1426 1 2 26 104451
8 2 4 1427 1 3 27 97062
8 2 4 1428 1 4 28 115058
8 2 4 1429 1 5 29 84151
8 2 4 1430 1 6 30 110654
8 2 4 1431 1 7 31 104051
8 2 4 1432 1 0 32 102714
8 2 4 1433 1 1 33 100813
8 2 4 1434 1 2 34 93297
8 2 4 1435 1 3 35 105709
8 2 4 1436 1 4 36 97545
8 2 4 1437 1 5 37 97692
8 2 4 1438 1 6 38 106253
8 2 4 1439 1 7 39 120073
8 2 4 1440 1 0 40 100418
8 2 4 1441 1 1 41 100197
8 2 4 1442 1 2 42 113918
8 2 4 1443 1 3 43 110191
8 2 4 1444 1 4 44 108420
8 2 4 1445 1 5 45 118740
8 2 4 1446 1 6 46 114613
8 2 4 1447 1 7 47 113022
8 2 4 1448 1 0 48 101626
8 2 4 1449 1 1 49 101223
8 2 4 1450 1 2 50 103940
8 2 4 1451 1 3 51 97484
8 2 4 1452 1 4 52 99392
8 2 4 1453 1 5 53 77791
8 2 4 1454 1 6 54 129452
8 2 4 1455 1 7 55 105160
8 2 4 1456 1 0 56 103093
8 2 4 1457 1 1 57 103223
8 2 4 1458 1 2 58 109095
8 2 4 1459 1 3 59 108907
8 2 4 1460 1 4 60 104759
8 2 4 1461 1 5 61 100782
8 2 4 1462 1 6 62 98655
8 2 4 1463 1 7 63 116189
8 2 4 1464 1 0 64 101883
8 2 4 1465 1 1 65 97700
8 2 4 1466 1 2 66 96684
8 2 4 1467 1 3 67 104747
8 2 4 1468 1 4 68 117476
8 2 4 1469 1 5 69 114907
8 2 4 1470 1 6 70 99234
8 2 4 1471 1 7 71 93794
8 2 4 1472 1 0 72 99646
8 2 4 1473 1 1 73 102649
8 2 4 1474 1 2 74 96285
8 2 4 1475 1 3 75 111418
8 2 4 1476 1 4 76 112820
8 2 4 1477 1 5 77 102430
8 2 4 1478 1 6 78 94675
8 2 4 1479 1 7 79 118026
8 2 4 1480 1 0 80 100614
8 2 4 1481 1 1 81 101844
8 2 4 1482 1 2 82 100352
8 2 4 1483 1 3 83 108115
8 2 4 1484 1 4 84 103064
8 2 4 1485 1 5 85 114370
8 2 4 1486 1 6 86 98007
8 2 4 1487 1 7 87 113641
8 2 4 1488 1 0 88 99633
8 2 4 1489 1 1 89 104004
8 2 4 1490 1 2 90 96069
8 2 4 1491 1 3 91 100101
8 2 4 1492 1 4 92 105677
8 2 4 1493 1 5 93 97877
8 2 4 1494 1 6 94 105911
8 2 4 1495 1 7 95 124896
8 2 4 1496 1 0 96 99753
8 2 4 1497 1 1 97 100574
8 2 4 1498 1 2 98 103005
8 2 4 1499 1 3 99 104532
8 2 4 1500 1 4 0 107048
8 2 4 1501 1 5 1 98743
8 2 4 1502 1 6 2 108313
8 2 4 1503 1 7 3 111717
8 2 4 1504 1 0 4 101249
8 2 4 1505 1 1 5 99968
8 2 4 1506 1 2 6 112174
8 2 4 1507 1 3 7 105878
8 2 4 1508 1 4 8 111197
8 2 4 1509 1 5 9 84526
8 2 4 1510 1 6 10 94533
8 2 4 1511 1 7 11 134363
8 2 4 1512 1 0 12 100480
8 2 4 1513 1 1 13 97999
8 2 4 1514 1 2 14 102030
8 2 4 1515 1 3 15 97323
8 2 4 1516 1 4 16 96592
8 2 4 1517 1 5 17 105342
8 2 4 1518 1 6 18 96982
8 2 4 1519 1 7 19 109671
8 2 4 1520 1 0 20 100756
8 2 4 1521 1 1 21 102089
8 2 4 1522 1 2 22 97846
8 2 4 1523 1 3 23 103151
8 2 4 1524 1 4 24 92079
8 2 4 1525 1 5 25 125080
8 2 4 1526 1 6 26 116498
8 2 4 1527 1 7 27 85637
8 2 4 1528 1 0 28 103105
8 2 4 1529 1 1 29 95243
8 2 4 1530 1 2 30 111483
8 2 4 1531 1 3 31 99670
8 2 4 1532 1 4 32 108149
8 2 4 1533 1 5 33 99687
8 2 4 1534 1 6 34 85353
8 2 4 1535 1 7 35 108040
8 2 4 1536 1 0 36 98661
8 2 4 1537 1 1 37 98691
8 2 4 1538 1 2 38 100117
8 2 4 1539 1 3 39 116890
8 2 4 1540 1 4 40 103774
8 2 4 1541 1 5 41 110415
8 2 4 1542 1 6 42 141099
8 2 4 1543 1 7 43 119758
8 2 4 1544 1 0 44 101627
8 2 4 1545 1 1 45 104789
8 2 4 1546 1 2 46 106245
8 2 4 1547 1 3 47 111336
8 2 4 1548 1 4 48 112035
8 2 4 1549 1 5 49 108355
8 2 4 1550 1 6 50 109539
8 2 4 1551 1 7 51 96654
8 2 4 1552 1 0 52 99530
8 2 4 1553 1 1 53 95263
8 2 4 1554 1 2 54 107027
8 2 4 1555 1 3 55 99690
8 2 4 1556 1 4 56 117729
8 2 4 1557 1 5 57 120450
8 2 4 1558 1 6 58 125629
8 2 4 1559 1 7 59 107969
8 2 4 1560 1 0 60 101742
8 2 4 1561 1 1 61 99848
8 2 4 1562 1 2 62 103059
8 2 4 1563 1 3 63 104056
8 2 4 1564 1 4 64 110281
8 2 4 1565 1 5 65 97555
8 2 4 1566 1 6 66 85155
8 2 4 1567 1 7 67 96385
8 2 4 1568 1 0 68 103109
8 2 4 1569 1 1 69 104074
8 2 4 1570 1 2 70 100802
8 2 4 1571 1 3 71 94650
8 2 4 1572 1 4 72 95412
8 2 4 1573 1 5 73 121192
8 2 4 1574 1 6 74 85906
8 2 4 1575 1 7 75 118911
8 2 4 1576 1 0 76 102141
8 2 4 1577 1 1 77 99861
8 2 4 1578 1 2 78 103063
8 2 4 1579 1 3 79 107556
8 2 4 1580 1 4 80 100657
8 2 4 1581 1 5 81 110977
8 2 4 1582 1 6 82 108202
8 2 4 1583 1 7 83 125612
8 2 4 1584 1 0 84 100676
8 2 4 1585 1 1 85 99554
8 2 4 1586 1 2 86 99401
8 2 4 1587 1 3 87 109130
8 2 4 1588 1 4 88 99436
8 2 4 1589 1 5 89 114090
8 2 4 1590 1 6 90 89349
8 2 4 1591 1 7 91 99851
8 2 4 1592 1 0 92 101873
8 2 4 1593 1 1 93 101936
8 2 4 1594 1 2 94 100353
8 2 4 1595 1 3 95 113202
8 2 4 1596 1 4 96 100525
8 2 4 1597 1 5 97 115072
8 2 4 1598 1 6 98 107427
8 2 4 1599 1 7 99 110927
8 2 4 1600 2 0 0 100000
8 2 4 1601 2 1 1 100000
8 2 4 1602 2 2 2 100000
8 2 4 1603 2 3 3 100000
8 2 4 1604 2 4 4 100000
8 2 4 1605 2 5 5 100000
8 2 4 1606 2 6 6 100000
8 2 4 1607 2 7 7 100000
8 2 4 1608 2 0 8 100000
8 2 4 1609 2 1 9 100000
8 2 4 1610 2 2 10 100000
8 2 4 1611 2 3 11 100000
8 2 4 1612 2 4 12 100000
8 2 4 1613 2 5 13 100000
8 2 4 1614 2 6 14 100000
8 2 4 1615 2 7 15 100000
8 2 4 1616 2 0 16 100000
8 2 4 1617 2 1 17 100000
8 2 4 1618 2 2 18 100000
8 2 4 1619 2 3 19 100000
8 2 4 1620 2 4 20 100000
8 2 4 1621 2 5 21 100000
8 2 4 1622 2 6 22 100000
8 2 4 1623 2 7 23 100000
8 2 4 1624 2 0 24 100000
8 2 4 1625 2 1 25 100000
8 2 4 1626 2 2 26 100000
8 2 4 1627 2 3 27 100000
8 2 4 1628 2 4 28 100000
8 2 4 1629 2 5 29 100000
8 2 4 1630 2 6 30 100000
8 2 4 1631 2 7 31 100000
8 2 4 1632 2 0 32 100000
8 2 4 1633 2 1 33 100000
8 2 4 1634 2 2 34 100000
8 2 4 1635 2 3 35 100000
8 2 4 1636 2 4 36 100000
8 2 4 1637 2 5 37 100000
8 2 4 1638 2 6 38 100000
8 2 4 1639 2 7 39 100000
8 2 4 1640 2 0 40 100000
8 2 4 1641 2 1 41 100000
8 2 4 1642 2 2 42 100000
8 2 4 1643 2 3 43 100000
8 2 4 1644 2 4 44 100000
8 2 4 1645 2 5 45 100000
8 2 4 1646 2 6 46 100000
8 2 4 1647 2 7 47 100000
8 2 4 1648 2 0 48 100000
8 2 4 1649 2 1 49 100000
8 2 4 1650 2 2 50 100000
8 2 4 1651 2 3 51 100000
8 2 4 1652 2 4 52 100000
8 2 4 1653 2 5 53 100000
8 2 4 1654 2 6 54 100000
8 2 4 1655 2 7 55 100000
8 2 4 1656 2 0 56 100000
8 2 4 1657 2 1 57 100000
8 2 4 1658 2 2 58 100000
8 2 4 1659 2 3 59 100000
8 2 4 1660 2 4 60 100000
8 2 4 1661 2 5 61 100000
8 2 4 1662 2 6 62 100000
8 2 4 1663 2 7 63 100000
8 2 4 1664 2 0 64 100000
8 2 4 1665 2 1 65 100000
8 2 4 1666 2 2 66 100000
8 2 4 1667 2 3 67 100000
8 2 4 1668 2 4 68 100000
8 2 4 1669 2 5 69 100000
8 2 4 1670 2 6 70 100000
8 2 4 1671 2 7 71 100000
8 2 4 1672 2 0 72 100000
8 2 4 1673 2 1 73 100000
8 2 4 1674 2 2 74 100000
8 2 4 1675 2 3 75 100000
8 2 4 1676 2 4 76 100000
8 2 4 1677 2 5 77 100000
8 2 4 1678 2 6 78 100000
8 2 4 1679 2 7 79 100000
8 2 4 1680 2 0 80 100000
8 2 4 1681 2 1 81 100000
8 2 4 1682 2 2 82 100000
8 2 4 1683 2 3 83 100000
8 2 4 1684 2 4 84 100000
8 2 4 1685 2 5 85 100000
8 2 4 1686 2 6 86 100000
8 2 4 1687 2 7 87 100000
8 2 4 1688 2 0 88 100000
8 2 4 1689 2 1 89 100000
8 2 4 1690 2 2 90 100000
8 2 4 1691 2 3 91 100000
8 2 4 1692 2 4 92 100000
8 2 4 1693 2 5 93 100000
8 2 4 1694 2 6 94 100000
8 2 4 1695 2 7 95 100000
8 2 4 1696 2 0 96 100000
8 2 4 1697 2 1 97 100000
8 2 4 1698 2 2 98 100000
8 2 4 1699 2 3 99 100000
8 2 4 1700 2 4 0 100000
8 2 4 1701 2 5 1 100000
8 2 4 1702 2 6 2 100000
8 2 4 1703 2 7 3 100000
8 2 4 1704 2 0 4 100000
8 2 4 1705 2 1 5 100000
8 2 4 1706 2 2 6 100000
8 2 4 1707 2 3 7 100000
8 2 4 1708 2 4 8 100000
8 2 4 1709 2 5 9 100000
8 2 4 1710 2 6 10 100000
8 2 4 1711 2 7 11 100000
8 2 4 1712 2 0 12 100000
8 2 4 1713 2 1 13 100000
8 2 4 1714 2 2 14 100000
8 2 4 1715 2 3 15 100000
8 2 4 1716 2 4 16 100000
8 2 4 1717 2 5 17 100000
8 2 4 1718 2 6 18 100000
8 2 4 1719 2 7 19 100000
8 2 4 1720 2 0 20 100000
8 2 4 1721 2 1 21 100000
8 2 4 1722 2 2 22 100000
8 2 4 1723 2 3 23 100000
8 2 4 1724 2 4 24 100000
8 2 4 1725 2 5 25 100000
8 2 4 1726 2 6 26 100000
8 2 4 1727 2 7 27 100000
8 2 4 1728 2 0 28 100000
8 2 4 1729 2 1 29 100000
8 2 4 1730 2 2 30 100000
8 2 4 1731 2 3 31 100000
8 2 4 1732 2 4 32 100000
8 2 4 1733 2 5 33 100000
8 2 4 1734 2 6 34 100000
8 2 4 1735 2 7 35 100000
8 2 4 1736 2 0 36 100000
8 2 4 1737 2 1 37 100000
8 2 4 1738 2 2 38 100000
8 2 4 1739 2 3 39 100000
8 2 4 1740 2 4 40 100000
8 2 4 1741 2 5 41 100000
8 2 4 1742 2 6 42 100000
8 2 4 1743 2 7 43 100000
8 2 4 1744 2 0 44 100000
8 2 4 1745 2 1 45 100000
8 2 4 1746 2 2 46 100000
8 2 4 1747 2 3 47 100000
8 2 4 1748 2 4 48 100000
8 2 4 1749 2 5 49 100000
8 2 4 1750 2 6 50 100000
8 2 4 1751 2 7 51 100000
8 2 4 1752 2 0 52 100000
8 2 4 1753 2 1 53 100000
8 2 4 1754 2 2 54 100000
8 2 4 1755 2 3 55 100000
8 2 4 1756 2 4 56 100000
8 2 4 1757 2 5 57 100000
8 2 4 1758 2 6 58 100000
8 2 4 1759 2 7 59 100000
8 2 4 1760 2 0 60 100000
8 2 4 1761 2 1 61 100000
8 2 4 1762 2 2 62 100000
8 2 4 1763 2 3 63 100000
8 2 4 1764 2 4 64 100000
8 2 4 1765 2 5 65 100000
8 2 4 1766 2 6 66 100000
8 2 4 1767 2 7 67 100000
8 2 4 1768 2 0 68 100000
8 2 4 1769 2 1 69 100000
8 2 4 1770 2 2 70 100000
8 2 4 1771 2 3 71 100000
8 2 4 1772 2 4 72 100000
8 2 4 1773 2 5 73 100000
8 2 4 1774 2 6 74 100000
8 2 4 1775 2 7 75 100000
8 2 4 1776 2 0 76 100000
8 2 4 1777 2 1 77 100000
8 2 4 1778 2 2 78 100000
8 2 4 1779 2 3 79 100000
8 2 4 1780 2 4 80 100000
8 2 4 1781 2 5 81 100000
8 2 4 1782 2 6 82 100000
8 2 4 1783 2 7 83 100000
8 2 4 1784 2 0 84 100000
8 2 4 1785 2 1 85 100000
8 2 4 1786 2 2 86 100000
8 2 4 1787 2 3 87 100000
8 2 4 1788 2 4 88 100000
8 2 4 1789 2 5 89 100000
8 2 4 1790 2 6 90 100000
8 2 4 1791 2 7 91 100000
8 2 4 1792 2 0 92 100000
8 2 4 1793 2 1 93 100000
8 2 4 1794 2 2 94 100000
8 2 4 1795 2 3 95 100000
8 2 4 1796 2 4 96 100000
8 2 4 1797 2 5 97 100000
8 2 4 1798 2 6 98 100000
8 2 4 1799 2 7 99 100000
8 2 5 1200 1 0 0 102192
8 2 5 1201 1 1 1 96311
8 2 5 1202 1 2 2 103298
8 2 5 1203 1 3 3 102857
8 2 5 1204 1 4 4 114812
8 2 5 1205 1 5 5 105278
8 2 5 1206 1 6 6 129826
8 2 5 1207 1 7 7 107451
8 2 5 1208 1 0 8 101298
8 2 5 1209 1 1 9 99288
8 2 5 1210 1 2 10 101989
8 2 5 1211 1 3 11 113059
8 2 5 1212 1 4 12 99742
8 2 5 1213 1 5 13 101423
8 2 5 1214 1 6 14 104505
8 2 5 1215 1 7 15 78582
8 2 5 1216 1 0 16 100845
8 2 5 1217 1 1 17 101631
8 2 5 1218 1 2 18 101274
8 2 5 1219 1 3 19 101362
8 2 5 1220 1 4 20 108735
8 2 5 1221 1 5 21 107520
8 2 5 1222 1 6 22 97931
8 2 5 1223 1 7 23 107301
8 2 5 1224 1 0 24 97578
8 2 5 1225 1 1 25 103848
8 2 5 1226 1 2 26 107985
8 2 5 1227 1 3 27 98451
8 2 5 1228 1 4 28 110587
8 2 5 1229 1 5 29 82424
8 2 5 1230 1 6 30 120797
8 2 5 1231 1 7 31 105215
8 2 5 1232 1 0 32 101501
8 2 5 1233 1 1 33 100012
8 2 5 1234 1 2 34 94617
8 2 5 1235 1 3 35 110678
8 2 5 1236 1 4 36 104099
8 2 5 1237 1 5 37 102691
8 2 5 1238 1 6 38 98326
8 2 5 1239 1 7 39 119624
8 2 5 1240 1 0 40 100433
8 2 5 1241 1 1 41 98554
8 2 5 1242 1 2 42 115752
8 2 5 1243 1 3 43 110119
8 2 5 1244 1 4 44 102302
8 2 5 1245 1 5 45 108824
8 2 5 1246 1 6 46 127240
8 2 5 1247 1 7 47 118329
8 2 5 1248 1 0 48 102235
8 2 5 1249 1 1 49 100034
8 2 5 1250 1 2 50 101075
8 2 5 1251 1 3 51 99645
8 2 5 1252 1 4 52 95564
8 2 5 1253 1 5 53 80317
8 2 5 1254 1 6 54 132221
8 2 5 1255 1 7 55 92340
8 2 5 1256 1 0 56 102705
8 2 5 1257 1 1 57 104046
8 2 5 1258 1 2 58 112524
8 2 5 1259 1 3 59 112886
8 2 5 1260 1 4 60 99531
8 2 5 1261 1 5 61 105410
8 2 5 1262 1 6 62 100574
8 2 5 1263 1 7 63 117727
8 2 5 1264 1 0 64 100812
8 2 5 1265 1 1 65 96184
8 2 5 1266 1 2 66 94052
8 2 5 1267 1 3 67 109742
8 2 5 1268 1 4 68 125485
8 2 5 1269 1 5 69 110524
8 2 5 1270 1 6 70 90146
8 2 5 1271 1 7 71 88411
8 2 5 1272 1 0 72 98565
8 2 5 1273 1 1 73 104609
8 2 5 1274 1 2 74 96809
8 2 5 1275 1 3 75 106737
8 2 5 1276 1 4 76 120433
8 2 5 1277 1 5 77 101155
8 2 5 1278 1 6 78 92144
8 2 5 1279 1 7 79 119059
8 2 5 1280 1 0 80 100712
8 2 5 1281 1 1 81 101982
8 2 5 1282 1 2 82 99861
8 2 5 1283 1 3 83 109701
8 2 5 1284 1 4 84 103079
8 2 5 1285 1 5 85 114758
8 2 5 1286 1 6 86 107687
8 2 5 1287 1 7 87 120966
8 2 5 1288 1 0 88 100977
8 2 5 1289 1 1 89 106058
8 2 5 1290 1 2 90 95409
8 2 5 1291 1 3 91 96455
8 2 5 1292 1 4 92 104084
8 2 5 1293 1 5 93 96465
8 2 5 1294 1 6 94 104495
8 2 5 1295 1 7 95 137727
8 2 5 1296 1 0 96 100094
8 2 5 1297 1 1 97 102637
8 2 5 1298 1 2 98 102937
8 2 5 1299 1 3 99 100482
8 2 5 1300 1 4 0 114367
8 2 5 1301 1 5 1 94176
8 2 5 1302 1 6 2 120646
8 2 5 1303 1 7 3 101740
8 2 5 1304 1 0 4 102612
8 2 5 1305 1 1 5 102005
8 2 5 1306 1 2 6 108590
8 2 5 1307 1 3 7 101295
8 2 5 1308 1 4 8 108668
8 2 5 1309 1 5 9 93164
8 2 5 1310 1 6 10 105259
8 2 5 1311 1 7 11 126983
8 2 5 1312 1 0 12 100037
8 2 5 1313 1 1 13 99966
8 2 5 1314 1 2 14 101358
8 2 5 1315 1 3 15 92882
8 2 5 1316 1 4 16 103177
8 2 5 1317 1 5 17 110904
8 2 5 1318 1 6 18 106702
8 2 5 1319 1 7 19 124578
8 2 5 1320 1 0 20 101547
8 2 5 1321 1 1 21 103986
8 2 5 1322 1 2 22 95165
8 2 5 1323 1 3 23 107179
8 2 5 1324 1 4 24 85841
8 2 5 1325 1 5 25 117619
8 2 5 1326 1 6 26 117215
8 2 5 1327 1 7 27 91170
8 2 5 1328 1 0 28 102353
8 2 5 1329 1 1 29 95062
8 2 5 1330 1 2 30 115235
8 2 5 1331 1 3 31 98784
8 2 5 1332 1 4 32 101553
8 2 5 1333 1 5 33 94935
8 2 5 1334 1 6 34 87215
8 2 5 1335 1 7 35 122384
8 2 5 1336 1 0 36 99995
8 2 5 1337 1 1 37 100451
8 2 5 1338 1 2 38 97270
8 2 5 1339 1 3 39 119997
8 2 5 1340 1 4 40 98620
8 2 5 1341 1 5 41 105061
8 2 5 1342 1 6 42 138535
8 2 5 1343 1 7 43 112590
8 2 5 1344 1 0 44 100531
8 2 5 1345 1 1 45 103043
8 2 5 1346 1 2 46 109829
8 2 5 1347 1 3 47 116588
8 2 5 1348 1 4 48 115617
8 2 5 1349 1 5 49 103501
8 2 5 1350 1 6 50 105895
8 2 5 1351 1 7 51 101892
8 2 5 1352 1 0 52 98832
8 2 5 1353 1 1 53 96907
8 2 5 1354 1 2 54 110231
8 2 5 1355 1 3 55 95404
8 2 5 1356 1 4 56 115986
8 2 5 1357 1 5 57 125318
8 2 5 1358 1 6 58 127052
8 2 5 1359 1 7 59 114228
8 2 5 1360 1 0 60 100605
8 2 5 1361 1 1 61 99849
8 2 5 1362 1 2 62 103593
8 2 5 1363 1 3 63 100776
8 2 5 1364 1 4 64 104144
8 2 5 1365 1 5 65 93945
8 2 5 1366 1 6 66 85932
8 2 5 1367 1 7 67 109384
8 2 5 1368 1 0 68 104504
8 2 5 1369 1 1 69 102899
8 2 5 1370 1 2 70 98014
8 2 5 1371 1 3 71 91065
8 2 5 1372 1 4 72 90168
8 2 5 1373 1 5 73 127155
8 2 5 1374 1 6 74 89416
8 2 5 1375 1 7 75 112843
8 2 5 1376 1 0 76 103524
8 2 5 1377 1 1 77 98838
8 2 5 1378 1 2 78 99891
8 2 5 1379 1 3 79 103379
8 2 5 1380 1 4 80 101243
8 2 5 1381 1 5 81 111994
8 2 5 1382 1 6 82 105523
8 2 5 1383 1 7 83 136340
8 2 5 1384 1 0 84 100705
8 2 5 1385 1 1 85 99633
8 2 5 1386 1 2 86 102541
8 2 5 1387 1 3 87 114147
8 2 5 1388 1 4 88 106213
8 2 5 1389 1 5 89 125265
8 2 5 1390 1 6 90 92755
8 2 5 1391 1 7 91 88735
8 2 5 1392 1 0 92 101582
8 2 5 1393 1 1 93 101003
8 2 5 1394 1 2 94 97350
8 2 5 1395 1 3 95 118556
8 2 5 1396 1 4 96 102299
8 2 5 1397 1 5 97 122138
8 2 5 1398 1 6 98 109583
8 2 5 1399 1 7 99 109002
8 2 5 1400 1 0 0 102192
8 2 5 1401 1 1 1 96311
8 2 5 1402 1 2 2 103298
8 2 5 1403 1 3 3 102857
8 2 5 1404 1 4 4 114812
8 2 5 1405 1 5 5 105278
8 2 5 1406 1 6 6 129826
8 2 5 1407 1 7 7 107451
8 2 5 1408 1 0 8 101298
8 2 5 1409 1 1 9 99288
8 2 5 1410 1 2 10 101989
8 2 5 1411 1 3 11 113059
8 2 5 1412 1 4 12 99742
8 2 5 1413 1 5 13 101423
8 2 5 1414 1 6 14 104505
8 2 5 1415 1 7 15 78582
8 2 5 1416 1 0 16 100845
8 2 5 1417 1 1 17 101631
8 2 5 1418 1 2 18 101274
8 2 5 1419 1 3 19 101362
8 2 5 1420 1 4 20 108735
8 2 5 1421 1 5 21 107520
8 2 5 1422 1 6 22 97931
8 2 5 1423 1 7 23 107301
8 2 5 1424 1 0 24 97578
8 2 5 1425 1 1 25 103848
8 2 5 1426 1 2 26 107985
8 2 5 1427 1 3 27 98451
8 2 5 1428 1 4 28 110587
8 2 5 1429 1 5 29 82424
8 2 5 1430 1 6 30 120797
8 2 5 1431 1 7 31 105215
8 2 5 1432 1 0 32 101501
8 2 5 1433 1 1 33 100012
8 2 5 1434 1 2 34 94617
8 2 5 1435 1 3 35 110678
8 2 5 1436 1 4 36 104099
8 2 5 1437 1 5 37 102691
8 2 5 1438 1 6 38 98326
8 2 5 1439 1 7 39 119624
8 2 5 1440 1 0 40 100433
8 2 5 1441 1 1 41 98554
8 2 5 1442 1 2 42 115752
8 2 5 1443 1 3 43 110119
8 2 5 1444 1 4 44 102302
8 2 5 1445 1 5 45 108824
8 2 5 1446 1 6 46 127240
8 2 5 1447 1 7 47 118329
8 2 5 1448 1 0 48 102235
8 2 5 1449 1 1 49 100034
8 2 5 1450 1 2 50 101075
8 2 5 1451 1 3 51 99645
8 2 5 1452 1 4 52 95564
8 2 5 1453 1 5 53 80317
8 2 5 1454 1 6 54 132221
8 2 5 1455 1 7 55 92340
8 2 5 1456 1 0 56 102705
8 2 5 1457 1 1 57 104046
8 2 5 1458 1 2 58 112524
8 2 5 1459 1 3 59 112886
8 2 5 1460 1 4 60 99531
8 2 5 1461 1 5 61 105410
8 2 5 1462 1 6 62 100574
8 2 5 1463 1 7 63 117727
8 2 5 1464 1 0 64 100812
8 2 5 1465 1 1 65 96184
8 2 5 1466 1 2 66 94052
8 2 5 1467 1 3 67 109742
8 2 5 1468 1 4 68 125485
8 2 5 1469 1 5 69 110524
8 2 5 1470 1 6 70 90146
8 2 5 1471 1 7 71 88411
8 2 5 1472 1 0 72 98565
8 2 5 1473 1 1 73 104609
8 2 5 1474 1 2 74 96809
8 2 5 1475 1 3 75 106737
8 2 5 1476 1 4 76 120433
8 2 5 1477 1 5 77 101155
8 2 5 1478 1 6 78 92144
8 2 5 1479 1 7 79 119059
8 2 5 1480 1 0 80 100712
8 2 5 1481 1 1 81 101982
8 2 5 1482 1 2 82 99861
8 2 5 1483 1 3 83 109701
8 2 5 1484 1 4 84 103079
8 2 5 1485 1 5 85 114758
8 2 5 1486 1 6 86 107687
8 2 5 1487 1 7 87 120966
8 2 5 1488 1 0 88 100977
8 2 5 1489 1 1 89 106058
8 2 5 1490 1 2 90 95409
8 2 5 1491 1 3 91 96455
8 2 5 1492 1 4 92 104084
8 2 5 1493 1 5 93 96465
8 2 5 1494 1 6 94 104495
8 2 5 1495 1 7 95 137727
8 2 5 1496 1 0 96 100094
8 2 5 1497 1 1 97 102637
8 2 5 1498 1 2 98 102937
8 2 5 1499 1 3 99 100482
8 2 5 1500 1 4 0 114367
8 2 5 1501 1 5 1 94176
8 2 5 1502 1 6 2 120646
8 2 5 1503 1 7 3 101740
8 2 5 1504 1 0 4 102612
8 2 5 1505 1 1 5 102005
8 2 5 1506 1 2 6 108590
8 2 5 1507 1 3 7 101295
8 2 5 1508 1 4 8 108668
8 2 5 1509 1 5 9 93164
8 2 5 1510 1 6 10 105259
8 2 5 1511 1 7 11 126983
8 2 5 1512 1 0 12 100037
8 2 5 1513 1 1 13 99966
8 2 5 1514 1 2 14 101358
8 2 5 1515 1 3 15 92882
8 2 5 1516 1 4 16 103177
8 2 5 1517 1 5 17 110904
8 2 5 1518 1 6 18 106702
8 2 5 1519 1 7 19 124578
8 2 5 1520 1 0 20 101547
8 2 5 1521 1 1 21 103986
8 2 5 1522 1 2 22 95165
8 2 5 1523 1 3 23 107179
8 2 5 1524 1 4 24 85841
8 2 5 1525 1 5 25 117619
8 2 5 1526 1 6 26 117215
8 2 5 1527 1 7 27 91170
8 2 5 1528 1 0 28 102353
8 2 5 1529 1 1 29 95062
8 2 5 1530 1 2 30 115235
8 2 5 1531 1 3 31 98784
8 2 5 1532 1 4 32 101553
8 2 5 1533 1 5 33 94935
8 2 5 1534 1 6 34 87215
8 2 5 1535 1 7 35 122384
8 2 5 1536 1 0 36 99995
8 2 5 1537 1 1 37 100451
8 2 5 1538 1 2 38 97270
8 2 5 1539 1 3 39 119997
8 2 5 1540 1 4 40 98620
8 2 5 1541 1 5 41 105061
8 2 5 1542 1 6 42 138535
8 2 5 1543 1 7 43 112590
8 2 5 1544 1 0 44 100531
8 2 5 1545 1 1 45 103043
8 2 5 1546 1 2 46 109829
8 2 5 1547 1 3 47 116588
8 2 5 1548 1 4 48 115617
8 2 5 1549 1 5 49 103501
8 2 5 1550 1 6 50 105895
8 2 5 1551 1 7 51 101892
8 2 5 1552 1 0 52 98832
8 2 5 1553 1 1 53 96907
8 2 5 1554 1 2 54 110231
8 2 5 1555 1 3 55 95404
8 2 5 1556 1 4 56 115986
8 2 5 1557 1 5 57 125318
8 2 5 1558 1 6 58 127052
8 2 5 1559 1 7 59 114228
8 2 5 1560 1 0 60 100605
8 2 5 1561 1 1 61 99849
8 2 5 1562 1 2 62 103593
8 2 5 1563 1 3 63 100776
8 2 5 1564 1 4 64 104144
8 2 5 1565 1 5 65 93945
8 2 5 1566 1 6 66 85932
8 2 5 1567 1 7 67 109384
8 2 5 1568 1 0 68 104504
8 2 5 1569 1 1 69 102899
8 2 5 1570 1 2 70 98014
8 2 5 1571 1 3 71 91065
8 2 5 1572 1 4 72 90168
8 2 5 1573 1 5 73 127155
8 2 5 1574 1 6 74 89416
8 2 5 1575 1 7 75 112843
8 2 5 1576 1 0 76 103524
8 2 5 1577 1 1 77 98838
8 2 5 1578 1 2 78 99891
8 2 5 1579 1 3 79 103379
8 2 5 1580 1 4 80 101243
8 2 5 1581 1 5 81 111994
8 2 5 1582 1 6 82 105523
8 2 5 1583 1 7 83 136340
8 2 5 1584 1 0 84 100705
8 2 5 1585 1 1 85 99633
8 2 5 1586 1 2 86 102541
8 2 5 1587 1 3 87 114147
8 2 5 1588 1 4 88 106213
8 2 5 1589 1 5 89 125265
8 2 5 1590 1 6 90 92755
8 2 5 1591 1 7 91 88735
8 2 5 1592 1 0 92 101582
8 2 5 1593 1 1 93 101003
8 2 5 1594 1 2 94 97350
8 2 5 1595 1 3 95 118556
8 2 5 1596 1 4 96 102299
8 2 5 1597 1 5 97 122138
8 2 5 1598 1 6 98 109583
8 2 5 1599 1 7 99 109002
8 2 5 1600 2 0 0 100000
8 2 5 1601 2 1 1 100000
8 2 5 1602 2 2 2 100000
8 2 5 1603 2 3 3 100000
8 2 5 1604 2 4 4 100000
8 2 5 1605 2 5 5 100000
8 2 5 1606 2 6 6 100000
8 2 5 1607 2 7 7 100000
8 2 5 1608 2 0 8 100000
8 2 5 1609 2 1 9 100000
8 2 5 1610 2 2 10 100000
8 2 5 1611 2 3 11 100000
8 2 5 1612 2 4 12 100000
8 2 5 1613 2 5 13 100000
8 2 5 1614 2 6 14 100000
8 2 5 1615 2 7 15 100000
8 2 5 1616 2 0 16 100000
8 2 5 1617 2 1 17 100000
8 2 5 1618 2 2 18 100000
8 2 5 1619 2 3 19 100000
8 2 5 1620 2 4 20 100000
8 2 5 1621 2 5 21 100000
8 2 5 1622 2 6 22 100000
8 2 5 1623 2 7 23 100000
8 2 5 1624 2 0 24 100000
8 2 5 1625 2 1 25 100000
8 2 5 1626 2 2 26 100000
8 2 5 1627 2 3 27 100000
8 2 5 1628 2 4 28 100000
8 2 5 1629 2 5 29 100000
8 2 5 1630 2 6 30 100000
8 2 5 1631 2 7 31 100000
8 2 5 1632 2 0 32 100000
8 2 5 1633 2 1 33 100000
8 2 5 1634 2 2 34 100000
8 2 5 1635 2 3 35 100000
8 2 5 1636 2 4 36 100000
8 2 5 1637 2 5 37 100000
8 2 5 1638 2 6 38 100000
8 2 5 1639 2 7 39 100000
8 2 5 1640 2 0 40 100000
8 2 5 1641 2 1 41 100000
8 2 5 1642 2 2 42 100000
8 2 5 1643 2 3 43 100000
8 2 5 1644 2 4 44 100000
8 2 5 1645 2 5 45 100000
8 2 5 1646 2 6 46 100000
8 2 5 1647 2 7 47 100000
8 2 5 1648 2 0 48 100000
8 2 5 1649 2 1 49 100000
8 2 5 1650 2 2 50 100000
8 2 5 1651 2 3 51 100000
8 2 5 1652 2 4 52 100000
8 2 5 1653 2 5 53 100000
8 2 5 1654 2 6 54 100000
8 2 5 1655 2 7 55 100000
8 2 5 1656 2 0 56 100000
8 2 5 1657 2 1 57 100000
8 2 5 1658 2 2 58 100000
8 2 5 1659 2 3 59 100000
8 2 5 1660 2 4 60 100000
8 2 5 1661 2 5 61 100000
8 2 5 1662 2 6 62 100000
8 2 5 1663 2 7 63 100000
8 2 5 1664 2 0 64 100000
8 2 5 1665 2 1 65 100000
8 2 5 1666 2 2 66 100000
8 2 5 1667 2 3 67 100000
8 2 5 1668 2 4 68 100000
8 2 5 1669 2 5 69 100000
8 2 5 1670 2 6 70 100000
8 2 5 1671 2 7 71 100000
8 2 5 1672 2 0 72 100000
8 2 5 1673 2 1 73 100000
8 2 5 1674 2 2 74 100000
8 2 5 1675 2 3 75 100000
8 2 5 1676 2 4 76 100000
8 2 5 1677 2 5 77 100000
8 2 5 1678 2 6 78 100000
8 2 5 1679 2 7 79 100000
8 2 5 1680 2 0 80 100000
8 2 5 1681 2 1 81 100000
8 2 5 1682 2 2 82 100000
8 2 5 1683 2 3 83 100000
8 2 5 1684 2 4 84 100000
8 2 5 1685 2 5 85 100000
8 2 5 1686 2 6 86 100000
8 2 5 1687 2 7 87 100000
8 2 5 1688 2 0 88 100000
8 2 5 1689 2 1 89 100000
8 2 5 1690 2 2 90 100000
8 2 5 1691 2 3 91 100000
8 2 5 1692 2 4 92 100000
8 2 5 1693 2 5 93 100000
8 2 5 1694 2 6 94 100000
8 2 5 1695 2 7 95 100000
8 2 5 1696 2 0 96 100000
8 2 5 1697 2 1 97 100000
8 2 5 1698 2 2 98 100000
8 2 5 1699 2 3 99 100000
8 2 5 1700 2 4 0 100000
8 2 5 1701 2 5 1 100000
8 2 5 1702 2 6 2 100000
8 2 5 1703 2 7 3 100000
8 2 5 1704 2 0 4 100000
8 2 5 1705 2 1 5 100000
8 2 5 1706 2 2 6 100000
8 2 5 1707 2 3 7 100000
8 2 5 1708 2 4 8 100000
8 2 5 1709 2 5 9 100000
8 2 5 1710 2 6 10 100000
8 2 5 1711 2 7 11 100000
8 2 5 1712 2 0 12 100000
8 2 5 1713 2 1 13 100000
8 2 5 1714 2 2 14 100000
8 2 5 1715 2 3 15 100000
8 2 5 1716 2 4 16 100000
8 2 5 1717 2 5 17 100000
8 2 5 1718 2 6 18 100000
8 2 5 1719 2 7 19 100000
8 2 5 1720 2 0 20 100000
8 2 5 1721 2 1 21 100000
8 2 5 1722 2 2 22 100000
8 2 5 1723 2 3 23 100000
8 2 5 1724 2 4 24 100000
8 2 5 1725 2 5 25 100000
8 2 5 1726 2 6 26 100000
8 2 5 1727 2 7 27 100000
8 2 5 1728 2 0 28 100000
8 2 5 1729 2 1 29 100000
8 2 5 1730 2 2 30 100000
8 2 5 1731 2 3 31 100000
8 2 5 1732 2 4 32 100000
8 2 5 1733 2 5 33 100000
8 2 5 1734 2 6 34 100000
8 2 5 1735 2 7 35 100000
8 2 5 1736 2 0 36 100000
8 2 5 1737 2 1 37 100000
8 2 5 1738 2 2 38 100000
8 2 5 1739 2 3 39 100000
8 2 5 1740 2 4 40 100000
8 2 5 1741 2 5 41 100000
8 2 5 1742 2 6 42 100000
8 2 5 1743 2 7 43 100000
8 2 5 1744 2 0 44 100000
8 2 5 1745 2 1 45 100000
8 2 5 1746 2 2 46 100000
8 2 5 1747 2 3 47 100000
8 2 5 1748 2 4 48 100000
8 2 5 1749 2 5 49 100000
8 2 5 1750 2 6 50 100000
8 2 5 1751 2 7 51 100000
8 2 5 1752 2 0 52 100000
8 2 5 1753 2 1 53 100000
8 2 5 1754 2 2 54 100000
8 2 5 1755 2 3 55 100000
8 2 5 1756 2 4 56 100000
8 2 5 1757 2 5 57 100000
8 2 5 1758 2 6 58 100000
8 2 5 1759 2 7 59 100000
8 2 5 1760 2 0 60 100000
8 2 5 1761 2 1 61 100000
8 2 5 1762 2 2 62 100000
8 2 5 1763 2 3 63 100000
8 2 5 1764 2 4 64 100000
8 2 5 1765 2 5 65 100000
8 2 5 1766 2 6 66 100000
8 2 5 1767 2 7 67 100000
8 2 5 1768 2 0 68 100000
8 2 5 1769 2 1 69 100000
8 2 5 1770 2 2 70 100000
8 2 5 1771 2 3 71 100000
8 2 5 1772 2 4 72 100000
8 2 5 1773 2 5 73 100000
8 2 5 1774 2 6 74 100000
8 2 5 1775 2 7 75 100000
8 2 5 1776 2 0 76 100000
8 2 5 1777 2 1 77 100000
8 2 5 1778 2 2 78 100000
8 2 5 1779 2 3 79 100000
8 2 5 1780 2 4 80 100000
8 2 5 1781 2 5 81 100000
8 2 5 1782 2 6 82 100000
8 2 5 1783 2 7 83 100000
8 2 5 1784 2 0 84 100000
8 2 5 1785 2 1 85 100000
8 2 5 1786 2 2 86 100000
8 2 5 1787 2 3 87 100000
8 2 5 1788 2 4 88 100000
8 2 5 1789 2 5 89 100000
8 2 5 1790 2 6 90 100000
8 2 5 1791 2 7 91 100000
8 2 5 1792 2 0 92 100000
8 2 5 1793 2 1 93 100000
8 2 5 1794 2 2 94 100000
8 2 5 1795 2 3 95 100000
8 2 5 1796 2 4 96 100000
8 2 5 1797 2 5 97 100000
8 2 5 1798 2 6 98 100000
8 2 5 1799 2 7 99 100000
