16 7 1 2100 2 4 0 100000
16 7 1 2101 2 5 1 100000
16 7 1 2102 2 6 2 100000
16 7 1 2103 2 7 3 100000
16 7 1 2104 2 0 4 100000
16 7 1 2105 2 1 5 100000
16 7 1 2106 2 2 6 100000
16 7 1 2107 2 3 7 100000
16 7 1 2108 2 4 8 100000
16 7 1 2109 2 5 9 100000
16 7 1 2110 2 6 10 100000
16 7 1 2111 2 7 11 100000
16 7 1 2112 2 0 12 100000
16 7 1 2113 2 1 13 100000
16 7 1 2114 2 2 14 100000
16 7 1 2115 2 3 15 100000
16 7 1 2116 2 4 16 100000
16 7 1 2117 2 5 17 100000
16 7 1 2118 2 6 18 100000
16 7 1 2119 2 7 19 100000
16 7 1 2120 2 0 20 100000
16 7 1 2121 2 1 21 100000
16 7 1 2122 2 2 22 100000
16 7 1 2123 2 3 23 100000
16 7 1 2124 2 4 24 100000
16 7 1 2125 2 5 25 100000
16 7 1 2126 2 6 26 100000
16 7 1 2127 2 7 27 100000
16 7 1 2128 2 0 28 100000
16 7 1 2129 2 1 29 100000
16 7 1 2130 2 2 30 100000
16 7 1 2131 2 3 31 100000
16 7 1 2132 2 4 32 100000
16 7 1 2133 2 5 33 100000
16 7 1 2134 2 6 34 100000
16 7 1 2135 2 7 35 100000
16 7 1 2136 2 0 36 100000
16 7 1 2137 2 1 37 100000
16 7 1 2138 2 2 38 100000
16 7 1 2139 2 3 39 100000
16 7 1 2140 2 4 40 100000
16 7 1 2141 2 5 41 100000
16 7 1 2142 2 6 42 100000
16 7 1 2143 2 7 43 100000
16 7 1 2144 2 0 44 100000
16 7 1 2145 2 1 45 100000
16 7 1 2146 2 2 46 100000
16 7 1 2147 2 3 47 100000
16 7 1 2148 2 4 48 100000
16 7 1 2149 2 5 49 100000
16 7 1 2150 2 6 50 100000
16 7 1 2151 2 7 51 100000
16 7 1 2152 2 0 52 100000
16 7 1 2153 2 1 53 100000
16 7 1 2154 2 2 54 100000
16 7 1 2155 2 3 55 100000
16 7 1 2156 2 4 56 100000
16 7 1 2157 2 5 57 100000
16 7 1 2158 2 6 58 100000
16 7 1 2159 2 7 59 100000
16 7 1 2160 2 0 60 100000
16 7 1 2161 2 1 61 100000
16 7 1 2162 2 2 62 100000
16 7 1 2163 2 3 63 100000
16 7 1 2164 2 4 64 100000
16 7 1 2165 2 5 65 100000
16 7 1 2166 2 6 66 100000
16 7 1 2167 2 7 67 100000
16 7 1 2168 2 0 68 100000
16 7 1 2169 2 1 69 100000
16 7 1 2170 2 2 70 100000
16 7 1 2171 2 3 71 100000
16 7 1 2172 2 4 72 100000
16 7 1 2173 2 5 73 100000
16 7 1 2174 2 6 74 100000
16 7 1 2175 2 7 75 100000
16 7 1 2176 2 0 76 100000
16 7 1 2177 2 1 77 100000
16 7 1 2178 2 2 78 100000
16 7 1 2179 2 3 79 100000
16 7 1 2180 2 4 80 100000
16 7 1 2181 2 5 81 100000
16 7 1 2182 2 6 82 100000
16 7 1 2183 2 7 83 100000
16 7 1 2184 2 0 84 100000
16 7 1 2185 2 1 85 100000
16 7 1 2186 2 2 86 100000
16 7 1 2187 2 3 87 100000
16 7 1 2188 2 4 88 100000
16 7 1 2189 2 5 89 100000
16 7 1 2190 2 6 90 100000
16 7 1 2191 2 7 91 100000
16 7 1 2192 2 0 92 100000
16 7 1 2193 2 1 93 100000
16 7 1 2194 2 2 94 100000
16 7 1 2195 2 3 95 100000
16 7 1 2196 2 4 96 100000
16 7 1 2197 2 5 97 100000
16 7 1 2198 2 6 98 100000
16 7 1 2199 2 7 99 100000
16 7 1 2200 2 0 0 100000
16 7 1 2201 2 1 1 100000
16 7 1 2202 2 2 2 100000
16 7 1 2203 2 3 3 100000
16 7 1 2204 2 4 4 100000
16 7 1 2205 2 5 5 100000
16 7 1 2206 2 6 6 100000
16 7 1 2207 2 7 7 100000
16 7 1 2208 2 0 8 100000
16 7 1 2209 2 1 9 100000
16 7 1 2210 2 2 10 100000
16 7 1 2211 2 3 11 100000
16 7 1 2212 2 4 12 100000
16 7 1 2213 2 5 13 100000
16 7 1 2214 2 6 14 100000
16 7 1 2215 2 7 15 100000
16 7 1 2216 2 0 16 100000
16 7 1 2217 2 1 17 100000
16 7 1 2218 2 2 18 100000
16 7 1 2219 2 3 19 100000
16 7 1 2220 2 4 20 100000
16 7 1 2221 2 5 21 100000
16 7 1 2222 2 6 22 100000
16 7 1 2223 2 7 23 100000
16 7 1 2224 2 0 24 100000
16 7 1 2225 2 1 25 100000
16 7 1 2226 2 2 26 100000
16 7 1 2227 2 3 27 100000
16 7 1 2228 2 4 28 100000
16 7 1 2229 2 5 29 100000
16 7 1 2230 2 6 30 100000
16 7 1 2231 2 7 31 100000
16 7 1 2232 2 0 32 100000
16 7 1 2233 2 1 33 100000
16 7 1 2234 2 2 34 100000
16 7 1 2235 2 3 35 100000
16 7 1 2236 2 4 36 100000
16 7 1 2237 2 5 37 100000
16 7 1 2238 2 6 38 100000
16 7 1 2239 2 7 39 100000
16 7 1 2240 2 0 40 100000
16 7 1 2241 2 1 41 100000
16 7 1 2242 2 2 42 100000
16 7 1 2243 2 3 43 100000
16 7 1 2244 2 4 44 100000
16 7 1 2245 2 5 45 100000
16 7 1 2246 2 6 46 100000
16 7 1 2247 2 7 47 100000
16 7 1 2248 2 0 48 100000
16 7 1 2249 2 1 49 100000
16 7 1 2250 2 2 50 100000
16 7 1 2251 2 3 51 100000
16 7 1 2252 2 4 52 100000
16 7 1 2253 2 5 53 100000
16 7 1 2254 2 6 54 100000
16 7 1 2255 2 7 55 100000
16 7 1 2256 2 0 56 100000
16 7 1 2257 2 1 57 100000
16 7 1 2258 2 2 58 100000
16 7 1 2259 2 3 59 100000
16 7 1 2260 2 4 60 100000
16 7 1 2261 2 5 61 100000
16 7 1 2262 2 6 62 100000
16 7 1 2263 2 7 63 100000
16 7 1 2264 2 0 64 100000
16 7 1 2265 2 1 65 100000
16 7 1 2266 2 2 66 100000
16 7 1 2267 2 3 67 100000
16 7 1 2268 2 4 68 100000
16 7 1 2269 2 5 69 100000
16 7 1 2270 2 6 70 100000
16 7 1 2271 2 7 71 100000
16 7 1 2272 2 0 72 100000
16 7 1 2273 2 1 73 100000
16 7 1 2274 2 2 74 100000
16 7 1 2275 2 3 75 100000
16 7 1 2276 2 4 76 100000
16 7 1 2277 2 5 77 100000
16 7 1 2278 2 6 78 100000
16 7 1 2279 2 7 79 100000
16 7 1 2280 2 0 80 100000
16 7 1 2281 2 1 81 100000
16 7 1 2282 2 2 82 100000
16 7 1 2283 2 3 83 100000
16 7 1 2284 2 4 84 100000
16 7 1 2285 2 5 85 100000
16 7 1 2286 2 6 86 100000
16 7 1 2287 2 7 87 100000
16 7 1 2288 2 0 88 100000
16 7 1 2289 2 1 89 100000
16 7 1 2290 2 2 90 100000
16 7 1 2291 2 3 91 100000
16 7 1 2292 2 4 92 100000
16 7 1 2293 2 5 93 100000
16 7 1 2294 2 6 94 100000
16 7 1 2295 2 7 95 100000
16 7 1 2296 2 0 96 100000
16 7 1 2297 2 1 97 100000
16 7 1 2298 2 2 98 100000
16 7 1 2299 2 3 99 100000
16 7 1 2300 2 4 0 100000
16 7 1 2301 2 5 1 100000
16 7 1 2302 2 6 2 100000
16 7 1 2303 2 7 3 100000
16 7 1 2304 2 0 4 100000
16 7 1 2305 2 1 5 100000
16 7 1 2306 2 2 6 100000
16 7 1 2307 2 3 7 100000
16 7 1 2308 2 4 8 100000
16 7 1 2309 2 5 9 100000
16 7 1 2310 2 6 10 100000
16 7 1 2311 2 7 11 100000
16 7 1 2312 2 0 12 100000
16 7 1 2313 2 1 13 100000
16 7 1 2314 2 2 14 100000
16 7 1 2315 2 3 15 100000
16 7 1 2316 2 4 16 100000
16 7 1 2317 2 5 17 100000
16 7 1 2318 2 6 18 100000
16 7 1 2319 2 7 19 100000
16 7 1 2320 2 0 20 100000
16 7 1 2321 2 1 21 100000
16 7 1 2322 2 2 22 100000
16 7 1 2323 2 3 23 100000
16 7 1 2324 2 4 24 100000
16 7 1 2325 2 5 25 100000
16 7 1 2326 2 6 26 100000
16 7 1 2327 2 7 27 100000
16 7 1 2328 2 0 28 100000
16 7 1 2329 2 1 29 100000
16 7 1 2330 2 2 30 100000
16 7 1 2331 2 3 31 100000
16 7 1 2332 2 4 32 100000
16 7 1 2333 2 5 33 100000
16 7 1 2334 2 6 34 100000
16 7 1 2335 2 7 35 100000
16 7 1 2336 2 0 36 100000
16 7 1 2337 2 1 37 100000
16 7 1 2338 2 2 38 100000
16 7 1 2339 2 3 39 100000
16 7 1 2340 2 4 40 100000
16 7 1 2341 2 5 41 100000
16 7 1 2342 2 6 42 100000
16 7 1 2343 2 7 43 100000
16 7 1 2344 2 0 44 100000
16 7 1 2345 2 1 45 100000
16 7 1 2346 2 2 46 100000
16 7 1 2347 2 3 47 100000
16 7 1 2348 2 4 48 100000
16 7 1 2349 2 5 49 100000
16 7 1 2350 2 6 50 100000
16 7 1 2351 2 7 51 100000
16 7 1 2352 2 0 52 100000
16 7 1 2353 2 1 53 100000
16 7 1 2354 2 2 54 100000
16 7 1 2355 2 3 55 100000
16 7 1 2356 2 4 56 100000
16 7 1 2357 2 5 57 100000
16 7 1 2358 2 6 58 100000
16 7 1 2359 2 7 59 100000
16 7 1 2360 2 0 60 100000
16 7 1 2361 2 1 61 100000
16 7 1 2362 2 2 62 100000
16 7 1 2363 2 3 63 100000
16 7 1 2364 2 4 64 100000
16 7 1 2365 2 5 65 100000
16 7 1 2366 2 6 66 100000
16 7 1 2367 2 7 67 100000
16 7 1 2368 2 0 68 100000
16 7 1 2369 2 1 69 100000
16 7 1 2370 2 2 70 100000
16 7 1 2371 2 3 71 100000
16 7 1 2372 2 4 72 100000
16 7 1 2373 2 5 73 100000
16 7 1 2374 2 6 74 100000
16 7 1 2375 2 7 75 100000
16 7 1 2376 2 0 76 100000
16 7 1 2377 2 1 77 100000
16 7 1 2378 2 2 78 100000
16 7 1 2379 2 3 79 100000
16 7 1 2380 2 4 80 100000
16 7 1 2381 2 5 81 100000
16 7 1 2382 2 6 82 100000
16 7 1 2383 2 7 83 100000
16 7 1 2384 2 0 84 100000
16 7 1 2385 2 1 85 100000
16 7 1 2386 2 2 86 100000
16 7 1 2387 2 3 87 100000
16 7 1 2388 2 4 88 100000
16 7 1 2389 2 5 89 100000
16 7 1 2390 2 6 90 100000
16 7 1 2391 2 7 91 100000
16 7 1 2392 2 0 92 100000
16 7 1 2393 2 1 93 100000
16 7 1 2394 2 2 94 100000
16 7 1 2395 2 3 95 100000
16 7 1 2396 2 4 96 100000
16 7 1 2397 2 5 97 100000
16 7 1 2398 2 6 98 100000
16 7 1 2399 2 7 99 100000
16 7 2 2100 2 4 0 100000
16 7 2 2101 2 5 1 100000
16 7 2 2102 2 6 2 100000
16 7 2 2103 2 7 3 100000
16 7 2 2104 2 0 4 100000
16 7 2 2105 2 1 5 100000
16 7 2 2106 2 2 6 100000
16 7 2 2107 2 3 7 100000
16 7 2 2108 2 4 8 100000
16 7 2 2109 2 5 9 100000
16 7 2 2110 2 6 10 100000
16 7 2 2111 2 7 11 100000
16 7 2 2112 2 0 12 100000
16 7 2 2113 2 1 13 100000
16 7 2 2114 2 2 14 100000
16 7 2 2115 2 3 15 100000
16 7 2 2116 2 4 16 100000
16 7 2 2117 2 5 17 100000
16 7 2 2118 2 6 18 100000
16 7 2 2119 2 7 19 100000
16 7 2 2120 2 0 20 100000
16 7 2 2121 2 1 21 100000
16 7 2 2122 2 2 22 100000
16 7 2 2123 2 3 23 100000
16 7 2 2124 2 4 24 100000
16 7 2 2125 2 5 25 100000
16 7 2 2126 2 6 26 100000
16 7 2 2127 2 7 27 100000
16 7 2 2128 2 0 28 100000
16 7 2 2129 2 1 29 100000
16 7 2 2130 2 2 30 100000
16 7 2 2131 2 3 31 100000
16 7 2 2132 2 4 32 100000
16 7 2 2133 2 5 33 100000
16 7 2 2134 2 6 34 100000
16 7 2 2135 2 7 35 100000
16 7 2 2136 2 0 36 100000
16 7 2 2137 2 1 37 100000
16 7 2 2138 2 2 38 100000
16 7 2 2139 2 3 39 100000
16 7 2 2140 2 4 40 100000
16 7 2 2141 2 5 41 100000
16 7 2 2142 2 6 42 100000
16 7 2 2143 2 7 43 100000
16 7 2 2144 2 0 44 100000
16 7 2 2145 2 1 45 100000
16 7 2 2146 2 2 46 100000
16 7 2 2147 2 3 47 100000
16 7 2 2148 2 4 48 100000
16 7 2 2149 2 5 49 100000
16 7 2 2150 2 6 50 100000
16 7 2 2151 2 7 51 100000
16 7 2 2152 2 0 52 100000
16 7 2 2153 2 1 53 100000
16 7 2 2154 2 2 54 100000
16 7 2 2155 2 3 55 100000
16 7 2 2156 2 4 56 100000
16 7 2 2157 2 5 57 100000
16 7 2 2158 2 6 58 100000
16 7 2 2159 2 7 59 100000
16 7 2 2160 2 0 60 100000
16 7 2 2161 2 1 61 100000
16 7 2 2162 2 2 62 100000
16 7 2 2163 2 3 63 100000
16 7 2 2164 2 4 64 100000
16 7 2 2165 2 5 65 100000
16 7 2 2166 2 6 66 100000
16 7 2 2167 2 7 67 100000
16 7 2 2168 2 0 68 100000
16 7 2 2169 2 1 69 100000
16 7 2 2170 2 2 70 100000
16 7 2 2171 2 3 71 100000
16 7 2 2172 2 4 72 100000
16 7 2 2173 2 5 73 100000
16 7 2 2174 2 6 74 100000
16 7 2 2175 2 7 75 100000
16 7 2 2176 2 0 76 100000
16 7 2 2177 2 1 77 100000
16 7 2 2178 2 2 78 100000
16 7 2 2179 2 3 79 100000
16 7 2 2180 2 4 80 100000
16 7 2 2181 2 5 81 100000
16 7 2 2182 2 6 82 100000
16 7 2 2183 2 7 83 100000
16 7 2 2184 2 0 84 100000
16 7 2 2185 2 1 85 100000
16 7 2 2186 2 2 86 100000
16 7 2 2187 2 3 87 100000
16 7 2 2188 2 4 88 100000
16 7 2 2189 2 5 89 100000
16 7 2 2190 2 6 90 100000
16 7 2 2191 2 7 91 100000
16 7 2 2192 2 0 92 100000
16 7 2 2193 2 1 93 100000
16 7 2 2194 2 2 94 100000
16 7 2 2195 2 3 95 100000
16 7 2 2196 2 4 96 100000
16 7 2 2197 2 5 97 100000
16 7 2 2198 2 6 98 100000
16 7 2 2199 2 7 99 100000
16 7 2 2200 2 0 0 100000
16 7 2 2201 2 1 1 100000
16 7 2 2202 2 2 2 100000
16 7 2 2203 2 3 3 100000
16 7 2 2204 2 4 4 100000
16 7 2 2205 2 5 5 100000
16 7 2 2206 2 6 6 100000
16 7 2 2207 2 7 7 100000
16 7 2 2208 2 0 8 100000
16 7 2 2209 2 1 9 100000
16 7 2 2210 2 2 10 100000
16 7 2 2211 2 3 11 100000
16 7 2 2212 2 4 12 100000
16 7 2 2213 2 5 13 100000
16 7 2 2214 2 6 14 100000
16 7 2 2215 2 7 15 100000
16 7 2 2216 2 0 16 100000
16 7 2 2217 2 1 17 100000
16 7 2 2218 2 2 18 100000
16 7 2 2219 2 3 19 100000
16 7 2 2220 2 4 20 100000
16 7 2 2221 2 5 21 100000
16 7 2 2222 2 6 22 100000
16 7 2 2223 2 7 23 100000
16 7 2 2224 2 0 24 100000
16 7 2 2225 2 1 25 100000
16 7 2 2226 2 2 26 100000
16 7 2 2227 2 3 27 100000
16 7 2 2228 2 4 28 100000
16 7 2 2229 2 5 29 100000
16 7 2 2230 2 6 30 100000
16 7 2 2231 2 7 31 100000
16 7 2 2232 2 0 32 100000
16 7 2 2233 2 1 33 100000
16 7 2 2234 2 2 34 100000
16 7 2 2235 2 3 35 100000
16 7 2 2236 2 4 36 100000
16 7 2 2237 2 5 37 100000
16 7 2 2238 2 6 38 100000
16 7 2 2239 2 7 39 100000
16 7 2 2240 2 0 40 100000
16 7 2 2241 2 1 41 100000
16 7 2 2242 2 2 42 100000
16 7 2 2243 2 3 43 100000
16 7 2 2244 2 4 44 100000
16 7 2 2245 2 5 45 100000
16 7 2 2246 2 6 46 100000
16 7 2 2247 2 7 47 100000
16 7 2 2248 2 0 48 100000
16 7 2 2249 2 1 49 100000
16 7 2 2250 2 2 50 100000
16 7 2 2251 2 3 51 100000
16 7 2 2252 2 4 52 100000
16 7 2 2253 2 5 53 100000
16 7 2 2254 2 6 54 100000
16 7 2 2255 2 7 55 100000
16 7 2 2256 2 0 56 100000
16 7 2 2257 2 1 57 100000
16 7 2 2258 2 2 58 100000
16 7 2 2259 2 3 59 100000
16 7 2 2260 2 4 60 100000
16 7 2 2261 2 5 61 100000
16 7 2 2262 2 6 62 100000
16 7 2 2263 2 7 63 100000
16 7 2 2264 2 0 64 100000
16 7 2 2265 2 1 65 100000
16 7 2 2266 2 2 66 100000
16 7 2 2267 2 3 67 100000
16 7 2 2268 2 4 68 100000
16 7 2 2269 2 5 69 100000
16 7 2 2270 2 6 70 100000
16 7 2 2271 2 7 71 100000
16 7 2 2272 2 0 72 100000
16 7 2 2273 2 1 73 100000
16 7 2 2274 2 2 74 100000
16 7 2 2275 2 3 75 100000
16 7 2 2276 2 4 76 100000
16 7 2 2277 2 5 77 100000
16 7 2 2278 2 6 78 100000
16 7 2 2279 2 7 79 100000
16 7 2 2280 2 0 80 100000
16 7 2 2281 2 1 81 100000
16 7 2 2282 2 2 82 100000
16 7 2 2283 2 3 83 100000
16 7 2 2284 2 4 84 100000
16 7 2 2285 2 5 85 100000
16 7 2 2286 2 6 86 100000
16 7 2 2287 2 7 87 100000
16 7 2 2288 2 0 88 100000
16 7 2 2289 2 1 89 100000
16 7 2 2290 2 2 90 100000
16 7 2 2291 2 3 91 100000
16 7 2 2292 2 4 92 100000
16 7 2 2293 2 5 93 100000
16 7 2 2294 2 6 94 100000
16 7 2 2295 2 7 95 100000
16 7 2 2296 2 0 96 100000
16 7 2 2297 2 1 97 100000
16 7 2 2298 2 2 98 100000
16 7 2 2299 2 3 99 100000
16 7 2 2300 2 4 0 100000
16 7 2 2301 2 5 1 100000
16 7 2 2302 2 6 2 100000
16 7 2 2303 2 7 3 100000
16 7 2 2304 2 0 4 100000
16 7 2 2305 2 1 5 100000
16 7 2 2306 2 2 6 100000
16 7 2 2307 2 3 7 100000
16 7 2 2308 2 4 8 100000
16 7 2 2309 2 5 9 100000
16 7 2 2310 2 6 10 100000
16 7 2 2311 2 7 11 100000
16 7 2 2312 2 0 12 100000
16 7 2 2313 2 1 13 100000
16 7 2 2314 2 2 14 100000
16 7 2 2315 2 3 15 100000
16 7 2 2316 2 4 16 100000
16 7 2 2317 2 5 17 100000
16 7 2 2318 2 6 18 100000
16 7 2 2319 2 7 19 100000
16 7 2 2320 2 0 20 100000
16 7 2 2321 2 1 21 100000
16 7 2 2322 2 2 22 100000
16 7 2 2323 2 3 23 100000
16 7 2 2324 2 4 24 100000
16 7 2 2325 2 5 25 100000
16 7 2 2326 2 6 26 100000
16 7 2 2327 2 7 27 100000
16 7 2 2328 2 0 28 100000
16 7 2 2329 2 1 29 100000
16 7 2 2330 2 2 30 100000
16 7 2 2331 2 3 31 100000
16 7 2 2332 2 4 32 100000
16 7 2 2333 2 5 33 100000
16 7 2 2334 2 6 34 100000
16 7 2 2335 2 7 35 100000
16 7 2 2336 2 0 36 100000
16 7 2 2337 2 1 37 100000
16 7 2 2338 2 2 38 100000
16 7 2 2339 2 3 39 100000
16 7 2 2340 2 4 40 100000
16 7 2 2341 2 5 41 100000
16 7 2 2342 2 6 42 100000
16 7 2 2343 2 7 43 100000
16 7 2 2344 2 0 44 100000
16 7 2 2345 2 1 45 100000
16 7 2 2346 2 2 46 100000
16 7 2 2347 2 3 47 100000
16 7 2 2348 2 4 48 100000
16 7 2 2349 2 5 49 100000
16 7 2 2350 2 6 50 100000
16 7 2 2351 2 7 51 100000
16 7 2 2352 2 0 52 100000
16 7 2 2353 2 1 53 100000
16 7 2 2354 2 2 54 100000
16 7 2 2355 2 3 55 100000
16 7 2 2356 2 4 56 100000
16 7 2 2357 2 5 57 100000
16 7 2 2358 2 6 58 100000
16 7 2 2359 2 7 59 100000
16 7 2 2360 2 0 60 100000
16 7 2 2361 2 1 61 100000
16 7 2 2362 2 2 62 100000
16 7 2 2363 2 3 63 100000
16 7 2 2364 2 4 64 100000
16 7 2 2365 2 5 65 100000
16 7 2 2366 2 6 66 100000
16 7 2 2367 2 7 67 100000
16 7 2 2368 2 0 68 100000
16 7 2 2369 2 1 69 100000
16 7 2 2370 2 2 70 100000
16 7 2 2371 2 3 71 100000
16 7 2 2372 2 4 72 100000
16 7 2 2373 2 5 73 100000
16 7 2 2374 2 6 74 100000
16 7 2 2375 2 7 75 100000
16 7 2 2376 2 0 76 100000
16 7 2 2377 2 1 77 100000
16 7 2 2378 2 2 78 100000
16 7 2 2379 2 3 79 100000
16 7 2 2380 2 4 80 100000
16 7 2 2381 2 5 81 100000
16 7 2 2382 2 6 82 100000
16 7 2 2383 2 7 83 100000
16 7 2 2384 2 0 84 100000
16 7 2 2385 2 1 85 100000
16 7 2 2386 2 2 86 100000
16 7 2 2387 2 3 87 100000
16 7 2 2388 2 4 88 100000
16 7 2 2389 2 5 89 100000
16 7 2 2390 2 6 90 100000
16 7 2 2391 2 7 91 100000
16 7 2 2392 2 0 92 100000
16 7 2 2393 2 1 93 100000
16 7 2 2394 2 2 94 100000
16 7 2 2395 2 3 95 100000
16 7 2 2396 2 4 96 100000
16 7 2 2397 2 5 97 100000
16 7 2 2398 2 6 98 100000
16 7 2 2399 2 7 99 100000
16 7 3 2100 2 4 0 100000
16 7 3 2101 2 5 1 100000
16 7 3 2102 2 6 2 100000
16 7 3 2103 2 7 3 100000
16 7 3 2104 2 0 4 100000
16 7 3 2105 2 1 5 100000
16 7 3 2106 2 2 6 100000
16 7 3 2107 2 3 7 100000
16 7 3 2108 2 4 8 100000
16 7 3 2109 2 5 9 100000
16 7 3 2110 2 6 10 100000
16 7 3 2111 2 7 11 100000
16 7 3 2112 2 0 12 100000
16 7 3 2113 2 1 13 100000
16 7 3 2114 2 2 14 100000
16 7 3 2115 2 3 15 100000
16 7 3 2116 2 4 16 100000
16 7 3 2117 2 5 17 100000
16 7 3 2118 2 6 18 100000
16 7 3 2119 2 7 19 100000
16 7 3 2120 2 0 20 100000
16 7 3 2121 2 1 21 100000
16 7 3 2122 2 2 22 100000
16 7 3 2123 2 3 23 100000
16 7 3 2124 2 4 24 100000
16 7 3 2125 2 5 25 100000
16 7 3 2126 2 6 26 100000
16 7 3 2127 2 7 27 100000
16 7 3 2128 2 0 28 100000
16 7 3 2129 2 1 29 100000
16 7 3 2130 2 2 30 100000
16 7 3 2131 2 3 31 100000
16 7 3 2132 2 4 32 100000
16 7 3 2133 2 5 33 100000
16 7 3 2134 2 6 34 100000
16 7 3 2135 2 7 35 100000
16 7 3 2136 2 0 36 100000
16 7 3 2137 2 1 37 100000
16 7 3 2138 2 2 38 100000
16 7 3 2139 2 3 39 100000
16 7 3 2140 2 4 40 100000
16 7 3 2141 2 5 41 100000
16 7 3 2142 2 6 42 100000
16 7 3 2143 2 7 43 100000
16 7 3 2144 2 0 44 100000
16 7 3 2145 2 1 45 100000
16 7 3 2146 2 2 46 100000
16 7 3 2147 2 3 47 100000
16 7 3 2148 2 4 48 100000
16 7 3 2149 2 5 49 100000
16 7 3 2150 2 6 50 100000
16 7 3 2151 2 7 51 100000
16 7 3 2152 2 0 52 100000
16 7 3 2153 2 1 53 100000
16 7 3 2154 2 2 54 100000
16 7 3 2155 2 3 55 100000
16 7 3 2156 2 4 56 100000
16 7 3 2157 2 5 57 100000
16 7 3 2158 2 6 58 100000
16 7 3 2159 2 7 59 100000
16 7 3 2160 2 0 60 100000
16 7 3 2161 2 1 61 100000
16 7 3 2162 2 2 62 100000
16 7 3 2163 2 3 63 100000
16 7 3 2164 2 4 64 100000
16 7 3 2165 2 5 65 100000
16 7 3 2166 2 6 66 100000
16 7 3 2167 2 7 67 100000
16 7 3 2168 2 0 68 100000
16 7 3 2169 2 1 69 100000
16 7 3 2170 2 2 70 100000
16 7 3 2171 2 3 71 100000
16 7 3 2172 2 4 72 100000
16 7 3 2173 2 5 73 100000
16 7 3 2174 2 6 74 100000
16 7 3 2175 2 7 75 100000
16 7 3 2176 2 0 76 100000
16 7 3 2177 2 1 77 100000
16 7 3 2178 2 2 78 100000
16 7 3 2179 2 3 79 100000
16 7 3 2180 2 4 80 100000
16 7 3 2181 2 5 81 100000
16 7 3 2182 2 6 82 100000
16 7 3 2183 2 7 83 100000
16 7 3 2184 2 0 84 100000
16 7 3 2185 2 1 85 100000
16 7 3 2186 2 2 86 100000
16 7 3 2187 2 3 87 100000
16 7 3 2188 2 4 88 100000
16 7 3 2189 2 5 89 100000
16 7 3 2190 2 6 90 100000
16 7 3 2191 2 7 91 100000
16 7 3 2192 2 0 92 100000
16 7 3 2193 2 1 93 100000
16 7 3 2194 2 2 94 100000
16 7 3 2195 2 3 95 100000
16 7 3 2196 2 4 96 100000
16 7 3 2197 2 5 97 100000
16 7 3 2198 2 6 98 100000
16 7 3 2199 2 7 99 100000
16 7 3 2200 2 0 0 100000
16 7 3 2201 2 1 1 100000
16 7 3 2202 2 2 2 100000
16 7 3 2203 2 3 3 100000
16 7 3 2204 2 4 4 100000
16 7 3 2205 2 5 5 100000
16 7 3 2206 2 6 6 100000
16 7 3 2207 2 7 7 100000
16 7 3 2208 2 0 8 100000
16 7 3 2209 2 1 9 100000
16 7 3 2210 2 2 10 100000
16 7 3 2211 2 3 11 100000
16 7 3 2212 2 4 12 100000
16 7 3 2213 2 5 13 100000
16 7 3 2214 2 6 14 100000
16 7 3 2215 2 7 15 100000
16 7 3 2216 2 0 16 100000
16 7 3 2217 2 1 17 100000
16 7 3 2218 2 2 18 100000
16 7 3 2219 2 3 19 100000
16 7 3 2220 2 4 20 100000
16 7 3 2221 2 5 21 100000
16 7 3 2222 2 6 22 100000
16 7 3 2223 2 7 23 100000
16 7 3 2224 2 0 24 100000
16 7 3 2225 2 1 25 100000
16 7 3 2226 2 2 26 100000
16 7 3 2227 2 3 27 100000
16 7 3 2228 2 4 28 100000
16 7 3 2229 2 5 29 100000
16 7 3 2230 2 6 30 100000
16 7 3 2231 2 7 31 100000
16 7 3 2232 2 0 32 100000
16 7 3 2233 2 1 33 100000
16 7 3 2234 2 2 34 100000
16 7 3 2235 2 3 35 100000
16 7 3 2236 2 4 36 100000
16 7 3 2237 2 5 37 100000
16 7 3 2238 2 6 38 100000
16 7 3 2239 2 7 39 100000
16 7 3 2240 2 0 40 100000
16 7 3 2241 2 1 41 100000
16 7 3 2242 2 2 42 100000
16 7 3 2243 2 3 43 100000
16 7 3 2244 2 4 44 100000
16 7 3 2245 2 5 45 100000
16 7 3 2246 2 6 46 100000
16 7 3 2247 2 7 47 100000
16 7 3 2248 2 0 48 100000
16 7 3 2249 2 1 49 100000
16 7 3 2250 2 2 50 100000
16 7 3 2251 2 3 51 100000
16 7 3 2252 2 4 52 100000
16 7 3 2253 2 5 53 100000
16 7 3 2254 2 6 54 100000
16 7 3 2255 2 7 55 100000
16 7 3 2256 2 0 56 100000
16 7 3 2257 2 1 57 100000
16 7 3 2258 2 2 58 100000
16 7 3 2259 2 3 59 100000
16 7 3 2260 2 4 60 100000
16 7 3 2261 2 5 61 100000
16 7 3 2262 2 6 62 100000
16 7 3 2263 2 7 63 100000
16 7 3 2264 2 0 64 100000
16 7 3 2265 2 1 65 100000
16 7 3 2266 2 2 66 100000
16 7 3 2267 2 3 67 100000
16 7 3 2268 2 4 68 100000
16 7 3 2269 2 5 69 100000
16 7 3 2270 2 6 70 100000
16 7 3 2271 2 7 71 100000
16 7 3 2272 2 0 72 100000
16 7 3 2273 2 1 73 100000
16 7 3 2274 2 2 74 100000
16 7 3 2275 2 3 75 100000
16 7 3 2276 2 4 76 100000
16 7 3 2277 2 5 77 100000
16 7 3 2278 2 6 78 100000
16 7 3 2279 2 7 79 100000
16 7 3 2280 2 0 80 100000
16 7 3 2281 2 1 81 100000
16 7 3 2282 2 2 82 100000
16 7 3 2283 2 3 83 100000
16 7 3 2284 2 4 84 100000
16 7 3 2285 2 5 85 100000
16 7 3 2286 2 6 86 100000
16 7 3 2287 2 7 87 100000
16 7 3 2288 2 0 88 100000
16 7 3 2289 2 1 89 100000
16 7 3 2290 2 2 90 100000
16 7 3 2291 2 3 91 100000
16 7 3 2292 2 4 92 100000
16 7 3 2293 2 5 93 100000
16 7 3 2294 2 6 94 100000
16 7 3 2295 2 7 95 100000
16 7 3 2296 2 0 96 100000
16 7 3 2297 2 1 97 100000
16 7 3 2298 2 2 98 100000
16 7 3 2299 2 3 99 100000
16 7 3 2300 2 4 0 100000
16 7 3 2301 2 5 1 100000
16 7 3 2302 2 6 2 100000
16 7 3 2303 2 7 3 100000
16 7 3 2304 2 0 4 100000
16 7 3 2305 2 1 5 100000
16 7 3 2306 2 2 6 100000
16 7 3 2307 2 3 7 100000
16 7 3 2308 2 4 8 100000
16 7 3 2309 2 5 9 100000
16 7 3 2310 2 6 10 100000
16 7 3 2311 2 7 11 100000
16 7 3 2312 2 0 12 100000
16 7 3 2313 2 1 13 100000
16 7 3 2314 2 2 14 100000
16 7 3 2315 2 3 15 100000
16 7 3 2316 2 4 16 100000
16 7 3 2317 2 5 17 100000
16 7 3 2318 2 6 18 100000
16 7 3 2319 2 7 19 100000
16 7 3 2320 2 0 20 100000
16 7 3 2321 2 1 21 100000
16 7 3 2322 2 2 22 100000
16 7 3 2323 2 3 23 100000
16 7 3 2324 2 4 24 100000
16 7 3 2325 2 5 25 100000
16 7 3 2326 2 6 26 100000
16 7 3 2327 2 7 27 100000
16 7 3 2328 2 0 28 100000
16 7 3 2329 2 1 29 100000
16 7 3 2330 2 2 30 100000
16 7 3 2331 2 3 31 100000
16 7 3 2332 2 4 32 100000
16 7 3 2333 2 5 33 100000
16 7 3 2334 2 6 34 100000
16 7 3 2335 2 7 35 100000
16 7 3 2336 2 0 36 100000
16 7 3 2337 2 1 37 100000
16 7 3 2338 2 2 38 100000
16 7 3 2339 2 3 39 100000
16 7 3 2340 2 4 40 100000
16 7 3 2341 2 5 41 100000
16 7 3 2342 2 6 42 100000
16 7 3 2343 2 7 43 100000
16 7 3 2344 2 0 44 100000
16 7 3 2345 2 1 45 100000
16 7 3 2346 2 2 46 100000
16 7 3 2347 2 3 47 100000
16 7 3 2348 2 4 48 100000
16 7 3 2349 2 5 49 100000
16 7 3 2350 2 6 50 100000
16 7 3 2351 2 7 51 100000
16 7 3 2352 2 0 52 100000
16 7 3 2353 2 1 53 100000
16 7 3 2354 2 2 54 100000
16 7 3 2355 2 3 55 100000
16 7 3 2356 2 4 56 100000
16 7 3 2357 2 5 57 100000
16 7 3 2358 2 6 58 100000
16 7 3 2359 2 7 59 100000
16 7 3 2360 2 0 60 100000
16 7 3 2361 2 1 61 100000
16 7 3 2362 2 2 62 100000
16 7 3 2363 2 3 63 100000
16 7 3 2364 2 4 64 100000
16 7 3 2365 2 5 65 100000
16 7 3 2366 2 6 66 100000
16 7 3 2367 2 7 67 100000
16 7 3 2368 2 0 68 100000
16 7 3 2369 2 1 69 100000
16 7 3 2370 2 2 70 100000
16 7 3 2371 2 3 71 100000
16 7 3 2372 2 4 72 100000
16 7 3 2373 2 5 73 100000
16 7 3 2374 2 6 74 100000
16 7 3 2375 2 7 75 100000
16 7 3 2376 2 0 76 100000
16 7 3 2377 2 1 77 100000
16 7 3 2378 2 2 78 100000
16 7 3 2379 2 3 79 100000
16 7 3 2380 2 4 80 100000
16 7 3 2381 2 5 81 100000
16 7 3 2382 2 6 82 100000
16 7 3 2383 2 7 83 100000
16 7 3 2384 2 0 84 100000
16 7 3 2385 2 1 85 100000
16 7 3 2386 2 2 86 100000
16 7 3 2387 2 3 87 100000
16 7 3 2388 2 4 88 100000
16 7 3 2389 2 5 89 100000
16 7 3 2390 2 6 90 100000
16 7 3 2391 2 7 91 100000
16 7 3 2392 2 0 92 100000
16 7 3 2393 2 1 93 100000
16 7 3 2394 2 2 94 100000
16 7 3 2395 2 3 95 100000
16 7 3 2396 2 4 96 100000
16 7 3 2397 2 5 97 100000
16 7 3 2398 2 6 98 100000
16 7 3 2399 2 7 99 100000
16 7 4 2100 2 4 0 100000
16 7 4 2101 2 5 1 100000
16 7 4 2102 2 6 2 100000
16 7 4 2103 2 7 3 100000
16 7 4 2104 2 0 4 100000
16 7 4 2105 2 1 5 100000
16 7 4 2106 2 2 6 100000
16 7 4 2107 2 3 7 100000
16 7 4 2108 2 4 8 100000
16 7 4 2109 2 5 9 100000
16 7 4 2110 2 6 10 100000
16 7 4 2111 2 7 11 100000
16 7 4 2112 2 0 12 100000
16 7 4 2113 2 1 13 100000
16 7 4 2114 2 2 14 100000
16 7 4 2115 2 3 15 100000
16 7 4 2116 2 4 16 100000
16 7 4 2117 2 5 17 100000
16 7 4 2118 2 6 18 100000
16 7 4 2119 2 7 19 100000
16 7 4 2120 2 0 20 100000
16 7 4 2121 2 1 21 100000
16 7 4 2122 2 2 22 100000
16 7 4 2123 2 3 23 100000
16 7 4 2124 2 4 24 100000
16 7 4 2125 2 5 25 100000
16 7 4 2126 2 6 26 100000
16 7 4 2127 2 7 27 100000
16 7 4 2128 2 0 28 100000
16 7 4 2129 2 1 29 100000
16 7 4 2130 2 2 30 100000
16 7 4 2131 2 3 31 100000
16 7 4 2132 2 4 32 100000
16 7 4 2133 2 5 33 100000
16 7 4 2134 2 6 34 100000
16 7 4 2135 2 7 35 100000
16 7 4 2136 2 0 36 100000
16 7 4 2137 2 1 37 100000
16 7 4 2138 2 2 38 100000
16 7 4 2139 2 3 39 100000
16 7 4 2140 2 4 40 100000
16 7 4 2141 2 5 41 100000
16 7 4 2142 2 6 42 100000
16 7 4 2143 2 7 43 100000
16 7 4 2144 2 0 44 100000
16 7 4 2145 2 1 45 100000
16 7 4 2146 2 2 46 100000
16 7 4 2147 2 3 47 100000
16 7 4 2148 2 4 48 100000
16 7 4 2149 2 5 49 100000
16 7 4 2150 2 6 50 100000
16 7 4 2151 2 7 51 100000
16 7 4 2152 2 0 52 100000
16 7 4 2153 2 1 53 100000
16 7 4 2154 2 2 54 100000
16 7 4 2155 2 3 55 100000
16 7 4 2156 2 4 56 100000
16 7 4 2157 2 5 57 100000
16 7 4 2158 2 6 58 100000
16 7 4 2159 2 7 59 100000
16 7 4 2160 2 0 60 100000
16 7 4 2161 2 1 61 100000
16 7 4 2162 2 2 62 100000
16 7 4 2163 2 3 63 100000
16 7 4 2164 2 4 64 100000
16 7 4 2165 2 5 65 100000
16 7 4 2166 2 6 66 100000
16 7 4 2167 2 7 67 100000
16 7 4 2168 2 0 68 100000
16 7 4 2169 2 1 69 100000
16 7 4 2170 2 2 70 100000
16 7 4 2171 2 3 71 100000
16 7 4 2172 2 4 72 100000
16 7 4 2173 2 5 73 100000
16 7 4 2174 2 6 74 100000
16 7 4 2175 2 7 75 100000
16 7 4 2176 2 0 76 100000
16 7 4 2177 2 1 77 100000
16 7 4 2178 2 2 78 100000
16 7 4 2179 2 3 79 100000
16 7 4 2180 2 4 80 100000
16 7 4 2181 2 5 81 100000
16 7 4 2182 2 6 82 100000
16 7 4 2183 2 7 83 100000
16 7 4 2184 2 0 84 100000
16 7 4 2185 2 1 85 100000
16 7 4 2186 2 2 86 100000
16 7 4 2187 2 3 87 100000
16 7 4 2188 2 4 88 100000
16 7 4 2189 2 5 89 100000
16 7 4 2190 2 6 90 100000
16 7 4 2191 2 7 91 100000
16 7 4 2192 2 0 92 100000
16 7 4 2193 2 1 93 100000
16 7 4 2194 2 2 94 100000
16 7 4 2195 2 3 95 100000
16 7 4 2196 2 4 96 100000
16 7 4 2197 2 5 97 100000
16 7 4 2198 2 6 98 100000
16 7 4 2199 2 7 99 100000
16 7 4 2200 2 0 0 100000
16 7 4 2201 2 1 1 100000
16 7 4 2202 2 2 2 100000
16 7 4 2203 2 3 3 100000
16 7 4 2204 2 4 4 100000
16 7 4 2205 2 5 5 100000
16 7 4 2206 2 6 6 100000
16 7 4 2207 2 7 7 100000
16 7 4 2208 2 0 8 100000
16 7 4 2209 2 1 9 100000
16 7 4 2210 2 2 10 100000
16 7 4 2211 2 3 11 100000
16 7 4 2212 2 4 12 100000
16 7 4 2213 2 5 13 100000
16 7 4 2214 2 6 14 100000
16 7 4 2215 2 7 15 100000
16 7 4 2216 2 0 16 100000
16 7 4 2217 2 1 17 100000
16 7 4 2218 2 2 18 100000
16 7 4 2219 2 3 19 100000
16 7 4 2220 2 4 20 100000
16 7 4 2221 2 5 21 100000
16 7 4 2222 2 6 22 100000
16 7 4 2223 2 7 23 100000
16 7 4 2224 2 0 24 100000
16 7 4 2225 2 1 25 100000
16 7 4 2226 2 2 26 100000
16 7 4 2227 2 3 27 100000
16 7 4 2228 2 4 28 100000
16 7 4 2229 2 5 29 100000
16 7 4 2230 2 6 30 100000
16 7 4 2231 2 7 31 100000
16 7 4 2232 2 0 32 100000
16 7 4 2233 2 1 33 100000
16 7 4 2234 2 2 34 100000
16 7 4 2235 2 3 35 100000
16 7 4 2236 2 4 36 100000
16 7 4 2237 2 5 37 100000
16 7 4 2238 2 6 38 100000
16 7 4 2239 2 7 39 100000
16 7 4 2240 2 0 40 100000
16 7 4 2241 2 1 41 100000
16 7 4 2242 2 2 42 100000
16 7 4 2243 2 3 43 100000
16 7 4 2244 2 4 44 100000
16 7 4 2245 2 5 45 100000
16 7 4 2246 2 6 46 100000
16 7 4 2247 2 7 47 100000
16 7 4 2248 2 0 48 100000
16 7 4 2249 2 1 49 100000
16 7 4 2250 2 2 50 100000
16 7 4 2251 2 3 51 100000
16 7 4 2252 2 4 52 100000
16 7 4 2253 2 5 53 100000
16 7 4 2254 2 6 54 100000
16 7 4 2255 2 7 55 100000
16 7 4 2256 2 0 56 100000
16 7 4 2257 2 1 57 100000
16 7 4 2258 2 2 58 100000
16 7 4 2259 2 3 59 100000
16 7 4 2260 2 4 60 100000
16 7 4 2261 2 5 61 100000
16 7 4 2262 2 6 62 100000
16 7 4 2263 2 7 63 100000
16 7 4 2264 2 0 64 100000
16 7 4 2265 2 1 65 100000
16 7 4 2266 2 2 66 100000
16 7 4 2267 2 3 67 100000
16 7 4 2268 2 4 68 100000
16 7 4 2269 2 5 69 100000
16 7 4 2270 2 6 70 100000
16 7 4 2271 2 7 71 100000
16 7 4 2272 2 0 72 100000
16 7 4 2273 2 1 73 100000
16 7 4 2274 2 2 74 100000
16 7 4 2275 2 3 75 100000
16 7 4 2276 2 4 76 100000
16 7 4 2277 2 5 77 100000
16 7 4 2278 2 6 78 100000
16 7 4 2279 2 7 79 100000
16 7 4 2280 2 0 80 100000
16 7 4 2281 2 1 81 100000
16 7 4 2282 2 2 82 100000
16 7 4 2283 2 3 83 100000
16 7 4 2284 2 4 84 100000
16 7 4 2285 2 5 85 100000
16 7 4 2286 2 6 86 100000
16 7 4 2287 2 7 87 100000
16 7 4 2288 2 0 88 100000
16 7 4 2289 2 1 89 100000
16 7 4 2290 2 2 90 100000
16 7 4 2291 2 3 91 100000
16 7 4 2292 2 4 92 100000
16 7 4 2293 2 5 93 100000
16 7 4 2294 2 6 94 100000
16 7 4 2295 2 7 95 100000
16 7 4 2296 2 0 96 100000
16 7 4 2297 2 1 97 100000
16 7 4 2298 2 2 98 100000
16 7 4 2299 2 3 99 100000
16 7 4 2300 2 4 0 100000
16 7 4 2301 2 5 1 100000
16 7 4 2302 2 6 2 100000
16 7 4 2303 2 7 3 100000
16 7 4 2304 2 0 4 100000
16 7 4 2305 2 1 5 100000
16 7 4 2306 2 2 6 100000
16 7 4 2307 2 3 7 100000
16 7 4 2308 2 4 8 100000
16 7 4 2309 2 5 9 100000
16 7 4 2310 2 6 10 100000
16 7 4 2311 2 7 11 100000
16 7 4 2312 2 0 12 100000
16 7 4 2313 2 1 13 100000
16 7 4 2314 2 2 14 100000
16 7 4 2315 2 3 15 100000
16 7 4 2316 2 4 16 100000
16 7 4 2317 2 5 17 100000
16 7 4 2318 2 6 18 100000
16 7 4 2319 2 7 19 100000
16 7 4 2320 2 0 20 100000
16 7 4 2321 2 1 21 100000
16 7 4 2322 2 2 22 100000
16 7 4 2323 2 3 23 100000
16 7 4 2324 2 4 24 100000
16 7 4 2325 2 5 25 100000
16 7 4 2326 2 6 26 100000
16 7 4 2327 2 7 27 100000
16 7 4 2328 2 0 28 100000
16 7 4 2329 2 1 29 100000
16 7 4 2330 2 2 30 100000
16 7 4 2331 2 3 31 100000
16 7 4 2332 2 4 32 100000
16 7 4 2333 2 5 33 100000
16 7 4 2334 2 6 34 100000
16 7 4 2335 2 7 35 100000
16 7 4 2336 2 0 36 100000
16 7 4 2337 2 1 37 100000
16 7 4 2338 2 2 38 100000
16 7 4 2339 2 3 39 100000
16 7 4 2340 2 4 40 100000
16 7 4 2341 2 5 41 100000
16 7 4 2342 2 6 42 100000
16 7 4 2343 2 7 43 100000
16 7 4 2344 2 0 44 100000
16 7 4 2345 2 1 45 100000
16 7 4 2346 2 2 46 100000
16 7 4 2347 2 3 47 100000
16 7 4 2348 2 4 48 100000
16 7 4 2349 2 5 49 100000
16 7 4 2350 2 6 50 100000
16 7 4 2351 2 7 51 100000
16 7 4 2352 2 0 52 100000
16 7 4 2353 2 1 53 100000
16 7 4 2354 2 2 54 100000
16 7 4 2355 2 3 55 100000
16 7 4 2356 2 4 56 100000
16 7 4 2357 2 5 57 100000
16 7 4 2358 2 6 58 100000
16 7 4 2359 2 7 59 100000
16 7 4 2360 2 0 60 100000
16 7 4 2361 2 1 61 100000
16 7 4 2362 2 2 62 100000
16 7 4 2363 2 3 63 100000
16 7 4 2364 2 4 64 100000
16 7 4 2365 2 5 65 100000
16 7 4 2366 2 6 66 100000
16 7 4 2367 2 7 67 100000
16 7 4 2368 2 0 68 100000
16 7 4 2369 2 1 69 100000
16 7 4 2370 2 2 70 100000
16 7 4 2371 2 3 71 100000
16 7 4 2372 2 4 72 100000
16 7 4 2373 2 5 73 100000
16 7 4 2374 2 6 74 100000
16 7 4 2375 2 7 75 100000
16 7 4 2376 2 0 76 100000
16 7 4 2377 2 1 77 100000
16 7 4 2378 2 2 78 100000
16 7 4 2379 2 3 79 100000
16 7 4 2380 2 4 80 100000
16 7 4 2381 2 5 81 100000
16 7 4 2382 2 6 82 100000
16 7 4 2383 2 7 83 100000
16 7 4 2384 2 0 84 100000
16 7 4 2385 2 1 85 100000
16 7 4 2386 2 2 86 100000
16 7 4 2387 2 3 87 100000
16 7 4 2388 2 4 88 100000
16 7 4 2389 2 5 89 100000
16 7 4 2390 2 6 90 100000
16 7 4 2391 2 7 91 100000
16 7 4 2392 2 0 92 100000
16 7 4 2393 2 1 93 100000
16 7 4 2394 2 2 94 100000
16 7 4 2395 2 3 95 100000
16 7 4 2396 2 4 96 100000
16 7 4 2397 2 5 97 100000
16 7 4 2398 2 6 98 100000
16 7 4 2399 2 7 99 100000
16 7 5 2100 2 4 0 100000
16 7 5 2101 2 5 1 100000
16 7 5 2102 2 6 2 100000
16 7 5 2103 2 7 3 100000
16 7 5 2104 2 0 4 100000
16 7 5 2105 2 1 5 100000
16 7 5 2106 2 2 6 100000
16 7 5 2107 2 3 7 100000
16 7 5 2108 2 4 8 100000
16 7 5 2109 2 5 9 100000
16 7 5 2110 2 6 10 100000
16 7 5 2111 2 7 11 100000
16 7 5 2112 2 0 12 100000
16 7 5 2113 2 1 13 100000
16 7 5 2114 2 2 14 100000
16 7 5 2115 2 3 15 100000
16 7 5 2116 2 4 16 100000
16 7 5 2117 2 5 17 100000
16 7 5 2118 2 6 18 100000
16 7 5 2119 2 7 19 100000
16 7 5 2120 2 0 20 100000
16 7 5 2121 2 1 21 100000
16 7 5 2122 2 2 22 100000
16 7 5 2123 2 3 23 100000
16 7 5 2124 2 4 24 100000
16 7 5 2125 2 5 25 100000
16 7 5 2126 2 6 26 100000
16 7 5 2127 2 7 27 100000
16 7 5 2128 2 0 28 100000
16 7 5 2129 2 1 29 100000
16 7 5 2130 2 2 30 100000
16 7 5 2131 2 3 31 100000
16 7 5 2132 2 4 32 100000
16 7 5 2133 2 5 33 100000
16 7 5 2134 2 6 34 100000
16 7 5 2135 2 7 35 100000
16 7 5 2136 2 0 36 100000
16 7 5 2137 2 1 37 100000
16 7 5 2138 2 2 38 100000
16 7 5 2139 2 3 39 100000
16 7 5 2140 2 4 40 100000
16 7 5 2141 2 5 41 100000
16 7 5 2142 2 6 42 100000
16 7 5 2143 2 7 43 100000
16 7 5 2144 2 0 44 100000
16 7 5 2145 2 1 45 100000
16 7 5 2146 2 2 46 100000
16 7 5 2147 2 3 47 100000
16 7 5 2148 2 4 48 100000
16 7 5 2149 2 5 49 100000
16 7 5 2150 2 6 50 100000
16 7 5 2151 2 7 51 100000
16 7 5 2152 2 0 52 100000
16 7 5 2153 2 1 53 100000
16 7 5 2154 2 2 54 100000
16 7 5 2155 2 3 55 100000
16 7 5 2156 2 4 56 100000
16 7 5 2157 2 5 57 100000
16 7 5 2158 2 6 58 100000
16 7 5 2159 2 7 59 100000
16 7 5 2160 2 0 60 100000
16 7 5 2161 2 1 61 100000
16 7 5 2162 2 2 62 100000
16 7 5 2163 2 3 63 100000
16 7 5 2164 2 4 64 100000
16 7 5 2165 2 5 65 100000
16 7 5 2166 2 6 66 100000
16 7 5 2167 2 7 67 100000
16 7 5 2168 2 0 68 100000
16 7 5 2169 2 1 69 100000
16 7 5 2170 2 2 70 100000
16 7 5 2171 2 3 71 100000
16 7 5 2172 2 4 72 100000
16 7 5 2173 2 5 73 100000
16 7 5 2174 2 6 74 100000
16 7 5 2175 2 7 75 100000
16 7 5 2176 2 0 76 100000
16 7 5 2177 2 1 77 100000
16 7 5 2178 2 2 78 100000
16 7 5 2179 2 3 79 100000
16 7 5 2180 2 4 80 100000
16 7 5 2181 2 5 81 100000
16 7 5 2182 2 6 82 100000
16 7 5 2183 2 7 83 100000
16 7 5 2184 2 0 84 100000
16 7 5 2185 2 1 85 100000
16 7 5 2186 2 2 86 100000
16 7 5 2187 2 3 87 100000
16 7 5 2188 2 4 88 100000
16 7 5 2189 2 5 89 100000
16 7 5 2190 2 6 90 100000
16 7 5 2191 2 7 91 100000
16 7 5 2192 2 0 92 100000
16 7 5 2193 2 1 93 100000
16 7 5 2194 2 2 94 100000
16 7 5 2195 2 3 95 100000
16 7 5 2196 2 4 96 100000
16 7 5 2197 2 5 97 100000
16 7 5 2198 2 6 98 100000
16 7 5 2199 2 7 99 100000
16 7 5 2200 2 0 0 100000
16 7 5 2201 2 1 1 100000
16 7 5 2202 2 2 2 100000
16 7 5 2203 2 3 3 100000
16 7 5 2204 2 4 4 100000
16 7 5 2205 2 5 5 100000
16 7 5 2206 2 6 6 100000
16 7 5 2207 2 7 7 100000
16 7 5 2208 2 0 8 100000
16 7 5 2209 2 1 9 100000
16 7 5 2210 2 2 10 100000
16 7 5 2211 2 3 11 100000
16 7 5 2212 2 4 12 100000
16 7 5 2213 2 5 13 100000
16 7 5 2214 2 6 14 100000
16 7 5 2215 2 7 15 100000
16 7 5 2216 2 0 16 100000
16 7 5 2217 2 1 17 100000
16 7 5 2218 2 2 18 100000
16 7 5 2219 2 3 19 100000
16 7 5 2220 2 4 20 100000
16 7 5 2221 2 5 21 100000
16 7 5 2222 2 6 22 100000
16 7 5 2223 2 7 23 100000
16 7 5 2224 2 0 24 100000
16 7 5 2225 2 1 25 100000
16 7 5 2226 2 2 26 100000
16 7 5 2227 2 3 27 100000
16 7 5 2228 2 4 28 100000
16 7 5 2229 2 5 29 100000
16 7 5 2230 2 6 30 100000
16 7 5 2231 2 7 31 100000
16 7 5 2232 2 0 32 100000
16 7 5 2233 2 1 33 100000
16 7 5 2234 2 2 34 100000
16 7 5 2235 2 3 35 100000
16 7 5 2236 2 4 36 100000
16 7 5 2237 2 5 37 100000
16 7 5 2238 2 6 38 100000
16 7 5 2239 2 7 39 100000
16 7 5 2240 2 0 40 100000
16 7 5 2241 2 1 41 100000
16 7 5 2242 2 2 42 100000
16 7 5 2243 2 3 43 100000
16 7 5 2244 2 4 44 100000
16 7 5 2245 2 5 45 100000
16 7 5 2246 2 6 46 100000
16 7 5 2247 2 7 47 100000
16 7 5 2248 2 0 48 100000
16 7 5 2249 2 1 49 100000
16 7 5 2250 2 2 50 100000
16 7 5 2251 2 3 51 100000
16 7 5 2252 2 4 52 100000
16 7 5 2253 2 5 53 100000
16 7 5 2254 2 6 54 100000
16 7 5 2255 2 7 55 100000
16 7 5 2256 2 0 56 100000
16 7 5 2257 2 1 57 100000
16 7 5 2258 2 2 58 100000
16 7 5 2259 2 3 59 100000
16 7 5 2260 2 4 60 100000
16 7 5 2261 2 5 61 100000
16 7 5 2262 2 6 62 100000
16 7 5 2263 2 7 63 100000
16 7 5 2264 2 0 64 100000
16 7 5 2265 2 1 65 100000
16 7 5 2266 2 2 66 100000
16 7 5 2267 2 3 67 100000
16 7 5 2268 2 4 68 100000
16 7 5 2269 2 5 69 100000
16 7 5 2270 2 6 70 100000
16 7 5 2271 2 7 71 100000
16 7 5 2272 2 0 72 100000
16 7 5 2273 2 1 73 100000
16 7 5 2274 2 2 74 100000
16 7 5 2275 2 3 75 100000
16 7 5 2276 2 4 76 100000
16 7 5 2277 2 5 77 100000
16 7 5 2278 2 6 78 100000
16 7 5 2279 2 7 79 100000
16 7 5 2280 2 0 80 100000
16 7 5 2281 2 1 81 100000
16 7 5 2282 2 2 82 100000
16 7 5 2283 2 3 83 100000
16 7 5 2284 2 4 84 100000
16 7 5 2285 2 5 85 100000
16 7 5 2286 2 6 86 100000
16 7 5 2287 2 7 87 100000
16 7 5 2288 2 0 88 100000
16 7 5 2289 2 1 89 100000
16 7 5 2290 2 2 90 100000
16 7 5 2291 2 3 91 100000
16 7 5 2292 2 4 92 100000
16 7 5 2293 2 5 93 100000
16 7 5 2294 2 6 94 100000
16 7 5 2295 2 7 95 100000
16 7 5 2296 2 0 96 100000
16 7 5 2297 2 1 97 100000
16 7 5 2298 2 2 98 100000
16 7 5 2299 2 3 99 100000
16 7 5 2300 2 4 0 100000
16 7 5 2301 2 5 1 100000
16 7 5 2302 2 6 2 100000
16 7 5 2303 2 7 3 100000
16 7 5 2304 2 0 4 100000
16 7 5 2305 2 1 5 100000
16 7 5 2306 2 2 6 100000
16 7 5 2307 2 3 7 100000
16 7 5 2308 2 4 8 100000
16 7 5 2309 2 5 9 100000
16 7 5 2310 2 6 10 100000
16 7 5 2311 2 7 11 100000
16 7 5 2312 2 0 12 100000
16 7 5 2313 2 1 13 100000
16 7 5 2314 2 2 14 100000
16 7 5 2315 2 3 15 100000
16 7 5 2316 2 4 16 100000
16 7 5 2317 2 5 17 100000
16 7 5 2318 2 6 18 100000
16 7 5 2319 2 7 19 100000
16 7 5 2320 2 0 20 100000
16 7 5 2321 2 1 21 100000
16 7 5 2322 2 2 22 100000
16 7 5 2323 2 3 23 100000
16 7 5 2324 2 4 24 100000
16 7 5 2325 2 5 25 100000
16 7 5 2326 2 6 26 100000
16 7 5 2327 2 7 27 100000
16 7 5 2328 2 0 28 100000
16 7 5 2329 2 1 29 100000
16 7 5 2330 2 2 30 100000
16 7 5 2331 2 3 31 100000
16 7 5 2332 2 4 32 100000
16 7 5 2333 2 5 33 100000
16 7 5 2334 2 6 34 100000
16 7 5 2335 2 7 35 100000
16 7 5 2336 2 0 36 100000
16 7 5 2337 2 1 37 100000
16 7 5 2338 2 2 38 100000
16 7 5 2339 2 3 39 100000
16 7 5 2340 2 4 40 100000
16 7 5 2341 2 5 41 100000
16 7 5 2342 2 6 42 100000
16 7 5 2343 2 7 43 100000
16 7 5 2344 2 0 44 100000
16 7 5 2345 2 1 45 100000
16 7 5 2346 2 2 46 100000
16 7 5 2347 2 3 47 100000
16 7 5 2348 2 4 48 100000
16 7 5 2349 2 5 49 100000
16 7 5 2350 2 6 50 100000
16 7 5 2351 2 7 51 100000
16 7 5 2352 2 0 52 100000
16 7 5 2353 2 1 53 100000
16 7 5 2354 2 2 54 100000
16 7 5 2355 2 3 55 100000
16 7 5 2356 2 4 56 100000
16 7 5 2357 2 5 57 100000
16 7 5 2358 2 6 58 100000
16 7 5 2359 2 7 59 100000
16 7 5 2360 2 0 60 100000
16 7 5 2361 2 1 61 100000
16 7 5 2362 2 2 62 100000
16 7 5 2363 2 3 63 100000
16 7 5 2364 2 4 64 100000
16 7 5 2365 2 5 65 100000
16 7 5 2366 2 6 66 100000
16 7 5 2367 2 7 67 100000
16 7 5 2368 2 0 68 100000
16 7 5 2369 2 1 69 100000
16 7 5 2370 2 2 70 100000
16 7 5 2371 2 3 71 100000
16 7 5 2372 2 4 72 100000
16 7 5 2373 2 5 73 100000
16 7 5 2374 2 6 74 100000
16 7 5 2375 2 7 75 100000
16 7 5 2376 2 0 76 100000
16 7 5 2377 2 1 77 100000
16 7 5 2378 2 2 78 100000
16 7 5 2379 2 3 79 100000
16 7 5 2380 2 4 80 100000
16 7 5 2381 2 5 81 100000
16 7 5 2382 2 6 82 100000
16 7 5 2383 2 7 83 100000
16 7 5 2384 2 0 84 100000
16 7 5 2385 2 1 85 100000
16 7 5 2386 2 2 86 100000
16 7 5 2387 2 3 87 100000
16 7 5 2388 2 4 88 100000
16 7 5 2389 2 5 89 100000
16 7 5 2390 2 6 90 100000
16 7 5 2391 2 7 91 100000
16 7 5 2392 2 0 92 100000
16 7 5 2393 2 1 93 100000
16 7 5 2394 2 2 94 100000
16 7 5 2395 2 3 95 100000
16 7 5 2396 2 4 96 100000
16 7 5 2397 2 5 97 100000
16 7 5 2398 2 6 98 100000
16 7 5 2399 2 7 99 100000
