16 12 1 3600 4 0 0 101300
16 12 1 3601 4 1 1 101963
16 12 1 3602 4 2 2 103266
16 12 1 3603 4 3 3 104201
16 12 1 3604 4 4 4 106714
16 12 1 3605 4 5 5 105869
16 12 1 3606 4 6 6 105440
16 12 1 3607 4 7 7 112420
16 12 1 3608 4 0 8 101305
16 12 1 3609 4 1 9 102016
16 12 1 3610 4 2 10 103124
16 12 1 3611 4 3 11 104714
16 12 1 3612 4 4 12 106464
16 12 1 3613 4 5 13 109570
16 12 1 3614 4 6 14 110172
16 12 1 3615 4 7 15 111953
16 12 1 3616 4 0 16 101305
16 12 1 3617 4 1 17 101519
16 12 1 3618 4 2 18 102986
16 12 1 3619 4 3 19 104482
16 12 1 3620 4 4 20 106294
16 12 1 3621 4 5 21 109410
16 12 1 3622 4 6 22 110762
16 12 1 3623 4 7 23 112967
16 12 1 3624 4 0 24 101314
16 12 1 3625 4 1 25 101467
16 12 1 3626 4 2 26 102953
16 12 1 3627 4 3 27 98357
16 12 1 3628 4 4 28 106551
16 12 1 3629 4 5 29 109543
16 12 1 3630 4 6 30 109429
16 12 1 3631 4 7 31 112151
16 12 1 3632 4 0 32 101332
16 12 1 3633 4 1 33 101792
16 12 1 3634 4 2 34 103345
16 12 1 3635 4 3 35 104532
16 12 1 3636 4 4 36 106254
16 12 1 3637 4 5 37 109814
16 12 1 3638 4 6 38 104202
16 12 1 3639 4 7 39 110279
16 12 1 3640 4 0 40 101309
16 12 1 3641 4 1 41 101946
16 12 1 3642 4 2 42 103263
16 12 1 3643 4 3 43 104573
16 12 1 3644 4 4 44 106534
16 12 1 3645 4 5 45 109789
16 12 1 3646 4 6 46 110634
16 12 1 3647 4 7 47 106416
16 12 1 3648 4 0 48 101344
16 12 1 3649 4 1 49 102002
16 12 1 3650 4 2 50 98600
16 12 1 3651 4 3 51 104618
16 12 1 3652 4 4 52 106762
16 12 1 3653 4 5 53 108717
16 12 1 3654 4 6 54 110823
16 12 1 3655 4 7 55 112222
16 12 1 3656 4 0 56 101346
16 12 1 3657 4 1 57 101882
16 12 1 3658 4 2 58 99147
16 12 1 3659 4 3 59 102747
16 12 1 3660 4 4 60 106564
16 12 1 3661 4 5 61 104350
16 12 1 3662 4 6 62 110323
16 12 1 3663 4 7 63 112044
16 12 1 3664 4 0 64 101303
16 12 1 3665 4 1 65 102013
16 12 1 3666 4 2 66 103084
16 12 1 3667 4 3 67 104645
16 12 1 3668 4 4 68 105815
16 12 1 3669 4 5 69 107479
16 12 1 3670 4 6 70 111078
16 12 1 3671 4 7 71 112748
16 12 1 3672 4 0 72 101251
16 12 1 3673 4 1 73 99277
16 12 1 3674 4 2 74 103317
16 12 1 3675 4 3 75 104418
16 12 1 3676 4 4 76 106461
16 12 1 3677 4 5 77 109552
16 12 1 3678 4 6 78 110740
16 12 1 3679 4 7 79 112605
16 12 1 3680 4 0 80 101284
16 12 1 3681 4 1 81 101978
16 12 1 3682 4 2 82 103260
16 12 1 3683 4 3 83 104625
16 12 1 3684 4 4 84 99412
16 12 1 3685 4 5 85 109371
16 12 1 3686 4 6 86 110656
16 12 1 3687 4 7 87 113094
16 12 1 3688 4 0 88 101297
16 12 1 3689 4 1 89 101961
16 12 1 3690 4 2 90 102962
16 12 1 3691 4 3 91 104674
16 12 1 3692 4 4 92 106637
16 12 1 3693 4 5 93 109089
16 12 1 3694 4 6 94 110407
16 12 1 3695 4 7 95 113148
16 12 1 3696 4 0 96 101346
16 12 1 3697 4 1 97 101957
16 12 1 3698 4 2 98 102941
16 12 1 3699 4 3 99 104337
16 12 1 3700 4 4 0 106456
16 12 1 3701 4 5 1 110016
16 12 1 3702 4 6 2 109870
16 12 1 3703 4 7 3 112272
16 12 1 3704 4 0 4 101341
16 12 1 3705 4 1 5 101783
16 12 1 3706 4 2 6 98752
16 12 1 3707 4 3 7 104435
16 12 1 3708 4 4 8 106335
16 12 1 3709 4 5 9 109807
16 12 1 3710 4 6 10 110648
16 12 1 3711 4 7 11 111353
16 12 1 3712 4 0 12 101295
16 12 1 3713 4 1 13 101906
16 12 1 3714 4 2 14 103004
16 12 1 3715 4 3 15 104392
16 12 1 3716 4 4 16 106536
16 12 1 3717 4 5 17 108302
16 12 1 3718 4 6 18 110347
16 12 1 3719 4 7 19 110343
16 12 1 3720 4 0 20 101259
16 12 1 3721 4 1 21 101940
16 12 1 3722 4 2 22 103094
16 12 1 3723 4 3 23 104551
16 12 1 3724 4 4 24 106509
16 12 1 3725 4 5 25 107998
16 12 1 3726 4 6 26 110137
16 12 1 3727 4 7 27 103434
16 12 1 3728 4 0 28 101318
16 12 1 3729 4 1 29 101860
16 12 1 3730 4 2 30 102436
16 12 1 3731 4 3 31 104536
16 12 1 3732 4 4 32 106664
16 12 1 3733 4 5 33 109072
16 12 1 3734 4 6 34 111124
16 12 1 3735 4 7 35 112678
16 12 1 3736 4 0 36 101276
16 12 1 3737 4 1 37 101977
16 12 1 3738 4 2 38 97464
16 12 1 3739 4 3 39 102170
16 12 1 3740 4 4 40 106449
16 12 1 3741 4 5 41 109450
16 12 1 3742 4 6 42 109121
16 12 1 3743 4 7 43 112669
16 12 1 3744 4 0 44 101326
16 12 1 3745 4 1 45 101972
16 12 1 3746 4 2 46 103163
16 12 1 3747 4 3 47 104423
16 12 1 3748 4 4 48 106619
16 12 1 3749 4 5 49 109670
16 12 1 3750 4 6 50 103168
16 12 1 3751 4 7 51 112048
16 12 1 3752 4 0 52 101350
16 12 1 3753 4 1 53 101773
16 12 1 3754 4 2 54 103167
16 12 1 3755 4 3 55 104480
16 12 1 3756 4 4 56 106744
16 12 1 3757 4 5 57 109395
16 12 1 3758 4 6 58 104150
16 12 1 3759 4 7 59 110242
16 12 1 3760 4 0 60 101311
16 12 1 3761 4 1 61 100568
16 12 1 3762 4 2 62 103256
16 12 1 3763 4 3 63 104502
16 12 1 3764 4 4 64 106501
16 12 1 3765 4 5 65 109952
16 12 1 3766 4 6 66 110374
16 12 1 3767 4 7 67 113236
16 12 1 3768 4 0 68 101144
16 12 1 3769 4 1 69 102028
16 12 1 3770 4 2 70 103234
16 12 1 3771 4 3 71 104420
16 12 1 3772 4 4 72 106400
16 12 1 3773 4 5 73 95306
16 12 1 3774 4 6 74 110912
16 12 1 3775 4 7 75 112764
16 12 1 3776 4 0 76 101294
16 12 1 3777 4 1 77 101850
16 12 1 3778 4 2 78 103252
16 12 1 3779 4 3 79 104471
16 12 1 3780 4 4 80 106426
16 12 1 3781 4 5 81 109871
16 12 1 3782 4 6 82 108306
16 12 1 3783 4 7 83 113064
16 12 1 3784 4 0 84 99196
16 12 1 3785 4 1 85 101921
16 12 1 3786 4 2 86 103258
16 12 1 3787 4 3 87 104544
16 12 1 3788 4 4 88 106498
16 12 1 3789 4 5 89 109767
16 12 1 3790 4 6 90 109125
16 12 1 3791 4 7 91 113416
16 12 1 3792 4 0 92 101327
16 12 1 3793 4 1 93 101925
16 12 1 3794 4 2 94 103280
16 12 1 3795 4 3 95 104750
16 12 1 3796 4 4 96 106336
16 12 1 3797 4 5 97 109549
16 12 1 3798 4 6 98 109592
16 12 1 3799 4 7 99 112695
16 12 1 3800 4 0 0 101300
16 12 1 3801 4 1 1 101963
16 12 1 3802 4 2 2 103266
16 12 1 3803 4 3 3 104201
16 12 1 3804 4 4 4 106714
16 12 1 3805 4 5 5 105869
16 12 1 3806 4 6 6 105440
16 12 1 3807 4 7 7 112420
16 12 1 3808 4 0 8 101305
16 12 1 3809 4 1 9 102016
16 12 1 3810 4 2 10 103124
16 12 1 3811 4 3 11 104714
16 12 1 3812 4 4 12 106464
16 12 1 3813 4 5 13 109570
16 12 1 3814 4 6 14 110172
16 12 1 3815 4 7 15 111953
16 12 1 3816 4 0 16 101305
16 12 1 3817 4 1 17 101519
16 12 1 3818 4 2 18 102986
16 12 1 3819 4 3 19 104482
16 12 1 3820 4 4 20 106294
16 12 1 3821 4 5 21 109410
16 12 1 3822 4 6 22 110762
16 12 1 3823 4 7 23 112967
16 12 1 3824 4 0 24 101314
16 12 1 3825 4 1 25 101467
16 12 1 3826 4 2 26 102953
16 12 1 3827 4 3 27 98357
16 12 1 3828 4 4 28 106551
16 12 1 3829 4 5 29 109543
16 12 1 3830 4 6 30 109429
16 12 1 3831 4 7 31 112151
16 12 1 3832 4 0 32 101332
16 12 1 3833 4 1 33 101792
16 12 1 3834 4 2 34 103345
16 12 1 3835 4 3 35 104532
16 12 1 3836 4 4 36 106254
16 12 1 3837 4 5 37 109814
16 12 1 3838 4 6 38 104202
16 12 1 3839 4 7 39 110279
16 12 1 3840 4 0 40 101309
16 12 1 3841 4 1 41 101946
16 12 1 3842 4 2 42 103263
16 12 1 3843 4 3 43 104573
16 12 1 3844 4 4 44 106534
16 12 1 3845 4 5 45 109789
16 12 1 3846 4 6 46 110634
16 12 1 3847 4 7 47 106416
16 12 1 3848 4 0 48 101344
16 12 1 3849 4 1 49 102002
16 12 1 3850 4 2 50 98600
16 12 1 3851 4 3 51 104618
16 12 1 3852 4 4 52 106762
16 12 1 3853 4 5 53 108717
16 12 1 3854 4 6 54 110823
16 12 1 3855 4 7 55 112222
16 12 1 3856 4 0 56 101346
16 12 1 3857 4 1 57 101882
16 12 1 3858 4 2 58 99147
16 12 1 3859 4 3 59 102747
16 12 1 3860 4 4 60 106564
16 12 1 3861 4 5 61 104350
16 12 1 3862 4 6 62 110323
16 12 1 3863 4 7 63 112044
16 12 1 3864 4 0 64 101303
16 12 1 3865 4 1 65 102013
16 12 1 3866 4 2 66 103084
16 12 1 3867 4 3 67 104645
16 12 1 3868 4 4 68 105815
16 12 1 3869 4 5 69 107479
16 12 1 3870 4 6 70 111078
16 12 1 3871 4 7 71 112748
16 12 1 3872 4 0 72 101251
16 12 1 3873 4 1 73 99277
16 12 1 3874 4 2 74 103317
16 12 1 3875 4 3 75 104418
16 12 1 3876 4 4 76 106461
16 12 1 3877 4 5 77 109552
16 12 1 3878 4 6 78 110740
16 12 1 3879 4 7 79 112605
16 12 1 3880 4 0 80 101284
16 12 1 3881 4 1 81 101978
16 12 1 3882 4 2 82 103260
16 12 1 3883 4 3 83 104625
16 12 1 3884 4 4 84 99412
16 12 1 3885 4 5 85 109371
16 12 1 3886 4 6 86 110656
16 12 1 3887 4 7 87 113094
16 12 1 3888 4 0 88 101297
16 12 1 3889 4 1 89 101961
16 12 1 3890 4 2 90 102962
16 12 1 3891 4 3 91 104674
16 12 1 3892 4 4 92 106637
16 12 1 3893 4 5 93 109089
16 12 1 3894 4 6 94 110407
16 12 1 3895 4 7 95 113148
16 12 1 3896 4 0 96 101346
16 12 1 3897 4 1 97 101957
16 12 1 3898 4 2 98 102941
16 12 1 3899 4 3 99 104337
16 12 2 3600 4 0 0 102601
16 12 2 3601 4 1 1 103970
16 12 2 3602 4 2 2 106583
16 12 2 3603 4 3 3 108943
16 12 2 3604 4 4 4 113747
16 12 2 3605 4 5 5 115646
16 12 2 3606 4 6 6 116762
16 12 2 3607 4 7 7 126683
16 12 2 3608 4 0 8 102588
16 12 2 3609 4 1 9 103789
16 12 2 3610 4 2 10 106529
16 12 2 3611 4 3 11 109473
16 12 2 3612 4 4 12 113175
16 12 2 3613 4 5 13 119642
16 12 2 3614 4 6 14 121487
16 12 2 3615 4 7 15 112942
16 12 2 3616 4 0 16 102585
16 12 2 3617 4 1 17 103273
16 12 2 3618 4 2 18 106245
16 12 2 3619 4 3 19 109126
16 12 2 3620 4 4 20 113379
16 12 2 3621 4 5 21 120251
16 12 2 3622 4 6 22 122759
16 12 2 3623 4 7 23 127699
16 12 2 3624 4 0 24 102631
16 12 2 3625 4 1 25 103484
16 12 2 3626 4 2 26 106295
16 12 2 3627 4 3 27 102832
16 12 2 3628 4 4 28 112727
16 12 2 3629 4 5 29 118690
16 12 2 3630 4 6 30 120057
16 12 2 3631 4 7 31 126665
16 12 2 3632 4 0 32 102656
16 12 2 3633 4 1 33 103775
16 12 2 3634 4 2 34 106784
16 12 2 3635 4 3 35 109322
16 12 2 3636 4 4 36 113032
16 12 2 3637 4 5 37 120622
16 12 2 3638 4 6 38 115899
16 12 2 3639 4 7 39 124471
16 12 2 3640 4 0 40 102646
16 12 2 3641 4 1 41 103919
16 12 2 3642 4 2 42 106704
16 12 2 3643 4 3 43 109426
16 12 2 3644 4 4 44 113296
16 12 2 3645 4 5 45 120387
16 12 2 3646 4 6 46 122642
16 12 2 3647 4 7 47 119995
16 12 2 3648 4 0 48 102680
16 12 2 3649 4 1 49 103957
16 12 2 3650 4 2 50 101766
16 12 2 3651 4 3 51 109474
16 12 2 3652 4 4 52 113029
16 12 2 3653 4 5 53 118961
16 12 2 3654 4 6 54 122523
16 12 2 3655 4 7 55 126708
16 12 2 3656 4 0 56 102646
16 12 2 3657 4 1 57 103807
16 12 2 3658 4 2 58 102401
16 12 2 3659 4 3 59 107540
16 12 2 3660 4 4 60 113530
16 12 2 3661 4 5 61 113888
16 12 2 3662 4 6 62 122463
16 12 2 3663 4 7 63 122890
16 12 2 3664 4 0 64 102594
16 12 2 3665 4 1 65 103963
16 12 2 3666 4 2 66 106358
16 12 2 3667 4 3 67 109044
16 12 2 3668 4 4 68 112642
16 12 2 3669 4 5 69 117019
16 12 2 3670 4 6 70 123595
16 12 2 3671 4 7 71 127289
16 12 2 3672 4 0 72 102573
16 12 2 3673 4 1 73 101261
16 12 2 3674 4 2 74 106759
16 12 2 3675 4 3 75 108966
16 12 2 3676 4 4 76 113315
16 12 2 3677 4 5 77 120211
16 12 2 3678 4 6 78 123191
16 12 2 3679 4 7 79 127116
16 12 2 3680 4 0 80 102598
16 12 2 3681 4 1 81 103970
16 12 2 3682 4 2 82 106683
16 12 2 3683 4 3 83 102715
16 12 2 3684 4 4 84 105949
16 12 2 3685 4 5 85 120137
16 12 2 3686 4 6 86 121842
16 12 2 3687 4 7 87 126992
16 12 2 3688 4 0 88 102637
16 12 2 3689 4 1 89 103698
16 12 2 3690 4 2 90 106277
16 12 2 3691 4 3 91 109511
16 12 2 3692 4 4 92 113713
16 12 2 3693 4 5 93 119121
16 12 2 3694 4 6 94 122327
16 12 2 3695 4 7 95 127951
16 12 2 3696 4 0 96 102650
16 12 2 3697 4 1 97 103942
16 12 2 3698 4 2 98 106228
16 12 2 3699 4 3 99 109027
16 12 2 3700 4 4 0 113292
16 12 2 3701 4 5 1 120663
16 12 2 3702 4 6 2 121794
16 12 2 3703 4 7 3 124606
16 12 2 3704 4 0 4 102683
16 12 2 3705 4 1 5 103765
16 12 2 3706 4 2 6 101928
16 12 2 3707 4 3 7 109179
16 12 2 3708 4 4 8 113089
16 12 2 3709 4 5 9 119120
16 12 2 3710 4 6 10 122629
16 12 2 3711 4 7 11 125083
16 12 2 3712 4 0 12 102573
16 12 2 3713 4 1 13 103854
16 12 2 3714 4 2 14 106256
16 12 2 3715 4 3 15 102443
16 12 2 3716 4 4 16 113456
16 12 2 3717 4 5 17 118234
16 12 2 3718 4 6 18 122434
16 12 2 3719 4 7 19 124817
16 12 2 3720 4 0 20 102597
16 12 2 3721 4 1 21 103977
16 12 2 3722 4 2 22 106490
16 12 2 3723 4 3 23 109260
16 12 2 3724 4 4 24 113399
16 12 2 3725 4 5 25 118534
16 12 2 3726 4 6 26 122050
16 12 2 3727 4 7 27 116755
16 12 2 3728 4 0 28 102496
16 12 2 3729 4 1 29 103573
16 12 2 3730 4 2 30 105408
16 12 2 3731 4 3 31 109173
16 12 2 3732 4 4 32 113622
16 12 2 3733 4 5 33 119660
16 12 2 3734 4 6 34 123401
16 12 2 3735 4 7 35 127654
16 12 2 3736 4 0 36 102584
16 12 2 3737 4 1 37 104020
16 12 2 3738 4 2 38 100736
16 12 2 3739 4 3 39 106848
16 12 2 3740 4 4 40 113477
16 12 2 3741 4 5 41 119703
16 12 2 3742 4 6 42 121260
16 12 2 3743 4 7 43 127278
16 12 2 3744 4 0 44 102625
16 12 2 3745 4 1 45 103991
16 12 2 3746 4 2 46 106465
16 12 2 3747 4 3 47 109104
16 12 2 3748 4 4 48 108950
16 12 2 3749 4 5 49 120355
16 12 2 3750 4 6 50 114455
16 12 2 3751 4 7 51 126453
16 12 2 3752 4 0 52 102509
16 12 2 3753 4 1 53 103697
16 12 2 3754 4 2 54 106513
16 12 2 3755 4 3 55 109289
16 12 2 3756 4 4 56 113432
16 12 2 3757 4 5 57 119387
16 12 2 3758 4 6 58 115430
16 12 2 3759 4 7 59 124636
16 12 2 3760 4 0 60 102635
16 12 2 3761 4 1 61 102588
16 12 2 3762 4 2 62 106658
16 12 2 3763 4 3 63 106355
16 12 2 3764 4 4 64 113287
16 12 2 3765 4 5 65 120319
16 12 2 3766 4 6 66 122365
16 12 2 3767 4 7 67 126615
16 12 2 3768 4 0 68 102460
16 12 2 3769 4 1 69 103792
16 12 2 3770 4 2 70 106674
16 12 2 3771 4 3 71 109246
16 12 2 3772 4 4 72 113494
16 12 2 3773 4 5 73 104764
16 12 2 3774 4 6 74 123266
16 12 2 3775 4 7 75 126323
16 12 2 3776 4 0 76 102629
16 12 2 3777 4 1 77 103862
16 12 2 3778 4 2 78 106693
16 12 2 3779 4 3 79 109255
16 12 2 3780 4 4 80 113416
16 12 2 3781 4 5 81 120509
16 12 2 3782 4 6 82 120356
16 12 2 3783 4 7 83 114825
16 12 2 3784 4 0 84 100486
16 12 2 3785 4 1 85 103939
16 12 2 3786 4 2 86 106571
16 12 2 3787 4 3 87 108991
16 12 2 3788 4 4 88 113514
16 12 2 3789 4 5 89 119691
16 12 2 3790 4 6 90 120515
16 12 2 3791 4 7 91 128180
16 12 2 3792 4 0 92 102676
16 12 2 3793 4 1 93 103853
16 12 2 3794 4 2 94 106506
16 12 2 3795 4 3 95 109592
16 12 2 3796 4 4 96 113181
16 12 2 3797 4 5 97 119554
16 12 2 3798 4 6 98 121120
16 12 2 3799 4 7 99 127133
16 12 2 3800 4 0 0 102601
16 12 2 3801 4 1 1 103970
16 12 2 3802 4 2 2 106583
16 12 2 3803 4 3 3 108943
16 12 2 3804 4 4 4 113747
16 12 2 3805 4 5 5 115646
16 12 2 3806 4 6 6 116762
16 12 2 3807 4 7 7 126683
16 12 2 3808 4 0 8 102588
16 12 2 3809 4 1 9 103789
16 12 2 3810 4 2 10 106529
16 12 2 3811 4 3 11 109473
16 12 2 3812 4 4 12 113175
16 12 2 3813 4 5 13 119642
16 12 2 3814 4 6 14 121487
16 12 2 3815 4 7 15 112942
16 12 2 3816 4 0 16 102585
16 12 2 3817 4 1 17 103273
16 12 2 3818 4 2 18 106245
16 12 2 3819 4 3 19 109126
16 12 2 3820 4 4 20 113379
16 12 2 3821 4 5 21 120251
16 12 2 3822 4 6 22 122759
16 12 2 3823 4 7 23 127699
16 12 2 3824 4 0 24 102631
16 12 2 3825 4 1 25 103484
16 12 2 3826 4 2 26 106295
16 12 2 3827 4 3 27 102832
16 12 2 3828 4 4 28 112727
16 12 2 3829 4 5 29 118690
16 12 2 3830 4 6 30 120057
16 12 2 3831 4 7 31 126665
16 12 2 3832 4 0 32 102656
16 12 2 3833 4 1 33 103775
16 12 2 3834 4 2 34 106784
16 12 2 3835 4 3 35 109322
16 12 2 3836 4 4 36 113032
16 12 2 3837 4 5 37 120622
16 12 2 3838 4 6 38 115899
16 12 2 3839 4 7 39 124471
16 12 2 3840 4 0 40 102646
16 12 2 3841 4 1 41 103919
16 12 2 3842 4 2 42 106704
16 12 2 3843 4 3 43 109426
16 12 2 3844 4 4 44 113296
16 12 2 3845 4 5 45 120387
16 12 2 3846 4 6 46 122642
16 12 2 3847 4 7 47 119995
16 12 2 3848 4 0 48 102680
16 12 2 3849 4 1 49 103957
16 12 2 3850 4 2 50 101766
16 12 2 3851 4 3 51 109474
16 12 2 3852 4 4 52 113029
16 12 2 3853 4 5 53 118961
16 12 2 3854 4 6 54 122523
16 12 2 3855 4 7 55 126708
16 12 2 3856 4 0 56 102646
16 12 2 3857 4 1 57 103807
16 12 2 3858 4 2 58 102401
16 12 2 3859 4 3 59 107540
16 12 2 3860 4 4 60 113530
16 12 2 3861 4 5 61 113888
16 12 2 3862 4 6 62 122463
16 12 2 3863 4 7 63 122890
16 12 2 3864 4 0 64 102594
16 12 2 3865 4 1 65 103963
16 12 2 3866 4 2 66 106358
16 12 2 3867 4 3 67 109044
16 12 2 3868 4 4 68 112642
16 12 2 3869 4 5 69 117019
16 12 2 3870 4 6 70 123595
16 12 2 3871 4 7 71 127289
16 12 2 3872 4 0 72 102573
16 12 2 3873 4 1 73 101261
16 12 2 3874 4 2 74 106759
16 12 2 3875 4 3 75 108966
16 12 2 3876 4 4 76 113315
16 12 2 3877 4 5 77 120211
16 12 2 3878 4 6 78 123191
16 12 2 3879 4 7 79 127116
16 12 2 3880 4 0 80 102598
16 12 2 3881 4 1 81 103970
16 12 2 3882 4 2 82 106683
16 12 2 3883 4 3 83 102715
16 12 2 3884 4 4 84 105949
16 12 2 3885 4 5 85 120137
16 12 2 3886 4 6 86 121842
16 12 2 3887 4 7 87 126992
16 12 2 3888 4 0 88 102637
16 12 2 3889 4 1 89 103698
16 12 2 3890 4 2 90 106277
16 12 2 3891 4 3 91 109511
16 12 2 3892 4 4 92 113713
16 12 2 3893 4 5 93 119121
16 12 2 3894 4 6 94 122327
16 12 2 3895 4 7 95 127951
16 12 2 3896 4 0 96 102650
16 12 2 3897 4 1 97 103942
16 12 2 3898 4 2 98 106228
16 12 2 3899 4 3 99 109027
16 12 3 3600 4 0 0 103931
16 12 3 3601 4 1 1 105970
16 12 3 3602 4 2 2 110106
16 12 3 3603 4 3 3 113610
16 12 3 3604 4 4 4 121044
16 12 3 3605 4 5 5 126543
16 12 3 3606 4 6 6 129159
16 12 3 3607 4 7 7 142512
16 12 3 3608 4 0 8 103880
16 12 3 3609 4 1 9 105785
16 12 3 3610 4 2 10 109595
16 12 3 3611 4 3 11 114325
16 12 3 3612 4 4 12 120169
16 12 3 3613 4 5 13 130896
16 12 3 3614 4 6 14 134655
16 12 3 3615 4 7 15 127327
16 12 3 3616 4 0 16 103898
16 12 3 3617 4 1 17 104968
16 12 3 3618 4 2 18 109692
16 12 3 3619 4 3 19 114081
16 12 3 3620 4 4 20 120230
16 12 3 3621 4 5 21 131130
16 12 3 3622 4 6 22 135811
16 12 3 3623 4 7 23 143108
16 12 3 3624 4 0 24 103820
16 12 3 3625 4 1 25 105256
16 12 3 3626 4 2 26 109649
16 12 3 3627 4 3 27 107277
16 12 3 3628 4 4 28 120078
16 12 3 3629 4 5 29 129716
16 12 3 3630 4 6 30 131973
16 12 3 3631 4 7 31 142522
16 12 3 3632 4 0 32 103948
16 12 3 3633 4 1 33 105796
16 12 3 3634 4 2 34 110206
16 12 3 3635 4 3 35 114538
16 12 3 3636 4 4 36 119144
16 12 3 3637 4 5 37 132177
16 12 3 3638 4 6 38 127118
16 12 3 3639 4 7 39 139792
16 12 3 3640 4 0 40 103890
16 12 3 3641 4 1 41 105881
16 12 3 3642 4 2 42 110177
16 12 3 3643 4 3 43 114305
16 12 3 3644 4 4 44 120414
16 12 3 3645 4 5 45 131618
16 12 3 3646 4 6 46 134955
16 12 3 3647 4 7 47 135026
16 12 3 3648 4 0 48 103979
16 12 3 3649 4 1 49 105722
16 12 3 3650 4 2 50 105007
16 12 3 3651 4 3 51 114536
16 12 3 3652 4 4 52 120269
16 12 3 3653 4 5 53 130323
16 12 3 3654 4 6 54 134881
16 12 3 3655 4 7 55 142001
16 12 3 3656 4 0 56 103954
16 12 3 3657 4 1 57 105928
16 12 3 3658 4 2 58 105621
16 12 3 3659 4 3 59 112378
16 12 3 3660 4 4 60 120612
16 12 3 3661 4 5 61 124631
16 12 3 3662 4 6 62 134496
16 12 3 3663 4 7 63 138878
16 12 3 3664 4 0 64 103873
16 12 3 3665 4 1 65 105843
16 12 3 3666 4 2 66 109745
16 12 3 3667 4 3 67 113814
16 12 3 3668 4 4 68 119288
16 12 3 3669 4 5 69 127749
16 12 3 3670 4 6 70 137171
16 12 3 3671 4 7 71 143371
16 12 3 3672 4 0 72 103853
16 12 3 3673 4 1 73 102916
16 12 3 3674 4 2 74 110396
16 12 3 3675 4 3 75 113850
16 12 3 3676 4 4 76 120564
16 12 3 3677 4 5 77 131349
16 12 3 3678 4 6 78 135475
16 12 3 3679 4 7 79 142546
16 12 3 3680 4 0 80 103888
16 12 3 3681 4 1 81 105995
16 12 3 3682 4 2 82 110059
16 12 3 3683 4 3 83 107337
16 12 3 3684 4 4 84 112579
16 12 3 3685 4 5 85 131565
16 12 3 3686 4 6 86 134645
16 12 3 3687 4 7 87 141811
16 12 3 3688 4 0 88 103996
16 12 3 3689 4 1 89 105691
16 12 3 3690 4 2 90 109696
16 12 3 3691 4 3 91 114420
16 12 3 3692 4 4 92 118964
16 12 3 3693 4 5 93 130646
16 12 3 3694 4 6 94 135837
16 12 3 3695 4 7 95 144713
16 12 3 3696 4 0 96 103970
16 12 3 3697 4 1 97 105965
16 12 3 3698 4 2 98 109510
16 12 3 3699 4 3 99 113759
16 12 3 3700 4 4 0 120585
16 12 3 3701 4 5 1 131682
16 12 3 3702 4 6 2 134220
16 12 3 3703 4 7 3 139790
16 12 3 3704 4 0 4 103983
16 12 3 3705 4 1 5 105787
16 12 3 3706 4 2 6 105204
16 12 3 3707 4 3 7 113865
16 12 3 3708 4 4 8 120107
16 12 3 3709 4 5 9 129847
16 12 3 3710 4 6 10 135402
16 12 3 3711 4 7 11 140518
16 12 3 3712 4 0 12 103840
16 12 3 3713 4 1 13 105850
16 12 3 3714 4 2 14 109675
16 12 3 3715 4 3 15 107149
16 12 3 3716 4 4 16 120637
16 12 3 3717 4 5 17 128265
16 12 3 3718 4 6 18 135129
16 12 3 3719 4 7 19 140533
16 12 3 3720 4 0 20 103878
16 12 3 3721 4 1 21 106044
16 12 3 3722 4 2 22 109847
16 12 3 3723 4 3 23 114038
16 12 3 3724 4 4 24 120229
16 12 3 3725 4 5 25 128484
16 12 3 3726 4 6 26 134530
16 12 3 3727 4 7 27 131370
16 12 3 3728 4 0 28 103844
16 12 3 3729 4 1 29 105588
16 12 3 3730 4 2 30 108576
16 12 3 3731 4 3 31 113995
16 12 3 3732 4 4 32 120720
16 12 3 3733 4 5 33 130806
16 12 3 3734 4 6 34 136455
16 12 3 3735 4 7 35 144560
16 12 3 3736 4 0 36 103695
16 12 3 3737 4 1 37 106022
16 12 3 3738 4 2 38 103823
16 12 3 3739 4 3 39 111660
16 12 3 3740 4 4 40 120365
16 12 3 3741 4 5 41 131028
16 12 3 3742 4 6 42 133312
16 12 3 3743 4 7 43 143179
16 12 3 3744 4 0 44 103918
16 12 3 3745 4 1 45 105989
16 12 3 3746 4 2 46 109803
16 12 3 3747 4 3 47 113952
16 12 3 3748 4 4 48 115848
16 12 3 3749 4 5 49 131038
16 12 3 3750 4 6 50 126693
16 12 3 3751 4 7 51 142808
16 12 3 3752 4 0 52 103839
16 12 3 3753 4 1 53 105660
16 12 3 3754 4 2 54 109500
16 12 3 3755 4 3 55 114021
16 12 3 3756 4 4 56 120666
16 12 3 3757 4 5 57 131257
16 12 3 3758 4 6 58 127723
16 12 3 3759 4 7 59 139368
16 12 3 3760 4 0 60 103864
16 12 3 3761 4 1 61 104537
16 12 3 3762 4 2 62 109552
16 12 3 3763 4 3 63 111292
16 12 3 3764 4 4 64 120209
16 12 3 3765 4 5 65 131115
16 12 3 3766 4 6 66 135385
16 12 3 3767 4 7 67 142337
16 12 3 3768 4 0 68 103713
16 12 3 3769 4 1 69 105698
16 12 3 3770 4 2 70 110096
16 12 3 3771 4 3 71 114207
16 12 3 3772 4 4 72 120553
16 12 3 3773 4 5 73 106046
16 12 3 3774 4 6 74 136677
16 12 3 3775 4 7 75 142322
16 12 3 3776 4 0 76 103944
16 12 3 3777 4 1 77 105825
16 12 3 3778 4 2 78 109787
16 12 3 3779 4 3 79 113918
16 12 3 3780 4 4 80 120517
16 12 3 3781 4 5 81 131587
16 12 3 3782 4 6 82 128364
16 12 3 3783 4 7 83 129149
16 12 3 3784 4 0 84 101751
16 12 3 3785 4 1 85 105925
16 12 3 3786 4 2 86 109966
16 12 3 3787 4 3 87 113369
16 12 3 3788 4 4 88 120747
16 12 3 3789 4 5 89 130937
16 12 3 3790 4 6 90 133458
16 12 3 3791 4 7 91 143401
16 12 3 3792 4 0 92 103937
16 12 3 3793 4 1 93 105876
16 12 3 3794 4 2 94 109899
16 12 3 3795 4 3 95 114821
16 12 3 3796 4 4 96 120397
16 12 3 3797 4 5 97 129984
16 12 3 3798 4 6 98 130230
16 12 3 3799 4 7 99 142963
16 12 3 3800 4 0 0 103931
16 12 3 3801 4 1 1 105970
16 12 3 3802 4 2 2 110106
16 12 3 3803 4 3 3 113610
16 12 3 3804 4 4 4 121044
16 12 3 3805 4 5 5 126543
16 12 3 3806 4 6 6 129159
16 12 3 3807 4 7 7 142512
16 12 3 3808 4 0 8 103880
16 12 3 3809 4 1 9 105785
16 12 3 3810 4 2 10 109595
16 12 3 3811 4 3 11 114325
16 12 3 3812 4 4 12 120169
16 12 3 3813 4 5 13 130896
16 12 3 3814 4 6 14 134655
16 12 3 3815 4 7 15 127327
16 12 3 3816 4 0 16 103898
16 12 3 3817 4 1 17 104968
16 12 3 3818 4 2 18 109692
16 12 3 3819 4 3 19 114081
16 12 3 3820 4 4 20 120230
16 12 3 3821 4 5 21 131130
16 12 3 3822 4 6 22 135811
16 12 3 3823 4 7 23 143108
16 12 3 3824 4 0 24 103820
16 12 3 3825 4 1 25 105256
16 12 3 3826 4 2 26 109649
16 12 3 3827 4 3 27 107277
16 12 3 3828 4 4 28 120078
16 12 3 3829 4 5 29 129716
16 12 3 3830 4 6 30 131973
16 12 3 3831 4 7 31 142522
16 12 3 3832 4 0 32 103948
16 12 3 3833 4 1 33 105796
16 12 3 3834 4 2 34 110206
16 12 3 3835 4 3 35 114538
16 12 3 3836 4 4 36 119144
16 12 3 3837 4 5 37 132177
16 12 3 3838 4 6 38 127118
16 12 3 3839 4 7 39 139792
16 12 3 3840 4 0 40 103890
16 12 3 3841 4 1 41 105881
16 12 3 3842 4 2 42 110177
16 12 3 3843 4 3 43 114305
16 12 3 3844 4 4 44 120414
16 12 3 3845 4 5 45 131618
16 12 3 3846 4 6 46 134955
16 12 3 3847 4 7 47 135026
16 12 3 3848 4 0 48 103979
16 12 3 3849 4 1 49 105722
16 12 3 3850 4 2 50 105007
16 12 3 3851 4 3 51 114536
16 12 3 3852 4 4 52 120269
16 12 3 3853 4 5 53 130323
16 12 3 3854 4 6 54 134881
16 12 3 3855 4 7 55 142001
16 12 3 3856 4 0 56 103954
16 12 3 3857 4 1 57 105928
16 12 3 3858 4 2 58 105621
16 12 3 3859 4 3 59 112378
16 12 3 3860 4 4 60 120612
16 12 3 3861 4 5 61 124631
16 12 3 3862 4 6 62 134496
16 12 3 3863 4 7 63 138878
16 12 3 3864 4 0 64 103873
16 12 3 3865 4 1 65 105843
16 12 3 3866 4 2 66 109745
16 12 3 3867 4 3 67 113814
16 12 3 3868 4 4 68 119288
16 12 3 3869 4 5 69 127749
16 12 3 3870 4 6 70 137171
16 12 3 3871 4 7 71 143371
16 12 3 3872 4 0 72 103853
16 12 3 3873 4 1 73 102916
16 12 3 3874 4 2 74 110396
16 12 3 3875 4 3 75 113850
16 12 3 3876 4 4 76 120564
16 12 3 3877 4 5 77 131349
16 12 3 3878 4 6 78 135475
16 12 3 3879 4 7 79 142546
16 12 3 3880 4 0 80 103888
16 12 3 3881 4 1 81 105995
16 12 3 3882 4 2 82 110059
16 12 3 3883 4 3 83 107337
16 12 3 3884 4 4 84 112579
16 12 3 3885 4 5 85 131565
16 12 3 3886 4 6 86 134645
16 12 3 3887 4 7 87 141811
16 12 3 3888 4 0 88 103996
16 12 3 3889 4 1 89 105691
16 12 3 3890 4 2 90 109696
16 12 3 3891 4 3 91 114420
16 12 3 3892 4 4 92 118964
16 12 3 3893 4 5 93 130646
16 12 3 3894 4 6 94 135837
16 12 3 3895 4 7 95 144713
16 12 3 3896 4 0 96 103970
16 12 3 3897 4 1 97 105965
16 12 3 3898 4 2 98 109510
16 12 3 3899 4 3 99 113759
16 12 4 3600 4 0 0 105260
16 12 4 3601 4 1 1 108071
16 12 4 3602 4 2 2 113695
16 12 4 3603 4 3 3 118696
16 12 4 3604 4 4 4 124638
16 12 4 3605 4 5 5 138126
16 12 4 3606 4 6 6 142388
16 12 4 3607 4 7 7 160359
16 12 4 3608 4 0 8 105270
16 12 4 3609 4 1 9 107908
16 12 4 3610 4 2 10 112711
16 12 4 3611 4 3 11 119257
16 12 4 3612 4 4 12 127701
16 12 4 3613 4 5 13 143040
16 12 4 3614 4 6 14 144436
16 12 4 3615 4 7 15 143791
16 12 4 3616 4 0 16 105153
16 12 4 3617 4 1 17 106958
16 12 4 3618 4 2 18 112966
16 12 4 3619 4 3 19 119249
16 12 4 3620 4 4 20 127708
16 12 4 3621 4 5 21 143245
16 12 4 3622 4 6 22 143242
16 12 4 3623 4 7 23 161377
16 12 4 3624 4 0 24 105185
16 12 4 3625 4 1 25 107331
16 12 4 3626 4 2 26 113303
16 12 4 3627 4 3 27 112351
16 12 4 3628 4 4 28 125918
16 12 4 3629 4 5 29 141725
16 12 4 3630 4 6 30 145337
16 12 4 3631 4 7 31 153839
16 12 4 3632 4 0 32 105275
16 12 4 3633 4 1 33 107796
16 12 4 3634 4 2 34 110260
16 12 4 3635 4 3 35 119852
16 12 4 3636 4 4 36 126590
16 12 4 3637 4 5 37 144142
16 12 4 3638 4 6 38 140462
16 12 4 3639 4 7 39 150268
16 12 4 3640 4 0 40 105160
16 12 4 3641 4 1 41 108026
16 12 4 3642 4 2 42 110190
16 12 4 3643 4 3 43 119317
16 12 4 3644 4 4 44 127844
16 12 4 3645 4 5 45 143808
16 12 4 3646 4 6 46 142144
16 12 4 3647 4 7 47 152396
16 12 4 3648 4 0 48 105294
16 12 4 3649 4 1 49 107688
16 12 4 3650 4 2 50 108489
16 12 4 3651 4 3 51 119423
16 12 4 3652 4 4 52 128303
16 12 4 3653 4 5 53 138736
16 12 4 3654 4 6 54 149908
16 12 4 3655 4 7 55 158931
16 12 4 3656 4 0 56 105342
16 12 4 3657 4 1 57 107921
16 12 4 3658 4 2 58 109193
16 12 4 3659 4 3 59 117201
16 12 4 3660 4 4 60 128773
16 12 4 3661 4 5 61 136326
16 12 4 3662 4 6 62 149093
16 12 4 3663 4 7 63 152837
16 12 4 3664 4 0 64 105102
16 12 4 3665 4 1 65 104588
16 12 4 3666 4 2 66 113127
16 12 4 3667 4 3 67 118758
16 12 4 3668 4 4 68 119536
16 12 4 3669 4 5 69 140175
16 12 4 3670 4 6 70 151994
16 12 4 3671 4 7 71 161395
16 12 4 3672 4 0 72 105142
16 12 4 3673 4 1 73 104845
16 12 4 3674 4 2 74 113895
16 12 4 3675 4 3 75 118839
16 12 4 3676 4 4 76 127950
16 12 4 3677 4 5 77 143837
16 12 4 3678 4 6 78 149927
16 12 4 3679 4 7 79 153604
16 12 4 3680 4 0 80 105277
16 12 4 3681 4 1 81 108002
16 12 4 3682 4 2 82 113469
16 12 4 3683 4 3 83 107349
16 12 4 3684 4 4 84 119910
16 12 4 3685 4 5 85 135554
16 12 4 3686 4 6 86 135518
16 12 4 3687 4 7 87 159410
16 12 4 3688 4 0 88 105056
16 12 4 3689 4 1 89 107624
16 12 4 3690 4 2 90 113403
16 12 4 3691 4 3 91 119724
16 12 4 3692 4 4 92 126526
16 12 4 3693 4 5 93 143192
16 12 4 3694 4 6 94 149395
16 12 4 3695 4 7 95 151815
16 12 4 3696 4 0 96 105360
16 12 4 3697 4 1 97 107981
16 12 4 3698 4 2 98 112984
16 12 4 3699 4 3 99 119023
16 12 4 3700 4 4 0 127501
16 12 4 3701 4 5 1 144413
16 12 4 3702 4 6 2 148767
16 12 4 3703 4 7 3 152062
16 12 4 3704 4 0 4 105278
16 12 4 3705 4 1 5 107722
16 12 4 3706 4 2 6 108418
16 12 4 3707 4 3 7 118753
16 12 4 3708 4 4 8 127962
16 12 4 3709 4 5 9 142254
16 12 4 3710 4 6 10 148925
16 12 4 3711 4 7 11 152480
16 12 4 3712 4 0 12 105138
16 12 4 3713 4 1 13 107772
16 12 4 3714 4 2 14 113153
16 12 4 3715 4 3 15 112046
16 12 4 3716 4 4 16 127890
16 12 4 3717 4 5 17 138743
16 12 4 3718 4 6 18 148079
16 12 4 3719 4 7 19 158404
16 12 4 3720 4 0 20 105148
16 12 4 3721 4 1 21 108017
16 12 4 3722 4 2 22 113428
16 12 4 3723 4 3 23 119046
16 12 4 3724 4 4 24 127771
16 12 4 3725 4 5 25 140970
16 12 4 3726 4 6 26 149164
16 12 4 3727 4 7 27 148201
16 12 4 3728 4 0 28 105156
16 12 4 3729 4 1 29 107553
16 12 4 3730 4 2 30 111895
16 12 4 3731 4 3 31 114005
16 12 4 3732 4 4 32 128249
16 12 4 3733 4 5 33 143071
16 12 4 3734 4 6 34 143635
16 12 4 3735 4 7 35 157605
16 12 4 3736 4 0 36 104991
16 12 4 3737 4 1 37 108009
16 12 4 3738 4 2 38 107017
16 12 4 3739 4 3 39 116135
16 12 4 3740 4 4 40 127818
16 12 4 3741 4 5 41 143523
16 12 4 3742 4 6 42 135469
16 12 4 3743 4 7 43 149923
16 12 4 3744 4 0 44 105235
16 12 4 3745 4 1 45 107903
16 12 4 3746 4 2 46 113231
16 12 4 3747 4 3 47 119292
16 12 4 3748 4 4 48 123311
16 12 4 3749 4 5 49 140714
16 12 4 3750 4 6 50 134396
16 12 4 3751 4 7 51 148551
16 12 4 3752 4 0 52 105226
16 12 4 3753 4 1 53 107663
16 12 4 3754 4 2 54 113100
16 12 4 3755 4 3 55 119007
16 12 4 3756 4 4 56 128264
16 12 4 3757 4 5 57 137977
16 12 4 3758 4 6 58 142205
16 12 4 3759 4 7 59 156483
16 12 4 3760 4 0 60 105268
16 12 4 3761 4 1 61 106474
16 12 4 3762 4 2 62 113016
16 12 4 3763 4 3 63 116560
16 12 4 3764 4 4 64 127591
16 12 4 3765 4 5 65 135655
16 12 4 3766 4 6 66 149542
16 12 4 3767 4 7 67 159480
16 12 4 3768 4 0 68 103713
16 12 4 3769 4 1 69 107681
16 12 4 3770 4 2 70 113515
16 12 4 3771 4 3 71 119496
16 12 4 3772 4 4 72 128033
16 12 4 3773 4 5 73 115959
16 12 4 3774 4 6 74 151389
16 12 4 3775 4 7 75 152470
16 12 4 3776 4 0 76 105120
16 12 4 3777 4 1 77 107939
16 12 4 3778 4 2 78 113215
16 12 4 3779 4 3 79 113972
16 12 4 3780 4 4 80 128524
16 12 4 3781 4 5 81 144388
16 12 4 3782 4 6 82 141749
16 12 4 3783 4 7 83 130056
16 12 4 3784 4 0 84 103112
16 12 4 3785 4 1 85 107895
16 12 4 3786 4 2 86 109988
16 12 4 3787 4 3 87 118304
16 12 4 3788 4 4 88 121647
16 12 4 3789 4 5 89 142668
16 12 4 3790 4 6 90 147687
16 12 4 3791 4 7 91 161791
16 12 4 3792 4 0 92 105327
16 12 4 3793 4 1 93 107892
16 12 4 3794 4 2 94 113330
16 12 4 3795 4 3 95 120215
16 12 4 3796 4 4 96 128416
16 12 4 3797 4 5 97 141221
16 12 4 3798 4 6 98 144468
16 12 4 3799 4 7 99 160201
16 12 4 3800 4 0 0 105260
16 12 4 3801 4 1 1 108071
16 12 4 3802 4 2 2 113695
16 12 4 3803 4 3 3 118696
16 12 4 3804 4 4 4 124638
16 12 4 3805 4 5 5 138126
16 12 4 3806 4 6 6 142388
16 12 4 3807 4 7 7 160359
16 12 4 3808 4 0 8 105270
16 12 4 3809 4 1 9 107908
16 12 4 3810 4 2 10 112711
16 12 4 3811 4 3 11 119257
16 12 4 3812 4 4 12 127701
16 12 4 3813 4 5 13 143040
16 12 4 3814 4 6 14 144436
16 12 4 3815 4 7 15 143791
16 12 4 3816 4 0 16 105153
16 12 4 3817 4 1 17 106958
16 12 4 3818 4 2 18 112966
16 12 4 3819 4 3 19 119249
16 12 4 3820 4 4 20 127708
16 12 4 3821 4 5 21 143245
16 12 4 3822 4 6 22 143242
16 12 4 3823 4 7 23 161377
16 12 4 3824 4 0 24 105185
16 12 4 3825 4 1 25 107331
16 12 4 3826 4 2 26 113303
16 12 4 3827 4 3 27 112351
16 12 4 3828 4 4 28 125918
16 12 4 3829 4 5 29 141725
16 12 4 3830 4 6 30 145337
16 12 4 3831 4 7 31 153839
16 12 4 3832 4 0 32 105275
16 12 4 3833 4 1 33 107796
16 12 4 3834 4 2 34 110260
16 12 4 3835 4 3 35 119852
16 12 4 3836 4 4 36 126590
16 12 4 3837 4 5 37 144142
16 12 4 3838 4 6 38 140462
16 12 4 3839 4 7 39 150268
16 12 4 3840 4 0 40 105160
16 12 4 3841 4 1 41 108026
16 12 4 3842 4 2 42 110190
16 12 4 3843 4 3 43 119317
16 12 4 3844 4 4 44 127844
16 12 4 3845 4 5 45 143808
16 12 4 3846 4 6 46 142144
16 12 4 3847 4 7 47 152396
16 12 4 3848 4 0 48 105294
16 12 4 3849 4 1 49 107688
16 12 4 3850 4 2 50 108489
16 12 4 3851 4 3 51 119423
16 12 4 3852 4 4 52 128303
16 12 4 3853 4 5 53 138736
16 12 4 3854 4 6 54 149908
16 12 4 3855 4 7 55 158931
16 12 4 3856 4 0 56 105342
16 12 4 3857 4 1 57 107921
16 12 4 3858 4 2 58 109193
16 12 4 3859 4 3 59 117201
16 12 4 3860 4 4 60 128773
16 12 4 3861 4 5 61 136326
16 12 4 3862 4 6 62 149093
16 12 4 3863 4 7 63 152837
16 12 4 3864 4 0 64 105102
16 12 4 3865 4 1 65 104588
16 12 4 3866 4 2 66 113127
16 12 4 3867 4 3 67 118758
16 12 4 3868 4 4 68 119536
16 12 4 3869 4 5 69 140175
16 12 4 3870 4 6 70 151994
16 12 4 3871 4 7 71 161395
16 12 4 3872 4 0 72 105142
16 12 4 3873 4 1 73 104845
16 12 4 3874 4 2 74 113895
16 12 4 3875 4 3 75 118839
16 12 4 3876 4 4 76 127950
16 12 4 3877 4 5 77 143837
16 12 4 3878 4 6 78 149927
16 12 4 3879 4 7 79 153604
16 12 4 3880 4 0 80 105277
16 12 4 3881 4 1 81 108002
16 12 4 3882 4 2 82 113469
16 12 4 3883 4 3 83 107349
16 12 4 3884 4 4 84 119910
16 12 4 3885 4 5 85 135554
16 12 4 3886 4 6 86 135518
16 12 4 3887 4 7 87 159410
16 12 4 3888 4 0 88 105056
16 12 4 3889 4 1 89 107624
16 12 4 3890 4 2 90 113403
16 12 4 3891 4 3 91 119724
16 12 4 3892 4 4 92 126526
16 12 4 3893 4 5 93 143192
16 12 4 3894 4 6 94 149395
16 12 4 3895 4 7 95 151815
16 12 4 3896 4 0 96 105360
16 12 4 3897 4 1 97 107981
16 12 4 3898 4 2 98 112984
16 12 4 3899 4 3 99 119023
16 12 5 3600 4 0 0 106611
16 12 5 3601 4 1 1 109919
16 12 5 3602 4 2 2 117347
16 12 5 3603 4 3 3 124210
16 12 5 3604 4 4 4 132633
16 12 5 3605 4 5 5 151332
16 12 5 3606 4 6 6 158199
16 12 5 3607 4 7 7 179165
16 12 5 3608 4 0 8 106678
16 12 5 3609 4 1 9 109970
16 12 5 3610 4 2 10 116439
16 12 5 3611 4 3 11 124787
16 12 5 3612 4 4 12 136204
16 12 5 3613 4 5 13 156143
16 12 5 3614 4 6 14 159806
16 12 5 3615 4 7 15 161112
16 12 5 3616 4 0 16 106424
16 12 5 3617 4 1 17 109096
16 12 5 3618 4 2 18 116693
16 12 5 3619 4 3 19 124673
16 12 5 3620 4 4 20 136057
16 12 5 3621 4 5 21 155823
16 12 5 3622 4 6 22 157995
16 12 5 3623 4 7 23 181947
16 12 5 3624 4 0 24 106537
16 12 5 3625 4 1 25 109476
16 12 5 3626 4 2 26 116878
16 12 5 3627 4 3 27 117431
16 12 5 3628 4 4 28 134034
16 12 5 3629 4 5 29 155675
16 12 5 3630 4 6 30 161184
16 12 5 3631 4 7 31 172846
16 12 5 3632 4 0 32 106664
16 12 5 3633 4 1 33 109857
16 12 5 3634 4 2 34 113416
16 12 5 3635 4 3 35 125256
16 12 5 3636 4 4 36 134875
16 12 5 3637 4 5 37 156751
16 12 5 3638 4 6 38 156192
16 12 5 3639 4 7 39 168565
16 12 5 3640 4 0 40 106553
16 12 5 3641 4 1 41 110165
16 12 5 3642 4 2 42 113825
16 12 5 3643 4 3 43 124729
16 12 5 3644 4 4 44 136173
16 12 5 3645 4 5 45 157571
16 12 5 3646 4 6 46 157913
16 12 5 3647 4 7 47 172367
16 12 5 3648 4 0 48 106683
16 12 5 3649 4 1 49 109769
16 12 5 3650 4 2 50 112003
16 12 5 3651 4 3 51 124941
16 12 5 3652 4 4 52 136432
16 12 5 3653 4 5 53 152193
16 12 5 3654 4 6 54 166622
16 12 5 3655 4 7 55 174936
16 12 5 3656 4 0 56 106668
16 12 5 3657 4 1 57 110036
16 12 5 3658 4 2 58 112797
16 12 5 3659 4 3 59 122559
16 12 5 3660 4 4 60 136800
16 12 5 3661 4 5 61 143434
16 12 5 3662 4 6 62 164352
16 12 5 3663 4 7 63 172128
16 12 5 3664 4 0 64 106502
16 12 5 3665 4 1 65 106660
16 12 5 3666 4 2 66 116861
16 12 5 3667 4 3 67 124052
16 12 5 3668 4 4 68 127221
16 12 5 3669 4 5 69 152809
16 12 5 3670 4 6 70 168759
16 12 5 3671 4 7 71 182327
16 12 5 3672 4 0 72 106444
16 12 5 3673 4 1 73 106941
16 12 5 3674 4 2 74 117552
16 12 5 3675 4 3 75 124106
16 12 5 3676 4 4 76 136242
16 12 5 3677 4 5 77 157335
16 12 5 3678 4 6 78 166333
16 12 5 3679 4 7 79 159845
16 12 5 3680 4 0 80 106612
16 12 5 3681 4 1 81 110141
16 12 5 3682 4 2 82 117249
16 12 5 3683 4 3 83 112225
16 12 5 3684 4 4 84 127673
16 12 5 3685 4 5 85 148311
16 12 5 3686 4 6 86 150445
16 12 5 3687 4 7 87 179740
16 12 5 3688 4 0 88 106428
16 12 5 3689 4 1 89 109778
16 12 5 3690 4 2 90 117009
16 12 5 3691 4 3 91 125213
16 12 5 3692 4 4 92 134667
16 12 5 3693 4 5 93 157468
16 12 5 3694 4 6 94 164256
16 12 5 3695 4 7 95 171984
16 12 5 3696 4 0 96 106703
16 12 5 3697 4 1 97 109969
16 12 5 3698 4 2 98 116750
16 12 5 3699 4 3 99 124032
16 12 5 3700 4 4 0 135911
16 12 5 3701 4 5 1 157005
16 12 5 3702 4 6 2 165229
16 12 5 3703 4 7 3 170504
16 12 5 3704 4 0 4 106624
16 12 5 3705 4 1 5 109818
16 12 5 3706 4 2 6 112030
16 12 5 3707 4 3 7 123855
16 12 5 3708 4 4 8 136561
16 12 5 3709 4 5 9 155719
16 12 5 3710 4 6 10 165335
16 12 5 3711 4 7 11 171727
16 12 5 3712 4 0 12 106538
16 12 5 3713 4 1 13 109809
16 12 5 3714 4 2 14 116803
16 12 5 3715 4 3 15 117222
16 12 5 3716 4 4 16 136381
16 12 5 3717 4 5 17 152321
16 12 5 3718 4 6 18 155831
16 12 5 3719 4 7 19 177937
16 12 5 3720 4 0 20 106536
16 12 5 3721 4 1 21 109871
16 12 5 3722 4 2 22 117138
16 12 5 3723 4 3 23 124486
16 12 5 3724 4 4 24 135979
16 12 5 3725 4 5 25 155054
16 12 5 3726 4 6 26 164464
16 12 5 3727 4 7 27 165492
16 12 5 3728 4 0 28 106534
16 12 5 3729 4 1 29 109683
16 12 5 3730 4 2 30 115622
16 12 5 3731 4 3 31 119140
16 12 5 3732 4 4 32 136527
16 12 5 3733 4 5 33 157025
16 12 5 3734 4 6 34 147773
16 12 5 3735 4 7 35 177697
16 12 5 3736 4 0 36 106349
16 12 5 3737 4 1 37 109844
16 12 5 3738 4 2 38 110583
16 12 5 3739 4 3 39 121348
16 12 5 3740 4 4 40 136120
16 12 5 3741 4 5 41 157510
16 12 5 3742 4 6 42 149846
16 12 5 3743 4 7 43 167988
16 12 5 3744 4 0 44 106609
16 12 5 3745 4 1 45 109985
16 12 5 3746 4 2 46 117060
16 12 5 3747 4 3 47 124857
16 12 5 3748 4 4 48 126578
16 12 5 3749 4 5 49 154101
16 12 5 3750 4 6 50 148904
16 12 5 3751 4 7 51 167157
16 12 5 3752 4 0 52 106592
16 12 5 3753 4 1 53 109776
16 12 5 3754 4 2 54 116832
16 12 5 3755 4 3 55 124375
16 12 5 3756 4 4 56 136178
16 12 5 3757 4 5 57 150431
16 12 5 3758 4 6 58 157821
16 12 5 3759 4 7 59 176929
16 12 5 3760 4 0 60 106633
16 12 5 3761 4 1 61 108515
16 12 5 3762 4 2 62 116214
16 12 5 3763 4 3 63 121426
16 12 5 3764 4 4 64 135645
16 12 5 3765 4 5 65 149229
16 12 5 3766 4 6 66 165736
16 12 5 3767 4 7 67 174157
16 12 5 3768 4 0 68 105059
16 12 5 3769 4 1 69 109521
16 12 5 3770 4 2 70 117338
16 12 5 3771 4 3 71 125031
16 12 5 3772 4 4 72 135673
16 12 5 3773 4 5 73 127281
16 12 5 3774 4 6 74 166835
16 12 5 3775 4 7 75 171193
16 12 5 3776 4 0 76 106499
16 12 5 3777 4 1 77 109887
16 12 5 3778 4 2 78 116949
16 12 5 3779 4 3 79 119207
16 12 5 3780 4 4 80 136134
16 12 5 3781 4 5 81 158556
16 12 5 3782 4 6 82 157681
16 12 5 3783 4 7 83 146765
16 12 5 3784 4 0 84 104413
16 12 5 3785 4 1 85 109977
16 12 5 3786 4 2 86 113618
16 12 5 3787 4 3 87 123755
16 12 5 3788 4 4 88 129550
16 12 5 3789 4 5 89 156147
16 12 5 3790 4 6 90 162902
16 12 5 3791 4 7 91 182890
16 12 5 3792 4 0 92 106725
16 12 5 3793 4 1 93 110009
16 12 5 3794 4 2 94 116903
16 12 5 3795 4 3 95 125649
16 12 5 3796 4 4 96 136402
16 12 5 3797 4 5 97 153710
16 12 5 3798 4 6 98 156760
16 12 5 3799 4 7 99 179273
16 12 5 3800 4 0 0 106611
16 12 5 3801 4 1 1 109919
16 12 5 3802 4 2 2 117347
16 12 5 3803 4 3 3 124210
16 12 5 3804 4 4 4 132633
16 12 5 3805 4 5 5 151332
16 12 5 3806 4 6 6 158199
16 12 5 3807 4 7 7 179165
16 12 5 3808 4 0 8 106678
16 12 5 3809 4 1 9 109970
16 12 5 3810 4 2 10 116439
16 12 5 3811 4 3 11 124787
16 12 5 3812 4 4 12 136204
16 12 5 3813 4 5 13 156143
16 12 5 3814 4 6 14 159806
16 12 5 3815 4 7 15 161112
16 12 5 3816 4 0 16 106424
16 12 5 3817 4 1 17 109096
16 12 5 3818 4 2 18 116693
16 12 5 3819 4 3 19 124673
16 12 5 3820 4 4 20 136057
16 12 5 3821 4 5 21 155823
16 12 5 3822 4 6 22 157995
16 12 5 3823 4 7 23 181947
16 12 5 3824 4 0 24 106537
16 12 5 3825 4 1 25 109476
16 12 5 3826 4 2 26 116878
16 12 5 3827 4 3 27 117431
16 12 5 3828 4 4 28 134034
16 12 5 3829 4 5 29 155675
16 12 5 3830 4 6 30 161184
16 12 5 3831 4 7 31 172846
16 12 5 3832 4 0 32 106664
16 12 5 3833 4 1 33 109857
16 12 5 3834 4 2 34 113416
16 12 5 3835 4 3 35 125256
16 12 5 3836 4 4 36 134875
16 12 5 3837 4 5 37 156751
16 12 5 3838 4 6 38 156192
16 12 5 3839 4 7 39 168565
16 12 5 3840 4 0 40 106553
16 12 5 3841 4 1 41 110165
16 12 5 3842 4 2 42 113825
16 12 5 3843 4 3 43 124729
16 12 5 3844 4 4 44 136173
16 12 5 3845 4 5 45 157571
16 12 5 3846 4 6 46 157913
16 12 5 3847 4 7 47 172367
16 12 5 3848 4 0 48 106683
16 12 5 3849 4 1 49 109769
16 12 5 3850 4 2 50 112003
16 12 5 3851 4 3 51 124941
16 12 5 3852 4 4 52 136432
16 12 5 3853 4 5 53 152193
16 12 5 3854 4 6 54 166622
16 12 5 3855 4 7 55 174936
16 12 5 3856 4 0 56 106668
16 12 5 3857 4 1 57 110036
16 12 5 3858 4 2 58 112797
16 12 5 3859 4 3 59 122559
16 12 5 3860 4 4 60 136800
16 12 5 3861 4 5 61 143434
16 12 5 3862 4 6 62 164352
16 12 5 3863 4 7 63 172128
16 12 5 3864 4 0 64 106502
16 12 5 3865 4 1 65 106660
16 12 5 3866 4 2 66 116861
16 12 5 3867 4 3 67 124052
16 12 5 3868 4 4 68 127221
16 12 5 3869 4 5 69 152809
16 12 5 3870 4 6 70 168759
16 12 5 3871 4 7 71 182327
16 12 5 3872 4 0 72 106444
16 12 5 3873 4 1 73 106941
16 12 5 3874 4 2 74 117552
16 12 5 3875 4 3 75 124106
16 12 5 3876 4 4 76 136242
16 12 5 3877 4 5 77 157335
16 12 5 3878 4 6 78 166333
16 12 5 3879 4 7 79 159845
16 12 5 3880 4 0 80 106612
16 12 5 3881 4 1 81 110141
16 12 5 3882 4 2 82 117249
16 12 5 3883 4 3 83 112225
16 12 5 3884 4 4 84 127673
16 12 5 3885 4 5 85 148311
16 12 5 3886 4 6 86 150445
16 12 5 3887 4 7 87 179740
16 12 5 3888 4 0 88 106428
16 12 5 3889 4 1 89 109778
16 12 5 3890 4 2 90 117009
16 12 5 3891 4 3 91 125213
16 12 5 3892 4 4 92 134667
16 12 5 3893 4 5 93 157468
16 12 5 3894 4 6 94 164256
16 12 5 3895 4 7 95 171984
16 12 5 3896 4 0 96 106703
16 12 5 3897 4 1 97 109969
16 12 5 3898 4 2 98 116750
16 12 5 3899 4 3 99 124032
