8 1 1 600 0 0 0 101282
8 1 1 601 0 1 1 102008
8 1 1 602 0 2 2 103219
8 1 1 603 0 3 3 104750
8 1 1 604 0 4 4 106528
8 1 1 605 0 5 5 109580
8 1 1 606 0 6 6 110693
8 1 1 607 0 7 7 112310
8 1 1 608 0 0 8 101216
8 1 1 609 0 1 9 102016
8 1 1 610 0 2 10 103234
8 1 1 611 0 3 11 104630
8 1 1 612 0 4 12 106335
8 1 1 613 0 5 13 109996
8 1 1 614 0 6 14 111020
8 1 1 615 0 7 15 112718
8 1 1 616 0 0 16 101280
8 1 1 617 0 1 17 101946
8 1 1 618 0 2 18 103260
8 1 1 619 0 3 19 104702
8 1 1 620 0 4 20 106303
8 1 1 621 0 5 21 109092
8 1 1 622 0 6 22 107491
8 1 1 623 0 7 23 113024
8 1 1 624 0 0 24 101273
8 1 1 625 0 1 25 101880
8 1 1 626 0 2 26 103382
8 1 1 627 0 3 27 104615
8 1 1 628 0 4 28 106584
8 1 1 629 0 5 29 109944
8 1 1 630 0 6 30 110954
8 1 1 631 0 7 31 112584
8 1 1 632 0 0 32 101326
8 1 1 633 0 1 33 102023
8 1 1 634 0 2 34 103224
8 1 1 635 0 3 35 104494
8 1 1 636 0 4 36 106221
8 1 1 637 0 5 37 109890
8 1 1 638 0 6 38 111377
8 1 1 639 0 7 39 113044
8 1 1 640 0 0 40 101330
8 1 1 641 0 1 41 102033
8 1 1 642 0 2 42 103267
8 1 1 643 0 3 43 104750
8 1 1 644 0 4 44 106287
8 1 1 645 0 5 45 109684
8 1 1 646 0 6 46 110922
8 1 1 647 0 7 47 112562
8 1 1 648 0 0 48 101344
8 1 1 649 0 1 49 100472
8 1 1 650 0 2 50 103301
8 1 1 651 0 3 51 104621
8 1 1 652 0 4 52 106463
8 1 1 653 0 5 53 108724
8 1 1 654 0 6 54 111193
8 1 1 655 0 7 55 112564
8 1 1 656 0 0 56 101349
8 1 1 657 0 1 57 102014
8 1 1 658 0 2 58 103282
8 1 1 659 0 3 59 104565
8 1 1 660 0 4 60 106586
8 1 1 661 0 5 61 109036
8 1 1 662 0 6 62 110756
8 1 1 663 0 7 63 113461
8 1 1 664 0 0 64 101332
8 1 1 665 0 1 65 101994
8 1 1 666 0 2 66 103348
8 1 1 667 0 3 67 104620
8 1 1 668 0 4 68 106384
8 1 1 669 0 5 69 109928
8 1 1 670 0 6 70 110778
8 1 1 671 0 7 71 113071
8 1 1 672 0 0 72 101338
8 1 1 673 0 1 73 101914
8 1 1 674 0 2 74 103159
8 1 1 675 0 3 75 104578
8 1 1 676 0 4 76 106695
8 1 1 677 0 5 77 109898
8 1 1 678 0 6 78 111069
8 1 1 679 0 7 79 113142
8 1 1 680 0 0 80 101308
8 1 1 681 0 1 81 101999
8 1 1 682 0 2 82 103358
8 1 1 683 0 3 83 104706
8 1 1 684 0 4 84 106400
8 1 1 685 0 5 85 102492
8 1 1 686 0 6 86 111265
8 1 1 687 0 7 87 112805
8 1 1 688 0 0 88 101348
8 1 1 689 0 1 89 101946
8 1 1 690 0 2 90 103013
8 1 1 691 0 3 91 104066
8 1 1 692 0 4 92 106602
8 1 1 693 0 5 93 109856
8 1 1 694 0 6 94 111132
8 1 1 695 0 7 95 113441
8 1 1 696 0 0 96 101274
8 1 1 697 0 1 97 101888
8 1 1 698 0 2 98 103319
8 1 1 699 0 3 99 104609
8 1 1 700 0 4 0 106420
8 1 1 701 0 5 1 105189
8 1 1 702 0 6 2 110799
8 1 1 703 0 7 3 112905
8 1 1 704 0 0 4 101308
8 1 1 705 0 1 5 101926
8 1 1 706 0 2 6 103157
8 1 1 707 0 3 7 104670
8 1 1 708 0 4 8 106123
8 1 1 709 0 5 9 109963
8 1 1 710 0 6 10 110863
8 1 1 711 0 7 11 112992
8 1 1 712 0 0 12 101282
8 1 1 713 0 1 13 102006
8 1 1 714 0 2 14 103070
8 1 1 715 0 3 15 104595
8 1 1 716 0 4 16 106339
8 1 1 717 0 5 17 109718
8 1 1 718 0 6 18 111052
8 1 1 719 0 7 19 112761
8 1 1 720 0 0 20 101261
8 1 1 721 0 1 21 102023
8 1 1 722 0 2 22 101071
8 1 1 723 0 3 23 104583
8 1 1 724 0 4 24 106384
8 1 1 725 0 5 25 109024
8 1 1 726 0 6 26 111150
8 1 1 727 0 7 27 113102
8 1 1 728 0 0 28 101318
8 1 1 729 0 1 29 101990
8 1 1 730 0 2 30 103315
8 1 1 731 0 3 31 104516
8 1 1 732 0 4 32 106633
8 1 1 733 0 5 33 109893
8 1 1 734 0 6 34 110348
8 1 1 735 0 7 35 112806
8 1 1 736 0 0 36 101261
8 1 1 737 0 1 37 101989
8 1 1 738 0 2 38 103360
8 1 1 739 0 3 39 104515
8 1 1 740 0 4 40 106624
8 1 1 741 0 5 41 110175
8 1 1 742 0 6 42 110942
8 1 1 743 0 7 43 113136
8 1 1 744 0 0 44 101224
8 1 1 745 0 1 45 101974
8 1 1 746 0 2 46 103164
8 1 1 747 0 3 47 104358
8 1 1 748 0 4 48 106653
8 1 1 749 0 5 49 105518
8 1 1 750 0 6 50 111124
8 1 1 751 0 7 51 113106
8 1 1 752 0 0 52 101317
8 1 1 753 0 1 53 101568
8 1 1 754 0 2 54 103307
8 1 1 755 0 3 55 104480
8 1 1 756 0 4 56 106729
8 1 1 757 0 5 57 109850
8 1 1 758 0 6 58 110993
8 1 1 759 0 7 59 112664
8 1 1 760 0 0 60 101313
8 1 1 761 0 1 61 101766
8 1 1 762 0 2 62 103220
8 1 1 763 0 3 63 104706
8 1 1 764 0 4 64 106665
8 1 1 765 0 5 65 109896
8 1 1 766 0 6 66 111002
8 1 1 767 0 7 67 112429
8 1 1 768 0 0 68 101276
8 1 1 769 0 1 69 101989
8 1 1 770 0 2 70 103345
8 1 1 771 0 3 71 104599
8 1 1 772 0 4 72 106692
8 1 1 773 0 5 73 109462
8 1 1 774 0 6 74 110703
8 1 1 775 0 7 75 112662
8 1 1 776 0 0 76 101338
8 1 1 777 0 1 77 101991
8 1 1 778 0 2 78 103269
8 1 1 779 0 3 79 104515
8 1 1 780 0 4 80 106488
8 1 1 781 0 5 81 109953
8 1 1 782 0 6 82 111374
8 1 1 783 0 7 83 113340
8 1 1 784 0 0 84 101283
8 1 1 785 0 1 85 101974
8 1 1 786 0 2 86 103332
8 1 1 787 0 3 87 104529
8 1 1 788 0 4 88 106745
8 1 1 789 0 5 89 109630
8 1 1 790 0 6 90 110119
8 1 1 791 0 7 91 112100
8 1 1 792 0 0 92 101320
8 1 1 793 0 1 93 101980
8 1 1 794 0 2 94 103342
8 1 1 795 0 3 95 104750
8 1 1 796 0 4 96 105907
8 1 1 797 0 5 97 109404
8 1 1 798 0 6 98 111234
8 1 1 799 0 7 99 112895
8 1 1 800 1 0 0 100996
8 1 1 801 1 1 1 100834
8 1 1 802 1 2 2 101826
8 1 1 803 1 3 3 104750
8 1 1 804 1 4 4 95123
8 1 1 805 1 5 5 100981
8 1 1 806 1 6 6 91758
8 1 1 807 1 7 7 96748
8 1 1 808 1 0 8 98998
8 1 1 809 1 1 9 98443
8 1 1 810 1 2 10 100895
8 1 1 811 1 3 11 98454
8 1 1 812 1 4 12 106727
8 1 1 813 1 5 13 101246
8 1 1 814 1 6 14 93856
8 1 1 815 1 7 15 97726
8 1 1 816 1 0 16 99908
8 1 1 817 1 1 17 100144
8 1 1 818 1 2 18 96547
8 1 1 819 1 3 19 96250
8 1 1 820 1 4 20 105814
8 1 1 821 1 5 21 103045
8 1 1 822 1 6 22 110373
8 1 1 823 1 7 23 95225
8 1 1 824 1 0 24 100740
8 1 1 825 1 1 25 100867
8 1 1 826 1 2 26 98942
8 1 1 827 1 3 27 99500
8 1 1 828 1 4 28 104560
8 1 1 829 1 5 29 101519
8 1 1 830 1 6 30 101738
8 1 1 831 1 7 31 109322
8 1 1 832 1 0 32 100016
8 1 1 833 1 1 33 101897
8 1 1 834 1 2 34 101597
8 1 1 835 1 3 35 102984
8 1 1 836 1 4 36 95898
8 1 1 837 1 5 37 100719
8 1 1 838 1 6 38 99917
8 1 1 839 1 7 39 99223
8 1 1 840 1 0 40 99940
8 1 1 841 1 1 41 101997
8 1 1 842 1 2 42 98942
8 1 1 843 1 3 43 104750
8 1 1 844 1 4 44 106776
8 1 1 845 1 5 45 107576
8 1 1 846 1 6 46 109394
8 1 1 847 1 7 47 103021
8 1 1 848 1 0 48 100572
8 1 1 849 1 1 49 101746
8 1 1 850 1 2 50 98054
8 1 1 851 1 3 51 101160
8 1 1 852 1 4 52 100391
8 1 1 853 1 5 53 96711
8 1 1 854 1 6 54 100382
8 1 1 855 1 7 55 96980
8 1 1 856 1 0 56 101329
8 1 1 857 1 1 57 99973
8 1 1 858 1 2 58 102838
8 1 1 859 1 3 59 102750
8 1 1 860 1 4 60 105422
8 1 1 861 1 5 61 95972
8 1 1 862 1 6 62 102102
8 1 1 863 1 7 63 108872
8 1 1 864 1 0 64 99920
8 1 1 865 1 1 65 101903
8 1 1 866 1 2 66 96618
8 1 1 867 1 3 67 104736
8 1 1 868 1 4 68 106281
8 1 1 869 1 5 69 101449
8 1 1 870 1 6 70 99420
8 1 1 871 1 7 71 104755
8 1 1 872 1 0 72 98976
8 1 1 873 1 1 73 100299
8 1 1 874 1 2 74 99702
8 1 1 875 1 3 75 101750
8 1 1 876 1 4 76 100268
8 1 1 877 1 5 77 99541
8 1 1 878 1 6 78 98354
8 1 1 879 1 7 79 98445
8 1 1 880 1 0 80 101347
8 1 1 881 1 1 81 99910
8 1 1 882 1 2 82 99643
8 1 1 883 1 3 83 103750
8 1 1 884 1 4 84 99703
8 1 1 885 1 5 85 104737
8 1 1 886 1 6 86 95566
8 1 1 887 1 7 87 105085
8 1 1 888 1 0 88 100316
8 1 1 889 1 1 89 101191
8 1 1 890 1 2 90 99750
8 1 1 891 1 3 91 104750
8 1 1 892 1 4 92 94960
8 1 1 893 1 5 93 91981
8 1 1 894 1 6 94 101502
8 1 1 895 1 7 95 113122
8 1 1 896 1 0 96 99152
8 1 1 897 1 1 97 101785
8 1 1 898 1 2 98 98586
8 1 1 899 1 3 99 102172
8 1 1 900 1 4 0 105822
8 1 1 901 1 5 1 104218
8 1 1 902 1 6 2 108863
8 1 1 903 1 7 3 107503
8 1 1 904 1 0 4 99077
8 1 1 905 1 1 5 98725
8 1 1 906 1 2 6 97020
8 1 1 907 1 3 7 98250
8 1 1 908 1 4 8 93997
8 1 1 909 1 5 9 93356
8 1 1 910 1 6 10 103220
8 1 1 911 1 7 11 104189
8 1 1 912 1 0 12 101230
8 1 1 913 1 1 13 100226
8 1 1 914 1 2 14 99971
8 1 1 915 1 3 15 103000
8 1 1 916 1 4 16 100070
8 1 1 917 1 5 17 103307
8 1 1 918 1 6 18 92274
8 1 1 919 1 7 19 92461
8 1 1 920 1 0 20 101140
8 1 1 921 1 1 21 100148
8 1 1 922 1 2 22 103315
8 1 1 923 1 3 23 96250
8 1 1 924 1 4 24 102544
8 1 1 925 1 5 25 105197
8 1 1 926 1 6 26 100138
8 1 1 927 1 7 27 98238
8 1 1 928 1 0 28 100996
8 1 1 929 1 1 29 100126
8 1 1 930 1 2 30 103373
8 1 1 931 1 3 31 102448
8 1 1 932 1 4 32 100149
8 1 1 933 1 5 33 104860
8 1 1 934 1 6 34 106048
8 1 1 935 1 7 35 106043
8 1 1 936 1 0 36 98674
8 1 1 937 1 1 37 99506
8 1 1 938 1 2 38 103275
8 1 1 939 1 3 39 103440
8 1 1 940 1 4 40 99160
8 1 1 941 1 5 41 110069
8 1 1 942 1 6 42 101552
8 1 1 943 1 7 43 113562
8 1 1 944 1 0 44 101326
8 1 1 945 1 1 45 101752
8 1 1 946 1 2 46 102807
8 1 1 947 1 3 47 104416
8 1 1 948 1 4 48 103856
8 1 1 949 1 5 49 107193
8 1 1 950 1 6 50 96642
8 1 1 951 1 7 51 106507
8 1 1 952 1 0 52 100129
8 1 1 953 1 1 53 99736
8 1 1 954 1 2 54 99287
8 1 1 955 1 3 55 99624
8 1 1 956 1 4 56 106741
8 1 1 957 1 5 57 101198
8 1 1 958 1 6 58 109761
8 1 1 959 1 7 59 109604
8 1 1 960 1 0 60 101336
8 1 1 961 1 1 61 100000
8 1 1 962 1 2 62 97545
8 1 1 963 1 3 63 104750
8 1 1 964 1 4 64 99380
8 1 1 965 1 5 65 110063
8 1 1 966 1 6 66 89916
8 1 1 967 1 7 67 105333
8 1 1 968 1 0 68 101356
8 1 1 969 1 1 69 100220
8 1 1 970 1 2 70 98766
8 1 1 971 1 3 71 100060
8 1 1 972 1 4 72 94807
8 1 1 973 1 5 73 105369
8 1 1 974 1 6 74 101880
8 1 1 975 1 7 75 102181
8 1 1 976 1 0 76 99968
8 1 1 977 1 1 77 99838
8 1 1 978 1 2 78 102699
8 1 1 979 1 3 79 96250
8 1 1 980 1 4 80 106764
8 1 1 981 1 5 81 95586
8 1 1 982 1 6 82 99281
8 1 1 983 1 7 83 112345
8 1 1 984 1 0 84 100248
8 1 1 985 1 1 85 101850
8 1 1 986 1 2 86 98317
8 1 1 987 1 3 87 101750
8 1 1 988 1 4 88 102010
8 1 1 989 1 5 89 102584
8 1 1 990 1 6 90 100106
8 1 1 991 1 7 91 112501
8 1 1 992 1 0 92 99140
8 1 1 993 1 1 93 98293
8 1 1 994 1 2 94 99794
8 1 1 995 1 3 95 104750
8 1 1 996 1 4 96 97090
8 1 1 997 1 5 97 107393
8 1 1 998 1 6 98 100128
8 1 1 999 1 7 99 101500
8 1 1 1000 1 0 0 100996
8 1 1 1001 1 1 1 100834
8 1 1 1002 1 2 2 101826
8 1 1 1003 1 3 3 104750
8 1 1 1004 1 4 4 95123
8 1 1 1005 1 5 5 100981
8 1 1 1006 1 6 6 91758
8 1 1 1007 1 7 7 96748
8 1 1 1008 1 0 8 98998
8 1 1 1009 1 1 9 98443
8 1 1 1010 1 2 10 100895
8 1 1 1011 1 3 11 98454
8 1 1 1012 1 4 12 106727
8 1 1 1013 1 5 13 101246
8 1 1 1014 1 6 14 93856
8 1 1 1015 1 7 15 97726
8 1 1 1016 1 0 16 99908
8 1 1 1017 1 1 17 100144
8 1 1 1018 1 2 18 96547
8 1 1 1019 1 3 19 96250
8 1 1 1020 1 4 20 105814
8 1 1 1021 1 5 21 103045
8 1 1 1022 1 6 22 110373
8 1 1 1023 1 7 23 95225
8 1 1 1024 1 0 24 100740
8 1 1 1025 1 1 25 100867
8 1 1 1026 1 2 26 98942
8 1 1 1027 1 3 27 99500
8 1 1 1028 1 4 28 104560
8 1 1 1029 1 5 29 101519
8 1 1 1030 1 6 30 101738
8 1 1 1031 1 7 31 109322
8 1 1 1032 1 0 32 100016
8 1 1 1033 1 1 33 101897
8 1 1 1034 1 2 34 101597
8 1 1 1035 1 3 35 102984
8 1 1 1036 1 4 36 95898
8 1 1 1037 1 5 37 100719
8 1 1 1038 1 6 38 99917
8 1 1 1039 1 7 39 99223
8 1 1 1040 1 0 40 99940
8 1 1 1041 1 1 41 101997
8 1 1 1042 1 2 42 98942
8 1 1 1043 1 3 43 104750
8 1 1 1044 1 4 44 106776
8 1 1 1045 1 5 45 107576
8 1 1 1046 1 6 46 109394
8 1 1 1047 1 7 47 103021
8 1 1 1048 1 0 48 100572
8 1 1 1049 1 1 49 101746
8 1 1 1050 1 2 50 98054
8 1 1 1051 1 3 51 101160
8 1 1 1052 1 4 52 100391
8 1 1 1053 1 5 53 96711
8 1 1 1054 1 6 54 100382
8 1 1 1055 1 7 55 96980
8 1 1 1056 1 0 56 101329
8 1 1 1057 1 1 57 99973
8 1 1 1058 1 2 58 102838
8 1 1 1059 1 3 59 102750
8 1 1 1060 1 4 60 105422
8 1 1 1061 1 5 61 95972
8 1 1 1062 1 6 62 102102
8 1 1 1063 1 7 63 108872
8 1 1 1064 1 0 64 99920
8 1 1 1065 1 1 65 101903
8 1 1 1066 1 2 66 96618
8 1 1 1067 1 3 67 104736
8 1 1 1068 1 4 68 106281
8 1 1 1069 1 5 69 101449
8 1 1 1070 1 6 70 99420
8 1 1 1071 1 7 71 104755
8 1 1 1072 1 0 72 98976
8 1 1 1073 1 1 73 100299
8 1 1 1074 1 2 74 99702
8 1 1 1075 1 3 75 101750
8 1 1 1076 1 4 76 100268
8 1 1 1077 1 5 77 99541
8 1 1 1078 1 6 78 98354
8 1 1 1079 1 7 79 98445
8 1 1 1080 1 0 80 101347
8 1 1 1081 1 1 81 99910
8 1 1 1082 1 2 82 99643
8 1 1 1083 1 3 83 103750
8 1 1 1084 1 4 84 99703
8 1 1 1085 1 5 85 104737
8 1 1 1086 1 6 86 95566
8 1 1 1087 1 7 87 105085
8 1 1 1088 1 0 88 100316
8 1 1 1089 1 1 89 101191
8 1 1 1090 1 2 90 99750
8 1 1 1091 1 3 91 104750
8 1 1 1092 1 4 92 94960
8 1 1 1093 1 5 93 91981
8 1 1 1094 1 6 94 101502
8 1 1 1095 1 7 95 113122
8 1 1 1096 1 0 96 99152
8 1 1 1097 1 1 97 101785
8 1 1 1098 1 2 98 98586
8 1 1 1099 1 3 99 102172
8 1 1 1100 1 4 0 105822
8 1 1 1101 1 5 1 104218
8 1 1 1102 1 6 2 108863
8 1 1 1103 1 7 3 107503
8 1 1 1104 1 0 4 99077
8 1 1 1105 1 1 5 98725
8 1 1 1106 1 2 6 97020
8 1 1 1107 1 3 7 98250
8 1 1 1108 1 4 8 93997
8 1 1 1109 1 5 9 93356
8 1 1 1110 1 6 10 103220
8 1 1 1111 1 7 11 104189
8 1 1 1112 1 0 12 101230
8 1 1 1113 1 1 13 100226
8 1 1 1114 1 2 14 99971
8 1 1 1115 1 3 15 103000
8 1 1 1116 1 4 16 100070
8 1 1 1117 1 5 17 103307
8 1 1 1118 1 6 18 92274
8 1 1 1119 1 7 19 92461
8 1 1 1120 1 0 20 101140
8 1 1 1121 1 1 21 100148
8 1 1 1122 1 2 22 103315
8 1 1 1123 1 3 23 96250
8 1 1 1124 1 4 24 102544
8 1 1 1125 1 5 25 105197
8 1 1 1126 1 6 26 100138
8 1 1 1127 1 7 27 98238
8 1 1 1128 1 0 28 100996
8 1 1 1129 1 1 29 100126
8 1 1 1130 1 2 30 103373
8 1 1 1131 1 3 31 102448
8 1 1 1132 1 4 32 100149
8 1 1 1133 1 5 33 104860
8 1 1 1134 1 6 34 106048
8 1 1 1135 1 7 35 106043
8 1 1 1136 1 0 36 98674
8 1 1 1137 1 1 37 99506
8 1 1 1138 1 2 38 103275
8 1 1 1139 1 3 39 103440
8 1 1 1140 1 4 40 99160
8 1 1 1141 1 5 41 110069
8 1 1 1142 1 6 42 101552
8 1 1 1143 1 7 43 113562
8 1 1 1144 1 0 44 101326
8 1 1 1145 1 1 45 101752
8 1 1 1146 1 2 46 102807
8 1 1 1147 1 3 47 104416
8 1 1 1148 1 4 48 103856
8 1 1 1149 1 5 49 107193
8 1 1 1150 1 6 50 96642
8 1 1 1151 1 7 51 106507
8 1 1 1152 1 0 52 100129
8 1 1 1153 1 1 53 99736
8 1 1 1154 1 2 54 99287
8 1 1 1155 1 3 55 99624
8 1 1 1156 1 4 56 106741
8 1 1 1157 1 5 57 101198
8 1 1 1158 1 6 58 109761
8 1 1 1159 1 7 59 109604
8 1 1 1160 1 0 60 101336
8 1 1 1161 1 1 61 100000
8 1 1 1162 1 2 62 97545
8 1 1 1163 1 3 63 104750
8 1 1 1164 1 4 64 99380
8 1 1 1165 1 5 65 110063
8 1 1 1166 1 6 66 89916
8 1 1 1167 1 7 67 105333
8 1 1 1168 1 0 68 101356
8 1 1 1169 1 1 69 100220
8 1 1 1170 1 2 70 98766
8 1 1 1171 1 3 71 100060
8 1 1 1172 1 4 72 94807
8 1 1 1173 1 5 73 105369
8 1 1 1174 1 6 74 101880
8 1 1 1175 1 7 75 102181
8 1 1 1176 1 0 76 99968
8 1 1 1177 1 1 77 99838
8 1 1 1178 1 2 78 102699
8 1 1 1179 1 3 79 96250
8 1 1 1180 1 4 80 106764
8 1 1 1181 1 5 81 95586
8 1 1 1182 1 6 82 99281
8 1 1 1183 1 7 83 112345
8 1 1 1184 1 0 84 100248
8 1 1 1185 1 1 85 101850
8 1 1 1186 1 2 86 98317
8 1 1 1187 1 3 87 101750
8 1 1 1188 1 4 88 102010
8 1 1 1189 1 5 89 102584
8 1 1 1190 1 6 90 100106
8 1 1 1191 1 7 91 112501
8 1 1 1192 1 0 92 99140
8 1 1 1193 1 1 93 98293
8 1 1 1194 1 2 94 99794
8 1 1 1195 1 3 95 104750
8 1 1 1196 1 4 96 97090
8 1 1 1197 1 5 97 107393
8 1 1 1198 1 6 98 100128
8 1 1 1199 1 7 99 101500
8 1 2 600 0 0 0 102597
8 1 2 601 0 1 1 104020
8 1 2 602 0 2 2 106626
8 1 2 603 0 3 3 109518
8 1 2 604 0 4 4 113434
8 1 2 605 0 5 5 120107
8 1 2 606 0 6 6 123211
8 1 2 607 0 7 7 126755
8 1 2 608 0 0 8 102516
8 1 2 609 0 1 9 103971
8 1 2 610 0 2 10 106453
8 1 2 611 0 3 11 109367
8 1 2 612 0 4 12 113163
8 1 2 613 0 5 13 120668
8 1 2 614 0 6 14 123534
8 1 2 615 0 7 15 127156
8 1 2 616 0 0 16 102603
8 1 2 617 0 1 17 103948
8 1 2 618 0 2 18 106634
8 1 2 619 0 3 19 109460
8 1 2 620 0 4 20 112978
8 1 2 621 0 5 21 119776
8 1 2 622 0 6 22 119341
8 1 2 623 0 7 23 127680
8 1 2 624 0 0 24 102585
8 1 2 625 0 1 25 103865
8 1 2 626 0 2 26 106725
8 1 2 627 0 3 27 109430
8 1 2 628 0 4 28 113366
8 1 2 629 0 5 29 120766
8 1 2 630 0 6 30 123078
8 1 2 631 0 7 31 127148
8 1 2 632 0 0 32 102659
8 1 2 633 0 1 33 104008
8 1 2 634 0 2 34 106703
8 1 2 635 0 3 35 109135
8 1 2 636 0 4 36 113173
8 1 2 637 0 5 37 120360
8 1 2 638 0 6 38 123813
8 1 2 639 0 7 39 127146
8 1 2 640 0 0 40 102651
8 1 2 641 0 1 41 104013
8 1 2 642 0 2 42 106568
8 1 2 643 0 3 43 109385
8 1 2 644 0 4 44 113159
8 1 2 645 0 5 45 120311
8 1 2 646 0 6 46 122859
8 1 2 647 0 7 47 127023
8 1 2 648 0 0 48 102679
8 1 2 649 0 1 49 102488
8 1 2 650 0 2 50 106676
8 1 2 651 0 3 51 109418
8 1 2 652 0 4 52 113634
8 1 2 653 0 5 53 117096
8 1 2 654 0 6 54 123427
8 1 2 655 0 7 55 127184
8 1 2 656 0 0 56 102660
8 1 2 657 0 1 57 104034
8 1 2 658 0 2 58 106661
8 1 2 659 0 3 59 109176
8 1 2 660 0 4 60 113475
8 1 2 661 0 5 61 119618
8 1 2 662 0 6 62 122817
8 1 2 663 0 7 63 128166
8 1 2 664 0 0 64 102634
8 1 2 665 0 1 65 103995
8 1 2 666 0 2 66 106618
8 1 2 667 0 3 67 109294
8 1 2 668 0 4 68 113409
8 1 2 669 0 5 69 120764
8 1 2 670 0 6 70 123164
8 1 2 671 0 7 71 127381
8 1 2 672 0 0 72 102702
8 1 2 673 0 1 73 103881
8 1 2 674 0 2 74 106495
8 1 2 675 0 3 75 109260
8 1 2 676 0 4 76 113724
8 1 2 677 0 5 77 120624
8 1 2 678 0 6 78 123090
8 1 2 679 0 7 79 127938
8 1 2 680 0 0 80 102638
8 1 2 681 0 1 81 104010
8 1 2 682 0 2 82 106659
8 1 2 683 0 3 83 109365
8 1 2 684 0 4 84 113565
8 1 2 685 0 5 85 112387
8 1 2 686 0 6 86 123593
8 1 2 687 0 7 87 127560
8 1 2 688 0 0 88 102660
8 1 2 689 0 1 89 104004
8 1 2 690 0 2 90 106371
8 1 2 691 0 3 91 108615
8 1 2 692 0 4 92 113481
8 1 2 693 0 5 93 120254
8 1 2 694 0 6 94 123081
8 1 2 695 0 7 95 128155
8 1 2 696 0 0 96 102608
8 1 2 697 0 1 97 103782
8 1 2 698 0 2 98 106698
8 1 2 699 0 3 99 109136
8 1 2 700 0 4 0 113348
8 1 2 701 0 5 1 115605
8 1 2 702 0 6 2 122914
8 1 2 703 0 7 3 127218
8 1 2 704 0 0 4 102623
8 1 2 705 0 1 5 103904
8 1 2 706 0 2 6 106486
8 1 2 707 0 3 7 109490
8 1 2 708 0 4 8 112736
8 1 2 709 0 5 9 120479
8 1 2 710 0 6 10 122473
8 1 2 711 0 7 11 127292
8 1 2 712 0 0 12 102610
8 1 2 713 0 1 13 104008
8 1 2 714 0 2 14 106491
8 1 2 715 0 3 15 109526
8 1 2 716 0 4 16 113312
8 1 2 717 0 5 17 120419
8 1 2 718 0 6 18 123321
8 1 2 719 0 7 19 127054
8 1 2 720 0 0 20 102540
8 1 2 721 0 1 21 104038
8 1 2 722 0 2 22 104366
8 1 2 723 0 3 23 109415
8 1 2 724 0 4 24 113302
8 1 2 725 0 5 25 119524
8 1 2 726 0 6 26 123504
8 1 2 727 0 7 27 127628
8 1 2 728 0 0 28 102607
8 1 2 729 0 1 29 104019
8 1 2 730 0 2 30 106697
8 1 2 731 0 3 31 109261
8 1 2 732 0 4 32 113629
8 1 2 733 0 5 33 120244
8 1 2 734 0 6 34 122425
8 1 2 735 0 7 35 127315
8 1 2 736 0 0 36 102603
8 1 2 737 0 1 37 103948
8 1 2 738 0 2 38 106651
8 1 2 739 0 3 39 109151
8 1 2 740 0 4 40 113562
8 1 2 741 0 5 41 120811
8 1 2 742 0 6 42 122939
8 1 2 743 0 7 43 127308
8 1 2 744 0 0 44 102536
8 1 2 745 0 1 45 103968
8 1 2 746 0 2 46 106527
8 1 2 747 0 3 47 109141
8 1 2 748 0 4 48 113664
8 1 2 749 0 5 49 115720
8 1 2 750 0 6 50 123254
8 1 2 751 0 7 51 127507
8 1 2 752 0 0 52 102681
8 1 2 753 0 1 53 103472
8 1 2 754 0 2 54 106685
8 1 2 755 0 3 55 109055
8 1 2 756 0 4 56 113629
8 1 2 757 0 5 57 120541
8 1 2 758 0 6 58 123195
8 1 2 759 0 7 59 126961
8 1 2 760 0 0 60 102638
8 1 2 761 0 1 61 103757
8 1 2 762 0 2 62 106583
8 1 2 763 0 3 63 109520
8 1 2 764 0 4 64 113501
8 1 2 765 0 5 65 120717
8 1 2 766 0 6 66 122875
8 1 2 767 0 7 67 126647
8 1 2 768 0 0 68 102612
8 1 2 769 0 1 69 103943
8 1 2 770 0 2 70 106714
8 1 2 771 0 3 71 109125
8 1 2 772 0 4 72 113877
8 1 2 773 0 5 73 119853
8 1 2 774 0 6 74 122295
8 1 2 775 0 7 75 127304
8 1 2 776 0 0 76 102703
8 1 2 777 0 1 77 104006
8 1 2 778 0 2 78 106599
8 1 2 779 0 3 79 109302
8 1 2 780 0 4 80 113414
8 1 2 781 0 5 81 120674
8 1 2 782 0 6 82 123429
8 1 2 783 0 7 83 128074
8 1 2 784 0 0 84 102647
8 1 2 785 0 1 85 103990
8 1 2 786 0 2 86 106701
8 1 2 787 0 3 87 109338
8 1 2 788 0 4 88 113669
8 1 2 789 0 5 89 120362
8 1 2 790 0 6 90 120288
8 1 2 791 0 7 91 125823
8 1 2 792 0 0 92 102630
8 1 2 793 0 1 93 103965
8 1 2 794 0 2 94 106690
8 1 2 795 0 3 95 109580
8 1 2 796 0 4 96 112808
8 1 2 797 0 5 97 119572
8 1 2 798 0 6 98 123508
8 1 2 799 0 7 99 127042
8 1 2 800 1 0 0 100140
8 1 2 801 1 1 1 102650
8 1 2 802 1 2 2 105094
8 1 2 803 1 3 3 107942
8 1 2 804 1 4 4 101570
8 1 2 805 1 5 5 109539
8 1 2 806 1 6 6 91598
8 1 2 807 1 7 7 108967
8 1 2 808 1 0 8 99466
8 1 2 809 1 1 9 96405
8 1 2 810 1 2 10 98115
8 1 2 811 1 3 11 99777
8 1 2 812 1 4 12 112427
8 1 2 813 1 5 13 99625
8 1 2 814 1 6 14 85347
8 1 2 815 1 7 15 103920
8 1 2 816 1 0 16 101198
8 1 2 817 1 1 17 101570
8 1 2 818 1 2 18 99819
8 1 2 819 1 3 19 96523
8 1 2 820 1 4 20 110038
8 1 2 821 1 5 21 112204
8 1 2 822 1 6 22 114695
8 1 2 823 1 7 23 96201
8 1 2 824 1 0 24 101181
8 1 2 825 1 1 25 102794
8 1 2 826 1 2 26 99310
8 1 2 827 1 3 27 95932
8 1 2 828 1 4 28 111638
8 1 2 829 1 5 29 104186
8 1 2 830 1 6 30 108210
8 1 2 831 1 7 31 124103
8 1 2 832 1 0 32 100380
8 1 2 833 1 1 33 102622
8 1 2 834 1 2 34 105052
8 1 2 835 1 3 35 103506
8 1 2 836 1 4 36 102318
8 1 2 837 1 5 37 100976
8 1 2 838 1 6 38 103318
8 1 2 839 1 7 39 108408
8 1 2 840 1 0 40 101030
8 1 2 841 1 1 41 104077
8 1 2 842 1 2 42 101231
8 1 2 843 1 3 43 99807
8 1 2 844 1 4 44 112928
8 1 2 845 1 5 45 114407
8 1 2 846 1 6 46 116746
8 1 2 847 1 7 47 93703
8 1 2 848 1 0 48 101631
8 1 2 849 1 1 49 103817
8 1 2 850 1 2 50 101145
8 1 2 851 1 3 51 102347
8 1 2 852 1 4 52 106468
8 1 2 853 1 5 53 102780
8 1 2 854 1 6 54 100233
8 1 2 855 1 7 55 104625
8 1 2 856 1 0 56 102687
8 1 2 857 1 1 57 98559
8 1 2 858 1 2 58 104776
8 1 2 859 1 3 59 97894
8 1 2 860 1 4 60 112550
8 1 2 861 1 5 61 92651
8 1 2 862 1 6 62 113712
8 1 2 863 1 7 63 116882
8 1 2 864 1 0 64 101052
8 1 2 865 1 1 65 103961
8 1 2 866 1 2 66 96370
8 1 2 867 1 3 67 104498
8 1 2 868 1 4 68 102556
8 1 2 869 1 5 69 109860
8 1 2 870 1 6 70 100781
8 1 2 871 1 7 71 104285
8 1 2 872 1 0 72 99031
8 1 2 873 1 1 73 98726
8 1 2 874 1 2 74 99699
8 1 2 875 1 3 75 106116
8 1 2 876 1 4 76 99708
8 1 2 877 1 5 77 101417
8 1 2 878 1 6 78 95269
8 1 2 879 1 7 79 108183
8 1 2 880 1 0 80 102329
8 1 2 881 1 1 81 101696
8 1 2 882 1 2 82 101112
8 1 2 883 1 3 83 108679
8 1 2 884 1 4 84 102978
8 1 2 885 1 5 85 113559
8 1 2 886 1 6 86 98822
8 1 2 887 1 7 87 103028
8 1 2 888 1 0 88 99479
8 1 2 889 1 1 89 102601
8 1 2 890 1 2 90 100203
8 1 2 891 1 3 91 100134
8 1 2 892 1 4 92 88734
8 1 2 893 1 5 93 96905
8 1 2 894 1 6 94 109729
8 1 2 895 1 7 95 106994
8 1 2 896 1 0 96 99540
8 1 2 897 1 1 97 100542
8 1 2 898 1 2 98 101793
8 1 2 899 1 3 99 106442
8 1 2 900 1 4 0 100933
8 1 2 901 1 5 1 111945
8 1 2 902 1 6 2 114203
8 1 2 903 1 7 3 111472
8 1 2 904 1 0 4 100406
8 1 2 905 1 1 5 100021
8 1 2 906 1 2 6 96888
8 1 2 907 1 3 7 102858
8 1 2 908 1 4 8 95455
8 1 2 909 1 5 9 88094
8 1 2 910 1 6 10 93653
8 1 2 911 1 7 11 111787
8 1 2 912 1 0 12 102309
8 1 2 913 1 1 13 99318
8 1 2 914 1 2 14 97237
8 1 2 915 1 3 15 106530
8 1 2 916 1 4 16 106790
8 1 2 917 1 5 17 106730
8 1 2 918 1 6 18 99658
8 1 2 919 1 7 19 91756
8 1 2 920 1 0 20 102068
8 1 2 921 1 1 21 102148
8 1 2 922 1 2 22 104828
8 1 2 923 1 3 23 95495
8 1 2 924 1 4 24 104555
8 1 2 925 1 5 25 113229
8 1 2 926 1 6 26 105700
8 1 2 927 1 7 27 94899
8 1 2 928 1 0 28 102312
8 1 2 929 1 1 29 102142
8 1 2 930 1 2 30 106267
8 1 2 931 1 3 31 107097
8 1 2 932 1 4 32 102075
8 1 2 933 1 5 33 109082
8 1 2 934 1 6 34 113734
8 1 2 935 1 7 35 103639
8 1 2 936 1 0 36 99912
8 1 2 937 1 1 37 100160
8 1 2 938 1 2 38 103636
8 1 2 939 1 3 39 107145
8 1 2 940 1 4 40 104700
8 1 2 941 1 5 41 121194
8 1 2 942 1 6 42 102846
8 1 2 943 1 7 43 113111
8 1 2 944 1 0 44 102485
8 1 2 945 1 1 45 103790
8 1 2 946 1 2 46 104356
8 1 2 947 1 3 47 102842
8 1 2 948 1 4 48 110099
8 1 2 949 1 5 49 116002
8 1 2 950 1 6 50 98608
8 1 2 951 1 7 51 104611
8 1 2 952 1 0 52 101269
8 1 2 953 1 1 53 101741
8 1 2 954 1 2 54 99127
8 1 2 955 1 3 55 101960
8 1 2 956 1 4 56 113940
8 1 2 957 1 5 57 92889
8 1 2 958 1 6 58 106525
8 1 2 959 1 7 59 99336
8 1 2 960 1 0 60 102707
8 1 2 961 1 1 61 98045
8 1 2 962 1 2 62 100677
8 1 2 963 1 3 63 107094
8 1 2 964 1 4 64 105094
8 1 2 965 1 5 65 117209
8 1 2 966 1 6 66 93863
8 1 2 967 1 7 67 107938
8 1 2 968 1 0 68 100694
8 1 2 969 1 1 69 101682
8 1 2 970 1 2 70 96382
8 1 2 971 1 3 71 96810
8 1 2 972 1 4 72 93735
8 1 2 973 1 5 73 97870
8 1 2 974 1 6 74 101638
8 1 2 975 1 7 75 104776
8 1 2 976 1 0 76 99832
8 1 2 977 1 1 77 98993
8 1 2 978 1 2 78 101829
8 1 2 979 1 3 79 98678
8 1 2 980 1 4 80 112089
8 1 2 981 1 5 81 101435
8 1 2 982 1 6 82 103312
8 1 2 983 1 7 83 120051
8 1 2 984 1 0 84 100883
8 1 2 985 1 1 85 103786
8 1 2 986 1 2 86 101063
8 1 2 987 1 3 87 101070
8 1 2 988 1 4 88 102066
8 1 2 989 1 5 89 110429
8 1 2 990 1 6 90 100117
8 1 2 991 1 7 91 108547
8 1 2 992 1 0 92 97822
8 1 2 993 1 1 93 99362
8 1 2 994 1 2 94 101564
8 1 2 995 1 3 95 104059
8 1 2 996 1 4 96 98809
8 1 2 997 1 5 97 105890
8 1 2 998 1 6 98 110810
8 1 2 999 1 7 99 114597
8 1 2 1000 1 0 0 100140
8 1 2 1001 1 1 1 102650
8 1 2 1002 1 2 2 105094
8 1 2 1003 1 3 3 107942
8 1 2 1004 1 4 4 101570
8 1 2 1005 1 5 5 109539
8 1 2 1006 1 6 6 91598
8 1 2 1007 1 7 7 108967
8 1 2 1008 1 0 8 99466
8 1 2 1009 1 1 9 96405
8 1 2 1010 1 2 10 98115
8 1 2 1011 1 3 11 99777
8 1 2 1012 1 4 12 112427
8 1 2 1013 1 5 13 99625
8 1 2 1014 1 6 14 85347
8 1 2 1015 1 7 15 103920
8 1 2 1016 1 0 16 101198
8 1 2 1017 1 1 17 101570
8 1 2 1018 1 2 18 99819
8 1 2 1019 1 3 19 96523
8 1 2 1020 1 4 20 110038
8 1 2 1021 1 5 21 112204
8 1 2 1022 1 6 22 114695
8 1 2 1023 1 7 23 96201
8 1 2 1024 1 0 24 101181
8 1 2 1025 1 1 25 102794
8 1 2 1026 1 2 26 99310
8 1 2 1027 1 3 27 95932
8 1 2 1028 1 4 28 111638
8 1 2 1029 1 5 29 104186
8 1 2 1030 1 6 30 108210
8 1 2 1031 1 7 31 124103
8 1 2 1032 1 0 32 100380
8 1 2 1033 1 1 33 102622
8 1 2 1034 1 2 34 105052
8 1 2 1035 1 3 35 103506
8 1 2 1036 1 4 36 102318
8 1 2 1037 1 5 37 100976
8 1 2 1038 1 6 38 103318
8 1 2 1039 1 7 39 108408
8 1 2 1040 1 0 40 101030
8 1 2 1041 1 1 41 104077
8 1 2 1042 1 2 42 101231
8 1 2 1043 1 3 43 99807
8 1 2 1044 1 4 44 112928
8 1 2 1045 1 5 45 114407
8 1 2 1046 1 6 46 116746
8 1 2 1047 1 7 47 93703
8 1 2 1048 1 0 48 101631
8 1 2 1049 1 1 49 103817
8 1 2 1050 1 2 50 101145
8 1 2 1051 1 3 51 102347
8 1 2 1052 1 4 52 106468
8 1 2 1053 1 5 53 102780
8 1 2 1054 1 6 54 100233
8 1 2 1055 1 7 55 104625
8 1 2 1056 1 0 56 102687
8 1 2 1057 1 1 57 98559
8 1 2 1058 1 2 58 104776
8 1 2 1059 1 3 59 97894
8 1 2 1060 1 4 60 112550
8 1 2 1061 1 5 61 92651
8 1 2 1062 1 6 62 113712
8 1 2 1063 1 7 63 116882
8 1 2 1064 1 0 64 101052
8 1 2 1065 1 1 65 103961
8 1 2 1066 1 2 66 96370
8 1 2 1067 1 3 67 104498
8 1 2 1068 1 4 68 102556
8 1 2 1069 1 5 69 109860
8 1 2 1070 1 6 70 100781
8 1 2 1071 1 7 71 104285
8 1 2 1072 1 0 72 99031
8 1 2 1073 1 1 73 98726
8 1 2 1074 1 2 74 99699
8 1 2 1075 1 3 75 106116
8 1 2 1076 1 4 76 99708
8 1 2 1077 1 5 77 101417
8 1 2 1078 1 6 78 95269
8 1 2 1079 1 7 79 108183
8 1 2 1080 1 0 80 102329
8 1 2 1081 1 1 81 101696
8 1 2 1082 1 2 82 101112
8 1 2 1083 1 3 83 108679
8 1 2 1084 1 4 84 102978
8 1 2 1085 1 5 85 113559
8 1 2 1086 1 6 86 98822
8 1 2 1087 1 7 87 103028
8 1 2 1088 1 0 88 99479
8 1 2 1089 1 1 89 102601
8 1 2 1090 1 2 90 100203
8 1 2 1091 1 3 91 100134
8 1 2 1092 1 4 92 88734
8 1 2 1093 1 5 93 96905
8 1 2 1094 1 6 94 109729
8 1 2 1095 1 7 95 106994
8 1 2 1096 1 0 96 99540
8 1 2 1097 1 1 97 100542
8 1 2 1098 1 2 98 101793
8 1 2 1099 1 3 99 106442
8 1 2 1100 1 4 0 100933
8 1 2 1101 1 5 1 111945
8 1 2 1102 1 6 2 114203
8 1 2 1103 1 7 3 111472
8 1 2 1104 1 0 4 100406
8 1 2 1105 1 1 5 100021
8 1 2 1106 1 2 6 96888
8 1 2 1107 1 3 7 102858
8 1 2 1108 1 4 8 95455
8 1 2 1109 1 5 9 88094
8 1 2 1110 1 6 10 93653
8 1 2 1111 1 7 11 111787
8 1 2 1112 1 0 12 102309
8 1 2 1113 1 1 13 99318
8 1 2 1114 1 2 14 97237
8 1 2 1115 1 3 15 106530
8 1 2 1116 1 4 16 106790
8 1 2 1117 1 5 17 106730
8 1 2 1118 1 6 18 99658
8 1 2 1119 1 7 19 91756
8 1 2 1120 1 0 20 102068
8 1 2 1121 1 1 21 102148
8 1 2 1122 1 2 22 104828
8 1 2 1123 1 3 23 95495
8 1 2 1124 1 4 24 104555
8 1 2 1125 1 5 25 113229
8 1 2 1126 1 6 26 105700
8 1 2 1127 1 7 27 94899
8 1 2 1128 1 0 28 102312
8 1 2 1129 1 1 29 102142
8 1 2 1130 1 2 30 106267
8 1 2 1131 1 3 31 107097
8 1 2 1132 1 4 32 102075
8 1 2 1133 1 5 33 109082
8 1 2 1134 1 6 34 113734
8 1 2 1135 1 7 35 103639
8 1 2 1136 1 0 36 99912
8 1 2 1137 1 1 37 100160
8 1 2 1138 1 2 38 103636
8 1 2 1139 1 3 39 107145
8 1 2 1140 1 4 40 104700
8 1 2 1141 1 5 41 121194
8 1 2 1142 1 6 42 102846
8 1 2 1143 1 7 43 113111
8 1 2 1144 1 0 44 102485
8 1 2 1145 1 1 45 103790
8 1 2 1146 1 2 46 104356
8 1 2 1147 1 3 47 102842
8 1 2 1148 1 4 48 110099
8 1 2 1149 1 5 49 116002
8 1 2 1150 1 6 50 98608
8 1 2 1151 1 7 51 104611
8 1 2 1152 1 0 52 101269
8 1 2 1153 1 1 53 101741
8 1 2 1154 1 2 54 99127
8 1 2 1155 1 3 55 101960
8 1 2 1156 1 4 56 113940
8 1 2 1157 1 5 57 92889
8 1 2 1158 1 6 58 106525
8 1 2 1159 1 7 59 99336
8 1 2 1160 1 0 60 102707
8 1 2 1161 1 1 61 98045
8 1 2 1162 1 2 62 100677
8 1 2 1163 1 3 63 107094
8 1 2 1164 1 4 64 105094
8 1 2 1165 1 5 65 117209
8 1 2 1166 1 6 66 93863
8 1 2 1167 1 7 67 107938
8 1 2 1168 1 0 68 100694
8 1 2 1169 1 1 69 101682
8 1 2 1170 1 2 70 96382
8 1 2 1171 1 3 71 96810
8 1 2 1172 1 4 72 93735
8 1 2 1173 1 5 73 97870
8 1 2 1174 1 6 74 101638
8 1 2 1175 1 7 75 104776
8 1 2 1176 1 0 76 99832
8 1 2 1177 1 1 77 98993
8 1 2 1178 1 2 78 101829
8 1 2 1179 1 3 79 98678
8 1 2 1180 1 4 80 112089
8 1 2 1181 1 5 81 101435
8 1 2 1182 1 6 82 103312
8 1 2 1183 1 7 83 120051
8 1 2 1184 1 0 84 100883
8 1 2 1185 1 1 85 103786
8 1 2 1186 1 2 86 101063
8 1 2 1187 1 3 87 101070
8 1 2 1188 1 4 88 102066
8 1 2 1189 1 5 89 110429
8 1 2 1190 1 6 90 100117
8 1 2 1191 1 7 91 108547
8 1 2 1192 1 0 92 97822
8 1 2 1193 1 1 93 99362
8 1 2 1194 1 2 94 101564
8 1 2 1195 1 3 95 104059
8 1 2 1196 1 4 96 98809
8 1 2 1197 1 5 97 105890
8 1 2 1198 1 6 98 110810
8 1 2 1199 1 7 99 114597
8 1 3 600 0 0 0 103896
8 1 3 601 0 1 1 106092
8 1 3 602 0 2 2 110210
8 1 3 603 0 3 3 114585
8 1 3 604 0 4 4 120923
8 1 3 605 0 5 5 131567
8 1 3 606 0 6 6 137079
8 1 3 607 0 7 7 143358
8 1 3 608 0 0 8 103897
8 1 3 609 0 1 9 106033
8 1 3 610 0 2 10 109942
8 1 3 611 0 3 11 114447
8 1 3 612 0 4 12 120838
8 1 3 613 0 5 13 126599
8 1 3 614 0 6 14 137202
8 1 3 615 0 7 15 143208
8 1 3 616 0 0 16 103993
8 1 3 617 0 1 17 105987
8 1 3 618 0 2 18 110042
8 1 3 619 0 3 19 114484
8 1 3 620 0 4 20 120597
8 1 3 621 0 5 21 131263
8 1 3 622 0 6 22 132678
8 1 3 623 0 7 23 144308
8 1 3 624 0 0 24 103946
8 1 3 625 0 1 25 105816
8 1 3 626 0 2 26 110354
8 1 3 627 0 3 27 114493
8 1 3 628 0 4 28 120979
8 1 3 629 0 5 29 132616
8 1 3 630 0 6 30 136808
8 1 3 631 0 7 31 143839
8 1 3 632 0 0 32 104012
8 1 3 633 0 1 33 106128
8 1 3 634 0 2 34 110320
8 1 3 635 0 3 35 113934
8 1 3 636 0 4 36 120400
8 1 3 637 0 5 37 132346
8 1 3 638 0 6 38 137245
8 1 3 639 0 7 39 142239
8 1 3 640 0 0 40 103988
8 1 3 641 0 1 41 106083
8 1 3 642 0 2 42 110183
8 1 3 643 0 3 43 114328
8 1 3 644 0 4 44 120563
8 1 3 645 0 5 45 132393
8 1 3 646 0 6 46 136528
8 1 3 647 0 7 47 143169
8 1 3 648 0 0 48 104047
8 1 3 649 0 1 49 104516
8 1 3 650 0 2 50 110269
8 1 3 651 0 3 51 114590
8 1 3 652 0 4 52 120418
8 1 3 653 0 5 53 128877
8 1 3 654 0 6 54 137392
8 1 3 655 0 7 55 143832
8 1 3 656 0 0 56 104028
8 1 3 657 0 1 57 106128
8 1 3 658 0 2 58 110168
8 1 3 659 0 3 59 114166
8 1 3 660 0 4 60 120915
8 1 3 661 0 5 61 131542
8 1 3 662 0 6 62 136621
8 1 3 663 0 7 63 144853
8 1 3 664 0 0 64 103963
8 1 3 665 0 1 65 106017
8 1 3 666 0 2 66 110195
8 1 3 667 0 3 67 114345
8 1 3 668 0 4 68 120685
8 1 3 669 0 5 69 132239
8 1 3 670 0 6 70 136220
8 1 3 671 0 7 71 143711
8 1 3 672 0 0 72 104070
8 1 3 673 0 1 73 105985
8 1 3 674 0 2 74 109958
8 1 3 675 0 3 75 114396
8 1 3 676 0 4 76 121009
8 1 3 677 0 5 77 132546
8 1 3 678 0 6 78 137051
8 1 3 679 0 7 79 144784
8 1 3 680 0 0 80 104018
8 1 3 681 0 1 81 106006
8 1 3 682 0 2 82 110300
8 1 3 683 0 3 83 114453
8 1 3 684 0 4 84 120845
8 1 3 685 0 5 85 123593
8 1 3 686 0 6 86 137410
8 1 3 687 0 7 87 144479
8 1 3 688 0 0 88 104034
8 1 3 689 0 1 89 106107
8 1 3 690 0 2 90 109774
8 1 3 691 0 3 91 113502
8 1 3 692 0 4 92 120908
8 1 3 693 0 5 93 131866
8 1 3 694 0 6 94 137038
8 1 3 695 0 7 95 145157
8 1 3 696 0 0 96 103904
8 1 3 697 0 1 97 105863
8 1 3 698 0 2 98 110279
8 1 3 699 0 3 99 114075
8 1 3 700 0 4 0 120297
8 1 3 701 0 5 1 127091
8 1 3 702 0 6 2 136811
8 1 3 703 0 7 3 143652
8 1 3 704 0 0 4 103979
8 1 3 705 0 1 5 105779
8 1 3 706 0 2 6 110034
8 1 3 707 0 3 7 114542
8 1 3 708 0 4 8 120330
8 1 3 709 0 5 9 132311
8 1 3 710 0 6 10 136291
8 1 3 711 0 7 11 144001
8 1 3 712 0 0 12 103995
8 1 3 713 0 1 13 106028
8 1 3 714 0 2 14 110011
8 1 3 715 0 3 15 114531
8 1 3 716 0 4 16 120902
8 1 3 717 0 5 17 131889
8 1 3 718 0 6 18 136448
8 1 3 719 0 7 19 143572
8 1 3 720 0 0 20 103922
8 1 3 721 0 1 21 106118
8 1 3 722 0 2 22 107843
8 1 3 723 0 3 23 114328
8 1 3 724 0 4 24 120811
8 1 3 725 0 5 25 130824
8 1 3 726 0 6 26 137499
8 1 3 727 0 7 27 144491
8 1 3 728 0 0 28 103985
8 1 3 729 0 1 29 106065
8 1 3 730 0 2 30 110252
8 1 3 731 0 3 31 114302
8 1 3 732 0 4 32 121075
8 1 3 733 0 5 33 132227
8 1 3 734 0 6 34 136275
8 1 3 735 0 7 35 143673
8 1 3 736 0 0 36 103892
8 1 3 737 0 1 37 106063
8 1 3 738 0 2 38 110146
8 1 3 739 0 3 39 114178
8 1 3 740 0 4 40 120859
8 1 3 741 0 5 41 132952
8 1 3 742 0 6 42 137091
8 1 3 743 0 7 43 143380
8 1 3 744 0 0 44 103864
8 1 3 745 0 1 45 106060
8 1 3 746 0 2 46 110029
8 1 3 747 0 3 47 114069
8 1 3 748 0 4 48 121217
8 1 3 749 0 5 49 126603
8 1 3 750 0 6 50 136941
8 1 3 751 0 7 51 144515
8 1 3 752 0 0 52 103912
8 1 3 753 0 1 53 105577
8 1 3 754 0 2 54 110253
8 1 3 755 0 3 55 114067
8 1 3 756 0 4 56 121179
8 1 3 757 0 5 57 132666
8 1 3 758 0 6 58 137080
8 1 3 759 0 7 59 143370
8 1 3 760 0 0 60 103993
8 1 3 761 0 1 61 105831
8 1 3 762 0 2 62 110119
8 1 3 763 0 3 63 114539
8 1 3 764 0 4 64 120902
8 1 3 765 0 5 65 132573
8 1 3 766 0 6 66 136448
8 1 3 767 0 7 67 143106
8 1 3 768 0 0 68 103929
8 1 3 769 0 1 69 106001
8 1 3 770 0 2 70 109906
8 1 3 771 0 3 71 114092
8 1 3 772 0 4 72 121327
8 1 3 773 0 5 73 131923
8 1 3 774 0 6 74 135950
8 1 3 775 0 7 75 143975
8 1 3 776 0 0 76 104022
8 1 3 777 0 1 77 106046
8 1 3 778 0 2 78 110151
8 1 3 779 0 3 79 114324
8 1 3 780 0 4 80 121018
8 1 3 781 0 5 81 132238
8 1 3 782 0 6 82 137462
8 1 3 783 0 7 83 144797
8 1 3 784 0 0 84 103968
8 1 3 785 0 1 85 106086
8 1 3 786 0 2 86 110257
8 1 3 787 0 3 87 114458
8 1 3 788 0 4 88 121279
8 1 3 789 0 5 89 131517
8 1 3 790 0 6 90 133631
8 1 3 791 0 7 91 141849
8 1 3 792 0 0 92 103949
8 1 3 793 0 1 93 105982
8 1 3 794 0 2 94 110317
8 1 3 795 0 3 95 114693
8 1 3 796 0 4 96 120069
8 1 3 797 0 5 97 131517
8 1 3 798 0 6 98 136984
8 1 3 799 0 7 99 143403
8 1 3 800 1 0 0 100410
8 1 3 801 1 1 1 103531
8 1 3 802 1 2 2 108590
8 1 3 803 1 3 3 111724
8 1 3 804 1 4 4 106904
8 1 3 805 1 5 5 114865
8 1 3 806 1 6 6 89113
8 1 3 807 1 7 7 123010
8 1 3 808 1 0 8 100792
8 1 3 809 1 1 9 95696
8 1 3 810 1 2 10 98979
8 1 3 811 1 3 11 98469
8 1 3 812 1 4 12 115734
8 1 3 813 1 5 13 93273
8 1 3 814 1 6 14 85824
8 1 3 815 1 7 15 105422
8 1 3 816 1 0 16 102503
8 1 3 817 1 1 17 102341
8 1 3 818 1 2 18 99987
8 1 3 819 1 3 19 94783
8 1 3 820 1 4 20 111014
8 1 3 821 1 5 21 120113
8 1 3 822 1 6 22 115325
8 1 3 823 1 7 23 107091
8 1 3 824 1 0 24 102162
8 1 3 825 1 1 25 103962
8 1 3 826 1 2 26 100839
8 1 3 827 1 3 27 99036
8 1 3 828 1 4 28 103754
8 1 3 829 1 5 29 95743
8 1 3 830 1 6 30 111559
8 1 3 831 1 7 31 120735
8 1 3 832 1 0 32 101104
8 1 3 833 1 1 33 104696
8 1 3 834 1 2 34 105153
8 1 3 835 1 3 35 103037
8 1 3 836 1 4 36 109243
8 1 3 837 1 5 37 108823
8 1 3 838 1 6 38 101472
8 1 3 839 1 7 39 116866
8 1 3 840 1 0 40 101531
8 1 3 841 1 1 41 106179
8 1 3 842 1 2 42 104521
8 1 3 843 1 3 43 95866
8 1 3 844 1 4 44 113495
8 1 3 845 1 5 45 121837
8 1 3 846 1 6 46 125318
8 1 3 847 1 7 47 86293
8 1 3 848 1 0 48 102318
8 1 3 849 1 1 49 101967
8 1 3 850 1 2 50 99253
8 1 3 851 1 3 51 101824
8 1 3 852 1 4 52 104390
8 1 3 853 1 5 53 108678
8 1 3 854 1 6 54 98811
8 1 3 855 1 7 55 118271
8 1 3 856 1 0 56 101605
8 1 3 857 1 1 57 96972
8 1 3 858 1 2 58 108322
8 1 3 859 1 3 59 102540
8 1 3 860 1 4 60 108196
8 1 3 861 1 5 61 101558
8 1 3 862 1 6 62 108406
8 1 3 863 1 7 63 126470
8 1 3 864 1 0 64 102336
8 1 3 865 1 1 65 102217
8 1 3 866 1 2 66 99639
8 1 3 867 1 3 67 109400
8 1 3 868 1 4 68 106211
8 1 3 869 1 5 69 114433
8 1 3 870 1 6 70 97279
8 1 3 871 1 7 71 104562
8 1 3 872 1 0 72 99294
8 1 3 873 1 1 73 99492
8 1 3 874 1 2 74 98839
8 1 3 875 1 3 75 110667
8 1 3 876 1 4 76 102297
8 1 3 877 1 5 77 102845
8 1 3 878 1 6 78 104102
8 1 3 879 1 7 79 118536
8 1 3 880 1 0 80 103483
8 1 3 881 1 1 81 100473
8 1 3 882 1 2 82 104566
8 1 3 883 1 3 83 107609
8 1 3 884 1 4 84 109930
8 1 3 885 1 5 85 116142
8 1 3 886 1 6 86 96018
8 1 3 887 1 7 87 101186
8 1 3 888 1 0 88 98569
8 1 3 889 1 1 89 104249
8 1 3 890 1 2 90 100899
8 1 3 891 1 3 91 104689
8 1 3 892 1 4 92 93645
8 1 3 893 1 5 93 92264
8 1 3 894 1 6 94 115778
8 1 3 895 1 7 95 111814
8 1 3 896 1 0 96 98716
8 1 3 897 1 1 97 101007
8 1 3 898 1 2 98 99753
8 1 3 899 1 3 99 111508
8 1 3 900 1 4 0 102183
8 1 3 901 1 5 1 113239
8 1 3 902 1 6 2 118191
8 1 3 903 1 7 3 117949
8 1 3 904 1 0 4 101496
8 1 3 905 1 1 5 101735
8 1 3 906 1 2 6 94714
8 1 3 907 1 3 7 107725
8 1 3 908 1 4 8 101837
8 1 3 909 1 5 9 85298
8 1 3 910 1 6 10 96720
8 1 3 911 1 7 11 103064
8 1 3 912 1 0 12 102915
8 1 3 913 1 1 13 98129
8 1 3 914 1 2 14 98202
8 1 3 915 1 3 15 105540
8 1 3 916 1 4 16 113972
8 1 3 917 1 5 17 111727
8 1 3 918 1 6 18 95934
8 1 3 919 1 7 19 88852
8 1 3 920 1 0 20 102589
8 1 3 921 1 1 21 103066
8 1 3 922 1 2 22 101534
8 1 3 923 1 3 23 99685
8 1 3 924 1 4 24 109926
8 1 3 925 1 5 25 112008
8 1 3 926 1 6 26 110718
8 1 3 927 1 7 27 105833
8 1 3 928 1 0 28 100986
8 1 3 929 1 1 29 100182
8 1 3 930 1 2 30 105895
8 1 3 931 1 3 31 105701
8 1 3 932 1 4 32 105521
8 1 3 933 1 5 33 104658
8 1 3 934 1 6 34 120229
8 1 3 935 1 7 35 98822
8 1 3 936 1 0 36 101236
8 1 3 937 1 1 37 101184
8 1 3 938 1 2 38 104951
8 1 3 939 1 3 39 107145
8 1 3 940 1 4 40 107256
8 1 3 941 1 5 41 131703
8 1 3 942 1 6 42 114403
8 1 3 943 1 7 43 111321
8 1 3 944 1 0 44 103478
8 1 3 945 1 1 45 104765
8 1 3 946 1 2 46 104113
8 1 3 947 1 3 47 97763
8 1 3 948 1 4 48 112759
8 1 3 949 1 5 49 105343
8 1 3 950 1 6 50 92579
8 1 3 951 1 7 51 106109
8 1 3 952 1 0 52 100937
8 1 3 953 1 1 53 102407
8 1 3 954 1 2 54 96980
8 1 3 955 1 3 55 106810
8 1 3 956 1 4 56 107604
8 1 3 957 1 5 57 87447
8 1 3 958 1 6 58 118469
8 1 3 959 1 7 59 112136
8 1 3 960 1 0 60 101913
8 1 3 961 1 1 61 99896
8 1 3 962 1 2 62 99162
8 1 3 963 1 3 63 111847
8 1 3 964 1 4 64 111013
8 1 3 965 1 5 65 108969
8 1 3 966 1 6 66 102106
8 1 3 967 1 7 67 114795
8 1 3 968 1 0 68 101430
8 1 3 969 1 1 69 102440
8 1 3 970 1 2 70 93131
8 1 3 971 1 3 71 95835
8 1 3 972 1 4 72 95116
8 1 3 973 1 5 73 101379
8 1 3 974 1 6 74 106459
8 1 3 975 1 7 75 111767
8 1 3 976 1 0 76 100406
8 1 3 977 1 1 77 99313
8 1 3 978 1 2 78 105191
8 1 3 979 1 3 79 101330
8 1 3 980 1 4 80 118094
8 1 3 981 1 5 81 98467
8 1 3 982 1 6 82 115146
8 1 3 983 1 7 83 121399
8 1 3 984 1 0 84 102243
8 1 3 985 1 1 85 104454
8 1 3 986 1 2 86 99041
8 1 3 987 1 3 87 103321
8 1 3 988 1 4 88 97174
8 1 3 989 1 5 89 119902
8 1 3 990 1 6 90 99245
8 1 3 991 1 7 91 116617
8 1 3 992 1 0 92 99004
8 1 3 993 1 1 93 98431
8 1 3 994 1 2 94 104982
8 1 3 995 1 3 95 104665
8 1 3 996 1 4 96 94750
8 1 3 997 1 5 97 105083
8 1 3 998 1 6 98 104906
8 1 3 999 1 7 99 124050
8 1 3 1000 1 0 0 100410
8 1 3 1001 1 1 1 103531
8 1 3 1002 1 2 2 108590
8 1 3 1003 1 3 3 111724
8 1 3 1004 1 4 4 106904
8 1 3 1005 1 5 5 114865
8 1 3 1006 1 6 6 89113
8 1 3 1007 1 7 7 123010
8 1 3 1008 1 0 8 100792
8 1 3 1009 1 1 9 95696
8 1 3 1010 1 2 10 98979
8 1 3 1011 1 3 11 98469
8 1 3 1012 1 4 12 115734
8 1 3 1013 1 5 13 93273
8 1 3 1014 1 6 14 85824
8 1 3 1015 1 7 15 105422
8 1 3 1016 1 0 16 102503
8 1 3 1017 1 1 17 102341
8 1 3 1018 1 2 18 99987
8 1 3 1019 1 3 19 94783
8 1 3 1020 1 4 20 111014
8 1 3 1021 1 5 21 120113
8 1 3 1022 1 6 22 115325
8 1 3 1023 1 7 23 107091
8 1 3 1024 1 0 24 102162
8 1 3 1025 1 1 25 103962
8 1 3 1026 1 2 26 100839
8 1 3 1027 1 3 27 99036
8 1 3 1028 1 4 28 103754
8 1 3 1029 1 5 29 95743
8 1 3 1030 1 6 30 111559
8 1 3 1031 1 7 31 120735
8 1 3 1032 1 0 32 101104
8 1 3 1033 1 1 33 104696
8 1 3 1034 1 2 34 105153
8 1 3 1035 1 3 35 103037
8 1 3 1036 1 4 36 109243
8 1 3 1037 1 5 37 108823
8 1 3 1038 1 6 38 101472
8 1 3 1039 1 7 39 116866
8 1 3 1040 1 0 40 101531
8 1 3 1041 1 1 41 106179
8 1 3 1042 1 2 42 104521
8 1 3 1043 1 3 43 95866
8 1 3 1044 1 4 44 113495
8 1 3 1045 1 5 45 121837
8 1 3 1046 1 6 46 125318
8 1 3 1047 1 7 47 86293
8 1 3 1048 1 0 48 102318
8 1 3 1049 1 1 49 101967
8 1 3 1050 1 2 50 99253
8 1 3 1051 1 3 51 101824
8 1 3 1052 1 4 52 104390
8 1 3 1053 1 5 53 108678
8 1 3 1054 1 6 54 98811
8 1 3 1055 1 7 55 118271
8 1 3 1056 1 0 56 101605
8 1 3 1057 1 1 57 96972
8 1 3 1058 1 2 58 108322
8 1 3 1059 1 3 59 102540
8 1 3 1060 1 4 60 108196
8 1 3 1061 1 5 61 101558
8 1 3 1062 1 6 62 108406
8 1 3 1063 1 7 63 126470
8 1 3 1064 1 0 64 102336
8 1 3 1065 1 1 65 102217
8 1 3 1066 1 2 66 99639
8 1 3 1067 1 3 67 109400
8 1 3 1068 1 4 68 106211
8 1 3 1069 1 5 69 114433
8 1 3 1070 1 6 70 97279
8 1 3 1071 1 7 71 104562
8 1 3 1072 1 0 72 99294
8 1 3 1073 1 1 73 99492
8 1 3 1074 1 2 74 98839
8 1 3 1075 1 3 75 110667
8 1 3 1076 1 4 76 102297
8 1 3 1077 1 5 77 102845
8 1 3 1078 1 6 78 104102
8 1 3 1079 1 7 79 118536
8 1 3 1080 1 0 80 103483
8 1 3 1081 1 1 81 100473
8 1 3 1082 1 2 82 104566
8 1 3 1083 1 3 83 107609
8 1 3 1084 1 4 84 109930
8 1 3 1085 1 5 85 116142
8 1 3 1086 1 6 86 96018
8 1 3 1087 1 7 87 101186
8 1 3 1088 1 0 88 98569
8 1 3 1089 1 1 89 104249
8 1 3 1090 1 2 90 100899
8 1 3 1091 1 3 91 104689
8 1 3 1092 1 4 92 93645
8 1 3 1093 1 5 93 92264
8 1 3 1094 1 6 94 115778
8 1 3 1095 1 7 95 111814
8 1 3 1096 1 0 96 98716
8 1 3 1097 1 1 97 101007
8 1 3 1098 1 2 98 99753
8 1 3 1099 1 3 99 111508
8 1 3 1100 1 4 0 102183
8 1 3 1101 1 5 1 113239
8 1 3 1102 1 6 2 118191
8 1 3 1103 1 7 3 117949
8 1 3 1104 1 0 4 101496
8 1 3 1105 1 1 5 101735
8 1 3 1106 1 2 6 94714
8 1 3 1107 1 3 7 107725
8 1 3 1108 1 4 8 101837
8 1 3 1109 1 5 9 85298
8 1 3 1110 1 6 10 96720
8 1 3 1111 1 7 11 103064
8 1 3 1112 1 0 12 102915
8 1 3 1113 1 1 13 98129
8 1 3 1114 1 2 14 98202
8 1 3 1115 1 3 15 105540
8 1 3 1116 1 4 16 113972
8 1 3 1117 1 5 17 111727
8 1 3 1118 1 6 18 95934
8 1 3 1119 1 7 19 88852
8 1 3 1120 1 0 20 102589
8 1 3 1121 1 1 21 103066
8 1 3 1122 1 2 22 101534
8 1 3 1123 1 3 23 99685
8 1 3 1124 1 4 24 109926
8 1 3 1125 1 5 25 112008
8 1 3 1126 1 6 26 110718
8 1 3 1127 1 7 27 105833
8 1 3 1128 1 0 28 100986
8 1 3 1129 1 1 29 100182
8 1 3 1130 1 2 30 105895
8 1 3 1131 1 3 31 105701
8 1 3 1132 1 4 32 105521
8 1 3 1133 1 5 33 104658
8 1 3 1134 1 6 34 120229
8 1 3 1135 1 7 35 98822
8 1 3 1136 1 0 36 101236
8 1 3 1137 1 1 37 101184
8 1 3 1138 1 2 38 104951
8 1 3 1139 1 3 39 107145
8 1 3 1140 1 4 40 107256
8 1 3 1141 1 5 41 131703
8 1 3 1142 1 6 42 114403
8 1 3 1143 1 7 43 111321
8 1 3 1144 1 0 44 103478
8 1 3 1145 1 1 45 104765
8 1 3 1146 1 2 46 104113
8 1 3 1147 1 3 47 97763
8 1 3 1148 1 4 48 112759
8 1 3 1149 1 5 49 105343
8 1 3 1150 1 6 50 92579
8 1 3 1151 1 7 51 106109
8 1 3 1152 1 0 52 100937
8 1 3 1153 1 1 53 102407
8 1 3 1154 1 2 54 96980
8 1 3 1155 1 3 55 106810
8 1 3 1156 1 4 56 107604
8 1 3 1157 1 5 57 87447
8 1 3 1158 1 6 58 118469
8 1 3 1159 1 7 59 112136
8 1 3 1160 1 0 60 101913
8 1 3 1161 1 1 61 99896
8 1 3 1162 1 2 62 99162
8 1 3 1163 1 3 63 111847
8 1 3 1164 1 4 64 111013
8 1 3 1165 1 5 65 108969
8 1 3 1166 1 6 66 102106
8 1 3 1167 1 7 67 114795
8 1 3 1168 1 0 68 101430
8 1 3 1169 1 1 69 102440
8 1 3 1170 1 2 70 93131
8 1 3 1171 1 3 71 95835
8 1 3 1172 1 4 72 95116
8 1 3 1173 1 5 73 101379
8 1 3 1174 1 6 74 106459
8 1 3 1175 1 7 75 111767
8 1 3 1176 1 0 76 100406
8 1 3 1177 1 1 77 99313
8 1 3 1178 1 2 78 105191
8 1 3 1179 1 3 79 101330
8 1 3 1180 1 4 80 118094
8 1 3 1181 1 5 81 98467
8 1 3 1182 1 6 82 115146
8 1 3 1183 1 7 83 121399
8 1 3 1184 1 0 84 102243
8 1 3 1185 1 1 85 104454
8 1 3 1186 1 2 86 99041
8 1 3 1187 1 3 87 103321
8 1 3 1188 1 4 88 97174
8 1 3 1189 1 5 89 119902
8 1 3 1190 1 6 90 99245
8 1 3 1191 1 7 91 116617
8 1 3 1192 1 0 92 99004
8 1 3 1193 1 1 93 98431
8 1 3 1194 1 2 94 104982
8 1 3 1195 1 3 95 104665
8 1 3 1196 1 4 96 94750
8 1 3 1197 1 5 97 105083
8 1 3 1198 1 6 98 104906
8 1 3 1199 1 7 99 124050
8 1 4 600 0 0 0 105254
8 1 4 601 0 1 1 108260
8 1 4 602 0 2 2 113681
8 1 4 603 0 3 3 119850
8 1 4 604 0 4 4 129126
8 1 4 605 0 5 5 144457
8 1 4 606 0 6 6 151185
8 1 4 607 0 7 7 160771
8 1 4 608 0 0 8 105286
8 1 4 609 0 1 9 108049
8 1 4 610 0 2 10 113615
8 1 4 611 0 3 11 119757
8 1 4 612 0 4 12 128846
8 1 4 613 0 5 13 138649
8 1 4 614 0 6 14 152355
8 1 4 615 0 7 15 154412
8 1 4 616 0 0 16 105389
8 1 4 617 0 1 17 108036
8 1 4 618 0 2 18 113602
8 1 4 619 0 3 19 119825
8 1 4 620 0 4 20 128462
8 1 4 621 0 5 21 144004
8 1 4 622 0 6 22 147426
8 1 4 623 0 7 23 155894
8 1 4 624 0 0 24 105324
8 1 4 625 0 1 25 107899
8 1 4 626 0 2 26 114075
8 1 4 627 0 3 27 118128
8 1 4 628 0 4 28 128755
8 1 4 629 0 5 29 145156
8 1 4 630 0 6 30 144733
8 1 4 631 0 7 31 161586
8 1 4 632 0 0 32 105389
8 1 4 633 0 1 33 108260
8 1 4 634 0 2 34 113879
8 1 4 635 0 3 35 119213
8 1 4 636 0 4 36 122820
8 1 4 637 0 5 37 145075
8 1 4 638 0 6 38 152651
8 1 4 639 0 7 39 160556
8 1 4 640 0 0 40 105334
8 1 4 641 0 1 41 108129
8 1 4 642 0 2 42 110222
8 1 4 643 0 3 43 119567
8 1 4 644 0 4 44 128450
8 1 4 645 0 5 45 145672
8 1 4 646 0 6 46 151582
8 1 4 647 0 7 47 161720
8 1 4 648 0 0 48 105377
8 1 4 649 0 1 49 106581
8 1 4 650 0 2 50 113887
8 1 4 651 0 3 51 119694
8 1 4 652 0 4 52 128295
8 1 4 653 0 5 53 141426
8 1 4 654 0 6 54 144976
8 1 4 655 0 7 55 162248
8 1 4 656 0 0 56 105400
8 1 4 657 0 1 57 108249
8 1 4 658 0 2 58 113773
8 1 4 659 0 3 59 119330
8 1 4 660 0 4 60 128913
8 1 4 661 0 5 61 143959
8 1 4 662 0 6 62 146881
8 1 4 663 0 7 63 164035
8 1 4 664 0 0 64 105341
8 1 4 665 0 1 65 108090
8 1 4 666 0 2 66 113881
8 1 4 667 0 3 67 119455
8 1 4 668 0 4 68 128657
8 1 4 669 0 5 69 145271
8 1 4 670 0 6 70 151113
8 1 4 671 0 7 71 162609
8 1 4 672 0 0 72 105411
8 1 4 673 0 1 73 108128
8 1 4 674 0 2 74 113638
8 1 4 675 0 3 75 119734
8 1 4 676 0 4 76 125458
8 1 4 677 0 5 77 145691
8 1 4 678 0 6 78 145913
8 1 4 679 0 7 79 162404
8 1 4 680 0 0 80 105345
8 1 4 681 0 1 81 106074
8 1 4 682 0 2 82 114051
8 1 4 683 0 3 83 119708
8 1 4 684 0 4 84 128750
8 1 4 685 0 5 85 131720
8 1 4 686 0 6 86 152608
8 1 4 687 0 7 87 162904
8 1 4 688 0 0 88 105408
8 1 4 689 0 1 89 108203
8 1 4 690 0 2 90 113320
8 1 4 691 0 3 91 117448
8 1 4 692 0 4 92 128454
8 1 4 693 0 5 93 144984
8 1 4 694 0 6 94 152475
8 1 4 695 0 7 95 163979
8 1 4 696 0 0 96 105288
8 1 4 697 0 1 97 108005
8 1 4 698 0 2 98 113762
8 1 4 699 0 3 99 119439
8 1 4 700 0 4 0 128299
8 1 4 701 0 5 1 139776
8 1 4 702 0 6 2 151702
8 1 4 703 0 7 3 162237
8 1 4 704 0 0 4 105388
8 1 4 705 0 1 5 107874
8 1 4 706 0 2 6 113658
8 1 4 707 0 3 7 119755
8 1 4 708 0 4 8 128383
8 1 4 709 0 5 9 145110
8 1 4 710 0 6 10 151604
8 1 4 711 0 7 11 162896
8 1 4 712 0 0 12 105374
8 1 4 713 0 1 13 108062
8 1 4 714 0 2 14 113511
8 1 4 715 0 3 15 119848
8 1 4 716 0 4 16 129026
8 1 4 717 0 5 17 144730
8 1 4 718 0 6 18 151305
8 1 4 719 0 7 19 162189
8 1 4 720 0 0 20 105282
8 1 4 721 0 1 21 108247
8 1 4 722 0 2 22 111383
8 1 4 723 0 3 23 114346
8 1 4 724 0 4 24 128754
8 1 4 725 0 5 25 143717
8 1 4 726 0 6 26 153014
8 1 4 727 0 7 27 157900
8 1 4 728 0 0 28 105326
8 1 4 729 0 1 29 108095
8 1 4 730 0 2 30 113892
8 1 4 731 0 3 31 119302
8 1 4 732 0 4 32 129074
8 1 4 733 0 5 33 145219
8 1 4 734 0 6 34 150943
8 1 4 735 0 7 35 162350
8 1 4 736 0 0 36 105203
8 1 4 737 0 1 37 108124
8 1 4 738 0 2 38 113789
8 1 4 739 0 3 39 119408
8 1 4 740 0 4 40 128612
8 1 4 741 0 5 41 145708
8 1 4 742 0 6 42 147274
8 1 4 743 0 7 43 161979
8 1 4 744 0 0 44 105222
8 1 4 745 0 1 45 108225
8 1 4 746 0 2 46 113677
8 1 4 747 0 3 47 119251
8 1 4 748 0 4 48 128847
8 1 4 749 0 5 49 139068
8 1 4 750 0 6 50 152278
8 1 4 751 0 7 51 163048
8 1 4 752 0 0 52 105241
8 1 4 753 0 1 53 107622
8 1 4 754 0 2 54 113913
8 1 4 755 0 3 55 119169
8 1 4 756 0 4 56 129185
8 1 4 757 0 5 57 145803
8 1 4 758 0 6 58 152175
8 1 4 759 0 7 59 153907
8 1 4 760 0 0 60 105372
8 1 4 761 0 1 61 107878
8 1 4 762 0 2 62 110194
8 1 4 763 0 3 63 119883
8 1 4 764 0 4 64 128819
8 1 4 765 0 5 65 145505
8 1 4 766 0 6 66 151532
8 1 4 767 0 7 67 161595
8 1 4 768 0 0 68 105307
8 1 4 769 0 1 69 108085
8 1 4 770 0 2 70 113542
8 1 4 771 0 3 71 119357
8 1 4 772 0 4 72 129153
8 1 4 773 0 5 73 145103
8 1 4 774 0 6 74 146830
8 1 4 775 0 7 75 162896
8 1 4 776 0 0 76 104148
8 1 4 777 0 1 77 108131
8 1 4 778 0 2 78 110188
8 1 4 779 0 3 79 119371
8 1 4 780 0 4 80 128839
8 1 4 781 0 5 81 137462
8 1 4 782 0 6 82 151935
8 1 4 783 0 7 83 163592
8 1 4 784 0 0 84 105328
8 1 4 785 0 1 85 106188
8 1 4 786 0 2 86 113839
8 1 4 787 0 3 87 119690
8 1 4 788 0 4 88 129192
8 1 4 789 0 5 89 144185
8 1 4 790 0 6 90 148299
8 1 4 791 0 7 91 153549
8 1 4 792 0 0 92 105217
8 1 4 793 0 1 93 108101
8 1 4 794 0 2 94 113928
8 1 4 795 0 3 95 120029
8 1 4 796 0 4 96 127989
8 1 4 797 0 5 97 144784
8 1 4 798 0 6 98 152175
8 1 4 799 0 7 99 161888
8 1 4 800 1 0 0 101076
8 1 4 801 1 1 1 105627
8 1 4 802 1 2 2 112249
8 1 4 803 1 3 3 113321
8 1 4 804 1 4 4 101844
8 1 4 805 1 5 5 123103
8 1 4 806 1 6 6 80893
8 1 4 807 1 7 7 119222
8 1 4 808 1 0 8 101345
8 1 4 809 1 1 9 97015
8 1 4 810 1 2 10 98575
8 1 4 811 1 3 11 97434
8 1 4 812 1 4 12 111016
8 1 4 813 1 5 13 92579
8 1 4 814 1 6 14 93412
8 1 4 815 1 7 15 108474
8 1 4 816 1 0 16 102629
8 1 4 817 1 1 17 101644
8 1 4 818 1 2 18 99697
8 1 4 819 1 3 19 94761
8 1 4 820 1 4 20 111633
8 1 4 821 1 5 21 119813
8 1 4 822 1 6 22 123740
8 1 4 823 1 7 23 120624
8 1 4 824 1 0 24 103407
8 1 4 825 1 1 25 105468
8 1 4 826 1 2 26 100962
8 1 4 827 1 3 27 96784
8 1 4 828 1 4 28 109681
8 1 4 829 1 5 29 99481
8 1 4 830 1 6 30 122931
8 1 4 831 1 7 31 115070
8 1 4 832 1 0 32 101731
8 1 4 833 1 1 33 105418
8 1 4 834 1 2 34 102677
8 1 4 835 1 3 35 100842
8 1 4 836 1 4 36 116666
8 1 4 837 1 5 37 116007
8 1 4 838 1 6 38 109752
8 1 4 839 1 7 39 119971
8 1 4 840 1 0 40 102227
8 1 4 841 1 1 41 107271
8 1 4 842 1 2 42 107786
8 1 4 843 1 3 43 93262
8 1 4 844 1 4 44 110013
8 1 4 845 1 5 45 134043
8 1 4 846 1 6 46 120971
8 1 4 847 1 7 47 96879
8 1 4 848 1 0 48 101087
8 1 4 849 1 1 49 102868
8 1 4 850 1 2 50 102320
8 1 4 851 1 3 51 106414
8 1 4 852 1 4 52 104427
8 1 4 853 1 5 53 116607
8 1 4 854 1 6 54 105680
8 1 4 855 1 7 55 127116
8 1 4 856 1 0 56 100594
8 1 4 857 1 1 57 96780
8 1 4 858 1 2 58 108932
8 1 4 859 1 3 59 102789
8 1 4 860 1 4 60 103828
8 1 4 861 1 5 61 97902
8 1 4 862 1 6 62 118112
8 1 4 863 1 7 63 139846
8 1 4 864 1 0 64 102420
8 1 4 865 1 1 65 104206
8 1 4 866 1 2 66 96624
8 1 4 867 1 3 67 108240
8 1 4 868 1 4 68 113205
8 1 4 869 1 5 69 118874
8 1 4 870 1 6 70 101799
8 1 4 871 1 7 71 102169
8 1 4 872 1 0 72 100389
8 1 4 873 1 1 73 101493
8 1 4 874 1 2 74 98731
8 1 4 875 1 3 75 112976
8 1 4 876 1 4 76 108309
8 1 4 877 1 5 77 105540
8 1 4 878 1 6 78 102032
8 1 4 879 1 7 79 115287
8 1 4 880 1 0 80 103558
8 1 4 881 1 1 81 98619
8 1 4 882 1 2 82 107977
8 1 4 883 1 3 83 112744
8 1 4 884 1 4 84 114662
8 1 4 885 1 5 85 127638
8 1 4 886 1 6 86 105085
8 1 4 887 1 7 87 96507
8 1 4 888 1 0 88 99909
8 1 4 889 1 1 89 102428
8 1 4 890 1 2 90 100728
8 1 4 891 1 3 91 101395
8 1 4 892 1 4 92 93364
8 1 4 893 1 5 93 97673
8 1 4 894 1 6 94 127725
8 1 4 895 1 7 95 115612
8 1 4 896 1 0 96 98820
8 1 4 897 1 1 97 101301
8 1 4 898 1 2 98 100077
8 1 4 899 1 3 99 116812
8 1 4 900 1 4 0 105643
8 1 4 901 1 5 1 123253
8 1 4 902 1 6 2 125475
8 1 4 903 1 7 3 122560
8 1 4 904 1 0 4 100530
8 1 4 905 1 1 5 102679
8 1 4 906 1 2 6 92184
8 1 4 907 1 3 7 109527
8 1 4 908 1 4 8 105316
8 1 4 909 1 5 9 91090
8 1 4 910 1 6 10 97187
8 1 4 911 1 7 11 106075
8 1 4 912 1 0 12 102075
8 1 4 913 1 1 13 98250
8 1 4 914 1 2 14 101508
8 1 4 915 1 3 15 109726
8 1 4 916 1 4 16 116022
8 1 4 917 1 5 17 113166
8 1 4 918 1 6 18 100115
8 1 4 919 1 7 19 90214
8 1 4 920 1 0 20 102702
8 1 4 921 1 1 21 104698
8 1 4 922 1 2 22 103241
8 1 4 923 1 3 23 104449
8 1 4 924 1 4 24 117349
8 1 4 925 1 5 25 116877
8 1 4 926 1 6 26 114985
8 1 4 927 1 7 27 102266
8 1 4 928 1 0 28 102288
8 1 4 929 1 1 29 101551
8 1 4 930 1 2 30 109448
8 1 4 931 1 3 31 102178
8 1 4 932 1 4 32 108557
8 1 4 933 1 5 33 106532
8 1 4 934 1 6 34 126914
8 1 4 935 1 7 35 92409
8 1 4 936 1 0 36 102606
8 1 4 937 1 1 37 103164
8 1 4 938 1 2 38 108419
8 1 4 939 1 3 39 104859
8 1 4 940 1 4 40 109665
8 1 4 941 1 5 41 130704
8 1 4 942 1 6 42 113614
8 1 4 943 1 7 43 105510
8 1 4 944 1 0 44 102141
8 1 4 945 1 1 45 106868
8 1 4 946 1 2 46 101770
8 1 4 947 1 3 47 101545
8 1 4 948 1 4 48 110214
8 1 4 949 1 5 49 110685
8 1 4 950 1 6 50 94190
8 1 4 951 1 7 51 119424
8 1 4 952 1 0 52 100953
8 1 4 953 1 1 53 104445
8 1 4 954 1 2 54 97507
8 1 4 955 1 3 55 109375
8 1 4 956 1 4 56 102114
8 1 4 957 1 5 57 85059
8 1 4 958 1 6 58 124303
8 1 4 959 1 7 59 113371
8 1 4 960 1 0 60 101315
8 1 4 961 1 1 61 98968
8 1 4 962 1 2 62 102506
8 1 4 963 1 3 63 114542
8 1 4 964 1 4 64 111307
8 1 4 965 1 5 65 112158
8 1 4 966 1 6 66 95916
8 1 4 967 1 7 67 116753
8 1 4 968 1 0 68 102663
8 1 4 969 1 1 69 104419
8 1 4 970 1 2 70 94311
8 1 4 971 1 3 71 91977
8 1 4 972 1 4 72 100974
8 1 4 973 1 5 73 111745
8 1 4 974 1 6 74 111959
8 1 4 975 1 7 75 120680
8 1 4 976 1 0 76 101314
8 1 4 977 1 1 77 99659
8 1 4 978 1 2 78 104010
8 1 4 979 1 3 79 97474
8 1 4 980 1 4 80 118505
8 1 4 981 1 5 81 88767
8 1 4 982 1 6 82 119641
8 1 4 983 1 7 83 137761
8 1 4 984 1 0 84 103195
8 1 4 985 1 1 85 106572
8 1 4 986 1 2 86 101209
8 1 4 987 1 3 87 98647
8 1 4 988 1 4 88 103724
8 1 4 989 1 5 89 110847
8 1 4 990 1 6 90 98035
8 1 4 991 1 7 91 114216
8 1 4 992 1 0 92 98972
8 1 4 993 1 1 93 99614
8 1 4 994 1 2 94 108543
8 1 4 995 1 3 95 101882
8 1 4 996 1 4 96 95428
8 1 4 997 1 5 97 108201
8 1 4 998 1 6 98 103513
8 1 4 999 1 7 99 140031
8 1 4 1000 1 0 0 101076
8 1 4 1001 1 1 1 105627
8 1 4 1002 1 2 2 112249
8 1 4 1003 1 3 3 113321
8 1 4 1004 1 4 4 101844
8 1 4 1005 1 5 5 123103
8 1 4 1006 1 6 6 80893
8 1 4 1007 1 7 7 119222
8 1 4 1008 1 0 8 101345
8 1 4 1009 1 1 9 97015
8 1 4 1010 1 2 10 98575
8 1 4 1011 1 3 11 97434
8 1 4 1012 1 4 12 111016
8 1 4 1013 1 5 13 92579
8 1 4 1014 1 6 14 93412
8 1 4 1015 1 7 15 108474
8 1 4 1016 1 0 16 102629
8 1 4 1017 1 1 17 101644
8 1 4 1018 1 2 18 99697
8 1 4 1019 1 3 19 94761
8 1 4 1020 1 4 20 111633
8 1 4 1021 1 5 21 119813
8 1 4 1022 1 6 22 123740
8 1 4 1023 1 7 23 120624
8 1 4 1024 1 0 24 103407
8 1 4 1025 1 1 25 105468
8 1 4 1026 1 2 26 100962
8 1 4 1027 1 3 27 96784
8 1 4 1028 1 4 28 109681
8 1 4 1029 1 5 29 99481
8 1 4 1030 1 6 30 122931
8 1 4 1031 1 7 31 115070
8 1 4 1032 1 0 32 101731
8 1 4 1033 1 1 33 105418
8 1 4 1034 1 2 34 102677
8 1 4 1035 1 3 35 100842
8 1 4 1036 1 4 36 116666
8 1 4 1037 1 5 37 116007
8 1 4 1038 1 6 38 109752
8 1 4 1039 1 7 39 119971
8 1 4 1040 1 0 40 102227
8 1 4 1041 1 1 41 107271
8 1 4 1042 1 2 42 107786
8 1 4 1043 1 3 43 93262
8 1 4 1044 1 4 44 110013
8 1 4 1045 1 5 45 134043
8 1 4 1046 1 6 46 120971
8 1 4 1047 1 7 47 96879
8 1 4 1048 1 0 48 101087
8 1 4 1049 1 1 49 102868
8 1 4 1050 1 2 50 102320
8 1 4 1051 1 3 51 106414
8 1 4 1052 1 4 52 104427
8 1 4 1053 1 5 53 116607
8 1 4 1054 1 6 54 105680
8 1 4 1055 1 7 55 127116
8 1 4 1056 1 0 56 100594
8 1 4 1057 1 1 57 96780
8 1 4 1058 1 2 58 108932
8 1 4 1059 1 3 59 102789
8 1 4 1060 1 4 60 103828
8 1 4 1061 1 5 61 97902
8 1 4 1062 1 6 62 118112
8 1 4 1063 1 7 63 139846
8 1 4 1064 1 0 64 102420
8 1 4 1065 1 1 65 104206
8 1 4 1066 1 2 66 96624
8 1 4 1067 1 3 67 108240
8 1 4 1068 1 4 68 113205
8 1 4 1069 1 5 69 118874
8 1 4 1070 1 6 70 101799
8 1 4 1071 1 7 71 102169
8 1 4 1072 1 0 72 100389
8 1 4 1073 1 1 73 101493
8 1 4 1074 1 2 74 98731
8 1 4 1075 1 3 75 112976
8 1 4 1076 1 4 76 108309
8 1 4 1077 1 5 77 105540
8 1 4 1078 1 6 78 102032
8 1 4 1079 1 7 79 115287
8 1 4 1080 1 0 80 103558
8 1 4 1081 1 1 81 98619
8 1 4 1082 1 2 82 107977
8 1 4 1083 1 3 83 112744
8 1 4 1084 1 4 84 114662
8 1 4 1085 1 5 85 127638
8 1 4 1086 1 6 86 105085
8 1 4 1087 1 7 87 96507
8 1 4 1088 1 0 88 99909
8 1 4 1089 1 1 89 102428
8 1 4 1090 1 2 90 100728
8 1 4 1091 1 3 91 101395
8 1 4 1092 1 4 92 93364
8 1 4 1093 1 5 93 97673
8 1 4 1094 1 6 94 127725
8 1 4 1095 1 7 95 115612
8 1 4 1096 1 0 96 98820
8 1 4 1097 1 1 97 101301
8 1 4 1098 1 2 98 100077
8 1 4 1099 1 3 99 116812
8 1 4 1100 1 4 0 105643
8 1 4 1101 1 5 1 123253
8 1 4 1102 1 6 2 125475
8 1 4 1103 1 7 3 122560
8 1 4 1104 1 0 4 100530
8 1 4 1105 1 1 5 102679
8 1 4 1106 1 2 6 92184
8 1 4 1107 1 3 7 109527
8 1 4 1108 1 4 8 105316
8 1 4 1109 1 5 9 91090
8 1 4 1110 1 6 10 97187
8 1 4 1111 1 7 11 106075
8 1 4 1112 1 0 12 102075
8 1 4 1113 1 1 13 98250
8 1 4 1114 1 2 14 101508
8 1 4 1115 1 3 15 109726
8 1 4 1116 1 4 16 116022
8 1 4 1117 1 5 17 113166
8 1 4 1118 1 6 18 100115
8 1 4 1119 1 7 19 90214
8 1 4 1120 1 0 20 102702
8 1 4 1121 1 1 21 104698
8 1 4 1122 1 2 22 103241
8 1 4 1123 1 3 23 104449
8 1 4 1124 1 4 24 117349
8 1 4 1125 1 5 25 116877
8 1 4 1126 1 6 26 114985
8 1 4 1127 1 7 27 102266
8 1 4 1128 1 0 28 102288
8 1 4 1129 1 1 29 101551
8 1 4 1130 1 2 30 109448
8 1 4 1131 1 3 31 102178
8 1 4 1132 1 4 32 108557
8 1 4 1133 1 5 33 106532
8 1 4 1134 1 6 34 126914
8 1 4 1135 1 7 35 92409
8 1 4 1136 1 0 36 102606
8 1 4 1137 1 1 37 103164
8 1 4 1138 1 2 38 108419
8 1 4 1139 1 3 39 104859
8 1 4 1140 1 4 40 109665
8 1 4 1141 1 5 41 130704
8 1 4 1142 1 6 42 113614
8 1 4 1143 1 7 43 105510
8 1 4 1144 1 0 44 102141
8 1 4 1145 1 1 45 106868
8 1 4 1146 1 2 46 101770
8 1 4 1147 1 3 47 101545
8 1 4 1148 1 4 48 110214
8 1 4 1149 1 5 49 110685
8 1 4 1150 1 6 50 94190
8 1 4 1151 1 7 51 119424
8 1 4 1152 1 0 52 100953
8 1 4 1153 1 1 53 104445
8 1 4 1154 1 2 54 97507
8 1 4 1155 1 3 55 109375
8 1 4 1156 1 4 56 102114
8 1 4 1157 1 5 57 85059
8 1 4 1158 1 6 58 124303
8 1 4 1159 1 7 59 113371
8 1 4 1160 1 0 60 101315
8 1 4 1161 1 1 61 98968
8 1 4 1162 1 2 62 102506
8 1 4 1163 1 3 63 114542
8 1 4 1164 1 4 64 111307
8 1 4 1165 1 5 65 112158
8 1 4 1166 1 6 66 95916
8 1 4 1167 1 7 67 116753
8 1 4 1168 1 0 68 102663
8 1 4 1169 1 1 69 104419
8 1 4 1170 1 2 70 94311
8 1 4 1171 1 3 71 91977
8 1 4 1172 1 4 72 100974
8 1 4 1173 1 5 73 111745
8 1 4 1174 1 6 74 111959
8 1 4 1175 1 7 75 120680
8 1 4 1176 1 0 76 101314
8 1 4 1177 1 1 77 99659
8 1 4 1178 1 2 78 104010
8 1 4 1179 1 3 79 97474
8 1 4 1180 1 4 80 118505
8 1 4 1181 1 5 81 88767
8 1 4 1182 1 6 82 119641
8 1 4 1183 1 7 83 137761
8 1 4 1184 1 0 84 103195
8 1 4 1185 1 1 85 106572
8 1 4 1186 1 2 86 101209
8 1 4 1187 1 3 87 98647
8 1 4 1188 1 4 88 103724
8 1 4 1189 1 5 89 110847
8 1 4 1190 1 6 90 98035
8 1 4 1191 1 7 91 114216
8 1 4 1192 1 0 92 98972
8 1 4 1193 1 1 93 99614
8 1 4 1194 1 2 94 108543
8 1 4 1195 1 3 95 101882
8 1 4 1196 1 4 96 95428
8 1 4 1197 1 5 97 108201
8 1 4 1198 1 6 98 103513
8 1 4 1199 1 7 99 140031
8 1 5 600 0 0 0 106596
8 1 5 601 0 1 1 110359
8 1 5 602 0 2 2 117387
8 1 5 603 0 3 3 125334
8 1 5 604 0 4 4 137455
8 1 5 605 0 5 5 157932
8 1 5 606 0 6 6 167651
8 1 5 607 0 7 7 180878
8 1 5 608 0 0 8 106699
8 1 5 609 0 1 9 110131
8 1 5 610 0 2 10 117288
8 1 5 611 0 3 11 125027
8 1 5 612 0 4 12 136424
8 1 5 613 0 5 13 151601
8 1 5 614 0 6 14 169030
8 1 5 615 0 7 15 173818
8 1 5 616 0 0 16 106777
8 1 5 617 0 1 17 110090
8 1 5 618 0 2 18 117190
8 1 5 619 0 3 19 125169
8 1 5 620 0 4 20 136597
8 1 5 621 0 5 21 157630
8 1 5 622 0 6 22 163462
8 1 5 623 0 7 23 176041
8 1 5 624 0 0 24 106458
8 1 5 625 0 1 25 109987
8 1 5 626 0 2 26 117777
8 1 5 627 0 3 27 123509
8 1 5 628 0 4 28 137001
8 1 5 629 0 5 29 159363
8 1 5 630 0 6 30 160675
8 1 5 631 0 7 31 182530
8 1 5 632 0 0 32 106776
8 1 5 633 0 1 33 110377
8 1 5 634 0 2 34 117577
8 1 5 635 0 3 35 124718
8 1 5 636 0 4 36 130769
8 1 5 637 0 5 37 159200
8 1 5 638 0 6 38 169829
8 1 5 639 0 7 39 181606
8 1 5 640 0 0 40 106738
8 1 5 641 0 1 41 110218
8 1 5 642 0 2 42 113777
8 1 5 643 0 3 43 124966
8 1 5 644 0 4 44 136664
8 1 5 645 0 5 45 159680
8 1 5 646 0 6 46 167085
8 1 5 647 0 7 47 181595
8 1 5 648 0 0 48 106731
8 1 5 649 0 1 49 108578
8 1 5 650 0 2 50 117567
8 1 5 651 0 3 51 125152
8 1 5 652 0 4 52 136833
8 1 5 653 0 5 53 154998
8 1 5 654 0 6 54 160692
8 1 5 655 0 7 55 181537
8 1 5 656 0 0 56 106717
8 1 5 657 0 1 57 110343
8 1 5 658 0 2 58 117595
8 1 5 659 0 3 59 124777
8 1 5 660 0 4 60 137337
8 1 5 661 0 5 61 157984
8 1 5 662 0 6 62 163290
8 1 5 663 0 7 63 185055
8 1 5 664 0 0 64 106697
8 1 5 665 0 1 65 110266
8 1 5 666 0 2 66 117733
8 1 5 667 0 3 67 124825
8 1 5 668 0 4 68 136795
8 1 5 669 0 5 69 159372
8 1 5 670 0 6 70 167367
8 1 5 671 0 7 71 183393
8 1 5 672 0 0 72 106770
8 1 5 673 0 1 73 110175
8 1 5 674 0 2 74 116683
8 1 5 675 0 3 75 125000
8 1 5 676 0 4 76 133714
8 1 5 677 0 5 77 159979
8 1 5 678 0 6 78 161429
8 1 5 679 0 7 79 182840
8 1 5 680 0 0 80 106706
8 1 5 681 0 1 81 108226
8 1 5 682 0 2 82 117927
8 1 5 683 0 3 83 125114
8 1 5 684 0 4 84 137109
8 1 5 685 0 5 85 145085
8 1 5 686 0 6 86 169085
8 1 5 687 0 7 87 182688
8 1 5 688 0 0 88 106796
8 1 5 689 0 1 89 110319
8 1 5 690 0 2 90 116405
8 1 5 691 0 3 91 122673
8 1 5 692 0 4 92 136721
8 1 5 693 0 5 93 158457
8 1 5 694 0 6 94 169141
8 1 5 695 0 7 95 185687
8 1 5 696 0 0 96 106641
8 1 5 697 0 1 97 110094
8 1 5 698 0 2 98 117407
8 1 5 699 0 3 99 125052
8 1 5 700 0 4 0 136460
8 1 5 701 0 5 1 153210
8 1 5 702 0 6 2 168204
8 1 5 703 0 7 3 182805
8 1 5 704 0 0 4 106746
8 1 5 705 0 1 5 109896
8 1 5 706 0 2 6 117311
8 1 5 707 0 3 7 125055
8 1 5 708 0 4 8 136973
8 1 5 709 0 5 9 158698
8 1 5 710 0 6 10 167914
8 1 5 711 0 7 11 183144
8 1 5 712 0 0 12 106535
8 1 5 713 0 1 13 110087
8 1 5 714 0 2 14 117212
8 1 5 715 0 3 15 125283
8 1 5 716 0 4 16 137325
8 1 5 717 0 5 17 158506
8 1 5 718 0 6 18 167635
8 1 5 719 0 7 19 182918
8 1 5 720 0 0 20 106611
8 1 5 721 0 1 21 110345
8 1 5 722 0 2 22 115101
8 1 5 723 0 3 23 119626
8 1 5 724 0 4 24 136575
8 1 5 725 0 5 25 157682
8 1 5 726 0 6 26 169481
8 1 5 727 0 7 27 177839
8 1 5 728 0 0 28 106684
8 1 5 729 0 1 29 110199
8 1 5 730 0 2 30 117603
8 1 5 731 0 3 31 124836
8 1 5 732 0 4 32 137510
8 1 5 733 0 5 33 159241
8 1 5 734 0 6 34 167148
8 1 5 735 0 7 35 183340
8 1 5 736 0 0 36 106568
8 1 5 737 0 1 37 110239
8 1 5 738 0 2 38 117587
8 1 5 739 0 3 39 124857
8 1 5 740 0 4 40 137086
8 1 5 741 0 5 41 159403
8 1 5 742 0 6 42 163260
8 1 5 743 0 7 43 182246
8 1 5 744 0 0 44 106570
8 1 5 745 0 1 45 110364
8 1 5 746 0 2 46 117304
8 1 5 747 0 3 47 124397
8 1 5 748 0 4 48 136969
8 1 5 749 0 5 49 151671
8 1 5 750 0 6 50 168655
8 1 5 751 0 7 51 183053
8 1 5 752 0 0 52 106642
8 1 5 753 0 1 53 109705
8 1 5 754 0 2 54 117549
8 1 5 755 0 3 55 124439
8 1 5 756 0 4 56 137211
8 1 5 757 0 5 57 159693
8 1 5 758 0 6 58 169164
8 1 5 759 0 7 59 173682
8 1 5 760 0 0 60 106739
8 1 5 761 0 1 61 109987
8 1 5 762 0 2 62 113825
8 1 5 763 0 3 63 125560
8 1 5 764 0 4 64 137113
8 1 5 765 0 5 65 159507
8 1 5 766 0 6 66 168483
8 1 5 767 0 7 67 181468
8 1 5 768 0 0 68 106663
8 1 5 769 0 1 69 110222
8 1 5 770 0 2 70 117186
8 1 5 771 0 3 71 124842
8 1 5 772 0 4 72 137274
8 1 5 773 0 5 73 158749
8 1 5 774 0 6 74 162384
8 1 5 775 0 7 75 180267
8 1 5 776 0 0 76 105491
8 1 5 777 0 1 77 110241
8 1 5 778 0 2 78 113761
8 1 5 779 0 3 79 124761
8 1 5 780 0 4 80 137136
8 1 5 781 0 5 81 150721
8 1 5 782 0 6 82 166522
8 1 5 783 0 7 83 184793
8 1 5 784 0 0 84 106688
8 1 5 785 0 1 85 108341
8 1 5 786 0 2 86 117522
8 1 5 787 0 3 87 124930
8 1 5 788 0 4 88 137541
8 1 5 789 0 5 89 158509
8 1 5 790 0 6 90 161805
8 1 5 791 0 7 91 173069
8 1 5 792 0 0 92 106575
8 1 5 793 0 1 93 110127
8 1 5 794 0 2 94 117779
8 1 5 795 0 3 95 125713
8 1 5 796 0 4 96 136277
8 1 5 797 0 5 97 158505
8 1 5 798 0 6 98 168602
8 1 5 799 0 7 99 183056
8 1 5 800 1 0 0 100116
8 1 5 801 1 1 1 105970
8 1 5 802 1 2 2 111649
8 1 5 803 1 3 3 118749
8 1 5 804 1 4 4 108464
8 1 5 805 1 5 5 113072
8 1 5 806 1 6 6 85856
8 1 5 807 1 7 7 122521
8 1 5 808 1 0 8 102518
8 1 5 809 1 1 9 95084
8 1 5 810 1 2 10 97815
8 1 5 811 1 3 11 101357
8 1 5 812 1 4 12 112424
8 1 5 813 1 5 13 96331
8 1 5 814 1 6 14 96896
8 1 5 815 1 7 15 101780
8 1 5 816 1 0 16 103953
8 1 5 817 1 1 17 102346
8 1 5 818 1 2 18 103055
8 1 5 819 1 3 19 92304
8 1 5 820 1 4 20 110103
8 1 5 821 1 5 21 117982
8 1 5 822 1 6 22 117468
8 1 5 823 1 7 23 123877
8 1 5 824 1 0 24 104797
8 1 5 825 1 1 25 104366
8 1 5 826 1 2 26 103711
8 1 5 827 1 3 27 100636
8 1 5 828 1 4 28 111721
8 1 5 829 1 5 29 106927
8 1 5 830 1 6 30 119223
8 1 5 831 1 7 31 113730
8 1 5 832 1 0 32 102325
8 1 5 833 1 1 33 103872
8 1 5 834 1 2 34 99877
8 1 5 835 1 3 35 102292
8 1 5 836 1 4 36 124564
8 1 5 837 1 5 37 124207
8 1 5 838 1 6 38 112086
8 1 5 839 1 7 39 129667
8 1 5 840 1 0 40 102785
8 1 5 841 1 1 41 105122
8 1 5 842 1 2 42 111345
8 1 5 843 1 3 43 94907
8 1 5 844 1 4 44 115732
8 1 5 845 1 5 45 142566
8 1 5 846 1 6 46 114367
8 1 5 847 1 7 47 90384
8 1 5 848 1 0 48 100518
8 1 5 849 1 1 49 104975
8 1 5 850 1 2 50 101517
8 1 5 851 1 3 51 109956
8 1 5 852 1 4 52 101035
8 1 5 853 1 5 53 112429
8 1 5 854 1 6 54 109648
8 1 5 855 1 7 55 143655
8 1 5 856 1 0 56 101129
8 1 5 857 1 1 57 97107
8 1 5 858 1 2 58 110509
8 1 5 859 1 3 59 105057
8 1 5 860 1 4 60 107119
8 1 5 861 1 5 61 102558
8 1 5 862 1 6 62 119609
8 1 5 863 1 7 63 153413
8 1 5 864 1 0 64 103478
8 1 5 865 1 1 65 105151
8 1 5 866 1 2 66 96752
8 1 5 867 1 3 67 109766
8 1 5 868 1 4 68 115601
8 1 5 869 1 5 69 122944
8 1 5 870 1 6 70 107190
8 1 5 871 1 7 71 97793
8 1 5 872 1 0 72 100440
8 1 5 873 1 1 73 102443
8 1 5 874 1 2 74 99729
8 1 5 875 1 3 75 108723
8 1 5 876 1 4 76 115707
8 1 5 877 1 5 77 108080
8 1 5 878 1 6 78 102661
8 1 5 879 1 7 79 111378
8 1 5 880 1 0 80 104735
8 1 5 881 1 1 81 96643
8 1 5 882 1 2 82 108457
8 1 5 883 1 3 83 108477
8 1 5 884 1 4 84 115870
8 1 5 885 1 5 85 130598
8 1 5 886 1 6 86 111447
8 1 5 887 1 7 87 98771
8 1 5 888 1 0 88 98983
8 1 5 889 1 1 89 103044
8 1 5 890 1 2 90 99556
8 1 5 891 1 3 91 106023
8 1 5 892 1 4 92 90885
8 1 5 893 1 5 93 92861
8 1 5 894 1 6 94 134699
8 1 5 895 1 7 95 119815
8 1 5 896 1 0 96 100149
8 1 5 897 1 1 97 102043
8 1 5 898 1 2 98 102953
8 1 5 899 1 3 99 117019
8 1 5 900 1 4 0 102277
8 1 5 901 1 5 1 124510
8 1 5 902 1 6 2 129952
8 1 5 903 1 7 3 131459
8 1 5 904 1 0 4 101873
8 1 5 905 1 1 5 101060
8 1 5 906 1 2 6 93850
8 1 5 907 1 3 7 106823
8 1 5 908 1 4 8 112391
8 1 5 909 1 5 9 81808
8 1 5 910 1 6 10 94706
8 1 5 911 1 7 11 115845
8 1 5 912 1 0 12 102759
8 1 5 913 1 1 13 97704
8 1 5 914 1 2 14 102566
8 1 5 915 1 3 15 105168
8 1 5 916 1 4 16 123794
8 1 5 917 1 5 17 116764
8 1 5 918 1 6 18 111172
8 1 5 919 1 7 19 83411
8 1 5 920 1 0 20 102424
8 1 5 921 1 1 21 105628
8 1 5 922 1 2 22 101115
8 1 5 923 1 3 23 106094
8 1 5 924 1 4 24 125372
8 1 5 925 1 5 25 110990
8 1 5 926 1 6 26 122954
8 1 5 927 1 7 27 109177
8 1 5 928 1 0 28 102825
8 1 5 929 1 1 29 102492
8 1 5 930 1 2 30 106480
8 1 5 931 1 3 31 106917
8 1 5 932 1 4 32 112215
8 1 5 933 1 5 33 103630
8 1 5 934 1 6 34 114630
8 1 5 935 1 7 35 99324
8 1 5 936 1 0 36 103871
8 1 5 937 1 1 37 103913
8 1 5 938 1 2 38 109481
8 1 5 939 1 3 39 109682
8 1 5 940 1 4 40 112649
8 1 5 941 1 5 41 127785
8 1 5 942 1 6 42 126763
8 1 5 943 1 7 43 110531
8 1 5 944 1 0 44 103516
8 1 5 945 1 1 45 107856
8 1 5 946 1 2 46 100252
8 1 5 947 1 3 47 96818
8 1 5 948 1 4 48 106249
8 1 5 949 1 5 49 118848
8 1 5 950 1 6 50 97632
8 1 5 951 1 7 51 123006
8 1 5 952 1 0 52 100354
8 1 5 953 1 1 53 103623
8 1 5 954 1 2 54 98198
8 1 5 955 1 3 55 114602
8 1 5 956 1 4 56 103397
8 1 5 957 1 5 57 86460
8 1 5 958 1 6 58 133678
8 1 5 959 1 7 59 118443
8 1 5 960 1 0 60 101621
8 1 5 961 1 1 61 99971
8 1 5 962 1 2 62 105539
8 1 5 963 1 3 63 119965
8 1 5 964 1 4 64 117660
8 1 5 965 1 5 65 114033
8 1 5 966 1 6 66 99698
8 1 5 967 1 7 67 117719
8 1 5 968 1 0 68 103091
8 1 5 969 1 1 69 105306
8 1 5 970 1 2 70 95752
8 1 5 971 1 3 71 92159
8 1 5 972 1 4 72 101308
8 1 5 973 1 5 73 118597
8 1 5 974 1 6 74 116184
8 1 5 975 1 7 75 116204
8 1 5 976 1 0 76 102679
8 1 5 977 1 1 77 100587
8 1 5 978 1 2 78 107529
8 1 5 979 1 3 79 95067
8 1 5 980 1 4 80 124189
8 1 5 981 1 5 81 85415
8 1 5 982 1 6 82 124707
8 1 5 983 1 7 83 137437
8 1 5 984 1 0 84 103338
8 1 5 985 1 1 85 107243
8 1 5 986 1 2 86 103954
8 1 5 987 1 3 87 99463
8 1 5 988 1 4 88 99488
8 1 5 989 1 5 89 114371
8 1 5 990 1 6 90 97400
8 1 5 991 1 7 91 127361
8 1 5 992 1 0 92 98448
8 1 5 993 1 1 93 98519
8 1 5 994 1 2 94 110248
8 1 5 995 1 3 95 103362
8 1 5 996 1 4 96 101857
8 1 5 997 1 5 97 111687
8 1 5 998 1 6 98 113593
8 1 5 999 1 7 99 142921
8 1 5 1000 1 0 0 100116
8 1 5 1001 1 1 1 105970
8 1 5 1002 1 2 2 111649
8 1 5 1003 1 3 3 118749
8 1 5 1004 1 4 4 108464
8 1 5 1005 1 5 5 113072
8 1 5 1006 1 6 6 85856
8 1 5 1007 1 7 7 122521
8 1 5 1008 1 0 8 102518
8 1 5 1009 1 1 9 95084
8 1 5 1010 1 2 10 97815
8 1 5 1011 1 3 11 101357
8 1 5 1012 1 4 12 112424
8 1 5 1013 1 5 13 96331
8 1 5 1014 1 6 14 96896
8 1 5 1015 1 7 15 101780
8 1 5 1016 1 0 16 103953
8 1 5 1017 1 1 17 102346
8 1 5 1018 1 2 18 103055
8 1 5 1019 1 3 19 92304
8 1 5 1020 1 4 20 110103
8 1 5 1021 1 5 21 117982
8 1 5 1022 1 6 22 117468
8 1 5 1023 1 7 23 123877
8 1 5 1024 1 0 24 104797
8 1 5 1025 1 1 25 104366
8 1 5 1026 1 2 26 103711
8 1 5 1027 1 3 27 100636
8 1 5 1028 1 4 28 111721
8 1 5 1029 1 5 29 106927
8 1 5 1030 1 6 30 119223
8 1 5 1031 1 7 31 113730
8 1 5 1032 1 0 32 102325
8 1 5 1033 1 1 33 103872
8 1 5 1034 1 2 34 99877
8 1 5 1035 1 3 35 102292
8 1 5 1036 1 4 36 124564
8 1 5 1037 1 5 37 124207
8 1 5 1038 1 6 38 112086
8 1 5 1039 1 7 39 129667
8 1 5 1040 1 0 40 102785
8 1 5 1041 1 1 41 105122
8 1 5 1042 1 2 42 111345
8 1 5 1043 1 3 43 94907
8 1 5 1044 1 4 44 115732
8 1 5 1045 1 5 45 142566
8 1 5 1046 1 6 46 114367
8 1 5 1047 1 7 47 90384
8 1 5 1048 1 0 48 100518
8 1 5 1049 1 1 49 104975
8 1 5 1050 1 2 50 101517
8 1 5 1051 1 3 51 109956
8 1 5 1052 1 4 52 101035
8 1 5 1053 1 5 53 112429
8 1 5 1054 1 6 54 109648
8 1 5 1055 1 7 55 143655
8 1 5 1056 1 0 56 101129
8 1 5 1057 1 1 57 97107
8 1 5 1058 1 2 58 110509
8 1 5 1059 1 3 59 105057
8 1 5 1060 1 4 60 107119
8 1 5 1061 1 5 61 102558
8 1 5 1062 1 6 62 119609
8 1 5 1063 1 7 63 153413
8 1 5 1064 1 0 64 103478
8 1 5 1065 1 1 65 105151
8 1 5 1066 1 2 66 96752
8 1 5 1067 1 3 67 109766
8 1 5 1068 1 4 68 115601
8 1 5 1069 1 5 69 122944
8 1 5 1070 1 6 70 107190
8 1 5 1071 1 7 71 97793
8 1 5 1072 1 0 72 100440
8 1 5 1073 1 1 73 102443
8 1 5 1074 1 2 74 99729
8 1 5 1075 1 3 75 108723
8 1 5 1076 1 4 76 115707
8 1 5 1077 1 5 77 108080
8 1 5 1078 1 6 78 102661
8 1 5 1079 1 7 79 111378
8 1 5 1080 1 0 80 104735
8 1 5 1081 1 1 81 96643
8 1 5 1082 1 2 82 108457
8 1 5 1083 1 3 83 108477
8 1 5 1084 1 4 84 115870
8 1 5 1085 1 5 85 130598
8 1 5 1086 1 6 86 111447
8 1 5 1087 1 7 87 98771
8 1 5 1088 1 0 88 98983
8 1 5 1089 1 1 89 103044
8 1 5 1090 1 2 90 99556
8 1 5 1091 1 3 91 106023
8 1 5 1092 1 4 92 90885
8 1 5 1093 1 5 93 92861
8 1 5 1094 1 6 94 134699
8 1 5 1095 1 7 95 119815
8 1 5 1096 1 0 96 100149
8 1 5 1097 1 1 97 102043
8 1 5 1098 1 2 98 102953
8 1 5 1099 1 3 99 117019
8 1 5 1100 1 4 0 102277
8 1 5 1101 1 5 1 124510
8 1 5 1102 1 6 2 129952
8 1 5 1103 1 7 3 131459
8 1 5 1104 1 0 4 101873
8 1 5 1105 1 1 5 101060
8 1 5 1106 1 2 6 93850
8 1 5 1107 1 3 7 106823
8 1 5 1108 1 4 8 112391
8 1 5 1109 1 5 9 81808
8 1 5 1110 1 6 10 94706
8 1 5 1111 1 7 11 115845
8 1 5 1112 1 0 12 102759
8 1 5 1113 1 1 13 97704
8 1 5 1114 1 2 14 102566
8 1 5 1115 1 3 15 105168
8 1 5 1116 1 4 16 123794
8 1 5 1117 1 5 17 116764
8 1 5 1118 1 6 18 111172
8 1 5 1119 1 7 19 83411
8 1 5 1120 1 0 20 102424
8 1 5 1121 1 1 21 105628
8 1 5 1122 1 2 22 101115
8 1 5 1123 1 3 23 106094
8 1 5 1124 1 4 24 125372
8 1 5 1125 1 5 25 110990
8 1 5 1126 1 6 26 122954
8 1 5 1127 1 7 27 109177
8 1 5 1128 1 0 28 102825
8 1 5 1129 1 1 29 102492
8 1 5 1130 1 2 30 106480
8 1 5 1131 1 3 31 106917
8 1 5 1132 1 4 32 112215
8 1 5 1133 1 5 33 103630
8 1 5 1134 1 6 34 114630
8 1 5 1135 1 7 35 99324
8 1 5 1136 1 0 36 103871
8 1 5 1137 1 1 37 103913
8 1 5 1138 1 2 38 109481
8 1 5 1139 1 3 39 109682
8 1 5 1140 1 4 40 112649
8 1 5 1141 1 5 41 127785
8 1 5 1142 1 6 42 126763
8 1 5 1143 1 7 43 110531
8 1 5 1144 1 0 44 103516
8 1 5 1145 1 1 45 107856
8 1 5 1146 1 2 46 100252
8 1 5 1147 1 3 47 96818
8 1 5 1148 1 4 48 106249
8 1 5 1149 1 5 49 118848
8 1 5 1150 1 6 50 97632
8 1 5 1151 1 7 51 123006
8 1 5 1152 1 0 52 100354
8 1 5 1153 1 1 53 103623
8 1 5 1154 1 2 54 98198
8 1 5 1155 1 3 55 114602
8 1 5 1156 1 4 56 103397
8 1 5 1157 1 5 57 86460
8 1 5 1158 1 6 58 133678
8 1 5 1159 1 7 59 118443
8 1 5 1160 1 0 60 101621
8 1 5 1161 1 1 61 99971
8 1 5 1162 1 2 62 105539
8 1 5 1163 1 3 63 119965
8 1 5 1164 1 4 64 117660
8 1 5 1165 1 5 65 114033
8 1 5 1166 1 6 66 99698
8 1 5 1167 1 7 67 117719
8 1 5 1168 1 0 68 103091
8 1 5 1169 1 1 69 105306
8 1 5 1170 1 2 70 95752
8 1 5 1171 1 3 71 92159
8 1 5 1172 1 4 72 101308
8 1 5 1173 1 5 73 118597
8 1 5 1174 1 6 74 116184
8 1 5 1175 1 7 75 116204
8 1 5 1176 1 0 76 102679
8 1 5 1177 1 1 77 100587
8 1 5 1178 1 2 78 107529
8 1 5 1179 1 3 79 95067
8 1 5 1180 1 4 80 124189
8 1 5 1181 1 5 81 85415
8 1 5 1182 1 6 82 124707
8 1 5 1183 1 7 83 137437
8 1 5 1184 1 0 84 103338
8 1 5 1185 1 1 85 107243
8 1 5 1186 1 2 86 103954
8 1 5 1187 1 3 87 99463
8 1 5 1188 1 4 88 99488
8 1 5 1189 1 5 89 114371
8 1 5 1190 1 6 90 97400
8 1 5 1191 1 7 91 127361
8 1 5 1192 1 0 92 98448
8 1 5 1193 1 1 93 98519
8 1 5 1194 1 2 94 110248
8 1 5 1195 1 3 95 103362
8 1 5 1196 1 4 96 101857
8 1 5 1197 1 5 97 111687
8 1 5 1198 1 6 98 113593
8 1 5 1199 1 7 99 142921
