16 3 1 900 1 4 0 105870
16 3 1 901 1 5 1 90009
16 3 1 902 1 6 2 105661
16 3 1 903 1 7 3 98053
16 3 1 904 1 0 4 101289
16 3 1 905 1 1 5 100423
16 3 1 906 1 2 6 97119
16 3 1 907 1 3 7 98250
16 3 1 908 1 4 8 98522
16 3 1 909 1 5 9 97211
16 3 1 910 1 6 10 101476
16 3 1 911 1 7 11 91624
16 3 1 912 1 0 12 101276
16 3 1 913 1 1 13 101306
16 3 1 914 1 2 14 102946
16 3 1 915 1 3 15 103000
16 3 1 916 1 4 16 100010
16 3 1 917 1 5 17 103310
16 3 1 918 1 6 18 91860
16 3 1 919 1 7 19 89803
16 3 1 920 1 0 20 101140
16 3 1 921 1 1 21 100700
16 3 1 922 1 2 22 103291
16 3 1 923 1 3 23 100250
16 3 1 924 1 4 24 101212
16 3 1 925 1 5 25 110063
16 3 1 926 1 6 26 95132
16 3 1 927 1 7 27 94594
16 3 1 928 1 0 28 101048
16 3 1 929 1 1 29 100480
16 3 1 930 1 2 30 103373
16 3 1 931 1 3 31 96592
16 3 1 932 1 4 32 104020
16 3 1 933 1 5 33 98049
16 3 1 934 1 6 34 110101
16 3 1 935 1 7 35 98911
16 3 1 936 1 0 36 98732
16 3 1 937 1 1 37 101417
16 3 1 938 1 2 38 100682
16 3 1 939 1 3 39 103440
16 3 1 940 1 4 40 105940
16 3 1 941 1 5 41 110069
16 3 1 942 1 6 42 105778
16 3 1 943 1 7 43 112104
16 3 1 944 1 0 44 101319
16 3 1 945 1 1 45 101869
16 3 1 946 1 2 46 102804
16 3 1 947 1 3 47 104416
16 3 1 948 1 4 48 103856
16 3 1 949 1 5 49 108309
16 3 1 950 1 6 50 96642
16 3 1 951 1 7 51 91511
16 3 1 952 1 0 52 100134
16 3 1 953 1 1 53 99736
16 3 1 954 1 2 54 103377
16 3 1 955 1 3 55 100024
16 3 1 956 1 4 56 106751
16 3 1 957 1 5 57 108912
16 3 1 958 1 6 58 107259
16 3 1 959 1 7 59 94781
16 3 1 960 1 0 60 101336
16 3 1 961 1 1 61 98656
16 3 1 962 1 2 62 103297
16 3 1 963 1 3 63 104750
16 3 1 964 1 4 64 93396
16 3 1 965 1 5 65 102007
16 3 1 966 1 6 66 91484
16 3 1 967 1 7 67 102807
16 3 1 968 1 0 68 100321
16 3 1 969 1 1 69 100231
16 3 1 970 1 2 70 98766
16 3 1 971 1 3 71 98654
16 3 1 972 1 4 72 100078
16 3 1 973 1 5 73 105369
16 3 1 974 1 6 74 102105
16 3 1 975 1 7 75 108273
16 3 1 976 1 0 76 101090
16 3 1 977 1 1 77 99868
16 3 1 978 1 2 78 102751
16 3 1 979 1 3 79 104750
16 3 1 980 1 4 80 93570
16 3 1 981 1 5 81 101550
16 3 1 982 1 6 82 91620
16 3 1 983 1 7 83 109735
16 3 1 984 1 0 84 100246
16 3 1 985 1 1 85 101920
16 3 1 986 1 2 86 97569
16 3 1 987 1 3 87 103750
16 3 1 988 1 4 88 103164
16 3 1 989 1 5 89 103208
16 3 1 990 1 6 90 102848
16 3 1 991 1 7 91 102244
16 3 1 992 1 0 92 99124
16 3 1 993 1 1 93 101850
16 3 1 994 1 2 94 99796
16 3 1 995 1 3 95 104750
16 3 1 996 1 4 96 100853
16 3 1 997 1 5 97 107365
16 3 1 998 1 6 98 109854
16 3 1 999 1 7 99 96710
16 3 1 1000 1 0 0 101066
16 3 1 1001 1 1 1 97876
16 3 1 1002 1 2 2 101806
16 3 1 1003 1 3 3 100250
16 3 1 1004 1 4 4 106748
16 3 1 1005 1 5 5 105708
16 3 1 1006 1 6 6 95476
16 3 1 1007 1 7 7 99191
16 3 1 1008 1 0 8 99848
16 3 1 1009 1 1 9 98425
16 3 1 1010 1 2 10 100891
16 3 1 1011 1 3 11 98459
16 3 1 1012 1 4 12 104279
16 3 1 1013 1 5 13 107150
16 3 1 1014 1 6 14 109688
16 3 1 1015 1 7 15 97726
16 3 1 1016 1 0 16 99868
16 3 1 1017 1 1 17 100153
16 3 1 1018 1 2 18 96460
16 3 1 1019 1 3 19 96250
16 3 1 1020 1 4 20 105814
16 3 1 1021 1 5 21 99779
16 3 1 1022 1 6 22 110523
16 3 1 1023 1 7 23 103939
16 3 1 1024 1 0 24 100020
16 3 1 1025 1 1 25 101825
16 3 1 1026 1 2 26 98672
16 3 1 1027 1 3 27 99500
16 3 1 1028 1 4 28 104638
16 3 1 1029 1 5 29 99775
16 3 1 1030 1 6 30 103576
16 3 1 1031 1 7 31 97439
16 3 1 1032 1 0 32 100864
16 3 1 1033 1 1 33 100039
16 3 1 1034 1 2 34 103392
16 3 1 1035 1 3 35 95720
16 3 1 1036 1 4 36 95917
16 3 1 1037 1 5 37 104142
16 3 1 1038 1 6 38 96456
16 3 1 1039 1 7 39 97307
16 3 1 1040 1 0 40 100960
16 3 1 1041 1 1 41 101967
16 3 1 1042 1 2 42 101896
16 3 1 1043 1 3 43 103550
16 3 1 1044 1 4 44 106728
16 3 1 1045 1 5 45 108259
16 3 1 1046 1 6 46 109088
16 3 1 1047 1 7 47 102991
16 3 1 1048 1 0 48 100480
16 3 1 1049 1 1 49 101854
16 3 1 1050 1 2 50 98142
16 3 1 1051 1 3 51 95882
16 3 1 1052 1 4 52 100391
16 3 1 1053 1 5 53 96711
16 3 1 1054 1 6 54 109970
16 3 1 1055 1 7 55 104749
16 3 1 1056 1 0 56 101323
16 3 1 1057 1 1 57 101972
16 3 1 1058 1 2 58 103392
16 3 1 1059 1 3 59 98500
16 3 1 1060 1 4 60 103472
16 3 1 1061 1 5 61 95916
16 3 1 1062 1 6 62 97509
16 3 1 1063 1 7 63 108887
16 3 1 1064 1 0 64 98764
16 3 1 1065 1 1 65 99391
16 3 1 1066 1 2 66 96762
16 3 1 1067 1 3 67 103208
16 3 1 1068 1 4 68 101557
16 3 1 1069 1 5 69 101452
16 3 1 1070 1 6 70 99420
16 3 1 1071 1 7 71 99473
16 3 1 1072 1 0 72 100112
16 3 1 1073 1 1 73 100299
16 3 1 1074 1 2 74 99822
16 3 1 1075 1 3 75 104750
16 3 1 1076 1 4 76 105827
16 3 1 1077 1 5 77 100091
16 3 1 1078 1 6 78 98199
16 3 1 1079 1 7 79 108526
16 3 1 1080 1 0 80 98719
16 3 1 1081 1 1 81 99550
16 3 1 1082 1 2 82 97212
16 3 1 1083 1 3 83 103750
16 3 1 1084 1 4 84 101998
16 3 1 1085 1 5 85 106627
16 3 1 1086 1 6 86 93610
16 3 1 1087 1 7 87 107144
16 3 1 1088 1 0 88 100124
16 3 1 1089 1 1 89 101138
16 3 1 1090 1 2 90 100770
16 3 1 1091 1 3 91 99000
16 3 1 1092 1 4 92 94936
16 3 1 1093 1 5 93 110100
16 3 1 1094 1 6 94 102713
16 3 1 1095 1 7 95 107940
16 3 1 1096 1 0 96 99900
16 3 1 1097 1 1 97 101785
16 3 1 1098 1 2 98 103392
16 3 1 1099 1 3 99 99158
16 3 1 1100 1 4 0 105870
16 3 1 1101 1 5 1 90009
16 3 1 1102 1 6 2 105661
16 3 1 1103 1 7 3 98053
16 3 1 1104 1 0 4 101289
16 3 1 1105 1 1 5 100423
16 3 1 1106 1 2 6 97119
16 3 1 1107 1 3 7 98250
16 3 1 1108 1 4 8 98522
16 3 1 1109 1 5 9 97211
16 3 1 1110 1 6 10 101476
16 3 1 1111 1 7 11 91624
16 3 1 1112 1 0 12 101276
16 3 1 1113 1 1 13 101306
16 3 1 1114 1 2 14 102946
16 3 1 1115 1 3 15 103000
16 3 1 1116 1 4 16 100010
16 3 1 1117 1 5 17 103310
16 3 1 1118 1 6 18 91860
16 3 1 1119 1 7 19 89803
16 3 1 1120 1 0 20 101140
16 3 1 1121 1 1 21 100700
16 3 1 1122 1 2 22 103291
16 3 1 1123 1 3 23 100250
16 3 1 1124 1 4 24 101212
16 3 1 1125 1 5 25 110063
16 3 1 1126 1 6 26 95132
16 3 1 1127 1 7 27 94594
16 3 1 1128 1 0 28 101048
16 3 1 1129 1 1 29 100480
16 3 1 1130 1 2 30 103373
16 3 1 1131 1 3 31 96592
16 3 1 1132 1 4 32 104020
16 3 1 1133 1 5 33 98049
16 3 1 1134 1 6 34 110101
16 3 1 1135 1 7 35 98911
16 3 1 1136 1 0 36 98732
16 3 1 1137 1 1 37 101417
16 3 1 1138 1 2 38 100682
16 3 1 1139 1 3 39 103440
16 3 1 1140 1 4 40 105940
16 3 1 1141 1 5 41 110069
16 3 1 1142 1 6 42 105778
16 3 1 1143 1 7 43 112104
16 3 1 1144 1 0 44 101319
16 3 1 1145 1 1 45 101869
16 3 1 1146 1 2 46 102804
16 3 1 1147 1 3 47 104416
16 3 1 1148 1 4 48 103856
16 3 1 1149 1 5 49 108309
16 3 1 1150 1 6 50 96642
16 3 1 1151 1 7 51 91511
16 3 1 1152 1 0 52 100134
16 3 1 1153 1 1 53 99736
16 3 1 1154 1 2 54 103377
16 3 1 1155 1 3 55 100024
16 3 1 1156 1 4 56 106751
16 3 1 1157 1 5 57 108912
16 3 1 1158 1 6 58 107259
16 3 1 1159 1 7 59 94781
16 3 1 1160 1 0 60 101336
16 3 1 1161 1 1 61 98656
16 3 1 1162 1 2 62 103297
16 3 1 1163 1 3 63 104750
16 3 1 1164 1 4 64 93396
16 3 1 1165 1 5 65 102007
16 3 1 1166 1 6 66 91484
16 3 1 1167 1 7 67 102807
16 3 1 1168 1 0 68 100321
16 3 1 1169 1 1 69 100231
16 3 1 1170 1 2 70 98766
16 3 1 1171 1 3 71 98654
16 3 1 1172 1 4 72 100078
16 3 1 1173 1 5 73 105369
16 3 1 1174 1 6 74 102105
16 3 1 1175 1 7 75 108273
16 3 1 1176 1 0 76 101090
16 3 1 1177 1 1 77 99868
16 3 1 1178 1 2 78 102751
16 3 1 1179 1 3 79 104750
16 3 1 1180 1 4 80 93570
16 3 1 1181 1 5 81 101550
16 3 1 1182 1 6 82 91620
16 3 1 1183 1 7 83 109735
16 3 1 1184 1 0 84 100246
16 3 1 1185 1 1 85 101920
16 3 1 1186 1 2 86 97569
16 3 1 1187 1 3 87 103750
16 3 1 1188 1 4 88 103164
16 3 1 1189 1 5 89 103208
16 3 1 1190 1 6 90 102848
16 3 1 1191 1 7 91 102244
16 3 1 1192 1 0 92 99124
16 3 1 1193 1 1 93 101850
16 3 1 1194 1 2 94 99796
16 3 1 1195 1 3 95 104750
16 3 1 1196 1 4 96 100853
16 3 1 1197 1 5 97 107365
16 3 1 1198 1 6 98 109854
16 3 1 1199 1 7 99 96710
16 3 2 900 1 4 0 104160
16 3 2 901 1 5 1 82746
16 3 2 902 1 6 2 96675
16 3 2 903 1 7 3 96307
16 3 2 904 1 0 4 101023
16 3 2 905 1 1 5 99300
16 3 2 906 1 2 6 96650
16 3 2 907 1 3 7 94507
16 3 2 908 1 4 8 92860
16 3 2 909 1 5 9 101257
16 3 2 910 1 6 10 108496
16 3 2 911 1 7 11 103340
16 3 2 912 1 0 12 100096
16 3 2 913 1 1 13 101764
16 3 2 914 1 2 14 103222
16 3 2 915 1 3 15 107878
16 3 2 916 1 4 16 102554
16 3 2 917 1 5 17 112544
16 3 2 918 1 6 18 98528
16 3 2 919 1 7 19 96715
16 3 2 920 1 0 20 100128
16 3 2 921 1 1 21 99521
16 3 2 922 1 2 22 106077
16 3 2 923 1 3 23 99073
16 3 2 924 1 4 24 98856
16 3 2 925 1 5 25 115595
16 3 2 926 1 6 26 85298
16 3 2 927 1 7 27 91994
16 3 2 928 1 0 28 102321
16 3 2 929 1 1 29 99548
16 3 2 930 1 2 30 105194
16 3 2 931 1 3 31 93372
16 3 2 932 1 4 32 110519
16 3 2 933 1 5 33 98342
16 3 2 934 1 6 34 110071
16 3 2 935 1 7 35 103521
16 3 2 936 1 0 36 97644
16 3 2 937 1 1 37 101859
16 3 2 938 1 2 38 98542
16 3 2 939 1 3 39 104356
16 3 2 940 1 4 40 110862
16 3 2 941 1 5 41 117128
16 3 2 942 1 6 42 105206
16 3 2 943 1 7 43 120502
16 3 2 944 1 0 44 100654
16 3 2 945 1 1 45 102820
16 3 2 946 1 2 46 99761
16 3 2 947 1 3 47 109032
16 3 2 948 1 4 48 107933
16 3 2 949 1 5 49 103368
16 3 2 950 1 6 50 91402
16 3 2 951 1 7 51 95043
16 3 2 952 1 0 52 100800
16 3 2 953 1 1 53 101766
16 3 2 954 1 2 54 102725
16 3 2 955 1 3 55 95735
16 3 2 956 1 4 56 106206
16 3 2 957 1 5 57 119719
16 3 2 958 1 6 58 100943
16 3 2 959 1 7 59 101712
16 3 2 960 1 0 60 102530
16 3 2 961 1 1 61 99668
16 3 2 962 1 2 62 105857
16 3 2 963 1 3 63 107122
16 3 2 964 1 4 64 92273
16 3 2 965 1 5 65 106049
16 3 2 966 1 6 66 90624
16 3 2 967 1 7 67 113530
16 3 2 968 1 0 68 100950
16 3 2 969 1 1 69 100500
16 3 2 970 1 2 70 101427
16 3 2 971 1 3 71 99713
16 3 2 972 1 4 72 104114
16 3 2 973 1 5 73 113755
16 3 2 974 1 6 74 113835
16 3 2 975 1 7 75 117209
16 3 2 976 1 0 76 101502
16 3 2 977 1 1 77 100403
16 3 2 978 1 2 78 104388
16 3 2 979 1 3 79 99775
16 3 2 980 1 4 80 93079
16 3 2 981 1 5 81 111323
16 3 2 982 1 6 82 96105
16 3 2 983 1 7 83 117323
16 3 2 984 1 0 84 101104
16 3 2 985 1 1 85 103056
16 3 2 986 1 2 86 95859
16 3 2 987 1 3 87 103779
16 3 2 988 1 4 88 104201
16 3 2 989 1 5 89 110730
16 3 2 990 1 6 90 95456
16 3 2 991 1 7 91 105923
16 3 2 992 1 0 92 99704
16 3 2 993 1 1 93 103329
16 3 2 994 1 2 94 100980
16 3 2 995 1 3 95 102612
16 3 2 996 1 4 96 105876
16 3 2 997 1 5 97 112495
16 3 2 998 1 6 98 111285
16 3 2 999 1 7 99 86441
16 3 2 1000 1 0 0 100751
16 3 2 1001 1 1 1 96159
16 3 2 1002 1 2 2 99283
16 3 2 1003 1 3 3 96432
16 3 2 1004 1 4 4 105613
16 3 2 1005 1 5 5 103337
16 3 2 1006 1 6 6 94409
16 3 2 1007 1 7 7 89964
16 3 2 1008 1 0 8 98804
16 3 2 1009 1 1 9 99424
16 3 2 1010 1 2 10 102180
16 3 2 1011 1 3 11 103081
16 3 2 1012 1 4 12 98209
16 3 2 1013 1 5 13 105206
16 3 2 1014 1 6 14 107385
16 3 2 1015 1 7 15 110772
16 3 2 1016 1 0 16 100320
16 3 2 1017 1 1 17 101961
16 3 2 1018 1 2 18 98354
16 3 2 1019 1 3 19 97204
16 3 2 1020 1 4 20 100904
16 3 2 1021 1 5 21 94533
16 3 2 1022 1 6 22 120068
16 3 2 1023 1 7 23 109787
16 3 2 1024 1 0 24 100249
16 3 2 1025 1 1 25 103588
16 3 2 1026 1 2 26 95576
16 3 2 1027 1 3 27 97158
16 3 2 1028 1 4 28 111516
16 3 2 1029 1 5 29 95175
16 3 2 1030 1 6 30 108906
16 3 2 1031 1 7 31 87023
16 3 2 1032 1 0 32 102156
16 3 2 1033 1 1 33 100268
16 3 2 1034 1 2 34 101249
16 3 2 1035 1 3 35 100108
16 3 2 1036 1 4 36 90650
16 3 2 1037 1 5 37 104807
16 3 2 1038 1 6 38 90861
16 3 2 1039 1 7 39 105489
16 3 2 1040 1 0 40 101548
16 3 2 1041 1 1 41 103572
16 3 2 1042 1 2 42 98656
16 3 2 1043 1 3 43 107629
16 3 2 1044 1 4 44 103300
16 3 2 1045 1 5 45 116512
16 3 2 1046 1 6 46 100569
16 3 2 1047 1 7 47 109404
16 3 2 1048 1 0 48 101256
16 3 2 1049 1 1 49 100680
16 3 2 1050 1 2 50 98101
16 3 2 1051 1 3 51 97798
16 3 2 1052 1 4 52 105603
16 3 2 1053 1 5 53 106531
16 3 2 1054 1 6 54 108456
16 3 2 1055 1 7 55 91790
16 3 2 1056 1 0 56 101208
16 3 2 1057 1 1 57 104032
16 3 2 1058 1 2 58 103056
16 3 2 1059 1 3 59 100421
16 3 2 1060 1 4 60 109586
16 3 2 1061 1 5 61 99069
16 3 2 1062 1 6 62 106905
16 3 2 1063 1 7 63 118383
16 3 2 1064 1 0 64 98694
16 3 2 1065 1 1 65 100627
16 3 2 1066 1 2 66 97019
16 3 2 1067 1 3 67 106558
16 3 2 1068 1 4 68 104776
16 3 2 1069 1 5 69 106690
16 3 2 1070 1 6 70 108162
16 3 2 1071 1 7 71 100592
16 3 2 1072 1 0 72 101253
16 3 2 1073 1 1 73 102271
16 3 2 1074 1 2 74 103188
16 3 2 1075 1 3 75 107436
16 3 2 1076 1 4 76 110334
16 3 2 1077 1 5 77 105104
16 3 2 1078 1 6 78 103047
16 3 2 1079 1 7 79 104365
16 3 2 1080 1 0 80 99027
16 3 2 1081 1 1 81 101388
16 3 2 1082 1 2 82 99552
16 3 2 1083 1 3 83 104471
16 3 2 1084 1 4 84 106303
16 3 2 1085 1 5 85 104220
16 3 2 1086 1 6 86 90087
16 3 2 1087 1 7 87 104346
16 3 2 1088 1 0 88 99982
16 3 2 1089 1 1 89 103031
16 3 2 1090 1 2 90 98201
16 3 2 1091 1 3 91 98626
16 3 2 1092 1 4 92 97485
16 3 2 1093 1 5 93 111966
16 3 2 1094 1 6 94 110395
16 3 2 1095 1 7 95 102349
16 3 2 1096 1 0 96 100863
16 3 2 1097 1 1 97 102075
16 3 2 1098 1 2 98 102360
16 3 2 1099 1 3 99 95070
16 3 2 1100 1 4 0 104160
16 3 2 1101 1 5 1 82746
16 3 2 1102 1 6 2 96675
16 3 2 1103 1 7 3 96307
16 3 2 1104 1 0 4 101023
16 3 2 1105 1 1 5 99300
16 3 2 1106 1 2 6 96650
16 3 2 1107 1 3 7 94507
16 3 2 1108 1 4 8 92860
16 3 2 1109 1 5 9 101257
16 3 2 1110 1 6 10 108496
16 3 2 1111 1 7 11 103340
16 3 2 1112 1 0 12 100096
16 3 2 1113 1 1 13 101764
16 3 2 1114 1 2 14 103222
16 3 2 1115 1 3 15 107878
16 3 2 1116 1 4 16 102554
16 3 2 1117 1 5 17 112544
16 3 2 1118 1 6 18 98528
16 3 2 1119 1 7 19 96715
16 3 2 1120 1 0 20 100128
16 3 2 1121 1 1 21 99521
16 3 2 1122 1 2 22 106077
16 3 2 1123 1 3 23 99073
16 3 2 1124 1 4 24 98856
16 3 2 1125 1 5 25 115595
16 3 2 1126 1 6 26 85298
16 3 2 1127 1 7 27 91994
16 3 2 1128 1 0 28 102321
16 3 2 1129 1 1 29 99548
16 3 2 1130 1 2 30 105194
16 3 2 1131 1 3 31 93372
16 3 2 1132 1 4 32 110519
16 3 2 1133 1 5 33 98342
16 3 2 1134 1 6 34 110071
16 3 2 1135 1 7 35 103521
16 3 2 1136 1 0 36 97644
16 3 2 1137 1 1 37 101859
16 3 2 1138 1 2 38 98542
16 3 2 1139 1 3 39 104356
16 3 2 1140 1 4 40 110862
16 3 2 1141 1 5 41 117128
16 3 2 1142 1 6 42 105206
16 3 2 1143 1 7 43 120502
16 3 2 1144 1 0 44 100654
16 3 2 1145 1 1 45 102820
16 3 2 1146 1 2 46 99761
16 3 2 1147 1 3 47 109032
16 3 2 1148 1 4 48 107933
16 3 2 1149 1 5 49 103368
16 3 2 1150 1 6 50 91402
16 3 2 1151 1 7 51 95043
16 3 2 1152 1 0 52 100800
16 3 2 1153 1 1 53 101766
16 3 2 1154 1 2 54 102725
16 3 2 1155 1 3 55 95735
16 3 2 1156 1 4 56 106206
16 3 2 1157 1 5 57 119719
16 3 2 1158 1 6 58 100943
16 3 2 1159 1 7 59 101712
16 3 2 1160 1 0 60 102530
16 3 2 1161 1 1 61 99668
16 3 2 1162 1 2 62 105857
16 3 2 1163 1 3 63 107122
16 3 2 1164 1 4 64 92273
16 3 2 1165 1 5 65 106049
16 3 2 1166 1 6 66 90624
16 3 2 1167 1 7 67 113530
16 3 2 1168 1 0 68 100950
16 3 2 1169 1 1 69 100500
16 3 2 1170 1 2 70 101427
16 3 2 1171 1 3 71 99713
16 3 2 1172 1 4 72 104114
16 3 2 1173 1 5 73 113755
16 3 2 1174 1 6 74 113835
16 3 2 1175 1 7 75 117209
16 3 2 1176 1 0 76 101502
16 3 2 1177 1 1 77 100403
16 3 2 1178 1 2 78 104388
16 3 2 1179 1 3 79 99775
16 3 2 1180 1 4 80 93079
16 3 2 1181 1 5 81 111323
16 3 2 1182 1 6 82 96105
16 3 2 1183 1 7 83 117323
16 3 2 1184 1 0 84 101104
16 3 2 1185 1 1 85 103056
16 3 2 1186 1 2 86 95859
16 3 2 1187 1 3 87 103779
16 3 2 1188 1 4 88 104201
16 3 2 1189 1 5 89 110730
16 3 2 1190 1 6 90 95456
16 3 2 1191 1 7 91 105923
16 3 2 1192 1 0 92 99704
16 3 2 1193 1 1 93 103329
16 3 2 1194 1 2 94 100980
16 3 2 1195 1 3 95 102612
16 3 2 1196 1 4 96 105876
16 3 2 1197 1 5 97 112495
16 3 2 1198 1 6 98 111285
16 3 2 1199 1 7 99 86441
16 3 3 900 1 4 0 110484
16 3 3 901 1 5 1 81299
16 3 3 902 1 6 2 91996
16 3 3 903 1 7 3 94512
16 3 3 904 1 0 4 99649
16 3 3 905 1 1 5 98237
16 3 3 906 1 2 6 97654
16 3 3 907 1 3 7 97661
16 3 3 908 1 4 8 94400
16 3 3 909 1 5 9 95808
16 3 3 910 1 6 10 114186
16 3 3 911 1 7 11 104261
16 3 3 912 1 0 12 99679
16 3 3 913 1 1 13 101780
16 3 3 914 1 2 14 101912
16 3 3 915 1 3 15 105520
16 3 3 916 1 4 16 98795
16 3 3 917 1 5 17 122631
16 3 3 918 1 6 18 108074
16 3 3 919 1 7 19 98934
16 3 3 920 1 0 20 100245
16 3 3 921 1 1 21 99353
16 3 3 922 1 2 22 107959
16 3 3 923 1 3 23 95861
16 3 3 924 1 4 24 105587
16 3 3 925 1 5 25 109475
16 3 3 926 1 6 26 92243
16 3 3 927 1 7 27 95342
16 3 3 928 1 0 28 102332
16 3 3 929 1 1 29 98183
16 3 3 930 1 2 30 108260
16 3 3 931 1 3 31 89345
16 3 3 932 1 4 32 111051
16 3 3 933 1 5 33 101270
16 3 3 934 1 6 34 118811
16 3 3 935 1 7 35 99666
16 3 3 936 1 0 36 98904
16 3 3 937 1 1 37 103894
16 3 3 938 1 2 38 98848
16 3 3 939 1 3 39 105554
16 3 3 940 1 4 40 112291
16 3 3 941 1 5 41 120319
16 3 3 942 1 6 42 115460
16 3 3 943 1 7 43 120034
16 3 3 944 1 0 44 101752
16 3 3 945 1 1 45 101032
16 3 3 946 1 2 46 103123
16 3 3 947 1 3 47 114194
16 3 3 948 1 4 48 115220
16 3 3 949 1 5 49 103326
16 3 3 950 1 6 50 97422
16 3 3 951 1 7 51 94402
16 3 3 952 1 0 52 102100
16 3 3 953 1 1 53 103578
16 3 3 954 1 2 54 103551
16 3 3 955 1 3 55 100273
16 3 3 956 1 4 56 111112
16 3 3 957 1 5 57 127174
16 3 3 958 1 6 58 105591
16 3 3 959 1 7 59 106171
16 3 3 960 1 0 60 103086
16 3 3 961 1 1 61 101566
16 3 3 962 1 2 62 104973
16 3 3 963 1 3 63 111961
16 3 3 964 1 4 64 95591
16 3 3 965 1 5 65 101345
16 3 3 966 1 6 66 99600
16 3 3 967 1 7 67 120770
16 3 3 968 1 0 68 102127
16 3 3 969 1 1 69 98642
16 3 3 970 1 2 70 99790
16 3 3 971 1 3 71 100188
16 3 3 972 1 4 72 101559
16 3 3 973 1 5 73 115434
16 3 3 974 1 6 74 110812
16 3 3 975 1 7 75 113496
16 3 3 976 1 0 76 102882
16 3 3 977 1 1 77 100943
16 3 3 978 1 2 78 103059
16 3 3 979 1 3 79 104532
16 3 3 980 1 4 80 99325
16 3 3 981 1 5 81 109528
16 3 3 982 1 6 82 107241
16 3 3 983 1 7 83 127777
16 3 3 984 1 0 84 102411
16 3 3 985 1 1 85 102093
16 3 3 986 1 2 86 94837
16 3 3 987 1 3 87 102535
16 3 3 988 1 4 88 101033
16 3 3 989 1 5 89 117153
16 3 3 990 1 6 90 89359
16 3 3 991 1 7 91 115553
16 3 3 992 1 0 92 100434
16 3 3 993 1 1 93 105330
16 3 3 994 1 2 94 101857
16 3 3 995 1 3 95 99678
16 3 3 996 1 4 96 99348
16 3 3 997 1 5 97 110883
16 3 3 998 1 6 98 113969
16 3 3 999 1 7 99 93971
16 3 3 1000 1 0 0 101951
16 3 3 1001 1 1 1 96343
16 3 3 1002 1 2 2 99569
16 3 3 1003 1 3 3 100634
16 3 3 1004 1 4 4 99195
16 3 3 1005 1 5 5 98347
16 3 3 1006 1 6 6 93751
16 3 3 1007 1 7 7 91732
16 3 3 1008 1 0 8 99099
16 3 3 1009 1 1 9 98642
16 3 3 1010 1 2 10 105565
16 3 3 1011 1 3 11 102708
16 3 3 1012 1 4 12 94055
16 3 3 1013 1 5 13 109433
16 3 3 1014 1 6 14 103056
16 3 3 1015 1 7 15 114495
16 3 3 1016 1 0 16 99531
16 3 3 1017 1 1 17 103394
16 3 3 1018 1 2 18 101394
16 3 3 1019 1 3 19 99390
16 3 3 1020 1 4 20 101455
16 3 3 1021 1 5 21 93480
16 3 3 1022 1 6 22 128358
16 3 3 1023 1 7 23 98736
16 3 3 1024 1 0 24 101611
16 3 3 1025 1 1 25 101912
16 3 3 1026 1 2 26 98833
16 3 3 1027 1 3 27 98634
16 3 3 1028 1 4 28 110115
16 3 3 1029 1 5 29 88206
16 3 3 1030 1 6 30 107851
16 3 3 1031 1 7 31 78651
16 3 3 1032 1 0 32 102207
16 3 3 1033 1 1 33 102078
16 3 3 1034 1 2 34 104612
16 3 3 1035 1 3 35 96251
16 3 3 1036 1 4 36 96830
16 3 3 1037 1 5 37 115515
16 3 3 1038 1 6 38 91811
16 3 3 1039 1 7 39 103488
16 3 3 1040 1 0 40 101882
16 3 3 1041 1 1 41 104481
16 3 3 1042 1 2 42 101080
16 3 3 1043 1 3 43 107087
16 3 3 1044 1 4 44 110155
16 3 3 1045 1 5 45 106215
16 3 3 1046 1 6 46 110324
16 3 3 1047 1 7 47 118409
16 3 3 1048 1 0 48 102600
16 3 3 1049 1 1 49 99070
16 3 3 1050 1 2 50 100005
16 3 3 1051 1 3 51 98232
16 3 3 1052 1 4 52 111598
16 3 3 1053 1 5 53 108743
16 3 3 1054 1 6 54 110905
16 3 3 1055 1 7 55 95658
16 3 3 1056 1 0 56 102179
16 3 3 1057 1 1 57 104659
16 3 3 1058 1 2 58 102451
16 3 3 1059 1 3 59 98349
16 3 3 1060 1 4 60 113081
16 3 3 1061 1 5 61 108534
16 3 3 1062 1 6 62 99373
16 3 3 1063 1 7 63 126196
16 3 3 1064 1 0 64 99343
16 3 3 1065 1 1 65 99522
16 3 3 1066 1 2 66 99827
16 3 3 1067 1 3 67 109321
16 3 3 1068 1 4 68 111201
16 3 3 1069 1 5 69 98319
16 3 3 1070 1 6 70 100433
16 3 3 1071 1 7 71 98022
16 3 3 1072 1 0 72 101005
16 3 3 1073 1 1 73 102342
16 3 3 1074 1 2 74 102267
16 3 3 1075 1 3 75 107899
16 3 3 1076 1 4 76 117820
16 3 3 1077 1 5 77 109384
16 3 3 1078 1 6 78 99192
16 3 3 1079 1 7 79 116233
16 3 3 1080 1 0 80 100347
16 3 3 1081 1 1 81 100671
16 3 3 1082 1 2 82 102945
16 3 3 1083 1 3 83 109308
16 3 3 1084 1 4 84 113367
16 3 3 1085 1 5 85 103472
16 3 3 1086 1 6 86 85442
16 3 3 1087 1 7 87 98730
16 3 3 1088 1 0 88 99424
16 3 3 1089 1 1 89 104800
16 3 3 1090 1 2 90 96071
16 3 3 1091 1 3 91 103277
16 3 3 1092 1 4 92 102291
16 3 3 1093 1 5 93 121221
16 3 3 1094 1 6 94 110350
16 3 3 1095 1 7 95 100525
16 3 3 1096 1 0 96 99680
16 3 3 1097 1 1 97 101573
16 3 3 1098 1 2 98 99118
16 3 3 1099 1 3 99 99312
16 3 3 1100 1 4 0 110484
16 3 3 1101 1 5 1 81299
16 3 3 1102 1 6 2 91996
16 3 3 1103 1 7 3 94512
16 3 3 1104 1 0 4 99649
16 3 3 1105 1 1 5 98237
16 3 3 1106 1 2 6 97654
16 3 3 1107 1 3 7 97661
16 3 3 1108 1 4 8 94400
16 3 3 1109 1 5 9 95808
16 3 3 1110 1 6 10 114186
16 3 3 1111 1 7 11 104261
16 3 3 1112 1 0 12 99679
16 3 3 1113 1 1 13 101780
16 3 3 1114 1 2 14 101912
16 3 3 1115 1 3 15 105520
16 3 3 1116 1 4 16 98795
16 3 3 1117 1 5 17 122631
16 3 3 1118 1 6 18 108074
16 3 3 1119 1 7 19 98934
16 3 3 1120 1 0 20 100245
16 3 3 1121 1 1 21 99353
16 3 3 1122 1 2 22 107959
16 3 3 1123 1 3 23 95861
16 3 3 1124 1 4 24 105587
16 3 3 1125 1 5 25 109475
16 3 3 1126 1 6 26 92243
16 3 3 1127 1 7 27 95342
16 3 3 1128 1 0 28 102332
16 3 3 1129 1 1 29 98183
16 3 3 1130 1 2 30 108260
16 3 3 1131 1 3 31 89345
16 3 3 1132 1 4 32 111051
16 3 3 1133 1 5 33 101270
16 3 3 1134 1 6 34 118811
16 3 3 1135 1 7 35 99666
16 3 3 1136 1 0 36 98904
16 3 3 1137 1 1 37 103894
16 3 3 1138 1 2 38 98848
16 3 3 1139 1 3 39 105554
16 3 3 1140 1 4 40 112291
16 3 3 1141 1 5 41 120319
16 3 3 1142 1 6 42 115460
16 3 3 1143 1 7 43 120034
16 3 3 1144 1 0 44 101752
16 3 3 1145 1 1 45 101032
16 3 3 1146 1 2 46 103123
16 3 3 1147 1 3 47 114194
16 3 3 1148 1 4 48 115220
16 3 3 1149 1 5 49 103326
16 3 3 1150 1 6 50 97422
16 3 3 1151 1 7 51 94402
16 3 3 1152 1 0 52 102100
16 3 3 1153 1 1 53 103578
16 3 3 1154 1 2 54 103551
16 3 3 1155 1 3 55 100273
16 3 3 1156 1 4 56 111112
16 3 3 1157 1 5 57 127174
16 3 3 1158 1 6 58 105591
16 3 3 1159 1 7 59 106171
16 3 3 1160 1 0 60 103086
16 3 3 1161 1 1 61 101566
16 3 3 1162 1 2 62 104973
16 3 3 1163 1 3 63 111961
16 3 3 1164 1 4 64 95591
16 3 3 1165 1 5 65 101345
16 3 3 1166 1 6 66 99600
16 3 3 1167 1 7 67 120770
16 3 3 1168 1 0 68 102127
16 3 3 1169 1 1 69 98642
16 3 3 1170 1 2 70 99790
16 3 3 1171 1 3 71 100188
16 3 3 1172 1 4 72 101559
16 3 3 1173 1 5 73 115434
16 3 3 1174 1 6 74 110812
16 3 3 1175 1 7 75 113496
16 3 3 1176 1 0 76 102882
16 3 3 1177 1 1 77 100943
16 3 3 1178 1 2 78 103059
16 3 3 1179 1 3 79 104532
16 3 3 1180 1 4 80 99325
16 3 3 1181 1 5 81 109528
16 3 3 1182 1 6 82 107241
16 3 3 1183 1 7 83 127777
16 3 3 1184 1 0 84 102411
16 3 3 1185 1 1 85 102093
16 3 3 1186 1 2 86 94837
16 3 3 1187 1 3 87 102535
16 3 3 1188 1 4 88 101033
16 3 3 1189 1 5 89 117153
16 3 3 1190 1 6 90 89359
16 3 3 1191 1 7 91 115553
16 3 3 1192 1 0 92 100434
16 3 3 1193 1 1 93 105330
16 3 3 1194 1 2 94 101857
16 3 3 1195 1 3 95 99678
16 3 3 1196 1 4 96 99348
16 3 3 1197 1 5 97 110883
16 3 3 1198 1 6 98 113969
16 3 3 1199 1 7 99 93971
16 3 4 900 1 4 0 105963
16 3 4 901 1 5 1 83027
16 3 4 902 1 6 2 83136
16 3 4 903 1 7 3 94283
16 3 4 904 1 0 4 100697
16 3 4 905 1 1 5 96371
16 3 4 906 1 2 6 96556
16 3 4 907 1 3 7 97098
16 3 4 908 1 4 8 99647
16 3 4 909 1 5 9 104314
16 3 4 910 1 6 10 117790
16 3 4 911 1 7 11 97885
16 3 4 912 1 0 12 100566
16 3 4 913 1 1 13 102417
16 3 4 914 1 2 14 104206
16 3 4 915 1 3 15 110533
16 3 4 916 1 4 16 104073
16 3 4 917 1 5 17 129841
16 3 4 918 1 6 18 114646
16 3 4 919 1 7 19 106952
16 3 4 920 1 0 20 101373
16 3 4 921 1 1 21 101328
16 3 4 922 1 2 22 110337
16 3 4 923 1 3 23 92994
16 3 4 924 1 4 24 105305
16 3 4 925 1 5 25 118858
16 3 4 926 1 6 26 101133
16 3 4 927 1 7 27 99842
16 3 4 928 1 0 28 101620
16 3 4 929 1 1 29 99759
16 3 4 930 1 2 30 106376
16 3 4 931 1 3 31 92236
16 3 4 932 1 4 32 115935
16 3 4 933 1 5 33 101006
16 3 4 934 1 6 34 130188
16 3 4 935 1 7 35 99171
16 3 4 936 1 0 36 99168
16 3 4 937 1 1 37 105014
16 3 4 938 1 2 38 99765
16 3 4 939 1 3 39 109001
16 3 4 940 1 4 40 112082
16 3 4 941 1 5 41 113872
16 3 4 942 1 6 42 117043
16 3 4 943 1 7 43 107226
16 3 4 944 1 0 44 101740
16 3 4 945 1 1 45 101135
16 3 4 946 1 2 46 102710
16 3 4 947 1 3 47 110953
16 3 4 948 1 4 48 112018
16 3 4 949 1 5 49 108185
16 3 4 950 1 6 50 90161
16 3 4 951 1 7 51 92790
16 3 4 952 1 0 52 102260
16 3 4 953 1 1 53 102598
16 3 4 954 1 2 54 105870
16 3 4 955 1 3 55 105049
16 3 4 956 1 4 56 107464
16 3 4 957 1 5 57 126795
16 3 4 958 1 6 58 104311
16 3 4 959 1 7 59 113130
16 3 4 960 1 0 60 104491
16 3 4 961 1 1 61 99652
16 3 4 962 1 2 62 106708
16 3 4 963 1 3 63 113635
16 3 4 964 1 4 64 101375
16 3 4 965 1 5 65 105595
16 3 4 966 1 6 66 101008
16 3 4 967 1 7 67 130022
16 3 4 968 1 0 68 102089
16 3 4 969 1 1 69 97635
16 3 4 970 1 2 70 103195
16 3 4 971 1 3 71 97188
16 3 4 972 1 4 72 101875
16 3 4 973 1 5 73 120720
16 3 4 974 1 6 74 123690
16 3 4 975 1 7 75 125596
16 3 4 976 1 0 76 103646
16 3 4 977 1 1 77 101041
16 3 4 978 1 2 78 106496
16 3 4 979 1 3 79 109473
16 3 4 980 1 4 80 99611
16 3 4 981 1 5 81 120773
16 3 4 982 1 6 82 111598
16 3 4 983 1 7 83 122860
16 3 4 984 1 0 84 102357
16 3 4 985 1 1 85 102026
16 3 4 986 1 2 86 93182
16 3 4 987 1 3 87 101796
16 3 4 988 1 4 88 107421
16 3 4 989 1 5 89 127301
16 3 4 990 1 6 90 85478
16 3 4 991 1 7 91 119558
16 3 4 992 1 0 92 101168
16 3 4 993 1 1 93 103841
16 3 4 994 1 2 94 103143
16 3 4 995 1 3 95 102163
16 3 4 996 1 4 96 102943
16 3 4 997 1 5 97 112348
16 3 4 998 1 6 98 115221
16 3 4 999 1 7 99 95847
16 3 4 1000 1 0 0 101143
16 3 4 1001 1 1 1 96429
16 3 4 1002 1 2 2 96349
16 3 4 1003 1 3 3 104135
16 3 4 1004 1 4 4 104438
16 3 4 1005 1 5 5 97136
16 3 4 1006 1 6 6 89716
16 3 4 1007 1 7 7 90480
16 3 4 1008 1 0 8 100062
16 3 4 1009 1 1 9 100193
16 3 4 1010 1 2 10 109136
16 3 4 1011 1 3 11 98333
16 3 4 1012 1 4 12 99124
16 3 4 1013 1 5 13 113398
16 3 4 1014 1 6 14 105868
16 3 4 1015 1 7 15 120088
16 3 4 1016 1 0 16 100781
16 3 4 1017 1 1 17 104539
16 3 4 1018 1 2 18 103244
16 3 4 1019 1 3 19 104104
16 3 4 1020 1 4 20 104266
16 3 4 1021 1 5 21 94468
16 3 4 1022 1 6 22 136296
16 3 4 1023 1 7 23 87247
16 3 4 1024 1 0 24 101509
16 3 4 1025 1 1 25 103621
16 3 4 1026 1 2 26 102100
16 3 4 1027 1 3 27 100849
16 3 4 1028 1 4 28 106210
16 3 4 1029 1 5 29 92645
16 3 4 1030 1 6 30 102053
16 3 4 1031 1 7 31 79870
16 3 4 1032 1 0 32 103067
16 3 4 1033 1 1 33 103395
16 3 4 1034 1 2 34 106560
16 3 4 1035 1 3 35 99896
16 3 4 1036 1 4 36 97906
16 3 4 1037 1 5 37 121941
16 3 4 1038 1 6 38 89861
16 3 4 1039 1 7 39 112385
16 3 4 1040 1 0 40 101754
16 3 4 1041 1 1 41 103353
16 3 4 1042 1 2 42 101254
16 3 4 1043 1 3 43 102879
16 3 4 1044 1 4 44 110191
16 3 4 1045 1 5 45 106899
16 3 4 1046 1 6 46 114307
16 3 4 1047 1 7 47 111280
16 3 4 1048 1 0 48 102147
16 3 4 1049 1 1 49 99628
16 3 4 1050 1 2 50 96820
16 3 4 1051 1 3 51 98163
16 3 4 1052 1 4 52 112848
16 3 4 1053 1 5 53 105850
16 3 4 1054 1 6 54 119673
16 3 4 1055 1 7 55 108208
16 3 4 1056 1 0 56 101465
16 3 4 1057 1 1 57 104564
16 3 4 1058 1 2 58 100836
16 3 4 1059 1 3 59 98115
16 3 4 1060 1 4 60 120454
16 3 4 1061 1 5 61 104538
16 3 4 1062 1 6 62 106385
16 3 4 1063 1 7 63 136558
16 3 4 1064 1 0 64 100516
16 3 4 1065 1 1 65 100562
16 3 4 1066 1 2 66 99907
16 3 4 1067 1 3 67 114436
16 3 4 1068 1 4 68 112344
16 3 4 1069 1 5 69 97204
16 3 4 1070 1 6 70 112062
16 3 4 1071 1 7 71 97052
16 3 4 1072 1 0 72 101085
16 3 4 1073 1 1 73 103505
16 3 4 1074 1 2 74 105715
16 3 4 1075 1 3 75 111251
16 3 4 1076 1 4 76 121875
16 3 4 1077 1 5 77 111507
16 3 4 1078 1 6 78 107208
16 3 4 1079 1 7 79 122167
16 3 4 1080 1 0 80 100411
16 3 4 1081 1 1 81 102731
16 3 4 1082 1 2 82 104840
16 3 4 1083 1 3 83 106575
16 3 4 1084 1 4 84 111261
16 3 4 1085 1 5 85 101366
16 3 4 1086 1 6 86 81639
16 3 4 1087 1 7 87 94765
16 3 4 1088 1 0 88 100750
16 3 4 1089 1 1 89 106882
16 3 4 1090 1 2 90 94799
16 3 4 1091 1 3 91 106426
16 3 4 1092 1 4 92 106064
16 3 4 1093 1 5 93 119987
16 3 4 1094 1 6 94 116876
16 3 4 1095 1 7 95 99422
16 3 4 1096 1 0 96 100337
16 3 4 1097 1 1 97 102769
16 3 4 1098 1 2 98 97539
16 3 4 1099 1 3 99 96653
16 3 4 1100 1 4 0 105963
16 3 4 1101 1 5 1 83027
16 3 4 1102 1 6 2 83136
16 3 4 1103 1 7 3 94283
16 3 4 1104 1 0 4 100697
16 3 4 1105 1 1 5 96371
16 3 4 1106 1 2 6 96556
16 3 4 1107 1 3 7 97098
16 3 4 1108 1 4 8 99647
16 3 4 1109 1 5 9 104314
16 3 4 1110 1 6 10 117790
16 3 4 1111 1 7 11 97885
16 3 4 1112 1 0 12 100566
16 3 4 1113 1 1 13 102417
16 3 4 1114 1 2 14 104206
16 3 4 1115 1 3 15 110533
16 3 4 1116 1 4 16 104073
16 3 4 1117 1 5 17 129841
16 3 4 1118 1 6 18 114646
16 3 4 1119 1 7 19 106952
16 3 4 1120 1 0 20 101373
16 3 4 1121 1 1 21 101328
16 3 4 1122 1 2 22 110337
16 3 4 1123 1 3 23 92994
16 3 4 1124 1 4 24 105305
16 3 4 1125 1 5 25 118858
16 3 4 1126 1 6 26 101133
16 3 4 1127 1 7 27 99842
16 3 4 1128 1 0 28 101620
16 3 4 1129 1 1 29 99759
16 3 4 1130 1 2 30 106376
16 3 4 1131 1 3 31 92236
16 3 4 1132 1 4 32 115935
16 3 4 1133 1 5 33 101006
16 3 4 1134 1 6 34 130188
16 3 4 1135 1 7 35 99171
16 3 4 1136 1 0 36 99168
16 3 4 1137 1 1 37 105014
16 3 4 1138 1 2 38 99765
16 3 4 1139 1 3 39 109001
16 3 4 1140 1 4 40 112082
16 3 4 1141 1 5 41 113872
16 3 4 1142 1 6 42 117043
16 3 4 1143 1 7 43 107226
16 3 4 1144 1 0 44 101740
16 3 4 1145 1 1 45 101135
16 3 4 1146 1 2 46 102710
16 3 4 1147 1 3 47 110953
16 3 4 1148 1 4 48 112018
16 3 4 1149 1 5 49 108185
16 3 4 1150 1 6 50 90161
16 3 4 1151 1 7 51 92790
16 3 4 1152 1 0 52 102260
16 3 4 1153 1 1 53 102598
16 3 4 1154 1 2 54 105870
16 3 4 1155 1 3 55 105049
16 3 4 1156 1 4 56 107464
16 3 4 1157 1 5 57 126795
16 3 4 1158 1 6 58 104311
16 3 4 1159 1 7 59 113130
16 3 4 1160 1 0 60 104491
16 3 4 1161 1 1 61 99652
16 3 4 1162 1 2 62 106708
16 3 4 1163 1 3 63 113635
16 3 4 1164 1 4 64 101375
16 3 4 1165 1 5 65 105595
16 3 4 1166 1 6 66 101008
16 3 4 1167 1 7 67 130022
16 3 4 1168 1 0 68 102089
16 3 4 1169 1 1 69 97635
16 3 4 1170 1 2 70 103195
16 3 4 1171 1 3 71 97188
16 3 4 1172 1 4 72 101875
16 3 4 1173 1 5 73 120720
16 3 4 1174 1 6 74 123690
16 3 4 1175 1 7 75 125596
16 3 4 1176 1 0 76 103646
16 3 4 1177 1 1 77 101041
16 3 4 1178 1 2 78 106496
16 3 4 1179 1 3 79 109473
16 3 4 1180 1 4 80 99611
16 3 4 1181 1 5 81 120773
16 3 4 1182 1 6 82 111598
16 3 4 1183 1 7 83 122860
16 3 4 1184 1 0 84 102357
16 3 4 1185 1 1 85 102026
16 3 4 1186 1 2 86 93182
16 3 4 1187 1 3 87 101796
16 3 4 1188 1 4 88 107421
16 3 4 1189 1 5 89 127301
16 3 4 1190 1 6 90 85478
16 3 4 1191 1 7 91 119558
16 3 4 1192 1 0 92 101168
16 3 4 1193 1 1 93 103841
16 3 4 1194 1 2 94 103143
16 3 4 1195 1 3 95 102163
16 3 4 1196 1 4 96 102943
16 3 4 1197 1 5 97 112348
16 3 4 1198 1 6 98 115221
16 3 4 1199 1 7 99 95847
16 3 5 900 1 4 0 112879
16 3 5 901 1 5 1 91338
16 3 5 902 1 6 2 80903
16 3 5 903 1 7 3 96515
16 3 5 904 1 0 4 100448
16 3 5 905 1 1 5 96523
16 3 5 906 1 2 6 93490
16 3 5 907 1 3 7 97516
16 3 5 908 1 4 8 102692
16 3 5 909 1 5 9 110300
16 3 5 910 1 6 10 122667
16 3 5 911 1 7 11 105240
16 3 5 912 1 0 12 99382
16 3 5 913 1 1 13 100434
16 3 5 914 1 2 14 104797
16 3 5 915 1 3 15 112377
16 3 5 916 1 4 16 104113
16 3 5 917 1 5 17 128788
16 3 5 918 1 6 18 113420
16 3 5 919 1 7 19 107477
16 3 5 920 1 0 20 102117
16 3 5 921 1 1 21 101176
16 3 5 922 1 2 22 109726
16 3 5 923 1 3 23 92592
16 3 5 924 1 4 24 98111
16 3 5 925 1 5 25 120994
16 3 5 926 1 6 26 101761
16 3 5 927 1 7 27 99831
16 3 5 928 1 0 28 102997
16 3 5 929 1 1 29 101593
16 3 5 930 1 2 30 106806
16 3 5 931 1 3 31 95733
16 3 5 932 1 4 32 118673
16 3 5 933 1 5 33 111205
16 3 5 934 1 6 34 130460
16 3 5 935 1 7 35 99007
16 3 5 936 1 0 36 98234
16 3 5 937 1 1 37 102938
16 3 5 938 1 2 38 99450
16 3 5 939 1 3 39 109437
16 3 5 940 1 4 40 108422
16 3 5 941 1 5 41 118184
16 3 5 942 1 6 42 127850
16 3 5 943 1 7 43 108907
16 3 5 944 1 0 44 101635
16 3 5 945 1 1 45 103061
16 3 5 946 1 2 46 101027
16 3 5 947 1 3 47 115655
16 3 5 948 1 4 48 116275
16 3 5 949 1 5 49 106217
16 3 5 950 1 6 50 97594
16 3 5 951 1 7 51 94062
16 3 5 952 1 0 52 103476
16 3 5 953 1 1 53 104696
16 3 5 954 1 2 54 106171
16 3 5 955 1 3 55 110018
16 3 5 956 1 4 56 104356
16 3 5 957 1 5 57 131623
16 3 5 958 1 6 58 110339
16 3 5 959 1 7 59 120599
16 3 5 960 1 0 60 104459
16 3 5 961 1 1 61 99793
16 3 5 962 1 2 62 107175
16 3 5 963 1 3 63 114308
16 3 5 964 1 4 64 108253
16 3 5 965 1 5 65 94877
16 3 5 966 1 6 66 104865
16 3 5 967 1 7 67 132343
16 3 5 968 1 0 68 102220
16 3 5 969 1 1 69 99591
16 3 5 970 1 2 70 102901
16 3 5 971 1 3 71 97604
16 3 5 972 1 4 72 102395
16 3 5 973 1 5 73 131833
16 3 5 974 1 6 74 116308
16 3 5 975 1 7 75 135624
16 3 5 976 1 0 76 105017
16 3 5 977 1 1 77 102879
16 3 5 978 1 2 78 106864
16 3 5 979 1 3 79 112068
16 3 5 980 1 4 80 99696
16 3 5 981 1 5 81 132181
16 3 5 982 1 6 82 105939
16 3 5 983 1 7 83 119367
16 3 5 984 1 0 84 103706
16 3 5 985 1 1 85 103829
16 3 5 986 1 2 86 93661
16 3 5 987 1 3 87 102190
16 3 5 988 1 4 88 108018
16 3 5 989 1 5 89 118335
16 3 5 990 1 6 90 84622
16 3 5 991 1 7 91 116894
16 3 5 992 1 0 92 101846
16 3 5 993 1 1 93 103689
16 3 5 994 1 2 94 100000
16 3 5 995 1 3 95 106977
16 3 5 996 1 4 96 101520
16 3 5 997 1 5 97 121566
16 3 5 998 1 6 98 124471
16 3 5 999 1 7 99 99818
16 3 5 1000 1 0 0 102149
16 3 5 1001 1 1 1 98333
16 3 5 1002 1 2 2 96795
16 3 5 1003 1 3 3 105145
16 3 5 1004 1 4 4 102663
16 3 5 1005 1 5 5 97886
16 3 5 1006 1 6 6 87658
16 3 5 1007 1 7 7 91092
16 3 5 1008 1 0 8 101297
16 3 5 1009 1 1 9 102144
16 3 5 1010 1 2 10 112800
16 3 5 1011 1 3 11 101046
16 3 5 1012 1 4 12 92738
16 3 5 1013 1 5 13 114840
16 3 5 1014 1 6 14 111644
16 3 5 1015 1 7 15 131532
16 3 5 1016 1 0 16 100675
16 3 5 1017 1 1 17 104633
16 3 5 1018 1 2 18 102922
16 3 5 1019 1 3 19 109072
16 3 5 1020 1 4 20 108017
16 3 5 1021 1 5 21 93664
16 3 5 1022 1 6 22 126362
16 3 5 1023 1 7 23 91704
16 3 5 1024 1 0 24 100287
16 3 5 1025 1 1 25 103813
16 3 5 1026 1 2 26 101338
16 3 5 1027 1 3 27 101259
16 3 5 1028 1 4 28 109638
16 3 5 1029 1 5 29 101161
16 3 5 1030 1 6 30 98198
16 3 5 1031 1 7 31 88630
16 3 5 1032 1 0 32 103541
16 3 5 1033 1 1 33 105493
16 3 5 1034 1 2 34 110160
16 3 5 1035 1 3 35 99506
16 3 5 1036 1 4 36 92142
16 3 5 1037 1 5 37 114012
16 3 5 1038 1 6 38 89521
16 3 5 1039 1 7 39 119708
16 3 5 1040 1 0 40 101097
16 3 5 1041 1 1 41 103868
16 3 5 1042 1 2 42 104596
16 3 5 1043 1 3 43 101841
16 3 5 1044 1 4 44 109513
16 3 5 1045 1 5 45 117161
16 3 5 1046 1 6 46 107737
16 3 5 1047 1 7 47 117645
16 3 5 1048 1 0 48 103245
16 3 5 1049 1 1 49 99421
16 3 5 1050 1 2 50 99374
16 3 5 1051 1 3 51 96799
16 3 5 1052 1 4 52 118886
16 3 5 1053 1 5 53 115014
16 3 5 1054 1 6 54 123665
16 3 5 1055 1 7 55 110325
16 3 5 1056 1 0 56 100899
16 3 5 1057 1 1 57 106580
16 3 5 1058 1 2 58 102559
16 3 5 1059 1 3 59 102288
16 3 5 1060 1 4 60 123055
16 3 5 1061 1 5 61 105844
16 3 5 1062 1 6 62 112852
16 3 5 1063 1 7 63 133442
16 3 5 1064 1 0 64 101864
16 3 5 1065 1 1 65 98556
16 3 5 1066 1 2 66 99419
16 3 5 1067 1 3 67 115140
16 3 5 1068 1 4 68 112986
16 3 5 1069 1 5 69 106941
16 3 5 1070 1 6 70 111748
16 3 5 1071 1 7 71 95692
16 3 5 1072 1 0 72 101224
16 3 5 1073 1 1 73 105167
16 3 5 1074 1 2 74 105688
16 3 5 1075 1 3 75 113911
16 3 5 1076 1 4 76 130088
16 3 5 1077 1 5 77 113871
16 3 5 1078 1 6 78 108318
16 3 5 1079 1 7 79 123321
16 3 5 1080 1 0 80 100349
16 3 5 1081 1 1 81 104694
16 3 5 1082 1 2 82 103184
16 3 5 1083 1 3 83 110596
16 3 5 1084 1 4 84 118771
16 3 5 1085 1 5 85 108544
16 3 5 1086 1 6 86 80537
16 3 5 1087 1 7 87 95883
16 3 5 1088 1 0 88 100860
16 3 5 1089 1 1 89 105820
16 3 5 1090 1 2 90 92866
16 3 5 1091 1 3 91 104013
16 3 5 1092 1 4 92 109674
16 3 5 1093 1 5 93 118953
16 3 5 1094 1 6 94 119700
16 3 5 1095 1 7 95 112874
16 3 5 1096 1 0 96 100227
16 3 5 1097 1 1 97 104631
16 3 5 1098 1 2 98 99250
16 3 5 1099 1 3 99 101088
16 3 5 1100 1 4 0 112879
16 3 5 1101 1 5 1 91338
16 3 5 1102 1 6 2 80903
16 3 5 1103 1 7 3 96515
16 3 5 1104 1 0 4 100448
16 3 5 1105 1 1 5 96523
16 3 5 1106 1 2 6 93490
16 3 5 1107 1 3 7 97516
16 3 5 1108 1 4 8 102692
16 3 5 1109 1 5 9 110300
16 3 5 1110 1 6 10 122667
16 3 5 1111 1 7 11 105240
16 3 5 1112 1 0 12 99382
16 3 5 1113 1 1 13 100434
16 3 5 1114 1 2 14 104797
16 3 5 1115 1 3 15 112377
16 3 5 1116 1 4 16 104113
16 3 5 1117 1 5 17 128788
16 3 5 1118 1 6 18 113420
16 3 5 1119 1 7 19 107477
16 3 5 1120 1 0 20 102117
16 3 5 1121 1 1 21 101176
16 3 5 1122 1 2 22 109726
16 3 5 1123 1 3 23 92592
16 3 5 1124 1 4 24 98111
16 3 5 1125 1 5 25 120994
16 3 5 1126 1 6 26 101761
16 3 5 1127 1 7 27 99831
16 3 5 1128 1 0 28 102997
16 3 5 1129 1 1 29 101593
16 3 5 1130 1 2 30 106806
16 3 5 1131 1 3 31 95733
16 3 5 1132 1 4 32 118673
16 3 5 1133 1 5 33 111205
16 3 5 1134 1 6 34 130460
16 3 5 1135 1 7 35 99007
16 3 5 1136 1 0 36 98234
16 3 5 1137 1 1 37 102938
16 3 5 1138 1 2 38 99450
16 3 5 1139 1 3 39 109437
16 3 5 1140 1 4 40 108422
16 3 5 1141 1 5 41 118184
16 3 5 1142 1 6 42 127850
16 3 5 1143 1 7 43 108907
16 3 5 1144 1 0 44 101635
16 3 5 1145 1 1 45 103061
16 3 5 1146 1 2 46 101027
16 3 5 1147 1 3 47 115655
16 3 5 1148 1 4 48 116275
16 3 5 1149 1 5 49 106217
16 3 5 1150 1 6 50 97594
16 3 5 1151 1 7 51 94062
16 3 5 1152 1 0 52 103476
16 3 5 1153 1 1 53 104696
16 3 5 1154 1 2 54 106171
16 3 5 1155 1 3 55 110018
16 3 5 1156 1 4 56 104356
16 3 5 1157 1 5 57 131623
16 3 5 1158 1 6 58 110339
16 3 5 1159 1 7 59 120599
16 3 5 1160 1 0 60 104459
16 3 5 1161 1 1 61 99793
16 3 5 1162 1 2 62 107175
16 3 5 1163 1 3 63 114308
16 3 5 1164 1 4 64 108253
16 3 5 1165 1 5 65 94877
16 3 5 1166 1 6 66 104865
16 3 5 1167 1 7 67 132343
16 3 5 1168 1 0 68 102220
16 3 5 1169 1 1 69 99591
16 3 5 1170 1 2 70 102901
16 3 5 1171 1 3 71 97604
16 3 5 1172 1 4 72 102395
16 3 5 1173 1 5 73 131833
16 3 5 1174 1 6 74 116308
16 3 5 1175 1 7 75 135624
16 3 5 1176 1 0 76 105017
16 3 5 1177 1 1 77 102879
16 3 5 1178 1 2 78 106864
16 3 5 1179 1 3 79 112068
16 3 5 1180 1 4 80 99696
16 3 5 1181 1 5 81 132181
16 3 5 1182 1 6 82 105939
16 3 5 1183 1 7 83 119367
16 3 5 1184 1 0 84 103706
16 3 5 1185 1 1 85 103829
16 3 5 1186 1 2 86 93661
16 3 5 1187 1 3 87 102190
16 3 5 1188 1 4 88 108018
16 3 5 1189 1 5 89 118335
16 3 5 1190 1 6 90 84622
16 3 5 1191 1 7 91 116894
16 3 5 1192 1 0 92 101846
16 3 5 1193 1 1 93 103689
16 3 5 1194 1 2 94 100000
16 3 5 1195 1 3 95 106977
16 3 5 1196 1 4 96 101520
16 3 5 1197 1 5 97 121566
16 3 5 1198 1 6 98 124471
16 3 5 1199 1 7 99 99818
