16 9 1 2700 3 4 0 103126
16 9 1 2701 3 5 1 104343
16 9 1 2702 3 6 2 104926
16 9 1 2703 3 7 3 103008
16 9 1 2704 3 0 4 101315
16 9 1 2705 3 1 5 101422
16 9 1 2706 3 2 6 99107
16 9 1 2707 3 3 7 100750
16 9 1 2708 3 4 8 104141
16 9 1 2709 3 5 9 106537
16 9 1 2710 3 6 10 95700
16 9 1 2711 3 7 11 113503
16 9 1 2712 3 0 12 99132
16 9 1 2713 3 1 13 99474
16 9 1 2714 3 2 14 103009
16 9 1 2715 3 3 15 103000
16 9 1 2716 3 4 16 105116
16 9 1 2717 3 5 17 108946
16 9 1 2718 3 6 18 95993
16 9 1 2719 3 7 19 93039
16 9 1 2720 3 0 20 99435
16 9 1 2721 3 1 21 99300
16 9 1 2722 3 2 22 100695
16 9 1 2723 3 3 23 104721
16 9 1 2724 3 4 24 102157
16 9 1 2725 3 5 25 109983
16 9 1 2726 3 6 26 99240
16 9 1 2727 3 7 27 89442
16 9 1 2728 3 0 28 101296
16 9 1 2729 3 1 29 101701
16 9 1 2730 3 2 30 103385
16 9 1 2731 3 3 31 104696
16 9 1 2732 3 4 32 101894
16 9 1 2733 3 5 33 95527
16 9 1 2734 3 6 34 109309
16 9 1 2735 3 7 35 105377
16 9 1 2736 3 0 36 101344
16 9 1 2737 3 1 37 101670
16 9 1 2738 3 2 38 103328
16 9 1 2739 3 3 39 103359
16 9 1 2740 3 4 40 98153
16 9 1 2741 3 5 41 109996
16 9 1 2742 3 6 42 94538
16 9 1 2743 3 7 43 104660
16 9 1 2744 3 0 44 98710
16 9 1 2745 3 1 45 100496
16 9 1 2746 3 2 46 103299
16 9 1 2747 3 3 47 102870
16 9 1 2748 3 4 48 106400
16 9 1 2749 3 5 49 102146
16 9 1 2750 3 6 50 98314
16 9 1 2751 3 7 51 101427
16 9 1 2752 3 0 52 101329
16 9 1 2753 3 1 53 99387
16 9 1 2754 3 2 54 99296
16 9 1 2755 3 3 55 99713
16 9 1 2756 3 4 56 104836
16 9 1 2757 3 5 57 106155
16 9 1 2758 3 6 58 99989
16 9 1 2759 3 7 59 109448
16 9 1 2760 3 0 60 100914
16 9 1 2761 3 1 61 98544
16 9 1 2762 3 2 62 102769
16 9 1 2763 3 3 63 104680
16 9 1 2764 3 4 64 98353
16 9 1 2765 3 5 65 102048
16 9 1 2766 3 6 66 91484
16 9 1 2767 3 7 67 103028
16 9 1 2768 3 0 68 99476
16 9 1 2769 3 1 69 101995
16 9 1 2770 3 2 70 100789
16 9 1 2771 3 3 71 100445
16 9 1 2772 3 4 72 104871
16 9 1 2773 3 5 73 103536
16 9 1 2774 3 6 74 111331
16 9 1 2775 3 7 75 103036
16 9 1 2776 3 0 76 100068
16 9 1 2777 3 1 77 98244
16 9 1 2778 3 2 78 101123
16 9 1 2779 3 3 79 104750
16 9 1 2780 3 4 80 106720
16 9 1 2781 3 5 81 101105
16 9 1 2782 3 6 82 103895
16 9 1 2783 3 7 83 103526
16 9 1 2784 3 0 84 100216
16 9 1 2785 3 1 85 99385
16 9 1 2786 3 2 86 100187
16 9 1 2787 3 3 87 103750
16 9 1 2788 3 4 88 93688
16 9 1 2789 3 5 89 97430
16 9 1 2790 3 6 90 100240
16 9 1 2791 3 7 91 111973
16 9 1 2792 3 0 92 100630
16 9 1 2793 3 1 93 102029
16 9 1 2794 3 2 94 99078
16 9 1 2795 3 3 95 104750
16 9 1 2796 3 4 96 97337
16 9 1 2797 3 5 97 99784
16 9 1 2798 3 6 98 95271
16 9 1 2799 3 7 99 94699
16 9 1 2800 3 0 0 100584
16 9 1 2801 3 1 1 100030
16 9 1 2802 3 2 2 101480
16 9 1 2803 3 3 3 97395
16 9 1 2804 3 4 4 106763
16 9 1 2805 3 5 5 106845
16 9 1 2806 3 6 6 91966
16 9 1 2807 3 7 7 97381
16 9 1 2808 3 0 8 100876
16 9 1 2809 3 1 9 101637
16 9 1 2810 3 2 10 97511
16 9 1 2811 3 3 11 104632
16 9 1 2812 3 4 12 99679
16 9 1 2813 3 5 13 101466
16 9 1 2814 3 6 14 104156
16 9 1 2815 3 7 15 97701
16 9 1 2816 3 0 16 101208
16 9 1 2817 3 1 17 101586
16 9 1 2818 3 2 18 97438
16 9 1 2819 3 3 19 96250
16 9 1 2820 3 4 20 96768
16 9 1 2821 3 5 21 98702
16 9 1 2822 3 6 22 98295
16 9 1 2823 3 7 23 113416
16 9 1 2824 3 0 24 100642
16 9 1 2825 3 1 25 102023
16 9 1 2826 3 2 26 96995
16 9 1 2827 3 3 27 95571
16 9 1 2828 3 4 28 102834
16 9 1 2829 3 5 29 108463
16 9 1 2830 3 6 30 108594
16 9 1 2831 3 7 31 113391
16 9 1 2832 3 0 32 100468
16 9 1 2833 3 1 33 98868
16 9 1 2834 3 2 34 102678
16 9 1 2835 3 3 35 104631
16 9 1 2836 3 4 36 105638
16 9 1 2837 3 5 37 103055
16 9 1 2838 3 6 38 101690
16 9 1 2839 3 7 39 108160
16 9 1 2840 3 0 40 99121
16 9 1 2841 3 1 41 101997
16 9 1 2842 3 2 42 97632
16 9 1 2843 3 3 43 104750
16 9 1 2844 3 4 44 93299
16 9 1 2845 3 5 45 99438
16 9 1 2846 3 6 46 111395
16 9 1 2847 3 7 47 108244
16 9 1 2848 3 0 48 101204
16 9 1 2849 3 1 49 99829
16 9 1 2850 3 2 50 98076
16 9 1 2851 3 3 51 98069
16 9 1 2852 3 4 52 106766
16 9 1 2853 3 5 53 98346
16 9 1 2854 3 6 54 100474
16 9 1 2855 3 7 55 97923
16 9 1 2856 3 0 56 100916
16 9 1 2857 3 1 57 101978
16 9 1 2858 3 2 58 98189
16 9 1 2859 3 3 59 102750
16 9 1 2860 3 4 60 104339
16 9 1 2861 3 5 61 95727
16 9 1 2862 3 6 62 106817
16 9 1 2863 3 7 63 112000
16 9 1 2864 3 0 64 99536
16 9 1 2865 3 1 65 99568
16 9 1 2866 3 2 66 96762
16 9 1 2867 3 3 67 103402
16 9 1 2868 3 4 68 97265
16 9 1 2869 3 5 69 109348
16 9 1 2870 3 6 70 102555
16 9 1 2871 3 7 71 102058
16 9 1 2872 3 0 72 101006
16 9 1 2873 3 1 73 101890
16 9 1 2874 3 2 74 103348
16 9 1 2875 3 3 75 99750
16 9 1 2876 3 4 76 102397
16 9 1 2877 3 5 77 100430
16 9 1 2878 3 6 78 96099
16 9 1 2879 3 7 79 106062
16 9 1 2880 3 0 80 101334
16 9 1 2881 3 1 81 99363
16 9 1 2882 3 2 82 98880
16 9 1 2883 3 3 83 96500
16 9 1 2884 3 4 84 100221
16 9 1 2885 3 5 85 98693
16 9 1 2886 3 6 86 100336
16 9 1 2887 3 7 87 111812
16 9 1 2888 3 0 88 98724
16 9 1 2889 3 1 89 99095
16 9 1 2890 3 2 90 101044
16 9 1 2891 3 3 91 104508
16 9 1 2892 3 4 92 103515
16 9 1 2893 3 5 93 109430
16 9 1 2894 3 6 94 97527
16 9 1 2895 3 7 95 113570
16 9 1 2896 3 0 96 99468
16 9 1 2897 3 1 97 99167
16 9 1 2898 3 2 98 97874
16 9 1 2899 3 3 99 95848
16 9 1 2900 3 4 0 103126
16 9 1 2901 3 5 1 104343
16 9 1 2902 3 6 2 104926
16 9 1 2903 3 7 3 103008
16 9 1 2904 3 0 4 101315
16 9 1 2905 3 1 5 101422
16 9 1 2906 3 2 6 99107
16 9 1 2907 3 3 7 100750
16 9 1 2908 3 4 8 104141
16 9 1 2909 3 5 9 106537
16 9 1 2910 3 6 10 95700
16 9 1 2911 3 7 11 113503
16 9 1 2912 3 0 12 99132
16 9 1 2913 3 1 13 99474
16 9 1 2914 3 2 14 103009
16 9 1 2915 3 3 15 103000
16 9 1 2916 3 4 16 105116
16 9 1 2917 3 5 17 108946
16 9 1 2918 3 6 18 95993
16 9 1 2919 3 7 19 93039
16 9 1 2920 3 0 20 99435
16 9 1 2921 3 1 21 99300
16 9 1 2922 3 2 22 100695
16 9 1 2923 3 3 23 104721
16 9 1 2924 3 4 24 102157
16 9 1 2925 3 5 25 109983
16 9 1 2926 3 6 26 99240
16 9 1 2927 3 7 27 89442
16 9 1 2928 3 0 28 101296
16 9 1 2929 3 1 29 101701
16 9 1 2930 3 2 30 103385
16 9 1 2931 3 3 31 104696
16 9 1 2932 3 4 32 101894
16 9 1 2933 3 5 33 95527
16 9 1 2934 3 6 34 109309
16 9 1 2935 3 7 35 105377
16 9 1 2936 3 0 36 101344
16 9 1 2937 3 1 37 101670
16 9 1 2938 3 2 38 103328
16 9 1 2939 3 3 39 103359
16 9 1 2940 3 4 40 98153
16 9 1 2941 3 5 41 109996
16 9 1 2942 3 6 42 94538
16 9 1 2943 3 7 43 104660
16 9 1 2944 3 0 44 98710
16 9 1 2945 3 1 45 100496
16 9 1 2946 3 2 46 103299
16 9 1 2947 3 3 47 102870
16 9 1 2948 3 4 48 106400
16 9 1 2949 3 5 49 102146
16 9 1 2950 3 6 50 98314
16 9 1 2951 3 7 51 101427
16 9 1 2952 3 0 52 101329
16 9 1 2953 3 1 53 99387
16 9 1 2954 3 2 54 99296
16 9 1 2955 3 3 55 99713
16 9 1 2956 3 4 56 104836
16 9 1 2957 3 5 57 106155
16 9 1 2958 3 6 58 99989
16 9 1 2959 3 7 59 109448
16 9 1 2960 3 0 60 100914
16 9 1 2961 3 1 61 98544
16 9 1 2962 3 2 62 102769
16 9 1 2963 3 3 63 104680
16 9 1 2964 3 4 64 98353
16 9 1 2965 3 5 65 102048
16 9 1 2966 3 6 66 91484
16 9 1 2967 3 7 67 103028
16 9 1 2968 3 0 68 99476
16 9 1 2969 3 1 69 101995
16 9 1 2970 3 2 70 100789
16 9 1 2971 3 3 71 100445
16 9 1 2972 3 4 72 104871
16 9 1 2973 3 5 73 103536
16 9 1 2974 3 6 74 111331
16 9 1 2975 3 7 75 103036
16 9 1 2976 3 0 76 100068
16 9 1 2977 3 1 77 98244
16 9 1 2978 3 2 78 101123
16 9 1 2979 3 3 79 104750
16 9 1 2980 3 4 80 106720
16 9 1 2981 3 5 81 101105
16 9 1 2982 3 6 82 103895
16 9 1 2983 3 7 83 103526
16 9 1 2984 3 0 84 100216
16 9 1 2985 3 1 85 99385
16 9 1 2986 3 2 86 100187
16 9 1 2987 3 3 87 103750
16 9 1 2988 3 4 88 93688
16 9 1 2989 3 5 89 97430
16 9 1 2990 3 6 90 100240
16 9 1 2991 3 7 91 111973
16 9 1 2992 3 0 92 100630
16 9 1 2993 3 1 93 102029
16 9 1 2994 3 2 94 99078
16 9 1 2995 3 3 95 104750
16 9 1 2996 3 4 96 97337
16 9 1 2997 3 5 97 99784
16 9 1 2998 3 6 98 95271
16 9 1 2999 3 7 99 94699
16 9 2 2700 3 4 0 109946
16 9 2 2701 3 5 1 101179
16 9 2 2702 3 6 2 107909
16 9 2 2703 3 7 3 110101
16 9 2 2704 3 0 4 102653
16 9 2 2705 3 1 5 101424
16 9 2 2706 3 2 6 100881
16 9 2 2707 3 3 7 102901
16 9 2 2708 3 4 8 111066
16 9 2 2709 3 5 9 113916
16 9 2 2710 3 6 10 101511
16 9 2 2711 3 7 11 125136
16 9 2 2712 3 0 12 100198
16 9 2 2713 3 1 13 101472
16 9 2 2714 3 2 14 104866
16 9 2 2715 3 3 15 101057
16 9 2 2716 3 4 16 102702
16 9 2 2717 3 5 17 118917
16 9 2 2718 3 6 18 87332
16 9 2 2719 3 7 19 96858
16 9 2 2720 3 0 20 100711
16 9 2 2721 3 1 21 101319
16 9 2 2722 3 2 22 104081
16 9 2 2723 3 3 23 109673
16 9 2 2724 3 4 24 98893
16 9 2 2725 3 5 25 106925
16 9 2 2726 3 6 26 96154
16 9 2 2727 3 7 27 98502
16 9 2 2728 3 0 28 99880
16 9 2 2729 3 1 29 100002
16 9 2 2730 3 2 30 99720
16 9 2 2731 3 3 31 105942
16 9 2 2732 3 4 32 105027
16 9 2 2733 3 5 33 103496
16 9 2 2734 3 6 34 109783
16 9 2 2735 3 7 35 105157
16 9 2 2736 3 0 36 100837
16 9 2 2737 3 1 37 103645
16 9 2 2738 3 2 38 106793
16 9 2 2739 3 3 39 108253
16 9 2 2740 3 4 40 95841
16 9 2 2741 3 5 41 120728
16 9 2 2742 3 6 42 98331
16 9 2 2743 3 7 43 115837
16 9 2 2744 3 0 44 99998
16 9 2 2745 3 1 45 98839
16 9 2 2746 3 2 46 106762
16 9 2 2747 3 3 47 106245
16 9 2 2748 3 4 48 110721
16 9 2 2749 3 5 49 110620
16 9 2 2750 3 6 50 103615
16 9 2 2751 3 7 51 111965
16 9 2 2752 3 0 52 100966
16 9 2 2753 3 1 53 99454
16 9 2 2754 3 2 54 95832
16 9 2 2755 3 3 55 99472
16 9 2 2756 3 4 56 105039
16 9 2 2757 3 5 57 107325
16 9 2 2758 3 6 58 97819
16 9 2 2759 3 7 59 116294
16 9 2 2760 3 0 60 101696
16 9 2 2761 3 1 61 100510
16 9 2 2762 3 2 62 106235
16 9 2 2763 3 3 63 104628
16 9 2 2764 3 4 64 99139
16 9 2 2765 3 5 65 99487
16 9 2 2766 3 6 66 83371
16 9 2 2767 3 7 67 115174
16 9 2 2768 3 0 68 100148
16 9 2 2769 3 1 69 103985
16 9 2 2770 3 2 70 104171
16 9 2 2771 3 3 71 99105
16 9 2 2772 3 4 72 101388
16 9 2 2773 3 5 73 107335
16 9 2 2774 3 6 74 107774
16 9 2 2775 3 7 75 111968
16 9 2 2776 3 0 76 99524
16 9 2 2777 3 1 77 100189
16 9 2 2778 3 2 78 104247
16 9 2 2779 3 3 79 100668
16 9 2 2780 3 4 80 108104
16 9 2 2781 3 5 81 98720
16 9 2 2782 3 6 82 114273
16 9 2 2783 3 7 83 104734
16 9 2 2784 3 0 84 101500
16 9 2 2785 3 1 85 98644
16 9 2 2786 3 2 86 101735
16 9 2 2787 3 3 87 106934
16 9 2 2788 3 4 88 99956
16 9 2 2789 3 5 89 87431
16 9 2 2790 3 6 90 103094
16 9 2 2791 3 7 91 112648
16 9 2 2792 3 0 92 101965
16 9 2 2793 3 1 93 104072
16 9 2 2794 3 2 94 102407
16 9 2 2795 3 3 95 107416
16 9 2 2796 3 4 96 98103
16 9 2 2797 3 5 97 105169
16 9 2 2798 3 6 98 96842
16 9 2 2799 3 7 99 99624
16 9 2 2800 3 0 0 101823
16 9 2 2801 3 1 1 98721
16 9 2 2802 3 2 2 104884
16 9 2 2803 3 3 3 102004
16 9 2 2804 3 4 4 113903
16 9 2 2805 3 5 5 105431
16 9 2 2806 3 6 6 98982
16 9 2 2807 3 7 7 101475
16 9 2 2808 3 0 8 102170
16 9 2 2809 3 1 9 102631
16 9 2 2810 3 2 10 96993
16 9 2 2811 3 3 11 106782
16 9 2 2812 3 4 12 104274
16 9 2 2813 3 5 13 111630
16 9 2 2814 3 6 14 112532
16 9 2 2815 3 7 15 97258
16 9 2 2816 3 0 16 100817
16 9 2 2817 3 1 17 103634
16 9 2 2818 3 2 18 94146
16 9 2 2819 3 3 19 92550
16 9 2 2820 3 4 20 103092
16 9 2 2821 3 5 21 107173
16 9 2 2822 3 6 22 106504
16 9 2 2823 3 7 23 128709
16 9 2 2824 3 0 24 100025
16 9 2 2825 3 1 25 104079
16 9 2 2826 3 2 26 94258
16 9 2 2827 3 3 27 97944
16 9 2 2828 3 4 28 97363
16 9 2 2829 3 5 29 103490
16 9 2 2830 3 6 30 106145
16 9 2 2831 3 7 31 119033
16 9 2 2832 3 0 32 101060
16 9 2 2833 3 1 33 100548
16 9 2 2834 3 2 34 101696
16 9 2 2835 3 3 35 102292
16 9 2 2836 3 4 36 102891
16 9 2 2837 3 5 37 108916
16 9 2 2838 3 6 38 112937
16 9 2 2839 3 7 39 122719
16 9 2 2840 3 0 40 98687
16 9 2 2841 3 1 41 104053
16 9 2 2842 3 2 42 99126
16 9 2 2843 3 3 43 107400
16 9 2 2844 3 4 44 99114
16 9 2 2845 3 5 45 94175
16 9 2 2846 3 6 46 124066
16 9 2 2847 3 7 47 115363
16 9 2 2848 3 0 48 101713
16 9 2 2849 3 1 49 101841
16 9 2 2850 3 2 50 99161
16 9 2 2851 3 3 51 102699
16 9 2 2852 3 4 52 106849
16 9 2 2853 3 5 53 104654
16 9 2 2854 3 6 54 91063
16 9 2 2855 3 7 55 100996
16 9 2 2856 3 0 56 100954
16 9 2 2857 3 1 57 102354
16 9 2 2858 3 2 58 95813
16 9 2 2859 3 3 59 104822
16 9 2 2860 3 4 60 108674
16 9 2 2861 3 5 61 105412
16 9 2 2862 3 6 62 119046
16 9 2 2863 3 7 63 115571
16 9 2 2864 3 0 64 99675
16 9 2 2865 3 1 65 98902
16 9 2 2866 3 2 66 93326
16 9 2 2867 3 3 67 108284
16 9 2 2868 3 4 68 101999
16 9 2 2869 3 5 69 116727
16 9 2 2870 3 6 70 112921
16 9 2 2871 3 7 71 108103
16 9 2 2872 3 0 72 100385
16 9 2 2873 3 1 73 102657
16 9 2 2874 3 2 74 102362
16 9 2 2875 3 3 75 101117
16 9 2 2876 3 4 76 99647
16 9 2 2877 3 5 77 107083
16 9 2 2878 3 6 78 96242
16 9 2 2879 3 7 79 107712
16 9 2 2880 3 0 80 100748
16 9 2 2881 3 1 81 98709
16 9 2 2882 3 2 82 101560
16 9 2 2883 3 3 83 94795
16 9 2 2884 3 4 84 105210
16 9 2 2885 3 5 85 94322
16 9 2 2886 3 6 86 107803
16 9 2 2887 3 7 87 119813
16 9 2 2888 3 0 88 100046
16 9 2 2889 3 1 89 97048
16 9 2 2890 3 2 90 101436
16 9 2 2891 3 3 91 100383
16 9 2 2892 3 4 92 110016
16 9 2 2893 3 5 93 120387
16 9 2 2894 3 6 94 108689
16 9 2 2895 3 7 95 124915
16 9 2 2896 3 0 96 99674
16 9 2 2897 3 1 97 100113
16 9 2 2898 3 2 98 97971
16 9 2 2899 3 3 99 96006
16 9 2 2900 3 4 0 109946
16 9 2 2901 3 5 1 101179
16 9 2 2902 3 6 2 107909
16 9 2 2903 3 7 3 110101
16 9 2 2904 3 0 4 102653
16 9 2 2905 3 1 5 101424
16 9 2 2906 3 2 6 100881
16 9 2 2907 3 3 7 102901
16 9 2 2908 3 4 8 111066
16 9 2 2909 3 5 9 113916
16 9 2 2910 3 6 10 101511
16 9 2 2911 3 7 11 125136
16 9 2 2912 3 0 12 100198
16 9 2 2913 3 1 13 101472
16 9 2 2914 3 2 14 104866
16 9 2 2915 3 3 15 101057
16 9 2 2916 3 4 16 102702
16 9 2 2917 3 5 17 118917
16 9 2 2918 3 6 18 87332
16 9 2 2919 3 7 19 96858
16 9 2 2920 3 0 20 100711
16 9 2 2921 3 1 21 101319
16 9 2 2922 3 2 22 104081
16 9 2 2923 3 3 23 109673
16 9 2 2924 3 4 24 98893
16 9 2 2925 3 5 25 106925
16 9 2 2926 3 6 26 96154
16 9 2 2927 3 7 27 98502
16 9 2 2928 3 0 28 99880
16 9 2 2929 3 1 29 100002
16 9 2 2930 3 2 30 99720
16 9 2 2931 3 3 31 105942
16 9 2 2932 3 4 32 105027
16 9 2 2933 3 5 33 103496
16 9 2 2934 3 6 34 109783
16 9 2 2935 3 7 35 105157
16 9 2 2936 3 0 36 100837
16 9 2 2937 3 1 37 103645
16 9 2 2938 3 2 38 106793
16 9 2 2939 3 3 39 108253
16 9 2 2940 3 4 40 95841
16 9 2 2941 3 5 41 120728
16 9 2 2942 3 6 42 98331
16 9 2 2943 3 7 43 115837
16 9 2 2944 3 0 44 99998
16 9 2 2945 3 1 45 98839
16 9 2 2946 3 2 46 106762
16 9 2 2947 3 3 47 106245
16 9 2 2948 3 4 48 110721
16 9 2 2949 3 5 49 110620
16 9 2 2950 3 6 50 103615
16 9 2 2951 3 7 51 111965
16 9 2 2952 3 0 52 100966
16 9 2 2953 3 1 53 99454
16 9 2 2954 3 2 54 95832
16 9 2 2955 3 3 55 99472
16 9 2 2956 3 4 56 105039
16 9 2 2957 3 5 57 107325
16 9 2 2958 3 6 58 97819
16 9 2 2959 3 7 59 116294
16 9 2 2960 3 0 60 101696
16 9 2 2961 3 1 61 100510
16 9 2 2962 3 2 62 106235
16 9 2 2963 3 3 63 104628
16 9 2 2964 3 4 64 99139
16 9 2 2965 3 5 65 99487
16 9 2 2966 3 6 66 83371
16 9 2 2967 3 7 67 115174
16 9 2 2968 3 0 68 100148
16 9 2 2969 3 1 69 103985
16 9 2 2970 3 2 70 104171
16 9 2 2971 3 3 71 99105
16 9 2 2972 3 4 72 101388
16 9 2 2973 3 5 73 107335
16 9 2 2974 3 6 74 107774
16 9 2 2975 3 7 75 111968
16 9 2 2976 3 0 76 99524
16 9 2 2977 3 1 77 100189
16 9 2 2978 3 2 78 104247
16 9 2 2979 3 3 79 100668
16 9 2 2980 3 4 80 108104
16 9 2 2981 3 5 81 98720
16 9 2 2982 3 6 82 114273
16 9 2 2983 3 7 83 104734
16 9 2 2984 3 0 84 101500
16 9 2 2985 3 1 85 98644
16 9 2 2986 3 2 86 101735
16 9 2 2987 3 3 87 106934
16 9 2 2988 3 4 88 99956
16 9 2 2989 3 5 89 87431
16 9 2 2990 3 6 90 103094
16 9 2 2991 3 7 91 112648
16 9 2 2992 3 0 92 101965
16 9 2 2993 3 1 93 104072
16 9 2 2994 3 2 94 102407
16 9 2 2995 3 3 95 107416
16 9 2 2996 3 4 96 98103
16 9 2 2997 3 5 97 105169
16 9 2 2998 3 6 98 96842
16 9 2 2999 3 7 99 99624
16 9 3 2700 3 4 0 109709
16 9 3 2701 3 5 1 103656
16 9 3 2702 3 6 2 112262
16 9 3 2703 3 7 3 110407
16 9 3 2704 3 0 4 103881
16 9 3 2705 3 1 5 103419
16 9 3 2706 3 2 6 101234
16 9 3 2707 3 3 7 105771
16 9 3 2708 3 4 8 108164
16 9 3 2709 3 5 9 118288
16 9 3 2710 3 6 10 111723
16 9 3 2711 3 7 11 135123
16 9 3 2712 3 0 12 101258
16 9 3 2713 3 1 13 99340
16 9 3 2714 3 2 14 103456
16 9 3 2715 3 3 15 101528
16 9 3 2716 3 4 16 96158
16 9 3 2717 3 5 17 125533
16 9 3 2718 3 6 18 95408
16 9 3 2719 3 7 19 103181
16 9 3 2720 3 0 20 102052
16 9 3 2721 3 1 21 100540
16 9 3 2722 3 2 22 107296
16 9 3 2723 3 3 23 105027
16 9 3 2724 3 4 24 101743
16 9 3 2725 3 5 25 109833
16 9 3 2726 3 6 26 92154
16 9 3 2727 3 7 27 87914
16 9 3 2728 3 0 28 101214
16 9 3 2729 3 1 29 102042
16 9 3 2730 3 2 30 102415
16 9 3 2731 3 3 31 100663
16 9 3 2732 3 4 32 108230
16 9 3 2733 3 5 33 108861
16 9 3 2734 3 6 34 110250
16 9 3 2735 3 7 35 116624
16 9 3 2736 3 0 36 101904
16 9 3 2737 3 1 37 104144
16 9 3 2738 3 2 38 110359
16 9 3 2739 3 3 39 112987
16 9 3 2740 3 4 40 102273
16 9 3 2741 3 5 41 119304
16 9 3 2742 3 6 42 100966
16 9 3 2743 3 7 43 114247
16 9 3 2744 3 0 44 99564
16 9 3 2745 3 1 45 99039
16 9 3 2746 3 2 46 110264
16 9 3 2747 3 3 47 105564
16 9 3 2748 3 4 48 104261
16 9 3 2749 3 5 49 120705
16 9 3 2750 3 6 50 102796
16 9 3 2751 3 7 51 115785
16 9 3 2752 3 0 52 102269
16 9 3 2753 3 1 53 97465
16 9 3 2754 3 2 54 99030
16 9 3 2755 3 3 55 99980
16 9 3 2756 3 4 56 104556
16 9 3 2757 3 5 57 118289
16 9 3 2758 3 6 58 108815
16 9 3 2759 3 7 59 124964
16 9 3 2760 3 0 60 103064
16 9 3 2761 3 1 61 102519
16 9 3 2762 3 2 62 109089
16 9 3 2763 3 3 63 109610
16 9 3 2764 3 4 64 96744
16 9 3 2765 3 5 65 109640
16 9 3 2766 3 6 66 92894
16 9 3 2767 3 7 67 122499
16 9 3 2768 3 0 68 98764
16 9 3 2769 3 1 69 106115
16 9 3 2770 3 2 70 107636
16 9 3 2771 3 3 71 94163
16 9 3 2772 3 4 72 106369
16 9 3 2773 3 5 73 118119
16 9 3 2774 3 6 74 120030
16 9 3 2775 3 7 75 108409
16 9 3 2776 3 0 76 100437
16 9 3 2777 3 1 77 101255
16 9 3 2778 3 2 78 107133
16 9 3 2779 3 3 79 97623
16 9 3 2780 3 4 80 108894
16 9 3 2781 3 5 81 106704
16 9 3 2782 3 6 82 123179
16 9 3 2783 3 7 83 114711
16 9 3 2784 3 0 84 102604
16 9 3 2785 3 1 85 100467
16 9 3 2786 3 2 86 105183
16 9 3 2787 3 3 87 111004
16 9 3 2788 3 4 88 99034
16 9 3 2789 3 5 89 94556
16 9 3 2790 3 6 90 100107
16 9 3 2791 3 7 91 115491
16 9 3 2792 3 0 92 102970
16 9 3 2793 3 1 93 106161
16 9 3 2794 3 2 94 102756
16 9 3 2795 3 3 95 112453
16 9 3 2796 3 4 96 91175
16 9 3 2797 3 5 97 115175
16 9 3 2798 3 6 98 106034
16 9 3 2799 3 7 99 101678
16 9 3 2800 3 0 0 101384
16 9 3 2801 3 1 1 100470
16 9 3 2802 3 2 2 107565
16 9 3 2803 3 3 3 106859
16 9 3 2804 3 4 4 120915
16 9 3 2805 3 5 5 109920
16 9 3 2806 3 6 6 99851
16 9 3 2807 3 7 7 112875
16 9 3 2808 3 0 8 101639
16 9 3 2809 3 1 9 104635
16 9 3 2810 3 2 10 100073
16 9 3 2811 3 3 11 110559
16 9 3 2812 3 4 12 109837
16 9 3 2813 3 5 13 103511
16 9 3 2814 3 6 14 106418
16 9 3 2815 3 7 15 96516
16 9 3 2816 3 0 16 99416
16 9 3 2817 3 1 17 105315
16 9 3 2818 3 2 18 97186
16 9 3 2819 3 3 19 96796
16 9 3 2820 3 4 20 110010
16 9 3 2821 3 5 21 99271
16 9 3 2822 3 6 22 113919
16 9 3 2823 3 7 23 132123
16 9 3 2824 3 0 24 100891
16 9 3 2825 3 1 25 105732
16 9 3 2826 3 2 26 93113
16 9 3 2827 3 3 27 93092
16 9 3 2828 3 4 28 103719
16 9 3 2829 3 5 29 111980
16 9 3 2830 3 6 30 111548
16 9 3 2831 3 7 31 107357
16 9 3 2832 3 0 32 102076
16 9 3 2833 3 1 33 102516
16 9 3 2834 3 2 34 100996
16 9 3 2835 3 3 35 107169
16 9 3 2836 3 4 36 108222
16 9 3 2837 3 5 37 110691
16 9 3 2838 3 6 38 110497
16 9 3 2839 3 7 39 135660
16 9 3 2840 3 0 40 100011
16 9 3 2841 3 1 41 105484
16 9 3 2842 3 2 42 99311
16 9 3 2843 3 3 43 105427
16 9 3 2844 3 4 44 96986
16 9 3 2845 3 5 45 95425
16 9 3 2846 3 6 46 129723
16 9 3 2847 3 7 47 120135
16 9 3 2848 3 0 48 100286
16 9 3 2849 3 1 49 103352
16 9 3 2850 3 2 50 97915
16 9 3 2851 3 3 51 103052
16 9 3 2852 3 4 52 111558
16 9 3 2853 3 5 53 96671
16 9 3 2854 3 6 54 89378
16 9 3 2855 3 7 55 104876
16 9 3 2856 3 0 56 101112
16 9 3 2857 3 1 57 104447
16 9 3 2858 3 2 58 99025
16 9 3 2859 3 3 59 108600
16 9 3 2860 3 4 60 115984
16 9 3 2861 3 5 61 113619
16 9 3 2862 3 6 62 130241
16 9 3 2863 3 7 63 129352
16 9 3 2864 3 0 64 99293
16 9 3 2865 3 1 65 100899
16 9 3 2866 3 2 66 96478
16 9 3 2867 3 3 67 108603
16 9 3 2868 3 4 68 94804
16 9 3 2869 3 5 69 127173
16 9 3 2870 3 6 70 117616
16 9 3 2871 3 7 71 103808
16 9 3 2872 3 0 72 101373
16 9 3 2873 3 1 73 104702
16 9 3 2874 3 2 74 105665
16 9 3 2875 3 3 75 99363
16 9 3 2876 3 4 76 104860
16 9 3 2877 3 5 77 115229
16 9 3 2878 3 6 78 99903
16 9 3 2879 3 7 79 98927
16 9 3 2880 3 0 80 100907
16 9 3 2881 3 1 81 100657
16 9 3 2882 3 2 82 103621
16 9 3 2883 3 3 83 99238
16 9 3 2884 3 4 84 110911
16 9 3 2885 3 5 85 103324
16 9 3 2886 3 6 86 119594
16 9 3 2887 3 7 87 132933
16 9 3 2888 3 0 88 99799
16 9 3 2889 3 1 89 98269
16 9 3 2890 3 2 90 97816
16 9 3 2891 3 3 91 104207
16 9 3 2892 3 4 92 113599
16 9 3 2893 3 5 93 132492
16 9 3 2894 3 6 94 109982
16 9 3 2895 3 7 95 141567
16 9 3 2896 3 0 96 98276
16 9 3 2897 3 1 97 102122
16 9 3 2898 3 2 98 100367
16 9 3 2899 3 3 99 100554
16 9 3 2900 3 4 0 109709
16 9 3 2901 3 5 1 103656
16 9 3 2902 3 6 2 112262
16 9 3 2903 3 7 3 110407
16 9 3 2904 3 0 4 103881
16 9 3 2905 3 1 5 103419
16 9 3 2906 3 2 6 101234
16 9 3 2907 3 3 7 105771
16 9 3 2908 3 4 8 108164
16 9 3 2909 3 5 9 118288
16 9 3 2910 3 6 10 111723
16 9 3 2911 3 7 11 135123
16 9 3 2912 3 0 12 101258
16 9 3 2913 3 1 13 99340
16 9 3 2914 3 2 14 103456
16 9 3 2915 3 3 15 101528
16 9 3 2916 3 4 16 96158
16 9 3 2917 3 5 17 125533
16 9 3 2918 3 6 18 95408
16 9 3 2919 3 7 19 103181
16 9 3 2920 3 0 20 102052
16 9 3 2921 3 1 21 100540
16 9 3 2922 3 2 22 107296
16 9 3 2923 3 3 23 105027
16 9 3 2924 3 4 24 101743
16 9 3 2925 3 5 25 109833
16 9 3 2926 3 6 26 92154
16 9 3 2927 3 7 27 87914
16 9 3 2928 3 0 28 101214
16 9 3 2929 3 1 29 102042
16 9 3 2930 3 2 30 102415
16 9 3 2931 3 3 31 100663
16 9 3 2932 3 4 32 108230
16 9 3 2933 3 5 33 108861
16 9 3 2934 3 6 34 110250
16 9 3 2935 3 7 35 116624
16 9 3 2936 3 0 36 101904
16 9 3 2937 3 1 37 104144
16 9 3 2938 3 2 38 110359
16 9 3 2939 3 3 39 112987
16 9 3 2940 3 4 40 102273
16 9 3 2941 3 5 41 119304
16 9 3 2942 3 6 42 100966
16 9 3 2943 3 7 43 114247
16 9 3 2944 3 0 44 99564
16 9 3 2945 3 1 45 99039
16 9 3 2946 3 2 46 110264
16 9 3 2947 3 3 47 105564
16 9 3 2948 3 4 48 104261
16 9 3 2949 3 5 49 120705
16 9 3 2950 3 6 50 102796
16 9 3 2951 3 7 51 115785
16 9 3 2952 3 0 52 102269
16 9 3 2953 3 1 53 97465
16 9 3 2954 3 2 54 99030
16 9 3 2955 3 3 55 99980
16 9 3 2956 3 4 56 104556
16 9 3 2957 3 5 57 118289
16 9 3 2958 3 6 58 108815
16 9 3 2959 3 7 59 124964
16 9 3 2960 3 0 60 103064
16 9 3 2961 3 1 61 102519
16 9 3 2962 3 2 62 109089
16 9 3 2963 3 3 63 109610
16 9 3 2964 3 4 64 96744
16 9 3 2965 3 5 65 109640
16 9 3 2966 3 6 66 92894
16 9 3 2967 3 7 67 122499
16 9 3 2968 3 0 68 98764
16 9 3 2969 3 1 69 106115
16 9 3 2970 3 2 70 107636
16 9 3 2971 3 3 71 94163
16 9 3 2972 3 4 72 106369
16 9 3 2973 3 5 73 118119
16 9 3 2974 3 6 74 120030
16 9 3 2975 3 7 75 108409
16 9 3 2976 3 0 76 100437
16 9 3 2977 3 1 77 101255
16 9 3 2978 3 2 78 107133
16 9 3 2979 3 3 79 97623
16 9 3 2980 3 4 80 108894
16 9 3 2981 3 5 81 106704
16 9 3 2982 3 6 82 123179
16 9 3 2983 3 7 83 114711
16 9 3 2984 3 0 84 102604
16 9 3 2985 3 1 85 100467
16 9 3 2986 3 2 86 105183
16 9 3 2987 3 3 87 111004
16 9 3 2988 3 4 88 99034
16 9 3 2989 3 5 89 94556
16 9 3 2990 3 6 90 100107
16 9 3 2991 3 7 91 115491
16 9 3 2992 3 0 92 102970
16 9 3 2993 3 1 93 106161
16 9 3 2994 3 2 94 102756
16 9 3 2995 3 3 95 112453
16 9 3 2996 3 4 96 91175
16 9 3 2997 3 5 97 115175
16 9 3 2998 3 6 98 106034
16 9 3 2999 3 7 99 101678
16 9 4 2700 3 4 0 110336
16 9 4 2701 3 5 1 106754
16 9 4 2702 3 6 2 118845
16 9 4 2703 3 7 3 118222
16 9 4 2704 3 0 4 104137
16 9 4 2705 3 1 5 103110
16 9 4 2706 3 2 6 97880
16 9 4 2707 3 3 7 105082
16 9 4 2708 3 4 8 115355
16 9 4 2709 3 5 9 122427
16 9 4 2710 3 6 10 124442
16 9 4 2711 3 7 11 133655
16 9 4 2712 3 0 12 101102
16 9 4 2713 3 1 13 99054
16 9 4 2714 3 2 14 102773
16 9 4 2715 3 3 15 96740
16 9 4 2716 3 4 16 90202
16 9 4 2717 3 5 17 136243
16 9 4 2718 3 6 18 97022
16 9 4 2719 3 7 19 100572
16 9 4 2720 3 0 20 102172
16 9 4 2721 3 1 21 100165
16 9 4 2722 3 2 22 106633
16 9 4 2723 3 3 23 104596
16 9 4 2724 3 4 24 99356
16 9 4 2725 3 5 25 106062
16 9 4 2726 3 6 26 100402
16 9 4 2727 3 7 27 87987
16 9 4 2728 3 0 28 99875
16 9 4 2729 3 1 29 100066
16 9 4 2730 3 2 30 105796
16 9 4 2731 3 3 31 103242
16 9 4 2732 3 4 32 109316
16 9 4 2733 3 5 33 100208
16 9 4 2734 3 6 34 116718
16 9 4 2735 3 7 35 118298
16 9 4 2736 3 0 36 101246
16 9 4 2737 3 1 37 104258
16 9 4 2738 3 2 38 110621
16 9 4 2739 3 3 39 116949
16 9 4 2740 3 4 40 106333
16 9 4 2741 3 5 41 120059
16 9 4 2742 3 6 42 100723
16 9 4 2743 3 7 43 122559
16 9 4 2744 3 0 44 99386
16 9 4 2745 3 1 45 99699
16 9 4 2746 3 2 46 110560
16 9 4 2747 3 3 47 106709
16 9 4 2748 3 4 48 101856
16 9 4 2749 3 5 49 120480
16 9 4 2750 3 6 50 114338
16 9 4 2751 3 7 51 119221
16 9 4 2752 3 0 52 102380
16 9 4 2753 3 1 53 95554
16 9 4 2754 3 2 54 102328
16 9 4 2755 3 3 55 104292
16 9 4 2756 3 4 56 101850
16 9 4 2757 3 5 57 114868
16 9 4 2758 3 6 58 120469
16 9 4 2759 3 7 59 125525
16 9 4 2760 3 0 60 104452
16 9 4 2761 3 1 61 100487
16 9 4 2762 3 2 62 107659
16 9 4 2763 3 3 63 114655
16 9 4 2764 3 4 64 95283
16 9 4 2765 3 5 65 110327
16 9 4 2766 3 6 66 90013
16 9 4 2767 3 7 67 126138
16 9 4 2768 3 0 68 100010
16 9 4 2769 3 1 69 108150
16 9 4 2770 3 2 70 111204
16 9 4 2771 3 3 71 94527
16 9 4 2772 3 4 72 108607
16 9 4 2773 3 5 73 118808
16 9 4 2774 3 6 74 132238
16 9 4 2775 3 7 75 109650
16 9 4 2776 3 0 76 100269
16 9 4 2777 3 1 77 99271
16 9 4 2778 3 2 78 107434
16 9 4 2779 3 3 79 102153
16 9 4 2780 3 4 80 102782
16 9 4 2781 3 5 81 110156
16 9 4 2782 3 6 82 116500
16 9 4 2783 3 7 83 115943
16 9 4 2784 3 0 84 102072
16 9 4 2785 3 1 85 100813
16 9 4 2786 3 2 86 104532
16 9 4 2787 3 3 87 105955
16 9 4 2788 3 4 88 96108
16 9 4 2789 3 5 89 86009
16 9 4 2790 3 6 90 104296
16 9 4 2791 3 7 91 110054
16 9 4 2792 3 0 92 104348
16 9 4 2793 3 1 93 105859
16 9 4 2794 3 2 94 101419
16 9 4 2795 3 3 95 111723
16 9 4 2796 3 4 96 96172
16 9 4 2797 3 5 97 114202
16 9 4 2798 3 6 98 117754
16 9 4 2799 3 7 99 103351
16 9 4 2800 3 0 0 101466
16 9 4 2801 3 1 1 100179
16 9 4 2802 3 2 2 110192
16 9 4 2803 3 3 3 111892
16 9 4 2804 3 4 4 125325
16 9 4 2805 3 5 5 108280
16 9 4 2806 3 6 6 96807
16 9 4 2807 3 7 7 108522
16 9 4 2808 3 0 8 102951
16 9 4 2809 3 1 9 106734
16 9 4 2810 3 2 10 103421
16 9 4 2811 3 3 11 111022
16 9 4 2812 3 4 12 108647
16 9 4 2813 3 5 13 100637
16 9 4 2814 3 6 14 104137
16 9 4 2815 3 7 15 85096
16 9 4 2816 3 0 16 98086
16 9 4 2817 3 1 17 106929
16 9 4 2818 3 2 18 96838
16 9 4 2819 3 3 19 95921
16 9 4 2820 3 4 20 112334
16 9 4 2821 3 5 21 98182
16 9 4 2822 3 6 22 118886
16 9 4 2823 3 7 23 137094
16 9 4 2824 3 0 24 100360
16 9 4 2825 3 1 25 105357
16 9 4 2826 3 2 26 96256
16 9 4 2827 3 3 27 91384
16 9 4 2828 3 4 28 96907
16 9 4 2829 3 5 29 106642
16 9 4 2830 3 6 30 120788
16 9 4 2831 3 7 31 107494
16 9 4 2832 3 0 32 102318
16 9 4 2833 3 1 33 100896
16 9 4 2834 3 2 34 104387
16 9 4 2835 3 3 35 102354
16 9 4 2836 3 4 36 104719
16 9 4 2837 3 5 37 109061
16 9 4 2838 3 6 38 108676
16 9 4 2839 3 7 39 143449
16 9 4 2840 3 0 40 101332
16 9 4 2841 3 1 41 107447
16 9 4 2842 3 2 42 99308
16 9 4 2843 3 3 43 106925
16 9 4 2844 3 4 44 96786
16 9 4 2845 3 5 45 94323
16 9 4 2846 3 6 46 135079
16 9 4 2847 3 7 47 115890
16 9 4 2848 3 0 48 99900
16 9 4 2849 3 1 49 103535
16 9 4 2850 3 2 50 101218
16 9 4 2851 3 3 51 103052
16 9 4 2852 3 4 52 113575
16 9 4 2853 3 5 53 89754
16 9 4 2854 3 6 54 98831
16 9 4 2855 3 7 55 111878
16 9 4 2856 3 0 56 100599
16 9 4 2857 3 1 57 103446
16 9 4 2858 3 2 58 102299
16 9 4 2859 3 3 59 112288
16 9 4 2860 3 4 60 122143
16 9 4 2861 3 5 61 111522
16 9 4 2862 3 6 62 129058
16 9 4 2863 3 7 63 140182
16 9 4 2864 3 0 64 99088
16 9 4 2865 3 1 65 100977
16 9 4 2866 3 2 66 95385
16 9 4 2867 3 3 67 112182
16 9 4 2868 3 4 68 101036
16 9 4 2869 3 5 69 139899
16 9 4 2870 3 6 70 124477
16 9 4 2871 3 7 71 104996
16 9 4 2872 3 0 72 100682
16 9 4 2873 3 1 73 105099
16 9 4 2874 3 2 74 109110
16 9 4 2875 3 3 75 98478
16 9 4 2876 3 4 76 104680
16 9 4 2877 3 5 77 109485
16 9 4 2878 3 6 78 98335
16 9 4 2879 3 7 79 110231
16 9 4 2880 3 0 80 99551
16 9 4 2881 3 1 81 102584
16 9 4 2882 3 2 82 102683
16 9 4 2883 3 3 83 98552
16 9 4 2884 3 4 84 107988
16 9 4 2885 3 5 85 102121
16 9 4 2886 3 6 86 123990
16 9 4 2887 3 7 87 119203
16 9 4 2888 3 0 88 99167
16 9 4 2889 3 1 89 96435
16 9 4 2890 3 2 90 101106
16 9 4 2891 3 3 91 99583
16 9 4 2892 3 4 92 116155
16 9 4 2893 3 5 93 130161
16 9 4 2894 3 6 94 110172
16 9 4 2895 3 7 95 136205
16 9 4 2896 3 0 96 99612
16 9 4 2897 3 1 97 101401
16 9 4 2898 3 2 98 103738
16 9 4 2899 3 3 99 104260
16 9 4 2900 3 4 0 110336
16 9 4 2901 3 5 1 106754
16 9 4 2902 3 6 2 118845
16 9 4 2903 3 7 3 118222
16 9 4 2904 3 0 4 104137
16 9 4 2905 3 1 5 103110
16 9 4 2906 3 2 6 97880
16 9 4 2907 3 3 7 105082
16 9 4 2908 3 4 8 115355
16 9 4 2909 3 5 9 122427
16 9 4 2910 3 6 10 124442
16 9 4 2911 3 7 11 133655
16 9 4 2912 3 0 12 101102
16 9 4 2913 3 1 13 99054
16 9 4 2914 3 2 14 102773
16 9 4 2915 3 3 15 96740
16 9 4 2916 3 4 16 90202
16 9 4 2917 3 5 17 136243
16 9 4 2918 3 6 18 97022
16 9 4 2919 3 7 19 100572
16 9 4 2920 3 0 20 102172
16 9 4 2921 3 1 21 100165
16 9 4 2922 3 2 22 106633
16 9 4 2923 3 3 23 104596
16 9 4 2924 3 4 24 99356
16 9 4 2925 3 5 25 106062
16 9 4 2926 3 6 26 100402
16 9 4 2927 3 7 27 87987
16 9 4 2928 3 0 28 99875
16 9 4 2929 3 1 29 100066
16 9 4 2930 3 2 30 105796
16 9 4 2931 3 3 31 103242
16 9 4 2932 3 4 32 109316
16 9 4 2933 3 5 33 100208
16 9 4 2934 3 6 34 116718
16 9 4 2935 3 7 35 118298
16 9 4 2936 3 0 36 101246
16 9 4 2937 3 1 37 104258
16 9 4 2938 3 2 38 110621
16 9 4 2939 3 3 39 116949
16 9 4 2940 3 4 40 106333
16 9 4 2941 3 5 41 120059
16 9 4 2942 3 6 42 100723
16 9 4 2943 3 7 43 122559
16 9 4 2944 3 0 44 99386
16 9 4 2945 3 1 45 99699
16 9 4 2946 3 2 46 110560
16 9 4 2947 3 3 47 106709
16 9 4 2948 3 4 48 101856
16 9 4 2949 3 5 49 120480
16 9 4 2950 3 6 50 114338
16 9 4 2951 3 7 51 119221
16 9 4 2952 3 0 52 102380
16 9 4 2953 3 1 53 95554
16 9 4 2954 3 2 54 102328
16 9 4 2955 3 3 55 104292
16 9 4 2956 3 4 56 101850
16 9 4 2957 3 5 57 114868
16 9 4 2958 3 6 58 120469
16 9 4 2959 3 7 59 125525
16 9 4 2960 3 0 60 104452
16 9 4 2961 3 1 61 100487
16 9 4 2962 3 2 62 107659
16 9 4 2963 3 3 63 114655
16 9 4 2964 3 4 64 95283
16 9 4 2965 3 5 65 110327
16 9 4 2966 3 6 66 90013
16 9 4 2967 3 7 67 126138
16 9 4 2968 3 0 68 100010
16 9 4 2969 3 1 69 108150
16 9 4 2970 3 2 70 111204
16 9 4 2971 3 3 71 94527
16 9 4 2972 3 4 72 108607
16 9 4 2973 3 5 73 118808
16 9 4 2974 3 6 74 132238
16 9 4 2975 3 7 75 109650
16 9 4 2976 3 0 76 100269
16 9 4 2977 3 1 77 99271
16 9 4 2978 3 2 78 107434
16 9 4 2979 3 3 79 102153
16 9 4 2980 3 4 80 102782
16 9 4 2981 3 5 81 110156
16 9 4 2982 3 6 82 116500
16 9 4 2983 3 7 83 115943
16 9 4 2984 3 0 84 102072
16 9 4 2985 3 1 85 100813
16 9 4 2986 3 2 86 104532
16 9 4 2987 3 3 87 105955
16 9 4 2988 3 4 88 96108
16 9 4 2989 3 5 89 86009
16 9 4 2990 3 6 90 104296
16 9 4 2991 3 7 91 110054
16 9 4 2992 3 0 92 104348
16 9 4 2993 3 1 93 105859
16 9 4 2994 3 2 94 101419
16 9 4 2995 3 3 95 111723
16 9 4 2996 3 4 96 96172
16 9 4 2997 3 5 97 114202
16 9 4 2998 3 6 98 117754
16 9 4 2999 3 7 99 103351
16 9 5 2700 3 4 0 111002
16 9 5 2701 3 5 1 114578
16 9 5 2702 3 6 2 118833
16 9 5 2703 3 7 3 123648
16 9 5 2704 3 0 4 105495
16 9 5 2705 3 1 5 102844
16 9 5 2706 3 2 6 94785
16 9 5 2707 3 3 7 104812
16 9 5 2708 3 4 8 118449
16 9 5 2709 3 5 9 118395
16 9 5 2710 3 6 10 126984
16 9 5 2711 3 7 11 139287
16 9 5 2712 3 0 12 100142
16 9 5 2713 3 1 13 101077
16 9 5 2714 3 2 14 103943
16 9 5 2715 3 3 15 96489
16 9 5 2716 3 4 16 87722
16 9 5 2717 3 5 17 140798
16 9 5 2718 3 6 18 100196
16 9 5 2719 3 7 19 100612
16 9 5 2720 3 0 20 103284
16 9 5 2721 3 1 21 100121
16 9 5 2722 3 2 22 109048
16 9 5 2723 3 3 23 99879
16 9 5 2724 3 4 24 94656
16 9 5 2725 3 5 25 107376
16 9 5 2726 3 6 26 104633
16 9 5 2727 3 7 27 88197
16 9 5 2728 3 0 28 101163
16 9 5 2729 3 1 29 100840
16 9 5 2730 3 2 30 105818
16 9 5 2731 3 3 31 104844
16 9 5 2732 3 4 32 113748
16 9 5 2733 3 5 33 108003
16 9 5 2734 3 6 34 111007
16 9 5 2735 3 7 35 117284
16 9 5 2736 3 0 36 102550
16 9 5 2737 3 1 37 104467
16 9 5 2738 3 2 38 112014
16 9 5 2739 3 3 39 119315
16 9 5 2740 3 4 40 107107
16 9 5 2741 3 5 41 118820
16 9 5 2742 3 6 42 102453
16 9 5 2743 3 7 43 131498
16 9 5 2744 3 0 44 98887
16 9 5 2745 3 1 45 99525
16 9 5 2746 3 2 46 110350
16 9 5 2747 3 3 47 111355
16 9 5 2748 3 4 48 104121
16 9 5 2749 3 5 49 119730
16 9 5 2750 3 6 50 108107
16 9 5 2751 3 7 51 115515
16 9 5 2752 3 0 52 103436
16 9 5 2753 3 1 53 95541
16 9 5 2754 3 2 54 100923
16 9 5 2755 3 3 55 106268
16 9 5 2756 3 4 56 108688
16 9 5 2757 3 5 57 115615
16 9 5 2758 3 6 58 117884
16 9 5 2759 3 7 59 132871
16 9 5 2760 3 0 60 105738
16 9 5 2761 3 1 61 102131
16 9 5 2762 3 2 62 106934
16 9 5 2763 3 3 63 114139
16 9 5 2764 3 4 64 90317
16 9 5 2765 3 5 65 115438
16 9 5 2766 3 6 66 90785
16 9 5 2767 3 7 67 140480
16 9 5 2768 3 0 68 100053
16 9 5 2769 3 1 69 109626
16 9 5 2770 3 2 70 114169
16 9 5 2771 3 3 71 94335
16 9 5 2772 3 4 72 109921
16 9 5 2773 3 5 73 124730
16 9 5 2774 3 6 74 128119
16 9 5 2775 3 7 75 95722
16 9 5 2776 3 0 76 100429
16 9 5 2777 3 1 77 98543
16 9 5 2778 3 2 78 107070
16 9 5 2779 3 3 79 101874
16 9 5 2780 3 4 80 103032
16 9 5 2781 3 5 81 103702
16 9 5 2782 3 6 82 111015
16 9 5 2783 3 7 83 109180
16 9 5 2784 3 0 84 102665
16 9 5 2785 3 1 85 99485
16 9 5 2786 3 2 86 102050
16 9 5 2787 3 3 87 102899
16 9 5 2788 3 4 88 91014
16 9 5 2789 3 5 89 94576
16 9 5 2790 3 6 90 107962
16 9 5 2791 3 7 91 120018
16 9 5 2792 3 0 92 105218
16 9 5 2793 3 1 93 105695
16 9 5 2794 3 2 94 104091
16 9 5 2795 3 3 95 111534
16 9 5 2796 3 4 96 102573
16 9 5 2797 3 5 97 104564
16 9 5 2798 3 6 98 124967
16 9 5 2799 3 7 99 102115
16 9 5 2800 3 0 0 101578
16 9 5 2801 3 1 1 101494
16 9 5 2802 3 2 2 109995
16 9 5 2803 3 3 3 109759
16 9 5 2804 3 4 4 133717
16 9 5 2805 3 5 5 106979
16 9 5 2806 3 6 6 86188
16 9 5 2807 3 7 7 107952
16 9 5 2808 3 0 8 103515
16 9 5 2809 3 1 9 106559
16 9 5 2810 3 2 10 104059
16 9 5 2811 3 3 11 115476
16 9 5 2812 3 4 12 104963
16 9 5 2813 3 5 13 110959
16 9 5 2814 3 6 14 107729
16 9 5 2815 3 7 15 82853
16 9 5 2816 3 0 16 97561
16 9 5 2817 3 1 17 106283
16 9 5 2818 3 2 18 98081
16 9 5 2819 3 3 19 95939
16 9 5 2820 3 4 20 118416
16 9 5 2821 3 5 21 99492
16 9 5 2822 3 6 22 118697
16 9 5 2823 3 7 23 140671
16 9 5 2824 3 0 24 99432
16 9 5 2825 3 1 25 105265
16 9 5 2826 3 2 26 97396
16 9 5 2827 3 3 27 89209
16 9 5 2828 3 4 28 103385
16 9 5 2829 3 5 29 110722
16 9 5 2830 3 6 30 124964
16 9 5 2831 3 7 31 103000
16 9 5 2832 3 0 32 103635
16 9 5 2833 3 1 33 102964
16 9 5 2834 3 2 34 101891
16 9 5 2835 3 3 35 102481
16 9 5 2836 3 4 36 111759
16 9 5 2837 3 5 37 105996
16 9 5 2838 3 6 38 114064
16 9 5 2839 3 7 39 141417
16 9 5 2840 3 0 40 101455
16 9 5 2841 3 1 41 105761
16 9 5 2842 3 2 42 99305
16 9 5 2843 3 3 43 110982
16 9 5 2844 3 4 44 94790
16 9 5 2845 3 5 45 92092
16 9 5 2846 3 6 46 138009
16 9 5 2847 3 7 47 123627
16 9 5 2848 3 0 48 100329
16 9 5 2849 3 1 49 103427
16 9 5 2850 3 2 50 99807
16 9 5 2851 3 3 51 102890
16 9 5 2852 3 4 52 119754
16 9 5 2853 3 5 53 93540
16 9 5 2854 3 6 54 94994
16 9 5 2855 3 7 55 111318
16 9 5 2856 3 0 56 101949
16 9 5 2857 3 1 57 104123
16 9 5 2858 3 2 58 100897
16 9 5 2859 3 3 59 110150
16 9 5 2860 3 4 60 130328
16 9 5 2861 3 5 61 116887
16 9 5 2862 3 6 62 126327
16 9 5 2863 3 7 63 134146
16 9 5 2864 3 0 64 98316
16 9 5 2865 3 1 65 101792
16 9 5 2866 3 2 66 96445
16 9 5 2867 3 3 67 117398
16 9 5 2868 3 4 68 95534
16 9 5 2869 3 5 69 150804
16 9 5 2870 3 6 70 132962
16 9 5 2871 3 7 71 106188
16 9 5 2872 3 0 72 100914
16 9 5 2873 3 1 73 106820
16 9 5 2874 3 2 74 109464
16 9 5 2875 3 3 75 93990
16 9 5 2876 3 4 76 105367
16 9 5 2877 3 5 77 104987
16 9 5 2878 3 6 78 93951
16 9 5 2879 3 7 79 108023
16 9 5 2880 3 0 80 99563
16 9 5 2881 3 1 81 101709
16 9 5 2882 3 2 82 101591
16 9 5 2883 3 3 83 94188
16 9 5 2884 3 4 84 111108
16 9 5 2885 3 5 85 104076
16 9 5 2886 3 6 86 116817
16 9 5 2887 3 7 87 108697
16 9 5 2888 3 0 88 98131
16 9 5 2889 3 1 89 98323
16 9 5 2890 3 2 90 103386
16 9 5 2891 3 3 91 99573
16 9 5 2892 3 4 92 121394
16 9 5 2893 3 5 93 130252
16 9 5 2894 3 6 94 116583
16 9 5 2895 3 7 95 132368
16 9 5 2896 3 0 96 100909
16 9 5 2897 3 1 97 99439
16 9 5 2898 3 2 98 107195
16 9 5 2899 3 3 99 103333
16 9 5 2900 3 4 0 111002
16 9 5 2901 3 5 1 114578
16 9 5 2902 3 6 2 118833
16 9 5 2903 3 7 3 123648
16 9 5 2904 3 0 4 105495
16 9 5 2905 3 1 5 102844
16 9 5 2906 3 2 6 94785
16 9 5 2907 3 3 7 104812
16 9 5 2908 3 4 8 118449
16 9 5 2909 3 5 9 118395
16 9 5 2910 3 6 10 126984
16 9 5 2911 3 7 11 139287
16 9 5 2912 3 0 12 100142
16 9 5 2913 3 1 13 101077
16 9 5 2914 3 2 14 103943
16 9 5 2915 3 3 15 96489
16 9 5 2916 3 4 16 87722
16 9 5 2917 3 5 17 140798
16 9 5 2918 3 6 18 100196
16 9 5 2919 3 7 19 100612
16 9 5 2920 3 0 20 103284
16 9 5 2921 3 1 21 100121
16 9 5 2922 3 2 22 109048
16 9 5 2923 3 3 23 99879
16 9 5 2924 3 4 24 94656
16 9 5 2925 3 5 25 107376
16 9 5 2926 3 6 26 104633
16 9 5 2927 3 7 27 88197
16 9 5 2928 3 0 28 101163
16 9 5 2929 3 1 29 100840
16 9 5 2930 3 2 30 105818
16 9 5 2931 3 3 31 104844
16 9 5 2932 3 4 32 113748
16 9 5 2933 3 5 33 108003
16 9 5 2934 3 6 34 111007
16 9 5 2935 3 7 35 117284
16 9 5 2936 3 0 36 102550
16 9 5 2937 3 1 37 104467
16 9 5 2938 3 2 38 112014
16 9 5 2939 3 3 39 119315
16 9 5 2940 3 4 40 107107
16 9 5 2941 3 5 41 118820
16 9 5 2942 3 6 42 102453
16 9 5 2943 3 7 43 131498
16 9 5 2944 3 0 44 98887
16 9 5 2945 3 1 45 99525
16 9 5 2946 3 2 46 110350
16 9 5 2947 3 3 47 111355
16 9 5 2948 3 4 48 104121
16 9 5 2949 3 5 49 119730
16 9 5 2950 3 6 50 108107
16 9 5 2951 3 7 51 115515
16 9 5 2952 3 0 52 103436
16 9 5 2953 3 1 53 95541
16 9 5 2954 3 2 54 100923
16 9 5 2955 3 3 55 106268
16 9 5 2956 3 4 56 108688
16 9 5 2957 3 5 57 115615
16 9 5 2958 3 6 58 117884
16 9 5 2959 3 7 59 132871
16 9 5 2960 3 0 60 105738
16 9 5 2961 3 1 61 102131
16 9 5 2962 3 2 62 106934
16 9 5 2963 3 3 63 114139
16 9 5 2964 3 4 64 90317
16 9 5 2965 3 5 65 115438
16 9 5 2966 3 6 66 90785
16 9 5 2967 3 7 67 140480
16 9 5 2968 3 0 68 100053
16 9 5 2969 3 1 69 109626
16 9 5 2970 3 2 70 114169
16 9 5 2971 3 3 71 94335
16 9 5 2972 3 4 72 109921
16 9 5 2973 3 5 73 124730
16 9 5 2974 3 6 74 128119
16 9 5 2975 3 7 75 95722
16 9 5 2976 3 0 76 100429
16 9 5 2977 3 1 77 98543
16 9 5 2978 3 2 78 107070
16 9 5 2979 3 3 79 101874
16 9 5 2980 3 4 80 103032
16 9 5 2981 3 5 81 103702
16 9 5 2982 3 6 82 111015
16 9 5 2983 3 7 83 109180
16 9 5 2984 3 0 84 102665
16 9 5 2985 3 1 85 99485
16 9 5 2986 3 2 86 102050
16 9 5 2987 3 3 87 102899
16 9 5 2988 3 4 88 91014
16 9 5 2989 3 5 89 94576
16 9 5 2990 3 6 90 107962
16 9 5 2991 3 7 91 120018
16 9 5 2992 3 0 92 105218
16 9 5 2993 3 1 93 105695
16 9 5 2994 3 2 94 104091
16 9 5 2995 3 3 95 111534
16 9 5 2996 3 4 96 102573
16 9 5 2997 3 5 97 104564
16 9 5 2998 3 6 98 124967
16 9 5 2999 3 7 99 102115
