8 5 1 3000 3 0 0 100936
8 5 1 3001 3 1 1 98521
8 5 1 3002 3 2 2 101480
8 5 1 3003 3 3 3 97395
8 5 1 3004 3 4 4 95116
8 5 1 3005 3 5 5 109701
8 5 1 3006 3 6 6 92012
8 5 1 3007 3 7 7 97487
8 5 1 3008 3 0 8 100876
8 5 1 3009 3 1 9 98569
8 5 1 3010 3 2 10 100503
8 5 1 3011 3 3 11 104736
8 5 1 3012 3 4 12 104395
8 5 1 3013 3 5 13 98433
8 5 1 3014 3 6 14 99156
8 5 1 3015 3 7 15 97726
8 5 1 3016 3 0 16 99948
8 5 1 3017 3 1 17 101522
8 5 1 3018 3 2 18 97420
8 5 1 3019 3 3 19 96250
8 5 1 3020 3 4 20 97827
8 5 1 3021 3 5 21 106787
8 5 1 3022 3 6 22 101700
8 5 1 3023 3 7 23 103250
8 5 1 3024 3 0 24 100642
8 5 1 3025 3 1 25 101071
8 5 1 3026 3 2 26 103349
8 5 1 3027 3 3 27 99185
8 5 1 3028 3 4 28 106608
8 5 1 3029 3 5 29 102095
8 5 1 3030 3 6 30 108624
8 5 1 3031 3 7 31 103475
8 5 1 3032 3 0 32 100412
8 5 1 3033 3 1 33 98782
8 5 1 3034 3 2 34 102665
8 5 1 3035 3 3 35 104393
8 5 1 3036 3 4 36 105890
8 5 1 3037 3 5 37 103767
8 5 1 3038 3 6 38 111402
8 5 1 3039 3 7 39 107351
8 5 1 3040 3 0 40 101331
8 5 1 3041 3 1 41 102013
8 5 1 3042 3 2 42 97636
8 5 1 3043 3 3 43 104750
8 5 1 3044 3 4 44 105935
8 5 1 3045 3 5 45 103546
8 5 1 3046 3 6 46 111395
8 5 1 3047 3 7 47 108244
8 5 1 3048 3 0 48 101204
8 5 1 3049 3 1 49 102031
8 5 1 3050 3 2 50 98100
8 5 1 3051 3 3 51 104417
8 5 1 3052 3 4 52 106751
8 5 1 3053 3 5 53 110137
8 5 1 3054 3 6 54 100474
8 5 1 3055 3 7 55 96476
8 5 1 3056 3 0 56 100938
8 5 1 3057 3 1 57 101964
8 5 1 3058 3 2 58 103293
8 5 1 3059 3 3 59 102750
8 5 1 3060 3 4 60 104346
8 5 1 3061 3 5 61 96091
8 5 1 3062 3 6 62 107741
8 5 1 3063 3 7 63 105335
8 5 1 3064 3 0 64 100368
8 5 1 3065 3 1 65 101944
8 5 1 3066 3 2 66 96528
8 5 1 3067 3 3 67 104732
8 5 1 3068 3 4 68 97215
8 5 1 3069 3 5 69 109348
8 5 1 3070 3 6 70 111466
8 5 1 3071 3 7 71 113238
8 5 1 3072 3 0 72 100971
8 5 1 3073 3 1 73 101890
8 5 1 3074 3 2 74 96910
8 5 1 3075 3 3 75 101750
8 5 1 3076 3 4 76 102776
8 5 1 3077 3 5 77 100320
8 5 1 3078 3 6 78 96099
8 5 1 3079 3 7 79 90694
8 5 1 3080 3 0 80 98586
8 5 1 3081 3 1 81 99363
8 5 1 3082 3 2 82 100563
8 5 1 3083 3 3 83 103750
8 5 1 3084 3 4 84 100221
8 5 1 3085 3 5 85 97055
8 5 1 3086 3 6 86 103224
8 5 1 3087 3 7 87 108302
8 5 1 3088 3 0 88 98916
8 5 1 3089 3 1 89 99095
8 5 1 3090 3 2 90 101174
8 5 1 3091 3 3 91 100720
8 5 1 3092 3 4 92 105128
8 5 1 3093 3 5 93 93850
8 5 1 3094 3 6 94 91683
8 5 1 3095 3 7 95 113090
8 5 1 3096 3 0 96 99493
8 5 1 3097 3 1 97 99167
8 5 1 3098 3 2 98 103375
8 5 1 3099 3 3 99 95860
8 5 1 3100 3 4 0 105154
8 5 1 3101 3 5 1 98905
8 5 1 3102 3 6 2 106785
8 5 1 3103 3 7 3 99033
8 5 1 3104 3 0 4 99046
8 5 1 3105 3 1 5 101956
8 5 1 3106 3 2 6 99130
8 5 1 3107 3 3 7 100750
8 5 1 3108 3 4 8 104141
8 5 1 3109 3 5 9 98579
8 5 1 3110 3 6 10 98793
8 5 1 3111 3 7 11 111523
8 5 1 3112 3 0 12 101325
8 5 1 3113 3 1 13 99476
8 5 1 3114 3 2 14 99984
8 5 1 3115 3 3 15 103000
8 5 1 3116 3 4 16 100370
8 5 1 3117 3 5 17 102946
8 5 1 3118 3 6 18 95909
8 5 1 3119 3 7 19 92636
8 5 1 3120 3 0 20 99431
8 5 1 3121 3 1 21 101759
8 5 1 3122 3 2 22 103335
8 5 1 3123 3 3 23 104313
8 5 1 3124 3 4 24 102395
8 5 1 3125 3 5 25 103307
8 5 1 3126 3 6 26 108531
8 5 1 3127 3 7 27 98403
8 5 1 3128 3 0 28 101284
8 5 1 3129 3 1 29 100405
8 5 1 3130 3 2 30 103392
8 5 1 3131 3 3 31 104045
8 5 1 3132 3 4 32 101894
8 5 1 3133 3 5 33 95503
8 5 1 3134 3 6 34 105741
8 5 1 3135 3 7 35 105237
8 5 1 3136 3 0 36 101180
8 5 1 3137 3 1 37 101664
8 5 1 3138 3 2 38 103328
8 5 1 3139 3 3 39 103332
8 5 1 3140 3 4 40 106291
8 5 1 3141 3 5 41 110112
8 5 1 3142 3 6 42 101008
8 5 1 3143 3 7 43 104665
8 5 1 3144 3 0 44 101169
8 5 1 3145 3 1 45 100496
8 5 1 3146 3 2 46 103299
8 5 1 3147 3 3 47 102870
8 5 1 3148 3 4 48 104468
8 5 1 3149 3 5 49 105142
8 5 1 3150 3 6 50 98322
8 5 1 3151 3 7 51 107775
8 5 1 3152 3 0 52 101335
8 5 1 3153 3 1 53 102027
8 5 1 3154 3 2 54 99298
8 5 1 3155 3 3 55 99445
8 5 1 3156 3 4 56 104836
8 5 1 3157 3 5 57 104636
8 5 1 3158 3 6 58 109008
8 5 1 3159 3 7 59 109653
8 5 1 3160 3 0 60 100927
8 5 1 3161 3 1 61 98600
8 5 1 3162 3 2 62 102803
8 5 1 3163 3 3 63 104736
8 5 1 3164 3 4 64 99971
8 5 1 3165 3 5 65 109900
8 5 1 3166 3 6 66 88936
8 5 1 3167 3 7 67 112283
8 5 1 3168 3 0 68 99456
8 5 1 3169 3 1 69 102027
8 5 1 3170 3 2 70 103348
8 5 1 3171 3 3 71 104687
8 5 1 3172 3 4 72 103281
8 5 1 3173 3 5 73 103536
8 5 1 3174 3 6 74 100076
8 5 1 3175 3 7 75 107215
8 5 1 3176 3 0 76 100078
8 5 1 3177 3 1 77 98247
8 5 1 3178 3 2 78 101123
8 5 1 3179 3 3 79 96250
8 5 1 3180 3 4 80 92882
8 5 1 3181 3 5 81 101105
8 5 1 3182 3 6 82 101300
8 5 1 3183 3 7 83 99067
8 5 1 3184 3 0 84 100216
8 5 1 3185 3 1 85 99385
8 5 1 3186 3 2 86 100187
8 5 1 3187 3 3 87 101750
8 5 1 3188 3 4 88 95308
8 5 1 3189 3 5 89 97464
8 5 1 3190 3 6 90 107206
8 5 1 3191 3 7 91 100415
8 5 1 3192 3 0 92 100970
8 5 1 3193 3 1 93 98557
8 5 1 3194 3 2 94 96952
8 5 1 3195 3 3 95 104750
8 5 1 3196 3 4 96 97337
8 5 1 3197 3 5 97 99784
8 5 1 3198 3 6 98 109147
8 5 1 3199 3 7 99 94711
8 5 1 3200 4 0 0 101300
8 5 1 3201 4 1 1 101959
8 5 1 3202 4 2 2 102808
8 5 1 3203 4 3 3 104201
8 5 1 3204 4 4 4 106714
8 5 1 3205 4 5 5 106351
8 5 1 3206 4 6 6 111054
8 5 1 3207 4 7 7 110199
8 5 1 3208 4 0 8 99937
8 5 1 3209 4 1 9 102016
8 5 1 3210 4 2 10 103124
8 5 1 3211 4 3 11 104473
8 5 1 3212 4 4 12 106464
8 5 1 3213 4 5 13 109570
8 5 1 3214 4 6 14 105384
8 5 1 3215 4 7 15 112916
8 5 1 3216 4 0 16 101230
8 5 1 3217 4 1 17 101967
8 5 1 3218 4 2 18 102986
8 5 1 3219 4 3 19 104493
8 5 1 3220 4 4 20 106296
8 5 1 3221 4 5 21 109410
8 5 1 3222 4 6 22 102662
8 5 1 3223 4 7 23 112967
8 5 1 3224 4 0 24 101314
8 5 1 3225 4 1 25 101695
8 5 1 3226 4 2 26 102955
8 5 1 3227 4 3 27 104001
8 5 1 3228 4 4 28 106554
8 5 1 3229 4 5 29 109953
8 5 1 3230 4 6 30 110527
8 5 1 3231 4 7 31 112863
8 5 1 3232 4 0 32 101332
8 5 1 3233 4 1 33 101792
8 5 1 3234 4 2 34 103344
8 5 1 3235 4 3 35 99568
8 5 1 3236 4 4 36 105992
8 5 1 3237 4 5 37 109761
8 5 1 3238 4 6 38 110964
8 5 1 3239 4 7 39 105396
8 5 1 3240 4 0 40 101309
8 5 1 3241 4 1 41 101946
8 5 1 3242 4 2 42 103258
8 5 1 3243 4 3 43 104591
8 5 1 3244 4 4 44 106290
8 5 1 3245 4 5 45 109789
8 5 1 3246 4 6 46 110634
8 5 1 3247 4 7 47 106616
8 5 1 3248 4 0 48 101344
8 5 1 3249 4 1 49 100520
8 5 1 3250 4 2 50 102782
8 5 1 3251 4 3 51 104621
8 5 1 3252 4 4 52 106762
8 5 1 3253 4 5 53 106223
8 5 1 3254 4 6 54 106023
8 5 1 3255 4 7 55 112222
8 5 1 3256 4 0 56 101330
8 5 1 3257 4 1 57 101882
8 5 1 3258 4 2 58 103232
8 5 1 3259 4 3 59 104565
8 5 1 3260 4 4 60 105842
8 5 1 3261 4 5 61 109638
8 5 1 3262 4 6 62 107805
8 5 1 3263 4 7 63 112044
8 5 1 3264 4 0 64 101303
8 5 1 3265 4 1 65 102013
8 5 1 3266 4 2 66 103084
8 5 1 3267 4 3 67 104645
8 5 1 3268 4 4 68 103083
8 5 1 3269 4 5 69 109779
8 5 1 3270 4 6 70 105468
8 5 1 3271 4 7 71 113074
8 5 1 3272 4 0 72 101263
8 5 1 3273 4 1 73 99271
8 5 1 3274 4 2 74 99650
8 5 1 3275 4 3 75 102738
8 5 1 3276 4 4 76 106461
8 5 1 3277 4 5 77 109540
8 5 1 3278 4 6 78 105569
8 5 1 3279 4 7 79 110943
8 5 1 3280 4 0 80 101286
8 5 1 3281 4 1 81 101978
8 5 1 3282 4 2 82 103258
8 5 1 3283 4 3 83 104625
8 5 1 3284 4 4 84 106250
8 5 1 3285 4 5 85 106175
8 5 1 3286 4 6 86 106094
8 5 1 3287 4 7 87 113094
8 5 1 3288 4 0 88 101297
8 5 1 3289 4 1 89 101961
8 5 1 3290 4 2 90 102964
8 5 1 3291 4 3 91 101780
8 5 1 3292 4 4 92 106637
8 5 1 3293 4 5 93 109087
8 5 1 3294 4 6 94 110407
8 5 1 3295 4 7 95 113148
8 5 1 3296 4 0 96 101346
8 5 1 3297 4 1 97 101957
8 5 1 3298 4 2 98 102939
8 5 1 3299 4 3 99 104337
8 5 1 3300 4 4 0 106456
8 5 1 3301 4 5 1 108422
8 5 1 3302 4 6 2 109408
8 5 1 3303 4 7 3 112276
8 5 1 3304 4 0 4 101341
8 5 1 3305 4 1 5 101809
8 5 1 3306 4 2 6 103162
8 5 1 3307 4 3 7 104551
8 5 1 3308 4 4 8 102425
8 5 1 3309 4 5 9 109807
8 5 1 3310 4 6 10 110648
8 5 1 3311 4 7 11 112557
8 5 1 3312 4 0 12 101295
8 5 1 3313 4 1 13 101906
8 5 1 3314 4 2 14 100044
8 5 1 3315 4 3 15 104436
8 5 1 3316 4 4 16 106133
8 5 1 3317 4 5 17 109727
8 5 1 3318 4 6 18 110214
8 5 1 3319 4 7 19 112672
8 5 1 3320 4 0 20 101259
8 5 1 3321 4 1 21 101940
8 5 1 3322 4 2 22 102959
8 5 1 3323 4 3 23 104550
8 5 1 3324 4 4 24 106503
8 5 1 3325 4 5 25 107848
8 5 1 3326 4 6 26 110320
8 5 1 3327 4 7 27 111815
8 5 1 3328 4 0 28 101318
8 5 1 3329 4 1 29 101987
8 5 1 3330 4 2 30 103316
8 5 1 3331 4 3 31 104536
8 5 1 3332 4 4 32 106664
8 5 1 3333 4 5 33 109072
8 5 1 3334 4 6 34 111124
8 5 1 3335 4 7 35 107714
8 5 1 3336 4 0 36 101204
8 5 1 3337 4 1 37 101977
8 5 1 3338 4 2 38 103096
8 5 1 3339 4 3 39 100939
8 5 1 3340 4 4 40 106439
8 5 1 3341 4 5 41 109450
8 5 1 3342 4 6 42 110814
8 5 1 3343 4 7 43 112747
8 5 1 3344 4 0 44 101224
8 5 1 3345 4 1 45 101972
8 5 1 3346 4 2 46 103163
8 5 1 3347 4 3 47 99020
8 5 1 3348 4 4 48 106619
8 5 1 3349 4 5 49 105590
8 5 1 3350 4 6 50 109746
8 5 1 3351 4 7 51 113086
8 5 1 3352 4 0 52 101352
8 5 1 3353 4 1 53 100716
8 5 1 3354 4 2 54 98517
8 5 1 3355 4 3 55 104480
8 5 1 3356 4 4 56 106744
8 5 1 3357 4 5 57 109395
8 5 1 3358 4 6 58 110411
8 5 1 3359 4 7 59 112749
8 5 1 3360 4 0 60 101169
8 5 1 3361 4 1 61 101910
8 5 1 3362 4 2 62 103256
8 5 1 3363 4 3 63 104503
8 5 1 3364 4 4 64 106501
8 5 1 3365 4 5 65 109423
8 5 1 3366 4 6 66 110508
8 5 1 3367 4 7 67 113236
8 5 1 3368 4 0 68 101142
8 5 1 3369 4 1 69 102028
8 5 1 3370 4 2 70 98824
8 5 1 3371 4 3 71 104510
8 5 1 3372 4 4 72 106400
8 5 1 3373 4 5 73 95028
8 5 1 3374 4 6 74 104528
8 5 1 3375 4 7 75 110444
8 5 1 3376 4 0 76 101294
8 5 1 3377 4 1 77 101848
8 5 1 3378 4 2 78 98721
8 5 1 3379 4 3 79 104471
8 5 1 3380 4 4 80 106426
8 5 1 3381 4 5 81 109871
8 5 1 3382 4 6 82 111010
8 5 1 3383 4 7 83 113064
8 5 1 3384 4 0 84 101250
8 5 1 3385 4 1 85 101921
8 5 1 3386 4 2 86 103226
8 5 1 3387 4 3 87 104544
8 5 1 3388 4 4 88 106246
8 5 1 3389 4 5 89 109767
8 5 1 3390 4 6 90 110301
8 5 1 3391 4 7 91 109021
8 5 1 3392 4 0 92 101327
8 5 1 3393 4 1 93 101908
8 5 1 3394 4 2 94 103280
8 5 1 3395 4 3 95 104750
8 5 1 3396 4 4 96 106709
8 5 1 3397 4 5 97 109549
8 5 1 3398 4 6 98 110200
8 5 1 3399 4 7 99 112695
8 5 1 3400 4 0 0 101300
8 5 1 3401 4 1 1 101959
8 5 1 3402 4 2 2 102808
8 5 1 3403 4 3 3 104201
8 5 1 3404 4 4 4 106714
8 5 1 3405 4 5 5 106351
8 5 1 3406 4 6 6 111054
8 5 1 3407 4 7 7 110199
8 5 1 3408 4 0 8 99937
8 5 1 3409 4 1 9 102016
8 5 1 3410 4 2 10 103124
8 5 1 3411 4 3 11 104473
8 5 1 3412 4 4 12 106464
8 5 1 3413 4 5 13 109570
8 5 1 3414 4 6 14 105384
8 5 1 3415 4 7 15 112916
8 5 1 3416 4 0 16 101230
8 5 1 3417 4 1 17 101967
8 5 1 3418 4 2 18 102986
8 5 1 3419 4 3 19 104493
8 5 1 3420 4 4 20 106296
8 5 1 3421 4 5 21 109410
8 5 1 3422 4 6 22 102662
8 5 1 3423 4 7 23 112967
8 5 1 3424 4 0 24 101314
8 5 1 3425 4 1 25 101695
8 5 1 3426 4 2 26 102955
8 5 1 3427 4 3 27 104001
8 5 1 3428 4 4 28 106554
8 5 1 3429 4 5 29 109953
8 5 1 3430 4 6 30 110527
8 5 1 3431 4 7 31 112863
8 5 1 3432 4 0 32 101332
8 5 1 3433 4 1 33 101792
8 5 1 3434 4 2 34 103344
8 5 1 3435 4 3 35 99568
8 5 1 3436 4 4 36 105992
8 5 1 3437 4 5 37 109761
8 5 1 3438 4 6 38 110964
8 5 1 3439 4 7 39 105396
8 5 1 3440 4 0 40 101309
8 5 1 3441 4 1 41 101946
8 5 1 3442 4 2 42 103258
8 5 1 3443 4 3 43 104591
8 5 1 3444 4 4 44 106290
8 5 1 3445 4 5 45 109789
8 5 1 3446 4 6 46 110634
8 5 1 3447 4 7 47 106616
8 5 1 3448 4 0 48 101344
8 5 1 3449 4 1 49 100520
8 5 1 3450 4 2 50 102782
8 5 1 3451 4 3 51 104621
8 5 1 3452 4 4 52 106762
8 5 1 3453 4 5 53 106223
8 5 1 3454 4 6 54 106023
8 5 1 3455 4 7 55 112222
8 5 1 3456 4 0 56 101330
8 5 1 3457 4 1 57 101882
8 5 1 3458 4 2 58 103232
8 5 1 3459 4 3 59 104565
8 5 1 3460 4 4 60 105842
8 5 1 3461 4 5 61 109638
8 5 1 3462 4 6 62 107805
8 5 1 3463 4 7 63 112044
8 5 1 3464 4 0 64 101303
8 5 1 3465 4 1 65 102013
8 5 1 3466 4 2 66 103084
8 5 1 3467 4 3 67 104645
8 5 1 3468 4 4 68 103083
8 5 1 3469 4 5 69 109779
8 5 1 3470 4 6 70 105468
8 5 1 3471 4 7 71 113074
8 5 1 3472 4 0 72 101263
8 5 1 3473 4 1 73 99271
8 5 1 3474 4 2 74 99650
8 5 1 3475 4 3 75 102738
8 5 1 3476 4 4 76 106461
8 5 1 3477 4 5 77 109540
8 5 1 3478 4 6 78 105569
8 5 1 3479 4 7 79 110943
8 5 1 3480 4 0 80 101286
8 5 1 3481 4 1 81 101978
8 5 1 3482 4 2 82 103258
8 5 1 3483 4 3 83 104625
8 5 1 3484 4 4 84 106250
8 5 1 3485 4 5 85 106175
8 5 1 3486 4 6 86 106094
8 5 1 3487 4 7 87 113094
8 5 1 3488 4 0 88 101297
8 5 1 3489 4 1 89 101961
8 5 1 3490 4 2 90 102964
8 5 1 3491 4 3 91 101780
8 5 1 3492 4 4 92 106637
8 5 1 3493 4 5 93 109087
8 5 1 3494 4 6 94 110407
8 5 1 3495 4 7 95 113148
8 5 1 3496 4 0 96 101346
8 5 1 3497 4 1 97 101957
8 5 1 3498 4 2 98 102939
8 5 1 3499 4 3 99 104337
8 5 1 3500 4 4 0 106456
8 5 1 3501 4 5 1 108422
8 5 1 3502 4 6 2 109408
8 5 1 3503 4 7 3 112276
8 5 1 3504 4 0 4 101341
8 5 1 3505 4 1 5 101809
8 5 1 3506 4 2 6 103162
8 5 1 3507 4 3 7 104551
8 5 1 3508 4 4 8 102425
8 5 1 3509 4 5 9 109807
8 5 1 3510 4 6 10 110648
8 5 1 3511 4 7 11 112557
8 5 1 3512 4 0 12 101295
8 5 1 3513 4 1 13 101906
8 5 1 3514 4 2 14 100044
8 5 1 3515 4 3 15 104436
8 5 1 3516 4 4 16 106133
8 5 1 3517 4 5 17 109727
8 5 1 3518 4 6 18 110214
8 5 1 3519 4 7 19 112672
8 5 1 3520 4 0 20 101259
8 5 1 3521 4 1 21 101940
8 5 1 3522 4 2 22 102959
8 5 1 3523 4 3 23 104550
8 5 1 3524 4 4 24 106503
8 5 1 3525 4 5 25 107848
8 5 1 3526 4 6 26 110320
8 5 1 3527 4 7 27 111815
8 5 1 3528 4 0 28 101318
8 5 1 3529 4 1 29 101987
8 5 1 3530 4 2 30 103316
8 5 1 3531 4 3 31 104536
8 5 1 3532 4 4 32 106664
8 5 1 3533 4 5 33 109072
8 5 1 3534 4 6 34 111124
8 5 1 3535 4 7 35 107714
8 5 1 3536 4 0 36 101204
8 5 1 3537 4 1 37 101977
8 5 1 3538 4 2 38 103096
8 5 1 3539 4 3 39 100939
8 5 1 3540 4 4 40 106439
8 5 1 3541 4 5 41 109450
8 5 1 3542 4 6 42 110814
8 5 1 3543 4 7 43 112747
8 5 1 3544 4 0 44 101224
8 5 1 3545 4 1 45 101972
8 5 1 3546 4 2 46 103163
8 5 1 3547 4 3 47 99020
8 5 1 3548 4 4 48 106619
8 5 1 3549 4 5 49 105590
8 5 1 3550 4 6 50 109746
8 5 1 3551 4 7 51 113086
8 5 1 3552 4 0 52 101352
8 5 1 3553 4 1 53 100716
8 5 1 3554 4 2 54 98517
8 5 1 3555 4 3 55 104480
8 5 1 3556 4 4 56 106744
8 5 1 3557 4 5 57 109395
8 5 1 3558 4 6 58 110411
8 5 1 3559 4 7 59 112749
8 5 1 3560 4 0 60 101169
8 5 1 3561 4 1 61 101910
8 5 1 3562 4 2 62 103256
8 5 1 3563 4 3 63 104503
8 5 1 3564 4 4 64 106501
8 5 1 3565 4 5 65 109423
8 5 1 3566 4 6 66 110508
8 5 1 3567 4 7 67 113236
8 5 1 3568 4 0 68 101142
8 5 1 3569 4 1 69 102028
8 5 1 3570 4 2 70 98824
8 5 1 3571 4 3 71 104510
8 5 1 3572 4 4 72 106400
8 5 1 3573 4 5 73 95028
8 5 1 3574 4 6 74 104528
8 5 1 3575 4 7 75 110444
8 5 1 3576 4 0 76 101294
8 5 1 3577 4 1 77 101848
8 5 1 3578 4 2 78 98721
8 5 1 3579 4 3 79 104471
8 5 1 3580 4 4 80 106426
8 5 1 3581 4 5 81 109871
8 5 1 3582 4 6 82 111010
8 5 1 3583 4 7 83 113064
8 5 1 3584 4 0 84 101250
8 5 1 3585 4 1 85 101921
8 5 1 3586 4 2 86 103226
8 5 1 3587 4 3 87 104544
8 5 1 3588 4 4 88 106246
8 5 1 3589 4 5 89 109767
8 5 1 3590 4 6 90 110301
8 5 1 3591 4 7 91 109021
8 5 1 3592 4 0 92 101327
8 5 1 3593 4 1 93 101908
8 5 1 3594 4 2 94 103280
8 5 1 3595 4 3 95 104750
8 5 1 3596 4 4 96 106709
8 5 1 3597 4 5 97 109549
8 5 1 3598 4 6 98 110200
8 5 1 3599 4 7 99 112695
8 5 2 3000 3 0 0 100033
8 5 2 3001 3 1 1 98952
8 5 2 3002 3 2 2 103032
8 5 2 3003 3 3 3 100314
8 5 2 3004 3 4 4 101561
8 5 2 3005 3 5 5 120038
8 5 2 3006 3 6 6 91665
8 5 2 3007 3 7 7 110037
8 5 2 3008 3 0 8 101283
8 5 2 3009 3 1 9 98305
8 5 2 3010 3 2 10 97110
8 5 2 3011 3 3 11 106162
8 5 2 3012 3 4 12 109575
8 5 2 3013 3 5 13 99559
8 5 2 3014 3 6 14 87771
8 5 2 3015 3 7 15 89209
8 5 2 3016 3 0 16 99807
8 5 2 3017 3 1 17 99904
8 5 2 3018 3 2 18 99880
8 5 2 3019 3 3 19 94414
8 5 2 3020 3 4 20 92133
8 5 2 3021 3 5 21 117368
8 5 2 3022 3 6 22 105048
8 5 2 3023 3 7 23 111888
8 5 2 3024 3 0 24 100953
8 5 2 3025 3 1 25 103065
8 5 2 3026 3 2 26 106834
8 5 2 3027 3 3 27 103593
8 5 2 3028 3 4 28 109272
8 5 2 3029 3 5 29 110555
8 5 2 3030 3 6 30 119606
8 5 2 3031 3 7 31 100674
8 5 2 3032 3 0 32 100835
8 5 2 3033 3 1 33 100714
8 5 2 3034 3 2 34 106127
8 5 2 3035 3 3 35 100103
8 5 2 3036 3 4 36 113033
8 5 2 3037 3 5 37 110261
8 5 2 3038 3 6 38 108827
8 5 2 3039 3 7 39 113521
8 5 2 3040 3 0 40 101560
8 5 2 3041 3 1 41 104046
8 5 2 3042 3 2 42 96203
8 5 2 3043 3 3 43 108308
8 5 2 3044 3 4 44 112829
8 5 2 3045 3 5 45 107580
8 5 2 3046 3 6 46 119018
8 5 2 3047 3 7 47 106809
8 5 2 3048 3 0 48 101686
8 5 2 3049 3 1 49 104053
8 5 2 3050 3 2 50 100193
8 5 2 3051 3 3 51 103786
8 5 2 3052 3 4 52 112270
8 5 2 3053 3 5 53 120282
8 5 2 3054 3 6 54 100863
8 5 2 3055 3 7 55 98469
8 5 2 3056 3 0 56 102290
8 5 2 3057 3 1 57 101323
8 5 2 3058 3 2 58 99782
8 5 2 3059 3 3 59 100060
8 5 2 3060 3 4 60 109737
8 5 2 3061 3 5 61 105241
8 5 2 3062 3 6 62 120034
8 5 2 3063 3 7 63 114930
8 5 2 3064 3 0 64 100448
8 5 2 3065 3 1 65 100629
8 5 2 3066 3 2 66 99740
8 5 2 3067 3 3 67 104494
8 5 2 3068 3 4 68 93186
8 5 2 3069 3 5 69 108416
8 5 2 3070 3 6 70 113618
8 5 2 3071 3 7 71 112008
8 5 2 3072 3 0 72 99815
8 5 2 3073 3 1 73 100265
8 5 2 3074 3 2 74 96758
8 5 2 3075 3 3 75 106486
8 5 2 3076 3 4 76 107146
8 5 2 3077 3 5 77 106963
8 5 2 3078 3 6 78 92533
8 5 2 3079 3 7 79 95731
8 5 2 3080 3 0 80 98713
8 5 2 3081 3 1 81 97985
8 5 2 3082 3 2 82 100759
8 5 2 3083 3 3 83 99406
8 5 2 3084 3 4 84 106849
8 5 2 3085 3 5 85 105488
8 5 2 3086 3 6 86 101570
8 5 2 3087 3 7 87 110346
8 5 2 3088 3 0 88 98665
8 5 2 3089 3 1 89 98627
8 5 2 3090 3 2 90 97635
8 5 2 3091 3 3 91 102683
8 5 2 3092 3 4 92 112157
8 5 2 3093 3 5 93 92348
8 5 2 3094 3 6 94 96346
8 5 2 3095 3 7 95 109881
8 5 2 3096 3 0 96 100815
8 5 2 3097 3 1 97 101081
8 5 2 3098 3 2 98 103578
8 5 2 3099 3 3 99 100308
8 5 2 3100 3 4 0 100295
8 5 2 3101 3 5 1 102187
8 5 2 3102 3 6 2 114240
8 5 2 3103 3 7 3 106213
8 5 2 3104 3 0 4 100365
8 5 2 3105 3 1 5 103901
8 5 2 3106 3 2 6 99011
8 5 2 3107 3 3 7 105456
8 5 2 3108 3 4 8 105731
8 5 2 3109 3 5 9 104255
8 5 2 3110 3 6 10 88022
8 5 2 3111 3 7 11 119875
8 5 2 3112 3 0 12 102399
8 5 2 3113 3 1 13 100550
8 5 2 3114 3 2 14 96603
8 5 2 3115 3 3 15 99217
8 5 2 3116 3 4 16 99485
8 5 2 3117 3 5 17 95412
8 5 2 3118 3 6 18 99956
8 5 2 3119 3 7 19 92611
8 5 2 3120 3 0 20 98377
8 5 2 3121 3 1 21 103839
8 5 2 3122 3 2 22 104880
8 5 2 3123 3 3 23 106528
8 5 2 3124 3 4 24 104359
8 5 2 3125 3 5 25 111861
8 5 2 3126 3 6 26 115500
8 5 2 3127 3 7 27 110717
8 5 2 3128 3 0 28 102304
8 5 2 3129 3 1 29 102292
8 5 2 3130 3 2 30 106330
8 5 2 3131 3 3 31 105006
8 5 2 3132 3 4 32 103867
8 5 2 3133 3 5 33 100919
8 5 2 3134 3 6 34 107835
8 5 2 3135 3 7 35 104550
8 5 2 3136 3 0 36 102548
8 5 2 3137 3 1 37 102258
8 5 2 3138 3 2 38 103557
8 5 2 3139 3 3 39 106101
8 5 2 3140 3 4 40 107818
8 5 2 3141 3 5 41 121228
8 5 2 3142 3 6 42 98989
8 5 2 3143 3 7 43 117238
8 5 2 3144 3 0 44 102529
8 5 2 3145 3 1 45 102525
8 5 2 3146 3 2 46 104897
8 5 2 3147 3 3 47 98355
8 5 2 3148 3 4 48 106500
8 5 2 3149 3 5 49 113543
8 5 2 3150 3 6 50 107842
8 5 2 3151 3 7 51 111732
8 5 2 3152 3 0 52 102567
8 5 2 3153 3 1 53 104057
8 5 2 3154 3 2 54 99281
8 5 2 3155 3 3 55 104134
8 5 2 3156 3 4 56 111899
8 5 2 3157 3 5 57 98770
8 5 2 3158 3 6 58 97757
8 5 2 3159 3 7 59 102599
8 5 2 3160 3 0 60 102151
8 5 2 3161 3 1 61 100388
8 5 2 3162 3 2 62 106256
8 5 2 3163 3 3 63 109244
8 5 2 3164 3 4 64 100391
8 5 2 3165 3 5 65 106309
8 5 2 3166 3 6 66 92400
8 5 2 3167 3 7 67 115914
8 5 2 3168 3 0 68 98489
8 5 2 3169 3 1 69 101243
8 5 2 3170 3 2 70 101108
8 5 2 3171 3 3 71 109396
8 5 2 3172 3 4 72 97154
8 5 2 3173 3 5 73 96135
8 5 2 3174 3 6 74 101033
8 5 2 3175 3 7 75 120162
8 5 2 3176 3 0 76 101288
8 5 2 3177 3 1 77 100166
8 5 2 3178 3 2 78 99935
8 5 2 3179 3 3 79 97187
8 5 2 3180 3 4 80 92932
8 5 2 3181 3 5 81 96189
8 5 2 3182 3 6 82 102010
8 5 2 3183 3 7 83 101387
8 5 2 3184 3 0 84 101419
8 5 2 3185 3 1 85 101226
8 5 2 3186 3 2 86 100859
8 5 2 3187 3 3 87 106218
8 5 2 3188 3 4 88 93752
8 5 2 3189 3 5 89 95902
8 5 2 3190 3 6 90 95923
8 5 2 3191 3 7 91 107164
8 5 2 3192 3 0 92 102322
8 5 2 3193 3 1 93 97709
8 5 2 3194 3 2 94 100165
8 5 2 3195 3 3 95 100345
8 5 2 3196 3 4 96 102061
8 5 2 3197 3 5 97 102093
8 5 2 3198 3 6 98 111957
8 5 2 3199 3 7 99 104533
8 5 2 3200 4 0 0 102660
8 5 2 3201 4 1 1 103995
8 5 2 3202 4 2 2 106261
8 5 2 3203 4 3 3 109021
8 5 2 3204 4 4 4 113466
8 5 2 3205 4 5 5 116438
8 5 2 3206 4 6 6 121668
8 5 2 3207 4 7 7 118246
8 5 2 3208 4 0 8 101278
8 5 2 3209 4 1 9 103433
8 5 2 3210 4 2 10 106293
8 5 2 3211 4 3 11 109267
8 5 2 3212 4 4 12 113440
8 5 2 3213 4 5 13 120211
8 5 2 3214 4 6 14 116896
8 5 2 3215 4 7 15 124157
8 5 2 3216 4 0 16 102562
8 5 2 3217 4 1 17 103969
8 5 2 3218 4 2 18 106352
8 5 2 3219 4 3 19 109115
8 5 2 3220 4 4 20 112177
8 5 2 3221 4 5 21 120122
8 5 2 3222 4 6 22 104630
8 5 2 3223 4 7 23 127512
8 5 2 3224 4 0 24 102674
8 5 2 3225 4 1 25 103663
8 5 2 3226 4 2 26 106078
8 5 2 3227 4 3 27 108613
8 5 2 3228 4 4 28 113564
8 5 2 3229 4 5 29 120767
8 5 2 3230 4 6 30 122744
8 5 2 3231 4 7 31 127250
8 5 2 3232 4 0 32 102648
8 5 2 3233 4 1 33 103772
8 5 2 3234 4 2 34 106801
8 5 2 3235 4 3 35 103033
8 5 2 3236 4 4 36 113050
8 5 2 3237 4 5 37 119931
8 5 2 3238 4 6 38 123006
8 5 2 3239 4 7 39 118461
8 5 2 3240 4 0 40 102576
8 5 2 3241 4 1 41 103967
8 5 2 3242 4 2 42 106533
8 5 2 3243 4 3 43 109523
8 5 2 3244 4 4 44 113429
8 5 2 3245 4 5 45 120082
8 5 2 3246 4 6 46 122380
8 5 2 3247 4 7 47 120215
8 5 2 3248 4 0 48 102693
8 5 2 3249 4 1 49 102529
8 5 2 3250 4 2 50 106141
8 5 2 3251 4 3 51 109188
8 5 2 3252 4 4 52 113818
8 5 2 3253 4 5 53 116711
8 5 2 3254 4 6 54 115817
8 5 2 3255 4 7 55 126330
8 5 2 3256 4 0 56 102615
8 5 2 3257 4 1 57 103705
8 5 2 3258 4 2 58 106586
8 5 2 3259 4 3 59 109140
8 5 2 3260 4 4 60 112779
8 5 2 3261 4 5 61 120298
8 5 2 3262 4 6 62 119330
8 5 2 3263 4 7 63 126549
8 5 2 3264 4 0 64 102567
8 5 2 3265 4 1 65 104068
8 5 2 3266 4 2 66 106440
8 5 2 3267 4 3 67 108880
8 5 2 3268 4 4 68 109815
8 5 2 3269 4 5 69 120129
8 5 2 3270 4 6 70 116201
8 5 2 3271 4 7 71 127553
8 5 2 3272 4 0 72 102544
8 5 2 3273 4 1 73 100650
8 5 2 3274 4 2 74 102842
8 5 2 3275 4 3 75 107413
8 5 2 3276 4 4 76 113500
8 5 2 3277 4 5 77 119789
8 5 2 3278 4 6 78 117276
8 5 2 3279 4 7 79 125288
8 5 2 3280 4 0 80 102219
8 5 2 3281 4 1 81 103789
8 5 2 3282 4 2 82 106672
8 5 2 3283 4 3 83 109315
8 5 2 3284 4 4 84 113312
8 5 2 3285 4 5 85 116579
8 5 2 3286 4 6 86 117766
8 5 2 3287 4 7 87 127865
8 5 2 3288 4 0 88 102609
8 5 2 3289 4 1 89 104018
8 5 2 3290 4 2 90 106221
8 5 2 3291 4 3 91 106175
8 5 2 3292 4 4 92 113533
8 5 2 3293 4 5 93 119574
8 5 2 3294 4 6 94 120525
8 5 2 3295 4 7 95 127703
8 5 2 3296 4 0 96 102623
8 5 2 3297 4 1 97 103377
8 5 2 3298 4 2 98 106271
8 5 2 3299 4 3 99 108854
8 5 2 3300 4 4 0 113602
8 5 2 3301 4 5 1 117927
8 5 2 3302 4 6 2 121664
8 5 2 3303 4 7 3 127174
8 5 2 3304 4 0 4 102609
8 5 2 3305 4 1 5 103744
8 5 2 3306 4 2 6 106644
8 5 2 3307 4 3 7 109429
8 5 2 3308 4 4 8 108367
8 5 2 3309 4 5 9 118363
8 5 2 3310 4 6 10 122041
8 5 2 3311 4 7 11 124526
8 5 2 3312 4 0 12 102591
8 5 2 3313 4 1 13 103907
8 5 2 3314 4 2 14 103364
8 5 2 3315 4 3 15 108762
8 5 2 3316 4 4 16 113089
8 5 2 3317 4 5 17 120309
8 5 2 3318 4 6 18 122338
8 5 2 3319 4 7 19 126899
8 5 2 3320 4 0 20 102414
8 5 2 3321 4 1 21 103954
8 5 2 3322 4 2 22 106361
8 5 2 3323 4 3 23 109307
8 5 2 3324 4 4 24 113623
8 5 2 3325 4 5 25 118446
8 5 2 3326 4 6 26 121042
8 5 2 3327 4 7 27 117355
8 5 2 3328 4 0 28 102631
8 5 2 3329 4 1 29 103973
8 5 2 3330 4 2 30 106697
8 5 2 3331 4 3 31 109261
8 5 2 3332 4 4 32 113629
8 5 2 3333 4 5 33 119927
8 5 2 3334 4 6 34 117001
8 5 2 3335 4 7 35 119989
8 5 2 3336 4 0 36 102552
8 5 2 3337 4 1 37 103983
8 5 2 3338 4 2 38 106560
8 5 2 3339 4 3 39 105319
8 5 2 3340 4 4 40 113092
8 5 2 3341 4 5 41 118898
8 5 2 3342 4 6 42 122970
8 5 2 3343 4 7 43 123402
8 5 2 3344 4 0 44 102592
8 5 2 3345 4 1 45 103883
8 5 2 3346 4 2 46 106468
8 5 2 3347 4 3 47 103434
8 5 2 3348 4 4 48 113832
8 5 2 3349 4 5 49 113475
8 5 2 3350 4 6 50 121909
8 5 2 3351 4 7 51 127459
8 5 2 3352 4 0 52 102689
8 5 2 3353 4 1 53 102746
8 5 2 3354 4 2 54 101705
8 5 2 3355 4 3 55 109332
8 5 2 3356 4 4 56 113634
8 5 2 3357 4 5 57 118431
8 5 2 3358 4 6 58 117327
8 5 2 3359 4 7 59 127242
8 5 2 3360 4 0 60 102529
8 5 2 3361 4 1 61 103881
8 5 2 3362 4 2 62 106614
8 5 2 3363 4 3 63 109373
8 5 2 3364 4 4 64 113156
8 5 2 3365 4 5 65 120030
8 5 2 3366 4 6 66 121505
8 5 2 3367 4 7 67 127256
8 5 2 3368 4 0 68 102429
8 5 2 3369 4 1 69 104084
8 5 2 3370 4 2 70 101648
8 5 2 3371 4 3 71 109453
8 5 2 3372 4 4 72 113076
8 5 2 3373 4 5 73 101606
8 5 2 3374 4 6 74 115801
8 5 2 3375 4 7 75 124399
8 5 2 3376 4 0 76 102659
8 5 2 3377 4 1 77 103860
8 5 2 3378 4 2 78 101905
8 5 2 3379 4 3 79 109250
8 5 2 3380 4 4 80 111829
8 5 2 3381 4 5 81 116875
8 5 2 3382 4 6 82 123389
8 5 2 3383 4 7 83 126737
8 5 2 3384 4 0 84 102613
8 5 2 3385 4 1 85 103897
8 5 2 3386 4 2 86 106627
8 5 2 3387 4 3 87 109264
8 5 2 3388 4 4 88 113003
8 5 2 3389 4 5 89 120545
8 5 2 3390 4 6 90 117743
8 5 2 3391 4 7 91 121665
8 5 2 3392 4 0 92 102637
8 5 2 3393 4 1 93 103950
8 5 2 3394 4 2 94 106286
8 5 2 3395 4 3 95 109580
8 5 2 3396 4 4 96 113385
8 5 2 3397 4 5 97 118457
8 5 2 3398 4 6 98 122718
8 5 2 3399 4 7 99 126864
8 5 2 3400 4 0 0 102660
8 5 2 3401 4 1 1 103995
8 5 2 3402 4 2 2 106261
8 5 2 3403 4 3 3 109021
8 5 2 3404 4 4 4 113466
8 5 2 3405 4 5 5 116438
8 5 2 3406 4 6 6 121668
8 5 2 3407 4 7 7 118246
8 5 2 3408 4 0 8 101278
8 5 2 3409 4 1 9 103433
8 5 2 3410 4 2 10 106293
8 5 2 3411 4 3 11 109267
8 5 2 3412 4 4 12 113440
8 5 2 3413 4 5 13 120211
8 5 2 3414 4 6 14 116896
8 5 2 3415 4 7 15 124157
8 5 2 3416 4 0 16 102562
8 5 2 3417 4 1 17 103969
8 5 2 3418 4 2 18 106352
8 5 2 3419 4 3 19 109115
8 5 2 3420 4 4 20 112177
8 5 2 3421 4 5 21 120122
8 5 2 3422 4 6 22 104630
8 5 2 3423 4 7 23 127512
8 5 2 3424 4 0 24 102674
8 5 2 3425 4 1 25 103663
8 5 2 3426 4 2 26 106078
8 5 2 3427 4 3 27 108613
8 5 2 3428 4 4 28 113564
8 5 2 3429 4 5 29 120767
8 5 2 3430 4 6 30 122744
8 5 2 3431 4 7 31 127250
8 5 2 3432 4 0 32 102648
8 5 2 3433 4 1 33 103772
8 5 2 3434 4 2 34 106801
8 5 2 3435 4 3 35 103033
8 5 2 3436 4 4 36 113050
8 5 2 3437 4 5 37 119931
8 5 2 3438 4 6 38 123006
8 5 2 3439 4 7 39 118461
8 5 2 3440 4 0 40 102576
8 5 2 3441 4 1 41 103967
8 5 2 3442 4 2 42 106533
8 5 2 3443 4 3 43 109523
8 5 2 3444 4 4 44 113429
8 5 2 3445 4 5 45 120082
8 5 2 3446 4 6 46 122380
8 5 2 3447 4 7 47 120215
8 5 2 3448 4 0 48 102693
8 5 2 3449 4 1 49 102529
8 5 2 3450 4 2 50 106141
8 5 2 3451 4 3 51 109188
8 5 2 3452 4 4 52 113818
8 5 2 3453 4 5 53 116711
8 5 2 3454 4 6 54 115817
8 5 2 3455 4 7 55 126330
8 5 2 3456 4 0 56 102615
8 5 2 3457 4 1 57 103705
8 5 2 3458 4 2 58 106586
8 5 2 3459 4 3 59 109140
8 5 2 3460 4 4 60 112779
8 5 2 3461 4 5 61 120298
8 5 2 3462 4 6 62 119330
8 5 2 3463 4 7 63 126549
8 5 2 3464 4 0 64 102567
8 5 2 3465 4 1 65 104068
8 5 2 3466 4 2 66 106440
8 5 2 3467 4 3 67 108880
8 5 2 3468 4 4 68 109815
8 5 2 3469 4 5 69 120129
8 5 2 3470 4 6 70 116201
8 5 2 3471 4 7 71 127553
8 5 2 3472 4 0 72 102544
8 5 2 3473 4 1 73 100650
8 5 2 3474 4 2 74 102842
8 5 2 3475 4 3 75 107413
8 5 2 3476 4 4 76 113500
8 5 2 3477 4 5 77 119789
8 5 2 3478 4 6 78 117276
8 5 2 3479 4 7 79 125288
8 5 2 3480 4 0 80 102219
8 5 2 3481 4 1 81 103789
8 5 2 3482 4 2 82 106672
8 5 2 3483 4 3 83 109315
8 5 2 3484 4 4 84 113312
8 5 2 3485 4 5 85 116579
8 5 2 3486 4 6 86 117766
8 5 2 3487 4 7 87 127865
8 5 2 3488 4 0 88 102609
8 5 2 3489 4 1 89 104018
8 5 2 3490 4 2 90 106221
8 5 2 3491 4 3 91 106175
8 5 2 3492 4 4 92 113533
8 5 2 3493 4 5 93 119574
8 5 2 3494 4 6 94 120525
8 5 2 3495 4 7 95 127703
8 5 2 3496 4 0 96 102623
8 5 2 3497 4 1 97 103377
8 5 2 3498 4 2 98 106271
8 5 2 3499 4 3 99 108854
8 5 2 3500 4 4 0 113602
8 5 2 3501 4 5 1 117927
8 5 2 3502 4 6 2 121664
8 5 2 3503 4 7 3 127174
8 5 2 3504 4 0 4 102609
8 5 2 3505 4 1 5 103744
8 5 2 3506 4 2 6 106644
8 5 2 3507 4 3 7 109429
8 5 2 3508 4 4 8 108367
8 5 2 3509 4 5 9 118363
8 5 2 3510 4 6 10 122041
8 5 2 3511 4 7 11 124526
8 5 2 3512 4 0 12 102591
8 5 2 3513 4 1 13 103907
8 5 2 3514 4 2 14 103364
8 5 2 3515 4 3 15 108762
8 5 2 3516 4 4 16 113089
8 5 2 3517 4 5 17 120309
8 5 2 3518 4 6 18 122338
8 5 2 3519 4 7 19 126899
8 5 2 3520 4 0 20 102414
8 5 2 3521 4 1 21 103954
8 5 2 3522 4 2 22 106361
8 5 2 3523 4 3 23 109307
8 5 2 3524 4 4 24 113623
8 5 2 3525 4 5 25 118446
8 5 2 3526 4 6 26 121042
8 5 2 3527 4 7 27 117355
8 5 2 3528 4 0 28 102631
8 5 2 3529 4 1 29 103973
8 5 2 3530 4 2 30 106697
8 5 2 3531 4 3 31 109261
8 5 2 3532 4 4 32 113629
8 5 2 3533 4 5 33 119927
8 5 2 3534 4 6 34 117001
8 5 2 3535 4 7 35 119989
8 5 2 3536 4 0 36 102552
8 5 2 3537 4 1 37 103983
8 5 2 3538 4 2 38 106560
8 5 2 3539 4 3 39 105319
8 5 2 3540 4 4 40 113092
8 5 2 3541 4 5 41 118898
8 5 2 3542 4 6 42 122970
8 5 2 3543 4 7 43 123402
8 5 2 3544 4 0 44 102592
8 5 2 3545 4 1 45 103883
8 5 2 3546 4 2 46 106468
8 5 2 3547 4 3 47 103434
8 5 2 3548 4 4 48 113832
8 5 2 3549 4 5 49 113475
8 5 2 3550 4 6 50 121909
8 5 2 3551 4 7 51 127459
8 5 2 3552 4 0 52 102689
8 5 2 3553 4 1 53 102746
8 5 2 3554 4 2 54 101705
8 5 2 3555 4 3 55 109332
8 5 2 3556 4 4 56 113634
8 5 2 3557 4 5 57 118431
8 5 2 3558 4 6 58 117327
8 5 2 3559 4 7 59 127242
8 5 2 3560 4 0 60 102529
8 5 2 3561 4 1 61 103881
8 5 2 3562 4 2 62 106614
8 5 2 3563 4 3 63 109373
8 5 2 3564 4 4 64 113156
8 5 2 3565 4 5 65 120030
8 5 2 3566 4 6 66 121505
8 5 2 3567 4 7 67 127256
8 5 2 3568 4 0 68 102429
8 5 2 3569 4 1 69 104084
8 5 2 3570 4 2 70 101648
8 5 2 3571 4 3 71 109453
8 5 2 3572 4 4 72 113076
8 5 2 3573 4 5 73 101606
8 5 2 3574 4 6 74 115801
8 5 2 3575 4 7 75 124399
8 5 2 3576 4 0 76 102659
8 5 2 3577 4 1 77 103860
8 5 2 3578 4 2 78 101905
8 5 2 3579 4 3 79 109250
8 5 2 3580 4 4 80 111829
8 5 2 3581 4 5 81 116875
8 5 2 3582 4 6 82 123389
8 5 2 3583 4 7 83 126737
8 5 2 3584 4 0 84 102613
8 5 2 3585 4 1 85 103897
8 5 2 3586 4 2 86 106627
8 5 2 3587 4 3 87 109264
8 5 2 3588 4 4 88 113003
8 5 2 3589 4 5 89 120545
8 5 2 3590 4 6 90 117743
8 5 2 3591 4 7 91 121665
8 5 2 3592 4 0 92 102637
8 5 2 3593 4 1 93 103950
8 5 2 3594 4 2 94 106286
8 5 2 3595 4 3 95 109580
8 5 2 3596 4 4 96 113385
8 5 2 3597 4 5 97 118457
8 5 2 3598 4 6 98 122718
8 5 2 3599 4 7 99 126864
8 5 3 3000 3 0 0 100205
8 5 3 3001 3 1 1 100951
8 5 3 3002 3 2 2 106477
8 5 3 3003 3 3 3 96684
8 5 3 3004 3 4 4 98633
8 5 3 3005 3 5 5 128519
8 5 3 3006 3 6 6 102085
8 5 3 3007 3 7 7 114340
8 5 3 3008 3 0 8 102617
8 5 3 3009 3 1 9 97112
8 5 3 3010 3 2 10 100383
8 5 3 3011 3 3 11 111075
8 5 3 3012 3 4 12 116997
8 5 3 3013 3 5 13 105184
8 5 3 3014 3 6 14 85548
8 5 3 3015 3 7 15 98456
8 5 3 3016 3 0 16 101155
8 5 3 3017 3 1 17 100724
8 5 3 3018 3 2 18 96517
8 5 3 3019 3 3 19 97433
8 5 3 3020 3 4 20 92174
8 5 3 3021 3 5 21 119169
8 5 3 3022 3 6 22 105659
8 5 3 3023 3 7 23 99071
8 5 3 3024 3 0 24 102320
8 5 3 3025 3 1 25 103938
8 5 3 3026 3 2 26 104123
8 5 3 3027 3 3 27 107009
8 5 3 3028 3 4 28 116461
8 5 3 3029 3 5 29 113388
8 5 3 3030 3 6 30 123854
8 5 3 3031 3 7 31 105202
8 5 3 3032 3 0 32 101421
8 5 3 3033 3 1 33 98692
8 5 3 3034 3 2 34 106149
8 5 3 3035 3 3 35 99928
8 5 3 3036 3 4 36 104998
8 5 3 3037 3 5 37 111231
8 5 3 3038 3 6 38 112321
8 5 3 3039 3 7 39 107040
8 5 3 3040 3 0 40 102820
8 5 3 3041 3 1 41 104478
8 5 3 3042 3 2 42 99439
8 5 3 3043 3 3 43 109068
8 5 3 3044 3 4 44 113765
8 5 3 3045 3 5 45 117692
8 5 3 3046 3 6 46 120147
8 5 3 3047 3 7 47 104555
8 5 3 3048 3 0 48 100423
8 5 3 3049 3 1 49 106133
8 5 3 3050 3 2 50 97285
8 5 3 3051 3 3 51 108694
8 5 3 3052 3 4 52 118947
8 5 3 3053 3 5 53 131675
8 5 3 3054 3 6 54 107259
8 5 3 3055 3 7 55 96027
8 5 3 3056 3 0 56 103135
8 5 3 3057 3 1 57 103343
8 5 3 3058 3 2 58 103115
8 5 3 3059 3 3 59 103179
8 5 3 3060 3 4 60 115882
8 5 3 3061 3 5 61 114721
8 5 3 3062 3 6 62 127825
8 5 3 3063 3 7 63 124546
8 5 3 3064 3 0 64 101600
8 5 3 3065 3 1 65 102528
8 5 3 3066 3 2 66 100138
8 5 3 3067 3 3 67 105075
8 5 3 3068 3 4 68 95421
8 5 3 3069 3 5 69 114544
8 5 3 3070 3 6 70 122415
8 5 3 3071 3 7 71 101515
8 5 3 3072 3 0 72 100975
8 5 3 3073 3 1 73 98182
8 5 3 3074 3 2 74 94786
8 5 3 3075 3 3 75 111422
8 5 3 3076 3 4 76 114351
8 5 3 3077 3 5 77 109351
8 5 3 3078 3 6 78 99032
8 5 3 3079 3 7 79 92951
8 5 3 3080 3 0 80 99945
8 5 3 3081 3 1 81 96060
8 5 3 3082 3 2 82 103154
8 5 3 3083 3 3 83 100275
8 5 3 3084 3 4 84 102483
8 5 3 3085 3 5 85 108047
8 5 3 3086 3 6 86 106551
8 5 3 3087 3 7 87 122355
8 5 3 3088 3 0 88 97665
8 5 3 3089 3 1 89 97519
8 5 3 3090 3 2 90 98019
8 5 3 3091 3 3 91 107536
8 5 3 3092 3 4 92 117063
8 5 3 3093 3 5 93 89169
8 5 3 3094 3 6 94 107243
8 5 3 3095 3 7 95 107012
8 5 3 3096 3 0 96 100024
8 5 3 3097 3 1 97 101309
8 5 3 3098 3 2 98 99950
8 5 3 3099 3 3 99 105097
8 5 3 3100 3 4 0 103299
8 5 3 3101 3 5 1 110903
8 5 3 3102 3 6 2 112253
8 5 3 3103 3 7 3 94540
8 5 3 3104 3 0 4 99457
8 5 3 3105 3 1 5 105684
8 5 3 3106 3 2 6 102322
8 5 3 3107 3 3 7 102192
8 5 3 3108 3 4 8 112833
8 5 3 3109 3 5 9 100362
8 5 3 3110 3 6 10 98113
8 5 3 3111 3 7 11 125585
8 5 3 3112 3 0 12 103785
8 5 3 3113 3 1 13 101720
8 5 3 3114 3 2 14 95906
8 5 3 3115 3 3 15 103448
8 5 3 3116 3 4 16 106206
8 5 3 3117 3 5 17 97177
8 5 3 3118 3 6 18 88741
8 5 3 3119 3 7 19 102147
8 5 3 3120 3 0 20 98244
8 5 3 3121 3 1 21 104639
8 5 3 3122 3 2 22 102924
8 5 3 3123 3 3 23 102697
8 5 3 3124 3 4 24 111371
8 5 3 3125 3 5 25 110629
8 5 3 3126 3 6 26 109302
8 5 3 3127 3 7 27 110471
8 5 3 3128 3 0 28 103646
8 5 3 3129 3 1 29 102540
8 5 3 3130 3 2 30 109843
8 5 3 3131 3 3 31 109926
8 5 3 3132 3 4 32 106807
8 5 3 3133 3 5 33 94602
8 5 3 3134 3 6 34 112514
8 5 3 3135 3 7 35 96363
8 5 3 3136 3 0 36 101102
8 5 3 3137 3 1 37 104197
8 5 3 3138 3 2 38 104797
8 5 3 3139 3 3 39 106101
8 5 3 3140 3 4 40 112860
8 5 3 3141 3 5 41 124145
8 5 3 3142 3 6 42 106220
8 5 3 3143 3 7 43 121221
8 5 3 3144 3 0 44 102801
8 5 3 3145 3 1 45 104596
8 5 3 3146 3 2 46 104131
8 5 3 3147 3 3 47 101716
8 5 3 3148 3 4 48 99432
8 5 3 3149 3 5 49 124896
8 5 3 3150 3 6 50 102428
8 5 3 3151 3 7 51 117824
8 5 3 3152 3 0 52 103765
8 5 3 3153 3 1 53 106149
8 5 3 3154 3 2 54 102569
8 5 3 3155 3 3 55 99258
8 5 3 3156 3 4 56 117259
8 5 3 3157 3 5 57 108686
8 5 3 3158 3 6 58 99962
8 5 3 3159 3 7 59 101495
8 5 3 3160 3 0 60 103504
8 5 3 3161 3 1 61 102058
8 5 3 3162 3 2 62 109839
8 5 3 3163 3 3 63 111441
8 5 3 3164 3 4 64 102715
8 5 3 3165 3 5 65 110328
8 5 3 3166 3 6 66 94865
8 5 3 3167 3 7 67 121021
8 5 3 3168 3 0 68 98994
8 5 3 3169 3 1 69 102429
8 5 3 3170 3 2 70 104125
8 5 3 3171 3 3 71 104972
8 5 3 3172 3 4 72 101126
8 5 3 3173 3 5 73 87615
8 5 3 3174 3 6 74 101173
8 5 3 3175 3 7 75 135866
8 5 3 3176 3 0 76 102635
8 5 3 3177 3 1 77 100499
8 5 3 3178 3 2 78 101917
8 5 3 3179 3 3 79 99839
8 5 3 3180 3 4 80 98905
8 5 3 3181 3 5 81 88308
8 5 3 3182 3 6 82 111271
8 5 3 3183 3 7 83 108847
8 5 3 3184 3 0 84 100780
8 5 3 3185 3 1 85 101862
8 5 3 3186 3 2 86 101376
8 5 3 3187 3 3 87 109160
8 5 3 3188 3 4 88 89943
8 5 3 3189 3 5 89 90914
8 5 3 3190 3 6 90 93655
8 5 3 3191 3 7 91 121147
8 5 3 3192 3 0 92 103134
8 5 3 3193 3 1 93 95898
8 5 3 3194 3 2 94 103416
8 5 3 3195 3 3 95 101103
8 5 3 3196 3 4 96 97918
8 5 3 3197 3 5 97 99221
8 5 3 3198 3 6 98 108611
8 5 3 3199 3 7 99 118761
8 5 3 3200 4 0 0 103876
8 5 3 3201 4 1 1 105839
8 5 3 3202 4 2 2 109830
8 5 3 3203 4 3 3 113887
8 5 3 3204 4 4 4 120837
8 5 3 3205 4 5 5 122111
8 5 3 3206 4 6 6 134995
8 5 3 3207 4 7 7 133074
8 5 3 3208 4 0 8 102256
8 5 3 3209 4 1 9 105479
8 5 3 3210 4 2 10 109661
8 5 3 3211 4 3 11 114089
8 5 3 3212 4 4 12 113800
8 5 3 3213 4 5 13 131226
8 5 3 3214 4 6 14 128081
8 5 3 3215 4 7 15 133604
8 5 3 3216 4 0 16 103908
8 5 3 3217 4 1 17 105972
8 5 3 3218 4 2 18 109755
8 5 3 3219 4 3 19 110555
8 5 3 3220 4 4 20 116357
8 5 3 3221 4 5 21 130927
8 5 3 3222 4 6 22 115799
8 5 3 3223 4 7 23 144259
8 5 3 3224 4 0 24 104040
8 5 3 3225 4 1 25 105580
8 5 3 3226 4 2 26 109436
8 5 3 3227 4 3 27 109798
8 5 3 3228 4 4 28 120982
8 5 3 3229 4 5 29 131852
8 5 3 3230 4 6 30 136355
8 5 3 3231 4 7 31 141528
8 5 3 3232 4 0 32 104001
8 5 3 3233 4 1 33 105581
8 5 3 3234 4 2 34 110385
8 5 3 3235 4 3 35 106407
8 5 3 3236 4 4 36 120581
8 5 3 3237 4 5 37 130791
8 5 3 3238 4 6 38 123190
8 5 3 3239 4 7 39 127964
8 5 3 3240 4 0 40 103806
8 5 3 3241 4 1 41 105724
8 5 3 3242 4 2 42 107392
8 5 3 3243 4 3 43 113528
8 5 3 3244 4 4 44 116027
8 5 3 3245 4 5 45 124948
8 5 3 3246 4 6 46 135994
8 5 3 3247 4 7 47 131579
8 5 3 3248 4 0 48 103994
8 5 3 3249 4 1 49 104344
8 5 3 3250 4 2 50 109719
8 5 3 3251 4 3 51 114036
8 5 3 3252 4 4 52 120613
8 5 3 3253 4 5 53 127951
8 5 3 3254 4 6 54 127864
8 5 3 3255 4 7 55 142442
8 5 3 3256 4 0 56 103934
8 5 3 3257 4 1 57 105733
8 5 3 3258 4 2 58 110012
8 5 3 3259 4 3 59 113783
8 5 3 3260 4 4 60 120113
8 5 3 3261 4 5 61 132184
8 5 3 3262 4 6 62 127966
8 5 3 3263 4 7 63 140761
8 5 3 3264 4 0 64 103909
8 5 3 3265 4 1 65 106154
8 5 3 3266 4 2 66 109800
8 5 3 3267 4 3 67 112255
8 5 3 3268 4 4 68 111563
8 5 3 3269 4 5 69 131541
8 5 3 3270 4 6 70 128528
8 5 3 3271 4 7 71 143695
8 5 3 3272 4 0 72 103906
8 5 3 3273 4 1 73 102588
8 5 3 3274 4 2 74 103670
8 5 3 3275 4 3 75 112476
8 5 3 3276 4 4 76 115250
8 5 3 3277 4 5 77 127373
8 5 3 3278 4 6 78 128040
8 5 3 3279 4 7 79 135781
8 5 3 3280 4 0 80 103361
8 5 3 3281 4 1 81 105762
8 5 3 3282 4 2 82 108299
8 5 3 3283 4 3 83 108644
8 5 3 3284 4 4 84 120681
8 5 3 3285 4 5 85 127872
8 5 3 3286 4 6 86 130937
8 5 3 3287 4 7 87 143712
8 5 3 3288 4 0 88 103925
8 5 3 3289 4 1 89 104521
8 5 3 3290 4 2 90 109788
8 5 3 3291 4 3 91 110685
8 5 3 3292 4 4 92 120857
8 5 3 3293 4 5 93 130915
8 5 3 3294 4 6 94 133407
8 5 3 3295 4 7 95 144397
8 5 3 3296 4 0 96 103911
8 5 3 3297 4 1 97 103907
8 5 3 3298 4 2 98 107099
8 5 3 3299 4 3 99 113616
8 5 3 3300 4 4 0 120464
8 5 3 3301 4 5 1 128927
8 5 3 3302 4 6 2 135071
8 5 3 3303 4 7 3 142976
8 5 3 3304 4 0 4 103937
8 5 3 3305 4 1 5 104237
8 5 3 3306 4 2 6 110020
8 5 3 3307 4 3 7 114441
8 5 3 3308 4 4 8 115035
8 5 3 3309 4 5 9 125203
8 5 3 3310 4 6 10 135269
8 5 3 3311 4 7 11 140323
8 5 3 3312 4 0 12 103557
8 5 3 3313 4 1 13 105854
8 5 3 3314 4 2 14 106672
8 5 3 3315 4 3 15 109981
8 5 3 3316 4 4 16 120559
8 5 3 3317 4 5 17 131151
8 5 3 3318 4 6 18 135430
8 5 3 3319 4 7 19 138287
8 5 3 3320 4 0 20 103698
8 5 3 3321 4 1 21 105880
8 5 3 3322 4 2 22 109731
8 5 3 3323 4 3 23 114254
8 5 3 3324 4 4 24 120993
8 5 3 3325 4 5 25 129398
8 5 3 3326 4 6 26 134011
8 5 3 3327 4 7 27 126415
8 5 3 3328 4 0 28 103952
8 5 3 3329 4 1 29 105978
8 5 3 3330 4 2 30 110225
8 5 3 3331 4 3 31 114193
8 5 3 3332 4 4 32 120926
8 5 3 3333 4 5 33 131283
8 5 3 3334 4 6 34 129548
8 5 3 3335 4 7 35 134208
8 5 3 3336 4 0 36 103917
8 5 3 3337 4 1 37 105847
8 5 3 3338 4 2 38 107405
8 5 3 3339 4 3 39 108571
8 5 3 3340 4 4 40 115668
8 5 3 3341 4 5 41 128782
8 5 3 3342 4 6 42 130532
8 5 3 3343 4 7 43 137954
8 5 3 3344 4 0 44 102914
8 5 3 3345 4 1 45 104424
8 5 3 3346 4 2 46 109902
8 5 3 3347 4 3 47 107349
8 5 3 3348 4 4 48 121243
8 5 3 3349 4 5 49 123813
8 5 3 3350 4 6 50 135616
8 5 3 3351 4 7 51 143657
8 5 3 3352 4 0 52 103916
8 5 3 3353 4 1 53 104734
8 5 3 3354 4 2 54 105055
8 5 3 3355 4 3 55 114249
8 5 3 3356 4 4 56 120856
8 5 3 3357 4 5 57 126355
8 5 3 3358 4 6 58 129732
8 5 3 3359 4 7 59 141139
8 5 3 3360 4 0 60 103848
8 5 3 3361 4 1 61 105885
8 5 3 3362 4 2 62 107447
8 5 3 3363 4 3 63 112753
8 5 3 3364 4 4 64 120444
8 5 3 3365 4 5 65 131822
8 5 3 3366 4 6 66 133721
8 5 3 3367 4 7 67 136981
8 5 3 3368 4 0 68 102837
8 5 3 3369 4 1 69 106052
8 5 3 3370 4 2 70 104692
8 5 3 3371 4 3 71 114301
8 5 3 3372 4 4 72 120613
8 5 3 3373 4 5 73 111221
8 5 3 3374 4 6 74 125297
8 5 3 3375 4 7 75 140351
8 5 3 3376 4 0 76 102987
8 5 3 3377 4 1 77 102717
8 5 3 3378 4 2 78 104185
8 5 3 3379 4 3 79 110479
8 5 3 3380 4 4 80 116916
8 5 3 3381 4 5 81 128041
8 5 3 3382 4 6 82 131596
8 5 3 3383 4 7 83 132997
8 5 3 3384 4 0 84 103932
8 5 3 3385 4 1 85 105886
8 5 3 3386 4 2 86 110104
8 5 3 3387 4 3 87 114178
8 5 3 3388 4 4 88 120286
8 5 3 3389 4 5 89 126766
8 5 3 3390 4 6 90 131029
8 5 3 3391 4 7 91 126711
8 5 3 3392 4 0 92 103950
8 5 3 3393 4 1 93 105900
8 5 3 3394 4 2 94 109826
8 5 3 3395 4 3 95 114447
8 5 3 3396 4 4 96 120347
8 5 3 3397 4 5 97 124320
8 5 3 3398 4 6 98 129604
8 5 3 3399 4 7 99 142381
8 5 3 3400 4 0 0 103876
8 5 3 3401 4 1 1 105839
8 5 3 3402 4 2 2 109830
8 5 3 3403 4 3 3 113887
8 5 3 3404 4 4 4 120837
8 5 3 3405 4 5 5 122111
8 5 3 3406 4 6 6 134995
8 5 3 3407 4 7 7 133074
8 5 3 3408 4 0 8 102256
8 5 3 3409 4 1 9 105479
8 5 3 3410 4 2 10 109661
8 5 3 3411 4 3 11 114089
8 5 3 3412 4 4 12 113800
8 5 3 3413 4 5 13 131226
8 5 3 3414 4 6 14 128081
8 5 3 3415 4 7 15 133604
8 5 3 3416 4 0 16 103908
8 5 3 3417 4 1 17 105972
8 5 3 3418 4 2 18 109755
8 5 3 3419 4 3 19 110555
8 5 3 3420 4 4 20 116357
8 5 3 3421 4 5 21 130927
8 5 3 3422 4 6 22 115799
8 5 3 3423 4 7 23 144259
8 5 3 3424 4 0 24 104040
8 5 3 3425 4 1 25 105580
8 5 3 3426 4 2 26 109436
8 5 3 3427 4 3 27 109798
8 5 3 3428 4 4 28 120982
8 5 3 3429 4 5 29 131852
8 5 3 3430 4 6 30 136355
8 5 3 3431 4 7 31 141528
8 5 3 3432 4 0 32 104001
8 5 3 3433 4 1 33 105581
8 5 3 3434 4 2 34 110385
8 5 3 3435 4 3 35 106407
8 5 3 3436 4 4 36 120581
8 5 3 3437 4 5 37 130791
8 5 3 3438 4 6 38 123190
8 5 3 3439 4 7 39 127964
8 5 3 3440 4 0 40 103806
8 5 3 3441 4 1 41 105724
8 5 3 3442 4 2 42 107392
8 5 3 3443 4 3 43 113528
8 5 3 3444 4 4 44 116027
8 5 3 3445 4 5 45 124948
8 5 3 3446 4 6 46 135994
8 5 3 3447 4 7 47 131579
8 5 3 3448 4 0 48 103994
8 5 3 3449 4 1 49 104344
8 5 3 3450 4 2 50 109719
8 5 3 3451 4 3 51 114036
8 5 3 3452 4 4 52 120613
8 5 3 3453 4 5 53 127951
8 5 3 3454 4 6 54 127864
8 5 3 3455 4 7 55 142442
8 5 3 3456 4 0 56 103934
8 5 3 3457 4 1 57 105733
8 5 3 3458 4 2 58 110012
8 5 3 3459 4 3 59 113783
8 5 3 3460 4 4 60 120113
8 5 3 3461 4 5 61 132184
8 5 3 3462 4 6 62 127966
8 5 3 3463 4 7 63 140761
8 5 3 3464 4 0 64 103909
8 5 3 3465 4 1 65 106154
8 5 3 3466 4 2 66 109800
8 5 3 3467 4 3 67 112255
8 5 3 3468 4 4 68 111563
8 5 3 3469 4 5 69 131541
8 5 3 3470 4 6 70 128528
8 5 3 3471 4 7 71 143695
8 5 3 3472 4 0 72 103906
8 5 3 3473 4 1 73 102588
8 5 3 3474 4 2 74 103670
8 5 3 3475 4 3 75 112476
8 5 3 3476 4 4 76 115250
8 5 3 3477 4 5 77 127373
8 5 3 3478 4 6 78 128040
8 5 3 3479 4 7 79 135781
8 5 3 3480 4 0 80 103361
8 5 3 3481 4 1 81 105762
8 5 3 3482 4 2 82 108299
8 5 3 3483 4 3 83 108644
8 5 3 3484 4 4 84 120681
8 5 3 3485 4 5 85 127872
8 5 3 3486 4 6 86 130937
8 5 3 3487 4 7 87 143712
8 5 3 3488 4 0 88 103925
8 5 3 3489 4 1 89 104521
8 5 3 3490 4 2 90 109788
8 5 3 3491 4 3 91 110685
8 5 3 3492 4 4 92 120857
8 5 3 3493 4 5 93 130915
8 5 3 3494 4 6 94 133407
8 5 3 3495 4 7 95 144397
8 5 3 3496 4 0 96 103911
8 5 3 3497 4 1 97 103907
8 5 3 3498 4 2 98 107099
8 5 3 3499 4 3 99 113616
8 5 3 3500 4 4 0 120464
8 5 3 3501 4 5 1 128927
8 5 3 3502 4 6 2 135071
8 5 3 3503 4 7 3 142976
8 5 3 3504 4 0 4 103937
8 5 3 3505 4 1 5 104237
8 5 3 3506 4 2 6 110020
8 5 3 3507 4 3 7 114441
8 5 3 3508 4 4 8 115035
8 5 3 3509 4 5 9 125203
8 5 3 3510 4 6 10 135269
8 5 3 3511 4 7 11 140323
8 5 3 3512 4 0 12 103557
8 5 3 3513 4 1 13 105854
8 5 3 3514 4 2 14 106672
8 5 3 3515 4 3 15 109981
8 5 3 3516 4 4 16 120559
8 5 3 3517 4 5 17 131151
8 5 3 3518 4 6 18 135430
8 5 3 3519 4 7 19 138287
8 5 3 3520 4 0 20 103698
8 5 3 3521 4 1 21 105880
8 5 3 3522 4 2 22 109731
8 5 3 3523 4 3 23 114254
8 5 3 3524 4 4 24 120993
8 5 3 3525 4 5 25 129398
8 5 3 3526 4 6 26 134011
8 5 3 3527 4 7 27 126415
8 5 3 3528 4 0 28 103952
8 5 3 3529 4 1 29 105978
8 5 3 3530 4 2 30 110225
8 5 3 3531 4 3 31 114193
8 5 3 3532 4 4 32 120926
8 5 3 3533 4 5 33 131283
8 5 3 3534 4 6 34 129548
8 5 3 3535 4 7 35 134208
8 5 3 3536 4 0 36 103917
8 5 3 3537 4 1 37 105847
8 5 3 3538 4 2 38 107405
8 5 3 3539 4 3 39 108571
8 5 3 3540 4 4 40 115668
8 5 3 3541 4 5 41 128782
8 5 3 3542 4 6 42 130532
8 5 3 3543 4 7 43 137954
8 5 3 3544 4 0 44 102914
8 5 3 3545 4 1 45 104424
8 5 3 3546 4 2 46 109902
8 5 3 3547 4 3 47 107349
8 5 3 3548 4 4 48 121243
8 5 3 3549 4 5 49 123813
8 5 3 3550 4 6 50 135616
8 5 3 3551 4 7 51 143657
8 5 3 3552 4 0 52 103916
8 5 3 3553 4 1 53 104734
8 5 3 3554 4 2 54 105055
8 5 3 3555 4 3 55 114249
8 5 3 3556 4 4 56 120856
8 5 3 3557 4 5 57 126355
8 5 3 3558 4 6 58 129732
8 5 3 3559 4 7 59 141139
8 5 3 3560 4 0 60 103848
8 5 3 3561 4 1 61 105885
8 5 3 3562 4 2 62 107447
8 5 3 3563 4 3 63 112753
8 5 3 3564 4 4 64 120444
8 5 3 3565 4 5 65 131822
8 5 3 3566 4 6 66 133721
8 5 3 3567 4 7 67 136981
8 5 3 3568 4 0 68 102837
8 5 3 3569 4 1 69 106052
8 5 3 3570 4 2 70 104692
8 5 3 3571 4 3 71 114301
8 5 3 3572 4 4 72 120613
8 5 3 3573 4 5 73 111221
8 5 3 3574 4 6 74 125297
8 5 3 3575 4 7 75 140351
8 5 3 3576 4 0 76 102987
8 5 3 3577 4 1 77 102717
8 5 3 3578 4 2 78 104185
8 5 3 3579 4 3 79 110479
8 5 3 3580 4 4 80 116916
8 5 3 3581 4 5 81 128041
8 5 3 3582 4 6 82 131596
8 5 3 3583 4 7 83 132997
8 5 3 3584 4 0 84 103932
8 5 3 3585 4 1 85 105886
8 5 3 3586 4 2 86 110104
8 5 3 3587 4 3 87 114178
8 5 3 3588 4 4 88 120286
8 5 3 3589 4 5 89 126766
8 5 3 3590 4 6 90 131029
8 5 3 3591 4 7 91 126711
8 5 3 3592 4 0 92 103950
8 5 3 3593 4 1 93 105900
8 5 3 3594 4 2 94 109826
8 5 3 3595 4 3 95 114447
8 5 3 3596 4 4 96 120347
8 5 3 3597 4 5 97 124320
8 5 3 3598 4 6 98 129604
8 5 3 3599 4 7 99 142381
8 5 4 3000 3 0 0 101339
8 5 4 3001 3 1 1 101940
8 5 4 3002 3 2 2 109837
8 5 4 3003 3 3 3 101029
8 5 4 3004 3 4 4 93994
8 5 4 3005 3 5 5 136430
8 5 4 3006 3 6 6 113561
8 5 4 3007 3 7 7 116481
8 5 4 3008 3 0 8 102502
8 5 4 3009 3 1 9 98388
8 5 4 3010 3 2 10 99999
8 5 4 3011 3 3 11 115519
8 5 4 3012 3 4 12 111686
8 5 4 3013 3 5 13 109773
8 5 4 3014 3 6 14 76744
8 5 4 3015 3 7 15 100474
8 5 4 3016 3 0 16 101164
8 5 4 3017 3 1 17 101143
8 5 4 3018 3 2 18 99756
8 5 4 3019 3 3 19 97449
8 5 4 3020 3 4 20 93354
8 5 4 3021 3 5 21 123790
8 5 4 3022 3 6 22 117459
8 5 4 3023 3 7 23 106457
8 5 4 3024 3 0 24 101684
8 5 4 3025 3 1 25 105089
8 5 4 3026 3 2 26 101645
8 5 4 3027 3 3 27 104075
8 5 4 3028 3 4 28 122833
8 5 4 3029 3 5 29 112764
8 5 4 3030 3 6 30 131117
8 5 4 3031 3 7 31 94420
8 5 4 3032 3 0 32 100529
8 5 4 3033 3 1 33 96930
8 5 4 3034 3 2 34 103649
8 5 4 3035 3 3 35 97866
8 5 4 3036 3 4 36 112014
8 5 4 3037 3 5 37 109814
8 5 4 3038 3 6 38 111860
8 5 4 3039 3 7 39 109026
8 5 4 3040 3 0 40 101758
8 5 4 3041 3 1 41 104482
8 5 4 3042 3 2 42 97076
8 5 4 3043 3 3 43 106116
8 5 4 3044 3 4 44 119003
8 5 4 3045 3 5 45 119504
8 5 4 3046 3 6 46 117854
8 5 4 3047 3 7 47 111594
8 5 4 3048 3 0 48 101529
8 5 4 3049 3 1 49 107533
8 5 4 3050 3 2 50 96413
8 5 4 3051 3 3 51 113718
8 5 4 3052 3 4 52 118988
8 5 4 3053 3 5 53 139205
8 5 4 3054 3 6 54 114027
8 5 4 3055 3 7 55 94950
8 5 4 3056 3 0 56 102198
8 5 4 3057 3 1 57 103139
8 5 4 3058 3 2 58 103708
8 5 4 3059 3 3 59 104665
8 5 4 3060 3 4 60 119946
8 5 4 3061 3 5 61 122466
8 5 4 3062 3 6 62 134373
8 5 4 3063 3 7 63 141305
8 5 4 3064 3 0 64 101600
8 5 4 3065 3 1 65 104291
8 5 4 3066 3 2 66 100127
8 5 4 3067 3 3 67 110051
8 5 4 3068 3 4 68 99746
8 5 4 3069 3 5 69 116708
8 5 4 3070 3 6 70 133639
8 5 4 3071 3 7 71 102622
8 5 4 3072 3 0 72 102318
8 5 4 3073 3 1 73 97644
8 5 4 3074 3 2 74 94645
8 5 4 3075 3 3 75 113783
8 5 4 3076 3 4 76 120782
8 5 4 3077 3 5 77 114801
8 5 4 3078 3 6 78 93993
8 5 4 3079 3 7 79 99154
8 5 4 3080 3 0 80 100309
8 5 4 3081 3 1 81 97680
8 5 4 3082 3 2 82 103170
8 5 4 3083 3 3 83 105028
8 5 4 3084 3 4 84 100062
8 5 4 3085 3 5 85 111822
8 5 4 3086 3 6 86 116467
8 5 4 3087 3 7 87 131559
8 5 4 3088 3 0 88 97225
8 5 4 3089 3 1 89 99451
8 5 4 3090 3 2 90 97890
8 5 4 3091 3 3 91 104461
8 5 4 3092 3 4 92 116760
8 5 4 3093 3 5 93 98069
8 5 4 3094 3 6 94 102953
8 5 4 3095 3 7 95 111685
8 5 4 3096 3 0 96 100304
8 5 4 3097 3 1 97 101302
8 5 4 3098 3 2 98 97656
8 5 4 3099 3 3 99 109259
8 5 4 3100 3 4 0 108218
8 5 4 3101 3 5 1 114063
8 5 4 3102 3 6 2 113654
8 5 4 3103 3 7 3 106431
8 5 4 3104 3 0 4 98541
8 5 4 3105 3 1 5 107806
8 5 4 3106 3 2 6 105742
8 5 4 3107 3 3 7 106954
8 5 4 3108 3 4 8 112471
8 5 4 3109 3 5 9 107283
8 5 4 3110 3 6 10 100974
8 5 4 3111 3 7 11 141069
8 5 4 3112 3 0 12 102885
8 5 4 3113 3 1 13 103693
8 5 4 3114 3 2 14 93298
8 5 4 3115 3 3 15 100043
8 5 4 3116 3 4 16 105832
8 5 4 3117 3 5 17 99828
8 5 4 3118 3 6 18 98902
8 5 4 3119 3 7 19 105323
8 5 4 3120 3 0 20 98512
8 5 4 3121 3 1 21 105745
8 5 4 3122 3 2 22 106260
8 5 4 3123 3 3 23 107616
8 5 4 3124 3 4 24 107659
8 5 4 3125 3 5 25 119418
8 5 4 3126 3 6 26 109264
8 5 4 3127 3 7 27 100087
8 5 4 3128 3 0 28 104984
8 5 4 3129 3 1 29 102560
8 5 4 3130 3 2 30 108260
8 5 4 3131 3 3 31 106259
8 5 4 3132 3 4 32 104707
8 5 4 3133 3 5 33 91254
8 5 4 3134 3 6 34 116626
8 5 4 3135 3 7 35 96498
8 5 4 3136 3 0 36 102424
8 5 4 3137 3 1 37 105096
8 5 4 3138 3 2 38 105757
8 5 4 3139 3 3 39 107156
8 5 4 3140 3 4 40 107544
8 5 4 3141 3 5 41 120935
8 5 4 3142 3 6 42 105165
8 5 4 3143 3 7 43 111187
8 5 4 3144 3 0 44 103747
8 5 4 3145 3 1 45 103218
8 5 4 3146 3 2 46 101680
8 5 4 3147 3 3 47 105774
8 5 4 3148 3 4 48 101880
8 5 4 3149 3 5 49 125297
8 5 4 3150 3 6 50 103822
8 5 4 3151 3 7 51 127445
8 5 4 3152 3 0 52 103785
8 5 4 3153 3 1 53 108260
8 5 4 3154 3 2 54 104875
8 5 4 3155 3 3 55 101646
8 5 4 3156 3 4 56 111817
8 5 4 3157 3 5 57 105170
8 5 4 3158 3 6 58 107147
8 5 4 3159 3 7 59 106023
8 5 4 3160 3 0 60 104621
8 5 4 3161 3 1 61 103780
8 5 4 3162 3 2 62 108813
8 5 4 3163 3 3 63 116696
8 5 4 3164 3 4 64 102746
8 5 4 3165 3 5 65 120343
8 5 4 3166 3 6 66 93003
8 5 4 3167 3 7 67 122776
8 5 4 3168 3 0 68 100190
8 5 4 3169 3 1 69 103493
8 5 4 3170 3 2 70 106513
8 5 4 3171 3 3 71 100699
8 5 4 3172 3 4 72 107300
8 5 4 3173 3 5 73 86544
8 5 4 3174 3 6 74 106358
8 5 4 3175 3 7 75 142877
8 5 4 3176 3 0 76 103788
8 5 4 3177 3 1 77 102500
8 5 4 3178 3 2 78 100770
8 5 4 3179 3 3 79 103007
8 5 4 3180 3 4 80 100760
8 5 4 3181 3 5 81 95834
8 5 4 3182 3 6 82 108968
8 5 4 3183 3 7 83 122066
8 5 4 3184 3 0 84 99651
8 5 4 3185 3 1 85 103582
8 5 4 3186 3 2 86 104730
8 5 4 3187 3 3 87 114107
8 5 4 3188 3 4 88 87326
8 5 4 3189 3 5 89 91858
8 5 4 3190 3 6 90 92617
8 5 4 3191 3 7 91 122318
8 5 4 3192 3 0 92 103084
8 5 4 3193 3 1 93 97843
8 5 4 3194 3 2 94 100982
8 5 4 3195 3 3 95 98334
8 5 4 3196 3 4 96 100102
8 5 4 3197 3 5 97 98126
8 5 4 3198 3 6 98 101701
8 5 4 3199 3 7 99 120675
8 5 4 3200 4 0 0 102786
8 5 4 3201 4 1 1 107874
8 5 4 3202 4 2 2 106902
8 5 4 3203 4 3 3 119039
8 5 4 3204 4 4 4 115364
8 5 4 3205 4 5 5 133553
8 5 4 3206 4 6 6 136321
8 5 4 3207 4 7 7 143701
8 5 4 3208 4 0 8 103629
8 5 4 3209 4 1 9 107525
8 5 4 3210 4 2 10 106760
8 5 4 3211 4 3 11 119150
8 5 4 3212 4 4 12 121177
8 5 4 3213 4 5 13 124520
8 5 4 3214 4 6 14 132653
8 5 4 3215 4 7 15 132118
8 5 4 3216 4 0 16 102954
8 5 4 3217 4 1 17 105122
8 5 4 3218 4 2 18 113464
8 5 4 3219 4 3 19 106495
8 5 4 3220 4 4 20 120756
8 5 4 3221 4 5 21 143777
8 5 4 3222 4 6 22 124249
8 5 4 3223 4 7 23 145184
8 5 4 3224 4 0 24 102968
8 5 4 3225 4 1 25 107713
8 5 4 3226 4 2 26 112947
8 5 4 3227 4 3 27 114735
8 5 4 3228 4 4 28 124909
8 5 4 3229 4 5 29 130039
8 5 4 3230 4 6 30 140455
8 5 4 3231 4 7 31 146092
8 5 4 3232 4 0 32 105288
8 5 4 3233 4 1 33 107663
8 5 4 3234 4 2 34 110208
8 5 4 3235 4 3 35 111335
8 5 4 3236 4 4 36 114067
8 5 4 3237 4 5 37 132280
8 5 4 3238 4 6 38 116570
8 5 4 3239 4 7 39 144564
8 5 4 3240 4 0 40 102732
8 5 4 3241 4 1 41 107586
8 5 4 3242 4 2 42 104601
8 5 4 3243 4 3 43 118548
8 5 4 3244 4 4 44 120320
8 5 4 3245 4 5 45 136796
8 5 4 3246 4 6 46 145479
8 5 4 3247 4 7 47 148191
8 5 4 3248 4 0 48 105346
8 5 4 3249 4 1 49 106335
8 5 4 3250 4 2 50 113310
8 5 4 3251 4 3 51 119128
8 5 4 3252 4 4 52 128408
8 5 4 3253 4 5 53 140068
8 5 4 3254 4 6 54 140070
8 5 4 3255 4 7 55 144340
8 5 4 3256 4 0 56 104295
8 5 4 3257 4 1 57 107847
8 5 4 3258 4 2 58 113488
8 5 4 3259 4 3 59 118659
8 5 4 3260 4 4 60 127943
8 5 4 3261 4 5 61 133046
8 5 4 3262 4 6 62 124043
8 5 4 3263 4 7 63 148139
8 5 4 3264 4 0 64 105117
8 5 4 3265 4 1 65 108167
8 5 4 3266 4 2 66 113269
8 5 4 3267 4 3 67 117448
8 5 4 3268 4 4 68 119112
8 5 4 3269 4 5 69 144304
8 5 4 3270 4 6 70 124709
8 5 4 3271 4 7 71 158331
8 5 4 3272 4 0 72 102952
8 5 4 3273 4 1 73 104543
8 5 4 3274 4 2 74 107044
8 5 4 3275 4 3 75 117707
8 5 4 3276 4 4 76 122520
8 5 4 3277 4 5 77 139639
8 5 4 3278 4 6 78 128590
8 5 4 3279 4 7 79 152820
8 5 4 3280 4 0 80 102463
8 5 4 3281 4 1 81 104128
8 5 4 3282 4 2 82 105480
8 5 4 3283 4 3 83 113541
8 5 4 3284 4 4 84 121063
8 5 4 3285 4 5 85 125619
8 5 4 3286 4 6 86 144783
8 5 4 3287 4 7 87 149897
8 5 4 3288 4 0 88 103320
8 5 4 3289 4 1 89 102862
8 5 4 3290 4 2 90 113303
8 5 4 3291 4 3 91 107139
8 5 4 3292 4 4 92 128620
8 5 4 3293 4 5 93 144150
8 5 4 3294 4 6 94 137551
8 5 4 3295 4 7 95 139741
8 5 4 3296 4 0 96 102919
8 5 4 3297 4 1 97 105859
8 5 4 3298 4 2 98 107990
8 5 4 3299 4 3 99 118541
8 5 4 3300 4 4 0 117444
8 5 4 3301 4 5 1 141475
8 5 4 3302 4 6 2 130980
8 5 4 3303 4 7 3 161037
8 5 4 3304 4 0 4 102911
8 5 4 3305 4 1 5 106253
8 5 4 3306 4 2 6 107087
8 5 4 3307 4 3 7 114114
8 5 4 3308 4 4 8 122689
8 5 4 3309 4 5 9 137025
8 5 4 3310 4 6 10 127493
8 5 4 3311 4 7 11 149760
8 5 4 3312 4 0 12 104911
8 5 4 3313 4 1 13 104182
8 5 4 3314 4 2 14 103851
8 5 4 3315 4 3 15 106459
8 5 4 3316 4 4 16 117509
8 5 4 3317 4 5 17 136994
8 5 4 3318 4 6 18 142253
8 5 4 3319 4 7 19 140013
8 5 4 3320 4 0 20 105079
8 5 4 3321 4 1 21 107956
8 5 4 3322 4 2 22 113276
8 5 4 3323 4 3 23 110582
8 5 4 3324 4 4 24 114641
8 5 4 3325 4 5 25 142481
8 5 4 3326 4 6 26 148549
8 5 4 3327 4 7 27 139483
8 5 4 3328 4 0 28 103399
8 5 4 3329 4 1 29 104520
8 5 4 3330 4 2 30 113698
8 5 4 3331 4 3 31 110540
8 5 4 3332 4 4 32 123506
8 5 4 3333 4 5 33 136189
8 5 4 3334 4 6 34 131219
8 5 4 3335 4 7 35 147613
8 5 4 3336 4 0 36 102803
8 5 4 3337 4 1 37 104161
8 5 4 3338 4 2 38 104943
8 5 4 3339 4 3 39 113488
8 5 4 3340 4 4 40 115434
8 5 4 3341 4 5 41 139442
8 5 4 3342 4 6 42 123704
8 5 4 3343 4 7 43 147814
8 5 4 3344 4 0 44 104260
8 5 4 3345 4 1 45 106422
8 5 4 3346 4 2 46 113468
8 5 4 3347 4 3 47 112303
8 5 4 3348 4 4 48 129104
8 5 4 3349 4 5 49 135590
8 5 4 3350 4 6 50 150488
8 5 4 3351 4 7 51 157787
8 5 4 3352 4 0 52 105257
8 5 4 3353 4 1 53 106763
8 5 4 3354 4 2 54 108528
8 5 4 3355 4 3 55 110577
8 5 4 3356 4 4 56 125059
8 5 4 3357 4 5 57 126410
8 5 4 3358 4 6 58 143227
8 5 4 3359 4 7 59 149935
8 5 4 3360 4 0 60 105206
8 5 4 3361 4 1 61 104197
8 5 4 3362 4 2 62 104544
8 5 4 3363 4 3 63 117995
8 5 4 3364 4 4 64 127666
8 5 4 3365 4 5 65 144589
8 5 4 3366 4 6 66 147673
8 5 4 3367 4 7 67 154846
8 5 4 3368 4 0 68 104225
8 5 4 3369 4 1 69 108132
8 5 4 3370 4 2 70 101950
8 5 4 3371 4 3 71 119561
8 5 4 3372 4 4 72 117027
8 5 4 3373 4 5 73 119507
8 5 4 3374 4 6 74 133269
8 5 4 3375 4 7 75 154783
8 5 4 3376 4 0 76 104317
8 5 4 3377 4 1 77 104687
8 5 4 3378 4 2 78 101412
8 5 4 3379 4 3 79 115400
8 5 4 3380 4 4 80 112945
8 5 4 3381 4 5 81 122518
8 5 4 3382 4 6 82 131548
8 5 4 3383 4 7 83 144625
8 5 4 3384 4 0 84 103533
8 5 4 3385 4 1 85 106390
8 5 4 3386 4 2 86 113461
8 5 4 3387 4 3 87 109858
8 5 4 3388 4 4 88 117778
8 5 4 3389 4 5 89 131153
8 5 4 3390 4 6 90 137606
8 5 4 3391 4 7 91 125990
8 5 4 3392 4 0 92 105249
8 5 4 3393 4 1 93 108049
8 5 4 3394 4 2 94 106912
8 5 4 3395 4 3 95 110154
8 5 4 3396 4 4 96 115013
8 5 4 3397 4 5 97 128681
8 5 4 3398 4 6 98 139770
8 5 4 3399 4 7 99 154041
8 5 4 3400 4 0 0 102786
8 5 4 3401 4 1 1 107874
8 5 4 3402 4 2 2 106902
8 5 4 3403 4 3 3 119039
8 5 4 3404 4 4 4 115364
8 5 4 3405 4 5 5 133553
8 5 4 3406 4 6 6 136321
8 5 4 3407 4 7 7 143701
8 5 4 3408 4 0 8 103629
8 5 4 3409 4 1 9 107525
8 5 4 3410 4 2 10 106760
8 5 4 3411 4 3 11 119150
8 5 4 3412 4 4 12 121177
8 5 4 3413 4 5 13 124520
8 5 4 3414 4 6 14 132653
8 5 4 3415 4 7 15 132118
8 5 4 3416 4 0 16 102954
8 5 4 3417 4 1 17 105122
8 5 4 3418 4 2 18 113464
8 5 4 3419 4 3 19 106495
8 5 4 3420 4 4 20 120756
8 5 4 3421 4 5 21 143777
8 5 4 3422 4 6 22 124249
8 5 4 3423 4 7 23 145184
8 5 4 3424 4 0 24 102968
8 5 4 3425 4 1 25 107713
8 5 4 3426 4 2 26 112947
8 5 4 3427 4 3 27 114735
8 5 4 3428 4 4 28 124909
8 5 4 3429 4 5 29 130039
8 5 4 3430 4 6 30 140455
8 5 4 3431 4 7 31 146092
8 5 4 3432 4 0 32 105288
8 5 4 3433 4 1 33 107663
8 5 4 3434 4 2 34 110208
8 5 4 3435 4 3 35 111335
8 5 4 3436 4 4 36 114067
8 5 4 3437 4 5 37 132280
8 5 4 3438 4 6 38 116570
8 5 4 3439 4 7 39 144564
8 5 4 3440 4 0 40 102732
8 5 4 3441 4 1 41 107586
8 5 4 3442 4 2 42 104601
8 5 4 3443 4 3 43 118548
8 5 4 3444 4 4 44 120320
8 5 4 3445 4 5 45 136796
8 5 4 3446 4 6 46 145479
8 5 4 3447 4 7 47 148191
8 5 4 3448 4 0 48 105346
8 5 4 3449 4 1 49 106335
8 5 4 3450 4 2 50 113310
8 5 4 3451 4 3 51 119128
8 5 4 3452 4 4 52 128408
8 5 4 3453 4 5 53 140068
8 5 4 3454 4 6 54 140070
8 5 4 3455 4 7 55 144340
8 5 4 3456 4 0 56 104295
8 5 4 3457 4 1 57 107847
8 5 4 3458 4 2 58 113488
8 5 4 3459 4 3 59 118659
8 5 4 3460 4 4 60 127943
8 5 4 3461 4 5 61 133046
8 5 4 3462 4 6 62 124043
8 5 4 3463 4 7 63 148139
8 5 4 3464 4 0 64 105117
8 5 4 3465 4 1 65 108167
8 5 4 3466 4 2 66 113269
8 5 4 3467 4 3 67 117448
8 5 4 3468 4 4 68 119112
8 5 4 3469 4 5 69 144304
8 5 4 3470 4 6 70 124709
8 5 4 3471 4 7 71 158331
8 5 4 3472 4 0 72 102952
8 5 4 3473 4 1 73 104543
8 5 4 3474 4 2 74 107044
8 5 4 3475 4 3 75 117707
8 5 4 3476 4 4 76 122520
8 5 4 3477 4 5 77 139639
8 5 4 3478 4 6 78 128590
8 5 4 3479 4 7 79 152820
8 5 4 3480 4 0 80 102463
8 5 4 3481 4 1 81 104128
8 5 4 3482 4 2 82 105480
8 5 4 3483 4 3 83 113541
8 5 4 3484 4 4 84 121063
8 5 4 3485 4 5 85 125619
8 5 4 3486 4 6 86 144783
8 5 4 3487 4 7 87 149897
8 5 4 3488 4 0 88 103320
8 5 4 3489 4 1 89 102862
8 5 4 3490 4 2 90 113303
8 5 4 3491 4 3 91 107139
8 5 4 3492 4 4 92 128620
8 5 4 3493 4 5 93 144150
8 5 4 3494 4 6 94 137551
8 5 4 3495 4 7 95 139741
8 5 4 3496 4 0 96 102919
8 5 4 3497 4 1 97 105859
8 5 4 3498 4 2 98 107990
8 5 4 3499 4 3 99 118541
8 5 4 3500 4 4 0 117444
8 5 4 3501 4 5 1 141475
8 5 4 3502 4 6 2 130980
8 5 4 3503 4 7 3 161037
8 5 4 3504 4 0 4 102911
8 5 4 3505 4 1 5 106253
8 5 4 3506 4 2 6 107087
8 5 4 3507 4 3 7 114114
8 5 4 3508 4 4 8 122689
8 5 4 3509 4 5 9 137025
8 5 4 3510 4 6 10 127493
8 5 4 3511 4 7 11 149760
8 5 4 3512 4 0 12 104911
8 5 4 3513 4 1 13 104182
8 5 4 3514 4 2 14 103851
8 5 4 3515 4 3 15 106459
8 5 4 3516 4 4 16 117509
8 5 4 3517 4 5 17 136994
8 5 4 3518 4 6 18 142253
8 5 4 3519 4 7 19 140013
8 5 4 3520 4 0 20 105079
8 5 4 3521 4 1 21 107956
8 5 4 3522 4 2 22 113276
8 5 4 3523 4 3 23 110582
8 5 4 3524 4 4 24 114641
8 5 4 3525 4 5 25 142481
8 5 4 3526 4 6 26 148549
8 5 4 3527 4 7 27 139483
8 5 4 3528 4 0 28 103399
8 5 4 3529 4 1 29 104520
8 5 4 3530 4 2 30 113698
8 5 4 3531 4 3 31 110540
8 5 4 3532 4 4 32 123506
8 5 4 3533 4 5 33 136189
8 5 4 3534 4 6 34 131219
8 5 4 3535 4 7 35 147613
8 5 4 3536 4 0 36 102803
8 5 4 3537 4 1 37 104161
8 5 4 3538 4 2 38 104943
8 5 4 3539 4 3 39 113488
8 5 4 3540 4 4 40 115434
8 5 4 3541 4 5 41 139442
8 5 4 3542 4 6 42 123704
8 5 4 3543 4 7 43 147814
8 5 4 3544 4 0 44 104260
8 5 4 3545 4 1 45 106422
8 5 4 3546 4 2 46 113468
8 5 4 3547 4 3 47 112303
8 5 4 3548 4 4 48 129104
8 5 4 3549 4 5 49 135590
8 5 4 3550 4 6 50 150488
8 5 4 3551 4 7 51 157787
8 5 4 3552 4 0 52 105257
8 5 4 3553 4 1 53 106763
8 5 4 3554 4 2 54 108528
8 5 4 3555 4 3 55 110577
8 5 4 3556 4 4 56 125059
8 5 4 3557 4 5 57 126410
8 5 4 3558 4 6 58 143227
8 5 4 3559 4 7 59 149935
8 5 4 3560 4 0 60 105206
8 5 4 3561 4 1 61 104197
8 5 4 3562 4 2 62 104544
8 5 4 3563 4 3 63 117995
8 5 4 3564 4 4 64 127666
8 5 4 3565 4 5 65 144589
8 5 4 3566 4 6 66 147673
8 5 4 3567 4 7 67 154846
8 5 4 3568 4 0 68 104225
8 5 4 3569 4 1 69 108132
8 5 4 3570 4 2 70 101950
8 5 4 3571 4 3 71 119561
8 5 4 3572 4 4 72 117027
8 5 4 3573 4 5 73 119507
8 5 4 3574 4 6 74 133269
8 5 4 3575 4 7 75 154783
8 5 4 3576 4 0 76 104317
8 5 4 3577 4 1 77 104687
8 5 4 3578 4 2 78 101412
8 5 4 3579 4 3 79 115400
8 5 4 3580 4 4 80 112945
8 5 4 3581 4 5 81 122518
8 5 4 3582 4 6 82 131548
8 5 4 3583 4 7 83 144625
8 5 4 3584 4 0 84 103533
8 5 4 3585 4 1 85 106390
8 5 4 3586 4 2 86 113461
8 5 4 3587 4 3 87 109858
8 5 4 3588 4 4 88 117778
8 5 4 3589 4 5 89 131153
8 5 4 3590 4 6 90 137606
8 5 4 3591 4 7 91 125990
8 5 4 3592 4 0 92 105249
8 5 4 3593 4 1 93 108049
8 5 4 3594 4 2 94 106912
8 5 4 3595 4 3 95 110154
8 5 4 3596 4 4 96 115013
8 5 4 3597 4 5 97 128681
8 5 4 3598 4 6 98 139770
8 5 4 3599 4 7 99 154041
8 5 5 3000 3 0 0 101751
8 5 5 3001 3 1 1 102259
8 5 5 3002 3 2 2 110017
8 5 5 3003 3 3 3 100282
8 5 5 3004 3 4 4 96725
8 5 5 3005 3 5 5 137142
8 5 5 3006 3 6 6 119691
8 5 5 3007 3 7 7 116037
8 5 5 3008 3 0 8 103894
8 5 5 3009 3 1 9 96467
8 5 5 3010 3 2 10 99515
8 5 5 3011 3 3 11 115775
8 5 5 3012 3 4 12 113690
8 5 5 3013 3 5 13 104222
8 5 5 3014 3 6 14 80003
8 5 5 3015 3 7 15 101185
8 5 5 3016 3 0 16 101607
8 5 5 3017 3 1 17 101885
8 5 5 3018 3 2 18 103019
8 5 5 3019 3 3 19 102045
8 5 5 3020 3 4 20 97938
8 5 5 3021 3 5 21 123358
8 5 5 3022 3 6 22 118904
8 5 5 3023 3 7 23 113832
8 5 5 3024 3 0 24 102004
8 5 5 3025 3 1 25 107210
8 5 5 3026 3 2 26 100858
8 5 5 3027 3 3 27 105834
8 5 5 3028 3 4 28 128618
8 5 5 3029 3 5 29 109968
8 5 5 3030 3 6 30 130591
8 5 5 3031 3 7 31 82676
8 5 5 3032 3 0 32 101902
8 5 5 3033 3 1 33 95424
8 5 5 3034 3 2 34 100842
8 5 5 3035 3 3 35 99485
8 5 5 3036 3 4 36 118831
8 5 5 3037 3 5 37 105011
8 5 5 3038 3 6 38 114556
8 5 5 3039 3 7 39 113140
8 5 5 3040 3 0 40 101486
8 5 5 3041 3 1 41 104977
8 5 5 3042 3 2 42 100380
8 5 5 3043 3 3 43 105880
8 5 5 3044 3 4 44 124722
8 5 5 3045 3 5 45 115608
8 5 5 3046 3 6 46 111558
8 5 5 3047 3 7 47 120499
8 5 5 3048 3 0 48 101029
8 5 5 3049 3 1 49 108401
8 5 5 3050 3 2 50 95608
8 5 5 3051 3 3 51 114305
8 5 5 3052 3 4 52 115098
8 5 5 3053 3 5 53 134435
8 5 5 3054 3 6 54 118934
8 5 5 3055 3 7 55 107798
8 5 5 3056 3 0 56 101962
8 5 5 3057 3 1 57 103479
8 5 5 3058 3 2 58 105301
8 5 5 3059 3 3 59 109570
8 5 5 3060 3 4 60 117968
8 5 5 3061 3 5 61 120535
8 5 5 3062 3 6 62 135686
8 5 5 3063 3 7 63 151565
8 5 5 3064 3 0 64 102081
8 5 5 3065 3 1 65 103463
8 5 5 3066 3 2 66 98841
8 5 5 3067 3 3 67 111451
8 5 5 3068 3 4 68 97804
8 5 5 3069 3 5 69 104608
8 5 5 3070 3 6 70 139433
8 5 5 3071 3 7 71 100868
8 5 5 3072 3 0 72 102390
8 5 5 3073 3 1 73 98286
8 5 5 3074 3 2 74 92063
8 5 5 3075 3 3 75 109485
8 5 5 3076 3 4 76 124047
8 5 5 3077 3 5 77 108445
8 5 5 3078 3 6 78 96405
8 5 5 3079 3 7 79 112571
8 5 5 3080 3 0 80 100359
8 5 5 3081 3 1 81 95712
8 5 5 3082 3 2 82 102874
8 5 5 3083 3 3 83 101054
8 5 5 3084 3 4 84 101527
8 5 5 3085 3 5 85 106094
8 5 5 3086 3 6 86 121609
8 5 5 3087 3 7 87 134423
8 5 5 3088 3 0 88 96256
8 5 5 3089 3 1 89 97736
8 5 5 3090 3 2 90 98681
8 5 5 3091 3 3 91 109375
8 5 5 3092 3 4 92 113748
8 5 5 3093 3 5 93 101841
8 5 5 3094 3 6 94 96779
8 5 5 3095 3 7 95 123792
8 5 5 3096 3 0 96 101210
8 5 5 3097 3 1 97 102044
8 5 5 3098 3 2 98 100728
8 5 5 3099 3 3 99 114387
8 5 5 3100 3 4 0 112093
8 5 5 3101 3 5 1 115310
8 5 5 3102 3 6 2 114671
8 5 5 3103 3 7 3 99164
8 5 5 3104 3 0 4 99028
8 5 5 3105 3 1 5 107701
8 5 5 3106 3 2 6 107610
8 5 5 3107 3 3 7 108637
8 5 5 3108 3 4 8 119797
8 5 5 3109 3 5 9 99191
8 5 5 3110 3 6 10 105169
8 5 5 3111 3 7 11 139098
8 5 5 3112 3 0 12 103615
8 5 5 3113 3 1 13 102149
8 5 5 3114 3 2 14 94366
8 5 5 3115 3 3 15 101160
8 5 5 3116 3 4 16 108207
8 5 5 3117 3 5 17 103556
8 5 5 3118 3 6 18 108493
8 5 5 3119 3 7 19 105389
8 5 5 3120 3 0 20 99322
8 5 5 3121 3 1 21 105594
8 5 5 3122 3 2 22 107436
8 5 5 3123 3 3 23 109669
8 5 5 3124 3 4 24 110056
8 5 5 3125 3 5 25 131502
8 5 5 3126 3 6 26 109577
8 5 5 3127 3 7 27 104996
8 5 5 3128 3 0 28 106383
8 5 5 3129 3 1 29 101029
8 5 5 3130 3 2 30 105176
8 5 5 3131 3 3 31 100983
8 5 5 3132 3 4 32 109719
8 5 5 3133 3 5 33 88312
8 5 5 3134 3 6 34 105514
8 5 5 3135 3 7 35 96768
8 5 5 3136 3 0 36 103789
8 5 5 3137 3 1 37 104791
8 5 5 3138 3 2 38 107043
8 5 5 3139 3 3 39 110516
8 5 5 3140 3 4 40 108847
8 5 5 3141 3 5 41 123790
8 5 5 3142 3 6 42 117376
8 5 5 3143 3 7 43 110089
8 5 5 3144 3 0 44 104944
8 5 5 3145 3 1 45 102812
8 5 5 3146 3 2 46 100962
8 5 5 3147 3 3 47 107454
8 5 5 3148 3 4 48 99180
8 5 5 3149 3 5 49 132329
8 5 5 3150 3 6 50 100960
8 5 5 3151 3 7 51 133931
8 5 5 3152 3 0 52 103113
8 5 5 3153 3 1 53 107414
8 5 5 3154 3 2 54 105588
8 5 5 3155 3 3 55 106497
8 5 5 3156 3 4 56 110156
8 5 5 3157 3 5 57 106978
8 5 5 3158 3 6 58 112391
8 5 5 3159 3 7 59 109617
8 5 5 3160 3 0 60 104028
8 5 5 3161 3 1 61 103007
8 5 5 3162 3 2 62 112095
8 5 5 3163 3 3 63 117008
8 5 5 3164 3 4 64 105311
8 5 5 3165 3 5 65 115014
8 5 5 3166 3 6 66 88818
8 5 5 3167 3 7 67 125839
8 5 5 3168 3 0 68 100105
8 5 5 3169 3 1 69 101314
8 5 5 3170 3 2 70 107774
8 5 5 3171 3 3 71 97389
8 5 5 3172 3 4 72 107658
8 5 5 3173 3 5 73 88662
8 5 5 3174 3 6 74 106232
8 5 5 3175 3 7 75 141592
8 5 5 3176 3 0 76 105171
8 5 5 3177 3 1 77 100757
8 5 5 3178 3 2 78 97800
8 5 5 3179 3 3 79 107881
8 5 5 3180 3 4 80 101119
8 5 5 3181 3 5 81 89555
8 5 5 3182 3 6 82 102641
8 5 5 3183 3 7 83 119907
8 5 5 3184 3 0 84 100937
8 5 5 3185 3 1 85 103115
8 5 5 3186 3 2 86 106015
8 5 5 3187 3 3 87 114993
8 5 5 3188 3 4 88 82820
8 5 5 3189 3 5 89 83932
8 5 5 3190 3 6 90 92949
8 5 5 3191 3 7 91 126978
8 5 5 3192 3 0 92 102526
8 5 5 3193 3 1 93 98631
8 5 5 3194 3 2 94 97406
8 5 5 3195 3 3 95 102862
8 5 5 3196 3 4 96 105119
8 5 5 3197 3 5 97 100567
8 5 5 3198 3 6 98 101486
8 5 5 3199 3 7 99 128019
8 5 5 3200 4 0 0 104038
8 5 5 3201 4 1 1 109965
8 5 5 3202 4 2 2 110357
8 5 5 3203 4 3 3 124202
8 5 5 3204 4 4 4 122549
8 5 5 3205 4 5 5 145828
8 5 5 3206 4 6 6 150846
8 5 5 3207 4 7 7 160814
8 5 5 3208 4 0 8 105043
8 5 5 3209 4 1 9 109598
8 5 5 3210 4 2 10 109911
8 5 5 3211 4 3 11 124466
8 5 5 3212 4 4 12 128032
8 5 5 3213 4 5 13 136156
8 5 5 3214 4 6 14 137060
8 5 5 3215 4 7 15 147502
8 5 5 3216 4 0 16 104212
8 5 5 3217 4 1 17 107120
8 5 5 3218 4 2 18 117335
8 5 5 3219 4 3 19 110905
8 5 5 3220 4 4 20 128303
8 5 5 3221 4 5 21 157335
8 5 5 3222 4 6 22 136820
8 5 5 3223 4 7 23 163531
8 5 5 3224 4 0 24 104291
8 5 5 3225 4 1 25 109740
8 5 5 3226 4 2 26 116511
8 5 5 3227 4 3 27 119325
8 5 5 3228 4 4 28 133127
8 5 5 3229 4 5 29 142287
8 5 5 3230 4 6 30 155666
8 5 5 3231 4 7 31 159280
8 5 5 3232 4 0 32 106728
8 5 5 3233 4 1 33 109681
8 5 5 3234 4 2 34 113727
8 5 5 3235 4 3 35 116605
8 5 5 3236 4 4 36 121442
8 5 5 3237 4 5 37 144596
8 5 5 3238 4 6 38 129660
8 5 5 3239 4 7 39 163095
8 5 5 3240 4 0 40 104015
8 5 5 3241 4 1 41 109572
8 5 5 3242 4 2 42 107945
8 5 5 3243 4 3 43 123673
8 5 5 3244 4 4 44 127679
8 5 5 3245 4 5 45 149030
8 5 5 3246 4 6 46 161116
8 5 5 3247 4 7 47 163480
8 5 5 3248 4 0 48 106699
8 5 5 3249 4 1 49 108498
8 5 5 3250 4 2 50 116971
8 5 5 3251 4 3 51 124076
8 5 5 3252 4 4 52 136494
8 5 5 3253 4 5 53 149704
8 5 5 3254 4 6 54 155440
8 5 5 3255 4 7 55 162890
8 5 5 3256 4 0 56 105563
8 5 5 3257 4 1 57 109807
8 5 5 3258 4 2 58 117324
8 5 5 3259 4 3 59 123916
8 5 5 3260 4 4 60 136247
8 5 5 3261 4 5 61 146496
8 5 5 3262 4 6 62 138408
8 5 5 3263 4 7 63 167255
8 5 5 3264 4 0 64 106319
8 5 5 3265 4 1 65 110119
8 5 5 3266 4 2 66 116849
8 5 5 3267 4 3 67 122727
8 5 5 3268 4 4 68 126450
8 5 5 3269 4 5 69 153968
8 5 5 3270 4 6 70 134389
8 5 5 3271 4 7 71 166512
8 5 5 3272 4 0 72 104174
8 5 5 3273 4 1 73 106451
8 5 5 3274 4 2 74 110387
8 5 5 3275 4 3 75 123298
8 5 5 3276 4 4 76 130049
8 5 5 3277 4 5 77 153509
8 5 5 3278 4 6 78 142099
8 5 5 3279 4 7 79 172724
8 5 5 3280 4 0 80 103785
8 5 5 3281 4 1 81 106006
8 5 5 3282 4 2 82 108546
8 5 5 3283 4 3 83 118971
8 5 5 3284 4 4 84 128638
8 5 5 3285 4 5 85 138024
8 5 5 3286 4 6 86 158581
8 5 5 3287 4 7 87 168101
8 5 5 3288 4 0 88 104640
8 5 5 3289 4 1 89 104844
8 5 5 3290 4 2 90 114975
8 5 5 3291 4 3 91 111905
8 5 5 3292 4 4 92 136589
8 5 5 3293 4 5 93 157441
8 5 5 3294 4 6 94 152468
8 5 5 3295 4 7 95 156817
8 5 5 3296 4 0 96 104242
8 5 5 3297 4 1 97 107866
8 5 5 3298 4 2 98 111450
8 5 5 3299 4 3 99 123859
8 5 5 3300 4 4 0 122849
8 5 5 3301 4 5 1 154940
8 5 5 3302 4 6 2 145043
8 5 5 3303 4 7 3 178280
8 5 5 3304 4 0 4 104212
8 5 5 3305 4 1 5 108244
8 5 5 3306 4 2 6 110528
8 5 5 3307 4 3 7 119136
8 5 5 3308 4 4 8 130986
8 5 5 3309 4 5 9 149818
8 5 5 3310 4 6 10 140523
8 5 5 3311 4 7 11 168462
8 5 5 3312 4 0 12 106174
8 5 5 3313 4 1 13 106135
8 5 5 3314 4 2 14 104431
8 5 5 3315 4 3 15 111079
8 5 5 3316 4 4 16 122645
8 5 5 3317 4 5 17 149516
8 5 5 3318 4 6 18 157458
8 5 5 3319 4 7 19 153942
8 5 5 3320 4 0 20 106392
8 5 5 3321 4 1 21 110048
8 5 5 3322 4 2 22 116733
8 5 5 3323 4 3 23 115820
8 5 5 3324 4 4 24 122078
8 5 5 3325 4 5 25 153451
8 5 5 3326 4 6 26 160465
8 5 5 3327 4 7 27 156007
8 5 5 3328 4 0 28 104800
8 5 5 3329 4 1 29 106500
8 5 5 3330 4 2 30 117303
8 5 5 3331 4 3 31 115490
8 5 5 3332 4 4 32 131760
8 5 5 3333 4 5 33 148941
8 5 5 3334 4 6 34 145019
8 5 5 3335 4 7 35 161455
8 5 5 3336 4 0 36 104130
8 5 5 3337 4 1 37 106163
8 5 5 3338 4 2 38 108298
8 5 5 3339 4 3 39 118798
8 5 5 3340 4 4 40 121909
8 5 5 3341 4 5 41 149616
8 5 5 3342 4 6 42 134386
8 5 5 3343 4 7 43 159674
8 5 5 3344 4 0 44 105536
8 5 5 3345 4 1 45 108322
8 5 5 3346 4 2 46 117104
8 5 5 3347 4 3 47 116906
8 5 5 3348 4 4 48 137264
8 5 5 3349 4 5 49 149020
8 5 5 3350 4 6 50 166469
8 5 5 3351 4 7 51 176223
8 5 5 3352 4 0 52 106587
8 5 5 3353 4 1 53 108723
8 5 5 3354 4 2 54 112234
8 5 5 3355 4 3 55 115863
8 5 5 3356 4 4 56 131416
8 5 5 3357 4 5 57 137918
8 5 5 3358 4 6 58 158601
8 5 5 3359 4 7 59 168695
8 5 5 3360 4 0 60 106536
8 5 5 3361 4 1 61 106319
8 5 5 3362 4 2 62 108127
8 5 5 3363 4 3 63 123575
8 5 5 3364 4 4 64 134944
8 5 5 3365 4 5 65 154779
8 5 5 3366 4 6 66 163163
8 5 5 3367 4 7 67 174187
8 5 5 3368 4 0 68 105557
8 5 5 3369 4 1 69 110210
8 5 5 3370 4 2 70 104832
8 5 5 3371 4 3 71 124573
8 5 5 3372 4 4 72 124221
8 5 5 3373 4 5 73 130124
8 5 5 3374 4 6 74 147470
8 5 5 3375 4 7 75 175733
8 5 5 3376 4 0 76 105725
8 5 5 3377 4 1 77 106811
8 5 5 3378 4 2 78 104616
8 5 5 3379 4 3 79 120883
8 5 5 3380 4 4 80 120239
8 5 5 3381 4 5 81 130597
8 5 5 3382 4 6 82 142356
8 5 5 3383 4 7 83 163682
8 5 5 3384 4 0 84 104842
8 5 5 3385 4 1 85 108548
8 5 5 3386 4 2 86 117006
8 5 5 3387 4 3 87 114466
8 5 5 3388 4 4 88 125221
8 5 5 3389 4 5 89 144032
8 5 5 3390 4 6 90 149783
8 5 5 3391 4 7 91 141786
8 5 5 3392 4 0 92 106579
8 5 5 3393 4 1 93 110074
8 5 5 3394 4 2 94 110526
8 5 5 3395 4 3 95 115038
8 5 5 3396 4 4 96 122359
8 5 5 3397 4 5 97 140784
8 5 5 3398 4 6 98 154756
8 5 5 3399 4 7 99 172003
8 5 5 3400 4 0 0 104038
8 5 5 3401 4 1 1 109965
8 5 5 3402 4 2 2 110357
8 5 5 3403 4 3 3 124202
8 5 5 3404 4 4 4 122549
8 5 5 3405 4 5 5 145828
8 5 5 3406 4 6 6 150846
8 5 5 3407 4 7 7 160814
8 5 5 3408 4 0 8 105043
8 5 5 3409 4 1 9 109598
8 5 5 3410 4 2 10 109911
8 5 5 3411 4 3 11 124466
8 5 5 3412 4 4 12 128032
8 5 5 3413 4 5 13 136156
8 5 5 3414 4 6 14 137060
8 5 5 3415 4 7 15 147502
8 5 5 3416 4 0 16 104212
8 5 5 3417 4 1 17 107120
8 5 5 3418 4 2 18 117335
8 5 5 3419 4 3 19 110905
8 5 5 3420 4 4 20 128303
8 5 5 3421 4 5 21 157335
8 5 5 3422 4 6 22 136820
8 5 5 3423 4 7 23 163531
8 5 5 3424 4 0 24 104291
8 5 5 3425 4 1 25 109740
8 5 5 3426 4 2 26 116511
8 5 5 3427 4 3 27 119325
8 5 5 3428 4 4 28 133127
8 5 5 3429 4 5 29 142287
8 5 5 3430 4 6 30 155666
8 5 5 3431 4 7 31 159280
8 5 5 3432 4 0 32 106728
8 5 5 3433 4 1 33 109681
8 5 5 3434 4 2 34 113727
8 5 5 3435 4 3 35 116605
8 5 5 3436 4 4 36 121442
8 5 5 3437 4 5 37 144596
8 5 5 3438 4 6 38 129660
8 5 5 3439 4 7 39 163095
8 5 5 3440 4 0 40 104015
8 5 5 3441 4 1 41 109572
8 5 5 3442 4 2 42 107945
8 5 5 3443 4 3 43 123673
8 5 5 3444 4 4 44 127679
8 5 5 3445 4 5 45 149030
8 5 5 3446 4 6 46 161116
8 5 5 3447 4 7 47 163480
8 5 5 3448 4 0 48 106699
8 5 5 3449 4 1 49 108498
8 5 5 3450 4 2 50 116971
8 5 5 3451 4 3 51 124076
8 5 5 3452 4 4 52 136494
8 5 5 3453 4 5 53 149704
8 5 5 3454 4 6 54 155440
8 5 5 3455 4 7 55 162890
8 5 5 3456 4 0 56 105563
8 5 5 3457 4 1 57 109807
8 5 5 3458 4 2 58 117324
8 5 5 3459 4 3 59 123916
8 5 5 3460 4 4 60 136247
8 5 5 3461 4 5 61 146496
8 5 5 3462 4 6 62 138408
8 5 5 3463 4 7 63 167255
8 5 5 3464 4 0 64 106319
8 5 5 3465 4 1 65 110119
8 5 5 3466 4 2 66 116849
8 5 5 3467 4 3 67 122727
8 5 5 3468 4 4 68 126450
8 5 5 3469 4 5 69 153968
8 5 5 3470 4 6 70 134389
8 5 5 3471 4 7 71 166512
8 5 5 3472 4 0 72 104174
8 5 5 3473 4 1 73 106451
8 5 5 3474 4 2 74 110387
8 5 5 3475 4 3 75 123298
8 5 5 3476 4 4 76 130049
8 5 5 3477 4 5 77 153509
8 5 5 3478 4 6 78 142099
8 5 5 3479 4 7 79 172724
8 5 5 3480 4 0 80 103785
8 5 5 3481 4 1 81 106006
8 5 5 3482 4 2 82 108546
8 5 5 3483 4 3 83 118971
8 5 5 3484 4 4 84 128638
8 5 5 3485 4 5 85 138024
8 5 5 3486 4 6 86 158581
8 5 5 3487 4 7 87 168101
8 5 5 3488 4 0 88 104640
8 5 5 3489 4 1 89 104844
8 5 5 3490 4 2 90 114975
8 5 5 3491 4 3 91 111905
8 5 5 3492 4 4 92 136589
8 5 5 3493 4 5 93 157441
8 5 5 3494 4 6 94 152468
8 5 5 3495 4 7 95 156817
8 5 5 3496 4 0 96 104242
8 5 5 3497 4 1 97 107866
8 5 5 3498 4 2 98 111450
8 5 5 3499 4 3 99 123859
8 5 5 3500 4 4 0 122849
8 5 5 3501 4 5 1 154940
8 5 5 3502 4 6 2 145043
8 5 5 3503 4 7 3 178280
8 5 5 3504 4 0 4 104212
8 5 5 3505 4 1 5 108244
8 5 5 3506 4 2 6 110528
8 5 5 3507 4 3 7 119136
8 5 5 3508 4 4 8 130986
8 5 5 3509 4 5 9 149818
8 5 5 3510 4 6 10 140523
8 5 5 3511 4 7 11 168462
8 5 5 3512 4 0 12 106174
8 5 5 3513 4 1 13 106135
8 5 5 3514 4 2 14 104431
8 5 5 3515 4 3 15 111079
8 5 5 3516 4 4 16 122645
8 5 5 3517 4 5 17 149516
8 5 5 3518 4 6 18 157458
8 5 5 3519 4 7 19 153942
8 5 5 3520 4 0 20 106392
8 5 5 3521 4 1 21 110048
8 5 5 3522 4 2 22 116733
8 5 5 3523 4 3 23 115820
8 5 5 3524 4 4 24 122078
8 5 5 3525 4 5 25 153451
8 5 5 3526 4 6 26 160465
8 5 5 3527 4 7 27 156007
8 5 5 3528 4 0 28 104800
8 5 5 3529 4 1 29 106500
8 5 5 3530 4 2 30 117303
8 5 5 3531 4 3 31 115490
8 5 5 3532 4 4 32 131760
8 5 5 3533 4 5 33 148941
8 5 5 3534 4 6 34 145019
8 5 5 3535 4 7 35 161455
8 5 5 3536 4 0 36 104130
8 5 5 3537 4 1 37 106163
8 5 5 3538 4 2 38 108298
8 5 5 3539 4 3 39 118798
8 5 5 3540 4 4 40 121909
8 5 5 3541 4 5 41 149616
8 5 5 3542 4 6 42 134386
8 5 5 3543 4 7 43 159674
8 5 5 3544 4 0 44 105536
8 5 5 3545 4 1 45 108322
8 5 5 3546 4 2 46 117104
8 5 5 3547 4 3 47 116906
8 5 5 3548 4 4 48 137264
8 5 5 3549 4 5 49 149020
8 5 5 3550 4 6 50 166469
8 5 5 3551 4 7 51 176223
8 5 5 3552 4 0 52 106587
8 5 5 3553 4 1 53 108723
8 5 5 3554 4 2 54 112234
8 5 5 3555 4 3 55 115863
8 5 5 3556 4 4 56 131416
8 5 5 3557 4 5 57 137918
8 5 5 3558 4 6 58 158601
8 5 5 3559 4 7 59 168695
8 5 5 3560 4 0 60 106536
8 5 5 3561 4 1 61 106319
8 5 5 3562 4 2 62 108127
8 5 5 3563 4 3 63 123575
8 5 5 3564 4 4 64 134944
8 5 5 3565 4 5 65 154779
8 5 5 3566 4 6 66 163163
8 5 5 3567 4 7 67 174187
8 5 5 3568 4 0 68 105557
8 5 5 3569 4 1 69 110210
8 5 5 3570 4 2 70 104832
8 5 5 3571 4 3 71 124573
8 5 5 3572 4 4 72 124221
8 5 5 3573 4 5 73 130124
8 5 5 3574 4 6 74 147470
8 5 5 3575 4 7 75 175733
8 5 5 3576 4 0 76 105725
8 5 5 3577 4 1 77 106811
8 5 5 3578 4 2 78 104616
8 5 5 3579 4 3 79 120883
8 5 5 3580 4 4 80 120239
8 5 5 3581 4 5 81 130597
8 5 5 3582 4 6 82 142356
8 5 5 3583 4 7 83 163682
8 5 5 3584 4 0 84 104842
8 5 5 3585 4 1 85 108548
8 5 5 3586 4 2 86 117006
8 5 5 3587 4 3 87 114466
8 5 5 3588 4 4 88 125221
8 5 5 3589 4 5 89 144032
8 5 5 3590 4 6 90 149783
8 5 5 3591 4 7 91 141786
8 5 5 3592 4 0 92 106579
8 5 5 3593 4 1 93 110074
8 5 5 3594 4 2 94 110526
8 5 5 3595 4 3 95 115038
8 5 5 3596 4 4 96 122359
8 5 5 3597 4 5 97 140784
8 5 5 3598 4 6 98 154756
8 5 5 3599 4 7 99 172003
