16 0 1 0 0 0 0 101283
16 0 1 1 0 1 1 102008
16 0 1 2 0 2 2 101091
16 0 1 3 0 3 3 100250
16 0 1 4 0 4 4 106528
16 0 1 5 0 5 5 109500
16 0 1 6 0 6 6 110693
16 0 1 7 0 7 7 112309
16 0 1 8 0 0 8 101216
16 0 1 9 0 1 9 102016
16 0 1 10 0 2 10 103234
16 0 1 11 0 3 11 104630
16 0 1 12 0 4 12 106335
16 0 1 13 0 5 13 109997
16 0 1 14 0 6 14 103625
16 0 1 15 0 7 15 107079
16 0 1 16 0 0 16 101280
16 0 1 17 0 1 17 101947
16 0 1 18 0 2 18 103258
16 0 1 19 0 3 19 104702
16 0 1 20 0 4 20 106303
16 0 1 21 0 5 21 109922
16 0 1 22 0 6 22 110629
16 0 1 23 0 7 23 113024
16 0 1 24 0 0 24 101346
16 0 1 25 0 1 25 101931
16 0 1 26 0 2 26 103382
16 0 1 27 0 3 27 104615
16 0 1 28 0 4 28 106584
16 0 1 29 0 5 29 109944
16 0 1 30 0 6 30 110954
16 0 1 31 0 7 31 112584
16 0 1 32 0 0 32 101326
16 0 1 33 0 1 33 102023
16 0 1 34 0 2 34 103225
16 0 1 35 0 3 35 104494
16 0 1 36 0 4 36 106221
16 0 1 37 0 5 37 109312
16 0 1 38 0 6 38 111377
16 0 1 39 0 7 39 113044
16 0 1 40 0 0 40 101330
16 0 1 41 0 1 41 102033
16 0 1 42 0 2 42 103267
16 0 1 43 0 3 43 104750
16 0 1 44 0 4 44 106521
16 0 1 45 0 5 45 109682
16 0 1 46 0 6 46 110922
16 0 1 47 0 7 47 109062
16 0 1 48 0 0 48 101344
16 0 1 49 0 1 49 102006
16 0 1 50 0 2 50 103301
16 0 1 51 0 3 51 104603
16 0 1 52 0 4 52 106463
16 0 1 53 0 5 53 109652
16 0 1 54 0 6 54 111193
16 0 1 55 0 7 55 112915
16 0 1 56 0 0 56 101349
16 0 1 57 0 1 57 101997
16 0 1 58 0 2 58 103281
16 0 1 59 0 3 59 104565
16 0 1 60 0 4 60 95711
16 0 1 61 0 5 61 109461
16 0 1 62 0 6 62 110540
16 0 1 63 0 7 63 111854
16 0 1 64 0 0 64 101332
16 0 1 65 0 1 65 101998
16 0 1 66 0 2 66 103348
16 0 1 67 0 3 67 104620
16 0 1 68 0 4 68 106384
16 0 1 69 0 5 69 109928
16 0 1 70 0 6 70 108141
16 0 1 71 0 7 71 113071
16 0 1 72 0 0 72 101338
16 0 1 73 0 1 73 101745
16 0 1 74 0 2 74 103188
16 0 1 75 0 3 75 104578
16 0 1 76 0 4 76 106695
16 0 1 77 0 5 77 109898
16 0 1 78 0 6 78 111069
16 0 1 79 0 7 79 113142
16 0 1 80 0 0 80 101308
16 0 1 81 0 1 81 101999
16 0 1 82 0 2 82 103371
16 0 1 83 0 3 83 104700
16 0 1 84 0 4 84 106400
16 0 1 85 0 5 85 104434
16 0 1 86 0 6 86 111265
16 0 1 87 0 7 87 112805
16 0 1 88 0 0 88 101348
16 0 1 89 0 1 89 101946
16 0 1 90 0 2 90 103013
16 0 1 91 0 3 91 104528
16 0 1 92 0 4 92 106602
16 0 1 93 0 5 93 109764
16 0 1 94 0 6 94 111132
16 0 1 95 0 7 95 113437
16 0 1 96 0 0 96 101272
16 0 1 97 0 1 97 101888
16 0 1 98 0 2 98 103319
16 0 1 99 0 3 99 104609
16 0 1 100 0 4 0 106421
16 0 1 101 0 5 1 109966
16 0 1 102 0 6 2 108917
16 0 1 103 0 7 3 103784
16 0 1 104 0 0 4 101308
16 0 1 105 0 1 5 101791
16 0 1 106 0 2 6 103157
16 0 1 107 0 3 7 104670
16 0 1 108 0 4 8 106121
16 0 1 109 0 5 9 109963
16 0 1 110 0 6 10 110863
16 0 1 111 0 7 11 112992
16 0 1 112 0 0 12 101282
16 0 1 113 0 1 13 102006
16 0 1 114 0 2 14 103086
16 0 1 115 0 3 15 100045
16 0 1 116 0 4 16 106339
16 0 1 117 0 5 17 109720
16 0 1 118 0 6 18 111052
16 0 1 119 0 7 19 112761
16 0 1 120 0 0 20 101261
16 0 1 121 0 1 21 102023
16 0 1 122 0 2 22 103213
16 0 1 123 0 3 23 104583
16 0 1 124 0 4 24 106720
16 0 1 125 0 5 25 109651
16 0 1 126 0 6 26 111148
16 0 1 127 0 7 27 113102
16 0 1 128 0 0 28 101318
16 0 1 129 0 1 29 101990
16 0 1 130 0 2 30 103315
16 0 1 131 0 3 31 104516
16 0 1 132 0 4 32 106633
16 0 1 133 0 5 33 109894
16 0 1 134 0 6 34 110795
16 0 1 135 0 7 35 112806
16 0 1 136 0 0 36 101261
16 0 1 137 0 1 37 101989
16 0 1 138 0 2 38 103360
16 0 1 139 0 3 39 104515
16 0 1 140 0 4 40 106624
16 0 1 141 0 5 41 110175
16 0 1 142 0 6 42 110942
16 0 1 143 0 7 43 113136
16 0 1 144 0 0 44 101326
16 0 1 145 0 1 45 101971
16 0 1 146 0 2 46 103164
16 0 1 147 0 3 47 100858
16 0 1 148 0 4 48 106653
16 0 1 149 0 5 49 106808
16 0 1 150 0 6 50 111124
16 0 1 151 0 7 51 113106
16 0 1 152 0 0 52 101329
16 0 1 153 0 1 53 101996
16 0 1 154 0 2 54 103307
16 0 1 155 0 3 55 104480
16 0 1 156 0 4 56 106743
16 0 1 157 0 5 57 109799
16 0 1 158 0 6 58 110265
16 0 1 159 0 7 59 112664
16 0 1 160 0 0 60 98788
16 0 1 161 0 1 61 101875
16 0 1 162 0 2 62 103216
16 0 1 163 0 3 63 104701
16 0 1 164 0 4 64 106665
16 0 1 165 0 5 65 109896
16 0 1 166 0 6 66 111002
16 0 1 167 0 7 67 112429
16 0 1 168 0 0 68 101276
16 0 1 169 0 1 69 101989
16 0 1 170 0 2 70 101581
16 0 1 171 0 3 71 104599
16 0 1 172 0 4 72 106692
16 0 1 173 0 5 73 105943
16 0 1 174 0 6 74 110996
16 0 1 175 0 7 75 112662
16 0 1 176 0 0 76 101338
16 0 1 177 0 1 77 101991
16 0 1 178 0 2 78 103269
16 0 1 179 0 3 79 104515
16 0 1 180 0 4 80 106488
16 0 1 181 0 5 81 109953
16 0 1 182 0 6 82 111374
16 0 1 183 0 7 83 113340
16 0 1 184 0 0 84 101283
16 0 1 185 0 1 85 100010
16 0 1 186 0 2 86 103332
16 0 1 187 0 3 87 104529
16 0 1 188 0 4 88 106745
16 0 1 189 0 5 89 109630
16 0 1 190 0 6 90 110119
16 0 1 191 0 7 91 113195
16 0 1 192 0 0 92 101320
16 0 1 193 0 1 93 101980
16 0 1 194 0 2 94 103344
16 0 1 195 0 3 95 104750
16 0 1 196 0 4 96 106585
16 0 1 197 0 5 97 109404
16 0 1 198 0 6 98 111234
16 0 1 199 0 7 99 112895
16 0 1 200 0 0 0 101283
16 0 1 201 0 1 1 102008
16 0 1 202 0 2 2 101091
16 0 1 203 0 3 3 100250
16 0 1 204 0 4 4 106528
16 0 1 205 0 5 5 109500
16 0 1 206 0 6 6 110693
16 0 1 207 0 7 7 112309
16 0 1 208 0 0 8 101216
16 0 1 209 0 1 9 102016
16 0 1 210 0 2 10 103234
16 0 1 211 0 3 11 104630
16 0 1 212 0 4 12 106335
16 0 1 213 0 5 13 109997
16 0 1 214 0 6 14 103625
16 0 1 215 0 7 15 107079
16 0 1 216 0 0 16 101280
16 0 1 217 0 1 17 101947
16 0 1 218 0 2 18 103258
16 0 1 219 0 3 19 104702
16 0 1 220 0 4 20 106303
16 0 1 221 0 5 21 109922
16 0 1 222 0 6 22 110629
16 0 1 223 0 7 23 113024
16 0 1 224 0 0 24 101346
16 0 1 225 0 1 25 101931
16 0 1 226 0 2 26 103382
16 0 1 227 0 3 27 104615
16 0 1 228 0 4 28 106584
16 0 1 229 0 5 29 109944
16 0 1 230 0 6 30 110954
16 0 1 231 0 7 31 112584
16 0 1 232 0 0 32 101326
16 0 1 233 0 1 33 102023
16 0 1 234 0 2 34 103225
16 0 1 235 0 3 35 104494
16 0 1 236 0 4 36 106221
16 0 1 237 0 5 37 109312
16 0 1 238 0 6 38 111377
16 0 1 239 0 7 39 113044
16 0 1 240 0 0 40 101330
16 0 1 241 0 1 41 102033
16 0 1 242 0 2 42 103267
16 0 1 243 0 3 43 104750
16 0 1 244 0 4 44 106521
16 0 1 245 0 5 45 109682
16 0 1 246 0 6 46 110922
16 0 1 247 0 7 47 109062
16 0 1 248 0 0 48 101344
16 0 1 249 0 1 49 102006
16 0 1 250 0 2 50 103301
16 0 1 251 0 3 51 104603
16 0 1 252 0 4 52 106463
16 0 1 253 0 5 53 109652
16 0 1 254 0 6 54 111193
16 0 1 255 0 7 55 112915
16 0 1 256 0 0 56 101349
16 0 1 257 0 1 57 101997
16 0 1 258 0 2 58 103281
16 0 1 259 0 3 59 104565
16 0 1 260 0 4 60 95711
16 0 1 261 0 5 61 109461
16 0 1 262 0 6 62 110540
16 0 1 263 0 7 63 111854
16 0 1 264 0 0 64 101332
16 0 1 265 0 1 65 101998
16 0 1 266 0 2 66 103348
16 0 1 267 0 3 67 104620
16 0 1 268 0 4 68 106384
16 0 1 269 0 5 69 109928
16 0 1 270 0 6 70 108141
16 0 1 271 0 7 71 113071
16 0 1 272 0 0 72 101338
16 0 1 273 0 1 73 101745
16 0 1 274 0 2 74 103188
16 0 1 275 0 3 75 104578
16 0 1 276 0 4 76 106695
16 0 1 277 0 5 77 109898
16 0 1 278 0 6 78 111069
16 0 1 279 0 7 79 113142
16 0 1 280 0 0 80 101308
16 0 1 281 0 1 81 101999
16 0 1 282 0 2 82 103371
16 0 1 283 0 3 83 104700
16 0 1 284 0 4 84 106400
16 0 1 285 0 5 85 104434
16 0 1 286 0 6 86 111265
16 0 1 287 0 7 87 112805
16 0 1 288 0 0 88 101348
16 0 1 289 0 1 89 101946
16 0 1 290 0 2 90 103013
16 0 1 291 0 3 91 104528
16 0 1 292 0 4 92 106602
16 0 1 293 0 5 93 109764
16 0 1 294 0 6 94 111132
16 0 1 295 0 7 95 113437
16 0 1 296 0 0 96 101272
16 0 1 297 0 1 97 101888
16 0 1 298 0 2 98 103319
16 0 1 299 0 3 99 104609
16 0 2 0 0 0 0 102631
16 0 2 1 0 1 1 104012
16 0 2 2 0 2 2 104367
16 0 2 3 0 3 3 104825
16 0 2 4 0 4 4 113388
16 0 2 5 0 5 5 118535
16 0 2 6 0 6 6 116598
16 0 2 7 0 7 7 121329
16 0 2 8 0 0 8 102558
16 0 2 9 0 1 9 103973
16 0 2 10 0 2 10 106542
16 0 2 11 0 3 11 109376
16 0 2 12 0 4 12 113165
16 0 2 13 0 5 13 117305
16 0 2 14 0 6 14 107125
16 0 2 15 0 7 15 121269
16 0 2 16 0 0 16 102605
16 0 2 17 0 1 17 103977
16 0 2 18 0 2 18 106637
16 0 2 19 0 3 19 109554
16 0 2 20 0 4 20 113030
16 0 2 21 0 5 21 120446
16 0 2 22 0 6 22 122904
16 0 2 23 0 7 23 125589
16 0 2 24 0 0 24 101412
16 0 2 25 0 1 25 103929
16 0 2 26 0 2 26 106627
16 0 2 27 0 3 27 109031
16 0 2 28 0 4 28 113321
16 0 2 29 0 5 29 116970
16 0 2 30 0 6 30 122936
16 0 2 31 0 7 31 121884
16 0 2 32 0 0 32 102656
16 0 2 33 0 1 33 104026
16 0 2 34 0 2 34 106525
16 0 2 35 0 3 35 104681
16 0 2 36 0 4 36 113011
16 0 2 37 0 5 37 117413
16 0 2 38 0 6 38 123089
16 0 2 39 0 7 39 127620
16 0 2 40 0 0 40 102703
16 0 2 41 0 1 41 103974
16 0 2 42 0 2 42 106744
16 0 2 43 0 3 43 108090
16 0 2 44 0 4 44 113646
16 0 2 45 0 5 45 120638
16 0 2 46 0 6 46 119935
16 0 2 47 0 7 47 117624
16 0 2 48 0 0 48 101368
16 0 2 49 0 1 49 104026
16 0 2 50 0 2 50 106731
16 0 2 51 0 3 51 109419
16 0 2 52 0 4 52 112904
16 0 2 53 0 5 53 120065
16 0 2 54 0 6 54 122101
16 0 2 55 0 7 55 126990
16 0 2 56 0 0 56 102674
16 0 2 57 0 1 57 103925
16 0 2 58 0 2 58 106533
16 0 2 59 0 3 59 109308
16 0 2 60 0 4 60 101838
16 0 2 61 0 5 61 119759
16 0 2 62 0 6 62 122770
16 0 2 63 0 7 63 125700
16 0 2 64 0 0 64 102668
16 0 2 65 0 1 65 104014
16 0 2 66 0 2 66 106731
16 0 2 67 0 3 67 107859
16 0 2 68 0 4 68 113304
16 0 2 69 0 5 69 120511
16 0 2 70 0 6 70 120218
16 0 2 71 0 7 71 127453
16 0 2 72 0 0 72 102599
16 0 2 73 0 1 73 103719
16 0 2 74 0 2 74 106562
16 0 2 75 0 3 75 106668
16 0 2 76 0 4 76 113511
16 0 2 77 0 5 77 119866
16 0 2 78 0 6 78 123351
16 0 2 79 0 7 79 120857
16 0 2 80 0 0 80 102588
16 0 2 81 0 1 81 103931
16 0 2 82 0 2 82 106676
16 0 2 83 0 3 83 109623
16 0 2 84 0 4 84 111864
16 0 2 85 0 5 85 114462
16 0 2 86 0 6 86 123506
16 0 2 87 0 7 87 120736
16 0 2 88 0 0 88 102669
16 0 2 89 0 1 89 103948
16 0 2 90 0 2 90 106318
16 0 2 91 0 3 91 109153
16 0 2 92 0 4 92 113446
16 0 2 93 0 5 93 120151
16 0 2 94 0 6 94 117614
16 0 2 95 0 7 95 127477
16 0 2 96 0 0 96 102586
16 0 2 97 0 1 97 103863
16 0 2 98 0 2 98 106773
16 0 2 99 0 3 99 109267
16 0 2 100 0 4 0 111766
16 0 2 101 0 5 1 119131
16 0 2 102 0 6 2 120916
16 0 2 103 0 7 3 117197
16 0 2 104 0 0 4 102618
16 0 2 105 0 1 5 103846
16 0 2 106 0 2 6 105435
16 0 2 107 0 3 7 109290
16 0 2 108 0 4 8 113056
16 0 2 109 0 5 9 120404
16 0 2 110 0 6 10 122658
16 0 2 111 0 7 11 122358
16 0 2 112 0 0 12 102590
16 0 2 113 0 1 13 103374
16 0 2 114 0 2 14 103336
16 0 2 115 0 3 15 104599
16 0 2 116 0 4 16 108715
16 0 2 117 0 5 17 120262
16 0 2 118 0 6 18 123581
16 0 2 119 0 7 19 127545
16 0 2 120 0 0 20 102544
16 0 2 121 0 1 21 104025
16 0 2 122 0 2 22 106547
16 0 2 123 0 3 23 109174
16 0 2 124 0 4 24 109036
16 0 2 125 0 5 25 117102
16 0 2 126 0 6 26 120726
16 0 2 127 0 7 27 126943
16 0 2 128 0 0 28 102598
16 0 2 129 0 1 29 103905
16 0 2 130 0 2 30 106618
16 0 2 131 0 3 31 108718
16 0 2 132 0 4 32 113693
16 0 2 133 0 5 33 120416
16 0 2 134 0 6 34 122675
16 0 2 135 0 7 35 122775
16 0 2 136 0 0 36 102556
16 0 2 137 0 1 37 102138
16 0 2 138 0 2 38 106616
16 0 2 139 0 3 39 109359
16 0 2 140 0 4 40 113801
16 0 2 141 0 5 41 120643
16 0 2 142 0 6 42 118555
16 0 2 143 0 7 43 125033
16 0 2 144 0 0 44 102680
16 0 2 145 0 1 45 103931
16 0 2 146 0 2 46 106566
16 0 2 147 0 3 47 101840
16 0 2 148 0 4 48 109255
16 0 2 149 0 5 49 114242
16 0 2 150 0 6 50 119540
16 0 2 151 0 7 51 127710
16 0 2 152 0 0 52 102678
16 0 2 153 0 1 53 103976
16 0 2 154 0 2 54 106688
16 0 2 155 0 3 55 109148
16 0 2 156 0 4 56 113669
16 0 2 157 0 5 57 120119
16 0 2 158 0 6 58 122030
16 0 2 159 0 7 59 121482
16 0 2 160 0 0 60 100062
16 0 2 161 0 1 61 103825
16 0 2 162 0 2 62 106524
16 0 2 163 0 3 63 109405
16 0 2 164 0 4 64 113701
16 0 2 165 0 5 65 120651
16 0 2 166 0 6 66 123182
16 0 2 167 0 7 67 124024
16 0 2 168 0 0 68 102576
16 0 2 169 0 1 69 103955
16 0 2 170 0 2 70 104929
16 0 2 171 0 3 71 109389
16 0 2 172 0 4 72 113343
16 0 2 173 0 5 73 116184
16 0 2 174 0 6 74 123292
16 0 2 175 0 7 75 121311
16 0 2 176 0 0 76 102613
16 0 2 177 0 1 77 104009
16 0 2 178 0 2 78 106710
16 0 2 179 0 3 79 108635
16 0 2 180 0 4 80 113214
16 0 2 181 0 5 81 119741
16 0 2 182 0 6 82 120965
16 0 2 183 0 7 83 128045
16 0 2 184 0 0 84 102587
16 0 2 185 0 1 85 101966
16 0 2 186 0 2 86 106711
16 0 2 187 0 3 87 104587
16 0 2 188 0 4 88 110035
16 0 2 189 0 5 89 120313
16 0 2 190 0 6 90 121804
16 0 2 191 0 7 91 124544
16 0 2 192 0 0 92 102585
16 0 2 193 0 1 93 103932
16 0 2 194 0 2 94 106788
16 0 2 195 0 3 95 109356
16 0 2 196 0 4 96 113523
16 0 2 197 0 5 97 119256
16 0 2 198 0 6 98 123649
16 0 2 199 0 7 99 126029
16 0 2 200 0 0 0 102631
16 0 2 201 0 1 1 104012
16 0 2 202 0 2 2 104367
16 0 2 203 0 3 3 104825
16 0 2 204 0 4 4 113388
16 0 2 205 0 5 5 118535
16 0 2 206 0 6 6 116598
16 0 2 207 0 7 7 121329
16 0 2 208 0 0 8 102558
16 0 2 209 0 1 9 103973
16 0 2 210 0 2 10 106542
16 0 2 211 0 3 11 109376
16 0 2 212 0 4 12 113165
16 0 2 213 0 5 13 117305
16 0 2 214 0 6 14 107125
16 0 2 215 0 7 15 121269
16 0 2 216 0 0 16 102605
16 0 2 217 0 1 17 103977
16 0 2 218 0 2 18 106637
16 0 2 219 0 3 19 109554
16 0 2 220 0 4 20 113030
16 0 2 221 0 5 21 120446
16 0 2 222 0 6 22 122904
16 0 2 223 0 7 23 125589
16 0 2 224 0 0 24 101412
16 0 2 225 0 1 25 103929
16 0 2 226 0 2 26 106627
16 0 2 227 0 3 27 109031
16 0 2 228 0 4 28 113321
16 0 2 229 0 5 29 116970
16 0 2 230 0 6 30 122936
16 0 2 231 0 7 31 121884
16 0 2 232 0 0 32 102656
16 0 2 233 0 1 33 104026
16 0 2 234 0 2 34 106525
16 0 2 235 0 3 35 104681
16 0 2 236 0 4 36 113011
16 0 2 237 0 5 37 117413
16 0 2 238 0 6 38 123089
16 0 2 239 0 7 39 127620
16 0 2 240 0 0 40 102703
16 0 2 241 0 1 41 103974
16 0 2 242 0 2 42 106744
16 0 2 243 0 3 43 108090
16 0 2 244 0 4 44 113646
16 0 2 245 0 5 45 120638
16 0 2 246 0 6 46 119935
16 0 2 247 0 7 47 117624
16 0 2 248 0 0 48 101368
16 0 2 249 0 1 49 104026
16 0 2 250 0 2 50 106731
16 0 2 251 0 3 51 109419
16 0 2 252 0 4 52 112904
16 0 2 253 0 5 53 120065
16 0 2 254 0 6 54 122101
16 0 2 255 0 7 55 126990
16 0 2 256 0 0 56 102674
16 0 2 257 0 1 57 103925
16 0 2 258 0 2 58 106533
16 0 2 259 0 3 59 109308
16 0 2 260 0 4 60 101838
16 0 2 261 0 5 61 119759
16 0 2 262 0 6 62 122770
16 0 2 263 0 7 63 125700
16 0 2 264 0 0 64 102668
16 0 2 265 0 1 65 104014
16 0 2 266 0 2 66 106731
16 0 2 267 0 3 67 107859
16 0 2 268 0 4 68 113304
16 0 2 269 0 5 69 120511
16 0 2 270 0 6 70 120218
16 0 2 271 0 7 71 127453
16 0 2 272 0 0 72 102599
16 0 2 273 0 1 73 103719
16 0 2 274 0 2 74 106562
16 0 2 275 0 3 75 106668
16 0 2 276 0 4 76 113511
16 0 2 277 0 5 77 119866
16 0 2 278 0 6 78 123351
16 0 2 279 0 7 79 120857
16 0 2 280 0 0 80 102588
16 0 2 281 0 1 81 103931
16 0 2 282 0 2 82 106676
16 0 2 283 0 3 83 109623
16 0 2 284 0 4 84 111864
16 0 2 285 0 5 85 114462
16 0 2 286 0 6 86 123506
16 0 2 287 0 7 87 120736
16 0 2 288 0 0 88 102669
16 0 2 289 0 1 89 103948
16 0 2 290 0 2 90 106318
16 0 2 291 0 3 91 109153
16 0 2 292 0 4 92 113446
16 0 2 293 0 5 93 120151
16 0 2 294 0 6 94 117614
16 0 2 295 0 7 95 127477
16 0 2 296 0 0 96 102586
16 0 2 297 0 1 97 103863
16 0 2 298 0 2 98 106773
16 0 2 299 0 3 99 109267
16 0 3 0 0 0 0 103878
16 0 3 1 0 1 1 106053
16 0 3 2 0 2 2 107725
16 0 3 3 0 3 3 109556
16 0 3 4 0 4 4 120258
16 0 3 5 0 5 5 129133
16 0 3 6 0 6 6 129143
16 0 3 7 0 7 7 136109
16 0 3 8 0 0 8 103656
16 0 3 9 0 1 9 105648
16 0 3 10 0 2 10 110053
16 0 3 11 0 3 11 114461
16 0 3 12 0 4 12 120511
16 0 3 13 0 5 13 128809
16 0 3 14 0 6 14 117526
16 0 3 15 0 7 15 136166
16 0 3 16 0 0 16 103967
16 0 3 17 0 1 17 105651
16 0 3 18 0 2 18 110030
16 0 3 19 0 3 19 114440
16 0 3 20 0 4 20 120274
16 0 3 21 0 5 21 132153
16 0 3 22 0 6 22 136255
16 0 3 23 0 7 23 141521
16 0 3 24 0 0 24 102727
16 0 3 25 0 1 25 105785
16 0 3 26 0 2 26 110141
16 0 3 27 0 3 27 113123
16 0 3 28 0 4 28 120779
16 0 3 29 0 5 29 127750
16 0 3 30 0 6 30 135449
16 0 3 31 0 7 31 136692
16 0 3 32 0 0 32 103967
16 0 3 33 0 1 33 106112
16 0 3 34 0 2 34 109540
16 0 3 35 0 3 35 109400
16 0 3 36 0 4 36 120414
16 0 3 37 0 5 37 128877
16 0 3 38 0 6 38 135843
16 0 3 39 0 7 39 143763
16 0 3 40 0 0 40 103999
16 0 3 41 0 1 41 105868
16 0 3 42 0 2 42 110079
16 0 3 43 0 3 43 112376
16 0 3 44 0 4 44 120801
16 0 3 45 0 5 45 131379
16 0 3 46 0 6 46 132267
16 0 3 47 0 7 47 131271
16 0 3 48 0 0 48 102691
16 0 3 49 0 1 49 105793
16 0 3 50 0 2 50 109896
16 0 3 51 0 3 51 113796
16 0 3 52 0 4 52 120346
16 0 3 53 0 5 53 131920
16 0 3 54 0 6 54 134941
16 0 3 55 0 7 55 143671
16 0 3 56 0 0 56 103778
16 0 3 57 0 1 57 105949
16 0 3 58 0 2 58 110043
16 0 3 59 0 3 59 114470
16 0 3 60 0 4 60 108175
16 0 3 61 0 5 61 130966
16 0 3 62 0 6 62 136317
16 0 3 63 0 7 63 141218
16 0 3 64 0 0 64 103846
16 0 3 65 0 1 65 106001
16 0 3 66 0 2 66 109754
16 0 3 67 0 3 67 112623
16 0 3 68 0 4 68 120774
16 0 3 69 0 5 69 130958
16 0 3 70 0 6 70 132887
16 0 3 71 0 7 71 142382
16 0 3 72 0 0 72 103935
16 0 3 73 0 1 73 105769
16 0 3 74 0 2 74 110074
16 0 3 75 0 3 75 110670
16 0 3 76 0 4 76 120087
16 0 3 77 0 5 77 131324
16 0 3 78 0 6 78 137186
16 0 3 79 0 7 79 135749
16 0 3 80 0 0 80 103750
16 0 3 81 0 1 81 105811
16 0 3 82 0 2 82 110146
16 0 3 83 0 3 83 114587
16 0 3 84 0 4 84 118835
16 0 3 85 0 5 85 124387
16 0 3 86 0 6 86 136807
16 0 3 87 0 7 87 136499
16 0 3 88 0 0 88 104016
16 0 3 89 0 1 89 106019
16 0 3 90 0 2 90 109824
16 0 3 91 0 3 91 114095
16 0 3 92 0 4 92 120816
16 0 3 93 0 5 93 131424
16 0 3 94 0 6 94 130144
16 0 3 95 0 7 95 142522
16 0 3 96 0 0 96 103684
16 0 3 97 0 1 97 105624
16 0 3 98 0 2 98 110237
16 0 3 99 0 3 99 114401
16 0 3 100 0 4 0 118553
16 0 3 101 0 5 1 130494
16 0 3 102 0 6 2 134122
16 0 3 103 0 7 3 132417
16 0 3 104 0 0 4 103854
16 0 3 105 0 1 5 105610
16 0 3 106 0 2 6 108792
16 0 3 107 0 3 7 113777
16 0 3 108 0 4 8 119748
16 0 3 109 0 5 9 130545
16 0 3 110 0 6 10 136518
16 0 3 111 0 7 11 138032
16 0 3 112 0 0 12 103922
16 0 3 113 0 1 13 105418
16 0 3 114 0 2 14 106105
16 0 3 115 0 3 15 109252
16 0 3 116 0 4 16 115844
16 0 3 117 0 5 17 131438
16 0 3 118 0 6 18 136781
16 0 3 119 0 7 19 142834
16 0 3 120 0 0 20 103874
16 0 3 121 0 1 21 106114
16 0 3 122 0 2 22 110058
16 0 3 123 0 3 23 114016
16 0 3 124 0 4 24 115851
16 0 3 125 0 5 25 127583
16 0 3 126 0 6 26 134222
16 0 3 127 0 7 27 142653
16 0 3 128 0 0 28 103924
16 0 3 129 0 1 29 105854
16 0 3 130 0 2 30 110056
16 0 3 131 0 3 31 113027
16 0 3 132 0 4 32 120944
16 0 3 133 0 5 33 132223
16 0 3 134 0 6 34 134733
16 0 3 135 0 7 35 138350
16 0 3 136 0 0 36 103898
16 0 3 137 0 1 37 104141
16 0 3 138 0 2 38 110092
16 0 3 139 0 3 39 114249
16 0 3 140 0 4 40 120982
16 0 3 141 0 5 41 132035
16 0 3 142 0 6 42 131435
16 0 3 143 0 7 43 139801
16 0 3 144 0 0 44 103978
16 0 3 145 0 1 45 105746
16 0 3 146 0 2 46 109811
16 0 3 147 0 3 47 105879
16 0 3 148 0 4 48 116016
16 0 3 149 0 5 49 124537
16 0 3 150 0 6 50 131262
16 0 3 151 0 7 51 142520
16 0 3 152 0 0 52 104021
16 0 3 153 0 1 53 106017
16 0 3 154 0 2 54 109460
16 0 3 155 0 3 55 114226
16 0 3 156 0 4 56 120376
16 0 3 157 0 5 57 131512
16 0 3 158 0 6 58 135554
16 0 3 159 0 7 59 137516
16 0 3 160 0 0 60 101375
16 0 3 161 0 1 61 105666
16 0 3 162 0 2 62 110037
16 0 3 163 0 3 63 113953
16 0 3 164 0 4 64 120576
16 0 3 165 0 5 65 132065
16 0 3 166 0 6 66 135850
16 0 3 167 0 7 67 138484
16 0 3 168 0 0 68 103928
16 0 3 169 0 1 69 105572
16 0 3 170 0 2 70 108421
16 0 3 171 0 3 71 114061
16 0 3 172 0 4 72 120715
16 0 3 173 0 5 73 127169
16 0 3 174 0 6 74 136889
16 0 3 175 0 7 75 136374
16 0 3 176 0 0 76 103934
16 0 3 177 0 1 77 106013
16 0 3 178 0 2 78 110253
16 0 3 179 0 3 79 113113
16 0 3 180 0 4 80 119730
16 0 3 181 0 5 81 130932
16 0 3 182 0 6 82 133618
16 0 3 183 0 7 83 144283
16 0 3 184 0 0 84 103693
16 0 3 185 0 1 85 103700
16 0 3 186 0 2 86 110110
16 0 3 187 0 3 87 109341
16 0 3 188 0 4 88 116953
16 0 3 189 0 5 89 132045
16 0 3 190 0 6 90 134306
16 0 3 191 0 7 91 140765
16 0 3 192 0 0 92 103918
16 0 3 193 0 1 93 105935
16 0 3 194 0 2 94 109843
16 0 3 195 0 3 95 113317
16 0 3 196 0 4 96 120094
16 0 3 197 0 5 97 129364
16 0 3 198 0 6 98 137115
16 0 3 199 0 7 99 142267
16 0 3 200 0 0 0 103878
16 0 3 201 0 1 1 106053
16 0 3 202 0 2 2 107725
16 0 3 203 0 3 3 109556
16 0 3 204 0 4 4 120258
16 0 3 205 0 5 5 129133
16 0 3 206 0 6 6 129143
16 0 3 207 0 7 7 136109
16 0 3 208 0 0 8 103656
16 0 3 209 0 1 9 105648
16 0 3 210 0 2 10 110053
16 0 3 211 0 3 11 114461
16 0 3 212 0 4 12 120511
16 0 3 213 0 5 13 128809
16 0 3 214 0 6 14 117526
16 0 3 215 0 7 15 136166
16 0 3 216 0 0 16 103967
16 0 3 217 0 1 17 105651
16 0 3 218 0 2 18 110030
16 0 3 219 0 3 19 114440
16 0 3 220 0 4 20 120274
16 0 3 221 0 5 21 132153
16 0 3 222 0 6 22 136255
16 0 3 223 0 7 23 141521
16 0 3 224 0 0 24 102727
16 0 3 225 0 1 25 105785
16 0 3 226 0 2 26 110141
16 0 3 227 0 3 27 113123
16 0 3 228 0 4 28 120779
16 0 3 229 0 5 29 127750
16 0 3 230 0 6 30 135449
16 0 3 231 0 7 31 136692
16 0 3 232 0 0 32 103967
16 0 3 233 0 1 33 106112
16 0 3 234 0 2 34 109540
16 0 3 235 0 3 35 109400
16 0 3 236 0 4 36 120414
16 0 3 237 0 5 37 128877
16 0 3 238 0 6 38 135843
16 0 3 239 0 7 39 143763
16 0 3 240 0 0 40 103999
16 0 3 241 0 1 41 105868
16 0 3 242 0 2 42 110079
16 0 3 243 0 3 43 112376
16 0 3 244 0 4 44 120801
16 0 3 245 0 5 45 131379
16 0 3 246 0 6 46 132267
16 0 3 247 0 7 47 131271
16 0 3 248 0 0 48 102691
16 0 3 249 0 1 49 105793
16 0 3 250 0 2 50 109896
16 0 3 251 0 3 51 113796
16 0 3 252 0 4 52 120346
16 0 3 253 0 5 53 131920
16 0 3 254 0 6 54 134941
16 0 3 255 0 7 55 143671
16 0 3 256 0 0 56 103778
16 0 3 257 0 1 57 105949
16 0 3 258 0 2 58 110043
16 0 3 259 0 3 59 114470
16 0 3 260 0 4 60 108175
16 0 3 261 0 5 61 130966
16 0 3 262 0 6 62 136317
16 0 3 263 0 7 63 141218
16 0 3 264 0 0 64 103846
16 0 3 265 0 1 65 106001
16 0 3 266 0 2 66 109754
16 0 3 267 0 3 67 112623
16 0 3 268 0 4 68 120774
16 0 3 269 0 5 69 130958
16 0 3 270 0 6 70 132887
16 0 3 271 0 7 71 142382
16 0 3 272 0 0 72 103935
16 0 3 273 0 1 73 105769
16 0 3 274 0 2 74 110074
16 0 3 275 0 3 75 110670
16 0 3 276 0 4 76 120087
16 0 3 277 0 5 77 131324
16 0 3 278 0 6 78 137186
16 0 3 279 0 7 79 135749
16 0 3 280 0 0 80 103750
16 0 3 281 0 1 81 105811
16 0 3 282 0 2 82 110146
16 0 3 283 0 3 83 114587
16 0 3 284 0 4 84 118835
16 0 3 285 0 5 85 124387
16 0 3 286 0 6 86 136807
16 0 3 287 0 7 87 136499
16 0 3 288 0 0 88 104016
16 0 3 289 0 1 89 106019
16 0 3 290 0 2 90 109824
16 0 3 291 0 3 91 114095
16 0 3 292 0 4 92 120816
16 0 3 293 0 5 93 131424
16 0 3 294 0 6 94 130144
16 0 3 295 0 7 95 142522
16 0 3 296 0 0 96 103684
16 0 3 297 0 1 97 105624
16 0 3 298 0 2 98 110237
16 0 3 299 0 3 99 114401
16 0 4 0 0 0 0 105189
16 0 4 1 0 1 1 108134
16 0 4 2 0 2 2 111184
16 0 4 3 0 3 3 114453
16 0 4 4 0 4 4 127932
16 0 4 5 0 5 5 141640
16 0 4 6 0 6 6 142216
16 0 4 7 0 7 7 152555
16 0 4 8 0 0 8 104976
16 0 4 9 0 1 9 107648
16 0 4 10 0 2 10 113391
16 0 4 11 0 3 11 119604
16 0 4 12 0 4 12 128164
16 0 4 13 0 5 13 140999
16 0 4 14 0 6 14 130377
16 0 4 15 0 7 15 153182
16 0 4 16 0 0 16 105317
16 0 4 17 0 1 17 107631
16 0 4 18 0 2 18 113596
16 0 4 19 0 3 19 119743
16 0 4 20 0 4 20 127791
16 0 4 21 0 5 21 144761
16 0 4 22 0 6 22 148949
16 0 4 23 0 7 23 159486
16 0 4 24 0 0 24 104025
16 0 4 25 0 1 25 107862
16 0 4 26 0 2 26 113657
16 0 4 27 0 3 27 117949
16 0 4 28 0 4 28 128466
16 0 4 29 0 5 29 140008
16 0 4 30 0 6 30 150032
16 0 4 31 0 7 31 153209
16 0 4 32 0 0 32 105353
16 0 4 33 0 1 33 108147
16 0 4 34 0 2 34 113191
16 0 4 35 0 3 35 114130
16 0 4 36 0 4 36 127920
16 0 4 37 0 5 37 141010
16 0 4 38 0 6 38 150687
16 0 4 39 0 7 39 161761
16 0 4 40 0 0 40 105303
16 0 4 41 0 1 41 107852
16 0 4 42 0 2 42 113556
16 0 4 43 0 3 43 117327
16 0 4 44 0 4 44 128409
16 0 4 45 0 5 45 144006
16 0 4 46 0 6 46 145905
16 0 4 47 0 7 47 147941
16 0 4 48 0 0 48 103998
16 0 4 49 0 1 49 107799
16 0 4 50 0 2 50 113363
16 0 4 51 0 3 51 119010
16 0 4 52 0 4 52 128087
16 0 4 53 0 5 53 144098
16 0 4 54 0 6 54 148873
16 0 4 55 0 7 55 161571
16 0 4 56 0 0 56 105126
16 0 4 57 0 1 57 107955
16 0 4 58 0 2 58 113556
16 0 4 59 0 3 59 119478
16 0 4 60 0 4 60 115050
16 0 4 61 0 5 61 142832
16 0 4 62 0 6 62 150199
16 0 4 63 0 7 63 158075
16 0 4 64 0 0 64 105194
16 0 4 65 0 1 65 108058
16 0 4 66 0 2 66 113174
16 0 4 67 0 3 67 117700
16 0 4 68 0 4 68 128248
16 0 4 69 0 5 69 143445
16 0 4 70 0 6 70 147160
16 0 4 71 0 7 71 160515
16 0 4 72 0 0 72 105263
16 0 4 73 0 1 73 107829
16 0 4 74 0 2 74 113649
16 0 4 75 0 3 75 115822
16 0 4 76 0 4 76 127419
16 0 4 77 0 5 77 143769
16 0 4 78 0 6 78 150947
16 0 4 79 0 7 79 153154
16 0 4 80 0 0 80 105097
16 0 4 81 0 1 81 107775
16 0 4 82 0 2 82 113668
16 0 4 83 0 3 83 119690
16 0 4 84 0 4 84 126427
16 0 4 85 0 5 85 135939
16 0 4 86 0 6 86 150353
16 0 4 87 0 7 87 153425
16 0 4 88 0 0 88 105331
16 0 4 89 0 1 89 108100
16 0 4 90 0 2 90 113394
16 0 4 91 0 3 91 119286
16 0 4 92 0 4 92 128543
16 0 4 93 0 5 93 143629
16 0 4 94 0 6 94 144262
16 0 4 95 0 7 95 160914
16 0 4 96 0 0 96 105039
16 0 4 97 0 1 97 107673
16 0 4 98 0 2 98 113680
16 0 4 99 0 3 99 119406
16 0 4 100 0 4 0 125942
16 0 4 101 0 5 1 142900
16 0 4 102 0 6 2 148034
16 0 4 103 0 7 3 149035
16 0 4 104 0 0 4 105182
16 0 4 105 0 1 5 107629
16 0 4 106 0 2 6 112230
16 0 4 107 0 3 7 118849
16 0 4 108 0 4 8 127367
16 0 4 109 0 5 9 142200
16 0 4 110 0 6 10 150695
16 0 4 111 0 7 11 155623
16 0 4 112 0 0 12 105242
16 0 4 113 0 1 13 107428
16 0 4 114 0 2 14 109537
16 0 4 115 0 3 15 114058
16 0 4 116 0 4 16 123293
16 0 4 117 0 5 17 143739
16 0 4 118 0 6 18 150587
16 0 4 119 0 7 19 161020
16 0 4 120 0 0 20 105172
16 0 4 121 0 1 21 108126
16 0 4 122 0 2 22 113552
16 0 4 123 0 3 23 119077
16 0 4 124 0 4 24 123139
16 0 4 125 0 5 25 139991
16 0 4 126 0 6 26 147927
16 0 4 127 0 7 27 159923
16 0 4 128 0 0 28 105261
16 0 4 129 0 1 29 107969
16 0 4 130 0 2 30 113615
16 0 4 131 0 3 31 118059
16 0 4 132 0 4 32 128988
16 0 4 133 0 5 33 144844
16 0 4 134 0 6 34 149716
16 0 4 135 0 7 35 155791
16 0 4 136 0 0 36 105207
16 0 4 137 0 1 37 106132
16 0 4 138 0 2 38 113669
16 0 4 139 0 3 39 119412
16 0 4 140 0 4 40 128552
16 0 4 141 0 5 41 144407
16 0 4 142 0 6 42 145193
16 0 4 143 0 7 43 157352
16 0 4 144 0 0 44 105309
16 0 4 145 0 1 45 107860
16 0 4 146 0 2 46 113220
16 0 4 147 0 3 47 110397
16 0 4 148 0 4 48 123324
16 0 4 149 0 5 49 136289
16 0 4 150 0 6 50 145126
16 0 4 151 0 7 51 160075
16 0 4 152 0 0 52 105382
16 0 4 153 0 1 53 108169
16 0 4 154 0 2 54 112928
16 0 4 155 0 3 55 119241
16 0 4 156 0 4 56 128115
16 0 4 157 0 5 57 143955
16 0 4 158 0 6 58 149762
16 0 4 159 0 7 59 154905
16 0 4 160 0 0 60 102640
16 0 4 161 0 1 61 107691
16 0 4 162 0 2 62 113473
16 0 4 163 0 3 63 118984
16 0 4 164 0 4 64 128318
16 0 4 165 0 5 65 144597
16 0 4 166 0 6 66 149729
16 0 4 167 0 7 67 154803
16 0 4 168 0 0 68 105239
16 0 4 169 0 1 69 107597
16 0 4 170 0 2 70 111969
16 0 4 171 0 3 71 119148
16 0 4 172 0 4 72 128424
16 0 4 173 0 5 73 139522
16 0 4 174 0 6 74 152439
16 0 4 175 0 7 75 153710
16 0 4 176 0 0 76 105204
16 0 4 177 0 1 77 108039
16 0 4 178 0 2 78 113734
16 0 4 179 0 3 79 118157
16 0 4 180 0 4 80 127442
16 0 4 181 0 5 81 143778
16 0 4 182 0 6 82 147973
16 0 4 183 0 7 83 162436
16 0 4 184 0 0 84 105038
16 0 4 185 0 1 85 105735
16 0 4 186 0 2 86 113433
16 0 4 187 0 3 87 114205
16 0 4 188 0 4 88 124301
16 0 4 189 0 5 89 144697
16 0 4 190 0 6 90 149041
16 0 4 191 0 7 91 158927
16 0 4 192 0 0 92 105277
16 0 4 193 0 1 93 107939
16 0 4 194 0 2 94 113314
16 0 4 195 0 3 95 118370
16 0 4 196 0 4 96 127617
16 0 4 197 0 5 97 141659
16 0 4 198 0 6 98 149975
16 0 4 199 0 7 99 159478
16 0 4 200 0 0 0 105189
16 0 4 201 0 1 1 108134
16 0 4 202 0 2 2 111184
16 0 4 203 0 3 3 114453
16 0 4 204 0 4 4 127932
16 0 4 205 0 5 5 141640
16 0 4 206 0 6 6 142216
16 0 4 207 0 7 7 152555
16 0 4 208 0 0 8 104976
16 0 4 209 0 1 9 107648
16 0 4 210 0 2 10 113391
16 0 4 211 0 3 11 119604
16 0 4 212 0 4 12 128164
16 0 4 213 0 5 13 140999
16 0 4 214 0 6 14 130377
16 0 4 215 0 7 15 153182
16 0 4 216 0 0 16 105317
16 0 4 217 0 1 17 107631
16 0 4 218 0 2 18 113596
16 0 4 219 0 3 19 119743
16 0 4 220 0 4 20 127791
16 0 4 221 0 5 21 144761
16 0 4 222 0 6 22 148949
16 0 4 223 0 7 23 159486
16 0 4 224 0 0 24 104025
16 0 4 225 0 1 25 107862
16 0 4 226 0 2 26 113657
16 0 4 227 0 3 27 117949
16 0 4 228 0 4 28 128466
16 0 4 229 0 5 29 140008
16 0 4 230 0 6 30 150032
16 0 4 231 0 7 31 153209
16 0 4 232 0 0 32 105353
16 0 4 233 0 1 33 108147
16 0 4 234 0 2 34 113191
16 0 4 235 0 3 35 114130
16 0 4 236 0 4 36 127920
16 0 4 237 0 5 37 141010
16 0 4 238 0 6 38 150687
16 0 4 239 0 7 39 161761
16 0 4 240 0 0 40 105303
16 0 4 241 0 1 41 107852
16 0 4 242 0 2 42 113556
16 0 4 243 0 3 43 117327
16 0 4 244 0 4 44 128409
16 0 4 245 0 5 45 144006
16 0 4 246 0 6 46 145905
16 0 4 247 0 7 47 147941
16 0 4 248 0 0 48 103998
16 0 4 249 0 1 49 107799
16 0 4 250 0 2 50 113363
16 0 4 251 0 3 51 119010
16 0 4 252 0 4 52 128087
16 0 4 253 0 5 53 144098
16 0 4 254 0 6 54 148873
16 0 4 255 0 7 55 161571
16 0 4 256 0 0 56 105126
16 0 4 257 0 1 57 107955
16 0 4 258 0 2 58 113556
16 0 4 259 0 3 59 119478
16 0 4 260 0 4 60 115050
16 0 4 261 0 5 61 142832
16 0 4 262 0 6 62 150199
16 0 4 263 0 7 63 158075
16 0 4 264 0 0 64 105194
16 0 4 265 0 1 65 108058
16 0 4 266 0 2 66 113174
16 0 4 267 0 3 67 117700
16 0 4 268 0 4 68 128248
16 0 4 269 0 5 69 143445
16 0 4 270 0 6 70 147160
16 0 4 271 0 7 71 160515
16 0 4 272 0 0 72 105263
16 0 4 273 0 1 73 107829
16 0 4 274 0 2 74 113649
16 0 4 275 0 3 75 115822
16 0 4 276 0 4 76 127419
16 0 4 277 0 5 77 143769
16 0 4 278 0 6 78 150947
16 0 4 279 0 7 79 153154
16 0 4 280 0 0 80 105097
16 0 4 281 0 1 81 107775
16 0 4 282 0 2 82 113668
16 0 4 283 0 3 83 119690
16 0 4 284 0 4 84 126427
16 0 4 285 0 5 85 135939
16 0 4 286 0 6 86 150353
16 0 4 287 0 7 87 153425
16 0 4 288 0 0 88 105331
16 0 4 289 0 1 89 108100
16 0 4 290 0 2 90 113394
16 0 4 291 0 3 91 119286
16 0 4 292 0 4 92 128543
16 0 4 293 0 5 93 143629
16 0 4 294 0 6 94 144262
16 0 4 295 0 7 95 160914
16 0 4 296 0 0 96 105039
16 0 4 297 0 1 97 107673
16 0 4 298 0 2 98 113680
16 0 4 299 0 3 99 119406
16 0 5 0 0 0 0 106565
16 0 5 1 0 1 1 110263
16 0 5 2 0 2 2 114869
16 0 5 3 0 3 3 119765
16 0 5 4 0 4 4 136033
16 0 5 5 0 5 5 155372
16 0 5 6 0 6 6 158509
16 0 5 7 0 7 7 172445
16 0 5 8 0 0 8 106353
16 0 5 9 0 1 9 109495
16 0 5 10 0 2 10 117003
16 0 5 11 0 3 11 124776
16 0 5 12 0 4 12 136209
16 0 5 13 0 5 13 154633
16 0 5 14 0 6 14 144633
16 0 5 15 0 7 15 173153
16 0 5 16 0 0 16 106661
16 0 5 17 0 1 17 109804
16 0 5 18 0 2 18 116842
16 0 5 19 0 3 19 125302
16 0 5 20 0 4 20 135779
16 0 5 21 0 5 21 158717
16 0 5 22 0 6 22 165656
16 0 5 23 0 7 23 179831
16 0 5 24 0 0 24 105405
16 0 5 25 0 1 25 109981
16 0 5 26 0 2 26 117279
16 0 5 27 0 3 27 122963
16 0 5 28 0 4 28 136732
16 0 5 29 0 5 29 153075
16 0 5 30 0 6 30 166193
16 0 5 31 0 7 31 172888
16 0 5 32 0 0 32 106714
16 0 5 33 0 1 33 110003
16 0 5 34 0 2 34 116663
16 0 5 35 0 3 35 119416
16 0 5 36 0 4 36 135971
16 0 5 37 0 5 37 154147
16 0 5 38 0 6 38 167215
16 0 5 39 0 7 39 182455
16 0 5 40 0 0 40 106632
16 0 5 41 0 1 41 109874
16 0 5 42 0 2 42 117320
16 0 5 43 0 3 43 122769
16 0 5 44 0 4 44 136916
16 0 5 45 0 5 45 158071
16 0 5 46 0 6 46 162002
16 0 5 47 0 7 47 166140
16 0 5 48 0 0 48 105323
16 0 5 49 0 1 49 109943
16 0 5 50 0 2 50 116717
16 0 5 51 0 3 51 124535
16 0 5 52 0 4 52 136366
16 0 5 53 0 5 53 158251
16 0 5 54 0 6 54 165592
16 0 5 55 0 7 55 181563
16 0 5 56 0 0 56 106518
16 0 5 57 0 1 57 110035
16 0 5 58 0 2 58 117224
16 0 5 59 0 3 59 125000
16 0 5 60 0 4 60 122309
16 0 5 61 0 5 61 156133
16 0 5 62 0 6 62 166783
16 0 5 63 0 7 63 178521
16 0 5 64 0 0 64 106580
16 0 5 65 0 1 65 110141
16 0 5 66 0 2 66 116926
16 0 5 67 0 3 67 123164
16 0 5 68 0 4 68 136131
16 0 5 69 0 5 69 156904
16 0 5 70 0 6 70 162794
16 0 5 71 0 7 71 180863
16 0 5 72 0 0 72 106596
16 0 5 73 0 1 73 109905
16 0 5 74 0 2 74 117021
16 0 5 75 0 3 75 120958
16 0 5 76 0 4 76 135162
16 0 5 77 0 5 77 157305
16 0 5 78 0 6 78 167758
16 0 5 79 0 7 79 172435
16 0 5 80 0 0 80 106488
16 0 5 81 0 1 81 109852
16 0 5 82 0 2 82 117316
16 0 5 83 0 3 83 125081
16 0 5 84 0 4 84 134929
16 0 5 85 0 5 85 148551
16 0 5 86 0 6 86 167385
16 0 5 87 0 7 87 173135
16 0 5 88 0 0 88 106758
16 0 5 89 0 1 89 110250
16 0 5 90 0 2 90 117012
16 0 5 91 0 3 91 124597
16 0 5 92 0 4 92 136267
16 0 5 93 0 5 93 156715
16 0 5 94 0 6 94 159322
16 0 5 95 0 7 95 181103
16 0 5 96 0 0 96 106418
16 0 5 97 0 1 97 109814
16 0 5 98 0 2 98 117554
16 0 5 99 0 3 99 124701
16 0 5 100 0 4 0 134082
16 0 5 101 0 5 1 156773
16 0 5 102 0 6 2 164206
16 0 5 103 0 7 3 167994
16 0 5 104 0 0 4 106513
16 0 5 105 0 1 5 109748
16 0 5 106 0 2 6 115930
16 0 5 107 0 3 7 124323
16 0 5 108 0 4 8 135728
16 0 5 109 0 5 9 155595
16 0 5 110 0 6 10 167719
16 0 5 111 0 7 11 175031
16 0 5 112 0 0 12 106636
16 0 5 113 0 1 13 109506
16 0 5 114 0 2 14 113131
16 0 5 115 0 3 15 119330
16 0 5 116 0 4 16 131395
16 0 5 117 0 5 17 157355
16 0 5 118 0 6 18 166154
16 0 5 119 0 7 19 182465
16 0 5 120 0 0 20 106488
16 0 5 121 0 1 21 110253
16 0 5 122 0 2 22 117317
16 0 5 123 0 3 23 124599
16 0 5 124 0 4 24 131339
16 0 5 125 0 5 25 153757
16 0 5 126 0 6 26 163961
16 0 5 127 0 7 27 180288
16 0 5 128 0 0 28 106622
16 0 5 129 0 1 29 109992
16 0 5 130 0 2 30 117236
16 0 5 131 0 3 31 123364
16 0 5 132 0 4 32 137215
16 0 5 133 0 5 33 157969
16 0 5 134 0 6 34 165521
16 0 5 135 0 7 35 175293
16 0 5 136 0 0 36 106535
16 0 5 137 0 1 37 108142
16 0 5 138 0 2 38 117437
16 0 5 139 0 3 39 124769
16 0 5 140 0 4 40 136618
16 0 5 141 0 5 41 158019
16 0 5 142 0 6 42 160950
16 0 5 143 0 7 43 177310
16 0 5 144 0 0 44 106705
16 0 5 145 0 1 45 110005
16 0 5 146 0 2 46 116852
16 0 5 147 0 3 47 115293
16 0 5 148 0 4 48 131187
16 0 5 149 0 5 49 149368
16 0 5 150 0 6 50 160354
16 0 5 151 0 7 51 181008
16 0 5 152 0 0 52 106764
16 0 5 153 0 1 53 110357
16 0 5 154 0 2 54 116750
16 0 5 155 0 3 55 124841
16 0 5 156 0 4 56 136265
16 0 5 157 0 5 57 157705
16 0 5 158 0 6 58 165369
16 0 5 159 0 7 59 174197
16 0 5 160 0 0 60 103940
16 0 5 161 0 1 61 109833
16 0 5 162 0 2 62 117094
16 0 5 163 0 3 63 124483
16 0 5 164 0 4 64 136589
16 0 5 165 0 5 65 158083
16 0 5 166 0 6 66 165760
16 0 5 167 0 7 67 174760
16 0 5 168 0 0 68 106591
16 0 5 169 0 1 69 109640
16 0 5 170 0 2 70 115110
16 0 5 171 0 3 71 124572
16 0 5 172 0 4 72 136552
16 0 5 173 0 5 73 152826
16 0 5 174 0 6 74 163131
16 0 5 175 0 7 75 173217
16 0 5 176 0 0 76 106467
16 0 5 177 0 1 77 110187
16 0 5 178 0 2 78 117460
16 0 5 179 0 3 79 123587
16 0 5 180 0 4 80 135807
16 0 5 181 0 5 81 157461
16 0 5 182 0 6 82 164003
16 0 5 183 0 7 83 183154
16 0 5 184 0 0 84 106464
16 0 5 185 0 1 85 107695
16 0 5 186 0 2 86 117192
16 0 5 187 0 3 87 119175
16 0 5 188 0 4 88 132718
16 0 5 189 0 5 89 158816
16 0 5 190 0 6 90 165174
16 0 5 191 0 7 91 178835
16 0 5 192 0 0 92 106475
16 0 5 193 0 1 93 109792
16 0 5 194 0 2 94 116877
16 0 5 195 0 3 95 123652
16 0 5 196 0 4 96 135656
16 0 5 197 0 5 97 155427
16 0 5 198 0 6 98 166604
16 0 5 199 0 7 99 179536
16 0 5 200 0 0 0 106565
16 0 5 201 0 1 1 110263
16 0 5 202 0 2 2 114869
16 0 5 203 0 3 3 119765
16 0 5 204 0 4 4 136033
16 0 5 205 0 5 5 155372
16 0 5 206 0 6 6 158509
16 0 5 207 0 7 7 172445
16 0 5 208 0 0 8 106353
16 0 5 209 0 1 9 109495
16 0 5 210 0 2 10 117003
16 0 5 211 0 3 11 124776
16 0 5 212 0 4 12 136209
16 0 5 213 0 5 13 154633
16 0 5 214 0 6 14 144633
16 0 5 215 0 7 15 173153
16 0 5 216 0 0 16 106661
16 0 5 217 0 1 17 109804
16 0 5 218 0 2 18 116842
16 0 5 219 0 3 19 125302
16 0 5 220 0 4 20 135779
16 0 5 221 0 5 21 158717
16 0 5 222 0 6 22 165656
16 0 5 223 0 7 23 179831
16 0 5 224 0 0 24 105405
16 0 5 225 0 1 25 109981
16 0 5 226 0 2 26 117279
16 0 5 227 0 3 27 122963
16 0 5 228 0 4 28 136732
16 0 5 229 0 5 29 153075
16 0 5 230 0 6 30 166193
16 0 5 231 0 7 31 172888
16 0 5 232 0 0 32 106714
16 0 5 233 0 1 33 110003
16 0 5 234 0 2 34 116663
16 0 5 235 0 3 35 119416
16 0 5 236 0 4 36 135971
16 0 5 237 0 5 37 154147
16 0 5 238 0 6 38 167215
16 0 5 239 0 7 39 182455
16 0 5 240 0 0 40 106632
16 0 5 241 0 1 41 109874
16 0 5 242 0 2 42 117320
16 0 5 243 0 3 43 122769
16 0 5 244 0 4 44 136916
16 0 5 245 0 5 45 158071
16 0 5 246 0 6 46 162002
16 0 5 247 0 7 47 166140
16 0 5 248 0 0 48 105323
16 0 5 249 0 1 49 109943
16 0 5 250 0 2 50 116717
16 0 5 251 0 3 51 124535
16 0 5 252 0 4 52 136366
16 0 5 253 0 5 53 158251
16 0 5 254 0 6 54 165592
16 0 5 255 0 7 55 181563
16 0 5 256 0 0 56 106518
16 0 5 257 0 1 57 110035
16 0 5 258 0 2 58 117224
16 0 5 259 0 3 59 125000
16 0 5 260 0 4 60 122309
16 0 5 261 0 5 61 156133
16 0 5 262 0 6 62 166783
16 0 5 263 0 7 63 178521
16 0 5 264 0 0 64 106580
16 0 5 265 0 1 65 110141
16 0 5 266 0 2 66 116926
16 0 5 267 0 3 67 123164
16 0 5 268 0 4 68 136131
16 0 5 269 0 5 69 156904
16 0 5 270 0 6 70 162794
16 0 5 271 0 7 71 180863
16 0 5 272 0 0 72 106596
16 0 5 273 0 1 73 109905
16 0 5 274 0 2 74 117021
16 0 5 275 0 3 75 120958
16 0 5 276 0 4 76 135162
16 0 5 277 0 5 77 157305
16 0 5 278 0 6 78 167758
16 0 5 279 0 7 79 172435
16 0 5 280 0 0 80 106488
16 0 5 281 0 1 81 109852
16 0 5 282 0 2 82 117316
16 0 5 283 0 3 83 125081
16 0 5 284 0 4 84 134929
16 0 5 285 0 5 85 148551
16 0 5 286 0 6 86 167385
16 0 5 287 0 7 87 173135
16 0 5 288 0 0 88 106758
16 0 5 289 0 1 89 110250
16 0 5 290 0 2 90 117012
16 0 5 291 0 3 91 124597
16 0 5 292 0 4 92 136267
16 0 5 293 0 5 93 156715
16 0 5 294 0 6 94 159322
16 0 5 295 0 7 95 181103
16 0 5 296 0 0 96 106418
16 0 5 297 0 1 97 109814
16 0 5 298 0 2 98 117554
16 0 5 299 0 3 99 124701
