8 4 1 2400 3 0 0 100640
8 4 1 2401 3 1 1 101620
8 4 1 2402 3 2 2 103357
8 4 1 2403 3 3 3 96779
8 4 1 2404 3 4 4 93266
8 4 1 2405 3 5 5 106843
8 4 1 2406 3 6 6 97270
8 4 1 2407 3 7 7 107903
8 4 1 2408 3 0 8 99076
8 4 1 2409 3 1 9 98278
8 4 1 2410 3 2 10 96911
8 4 1 2411 3 3 11 104632
8 4 1 2412 3 4 12 105155
8 4 1 2413 3 5 13 98158
8 4 1 2414 3 6 14 104154
8 4 1 2415 3 7 15 97701
8 4 1 2416 3 0 16 101208
8 4 1 2417 3 1 17 101950
8 4 1 2418 3 2 18 97390
8 4 1 2419 3 3 19 104750
8 4 1 2420 3 4 20 98351
8 4 1 2421 3 5 21 106880
8 4 1 2422 3 6 22 98295
8 4 1 2423 3 7 23 103250
8 4 1 2424 3 0 24 100642
8 4 1 2425 3 1 25 102023
8 4 1 2426 3 2 26 97014
8 4 1 2427 3 3 27 99173
8 4 1 2428 3 4 28 102756
8 4 1 2429 3 5 29 94831
8 4 1 2430 3 6 30 99709
8 4 1 2431 3 7 31 102491
8 4 1 2432 3 0 32 100468
8 4 1 2433 3 1 33 98806
8 4 1 2434 3 2 34 98583
8 4 1 2435 3 3 35 97844
8 4 1 2436 3 4 36 99242
8 4 1 2437 3 5 37 104296
8 4 1 2438 3 6 38 103067
8 4 1 2439 3 7 39 108591
8 4 1 2440 3 0 40 99129
8 4 1 2441 3 1 41 101995
8 4 1 2442 3 2 42 99992
8 4 1 2443 3 3 43 104750
8 4 1 2444 3 4 44 93383
8 4 1 2445 3 5 45 99427
8 4 1 2446 3 6 46 108131
8 4 1 2447 3 7 47 100740
8 4 1 2448 3 0 48 101212
8 4 1 2449 3 1 49 99829
8 4 1 2450 3 2 50 98112
8 4 1 2451 3 3 51 98111
8 4 1 2452 3 4 52 106751
8 4 1 2453 3 5 53 110141
8 4 1 2454 3 6 54 109996
8 4 1 2455 3 7 55 97016
8 4 1 2456 3 0 56 101298
8 4 1 2457 3 1 57 102014
8 4 1 2458 3 2 58 103293
8 4 1 2459 3 3 59 102750
8 4 1 2460 3 4 60 104351
8 4 1 2461 3 5 61 96091
8 4 1 2462 3 6 62 107741
8 4 1 2463 3 7 63 111991
8 4 1 2464 3 0 64 100368
8 4 1 2465 3 1 65 99568
8 4 1 2466 3 2 66 96762
8 4 1 2467 3 3 67 103402
8 4 1 2468 3 4 68 97265
8 4 1 2469 3 5 69 102109
8 4 1 2470 3 6 70 101394
8 4 1 2471 3 7 71 102424
8 4 1 2472 3 0 72 101318
8 4 1 2473 3 1 73 101890
8 4 1 2474 3 2 74 98456
8 4 1 2475 3 3 75 102500
8 4 1 2476 3 4 76 99464
8 4 1 2477 3 5 77 100320
8 4 1 2478 3 6 78 96099
8 4 1 2479 3 7 79 94425
8 4 1 2480 3 0 80 98605
8 4 1 2481 3 1 81 100227
8 4 1 2482 3 2 82 100563
8 4 1 2483 3 3 83 104750
8 4 1 2484 3 4 84 102405
8 4 1 2485 3 5 85 97055
8 4 1 2486 3 6 86 100336
8 4 1 2487 3 7 87 100176
8 4 1 2488 3 0 88 98724
8 4 1 2489 3 1 89 99095
8 4 1 2490 3 2 90 101069
8 4 1 2491 3 3 91 104388
8 4 1 2492 3 4 92 100377
8 4 1 2493 3 5 93 109430
8 4 1 2494 3 6 94 91724
8 4 1 2495 3 7 95 113090
8 4 1 2496 3 0 96 99450
8 4 1 2497 3 1 97 98572
8 4 1 2498 3 2 98 97874
8 4 1 2499 3 3 99 95917
8 4 1 2500 3 4 0 103210
8 4 1 2501 3 5 1 108175
8 4 1 2502 3 6 2 109570
8 4 1 2503 3 7 3 99867
8 4 1 2504 3 0 4 98713
8 4 1 2505 3 1 5 101422
8 4 1 2506 3 2 6 98219
8 4 1 2507 3 3 7 100750
8 4 1 2508 3 4 8 95120
8 4 1 2509 3 5 9 97736
8 4 1 2510 3 6 10 95114
8 4 1 2511 3 7 11 111523
8 4 1 2512 3 0 12 101319
8 4 1 2513 3 1 13 99451
8 4 1 2514 3 2 14 103009
8 4 1 2515 3 3 15 103000
8 4 1 2516 3 4 16 105116
8 4 1 2517 3 5 17 104013
8 4 1 2518 3 6 18 93936
8 4 1 2519 3 7 19 100841
8 4 1 2520 3 0 20 99435
8 4 1 2521 3 1 21 101757
8 4 1 2522 3 2 22 100695
8 4 1 2523 3 3 23 104313
8 4 1 2524 3 4 24 102527
8 4 1 2525 3 5 25 108575
8 4 1 2526 3 6 26 99240
8 4 1 2527 3 7 27 101704
8 4 1 2528 3 0 28 101244
8 4 1 2529 3 1 29 98965
8 4 1 2530 3 2 30 99825
8 4 1 2531 3 3 31 103969
8 4 1 2532 3 4 32 101894
8 4 1 2533 3 5 33 95527
8 4 1 2534 3 6 34 94800
8 4 1 2535 3 7 35 92967
8 4 1 2536 3 0 36 99914
8 4 1 2537 3 1 37 101684
8 4 1 2538 3 2 38 103358
8 4 1 2539 3 3 39 104572
8 4 1 2540 3 4 40 98389
8 4 1 2541 3 5 41 109999
8 4 1 2542 3 6 42 98798
8 4 1 2543 3 7 43 104665
8 4 1 2544 3 0 44 98710
8 4 1 2545 3 1 45 100484
8 4 1 2546 3 2 46 103287
8 4 1 2547 3 3 47 98950
8 4 1 2548 3 4 48 105756
8 4 1 2549 3 5 49 102242
8 4 1 2550 3 6 50 98311
8 4 1 2551 3 7 51 104157
8 4 1 2552 3 0 52 101321
8 4 1 2553 3 1 53 102027
8 4 1 2554 3 2 54 103392
8 4 1 2555 3 3 55 99720
8 4 1 2556 3 4 56 106701
8 4 1 2557 3 5 57 110061
8 4 1 2558 3 6 58 109008
8 4 1 2559 3 7 59 109658
8 4 1 2560 3 0 60 100931
8 4 1 2561 3 1 61 98566
8 4 1 2562 3 2 62 102769
8 4 1 2563 3 3 63 104680
8 4 1 2564 3 4 64 99419
8 4 1 2565 3 5 65 102048
8 4 1 2566 3 6 66 91484
8 4 1 2567 3 7 67 103028
8 4 1 2568 3 0 68 99458
8 4 1 2569 3 1 69 101961
8 4 1 2570 3 2 70 99924
8 4 1 2571 3 3 71 101943
8 4 1 2572 3 4 72 106687
8 4 1 2573 3 5 73 108307
8 4 1 2574 3 6 74 102737
8 4 1 2575 3 7 75 105933
8 4 1 2576 3 0 76 99988
8 4 1 2577 3 1 77 98244
8 4 1 2578 3 2 78 101138
8 4 1 2579 3 3 79 96250
8 4 1 2580 3 4 80 92888
8 4 1 2581 3 5 81 103441
8 4 1 2582 3 6 82 98255
8 4 1 2583 3 7 83 100301
8 4 1 2584 3 0 84 100216
8 4 1 2585 3 1 85 99335
8 4 1 2586 3 2 86 100187
8 4 1 2587 3 3 87 101750
8 4 1 2588 3 4 88 93688
8 4 1 2589 3 5 89 97471
8 4 1 2590 3 6 90 104470
8 4 1 2591 3 7 91 111187
8 4 1 2592 3 0 92 100102
8 4 1 2593 3 1 93 102029
8 4 1 2594 3 2 94 97418
8 4 1 2595 3 3 95 104750
8 4 1 2596 3 4 96 97217
8 4 1 2597 3 5 97 98033
8 4 1 2598 3 6 98 95271
8 4 1 2599 3 7 99 93451
8 4 1 2600 3 0 0 100640
8 4 1 2601 3 1 1 101620
8 4 1 2602 3 2 2 103357
8 4 1 2603 3 3 3 96779
8 4 1 2604 3 4 4 93266
8 4 1 2605 3 5 5 106843
8 4 1 2606 3 6 6 97270
8 4 1 2607 3 7 7 107903
8 4 1 2608 3 0 8 99076
8 4 1 2609 3 1 9 98278
8 4 1 2610 3 2 10 96911
8 4 1 2611 3 3 11 104632
8 4 1 2612 3 4 12 105155
8 4 1 2613 3 5 13 98158
8 4 1 2614 3 6 14 104154
8 4 1 2615 3 7 15 97701
8 4 1 2616 3 0 16 101208
8 4 1 2617 3 1 17 101950
8 4 1 2618 3 2 18 97390
8 4 1 2619 3 3 19 104750
8 4 1 2620 3 4 20 98351
8 4 1 2621 3 5 21 106880
8 4 1 2622 3 6 22 98295
8 4 1 2623 3 7 23 103250
8 4 1 2624 3 0 24 100642
8 4 1 2625 3 1 25 102023
8 4 1 2626 3 2 26 97014
8 4 1 2627 3 3 27 99173
8 4 1 2628 3 4 28 102756
8 4 1 2629 3 5 29 94831
8 4 1 2630 3 6 30 99709
8 4 1 2631 3 7 31 102491
8 4 1 2632 3 0 32 100468
8 4 1 2633 3 1 33 98806
8 4 1 2634 3 2 34 98583
8 4 1 2635 3 3 35 97844
8 4 1 2636 3 4 36 99242
8 4 1 2637 3 5 37 104296
8 4 1 2638 3 6 38 103067
8 4 1 2639 3 7 39 108591
8 4 1 2640 3 0 40 99129
8 4 1 2641 3 1 41 101995
8 4 1 2642 3 2 42 99992
8 4 1 2643 3 3 43 104750
8 4 1 2644 3 4 44 93383
8 4 1 2645 3 5 45 99427
8 4 1 2646 3 6 46 108131
8 4 1 2647 3 7 47 100740
8 4 1 2648 3 0 48 101212
8 4 1 2649 3 1 49 99829
8 4 1 2650 3 2 50 98112
8 4 1 2651 3 3 51 98111
8 4 1 2652 3 4 52 106751
8 4 1 2653 3 5 53 110141
8 4 1 2654 3 6 54 109996
8 4 1 2655 3 7 55 97016
8 4 1 2656 3 0 56 101298
8 4 1 2657 3 1 57 102014
8 4 1 2658 3 2 58 103293
8 4 1 2659 3 3 59 102750
8 4 1 2660 3 4 60 104351
8 4 1 2661 3 5 61 96091
8 4 1 2662 3 6 62 107741
8 4 1 2663 3 7 63 111991
8 4 1 2664 3 0 64 100368
8 4 1 2665 3 1 65 99568
8 4 1 2666 3 2 66 96762
8 4 1 2667 3 3 67 103402
8 4 1 2668 3 4 68 97265
8 4 1 2669 3 5 69 102109
8 4 1 2670 3 6 70 101394
8 4 1 2671 3 7 71 102424
8 4 1 2672 3 0 72 101318
8 4 1 2673 3 1 73 101890
8 4 1 2674 3 2 74 98456
8 4 1 2675 3 3 75 102500
8 4 1 2676 3 4 76 99464
8 4 1 2677 3 5 77 100320
8 4 1 2678 3 6 78 96099
8 4 1 2679 3 7 79 94425
8 4 1 2680 3 0 80 98605
8 4 1 2681 3 1 81 100227
8 4 1 2682 3 2 82 100563
8 4 1 2683 3 3 83 104750
8 4 1 2684 3 4 84 102405
8 4 1 2685 3 5 85 97055
8 4 1 2686 3 6 86 100336
8 4 1 2687 3 7 87 100176
8 4 1 2688 3 0 88 98724
8 4 1 2689 3 1 89 99095
8 4 1 2690 3 2 90 101069
8 4 1 2691 3 3 91 104388
8 4 1 2692 3 4 92 100377
8 4 1 2693 3 5 93 109430
8 4 1 2694 3 6 94 91724
8 4 1 2695 3 7 95 113090
8 4 1 2696 3 0 96 99450
8 4 1 2697 3 1 97 98572
8 4 1 2698 3 2 98 97874
8 4 1 2699 3 3 99 95917
8 4 1 2700 3 4 0 103210
8 4 1 2701 3 5 1 108175
8 4 1 2702 3 6 2 109570
8 4 1 2703 3 7 3 99867
8 4 1 2704 3 0 4 98713
8 4 1 2705 3 1 5 101422
8 4 1 2706 3 2 6 98219
8 4 1 2707 3 3 7 100750
8 4 1 2708 3 4 8 95120
8 4 1 2709 3 5 9 97736
8 4 1 2710 3 6 10 95114
8 4 1 2711 3 7 11 111523
8 4 1 2712 3 0 12 101319
8 4 1 2713 3 1 13 99451
8 4 1 2714 3 2 14 103009
8 4 1 2715 3 3 15 103000
8 4 1 2716 3 4 16 105116
8 4 1 2717 3 5 17 104013
8 4 1 2718 3 6 18 93936
8 4 1 2719 3 7 19 100841
8 4 1 2720 3 0 20 99435
8 4 1 2721 3 1 21 101757
8 4 1 2722 3 2 22 100695
8 4 1 2723 3 3 23 104313
8 4 1 2724 3 4 24 102527
8 4 1 2725 3 5 25 108575
8 4 1 2726 3 6 26 99240
8 4 1 2727 3 7 27 101704
8 4 1 2728 3 0 28 101244
8 4 1 2729 3 1 29 98965
8 4 1 2730 3 2 30 99825
8 4 1 2731 3 3 31 103969
8 4 1 2732 3 4 32 101894
8 4 1 2733 3 5 33 95527
8 4 1 2734 3 6 34 94800
8 4 1 2735 3 7 35 92967
8 4 1 2736 3 0 36 99914
8 4 1 2737 3 1 37 101684
8 4 1 2738 3 2 38 103358
8 4 1 2739 3 3 39 104572
8 4 1 2740 3 4 40 98389
8 4 1 2741 3 5 41 109999
8 4 1 2742 3 6 42 98798
8 4 1 2743 3 7 43 104665
8 4 1 2744 3 0 44 98710
8 4 1 2745 3 1 45 100484
8 4 1 2746 3 2 46 103287
8 4 1 2747 3 3 47 98950
8 4 1 2748 3 4 48 105756
8 4 1 2749 3 5 49 102242
8 4 1 2750 3 6 50 98311
8 4 1 2751 3 7 51 104157
8 4 1 2752 3 0 52 101321
8 4 1 2753 3 1 53 102027
8 4 1 2754 3 2 54 103392
8 4 1 2755 3 3 55 99720
8 4 1 2756 3 4 56 106701
8 4 1 2757 3 5 57 110061
8 4 1 2758 3 6 58 109008
8 4 1 2759 3 7 59 109658
8 4 1 2760 3 0 60 100931
8 4 1 2761 3 1 61 98566
8 4 1 2762 3 2 62 102769
8 4 1 2763 3 3 63 104680
8 4 1 2764 3 4 64 99419
8 4 1 2765 3 5 65 102048
8 4 1 2766 3 6 66 91484
8 4 1 2767 3 7 67 103028
8 4 1 2768 3 0 68 99458
8 4 1 2769 3 1 69 101961
8 4 1 2770 3 2 70 99924
8 4 1 2771 3 3 71 101943
8 4 1 2772 3 4 72 106687
8 4 1 2773 3 5 73 108307
8 4 1 2774 3 6 74 102737
8 4 1 2775 3 7 75 105933
8 4 1 2776 3 0 76 99988
8 4 1 2777 3 1 77 98244
8 4 1 2778 3 2 78 101138
8 4 1 2779 3 3 79 96250
8 4 1 2780 3 4 80 92888
8 4 1 2781 3 5 81 103441
8 4 1 2782 3 6 82 98255
8 4 1 2783 3 7 83 100301
8 4 1 2784 3 0 84 100216
8 4 1 2785 3 1 85 99335
8 4 1 2786 3 2 86 100187
8 4 1 2787 3 3 87 101750
8 4 1 2788 3 4 88 93688
8 4 1 2789 3 5 89 97471
8 4 1 2790 3 6 90 104470
8 4 1 2791 3 7 91 111187
8 4 1 2792 3 0 92 100102
8 4 1 2793 3 1 93 102029
8 4 1 2794 3 2 94 97418
8 4 1 2795 3 3 95 104750
8 4 1 2796 3 4 96 97217
8 4 1 2797 3 5 97 98033
8 4 1 2798 3 6 98 95271
8 4 1 2799 3 7 99 93451
8 4 1 2800 3 0 0 100640
8 4 1 2801 3 1 1 101620
8 4 1 2802 3 2 2 103357
8 4 1 2803 3 3 3 96779
8 4 1 2804 3 4 4 93266
8 4 1 2805 3 5 5 106843
8 4 1 2806 3 6 6 97270
8 4 1 2807 3 7 7 107903
8 4 1 2808 3 0 8 99076
8 4 1 2809 3 1 9 98278
8 4 1 2810 3 2 10 96911
8 4 1 2811 3 3 11 104632
8 4 1 2812 3 4 12 105155
8 4 1 2813 3 5 13 98158
8 4 1 2814 3 6 14 104154
8 4 1 2815 3 7 15 97701
8 4 1 2816 3 0 16 101208
8 4 1 2817 3 1 17 101950
8 4 1 2818 3 2 18 97390
8 4 1 2819 3 3 19 104750
8 4 1 2820 3 4 20 98351
8 4 1 2821 3 5 21 106880
8 4 1 2822 3 6 22 98295
8 4 1 2823 3 7 23 103250
8 4 1 2824 3 0 24 100642
8 4 1 2825 3 1 25 102023
8 4 1 2826 3 2 26 97014
8 4 1 2827 3 3 27 99173
8 4 1 2828 3 4 28 102756
8 4 1 2829 3 5 29 94831
8 4 1 2830 3 6 30 99709
8 4 1 2831 3 7 31 102491
8 4 1 2832 3 0 32 100468
8 4 1 2833 3 1 33 98806
8 4 1 2834 3 2 34 98583
8 4 1 2835 3 3 35 97844
8 4 1 2836 3 4 36 99242
8 4 1 2837 3 5 37 104296
8 4 1 2838 3 6 38 103067
8 4 1 2839 3 7 39 108591
8 4 1 2840 3 0 40 99129
8 4 1 2841 3 1 41 101995
8 4 1 2842 3 2 42 99992
8 4 1 2843 3 3 43 104750
8 4 1 2844 3 4 44 93383
8 4 1 2845 3 5 45 99427
8 4 1 2846 3 6 46 108131
8 4 1 2847 3 7 47 100740
8 4 1 2848 3 0 48 101212
8 4 1 2849 3 1 49 99829
8 4 1 2850 3 2 50 98112
8 4 1 2851 3 3 51 98111
8 4 1 2852 3 4 52 106751
8 4 1 2853 3 5 53 110141
8 4 1 2854 3 6 54 109996
8 4 1 2855 3 7 55 97016
8 4 1 2856 3 0 56 101298
8 4 1 2857 3 1 57 102014
8 4 1 2858 3 2 58 103293
8 4 1 2859 3 3 59 102750
8 4 1 2860 3 4 60 104351
8 4 1 2861 3 5 61 96091
8 4 1 2862 3 6 62 107741
8 4 1 2863 3 7 63 111991
8 4 1 2864 3 0 64 100368
8 4 1 2865 3 1 65 99568
8 4 1 2866 3 2 66 96762
8 4 1 2867 3 3 67 103402
8 4 1 2868 3 4 68 97265
8 4 1 2869 3 5 69 102109
8 4 1 2870 3 6 70 101394
8 4 1 2871 3 7 71 102424
8 4 1 2872 3 0 72 101318
8 4 1 2873 3 1 73 101890
8 4 1 2874 3 2 74 98456
8 4 1 2875 3 3 75 102500
8 4 1 2876 3 4 76 99464
8 4 1 2877 3 5 77 100320
8 4 1 2878 3 6 78 96099
8 4 1 2879 3 7 79 94425
8 4 1 2880 3 0 80 98605
8 4 1 2881 3 1 81 100227
8 4 1 2882 3 2 82 100563
8 4 1 2883 3 3 83 104750
8 4 1 2884 3 4 84 102405
8 4 1 2885 3 5 85 97055
8 4 1 2886 3 6 86 100336
8 4 1 2887 3 7 87 100176
8 4 1 2888 3 0 88 98724
8 4 1 2889 3 1 89 99095
8 4 1 2890 3 2 90 101069
8 4 1 2891 3 3 91 104388
8 4 1 2892 3 4 92 100377
8 4 1 2893 3 5 93 109430
8 4 1 2894 3 6 94 91724
8 4 1 2895 3 7 95 113090
8 4 1 2896 3 0 96 99450
8 4 1 2897 3 1 97 98572
8 4 1 2898 3 2 98 97874
8 4 1 2899 3 3 99 95917
8 4 1 2900 3 4 0 103210
8 4 1 2901 3 5 1 108175
8 4 1 2902 3 6 2 109570
8 4 1 2903 3 7 3 99867
8 4 1 2904 3 0 4 98713
8 4 1 2905 3 1 5 101422
8 4 1 2906 3 2 6 98219
8 4 1 2907 3 3 7 100750
8 4 1 2908 3 4 8 95120
8 4 1 2909 3 5 9 97736
8 4 1 2910 3 6 10 95114
8 4 1 2911 3 7 11 111523
8 4 1 2912 3 0 12 101319
8 4 1 2913 3 1 13 99451
8 4 1 2914 3 2 14 103009
8 4 1 2915 3 3 15 103000
8 4 1 2916 3 4 16 105116
8 4 1 2917 3 5 17 104013
8 4 1 2918 3 6 18 93936
8 4 1 2919 3 7 19 100841
8 4 1 2920 3 0 20 99435
8 4 1 2921 3 1 21 101757
8 4 1 2922 3 2 22 100695
8 4 1 2923 3 3 23 104313
8 4 1 2924 3 4 24 102527
8 4 1 2925 3 5 25 108575
8 4 1 2926 3 6 26 99240
8 4 1 2927 3 7 27 101704
8 4 1 2928 3 0 28 101244
8 4 1 2929 3 1 29 98965
8 4 1 2930 3 2 30 99825
8 4 1 2931 3 3 31 103969
8 4 1 2932 3 4 32 101894
8 4 1 2933 3 5 33 95527
8 4 1 2934 3 6 34 94800
8 4 1 2935 3 7 35 92967
8 4 1 2936 3 0 36 99914
8 4 1 2937 3 1 37 101684
8 4 1 2938 3 2 38 103358
8 4 1 2939 3 3 39 104572
8 4 1 2940 3 4 40 98389
8 4 1 2941 3 5 41 109999
8 4 1 2942 3 6 42 98798
8 4 1 2943 3 7 43 104665
8 4 1 2944 3 0 44 98710
8 4 1 2945 3 1 45 100484
8 4 1 2946 3 2 46 103287
8 4 1 2947 3 3 47 98950
8 4 1 2948 3 4 48 105756
8 4 1 2949 3 5 49 102242
8 4 1 2950 3 6 50 98311
8 4 1 2951 3 7 51 104157
8 4 1 2952 3 0 52 101321
8 4 1 2953 3 1 53 102027
8 4 1 2954 3 2 54 103392
8 4 1 2955 3 3 55 99720
8 4 1 2956 3 4 56 106701
8 4 1 2957 3 5 57 110061
8 4 1 2958 3 6 58 109008
8 4 1 2959 3 7 59 109658
8 4 1 2960 3 0 60 100931
8 4 1 2961 3 1 61 98566
8 4 1 2962 3 2 62 102769
8 4 1 2963 3 3 63 104680
8 4 1 2964 3 4 64 99419
8 4 1 2965 3 5 65 102048
8 4 1 2966 3 6 66 91484
8 4 1 2967 3 7 67 103028
8 4 1 2968 3 0 68 99458
8 4 1 2969 3 1 69 101961
8 4 1 2970 3 2 70 99924
8 4 1 2971 3 3 71 101943
8 4 1 2972 3 4 72 106687
8 4 1 2973 3 5 73 108307
8 4 1 2974 3 6 74 102737
8 4 1 2975 3 7 75 105933
8 4 1 2976 3 0 76 99988
8 4 1 2977 3 1 77 98244
8 4 1 2978 3 2 78 101138
8 4 1 2979 3 3 79 96250
8 4 1 2980 3 4 80 92888
8 4 1 2981 3 5 81 103441
8 4 1 2982 3 6 82 98255
8 4 1 2983 3 7 83 100301
8 4 1 2984 3 0 84 100216
8 4 1 2985 3 1 85 99335
8 4 1 2986 3 2 86 100187
8 4 1 2987 3 3 87 101750
8 4 1 2988 3 4 88 93688
8 4 1 2989 3 5 89 97471
8 4 1 2990 3 6 90 104470
8 4 1 2991 3 7 91 111187
8 4 1 2992 3 0 92 100102
8 4 1 2993 3 1 93 102029
8 4 1 2994 3 2 94 97418
8 4 1 2995 3 3 95 104750
8 4 1 2996 3 4 96 97217
8 4 1 2997 3 5 97 98033
8 4 1 2998 3 6 98 95271
8 4 1 2999 3 7 99 93451
8 4 2 2400 3 0 0 102000
8 4 2 2401 3 1 1 100298
8 4 2 2402 3 2 2 104432
8 4 2 2403 3 3 3 95437
8 4 2 2404 3 4 4 91557
8 4 2 2405 3 5 5 111888
8 4 2 2406 3 6 6 105104
8 4 2 2407 3 7 7 112354
8 4 2 2408 3 0 8 99983
8 4 2 2409 3 1 9 99459
8 4 2 2410 3 2 10 97181
8 4 2 2411 3 3 11 107212
8 4 2 2412 3 4 12 105602
8 4 2 2413 3 5 13 101068
8 4 2 2414 3 6 14 109874
8 4 2 2415 3 7 15 104861
8 4 2 2416 3 0 16 102577
8 4 2 2417 3 1 17 101338
8 4 2 2418 3 2 18 99618
8 4 2 2419 3 3 19 101550
8 4 2 2420 3 4 20 91757
8 4 2 2421 3 5 21 113899
8 4 2 2422 3 6 22 96837
8 4 2 2423 3 7 23 113788
8 4 2 2424 3 0 24 101379
8 4 2 2425 3 1 25 102068
8 4 2 2426 3 2 26 94151
8 4 2 2427 3 3 27 103805
8 4 2 2428 3 4 28 107152
8 4 2 2429 3 5 29 104449
8 4 2 2430 3 6 30 98365
8 4 2 2431 3 7 31 99745
8 4 2 2432 3 0 32 99865
8 4 2 2433 3 1 33 98041
8 4 2 2434 3 2 34 98761
8 4 2 2435 3 3 35 101033
8 4 2 2436 3 4 36 98951
8 4 2 2437 3 5 37 114863
8 4 2 2438 3 6 38 104381
8 4 2 2439 3 7 39 114682
8 4 2 2440 3 0 40 99893
8 4 2 2441 3 1 41 103232
8 4 2 2442 3 2 42 102535
8 4 2 2443 3 3 43 109653
8 4 2 2444 3 4 44 87065
8 4 2 2445 3 5 45 97253
8 4 2 2446 3 6 46 117926
8 4 2 2447 3 7 47 102888
8 4 2 2448 3 0 48 102139
8 4 2 2449 3 1 49 100077
8 4 2 2450 3 2 50 99937
8 4 2 2451 3 3 51 99389
8 4 2 2452 3 4 52 108716
8 4 2 2453 3 5 53 111801
8 4 2 2454 3 6 54 121127
8 4 2 2455 3 7 55 101949
8 4 2 2456 3 0 56 101751
8 4 2 2457 3 1 57 102029
8 4 2 2458 3 2 58 104365
8 4 2 2459 3 3 59 97992
8 4 2 2460 3 4 60 104940
8 4 2 2461 3 5 61 99048
8 4 2 2462 3 6 62 111967
8 4 2 2463 3 7 63 123050
8 4 2 2464 3 0 64 101646
8 4 2 2465 3 1 65 101530
8 4 2 2466 3 2 66 97671
8 4 2 2467 3 3 67 106205
8 4 2 2468 3 4 68 91297
8 4 2 2469 3 5 69 100368
8 4 2 2470 3 6 70 111446
8 4 2 2471 3 7 71 101527
8 4 2 2472 3 0 72 100370
8 4 2 2473 3 1 73 101700
8 4 2 2474 3 2 74 95166
8 4 2 2475 3 3 75 107258
8 4 2 2476 3 4 76 99015
8 4 2 2477 3 5 77 91561
8 4 2 2478 3 6 78 104362
8 4 2 2479 3 7 79 93471
8 4 2 2480 3 0 80 99604
8 4 2 2481 3 1 81 102226
8 4 2 2482 3 2 82 103935
8 4 2 2483 3 3 83 106683
8 4 2 2484 3 4 84 106518
8 4 2 2485 3 5 85 106241
8 4 2 2486 3 6 86 107209
8 4 2 2487 3 7 87 113713
8 4 2 2488 3 0 88 99948
8 4 2 2489 3 1 89 98682
8 4 2 2490 3 2 90 104249
8 4 2 2491 3 3 91 109343
8 4 2 2492 3 4 92 99534
8 4 2 2493 3 5 93 104814
8 4 2 2494 3 6 94 99405
8 4 2 2495 3 7 95 125185
8 4 2 2496 3 0 96 98856
8 4 2 2497 3 1 97 97814
8 4 2 2498 3 2 98 101187
8 4 2 2499 3 3 99 100408
8 4 2 2500 3 4 0 110050
8 4 2 2501 3 5 1 101550
8 4 2 2502 3 6 2 109265
8 4 2 2503 3 7 3 93279
8 4 2 2504 3 0 4 98481
8 4 2 2505 3 1 5 102788
8 4 2 2506 3 2 6 101450
8 4 2 2507 3 3 7 101006
8 4 2 2508 3 4 8 96919
8 4 2 2509 3 5 9 103971
8 4 2 2510 3 6 10 100554
8 4 2 2511 3 7 11 115635
8 4 2 2512 3 0 12 101406
8 4 2 2513 3 1 13 100615
8 4 2 2514 3 2 14 106441
8 4 2 2515 3 3 15 107243
8 4 2 2516 3 4 16 112204
8 4 2 2517 3 5 17 107255
8 4 2 2518 3 6 18 97844
8 4 2 2519 3 7 19 94212
8 4 2 2520 3 0 20 98116
8 4 2 2521 3 1 21 102906
8 4 2 2522 3 2 22 98283
8 4 2 2523 3 3 23 107704
8 4 2 2524 3 4 24 106260
8 4 2 2525 3 5 25 110604
8 4 2 2526 3 6 26 91647
8 4 2 2527 3 7 27 103669
8 4 2 2528 3 0 28 102264
8 4 2 2529 3 1 29 100973
8 4 2 2530 3 2 30 97410
8 4 2 2531 3 3 31 101461
8 4 2 2532 3 4 32 100230
8 4 2 2533 3 5 33 90354
8 4 2 2534 3 6 34 96710
8 4 2 2535 3 7 35 102654
8 4 2 2536 3 0 36 99855
8 4 2 2537 3 1 37 103744
8 4 2 2538 3 2 38 101969
8 4 2 2539 3 3 39 102261
8 4 2 2540 3 4 40 101884
8 4 2 2541 3 5 41 118174
8 4 2 2542 3 6 42 107022
8 4 2 2543 3 7 43 111835
8 4 2 2544 3 0 44 97467
8 4 2 2545 3 1 45 99499
8 4 2 2546 3 2 46 106733
8 4 2 2547 3 3 47 98104
8 4 2 2548 3 4 48 111052
8 4 2 2549 3 5 49 102110
8 4 2 2550 3 6 50 104780
8 4 2 2551 3 7 51 102325
8 4 2 2552 3 0 52 101743
8 4 2 2553 3 1 53 101671
8 4 2 2554 3 2 54 105847
8 4 2 2555 3 3 55 96673
8 4 2 2556 3 4 56 107955
8 4 2 2557 3 5 57 117371
8 4 2 2558 3 6 58 106158
8 4 2 2559 3 7 59 99179
8 4 2 2560 3 0 60 101016
8 4 2 2561 3 1 61 99277
8 4 2 2562 3 2 62 106213
8 4 2 2563 3 3 63 109574
8 4 2 2564 3 4 64 101801
8 4 2 2565 3 5 65 104360
8 4 2 2566 3 6 66 95057
8 4 2 2567 3 7 67 100369
8 4 2 2568 3 0 68 98316
8 4 2 2569 3 1 69 100876
8 4 2 2570 3 2 70 103322
8 4 2 2571 3 3 71 99149
8 4 2 2572 3 4 72 102615
8 4 2 2573 3 5 73 106522
8 4 2 2574 3 6 74 95047
8 4 2 2575 3 7 75 113323
8 4 2 2576 3 0 76 99378
8 4 2 2577 3 1 77 96266
8 4 2 2578 3 2 78 103460
8 4 2 2579 3 3 79 95802
8 4 2 2580 3 4 80 97002
8 4 2 2581 3 5 81 113914
8 4 2 2582 3 6 82 109429
8 4 2 2583 3 7 83 105026
8 4 2 2584 3 0 84 101393
8 4 2 2585 3 1 85 101197
8 4 2 2586 3 2 86 103575
8 4 2 2587 3 3 87 106562
8 4 2 2588 3 4 88 97594
8 4 2 2589 3 5 89 99347
8 4 2 2590 3 6 90 110294
8 4 2 2591 3 7 91 120289
8 4 2 2592 3 0 92 99637
8 4 2 2593 3 1 93 101693
8 4 2 2594 3 2 94 99297
8 4 2 2595 3 3 95 109720
8 4 2 2596 3 4 96 90707
8 4 2 2597 3 5 97 93003
8 4 2 2598 3 6 98 106241
8 4 2 2599 3 7 99 98947
8 4 2 2600 3 0 0 102000
8 4 2 2601 3 1 1 100298
8 4 2 2602 3 2 2 104432
8 4 2 2603 3 3 3 95437
8 4 2 2604 3 4 4 91557
8 4 2 2605 3 5 5 111888
8 4 2 2606 3 6 6 105104
8 4 2 2607 3 7 7 112354
8 4 2 2608 3 0 8 99983
8 4 2 2609 3 1 9 99459
8 4 2 2610 3 2 10 97181
8 4 2 2611 3 3 11 107212
8 4 2 2612 3 4 12 105602
8 4 2 2613 3 5 13 101068
8 4 2 2614 3 6 14 109874
8 4 2 2615 3 7 15 104861
8 4 2 2616 3 0 16 102577
8 4 2 2617 3 1 17 101338
8 4 2 2618 3 2 18 99618
8 4 2 2619 3 3 19 101550
8 4 2 2620 3 4 20 91757
8 4 2 2621 3 5 21 113899
8 4 2 2622 3 6 22 96837
8 4 2 2623 3 7 23 113788
8 4 2 2624 3 0 24 101379
8 4 2 2625 3 1 25 102068
8 4 2 2626 3 2 26 94151
8 4 2 2627 3 3 27 103805
8 4 2 2628 3 4 28 107152
8 4 2 2629 3 5 29 104449
8 4 2 2630 3 6 30 98365
8 4 2 2631 3 7 31 99745
8 4 2 2632 3 0 32 99865
8 4 2 2633 3 1 33 98041
8 4 2 2634 3 2 34 98761
8 4 2 2635 3 3 35 101033
8 4 2 2636 3 4 36 98951
8 4 2 2637 3 5 37 114863
8 4 2 2638 3 6 38 104381
8 4 2 2639 3 7 39 114682
8 4 2 2640 3 0 40 99893
8 4 2 2641 3 1 41 103232
8 4 2 2642 3 2 42 102535
8 4 2 2643 3 3 43 109653
8 4 2 2644 3 4 44 87065
8 4 2 2645 3 5 45 97253
8 4 2 2646 3 6 46 117926
8 4 2 2647 3 7 47 102888
8 4 2 2648 3 0 48 102139
8 4 2 2649 3 1 49 100077
8 4 2 2650 3 2 50 99937
8 4 2 2651 3 3 51 99389
8 4 2 2652 3 4 52 108716
8 4 2 2653 3 5 53 111801
8 4 2 2654 3 6 54 121127
8 4 2 2655 3 7 55 101949
8 4 2 2656 3 0 56 101751
8 4 2 2657 3 1 57 102029
8 4 2 2658 3 2 58 104365
8 4 2 2659 3 3 59 97992
8 4 2 2660 3 4 60 104940
8 4 2 2661 3 5 61 99048
8 4 2 2662 3 6 62 111967
8 4 2 2663 3 7 63 123050
8 4 2 2664 3 0 64 101646
8 4 2 2665 3 1 65 101530
8 4 2 2666 3 2 66 97671
8 4 2 2667 3 3 67 106205
8 4 2 2668 3 4 68 91297
8 4 2 2669 3 5 69 100368
8 4 2 2670 3 6 70 111446
8 4 2 2671 3 7 71 101527
8 4 2 2672 3 0 72 100370
8 4 2 2673 3 1 73 101700
8 4 2 2674 3 2 74 95166
8 4 2 2675 3 3 75 107258
8 4 2 2676 3 4 76 99015
8 4 2 2677 3 5 77 91561
8 4 2 2678 3 6 78 104362
8 4 2 2679 3 7 79 93471
8 4 2 2680 3 0 80 99604
8 4 2 2681 3 1 81 102226
8 4 2 2682 3 2 82 103935
8 4 2 2683 3 3 83 106683
8 4 2 2684 3 4 84 106518
8 4 2 2685 3 5 85 106241
8 4 2 2686 3 6 86 107209
8 4 2 2687 3 7 87 113713
8 4 2 2688 3 0 88 99948
8 4 2 2689 3 1 89 98682
8 4 2 2690 3 2 90 104249
8 4 2 2691 3 3 91 109343
8 4 2 2692 3 4 92 99534
8 4 2 2693 3 5 93 104814
8 4 2 2694 3 6 94 99405
8 4 2 2695 3 7 95 125185
8 4 2 2696 3 0 96 98856
8 4 2 2697 3 1 97 97814
8 4 2 2698 3 2 98 101187
8 4 2 2699 3 3 99 100408
8 4 2 2700 3 4 0 110050
8 4 2 2701 3 5 1 101550
8 4 2 2702 3 6 2 109265
8 4 2 2703 3 7 3 93279
8 4 2 2704 3 0 4 98481
8 4 2 2705 3 1 5 102788
8 4 2 2706 3 2 6 101450
8 4 2 2707 3 3 7 101006
8 4 2 2708 3 4 8 96919
8 4 2 2709 3 5 9 103971
8 4 2 2710 3 6 10 100554
8 4 2 2711 3 7 11 115635
8 4 2 2712 3 0 12 101406
8 4 2 2713 3 1 13 100615
8 4 2 2714 3 2 14 106441
8 4 2 2715 3 3 15 107243
8 4 2 2716 3 4 16 112204
8 4 2 2717 3 5 17 107255
8 4 2 2718 3 6 18 97844
8 4 2 2719 3 7 19 94212
8 4 2 2720 3 0 20 98116
8 4 2 2721 3 1 21 102906
8 4 2 2722 3 2 22 98283
8 4 2 2723 3 3 23 107704
8 4 2 2724 3 4 24 106260
8 4 2 2725 3 5 25 110604
8 4 2 2726 3 6 26 91647
8 4 2 2727 3 7 27 103669
8 4 2 2728 3 0 28 102264
8 4 2 2729 3 1 29 100973
8 4 2 2730 3 2 30 97410
8 4 2 2731 3 3 31 101461
8 4 2 2732 3 4 32 100230
8 4 2 2733 3 5 33 90354
8 4 2 2734 3 6 34 96710
8 4 2 2735 3 7 35 102654
8 4 2 2736 3 0 36 99855
8 4 2 2737 3 1 37 103744
8 4 2 2738 3 2 38 101969
8 4 2 2739 3 3 39 102261
8 4 2 2740 3 4 40 101884
8 4 2 2741 3 5 41 118174
8 4 2 2742 3 6 42 107022
8 4 2 2743 3 7 43 111835
8 4 2 2744 3 0 44 97467
8 4 2 2745 3 1 45 99499
8 4 2 2746 3 2 46 106733
8 4 2 2747 3 3 47 98104
8 4 2 2748 3 4 48 111052
8 4 2 2749 3 5 49 102110
8 4 2 2750 3 6 50 104780
8 4 2 2751 3 7 51 102325
8 4 2 2752 3 0 52 101743
8 4 2 2753 3 1 53 101671
8 4 2 2754 3 2 54 105847
8 4 2 2755 3 3 55 96673
8 4 2 2756 3 4 56 107955
8 4 2 2757 3 5 57 117371
8 4 2 2758 3 6 58 106158
8 4 2 2759 3 7 59 99179
8 4 2 2760 3 0 60 101016
8 4 2 2761 3 1 61 99277
8 4 2 2762 3 2 62 106213
8 4 2 2763 3 3 63 109574
8 4 2 2764 3 4 64 101801
8 4 2 2765 3 5 65 104360
8 4 2 2766 3 6 66 95057
8 4 2 2767 3 7 67 100369
8 4 2 2768 3 0 68 98316
8 4 2 2769 3 1 69 100876
8 4 2 2770 3 2 70 103322
8 4 2 2771 3 3 71 99149
8 4 2 2772 3 4 72 102615
8 4 2 2773 3 5 73 106522
8 4 2 2774 3 6 74 95047
8 4 2 2775 3 7 75 113323
8 4 2 2776 3 0 76 99378
8 4 2 2777 3 1 77 96266
8 4 2 2778 3 2 78 103460
8 4 2 2779 3 3 79 95802
8 4 2 2780 3 4 80 97002
8 4 2 2781 3 5 81 113914
8 4 2 2782 3 6 82 109429
8 4 2 2783 3 7 83 105026
8 4 2 2784 3 0 84 101393
8 4 2 2785 3 1 85 101197
8 4 2 2786 3 2 86 103575
8 4 2 2787 3 3 87 106562
8 4 2 2788 3 4 88 97594
8 4 2 2789 3 5 89 99347
8 4 2 2790 3 6 90 110294
8 4 2 2791 3 7 91 120289
8 4 2 2792 3 0 92 99637
8 4 2 2793 3 1 93 101693
8 4 2 2794 3 2 94 99297
8 4 2 2795 3 3 95 109720
8 4 2 2796 3 4 96 90707
8 4 2 2797 3 5 97 93003
8 4 2 2798 3 6 98 106241
8 4 2 2799 3 7 99 98947
8 4 2 2800 3 0 0 102000
8 4 2 2801 3 1 1 100298
8 4 2 2802 3 2 2 104432
8 4 2 2803 3 3 3 95437
8 4 2 2804 3 4 4 91557
8 4 2 2805 3 5 5 111888
8 4 2 2806 3 6 6 105104
8 4 2 2807 3 7 7 112354
8 4 2 2808 3 0 8 99983
8 4 2 2809 3 1 9 99459
8 4 2 2810 3 2 10 97181
8 4 2 2811 3 3 11 107212
8 4 2 2812 3 4 12 105602
8 4 2 2813 3 5 13 101068
8 4 2 2814 3 6 14 109874
8 4 2 2815 3 7 15 104861
8 4 2 2816 3 0 16 102577
8 4 2 2817 3 1 17 101338
8 4 2 2818 3 2 18 99618
8 4 2 2819 3 3 19 101550
8 4 2 2820 3 4 20 91757
8 4 2 2821 3 5 21 113899
8 4 2 2822 3 6 22 96837
8 4 2 2823 3 7 23 113788
8 4 2 2824 3 0 24 101379
8 4 2 2825 3 1 25 102068
8 4 2 2826 3 2 26 94151
8 4 2 2827 3 3 27 103805
8 4 2 2828 3 4 28 107152
8 4 2 2829 3 5 29 104449
8 4 2 2830 3 6 30 98365
8 4 2 2831 3 7 31 99745
8 4 2 2832 3 0 32 99865
8 4 2 2833 3 1 33 98041
8 4 2 2834 3 2 34 98761
8 4 2 2835 3 3 35 101033
8 4 2 2836 3 4 36 98951
8 4 2 2837 3 5 37 114863
8 4 2 2838 3 6 38 104381
8 4 2 2839 3 7 39 114682
8 4 2 2840 3 0 40 99893
8 4 2 2841 3 1 41 103232
8 4 2 2842 3 2 42 102535
8 4 2 2843 3 3 43 109653
8 4 2 2844 3 4 44 87065
8 4 2 2845 3 5 45 97253
8 4 2 2846 3 6 46 117926
8 4 2 2847 3 7 47 102888
8 4 2 2848 3 0 48 102139
8 4 2 2849 3 1 49 100077
8 4 2 2850 3 2 50 99937
8 4 2 2851 3 3 51 99389
8 4 2 2852 3 4 52 108716
8 4 2 2853 3 5 53 111801
8 4 2 2854 3 6 54 121127
8 4 2 2855 3 7 55 101949
8 4 2 2856 3 0 56 101751
8 4 2 2857 3 1 57 102029
8 4 2 2858 3 2 58 104365
8 4 2 2859 3 3 59 97992
8 4 2 2860 3 4 60 104940
8 4 2 2861 3 5 61 99048
8 4 2 2862 3 6 62 111967
8 4 2 2863 3 7 63 123050
8 4 2 2864 3 0 64 101646
8 4 2 2865 3 1 65 101530
8 4 2 2866 3 2 66 97671
8 4 2 2867 3 3 67 106205
8 4 2 2868 3 4 68 91297
8 4 2 2869 3 5 69 100368
8 4 2 2870 3 6 70 111446
8 4 2 2871 3 7 71 101527
8 4 2 2872 3 0 72 100370
8 4 2 2873 3 1 73 101700
8 4 2 2874 3 2 74 95166
8 4 2 2875 3 3 75 107258
8 4 2 2876 3 4 76 99015
8 4 2 2877 3 5 77 91561
8 4 2 2878 3 6 78 104362
8 4 2 2879 3 7 79 93471
8 4 2 2880 3 0 80 99604
8 4 2 2881 3 1 81 102226
8 4 2 2882 3 2 82 103935
8 4 2 2883 3 3 83 106683
8 4 2 2884 3 4 84 106518
8 4 2 2885 3 5 85 106241
8 4 2 2886 3 6 86 107209
8 4 2 2887 3 7 87 113713
8 4 2 2888 3 0 88 99948
8 4 2 2889 3 1 89 98682
8 4 2 2890 3 2 90 104249
8 4 2 2891 3 3 91 109343
8 4 2 2892 3 4 92 99534
8 4 2 2893 3 5 93 104814
8 4 2 2894 3 6 94 99405
8 4 2 2895 3 7 95 125185
8 4 2 2896 3 0 96 98856
8 4 2 2897 3 1 97 97814
8 4 2 2898 3 2 98 101187
8 4 2 2899 3 3 99 100408
8 4 2 2900 3 4 0 110050
8 4 2 2901 3 5 1 101550
8 4 2 2902 3 6 2 109265
8 4 2 2903 3 7 3 93279
8 4 2 2904 3 0 4 98481
8 4 2 2905 3 1 5 102788
8 4 2 2906 3 2 6 101450
8 4 2 2907 3 3 7 101006
8 4 2 2908 3 4 8 96919
8 4 2 2909 3 5 9 103971
8 4 2 2910 3 6 10 100554
8 4 2 2911 3 7 11 115635
8 4 2 2912 3 0 12 101406
8 4 2 2913 3 1 13 100615
8 4 2 2914 3 2 14 106441
8 4 2 2915 3 3 15 107243
8 4 2 2916 3 4 16 112204
8 4 2 2917 3 5 17 107255
8 4 2 2918 3 6 18 97844
8 4 2 2919 3 7 19 94212
8 4 2 2920 3 0 20 98116
8 4 2 2921 3 1 21 102906
8 4 2 2922 3 2 22 98283
8 4 2 2923 3 3 23 107704
8 4 2 2924 3 4 24 106260
8 4 2 2925 3 5 25 110604
8 4 2 2926 3 6 26 91647
8 4 2 2927 3 7 27 103669
8 4 2 2928 3 0 28 102264
8 4 2 2929 3 1 29 100973
8 4 2 2930 3 2 30 97410
8 4 2 2931 3 3 31 101461
8 4 2 2932 3 4 32 100230
8 4 2 2933 3 5 33 90354
8 4 2 2934 3 6 34 96710
8 4 2 2935 3 7 35 102654
8 4 2 2936 3 0 36 99855
8 4 2 2937 3 1 37 103744
8 4 2 2938 3 2 38 101969
8 4 2 2939 3 3 39 102261
8 4 2 2940 3 4 40 101884
8 4 2 2941 3 5 41 118174
8 4 2 2942 3 6 42 107022
8 4 2 2943 3 7 43 111835
8 4 2 2944 3 0 44 97467
8 4 2 2945 3 1 45 99499
8 4 2 2946 3 2 46 106733
8 4 2 2947 3 3 47 98104
8 4 2 2948 3 4 48 111052
8 4 2 2949 3 5 49 102110
8 4 2 2950 3 6 50 104780
8 4 2 2951 3 7 51 102325
8 4 2 2952 3 0 52 101743
8 4 2 2953 3 1 53 101671
8 4 2 2954 3 2 54 105847
8 4 2 2955 3 3 55 96673
8 4 2 2956 3 4 56 107955
8 4 2 2957 3 5 57 117371
8 4 2 2958 3 6 58 106158
8 4 2 2959 3 7 59 99179
8 4 2 2960 3 0 60 101016
8 4 2 2961 3 1 61 99277
8 4 2 2962 3 2 62 106213
8 4 2 2963 3 3 63 109574
8 4 2 2964 3 4 64 101801
8 4 2 2965 3 5 65 104360
8 4 2 2966 3 6 66 95057
8 4 2 2967 3 7 67 100369
8 4 2 2968 3 0 68 98316
8 4 2 2969 3 1 69 100876
8 4 2 2970 3 2 70 103322
8 4 2 2971 3 3 71 99149
8 4 2 2972 3 4 72 102615
8 4 2 2973 3 5 73 106522
8 4 2 2974 3 6 74 95047
8 4 2 2975 3 7 75 113323
8 4 2 2976 3 0 76 99378
8 4 2 2977 3 1 77 96266
8 4 2 2978 3 2 78 103460
8 4 2 2979 3 3 79 95802
8 4 2 2980 3 4 80 97002
8 4 2 2981 3 5 81 113914
8 4 2 2982 3 6 82 109429
8 4 2 2983 3 7 83 105026
8 4 2 2984 3 0 84 101393
8 4 2 2985 3 1 85 101197
8 4 2 2986 3 2 86 103575
8 4 2 2987 3 3 87 106562
8 4 2 2988 3 4 88 97594
8 4 2 2989 3 5 89 99347
8 4 2 2990 3 6 90 110294
8 4 2 2991 3 7 91 120289
8 4 2 2992 3 0 92 99637
8 4 2 2993 3 1 93 101693
8 4 2 2994 3 2 94 99297
8 4 2 2995 3 3 95 109720
8 4 2 2996 3 4 96 90707
8 4 2 2997 3 5 97 93003
8 4 2 2998 3 6 98 106241
8 4 2 2999 3 7 99 98947
8 4 3 2400 3 0 0 102816
8 4 3 2401 3 1 1 101828
8 4 3 2402 3 2 2 107848
8 4 3 2403 3 3 3 99928
8 4 3 2404 3 4 4 89172
8 4 3 2405 3 5 5 104558
8 4 3 2406 3 6 6 102518
8 4 3 2407 3 7 7 120397
8 4 3 2408 3 0 8 98797
8 4 3 2409 3 1 9 100419
8 4 3 2410 3 2 10 100355
8 4 3 2411 3 3 11 110646
8 4 3 2412 3 4 12 112725
8 4 3 2413 3 5 13 105025
8 4 3 2414 3 6 14 114305
8 4 3 2415 3 7 15 104511
8 4 3 2416 3 0 16 101396
8 4 3 2417 3 1 17 101858
8 4 3 2418 3 2 18 99826
8 4 3 2419 3 3 19 99778
8 4 3 2420 3 4 20 89413
8 4 3 2421 3 5 21 113849
8 4 3 2422 3 6 22 93807
8 4 3 2423 3 7 23 117924
8 4 3 2424 3 0 24 101770
8 4 3 2425 3 1 25 102981
8 4 3 2426 3 2 26 95770
8 4 3 2427 3 3 27 108726
8 4 3 2428 3 4 28 107493
8 4 3 2429 3 5 29 107009
8 4 3 2430 3 6 30 91185
8 4 3 2431 3 7 31 110250
8 4 3 2432 3 0 32 98965
8 4 3 2433 3 1 33 100005
8 4 3 2434 3 2 34 101825
8 4 3 2435 3 3 35 101592
8 4 3 2436 3 4 36 94754
8 4 3 2437 3 5 37 120834
8 4 3 2438 3 6 38 109901
8 4 3 2439 3 7 39 112996
8 4 3 2440 3 0 40 99713
8 4 3 2441 3 1 41 105320
8 4 3 2442 3 2 42 105827
8 4 3 2443 3 3 43 108046
8 4 3 2444 3 4 44 87271
8 4 3 2445 3 5 45 107174
8 4 3 2446 3 6 46 112994
8 4 3 2447 3 7 47 107156
8 4 3 2448 3 0 48 102557
8 4 3 2449 3 1 49 99402
8 4 3 2450 3 2 50 103313
8 4 3 2451 3 3 51 100665
8 4 3 2452 3 4 52 109774
8 4 3 2453 3 5 53 109431
8 4 3 2454 3 6 54 131522
8 4 3 2455 3 7 55 104067
8 4 3 2456 3 0 56 100832
8 4 3 2457 3 1 57 101875
8 4 3 2458 3 2 58 102407
8 4 3 2459 3 3 59 102593
8 4 3 2460 3 4 60 100714
8 4 3 2461 3 5 61 109028
8 4 3 2462 3 6 62 116521
8 4 3 2463 3 7 63 134986
8 4 3 2464 3 0 64 103012
8 4 3 2465 3 1 65 100156
8 4 3 2466 3 2 66 98730
8 4 3 2467 3 3 67 111191
8 4 3 2468 3 4 68 88853
8 4 3 2469 3 5 69 98573
8 4 3 2470 3 6 70 121781
8 4 3 2471 3 7 71 113967
8 4 3 2472 3 0 72 99069
8 4 3 2473 3 1 73 99964
8 4 3 2474 3 2 74 97098
8 4 3 2475 3 3 75 106177
8 4 3 2476 3 4 76 104371
8 4 3 2477 3 5 77 83879
8 4 3 2478 3 6 78 105219
8 4 3 2479 3 7 79 99098
8 4 3 2480 3 0 80 100029
8 4 3 2481 3 1 81 102870
8 4 3 2482 3 2 82 104760
8 4 3 2483 3 3 83 102090
8 4 3 2484 3 4 84 106850
8 4 3 2485 3 5 85 107307
8 4 3 2486 3 6 86 108949
8 4 3 2487 3 7 87 121052
8 4 3 2488 3 0 88 101281
8 4 3 2489 3 1 89 100690
8 4 3 2490 3 2 90 106030
8 4 3 2491 3 3 91 104917
8 4 3 2492 3 4 92 102612
8 4 3 2493 3 5 93 102937
8 4 3 2494 3 6 94 104494
8 4 3 2495 3 7 95 124644
8 4 3 2496 3 0 96 100171
8 4 3 2497 3 1 97 97495
8 4 3 2498 3 2 98 102077
8 4 3 2499 3 3 99 104228
8 4 3 2500 3 4 0 114450
8 4 3 2501 3 5 1 108534
8 4 3 2502 3 6 2 115033
8 4 3 2503 3 7 3 101103
8 4 3 2504 3 0 4 97963
8 4 3 2505 3 1 5 101011
8 4 3 2506 3 2 6 99371
8 4 3 2507 3 3 7 103541
8 4 3 2508 3 4 8 92690
8 4 3 2509 3 5 9 108510
8 4 3 2510 3 6 10 106314
8 4 3 2511 3 7 11 125022
8 4 3 2512 3 0 12 102773
8 4 3 2513 3 1 13 102029
8 4 3 2514 3 2 14 105466
8 4 3 2515 3 3 15 109263
8 4 3 2516 3 4 16 106191
8 4 3 2517 3 5 17 105078
8 4 3 2518 3 6 18 104635
8 4 3 2519 3 7 19 89029
8 4 3 2520 3 0 20 97613
8 4 3 2521 3 1 21 101043
8 4 3 2522 3 2 22 95289
8 4 3 2523 3 3 23 112717
8 4 3 2524 3 4 24 107919
8 4 3 2525 3 5 25 115564
8 4 3 2526 3 6 26 98747
8 4 3 2527 3 7 27 117563
8 4 3 2528 3 0 28 102501
8 4 3 2529 3 1 29 101457
8 4 3 2530 3 2 30 94006
8 4 3 2531 3 3 31 106276
8 4 3 2532 3 4 32 95607
8 4 3 2533 3 5 33 94209
8 4 3 2534 3 6 34 105286
8 4 3 2535 3 7 35 112311
8 4 3 2536 3 0 36 98956
8 4 3 2537 3 1 37 104899
8 4 3 2538 3 2 38 103697
8 4 3 2539 3 3 39 103866
8 4 3 2540 3 4 40 100787
8 4 3 2541 3 5 41 127231
8 4 3 2542 3 6 42 110048
8 4 3 2543 3 7 43 110414
8 4 3 2544 3 0 44 97323
8 4 3 2545 3 1 45 101525
8 4 3 2546 3 2 46 103713
8 4 3 2547 3 3 47 102612
8 4 3 2548 3 4 48 113652
8 4 3 2549 3 5 49 97360
8 4 3 2550 3 6 50 115017
8 4 3 2551 3 7 51 100568
8 4 3 2552 3 0 52 101336
8 4 3 2553 3 1 53 101238
8 4 3 2554 3 2 54 109412
8 4 3 2555 3 3 55 93069
8 4 3 2556 3 4 56 102861
8 4 3 2557 3 5 57 121441
8 4 3 2558 3 6 58 104227
8 4 3 2559 3 7 59 105967
8 4 3 2560 3 0 60 99873
8 4 3 2561 3 1 61 101263
8 4 3 2562 3 2 62 104841
8 4 3 2563 3 3 63 112170
8 4 3 2564 3 4 64 108696
8 4 3 2565 3 5 65 98423
8 4 3 2566 3 6 66 102763
8 4 3 2567 3 7 67 102173
8 4 3 2568 3 0 68 97401
8 4 3 2569 3 1 69 100445
8 4 3 2570 3 2 70 106843
8 4 3 2571 3 3 71 103563
8 4 3 2572 3 4 72 98626
8 4 3 2573 3 5 73 98642
8 4 3 2574 3 6 74 101575
8 4 3 2575 3 7 75 113249
8 4 3 2576 3 0 76 100693
8 4 3 2577 3 1 77 94619
8 4 3 2578 3 2 78 105130
8 4 3 2579 3 3 79 93937
8 4 3 2580 3 4 80 99056
8 4 3 2581 3 5 81 112983
8 4 3 2582 3 6 82 117041
8 4 3 2583 3 7 83 92370
8 4 3 2584 3 0 84 100799
8 4 3 2585 3 1 85 101808
8 4 3 2586 3 2 86 105428
8 4 3 2587 3 3 87 104736
8 4 3 2588 3 4 88 104148
8 4 3 2589 3 5 89 109383
8 4 3 2590 3 6 90 117929
8 4 3 2591 3 7 91 119175
8 4 3 2592 3 0 92 100243
8 4 3 2593 3 1 93 100488
8 4 3 2594 3 2 94 102007
8 4 3 2595 3 3 95 105074
8 4 3 2596 3 4 96 96835
8 4 3 2597 3 5 97 90698
8 4 3 2598 3 6 98 114113
8 4 3 2599 3 7 99 103479
8 4 3 2600 3 0 0 102816
8 4 3 2601 3 1 1 101828
8 4 3 2602 3 2 2 107848
8 4 3 2603 3 3 3 99928
8 4 3 2604 3 4 4 89172
8 4 3 2605 3 5 5 104558
8 4 3 2606 3 6 6 102518
8 4 3 2607 3 7 7 120397
8 4 3 2608 3 0 8 98797
8 4 3 2609 3 1 9 100419
8 4 3 2610 3 2 10 100355
8 4 3 2611 3 3 11 110646
8 4 3 2612 3 4 12 112725
8 4 3 2613 3 5 13 105025
8 4 3 2614 3 6 14 114305
8 4 3 2615 3 7 15 104511
8 4 3 2616 3 0 16 101396
8 4 3 2617 3 1 17 101858
8 4 3 2618 3 2 18 99826
8 4 3 2619 3 3 19 99778
8 4 3 2620 3 4 20 89413
8 4 3 2621 3 5 21 113849
8 4 3 2622 3 6 22 93807
8 4 3 2623 3 7 23 117924
8 4 3 2624 3 0 24 101770
8 4 3 2625 3 1 25 102981
8 4 3 2626 3 2 26 95770
8 4 3 2627 3 3 27 108726
8 4 3 2628 3 4 28 107493
8 4 3 2629 3 5 29 107009
8 4 3 2630 3 6 30 91185
8 4 3 2631 3 7 31 110250
8 4 3 2632 3 0 32 98965
8 4 3 2633 3 1 33 100005
8 4 3 2634 3 2 34 101825
8 4 3 2635 3 3 35 101592
8 4 3 2636 3 4 36 94754
8 4 3 2637 3 5 37 120834
8 4 3 2638 3 6 38 109901
8 4 3 2639 3 7 39 112996
8 4 3 2640 3 0 40 99713
8 4 3 2641 3 1 41 105320
8 4 3 2642 3 2 42 105827
8 4 3 2643 3 3 43 108046
8 4 3 2644 3 4 44 87271
8 4 3 2645 3 5 45 107174
8 4 3 2646 3 6 46 112994
8 4 3 2647 3 7 47 107156
8 4 3 2648 3 0 48 102557
8 4 3 2649 3 1 49 99402
8 4 3 2650 3 2 50 103313
8 4 3 2651 3 3 51 100665
8 4 3 2652 3 4 52 109774
8 4 3 2653 3 5 53 109431
8 4 3 2654 3 6 54 131522
8 4 3 2655 3 7 55 104067
8 4 3 2656 3 0 56 100832
8 4 3 2657 3 1 57 101875
8 4 3 2658 3 2 58 102407
8 4 3 2659 3 3 59 102593
8 4 3 2660 3 4 60 100714
8 4 3 2661 3 5 61 109028
8 4 3 2662 3 6 62 116521
8 4 3 2663 3 7 63 134986
8 4 3 2664 3 0 64 103012
8 4 3 2665 3 1 65 100156
8 4 3 2666 3 2 66 98730
8 4 3 2667 3 3 67 111191
8 4 3 2668 3 4 68 88853
8 4 3 2669 3 5 69 98573
8 4 3 2670 3 6 70 121781
8 4 3 2671 3 7 71 113967
8 4 3 2672 3 0 72 99069
8 4 3 2673 3 1 73 99964
8 4 3 2674 3 2 74 97098
8 4 3 2675 3 3 75 106177
8 4 3 2676 3 4 76 104371
8 4 3 2677 3 5 77 83879
8 4 3 2678 3 6 78 105219
8 4 3 2679 3 7 79 99098
8 4 3 2680 3 0 80 100029
8 4 3 2681 3 1 81 102870
8 4 3 2682 3 2 82 104760
8 4 3 2683 3 3 83 102090
8 4 3 2684 3 4 84 106850
8 4 3 2685 3 5 85 107307
8 4 3 2686 3 6 86 108949
8 4 3 2687 3 7 87 121052
8 4 3 2688 3 0 88 101281
8 4 3 2689 3 1 89 100690
8 4 3 2690 3 2 90 106030
8 4 3 2691 3 3 91 104917
8 4 3 2692 3 4 92 102612
8 4 3 2693 3 5 93 102937
8 4 3 2694 3 6 94 104494
8 4 3 2695 3 7 95 124644
8 4 3 2696 3 0 96 100171
8 4 3 2697 3 1 97 97495
8 4 3 2698 3 2 98 102077
8 4 3 2699 3 3 99 104228
8 4 3 2700 3 4 0 114450
8 4 3 2701 3 5 1 108534
8 4 3 2702 3 6 2 115033
8 4 3 2703 3 7 3 101103
8 4 3 2704 3 0 4 97963
8 4 3 2705 3 1 5 101011
8 4 3 2706 3 2 6 99371
8 4 3 2707 3 3 7 103541
8 4 3 2708 3 4 8 92690
8 4 3 2709 3 5 9 108510
8 4 3 2710 3 6 10 106314
8 4 3 2711 3 7 11 125022
8 4 3 2712 3 0 12 102773
8 4 3 2713 3 1 13 102029
8 4 3 2714 3 2 14 105466
8 4 3 2715 3 3 15 109263
8 4 3 2716 3 4 16 106191
8 4 3 2717 3 5 17 105078
8 4 3 2718 3 6 18 104635
8 4 3 2719 3 7 19 89029
8 4 3 2720 3 0 20 97613
8 4 3 2721 3 1 21 101043
8 4 3 2722 3 2 22 95289
8 4 3 2723 3 3 23 112717
8 4 3 2724 3 4 24 107919
8 4 3 2725 3 5 25 115564
8 4 3 2726 3 6 26 98747
8 4 3 2727 3 7 27 117563
8 4 3 2728 3 0 28 102501
8 4 3 2729 3 1 29 101457
8 4 3 2730 3 2 30 94006
8 4 3 2731 3 3 31 106276
8 4 3 2732 3 4 32 95607
8 4 3 2733 3 5 33 94209
8 4 3 2734 3 6 34 105286
8 4 3 2735 3 7 35 112311
8 4 3 2736 3 0 36 98956
8 4 3 2737 3 1 37 104899
8 4 3 2738 3 2 38 103697
8 4 3 2739 3 3 39 103866
8 4 3 2740 3 4 40 100787
8 4 3 2741 3 5 41 127231
8 4 3 2742 3 6 42 110048
8 4 3 2743 3 7 43 110414
8 4 3 2744 3 0 44 97323
8 4 3 2745 3 1 45 101525
8 4 3 2746 3 2 46 103713
8 4 3 2747 3 3 47 102612
8 4 3 2748 3 4 48 113652
8 4 3 2749 3 5 49 97360
8 4 3 2750 3 6 50 115017
8 4 3 2751 3 7 51 100568
8 4 3 2752 3 0 52 101336
8 4 3 2753 3 1 53 101238
8 4 3 2754 3 2 54 109412
8 4 3 2755 3 3 55 93069
8 4 3 2756 3 4 56 102861
8 4 3 2757 3 5 57 121441
8 4 3 2758 3 6 58 104227
8 4 3 2759 3 7 59 105967
8 4 3 2760 3 0 60 99873
8 4 3 2761 3 1 61 101263
8 4 3 2762 3 2 62 104841
8 4 3 2763 3 3 63 112170
8 4 3 2764 3 4 64 108696
8 4 3 2765 3 5 65 98423
8 4 3 2766 3 6 66 102763
8 4 3 2767 3 7 67 102173
8 4 3 2768 3 0 68 97401
8 4 3 2769 3 1 69 100445
8 4 3 2770 3 2 70 106843
8 4 3 2771 3 3 71 103563
8 4 3 2772 3 4 72 98626
8 4 3 2773 3 5 73 98642
8 4 3 2774 3 6 74 101575
8 4 3 2775 3 7 75 113249
8 4 3 2776 3 0 76 100693
8 4 3 2777 3 1 77 94619
8 4 3 2778 3 2 78 105130
8 4 3 2779 3 3 79 93937
8 4 3 2780 3 4 80 99056
8 4 3 2781 3 5 81 112983
8 4 3 2782 3 6 82 117041
8 4 3 2783 3 7 83 92370
8 4 3 2784 3 0 84 100799
8 4 3 2785 3 1 85 101808
8 4 3 2786 3 2 86 105428
8 4 3 2787 3 3 87 104736
8 4 3 2788 3 4 88 104148
8 4 3 2789 3 5 89 109383
8 4 3 2790 3 6 90 117929
8 4 3 2791 3 7 91 119175
8 4 3 2792 3 0 92 100243
8 4 3 2793 3 1 93 100488
8 4 3 2794 3 2 94 102007
8 4 3 2795 3 3 95 105074
8 4 3 2796 3 4 96 96835
8 4 3 2797 3 5 97 90698
8 4 3 2798 3 6 98 114113
8 4 3 2799 3 7 99 103479
8 4 3 2800 3 0 0 102816
8 4 3 2801 3 1 1 101828
8 4 3 2802 3 2 2 107848
8 4 3 2803 3 3 3 99928
8 4 3 2804 3 4 4 89172
8 4 3 2805 3 5 5 104558
8 4 3 2806 3 6 6 102518
8 4 3 2807 3 7 7 120397
8 4 3 2808 3 0 8 98797
8 4 3 2809 3 1 9 100419
8 4 3 2810 3 2 10 100355
8 4 3 2811 3 3 11 110646
8 4 3 2812 3 4 12 112725
8 4 3 2813 3 5 13 105025
8 4 3 2814 3 6 14 114305
8 4 3 2815 3 7 15 104511
8 4 3 2816 3 0 16 101396
8 4 3 2817 3 1 17 101858
8 4 3 2818 3 2 18 99826
8 4 3 2819 3 3 19 99778
8 4 3 2820 3 4 20 89413
8 4 3 2821 3 5 21 113849
8 4 3 2822 3 6 22 93807
8 4 3 2823 3 7 23 117924
8 4 3 2824 3 0 24 101770
8 4 3 2825 3 1 25 102981
8 4 3 2826 3 2 26 95770
8 4 3 2827 3 3 27 108726
8 4 3 2828 3 4 28 107493
8 4 3 2829 3 5 29 107009
8 4 3 2830 3 6 30 91185
8 4 3 2831 3 7 31 110250
8 4 3 2832 3 0 32 98965
8 4 3 2833 3 1 33 100005
8 4 3 2834 3 2 34 101825
8 4 3 2835 3 3 35 101592
8 4 3 2836 3 4 36 94754
8 4 3 2837 3 5 37 120834
8 4 3 2838 3 6 38 109901
8 4 3 2839 3 7 39 112996
8 4 3 2840 3 0 40 99713
8 4 3 2841 3 1 41 105320
8 4 3 2842 3 2 42 105827
8 4 3 2843 3 3 43 108046
8 4 3 2844 3 4 44 87271
8 4 3 2845 3 5 45 107174
8 4 3 2846 3 6 46 112994
8 4 3 2847 3 7 47 107156
8 4 3 2848 3 0 48 102557
8 4 3 2849 3 1 49 99402
8 4 3 2850 3 2 50 103313
8 4 3 2851 3 3 51 100665
8 4 3 2852 3 4 52 109774
8 4 3 2853 3 5 53 109431
8 4 3 2854 3 6 54 131522
8 4 3 2855 3 7 55 104067
8 4 3 2856 3 0 56 100832
8 4 3 2857 3 1 57 101875
8 4 3 2858 3 2 58 102407
8 4 3 2859 3 3 59 102593
8 4 3 2860 3 4 60 100714
8 4 3 2861 3 5 61 109028
8 4 3 2862 3 6 62 116521
8 4 3 2863 3 7 63 134986
8 4 3 2864 3 0 64 103012
8 4 3 2865 3 1 65 100156
8 4 3 2866 3 2 66 98730
8 4 3 2867 3 3 67 111191
8 4 3 2868 3 4 68 88853
8 4 3 2869 3 5 69 98573
8 4 3 2870 3 6 70 121781
8 4 3 2871 3 7 71 113967
8 4 3 2872 3 0 72 99069
8 4 3 2873 3 1 73 99964
8 4 3 2874 3 2 74 97098
8 4 3 2875 3 3 75 106177
8 4 3 2876 3 4 76 104371
8 4 3 2877 3 5 77 83879
8 4 3 2878 3 6 78 105219
8 4 3 2879 3 7 79 99098
8 4 3 2880 3 0 80 100029
8 4 3 2881 3 1 81 102870
8 4 3 2882 3 2 82 104760
8 4 3 2883 3 3 83 102090
8 4 3 2884 3 4 84 106850
8 4 3 2885 3 5 85 107307
8 4 3 2886 3 6 86 108949
8 4 3 2887 3 7 87 121052
8 4 3 2888 3 0 88 101281
8 4 3 2889 3 1 89 100690
8 4 3 2890 3 2 90 106030
8 4 3 2891 3 3 91 104917
8 4 3 2892 3 4 92 102612
8 4 3 2893 3 5 93 102937
8 4 3 2894 3 6 94 104494
8 4 3 2895 3 7 95 124644
8 4 3 2896 3 0 96 100171
8 4 3 2897 3 1 97 97495
8 4 3 2898 3 2 98 102077
8 4 3 2899 3 3 99 104228
8 4 3 2900 3 4 0 114450
8 4 3 2901 3 5 1 108534
8 4 3 2902 3 6 2 115033
8 4 3 2903 3 7 3 101103
8 4 3 2904 3 0 4 97963
8 4 3 2905 3 1 5 101011
8 4 3 2906 3 2 6 99371
8 4 3 2907 3 3 7 103541
8 4 3 2908 3 4 8 92690
8 4 3 2909 3 5 9 108510
8 4 3 2910 3 6 10 106314
8 4 3 2911 3 7 11 125022
8 4 3 2912 3 0 12 102773
8 4 3 2913 3 1 13 102029
8 4 3 2914 3 2 14 105466
8 4 3 2915 3 3 15 109263
8 4 3 2916 3 4 16 106191
8 4 3 2917 3 5 17 105078
8 4 3 2918 3 6 18 104635
8 4 3 2919 3 7 19 89029
8 4 3 2920 3 0 20 97613
8 4 3 2921 3 1 21 101043
8 4 3 2922 3 2 22 95289
8 4 3 2923 3 3 23 112717
8 4 3 2924 3 4 24 107919
8 4 3 2925 3 5 25 115564
8 4 3 2926 3 6 26 98747
8 4 3 2927 3 7 27 117563
8 4 3 2928 3 0 28 102501
8 4 3 2929 3 1 29 101457
8 4 3 2930 3 2 30 94006
8 4 3 2931 3 3 31 106276
8 4 3 2932 3 4 32 95607
8 4 3 2933 3 5 33 94209
8 4 3 2934 3 6 34 105286
8 4 3 2935 3 7 35 112311
8 4 3 2936 3 0 36 98956
8 4 3 2937 3 1 37 104899
8 4 3 2938 3 2 38 103697
8 4 3 2939 3 3 39 103866
8 4 3 2940 3 4 40 100787
8 4 3 2941 3 5 41 127231
8 4 3 2942 3 6 42 110048
8 4 3 2943 3 7 43 110414
8 4 3 2944 3 0 44 97323
8 4 3 2945 3 1 45 101525
8 4 3 2946 3 2 46 103713
8 4 3 2947 3 3 47 102612
8 4 3 2948 3 4 48 113652
8 4 3 2949 3 5 49 97360
8 4 3 2950 3 6 50 115017
8 4 3 2951 3 7 51 100568
8 4 3 2952 3 0 52 101336
8 4 3 2953 3 1 53 101238
8 4 3 2954 3 2 54 109412
8 4 3 2955 3 3 55 93069
8 4 3 2956 3 4 56 102861
8 4 3 2957 3 5 57 121441
8 4 3 2958 3 6 58 104227
8 4 3 2959 3 7 59 105967
8 4 3 2960 3 0 60 99873
8 4 3 2961 3 1 61 101263
8 4 3 2962 3 2 62 104841
8 4 3 2963 3 3 63 112170
8 4 3 2964 3 4 64 108696
8 4 3 2965 3 5 65 98423
8 4 3 2966 3 6 66 102763
8 4 3 2967 3 7 67 102173
8 4 3 2968 3 0 68 97401
8 4 3 2969 3 1 69 100445
8 4 3 2970 3 2 70 106843
8 4 3 2971 3 3 71 103563
8 4 3 2972 3 4 72 98626
8 4 3 2973 3 5 73 98642
8 4 3 2974 3 6 74 101575
8 4 3 2975 3 7 75 113249
8 4 3 2976 3 0 76 100693
8 4 3 2977 3 1 77 94619
8 4 3 2978 3 2 78 105130
8 4 3 2979 3 3 79 93937
8 4 3 2980 3 4 80 99056
8 4 3 2981 3 5 81 112983
8 4 3 2982 3 6 82 117041
8 4 3 2983 3 7 83 92370
8 4 3 2984 3 0 84 100799
8 4 3 2985 3 1 85 101808
8 4 3 2986 3 2 86 105428
8 4 3 2987 3 3 87 104736
8 4 3 2988 3 4 88 104148
8 4 3 2989 3 5 89 109383
8 4 3 2990 3 6 90 117929
8 4 3 2991 3 7 91 119175
8 4 3 2992 3 0 92 100243
8 4 3 2993 3 1 93 100488
8 4 3 2994 3 2 94 102007
8 4 3 2995 3 3 95 105074
8 4 3 2996 3 4 96 96835
8 4 3 2997 3 5 97 90698
8 4 3 2998 3 6 98 114113
8 4 3 2999 3 7 99 103479
8 4 4 2400 3 0 0 104168
8 4 4 2401 3 1 1 100907
8 4 4 2402 3 2 2 104224
8 4 4 2403 3 3 3 97302
8 4 4 2404 3 4 4 92601
8 4 4 2405 3 5 5 100553
8 4 4 2406 3 6 6 99957
8 4 4 2407 3 7 7 113924
8 4 4 2408 3 0 8 97505
8 4 4 2409 3 1 9 102447
8 4 4 2410 3 2 10 103767
8 4 4 2411 3 3 11 115864
8 4 4 2412 3 4 12 116737
8 4 4 2413 3 5 13 102532
8 4 4 2414 3 6 14 124560
8 4 4 2415 3 7 15 104050
8 4 4 2416 3 0 16 102728
8 4 4 2417 3 1 17 101342
8 4 4 2418 3 2 18 103207
8 4 4 2419 3 3 19 98948
8 4 4 2420 3 4 20 89564
8 4 4 2421 3 5 21 125384
8 4 4 2422 3 6 22 92665
8 4 4 2423 3 7 23 119207
8 4 4 2424 3 0 24 102202
8 4 4 2425 3 1 25 101803
8 4 4 2426 3 2 26 96502
8 4 4 2427 3 3 27 113876
8 4 4 2428 3 4 28 111681
8 4 4 2429 3 5 29 99813
8 4 4 2430 3 6 30 90221
8 4 4 2431 3 7 31 115796
8 4 4 2432 3 0 32 100310
8 4 4 2433 3 1 33 101001
8 4 4 2434 3 2 34 105256
8 4 4 2435 3 3 35 104100
8 4 4 2436 3 4 36 101103
8 4 4 2437 3 5 37 132865
8 4 4 2438 3 6 38 112159
8 4 4 2439 3 7 39 119071
8 4 4 2440 3 0 40 99052
8 4 4 2441 3 1 41 103726
8 4 4 2442 3 2 42 107895
8 4 4 2443 3 3 43 107562
8 4 4 2444 3 4 44 83914
8 4 4 2445 3 5 45 105703
8 4 4 2446 3 6 46 116640
8 4 4 2447 3 7 47 121685
8 4 4 2448 3 0 48 103910
8 4 4 2449 3 1 49 100188
8 4 4 2450 3 2 50 102604
8 4 4 2451 3 3 51 103329
8 4 4 2452 3 4 52 113676
8 4 4 2453 3 5 53 120262
8 4 4 2454 3 6 54 126077
8 4 4 2455 3 7 55 114306
8 4 4 2456 3 0 56 99766
8 4 4 2457 3 1 57 102901
8 4 4 2458 3 2 58 101596
8 4 4 2459 3 3 59 106928
8 4 4 2460 3 4 60 106429
8 4 4 2461 3 5 61 114023
8 4 4 2462 3 6 62 110485
8 4 4 2463 3 7 63 144023
8 4 4 2464 3 0 64 103769
8 4 4 2465 3 1 65 98413
8 4 4 2466 3 2 66 96875
8 4 4 2467 3 3 67 116397
8 4 4 2468 3 4 68 94822
8 4 4 2469 3 5 69 108219
8 4 4 2470 3 6 70 126772
8 4 4 2471 3 7 71 118192
8 4 4 2472 3 0 72 98042
8 4 4 2473 3 1 73 99526
8 4 4 2474 3 2 74 96309
8 4 4 2475 3 3 75 110930
8 4 4 2476 3 4 76 111229
8 4 4 2477 3 5 77 85125
8 4 4 2478 3 6 78 113623
8 4 4 2479 3 7 79 96160
8 4 4 2480 3 0 80 101372
8 4 4 2481 3 1 81 103712
8 4 4 2482 3 2 82 107650
8 4 4 2483 3 3 83 106773
8 4 4 2484 3 4 84 110203
8 4 4 2485 3 5 85 118220
8 4 4 2486 3 6 86 108345
8 4 4 2487 3 7 87 125745
8 4 4 2488 3 0 88 102577
8 4 4 2489 3 1 89 102465
8 4 4 2490 3 2 90 106796
8 4 4 2491 3 3 91 102302
8 4 4 2492 3 4 92 95300
8 4 4 2493 3 5 93 103987
8 4 4 2494 3 6 94 116553
8 4 4 2495 3 7 95 128999
8 4 4 2496 3 0 96 101520
8 4 4 2497 3 1 97 99337
8 4 4 2498 3 2 98 104050
8 4 4 2499 3 3 99 103788
8 4 4 2500 3 4 0 117825
8 4 4 2501 3 5 1 104447
8 4 4 2502 3 6 2 103853
8 4 4 2503 3 7 3 97743
8 4 4 2504 3 0 4 98716
8 4 4 2505 3 1 5 100087
8 4 4 2506 3 2 6 97521
8 4 4 2507 3 3 7 99234
8 4 4 2508 3 4 8 89636
8 4 4 2509 3 5 9 115336
8 4 4 2510 3 6 10 106430
8 4 4 2511 3 7 11 141835
8 4 4 2512 3 0 12 103533
8 4 4 2513 3 1 13 100480
8 4 4 2514 3 2 14 108590
8 4 4 2515 3 3 15 103876
8 4 4 2516 3 4 16 113199
8 4 4 2517 3 5 17 102705
8 4 4 2518 3 6 18 115753
8 4 4 2519 3 7 19 82639
8 4 4 2520 3 0 20 97396
8 4 4 2521 3 1 21 103071
8 4 4 2522 3 2 22 98186
8 4 4 2523 3 3 23 118013
8 4 4 2524 3 4 24 110186
8 4 4 2525 3 5 25 113767
8 4 4 2526 3 6 26 105498
8 4 4 2527 3 7 27 133445
8 4 4 2528 3 0 28 103345
8 4 4 2529 3 1 29 99919
8 4 4 2530 3 2 30 92194
8 4 4 2531 3 3 31 109056
8 4 4 2532 3 4 32 102104
8 4 4 2533 3 5 33 96709
8 4 4 2534 3 6 34 117315
8 4 4 2535 3 7 35 120707
8 4 4 2536 3 0 36 100151
8 4 4 2537 3 1 37 106886
8 4 4 2538 3 2 38 102989
8 4 4 2539 3 3 39 99608
8 4 4 2540 3 4 40 97373
8 4 4 2541 3 5 41 121806
8 4 4 2542 3 6 42 119108
8 4 4 2543 3 7 43 106842
8 4 4 2544 3 0 44 96615
8 4 4 2545 3 1 45 100363
8 4 4 2546 3 2 46 102812
8 4 4 2547 3 3 47 107552
8 4 4 2548 3 4 48 120738
8 4 4 2549 3 5 49 101308
8 4 4 2550 3 6 50 115668
8 4 4 2551 3 7 51 111129
8 4 4 2552 3 0 52 102623
8 4 4 2553 3 1 53 103295
8 4 4 2554 3 2 54 106558
8 4 4 2555 3 3 55 97183
8 4 4 2556 3 4 56 97584
8 4 4 2557 3 5 57 126499
8 4 4 2558 3 6 58 109799
8 4 4 2559 3 7 59 119015
8 4 4 2560 3 0 60 100975
8 4 4 2561 3 1 61 101876
8 4 4 2562 3 2 62 102142
8 4 4 2563 3 3 63 113662
8 4 4 2564 3 4 64 112555
8 4 4 2565 3 5 65 94541
8 4 4 2566 3 6 66 99543
8 4 4 2567 3 7 67 114272
8 4 4 2568 3 0 68 98710
8 4 4 2569 3 1 69 102359
8 4 4 2570 3 2 70 110464
8 4 4 2571 3 3 71 108189
8 4 4 2572 3 4 72 93456
8 4 4 2573 3 5 73 93517
8 4 4 2574 3 6 74 94888
8 4 4 2575 3 7 75 124360
8 4 4 2576 3 0 76 102053
8 4 4 2577 3 1 77 94327
8 4 4 2578 3 2 78 108653
8 4 4 2579 3 3 79 90509
8 4 4 2580 3 4 80 105734
8 4 4 2581 3 5 81 117619
8 4 4 2582 3 6 82 123535
8 4 4 2583 3 7 83 99340
8 4 4 2584 3 0 84 101224
8 4 4 2585 3 1 85 103880
8 4 4 2586 3 2 86 101901
8 4 4 2587 3 3 87 103509
8 4 4 2588 3 4 88 111169
8 4 4 2589 3 5 89 119255
8 4 4 2590 3 6 90 121024
8 4 4 2591 3 7 91 120597
8 4 4 2592 3 0 92 99009
8 4 4 2593 3 1 93 98675
8 4 4 2594 3 2 94 105475
8 4 4 2595 3 3 95 110031
8 4 4 2596 3 4 96 102168
8 4 4 2597 3 5 97 97553
8 4 4 2598 3 6 98 121647
8 4 4 2599 3 7 99 108803
8 4 4 2600 3 0 0 104168
8 4 4 2601 3 1 1 100907
8 4 4 2602 3 2 2 104224
8 4 4 2603 3 3 3 97302
8 4 4 2604 3 4 4 92601
8 4 4 2605 3 5 5 100553
8 4 4 2606 3 6 6 99957
8 4 4 2607 3 7 7 113924
8 4 4 2608 3 0 8 97505
8 4 4 2609 3 1 9 102447
8 4 4 2610 3 2 10 103767
8 4 4 2611 3 3 11 115864
8 4 4 2612 3 4 12 116737
8 4 4 2613 3 5 13 102532
8 4 4 2614 3 6 14 124560
8 4 4 2615 3 7 15 104050
8 4 4 2616 3 0 16 102728
8 4 4 2617 3 1 17 101342
8 4 4 2618 3 2 18 103207
8 4 4 2619 3 3 19 98948
8 4 4 2620 3 4 20 89564
8 4 4 2621 3 5 21 125384
8 4 4 2622 3 6 22 92665
8 4 4 2623 3 7 23 119207
8 4 4 2624 3 0 24 102202
8 4 4 2625 3 1 25 101803
8 4 4 2626 3 2 26 96502
8 4 4 2627 3 3 27 113876
8 4 4 2628 3 4 28 111681
8 4 4 2629 3 5 29 99813
8 4 4 2630 3 6 30 90221
8 4 4 2631 3 7 31 115796
8 4 4 2632 3 0 32 100310
8 4 4 2633 3 1 33 101001
8 4 4 2634 3 2 34 105256
8 4 4 2635 3 3 35 104100
8 4 4 2636 3 4 36 101103
8 4 4 2637 3 5 37 132865
8 4 4 2638 3 6 38 112159
8 4 4 2639 3 7 39 119071
8 4 4 2640 3 0 40 99052
8 4 4 2641 3 1 41 103726
8 4 4 2642 3 2 42 107895
8 4 4 2643 3 3 43 107562
8 4 4 2644 3 4 44 83914
8 4 4 2645 3 5 45 105703
8 4 4 2646 3 6 46 116640
8 4 4 2647 3 7 47 121685
8 4 4 2648 3 0 48 103910
8 4 4 2649 3 1 49 100188
8 4 4 2650 3 2 50 102604
8 4 4 2651 3 3 51 103329
8 4 4 2652 3 4 52 113676
8 4 4 2653 3 5 53 120262
8 4 4 2654 3 6 54 126077
8 4 4 2655 3 7 55 114306
8 4 4 2656 3 0 56 99766
8 4 4 2657 3 1 57 102901
8 4 4 2658 3 2 58 101596
8 4 4 2659 3 3 59 106928
8 4 4 2660 3 4 60 106429
8 4 4 2661 3 5 61 114023
8 4 4 2662 3 6 62 110485
8 4 4 2663 3 7 63 144023
8 4 4 2664 3 0 64 103769
8 4 4 2665 3 1 65 98413
8 4 4 2666 3 2 66 96875
8 4 4 2667 3 3 67 116397
8 4 4 2668 3 4 68 94822
8 4 4 2669 3 5 69 108219
8 4 4 2670 3 6 70 126772
8 4 4 2671 3 7 71 118192
8 4 4 2672 3 0 72 98042
8 4 4 2673 3 1 73 99526
8 4 4 2674 3 2 74 96309
8 4 4 2675 3 3 75 110930
8 4 4 2676 3 4 76 111229
8 4 4 2677 3 5 77 85125
8 4 4 2678 3 6 78 113623
8 4 4 2679 3 7 79 96160
8 4 4 2680 3 0 80 101372
8 4 4 2681 3 1 81 103712
8 4 4 2682 3 2 82 107650
8 4 4 2683 3 3 83 106773
8 4 4 2684 3 4 84 110203
8 4 4 2685 3 5 85 118220
8 4 4 2686 3 6 86 108345
8 4 4 2687 3 7 87 125745
8 4 4 2688 3 0 88 102577
8 4 4 2689 3 1 89 102465
8 4 4 2690 3 2 90 106796
8 4 4 2691 3 3 91 102302
8 4 4 2692 3 4 92 95300
8 4 4 2693 3 5 93 103987
8 4 4 2694 3 6 94 116553
8 4 4 2695 3 7 95 128999
8 4 4 2696 3 0 96 101520
8 4 4 2697 3 1 97 99337
8 4 4 2698 3 2 98 104050
8 4 4 2699 3 3 99 103788
8 4 4 2700 3 4 0 117825
8 4 4 2701 3 5 1 104447
8 4 4 2702 3 6 2 103853
8 4 4 2703 3 7 3 97743
8 4 4 2704 3 0 4 98716
8 4 4 2705 3 1 5 100087
8 4 4 2706 3 2 6 97521
8 4 4 2707 3 3 7 99234
8 4 4 2708 3 4 8 89636
8 4 4 2709 3 5 9 115336
8 4 4 2710 3 6 10 106430
8 4 4 2711 3 7 11 141835
8 4 4 2712 3 0 12 103533
8 4 4 2713 3 1 13 100480
8 4 4 2714 3 2 14 108590
8 4 4 2715 3 3 15 103876
8 4 4 2716 3 4 16 113199
8 4 4 2717 3 5 17 102705
8 4 4 2718 3 6 18 115753
8 4 4 2719 3 7 19 82639
8 4 4 2720 3 0 20 97396
8 4 4 2721 3 1 21 103071
8 4 4 2722 3 2 22 98186
8 4 4 2723 3 3 23 118013
8 4 4 2724 3 4 24 110186
8 4 4 2725 3 5 25 113767
8 4 4 2726 3 6 26 105498
8 4 4 2727 3 7 27 133445
8 4 4 2728 3 0 28 103345
8 4 4 2729 3 1 29 99919
8 4 4 2730 3 2 30 92194
8 4 4 2731 3 3 31 109056
8 4 4 2732 3 4 32 102104
8 4 4 2733 3 5 33 96709
8 4 4 2734 3 6 34 117315
8 4 4 2735 3 7 35 120707
8 4 4 2736 3 0 36 100151
8 4 4 2737 3 1 37 106886
8 4 4 2738 3 2 38 102989
8 4 4 2739 3 3 39 99608
8 4 4 2740 3 4 40 97373
8 4 4 2741 3 5 41 121806
8 4 4 2742 3 6 42 119108
8 4 4 2743 3 7 43 106842
8 4 4 2744 3 0 44 96615
8 4 4 2745 3 1 45 100363
8 4 4 2746 3 2 46 102812
8 4 4 2747 3 3 47 107552
8 4 4 2748 3 4 48 120738
8 4 4 2749 3 5 49 101308
8 4 4 2750 3 6 50 115668
8 4 4 2751 3 7 51 111129
8 4 4 2752 3 0 52 102623
8 4 4 2753 3 1 53 103295
8 4 4 2754 3 2 54 106558
8 4 4 2755 3 3 55 97183
8 4 4 2756 3 4 56 97584
8 4 4 2757 3 5 57 126499
8 4 4 2758 3 6 58 109799
8 4 4 2759 3 7 59 119015
8 4 4 2760 3 0 60 100975
8 4 4 2761 3 1 61 101876
8 4 4 2762 3 2 62 102142
8 4 4 2763 3 3 63 113662
8 4 4 2764 3 4 64 112555
8 4 4 2765 3 5 65 94541
8 4 4 2766 3 6 66 99543
8 4 4 2767 3 7 67 114272
8 4 4 2768 3 0 68 98710
8 4 4 2769 3 1 69 102359
8 4 4 2770 3 2 70 110464
8 4 4 2771 3 3 71 108189
8 4 4 2772 3 4 72 93456
8 4 4 2773 3 5 73 93517
8 4 4 2774 3 6 74 94888
8 4 4 2775 3 7 75 124360
8 4 4 2776 3 0 76 102053
8 4 4 2777 3 1 77 94327
8 4 4 2778 3 2 78 108653
8 4 4 2779 3 3 79 90509
8 4 4 2780 3 4 80 105734
8 4 4 2781 3 5 81 117619
8 4 4 2782 3 6 82 123535
8 4 4 2783 3 7 83 99340
8 4 4 2784 3 0 84 101224
8 4 4 2785 3 1 85 103880
8 4 4 2786 3 2 86 101901
8 4 4 2787 3 3 87 103509
8 4 4 2788 3 4 88 111169
8 4 4 2789 3 5 89 119255
8 4 4 2790 3 6 90 121024
8 4 4 2791 3 7 91 120597
8 4 4 2792 3 0 92 99009
8 4 4 2793 3 1 93 98675
8 4 4 2794 3 2 94 105475
8 4 4 2795 3 3 95 110031
8 4 4 2796 3 4 96 102168
8 4 4 2797 3 5 97 97553
8 4 4 2798 3 6 98 121647
8 4 4 2799 3 7 99 108803
8 4 4 2800 3 0 0 104168
8 4 4 2801 3 1 1 100907
8 4 4 2802 3 2 2 104224
8 4 4 2803 3 3 3 97302
8 4 4 2804 3 4 4 92601
8 4 4 2805 3 5 5 100553
8 4 4 2806 3 6 6 99957
8 4 4 2807 3 7 7 113924
8 4 4 2808 3 0 8 97505
8 4 4 2809 3 1 9 102447
8 4 4 2810 3 2 10 103767
8 4 4 2811 3 3 11 115864
8 4 4 2812 3 4 12 116737
8 4 4 2813 3 5 13 102532
8 4 4 2814 3 6 14 124560
8 4 4 2815 3 7 15 104050
8 4 4 2816 3 0 16 102728
8 4 4 2817 3 1 17 101342
8 4 4 2818 3 2 18 103207
8 4 4 2819 3 3 19 98948
8 4 4 2820 3 4 20 89564
8 4 4 2821 3 5 21 125384
8 4 4 2822 3 6 22 92665
8 4 4 2823 3 7 23 119207
8 4 4 2824 3 0 24 102202
8 4 4 2825 3 1 25 101803
8 4 4 2826 3 2 26 96502
8 4 4 2827 3 3 27 113876
8 4 4 2828 3 4 28 111681
8 4 4 2829 3 5 29 99813
8 4 4 2830 3 6 30 90221
8 4 4 2831 3 7 31 115796
8 4 4 2832 3 0 32 100310
8 4 4 2833 3 1 33 101001
8 4 4 2834 3 2 34 105256
8 4 4 2835 3 3 35 104100
8 4 4 2836 3 4 36 101103
8 4 4 2837 3 5 37 132865
8 4 4 2838 3 6 38 112159
8 4 4 2839 3 7 39 119071
8 4 4 2840 3 0 40 99052
8 4 4 2841 3 1 41 103726
8 4 4 2842 3 2 42 107895
8 4 4 2843 3 3 43 107562
8 4 4 2844 3 4 44 83914
8 4 4 2845 3 5 45 105703
8 4 4 2846 3 6 46 116640
8 4 4 2847 3 7 47 121685
8 4 4 2848 3 0 48 103910
8 4 4 2849 3 1 49 100188
8 4 4 2850 3 2 50 102604
8 4 4 2851 3 3 51 103329
8 4 4 2852 3 4 52 113676
8 4 4 2853 3 5 53 120262
8 4 4 2854 3 6 54 126077
8 4 4 2855 3 7 55 114306
8 4 4 2856 3 0 56 99766
8 4 4 2857 3 1 57 102901
8 4 4 2858 3 2 58 101596
8 4 4 2859 3 3 59 106928
8 4 4 2860 3 4 60 106429
8 4 4 2861 3 5 61 114023
8 4 4 2862 3 6 62 110485
8 4 4 2863 3 7 63 144023
8 4 4 2864 3 0 64 103769
8 4 4 2865 3 1 65 98413
8 4 4 2866 3 2 66 96875
8 4 4 2867 3 3 67 116397
8 4 4 2868 3 4 68 94822
8 4 4 2869 3 5 69 108219
8 4 4 2870 3 6 70 126772
8 4 4 2871 3 7 71 118192
8 4 4 2872 3 0 72 98042
8 4 4 2873 3 1 73 99526
8 4 4 2874 3 2 74 96309
8 4 4 2875 3 3 75 110930
8 4 4 2876 3 4 76 111229
8 4 4 2877 3 5 77 85125
8 4 4 2878 3 6 78 113623
8 4 4 2879 3 7 79 96160
8 4 4 2880 3 0 80 101372
8 4 4 2881 3 1 81 103712
8 4 4 2882 3 2 82 107650
8 4 4 2883 3 3 83 106773
8 4 4 2884 3 4 84 110203
8 4 4 2885 3 5 85 118220
8 4 4 2886 3 6 86 108345
8 4 4 2887 3 7 87 125745
8 4 4 2888 3 0 88 102577
8 4 4 2889 3 1 89 102465
8 4 4 2890 3 2 90 106796
8 4 4 2891 3 3 91 102302
8 4 4 2892 3 4 92 95300
8 4 4 2893 3 5 93 103987
8 4 4 2894 3 6 94 116553
8 4 4 2895 3 7 95 128999
8 4 4 2896 3 0 96 101520
8 4 4 2897 3 1 97 99337
8 4 4 2898 3 2 98 104050
8 4 4 2899 3 3 99 103788
8 4 4 2900 3 4 0 117825
8 4 4 2901 3 5 1 104447
8 4 4 2902 3 6 2 103853
8 4 4 2903 3 7 3 97743
8 4 4 2904 3 0 4 98716
8 4 4 2905 3 1 5 100087
8 4 4 2906 3 2 6 97521
8 4 4 2907 3 3 7 99234
8 4 4 2908 3 4 8 89636
8 4 4 2909 3 5 9 115336
8 4 4 2910 3 6 10 106430
8 4 4 2911 3 7 11 141835
8 4 4 2912 3 0 12 103533
8 4 4 2913 3 1 13 100480
8 4 4 2914 3 2 14 108590
8 4 4 2915 3 3 15 103876
8 4 4 2916 3 4 16 113199
8 4 4 2917 3 5 17 102705
8 4 4 2918 3 6 18 115753
8 4 4 2919 3 7 19 82639
8 4 4 2920 3 0 20 97396
8 4 4 2921 3 1 21 103071
8 4 4 2922 3 2 22 98186
8 4 4 2923 3 3 23 118013
8 4 4 2924 3 4 24 110186
8 4 4 2925 3 5 25 113767
8 4 4 2926 3 6 26 105498
8 4 4 2927 3 7 27 133445
8 4 4 2928 3 0 28 103345
8 4 4 2929 3 1 29 99919
8 4 4 2930 3 2 30 92194
8 4 4 2931 3 3 31 109056
8 4 4 2932 3 4 32 102104
8 4 4 2933 3 5 33 96709
8 4 4 2934 3 6 34 117315
8 4 4 2935 3 7 35 120707
8 4 4 2936 3 0 36 100151
8 4 4 2937 3 1 37 106886
8 4 4 2938 3 2 38 102989
8 4 4 2939 3 3 39 99608
8 4 4 2940 3 4 40 97373
8 4 4 2941 3 5 41 121806
8 4 4 2942 3 6 42 119108
8 4 4 2943 3 7 43 106842
8 4 4 2944 3 0 44 96615
8 4 4 2945 3 1 45 100363
8 4 4 2946 3 2 46 102812
8 4 4 2947 3 3 47 107552
8 4 4 2948 3 4 48 120738
8 4 4 2949 3 5 49 101308
8 4 4 2950 3 6 50 115668
8 4 4 2951 3 7 51 111129
8 4 4 2952 3 0 52 102623
8 4 4 2953 3 1 53 103295
8 4 4 2954 3 2 54 106558
8 4 4 2955 3 3 55 97183
8 4 4 2956 3 4 56 97584
8 4 4 2957 3 5 57 126499
8 4 4 2958 3 6 58 109799
8 4 4 2959 3 7 59 119015
8 4 4 2960 3 0 60 100975
8 4 4 2961 3 1 61 101876
8 4 4 2962 3 2 62 102142
8 4 4 2963 3 3 63 113662
8 4 4 2964 3 4 64 112555
8 4 4 2965 3 5 65 94541
8 4 4 2966 3 6 66 99543
8 4 4 2967 3 7 67 114272
8 4 4 2968 3 0 68 98710
8 4 4 2969 3 1 69 102359
8 4 4 2970 3 2 70 110464
8 4 4 2971 3 3 71 108189
8 4 4 2972 3 4 72 93456
8 4 4 2973 3 5 73 93517
8 4 4 2974 3 6 74 94888
8 4 4 2975 3 7 75 124360
8 4 4 2976 3 0 76 102053
8 4 4 2977 3 1 77 94327
8 4 4 2978 3 2 78 108653
8 4 4 2979 3 3 79 90509
8 4 4 2980 3 4 80 105734
8 4 4 2981 3 5 81 117619
8 4 4 2982 3 6 82 123535
8 4 4 2983 3 7 83 99340
8 4 4 2984 3 0 84 101224
8 4 4 2985 3 1 85 103880
8 4 4 2986 3 2 86 101901
8 4 4 2987 3 3 87 103509
8 4 4 2988 3 4 88 111169
8 4 4 2989 3 5 89 119255
8 4 4 2990 3 6 90 121024
8 4 4 2991 3 7 91 120597
8 4 4 2992 3 0 92 99009
8 4 4 2993 3 1 93 98675
8 4 4 2994 3 2 94 105475
8 4 4 2995 3 3 95 110031
8 4 4 2996 3 4 96 102168
8 4 4 2997 3 5 97 97553
8 4 4 2998 3 6 98 121647
8 4 4 2999 3 7 99 108803
8 4 5 2400 3 0 0 103902
8 4 5 2401 3 1 1 101941
8 4 5 2402 3 2 2 100772
8 4 5 2403 3 3 3 101862
8 4 5 2404 3 4 4 87160
8 4 5 2405 3 5 5 103468
8 4 5 2406 3 6 6 103113
8 4 5 2407 3 7 7 123272
8 4 5 2408 3 0 8 98836
8 4 5 2409 3 1 9 103052
8 4 5 2410 3 2 10 101047
8 4 5 2411 3 3 11 121346
8 4 5 2412 3 4 12 123658
8 4 5 2413 3 5 13 112978
8 4 5 2414 3 6 14 121008
8 4 5 2415 3 7 15 98382
8 4 5 2416 3 0 16 103156
8 4 5 2417 3 1 17 103371
8 4 5 2418 3 2 18 102081
8 4 5 2419 3 3 19 103541
8 4 5 2420 3 4 20 91654
8 4 5 2421 3 5 21 126337
8 4 5 2422 3 6 22 98311
8 4 5 2423 3 7 23 108208
8 4 5 2424 3 0 24 101890
8 4 5 2425 3 1 25 100042
8 4 5 2426 3 2 26 95432
8 4 5 2427 3 3 27 119149
8 4 5 2428 3 4 28 104643
8 4 5 2429 3 5 29 98628
8 4 5 2430 3 6 30 96958
8 4 5 2431 3 7 31 129130
8 4 5 2432 3 0 32 99897
8 4 5 2433 3 1 33 103066
8 4 5 2434 3 2 34 106337
8 4 5 2435 3 3 35 104697
8 4 5 2436 3 4 36 100316
8 4 5 2437 3 5 37 124563
8 4 5 2438 3 6 38 118534
8 4 5 2439 3 7 39 126694
8 4 5 2440 3 0 40 98022
8 4 5 2441 3 1 41 104987
8 4 5 2442 3 2 42 111564
8 4 5 2443 3 3 43 112120
8 4 5 2444 3 4 44 82202
8 4 5 2445 3 5 45 114772
8 4 5 2446 3 6 46 130034
8 4 5 2447 3 7 47 132687
8 4 5 2448 3 0 48 105250
8 4 5 2449 3 1 49 99678
8 4 5 2450 3 2 50 99944
8 4 5 2451 3 3 51 107805
8 4 5 2452 3 4 52 120819
8 4 5 2453 3 5 53 129566
8 4 5 2454 3 6 54 128842
8 4 5 2455 3 7 55 118019
8 4 5 2456 3 0 56 100455
8 4 5 2457 3 1 57 103658
8 4 5 2458 3 2 58 103663
8 4 5 2459 3 3 59 101937
8 4 5 2460 3 4 60 113491
8 4 5 2461 3 5 61 124451
8 4 5 2462 3 6 62 119559
8 4 5 2463 3 7 63 133798
8 4 5 2464 3 0 64 105150
8 4 5 2465 3 1 65 100334
8 4 5 2466 3 2 66 98892
8 4 5 2467 3 3 67 118093
8 4 5 2468 3 4 68 89846
8 4 5 2469 3 5 69 110211
8 4 5 2470 3 6 70 130319
8 4 5 2471 3 7 71 127766
8 4 5 2472 3 0 72 97764
8 4 5 2473 3 1 73 101565
8 4 5 2474 3 2 74 95883
8 4 5 2475 3 3 75 109238
8 4 5 2476 3 4 76 118743
8 4 5 2477 3 5 77 80056
8 4 5 2478 3 6 78 110390
8 4 5 2479 3 7 79 101502
8 4 5 2480 3 0 80 102133
8 4 5 2481 3 1 81 105572
8 4 5 2482 3 2 82 105392
8 4 5 2483 3 3 83 111631
8 4 5 2484 3 4 84 103355
8 4 5 2485 3 5 85 119085
8 4 5 2486 3 6 86 120774
8 4 5 2487 3 7 87 135885
8 4 5 2488 3 0 88 101290
8 4 5 2489 3 1 89 104509
8 4 5 2490 3 2 90 105749
8 4 5 2491 3 3 91 97529
8 4 5 2492 3 4 92 95650
8 4 5 2493 3 5 93 104089
8 4 5 2494 3 6 94 126793
8 4 5 2495 3 7 95 142686
8 4 5 2496 3 0 96 102873
8 4 5 2497 3 1 97 101297
8 4 5 2498 3 2 98 105215
8 4 5 2499 3 3 99 108751
8 4 5 2500 3 4 0 116227
8 4 5 2501 3 5 1 103786
8 4 5 2502 3 6 2 98813
8 4 5 2503 3 7 3 110601
8 4 5 2504 3 0 4 97568
8 4 5 2505 3 1 5 100647
8 4 5 2506 3 2 6 98626
8 4 5 2507 3 3 7 100354
8 4 5 2508 3 4 8 95759
8 4 5 2509 3 5 9 116656
8 4 5 2510 3 6 10 99742
8 4 5 2511 3 7 11 152176
8 4 5 2512 3 0 12 104906
8 4 5 2513 3 1 13 102533
8 4 5 2514 3 2 14 105202
8 4 5 2515 3 3 15 99999
8 4 5 2516 3 4 16 111939
8 4 5 2517 3 5 17 109526
8 4 5 2518 3 6 18 113149
8 4 5 2519 3 7 19 84209
8 4 5 2520 3 0 20 97850
8 4 5 2521 3 1 21 102799
8 4 5 2522 3 2 22 100173
8 4 5 2523 3 3 23 116164
8 4 5 2524 3 4 24 111168
8 4 5 2525 3 5 25 109160
8 4 5 2526 3 6 26 105381
8 4 5 2527 3 7 27 144412
8 4 5 2528 3 0 28 102068
8 4 5 2529 3 1 29 99904
8 4 5 2530 3 2 30 95336
8 4 5 2531 3 3 31 114267
8 4 5 2532 3 4 32 104642
8 4 5 2533 3 5 33 105088
8 4 5 2534 3 6 34 126934
8 4 5 2535 3 7 35 121819
8 4 5 2536 3 0 36 99985
8 4 5 2537 3 1 37 104771
8 4 5 2538 3 2 38 104522
8 4 5 2539 3 3 39 104231
8 4 5 2540 3 4 40 95785
8 4 5 2541 3 5 41 131470
8 4 5 2542 3 6 42 128042
8 4 5 2543 3 7 43 102280
8 4 5 2544 3 0 44 96298
8 4 5 2545 3 1 45 102392
8 4 5 2546 3 2 46 106303
8 4 5 2547 3 3 47 109180
8 4 5 2548 3 4 48 126817
8 4 5 2549 3 5 49 102595
8 4 5 2550 3 6 50 121128
8 4 5 2551 3 7 51 117347
8 4 5 2552 3 0 52 103950
8 4 5 2553 3 1 53 104545
8 4 5 2554 3 2 54 103780
8 4 5 2555 3 3 55 93670
8 4 5 2556 3 4 56 100884
8 4 5 2557 3 5 57 132192
8 4 5 2558 3 6 58 109629
8 4 5 2559 3 7 59 113124
8 4 5 2560 3 0 60 102290
8 4 5 2561 3 1 61 103914
8 4 5 2562 3 2 62 104258
8 4 5 2563 3 3 63 109543
8 4 5 2564 3 4 64 120208
8 4 5 2565 3 5 65 94342
8 4 5 2566 3 6 66 108231
8 4 5 2567 3 7 67 121597
8 4 5 2568 3 0 68 97693
8 4 5 2569 3 1 69 103264
8 4 5 2570 3 2 70 111376
8 4 5 2571 3 3 71 110703
8 4 5 2572 3 4 72 92229
8 4 5 2573 3 5 73 97847
8 4 5 2574 3 6 74 97106
8 4 5 2575 3 7 75 128481
8 4 5 2576 3 0 76 103438
8 4 5 2577 3 1 77 92587
8 4 5 2578 3 2 78 109773
8 4 5 2579 3 3 79 90518
8 4 5 2580 3 4 80 110655
8 4 5 2581 3 5 81 127886
8 4 5 2582 3 6 82 124752
8 4 5 2583 3 7 83 103519
8 4 5 2584 3 0 84 99973
8 4 5 2585 3 1 85 102816
8 4 5 2586 3 2 86 105299
8 4 5 2587 3 3 87 101833
8 4 5 2588 3 4 88 104202
8 4 5 2589 3 5 89 131245
8 4 5 2590 3 6 90 117142
8 4 5 2591 3 7 91 104715
8 4 5 2592 3 0 92 99802
8 4 5 2593 3 1 93 98336
8 4 5 2594 3 2 94 108982
8 4 5 2595 3 3 95 112723
8 4 5 2596 3 4 96 109132
8 4 5 2597 3 5 97 102649
8 4 5 2598 3 6 98 130343
8 4 5 2599 3 7 99 123661
8 4 5 2600 3 0 0 103902
8 4 5 2601 3 1 1 101941
8 4 5 2602 3 2 2 100772
8 4 5 2603 3 3 3 101862
8 4 5 2604 3 4 4 87160
8 4 5 2605 3 5 5 103468
8 4 5 2606 3 6 6 103113
8 4 5 2607 3 7 7 123272
8 4 5 2608 3 0 8 98836
8 4 5 2609 3 1 9 103052
8 4 5 2610 3 2 10 101047
8 4 5 2611 3 3 11 121346
8 4 5 2612 3 4 12 123658
8 4 5 2613 3 5 13 112978
8 4 5 2614 3 6 14 121008
8 4 5 2615 3 7 15 98382
8 4 5 2616 3 0 16 103156
8 4 5 2617 3 1 17 103371
8 4 5 2618 3 2 18 102081
8 4 5 2619 3 3 19 103541
8 4 5 2620 3 4 20 91654
8 4 5 2621 3 5 21 126337
8 4 5 2622 3 6 22 98311
8 4 5 2623 3 7 23 108208
8 4 5 2624 3 0 24 101890
8 4 5 2625 3 1 25 100042
8 4 5 2626 3 2 26 95432
8 4 5 2627 3 3 27 119149
8 4 5 2628 3 4 28 104643
8 4 5 2629 3 5 29 98628
8 4 5 2630 3 6 30 96958
8 4 5 2631 3 7 31 129130
8 4 5 2632 3 0 32 99897
8 4 5 2633 3 1 33 103066
8 4 5 2634 3 2 34 106337
8 4 5 2635 3 3 35 104697
8 4 5 2636 3 4 36 100316
8 4 5 2637 3 5 37 124563
8 4 5 2638 3 6 38 118534
8 4 5 2639 3 7 39 126694
8 4 5 2640 3 0 40 98022
8 4 5 2641 3 1 41 104987
8 4 5 2642 3 2 42 111564
8 4 5 2643 3 3 43 112120
8 4 5 2644 3 4 44 82202
8 4 5 2645 3 5 45 114772
8 4 5 2646 3 6 46 130034
8 4 5 2647 3 7 47 132687
8 4 5 2648 3 0 48 105250
8 4 5 2649 3 1 49 99678
8 4 5 2650 3 2 50 99944
8 4 5 2651 3 3 51 107805
8 4 5 2652 3 4 52 120819
8 4 5 2653 3 5 53 129566
8 4 5 2654 3 6 54 128842
8 4 5 2655 3 7 55 118019
8 4 5 2656 3 0 56 100455
8 4 5 2657 3 1 57 103658
8 4 5 2658 3 2 58 103663
8 4 5 2659 3 3 59 101937
8 4 5 2660 3 4 60 113491
8 4 5 2661 3 5 61 124451
8 4 5 2662 3 6 62 119559
8 4 5 2663 3 7 63 133798
8 4 5 2664 3 0 64 105150
8 4 5 2665 3 1 65 100334
8 4 5 2666 3 2 66 98892
8 4 5 2667 3 3 67 118093
8 4 5 2668 3 4 68 89846
8 4 5 2669 3 5 69 110211
8 4 5 2670 3 6 70 130319
8 4 5 2671 3 7 71 127766
8 4 5 2672 3 0 72 97764
8 4 5 2673 3 1 73 101565
8 4 5 2674 3 2 74 95883
8 4 5 2675 3 3 75 109238
8 4 5 2676 3 4 76 118743
8 4 5 2677 3 5 77 80056
8 4 5 2678 3 6 78 110390
8 4 5 2679 3 7 79 101502
8 4 5 2680 3 0 80 102133
8 4 5 2681 3 1 81 105572
8 4 5 2682 3 2 82 105392
8 4 5 2683 3 3 83 111631
8 4 5 2684 3 4 84 103355
8 4 5 2685 3 5 85 119085
8 4 5 2686 3 6 86 120774
8 4 5 2687 3 7 87 135885
8 4 5 2688 3 0 88 101290
8 4 5 2689 3 1 89 104509
8 4 5 2690 3 2 90 105749
8 4 5 2691 3 3 91 97529
8 4 5 2692 3 4 92 95650
8 4 5 2693 3 5 93 104089
8 4 5 2694 3 6 94 126793
8 4 5 2695 3 7 95 142686
8 4 5 2696 3 0 96 102873
8 4 5 2697 3 1 97 101297
8 4 5 2698 3 2 98 105215
8 4 5 2699 3 3 99 108751
8 4 5 2700 3 4 0 116227
8 4 5 2701 3 5 1 103786
8 4 5 2702 3 6 2 98813
8 4 5 2703 3 7 3 110601
8 4 5 2704 3 0 4 97568
8 4 5 2705 3 1 5 100647
8 4 5 2706 3 2 6 98626
8 4 5 2707 3 3 7 100354
8 4 5 2708 3 4 8 95759
8 4 5 2709 3 5 9 116656
8 4 5 2710 3 6 10 99742
8 4 5 2711 3 7 11 152176
8 4 5 2712 3 0 12 104906
8 4 5 2713 3 1 13 102533
8 4 5 2714 3 2 14 105202
8 4 5 2715 3 3 15 99999
8 4 5 2716 3 4 16 111939
8 4 5 2717 3 5 17 109526
8 4 5 2718 3 6 18 113149
8 4 5 2719 3 7 19 84209
8 4 5 2720 3 0 20 97850
8 4 5 2721 3 1 21 102799
8 4 5 2722 3 2 22 100173
8 4 5 2723 3 3 23 116164
8 4 5 2724 3 4 24 111168
8 4 5 2725 3 5 25 109160
8 4 5 2726 3 6 26 105381
8 4 5 2727 3 7 27 144412
8 4 5 2728 3 0 28 102068
8 4 5 2729 3 1 29 99904
8 4 5 2730 3 2 30 95336
8 4 5 2731 3 3 31 114267
8 4 5 2732 3 4 32 104642
8 4 5 2733 3 5 33 105088
8 4 5 2734 3 6 34 126934
8 4 5 2735 3 7 35 121819
8 4 5 2736 3 0 36 99985
8 4 5 2737 3 1 37 104771
8 4 5 2738 3 2 38 104522
8 4 5 2739 3 3 39 104231
8 4 5 2740 3 4 40 95785
8 4 5 2741 3 5 41 131470
8 4 5 2742 3 6 42 128042
8 4 5 2743 3 7 43 102280
8 4 5 2744 3 0 44 96298
8 4 5 2745 3 1 45 102392
8 4 5 2746 3 2 46 106303
8 4 5 2747 3 3 47 109180
8 4 5 2748 3 4 48 126817
8 4 5 2749 3 5 49 102595
8 4 5 2750 3 6 50 121128
8 4 5 2751 3 7 51 117347
8 4 5 2752 3 0 52 103950
8 4 5 2753 3 1 53 104545
8 4 5 2754 3 2 54 103780
8 4 5 2755 3 3 55 93670
8 4 5 2756 3 4 56 100884
8 4 5 2757 3 5 57 132192
8 4 5 2758 3 6 58 109629
8 4 5 2759 3 7 59 113124
8 4 5 2760 3 0 60 102290
8 4 5 2761 3 1 61 103914
8 4 5 2762 3 2 62 104258
8 4 5 2763 3 3 63 109543
8 4 5 2764 3 4 64 120208
8 4 5 2765 3 5 65 94342
8 4 5 2766 3 6 66 108231
8 4 5 2767 3 7 67 121597
8 4 5 2768 3 0 68 97693
8 4 5 2769 3 1 69 103264
8 4 5 2770 3 2 70 111376
8 4 5 2771 3 3 71 110703
8 4 5 2772 3 4 72 92229
8 4 5 2773 3 5 73 97847
8 4 5 2774 3 6 74 97106
8 4 5 2775 3 7 75 128481
8 4 5 2776 3 0 76 103438
8 4 5 2777 3 1 77 92587
8 4 5 2778 3 2 78 109773
8 4 5 2779 3 3 79 90518
8 4 5 2780 3 4 80 110655
8 4 5 2781 3 5 81 127886
8 4 5 2782 3 6 82 124752
8 4 5 2783 3 7 83 103519
8 4 5 2784 3 0 84 99973
8 4 5 2785 3 1 85 102816
8 4 5 2786 3 2 86 105299
8 4 5 2787 3 3 87 101833
8 4 5 2788 3 4 88 104202
8 4 5 2789 3 5 89 131245
8 4 5 2790 3 6 90 117142
8 4 5 2791 3 7 91 104715
8 4 5 2792 3 0 92 99802
8 4 5 2793 3 1 93 98336
8 4 5 2794 3 2 94 108982
8 4 5 2795 3 3 95 112723
8 4 5 2796 3 4 96 109132
8 4 5 2797 3 5 97 102649
8 4 5 2798 3 6 98 130343
8 4 5 2799 3 7 99 123661
8 4 5 2800 3 0 0 103902
8 4 5 2801 3 1 1 101941
8 4 5 2802 3 2 2 100772
8 4 5 2803 3 3 3 101862
8 4 5 2804 3 4 4 87160
8 4 5 2805 3 5 5 103468
8 4 5 2806 3 6 6 103113
8 4 5 2807 3 7 7 123272
8 4 5 2808 3 0 8 98836
8 4 5 2809 3 1 9 103052
8 4 5 2810 3 2 10 101047
8 4 5 2811 3 3 11 121346
8 4 5 2812 3 4 12 123658
8 4 5 2813 3 5 13 112978
8 4 5 2814 3 6 14 121008
8 4 5 2815 3 7 15 98382
8 4 5 2816 3 0 16 103156
8 4 5 2817 3 1 17 103371
8 4 5 2818 3 2 18 102081
8 4 5 2819 3 3 19 103541
8 4 5 2820 3 4 20 91654
8 4 5 2821 3 5 21 126337
8 4 5 2822 3 6 22 98311
8 4 5 2823 3 7 23 108208
8 4 5 2824 3 0 24 101890
8 4 5 2825 3 1 25 100042
8 4 5 2826 3 2 26 95432
8 4 5 2827 3 3 27 119149
8 4 5 2828 3 4 28 104643
8 4 5 2829 3 5 29 98628
8 4 5 2830 3 6 30 96958
8 4 5 2831 3 7 31 129130
8 4 5 2832 3 0 32 99897
8 4 5 2833 3 1 33 103066
8 4 5 2834 3 2 34 106337
8 4 5 2835 3 3 35 104697
8 4 5 2836 3 4 36 100316
8 4 5 2837 3 5 37 124563
8 4 5 2838 3 6 38 118534
8 4 5 2839 3 7 39 126694
8 4 5 2840 3 0 40 98022
8 4 5 2841 3 1 41 104987
8 4 5 2842 3 2 42 111564
8 4 5 2843 3 3 43 112120
8 4 5 2844 3 4 44 82202
8 4 5 2845 3 5 45 114772
8 4 5 2846 3 6 46 130034
8 4 5 2847 3 7 47 132687
8 4 5 2848 3 0 48 105250
8 4 5 2849 3 1 49 99678
8 4 5 2850 3 2 50 99944
8 4 5 2851 3 3 51 107805
8 4 5 2852 3 4 52 120819
8 4 5 2853 3 5 53 129566
8 4 5 2854 3 6 54 128842
8 4 5 2855 3 7 55 118019
8 4 5 2856 3 0 56 100455
8 4 5 2857 3 1 57 103658
8 4 5 2858 3 2 58 103663
8 4 5 2859 3 3 59 101937
8 4 5 2860 3 4 60 113491
8 4 5 2861 3 5 61 124451
8 4 5 2862 3 6 62 119559
8 4 5 2863 3 7 63 133798
8 4 5 2864 3 0 64 105150
8 4 5 2865 3 1 65 100334
8 4 5 2866 3 2 66 98892
8 4 5 2867 3 3 67 118093
8 4 5 2868 3 4 68 89846
8 4 5 2869 3 5 69 110211
8 4 5 2870 3 6 70 130319
8 4 5 2871 3 7 71 127766
8 4 5 2872 3 0 72 97764
8 4 5 2873 3 1 73 101565
8 4 5 2874 3 2 74 95883
8 4 5 2875 3 3 75 109238
8 4 5 2876 3 4 76 118743
8 4 5 2877 3 5 77 80056
8 4 5 2878 3 6 78 110390
8 4 5 2879 3 7 79 101502
8 4 5 2880 3 0 80 102133
8 4 5 2881 3 1 81 105572
8 4 5 2882 3 2 82 105392
8 4 5 2883 3 3 83 111631
8 4 5 2884 3 4 84 103355
8 4 5 2885 3 5 85 119085
8 4 5 2886 3 6 86 120774
8 4 5 2887 3 7 87 135885
8 4 5 2888 3 0 88 101290
8 4 5 2889 3 1 89 104509
8 4 5 2890 3 2 90 105749
8 4 5 2891 3 3 91 97529
8 4 5 2892 3 4 92 95650
8 4 5 2893 3 5 93 104089
8 4 5 2894 3 6 94 126793
8 4 5 2895 3 7 95 142686
8 4 5 2896 3 0 96 102873
8 4 5 2897 3 1 97 101297
8 4 5 2898 3 2 98 105215
8 4 5 2899 3 3 99 108751
8 4 5 2900 3 4 0 116227
8 4 5 2901 3 5 1 103786
8 4 5 2902 3 6 2 98813
8 4 5 2903 3 7 3 110601
8 4 5 2904 3 0 4 97568
8 4 5 2905 3 1 5 100647
8 4 5 2906 3 2 6 98626
8 4 5 2907 3 3 7 100354
8 4 5 2908 3 4 8 95759
8 4 5 2909 3 5 9 116656
8 4 5 2910 3 6 10 99742
8 4 5 2911 3 7 11 152176
8 4 5 2912 3 0 12 104906
8 4 5 2913 3 1 13 102533
8 4 5 2914 3 2 14 105202
8 4 5 2915 3 3 15 99999
8 4 5 2916 3 4 16 111939
8 4 5 2917 3 5 17 109526
8 4 5 2918 3 6 18 113149
8 4 5 2919 3 7 19 84209
8 4 5 2920 3 0 20 97850
8 4 5 2921 3 1 21 102799
8 4 5 2922 3 2 22 100173
8 4 5 2923 3 3 23 116164
8 4 5 2924 3 4 24 111168
8 4 5 2925 3 5 25 109160
8 4 5 2926 3 6 26 105381
8 4 5 2927 3 7 27 144412
8 4 5 2928 3 0 28 102068
8 4 5 2929 3 1 29 99904
8 4 5 2930 3 2 30 95336
8 4 5 2931 3 3 31 114267
8 4 5 2932 3 4 32 104642
8 4 5 2933 3 5 33 105088
8 4 5 2934 3 6 34 126934
8 4 5 2935 3 7 35 121819
8 4 5 2936 3 0 36 99985
8 4 5 2937 3 1 37 104771
8 4 5 2938 3 2 38 104522
8 4 5 2939 3 3 39 104231
8 4 5 2940 3 4 40 95785
8 4 5 2941 3 5 41 131470
8 4 5 2942 3 6 42 128042
8 4 5 2943 3 7 43 102280
8 4 5 2944 3 0 44 96298
8 4 5 2945 3 1 45 102392
8 4 5 2946 3 2 46 106303
8 4 5 2947 3 3 47 109180
8 4 5 2948 3 4 48 126817
8 4 5 2949 3 5 49 102595
8 4 5 2950 3 6 50 121128
8 4 5 2951 3 7 51 117347
8 4 5 2952 3 0 52 103950
8 4 5 2953 3 1 53 104545
8 4 5 2954 3 2 54 103780
8 4 5 2955 3 3 55 93670
8 4 5 2956 3 4 56 100884
8 4 5 2957 3 5 57 132192
8 4 5 2958 3 6 58 109629
8 4 5 2959 3 7 59 113124
8 4 5 2960 3 0 60 102290
8 4 5 2961 3 1 61 103914
8 4 5 2962 3 2 62 104258
8 4 5 2963 3 3 63 109543
8 4 5 2964 3 4 64 120208
8 4 5 2965 3 5 65 94342
8 4 5 2966 3 6 66 108231
8 4 5 2967 3 7 67 121597
8 4 5 2968 3 0 68 97693
8 4 5 2969 3 1 69 103264
8 4 5 2970 3 2 70 111376
8 4 5 2971 3 3 71 110703
8 4 5 2972 3 4 72 92229
8 4 5 2973 3 5 73 97847
8 4 5 2974 3 6 74 97106
8 4 5 2975 3 7 75 128481
8 4 5 2976 3 0 76 103438
8 4 5 2977 3 1 77 92587
8 4 5 2978 3 2 78 109773
8 4 5 2979 3 3 79 90518
8 4 5 2980 3 4 80 110655
8 4 5 2981 3 5 81 127886
8 4 5 2982 3 6 82 124752
8 4 5 2983 3 7 83 103519
8 4 5 2984 3 0 84 99973
8 4 5 2985 3 1 85 102816
8 4 5 2986 3 2 86 105299
8 4 5 2987 3 3 87 101833
8 4 5 2988 3 4 88 104202
8 4 5 2989 3 5 89 131245
8 4 5 2990 3 6 90 117142
8 4 5 2991 3 7 91 104715
8 4 5 2992 3 0 92 99802
8 4 5 2993 3 1 93 98336
8 4 5 2994 3 2 94 108982
8 4 5 2995 3 3 95 112723
8 4 5 2996 3 4 96 109132
8 4 5 2997 3 5 97 102649
8 4 5 2998 3 6 98 130343
8 4 5 2999 3 7 99 123661
