+ module load spectrum-mpi cuda/11.2
++ /usr/share/lmod/lmod/libexec/lmod bash load spectrum-mpi cuda/11.2
+ eval 'CCI_SMPI_SET_TS=2021082400;' export 'CCI_SMPI_SET_TS;' 'CUDA_HOME=/usr/local/cuda-11.2;' export 'CUDA_HOME;' 'CUDA_PATH=/usr/local/cuda-11.2;' export 'CUDA_PATH;' 'LD_LIBRARY_PATH=/usr/local/cuda-11.2/lib64:/opt/ibm/spectrum_mpi/profilesupport/lib:/opt/ibm/spectrum_mpi/lib:/opt/mellanox/sharp/lib:/opt/mellanox/hcoll/lib;' export 'LD_LIBRARY_PATH;' 'LMOD_FAMILY_MPI=spectrum-mpi;' export 'LMOD_FAMILY_MPI;' 'LMOD_FAMILY_MPI_VERSION=10.4;' export 'LMOD_FAMILY_MPI_VERSION;' 'LOADEDMODULES=xl_r/16.1.1:spectrum-mpi/10.4:cuda/11.2;' export 'LOADEDMODULES;' 'MANPATH=/opt/ibm/spectrum_mpi/share/man;' export 'MANPATH;' 'MODULEPATH=/gpfs/u/software/dcs-rhel8/modulefiles/dcs-rhel8/modulefiles/.spectrum-mpi/10.4/.cuda/11.2:/gpfs/u/software/dcs-rhel8/modulefiles/.spectrum-mpi/10.4:/gpfs/u/software/dcs-rhel8/modulefiles/.xl_r/16.1.1:/gpfs/u/software/dcs-rhel8/modulefiles;' export 'MODULEPATH;' 'MPI_ROOT=/opt/ibm/spectrum_mpi;' export 'MPI_ROOT;' 'OPAL_LIBDIR=/opt/ibm/spectrum_mpi/lib;' export 'OPAL_LIBDIR;' 'PAMI_ENABLE_STRIPING=0;' export 'PAMI_ENABLE_STRIPING;' 'PAMI_IBV_ADAPTER_AFFINITY=1;' export 'PAMI_IBV_ADAPTER_AFFINITY;' 'PAMI_IBV_ENABLE_OOO_AR=1;' export 'PAMI_IBV_ENABLE_OOO_AR;' 'PATH=/usr/local/cuda-11.2/bin:/opt/ibm/spectrum_mpi/bin:/opt/ibm/xlf/16.1.1/bin:/opt/ibm/xlC/16.1.1/bin:/usr/lpp/mmfs/bin:/usr/local/bin:/usr/bin:/usr/local/sbin:/usr/sbin:/gpfs/u/home/PCPC/PCPCdtjn/.local/bin:/gpfs/u/home/PCPC/PCPCdtjn/bin;' export 'PATH;' '_LMFILES_=/gpfs/u/software/dcs-rhel8/modulefiles/xl_r/16.1.1.lua:/gpfs/u/software/dcs-rhel8/modulefiles/spectrum-mpi/10.4.lua:/gpfs/u/software/dcs-rhel8/modulefiles/.spectrum-mpi/10.4/cuda/11.2.lua;' export '_LMFILES_;' '_ModuleTable001_=X01vZHVsZVRhYmxlXz17WyJNVHZlcnNpb24iXT0zLFsiY19yZWJ1aWxkVGltZSJdPWZhbHNlLFsiY19zaG9ydFRpbWUiXT1mYWxzZSxkZXB0aFQ9e30sZmFtaWx5PXtbImNvbXBpbGVyIl09InhsX3IiLFsibXBpIl09InNwZWN0cnVtLW1waSIsfSxtVD17Y3VkYT17WyJmbiJdPSIvZ3Bmcy91L3NvZnR3YXJlL2Rjcy1yaGVsOC9tb2R1bGVmaWxlcy8uc3BlY3RydW0tbXBpLzEwLjQvY3VkYS8xMS4yLmx1YSIsWyJmdWxsTmFtZSJdPSJjdWRhLzExLjIiLFsibG9hZE9yZGVyIl09Myxwcm9wVD17c3RhdGU9e1sidGVzdGluZyJdPTEsfSx9LFsic3RhY2tEZXB0aCJdPTAsWyJzdGF0dXMiXT0iYWN0aXZlIixbInVzZXJOYW1lIl09ImN1ZGEvMTEuMiIsfSxbInNwZWN0cnVtLW1waSJd;' export '_ModuleTable001_;' '_ModuleTable002_=PXtbImZuIl09Ii9ncGZzL3Uvc29mdHdhcmUvZGNzLXJoZWw4L21vZHVsZWZpbGVzL3NwZWN0cnVtLW1waS8xMC40Lmx1YSIsWyJmdWxsTmFtZSJdPSJzcGVjdHJ1bS1tcGkvMTAuNCIsWyJsb2FkT3JkZXIiXT0yLHByb3BUPXtzdGF0ZT17WyJ0ZXN0aW5nIl09MSx9LH0sWyJzdGFja0RlcHRoIl09MCxbInN0YXR1cyJdPSJhY3RpdmUiLFsidXNlck5hbWUiXT0ic3BlY3RydW0tbXBpIix9LHhsX3I9e1siZm4iXT0iL2dwZnMvdS9zb2Z0d2FyZS9kY3MtcmhlbDgvbW9kdWxlZmlsZXMveGxfci8xNi4xLjEubHVhIixbImZ1bGxOYW1lIl09InhsX3IvMTYuMS4xIixbImxvYWRPcmRlciJdPTEscHJvcFQ9e30sWyJzdGFja0RlcHRoIl09MCxbInN0YXR1cyJdPSJhY3RpdmUiLFsidXNl;' export '_ModuleTable002_;' '_ModuleTable003_=ck5hbWUiXT0ieGxfciIsfSx9LG1wYXRoQT17Ii9ncGZzL3Uvc29mdHdhcmUvZGNzLXJoZWw4L21vZHVsZWZpbGVzL2Rjcy1yaGVsOC9tb2R1bGVmaWxlcy8uc3BlY3RydW0tbXBpLzEwLjQvLmN1ZGEvMTEuMiIsIi9ncGZzL3Uvc29mdHdhcmUvZGNzLXJoZWw4L21vZHVsZWZpbGVzLy5zcGVjdHJ1bS1tcGkvMTAuNCIsIi9ncGZzL3Uvc29mdHdhcmUvZGNzLXJoZWw4L21vZHVsZWZpbGVzLy54bF9yLzE2LjEuMSIsIi9ncGZzL3Uvc29mdHdhcmUvZGNzLXJoZWw4L21vZHVsZWZpbGVzIix9LFsic3lzdGVtQmFzZU1QQVRIIl09Ii9ncGZzL3Uvc29mdHdhcmUvZGNzLXJoZWw4L21vZHVsZWZpbGVzIix9;' export '_ModuleTable003_;' '_ModuleTable_Sz_=3;' export '_ModuleTable_Sz_;'
++ CCI_SMPI_SET_TS=2021082400
++ export CCI_SMPI_SET_TS
++ CUDA_HOME=/usr/local/cuda-11.2
++ export CUDA_HOME
++ CUDA_PATH=/usr/local/cuda-11.2
++ export CUDA_PATH
++ LD_LIBRARY_PATH=/usr/local/cuda-11.2/lib64:/opt/ibm/spectrum_mpi/profilesupport/lib:/opt/ibm/spectrum_mpi/lib:/opt/mellanox/sharp/lib:/opt/mellanox/hcoll/lib
++ export LD_LIBRARY_PATH
++ LMOD_FAMILY_MPI=spectrum-mpi
++ export LMOD_FAMILY_MPI
++ LMOD_FAMILY_MPI_VERSION=10.4
++ export LMOD_FAMILY_MPI_VERSION
++ LOADEDMODULES=xl_r/16.1.1:spectrum-mpi/10.4:cuda/11.2
++ export LOADEDMODULES
++ MANPATH=/opt/ibm/spectrum_mpi/share/man
++ export MANPATH
++ MODULEPATH=/gpfs/u/software/dcs-rhel8/modulefiles/dcs-rhel8/modulefiles/.spectrum-mpi/10.4/.cuda/11.2:/gpfs/u/software/dcs-rhel8/modulefiles/.spectrum-mpi/10.4:/gpfs/u/software/dcs-rhel8/modulefiles/.xl_r/16.1.1:/gpfs/u/software/dcs-rhel8/modulefiles
++ export MODULEPATH
++ MPI_ROOT=/opt/ibm/spectrum_mpi
++ export MPI_ROOT
++ OPAL_LIBDIR=/opt/ibm/spectrum_mpi/lib
++ export OPAL_LIBDIR
++ PAMI_ENABLE_STRIPING=0
++ export PAMI_ENABLE_STRIPING
++ PAMI_IBV_ADAPTER_AFFINITY=1
++ export PAMI_IBV_ADAPTER_AFFINITY
++ PAMI_IBV_ENABLE_OOO_AR=1
++ export PAMI_IBV_ENABLE_OOO_AR
++ PATH=/usr/local/cuda-11.2/bin:/opt/ibm/spectrum_mpi/bin:/opt/ibm/xlf/16.1.1/bin:/opt/ibm/xlC/16.1.1/bin:/usr/lpp/mmfs/bin:/usr/local/bin:/usr/bin:/usr/local/sbin:/usr/sbin:/gpfs/u/home/PCPC/PCPCdtjn/.local/bin:/gpfs/u/home/PCPC/PCPCdtjn/bin
++ export PATH
++ _LMFILES_=/gpfs/u/software/dcs-rhel8/modulefiles/xl_r/16.1.1.lua:/gpfs/u/software/dcs-rhel8/modulefiles/spectrum-mpi/10.4.lua:/gpfs/u/software/dcs-rhel8/modulefiles/.spectrum-mpi/10.4/cuda/11.2.lua
++ export _LMFILES_
++ _ModuleTable001_=X01vZHVsZVRhYmxlXz17WyJNVHZlcnNpb24iXT0zLFsiY19yZWJ1aWxkVGltZSJdPWZhbHNlLFsiY19zaG9ydFRpbWUiXT1mYWxzZSxkZXB0aFQ9e30sZmFtaWx5PXtbImNvbXBpbGVyIl09InhsX3IiLFsibXBpIl09InNwZWN0cnVtLW1waSIsfSxtVD17Y3VkYT17WyJmbiJdPSIvZ3Bmcy91L3NvZnR3YXJlL2Rjcy1yaGVsOC9tb2R1bGVmaWxlcy8uc3BlY3RydW0tbXBpLzEwLjQvY3VkYS8xMS4yLmx1YSIsWyJmdWxsTmFtZSJdPSJjdWRhLzExLjIiLFsibG9hZE9yZGVyIl09Myxwcm9wVD17c3RhdGU9e1sidGVzdGluZyJdPTEsfSx9LFsic3RhY2tEZXB0aCJdPTAsWyJzdGF0dXMiXT0iYWN0aXZlIixbInVzZXJOYW1lIl09ImN1ZGEvMTEuMiIsfSxbInNwZWN0cnVtLW1waSJd
++ export _ModuleTable001_
++ _ModuleTable002_=PXtbImZuIl09Ii9ncGZzL3Uvc29mdHdhcmUvZGNzLXJoZWw4L21vZHVsZWZpbGVzL3NwZWN0cnVtLW1waS8xMC40Lmx1YSIsWyJmdWxsTmFtZSJdPSJzcGVjdHJ1bS1tcGkvMTAuNCIsWyJsb2FkT3JkZXIiXT0yLHByb3BUPXtzdGF0ZT17WyJ0ZXN0aW5nIl09MSx9LH0sWyJzdGFja0RlcHRoIl09MCxbInN0YXR1cyJdPSJhY3RpdmUiLFsidXNlck5hbWUiXT0ic3BlY3RydW0tbXBpIix9LHhsX3I9e1siZm4iXT0iL2dwZnMvdS9zb2Z0d2FyZS9kY3MtcmhlbDgvbW9kdWxlZmlsZXMveGxfci8xNi4xLjEubHVhIixbImZ1bGxOYW1lIl09InhsX3IvMTYuMS4xIixbImxvYWRPcmRlciJdPTEscHJvcFQ9e30sWyJzdGFja0RlcHRoIl09MCxbInN0YXR1cyJdPSJhY3RpdmUiLFsidXNl
++ export _ModuleTable002_
++ _ModuleTable003_=ck5hbWUiXT0ieGxfciIsfSx9LG1wYXRoQT17Ii9ncGZzL3Uvc29mdHdhcmUvZGNzLXJoZWw4L21vZHVsZWZpbGVzL2Rjcy1yaGVsOC9tb2R1bGVmaWxlcy8uc3BlY3RydW0tbXBpLzEwLjQvLmN1ZGEvMTEuMiIsIi9ncGZzL3Uvc29mdHdhcmUvZGNzLXJoZWw4L21vZHVsZWZpbGVzLy5zcGVjdHJ1bS1tcGkvMTAuNCIsIi9ncGZzL3Uvc29mdHdhcmUvZGNzLXJoZWw4L21vZHVsZWZpbGVzLy54bF9yLzE2LjEuMSIsIi9ncGZzL3Uvc29mdHdhcmUvZGNzLXJoZWw4L21vZHVsZWZpbGVzIix9LFsic3lzdGVtQmFzZU1QQVRIIl09Ii9ncGZzL3Uvc29mdHdhcmUvZGNzLXJoZWw4L21vZHVsZWZpbGVzIix9
++ export _ModuleTable003_
++ _ModuleTable_Sz_=3
++ export _ModuleTable_Sz_
++ : -s sh
+ eval
+ taskset -c 0-32:6 mpirun -N 32 /gpfs/u/home/PCPC/PCPCdtjn/barn/git/Parallel-Project/simulate bin100k.bin -v
Mapping gpu rank 35 to CUDA device 5
Mapping gpu rank 76 to CUDA device 4
Mapping gpu rank 27 to CUDA device 3
Mapping gpu rank 22 to CUDA device 4
Mapping gpu rank 4 to CUDA device 4
Mapping gpu rank 80 to CUDA device 2
Mapping gpu rank 7 to CUDA device 1
Mapping gpu rank 43 to CUDA device 1
Mapping gpu rank 12 to CUDA device 0
Mapping gpu rank 92 to CUDA device 2
Mapping gpu rank 52 to CUDA device 4
Mapping gpu rank 25 to CUDA device 1
Mapping gpu rank 30 to CUDA device 0
Mapping gpu rank 21 to CUDA device 3
Mapping gpu rank 64 to CUDA device 4
Mapping gpu rank 19 to CUDA device 1
Mapping gpu rank 69 to CUDA device 3
Mapping gpu rank 83 to CUDA device 5
Mapping gpu rank 9 to CUDA device 3
Mapping gpu rank 31 to CUDA device 1
Mapping gpu rank 54 to CUDA device 0
Mapping gpu rank 15 to CUDA device 3
Mapping gpu rank 72 to CUDA device 0
Mapping gpu rank 2 to CUDA device 2
Mapping gpu rank 32 to CUDA device 2
Mapping gpu rank 74 to CUDA device 2
Mapping gpu rank 3 to CUDA device 3
Mapping gpu rank 47 to CUDA device 5
Mapping gpu rank 87 to CUDA device 3
Mapping gpu rank 94 to CUDA device 4
Mapping gpu rank 41 to CUDA device 5
Mapping gpu rank 34 to CUDA device 4
Mapping gpu rank 33 to CUDA device 3
Mapping gpu rank 26 to CUDA device 2
Mapping gpu rank 81 to CUDA device 3
Mapping gpu rank 77 to CUDA device 5
Mapping gpu rank 66 to CUDA device 0
Mapping gpu rank 23 to CUDA device 5
Mapping gpu rank 58 to CUDA device 4
Mapping gpu rank 0 to CUDA device 0
Running program with 512 total ranks, in sections of 32 on 16 node(s)
Mapping gpu rank 45 to CUDA device 3
Mapping gpu rank 28 to CUDA device 4
Mapping gpu rank 50 to CUDA device 2
Mapping gpu rank 5 to CUDA device 5
Mapping gpu rank 18 to CUDA device 0
Mapping gpu rank 93 to CUDA device 3
Mapping gpu rank 1 to CUDA device 1
Mapping gpu rank 20 to CUDA device 2
Mapping gpu rank 73 to CUDA device 1
Mapping gpu rank 16 to CUDA device 4
Mapping gpu rank 75 to CUDA device 3
Mapping gpu rank 8 to CUDA device 2
Mapping gpu rank 79 to CUDA device 1
Mapping gpu rank 61 to CUDA device 1
Mapping gpu rank 29 to CUDA device 5
Mapping gpu rank 68 to CUDA device 2
Mapping gpu rank 24 to CUDA device 0
Mapping gpu rank 6 to CUDA device 0
Mapping gpu rank 37 to CUDA device 1
Mapping gpu rank 91 to CUDA device 1
Mapping gpu rank 53 to CUDA device 5
Mapping gpu rank 78 to CUDA device 0
Mapping gpu rank 11 to CUDA device 5
Mapping gpu rank 13 to CUDA device 1
Mapping gpu rank 70 to CUDA device 4
Mapping gpu rank 82 to CUDA device 4
Mapping gpu rank 10 to CUDA device 4
Mapping gpu rank 42 to CUDA device 0
Mapping gpu rank 55 to CUDA device 1
Mapping gpu rank 51 to CUDA device 3
Mapping gpu rank 44 to CUDA device 2
Mapping gpu rank 95 to CUDA device 5
Mapping gpu rank 62 to CUDA device 2
Mapping gpu rank 14 to CUDA device 2
Mapping gpu rank 46 to CUDA device 4
Mapping gpu rank 90 to CUDA device 0
Mapping gpu rank 17 to CUDA device 5
Mapping gpu rank 49 to CUDA device 1
Mapping gpu rank 59 to CUDA device 5
Mapping gpu rank 48 to CUDA device 0
Mapping gpu rank 63 to CUDA device 3
Mapping gpu rank 89 to CUDA device 5
Mapping gpu rank 56 to CUDA device 2
Mapping gpu rank 60 to CUDA device 0
Mapping gpu rank 71 to CUDA device 5
Mapping gpu rank 65 to CUDA device 5
Mapping gpu rank 57 to CUDA device 3
Mapping gpu rank 67 to CUDA device 1
Mapping gpu rank 84 to CUDA device 0
Mapping gpu rank 40 to CUDA device 4
Mapping gpu rank 39 to CUDA device 3
Mapping gpu rank 86 to CUDA device 2
Mapping gpu rank 85 to CUDA device 1
Mapping gpu rank 88 to CUDA device 4
Mapping gpu rank 36 to CUDA device 0
Reading from file bin100k.bin
Mapping gpu rank 38 to CUDA device 2
Finished reading file bin100k.bin
Starting knapsack (investor 0 of 50) with balance 100000
Ending knapsack
Ending knapsack (final)
Round 1 complete (GPU 3) (I/O time: 0.00921s) (Knapsack time: 4.06948s)
Round 1 complete (GPU 4) (I/O time: 0.01297s) (Knapsack time: 4.23217s)
Round 1 complete (GPU 2) (I/O time: 0.00905s) (Knapsack time: 3.95977s)
Round 1 complete (GPU 1) (I/O time: 0.00913s) (Knapsack time: 4.09229s)
Round 1 complete (GPU 5) (I/O time: 0.00939s) (Knapsack time: 3.97364s)
Round 1 complete (GPU 0) (I/O time: 0.00851s) (Knapsack time: 3.94048s)
Round 1 complete (GPU 17) (I/O time: 0.00949s) (Knapsack time: 4.27327s)
Round 1 complete (GPU 63) (I/O time: 0.00966s) (Knapsack time: 3.92402s)
Round 1 complete (GPU 57) (I/O time: 0.01004s) (Knapsack time: 4.70283s)
Round 1 complete (GPU 46) (I/O time: 0.00995s) (Knapsack time: 2.86702s)
Round 1 complete (GPU 93) (I/O time: 0.00973s) (Knapsack time: 4.60013s)
Round 1 complete (GPU 69) (I/O time: 0.00994s) (Knapsack time: 4.01182s)
Round 1 complete (GPU 75) (I/O time: 0.00943s) (Knapsack time: 4.15016s)
Round 1 complete (GPU 52) (I/O time: 0.01021s) (Knapsack time: 4.18111s)
Round 1 complete (GPU 10) (I/O time: 0.00927s) (Knapsack time: 3.94355s)
Round 1 complete (GPU 38) (I/O time: 0.00998s) (Knapsack time: 2.83618s)
Round 1 complete (GPU 71) (I/O time: 0.01001s) (Knapsack time: 3.92552s)
Round 1 complete (GPU 72) (I/O time: 0.00948s) (Knapsack time: 4.03583s)
Round 1 complete (GPU 49) (I/O time: 0.00996s) (Knapsack time: 3.90042s)
Round 1 complete (GPU 31) (I/O time: 0.00986s) (Knapsack time: 3.65281s)
Round 1 complete (GPU 8) (I/O time: 0.00944s) (Knapsack time: 4.00118s)
Round 1 complete (GPU 88) (I/O time: 0.01041s) (Knapsack time: 4.17591s)
Round 1 complete (GPU 41) (I/O time: 0.00964s) (Knapsack time: 3.41453s)
Round 1 complete (GPU 78) (I/O time: 0.00984s) (Knapsack time: 4.02405s)
Round 1 complete (GPU 27) (I/O time: 0.01363s) (Knapsack time: 4.81492s)
Round 1 complete (GPU 21) (I/O time: 0.00960s) (Knapsack time: 5.33363s)
Round 1 complete (GPU 16) (I/O time: 0.00967s) (Knapsack time: 4.22698s)
Round 1 complete (GPU 64) (I/O time: 0.01012s) (Knapsack time: 3.89073s)
Round 1 complete (GPU 56) (I/O time: 0.00992s) (Knapsack time: 4.11549s)
Round 1 complete (GPU 44) (I/O time: 0.00994s) (Knapsack time: 3.11657s)
Round 1 complete (GPU 95) (I/O time: 0.00963s) (Knapsack time: 3.92779s)
Round 1 complete (GPU 13) (I/O time: 0.00945s) (Knapsack time: 4.56247s)
Round 1 complete (GPU 62) (I/O time: 0.00995s) (Knapsack time: 4.16635s)
Round 1 complete (GPU 55) (I/O time: 0.01003s) (Knapsack time: 3.97278s)
Round 1 complete (GPU 43) (I/O time: 0.01007s) (Knapsack time: 2.91705s)
Round 1 complete (GPU 90) (I/O time: 0.00963s) (Knapsack time: 4.03104s)
Round 1 complete (GPU 66) (I/O time: 0.01000s) (Knapsack time: 4.04035s)
Round 1 complete (GPU 73) (I/O time: 0.00962s) (Knapsack time: 3.90246s)
Round 1 complete (GPU 51) (I/O time: 0.00999s) (Knapsack time: 4.42548s)
Round 1 complete (GPU 33) (I/O time: 0.00983s) (Knapsack time: 3.82155s)
Round 1 complete (GPU 9) (I/O time: 0.00930s) (Knapsack time: 4.26623s)
Round 1 complete (GPU 89) (I/O time: 0.00969s) (Knapsack time: 3.84846s)
Round 1 complete (GPU 40) (I/O time: 0.00990s) (Knapsack time: 3.06442s)
Round 1 complete (GPU 82) (I/O time: 0.00964s) (Knapsack time: 4.02957s)
Round 1 complete (GPU 25) (I/O time: 0.00964s) (Knapsack time: 5.14306s)
Round 1 complete (GPU 18) (I/O time: 0.00941s) (Knapsack time: 4.89451s)
Round 1 complete (GPU 68) (I/O time: 0.01007s) (Knapsack time: 4.40201s)
Round 1 complete (GPU 76) (I/O time: 0.00966s) (Knapsack time: 4.01588s)
Round 1 complete (GPU 48) (I/O time: 0.01020s) (Knapsack time: 3.83837s)
Round 1 complete (GPU 35) (I/O time: 0.00990s) (Knapsack time: 3.63213s)
Round 1 complete (GPU 7) (I/O time: 0.00930s) (Knapsack time: 4.14463s)
Round 1 complete (GPU 84) (I/O time: 0.00969s) (Knapsack time: 3.94099s)
Round 1 complete (GPU 37) (I/O time: 0.01002s) (Knapsack time: 3.30930s)
Round 1 complete (GPU 81) (I/O time: 0.00958s) (Knapsack time: 3.90470s)
Round 1 complete (GPU 24) (I/O time: 0.00968s) (Knapsack time: 4.86151s)
Round 1 complete (GPU 22) (I/O time: 0.00955s) (Knapsack time: 5.48314s)
Round 1 complete (GPU 15) (I/O time: 0.00956s) (Knapsack time: 4.07857s)
Round 1 complete (GPU 60) (I/O time: 0.01007s) (Knapsack time: 3.80005s)
Round 1 complete (GPU 58) (I/O time: 0.00957s) (Knapsack time: 4.24122s)
Round 1 complete (GPU 45) (I/O time: 0.01007s) (Knapsack time: 3.44069s)
Round 1 complete (GPU 94) (I/O time: 0.00962s) (Knapsack time: 4.13891s)
Round 1 complete (GPU 14) (I/O time: 0.00969s) (Knapsack time: 4.10465s)
Round 1 complete (GPU 65) (I/O time: 0.00968s) (Knapsack time: 4.55086s)
Round 1 complete (GPU 59) (I/O time: 0.00959s) (Knapsack time: 4.08263s)
Round 1 complete (GPU 42) (I/O time: 0.01003s) (Knapsack time: 2.94134s)
Round 1 complete (GPU 92) (I/O time: 0.00991s) (Knapsack time: 3.81357s)
Round 1 complete (GPU 70) (I/O time: 0.00997s) (Knapsack time: 4.67055s)
Round 1 complete (GPU 77) (I/O time: 0.00949s) (Knapsack time: 3.91331s)
Round 1 complete (GPU 53) (I/O time: 0.00984s) (Knapsack time: 3.95748s)
Round 1 complete (GPU 30) (I/O time: 0.00999s) (Knapsack time: 3.69994s)
Round 1 complete (GPU 11) (I/O time: 0.00931s) (Knapsack time: 4.11827s)
Round 1 complete (GPU 85) (I/O time: 0.00965s) (Knapsack time: 4.04752s)
Round 1 complete (GPU 39) (I/O time: 0.00966s) (Knapsack time: 3.03469s)
Round 1 complete (GPU 79) (I/O time: 0.00974s) (Knapsack time: 4.42576s)
Round 1 complete (GPU 29) (I/O time: 0.00960s) (Knapsack time: 5.16634s)
Round 1 complete (GPU 19) (I/O time: 0.00963s) (Knapsack time: 4.88754s)
Round 1 complete (GPU 23) (I/O time: 0.00982s) (Knapsack time: 4.86465s)
Round 1 complete (GPU 12) (I/O time: 0.00966s) (Knapsack time: 4.22946s)
Round 1 complete (GPU 61) (I/O time: 0.01009s) (Knapsack time: 3.85553s)
Round 1 complete (GPU 54) (I/O time: 0.00992s) (Knapsack time: 4.11995s)
Round 1 complete (GPU 47) (I/O time: 0.01011s) (Knapsack time: 3.54881s)
Round 1 complete (GPU 91) (I/O time: 0.00950s) (Knapsack time: 4.03760s)
Round 1 complete (GPU 67) (I/O time: 0.01002s) (Knapsack time: 4.01008s)
Round 1 complete (GPU 74) (I/O time: 0.00983s) (Knapsack time: 3.77101s)
Round 1 complete (GPU 50) (I/O time: 0.01005s) (Knapsack time: 4.32744s)
Round 1 complete (GPU 32) (I/O time: 0.00954s) (Knapsack time: 3.78692s)
Round 1 complete (GPU 6) (I/O time: 0.00944s) (Knapsack time: 4.13140s)
Round 1 complete (GPU 87) (I/O time: 0.01654s) (Knapsack time: 4.42553s)
Round 1 complete (GPU 36) (I/O time: 0.01000s) (Knapsack time: 3.02565s)
Round 1 complete (GPU 83) (I/O time: 0.00964s) (Knapsack time: 4.01029s)
Round 1 complete (GPU 28) (I/O time: 0.00974s) (Knapsack time: 4.77085s)
Round 1 complete (GPU 34) (I/O time: 0.00958s) (Knapsack time: 3.92495s)
Round 1 complete (GPU 86) (I/O time: 0.01020s) (Knapsack time: 4.45202s)
Round 1 complete (GPU 80) (I/O time: 0.00988s) (Knapsack time: 3.83134s)
Round 1 complete (GPU 26) (I/O time: 0.00974s) (Knapsack time: 5.04062s)
Round 1 complete (GPU 20) (I/O time: 0.00954s) (Knapsack time: 5.37232s)
Starting knapsack (investor 0 of 50) with balance 113252
Ending knapsack
Ending knapsack (final)
Round 2 complete (GPU 4) (I/O time: 0.00976s) (Knapsack time: 3.64320s)
Round 2 complete (GPU 2) (I/O time: 0.00977s) (Knapsack time: 3.79900s)
Round 2 complete (GPU 5) (I/O time: 0.00976s) (Knapsack time: 3.69294s)
Round 2 complete (GPU 1) (I/O time: 0.00976s) (Knapsack time: 4.29007s)
Round 2 complete (GPU 0) (I/O time: 0.00976s) (Knapsack time: 3.61447s)
Round 2 complete (GPU 3) (I/O time: 0.00975s) (Knapsack time: 3.69758s)
Round 2 complete (GPU 45) (I/O time: 0.00910s) (Knapsack time: 2.65439s)
Round 2 complete (GPU 91) (I/O time: 0.00996s) (Knapsack time: 3.84852s)
Round 2 complete (GPU 67) (I/O time: 0.00978s) (Knapsack time: 4.11470s)
Round 2 complete (GPU 74) (I/O time: 0.00984s) (Knapsack time: 4.25973s)
Round 2 complete (GPU 29) (I/O time: 0.00885s) (Knapsack time: 4.71071s)
Round 2 complete (GPU 23) (I/O time: 0.00876s) (Knapsack time: 4.93241s)
Round 2 complete (GPU 17) (I/O time: 0.00973s) (Knapsack time: 4.32308s)
Round 2 complete (GPU 62) (I/O time: 0.00953s) (Knapsack time: 3.73126s)
Round 2 complete (GPU 55) (I/O time: 0.00953s) (Knapsack time: 3.72996s)
Round 2 complete (GPU 44) (I/O time: 0.00907s) (Knapsack time: 2.67958s)
Round 2 complete (GPU 93) (I/O time: 0.00996s) (Knapsack time: 3.82154s)
Round 2 complete (GPU 71) (I/O time: 0.00979s) (Knapsack time: 3.73639s)
Round 2 complete (GPU 73) (I/O time: 0.00982s) (Knapsack time: 3.76160s)
Round 2 complete (GPU 49) (I/O time: 0.00917s) (Knapsack time: 4.12089s)
Round 2 complete (GPU 35) (I/O time: 0.00890s) (Knapsack time: 3.33041s)
Round 2 complete (GPU 6) (I/O time: 0.00969s) (Knapsack time: 4.13759s)
Round 2 complete (GPU 87) (I/O time: 0.00995s) (Knapsack time: 3.84033s)
Round 2 complete (GPU 36) (I/O time: 0.00902s) (Knapsack time: 2.63968s)
Round 2 complete (GPU 81) (I/O time: 0.00986s) (Knapsack time: 4.04748s)
Round 2 complete (GPU 24) (I/O time: 0.00888s) (Knapsack time: 4.75650s)
Round 2 complete (GPU 19) (I/O time: 0.00875s) (Knapsack time: 4.82871s)
Round 2 complete (GPU 16) (I/O time: 0.00973s) (Knapsack time: 3.92443s)
Round 2 complete (GPU 61) (I/O time: 0.00952s) (Knapsack time: 4.27369s)
Round 2 complete (GPU 57) (I/O time: 0.00953s) (Knapsack time: 3.87523s)
Round 2 complete (GPU 47) (I/O time: 0.00908s) (Knapsack time: 2.68573s)
Round 2 complete (GPU 95) (I/O time: 0.00996s) (Knapsack time: 3.89168s)
Round 2 complete (GPU 70) (I/O time: 0.00979s) (Knapsack time: 3.99174s)
Round 2 complete (GPU 72) (I/O time: 0.00982s) (Knapsack time: 3.72830s)
Round 2 complete (GPU 52) (I/O time: 0.00920s) (Knapsack time: 3.73632s)
Round 2 complete (GPU 31) (I/O time: 0.00890s) (Knapsack time: 3.41986s)
Round 2 complete (GPU 10) (I/O time: 0.00975s) (Knapsack time: 3.81357s)
Round 2 complete (GPU 84) (I/O time: 0.00993s) (Knapsack time: 3.72405s)
Round 2 complete (GPU 39) (I/O time: 0.00900s) (Knapsack time: 2.66334s)
Round 2 complete (GPU 83) (I/O time: 0.00985s) (Knapsack time: 3.88539s)
Round 2 complete (GPU 25) (I/O time: 0.00885s) (Knapsack time: 5.16423s)
Round 2 complete (GPU 21) (I/O time: 0.00879s) (Knapsack time: 5.01842s)
Round 2 complete (GPU 14) (I/O time: 0.00968s) (Knapsack time: 3.93658s)
Round 2 complete (GPU 60) (I/O time: 0.00964s) (Knapsack time: 3.56470s)
Round 2 complete (GPU 58) (I/O time: 0.00952s) (Knapsack time: 4.25815s)
Round 2 complete (GPU 43) (I/O time: 0.00907s) (Knapsack time: 2.64864s)
Round 2 complete (GPU 92) (I/O time: 0.00996s) (Knapsack time: 4.14998s)
Round 2 complete (GPU 69) (I/O time: 0.00978s) (Knapsack time: 3.67556s)
Round 2 complete (GPU 77) (I/O time: 0.00987s) (Knapsack time: 3.85885s)
Round 2 complete (GPU 50) (I/O time: 0.00916s) (Knapsack time: 3.72562s)
Round 2 complete (GPU 30) (I/O time: 0.00891s) (Knapsack time: 3.29367s)
Round 2 complete (GPU 9) (I/O time: 0.00973s) (Knapsack time: 3.95937s)
Round 2 complete (GPU 85) (I/O time: 0.00995s) (Knapsack time: 3.62173s)
Round 2 complete (GPU 37) (I/O time: 0.00902s) (Knapsack time: 2.66773s)
Round 2 complete (GPU 80) (I/O time: 0.00985s) (Knapsack time: 3.80664s)
Round 2 complete (GPU 27) (I/O time: 0.00888s) (Knapsack time: 4.75668s)
Round 2 complete (GPU 18) (I/O time: 0.00879s) (Knapsack time: 4.92808s)
Round 2 complete (GPU 13) (I/O time: 0.00976s) (Knapsack time: 4.17472s)
Round 2 complete (GPU 63) (I/O time: 0.00953s) (Knapsack time: 3.68838s)
Round 2 complete (GPU 56) (I/O time: 0.00953s) (Knapsack time: 3.84895s)
Round 2 complete (GPU 46) (I/O time: 0.00908s) (Knapsack time: 2.64846s)
Round 2 complete (GPU 90) (I/O time: 0.00996s) (Knapsack time: 3.85014s)
Round 2 complete (GPU 66) (I/O time: 0.00976s) (Knapsack time: 3.83557s)
Round 2 complete (GPU 76) (I/O time: 0.00985s) (Knapsack time: 3.70819s)
Round 2 complete (GPU 51) (I/O time: 0.00918s) (Knapsack time: 3.76456s)
Round 2 complete (GPU 33) (I/O time: 0.00892s) (Knapsack time: 3.18080s)
Round 2 complete (GPU 7) (I/O time: 0.00971s) (Knapsack time: 3.63616s)
Round 2 complete (GPU 86) (I/O time: 0.00995s) (Knapsack time: 3.75035s)
Round 2 complete (GPU 38) (I/O time: 0.00903s) (Knapsack time: 2.62553s)
Round 2 complete (GPU 82) (I/O time: 0.00986s) (Knapsack time: 3.67706s)
Round 2 complete (GPU 28) (I/O time: 0.00887s) (Knapsack time: 4.53534s)
Round 2 complete (GPU 22) (I/O time: 0.00880s) (Knapsack time: 4.86305s)
Round 2 complete (GPU 15) (I/O time: 0.00972s) (Knapsack time: 4.01762s)
Round 2 complete (GPU 65) (I/O time: 0.00953s) (Knapsack time: 3.66781s)
Round 2 complete (GPU 54) (I/O time: 0.00952s) (Knapsack time: 3.85394s)
Round 2 complete (GPU 42) (I/O time: 0.00912s) (Knapsack time: 2.66585s)
Round 2 complete (GPU 94) (I/O time: 0.00996s) (Knapsack time: 3.74224s)
Round 2 complete (GPU 68) (I/O time: 0.00978s) (Knapsack time: 4.37241s)
Round 2 complete (GPU 75) (I/O time: 0.00984s) (Knapsack time: 3.68803s)
Round 2 complete (GPU 48) (I/O time: 0.00912s) (Knapsack time: 3.69044s)
Round 2 complete (GPU 34) (I/O time: 0.00893s) (Knapsack time: 3.93007s)
Round 2 complete (GPU 11) (I/O time: 0.00976s) (Knapsack time: 4.15280s)
Round 2 complete (GPU 88) (I/O time: 0.00992s) (Knapsack time: 3.75111s)
Round 2 complete (GPU 41) (I/O time: 0.00901s) (Knapsack time: 2.70861s)
Round 2 complete (GPU 79) (I/O time: 0.00984s) (Knapsack time: 4.00227s)
Round 2 complete (GPU 26) (I/O time: 0.00886s) (Knapsack time: 5.00002s)
Round 2 complete (GPU 20) (I/O time: 0.00879s) (Knapsack time: 4.87517s)
Round 2 complete (GPU 64) (I/O time: 0.00953s) (Knapsack time: 3.74267s)
Round 2 complete (GPU 59) (I/O time: 0.00953s) (Knapsack time: 3.83493s)
Round 2 complete (GPU 53) (I/O time: 0.00921s) (Knapsack time: 3.62124s)
Round 2 complete (GPU 32) (I/O time: 0.00891s) (Knapsack time: 3.36211s)
Round 2 complete (GPU 8) (I/O time: 0.00972s) (Knapsack time: 4.33125s)
Round 2 complete (GPU 89) (I/O time: 0.00993s) (Knapsack time: 3.61373s)
Round 2 complete (GPU 40) (I/O time: 0.00900s) (Knapsack time: 2.69507s)
Round 2 complete (GPU 78) (I/O time: 0.00982s) (Knapsack time: 3.67562s)
Round 2 complete (GPU 12) (I/O time: 0.00975s) (Knapsack time: 4.17471s)
Starting knapsack (investor 0 of 50) with balance 127962
Ending knapsack
Ending knapsack (final)
Round 3 complete (GPU 1) (I/O time: 0.01116s) (Knapsack time: 5.02120s)
Round 3 complete (GPU 0) (I/O time: 0.01116s) (Knapsack time: 4.20603s)
Round 3 complete (GPU 2) (I/O time: 0.01116s) (Knapsack time: 4.47852s)
Round 3 complete (GPU 5) (I/O time: 0.01116s) (Knapsack time: 4.61814s)
Round 3 complete (GPU 3) (I/O time: 0.01118s) (Knapsack time: 4.33228s)
Round 3 complete (GPU 4) (I/O time: 0.01096s) (Knapsack time: 4.21742s)
Round 3 complete (GPU 55) (I/O time: 0.00967s) (Knapsack time: 4.15621s)
Round 3 complete (GPU 43) (I/O time: 0.00908s) (Knapsack time: 2.67727s)
Round 3 complete (GPU 94) (I/O time: 0.01116s) (Knapsack time: 3.82643s)
Round 3 complete (GPU 69) (I/O time: 0.01086s) (Knapsack time: 4.10202s)
Round 3 complete (GPU 31) (I/O time: 0.00913s) (Knapsack time: 3.54625s)
Round 3 complete (GPU 89) (I/O time: 0.01108s) (Knapsack time: 3.97467s)
Round 3 complete (GPU 26) (I/O time: 0.01056s) (Knapsack time: 4.90534s)
Round 3 complete (GPU 23) (I/O time: 0.01065s) (Knapsack time: 4.61381s)
Round 3 complete (GPU 17) (I/O time: 0.01086s) (Knapsack time: 4.73624s)
Round 3 complete (GPU 64) (I/O time: 0.01118s) (Knapsack time: 3.95228s)
Round 3 complete (GPU 56) (I/O time: 0.00970s) (Knapsack time: 3.92126s)
Round 3 complete (GPU 47) (I/O time: 0.00909s) (Knapsack time: 2.75379s)
Round 3 complete (GPU 93) (I/O time: 0.01116s) (Knapsack time: 4.05389s)
Round 3 complete (GPU 71) (I/O time: 0.01087s) (Knapsack time: 4.65483s)
Round 3 complete (GPU 75) (I/O time: 0.01098s) (Knapsack time: 4.08770s)
Round 3 complete (GPU 53) (I/O time: 0.00928s) (Knapsack time: 3.72740s)
Round 3 complete (GPU 35) (I/O time: 0.00995s) (Knapsack time: 3.14102s)
Round 3 complete (GPU 8) (I/O time: 0.01116s) (Knapsack time: 4.80059s)
Round 3 complete (GPU 87) (I/O time: 0.01106s) (Knapsack time: 4.09814s)
Round 3 complete (GPU 40) (I/O time: 0.00903s) (Knapsack time: 2.68604s)
Round 3 complete (GPU 78) (I/O time: 0.01103s) (Knapsack time: 3.88126s)
Round 3 complete (GPU 16) (I/O time: 0.01087s) (Knapsack time: 4.57833s)
Round 3 complete (GPU 61) (I/O time: 0.01118s) (Knapsack time: 4.58018s)
Round 3 complete (GPU 57) (I/O time: 0.00976s) (Knapsack time: 3.97668s)
Round 3 complete (GPU 44) (I/O time: 0.00910s) (Knapsack time: 2.66601s)
Round 3 complete (GPU 95) (I/O time: 0.01116s) (Knapsack time: 3.82729s)
Round 3 complete (GPU 70) (I/O time: 0.01087s) (Knapsack time: 4.16959s)
Round 3 complete (GPU 74) (I/O time: 0.01098s) (Knapsack time: 4.08806s)
Round 3 complete (GPU 51) (I/O time: 0.00928s) (Knapsack time: 3.84502s)
Round 3 complete (GPU 34) (I/O time: 0.00996s) (Knapsack time: 3.41048s)
Round 3 complete (GPU 6) (I/O time: 0.01116s) (Knapsack time: 4.63029s)
Round 3 complete (GPU 88) (I/O time: 0.01108s) (Knapsack time: 4.08469s)
Round 3 complete (GPU 37) (I/O time: 0.00995s) (Knapsack time: 2.63980s)
Round 3 complete (GPU 83) (I/O time: 0.01105s) (Knapsack time: 4.25323s)
Round 3 complete (GPU 24) (I/O time: 0.01060s) (Knapsack time: 4.61203s)
Round 3 complete (GPU 22) (I/O time: 0.01062s) (Knapsack time: 4.67411s)
Round 3 complete (GPU 14) (I/O time: 0.01062s) (Knapsack time: 4.53151s)
Round 3 complete (GPU 60) (I/O time: 0.01119s) (Knapsack time: 3.80070s)
Round 3 complete (GPU 58) (I/O time: 0.00978s) (Knapsack time: 3.73631s)
Round 3 complete (GPU 46) (I/O time: 0.00909s) (Knapsack time: 2.61735s)
Round 3 complete (GPU 91) (I/O time: 0.01114s) (Knapsack time: 4.48743s)
Round 3 complete (GPU 67) (I/O time: 0.01031s) (Knapsack time: 4.31884s)
Round 3 complete (GPU 76) (I/O time: 0.01099s) (Knapsack time: 4.55573s)
Round 3 complete (GPU 48) (I/O time: 0.00922s) (Knapsack time: 3.82171s)
Round 3 complete (GPU 33) (I/O time: 0.00994s) (Knapsack time: 3.91241s)
Round 3 complete (GPU 11) (I/O time: 0.01098s) (Knapsack time: 4.58579s)
Round 3 complete (GPU 84) (I/O time: 0.01103s) (Knapsack time: 4.09846s)
Round 3 complete (GPU 36) (I/O time: 0.00994s) (Knapsack time: 2.55802s)
Round 3 complete (GPU 79) (I/O time: 0.01104s) (Knapsack time: 3.85333s)
Round 3 complete (GPU 25) (I/O time: 0.01061s) (Knapsack time: 5.23323s)
Round 3 complete (GPU 19) (I/O time: 0.01118s) (Knapsack time: 4.59574s)
Round 3 complete (GPU 13) (I/O time: 0.01087s) (Knapsack time: 4.58839s)
Round 3 complete (GPU 63) (I/O time: 0.01119s) (Knapsack time: 3.93540s)
Round 3 complete (GPU 59) (I/O time: 0.01086s) (Knapsack time: 3.85561s)
Round 3 complete (GPU 42) (I/O time: 0.00909s) (Knapsack time: 2.68412s)
Round 3 complete (GPU 92) (I/O time: 0.01115s) (Knapsack time: 4.05422s)
Round 3 complete (GPU 68) (I/O time: 0.01085s) (Knapsack time: 4.40768s)
Round 3 complete (GPU 73) (I/O time: 0.01099s) (Knapsack time: 4.17414s)
Round 3 complete (GPU 49) (I/O time: 0.00927s) (Knapsack time: 4.01184s)
Round 3 complete (GPU 30) (I/O time: 0.01066s) (Knapsack time: 3.30536s)
Round 3 complete (GPU 10) (I/O time: 0.01098s) (Knapsack time: 4.38345s)
Round 3 complete (GPU 86) (I/O time: 0.01105s) (Knapsack time: 4.11398s)
Round 3 complete (GPU 38) (I/O time: 0.00998s) (Knapsack time: 2.53781s)
Round 3 complete (GPU 80) (I/O time: 0.01105s) (Knapsack time: 3.76250s)
Round 3 complete (GPU 27) (I/O time: 0.01067s) (Knapsack time: 4.57623s)
Round 3 complete (GPU 21) (I/O time: 0.01116s) (Knapsack time: 4.73841s)
Round 3 complete (GPU 15) (I/O time: 0.01086s) (Knapsack time: 4.35985s)
Round 3 complete (GPU 65) (I/O time: 0.01119s) (Knapsack time: 3.92290s)
Round 3 complete (GPU 54) (I/O time: 0.00966s) (Knapsack time: 4.01879s)
Round 3 complete (GPU 45) (I/O time: 0.00910s) (Knapsack time: 2.66672s)
Round 3 complete (GPU 90) (I/O time: 0.01114s) (Knapsack time: 4.04129s)
Round 3 complete (GPU 66) (I/O time: 0.01086s) (Knapsack time: 4.31875s)
Round 3 complete (GPU 72) (I/O time: 0.01099s) (Knapsack time: 3.94447s)
Round 3 complete (GPU 52) (I/O time: 0.00929s) (Knapsack time: 3.82493s)
Round 3 complete (GPU 32) (I/O time: 0.00997s) (Knapsack time: 3.94191s)
Round 3 complete (GPU 9) (I/O time: 0.01094s) (Knapsack time: 4.34733s)
Round 3 complete (GPU 85) (I/O time: 0.01104s) (Knapsack time: 4.04899s)
Round 3 complete (GPU 41) (I/O time: 0.00905s) (Knapsack time: 2.99958s)
Round 3 complete (GPU 82) (I/O time: 0.01107s) (Knapsack time: 3.84980s)
Round 3 complete (GPU 28) (I/O time: 0.01063s) (Knapsack time: 4.49562s)
Round 3 complete (GPU 18) (I/O time: 0.01118s) (Knapsack time: 4.65933s)
Round 3 complete (GPU 7) (I/O time: 0.01117s) (Knapsack time: 4.27415s)
Round 3 complete (GPU 39) (I/O time: 0.00999s) (Knapsack time: 2.70782s)
Round 3 complete (GPU 81) (I/O time: 0.01106s) (Knapsack time: 4.44533s)
Round 3 complete (GPU 29) (I/O time: 0.01065s) (Knapsack time: 4.58650s)
Round 3 complete (GPU 20) (I/O time: 0.01063s) (Knapsack time: 4.89055s)
Round 3 complete (GPU 12) (I/O time: 0.01116s) (Knapsack time: 4.67342s)
Round 3 complete (GPU 62) (I/O time: 0.01119s) (Knapsack time: 3.94141s)
Round 3 complete (GPU 77) (I/O time: 0.01099s) (Knapsack time: 4.13778s)
Round 3 complete (GPU 50) (I/O time: 0.00928s) (Knapsack time: 3.81912s)
Starting knapsack (investor 0 of 50) with balance 144503
Ending knapsack
Ending knapsack (final)
Round 4 complete (GPU 3) (I/O time: 0.01080s) (Knapsack time: 4.57987s)
Round 4 complete (GPU 5) (I/O time: 0.01080s) (Knapsack time: 4.69555s)
Round 4 complete (GPU 65) (I/O time: 0.01081s) (Knapsack time: 4.50733s)
Round 4 complete (GPU 45) (I/O time: 0.01037s) (Knapsack time: 2.71124s)
Round 4 complete (GPU 49) (I/O time: 0.01097s) (Knapsack time: 3.98055s)
Round 4 complete (GPU 84) (I/O time: 0.01088s) (Knapsack time: 4.49833s)
Round 4 complete (GPU 29) (I/O time: 0.01096s) (Knapsack time: 4.86262s)
Round 4 complete (GPU 12) (I/O time: 0.01013s) (Knapsack time: 4.87511s)
Round 4 complete (GPU 64) (I/O time: 0.01077s) (Knapsack time: 4.15614s)
Round 4 complete (GPU 43) (I/O time: 0.01095s) (Knapsack time: 2.72794s)
Round 4 complete (GPU 68) (I/O time: 0.01026s) (Knapsack time: 4.80938s)
Round 4 complete (GPU 73) (I/O time: 0.01100s) (Knapsack time: 4.80998s)
Round 4 complete (GPU 51) (I/O time: 0.01012s) (Knapsack time: 4.00016s)
Round 4 complete (GPU 11) (I/O time: 0.01079s) (Knapsack time: 4.61790s)
Round 4 complete (GPU 86) (I/O time: 0.01088s) (Knapsack time: 4.51211s)
Round 4 complete (GPU 36) (I/O time: 0.01091s) (Knapsack time: 2.58255s)
Round 4 complete (GPU 80) (I/O time: 0.01076s) (Knapsack time: 3.99862s)
Round 4 complete (GPU 28) (I/O time: 0.01096s) (Knapsack time: 4.65176s)
Round 4 complete (GPU 23) (I/O time: 0.01074s) (Knapsack time: 5.01783s)
Round 4 complete (GPU 14) (I/O time: 0.01004s) (Knapsack time: 4.68512s)
Round 4 complete (GPU 93) (I/O time: 0.01094s) (Knapsack time: 4.51516s)
Round 4 complete (GPU 71) (I/O time: 0.01098s) (Knapsack time: 4.60426s)
Round 4 complete (GPU 75) (I/O time: 0.01100s) (Knapsack time: 4.74174s)
Round 4 complete (GPU 52) (I/O time: 0.01096s) (Knapsack time: 4.00437s)
Round 4 complete (GPU 31) (I/O time: 0.00933s) (Knapsack time: 3.71314s)
Round 4 complete (GPU 38) (I/O time: 0.01089s) (Knapsack time: 2.55630s)
Round 4 complete (GPU 82) (I/O time: 0.01077s) (Knapsack time: 4.33648s)
Round 4 complete (GPU 25) (I/O time: 0.01096s) (Knapsack time: 5.17782s)
Round 4 complete (GPU 18) (I/O time: 0.01071s) (Knapsack time: 5.01759s)
Round 4 complete (GPU 4) (I/O time: 0.01080s) (Knapsack time: 4.80166s)
Round 4 complete (GPU 2) (I/O time: 0.01080s) (Knapsack time: 4.69114s)
Round 4 complete (GPU 1) (I/O time: 0.01078s) (Knapsack time: 4.85365s)
Round 4 complete (GPU 0) (I/O time: 0.01013s) (Knapsack time: 5.05217s)
Round 4 complete (GPU 15) (I/O time: 0.01009s) (Knapsack time: 4.71510s)
Round 4 complete (GPU 56) (I/O time: 0.01079s) (Knapsack time: 4.24161s)
Round 4 complete (GPU 95) (I/O time: 0.01094s) (Knapsack time: 4.66804s)
Round 4 complete (GPU 70) (I/O time: 0.01098s) (Knapsack time: 4.62184s)
Round 4 complete (GPU 72) (I/O time: 0.01100s) (Knapsack time: 4.76299s)
Round 4 complete (GPU 48) (I/O time: 0.01097s) (Knapsack time: 3.98026s)
Round 4 complete (GPU 34) (I/O time: 0.00964s) (Knapsack time: 3.14452s)
Round 4 complete (GPU 10) (I/O time: 0.01009s) (Knapsack time: 4.72316s)
Round 4 complete (GPU 85) (I/O time: 0.01089s) (Knapsack time: 4.51226s)
Round 4 complete (GPU 41) (I/O time: 0.01089s) (Knapsack time: 2.60850s)
Round 4 complete (GPU 78) (I/O time: 0.01075s) (Knapsack time: 4.33670s)
Round 4 complete (GPU 24) (I/O time: 0.01095s) (Knapsack time: 4.86916s)
Round 4 complete (GPU 20) (I/O time: 0.01073s) (Knapsack time: 5.04962s)
Round 4 complete (GPU 17) (I/O time: 0.01013s) (Knapsack time: 5.40528s)
Round 4 complete (GPU 60) (I/O time: 0.01080s) (Knapsack time: 4.02925s)
Round 4 complete (GPU 54) (I/O time: 0.01074s) (Knapsack time: 4.20042s)
Round 4 complete (GPU 44) (I/O time: 0.01096s) (Knapsack time: 2.93701s)
Round 4 complete (GPU 94) (I/O time: 0.01093s) (Knapsack time: 4.52293s)
Round 4 complete (GPU 67) (I/O time: 0.01078s) (Knapsack time: 5.21361s)
Round 4 complete (GPU 76) (I/O time: 0.01044s) (Knapsack time: 4.70270s)
Round 4 complete (GPU 53) (I/O time: 0.01097s) (Knapsack time: 3.98644s)
Round 4 complete (GPU 30) (I/O time: 0.00932s) (Knapsack time: 3.24398s)
Round 4 complete (GPU 6) (I/O time: 0.01078s) (Knapsack time: 4.67054s)
Round 4 complete (GPU 87) (I/O time: 0.01089s) (Knapsack time: 4.50708s)
Round 4 complete (GPU 37) (I/O time: 0.01091s) (Knapsack time: 2.56963s)
Round 4 complete (GPU 26) (I/O time: 0.01096s) (Knapsack time: 5.07518s)
Round 4 complete (GPU 22) (I/O time: 0.01073s) (Knapsack time: 4.97939s)
Round 4 complete (GPU 16) (I/O time: 0.01011s) (Knapsack time: 4.68778s)
Round 4 complete (GPU 61) (I/O time: 0.01082s) (Knapsack time: 4.32526s)
Round 4 complete (GPU 55) (I/O time: 0.01076s) (Knapsack time: 3.91418s)
Round 4 complete (GPU 46) (I/O time: 0.01097s) (Knapsack time: 2.74451s)
Round 4 complete (GPU 92) (I/O time: 0.01094s) (Knapsack time: 4.42801s)
Round 4 complete (GPU 66) (I/O time: 0.01078s) (Knapsack time: 4.65804s)
Round 4 complete (GPU 77) (I/O time: 0.01083s) (Knapsack time: 4.79338s)
Round 4 complete (GPU 50) (I/O time: 0.01008s) (Knapsack time: 3.96579s)
Round 4 complete (GPU 35) (I/O time: 0.00933s) (Knapsack time: 3.82049s)
Round 4 complete (GPU 7) (I/O time: 0.01080s) (Knapsack time: 4.51103s)
Round 4 complete (GPU 89) (I/O time: 0.01092s) (Knapsack time: 4.46632s)
Round 4 complete (GPU 40) (I/O time: 0.01090s) (Knapsack time: 2.63586s)
Round 4 complete (GPU 81) (I/O time: 0.01076s) (Knapsack time: 4.64089s)
Round 4 complete (GPU 27) (I/O time: 0.01096s) (Knapsack time: 4.87708s)
Round 4 complete (GPU 19) (I/O time: 0.01073s) (Knapsack time: 4.99291s)
Round 4 complete (GPU 33) (I/O time: 0.00963s) (Knapsack time: 3.43424s)
Round 4 complete (GPU 8) (I/O time: 0.01079s) (Knapsack time: 4.94318s)
Round 4 complete (GPU 88) (I/O time: 0.01091s) (Knapsack time: 4.50803s)
Round 4 complete (GPU 39) (I/O time: 0.01091s) (Knapsack time: 2.57821s)
Round 4 complete (GPU 83) (I/O time: 0.01073s) (Knapsack time: 4.56372s)
Round 4 complete (GPU 21) (I/O time: 0.01072s) (Knapsack time: 5.04642s)
Round 4 complete (GPU 13) (I/O time: 0.01011s) (Knapsack time: 4.69059s)
Round 4 complete (GPU 63) (I/O time: 0.01081s) (Knapsack time: 4.15681s)
Round 4 complete (GPU 58) (I/O time: 0.01079s) (Knapsack time: 4.11894s)
Round 4 complete (GPU 42) (I/O time: 0.01097s) (Knapsack time: 2.73633s)
Round 4 complete (GPU 90) (I/O time: 0.01092s) (Knapsack time: 4.53749s)
Round 4 complete (GPU 69) (I/O time: 0.01097s) (Knapsack time: 4.47945s)
Round 4 complete (GPU 74) (I/O time: 0.01100s) (Knapsack time: 4.76742s)
Round 4 complete (GPU 62) (I/O time: 0.01078s) (Knapsack time: 4.15714s)
Round 4 complete (GPU 59) (I/O time: 0.01014s) (Knapsack time: 4.11777s)
Round 4 complete (GPU 47) (I/O time: 0.01037s) (Knapsack time: 2.80422s)
Round 4 complete (GPU 91) (I/O time: 0.01094s) (Knapsack time: 4.53859s)
Round 4 complete (GPU 32) (I/O time: 0.00964s) (Knapsack time: 3.56865s)
Round 4 complete (GPU 9) (I/O time: 0.01015s) (Knapsack time: 5.01885s)
Round 4 complete (GPU 79) (I/O time: 0.01078s) (Knapsack time: 4.71602s)
Round 4 complete (GPU 57) (I/O time: 0.01075s) (Knapsack time: 4.51272s)
Starting knapsack (investor 0 of 50) with balance 162144
Ending knapsack
Ending knapsack (final)
Round 5 complete (GPU 1) (I/O time: 0.01003s) (Knapsack time: 5.36010s)
Round 5 complete (GPU 3) (I/O time: 0.01022s) (Knapsack time: 5.36733s)
Round 5 complete (GPU 5) (I/O time: 0.01004s) (Knapsack time: 5.33474s)
Round 5 complete (GPU 2) (I/O time: 0.01021s) (Knapsack time: 5.45211s)
Round 5 complete (GPU 0) (I/O time: 0.00929s) (Knapsack time: 5.80260s)
Round 5 complete (GPU 4) (I/O time: 0.01022s) (Knapsack time: 5.38460s)
Round 5 complete (GPU 13) (I/O time: 0.01004s) (Knapsack time: 5.41302s)
Round 5 complete (GPU 61) (I/O time: 0.00987s) (Knapsack time: 4.13627s)
Round 5 complete (GPU 55) (I/O time: 0.00981s) (Knapsack time: 4.10829s)
Round 5 complete (GPU 47) (I/O time: 0.00947s) (Knapsack time: 2.76903s)
Round 5 complete (GPU 91) (I/O time: 0.01014s) (Knapsack time: 4.63861s)
Round 5 complete (GPU 69) (I/O time: 0.01007s) (Knapsack time: 4.64183s)
Round 5 complete (GPU 74) (I/O time: 0.01015s) (Knapsack time: 5.15905s)
Round 5 complete (GPU 50) (I/O time: 0.00976s) (Knapsack time: 4.23973s)
Round 5 complete (GPU 35) (I/O time: 0.00942s) (Knapsack time: 3.56567s)
Round 5 complete (GPU 9) (I/O time: 0.01022s) (Knapsack time: 5.43631s)
Round 5 complete (GPU 39) (I/O time: 0.00945s) (Knapsack time: 2.70989s)
Round 5 complete (GPU 27) (I/O time: 0.00941s) (Knapsack time: 4.71546s)
Round 5 complete (GPU 21) (I/O time: 0.00924s) (Knapsack time: 4.98570s)
Round 5 complete (GPU 15) (I/O time: 0.01021s) (Knapsack time: 4.98714s)
Round 5 complete (GPU 62) (I/O time: 0.00984s) (Knapsack time: 4.32359s)
Round 5 complete (GPU 57) (I/O time: 0.00986s) (Knapsack time: 4.75229s)
Round 5 complete (GPU 45) (I/O time: 0.00949s) (Knapsack time: 2.75083s)
Round 5 complete (GPU 95) (I/O time: 0.01021s) (Knapsack time: 5.23223s)
Round 5 complete (GPU 71) (I/O time: 0.01008s) (Knapsack time: 4.88406s)
Round 5 complete (GPU 73) (I/O time: 0.01016s) (Knapsack time: 5.16000s)
Round 5 complete (GPU 52) (I/O time: 0.00983s) (Knapsack time: 4.15666s)
Round 5 complete (GPU 31) (I/O time: 0.00946s) (Knapsack time: 3.44488s)
Round 5 complete (GPU 7) (I/O time: 0.01014s) (Knapsack time: 5.24448s)
Round 5 complete (GPU 88) (I/O time: 0.01021s) (Knapsack time: 4.72848s)
Round 5 complete (GPU 37) (I/O time: 0.00947s) (Knapsack time: 2.67362s)
Round 5 complete (GPU 83) (I/O time: 0.01020s) (Knapsack time: 4.59999s)
Round 5 complete (GPU 29) (I/O time: 0.00941s) (Knapsack time: 4.74941s)
Round 5 complete (GPU 19) (I/O time: 0.00930s) (Knapsack time: 4.82803s)
Round 5 complete (GPU 17) (I/O time: 0.00933s) (Knapsack time: 5.96721s)
Round 5 complete (GPU 65) (I/O time: 0.01003s) (Knapsack time: 5.10292s)
Round 5 complete (GPU 56) (I/O time: 0.00985s) (Knapsack time: 4.16976s)
Round 5 complete (GPU 43) (I/O time: 0.00946s) (Knapsack time: 2.70831s)
Round 5 complete (GPU 93) (I/O time: 0.01021s) (Knapsack time: 4.58105s)
Round 5 complete (GPU 66) (I/O time: 0.01008s) (Knapsack time: 4.85628s)
Round 5 complete (GPU 75) (I/O time: 0.01016s) (Knapsack time: 5.15912s)
Round 5 complete (GPU 53) (I/O time: 0.00984s) (Knapsack time: 4.21203s)
Round 5 complete (GPU 34) (I/O time: 0.00943s) (Knapsack time: 3.25733s)
Round 5 complete (GPU 11) (I/O time: 0.00944s) (Knapsack time: 5.26307s)
Round 5 complete (GPU 86) (I/O time: 0.01020s) (Knapsack time: 4.76415s)
Round 5 complete (GPU 40) (I/O time: 0.00947s) (Knapsack time: 2.73069s)
Round 5 complete (GPU 78) (I/O time: 0.01016s) (Knapsack time: 4.46351s)
Round 5 complete (GPU 24) (I/O time: 0.00944s) (Knapsack time: 4.82022s)
Round 5 complete (GPU 23) (I/O time: 0.00926s) (Knapsack time: 4.83643s)
Round 5 complete (GPU 16) (I/O time: 0.01021s) (Knapsack time: 5.45433s)
Round 5 complete (GPU 60) (I/O time: 0.00989s) (Knapsack time: 4.23481s)
Round 5 complete (GPU 58) (I/O time: 0.00983s) (Knapsack time: 4.24838s)
Round 5 complete (GPU 44) (I/O time: 0.00949s) (Knapsack time: 2.64132s)
Round 5 complete (GPU 90) (I/O time: 0.01022s) (Knapsack time: 4.58902s)
Round 5 complete (GPU 68) (I/O time: 0.01009s) (Knapsack time: 4.83875s)
Round 5 complete (GPU 77) (I/O time: 0.01016s) (Knapsack time: 5.15761s)
Round 5 complete (GPU 51) (I/O time: 0.00981s) (Knapsack time: 4.23547s)
Round 5 complete (GPU 33) (I/O time: 0.00941s) (Knapsack time: 3.47044s)
Round 5 complete (GPU 10) (I/O time: 0.01022s) (Knapsack time: 5.32130s)
Round 5 complete (GPU 84) (I/O time: 0.01022s) (Knapsack time: 4.76479s)
Round 5 complete (GPU 38) (I/O time: 0.00947s) (Knapsack time: 2.62091s)
Round 5 complete (GPU 81) (I/O time: 0.01017s) (Knapsack time: 5.12763s)
Round 5 complete (GPU 25) (I/O time: 0.00940s) (Knapsack time: 4.93905s)
Round 5 complete (GPU 18) (I/O time: 0.00927s) (Knapsack time: 4.86326s)
End loop
Round 5 complete (GPU 14) (I/O time: 0.00932s) (Knapsack time: 5.78351s)
Round 5 complete (GPU 64) (I/O time: 0.00998s) (Knapsack time: 4.38513s)
Round 5 complete (GPU 54) (I/O time: 0.00983s) (Knapsack time: 4.12782s)
Round 5 complete (GPU 42) (I/O time: 0.00946s) (Knapsack time: 2.72454s)
Round 5 complete (GPU 94) (I/O time: 0.01021s) (Knapsack time: 4.65150s)
Round 5 complete (GPU 70) (I/O time: 0.01004s) (Knapsack time: 4.85113s)
Round 5 complete (GPU 76) (I/O time: 0.01015s) (Knapsack time: 5.12719s)
Round 5 complete (GPU 48) (I/O time: 0.00957s) (Knapsack time: 4.17237s)
Round 5 complete (GPU 30) (I/O time: 0.00947s) (Knapsack time: 3.17648s)
Round 5 complete (GPU 6) (I/O time: 0.01014s) (Knapsack time: 5.38461s)
Round 5 complete (GPU 85) (I/O time: 0.01019s) (Knapsack time: 4.72785s)
Round 5 complete (GPU 41) (I/O time: 0.00949s) (Knapsack time: 2.78772s)
Round 5 complete (GPU 80) (I/O time: 0.01018s) (Knapsack time: 4.28289s)
Round 5 complete (GPU 28) (I/O time: 0.00939s) (Knapsack time: 4.72865s)
Round 5 complete (GPU 22) (I/O time: 0.00925s) (Knapsack time: 4.83108s)
Round 5 complete (GPU 12) (I/O time: 0.01022s) (Knapsack time: 5.03825s)
Round 5 complete (GPU 63) (I/O time: 0.00993s) (Knapsack time: 4.40549s)
Round 5 complete (GPU 59) (I/O time: 0.00988s) (Knapsack time: 4.20574s)
Round 5 complete (GPU 46) (I/O time: 0.00948s) (Knapsack time: 2.76206s)
Round 5 complete (GPU 92) (I/O time: 0.01021s) (Knapsack time: 4.64628s)
Round 5 complete (GPU 67) (I/O time: 0.01005s) (Knapsack time: 4.93446s)
Round 5 complete (GPU 72) (I/O time: 0.01015s) (Knapsack time: 5.09390s)
Round 5 complete (GPU 49) (I/O time: 0.00973s) (Knapsack time: 4.13965s)
Round 5 complete (GPU 32) (I/O time: 0.00949s) (Knapsack time: 3.57348s)
Round 5 complete (GPU 8) (I/O time: 0.01014s) (Knapsack time: 5.44215s)
Round 5 complete (GPU 87) (I/O time: 0.01021s) (Knapsack time: 4.65797s)
Round 5 complete (GPU 36) (I/O time: 0.00943s) (Knapsack time: 2.69202s)
Round 5 complete (GPU 79) (I/O time: 0.01018s) (Knapsack time: 4.67481s)
Round 5 complete (GPU 26) (I/O time: 0.00940s) (Knapsack time: 5.11576s)
Round 5 complete (GPU 20) (I/O time: 0.00933s) (Knapsack time: 5.04073s)
Round 5 complete (GPU 89) (I/O time: 0.01021s) (Knapsack time: 4.76392s)
Round 5 complete (GPU 82) (I/O time: 0.01018s) (Knapsack time: 4.55532s)
