16 10 1 100000 0.1156
16 10 1 100000 0.1078
16 10 1 100000 0.1039
16 10 1 100000 0.1022
16 10 1 100000 0.1028
16 10 1 100000 0.0999
16 10 1 100000 0.1028
16 10 1 85000 0.09143
16 10 1 85000 0.08858
16 10 1 85000 0.09172
16 10 1 85000 0.08833
16 10 1 85000 0.08991
16 10 1 75000 0.08303
16 10 1 75000 0.08362
16 10 1 75000 0.08569
16 10 1 75000 0.08412
16 10 1 75000 0.08012
16 10 1 75000 0.0799
16 10 1 50000 0.06094
16 10 1 50000 0.06145
16 10 1 50000 0.06095
16 10 1 50000 0.06017
16 10 1 50000 0.06231
16 10 1 50000 0.05974
16 10 1 50000 0.05791
16 10 1 35000 0.04207
16 10 1 35000 0.04343
16 10 1 35000 0.0429
16 10 1 35000 0.04388
16 10 1 35000 0.04165
16 10 1 35000 0.04304
16 10 1 25000 0.02717
16 10 1 25000 0.02833
16 10 1 25000 0.02889
16 10 1 25000 0.0289
16 10 1 25000 0.02681
16 10 1 25000 0.0284
16 10 1 15000 0.01805
16 10 1 15000 0.01835
16 10 1 15000 0.01801
16 10 1 15000 0.01755
16 10 1 15000 0.01772
16 10 1 15000 0.01724
16 10 1 15000 0.01776
16 10 1 10000 0.0135
16 10 1 10000 0.01309
16 10 1 10000 0.01287
16 10 1 10000 0.01276
16 10 1 10000 0.01268
16 10 1 10000 0.01207
16 10 2 113570 0.1172
16 10 2 111974 0.1071
16 10 2 108244 0.1123
16 10 2 106449 0.1059
16 10 2 102945 0.1095
16 10 2 100702 0.1048
16 10 2 94569 0.09803
16 10 2 93484 0.09603
16 10 2 91434 0.09526
16 10 2 89883 0.09365
16 10 2 85061 0.091
16 10 2 83969 0.09042
16 10 2 82315 0.08558
16 10 2 81933 0.08664
16 10 2 79802 0.08694
16 10 2 78477 0.08508
16 10 2 76116 0.08337
16 10 2 74592 0.08236
16 10 2 53381 0.06437
16 10 2 53360 0.06547
16 10 2 53200 0.06501
16 10 2 52921 0.06226
16 10 2 52060 0.06409
16 10 2 50947 0.0621
16 10 2 46844 0.05869
16 10 2 36662 0.04596
16 10 2 36617 0.04141
16 10 2 36585 0.04185
16 10 2 36190 0.04348
16 10 2 35612 0.04272
16 10 2 35005 0.04107
16 10 2 25848 0.02967
16 10 2 25838 0.02716
16 10 2 25829 0.02783
16 10 2 25781 0.02742
16 10 2 25370 0.02953
16 10 2 25134 0.02928
16 10 2 24355 0.02804
16 10 2 15300 0.01728
16 10 2 15294 0.01879
16 10 2 15283 0.0171
16 10 2 15151 0.01824
16 10 2 14904 0.01827
16 10 2 14736 0.01807
16 10 2 10132 0.01306
16 10 2 10129 0.01246
16 10 2 10091 0.01289
16 10 2 10036 0.013
16 10 2 9945 0.0129
16 10 2 9865 0.01242
16 10 3 126963 0.1926
16 10 3 118699 0.1345
16 10 3 118561 0.113
16 10 3 109251 0.1125
16 10 3 108023 0.1091
16 10 3 103662 0.1061
16 10 3 100035 0.1042
16 10 3 97433 0.1026
16 10 3 96958 0.1014
16 10 3 91437 0.09816
16 10 3 90024 0.09273
16 10 3 88475 0.09442
16 10 3 85908 0.09227
16 10 3 85614 0.09195
16 10 3 82815 0.08672
16 10 3 82746 0.0897
16 10 3 79258 0.08772
16 10 3 76458 0.08423
16 10 3 56891 0.06605
16 10 3 56656 0.06664
16 10 3 56184 0.06376
16 10 3 54901 0.06723
16 10 3 52241 0.06525
16 10 3 50812 0.06386
16 10 3 48426 0.06065
16 10 3 38220 0.04314
16 10 3 37821 0.04638
16 10 3 36940 0.04411
16 10 3 36089 0.04593
16 10 3 35107 0.04449
16 10 3 33676 0.04105
16 10 3 26694 0.03103
16 10 3 26572 0.03056
16 10 3 26147 0.03017
16 10 3 25681 0.03085
16 10 3 25556 0.02997
16 10 3 24747 0.02958
16 10 3 15604 0.01853
16 10 3 15600 0.01955
16 10 3 15578 0.01785
16 10 3 15506 0.01831
16 10 3 15307 0.01665
16 10 3 15000 0.01698
16 10 3 14696 0.01912
16 10 3 10265 0.01342
16 10 3 10260 0.01277
16 10 3 10206 0.01285
16 10 3 10086 0.01384
16 10 3 10015 0.01285
16 10 3 9982 0.0135
16 10 4 143037 0.1903
16 10 4 129376 0.1771
16 10 4 122538 0.1225
16 10 4 120903 0.1209
16 10 4 114339 0.1197
16 10 4 111423 0.1092
16 10 4 111183 0.1186
16 10 4 103094 0.1285
16 10 4 101065 0.1312
16 10 4 98311 0.105
16 10 4 98009 0.104
16 10 4 93327 0.09481
16 10 4 90517 0.09353
16 10 4 89852 0.09828
16 10 4 85685 0.09326
16 10 4 85683 0.09236
16 10 4 81987 0.08946
16 10 4 78398 0.08431
16 10 4 60301 0.0702
16 10 4 60043 0.07117
16 10 4 59144 0.07261
16 10 4 56917 0.06979
16 10 4 55210 0.06774
16 10 4 52171 0.06327
16 10 4 46339 0.0582
16 10 4 39953 0.0485
16 10 4 39206 0.04901
16 10 4 38265 0.04557
16 10 4 36879 0.04579
16 10 4 36607 0.04453
16 10 4 35505 0.04432
16 10 4 27575 0.03066
16 10 4 27407 0.02854
16 10 4 26527 0.03173
16 10 4 26398 0.03152
16 10 4 25555 0.03091
16 10 4 25294 0.02934
16 10 4 15917 0.02026
16 10 4 15897 0.01885
16 10 4 15872 0.01826
16 10 4 15762 0.01975
16 10 4 15334 0.01898
16 10 4 15213 0.01924
16 10 4 14905 0.01874
16 10 4 10397 0.01311
16 10 4 10392 0.01306
16 10 4 10266 0.01329
16 10 4 10203 0.01398
16 10 4 10041 0.01314
16 10 4 9966 0.01323
16 10 5 159690 0.1833
16 10 5 142036 0.1853
16 10 5 127839 0.1614
16 10 5 127744 0.1698
16 10 5 120524 0.1184
16 10 5 115832 0.1128
16 10 5 110708 0.1095
16 10 5 108877 0.1096
16 10 5 106029 0.1029
16 10 5 103983 0.1053
16 10 5 97423 0.09601
16 10 5 95664 0.09832
16 10 5 90445 0.09394
16 10 5 88731 0.09156
16 10 5 84996 0.09068
16 10 5 82664 0.08837
16 10 5 81090 0.0874
16 10 5 74334 0.08106
16 10 5 71821 0.07954
16 10 5 63120 0.06972
16 10 5 61894 0.0701
16 10 5 56360 0.06642
16 10 5 54921 0.06552
16 10 5 49099 0.05775
16 10 5 47285 0.05745
16 10 5 41308 0.04676
16 10 5 39509 0.0468
16 10 5 37701 0.04446
16 10 5 37365 0.04641
16 10 5 36123 0.04313
16 10 5 32413 0.03715
16 10 5 28472 0.02993
16 10 5 28152 0.0298
16 10 5 27663 0.02868
16 10 5 26166 0.02923
16 10 5 25755 0.02889
16 10 5 24831 0.02907
16 10 5 16203 0.01798
16 10 5 16171 0.01836
16 10 5 16092 0.01805
16 10 5 15650 0.01868
16 10 5 15313 0.0184
16 10 5 15029 0.01819
16 10 5 14740 0.01829
16 10 5 10529 0.01243
16 10 5 10468 0.01331
16 10 5 10351 0.01237
16 10 5 10215 0.01328
16 10 5 10169 0.0131
16 10 5 9874 0.01296
