16 15 1 100000 0.1342
16 15 1 100000 0.1218
16 15 1 100000 0.1044
16 15 1 100000 0.1047
16 15 1 100000 0.1087
16 15 1 100000 0.1069
16 15 1 100000 0.1075
16 15 1 85000 0.09408
16 15 1 85000 0.0955
16 15 1 85000 0.09754
16 15 1 85000 0.09457
16 15 1 85000 0.09902
16 15 1 75000 0.08761
16 15 1 75000 0.08472
16 15 1 75000 0.08528
16 15 1 75000 0.0875
16 15 1 75000 0.0869
16 15 1 75000 0.08726
16 15 1 75000 0.08728
16 15 1 50000 0.06323
16 15 1 50000 0.06168
16 15 1 50000 0.06137
16 15 1 50000 0.06358
16 15 1 50000 0.06379
16 15 1 50000 0.06229
16 15 1 35000 0.04455
16 15 1 35000 0.04383
16 15 1 35000 0.04532
16 15 1 35000 0.0442
16 15 1 35000 0.04371
16 15 1 35000 0.04348
16 15 1 35000 0.04417
16 15 1 25000 0.02969
16 15 1 25000 0.03084
16 15 1 25000 0.02924
16 15 1 25000 0.02996
16 15 1 25000 0.02958
16 15 1 25000 0.02984
16 15 1 15000 0.01754
16 15 1 15000 0.01835
16 15 1 15000 0.01824
16 15 1 15000 0.0189
16 15 1 15000 0.01859
16 15 1 10000 0.0128
16 15 1 10000 0.01335
16 15 1 10000 0.01283
16 15 1 10000 0.01313
16 15 1 10000 0.0124
16 15 1 10000 0.01241
16 15 1 10000 0.01344
16 15 2 113570 0.1221
16 15 2 110943 0.1104
16 15 2 110943 0.1076
16 15 2 107210 0.1159
16 15 2 106811 0.1139
16 15 2 98366 0.1068
16 15 2 94749 0.1046
16 15 2 93688 0.1016
16 15 2 92796 0.1015
16 15 2 91205 0.1005
16 15 2 86982 0.0963
16 15 2 86713 0.09428
16 15 2 82593 0.09327
16 15 2 81449 0.09205
16 15 2 81113 0.09111
16 15 2 79976 0.09196
16 15 2 77868 0.08847
16 15 2 77158 0.08818
16 15 2 73013 0.08493
16 15 2 53335 0.06697
16 15 2 53236 0.06632
16 15 2 52643 0.06595
16 15 2 52418 0.06598
16 15 2 49821 0.06218
16 15 2 49649 0.06227
16 15 2 48174 0.05985
16 15 2 36646 0.0462
16 15 2 36639 0.0459
16 15 2 36149 0.04567
16 15 2 34428 0.0428
16 15 2 33687 0.04213
16 15 2 25848 0.02965
16 15 2 25844 0.0293
16 15 2 25836 0.03041
16 15 2 25822 0.03043
16 15 2 25390 0.02897
16 15 2 24629 0.02859
16 15 2 15305 0.01799
16 15 2 15304 0.01864
16 15 2 15302 0.01893
16 15 2 15300 0.01851
16 15 2 15282 0.01906
16 15 2 15124 0.01869
16 15 2 14948 0.01837
16 15 2 10135 0.01313
16 15 2 10131 0.01331
16 15 2 10114 0.01292
16 15 2 10080 0.01345
16 15 2 10014 0.01328
16 15 2 9935 0.01255
16 15 3 125903 0.1856
16 15 3 119493 0.1233
16 15 3 114360 0.1168
16 15 3 114360 0.116
16 15 3 104255 0.1047
16 15 3 103080 0.108
16 15 3 98425 0.1063
16 15 3 96684 0.104
16 15 3 96684 0.1045
16 15 3 94231 0.1021
16 15 3 90862 0.1003
16 15 3 90150 0.09755
16 15 3 86113 0.09508
16 15 3 84156 0.09499
16 15 3 83838 0.09248
16 15 3 80406 0.08823
16 15 3 77578 0.08781
16 15 3 77539 0.0847
16 15 3 74907 0.08099
16 15 3 56833 0.07154
16 15 3 55279 0.0668
16 15 3 54684 0.06753
16 15 3 53796 0.06627
16 15 3 51842 0.06462
16 15 3 50522 0.06188
16 15 3 38372 0.04718
16 15 3 38183 0.04744
16 15 3 37285 0.046
16 15 3 36554 0.04436
16 15 3 35452 0.04353
16 15 3 34859 0.04264
16 15 3 32890 0.03891
16 15 3 26693 0.03158
16 15 3 26240 0.0293
16 15 3 25908 0.02962
16 15 3 25501 0.02948
16 15 3 25160 0.02943
16 15 3 23655 0.02802
16 15 3 15605 0.01866
16 15 3 15505 0.01932
16 15 3 15377 0.01934
16 15 3 15232 0.01777
16 15 3 15172 0.01835
16 15 3 14797 0.01806
16 15 3 10266 0.0139
16 15 3 10226 0.01378
16 15 3 10198 0.01268
16 15 3 10121 0.01282
16 15 3 10048 0.01324
16 15 3 9996 0.013
16 15 4 140959 0.1881
16 15 4 129373 0.1855
16 15 4 128016 0.1857
16 15 4 116944 0.1205
16 15 4 112690 0.1194
16 15 4 106167 0.1096
16 15 4 106167 0.1122
16 15 4 103556 0.1095
16 15 4 101245 0.108
16 15 4 98265 0.1058
16 15 4 98161 0.1057
16 15 4 92274 0.09912
16 15 4 92274 0.09806
16 15 4 89962 0.09797
16 15 4 89029 0.09752
16 15 4 83801 0.09531
16 15 4 83658 0.09448
16 15 4 80479 0.08575
16 15 4 78363 0.08845
16 15 4 59110 0.07219
16 15 4 58384 0.07092
16 15 4 57433 0.06934
16 15 4 57026 0.06937
16 15 4 54309 0.06785
16 15 4 52498 0.06618
16 15 4 39399 0.04998
16 15 4 38598 0.04668
16 15 4 38392 0.04727
16 15 4 37829 0.04674
16 15 4 36648 0.04582
16 15 4 34754 0.04384
16 15 4 34437 0.04133
16 15 4 27239 0.03109
16 15 4 26165 0.03035
16 15 4 25701 0.03055
16 15 4 25463 0.03028
16 15 4 25267 0.02941
16 15 4 15927 0.01931
16 15 4 15825 0.01965
16 15 4 15792 0.01898
16 15 4 15581 0.01878
16 15 4 15481 0.01951
16 15 4 15317 0.01838
16 15 4 15028 0.01858
16 15 4 10406 0.01397
16 15 4 10363 0.01379
16 15 4 10341 0.01367
16 15 4 10260 0.01455
16 15 4 10207 0.01312
16 15 4 10130 0.0138
16 15 5 158988 0.2008
16 15 5 140349 0.1984
16 15 5 134667 0.1932
16 15 5 127884 0.1911
16 15 5 122195 0.125
16 15 5 121581 0.1256
16 15 5 110571 0.1179
16 15 5 108291 0.113
16 15 5 106461 0.1134
16 15 5 103766 0.1121
16 15 5 99027 0.1077
16 15 5 97190 0.1061
16 15 5 95068 0.1025
16 15 5 92739 0.101
16 15 5 92464 0.1019
16 15 5 91477 0.09936
16 15 5 90501 0.09787
16 15 5 82483 0.09287
16 15 5 79238 0.08717
16 15 5 62368 0.07495
16 15 5 61935 0.07334
16 15 5 60229 0.07186
16 15 5 58312 0.07021
16 15 5 57449 0.07017
16 15 5 48652 0.06037
16 15 5 48127 0.05824
16 15 5 39776 0.04825
16 15 5 39076 0.04825
16 15 5 38378 0.04866
16 15 5 37915 0.04732
16 15 5 33909 0.04245
16 15 5 32751 0.03858
16 15 5 27051 0.03283
16 15 5 26649 0.03099
16 15 5 26229 0.03182
16 15 5 25859 0.03063
16 15 5 25242 0.03024
16 15 5 16147 0.02026
16 15 5 16131 0.02025
16 15 5 15908 0.01961
16 15 5 15855 0.01955
16 15 5 15623 0.01919
16 15 5 15411 0.02023
16 15 5 15010 0.01846
16 15 5 10540 0.01384
16 15 5 10478 0.01423
16 15 5 10438 0.01497
16 15 5 10365 0.01442
16 15 5 10295 0.01432
16 15 5 10207 0.01379
