16 3 1 100000 0.1801
16 3 1 100000 0.1727
16 3 1 100000 0.1596
16 3 1 100000 0.1462
16 3 1 100000 0.1479
16 3 1 100000 0.1515
16 3 1 85000 0.1331
16 3 1 85000 0.1327
16 3 1 85000 0.1476
16 3 1 85000 0.1462
16 3 1 85000 0.1387
16 3 1 85000 0.1153
16 3 1 85000 0.1156
16 3 1 75000 0.1052
16 3 1 75000 0.1058
16 3 1 75000 0.1063
16 3 1 75000 0.1055
16 3 1 75000 0.1051
16 3 1 75000 0.1061
16 3 1 50000 0.08204
16 3 1 50000 0.08346
16 3 1 50000 0.08399
16 3 1 50000 0.08142
16 3 1 50000 0.08403
16 3 1 50000 0.08471
16 3 1 35000 0.06243
16 3 1 35000 0.06053
16 3 1 35000 0.06158
16 3 1 35000 0.06109
16 3 1 35000 0.06184
16 3 1 35000 0.06114
16 3 1 35000 0.06228
16 3 1 25000 0.04583
16 3 1 25000 0.04646
16 3 1 25000 0.046
16 3 1 25000 0.04597
16 3 1 25000 0.04623
16 3 1 25000 0.04547
16 3 1 15000 0.02787
16 3 1 15000 0.0279
16 3 1 15000 0.02759
16 3 1 15000 0.02831
16 3 1 15000 0.02789
16 3 1 15000 0.02811
16 3 1 10000 0.01952
16 3 1 10000 0.01945
16 3 1 10000 0.019
16 3 1 10000 0.0193
16 3 1 10000 0.01941
16 3 1 10000 0.01891
16 3 2 112496 0.1407
16 3 2 112496 0.1405
16 3 2 102884 0.1316
16 3 2 101014 0.1295
16 3 2 99191 0.1289
16 3 2 97701 0.1363
16 3 2 92533 0.1301
16 3 2 87390 0.1127
16 3 2 86518 0.1174
16 3 2 83738 0.1141
16 3 2 82551 0.1127
16 3 2 80585 0.1117
16 3 2 79713 0.1098
16 3 2 79257 0.11
16 3 2 78379 0.1085
16 3 2 77460 0.1074
16 3 2 75438 0.1075
16 3 2 74740 0.1057
16 3 2 69370 0.1012
16 3 2 53392 0.08731
16 3 2 53059 0.08731
16 3 2 52016 0.08563
16 3 2 51141 0.08434
16 3 2 50616 0.0839
16 3 2 46785 0.07932
16 3 2 36662 0.06738
16 3 2 36662 0.07161
16 3 2 36545 0.07124
16 3 2 35962 0.07017
16 3 2 35283 0.06879
16 3 2 34825 0.06924
16 3 2 33775 0.06443
16 3 2 25737 0.05037
16 3 2 25586 0.0511
16 3 2 25188 0.04998
16 3 2 24821 0.04995
16 3 2 24303 0.04868
16 3 2 24156 0.04875
16 3 2 15295 0.03065
16 3 2 15267 0.03091
16 3 2 15033 0.03062
16 3 2 14999 0.03056
16 3 2 14967 0.0304
16 3 2 14791 0.0297
16 3 2 10127 0.02105
16 3 2 10096 0.02144
16 3 2 10032 0.02092
16 3 2 9989 0.02071
16 3 2 9911 0.02109
16 3 2 9873 0.02044
16 3 3 120140 0.1883
16 3 3 116463 0.1838
16 3 3 110165 0.1766
16 3 3 105153 0.1704
16 3 3 97294 0.1596
16 3 3 96562 0.1605
16 3 3 93455 0.1528
16 3 3 89227 0.1511
16 3 3 88563 0.1565
16 3 3 86106 0.1347
16 3 3 84985 0.1272
16 3 3 82883 0.124
16 3 3 82883 0.126
16 3 3 79573 0.1183
16 3 3 78156 0.113
16 3 3 77925 0.1122
16 3 3 75142 0.1095
16 3 3 74597 0.1101
16 3 3 71286 0.1149
16 3 3 54487 0.09138
16 3 3 53942 0.08981
16 3 3 52528 0.08722
16 3 3 52169 0.08969
16 3 3 48297 0.08325
16 3 3 46948 0.08169
16 3 3 38385 0.06953
16 3 3 37938 0.06617
16 3 3 36684 0.06491
16 3 3 36314 0.06484
16 3 3 34952 0.06373
16 3 3 34073 0.05977
16 3 3 33458 0.0589
16 3 3 26203 0.04755
16 3 3 25447 0.04686
16 3 3 25053 0.05038
16 3 3 24921 0.04967
16 3 3 24682 0.05007
16 3 3 15613 0.03126
16 3 3 15581 0.03188
16 3 3 15254 0.03109
16 3 3 15161 0.03074
16 3 3 15098 0.03049
16 3 3 15032 0.03055
16 3 3 14859 0.02992
16 3 3 10188 0.02121
16 3 3 10175 0.02086
16 3 3 10127 0.02093
16 3 3 10060 0.02123
16 3 3 9961 0.02054
16 3 3 9885 0.02057
16 3 4 127315 0.299
16 3 4 119424 0.1467
16 3 4 113830 0.1428
16 3 4 109338 0.1389
16 3 4 105435 0.1355
16 3 4 97029 0.1294
16 3 4 94425 0.1259
16 3 4 93417 0.1319
16 3 4 90501 0.1194
16 3 4 87758 0.1167
16 3 4 85211 0.1162
16 3 4 84830 0.1156
16 3 4 82962 0.1135
16 3 4 82079 0.1063
16 3 4 81207 0.1123
16 3 4 78888 0.1106
16 3 4 78394 0.1101
16 3 4 73874 0.1062
16 3 4 73131 0.1057
16 3 4 57053 0.0921
16 3 4 54437 0.08964
16 3 4 52227 0.08707
16 3 4 49718 0.0809
16 3 4 48860 0.08207
16 3 4 46234 0.07736
16 3 4 39326 0.0677
16 3 4 38907 0.06583
16 3 4 38180 0.06596
16 3 4 36633 0.06451
16 3 4 35073 0.06171
16 3 4 33083 0.05859
16 3 4 32420 0.05643
16 3 4 26587 0.04762
16 3 4 25860 0.04778
16 3 4 25659 0.04792
16 3 4 25114 0.0473
16 3 4 24539 0.0477
16 3 4 15924 0.0306
16 3 4 15891 0.03059
16 3 4 15421 0.03042
16 3 4 15307 0.0297
16 3 4 15077 0.02926
16 3 4 14892 0.02921
16 3 4 14811 0.02869
16 3 4 10313 0.02192
16 3 4 10223 0.02023
16 3 4 10113 0.02014
16 3 4 10000 0.01938
16 3 4 9978 0.02011
16 3 4 9901 0.02004
16 3 5 134586 0.2697
16 3 5 119890 0.1481
16 3 5 117080 0.1447
16 3 5 109822 0.1373
16 3 5 103381 0.1325
16 3 5 100043 0.1297
16 3 5 96627 0.1266
16 3 5 92590 0.1216
16 3 5 89448 0.1199
16 3 5 89328 0.1196
16 3 5 87041 0.1177
16 3 5 86099 0.1158
16 3 5 84225 0.114
16 3 5 83826 0.1151
16 3 5 80985 0.1119
16 3 5 80316 0.1101
16 3 5 79231 0.1058
16 3 5 75847 0.1078
16 3 5 71038 0.1032
16 3 5 57649 0.0916
16 3 5 56570 0.0907
16 3 5 53304 0.08605
16 3 5 51052 0.08422
16 3 5 49268 0.08277
16 3 5 47280 0.08004
16 3 5 41076 0.07067
16 3 5 39055 0.06631
16 3 5 37294 0.06546
16 3 5 36650 0.06286
16 3 5 35595 0.06308
16 3 5 33206 0.05922
16 3 5 32826 0.05705
16 3 5 26310 0.04753
16 3 5 25603 0.04734
16 3 5 25324 0.04679
16 3 5 24990 0.04695
16 3 5 24454 0.04708
16 3 5 16164 0.0309
16 3 5 15895 0.03138
16 3 5 15545 0.03027
16 3 5 15361 0.03037
16 3 5 15206 0.02952
16 3 5 15031 0.02896
16 3 5 14687 0.02851
16 3 5 10312 0.0214
16 3 5 10229 0.02038
16 3 5 10112 0.02011
16 3 5 10052 0.02014
16 3 5 9960 0.01955
16 3 5 9919 0.01944
