8 7 1 100000 0.1142
8 7 1 100000 0.1071
8 7 1 100000 0.1071
8 7 1 100000 0.1076
8 7 1 100000 0.107
8 7 1 100000 0.1064
8 7 1 100000 0.108
8 7 1 100000 0.1072
8 7 1 100000 0.1048
8 7 1 100000 0.105
8 7 1 100000 0.105
8 7 1 100000 0.1031
8 7 1 85000 0.09361
8 7 1 85000 0.0943
8 7 1 85000 0.09406
8 7 1 85000 0.09486
8 7 1 85000 0.0943
8 7 1 85000 0.09452
8 7 1 85000 0.09295
8 7 1 85000 0.09456
8 7 1 85000 0.09458
8 7 1 85000 0.09453
8 7 1 85000 0.09425
8 7 1 85000 0.09352
8 7 1 85000 0.09425
8 7 1 75000 0.08648
8 7 1 75000 0.08529
8 7 1 75000 0.08556
8 7 1 75000 0.08425
8 7 1 75000 0.08301
8 7 1 75000 0.08548
8 7 1 75000 0.08539
8 7 1 75000 0.08574
8 7 1 75000 0.08662
8 7 1 75000 0.086
8 7 1 75000 0.08323
8 7 1 75000 0.08435
8 7 1 75000 0.08454
8 7 1 50000 0.06373
8 7 1 50000 0.06149
8 7 1 50000 0.06129
8 7 1 50000 0.06354
8 7 1 50000 0.063
8 7 1 50000 0.06103
8 7 1 50000 0.05995
8 7 1 50000 0.06188
8 7 1 50000 0.0632
8 7 1 50000 0.06151
8 7 1 50000 0.06393
8 7 1 50000 0.06013
8 7 1 35000 0.04464
8 7 1 35000 0.04514
8 7 1 35000 0.04366
8 7 1 35000 0.04383
8 7 1 35000 0.04539
8 7 1 35000 0.04479
8 7 1 35000 0.04435
8 7 1 35000 0.04374
8 7 1 35000 0.04331
8 7 1 35000 0.04177
8 7 1 35000 0.04348
8 7 1 35000 0.04368
8 7 1 25000 0.02988
8 7 1 25000 0.02835
8 7 1 25000 0.02801
8 7 1 25000 0.02922
8 7 1 25000 0.03001
8 7 1 25000 0.02915
8 7 1 25000 0.02802
8 7 1 25000 0.02821
8 7 1 25000 0.02802
8 7 1 25000 0.02641
8 7 1 25000 0.02964
8 7 1 25000 0.02879
8 7 1 25000 0.02933
8 7 1 15000 0.01747
8 7 1 15000 0.01707
8 7 1 15000 0.01795
8 7 1 15000 0.01772
8 7 1 15000 0.01809
8 7 1 15000 0.01766
8 7 1 15000 0.01805
8 7 1 15000 0.01826
8 7 1 15000 0.0185
8 7 1 15000 0.0178
8 7 1 15000 0.01846
8 7 1 15000 0.01807
8 7 1 10000 0.01271
8 7 1 10000 0.01298
8 7 1 10000 0.01315
8 7 1 10000 0.01316
8 7 1 10000 0.01272
8 7 1 10000 0.01339
8 7 1 10000 0.01332
8 7 1 10000 0.01255
8 7 1 10000 0.01296
8 7 1 10000 0.01286
8 7 1 10000 0.01303
8 7 1 10000 0.01277
8 7 1 10000 0.01327
8 7 2 113426 0.1178
8 7 2 113390 0.1184
8 7 2 113324 0.1153
8 7 2 111580 0.1152
8 7 2 111407 0.1133
8 7 2 108074 0.1141
8 7 2 108061 0.1131
8 7 2 107285 0.1106
8 7 2 105451 0.1119
8 7 2 104403 0.1135
8 7 2 103733 0.1092
8 7 2 101678 0.1058
8 7 2 94753 0.1001
8 7 2 94740 0.1016
8 7 2 94474 0.102
8 7 2 94273 0.1019
8 7 2 92181 0.1001
8 7 2 91313 0.09816
8 7 2 90403 0.09819
8 7 2 88266 0.09612
8 7 2 86337 0.09254
8 7 2 82964 0.0917
8 7 2 82609 0.09258
8 7 2 82560 0.0921
8 7 2 82525 0.09131
8 7 2 82009 0.09134
8 7 2 81673 0.09255
8 7 2 80901 0.08909
8 7 2 80242 0.09009
8 7 2 79526 0.08742
8 7 2 78120 0.08773
8 7 2 77359 0.08666
8 7 2 76947 0.08632
8 7 2 75742 0.08501
8 7 2 74963 0.08574
8 7 2 74325 0.085
8 7 2 73074 0.08214
8 7 2 53392 0.06703
8 7 2 53385 0.06772
8 7 2 53372 0.06624
8 7 2 53360 0.06538
8 7 2 53354 0.0666
8 7 2 53338 0.06617
8 7 2 53055 0.06204
8 7 2 52863 0.06349
8 7 2 52769 0.06452
8 7 2 52606 0.06688
8 7 2 52054 0.06282
8 7 2 50981 0.06259
8 7 2 49739 0.06194
8 7 2 36662 0.04645
8 7 2 36662 0.04628
8 7 2 36662 0.04616
8 7 2 36657 0.04565
8 7 2 36640 0.04626
8 7 2 36633 0.0446
8 7 2 36509 0.04605
8 7 2 36388 0.04585
8 7 2 36058 0.04525
8 7 2 35612 0.04229
8 7 2 35018 0.04326
8 7 2 34490 0.04351
8 7 2 33700 0.03955
8 7 2 25848 0.02847
8 7 2 25838 0.02972
8 7 2 25833 0.02944
8 7 2 25828 0.02886
8 7 2 25813 0.03029
8 7 2 25794 0.03031
8 7 2 25483 0.02988
8 7 2 25255 0.02883
8 7 2 25144 0.02872
8 7 2 25004 0.02884
8 7 2 24691 0.02852
8 7 2 24223 0.0266
8 7 2 15304 0.01857
8 7 2 15303 0.01915
8 7 2 15303 0.01919
8 7 2 15302 0.01882
8 7 2 15298 0.01839
8 7 2 15292 0.01874
8 7 2 15173 0.01786
8 7 2 15081 0.01838
8 7 2 15032 0.01783
8 7 2 14997 0.01838
8 7 2 14880 0.01848
8 7 2 14809 0.01798
8 7 2 14732 0.01769
8 7 2 10134 0.01355
8 7 2 10133 0.0131
8 7 2 10133 0.01326
8 7 2 10133 0.01321
8 7 2 10129 0.01278
8 7 2 10128 0.01269
8 7 2 10124 0.01314
8 7 2 10107 0.013
8 7 2 10104 0.01304
8 7 2 10049 0.01278
8 7 2 10017 0.01291
8 7 2 9912 0.01349
8 7 3 123542 0.1848
8 7 3 122595 0.1244
8 7 3 121246 0.1213
8 7 3 119381 0.1223
8 7 3 118459 0.1235
8 7 3 118179 0.1223
8 7 3 117055 0.1115
8 7 3 115463 0.1181
8 7 3 115324 0.1196
8 7 3 110631 0.1182
8 7 3 105821 0.1112
8 7 3 104985 0.1093
8 7 3 102976 0.1099
8 7 3 99883 0.1079
8 7 3 98865 0.1061
8 7 3 96764 0.1054
8 7 3 95970 0.1025
8 7 3 95842 0.1039
8 7 3 92066 0.09927
8 7 3 90941 0.09996
8 7 3 90514 0.09804
8 7 3 90114 0.09868
8 7 3 89191 0.09766
8 7 3 88933 0.09593
8 7 3 88151 0.09888
8 7 3 85889 0.09435
8 7 3 85356 0.09354
8 7 3 84861 0.09394
8 7 3 83089 0.09107
8 7 3 82773 0.09279
8 7 3 81196 0.09018
8 7 3 80736 0.09046
8 7 3 80628 0.08817
8 7 3 79946 0.08796
8 7 3 78183 0.08741
8 7 3 76683 0.08508
8 7 3 74390 0.08413
8 7 3 56987 0.06913
8 7 3 56979 0.07022
8 7 3 56944 0.06997
8 7 3 56422 0.06845
8 7 3 56103 0.06935
8 7 3 55938 0.06926
8 7 3 54758 0.06768
8 7 3 54115 0.06645
8 7 3 53693 0.0674
8 7 3 53576 0.06721
8 7 3 53108 0.06538
8 7 3 50931 0.06415
8 7 3 50266 0.06134
8 7 3 38373 0.04687
8 7 3 38364 0.04644
8 7 3 38342 0.04556
8 7 3 38329 0.04646
8 7 3 38045 0.0459
8 7 3 37551 0.0462
8 7 3 37431 0.04801
8 7 3 37298 0.04767
8 7 3 36626 0.04724
8 7 3 36574 0.04635
8 7 3 36011 0.04524
8 7 3 35868 0.04518
8 7 3 34984 0.0438
8 7 3 26707 0.03049
8 7 3 26674 0.02999
8 7 3 26274 0.03066
8 7 3 26220 0.0306
8 7 3 25941 0.02967
8 7 3 25841 0.02893
8 7 3 25725 0.0312
8 7 3 25645 0.02823
8 7 3 25444 0.02911
8 7 3 25142 0.0298
8 7 3 24780 0.02838
8 7 3 24212 0.02732
8 7 3 15612 0.01947
8 7 3 15609 0.01909
8 7 3 15608 0.01905
8 7 3 15480 0.01846
8 7 3 15461 0.01875
8 7 3 15320 0.01842
8 7 3 15222 0.01779
8 7 3 15184 0.01829
8 7 3 15149 0.0188
8 7 3 15102 0.01834
8 7 3 15067 0.01836
8 7 3 15029 0.01867
8 7 3 15026 0.01847
8 7 3 10270 0.01378
8 7 3 10265 0.01414
8 7 3 10257 0.01404
8 7 3 10242 0.01334
8 7 3 10210 0.01338
8 7 3 10178 0.01362
8 7 3 10168 0.01348
8 7 3 10144 0.0134
8 7 3 10141 0.01328
8 7 3 10125 0.01287
8 7 3 10044 0.01344
8 7 3 10012 0.01314
8 7 4 133687 0.1906
8 7 4 133676 0.1918
8 7 4 133033 0.1921
8 7 4 129959 0.1841
8 7 4 128503 0.1846
8 7 4 128163 0.1913
8 7 4 127500 0.1864
8 7 4 123018 0.1834
8 7 4 119231 0.1148
8 7 4 118371 0.1216
8 7 4 115183 0.1194
8 7 4 113174 0.1158
8 7 4 107185 0.1127
8 7 4 106845 0.1125
8 7 4 105687 0.1103
8 7 4 103730 0.1111
8 7 4 102880 0.1107
8 7 4 100759 0.1104
8 7 4 100084 0.1079
8 7 4 99483 0.1064
8 7 4 98454 0.1061
8 7 4 96713 0.1048
8 7 4 96339 0.1046
8 7 4 94898 0.1038
8 7 4 93101 0.1037
8 7 4 92763 0.1022
8 7 4 91770 0.1012
8 7 4 90434 0.09884
8 7 4 89666 0.09578
8 7 4 88949 0.09863
8 7 4 88170 0.09657
8 7 4 87721 0.09624
8 7 4 86056 0.09477
8 7 4 85661 0.09591
8 7 4 81957 0.09341
8 7 4 81078 0.09196
8 7 4 75015 0.08575
8 7 4 60853 0.07723
8 7 4 60813 0.07328
8 7 4 60706 0.07553
8 7 4 59272 0.0715
8 7 4 58451 0.07313
8 7 4 58076 0.07084
8 7 4 57787 0.07064
8 7 4 56711 0.06975
8 7 4 56340 0.07113
8 7 4 55125 0.06885
8 7 4 54243 0.06669
8 7 4 53592 0.06698
8 7 4 50849 0.06349
8 7 4 40171 0.05016
8 7 4 40132 0.04944
8 7 4 39833 0.04861
8 7 4 39253 0.04948
8 7 4 38685 0.04884
8 7 4 38044 0.04792
8 7 4 38017 0.04616
8 7 4 37839 0.04552
8 7 4 37693 0.04588
8 7 4 37067 0.04563
8 7 4 36943 0.04463
8 7 4 36611 0.04646
8 7 4 27594 0.03251
8 7 4 27564 0.03299
8 7 4 27167 0.03105
8 7 4 27056 0.03056
8 7 4 26813 0.03176
8 7 4 26705 0.03106
8 7 4 26595 0.02939
8 7 4 26521 0.03055
8 7 4 26273 0.03023
8 7 4 26262 0.03027
8 7 4 25990 0.03088
8 7 4 25602 0.03048
8 7 4 25031 0.02897
8 7 4 15930 0.01974
8 7 4 15924 0.01935
8 7 4 15779 0.01906
8 7 4 15763 0.01967
8 7 4 15645 0.01895
8 7 4 15499 0.01906
8 7 4 15470 0.01969
8 7 4 15387 0.02005
8 7 4 15369 0.01911
8 7 4 15340 0.01903
8 7 4 15327 0.01821
8 7 4 14987 0.0183
8 7 4 14784 0.01835
8 7 4 10406 0.01445
8 7 4 10397 0.01411
8 7 4 10383 0.01401
8 7 4 10348 0.01354
8 7 4 10312 0.01413
8 7 4 10305 0.01398
8 7 4 10264 0.01481
8 7 4 10248 0.01451
8 7 4 10197 0.01359
8 7 4 10176 0.01313
8 7 4 10142 0.01326
8 7 4 10044 0.01282
8 7 5 147600 0.2012
8 7 5 145774 0.2
8 7 5 143517 0.2
8 7 5 140992 0.2003
8 7 5 140708 0.1947
8 7 5 137273 0.1979
8 7 5 136533 0.2005
8 7 5 134153 0.1925
8 7 5 132619 0.1886
8 7 5 121854 0.1242
8 7 5 119515 0.1242
8 7 5 116535 0.1213
8 7 5 115183 0.1193
8 7 5 114557 0.118
8 7 5 114146 0.119
8 7 5 111769 0.1155
8 7 5 110514 0.1181
8 7 5 107655 0.1154
8 7 5 105821 0.1109
8 7 5 105189 0.1128
8 7 5 103726 0.1068
8 7 5 103263 0.1042
8 7 5 102309 0.1106
8 7 5 101006 0.1092
8 7 5 99910 0.107
8 7 5 98674 0.1061
8 7 5 96345 0.104
8 7 5 96001 0.1045
8 7 5 94801 0.1043
8 7 5 94548 0.102
8 7 5 91670 0.09814
8 7 5 91071 0.09453
8 7 5 90264 0.09904
8 7 5 88219 0.09569
8 7 5 87585 0.09662
8 7 5 82908 0.09303
8 7 5 78267 0.08868
8 7 5 64354 0.07775
8 7 5 63774 0.07712
8 7 5 63561 0.07801
8 7 5 61532 0.07681
8 7 5 61124 0.0739
8 7 5 59742 0.07371
8 7 5 59184 0.07309
8 7 5 58637 0.07265
8 7 5 57155 0.07056
8 7 5 55645 0.07119
8 7 5 54157 0.06851
8 7 5 53454 0.06876
8 7 5 50905 0.06328
8 7 5 42021 0.05292
8 7 5 41707 0.0511
8 7 5 40451 0.0509
8 7 5 40316 0.05135
8 7 5 39817 0.04952
8 7 5 39523 0.04959
8 7 5 39437 0.04941
8 7 5 38952 0.04842
8 7 5 38780 0.04883
8 7 5 37645 0.04705
8 7 5 36645 0.04686
8 7 5 36550 0.04536
8 7 5 28486 0.03301
8 7 5 28482 0.03267
8 7 5 28044 0.03183
8 7 5 27551 0.03102
8 7 5 27471 0.03285
8 7 5 27325 0.03143
8 7 5 27155 0.03012
8 7 5 27127 0.03178
8 7 5 26842 0.03057
8 7 5 26686 0.0312
8 7 5 26207 0.02984
8 7 5 25973 0.03061
8 7 5 25778 0.02979
8 7 5 16253 0.01987
8 7 5 16249 0.02049
8 7 5 16029 0.01961
8 7 5 15961 0.01966
8 7 5 15843 0.0202
8 7 5 15690 0.02044
8 7 5 15678 0.01986
8 7 5 15639 0.01936
8 7 5 15629 0.01918
8 7 5 15576 0.01869
8 7 5 15409 0.02015
8 7 5 15083 0.01893
8 7 5 14989 0.0193
8 7 5 10495 0.01432
8 7 5 10489 0.01462
8 7 5 10473 0.01455
8 7 5 10418 0.0142
8 7 5 10372 0.01422
8 7 5 10361 0.01387
8 7 5 10280 0.01413
8 7 5 10266 0.01502
8 7 5 10194 0.01408
8 7 5 10168 0.01314
8 7 5 10137 0.01365
8 7 5 10061 0.01365
