16 7 1 100000 0.07567
16 7 1 100000 0.07734
16 7 1 100000 0.07498
16 7 1 100000 0.07327
16 7 1 100000 0.07267
16 7 1 100000 0.07216
16 7 1 85000 0.06293
16 7 1 85000 0.06265
16 7 1 85000 0.06289
16 7 1 85000 0.06326
16 7 1 85000 0.06283
16 7 1 85000 0.06298
16 7 1 85000 0.06281
16 7 1 75000 0.05367
16 7 1 75000 0.0539
16 7 1 75000 0.05334
16 7 1 75000 0.05347
16 7 1 75000 0.05383
16 7 1 75000 0.05373
16 7 1 50000 0.03153
16 7 1 50000 0.03147
16 7 1 50000 0.0317
16 7 1 50000 0.03165
16 7 1 50000 0.03197
16 7 1 50000 0.03178
16 7 1 35000 0.02112
16 7 1 35000 0.02085
16 7 1 35000 0.02123
16 7 1 35000 0.02111
16 7 1 35000 0.02105
16 7 1 35000 0.02088
16 7 1 35000 0.02107
16 7 1 25000 0.009935
16 7 1 25000 0.009905
16 7 1 25000 0.0101
16 7 1 25000 0.01008
16 7 1 25000 0.01006
16 7 1 25000 0.009986
16 7 1 15000 0.006557
16 7 1 15000 0.00656
16 7 1 15000 0.006602
16 7 1 15000 0.00655
16 7 1 15000 0.006596
16 7 1 15000 0.006573
16 7 1 10000 0.005101
16 7 1 10000 0.005184
16 7 1 10000 0.005238
16 7 1 10000 0.005211
16 7 1 10000 0.00516
16 7 1 10000 0.005187
16 7 2 100000 0.07564
16 7 2 100000 0.07639
16 7 2 100000 0.07445
16 7 2 100000 0.07396
16 7 2 100000 0.07344
16 7 2 100000 0.07396
16 7 2 85000 0.06346
16 7 2 85000 0.06359
16 7 2 85000 0.06293
16 7 2 85000 0.06326
16 7 2 85000 0.06305
16 7 2 85000 0.0638
16 7 2 85000 0.06558
16 7 2 75000 0.05383
16 7 2 75000 0.05389
16 7 2 75000 0.05416
16 7 2 75000 0.05422
16 7 2 75000 0.05408
16 7 2 75000 0.05407
16 7 2 50000 0.03175
16 7 2 50000 0.03154
16 7 2 50000 0.03185
16 7 2 50000 0.03186
16 7 2 50000 0.03153
16 7 2 50000 0.03169
16 7 2 35000 0.02101
16 7 2 35000 0.02094
16 7 2 35000 0.02121
16 7 2 35000 0.02104
16 7 2 35000 0.02112
16 7 2 35000 0.02108
16 7 2 35000 0.02123
16 7 2 25000 0.009984
16 7 2 25000 0.01005
16 7 2 25000 0.01003
16 7 2 25000 0.01002
16 7 2 25000 0.009953
16 7 2 25000 0.01009
16 7 2 15000 0.006505
16 7 2 15000 0.006579
16 7 2 15000 0.006569
16 7 2 15000 0.006554
16 7 2 15000 0.006575
16 7 2 15000 0.006551
16 7 2 10000 0.005221
16 7 2 10000 0.005196
16 7 2 10000 0.005212
16 7 2 10000 0.005265
16 7 2 10000 0.005106
16 7 2 10000 0.005193
16 7 3 100000 0.07367
16 7 3 100000 0.073
16 7 3 100000 0.07282
16 7 3 100000 0.07301
16 7 3 100000 0.07377
16 7 3 100000 0.07315
16 7 3 85000 0.06377
16 7 3 85000 0.06313
16 7 3 85000 0.06373
16 7 3 85000 0.06326
16 7 3 85000 0.06344
16 7 3 85000 0.06321
16 7 3 85000 0.06298
16 7 3 75000 0.0539
16 7 3 75000 0.05454
16 7 3 75000 0.05406
16 7 3 75000 0.05323
16 7 3 75000 0.05305
16 7 3 75000 0.05391
16 7 3 50000 0.03182
16 7 3 50000 0.03181
16 7 3 50000 0.03146
16 7 3 50000 0.03131
16 7 3 50000 0.03192
16 7 3 50000 0.03174
16 7 3 35000 0.02099
16 7 3 35000 0.0211
16 7 3 35000 0.021
16 7 3 35000 0.02082
16 7 3 35000 0.02088
16 7 3 35000 0.02092
16 7 3 35000 0.02098
16 7 3 25000 0.01013
16 7 3 25000 0.01009
16 7 3 25000 0.01
16 7 3 25000 0.01013
16 7 3 25000 0.01006
16 7 3 25000 0.00999
16 7 3 15000 0.006501
16 7 3 15000 0.006573
16 7 3 15000 0.006551
16 7 3 15000 0.006649
16 7 3 15000 0.006565
16 7 3 15000 0.006533
16 7 3 10000 0.005221
16 7 3 10000 0.005169
16 7 3 10000 0.005213
16 7 3 10000 0.005057
16 7 3 10000 0.005248
16 7 3 10000 0.005096
16 7 4 100000 0.07296
16 7 4 100000 0.0737
16 7 4 100000 0.07299
16 7 4 100000 0.07256
16 7 4 100000 0.07357
16 7 4 100000 0.07338
16 7 4 85000 0.06303
16 7 4 85000 0.0633
16 7 4 85000 0.06356
16 7 4 85000 0.0633
16 7 4 85000 0.06372
16 7 4 85000 0.06385
16 7 4 85000 0.06369
16 7 4 75000 0.05399
16 7 4 75000 0.05443
16 7 4 75000 0.05382
16 7 4 75000 0.05362
16 7 4 75000 0.0538
16 7 4 75000 0.05343
16 7 4 50000 0.03168
16 7 4 50000 0.03162
16 7 4 50000 0.03153
16 7 4 50000 0.0318
16 7 4 50000 0.03194
16 7 4 50000 0.03168
16 7 4 35000 0.02115
16 7 4 35000 0.02116
16 7 4 35000 0.02124
16 7 4 35000 0.02097
16 7 4 35000 0.02103
16 7 4 35000 0.02114
16 7 4 35000 0.02103
16 7 4 25000 0.0101
16 7 4 25000 0.009948
16 7 4 25000 0.0101
16 7 4 25000 0.01009
16 7 4 25000 0.01004
16 7 4 25000 0.01015
16 7 4 15000 0.006573
16 7 4 15000 0.006545
16 7 4 15000 0.006613
16 7 4 15000 0.006591
16 7 4 15000 0.006477
16 7 4 15000 0.006606
16 7 4 10000 0.005222
16 7 4 10000 0.005179
16 7 4 10000 0.005198
16 7 4 10000 0.005212
16 7 4 10000 0.005117
16 7 4 10000 0.00523
16 7 5 100000 0.07372
16 7 5 100000 0.07318
16 7 5 100000 0.07286
16 7 5 100000 0.07335
16 7 5 100000 0.07297
16 7 5 100000 0.07333
16 7 5 85000 0.06346
16 7 5 85000 0.06334
16 7 5 85000 0.0639
16 7 5 85000 0.0632
16 7 5 85000 0.06338
16 7 5 85000 0.0631
16 7 5 85000 0.06344
16 7 5 75000 0.05417
16 7 5 75000 0.05346
16 7 5 75000 0.05421
16 7 5 75000 0.0542
16 7 5 75000 0.05352
16 7 5 75000 0.05393
16 7 5 50000 0.03211
16 7 5 50000 0.03206
16 7 5 50000 0.03193
16 7 5 50000 0.03168
16 7 5 50000 0.03161
16 7 5 50000 0.03169
16 7 5 35000 0.02098
16 7 5 35000 0.02123
16 7 5 35000 0.02088
16 7 5 35000 0.02112
16 7 5 35000 0.02126
16 7 5 35000 0.02103
16 7 5 35000 0.02102
16 7 5 25000 0.009989
16 7 5 25000 0.01014
16 7 5 25000 0.01014
16 7 5 25000 0.01007
16 7 5 25000 0.009997
16 7 5 25000 0.0102
16 7 5 15000 0.006581
16 7 5 15000 0.006475
16 7 5 15000 0.006538
16 7 5 15000 0.00649
16 7 5 15000 0.006554
16 7 5 15000 0.006573
16 7 5 10000 0.005182
16 7 5 10000 0.005201
16 7 5 10000 0.005122
16 7 5 10000 0.005107
16 7 5 10000 0.005242
16 7 5 10000 0.005108
