16 5 1 100000 0.1547
16 5 1 100000 0.1343
16 5 1 100000 0.07372
16 5 1 100000 0.07464
16 5 1 100000 0.07411
16 5 1 100000 0.07509
16 5 1 85000 0.116
16 5 1 85000 0.1158
16 5 1 85000 0.1156
16 5 1 85000 0.06424
16 5 1 85000 0.06391
16 5 1 85000 0.06487
16 5 1 85000 0.06329
16 5 1 75000 0.1058
16 5 1 75000 0.107
16 5 1 75000 0.05334
16 5 1 75000 0.0543
16 5 1 75000 0.05387
16 5 1 75000 0.05346
16 5 1 50000 0.08391
16 5 1 50000 0.08521
16 5 1 50000 0.03106
16 5 1 50000 0.03091
16 5 1 50000 0.03119
16 5 1 50000 0.03093
16 5 1 35000 0.06165
16 5 1 35000 0.06152
16 5 1 35000 0.06277
16 5 1 35000 0.02114
16 5 1 35000 0.02149
16 5 1 35000 0.02137
16 5 1 35000 0.02418
16 5 1 25000 0.04588
16 5 1 25000 0.04497
16 5 1 25000 0.01025
16 5 1 25000 0.009925
16 5 1 25000 0.01024
16 5 1 25000 0.01028
16 5 1 15000 0.028
16 5 1 15000 0.02823
16 5 1 15000 0.006692
16 5 1 15000 0.00668
16 5 1 15000 0.006595
16 5 1 15000 0.00671
16 5 1 10000 0.01956
16 5 1 10000 0.01914
16 5 1 10000 0.005219
16 5 1 10000 0.005284
16 5 1 10000 0.005213
16 5 1 10000 0.005288
16 5 2 106225 0.135
16 5 2 102181 0.1317
16 5 2 100000 0.07463
16 5 2 100000 0.07488
16 5 2 100000 0.0743
16 5 2 100000 0.07485
16 5 2 94494 0.1241
16 5 2 87737 0.1169
16 5 2 85000 0.06475
16 5 2 85000 0.06487
16 5 2 85000 0.0644
16 5 2 85000 0.06454
16 5 2 78695 0.1114
16 5 2 76428 0.1079
16 5 2 75898 0.108
16 5 2 75000 0.05367
16 5 2 75000 0.05355
16 5 2 75000 0.05322
16 5 2 70063 0.1036
16 5 2 53378 0.08774
16 5 2 51386 0.08379
16 5 2 50000 0.03085
16 5 2 50000 0.03108
16 5 2 50000 0.03102
16 5 2 50000 0.03102
16 5 2 50000 0.03115
16 5 2 35000 0.02116
16 5 2 35000 0.02122
16 5 2 35000 0.02129
16 5 2 35000 0.02136
16 5 2 34781 0.06057
16 5 2 25728 0.04707
16 5 2 25000 0.01022
16 5 2 25000 0.01036
16 5 2 25000 0.01018
16 5 2 25000 0.01026
16 5 2 24691 0.04598
16 5 2 15281 0.02937
16 5 2 15214 0.02903
16 5 2 15000 0.006678
16 5 2 15000 0.006714
16 5 2 15000 0.006647
16 5 2 15000 0.006649
16 5 2 14784 0.02825
16 5 2 10104 0.01981
16 5 2 10000 0.005222
16 5 2 10000 0.005241
16 5 2 10000 0.005161
16 5 2 10000 0.005153
16 5 2 9996 0.01934
16 5 3 111696 0.1416
16 5 3 106405 0.1375
16 5 3 100000 0.07517
16 5 3 100000 0.07422
16 5 3 100000 0.07566
16 5 3 100000 0.07445
16 5 3 90947 0.1208
16 5 3 87027 0.1177
16 5 3 85000 0.06453
16 5 3 85000 0.06391
16 5 3 85000 0.06469
16 5 3 85000 0.06459
16 5 3 82777 0.114
16 5 3 80193 0.1128
16 5 3 75000 0.05281
16 5 3 75000 0.05352
16 5 3 75000 0.05344
16 5 3 75000 0.05345
16 5 3 65176 0.1003
16 5 3 56986 0.09233
16 5 3 53761 0.09116
16 5 3 50000 0.03084
16 5 3 50000 0.03153
16 5 3 50000 0.03124
16 5 3 50000 0.03116
16 5 3 50000 0.03118
16 5 3 35002 0.06249
16 5 3 35000 0.02141
16 5 3 35000 0.02123
16 5 3 35000 0.02105
16 5 3 35000 0.02117
16 5 3 25604 0.04821
16 5 3 25205 0.04705
16 5 3 25000 0.01043
16 5 3 25000 0.0103
16 5 3 25000 0.0102
16 5 3 25000 0.00995
16 5 3 24270 0.04534
16 5 3 15017 0.02897
16 5 3 15000 0.006768
16 5 3 15000 0.006599
16 5 3 15000 0.006624
16 5 3 15000 0.006606
16 5 3 14650 0.0287
16 5 3 10103 0.02035
16 5 3 10000 0.005312
16 5 3 10000 0.005277
16 5 3 10000 0.005219
16 5 3 10000 0.00522
16 5 3 9853 0.0198
16 5 4 113192 0.1421
16 5 4 109268 0.1381
16 5 4 100000 0.07415
16 5 4 100000 0.07441
16 5 4 100000 0.0745
16 5 4 100000 0.07439
16 5 4 100000 0.07435
16 5 4 88796 0.1189
16 5 4 85000 0.06322
16 5 4 85000 0.06439
16 5 4 85000 0.06371
16 5 4 85000 0.06453
16 5 4 84696 0.1161
16 5 4 81377 0.1124
16 5 4 75000 0.05368
16 5 4 75000 0.054
16 5 4 75000 0.05348
16 5 4 75000 0.05303
16 5 4 68804 0.1013
16 5 4 59313 0.09459
16 5 4 55411 0.09147
16 5 4 50000 0.03119
16 5 4 50000 0.03111
16 5 4 50000 0.03122
16 5 4 50000 0.03107
16 5 4 38364 0.06611
16 5 4 37648 0.06629
16 5 4 35000 0.0214
16 5 4 35000 0.02131
16 5 4 35000 0.02163
16 5 4 35000 0.02134
16 5 4 35000 0.02129
16 5 4 25000 0.009972
16 5 4 25000 0.01037
16 5 4 25000 0.01017
16 5 4 25000 0.01031
16 5 4 25000 0.01016
16 5 4 15608 0.03083
16 5 4 15437 0.03026
16 5 4 15000 0.006618
16 5 4 15000 0.006558
16 5 4 15000 0.006696
16 5 4 15000 0.006625
16 5 4 15000 0.006506
16 5 4 10309 0.02169
16 5 4 10088 0.01995
16 5 4 10000 0.005221
16 5 4 10000 0.005283
16 5 4 10000 0.005194
16 5 4 10000 0.005144
16 5 5 118462 0.1641
16 5 5 113408 0.1449
16 5 5 100000 0.07499
16 5 5 100000 0.07547
16 5 5 100000 0.07584
16 5 5 100000 0.07484
16 5 5 97460 0.1272
16 5 5 86117 0.1166
16 5 5 85000 0.06365
16 5 5 85000 0.06313
16 5 5 85000 0.06317
16 5 5 85000 0.06388
16 5 5 82419 0.1122
16 5 5 77949 0.1094
16 5 5 75000 0.0534
16 5 5 75000 0.05386
16 5 5 75000 0.0535
16 5 5 75000 0.05387
16 5 5 71905 0.104
16 5 5 57663 0.09073
16 5 5 56780 0.0908
16 5 5 50000 0.03068
16 5 5 50000 0.03097
16 5 5 50000 0.03124
16 5 5 50000 0.03145
16 5 5 37591 0.06567
16 5 5 37215 0.06473
16 5 5 35000 0.0214
16 5 5 35000 0.02129
16 5 5 35000 0.02137
16 5 5 35000 0.02117
16 5 5 34248 0.06097
16 5 5 25058 0.0457
16 5 5 25000 0.01033
16 5 5 25000 0.01021
16 5 5 25000 0.01001
16 5 5 25000 0.01021
16 5 5 24009 0.04518
16 5 5 15296 0.02948
16 5 5 15000 0.006583
16 5 5 15000 0.006609
16 5 5 15000 0.006728
16 5 5 15000 0.006574
16 5 5 14925 0.02863
16 5 5 10191 0.02038
16 5 5 10000 0.005311
16 5 5 10000 0.005186
16 5 5 10000 0.00521
16 5 5 10000 0.005222
16 5 5 10000 0.005221
