16 0 1 100000 0.1386
16 0 1 100000 0.1376
16 0 1 100000 0.1316
16 0 1 100000 0.1326
16 0 1 100000 0.1334
16 0 1 100000 0.1316
16 0 1 85000 0.1135
16 0 1 85000 0.1161
16 0 1 85000 0.1147
16 0 1 85000 0.1139
16 0 1 85000 0.1156
16 0 1 85000 0.1129
16 0 1 75000 0.1017
16 0 1 75000 0.1016
16 0 1 75000 0.1016
16 0 1 75000 0.08496
16 0 1 75000 0.07828
16 0 1 75000 0.07869
16 0 1 75000 0.08075
16 0 1 50000 0.05634
16 0 1 50000 0.0587
16 0 1 50000 0.05982
16 0 1 50000 0.05702
16 0 1 50000 0.05725
16 0 1 35000 0.03994
16 0 1 35000 0.04065
16 0 1 35000 0.04275
16 0 1 35000 0.04191
16 0 1 35000 0.04226
16 0 1 35000 0.04127
16 0 1 35000 0.04185
16 0 1 25000 0.0274
16 0 1 25000 0.02773
16 0 1 25000 0.03067
16 0 1 25000 0.02934
16 0 1 25000 0.03091
16 0 1 25000 0.03003
16 0 1 15000 0.01896
16 0 1 15000 0.01896
16 0 1 15000 0.01929
16 0 1 15000 0.01903
16 0 1 15000 0.01893
16 0 1 15000 0.01845
16 0 1 15000 0.01869
16 0 1 10000 0.01366
16 0 1 10000 0.01334
16 0 1 10000 0.01375
16 0 1 10000 0.01336
16 0 1 10000 0.01336
16 0 1 10000 0.01383
16 0 2 113252 0.1445
16 0 2 113142 0.1446
16 0 2 113046 0.1469
16 0 2 112915 0.1465
16 0 2 112864 0.1459
16 0 2 112752 0.1463
16 0 2 94575 0.1233
16 0 2 94514 0.1253
16 0 2 94408 0.1248
16 0 2 94351 0.09533
16 0 2 94179 0.09591
16 0 2 93959 0.09609
16 0 2 82497 0.08596
16 0 2 82461 0.08645
16 0 2 82423 0.08605
16 0 2 82392 0.08497
16 0 2 82261 0.08478
16 0 2 82095 0.0845
16 0 2 81945 0.08434
16 0 2 53316 0.06272
16 0 2 53292 0.06236
16 0 2 53231 0.06141
16 0 2 53192 0.06203
16 0 2 53151 0.06015
16 0 2 36662 0.04369
16 0 2 36647 0.04234
16 0 2 36620 0.04133
16 0 2 36615 0.04241
16 0 2 36602 0.04212
16 0 2 36580 0.04445
16 0 2 36447 0.0414
16 0 2 25842 0.0278
16 0 2 25835 0.02941
16 0 2 25825 0.02837
16 0 2 25817 0.02823
16 0 2 25808 0.02878
16 0 2 25797 0.02994
16 0 2 15304 0.01745
16 0 2 15303 0.01786
16 0 2 15301 0.01839
16 0 2 15299 0.018
16 0 2 15298 0.01844
16 0 2 15291 0.018
16 0 2 15287 0.01818
16 0 2 10134 0.01248
16 0 2 10134 0.01281
16 0 2 10133 0.01278
16 0 2 10131 0.0123
16 0 2 10128 0.01241
16 0 2 10127 0.01258
16 0 2 10121 0.01261
16 0 3 128196 0.1713
16 0 3 128122 0.1777
16 0 3 127813 0.1777
16 0 3 127427 0.1779
16 0 3 127231 0.1714
16 0 3 126873 0.1774
16 0 3 105167 0.1049
16 0 3 105148 0.1041
16 0 3 105107 0.1055
16 0 3 104701 0.1104
16 0 3 104552 0.1044
16 0 3 104295 0.1049
16 0 3 104110 0.1034
16 0 3 90688 0.09244
16 0 3 90491 0.09424
16 0 3 90330 0.09393
16 0 3 90169 0.09153
16 0 3 90138 0.09176
16 0 3 56956 0.06488
16 0 3 56921 0.06661
16 0 3 56864 0.06422
16 0 3 56832 0.06519
16 0 3 56750 0.06493
16 0 3 56692 0.0631
16 0 3 56573 0.06562
16 0 3 38345 0.04386
16 0 3 38332 0.04482
16 0 3 38302 0.04429
16 0 3 38270 0.04477
16 0 3 38249 0.04365
16 0 3 38236 0.04311
16 0 3 26714 0.02851
16 0 3 26684 0.02988
16 0 3 26678 0.02825
16 0 3 26667 0.02977
16 0 3 26658 0.03002
16 0 3 26621 0.02945
16 0 3 26567 0.02919
16 0 3 15609 0.0184
16 0 3 15601 0.01807
16 0 3 15596 0.01766
16 0 3 15589 0.0182
16 0 3 15580 0.01792
16 0 3 10271 0.01312
16 0 3 10271 0.01303
16 0 3 10269 0.01326
16 0 3 10268 0.01375
16 0 3 10264 0.01315
16 0 3 10261 0.01305
16 0 3 10257 0.01291
16 0 4 144709 0.1901
16 0 4 144566 0.1843
16 0 4 144303 0.1754
16 0 4 143899 0.1772
16 0 4 143588 0.1859
16 0 4 143140 0.1818
16 0 4 116776 0.1099
16 0 4 116658 0.1126
16 0 4 116528 0.1072
16 0 4 116209 0.1117
16 0 4 115780 0.109
16 0 4 115486 0.1103
16 0 4 99529 0.09761
16 0 4 99528 0.09722
16 0 4 99303 0.09961
16 0 4 99060 0.09555
16 0 4 98901 0.09508
16 0 4 98802 0.0988
16 0 4 98607 0.09728
16 0 4 60612 0.06691
16 0 4 60470 0.06781
16 0 4 60450 0.06631
16 0 4 60385 0.06679
16 0 4 60285 0.06683
16 0 4 40111 0.04526
16 0 4 40099 0.04671
16 0 4 40073 0.0443
16 0 4 40057 0.04402
16 0 4 40024 0.04528
16 0 4 39977 0.04611
16 0 4 39929 0.04539
16 0 4 27588 0.03074
16 0 4 27553 0.0302
16 0 4 27542 0.03067
16 0 4 27531 0.02886
16 0 4 27520 0.02992
16 0 4 27481 0.0325
16 0 4 15921 0.01892
16 0 4 15917 0.01973
16 0 4 15909 0.02031
16 0 4 15904 0.01999
16 0 4 15899 0.0195
16 0 4 15889 0.02014
16 0 4 15869 0.01936
16 0 4 10407 0.0135
16 0 4 10404 0.01426
16 0 4 10402 0.01449
16 0 4 10399 0.01398
16 0 4 10396 0.0143
16 0 4 10393 0.01468
16 0 4 10387 0.01411
16 0 5 162669 0.2473
16 0 5 162516 0.2482
16 0 5 161307 0.2484
16 0 5 160177 0.2458
16 0 5 158579 0.2025
16 0 5 153989 0.1868
16 0 5 153989 0.1876
16 0 5 129032 0.1817
16 0 5 128586 0.1787
16 0 5 127423 0.1664
16 0 5 126628 0.1713
16 0 5 123448 0.1795
16 0 5 109433 0.1065
16 0 5 109012 0.1089
16 0 5 108773 0.1084
16 0 5 108542 0.1054
16 0 5 108196 0.1068
16 0 5 107626 0.1071
16 0 5 64566 0.07363
16 0 5 64557 0.0717
16 0 5 64429 0.07104
16 0 5 64292 0.07103
16 0 5 64250 0.06946
16 0 5 64042 0.07186
16 0 5 61631 0.06432
16 0 5 41896 0.04928
16 0 5 41863 0.05077
16 0 5 41844 0.04868
16 0 5 41809 0.04845
16 0 5 41728 0.04852
16 0 5 40093 0.04588
16 0 5 28487 0.03031
16 0 5 28471 0.02963
16 0 5 28422 0.03026
16 0 5 28413 0.03088
16 0 5 28402 0.0294
16 0 5 28356 0.02998
16 0 5 16238 0.01919
16 0 5 16232 0.01877
16 0 5 16225 0.01806
16 0 5 16219 0.01836
16 0 5 16205 0.01867
16 0 5 16195 0.01882
16 0 5 16179 0.01883
16 0 5 10544 0.01358
16 0 5 10539 0.01328
16 0 5 10537 0.01369
16 0 5 10534 0.01351
16 0 5 10531 0.01317
16 0 5 10526 0.01364
