16 9 1 100000 0.1426
16 9 1 100000 0.1341
16 9 1 100000 0.1307
16 9 1 100000 0.1329
16 9 1 100000 0.1315
16 9 1 100000 0.1317
16 9 1 85000 0.09961
16 9 1 85000 0.08601
16 9 1 85000 0.08829
16 9 1 85000 0.08877
16 9 1 85000 0.08963
16 9 1 85000 0.089
16 9 1 85000 0.08918
16 9 1 75000 0.07997
16 9 1 75000 0.08054
16 9 1 75000 0.08024
16 9 1 75000 0.08106
16 9 1 75000 0.08072
16 9 1 75000 0.07897
16 9 1 50000 0.06003
16 9 1 50000 0.05868
16 9 1 50000 0.05936
16 9 1 50000 0.0589
16 9 1 50000 0.06063
16 9 1 50000 0.06897
16 9 1 50000 0.07073
16 9 1 35000 0.04848
16 9 1 35000 0.04993
16 9 1 35000 0.05002
16 9 1 35000 0.04854
16 9 1 35000 0.0488
16 9 1 25000 0.03074
16 9 1 25000 0.03256
16 9 1 25000 0.031
16 9 1 25000 0.03104
16 9 1 25000 0.03169
16 9 1 25000 0.03191
16 9 1 15000 0.01933
16 9 1 15000 0.01898
16 9 1 15000 0.01958
16 9 1 15000 0.0202
16 9 1 15000 0.02003
16 9 1 15000 0.01919
16 9 1 15000 0.01914
16 9 1 10000 0.01394
16 9 1 10000 0.0133
16 9 1 10000 0.01366
16 9 1 10000 0.01382
16 9 1 10000 0.01336
16 9 1 10000 0.01359
16 9 2 113518 0.1468
16 9 2 107215 0.1374
16 9 2 105377 0.138
16 9 2 103028 0.1185
16 9 2 102280 0.103
16 9 2 94742 0.09832
16 9 2 94735 0.0999
16 9 2 93001 0.0955
16 9 2 92270 0.09698
16 9 2 90126 0.09558
16 9 2 87039 0.0863
16 9 2 82066 0.08805
16 9 2 81211 0.08738
16 9 2 80283 0.08687
16 9 2 78477 0.08298
16 9 2 76581 0.08432
16 9 2 76536 0.08392
16 9 2 74601 0.08085
16 9 2 74592 0.08059
16 9 2 53200 0.06271
16 9 2 52949 0.06375
16 9 2 52060 0.06239
16 9 2 51150 0.05829
16 9 2 49985 0.05841
16 9 2 49041 0.0587
16 9 2 36662 0.04493
16 9 2 36626 0.04276
16 9 2 36113 0.04442
16 9 2 36004 0.04388
16 9 2 35612 0.04299
16 9 2 35262 0.04329
16 9 2 34475 0.04147
16 9 2 25837 0.02846
16 9 2 25821 0.02862
16 9 2 25370 0.02945
16 9 2 25173 0.02901
16 9 2 24824 0.02806
16 9 2 15305 0.01875
16 9 2 15303 0.01877
16 9 2 15294 0.01774
16 9 2 15247 0.01852
16 9 2 15074 0.01814
16 9 2 14907 0.0178
16 9 2 14786 0.01867
16 9 2 10134 0.01293
16 9 2 10132 0.01326
16 9 2 10091 0.01273
16 9 2 10053 0.01317
16 9 2 9947 0.01248
16 9 2 9912 0.01327
16 9 3 120530 0.1152
16 9 3 111438 0.1104
16 9 3 109251 0.1099
16 9 3 106552 0.1057
16 9 3 100468 0.1026
16 9 3 100063 0.09533
16 9 3 97778 0.09971
16 9 3 96958 0.09678
16 9 3 91993 0.09617
16 9 3 88343 0.09264
16 9 3 87379 0.0977
16 9 3 85614 0.08885
16 9 3 84261 0.08808
16 9 3 83343 0.08644
16 9 3 82365 0.08722
16 9 3 80886 0.0837
16 9 3 79258 0.08481
16 9 3 73590 0.08105
16 9 3 68538 0.07839
16 9 3 56070 0.0654
16 9 3 54940 0.06315
16 9 3 52318 0.06092
16 9 3 51892 0.06333
16 9 3 50434 0.06012
16 9 3 50181 0.06111
16 9 3 38220 0.04467
16 9 3 37276 0.04542
16 9 3 36940 0.0433
16 9 3 35575 0.04322
16 9 3 35203 0.04396
16 9 3 34994 0.0426
16 9 3 26722 0.03002
16 9 3 26675 0.03071
16 9 3 26073 0.02945
16 9 3 25660 0.02924
16 9 3 25041 0.02932
16 9 3 24886 0.02783
16 9 3 24328 0.02702
16 9 3 15600 0.01973
16 9 3 15547 0.01907
16 9 3 15277 0.01918
16 9 3 15036 0.0189
16 9 3 14969 0.01776
16 9 3 14696 0.01912
16 9 3 10265 0.01376
16 9 3 10206 0.0126
16 9 3 10074 0.01303
16 9 3 10039 0.01305
16 9 3 9990 0.01295
16 9 3 9853 0.01276
16 9 4 127698 0.187
16 9 4 120544 0.1211
16 9 4 116208 0.1128
16 9 4 113838 0.1094
16 9 4 112975 0.1107
16 9 4 108375 0.1082
16 9 4 101065 0.102
16 9 4 100677 0.1027
16 9 4 94863 0.09647
16 9 4 94520 0.09738
16 9 4 91083 0.09463
16 9 4 89422 0.0932
16 9 4 86419 0.0896
16 9 4 86419 0.0901
16 9 4 84606 0.09046
16 9 4 84232 0.0889
16 9 4 81987 0.08727
16 9 4 77451 0.08523
16 9 4 74177 0.08172
16 9 4 59842 0.06855
16 9 4 56914 0.06883
16 9 4 54756 0.06402
16 9 4 53554 0.06446
16 9 4 50462 0.06093
16 9 4 50303 0.05852
16 9 4 39119 0.04787
16 9 4 38517 0.04442
16 9 4 37927 0.04519
16 9 4 36720 0.04526
16 9 4 36538 0.04784
16 9 4 34026 0.04658
16 9 4 32669 0.04319
16 9 4 26952 0.03465
16 9 4 26398 0.03377
16 9 4 25724 0.0326
16 9 4 25503 0.03291
16 9 4 25147 0.03197
16 9 4 15915 0.02052
16 9 4 15903 0.02137
16 9 4 15399 0.02043
16 9 4 15361 0.02105
16 9 4 15323 0.02013
16 9 4 15265 0.0206
16 9 4 14946 0.02083
16 9 4 10406 0.01591
16 9 4 10357 0.01518
16 9 4 10235 0.0152
16 9 4 10086 0.01381
16 9 4 10003 0.01409
16 9 4 9964 0.01412
16 9 5 131150 0.2186
16 9 5 127478 0.2164
16 9 5 116181 0.1479
16 9 5 115033 0.1485
16 9 5 109987 0.1435
16 9 5 106362 0.1356
16 9 5 105187 0.1375
16 9 5 97132 0.1274
16 9 5 95664 0.1273
16 9 5 91126 0.1194
16 9 5 89668 0.1186
16 9 5 87996 0.1162
16 9 5 86464 0.1142
16 9 5 84739 0.1145
16 9 5 84330 0.1179
16 9 5 79969 0.1111
16 9 5 78217 0.1083
16 9 5 77299 0.1084
16 9 5 68246 0.09627
16 9 5 63120 0.08721
16 9 5 57337 0.08268
16 9 5 55645 0.07895
16 9 5 54921 0.07822
16 9 5 50385 0.07097
16 9 5 47504 0.06745
16 9 5 40416 0.05482
16 9 5 38502 0.05445
16 9 5 37365 0.05379
16 9 5 36757 0.05044
16 9 5 35991 0.051
16 9 5 35582 0.04973
16 9 5 32374 0.04234
16 9 5 26166 0.03214
16 9 5 25934 0.03061
16 9 5 25755 0.0315
16 9 5 25437 0.03065
16 9 5 23866 0.03006
16 9 5 16097 0.02018
16 9 5 15858 0.02073
16 9 5 15650 0.0202
16 9 5 15512 0.02021
16 9 5 15269 0.01952
16 9 5 15006 0.01958
16 9 5 14694 0.01953
16 9 5 10532 0.01365
16 9 5 10468 0.01465
16 9 5 10257 0.01475
16 9 5 10178 0.01405
16 9 5 10060 0.01394
16 9 5 9996 0.01352
