8 7 1 100000 0.1414
8 7 1 100000 0.1428
8 7 1 100000 0.166
8 7 1 100000 0.1605
8 7 1 100000 0.113
8 7 1 100000 0.1121
8 7 1 100000 0.1161
8 7 1 100000 0.1131
8 7 1 100000 0.1175
8 7 1 100000 0.1147
8 7 1 100000 0.1131
8 7 1 100000 0.1121
8 7 1 100000 0.1153
8 7 1 85000 0.1025
8 7 1 85000 0.1023
8 7 1 85000 0.1021
8 7 1 85000 0.1031
8 7 1 85000 0.1048
8 7 1 85000 0.1031
8 7 1 85000 0.1011
8 7 1 85000 0.1006
8 7 1 85000 0.1015
8 7 1 85000 0.09972
8 7 1 85000 0.0986
8 7 1 85000 0.1027
8 7 1 75000 0.09013
8 7 1 75000 0.08896
8 7 1 75000 0.0908
8 7 1 75000 0.0896
8 7 1 75000 0.09166
8 7 1 75000 0.09107
8 7 1 75000 0.09054
8 7 1 75000 0.08989
8 7 1 75000 0.08992
8 7 1 75000 0.09
8 7 1 75000 0.0916
8 7 1 75000 0.09146
8 7 1 50000 0.0637
8 7 1 50000 0.06414
8 7 1 50000 0.06511
8 7 1 50000 0.06378
8 7 1 50000 0.06434
8 7 1 50000 0.06453
8 7 1 50000 0.0622
8 7 1 50000 0.06319
8 7 1 50000 0.06524
8 7 1 50000 0.06622
8 7 1 50000 0.06786
8 7 1 50000 0.07269
8 7 1 50000 0.06889
8 7 1 35000 0.04642
8 7 1 35000 0.04551
8 7 1 35000 0.04608
8 7 1 35000 0.04513
8 7 1 35000 0.04587
8 7 1 35000 0.0435
8 7 1 35000 0.04708
8 7 1 35000 0.04467
8 7 1 35000 0.04334
8 7 1 35000 0.04268
8 7 1 35000 0.04426
8 7 1 35000 0.04319
8 7 1 35000 0.0441
8 7 1 25000 0.02857
8 7 1 25000 0.02902
8 7 1 25000 0.02913
8 7 1 25000 0.02753
8 7 1 25000 0.02973
8 7 1 25000 0.02859
8 7 1 25000 0.02923
8 7 1 25000 0.02937
8 7 1 25000 0.02803
8 7 1 25000 0.02961
8 7 1 25000 0.02992
8 7 1 25000 0.02893
8 7 1 15000 0.01866
8 7 1 15000 0.01845
8 7 1 15000 0.0176
8 7 1 15000 0.01832
8 7 1 15000 0.01865
8 7 1 15000 0.01815
8 7 1 15000 0.01814
8 7 1 15000 0.01859
8 7 1 15000 0.01884
8 7 1 15000 0.0182
8 7 1 15000 0.01823
8 7 1 15000 0.01813
8 7 1 15000 0.01775
8 7 1 10000 0.01294
8 7 1 10000 0.0131
8 7 1 10000 0.01304
8 7 1 10000 0.01276
8 7 1 10000 0.01291
8 7 1 10000 0.01306
8 7 1 10000 0.01301
8 7 1 10000 0.01292
8 7 1 10000 0.01318
8 7 1 10000 0.01278
8 7 1 10000 0.01288
8 7 1 10000 0.01308
8 7 2 113512 0.1292
8 7 2 113381 0.1279
8 7 2 113353 0.1272
8 7 2 111320 0.128
8 7 2 109388 0.124
8 7 2 108126 0.1236
8 7 2 105231 0.1195
8 7 2 103903 0.1136
8 7 2 103540 0.1223
8 7 2 102352 0.1187
8 7 2 101165 0.1169
8 7 2 97773 0.1127
8 7 2 94749 0.1125
8 7 2 94723 0.1134
8 7 2 94563 0.1125
8 7 2 93319 0.1108
8 7 2 92927 0.1029
8 7 2 91589 0.1118
8 7 2 90991 0.1089
8 7 2 89525 0.1068
8 7 2 88672 0.1062
8 7 2 87776 0.1047
8 7 2 86348 0.1055
8 7 2 84722 0.1022
8 7 2 83357 0.09974
8 7 2 82557 0.09784
8 7 2 82533 0.1018
8 7 2 82470 0.1006
8 7 2 80957 0.0964
8 7 2 80869 0.09933
8 7 2 80506 0.09881
8 7 2 79367 0.09779
8 7 2 79179 0.09549
8 7 2 78198 0.0933
8 7 2 76682 0.09093
8 7 2 75328 0.08993
8 7 2 71472 0.08769
8 7 2 53392 0.07297
8 7 2 53383 0.07021
8 7 2 53375 0.06896
8 7 2 53363 0.06892
8 7 2 53350 0.07176
8 7 2 53300 0.06978
8 7 2 53262 0.06807
8 7 2 53078 0.0706
8 7 2 52787 0.06898
8 7 2 52199 0.06797
8 7 2 51825 0.06564
8 7 2 51020 0.06679
8 7 2 49839 0.06301
8 7 2 36662 0.04625
8 7 2 36662 0.04678
8 7 2 36657 0.04621
8 7 2 36650 0.04643
8 7 2 36640 0.04666
8 7 2 36630 0.04629
8 7 2 36507 0.04727
8 7 2 35924 0.04603
8 7 2 35087 0.04428
8 7 2 34618 0.04312
8 7 2 34387 0.04213
8 7 2 34174 0.04356
8 7 2 33489 0.0404
8 7 2 25840 0.03011
8 7 2 25837 0.02917
8 7 2 25829 0.0296
8 7 2 25826 0.03194
8 7 2 25824 0.02996
8 7 2 25785 0.02961
8 7 2 25596 0.0308
8 7 2 25508 0.0306
8 7 2 25412 0.03049
8 7 2 25188 0.03055
8 7 2 25146 0.02924
8 7 2 24633 0.02882
8 7 2 15304 0.01823
8 7 2 15304 0.01818
8 7 2 15303 0.01872
8 7 2 15302 0.01973
8 7 2 15300 0.01854
8 7 2 15299 0.01819
8 7 2 15282 0.01851
8 7 2 15279 0.0183
8 7 2 15150 0.01873
8 7 2 15027 0.01817
8 7 2 14981 0.01824
8 7 2 14786 0.01747
8 7 2 14710 0.01819
8 7 2 10134 0.01274
8 7 2 10134 0.0132
8 7 2 10133 0.01292
8 7 2 10133 0.0129
8 7 2 10131 0.01339
8 7 2 10126 0.01325
8 7 2 10121 0.01351
8 7 2 10098 0.0127
8 7 2 10077 0.01343
8 7 2 10022 0.01327
8 7 2 9999 0.01289
8 7 2 9866 0.01274
8 7 3 128711 0.2033
8 7 3 120380 0.1356
8 7 3 117854 0.1283
8 7 3 117126 0.1316
8 7 3 115124 0.1274
8 7 3 114493 0.1285
8 7 3 113683 0.1264
8 7 3 112059 0.1274
8 7 3 110393 0.123
8 7 3 109368 0.1224
8 7 3 107677 0.1233
8 7 3 105057 0.1189
8 7 3 103844 0.1195
8 7 3 102607 0.1175
8 7 3 99948 0.1167
8 7 3 98178 0.1131
8 7 3 96067 0.1118
8 7 3 93416 0.1115
8 7 3 92847 0.1073
8 7 3 90924 0.1077
8 7 3 90871 0.1072
8 7 3 89855 0.1001
8 7 3 89185 0.1068
8 7 3 88651 0.105
8 7 3 88375 0.1054
8 7 3 86246 0.101
8 7 3 85976 0.1042
8 7 3 85481 0.1017
8 7 3 83830 0.101
8 7 3 83649 0.09982
8 7 3 83051 0.1009
8 7 3 83033 0.09887
8 7 3 81564 0.0959
8 7 3 78726 0.09562
8 7 3 78494 0.08994
8 7 3 76965 0.09013
8 7 3 75415 0.08873
8 7 3 56993 0.07251
8 7 3 56954 0.07275
8 7 3 56748 0.06979
8 7 3 56050 0.07012
8 7 3 55602 0.06999
8 7 3 54888 0.06862
8 7 3 54623 0.06702
8 7 3 54153 0.06888
8 7 3 53613 0.06849
8 7 3 53264 0.06739
8 7 3 53036 0.06723
8 7 3 53000 0.07104
8 7 3 51664 0.06788
8 7 3 38411 0.04836
8 7 3 38389 0.04859
8 7 3 38365 0.04805
8 7 3 38348 0.04612
8 7 3 37619 0.04661
8 7 3 37407 0.04361
8 7 3 36874 0.04446
8 7 3 36731 0.0461
8 7 3 36567 0.04412
8 7 3 35987 0.04513
8 7 3 35866 0.04424
8 7 3 33865 0.04286
8 7 3 32746 0.03818
8 7 3 26686 0.03179
8 7 3 26605 0.03047
8 7 3 26454 0.03122
8 7 3 26270 0.03088
8 7 3 25814 0.03032
8 7 3 25479 0.0297
8 7 3 25354 0.03058
8 7 3 25263 0.02887
8 7 3 25178 0.03001
8 7 3 25097 0.03025
8 7 3 24892 0.02911
8 7 3 24500 0.02941
8 7 3 15612 0.01931
8 7 3 15610 0.01951
8 7 3 15606 0.01944
8 7 3 15602 0.01792
8 7 3 15503 0.01946
8 7 3 15346 0.0196
8 7 3 15319 0.01886
8 7 3 15209 0.01943
8 7 3 15193 0.01829
8 7 3 15109 0.01809
8 7 3 14792 0.01863
8 7 3 14666 0.01839
8 7 3 10272 0.01384
8 7 3 10269 0.01385
8 7 3 10265 0.01361
8 7 3 10248 0.01395
8 7 3 10225 0.01355
8 7 3 10209 0.01338
8 7 3 10179 0.01325
8 7 3 10154 0.01337
8 7 3 10145 0.01352
8 7 3 10140 0.01344
8 7 3 10134 0.01368
8 7 3 10083 0.01336
8 7 3 9989 0.01326
8 7 4 136687 0.1925
8 7 4 131276 0.1874
8 7 4 129874 0.1928
8 7 4 128472 0.1874
8 7 4 126795 0.1858
8 7 4 123617 0.1922
8 7 4 123557 0.1871
8 7 4 117376 0.1231
8 7 4 116768 0.125
8 7 4 116468 0.1461
8 7 4 114291 0.168
8 7 4 112040 0.137
8 7 4 109652 0.1223
8 7 4 108322 0.1233
8 7 4 104861 0.1228
8 7 4 104700 0.12
8 7 4 100828 0.1148
8 7 4 99375 0.1128
8 7 4 97392 0.1111
8 7 4 97270 0.1104
8 7 4 96610 0.1111
8 7 4 95874 0.1078
8 7 4 95550 0.1105
8 7 4 93540 0.1089
8 7 4 92254 0.107
8 7 4 91537 0.1088
8 7 4 91417 0.1087
8 7 4 90057 0.1062
8 7 4 87897 0.1024
8 7 4 86754 0.104
8 7 4 85685 0.103
8 7 4 85674 0.1024
8 7 4 83525 0.09841
8 7 4 81441 0.09835
8 7 4 80057 0.09417
8 7 4 73587 0.08846
8 7 4 71874 0.08941
8 7 4 60773 0.07954
8 7 4 59561 0.07655
8 7 4 59106 0.07554
8 7 4 58611 0.07428
8 7 4 57492 0.07374
8 7 4 56722 0.07363
8 7 4 56352 0.07353
8 7 4 55464 0.07132
8 7 4 54753 0.07114
8 7 4 53720 0.07053
8 7 4 52865 0.06932
8 7 4 51872 0.06703
8 7 4 50891 0.06725
8 7 4 40168 0.05091
8 7 4 39650 0.05143
8 7 4 39421 0.0484
8 7 4 38717 0.04999
8 7 4 38472 0.05009
8 7 4 38368 0.04979
8 7 4 38285 0.04954
8 7 4 37693 0.04739
8 7 4 37374 0.04623
8 7 4 36727 0.0468
8 7 4 35269 0.04547
8 7 4 34185 0.04422
8 7 4 32072 0.03612
8 7 4 27510 0.032
8 7 4 27161 0.03198
8 7 4 26338 0.03012
8 7 4 26191 0.03021
8 7 4 26077 0.02999
8 7 4 26015 0.0307
8 7 4 25853 0.03061
8 7 4 25728 0.03001
8 7 4 25577 0.03365
8 7 4 25099 0.0295
8 7 4 24748 0.02989
8 7 4 23896 0.02765
8 7 4 15918 0.01994
8 7 4 15894 0.01849
8 7 4 15710 0.01958
8 7 4 15677 0.01944
8 7 4 15633 0.02022
8 7 4 15590 0.01827
8 7 4 15527 0.01938
8 7 4 15513 0.01944
8 7 4 15258 0.01773
8 7 4 14888 0.01834
8 7 4 14877 0.01928
8 7 4 14556 0.01897
8 7 4 10404 0.01442
8 7 4 10393 0.01393
8 7 4 10342 0.01417
8 7 4 10308 0.01372
8 7 4 10288 0.01399
8 7 4 10276 0.01371
8 7 4 10261 0.01406
8 7 4 10217 0.01383
8 7 4 10193 0.01387
8 7 4 10133 0.01381
8 7 4 10112 0.01345
8 7 4 10061 0.01323
8 7 4 10045 0.01317
8 7 5 149161 0.2143
8 7 5 142113 0.2094
8 7 5 139018 0.2081
8 7 5 135030 0.2048
8 7 5 133284 0.2282
8 7 5 133266 0.2303
8 7 5 130163 0.2215
8 7 5 125436 0.2082
8 7 5 125324 0.2301
8 7 5 119782 0.1698
8 7 5 117850 0.1531
8 7 5 117484 0.1555
8 7 5 115107 0.1554
8 7 5 113596 0.1597
8 7 5 113125 0.1563
8 7 5 111341 0.1523
8 7 5 107481 0.155
8 7 5 106939 0.1504
8 7 5 104607 0.1341
8 7 5 101814 0.1406
8 7 5 100806 0.1425
8 7 5 100651 0.141
8 7 5 98404 0.1373
8 7 5 97880 0.1333
8 7 5 96854 0.1368
8 7 5 96791 0.1372
8 7 5 94900 0.133
8 7 5 94195 0.1338
8 7 5 92315 0.1343
8 7 5 91275 0.1284
8 7 5 91059 0.1286
8 7 5 89686 0.1238
8 7 5 87255 0.1216
8 7 5 87177 0.1189
8 7 5 81892 0.1112
8 7 5 80985 0.1113
8 7 5 73830 0.1027
8 7 5 70122 0.09927
8 7 5 61380 0.08827
8 7 5 60810 0.08444
8 7 5 60228 0.08708
8 7 5 59189 0.08284
8 7 5 58441 0.0825
8 7 5 57501 0.07999
8 7 5 57324 0.07783
8 7 5 55722 0.07588
8 7 5 55382 0.07445
8 7 5 53195 0.07179
8 7 5 52429 0.06825
8 7 5 50351 0.06506
8 7 5 41513 0.05695
8 7 5 40825 0.0531
8 7 5 40561 0.05297
8 7 5 40094 0.05081
8 7 5 39967 0.05158
8 7 5 39709 0.0542
8 7 5 39267 0.05127
8 7 5 39142 0.05191
8 7 5 38440 0.0498
8 7 5 36311 0.05011
8 7 5 34884 0.04805
8 7 5 33563 0.04463
8 7 5 32559 0.04263
8 7 5 28031 0.03536
8 7 5 27722 0.03431
8 7 5 26980 0.03291
8 7 5 26760 0.032
8 7 5 26632 0.03368
8 7 5 26441 0.0305
8 7 5 25998 0.02917
8 7 5 25886 0.03045
8 7 5 25742 0.03102
8 7 5 25206 0.0306
8 7 5 24702 0.02991
8 7 5 24463 0.02782
8 7 5 16124 0.01916
8 7 5 16019 0.01941
8 7 5 15947 0.01941
8 7 5 15928 0.01927
8 7 5 15894 0.01941
8 7 5 15822 0.0199
8 7 5 15788 0.01938
8 7 5 15679 0.01952
8 7 5 15200 0.0184
8 7 5 15056 0.01854
8 7 5 14844 0.01798
8 7 5 14744 0.0187
8 7 5 10474 0.01346
8 7 5 10454 0.01425
8 7 5 10414 0.01376
8 7 5 10400 0.01369
8 7 5 10390 0.01397
8 7 5 10354 0.01491
8 7 5 10322 0.01499
8 7 5 10285 0.0136
8 7 5 10259 0.01359
8 7 5 10249 0.01384
8 7 5 10152 0.01298
8 7 5 10100 0.01296
8 7 5 10071 0.01269
