16 1 1 100000 0.1419
16 1 1 100000 0.1381
16 1 1 100000 0.1166
16 1 1 100000 0.1041
16 1 1 100000 0.1036
16 1 1 100000 0.1145
16 1 1 85000 0.1193
16 1 1 85000 0.1178
16 1 1 85000 0.1184
16 1 1 85000 0.1199
16 1 1 85000 0.1196
16 1 1 85000 0.1181
16 1 1 85000 0.1176
16 1 1 75000 0.102
16 1 1 75000 0.1035
16 1 1 75000 0.1032
16 1 1 75000 0.1024
16 1 1 75000 0.1077
16 1 1 75000 0.1001
16 1 1 50000 0.07097
16 1 1 50000 0.0714
16 1 1 50000 0.0682
16 1 1 50000 0.0695
16 1 1 50000 0.07001
16 1 1 50000 0.06986
16 1 1 35000 0.0487
16 1 1 35000 0.04899
16 1 1 35000 0.0494
16 1 1 35000 0.04811
16 1 1 35000 0.04883
16 1 1 35000 0.04834
16 1 1 35000 0.04924
16 1 1 25000 0.03051
16 1 1 25000 0.02985
16 1 1 25000 0.02845
16 1 1 25000 0.03179
16 1 1 25000 0.03106
16 1 1 25000 0.03116
16 1 1 15000 0.01904
16 1 1 15000 0.01945
16 1 1 15000 0.01912
16 1 1 15000 0.01938
16 1 1 15000 0.01931
16 1 1 15000 0.01895
16 1 1 10000 0.01334
16 1 1 10000 0.01336
16 1 1 10000 0.0136
16 1 1 10000 0.01382
16 1 1 10000 0.01412
16 1 1 10000 0.01342
16 1 2 113195 0.1465
16 1 2 113106 0.146
16 1 2 113044 0.1469
16 1 2 112895 0.1342
16 1 2 112662 0.1446
16 1 2 112309 0.145
16 1 2 94667 0.1272
16 1 2 94548 0.1267
16 1 2 94394 0.1253
16 1 2 94346 0.1244
16 1 2 94175 0.1171
16 1 2 93959 0.1272
16 1 2 88081 0.1184
16 1 2 82474 0.1105
16 1 2 82446 0.1112
16 1 2 82420 0.1121
16 1 2 82261 0.1125
16 1 2 82125 0.1112
16 1 2 80106 0.107
16 1 2 53372 0.0765
16 1 2 53346 0.07569
16 1 2 53316 0.07666
16 1 2 53292 0.07696
16 1 2 53231 0.07493
16 1 2 53169 0.07509
16 1 2 47855 0.06413
16 1 2 36634 0.05035
16 1 2 36609 0.0473
16 1 2 36585 0.0423
16 1 2 36580 0.04374
16 1 2 35300 0.0416
16 1 2 25842 0.02867
16 1 2 25836 0.02898
16 1 2 25828 0.02898
16 1 2 25817 0.03008
16 1 2 25804 0.02886
16 1 2 25789 0.02939
16 1 2 25395 0.02987
16 1 2 15300 0.01709
16 1 2 15299 0.01775
16 1 2 15298 0.01817
16 1 2 15295 0.01809
16 1 2 15281 0.01825
16 1 2 15001 0.01796
16 1 2 10133 0.01276
16 1 2 10132 0.01299
16 1 2 10130 0.01247
16 1 2 10128 0.01269
16 1 2 10126 0.01278
16 1 2 9878 0.01248
16 1 3 127620 0.2364
16 1 3 127477 0.2405
16 1 3 125033 0.2386
16 1 3 124544 0.2424
16 1 3 121884 0.1748
16 1 3 117624 0.1699
16 1 3 117197 0.1708
16 1 3 104704 0.1561
16 1 3 104273 0.1555
16 1 3 103725 0.1543
16 1 3 102778 0.1526
16 1 3 101609 0.1493
16 1 3 90488 0.1364
16 1 3 90482 0.1362
16 1 3 90303 0.1271
16 1 3 90113 0.1287
16 1 3 89805 0.1207
16 1 3 88901 0.1225
16 1 3 87138 0.1186
16 1 3 56846 0.08079
16 1 3 56755 0.07419
16 1 3 56652 0.06808
16 1 3 56515 0.06852
16 1 3 55017 0.06697
16 1 3 54518 0.06546
16 1 3 38343 0.04649
16 1 3 38286 0.04577
16 1 3 38274 0.04638
16 1 3 38210 0.04635
16 1 3 38051 0.04455
16 1 3 36688 0.04411
16 1 3 36605 0.04344
16 1 3 26677 0.03092
16 1 3 26669 0.0303
16 1 3 26654 0.03165
16 1 3 26635 0.03027
16 1 3 26358 0.02962
16 1 3 25834 0.02913
16 1 3 15601 0.01852
16 1 3 15593 0.01911
16 1 3 15589 0.01835
16 1 3 15579 0.01847
16 1 3 15506 0.01798
16 1 3 10270 0.01314
16 1 3 10267 0.01322
16 1 3 10261 0.01358
16 1 3 10259 0.01337
16 1 3 10258 0.01322
16 1 3 10255 0.01349
16 1 3 10136 0.01285
16 1 4 142834 0.2012
16 1 4 142653 0.1992
16 1 4 142267 0.1993
16 1 4 138350 0.1926
16 1 4 138032 0.1915
16 1 4 132417 0.1922
16 1 4 132417 0.191
16 1 4 116040 0.1207
16 1 4 115466 0.1184
16 1 4 114523 0.118
16 1 4 114003 0.1186
16 1 4 111719 0.1159
16 1 4 99167 0.1008
16 1 4 99048 0.1073
16 1 4 98940 0.1048
16 1 4 98493 0.1048
16 1 4 97908 0.1032
16 1 4 96657 0.1044
16 1 4 93290 0.101
16 1 4 60472 0.07213
16 1 4 60357 0.07305
16 1 4 60188 0.07441
16 1 4 60047 0.07241
16 1 4 59417 0.07247
16 1 4 58008 0.06746
16 1 4 40064 0.04789
16 1 4 40040 0.04926
16 1 4 39921 0.04827
16 1 4 39821 0.04874
16 1 4 39589 0.04633
16 1 4 38344 0.04704
16 1 4 37057 0.04336
16 1 4 27535 0.03032
16 1 4 27518 0.03072
16 1 4 27510 0.03092
16 1 4 27460 0.03183
16 1 4 27365 0.03033
16 1 4 26931 0.03061
16 1 4 15902 0.019
16 1 4 15890 0.01919
16 1 4 15867 0.01907
16 1 4 15847 0.01831
16 1 4 15835 0.01842
16 1 4 15555 0.01902
16 1 4 10396 0.01321
16 1 4 10392 0.01372
16 1 4 10391 0.01368
16 1 4 10385 0.01394
16 1 4 10369 0.01377
16 1 4 10137 0.01346
16 1 5 161020 0.2025
16 1 5 160914 0.2078
16 1 5 158927 0.1946
16 1 5 157352 0.2045
16 1 5 153710 0.1982
16 1 5 149035 0.2012
16 1 5 149035 0.201
16 1 5 127800 0.1833
16 1 5 127297 0.1864
16 1 5 126684 0.1837
16 1 5 125777 0.1779
16 1 5 123414 0.18
16 1 5 108633 0.1132
16 1 5 108447 0.106
16 1 5 107966 0.114
16 1 5 107721 0.1112
16 1 5 106650 0.1102
16 1 5 105757 0.1114
16 1 5 104641 0.1103
16 1 5 64233 0.07442
16 1 5 64124 0.07205
16 1 5 63960 0.07372
16 1 5 63709 0.07319
16 1 5 62150 0.07261
16 1 5 61646 0.07346
16 1 5 41861 0.04889
16 1 5 41792 0.05177
16 1 5 41676 0.05057
16 1 5 41597 0.04874
16 1 5 41282 0.04886
16 1 5 39971 0.04733
16 1 5 38638 0.04579
16 1 5 28417 0.031
16 1 5 28389 0.03066
16 1 5 28358 0.03065
16 1 5 28328 0.03126
16 1 5 28232 0.02994
16 1 5 27384 0.03019
16 1 5 16218 0.01886
16 1 5 16195 0.01827
16 1 5 16179 0.01898
16 1 5 16153 0.01851
16 1 5 16139 0.01822
16 1 5 15860 0.01776
16 1 5 10530 0.01342
16 1 5 10526 0.01316
16 1 5 10520 0.01338
16 1 5 10518 0.01381
16 1 5 10503 0.01338
16 1 5 10264 0.01319
