2 1 1 100000 0.1092
2 1 1 100000 0.1059
2 1 1 100000 0.1016
2 1 1 100000 0.1007
2 1 1 100000 0.09944
2 1 1 100000 0.1003
2 1 1 100000 0.1251
2 1 1 100000 0.1319
2 1 1 100000 0.1332
2 1 1 100000 0.1331
2 1 1 100000 0.1341
2 1 1 100000 0.1339
2 1 1 100000 0.1333
2 1 1 100000 0.11
2 1 1 100000 0.1033
2 1 1 100000 0.1028
2 1 1 100000 0.1053
2 1 1 100000 0.1007
2 1 1 100000 0.1012
2 1 1 100000 0.09985
2 1 1 100000 0.1026
2 1 1 100000 0.1007
2 1 1 100000 0.09858
2 1 1 100000 0.101
2 1 1 100000 0.1022
2 1 1 100000 0.09983
2 1 1 100000 0.1011
2 1 1 100000 0.1001
2 1 1 100000 0.1005
2 1 1 100000 0.09893
2 1 1 100000 0.1022
2 1 1 100000 0.1
2 1 1 100000 0.09854
2 1 1 100000 0.1011
2 1 1 100000 0.1037
2 1 1 100000 0.1054
2 1 1 100000 0.1021
2 1 1 100000 0.1035
2 1 1 100000 0.1046
2 1 1 100000 0.1035
2 1 1 100000 0.1028
2 1 1 100000 0.1046
2 1 1 100000 0.1039
2 1 1 100000 0.104
2 1 1 100000 0.1032
2 1 1 100000 0.1037
2 1 1 100000 0.1042
2 1 1 100000 0.1031
2 1 1 100000 0.1043
2 1 1 100000 0.103
2 1 1 85000 0.09167
2 1 1 85000 0.09368
2 1 1 85000 0.09108
2 1 1 85000 0.09202
2 1 1 85000 0.09165
2 1 1 85000 0.09224
2 1 1 85000 0.09352
2 1 1 85000 0.092
2 1 1 85000 0.09345
2 1 1 85000 0.09079
2 1 1 85000 0.09211
2 1 1 85000 0.09204
2 1 1 85000 0.09105
2 1 1 85000 0.09094
2 1 1 85000 0.1061
2 1 1 85000 0.1055
2 1 1 85000 0.1061
2 1 1 85000 0.1071
2 1 1 85000 0.1093
2 1 1 85000 0.1096
2 1 1 85000 0.1127
2 1 1 85000 0.1118
2 1 1 85000 0.1107
2 1 1 85000 0.112
2 1 1 85000 0.1135
2 1 1 85000 0.1131
2 1 1 85000 0.1113
2 1 1 85000 0.115
2 1 1 85000 0.1129
2 1 1 85000 0.1125
2 1 1 85000 0.1137
2 1 1 85000 0.118
2 1 1 85000 0.1118
2 1 1 85000 0.1121
2 1 1 85000 0.1146
2 1 1 85000 0.1151
2 1 1 85000 0.1134
2 1 1 85000 0.1126
2 1 1 85000 0.1137
2 1 1 85000 0.09862
2 1 1 85000 0.08854
2 1 1 85000 0.09057
2 1 1 85000 0.09036
2 1 1 85000 0.09114
2 1 1 85000 0.09116
2 1 1 85000 0.0937
2 1 1 85000 0.09332
2 1 1 85000 0.1053
2 1 1 85000 0.09078
2 1 1 85000 0.09533
2 1 1 75000 0.08293
2 1 1 75000 0.08279
2 1 1 75000 0.08291
2 1 1 75000 0.08113
2 1 1 75000 0.08261
2 1 1 75000 0.08086
2 1 1 75000 0.08228
2 1 1 75000 0.09388
2 1 1 75000 0.08148
2 1 1 75000 0.08144
2 1 1 75000 0.08112
2 1 1 75000 0.08219
2 1 1 75000 0.08359
2 1 1 75000 0.08397
2 1 1 75000 0.08185
2 1 1 75000 0.08229
2 1 1 75000 0.08164
2 1 1 75000 0.07997
2 1 1 75000 0.07926
2 1 1 75000 0.08118
2 1 1 75000 0.07835
2 1 1 75000 0.08036
2 1 1 75000 0.07929
2 1 1 75000 0.07957
2 1 1 75000 0.0794
2 1 1 75000 0.07873
2 1 1 75000 0.07969
2 1 1 75000 0.08123
2 1 1 75000 0.08143
2 1 1 75000 0.08019
2 1 1 75000 0.08135
2 1 1 75000 0.08919
2 1 1 75000 0.07851
2 1 1 75000 0.07834
2 1 1 75000 0.08149
2 1 1 75000 0.08087
2 1 1 75000 0.08252
2 1 1 75000 0.08205
2 1 1 75000 0.08014
2 1 1 75000 0.08144
2 1 1 75000 0.08756
2 1 1 75000 0.08148
2 1 1 75000 0.08202
2 1 1 75000 0.08133
2 1 1 75000 0.08143
2 1 1 75000 0.08206
2 1 1 75000 0.08173
2 1 1 75000 0.08467
2 1 1 75000 0.0832
2 1 1 75000 0.08171
2 1 1 50000 0.0584
2 1 1 50000 0.05958
2 1 1 50000 0.05876
2 1 1 50000 0.06027
2 1 1 50000 0.0598
2 1 1 50000 0.05952
2 1 1 50000 0.06113
2 1 1 50000 0.05982
2 1 1 50000 0.06055
2 1 1 50000 0.05991
2 1 1 50000 0.05992
2 1 1 50000 0.05919
2 1 1 50000 0.06116
2 1 1 50000 0.06073
2 1 1 50000 0.06002
2 1 1 50000 0.06077
2 1 1 50000 0.05974
2 1 1 50000 0.05817
2 1 1 50000 0.05891
2 1 1 50000 0.05812
2 1 1 50000 0.05683
2 1 1 50000 0.05912
2 1 1 50000 0.05614
2 1 1 50000 0.05769
2 1 1 50000 0.05882
2 1 1 50000 0.05548
2 1 1 50000 0.05656
2 1 1 50000 0.05771
2 1 1 50000 0.05846
2 1 1 50000 0.0577
2 1 1 50000 0.05787
2 1 1 50000 0.05776
2 1 1 50000 0.05778
2 1 1 50000 0.05912
2 1 1 50000 0.0598
2 1 1 50000 0.05806
2 1 1 50000 0.05978
2 1 1 50000 0.06115
2 1 1 50000 0.06026
2 1 1 50000 0.05945
2 1 1 50000 0.0612
2 1 1 50000 0.06017
2 1 1 50000 0.06763
2 1 1 50000 0.06242
2 1 1 50000 0.05961
2 1 1 50000 0.06103
2 1 1 50000 0.06098
2 1 1 50000 0.05749
2 1 1 50000 0.06095
2 1 1 50000 0.06187
2 1 1 35000 0.04253
2 1 1 35000 0.04286
2 1 1 35000 0.04076
2 1 1 35000 0.0428
2 1 1 35000 0.044
2 1 1 35000 0.04126
2 1 1 35000 0.04218
2 1 1 35000 0.04233
2 1 1 35000 0.04973
2 1 1 35000 0.04932
2 1 1 35000 0.04912
2 1 1 35000 0.04882
2 1 1 35000 0.05016
2 1 1 35000 0.04864
2 1 1 35000 0.05007
2 1 1 35000 0.05077
2 1 1 35000 0.05037
2 1 1 35000 0.04721
2 1 1 35000 0.04835
2 1 1 35000 0.04854
2 1 1 35000 0.04668
2 1 1 35000 0.04879
2 1 1 35000 0.04786
2 1 1 35000 0.04781
2 1 1 35000 0.04815
2 1 1 35000 0.04699
2 1 1 35000 0.04751
2 1 1 35000 0.04694
2 1 1 35000 0.04912
2 1 1 35000 0.04847
2 1 1 35000 0.04672
2 1 1 35000 0.04831
2 1 1 35000 0.04732
2 1 1 35000 0.04838
2 1 1 35000 0.04815
2 1 1 35000 0.04951
2 1 1 35000 0.04968
2 1 1 35000 0.05036
2 1 1 35000 0.04837
2 1 1 35000 0.04967
2 1 1 35000 0.05015
2 1 1 35000 0.05029
2 1 1 35000 0.049
2 1 1 35000 0.04954
2 1 1 35000 0.04979
2 1 1 35000 0.04959
2 1 1 35000 0.0499
2 1 1 35000 0.04978
2 1 1 35000 0.05064
2 1 1 35000 0.04931
2 1 1 25000 0.03114
2 1 1 25000 0.03141
2 1 1 25000 0.03178
2 1 1 25000 0.03211
2 1 1 25000 0.03216
2 1 1 25000 0.03119
2 1 1 25000 0.03193
2 1 1 25000 0.0307
2 1 1 25000 0.03148
2 1 1 25000 0.03183
2 1 1 25000 0.03125
2 1 1 25000 0.03041
2 1 1 25000 0.03078
2 1 1 25000 0.02952
2 1 1 25000 0.03079
2 1 1 25000 0.03122
2 1 1 25000 0.03152
2 1 1 25000 0.02901
2 1 1 25000 0.03089
2 1 1 25000 0.02909
2 1 1 25000 0.02921
2 1 1 25000 0.0302
2 1 1 25000 0.02991
2 1 1 25000 0.02989
2 1 1 25000 0.02911
2 1 1 25000 0.03017
2 1 1 25000 0.02928
2 1 1 25000 0.02959
2 1 1 25000 0.03044
2 1 1 25000 0.0306
2 1 1 25000 0.02985
2 1 1 25000 0.03009
2 1 1 25000 0.02915
2 1 1 25000 0.03061
2 1 1 25000 0.03152
2 1 1 25000 0.03118
2 1 1 25000 0.03104
2 1 1 25000 0.03108
2 1 1 25000 0.02998
2 1 1 25000 0.0309
2 1 1 25000 0.03192
2 1 1 25000 0.03111
2 1 1 25000 0.03104
2 1 1 25000 0.03309
2 1 1 25000 0.03079
2 1 1 25000 0.03099
2 1 1 25000 0.03171
2 1 1 25000 0.03098
2 1 1 25000 0.0312
2 1 1 25000 0.03235
2 1 1 15000 0.01947
2 1 1 15000 0.01891
2 1 1 15000 0.01931
2 1 1 15000 0.01891
2 1 1 15000 0.01952
2 1 1 15000 0.01962
2 1 1 15000 0.01932
2 1 1 15000 0.01892
2 1 1 15000 0.01898
2 1 1 15000 0.01949
2 1 1 15000 0.01974
2 1 1 15000 0.02043
2 1 1 15000 0.01946
2 1 1 15000 0.01976
2 1 1 15000 0.01922
2 1 1 15000 0.01924
2 1 1 15000 0.01948
2 1 1 15000 0.01905
2 1 1 15000 0.01822
2 1 1 15000 0.01853
2 1 1 15000 0.01827
2 1 1 15000 0.01813
2 1 1 15000 0.01875
2 1 1 15000 0.01864
2 1 1 15000 0.01832
2 1 1 15000 0.01901
2 1 1 15000 0.01853
2 1 1 15000 0.0189
2 1 1 15000 0.01829
2 1 1 15000 0.01921
2 1 1 15000 0.01845
2 1 1 15000 0.01773
2 1 1 15000 0.01844
2 1 1 15000 0.01876
2 1 1 15000 0.01964
2 1 1 15000 0.01934
2 1 1 15000 0.01873
2 1 1 15000 0.01973
2 1 1 15000 0.01957
2 1 1 15000 0.01935
2 1 1 15000 0.01952
2 1 1 15000 0.01928
2 1 1 15000 0.01929
2 1 1 15000 0.0189
2 1 1 15000 0.01929
2 1 1 15000 0.0193
2 1 1 15000 0.0199
2 1 1 15000 0.01944
2 1 1 15000 0.01973
2 1 1 15000 0.01921
2 1 1 10000 0.01377
2 1 1 10000 0.01413
2 1 1 10000 0.01414
2 1 1 10000 0.01394
2 1 1 10000 0.01425
2 1 1 10000 0.01402
2 1 1 10000 0.01414
2 1 1 10000 0.01383
2 1 1 10000 0.01384
2 1 1 10000 0.01338
2 1 1 10000 0.01432
2 1 1 10000 0.01375
2 1 1 10000 0.01393
2 1 1 10000 0.01441
2 1 1 10000 0.01392
2 1 1 10000 0.01381
2 1 1 10000 0.0138
2 1 1 10000 0.01354
2 1 1 10000 0.0129
2 1 1 10000 0.01348
2 1 1 10000 0.01335
2 1 1 10000 0.01336
2 1 1 10000 0.01379
2 1 1 10000 0.01297
2 1 1 10000 0.01308
2 1 1 10000 0.01345
2 1 1 10000 0.01365
2 1 1 10000 0.01319
2 1 1 10000 0.01323
2 1 1 10000 0.01298
2 1 1 10000 0.01335
2 1 1 10000 0.01324
2 1 1 10000 0.01337
2 1 1 10000 0.01297
2 1 1 10000 0.01385
2 1 1 10000 0.01448
2 1 1 10000 0.014
2 1 1 10000 0.01342
2 1 1 10000 0.01445
2 1 1 10000 0.01372
2 1 1 10000 0.0139
2 1 1 10000 0.01443
2 1 1 10000 0.01391
2 1 1 10000 0.01396
2 1 1 10000 0.01422
2 1 1 10000 0.0136
2 1 1 10000 0.01393
2 1 1 10000 0.01457
2 1 1 10000 0.01388
2 1 1 10000 0.01434
2 1 2 113556 0.1481
2 1 2 113493 0.1491
2 1 2 113484 0.1483
2 1 2 113416 0.1488
2 1 2 113380 0.1477
2 1 2 113238 0.1462
2 1 2 113236 0.1457
2 1 2 113136 0.1475
2 1 2 113104 0.1469
2 1 2 113090 0.1471
2 1 2 113074 0.1473
2 1 2 112764 0.1443
2 1 2 112675 0.1448
2 1 2 112596 0.1441
2 1 2 112436 0.1499
2 1 2 112286 0.1465
2 1 2 112222 0.147
2 1 2 112161 0.1455
2 1 2 112044 0.1466
2 1 2 111974 0.1439
2 1 2 111818 0.1314
2 1 2 111187 0.1118
2 1 2 110156 0.1091
2 1 2 110156 0.1091
2 1 2 109208 0.1095
2 1 2 109125 0.109
2 1 2 109029 0.1096
2 1 2 108372 0.1101
2 1 2 108244 0.1081
2 1 2 106765 0.1057
2 1 2 105753 0.1082
2 1 2 104660 0.1075
2 1 2 103900 0.1069
2 1 2 103797 0.1065
2 1 2 103337 0.1043
2 1 2 103022 0.1058
2 1 2 102553 0.1182
2 1 2 102553 0.1043
2 1 2 101342 0.1037
2 1 2 101202 0.1052
2 1 2 101151 0.09745
2 1 2 100176 0.1011
2 1 2 99409 0.1014
2 1 2 99089 0.1027
2 1 2 97487 0.1012
2 1 2 97487 0.1013
2 1 2 96154 0.09756
2 1 2 95898 0.09979
2 1 2 94711 0.1039
2 1 2 94708 0.09911
2 1 2 94631 0.09952
2 1 2 94620 0.0996
2 1 2 94522 0.095
2 1 2 94494 0.09637
2 1 2 94455 0.09539
2 1 2 94452 0.09476
2 1 2 94363 0.09717
2 1 2 94327 0.09683
2 1 2 94057 0.09558
2 1 2 94050 0.09665
2 1 2 93931 0.09528
2 1 2 93849 0.09606
2 1 2 93845 0.09563
2 1 2 93780 0.09877
2 1 2 93681 0.09612
2 1 2 93647 0.09395
2 1 2 93420 0.09524
2 1 2 93389 0.0956
2 1 2 92961 0.09827
2 1 2 92656 0.09637
2 1 2 92419 0.09749
2 1 2 91333 0.09427
2 1 2 91277 0.09667
2 1 2 90837 0.09491
2 1 2 90593 0.09474
2 1 2 90508 0.09776
2 1 2 90280 0.09502
2 1 2 89948 0.09404
2 1 2 89595 0.09137
2 1 2 88881 0.09176
2 1 2 88432 0.09545
2 1 2 88391 0.09615
2 1 2 87951 0.08902
2 1 2 87531 0.09253
2 1 2 86626 0.09227
2 1 2 86110 0.09108
2 1 2 85402 0.09222
2 1 2 85357 0.09131
2 1 2 85045 0.09087
2 1 2 84781 0.09107
2 1 2 83205 0.0902
2 1 2 82613 0.08906
2 1 2 82610 0.0925
2 1 2 82605 0.08873
2 1 2 82582 0.09485
2 1 2 82560 0.09316
2 1 2 82545 0.08913
2 1 2 82544 0.0893
2 1 2 82512 0.08571
2 1 2 82495 0.08294
2 1 2 82493 0.08845
2 1 2 82377 0.0868
2 1 2 82370 0.08595
2 1 2 82360 0.08644
2 1 2 82325 0.08707
2 1 2 82282 0.08716
2 1 2 82260 0.08771
2 1 2 82233 0.08609
2 1 2 82161 0.08694
2 1 2 82114 0.08408
2 1 2 82087 0.0874
2 1 2 82054 0.08518
2 1 2 82046 0.08731
2 1 2 82035 0.1011
2 1 2 81804 0.08494
2 1 2 81684 0.08945
2 1 2 81594 0.08633
2 1 2 81513 0.08611
2 1 2 81413 0.08706
2 1 2 81074 0.08685
2 1 2 80648 0.08666
2 1 2 80586 0.08858
2 1 2 80502 0.08792
2 1 2 80073 0.08776
2 1 2 79989 0.0847
2 1 2 79429 0.08699
2 1 2 78608 0.08555
2 1 2 78608 0.08536
2 1 2 78179 0.08423
2 1 2 78119 0.08478
2 1 2 78074 0.08588
2 1 2 78004 0.08489
2 1 2 77761 0.08332
2 1 2 77580 0.08294
2 1 2 77520 0.08398
2 1 2 77054 0.08349
2 1 2 77052 0.08363
2 1 2 76929 0.08225
2 1 2 76279 0.08499
2 1 2 76279 0.08523
2 1 2 75848 0.08355
2 1 2 74900 0.09033
2 1 2 74627 0.08143
2 1 2 74174 0.08157
2 1 2 73931 0.08292
2 1 2 73702 0.08075
2 1 2 72791 0.07958
2 1 2 72791 0.07965
2 1 2 71505 0.07953
2 1 2 70683 0.07818
2 1 2 53383 0.06511
2 1 2 53381 0.06333
2 1 2 53380 0.06233
2 1 2 53379 0.06488
2 1 2 53375 0.06257
2 1 2 53375 0.06272
2 1 2 53373 0.0631
2 1 2 53372 0.06065
2 1 2 53372 0.06456
2 1 2 53370 0.06637
2 1 2 53357 0.06211
2 1 2 53353 0.06441
2 1 2 53344 0.06407
2 1 2 53329 0.06521
2 1 2 53319 0.06219
2 1 2 53310 0.06097
2 1 2 53278 0.06206
2 1 2 53275 0.06208
2 1 2 53263 0.06305
2 1 2 53259 0.06317
2 1 2 53250 0.0616
2 1 2 53232 0.06235
2 1 2 53213 0.06146
2 1 2 53200 0.06432
2 1 2 53167 0.06023
2 1 2 53148 0.06216
2 1 2 53115 0.06114
2 1 2 53076 0.06082
2 1 2 52965 0.06351
2 1 2 52955 0.06424
2 1 2 52921 0.06217
2 1 2 52743 0.06442
2 1 2 52558 0.06283
2 1 2 52554 0.06177
2 1 2 52437 0.06022
2 1 2 51838 0.06166
2 1 2 51671 0.06064
2 1 2 51417 0.0607
2 1 2 51048 0.06049
2 1 2 50947 0.06172
2 1 2 50245 0.05761
2 1 2 50245 0.05775
2 1 2 50165 0.06069
2 1 2 49610 0.0565
2 1 2 48966 0.05808
2 1 2 48602 0.0594
2 1 2 47654 0.05834
2 1 2 47654 0.05836
2 1 2 46683 0.05531
2 1 2 46444 0.05454
2 1 2 36662 0.04382
2 1 2 36662 0.04284
2 1 2 36662 0.04302
2 1 2 36662 0.04304
2 1 2 36657 0.04307
2 1 2 36657 0.04301
2 1 2 36652 0.04458
2 1 2 36652 0.04486
2 1 2 36640 0.04354
2 1 2 36640 0.04341
2 1 2 36635 0.04455
2 1 2 36625 0.04184
2 1 2 36613 0.04335
2 1 2 36611 0.04297
2 1 2 36601 0.04257
2 1 2 36597 0.04313
2 1 2 36590 0.04165
2 1 2 36587 0.04266
2 1 2 36585 0.04334
2 1 2 36585 0.04316
2 1 2 36573 0.04165
2 1 2 36571 0.04125
2 1 2 36568 0.04228
2 1 2 36565 0.04178
2 1 2 36554 0.04114
2 1 2 36551 0.04217
2 1 2 36535 0.04393
2 1 2 36535 0.04325
2 1 2 36507 0.04132
2 1 2 36312 0.04387
2 1 2 36225 0.04421
2 1 2 36225 0.04407
2 1 2 36126 0.04315
2 1 2 36094 0.04261
2 1 2 36050 0.0439
2 1 2 35875 0.0421
2 1 2 35642 0.0467
2 1 2 35612 0.04233
2 1 2 35041 0.04113
2 1 2 35005 0.0404
2 1 2 34924 0.04193
2 1 2 34903 0.04179
2 1 2 34650 0.04125
2 1 2 34650 0.04123
2 1 2 34227 0.04127
2 1 2 34090 0.04079
2 1 2 34078 0.0401
2 1 2 33790 0.04117
2 1 2 33687 0.03893
2 1 2 33687 0.03877
2 1 2 25848 0.03015
2 1 2 25840 0.02828
2 1 2 25840 0.02813
2 1 2 25837 0.02911
2 1 2 25836 0.02675
2 1 2 25834 0.02812
2 1 2 25832 0.02949
2 1 2 25829 0.02829
2 1 2 25829 0.02988
2 1 2 25827 0.02986
2 1 2 25823 0.02849
2 1 2 25821 0.03035
2 1 2 25818 0.02745
2 1 2 25817 0.02648
2 1 2 25816 0.02736
2 1 2 25814 0.02807
2 1 2 25814 0.02794
2 1 2 25791 0.02743
2 1 2 25790 0.02795
2 1 2 25781 0.02796
2 1 2 25776 0.02738
2 1 2 25771 0.02607
2 1 2 25743 0.02717
2 1 2 25738 0.02805
2 1 2 25729 0.02764
2 1 2 25697 0.02988
2 1 2 25669 0.02866
2 1 2 25620 0.02982
2 1 2 25353 0.027
2 1 2 25293 0.02904
2 1 2 25284 0.02845
2 1 2 25279 0.02913
2 1 2 25198 0.02891
2 1 2 25191 0.02956
2 1 2 25190 0.02926
2 1 2 25140 0.02786
2 1 2 25034 0.02825
2 1 2 25034 0.02857
2 1 2 24870 0.02877
2 1 2 24824 0.02868
2 1 2 24821 0.02828
2 1 2 24784 0.02729
2 1 2 24650 0.02529
2 1 2 24524 0.02752
2 1 2 24464 0.02798
2 1 2 24355 0.02702
2 1 2 24271 0.02752
2 1 2 24192 0.02708
2 1 2 24190 0.02641
2 1 2 24110 0.02704
2 1 2 15304 0.01812
2 1 2 15304 0.01819
2 1 2 15304 0.01845
2 1 2 15303 0.01805
2 1 2 15303 0.01958
2 1 2 15302 0.01836
2 1 2 15301 0.01841
2 1 2 15300 0.01895
2 1 2 15300 0.01864
2 1 2 15300 0.01876
2 1 2 15299 0.01782
2 1 2 15299 0.01771
2 1 2 15298 0.01861
2 1 2 15297 0.01785
2 1 2 15297 0.01782
2 1 2 15297 0.01812
2 1 2 15297 0.01821
2 1 2 15296 0.01745
2 1 2 15295 0.01697
2 1 2 15294 0.01728
2 1 2 15294 0.01727
2 1 2 15293 0.01722
2 1 2 15291 0.01789
2 1 2 15289 0.01734
2 1 2 15286 0.01721
2 1 2 15286 0.01776
2 1 2 15284 0.01808
2 1 2 15279 0.01595
2 1 2 15279 0.01851
2 1 2 15278 0.01777
2 1 2 15275 0.01754
2 1 2 15273 0.01754
2 1 2 15268 0.0184
2 1 2 15254 0.01719
2 1 2 15248 0.01774
2 1 2 15248 0.0172
2 1 2 15151 0.01808
2 1 2 15090 0.01781
2 1 2 15072 0.0179
2 1 2 15053 0.01784
2 1 2 15034 0.01771
2 1 2 15032 0.01792
2 1 2 15004 0.0175
2 1 2 14907 0.01756
2 1 2 14892 0.0181
2 1 2 14864 0.01752
2 1 2 14823 0.01805
2 1 2 14790 0.0183
2 1 2 14783 0.01751
2 1 2 14695 0.01674
2 1 2 10135 0.01225
2 1 2 10135 0.01291
2 1 2 10135 0.0128
2 1 2 10134 0.01273
2 1 2 10134 0.01334
2 1 2 10134 0.01283
2 1 2 10134 0.01252
2 1 2 10134 0.01241
2 1 2 10134 0.01316
2 1 2 10134 0.01313
2 1 2 10134 0.01305
2 1 2 10134 0.01324
2 1 2 10133 0.01283
2 1 2 10133 0.01293
2 1 2 10133 0.01216
2 1 2 10133 0.01278
2 1 2 10133 0.01273
2 1 2 10132 0.01245
2 1 2 10132 0.01333
2 1 2 10131 0.01268
2 1 2 10131 0.01288
2 1 2 10130 0.01261
2 1 2 10130 0.01253
2 1 2 10130 0.01331
2 1 2 10129 0.01347
2 1 2 10129 0.01228
2 1 2 10129 0.01232
2 1 2 10128 0.0143
2 1 2 10126 0.01257
2 1 2 10125 0.01231
2 1 2 10124 0.01328
2 1 2 10123 0.0123
2 1 2 10121 0.01288
2 1 2 10120 0.01344
2 1 2 10116 0.01305
2 1 2 10099 0.01275
2 1 2 10091 0.01289
2 1 2 10086 0.0132
2 1 2 10064 0.01292
2 1 2 10031 0.01217
2 1 2 10011 0.01238
2 1 2 9974 0.01321
2 1 2 9964 0.01228
2 1 2 9960 0.0128
2 1 2 9919 0.01187
2 1 2 9919 0.01192
2 1 2 9891 0.01253
2 1 2 9884 0.01269
2 1 2 9872 0.01295
2 1 2 9872 0.01303
2 1 3 128637 0.1855
2 1 3 127748 0.1734
2 1 3 127667 0.1825
2 1 3 127299 0.174
2 1 3 126507 0.1801
2 1 3 126507 0.1796
2 1 3 125990 0.1754
2 1 3 125981 0.1678
2 1 3 125849 0.1753
2 1 3 125451 0.1781
2 1 3 125162 0.1831
2 1 3 123583 0.1786
2 1 3 123338 0.1734
2 1 3 123182 0.1756
2 1 3 122609 0.1197
2 1 3 122192 0.1212
2 1 3 122026 0.1179
2 1 3 121532 0.1206
2 1 3 120763 0.1208
2 1 3 120732 0.1173
2 1 3 120674 0.1177
2 1 3 119776 0.1186
2 1 3 119603 0.1183
2 1 3 118905 0.1169
2 1 3 117770 0.1166
2 1 3 117770 0.1164
2 1 3 116780 0.1135
2 1 3 116121 0.1159
2 1 3 114952 0.1162
2 1 3 113957 0.114
2 1 3 113928 0.1162
2 1 3 113870 0.1128
2 1 3 112665 0.1142
2 1 3 112055 0.1142
2 1 3 112023 0.1147
2 1 3 111942 0.1114
2 1 3 108504 0.1084
2 1 3 108504 0.108
2 1 3 108075 0.1101
2 1 3 108067 0.1111
2 1 3 107235 0.1086
2 1 3 106468 0.1091
2 1 3 106293 0.1095
2 1 3 105530 0.1065
2 1 3 105022 0.1025
2 1 3 104984 0.1073
2 1 3 104722 0.1064
2 1 3 104584 0.1034
2 1 3 104515 0.1039
2 1 3 104470 0.1046
2 1 3 104357 0.1072
2 1 3 104323 0.103
2 1 3 104198 0.1039
2 1 3 103927 0.1046
2 1 3 103766 0.1071
2 1 3 103766 0.1064
2 1 3 103622 0.1038
2 1 3 103483 0.1061
2 1 3 103364 0.1035
2 1 3 103031 0.1041
2 1 3 102122 0.1029
2 1 3 101739 0.1032
2 1 3 101501 0.104
2 1 3 100840 0.1078
2 1 3 100293 0.09919
2 1 3 99698 0.1018
2 1 3 99527 0.1008
2 1 3 99393 0.106
2 1 3 99342 0.1003
2 1 3 98270 0.1026
2 1 3 98212 0.1028
2 1 3 97574 0.09916
2 1 3 97547 0.1021
2 1 3 97090 0.099
2 1 3 96644 0.099
2 1 3 95950 0.09989
2 1 3 95621 0.0992
2 1 3 95602 0.09889
2 1 3 94782 0.09686
2 1 3 94088 0.09699
2 1 3 93416 0.09708
2 1 3 92776 0.09901
2 1 3 92504 0.09795
2 1 3 92458 0.09737
2 1 3 92420 0.09537
2 1 3 91579 0.097
2 1 3 91070 0.09175
2 1 3 90838 0.09626
2 1 3 90777 0.09563
2 1 3 90627 0.09446
2 1 3 90407 0.09578
2 1 3 90291 0.09284
2 1 3 90260 0.09245
2 1 3 90213 0.09328
2 1 3 90111 0.08884
2 1 3 90079 0.08591
2 1 3 90078 0.09293
2 1 3 90073 0.09419
2 1 3 90055 0.09198
2 1 3 89940 0.09317
2 1 3 89887 0.08777
2 1 3 89824 0.09325
2 1 3 89711 0.09332
2 1 3 89558 0.09258
2 1 3 89462 0.09346
2 1 3 89024 0.09414
2 1 3 88841 0.09282
2 1 3 88434 0.09389
2 1 3 88352 0.09555
2 1 3 88258 0.09309
2 1 3 87318 0.09483
2 1 3 87318 0.0949
2 1 3 87123 0.09293
2 1 3 86416 0.09064
2 1 3 86369 0.0928
2 1 3 86246 0.09231
2 1 3 85806 0.0902
2 1 3 85057 0.0919
2 1 3 84918 0.08997
2 1 3 84647 0.09294
2 1 3 84578 0.09047
2 1 3 84345 0.09039
2 1 3 83711 0.08113
2 1 3 83711 0.08124
2 1 3 83616 0.09012
2 1 3 83477 0.0901
2 1 3 83384 0.08878
2 1 3 83270 0.08741
2 1 3 83133 0.09
2 1 3 81905 0.08905
2 1 3 81804 0.0894
2 1 3 81646 0.08871
2 1 3 81037 0.08721
2 1 3 80869 0.08682
2 1 3 80793 0.08713
2 1 3 80790 0.08648
2 1 3 78969 0.0862
2 1 3 78969 0.08633
2 1 3 78259 0.08497
2 1 3 78177 0.08464
2 1 3 77549 0.08516
2 1 3 76283 0.08272
2 1 3 75822 0.08459
2 1 3 75351 0.08324
2 1 3 75183 0.08414
2 1 3 72984 0.08268
2 1 3 72923 0.08055
2 1 3 71919 0.07899
2 1 3 68598 0.07639
2 1 3 67493 0.07655
2 1 3 57014 0.06498
2 1 3 56988 0.06993
2 1 3 56982 0.06779
2 1 3 56961 0.06729
2 1 3 56936 0.06895
2 1 3 56854 0.06433
2 1 3 56841 0.06439
2 1 3 56822 0.0645
2 1 3 56816 0.06465
2 1 3 56778 0.06291
2 1 3 56740 0.06225
2 1 3 56691 0.0637
2 1 3 56679 0.06313
2 1 3 56672 0.06354
2 1 3 56648 0.06275
2 1 3 56614 0.06326
2 1 3 56611 0.06426
2 1 3 56515 0.06485
2 1 3 56496 0.06671
2 1 3 56469 0.06379
2 1 3 56303 0.06375
2 1 3 55740 0.06671
2 1 3 55443 0.06265
2 1 3 55154 0.06536
2 1 3 54766 0.06591
2 1 3 54491 0.06209
2 1 3 54485 0.06516
2 1 3 54463 0.0622
2 1 3 53905 0.06367
2 1 3 53629 0.06205
2 1 3 53556 0.06228
2 1 3 53379 0.06397
2 1 3 53019 0.06186
2 1 3 52602 0.06303
2 1 3 52277 0.0625
2 1 3 52206 0.06316
2 1 3 52144 0.062
2 1 3 51828 0.06213
2 1 3 51516 0.06076
2 1 3 51282 0.06225
2 1 3 51203 0.06037
2 1 3 50987 0.06176
2 1 3 50356 0.06093
2 1 3 50356 0.06087
2 1 3 49754 0.05986
2 1 3 49173 0.05912
2 1 3 47568 0.05704
2 1 3 46788 0.05547
2 1 3 46445 0.05458
2 1 3 45434 0.057
2 1 3 38383 0.046
2 1 3 38382 0.0446
2 1 3 38375 0.04663
2 1 3 38370 0.04552
2 1 3 38359 0.04607
2 1 3 38341 0.04431
2 1 3 38322 0.04368
2 1 3 38322 0.04529
2 1 3 38307 0.0452
2 1 3 38300 0.04343
2 1 3 38279 0.04312
2 1 3 38274 0.04272
2 1 3 38262 0.04409
2 1 3 38254 0.04604
2 1 3 38249 0.04519
2 1 3 38246 0.04279
2 1 3 38192 0.04359
2 1 3 38184 0.04346
2 1 3 38131 0.04248
2 1 3 38131 0.04257
2 1 3 37990 0.04549
2 1 3 37834 0.04619
2 1 3 37832 0.04452
2 1 3 37808 0.04438
2 1 3 37734 0.04584
2 1 3 37580 0.04348
2 1 3 37570 0.0453
2 1 3 37419 0.04281
2 1 3 37164 0.04449
2 1 3 37107 0.04513
2 1 3 37078 0.04412
2 1 3 36915 0.04306
2 1 3 36648 0.04201
2 1 3 36582 0.04336
2 1 3 36496 0.04371
2 1 3 36496 0.04365
2 1 3 36111 0.04121
2 1 3 36111 0.04137
2 1 3 36080 0.04382
2 1 3 35683 0.04213
2 1 3 35675 0.04233
2 1 3 35324 0.04169
2 1 3 35267 0.04246
2 1 3 35183 0.04298
2 1 3 34752 0.04126
2 1 3 34752 0.04105
2 1 3 34510 0.04193
2 1 3 34457 0.04219
2 1 3 33594 0.0389
2 1 3 33594 0.03879
2 1 3 26727 0.03058
2 1 3 26710 0.0302
2 1 3 26699 0.03003
2 1 3 26692 0.02891
2 1 3 26682 0.03046
2 1 3 26682 0.02899
2 1 3 26675 0.0311
2 1 3 26666 0.02772
2 1 3 26659 0.02718
2 1 3 26656 0.02834
2 1 3 26650 0.02775
2 1 3 26642 0.02682
2 1 3 26634 0.02735
2 1 3 26633 0.02864
2 1 3 26631 0.02797
2 1 3 26629 0.02808
2 1 3 26619 0.02771
2 1 3 26604 0.02736
2 1 3 26569 0.02839
2 1 3 26556 0.02818
2 1 3 26453 0.02945
2 1 3 26224 0.02899
2 1 3 26210 0.03004
2 1 3 26138 0.02968
2 1 3 26086 0.02954
2 1 3 26049 0.02637
2 1 3 25881 0.03
2 1 3 25881 0.02993
2 1 3 25795 0.0286
2 1 3 25742 0.02722
2 1 3 25701 0.02992
2 1 3 25668 0.02814
2 1 3 25651 0.02872
2 1 3 25648 0.02795
2 1 3 25606 0.02777
2 1 3 25577 0.02941
2 1 3 25457 0.02693
2 1 3 25355 0.0288
2 1 3 25306 0.02921
2 1 3 25291 0.02907
2 1 3 25176 0.02928
2 1 3 25176 0.02937
2 1 3 25090 0.02764
2 1 3 25038 0.02935
2 1 3 24986 0.02845
2 1 3 24981 0.02857
2 1 3 24930 0.02929
2 1 3 24747 0.02724
2 1 3 24713 0.02936
2 1 3 24392 0.02739
2 1 3 15608 0.01941
2 1 3 15607 0.01842
2 1 3 15605 0.01909
2 1 3 15605 0.01888
2 1 3 15601 0.01891
2 1 3 15601 0.01751
2 1 3 15599 0.01848
2 1 3 15599 0.01829
2 1 3 15597 0.01822
2 1 3 15596 0.01785
2 1 3 15596 0.01788
2 1 3 15596 0.01907
2 1 3 15592 0.01854
2 1 3 15592 0.01875
2 1 3 15588 0.01821
2 1 3 15585 0.01877
2 1 3 15584 0.01746
2 1 3 15580 0.018
2 1 3 15569 0.01783
2 1 3 15563 0.01874
2 1 3 15560 0.01752
2 1 3 15559 0.01786
2 1 3 15554 0.01763
2 1 3 15525 0.0191
2 1 3 15474 0.01897
2 1 3 15409 0.01852
2 1 3 15385 0.0185
2 1 3 15373 0.01863
2 1 3 15339 0.01944
2 1 3 15324 0.01889
2 1 3 15305 0.01834
2 1 3 15305 0.01837
2 1 3 15296 0.01844
2 1 3 15281 0.01743
2 1 3 15266 0.01823
2 1 3 15221 0.01867
2 1 3 15196 0.01832
2 1 3 15196 0.01827
2 1 3 15186 0.01825
2 1 3 15111 0.01812
2 1 3 15107 0.01903
2 1 3 15105 0.01836
2 1 3 15007 0.01879
2 1 3 15007 0.01873
2 1 3 14962 0.01776
2 1 3 14878 0.01844
2 1 3 14827 0.01753
2 1 3 14752 0.01754
2 1 3 14739 0.01873
2 1 3 14496 0.01778
2 1 3 10273 0.01297
2 1 3 10271 0.01369
2 1 3 10270 0.01345
2 1 3 10270 0.01334
2 1 3 10268 0.01266
2 1 3 10268 0.0138
2 1 3 10267 0.01253
2 1 3 10267 0.0126
2 1 3 10265 0.01266
2 1 3 10265 0.01265
2 1 3 10264 0.01367
2 1 3 10262 0.01347
2 1 3 10262 0.0126
2 1 3 10262 0.01242
2 1 3 10260 0.01221
2 1 3 10260 0.0123
2 1 3 10258 0.01259
2 1 3 10257 0.01355
2 1 3 10257 0.01243
2 1 3 10257 0.01355
2 1 3 10256 0.01357
2 1 3 10248 0.013
2 1 3 10226 0.01369
2 1 3 10219 0.01397
2 1 3 10198 0.01334
2 1 3 10186 0.0132
2 1 3 10175 0.01306
2 1 3 10175 0.01292
2 1 3 10143 0.01317
2 1 3 10141 0.01338
2 1 3 10120 0.01324
2 1 3 10109 0.01287
2 1 3 10107 0.01334
2 1 3 10107 0.01268
2 1 3 10094 0.01341
2 1 3 10088 0.01317
2 1 3 10067 0.01307
2 1 3 10067 0.01308
2 1 3 10051 0.0128
2 1 3 10030 0.01317
2 1 3 10030 0.01308
2 1 3 10017 0.01311
2 1 3 10008 0.01325
2 1 3 10008 0.01335
2 1 3 10001 0.01337
2 1 3 9984 0.01355
2 1 3 9926 0.01325
2 1 3 9879 0.01249
2 1 3 9879 0.01244
2 1 3 9818 0.01357
2 1 4 144362 0.2405
2 1 4 143488 0.2287
2 1 4 142850 0.2325
2 1 4 142035 0.2366
2 1 4 141933 0.2304
2 1 4 141565 0.204
2 1 4 141214 0.1883
2 1 4 141063 0.1781
2 1 4 140543 0.1809
2 1 4 140543 0.1696
2 1 4 139383 0.184
2 1 4 139168 0.1879
2 1 4 138537 0.2049
2 1 4 137130 0.1831
2 1 4 136434 0.1776
2 1 4 135173 0.192
2 1 4 135040 0.1848
2 1 4 133771 0.1757
2 1 4 132843 0.1703
2 1 4 132779 0.1824
2 1 4 132272 0.1772
2 1 4 130925 0.1778
2 1 4 130447 0.1745
2 1 4 129587 0.1892
2 1 4 129299 0.1842
2 1 4 128659 0.1826
2 1 4 128337 0.1793
2 1 4 127514 0.186
2 1 4 126976 0.1817
2 1 4 126802 0.1714
2 1 4 126595 0.1812
2 1 4 121618 0.1199
2 1 4 121091 0.1184
2 1 4 121055 0.1109
2 1 4 120769 0.1231
2 1 4 116057 0.1154
2 1 4 115999 0.1076
2 1 4 115782 0.1126
2 1 4 114649 0.1127
2 1 4 114568 0.1165
2 1 4 114173 0.1126
2 1 4 113781 0.1126
2 1 4 113245 0.1146
2 1 4 112377 0.1138
2 1 4 112165 0.1112
2 1 4 112159 0.104
2 1 4 111870 0.1126
2 1 4 111156 0.1118
2 1 4 111109 0.1106
2 1 4 110983 0.1145
2 1 4 110794 0.1274
2 1 4 109924 0.1092
2 1 4 109622 0.1086
2 1 4 109117 0.1107
2 1 4 108781 0.1082
2 1 4 108611 0.1078
2 1 4 108508 0.112
2 1 4 107975 0.1094
2 1 4 107763 0.1113
2 1 4 107290 0.1058
2 1 4 106768 0.1056
2 1 4 106768 0.1057
2 1 4 106264 0.1064
2 1 4 105494 0.1117
2 1 4 105212 0.1066
2 1 4 104937 0.1037
2 1 4 104713 0.1085
2 1 4 104543 0.1255
2 1 4 104027 0.1402
2 1 4 103067 0.138
2 1 4 102747 0.1412
2 1 4 101858 0.1366
2 1 4 101744 0.1342
2 1 4 101689 0.1386
2 1 4 101195 0.1379
2 1 4 100893 0.1353
2 1 4 100003 0.1324
2 1 4 99484 0.1314
2 1 4 99481 0.1337
2 1 4 99340 0.1345
2 1 4 99207 0.1347
2 1 4 99110 0.1292
2 1 4 98882 0.1295
2 1 4 98882 0.1294
2 1 4 98622 0.1294
2 1 4 98622 0.129
2 1 4 98419 0.1306
2 1 4 98340 0.1331
2 1 4 98215 0.1337
2 1 4 98077 0.1316
2 1 4 98072 0.13
2 1 4 98043 0.1305
2 1 4 97915 0.1315
2 1 4 97434 0.1268
2 1 4 97421 0.1322
2 1 4 97215 0.1197
2 1 4 97057 0.1304
2 1 4 96858 0.1294
2 1 4 96611 0.1305
2 1 4 96328 0.1311
2 1 4 96210 0.131
2 1 4 95288 0.1292
2 1 4 95096 0.1247
2 1 4 95079 0.1283
2 1 4 94853 0.1286
2 1 4 94690 0.1296
2 1 4 94537 0.1302
2 1 4 94232 0.1248
2 1 4 93853 0.1007
2 1 4 93381 0.09863
2 1 4 93279 0.09247
2 1 4 93279 0.09306
2 1 4 92614 0.09832
2 1 4 92605 0.09803
2 1 4 92449 0.09822
2 1 4 92172 0.0965
2 1 4 91022 0.09234
2 1 4 90934 0.09614
2 1 4 90792 0.09282
2 1 4 90489 0.09385
2 1 4 89954 0.09585
2 1 4 89890 0.09371
2 1 4 89204 0.09351
2 1 4 88092 0.09474
2 1 4 87400 0.08627
2 1 4 87077 0.09287
2 1 4 86371 0.09267
2 1 4 86278 0.09202
2 1 4 85563 0.09119
2 1 4 85563 0.09145
2 1 4 84396 0.08814
2 1 4 84396 0.08769
2 1 4 83683 0.09092
2 1 4 82581 0.08813
2 1 4 82457 0.08856
2 1 4 82221 0.08655
2 1 4 81801 0.08905
2 1 4 81801 0.08902
2 1 4 81251 0.08945
2 1 4 80209 0.08802
2 1 4 80193 0.0861
2 1 4 79778 0.08644
2 1 4 77508 0.08359
2 1 4 77508 0.08371
2 1 4 76431 0.08239
2 1 4 73746 0.08253
2 1 4 73488 0.08066
2 1 4 70545 0.07764
2 1 4 67857 0.07581
2 1 4 67586 0.07656
2 1 4 60772 0.07116
2 1 4 60750 0.07111
2 1 4 60603 0.06824
2 1 4 60598 0.06918
2 1 4 60527 0.06854
2 1 4 60522 0.07058
2 1 4 60457 0.06877
2 1 4 60426 0.07032
2 1 4 60329 0.0686
2 1 4 60283 0.06711
2 1 4 60209 0.06927
2 1 4 60076 0.06766
2 1 4 59518 0.06914
2 1 4 59169 0.07053
2 1 4 58846 0.06881
2 1 4 58826 0.07088
2 1 4 58752 0.07034
2 1 4 58651 0.06832
2 1 4 58133 0.06768
2 1 4 58129 0.06945
2 1 4 57199 0.06338
2 1 4 57157 0.06355
2 1 4 57028 0.06794
2 1 4 56680 0.06578
2 1 4 56521 0.06319
2 1 4 56452 0.06659
2 1 4 56411 0.06571
2 1 4 56338 0.06845
2 1 4 56079 0.06663
2 1 4 56059 0.06518
2 1 4 55649 0.06671
2 1 4 55607 0.06443
2 1 4 55005 0.06764
2 1 4 54773 0.06597
2 1 4 54504 0.06479
2 1 4 54404 0.06574
2 1 4 53637 0.06533
2 1 4 53399 0.06523
2 1 4 52889 0.06418
2 1 4 52523 0.06364
2 1 4 52291 0.06018
2 1 4 52249 0.06287
2 1 4 50215 0.06124
2 1 4 49952 0.06167
2 1 4 48852 0.05897
2 1 4 48635 0.05864
2 1 4 48558 0.05978
2 1 4 48459 0.05776
2 1 4 46109 0.05699
2 1 4 45139 0.05598
2 1 4 40224 0.04728
2 1 4 40128 0.04748
2 1 4 40125 0.04656
2 1 4 40121 0.04659
2 1 4 40120 0.04499
2 1 4 40071 0.04443
2 1 4 40024 0.04495
2 1 4 39993 0.0465
2 1 4 39984 0.04511
2 1 4 39957 0.04696
2 1 4 39951 0.04473
2 1 4 39946 0.04497
2 1 4 39919 0.04422
2 1 4 39877 0.04464
2 1 4 39868 0.04572
2 1 4 39847 0.04458
2 1 4 39820 0.04851
2 1 4 39781 0.04739
2 1 4 39776 0.04622
2 1 4 39754 0.04455
2 1 4 39543 0.04841
2 1 4 39320 0.04673
2 1 4 39315 0.04521
2 1 4 39170 0.04711
2 1 4 39114 0.04445
2 1 4 38815 0.04474
2 1 4 38682 0.04526
2 1 4 38428 0.04508
2 1 4 38379 0.04587
2 1 4 38225 0.04248
2 1 4 38126 0.04649
2 1 4 37779 0.04063
2 1 4 37760 0.046
2 1 4 37356 0.04565
2 1 4 37354 0.0451
2 1 4 37311 0.04227
2 1 4 37152 0.04334
2 1 4 37105 0.04475
2 1 4 36799 0.04304
2 1 4 36587 0.04391
2 1 4 36313 0.04473
2 1 4 36057 0.0428
2 1 4 36011 0.04274
2 1 4 35869 0.04374
2 1 4 35778 0.04257
2 1 4 34658 0.04092
2 1 4 34385 0.04028
2 1 4 34111 0.03919
2 1 4 33920 0.0395
2 1 4 33255 0.03863
2 1 4 27557 0.03207
2 1 4 27555 0.03142
2 1 4 27527 0.02948
2 1 4 27526 0.02928
2 1 4 27514 0.02994
2 1 4 27509 0.0292
2 1 4 27500 0.02944
2 1 4 27475 0.02924
2 1 4 27464 0.02882
2 1 4 27455 0.03143
2 1 4 27416 0.02903
2 1 4 27381 0.0316
2 1 4 27292 0.03081
2 1 4 27250 0.03129
2 1 4 27085 0.03303
2 1 4 27006 0.03182
2 1 4 26997 0.03139
2 1 4 26959 0.02984
2 1 4 26949 0.03101
2 1 4 26906 0.02899
2 1 4 26905 0.03257
2 1 4 26744 0.02796
2 1 4 26736 0.03048
2 1 4 26528 0.02793
2 1 4 26515 0.02887
2 1 4 26493 0.03071
2 1 4 26417 0.02969
2 1 4 26272 0.02894
2 1 4 26231 0.02924
2 1 4 26222 0.03007
2 1 4 26129 0.02959
2 1 4 26079 0.02999
2 1 4 26074 0.02819
2 1 4 26069 0.02965
2 1 4 25984 0.03009
2 1 4 25898 0.03046
2 1 4 25864 0.0304
2 1 4 25864 0.02962
2 1 4 25768 0.02906
2 1 4 25768 0.02881
2 1 4 25714 0.03011
2 1 4 25714 0.02991
2 1 4 25497 0.02991
2 1 4 25233 0.03021
2 1 4 25179 0.02883
2 1 4 25148 0.02961
2 1 4 25146 0.02872
2 1 4 24799 0.02789
2 1 4 24357 0.02941
2 1 4 23959 0.02567
2 1 4 15919 0.01811
2 1 4 15919 0.01868
2 1 4 15916 0.01985
2 1 4 15915 0.01904
2 1 4 15912 0.01886
2 1 4 15911 0.01818
2 1 4 15907 0.01828
2 1 4 15906 0.0181
2 1 4 15899 0.01856
2 1 4 15899 0.01841
2 1 4 15895 0.01765
2 1 4 15894 0.01863
2 1 4 15886 0.01785
2 1 4 15884 0.0179
2 1 4 15871 0.01881
2 1 4 15866 0.01788
2 1 4 15861 0.01857
2 1 4 15855 0.01749
2 1 4 15849 0.01841
2 1 4 15842 0.01924
2 1 4 15828 0.0176
2 1 4 15828 0.01766
2 1 4 15687 0.01828
2 1 4 15657 0.01868
2 1 4 15612 0.01931
2 1 4 15605 0.01931
2 1 4 15601 0.01767
2 1 4 15556 0.01914
2 1 4 15543 0.01781
2 1 4 15530 0.01873
2 1 4 15521 0.01938
2 1 4 15454 0.01921
2 1 4 15425 0.01915
2 1 4 15414 0.01816
2 1 4 15409 0.01857
2 1 4 15371 0.01876
2 1 4 15370 0.01878
2 1 4 15368 0.01794
2 1 4 15337 0.01903
2 1 4 15228 0.01766
2 1 4 15189 0.01858
2 1 4 15098 0.01847
2 1 4 15087 0.01719
2 1 4 15072 0.01817
2 1 4 14966 0.01832
2 1 4 14851 0.01719
2 1 4 14843 0.01743
2 1 4 14786 0.01763
2 1 4 14646 0.01818
2 1 4 14395 0.01751
2 1 4 10411 0.01347
2 1 4 10408 0.01331
2 1 4 10406 0.01366
2 1 4 10404 0.01411
2 1 4 10402 0.01316
2 1 4 10401 0.01391
2 1 4 10401 0.01331
2 1 4 10398 0.01337
2 1 4 10396 0.01296
2 1 4 10396 0.01297
2 1 4 10395 0.01437
2 1 4 10394 0.01353
2 1 4 10390 0.01333
2 1 4 10390 0.01343
2 1 4 10386 0.01305
2 1 4 10382 0.01339
2 1 4 10381 0.01322
2 1 4 10346 0.01422
2 1 4 10331 0.01369
2 1 4 10328 0.0138
2 1 4 10308 0.01434
2 1 4 10291 0.01356
2 1 4 10278 0.0134
2 1 4 10270 0.01399
2 1 4 10243 0.01351
2 1 4 10243 0.01365
2 1 4 10228 0.01364
2 1 4 10223 0.01396
2 1 4 10211 0.01421
2 1 4 10200 0.0135
2 1 4 10186 0.01262
2 1 4 10182 0.01351
2 1 4 10171 0.01393
2 1 4 10171 0.01459
2 1 4 10146 0.01342
2 1 4 10145 0.01362
2 1 4 10137 0.01391
2 1 4 10137 0.01358
2 1 4 10122 0.01368
2 1 4 10122 0.01372
2 1 4 10050 0.01323
2 1 4 10050 0.01321
2 1 4 10031 0.01328
2 1 4 10030 0.01343
2 1 4 9980 0.01273
2 1 4 9970 0.01371
2 1 4 9950 0.01285
2 1 4 9935 0.01348
2 1 4 9881 0.01354
2 1 4 9830 0.01374
2 1 5 160651 0.1929
2 1 5 160165 0.191
2 1 5 160074 0.198
2 1 5 159938 0.1911
2 1 5 159827 0.1932
2 1 5 158945 0.1934
2 1 5 158392 0.2045
2 1 5 158392 0.2042
2 1 5 156438 0.1908
2 1 5 156438 0.19
2 1 5 155033 0.1986
2 1 5 151940 0.1973
2 1 5 151789 0.1936
2 1 5 151176 0.2058
2 1 5 150310 0.1951
2 1 5 149148 0.1858
2 1 5 147808 0.1919
2 1 5 147785 0.1906
2 1 5 146954 0.1873
2 1 5 146954 0.1874
2 1 5 144170 0.1864
2 1 5 143418 0.1955
2 1 5 142875 0.1897
2 1 5 141471 0.1845
2 1 5 137775 0.1882
2 1 5 137311 0.1796
2 1 5 137032 0.187
2 1 5 136639 0.1764
2 1 5 135634 0.1857
2 1 5 133874 0.1884
2 1 5 129811 0.1889
2 1 5 129811 0.1889
2 1 5 129036 0.1764
2 1 5 127621 0.1761
2 1 5 126964 0.1867
2 1 5 126612 0.1733
2 1 5 125939 0.1844
2 1 5 125813 0.1954
2 1 5 122786 0.1162
2 1 5 122742 0.1195
2 1 5 121105 0.1186
2 1 5 121057 0.1192
2 1 5 120184 0.1189
2 1 5 119226 0.1174
2 1 5 119164 0.1174
2 1 5 118607 0.1152
2 1 5 118356 0.1188
2 1 5 118356 0.1185
2 1 5 118113 0.1159
2 1 5 116981 0.1123
2 1 5 116879 0.1082
2 1 5 115725 0.1166
2 1 5 115539 0.1138
2 1 5 115297 0.1112
2 1 5 115261 0.1168
2 1 5 113903 0.1152
2 1 5 113379 0.1147
2 1 5 113134 0.1135
2 1 5 112566 0.1133
2 1 5 112132 0.1136
2 1 5 112044 0.1098
2 1 5 111998 0.1162
2 1 5 111659 0.1112
2 1 5 111272 0.1112
2 1 5 111062 0.112
2 1 5 110135 0.1125
2 1 5 110120 0.1115
2 1 5 110087 0.1134
2 1 5 109786 0.1091
2 1 5 108949 0.1077
2 1 5 108885 0.1077
2 1 5 108708 0.1062
2 1 5 108637 0.1065
2 1 5 108539 0.11
2 1 5 108365 0.1051
2 1 5 107744 0.1089
2 1 5 107415 0.1078
2 1 5 107365 0.1066
2 1 5 107023 0.1069
2 1 5 106505 0.1058
2 1 5 106484 0.1065
2 1 5 106094 0.106
2 1 5 106017 0.1097
2 1 5 105915 0.1082
2 1 5 105805 0.109
2 1 5 105683 0.1041
2 1 5 105645 0.1075
2 1 5 105541 0.1083
2 1 5 105071 0.1028
2 1 5 105071 0.1028
2 1 5 104414 0.1066
2 1 5 104239 0.1018
2 1 5 104087 0.1081
2 1 5 104068 0.1039
2 1 5 102198 0.1036
2 1 5 102198 0.1051
2 1 5 101647 0.1026
2 1 5 101643 0.1051
2 1 5 101322 0.09975
2 1 5 100738 0.1045
2 1 5 100669 0.1029
2 1 5 100542 0.1044
2 1 5 100395 0.1041
2 1 5 100090 0.101
2 1 5 99411 0.09993
2 1 5 99284 0.09948
2 1 5 97949 0.1024
2 1 5 97949 0.1027
2 1 5 96729 0.09943
2 1 5 96729 0.09964
2 1 5 95695 0.09908
2 1 5 95609 0.09947
2 1 5 95289 0.1005
2 1 5 95018 0.1007
2 1 5 93543 0.0992
2 1 5 93427 0.09953
2 1 5 93092 0.09637
2 1 5 92820 0.09612
2 1 5 92779 0.09768
2 1 5 92667 0.09899
2 1 5 92652 0.0962
2 1 5 92637 0.09737
2 1 5 91714 0.0964
2 1 5 91714 0.09627
2 1 5 91208 0.09726
2 1 5 91208 0.09752
2 1 5 89617 0.0948
2 1 5 89564 0.09544
2 1 5 88960 0.09271
2 1 5 88293 0.09209
2 1 5 88155 0.09395
2 1 5 87784 0.09204
2 1 5 87728 0.09431
2 1 5 87700 0.09189
2 1 5 87122 0.09197
2 1 5 86266 0.09137
2 1 5 84033 0.08925
2 1 5 82907 0.08836
2 1 5 82646 0.0884
2 1 5 82497 0.08899
2 1 5 82121 0.08871
2 1 5 80880 0.08689
2 1 5 79352 0.08716
2 1 5 79352 0.08663
2 1 5 77110 0.0828
2 1 5 76499 0.08443
2 1 5 74397 0.0817
2 1 5 73725 0.08123
2 1 5 73047 0.08198
2 1 5 64798 0.0746
2 1 5 64598 0.07199
2 1 5 64406 0.06995
2 1 5 64320 0.0697
2 1 5 64237 0.07094
2 1 5 64181 0.0714
2 1 5 64152 0.07224
2 1 5 63909 0.06967
2 1 5 63594 0.07233
2 1 5 63213 0.07157
2 1 5 62784 0.0725
2 1 5 62108 0.07155
2 1 5 61642 0.07089
2 1 5 61617 0.07048
2 1 5 61515 0.06926
2 1 5 60921 0.06899
2 1 5 60902 0.06625
2 1 5 60874 0.06716
2 1 5 60873 0.07021
2 1 5 60726 0.07007
2 1 5 60320 0.07171
2 1 5 60201 0.06858
2 1 5 60171 0.07213
2 1 5 60079 0.06834
2 1 5 59987 0.06953
2 1 5 59752 0.06691
2 1 5 59160 0.06867
2 1 5 58973 0.06648
2 1 5 58972 0.0698
2 1 5 57893 0.06854
2 1 5 57342 0.06618
2 1 5 57299 0.08626
2 1 5 56956 0.08639
2 1 5 56950 0.08686
2 1 5 56749 0.08636
2 1 5 56486 0.08503
2 1 5 55684 0.08144
2 1 5 55588 0.0843
2 1 5 55073 0.08274
2 1 5 54092 0.08272
2 1 5 53568 0.08117
2 1 5 53349 0.08186
2 1 5 53044 0.08106
2 1 5 52022 0.07651
2 1 5 51879 0.07595
2 1 5 51604 0.07835
2 1 5 49591 0.075
2 1 5 48623 0.0704
2 1 5 48054 0.07082
2 1 5 46653 0.06905
2 1 5 45425 0.06739
2 1 5 42086 0.06081
2 1 5 41933 0.05813
2 1 5 41899 0.06011
2 1 5 41844 0.05965
2 1 5 41792 0.05834
2 1 5 41762 0.05809
2 1 5 41751 0.06015
2 1 5 41657 0.05792
2 1 5 41645 0.06184
2 1 5 41575 0.05929
2 1 5 41562 0.0595
2 1 5 41559 0.05844
2 1 5 41538 0.05898
2 1 5 41477 0.05967
2 1 5 41253 0.06143
2 1 5 41253 0.06156
2 1 5 41186 0.05823
2 1 5 41106 0.05869
2 1 5 40946 0.05699
2 1 5 40759 0.0581
2 1 5 40495 0.05816
2 1 5 40495 0.05787
2 1 5 40193 0.0599
2 1 5 39911 0.05695
2 1 5 39910 0.05682
2 1 5 39770 0.05665
2 1 5 39694 0.05568
2 1 5 39501 0.05689
2 1 5 39285 0.05361
2 1 5 39180 0.05659
2 1 5 38902 0.05578
2 1 5 38902 0.05636
2 1 5 38514 0.05278
2 1 5 38484 0.05532
2 1 5 38103 0.05456
2 1 5 37670 0.05467
2 1 5 37576 0.05223
2 1 5 37213 0.05418
2 1 5 37041 0.0526
2 1 5 36916 0.05543
2 1 5 36698 0.05255
2 1 5 36467 0.05271
2 1 5 36402 0.0512
2 1 5 36068 0.05135
2 1 5 35997 0.05286
2 1 5 35313 0.05173
2 1 5 35155 0.0512
2 1 5 34308 0.04723
2 1 5 34168 0.04775
2 1 5 33101 0.04384
2 1 5 28432 0.034
2 1 5 28406 0.03428
2 1 5 28380 0.03688
2 1 5 28375 0.03231
2 1 5 28375 0.0325
2 1 5 28285 0.03374
2 1 5 28265 0.03497
2 1 5 28220 0.03538
2 1 5 27953 0.03583
2 1 5 27912 0.0346
2 1 5 27898 0.03546
2 1 5 27858 0.03524
2 1 5 27805 0.0369
2 1 5 27732 0.03387
2 1 5 27670 0.03599
2 1 5 27650 0.03386
2 1 5 27643 0.03525
2 1 5 27520 0.033
2 1 5 27465 0.03245
2 1 5 27362 0.03246
2 1 5 27362 0.03254
2 1 5 27302 0.03395
2 1 5 27145 0.03452
2 1 5 27092 0.03481
2 1 5 27027 0.03311
2 1 5 26958 0.03451
2 1 5 26954 0.03336
2 1 5 26924 0.03401
2 1 5 26923 0.03303
2 1 5 26812 0.03393
2 1 5 26747 0.03155
2 1 5 26584 0.03466
2 1 5 26517 0.03436
2 1 5 26517 0.03402
2 1 5 26384 0.03084
2 1 5 26301 0.03315
2 1 5 26267 0.03311
2 1 5 26055 0.03246
2 1 5 26004 0.03175
2 1 5 25999 0.032
2 1 5 25996 0.03269
2 1 5 25887 0.03362
2 1 5 25826 0.03313
2 1 5 25738 0.03394
2 1 5 25573 0.03107
2 1 5 25531 0.03236
2 1 5 24957 0.03239
2 1 5 24957 0.03209
2 1 5 24872 0.03195
2 1 5 24723 0.03005
2 1 5 16228 0.01999
2 1 5 16228 0.02099
2 1 5 16226 0.0209
2 1 5 16223 0.02012
2 1 5 16217 0.02218
2 1 5 16215 0.0203
2 1 5 16211 0.02043
2 1 5 16209 0.02028
2 1 5 16203 0.02043
2 1 5 16196 0.02005
2 1 5 16185 0.02022
2 1 5 16172 0.01995
2 1 5 16158 0.01971
2 1 5 16158 0.01997
2 1 5 16152 0.02071
2 1 5 16147 0.02009
2 1 5 16131 0.02056
2 1 5 16115 0.02065
2 1 5 15922 0.02126
2 1 5 15912 0.02048
2 1 5 15853 0.02055
2 1 5 15839 0.02076
2 1 5 15800 0.02101
2 1 5 15796 0.02034
2 1 5 15722 0.02089
2 1 5 15716 0.02039
2 1 5 15679 0.02202
2 1 5 15678 0.02151
2 1 5 15610 0.02055
2 1 5 15607 0.02119
2 1 5 15594 0.02135
2 1 5 15555 0.02147
2 1 5 15507 0.02129
2 1 5 15496 0.02108
2 1 5 15442 0.02031
2 1 5 15432 0.01962
2 1 5 15384 0.02073
2 1 5 15381 0.02068
2 1 5 15371 0.02057
2 1 5 15371 0.02043
2 1 5 15310 0.02059
2 1 5 15270 0.02063
2 1 5 15134 0.02094
2 1 5 15133 0.0203
2 1 5 15107 0.02049
2 1 5 14998 0.01991
2 1 5 14861 0.02038
2 1 5 14735 0.01965
2 1 5 14731 0.02056
2 1 5 14113 0.01892
2 1 5 10545 0.01481
2 1 5 10542 0.01414
2 1 5 10535 0.01512
2 1 5 10534 0.01466
2 1 5 10532 0.01375
2 1 5 10531 0.01434
2 1 5 10528 0.01419
2 1 5 10527 0.01377
2 1 5 10519 0.01504
2 1 5 10518 0.01491
2 1 5 10514 0.01532
2 1 5 10511 0.0147
2 1 5 10508 0.01369
2 1 5 10489 0.01414
2 1 5 10452 0.0149
2 1 5 10446 0.01481
2 1 5 10441 0.01528
2 1 5 10417 0.01485
2 1 5 10409 0.01407
2 1 5 10379 0.01398
2 1 5 10367 0.01483
2 1 5 10367 0.01457
2 1 5 10363 0.01423
2 1 5 10336 0.01462
2 1 5 10334 0.0149
2 1 5 10320 0.0139
2 1 5 10318 0.01371
2 1 5 10313 0.01475
2 1 5 10286 0.01378
2 1 5 10279 0.01479
2 1 5 10278 0.01547
2 1 5 10266 0.01434
2 1 5 10242 0.0148
2 1 5 10235 0.01417
2 1 5 10198 0.01487
2 1 5 10180 0.01434
2 1 5 10178 0.01478
2 1 5 10165 0.01391
2 1 5 10157 0.01448
2 1 5 10151 0.0139
2 1 5 10146 0.01456
2 1 5 10100 0.01421
2 1 5 10087 0.01409
2 1 5 10076 0.01443
2 1 5 10066 0.01392
2 1 5 10009 0.01437
2 1 5 9925 0.0147
2 1 5 9904 0.0148
2 1 5 9859 0.0142
2 1 5 9850 0.01434
