16 5 1 100000 0.1733
16 5 1 100000 0.165
16 5 1 100000 0.1221
16 5 1 100000 0.1189
16 5 1 100000 0.1208
16 5 1 100000 0.1192
16 5 1 85000 0.1429
16 5 1 85000 0.144
16 5 1 85000 0.1023
16 5 1 85000 0.1007
16 5 1 85000 0.09889
16 5 1 85000 0.1014
16 5 1 85000 0.1021
16 5 1 75000 0.1306
16 5 1 75000 0.1341
16 5 1 75000 0.08709
16 5 1 75000 0.08825
16 5 1 75000 0.08683
16 5 1 75000 0.08484
16 5 1 50000 0.09514
16 5 1 50000 0.09485
16 5 1 50000 0.04783
16 5 1 50000 0.04704
16 5 1 50000 0.04926
16 5 1 50000 0.04722
16 5 1 35000 0.07025
16 5 1 35000 0.0663
16 5 1 35000 0.06266
16 5 1 35000 0.02218
16 5 1 35000 0.02201
16 5 1 35000 0.02222
16 5 1 35000 0.02216
16 5 1 25000 0.04545
16 5 1 25000 0.04611
16 5 1 25000 0.01016
16 5 1 25000 0.009964
16 5 1 25000 0.009982
16 5 1 25000 0.009881
16 5 1 15000 0.02772
16 5 1 15000 0.006542
16 5 1 15000 0.006593
16 5 1 15000 0.006503
16 5 1 15000 0.006573
16 5 1 15000 0.006647
16 5 1 10000 0.02008
16 5 1 10000 0.005144
16 5 1 10000 0.005148
16 5 1 10000 0.005129
16 5 1 10000 0.005115
16 5 1 10000 0.005163
16 5 2 102884 0.139
16 5 2 102827 0.1405
16 5 2 100000 0.08125
16 5 2 100000 0.1177
16 5 2 100000 0.1191
16 5 2 100000 0.1229
16 5 2 94429 0.1547
16 5 2 85000 0.1058
16 5 2 85000 0.1044
16 5 2 85000 0.1043
16 5 2 85000 0.1046
16 5 2 83738 0.1436
16 5 2 78645 0.1336
16 5 2 78097 0.135
16 5 2 75000 0.06751
16 5 2 75000 0.05896
16 5 2 75000 0.05927
16 5 2 75000 0.05914
16 5 2 69370 0.1068
16 5 2 53392 0.09089
16 5 2 51141 0.0888
16 5 2 50000 0.0347
16 5 2 50000 0.0345
16 5 2 50000 0.03489
16 5 2 50000 0.03445
16 5 2 46785 0.0854
16 5 2 35095 0.07027
16 5 2 35000 0.03188
16 5 2 35000 0.031
16 5 2 35000 0.03032
16 5 2 35000 0.03034
16 5 2 25815 0.04889
16 5 2 25586 0.05123
16 5 2 25000 0.01231
16 5 2 25000 0.0123
16 5 2 25000 0.0124
16 5 2 25000 0.01254
16 5 2 24821 0.04826
16 5 2 15033 0.02994
16 5 2 15000 0.00812
16 5 2 15000 0.007959
16 5 2 15000 0.008088
16 5 2 15000 0.007927
16 5 2 14898 0.02959
16 5 2 10032 0.02112
16 5 2 10000 0.006057
16 5 2 10000 0.006021
16 5 2 10000 0.006064
16 5 2 10000 0.005994
16 5 2 9875 0.02095
16 5 3 110165 0.178
16 5 3 106805 0.1715
16 5 3 100000 0.1149
16 5 3 100000 0.1156
16 5 3 100000 0.09031
16 5 3 100000 0.07959
16 5 3 89227 0.1238
16 5 3 86106 0.1215
16 5 3 85000 0.06906
16 5 3 85000 0.0691
16 5 3 85000 0.06834
16 5 3 85000 0.06856
16 5 3 84903 0.1202
16 5 3 76169 0.1125
16 5 3 75142 0.111
16 5 3 75000 0.05792
16 5 3 75000 0.05799
16 5 3 75000 0.0582
16 5 3 75000 0.05845
16 5 3 52242 0.08873
16 5 3 51820 0.088
16 5 3 50000 0.03391
16 5 3 50000 0.0341
16 5 3 50000 0.03408
16 5 3 46948 0.08094
16 5 3 44638 0.0778
16 5 3 35000 0.0224
16 5 3 35000 0.02262
16 5 3 35000 0.02207
16 5 3 35000 0.02214
16 5 3 35000 0.02216
16 5 3 26452 0.04792
16 5 3 25714 0.04749
16 5 3 25000 0.01007
16 5 3 25000 0.01004
16 5 3 25000 0.01008
16 5 3 25000 0.009979
16 5 3 24974 0.04582
16 5 3 15098 0.02897
16 5 3 15000 0.006612
16 5 3 15000 0.006553
16 5 3 15000 0.006577
16 5 3 15000 0.006571
16 5 3 14839 0.02807
16 5 3 10109 0.0205
16 5 3 10000 0.005238
16 5 3 10000 0.005136
16 5 3 10000 0.005083
16 5 3 10000 0.005186
16 5 3 9885 0.01995
16 5 4 111828 0.1454
16 5 4 109338 0.1431
16 5 4 100000 0.07953
16 5 4 100000 0.08005
16 5 4 100000 0.08103
16 5 4 100000 0.08045
16 5 4 94295 0.1289
16 5 4 86484 0.1227
16 5 4 85000 0.07064
16 5 4 85000 0.06978
16 5 4 85000 0.06963
16 5 4 85000 0.07023
16 5 4 83007 0.1136
16 5 4 81468 0.1167
16 5 4 78394 0.1142
16 5 4 75000 0.05944
16 5 4 75000 0.05772
16 5 4 75000 0.05905
16 5 4 73874 0.1104
16 5 4 54437 0.09264
16 5 4 50000 0.03445
16 5 4 50000 0.03499
16 5 4 50000 0.03505
16 5 4 50000 0.03392
16 5 4 50000 0.03468
16 5 4 38180 0.06682
16 5 4 37690 0.06637
16 5 4 35000 0.02258
16 5 4 35000 0.02248
16 5 4 35000 0.02297
16 5 4 35000 0.02242
16 5 4 27233 0.04997
16 5 4 26587 0.04761
16 5 4 25375 0.04619
16 5 4 25000 0.01011
16 5 4 25000 0.01086
16 5 4 25000 0.01009
16 5 4 25000 0.01072
16 5 4 15138 0.02905
16 5 4 15000 0.007393
16 5 4 15000 0.007437
16 5 4 15000 0.007378
16 5 4 15000 0.007195
16 5 4 14824 0.0287
16 5 4 10115 0.02024
16 5 4 10000 0.005873
16 5 4 10000 0.005194
16 5 4 10000 0.005127
16 5 4 10000 0.005549
16 5 4 9978 0.02061
16 5 5 117080 0.1504
16 5 5 117059 0.1497
16 5 5 104704 0.08334
16 5 5 100322 0.1343
16 5 5 100000 0.07966
16 5 5 100000 0.07964
16 5 5 92590 0.126
16 5 5 91283 0.07511
16 5 5 89328 0.1233
16 5 5 87274 0.07082
16 5 5 85000 0.07002
16 5 5 85000 0.07001
16 5 5 85000 0.06945
16 5 5 82090 0.1159
16 5 5 79959 0.0648
16 5 5 79231 0.11
16 5 5 77907 0.06223
16 5 5 75000 0.05881
16 5 5 75000 0.05826
16 5 5 53304 0.08912
16 5 5 52696 0.08951
16 5 5 52340 0.03865
16 5 5 51830 0.03725
16 5 5 50000 0.03416
16 5 5 50000 0.03425
16 5 5 46233 0.07973
16 5 5 36155 0.02456
16 5 5 36146 0.02235
16 5 5 35000 0.0224
16 5 5 35000 0.02226
16 5 5 35000 0.02236
16 5 5 26722 0.04823
16 5 5 25594 0.01025
16 5 5 25585 0.01027
16 5 5 25333 0.04635
16 5 5 25000 0.01002
16 5 5 25000 0.01014
16 5 5 24785 0.04609
16 5 5 15214 0.006541
16 5 5 15212 0.006683
16 5 5 15203 0.006588
16 5 5 15000 0.006657
16 5 5 15000 0.006614
16 5 5 14515 0.02846
16 5 5 10094 0.005302
16 5 5 10093 0.005257
16 5 5 10090 0.005287
16 5 5 10000 0.0052
16 5 5 10000 0.005151
16 5 5 9919 0.01991
