16 11 1 100000 0.1077
16 11 1 100000 0.09787
16 11 1 100000 0.1007
16 11 1 100000 0.09945
16 11 1 100000 0.1024
16 11 1 100000 0.09975
16 11 1 100000 0.1016
16 11 1 85000 0.08888
16 11 1 85000 0.08937
16 11 1 85000 0.08794
16 11 1 85000 0.08899
16 11 1 85000 0.09199
16 11 1 75000 0.08166
16 11 1 75000 0.07855
16 11 1 75000 0.08031
16 11 1 75000 0.1087
16 11 1 75000 0.1097
16 11 1 75000 0.1078
16 11 1 75000 0.1122
16 11 1 50000 0.06495
16 11 1 50000 0.05676
16 11 1 50000 0.05924
16 11 1 50000 0.06013
16 11 1 50000 0.05895
16 11 1 50000 0.05772
16 11 1 35000 0.04242
16 11 1 35000 0.04225
16 11 1 35000 0.04428
16 11 1 35000 0.04354
16 11 1 35000 0.0453
16 11 1 35000 0.04614
16 11 1 35000 0.04775
16 11 1 25000 0.03109
16 11 1 25000 0.02939
16 11 1 25000 0.02841
16 11 1 25000 0.03106
16 11 1 25000 0.02773
16 11 1 25000 0.02934
16 11 1 15000 0.01713
16 11 1 15000 0.01856
16 11 1 15000 0.01783
16 11 1 15000 0.01884
16 11 1 15000 0.01866
16 11 1 10000 0.01316
16 11 1 10000 0.01381
16 11 1 10000 0.01278
16 11 1 10000 0.01392
16 11 1 10000 0.01272
16 11 1 10000 0.01351
16 11 1 10000 0.01372
16 11 2 113416 0.1478
16 11 2 112764 0.1454
16 11 2 112678 0.1456
16 11 2 112272 0.1456
16 11 2 111953 0.1463
16 11 2 110242 0.1425
16 11 2 94455 0.1265
16 11 2 94129 0.1254
16 11 2 93845 0.1252
16 11 2 93774 0.1231
16 11 2 93153 0.1229
16 11 2 92060 0.1208
16 11 2 88527 0.1145
16 11 2 82360 0.1101
16 11 2 82252 0.1115
16 11 2 82157 0.1109
16 11 2 82028 0.1091
16 11 2 80998 0.1098
16 11 2 79401 0.1057
16 11 2 53332 0.07427
16 11 2 53275 0.0729
16 11 2 53250 0.07315
16 11 2 53228 0.0744
16 11 2 53200 0.07522
16 11 2 53147 0.07475
16 11 2 36649 0.04761
16 11 2 36616 0.04793
16 11 2 36587 0.04889
16 11 2 36568 0.04859
16 11 2 36548 0.04935
16 11 2 36537 0.05031
16 11 2 34424 0.04557
16 11 2 25815 0.03057
16 11 2 25813 0.03225
16 11 2 25790 0.02904
16 11 2 25751 0.02825
16 11 2 25609 0.02812
16 11 2 15304 0.01834
16 11 2 15301 0.01834
16 11 2 15295 0.01796
16 11 2 15291 0.01791
16 11 2 15285 0.01784
16 11 2 15268 0.01798
16 11 2 15220 0.01819
16 11 2 10134 0.01331
16 11 2 10132 0.01307
16 11 2 10131 0.01277
16 11 2 10130 0.013
16 11 2 10129 0.01316
16 11 2 10125 0.01305
16 11 3 128180 0.1966
16 11 3 127133 0.1768
16 11 3 126615 0.1782
16 11 3 125083 0.1765
16 11 3 124817 0.1737
16 11 3 122890 0.1728
16 11 3 104890 0.1058
16 11 3 104345 0.1057
16 11 3 104068 0.1071
16 11 3 103742 0.1058
16 11 3 103071 0.09691
16 11 3 102302 0.1031
16 11 3 90497 0.09612
16 11 3 90466 0.0944
16 11 3 90239 0.09016
16 11 3 89777 0.09702
16 11 3 89665 0.09418
16 11 3 89340 0.09396
16 11 3 88675 0.09454
16 11 3 56811 0.06648
16 11 3 56738 0.06611
16 11 3 56708 0.06461
16 11 3 56648 0.06562
16 11 3 56590 0.06612
16 11 3 56363 0.06833
16 11 3 38328 0.04455
16 11 3 38262 0.04392
16 11 3 38239 0.04306
16 11 3 38210 0.04437
16 11 3 38146 0.04471
16 11 3 37396 0.04339
16 11 3 35855 0.04341
16 11 3 26668 0.02915
16 11 3 26632 0.02888
16 11 3 26622 0.02855
16 11 3 26564 0.0296
16 11 3 25600 0.02849
16 11 3 25441 0.0278
16 11 3 15595 0.01806
16 11 3 15590 0.01738
16 11 3 15577 0.01755
16 11 3 15566 0.0183
16 11 3 15535 0.01774
16 11 3 15189 0.01755
16 11 3 10265 0.01304
16 11 3 10263 0.01265
16 11 3 10259 0.01279
16 11 3 10258 0.01283
16 11 3 10250 0.01287
16 11 3 10048 0.01258
16 11 4 144713 0.1945
16 11 4 142808 0.1872
16 11 4 142512 0.1908
16 11 4 140533 0.19
16 11 4 140518 0.2041
16 11 4 135026 0.1842
16 11 4 116175 0.1154
16 11 4 115461 0.1154
16 11 4 115077 0.1169
16 11 4 114448 0.1165
16 11 4 113439 0.1055
16 11 4 110695 0.117
16 11 4 108050 0.112
16 11 4 98690 0.1045
16 11 4 98336 0.1024
16 11 4 98202 0.1111
16 11 4 97742 0.1011
16 11 4 96363 0.09943
16 11 4 93473 0.09804
16 11 4 60360 0.08018
16 11 4 60292 0.069
16 11 4 60258 0.06967
16 11 4 60134 0.0691
16 11 4 60084 0.07269
16 11 4 59482 0.06794
16 11 4 40087 0.04573
16 11 4 39972 0.04738
16 11 4 39907 0.04532
16 11 4 39871 0.04462
16 11 4 39763 0.04563
16 11 4 38952 0.04588
16 11 4 27599 0.0291
16 11 4 27526 0.02959
16 11 4 27474 0.02866
16 11 4 27446 0.03006
16 11 4 27418 0.02941
16 11 4 27375 0.03117
16 11 4 26301 0.02791
16 11 4 15899 0.01934
16 11 4 15888 0.0175
16 11 4 15877 0.01763
16 11 4 15868 0.01869
16 11 4 15849 0.01819
16 11 4 15680 0.01883
16 11 4 10397 0.01303
16 11 4 10393 0.01306
16 11 4 10389 0.01278
16 11 4 10386 0.01347
16 11 4 10384 0.01307
16 11 4 10369 0.01332
16 11 5 161791 0.1844
16 11 5 158931 0.1958
16 11 5 156483 0.1935
16 11 5 152837 0.1956
16 11 5 152062 0.1936
16 11 5 143791 0.1799
16 11 5 130056 0.1793
16 11 5 127421 0.1802
16 11 5 126729 0.1774
16 11 5 125867 0.1794
16 11 5 121755 0.1338
16 11 5 120822 0.119
16 11 5 108309 0.1117
16 11 5 108291 0.118
16 11 5 107433 0.1095
16 11 5 107001 0.1089
16 11 5 105727 0.1013
16 11 5 104057 0.1055
16 11 5 102244 0.1053
16 11 5 64208 0.07356
16 11 5 64124 0.0709
16 11 5 63945 0.07114
16 11 5 63885 0.07124
16 11 5 63750 0.07005
16 11 5 61655 0.07095
16 11 5 41948 0.04881
16 11 5 41798 0.04925
16 11 5 41666 0.04794
16 11 5 41565 0.04915
16 11 5 41020 0.04728
16 11 5 40647 0.04576
16 11 5 37572 0.04249
16 11 5 28357 0.03072
16 11 5 28307 0.0299
16 11 5 28275 0.03026
16 11 5 28177 0.03056
16 11 5 27497 0.0307
16 11 5 26754 0.02816
16 11 5 16197 0.01888
16 11 5 16185 0.0184
16 11 5 16165 0.01867
16 11 5 16152 0.01893
16 11 5 16099 0.01864
16 11 5 10536 0.01276
16 11 5 10529 0.01332
16 11 5 10526 0.01303
16 11 5 10522 0.01298
16 11 5 10514 0.01298
16 11 5 10512 0.01336
16 11 5 10371 0.01309
