2 0 1 100000 0.1408
2 0 1 100000 0.1407
2 0 1 100000 0.1352
2 0 1 100000 0.1352
2 0 1 100000 0.1356
2 0 1 100000 0.1348
2 0 1 100000 0.1355
2 0 1 100000 0.1354
2 0 1 100000 0.135
2 0 1 100000 0.1353
2 0 1 100000 0.1362
2 0 1 100000 0.134
2 0 1 100000 0.1153
2 0 1 100000 0.1007
2 0 1 100000 0.1021
2 0 1 100000 0.1018
2 0 1 100000 0.1306
2 0 1 100000 0.1275
2 0 1 100000 0.1298
2 0 1 100000 0.1296
2 0 1 100000 0.1286
2 0 1 100000 0.1294
2 0 1 100000 0.1305
2 0 1 100000 0.1292
2 0 1 100000 0.1299
2 0 1 100000 0.1291
2 0 1 100000 0.1301
2 0 1 100000 0.1306
2 0 1 100000 0.1296
2 0 1 100000 0.1285
2 0 1 100000 0.13
2 0 1 100000 0.1301
2 0 1 100000 0.1488
2 0 1 100000 0.1101
2 0 1 100000 0.1122
2 0 1 100000 0.1113
2 0 1 100000 0.1047
2 0 1 100000 0.075
2 0 1 100000 0.07452
2 0 1 100000 0.07405
2 0 1 100000 0.07549
2 0 1 100000 0.07431
2 0 1 100000 0.07415
2 0 1 100000 0.07498
2 0 1 100000 0.07425
2 0 1 100000 0.07427
2 0 1 100000 0.07475
2 0 1 100000 0.07379
2 0 1 100000 0.07477
2 0 1 100000 0.07415
2 0 1 85000 0.09133
2 0 1 85000 0.09256
2 0 1 85000 0.09102
2 0 1 85000 0.08934
2 0 1 85000 0.0891
2 0 1 85000 0.08896
2 0 1 85000 0.08571
2 0 1 85000 0.09247
2 0 1 85000 0.08929
2 0 1 85000 0.09086
2 0 1 85000 0.08948
2 0 1 85000 0.09011
2 0 1 85000 0.09013
2 0 1 85000 0.08887
2 0 1 85000 0.09139
2 0 1 85000 0.09007
2 0 1 85000 0.1167
2 0 1 85000 0.1168
2 0 1 85000 0.1153
2 0 1 85000 0.1161
2 0 1 85000 0.1159
2 0 1 85000 0.1151
2 0 1 85000 0.1172
2 0 1 85000 0.1156
2 0 1 85000 0.1156
2 0 1 85000 0.1153
2 0 1 85000 0.117
2 0 1 85000 0.1153
2 0 1 85000 0.1156
2 0 1 85000 0.1155
2 0 1 85000 0.1154
2 0 1 85000 0.1143
2 0 1 85000 0.1163
2 0 1 85000 0.06381
2 0 1 85000 0.06372
2 0 1 85000 0.06396
2 0 1 85000 0.0641
2 0 1 85000 0.06445
2 0 1 85000 0.0635
2 0 1 85000 0.06384
2 0 1 85000 0.06406
2 0 1 85000 0.06407
2 0 1 85000 0.06408
2 0 1 85000 0.06388
2 0 1 85000 0.06412
2 0 1 85000 0.0644
2 0 1 85000 0.06301
2 0 1 85000 0.06429
2 0 1 85000 0.06346
2 0 1 85000 0.06386
2 0 1 75000 0.08055
2 0 1 75000 0.08192
2 0 1 75000 0.08092
2 0 1 75000 0.08293
2 0 1 75000 0.08161
2 0 1 75000 0.07947
2 0 1 75000 0.07928
2 0 1 75000 0.08019
2 0 1 75000 0.08067
2 0 1 75000 0.07993
2 0 1 75000 0.0819
2 0 1 75000 0.07853
2 0 1 75000 0.08112
2 0 1 75000 0.07951
2 0 1 75000 0.08139
2 0 1 75000 0.0813
2 0 1 75000 0.1045
2 0 1 75000 0.1066
2 0 1 75000 0.1056
2 0 1 75000 0.1058
2 0 1 75000 0.1072
2 0 1 75000 0.1053
2 0 1 75000 0.1056
2 0 1 75000 0.1054
2 0 1 75000 0.1069
2 0 1 75000 0.1051
2 0 1 75000 0.106
2 0 1 75000 0.1057
2 0 1 75000 0.107
2 0 1 75000 0.1065
2 0 1 75000 0.1061
2 0 1 75000 0.1064
2 0 1 75000 0.1074
2 0 1 75000 0.05401
2 0 1 75000 0.0543
2 0 1 75000 0.05434
2 0 1 75000 0.05446
2 0 1 75000 0.05368
2 0 1 75000 0.05382
2 0 1 75000 0.05364
2 0 1 75000 0.0538
2 0 1 75000 0.05373
2 0 1 75000 0.05397
2 0 1 75000 0.0542
2 0 1 75000 0.05403
2 0 1 75000 0.05395
2 0 1 75000 0.05352
2 0 1 75000 0.05343
2 0 1 75000 0.0535
2 0 1 75000 0.05345
2 0 1 50000 0.05807
2 0 1 50000 0.05788
2 0 1 50000 0.05812
2 0 1 50000 0.05891
2 0 1 50000 0.05978
2 0 1 50000 0.05798
2 0 1 50000 0.06134
2 0 1 50000 0.05731
2 0 1 50000 0.0587
2 0 1 50000 0.06119
2 0 1 50000 0.0596
2 0 1 50000 0.05808
2 0 1 50000 0.06139
2 0 1 50000 0.05678
2 0 1 50000 0.05935
2 0 1 50000 0.06038
2 0 1 50000 0.08336
2 0 1 50000 0.08336
2 0 1 50000 0.08266
2 0 1 50000 0.08302
2 0 1 50000 0.08355
2 0 1 50000 0.08472
2 0 1 50000 0.08378
2 0 1 50000 0.08226
2 0 1 50000 0.08416
2 0 1 50000 0.08375
2 0 1 50000 0.08212
2 0 1 50000 0.08382
2 0 1 50000 0.08393
2 0 1 50000 0.08455
2 0 1 50000 0.08376
2 0 1 50000 0.08428
2 0 1 50000 0.08292
2 0 1 50000 0.03203
2 0 1 50000 0.03171
2 0 1 50000 0.03181
2 0 1 50000 0.03161
2 0 1 50000 0.03208
2 0 1 50000 0.03167
2 0 1 50000 0.03188
2 0 1 50000 0.03185
2 0 1 50000 0.03196
2 0 1 50000 0.03154
2 0 1 50000 0.03186
2 0 1 50000 0.03169
2 0 1 50000 0.03168
2 0 1 50000 0.03162
2 0 1 50000 0.03174
2 0 1 50000 0.03176
2 0 1 50000 0.0317
2 0 1 35000 0.04081
2 0 1 35000 0.04318
2 0 1 35000 0.04253
2 0 1 35000 0.0429
2 0 1 35000 0.04157
2 0 1 35000 0.04239
2 0 1 35000 0.04185
2 0 1 35000 0.04257
2 0 1 35000 0.04146
2 0 1 35000 0.04253
2 0 1 35000 0.04212
2 0 1 35000 0.0412
2 0 1 35000 0.04269
2 0 1 35000 0.04238
2 0 1 35000 0.04265
2 0 1 35000 0.04176
2 0 1 35000 0.06147
2 0 1 35000 0.06157
2 0 1 35000 0.06128
2 0 1 35000 0.06192
2 0 1 35000 0.0632
2 0 1 35000 0.0618
2 0 1 35000 0.06163
2 0 1 35000 0.0608
2 0 1 35000 0.06204
2 0 1 35000 0.06134
2 0 1 35000 0.06192
2 0 1 35000 0.06165
2 0 1 35000 0.0624
2 0 1 35000 0.06226
2 0 1 35000 0.06222
2 0 1 35000 0.06291
2 0 1 35000 0.06204
2 0 1 35000 0.02133
2 0 1 35000 0.02107
2 0 1 35000 0.02127
2 0 1 35000 0.02104
2 0 1 35000 0.0211
2 0 1 35000 0.02093
2 0 1 35000 0.02101
2 0 1 35000 0.02108
2 0 1 35000 0.0209
2 0 1 35000 0.02109
2 0 1 35000 0.02092
2 0 1 35000 0.02104
2 0 1 35000 0.02102
2 0 1 35000 0.02116
2 0 1 35000 0.02102
2 0 1 35000 0.02124
2 0 1 35000 0.02115
2 0 1 25000 0.02867
2 0 1 25000 0.02722
2 0 1 25000 0.02718
2 0 1 25000 0.02672
2 0 1 25000 0.02559
2 0 1 25000 0.029
2 0 1 25000 0.0279
2 0 1 25000 0.02809
2 0 1 25000 0.02777
2 0 1 25000 0.02802
2 0 1 25000 0.02806
2 0 1 25000 0.02695
2 0 1 25000 0.0284
2 0 1 25000 0.02747
2 0 1 25000 0.028
2 0 1 25000 0.02771
2 0 1 25000 0.0451
2 0 1 25000 0.04556
2 0 1 25000 0.04586
2 0 1 25000 0.04562
2 0 1 25000 0.04641
2 0 1 25000 0.0453
2 0 1 25000 0.04595
2 0 1 25000 0.04508
2 0 1 25000 0.04617
2 0 1 25000 0.04538
2 0 1 25000 0.0455
2 0 1 25000 0.0457
2 0 1 25000 0.04476
2 0 1 25000 0.04462
2 0 1 25000 0.0456
2 0 1 25000 0.04536
2 0 1 25000 0.04545
2 0 1 25000 0.009966
2 0 1 25000 0.01001
2 0 1 25000 0.00994
2 0 1 25000 0.01
2 0 1 25000 0.009917
2 0 1 25000 0.009941
2 0 1 25000 0.009906
2 0 1 25000 0.009992
2 0 1 25000 0.01003
2 0 1 25000 0.009862
2 0 1 25000 0.009955
2 0 1 25000 0.01001
2 0 1 25000 0.009925
2 0 1 25000 0.009973
2 0 1 25000 0.00991
2 0 1 25000 0.01004
2 0 1 25000 0.009782
2 0 1 15000 0.01769
2 0 1 15000 0.01808
2 0 1 15000 0.01803
2 0 1 15000 0.01756
2 0 1 15000 0.0172
2 0 1 15000 0.01736
2 0 1 15000 0.01777
2 0 1 15000 0.01742
2 0 1 15000 0.01782
2 0 1 15000 0.01667
2 0 1 15000 0.01766
2 0 1 15000 0.01694
2 0 1 15000 0.01771
2 0 1 15000 0.01783
2 0 1 15000 0.01778
2 0 1 15000 0.01717
2 0 1 15000 0.02809
2 0 1 15000 0.02802
2 0 1 15000 0.02853
2 0 1 15000 0.02786
2 0 1 15000 0.02807
2 0 1 15000 0.02771
2 0 1 15000 0.02842
2 0 1 15000 0.02795
2 0 1 15000 0.02823
2 0 1 15000 0.02832
2 0 1 15000 0.02807
2 0 1 15000 0.02813
2 0 1 15000 0.02796
2 0 1 15000 0.02823
2 0 1 15000 0.02829
2 0 1 15000 0.02836
2 0 1 15000 0.02825
2 0 1 15000 0.00654
2 0 1 15000 0.007862
2 0 1 15000 0.007854
2 0 1 15000 0.007689
2 0 1 15000 0.007757
2 0 1 15000 0.007718
2 0 1 15000 0.007814
2 0 1 15000 0.006533
2 0 1 15000 0.006627
2 0 1 15000 0.006636
2 0 1 15000 0.00658
2 0 1 15000 0.006633
2 0 1 15000 0.00656
2 0 1 15000 0.006606
2 0 1 15000 0.00648
2 0 1 15000 0.006527
2 0 1 15000 0.006569
2 0 1 10000 0.01274
2 0 1 10000 0.013
2 0 1 10000 0.01324
2 0 1 10000 0.01249
2 0 1 10000 0.0133
2 0 1 10000 0.01219
2 0 1 10000 0.01271
2 0 1 10000 0.0135
2 0 1 10000 0.01301
2 0 1 10000 0.01268
2 0 1 10000 0.01318
2 0 1 10000 0.0127
2 0 1 10000 0.01283
2 0 1 10000 0.01319
2 0 1 10000 0.01236
2 0 1 10000 0.01262
2 0 1 10000 0.01994
2 0 1 10000 0.01988
2 0 1 10000 0.01998
2 0 1 10000 0.02014
2 0 1 10000 0.02016
2 0 1 10000 0.01968
2 0 1 10000 0.01992
2 0 1 10000 0.02006
2 0 1 10000 0.01957
2 0 1 10000 0.02025
2 0 1 10000 0.01998
2 0 1 10000 0.02017
2 0 1 10000 0.01995
2 0 1 10000 0.0201
2 0 1 10000 0.01958
2 0 1 10000 0.01988
2 0 1 10000 0.0201
2 0 1 10000 0.005155
2 0 1 10000 0.005103
2 0 1 10000 0.005106
2 0 1 10000 0.005092
2 0 1 10000 0.005093
2 0 1 10000 0.005153
2 0 1 10000 0.005145
2 0 1 10000 0.005172
2 0 1 10000 0.005124
2 0 1 10000 0.005081
2 0 1 10000 0.005068
2 0 1 10000 0.005139
2 0 1 10000 0.005066
2 0 1 10000 0.005084
2 0 1 10000 0.005139
2 0 1 10000 0.005125
2 0 1 10000 0.005034
2 0 2 113482 0.113
2 0 2 113482 0.1118
2 0 2 113340 0.1122
2 0 2 113106 0.1116
2 0 2 113102 0.1119
2 0 2 113046 0.111
2 0 2 112992 0.1106
2 0 2 112915 0.1135
2 0 2 112896 0.1133
2 0 2 112868 0.1125
2 0 2 112806 0.1143
2 0 2 112562 0.1124
2 0 2 112345 0.1404
2 0 2 112345 0.1406
2 0 2 112018 0.142
2 0 2 111731 0.1117
2 0 2 111701 0.1099
2 0 2 109862 0.109
2 0 2 107524 0.1088
2 0 2 107183 0.1343
2 0 2 106802 0.1376
2 0 2 105191 0.1342
2 0 2 105124 0.1347
2 0 2 102981 0.1327
2 0 2 102315 0.1319
2 0 2 102028 0.1318
2 0 2 100000 0.0739
2 0 2 100000 0.07471
2 0 2 100000 0.07472
2 0 2 100000 0.07261
2 0 2 100000 0.07366
2 0 2 100000 0.07389
2 0 2 100000 0.07294
2 0 2 100000 0.07379
2 0 2 100000 0.07411
2 0 2 100000 0.07375
2 0 2 100000 0.07281
2 0 2 100000 0.07378
2 0 2 100000 0.07404
2 0 2 100000 0.07384
2 0 2 100000 0.07325
2 0 2 100000 0.07405
2 0 2 100000 0.07416
2 0 2 99868 0.1281
2 0 2 97726 0.1261
2 0 2 97726 0.1267
2 0 2 94760 0.1249
2 0 2 94760 0.1251
2 0 2 94667 0.0997
2 0 2 94575 0.0971
2 0 2 94548 0.09836
2 0 2 94546 0.0957
2 0 2 94475 0.0977
2 0 2 94462 0.09857
2 0 2 94413 0.1258
2 0 2 94408 0.09702
2 0 2 94351 0.09726
2 0 2 94300 0.09709
2 0 2 94233 0.09841
2 0 2 94161 0.09821
2 0 2 94120 0.0953
2 0 2 94036 0.09717
2 0 2 93849 0.09601
2 0 2 93590 0.09634
2 0 2 92765 0.122
2 0 2 92533 0.1213
2 0 2 92351 0.1177
2 0 2 91672 0.09553
2 0 2 91186 0.1216
2 0 2 89378 0.1204
2 0 2 89306 0.1209
2 0 2 88801 0.1186
2 0 2 87711 0.08689
2 0 2 87420 0.116
2 0 2 85485 0.1165
2 0 2 85485 0.1171
2 0 2 85180 0.1166
2 0 2 85000 0.06435
2 0 2 85000 0.06406
2 0 2 85000 0.06378
2 0 2 85000 0.06355
2 0 2 85000 0.0639
2 0 2 85000 0.06415
2 0 2 85000 0.06361
2 0 2 85000 0.06445
2 0 2 85000 0.06404
2 0 2 85000 0.06414
2 0 2 85000 0.06409
2 0 2 85000 0.06442
2 0 2 85000 0.06414
2 0 2 85000 0.06356
2 0 2 85000 0.06331
2 0 2 85000 0.06326
2 0 2 85000 0.06315
2 0 2 83979 0.1138
2 0 2 82631 0.09065
2 0 2 82575 0.1122
2 0 2 82551 0.1144
2 0 2 82474 0.08707
2 0 2 82464 0.08678
2 0 2 82458 0.08655
2 0 2 82446 0.08783
2 0 2 82423 0.08713
2 0 2 82419 0.0878
2 0 2 82417 0.08881
2 0 2 82362 0.08923
2 0 2 82305 0.1127
2 0 2 82288 0.08909
2 0 2 82239 0.08107
2 0 2 82222 0.08954
2 0 2 82186 0.08793
2 0 2 82095 0.0856
2 0 2 82053 0.08639
2 0 2 81972 0.1139
2 0 2 81751 0.08697
2 0 2 80867 0.1117
2 0 2 80631 0.1127
2 0 2 80571 0.1101
2 0 2 79970 0.1113
2 0 2 79532 0.1133
2 0 2 78360 0.1082
2 0 2 78360 0.1083
2 0 2 77897 0.1093
2 0 2 77761 0.1097
2 0 2 77039 0.1066
2 0 2 76089 0.1077
2 0 2 76013 0.109
2 0 2 75015 0.1078
2 0 2 75000 0.05412
2 0 2 75000 0.05375
2 0 2 75000 0.05395
2 0 2 75000 0.05375
2 0 2 75000 0.05389
2 0 2 75000 0.05372
2 0 2 75000 0.05395
2 0 2 75000 0.05377
2 0 2 75000 0.05359
2 0 2 75000 0.05485
2 0 2 75000 0.05387
2 0 2 75000 0.05399
2 0 2 75000 0.05406
2 0 2 75000 0.0541
2 0 2 75000 0.05346
2 0 2 75000 0.05431
2 0 2 75000 0.05339
2 0 2 74986 0.1076
2 0 2 74550 0.1058
2 0 2 72533 0.1052
2 0 2 68943 0.1018
2 0 2 67478 0.1006
2 0 2 53378 0.06189
2 0 2 53378 0.08742
2 0 2 53371 0.06249
2 0 2 53360 0.06339
2 0 2 53346 0.0644
2 0 2 53332 0.06369
2 0 2 53316 0.06284
2 0 2 53312 0.06144
2 0 2 53293 0.0615
2 0 2 53292 0.06198
2 0 2 53264 0.06138
2 0 2 53238 0.08739
2 0 2 53231 0.06344
2 0 2 53210 0.06279
2 0 2 53192 0.06152
2 0 2 53151 0.06119
2 0 2 53110 0.06278
2 0 2 52970 0.08795
2 0 2 52569 0.08716
2 0 2 52027 0.06096
2 0 2 52020 0.08653
2 0 2 51371 0.06061
2 0 2 51311 0.08435
2 0 2 51081 0.08461
2 0 2 50999 0.08454
2 0 2 50686 0.08371
2 0 2 50427 0.08445
2 0 2 50090 0.08294
2 0 2 50000 0.03144
2 0 2 50000 0.0314
2 0 2 50000 0.03192
2 0 2 50000 0.0318
2 0 2 50000 0.03189
2 0 2 50000 0.03204
2 0 2 50000 0.03178
2 0 2 50000 0.03186
2 0 2 50000 0.03199
2 0 2 50000 0.03202
2 0 2 50000 0.03197
2 0 2 50000 0.03167
2 0 2 50000 0.03159
2 0 2 50000 0.03222
2 0 2 50000 0.03158
2 0 2 50000 0.03187
2 0 2 49995 0.08477
2 0 2 49806 0.08296
2 0 2 49750 0.08236
2 0 2 47859 0.08078
2 0 2 47480 0.07936
2 0 2 46785 0.07869
2 0 2 36662 0.04379
2 0 2 36662 0.06497
2 0 2 36662 0.06339
2 0 2 36662 0.06487
2 0 2 36647 0.04339
2 0 2 36646 0.04342
2 0 2 36620 0.04287
2 0 2 36617 0.04401
2 0 2 36615 0.04329
2 0 2 36603 0.04312
2 0 2 36602 0.04456
2 0 2 36599 0.04266
2 0 2 36584 0.04298
2 0 2 36580 0.04202
2 0 2 36572 0.04525
2 0 2 36568 0.04302
2 0 2 36563 0.04329
2 0 2 36525 0.04249
2 0 2 36447 0.04399
2 0 2 36209 0.06328
2 0 2 36058 0.0642
2 0 2 36058 0.06448
2 0 2 35875 0.06282
2 0 2 35380 0.06251
2 0 2 35262 0.06233
2 0 2 35138 0.04223
2 0 2 35087 0.0619
2 0 2 35087 0.06212
2 0 2 35000 0.02138
2 0 2 35000 0.02106
2 0 2 35000 0.02129
2 0 2 35000 0.02126
2 0 2 35000 0.02115
2 0 2 35000 0.0213
2 0 2 35000 0.02122
2 0 2 35000 0.02137
2 0 2 35000 0.0213
2 0 2 35000 0.02129
2 0 2 35000 0.02121
2 0 2 35000 0.02116
2 0 2 35000 0.0212
2 0 2 35000 0.02129
2 0 2 35000 0.02129
2 0 2 35000 0.02114
2 0 2 34918 0.0611
2 0 2 34650 0.06093
2 0 2 34541 0.06105
2 0 2 34387 0.06029
2 0 2 33687 0.05963
2 0 2 33687 0.05967
2 0 2 25848 0.04602
2 0 2 25845 0.02868
2 0 2 25842 0.02918
2 0 2 25840 0.02863
2 0 2 25836 0.02908
2 0 2 25836 0.02905
2 0 2 25829 0.02856
2 0 2 25828 0.0276
2 0 2 25825 0.02956
2 0 2 25824 0.04695
2 0 2 25820 0.02744
2 0 2 25820 0.04714
2 0 2 25816 0.02829
2 0 2 25815 0.02757
2 0 2 25808 0.0288
2 0 2 25805 0.02978
2 0 2 25791 0.02701
2 0 2 25789 0.0291
2 0 2 25771 0.02808
2 0 2 25724 0.02841
2 0 2 25707 0.04657
2 0 2 25691 0.0464
2 0 2 25474 0.04666
2 0 2 25456 0.04603
2 0 2 25222 0.04605
2 0 2 25192 0.0461
2 0 2 25000 0.01011
2 0 2 25000 0.009889
2 0 2 25000 0.01005
2 0 2 25000 0.01006
2 0 2 25000 0.01009
2 0 2 25000 0.01014
2 0 2 25000 0.00993
2 0 2 25000 0.01006
2 0 2 25000 0.01008
2 0 2 25000 0.01002
2 0 2 25000 0.01013
2 0 2 25000 0.009951
2 0 2 25000 0.009981
2 0 2 25000 0.009954
2 0 2 25000 0.01021
2 0 2 25000 0.009953
2 0 2 24967 0.04653
2 0 2 24953 0.0461
2 0 2 24778 0.04583
2 0 2 24700 0.04634
2 0 2 24421 0.04418
2 0 2 24384 0.0448
2 0 2 24190 0.04421
2 0 2 24190 0.04425
2 0 2 15304 0.01868
2 0 2 15303 0.01882
2 0 2 15302 0.01823
2 0 2 15300 0.01744
2 0 2 15300 0.01733
2 0 2 15299 0.01768
2 0 2 15299 0.01772
2 0 2 15298 0.01778
2 0 2 15298 0.0186
2 0 2 15298 0.01759
2 0 2 15297 0.01854
2 0 2 15292 0.02917
2 0 2 15291 0.01847
2 0 2 15289 0.01734
2 0 2 15288 0.02862
2 0 2 15285 0.02925
2 0 2 15283 0.01745
2 0 2 15270 0.02902
2 0 2 15267 0.02876
2 0 2 15264 0.01812
2 0 2 15232 0.02904
2 0 2 15115 0.02867
2 0 2 15105 0.02869
2 0 2 15062 0.02812
2 0 2 15044 0.02871
2 0 2 15033 0.02802
2 0 2 15021 0.02868
2 0 2 15016 0.02834
2 0 2 15000 0.006579
2 0 2 15000 0.00671
2 0 2 15000 0.006466
2 0 2 15000 0.006456
2 0 2 15000 0.006644
2 0 2 15000 0.006665
2 0 2 15000 0.00659
2 0 2 15000 0.006583
2 0 2 15000 0.006693
2 0 2 15000 0.00664
2 0 2 15000 0.00649
2 0 2 15000 0.006408
2 0 2 15000 0.006595
2 0 2 15000 0.006637
2 0 2 15000 0.006607
2 0 2 15000 0.006618
2 0 2 14980 0.02818
2 0 2 14980 0.02828
2 0 2 14907 0.02826
2 0 2 14907 0.02827
2 0 2 14731 0.02816
2 0 2 14681 0.02782
2 0 2 10134 0.013
2 0 2 10134 0.01279
2 0 2 10134 0.01295
2 0 2 10133 0.0127
2 0 2 10133 0.01319
2 0 2 10133 0.01259
2 0 2 10132 0.01311
2 0 2 10132 0.01322
2 0 2 10132 0.01316
2 0 2 10132 0.02003
2 0 2 10131 0.01271
2 0 2 10130 0.01277
2 0 2 10130 0.02057
2 0 2 10128 0.01303
2 0 2 10128 0.01297
2 0 2 10127 0.01252
2 0 2 10126 0.01324
2 0 2 10126 0.01322
2 0 2 10104 0.02024
2 0 2 10103 0.02027
2 0 2 10099 0.02025
2 0 2 10075 0.02052
2 0 2 10068 0.02017
2 0 2 10044 0.01248
2 0 2 10024 0.01971
2 0 2 10014 0.01985
2 0 2 10011 0.02002
2 0 2 10000 0.0204
2 0 2 10000 0.005158
2 0 2 10000 0.005074
2 0 2 10000 0.005116
2 0 2 10000 0.005168
2 0 2 10000 0.005115
2 0 2 10000 0.005115
2 0 2 10000 0.005089
2 0 2 10000 0.005172
2 0 2 10000 0.005134
2 0 2 10000 0.005083
2 0 2 10000 0.005094
2 0 2 10000 0.005121
2 0 2 10000 0.005111
2 0 2 10000 0.005118
2 0 2 10000 0.00512
2 0 2 10000 0.005025
2 0 2 9997 0.01997
2 0 2 9997 0.01991
2 0 2 9928 0.02024
2 0 2 9928 0.02016
2 0 2 9913 0.01979
2 0 2 9868 0.0199
2 0 3 127917 0.1851
2 0 3 127917 0.1856
2 0 3 127686 0.1791
2 0 3 127596 0.1875
2 0 3 127553 0.179
2 0 3 127175 0.1796
2 0 3 127046 0.1863
2 0 3 126807 0.1859
2 0 3 126545 0.1796
2 0 3 126346 0.1766
2 0 3 126212 0.1763
2 0 3 125023 0.1685
2 0 3 124760 0.1815
2 0 3 123860 0.1823
2 0 3 121818 0.119
2 0 3 121818 0.1189
2 0 3 118954 0.1454
2 0 3 118811 0.1174
2 0 3 114203 0.1427
2 0 3 114203 0.1427
2 0 3 113349 0.1427
2 0 3 108675 0.1367
2 0 3 107829 0.1364
2 0 3 105947 0.1338
2 0 3 105215 0.102
2 0 3 105215 0.102
2 0 3 105026 0.1065
2 0 3 104997 0.1077
2 0 3 104948 0.1076
2 0 3 104809 0.1074
2 0 3 104754 0.1065
2 0 3 104707 0.1076
2 0 3 104576 0.1065
2 0 3 104516 0.1079
2 0 3 104449 0.1058
2 0 3 104340 0.1052
2 0 3 104286 0.1051
2 0 3 104270 0.1047
2 0 3 103836 0.1048
2 0 3 103831 0.1078
2 0 3 102815 0.1264
2 0 3 102815 0.126
2 0 3 102040 0.1041
2 0 3 101218 0.1304
2 0 3 101144 0.1313
2 0 3 100000 0.07275
2 0 3 100000 0.07237
2 0 3 100000 0.07225
2 0 3 100000 0.07324
2 0 3 100000 0.07297
2 0 3 100000 0.07344
2 0 3 100000 0.07343
2 0 3 100000 0.0737
2 0 3 100000 0.0737
2 0 3 100000 0.07443
2 0 3 100000 0.07358
2 0 3 100000 0.07367
2 0 3 100000 0.07377
2 0 3 100000 0.07335
2 0 3 100000 0.07351
2 0 3 100000 0.07406
2 0 3 100000 0.07415
2 0 3 98735 0.1267
2 0 3 98583 0.128
2 0 3 98189 0.1285
2 0 3 97398 0.127
2 0 3 93477 0.1227
2 0 3 93477 0.1223
2 0 3 93384 0.1237
2 0 3 90768 0.09355
2 0 3 90711 0.09378
2 0 3 90693 0.09374
2 0 3 90632 0.0955
2 0 3 90631 0.09237
2 0 3 90515 0.09403
2 0 3 90450 0.09473
2 0 3 90408 0.1198
2 0 3 90395 0.09492
2 0 3 90353 0.09315
2 0 3 90351 0.0916
2 0 3 90334 0.09456
2 0 3 90296 0.09198
2 0 3 90210 0.09425
2 0 3 90209 0.09284
2 0 3 90083 0.1205
2 0 3 90016 0.1198
2 0 3 89814 0.09525
2 0 3 89651 0.1187
2 0 3 88683 0.1179
2 0 3 88281 0.1168
2 0 3 87682 0.117
2 0 3 87148 0.1175
2 0 3 87081 0.09352
2 0 3 86727 0.1161
2 0 3 85932 0.1149
2 0 3 85435 0.1151
2 0 3 85285 0.1141
2 0 3 85284 0.116
2 0 3 85000 0.0629
2 0 3 85000 0.06339
2 0 3 85000 0.06328
2 0 3 85000 0.06371
2 0 3 85000 0.06274
2 0 3 85000 0.06328
2 0 3 85000 0.06451
2 0 3 85000 0.06361
2 0 3 85000 0.06401
2 0 3 85000 0.06392
2 0 3 85000 0.06359
2 0 3 85000 0.06391
2 0 3 85000 0.06361
2 0 3 85000 0.06366
2 0 3 85000 0.06427
2 0 3 85000 0.06374
2 0 3 84756 0.1154
2 0 3 84597 0.115
2 0 3 83837 0.116
2 0 3 82434 0.1142
2 0 3 82185 0.1122
2 0 3 81969 0.1166
2 0 3 81405 0.1116
2 0 3 81263 0.1117
2 0 3 79877 0.1109
2 0 3 78934 0.1099
2 0 3 78780 0.11
2 0 3 78581 0.1088
2 0 3 77868 0.1102
2 0 3 77593 0.1097
2 0 3 76851 0.1097
2 0 3 76851 0.1094
2 0 3 75000 0.05393
2 0 3 75000 0.05311
2 0 3 75000 0.05391
2 0 3 75000 0.0534
2 0 3 75000 0.05344
2 0 3 75000 0.05308
2 0 3 75000 0.0532
2 0 3 75000 0.05384
2 0 3 75000 0.05375
2 0 3 75000 0.05385
2 0 3 75000 0.05461
2 0 3 75000 0.0555
2 0 3 75000 0.05383
2 0 3 75000 0.05365
2 0 3 75000 0.05407
2 0 3 75000 0.05345
2 0 3 72291 0.1072
2 0 3 72291 0.1069
2 0 3 71145 0.1031
2 0 3 70101 0.1029
2 0 3 56868 0.06786
2 0 3 56864 0.06709
2 0 3 56849 0.06609
2 0 3 56837 0.06699
2 0 3 56784 0.0665
2 0 3 56783 0.06651
2 0 3 56762 0.06642
2 0 3 56722 0.06539
2 0 3 56710 0.0658
2 0 3 56693 0.06563
2 0 3 56663 0.06607
2 0 3 56634 0.06581
2 0 3 56568 0.06514
2 0 3 56535 0.06589
2 0 3 56363 0.08676
2 0 3 56248 0.08586
2 0 3 55521 0.08466
2 0 3 54910 0.1083
2 0 3 54708 0.08536
2 0 3 54412 0.1086
2 0 3 54079 0.09679
2 0 3 53428 0.09857
2 0 3 53133 0.09858
2 0 3 52738 0.09838
2 0 3 52339 0.09784
2 0 3 51733 0.09639
2 0 3 51670 0.09726
2 0 3 50807 0.0952
2 0 3 50499 0.09382
2 0 3 50180 0.09366
2 0 3 50000 0.04433
2 0 3 50000 0.04171
2 0 3 50000 0.03568
2 0 3 50000 0.03365
2 0 3 50000 0.03399
2 0 3 50000 0.03368
2 0 3 50000 0.0338
2 0 3 50000 0.0336
2 0 3 50000 0.03339
2 0 3 50000 0.0341
2 0 3 50000 0.03396
2 0 3 50000 0.03413
2 0 3 50000 0.03389
2 0 3 50000 0.03395
2 0 3 50000 0.03418
2 0 3 50000 0.03373
2 0 3 50000 0.03402
2 0 3 49071 0.08326
2 0 3 48524 0.08168
2 0 3 44421 0.07697
2 0 3 38395 0.06727
2 0 3 38330 0.04771
2 0 3 38314 0.04706
2 0 3 38310 0.04606
2 0 3 38299 0.04614
2 0 3 38291 0.0463
2 0 3 38278 0.04491
2 0 3 38271 0.04409
2 0 3 38246 0.04607
2 0 3 38225 0.04468
2 0 3 38214 0.0464
2 0 3 38201 0.04555
2 0 3 38160 0.04546
2 0 3 38122 0.04473
2 0 3 37314 0.06582
2 0 3 37287 0.04491
2 0 3 37128 0.04498
2 0 3 36686 0.04537
2 0 3 36666 0.04448
2 0 3 36614 0.0652
2 0 3 36587 0.0631
2 0 3 36577 0.06383
2 0 3 36187 0.06414
2 0 3 36136 0.0643
2 0 3 36123 0.06417
2 0 3 35519 0.06286
2 0 3 35261 0.06326
2 0 3 35248 0.06315
2 0 3 35134 0.06276
2 0 3 35000 0.02208
2 0 3 35000 0.02211
2 0 3 35000 0.02203
2 0 3 35000 0.02216
2 0 3 35000 0.02194
2 0 3 35000 0.02203
2 0 3 35000 0.02209
2 0 3 35000 0.02208
2 0 3 35000 0.02224
2 0 3 35000 0.02201
2 0 3 35000 0.02223
2 0 3 35000 0.02203
2 0 3 35000 0.02184
2 0 3 35000 0.02221
2 0 3 35000 0.02203
2 0 3 35000 0.0224
2 0 3 34937 0.06171
2 0 3 34616 0.06091
2 0 3 34513 0.06157
2 0 3 34166 0.06138
2 0 3 33104 0.05943
2 0 3 26705 0.03115
2 0 3 26691 0.02931
2 0 3 26679 0.03141
2 0 3 26678 0.03031
2 0 3 26670 0.03061
2 0 3 26669 0.0296
2 0 3 26668 0.0306
2 0 3 26667 0.02978
2 0 3 26646 0.02938
2 0 3 26645 0.02905
2 0 3 26629 0.02969
2 0 3 26627 0.02952
2 0 3 26619 0.02873
2 0 3 26615 0.02799
2 0 3 26601 0.02967
2 0 3 26567 0.02925
2 0 3 26485 0.02992
2 0 3 26376 0.04716
2 0 3 26339 0.04619
2 0 3 26038 0.04745
2 0 3 25876 0.04741
2 0 3 25788 0.04699
2 0 3 25358 0.04619
2 0 3 25358 0.04619
2 0 3 25186 0.04489
2 0 3 25162 0.04513
2 0 3 25053 0.04532
2 0 3 25045 0.04535
2 0 3 25008 0.04618
2 0 3 25000 0.009804
2 0 3 25000 0.00998
2 0 3 25000 0.00985
2 0 3 25000 0.009946
2 0 3 25000 0.00995
2 0 3 25000 0.00987
2 0 3 25000 0.009743
2 0 3 25000 0.009943
2 0 3 25000 0.009938
2 0 3 25000 0.01
2 0 3 25000 0.009925
2 0 3 25000 0.009981
2 0 3 25000 0.009942
2 0 3 25000 0.009905
2 0 3 25000 0.009939
2 0 3 25000 0.01007
2 0 3 25000 0.009859
2 0 3 24427 0.04519
2 0 3 24241 0.04401
2 0 3 24195 0.04409
2 0 3 23300 0.04173
2 0 3 15609 0.01868
2 0 3 15609 0.01853
2 0 3 15605 0.01893
2 0 3 15605 0.01886
2 0 3 15602 0.01852
2 0 3 15601 0.01888
2 0 3 15601 0.01804
2 0 3 15601 0.01909
2 0 3 15597 0.01902
2 0 3 15597 0.01911
2 0 3 15593 0.01853
2 0 3 15593 0.01855
2 0 3 15587 0.01813
2 0 3 15586 0.01881
2 0 3 15586 0.03049
2 0 3 15583 0.01875
2 0 3 15580 0.01801
2 0 3 15565 0.01876
2 0 3 15365 0.02917
2 0 3 15365 0.0292
2 0 3 15337 0.0286
2 0 3 15334 0.02953
2 0 3 15322 0.02943
2 0 3 15303 0.02914
2 0 3 15285 0.0293
2 0 3 15270 0.0185
2 0 3 15208 0.0285
2 0 3 15186 0.02914
2 0 3 15177 0.02915
2 0 3 15054 0.02917
2 0 3 15000 0.006643
2 0 3 15000 0.006573
2 0 3 15000 0.006514
2 0 3 15000 0.006581
2 0 3 15000 0.006524
2 0 3 15000 0.006425
2 0 3 15000 0.006566
2 0 3 15000 0.006586
2 0 3 15000 0.006442
2 0 3 15000 0.006575
2 0 3 15000 0.006466
2 0 3 15000 0.00655
2 0 3 15000 0.00656
2 0 3 15000 0.006493
2 0 3 15000 0.006503
2 0 3 15000 0.006656
2 0 3 15000 0.006552
2 0 3 14922 0.02829
2 0 3 14883 0.02818
2 0 3 14716 0.0282
2 0 3 10270 0.01326
2 0 3 10268 0.01345
2 0 3 10267 0.01342
2 0 3 10266 0.01324
2 0 3 10266 0.01318
2 0 3 10266 0.01309
2 0 3 10265 0.0135
2 0 3 10264 0.01321
2 0 3 10262 0.01313
2 0 3 10262 0.0131
2 0 3 10260 0.01306
2 0 3 10259 0.01338
2 0 3 10257 0.01386
2 0 3 10256 0.01339
2 0 3 10249 0.02092
2 0 3 10246 0.01351
2 0 3 10181 0.02002
2 0 3 10181 0.02005
2 0 3 10178 0.01336
2 0 3 10178 0.02088
2 0 3 10140 0.02041
2 0 3 10101 0.02046
2 0 3 10097 0.02025
2 0 3 10086 0.02073
2 0 3 10078 0.02061
2 0 3 10077 0.01338
2 0 3 10076 0.02026
2 0 3 10038 0.02034
2 0 3 10031 0.01972
2 0 3 10014 0.02001
2 0 3 10004 0.01999
2 0 3 10000 0.005113
2 0 3 10000 0.005098
2 0 3 10000 0.005084
2 0 3 10000 0.00507
2 0 3 10000 0.005121
2 0 3 10000 0.005102
2 0 3 10000 0.005152
2 0 3 10000 0.005112
2 0 3 10000 0.005133
2 0 3 10000 0.005078
2 0 3 10000 0.005181
2 0 3 10000 0.00507
2 0 3 10000 0.005072
2 0 3 10000 0.005177
2 0 3 10000 0.005084
2 0 3 10000 0.005055
2 0 3 9958 0.02028
2 0 3 9946 0.01995
2 0 3 9759 0.01964
2 0 4 144356 0.2082
2 0 4 144356 0.199
2 0 4 144229 0.1965
2 0 4 144042 0.1981
2 0 4 143704 0.1949
2 0 4 143364 0.1953
2 0 4 142978 0.1987
2 0 4 142955 0.2024
2 0 4 142663 0.1937
2 0 4 142663 0.1929
2 0 4 142209 0.1951
2 0 4 140973 0.1988
2 0 4 140894 0.1941
2 0 4 139636 0.1963
2 0 4 138385 0.1866
2 0 4 134541 0.1916
2 0 4 132560 0.1896
2 0 4 127165 0.2679
2 0 4 121787 0.1522
2 0 4 120210 0.1513
2 0 4 116802 0.1187
2 0 4 116620 0.1201
2 0 4 116605 0.1199
2 0 4 116404 0.1206
2 0 4 116219 0.1214
2 0 4 116201 0.1191
2 0 4 116150 0.119
2 0 4 115820 0.1481
2 0 4 115728 0.1201
2 0 4 115719 0.1198
2 0 4 115639 0.1177
2 0 4 115167 0.1422
2 0 4 114682 0.1158
2 0 4 114585 0.1457
2 0 4 114377 0.1186
2 0 4 113427 0.1171
2 0 4 113314 0.1167
2 0 4 112942 0.1463
2 0 4 112409 0.1464
2 0 4 112024 0.1165
2 0 4 111655 0.1452
2 0 4 110608 0.1154
2 0 4 108990 0.1414
2 0 4 105347 0.1395
2 0 4 104365 0.1368
2 0 4 104145 0.1382
2 0 4 104076 0.1384
2 0 4 101763 0.1342
2 0 4 100000 0.07744
2 0 4 100000 0.07828
2 0 4 100000 0.07767
2 0 4 100000 0.07852
2 0 4 100000 0.07862
2 0 4 100000 0.0796
2 0 4 100000 0.07933
2 0 4 100000 0.07923
2 0 4 100000 0.07877
2 0 4 100000 0.07953
2 0 4 100000 0.07943
2 0 4 100000 0.07921
2 0 4 100000 0.0791
2 0 4 100000 0.07914
2 0 4 100000 0.0788
2 0 4 100000 0.07951
2 0 4 99703 0.1329
2 0 4 99643 0.1067
2 0 4 99487 0.1012
2 0 4 99421 0.107
2 0 4 99288 0.1036
2 0 4 99280 0.1052
2 0 4 99225 0.1063
2 0 4 99203 0.1059
2 0 4 99151 0.1042
2 0 4 99151 0.1047
2 0 4 99119 0.1043
2 0 4 98945 0.1061
2 0 4 98865 0.1067
2 0 4 98828 0.106
2 0 4 98789 0.1042
2 0 4 98784 0.106
2 0 4 98157 0.1023
2 0 4 97546 0.1317
2 0 4 96674 0.1052
2 0 4 95618 0.1029
2 0 4 95108 0.1283
2 0 4 94047 0.124
2 0 4 91739 0.1264
2 0 4 91666 0.126
2 0 4 91352 0.1244
2 0 4 88896 0.1228
2 0 4 88784 0.1224
2 0 4 88544 0.1228
2 0 4 88313 0.1222
2 0 4 87049 0.1227
2 0 4 86787 0.1202
2 0 4 86577 0.1213
2 0 4 85895 0.1204
2 0 4 85790 0.1186
2 0 4 85000 0.06872
2 0 4 85000 0.06775
2 0 4 85000 0.06819
2 0 4 85000 0.06829
2 0 4 85000 0.06856
2 0 4 85000 0.06825
2 0 4 85000 0.06876
2 0 4 85000 0.06922
2 0 4 85000 0.06922
2 0 4 85000 0.06852
2 0 4 85000 0.06871
2 0 4 85000 0.06853
2 0 4 85000 0.06867
2 0 4 85000 0.06886
2 0 4 85000 0.06879
2 0 4 85000 0.06921
2 0 4 85000 0.06882
2 0 4 84473 0.1185
2 0 4 83403 0.118
2 0 4 83116 0.1185
2 0 4 82920 0.1194
2 0 4 82467 0.1183
2 0 4 82353 0.1168
2 0 4 80445 0.1167
2 0 4 79845 0.1161
2 0 4 79689 0.114
2 0 4 79570 0.1128
2 0 4 78682 0.1138
2 0 4 76560 0.1131
2 0 4 76560 0.1129
2 0 4 75802 0.1106
2 0 4 75000 0.05739
2 0 4 75000 0.05746
2 0 4 75000 0.05719
2 0 4 75000 0.05812
2 0 4 75000 0.05688
2 0 4 75000 0.05774
2 0 4 75000 0.05838
2 0 4 75000 0.05831
2 0 4 75000 0.05767
2 0 4 75000 0.05754
2 0 4 75000 0.05822
2 0 4 75000 0.05728
2 0 4 75000 0.05714
2 0 4 75000 0.058
2 0 4 75000 0.05804
2 0 4 75000 0.05831
2 0 4 75000 0.05846
2 0 4 74036 0.1092
2 0 4 70707 0.1083
2 0 4 69645 0.1066
2 0 4 67338 0.1046
2 0 4 60638 0.07284
2 0 4 60606 0.07526
2 0 4 60556 0.0738
2 0 4 60525 0.07154
2 0 4 60492 0.07261
2 0 4 60485 0.0714
2 0 4 60485 0.07215
2 0 4 60432 0.07184
2 0 4 60401 0.07178
2 0 4 60332 0.07208
2 0 4 60323 0.07422
2 0 4 60289 0.07156
2 0 4 60243 0.07295
2 0 4 59980 0.07319
2 0 4 59654 0.09768
2 0 4 58572 0.06901
2 0 4 58233 0.0695
2 0 4 57803 0.07003
2 0 4 57528 0.09679
2 0 4 56280 0.09609
2 0 4 56014 0.09595
2 0 4 55822 0.09666
2 0 4 55574 0.09543
2 0 4 54677 0.09504
2 0 4 54335 0.09137
2 0 4 54042 0.09378
2 0 4 52512 0.0918
2 0 4 52148 0.09194
2 0 4 50319 0.08884
2 0 4 50000 0.0357
2 0 4 50000 0.03611
2 0 4 50000 0.03576
2 0 4 50000 0.03615
2 0 4 50000 0.03597
2 0 4 50000 0.03622
2 0 4 50000 0.03584
2 0 4 50000 0.03615
2 0 4 50000 0.03581
2 0 4 50000 0.03673
2 0 4 50000 0.03578
2 0 4 50000 0.03567
2 0 4 50000 0.03522
2 0 4 50000 0.03595
2 0 4 50000 0.03707
2 0 4 50000 0.03674
2 0 4 50000 0.03707
2 0 4 49538 0.08844
2 0 4 48488 0.08602
2 0 4 46973 0.08375
2 0 4 44329 0.0792
2 0 4 40098 0.05039
2 0 4 40092 0.04857
2 0 4 40072 0.04988
2 0 4 40055 0.04825
2 0 4 40044 0.05079
2 0 4 39992 0.04918
2 0 4 39989 0.04903
2 0 4 39986 0.04872
2 0 4 39971 0.06997
2 0 4 39969 0.04947
2 0 4 39940 0.04972
2 0 4 39938 0.04856
2 0 4 39867 0.05027
2 0 4 39859 0.04921
2 0 4 38974 0.04814
2 0 4 38851 0.05005
2 0 4 38405 0.0482
2 0 4 38330 0.04594
2 0 4 38297 0.06874
2 0 4 38060 0.06822
2 0 4 37157 0.06691
2 0 4 37157 0.06739
2 0 4 36881 0.06581
2 0 4 36337 0.06738
2 0 4 36185 0.06634
2 0 4 36015 0.06634
2 0 4 35783 0.06582
2 0 4 35368 0.06464
2 0 4 35000 0.02313
2 0 4 35000 0.02326
2 0 4 35000 0.02306
2 0 4 35000 0.02321
2 0 4 35000 0.02316
2 0 4 35000 0.02318
2 0 4 35000 0.02333
2 0 4 35000 0.02324
2 0 4 35000 0.02332
2 0 4 35000 0.02339
2 0 4 35000 0.02332
2 0 4 35000 0.02337
2 0 4 35000 0.02324
2 0 4 35000 0.0231
2 0 4 35000 0.02321
2 0 4 35000 0.02343
2 0 4 35000 0.02296
2 0 4 34990 0.06527
2 0 4 34750 0.06462
2 0 4 34592 0.06286
2 0 4 33572 0.06032
2 0 4 33572 0.06026
2 0 4 27579 0.03052
2 0 4 27569 0.03077
2 0 4 27556 0.03109
2 0 4 27554 0.031
2 0 4 27549 0.0307
2 0 4 27542 0.03101
2 0 4 27533 0.03061
2 0 4 27527 0.0311
2 0 4 27506 0.02929
2 0 4 27503 0.03048
2 0 4 27491 0.03005
2 0 4 27489 0.0303
2 0 4 27440 0.02971
2 0 4 27435 0.03042
2 0 4 27231 0.04876
2 0 4 27213 0.04999
2 0 4 26901 0.04818
2 0 4 26889 0.02966
2 0 4 26802 0.04962
2 0 4 26758 0.04989
2 0 4 26179 0.04722
2 0 4 26170 0.04765
2 0 4 25889 0.04711
2 0 4 25878 0.04753
2 0 4 25193 0.04613
2 0 4 25110 0.04697
2 0 4 25000 0.01011
2 0 4 25000 0.01025
2 0 4 25000 0.00992
2 0 4 25000 0.01025
2 0 4 25000 0.01009
2 0 4 25000 0.01011
2 0 4 25000 0.009933
2 0 4 25000 0.01006
2 0 4 25000 0.01034
2 0 4 25000 0.009917
2 0 4 25000 0.01003
2 0 4 25000 0.01011
2 0 4 25000 0.01002
2 0 4 25000 0.01003
2 0 4 25000 0.01014
2 0 4 25000 0.01011
2 0 4 25000 0.01003
2 0 4 24988 0.0462
2 0 4 24651 0.04563
2 0 4 24436 0.04509
2 0 4 24366 0.0449
2 0 4 23875 0.04415
2 0 4 23802 0.04396
2 0 4 23768 0.04376
2 0 4 15920 0.01877
2 0 4 15919 0.01896
2 0 4 15916 0.01948
2 0 4 15914 0.01923
2 0 4 15914 0.01926
2 0 4 15913 0.01923
2 0 4 15910 0.01913
2 0 4 15904 0.03115
2 0 4 15902 0.01906
2 0 4 15899 0.01994
2 0 4 15899 0.01992
2 0 4 15895 0.0184
2 0 4 15895 0.01843
2 0 4 15889 0.01931
2 0 4 15888 0.01956
2 0 4 15811 0.01869
2 0 4 15697 0.01896
2 0 4 15683 0.03075
2 0 4 15587 0.03085
2 0 4 15576 0.03095
2 0 4 15554 0.03002
2 0 4 15483 0.03095
2 0 4 15406 0.03025
2 0 4 15368 0.0303
2 0 4 15317 0.02957
2 0 4 15262 0.02903
2 0 4 15134 0.02967
2 0 4 15134 0.02967
2 0 4 15130 0.02922
2 0 4 15073 0.02873
2 0 4 15000 0.00662
2 0 4 15000 0.006601
2 0 4 15000 0.00666
2 0 4 15000 0.006578
2 0 4 15000 0.006592
2 0 4 15000 0.006521
2 0 4 15000 0.00665
2 0 4 15000 0.006629
2 0 4 15000 0.006567
2 0 4 15000 0.006636
2 0 4 15000 0.006543
2 0 4 15000 0.006509
2 0 4 15000 0.006715
2 0 4 15000 0.006537
2 0 4 15000 0.006507
2 0 4 15000 0.006817
2 0 4 15000 0.006598
2 0 4 14999 0.02859
2 0 4 14788 0.02905
2 0 4 14788 0.02889
2 0 4 10406 0.01347
2 0 4 10403 0.01399
2 0 4 10401 0.01328
2 0 4 10401 0.01345
2 0 4 10400 0.01305
2 0 4 10399 0.01343
2 0 4 10398 0.01312
2 0 4 10398 0.01317
2 0 4 10397 0.01322
2 0 4 10397 0.01333
2 0 4 10392 0.01316
2 0 4 10390 0.01406
2 0 4 10377 0.01375
2 0 4 10368 0.01364
2 0 4 10313 0.02108
2 0 4 10312 0.01311
2 0 4 10301 0.01314
2 0 4 10287 0.02064
2 0 4 10252 0.02083
2 0 4 10218 0.02149
2 0 4 10215 0.01321
2 0 4 10209 0.02135
2 0 4 10207 0.02062
2 0 4 10182 0.02083
2 0 4 10168 0.02104
2 0 4 10164 0.02053
2 0 4 10091 0.02075
2 0 4 10063 0.02053
2 0 4 10054 0.02049
2 0 4 10000 0.005216
2 0 4 10000 0.005177
2 0 4 10000 0.00521
2 0 4 10000 0.005222
2 0 4 10000 0.005233
2 0 4 10000 0.00515
2 0 4 10000 0.00522
2 0 4 10000 0.005177
2 0 4 10000 0.005184
2 0 4 10000 0.005179
2 0 4 10000 0.00525
2 0 4 10000 0.005188
2 0 4 10000 0.005222
2 0 4 10000 0.00516
2 0 4 10000 0.005205
2 0 4 10000 0.005264
2 0 4 10000 0.005156
2 0 4 9962 0.0204
2 0 4 9962 0.02048
2 0 4 9830 0.01954
2 0 4 9830 0.01957
2 0 5 163160 0.2147
2 0 5 163160 0.2136
2 0 5 161955 0.2168
2 0 5 161872 0.2237
2 0 5 161687 0.2112
2 0 5 161622 0.2146
2 0 5 161577 0.2036
2 0 5 161119 0.1983
2 0 5 161079 0.2108
2 0 5 160628 0.2094
2 0 5 158881 0.2067
2 0 5 158846 0.2044
2 0 5 158641 0.2115
2 0 5 156522 0.2087
2 0 5 156054 0.2037
2 0 5 149211 0.202
2 0 5 148839 0.2101
2 0 5 138822 0.2876
2 0 5 130124 0.1978
2 0 5 129783 0.1927
2 0 5 129517 0.1936
2 0 5 129239 0.2004
2 0 5 128700 0.1869
2 0 5 128681 0.1905
2 0 5 128665 0.1907
2 0 5 128579 0.193
2 0 5 128467 0.1983
2 0 5 128032 0.1943
2 0 5 127190 0.2758
2 0 5 124998 0.191
2 0 5 124677 0.1852
2 0 5 124350 0.2766
2 0 5 124007 0.1905
2 0 5 123793 0.1897
2 0 5 122681 0.1326
2 0 5 122370 0.1332
2 0 5 120306 0.1628
2 0 5 119432 0.1626
2 0 5 116625 0.1597
2 0 5 116625 0.16
2 0 5 113259 0.1537
2 0 5 110914 0.152
2 0 5 109434 0.1522
2 0 5 109353 0.1219
2 0 5 109338 0.121
2 0 5 109099 0.1207
2 0 5 109069 0.1228
2 0 5 108987 0.12
2 0 5 108982 0.1205
2 0 5 108843 0.1198
2 0 5 108837 0.1222
2 0 5 108775 0.1196
2 0 5 108566 0.1195
2 0 5 108402 0.12
2 0 5 108389 0.119
2 0 5 108262 0.1209
2 0 5 107956 0.1191
2 0 5 107736 0.1206
2 0 5 106953 0.1488
2 0 5 106330 0.1171
2 0 5 106223 0.1142
2 0 5 105565 0.1473
2 0 5 103936 0.1432
2 0 5 103936 0.1434
2 0 5 103465 0.1463
2 0 5 100898 0.1425
2 0 5 100000 0.08472
2 0 5 100000 0.08538
2 0 5 100000 0.08497
2 0 5 100000 0.08557
2 0 5 100000 0.08484
2 0 5 100000 0.08512
2 0 5 100000 0.08513
2 0 5 100000 0.08512
2 0 5 100000 0.08413
2 0 5 100000 0.08372
2 0 5 100000 0.08492
2 0 5 100000 0.08435
2 0 5 100000 0.08532
2 0 5 100000 0.08443
2 0 5 100000 0.0844
2 0 5 100000 0.08378
2 0 5 100000 0.083
2 0 5 98038 0.1381
2 0 5 97615 0.1375
2 0 5 94206 0.1349
2 0 5 93887 0.1305
2 0 5 93820 0.1349
2 0 5 93697 0.1357
2 0 5 92352 0.1327
2 0 5 91947 0.1335
2 0 5 91909 0.1341
2 0 5 90879 0.1265
2 0 5 89685 0.1303
2 0 5 89207 0.1298
2 0 5 87520 0.1376
2 0 5 86214 0.1536
2 0 5 86214 0.1546
2 0 5 85734 0.1553
2 0 5 85734 0.1564
2 0 5 85000 0.1057
2 0 5 85000 0.1052
2 0 5 85000 0.106
2 0 5 85000 0.1061
2 0 5 85000 0.08947
2 0 5 85000 0.07262
2 0 5 85000 0.07305
2 0 5 85000 0.07245
2 0 5 85000 0.07206
2 0 5 85000 0.07187
2 0 5 85000 0.07204
2 0 5 85000 0.07194
2 0 5 85000 0.07237
2 0 5 85000 0.07213
2 0 5 85000 0.07219
2 0 5 85000 0.0726
2 0 5 84755 0.1272
2 0 5 84496 0.1277
2 0 5 83603 0.1273
2 0 5 82101 0.1268
2 0 5 81513 0.1262
2 0 5 80961 0.1271
2 0 5 80751 0.1244
2 0 5 80568 0.1256
2 0 5 80004 0.1253
2 0 5 79656 0.1253
2 0 5 76360 0.121
2 0 5 76360 0.1216
2 0 5 75000 0.06255
2 0 5 75000 0.06202
2 0 5 75000 0.06119
2 0 5 75000 0.06207
2 0 5 75000 0.06074
2 0 5 75000 0.06177
2 0 5 75000 0.06118
2 0 5 75000 0.06159
2 0 5 75000 0.06089
2 0 5 75000 0.06137
2 0 5 75000 0.06089
2 0 5 75000 0.06111
2 0 5 75000 0.06017
2 0 5 75000 0.06193
2 0 5 75000 0.061
2 0 5 75000 0.06136
2 0 5 74714 0.1179
2 0 5 73802 0.1181
2 0 5 72596 0.1164
2 0 5 70316 0.116
2 0 5 69504 0.1131
2 0 5 64592 0.08072
2 0 5 64501 0.08044
2 0 5 64499 0.1086
2 0 5 64470 0.07996
2 0 5 64447 0.1057
2 0 5 64400 0.08011
2 0 5 64386 0.08121
2 0 5 64309 0.08032
2 0 5 64308 0.07886
2 0 5 64262 0.08029
2 0 5 64206 0.07948
2 0 5 64082 0.07911
2 0 5 64034 0.08105
2 0 5 62830 0.07832
2 0 5 62608 0.07902
2 0 5 62178 0.07792
2 0 5 62054 0.07965
2 0 5 59802 0.1032
2 0 5 59348 0.1025
2 0 5 58870 0.104
2 0 5 57042 0.1004
2 0 5 56904 0.09821
2 0 5 56635 0.0993
2 0 5 55838 0.09819
2 0 5 55528 0.09728
2 0 5 54967 0.09733
2 0 5 52442 0.08964
2 0 5 52068 0.09225
2 0 5 51392 0.09096
2 0 5 51099 0.08883
2 0 5 50901 0.08975
2 0 5 50000 0.03566
2 0 5 50000 0.03532
2 0 5 50000 0.03609
2 0 5 50000 0.03625
2 0 5 50000 0.03577
2 0 5 50000 0.03559
2 0 5 50000 0.03579
2 0 5 50000 0.03617
2 0 5 50000 0.03581
2 0 5 50000 0.03566
2 0 5 50000 0.03598
2 0 5 50000 0.03602
2 0 5 50000 0.03609
2 0 5 50000 0.03602
2 0 5 50000 0.03565
2 0 5 50000 0.03611
2 0 5 50000 0.03593
2 0 5 49762 0.0887
2 0 5 48777 0.08744
2 0 5 42285 0.07771
2 0 5 41915 0.0532
2 0 5 41912 0.05243
2 0 5 41864 0.05135
2 0 5 41862 0.0533
2 0 5 41830 0.05424
2 0 5 41813 0.05243
2 0 5 41799 0.05192
2 0 5 41787 0.05197
2 0 5 41747 0.05434
2 0 5 41742 0.05335
2 0 5 41695 0.04937
2 0 5 41629 0.05248
2 0 5 40691 0.0489
2 0 5 40682 0.0491
2 0 5 40225 0.05134
2 0 5 40062 0.04939
2 0 5 39901 0.05122
2 0 5 39694 0.0711
2 0 5 39692 0.07249
2 0 5 38935 0.07093
2 0 5 38273 0.07031
2 0 5 37404 0.0685
2 0 5 36630 0.06696
2 0 5 36627 0.06709
2 0 5 36221 0.06525
2 0 5 35897 0.06452
2 0 5 35765 0.06677
2 0 5 35679 0.06401
2 0 5 35415 0.06464
2 0 5 35251 0.06569
2 0 5 35184 0.06436
2 0 5 35000 0.02328
2 0 5 35000 0.02301
2 0 5 35000 0.02303
2 0 5 35000 0.02284
2 0 5 35000 0.02305
2 0 5 35000 0.02274
2 0 5 35000 0.02292
2 0 5 35000 0.02276
2 0 5 35000 0.02311
2 0 5 35000 0.02275
2 0 5 35000 0.023
2 0 5 35000 0.02267
2 0 5 35000 0.02301
2 0 5 35000 0.02273
2 0 5 35000 0.02267
2 0 5 35000 0.02326
2 0 5 34674 0.06261
2 0 5 32364 0.0591
2 0 5 30570 0.05433
2 0 5 28505 0.03185
2 0 5 28486 0.03147
2 0 5 28473 0.03302
2 0 5 28471 0.03102
2 0 5 28453 0.03169
2 0 5 28453 0.03166
2 0 5 28426 0.0321
2 0 5 28421 0.02995
2 0 5 28407 0.03031
2 0 5 28401 0.03198
2 0 5 28398 0.03117
2 0 5 28394 0.03266
2 0 5 28322 0.03104
2 0 5 28269 0.03091
2 0 5 27815 0.05102
2 0 5 27731 0.03208
2 0 5 27726 0.03034
2 0 5 27440 0.05049
2 0 5 27113 0.02993
2 0 5 27106 0.04995
2 0 5 27012 0.04949
2 0 5 26566 0.04746
2 0 5 26533 0.04753
2 0 5 26432 0.0473
2 0 5 25987 0.04754
2 0 5 25236 0.04599
2 0 5 25129 0.04605
2 0 5 25107 0.04691
2 0 5 25000 0.01001
2 0 5 25000 0.01008
2 0 5 25000 0.01005
2 0 5 25000 0.01013
2 0 5 25000 0.009986
2 0 5 25000 0.01001
2 0 5 25000 0.009867
2 0 5 25000 0.009919
2 0 5 25000 0.009912
2 0 5 25000 0.009943
2 0 5 25000 0.01004
2 0 5 25000 0.009837
2 0 5 25000 0.01003
2 0 5 25000 0.009952
2 0 5 25000 0.009894
2 0 5 25000 0.01022
2 0 5 25000 0.01008
2 0 5 24696 0.04556
2 0 5 24610 0.04559
2 0 5 24518 0.04488
2 0 5 23950 0.04458
2 0 5 23950 0.04447
2 0 5 16239 0.01861
2 0 5 16238 0.01929
2 0 5 16230 0.01876
2 0 5 16225 0.01926
2 0 5 16221 0.01857
2 0 5 16220 0.01911
2 0 5 16219 0.01886
2 0 5 16215 0.01926
2 0 5 16211 0.0186
2 0 5 16211 0.01868
2 0 5 16206 0.01828
2 0 5 16201 0.01899
2 0 5 16196 0.01879
2 0 5 16170 0.01881
2 0 5 16042 0.01832
2 0 5 16005 0.01822
2 0 5 15883 0.01832
2 0 5 15699 0.03065
2 0 5 15678 0.0308
2 0 5 15664 0.03095
2 0 5 15582 0.03023
2 0 5 15513 0.03067
2 0 5 15511 0.03066
2 0 5 15428 0.03064
2 0 5 15364 0.03199
2 0 5 15364 0.03183
2 0 5 15074 0.03059
2 0 5 15074 0.03072
2 0 5 15046 0.03085
2 0 5 15000 0.008496
2 0 5 15000 0.008051
2 0 5 15000 0.00825
2 0 5 15000 0.008233
2 0 5 15000 0.008237
2 0 5 15000 0.008083
2 0 5 15000 0.008043
2 0 5 15000 0.008246
2 0 5 15000 0.008002
2 0 5 15000 0.008071
2 0 5 15000 0.008039
2 0 5 15000 0.008047
2 0 5 15000 0.007964
2 0 5 15000 0.008065
2 0 5 15000 0.008088
2 0 5 15000 0.007897
2 0 5 15000 0.008116
2 0 5 14836 0.03046
2 0 5 14803 0.03008
2 0 5 14740 0.03024
2 0 5 14601 0.03049
2 0 5 10546 0.0147
2 0 5 10541 0.01446
2 0 5 10540 0.01474
2 0 5 10538 0.01474
2 0 5 10537 0.01408
2 0 5 10535 0.01415
2 0 5 10534 0.01465
2 0 5 10531 0.0139
2 0 5 10531 0.01413
2 0 5 10527 0.01413
2 0 5 10525 0.01465
2 0 5 10523 0.01426
2 0 5 10516 0.01423
2 0 5 10442 0.01523
2 0 5 10436 0.01417
2 0 5 10403 0.01446
2 0 5 10348 0.01457
2 0 5 10336 0.02271
2 0 5 10304 0.0224
2 0 5 10304 0.02225
2 0 5 10280 0.02249
2 0 5 10230 0.02218
2 0 5 10223 0.0219
2 0 5 10221 0.02234
2 0 5 10196 0.02226
2 0 5 10092 0.02224
2 0 5 10085 0.02164
2 0 5 10078 0.02186
2 0 5 10054 0.02138
2 0 5 10033 0.02149
2 0 5 10012 0.02166
2 0 5 10000 0.006158
2 0 5 10000 0.00609
2 0 5 10000 0.006085
2 0 5 10000 0.006128
2 0 5 10000 0.006084
2 0 5 10000 0.006086
2 0 5 10000 0.00614
2 0 5 10000 0.006132
2 0 5 10000 0.006208
2 0 5 10000 0.006121
2 0 5 10000 0.00615
2 0 5 10000 0.006176
2 0 5 10000 0.006295
2 0 5 10000 0.006216
2 0 5 10000 0.006126
2 0 5 10000 0.006163
2 0 5 10000 0.00612
2 0 5 9974 0.02099
2 0 5 9674 0.02118
