16 0 1 100000 0.1341
16 0 1 100000 0.127
16 0 1 100000 0.1255
16 0 1 100000 0.1278
16 0 1 100000 0.1285
16 0 1 100000 0.13
16 0 1 85000 0.1134
16 0 1 85000 0.1069
16 0 1 85000 0.1148
16 0 1 85000 0.116
16 0 1 85000 0.1159
16 0 1 85000 0.1152
16 0 1 75000 0.1024
16 0 1 75000 0.1025
16 0 1 75000 0.1029
16 0 1 75000 0.1019
16 0 1 75000 0.1044
16 0 1 75000 0.1027
16 0 1 75000 0.102
16 0 1 50000 0.06932
16 0 1 50000 0.06794
16 0 1 50000 0.05899
16 0 1 50000 0.05828
16 0 1 50000 0.05952
16 0 1 35000 0.04235
16 0 1 35000 0.04156
16 0 1 35000 0.04219
16 0 1 35000 0.04167
16 0 1 35000 0.04228
16 0 1 35000 0.0412
16 0 1 35000 0.04229
16 0 1 25000 0.02846
16 0 1 25000 0.02758
16 0 1 25000 0.02818
16 0 1 25000 0.02766
16 0 1 25000 0.02745
16 0 1 25000 0.02815
16 0 1 15000 0.0176
16 0 1 15000 0.01823
16 0 1 15000 0.01736
16 0 1 15000 0.01769
16 0 1 15000 0.01738
16 0 1 15000 0.01776
16 0 1 15000 0.0166
16 0 1 10000 0.01279
16 0 1 10000 0.01312
16 0 1 10000 0.01231
16 0 1 10000 0.01254
16 0 1 10000 0.01279
16 0 1 10000 0.01287
16 0 2 113340 0.1124
16 0 2 113136 0.111
16 0 2 113023 0.1038
16 0 2 112806 0.1102
16 0 2 112562 0.1093
16 0 2 108964 0.1083
16 0 2 94670 0.09659
16 0 2 94548 0.09698
16 0 2 94462 0.09595
16 0 2 94283 0.09464
16 0 2 94161 0.09605
16 0 2 93590 0.09578
16 0 2 85369 0.09134
16 0 2 82446 0.08856
16 0 2 82419 0.08743
16 0 2 82261 0.08393
16 0 2 82125 0.08802
16 0 2 81923 0.08739
16 0 2 53360 0.06419
16 0 2 53332 0.06377
16 0 2 53293 0.06348
16 0 2 53265 0.06341
16 0 2 53210 0.06313
16 0 2 53151 0.06002
16 0 2 52910 0.06187
16 0 2 36662 0.0422
16 0 2 36620 0.04329
16 0 2 36613 0.04273
16 0 2 36603 0.0427
16 0 2 36580 0.04309
16 0 2 36475 0.04352
16 0 2 25840 0.02909
16 0 2 25829 0.02821
16 0 2 25820 0.02886
16 0 2 25816 0.02717
16 0 2 25803 0.02956
16 0 2 25670 0.02864
16 0 2 15304 0.01824
16 0 2 15303 0.01776
16 0 2 15300 0.01853
16 0 2 15299 0.01818
16 0 2 15297 0.0178
16 0 2 15291 0.01787
16 0 2 15268 0.01824
16 0 2 10134 0.01287
16 0 2 10134 0.01313
16 0 2 10132 0.0127
16 0 2 10131 0.0133
16 0 2 10128 0.01308
16 0 2 10126 0.01293
16 0 2 10111 0.01286
16 0 3 128039 0.1761
16 0 3 127937 0.1805
16 0 3 127495 0.1762
16 0 3 127243 0.1763
16 0 3 126594 0.1759
16 0 3 115870 0.1124
16 0 3 115870 0.113
16 0 3 104780 0.1058
16 0 3 104473 0.104
16 0 3 104282 0.1041
16 0 3 103943 0.1046
16 0 3 96382 0.09672
16 0 3 94838 0.09474
16 0 3 90494 0.09267
16 0 3 90391 0.09401
16 0 3 90330 0.09212
16 0 3 90199 0.09552
16 0 3 90027 0.0938
16 0 3 86398 0.08847
16 0 3 56763 0.06355
16 0 3 56704 0.0646
16 0 3 56680 0.06371
16 0 3 56597 0.06734
16 0 3 56453 0.06601
16 0 3 38355 0.04372
16 0 3 38323 0.04406
16 0 3 38305 0.04562
16 0 3 38297 0.04334
16 0 3 38255 0.04742
16 0 3 38237 0.04873
16 0 3 38181 0.05094
16 0 3 26678 0.03209
16 0 3 26668 0.03078
16 0 3 26647 0.03073
16 0 3 26642 0.02853
16 0 3 26615 0.03042
16 0 3 26510 0.03043
16 0 3 15611 0.01907
16 0 3 15601 0.0194
16 0 3 15598 0.01975
16 0 3 15594 0.0201
16 0 3 15588 0.0199
16 0 3 15574 0.01895
16 0 3 15288 0.01774
16 0 3 10268 0.01379
16 0 3 10265 0.01332
16 0 3 10261 0.01369
16 0 3 10257 0.01362
16 0 3 10254 0.01313
16 0 3 10249 0.01412
16 0 4 144503 0.2348
16 0 4 144474 0.2346
16 0 4 143143 0.231
16 0 4 142995 0.2272
16 0 4 139296 0.2187
16 0 4 138721 0.2202
16 0 4 117092 0.1366
16 0 4 115790 0.1416
16 0 4 115486 0.1377
16 0 4 115248 0.1377
16 0 4 112916 0.1294
16 0 4 111487 0.131
16 0 4 99752 0.1227
16 0 4 99348 0.1063
16 0 4 99120 0.1028
16 0 4 98622 0.0986
16 0 4 98468 0.1009
16 0 4 97421 0.1015
16 0 4 92352 0.09497
16 0 4 60537 0.07148
16 0 4 60388 0.07331
16 0 4 60285 0.07336
16 0 4 60170 0.0709
16 0 4 60022 0.06907
16 0 4 57991 0.06715
16 0 4 40095 0.04644
16 0 4 40042 0.04607
16 0 4 40020 0.0468
16 0 4 39950 0.04794
16 0 4 39858 0.04753
16 0 4 39091 0.04753
16 0 4 27530 0.02972
16 0 4 27515 0.03055
16 0 4 27457 0.03149
16 0 4 27320 0.03079
16 0 4 27050 0.02975
16 0 4 15925 0.01853
16 0 4 15918 0.01869
16 0 4 15905 0.01946
16 0 4 15889 0.01856
16 0 4 15883 0.01908
16 0 4 15880 0.01936
16 0 4 15737 0.01971
16 0 4 10405 0.01339
16 0 4 10402 0.01314
16 0 4 10396 0.01378
16 0 4 10394 0.0133
16 0 4 10386 0.01378
16 0 4 10385 0.01369
16 0 4 10380 0.01344
16 0 5 162225 0.1959
16 0 5 161788 0.2033
16 0 5 161641 0.2001
16 0 5 159461 0.1958
16 0 5 157494 0.2028
16 0 5 155924 0.1919
16 0 5 128829 0.1771
16 0 5 128339 0.1889
16 0 5 127896 0.1846
16 0 5 127670 0.1858
16 0 5 125214 0.178
16 0 5 123845 0.1729
16 0 5 109038 0.1107
16 0 5 108726 0.1104
16 0 5 108183 0.1137
16 0 5 108027 0.1074
16 0 5 107739 0.1103
16 0 5 106533 0.1112
16 0 5 101414 0.1061
16 0 5 64359 0.07476
16 0 5 64260 0.07323
16 0 5 64149 0.07344
16 0 5 64013 0.07353
16 0 5 63817 0.0722
16 0 5 41964 0.05124
16 0 5 41930 0.05129
16 0 5 41881 0.05087
16 0 5 41838 0.05085
16 0 5 41757 0.05069
16 0 5 41617 0.05
16 0 5 41123 0.04874
16 0 5 28452 0.03205
16 0 5 28436 0.03092
16 0 5 28398 0.0309
16 0 5 28342 0.0322
16 0 5 27977 0.03122
16 0 5 27816 0.03129
16 0 5 16231 0.01862
16 0 5 16207 0.0191
16 0 5 16201 0.01949
16 0 5 16196 0.01942
16 0 5 16187 0.01908
16 0 5 16177 0.01919
16 0 5 10541 0.01324
16 0 5 10541 0.01329
16 0 5 10534 0.01335
16 0 5 10530 0.01396
16 0 5 10527 0.01332
16 0 5 10521 0.01318
16 0 5 10520 0.01375
