16 5 1 100000 0.144
16 5 1 100000 0.1382
16 5 1 100000 0.07609
16 5 1 100000 0.07678
16 5 1 100000 0.07515
16 5 1 100000 0.07545
16 5 1 100000 0.07638
16 5 1 85000 0.118
16 5 1 85000 0.06598
16 5 1 85000 0.06522
16 5 1 85000 0.06587
16 5 1 85000 0.06507
16 5 1 75000 0.1082
16 5 1 75000 0.1239
16 5 1 75000 0.07719
16 5 1 75000 0.07772
16 5 1 75000 0.0777
16 5 1 75000 0.07681
16 5 1 75000 0.07638
16 5 1 50000 0.09267
16 5 1 50000 0.09458
16 5 1 50000 0.04046
16 5 1 50000 0.03338
16 5 1 50000 0.03205
16 5 1 50000 0.03325
16 5 1 35000 0.06354
16 5 1 35000 0.06121
16 5 1 35000 0.02205
16 5 1 35000 0.02312
16 5 1 35000 0.02131
16 5 1 35000 0.02156
16 5 1 25000 0.04615
16 5 1 25000 0.04658
16 5 1 25000 0.04594
16 5 1 25000 0.009996
16 5 1 25000 0.009977
16 5 1 25000 0.01012
16 5 1 25000 0.009853
16 5 1 15000 0.02815
16 5 1 15000 0.02795
16 5 1 15000 0.006627
16 5 1 15000 0.006579
16 5 1 15000 0.006705
16 5 1 15000 0.006532
16 5 1 10000 0.01923
16 5 1 10000 0.01945
16 5 1 10000 0.005277
16 5 1 10000 0.005155
16 5 1 10000 0.005103
16 5 1 10000 0.005134
16 5 2 112362 0.1418
16 5 2 101500 0.1339
16 5 2 100000 0.08113
16 5 2 100000 0.08221
16 5 2 100000 0.08212
16 5 2 100000 0.08218
16 5 2 91170 0.1237
16 5 2 85059 0.118
16 5 2 85000 0.07012
16 5 2 85000 0.06924
16 5 2 85000 0.06915
16 5 2 85000 0.06968
16 5 2 81126 0.1141
16 5 2 76106 0.1105
16 5 2 75000 0.05887
16 5 2 75000 0.05806
16 5 2 75000 0.05575
16 5 2 75000 0.05625
16 5 2 71689 0.1084
16 5 2 53169 0.08857
16 5 2 51228 0.08627
16 5 2 50000 0.03245
16 5 2 50000 0.03306
16 5 2 50000 0.03163
16 5 2 49580 0.08376
16 5 2 46786 0.07979
16 5 2 35000 0.02143
16 5 2 35000 0.02127
16 5 2 35000 0.02116
16 5 2 35000 0.02082
16 5 2 34907 0.06126
16 5 2 25844 0.04756
16 5 2 25000 0.009929
16 5 2 25000 0.009991
16 5 2 25000 0.01007
16 5 2 25000 0.01003
16 5 2 25000 0.009972
16 5 2 15298 0.02918
16 5 2 15278 0.02843
16 5 2 15000 0.00669
16 5 2 15000 0.006526
16 5 2 15000 0.00668
16 5 2 15000 0.006622
16 5 2 14980 0.02818
16 5 2 10133 0.01965
16 5 2 10050 0.01994
16 5 2 10000 0.005209
16 5 2 10000 0.005175
16 5 2 10000 0.005188
16 5 2 10000 0.005191
16 5 3 117726 0.1652
16 5 3 101616 0.1454
16 5 3 100000 0.09422
16 5 3 100000 0.108
16 5 3 100000 0.1062
16 5 3 100000 0.111
16 5 3 96309 0.1512
16 5 3 85000 0.08074
16 5 3 85000 0.07918
16 5 3 85000 0.08056
16 5 3 85000 0.09673
16 5 3 85000 0.0979
16 5 3 83960 0.1372
16 5 3 75000 0.07828
16 5 3 75000 0.06827
16 5 3 75000 0.06409
16 5 3 75000 0.06584
16 5 3 75000 0.05648
16 5 3 69091 0.1057
16 5 3 56532 0.092
16 5 3 50000 0.03556
16 5 3 50000 0.03178
16 5 3 50000 0.03382
16 5 3 50000 0.03815
16 5 3 50000 0.03839
16 5 3 46826 0.08357
16 5 3 35000 0.02394
16 5 3 35000 0.0237
16 5 3 35000 0.02328
16 5 3 35000 0.02925
16 5 3 34571 0.06776
16 5 3 25328 0.04901
16 5 3 25178 0.04839
16 5 3 25000 0.01254
16 5 3 25000 0.01075
16 5 3 25000 0.01062
16 5 3 25000 0.01055
16 5 3 15461 0.02977
16 5 3 15456 0.03194
16 5 3 15000 0.007974
16 5 3 15000 0.007564
16 5 3 15000 0.00672
16 5 3 15000 0.00647
16 5 3 14989 0.02902
16 5 3 10215 0.02019
16 5 3 10031 0.01954
16 5 3 10000 0.005207
16 5 3 10000 0.005114
16 5 3 10000 0.00509
16 5 3 10000 0.005096
16 5 4 121872 0.1496
16 5 4 105956 0.1522
16 5 4 100000 0.09006
16 5 4 100000 0.0906
16 5 4 100000 0.1141
16 5 4 100000 0.1143
16 5 4 94370 0.1531
16 5 4 91067 0.144
16 5 4 85000 0.08078
16 5 4 85000 0.09405
16 5 4 85000 0.09318
16 5 4 85000 0.09242
16 5 4 81336 0.131
16 5 4 79359 0.1167
16 5 4 75000 0.06209
16 5 4 75000 0.07948
16 5 4 75000 0.0796
16 5 4 75000 0.08028
16 5 4 69477 0.1201
16 5 4 55567 0.09716
16 5 4 50000 0.03602
16 5 4 50000 0.03952
16 5 4 50000 0.03562
16 5 4 50000 0.03919
16 5 4 50000 0.04417
16 5 4 37092 0.0723
16 5 4 35081 0.06968
16 5 4 35000 0.02257
16 5 4 35000 0.02598
16 5 4 35000 0.02234
16 5 4 35000 0.02181
16 5 4 33294 0.06466
16 5 4 25680 0.05194
16 5 4 25000 0.01303
16 5 4 25000 0.01024
16 5 4 25000 0.01034
16 5 4 25000 0.01039
16 5 4 24109 0.04762
16 5 4 15257 0.02978
16 5 4 15000 0.007849
16 5 4 15000 0.008107
16 5 4 15000 0.008131
16 5 4 15000 0.00774
16 5 4 14839 0.03091
16 5 4 10155 0.02149
16 5 4 10000 0.00591
16 5 4 10000 0.005868
16 5 4 10000 0.005358
16 5 4 10000 0.006078
16 5 4 9890 0.02137
16 5 5 121466 0.1711
16 5 5 111011 0.1604
16 5 5 100000 0.09535
16 5 5 100000 0.09252
16 5 5 100000 0.1106
16 5 5 100000 0.1082
16 5 5 100000 0.1089
16 5 5 88971 0.1413
16 5 5 86171 0.1305
16 5 5 85000 0.0954
16 5 5 85000 0.09122
16 5 5 85000 0.07222
16 5 5 85000 0.06361
16 5 5 80413 0.1135
16 5 5 75000 0.0537
16 5 5 75000 0.05418
16 5 5 75000 0.05391
16 5 5 75000 0.05427
16 5 5 70544 0.1018
16 5 5 53569 0.08992
16 5 5 50000 0.03183
16 5 5 50000 0.03163
16 5 5 50000 0.03176
16 5 5 50000 0.03159
16 5 5 50000 0.03169
16 5 5 44015 0.07502
16 5 5 35000 0.02122
16 5 5 35000 0.02102
16 5 5 35000 0.0212
16 5 5 35000 0.02104
16 5 5 33734 0.06002
16 5 5 26549 0.04889
16 5 5 26100 0.04789
16 5 5 25000 0.009962
16 5 5 25000 0.01005
16 5 5 25000 0.01002
16 5 5 25000 0.01006
16 5 5 24891 0.04638
16 5 5 15225 0.029
16 5 5 15000 0.006683
16 5 5 15000 0.006533
16 5 5 15000 0.006612
16 5 5 15000 0.006553
16 5 5 10502 0.02223
16 5 5 10187 0.02005
16 5 5 10110 0.02011
16 5 5 10000 0.005177
16 5 5 10000 0.005147
16 5 5 10000 0.005189
16 5 5 10000 0.005138
