4 2 1 100000 0.1382
4 2 1 100000 0.1356
4 2 1 100000 0.1315
4 2 1 100000 0.1339
4 2 1 100000 0.1345
4 2 1 100000 0.1334
4 2 1 100000 0.1351
4 2 1 100000 0.1341
4 2 1 100000 0.1342
4 2 1 100000 0.1309
4 2 1 100000 0.1338
4 2 1 100000 0.1336
4 2 1 100000 0.1317
4 2 1 100000 0.1343
4 2 1 100000 0.1373
4 2 1 100000 0.1372
4 2 1 100000 0.1101
4 2 1 100000 0.105
4 2 1 100000 0.1026
4 2 1 100000 0.1014
4 2 1 100000 0.1039
4 2 1 100000 0.1028
4 2 1 100000 0.106
4 2 1 100000 0.1037
4 2 1 100000 0.1053
4 2 1 85000 0.09325
4 2 1 85000 0.09408
4 2 1 85000 0.09082
4 2 1 85000 0.09385
4 2 1 85000 0.09428
4 2 1 85000 0.09472
4 2 1 85000 0.09454
4 2 1 85000 0.09405
4 2 1 85000 0.09405
4 2 1 85000 0.09215
4 2 1 85000 0.09514
4 2 1 85000 0.0928
4 2 1 85000 0.09429
4 2 1 85000 0.09622
4 2 1 85000 0.09392
4 2 1 85000 0.09374
4 2 1 85000 0.09152
4 2 1 85000 0.09283
4 2 1 85000 0.09367
4 2 1 85000 0.09232
4 2 1 85000 0.09267
4 2 1 85000 0.09007
4 2 1 85000 0.09433
4 2 1 85000 0.09209
4 2 1 85000 0.09226
4 2 1 75000 0.08664
4 2 1 75000 0.08376
4 2 1 75000 0.08549
4 2 1 75000 0.08376
4 2 1 75000 0.08474
4 2 1 75000 0.08507
4 2 1 75000 0.0864
4 2 1 75000 0.08589
4 2 1 75000 0.08386
4 2 1 75000 0.08456
4 2 1 75000 0.08459
4 2 1 75000 0.08464
4 2 1 75000 0.08524
4 2 1 75000 0.08534
4 2 1 75000 0.08476
4 2 1 75000 0.08336
4 2 1 75000 0.08274
4 2 1 75000 0.08066
4 2 1 75000 0.0838
4 2 1 75000 0.08123
4 2 1 75000 0.0804
4 2 1 75000 0.08083
4 2 1 75000 0.08245
4 2 1 75000 0.082
4 2 1 75000 0.08478
4 2 1 50000 0.06184
4 2 1 50000 0.06087
4 2 1 50000 0.06176
4 2 1 50000 0.06099
4 2 1 50000 0.06116
4 2 1 50000 0.06084
4 2 1 50000 0.06032
4 2 1 50000 0.06271
4 2 1 50000 0.06203
4 2 1 50000 0.05912
4 2 1 50000 0.06238
4 2 1 50000 0.06355
4 2 1 50000 0.0601
4 2 1 50000 0.06128
4 2 1 50000 0.06006
4 2 1 50000 0.0617
4 2 1 50000 0.05957
4 2 1 50000 0.05976
4 2 1 50000 0.05989
4 2 1 50000 0.05955
4 2 1 50000 0.06088
4 2 1 50000 0.05906
4 2 1 50000 0.05826
4 2 1 50000 0.05959
4 2 1 50000 0.06059
4 2 1 35000 0.04309
4 2 1 35000 0.04454
4 2 1 35000 0.04518
4 2 1 35000 0.04488
4 2 1 35000 0.04552
4 2 1 35000 0.04547
4 2 1 35000 0.04473
4 2 1 35000 0.04324
4 2 1 35000 0.04485
4 2 1 35000 0.04495
4 2 1 35000 0.04307
4 2 1 35000 0.04388
4 2 1 35000 0.04389
4 2 1 35000 0.04439
4 2 1 35000 0.04198
4 2 1 35000 0.04402
4 2 1 35000 0.04236
4 2 1 35000 0.04063
4 2 1 35000 0.04271
4 2 1 35000 0.04161
4 2 1 35000 0.04321
4 2 1 35000 0.04233
4 2 1 35000 0.04367
4 2 1 35000 0.04325
4 2 1 35000 0.04215
4 2 1 25000 0.02749
4 2 1 25000 0.02869
4 2 1 25000 0.02898
4 2 1 25000 0.02926
4 2 1 25000 0.02918
4 2 1 25000 0.02972
4 2 1 25000 0.02863
4 2 1 25000 0.02748
4 2 1 25000 0.0297
4 2 1 25000 0.02826
4 2 1 25000 0.0289
4 2 1 25000 0.03036
4 2 1 25000 0.02898
4 2 1 25000 0.02906
4 2 1 25000 0.02978
4 2 1 25000 0.02975
4 2 1 25000 0.02836
4 2 1 25000 0.0275
4 2 1 25000 0.02807
4 2 1 25000 0.02707
4 2 1 25000 0.02826
4 2 1 25000 0.02858
4 2 1 25000 0.0275
4 2 1 25000 0.02673
4 2 1 25000 0.02694
4 2 1 15000 0.01881
4 2 1 15000 0.01802
4 2 1 15000 0.01811
4 2 1 15000 0.01848
4 2 1 15000 0.01899
4 2 1 15000 0.01884
4 2 1 15000 0.0182
4 2 1 15000 0.01799
4 2 1 15000 0.01832
4 2 1 15000 0.01844
4 2 1 15000 0.01847
4 2 1 15000 0.0185
4 2 1 15000 0.01851
4 2 1 15000 0.01769
4 2 1 15000 0.01799
4 2 1 15000 0.0178
4 2 1 15000 0.01794
4 2 1 15000 0.01726
4 2 1 15000 0.01646
4 2 1 15000 0.0173
4 2 1 15000 0.01739
4 2 1 15000 0.01772
4 2 1 15000 0.01798
4 2 1 15000 0.01802
4 2 1 15000 0.01731
4 2 1 10000 0.0135
4 2 1 10000 0.01306
4 2 1 10000 0.01284
4 2 1 10000 0.01286
4 2 1 10000 0.01301
4 2 1 10000 0.01344
4 2 1 10000 0.01328
4 2 1 10000 0.01264
4 2 1 10000 0.01283
4 2 1 10000 0.0131
4 2 1 10000 0.01268
4 2 1 10000 0.01292
4 2 1 10000 0.01287
4 2 1 10000 0.01323
4 2 1 10000 0.01318
4 2 1 10000 0.01278
4 2 1 10000 0.01211
4 2 1 10000 0.0123
4 2 1 10000 0.01235
4 2 1 10000 0.01243
4 2 1 10000 0.0121
4 2 1 10000 0.01251
4 2 1 10000 0.0127
4 2 1 10000 0.01265
4 2 1 10000 0.01181
4 2 2 113413 0.1184
4 2 2 113200 0.1154
4 2 2 113045 0.1145
4 2 2 112865 0.1134
4 2 2 112675 0.1133
4 2 2 112313 0.1162
4 2 2 112313 0.1168
4 2 2 110513 0.1135
4 2 2 109984 0.1132
4 2 2 109812 0.1111
4 2 2 109411 0.1138
4 2 2 108147 0.1118
4 2 2 105526 0.1111
4 2 2 105237 0.1102
4 2 2 104833 0.1195
4 2 2 104024 0.1194
4 2 2 103871 0.1034
4 2 2 100121 0.1071
4 2 2 99472 0.1039
4 2 2 97701 0.1445
4 2 2 97381 0.1416
4 2 2 95192 0.1406
4 2 2 94735 0.1349
4 2 2 94685 0.1415
4 2 2 94453 0.1377
4 2 2 94372 0.1371
4 2 2 94316 0.1358
4 2 2 93845 0.1367
4 2 2 93755 0.1358
4 2 2 93616 0.1156
4 2 2 93357 0.1039
4 2 2 92951 0.1028
4 2 2 92917 0.1009
4 2 2 92736 0.09902
4 2 2 92321 0.1027
4 2 2 91760 0.09961
4 2 2 91760 0.1008
4 2 2 90917 0.1018
4 2 2 90512 0.1011
4 2 2 89733 0.09712
4 2 2 88783 0.09507
4 2 2 88349 0.09891
4 2 2 86547 0.09605
4 2 2 86455 0.09583
4 2 2 86110 0.09565
4 2 2 83939 0.09549
4 2 2 83675 0.09175
4 2 2 82545 0.09384
4 2 2 82515 0.09342
4 2 2 82377 0.08994
4 2 2 82334 0.09194
4 2 2 82295 0.09029
4 2 2 82164 0.08965
4 2 2 82077 0.09037
4 2 2 82011 0.09109
4 2 2 81815 0.08919
4 2 2 81684 0.09061
4 2 2 81347 0.09314
4 2 2 81303 0.09113
4 2 2 81217 0.09236
4 2 2 79845 0.09164
4 2 2 79315 0.09022
4 2 2 78387 0.08782
4 2 2 77913 0.08905
4 2 2 77761 0.08989
4 2 2 76734 0.08707
4 2 2 76438 0.08779
4 2 2 76292 0.08614
4 2 2 74616 0.08361
4 2 2 74616 0.08532
4 2 2 73951 0.08283
4 2 2 73888 0.08927
4 2 2 72068 0.08473
4 2 2 72068 0.08486
4 2 2 70683 0.08181
4 2 2 53381 0.06617
4 2 2 53372 0.06424
4 2 2 53328 0.06744
4 2 2 53313 0.06947
4 2 2 53282 0.06576
4 2 2 53254 0.06377
4 2 2 53228 0.06419
4 2 2 53168 0.06328
4 2 2 53125 0.06717
4 2 2 52878 0.06874
4 2 2 52875 0.06889
4 2 2 52577 0.06511
4 2 2 52418 0.06802
4 2 2 52159 0.06413
4 2 2 52070 0.06611
4 2 2 51950 0.066
4 2 2 51261 0.06256
4 2 2 50012 0.06378
4 2 2 50012 0.06413
4 2 2 49985 0.06171
4 2 2 49726 0.06337
4 2 2 49264 0.06026
4 2 2 48608 0.06075
4 2 2 46657 0.06011
4 2 2 46441 0.05868
4 2 2 36662 0.04728
4 2 2 36662 0.0474
4 2 2 36649 0.04519
4 2 2 36625 0.04363
4 2 2 36606 0.0455
4 2 2 36590 0.04387
4 2 2 36575 0.0428
4 2 2 36568 0.04459
4 2 2 36546 0.04499
4 2 2 36537 0.04677
4 2 2 36400 0.04486
4 2 2 36153 0.04622
4 2 2 36152 0.04734
4 2 2 36018 0.04645
4 2 2 35962 0.04546
4 2 2 35800 0.04246
4 2 2 35529 0.04507
4 2 2 35308 0.04512
4 2 2 35090 0.04333
4 2 2 34997 0.0427
4 2 2 34919 0.04509
4 2 2 34912 0.0449
4 2 2 33687 0.03992
4 2 2 33649 0.04219
4 2 2 33551 0.0422
4 2 2 25841 0.03031
4 2 2 25839 0.03061
4 2 2 25835 0.02981
4 2 2 25829 0.0288
4 2 2 25823 0.02886
4 2 2 25822 0.03116
4 2 2 25820 0.02858
4 2 2 25815 0.02792
4 2 2 25807 0.02802
4 2 2 25781 0.02905
4 2 2 25751 0.02815
4 2 2 25743 0.02937
4 2 2 25738 0.02876
4 2 2 25666 0.03035
4 2 2 25608 0.02847
4 2 2 25279 0.02869
4 2 2 25277 0.02873
4 2 2 25173 0.02823
4 2 2 25140 0.02894
4 2 2 24958 0.0299
4 2 2 24820 0.02851
4 2 2 24528 0.02784
4 2 2 24408 0.02801
4 2 2 24355 0.02919
4 2 2 24190 0.0292
4 2 2 15305 0.0185
4 2 2 15304 0.01964
4 2 2 15303 0.01884
4 2 2 15302 0.01912
4 2 2 15302 0.01794
4 2 2 15299 0.01873
4 2 2 15297 0.01845
4 2 2 15295 0.0182
4 2 2 15291 0.01799
4 2 2 15287 0.01806
4 2 2 15279 0.01755
4 2 2 15268 0.01778
4 2 2 15254 0.01784
4 2 2 15225 0.01911
4 2 2 15220 0.01887
4 2 2 15151 0.01866
4 2 2 15074 0.01783
4 2 2 14974 0.01935
4 2 2 14927 0.01869
4 2 2 14913 0.01784
4 2 2 14895 0.01839
4 2 2 14864 0.01836
4 2 2 14820 0.01879
4 2 2 14790 0.01807
4 2 2 14737 0.01797
4 2 2 10134 0.01309
4 2 2 10134 0.01283
4 2 2 10133 0.01349
4 2 2 10133 0.01317
4 2 2 10132 0.01293
4 2 2 10131 0.01251
4 2 2 10130 0.01269
4 2 2 10129 0.01357
4 2 2 10129 0.01246
4 2 2 10128 0.01234
4 2 2 10127 0.01258
4 2 2 10125 0.01283
4 2 2 10121 0.01353
4 2 2 10092 0.01301
4 2 2 10089 0.01339
4 2 2 10087 0.01346
4 2 2 10046 0.0135
4 2 2 10009 0.01246
4 2 2 10000 0.01342
4 2 2 9998 0.01317
4 2 2 9984 0.01264
4 2 2 9943 0.01266
4 2 2 9940 0.01287
4 2 2 9866 0.01326
4 2 2 9858 0.01295
4 2 3 127593 0.1841
4 2 3 127370 0.1832
4 2 3 126236 0.1778
4 2 3 125959 0.1821
4 2 3 122598 0.1277
4 2 3 122228 0.1226
4 2 3 121630 0.1213
4 2 3 119224 0.1223
4 2 3 117576 0.1211
4 2 3 116262 0.1208
4 2 3 115957 0.1196
4 2 3 110523 0.1141
4 2 3 110224 0.1119
4 2 3 107052 0.1161
4 2 3 107029 0.1131
4 2 3 104927 0.1044
4 2 3 104584 0.1099
4 2 3 104127 0.101
4 2 3 103995 0.1106
4 2 3 103990 0.112
4 2 3 103781 0.11
4 2 3 103047 0.1123
4 2 3 102461 0.1105
4 2 3 102056 0.1099
4 2 3 102056 0.1127
4 2 3 101938 0.1091
4 2 3 101382 0.1074
4 2 3 101215 0.1019
4 2 3 100633 0.1077
4 2 3 100182 0.1048
4 2 3 99583 0.09865
4 2 3 99536 0.1074
4 2 3 97844 0.1026
4 2 3 96778 0.1028
4 2 3 96546 0.1073
4 2 3 96424 0.1064
4 2 3 95857 0.1058
4 2 3 94995 0.1032
4 2 3 94995 0.1032
4 2 3 93121 0.1003
4 2 3 92927 0.09277
4 2 3 90378 0.09399
4 2 3 90160 0.09907
4 2 3 90045 0.09496
4 2 3 89444 0.0963
4 2 3 89318 0.09532
4 2 3 89209 0.09664
4 2 3 88770 0.09826
4 2 3 88381 0.0963
4 2 3 88311 0.09893
4 2 3 88118 0.09866
4 2 3 87954 0.09245
4 2 3 87244 0.09797
4 2 3 87019 0.09735
4 2 3 85469 0.09479
4 2 3 85149 0.0955
4 2 3 84861 0.0959
4 2 3 84861 0.09605
4 2 3 83773 0.09548
4 2 3 83773 0.09478
4 2 3 82220 0.09386
4 2 3 81846 0.09081
4 2 3 81361 0.09129
4 2 3 81189 0.09385
4 2 3 79853 0.09127
4 2 3 78856 0.09
4 2 3 78732 0.0894
4 2 3 78592 0.09164
4 2 3 78042 0.08601
4 2 3 77109 0.08647
4 2 3 76523 0.08864
4 2 3 74027 0.08371
4 2 3 72337 0.08331
4 2 3 69441 0.08278
4 2 3 68393 0.0802
4 2 3 56925 0.06706
4 2 3 56701 0.06649
4 2 3 56635 0.06536
4 2 3 56595 0.06769
4 2 3 56576 0.06975
4 2 3 56430 0.07
4 2 3 56430 0.07108
4 2 3 55954 0.06978
4 2 3 55895 0.06719
4 2 3 55745 0.07108
4 2 3 55388 0.06823
4 2 3 55388 0.0687
4 2 3 54677 0.06674
4 2 3 53753 0.06678
4 2 3 53339 0.06755
4 2 3 53048 0.06851
4 2 3 52620 0.06604
4 2 3 51736 0.0622
4 2 3 50609 0.06401
4 2 3 50572 0.06308
4 2 3 49068 0.0603
4 2 3 48884 0.06081
4 2 3 48601 0.06142
4 2 3 46572 0.05906
4 2 3 46572 0.05973
4 2 3 38266 0.04619
4 2 3 38250 0.04459
4 2 3 38220 0.04555
4 2 3 38131 0.04662
4 2 3 38013 0.04426
4 2 3 37844 0.04644
4 2 3 37504 0.04497
4 2 3 37443 0.04752
4 2 3 37413 0.04641
4 2 3 37116 0.04785
4 2 3 36937 0.04655
4 2 3 36878 0.04427
4 2 3 36566 0.0453
4 2 3 36443 0.04375
4 2 3 36426 0.04489
4 2 3 35969 0.0445
4 2 3 35379 0.04433
4 2 3 35224 0.04555
4 2 3 34969 0.04409
4 2 3 34911 0.04366
4 2 3 34851 0.04356
4 2 3 34721 0.04325
4 2 3 34323 0.04152
4 2 3 33648 0.04219
4 2 3 33648 0.04213
4 2 3 26705 0.02913
4 2 3 26684 0.02973
4 2 3 26677 0.0294
4 2 3 26659 0.02904
4 2 3 26616 0.02971
4 2 3 26599 0.02903
4 2 3 26597 0.03087
4 2 3 26588 0.02855
4 2 3 26576 0.02867
4 2 3 26527 0.03036
4 2 3 26505 0.03126
4 2 3 26478 0.02989
4 2 3 26189 0.03033
4 2 3 26127 0.02785
4 2 3 25717 0.02776
4 2 3 25690 0.02971
4 2 3 25605 0.02929
4 2 3 25464 0.02912
4 2 3 25436 0.02841
4 2 3 25183 0.0281
4 2 3 25183 0.0284
4 2 3 25081 0.02815
4 2 3 25003 0.02845
4 2 3 24850 0.02886
4 2 3 24522 0.02766
4 2 3 15614 0.02038
4 2 3 15603 0.01882
4 2 3 15593 0.01835
4 2 3 15584 0.01861
4 2 3 15576 0.01849
4 2 3 15558 0.01782
4 2 3 15538 0.01758
4 2 3 15532 0.01986
4 2 3 15480 0.01845
4 2 3 15475 0.01887
4 2 3 15451 0.01896
4 2 3 15291 0.01828
4 2 3 15242 0.01844
4 2 3 15220 0.01856
4 2 3 15215 0.01893
4 2 3 15168 0.01904
4 2 3 15154 0.0185
4 2 3 15122 0.01815
4 2 3 15086 0.01824
4 2 3 15020 0.01938
4 2 3 15003 0.0184
4 2 3 14946 0.0186
4 2 3 14927 0.01845
4 2 3 14754 0.01796
4 2 3 14686 0.01744
4 2 3 10268 0.01268
4 2 3 10265 0.0125
4 2 3 10264 0.01332
4 2 3 10262 0.01342
4 2 3 10261 0.01371
4 2 3 10261 0.01315
4 2 3 10258 0.0129
4 2 3 10257 0.01487
4 2 3 10256 0.01381
4 2 3 10229 0.01477
4 2 3 10228 0.01329
4 2 3 10226 0.01355
4 2 3 10172 0.01325
4 2 3 10171 0.0129
4 2 3 10141 0.01242
4 2 3 10128 0.01377
4 2 3 10080 0.01236
4 2 3 10040 0.01287
4 2 3 10030 0.01323
4 2 3 10003 0.01318
4 2 3 10001 0.01322
4 2 3 9990 0.01306
4 2 3 9919 0.01267
4 2 3 9909 0.01304
4 2 3 9857 0.01284
4 2 4 143430 0.2043
4 2 4 142769 0.1946
4 2 4 142304 0.1919
4 2 4 138388 0.1903
4 2 4 136995 0.1853
4 2 4 135846 0.1883
4 2 4 133296 0.1819
4 2 4 131268 0.179
4 2 4 129568 0.1845
4 2 4 124461 0.1865
4 2 4 121557 0.1275
4 2 4 115945 0.1208
4 2 4 115860 0.1179
4 2 4 115264 0.1177
4 2 4 115075 0.1183
4 2 4 114394 0.12
4 2 4 113985 0.1187
4 2 4 113766 0.1205
4 2 4 113085 0.1203
4 2 4 112857 0.1184
4 2 4 112499 0.1162
4 2 4 111281 0.1156
4 2 4 111193 0.1158
4 2 4 110236 0.1188
4 2 4 109827 0.1209
4 2 4 109814 0.1175
4 2 4 108817 0.1128
4 2 4 107771 0.116
4 2 4 106390 0.1151
4 2 4 105921 0.1124
4 2 4 105792 0.1148
4 2 4 105155 0.1167
4 2 4 103910 0.1141
4 2 4 103894 0.1152
4 2 4 103564 0.108
4 2 4 102791 0.1126
4 2 4 100620 0.1105
4 2 4 100388 0.1097
4 2 4 98921 0.1022
4 2 4 98563 0.1091
4 2 4 98244 0.1058
4 2 4 98140 0.1015
4 2 4 97503 0.09771
4 2 4 96798 0.102
4 2 4 96676 0.1068
4 2 4 95112 0.1011
4 2 4 95025 0.1046
4 2 4 93591 0.1047
4 2 4 93591 0.1027
4 2 4 92300 0.09871
4 2 4 91561 0.09934
4 2 4 90719 0.09396
4 2 4 90260 0.1003
4 2 4 88835 0.1018
4 2 4 88835 0.1014
4 2 4 88529 0.09869
4 2 4 87948 0.09772
4 2 4 87562 0.09728
4 2 4 85541 0.09595
4 2 4 84846 0.09694
4 2 4 83429 0.09478
4 2 4 83429 0.09471
4 2 4 82645 0.09353
4 2 4 81404 0.09187
4 2 4 81118 0.09375
4 2 4 79470 0.0922
4 2 4 79237 0.0915
4 2 4 78657 0.09212
4 2 4 77677 0.09132
4 2 4 76042 0.08923
4 2 4 76042 0.08919
4 2 4 75113 0.0883
4 2 4 74828 0.08649
4 2 4 74409 0.08761
4 2 4 64555 0.07669
4 2 4 60510 0.07241
4 2 4 60353 0.07345
4 2 4 60249 0.07351
4 2 4 60147 0.07646
4 2 4 59922 0.07336
4 2 4 59630 0.07342
4 2 4 59336 0.06932
4 2 4 58484 0.06829
4 2 4 58481 0.07413
4 2 4 58164 0.06853
4 2 4 56682 0.06777
4 2 4 56210 0.07019
4 2 4 56153 0.07075
4 2 4 55822 0.0704
4 2 4 55796 0.07133
4 2 4 55607 0.0666
4 2 4 54816 0.07057
4 2 4 54676 0.06567
4 2 4 52801 0.0675
4 2 4 52408 0.06842
4 2 4 51350 0.06417
4 2 4 51137 0.06495
4 2 4 50974 0.06405
4 2 4 47966 0.0622
4 2 4 47231 0.0597
4 2 4 40005 0.04762
4 2 4 39956 0.04864
4 2 4 39917 0.04651
4 2 4 39816 0.04878
4 2 4 39650 0.0507
4 2 4 39297 0.04631
4 2 4 39280 0.04894
4 2 4 38661 0.04866
4 2 4 38661 0.04851
4 2 4 38292 0.04695
4 2 4 38116 0.04552
4 2 4 38090 0.04842
4 2 4 37553 0.0465
4 2 4 37121 0.04502
4 2 4 36553 0.0469
4 2 4 36547 0.04759
4 2 4 36495 0.04631
4 2 4 36468 0.04561
4 2 4 36458 0.04706
4 2 4 36082 0.04625
4 2 4 35869 0.04657
4 2 4 35242 0.04446
4 2 4 35242 0.04443
4 2 4 34851 0.04344
4 2 4 34845 0.04506
4 2 4 27544 0.02973
4 2 4 27528 0.02967
4 2 4 27505 0.02995
4 2 4 27454 0.02968
4 2 4 27440 0.03059
4 2 4 27422 0.03259
4 2 4 27416 0.03056
4 2 4 27360 0.03081
4 2 4 27105 0.03108
4 2 4 26709 0.03113
4 2 4 26663 0.03065
4 2 4 26544 0.02814
4 2 4 26424 0.0306
4 2 4 26328 0.02946
4 2 4 26305 0.03048
4 2 4 25837 0.02765
4 2 4 25800 0.02985
4 2 4 25663 0.02953
4 2 4 25447 0.03075
4 2 4 25399 0.03
4 2 4 25356 0.02902
4 2 4 24831 0.0298
4 2 4 24831 0.02962
4 2 4 24404 0.02927
4 2 4 24171 0.02901
4 2 4 15926 0.01992
4 2 4 15905 0.0183
4 2 4 15894 0.01859
4 2 4 15879 0.01881
4 2 4 15868 0.01877
4 2 4 15832 0.01826
4 2 4 15829 0.01797
4 2 4 15787 0.01952
4 2 4 15759 0.02041
4 2 4 15724 0.01815
4 2 4 15583 0.01948
4 2 4 15549 0.02038
4 2 4 15435 0.01933
4 2 4 15429 0.01907
4 2 4 15382 0.01982
4 2 4 15324 0.01909
4 2 4 15282 0.01919
4 2 4 15066 0.0188
4 2 4 15053 0.01966
4 2 4 15050 0.01899
4 2 4 14994 0.01941
4 2 4 14991 0.01904
4 2 4 14915 0.01843
4 2 4 14824 0.01831
4 2 4 14808 0.01914
4 2 4 10398 0.01392
4 2 4 10395 0.01309
4 2 4 10392 0.01354
4 2 4 10391 0.01307
4 2 4 10388 0.01305
4 2 4 10383 0.01426
4 2 4 10367 0.01403
4 2 4 10362 0.01441
4 2 4 10308 0.01395
4 2 4 10277 0.0134
4 2 4 10270 0.01344
4 2 4 10264 0.014
4 2 4 10263 0.01419
4 2 4 10220 0.01373
4 2 4 10203 0.0129
4 2 4 10163 0.01366
4 2 4 10157 0.01347
4 2 4 10133 0.0139
4 2 4 10132 0.01361
4 2 4 10086 0.01358
4 2 4 10049 0.01377
4 2 4 10032 0.01277
4 2 4 10018 0.01271
4 2 4 9922 0.01387
4 2 4 9904 0.01374
4 2 5 160814 0.2025
4 2 5 158238 0.2017
4 2 5 155980 0.2005
4 2 5 152165 0.1959
4 2 5 151940 0.1974
4 2 5 148775 0.1904
4 2 5 144882 0.1908
4 2 5 137703 0.1816
4 2 5 128615 0.1927
4 2 5 128195 0.1793
4 2 5 127330 0.1808
4 2 5 125751 0.1873
4 2 5 125433 0.1793
4 2 5 124527 0.1947
4 2 5 123496 0.1855
4 2 5 123056 0.1849
4 2 5 122972 0.1863
4 2 5 120728 0.1191
4 2 5 120019 0.1227
4 2 5 119189 0.1236
4 2 5 118531 0.1206
4 2 5 115650 0.1217
4 2 5 115566 0.1171
4 2 5 114646 0.1198
4 2 5 113040 0.1166
4 2 5 112691 0.1205
4 2 5 111986 0.1189
4 2 5 111862 0.1187
4 2 5 110637 0.1162
4 2 5 109906 0.1186
4 2 5 109874 0.1156
4 2 5 108865 0.1172
4 2 5 108459 0.1144
4 2 5 107583 0.1085
4 2 5 107445 0.1135
4 2 5 107196 0.1139
4 2 5 106698 0.1079
4 2 5 106260 0.1088
4 2 5 106083 0.1138
4 2 5 105369 0.1097
4 2 5 105153 0.1096
4 2 5 103488 0.111
4 2 5 103424 0.1128
4 2 5 101773 0.1107
4 2 5 101773 0.1109
4 2 5 99303 0.1082
4 2 5 99053 0.1075
4 2 5 98342 0.104
4 2 5 95965 0.1069
4 2 5 95289 0.1073
4 2 5 95025 0.09864
4 2 5 93070 0.1011
4 2 5 92548 0.09912
4 2 5 91364 0.09876
4 2 5 90429 0.09797
4 2 5 90238 0.09834
4 2 5 89779 0.09827
4 2 5 89641 0.0966
4 2 5 89068 0.09887
4 2 5 87316 0.09924
4 2 5 87316 0.09955
4 2 5 84891 0.09577
4 2 5 84423 0.09599
4 2 5 83243 0.09373
4 2 5 82415 0.09045
4 2 5 82367 0.08803
4 2 5 82057 0.09336
4 2 5 81568 0.09334
4 2 5 79429 0.09364
4 2 5 78446 0.08924
4 2 5 78418 0.09059
4 2 5 76901 0.0894
4 2 5 72710 0.08499
4 2 5 71881 0.08446
4 2 5 69732 0.08367
4 2 5 64390 0.07426
4 2 5 64207 0.07652
4 2 5 64021 0.07588
4 2 5 63766 0.07208
4 2 5 61871 0.06894
4 2 5 61610 0.07408
4 2 5 60659 0.0753
4 2 5 60376 0.07459
4 2 5 59896 0.07315
4 2 5 59597 0.07314
4 2 5 59457 0.07311
4 2 5 58892 0.07273
4 2 5 58135 0.06838
4 2 5 56727 0.07035
4 2 5 56622 0.07022
4 2 5 56377 0.0676
4 2 5 55179 0.06715
4 2 5 55037 0.06588
4 2 5 54778 0.06729
4 2 5 54424 0.06888
4 2 5 54085 0.0679
4 2 5 51914 0.06464
4 2 5 51218 0.06259
4 2 5 46549 0.06083
4 2 5 46549 0.06089
4 2 5 41888 0.05065
4 2 5 41707 0.04895
4 2 5 41639 0.04986
4 2 5 41539 0.0516
4 2 5 41411 0.04947
4 2 5 40757 0.04964
4 2 5 40147 0.04815
4 2 5 40047 0.05159
4 2 5 39966 0.04777
4 2 5 39421 0.04851
4 2 5 38627 0.04543
4 2 5 38290 0.04792
4 2 5 38290 0.04783
4 2 5 38222 0.04772
4 2 5 38160 0.0466
4 2 5 37140 0.04713
4 2 5 36919 0.04543
4 2 5 36472 0.04578
4 2 5 36458 0.04572
4 2 5 36201 0.04618
4 2 5 35351 0.04567
4 2 5 35157 0.0446
4 2 5 34652 0.04371
4 2 5 34104 0.04195
4 2 5 31911 0.03729
4 2 5 28427 0.03042
4 2 5 28382 0.03154
4 2 5 28337 0.03097
4 2 5 28318 0.03062
4 2 5 28289 0.03049
4 2 5 28129 0.03306
4 2 5 27705 0.03241
4 2 5 27609 0.03068
4 2 5 27573 0.03124
4 2 5 27550 0.03182
4 2 5 27332 0.0306
4 2 5 27221 0.03148
4 2 5 26742 0.03119
4 2 5 26718 0.02886
4 2 5 26532 0.03125
4 2 5 26466 0.0314
4 2 5 26453 0.02995
4 2 5 26176 0.02927
4 2 5 25974 0.0289
4 2 5 25680 0.02972
4 2 5 25471 0.02951
4 2 5 25165 0.02965
4 2 5 25103 0.03034
4 2 5 24825 0.02969
4 2 5 23843 0.02836
4 2 5 16219 0.0191
4 2 5 16198 0.01851
4 2 5 16193 0.01884
4 2 5 16174 0.01925
4 2 5 16122 0.01905
4 2 5 16101 0.01902
4 2 5 16076 0.02007
4 2 5 16057 0.01862
4 2 5 15789 0.01968
4 2 5 15750 0.01939
4 2 5 15750 0.01946
4 2 5 15701 0.01942
4 2 5 15696 0.01887
4 2 5 15572 0.02012
4 2 5 15572 0.02026
4 2 5 15311 0.01856
4 2 5 15274 0.01882
4 2 5 15272 0.01892
4 2 5 15136 0.01878
4 2 5 15113 0.01919
4 2 5 15013 0.01931
4 2 5 14999 0.01867
4 2 5 14972 0.01862
4 2 5 14743 0.01815
4 2 5 14617 0.01759
4 2 5 10528 0.01345
4 2 5 10526 0.01313
4 2 5 10523 0.01382
4 2 5 10511 0.01315
4 2 5 10497 0.01331
4 2 5 10412 0.01451
4 2 5 10412 0.01436
4 2 5 10403 0.01405
4 2 5 10358 0.01399
4 2 5 10340 0.01397
4 2 5 10339 0.014
4 2 5 10303 0.01386
4 2 5 10286 0.01406
4 2 5 10281 0.01292
4 2 5 10268 0.01333
4 2 5 10256 0.01282
4 2 5 10255 0.01315
4 2 5 10196 0.01281
4 2 5 10196 0.01279
4 2 5 10161 0.01382
4 2 5 10126 0.01333
4 2 5 10101 0.01277
4 2 5 10020 0.01276
4 2 5 9859 0.01296
4 2 5 9859 0.0132
