16 14 1 100000 0.1239
16 14 1 100000 0.1174
16 14 1 100000 0.1137
16 14 1 100000 0.1147
16 14 1 100000 0.1149
16 14 1 100000 0.1135
16 14 1 85000 0.101
16 14 1 85000 0.1013
16 14 1 85000 0.1014
16 14 1 85000 0.1005
16 14 1 85000 0.103
16 14 1 85000 0.1018
16 14 1 85000 0.1028
16 14 1 75000 0.08832
16 14 1 75000 0.09215
16 14 1 75000 0.08914
16 14 1 75000 0.08997
16 14 1 75000 0.09137
16 14 1 50000 0.06198
16 14 1 50000 0.06439
16 14 1 50000 0.06322
16 14 1 50000 0.06476
16 14 1 50000 0.0624
16 14 1 50000 0.06396
16 14 1 50000 0.06435
16 14 1 35000 0.04368
16 14 1 35000 0.04598
16 14 1 35000 0.04538
16 14 1 35000 0.0452
16 14 1 35000 0.04446
16 14 1 35000 0.04537
16 14 1 25000 0.02826
16 14 1 25000 0.02928
16 14 1 25000 0.02833
16 14 1 25000 0.0291
16 14 1 25000 0.0292
16 14 1 25000 0.0288
16 14 1 25000 0.02923
16 14 1 15000 0.01756
16 14 1 15000 0.01849
16 14 1 15000 0.01817
16 14 1 15000 0.01822
16 14 1 15000 0.01762
16 14 1 10000 0.01306
16 14 1 10000 0.01293
16 14 1 10000 0.01302
16 14 1 10000 0.01265
16 14 1 10000 0.01265
16 14 1 10000 0.013
16 14 1 10000 0.0125
16 14 2 113528 0.1265
16 14 2 113323 0.124
16 14 2 111066 0.1248
16 14 2 108266 0.1254
16 14 2 100379 0.1163
16 14 2 99958 0.1141
16 14 2 94672 0.108
16 14 2 92741 0.1079
16 14 2 91107 0.1076
16 14 2 89330 0.1039
16 14 2 84981 0.1001
16 14 2 83577 0.09901
16 14 2 82062 0.09846
16 14 2 81401 0.09765
16 14 2 81272 0.09659
16 14 2 77559 0.0933
16 14 2 76690 0.09278
16 14 2 70813 0.08572
16 14 2 70578 0.08654
16 14 2 53355 0.06916
16 14 2 53341 0.0694
16 14 2 53204 0.06954
16 14 2 51840 0.06558
16 14 2 50063 0.06311
16 14 2 36662 0.04737
16 14 2 36662 0.0462
16 14 2 36636 0.04634
16 14 2 36120 0.04618
16 14 2 35193 0.04445
16 14 2 34521 0.04298
16 14 2 34384 0.04326
16 14 2 25845 0.02911
16 14 2 25840 0.03042
16 14 2 25834 0.02942
16 14 2 25658 0.02941
16 14 2 24771 0.02837
16 14 2 24646 0.02838
16 14 2 15305 0.01865
16 14 2 15303 0.01722
16 14 2 15290 0.01897
16 14 2 15058 0.0176
16 14 2 14974 0.01792
16 14 2 14847 0.01754
16 14 2 14732 0.01755
16 14 2 10135 0.01297
16 14 2 10134 0.0133
16 14 2 10132 0.01333
16 14 2 10129 0.01266
16 14 2 10116 0.01356
16 14 2 10060 0.01257
16 14 3 128365 0.2213
16 14 3 126023 0.2185
16 14 3 117309 0.1526
16 14 3 115985 0.1479
16 14 3 111098 0.1461
16 14 3 108574 0.1428
16 14 3 103338 0.135
16 14 3 98982 0.1306
16 14 3 97449 0.1284
16 14 3 94351 0.1256
16 14 3 93082 0.1234
16 14 3 90674 0.1215
16 14 3 90361 0.1216
16 14 3 86298 0.1165
16 14 3 85618 0.114
16 14 3 84854 0.1124
16 14 3 78914 0.09769
16 14 3 77958 0.08726
16 14 3 56993 0.07022
16 14 3 56954 0.07019
16 14 3 56790 0.06832
16 14 3 55329 0.06801
16 14 3 53829 0.06559
16 14 3 53126 0.06442
16 14 3 51705 0.06216
16 14 3 38380 0.04553
16 14 3 38211 0.0478
16 14 3 37196 0.04577
16 14 3 36656 0.0443
16 14 3 35725 0.0447
16 14 3 35337 0.04489
16 14 3 26705 0.03001
16 14 3 26679 0.03126
16 14 3 26156 0.03046
16 14 3 25466 0.02887
16 14 3 25374 0.02957
16 14 3 25140 0.02846
16 14 3 24470 0.02921
16 14 3 15581 0.0198
16 14 3 15385 0.01917
16 14 3 15271 0.01836
16 14 3 15151 0.01838
16 14 3 15072 0.01894
16 14 3 10272 0.01382
16 14 3 10266 0.01404
16 14 3 10253 0.01414
16 14 3 10246 0.01408
16 14 3 10156 0.01322
16 14 3 10135 0.01372
16 14 3 9960 0.01292
16 14 4 142588 0.2001
16 14 4 132430 0.1876
16 14 4 128440 0.1789
16 14 4 123730 0.1837
16 14 4 114084 0.1167
16 14 4 113951 0.1115
16 14 4 106000 0.109
16 14 4 104974 0.1078
16 14 4 104221 0.1145
16 14 4 99530 0.1053
16 14 4 98272 0.104
16 14 4 97300 0.103
16 14 4 93091 0.09785
16 14 4 91644 0.09638
16 14 4 89329 0.09611
16 14 4 87660 0.09497
16 14 4 87129 0.09551
16 14 4 78239 0.08316
16 14 4 75889 0.08275
16 14 4 58033 0.06765
16 14 4 56716 0.06884
16 14 4 54653 0.06434
16 14 4 54210 0.06716
16 14 4 52768 0.06536
16 14 4 49864 0.06118
16 14 4 39572 0.04724
16 14 4 37732 0.04537
16 14 4 37277 0.04494
16 14 4 36662 0.04415
16 14 4 35511 0.04252
16 14 4 34574 0.04218
16 14 4 27596 0.03258
16 14 4 27103 0.03045
16 14 4 26472 0.03001
16 14 4 26238 0.03076
16 14 4 25882 0.03174
16 14 4 25287 0.03015
16 14 4 15923 0.02062
16 14 4 15890 0.02115
16 14 4 15623 0.0201
16 14 4 15479 0.01854
16 14 4 15346 0.02017
16 14 4 15218 0.0181
16 14 4 14522 0.01866
16 14 4 10321 0.01388
16 14 4 10277 0.01356
16 14 4 10230 0.01364
16 14 4 10157 0.01335
16 14 4 10106 0.01352
16 14 4 10030 0.01316
16 14 5 149215 0.2109
16 14 5 138026 0.1978
16 14 5 132393 0.189
16 14 5 124811 0.1854
16 14 5 122685 0.1245
16 14 5 116158 0.1283
16 14 5 113369 0.1248
16 14 5 111397 0.1161
16 14 5 109442 0.1129
16 14 5 104046 0.1111
16 14 5 99834 0.1058
16 14 5 98013 0.1057
16 14 5 97364 0.1045
16 14 5 92702 0.1
16 14 5 91812 0.09975
16 14 5 85755 0.09311
16 14 5 85465 0.0938
16 14 5 77670 0.08888
16 14 5 72896 0.08413
16 14 5 60202 0.07346
16 14 5 58340 0.07024
16 14 5 57882 0.07308
16 14 5 54834 0.06988
16 14 5 53030 0.07184
16 14 5 52072 0.06981
16 14 5 40358 0.05185
16 14 5 38475 0.05005
16 14 5 37248 0.04762
16 14 5 36379 0.04853
16 14 5 34592 0.04699
16 14 5 33296 0.04188
16 14 5 28500 0.03551
16 14 5 27639 0.0328
16 14 5 26937 0.03259
16 14 5 26681 0.03284
16 14 5 26235 0.03125
16 14 5 25378 0.03077
16 14 5 16256 0.02156
16 14 5 16243 0.02052
16 14 5 15762 0.02045
16 14 5 15638 0.01992
16 14 5 15384 0.02048
16 14 5 15314 0.01978
16 14 5 14547 0.01908
16 14 5 10455 0.01524
16 14 5 10368 0.01471
16 14 5 10359 0.0145
16 14 5 10208 0.01401
16 14 5 10171 0.01367
16 14 5 10087 0.01333
