4 2 1 100000 0.117
4 2 1 100000 0.11
4 2 1 100000 0.1123
4 2 1 100000 0.1085
4 2 1 100000 0.1059
4 2 1 100000 0.1081
4 2 1 100000 0.1075
4 2 1 100000 0.1073
4 2 1 100000 0.1069
4 2 1 100000 0.1071
4 2 1 100000 0.1081
4 2 1 100000 0.1066
4 2 1 100000 0.1067
4 2 1 100000 0.1072
4 2 1 100000 0.108
4 2 1 100000 0.1077
4 2 1 100000 0.1075
4 2 1 100000 0.1065
4 2 1 100000 0.1039
4 2 1 100000 0.1064
4 2 1 100000 0.1069
4 2 1 100000 0.1036
4 2 1 100000 0.1064
4 2 1 100000 0.1045
4 2 1 100000 0.1081
4 2 1 85000 0.09636
4 2 1 85000 0.09433
4 2 1 85000 0.09797
4 2 1 85000 0.09457
4 2 1 85000 0.096
4 2 1 85000 0.0985
4 2 1 85000 0.09565
4 2 1 85000 0.09639
4 2 1 85000 0.09599
4 2 1 85000 0.0969
4 2 1 85000 0.09722
4 2 1 85000 0.0962
4 2 1 85000 0.0985
4 2 1 85000 0.09509
4 2 1 85000 0.09616
4 2 1 85000 0.09588
4 2 1 85000 0.09548
4 2 1 85000 0.09331
4 2 1 85000 0.09353
4 2 1 85000 0.08935
4 2 1 85000 0.09492
4 2 1 85000 0.09197
4 2 1 85000 0.09454
4 2 1 85000 0.09175
4 2 1 85000 0.09507
4 2 1 75000 0.08587
4 2 1 75000 0.08729
4 2 1 75000 0.08758
4 2 1 75000 0.08644
4 2 1 75000 0.08697
4 2 1 75000 0.08522
4 2 1 75000 0.08562
4 2 1 75000 0.08518
4 2 1 75000 0.08762
4 2 1 75000 0.08441
4 2 1 75000 0.08704
4 2 1 75000 0.08678
4 2 1 75000 0.08587
4 2 1 75000 0.08599
4 2 1 75000 0.08509
4 2 1 75000 0.08603
4 2 1 75000 0.08834
4 2 1 75000 0.08514
4 2 1 75000 0.0826
4 2 1 75000 0.08167
4 2 1 75000 0.08317
4 2 1 75000 0.08388
4 2 1 75000 0.0832
4 2 1 75000 0.08568
4 2 1 75000 0.08246
4 2 1 50000 0.06327
4 2 1 50000 0.06035
4 2 1 50000 0.06284
4 2 1 50000 0.06424
4 2 1 50000 0.06114
4 2 1 50000 0.06235
4 2 1 50000 0.06162
4 2 1 50000 0.06299
4 2 1 50000 0.0624
4 2 1 50000 0.0622
4 2 1 50000 0.0634
4 2 1 50000 0.06249
4 2 1 50000 0.06301
4 2 1 50000 0.06262
4 2 1 50000 0.0623
4 2 1 50000 0.06196
4 2 1 50000 0.06364
4 2 1 50000 0.06122
4 2 1 50000 0.05913
4 2 1 50000 0.06111
4 2 1 50000 0.05839
4 2 1 50000 0.06082
4 2 1 50000 0.06195
4 2 1 50000 0.06067
4 2 1 50000 0.05922
4 2 1 35000 0.04512
4 2 1 35000 0.04529
4 2 1 35000 0.04329
4 2 1 35000 0.04418
4 2 1 35000 0.04401
4 2 1 35000 0.04456
4 2 1 35000 0.04229
4 2 1 35000 0.04424
4 2 1 35000 0.04556
4 2 1 35000 0.0428
4 2 1 35000 0.04423
4 2 1 35000 0.04375
4 2 1 35000 0.04441
4 2 1 35000 0.04346
4 2 1 35000 0.04384
4 2 1 35000 0.04349
4 2 1 35000 0.04456
4 2 1 35000 0.04257
4 2 1 35000 0.04328
4 2 1 35000 0.04236
4 2 1 35000 0.04265
4 2 1 35000 0.04169
4 2 1 35000 0.04318
4 2 1 35000 0.04291
4 2 1 35000 0.04125
4 2 1 25000 0.02978
4 2 1 25000 0.02803
4 2 1 25000 0.02858
4 2 1 25000 0.0301
4 2 1 25000 0.02857
4 2 1 25000 0.0287
4 2 1 25000 0.02955
4 2 1 25000 0.02957
4 2 1 25000 0.02973
4 2 1 25000 0.02874
4 2 1 25000 0.0298
4 2 1 25000 0.02807
4 2 1 25000 0.02917
4 2 1 25000 0.02931
4 2 1 25000 0.02907
4 2 1 25000 0.02822
4 2 1 25000 0.02825
4 2 1 25000 0.02537
4 2 1 25000 0.02855
4 2 1 25000 0.0268
4 2 1 25000 0.02788
4 2 1 25000 0.0268
4 2 1 25000 0.02852
4 2 1 25000 0.02684
4 2 1 25000 0.02678
4 2 1 15000 0.01839
4 2 1 15000 0.01832
4 2 1 15000 0.01868
4 2 1 15000 0.0185
4 2 1 15000 0.01835
4 2 1 15000 0.01768
4 2 1 15000 0.01829
4 2 1 15000 0.01766
4 2 1 15000 0.01835
4 2 1 15000 0.01857
4 2 1 15000 0.01807
4 2 1 15000 0.01744
4 2 1 15000 0.01793
4 2 1 15000 0.01839
4 2 1 15000 0.01845
4 2 1 15000 0.0195
4 2 1 15000 0.0186
4 2 1 15000 0.01684
4 2 1 15000 0.01695
4 2 1 15000 0.01757
4 2 1 15000 0.0174
4 2 1 15000 0.01783
4 2 1 15000 0.01719
4 2 1 15000 0.01727
4 2 1 15000 0.01709
4 2 1 10000 0.0132
4 2 1 10000 0.01342
4 2 1 10000 0.01287
4 2 1 10000 0.01317
4 2 1 10000 0.01307
4 2 1 10000 0.0135
4 2 1 10000 0.01344
4 2 1 10000 0.01314
4 2 1 10000 0.01347
4 2 1 10000 0.01321
4 2 1 10000 0.01341
4 2 1 10000 0.01318
4 2 1 10000 0.01318
4 2 1 10000 0.01269
4 2 1 10000 0.01364
4 2 1 10000 0.01327
4 2 1 10000 0.01326
4 2 1 10000 0.01288
4 2 1 10000 0.01199
4 2 1 10000 0.01249
4 2 1 10000 0.01305
4 2 1 10000 0.01284
4 2 1 10000 0.01221
4 2 1 10000 0.01277
4 2 1 10000 0.01264
4 2 2 113491 0.1225
4 2 2 113090 0.1205
4 2 2 113090 0.1205
4 2 2 112764 0.1168
4 2 2 112749 0.1167
4 2 2 112342 0.12
4 2 2 112222 0.1159
4 2 2 111815 0.1137
4 2 2 109892 0.1187
4 2 2 109639 0.117
4 2 2 108987 0.1162
4 2 2 107139 0.1162
4 2 2 107139 0.1165
4 2 2 104833 0.1186
4 2 2 104702 0.1115
4 2 2 103912 0.1114
4 2 2 103871 0.1039
4 2 2 100121 0.1075
4 2 2 99240 0.1047
4 2 2 97701 0.1154
4 2 2 97040 0.1066
4 2 2 95192 0.1059
4 2 2 94903 0.1021
4 2 2 94685 0.1032
4 2 2 94452 0.09868
4 2 2 94329 0.1043
4 2 2 94057 0.1034
4 2 2 94050 0.09821
4 2 2 93817 0.1014
4 2 2 93537 0.09648
4 2 2 93389 0.09885
4 2 2 92951 0.1046
4 2 2 92917 0.1011
4 2 2 92656 0.1001
4 2 2 92321 0.1034
4 2 2 91847 0.1012
4 2 2 91641 0.0978
4 2 2 90917 0.1034
4 2 2 90767 0.09776
4 2 2 89254 0.09674
4 2 2 88783 0.09573
4 2 2 88419 0.09974
4 2 2 87262 0.09601
4 2 2 86110 0.0972
4 2 2 85374 0.09556
4 2 2 84558 0.1003
4 2 2 83939 0.1138
4 2 2 82545 0.1094
4 2 2 82512 0.1082
4 2 2 82360 0.1089
4 2 2 82334 0.1106
4 2 2 82245 0.1117
4 2 2 82157 0.1098
4 2 2 82046 0.11
4 2 2 82011 0.1118
4 2 2 81804 0.1099
4 2 2 81684 0.1113
4 2 2 81347 0.1122
4 2 2 81303 0.1117
4 2 2 80609 0.1076
4 2 2 80293 0.1083
4 2 2 79315 0.1103
4 2 2 78387 0.1076
4 2 2 78263 0.1074
4 2 2 77761 0.109
4 2 2 76734 0.1036
4 2 2 76292 0.1048
4 2 2 75909 0.1047
4 2 2 75843 0.103
4 2 2 74058 0.1005
4 2 2 73951 0.09706
4 2 2 73103 0.0968
4 2 2 72791 0.09658
4 2 2 71570 0.09487
4 2 2 71348 0.0933
4 2 2 53375 0.06955
4 2 2 53355 0.07432
4 2 2 53318 0.07203
4 2 2 53310 0.07478
4 2 2 53277 0.07702
4 2 2 53250 0.07114
4 2 2 53213 0.07071
4 2 2 53127 0.07433
4 2 2 53115 0.07381
4 2 2 52875 0.07285
4 2 2 52819 0.07212
4 2 2 52418 0.07176
4 2 2 52166 0.07065
4 2 2 52159 0.06961
4 2 2 52096 0.07221
4 2 2 51950 0.07109
4 2 2 51209 0.06732
4 2 2 50947 0.07017
4 2 2 50009 0.06542
4 2 2 49726 0.06881
4 2 2 49702 0.06915
4 2 2 49264 0.06621
4 2 2 48383 0.06429
4 2 2 46631 0.0647
4 2 2 46441 0.06367
4 2 2 36662 0.04971
4 2 2 36649 0.05015
4 2 2 36638 0.04757
4 2 2 36615 0.04573
4 2 2 36597 0.04782
4 2 2 36586 0.04902
4 2 2 36571 0.0486
4 2 2 36548 0.04686
4 2 2 36537 0.05034
4 2 2 36535 0.05215
4 2 2 36312 0.04715
4 2 2 36152 0.04966
4 2 2 36050 0.04873
4 2 2 36018 0.05129
4 2 2 35885 0.05108
4 2 2 35612 0.04979
4 2 2 35612 0.04997
4 2 2 35497 0.0474
4 2 2 35090 0.0476
4 2 2 34932 0.04722
4 2 2 34919 0.04722
4 2 2 34335 0.04412
4 2 2 33987 0.04233
4 2 2 33687 0.04192
4 2 2 33551 0.04395
4 2 2 25848 0.03004
4 2 2 25839 0.03323
4 2 2 25835 0.03069
4 2 2 25831 0.0312
4 2 2 25824 0.03302
4 2 2 25822 0.03183
4 2 2 25820 0.03126
4 2 2 25816 0.03094
4 2 2 25808 0.02961
4 2 2 25790 0.03037
4 2 2 25771 0.03225
4 2 2 25744 0.0311
4 2 2 25739 0.02933
4 2 2 25696 0.03048
4 2 2 25636 0.02859
4 2 2 25370 0.0306
4 2 2 25277 0.02972
4 2 2 25173 0.02913
4 2 2 25140 0.02927
4 2 2 25127 0.03238
4 2 2 24680 0.02859
4 2 2 24500 0.03066
4 2 2 24500 0.02876
4 2 2 24255 0.03018
4 2 2 24255 0.03004
4 2 2 15304 0.02071
4 2 2 15303 0.02056
4 2 2 15303 0.02004
4 2 2 15302 0.01881
4 2 2 15300 0.01806
4 2 2 15297 0.01937
4 2 2 15296 0.01873
4 2 2 15294 0.01724
4 2 2 15289 0.01888
4 2 2 15283 0.01937
4 2 2 15277 0.01891
4 2 2 15255 0.02
4 2 2 15247 0.01804
4 2 2 15225 0.01994
4 2 2 15220 0.02032
4 2 2 15151 0.01862
4 2 2 15074 0.01884
4 2 2 14974 0.02088
4 2 2 14917 0.01828
4 2 2 14913 0.01911
4 2 2 14907 0.01956
4 2 2 14864 0.01898
4 2 2 14820 0.01987
4 2 2 14790 0.01955
4 2 2 14697 0.01804
4 2 2 10135 0.01341
4 2 2 10134 0.01402
4 2 2 10133 0.01478
4 2 2 10133 0.01449
4 2 2 10132 0.01434
4 2 2 10132 0.01369
4 2 2 10131 0.01428
4 2 2 10129 0.01457
4 2 2 10129 0.01478
4 2 2 10128 0.01417
4 2 2 10127 0.01408
4 2 2 10126 0.01343
4 2 2 10123 0.0133
4 2 2 10111 0.01411
4 2 2 10092 0.01419
4 2 2 10087 0.01436
4 2 2 10046 0.01446
4 2 2 10036 0.01365
4 2 2 10000 0.01395
4 2 2 9986 0.01261
4 2 2 9984 0.01354
4 2 2 9943 0.01356
4 2 2 9881 0.01395
4 2 2 9877 0.01479
4 2 2 9866 0.0142
4 2 3 127654 0.2206
4 2 3 127084 0.2158
4 2 3 126616 0.2166
4 2 3 124704 0.2114
4 2 3 123441 0.209
4 2 3 122539 0.1565
4 2 3 120976 0.1549
4 2 3 119425 0.1545
4 2 3 118893 0.153
4 2 3 116152 0.1507
4 2 3 112154 0.1445
4 2 3 110693 0.1443
4 2 3 110523 0.1436
4 2 3 107352 0.1406
4 2 3 107052 0.1411
4 2 3 105188 0.1345
4 2 3 104927 0.123
4 2 3 104460 0.1367
4 2 3 104098 0.1288
4 2 3 103990 0.1357
4 2 3 103870 0.1291
4 2 3 103423 0.1216
4 2 3 103047 0.122
4 2 3 102375 0.1059
4 2 3 101977 0.1069
4 2 3 101569 0.1058
4 2 3 101569 0.1054
4 2 3 101215 0.1009
4 2 3 100633 0.1073
4 2 3 100417 0.1069
4 2 3 99536 0.1053
4 2 3 99226 0.1036
4 2 3 98407 0.1022
4 2 3 96586 0.1018
4 2 3 96546 0.1039
4 2 3 95963 0.1061
4 2 3 95857 0.1042
4 2 3 95841 0.1009
4 2 3 94281 0.1066
4 2 3 93199 0.1141
4 2 3 93121 0.1134
4 2 3 90371 0.09643
4 2 3 90054 0.09617
4 2 3 90003 0.09741
4 2 3 89855 0.09425
4 2 3 89266 0.102
4 2 3 89085 0.1136
4 2 3 88578 0.1139
4 2 3 88379 0.1133
4 2 3 88311 0.1175
4 2 3 88118 0.1157
4 2 3 87926 0.1149
4 2 3 87244 0.1127
4 2 3 87102 0.09142
4 2 3 85469 0.09395
4 2 3 85048 0.08946
4 2 3 84940 0.09167
4 2 3 84617 0.09314
4 2 3 84151 0.09319
4 2 3 83594 0.0926
4 2 3 82220 0.08949
4 2 3 81846 0.08925
4 2 3 81204 0.08858
4 2 3 81189 0.09211
4 2 3 79853 0.0891
4 2 3 79158 0.09012
4 2 3 78732 0.09218
4 2 3 78289 0.08558
4 2 3 78137 0.08698
4 2 3 77109 0.08622
4 2 3 77070 0.08502
4 2 3 74027 0.08496
4 2 3 72337 0.08258
4 2 3 69001 0.07681
4 2 3 68393 0.07622
4 2 3 56833 0.06673
4 2 3 56712 0.0678
4 2 3 56691 0.06827
4 2 3 56582 0.06634
4 2 3 56556 0.06611
4 2 3 56452 0.06781
4 2 3 56143 0.06628
4 2 3 55980 0.06839
4 2 3 55954 0.06883
4 2 3 55745 0.06955
4 2 3 55692 0.06846
4 2 3 55006 0.06606
4 2 3 54741 0.06987
4 2 3 53753 0.06672
4 2 3 53339 0.06742
4 2 3 53082 0.06516
4 2 3 52988 0.06316
4 2 3 51588 0.06148
4 2 3 50609 0.06362
4 2 3 49686 0.06283
4 2 3 49686 0.06272
4 2 3 48944 0.05978
4 2 3 48601 0.06107
4 2 3 47110 0.05767
4 2 3 45550 0.05713
4 2 3 38337 0.04542
4 2 3 38263 0.04544
4 2 3 38238 0.04316
4 2 3 38218 0.04469
4 2 3 38104 0.04459
4 2 3 37883 0.04527
4 2 3 37515 0.04437
4 2 3 37453 0.04514
4 2 3 37434 0.04618
4 2 3 37241 0.04616
4 2 3 37038 0.04406
4 2 3 36937 0.04586
4 2 3 36544 0.04468
4 2 3 36540 0.04357
4 2 3 36288 0.04393
4 2 3 36288 0.04364
4 2 3 35379 0.04443
4 2 3 34969 0.04385
4 2 3 34925 0.04275
4 2 3 34911 0.04314
4 2 3 34869 0.0434
4 2 3 34721 0.04281
4 2 3 34323 0.041
4 2 3 34218 0.04095
4 2 3 33428 0.03988
4 2 3 26689 0.03023
4 2 3 26680 0.03152
4 2 3 26659 0.0291
4 2 3 26633 0.02934
4 2 3 26612 0.02803
4 2 3 26597 0.03108
4 2 3 26590 0.02865
4 2 3 26578 0.02812
4 2 3 26547 0.02911
4 2 3 26527 0.03003
4 2 3 26505 0.03134
4 2 3 26230 0.03028
4 2 3 26230 0.03026
4 2 3 26121 0.0304
4 2 3 25713 0.02991
4 2 3 25690 0.02977
4 2 3 25605 0.02947
4 2 3 25464 0.02902
4 2 3 25351 0.02838
4 2 3 25345 0.02811
4 2 3 25089 0.02905
4 2 3 25081 0.02807
4 2 3 25003 0.02823
4 2 3 24855 0.02899
4 2 3 24522 0.02756
4 2 3 15614 0.02022
4 2 3 15608 0.01889
4 2 3 15594 0.01768
4 2 3 15591 0.01737
4 2 3 15572 0.01778
4 2 3 15555 0.01807
4 2 3 15550 0.01818
4 2 3 15497 0.01818
4 2 3 15494 0.01956
4 2 3 15478 0.01816
4 2 3 15451 0.01899
4 2 3 15291 0.01817
4 2 3 15277 0.01789
4 2 3 15220 0.01879
4 2 3 15204 0.01836
4 2 3 15168 0.01898
4 2 3 15139 0.01842
4 2 3 15121 0.01906
4 2 3 15086 0.01794
4 2 3 15084 0.01808
4 2 3 15003 0.01841
4 2 3 14946 0.01851
4 2 3 14871 0.01822
4 2 3 14696 0.01766
4 2 3 14696 0.01763
4 2 3 10270 0.01269
4 2 3 10267 0.01351
4 2 3 10264 0.01345
4 2 3 10263 0.01285
4 2 3 10261 0.01362
4 2 3 10261 0.01324
4 2 3 10259 0.01283
4 2 3 10258 0.01295
4 2 3 10257 0.01329
4 2 3 10246 0.01339
4 2 3 10229 0.01404
4 2 3 10226 0.01372
4 2 3 10220 0.01476
4 2 3 10145 0.01279
4 2 3 10134 0.0132
4 2 3 10118 0.01328
4 2 3 10096 0.01346
4 2 3 10040 0.01309
4 2 3 10026 0.01341
4 2 3 10003 0.01335
4 2 3 10001 0.01349
4 2 3 9990 0.01327
4 2 3 9919 0.01306
4 2 3 9909 0.01314
4 2 3 9857 0.01306
4 2 4 144054 0.1892
4 2 4 142553 0.1892
4 2 4 140751 0.2302
4 2 4 138439 0.2267
4 2 4 137663 0.213
4 2 4 136400 0.2264
4 2 4 132597 0.2245
4 2 4 132597 0.2239
4 2 4 125581 0.2179
4 2 4 124909 0.2154
4 2 4 121557 0.1324
4 2 4 116130 0.1129
4 2 4 115863 0.1221
4 2 4 115461 0.1145
4 2 4 115237 0.1162
4 2 4 114515 0.1189
4 2 4 114394 0.1185
4 2 4 113912 0.1207
4 2 4 113219 0.1152
4 2 4 113085 0.1156
4 2 4 112781 0.112
4 2 4 111905 0.1109
4 2 4 111245 0.1192
4 2 4 110372 0.1128
4 2 4 110236 0.113
4 2 4 109604 0.1129
4 2 4 107997 0.1165
4 2 4 107997 0.1127
4 2 4 106390 0.1117
4 2 4 106071 0.1117
4 2 4 105792 0.1092
4 2 4 105223 0.1093
4 2 4 104547 0.1092
4 2 4 103682 0.109
4 2 4 103157 0.1063
4 2 4 102978 0.1061
4 2 4 102732 0.1031
4 2 4 98933 0.1022
4 2 4 98727 0.1044
4 2 4 98563 0.1064
4 2 4 98244 0.1048
4 2 4 97613 0.1025
4 2 4 97509 0.09945
4 2 4 97264 0.1019
4 2 4 96274 0.09671
4 2 4 96040 0.09682
4 2 4 93965 0.1013
4 2 4 93898 0.09878
4 2 4 93140 0.09965
4 2 4 92633 0.1013
4 2 4 91561 0.09697
4 2 4 90719 0.0922
4 2 4 90260 0.09843
4 2 4 89295 0.09675
4 2 4 88554 0.09172
4 2 4 88529 0.09915
4 2 4 87948 0.1173
4 2 4 86722 0.117
4 2 4 85541 0.1164
4 2 4 85302 0.1151
4 2 4 84815 0.1075
4 2 4 83013 0.1124
4 2 4 82645 0.113
4 2 4 81404 0.111
4 2 4 80691 0.1095
4 2 4 79281 0.1072
4 2 4 79237 0.1078
4 2 4 77973 0.1074
4 2 4 77973 0.1075
4 2 4 76914 0.1038
4 2 4 75825 0.1064
4 2 4 75113 0.1036
4 2 4 74625 0.1036
4 2 4 69467 0.09742
4 2 4 69467 0.09677
4 2 4 60403 0.08225
4 2 4 60350 0.08319
4 2 4 60163 0.08458
4 2 4 60147 0.08462
4 2 4 60084 0.08074
4 2 4 59436 0.08579
4 2 4 59436 0.08323
4 2 4 58481 0.08255
4 2 4 58344 0.08048
4 2 4 58239 0.07568
4 2 4 56682 0.07838
4 2 4 56425 0.07799
4 2 4 56153 0.08062
4 2 4 55822 0.08049
4 2 4 55732 0.07831
4 2 4 55424 0.07669
4 2 4 54923 0.07508
4 2 4 53980 0.07696
4 2 4 53980 0.07696
4 2 4 52074 0.0751
4 2 4 51350 0.07293
4 2 4 51137 0.07184
4 2 4 49035 0.06653
4 2 4 48645 0.06785
4 2 4 47966 0.06813
4 2 4 40027 0.05331
4 2 4 39963 0.05369
4 2 4 39929 0.05064
4 2 4 39876 0.05453
4 2 4 39650 0.05548
4 2 4 39606 0.05314
4 2 4 39179 0.05494
4 2 4 38740 0.05186
4 2 4 38552 0.05037
4 2 4 38292 0.05114
4 2 4 38223 0.05433
4 2 4 38090 0.05291
4 2 4 37553 0.05114
4 2 4 37019 0.05078
4 2 4 37019 0.05192
4 2 4 36495 0.05104
4 2 4 36482 0.05145
4 2 4 36458 0.0518
4 2 4 36127 0.05004
4 2 4 35956 0.05236
4 2 4 35956 0.05274
4 2 4 35843 0.05048
4 2 4 35145 0.05072
4 2 4 34845 0.04948
4 2 4 33049 0.04517
4 2 4 27566 0.03645
4 2 4 27529 0.03293
4 2 4 27511 0.03351
4 2 4 27467 0.03133
4 2 4 27440 0.03325
4 2 4 27423 0.03323
4 2 4 27418 0.03342
4 2 4 27375 0.03175
4 2 4 27210 0.03472
4 2 4 26975 0.03278
4 2 4 26709 0.03391
4 2 4 26650 0.03384
4 2 4 26542 0.03181
4 2 4 26409 0.03379
4 2 4 26305 0.03382
4 2 4 25929 0.03421
4 2 4 25800 0.03272
4 2 4 25759 0.0321
4 2 4 25447 0.03329
4 2 4 25418 0.03221
4 2 4 25399 0.03224
4 2 4 25137 0.03082
4 2 4 24627 0.03147
4 2 4 24435 0.02962
4 2 4 24404 0.03115
4 2 4 15917 0.02037
4 2 4 15896 0.01993
4 2 4 15885 0.01981
4 2 4 15869 0.01918
4 2 4 15859 0.01922
4 2 4 15830 0.02065
4 2 4 15790 0.01986
4 2 4 15787 0.02029
4 2 4 15759 0.02119
4 2 4 15755 0.01827
4 2 4 15583 0.01918
4 2 4 15470 0.01913
4 2 4 15460 0.02057
4 2 4 15429 0.01952
4 2 4 15382 0.02082
4 2 4 15324 0.0201
4 2 4 15282 0.01942
4 2 4 15083 0.01976
4 2 4 15066 0.01912
4 2 4 15050 0.01915
4 2 4 14994 0.02054
4 2 4 14991 0.01965
4 2 4 14915 0.01965
4 2 4 14824 0.01887
4 2 4 14454 0.01855
4 2 4 10400 0.01426
4 2 4 10398 0.01478
4 2 4 10394 0.0139
4 2 4 10392 0.01437
4 2 4 10389 0.01389
4 2 4 10384 0.01427
4 2 4 10377 0.01414
4 2 4 10362 0.01522
4 2 4 10362 0.01535
4 2 4 10305 0.01478
4 2 4 10271 0.01442
4 2 4 10265 0.01484
4 2 4 10263 0.01515
4 2 4 10232 0.01487
4 2 4 10211 0.01358
4 2 4 10169 0.0127
4 2 4 10163 0.0145
4 2 4 10156 0.01335
4 2 4 10133 0.01459
4 2 4 10086 0.01424
4 2 4 10050 0.01389
4 2 4 10049 0.01443
4 2 4 10026 0.01341
4 2 4 9991 0.01362
4 2 4 9922 0.01454
4 2 5 161816 0.2048
4 2 5 157696 0.1967
4 2 5 154576 0.1966
4 2 5 153651 0.199
4 2 5 150514 0.1954
4 2 5 149275 0.1962
4 2 5 146537 0.1938
4 2 5 136421 0.1878
4 2 5 128615 0.2197
4 2 5 128565 0.2118
4 2 5 126512 0.2078
4 2 5 125751 0.2137
4 2 5 125495 0.2112
4 2 5 124527 0.2193
4 2 5 123496 0.2077
4 2 5 123117 0.1964
4 2 5 122972 0.1809
4 2 5 120938 0.1187
4 2 5 120019 0.1206
4 2 5 119742 0.1228
4 2 5 117462 0.1214
4 2 5 117462 0.1227
4 2 5 114705 0.1181
4 2 5 114498 0.1145
4 2 5 113040 0.1184
4 2 5 112691 0.1161
4 2 5 111874 0.1144
4 2 5 111531 0.1166
4 2 5 111531 0.117
4 2 5 109874 0.1154
4 2 5 109338 0.1132
4 2 5 108465 0.116
4 2 5 108465 0.1153
4 2 5 107835 0.1099
4 2 5 107534 0.114
4 2 5 107196 0.1116
4 2 5 107188 0.1099
4 2 5 106143 0.1044
4 2 5 106002 0.1096
4 2 5 105284 0.1068
4 2 5 103935 0.1054
4 2 5 103815 0.1091
4 2 5 103488 0.1101
4 2 5 102451 0.111
4 2 5 101277 0.106
4 2 5 99948 0.104
4 2 5 99053 0.1065
4 2 5 96069 0.1002
4 2 5 96069 0.1004
4 2 5 95463 0.1028
4 2 5 95289 0.1038
4 2 5 93402 0.1025
4 2 5 93070 0.0984
4 2 5 92459 0.1013
4 2 5 90238 0.09521
4 2 5 90221 0.09655
4 2 5 89641 0.09556
4 2 5 89273 0.09687
4 2 5 89211 0.09658
4 2 5 88555 0.09542
4 2 5 86443 0.09557
4 2 5 84891 0.09359
4 2 5 84101 0.09282
4 2 5 83372 0.09236
4 2 5 82415 0.0886
4 2 5 82367 0.08534
4 2 5 81590 0.08926
4 2 5 81568 0.09006
4 2 5 81556 0.0902
4 2 5 78418 0.08802
4 2 5 78107 0.08668
4 2 5 74733 0.08282
4 2 5 74733 0.08259
4 2 5 71023 0.08041
4 2 5 69732 0.08254
4 2 5 64320 0.07225
4 2 5 64200 0.07234
4 2 5 63959 0.07275
4 2 5 63218 0.07275
4 2 5 61893 0.07335
4 2 5 61765 0.0709
4 2 5 61190 0.06946
4 2 5 60133 0.07132
4 2 5 59889 0.06909
4 2 5 59597 0.07196
4 2 5 59457 0.06964
4 2 5 58788 0.06941
4 2 5 57666 0.07097
4 2 5 57011 0.06842
4 2 5 56692 0.06978
4 2 5 56622 0.06867
4 2 5 55179 0.0689
4 2 5 55037 0.06671
4 2 5 54771 0.06922
4 2 5 54424 0.06808
4 2 5 52271 0.06324
4 2 5 52040 0.06485
4 2 5 51914 0.06354
4 2 5 48873 0.06011
4 2 5 45740 0.0579
4 2 5 41770 0.04875
4 2 5 41670 0.05159
4 2 5 41577 0.04946
4 2 5 41472 0.04836
4 2 5 41079 0.04907
4 2 5 40525 0.04822
4 2 5 40458 0.0486
4 2 5 40035 0.04844
4 2 5 39549 0.04947
4 2 5 39549 0.04964
4 2 5 38653 0.04779
4 2 5 38606 0.04513
4 2 5 38230 0.04655
4 2 5 38222 0.04763
4 2 5 37520 0.04628
4 2 5 37338 0.04634
4 2 5 37140 0.04636
4 2 5 36663 0.04516
4 2 5 36458 0.04585
4 2 5 35666 0.04456
4 2 5 35666 0.04464
4 2 5 35228 0.04383
4 2 5 35157 0.04465
4 2 5 33888 0.04183
4 2 5 31911 0.0377
4 2 5 28416 0.03083
4 2 5 28353 0.03153
4 2 5 28337 0.03094
4 2 5 28317 0.0322
4 2 5 28206 0.03046
4 2 5 28003 0.03166
4 2 5 27705 0.03159
4 2 5 27659 0.03149
4 2 5 27573 0.03094
4 2 5 27545 0.02887
4 2 5 27403 0.02959
4 2 5 27221 0.03155
4 2 5 26719 0.03131
4 2 5 26662 0.03144
4 2 5 26640 0.0287
4 2 5 26466 0.0316
4 2 5 26277 0.03151
4 2 5 26176 0.02963
4 2 5 26050 0.03002
4 2 5 25680 0.02996
4 2 5 25620 0.0282
4 2 5 25165 0.02926
4 2 5 24975 0.02836
4 2 5 24825 0.02954
4 2 5 23843 0.0284
4 2 5 16209 0.01952
4 2 5 16196 0.01913
4 2 5 16188 0.01799
4 2 5 16171 0.01835
4 2 5 16159 0.01852
4 2 5 16099 0.01875
4 2 5 16076 0.01999
4 2 5 16033 0.01835
4 2 5 15789 0.01942
4 2 5 15750 0.01942
4 2 5 15732 0.02028
4 2 5 15701 0.01939
4 2 5 15696 0.01875
4 2 5 15657 0.01937
4 2 5 15348 0.01865
4 2 5 15348 0.01891
4 2 5 15287 0.01774
4 2 5 15272 0.01858
4 2 5 15148 0.01885
4 2 5 15129 0.01866
4 2 5 15113 0.01905
4 2 5 14975 0.01857
4 2 5 14972 0.01853
4 2 5 14666 0.01885
4 2 5 14666 0.01895
4 2 5 10529 0.01302
4 2 5 10527 0.0128
4 2 5 10523 0.01369
4 2 5 10519 0.01299
4 2 5 10508 0.01292
4 2 5 10452 0.01361
4 2 5 10403 0.01392
4 2 5 10389 0.01327
4 2 5 10354 0.01401
4 2 5 10340 0.01388
4 2 5 10339 0.01397
4 2 5 10295 0.01262
4 2 5 10286 0.01369
4 2 5 10271 0.01366
4 2 5 10271 0.01367
4 2 5 10265 0.01366
4 2 5 10237 0.01396
4 2 5 10231 0.01341
4 2 5 10175 0.01344
4 2 5 10161 0.01403
4 2 5 10126 0.01345
4 2 5 10095 0.01255
4 2 5 10020 0.01308
4 2 5 9951 0.01287
4 2 5 9855 0.01354
