16 9 1 100000 0.1133
16 9 1 100000 0.1079
16 9 1 100000 0.1066
16 9 1 100000 0.1058
16 9 1 100000 0.1061
16 9 1 100000 0.1045
16 9 1 100000 0.1067
16 9 1 85000 0.09406
16 9 1 85000 0.09316
16 9 1 85000 0.09292
16 9 1 85000 0.09609
16 9 1 85000 0.0921
16 9 1 75000 0.08599
16 9 1 75000 0.08412
16 9 1 75000 0.08531
16 9 1 75000 0.08384
16 9 1 75000 0.08451
16 9 1 75000 0.08555
16 9 1 75000 0.08502
16 9 1 50000 0.06122
16 9 1 50000 0.06319
16 9 1 50000 0.06308
16 9 1 50000 0.06212
16 9 1 50000 0.06312
16 9 1 50000 0.0618
16 9 1 35000 0.04584
16 9 1 35000 0.04422
16 9 1 35000 0.04429
16 9 1 35000 0.04458
16 9 1 35000 0.04229
16 9 1 35000 0.0441
16 9 1 25000 0.02966
16 9 1 25000 0.02912
16 9 1 25000 0.02947
16 9 1 25000 0.02904
16 9 1 25000 0.02964
16 9 1 25000 0.02829
16 9 1 25000 0.02753
16 9 1 15000 0.01837
16 9 1 15000 0.01804
16 9 1 15000 0.01845
16 9 1 15000 0.0182
16 9 1 15000 0.01865
16 9 1 15000 0.01851
16 9 1 10000 0.01289
16 9 1 10000 0.01308
16 9 1 10000 0.01303
16 9 1 10000 0.01344
16 9 1 10000 0.01342
16 9 1 10000 0.01318
16 9 2 113491 0.1204
16 9 2 107903 0.1059
16 9 2 104665 0.1112
16 9 2 103115 0.1103
16 9 2 99089 0.1058
16 9 2 94711 0.1018
16 9 2 94451 0.1013
16 9 2 90794 0.1014
16 9 2 89561 0.09846
16 9 2 87261 0.09846
16 9 2 84188 0.09421
16 9 2 83682 0.0919
16 9 2 81894 0.09207
16 9 2 81684 0.09333
16 9 2 79357 0.09046
16 9 2 77643 0.08685
16 9 2 75828 0.08724
16 9 2 74570 0.08498
16 9 2 70113 0.0826
16 9 2 53375 0.06677
16 9 2 53033 0.06917
16 9 2 52601 0.06622
16 9 2 50952 0.06309
16 9 2 50185 0.06173
16 9 2 46844 0.05989
16 9 2 46441 0.06009
16 9 2 36652 0.04662
16 9 2 36184 0.04509
16 9 2 36004 0.04685
16 9 2 34936 0.04472
16 9 2 34408 0.04188
16 9 2 25848 0.03126
16 9 2 25839 0.02916
16 9 2 25829 0.02961
16 9 2 25692 0.03102
16 9 2 25192 0.0298
16 9 2 24519 0.02902
16 9 2 24256 0.02757
16 9 2 15304 0.01918
16 9 2 15300 0.0189
16 9 2 15090 0.01951
16 9 2 14918 0.01828
16 9 2 14889 0.01899
16 9 2 14737 0.01809
16 9 2 10133 0.01391
16 9 2 10122 0.01359
16 9 2 10094 0.0133
16 9 2 10006 0.01317
16 9 2 9994 0.01321
16 9 2 9859 0.01371
16 9 3 118482 0.1207
16 9 3 113555 0.1179
16 9 3 106071 0.1115
16 9 3 105915 0.1127
16 9 3 100955 0.1072
16 9 3 100301 0.1089
16 9 3 96271 0.1026
16 9 3 94603 0.1011
16 9 3 92621 0.1004
16 9 3 90254 0.09907
16 9 3 88413 0.09743
16 9 3 87381 0.09216
16 9 3 83856 0.09407
16 9 3 83805 0.09529
16 9 3 83049 0.09226
16 9 3 81005 0.08932
16 9 3 77906 0.0871
16 9 3 72693 0.08273
16 9 3 71709 0.08237
16 9 3 55950 0.06983
16 9 3 53337 0.06659
16 9 3 52537 0.06534
16 9 3 51683 0.06539
16 9 3 51569 0.06204
16 9 3 48329 0.06029
16 9 3 45623 0.05685
16 9 3 37449 0.04483
16 9 3 36367 0.0438
16 9 3 35375 0.04406
16 9 3 34795 0.0432
16 9 3 33775 0.04051
16 9 3 26719 0.02996
16 9 3 26672 0.03025
16 9 3 25951 0.02917
16 9 3 25490 0.02871
16 9 3 25360 0.02817
16 9 3 24876 0.02822
16 9 3 24300 0.02756
16 9 3 15599 0.01917
16 9 3 15394 0.01927
16 9 3 15205 0.01821
16 9 3 14997 0.01821
16 9 3 14769 0.01818
16 9 3 14563 0.01732
16 9 3 10253 0.01377
16 9 3 10125 0.01316
16 9 3 10092 0.01335
16 9 3 10038 0.01302
16 9 3 10011 0.01304
16 9 3 9835 0.01288
16 9 4 121151 0.1144
16 9 4 113844 0.1185
16 9 4 110359 0.1158
16 9 4 107004 0.1122
16 9 4 104438 0.1105
16 9 4 104246 0.1117
16 9 4 95931 0.1034
16 9 4 93314 0.099
16 9 4 91448 0.1001
16 9 4 91102 0.09946
16 9 4 90054 0.09739
16 9 4 87159 0.09615
16 9 4 87159 0.09584
16 9 4 84361 0.09381
16 9 4 80233 0.0889
16 9 4 79128 0.08954
16 9 4 77067 0.08809
16 9 4 75094 0.08477
16 9 4 63577 0.07711
16 9 4 59728 0.07233
16 9 4 54982 0.06548
16 9 4 54786 0.06867
16 9 4 54136 0.0656
16 9 4 50258 0.06198
16 9 4 47071 0.05725
16 9 4 38307 0.04632
16 9 4 37584 0.04652
16 9 4 36960 0.04596
16 9 4 36134 0.04447
16 9 4 35838 0.04659
16 9 4 33108 0.03872
16 9 4 31899 0.03624
16 9 4 26306 0.02983
16 9 4 26143 0.03135
16 9 4 25282 0.02911
16 9 4 24879 0.02866
16 9 4 24631 0.029
16 9 4 15901 0.02018
16 9 4 15893 0.02033
16 9 4 15511 0.01919
16 9 4 15283 0.01875
16 9 4 15053 0.01902
16 9 4 14747 0.01798
16 9 4 14568 0.01795
16 9 4 10300 0.01376
16 9 4 10203 0.01334
16 9 4 10166 0.01351
16 9 4 10040 0.01266
16 9 4 9991 0.01307
16 9 4 9932 0.01358
16 9 5 127421 0.1845
16 9 5 119093 0.1222
16 9 5 118343 0.1217
16 9 5 113266 0.1191
16 9 5 105819 0.1108
16 9 5 105409 0.112
16 9 5 100199 0.1074
16 9 5 98704 0.1084
16 9 5 96235 0.1069
16 9 5 95687 0.1015
16 9 5 93689 0.1004
16 9 5 89416 0.09852
16 9 5 87598 0.09546
16 9 5 87300 0.09649
16 9 5 85391 0.09265
16 9 5 79392 0.09072
16 9 5 77489 0.08835
16 9 5 74094 0.08537
16 9 5 72089 0.08272
16 9 5 59512 0.07256
16 9 5 56155 0.06953
16 9 5 54798 0.07036
16 9 5 52681 0.06824
16 9 5 51488 0.06466
16 9 5 48724 0.06145
16 9 5 38764 0.04773
16 9 5 38668 0.0489
16 9 5 37839 0.04631
16 9 5 37346 0.04779
16 9 5 35516 0.04655
16 9 5 33315 0.04084
16 9 5 33085 0.04127
16 9 5 26291 0.03039
16 9 5 26099 0.03159
16 9 5 25640 0.03105
16 9 5 25173 0.02916
16 9 5 24302 0.02903
16 9 5 16221 0.01932
16 9 5 15882 0.01965
16 9 5 15681 0.02098
16 9 5 15469 0.0191
16 9 5 15201 0.019
16 9 5 14926 0.01861
16 9 5 14618 0.01896
16 9 5 10336 0.01451
16 9 5 10234 0.01402
16 9 5 10187 0.01346
16 9 5 10077 0.01357
16 9 5 10037 0.01359
16 9 5 9966 0.0137
