16 6 1 100000 0.114
16 6 1 100000 0.114
16 6 1 100000 0.1112
16 6 1 100000 0.1107
16 6 1 100000 0.111
16 6 1 100000 0.1112
16 6 1 85000 0.09655
16 6 1 85000 0.0944
16 6 1 85000 0.09379
16 6 1 85000 0.09186
16 6 1 85000 0.09146
16 6 1 85000 0.09107
16 6 1 75000 0.05283
16 6 1 75000 0.05181
16 6 1 75000 0.05247
16 6 1 75000 0.05214
16 6 1 75000 0.0523
16 6 1 75000 0.05197
16 6 1 75000 0.05225
16 6 1 50000 0.031
16 6 1 50000 0.03092
16 6 1 50000 0.03115
16 6 1 50000 0.03073
16 6 1 50000 0.03083
16 6 1 35000 0.02058
16 6 1 35000 0.02037
16 6 1 35000 0.02078
16 6 1 35000 0.02062
16 6 1 35000 0.0207
16 6 1 35000 0.02052
16 6 1 35000 0.02064
16 6 1 25000 0.009905
16 6 1 25000 0.009864
16 6 1 25000 0.01002
16 6 1 25000 0.009807
16 6 1 25000 0.009954
16 6 1 25000 0.009723
16 6 1 15000 0.0064
16 6 1 15000 0.006456
16 6 1 15000 0.006464
16 6 1 15000 0.009652
16 6 1 15000 0.006413
16 6 1 15000 0.006406
16 6 1 15000 0.006466
16 6 1 10000 0.005124
16 6 1 10000 0.005133
16 6 1 10000 0.005163
16 6 1 10000 0.005059
16 6 1 10000 0.005066
16 6 1 10000 0.005164
16 6 2 100000 0.07215
16 6 2 100000 0.07114
16 6 2 100000 0.07043
16 6 2 100000 0.07475
16 6 2 100000 0.07087
16 6 2 100000 0.07109
16 6 2 85000 0.0618
16 6 2 85000 0.06244
16 6 2 85000 0.06481
16 6 2 85000 0.06252
16 6 2 85000 0.06156
16 6 2 85000 0.06136
16 6 2 75000 0.05238
16 6 2 75000 0.05207
16 6 2 75000 0.05233
16 6 2 75000 0.05287
16 6 2 75000 0.05258
16 6 2 75000 0.05234
16 6 2 75000 0.05223
16 6 2 50000 0.03094
16 6 2 50000 0.03111
16 6 2 50000 0.04436
16 6 2 50000 0.04323
16 6 2 50000 0.04372
16 6 2 35000 0.02755
16 6 2 35000 0.02957
16 6 2 35000 0.02953
16 6 2 35000 0.02847
16 6 2 35000 0.02805
16 6 2 35000 0.02942
16 6 2 35000 0.02847
16 6 2 25000 0.01176
16 6 2 25000 0.01292
16 6 2 25000 0.01213
16 6 2 25000 0.01284
16 6 2 25000 0.01262
16 6 2 25000 0.01256
16 6 2 15000 0.008239
16 6 2 15000 0.008316
16 6 2 15000 0.007667
16 6 2 15000 0.008533
16 6 2 15000 0.00815
16 6 2 15000 0.008172
16 6 2 15000 0.007667
16 6 2 10000 0.006271
16 6 2 10000 0.005779
16 6 2 10000 0.006247
16 6 2 10000 0.005853
16 6 2 10000 0.006247
16 6 2 10000 0.005903
16 6 3 100000 0.1121
16 6 3 100000 0.1122
16 6 3 100000 0.1128
16 6 3 100000 0.1084
16 6 3 100000 0.0851
16 6 3 100000 0.07165
16 6 3 85000 0.06243
16 6 3 85000 0.06213
16 6 3 85000 0.06208
16 6 3 85000 0.0619
16 6 3 85000 0.06165
16 6 3 85000 0.0618
16 6 3 75000 0.05248
16 6 3 75000 0.05217
16 6 3 75000 0.0524
16 6 3 75000 0.05252
16 6 3 75000 0.05218
16 6 3 75000 0.05262
16 6 3 75000 0.0526
16 6 3 50000 0.03103
16 6 3 50000 0.03121
16 6 3 50000 0.03099
16 6 3 50000 0.03106
16 6 3 50000 0.03129
16 6 3 35000 0.02065
16 6 3 35000 0.02048
16 6 3 35000 0.02068
16 6 3 35000 0.02049
16 6 3 35000 0.02067
16 6 3 35000 0.0206
16 6 3 35000 0.02094
16 6 3 25000 0.01023
16 6 3 25000 0.01001
16 6 3 25000 0.01002
16 6 3 25000 0.009976
16 6 3 25000 0.009832
16 6 3 25000 0.01006
16 6 3 15000 0.006576
16 6 3 15000 0.006432
16 6 3 15000 0.006594
16 6 3 15000 0.006451
16 6 3 15000 0.006383
16 6 3 15000 0.006495
16 6 3 15000 0.006533
16 6 3 10000 0.005071
16 6 3 10000 0.005031
16 6 3 10000 0.005238
16 6 3 10000 0.005022
16 6 3 10000 0.00502
16 6 3 10000 0.005173
16 6 4 100000 0.07522
16 6 4 100000 0.07386
16 6 4 100000 0.07144
16 6 4 100000 0.07313
16 6 4 100000 0.07243
16 6 4 100000 0.07266
16 6 4 85000 0.06256
16 6 4 85000 0.06354
16 6 4 85000 0.06229
16 6 4 85000 0.0634
16 6 4 85000 0.06353
16 6 4 85000 0.06312
16 6 4 75000 0.05354
16 6 4 75000 0.05314
16 6 4 75000 0.053
16 6 4 75000 0.05378
16 6 4 75000 0.05372
16 6 4 75000 0.05279
16 6 4 75000 0.05297
16 6 4 50000 0.03178
16 6 4 50000 0.03206
16 6 4 50000 0.03215
16 6 4 50000 0.03147
16 6 4 50000 0.03125
16 6 4 35000 0.02094
16 6 4 35000 0.02044
16 6 4 35000 0.02133
16 6 4 35000 0.02188
16 6 4 35000 0.0215
16 6 4 35000 0.02093
16 6 4 35000 0.02076
16 6 4 25000 0.01005
16 6 4 25000 0.0107
16 6 4 25000 0.0105
16 6 4 25000 0.01076
16 6 4 25000 0.01012
16 6 4 25000 0.01076
16 6 4 15000 0.0067
16 6 4 15000 0.00738
16 6 4 15000 0.006613
16 6 4 15000 0.006561
16 6 4 15000 0.006515
16 6 4 15000 0.006476
16 6 4 15000 0.007222
16 6 4 10000 0.005954
16 6 4 10000 0.005155
16 6 4 10000 0.005254
16 6 4 10000 0.005598
16 6 4 10000 0.005797
16 6 4 10000 0.00594
16 6 5 106096 0.07663
16 6 5 105964 0.07597
16 6 5 104296 0.07423
16 6 5 100000 0.07121
16 6 5 100000 0.07189
16 6 5 100000 0.07212
16 6 5 100000 0.07106
16 6 5 89528 0.06488
16 6 5 87274 0.06362
16 6 5 85000 0.06203
16 6 5 85000 0.06203
16 6 5 85000 0.06218
16 6 5 79959 0.0584
16 6 5 78960 0.05707
16 6 5 77907 0.05572
16 6 5 76881 0.05506
16 6 5 75000 0.05313
16 6 5 75000 0.05299
16 6 5 52376 0.03469
16 6 5 52358 0.03434
16 6 5 52268 0.03385
16 6 5 51830 0.03311
16 6 5 50000 0.03091
16 6 5 50000 0.0307
16 6 5 50000 0.03104
16 6 5 36146 0.02068
16 6 5 36146 0.02098
16 6 5 35000 0.02092
16 6 5 35000 0.02072
16 6 5 35000 0.02055
16 6 5 35000 0.02101
16 6 5 25594 0.01001
16 6 5 25588 0.01023
16 6 5 25585 0.01008
16 6 5 25000 0.01003
16 6 5 25000 0.009896
16 6 5 25000 0.009924
16 6 5 15214 0.006361
16 6 5 15214 0.006386
16 6 5 15212 0.006435
16 6 5 15210 0.006504
16 6 5 15203 0.006299
16 6 5 15000 0.006652
16 6 5 15000 0.006563
16 6 5 10094 0.005114
16 6 5 10093 0.005129
16 6 5 10093 0.004933
16 6 5 10090 0.005162
16 6 5 10000 0.005237
16 6 5 10000 0.005186
16 6 5 10000 0.005075
