16 10 1 100000 0.1489
16 10 1 100000 0.1335
16 10 1 100000 0.1322
16 10 1 100000 0.132
16 10 1 100000 0.1291
16 10 1 100000 0.1304
16 10 1 85000 0.1181
16 10 1 85000 0.1194
16 10 1 85000 0.1195
16 10 1 85000 0.1011
16 10 1 85000 0.09444
16 10 1 85000 0.08987
16 10 1 85000 0.09263
16 10 1 75000 0.08354
16 10 1 75000 0.08372
16 10 1 75000 0.0838
16 10 1 75000 0.08073
16 10 1 75000 0.08059
16 10 1 50000 0.0589
16 10 1 50000 0.06123
16 10 1 50000 0.0608
16 10 1 50000 0.06123
16 10 1 50000 0.06059
16 10 1 50000 0.05898
16 10 1 50000 0.05968
16 10 1 35000 0.04441
16 10 1 35000 0.04497
16 10 1 35000 0.04417
16 10 1 35000 0.04251
16 10 1 35000 0.04242
16 10 1 35000 0.04212
16 10 1 25000 0.02918
16 10 1 25000 0.02947
16 10 1 25000 0.03019
16 10 1 25000 0.03056
16 10 1 25000 0.02898
16 10 1 25000 0.02785
16 10 1 25000 0.02858
16 10 1 15000 0.01819
16 10 1 15000 0.01828
16 10 1 15000 0.01822
16 10 1 15000 0.0178
16 10 1 15000 0.01706
16 10 1 10000 0.01322
16 10 1 10000 0.01233
16 10 1 10000 0.01326
16 10 1 10000 0.01272
16 10 1 10000 0.01289
16 10 1 10000 0.01251
16 10 1 10000 0.01169
16 10 2 113090 0.1164
16 10 2 111187 0.1149
16 10 2 108563 0.1137
16 10 2 106124 0.1075
16 10 2 98599 0.1063
16 10 2 96331 0.1045
16 10 2 94551 0.1048
16 10 2 93845 0.09825
16 10 2 92559 0.09947
16 10 2 89363 0.09794
16 10 2 87095 0.09404
16 10 2 84188 0.09324
16 10 2 82146 0.08807
16 10 2 81050 0.09206
16 10 2 79946 0.08912
16 10 2 77761 0.08555
16 10 2 75964 0.08258
16 10 2 74625 0.08302
16 10 2 53381 0.06454
16 10 2 53357 0.06289
16 10 2 53200 0.06614
16 10 2 52921 0.06318
16 10 2 51316 0.06227
16 10 2 49726 0.06157
16 10 2 48383 0.058
16 10 2 36625 0.04352
16 10 2 36586 0.0428
16 10 2 36518 0.04413
16 10 2 36018 0.04486
16 10 2 35000 0.04481
16 10 2 33872 0.04119
16 10 2 25848 0.0324
16 10 2 25833 0.03129
16 10 2 25816 0.02894
16 10 2 25732 0.02884
16 10 2 25187 0.03035
16 10 2 24409 0.02872
16 10 2 15305 0.01854
16 10 2 15301 0.01906
16 10 2 15293 0.0188
16 10 2 15268 0.01844
16 10 2 15201 0.01886
16 10 2 15005 0.01764
16 10 2 14790 0.01801
16 10 2 10133 0.01372
16 10 2 10130 0.01268
16 10 2 10128 0.01362
16 10 2 10071 0.01323
16 10 2 10003 0.01288
16 10 2 9943 0.01267
16 10 3 125507 0.1769
16 10 3 123516 0.1754
16 10 3 118562 0.1163
16 10 3 108630 0.1133
16 10 3 104265 0.109
16 10 3 103498 0.1086
16 10 3 102874 0.1032
16 10 3 98923 0.0997
16 10 3 97656 0.102
16 10 3 96181 0.1037
16 10 3 89972 0.09426
16 10 3 89580 0.09341
16 10 3 86703 0.09342
16 10 3 84501 0.09025
16 10 3 84088 0.09274
16 10 3 82057 0.0918
16 10 3 80037 0.08847
16 10 3 73545 0.08507
16 10 3 68139 0.08076
16 10 3 56265 0.06531
16 10 3 55449 0.06753
16 10 3 53234 0.06466
16 10 3 51754 0.06395
16 10 3 50327 0.06259
16 10 3 45299 0.05653
16 10 3 38176 0.04277
16 10 3 37629 0.0468
16 10 3 36673 0.04584
16 10 3 35800 0.04482
16 10 3 34808 0.0424
16 10 3 32746 0.03903
16 10 3 26612 0.02849
16 10 3 26558 0.02834
16 10 3 26217 0.02822
16 10 3 25501 0.03195
16 10 3 25148 0.03136
16 10 3 23991 0.0298
16 10 3 15588 0.02065
16 10 3 15558 0.01781
16 10 3 15546 0.01949
16 10 3 15449 0.0195
16 10 3 15233 0.01868
16 10 3 15094 0.01885
16 10 3 14749 0.0187
16 10 3 10254 0.01262
16 10 3 10242 0.01283
16 10 3 10132 0.01346
16 10 3 10106 0.01367
16 10 3 10042 0.01366
16 10 3 9969 0.01323
16 10 4 140646 0.1933
16 10 4 137970 0.1861
16 10 4 126749 0.1871
16 10 4 115640 0.1168
16 10 4 115452 0.12
16 10 4 110493 0.1149
16 10 4 108893 0.115
16 10 4 104066 0.1111
16 10 4 101916 0.1081
16 10 4 97743 0.1013
16 10 4 97024 0.1045
16 10 4 94821 0.1031
16 10 4 93103 0.09947
16 10 4 89033 0.09722
16 10 4 87773 0.09589
16 10 4 86595 0.09374
16 10 4 78527 0.08296
16 10 4 76971 0.08714
16 10 4 60054 0.07054
16 10 4 60013 0.06895
16 10 4 59329 0.07012
16 10 4 56342 0.06879
16 10 4 54324 0.06804
16 10 4 52434 0.06225
16 10 4 48355 0.06168
16 10 4 39856 0.04699
16 10 4 38273 0.0471
16 10 4 37498 0.047
16 10 4 37019 0.04704
16 10 4 34506 0.04387
16 10 4 33574 0.0418
16 10 4 27465 0.03014
16 10 4 27340 0.03222
16 10 4 26851 0.02991
16 10 4 25884 0.03157
16 10 4 25441 0.03134
16 10 4 24730 0.03126
16 10 4 15865 0.01857
16 10 4 15843 0.0185
16 10 4 15791 0.01862
16 10 4 15584 0.01858
16 10 4 15516 0.0201
16 10 4 14927 0.01922
16 10 4 14821 0.01903
16 10 4 10382 0.01381
16 10 4 10291 0.01348
16 10 4 10241 0.01433
16 10 4 10160 0.01351
16 10 4 10103 0.01322
16 10 4 9963 0.01342
16 10 5 156215 0.1906
16 10 5 146678 0.1923
16 10 5 127345 0.189
16 10 5 126305 0.1824
16 10 5 122037 0.1181
16 10 5 118018 0.1158
16 10 5 116914 0.1162
16 10 5 113784 0.1201
16 10 5 106604 0.1149
16 10 5 103157 0.1035
16 10 5 100507 0.1023
16 10 5 97973 0.1056
16 10 5 95179 0.1018
16 10 5 94121 0.101
16 10 5 90315 0.09875
16 10 5 88563 0.09631
16 10 5 83324 0.09223
16 10 5 78138 0.08562
16 10 5 76334 0.08443
16 10 5 60032 0.07012
16 10 5 58537 0.07027
16 10 5 55792 0.06701
16 10 5 52776 0.06657
16 10 5 49405 0.06128
16 10 5 41630 0.04788
16 10 5 41549 0.04834
16 10 5 38769 0.04695
16 10 5 38603 0.04763
16 10 5 37450 0.04461
16 10 5 36199 0.0462
16 10 5 35127 0.04499
16 10 5 28387 0.03055
16 10 5 27880 0.03128
16 10 5 27041 0.03297
16 10 5 26304 0.03108
16 10 5 25703 0.03107
16 10 5 24953 0.02982
16 10 5 16154 0.01831
16 10 5 16012 0.01781
16 10 5 15870 0.02035
16 10 5 15745 0.01975
16 10 5 15409 0.02043
16 10 5 15238 0.01875
16 10 5 14808 0.01946
16 10 5 10510 0.01281
16 10 5 10393 0.01415
16 10 5 10267 0.01314
16 10 5 10155 0.01393
16 10 5 10078 0.01394
16 10 5 9992 0.01326
