8 6 1 100000 0.113
8 6 1 100000 0.1061
8 6 1 100000 0.1003
8 6 1 100000 0.1028
8 6 1 100000 0.1008
8 6 1 100000 0.09723
8 6 1 100000 0.1008
8 6 1 100000 0.1013
8 6 1 100000 0.1019
8 6 1 100000 0.1051
8 6 1 100000 0.1054
8 6 1 100000 0.1008
8 6 1 85000 0.08772
8 6 1 85000 0.08792
8 6 1 85000 0.08892
8 6 1 85000 0.08689
8 6 1 85000 0.09043
8 6 1 85000 0.0879
8 6 1 85000 0.09388
8 6 1 85000 0.08836
8 6 1 85000 0.08929
8 6 1 85000 0.09131
8 6 1 85000 0.09335
8 6 1 85000 0.09191
8 6 1 85000 0.09194
8 6 1 75000 0.08076
8 6 1 75000 0.08313
8 6 1 75000 0.09561
8 6 1 75000 0.09294
8 6 1 75000 0.09315
8 6 1 75000 0.09239
8 6 1 75000 0.09218
8 6 1 75000 0.09189
8 6 1 75000 0.08551
8 6 1 75000 0.08243
8 6 1 75000 0.08177
8 6 1 75000 0.08234
8 6 1 75000 0.08367
8 6 1 50000 0.05851
8 6 1 50000 0.05916
8 6 1 50000 0.05868
8 6 1 50000 0.05931
8 6 1 50000 0.05795
8 6 1 50000 0.0576
8 6 1 50000 0.06106
8 6 1 50000 0.05964
8 6 1 50000 0.0621
8 6 1 50000 0.06101
8 6 1 50000 0.06283
8 6 1 50000 0.06053
8 6 1 35000 0.04263
8 6 1 35000 0.04218
8 6 1 35000 0.0445
8 6 1 35000 0.04
8 6 1 35000 0.04205
8 6 1 35000 0.04156
8 6 1 35000 0.04101
8 6 1 35000 0.04148
8 6 1 35000 0.0446
8 6 1 35000 0.04184
8 6 1 35000 0.0416
8 6 1 35000 0.04259
8 6 1 25000 0.02802
8 6 1 25000 0.0268
8 6 1 25000 0.02715
8 6 1 25000 0.02622
8 6 1 25000 0.02726
8 6 1 25000 0.02734
8 6 1 25000 0.02697
8 6 1 25000 0.02576
8 6 1 25000 0.02624
8 6 1 25000 0.02677
8 6 1 25000 0.02874
8 6 1 25000 0.02723
8 6 1 25000 0.02794
8 6 1 15000 0.01772
8 6 1 15000 0.0167
8 6 1 15000 0.01729
8 6 1 15000 0.01697
8 6 1 15000 0.01705
8 6 1 15000 0.01741
8 6 1 15000 0.01735
8 6 1 15000 0.01697
8 6 1 15000 0.01874
8 6 1 15000 0.01805
8 6 1 15000 0.01876
8 6 1 15000 0.01823
8 6 1 10000 0.01198
8 6 1 10000 0.0125
8 6 1 10000 0.01186
8 6 1 10000 0.01235
8 6 1 10000 0.0123
8 6 1 10000 0.01234
8 6 1 10000 0.01271
8 6 1 10000 0.012
8 6 1 10000 0.01202
8 6 1 10000 0.01294
8 6 1 10000 0.01285
8 6 1 10000 0.01264
8 6 1 10000 0.01298
8 6 2 113381 0.1191
8 6 2 113094 0.1083
8 6 2 113064 0.1107
8 6 2 112687 0.1114
8 6 2 112557 0.1104
8 6 2 111974 0.111
8 6 2 111464 0.1144
8 6 2 110392 0.1096
8 6 2 109989 0.1091
8 6 2 108851 0.1089
8 6 2 106395 0.1034
8 6 2 99571 0.1085
8 6 2 94835 0.09703
8 6 2 94570 0.09729
8 6 2 94441 0.09643
8 6 2 94327 0.09577
8 6 2 94169 0.09503
8 6 2 93931 0.09375
8 6 2 93642 0.09574
8 6 2 93358 0.09498
8 6 2 91824 0.0968
8 6 2 90049 0.09455
8 6 2 88399 0.09516
8 6 2 84688 0.09095
8 6 2 82599 0.09319
8 6 2 82551 0.09039
8 6 2 82403 0.08552
8 6 2 82334 0.08485
8 6 2 82252 0.08344
8 6 2 82110 0.08548
8 6 2 82057 0.08671
8 6 2 81984 0.08514
8 6 2 81804 0.08396
8 6 2 81512 0.08566
8 6 2 79779 0.08238
8 6 2 78237 0.0826
8 6 2 77723 0.0818
8 6 2 70713 0.07986
8 6 2 53380 0.06618
8 6 2 53357 0.06038
8 6 2 53332 0.06331
8 6 2 53282 0.05909
8 6 2 53258 0.06184
8 6 2 53232 0.06013
8 6 2 53225 0.06304
8 6 2 53147 0.06209
8 6 2 52855 0.0606
8 6 2 52181 0.06389
8 6 2 51030 0.06017
8 6 2 47586 0.05956
8 6 2 36662 0.0445
8 6 2 36645 0.04544
8 6 2 36618 0.04248
8 6 2 36593 0.04235
8 6 2 36587 0.04292
8 6 2 36571 0.04257
8 6 2 36565 0.0432
8 6 2 36551 0.04331
8 6 2 36517 0.04361
8 6 2 35800 0.04166
8 6 2 35012 0.04337
8 6 2 34083 0.04038
8 6 2 25846 0.02858
8 6 2 25840 0.02963
8 6 2 25829 0.0274
8 6 2 25822 0.03075
8 6 2 25815 0.02657
8 6 2 25814 0.02797
8 6 2 25794 0.02958
8 6 2 25781 0.02748
8 6 2 25771 0.02618
8 6 2 25729 0.02785
8 6 2 25493 0.02968
8 6 2 24651 0.02898
8 6 2 24422 0.02837
8 6 2 15304 0.01984
8 6 2 15302 0.01865
8 6 2 15300 0.01685
8 6 2 15297 0.01764
8 6 2 15295 0.01714
8 6 2 15294 0.01726
8 6 2 15288 0.01714
8 6 2 15284 0.0166
8 6 2 15270 0.01912
8 6 2 15257 0.0182
8 6 2 15165 0.01703
8 6 2 15027 0.01709
8 6 2 10135 0.01204
8 6 2 10135 0.01295
8 6 2 10134 0.0124
8 6 2 10134 0.01278
8 6 2 10133 0.01303
8 6 2 10132 0.01274
8 6 2 10131 0.01159
8 6 2 10130 0.01236
8 6 2 10129 0.01164
8 6 2 10127 0.01161
8 6 2 10111 0.01275
8 6 2 9993 0.01237
8 6 2 9904 0.01234
8 6 3 127818 0.1749
8 6 3 127058 0.1709
8 6 3 126697 0.1693
8 6 3 126299 0.1741
8 6 3 126050 0.1722
8 6 3 124314 0.1635
8 6 3 124111 0.1679
8 6 3 121692 0.1201
8 6 3 121208 0.1152
8 6 3 118998 0.1169
8 6 3 113697 0.1139
8 6 3 107884 0.1088
8 6 3 104907 0.1033
8 6 3 104740 0.1051
8 6 3 104138 0.1034
8 6 3 103926 0.1026
8 6 3 103388 0.1031
8 6 3 101811 0.1036
8 6 3 101087 0.09476
8 6 3 99989 0.09878
8 6 3 97806 0.09861
8 6 3 96498 0.101
8 6 3 95698 0.09839
8 6 3 90897 0.09481
8 6 3 90745 0.09245
8 6 3 90493 0.09285
8 6 3 90305 0.09354
8 6 3 89826 0.08985
8 6 3 89745 0.09104
8 6 3 89329 0.09037
8 6 3 89216 0.09233
8 6 3 87920 0.08922
8 6 3 87499 0.08978
8 6 3 86429 0.08986
8 6 3 85512 0.08733
8 6 3 83637 0.09018
8 6 3 80345 0.08577
8 6 3 56991 0.06475
8 6 3 56961 0.06474
8 6 3 56788 0.06638
8 6 3 56731 0.06502
8 6 3 56670 0.06376
8 6 3 56633 0.06389
8 6 3 56606 0.06327
8 6 3 56586 0.06361
8 6 3 56035 0.06617
8 6 3 55413 0.06355
8 6 3 54087 0.06363
8 6 3 52619 0.06347
8 6 3 50112 0.06195
8 6 3 38393 0.04392
8 6 3 38309 0.04695
8 6 3 38279 0.04329
8 6 3 38250 0.04396
8 6 3 38245 0.04262
8 6 3 38185 0.04551
8 6 3 38149 0.04306
8 6 3 38088 0.04424
8 6 3 37914 0.04555
8 6 3 37207 0.04218
8 6 3 36548 0.04261
8 6 3 35609 0.04309
8 6 3 32455 0.03744
8 6 3 26714 0.03145
8 6 3 26686 0.02775
8 6 3 26678 0.02802
8 6 3 26651 0.02875
8 6 3 26621 0.02866
8 6 3 26605 0.02795
8 6 3 26584 0.02832
8 6 3 26408 0.02795
8 6 3 26176 0.02694
8 6 3 25767 0.02771
8 6 3 25460 0.0284
8 6 3 25239 0.02763
8 6 3 15611 0.01931
8 6 3 15606 0.01842
8 6 3 15602 0.01927
8 6 3 15599 0.01801
8 6 3 15581 0.0178
8 6 3 15577 0.01695
8 6 3 15570 0.0169
8 6 3 15563 0.01708
8 6 3 15548 0.01884
8 6 3 15414 0.01693
8 6 3 15302 0.01847
8 6 3 15172 0.01836
8 6 3 15070 0.01857
8 6 3 10269 0.01347
8 6 3 10265 0.01265
8 6 3 10263 0.01181
8 6 3 10261 0.01232
8 6 3 10259 0.01292
8 6 3 10258 0.01273
8 6 3 10253 0.01348
8 6 3 10241 0.01333
8 6 3 10171 0.01255
8 6 3 10121 0.01238
8 6 3 10051 0.01187
8 6 3 9859 0.01292
8 6 4 143563 0.1818
8 6 4 141204 0.1829
8 6 4 140228 0.1805
8 6 4 139153 0.1904
8 6 4 138391 0.1757
8 6 4 137857 0.1776
8 6 4 135284 0.1746
8 6 4 135187 0.1838
8 6 4 130822 0.1932
8 6 4 127991 0.1777
8 6 4 127030 0.1835
8 6 4 116646 0.1112
8 6 4 116115 0.1132
8 6 4 115372 0.1081
8 6 4 114917 0.1079
8 6 4 113190 0.115
8 6 4 112036 0.1129
8 6 4 110567 0.1082
8 6 4 109403 0.1135
8 6 4 108223 0.1003
8 6 4 105881 0.1095
8 6 4 103038 0.1082
8 6 4 102298 0.1072
8 6 4 99151 0.09801
8 6 4 98956 0.09983
8 6 4 98499 0.1002
8 6 4 98307 0.09695
8 6 4 97551 0.09839
8 6 4 96956 0.09725
8 6 4 96485 0.09866
8 6 4 95108 0.09507
8 6 4 94482 0.0944
8 6 4 93501 0.09266
8 6 4 91706 0.08991
8 6 4 90282 0.08986
8 6 4 85098 0.0886
8 6 4 81777 0.0882
8 6 4 60826 0.07222
8 6 4 60419 0.06914
8 6 4 60354 0.06631
8 6 4 60317 0.07081
8 6 4 60052 0.07036
8 6 4 59930 0.06627
8 6 4 59741 0.07022
8 6 4 59457 0.06689
8 6 4 58683 0.06848
8 6 4 57272 0.06816
8 6 4 56239 0.06634
8 6 4 55773 0.06526
8 6 4 53430 0.06238
8 6 4 40101 0.04877
8 6 4 40078 0.04804
8 6 4 40022 0.04437
8 6 4 39956 0.04512
8 6 4 39912 0.04633
8 6 4 39856 0.04506
8 6 4 39755 0.04706
8 6 4 39307 0.04446
8 6 4 39023 0.04339
8 6 4 38763 0.04678
8 6 4 37934 0.04632
8 6 4 36217 0.04434
8 6 4 33964 0.04066
8 6 4 27581 0.02955
8 6 4 27567 0.02787
8 6 4 27519 0.02694
8 6 4 27475 0.02925
8 6 4 27463 0.02965
8 6 4 27375 0.02851
8 6 4 27129 0.02733
8 6 4 26888 0.03139
8 6 4 26615 0.02942
8 6 4 26291 0.02758
8 6 4 25940 0.031
8 6 4 25360 0.02768
8 6 4 15923 0.01916
8 6 4 15912 0.01818
8 6 4 15909 0.01758
8 6 4 15901 0.01787
8 6 4 15882 0.01791
8 6 4 15878 0.01774
8 6 4 15862 0.01915
8 6 4 15765 0.01738
8 6 4 15670 0.01939
8 6 4 15484 0.01919
8 6 4 15428 0.01925
8 6 4 15362 0.01899
8 6 4 10411 0.01399
8 6 4 10404 0.01292
8 6 4 10401 0.01348
8 6 4 10395 0.01271
8 6 4 10393 0.01325
8 6 4 10390 0.01255
8 6 4 10386 0.01254
8 6 4 10365 0.01275
8 6 4 10314 0.01265
8 6 4 10280 0.01348
8 6 4 10244 0.01341
8 6 4 10199 0.01186
8 6 4 10033 0.01306
8 6 5 161013 0.192
8 6 5 158642 0.192
8 6 5 158156 0.1968
8 6 5 154018 0.1944
8 6 5 153689 0.1909
8 6 5 152826 0.1872
8 6 5 147469 0.1829
8 6 5 144196 0.1882
8 6 5 141055 0.173
8 6 5 140956 0.1926
8 6 5 134335 0.1812
8 6 5 129023 0.1672
8 6 5 128137 0.1703
8 6 5 127381 0.1741
8 6 5 125396 0.1895
8 6 5 123930 0.1834
8 6 5 121295 0.1126
8 6 5 120006 0.1142
8 6 5 117322 0.1169
8 6 5 115033 0.1162
8 6 5 111980 0.1111
8 6 5 110102 0.1076
8 6 5 109002 0.1078
8 6 5 108383 0.1001
8 6 5 107580 0.1059
8 6 5 107445 0.1062
8 6 5 106480 0.1077
8 6 5 105496 0.1058
8 6 5 104647 0.1082
8 6 5 103405 0.1071
8 6 5 103280 0.1028
8 6 5 100843 0.1038
8 6 5 99574 0.1037
8 6 5 97753 0.1001
8 6 5 91168 0.09416
8 6 5 88305 0.09392
8 6 5 87829 0.09438
8 6 5 64982 0.07355
8 6 5 64385 0.07082
8 6 5 64148 0.07171
8 6 5 63967 0.06777
8 6 5 63725 0.06951
8 6 5 63438 0.07077
8 6 5 62434 0.06939
8 6 5 61461 0.06974
8 6 5 60526 0.06773
8 6 5 59283 0.06959
8 6 5 58992 0.07065
8 6 5 56762 0.06606
8 6 5 52217 0.06372
8 6 5 41994 0.04884
8 6 5 41888 0.04841
8 6 5 41757 0.04829
8 6 5 41704 0.04751
8 6 5 41668 0.04916
8 6 5 41564 0.04728
8 6 5 41399 0.04932
8 6 5 40722 0.04604
8 6 5 40587 0.04558
8 6 5 39694 0.04812
8 6 5 38412 0.04389
8 6 5 37369 0.04445
8 6 5 35433 0.04406
8 6 5 28447 0.03103
8 6 5 28386 0.03034
8 6 5 28348 0.02947
8 6 5 28322 0.03055
8 6 5 28070 0.03303
8 6 5 27911 0.03146
8 6 5 27721 0.03275
8 6 5 27193 0.02972
8 6 5 26820 0.03057
8 6 5 26421 0.02784
8 6 5 25879 0.0273
8 6 5 24967 0.02856
8 6 5 16221 0.01781
8 6 5 16201 0.01805
8 6 5 16191 0.018
8 6 5 16187 0.0192
8 6 5 16170 0.01843
8 6 5 16160 0.01871
8 6 5 16075 0.01862
8 6 5 16008 0.01846
8 6 5 15792 0.01956
8 6 5 15756 0.0184
8 6 5 15699 0.0188
8 6 5 15501 0.01965
8 6 5 10548 0.01397
8 6 5 10537 0.01309
8 6 5 10531 0.01236
8 6 5 10526 0.01347
8 6 5 10525 0.01341
8 6 5 10520 0.01306
8 6 5 10476 0.01315
8 6 5 10436 0.01351
8 6 5 10383 0.01441
8 6 5 10330 0.01417
8 6 5 10275 0.01307
8 6 5 10167 0.01308
8 6 5 10068 0.01349
