16 7 1 100000 0.1111
16 7 1 100000 0.1155
16 7 1 100000 0.1094
16 7 1 100000 0.08375
16 7 1 100000 0.07497
16 7 1 100000 0.07594
16 7 1 85000 0.06587
16 7 1 85000 0.0667
16 7 1 85000 0.06602
16 7 1 85000 0.06718
16 7 1 85000 0.06626
16 7 1 85000 0.06688
16 7 1 85000 0.06641
16 7 1 75000 0.05688
16 7 1 75000 0.0569
16 7 1 75000 0.05601
16 7 1 75000 0.05556
16 7 1 75000 0.05581
16 7 1 75000 0.05597
16 7 1 50000 0.03371
16 7 1 50000 0.03317
16 7 1 50000 0.03313
16 7 1 50000 0.03319
16 7 1 50000 0.03303
16 7 1 50000 0.03314
16 7 1 35000 0.02184
16 7 1 35000 0.02185
16 7 1 35000 0.02202
16 7 1 35000 0.02188
16 7 1 35000 0.02187
16 7 1 35000 0.02202
16 7 1 35000 0.02199
16 7 1 25000 0.01027
16 7 1 25000 0.01044
16 7 1 25000 0.01035
16 7 1 25000 0.01038
16 7 1 25000 0.01046
16 7 1 25000 0.01032
16 7 1 15000 0.006868
16 7 1 15000 0.006772
16 7 1 15000 0.006827
16 7 1 15000 0.006844
16 7 1 15000 0.006852
16 7 1 15000 0.006865
16 7 1 10000 0.005336
16 7 1 10000 0.005336
16 7 1 10000 0.005349
16 7 1 10000 0.005266
16 7 1 10000 0.005335
16 7 1 10000 0.00531
16 7 2 100000 0.07616
16 7 2 100000 0.07591
16 7 2 100000 0.07567
16 7 2 100000 0.07599
16 7 2 100000 0.07593
16 7 2 100000 0.07571
16 7 2 85000 0.06578
16 7 2 85000 0.06584
16 7 2 85000 0.06589
16 7 2 85000 0.06626
16 7 2 85000 0.06502
16 7 2 85000 0.06596
16 7 2 85000 0.06642
16 7 2 75000 0.0559
16 7 2 75000 0.0562
16 7 2 75000 0.05619
16 7 2 75000 0.05514
16 7 2 75000 0.05561
16 7 2 75000 0.05525
16 7 2 50000 0.03274
16 7 2 50000 0.0327
16 7 2 50000 0.03267
16 7 2 50000 0.03258
16 7 2 50000 0.03299
16 7 2 50000 0.03274
16 7 2 35000 0.02143
16 7 2 35000 0.02172
16 7 2 35000 0.02171
16 7 2 35000 0.02196
16 7 2 35000 0.02174
16 7 2 35000 0.02194
16 7 2 35000 0.02169
16 7 2 25000 0.01022
16 7 2 25000 0.01024
16 7 2 25000 0.01026
16 7 2 25000 0.01028
16 7 2 25000 0.01018
16 7 2 25000 0.01035
16 7 2 15000 0.006866
16 7 2 15000 0.00667
16 7 2 15000 0.006788
16 7 2 15000 0.006809
16 7 2 15000 0.006813
16 7 2 15000 0.006704
16 7 2 10000 0.005219
16 7 2 10000 0.005239
16 7 2 10000 0.005248
16 7 2 10000 0.005237
16 7 2 10000 0.005287
16 7 2 10000 0.005261
16 7 3 100000 0.07797
16 7 3 100000 0.07772
16 7 3 100000 0.0772
16 7 3 100000 0.07646
16 7 3 100000 0.07575
16 7 3 100000 0.07611
16 7 3 85000 0.0657
16 7 3 85000 0.06594
16 7 3 85000 0.06538
16 7 3 85000 0.06542
16 7 3 85000 0.06564
16 7 3 85000 0.06565
16 7 3 85000 0.0655
16 7 3 75000 0.05564
16 7 3 75000 0.05584
16 7 3 75000 0.05575
16 7 3 75000 0.05615
16 7 3 75000 0.0553
16 7 3 75000 0.05559
16 7 3 50000 0.03279
16 7 3 50000 0.03294
16 7 3 50000 0.0329
16 7 3 50000 0.03295
16 7 3 50000 0.03306
16 7 3 50000 0.03314
16 7 3 35000 0.02184
16 7 3 35000 0.02173
16 7 3 35000 0.02176
16 7 3 35000 0.02183
16 7 3 35000 0.02152
16 7 3 35000 0.02184
16 7 3 35000 0.02151
16 7 3 25000 0.0104
16 7 3 25000 0.01033
16 7 3 25000 0.01022
16 7 3 25000 0.01011
16 7 3 25000 0.01034
16 7 3 25000 0.01022
16 7 3 15000 0.006869
16 7 3 15000 0.006758
16 7 3 15000 0.006742
16 7 3 15000 0.006701
16 7 3 15000 0.006807
16 7 3 15000 0.006861
16 7 3 10000 0.005304
16 7 3 10000 0.005303
16 7 3 10000 0.005342
16 7 3 10000 0.005286
16 7 3 10000 0.005269
16 7 3 10000 0.00532
16 7 4 100000 0.07664
16 7 4 100000 0.07563
16 7 4 100000 0.07564
16 7 4 100000 0.07621
16 7 4 100000 0.07584
16 7 4 100000 0.07626
16 7 4 85000 0.06598
16 7 4 85000 0.06527
16 7 4 85000 0.0663
16 7 4 85000 0.06496
16 7 4 85000 0.06612
16 7 4 85000 0.06561
16 7 4 85000 0.06568
16 7 4 75000 0.05568
16 7 4 75000 0.05545
16 7 4 75000 0.05526
16 7 4 75000 0.0556
16 7 4 75000 0.05554
16 7 4 75000 0.05499
16 7 4 50000 0.03278
16 7 4 50000 0.03291
16 7 4 50000 0.03277
16 7 4 50000 0.03328
16 7 4 50000 0.03252
16 7 4 50000 0.03272
16 7 4 35000 0.02198
16 7 4 35000 0.0218
16 7 4 35000 0.02181
16 7 4 35000 0.02162
16 7 4 35000 0.02187
16 7 4 35000 0.02191
16 7 4 35000 0.02161
16 7 4 25000 0.0102
16 7 4 25000 0.01034
16 7 4 25000 0.01018
16 7 4 25000 0.01014
16 7 4 25000 0.01023
16 7 4 25000 0.01013
16 7 4 15000 0.006787
16 7 4 15000 0.006808
16 7 4 15000 0.006837
16 7 4 15000 0.006676
16 7 4 15000 0.006837
16 7 4 15000 0.006871
16 7 4 10000 0.005238
16 7 4 10000 0.005331
16 7 4 10000 0.00528
16 7 4 10000 0.005252
16 7 4 10000 0.005262
16 7 4 10000 0.005287
16 7 5 100000 0.07626
16 7 5 100000 0.07572
16 7 5 100000 0.07626
16 7 5 100000 0.07626
16 7 5 100000 0.0763
16 7 5 100000 0.07642
16 7 5 85000 0.06564
16 7 5 85000 0.06569
16 7 5 85000 0.06522
16 7 5 85000 0.06537
16 7 5 85000 0.06562
16 7 5 85000 0.0653
16 7 5 85000 0.06516
16 7 5 75000 0.05537
16 7 5 75000 0.0554
16 7 5 75000 0.05479
16 7 5 75000 0.05535
16 7 5 75000 0.05546
16 7 5 75000 0.05565
16 7 5 50000 0.0327
16 7 5 50000 0.0328
16 7 5 50000 0.03271
16 7 5 50000 0.03259
16 7 5 50000 0.03286
16 7 5 50000 0.03275
16 7 5 35000 0.02191
16 7 5 35000 0.02162
16 7 5 35000 0.0216
16 7 5 35000 0.02177
16 7 5 35000 0.02162
16 7 5 35000 0.02167
16 7 5 35000 0.0219
16 7 5 25000 0.0103
16 7 5 25000 0.01025
16 7 5 25000 0.01036
16 7 5 25000 0.01011
16 7 5 25000 0.01037
16 7 5 25000 0.01023
16 7 5 15000 0.006838
16 7 5 15000 0.006782
16 7 5 15000 0.006933
16 7 5 15000 0.006847
16 7 5 15000 0.006716
16 7 5 15000 0.006753
16 7 5 10000 0.005278
16 7 5 10000 0.005254
16 7 5 10000 0.005326
16 7 5 10000 0.005223
16 7 5 10000 0.005362
16 7 5 10000 0.005273
