4 3 1 100000 0.1537
4 3 1 100000 0.1492
4 3 1 100000 0.1457
4 3 1 100000 0.1472
4 3 1 100000 0.1467
4 3 1 100000 0.1428
4 3 1 100000 0.1469
4 3 1 100000 0.1464
4 3 1 100000 0.1472
4 3 1 100000 0.1461
4 3 1 100000 0.1472
4 3 1 100000 0.147
4 3 1 100000 0.1406
4 3 1 100000 0.1472
4 3 1 100000 0.1454
4 3 1 100000 0.1475
4 3 1 100000 0.1447
4 3 1 100000 0.1365
4 3 1 100000 0.1055
4 3 1 100000 0.1064
4 3 1 100000 0.1066
4 3 1 100000 0.1059
4 3 1 100000 0.1056
4 3 1 100000 0.1061
4 3 1 100000 0.1073
4 3 1 85000 0.09124
4 3 1 85000 0.09257
4 3 1 85000 0.09123
4 3 1 85000 0.09333
4 3 1 85000 0.0917
4 3 1 85000 0.09169
4 3 1 85000 0.09233
4 3 1 85000 0.09217
4 3 1 85000 0.09482
4 3 1 85000 0.09589
4 3 1 85000 0.09417
4 3 1 85000 0.09527
4 3 1 85000 0.09397
4 3 1 85000 0.09417
4 3 1 85000 0.09478
4 3 1 85000 0.09317
4 3 1 85000 0.09544
4 3 1 85000 0.09446
4 3 1 85000 0.09543
4 3 1 85000 0.09478
4 3 1 85000 0.09255
4 3 1 85000 0.09256
4 3 1 85000 0.09199
4 3 1 85000 0.09202
4 3 1 85000 0.09538
4 3 1 75000 0.08161
4 3 1 75000 0.0809
4 3 1 75000 0.08341
4 3 1 75000 0.08037
4 3 1 75000 0.08305
4 3 1 75000 0.08195
4 3 1 75000 0.08173
4 3 1 75000 0.08125
4 3 1 75000 0.0854
4 3 1 75000 0.08325
4 3 1 75000 0.08349
4 3 1 75000 0.08499
4 3 1 75000 0.084
4 3 1 75000 0.08526
4 3 1 75000 0.08488
4 3 1 75000 0.08343
4 3 1 75000 0.08319
4 3 1 75000 0.08423
4 3 1 75000 0.08416
4 3 1 75000 0.08393
4 3 1 75000 0.08906
4 3 1 75000 0.08405
4 3 1 75000 0.08383
4 3 1 75000 0.08429
4 3 1 75000 0.08298
4 3 1 50000 0.05943
4 3 1 50000 0.06038
4 3 1 50000 0.05951
4 3 1 50000 0.05816
4 3 1 50000 0.06074
4 3 1 50000 0.05751
4 3 1 50000 0.05896
4 3 1 50000 0.06056
4 3 1 50000 0.06008
4 3 1 50000 0.06077
4 3 1 50000 0.06163
4 3 1 50000 0.06154
4 3 1 50000 0.06082
4 3 1 50000 0.06101
4 3 1 50000 0.06029
4 3 1 50000 0.06021
4 3 1 50000 0.061
4 3 1 50000 0.0606
4 3 1 50000 0.05959
4 3 1 50000 0.062
4 3 1 50000 0.06215
4 3 1 50000 0.06107
4 3 1 50000 0.06196
4 3 1 50000 0.06364
4 3 1 50000 0.06014
4 3 1 35000 0.04124
4 3 1 35000 0.04278
4 3 1 35000 0.04262
4 3 1 35000 0.04084
4 3 1 35000 0.04287
4 3 1 35000 0.04244
4 3 1 35000 0.0419
4 3 1 35000 0.04219
4 3 1 35000 0.04285
4 3 1 35000 0.04262
4 3 1 35000 0.04725
4 3 1 35000 0.04394
4 3 1 35000 0.0432
4 3 1 35000 0.04363
4 3 1 35000 0.04498
4 3 1 35000 0.0442
4 3 1 35000 0.04422
4 3 1 35000 0.0431
4 3 1 35000 0.04371
4 3 1 35000 0.04393
4 3 1 35000 0.04393
4 3 1 35000 0.04411
4 3 1 35000 0.0436
4 3 1 35000 0.04393
4 3 1 35000 0.04499
4 3 1 25000 0.02699
4 3 1 25000 0.02879
4 3 1 25000 0.02707
4 3 1 25000 0.02706
4 3 1 25000 0.02811
4 3 1 25000 0.02773
4 3 1 25000 0.02771
4 3 1 25000 0.02716
4 3 1 25000 0.02848
4 3 1 25000 0.02959
4 3 1 25000 0.02926
4 3 1 25000 0.02991
4 3 1 25000 0.02988
4 3 1 25000 0.02831
4 3 1 25000 0.02996
4 3 1 25000 0.02955
4 3 1 25000 0.03062
4 3 1 25000 0.03043
4 3 1 25000 0.02877
4 3 1 25000 0.0282
4 3 1 25000 0.02844
4 3 1 25000 0.02738
4 3 1 25000 0.02985
4 3 1 25000 0.02897
4 3 1 25000 0.02938
4 3 1 15000 0.01782
4 3 1 15000 0.0169
4 3 1 15000 0.01737
4 3 1 15000 0.01706
4 3 1 15000 0.01711
4 3 1 15000 0.01741
4 3 1 15000 0.01725
4 3 1 15000 0.01711
4 3 1 15000 0.01837
4 3 1 15000 0.01845
4 3 1 15000 0.01795
4 3 1 15000 0.01885
4 3 1 15000 0.01841
4 3 1 15000 0.01792
4 3 1 15000 0.01772
4 3 1 15000 0.01869
4 3 1 15000 0.01822
4 3 1 15000 0.01822
4 3 1 15000 0.01871
4 3 1 15000 0.01806
4 3 1 15000 0.01843
4 3 1 15000 0.01851
4 3 1 15000 0.01785
4 3 1 15000 0.01838
4 3 1 15000 0.01787
4 3 1 10000 0.01259
4 3 1 10000 0.01215
4 3 1 10000 0.01253
4 3 1 10000 0.01237
4 3 1 10000 0.01247
4 3 1 10000 0.01278
4 3 1 10000 0.01211
4 3 1 10000 0.01213
4 3 1 10000 0.01299
4 3 1 10000 0.01325
4 3 1 10000 0.01277
4 3 1 10000 0.01308
4 3 1 10000 0.01268
4 3 1 10000 0.01272
4 3 1 10000 0.01302
4 3 1 10000 0.01274
4 3 1 10000 0.01248
4 3 1 10000 0.0132
4 3 1 10000 0.01315
4 3 1 10000 0.0129
4 3 1 10000 0.01303
4 3 1 10000 0.01369
4 3 1 10000 0.0125
4 3 1 10000 0.01271
4 3 1 10000 0.01347
4 3 2 113560 0.1181
4 3 2 113422 0.1189
4 3 2 113372 0.1175
4 3 2 113333 0.1186
4 3 2 113309 0.118
4 3 2 113064 0.1127
4 3 2 112748 0.1143
4 3 2 112744 0.1145
4 3 2 112675 0.1121
4 3 2 112316 0.1124
4 3 2 111494 0.1163
4 3 2 111494 0.1158
4 3 2 109514 0.1108
4 3 2 109514 0.1112
4 3 2 108880 0.1118
4 3 2 108788 0.1104
4 3 2 107922 0.1108
4 3 2 107532 0.112
4 3 2 107314 0.1112
4 3 2 106420 0.1092
4 3 2 105607 0.1104
4 3 2 105232 0.1097
4 3 2 104038 0.1089
4 3 2 102404 0.1074
4 3 2 97508 0.1047
4 3 2 94753 0.1026
4 3 2 94740 0.1015
4 3 2 94490 0.1342
4 3 2 94310 0.1352
4 3 2 94199 0.137
4 3 2 93986 0.1363
4 3 2 93849 0.1317
4 3 2 93811 0.1318
4 3 2 93616 0.1352
4 3 2 93416 0.1368
4 3 2 93347 0.138
4 3 2 93296 0.1355
4 3 2 91926 0.1338
4 3 2 91436 0.1352
4 3 2 91244 0.1346
4 3 2 90828 0.1343
4 3 2 90565 0.1337
4 3 2 89733 0.1233
4 3 2 88372 0.1221
4 3 2 87725 0.1237
4 3 2 86713 0.1216
4 3 2 86713 0.1225
4 3 2 83998 0.1168
4 3 2 83873 0.116
4 3 2 82622 0.117
4 3 2 82599 0.1182
4 3 2 82558 0.1163
4 3 2 82554 0.1155
4 3 2 82545 0.1166
4 3 2 82403 0.1154
4 3 2 82342 0.1151
4 3 2 82266 0.1154
4 3 2 82248 0.1163
4 3 2 82210 0.114
4 3 2 82164 0.1117
4 3 2 82088 0.1142
4 3 2 81984 0.1101
4 3 2 81815 0.1157
4 3 2 81688 0.1152
4 3 2 81544 0.1133
4 3 2 80886 0.1135
4 3 2 80418 0.1109
4 3 2 79763 0.1113
4 3 2 79308 0.1107
4 3 2 78711 0.1113
4 3 2 78650 0.1136
4 3 2 78408 0.1103
4 3 2 76962 0.109
4 3 2 76453 0.1079
4 3 2 74923 0.1059
4 3 2 53389 0.07812
4 3 2 53383 0.07738
4 3 2 53381 0.07909
4 3 2 53371 0.07763
4 3 2 53354 0.07666
4 3 2 53332 0.0758
4 3 2 53309 0.07712
4 3 2 53282 0.07924
4 3 2 53262 0.07956
4 3 2 53238 0.07724
4 3 2 53228 0.0752
4 3 2 53202 0.07549
4 3 2 53148 0.07592
4 3 2 53117 0.0785
4 3 2 53060 0.07614
4 3 2 52889 0.07805
4 3 2 52884 0.07601
4 3 2 52606 0.07514
4 3 2 51614 0.07661
4 3 2 51168 0.07337
4 3 2 50712 0.0736
4 3 2 48960 0.06764
4 3 2 48960 0.05949
4 3 2 46633 0.05776
4 3 2 46454 0.0591
4 3 2 36662 0.0447
4 3 2 36662 0.04481
4 3 2 36662 0.04457
4 3 2 36662 0.04462
4 3 2 36649 0.04588
4 3 2 36646 0.04586
4 3 2 36641 0.04378
4 3 2 36633 0.0437
4 3 2 36631 0.0436
4 3 2 36607 0.04309
4 3 2 36594 0.04491
4 3 2 36589 0.04403
4 3 2 36574 0.04505
4 3 2 36571 0.04208
4 3 2 36564 0.04344
4 3 2 36547 0.04336
4 3 2 36434 0.04283
4 3 2 36317 0.04388
4 3 2 36191 0.04273
4 3 2 35732 0.04302
4 3 2 35385 0.04351
4 3 2 34737 0.04279
4 3 2 34727 0.04245
4 3 2 33700 0.04122
4 3 2 33540 0.03923
4 3 2 25848 0.02977
4 3 2 25848 0.02965
4 3 2 25844 0.03031
4 3 2 25836 0.02773
4 3 2 25836 0.03008
4 3 2 25834 0.03054
4 3 2 25829 0.02864
4 3 2 25816 0.02977
4 3 2 25814 0.02868
4 3 2 25807 0.02846
4 3 2 25781 0.02845
4 3 2 25773 0.02711
4 3 2 25740 0.0291
4 3 2 25718 0.02873
4 3 2 25655 0.02957
4 3 2 25397 0.02913
4 3 2 25373 0.02919
4 3 2 25144 0.02736
4 3 2 25137 0.0283
4 3 2 25040 0.02931
4 3 2 24680 0.02707
4 3 2 24641 0.02944
4 3 2 24316 0.02859
4 3 2 24217 0.02662
4 3 2 24215 0.02625
4 3 2 15305 0.01834
4 3 2 15304 0.01789
4 3 2 15303 0.019
4 3 2 15303 0.01824
4 3 2 15303 0.01898
4 3 2 15302 0.01805
4 3 2 15302 0.01845
4 3 2 15301 0.01847
4 3 2 15301 0.01846
4 3 2 15300 0.01682
4 3 2 15300 0.01898
4 3 2 15299 0.01818
4 3 2 15296 0.0179
4 3 2 15294 0.0179
4 3 2 15290 0.0189
4 3 2 15287 0.01721
4 3 2 15283 0.0175
4 3 2 15279 0.01753
4 3 2 15257 0.01819
4 3 2 15250 0.0181
4 3 2 15136 0.01813
4 3 2 15113 0.01843
4 3 2 15022 0.01799
4 3 2 15001 0.01871
4 3 2 14773 0.01864
4 3 2 10135 0.01299
4 3 2 10135 0.013
4 3 2 10134 0.01273
4 3 2 10134 0.01311
4 3 2 10134 0.01302
4 3 2 10133 0.01273
4 3 2 10133 0.01259
4 3 2 10133 0.01266
4 3 2 10132 0.01317
4 3 2 10131 0.01256
4 3 2 10130 0.01277
4 3 2 10129 0.01271
4 3 2 10128 0.0125
4 3 2 10127 0.01223
4 3 2 10126 0.01247
4 3 2 10124 0.0134
4 3 2 10118 0.01293
4 3 2 10108 0.01251
4 3 2 10066 0.01258
4 3 2 10058 0.01376
4 3 2 10025 0.01301
4 3 2 9983 0.01305
4 3 2 9958 0.01328
4 3 2 9876 0.01274
4 3 2 9863 0.01314
4 3 3 128868 0.1807
4 3 3 127803 0.1811
4 3 3 127696 0.1747
4 3 3 127300 0.1781
4 3 3 126548 0.1839
4 3 3 125479 0.1802
4 3 3 124040 0.177
4 3 3 123361 0.1854
4 3 3 121959 0.1228
4 3 3 121298 0.1245
4 3 3 120927 0.117
4 3 3 120130 0.1236
4 3 3 119349 0.1238
4 3 3 119163 0.1218
4 3 3 117800 0.1206
4 3 3 117337 0.1195
4 3 3 116585 0.1178
4 3 3 116571 0.1204
4 3 3 115817 0.1224
4 3 3 113652 0.1146
4 3 3 111057 0.1142
4 3 3 106991 0.1112
4 3 3 105704 0.1125
4 3 3 104901 0.1062
4 3 3 104361 0.1076
4 3 3 104075 0.1073
4 3 3 103980 0.106
4 3 3 103352 0.1055
4 3 3 102916 0.1088
4 3 3 102681 0.1104
4 3 3 101522 0.1066
4 3 3 100143 0.1065
4 3 3 99601 0.1058
4 3 3 98987 0.102
4 3 3 98171 0.1023
4 3 3 98084 0.1041
4 3 3 97863 0.1085
4 3 3 97798 0.1042
4 3 3 97618 0.1015
4 3 3 97343 0.09941
4 3 3 95993 0.09996
4 3 3 95899 0.1033
4 3 3 95698 0.1033
4 3 3 93807 0.09881
4 3 3 92715 0.1014
4 3 3 92715 0.1077
4 3 3 90614 0.09794
4 3 3 90576 0.09688
4 3 3 90551 0.09959
4 3 3 90316 0.0962
4 3 3 90025 0.09742
4 3 3 89832 0.09817
4 3 3 89557 0.09489
4 3 3 89415 0.09518
4 3 3 89268 0.09508
4 3 3 89006 0.09385
4 3 3 88708 0.09707
4 3 3 88650 0.09581
4 3 3 87873 0.09123
4 3 3 87547 0.0935
4 3 3 86646 0.09511
4 3 3 86351 0.09418
4 3 3 86163 0.09541
4 3 3 85908 0.09248
4 3 3 85395 0.09233
4 3 3 84684 0.09095
4 3 3 83549 0.09202
4 3 3 82704 0.09243
4 3 3 82656 0.09006
4 3 3 82335 0.08593
4 3 3 81892 0.08989
4 3 3 80922 0.08961
4 3 3 78070 0.088
4 3 3 77404 0.08585
4 3 3 75892 0.08418
4 3 3 56984 0.06878
4 3 3 56966 0.06915
4 3 3 56778 0.06495
4 3 3 56763 0.06536
4 3 3 56621 0.06858
4 3 3 56570 0.06692
4 3 3 56473 0.06674
4 3 3 56389 0.06759
4 3 3 56265 0.06751
4 3 3 56059 0.06496
4 3 3 55805 0.06719
4 3 3 54954 0.06697
4 3 3 54838 0.06848
4 3 3 54692 0.06664
4 3 3 54353 0.06469
4 3 3 53223 0.06718
4 3 3 52996 0.0649
4 3 3 52442 0.06294
4 3 3 52431 0.06049
4 3 3 52374 0.0648
4 3 3 51660 0.06234
4 3 3 51289 0.06405
4 3 3 49929 0.0619
4 3 3 49929 0.06215
4 3 3 49405 0.0623
4 3 3 38380 0.04445
4 3 3 38377 0.04653
4 3 3 38365 0.04589
4 3 3 38360 0.0473
4 3 3 38357 0.04745
4 3 3 38301 0.05404
4 3 3 38272 0.05155
4 3 3 38251 0.05044
4 3 3 38149 0.05354
4 3 3 38115 0.05048
4 3 3 37999 0.05072
4 3 3 37955 0.05263
4 3 3 37850 0.05237
4 3 3 37522 0.05241
4 3 3 37413 0.0513
4 3 3 37251 0.05138
4 3 3 37034 0.053
4 3 3 36457 0.05103
4 3 3 36236 0.05076
4 3 3 36128 0.05172
4 3 3 35090 0.04758
4 3 3 34254 0.04906
4 3 3 33883 0.04714
4 3 3 33539 0.045
4 3 3 33339 0.04417
4 3 3 26722 0.03307
4 3 3 26662 0.03168
4 3 3 26633 0.03042
4 3 3 26624 0.03077
4 3 3 26604 0.03085
4 3 3 26584 0.0308
4 3 3 26531 0.03126
4 3 3 26531 0.03361
4 3 3 26317 0.03338
4 3 3 26236 0.03371
4 3 3 26112 0.03329
4 3 3 25881 0.03242
4 3 3 25881 0.03227
4 3 3 25556 0.03206
4 3 3 25488 0.02992
4 3 3 25471 0.03131
4 3 3 25455 0.03247
4 3 3 25192 0.03125
4 3 3 25064 0.03344
4 3 3 25017 0.03146
4 3 3 24977 0.03145
4 3 3 24961 0.03178
4 3 3 24700 0.03098
4 3 3 24291 0.03016
4 3 3 24124 0.03043
4 3 3 15613 0.02128
4 3 3 15612 0.02094
4 3 3 15611 0.02069
4 3 3 15611 0.02071
4 3 3 15609 0.02046
4 3 3 15605 0.02037
4 3 3 15598 0.02081
4 3 3 15591 0.01948
4 3 3 15586 0.01937
4 3 3 15580 0.02003
4 3 3 15579 0.01953
4 3 3 15571 0.01937
4 3 3 15568 0.0194
4 3 3 15559 0.01937
4 3 3 15554 0.01935
4 3 3 15538 0.02022
4 3 3 15432 0.02028
4 3 3 15420 0.02068
4 3 3 15391 0.01944
4 3 3 15370 0.02057
4 3 3 15217 0.02022
4 3 3 15217 0.02024
4 3 3 15031 0.0202
4 3 3 14988 0.01965
4 3 3 14777 0.01926
4 3 3 10270 0.01499
4 3 3 10266 0.01392
4 3 3 10265 0.01397
4 3 3 10263 0.01395
4 3 3 10261 0.01388
4 3 3 10256 0.0138
4 3 3 10254 0.0139
4 3 3 10249 0.01475
4 3 3 10248 0.01439
4 3 3 10242 0.01507
4 3 3 10212 0.01429
4 3 3 10209 0.01453
4 3 3 10192 0.0131
4 3 3 10190 0.01448
4 3 3 10175 0.01309
4 3 3 10163 0.01407
4 3 3 10153 0.01477
4 3 3 10114 0.0138
4 3 3 10114 0.01405
4 3 3 10089 0.0137
4 3 3 10084 0.01454
4 3 3 10028 0.01351
4 3 3 10021 0.01397
4 3 3 10009 0.01389
4 3 3 9925 0.0143
4 3 4 144263 0.2545
4 3 4 141800 0.2343
4 3 4 141749 0.24
4 3 4 140436 0.2384
4 3 4 139918 0.2341
4 3 4 138069 0.2326
4 3 4 137078 0.2306
4 3 4 134749 0.2301
4 3 4 131443 0.232
4 3 4 131419 0.2305
4 3 4 130684 0.2273
4 3 4 127346 0.2333
4 3 4 126975 0.2082
4 3 4 126111 0.2169
4 3 4 125915 0.2252
4 3 4 124376 0.227
4 3 4 124056 0.2239
4 3 4 121231 0.158
4 3 4 120838 0.1607
4 3 4 117977 0.1576
4 3 4 117977 0.1568
4 3 4 116657 0.1551
4 3 4 116049 0.1527
4 3 4 115154 0.1521
4 3 4 113816 0.1487
4 3 4 113231 0.1494
4 3 4 111206 0.1505
4 3 4 110315 0.1493
4 3 4 109208 0.1487
4 3 4 109208 0.1242
4 3 4 108479 0.1056
4 3 4 107119 0.1117
4 3 4 106940 0.1091
4 3 4 106183 0.1159
4 3 4 104841 0.1171
4 3 4 103633 0.1089
4 3 4 103328 0.1083
4 3 4 102865 0.1105
4 3 4 102351 0.1068
4 3 4 102338 0.1113
4 3 4 101433 0.1076
4 3 4 100929 0.1064
4 3 4 99909 0.1076
4 3 4 99147 0.1066
4 3 4 99147 0.1048
4 3 4 98552 0.1022
4 3 4 97839 0.1039
4 3 4 97769 0.1039
4 3 4 97737 0.1016
4 3 4 97551 0.1024
4 3 4 97505 0.1042
4 3 4 96963 0.1033
4 3 4 96402 0.1001
4 3 4 96148 0.1022
4 3 4 95594 0.09993
4 3 4 95376 0.1018
4 3 4 95265 0.1008
4 3 4 94695 0.1023
4 3 4 94695 0.1026
4 3 4 93609 0.09832
4 3 4 93329 0.09743
4 3 4 92406 0.09817
4 3 4 91084 0.09875
4 3 4 90172 0.09909
4 3 4 88949 0.09469
4 3 4 88727 0.09649
4 3 4 88367 0.09388
4 3 4 87374 0.1009
4 3 4 85044 0.09422
4 3 4 84771 0.09417
4 3 4 83571 0.09107
4 3 4 81960 0.08984
4 3 4 81960 0.09029
4 3 4 80657 0.08825
4 3 4 73761 0.08383
4 3 4 60822 0.07278
4 3 4 60489 0.07568
4 3 4 60344 0.07187
4 3 4 60282 0.07009
4 3 4 59989 0.07161
4 3 4 59963 0.07014
4 3 4 59836 0.07161
4 3 4 58421 0.07145
4 3 4 58380 0.06885
4 3 4 57892 0.06594
4 3 4 57717 0.07102
4 3 4 57230 0.06736
4 3 4 56997 0.07108
4 3 4 56828 0.06945
4 3 4 56653 0.0696
4 3 4 56005 0.06903
4 3 4 55919 0.06785
4 3 4 54719 0.06511
4 3 4 53902 0.06516
4 3 4 53266 0.06521
4 3 4 52758 0.0627
4 3 4 51977 0.06333
4 3 4 51568 0.06465
4 3 4 50634 0.06104
4 3 4 44673 0.05448
4 3 4 40143 0.04904
4 3 4 40076 0.04738
4 3 4 40045 0.04937
4 3 4 39929 0.04569
4 3 4 39835 0.04718
4 3 4 39774 0.0477
4 3 4 39728 0.04653
4 3 4 39627 0.04757
4 3 4 39008 0.04834
4 3 4 38809 0.0473
4 3 4 38605 0.04615
4 3 4 38556 0.04645
4 3 4 38467 0.04592
4 3 4 38103 0.04478
4 3 4 37936 0.04682
4 3 4 37801 0.04637
4 3 4 37719 0.04507
4 3 4 37518 0.0435
4 3 4 37317 0.04534
4 3 4 36720 0.04407
4 3 4 35924 0.04438
4 3 4 35849 0.04493
4 3 4 34887 0.04251
4 3 4 34657 0.0422
4 3 4 32029 0.03701
4 3 4 27591 0.03215
4 3 4 27539 0.03068
4 3 4 27500 0.02889
4 3 4 27463 0.03022
4 3 4 27450 0.03092
4 3 4 27394 0.0313
4 3 4 26945 0.02966
4 3 4 26688 0.03337
4 3 4 26650 0.03124
4 3 4 26441 0.02977
4 3 4 26325 0.03045
4 3 4 26252 0.02893
4 3 4 26193 0.02912
4 3 4 26139 0.03083
4 3 4 26038 0.03169
4 3 4 26019 0.03079
4 3 4 25854 0.03153
4 3 4 25820 0.03004
4 3 4 25658 0.02976
4 3 4 25530 0.02938
4 3 4 25424 0.02993
4 3 4 24806 0.02993
4 3 4 24555 0.02856
4 3 4 24178 0.02843
4 3 4 23808 0.02816
4 3 4 15928 0.01897
4 3 4 15924 0.01958
4 3 4 15917 0.01989
4 3 4 15906 0.01864
4 3 4 15899 0.01878
4 3 4 15894 0.01861
4 3 4 15885 0.0186
4 3 4 15883 0.01967
4 3 4 15875 0.01886
4 3 4 15858 0.01971
4 3 4 15852 0.01858
4 3 4 15845 0.01968
4 3 4 15768 0.01848
4 3 4 15705 0.0189
4 3 4 15704 0.01963
4 3 4 15632 0.01961
4 3 4 15632 0.01958
4 3 4 15589 0.01883
4 3 4 15516 0.02019
4 3 4 15329 0.01917
4 3 4 15329 0.01915
4 3 4 15293 0.01888
4 3 4 15273 0.01871
4 3 4 15077 0.01843
4 3 4 15073 0.01868
4 3 4 10397 0.01347
4 3 4 10394 0.01454
4 3 4 10391 0.01345
4 3 4 10391 0.01409
4 3 4 10389 0.01387
4 3 4 10382 0.01346
4 3 4 10381 0.01379
4 3 4 10370 0.01448
4 3 4 10343 0.01386
4 3 4 10300 0.01382
4 3 4 10297 0.01412
4 3 4 10290 0.01422
4 3 4 10258 0.01417
4 3 4 10250 0.01454
4 3 4 10221 0.01358
4 3 4 10208 0.01372
4 3 4 10178 0.01311
4 3 4 10160 0.01366
4 3 4 10154 0.01317
4 3 4 10102 0.01319
4 3 4 10101 0.01335
4 3 4 10073 0.01369
4 3 4 10052 0.01296
4 3 4 9930 0.01315
4 3 4 9888 0.01301
4 3 5 158428 0.1963
4 3 5 158134 0.1952
4 3 5 156379 0.1951
4 3 5 155976 0.1982
4 3 5 152619 0.204
4 3 5 151046 0.2038
4 3 5 149881 0.188
4 3 5 146930 0.1965
4 3 5 146733 0.1933
4 3 5 143194 0.1942
4 3 5 140798 0.1943
4 3 5 140798 0.1952
4 3 5 138621 0.1953
4 3 5 136473 0.1904
4 3 5 136432 0.1958
4 3 5 134649 0.1861
4 3 5 132620 0.1949
4 3 5 128106 0.1771
4 3 5 128076 0.2024
4 3 5 126911 0.1766
4 3 5 125790 0.1761
4 3 5 125426 0.1726
4 3 5 124820 0.1796
4 3 5 123427 0.1836
4 3 5 121742 0.1194
4 3 5 120616 0.1222
4 3 5 119922 0.1188
4 3 5 118588 0.1229
4 3 5 118030 0.1172
4 3 5 117772 0.1203
4 3 5 117223 0.1188
4 3 5 115204 0.1146
4 3 5 114546 0.1155
4 3 5 114424 0.1163
4 3 5 112982 0.1134
4 3 5 111008 0.1133
4 3 5 109914 0.1162
4 3 5 109740 0.1145
4 3 5 109145 0.1142
4 3 5 108250 0.11
4 3 5 107633 0.114
4 3 5 107080 0.112
4 3 5 105612 0.1079
4 3 5 105550 0.111
4 3 5 104706 0.1066
4 3 5 104188 0.1118
4 3 5 103802 0.109
4 3 5 103539 0.1109
4 3 5 102744 0.1056
4 3 5 101826 0.1074
4 3 5 101569 0.1076
4 3 5 100658 0.1022
4 3 5 99686 0.1055
4 3 5 99616 0.1029
4 3 5 98518 0.1037
4 3 5 97844 0.1032
4 3 5 96555 0.1037
4 3 5 95877 0.09969
4 3 5 95806 0.1014
4 3 5 95374 0.1016
4 3 5 92950 0.1024
4 3 5 92950 0.1017
4 3 5 92854 0.1003
4 3 5 92427 0.1006
4 3 5 91379 0.09874
4 3 5 90902 0.09942
4 3 5 89887 0.09252
4 3 5 89887 0.0921
4 3 5 88437 0.0947
4 3 5 87972 0.09571
4 3 5 87846 0.09461
4 3 5 86169 0.0953
4 3 5 83354 0.09175
4 3 5 82599 0.08928
4 3 5 77894 0.08936
4 3 5 64389 0.07399
4 3 5 64271 0.07313
4 3 5 63869 0.07201
4 3 5 63772 0.07131
4 3 5 63389 0.07073
4 3 5 61855 0.06678
4 3 5 61849 0.07183
4 3 5 61464 0.0701
4 3 5 61042 0.07069
4 3 5 60861 0.06778
4 3 5 60445 0.07259
4 3 5 60107 0.07343
4 3 5 59258 0.06788
4 3 5 56859 0.06941
4 3 5 56859 0.06926
4 3 5 56799 0.06622
4 3 5 54527 0.06204
4 3 5 54411 0.06703
4 3 5 54230 0.06558
4 3 5 54153 0.06637
4 3 5 52946 0.06453
4 3 5 51162 0.06128
4 3 5 49467 0.0594
4 3 5 48860 0.05897
4 3 5 47696 0.05789
4 3 5 41935 0.04915
4 3 5 41776 0.0493
4 3 5 41711 0.04756
4 3 5 41580 0.04833
4 3 5 41528 0.04753
4 3 5 41381 0.04724
4 3 5 40642 0.05024
4 3 5 40247 0.04756
4 3 5 39862 0.04768
4 3 5 39862 0.04768
4 3 5 39737 0.04768
4 3 5 39578 0.0477
4 3 5 39486 0.04819
4 3 5 39202 0.04517
4 3 5 38491 0.04674
4 3 5 38388 0.04427
4 3 5 38335 0.04618
4 3 5 38255 0.04678
4 3 5 38108 0.04203
4 3 5 37724 0.04455
4 3 5 36691 0.04583
4 3 5 36517 0.04618
4 3 5 35995 0.04459
4 3 5 35691 0.04447
4 3 5 31994 0.03757
4 3 5 28492 0.03141
4 3 5 28381 0.03112
4 3 5 28320 0.02912
4 3 5 28197 0.031
4 3 5 28071 0.03043
4 3 5 27629 0.02998
4 3 5 27544 0.0313
4 3 5 27496 0.03007
4 3 5 27400 0.03041
4 3 5 27266 0.03231
4 3 5 26981 0.03052
4 3 5 26755 0.02891
4 3 5 26689 0.03186
4 3 5 26314 0.03057
4 3 5 26282 0.03064
4 3 5 26191 0.0298
4 3 5 26094 0.03029
4 3 5 26072 0.03031
4 3 5 26051 0.0307
4 3 5 25924 0.02993
4 3 5 25365 0.02913
4 3 5 25365 0.02899
4 3 5 24737 0.03016
4 3 5 24418 0.02745
4 3 5 24259 0.02887
4 3 5 16242 0.02021
4 3 5 16223 0.01767
4 3 5 16210 0.01874
4 3 5 16181 0.01872
4 3 5 16167 0.01841
4 3 5 16164 0.02001
4 3 5 16091 0.01833
4 3 5 16022 0.0204
4 3 5 16007 0.01811
4 3 5 15943 0.01995
4 3 5 15896 0.0197
4 3 5 15834 0.01747
4 3 5 15753 0.01804
4 3 5 15714 0.01899
4 3 5 15658 0.01961
4 3 5 15621 0.01858
4 3 5 15598 0.01951
4 3 5 15596 0.0182
4 3 5 15566 0.01853
4 3 5 15531 0.01969
4 3 5 15463 0.01933
4 3 5 15439 0.01968
4 3 5 15377 0.0189
4 3 5 15048 0.01863
4 3 5 15048 0.01855
4 3 5 10531 0.01258
4 3 5 10528 0.01273
4 3 5 10523 0.01322
4 3 5 10515 0.01281
4 3 5 10508 0.01459
4 3 5 10503 0.0135
4 3 5 10483 0.01383
4 3 5 10450 0.01363
4 3 5 10423 0.0139
4 3 5 10390 0.01438
4 3 5 10387 0.01311
4 3 5 10373 0.01428
4 3 5 10331 0.01404
4 3 5 10301 0.01407
4 3 5 10298 0.01457
4 3 5 10291 0.01445
4 3 5 10257 0.01391
4 3 5 10238 0.01313
4 3 5 10170 0.01283
4 3 5 10134 0.01355
4 3 5 10108 0.0127
4 3 5 10006 0.01216
4 3 5 10000 0.01313
4 3 5 9944 0.01274
4 3 5 9925 0.01303
