4 0 1 100000 0.1089
4 0 1 100000 0.1064
4 0 1 100000 0.1008
4 0 1 100000 0.09973
4 0 1 100000 0.1091
4 0 1 100000 0.1136
4 0 1 100000 0.1019
4 0 1 100000 0.1037
4 0 1 100000 0.1013
4 0 1 100000 0.1027
4 0 1 100000 0.09955
4 0 1 100000 0.103
4 0 1 100000 0.1048
4 0 1 100000 0.1008
4 0 1 100000 0.1027
4 0 1 100000 0.101
4 0 1 100000 0.1303
4 0 1 100000 0.126
4 0 1 100000 0.1329
4 0 1 100000 0.137
4 0 1 100000 0.1504
4 0 1 100000 0.1508
4 0 1 100000 0.1501
4 0 1 100000 0.1434
4 0 1 100000 0.1318
4 0 1 85000 0.1022
4 0 1 85000 0.115
4 0 1 85000 0.1138
4 0 1 85000 0.1126
4 0 1 85000 0.1062
4 0 1 85000 0.08743
4 0 1 85000 0.0857
4 0 1 85000 0.09166
4 0 1 85000 0.08997
4 0 1 85000 0.09068
4 0 1 85000 0.08867
4 0 1 85000 0.08895
4 0 1 85000 0.08883
4 0 1 85000 0.08768
4 0 1 85000 0.09028
4 0 1 85000 0.08993
4 0 1 85000 0.1186
4 0 1 85000 0.1192
4 0 1 85000 0.1171
4 0 1 85000 0.1182
4 0 1 85000 0.1175
4 0 1 85000 0.1133
4 0 1 85000 0.1187
4 0 1 85000 0.1177
4 0 1 85000 0.1181
4 0 1 75000 0.08185
4 0 1 75000 0.08165
4 0 1 75000 0.08153
4 0 1 75000 0.08405
4 0 1 75000 0.08236
4 0 1 75000 0.08053
4 0 1 75000 0.08013
4 0 1 75000 0.08101
4 0 1 75000 0.08116
4 0 1 75000 0.07993
4 0 1 75000 0.08221
4 0 1 75000 0.07782
4 0 1 75000 0.08144
4 0 1 75000 0.0794
4 0 1 75000 0.08064
4 0 1 75000 0.08007
4 0 1 75000 0.1043
4 0 1 75000 0.1085
4 0 1 75000 0.1089
4 0 1 75000 0.1084
4 0 1 75000 0.109
4 0 1 75000 0.1069
4 0 1 75000 0.1072
4 0 1 75000 0.107
4 0 1 75000 0.1087
4 0 1 50000 0.05855
4 0 1 50000 0.05842
4 0 1 50000 0.05918
4 0 1 50000 0.05956
4 0 1 50000 0.06075
4 0 1 50000 0.05832
4 0 1 50000 0.06167
4 0 1 50000 0.05805
4 0 1 50000 0.05891
4 0 1 50000 0.06246
4 0 1 50000 0.06065
4 0 1 50000 0.05845
4 0 1 50000 0.06199
4 0 1 50000 0.05779
4 0 1 50000 0.05985
4 0 1 50000 0.06188
4 0 1 50000 0.08473
4 0 1 50000 0.0846
4 0 1 50000 0.08363
4 0 1 50000 0.084
4 0 1 50000 0.08452
4 0 1 50000 0.0859
4 0 1 50000 0.08461
4 0 1 50000 0.08779
4 0 1 50000 0.08533
4 0 1 35000 0.04141
4 0 1 35000 0.04353
4 0 1 35000 0.04278
4 0 1 35000 0.04325
4 0 1 35000 0.04204
4 0 1 35000 0.04298
4 0 1 35000 0.04247
4 0 1 35000 0.04321
4 0 1 35000 0.04198
4 0 1 35000 0.04324
4 0 1 35000 0.04269
4 0 1 35000 0.04164
4 0 1 35000 0.04331
4 0 1 35000 0.04296
4 0 1 35000 0.04304
4 0 1 35000 0.04199
4 0 1 35000 0.06167
4 0 1 35000 0.06182
4 0 1 35000 0.06151
4 0 1 35000 0.06214
4 0 1 35000 0.06359
4 0 1 35000 0.0623
4 0 1 35000 0.06205
4 0 1 35000 0.06088
4 0 1 35000 0.06217
4 0 1 25000 0.02879
4 0 1 25000 0.027
4 0 1 25000 0.02709
4 0 1 25000 0.02672
4 0 1 25000 0.0254
4 0 1 25000 0.02864
4 0 1 25000 0.02757
4 0 1 25000 0.02786
4 0 1 25000 0.02737
4 0 1 25000 0.02786
4 0 1 25000 0.02798
4 0 1 25000 0.02673
4 0 1 25000 0.02819
4 0 1 25000 0.02741
4 0 1 25000 0.028
4 0 1 25000 0.02782
4 0 1 25000 0.04482
4 0 1 25000 0.04516
4 0 1 25000 0.04562
4 0 1 25000 0.04538
4 0 1 25000 0.04639
4 0 1 25000 0.04505
4 0 1 25000 0.04562
4 0 1 25000 0.04506
4 0 1 25000 0.04573
4 0 1 15000 0.01766
4 0 1 15000 0.01798
4 0 1 15000 0.01774
4 0 1 15000 0.01753
4 0 1 15000 0.01715
4 0 1 15000 0.01735
4 0 1 15000 0.0176
4 0 1 15000 0.01736
4 0 1 15000 0.01773
4 0 1 15000 0.0165
4 0 1 15000 0.01752
4 0 1 15000 0.01683
4 0 1 15000 0.01755
4 0 1 15000 0.01775
4 0 1 15000 0.01771
4 0 1 15000 0.01716
4 0 1 15000 0.02822
4 0 1 15000 0.02784
4 0 1 15000 0.02831
4 0 1 15000 0.0277
4 0 1 15000 0.02792
4 0 1 15000 0.02753
4 0 1 15000 0.02834
4 0 1 15000 0.0277
4 0 1 15000 0.02802
4 0 1 10000 0.01264
4 0 1 10000 0.01306
4 0 1 10000 0.01313
4 0 1 10000 0.01255
4 0 1 10000 0.01313
4 0 1 10000 0.01221
4 0 1 10000 0.01271
4 0 1 10000 0.01356
4 0 1 10000 0.01317
4 0 1 10000 0.01268
4 0 1 10000 0.01329
4 0 1 10000 0.01265
4 0 1 10000 0.01285
4 0 1 10000 0.01339
4 0 1 10000 0.01243
4 0 1 10000 0.01269
4 0 1 10000 0.01985
4 0 1 10000 0.01986
4 0 1 10000 0.01994
4 0 1 10000 0.02014
4 0 1 10000 0.02003
4 0 1 10000 0.01957
4 0 1 10000 0.0199
4 0 1 10000 0.02007
4 0 1 10000 0.01947
4 0 2 113482 0.1124
4 0 2 113442 0.129
4 0 2 113252 0.133
4 0 2 113252 0.1367
4 0 2 113106 0.1237
4 0 2 113106 0.1137
4 0 2 113088 0.1427
4 0 2 112992 0.1114
4 0 2 112992 0.1275
4 0 2 112891 0.1194
4 0 2 112864 0.1099
4 0 2 112806 0.1112
4 0 2 112805 0.1121
4 0 2 112752 0.1113
4 0 2 112662 0.1093
4 0 2 112345 0.1427
4 0 2 112164 0.1107
4 0 2 112119 0.1113
4 0 2 107949 0.14
4 0 2 105374 0.1382
4 0 2 102017 0.1321
4 0 2 101280 0.132
4 0 2 98466 0.1301
4 0 2 97701 0.13
4 0 2 94670 0.09911
4 0 2 94667 0.09864
4 0 2 94571 0.09889
4 0 2 94554 0.1269
4 0 2 94514 0.09642
4 0 2 94475 0.09766
4 0 2 94455 0.09755
4 0 2 94408 0.09667
4 0 2 94351 0.09651
4 0 2 94300 0.09591
4 0 2 94221 0.101
4 0 2 94161 0.09509
4 0 2 94034 0.09634
4 0 2 93959 0.09814
4 0 2 93925 0.09743
4 0 2 93473 0.09285
4 0 2 93246 0.1228
4 0 2 92724 0.1245
4 0 2 91502 0.09571
4 0 2 91098 0.1231
4 0 2 88685 0.1182
4 0 2 86218 0.1171
4 0 2 83747 0.1169
4 0 2 82631 0.08954
4 0 2 82497 0.08676
4 0 2 82472 0.08687
4 0 2 82461 0.08771
4 0 2 82458 0.087
4 0 2 82441 0.08866
4 0 2 82423 0.08767
4 0 2 82419 0.08801
4 0 2 82392 0.08804
4 0 2 82362 0.08658
4 0 2 82288 0.08793
4 0 2 82261 0.08715
4 0 2 82238 0.08578
4 0 2 82173 0.08877
4 0 2 82053 0.08998
4 0 2 81984 0.08642
4 0 2 81923 0.08932
4 0 2 81384 0.1151
4 0 2 79773 0.08618
4 0 2 79773 0.08504
4 0 2 79257 0.1119
4 0 2 78360 0.1113
4 0 2 76124 0.1089
4 0 2 76003 0.1099
4 0 2 74834 0.1098
4 0 2 73893 0.1062
4 0 2 71590 0.1036
4 0 2 70017 0.1042
4 0 2 53375 0.08723
4 0 2 53372 0.06517
4 0 2 53360 0.06556
4 0 2 53347 0.0631
4 0 2 53332 0.06453
4 0 2 53326 0.06461
4 0 2 53293 0.06431
4 0 2 53292 0.06254
4 0 2 53287 0.06447
4 0 2 53265 0.06377
4 0 2 53244 0.06468
4 0 2 53231 0.06258
4 0 2 53210 0.06274
4 0 2 53192 0.06287
4 0 2 53169 0.0643
4 0 2 53151 0.06598
4 0 2 53110 0.06597
4 0 2 53060 0.0881
4 0 2 52130 0.08726
4 0 2 51984 0.06087
4 0 2 51411 0.08813
4 0 2 50999 0.08562
4 0 2 50027 0.08353
4 0 2 49259 0.0827
4 0 2 46786 0.08052
4 0 2 36662 0.04418
4 0 2 36662 0.04419
4 0 2 36662 0.06401
4 0 2 36647 0.04387
4 0 2 36647 0.04373
4 0 2 36634 0.06415
4 0 2 36617 0.04336
4 0 2 36617 0.04335
4 0 2 36613 0.04214
4 0 2 36608 0.04239
4 0 2 36600 0.06362
4 0 2 36585 0.04378
4 0 2 36580 0.0428
4 0 2 36580 0.04259
4 0 2 36572 0.04446
4 0 2 36548 0.04403
4 0 2 36459 0.04392
4 0 2 36423 0.04282
4 0 2 36122 0.06353
4 0 2 36074 0.06352
4 0 2 35938 0.06282
4 0 2 35612 0.06284
4 0 2 34825 0.06214
4 0 2 34650 0.06028
4 0 2 33687 0.05874
4 0 2 25848 0.04649
4 0 2 25845 0.02806
4 0 2 25842 0.02883
4 0 2 25840 0.02879
4 0 2 25836 0.02805
4 0 2 25836 0.0282
4 0 2 25828 0.02877
4 0 2 25826 0.02859
4 0 2 25820 0.0282
4 0 2 25820 0.0283
4 0 2 25819 0.02805
4 0 2 25816 0.02808
4 0 2 25814 0.02913
4 0 2 25806 0.02713
4 0 2 25804 0.02751
4 0 2 25791 0.02894
4 0 2 25789 0.02944
4 0 2 25736 0.04622
4 0 2 25593 0.04613
4 0 2 25311 0.02781
4 0 2 25123 0.02842
4 0 2 24949 0.04511
4 0 2 24513 0.04517
4 0 2 24392 0.04353
4 0 2 24266 0.0442
4 0 2 15304 0.01834
4 0 2 15303 0.01791
4 0 2 15302 0.01827
4 0 2 15302 0.01807
4 0 2 15300 0.01778
4 0 2 15300 0.01792
4 0 2 15299 0.01819
4 0 2 15299 0.01815
4 0 2 15298 0.01765
4 0 2 15298 0.01808
4 0 2 15298 0.01808
4 0 2 15298 0.02896
4 0 2 15295 0.01764
4 0 2 15291 0.01801
4 0 2 15289 0.0171
4 0 2 15288 0.01768
4 0 2 15283 0.02839
4 0 2 15267 0.02857
4 0 2 15262 0.02863
4 0 2 15043 0.02831
4 0 2 15031 0.02808
4 0 2 14923 0.02833
4 0 2 14923 0.02848
4 0 2 14784 0.02777
4 0 2 14715 0.02793
4 0 2 10134 0.0134
4 0 2 10134 0.01317
4 0 2 10133 0.01316
4 0 2 10133 0.01318
4 0 2 10133 0.02044
4 0 2 10132 0.01327
4 0 2 10132 0.01298
4 0 2 10132 0.02052
4 0 2 10131 0.0129
4 0 2 10130 0.01287
4 0 2 10129 0.01289
4 0 2 10128 0.01268
4 0 2 10128 0.01248
4 0 2 10128 0.01285
4 0 2 10127 0.01281
4 0 2 10126 0.01319
4 0 2 10126 0.01319
4 0 2 10118 0.02043
4 0 2 10099 0.02002
4 0 2 10075 0.02033
4 0 2 10048 0.01994
4 0 2 10030 0.01994
4 0 2 9989 0.0196
4 0 2 9984 0.02012
4 0 2 9869 0.02011
4 0 3 128063 0.1723
4 0 3 128063 0.172
4 0 3 127856 0.1792
4 0 3 127813 0.1823
4 0 3 127536 0.1839
4 0 3 127535 0.179
4 0 3 127478 0.1757
4 0 3 127451 0.1812
4 0 3 127408 0.1766
4 0 3 127383 0.1777
4 0 3 127280 0.1811
4 0 3 127280 0.1834
4 0 3 126966 0.176
4 0 3 126966 0.174
4 0 3 125444 0.2614
4 0 3 125158 0.1796
4 0 3 124445 0.1778
4 0 3 122520 0.1524
4 0 3 115602 0.1457
4 0 3 113545 0.1439
4 0 3 109806 0.1439
4 0 3 105164 0.1584
4 0 3 105017 0.1563
4 0 3 104999 0.1608
4 0 3 104954 0.1565
4 0 3 104816 0.1564
4 0 3 104795 0.1601
4 0 3 104753 0.1563
4 0 3 104716 0.1561
4 0 3 104608 0.1554
4 0 3 104519 0.1566
4 0 3 104451 0.159
4 0 3 104398 0.1825
4 0 3 104345 0.1574
4 0 3 104275 0.1571
4 0 3 104134 0.1546
4 0 3 103891 0.1541
4 0 3 102481 0.1535
4 0 3 101898 0.1526
4 0 3 100178 0.1757
4 0 3 99274 0.1568
4 0 3 95721 0.128
4 0 3 93008 0.1479
4 0 3 92738 0.1467
4 0 3 90571 0.1231
4 0 3 90565 0.1231
4 0 3 90439 0.1212
4 0 3 90412 0.1228
4 0 3 90381 0.1223
4 0 3 90365 0.1226
4 0 3 90345 0.1224
4 0 3 90237 0.1228
4 0 3 90204 0.12
4 0 3 90170 0.1195
4 0 3 90078 0.1201
4 0 3 90063 0.1205
4 0 3 89992 0.1221
4 0 3 89928 0.1221
4 0 3 89841 0.1201
4 0 3 89736 0.1195
4 0 3 89734 0.1208
4 0 3 87875 0.1394
4 0 3 87612 0.1187
4 0 3 86143 0.1312
4 0 3 85268 0.1374
4 0 3 83884 0.1393
4 0 3 82371 0.1348
4 0 3 81609 0.1356
4 0 3 79740 0.1322
4 0 3 79663 0.129
4 0 3 78790 0.129
4 0 3 75558 0.1267
4 0 3 74511 0.1251
4 0 3 72589 0.1225
4 0 3 67552 0.116
4 0 3 56959 0.1003
4 0 3 56856 0.07914
4 0 3 56820 0.07835
4 0 3 56802 0.08002
4 0 3 56783 0.08029
4 0 3 56770 0.08116
4 0 3 56769 0.0806
4 0 3 56676 0.07728
4 0 3 56673 0.07991
4 0 3 56639 0.07461
4 0 3 56630 0.0792
4 0 3 56605 0.08034
4 0 3 56593 0.07829
4 0 3 56457 0.08039
4 0 3 56449 0.07949
4 0 3 56402 0.08022
4 0 3 56255 0.07622
4 0 3 55578 0.1011
4 0 3 55265 0.0774
4 0 3 54563 0.0996
4 0 3 52594 0.09888
4 0 3 51236 0.09557
4 0 3 51093 0.09453
4 0 3 48631 0.09099
4 0 3 45962 0.0858
4 0 3 38392 0.07134
4 0 3 38335 0.05023
4 0 3 38329 0.05255
4 0 3 38325 0.05182
4 0 3 38320 0.05166
4 0 3 38306 0.05122
4 0 3 38298 0.0529
4 0 3 38287 0.051
4 0 3 38281 0.05275
4 0 3 38249 0.05073
4 0 3 38245 0.05058
4 0 3 38206 0.05265
4 0 3 38189 0.05235
4 0 3 38088 0.05091
4 0 3 38069 0.05062
4 0 3 37972 0.05295
4 0 3 37747 0.05243
4 0 3 37714 0.05067
4 0 3 37462 0.06748
4 0 3 37054 0.06506
4 0 3 36464 0.06276
4 0 3 36327 0.06363
4 0 3 35878 0.06266
4 0 3 35323 0.06124
4 0 3 34887 0.0613
4 0 3 26699 0.03002
4 0 3 26697 0.03041
4 0 3 26690 0.03039
4 0 3 26683 0.02918
4 0 3 26679 0.03125
4 0 3 26676 0.03014
4 0 3 26666 0.03018
4 0 3 26663 0.02948
4 0 3 26655 0.02877
4 0 3 26647 0.03047
4 0 3 26639 0.02926
4 0 3 26634 0.03049
4 0 3 26625 0.02823
4 0 3 26625 0.02822
4 0 3 26605 0.03018
4 0 3 26487 0.02824
4 0 3 25967 0.02882
4 0 3 25599 0.04606
4 0 3 25440 0.04606
4 0 3 25345 0.04627
4 0 3 25149 0.04733
4 0 3 24900 0.04552
4 0 3 24870 0.04585
4 0 3 24193 0.04376
4 0 3 23622 0.04366
4 0 3 15608 0.01865
4 0 3 15604 0.01953
4 0 3 15604 0.01952
4 0 3 15600 0.01785
4 0 3 15599 0.01854
4 0 3 15598 0.01898
4 0 3 15597 0.01901
4 0 3 15595 0.01769
4 0 3 15594 0.0187
4 0 3 15593 0.018
4 0 3 15592 0.01878
4 0 3 15592 0.01877
4 0 3 15585 0.01839
4 0 3 15584 0.01843
4 0 3 15572 0.01811
4 0 3 15570 0.01834
4 0 3 15564 0.01869
4 0 3 15492 0.02947
4 0 3 15330 0.02949
4 0 3 15201 0.02867
4 0 3 15140 0.02909
4 0 3 15013 0.02791
4 0 3 14929 0.02865
4 0 3 14781 0.02806
4 0 3 14728 0.02805
4 0 3 10268 0.01302
4 0 3 10267 0.02063
4 0 3 10265 0.01305
4 0 3 10265 0.01309
4 0 3 10264 0.01363
4 0 3 10264 0.01316
4 0 3 10264 0.02047
4 0 3 10261 0.01337
4 0 3 10261 0.0134
4 0 3 10260 0.01318
4 0 3 10260 0.01313
4 0 3 10257 0.0129
4 0 3 10257 0.01289
4 0 3 10254 0.01313
4 0 3 10254 0.01314
4 0 3 10250 0.01345
4 0 3 10249 0.01322
4 0 3 10212 0.02058
4 0 3 10195 0.02031
4 0 3 10138 0.02019
4 0 3 10118 0.02074
4 0 3 10047 0.01999
4 0 3 9966 0.01998
4 0 3 9966 0.02008
4 0 3 9775 0.01946
4 0 4 144366 0.1837
4 0 4 144366 0.1836
4 0 4 144089 0.1885
4 0 4 143826 0.1851
4 0 4 143745 0.1835
4 0 4 143605 0.189
4 0 4 143425 0.1923
4 0 4 143222 0.1869
4 0 4 143012 0.1848
4 0 4 142834 0.1918
4 0 4 141576 0.1868
4 0 4 140794 0.1849
4 0 4 139967 0.1792
4 0 4 137743 0.18
4 0 4 137743 0.1805
4 0 4 135873 0.2255
4 0 4 135745 0.2287
4 0 4 129519 0.2941
4 0 4 119578 0.179
4 0 4 119497 0.179
4 0 4 116983 0.1517
4 0 4 116939 0.151
4 0 4 116506 0.1483
4 0 4 116505 0.1464
4 0 4 116244 0.1501
4 0 4 116005 0.1486
4 0 4 115993 0.1475
4 0 4 115941 0.1504
4 0 4 115894 0.1485
4 0 4 115889 0.1483
4 0 4 115565 0.1496
4 0 4 115473 0.1487
4 0 4 114001 0.1483
4 0 4 114001 0.1488
4 0 4 113536 0.1473
4 0 4 113316 0.1467
4 0 4 110617 0.143
4 0 4 110617 0.1431
4 0 4 106499 0.1645
4 0 4 104833 0.1582
4 0 4 103078 0.1316
4 0 4 100572 0.1283
4 0 4 99547 0.1003
4 0 4 99281 0.09793
4 0 4 99249 0.09967
4 0 4 99206 0.101
4 0 4 99148 0.09941
4 0 4 98897 0.09821
4 0 4 98883 0.09757
4 0 4 98802 0.09777
4 0 4 98742 0.09771
4 0 4 98589 0.0978
4 0 4 98589 0.09757
4 0 4 98481 0.09898
4 0 4 98339 0.0987
4 0 4 96434 0.1256
4 0 4 95740 0.09729
4 0 4 94273 0.09599
4 0 4 94140 0.09645
4 0 4 93681 0.1213
4 0 4 92397 0.1204
4 0 4 91493 0.09239
4 0 4 89705 0.1167
4 0 4 89686 0.1159
4 0 4 86634 0.1152
4 0 4 86310 0.1135
4 0 4 85262 0.1136
4 0 4 85215 0.1099
4 0 4 82642 0.1112
4 0 4 82441 0.1119
4 0 4 81514 0.1101
4 0 4 77466 0.1089
4 0 4 76192 0.1054
4 0 4 73578 0.1026
4 0 4 71991 0.103
4 0 4 60554 0.06735
4 0 4 60534 0.0684
4 0 4 60482 0.06914
4 0 4 60448 0.06884
4 0 4 60428 0.0685
4 0 4 60422 0.06854
4 0 4 60395 0.06864
4 0 4 60371 0.06791
4 0 4 60172 0.06879
4 0 4 60079 0.06774
4 0 4 60039 0.06812
4 0 4 60003 0.07096
4 0 4 59910 0.06688
4 0 4 59906 0.06699
4 0 4 58956 0.06746
4 0 4 57719 0.09271
4 0 4 56740 0.08868
4 0 4 55274 0.06349
4 0 4 54761 0.08794
4 0 4 54081 0.08767
4 0 4 53342 0.08761
4 0 4 52735 0.0855
4 0 4 51956 0.08529
4 0 4 50452 0.08464
4 0 4 46072 0.07611
4 0 4 40136 0.04458
4 0 4 40075 0.04586
4 0 4 40047 0.04597
4 0 4 40047 0.04619
4 0 4 40033 0.04608
4 0 4 40027 0.04558
4 0 4 40018 0.04665
4 0 4 40016 0.04641
4 0 4 39982 0.04638
4 0 4 39977 0.04601
4 0 4 39961 0.04709
4 0 4 39953 0.04501
4 0 4 39840 0.04602
4 0 4 39797 0.04734
4 0 4 39661 0.04548
4 0 4 39502 0.0456
4 0 4 39377 0.04666
4 0 4 39368 0.046
4 0 4 38176 0.0657
4 0 4 37399 0.06427
4 0 4 36942 0.06352
4 0 4 36480 0.0631
4 0 4 35935 0.06187
4 0 4 35677 0.06353
4 0 4 34333 0.05929
4 0 4 27593 0.03027
4 0 4 27573 0.02953
4 0 4 27568 0.03107
4 0 4 27554 0.02939
4 0 4 27550 0.02963
4 0 4 27531 0.02961
4 0 4 27524 0.02921
4 0 4 27519 0.02887
4 0 4 27514 0.03049
4 0 4 27511 0.02975
4 0 4 27486 0.03019
4 0 4 27481 0.02899
4 0 4 27444 0.02972
4 0 4 27385 0.03021
4 0 4 26824 0.02955
4 0 4 26692 0.02964
4 0 4 26605 0.02899
4 0 4 26211 0.04668
4 0 4 26140 0.04644
4 0 4 25753 0.04625
4 0 4 25493 0.04636
4 0 4 25027 0.04601
4 0 4 24685 0.04602
4 0 4 24255 0.04295
4 0 4 23540 0.04278
4 0 4 15919 0.01838
4 0 4 15917 0.01843
4 0 4 15910 0.01841
4 0 4 15909 0.01852
4 0 4 15906 0.01845
4 0 4 15904 0.01805
4 0 4 15899 0.01842
4 0 4 15898 0.01807
4 0 4 15896 0.01921
4 0 4 15896 0.01912
4 0 4 15891 0.0186
4 0 4 15889 0.01891
4 0 4 15889 0.01869
4 0 4 15889 0.01896
4 0 4 15877 0.01827
4 0 4 15869 0.01921
4 0 4 15865 0.01845
4 0 4 15688 0.02956
4 0 4 15367 0.02898
4 0 4 15363 0.02945
4 0 4 15312 0.02906
4 0 4 15176 0.02898
4 0 4 15098 0.02947
4 0 4 15021 0.02808
4 0 4 14478 0.02764
4 0 4 10403 0.01317
4 0 4 10401 0.01312
4 0 4 10399 0.01308
4 0 4 10398 0.01314
4 0 4 10398 0.01315
4 0 4 10397 0.01325
4 0 4 10396 0.01302
4 0 4 10396 0.01304
4 0 4 10393 0.01346
4 0 4 10392 0.01304
4 0 4 10390 0.01314
4 0 4 10389 0.01321
4 0 4 10381 0.01311
4 0 4 10381 0.01317
4 0 4 10369 0.01291
4 0 4 10332 0.01325
4 0 4 10264 0.02072
4 0 4 10259 0.02056
4 0 4 10221 0.01313
4 0 4 10187 0.02033
4 0 4 10153 0.02009
4 0 4 10085 0.02044
4 0 4 10025 0.02023
4 0 4 10008 0.01994
4 0 4 9791 0.01967
4 0 5 162810 0.1961
4 0 5 162810 0.1952
4 0 5 162350 0.1961
4 0 5 161983 0.1833
4 0 5 161890 0.197
4 0 5 161662 0.1967
4 0 5 161439 0.2302
4 0 5 160932 0.2461
4 0 5 160510 0.2508
4 0 5 159897 0.2544
4 0 5 159625 0.2508
4 0 5 157509 0.2451
4 0 5 157219 0.2472
4 0 5 155121 0.2438
4 0 5 153784 0.2471
4 0 5 153586 0.2418
4 0 5 151504 0.1912
4 0 5 142141 0.2719
4 0 5 130030 0.1836
4 0 5 129685 0.1765
4 0 5 129534 0.1792
4 0 5 129236 0.18
4 0 5 129211 0.1792
4 0 5 128947 0.1778
4 0 5 128650 0.1817
4 0 5 128511 0.1706
4 0 5 128502 0.1757
4 0 5 128418 0.1813
4 0 5 128240 0.1807
4 0 5 128087 0.1806
4 0 5 126809 0.1817
4 0 5 126638 0.1778
4 0 5 126153 0.181
4 0 5 125389 0.1796
4 0 5 122808 0.118
4 0 5 120488 0.1481
4 0 5 117590 0.1154
4 0 5 115801 0.1437
4 0 5 113565 0.1425
4 0 5 110885 0.139
4 0 5 109319 0.1369
4 0 5 109041 0.1096
4 0 5 109039 0.1064
4 0 5 109022 0.1081
4 0 5 108829 0.1061
4 0 5 108732 0.108
4 0 5 108679 0.1081
4 0 5 108620 0.1071
4 0 5 108303 0.1063
4 0 5 108297 0.1082
4 0 5 108290 0.1108
4 0 5 108137 0.1079
4 0 5 108083 0.1078
4 0 5 106264 0.135
4 0 5 105296 0.1048
4 0 5 103457 0.1053
4 0 5 103139 0.1025
4 0 5 102673 0.1337
4 0 5 100748 0.125
4 0 5 100500 0.1238
4 0 5 96661 0.1401
4 0 5 95846 0.1417
4 0 5 93590 0.1407
4 0 5 93149 0.1398
4 0 5 91336 0.1336
4 0 5 91168 0.1373
4 0 5 90203 0.1359
4 0 5 89474 0.1307
4 0 5 86065 0.1333
4 0 5 83887 0.1277
4 0 5 81093 0.1265
4 0 5 78024 0.1227
4 0 5 77224 0.1196
4 0 5 70467 0.112
4 0 5 70083 0.1112
4 0 5 64524 0.08216
4 0 5 64499 0.08341
4 0 5 64450 0.08209
4 0 5 64414 0.08477
4 0 5 64352 0.08195
4 0 5 64348 0.08397
4 0 5 64267 0.0811
4 0 5 64233 0.08154
4 0 5 64033 0.08243
4 0 5 63955 0.08281
4 0 5 63942 0.08162
4 0 5 63825 0.08332
4 0 5 63805 0.08287
4 0 5 63411 0.08426
4 0 5 62741 0.08038
4 0 5 60651 0.08278
4 0 5 60140 0.08191
4 0 5 57924 0.1025
4 0 5 55861 0.09972
4 0 5 55466 0.09952
4 0 5 54887 0.09886
4 0 5 54043 0.09778
4 0 5 52646 0.09764
4 0 5 51919 0.09547
4 0 5 47615 0.08709
4 0 5 41936 0.05708
4 0 5 41907 0.05733
4 0 5 41868 0.05672
4 0 5 41868 0.05667
4 0 5 41837 0.05734
4 0 5 41830 0.05963
4 0 5 41817 0.0577
4 0 5 41807 0.05888
4 0 5 41795 0.05552
4 0 5 41791 0.05386
4 0 5 41716 0.05427
4 0 5 41674 0.05582
4 0 5 41520 0.05317
4 0 5 41351 0.05268
4 0 5 41333 0.05335
4 0 5 41247 0.05163
4 0 5 41102 0.05232
4 0 5 39998 0.0727
4 0 5 38122 0.06837
4 0 5 37893 0.067
4 0 5 37405 0.06716
4 0 5 37305 0.06717
4 0 5 36556 0.06606
4 0 5 35967 0.06496
4 0 5 32128 0.05745
4 0 5 28519 0.03209
4 0 5 28508 0.03228
4 0 5 28493 0.03266
4 0 5 28486 0.03071
4 0 5 28450 0.03111
4 0 5 28446 0.03435
4 0 5 28431 0.03305
4 0 5 28431 0.0308
4 0 5 28428 0.03389
4 0 5 28418 0.03163
4 0 5 28402 0.03367
4 0 5 28392 0.03219
4 0 5 28347 0.03369
4 0 5 28341 0.032
4 0 5 27883 0.03334
4 0 5 27702 0.03237
4 0 5 27454 0.03354
4 0 5 27092 0.05224
4 0 5 26558 0.04728
4 0 5 26132 0.04722
4 0 5 25671 0.04777
4 0 5 25308 0.04888
4 0 5 25032 0.04654
4 0 5 24402 0.04577
4 0 5 23778 0.04401
4 0 5 16232 0.01891
4 0 5 16229 0.01862
4 0 5 16228 0.01944
4 0 5 16221 0.01926
4 0 5 16216 0.01937
4 0 5 16215 0.01907
4 0 5 16214 0.02033
4 0 5 16212 0.02064
4 0 5 16210 0.02083
4 0 5 16208 0.02058
4 0 5 16206 0.01977
4 0 5 16205 0.02036
4 0 5 16202 0.02096
4 0 5 16197 0.0206
4 0 5 16189 0.02033
4 0 5 16187 0.02008
4 0 5 16174 0.02083
4 0 5 15677 0.03184
4 0 5 15621 0.03059
4 0 5 15605 0.03126
4 0 5 15365 0.03064
4 0 5 15361 0.03043
4 0 5 15085 0.02959
4 0 5 15018 0.02945
4 0 5 14574 0.02869
4 0 5 10541 0.0124
4 0 5 10537 0.01431
4 0 5 10535 0.01386
4 0 5 10535 0.01389
4 0 5 10534 0.01418
4 0 5 10533 0.01426
4 0 5 10532 0.01458
4 0 5 10531 0.01319
4 0 5 10529 0.01298
4 0 5 10528 0.01409
4 0 5 10523 0.01362
4 0 5 10521 0.01343
4 0 5 10518 0.01324
4 0 5 10515 0.01328
4 0 5 10468 0.0138
4 0 5 10396 0.01359
4 0 5 10369 0.0136
4 0 5 10360 0.01452
4 0 5 10298 0.02189
4 0 5 10213 0.02091
4 0 5 10182 0.02237
4 0 5 10161 0.02098
4 0 5 10135 0.02084
4 0 5 10083 0.02007
4 0 5 9898 0.02074
