16 5 1 100000 0.1489
16 5 1 100000 0.1415
16 5 1 100000 0.1361
16 5 1 100000 0.0746
16 5 1 100000 0.07548
16 5 1 100000 0.07481
16 5 1 100000 0.07416
16 5 1 85000 0.119
16 5 1 85000 0.06404
16 5 1 85000 0.06492
16 5 1 85000 0.06403
16 5 1 85000 0.06419
16 5 1 75000 0.1106
16 5 1 75000 0.1101
16 5 1 75000 0.1114
16 5 1 75000 0.05445
16 5 1 75000 0.05446
16 5 1 75000 0.05409
16 5 1 75000 0.05482
16 5 1 50000 0.08646
16 5 1 50000 0.08527
16 5 1 50000 0.03197
16 5 1 50000 0.03206
16 5 1 50000 0.03272
16 5 1 50000 0.03214
16 5 1 35000 0.06262
16 5 1 35000 0.06318
16 5 1 35000 0.02137
16 5 1 35000 0.02164
16 5 1 35000 0.02128
16 5 1 35000 0.02141
16 5 1 35000 0.0213
16 5 1 25000 0.04598
16 5 1 25000 0.01039
16 5 1 25000 0.01012
16 5 1 25000 0.01044
16 5 1 25000 0.01019
16 5 1 25000 0.01017
16 5 1 15000 0.02823
16 5 1 15000 0.006734
16 5 1 15000 0.006641
16 5 1 15000 0.006613
16 5 1 15000 0.006671
16 5 1 10000 0.01989
16 5 1 10000 0.02033
16 5 1 10000 0.02003
16 5 1 10000 0.005417
16 5 1 10000 0.005289
16 5 1 10000 0.005305
16 5 1 10000 0.005279
16 5 2 113556 0.1564
16 5 2 100000 0.08826
16 5 2 100000 0.07378
16 5 2 100000 0.0749
16 5 2 100000 0.0748
16 5 2 98021 0.1293
16 5 2 89867 0.1233
16 5 2 85000 0.06724
16 5 2 85000 0.09257
16 5 2 85000 0.07513
16 5 2 85000 0.06533
16 5 2 80585 0.1136
16 5 2 79655 0.1125
16 5 2 78379 0.1113
16 5 2 75000 0.0547
16 5 2 75000 0.05475
16 5 2 75000 0.05493
16 5 2 75000 0.05453
16 5 2 75000 0.05519
16 5 2 51942 0.08841
16 5 2 50000 0.03236
16 5 2 50000 0.03219
16 5 2 50000 0.03236
16 5 2 50000 0.03232
16 5 2 47627 0.08214
16 5 2 46698 0.08069
16 5 2 35087 0.06309
16 5 2 35000 0.02158
16 5 2 35000 0.0211
16 5 2 35000 0.02139
16 5 2 35000 0.02145
16 5 2 25737 0.04705
16 5 2 25663 0.04707
16 5 2 25000 0.01033
16 5 2 25000 0.01023
16 5 2 25000 0.01012
16 5 2 25000 0.01022
16 5 2 24691 0.0465
16 5 2 15265 0.03251
16 5 2 15000 0.006744
16 5 2 15000 0.006639
16 5 2 15000 0.006695
16 5 2 15000 0.006717
16 5 2 10133 0.02049
16 5 2 10096 0.02064
16 5 2 10000 0.005336
16 5 2 10000 0.005291
16 5 2 10000 0.005318
16 5 2 10000 0.005256
16 5 2 9912 0.02005
16 5 3 125186 0.2716
16 5 3 100000 0.07486
16 5 3 100000 0.07411
16 5 3 100000 0.07468
16 5 3 100000 0.07421
16 5 3 95903 0.1234
16 5 3 86897 0.1188
16 5 3 85000 0.06394
16 5 3 85000 0.06427
16 5 3 85000 0.06394
16 5 3 85000 0.06417
16 5 3 85000 0.0657
16 5 3 82537 0.1173
16 5 3 78156 0.1139
16 5 3 75000 0.05466
16 5 3 75000 0.05464
16 5 3 75000 0.05397
16 5 3 75000 0.05472
16 5 3 74011 0.1082
16 5 3 54487 0.09182
16 5 3 50000 0.0325
16 5 3 50000 0.03298
16 5 3 50000 0.0321
16 5 3 50000 0.03232
16 5 3 50000 0.0322
16 5 3 37580 0.06493
16 5 3 35252 0.06222
16 5 3 35000 0.02142
16 5 3 35000 0.02137
16 5 3 35000 0.0213
16 5 3 35000 0.02125
16 5 3 34073 0.06051
16 5 3 25053 0.0471
16 5 3 25000 0.01012
16 5 3 25000 0.01036
16 5 3 25000 0.0103
16 5 3 25000 0.01024
16 5 3 15581 0.02999
16 5 3 15204 0.02886
16 5 3 15001 0.02887
16 5 3 15000 0.006752
16 5 3 15000 0.006668
16 5 3 15000 0.006685
16 5 3 15000 0.006677
16 5 3 10175 0.02062
16 5 3 10017 0.02033
16 5 3 10000 0.00531
16 5 3 10000 0.005288
16 5 3 10000 0.005303
16 5 3 10000 0.005164
16 5 4 140210 0.2815
16 5 4 100000 0.07585
16 5 4 100000 0.07444
16 5 4 100000 0.07483
16 5 4 100000 0.07568
16 5 4 97029 0.1265
16 5 4 90492 0.1241
16 5 4 85000 0.06416
16 5 4 85000 0.06506
16 5 4 85000 0.06401
16 5 4 85000 0.0649
16 5 4 85000 0.06445
16 5 4 82602 0.1152
16 5 4 78888 0.1139
16 5 4 75000 0.05527
16 5 4 75000 0.05618
16 5 4 75000 0.05455
16 5 4 75000 0.05773
16 5 4 73706 0.1073
16 5 4 50732 0.08433
16 5 4 50000 0.03245
16 5 4 50000 0.03325
16 5 4 50000 0.03312
16 5 4 50000 0.03257
16 5 4 48860 0.08328
16 5 4 39977 0.06954
16 5 4 35349 0.06315
16 5 4 35000 0.02131
16 5 4 35000 0.0215
16 5 4 35000 0.0221
16 5 4 35000 0.02425
16 5 4 33083 0.05884
16 5 4 25706 0.04855
16 5 4 25000 0.01017
16 5 4 25000 0.01084
16 5 4 25000 0.01096
16 5 4 25000 0.01013
16 5 4 15924 0.03059
16 5 4 15421 0.03033
16 5 4 15000 0.006696
16 5 4 15000 0.006726
16 5 4 15000 0.007401
16 5 4 15000 0.00658
16 5 4 14892 0.02928
16 5 4 10300 0.0209
16 5 4 10000 0.006053
16 5 4 10000 0.005387
16 5 4 10000 0.005952
16 5 4 10000 0.005244
16 5 4 10000 0.005998
16 5 5 136037 0.2785
16 5 5 106096 0.07923
16 5 5 104188 0.0778
16 5 5 100000 0.07361
16 5 5 100000 0.07475
16 5 5 100000 0.07589
16 5 5 91772 0.07067
16 5 5 90395 0.07151
16 5 5 88863 0.116
16 5 5 86099 0.1191
16 5 5 85000 0.06499
16 5 5 85000 0.06565
16 5 5 84052 0.1181
16 5 5 80985 0.1164
16 5 5 79554 0.06065
16 5 5 77979 0.0596
16 5 5 77745 0.05847
16 5 5 75000 0.0564
16 5 5 75000 0.05598
16 5 5 54748 0.09202
16 5 5 52376 0.03615
16 5 5 52268 0.03572
16 5 5 51818 0.03485
16 5 5 50000 0.0328
16 5 5 49922 0.08411
16 5 5 38012 0.06505
16 5 5 37294 0.06686
16 5 5 36155 0.02354
16 5 5 36121 0.02232
16 5 5 35000 0.02156
16 5 5 35000 0.02221
16 5 5 34101 0.06159
16 5 5 25594 0.01045
16 5 5 25585 0.01068
16 5 5 25160 0.04656
16 5 5 25000 0.0102
16 5 5 25000 0.01023
16 5 5 15867 0.031
16 5 5 15323 0.02929
16 5 5 15214 0.00674
16 5 5 15210 0.006769
16 5 5 15031 0.02928
16 5 5 15000 0.006771
16 5 5 14926 0.0289
16 5 5 10301 0.02108
16 5 5 10093 0.00547
16 5 5 10093 0.005413
16 5 5 10052 0.02093
16 5 5 10000 0.005299
16 5 5 9960 0.02032
