8 6 1 100000 0.1089
8 6 1 100000 0.1119
8 6 1 100000 0.119
8 6 1 100000 0.1066
8 6 1 100000 0.1023
8 6 1 100000 0.1004
8 6 1 100000 0.1045
8 6 1 100000 0.1008
8 6 1 100000 0.1039
8 6 1 100000 0.1048
8 6 1 100000 0.1047
8 6 1 100000 0.1069
8 6 1 100000 0.1056
8 6 1 85000 0.0916
8 6 1 85000 0.09093
8 6 1 85000 0.08772
8 6 1 85000 0.09109
8 6 1 85000 0.08936
8 6 1 85000 0.09206
8 6 1 85000 0.08993
8 6 1 85000 0.09038
8 6 1 85000 0.09202
8 6 1 85000 0.09918
8 6 1 85000 0.1069
8 6 1 85000 0.1086
8 6 1 75000 0.08559
8 6 1 75000 0.07949
8 6 1 75000 0.081
8 6 1 75000 0.07829
8 6 1 75000 0.08059
8 6 1 75000 0.07763
8 6 1 75000 0.0794
8 6 1 75000 0.07831
8 6 1 75000 0.08156
8 6 1 75000 0.0844
8 6 1 75000 0.08371
8 6 1 75000 0.0818
8 6 1 50000 0.05846
8 6 1 50000 0.05891
8 6 1 50000 0.06035
8 6 1 50000 0.05931
8 6 1 50000 0.05815
8 6 1 50000 0.06043
8 6 1 50000 0.05779
8 6 1 50000 0.05859
8 6 1 50000 0.06089
8 6 1 50000 0.06019
8 6 1 50000 0.06168
8 6 1 50000 0.06098
8 6 1 50000 0.06089
8 6 1 35000 0.0422
8 6 1 35000 0.04051
8 6 1 35000 0.04225
8 6 1 35000 0.04106
8 6 1 35000 0.0427
8 6 1 35000 0.04159
8 6 1 35000 0.04322
8 6 1 35000 0.04286
8 6 1 35000 0.04172
8 6 1 35000 0.04412
8 6 1 35000 0.04415
8 6 1 35000 0.04458
8 6 1 35000 0.04277
8 6 1 25000 0.02647
8 6 1 25000 0.0281
8 6 1 25000 0.02641
8 6 1 25000 0.02643
8 6 1 25000 0.02751
8 6 1 25000 0.02722
8 6 1 25000 0.02687
8 6 1 25000 0.02649
8 6 1 25000 0.02775
8 6 1 25000 0.02806
8 6 1 25000 0.0289
8 6 1 25000 0.02915
8 6 1 15000 0.01771
8 6 1 15000 0.01701
8 6 1 15000 0.0163
8 6 1 15000 0.01688
8 6 1 15000 0.01733
8 6 1 15000 0.01744
8 6 1 15000 0.01783
8 6 1 15000 0.01763
8 6 1 15000 0.01705
8 6 1 15000 0.01786
8 6 1 15000 0.01755
8 6 1 15000 0.01765
8 6 1 15000 0.01728
8 6 1 10000 0.01222
8 6 1 10000 0.0122
8 6 1 10000 0.0123
8 6 1 10000 0.01197
8 6 1 10000 0.01246
8 6 1 10000 0.01271
8 6 1 10000 0.01252
8 6 1 10000 0.01243
8 6 1 10000 0.01324
8 6 1 10000 0.01241
8 6 1 10000 0.01296
8 6 1 10000 0.0131
8 6 2 113464 0.1457
8 6 2 113094 0.1291
8 6 2 113064 0.1406
8 6 2 112863 0.131
8 6 2 112749 0.1441
8 6 2 112557 0.1478
8 6 2 112044 0.1215
8 6 2 111407 0.1103
8 6 2 110199 0.1101
8 6 2 107432 0.1073
8 6 2 106616 0.108
8 6 2 104403 0.1098
8 6 2 94753 0.09656
8 6 2 94474 0.09953
8 6 2 94358 0.09808
8 6 2 94191 0.09504
8 6 2 93947 0.09427
8 6 2 93845 0.0945
8 6 2 93681 0.09771
8 6 2 92996 0.0966
8 6 2 91313 0.09523
8 6 2 89733 0.09008
8 6 2 88848 0.09142
8 6 2 87262 0.1013
8 6 2 82553 0.1109
8 6 2 82355 0.108
8 6 2 82325 0.1071
8 6 2 82228 0.1042
8 6 2 82161 0.1034
8 6 2 82067 0.1054
8 6 2 81815 0.1032
8 6 2 81316 0.1001
8 6 2 80886 0.08486
8 6 2 79631 0.08246
8 6 2 78120 0.08566
8 6 2 76947 0.08371
8 6 2 74283 0.08302
8 6 2 53385 0.06714
8 6 2 53381 0.06482
8 6 2 53357 0.06596
8 6 2 53338 0.06602
8 6 2 53309 0.06343
8 6 2 53251 0.06058
8 6 2 53230 0.06184
8 6 2 53200 0.06408
8 6 2 53145 0.06387
8 6 2 53055 0.06026
8 6 2 52921 0.06279
8 6 2 52054 0.06228
8 6 2 51212 0.05898
8 6 2 36662 0.0431
8 6 2 36662 0.04415
8 6 2 36633 0.04376
8 6 2 36617 0.04302
8 6 2 36592 0.04338
8 6 2 36587 0.04222
8 6 2 36572 0.04234
8 6 2 36564 0.04288
8 6 2 36509 0.04506
8 6 2 36388 0.04481
8 6 2 35623 0.04168
8 6 2 34928 0.04155
8 6 2 34387 0.04125
8 6 2 25836 0.02793
8 6 2 25829 0.02818
8 6 2 25814 0.02756
8 6 2 25808 0.02892
8 6 2 25790 0.02874
8 6 2 25774 0.02764
8 6 2 25741 0.02747
8 6 2 25734 0.02748
8 6 2 25683 0.02957
8 6 2 25011 0.02748
8 6 2 24706 0.02674
8 6 2 24629 0.02703
8 6 2 15304 0.01709
8 6 2 15302 0.0178
8 6 2 15299 0.01851
8 6 2 15296 0.0169
8 6 2 15295 0.01783
8 6 2 15293 0.01703
8 6 2 15288 0.01706
8 6 2 15285 0.01777
8 6 2 15271 0.01703
8 6 2 15208 0.01863
8 6 2 15078 0.01713
8 6 2 14922 0.01826
8 6 2 14732 0.01748
8 6 2 10134 0.01199
8 6 2 10133 0.01199
8 6 2 10133 0.01307
8 6 2 10131 0.01229
8 6 2 10130 0.01272
8 6 2 10129 0.01254
8 6 2 10128 0.01272
8 6 2 10125 0.01262
8 6 2 10122 0.01306
8 6 2 10116 0.01265
8 6 2 10081 0.01253
8 6 2 9991 0.01238
8 6 3 127865 0.1807
8 6 3 127256 0.176
8 6 3 127242 0.1764
8 6 3 126737 0.1758
8 6 3 126549 0.1767
8 6 3 124392 0.1756
8 6 3 122567 0.1201
8 6 3 121246 0.1181
8 6 3 119381 0.121
8 6 3 118246 0.1153
8 6 3 116615 0.1179
8 6 3 114564 0.1155
8 6 3 104524 0.1046
8 6 3 104065 0.1072
8 6 3 103734 0.1082
8 6 3 103414 0.1339
8 6 3 102885 0.1308
8 6 3 100101 0.1114
8 6 3 99727 0.1019
8 6 3 99361 0.1015
8 6 3 98444 0.1003
8 6 3 96393 0.09876
8 6 3 90941 0.09817
8 6 3 90575 0.09217
8 6 3 90231 0.09343
8 6 3 90114 0.09842
8 6 3 90061 0.09151
8 6 3 89945 0.09443
8 6 3 89191 0.09648
8 6 3 88933 0.0933
8 6 3 88823 0.0912
8 6 3 88205 0.09336
8 6 3 87434 0.08664
8 6 3 85106 0.09015
8 6 3 82429 0.09144
8 6 3 80628 0.08579
8 6 3 76204 0.08119
8 6 3 72019 0.08193
8 6 3 56909 0.06686
8 6 3 56814 0.06556
8 6 3 56782 0.06561
8 6 3 56733 0.0675
8 6 3 56692 0.06676
8 6 3 56546 0.06467
8 6 3 56525 0.06656
8 6 3 56389 0.06833
8 6 3 55914 0.06571
8 6 3 54604 0.06624
8 6 3 53677 0.06711
8 6 3 50825 0.06321
8 6 3 38364 0.0469
8 6 3 38333 0.04434
8 6 3 38280 0.04497
8 6 3 38257 0.04437
8 6 3 38241 0.04354
8 6 3 38199 0.04524
8 6 3 38108 0.04534
8 6 3 38066 0.04553
8 6 3 37594 0.04482
8 6 3 37276 0.04548
8 6 3 36574 0.04568
8 6 3 35951 0.04277
8 6 3 26707 0.02993
8 6 3 26674 0.02948
8 6 3 26656 0.02873
8 6 3 26640 0.02875
8 6 3 26610 0.02603
8 6 3 26573 0.02943
8 6 3 26565 0.02888
8 6 3 26519 0.02784
8 6 3 26063 0.03003
8 6 3 25710 0.02735
8 6 3 25460 0.02891
8 6 3 25266 0.02877
8 6 3 24536 0.02843
8 6 3 15610 0.01808
8 6 3 15599 0.0174
8 6 3 15595 0.01825
8 6 3 15592 0.01748
8 6 3 15582 0.01765
8 6 3 15568 0.01751
8 6 3 15561 0.01726
8 6 3 15514 0.01749
8 6 3 15411 0.01825
8 6 3 15304 0.01854
8 6 3 15103 0.01785
8 6 3 15049 0.01777
8 6 3 10270 0.01381
8 6 3 10268 0.01346
8 6 3 10266 0.01357
8 6 3 10263 0.01294
8 6 3 10262 0.01324
8 6 3 10260 0.01319
8 6 3 10259 0.01347
8 6 3 10256 0.01291
8 6 3 10252 0.01332
8 6 3 10241 0.01302
8 6 3 10180 0.01327
8 6 3 10142 0.01365
8 6 3 10067 0.01363
8 6 4 144397 0.1867
8 6 4 142976 0.1818
8 6 4 142442 0.1855
8 6 4 140351 0.1762
8 6 4 140323 0.1807
8 6 4 134345 0.1944
8 6 4 133604 0.1815
8 6 4 133033 0.1887
8 6 4 131579 0.1806
8 6 4 127500 0.1821
8 6 4 126415 0.1721
8 6 4 115901 0.1134
8 6 4 115273 0.1135
8 6 4 114978 0.1108
8 6 4 113909 0.1077
8 6 4 113395 0.1128
8 6 4 110952 0.1107
8 6 4 110115 0.112
8 6 4 108834 0.107
8 6 4 108684 0.1098
8 6 4 105774 0.1077
8 6 4 102880 0.1081
8 6 4 100759 0.1117
8 6 4 99138 0.09939
8 6 4 98528 0.1018
8 6 4 98429 0.09917
8 6 4 98186 0.09819
8 6 4 97048 0.1009
8 6 4 96030 0.09729
8 6 4 95963 0.09759
8 6 4 94766 0.09747
8 6 4 93780 0.09687
8 6 4 92862 0.09771
8 6 4 91770 0.09578
8 6 4 88821 0.09443
8 6 4 84396 0.09209
8 6 4 83415 0.08727
8 6 4 74586 0.08272
8 6 4 60496 0.0673
8 6 4 60428 0.06934
8 6 4 60340 0.06874
8 6 4 60290 0.06807
8 6 4 60222 0.06912
8 6 4 60056 0.06833
8 6 4 58451 0.07113
8 6 4 57874 0.06971
8 6 4 57625 0.06536
8 6 4 56684 0.06993
8 6 4 55125 0.0665
8 6 4 50718 0.06293
8 6 4 40056 0.04585
8 6 4 39988 0.04684
8 6 4 39962 0.04645
8 6 4 39860 0.04442
8 6 4 39765 0.04577
8 6 4 39366 0.04637
8 6 4 38739 0.04473
8 6 4 38667 0.04558
8 6 4 38034 0.04645
8 6 4 37991 0.04639
8 6 4 37243 0.04541
8 6 4 36943 0.04461
8 6 4 27596 0.03142
8 6 4 27558 0.03073
8 6 4 27505 0.0304
8 6 4 27457 0.02983
8 6 4 27447 0.02845
8 6 4 27429 0.02955
8 6 4 27120 0.03064
8 6 4 26851 0.02844
8 6 4 26774 0.02862
8 6 4 26595 0.02901
8 6 4 26263 0.02859
8 6 4 26076 0.02967
8 6 4 25807 0.02946
8 6 4 15924 0.01927
8 6 4 15896 0.01821
8 6 4 15882 0.01758
8 6 4 15878 0.01867
8 6 4 15864 0.01787
8 6 4 15837 0.01922
8 6 4 15779 0.01876
8 6 4 15678 0.01761
8 6 4 15645 0.01882
8 6 4 15499 0.01894
8 6 4 15388 0.01777
8 6 4 15340 0.01883
8 6 4 14784 0.01817
8 6 4 10400 0.01344
8 6 4 10395 0.0137
8 6 4 10393 0.0133
8 6 4 10391 0.01282
8 6 4 10390 0.01311
8 6 4 10387 0.01273
8 6 4 10375 0.01392
8 6 4 10336 0.01328
8 6 4 10298 0.01302
8 6 4 10278 0.01386
8 6 4 10225 0.0128
8 6 4 10061 0.01357
8 6 5 161037 0.1965
8 6 5 154041 0.1953
8 6 5 149897 0.1891
8 6 5 148191 0.1765
8 6 5 147806 0.2017
8 6 5 145519 0.189
8 6 5 144564 0.1899
8 6 5 143701 0.1884
8 6 5 139741 0.1871
8 6 5 137273 0.1941
8 6 5 132118 0.179
8 6 5 126977 0.1901
8 6 5 125522 0.1764
8 6 5 120915 0.1189
8 6 5 119059 0.1184
8 6 5 116965 0.1133
8 6 5 116535 0.1169
8 6 5 114146 0.1174
8 6 5 111769 0.1132
8 6 5 111333 0.1125
8 6 5 108441 0.1094
8 6 5 108112 0.1091
8 6 5 106106 0.1052
8 6 5 106106 0.1054
8 6 5 105436 0.1061
8 6 5 105051 0.1047
8 6 5 103726 0.1059
8 6 5 102309 0.1076
8 6 5 101006 0.1057
8 6 5 100164 0.1036
8 6 5 99210 0.102
8 6 5 97529 0.09967
8 6 5 96001 0.1021
8 6 5 93683 0.1019
8 6 5 93492 0.09757
8 6 5 89913 0.09681
8 6 5 83554 0.08992
8 6 5 77341 0.08721
8 6 5 64204 0.07215
8 6 5 63634 0.07471
8 6 5 62454 0.07191
8 6 5 61158 0.07441
8 6 5 60378 0.06893
8 6 5 59742 0.07243
8 6 5 58779 0.06979
8 6 5 58513 0.07041
8 6 5 57682 0.06646
8 6 5 57155 0.06891
8 6 5 55692 0.06761
8 6 5 50737 0.06313
8 6 5 41800 0.052
8 6 5 41663 0.04813
8 6 5 41489 0.0499
8 6 5 41106 0.04854
8 6 5 40271 0.05015
8 6 5 39939 0.04687
8 6 5 39468 0.04753
8 6 5 38967 0.0448
8 6 5 38703 0.04486
8 6 5 38553 0.04464
8 6 5 37645 0.04627
8 6 5 37260 0.0429
8 6 5 28482 0.03269
8 6 5 28424 0.03127
8 6 5 28366 0.03117
8 6 5 28319 0.0309
8 6 5 28236 0.03054
8 6 5 27471 0.03288
8 6 5 27132 0.02929
8 6 5 26842 0.03048
8 6 5 26761 0.02961
8 6 5 26690 0.0292
8 6 5 26235 0.02894
8 6 5 26136 0.0283
8 6 5 25487 0.02728
8 6 5 16252 0.0191
8 6 5 16207 0.01852
8 6 5 16181 0.01794
8 6 5 16149 0.01832
8 6 5 16014 0.01768
8 6 5 15961 0.01968
8 6 5 15937 0.01864
8 6 5 15768 0.01847
8 6 5 15681 0.01812
8 6 5 15633 0.01924
8 6 5 15624 0.01841
8 6 5 15475 0.01912
8 6 5 14991 0.01819
8 6 5 10525 0.01337
8 6 5 10511 0.0134
8 6 5 10491 0.01302
8 6 5 10450 0.01462
8 6 5 10426 0.01367
8 6 5 10366 0.01395
8 6 5 10339 0.01376
8 6 5 10296 0.01383
8 6 5 10291 0.01298
8 6 5 10278 0.01326
8 6 5 10246 0.01333
8 6 5 10142 0.0139
