16 2 1 100000 0.1531
16 2 1 100000 0.1392
16 2 1 100000 0.1128
16 2 1 100000 0.1065
16 2 1 100000 0.135
16 2 1 100000 0.1368
16 2 1 85000 0.09561
16 2 1 85000 0.1133
16 2 1 85000 0.1091
16 2 1 85000 0.1083
16 2 1 85000 0.1387
16 2 1 85000 0.1317
16 2 1 75000 0.09433
16 2 1 75000 0.0971
16 2 1 75000 0.09657
16 2 1 75000 0.09566
16 2 1 75000 0.09216
16 2 1 75000 0.1206
16 2 1 75000 0.1207
16 2 1 50000 0.06475
16 2 1 50000 0.06741
16 2 1 50000 0.06839
16 2 1 50000 0.09002
16 2 1 50000 0.08985
16 2 1 35000 0.0447
16 2 1 35000 0.04472
16 2 1 35000 0.04671
16 2 1 35000 0.04599
16 2 1 35000 0.04631
16 2 1 35000 0.0654
16 2 1 35000 0.0653
16 2 1 25000 0.02979
16 2 1 25000 0.02824
16 2 1 25000 0.03068
16 2 1 25000 0.02928
16 2 1 25000 0.04673
16 2 1 25000 0.04541
16 2 1 15000 0.01805
16 2 1 15000 0.01809
16 2 1 15000 0.02162
16 2 1 15000 0.01824
16 2 1 15000 0.01935
16 2 1 15000 0.02904
16 2 1 15000 0.02877
16 2 1 10000 0.01405
16 2 1 10000 0.01298
16 2 1 10000 0.0135
16 2 1 10000 0.01327
16 2 1 10000 0.02057
16 2 1 10000 0.02049
16 2 2 113136 0.1464
16 2 2 113102 0.147
16 2 2 112992 0.1425
16 2 2 112861 0.1468
16 2 2 103991 0.1594
16 2 2 101422 0.1488
16 2 2 94670 0.1238
16 2 2 94462 0.1222
16 2 2 94300 0.1221
16 2 2 94034 0.1189
16 2 2 93470 0.1399
16 2 2 82631 0.1117
16 2 2 82458 0.1106
16 2 2 82417 0.1124
16 2 2 82173 0.1104
16 2 2 81785 0.1277
16 2 2 79350 0.1267
16 2 2 76010 0.1234
16 2 2 53388 0.09583
16 2 2 53371 0.07299
16 2 2 53312 0.07012
16 2 2 53264 0.06972
16 2 2 53174 0.09215
16 2 2 52598 0.09518
16 2 2 49837 0.09059
16 2 2 36662 0.06528
16 2 2 36615 0.04722
16 2 2 36602 0.04787
16 2 2 36568 0.04727
16 2 2 36053 0.06909
16 2 2 34650 0.06463
16 2 2 25842 0.03158
16 2 2 25833 0.02866
16 2 2 25817 0.02999
16 2 2 25805 0.03155
16 2 2 25771 0.03076
16 2 2 24955 0.04696
16 2 2 24133 0.04558
16 2 2 15300 0.01931
16 2 2 15298 0.01921
16 2 2 15291 0.01799
16 2 2 15268 0.01761
16 2 2 15021 0.02927
16 2 2 14795 0.0287
16 2 2 10133 0.01354
16 2 2 10131 0.01303
16 2 2 10128 0.01314
16 2 2 10121 0.01381
16 2 2 10048 0.02062
16 2 2 9875 0.02028
16 2 3 127947 0.2202
16 2 3 127942 0.2197
16 2 3 127598 0.2196
16 2 3 125687 0.2202
16 2 3 119407 0.1369
16 2 3 105322 0.1102
16 2 3 104988 0.133
16 2 3 104721 0.1326
16 2 3 104491 0.129
16 2 3 103470 0.109
16 2 3 90637 0.09877
16 2 3 90507 0.09666
16 2 3 90372 0.09754
16 2 3 90166 0.1227
16 2 3 87988 0.142
16 2 3 84325 0.1319
16 2 3 80642 0.1268
16 2 3 78613 0.123
16 2 3 56902 0.07277
16 2 3 56873 0.07752
16 2 3 56815 0.07483
16 2 3 56648 0.07478
16 2 3 56563 0.07702
16 2 3 53021 0.09587
16 2 3 51984 0.09394
16 2 3 38327 0.04704
16 2 3 38296 0.04885
16 2 3 38260 0.04832
16 2 3 37963 0.06968
16 2 3 36116 0.06714
16 2 3 33673 0.06224
16 2 3 26709 0.03245
16 2 3 26679 0.03278
16 2 3 26660 0.03155
16 2 3 26645 0.03126
16 2 3 26582 0.05034
16 2 3 24754 0.04874
16 2 3 24213 0.04468
16 2 3 15601 0.01879
16 2 3 15596 0.01956
16 2 3 15584 0.01984
16 2 3 15309 0.02986
16 2 3 14907 0.02863
16 2 3 10270 0.01291
16 2 3 10267 0.01397
16 2 3 10261 0.01294
16 2 3 10259 0.01353
16 2 3 10225 0.02128
16 2 3 10149 0.02058
16 2 3 10001 0.0217
16 2 4 144542 0.2407
16 2 4 144500 0.2371
16 2 4 143666 0.2362
16 2 4 142541 0.2332
16 2 4 119040 0.1791
16 2 4 116546 0.1412
16 2 4 116234 0.1436
16 2 4 115930 0.1384
16 2 4 115100 0.1444
16 2 4 110001 0.1325
16 2 4 102589 0.156
16 2 4 99414 0.1253
16 2 4 99216 0.1234
16 2 4 98992 0.1211
16 2 4 94702 0.09945
16 2 4 88307 0.1243
16 2 4 85357 0.1221
16 2 4 78923 0.1149
16 2 4 60653 0.07341
16 2 4 60613 0.06943
16 2 4 60532 0.07595
16 2 4 60370 0.08069
16 2 4 58585 0.07757
16 2 4 55811 0.09942
16 2 4 51132 0.09092
16 2 4 40098 0.04963
16 2 4 40041 0.05006
16 2 4 39954 0.05101
16 2 4 39352 0.05094
16 2 4 36270 0.06695
16 2 4 35902 0.06942
16 2 4 27560 0.03145
16 2 4 27539 0.03106
16 2 4 27514 0.03259
16 2 4 27497 0.03267
16 2 4 25378 0.04831
16 2 4 25025 0.0498
16 2 4 15920 0.02022
16 2 4 15910 0.01815
16 2 4 15903 0.0185
16 2 4 15899 0.01998
16 2 4 15880 0.01867
16 2 4 15192 0.03114
16 2 4 14919 0.03043
16 2 4 10402 0.01328
16 2 4 10398 0.01364
16 2 4 10395 0.01484
16 2 4 10384 0.02151
16 2 4 10237 0.02177
16 2 4 10136 0.02118
16 2 5 162949 0.2577
16 2 5 162608 0.2563
16 2 5 161095 0.2535
16 2 5 153991 0.251
16 2 5 135670 0.3042
16 2 5 128537 0.2038
16 2 5 128059 0.195
16 2 5 127061 0.1971
16 2 5 122051 0.1378
16 2 5 118345 0.1624
16 2 5 108987 0.1352
16 2 5 108326 0.1382
16 2 5 107610 0.1335
16 2 5 104735 0.1236
16 2 5 98259 0.1465
16 2 5 92091 0.1412
16 2 5 83673 0.132
16 2 5 74621 0.1189
16 2 5 73091 0.1184
16 2 5 64486 0.08408
16 2 5 64238 0.0845
16 2 5 63721 0.08559
16 2 5 59993 0.07988
16 2 5 54376 0.09695
16 2 5 51601 0.09221
16 2 5 41930 0.05387
16 2 5 41840 0.0533
16 2 5 41736 0.05235
16 2 5 41318 0.05297
16 2 5 36233 0.06765
16 2 5 35364 0.06526
16 2 5 28441 0.03274
16 2 5 28406 0.03475
16 2 5 28357 0.03394
16 2 5 28185 0.03337
16 2 5 25519 0.05037
16 2 5 24568 0.04954
16 2 5 16225 0.01845
16 2 5 16218 0.0194
16 2 5 16208 0.02013
16 2 5 16199 0.0201
16 2 5 15551 0.0304
16 2 5 15226 0.03027
16 2 5 14834 0.03003
16 2 5 10537 0.01415
16 2 5 10534 0.01469
16 2 5 10531 0.01369
16 2 5 10524 0.01405
16 2 5 10280 0.0217
16 2 5 10130 0.02173
