8 5 1 100000 0.113
8 5 1 100000 0.1121
8 5 1 100000 0.1077
8 5 1 100000 0.1085
8 5 1 100000 0.1052
8 5 1 100000 0.1013
8 5 1 100000 0.1046
8 5 1 100000 0.1048
8 5 1 100000 0.1037
8 5 1 100000 0.1037
8 5 1 100000 0.1027
8 5 1 100000 0.1035
8 5 1 85000 0.09417
8 5 1 85000 0.09443
8 5 1 85000 0.09485
8 5 1 85000 0.09439
8 5 1 85000 0.09398
8 5 1 85000 0.09093
8 5 1 85000 0.09208
8 5 1 85000 0.09161
8 5 1 85000 0.09224
8 5 1 85000 0.09224
8 5 1 85000 0.08953
8 5 1 85000 0.09216
8 5 1 85000 0.09273
8 5 1 75000 0.08591
8 5 1 75000 0.08359
8 5 1 75000 0.08517
8 5 1 75000 0.08396
8 5 1 75000 0.08474
8 5 1 75000 0.08267
8 5 1 75000 0.0829
8 5 1 75000 0.08295
8 5 1 75000 0.08354
8 5 1 75000 0.0837
8 5 1 75000 0.0824
8 5 1 75000 0.0803
8 5 1 75000 0.08298
8 5 1 50000 0.06051
8 5 1 50000 0.0637
8 5 1 50000 0.06238
8 5 1 50000 0.06317
8 5 1 50000 0.06005
8 5 1 50000 0.05926
8 5 1 50000 0.05975
8 5 1 50000 0.06102
8 5 1 50000 0.06028
8 5 1 50000 0.05852
8 5 1 50000 0.06017
8 5 1 50000 0.0574
8 5 1 35000 0.04535
8 5 1 35000 0.04585
8 5 1 35000 0.04525
8 5 1 35000 0.04351
8 5 1 35000 0.04325
8 5 1 35000 0.04301
8 5 1 35000 0.04217
8 5 1 35000 0.04253
8 5 1 35000 0.04151
8 5 1 35000 0.04195
8 5 1 35000 0.04077
8 5 1 35000 0.04239
8 5 1 25000 0.02933
8 5 1 25000 0.02883
8 5 1 25000 0.02987
8 5 1 25000 0.02839
8 5 1 25000 0.02941
8 5 1 25000 0.02832
8 5 1 25000 0.02753
8 5 1 25000 0.02637
8 5 1 25000 0.02682
8 5 1 25000 0.02533
8 5 1 25000 0.02862
8 5 1 25000 0.02676
8 5 1 25000 0.02774
8 5 1 15000 0.01911
8 5 1 15000 0.01896
8 5 1 15000 0.01835
8 5 1 15000 0.01838
8 5 1 15000 0.01735
8 5 1 15000 0.01728
8 5 1 15000 0.01759
8 5 1 15000 0.01737
8 5 1 15000 0.01822
8 5 1 15000 0.01767
8 5 1 15000 0.01784
8 5 1 15000 0.01724
8 5 1 10000 0.01336
8 5 1 10000 0.01299
8 5 1 10000 0.01339
8 5 1 10000 0.01325
8 5 1 10000 0.01275
8 5 1 10000 0.01247
8 5 1 10000 0.01291
8 5 1 10000 0.01202
8 5 1 10000 0.01215
8 5 1 10000 0.01261
8 5 1 10000 0.01273
8 5 1 10000 0.01227
8 5 1 10000 0.01243
8 5 2 113159 0.1148
8 5 2 113086 0.1128
8 5 2 113000 0.1167
8 5 2 112865 0.1141
8 5 2 112243 0.1149
8 5 2 112222 0.1115
8 5 2 110513 0.1121
8 5 2 108244 0.1116
8 5 2 107076 0.1085
8 5 2 105899 0.109
8 5 2 103028 0.1068
8 5 2 102561 0.1088
8 5 2 94474 0.09835
8 5 2 94395 0.1001
8 5 2 94275 0.09933
8 5 2 94160 0.1004
8 5 2 93931 0.09953
8 5 2 93416 0.0974
8 5 2 92417 0.09736
8 5 2 91594 0.09728
8 5 2 89322 0.09689
8 5 2 88035 0.09571
8 5 2 87862 0.09578
8 5 2 84558 0.09347
8 5 2 82513 0.08876
8 5 2 82377 0.08887
8 5 2 82325 0.08942
8 5 2 82245 0.09033
8 5 2 82164 0.08821
8 5 2 82057 0.09157
8 5 2 81684 0.09236
8 5 2 80609 0.08836
8 5 2 80418 0.08878
8 5 2 78237 0.08533
8 5 2 77063 0.08674
8 5 2 76571 0.08384
8 5 2 72791 0.08418
8 5 2 53381 0.06349
8 5 2 53372 0.06542
8 5 2 53310 0.06402
8 5 2 53277 0.06483
8 5 2 53249 0.06412
8 5 2 53225 0.06612
8 5 2 53200 0.06332
8 5 2 53066 0.06506
8 5 2 52768 0.0639
8 5 2 52067 0.06268
8 5 2 51214 0.06249
8 5 2 49645 0.05925
8 5 2 48632 0.05972
8 5 2 36662 0.0446
8 5 2 36625 0.04266
8 5 2 36604 0.04495
8 5 2 36589 0.04485
8 5 2 36578 0.04361
8 5 2 36572 0.04283
8 5 2 36564 0.04309
8 5 2 36541 0.04323
8 5 2 36201 0.04409
8 5 2 36126 0.04459
8 5 2 35262 0.04419
8 5 2 34912 0.04286
8 5 2 33687 0.03927
8 5 2 25842 0.02893
8 5 2 25835 0.0274
8 5 2 25823 0.02912
8 5 2 25817 0.0283
8 5 2 25803 0.02864
8 5 2 25790 0.02824
8 5 2 25773 0.02885
8 5 2 25729 0.02825
8 5 2 25269 0.02904
8 5 2 25004 0.02766
8 5 2 24912 0.02625
8 5 2 24636 0.02699
8 5 2 15303 0.01822
8 5 2 15300 0.01785
8 5 2 15297 0.01823
8 5 2 15294 0.01822
8 5 2 15294 0.01706
8 5 2 15291 0.01737
8 5 2 15286 0.01701
8 5 2 15277 0.01738
8 5 2 15220 0.01888
8 5 2 15075 0.01792
8 5 2 14974 0.0182
8 5 2 14826 0.01851
8 5 2 14697 0.01723
8 5 2 10133 0.01243
8 5 2 10132 0.01253
8 5 2 10131 0.01281
8 5 2 10130 0.01245
8 5 2 10129 0.0126
8 5 2 10127 0.01224
8 5 2 10125 0.0125
8 5 2 10111 0.01285
8 5 2 10055 0.01247
8 5 2 9993 0.01266
8 5 2 9919 0.01237
8 5 2 9858 0.01292
8 5 3 127695 0.1837
8 5 3 127089 0.179
8 5 3 126079 0.1702
8 5 3 121593 0.1257
8 5 3 120805 0.1217
8 5 3 119866 0.1204
8 5 3 119059 0.1174
8 5 3 116712 0.1173
8 5 3 115148 0.1177
8 5 3 110466 0.1148
8 5 3 105565 0.1094
8 5 3 104333 0.1077
8 5 3 103878 0.109
8 5 3 103762 0.1066
8 5 3 102285 0.1073
8 5 3 100297 0.1052
8 5 3 98532 0.1047
8 5 3 97466 0.104
8 5 3 95639 0.1042
8 5 3 95482 0.103
8 5 3 93407 0.09406
8 5 3 93407 0.09365
8 5 3 90557 0.0961
8 5 3 90342 0.09692
8 5 3 90250 0.09781
8 5 3 90187 0.09802
8 5 3 90137 0.09676
8 5 3 89310 0.0971
8 5 3 88346 0.09497
8 5 3 85657 0.09333
8 5 3 83881 0.09522
8 5 3 83039 0.0881
8 5 3 80202 0.08926
8 5 3 78543 0.08604
8 5 3 77348 0.08495
8 5 3 76576 0.08492
8 5 3 72663 0.08217
8 5 3 70787 0.08346
8 5 3 56733 0.0683
8 5 3 56677 0.06389
8 5 3 56406 0.07182
8 5 3 56032 0.0778
8 5 3 54914 0.07783
8 5 3 54495 0.07302
8 5 3 53000 0.07419
8 5 3 52735 0.07285
8 5 3 52002 0.07371
8 5 3 50573 0.0704
8 5 3 48760 0.06909
8 5 3 45794 0.06339
8 5 3 38269 0.05241
8 5 3 38252 0.0511
8 5 3 38209 0.04876
8 5 3 38153 0.04829
8 5 3 38102 0.05057
8 5 3 37851 0.04763
8 5 3 37442 0.05163
8 5 3 37129 0.04658
8 5 3 36383 0.04778
8 5 3 35689 0.04638
8 5 3 35279 0.04437
8 5 3 34800 0.04287
8 5 3 26709 0.02971
8 5 3 26683 0.02906
8 5 3 26653 0.03024
8 5 3 26648 0.03015
8 5 3 26611 0.03128
8 5 3 26586 0.03066
8 5 3 26490 0.03059
8 5 3 26103 0.02835
8 5 3 25796 0.02891
8 5 3 25642 0.02958
8 5 3 25274 0.02928
8 5 3 25076 0.03036
8 5 3 24191 0.02735
8 5 3 15610 0.0198
8 5 3 15605 0.01936
8 5 3 15601 0.01889
8 5 3 15597 0.01921
8 5 3 15590 0.01908
8 5 3 15583 0.01944
8 5 3 15559 0.01832
8 5 3 15456 0.02031
8 5 3 15317 0.01802
8 5 3 15169 0.01829
8 5 3 15017 0.01822
8 5 3 14854 0.01876
8 5 3 14603 0.01847
8 5 3 10263 0.01316
8 5 3 10262 0.01365
8 5 3 10258 0.01335
8 5 3 10249 0.0137
8 5 3 10246 0.01364
8 5 3 10179 0.01302
8 5 3 10128 0.0128
8 5 3 10076 0.01354
8 5 3 10045 0.01285
8 5 3 10027 0.01292
8 5 3 9943 0.01303
8 5 3 9815 0.01281
8 5 4 142085 0.1935
8 5 4 137090 0.1912
8 5 4 132512 0.1855
8 5 4 130411 0.1781
8 5 4 130377 0.1846
8 5 4 129795 0.1816
8 5 4 127040 0.1779
8 5 4 124116 0.1848
8 5 4 120629 0.1186
8 5 4 119996 0.1224
8 5 4 113104 0.1189
8 5 4 113002 0.117
8 5 4 109664 0.1103
8 5 4 107853 0.1095
8 5 4 107117 0.111
8 5 4 106928 0.11
8 5 4 105065 0.1122
8 5 4 103249 0.1083
8 5 4 101376 0.1075
8 5 4 99914 0.1072
8 5 4 98982 0.1021
8 5 4 98673 0.1067
8 5 4 96541 0.101
8 5 4 95538 0.1019
8 5 4 95144 0.1032
8 5 4 94870 0.09844
8 5 4 94349 0.09869
8 5 4 93937 0.09912
8 5 4 91120 0.0982
8 5 4 89321 0.09823
8 5 4 89001 0.09517
8 5 4 87594 0.09239
8 5 4 84441 0.094
8 5 4 84325 0.09197
8 5 4 78675 0.09005
8 5 4 78489 0.08972
8 5 4 76938 0.08646
8 5 4 70020 0.07983
8 5 4 60101 0.07164
8 5 4 59282 0.06981
8 5 4 57454 0.06663
8 5 4 57102 0.06725
8 5 4 56465 0.06741
8 5 4 56110 0.06768
8 5 4 55203 0.06741
8 5 4 54478 0.06705
8 5 4 53062 0.06707
8 5 4 50798 0.06282
8 5 4 49842 0.06392
8 5 4 48009 0.05965
8 5 4 39899 0.0485
8 5 4 39293 0.04708
8 5 4 38696 0.04575
8 5 4 38358 0.04682
8 5 4 38136 0.04778
8 5 4 38028 0.04481
8 5 4 37906 0.04561
8 5 4 37478 0.04602
8 5 4 36928 0.04594
8 5 4 36604 0.04378
8 5 4 35842 0.04503
8 5 4 33805 0.03951
8 5 4 27601 0.03017
8 5 4 27546 0.03098
8 5 4 27530 0.03177
8 5 4 27460 0.0294
8 5 4 27312 0.03025
8 5 4 26769 0.03129
8 5 4 26623 0.02931
8 5 4 26553 0.03018
8 5 4 26361 0.03051
8 5 4 25782 0.03063
8 5 4 25466 0.02813
8 5 4 24987 0.02779
8 5 4 24708 0.02789
8 5 4 15904 0.01886
8 5 4 15902 0.01956
8 5 4 15882 0.01894
8 5 4 15844 0.01877
8 5 4 15639 0.01879
8 5 4 15604 0.01942
8 5 4 15568 0.01892
8 5 4 15554 0.01939
8 5 4 15439 0.01875
8 5 4 15285 0.01844
8 5 4 15066 0.01825
8 5 4 14860 0.01853
8 5 4 14716 0.019
8 5 4 10394 0.01377
8 5 4 10389 0.01303
8 5 4 10331 0.01398
8 5 4 10257 0.01311
8 5 4 10252 0.01373
8 5 4 10240 0.01334
8 5 4 10194 0.01363
8 5 4 10159 0.0132
8 5 4 10132 0.01288
8 5 4 10030 0.01315
8 5 4 9954 0.01305
8 5 4 9866 0.0136
8 5 5 155952 0.194
8 5 5 148948 0.1871
8 5 5 145840 0.1926
8 5 5 143190 0.1864
8 5 5 138282 0.1893
8 5 5 137179 0.1793
8 5 5 132144 0.1834
8 5 5 132063 0.1628
8 5 5 130702 0.1928
8 5 5 127455 0.1687
8 5 5 121959 0.1209
8 5 5 120911 0.1202
8 5 5 118099 0.1163
8 5 5 116648 0.1196
8 5 5 114439 0.1161
8 5 5 110818 0.1157
8 5 5 110761 0.1156
8 5 5 110048 0.1129
8 5 5 107656 0.1126
8 5 5 105129 0.1109
8 5 5 104819 0.1148
8 5 5 102808 0.1061
8 5 5 101830 0.1046
8 5 5 101737 0.1035
8 5 5 101452 0.1049
8 5 5 100137 0.1063
8 5 5 99827 0.1067
8 5 5 97952 0.1013
8 5 5 96464 0.09884
8 5 5 95751 0.09934
8 5 5 93077 0.09596
8 5 5 91541 0.1002
8 5 5 90189 0.09631
8 5 5 89703 0.09874
8 5 5 84018 0.0928
8 5 5 82856 0.09138
8 5 5 77206 0.08829
8 5 5 77130 0.08522
8 5 5 62619 0.07256
8 5 5 61291 0.07214
8 5 5 60784 0.07111
8 5 5 59528 0.06986
8 5 5 58207 0.0692
8 5 5 57421 0.0662
8 5 5 56299 0.0667
8 5 5 55839 0.06517
8 5 5 53220 0.06567
8 5 5 52476 0.06473
8 5 5 50825 0.06305
8 5 5 45258 0.05747
8 5 5 41109 0.04815
8 5 5 40828 0.04652
8 5 5 40042 0.04811
8 5 5 39900 0.04715
8 5 5 39636 0.04821
8 5 5 39247 0.04834
8 5 5 38518 0.04675
8 5 5 38375 0.0442
8 5 5 37531 0.04453
8 5 5 37460 0.04453
8 5 5 36985 0.0455
8 5 5 34220 0.04169
8 5 5 33353 0.04031
8 5 5 28394 0.02923
8 5 5 28052 0.03136
8 5 5 27803 0.02999
8 5 5 27644 0.02972
8 5 5 27284 0.02922
8 5 5 27240 0.02858
8 5 5 26786 0.03072
8 5 5 26605 0.03071
8 5 5 25808 0.02717
8 5 5 25494 0.02673
8 5 5 25202 0.02816
8 5 5 24899 0.02815
8 5 5 16201 0.01841
8 5 5 16176 0.01851
8 5 5 15999 0.01807
8 5 5 15934 0.01829
8 5 5 15874 0.01832
8 5 5 15819 0.01769
8 5 5 15711 0.01851
8 5 5 15645 0.01784
8 5 5 15458 0.01893
8 5 5 15328 0.01902
8 5 5 14996 0.01813
8 5 5 14760 0.01792
8 5 5 10531 0.01301
8 5 5 10528 0.01313
8 5 5 10524 0.01318
8 5 5 10447 0.01311
8 5 5 10387 0.01358
8 5 5 10370 0.01342
8 5 5 10298 0.01319
8 5 5 10285 0.01332
8 5 5 10197 0.01389
8 5 5 10176 0.01305
8 5 5 10130 0.01219
8 5 5 10080 0.01231
8 5 5 9893 0.01304
