8 4 1 100000 0.1527
8 4 1 100000 0.1512
8 4 1 100000 0.1479
8 4 1 100000 0.1462
8 4 1 100000 0.1456
8 4 1 100000 0.1462
8 4 1 100000 0.1451
8 4 1 100000 0.1384
8 4 1 100000 0.1458
8 4 1 100000 0.1428
8 4 1 100000 0.1059
8 4 1 100000 0.1047
8 4 1 100000 0.1043
8 4 1 85000 0.09591
8 4 1 85000 0.09303
8 4 1 85000 0.09391
8 4 1 85000 0.09416
8 4 1 85000 0.09494
8 4 1 85000 0.09536
8 4 1 85000 0.09413
8 4 1 85000 0.09614
8 4 1 85000 0.0933
8 4 1 85000 0.09369
8 4 1 85000 0.09402
8 4 1 85000 0.09304
8 4 1 75000 0.08607
8 4 1 75000 0.0832
8 4 1 75000 0.08496
8 4 1 75000 0.08397
8 4 1 75000 0.0843
8 4 1 75000 0.08498
8 4 1 75000 0.08599
8 4 1 75000 0.08496
8 4 1 75000 0.09962
8 4 1 75000 0.1069
8 4 1 75000 0.1065
8 4 1 75000 0.09335
8 4 1 50000 0.05922
8 4 1 50000 0.06173
8 4 1 50000 0.06092
8 4 1 50000 0.0616
8 4 1 50000 0.06053
8 4 1 50000 0.0613
8 4 1 50000 0.06047
8 4 1 50000 0.05989
8 4 1 50000 0.06288
8 4 1 50000 0.0615
8 4 1 50000 0.05827
8 4 1 50000 0.06131
8 4 1 50000 0.06222
8 4 1 35000 0.04359
8 4 1 35000 0.04414
8 4 1 35000 0.04176
8 4 1 35000 0.04344
8 4 1 35000 0.0448
8 4 1 35000 0.04156
8 4 1 35000 0.04297
8 4 1 35000 0.04285
8 4 1 35000 0.04346
8 4 1 35000 0.04231
8 4 1 35000 0.04283
8 4 1 35000 0.04267
8 4 1 35000 0.04308
8 4 1 25000 0.02709
8 4 1 25000 0.0283
8 4 1 25000 0.02876
8 4 1 25000 0.02891
8 4 1 25000 0.02876
8 4 1 25000 0.02933
8 4 1 25000 0.02851
8 4 1 25000 0.02725
8 4 1 25000 0.02953
8 4 1 25000 0.0278
8 4 1 25000 0.02839
8 4 1 25000 0.02987
8 4 1 15000 0.01801
8 4 1 15000 0.01759
8 4 1 15000 0.01792
8 4 1 15000 0.01755
8 4 1 15000 0.01813
8 4 1 15000 0.01827
8 4 1 15000 0.01776
8 4 1 15000 0.01744
8 4 1 15000 0.01777
8 4 1 15000 0.01809
8 4 1 15000 0.0183
8 4 1 15000 0.01918
8 4 1 15000 0.01809
8 4 1 10000 0.01299
8 4 1 10000 0.01301
8 4 1 10000 0.01267
8 4 1 10000 0.01304
8 4 1 10000 0.01265
8 4 1 10000 0.01289
8 4 1 10000 0.01263
8 4 1 10000 0.01265
8 4 1 10000 0.01221
8 4 1 10000 0.01309
8 4 1 10000 0.01259
8 4 1 10000 0.01268
8 4 2 113238 0.1154
8 4 2 111523 0.1128
8 4 2 109653 0.111
8 4 2 107775 0.1023
8 4 2 107215 0.1072
8 4 2 105237 0.1068
8 4 2 103475 0.1072
8 4 2 103250 0.108
8 4 2 99033 0.1011
8 4 2 97726 0.1007
8 4 2 96476 0.09868
8 4 2 94746 0.09984
8 4 2 94691 0.0981
8 4 2 92774 0.09721
8 4 2 92330 0.09814
8 4 2 92251 0.09575
8 4 2 90767 0.09366
8 4 2 89879 0.09392
8 4 2 87740 0.09183
8 4 2 85856 0.09095
8 4 2 85064 0.08909
8 4 2 83974 0.08919
8 4 2 83573 0.08954
8 4 2 82425 0.08999
8 4 2 82011 0.08764
8 4 2 81522 0.08909
8 4 2 78856 0.08424
8 4 2 78477 0.08611
8 4 2 77930 0.1105
8 4 2 77659 0.1088
8 4 2 77480 0.1112
8 4 2 76571 0.1072
8 4 2 75240 0.1066
8 4 2 74838 0.1071
8 4 2 73824 0.1045
8 4 2 72791 0.1041
8 4 2 71627 0.1006
8 4 2 70387 0.09892
8 4 2 53145 0.07619
8 4 2 52945 0.07851
8 4 2 52564 0.07672
8 4 2 52234 0.077
8 4 2 52173 0.07577
8 4 2 51640 0.07478
8 4 2 51197 0.07492
8 4 2 50185 0.07314
8 4 2 49985 0.07191
8 4 2 48668 0.07091
8 4 2 47654 0.0728
8 4 2 46441 0.0665
8 4 2 36662 0.05292
8 4 2 36657 0.05171
8 4 2 36640 0.05295
8 4 2 36537 0.05071
8 4 2 36415 0.0503
8 4 2 36166 0.05197
8 4 2 36004 0.05183
8 4 2 35612 0.05038
8 4 2 35262 0.0516
8 4 2 34805 0.0481
8 4 2 34088 0.046
8 4 2 33687 0.04564
8 4 2 25848 0.03326
8 4 2 25837 0.0321
8 4 2 25833 0.03212
8 4 2 25824 0.03227
8 4 2 25700 0.0327
8 4 2 25370 0.03097
8 4 2 25280 0.03027
8 4 2 25125 0.03141
8 4 2 24996 0.03096
8 4 2 24782 0.03155
8 4 2 24409 0.03028
8 4 2 24238 0.02995
8 4 2 24132 0.0295
8 4 2 15304 0.01951
8 4 2 15301 0.01972
8 4 2 15293 0.0201
8 4 2 15283 0.01914
8 4 2 15249 0.01939
8 4 2 15160 0.02011
8 4 2 15060 0.01913
8 4 2 14907 0.01966
8 4 2 14875 0.01904
8 4 2 14817 0.01894
8 4 2 14785 0.01923
8 4 2 14778 0.01929
8 4 2 10133 0.01415
8 4 2 10133 0.01358
8 4 2 10128 0.01415
8 4 2 10118 0.01398
8 4 2 10097 0.01399
8 4 2 10093 0.01392
8 4 2 10092 0.01373
8 4 2 10064 0.01405
8 4 2 10036 0.0134
8 4 2 10007 0.01336
8 4 2 9949 0.01374
8 4 2 9943 0.01327
8 4 2 9891 0.01375
8 4 3 120162 0.1571
8 4 3 115914 0.1531
8 4 3 114930 0.1521
8 4 3 111888 0.1509
8 4 3 110717 0.1448
8 4 3 110346 0.1156
8 4 3 109881 0.1245
8 4 3 106213 0.1086
8 4 3 104533 0.1072
8 4 3 102028 0.1055
8 4 3 101387 0.1023
8 4 3 100674 0.1012
8 4 3 98175 0.09488
8 4 3 96575 0.0932
8 4 3 95731 0.09902
8 4 3 92502 0.09674
8 4 3 91665 0.09651
8 4 3 90921 0.09561
8 4 3 89290 0.09388
8 4 3 89209 0.09462
8 4 3 86334 0.09096
8 4 3 85733 0.09121
8 4 3 84962 0.09022
8 4 3 83895 0.08921
8 4 3 82916 0.08871
8 4 3 82695 0.08812
8 4 3 81312 0.08595
8 4 3 80222 0.08567
8 4 3 79116 0.0839
8 4 3 78930 0.08481
8 4 3 78540 0.08353
8 4 3 76640 0.08221
8 4 3 76569 0.08307
8 4 3 74818 0.08132
8 4 3 74605 0.0827
8 4 3 72101 0.08099
8 4 3 71559 0.07915
8 4 3 69261 0.0761
8 4 3 56135 0.06629
8 4 3 55949 0.06528
8 4 3 54787 0.06433
8 4 3 53909 0.06316
8 4 3 53424 0.06448
8 4 3 52865 0.06199
8 4 3 51933 0.05994
8 4 3 50780 0.06135
8 4 3 50147 0.06064
8 4 3 48577 0.0559
8 4 3 46593 0.05701
8 4 3 46066 0.05413
8 4 3 38235 0.04648
8 4 3 37284 0.0447
8 4 3 37176 0.04373
8 4 3 37135 0.04297
8 4 3 36752 0.04338
8 4 3 36446 0.04307
8 4 3 36257 0.04285
8 4 3 35120 0.04219
8 4 3 35107 0.04157
8 4 3 35021 0.04281
8 4 3 34725 0.0418
8 4 3 34015 0.0393
8 4 3 26708 0.03056
8 4 3 26582 0.03116
8 4 3 26531 0.03053
8 4 3 25894 0.02827
8 4 3 25889 0.02943
8 4 3 25277 0.02831
8 4 3 25189 0.02708
8 4 3 24983 0.02807
8 4 3 24945 0.02974
8 4 3 24820 0.02836
8 4 3 24752 0.029
8 4 3 24189 0.02766
8 4 3 24050 0.02728
8 4 3 15607 0.01905
8 4 3 15585 0.01853
8 4 3 15459 0.0185
8 4 3 15378 0.0186
8 4 3 15338 0.01842
8 4 3 15183 0.01702
8 4 3 15107 0.01882
8 4 3 15082 0.01842
8 4 3 15039 0.01876
8 4 3 14985 0.01839
8 4 3 14842 0.01767
8 4 3 14697 0.01734
8 4 3 14656 0.0176
8 4 3 10252 0.01375
8 4 3 10232 0.01309
8 4 3 10229 0.01284
8 4 3 10168 0.01274
8 4 3 10141 0.01333
8 4 3 10128 0.01262
8 4 3 10083 0.01245
8 4 3 10044 0.01261
8 4 3 10003 0.01266
8 4 3 9980 0.01236
8 4 3 9866 0.01327
8 4 3 9837 0.01237
8 4 4 135866 0.2073
8 4 4 122355 0.1234
8 4 4 121147 0.1191
8 4 4 118761 0.1181
8 4 4 114340 0.1128
8 4 4 108847 0.1072
8 4 4 107040 0.1076
8 4 4 107012 0.1083
8 4 4 104555 0.1081
8 4 4 102147 0.1048
8 4 4 102124 0.1057
8 4 4 101495 0.1036
8 4 4 98456 0.1018
8 4 4 96363 0.09948
8 4 4 95636 0.1
8 4 4 95415 0.09953
8 4 4 94540 0.09601
8 4 4 93108 0.1031
8 4 4 92951 0.1306
8 4 4 92319 0.1044
8 4 4 90568 0.09355
8 4 4 89810 0.09462
8 4 4 88269 0.09071
8 4 4 87063 0.094
8 4 4 86040 0.09104
8 4 4 85908 0.09195
8 4 4 84177 0.08981
8 4 4 83423 0.08411
8 4 4 83177 0.08879
8 4 4 82746 0.08694
8 4 4 81035 0.08707
8 4 4 80635 0.08662
8 4 4 75429 0.08138
8 4 4 75271 0.08131
8 4 4 72882 0.08106
8 4 4 70951 0.07795
8 4 4 66231 0.0722
8 4 4 59473 0.06943
8 4 4 58629 0.0685
8 4 4 58498 0.06888
8 4 4 57941 0.06683
8 4 4 56882 0.06561
8 4 4 56416 0.06596
8 4 4 53403 0.06462
8 4 4 52499 0.06258
8 4 4 51357 0.0606
8 4 4 50563 0.06147
8 4 4 49452 0.05788
8 4 4 48959 0.05695
8 4 4 44971 0.05377
8 4 4 39004 0.04699
8 4 4 38876 0.04647
8 4 4 38206 0.04491
8 4 4 38042 0.04483
8 4 4 37453 0.04368
8 4 4 36776 0.04474
8 4 4 36206 0.04452
8 4 4 36112 0.04268
8 4 4 35767 0.04279
8 4 4 35386 0.04303
8 4 4 34943 0.04082
8 4 4 34101 0.04097
8 4 4 33839 0.03872
8 4 4 26619 0.03057
8 4 4 26199 0.02955
8 4 4 26031 0.02908
8 4 4 25854 0.02855
8 4 4 25778 0.03003
8 4 4 25642 0.02866
8 4 4 25479 0.02936
8 4 4 25095 0.02784
8 4 4 24987 0.02936
8 4 4 24504 0.02928
8 4 4 24129 0.02793
8 4 4 23696 0.02739
8 4 4 15919 0.01855
8 4 4 15695 0.01893
8 4 4 15671 0.01874
8 4 4 15590 0.01907
8 4 4 15381 0.01813
8 4 4 15364 0.01939
8 4 4 15279 0.01857
8 4 4 15196 0.02062
8 4 4 15108 0.02033
8 4 4 14803 0.0189
8 4 4 14627 0.01987
8 4 4 14409 0.01887
8 4 4 10378 0.0147
8 4 4 10376 0.01477
8 4 4 10350 0.01458
8 4 4 10313 0.0143
8 4 4 10280 0.01464
8 4 4 10261 0.01472
8 4 4 10160 0.01436
8 4 4 10115 0.01319
8 4 4 10097 0.01427
8 4 4 10042 0.0137
8 4 4 10002 0.01372
8 4 4 9945 0.01393
8 4 4 9824 0.01416
8 4 5 142877 0.2533
8 4 5 131559 0.2355
8 4 5 127445 0.2328
8 4 5 122318 0.1661
8 4 5 120675 0.1653
8 4 5 113593 0.1581
8 4 5 111594 0.1488
8 4 5 111187 0.151
8 4 5 106457 0.1476
8 4 5 106431 0.138
8 4 5 105323 0.1205
8 4 5 102622 0.1049
8 4 5 100474 0.1001
8 4 5 100087 0.1032
8 4 5 99154 0.103
8 4 5 98996 0.1029
8 4 5 96526 0.09794
8 4 5 95081 0.09755
8 4 5 94420 0.0959
8 4 5 93972 0.09609
8 4 5 92622 0.09738
8 4 5 91074 0.0947
8 4 5 90701 0.09421
8 4 5 89628 0.09183
8 4 5 89563 0.09141
8 4 5 88248 0.09352
8 4 5 86445 0.09081
8 4 5 86100 0.08972
8 4 5 85547 0.08949
8 4 5 83866 0.08852
8 4 5 82329 0.08938
8 4 5 79894 0.08513
8 4 5 79052 0.08393
8 4 5 74871 0.0789
8 4 5 73594 0.08117
8 4 5 71875 0.07839
8 4 5 68440 0.07678
8 4 5 61416 0.07109
8 4 5 60391 0.06947
8 4 5 59501 0.07168
8 4 5 58380 0.06839
8 4 5 55908 0.06572
8 4 5 54109 0.06455
8 4 5 53829 0.06302
8 4 5 53650 0.06501
8 4 5 51373 0.06093
8 4 5 50940 0.0597
8 4 5 50031 0.05803
8 4 5 46997 0.05637
8 4 5 46677 0.05689
8 4 5 40431 0.04761
8 4 5 39937 0.04739
8 4 5 39801 0.04739
8 4 5 37665 0.04468
8 4 5 37433 0.04653
8 4 5 37140 0.04423
8 4 5 36759 0.04463
8 4 5 36561 0.04349
8 4 5 36052 0.0442
8 4 5 35576 0.04245
8 4 5 35015 0.04123
8 4 5 34416 0.04109
8 4 5 34107 0.04043
8 4 5 27065 0.03213
8 4 5 26565 0.03184
8 4 5 26435 0.02951
8 4 5 26182 0.03089
8 4 5 25912 0.03045
8 4 5 25420 0.02942
8 4 5 25245 0.02846
8 4 5 25031 0.02839
8 4 5 24939 0.02886
8 4 5 24414 0.02885
8 4 5 24103 0.02949
8 4 5 23324 0.02694
8 4 5 16170 0.01956
8 4 5 15861 0.01956
8 4 5 15763 0.0191
8 4 5 15643 0.01881
8 4 5 15553 0.01984
8 4 5 15523 0.01789
8 4 5 15470 0.01881
8 4 5 15375 0.0184
8 4 5 15195 0.01901
8 4 5 14917 0.01778
8 4 5 14676 0.01755
8 4 5 14646 0.01784
8 4 5 10498 0.0134
8 4 5 10378 0.0134
8 4 5 10374 0.01459
8 4 5 10288 0.01391
8 4 5 10242 0.01304
8 4 5 10219 0.01344
8 4 5 10175 0.01294
8 4 5 10160 0.01322
8 4 5 10116 0.01303
8 4 5 10052 0.01306
8 4 5 10019 0.01304
8 4 5 9965 0.0129
8 4 5 9722 0.0133
