8 7 1 100000 0.143
8 7 1 100000 0.1419
8 7 1 100000 0.1354
8 7 1 100000 0.1388
8 7 1 100000 0.137
8 7 1 100000 0.1352
8 7 1 100000 0.1362
8 7 1 100000 0.1149
8 7 1 100000 0.1098
8 7 1 100000 0.1117
8 7 1 100000 0.1123
8 7 1 100000 0.1118
8 7 1 85000 0.09841
8 7 1 85000 0.09768
8 7 1 85000 0.09768
8 7 1 85000 0.09594
8 7 1 85000 0.09667
8 7 1 85000 0.09769
8 7 1 85000 0.09511
8 7 1 85000 0.09343
8 7 1 85000 0.1001
8 7 1 85000 0.09764
8 7 1 85000 0.0989
8 7 1 85000 0.09814
8 7 1 85000 0.09762
8 7 1 75000 0.08678
8 7 1 75000 0.08729
8 7 1 75000 0.08679
8 7 1 75000 0.08695
8 7 1 75000 0.08713
8 7 1 75000 0.08682
8 7 1 75000 0.08827
8 7 1 75000 0.08954
8 7 1 75000 0.08882
8 7 1 75000 0.08918
8 7 1 75000 0.08885
8 7 1 75000 0.08821
8 7 1 75000 0.08511
8 7 1 50000 0.06154
8 7 1 50000 0.06247
8 7 1 50000 0.06435
8 7 1 50000 0.06236
8 7 1 50000 0.0634
8 7 1 50000 0.06242
8 7 1 50000 0.06365
8 7 1 50000 0.06193
8 7 1 50000 0.06295
8 7 1 50000 0.06431
8 7 1 50000 0.06162
8 7 1 50000 0.06107
8 7 1 35000 0.04246
8 7 1 35000 0.04544
8 7 1 35000 0.04374
8 7 1 35000 0.04394
8 7 1 35000 0.04305
8 7 1 35000 0.04447
8 7 1 35000 0.04354
8 7 1 35000 0.04462
8 7 1 35000 0.04441
8 7 1 35000 0.04272
8 7 1 35000 0.04337
8 7 1 35000 0.04284
8 7 1 25000 0.02906
8 7 1 25000 0.02831
8 7 1 25000 0.02879
8 7 1 25000 0.02903
8 7 1 25000 0.02758
8 7 1 25000 0.02946
8 7 1 25000 0.02943
8 7 1 25000 0.02855
8 7 1 25000 0.02919
8 7 1 25000 0.02829
8 7 1 25000 0.02904
8 7 1 25000 0.02908
8 7 1 25000 0.02912
8 7 1 15000 0.0177
8 7 1 15000 0.01764
8 7 1 15000 0.01816
8 7 1 15000 0.01839
8 7 1 15000 0.0178
8 7 1 15000 0.01772
8 7 1 15000 0.01768
8 7 1 15000 0.01756
8 7 1 15000 0.01786
8 7 1 15000 0.01752
8 7 1 15000 0.0177
8 7 1 15000 0.01782
8 7 1 10000 0.01277
8 7 1 10000 0.01268
8 7 1 10000 0.01285
8 7 1 10000 0.0128
8 7 1 10000 0.01272
8 7 1 10000 0.01297
8 7 1 10000 0.01256
8 7 1 10000 0.01265
8 7 1 10000 0.01291
8 7 1 10000 0.01239
8 7 1 10000 0.01292
8 7 1 10000 0.01294
8 7 1 10000 0.01247
8 7 2 113511 0.1243
8 7 2 113463 0.1248
8 7 2 112345 0.126
8 7 2 112037 0.1231
8 7 2 110775 0.1227
8 7 2 106426 0.1189
8 7 2 106134 0.1165
8 7 2 103795 0.1154
8 7 2 102682 0.1141
8 7 2 102632 0.1143
8 7 2 102343 0.1135
8 7 2 97111 0.1092
8 7 2 94730 0.1082
8 7 2 94699 0.1122
8 7 2 94208 0.1076
8 7 2 93554 0.1077
8 7 2 92403 0.1053
8 7 2 91680 0.1023
8 7 2 91349 0.1054
8 7 2 90683 0.1018
8 7 2 88139 0.1015
8 7 2 87194 0.09926
8 7 2 86271 0.09386
8 7 2 85403 0.09744
8 7 2 82612 0.09181
8 7 2 82609 0.09514
8 7 2 82538 0.09394
8 7 2 82495 0.09132
8 7 2 82233 0.09573
8 7 2 80553 0.09462
8 7 2 79914 0.09244
8 7 2 79318 0.09332
8 7 2 78927 0.09155
8 7 2 77956 0.08961
8 7 2 76710 0.08947
8 7 2 75678 0.08638
8 7 2 70593 0.08394
8 7 2 70327 0.08221
8 7 2 53376 0.06777
8 7 2 53372 0.06854
8 7 2 53360 0.06569
8 7 2 53325 0.06528
8 7 2 53281 0.06562
8 7 2 53180 0.06467
8 7 2 52831 0.06407
8 7 2 52699 0.0665
8 7 2 51840 0.06486
8 7 2 51209 0.06519
8 7 2 49999 0.06043
8 7 2 48585 0.05906
8 7 2 36662 0.04601
8 7 2 36661 0.04526
8 7 2 36657 0.04476
8 7 2 36643 0.0446
8 7 2 36639 0.04403
8 7 2 36624 0.04435
8 7 2 36312 0.04454
8 7 2 35147 0.04304
8 7 2 34912 0.04407
8 7 2 34559 0.03991
8 7 2 34256 0.04223
8 7 2 33687 0.03905
8 7 2 25843 0.02961
8 7 2 25838 0.02931
8 7 2 25832 0.03023
8 7 2 25829 0.02988
8 7 2 25824 0.0294
8 7 2 25822 0.02822
8 7 2 25654 0.02957
8 7 2 25596 0.02947
8 7 2 25420 0.02822
8 7 2 25232 0.02846
8 7 2 25179 0.02898
8 7 2 25004 0.02857
8 7 2 24443 0.02841
8 7 2 15304 0.01834
8 7 2 15303 0.01859
8 7 2 15303 0.0186
8 7 2 15301 0.01787
8 7 2 15300 0.01907
8 7 2 15294 0.01908
8 7 2 15280 0.01919
8 7 2 15213 0.01806
8 7 2 15064 0.01772
8 7 2 14986 0.0174
8 7 2 14974 0.01762
8 7 2 14714 0.01781
8 7 2 10135 0.01336
8 7 2 10135 0.01301
8 7 2 10134 0.01232
8 7 2 10134 0.0134
8 7 2 10133 0.01272
8 7 2 10132 0.01312
8 7 2 10130 0.01281
8 7 2 10121 0.01236
8 7 2 10121 0.01247
8 7 2 10086 0.01275
8 7 2 10044 0.01268
8 7 2 10021 0.01252
8 7 2 9940 0.01256
8 7 3 128548 0.1978
8 7 3 125897 0.1977
8 7 3 117825 0.126
8 7 3 115741 0.1242
8 7 3 114799 0.1219
8 7 3 114366 0.126
8 7 3 112469 0.1214
8 7 3 110754 0.123
8 7 3 109694 0.1201
8 7 3 107950 0.1198
8 7 3 107783 0.1212
8 7 3 106465 0.1208
8 7 3 103243 0.1149
8 7 3 102717 0.1149
8 7 3 100536 0.1129
8 7 3 97560 0.1108
8 7 3 96211 0.1083
8 7 3 95344 0.1056
8 7 3 90988 0.1042
8 7 3 90884 0.1057
8 7 3 90764 0.1041
8 7 3 90473 0.1062
8 7 3 89102 0.1033
8 7 3 88471 0.1025
8 7 3 86988 0.09955
8 7 3 86558 0.1016
8 7 3 86021 0.1007
8 7 3 85812 0.1002
8 7 3 83922 0.09681
8 7 3 83822 0.09548
8 7 3 83477 0.09816
8 7 3 82060 0.09543
8 7 3 81828 0.09519
8 7 3 81184 0.0954
8 7 3 77669 0.09524
8 7 3 76122 0.09156
8 7 3 71344 0.08528
8 7 3 69936 0.08472
8 7 3 56915 0.07308
8 7 3 56165 0.06903
8 7 3 55691 0.06847
8 7 3 55374 0.06759
8 7 3 54686 0.07013
8 7 3 54467 0.06895
8 7 3 54066 0.06786
8 7 3 53371 0.06856
8 7 3 53151 0.06573
8 7 3 53018 0.0662
8 7 3 52234 0.06693
8 7 3 48798 0.06199
8 7 3 38395 0.04787
8 7 3 38384 0.04645
8 7 3 38360 0.04578
8 7 3 37848 0.04718
8 7 3 37573 0.04704
8 7 3 37280 0.04611
8 7 3 36738 0.04684
8 7 3 36647 0.0462
8 7 3 36560 0.04669
8 7 3 35986 0.04569
8 7 3 35277 0.04304
8 7 3 33503 0.04059
8 7 3 26704 0.03015
8 7 3 26692 0.02989
8 7 3 26630 0.02938
8 7 3 26458 0.03011
8 7 3 26356 0.02961
8 7 3 25916 0.03082
8 7 3 25770 0.03041
8 7 3 25453 0.02984
8 7 3 25264 0.02961
8 7 3 25222 0.02929
8 7 3 25133 0.02793
8 7 3 25012 0.02863
8 7 3 24841 0.02958
8 7 3 15614 0.01965
8 7 3 15611 0.01966
8 7 3 15608 0.01876
8 7 3 15603 0.01903
8 7 3 15583 0.01922
8 7 3 15369 0.01863
8 7 3 15322 0.01855
8 7 3 15278 0.0189
8 7 3 15205 0.0185
8 7 3 15172 0.01787
8 7 3 15001 0.01873
8 7 3 14696 0.01802
8 7 3 14477 0.01816
8 7 3 10266 0.01349
8 7 3 10254 0.01354
8 7 3 10247 0.01356
8 7 3 10221 0.01306
8 7 3 10206 0.01286
8 7 3 10160 0.01322
8 7 3 10151 0.01299
8 7 3 10141 0.01326
8 7 3 10137 0.01372
8 7 3 10108 0.01288
8 7 3 10073 0.01285
8 7 3 9987 0.01312
8 7 4 136110 0.2084
8 7 4 133794 0.1983
8 7 4 129593 0.1961
8 7 4 126929 0.1972
8 7 4 125749 0.1924
8 7 4 125307 0.1915
8 7 4 122437 0.131
8 7 4 117469 0.1285
8 7 4 117180 0.1282
8 7 4 116042 0.1251
8 7 4 114419 0.1247
8 7 4 112399 0.1175
8 7 4 108751 0.1177
8 7 4 108471 0.1229
8 7 4 105729 0.1178
8 7 4 101949 0.1121
8 7 4 101396 0.1133
8 7 4 99492 0.1117
8 7 4 99228 0.1106
8 7 4 97242 0.109
8 7 4 96471 0.109
8 7 4 95963 0.1076
8 7 4 94706 0.1082
8 7 4 94100 0.1081
8 7 4 92421 0.1048
8 7 4 91824 0.1039
8 7 4 91389 0.1036
8 7 4 89101 0.1009
8 7 4 88023 0.1019
8 7 4 87026 0.1008
8 7 4 86440 0.09716
8 7 4 84105 0.09525
8 7 4 83909 0.09565
8 7 4 82962 0.09617
8 7 4 77350 0.09037
8 7 4 73722 0.08475
8 7 4 71874 0.08447
8 7 4 71835 0.0859
8 7 4 59146 0.07504
8 7 4 59090 0.07408
8 7 4 57643 0.07117
8 7 4 56815 0.0706
8 7 4 56452 0.06821
8 7 4 55720 0.06969
8 7 4 55160 0.06934
8 7 4 54245 0.06889
8 7 4 53511 0.06776
8 7 4 52518 0.06436
8 7 4 51587 0.06383
8 7 4 50212 0.06214
8 7 4 40141 0.05103
8 7 4 39625 0.04986
8 7 4 38813 0.0473
8 7 4 38478 0.04601
8 7 4 38386 0.04572
8 7 4 38293 0.04623
8 7 4 38238 0.04707
8 7 4 37659 0.0454
8 7 4 37037 0.04551
8 7 4 35851 0.04455
8 7 4 35187 0.04393
8 7 4 33882 0.04153
8 7 4 27589 0.03196
8 7 4 27582 0.03118
8 7 4 27284 0.03252
8 7 4 27140 0.03037
8 7 4 26317 0.02992
8 7 4 26110 0.0304
8 7 4 26071 0.02959
8 7 4 25985 0.03098
8 7 4 25819 0.02981
8 7 4 25686 0.02872
8 7 4 25258 0.03078
8 7 4 25057 0.02908
8 7 4 24741 0.02911
8 7 4 15922 0.01953
8 7 4 15898 0.01933
8 7 4 15816 0.01924
8 7 4 15681 0.01955
8 7 4 15653 0.0195
8 7 4 15627 0.01917
8 7 4 15583 0.01932
8 7 4 15514 0.01914
8 7 4 15480 0.01893
8 7 4 14988 0.01829
8 7 4 14664 0.01771
8 7 4 14638 0.0183
8 7 4 14517 0.01834
8 7 4 10379 0.01367
8 7 4 10316 0.01336
8 7 4 10305 0.014
8 7 4 10286 0.01379
8 7 4 10266 0.01403
8 7 4 10260 0.01374
8 7 4 10217 0.01356
8 7 4 10178 0.01344
8 7 4 10123 0.01314
8 7 4 10098 0.01236
8 7 4 10054 0.01342
8 7 4 9977 0.01246
8 7 5 148818 0.2042
8 7 5 142405 0.1947
8 7 5 139042 0.1847
8 7 5 136289 0.1919
8 7 5 133269 0.2169
8 7 5 132526 0.2137
8 7 5 128954 0.2082
8 7 5 127217 0.1996
8 7 5 120828 0.1363
8 7 5 120646 0.1404
8 7 5 119768 0.1542
8 7 5 117689 0.1461
8 7 5 115566 0.1386
8 7 5 114039 0.143
8 7 5 111724 0.1388
8 7 5 111464 0.1338
8 7 5 110454 0.1382
8 7 5 105838 0.1332
8 7 5 104300 0.1348
8 7 5 101212 0.1338
8 7 5 100763 0.126
8 7 5 99593 0.1251
8 7 5 99122 0.1238
8 7 5 97942 0.1233
8 7 5 97460 0.1189
8 7 5 96255 0.1131
8 7 5 95486 0.1207
8 7 5 93852 0.1228
8 7 5 91800 0.1206
8 7 5 91288 0.1158
8 7 5 91077 0.1176
8 7 5 89972 0.1166
8 7 5 87531 0.1105
8 7 5 86465 0.1111
8 7 5 82676 0.1057
8 7 5 79064 0.1062
8 7 5 78633 0.1071
8 7 5 62901 0.08174
8 7 5 61527 0.08309
8 7 5 60967 0.08244
8 7 5 60668 0.08614
8 7 5 59709 0.07846
8 7 5 58990 0.08213
8 7 5 58422 0.08049
8 7 5 57451 0.07683
8 7 5 56305 0.07728
8 7 5 55657 0.07833
8 7 5 54662 0.0724
8 7 5 51364 0.06852
8 7 5 49648 0.06576
8 7 5 42012 0.05512
8 7 5 41276 0.05678
8 7 5 40231 0.04983
8 7 5 40193 0.05299
8 7 5 39906 0.05195
8 7 5 39628 0.05217
8 7 5 39487 0.04883
8 7 5 39007 0.04896
8 7 5 36892 0.04863
8 7 5 36345 0.04646
8 7 5 36036 0.04636
8 7 5 34682 0.04522
8 7 5 28201 0.033
8 7 5 28079 0.03365
8 7 5 27798 0.03297
8 7 5 27164 0.032
8 7 5 26940 0.03144
8 7 5 26714 0.03236
8 7 5 26509 0.03293
8 7 5 26397 0.02984
8 7 5 25899 0.03005
8 7 5 25885 0.03235
8 7 5 25531 0.02844
8 7 5 25176 0.02963
8 7 5 24576 0.03055
8 7 5 16219 0.01994
8 7 5 16089 0.02028
8 7 5 16002 0.01934
8 7 5 15938 0.02066
8 7 5 15904 0.02002
8 7 5 15827 0.021
8 7 5 15794 0.02015
8 7 5 15771 0.01979
8 7 5 15560 0.02014
8 7 5 15178 0.01888
8 7 5 14932 0.01965
8 7 5 14821 0.01801
8 7 5 14491 0.01999
8 7 5 10423 0.01434
8 7 5 10404 0.01467
8 7 5 10400 0.01381
8 7 5 10355 0.01427
8 7 5 10351 0.01399
8 7 5 10290 0.01524
8 7 5 10269 0.01362
8 7 5 10255 0.01457
8 7 5 10214 0.01381
8 7 5 10148 0.01404
8 7 5 10095 0.01292
8 7 5 10009 0.01372
