2 0 1 100000 0.1334
2 0 1 100000 0.1279
2 0 1 100000 0.1315
2 0 1 100000 0.1292
2 0 1 100000 0.1241
2 0 1 100000 0.1131
2 0 1 100000 0.1084
2 0 1 100000 0.1093
2 0 1 100000 0.1066
2 0 1 100000 0.1048
2 0 1 100000 0.1085
2 0 1 100000 0.1088
2 0 1 100000 0.1104
2 0 1 100000 0.1073
2 0 1 100000 0.1046
2 0 1 100000 0.1036
2 0 1 100000 0.135
2 0 1 100000 0.1325
2 0 1 100000 0.1342
2 0 1 100000 0.1324
2 0 1 100000 0.132
2 0 1 100000 0.1317
2 0 1 100000 0.1325
2 0 1 100000 0.1335
2 0 1 100000 0.1324
2 0 1 100000 0.1325
2 0 1 100000 0.1324
2 0 1 100000 0.1338
2 0 1 100000 0.1339
2 0 1 100000 0.1329
2 0 1 100000 0.1314
2 0 1 100000 0.133
2 0 1 100000 0.1329
2 0 1 100000 0.07946
2 0 1 100000 0.07817
2 0 1 100000 0.07545
2 0 1 100000 0.07899
2 0 1 100000 0.07877
2 0 1 100000 0.07947
2 0 1 100000 0.07794
2 0 1 100000 0.07738
2 0 1 100000 0.07655
2 0 1 100000 0.07763
2 0 1 100000 0.07778
2 0 1 100000 0.07695
2 0 1 100000 0.07632
2 0 1 100000 0.07739
2 0 1 100000 0.07703
2 0 1 100000 0.07761
2 0 1 100000 0.07682
2 0 1 85000 0.09255
2 0 1 85000 0.09233
2 0 1 85000 0.09087
2 0 1 85000 0.09666
2 0 1 85000 0.09339
2 0 1 85000 0.09355
2 0 1 85000 0.09248
2 0 1 85000 0.09262
2 0 1 85000 0.0935
2 0 1 85000 0.09073
2 0 1 85000 0.09422
2 0 1 85000 0.09347
2 0 1 85000 0.09482
2 0 1 85000 0.09321
2 0 1 85000 0.09307
2 0 1 85000 0.09526
2 0 1 85000 0.1186
2 0 1 85000 0.1177
2 0 1 85000 0.1197
2 0 1 85000 0.1192
2 0 1 85000 0.1179
2 0 1 85000 0.1179
2 0 1 85000 0.1196
2 0 1 85000 0.1177
2 0 1 85000 0.1178
2 0 1 85000 0.1185
2 0 1 85000 0.1183
2 0 1 85000 0.1165
2 0 1 85000 0.1179
2 0 1 85000 0.1173
2 0 1 85000 0.1185
2 0 1 85000 0.1182
2 0 1 85000 0.1175
2 0 1 85000 0.0648
2 0 1 85000 0.0679
2 0 1 85000 0.06475
2 0 1 85000 0.06756
2 0 1 85000 0.07053
2 0 1 85000 0.07006
2 0 1 85000 0.07052
2 0 1 85000 0.0704
2 0 1 85000 0.06972
2 0 1 85000 0.06964
2 0 1 85000 0.0707
2 0 1 85000 0.07002
2 0 1 85000 0.06995
2 0 1 85000 0.07046
2 0 1 85000 0.0701
2 0 1 85000 0.07017
2 0 1 85000 0.07002
2 0 1 75000 0.08556
2 0 1 75000 0.08411
2 0 1 75000 0.08225
2 0 1 75000 0.08369
2 0 1 75000 0.08338
2 0 1 75000 0.0832
2 0 1 75000 0.085
2 0 1 75000 0.08143
2 0 1 75000 0.08367
2 0 1 75000 0.08169
2 0 1 75000 0.08363
2 0 1 75000 0.08398
2 0 1 75000 0.08373
2 0 1 75000 0.08253
2 0 1 75000 0.08318
2 0 1 75000 0.08356
2 0 1 75000 0.1104
2 0 1 75000 0.1079
2 0 1 75000 0.1086
2 0 1 75000 0.1086
2 0 1 75000 0.1093
2 0 1 75000 0.1073
2 0 1 75000 0.1081
2 0 1 75000 0.1086
2 0 1 75000 0.1099
2 0 1 75000 0.1093
2 0 1 75000 0.1083
2 0 1 75000 0.1081
2 0 1 75000 0.1095
2 0 1 75000 0.1081
2 0 1 75000 0.1083
2 0 1 75000 0.1087
2 0 1 75000 0.1096
2 0 1 75000 0.0546
2 0 1 75000 0.05719
2 0 1 75000 0.05567
2 0 1 75000 0.05754
2 0 1 75000 0.0597
2 0 1 75000 0.06012
2 0 1 75000 0.05989
2 0 1 75000 0.06068
2 0 1 75000 0.05941
2 0 1 75000 0.05974
2 0 1 75000 0.05962
2 0 1 75000 0.05998
2 0 1 75000 0.05915
2 0 1 75000 0.05985
2 0 1 75000 0.06047
2 0 1 75000 0.05935
2 0 1 75000 0.05961
2 0 1 50000 0.06246
2 0 1 50000 0.0597
2 0 1 50000 0.06315
2 0 1 50000 0.05959
2 0 1 50000 0.05973
2 0 1 50000 0.06212
2 0 1 50000 0.06022
2 0 1 50000 0.05975
2 0 1 50000 0.0631
2 0 1 50000 0.05817
2 0 1 50000 0.06011
2 0 1 50000 0.06197
2 0 1 50000 0.05868
2 0 1 50000 0.05952
2 0 1 50000 0.06024
2 0 1 50000 0.05995
2 0 1 50000 0.08435
2 0 1 50000 0.08597
2 0 1 50000 0.08464
2 0 1 50000 0.08323
2 0 1 50000 0.08494
2 0 1 50000 0.08455
2 0 1 50000 0.08338
2 0 1 50000 0.08459
2 0 1 50000 0.08508
2 0 1 50000 0.08552
2 0 1 50000 0.08391
2 0 1 50000 0.08482
2 0 1 50000 0.08371
2 0 1 50000 0.08538
2 0 1 50000 0.0836
2 0 1 50000 0.08339
2 0 1 50000 0.08452
2 0 1 50000 0.03279
2 0 1 50000 0.03311
2 0 1 50000 0.03253
2 0 1 50000 0.03348
2 0 1 50000 0.03208
2 0 1 50000 0.03294
2 0 1 50000 0.03321
2 0 1 50000 0.03362
2 0 1 50000 0.03331
2 0 1 50000 0.03335
2 0 1 50000 0.03333
2 0 1 50000 0.03365
2 0 1 50000 0.03387
2 0 1 50000 0.03284
2 0 1 50000 0.03279
2 0 1 50000 0.03314
2 0 1 50000 0.03289
2 0 1 35000 0.04228
2 0 1 35000 0.0432
2 0 1 35000 0.04287
2 0 1 35000 0.04411
2 0 1 35000 0.04284
2 0 1 35000 0.04346
2 0 1 35000 0.04264
2 0 1 35000 0.04174
2 0 1 35000 0.04337
2 0 1 35000 0.04297
2 0 1 35000 0.04306
2 0 1 35000 0.04223
2 0 1 35000 0.04077
2 0 1 35000 0.04172
2 0 1 35000 0.04289
2 0 1 35000 0.04272
2 0 1 35000 0.06383
2 0 1 35000 0.06258
2 0 1 35000 0.06186
2 0 1 35000 0.06123
2 0 1 35000 0.06445
2 0 1 35000 0.06149
2 0 1 35000 0.06237
2 0 1 35000 0.06127
2 0 1 35000 0.06253
2 0 1 35000 0.06227
2 0 1 35000 0.06207
2 0 1 35000 0.06318
2 0 1 35000 0.06198
2 0 1 35000 0.06202
2 0 1 35000 0.06283
2 0 1 35000 0.06202
2 0 1 35000 0.06126
2 0 1 35000 0.02139
2 0 1 35000 0.02163
2 0 1 35000 0.02131
2 0 1 35000 0.02154
2 0 1 35000 0.02143
2 0 1 35000 0.02156
2 0 1 35000 0.02145
2 0 1 35000 0.02143
2 0 1 35000 0.02179
2 0 1 35000 0.02161
2 0 1 35000 0.02144
2 0 1 35000 0.02161
2 0 1 35000 0.02135
2 0 1 35000 0.0218
2 0 1 35000 0.02168
2 0 1 35000 0.02172
2 0 1 35000 0.02126
2 0 1 25000 0.02554
2 0 1 25000 0.02897
2 0 1 25000 0.02813
2 0 1 25000 0.02878
2 0 1 25000 0.02838
2 0 1 25000 0.02815
2 0 1 25000 0.02848
2 0 1 25000 0.02752
2 0 1 25000 0.0285
2 0 1 25000 0.02761
2 0 1 25000 0.02817
2 0 1 25000 0.0276
2 0 1 25000 0.02763
2 0 1 25000 0.02804
2 0 1 25000 0.02775
2 0 1 25000 0.02818
2 0 1 25000 0.04653
2 0 1 25000 0.04557
2 0 1 25000 0.04568
2 0 1 25000 0.04522
2 0 1 25000 0.04601
2 0 1 25000 0.04557
2 0 1 25000 0.04557
2 0 1 25000 0.04575
2 0 1 25000 0.04489
2 0 1 25000 0.04468
2 0 1 25000 0.04553
2 0 1 25000 0.04543
2 0 1 25000 0.04567
2 0 1 25000 0.04643
2 0 1 25000 0.04621
2 0 1 25000 0.04552
2 0 1 25000 0.04562
2 0 1 25000 0.009995
2 0 1 25000 0.009842
2 0 1 25000 0.0101
2 0 1 25000 0.01004
2 0 1 25000 0.01003
2 0 1 25000 0.01012
2 0 1 25000 0.01007
2 0 1 25000 0.01002
2 0 1 25000 0.01007
2 0 1 25000 0.01023
2 0 1 25000 0.01003
2 0 1 25000 0.01008
2 0 1 25000 0.009972
2 0 1 25000 0.01012
2 0 1 25000 0.01007
2 0 1 25000 0.01016
2 0 1 25000 0.01006
2 0 1 15000 0.01727
2 0 1 15000 0.01735
2 0 1 15000 0.01768
2 0 1 15000 0.01744
2 0 1 15000 0.01777
2 0 1 15000 0.01659
2 0 1 15000 0.01759
2 0 1 15000 0.01666
2 0 1 15000 0.01761
2 0 1 15000 0.01775
2 0 1 15000 0.01756
2 0 1 15000 0.01724
2 0 1 15000 0.01774
2 0 1 15000 0.01761
2 0 1 15000 0.01806
2 0 1 15000 0.01767
2 0 1 15000 0.02799
2 0 1 15000 0.02748
2 0 1 15000 0.02827
2 0 1 15000 0.02767
2 0 1 15000 0.02804
2 0 1 15000 0.028
2 0 1 15000 0.02788
2 0 1 15000 0.02785
2 0 1 15000 0.02776
2 0 1 15000 0.02803
2 0 1 15000 0.02806
2 0 1 15000 0.02815
2 0 1 15000 0.02813
2 0 1 15000 0.0281
2 0 1 15000 0.02803
2 0 1 15000 0.02814
2 0 1 15000 0.02786
2 0 1 15000 0.006577
2 0 1 15000 0.00648
2 0 1 15000 0.00655
2 0 1 15000 0.006519
2 0 1 15000 0.006519
2 0 1 15000 0.006564
2 0 1 15000 0.00647
2 0 1 15000 0.006475
2 0 1 15000 0.00651
2 0 1 15000 0.006609
2 0 1 15000 0.006544
2 0 1 15000 0.006581
2 0 1 15000 0.006657
2 0 1 15000 0.006637
2 0 1 15000 0.006706
2 0 1 15000 0.006545
2 0 1 15000 0.00661
2 0 1 10000 0.01301
2 0 1 10000 0.01197
2 0 1 10000 0.0125
2 0 1 10000 0.01325
2 0 1 10000 0.01285
2 0 1 10000 0.01243
2 0 1 10000 0.0129
2 0 1 10000 0.01237
2 0 1 10000 0.01256
2 0 1 10000 0.01304
2 0 1 10000 0.01208
2 0 1 10000 0.01237
2 0 1 10000 0.01267
2 0 1 10000 0.01278
2 0 1 10000 0.0124
2 0 1 10000 0.01266
2 0 1 10000 0.01957
2 0 1 10000 0.01903
2 0 1 10000 0.01938
2 0 1 10000 0.01948
2 0 1 10000 0.01898
2 0 1 10000 0.01969
2 0 1 10000 0.01936
2 0 1 10000 0.01959
2 0 1 10000 0.01939
2 0 1 10000 0.01954
2 0 1 10000 0.01896
2 0 1 10000 0.01925
2 0 1 10000 0.01949
2 0 1 10000 0.01906
2 0 1 10000 0.01934
2 0 1 10000 0.01921
2 0 1 10000 0.01919
2 0 1 10000 0.005142
2 0 1 10000 0.005219
2 0 1 10000 0.005214
2 0 1 10000 0.005131
2 0 1 10000 0.005167
2 0 1 10000 0.005087
2 0 1 10000 0.005109
2 0 1 10000 0.005172
2 0 1 10000 0.00517
2 0 1 10000 0.005099
2 0 1 10000 0.00508
2 0 1 10000 0.005183
2 0 1 10000 0.00519
2 0 1 10000 0.005084
2 0 1 10000 0.005188
2 0 1 10000 0.005202
2 0 1 10000 0.005082
2 0 2 113476 0.1451
2 0 2 113476 0.1459
2 0 2 113340 0.1176
2 0 2 113142 0.1158
2 0 2 113136 0.117
2 0 2 113102 0.1162
2 0 2 112992 0.117
2 0 2 112896 0.1158
2 0 2 112806 0.1166
2 0 2 112664 0.1157
2 0 2 112564 0.1156
2 0 2 112562 0.1147
2 0 2 112429 0.1174
2 0 2 112306 0.1178
2 0 2 112242 0.1163
2 0 2 112163 0.1179
2 0 2 111857 0.1163
2 0 2 110946 0.1431
2 0 2 110648 0.1143
2 0 2 110319 0.1393
2 0 2 108964 0.112
2 0 2 106190 0.1386
2 0 2 105960 0.1397
2 0 2 104743 0.1383
2 0 2 102014 0.1359
2 0 2 102014 0.1354
2 0 2 101330 0.134
2 0 2 101270 0.1357
2 0 2 100000 0.07754
2 0 2 100000 0.07666
2 0 2 100000 0.07639
2 0 2 100000 0.07768
2 0 2 100000 0.07736
2 0 2 100000 0.07719
2 0 2 100000 0.07788
2 0 2 100000 0.07802
2 0 2 100000 0.07794
2 0 2 100000 0.07614
2 0 2 100000 0.07771
2 0 2 100000 0.07693
2 0 2 100000 0.0766
2 0 2 100000 0.07739
2 0 2 100000 0.07802
2 0 2 100000 0.07605
2 0 2 98445 0.1299
2 0 2 98377 0.1307
2 0 2 97726 0.1295
2 0 2 95775 0.1221
2 0 2 95759 0.1265
2 0 2 94575 0.09924
2 0 2 94548 0.09999
2 0 2 94546 0.1018
2 0 2 94477 0.1005
2 0 2 94455 0.1011
2 0 2 94367 0.09637
2 0 2 94351 0.1001
2 0 2 94300 0.09955
2 0 2 94283 0.1037
2 0 2 94218 0.1013
2 0 2 94179 0.101
2 0 2 94142 0.09944
2 0 2 94120 0.1252
2 0 2 94034 0.1014
2 0 2 94034 0.1011
2 0 2 93234 0.1257
2 0 2 93234 0.1257
2 0 2 90453 0.1237
2 0 2 90453 0.1243
2 0 2 90176 0.09609
2 0 2 90066 0.1223
2 0 2 88403 0.1221
2 0 2 88366 0.09529
2 0 2 87038 0.0931
2 0 2 86482 0.1206
2 0 2 86429 0.1198
2 0 2 85120 0.1181
2 0 2 85090 0.1205
2 0 2 85000 0.07097
2 0 2 85000 0.07099
2 0 2 85000 0.06901
2 0 2 85000 0.06819
2 0 2 85000 0.06856
2 0 2 85000 0.0681
2 0 2 85000 0.06799
2 0 2 85000 0.06747
2 0 2 85000 0.06763
2 0 2 85000 0.06759
2 0 2 85000 0.0672
2 0 2 85000 0.06687
2 0 2 85000 0.06669
2 0 2 85000 0.06689
2 0 2 85000 0.06713
2 0 2 85000 0.0684
2 0 2 84924 0.117
2 0 2 84654 0.116
2 0 2 82631 0.09068
2 0 2 82557 0.1163
2 0 2 82472 0.0906
2 0 2 82461 0.09054
2 0 2 82458 0.09033
2 0 2 82441 0.09191
2 0 2 82423 0.09106
2 0 2 82419 0.09053
2 0 2 82392 0.09068
2 0 2 82387 0.09216
2 0 2 82288 0.09116
2 0 2 82261 0.09063
2 0 2 82222 0.09122
2 0 2 82173 0.08875
2 0 2 82161 0.1145
2 0 2 82096 0.08816
2 0 2 81878 0.114
2 0 2 81788 0.1157
2 0 2 81699 0.08738
2 0 2 80733 0.1144
2 0 2 79773 0.0876
2 0 2 79511 0.1138
2 0 2 78972 0.1117
2 0 2 78897 0.113
2 0 2 78295 0.112
2 0 2 78274 0.1099
2 0 2 77554 0.1122
2 0 2 77310 0.1109
2 0 2 76938 0.11
2 0 2 76728 0.1089
2 0 2 76508 0.1105
2 0 2 76112 0.1088
2 0 2 76086 0.1111
2 0 2 75898 0.1123
2 0 2 75000 0.05832
2 0 2 75000 0.05752
2 0 2 75000 0.05773
2 0 2 75000 0.05746
2 0 2 75000 0.05813
2 0 2 75000 0.05766
2 0 2 75000 0.05799
2 0 2 75000 0.0582
2 0 2 75000 0.05793
2 0 2 75000 0.0579
2 0 2 75000 0.05835
2 0 2 75000 0.0585
2 0 2 75000 0.05755
2 0 2 75000 0.05832
2 0 2 75000 0.0585
2 0 2 75000 0.05717
2 0 2 74830 0.108
2 0 2 74369 0.1085
2 0 2 73940 0.1063
2 0 2 70024 0.104
2 0 2 70024 0.1041
2 0 2 53392 0.09093
2 0 2 53387 0.09113
2 0 2 53378 0.06242
2 0 2 53378 0.08932
2 0 2 53370 0.08981
2 0 2 53361 0.08991
2 0 2 53347 0.06472
2 0 2 53346 0.06588
2 0 2 53326 0.06514
2 0 2 53316 0.06528
2 0 2 53301 0.06518
2 0 2 53293 0.06686
2 0 2 53292 0.06602
2 0 2 53265 0.06389
2 0 2 53244 0.06193
2 0 2 53231 0.06343
2 0 2 53200 0.06333
2 0 2 53169 0.06416
2 0 2 53167 0.06505
2 0 2 53151 0.06306
2 0 2 53110 0.064
2 0 2 53059 0.08785
2 0 2 52280 0.08905
2 0 2 52263 0.08939
2 0 2 52020 0.08697
2 0 2 51394 0.0878
2 0 2 51251 0.08755
2 0 2 51228 0.08828
2 0 2 50984 0.08632
2 0 2 50135 0.08554
2 0 2 50122 0.08593
2 0 2 50000 0.03295
2 0 2 50000 0.03262
2 0 2 50000 0.03268
2 0 2 50000 0.03263
2 0 2 50000 0.03262
2 0 2 50000 0.03249
2 0 2 50000 0.0323
2 0 2 50000 0.03248
2 0 2 50000 0.03265
2 0 2 50000 0.03325
2 0 2 50000 0.03227
2 0 2 50000 0.03322
2 0 2 50000 0.03201
2 0 2 50000 0.03287
2 0 2 50000 0.03236
2 0 2 50000 0.03314
2 0 2 49580 0.08329
2 0 2 47561 0.08175
2 0 2 47480 0.08098
2 0 2 36662 0.04366
2 0 2 36662 0.04389
2 0 2 36662 0.06428
2 0 2 36662 0.06456
2 0 2 36662 0.0651
2 0 2 36647 0.04308
2 0 2 36645 0.04252
2 0 2 36638 0.06414
2 0 2 36617 0.04385
2 0 2 36615 0.04265
2 0 2 36613 0.04354
2 0 2 36608 0.04407
2 0 2 36600 0.06373
2 0 2 36599 0.04373
2 0 2 36585 0.0447
2 0 2 36580 0.04196
2 0 2 36575 0.0413
2 0 2 36572 0.0432
2 0 2 36525 0.04225
2 0 2 36460 0.04234
2 0 2 36447 0.04198
2 0 2 36312 0.06354
2 0 2 36234 0.06407
2 0 2 36209 0.06504
2 0 2 35938 0.0631
2 0 2 35760 0.063
2 0 2 35406 0.06302
2 0 2 35087 0.0625
2 0 2 35000 0.02104
2 0 2 35000 0.02123
2 0 2 35000 0.0213
2 0 2 35000 0.02111
2 0 2 35000 0.02115
2 0 2 35000 0.02144
2 0 2 35000 0.02149
2 0 2 35000 0.02157
2 0 2 35000 0.02157
2 0 2 35000 0.02142
2 0 2 35000 0.02153
2 0 2 35000 0.02103
2 0 2 35000 0.0216
2 0 2 35000 0.02136
2 0 2 35000 0.02141
2 0 2 35000 0.02117
2 0 2 35000 0.02133
2 0 2 34650 0.06033
2 0 2 34454 0.05999
2 0 2 34037 0.05978
2 0 2 33807 0.05981
2 0 2 33687 0.05784
2 0 2 25845 0.02844
2 0 2 25843 0.04836
2 0 2 25839 0.04696
2 0 2 25837 0.0286
2 0 2 25833 0.02873
2 0 2 25829 0.02834
2 0 2 25826 0.0291
2 0 2 25825 0.02889
2 0 2 25820 0.02971
2 0 2 25820 0.04689
2 0 2 25816 0.02832
2 0 2 25809 0.04628
2 0 2 25806 0.02838
2 0 2 25805 0.02916
2 0 2 25797 0.029
2 0 2 25791 0.02966
2 0 2 25771 0.02859
2 0 2 25771 0.0286
2 0 2 25712 0.04683
2 0 2 25668 0.04686
2 0 2 25474 0.0464
2 0 2 25195 0.04574
2 0 2 25052 0.02831
2 0 2 25014 0.02829
2 0 2 25000 0.009978
2 0 2 25000 0.009878
2 0 2 25000 0.009883
2 0 2 25000 0.009849
2 0 2 25000 0.009965
2 0 2 25000 0.009988
2 0 2 25000 0.00993
2 0 2 25000 0.009995
2 0 2 25000 0.009918
2 0 2 25000 0.009895
2 0 2 25000 0.01013
2 0 2 25000 0.01003
2 0 2 25000 0.009825
2 0 2 25000 0.01007
2 0 2 25000 0.009775
2 0 2 25000 0.00984
2 0 2 25000 0.009956
2 0 2 24949 0.04641
2 0 2 24940 0.04629
2 0 2 24937 0.04574
2 0 2 24819 0.04551
2 0 2 24641 0.04443
2 0 2 24504 0.04542
2 0 2 24380 0.04479
2 0 2 24153 0.04574
2 0 2 24138 0.04461
2 0 2 15303 0.01712
2 0 2 15303 0.01722
2 0 2 15302 0.01737
2 0 2 15301 0.01783
2 0 2 15299 0.01812
2 0 2 15299 0.01809
2 0 2 15298 0.0175
2 0 2 15298 0.01745
2 0 2 15298 0.01797
2 0 2 15297 0.01767
2 0 2 15295 0.02921
2 0 2 15291 0.01766
2 0 2 15289 0.01784
2 0 2 15287 0.0175
2 0 2 15283 0.01788
2 0 2 15281 0.01786
2 0 2 15268 0.01747
2 0 2 15267 0.02886
2 0 2 15235 0.01744
2 0 2 15172 0.02808
2 0 2 15130 0.0287
2 0 2 15127 0.02794
2 0 2 15053 0.02786
2 0 2 15053 0.02779
2 0 2 15043 0.02835
2 0 2 15043 0.02843
2 0 2 15021 0.02856
2 0 2 15000 0.006605
2 0 2 15000 0.006529
2 0 2 15000 0.006569
2 0 2 15000 0.006691
2 0 2 15000 0.00646
2 0 2 15000 0.006391
2 0 2 15000 0.006459
2 0 2 15000 0.006535
2 0 2 15000 0.006526
2 0 2 15000 0.006655
2 0 2 15000 0.006462
2 0 2 15000 0.006553
2 0 2 15000 0.006665
2 0 2 15000 0.006462
2 0 2 15000 0.006532
2 0 2 15000 0.006516
2 0 2 15000 0.006424
2 0 2 14997 0.02814
2 0 2 14997 0.02815
2 0 2 14910 0.02841
2 0 2 14803 0.02773
2 0 2 14785 0.02779
2 0 2 14742 0.02785
2 0 2 10135 0.01167
2 0 2 10135 0.01984
2 0 2 10134 0.01312
2 0 2 10134 0.01318
2 0 2 10133 0.01324
2 0 2 10133 0.01307
2 0 2 10133 0.01966
2 0 2 10132 0.01268
2 0 2 10132 0.01293
2 0 2 10132 0.01276
2 0 2 10132 0.01993
2 0 2 10132 0.01987
2 0 2 10131 0.01337
2 0 2 10131 0.0197
2 0 2 10130 0.01237
2 0 2 10130 0.01234
2 0 2 10128 0.01251
2 0 2 10128 0.013
2 0 2 10127 0.01248
2 0 2 10127 0.01269
2 0 2 10126 0.01289
2 0 2 10126 0.01979
2 0 2 10115 0.01988
2 0 2 10103 0.0129
2 0 2 10102 0.02005
2 0 2 10099 0.02006
2 0 2 10034 0.01976
2 0 2 10030 0.01967
2 0 2 10023 0.01937
2 0 2 10011 0.01932
2 0 2 10000 0.005108
2 0 2 10000 0.005092
2 0 2 10000 0.005011
2 0 2 10000 0.005129
2 0 2 10000 0.005163
2 0 2 10000 0.005186
2 0 2 10000 0.005046
2 0 2 10000 0.005042
2 0 2 10000 0.005052
2 0 2 10000 0.005012
2 0 2 10000 0.005052
2 0 2 10000 0.005055
2 0 2 10000 0.005057
2 0 2 10000 0.005034
2 0 2 10000 0.005038
2 0 2 10000 0.005117
2 0 2 10000 0.005024
2 0 2 9990 0.0196
2 0 2 9914 0.01979
2 0 2 9899 0.01959
2 0 3 128241 0.199
2 0 3 128241 0.1879
2 0 3 127898 0.1841
2 0 3 127885 0.1857
2 0 3 127845 0.1862
2 0 3 127759 0.1825
2 0 3 127548 0.1909
2 0 3 127450 0.1843
2 0 3 127281 0.1835
2 0 3 127194 0.1853
2 0 3 127172 0.1855
2 0 3 126994 0.1835
2 0 3 126934 0.1882
2 0 3 125961 0.1875
2 0 3 125740 0.1805
2 0 3 123002 0.1799
2 0 3 120971 0.1528
2 0 3 116588 0.1486
2 0 3 115660 0.1475
2 0 3 113874 0.1452
2 0 3 112597 0.1442
2 0 3 112597 0.1446
2 0 3 111115 0.1421
2 0 3 107750 0.1392
2 0 3 105882 0.1371
2 0 3 105065 0.1089
2 0 3 105031 0.1096
2 0 3 105002 0.1087
2 0 3 104867 0.1113
2 0 3 104839 0.1168
2 0 3 104803 0.1115
2 0 3 104794 0.1107
2 0 3 104754 0.1388
2 0 3 104724 0.1094
2 0 3 104663 0.11
2 0 3 104650 0.1376
2 0 3 104603 0.1363
2 0 3 104582 0.111
2 0 3 104549 0.1068
2 0 3 104548 0.1097
2 0 3 104187 0.1107
2 0 3 102914 0.1074
2 0 3 101984 0.1322
2 0 3 101075 0.1351
2 0 3 100413 0.1096
2 0 3 100000 0.078
2 0 3 100000 0.07668
2 0 3 100000 0.07809
2 0 3 100000 0.07833
2 0 3 100000 0.07914
2 0 3 100000 0.07891
2 0 3 100000 0.0795
2 0 3 100000 0.07832
2 0 3 100000 0.07799
2 0 3 100000 0.07772
2 0 3 100000 0.07795
2 0 3 100000 0.07966
2 0 3 100000 0.07888
2 0 3 100000 0.07778
2 0 3 100000 0.07898
2 0 3 100000 0.07688
2 0 3 99317 0.1311
2 0 3 98653 0.132
2 0 3 97784 0.1009
2 0 3 96633 0.1304
2 0 3 96632 0.1267
2 0 3 95862 0.1265
2 0 3 95802 0.1283
2 0 3 93027 0.1251
2 0 3 93027 0.1254
2 0 3 92420 0.1232
2 0 3 91074 0.123
2 0 3 90636 0.09973
2 0 3 90603 0.09945
2 0 3 90570 0.09816
2 0 3 90559 0.09252
2 0 3 90529 0.09807
2 0 3 90459 0.0962
2 0 3 90452 0.1222
2 0 3 90411 0.09848
2 0 3 90408 0.09939
2 0 3 90352 0.09894
2 0 3 90322 0.0979
2 0 3 90303 0.09198
2 0 3 90282 0.09789
2 0 3 90087 0.09687
2 0 3 89559 0.09491
2 0 3 89290 0.1211
2 0 3 88861 0.09601
2 0 3 87621 0.12
2 0 3 87511 0.09247
2 0 3 87334 0.09549
2 0 3 85212 0.1173
2 0 3 85212 0.1194
2 0 3 85194 0.1179
2 0 3 85000 0.06722
2 0 3 85000 0.067
2 0 3 85000 0.06714
2 0 3 85000 0.0726
2 0 3 85000 0.07577
2 0 3 85000 0.06668
2 0 3 85000 0.06676
2 0 3 85000 0.06615
2 0 3 85000 0.06575
2 0 3 85000 0.06714
2 0 3 85000 0.06604
2 0 3 85000 0.06667
2 0 3 85000 0.06628
2 0 3 85000 0.0662
2 0 3 85000 0.06704
2 0 3 85000 0.06878
2 0 3 85000 0.06564
2 0 3 84392 0.1166
2 0 3 84345 0.1172
2 0 3 84312 0.1165
2 0 3 83231 0.1108
2 0 3 83118 0.1155
2 0 3 82486 0.1148
2 0 3 81491 0.1129
2 0 3 79674 0.1121
2 0 3 79518 0.1119
2 0 3 78444 0.1102
2 0 3 77975 0.1113
2 0 3 77594 0.1098
2 0 3 77335 0.11
2 0 3 76737 0.1119
2 0 3 76518 0.1095
2 0 3 76465 0.1094
2 0 3 75607 0.109
2 0 3 75303 0.1122
2 0 3 75000 0.05898
2 0 3 75000 0.05828
2 0 3 75000 0.0576
2 0 3 75000 0.05608
2 0 3 75000 0.05547
2 0 3 75000 0.0572
2 0 3 75000 0.05714
2 0 3 75000 0.05764
2 0 3 75000 0.05755
2 0 3 75000 0.05754
2 0 3 75000 0.05783
2 0 3 75000 0.05721
2 0 3 75000 0.05794
2 0 3 75000 0.05525
2 0 3 75000 0.05681
2 0 3 75000 0.05715
2 0 3 75000 0.05469
2 0 3 73246 0.1056
2 0 3 70833 0.1055
2 0 3 66591 0.09951
2 0 3 57022 0.09274
2 0 3 56995 0.0935
2 0 3 56900 0.06639
2 0 3 56886 0.06674
2 0 3 56850 0.06648
2 0 3 56820 0.06618
2 0 3 56759 0.06711
2 0 3 56758 0.0652
2 0 3 56730 0.06609
2 0 3 56724 0.06757
2 0 3 56696 0.06564
2 0 3 56669 0.06653
2 0 3 56668 0.06483
2 0 3 56654 0.06698
2 0 3 56645 0.06521
2 0 3 56562 0.06621
2 0 3 56550 0.06581
2 0 3 56437 0.06728
2 0 3 56044 0.06538
2 0 3 55798 0.09239
2 0 3 54813 0.09103
2 0 3 54728 0.09183
2 0 3 54091 0.08914
2 0 3 53694 0.08966
2 0 3 52046 0.08635
2 0 3 51461 0.08652
2 0 3 51458 0.08634
2 0 3 51090 0.08819
2 0 3 51017 0.08622
2 0 3 50709 0.08603
2 0 3 50000 0.03323
2 0 3 50000 0.03361
2 0 3 50000 0.03384
2 0 3 50000 0.03461
2 0 3 50000 0.03415
2 0 3 50000 0.03329
2 0 3 50000 0.03199
2 0 3 50000 0.03278
2 0 3 50000 0.03414
2 0 3 50000 0.03304
2 0 3 50000 0.03283
2 0 3 50000 0.03314
2 0 3 50000 0.0328
2 0 3 50000 0.03275
2 0 3 50000 0.0326
2 0 3 50000 0.03248
2 0 3 50000 0.03261
2 0 3 49313 0.08426
2 0 3 47256 0.07987
2 0 3 47256 0.08064
2 0 3 38372 0.04488
2 0 3 38366 0.0447
2 0 3 38329 0.04608
2 0 3 38328 0.04469
2 0 3 38322 0.04537
2 0 3 38319 0.04522
2 0 3 38310 0.04514
2 0 3 38305 0.04433
2 0 3 38299 0.04541
2 0 3 38294 0.04508
2 0 3 38287 0.04394
2 0 3 38262 0.04474
2 0 3 38250 0.04543
2 0 3 38248 0.04431
2 0 3 38224 0.0441
2 0 3 38155 0.04441
2 0 3 37910 0.04627
2 0 3 37669 0.0636
2 0 3 37658 0.06388
2 0 3 37356 0.06539
2 0 3 37268 0.06443
2 0 3 37122 0.06536
2 0 3 36927 0.06337
2 0 3 36641 0.06441
2 0 3 36116 0.06373
2 0 3 36048 0.0641
2 0 3 36012 0.06247
2 0 3 35122 0.06222
2 0 3 35000 0.02139
2 0 3 35000 0.02162
2 0 3 35000 0.02153
2 0 3 35000 0.02197
2 0 3 35000 0.02203
2 0 3 35000 0.02221
2 0 3 35000 0.02198
2 0 3 35000 0.02139
2 0 3 35000 0.02113
2 0 3 35000 0.02142
2 0 3 35000 0.02127
2 0 3 35000 0.02107
2 0 3 35000 0.021
2 0 3 35000 0.02094
2 0 3 35000 0.0212
2 0 3 35000 0.0209
2 0 3 34938 0.06089
2 0 3 34276 0.05981
2 0 3 34259 0.05903
2 0 3 33402 0.05873
2 0 3 33011 0.05728
2 0 3 32442 0.05736
2 0 3 26712 0.02965
2 0 3 26702 0.02868
2 0 3 26693 0.02982
2 0 3 26685 0.02932
2 0 3 26680 0.02926
2 0 3 26678 0.04915
2 0 3 26669 0.0299
2 0 3 26667 0.02758
2 0 3 26659 0.03063
2 0 3 26653 0.02984
2 0 3 26648 0.02979
2 0 3 26647 0.02937
2 0 3 26637 0.03019
2 0 3 26618 0.02961
2 0 3 26600 0.02995
2 0 3 26576 0.02944
2 0 3 26408 0.04735
2 0 3 26335 0.04729
2 0 3 26142 0.0472
2 0 3 26049 0.04735
2 0 3 25803 0.02825
2 0 3 25750 0.04593
2 0 3 25709 0.04673
2 0 3 25687 0.04715
2 0 3 25522 0.04742
2 0 3 25335 0.04557
2 0 3 25105 0.04645
2 0 3 25000 0.009892
2 0 3 25000 0.01012
2 0 3 25000 0.009772
2 0 3 25000 0.009974
2 0 3 25000 0.01
2 0 3 25000 0.009965
2 0 3 25000 0.01
2 0 3 25000 0.009967
2 0 3 25000 0.009954
2 0 3 25000 0.01006
2 0 3 25000 0.01
2 0 3 25000 0.009994
2 0 3 25000 0.009875
2 0 3 25000 0.009962
2 0 3 25000 0.01
2 0 3 25000 0.009952
2 0 3 25000 0.009858
2 0 3 24859 0.04694
2 0 3 24859 0.04715
2 0 3 24386 0.04539
2 0 3 24383 0.04513
2 0 3 24083 0.04463
2 0 3 23722 0.04503
2 0 3 15611 0.01875
2 0 3 15610 0.01912
2 0 3 15607 0.01743
2 0 3 15604 0.01864
2 0 3 15604 0.01862
2 0 3 15602 0.01848
2 0 3 15602 0.01859
2 0 3 15598 0.0195
2 0 3 15597 0.01865
2 0 3 15596 0.01825
2 0 3 15595 0.01841
2 0 3 15594 0.03049
2 0 3 15592 0.01883
2 0 3 15585 0.0184
2 0 3 15580 0.01791
2 0 3 15571 0.01862
2 0 3 15538 0.01879
2 0 3 15466 0.01823
2 0 3 15466 0.02962
2 0 3 15446 0.03006
2 0 3 15246 0.02883
2 0 3 15187 0.02843
2 0 3 15121 0.02836
2 0 3 15087 0.02816
2 0 3 15073 0.02866
2 0 3 15023 0.02802
2 0 3 15007 0.02807
2 0 3 15000 0.006605
2 0 3 15000 0.006593
2 0 3 15000 0.006506
2 0 3 15000 0.006416
2 0 3 15000 0.006421
2 0 3 15000 0.006399
2 0 3 15000 0.006554
2 0 3 15000 0.006444
2 0 3 15000 0.006406
2 0 3 15000 0.006539
2 0 3 15000 0.006461
2 0 3 15000 0.006463
2 0 3 15000 0.006548
2 0 3 15000 0.006577
2 0 3 15000 0.006476
2 0 3 15000 0.006517
2 0 3 14982 0.02813
2 0 3 14971 0.02835
2 0 3 14926 0.02822
2 0 3 14910 0.02746
2 0 3 14890 0.02919
2 0 3 14691 0.02845
2 0 3 14691 0.02836
2 0 3 10272 0.02029
2 0 3 10269 0.0134
2 0 3 10268 0.01271
2 0 3 10268 0.01271
2 0 3 10267 0.01276
2 0 3 10266 0.01294
2 0 3 10265 0.01295
2 0 3 10264 0.01305
2 0 3 10262 0.01258
2 0 3 10262 0.01266
2 0 3 10261 0.0126
2 0 3 10261 0.01281
2 0 3 10260 0.01302
2 0 3 10260 0.013
2 0 3 10259 0.01263
2 0 3 10259 0.01267
2 0 3 10257 0.01282
2 0 3 10257 0.01281
2 0 3 10236 0.0127
2 0 3 10229 0.02034
2 0 3 10221 0.02048
2 0 3 10209 0.02013
2 0 3 10152 0.0198
2 0 3 10147 0.02019
2 0 3 10109 0.01994
2 0 3 10109 0.01993
2 0 3 10086 0.01997
2 0 3 10061 0.01996
2 0 3 10048 0.01966
2 0 3 10026 0.01972
2 0 3 10017 0.01979
2 0 3 10000 0.005118
2 0 3 10000 0.005076
2 0 3 10000 0.005043
2 0 3 10000 0.005017
2 0 3 10000 0.005013
2 0 3 10000 0.005042
2 0 3 10000 0.005167
2 0 3 10000 0.005039
2 0 3 10000 0.00501
2 0 3 10000 0.005022
2 0 3 10000 0.004995
2 0 3 10000 0.005128
2 0 3 10000 0.005052
2 0 3 10000 0.005136
2 0 3 10000 0.005011
2 0 3 10000 0.005057
2 0 3 9982 0.01968
2 0 3 9951 0.01955
2 0 3 9855 0.01988
2 0 4 144579 0.1996
2 0 4 144579 0.1981
2 0 4 144513 0.1944
2 0 4 144510 0.1962
2 0 4 144083 0.1941
2 0 4 144083 0.1951
2 0 4 143666 0.1963
2 0 4 143666 0.1952
2 0 4 143364 0.1955
2 0 4 143202 0.1967
2 0 4 143088 0.1918
2 0 4 142967 0.1909
2 0 4 142892 0.191
2 0 4 141894 0.1949
2 0 4 141823 0.1813
2 0 4 136856 0.1917
2 0 4 134785 0.1915
2 0 4 125341 0.2691
2 0 4 124295 0.261
2 0 4 121762 0.155
2 0 4 121118 0.1551
2 0 4 120306 0.1506
2 0 4 117502 0.1484
2 0 4 117058 0.1474
2 0 4 116832 0.1205
2 0 4 116466 0.1217
2 0 4 116420 0.1466
2 0 4 116279 0.1188
2 0 4 116274 0.1203
2 0 4 116242 0.1218
2 0 4 116144 0.1202
2 0 4 116106 0.1197
2 0 4 116101 0.1197
2 0 4 115944 0.1204
2 0 4 115872 0.1194
2 0 4 115498 0.1175
2 0 4 114566 0.1182
2 0 4 114566 0.1178
2 0 4 113891 0.1174
2 0 4 111585 0.1429
2 0 4 110495 0.1065
2 0 4 108453 0.1394
2 0 4 107744 0.1113
2 0 4 107307 0.1137
2 0 4 107197 0.1402
2 0 4 105016 0.1357
2 0 4 103913 0.1345
2 0 4 103644 0.1379
2 0 4 100762 0.1332
2 0 4 100000 0.0752
2 0 4 100000 0.07641
2 0 4 100000 0.07683
2 0 4 100000 0.07645
2 0 4 100000 0.07719
2 0 4 100000 0.07754
2 0 4 100000 0.07644
2 0 4 100000 0.07745
2 0 4 100000 0.07669
2 0 4 100000 0.07661
2 0 4 100000 0.07742
2 0 4 100000 0.07726
2 0 4 100000 0.07781
2 0 4 100000 0.07779
2 0 4 100000 0.07838
2 0 4 100000 0.07797
2 0 4 99977 0.1331
2 0 4 99543 0.1056
2 0 4 99495 0.1063
2 0 4 99459 0.1307
2 0 4 99441 0.1041
2 0 4 99395 0.1058
2 0 4 99348 0.1055
2 0 4 99328 0.1038
2 0 4 99214 0.1051
2 0 4 99189 0.1069
2 0 4 99146 0.1032
2 0 4 99106 0.1033
2 0 4 99099 0.104
2 0 4 98880 0.1019
2 0 4 98674 0.1007
2 0 4 98603 0.1305
2 0 4 97811 0.13
2 0 4 96348 0.129
2 0 4 96348 0.1293
2 0 4 96144 0.1282
2 0 4 95862 0.09935
2 0 4 94948 0.1281
2 0 4 94904 0.1273
2 0 4 93165 0.09771
2 0 4 91665 0.1227
2 0 4 91571 0.123
2 0 4 91383 0.1245
2 0 4 89689 0.1219
2 0 4 88375 0.1213
2 0 4 87951 0.1192
2 0 4 86495 0.1131
2 0 4 85338 0.1197
2 0 4 85003 0.1175
2 0 4 85000 0.0681
2 0 4 85000 0.06905
2 0 4 85000 0.06885
2 0 4 85000 0.06831
2 0 4 85000 0.06923
2 0 4 85000 0.06868
2 0 4 85000 0.06859
2 0 4 85000 0.06842
2 0 4 85000 0.06874
2 0 4 85000 0.06821
2 0 4 85000 0.06822
2 0 4 85000 0.06836
2 0 4 85000 0.06782
2 0 4 85000 0.06805
2 0 4 85000 0.06652
2 0 4 85000 0.06516
2 0 4 85000 0.06799
2 0 4 84668 0.1178
2 0 4 84408 0.1166
2 0 4 83815 0.117
2 0 4 83228 0.1141
2 0 4 80784 0.1143
2 0 4 79729 0.1141
2 0 4 78700 0.1109
2 0 4 78540 0.1108
2 0 4 78539 0.1119
2 0 4 78528 0.1118
2 0 4 77373 0.1104
2 0 4 76823 0.1117
2 0 4 75378 0.11
2 0 4 75120 0.1117
2 0 4 75000 0.05971
2 0 4 75000 0.05952
2 0 4 75000 0.06006
2 0 4 75000 0.05956
2 0 4 75000 0.05947
2 0 4 75000 0.06007
2 0 4 75000 0.05966
2 0 4 75000 0.05987
2 0 4 75000 0.05941
2 0 4 75000 0.05983
2 0 4 75000 0.0592
2 0 4 75000 0.05904
2 0 4 75000 0.05714
2 0 4 75000 0.05723
2 0 4 75000 0.05564
2 0 4 75000 0.05666
2 0 4 75000 0.05783
2 0 4 73328 0.1052
2 0 4 72537 0.1059
2 0 4 68079 0.1033
2 0 4 68079 0.1029
2 0 4 60740 0.07291
2 0 4 60609 0.07115
2 0 4 60551 0.07295
2 0 4 60531 0.07299
2 0 4 60472 0.0742
2 0 4 60460 0.07237
2 0 4 60410 0.07226
2 0 4 60403 0.06954
2 0 4 60373 0.07094
2 0 4 60336 0.0707
2 0 4 60295 0.07244
2 0 4 60256 0.07134
2 0 4 60135 0.07182
2 0 4 60092 0.07016
2 0 4 59962 0.07068
2 0 4 59928 0.07159
2 0 4 59656 0.07149
2 0 4 59124 0.09562
2 0 4 57588 0.0935
2 0 4 57243 0.0689
2 0 4 55982 0.09211
2 0 4 55082 0.09043
2 0 4 54677 0.09078
2 0 4 54476 0.08946
2 0 4 54264 0.08983
2 0 4 52960 0.08819
2 0 4 52667 0.08834
2 0 4 51830 0.08716
2 0 4 51619 0.08702
2 0 4 51551 0.0847
2 0 4 50000 0.03315
2 0 4 50000 0.03311
2 0 4 50000 0.03417
2 0 4 50000 0.03425
2 0 4 50000 0.03465
2 0 4 50000 0.03393
2 0 4 50000 0.03416
2 0 4 50000 0.03389
2 0 4 50000 0.03383
2 0 4 50000 0.03376
2 0 4 50000 0.03329
2 0 4 50000 0.03359
2 0 4 50000 0.03292
2 0 4 50000 0.03228
2 0 4 50000 0.03293
2 0 4 50000 0.03229
2 0 4 50000 0.03273
2 0 4 49925 0.08351
2 0 4 46446 0.07978
2 0 4 46446 0.07939
2 0 4 40131 0.04697
2 0 4 40124 0.04693
2 0 4 40093 0.04815
2 0 4 40081 0.04758
2 0 4 40057 0.04788
2 0 4 40049 0.04687
2 0 4 40047 0.04595
2 0 4 40042 0.04689
2 0 4 40029 0.04731
2 0 4 40009 0.04715
2 0 4 39975 0.04681
2 0 4 39964 0.04697
2 0 4 39945 0.04685
2 0 4 39896 0.04752
2 0 4 39720 0.04623
2 0 4 39608 0.0463
2 0 4 39461 0.06752
2 0 4 39107 0.06627
2 0 4 38443 0.0643
2 0 4 38076 0.06504
2 0 4 37990 0.06464
2 0 4 37887 0.06505
2 0 4 37635 0.0637
2 0 4 37582 0.06497
2 0 4 36754 0.06375
2 0 4 36754 0.06379
2 0 4 35683 0.06185
2 0 4 35511 0.06192
2 0 4 35000 0.02115
2 0 4 35000 0.02156
2 0 4 35000 0.0221
2 0 4 35000 0.02218
2 0 4 35000 0.02252
2 0 4 35000 0.02212
2 0 4 35000 0.02201
2 0 4 35000 0.02163
2 0 4 35000 0.0213
2 0 4 35000 0.02109
2 0 4 35000 0.02163
2 0 4 35000 0.02177
2 0 4 35000 0.02133
2 0 4 35000 0.02107
2 0 4 35000 0.02122
2 0 4 35000 0.02143
2 0 4 35000 0.02119
2 0 4 34989 0.0616
2 0 4 34524 0.05978
2 0 4 33869 0.06002
2 0 4 33294 0.05823
2 0 4 31601 0.05546
2 0 4 27610 0.03097
2 0 4 27587 0.03077
2 0 4 27562 0.03031
2 0 4 27561 0.03156
2 0 4 27555 0.03181
2 0 4 27555 0.03186
2 0 4 27546 0.03125
2 0 4 27545 0.03064
2 0 4 27539 0.03072
2 0 4 27537 0.03096
2 0 4 27521 0.03089
2 0 4 27520 0.03123
2 0 4 27482 0.03117
2 0 4 27475 0.03
2 0 4 27465 0.03097
2 0 4 26926 0.04899
2 0 4 26711 0.03031
2 0 4 26593 0.02913
2 0 4 26585 0.04803
2 0 4 26452 0.04846
2 0 4 26421 0.04774
2 0 4 26342 0.04723
2 0 4 26289 0.04739
2 0 4 25961 0.04753
2 0 4 25958 0.04707
2 0 4 25485 0.04629
2 0 4 25172 0.04628
2 0 4 25124 0.04636
2 0 4 25095 0.04637
2 0 4 25000 0.01011
2 0 4 25000 0.01003
2 0 4 25000 0.0102
2 0 4 25000 0.01019
2 0 4 25000 0.01012
2 0 4 25000 0.01006
2 0 4 25000 0.01017
2 0 4 25000 0.01015
2 0 4 25000 0.01011
2 0 4 25000 0.01016
2 0 4 25000 0.009893
2 0 4 25000 0.01014
2 0 4 25000 0.009911
2 0 4 25000 0.00983
2 0 4 25000 0.01008
2 0 4 25000 0.009958
2 0 4 25000 0.009934
2 0 4 24361 0.04504
2 0 4 24361 0.04499
2 0 4 24291 0.04557
2 0 4 24178 0.04573
2 0 4 15917 0.01878
2 0 4 15917 0.0185
2 0 4 15914 0.01954
2 0 4 15914 0.01963
2 0 4 15910 0.01865
2 0 4 15909 0.01882
2 0 4 15907 0.0186
2 0 4 15906 0.01845
2 0 4 15904 0.01923
2 0 4 15901 0.01901
2 0 4 15899 0.01895
2 0 4 15897 0.01867
2 0 4 15892 0.01817
2 0 4 15882 0.01863
2 0 4 15864 0.01919
2 0 4 15844 0.01851
2 0 4 15768 0.01814
2 0 4 15753 0.03006
2 0 4 15390 0.02932
2 0 4 15348 0.02974
2 0 4 15317 0.02959
2 0 4 15299 0.02902
2 0 4 15280 0.02874
2 0 4 15262 0.02955
2 0 4 15206 0.0286
2 0 4 15188 0.02824
2 0 4 15062 0.02817
2 0 4 15040 0.02831
2 0 4 15000 0.006581
2 0 4 15000 0.006627
2 0 4 15000 0.006494
2 0 4 15000 0.006565
2 0 4 15000 0.006433
2 0 4 15000 0.006497
2 0 4 15000 0.006491
2 0 4 15000 0.006463
2 0 4 15000 0.006554
2 0 4 15000 0.006646
2 0 4 15000 0.006522
2 0 4 15000 0.006446
2 0 4 15000 0.006559
2 0 4 15000 0.006446
2 0 4 15000 0.006456
2 0 4 15000 0.006459
2 0 4 15000 0.006482
2 0 4 14985 0.02779
2 0 4 14937 0.02856
2 0 4 14926 0.02808
2 0 4 14628 0.02796
2 0 4 14458 0.0282
2 0 4 10404 0.01395
2 0 4 10403 0.01343
2 0 4 10401 0.01356
2 0 4 10401 0.01353
2 0 4 10398 0.01351
2 0 4 10398 0.0135
2 0 4 10397 0.01365
2 0 4 10396 0.01342
2 0 4 10395 0.01346
2 0 4 10394 0.01341
2 0 4 10393 0.01352
2 0 4 10393 0.01346
2 0 4 10391 0.01333
2 0 4 10390 0.01333
2 0 4 10385 0.01326
2 0 4 10370 0.02084
2 0 4 10353 0.02115
2 0 4 10296 0.02117
2 0 4 10242 0.02074
2 0 4 10242 0.02086
2 0 4 10198 0.02042
2 0 4 10198 0.02041
2 0 4 10170 0.01352
2 0 4 10167 0.01992
2 0 4 10157 0.0198
2 0 4 10151 0.02029
2 0 4 10144 0.02019
2 0 4 10140 0.02031
2 0 4 10059 0.01978
2 0 4 10054 0.02034
2 0 4 10000 0.005192
2 0 4 10000 0.005212
2 0 4 10000 0.005191
2 0 4 10000 0.005254
2 0 4 10000 0.005161
2 0 4 10000 0.005207
2 0 4 10000 0.005139
2 0 4 10000 0.005139
2 0 4 10000 0.005196
2 0 4 10000 0.005229
2 0 4 10000 0.005145
2 0 4 10000 0.005033
2 0 4 10000 0.00524
2 0 4 10000 0.005055
2 0 4 10000 0.005012
2 0 4 10000 0.005096
2 0 4 9997 0.01949
2 0 4 9992 0.02016
2 0 4 9871 0.01985
2 0 4 9763 0.01959
2 0 5 163159 0.2148
2 0 5 163159 0.2056
2 0 5 162963 0.2072
2 0 5 162856 0.2015
2 0 5 162498 0.2101
2 0 5 162489 0.2072
2 0 5 162323 0.203
2 0 5 162076 0.2169
2 0 5 161726 0.2185
2 0 5 161688 0.2125
2 0 5 161410 0.2197
2 0 5 161314 0.22
2 0 5 161074 0.2161
2 0 5 160114 0.2158
2 0 5 158529 0.2173
2 0 5 154339 0.2058
2 0 5 152518 0.2105
2 0 5 136583 0.2674
2 0 5 134226 0.2756
2 0 5 133961 0.27
2 0 5 130823 0.2699
2 0 5 129775 0.1857
2 0 5 129515 0.1809
2 0 5 129188 0.1862
2 0 5 129103 0.1829
2 0 5 129083 0.1923
2 0 5 129057 0.1936
2 0 5 128707 0.1859
2 0 5 128639 0.1766
2 0 5 127500 0.1856
2 0 5 126810 0.1885
2 0 5 126594 0.2707
2 0 5 126365 0.2652
2 0 5 126028 0.1781
2 0 5 125309 0.1783
2 0 5 125171 0.1915
2 0 5 123913 0.1881
2 0 5 122666 0.1278
2 0 5 122385 0.1569
2 0 5 119817 0.1505
2 0 5 119007 0.1183
2 0 5 118363 0.1254
2 0 5 115515 0.1535
2 0 5 112388 0.1457
2 0 5 111349 0.1455
2 0 5 109487 0.1441
2 0 5 109307 0.1207
2 0 5 109258 0.1207
2 0 5 109011 0.1199
2 0 5 108992 0.1187
2 0 5 108964 0.1212
2 0 5 108961 0.1204
2 0 5 108909 0.1211
2 0 5 108868 0.1197
2 0 5 108832 0.1182
2 0 5 108690 0.1188
2 0 5 108606 0.1187
2 0 5 108519 0.1182
2 0 5 108504 0.1182
2 0 5 107694 0.1153
2 0 5 107238 0.1152
2 0 5 105484 0.115
2 0 5 105128 0.1377
2 0 5 104643 0.1396
2 0 5 103143 0.1408
2 0 5 102249 0.1122
2 0 5 100316 0.1408
2 0 5 100000 0.08694
2 0 5 100000 0.08597
2 0 5 100000 0.08605
2 0 5 100000 0.08504
2 0 5 100000 0.08473
2 0 5 100000 0.08515
2 0 5 100000 0.08454
2 0 5 100000 0.08493
2 0 5 100000 0.08479
2 0 5 100000 0.0847
2 0 5 100000 0.08516
2 0 5 100000 0.08493
2 0 5 100000 0.08574
2 0 5 100000 0.08715
2 0 5 100000 0.08778
2 0 5 100000 0.08776
2 0 5 100000 0.08776
2 0 5 99720 0.1371
2 0 5 98647 0.1344
2 0 5 98556 0.1357
2 0 5 97245 0.1331
2 0 5 94945 0.1311
2 0 5 94281 0.1325
2 0 5 93513 0.1296
2 0 5 93379 0.129
2 0 5 89929 0.1254
2 0 5 89765 0.1242
2 0 5 89139 0.1255
2 0 5 88785 0.1262
2 0 5 88308 0.1253
2 0 5 88041 0.1228
2 0 5 87463 0.1239
2 0 5 87351 0.123
2 0 5 85893 0.1221
2 0 5 85299 0.1209
2 0 5 85289 0.1224
2 0 5 85000 0.07163
2 0 5 85000 0.07481
2 0 5 85000 0.07741
2 0 5 85000 0.07318
2 0 5 85000 0.07207
2 0 5 85000 0.07298
2 0 5 85000 0.07211
2 0 5 85000 0.07034
2 0 5 85000 0.06796
2 0 5 85000 0.07091
2 0 5 85000 0.0715
2 0 5 85000 0.06921
2 0 5 85000 0.07086
2 0 5 85000 0.07107
2 0 5 85000 0.07153
2 0 5 85000 0.07063
2 0 5 85000 0.07335
2 0 5 83320 0.1192
2 0 5 82902 0.1156
2 0 5 79404 0.1146
2 0 5 79404 0.1151
2 0 5 79068 0.1137
2 0 5 77530 0.1116
2 0 5 77129 0.1139
2 0 5 76354 0.1156
2 0 5 75000 0.05918
2 0 5 75000 0.05991
2 0 5 75000 0.06032
2 0 5 75000 0.06044
2 0 5 75000 0.0594
2 0 5 75000 0.0608
2 0 5 75000 0.06183
2 0 5 75000 0.05974
2 0 5 75000 0.06073
2 0 5 75000 0.06264
2 0 5 75000 0.06295
2 0 5 75000 0.06204
2 0 5 75000 0.06363
2 0 5 75000 0.06069
2 0 5 75000 0.0605
2 0 5 75000 0.06172
2 0 5 75000 0.06156
2 0 5 74756 0.1111
2 0 5 72675 0.1085
2 0 5 72675 0.1088
2 0 5 71103 0.1024
2 0 5 69135 0.1058
2 0 5 64687 0.07494
2 0 5 64635 0.07605
2 0 5 64508 0.07685
2 0 5 64495 0.07504
2 0 5 64403 0.07767
2 0 5 64368 0.07797
2 0 5 64282 0.07713
2 0 5 64238 0.07752
2 0 5 64173 0.07753
2 0 5 64128 0.07749
2 0 5 64005 0.07912
2 0 5 63965 0.07665
2 0 5 63120 0.07674
2 0 5 63112 0.07544
2 0 5 62972 0.07437
2 0 5 62858 0.07502
2 0 5 60995 0.07387
2 0 5 60995 0.07371
2 0 5 58073 0.09563
2 0 5 58073 0.0952
2 0 5 57268 0.09485
2 0 5 56813 0.09585
2 0 5 56255 0.09086
2 0 5 55540 0.09365
2 0 5 55288 0.0923
2 0 5 52449 0.08894
2 0 5 51999 0.08692
2 0 5 50292 0.08697
2 0 5 50000 0.03542
2 0 5 50000 0.03453
2 0 5 50000 0.0349
2 0 5 50000 0.03456
2 0 5 50000 0.03505
2 0 5 50000 0.03342
2 0 5 50000 0.0337
2 0 5 50000 0.03371
2 0 5 50000 0.03373
2 0 5 50000 0.0334
2 0 5 50000 0.03368
2 0 5 50000 0.03371
2 0 5 50000 0.03372
2 0 5 50000 0.03474
2 0 5 50000 0.03407
2 0 5 50000 0.03473
2 0 5 50000 0.03268
2 0 5 49539 0.08437
2 0 5 48840 0.08368
2 0 5 48283 0.08335
2 0 5 47024 0.08134
2 0 5 42488 0.07594
2 0 5 42055 0.05071
2 0 5 41983 0.05014
2 0 5 41972 0.05125
2 0 5 41946 0.05074
2 0 5 41945 0.05013
2 0 5 41903 0.05011
2 0 5 41900 0.05054
2 0 5 41893 0.04972
2 0 5 41840 0.05183
2 0 5 41833 0.05098
2 0 5 41828 0.05135
2 0 5 41775 0.04978
2 0 5 41754 0.05057
2 0 5 41726 0.04987
2 0 5 41625 0.05033
2 0 5 41438 0.05081
2 0 5 41291 0.0486
2 0 5 40959 0.07004
2 0 5 39653 0.06809
2 0 5 39595 0.06899
2 0 5 39339 0.06782
2 0 5 39209 0.06813
2 0 5 38610 0.06595
2 0 5 38273 0.06548
2 0 5 37709 0.06403
2 0 5 37319 0.0652
2 0 5 36729 0.06335
2 0 5 36531 0.0647
2 0 5 35406 0.064
2 0 5 35406 0.06558
2 0 5 35000 0.02229
2 0 5 35000 0.02216
2 0 5 35000 0.02158
2 0 5 35000 0.02251
2 0 5 35000 0.02259
2 0 5 35000 0.02178
2 0 5 35000 0.02139
2 0 5 35000 0.02207
2 0 5 35000 0.02218
2 0 5 35000 0.02344
2 0 5 35000 0.02287
2 0 5 35000 0.02246
2 0 5 35000 0.02223
2 0 5 35000 0.02203
2 0 5 35000 0.02147
2 0 5 35000 0.02171
2 0 5 34652 0.0615
2 0 5 33634 0.05902
2 0 5 33493 0.05849
2 0 5 32821 0.05805
2 0 5 28476 0.03012
2 0 5 28472 0.03034
2 0 5 28467 0.03224
2 0 5 28459 0.03205
2 0 5 28450 0.03166
2 0 5 28447 0.03042
2 0 5 28441 0.03001
2 0 5 28439 0.03084
2 0 5 28429 0.03028
2 0 5 28412 0.03087
2 0 5 28387 0.03196
2 0 5 28373 0.03038
2 0 5 27564 0.03008
2 0 5 27564 0.02996
2 0 5 27553 0.03094
2 0 5 27534 0.03128
2 0 5 27483 0.02966
2 0 5 27193 0.0503
2 0 5 26783 0.04853
2 0 5 26646 0.04797
2 0 5 26412 0.04702
2 0 5 26364 0.04855
2 0 5 26352 0.04719
2 0 5 26131 0.04769
2 0 5 26072 0.04879
2 0 5 25743 0.04734
2 0 5 25410 0.04728
2 0 5 25410 0.04716
2 0 5 25065 0.04581
2 0 5 25000 0.01027
2 0 5 25000 0.01004
2 0 5 25000 0.01023
2 0 5 25000 0.01019
2 0 5 25000 0.01017
2 0 5 25000 0.01015
2 0 5 25000 0.0101
2 0 5 25000 0.01012
2 0 5 25000 0.009966
2 0 5 25000 0.01022
2 0 5 25000 0.0101
2 0 5 25000 0.01005
2 0 5 25000 0.01013
2 0 5 25000 0.01023
2 0 5 25000 0.01004
2 0 5 25000 0.01047
2 0 5 25000 0.01024
2 0 5 24998 0.04696
2 0 5 24682 0.04522
2 0 5 23744 0.04445
2 0 5 23744 0.04438
2 0 5 16240 0.01903
2 0 5 16237 0.01889
2 0 5 16231 0.01874
2 0 5 16227 0.01842
2 0 5 16223 0.01899
2 0 5 16223 0.01899
2 0 5 16221 0.0187
2 0 5 16221 0.01892
2 0 5 16213 0.01933
2 0 5 16211 0.01902
2 0 5 16208 0.01867
2 0 5 16207 0.01916
2 0 5 16205 0.01901
2 0 5 16204 0.01913
2 0 5 16181 0.01867
2 0 5 16170 0.01957
2 0 5 16090 0.01865
2 0 5 15927 0.03108
2 0 5 15637 0.03083
2 0 5 15548 0.03043
2 0 5 15461 0.03033
2 0 5 15461 0.0302
2 0 5 15451 0.03116
2 0 5 15332 0.02907
2 0 5 15219 0.02926
2 0 5 15128 0.02946
2 0 5 15097 0.02874
2 0 5 15073 0.02899
2 0 5 15064 0.02915
2 0 5 15000 0.006643
2 0 5 15000 0.006584
2 0 5 15000 0.006567
2 0 5 15000 0.006562
2 0 5 15000 0.006609
2 0 5 15000 0.00663
2 0 5 15000 0.006665
2 0 5 15000 0.006597
2 0 5 15000 0.00658
2 0 5 15000 0.006555
2 0 5 15000 0.006606
2 0 5 15000 0.006707
2 0 5 15000 0.006672
2 0 5 15000 0.006711
2 0 5 15000 0.006616
2 0 5 15000 0.00665
2 0 5 14989 0.02891
2 0 5 14978 0.0291
2 0 5 14899 0.02834
2 0 5 14628 0.02786
2 0 5 14628 0.02782
2 0 5 10545 0.01312
2 0 5 10540 0.01334
2 0 5 10538 0.01356
2 0 5 10533 0.01392
2 0 5 10533 0.01304
2 0 5 10533 0.01386
2 0 5 10532 0.01316
2 0 5 10529 0.01314
2 0 5 10528 0.01307
2 0 5 10527 0.01317
2 0 5 10526 0.01381
2 0 5 10524 0.01329
2 0 5 10522 0.01315
2 0 5 10503 0.01325
2 0 5 10433 0.01342
2 0 5 10402 0.01354
2 0 5 10395 0.02157
2 0 5 10342 0.02081
2 0 5 10334 0.02108
2 0 5 10304 0.01336
2 0 5 10303 0.02109
2 0 5 10232 0.02085
2 0 5 10229 0.0206
2 0 5 10201 0.02063
2 0 5 10162 0.02086
2 0 5 10161 0.0203
2 0 5 10128 0.02013
2 0 5 10029 0.01983
2 0 5 10000 0.005118
2 0 5 10000 0.005212
2 0 5 10000 0.005205
2 0 5 10000 0.005063
2 0 5 10000 0.005195
2 0 5 10000 0.005081
2 0 5 10000 0.005159
2 0 5 10000 0.005214
2 0 5 10000 0.005182
2 0 5 10000 0.005041
2 0 5 10000 0.005106
2 0 5 10000 0.005076
2 0 5 10000 0.005146
2 0 5 10000 0.005245
2 0 5 10000 0.005153
2 0 5 10000 0.005228
2 0 5 10000 0.005174
2 0 5 9993 0.01991
2 0 5 9972 0.01995
2 0 5 9958 0.01997
2 0 5 9921 0.02022
2 0 5 9685 0.01997
