16 3 1 100000 0.1441
16 3 1 100000 0.1379
16 3 1 100000 0.131
16 3 1 100000 0.131
16 3 1 100000 0.132
16 3 1 100000 0.1317
16 3 1 85000 0.1182
16 3 1 85000 0.1175
16 3 1 85000 0.1172
16 3 1 85000 0.1168
16 3 1 85000 0.1185
16 3 1 85000 0.1161
16 3 1 85000 0.1171
16 3 1 75000 0.1071
16 3 1 75000 0.1088
16 3 1 75000 0.1078
16 3 1 75000 0.1072
16 3 1 75000 0.1083
16 3 1 75000 0.1077
16 3 1 50000 0.08402
16 3 1 50000 0.08566
16 3 1 50000 0.08397
16 3 1 50000 0.08405
16 3 1 50000 0.08307
16 3 1 50000 0.08329
16 3 1 35000 0.06177
16 3 1 35000 0.06147
16 3 1 35000 0.06252
16 3 1 35000 0.06233
16 3 1 35000 0.0625
16 3 1 35000 0.06317
16 3 1 35000 0.06215
16 3 1 25000 0.04583
16 3 1 25000 0.04484
16 3 1 25000 0.04476
16 3 1 25000 0.04538
16 3 1 25000 0.04535
16 3 1 25000 0.04551
16 3 1 15000 0.02797
16 3 1 15000 0.02844
16 3 1 15000 0.02837
16 3 1 15000 0.02806
16 3 1 15000 0.02811
16 3 1 15000 0.02814
16 3 1 10000 0.01948
16 3 1 10000 0.01907
16 3 1 10000 0.0197
16 3 1 10000 0.01942
16 3 1 10000 0.01958
16 3 1 10000 0.01942
16 3 2 110946 0.14
16 3 2 108293 0.1376
16 3 2 106225 0.1361
16 3 2 102181 0.1319
16 3 2 98173 0.128
16 3 2 96766 0.1257
16 3 2 93470 0.1261
16 3 2 90113 0.122
16 3 2 89881 0.1192
16 3 2 85090 0.1147
16 3 2 82538 0.1141
16 3 2 81540 0.1128
16 3 2 78945 0.1106
16 3 2 78695 0.11
16 3 2 77726 0.1085
16 3 2 76525 0.1089
16 3 2 76010 0.11
16 3 2 73887 0.1019
16 3 2 70063 0.104
16 3 2 53386 0.08864
16 3 2 52970 0.08695
16 3 2 51989 0.08614
16 3 2 51334 0.08635
16 3 2 51127 0.08542
16 3 2 47957 0.08128
16 3 2 46785 0.08018
16 3 2 36166 0.06228
16 3 2 35938 0.06391
16 3 2 35406 0.06044
16 3 2 34650 0.06141
16 3 2 34387 0.06057
16 3 2 25841 0.04731
16 3 2 25818 0.04699
16 3 2 25456 0.04566
16 3 2 24948 0.04598
16 3 2 24691 0.04579
16 3 2 24384 0.04495
16 3 2 24133 0.04426
16 3 2 15267 0.02861
16 3 2 15214 0.02917
16 3 2 15033 0.02835
16 3 2 14997 0.02932
16 3 2 14795 0.02851
16 3 2 14713 0.02848
16 3 2 10132 0.02
16 3 2 10102 0.01975
16 3 2 10083 0.0198
16 3 2 10023 0.01963
16 3 2 9918 0.01931
16 3 2 9872 0.01961
16 3 3 120424 0.1505
16 3 3 114258 0.1447
16 3 3 108344 0.1391
16 3 3 106833 0.1371
16 3 3 101247 0.1249
16 3 3 94866 0.1253
16 3 3 93672 0.1244
16 3 3 90947 0.1207
16 3 3 87988 0.1219
16 3 3 86297 0.1193
16 3 3 84378 0.116
16 3 3 83835 0.1159
16 3 3 81408 0.1128
16 3 3 81408 0.1126
16 3 3 78942 0.1109
16 3 3 78126 0.111
16 3 3 76777 0.1101
16 3 3 74226 0.109
16 3 3 67299 0.1025
16 3 3 56597 0.09149
16 3 3 54896 0.09158
16 3 3 54070 0.08973
16 3 3 53498 0.08933
16 3 3 53021 0.08862
16 3 3 49252 0.08315
16 3 3 48922 0.08255
16 3 3 36716 0.06499
16 3 3 36353 0.06405
16 3 3 35945 0.06402
16 3 3 35002 0.06246
16 3 3 33686 0.05946
16 3 3 26285 0.04811
16 3 3 25604 0.0478
16 3 3 25219 0.04546
16 3 3 25162 0.04642
16 3 3 24754 0.04603
16 3 3 24270 0.04545
16 3 3 23816 0.04559
16 3 3 15337 0.03005
16 3 3 15301 0.02959
16 3 3 15137 0.02933
16 3 3 14992 0.02916
16 3 3 14893 0.02927
16 3 3 14509 0.02826
16 3 3 10225 0.02034
16 3 3 10163 0.02043
16 3 3 10117 0.02038
16 3 3 10103 0.02028
16 3 3 10001 0.01986
16 3 3 9853 0.01993
16 3 4 130604 0.2741
16 3 4 129486 0.271
16 3 4 113192 0.1412
16 3 4 109268 0.1384
16 3 4 104766 0.1362
16 3 4 101140 0.1337
16 3 4 95522 0.1265
16 3 4 93527 0.1258
16 3 4 89233 0.1213
16 3 4 88491 0.1203
16 3 4 85985 0.1185
16 3 4 85176 0.1168
16 3 4 84261 0.1158
16 3 4 82856 0.1146
16 3 4 81046 0.1139
16 3 4 79318 0.1117
16 3 4 78923 0.1114
16 3 4 73023 0.1042
16 3 4 73023 0.1035
16 3 4 58071 0.09426
16 3 4 56753 0.09277
16 3 4 55735 0.09179
16 3 4 54666 0.09094
16 3 4 53016 0.08865
16 3 4 52574 0.08882
16 3 4 38901 0.06758
16 3 4 38225 0.06621
16 3 4 37648 0.06606
16 3 4 36302 0.06408
16 3 4 35850 0.06515
16 3 4 35786 0.06487
16 3 4 32936 0.05967
16 3 4 25993 0.04826
16 3 4 25463 0.04793
16 3 4 25099 0.04773
16 3 4 24918 0.04617
16 3 4 24156 0.0455
16 3 4 23819 0.04536
16 3 4 15449 0.03074
16 3 4 15349 0.03011
16 3 4 15180 0.02933
16 3 4 14996 0.02987
16 3 4 14930 0.02926
16 3 4 10397 0.022
16 3 4 10347 0.02197
16 3 4 10252 0.02205
16 3 4 10216 0.02063
16 3 4 10192 0.02046
16 3 4 10088 0.01977
16 3 4 9932 0.0205
16 3 5 131071 0.2506
16 3 5 119598 0.1495
16 3 5 118345 0.1475
16 3 5 113624 0.1428
16 3 5 106562 0.1349
16 3 5 105576 0.1359
16 3 5 98405 0.1282
16 3 5 97460 0.1277
16 3 5 91000 0.1206
16 3 5 87026 0.1188
16 3 5 86599 0.1162
16 3 5 84150 0.1157
16 3 5 82580 0.1124
16 3 5 82419 0.1133
16 3 5 80190 0.1125
16 3 5 77949 0.1109
16 3 5 74288 0.1065
16 3 5 71905 0.1048
16 3 5 70026 0.1028
16 3 5 58370 0.09434
16 3 5 58333 0.09341
16 3 5 57319 0.09312
16 3 5 55844 0.09181
16 3 5 53585 0.08737
16 3 5 51953 0.08688
16 3 5 41594 0.07268
16 3 5 37591 0.06528
16 3 5 37159 0.06474
16 3 5 36435 0.06448
16 3 5 35920 0.06404
16 3 5 35212 0.06229
16 3 5 27111 0.04929
16 3 5 26673 0.04931
16 3 5 25576 0.04788
16 3 5 25070 0.04674
16 3 5 24885 0.04704
16 3 5 24332 0.04529
16 3 5 23897 0.0443
16 3 5 15551 0.03039
16 3 5 15380 0.03007
16 3 5 15296 0.02954
16 3 5 15130 0.02965
16 3 5 14990 0.02937
16 3 5 14849 0.02924
16 3 5 10358 0.02228
16 3 5 10319 0.02187
16 3 5 10208 0.02057
16 3 5 10166 0.02029
16 3 5 10065 0.01998
16 3 5 10019 0.0198
