16 13 1 100000 0.1113
16 13 1 100000 0.1084
16 13 1 100000 0.1029
16 13 1 100000 0.1031
16 13 1 100000 0.1039
16 13 1 100000 0.1012
16 13 1 85000 0.09084
16 13 1 85000 0.08532
16 13 1 85000 0.09211
16 13 1 85000 0.09115
16 13 1 85000 0.09144
16 13 1 85000 0.08996
16 13 1 85000 0.09325
16 13 1 75000 0.07914
16 13 1 75000 0.07929
16 13 1 75000 0.08327
16 13 1 75000 0.08223
16 13 1 75000 0.08157
16 13 1 75000 0.08092
16 13 1 50000 0.05919
16 13 1 50000 0.05864
16 13 1 50000 0.05958
16 13 1 50000 0.05891
16 13 1 50000 0.05936
16 13 1 50000 0.06079
16 13 1 50000 0.06125
16 13 1 35000 0.04032
16 13 1 35000 0.04311
16 13 1 35000 0.04365
16 13 1 35000 0.04258
16 13 1 35000 0.04389
16 13 1 25000 0.02702
16 13 1 25000 0.02643
16 13 1 25000 0.02902
16 13 1 25000 0.0283
16 13 1 25000 0.02815
16 13 1 25000 0.02809
16 13 1 15000 0.01743
16 13 1 15000 0.01696
16 13 1 15000 0.01707
16 13 1 15000 0.0179
16 13 1 15000 0.0178
16 13 1 15000 0.0181
16 13 1 15000 0.0181
16 13 1 10000 0.01233
16 13 1 10000 0.01223
16 13 1 10000 0.01288
16 13 1 10000 0.01322
16 13 1 10000 0.01235
16 13 1 10000 0.01294
16 13 2 113521 0.1155
16 13 2 113000 0.116
16 13 2 111208 0.1114
16 13 2 110734 0.1078
16 13 2 105399 0.1108
16 13 2 94763 0.09904
16 13 2 94748 0.09998
16 13 2 94651 0.09628
16 13 2 94108 0.09899
16 13 2 93124 0.09828
16 13 2 90146 0.09635
16 13 2 87449 0.09331
16 13 2 85161 0.09189
16 13 2 82548 0.08941
16 13 2 82467 0.08846
16 13 2 82266 0.0908
16 13 2 81310 0.08795
16 13 2 78064 0.08515
16 13 2 76212 0.08089
16 13 2 53372 0.06318
16 13 2 53338 0.06446
16 13 2 53250 0.06178
16 13 2 52783 0.06611
16 13 2 51118 0.06531
16 13 2 50109 0.06225
16 13 2 36662 0.04555
16 13 2 36646 0.04348
16 13 2 36620 0.04476
16 13 2 36564 0.04258
16 13 2 35924 0.04557
16 13 2 34825 0.0434
16 13 2 33687 0.04079
16 13 2 25839 0.02865
16 13 2 25826 0.02872
16 13 2 25790 0.0267
16 13 2 25658 0.02837
16 13 2 24824 0.02751
16 13 2 24116 0.02785
16 13 2 15302 0.01853
16 13 2 15298 0.01937
16 13 2 15290 0.01807
16 13 2 15279 0.01684
16 13 2 15085 0.01761
16 13 2 14892 0.0191
16 13 2 10134 0.01301
16 13 2 10131 0.01184
16 13 2 10128 0.01234
16 13 2 10098 0.01275
16 13 2 10045 0.01254
16 13 2 9897 0.0127
16 13 3 127500 0.1749
16 13 3 125405 0.1762
16 13 3 117876 0.1171
16 13 3 114603 0.1172
16 13 3 109336 0.1136
16 13 3 105634 0.1056
16 13 3 104553 0.1044
16 13 3 103463 0.1017
16 13 3 100035 0.1029
16 13 3 97948 0.1016
16 13 3 96007 0.09825
16 13 3 91336 0.09735
16 13 3 90784 0.09665
16 13 3 90066 0.09259
16 13 3 89298 0.09072
16 13 3 86473 0.09169
16 13 3 84274 0.08931
16 13 3 79709 0.08755
16 13 3 78636 0.08501
16 13 3 56927 0.06776
16 13 3 56668 0.06502
16 13 3 56095 0.06547
16 13 3 54885 0.0686
16 13 3 54078 0.06691
16 13 3 49973 0.0611
16 13 3 47619 0.05925
16 13 3 38234 0.04329
16 13 3 38136 0.04417
16 13 3 36102 0.0436
16 13 3 35805 0.04491
16 13 3 34297 0.04197
16 13 3 26713 0.02874
16 13 3 26696 0.03085
16 13 3 26607 0.02714
16 13 3 26450 0.03122
16 13 3 25666 0.0299
16 13 3 25456 0.02973
16 13 3 25025 0.02831
16 13 3 15606 0.01923
16 13 3 15574 0.01791
16 13 3 15477 0.01936
16 13 3 15303 0.0166
16 13 3 15150 0.01881
16 13 3 14978 0.01708
16 13 3 10265 0.01383
16 13 3 10260 0.01219
16 13 3 10233 0.0132
16 13 3 10169 0.01316
16 13 3 10073 0.01293
16 13 3 9818 0.01267
16 13 4 140609 0.1903
16 13 4 135471 0.1821
16 13 4 129010 0.187
16 13 4 122127 0.1212
16 13 4 120349 0.1231
16 13 4 114878 0.114
16 13 4 112440 0.1131
16 13 4 109000 0.1112
16 13 4 107768 0.1067
16 13 4 104072 0.1057
16 13 4 99402 0.1036
16 13 4 99077 0.108
16 13 4 96164 0.1202
16 13 4 95412 0.123
16 13 4 94011 0.1198
16 13 4 91644 0.1157
16 13 4 90522 0.1142
16 13 4 86076 0.1099
16 13 4 83499 0.1
16 13 4 60336 0.07018
16 13 4 58716 0.06764
16 13 4 57455 0.06698
16 13 4 56430 0.06555
16 13 4 54420 0.06558
16 13 4 51234 0.06084
16 13 4 50817 0.06144
16 13 4 39637 0.04614
16 13 4 38373 0.04365
16 13 4 37472 0.0444
16 13 4 36379 0.04487
16 13 4 35183 0.04431
16 13 4 27595 0.03163
16 13 4 27489 0.0295
16 13 4 27466 0.02929
16 13 4 26750 0.0315
16 13 4 26076 0.03014
16 13 4 25799 0.02815
16 13 4 15923 0.01802
16 13 4 15923 0.01845
16 13 4 15884 0.0184
16 13 4 15836 0.01982
16 13 4 15631 0.01821
16 13 4 15456 0.01859
16 13 4 15175 0.01786
16 13 4 10399 0.01419
16 13 4 10391 0.01306
16 13 4 10332 0.01443
16 13 4 10264 0.01313
16 13 4 10189 0.01352
16 13 4 10105 0.01271
16 13 5 153339 0.1831
16 13 5 147006 0.1826
16 13 5 141914 0.1929
16 13 5 132570 0.1816
16 13 5 127759 0.1705
16 13 5 125869 0.1674
16 13 5 121425 0.1171
16 13 5 116588 0.1121
16 13 5 114786 0.1214
16 13 5 108543 0.1214
16 13 5 107032 0.1316
16 13 5 105141 0.1261
16 13 5 104551 0.1282
16 13 5 100809 0.1162
16 13 5 99423 0.09418
16 13 5 95441 0.09875
16 13 5 93169 0.09575
16 13 5 87892 0.09076
16 13 5 73168 0.0816
16 13 5 64372 0.06987
16 13 5 62598 0.06921
16 13 5 61453 0.06942
16 13 5 60436 0.06846
16 13 5 58036 0.06825
16 13 5 56849 0.06807
16 13 5 41870 0.04565
16 13 5 41452 0.04798
16 13 5 40423 0.04828
16 13 5 39484 0.04477
16 13 5 38597 0.04612
16 13 5 37552 0.0439
16 13 5 28407 0.02905
16 13 5 28369 0.03053
16 13 5 27814 0.03064
16 13 5 27202 0.03011
16 13 5 26706 0.03153
16 13 5 26199 0.02831
16 13 5 25149 0.02898
16 13 5 16202 0.01812
16 13 5 16110 0.01888
16 13 5 15937 0.01962
16 13 5 15787 0.01919
16 13 5 15534 0.01877
16 13 5 14947 0.01786
16 13 5 10529 0.01367
16 13 5 10505 0.01302
16 13 5 10415 0.01443
16 13 5 10342 0.01419
16 13 5 10226 0.0133
16 13 5 10100 0.01298
