2 0 1 100000 0.1178
2 0 1 100000 0.1168
2 0 1 100000 0.1141
2 0 1 100000 0.1151
2 0 1 100000 0.1153
2 0 1 100000 0.1175
2 0 1 100000 0.1183
2 0 1 100000 0.1169
2 0 1 100000 0.1194
2 0 1 100000 0.1176
2 0 1 100000 0.1169
2 0 1 100000 0.1156
2 0 1 100000 0.1176
2 0 1 100000 0.1183
2 0 1 100000 0.1189
2 0 1 100000 0.1171
2 0 1 100000 0.1179
2 0 1 100000 0.1422
2 0 1 100000 0.143
2 0 1 100000 0.142
2 0 1 100000 0.1422
2 0 1 100000 0.1418
2 0 1 100000 0.1423
2 0 1 100000 0.1423
2 0 1 100000 0.1429
2 0 1 100000 0.1418
2 0 1 100000 0.1408
2 0 1 100000 0.1426
2 0 1 100000 0.1437
2 0 1 100000 0.1427
2 0 1 100000 0.1408
2 0 1 100000 0.1421
2 0 1 100000 0.1458
2 0 1 100000 0.08809
2 0 1 100000 0.08786
2 0 1 100000 0.08997
2 0 1 100000 0.09516
2 0 1 100000 0.09193
2 0 1 100000 0.08045
2 0 1 100000 0.08694
2 0 1 100000 0.09443
2 0 1 100000 0.09288
2 0 1 100000 0.08414
2 0 1 100000 0.08841
2 0 1 100000 0.09133
2 0 1 100000 0.09601
2 0 1 100000 0.09331
2 0 1 100000 0.08411
2 0 1 100000 0.08524
2 0 1 100000 0.0943
2 0 1 85000 0.106
2 0 1 85000 0.1066
2 0 1 85000 0.1032
2 0 1 85000 0.1036
2 0 1 85000 0.1049
2 0 1 85000 0.1045
2 0 1 85000 0.1053
2 0 1 85000 0.1057
2 0 1 85000 0.1045
2 0 1 85000 0.1016
2 0 1 85000 0.1053
2 0 1 85000 0.1066
2 0 1 85000 0.1038
2 0 1 85000 0.1054
2 0 1 85000 0.1055
2 0 1 85000 0.1053
2 0 1 85000 0.1033
2 0 1 85000 0.1175
2 0 1 85000 0.1189
2 0 1 85000 0.1173
2 0 1 85000 0.1175
2 0 1 85000 0.1182
2 0 1 85000 0.1175
2 0 1 85000 0.1158
2 0 1 85000 0.1216
2 0 1 85000 0.1211
2 0 1 85000 0.1226
2 0 1 85000 0.1225
2 0 1 85000 0.1201
2 0 1 85000 0.1231
2 0 1 85000 0.1228
2 0 1 85000 0.1235
2 0 1 85000 0.1206
2 0 1 85000 0.06496
2 0 1 85000 0.06572
2 0 1 85000 0.06628
2 0 1 85000 0.06546
2 0 1 85000 0.06585
2 0 1 85000 0.0649
2 0 1 85000 0.0652
2 0 1 85000 0.06574
2 0 1 85000 0.06474
2 0 1 85000 0.06548
2 0 1 85000 0.06579
2 0 1 85000 0.06537
2 0 1 85000 0.06524
2 0 1 85000 0.06528
2 0 1 85000 0.06493
2 0 1 85000 0.06492
2 0 1 85000 0.06478
2 0 1 75000 0.08589
2 0 1 75000 0.08458
2 0 1 75000 0.08625
2 0 1 75000 0.08279
2 0 1 75000 0.08502
2 0 1 75000 0.08418
2 0 1 75000 0.08564
2 0 1 75000 0.08531
2 0 1 75000 0.08497
2 0 1 75000 0.08422
2 0 1 75000 0.08534
2 0 1 75000 0.08586
2 0 1 75000 0.08771
2 0 1 75000 0.09334
2 0 1 75000 0.09141
2 0 1 75000 0.08037
2 0 1 75000 0.08147
2 0 1 75000 0.1066
2 0 1 75000 0.1067
2 0 1 75000 0.1075
2 0 1 75000 0.1088
2 0 1 75000 0.1084
2 0 1 75000 0.1077
2 0 1 75000 0.1072
2 0 1 75000 0.1088
2 0 1 75000 0.1083
2 0 1 75000 0.1084
2 0 1 75000 0.1089
2 0 1 75000 0.1083
2 0 1 75000 0.1089
2 0 1 75000 0.1094
2 0 1 75000 0.1084
2 0 1 75000 0.1089
2 0 1 75000 0.05525
2 0 1 75000 0.05546
2 0 1 75000 0.05581
2 0 1 75000 0.05575
2 0 1 75000 0.05547
2 0 1 75000 0.05425
2 0 1 75000 0.0551
2 0 1 75000 0.0549
2 0 1 75000 0.05475
2 0 1 75000 0.05518
2 0 1 75000 0.05511
2 0 1 75000 0.05544
2 0 1 75000 0.0552
2 0 1 75000 0.05456
2 0 1 75000 0.05417
2 0 1 75000 0.05425
2 0 1 75000 0.05528
2 0 1 50000 0.0611
2 0 1 50000 0.06433
2 0 1 50000 0.06214
2 0 1 50000 0.0608
2 0 1 50000 0.0643
2 0 1 50000 0.05979
2 0 1 50000 0.06166
2 0 1 50000 0.06331
2 0 1 50000 0.06137
2 0 1 50000 0.06638
2 0 1 50000 0.05958
2 0 1 50000 0.05957
2 0 1 50000 0.05966
2 0 1 50000 0.06076
2 0 1 50000 0.05897
2 0 1 50000 0.05909
2 0 1 50000 0.06085
2 0 1 50000 0.08492
2 0 1 50000 0.08322
2 0 1 50000 0.08647
2 0 1 50000 0.08679
2 0 1 50000 0.08731
2 0 1 50000 0.08688
2 0 1 50000 0.08697
2 0 1 50000 0.08562
2 0 1 50000 0.0876
2 0 1 50000 0.08809
2 0 1 50000 0.08899
2 0 1 50000 0.0902
2 0 1 50000 0.09107
2 0 1 50000 0.08934
2 0 1 50000 0.09008
2 0 1 50000 0.09178
2 0 1 50000 0.03792
2 0 1 50000 0.03479
2 0 1 50000 0.03776
2 0 1 50000 0.03633
2 0 1 50000 0.03746
2 0 1 50000 0.03622
2 0 1 50000 0.03705
2 0 1 50000 0.03632
2 0 1 50000 0.03729
2 0 1 50000 0.03537
2 0 1 50000 0.03716
2 0 1 50000 0.03608
2 0 1 50000 0.03734
2 0 1 50000 0.03575
2 0 1 50000 0.03761
2 0 1 50000 0.03628
2 0 1 50000 0.03792
2 0 1 35000 0.04429
2 0 1 35000 0.04598
2 0 1 35000 0.04488
2 0 1 35000 0.04482
2 0 1 35000 0.04611
2 0 1 35000 0.04704
2 0 1 35000 0.04786
2 0 1 35000 0.04437
2 0 1 35000 0.04467
2 0 1 35000 0.04727
2 0 1 35000 0.04535
2 0 1 35000 0.04529
2 0 1 35000 0.04801
2 0 1 35000 0.04482
2 0 1 35000 0.04513
2 0 1 35000 0.04497
2 0 1 35000 0.04935
2 0 1 35000 0.06345
2 0 1 35000 0.06416
2 0 1 35000 0.06372
2 0 1 35000 0.06399
2 0 1 35000 0.06481
2 0 1 35000 0.06388
2 0 1 35000 0.0658
2 0 1 35000 0.06501
2 0 1 35000 0.07367
2 0 1 35000 0.07161
2 0 1 35000 0.07445
2 0 1 35000 0.07021
2 0 1 35000 0.07362
2 0 1 35000 0.07363
2 0 1 35000 0.0736
2 0 1 35000 0.07105
2 0 1 35000 0.03266
2 0 1 35000 0.03316
2 0 1 35000 0.03261
2 0 1 35000 0.03075
2 0 1 35000 0.03304
2 0 1 35000 0.03168
2 0 1 35000 0.03287
2 0 1 35000 0.03299
2 0 1 35000 0.02269
2 0 1 35000 0.02289
2 0 1 35000 0.02319
2 0 1 35000 0.02217
2 0 1 35000 0.02261
2 0 1 35000 0.02208
2 0 1 35000 0.02284
2 0 1 35000 0.02285
2 0 1 35000 0.02266
2 0 1 25000 0.02799
2 0 1 25000 0.02812
2 0 1 25000 0.02862
2 0 1 25000 0.02716
2 0 1 25000 0.02858
2 0 1 25000 0.0277
2 0 1 25000 0.02915
2 0 1 25000 0.02941
2 0 1 25000 0.02757
2 0 1 25000 0.02786
2 0 1 25000 0.02809
2 0 1 25000 0.02955
2 0 1 25000 0.03096
2 0 1 25000 0.0273
2 0 1 25000 0.02732
2 0 1 25000 0.02842
2 0 1 25000 0.03024
2 0 1 25000 0.05178
2 0 1 25000 0.04795
2 0 1 25000 0.04817
2 0 1 25000 0.0476
2 0 1 25000 0.04751
2 0 1 25000 0.04801
2 0 1 25000 0.04869
2 0 1 25000 0.04818
2 0 1 25000 0.0496
2 0 1 25000 0.04947
2 0 1 25000 0.0478
2 0 1 25000 0.04851
2 0 1 25000 0.04918
2 0 1 25000 0.04852
2 0 1 25000 0.04831
2 0 1 25000 0.04804
2 0 1 25000 0.01359
2 0 1 25000 0.01392
2 0 1 25000 0.01348
2 0 1 25000 0.01373
2 0 1 25000 0.01304
2 0 1 25000 0.01369
2 0 1 25000 0.01271
2 0 1 25000 0.01366
2 0 1 25000 0.01315
2 0 1 25000 0.01419
2 0 1 25000 0.01365
2 0 1 25000 0.01337
2 0 1 25000 0.01389
2 0 1 25000 0.01342
2 0 1 25000 0.01391
2 0 1 25000 0.01345
2 0 1 25000 0.01279
2 0 1 15000 0.02055
2 0 1 15000 0.01852
2 0 1 15000 0.01991
2 0 1 15000 0.01902
2 0 1 15000 0.01938
2 0 1 15000 0.01971
2 0 1 15000 0.01948
2 0 1 15000 0.01925
2 0 1 15000 0.01989
2 0 1 15000 0.01983
2 0 1 15000 0.02015
2 0 1 15000 0.01957
2 0 1 15000 0.01959
2 0 1 15000 0.01923
2 0 1 15000 0.01931
2 0 1 15000 0.01954
2 0 1 15000 0.02029
2 0 1 15000 0.03042
2 0 1 15000 0.0299
2 0 1 15000 0.03007
2 0 1 15000 0.02999
2 0 1 15000 0.03059
2 0 1 15000 0.03036
2 0 1 15000 0.0303
2 0 1 15000 0.03068
2 0 1 15000 0.03016
2 0 1 15000 0.03044
2 0 1 15000 0.03043
2 0 1 15000 0.03013
2 0 1 15000 0.03048
2 0 1 15000 0.03019
2 0 1 15000 0.03012
2 0 1 15000 0.03032
2 0 1 15000 0.008428
2 0 1 15000 0.008186
2 0 1 15000 0.008309
2 0 1 15000 0.008441
2 0 1 15000 0.008294
2 0 1 15000 0.008418
2 0 1 15000 0.00818
2 0 1 15000 0.008326
2 0 1 15000 0.008156
2 0 1 15000 0.008142
2 0 1 15000 0.008348
2 0 1 15000 0.008555
2 0 1 15000 0.008296
2 0 1 15000 0.00822
2 0 1 15000 0.008365
2 0 1 15000 0.008208
2 0 1 15000 0.008413
2 0 1 10000 0.01404
2 0 1 10000 0.01344
2 0 1 10000 0.01393
2 0 1 10000 0.01333
2 0 1 10000 0.01376
2 0 1 10000 0.01406
2 0 1 10000 0.01321
2 0 1 10000 0.01342
2 0 1 10000 0.01363
2 0 1 10000 0.01382
2 0 1 10000 0.01342
2 0 1 10000 0.01378
2 0 1 10000 0.01353
2 0 1 10000 0.01356
2 0 1 10000 0.01379
2 0 1 10000 0.0136
2 0 1 10000 0.01336
2 0 1 10000 0.02077
2 0 1 10000 0.02048
2 0 1 10000 0.02076
2 0 1 10000 0.02057
2 0 1 10000 0.02076
2 0 1 10000 0.02025
2 0 1 10000 0.02042
2 0 1 10000 0.0206
2 0 1 10000 0.02047
2 0 1 10000 0.02061
2 0 1 10000 0.02031
2 0 1 10000 0.02047
2 0 1 10000 0.02054
2 0 1 10000 0.02089
2 0 1 10000 0.02038
2 0 1 10000 0.02081
2 0 1 10000 0.00617
2 0 1 10000 0.006277
2 0 1 10000 0.006411
2 0 1 10000 0.006039
2 0 1 10000 0.006471
2 0 1 10000 0.006222
2 0 1 10000 0.006199
2 0 1 10000 0.006305
2 0 1 10000 0.006186
2 0 1 10000 0.006219
2 0 1 10000 0.005263
2 0 1 10000 0.005256
2 0 1 10000 0.005362
2 0 1 10000 0.00523
2 0 1 10000 0.005281
2 0 1 10000 0.005281
2 0 1 10000 0.005266
2 0 2 113551 0.1578
2 0 2 113437 0.1318
2 0 2 113142 0.131
2 0 2 113142 0.1338
2 0 2 113106 0.128
2 0 2 113102 0.1266
2 0 2 113071 0.1288
2 0 2 113048 0.1307
2 0 2 113044 0.1275
2 0 2 112992 0.1276
2 0 2 112905 0.1303
2 0 2 112887 0.1316
2 0 2 112662 0.1265
2 0 2 112662 0.1275
2 0 2 112446 0.1281
2 0 2 112446 0.1285
2 0 2 111759 0.159
2 0 2 111759 0.1571
2 0 2 110938 0.1587
2 0 2 108887 0.1562
2 0 2 107913 0.1502
2 0 2 107787 0.1253
2 0 2 103090 0.1458
2 0 2 102524 0.1452
2 0 2 102269 0.1456
2 0 2 101500 0.1468
2 0 2 100947 0.157
2 0 2 100000 0.09508
2 0 2 100000 0.09408
2 0 2 100000 0.09649
2 0 2 100000 0.09639
2 0 2 100000 0.09485
2 0 2 100000 0.09806
2 0 2 100000 0.09567
2 0 2 100000 0.09669
2 0 2 100000 0.09774
2 0 2 100000 0.09689
2 0 2 100000 0.09539
2 0 2 100000 0.09364
2 0 2 100000 0.09298
2 0 2 100000 0.08896
2 0 2 100000 0.08247
2 0 2 100000 0.08993
2 0 2 100000 0.09265
2 0 2 98445 0.1422
2 0 2 97432 0.1426
2 0 2 97356 0.1472
2 0 2 97169 0.1429
2 0 2 94670 0.1131
2 0 2 94609 0.1424
2 0 2 94575 0.1112
2 0 2 94571 0.1129
2 0 2 94514 0.1168
2 0 2 94475 0.1146
2 0 2 94455 0.1127
2 0 2 94394 0.1138
2 0 2 94383 0.1115
2 0 2 94374 0.1103
2 0 2 94351 0.1082
2 0 2 94300 0.1068
2 0 2 94161 0.1077
2 0 2 94142 0.1101
2 0 2 94057 0.1392
2 0 2 94034 0.108
2 0 2 93792 0.1096
2 0 2 93792 0.1093
2 0 2 92533 0.1355
2 0 2 92533 0.136
2 0 2 91856 0.1109
2 0 2 90901 0.1393
2 0 2 90453 0.1385
2 0 2 89940 0.1323
2 0 2 89729 0.1363
2 0 2 87737 0.1351
2 0 2 85597 0.1364
2 0 2 85391 0.1314
2 0 2 85000 0.08513
2 0 2 85000 0.08275
2 0 2 85000 0.08104
2 0 2 85000 0.07753
2 0 2 85000 0.08062
2 0 2 85000 0.08263
2 0 2 85000 0.07787
2 0 2 85000 0.07658
2 0 2 85000 0.07462
2 0 2 85000 0.07844
2 0 2 85000 0.07699
2 0 2 85000 0.07586
2 0 2 85000 0.07726
2 0 2 85000 0.07693
2 0 2 85000 0.07692
2 0 2 85000 0.07901
2 0 2 85000 0.08165
2 0 2 84763 0.1294
2 0 2 84507 0.1293
2 0 2 84198 0.126
2 0 2 82528 0.1284
2 0 2 82510 0.1231
2 0 2 82472 0.1019
2 0 2 82464 0.09927
2 0 2 82458 0.0988
2 0 2 82446 0.09906
2 0 2 82423 0.1014
2 0 2 82422 0.09827
2 0 2 82417 0.09747
2 0 2 82387 0.1016
2 0 2 82261 0.09761
2 0 2 82239 0.09244
2 0 2 82222 0.09984
2 0 2 82173 0.09999
2 0 2 82070 0.09973
2 0 2 82070 0.1254
2 0 2 81953 0.1237
2 0 2 81768 0.1239
2 0 2 81669 0.1252
2 0 2 81118 0.1233
2 0 2 80873 0.1282
2 0 2 80298 0.1243
2 0 2 79988 0.1016
2 0 2 79196 0.1237
2 0 2 78636 0.1264
2 0 2 77804 0.1243
2 0 2 77564 0.1242
2 0 2 76923 0.1242
2 0 2 76204 0.1241
2 0 2 75934 0.1182
2 0 2 75898 0.1176
2 0 2 75845 0.1159
2 0 2 75000 0.06585
2 0 2 75000 0.06459
2 0 2 75000 0.06334
2 0 2 75000 0.0656
2 0 2 75000 0.0643
2 0 2 75000 0.06455
2 0 2 75000 0.06419
2 0 2 75000 0.06572
2 0 2 75000 0.06513
2 0 2 75000 0.06407
2 0 2 75000 0.06405
2 0 2 75000 0.0651
2 0 2 75000 0.06544
2 0 2 75000 0.06581
2 0 2 75000 0.06496
2 0 2 75000 0.0658
2 0 2 75000 0.06408
2 0 2 75000 0.06429
2 0 2 72959 0.1088
2 0 2 72959 0.1113
2 0 2 71971 0.1123
2 0 2 70062 0.112
2 0 2 53386 0.09391
2 0 2 53374 0.09465
2 0 2 53374 0.09357
2 0 2 53371 0.06724
2 0 2 53363 0.09426
2 0 2 53346 0.06829
2 0 2 53330 0.06683
2 0 2 53312 0.06716
2 0 2 53301 0.06969
2 0 2 53292 0.07239
2 0 2 53292 0.07368
2 0 2 53287 0.07557
2 0 2 53265 0.07637
2 0 2 53244 0.07361
2 0 2 53238 0.09674
2 0 2 53230 0.1074
2 0 2 53210 0.07036
2 0 2 53169 0.07516
2 0 2 53167 0.06726
2 0 2 53151 0.06582
2 0 2 53110 0.06661
2 0 2 52972 0.092
2 0 2 52970 0.09136
2 0 2 52319 0.08781
2 0 2 52268 0.09124
2 0 2 51582 0.09059
2 0 2 51411 0.09058
2 0 2 51051 0.08849
2 0 2 50804 0.08827
2 0 2 50040 0.06349
2 0 2 50000 0.03487
2 0 2 50000 0.03467
2 0 2 50000 0.03568
2 0 2 50000 0.0354
2 0 2 50000 0.03443
2 0 2 50000 0.03509
2 0 2 50000 0.03528
2 0 2 50000 0.03412
2 0 2 50000 0.03543
2 0 2 50000 0.03508
2 0 2 50000 0.03405
2 0 2 50000 0.03528
2 0 2 50000 0.03411
2 0 2 50000 0.03502
2 0 2 50000 0.03963
2 0 2 50000 0.04543
2 0 2 50000 0.04485
2 0 2 48228 0.08254
2 0 2 47906 0.08086
2 0 2 46786 0.08104
2 0 2 36662 0.04379
2 0 2 36662 0.04337
2 0 2 36662 0.06515
2 0 2 36662 0.06481
2 0 2 36649 0.06356
2 0 2 36647 0.04314
2 0 2 36645 0.04435
2 0 2 36634 0.04206
2 0 2 36617 0.04301
2 0 2 36617 0.04313
2 0 2 36613 0.04423
2 0 2 36609 0.04445
2 0 2 36602 0.0429
2 0 2 36602 0.04295
2 0 2 36585 0.04273
2 0 2 36580 0.04263
2 0 2 36580 0.04279
2 0 2 36571 0.04327
2 0 2 36525 0.04127
2 0 2 36312 0.06329
2 0 2 36166 0.06337
2 0 2 36074 0.06277
2 0 2 36044 0.06399
2 0 2 35938 0.06352
2 0 2 35776 0.04267
2 0 2 35760 0.06265
2 0 2 35380 0.06164
2 0 2 35380 0.0618
2 0 2 35000 0.02161
2 0 2 35000 0.02156
2 0 2 35000 0.02166
2 0 2 35000 0.0214
2 0 2 35000 0.02171
2 0 2 35000 0.02175
2 0 2 35000 0.02169
2 0 2 35000 0.02181
2 0 2 35000 0.02146
2 0 2 35000 0.0216
2 0 2 35000 0.02159
2 0 2 35000 0.02163
2 0 2 35000 0.02172
2 0 2 35000 0.02131
2 0 2 35000 0.0219
2 0 2 35000 0.02153
2 0 2 34825 0.0627
2 0 2 34650 0.06152
2 0 2 34650 0.06169
2 0 2 34387 0.06098
2 0 2 33790 0.05966
2 0 2 33687 0.05952
2 0 2 25845 0.02909
2 0 2 25845 0.04734
2 0 2 25840 0.0283
2 0 2 25839 0.02971
2 0 2 25836 0.02761
2 0 2 25834 0.02816
2 0 2 25829 0.02881
2 0 2 25828 0.02971
2 0 2 25825 0.02731
2 0 2 25823 0.04729
2 0 2 25820 0.0273
2 0 2 25820 0.02712
2 0 2 25816 0.02722
2 0 2 25815 0.02905
2 0 2 25805 0.02884
2 0 2 25803 0.02957
2 0 2 25789 0.02787
2 0 2 25771 0.02866
2 0 2 25768 0.02809
2 0 2 25714 0.04724
2 0 2 25474 0.04541
2 0 2 25474 0.04501
2 0 2 25367 0.02712
2 0 2 25223 0.04502
2 0 2 25195 0.04576
2 0 2 25184 0.04481
2 0 2 25000 0.01032
2 0 2 25000 0.01024
2 0 2 25000 0.01021
2 0 2 25000 0.01023
2 0 2 25000 0.01024
2 0 2 25000 0.0102
2 0 2 25000 0.01012
2 0 2 25000 0.01013
2 0 2 25000 0.0102
2 0 2 25000 0.0102
2 0 2 25000 0.01027
2 0 2 25000 0.01025
2 0 2 25000 0.01014
2 0 2 25000 0.01013
2 0 2 25000 0.01023
2 0 2 25000 0.01023
2 0 2 24920 0.04513
2 0 2 24821 0.04513
2 0 2 24691 0.04469
2 0 2 24600 0.04447
2 0 2 24579 0.04464
2 0 2 24512 0.04568
2 0 2 24138 0.04321
2 0 2 24138 0.04304
2 0 2 15304 0.01898
2 0 2 15303 0.01827
2 0 2 15303 0.02936
2 0 2 15302 0.0184
2 0 2 15301 0.01771
2 0 2 15300 0.01769
2 0 2 15299 0.01799
2 0 2 15299 0.018
2 0 2 15299 0.02901
2 0 2 15298 0.01834
2 0 2 15298 0.01808
2 0 2 15298 0.01739
2 0 2 15297 0.01766
2 0 2 15295 0.01818
2 0 2 15291 0.0181
2 0 2 15289 0.01825
2 0 2 15288 0.01702
2 0 2 15283 0.01786
2 0 2 15281 0.02846
2 0 2 15272 0.02896
2 0 2 15265 0.01841
2 0 2 15261 0.01797
2 0 2 15173 0.02856
2 0 2 15114 0.02896
2 0 2 15062 0.02879
2 0 2 15033 0.02901
2 0 2 15032 0.02887
2 0 2 15011 0.02842
2 0 2 15000 0.00695
2 0 2 15000 0.006756
2 0 2 15000 0.006773
2 0 2 15000 0.00665
2 0 2 15000 0.006889
2 0 2 15000 0.006745
2 0 2 15000 0.006771
2 0 2 15000 0.00677
2 0 2 15000 0.006785
2 0 2 15000 0.006687
2 0 2 15000 0.006759
2 0 2 15000 0.006638
2 0 2 15000 0.006795
2 0 2 15000 0.006613
2 0 2 15000 0.00684
2 0 2 15000 0.006803
2 0 2 15000 0.006714
2 0 2 14986 0.02836
2 0 2 14941 0.02866
2 0 2 14843 0.02846
2 0 2 14792 0.02825
2 0 2 14742 0.02851
2 0 2 10135 0.01934
2 0 2 10134 0.01246
2 0 2 10134 0.01298
2 0 2 10134 0.01261
2 0 2 10133 0.01216
2 0 2 10133 0.0123
2 0 2 10133 0.01963
2 0 2 10132 0.01235
2 0 2 10132 0.01322
2 0 2 10132 0.01238
2 0 2 10131 0.01257
2 0 2 10131 0.01272
2 0 2 10130 0.0124
2 0 2 10130 0.01251
2 0 2 10129 0.01944
2 0 2 10128 0.01181
2 0 2 10128 0.012
2 0 2 10127 0.01249
2 0 2 10127 0.01954
2 0 2 10127 0.01953
2 0 2 10126 0.01271
2 0 2 10123 0.01967
2 0 2 10120 0.01985
2 0 2 10115 0.01952
2 0 2 10096 0.01979
2 0 2 10092 0.0198
2 0 2 10078 0.01952
2 0 2 10071 0.01968
2 0 2 10022 0.01936
2 0 2 10000 0.005201
2 0 2 10000 0.005326
2 0 2 10000 0.005301
2 0 2 10000 0.005305
2 0 2 10000 0.005309
2 0 2 10000 0.005219
2 0 2 10000 0.00521
2 0 2 10000 0.005286
2 0 2 10000 0.005306
2 0 2 10000 0.005345
2 0 2 10000 0.005301
2 0 2 10000 0.005239
2 0 2 10000 0.005283
2 0 2 10000 0.005289
2 0 2 10000 0.005242
2 0 2 10000 0.005282
2 0 2 10000 0.005268
2 0 2 9936 0.0119
2 0 2 9936 0.01203
2 0 2 9908 0.01974
2 0 2 9875 0.01965
2 0 3 128403 0.1794
2 0 3 128082 0.1827
2 0 3 128008 0.1867
2 0 3 127861 0.1817
2 0 3 127732 0.1786
2 0 3 127409 0.1887
2 0 3 127220 0.1922
2 0 3 126947 0.1851
2 0 3 126789 0.1807
2 0 3 126745 0.1864
2 0 3 126625 0.1785
2 0 3 126348 0.1737
2 0 3 126316 0.1821
2 0 3 125167 0.1784
2 0 3 122426 0.1217
2 0 3 121758 0.1212
2 0 3 117934 0.1486
2 0 3 116446 0.1457
2 0 3 113948 0.145
2 0 3 112320 0.141
2 0 3 108304 0.1379
2 0 3 108304 0.1374
2 0 3 106732 0.1368
2 0 3 106436 0.1358
2 0 3 105313 0.1373
2 0 3 105188 0.1047
2 0 3 105075 0.1078
2 0 3 105038 0.1353
2 0 3 104965 0.1084
2 0 3 104964 0.1073
2 0 3 104786 0.1099
2 0 3 104758 0.1081
2 0 3 104622 0.1068
2 0 3 104612 0.1066
2 0 3 104500 0.108
2 0 3 104491 0.1074
2 0 3 104385 0.1084
2 0 3 104383 0.1006
2 0 3 104300 0.1082
2 0 3 104082 0.1341
2 0 3 102794 0.1338
2 0 3 102794 0.134
2 0 3 102205 0.1029
2 0 3 101376 0.1316
2 0 3 100648 0.1316
2 0 3 100092 0.13
2 0 3 100000 0.07538
2 0 3 100000 0.07548
2 0 3 100000 0.07579
2 0 3 100000 0.07557
2 0 3 100000 0.076
2 0 3 100000 0.07561
2 0 3 100000 0.07582
2 0 3 100000 0.07625
2 0 3 100000 0.07576
2 0 3 100000 0.07569
2 0 3 100000 0.07558
2 0 3 100000 0.07592
2 0 3 100000 0.07583
2 0 3 100000 0.07497
2 0 3 100000 0.07564
2 0 3 100000 0.07542
2 0 3 100000 0.07557
2 0 3 98604 0.1295
2 0 3 98140 0.1295
2 0 3 98069 0.1293
2 0 3 97602 0.1296
2 0 3 95177 0.1267
2 0 3 93858 0.125
2 0 3 93858 0.124
2 0 3 92802 0.124
2 0 3 92709 0.1223
2 0 3 92533 0.1239
2 0 3 92036 0.123
2 0 3 91145 0.1234
2 0 3 90723 0.09909
2 0 3 90698 0.09644
2 0 3 90532 0.09728
2 0 3 90430 0.09653
2 0 3 90425 0.09801
2 0 3 90279 0.09699
2 0 3 90279 0.09648
2 0 3 90234 0.09565
2 0 3 90209 0.09694
2 0 3 90115 0.09602
2 0 3 90115 0.09608
2 0 3 89874 0.09564
2 0 3 89852 0.09543
2 0 3 89686 0.1211
2 0 3 89686 0.1212
2 0 3 89426 0.09492
2 0 3 88454 0.1195
2 0 3 88431 0.1179
2 0 3 88068 0.1203
2 0 3 86805 0.0942
2 0 3 85725 0.1175
2 0 3 85000 0.06496
2 0 3 85000 0.06559
2 0 3 85000 0.06548
2 0 3 85000 0.06587
2 0 3 85000 0.06579
2 0 3 85000 0.06577
2 0 3 85000 0.06572
2 0 3 85000 0.06575
2 0 3 85000 0.0663
2 0 3 85000 0.06605
2 0 3 85000 0.07582
2 0 3 85000 0.09554
2 0 3 85000 0.08273
2 0 3 85000 0.07924
2 0 3 85000 0.08425
2 0 3 85000 0.08595
2 0 3 85000 0.08466
2 0 3 84846 0.129
2 0 3 84838 0.102
2 0 3 83898 0.1244
2 0 3 83725 0.1271
2 0 3 83314 0.1241
2 0 3 82596 0.1245
2 0 3 82163 0.1252
2 0 3 81969 0.1235
2 0 3 81969 0.1226
2 0 3 79287 0.1202
2 0 3 79287 0.1215
2 0 3 77890 0.1188
2 0 3 76693 0.1191
2 0 3 75798 0.1185
2 0 3 75000 0.06013
2 0 3 75000 0.06589
2 0 3 75000 0.06777
2 0 3 75000 0.06845
2 0 3 75000 0.06691
2 0 3 75000 0.06599
2 0 3 75000 0.06028
2 0 3 75000 0.064
2 0 3 75000 0.06163
2 0 3 75000 0.06812
2 0 3 75000 0.07058
2 0 3 75000 0.06359
2 0 3 75000 0.06097
2 0 3 75000 0.06254
2 0 3 75000 0.06657
2 0 3 75000 0.0675
2 0 3 73820 0.1139
2 0 3 73446 0.1136
2 0 3 72987 0.1156
2 0 3 72897 0.1148
2 0 3 71525 0.1142
2 0 3 71082 0.113
2 0 3 66582 0.1052
2 0 3 56921 0.1004
2 0 3 56898 0.07165
2 0 3 56891 0.07298
2 0 3 56884 0.09924
2 0 3 56840 0.07113
2 0 3 56833 0.07336
2 0 3 56798 0.07421
2 0 3 56797 0.07267
2 0 3 56753 0.0735
2 0 3 56725 0.07244
2 0 3 56689 0.07311
2 0 3 56678 0.07177
2 0 3 56630 0.07311
2 0 3 56630 0.07364
2 0 3 56628 0.07239
2 0 3 56626 0.07093
2 0 3 56511 0.06872
2 0 3 55862 0.09549
2 0 3 55500 0.09536
2 0 3 54496 0.09386
2 0 3 54460 0.09444
2 0 3 53971 0.09337
2 0 3 53117 0.09409
2 0 3 53085 0.09324
2 0 3 52238 0.09247
2 0 3 52238 0.09253
2 0 3 51101 0.06345
2 0 3 51057 0.08961
2 0 3 50993 0.08956
2 0 3 50225 0.08976
2 0 3 50081 0.08807
2 0 3 50000 0.03369
2 0 3 50000 0.0356
2 0 3 50000 0.03815
2 0 3 50000 0.03775
2 0 3 50000 0.03823
2 0 3 50000 0.03831
2 0 3 50000 0.03692
2 0 3 50000 0.03493
2 0 3 50000 0.03542
2 0 3 50000 0.03769
2 0 3 50000 0.03847
2 0 3 50000 0.0391
2 0 3 50000 0.03739
2 0 3 50000 0.03414
2 0 3 50000 0.03635
2 0 3 50000 0.03418
2 0 3 49541 0.08806
2 0 3 46513 0.083
2 0 3 46513 0.08283
2 0 3 38340 0.04882
2 0 3 38329 0.04883
2 0 3 38316 0.04691
2 0 3 38307 0.04702
2 0 3 38296 0.04849
2 0 3 38292 0.04522
2 0 3 38285 0.04795
2 0 3 38281 0.04645
2 0 3 38272 0.04892
2 0 3 38260 0.04782
2 0 3 38225 0.04826
2 0 3 38224 0.04763
2 0 3 38163 0.04877
2 0 3 38144 0.05011
2 0 3 38077 0.04786
2 0 3 37981 0.06904
2 0 3 37842 0.06807
2 0 3 37513 0.06799
2 0 3 37457 0.0661
2 0 3 37209 0.06785
2 0 3 36774 0.06547
2 0 3 36708 0.06601
2 0 3 36134 0.06497
2 0 3 35949 0.06484
2 0 3 35761 0.06373
2 0 3 35580 0.06333
2 0 3 35178 0.0638
2 0 3 35178 0.06287
2 0 3 35000 0.02189
2 0 3 35000 0.02383
2 0 3 35000 0.02436
2 0 3 35000 0.0232
2 0 3 35000 0.02157
2 0 3 35000 0.02361
2 0 3 35000 0.02462
2 0 3 35000 0.02316
2 0 3 35000 0.02156
2 0 3 35000 0.02328
2 0 3 35000 0.02422
2 0 3 35000 0.02296
2 0 3 35000 0.02174
2 0 3 35000 0.02291
2 0 3 35000 0.02394
2 0 3 35000 0.02384
2 0 3 34816 0.06271
2 0 3 34816 0.06276
2 0 3 34405 0.06097
2 0 3 34282 0.06052
2 0 3 34056 0.06087
2 0 3 32724 0.05799
2 0 3 26720 0.04943
2 0 3 26710 0.02922
2 0 3 26693 0.04912
2 0 3 26690 0.02882
2 0 3 26687 0.02809
2 0 3 26685 0.03073
2 0 3 26677 0.02961
2 0 3 26668 0.02967
2 0 3 26667 0.03075
2 0 3 26666 0.03094
2 0 3 26665 0.03061
2 0 3 26660 0.02999
2 0 3 26659 0.02988
2 0 3 26638 0.02857
2 0 3 26614 0.03097
2 0 3 26594 0.02972
2 0 3 26588 0.02822
2 0 3 26576 0.02923
2 0 3 26212 0.02885
2 0 3 26104 0.04691
2 0 3 26072 0.04802
2 0 3 25855 0.04619
2 0 3 25744 0.04671
2 0 3 25566 0.04535
2 0 3 25428 0.04602
2 0 3 25428 0.04611
2 0 3 25334 0.04557
2 0 3 25151 0.04461
2 0 3 25094 0.04571
2 0 3 25026 0.04491
2 0 3 25000 0.01007
2 0 3 25000 0.01019
2 0 3 25000 0.01022
2 0 3 25000 0.01035
2 0 3 25000 0.01012
2 0 3 25000 0.01034
2 0 3 25000 0.01014
2 0 3 25000 0.01025
2 0 3 25000 0.01045
2 0 3 25000 0.01028
2 0 3 25000 0.01018
2 0 3 25000 0.01028
2 0 3 25000 0.01013
2 0 3 25000 0.01045
2 0 3 25000 0.01033
2 0 3 25000 0.01028
2 0 3 24948 0.04412
2 0 3 24699 0.04551
2 0 3 24524 0.04474
2 0 3 24374 0.04418
2 0 3 15608 0.01883
2 0 3 15606 0.01899
2 0 3 15605 0.01949
2 0 3 15605 0.01939
2 0 3 15602 0.01948
2 0 3 15601 0.01884
2 0 3 15599 0.01939
2 0 3 15597 0.01894
2 0 3 15593 0.01909
2 0 3 15591 0.01864
2 0 3 15586 0.01906
2 0 3 15580 0.01907
2 0 3 15578 0.01881
2 0 3 15573 0.01901
2 0 3 15567 0.0193
2 0 3 15552 0.01965
2 0 3 15540 0.02951
2 0 3 15451 0.02934
2 0 3 15394 0.03007
2 0 3 15379 0.02928
2 0 3 15316 0.02926
2 0 3 15308 0.02932
2 0 3 15294 0.02832
2 0 3 15276 0.02912
2 0 3 15224 0.02876
2 0 3 15169 0.02878
2 0 3 15071 0.02808
2 0 3 15045 0.02897
2 0 3 15000 0.006999
2 0 3 15000 0.006787
2 0 3 15000 0.006917
2 0 3 15000 0.006768
2 0 3 15000 0.006805
2 0 3 15000 0.006831
2 0 3 15000 0.006741
2 0 3 15000 0.006894
2 0 3 15000 0.006966
2 0 3 15000 0.006863
2 0 3 15000 0.006798
2 0 3 15000 0.006826
2 0 3 15000 0.007021
2 0 3 15000 0.006854
2 0 3 15000 0.006965
2 0 3 15000 0.006853
2 0 3 14929 0.02842
2 0 3 14904 0.02836
2 0 3 14847 0.02916
2 0 3 14792 0.02876
2 0 3 14760 0.02829
2 0 3 14704 0.02778
2 0 3 10271 0.01304
2 0 3 10268 0.01309
2 0 3 10267 0.01327
2 0 3 10267 0.01323
2 0 3 10266 0.01341
2 0 3 10266 0.01294
2 0 3 10266 0.0212
2 0 3 10265 0.01309
2 0 3 10263 0.01332
2 0 3 10262 0.01343
2 0 3 10262 0.01348
2 0 3 10260 0.01308
2 0 3 10260 0.01306
2 0 3 10259 0.01359
2 0 3 10254 0.01343
2 0 3 10254 0.02123
2 0 3 10252 0.01362
2 0 3 10241 0.02115
2 0 3 10225 0.02037
2 0 3 10178 0.01988
2 0 3 10165 0.01991
2 0 3 10150 0.02005
2 0 3 10148 0.02011
2 0 3 10131 0.01275
2 0 3 10123 0.01935
2 0 3 10085 0.01954
2 0 3 10057 0.01932
2 0 3 10035 0.01927
2 0 3 10030 0.01975
2 0 3 10007 0.01948
2 0 3 10000 0.005397
2 0 3 10000 0.005265
2 0 3 10000 0.005381
2 0 3 10000 0.005152
2 0 3 10000 0.005326
2 0 3 10000 0.005362
2 0 3 10000 0.005251
2 0 3 10000 0.0053
2 0 3 10000 0.005242
2 0 3 10000 0.005273
2 0 3 10000 0.005268
2 0 3 10000 0.005319
2 0 3 10000 0.005241
2 0 3 10000 0.005299
2 0 3 10000 0.005339
2 0 3 10000 0.005364
2 0 3 10000 0.005383
2 0 3 9989 0.01954
2 0 3 9882 0.01966
2 0 3 9767 0.01918
2 0 4 145020 0.2111
2 0 4 144322 0.2104
2 0 4 144267 0.2071
2 0 4 143704 0.2164
2 0 4 143558 0.2081
2 0 4 143424 0.212
2 0 4 143174 0.2016
2 0 4 142544 0.2019
2 0 4 142491 0.1962
2 0 4 142176 0.2037
2 0 4 141401 0.2061
2 0 4 140444 0.2024
2 0 4 139871 0.1937
2 0 4 137300 0.2
2 0 4 137207 0.1977
2 0 4 133451 0.2804
2 0 4 129121 0.1845
2 0 4 129121 0.1902
2 0 4 119111 0.1611
2 0 4 119111 0.1567
2 0 4 116742 0.1279
2 0 4 116736 0.1595
2 0 4 116632 0.134
2 0 4 116355 0.1337
2 0 4 116242 0.1341
2 0 4 116234 0.131
2 0 4 116144 0.13
2 0 4 116125 0.133
2 0 4 116075 0.1351
2 0 4 115946 0.1299
2 0 4 115917 0.1267
2 0 4 115778 0.1302
2 0 4 115010 0.1608
2 0 4 114509 0.1614
2 0 4 114217 0.1298
2 0 4 114217 0.1312
2 0 4 112626 0.1301
2 0 4 112626 0.1268
2 0 4 108313 0.1533
2 0 4 105869 0.1196
2 0 4 105741 0.1481
2 0 4 104350 0.1488
2 0 4 103716 0.1502
2 0 4 102464 0.1489
2 0 4 102381 0.1471
2 0 4 102361 0.1469
2 0 4 100981 0.1458
2 0 4 100000 0.08935
2 0 4 100000 0.09037
2 0 4 100000 0.09618
2 0 4 100000 0.0929
2 0 4 100000 0.0855
2 0 4 100000 0.09183
2 0 4 100000 0.09506
2 0 4 100000 0.08688
2 0 4 100000 0.08923
2 0 4 100000 0.091
2 0 4 100000 0.09714
2 0 4 100000 0.094
2 0 4 100000 0.08725
2 0 4 100000 0.08505
2 0 4 100000 0.08843
2 0 4 100000 0.09524
2 0 4 100000 0.0923
2 0 4 99651 0.1448
2 0 4 99608 0.1168
2 0 4 99451 0.1171
2 0 4 99180 0.1446
2 0 4 99048 0.115
2 0 4 99023 0.1154
2 0 4 98958 0.1149
2 0 4 98906 0.1136
2 0 4 98840 0.1153
2 0 4 98733 0.115
2 0 4 98596 0.1144
2 0 4 98508 0.1156
2 0 4 98478 0.1129
2 0 4 98148 0.119
2 0 4 96825 0.1102
2 0 4 96825 0.1092
2 0 4 96363 0.1405
2 0 4 96155 0.1102
2 0 4 95596 0.1368
2 0 4 95534 0.1358
2 0 4 95239 0.1101
2 0 4 94967 0.1354
2 0 4 93684 0.1359
2 0 4 92783 0.1323
2 0 4 92754 0.1375
2 0 4 91644 0.1345
2 0 4 91635 0.1366
2 0 4 91583 0.126
2 0 4 90325 0.1315
2 0 4 90325 0.1329
2 0 4 89951 0.1239
2 0 4 89607 0.1299
2 0 4 89146 0.131
2 0 4 88110 0.1292
2 0 4 88089 0.1295
2 0 4 86886 0.1322
2 0 4 86463 0.1252
2 0 4 85000 0.08334
2 0 4 85000 0.07582
2 0 4 85000 0.07766
2 0 4 85000 0.08302
2 0 4 85000 0.07977
2 0 4 85000 0.07737
2 0 4 85000 0.07933
2 0 4 85000 0.0822
2 0 4 85000 0.08404
2 0 4 85000 0.08304
2 0 4 85000 0.0809
2 0 4 85000 0.07958
2 0 4 85000 0.08276
2 0 4 85000 0.08269
2 0 4 85000 0.07805
2 0 4 85000 0.0776
2 0 4 85000 0.08239
2 0 4 84127 0.1216
2 0 4 81975 0.1243
2 0 4 80493 0.1261
2 0 4 80108 0.1281
2 0 4 79186 0.1208
2 0 4 78702 0.1194
2 0 4 78644 0.1216
2 0 4 76828 0.1205
2 0 4 76404 0.1191
2 0 4 75930 0.1166
2 0 4 75550 0.1175
2 0 4 75000 0.06696
2 0 4 75000 0.06518
2 0 4 75000 0.06584
2 0 4 75000 0.06729
2 0 4 75000 0.06211
2 0 4 75000 0.06556
2 0 4 75000 0.06735
2 0 4 75000 0.06626
2 0 4 75000 0.06943
2 0 4 75000 0.06836
2 0 4 75000 0.07824
2 0 4 75000 0.07971
2 0 4 75000 0.06609
2 0 4 75000 0.05522
2 0 4 75000 0.05542
2 0 4 75000 0.05571
2 0 4 75000 0.05509
2 0 4 73304 0.1055
2 0 4 71588 0.1053
2 0 4 70681 0.1042
2 0 4 66222 0.09876
2 0 4 60629 0.07279
2 0 4 60620 0.07245
2 0 4 60598 0.07211
2 0 4 60585 0.07014
2 0 4 60576 0.07154
2 0 4 60569 0.07006
2 0 4 60510 0.06992
2 0 4 60494 0.06987
2 0 4 60450 0.07079
2 0 4 60425 0.0692
2 0 4 60363 0.07164
2 0 4 60298 0.07005
2 0 4 60194 0.07047
2 0 4 60159 0.068
2 0 4 59750 0.09633
2 0 4 58391 0.09525
2 0 4 57649 0.09306
2 0 4 57627 0.06809
2 0 4 56830 0.09191
2 0 4 56360 0.06754
2 0 4 54875 0.0896
2 0 4 54469 0.09047
2 0 4 54357 0.09004
2 0 4 54300 0.06565
2 0 4 54165 0.0919
2 0 4 52723 0.09058
2 0 4 52626 0.09018
2 0 4 51561 0.09204
2 0 4 51254 0.09835
2 0 4 50511 0.09546
2 0 4 50000 0.04446
2 0 4 50000 0.04504
2 0 4 50000 0.03213
2 0 4 50000 0.0321
2 0 4 50000 0.03216
2 0 4 50000 0.03219
2 0 4 50000 0.03244
2 0 4 50000 0.03255
2 0 4 50000 0.03258
2 0 4 50000 0.03251
2 0 4 50000 0.03248
2 0 4 50000 0.03243
2 0 4 50000 0.03218
2 0 4 50000 0.03225
2 0 4 50000 0.03239
2 0 4 50000 0.03235
2 0 4 49894 0.08402
2 0 4 49894 0.08423
2 0 4 45676 0.07835
2 0 4 45676 0.0781
2 0 4 40104 0.04632
2 0 4 40091 0.0463
2 0 4 40079 0.04711
2 0 4 40033 0.0458
2 0 4 40027 0.04657
2 0 4 40019 0.048
2 0 4 40017 0.04603
2 0 4 40005 0.04561
2 0 4 39994 0.04831
2 0 4 39950 0.04699
2 0 4 39946 0.0477
2 0 4 39944 0.04558
2 0 4 39875 0.04577
2 0 4 39835 0.04635
2 0 4 39764 0.0685
2 0 4 39764 0.0683
2 0 4 39214 0.06798
2 0 4 39214 0.06808
2 0 4 38662 0.06706
2 0 4 37884 0.04312
2 0 4 36587 0.06395
2 0 4 36040 0.06322
2 0 4 35540 0.06094
2 0 4 35402 0.0627
2 0 4 35345 0.06237
2 0 4 35000 0.02123
2 0 4 35000 0.02137
2 0 4 35000 0.02129
2 0 4 35000 0.02116
2 0 4 35000 0.02123
2 0 4 35000 0.02122
2 0 4 35000 0.02124
2 0 4 35000 0.02132
2 0 4 35000 0.02139
2 0 4 35000 0.02141
2 0 4 35000 0.02139
2 0 4 35000 0.02129
2 0 4 35000 0.02134
2 0 4 35000 0.02126
2 0 4 35000 0.02124
2 0 4 35000 0.02155
2 0 4 35000 0.02149
2 0 4 34704 0.061
2 0 4 34704 0.06143
2 0 4 34471 0.06018
2 0 4 34298 0.06533
2 0 4 33605 0.06317
2 0 4 33605 0.06282
2 0 4 33019 0.06175
2 0 4 33019 0.0617
2 0 4 27577 0.0335
2 0 4 27572 0.0347
2 0 4 27563 0.03403
2 0 4 27557 0.03365
2 0 4 27552 0.03349
2 0 4 27547 0.03448
2 0 4 27545 0.03477
2 0 4 27539 0.03366
2 0 4 27532 0.03353
2 0 4 27524 0.03351
2 0 4 27498 0.03419
2 0 4 27490 0.03398
2 0 4 27466 0.03399
2 0 4 27459 0.03342
2 0 4 27437 0.03071
2 0 4 27319 0.03036
2 0 4 27275 0.04833
2 0 4 27065 0.03015
2 0 4 26920 0.04986
2 0 4 26917 0.0493
2 0 4 26380 0.04728
2 0 4 26287 0.04895
2 0 4 26019 0.04744
2 0 4 26019 0.0475
2 0 4 25796 0.04782
2 0 4 25513 0.04538
2 0 4 25408 0.04563
2 0 4 25330 0.04604
2 0 4 25000 0.01021
2 0 4 25000 0.01001
2 0 4 25000 0.009793
2 0 4 25000 0.01005
2 0 4 25000 0.0101
2 0 4 25000 0.009985
2 0 4 25000 0.01002
2 0 4 25000 0.009965
2 0 4 25000 0.009668
2 0 4 25000 0.01013
2 0 4 25000 0.009861
2 0 4 25000 0.009897
2 0 4 25000 0.01003
2 0 4 25000 0.009876
2 0 4 25000 0.01008
2 0 4 25000 0.009995
2 0 4 25000 0.01003
2 0 4 24883 0.0455
2 0 4 24720 0.04553
2 0 4 24717 0.04602
2 0 4 24490 0.04567
2 0 4 24490 0.0454
2 0 4 15914 0.01786
2 0 4 15910 0.01874
2 0 4 15910 0.01872
2 0 4 15903 0.01808
2 0 4 15902 0.01847
2 0 4 15901 0.01875
2 0 4 15898 0.0179
2 0 4 15896 0.01849
2 0 4 15894 0.01887
2 0 4 15893 0.01898
2 0 4 15883 0.01855
2 0 4 15878 0.01903
2 0 4 15860 0.01799
2 0 4 15858 0.03024
2 0 4 15794 0.01862
2 0 4 15769 0.01793
2 0 4 15754 0.01879
2 0 4 15702 0.02954
2 0 4 15615 0.03003
2 0 4 15588 0.02977
2 0 4 15374 0.02931
2 0 4 15346 0.02913
2 0 4 15212 0.0288
2 0 4 15152 0.02932
2 0 4 15083 0.02854
2 0 4 15071 0.02851
2 0 4 15064 0.02909
2 0 4 15050 0.02861
2 0 4 15012 0.02946
2 0 4 15000 0.007787
2 0 4 15000 0.006647
2 0 4 15000 0.006681
2 0 4 15000 0.006638
2 0 4 15000 0.006601
2 0 4 15000 0.006619
2 0 4 15000 0.006759
2 0 4 15000 0.006736
2 0 4 15000 0.006669
2 0 4 15000 0.00666
2 0 4 15000 0.006567
2 0 4 15000 0.006739
2 0 4 15000 0.006487
2 0 4 15000 0.00646
2 0 4 15000 0.006644
2 0 4 15000 0.006726
2 0 4 15000 0.00663
2 0 4 14967 0.02844
2 0 4 14876 0.02836
2 0 4 14842 0.02819
2 0 4 14713 0.02839
2 0 4 10405 0.01422
2 0 4 10404 0.01336
2 0 4 10403 0.01429
2 0 4 10402 0.01391
2 0 4 10401 0.01349
2 0 4 10401 0.01349
2 0 4 10400 0.01392
2 0 4 10399 0.01341
2 0 4 10398 0.0135
2 0 4 10397 0.01382
2 0 4 10393 0.0218
2 0 4 10392 0.01333
2 0 4 10388 0.01368
2 0 4 10388 0.01359
2 0 4 10382 0.02151
2 0 4 10379 0.02168
2 0 4 10288 0.02167
2 0 4 10265 0.01352
2 0 4 10235 0.02005
2 0 4 10231 0.02009
2 0 4 10225 0.0132
2 0 4 10219 0.02028
2 0 4 10165 0.02023
2 0 4 10159 0.01983
2 0 4 10133 0.01989
2 0 4 10107 0.01952
2 0 4 10101 0.01938
2 0 4 10086 0.01997
2 0 4 10055 0.0194
2 0 4 10038 0.01966
2 0 4 10032 0.01988
2 0 4 10000 0.005273
2 0 4 10000 0.005192
2 0 4 10000 0.005123
2 0 4 10000 0.005221
2 0 4 10000 0.005023
2 0 4 10000 0.005172
2 0 4 10000 0.005155
2 0 4 10000 0.005187
2 0 4 10000 0.005034
2 0 4 10000 0.005215
2 0 4 10000 0.005217
2 0 4 10000 0.005108
2 0 4 10000 0.005252
2 0 4 10000 0.005215
2 0 4 10000 0.005209
2 0 4 10000 0.005117
2 0 4 9981 0.01984
2 0 4 9968 0.02001
2 0 4 9721 0.01967
2 0 5 164007 0.2067
2 0 5 162871 0.1938
2 0 5 161958 0.2006
2 0 5 161884 0.1998
2 0 5 161784 0.2067
2 0 5 161658 0.1999
2 0 5 161597 0.2042
2 0 5 160428 0.1968
2 0 5 159480 0.1959
2 0 5 158240 0.1952
2 0 5 157799 0.2002
2 0 5 157571 0.1933
2 0 5 156763 0.1956
2 0 5 155092 0.1976
2 0 5 150900 0.1888
2 0 5 150900 0.1887
2 0 5 145108 0.1889
2 0 5 130923 0.2648
2 0 5 130336 0.2683
2 0 5 129840 0.2688
2 0 5 129676 0.1811
2 0 5 129254 0.1823
2 0 5 129219 0.173
2 0 5 128976 0.1801
2 0 5 128933 0.1778
2 0 5 128699 0.1783
2 0 5 128382 0.1773
2 0 5 128335 0.1789
2 0 5 128176 0.1777
2 0 5 128026 0.1777
2 0 5 127837 0.1815
2 0 5 126352 0.173
2 0 5 125299 0.1777
2 0 5 125281 0.1747
2 0 5 125004 0.1733
2 0 5 121793 0.12
2 0 5 118036 0.116
2 0 5 118036 0.1149
2 0 5 116043 0.1467
2 0 5 115660 0.143
2 0 5 113547 0.1428
2 0 5 109437 0.1106
2 0 5 108966 0.1109
2 0 5 108621 0.1102
2 0 5 108534 0.1084
2 0 5 108427 0.1096
2 0 5 108368 0.1377
2 0 5 108291 0.1101
2 0 5 108243 0.1098
2 0 5 108075 0.1067
2 0 5 108024 0.1093
2 0 5 107949 0.1077
2 0 5 106741 0.1077
2 0 5 106741 0.1077
2 0 5 105963 0.1058
2 0 5 105547 0.1343
2 0 5 105020 0.1342
2 0 5 104781 0.1065
2 0 5 104731 0.1359
2 0 5 103903 0.1286
2 0 5 103740 0.1051
2 0 5 103415 0.1064
2 0 5 102180 0.1318
2 0 5 102022 0.1299
2 0 5 101696 0.1306
2 0 5 100045 0.1278
2 0 5 100000 0.07436
2 0 5 100000 0.07343
2 0 5 100000 0.07386
2 0 5 100000 0.07639
2 0 5 100000 0.07372
2 0 5 100000 0.07418
2 0 5 100000 0.07371
2 0 5 100000 0.07474
2 0 5 100000 0.07428
2 0 5 100000 0.07367
2 0 5 100000 0.07417
2 0 5 100000 0.07389
2 0 5 100000 0.07391
2 0 5 100000 0.08452
2 0 5 100000 0.07414
2 0 5 100000 0.07427
2 0 5 99460 0.1285
2 0 5 99460 0.1278
2 0 5 98914 0.128
2 0 5 98857 0.1418
2 0 5 97313 0.1274
2 0 5 95672 0.1258
2 0 5 95297 0.1259
2 0 5 94389 0.1256
2 0 5 93273 0.1243
2 0 5 93012 0.1228
2 0 5 92728 0.1251
2 0 5 91479 0.1205
2 0 5 90407 0.1211
2 0 5 89439 0.1137
2 0 5 88348 0.1184
2 0 5 87891 0.1173
2 0 5 87440 0.1166
2 0 5 86750 0.1162
2 0 5 86309 0.1158
2 0 5 86000 0.1165
2 0 5 85771 0.1176
2 0 5 85000 0.06388
2 0 5 85000 0.0643
2 0 5 85000 0.06374
2 0 5 85000 0.06391
2 0 5 85000 0.06405
2 0 5 85000 0.06414
2 0 5 85000 0.06324
2 0 5 85000 0.06419
2 0 5 85000 0.0645
2 0 5 85000 0.06454
2 0 5 85000 0.06443
2 0 5 85000 0.0641
2 0 5 85000 0.06414
2 0 5 85000 0.06434
2 0 5 85000 0.06363
2 0 5 85000 0.06369
2 0 5 83621 0.1135
2 0 5 83369 0.1131
2 0 5 82130 0.1122
2 0 5 80682 0.1112
2 0 5 76990 0.1086
2 0 5 76779 0.1086
2 0 5 75924 0.108
2 0 5 75000 0.05506
2 0 5 75000 0.05444
2 0 5 75000 0.0542
2 0 5 75000 0.05478
2 0 5 75000 0.05444
2 0 5 75000 0.05359
2 0 5 75000 0.05452
2 0 5 75000 0.0541
2 0 5 75000 0.05425
2 0 5 75000 0.05403
2 0 5 75000 0.05458
2 0 5 75000 0.05381
2 0 5 75000 0.05384
2 0 5 75000 0.0538
2 0 5 75000 0.0539
2 0 5 75000 0.05454
2 0 5 75000 0.05391
2 0 5 73345 0.1038
2 0 5 73338 0.1108
2 0 5 73287 0.1059
2 0 5 72615 0.105
2 0 5 71733 0.1055
2 0 5 69248 0.1023
2 0 5 67912 0.1024
2 0 5 64544 0.07369
2 0 5 64491 0.07226
2 0 5 64447 0.0683
2 0 5 64436 0.07159
2 0 5 64347 0.07218
2 0 5 64278 0.07326
2 0 5 64190 0.07165
2 0 5 64145 0.07062
2 0 5 64045 0.07162
2 0 5 63809 0.07047
2 0 5 63804 0.07199
2 0 5 63783 0.07071
2 0 5 63353 0.0704
2 0 5 62082 0.07116
2 0 5 61239 0.07109
2 0 5 60635 0.06924
2 0 5 60578 0.09497
2 0 5 60247 0.06913
2 0 5 59163 0.0934
2 0 5 58860 0.0935
2 0 5 58192 0.09191
2 0 5 57546 0.09243
2 0 5 54707 0.08836
2 0 5 54707 0.08847
2 0 5 54313 0.08747
2 0 5 53913 0.08833
2 0 5 53275 0.08691
2 0 5 52938 0.08726
2 0 5 52144 0.08904
2 0 5 51675 0.08596
2 0 5 50824 0.08329
2 0 5 50000 0.03144
2 0 5 50000 0.03166
2 0 5 50000 0.03152
2 0 5 50000 0.03204
2 0 5 50000 0.03164
2 0 5 50000 0.03184
2 0 5 50000 0.03172
2 0 5 50000 0.03147
2 0 5 50000 0.03185
2 0 5 50000 0.03182
2 0 5 50000 0.03209
2 0 5 50000 0.03205
2 0 5 50000 0.03188
2 0 5 50000 0.03168
2 0 5 50000 0.03165
2 0 5 50000 0.03162
2 0 5 50000 0.0322
2 0 5 48925 0.08109
2 0 5 45136 0.07557
2 0 5 41958 0.04818
2 0 5 41946 0.04836
2 0 5 41914 0.04967
2 0 5 41868 0.049
2 0 5 41862 0.0478
2 0 5 41856 0.04688
2 0 5 41833 0.04859
2 0 5 41832 0.04936
2 0 5 41801 0.04914
2 0 5 41784 0.04977
2 0 5 41730 0.04832
2 0 5 41710 0.04818
2 0 5 41681 0.04814
2 0 5 41561 0.04766
2 0 5 40988 0.04758
2 0 5 40584 0.06852
2 0 5 40471 0.04659
2 0 5 40065 0.06897
2 0 5 39454 0.06779
2 0 5 38970 0.06667
2 0 5 37805 0.06504
2 0 5 37035 0.06431
2 0 5 35710 0.06233
2 0 5 35146 0.06131
2 0 5 35000 0.02128
2 0 5 35000 0.02093
2 0 5 35000 0.0211
2 0 5 35000 0.02089
2 0 5 35000 0.02125
2 0 5 35000 0.02116
2 0 5 35000 0.02113
2 0 5 35000 0.02123
2 0 5 35000 0.02109
2 0 5 35000 0.02099
2 0 5 35000 0.02097
2 0 5 35000 0.02099
2 0 5 35000 0.02099
2 0 5 35000 0.02083
2 0 5 35000 0.02079
2 0 5 35000 0.02103
2 0 5 34918 0.06126
2 0 5 34608 0.0595
2 0 5 34487 0.06012
2 0 5 34390 0.06022
2 0 5 34128 0.06049
2 0 5 34128 0.06059
2 0 5 33010 0.05738
2 0 5 33010 0.0572
2 0 5 32797 0.05831
2 0 5 31947 0.05613
2 0 5 28487 0.03142
2 0 5 28460 0.03056
2 0 5 28450 0.03078
2 0 5 28448 0.03183
2 0 5 28429 0.03072
2 0 5 28426 0.03159
2 0 5 28414 0.02955
2 0 5 28405 0.031
2 0 5 28380 0.0316
2 0 5 28380 0.03213
2 0 5 28372 0.0307
2 0 5 28357 0.03071
2 0 5 28304 0.03111
2 0 5 28254 0.03066
2 0 5 28192 0.04983
2 0 5 28192 0.04996
2 0 5 27829 0.05057
2 0 5 27806 0.03092
2 0 5 27343 0.02998
2 0 5 27343 0.02997
2 0 5 27037 0.04933
2 0 5 26654 0.04876
2 0 5 26563 0.04995
2 0 5 26148 0.04783
2 0 5 25967 0.04783
2 0 5 25881 0.04683
2 0 5 25850 0.04755
2 0 5 25578 0.04702
2 0 5 25388 0.046
2 0 5 25000 0.009967
2 0 5 25000 0.009782
2 0 5 25000 0.01009
2 0 5 25000 0.01013
2 0 5 25000 0.009951
2 0 5 25000 0.009965
2 0 5 25000 0.009945
2 0 5 25000 0.01012
2 0 5 25000 0.009615
2 0 5 25000 0.009989
2 0 5 25000 0.009917
2 0 5 25000 0.009902
2 0 5 25000 0.009824
2 0 5 25000 0.00998
2 0 5 25000 0.01002
2 0 5 25000 0.01001
2 0 5 25000 0.01001
2 0 5 24687 0.04398
2 0 5 24678 0.04538
2 0 5 24221 0.04364
2 0 5 23899 0.04379
2 0 5 16225 0.01892
2 0 5 16224 0.0189
2 0 5 16223 0.01942
2 0 5 16215 0.01895
2 0 5 16212 0.01946
2 0 5 16207 0.01879
2 0 5 16203 0.01919
2 0 5 16201 0.02003
2 0 5 16197 0.01827
2 0 5 16194 0.01899
2 0 5 16192 0.01943
2 0 5 16186 0.01938
2 0 5 16176 0.01897
2 0 5 16164 0.01869
2 0 5 16071 0.0188
2 0 5 16057 0.01895
2 0 5 16023 0.03
2 0 5 15944 0.01792
2 0 5 15907 0.01844
2 0 5 15613 0.03103
2 0 5 15556 0.03081
2 0 5 15451 0.03013
2 0 5 15382 0.02987
2 0 5 15315 0.02973
2 0 5 15237 0.02922
2 0 5 15106 0.02877
2 0 5 15057 0.02939
2 0 5 15000 0.006507
2 0 5 15000 0.006711
2 0 5 15000 0.006635
2 0 5 15000 0.006624
2 0 5 15000 0.006751
2 0 5 15000 0.006719
2 0 5 15000 0.006683
2 0 5 15000 0.006776
2 0 5 15000 0.006664
2 0 5 15000 0.006619
2 0 5 15000 0.006604
2 0 5 15000 0.006651
2 0 5 15000 0.006534
2 0 5 15000 0.006694
2 0 5 15000 0.006765
2 0 5 15000 0.00662
2 0 5 14961 0.02937
2 0 5 14929 0.02942
2 0 5 14902 0.02899
2 0 5 14810 0.02895
2 0 5 14810 0.02885
2 0 5 14724 0.02918
2 0 5 14632 0.02895
2 0 5 10539 0.01358
2 0 5 10539 0.01357
2 0 5 10537 0.01376
2 0 5 10536 0.01356
2 0 5 10534 0.0136
2 0 5 10532 0.01363
2 0 5 10524 0.01339
2 0 5 10524 0.01353
2 0 5 10518 0.01344
2 0 5 10516 0.0131
2 0 5 10514 0.01359
2 0 5 10511 0.01332
2 0 5 10500 0.01362
2 0 5 10439 0.02161
2 0 5 10429 0.0138
2 0 5 10395 0.01348
2 0 5 10374 0.02147
2 0 5 10355 0.02153
2 0 5 10340 0.01348
2 0 5 10308 0.02148
2 0 5 10299 0.02119
2 0 5 10285 0.01382
2 0 5 10205 0.02007
2 0 5 10184 0.02025
2 0 5 10180 0.02005
2 0 5 10141 0.02005
2 0 5 10115 0.02003
2 0 5 10115 0.01999
2 0 5 10103 0.02013
2 0 5 10065 0.01988
2 0 5 10014 0.01944
2 0 5 10004 0.01973
2 0 5 10000 0.005215
2 0 5 10000 0.005237
2 0 5 10000 0.005213
2 0 5 10000 0.005231
2 0 5 10000 0.005304
2 0 5 10000 0.005228
2 0 5 10000 0.005234
2 0 5 10000 0.005281
2 0 5 10000 0.005235
2 0 5 10000 0.005215
2 0 5 10000 0.005166
2 0 5 10000 0.005215
2 0 5 10000 0.005204
2 0 5 10000 0.005264
2 0 5 10000 0.005252
2 0 5 10000 0.005135
2 0 5 9999 0.01933
2 0 5 9779 0.01932
