16 1 1 100000 0.1245
16 1 1 100000 0.1151
16 1 1 100000 0.1148
16 1 1 100000 0.1133
16 1 1 100000 0.1156
16 1 1 100000 0.1142
16 1 1 100000 0.1157
16 1 1 85000 0.1005
16 1 1 85000 0.1011
16 1 1 85000 0.0997
16 1 1 85000 0.1008
16 1 1 85000 0.1027
16 1 1 75000 0.09201
16 1 1 75000 0.08872
16 1 1 75000 0.08948
16 1 1 75000 0.09071
16 1 1 75000 0.09186
16 1 1 75000 0.09158
16 1 1 75000 0.09358
16 1 1 50000 0.06541
16 1 1 50000 0.06174
16 1 1 50000 0.0634
16 1 1 50000 0.06615
16 1 1 50000 0.06401
16 1 1 50000 0.06292
16 1 1 35000 0.04466
16 1 1 35000 0.04458
16 1 1 35000 0.04529
16 1 1 35000 0.0433
16 1 1 35000 0.04507
16 1 1 35000 0.04417
16 1 1 35000 0.04576
16 1 1 25000 0.02842
16 1 1 25000 0.0291
16 1 1 25000 0.02768
16 1 1 25000 0.02756
16 1 1 25000 0.02859
16 1 1 25000 0.02953
16 1 1 15000 0.01719
16 1 1 15000 0.01776
16 1 1 15000 0.01758
16 1 1 15000 0.01819
16 1 1 15000 0.01783
16 1 1 10000 0.01255
16 1 1 10000 0.01309
16 1 1 10000 0.0124
16 1 1 10000 0.01314
16 1 1 10000 0.01197
16 1 1 10000 0.01259
16 1 1 10000 0.01322
16 1 2 113479 0.126
16 1 2 113102 0.1409
16 1 2 113044 0.1436
16 1 2 112895 0.1316
16 1 2 112805 0.1342
16 1 2 112662 0.1339
16 1 2 94667 0.1152
16 1 2 94548 0.1183
16 1 2 94475 0.1177
16 1 2 94394 0.1189
16 1 2 94283 0.1163
16 1 2 94179 0.1171
16 1 2 93601 0.1171
16 1 2 82474 0.1041
16 1 2 82461 0.1032
16 1 2 82419 0.1065
16 1 2 82288 0.1049
16 1 2 82237 0.1049
16 1 2 82095 0.1026
16 1 2 53372 0.07731
16 1 2 53346 0.07185
16 1 2 53316 0.07292
16 1 2 53292 0.0708
16 1 2 53231 0.06967
16 1 2 53170 0.07043
16 1 2 53062 0.06932
16 1 2 36620 0.04538
16 1 2 36604 0.04709
16 1 2 36599 0.0465
16 1 2 36580 0.04885
16 1 2 36548 0.04695
16 1 2 25840 0.02947
16 1 2 25835 0.03004
16 1 2 25826 0.02972
16 1 2 25817 0.03053
16 1 2 25804 0.02987
16 1 2 25771 0.02787
16 1 2 15304 0.01885
16 1 2 15303 0.01917
16 1 2 15300 0.0188
16 1 2 15298 0.01972
16 1 2 15298 0.01961
16 1 2 15295 0.01929
16 1 2 15281 0.01839
16 1 2 10134 0.01379
16 1 2 10133 0.01393
16 1 2 10131 0.01339
16 1 2 10130 0.01381
16 1 2 10128 0.01325
16 1 2 10126 0.01384
16 1 3 128593 0.1993
16 1 3 127768 0.1918
16 1 3 127644 0.1928
16 1 3 127543 0.1911
16 1 3 127128 0.2129
16 1 3 126919 0.2044
16 1 3 126837 0.2099
16 1 3 105036 0.15
16 1 3 104852 0.1587
16 1 3 104701 0.1487
16 1 3 104506 0.145
16 1 3 104374 0.1466
16 1 3 90771 0.129
16 1 3 90688 0.1311
16 1 3 90591 0.1206
16 1 3 90393 0.131
16 1 3 90324 0.1267
16 1 3 90169 0.1277
16 1 3 89881 0.1245
16 1 3 56947 0.08089
16 1 3 56900 0.08078
16 1 3 56838 0.08205
16 1 3 56750 0.08119
16 1 3 56692 0.07765
16 1 3 56628 0.07512
16 1 3 38345 0.05039
16 1 3 38332 0.05074
16 1 3 38292 0.04983
16 1 3 38274 0.05048
16 1 3 38251 0.0534
16 1 3 38228 0.05223
16 1 3 38132 0.05256
16 1 3 26696 0.03193
16 1 3 26678 0.03145
16 1 3 26667 0.03202
16 1 3 26654 0.03106
16 1 3 26620 0.02987
16 1 3 26467 0.02902
16 1 3 15608 0.01826
16 1 3 15601 0.01857
16 1 3 15599 0.01941
16 1 3 15594 0.01802
16 1 3 15580 0.01816
16 1 3 10271 0.01385
16 1 3 10269 0.01386
16 1 3 10268 0.0137
16 1 3 10266 0.01305
16 1 3 10263 0.01333
16 1 3 10261 0.01295
16 1 3 10252 0.01362
16 1 4 145749 0.2603
16 1 4 144353 0.2386
16 1 4 144128 0.2434
16 1 4 143759 0.2154
16 1 4 143417 0.2244
16 1 4 142849 0.2234
16 1 4 116784 0.158
16 1 4 116738 0.1566
16 1 4 116608 0.1573
16 1 4 116528 0.1567
16 1 4 116365 0.1638
16 1 4 115622 0.1618
16 1 4 115185 0.1544
16 1 4 99369 0.1376
16 1 4 99303 0.1409
16 1 4 99129 0.1418
16 1 4 99057 0.14
16 1 4 98851 0.136
16 1 4 98607 0.1299
16 1 4 60733 0.08187
16 1 4 60636 0.08258
16 1 4 60514 0.08757
16 1 4 60514 0.08196
16 1 4 60435 0.08644
16 1 4 60270 0.08235
16 1 4 60256 0.08179
16 1 4 40090 0.05207
16 1 4 40031 0.05321
16 1 4 40012 0.05599
16 1 4 39965 0.05333
16 1 4 39929 0.0527
16 1 4 27600 0.0317
16 1 4 27556 0.03269
16 1 4 27542 0.03231
16 1 4 27529 0.03019
16 1 4 27502 0.03197
16 1 4 27412 0.03129
16 1 4 27352 0.02919
16 1 4 15913 0.01818
16 1 4 15905 0.01777
16 1 4 15900 0.01846
16 1 4 15896 0.01791
16 1 4 15869 0.0181
16 1 4 10407 0.0125
16 1 4 10404 0.01331
16 1 4 10401 0.01364
16 1 4 10398 0.01334
16 1 4 10396 0.0135
16 1 4 10393 0.01367
16 1 4 10387 0.01333
16 1 5 164970 0.234
16 1 5 162152 0.2161
16 1 5 161249 0.2133
16 1 5 160004 0.2145
16 1 5 157695 0.2015
16 1 5 157193 0.2111
16 1 5 129961 0.2018
16 1 5 129735 0.1938
16 1 5 129432 0.1913
16 1 5 129032 0.1996
16 1 5 128496 0.1942
16 1 5 126628 0.1884
16 1 5 121695 0.1254
16 1 5 109305 0.1221
16 1 5 108990 0.1214
16 1 5 108869 0.1216
16 1 5 108696 0.1214
16 1 5 108319 0.1131
16 1 5 107692 0.1195
16 1 5 64715 0.08007
16 1 5 64558 0.07906
16 1 5 64533 0.08289
16 1 5 64353 0.08074
16 1 5 64217 0.08035
16 1 5 64125 0.07967
16 1 5 62312 0.07822
16 1 5 41860 0.05397
16 1 5 41835 0.05398
16 1 5 41794 0.05371
16 1 5 41728 0.05245
16 1 5 39972 0.04897
16 1 5 28487 0.03067
16 1 5 28456 0.03138
16 1 5 28413 0.03092
16 1 5 28373 0.03275
16 1 5 28356 0.03048
16 1 5 28218 0.03143
16 1 5 16237 0.0186
16 1 5 16231 0.01839
16 1 5 16225 0.01947
16 1 5 16219 0.01847
16 1 5 16205 0.0187
16 1 5 16190 0.019
16 1 5 16165 0.01854
16 1 5 10540 0.01434
16 1 5 10537 0.01369
16 1 5 10534 0.01402
16 1 5 10531 0.01347
16 1 5 10529 0.01355
16 1 5 10521 0.01417
