16 7 1 100000 0.1376
16 7 1 100000 0.1371
16 7 1 100000 0.1068
16 7 1 100000 0.08577
16 7 1 100000 0.08411
16 7 1 100000 0.08395
16 7 1 85000 0.07524
16 7 1 85000 0.07281
16 7 1 85000 0.07383
16 7 1 85000 0.07533
16 7 1 85000 0.07459
16 7 1 85000 0.07512
16 7 1 85000 0.07476
16 7 1 75000 0.06286
16 7 1 75000 0.06353
16 7 1 75000 0.06288
16 7 1 75000 0.06277
16 7 1 75000 0.0641
16 7 1 75000 0.06393
16 7 1 50000 0.03791
16 7 1 50000 0.03738
16 7 1 50000 0.03637
16 7 1 50000 0.03451
16 7 1 50000 0.03406
16 7 1 50000 0.03398
16 7 1 50000 0.03392
16 7 1 35000 0.02246
16 7 1 35000 0.02228
16 7 1 35000 0.02232
16 7 1 35000 0.02231
16 7 1 35000 0.02988
16 7 1 25000 0.01304
16 7 1 25000 0.01274
16 7 1 25000 0.0129
16 7 1 25000 0.01284
16 7 1 25000 0.01313
16 7 1 25000 0.01304
16 7 1 15000 0.008147
16 7 1 15000 0.008483
16 7 1 15000 0.008212
16 7 1 15000 0.007631
16 7 1 15000 0.008213
16 7 1 15000 0.008221
16 7 1 15000 0.008044
16 7 1 10000 0.00613
16 7 1 10000 0.006412
16 7 1 10000 0.006297
16 7 1 10000 0.006259
16 7 1 10000 0.006319
16 7 1 10000 0.006333
16 7 2 100000 0.09081
16 7 2 100000 0.07986
16 7 2 100000 0.0791
16 7 2 100000 0.07957
16 7 2 100000 0.07883
16 7 2 100000 0.07977
16 7 2 85000 0.06934
16 7 2 85000 0.06865
16 7 2 85000 0.06918
16 7 2 85000 0.06878
16 7 2 85000 0.06928
16 7 2 85000 0.06955
16 7 2 85000 0.06873
16 7 2 75000 0.05847
16 7 2 75000 0.0585
16 7 2 75000 0.05808
16 7 2 75000 0.05914
16 7 2 75000 0.05973
16 7 2 75000 0.05878
16 7 2 50000 0.03423
16 7 2 50000 0.03377
16 7 2 50000 0.03405
16 7 2 50000 0.0343
16 7 2 50000 0.03418
16 7 2 50000 0.03409
16 7 2 50000 0.03383
16 7 2 35000 0.02217
16 7 2 35000 0.02243
16 7 2 35000 0.02223
16 7 2 35000 0.02203
16 7 2 35000 0.02236
16 7 2 25000 0.01009
16 7 2 25000 0.00998
16 7 2 25000 0.01041
16 7 2 25000 0.01021
16 7 2 25000 0.01018
16 7 2 25000 0.01008
16 7 2 15000 0.006688
16 7 2 15000 0.006622
16 7 2 15000 0.006625
16 7 2 15000 0.006433
16 7 2 15000 0.006713
16 7 2 15000 0.006675
16 7 2 15000 0.006732
16 7 2 10000 0.005311
16 7 2 10000 0.005195
16 7 2 10000 0.005182
16 7 2 10000 0.005206
16 7 2 10000 0.005176
16 7 2 10000 0.005069
16 7 3 100000 0.08078
16 7 3 100000 0.08073
16 7 3 100000 0.08092
16 7 3 100000 0.07992
16 7 3 100000 0.0799
16 7 3 100000 0.07963
16 7 3 85000 0.07045
16 7 3 85000 0.06952
16 7 3 85000 0.06926
16 7 3 85000 0.06933
16 7 3 85000 0.06916
16 7 3 85000 0.07004
16 7 3 85000 0.06983
16 7 3 75000 0.05879
16 7 3 75000 0.05851
16 7 3 75000 0.05809
16 7 3 75000 0.05852
16 7 3 75000 0.05858
16 7 3 75000 0.05802
16 7 3 50000 0.03456
16 7 3 50000 0.03429
16 7 3 50000 0.03359
16 7 3 50000 0.03435
16 7 3 50000 0.03448
16 7 3 50000 0.03406
16 7 3 50000 0.03438
16 7 3 35000 0.0226
16 7 3 35000 0.02236
16 7 3 35000 0.02266
16 7 3 35000 0.02261
16 7 3 35000 0.02255
16 7 3 25000 0.01024
16 7 3 25000 0.01
16 7 3 25000 0.01002
16 7 3 25000 0.01016
16 7 3 25000 0.01002
16 7 3 25000 0.009981
16 7 3 15000 0.006665
16 7 3 15000 0.006645
16 7 3 15000 0.006562
16 7 3 15000 0.006726
16 7 3 15000 0.006673
16 7 3 15000 0.006671
16 7 3 15000 0.006762
16 7 3 10000 0.005144
16 7 3 10000 0.005198
16 7 3 10000 0.005209
16 7 3 10000 0.005179
16 7 3 10000 0.005176
16 7 3 10000 0.005177
16 7 4 100000 0.08306
16 7 4 100000 0.08207
16 7 4 100000 0.08138
16 7 4 100000 0.07956
16 7 4 100000 0.07955
16 7 4 100000 0.08052
16 7 4 85000 0.06962
16 7 4 85000 0.06903
16 7 4 85000 0.07035
16 7 4 85000 0.06924
16 7 4 85000 0.07011
16 7 4 85000 0.06887
16 7 4 85000 0.06974
16 7 4 75000 0.05873
16 7 4 75000 0.05897
16 7 4 75000 0.05831
16 7 4 75000 0.0596
16 7 4 75000 0.05898
16 7 4 75000 0.05874
16 7 4 50000 0.03516
16 7 4 50000 0.03427
16 7 4 50000 0.03527
16 7 4 50000 0.03459
16 7 4 50000 0.03569
16 7 4 50000 0.03471
16 7 4 50000 0.03447
16 7 4 35000 0.02222
16 7 4 35000 0.02232
16 7 4 35000 0.02209
16 7 4 35000 0.02294
16 7 4 35000 0.02238
16 7 4 25000 0.01093
16 7 4 25000 0.01019
16 7 4 25000 0.01055
16 7 4 25000 0.01076
16 7 4 25000 0.0102
16 7 4 25000 0.01063
16 7 4 15000 0.007542
16 7 4 15000 0.007354
16 7 4 15000 0.007337
16 7 4 15000 0.007377
16 7 4 15000 0.007293
16 7 4 15000 0.007373
16 7 4 15000 0.007249
16 7 4 10000 0.005164
16 7 4 10000 0.005594
16 7 4 10000 0.005874
16 7 4 10000 0.005871
16 7 4 10000 0.005167
16 7 4 10000 0.00518
16 7 5 109360 0.08629
16 7 5 104704 0.08475
16 7 5 100000 0.07996
16 7 5 100000 0.08073
16 7 5 100000 0.07845
16 7 5 100000 0.07868
16 7 5 100000 0.07883
16 7 5 89528 0.07152
16 7 5 87274 0.07092
16 7 5 85000 0.06849
16 7 5 85000 0.06901
16 7 5 85000 0.06846
16 7 5 80283 0.06524
16 7 5 79842 0.06441
16 7 5 78960 0.06332
16 7 5 77799 0.06055
16 7 5 75000 0.05814
16 7 5 75000 0.05786
16 7 5 75000 0.05877
16 7 5 52376 0.03778
16 7 5 52358 0.03808
16 7 5 52166 0.03657
16 7 5 51620 0.03586
16 7 5 50000 0.03392
16 7 5 50000 0.03422
16 7 5 36155 0.02421
16 7 5 36155 0.02446
16 7 5 36146 0.02242
16 7 5 35000 0.0226
16 7 5 35000 0.02251
16 7 5 35000 0.0223
16 7 5 35000 0.02185
16 7 5 25588 0.01027
16 7 5 25585 0.01042
16 7 5 25000 0.009928
16 7 5 25000 0.01003
16 7 5 25000 0.01017
16 7 5 25000 0.01001
16 7 5 15214 0.00652
16 7 5 15212 0.006851
16 7 5 15203 0.006399
16 7 5 15000 0.006689
16 7 5 15000 0.006479
16 7 5 15000 0.006611
16 7 5 10094 0.005155
16 7 5 10093 0.005133
16 7 5 10090 0.005185
16 7 5 10000 0.005198
16 7 5 10000 0.005258
16 7 5 10000 0.005133
