16 15 1 100000 0.1161
16 15 1 100000 0.1121
16 15 1 100000 0.1086
16 15 1 100000 0.1089
16 15 1 100000 0.1088
16 15 1 100000 0.1094
16 15 1 85000 0.09683
16 15 1 85000 0.09386
16 15 1 85000 0.09612
16 15 1 85000 0.09682
16 15 1 85000 0.09586
16 15 1 85000 0.0948
16 15 1 85000 0.09424
16 15 1 75000 0.08622
16 15 1 75000 0.08495
16 15 1 75000 0.08463
16 15 1 75000 0.0841
16 15 1 75000 0.08703
16 15 1 75000 0.08563
16 15 1 50000 0.06242
16 15 1 50000 0.06362
16 15 1 50000 0.06251
16 15 1 50000 0.06027
16 15 1 50000 0.06148
16 15 1 50000 0.06393
16 15 1 35000 0.04997
16 15 1 35000 0.05076
16 15 1 35000 0.05083
16 15 1 35000 0.04978
16 15 1 35000 0.05152
16 15 1 35000 0.0513
16 15 1 35000 0.05142
16 15 1 25000 0.031
16 15 1 25000 0.03
16 15 1 25000 0.02966
16 15 1 25000 0.03125
16 15 1 25000 0.03073
16 15 1 25000 0.03237
16 15 1 15000 0.01943
16 15 1 15000 0.02118
16 15 1 15000 0.01939
16 15 1 15000 0.01931
16 15 1 15000 0.0195
16 15 1 15000 0.01984
16 15 1 10000 0.01364
16 15 1 10000 0.0134
16 15 1 10000 0.0141
16 15 1 10000 0.01383
16 15 1 10000 0.0137
16 15 1 10000 0.01401
16 15 2 112190 0.1505
16 15 2 112121 0.1491
16 15 2 105879 0.1531
16 15 2 103342 0.1374
16 15 2 103197 0.1292
16 15 2 94762 0.1232
16 15 2 94635 0.12
16 15 2 92847 0.1164
16 15 2 92288 0.1114
16 15 2 91647 0.1078
16 15 2 90592 0.1138
16 15 2 86516 0.1094
16 15 2 82631 0.108
16 15 2 82575 0.1044
16 15 2 82554 0.1039
16 15 2 82267 0.1063
16 15 2 81043 0.1043
16 15 2 76614 0.09816
16 15 2 73535 0.08831
16 15 2 53389 0.07065
16 15 2 53370 0.07278
16 15 2 53344 0.0729
16 15 2 51968 0.0677
16 15 2 51085 0.06834
16 15 2 48133 0.06431
16 15 2 36662 0.0474
16 15 2 36652 0.0461
16 15 2 36643 0.04993
16 15 2 36570 0.05172
16 15 2 36033 0.04905
16 15 2 34920 0.04896
16 15 2 33705 0.04475
16 15 2 25840 0.03187
16 15 2 25825 0.03187
16 15 2 25656 0.03199
16 15 2 25113 0.03125
16 15 2 24909 0.03142
16 15 2 15304 0.01955
16 15 2 15303 0.0195
16 15 2 15302 0.01846
16 15 2 15300 0.02035
16 15 2 15220 0.0192
16 15 2 15122 0.01894
16 15 2 14940 0.01903
16 15 2 10135 0.01378
16 15 2 10134 0.01468
16 15 2 10134 0.01391
16 15 2 10133 0.01445
16 15 2 10067 0.01406
16 15 2 9977 0.01374
16 15 3 123977 0.2392
16 15 3 123910 0.2405
16 15 3 111416 0.1646
16 15 3 110553 0.155
16 15 3 106834 0.1227
16 15 3 101928 0.1166
16 15 3 101314 0.1169
16 15 3 99207 0.113
16 15 3 97286 0.1109
16 15 3 93642 0.1078
16 15 3 92695 0.1082
16 15 3 89219 0.1031
16 15 3 87330 0.1044
16 15 3 85209 0.1008
16 15 3 83029 0.1002
16 15 3 81208 0.09568
16 15 3 80161 0.09553
16 15 3 78693 0.0942
16 15 3 78457 0.09303
16 15 3 56091 0.0685
16 15 3 55650 0.07025
16 15 3 55112 0.06955
16 15 3 53094 0.06747
16 15 3 51515 0.06524
16 15 3 50318 0.06536
16 15 3 38371 0.04942
16 15 3 38353 0.04905
16 15 3 37492 0.04783
16 15 3 36652 0.04586
16 15 3 36137 0.04473
16 15 3 35574 0.0464
16 15 3 33305 0.04116
16 15 3 26324 0.02953
16 15 3 26085 0.02995
16 15 3 25840 0.02906
16 15 3 25130 0.02959
16 15 3 24996 0.03013
16 15 3 23440 0.02712
16 15 3 15582 0.01842
16 15 3 15522 0.01934
16 15 3 15403 0.01879
16 15 3 15199 0.01713
16 15 3 15121 0.01824
16 15 3 10270 0.01333
16 15 3 10269 0.01318
16 15 3 10254 0.01386
16 15 3 10199 0.01334
16 15 3 10104 0.01306
16 15 3 10015 0.01313
16 15 3 9985 0.01353
16 15 4 130469 0.1989
16 15 4 126432 0.1986
16 15 4 121425 0.1322
16 15 4 113928 0.1278
16 15 4 110741 0.1228
16 15 4 109502 0.1233
16 15 4 104040 0.1171
16 15 4 103092 0.1156
16 15 4 99429 0.1114
16 15 4 96830 0.1104
16 15 4 93614 0.1091
16 15 4 90690 0.1052
16 15 4 88382 0.1037
16 15 4 86413 0.1028
16 15 4 85939 0.1035
16 15 4 82731 0.1002
16 15 4 80524 0.09697
16 15 4 79583 0.09174
16 15 4 69658 0.08714
16 15 4 58990 0.07527
16 15 4 58632 0.07486
16 15 4 55761 0.07062
16 15 4 53707 0.06945
16 15 4 52053 0.06666
16 15 4 49972 0.06355
16 15 4 47778 0.06031
16 15 4 38866 0.04798
16 15 4 37177 0.04683
16 15 4 37028 0.04708
16 15 4 35656 0.04601
16 15 4 34846 0.0453
16 15 4 27607 0.03154
16 15 4 27184 0.03024
16 15 4 26568 0.03211
16 15 4 25418 0.03115
16 15 4 24930 0.02823
16 15 4 24440 0.02947
16 15 4 23170 0.02777
16 15 4 15828 0.01935
16 15 4 15523 0.0197
16 15 4 15390 0.01969
16 15 4 15093 0.01879
16 15 4 14993 0.01843
16 15 4 14869 0.01831
16 15 4 10338 0.014
16 15 4 10289 0.01433
16 15 4 10134 0.01364
16 15 4 10090 0.01407
16 15 4 9971 0.01358
16 15 4 9873 0.01328
16 15 5 139350 0.2051
16 15 5 135991 0.1987
16 15 5 125310 0.1951
16 15 5 124213 0.19
16 15 5 110399 0.1168
16 15 5 108188 0.1208
16 15 5 106900 0.1204
16 15 5 106334 0.1188
16 15 5 102956 0.1169
16 15 5 100506 0.1133
16 15 5 98766 0.1116
16 15 5 94899 0.1095
16 15 5 92679 0.107
16 15 5 88475 0.1054
16 15 5 87246 0.1031
16 15 5 82798 0.09877
16 15 5 82481 0.09728
16 15 5 81339 0.09804
16 15 5 63382 0.07897
16 15 5 62578 0.07818
16 15 5 59555 0.07436
16 15 5 57199 0.0716
16 15 5 55651 0.07071
16 15 5 54167 0.06917
16 15 5 51741 0.06476
16 15 5 45930 0.05946
16 15 5 39277 0.04984
16 15 5 38344 0.04846
16 15 5 38098 0.04814
16 15 5 35452 0.04642
16 15 5 34813 0.04376
16 15 5 33747 0.04271
16 15 5 26793 0.03164
16 15 5 26552 0.03022
16 15 5 26113 0.02977
16 15 5 25004 0.0295
16 15 5 24060 0.02887
16 15 5 16212 0.01884
16 15 5 16209 0.01951
16 15 5 15700 0.01913
16 15 5 15568 0.01861
16 15 5 15391 0.01873
16 15 5 15168 0.01925
16 15 5 14791 0.01863
16 15 5 10392 0.01362
16 15 5 10322 0.01421
16 15 5 10269 0.01376
16 15 5 10209 0.01425
16 15 5 10116 0.01344
16 15 5 9926 0.01336
