8 5 1 100000 0.1125
8 5 1 100000 0.1117
8 5 1 100000 0.1191
8 5 1 100000 0.1022
8 5 1 100000 0.1031
8 5 1 100000 0.1011
8 5 1 100000 0.105
8 5 1 100000 0.1012
8 5 1 100000 0.1035
8 5 1 100000 0.1039
8 5 1 100000 0.1007
8 5 1 100000 0.1047
8 5 1 100000 0.1031
8 5 1 85000 0.09373
8 5 1 85000 0.09429
8 5 1 85000 0.09668
8 5 1 85000 0.1105
8 5 1 85000 0.1081
8 5 1 85000 0.1109
8 5 1 85000 0.1119
8 5 1 85000 0.09821
8 5 1 85000 0.08919
8 5 1 85000 0.08811
8 5 1 85000 0.08814
8 5 1 85000 0.1001
8 5 1 75000 0.08373
8 5 1 75000 0.08431
8 5 1 75000 0.08585
8 5 1 75000 0.08509
8 5 1 75000 0.08213
8 5 1 75000 0.07913
8 5 1 75000 0.08114
8 5 1 75000 0.08078
8 5 1 75000 0.08003
8 5 1 75000 0.08079
8 5 1 75000 0.08239
8 5 1 75000 0.08207
8 5 1 50000 0.06119
8 5 1 50000 0.06129
8 5 1 50000 0.06124
8 5 1 50000 0.06079
8 5 1 50000 0.06335
8 5 1 50000 0.06119
8 5 1 50000 0.05821
8 5 1 50000 0.05978
8 5 1 50000 0.06088
8 5 1 50000 0.05756
8 5 1 50000 0.05819
8 5 1 50000 0.05868
8 5 1 50000 0.05971
8 5 1 35000 0.04501
8 5 1 35000 0.04203
8 5 1 35000 0.04318
8 5 1 35000 0.04332
8 5 1 35000 0.04396
8 5 1 35000 0.04171
8 5 1 35000 0.04316
8 5 1 35000 0.04289
8 5 1 35000 0.04153
8 5 1 35000 0.04212
8 5 1 35000 0.04267
8 5 1 35000 0.04163
8 5 1 35000 0.04176
8 5 1 25000 0.02887
8 5 1 25000 0.02942
8 5 1 25000 0.02823
8 5 1 25000 0.02753
8 5 1 25000 0.028
8 5 1 25000 0.02738
8 5 1 25000 0.0273
8 5 1 25000 0.0269
8 5 1 25000 0.02788
8 5 1 25000 0.02694
8 5 1 25000 0.02767
8 5 1 25000 0.02842
8 5 1 15000 0.01816
8 5 1 15000 0.01859
8 5 1 15000 0.0179
8 5 1 15000 0.0175
8 5 1 15000 0.01766
8 5 1 15000 0.01736
8 5 1 15000 0.01761
8 5 1 15000 0.01756
8 5 1 15000 0.01705
8 5 1 15000 0.01648
8 5 1 15000 0.01695
8 5 1 15000 0.01713
8 5 1 15000 0.01716
8 5 1 10000 0.01312
8 5 1 10000 0.01328
8 5 1 10000 0.01307
8 5 1 10000 0.01304
8 5 1 10000 0.01275
8 5 1 10000 0.01295
8 5 1 10000 0.01291
8 5 1 10000 0.01199
8 5 1 10000 0.01278
8 5 1 10000 0.01205
8 5 1 10000 0.01243
8 5 1 10000 0.01291
8 5 2 113238 0.1251
8 5 2 113074 0.1478
8 5 2 112916 0.1448
8 5 2 112863 0.1314
8 5 2 112557 0.1473
8 5 2 112276 0.1424
8 5 2 110943 0.1314
8 5 2 110444 0.1278
8 5 2 108302 0.109
8 5 2 106616 0.1092
8 5 2 103475 0.1073
8 5 2 99033 0.1162
8 5 2 94455 0.1167
8 5 2 94319 0.1133
8 5 2 94038 0.1085
8 5 2 93849 0.1068
8 5 2 93755 0.1177
8 5 2 93284 0.1236
8 5 2 92330 0.1182
8 5 2 91634 0.1149
8 5 2 90119 0.1176
8 5 2 89576 0.1122
8 5 2 87740 0.1083
8 5 2 85064 0.1124
8 5 2 82584 0.1067
8 5 2 82355 0.1025
8 5 2 82325 0.08708
8 5 2 82295 0.08628
8 5 2 82161 0.0881
8 5 2 82067 0.08981
8 5 2 81815 0.09577
8 5 2 81684 0.09341
8 5 2 79631 0.08355
8 5 2 78210 0.08794
8 5 2 77930 0.0927
8 5 2 76571 0.09772
8 5 2 71627 0.09236
8 5 2 71271 0.08892
8 5 2 53354 0.06916
8 5 2 53309 0.06761
8 5 2 53250 0.06311
8 5 2 53228 0.06339
8 5 2 53200 0.06372
8 5 2 53145 0.06497
8 5 2 53066 0.06219
8 5 2 52921 0.06333
8 5 2 52173 0.06427
8 5 2 51212 0.06092
8 5 2 50185 0.06263
8 5 2 46441 0.05779
8 5 2 36662 0.0431
8 5 2 36625 0.0429
8 5 2 36606 0.04328
8 5 2 36592 0.04383
8 5 2 36578 0.04301
8 5 2 36568 0.04344
8 5 2 36552 0.04529
8 5 2 36470 0.0464
8 5 2 36166 0.04827
8 5 2 35623 0.04522
8 5 2 35262 0.04737
8 5 2 34657 0.0451
8 5 2 25848 0.03162
8 5 2 25833 0.03251
8 5 2 25820 0.02756
8 5 2 25814 0.02979
8 5 2 25790 0.03119
8 5 2 25774 0.02929
8 5 2 25741 0.02995
8 5 2 25734 0.03017
8 5 2 25695 0.03147
8 5 2 25125 0.03097
8 5 2 24824 0.0312
8 5 2 24680 0.02785
8 5 2 24238 0.02978
8 5 2 15304 0.01807
8 5 2 15298 0.01842
8 5 2 15295 0.01826
8 5 2 15294 0.01864
8 5 2 15291 0.02005
8 5 2 15288 0.01825
8 5 2 15285 0.01881
8 5 2 15271 0.01825
8 5 2 15254 0.01884
8 5 2 15078 0.01822
8 5 2 14904 0.01748
8 5 2 14785 0.0191
8 5 2 10135 0.01363
8 5 2 10134 0.01413
8 5 2 10133 0.01287
8 5 2 10132 0.01397
8 5 2 10130 0.01329
8 5 2 10129 0.01265
8 5 2 10128 0.01377
8 5 2 10125 0.01216
8 5 2 10120 0.01334
8 5 2 10116 0.01286
8 5 2 10093 0.01334
8 5 2 10021 0.01428
8 5 2 9949 0.01333
8 5 3 127865 0.19
8 5 3 127256 0.1778
8 5 3 127242 0.1779
8 5 3 126737 0.1794
8 5 3 126549 0.1797
8 5 3 124157 0.1748
8 5 3 121665 0.1193
8 5 3 119989 0.119
8 5 3 115914 0.1181
8 5 3 114930 0.1166
8 5 3 106213 0.1161
8 5 3 104880 0.1054
8 5 3 104332 0.1094
8 5 3 103987 0.1072
8 5 3 103417 0.1044
8 5 3 103279 0.1013
8 5 3 101665 0.1076
8 5 3 101165 0.1052
8 5 3 99450 0.1026
8 5 3 98444 0.102
8 5 3 98175 0.09686
8 5 3 91659 0.09884
8 5 3 90575 0.09524
8 5 3 90231 0.09674
8 5 3 90096 0.09485
8 5 3 90028 0.09609
8 5 3 89945 0.09499
8 5 3 89209 0.09705
8 5 3 88842 0.09468
8 5 3 88772 0.09404
8 5 3 87434 0.0887
8 5 3 85733 0.09155
8 5 3 84140 0.09525
8 5 3 81312 0.08763
8 5 3 78930 0.08757
8 5 3 76204 0.08291
8 5 3 74669 0.08482
8 5 3 56916 0.06575
8 5 3 56817 0.06506
8 5 3 56801 0.06888
8 5 3 56750 0.06763
8 5 3 56714 0.06806
8 5 3 56578 0.06563
8 5 3 56538 0.06545
8 5 3 56501 0.06716
8 5 3 56088 0.06629
8 5 3 54868 0.06731
8 5 3 54183 0.06412
8 5 3 51030 0.06313
8 5 3 49742 0.05904
8 5 3 38333 0.04456
8 5 3 38288 0.04759
8 5 3 38260 0.04524
8 5 3 38242 0.04535
8 5 3 38215 0.04445
8 5 3 38157 0.04486
8 5 3 38066 0.04572
8 5 3 37594 0.04494
8 5 3 37156 0.04572
8 5 3 36572 0.04625
8 5 3 36061 0.04287
8 5 3 35036 0.04365
8 5 3 33044 0.03885
8 5 3 26668 0.02727
8 5 3 26653 0.02896
8 5 3 26633 0.02854
8 5 3 26590 0.02844
8 5 3 26571 0.02878
8 5 3 26564 0.02945
8 5 3 26519 0.02818
8 5 3 25841 0.0283
8 5 3 25476 0.02745
8 5 3 25214 0.02831
8 5 3 24935 0.02852
8 5 3 24150 0.02894
8 5 3 15610 0.01807
8 5 3 15602 0.01852
8 5 3 15595 0.01894
8 5 3 15593 0.01816
8 5 3 15584 0.01767
8 5 3 15579 0.01811
8 5 3 15565 0.01827
8 5 3 15549 0.01747
8 5 3 15379 0.0182
8 5 3 15343 0.01861
8 5 3 15097 0.01747
8 5 3 15024 0.01845
8 5 3 10268 0.01326
8 5 3 10267 0.01283
8 5 3 10264 0.01288
8 5 3 10262 0.01308
8 5 3 10260 0.01316
8 5 3 10259 0.01334
8 5 3 10256 0.01264
8 5 3 10254 0.01265
8 5 3 10241 0.01307
8 5 3 10221 0.01306
8 5 3 10128 0.01314
8 5 3 10081 0.01319
8 5 3 9980 0.01265
8 5 4 144397 0.189
8 5 4 142976 0.1824
8 5 4 142442 0.1868
8 5 4 140351 0.1777
8 5 4 140323 0.1811
8 5 4 135781 0.1872
8 5 4 132997 0.1764
8 5 4 126711 0.1766
8 5 4 126711 0.1769
8 5 4 121221 0.1206
8 5 4 115273 0.1154
8 5 4 114810 0.1146
8 5 4 113909 0.1096
8 5 4 111374 0.1106
8 5 4 110952 0.1126
8 5 4 110272 0.1137
8 5 4 108868 0.108
8 5 4 108771 0.1104
8 5 4 106502 0.1083
8 5 4 102124 0.1077
8 5 4 99138 0.0984
8 5 4 98866 0.1003
8 5 4 98456 0.1048
8 5 4 98363 0.1017
8 5 4 98093 0.1032
8 5 4 96030 0.09875
8 5 4 95636 0.1022
8 5 4 95415 0.1018
8 5 4 94580 0.09979
8 5 4 93108 0.09723
8 5 4 92859 0.09771
8 5 4 91156 0.09745
8 5 4 85997 0.09429
8 5 4 85041 0.09083
8 5 4 83177 0.09136
8 5 4 80635 0.0891
8 5 4 72715 0.08163
8 5 4 60496 0.06786
8 5 4 60491 0.07226
8 5 4 60428 0.07005
8 5 4 60306 0.06925
8 5 4 60279 0.06929
8 5 4 60173 0.0705
8 5 4 59473 0.07234
8 5 4 58178 0.06846
8 5 4 57834 0.06722
8 5 4 57175 0.07035
8 5 4 55781 0.06558
8 5 4 51357 0.06295
8 5 4 44971 0.0555
8 5 4 40056 0.04651
8 5 4 39988 0.04735
8 5 4 39962 0.04669
8 5 4 39860 0.04506
8 5 4 39734 0.0464
8 5 4 39289 0.04808
8 5 4 38739 0.04505
8 5 4 38493 0.04568
8 5 4 38042 0.04615
8 5 4 37572 0.0433
8 5 4 36783 0.04514
8 5 4 35767 0.04407
8 5 4 34740 0.04329
8 5 4 27503 0.03147
8 5 4 27457 0.03042
8 5 4 27447 0.02868
8 5 4 27429 0.02989
8 5 4 27074 0.02883
8 5 4 26848 0.02895
8 5 4 26619 0.03021
8 5 4 26173 0.02753
8 5 4 25917 0.02854
8 5 4 25731 0.03007
8 5 4 25034 0.02876
8 5 4 23976 0.02735
8 5 4 15907 0.01901
8 5 4 15885 0.01804
8 5 4 15882 0.01764
8 5 4 15875 0.01787
8 5 4 15858 0.01773
8 5 4 15837 0.01809
8 5 4 15689 0.01919
8 5 4 15651 0.01804
8 5 4 15586 0.01767
8 5 4 15388 0.01795
8 5 4 15258 0.01882
8 5 4 14727 0.01831
8 5 4 10400 0.01318
8 5 4 10399 0.01258
8 5 4 10393 0.01333
8 5 4 10392 0.01252
8 5 4 10391 0.01279
8 5 4 10390 0.01298
8 5 4 10380 0.0133
8 5 4 10355 0.01267
8 5 4 10313 0.014
8 5 4 10283 0.01266
8 5 4 10225 0.01327
8 5 4 10097 0.0134
8 5 4 9945 0.01316
8 5 5 161037 0.1977
8 5 5 154041 0.1959
8 5 5 149897 0.1899
8 5 5 148191 0.1775
8 5 5 147613 0.1885
8 5 5 144564 0.1914
8 5 5 142877 0.1973
8 5 5 140013 0.1862
8 5 5 132118 0.1812
8 5 5 125990 0.1761
8 5 5 123657 0.1698
8 5 5 120915 0.1208
8 5 5 119386 0.1184
8 5 5 116965 0.1148
8 5 5 115872 0.115
8 5 5 111815 0.1142
8 5 5 111333 0.1137
8 5 5 108441 0.1104
8 5 5 108228 0.1105
8 5 5 107832 0.1076
8 5 5 105611 0.1091
8 5 5 105051 0.1066
8 5 5 104403 0.1089
8 5 5 102622 0.1087
8 5 5 102141 0.1028
8 5 5 100164 0.1038
8 5 5 99210 0.1033
8 5 5 99084 0.104
8 5 5 96510 0.09844
8 5 5 94807 0.09929
8 5 5 93972 0.09968
8 5 5 91888 0.09681
8 5 5 90257 0.09783
8 5 5 87510 0.09331
8 5 5 85547 0.09364
8 5 5 79894 0.08849
8 5 5 73594 0.08523
8 5 5 65232 0.07697
8 5 5 63971 0.07498
8 5 5 63833 0.07447
8 5 5 61260 0.07102
8 5 5 60391 0.07652
8 5 5 59556 0.07473
8 5 5 58754 0.07195
8 5 5 58722 0.06859
8 5 5 57682 0.06832
8 5 5 56472 0.06689
8 5 5 55908 0.06839
8 5 5 50380 0.06449
8 5 5 50051 0.061
8 5 5 41702 0.04977
8 5 5 41530 0.04993
8 5 5 41298 0.05053
8 5 5 40431 0.04917
8 5 5 39939 0.04736
8 5 5 39720 0.0468
8 5 5 38703 0.04566
8 5 5 38553 0.04555
8 5 5 37504 0.04555
8 5 5 37273 0.0436
8 5 5 37140 0.04576
8 5 5 35015 0.04265
8 5 5 34253 0.04189
8 5 5 28366 0.0313
8 5 5 28325 0.03037
8 5 5 28236 0.03084
8 5 5 27065 0.0324
8 5 5 26761 0.02971
8 5 5 26690 0.02943
8 5 5 26370 0.02945
8 5 5 26150 0.02858
8 5 5 25927 0.02911
8 5 5 25411 0.02889
8 5 5 24939 0.02922
8 5 5 23661 0.02803
8 5 5 16219 0.01824
8 5 5 16181 0.01814
8 5 5 16149 0.01835
8 5 5 16128 0.01854
8 5 5 15958 0.01868
8 5 5 15878 0.018
8 5 5 15703 0.01747
8 5 5 15672 0.01939
8 5 5 15624 0.01864
8 5 5 15537 0.01963
8 5 5 15384 0.01924
8 5 5 14758 0.01843
8 5 5 10528 0.01342
8 5 5 10525 0.01316
8 5 5 10511 0.01338
8 5 5 10462 0.01376
8 5 5 10426 0.01343
8 5 5 10374 0.01477
8 5 5 10339 0.01363
8 5 5 10295 0.0134
8 5 5 10291 0.01284
8 5 5 10273 0.01326
8 5 5 10246 0.0133
8 5 5 10133 0.01375
8 5 5 10030 0.01343
