8 3 1 100000 0.07708
8 3 1 100000 0.07689
8 3 1 100000 0.07422
8 3 1 100000 0.07452
8 3 1 100000 0.07197
8 3 1 100000 0.07285
8 3 1 100000 0.07235
8 3 1 100000 0.07195
8 3 1 100000 0.07186
8 3 1 100000 0.07273
8 3 1 100000 0.07275
8 3 1 100000 0.07246
8 3 1 100000 0.07253
8 3 1 85000 0.06244
8 3 1 85000 0.06209
8 3 1 85000 0.06263
8 3 1 85000 0.06304
8 3 1 85000 0.06191
8 3 1 85000 0.06245
8 3 1 85000 0.06295
8 3 1 85000 0.06271
8 3 1 85000 0.06239
8 3 1 85000 0.06268
8 3 1 85000 0.06285
8 3 1 85000 0.06254
8 3 1 75000 0.05262
8 3 1 75000 0.05314
8 3 1 75000 0.05248
8 3 1 75000 0.05268
8 3 1 75000 0.05267
8 3 1 75000 0.05252
8 3 1 75000 0.05289
8 3 1 75000 0.0529
8 3 1 75000 0.05328
8 3 1 75000 0.05236
8 3 1 75000 0.05269
8 3 1 75000 0.05311
8 3 1 50000 0.03121
8 3 1 50000 0.03123
8 3 1 50000 0.03078
8 3 1 50000 0.03109
8 3 1 50000 0.03146
8 3 1 50000 0.03108
8 3 1 50000 0.0312
8 3 1 50000 0.03117
8 3 1 50000 0.03131
8 3 1 50000 0.0314
8 3 1 50000 0.03113
8 3 1 50000 0.03097
8 3 1 50000 0.03106
8 3 1 35000 0.0208
8 3 1 35000 0.02069
8 3 1 35000 0.02082
8 3 1 35000 0.02087
8 3 1 35000 0.02092
8 3 1 35000 0.02093
8 3 1 35000 0.02092
8 3 1 35000 0.02071
8 3 1 35000 0.02078
8 3 1 35000 0.02074
8 3 1 35000 0.02095
8 3 1 35000 0.0208
8 3 1 35000 0.02074
8 3 1 25000 0.01002
8 3 1 25000 0.009975
8 3 1 25000 0.009852
8 3 1 25000 0.01002
8 3 1 25000 0.01008
8 3 1 25000 0.009987
8 3 1 25000 0.01002
8 3 1 25000 0.009961
8 3 1 25000 0.01001
8 3 1 25000 0.01014
8 3 1 25000 0.01012
8 3 1 25000 0.009896
8 3 1 15000 0.00659
8 3 1 15000 0.006577
8 3 1 15000 0.006599
8 3 1 15000 0.006504
8 3 1 15000 0.00653
8 3 1 15000 0.006629
8 3 1 15000 0.00672
8 3 1 15000 0.006524
8 3 1 15000 0.006515
8 3 1 15000 0.006663
8 3 1 15000 0.00663
8 3 1 15000 0.006595
8 3 1 15000 0.006532
8 3 1 10000 0.005094
8 3 1 10000 0.005105
8 3 1 10000 0.005163
8 3 1 10000 0.005111
8 3 1 10000 0.005163
8 3 1 10000 0.005146
8 3 1 10000 0.005057
8 3 1 10000 0.005112
8 3 1 10000 0.005136
8 3 1 10000 0.005094
8 3 1 10000 0.005155
8 3 1 10000 0.005127
8 3 2 100000 0.0718
8 3 2 100000 0.07225
8 3 2 100000 0.07163
8 3 2 100000 0.07158
8 3 2 100000 0.0712
8 3 2 100000 0.07239
8 3 2 100000 0.0722
8 3 2 100000 0.07212
8 3 2 100000 0.07174
8 3 2 100000 0.07188
8 3 2 100000 0.07177
8 3 2 100000 0.07223
8 3 2 100000 0.07194
8 3 2 85000 0.06258
8 3 2 85000 0.06244
8 3 2 85000 0.06291
8 3 2 85000 0.06257
8 3 2 85000 0.06296
8 3 2 85000 0.0625
8 3 2 85000 0.06214
8 3 2 85000 0.06278
8 3 2 85000 0.06218
8 3 2 85000 0.062
8 3 2 85000 0.06246
8 3 2 85000 0.06271
8 3 2 75000 0.0529
8 3 2 75000 0.05274
8 3 2 75000 0.05332
8 3 2 75000 0.05254
8 3 2 75000 0.05279
8 3 2 75000 0.05271
8 3 2 75000 0.0528
8 3 2 75000 0.05261
8 3 2 75000 0.05203
8 3 2 75000 0.05226
8 3 2 75000 0.05256
8 3 2 75000 0.05221
8 3 2 50000 0.03082
8 3 2 50000 0.03115
8 3 2 50000 0.03132
8 3 2 50000 0.03136
8 3 2 50000 0.03118
8 3 2 50000 0.0312
8 3 2 50000 0.03106
8 3 2 50000 0.0314
8 3 2 50000 0.0309
8 3 2 50000 0.0308
8 3 2 50000 0.03127
8 3 2 50000 0.0311
8 3 2 50000 0.03083
8 3 2 35000 0.02084
8 3 2 35000 0.02044
8 3 2 35000 0.02087
8 3 2 35000 0.02087
8 3 2 35000 0.02065
8 3 2 35000 0.0208
8 3 2 35000 0.02082
8 3 2 35000 0.02058
8 3 2 35000 0.02078
8 3 2 35000 0.02079
8 3 2 35000 0.0211
8 3 2 35000 0.02086
8 3 2 35000 0.02058
8 3 2 25000 0.01018
8 3 2 25000 0.009878
8 3 2 25000 0.00992
8 3 2 25000 0.01001
8 3 2 25000 0.009848
8 3 2 25000 0.009895
8 3 2 25000 0.01001
8 3 2 25000 0.00987
8 3 2 25000 0.009989
8 3 2 25000 0.009877
8 3 2 25000 0.00993
8 3 2 25000 0.009864
8 3 2 15000 0.006629
8 3 2 15000 0.00664
8 3 2 15000 0.006574
8 3 2 15000 0.006651
8 3 2 15000 0.006535
8 3 2 15000 0.006652
8 3 2 15000 0.006552
8 3 2 15000 0.006579
8 3 2 15000 0.006727
8 3 2 15000 0.00661
8 3 2 15000 0.006591
8 3 2 15000 0.006612
8 3 2 15000 0.006657
8 3 2 10000 0.005168
8 3 2 10000 0.005117
8 3 2 10000 0.00507
8 3 2 10000 0.005305
8 3 2 10000 0.00515
8 3 2 10000 0.00508
8 3 2 10000 0.005074
8 3 2 10000 0.00512
8 3 2 10000 0.005077
8 3 2 10000 0.005193
8 3 2 10000 0.0051
8 3 2 10000 0.005059
8 3 3 100000 0.1124
8 3 3 100000 0.09869
8 3 3 100000 0.1163
8 3 3 100000 0.09499
8 3 3 100000 0.07273
8 3 3 100000 0.07271
8 3 3 100000 0.07169
8 3 3 100000 0.07201
8 3 3 100000 0.07238
8 3 3 100000 0.07238
8 3 3 100000 0.07143
8 3 3 100000 0.07213
8 3 3 100000 0.07173
8 3 3 85000 0.06226
8 3 3 85000 0.06207
8 3 3 85000 0.06185
8 3 3 85000 0.06254
8 3 3 85000 0.06246
8 3 3 85000 0.06302
8 3 3 85000 0.06196
8 3 3 85000 0.06245
8 3 3 85000 0.062
8 3 3 85000 0.06273
8 3 3 85000 0.06277
8 3 3 85000 0.06198
8 3 3 75000 0.0527
8 3 3 75000 0.0532
8 3 3 75000 0.0529
8 3 3 75000 0.05259
8 3 3 75000 0.05252
8 3 3 75000 0.05351
8 3 3 75000 0.05285
8 3 3 75000 0.05277
8 3 3 75000 0.05254
8 3 3 75000 0.05329
8 3 3 75000 0.05322
8 3 3 75000 0.05297
8 3 3 50000 0.03124
8 3 3 50000 0.03097
8 3 3 50000 0.03103
8 3 3 50000 0.03102
8 3 3 50000 0.03088
8 3 3 50000 0.03102
8 3 3 50000 0.03083
8 3 3 50000 0.03093
8 3 3 50000 0.03113
8 3 3 50000 0.03116
8 3 3 50000 0.03126
8 3 3 50000 0.03123
8 3 3 50000 0.03112
8 3 3 35000 0.02087
8 3 3 35000 0.02096
8 3 3 35000 0.02081
8 3 3 35000 0.02085
8 3 3 35000 0.02072
8 3 3 35000 0.02068
8 3 3 35000 0.02067
8 3 3 35000 0.02082
8 3 3 35000 0.02085
8 3 3 35000 0.02064
8 3 3 35000 0.02073
8 3 3 35000 0.02092
8 3 3 35000 0.02073
8 3 3 25000 0.01009
8 3 3 25000 0.009964
8 3 3 25000 0.009882
8 3 3 25000 0.009811
8 3 3 25000 0.009938
8 3 3 25000 0.01001
8 3 3 25000 0.009904
8 3 3 25000 0.009982
8 3 3 25000 0.00987
8 3 3 25000 0.009967
8 3 3 25000 0.009927
8 3 3 25000 0.01
8 3 3 15000 0.006522
8 3 3 15000 0.006483
8 3 3 15000 0.006552
8 3 3 15000 0.006644
8 3 3 15000 0.006442
8 3 3 15000 0.006664
8 3 3 15000 0.006495
8 3 3 15000 0.006527
8 3 3 15000 0.006473
8 3 3 15000 0.006585
8 3 3 15000 0.006548
8 3 3 15000 0.006552
8 3 3 15000 0.006508
8 3 3 10000 0.005098
8 3 3 10000 0.00512
8 3 3 10000 0.00534
8 3 3 10000 0.00512
8 3 3 10000 0.005109
8 3 3 10000 0.00512
8 3 3 10000 0.005146
8 3 3 10000 0.005097
8 3 3 10000 0.005111
8 3 3 10000 0.005115
8 3 3 10000 0.005076
8 3 3 10000 0.005076
8 3 4 100000 0.07474
8 3 4 100000 0.0748
8 3 4 100000 0.07296
8 3 4 100000 0.07307
8 3 4 100000 0.07199
8 3 4 100000 0.07226
8 3 4 100000 0.07217
8 3 4 100000 0.07197
8 3 4 100000 0.09229
8 3 4 100000 0.07179
8 3 4 100000 0.07152
8 3 4 100000 0.07126
8 3 4 100000 0.07225
8 3 4 85000 0.06169
8 3 4 85000 0.06183
8 3 4 85000 0.06235
8 3 4 85000 0.06241
8 3 4 85000 0.06267
8 3 4 85000 0.06167
8 3 4 85000 0.06217
8 3 4 85000 0.06211
8 3 4 85000 0.06205
8 3 4 85000 0.06179
8 3 4 85000 0.06217
8 3 4 85000 0.06184
8 3 4 75000 0.05238
8 3 4 75000 0.05212
8 3 4 75000 0.05321
8 3 4 75000 0.05302
8 3 4 75000 0.05321
8 3 4 75000 0.05285
8 3 4 75000 0.0525
8 3 4 75000 0.05244
8 3 4 75000 0.05242
8 3 4 75000 0.05263
8 3 4 75000 0.05283
8 3 4 75000 0.05257
8 3 4 50000 0.03124
8 3 4 50000 0.03096
8 3 4 50000 0.03127
8 3 4 50000 0.03105
8 3 4 50000 0.03098
8 3 4 50000 0.0312
8 3 4 50000 0.03121
8 3 4 50000 0.03106
8 3 4 50000 0.03107
8 3 4 50000 0.03102
8 3 4 50000 0.0311
8 3 4 50000 0.03118
8 3 4 50000 0.03123
8 3 4 35000 0.02087
8 3 4 35000 0.02086
8 3 4 35000 0.02089
8 3 4 35000 0.02084
8 3 4 35000 0.02082
8 3 4 35000 0.02064
8 3 4 35000 0.02087
8 3 4 35000 0.02074
8 3 4 35000 0.02091
8 3 4 35000 0.02089
8 3 4 35000 0.02072
8 3 4 35000 0.02068
8 3 4 35000 0.02074
8 3 4 25000 0.01006
8 3 4 25000 0.009974
8 3 4 25000 0.01003
8 3 4 25000 0.01003
8 3 4 25000 0.009937
8 3 4 25000 0.009986
8 3 4 25000 0.01003
8 3 4 25000 0.009965
8 3 4 25000 0.009951
8 3 4 25000 0.009907
8 3 4 25000 0.01013
8 3 4 25000 0.009898
8 3 4 15000 0.00654
8 3 4 15000 0.006657
8 3 4 15000 0.00664
8 3 4 15000 0.006573
8 3 4 15000 0.006584
8 3 4 15000 0.006595
8 3 4 15000 0.006494
8 3 4 15000 0.006563
8 3 4 15000 0.006542
8 3 4 15000 0.006597
8 3 4 15000 0.006483
8 3 4 15000 0.00661
8 3 4 15000 0.006528
8 3 4 10000 0.005134
8 3 4 10000 0.005198
8 3 4 10000 0.005109
8 3 4 10000 0.00508
8 3 4 10000 0.005109
8 3 4 10000 0.005228
8 3 4 10000 0.005173
8 3 4 10000 0.005149
8 3 4 10000 0.005122
8 3 4 10000 0.005145
8 3 4 10000 0.005158
8 3 4 10000 0.005099
8 3 5 100000 0.07225
8 3 5 100000 0.07267
8 3 5 100000 0.07292
8 3 5 100000 0.07232
8 3 5 100000 0.07141
8 3 5 100000 0.07224
8 3 5 100000 0.0723
8 3 5 100000 0.07229
8 3 5 100000 0.07262
8 3 5 100000 0.07247
8 3 5 100000 0.07195
8 3 5 100000 0.07254
8 3 5 100000 0.07167
8 3 5 85000 0.0614
8 3 5 85000 0.0626
8 3 5 85000 0.0627
8 3 5 85000 0.06157
8 3 5 85000 0.06264
8 3 5 85000 0.0624
8 3 5 85000 0.06259
8 3 5 85000 0.06243
8 3 5 85000 0.06268
8 3 5 85000 0.06154
8 3 5 85000 0.06273
8 3 5 85000 0.06205
8 3 5 75000 0.05292
8 3 5 75000 0.05221
8 3 5 75000 0.05307
8 3 5 75000 0.05248
8 3 5 75000 0.05239
8 3 5 75000 0.05267
8 3 5 75000 0.05232
8 3 5 75000 0.0524
8 3 5 75000 0.05285
8 3 5 75000 0.05246
8 3 5 75000 0.05264
8 3 5 75000 0.05239
8 3 5 50000 0.03114
8 3 5 50000 0.03147
8 3 5 50000 0.03115
8 3 5 50000 0.03119
8 3 5 50000 0.03137
8 3 5 50000 0.0311
8 3 5 50000 0.03158
8 3 5 50000 0.03142
8 3 5 50000 0.03091
8 3 5 50000 0.03116
8 3 5 50000 0.03094
8 3 5 50000 0.03117
8 3 5 50000 0.0311
8 3 5 35000 0.02095
8 3 5 35000 0.02079
8 3 5 35000 0.02066
8 3 5 35000 0.02084
8 3 5 35000 0.02077
8 3 5 35000 0.02091
8 3 5 35000 0.0207
8 3 5 35000 0.02069
8 3 5 35000 0.02067
8 3 5 35000 0.02092
8 3 5 35000 0.0206
8 3 5 35000 0.02089
8 3 5 35000 0.02071
8 3 5 25000 0.009924
8 3 5 25000 0.009919
8 3 5 25000 0.009998
8 3 5 25000 0.009945
8 3 5 25000 0.009884
8 3 5 25000 0.009925
8 3 5 25000 0.00998
8 3 5 25000 0.009906
8 3 5 25000 0.009845
8 3 5 25000 0.009941
8 3 5 25000 0.009928
8 3 5 25000 0.01005
8 3 5 15000 0.00641
8 3 5 15000 0.00659
8 3 5 15000 0.006554
8 3 5 15000 0.006592
8 3 5 15000 0.006598
8 3 5 15000 0.006587
8 3 5 15000 0.006651
8 3 5 15000 0.006562
8 3 5 15000 0.006597
8 3 5 15000 0.006555
8 3 5 15000 0.006648
8 3 5 15000 0.006522
8 3 5 15000 0.006566
8 3 5 10000 0.005115
8 3 5 10000 0.005154
8 3 5 10000 0.005125
8 3 5 10000 0.005149
8 3 5 10000 0.005143
8 3 5 10000 0.005136
8 3 5 10000 0.005151
8 3 5 10000 0.005143
8 3 5 10000 0.005158
8 3 5 10000 0.005154
8 3 5 10000 0.005141
8 3 5 10000 0.005184
