16 2 1 100000 0.114
16 2 1 100000 0.1079
16 2 1 100000 0.107
16 2 1 100000 0.1053
16 2 1 100000 0.134
16 2 1 100000 0.1318
16 2 1 85000 0.09419
16 2 1 85000 0.09221
16 2 1 85000 0.0945
16 2 1 85000 0.09222
16 2 1 85000 0.09369
16 2 1 85000 0.1195
16 2 1 85000 0.1196
16 2 1 75000 0.08211
16 2 1 75000 0.08422
16 2 1 75000 0.08381
16 2 1 75000 0.1078
16 2 1 75000 0.1097
16 2 1 50000 0.05888
16 2 1 50000 0.06169
16 2 1 50000 0.0597
16 2 1 50000 0.06256
16 2 1 50000 0.05901
16 2 1 50000 0.08638
16 2 1 50000 0.08503
16 2 1 35000 0.04234
16 2 1 35000 0.0435
16 2 1 35000 0.04281
16 2 1 35000 0.04208
16 2 1 35000 0.06366
16 2 1 35000 0.06375
16 2 1 25000 0.02783
16 2 1 25000 0.02832
16 2 1 25000 0.02792
16 2 1 25000 0.02852
16 2 1 25000 0.04656
16 2 1 25000 0.04553
16 2 1 25000 0.04595
16 2 1 15000 0.01791
16 2 1 15000 0.01786
16 2 1 15000 0.01711
16 2 1 15000 0.02813
16 2 1 15000 0.02803
16 2 1 10000 0.01256
16 2 1 10000 0.01262
16 2 1 10000 0.01284
16 2 1 10000 0.01313
16 2 1 10000 0.01235
16 2 1 10000 0.01962
16 2 1 10000 0.01914
16 2 2 113441 0.1182
16 2 2 113048 0.116
16 2 2 112896 0.1147
16 2 2 112752 0.1169
16 2 2 108887 0.1411
16 2 2 99191 0.1327
16 2 2 94670 0.1032
16 2 2 94514 0.1123
16 2 2 94367 0.09465
16 2 2 94179 0.1007
16 2 2 93601 0.1003
16 2 2 85324 0.1195
16 2 2 82472 0.08904
16 2 2 82422 0.09101
16 2 2 82261 0.09021
16 2 2 82095 0.08902
16 2 2 81403 0.1146
16 2 2 75162 0.1102
16 2 2 74086 0.1099
16 2 2 53332 0.06593
16 2 2 53292 0.06513
16 2 2 53200 0.06378
16 2 2 53110 0.06565
16 2 2 50616 0.0862
16 2 2 36662 0.04511
16 2 2 36647 0.0438
16 2 2 36615 0.04406
16 2 2 36599 0.04518
16 2 2 36568 0.04401
16 2 2 35962 0.06425
16 2 2 34825 0.06356
16 2 2 25836 0.02915
16 2 2 25826 0.02929
16 2 2 25816 0.02856
16 2 2 25797 0.03013
16 2 2 25188 0.0463
16 2 2 24190 0.04467
16 2 2 15303 0.01824
16 2 2 15300 0.01769
16 2 2 15298 0.01804
16 2 2 15296 0.02922
16 2 2 15283 0.01842
16 2 2 15028 0.02853
16 2 2 14791 0.02773
16 2 2 10134 0.01291
16 2 2 10132 0.01251
16 2 2 10130 0.01315
16 2 2 10127 0.01274
16 2 2 10092 0.02002
16 2 2 9994 0.01965
16 2 3 128196 0.1758
16 2 3 127679 0.1687
16 2 3 127555 0.1796
16 2 3 126991 0.1782
16 2 3 116651 0.1463
16 2 3 105250 0.1055
16 2 3 105036 0.1042
16 2 3 104824 0.1378
16 2 3 104504 0.1077
16 2 3 104110 0.1052
16 2 3 95048 0.1268
16 2 3 90688 0.094
16 2 3 90491 0.09626
16 2 3 90246 0.09503
16 2 3 90069 0.09321
16 2 3 88651 0.1197
16 2 3 78398 0.11
16 2 3 77925 0.1101
16 2 3 56947 0.06745
16 2 3 56903 0.06654
16 2 3 56832 0.06781
16 2 3 56732 0.06495
16 2 3 56573 0.06733
16 2 3 52676 0.0875
16 2 3 50183 0.08482
16 2 3 38332 0.04372
16 2 3 38277 0.04419
16 2 3 38249 0.04458
16 2 3 38133 0.04594
16 2 3 36895 0.0636
16 2 3 33792 0.05942
16 2 3 26707 0.02869
16 2 3 26680 0.02897
16 2 3 26665 0.02936
16 2 3 26623 0.03081
16 2 3 26467 0.02916
16 2 3 24477 0.04504
16 2 3 15610 0.0193
16 2 3 15606 0.01849
16 2 3 15599 0.01965
16 2 3 15589 0.0198
16 2 3 15575 0.02021
16 2 3 15254 0.03087
16 2 3 14859 0.0299
16 2 3 10270 0.01447
16 2 3 10268 0.01463
16 2 3 10264 0.01452
16 2 3 10258 0.01465
16 2 3 10180 0.02167
16 2 3 9961 0.02069
16 2 4 144709 0.2354
16 2 4 144150 0.2336
16 2 4 143974 0.2301
16 2 4 143140 0.202
16 2 4 137251 0.2719
16 2 4 116608 0.1143
16 2 4 116365 0.1169
16 2 4 115622 0.1139
16 2 4 114567 0.1449
16 2 4 101257 0.133
16 2 4 99528 0.1006
16 2 4 99276 0.1029
16 2 4 98990 0.09955
16 2 4 98794 0.09977
16 2 4 97749 0.1289
16 2 4 89890 0.1216
16 2 4 82896 0.1147
16 2 4 73131 0.1061
16 2 4 69369 0.104
16 2 4 60547 0.06805
16 2 4 60465 0.06993
16 2 4 60378 0.07007
16 2 4 57000 0.09215
16 2 4 51045 0.08409
16 2 4 40231 0.04767
16 2 4 40111 0.04615
16 2 4 40072 0.04665
16 2 4 40024 0.04573
16 2 4 39965 0.0458
16 2 4 39233 0.0677
16 2 4 34881 0.06148
16 2 4 27588 0.03123
16 2 4 27551 0.02979
16 2 4 27529 0.02905
16 2 4 27498 0.02957
16 2 4 27352 0.02936
16 2 4 24636 0.04682
16 2 4 24016 0.04446
16 2 4 15905 0.01802
16 2 4 15897 0.01834
16 2 4 15869 0.01826
16 2 4 15678 0.03068
16 2 4 15307 0.02975
16 2 4 10407 0.01258
16 2 4 10402 0.01344
16 2 4 10398 0.01344
16 2 4 10394 0.01355
16 2 4 10387 0.0134
16 2 4 10044 0.01956
16 2 4 9778 0.01979
16 2 5 162688 0.2029
16 2 5 161581 0.2007
16 2 5 160835 0.1938
16 2 5 155162 0.1933
16 2 5 153989 0.1897
16 2 5 129087 0.1752
16 2 5 128496 0.1795
16 2 5 126545 0.1738
16 2 5 113830 0.142
16 2 5 109235 0.1405
16 2 5 108877 0.1112
16 2 5 108597 0.1084
16 2 5 108099 0.1096
16 2 5 103348 0.1335
16 2 5 94682 0.1267
16 2 5 89448 0.12
16 2 5 84189 0.1138
16 2 5 77652 0.1086
16 2 5 64566 0.07083
16 2 5 64533 0.07481
16 2 5 64292 0.07289
16 2 5 64194 0.07212
16 2 5 61631 0.0657
16 2 5 51792 0.08484
16 2 5 47280 0.08019
16 2 5 41896 0.05023
16 2 5 41844 0.04936
16 2 5 41794 0.05001
16 2 5 40093 0.04623
16 2 5 38166 0.06612
16 2 5 33094 0.05879
16 2 5 28487 0.03086
16 2 5 28426 0.03003
16 2 5 28402 0.03213
16 2 5 28356 0.03056
16 2 5 27563 0.03166
16 2 5 24454 0.04594
16 2 5 16232 0.01926
16 2 5 16225 0.01961
16 2 5 16217 0.01896
16 2 5 16195 0.01905
16 2 5 16165 0.01856
16 2 5 15545 0.03053
16 2 5 15282 0.02882
16 2 5 10539 0.01333
16 2 5 10534 0.01402
16 2 5 10530 0.01389
16 2 5 10521 0.01436
16 2 5 10129 0.02028
16 2 5 10072 0.02049
