8 7 1 100000 0.1168
8 7 1 100000 0.1266
8 7 1 100000 0.1223
8 7 1 100000 0.1173
8 7 1 100000 0.1055
8 7 1 100000 0.1069
8 7 1 100000 0.1051
8 7 1 100000 0.1027
8 7 1 100000 0.1036
8 7 1 100000 0.1019
8 7 1 100000 0.1014
8 7 1 100000 0.1073
8 7 1 100000 0.1068
8 7 1 85000 0.0921
8 7 1 85000 0.1021
8 7 1 85000 0.0927
8 7 1 85000 0.09082
8 7 1 85000 0.091
8 7 1 85000 0.09119
8 7 1 85000 0.09047
8 7 1 85000 0.0912
8 7 1 85000 0.09034
8 7 1 85000 0.09023
8 7 1 85000 0.08973
8 7 1 85000 0.09037
8 7 1 75000 0.08431
8 7 1 75000 0.08027
8 7 1 75000 0.08091
8 7 1 75000 0.08091
8 7 1 75000 0.08058
8 7 1 75000 0.08033
8 7 1 75000 0.08166
8 7 1 75000 0.08162
8 7 1 75000 0.08199
8 7 1 75000 0.08193
8 7 1 75000 0.08064
8 7 1 75000 0.07957
8 7 1 50000 0.06041
8 7 1 50000 0.06114
8 7 1 50000 0.06042
8 7 1 50000 0.06231
8 7 1 50000 0.06052
8 7 1 50000 0.0603
8 7 1 50000 0.06194
8 7 1 50000 0.06071
8 7 1 50000 0.06137
8 7 1 50000 0.06143
8 7 1 50000 0.05927
8 7 1 50000 0.06048
8 7 1 50000 0.06243
8 7 1 35000 0.04379
8 7 1 35000 0.04249
8 7 1 35000 0.04327
8 7 1 35000 0.04416
8 7 1 35000 0.04447
8 7 1 35000 0.04349
8 7 1 35000 0.04424
8 7 1 35000 0.04304
8 7 1 35000 0.04408
8 7 1 35000 0.04169
8 7 1 35000 0.04493
8 7 1 35000 0.04302
8 7 1 35000 0.04279
8 7 1 25000 0.02669
8 7 1 25000 0.02959
8 7 1 25000 0.02817
8 7 1 25000 0.02923
8 7 1 25000 0.02842
8 7 1 25000 0.02871
8 7 1 25000 0.02845
8 7 1 25000 0.02717
8 7 1 25000 0.02917
8 7 1 25000 0.02832
8 7 1 25000 0.02888
8 7 1 25000 0.02902
8 7 1 15000 0.01821
8 7 1 15000 0.0183
8 7 1 15000 0.01789
8 7 1 15000 0.01845
8 7 1 15000 0.01815
8 7 1 15000 0.01814
8 7 1 15000 0.01738
8 7 1 15000 0.01795
8 7 1 15000 0.01822
8 7 1 15000 0.01788
8 7 1 15000 0.01766
8 7 1 15000 0.01825
8 7 1 15000 0.01828
8 7 1 10000 0.01337
8 7 1 10000 0.01291
8 7 1 10000 0.01323
8 7 1 10000 0.01299
8 7 1 10000 0.01304
8 7 1 10000 0.01329
8 7 1 10000 0.01312
8 7 1 10000 0.01288
8 7 1 10000 0.01287
8 7 1 10000 0.01319
8 7 1 10000 0.01309
8 7 1 10000 0.01311
8 7 2 113512 0.1136
8 7 2 113381 0.112
8 7 2 113353 0.1136
8 7 2 111320 0.1114
8 7 2 109388 0.108
8 7 2 108126 0.1103
8 7 2 105231 0.106
8 7 2 103903 0.1005
8 7 2 103540 0.108
8 7 2 102352 0.1045
8 7 2 101165 0.1023
8 7 2 97773 0.09956
8 7 2 94749 0.0992
8 7 2 94723 0.0988
8 7 2 94563 0.09875
8 7 2 93319 0.0964
8 7 2 92927 0.09014
8 7 2 91589 0.0982
8 7 2 90991 0.09604
8 7 2 89525 0.0934
8 7 2 88672 0.09369
8 7 2 87776 0.09109
8 7 2 86348 0.09217
8 7 2 84722 0.09133
8 7 2 83357 0.08897
8 7 2 82557 0.08673
8 7 2 82533 0.08926
8 7 2 82470 0.08956
8 7 2 80957 0.08599
8 7 2 80869 0.0872
8 7 2 80506 0.0874
8 7 2 79367 0.08548
8 7 2 79179 0.08564
8 7 2 78198 0.08451
8 7 2 76682 0.08278
8 7 2 75328 0.08069
8 7 2 71472 0.07846
8 7 2 53392 0.06587
8 7 2 53383 0.06523
8 7 2 53375 0.06385
8 7 2 53363 0.06288
8 7 2 53350 0.06638
8 7 2 53300 0.06451
8 7 2 53262 0.06379
8 7 2 53078 0.06518
8 7 2 52787 0.06406
8 7 2 52199 0.06349
8 7 2 51825 0.06121
8 7 2 51020 0.06257
8 7 2 49839 0.05906
8 7 2 36662 0.04495
8 7 2 36662 0.04513
8 7 2 36657 0.04389
8 7 2 36650 0.04418
8 7 2 36640 0.04457
8 7 2 36630 0.04344
8 7 2 36507 0.04526
8 7 2 35924 0.04374
8 7 2 35087 0.04238
8 7 2 34618 0.0412
8 7 2 34387 0.0403
8 7 2 34174 0.04172
8 7 2 33489 0.03949
8 7 2 25840 0.02945
8 7 2 25837 0.02872
8 7 2 25829 0.03007
8 7 2 25826 0.03134
8 7 2 25824 0.02958
8 7 2 25785 0.02875
8 7 2 25596 0.02964
8 7 2 25508 0.03012
8 7 2 25412 0.03005
8 7 2 25188 0.03002
8 7 2 25146 0.02882
8 7 2 24633 0.02846
8 7 2 15304 0.01738
8 7 2 15304 0.01725
8 7 2 15303 0.01795
8 7 2 15302 0.01916
8 7 2 15300 0.01904
8 7 2 15299 0.01773
8 7 2 15282 0.01811
8 7 2 15279 0.01789
8 7 2 15150 0.0182
8 7 2 15027 0.01781
8 7 2 14981 0.01787
8 7 2 14786 0.01705
8 7 2 14710 0.01793
8 7 2 10134 0.01262
8 7 2 10134 0.01354
8 7 2 10133 0.01285
8 7 2 10133 0.01298
8 7 2 10131 0.01352
8 7 2 10126 0.01333
8 7 2 10121 0.01313
8 7 2 10098 0.01274
8 7 2 10077 0.01342
8 7 2 10022 0.01335
8 7 2 9999 0.0129
8 7 2 9866 0.0128
8 7 3 128711 0.1851
8 7 3 120380 0.1166
8 7 3 117854 0.1177
8 7 3 117126 0.1182
8 7 3 115124 0.1123
8 7 3 114493 0.1146
8 7 3 113683 0.1128
8 7 3 112059 0.1142
8 7 3 110393 0.1103
8 7 3 109368 0.1084
8 7 3 107677 0.1098
8 7 3 105057 0.106
8 7 3 103844 0.1069
8 7 3 102607 0.1064
8 7 3 99948 0.1044
8 7 3 98178 0.1016
8 7 3 96067 0.09739
8 7 3 93416 0.09892
8 7 3 92847 0.09688
8 7 3 90924 0.09645
8 7 3 90871 0.09542
8 7 3 89855 0.08887
8 7 3 89185 0.09149
8 7 3 88651 0.095
8 7 3 88375 0.09471
8 7 3 86246 0.09001
8 7 3 85976 0.0929
8 7 3 85481 0.08968
8 7 3 83830 0.0896
8 7 3 83649 0.08912
8 7 3 83051 0.08882
8 7 3 83033 0.08887
8 7 3 81564 0.08616
8 7 3 78726 0.08533
8 7 3 78494 0.08431
8 7 3 76965 0.08506
8 7 3 75415 0.08323
8 7 3 56993 0.0685
8 7 3 56954 0.06961
8 7 3 56748 0.0672
8 7 3 56050 0.06699
8 7 3 55602 0.06831
8 7 3 54888 0.06555
8 7 3 54623 0.06407
8 7 3 54153 0.06542
8 7 3 53613 0.06631
8 7 3 53264 0.06539
8 7 3 53036 0.06543
8 7 3 53000 0.06508
8 7 3 51664 0.06309
8 7 3 38411 0.04651
8 7 3 38389 0.04743
8 7 3 38365 0.04687
8 7 3 38348 0.0452
8 7 3 37619 0.04559
8 7 3 37407 0.04253
8 7 3 36874 0.0438
8 7 3 36731 0.0455
8 7 3 36567 0.04358
8 7 3 35987 0.04365
8 7 3 35866 0.0428
8 7 3 33865 0.04181
8 7 3 32746 0.03722
8 7 3 26686 0.03094
8 7 3 26605 0.02957
8 7 3 26454 0.0302
8 7 3 26270 0.03006
8 7 3 25814 0.02961
8 7 3 25479 0.02931
8 7 3 25354 0.03005
8 7 3 25263 0.02825
8 7 3 25178 0.02959
8 7 3 25097 0.02979
8 7 3 24892 0.02866
8 7 3 24500 0.02902
8 7 3 15612 0.01889
8 7 3 15610 0.01933
8 7 3 15606 0.01926
8 7 3 15602 0.01761
8 7 3 15503 0.01915
8 7 3 15346 0.01924
8 7 3 15319 0.01849
8 7 3 15209 0.01912
8 7 3 15193 0.01797
8 7 3 15109 0.01774
8 7 3 14792 0.01823
8 7 3 14666 0.01805
8 7 3 10272 0.01365
8 7 3 10269 0.01375
8 7 3 10265 0.01355
8 7 3 10248 0.01382
8 7 3 10225 0.01367
8 7 3 10209 0.01342
8 7 3 10179 0.01328
8 7 3 10154 0.01351
8 7 3 10145 0.01364
8 7 3 10140 0.01355
8 7 3 10134 0.01387
8 7 3 10083 0.01336
8 7 3 9989 0.01331
8 7 4 136687 0.1796
8 7 4 131276 0.1773
8 7 4 129874 0.1849
8 7 4 128472 0.1809
8 7 4 126795 0.179
8 7 4 123617 0.1866
8 7 4 123557 0.1807
8 7 4 117376 0.1152
8 7 4 116768 0.1156
8 7 4 116468 0.1166
8 7 4 114291 0.1121
8 7 4 112040 0.1089
8 7 4 109652 0.107
8 7 4 108322 0.1101
8 7 4 104861 0.1096
8 7 4 104700 0.1068
8 7 4 100828 0.1037
8 7 4 99375 0.1029
8 7 4 97392 0.1001
8 7 4 97270 0.1004
8 7 4 96610 0.1003
8 7 4 95874 0.09723
8 7 4 95550 0.09941
8 7 4 93540 0.09579
8 7 4 92254 0.09653
8 7 4 91537 0.09829
8 7 4 91417 0.09832
8 7 4 90057 0.09447
8 7 4 87897 0.09229
8 7 4 86754 0.09251
8 7 4 85685 0.08916
8 7 4 85674 0.09294
8 7 4 83525 0.08871
8 7 4 81441 0.08947
8 7 4 80057 0.08637
8 7 4 73587 0.08088
8 7 4 71874 0.07942
8 7 4 60773 0.07265
8 7 4 59561 0.07057
8 7 4 59106 0.06927
8 7 4 58611 0.06814
8 7 4 57492 0.06664
8 7 4 56722 0.06844
8 7 4 56352 0.06796
8 7 4 55464 0.06535
8 7 4 54753 0.06651
8 7 4 53720 0.06628
8 7 4 52865 0.06486
8 7 4 51872 0.06247
8 7 4 50891 0.06304
8 7 4 40168 0.04762
8 7 4 39650 0.04815
8 7 4 39421 0.0456
8 7 4 38717 0.04716
8 7 4 38472 0.04749
8 7 4 38368 0.04692
8 7 4 38285 0.04712
8 7 4 37693 0.04493
8 7 4 37374 0.04413
8 7 4 36727 0.04471
8 7 4 35269 0.04312
8 7 4 34185 0.04273
8 7 4 32072 0.03574
8 7 4 27510 0.03154
8 7 4 27161 0.03134
8 7 4 26338 0.02938
8 7 4 26191 0.0295
8 7 4 26077 0.02957
8 7 4 26015 0.03014
8 7 4 25853 0.03022
8 7 4 25728 0.02991
8 7 4 25577 0.03042
8 7 4 25099 0.02937
8 7 4 24748 0.02946
8 7 4 23896 0.02716
8 7 4 15918 0.01965
8 7 4 15894 0.01813
8 7 4 15710 0.01928
8 7 4 15677 0.01901
8 7 4 15633 0.02007
8 7 4 15590 0.01794
8 7 4 15527 0.01912
8 7 4 15513 0.01906
8 7 4 15258 0.01756
8 7 4 14888 0.01809
8 7 4 14877 0.0189
8 7 4 14556 0.01874
8 7 4 10404 0.01429
8 7 4 10393 0.01365
8 7 4 10342 0.01406
8 7 4 10308 0.01359
8 7 4 10288 0.01368
8 7 4 10276 0.0136
8 7 4 10261 0.01402
8 7 4 10217 0.01384
8 7 4 10193 0.01396
8 7 4 10133 0.01378
8 7 4 10112 0.0135
8 7 4 10061 0.0134
8 7 4 10045 0.01337
8 7 5 149161 0.19
8 7 5 142113 0.1899
8 7 5 139018 0.1883
8 7 5 135030 0.186
8 7 5 133284 0.1819
8 7 5 133266 0.1841
8 7 5 130163 0.1846
8 7 5 125436 0.1793
8 7 5 125324 0.1752
8 7 5 119782 0.1187
8 7 5 117850 0.1158
8 7 5 117484 0.1174
8 7 5 115107 0.1122
8 7 5 113596 0.1124
8 7 5 113125 0.1187
8 7 5 111341 0.1091
8 7 5 107481 0.1089
8 7 5 106939 0.1097
8 7 5 104607 0.1017
8 7 5 101814 0.1038
8 7 5 100806 0.1024
8 7 5 100651 0.1018
8 7 5 98404 0.1017
8 7 5 97880 0.09918
8 7 5 96854 0.09994
8 7 5 96791 0.1019
8 7 5 94900 0.09845
8 7 5 94195 0.09872
8 7 5 92315 0.09826
8 7 5 91275 0.0947
8 7 5 91059 0.09563
8 7 5 89686 0.0943
8 7 5 87255 0.0919
8 7 5 87177 0.09096
8 7 5 81892 0.0866
8 7 5 80985 0.08581
8 7 5 73830 0.08247
8 7 5 70122 0.07937
8 7 5 61380 0.07426
8 7 5 60810 0.07168
8 7 5 60228 0.07207
8 7 5 59189 0.06781
8 7 5 58441 0.06974
8 7 5 57501 0.06808
8 7 5 57324 0.06714
8 7 5 55722 0.06521
8 7 5 55382 0.06655
8 7 5 53195 0.06185
8 7 5 52429 0.05999
8 7 5 50351 0.05997
8 7 5 41513 0.05095
8 7 5 40825 0.04793
8 7 5 40561 0.04884
8 7 5 40094 0.04727
8 7 5 39967 0.04741
8 7 5 39709 0.048
8 7 5 39267 0.04714
8 7 5 39142 0.04675
8 7 5 38440 0.04543
8 7 5 36311 0.04532
8 7 5 34884 0.04229
8 7 5 33563 0.04138
8 7 5 32559 0.03811
8 7 5 28031 0.03181
8 7 5 27722 0.03137
8 7 5 26980 0.03024
8 7 5 26760 0.02982
8 7 5 26632 0.03018
8 7 5 26441 0.02975
8 7 5 25998 0.02806
8 7 5 25886 0.02908
8 7 5 25742 0.0294
8 7 5 25206 0.02919
8 7 5 24702 0.02852
8 7 5 24463 0.02781
8 7 5 16124 0.01887
8 7 5 16019 0.01918
8 7 5 15947 0.01929
8 7 5 15928 0.01901
8 7 5 15894 0.01906
8 7 5 15822 0.01965
8 7 5 15788 0.01918
8 7 5 15679 0.01916
8 7 5 15200 0.0183
8 7 5 15056 0.01839
8 7 5 14844 0.01776
8 7 5 14744 0.01863
8 7 5 10474 0.0133
8 7 5 10454 0.0142
8 7 5 10414 0.01372
8 7 5 10400 0.01375
8 7 5 10390 0.01382
8 7 5 10354 0.01392
8 7 5 10322 0.01426
8 7 5 10285 0.01354
8 7 5 10259 0.01355
8 7 5 10249 0.01376
8 7 5 10152 0.01313
8 7 5 10100 0.01302
8 7 5 10071 0.01282
