16 12 1 100000 0.1467
16 12 1 100000 0.1479
16 12 1 100000 0.1416
16 12 1 100000 0.1415
16 12 1 100000 0.1429
16 12 1 100000 0.1404
16 12 1 85000 0.1191
16 12 1 85000 0.1219
16 12 1 85000 0.1196
16 12 1 85000 0.1199
16 12 1 85000 0.1185
16 12 1 85000 0.1226
16 12 1 75000 0.107
16 12 1 75000 0.1039
16 12 1 75000 0.1095
16 12 1 75000 0.1057
16 12 1 75000 0.1048
16 12 1 75000 0.1052
16 12 1 75000 0.1083
16 12 1 50000 0.07076
16 12 1 50000 0.06914
16 12 1 50000 0.07305
16 12 1 50000 0.06819
16 12 1 50000 0.06989
16 12 1 35000 0.04935
16 12 1 35000 0.04943
16 12 1 35000 0.05088
16 12 1 35000 0.05232
16 12 1 35000 0.04927
16 12 1 35000 0.04902
16 12 1 35000 0.04864
16 12 1 25000 0.02898
16 12 1 25000 0.03084
16 12 1 25000 0.02927
16 12 1 25000 0.02917
16 12 1 25000 0.03001
16 12 1 25000 0.02942
16 12 1 15000 0.01919
16 12 1 15000 0.0186
16 12 1 15000 0.01908
16 12 1 15000 0.01895
16 12 1 15000 0.01826
16 12 1 15000 0.01788
16 12 1 15000 0.0182
16 12 1 10000 0.01329
16 12 1 10000 0.01266
16 12 1 10000 0.01324
16 12 1 10000 0.01306
16 12 1 10000 0.01326
16 12 1 10000 0.01348
16 12 2 113094 0.1507
16 12 2 112967 0.1469
16 12 2 112669 0.1489
16 12 2 112151 0.1449
16 12 2 112044 0.1473
16 12 2 110242 0.1461
16 12 2 94275 0.1302
16 12 2 94129 0.1257
16 12 2 94038 0.1257
16 12 2 93646 0.1255
16 12 2 93153 0.124
16 12 2 89624 0.1197
16 12 2 82512 0.1132
16 12 2 82360 0.1145
16 12 2 82177 0.1125
16 12 2 82157 0.1135
16 12 2 82028 0.1103
16 12 2 80998 0.1144
16 12 2 78262 0.1101
16 12 2 53318 0.0802
16 12 2 53268 0.07965
16 12 2 53232 0.07836
16 12 2 53213 0.07704
16 12 2 53127 0.07886
16 12 2 36662 0.05178
16 12 2 36625 0.05327
16 12 2 36600 0.05242
16 12 2 36586 0.05087
16 12 2 36552 0.04246
16 12 2 36517 0.04329
16 12 2 35759 0.04237
16 12 2 25820 0.02925
16 12 2 25815 0.02742
16 12 2 25790 0.02774
16 12 2 25751 0.02764
16 12 2 25738 0.02795
16 12 2 24688 0.02717
16 12 2 15302 0.01702
16 12 2 15300 0.01783
16 12 2 15294 0.01748
16 12 2 15291 0.01775
16 12 2 15282 0.01762
16 12 2 15265 0.01754
16 12 2 14891 0.01786
16 12 2 10134 0.01292
16 12 2 10132 0.01327
16 12 2 10130 0.01254
16 12 2 10130 0.01233
16 12 2 10129 0.01283
16 12 2 10125 0.01262
16 12 3 127654 0.1742
16 12 3 127289 0.2276
16 12 3 126992 0.2194
16 12 3 126453 0.2235
16 12 3 124471 0.1918
16 12 3 119995 0.1157
16 12 3 104776 0.1051
16 12 3 104245 0.1047
16 12 3 104093 0.1031
16 12 3 103565 0.1034
16 12 3 102952 0.1023
16 12 3 99247 0.09635
16 12 3 90466 0.09019
16 12 3 90266 0.1269
16 12 3 90102 0.1266
16 12 3 89731 0.1271
16 12 3 89220 0.126
16 12 3 88900 0.1232
16 12 3 56873 0.08225
16 12 3 56856 0.07855
16 12 3 56738 0.07332
16 12 3 56689 0.07376
16 12 3 56643 0.07384
16 12 3 56516 0.07111
16 12 3 56321 0.07257
16 12 3 38328 0.04746
16 12 3 38299 0.0453
16 12 3 38236 0.04661
16 12 3 38165 0.04669
16 12 3 38138 0.04651
16 12 3 37224 0.0451
16 12 3 26696 0.03086
16 12 3 26670 0.02733
16 12 3 26642 0.02993
16 12 3 26616 0.0301
16 12 3 26569 0.02931
16 12 3 26352 0.03
16 12 3 15603 0.01866
16 12 3 15595 0.01945
16 12 3 15593 0.01832
16 12 3 15579 0.01902
16 12 3 15568 0.017
16 12 3 15554 0.01853
16 12 3 15490 0.01893
16 12 3 10268 0.01347
16 12 3 10264 0.01373
16 12 3 10263 0.0135
16 12 3 10260 0.01403
16 12 3 10258 0.0129
16 12 3 10257 0.01366
16 12 4 143371 0.2335
16 12 4 143108 0.2334
16 12 4 142546 0.2286
16 12 4 142322 0.2333
16 12 4 139790 0.2257
16 12 4 127327 0.1963
16 12 4 127327 0.1863
16 12 4 115091 0.1441
16 12 4 114648 0.1432
16 12 4 114321 0.1419
16 12 4 112177 0.1355
16 12 4 108050 0.1401
16 12 4 98713 0.128
16 12 4 98673 0.1167
16 12 4 98336 0.1214
16 12 4 98104 0.1214
16 12 4 97385 0.122
16 12 4 96198 0.1079
16 12 4 79534 0.08456
16 12 4 60306 0.07043
16 12 4 60258 0.06852
16 12 4 60134 0.06769
16 12 4 60084 0.06796
16 12 4 59572 0.06731
16 12 4 56289 0.06341
16 12 4 40013 0.04553
16 12 4 39928 0.04633
16 12 4 39852 0.04651
16 12 4 39815 0.0459
16 12 4 39081 0.04592
16 12 4 37502 0.04155
16 12 4 27544 0.02927
16 12 4 27491 0.03023
16 12 4 27436 0.03009
16 12 4 27412 0.02974
16 12 4 27377 0.02952
16 12 4 26251 0.02755
16 12 4 15899 0.01909
16 12 4 15889 0.01878
16 12 4 15877 0.01723
16 12 4 15868 0.01854
16 12 4 15853 0.01836
16 12 4 15745 0.01794
16 12 4 10399 0.01278
16 12 4 10397 0.01351
16 12 4 10394 0.01336
16 12 4 10389 0.01287
16 12 4 10388 0.01327
16 12 4 10385 0.0129
16 12 4 10382 0.01305
16 12 5 160359 0.2472
16 12 5 160359 0.2459
16 12 5 158931 0.2388
16 12 5 152470 0.2266
16 12 5 150268 0.2072
16 12 5 148201 0.2128
16 12 5 129194 0.1952
16 12 5 126789 0.1983
16 12 5 125533 0.193
16 12 5 122770 0.138
16 12 5 121029 0.1301
16 12 5 115190 0.1412
16 12 5 115148 0.1423
16 12 5 107433 0.1313
16 12 5 107280 0.1334
16 12 5 105727 0.1253
16 12 5 104052 0.1347
16 12 5 103482 0.1437
16 12 5 64262 0.0813
16 12 5 64151 0.07061
16 12 5 63975 0.07245
16 12 5 63854 0.06897
16 12 5 63295 0.0675
16 12 5 62959 0.07003
16 12 5 59955 0.06867
16 12 5 41903 0.04714
16 12 5 41752 0.04899
16 12 5 41666 0.04713
16 12 5 41565 0.0483
16 12 5 41020 0.04648
16 12 5 39322 0.04404
16 12 5 28473 0.0303
16 12 5 28367 0.02991
16 12 5 28325 0.03025
16 12 5 28275 0.02986
16 12 5 28177 0.03021
16 12 5 27547 0.02866
16 12 5 27104 0.02822
16 12 5 16200 0.01799
16 12 5 16188 0.01853
16 12 5 16169 0.01804
16 12 5 16152 0.01893
16 12 5 16099 0.01843
16 12 5 15688 0.01845
16 12 5 10529 0.01354
16 12 5 10527 0.01348
16 12 5 10523 0.0135
16 12 5 10515 0.01316
16 12 5 10513 0.0133
16 12 5 10499 0.01306
