16 13 1 100000 0.1372
16 13 1 100000 0.1309
16 13 1 100000 0.1318
16 13 1 100000 0.1346
16 13 1 100000 0.1342
16 13 1 100000 0.1361
16 13 1 100000 0.1381
16 13 1 85000 0.1186
16 13 1 85000 0.121
16 13 1 85000 0.1203
16 13 1 85000 0.1183
16 13 1 85000 0.0947
16 13 1 75000 0.08428
16 13 1 75000 0.0813
16 13 1 75000 0.08099
16 13 1 75000 0.08429
16 13 1 75000 0.09147
16 13 1 75000 0.08709
16 13 1 75000 0.0876
16 13 1 50000 0.06028
16 13 1 50000 0.05797
16 13 1 50000 0.07408
16 13 1 50000 0.07665
16 13 1 50000 0.07527
16 13 1 50000 0.077
16 13 1 35000 0.05179
16 13 1 35000 0.05145
16 13 1 35000 0.05165
16 13 1 35000 0.05373
16 13 1 35000 0.05244
16 13 1 35000 0.05291
16 13 1 35000 0.05257
16 13 1 25000 0.03123
16 13 1 25000 0.03375
16 13 1 25000 0.03162
16 13 1 25000 0.03099
16 13 1 25000 0.03129
16 13 1 25000 0.03203
16 13 1 15000 0.01856
16 13 1 15000 0.01967
16 13 1 15000 0.01971
16 13 1 15000 0.01989
16 13 1 15000 0.01978
16 13 1 10000 0.0134
16 13 1 10000 0.01376
16 13 1 10000 0.01291
16 13 1 10000 0.01416
16 13 1 10000 0.01349
16 13 1 10000 0.01357
16 13 1 10000 0.01461
16 13 2 113369 0.1564
16 13 2 112190 0.1569
16 13 2 111856 0.1539
16 13 2 106104 0.1484
16 13 2 104937 0.147
16 13 2 102481 0.1408
16 13 2 94358 0.1321
16 13 2 93817 0.1346
16 13 2 92759 0.1337
16 13 2 92073 0.1316
16 13 2 90205 0.1285
16 13 2 85629 0.1252
16 13 2 82631 0.1222
16 13 2 82567 0.1164
16 13 2 82527 0.08584
16 13 2 82267 0.09151
16 13 2 81671 0.09002
16 13 2 76961 0.08346
16 13 2 76614 0.08642
16 13 2 53372 0.06357
16 13 2 53344 0.06747
16 13 2 53228 0.06354
16 13 2 52969 0.06404
16 13 2 51507 0.06396
16 13 2 48133 0.05963
16 13 2 47272 0.05966
16 13 2 36639 0.04468
16 13 2 36570 0.04691
16 13 2 36263 0.04409
16 13 2 35087 0.04406
16 13 2 34776 0.04284
16 13 2 25843 0.02969
16 13 2 25825 0.02928
16 13 2 25810 0.02797
16 13 2 25656 0.02973
16 13 2 25272 0.03013
16 13 2 25046 0.02967
16 13 2 15304 0.01834
16 13 2 15303 0.01888
16 13 2 15301 0.0177
16 13 2 15295 0.01897
16 13 2 15285 0.01904
16 13 2 15220 0.01805
16 13 2 14971 0.01859
16 13 2 10135 0.01302
16 13 2 10134 0.01334
16 13 2 10133 0.01334
16 13 2 10129 0.01259
16 13 2 10097 0.01336
16 13 2 10006 0.01286
16 13 3 128507 0.1904
16 13 3 123910 0.1918
16 13 3 119061 0.1327
16 13 3 115846 0.1188
16 13 3 110849 0.1147
16 13 3 109288 0.1131
16 13 3 101928 0.1095
16 13 3 100286 0.1429
16 13 3 97516 0.1456
16 13 3 97286 0.1442
16 13 3 91142 0.1362
16 13 3 90882 0.1352
16 13 3 89963 0.134
16 13 3 89380 0.1342
16 13 3 88891 0.1333
16 13 3 83029 0.1264
16 13 3 81240 0.1251
16 13 3 80161 0.1227
16 13 3 78411 0.1177
16 13 3 56791 0.08808
16 13 3 56404 0.08412
16 13 3 55650 0.0865
16 13 3 55413 0.0861
16 13 3 52042 0.0817
16 13 3 51738 0.07851
16 13 3 38371 0.05809
16 13 3 38280 0.05483
16 13 3 38199 0.05543
16 13 3 37296 0.05492
16 13 3 36353 0.05404
16 13 3 35467 0.05048
16 13 3 34806 0.04988
16 13 3 26640 0.03298
16 13 3 26324 0.03182
16 13 3 26085 0.03249
16 13 3 25130 0.03143
16 13 3 24996 0.03216
16 13 3 23440 0.02967
16 13 3 15588 0.0203
16 13 3 15573 0.01973
16 13 3 15515 0.01972
16 13 3 15228 0.02027
16 13 3 15121 0.01981
16 13 3 10272 0.01364
16 13 3 10267 0.01441
16 13 3 10254 0.01496
16 13 3 10221 0.01364
16 13 3 10160 0.01476
16 13 3 10020 0.0139
16 13 3 9977 0.01401
16 13 4 136255 0.2333
16 13 4 127293 0.2389
16 13 4 125378 0.2284
16 13 4 118970 0.1645
16 13 4 115999 0.1444
16 13 4 109705 0.159
16 13 4 107140 0.156
16 13 4 105832 0.1398
16 13 4 100317 0.1147
16 13 4 99297 0.1045
16 13 4 94486 0.1019
16 13 4 94449 0.1143
16 13 4 90629 0.09857
16 13 4 89523 0.09662
16 13 4 88382 0.1058
16 13 4 84688 0.09409
16 13 4 84135 0.09493
16 13 4 78359 0.0876
16 13 4 78025 0.08813
16 13 4 59575 0.06966
16 13 4 58110 0.06796
16 13 4 56120 0.06911
16 13 4 54964 0.06451
16 13 4 53104 0.06513
16 13 4 49972 0.06143
16 13 4 39883 0.04757
16 13 4 39814 0.04798
16 13 4 39419 0.04837
16 13 4 37177 0.04591
16 13 4 36368 0.04387
16 13 4 35656 0.04791
16 13 4 27615 0.03307
16 13 4 27418 0.03086
16 13 4 26985 0.03177
16 13 4 26346 0.02799
16 13 4 25677 0.03064
16 13 4 24952 0.03027
16 13 4 24342 0.0261
16 13 4 15853 0.01917
16 13 4 15715 0.01937
16 13 4 15492 0.01996
16 13 4 15390 0.01963
16 13 4 15222 0.01893
16 13 4 14948 0.01886
16 13 4 10362 0.01387
16 13 4 10334 0.01336
16 13 4 10263 0.0139
16 13 4 10134 0.01369
16 13 4 10062 0.01334
16 13 4 9912 0.01436
16 13 5 153620 0.2051
16 13 5 135837 0.1834
16 13 5 129921 0.1844
16 13 5 124213 0.1792
16 13 5 115462 0.1161
16 13 5 113906 0.115
16 13 5 108055 0.1122
16 13 5 106334 0.11
16 13 5 103643 0.1076
16 13 5 102956 0.1084
16 13 5 100788 0.1071
16 13 5 96945 0.1026
16 13 5 93322 0.1002
16 13 5 92278 0.09862
16 13 5 89539 0.09644
16 13 5 87106 0.09615
16 13 5 85957 0.09615
16 13 5 81339 0.09262
16 13 5 64010 0.08695
16 13 5 63382 0.08324
16 13 5 59621 0.07691
16 13 5 58422 0.07676
16 13 5 57192 0.07699
16 13 5 55267 0.07399
16 13 5 53196 0.07319
16 13 5 46157 0.06175
16 13 5 40623 0.04886
16 13 5 39495 0.04964
16 13 5 38098 0.04984
16 13 5 36587 0.04654
16 13 5 34753 0.04544
16 13 5 33747 0.0464
16 13 5 27144 0.03293
16 13 5 26653 0.03079
16 13 5 26320 0.02857
16 13 5 25768 0.02937
16 13 5 24393 0.03014
16 13 5 16209 0.02108
16 13 5 15855 0.02039
16 13 5 15801 0.01938
16 13 5 15682 0.02089
16 13 5 15460 0.01911
16 13 5 15331 0.02007
16 13 5 15109 0.01999
16 13 5 10442 0.01468
16 13 5 10355 0.01471
16 13 5 10317 0.01525
16 13 5 10224 0.01349
16 13 5 10164 0.01365
16 13 5 10019 0.01313
