2 1 1 100000 0.157
2 1 1 100000 0.1433
2 1 1 100000 0.1063
2 1 1 100000 0.108
2 1 1 100000 0.1079
2 1 1 100000 0.1047
2 1 1 100000 0.1081
2 1 1 100000 0.1079
2 1 1 100000 0.108
2 1 1 100000 0.1052
2 1 1 100000 0.1077
2 1 1 100000 0.1074
2 1 1 100000 0.1064
2 1 1 100000 0.1078
2 1 1 100000 0.1069
2 1 1 100000 0.1068
2 1 1 100000 0.1036
2 1 1 100000 0.1055
2 1 1 100000 0.1037
2 1 1 100000 0.1073
2 1 1 100000 0.1046
2 1 1 100000 0.1035
2 1 1 100000 0.1069
2 1 1 100000 0.1042
2 1 1 100000 0.1053
2 1 1 100000 0.106
2 1 1 100000 0.1038
2 1 1 100000 0.1052
2 1 1 100000 0.1064
2 1 1 100000 0.1032
2 1 1 100000 0.1051
2 1 1 100000 0.1031
2 1 1 100000 0.1064
2 1 1 100000 0.1069
2 1 1 100000 0.107
2 1 1 100000 0.1072
2 1 1 100000 0.106
2 1 1 100000 0.109
2 1 1 100000 0.107
2 1 1 100000 0.1056
2 1 1 100000 0.1044
2 1 1 100000 0.107
2 1 1 100000 0.1074
2 1 1 100000 0.1059
2 1 1 100000 0.1113
2 1 1 100000 0.1059
2 1 1 100000 0.1068
2 1 1 100000 0.1086
2 1 1 100000 0.1052
2 1 1 100000 0.1079
2 1 1 85000 0.09402
2 1 1 85000 0.09441
2 1 1 85000 0.09163
2 1 1 85000 0.09391
2 1 1 85000 0.09443
2 1 1 85000 0.09509
2 1 1 85000 0.09427
2 1 1 85000 0.09394
2 1 1 85000 0.09382
2 1 1 85000 0.0928
2 1 1 85000 0.09606
2 1 1 85000 0.09328
2 1 1 85000 0.09507
2 1 1 85000 0.09675
2 1 1 85000 0.1076
2 1 1 85000 0.1103
2 1 1 85000 0.1047
2 1 1 85000 0.1099
2 1 1 85000 0.1103
2 1 1 85000 0.1109
2 1 1 85000 0.112
2 1 1 85000 0.1116
2 1 1 85000 0.113
2 1 1 85000 0.1116
2 1 1 85000 0.112
2 1 1 85000 0.1119
2 1 1 85000 0.1101
2 1 1 85000 0.1087
2 1 1 85000 0.1135
2 1 1 85000 0.1116
2 1 1 85000 0.1122
2 1 1 85000 0.1144
2 1 1 85000 0.1129
2 1 1 85000 0.113
2 1 1 85000 0.1119
2 1 1 85000 0.1136
2 1 1 85000 0.1126
2 1 1 85000 0.1131
2 1 1 85000 0.1148
2 1 1 85000 0.1284
2 1 1 85000 0.1325
2 1 1 85000 0.1319
2 1 1 85000 0.1318
2 1 1 85000 0.1337
2 1 1 85000 0.132
2 1 1 85000 0.1318
2 1 1 85000 0.1328
2 1 1 85000 0.1333
2 1 1 85000 0.1316
2 1 1 85000 0.1315
2 1 1 75000 0.1185
2 1 1 75000 0.1154
2 1 1 75000 0.1176
2 1 1 75000 0.1157
2 1 1 75000 0.1168
2 1 1 75000 0.1172
2 1 1 75000 0.1092
2 1 1 75000 0.1051
2 1 1 75000 0.1035
2 1 1 75000 0.105
2 1 1 75000 0.1052
2 1 1 75000 0.1044
2 1 1 75000 0.1044
2 1 1 75000 0.1152
2 1 1 75000 0.1048
2 1 1 75000 0.1004
2 1 1 75000 0.1003
2 1 1 75000 0.09816
2 1 1 75000 0.101
2 1 1 75000 0.09806
2 1 1 75000 0.09848
2 1 1 75000 0.09876
2 1 1 75000 0.1006
2 1 1 75000 0.09988
2 1 1 75000 0.102
2 1 1 75000 0.1007
2 1 1 75000 0.09841
2 1 1 75000 0.0981
2 1 1 75000 0.099
2 1 1 75000 0.09853
2 1 1 75000 0.09956
2 1 1 75000 0.1011
2 1 1 75000 0.09814
2 1 1 75000 0.1013
2 1 1 75000 0.1017
2 1 1 75000 0.1029
2 1 1 75000 0.1013
2 1 1 75000 0.1018
2 1 1 75000 0.1009
2 1 1 75000 0.1015
2 1 1 75000 0.1008
2 1 1 75000 0.102
2 1 1 75000 0.1022
2 1 1 75000 0.1031
2 1 1 75000 0.09862
2 1 1 75000 0.09929
2 1 1 75000 0.1013
2 1 1 75000 0.1013
2 1 1 75000 0.1022
2 1 1 75000 0.1015
2 1 1 50000 0.07045
2 1 1 50000 0.06999
2 1 1 50000 0.07052
2 1 1 50000 0.06973
2 1 1 50000 0.0699
2 1 1 50000 0.06965
2 1 1 50000 0.06878
2 1 1 50000 0.07136
2 1 1 50000 0.0702
2 1 1 50000 0.0676
2 1 1 50000 0.07033
2 1 1 50000 0.07145
2 1 1 50000 0.06799
2 1 1 50000 0.06961
2 1 1 50000 0.06879
2 1 1 50000 0.06959
2 1 1 50000 0.068
2 1 1 50000 0.0675
2 1 1 50000 0.06825
2 1 1 50000 0.0677
2 1 1 50000 0.0688
2 1 1 50000 0.06734
2 1 1 50000 0.06692
2 1 1 50000 0.06735
2 1 1 50000 0.06851
2 1 1 50000 0.06115
2 1 1 50000 0.05802
2 1 1 50000 0.06038
2 1 1 50000 0.05773
2 1 1 50000 0.05933
2 1 1 50000 0.06067
2 1 1 50000 0.05948
2 1 1 50000 0.05875
2 1 1 50000 0.06315
2 1 1 50000 0.05955
2 1 1 50000 0.06252
2 1 1 50000 0.06358
2 1 1 50000 0.06048
2 1 1 50000 0.06285
2 1 1 50000 0.06263
2 1 1 50000 0.06214
2 1 1 50000 0.06095
2 1 1 50000 0.06235
2 1 1 50000 0.06257
2 1 1 50000 0.06147
2 1 1 50000 0.06362
2 1 1 50000 0.06127
2 1 1 50000 0.06013
2 1 1 50000 0.06167
2 1 1 50000 0.06272
2 1 1 35000 0.04293
2 1 1 35000 0.04426
2 1 1 35000 0.04504
2 1 1 35000 0.04427
2 1 1 35000 0.04474
2 1 1 35000 0.04517
2 1 1 35000 0.0445
2 1 1 35000 0.04296
2 1 1 35000 0.04444
2 1 1 35000 0.04484
2 1 1 35000 0.04282
2 1 1 35000 0.04349
2 1 1 35000 0.04359
2 1 1 35000 0.04387
2 1 1 35000 0.04183
2 1 1 35000 0.04372
2 1 1 35000 0.04221
2 1 1 35000 0.04046
2 1 1 35000 0.0423
2 1 1 35000 0.04129
2 1 1 35000 0.04272
2 1 1 35000 0.04182
2 1 1 35000 0.04307
2 1 1 35000 0.04291
2 1 1 35000 0.04162
2 1 1 35000 0.0422
2 1 1 35000 0.04285
2 1 1 35000 0.04197
2 1 1 35000 0.04241
2 1 1 35000 0.04115
2 1 1 35000 0.04282
2 1 1 35000 0.04275
2 1 1 35000 0.04065
2 1 1 35000 0.04414
2 1 1 35000 0.04393
2 1 1 35000 0.04466
2 1 1 35000 0.04328
2 1 1 35000 0.04277
2 1 1 35000 0.04155
2 1 1 35000 0.0437
2 1 1 35000 0.04413
2 1 1 35000 0.0437
2 1 1 35000 0.04358
2 1 1 35000 0.0434
2 1 1 35000 0.04359
2 1 1 35000 0.04518
2 1 1 35000 0.04255
2 1 1 35000 0.04375
2 1 1 35000 0.04398
2 1 1 35000 0.04461
2 1 1 25000 0.027
2 1 1 25000 0.02829
2 1 1 25000 0.02884
2 1 1 25000 0.02885
2 1 1 25000 0.0287
2 1 1 25000 0.02914
2 1 1 25000 0.02819
2 1 1 25000 0.02712
2 1 1 25000 0.02942
2 1 1 25000 0.02768
2 1 1 25000 0.02851
2 1 1 25000 0.02985
2 1 1 25000 0.02862
2 1 1 25000 0.0285
2 1 1 25000 0.02927
2 1 1 25000 0.02955
2 1 1 25000 0.028
2 1 1 25000 0.02725
2 1 1 25000 0.02766
2 1 1 25000 0.02652
2 1 1 25000 0.02796
2 1 1 25000 0.02813
2 1 1 25000 0.02727
2 1 1 25000 0.02633
2 1 1 25000 0.02663
2 1 1 25000 0.02517
2 1 1 25000 0.02821
2 1 1 25000 0.0267
2 1 1 25000 0.02782
2 1 1 25000 0.02654
2 1 1 25000 0.02818
2 1 1 25000 0.0265
2 1 1 25000 0.0266
2 1 1 25000 0.02887
2 1 1 25000 0.02843
2 1 1 25000 0.0286
2 1 1 25000 0.02941
2 1 1 25000 0.02904
2 1 1 25000 0.02921
2 1 1 25000 0.02959
2 1 1 25000 0.02947
2 1 1 25000 0.02987
2 1 1 25000 0.02869
2 1 1 25000 0.02851
2 1 1 25000 0.02928
2 1 1 25000 0.03004
2 1 1 25000 0.02871
2 1 1 25000 0.02845
2 1 1 25000 0.0284
2 1 1 25000 0.02853
2 1 1 15000 0.01854
2 1 1 15000 0.0177
2 1 1 15000 0.01777
2 1 1 15000 0.01813
2 1 1 15000 0.01867
2 1 1 15000 0.01854
2 1 1 15000 0.01782
2 1 1 15000 0.01779
2 1 1 15000 0.01811
2 1 1 15000 0.01802
2 1 1 15000 0.01816
2 1 1 15000 0.01817
2 1 1 15000 0.01806
2 1 1 15000 0.01749
2 1 1 15000 0.01781
2 1 1 15000 0.0174
2 1 1 15000 0.01766
2 1 1 15000 0.01695
2 1 1 15000 0.01623
2 1 1 15000 0.01686
2 1 1 15000 0.01717
2 1 1 15000 0.01721
2 1 1 15000 0.01757
2 1 1 15000 0.01756
2 1 1 15000 0.01685
2 1 1 15000 0.01628
2 1 1 15000 0.01678
2 1 1 15000 0.01709
2 1 1 15000 0.01716
2 1 1 15000 0.01768
2 1 1 15000 0.01659
2 1 1 15000 0.01707
2 1 1 15000 0.01669
2 1 1 15000 0.01837
2 1 1 15000 0.01811
2 1 1 15000 0.01826
2 1 1 15000 0.01761
2 1 1 15000 0.01783
2 1 1 15000 0.01791
2 1 1 15000 0.0181
2 1 1 15000 0.01842
2 1 1 15000 0.01838
2 1 1 15000 0.01683
2 1 1 15000 0.01688
2 1 1 15000 0.01783
2 1 1 15000 0.01778
2 1 1 15000 0.01816
2 1 1 15000 0.01788
2 1 1 15000 0.01741
2 1 1 15000 0.01819
2 1 1 10000 0.01317
2 1 1 10000 0.01279
2 1 1 10000 0.01257
2 1 1 10000 0.01257
2 1 1 10000 0.01277
2 1 1 10000 0.01313
2 1 1 10000 0.01302
2 1 1 10000 0.01241
2 1 1 10000 0.0128
2 1 1 10000 0.01292
2 1 1 10000 0.01249
2 1 1 10000 0.01269
2 1 1 10000 0.0126
2 1 1 10000 0.013
2 1 1 10000 0.01297
2 1 1 10000 0.01262
2 1 1 10000 0.01181
2 1 1 10000 0.01215
2 1 1 10000 0.01207
2 1 1 10000 0.01218
2 1 1 10000 0.01178
2 1 1 10000 0.01236
2 1 1 10000 0.01253
2 1 1 10000 0.01246
2 1 1 10000 0.01163
2 1 1 10000 0.01234
2 1 1 10000 0.0116
2 1 1 10000 0.01198
2 1 1 10000 0.01253
2 1 1 10000 0.0124
2 1 1 10000 0.01178
2 1 1 10000 0.01238
2 1 1 10000 0.01215
2 1 1 10000 0.01267
2 1 1 10000 0.01329
2 1 1 10000 0.01258
2 1 1 10000 0.01312
2 1 1 10000 0.0131
2 1 1 10000 0.01303
2 1 1 10000 0.01246
2 1 1 10000 0.01278
2 1 1 10000 0.01266
2 1 1 10000 0.01266
2 1 1 10000 0.01315
2 1 1 10000 0.01259
2 1 1 10000 0.01218
2 1 1 10000 0.01267
2 1 1 10000 0.01302
2 1 1 10000 0.01294
2 1 1 10000 0.01231
2 1 2 113510 0.1182
2 1 2 113510 0.1188
2 1 2 113484 0.1178
2 1 2 113463 0.1205
2 1 2 113332 0.1187
2 1 2 113332 0.1187
2 1 2 113208 0.1146
2 1 2 113136 0.1174
2 1 2 113104 0.1172
2 1 2 113086 0.1144
2 1 2 113074 0.1173
2 1 2 112764 0.1143
2 1 2 112675 0.1138
2 1 2 112557 0.1148
2 1 2 112436 0.1193
2 1 2 112414 0.1153
2 1 2 112161 0.1149
2 1 2 112046 0.1138
2 1 2 112044 0.1157
2 1 2 111974 0.1142
2 1 2 111818 0.1133
2 1 2 111187 0.1167
2 1 2 110959 0.1445
2 1 2 109825 0.1475
2 1 2 109205 0.1439
2 1 2 109125 0.1237
2 1 2 108517 0.1111
2 1 2 108517 0.1111
2 1 2 107130 0.1124
2 1 2 107130 0.1119
2 1 2 105899 0.1106
2 1 2 105753 0.1129
2 1 2 103797 0.1101
2 1 2 103469 0.1072
2 1 2 103077 0.1095
2 1 2 103022 0.1103
2 1 2 102762 0.1116
2 1 2 102552 0.1097
2 1 2 101228 0.1086
2 1 2 101228 0.108
2 1 2 101151 0.1024
2 1 2 100176 0.1055
2 1 2 99412 0.1067
2 1 2 99089 0.1059
2 1 2 97953 0.105
2 1 2 97356 0.1058
2 1 2 95898 0.1045
2 1 2 94745 0.1027
2 1 2 94723 0.1052
2 1 2 94711 0.1025
2 1 2 94667 0.1046
2 1 2 94631 0.1037
2 1 2 94612 0.1014
2 1 2 94522 0.09936
2 1 2 94490 0.1002
2 1 2 94455 0.1002
2 1 2 94384 0.1034
2 1 2 94363 0.1013
2 1 2 94275 0.1018
2 1 2 94057 0.101
2 1 2 93973 0.1012
2 1 2 93931 0.09973
2 1 2 93849 0.1034
2 1 2 93845 0.09938
2 1 2 93750 0.09998
2 1 2 93647 0.09754
2 1 2 93616 0.1013
2 1 2 93389 0.09909
2 1 2 93103 0.09872
2 1 2 92961 0.1023
2 1 2 91579 0.1016
2 1 2 91579 0.102
2 1 2 91277 0.1014
2 1 2 91217 0.1002
2 1 2 90565 0.1012
2 1 2 90508 0.101
2 1 2 90077 0.09553
2 1 2 90077 0.09602
2 1 2 89595 0.09518
2 1 2 88881 0.09644
2 1 2 88432 0.09974
2 1 2 88423 0.09874
2 1 2 87951 0.09197
2 1 2 87531 0.09646
2 1 2 86177 0.096
2 1 2 86177 0.09559
2 1 2 85758 0.09416
2 1 2 85402 0.09558
2 1 2 85045 0.09373
2 1 2 84188 0.0957
2 1 2 83550 0.09251
2 1 2 83205 0.09374
2 1 2 82609 0.09283
2 1 2 82605 0.09246
2 1 2 82575 0.09156
2 1 2 82560 0.09286
2 1 2 82544 0.09259
2 1 2 82544 0.0924
2 1 2 82497 0.09261
2 1 2 82495 0.08672
2 1 2 82466 0.09016
2 1 2 82377 0.09071
2 1 2 82366 0.0937
2 1 2 82360 0.09096
2 1 2 82295 0.08977
2 1 2 82282 0.09105
2 1 2 82245 0.09041
2 1 2 82233 0.09009
2 1 2 82155 0.09137
2 1 2 82114 0.08847
2 1 2 82071 0.09105
2 1 2 82054 0.08907
2 1 2 82035 0.09039
2 1 2 81983 0.08662
2 1 2 81713 0.08965
2 1 2 81684 0.093
2 1 2 81537 0.0907
2 1 2 81513 0.08937
2 1 2 81219 0.09021
2 1 2 81219 0.0906
2 1 2 80648 0.09042
2 1 2 80586 0.09253
2 1 2 80502 0.09169
2 1 2 80073 0.09136
2 1 2 79989 0.08798
2 1 2 79429 0.09009
2 1 2 79152 0.09008
2 1 2 78257 0.08626
2 1 2 78119 0.09007
2 1 2 78087 0.09354
2 1 2 78019 0.09467
2 1 2 78004 0.09369
2 1 2 77749 0.09342
2 1 2 77580 0.09167
2 1 2 77520 0.09232
2 1 2 77054 0.09265
2 1 2 77052 0.09277
2 1 2 76813 0.09288
2 1 2 76567 0.09217
2 1 2 76203 0.09107
2 1 2 75848 0.09221
2 1 2 74900 0.08589
2 1 2 74565 0.09119
2 1 2 74174 0.0899
2 1 2 73808 0.09076
2 1 2 73702 0.08918
2 1 2 73103 0.08767
2 1 2 71645 0.08745
2 1 2 71583 0.08388
2 1 2 70683 0.08551
2 1 2 53392 0.06982
2 1 2 53383 0.06968
2 1 2 53380 0.06841
2 1 2 53380 0.06863
2 1 2 53378 0.06881
2 1 2 53375 0.06802
2 1 2 53375 0.06763
2 1 2 53373 0.06866
2 1 2 53372 0.06823
2 1 2 53372 0.06825
2 1 2 53360 0.06817
2 1 2 53357 0.06669
2 1 2 53348 0.06791
2 1 2 53344 0.06861
2 1 2 53328 0.06756
2 1 2 53319 0.06664
2 1 2 53309 0.06615
2 1 2 53278 0.06679
2 1 2 53269 0.06883
2 1 2 53263 0.06843
2 1 2 53254 0.06474
2 1 2 53250 0.06549
2 1 2 53220 0.06511
2 1 2 53213 0.06634
2 1 2 53200 0.06633
2 1 2 53167 0.06501
2 1 2 53123 0.06538
2 1 2 53115 0.06628
2 1 2 53053 0.06751
2 1 2 52965 0.06837
2 1 2 52921 0.06652
2 1 2 52851 0.06698
2 1 2 52619 0.06579
2 1 2 52558 0.06769
2 1 2 52437 0.06527
2 1 2 51838 0.06562
2 1 2 51712 0.06601
2 1 2 51671 0.06447
2 1 2 50982 0.06282
2 1 2 50947 0.06586
2 1 2 50675 0.06062
2 1 2 50203 0.06195
2 1 2 50165 0.06478
2 1 2 49610 0.0609
2 1 2 48607 0.06065
2 1 2 48607 0.06053
2 1 2 48032 0.06182
2 1 2 46853 0.06017
2 1 2 46796 0.05961
2 1 2 46683 0.05905
2 1 2 36662 0.04611
2 1 2 36662 0.04522
2 1 2 36662 0.04639
2 1 2 36662 0.04656
2 1 2 36662 0.04639
2 1 2 36657 0.04727
2 1 2 36652 0.04769
2 1 2 36652 0.0474
2 1 2 36649 0.04527
2 1 2 36640 0.04582
2 1 2 36638 0.04672
2 1 2 36625 0.0442
2 1 2 36617 0.04396
2 1 2 36611 0.04548
2 1 2 36605 0.04766
2 1 2 36597 0.0456
2 1 2 36592 0.04379
2 1 2 36587 0.04488
2 1 2 36586 0.04542
2 1 2 36585 0.04418
2 1 2 36578 0.0452
2 1 2 36571 0.04355
2 1 2 36568 0.04477
2 1 2 36565 0.04437
2 1 2 36564 0.04502
2 1 2 36551 0.04464
2 1 2 36546 0.04406
2 1 2 36535 0.04553
2 1 2 36517 0.04431
2 1 2 36312 0.04602
2 1 2 36312 0.04569
2 1 2 36190 0.04492
2 1 2 36109 0.04561
2 1 2 36109 0.04542
2 1 2 36050 0.04573
2 1 2 35875 0.04436
2 1 2 35642 0.04523
2 1 2 35273 0.0452
2 1 2 35262 0.0459
2 1 2 35041 0.04332
2 1 2 34939 0.04395
2 1 2 34924 0.04404
2 1 2 34715 0.04491
2 1 2 34506 0.04053
2 1 2 34248 0.04271
2 1 2 34090 0.04245
2 1 2 34078 0.04195
2 1 2 34059 0.04067
2 1 2 33687 0.04095
2 1 2 33570 0.04198
2 1 2 25848 0.03062
2 1 2 25840 0.02968
2 1 2 25837 0.02924
2 1 2 25837 0.0293
2 1 2 25836 0.02891
2 1 2 25834 0.02826
2 1 2 25830 0.02963
2 1 2 25829 0.02824
2 1 2 25828 0.02965
2 1 2 25827 0.02978
2 1 2 25823 0.02822
2 1 2 25821 0.03044
2 1 2 25818 0.03009
2 1 2 25817 0.02642
2 1 2 25815 0.02767
2 1 2 25814 0.02785
2 1 2 25808 0.02704
2 1 2 25791 0.02717
2 1 2 25784 0.03002
2 1 2 25781 0.02818
2 1 2 25773 0.02764
2 1 2 25771 0.0266
2 1 2 25740 0.02734
2 1 2 25738 0.02803
2 1 2 25713 0.02882
2 1 2 25697 0.03006
2 1 2 25633 0.02781
2 1 2 25620 0.02978
2 1 2 25370 0.02861
2 1 2 25293 0.02921
2 1 2 25284 0.02846
2 1 2 25240 0.02753
2 1 2 25198 0.02903
2 1 2 25196 0.02677
2 1 2 25190 0.02945
2 1 2 25173 0.02896
2 1 2 25046 0.02867
2 1 2 25005 0.02656
2 1 2 24878 0.02806
2 1 2 24824 0.02885
2 1 2 24821 0.02851
2 1 2 24809 0.02819
2 1 2 24560 0.02775
2 1 2 24560 0.02792
2 1 2 24464 0.02801
2 1 2 24355 0.02707
2 1 2 24271 0.02754
2 1 2 24247 0.02799
2 1 2 24175 0.027
2 1 2 24110 0.02735
2 1 2 15304 0.01893
2 1 2 15304 0.017
2 1 2 15304 0.01853
2 1 2 15303 0.01814
2 1 2 15303 0.01957
2 1 2 15302 0.01764
2 1 2 15301 0.01858
2 1 2 15300 0.0173
2 1 2 15300 0.01892
2 1 2 15299 0.0184
2 1 2 15299 0.01837
2 1 2 15298 0.0175
2 1 2 15298 0.01876
2 1 2 15297 0.01885
2 1 2 15297 0.01812
2 1 2 15297 0.01824
2 1 2 15297 0.01826
2 1 2 15296 0.01885
2 1 2 15295 0.01721
2 1 2 15294 0.01839
2 1 2 15294 0.01732
2 1 2 15293 0.01778
2 1 2 15291 0.01803
2 1 2 15290 0.01776
2 1 2 15286 0.01761
2 1 2 15284 0.01819
2 1 2 15284 0.01811
2 1 2 15283 0.0179
2 1 2 15279 0.01886
2 1 2 15277 0.01787
2 1 2 15275 0.01758
2 1 2 15268 0.01706
2 1 2 15268 0.01869
2 1 2 15265 0.01769
2 1 2 15248 0.01788
2 1 2 15175 0.01832
2 1 2 15170 0.01891
2 1 2 15151 0.01827
2 1 2 15057 0.01836
2 1 2 15053 0.01802
2 1 2 15053 0.01805
2 1 2 15032 0.01792
2 1 2 14920 0.01812
2 1 2 14920 0.01814
2 1 2 14895 0.01831
2 1 2 14892 0.01815
2 1 2 14823 0.01807
2 1 2 14820 0.01807
2 1 2 14781 0.01836
2 1 2 14695 0.01684
2 1 2 10135 0.01215
2 1 2 10135 0.01309
2 1 2 10135 0.01323
2 1 2 10134 0.01283
2 1 2 10134 0.01326
2 1 2 10134 0.01247
2 1 2 10134 0.01284
2 1 2 10134 0.01249
2 1 2 10134 0.01306
2 1 2 10134 0.01294
2 1 2 10134 0.01316
2 1 2 10134 0.01306
2 1 2 10133 0.01322
2 1 2 10133 0.01257
2 1 2 10133 0.01264
2 1 2 10133 0.01293
2 1 2 10133 0.01282
2 1 2 10132 0.01283
2 1 2 10132 0.01318
2 1 2 10131 0.01214
2 1 2 10131 0.01282
2 1 2 10130 0.01254
2 1 2 10130 0.01257
2 1 2 10129 0.01298
2 1 2 10129 0.0129
2 1 2 10129 0.01268
2 1 2 10129 0.01265
2 1 2 10128 0.01221
2 1 2 10126 0.01226
2 1 2 10125 0.01276
2 1 2 10124 0.013
2 1 2 10122 0.01265
2 1 2 10121 0.01249
2 1 2 10119 0.01269
2 1 2 10116 0.01278
2 1 2 10092 0.01292
2 1 2 10091 0.01268
2 1 2 10087 0.01281
2 1 2 10064 0.0127
2 1 2 10046 0.01298
2 1 2 10011 0.01223
2 1 2 9974 0.01303
2 1 2 9960 0.01268
2 1 2 9946 0.01278
2 1 2 9945 0.01258
2 1 2 9900 0.01111
2 1 2 9885 0.01314
2 1 2 9885 0.01312
2 1 2 9879 0.01249
2 1 2 9859 0.01206
2 1 3 127917 0.191
2 1 3 127917 0.1917
2 1 3 127667 0.1962
2 1 3 127348 0.1826
2 1 3 127019 0.1806
2 1 3 126239 0.1765
2 1 3 126197 0.185
2 1 3 125990 0.1874
2 1 3 125849 0.1869
2 1 3 125451 0.1904
2 1 3 125162 0.1961
2 1 3 124999 0.1832
2 1 3 123182 0.1882
2 1 3 123020 0.2001
2 1 3 122511 0.1297
2 1 3 122192 0.1335
2 1 3 121532 0.1336
2 1 3 121396 0.1279
2 1 3 120732 0.1298
2 1 3 120677 0.1305
2 1 3 120224 0.1321
2 1 3 120224 0.1319
2 1 3 118991 0.1283
2 1 3 118991 0.1286
2 1 3 118866 0.132
2 1 3 117505 0.1305
2 1 3 116780 0.1258
2 1 3 115759 0.1235
2 1 3 114783 0.1198
2 1 3 113957 0.1263
2 1 3 113928 0.1297
2 1 3 113449 0.1256
2 1 3 112665 0.1255
2 1 3 112645 0.1237
2 1 3 111942 0.1216
2 1 3 110852 0.1251
2 1 3 110319 0.1198
2 1 3 108232 0.1222
2 1 3 108075 0.1213
2 1 3 107545 0.1209
2 1 3 107235 0.1194
2 1 3 106468 0.1214
2 1 3 106135 0.119
2 1 3 106135 0.1187
2 1 3 104984 0.1177
2 1 3 104807 0.1182
2 1 3 104590 0.1143
2 1 3 104584 0.1151
2 1 3 104480 0.1143
2 1 3 104470 0.1152
2 1 3 104346 0.116
2 1 3 104323 0.1134
2 1 3 103956 0.1139
2 1 3 103956 0.1152
2 1 3 103901 0.1191
2 1 3 103764 0.1131
2 1 3 103622 0.1154
2 1 3 103483 0.1173
2 1 3 103364 0.1148
2 1 3 103031 0.1136
2 1 3 102122 0.1133
2 1 3 101739 0.1133
2 1 3 100866 0.1127
2 1 3 100866 0.1128
2 1 3 100795 0.1143
2 1 3 100293 0.1089
2 1 3 99393 0.1139
2 1 3 99343 0.1089
2 1 3 99342 0.111
2 1 3 98270 0.1137
2 1 3 97643 0.1111
2 1 3 97643 0.1107
2 1 3 97547 0.1112
2 1 3 97332 0.1084
2 1 3 96500 0.1085
2 1 3 96500 0.1077
2 1 3 95602 0.1096
2 1 3 95568 0.1097
2 1 3 94364 0.1087
2 1 3 94088 0.107
2 1 3 93416 0.1066
2 1 3 92776 0.1079
2 1 3 92642 0.1099
2 1 3 92458 0.1062
2 1 3 91955 0.1047
2 1 3 91955 0.1055
2 1 3 90899 0.1039
2 1 3 90899 0.1042
2 1 3 90777 0.1056
2 1 3 90768 0.1018
2 1 3 90296 0.1053
2 1 3 90296 0.1047
2 1 3 90260 0.1018
2 1 3 90230 0.103
2 1 3 90130 0.1046
2 1 3 90111 0.09883
2 1 3 90073 0.1028
2 1 3 90064 0.1019
2 1 3 89943 0.1044
2 1 3 89943 0.104
2 1 3 89929 0.1041
2 1 3 89887 0.0977
2 1 3 89711 0.1033
2 1 3 89558 0.1033
2 1 3 89462 0.103
2 1 3 89024 0.1045
2 1 3 88841 0.1026
2 1 3 88434 0.1042
2 1 3 88352 0.1055
2 1 3 88070 0.1024
2 1 3 87771 0.1026
2 1 3 87163 0.1005
2 1 3 87123 0.1017
2 1 3 86416 0.09992
2 1 3 86258 0.1022
2 1 3 86246 0.1009
2 1 3 85674 0.1012
2 1 3 85057 0.1014
2 1 3 84918 0.09997
2 1 3 84767 0.09453
2 1 3 84578 0.1011
2 1 3 84345 0.1001
2 1 3 84267 0.101
2 1 3 83701 0.09747
2 1 3 83477 0.09978
2 1 3 83429 0.09896
2 1 3 83384 0.09878
2 1 3 83175 0.09684
2 1 3 82497 0.09837
2 1 3 82497 0.09837
2 1 3 81804 0.09818
2 1 3 81312 0.09784
2 1 3 81205 0.09607
2 1 3 80869 0.09637
2 1 3 80793 0.09642
2 1 3 80464 0.09559
2 1 3 79267 0.09439
2 1 3 78435 0.09268
2 1 3 78316 0.09348
2 1 3 78259 0.09362
2 1 3 77550 0.09499
2 1 3 76283 0.09145
2 1 3 75822 0.09336
2 1 3 75508 0.08982
2 1 3 75183 0.09352
2 1 3 74846 0.08986
2 1 3 71919 0.0871
2 1 3 70193 0.08373
2 1 3 69522 0.08496
2 1 3 67493 0.084
2 1 3 57014 0.06974
2 1 3 56989 0.07398
2 1 3 56982 0.07272
2 1 3 56974 0.07143
2 1 3 56936 0.07396
2 1 3 56933 0.06897
2 1 3 56841 0.06842
2 1 3 56840 0.0705
2 1 3 56816 0.07008
2 1 3 56784 0.07085
2 1 3 56740 0.06747
2 1 3 56726 0.06722
2 1 3 56679 0.06736
2 1 3 56672 0.06807
2 1 3 56648 0.06747
2 1 3 56617 0.07009
2 1 3 56611 0.06917
2 1 3 56541 0.07192
2 1 3 56496 0.07195
2 1 3 56379 0.072
2 1 3 56303 0.06829
2 1 3 55740 0.07185
2 1 3 55443 0.06749
2 1 3 55154 0.0694
2 1 3 54766 0.09029
2 1 3 54716 0.09022
2 1 3 54463 0.08493
2 1 3 54355 0.09235
2 1 3 53798 0.08756
2 1 3 53798 0.08724
2 1 3 53474 0.08734
2 1 3 53379 0.08839
2 1 3 53019 0.0852
2 1 3 52602 0.0853
2 1 3 52277 0.08464
2 1 3 52175 0.08254
2 1 3 52144 0.0824
2 1 3 52130 0.08264
2 1 3 51282 0.08277
2 1 3 51220 0.08245
2 1 3 51203 0.07923
2 1 3 50987 0.08173
2 1 3 50608 0.07944
2 1 3 49953 0.07973
2 1 3 49816 0.07954
2 1 3 49173 0.07704
2 1 3 47568 0.07746
2 1 3 47150 0.07718
2 1 3 45868 0.07659
2 1 3 45868 0.07525
2 1 3 38382 0.05825
2 1 3 38375 0.0593
2 1 3 38370 0.05873
2 1 3 38365 0.05994
2 1 3 38341 0.05435
2 1 3 38325 0.04927
2 1 3 38322 0.04869
2 1 3 38316 0.04837
2 1 3 38300 0.04643
2 1 3 38294 0.04867
2 1 3 38274 0.04586
2 1 3 38269 0.04752
2 1 3 38254 0.04889
2 1 3 38252 0.04705
2 1 3 38246 0.04543
2 1 3 38201 0.04796
2 1 3 38192 0.04866
2 1 3 38184 0.04644
2 1 3 38169 0.04559
2 1 3 38083 0.04768
2 1 3 38024 0.04826
2 1 3 37834 0.04904
2 1 3 37832 0.0471
2 1 3 37791 0.04693
2 1 3 37734 0.04862
2 1 3 37580 0.04654
2 1 3 37570 0.04837
2 1 3 37419 0.04525
2 1 3 37164 0.0472
2 1 3 37114 0.04773
2 1 3 37078 0.04677
2 1 3 36915 0.04572
2 1 3 36655 0.04709
2 1 3 36582 0.04599
2 1 3 36575 0.0463
2 1 3 36296 0.04657
2 1 3 36292 0.04697
2 1 3 36085 0.04576
2 1 3 35754 0.04545
2 1 3 35754 0.04525
2 1 3 35675 0.04465
2 1 3 35514 0.0448
2 1 3 35274 0.04592
2 1 3 35183 0.04567
2 1 3 35178 0.04513
2 1 3 34539 0.04523
2 1 3 34457 0.04454
2 1 3 34261 0.04201
2 1 3 33848 0.04269
2 1 3 33102 0.04065
2 1 3 26727 0.03267
2 1 3 26727 0.03086
2 1 3 26700 0.03023
2 1 3 26699 0.03038
2 1 3 26685 0.02973
2 1 3 26682 0.03069
2 1 3 26682 0.03066
2 1 3 26666 0.02803
2 1 3 26659 0.02848
2 1 3 26659 0.02856
2 1 3 26655 0.02954
2 1 3 26650 0.02777
2 1 3 26638 0.02839
2 1 3 26633 0.0288
2 1 3 26631 0.02884
2 1 3 26629 0.02762
2 1 3 26629 0.02764
2 1 3 26604 0.02755
2 1 3 26570 0.02763
2 1 3 26569 0.02858
2 1 3 26485 0.03012
2 1 3 26453 0.02981
2 1 3 26143 0.0304
2 1 3 26138 0.0297
2 1 3 26098 0.02828
2 1 3 26049 0.02661
2 1 3 26020 0.02982
2 1 3 25853 0.02975
2 1 3 25751 0.02764
2 1 3 25742 0.0274
2 1 3 25695 0.02942
2 1 3 25668 0.02831
2 1 3 25648 0.02808
2 1 3 25633 0.0278
2 1 3 25580 0.02895
2 1 3 25577 0.02921
2 1 3 25376 0.02968
2 1 3 25376 0.02952
2 1 3 25306 0.02951
2 1 3 25304 0.02833
2 1 3 25230 0.02921
2 1 3 25164 0.0278
2 1 3 25090 0.02814
2 1 3 25061 0.02843
2 1 3 24981 0.02887
2 1 3 24935 0.02972
2 1 3 24935 0.02801
2 1 3 24747 0.02699
2 1 3 24713 0.02929
2 1 3 24392 0.02761
2 1 3 15611 0.01887
2 1 3 15607 0.01874
2 1 3 15606 0.0181
2 1 3 15605 0.01851
2 1 3 15602 0.01859
2 1 3 15601 0.01767
2 1 3 15601 0.01925
2 1 3 15599 0.01854
2 1 3 15598 0.01897
2 1 3 15596 0.01798
2 1 3 15596 0.01801
2 1 3 15596 0.01952
2 1 3 15595 0.01908
2 1 3 15592 0.01887
2 1 3 15589 0.0178
2 1 3 15585 0.019
2 1 3 15585 0.01906
2 1 3 15580 0.01837
2 1 3 15577 0.01939
2 1 3 15563 0.01871
2 1 3 15561 0.01929
2 1 3 15559 0.018
2 1 3 15557 0.01818
2 1 3 15525 0.01906
2 1 3 15490 0.01905
2 1 3 15409 0.01876
2 1 3 15385 0.01883
2 1 3 15362 0.01873
2 1 3 15328 0.01948
2 1 3 15328 0.01953
2 1 3 15323 0.01874
2 1 3 15297 0.01784
2 1 3 15284 0.01883
2 1 3 15284 0.0188
2 1 3 15266 0.01853
2 1 3 15221 0.01902
2 1 3 15221 0.01863
2 1 3 15191 0.01821
2 1 3 15147 0.01828
2 1 3 15147 0.01819
2 1 3 15105 0.01868
2 1 3 15091 0.01776
2 1 3 15081 0.01772
2 1 3 14971 0.01811
2 1 3 14962 0.01794
2 1 3 14878 0.01839
2 1 3 14790 0.01776
2 1 3 14790 0.01781
2 1 3 14627 0.01795
2 1 3 14627 0.01801
2 1 3 10271 0.01408
2 1 3 10270 0.01294
2 1 3 10270 0.01362
2 1 3 10270 0.01371
2 1 3 10268 0.01409
2 1 3 10267 0.01439
2 1 3 10267 0.01256
2 1 3 10266 0.01306
2 1 3 10265 0.01295
2 1 3 10265 0.01301
2 1 3 10262 0.0138
2 1 3 10262 0.01266
2 1 3 10262 0.01304
2 1 3 10262 0.01271
2 1 3 10260 0.013
2 1 3 10259 0.01291
2 1 3 10257 0.01374
2 1 3 10257 0.01293
2 1 3 10257 0.01349
2 1 3 10257 0.01368
2 1 3 10248 0.01323
2 1 3 10246 0.01323
2 1 3 10219 0.01383
2 1 3 10209 0.01282
2 1 3 10186 0.01298
2 1 3 10179 0.01379
2 1 3 10175 0.01309
2 1 3 10154 0.0133
2 1 3 10143 0.01275
2 1 3 10143 0.013
2 1 3 10135 0.01296
2 1 3 10120 0.01298
2 1 3 10107 0.01251
2 1 3 10099 0.0122
2 1 3 10092 0.01219
2 1 3 10088 0.01291
2 1 3 10087 0.01321
2 1 3 10053 0.0127
2 1 3 10037 0.01301
2 1 3 10037 0.01304
2 1 3 10030 0.01288
2 1 3 10017 0.01296
2 1 3 10008 0.01285
2 1 3 10008 0.01292
2 1 3 10005 0.01281
2 1 3 9984 0.01319
2 1 3 9926 0.01312
2 1 3 9879 0.01335
2 1 3 9879 0.01334
2 1 3 9818 0.01346
2 1 4 143511 0.1996
2 1 4 143511 0.1987
2 1 4 142850 0.201
2 1 4 142156 0.1977
2 1 4 141957 0.1952
2 1 4 141933 0.1986
2 1 4 141441 0.2592
2 1 4 141063 0.2464
2 1 4 140918 0.2492
2 1 4 140106 0.2584
2 1 4 139497 0.253
2 1 4 139168 0.2333
2 1 4 138572 0.2364
2 1 4 138537 0.2259
2 1 4 135173 0.2374
2 1 4 135095 0.2247
2 1 4 133859 0.228
2 1 4 133859 0.2278
2 1 4 133527 0.2303
2 1 4 132843 0.2159
2 1 4 132272 0.2237
2 1 4 130925 0.2213
2 1 4 130447 0.2157
2 1 4 130274 0.2238
2 1 4 128703 0.2074
2 1 4 128703 0.2082
2 1 4 128337 0.2311
2 1 4 128337 0.223
2 1 4 126917 0.2252
2 1 4 126802 0.2141
2 1 4 125267 0.2244
2 1 4 125267 0.224
2 1 4 121055 0.1454
2 1 4 120952 0.1584
2 1 4 118714 0.155
2 1 4 116057 0.1532
2 1 4 115999 0.1413
2 1 4 115669 0.1516
2 1 4 114649 0.1495
2 1 4 114531 0.1528
2 1 4 114173 0.151
2 1 4 113395 0.1494
2 1 4 113245 0.1495
2 1 4 112276 0.1509
2 1 4 112165 0.1491
2 1 4 111984 0.1474
2 1 4 111870 0.1674
2 1 4 111831 0.1676
2 1 4 110983 0.1699
2 1 4 110876 0.164
2 1 4 110053 0.1657
2 1 4 110053 0.1651
2 1 4 109622 0.1227
2 1 4 109117 0.1248
2 1 4 108811 0.1236
2 1 4 108781 0.1214
2 1 4 108508 0.1231
2 1 4 107975 0.121
2 1 4 107763 0.1225
2 1 4 107290 0.1194
2 1 4 107244 0.1212
2 1 4 106470 0.1234
2 1 4 105681 0.1205
2 1 4 105681 0.1206
2 1 4 105212 0.1205
2 1 4 104942 0.1204
2 1 4 104854 0.1258
2 1 4 104713 0.1213
2 1 4 103749 0.1213
2 1 4 103749 0.1208
2 1 4 102374 0.1209
2 1 4 101858 0.1174
2 1 4 101744 0.1164
2 1 4 101676 0.1167
2 1 4 101195 0.1173
2 1 4 100835 0.1184
2 1 4 100003 0.1137
2 1 4 99484 0.1119
2 1 4 99481 0.1151
2 1 4 99334 0.1112
2 1 4 99207 0.1141
2 1 4 99009 0.1109
2 1 4 98984 0.111
2 1 4 98854 0.11
2 1 4 98844 0.1123
2 1 4 98501 0.1124
2 1 4 98340 0.1146
2 1 4 98249 0.1157
2 1 4 98227 0.1109
2 1 4 98215 0.1149
2 1 4 98043 0.1117
2 1 4 98022 0.1136
2 1 4 97849 0.1113
2 1 4 97849 0.1112
2 1 4 97366 0.1147
2 1 4 97215 0.1061
2 1 4 96858 0.1247
2 1 4 96798 0.1502
2 1 4 96611 0.1299
2 1 4 96328 0.1134
2 1 4 96210 0.1134
2 1 4 95288 0.1113
2 1 4 95096 0.1075
2 1 4 95004 0.1074
2 1 4 94853 0.1108
2 1 4 94690 0.1108
2 1 4 94537 0.1112
2 1 4 94232 0.1115
2 1 4 93853 0.1129
2 1 4 93381 0.1107
2 1 4 93377 0.1083
2 1 4 93175 0.1096
2 1 4 92647 0.11
2 1 4 92605 0.1093
2 1 4 92224 0.1077
2 1 4 92224 0.1056
2 1 4 91174 0.1106
2 1 4 91022 0.1034
2 1 4 90792 0.1055
2 1 4 90489 0.1058
2 1 4 89892 0.1054
2 1 4 89890 0.1057
2 1 4 88737 0.1034
2 1 4 88737 0.103
2 1 4 87097 0.1033
2 1 4 87077 0.1044
2 1 4 86502 0.1024
2 1 4 86278 0.1032
2 1 4 85563 0.1023
2 1 4 85452 0.1019
2 1 4 84764 0.102
2 1 4 84225 0.1003
2 1 4 83683 0.1023
2 1 4 82581 0.099
2 1 4 82287 0.09812
2 1 4 82221 0.09673
2 1 4 82181 0.1003
2 1 4 81576 0.09674
2 1 4 81251 0.09663
2 1 4 80209 0.09726
2 1 4 79810 0.09707
2 1 4 79810 0.0974
2 1 4 78861 0.0934
2 1 4 77043 0.09351
2 1 4 76431 0.09216
2 1 4 73746 0.09115
2 1 4 73488 0.09026
2 1 4 70545 0.08611
2 1 4 67586 0.08478
2 1 4 63195 0.07845
2 1 4 60842 0.07658
2 1 4 60750 0.07764
2 1 4 60702 0.0788
2 1 4 60598 0.07541
2 1 4 60577 0.07736
2 1 4 60522 0.07588
2 1 4 60502 0.07757
2 1 4 60426 0.07656
2 1 4 60394 0.07535
2 1 4 60283 0.07345
2 1 4 60259 0.07744
2 1 4 60076 0.07418
2 1 4 59938 0.07465
2 1 4 59518 0.07601
2 1 4 59074 0.07372
2 1 4 58826 0.07847
2 1 4 58768 0.07644
2 1 4 58651 0.07412
2 1 4 58214 0.07757
2 1 4 58129 0.07626
2 1 4 57780 0.07075
2 1 4 57157 0.06909
2 1 4 57093 0.07302
2 1 4 56680 0.07037
2 1 4 56531 0.07009
2 1 4 56521 0.06877
2 1 4 56448 0.07294
2 1 4 56411 0.07071
2 1 4 56327 0.07029
2 1 4 56079 0.07156
2 1 4 55699 0.0738
2 1 4 55649 0.07141
2 1 4 55421 0.07406
2 1 4 54773 0.07072
2 1 4 54672 0.07117
2 1 4 54504 0.07005
2 1 4 53748 0.07065
2 1 4 53637 0.07045
2 1 4 53342 0.06936
2 1 4 52523 0.0685
2 1 4 52291 0.06525
2 1 4 51389 0.06568
2 1 4 50258 0.06459
2 1 4 50215 0.06533
2 1 4 49354 0.06122
2 1 4 48635 0.06341
2 1 4 48558 0.06417
2 1 4 48077 0.06358
2 1 4 46248 0.06148
2 1 4 46109 0.06194
2 1 4 40177 0.0505
2 1 4 40128 0.05069
2 1 4 40124 0.05098
2 1 4 40121 0.04977
2 1 4 40072 0.05059
2 1 4 40071 0.04776
2 1 4 40005 0.04901
2 1 4 39993 0.04961
2 1 4 39978 0.04896
2 1 4 39957 0.05016
2 1 4 39948 0.04903
2 1 4 39946 0.04778
2 1 4 39888 0.04819
2 1 4 39877 0.04756
2 1 4 39858 0.04719
2 1 4 39847 0.04756
2 1 4 39814 0.04774
2 1 4 39781 0.05087
2 1 4 39754 0.04779
2 1 4 39587 0.05003
2 1 4 39386 0.0503
2 1 4 39320 0.04895
2 1 4 39230 0.04713
2 1 4 39170 0.04978
2 1 4 38936 0.05017
2 1 4 38815 0.0477
2 1 4 38682 0.0478
2 1 4 38428 0.04859
2 1 4 38225 0.04846
2 1 4 38225 0.04523
2 1 4 38194 0.0469
2 1 4 37779 0.04313
2 1 4 37760 0.04838
2 1 4 37599 0.04569
2 1 4 37311 0.04479
2 1 4 37247 0.04703
2 1 4 37105 0.04733
2 1 4 36992 0.04709
2 1 4 36816 0.04631
2 1 4 36799 0.04508
2 1 4 36132 0.04682
2 1 4 36057 0.0453
2 1 4 36011 0.04494
2 1 4 35955 0.04607
2 1 4 35303 0.04483
2 1 4 35303 0.04511
2 1 4 34300 0.04212
2 1 4 34111 0.04133
2 1 4 33920 0.04147
2 1 4 33255 0.0405
2 1 4 27557 0.03231
2 1 4 27528 0.02961
2 1 4 27527 0.02993
2 1 4 27517 0.0301
2 1 4 27514 0.03014
2 1 4 27501 0.02939
2 1 4 27500 0.02973
2 1 4 27471 0.03021
2 1 4 27464 0.02882
2 1 4 27446 0.03275
2 1 4 27416 0.02939
2 1 4 27354 0.02952
2 1 4 27292 0.03118
2 1 4 27092 0.03157
2 1 4 27085 0.03324
2 1 4 27065 0.0308
2 1 4 26997 0.0315
2 1 4 26980 0.03181
2 1 4 26949 0.03138
2 1 4 26945 0.02908
2 1 4 26905 0.03282
2 1 4 26744 0.02845
2 1 4 26577 0.03085
2 1 4 26577 0.03067
2 1 4 26517 0.02818
2 1 4 26515 0.029
2 1 4 26489 0.02943
2 1 4 26417 0.02963
2 1 4 26222 0.03019
2 1 4 26191 0.02952
2 1 4 26120 0.03103
2 1 4 26079 0.03005
2 1 4 26069 0.02952
2 1 4 26032 0.02979
2 1 4 25900 0.03099
2 1 4 25900 0.03108
2 1 4 25874 0.02937
2 1 4 25864 0.03037
2 1 4 25827 0.03101
2 1 4 25764 0.02999
2 1 4 25714 0.02963
2 1 4 25689 0.02793
2 1 4 25497 0.02962
2 1 4 25233 0.03026
2 1 4 25179 0.02892
2 1 4 25154 0.02987
2 1 4 25146 0.02879
2 1 4 24799 0.02797
2 1 4 24143 0.02729
2 1 4 24143 0.02749
2 1 4 15926 0.01872
2 1 4 15919 0.01909
2 1 4 15916 0.01784
2 1 4 15915 0.01903
2 1 4 15913 0.01957
2 1 4 15911 0.01805
2 1 4 15908 0.01951
2 1 4 15906 0.01847
2 1 4 15901 0.01862
2 1 4 15899 0.01811
2 1 4 15897 0.01738
2 1 4 15894 0.01853
2 1 4 15892 0.01859
2 1 4 15884 0.01788
2 1 4 15879 0.01779
2 1 4 15866 0.01796
2 1 4 15859 0.01837
2 1 4 15855 0.01757
2 1 4 15843 0.01792
2 1 4 15842 0.01915
2 1 4 15836 0.01815
2 1 4 15808 0.0197
2 1 4 15693 0.01857
2 1 4 15657 0.01866
2 1 4 15612 0.01953
2 1 4 15610 0.01912
2 1 4 15601 0.01789
2 1 4 15588 0.01901
2 1 4 15530 0.01895
2 1 4 15525 0.01942
2 1 4 15490 0.01956
2 1 4 15490 0.01955
2 1 4 15423 0.01795
2 1 4 15414 0.01818
2 1 4 15395 0.01882
2 1 4 15395 0.01883
2 1 4 15368 0.01798
2 1 4 15367 0.01896
2 1 4 15300 0.01854
2 1 4 15300 0.01853
2 1 4 15126 0.01769
2 1 4 15126 0.01765
2 1 4 15072 0.0183
2 1 4 15031 0.01751
2 1 4 14984 0.01819
2 1 4 14966 0.01823
2 1 4 14796 0.0184
2 1 4 14786 0.01778
2 1 4 14499 0.01808
2 1 4 14499 0.01811
2 1 4 10408 0.01386
2 1 4 10408 0.01397
2 1 4 10404 0.01357
2 1 4 10404 0.01449
2 1 4 10403 0.01315
2 1 4 10401 0.0143
2 1 4 10399 0.0138
2 1 4 10398 0.01375
2 1 4 10397 0.01384
2 1 4 10396 0.01398
2 1 4 10395 0.01423
2 1 4 10394 0.01375
2 1 4 10392 0.01292
2 1 4 10390 0.01341
2 1 4 10385 0.01337
2 1 4 10382 0.01368
2 1 4 10381 0.01346
2 1 4 10346 0.01452
2 1 4 10331 0.01402
2 1 4 10324 0.01449
2 1 4 10308 0.0145
2 1 4 10308 0.01472
2 1 4 10278 0.01377
2 1 4 10254 0.01333
2 1 4 10251 0.01402
2 1 4 10233 0.01248
2 1 4 10229 0.0131
2 1 4 10223 0.01381
2 1 4 10211 0.014
2 1 4 10200 0.01323
2 1 4 10188 0.01238
2 1 4 10182 0.0134
2 1 4 10177 0.01349
2 1 4 10153 0.01326
2 1 4 10152 0.01215
2 1 4 10145 0.01327
2 1 4 10138 0.01372
2 1 4 10137 0.01363
2 1 4 10135 0.01249
2 1 4 10113 0.01299
2 1 4 10105 0.01194
2 1 4 10037 0.0132
2 1 4 10031 0.013
2 1 4 10017 0.01319
2 1 4 9970 0.01348
2 1 4 9952 0.0135
2 1 4 9950 0.01268
2 1 4 9941 0.01318
2 1 4 9873 0.01338
2 1 4 9873 0.01334
2 1 5 160552 0.2111
2 1 5 160552 0.2082
2 1 5 159938 0.2087
2 1 5 159878 0.2059
2 1 5 159158 0.2159
2 1 5 159158 0.2166
2 1 5 158829 0.2088
2 1 5 157788 0.215
2 1 5 157760 0.2024
2 1 5 156408 0.2102
2 1 5 155033 0.2141
2 1 5 151940 0.2131
2 1 5 151176 0.2217
2 1 5 150966 0.2063
2 1 5 150310 0.2108
2 1 5 149148 0.2018
2 1 5 147864 0.2156
2 1 5 147785 0.206
2 1 5 147459 0.2089
2 1 5 146680 0.2057
2 1 5 144000 0.2287
2 1 5 143418 0.2437
2 1 5 142875 0.2485
2 1 5 141471 0.2373
2 1 5 137775 0.242
2 1 5 137256 0.2353
2 1 5 137013 0.2507
2 1 5 136639 0.2083
2 1 5 135634 0.221
2 1 5 133874 0.2238
2 1 5 132065 0.2186
2 1 5 129784 0.2205
2 1 5 127621 0.2217
2 1 5 127554 0.2255
2 1 5 126964 0.2351
2 1 5 125951 0.1667
2 1 5 125939 0.1865
2 1 5 123175 0.1693
2 1 5 122836 0.1162
2 1 5 122786 0.1189
2 1 5 122591 0.1119
2 1 5 121105 0.1212
2 1 5 120632 0.1202
2 1 5 120184 0.1211
2 1 5 118687 0.1142
2 1 5 118607 0.117
2 1 5 118539 0.1183
2 1 5 118230 0.1165
2 1 5 117287 0.118
2 1 5 117287 0.1178
2 1 5 116879 0.1107
2 1 5 115725 0.1197
2 1 5 115649 0.1179
2 1 5 115539 0.1169
2 1 5 115261 0.1201
2 1 5 113903 0.1176
2 1 5 113488 0.1145
2 1 5 113134 0.1157
2 1 5 112566 0.1165
2 1 5 112455 0.1174
2 1 5 111998 0.1178
2 1 5 111790 0.1101
2 1 5 111329 0.1126
2 1 5 111329 0.1146
2 1 5 111206 0.1107
2 1 5 111062 0.1145
2 1 5 110087 0.1161
2 1 5 109900 0.1102
2 1 5 109392 0.1132
2 1 5 108949 0.1087
2 1 5 108885 0.11
2 1 5 108707 0.1117
2 1 5 108539 0.1121
2 1 5 108501 0.111
2 1 5 107801 0.109
2 1 5 107801 0.1091
2 1 5 107415 0.1094
2 1 5 107377 0.109
2 1 5 107023 0.1102
2 1 5 107010 0.1085
2 1 5 106297 0.1069
2 1 5 106297 0.1069
2 1 5 105915 0.108
2 1 5 105834 0.1067
2 1 5 105812 0.1109
2 1 5 105805 0.1113
2 1 5 105551 0.1094
2 1 5 105541 0.1116
2 1 5 105201 0.11
2 1 5 105054 0.1083
2 1 5 104296 0.1073
2 1 5 104296 0.1055
2 1 5 104087 0.1108
2 1 5 103780 0.1053
2 1 5 103331 0.106
2 1 5 101806 0.1053
2 1 5 101647 0.1055
2 1 5 101588 0.1084
2 1 5 101322 0.1023
2 1 5 100738 0.1074
2 1 5 100644 0.1054
2 1 5 100542 0.1064
2 1 5 100090 0.1034
2 1 5 99727 0.104
2 1 5 99483 0.1038
2 1 5 99284 0.1016
2 1 5 98278 0.1033
2 1 5 97759 0.09748
2 1 5 97716 0.1043
2 1 5 96293 0.1051
2 1 5 95695 0.1018
2 1 5 95463 0.1027
2 1 5 95018 0.1039
2 1 5 94542 0.1036
2 1 5 93857 0.09799
2 1 5 93543 0.1019
2 1 5 93092 0.09945
2 1 5 92820 0.09797
2 1 5 92779 0.09936
2 1 5 92667 0.1015
2 1 5 92637 0.09907
2 1 5 92474 0.1023
2 1 5 92058 0.09387
2 1 5 91488 0.09799
2 1 5 91319 0.09971
2 1 5 90088 0.09703
2 1 5 89892 0.09672
2 1 5 89564 0.0978
2 1 5 89475 0.09528
2 1 5 88960 0.09591
2 1 5 88040 0.09685
2 1 5 87784 0.09406
2 1 5 87700 0.09476
2 1 5 87523 0.09583
2 1 5 86766 0.09414
2 1 5 86766 0.09516
2 1 5 83047 0.0916
2 1 5 83047 0.09186
2 1 5 82863 0.09025
2 1 5 82646 0.09183
2 1 5 82121 0.09135
2 1 5 80880 0.08913
2 1 5 80724 0.08906
2 1 5 79088 0.08906
2 1 5 77110 0.08626
2 1 5 75696 0.08508
2 1 5 73839 0.08387
2 1 5 73725 0.08326
2 1 5 73531 0.08266
2 1 5 73047 0.08411
2 1 5 64406 0.07212
2 1 5 64402 0.07238
2 1 5 64237 0.07323
2 1 5 64223 0.06961
2 1 5 64152 0.07471
2 1 5 64126 0.07372
2 1 5 63594 0.07489
2 1 5 63396 0.076
2 1 5 62830 0.07185
2 1 5 62784 0.07378
2 1 5 61829 0.06937
2 1 5 61642 0.0738
2 1 5 61515 0.0711
2 1 5 61476 0.07305
2 1 5 60902 0.06871
2 1 5 60888 0.07232
2 1 5 60873 0.07274
2 1 5 60848 0.07032
2 1 5 60488 0.07586
2 1 5 60320 0.07373
2 1 5 60171 0.07422
2 1 5 60140 0.06931
2 1 5 59987 0.0718
2 1 5 59801 0.0727
2 1 5 59401 0.07361
2 1 5 59160 0.07086
2 1 5 58972 0.07206
2 1 5 58184 0.06974
2 1 5 57364 0.07042
2 1 5 57342 0.06825
2 1 5 57296 0.07142
2 1 5 56956 0.06841
2 1 5 56829 0.06999
2 1 5 56749 0.06902
2 1 5 56132 0.06972
2 1 5 55684 0.06649
2 1 5 55073 0.06757
2 1 5 54314 0.06754
2 1 5 53656 0.06537
2 1 5 53568 0.06565
2 1 5 53096 0.06498
2 1 5 53044 0.06785
2 1 5 51901 0.06382
2 1 5 51879 0.06396
2 1 5 51384 0.06312
2 1 5 49591 0.06227
2 1 5 48054 0.05941
2 1 5 47459 0.06061
2 1 5 46653 0.05931
2 1 5 45425 0.05764
2 1 5 41976 0.05041
2 1 5 41933 0.04882
2 1 5 41858 0.04903
2 1 5 41844 0.05006
2 1 5 41781 0.04852
2 1 5 41762 0.0486
2 1 5 41717 0.04979
2 1 5 41657 0.04815
2 1 5 41612 0.05065
2 1 5 41575 0.04892
2 1 5 41559 0.0493
2 1 5 41540 0.04864
2 1 5 41477 0.05032
2 1 5 41371 0.05067
2 1 5 41368 0.05022
2 1 5 41207 0.04905
2 1 5 41189 0.05239
2 1 5 41106 0.04902
2 1 5 40946 0.04773
2 1 5 40759 0.04902
2 1 5 40713 0.04957
2 1 5 40260 0.04832
2 1 5 40204 0.04979
2 1 5 39911 0.04775
2 1 5 39910 0.04778
2 1 5 39894 0.04791
2 1 5 39694 0.04677
2 1 5 39449 0.04967
2 1 5 39185 0.04923
2 1 5 39185 0.04929
2 1 5 39005 0.04823
2 1 5 38627 0.04547
2 1 5 38517 0.04634
2 1 5 38514 0.04439
2 1 5 38276 0.04783
2 1 5 37670 0.04675
2 1 5 37576 0.04438
2 1 5 37226 0.04585
2 1 5 37041 0.04492
2 1 5 36916 0.04715
2 1 5 36698 0.04437
2 1 5 36467 0.04494
2 1 5 36402 0.04454
2 1 5 36068 0.04316
2 1 5 35997 0.04492
2 1 5 35313 0.04386
2 1 5 35155 0.04327
2 1 5 34308 0.0412
2 1 5 33910 0.04126
2 1 5 33101 0.03822
2 1 5 28432 0.03028
2 1 5 28416 0.03
2 1 5 28380 0.03272
2 1 5 28379 0.03095
2 1 5 28375 0.02996
2 1 5 28320 0.0306
2 1 5 28265 0.03104
2 1 5 28248 0.02916
2 1 5 27953 0.03241
2 1 5 27925 0.03187
2 1 5 27898 0.03207
2 1 5 27862 0.03154
2 1 5 27805 0.03302
2 1 5 27769 0.03033
2 1 5 27670 0.03215
2 1 5 27659 0.03097
2 1 5 27643 0.03164
2 1 5 27619 0.02875
2 1 5 27465 0.02919
2 1 5 27391 0.02911
2 1 5 27362 0.02912
2 1 5 27295 0.03112
2 1 5 27145 0.03091
2 1 5 27092 0.03128
2 1 5 27004 0.03064
2 1 5 27004 0.03085
2 1 5 26939 0.03159
2 1 5 26924 0.03073
2 1 5 26865 0.0322
2 1 5 26865 0.03226
2 1 5 26635 0.03141
2 1 5 26635 0.03152
2 1 5 26574 0.03001
2 1 5 26484 0.02668
2 1 5 26384 0.02776
2 1 5 26336 0.02897
2 1 5 26243 0.02975
2 1 5 26055 0.02934
2 1 5 26004 0.02914
2 1 5 26000 0.02916
2 1 5 25996 0.02951
2 1 5 25970 0.02963
2 1 5 25826 0.02951
2 1 5 25720 0.02906
2 1 5 25531 0.02955
2 1 5 25496 0.02855
2 1 5 25200 0.02951
2 1 5 24956 0.02887
2 1 5 24872 0.02891
2 1 5 24097 0.02838
2 1 5 16236 0.01949
2 1 5 16228 0.0194
2 1 5 16227 0.01784
2 1 5 16223 0.01848
2 1 5 16219 0.01766
2 1 5 16215 0.01815
2 1 5 16211 0.01871
2 1 5 16209 0.0183
2 1 5 16207 0.01759
2 1 5 16196 0.01806
2 1 5 16187 0.01794
2 1 5 16172 0.01804
2 1 5 16160 0.01785
2 1 5 16158 0.01857
2 1 5 16153 0.0185
2 1 5 16147 0.01842
2 1 5 16140 0.01871
2 1 5 16115 0.01905
2 1 5 16012 0.0191
2 1 5 15912 0.01895
2 1 5 15902 0.01997
2 1 5 15839 0.01907
2 1 5 15838 0.01768
2 1 5 15796 0.01864
2 1 5 15762 0.0194
2 1 5 15716 0.01864
2 1 5 15682 0.01978
2 1 5 15678 0.01942
2 1 5 15643 0.01971
2 1 5 15607 0.01905
2 1 5 15607 0.01925
2 1 5 15555 0.01965
2 1 5 15530 0.01946
2 1 5 15496 0.01946
2 1 5 15450 0.01909
2 1 5 15442 0.01901
2 1 5 15392 0.01916
2 1 5 15381 0.01889
2 1 5 15376 0.01845
2 1 5 15371 0.01839
2 1 5 15330 0.01867
2 1 5 15270 0.01856
2 1 5 15142 0.019
2 1 5 15134 0.01897
2 1 5 15107 0.0186
2 1 5 15082 0.01827
2 1 5 14860 0.01891
2 1 5 14735 0.01828
2 1 5 14731 0.01843
2 1 5 14113 0.0173
2 1 5 10545 0.01393
2 1 5 10536 0.01334
2 1 5 10535 0.01426
2 1 5 10532 0.01364
2 1 5 10532 0.01376
2 1 5 10529 0.01311
2 1 5 10528 0.01326
2 1 5 10524 0.01344
2 1 5 10519 0.01409
2 1 5 10514 0.01313
2 1 5 10514 0.01452
2 1 5 10511 0.01306
2 1 5 10508 0.01253
2 1 5 10487 0.01376
2 1 5 10452 0.01406
2 1 5 10442 0.01393
2 1 5 10441 0.01427
2 1 5 10417 0.01421
2 1 5 10409 0.01354
2 1 5 10377 0.0143
2 1 5 10367 0.0137
2 1 5 10364 0.01316
2 1 5 10363 0.01352
2 1 5 10335 0.01391
2 1 5 10334 0.01414
2 1 5 10319 0.01472
2 1 5 10318 0.01294
2 1 5 10288 0.01357
2 1 5 10286 0.01305
2 1 5 10284 0.01368
2 1 5 10278 0.01463
2 1 5 10272 0.01409
2 1 5 10242 0.01407
2 1 5 10218 0.01389
2 1 5 10198 0.01373
2 1 5 10185 0.01375
2 1 5 10178 0.0134
2 1 5 10173 0.01337
2 1 5 10157 0.0133
2 1 5 10154 0.01361
2 1 5 10146 0.01314
2 1 5 10088 0.01292
2 1 5 10087 0.01286
2 1 5 10083 0.01324
2 1 5 10066 0.01266
2 1 5 10063 0.01364
2 1 5 9904 0.01364
2 1 5 9901 0.01346
2 1 5 9859 0.01298
2 1 5 9836 0.01335
