4 1 1 100000 0.145
4 1 1 100000 0.1343
4 1 1 100000 0.1286
4 1 1 100000 0.131
4 1 1 100000 0.1299
4 1 1 100000 0.1307
4 1 1 100000 0.1315
4 1 1 100000 0.132
4 1 1 100000 0.1317
4 1 1 100000 0.07562
4 1 1 100000 0.07598
4 1 1 100000 0.07608
4 1 1 100000 0.07617
4 1 1 100000 0.07595
4 1 1 100000 0.07598
4 1 1 100000 0.07577
4 1 1 100000 0.07694
4 1 1 100000 0.07652
4 1 1 100000 0.076
4 1 1 100000 0.07566
4 1 1 100000 0.07727
4 1 1 100000 0.07602
4 1 1 100000 0.07672
4 1 1 100000 0.07639
4 1 1 100000 0.07693
4 1 1 85000 0.1194
4 1 1 85000 0.1189
4 1 1 85000 0.1177
4 1 1 85000 0.1182
4 1 1 85000 0.1174
4 1 1 85000 0.1173
4 1 1 85000 0.1188
4 1 1 85000 0.118
4 1 1 85000 0.1179
4 1 1 85000 0.06644
4 1 1 85000 0.06623
4 1 1 85000 0.06644
4 1 1 85000 0.06595
4 1 1 85000 0.06601
4 1 1 85000 0.06608
4 1 1 85000 0.06614
4 1 1 85000 0.06554
4 1 1 85000 0.06666
4 1 1 85000 0.06612
4 1 1 85000 0.06548
4 1 1 85000 0.06609
4 1 1 85000 0.06629
4 1 1 85000 0.06611
4 1 1 85000 0.06601
4 1 1 85000 0.0658
4 1 1 75000 0.1063
4 1 1 75000 0.1081
4 1 1 75000 0.1081
4 1 1 75000 0.1086
4 1 1 75000 0.109
4 1 1 75000 0.1078
4 1 1 75000 0.1079
4 1 1 75000 0.1074
4 1 1 75000 0.1094
4 1 1 75000 0.06287
4 1 1 75000 0.05575
4 1 1 75000 0.05609
4 1 1 75000 0.05588
4 1 1 75000 0.05623
4 1 1 75000 0.05629
4 1 1 75000 0.05589
4 1 1 75000 0.05573
4 1 1 75000 0.05607
4 1 1 75000 0.05617
4 1 1 75000 0.05646
4 1 1 75000 0.05597
4 1 1 75000 0.0566
4 1 1 75000 0.05599
4 1 1 75000 0.05585
4 1 1 75000 0.05606
4 1 1 50000 0.08854
4 1 1 50000 0.0849
4 1 1 50000 0.08402
4 1 1 50000 0.08429
4 1 1 50000 0.08466
4 1 1 50000 0.08595
4 1 1 50000 0.0846
4 1 1 50000 0.08368
4 1 1 50000 0.08568
4 1 1 50000 0.03288
4 1 1 50000 0.03294
4 1 1 50000 0.03279
4 1 1 50000 0.03278
4 1 1 50000 0.03303
4 1 1 50000 0.03289
4 1 1 50000 0.03318
4 1 1 50000 0.03297
4 1 1 50000 0.03288
4 1 1 50000 0.0331
4 1 1 50000 0.0329
4 1 1 50000 0.03264
4 1 1 50000 0.03309
4 1 1 50000 0.03265
4 1 1 50000 0.03273
4 1 1 50000 0.03296
4 1 1 35000 0.06207
4 1 1 35000 0.06226
4 1 1 35000 0.06195
4 1 1 35000 0.06264
4 1 1 35000 0.06406
4 1 1 35000 0.06278
4 1 1 35000 0.06237
4 1 1 35000 0.06144
4 1 1 35000 0.06267
4 1 1 35000 0.02203
4 1 1 35000 0.02193
4 1 1 35000 0.02186
4 1 1 35000 0.02213
4 1 1 35000 0.0219
4 1 1 35000 0.02192
4 1 1 35000 0.0218
4 1 1 35000 0.02165
4 1 1 35000 0.02178
4 1 1 35000 0.0217
4 1 1 35000 0.02187
4 1 1 35000 0.02174
4 1 1 35000 0.02188
4 1 1 35000 0.02174
4 1 1 35000 0.02183
4 1 1 35000 0.02189
4 1 1 25000 0.04544
4 1 1 25000 0.04603
4 1 1 25000 0.04629
4 1 1 25000 0.04604
4 1 1 25000 0.04706
4 1 1 25000 0.04583
4 1 1 25000 0.04629
4 1 1 25000 0.04554
4 1 1 25000 0.04655
4 1 1 25000 0.01024
4 1 1 25000 0.01016
4 1 1 25000 0.01011
4 1 1 25000 0.01017
4 1 1 25000 0.0102
4 1 1 25000 0.01032
4 1 1 25000 0.01028
4 1 1 25000 0.01007
4 1 1 25000 0.01039
4 1 1 25000 0.01032
4 1 1 25000 0.01032
4 1 1 25000 0.01024
4 1 1 25000 0.01022
4 1 1 25000 0.01017
4 1 1 25000 0.01037
4 1 1 25000 0.01035
4 1 1 15000 0.02839
4 1 1 15000 0.02819
4 1 1 15000 0.02851
4 1 1 15000 0.02798
4 1 1 15000 0.02806
4 1 1 15000 0.02762
4 1 1 15000 0.02841
4 1 1 15000 0.02791
4 1 1 15000 0.02818
4 1 1 15000 0.006793
4 1 1 15000 0.006853
4 1 1 15000 0.006651
4 1 1 15000 0.006772
4 1 1 15000 0.00683
4 1 1 15000 0.006767
4 1 1 15000 0.006713
4 1 1 15000 0.006701
4 1 1 15000 0.006846
4 1 1 15000 0.006846
4 1 1 15000 0.006872
4 1 1 15000 0.006733
4 1 1 15000 0.006745
4 1 1 15000 0.006698
4 1 1 15000 0.006802
4 1 1 15000 0.006829
4 1 1 10000 0.01987
4 1 1 10000 0.01994
4 1 1 10000 0.02004
4 1 1 10000 0.02025
4 1 1 10000 0.02018
4 1 1 10000 0.01966
4 1 1 10000 0.02
4 1 1 10000 0.02013
4 1 1 10000 0.01963
4 1 1 10000 0.00535
4 1 1 10000 0.005242
4 1 1 10000 0.00528
4 1 1 10000 0.005292
4 1 1 10000 0.005246
4 1 1 10000 0.005269
4 1 1 10000 0.005233
4 1 1 10000 0.005281
4 1 1 10000 0.005284
4 1 1 10000 0.005301
4 1 1 10000 0.005268
4 1 1 10000 0.005266
4 1 1 10000 0.005229
4 1 1 10000 0.0053
4 1 1 10000 0.00528
4 1 1 10000 0.005272
4 1 2 113541 0.1598
4 1 2 108902 0.1448
4 1 2 107830 0.1401
4 1 2 102827 0.1354
4 1 2 101290 0.1334
4 1 2 100000 0.07617
4 1 2 100000 0.07586
4 1 2 100000 0.07705
4 1 2 100000 0.07703
4 1 2 100000 0.07693
4 1 2 100000 0.07717
4 1 2 100000 0.07686
4 1 2 100000 0.07701
4 1 2 100000 0.07657
4 1 2 100000 0.07648
4 1 2 100000 0.07741
4 1 2 100000 0.0767
4 1 2 100000 0.07677
4 1 2 100000 0.07727
4 1 2 100000 0.07723
4 1 2 100000 0.07602
4 1 2 100000 0.0765
4 1 2 99198 0.1309
4 1 2 97121 0.1291
4 1 2 93753 0.127
4 1 2 93538 0.1242
4 1 2 91810 0.1241
4 1 2 90928 0.1233
4 1 2 86218 0.1196
4 1 2 85597 0.1188
4 1 2 85059 0.1179
4 1 2 85000 0.06674
4 1 2 85000 0.06628
4 1 2 85000 0.06617
4 1 2 85000 0.06609
4 1 2 85000 0.06678
4 1 2 85000 0.06732
4 1 2 85000 0.0662
4 1 2 85000 0.06618
4 1 2 85000 0.06644
4 1 2 85000 0.06589
4 1 2 85000 0.06626
4 1 2 85000 0.06592
4 1 2 85000 0.0664
4 1 2 85000 0.06589
4 1 2 85000 0.06693
4 1 2 85000 0.06592
4 1 2 84507 0.1165
4 1 2 82145 0.1144
4 1 2 80858 0.1127
4 1 2 80544 0.1136
4 1 2 78135 0.1123
4 1 2 77761 0.1123
4 1 2 77460 0.1111
4 1 2 76532 0.1113
4 1 2 75934 0.1085
4 1 2 75000 0.05595
4 1 2 75000 0.05652
4 1 2 75000 0.05594
4 1 2 75000 0.05628
4 1 2 75000 0.0569
4 1 2 75000 0.05636
4 1 2 75000 0.05631
4 1 2 75000 0.05622
4 1 2 75000 0.05646
4 1 2 75000 0.05711
4 1 2 75000 0.05634
4 1 2 75000 0.05623
4 1 2 75000 0.05656
4 1 2 75000 0.05631
4 1 2 75000 0.05666
4 1 2 75000 0.05673
4 1 2 75000 0.05588
4 1 2 74660 0.1095
4 1 2 70033 0.1047
4 1 2 53383 0.09043
4 1 2 53238 0.0887
4 1 2 52711 0.08931
4 1 2 52268 0.0878
4 1 2 51440 0.08704
4 1 2 50879 0.08388
4 1 2 50000 0.03265
4 1 2 50000 0.0332
4 1 2 50000 0.03285
4 1 2 50000 0.03313
4 1 2 50000 0.0332
4 1 2 50000 0.0334
4 1 2 50000 0.03283
4 1 2 50000 0.03295
4 1 2 50000 0.03314
4 1 2 50000 0.03313
4 1 2 50000 0.03343
4 1 2 50000 0.03307
4 1 2 50000 0.03322
4 1 2 50000 0.03306
4 1 2 50000 0.03293
4 1 2 50000 0.03285
4 1 2 50000 0.03293
4 1 2 49765 0.08516
4 1 2 47480 0.08087
4 1 2 36662 0.06518
4 1 2 36662 0.06505
4 1 2 36209 0.06433
4 1 2 35875 0.06386
4 1 2 35380 0.06295
4 1 2 35296 0.06212
4 1 2 35000 0.02189
4 1 2 35000 0.02186
4 1 2 35000 0.02204
4 1 2 35000 0.02188
4 1 2 35000 0.02202
4 1 2 35000 0.02224
4 1 2 35000 0.02219
4 1 2 35000 0.02203
4 1 2 35000 0.02205
4 1 2 35000 0.02203
4 1 2 35000 0.02191
4 1 2 35000 0.02206
4 1 2 35000 0.02239
4 1 2 35000 0.022
4 1 2 35000 0.02174
4 1 2 35000 0.0219
4 1 2 34868 0.06145
4 1 2 34387 0.06091
4 1 2 33790 0.05927
4 1 2 25847 0.04733
4 1 2 25818 0.0475
4 1 2 25597 0.04773
4 1 2 25467 0.04663
4 1 2 25171 0.04582
4 1 2 25000 0.01023
4 1 2 25000 0.01014
4 1 2 25000 0.01032
4 1 2 25000 0.01037
4 1 2 25000 0.01029
4 1 2 25000 0.01033
4 1 2 25000 0.01025
4 1 2 25000 0.01033
4 1 2 25000 0.01028
4 1 2 25000 0.01018
4 1 2 25000 0.01015
4 1 2 25000 0.01034
4 1 2 25000 0.01021
4 1 2 25000 0.01045
4 1 2 25000 0.0103
4 1 2 25000 0.01044
4 1 2 24933 0.04592
4 1 2 24691 0.04561
4 1 2 24667 0.04558
4 1 2 24115 0.04397
4 1 2 15267 0.02894
4 1 2 15232 0.02899
4 1 2 15184 0.02912
4 1 2 15033 0.02806
4 1 2 15018 0.0288
4 1 2 15000 0.006745
4 1 2 15000 0.006789
4 1 2 15000 0.006735
4 1 2 15000 0.00666
4 1 2 15000 0.0066
4 1 2 15000 0.006648
4 1 2 15000 0.006824
4 1 2 15000 0.006702
4 1 2 15000 0.006697
4 1 2 15000 0.006719
4 1 2 15000 0.006653
4 1 2 15000 0.006743
4 1 2 15000 0.006871
4 1 2 15000 0.006814
4 1 2 15000 0.006903
4 1 2 15000 0.006861
4 1 2 14990 0.02854
4 1 2 14978 0.02835
4 1 2 14919 0.02796
4 1 2 14741 0.02814
4 1 2 10134 0.02082
4 1 2 10132 0.02018
4 1 2 10118 0.0205
4 1 2 10100 0.02066
4 1 2 10034 0.01995
4 1 2 10027 0.01993
4 1 2 10000 0.005311
4 1 2 10000 0.005265
4 1 2 10000 0.005218
4 1 2 10000 0.005263
4 1 2 10000 0.005325
4 1 2 10000 0.005286
4 1 2 10000 0.005262
4 1 2 10000 0.005261
4 1 2 10000 0.005253
4 1 2 10000 0.005356
4 1 2 10000 0.005262
4 1 2 10000 0.005209
4 1 2 10000 0.005349
4 1 2 10000 0.005293
4 1 2 10000 0.0053
4 1 2 10000 0.005313
4 1 2 10000 0.005238
4 1 2 9970 0.02002
4 1 2 9876 0.02
4 1 3 117749 0.149
4 1 3 112694 0.145
4 1 3 111830 0.1442
4 1 3 109735 0.1386
4 1 3 109295 0.139
4 1 3 103860 0.1367
4 1 3 100000 0.07673
4 1 3 100000 0.07585
4 1 3 100000 0.07683
4 1 3 100000 0.07775
4 1 3 100000 0.07731
4 1 3 100000 0.0773
4 1 3 100000 0.07674
4 1 3 100000 0.07676
4 1 3 100000 0.07651
4 1 3 100000 0.07616
4 1 3 100000 0.07657
4 1 3 100000 0.07692
4 1 3 100000 0.07685
4 1 3 100000 0.07694
4 1 3 100000 0.07699
4 1 3 100000 0.07611
4 1 3 100000 0.07723
4 1 3 100000 0.07696
4 1 3 96909 0.1277
4 1 3 96580 0.1297
4 1 3 94846 0.1273
4 1 3 91616 0.1233
4 1 3 89618 0.1222
4 1 3 89256 0.121
4 1 3 86779 0.1187
4 1 3 85000 0.06554
4 1 3 85000 0.06534
4 1 3 85000 0.06594
4 1 3 85000 0.06626
4 1 3 85000 0.06643
4 1 3 85000 0.06623
4 1 3 85000 0.06691
4 1 3 85000 0.06702
4 1 3 85000 0.0659
4 1 3 85000 0.06729
4 1 3 85000 0.06622
4 1 3 85000 0.06687
4 1 3 85000 0.06736
4 1 3 85000 0.06631
4 1 3 85000 0.06624
4 1 3 85000 0.0662
4 1 3 85000 0.06625
4 1 3 85000 0.06708
4 1 3 84553 0.1175
4 1 3 80824 0.1131
4 1 3 79913 0.1131
4 1 3 78256 0.113
4 1 3 77183 0.106
4 1 3 77139 0.1109
4 1 3 76013 0.11
4 1 3 75000 0.05547
4 1 3 75000 0.05559
4 1 3 75000 0.0562
4 1 3 75000 0.0564
4 1 3 75000 0.05627
4 1 3 75000 0.05603
4 1 3 75000 0.05666
4 1 3 75000 0.05543
4 1 3 75000 0.05623
4 1 3 75000 0.05632
4 1 3 75000 0.05614
4 1 3 75000 0.05623
4 1 3 75000 0.05618
4 1 3 75000 0.05633
4 1 3 75000 0.05624
4 1 3 75000 0.05612
4 1 3 74800 0.1092
4 1 3 71635 0.1066
4 1 3 68107 0.1032
4 1 3 56321 0.09264
4 1 3 55031 0.09192
4 1 3 54410 0.08981
4 1 3 52817 0.08921
4 1 3 51630 0.0883
4 1 3 50000 0.03365
4 1 3 50000 0.03297
4 1 3 50000 0.03278
4 1 3 50000 0.03302
4 1 3 50000 0.03255
4 1 3 50000 0.03318
4 1 3 50000 0.03326
4 1 3 50000 0.03385
4 1 3 50000 0.03331
4 1 3 50000 0.03305
4 1 3 50000 0.03305
4 1 3 50000 0.03308
4 1 3 50000 0.03289
4 1 3 50000 0.03342
4 1 3 50000 0.03318
4 1 3 50000 0.03344
4 1 3 49942 0.08441
4 1 3 49178 0.08239
4 1 3 48037 0.0815
4 1 3 46750 0.08047
4 1 3 38403 0.06656
4 1 3 37337 0.06511
4 1 3 36969 0.06523
4 1 3 36024 0.06447
4 1 3 35511 0.06499
4 1 3 35366 0.06335
4 1 3 35000 0.02178
4 1 3 35000 0.02165
4 1 3 35000 0.02191
4 1 3 35000 0.02181
4 1 3 35000 0.02175
4 1 3 35000 0.02185
4 1 3 35000 0.02175
4 1 3 35000 0.02182
4 1 3 35000 0.02189
4 1 3 35000 0.02189
4 1 3 35000 0.02192
4 1 3 35000 0.0219
4 1 3 35000 0.02182
4 1 3 35000 0.025
4 1 3 35000 0.02777
4 1 3 35000 0.02763
4 1 3 35000 0.0253
4 1 3 34736 0.06132
4 1 3 33824 0.06166
4 1 3 26647 0.04923
4 1 3 26197 0.04771
4 1 3 25877 0.04674
4 1 3 25481 0.04727
4 1 3 25273 0.04631
4 1 3 25129 0.046
4 1 3 25000 0.01023
4 1 3 25000 0.01021
4 1 3 25000 0.01038
4 1 3 25000 0.01031
4 1 3 25000 0.01024
4 1 3 25000 0.01031
4 1 3 25000 0.01034
4 1 3 25000 0.01033
4 1 3 25000 0.01013
4 1 3 25000 0.01022
4 1 3 25000 0.01028
4 1 3 25000 0.01032
4 1 3 25000 0.01013
4 1 3 25000 0.01025
4 1 3 25000 0.01033
4 1 3 25000 0.01013
4 1 3 25000 0.01035
4 1 3 24779 0.04668
4 1 3 23606 0.04376
4 1 3 15442 0.03068
4 1 3 15312 0.02938
4 1 3 15195 0.02905
4 1 3 15118 0.02881
4 1 3 15039 0.02913
4 1 3 15000 0.006899
4 1 3 15000 0.006743
4 1 3 15000 0.006793
4 1 3 15000 0.006828
4 1 3 15000 0.006578
4 1 3 15000 0.006652
4 1 3 15000 0.006693
4 1 3 15000 0.006721
4 1 3 15000 0.006886
4 1 3 15000 0.006831
4 1 3 15000 0.006817
4 1 3 15000 0.006809
4 1 3 15000 0.006826
4 1 3 15000 0.00664
4 1 3 15000 0.006841
4 1 3 15000 0.006756
4 1 3 15000 0.006818
4 1 3 14973 0.02894
4 1 3 14878 0.02876
4 1 3 14646 0.02916
4 1 3 10223 0.02063
4 1 3 10194 0.02087
4 1 3 10152 0.02089
4 1 3 10117 0.02062
4 1 3 10037 0.02016
4 1 3 10000 0.005326
4 1 3 10000 0.005315
4 1 3 10000 0.005304
4 1 3 10000 0.005261
4 1 3 10000 0.005295
4 1 3 10000 0.005262
4 1 3 10000 0.00525
4 1 3 10000 0.005227
4 1 3 10000 0.005237
4 1 3 10000 0.005228
4 1 3 10000 0.005227
4 1 3 10000 0.005249
4 1 3 10000 0.005268
4 1 3 10000 0.005207
4 1 3 10000 0.005284
4 1 3 10000 0.005288
4 1 3 10000 0.00525
4 1 3 9979 0.01982
4 1 3 9890 0.02037
4 1 3 9819 0.02027
4 1 4 128812 0.2694
4 1 4 117814 0.1578
4 1 4 114116 0.1457
4 1 4 112142 0.1438
4 1 4 110043 0.1411
4 1 4 106490 0.1363
4 1 4 104575 0.1303
4 1 4 104318 0.1362
4 1 4 100253 0.1313
4 1 4 100000 0.07689
4 1 4 100000 0.07696
4 1 4 100000 0.07712
4 1 4 100000 0.07721
4 1 4 100000 0.07597
4 1 4 100000 0.07661
4 1 4 100000 0.07695
4 1 4 100000 0.07689
4 1 4 100000 0.07709
4 1 4 100000 0.07658
4 1 4 100000 0.07676
4 1 4 100000 0.07674
4 1 4 100000 0.07629
4 1 4 100000 0.0766
4 1 4 100000 0.07663
4 1 4 100000 0.07683
4 1 4 100000 0.07587
4 1 4 95473 0.1285
4 1 4 94332 0.1258
4 1 4 90138 0.123
4 1 4 88985 0.1207
4 1 4 88128 0.1198
4 1 4 86898 0.1201
4 1 4 85464 0.1168
4 1 4 85000 0.06672
4 1 4 85000 0.06638
4 1 4 85000 0.06559
4 1 4 85000 0.06604
4 1 4 85000 0.06672
4 1 4 85000 0.06757
4 1 4 85000 0.06654
4 1 4 85000 0.06652
4 1 4 85000 0.06664
4 1 4 85000 0.06665
4 1 4 85000 0.06642
4 1 4 85000 0.06605
4 1 4 85000 0.06648
4 1 4 85000 0.0668
4 1 4 85000 0.06582
4 1 4 85000 0.06601
4 1 4 84653 0.1152
4 1 4 83121 0.1149
4 1 4 82589 0.1153
4 1 4 81903 0.1142
4 1 4 79580 0.1139
4 1 4 76602 0.1095
4 1 4 75000 0.05605
4 1 4 75000 0.05661
4 1 4 75000 0.05583
4 1 4 75000 0.05653
4 1 4 75000 0.05625
4 1 4 75000 0.05646
4 1 4 75000 0.05629
4 1 4 75000 0.05679
4 1 4 75000 0.05643
4 1 4 75000 0.05657
4 1 4 75000 0.05597
4 1 4 75000 0.05629
4 1 4 75000 0.05651
4 1 4 75000 0.05551
4 1 4 75000 0.05581
4 1 4 75000 0.05529
4 1 4 74709 0.1079
4 1 4 72420 0.106
4 1 4 70364 0.105
4 1 4 67126 0.103
4 1 4 58247 0.09224
4 1 4 56477 0.0924
4 1 4 55570 0.09151
4 1 4 53533 0.08905
4 1 4 52223 0.08638
4 1 4 51024 0.08586
4 1 4 50000 0.03327
4 1 4 50000 0.03318
4 1 4 50000 0.03327
4 1 4 50000 0.03301
4 1 4 50000 0.03321
4 1 4 50000 0.03299
4 1 4 50000 0.03304
4 1 4 50000 0.03312
4 1 4 50000 0.03307
4 1 4 50000 0.03308
4 1 4 50000 0.03291
4 1 4 50000 0.0329
4 1 4 50000 0.03312
4 1 4 50000 0.03285
4 1 4 50000 0.0327
4 1 4 50000 0.03303
4 1 4 50000 0.03264
4 1 4 48718 0.08257
4 1 4 46696 0.0801
4 1 4 38022 0.0662
4 1 4 38015 0.06435
4 1 4 36947 0.06501
4 1 4 36740 0.06492
4 1 4 36498 0.06338
4 1 4 36246 0.06288
4 1 4 35984 0.06436
4 1 4 35000 0.02184
4 1 4 35000 0.02199
4 1 4 35000 0.02186
4 1 4 35000 0.02201
4 1 4 35000 0.0219
4 1 4 35000 0.02196
4 1 4 35000 0.02202
4 1 4 35000 0.02194
4 1 4 35000 0.02179
4 1 4 35000 0.02169
4 1 4 35000 0.02177
4 1 4 35000 0.02192
4 1 4 35000 0.02147
4 1 4 35000 0.02163
4 1 4 35000 0.02158
4 1 4 35000 0.02176
4 1 4 34802 0.06184
4 1 4 32526 0.05823
4 1 4 27621 0.05008
4 1 4 27258 0.04965
4 1 4 26457 0.04809
4 1 4 25834 0.04757
4 1 4 25292 0.04603
4 1 4 25206 0.04605
4 1 4 25000 0.01018
4 1 4 25000 0.01017
4 1 4 25000 0.01023
4 1 4 25000 0.01022
4 1 4 25000 0.01038
4 1 4 25000 0.01023
4 1 4 25000 0.01027
4 1 4 25000 0.01025
4 1 4 25000 0.01019
4 1 4 25000 0.01009
4 1 4 25000 0.01027
4 1 4 25000 0.01021
4 1 4 25000 0.01017
4 1 4 25000 0.01025
4 1 4 25000 0.01022
4 1 4 25000 0.01041
4 1 4 24723 0.04611
4 1 4 24655 0.04656
4 1 4 23620 0.04412
4 1 4 15466 0.03014
4 1 4 15433 0.03006
4 1 4 15293 0.02976
4 1 4 15265 0.02992
4 1 4 15019 0.02894
4 1 4 15000 0.006862
4 1 4 15000 0.006869
4 1 4 15000 0.006783
4 1 4 15000 0.006747
4 1 4 15000 0.006797
4 1 4 15000 0.006813
4 1 4 15000 0.006809
4 1 4 15000 0.0068
4 1 4 15000 0.006753
4 1 4 15000 0.006838
4 1 4 15000 0.006796
4 1 4 15000 0.006736
4 1 4 15000 0.006807
4 1 4 15000 0.006809
4 1 4 15000 0.006769
4 1 4 15000 0.006718
4 1 4 15000 0.00685
4 1 4 14929 0.0286
4 1 4 14814 0.02832
4 1 4 14433 0.02779
4 1 4 10362 0.02146
4 1 4 10254 0.02145
4 1 4 10161 0.0208
4 1 4 10151 0.02051
4 1 4 10081 0.02057
4 1 4 10039 0.02034
4 1 4 10000 0.005255
4 1 4 10000 0.005288
4 1 4 10000 0.005263
4 1 4 10000 0.00518
4 1 4 10000 0.005194
4 1 4 10000 0.005227
4 1 4 10000 0.005359
4 1 4 10000 0.005243
4 1 4 10000 0.005265
4 1 4 10000 0.005275
4 1 4 10000 0.005252
4 1 4 10000 0.005247
4 1 4 10000 0.005259
4 1 4 10000 0.005287
4 1 4 10000 0.005255
4 1 4 10000 0.00525
4 1 4 9999 0.02015
4 1 4 9936 0.02016
4 1 4 9910 0.02062
4 1 5 143837 0.3042
4 1 5 119797 0.1523
4 1 5 118204 0.149
4 1 5 112415 0.1383
4 1 5 109466 0.1411
4 1 5 106932 0.1402
4 1 5 105769 0.1375
4 1 5 102247 0.1342
4 1 5 100824 0.1348
4 1 5 100204 0.1313
4 1 5 100000 0.07612
4 1 5 100000 0.07654
4 1 5 100000 0.07586
4 1 5 100000 0.07627
4 1 5 100000 0.1198
4 1 5 100000 0.1203
4 1 5 100000 0.1147
4 1 5 100000 0.07672
4 1 5 100000 0.07683
4 1 5 100000 0.07638
4 1 5 100000 0.07688
4 1 5 100000 0.0764
4 1 5 100000 0.07707
4 1 5 100000 0.07651
4 1 5 100000 0.07586
4 1 5 100000 0.07582
4 1 5 99886 0.1319
4 1 5 94259 0.1276
4 1 5 93449 0.1259
4 1 5 90977 0.1252
4 1 5 89806 0.1218
4 1 5 87972 0.1203
4 1 5 85686 0.1184
4 1 5 85000 0.06586
4 1 5 85000 0.06585
4 1 5 85000 0.06583
4 1 5 85000 0.06657
4 1 5 85000 0.06591
4 1 5 85000 0.0665
4 1 5 85000 0.06596
4 1 5 85000 0.06633
4 1 5 85000 0.06652
4 1 5 85000 0.06586
4 1 5 85000 0.0662
4 1 5 85000 0.06576
4 1 5 85000 0.06561
4 1 5 85000 0.06607
4 1 5 85000 0.06586
4 1 5 85000 0.07555
4 1 5 85000 0.09073
4 1 5 84801 0.1242
4 1 5 83646 0.1166
4 1 5 80586 0.1142
4 1 5 80320 0.1138
4 1 5 79387 0.1139
4 1 5 77482 0.1096
4 1 5 75134 0.1086
4 1 5 75000 0.05601
4 1 5 75000 0.05554
4 1 5 75000 0.05643
4 1 5 75000 0.05595
4 1 5 75000 0.05564
4 1 5 75000 0.05603
4 1 5 75000 0.05555
4 1 5 75000 0.05604
4 1 5 75000 0.05606
4 1 5 75000 0.05576
4 1 5 75000 0.0562
4 1 5 75000 0.05602
4 1 5 75000 0.05598
4 1 5 75000 0.05568
4 1 5 75000 0.05544
4 1 5 75000 0.05562
4 1 5 72081 0.1061
4 1 5 68896 0.1042
4 1 5 60307 0.09687
4 1 5 58216 0.09375
4 1 5 56055 0.0922
4 1 5 53521 0.09141
4 1 5 51741 0.08728
4 1 5 50000 0.03318
4 1 5 50000 0.03306
4 1 5 50000 0.03317
4 1 5 50000 0.03329
4 1 5 50000 0.03291
4 1 5 50000 0.0328
4 1 5 50000 0.03274
4 1 5 50000 0.0328
4 1 5 50000 0.03295
4 1 5 50000 0.0327
4 1 5 50000 0.03309
4 1 5 50000 0.033
4 1 5 50000 0.03293
4 1 5 50000 0.03292
4 1 5 50000 0.0329
4 1 5 50000 0.03287
4 1 5 50000 0.03256
4 1 5 49052 0.08867
4 1 5 48566 0.09225
4 1 5 45441 0.08743
4 1 5 38861 0.07528
4 1 5 38811 0.07338
4 1 5 37928 0.06947
4 1 5 37356 0.06678
4 1 5 36514 0.06523
4 1 5 35799 0.06386
4 1 5 35000 0.02206
4 1 5 35000 0.02197
4 1 5 35000 0.02184
4 1 5 35000 0.02195
4 1 5 35000 0.02188
4 1 5 35000 0.022
4 1 5 35000 0.02169
4 1 5 35000 0.02191
4 1 5 35000 0.02185
4 1 5 35000 0.02186
4 1 5 35000 0.02174
4 1 5 35000 0.02185
4 1 5 35000 0.02175
4 1 5 35000 0.0218
4 1 5 35000 0.02191
4 1 5 35000 0.02162
4 1 5 35000 0.02154
4 1 5 34438 0.06232
4 1 5 33936 0.06276
4 1 5 27717 0.0518
4 1 5 26776 0.04933
4 1 5 25854 0.04834
4 1 5 25406 0.04815
4 1 5 25358 0.04777
4 1 5 25151 0.04709
4 1 5 25000 0.01033
4 1 5 25000 0.01018
4 1 5 25000 0.01035
4 1 5 25000 0.01013
4 1 5 25000 0.01031
4 1 5 25000 0.01016
4 1 5 25000 0.01031
4 1 5 25000 0.01037
4 1 5 25000 0.01033
4 1 5 25000 0.0102
4 1 5 25000 0.01048
4 1 5 25000 0.01016
4 1 5 25000 0.01029
4 1 5 25000 0.0102
4 1 5 25000 0.01027
4 1 5 25000 0.01023
4 1 5 24901 0.0482
4 1 5 24464 0.0472
4 1 5 24223 0.04523
4 1 5 15544 0.03102
4 1 5 15444 0.03105
4 1 5 15369 0.03023
4 1 5 15215 0.03006
4 1 5 15163 0.02996
4 1 5 15129 0.02918
4 1 5 15062 0.02935
4 1 5 15000 0.006882
4 1 5 15000 0.006779
4 1 5 15000 0.006739
4 1 5 15000 0.006693
4 1 5 15000 0.006706
4 1 5 15000 0.006664
4 1 5 15000 0.006797
4 1 5 15000 0.006718
4 1 5 15000 0.006645
4 1 5 15000 0.006778
4 1 5 15000 0.006698
4 1 5 15000 0.006684
4 1 5 15000 0.006686
4 1 5 15000 0.00684
4 1 5 15000 0.006751
4 1 5 15000 0.006736
4 1 5 14760 0.02838
4 1 5 14412 0.02898
4 1 5 10410 0.0216
4 1 5 10331 0.02186
4 1 5 10269 0.02155
4 1 5 10200 0.02089
4 1 5 10052 0.02121
4 1 5 10000 0.005296
4 1 5 10000 0.005284
4 1 5 10000 0.00526
4 1 5 10000 0.005227
4 1 5 10000 0.005299
4 1 5 10000 0.005306
4 1 5 10000 0.005389
4 1 5 10000 0.005252
4 1 5 10000 0.005233
4 1 5 10000 0.005282
4 1 5 10000 0.005292
4 1 5 10000 0.005311
4 1 5 10000 0.005299
4 1 5 10000 0.005289
4 1 5 10000 0.005243
4 1 5 10000 0.005281
4 1 5 10000 0.005229
4 1 5 9976 0.0209
4 1 5 9892 0.02087
4 1 5 9840 0.02087
