16 4 1 100000 0.1674
16 4 1 100000 0.1603
16 4 1 100000 0.1553
16 4 1 100000 0.1584
16 4 1 100000 0.148
16 4 1 100000 0.133
16 4 1 85000 0.1191
16 4 1 85000 0.119
16 4 1 85000 0.1196
16 4 1 85000 0.1189
16 4 1 85000 0.1194
16 4 1 85000 0.1186
16 4 1 75000 0.1097
16 4 1 75000 0.108
16 4 1 75000 0.1089
16 4 1 75000 0.1086
16 4 1 75000 0.1101
16 4 1 75000 0.1083
16 4 1 75000 0.1087
16 4 1 50000 0.08355
16 4 1 50000 0.08547
16 4 1 50000 0.08704
16 4 1 50000 0.0853
16 4 1 50000 0.08543
16 4 1 35000 0.06233
16 4 1 35000 0.06233
16 4 1 35000 0.06302
16 4 1 35000 0.06209
16 4 1 35000 0.06353
16 4 1 35000 0.06317
16 4 1 35000 0.06292
16 4 1 25000 0.04676
16 4 1 25000 0.0465
16 4 1 25000 0.04599
16 4 1 25000 0.04609
16 4 1 25000 0.04662
16 4 1 25000 0.04571
16 4 1 15000 0.02855
16 4 1 15000 0.02857
16 4 1 15000 0.02834
16 4 1 15000 0.02818
16 4 1 15000 0.02823
16 4 1 15000 0.02859
16 4 1 15000 0.02861
16 4 1 10000 0.01989
16 4 1 10000 0.02009
16 4 1 10000 0.01991
16 4 1 10000 0.0198
16 4 1 10000 0.02035
16 4 1 10000 0.02035
16 4 2 108526 0.1406
16 4 2 107940 0.1408
16 4 2 103939 0.1365
16 4 2 99191 0.1321
16 4 2 97726 0.1309
16 4 2 94781 0.1263
16 4 2 93474 0.1263
16 4 2 91624 0.1244
16 4 2 89811 0.1227
16 4 2 84507 0.1185
16 4 2 82882 0.1182
16 4 2 81987 0.116
16 4 2 81154 0.1148
16 4 2 79568 0.115
16 4 2 79281 0.1125
16 4 2 77406 0.1112
16 4 2 74834 0.1097
16 4 2 72908 0.108
16 4 2 71937 0.1072
16 4 2 52913 0.09014
16 4 2 52139 0.08777
16 4 2 50999 0.08741
16 4 2 50426 0.0864
16 4 2 47958 0.08184
16 4 2 36662 0.06517
16 4 2 36545 0.06517
16 4 2 36122 0.06427
16 4 2 35008 0.06238
16 4 2 34650 0.06172
16 4 2 34460 0.06137
16 4 2 33502 0.06012
16 4 2 25848 0.0472
16 4 2 25736 0.04674
16 4 2 25451 0.04619
16 4 2 25170 0.04587
16 4 2 24535 0.04499
16 4 2 24190 0.04403
16 4 2 15295 0.02922
16 4 2 15280 0.02947
16 4 2 15267 0.02923
16 4 2 15105 0.0288
16 4 2 15022 0.0291
16 4 2 14932 0.02882
16 4 2 14763 0.02813
16 4 2 10128 0.02063
16 4 2 10104 0.0201
16 4 2 10048 0.02037
16 4 2 10011 0.01967
16 4 2 9986 0.01989
16 4 2 9876 0.02008
16 4 3 113530 0.1476
16 4 3 110772 0.1428
16 4 3 105923 0.1389
16 4 3 104346 0.1372
16 4 3 102057 0.1336
16 4 3 93835 0.1275
16 4 3 92187 0.1248
16 4 3 91277 0.1244
16 4 3 89964 0.1231
16 4 3 87589 0.1195
16 4 3 85483 0.1171
16 4 3 84408 0.1186
16 4 3 83492 0.1151
16 4 3 79536 0.1115
16 4 3 78605 0.1115
16 4 3 77502 0.1114
16 4 3 76573 0.1114
16 4 3 72503 0.1068
16 4 3 62059 0.09695
16 4 3 54793 0.09049
16 4 3 52938 0.0894
16 4 3 52388 0.0879
16 4 3 51277 0.08642
16 4 3 48742 0.08112
16 4 3 45325 0.07807
16 4 3 37295 0.06535
16 4 3 36078 0.06326
16 4 3 35037 0.0619
16 4 3 34229 0.06011
16 4 3 33751 0.05951
16 4 3 32680 0.05748
16 4 3 26519 0.04784
16 4 3 25681 0.04729
16 4 3 25312 0.04613
16 4 3 24888 0.0455
16 4 3 24588 0.04437
16 4 3 24254 0.04463
16 4 3 15604 0.02995
16 4 3 15535 0.02992
16 4 3 15423 0.02925
16 4 3 15278 0.02881
16 4 3 15102 0.02857
16 4 3 15040 0.02864
16 4 3 14423 0.02735
16 4 3 10215 0.0205
16 4 3 10125 0.02052
16 4 3 10095 0.02008
16 4 3 10065 0.02014
16 4 3 10009 0.02016
16 4 3 9880 0.02041
16 4 4 118409 0.1527
16 4 4 118409 0.1512
16 4 4 109104 0.1431
16 4 4 100989 0.1352
16 4 4 98730 0.1328
16 4 4 95658 0.1284
16 4 4 95342 0.1297
16 4 4 93971 0.128
16 4 4 91673 0.1267
16 4 4 87597 0.1202
16 4 4 87597 0.1198
16 4 4 84467 0.1176
16 4 4 82146 0.1185
16 4 4 81557 0.1151
16 4 4 79661 0.1138
16 4 4 77604 0.1118
16 4 4 73760 0.1102
16 4 4 72625 0.1094
16 4 4 58910 0.09679
16 4 4 56683 0.09412
16 4 4 55600 0.09181
16 4 4 55077 0.09288
16 4 4 50779 0.08715
16 4 4 49662 0.0857
16 4 4 47200 0.08206
16 4 4 38257 0.06648
16 4 4 36932 0.0661
16 4 4 35221 0.06462
16 4 4 34786 0.06268
16 4 4 34422 0.06126
16 4 4 33687 0.0608
16 4 4 26391 0.04934
16 4 4 25736 0.04823
16 4 4 25464 0.04832
16 4 4 25001 0.04724
16 4 4 24892 0.04767
16 4 4 24413 0.04644
16 4 4 15720 0.03075
16 4 4 15672 0.03126
16 4 4 15351 0.03108
16 4 4 15267 0.03055
16 4 4 15100 0.03
16 4 4 14860 0.02982
16 4 4 14451 0.0289
16 4 4 10233 0.02159
16 4 4 10210 0.02156
16 4 4 10161 0.02114
16 4 4 10034 0.02073
16 4 4 9967 0.0207
16 4 4 9909 0.02091
16 4 5 122167 0.154
16 4 5 122167 0.1529
16 4 5 112385 0.1451
16 4 5 108208 0.1411
16 4 5 100121 0.1334
16 4 5 99344 0.1361
16 4 5 97052 0.1296
16 4 5 95096 0.1282
16 4 5 92790 0.125
16 4 5 90480 0.1243
16 4 5 89987 0.1237
16 4 5 86745 0.1202
16 4 5 85048 0.1185
16 4 5 80174 0.1138
16 4 5 79387 0.1129
16 4 5 76381 0.1113
16 4 5 72903 0.1083
16 4 5 70851 0.1057
16 4 5 69393 0.107
16 4 5 56172 0.09202
16 4 5 55095 0.09088
16 4 5 53032 0.08981
16 4 5 52133 0.08822
16 4 5 49823 0.08191
16 4 5 40052 0.06997
16 4 5 39772 0.06856
16 4 5 37301 0.06514
16 4 5 36447 0.06442
16 4 5 35757 0.06453
16 4 5 34416 0.06191
16 4 5 33984 0.06173
16 4 5 27284 0.05035
16 4 5 26624 0.0499
16 4 5 26210 0.04836
16 4 5 25677 0.04909
16 4 5 24976 0.04662
16 4 5 24205 0.04502
16 4 5 23699 0.0442
16 4 5 15543 0.03046
16 4 5 15502 0.03072
16 4 5 15362 0.03056
16 4 5 15084 0.03021
16 4 5 14944 0.02956
16 4 5 10364 0.02143
16 4 5 10214 0.02135
16 4 5 10150 0.02135
16 4 5 10114 0.0212
16 4 5 10075 0.02096
16 4 5 10041 0.02077
16 4 5 9916 0.02091
