2 1 1 100000 0.1128
2 1 1 100000 0.1119
2 1 1 100000 0.1074
2 1 1 100000 0.106
2 1 1 100000 0.1067
2 1 1 100000 0.1067
2 1 1 100000 0.106
2 1 1 100000 0.1087
2 1 1 100000 0.1087
2 1 1 100000 0.1065
2 1 1 100000 0.1083
2 1 1 100000 0.1082
2 1 1 100000 0.108
2 1 1 100000 0.1046
2 1 1 100000 0.1073
2 1 1 100000 0.1083
2 1 1 100000 0.1039
2 1 1 100000 0.1049
2 1 1 100000 0.103
2 1 1 100000 0.1033
2 1 1 100000 0.1032
2 1 1 100000 0.1043
2 1 1 100000 0.1094
2 1 1 100000 0.1015
2 1 1 100000 0.1046
2 1 1 100000 0.1039
2 1 1 100000 0.106
2 1 1 100000 0.1044
2 1 1 100000 0.1052
2 1 1 100000 0.1061
2 1 1 100000 0.1037
2 1 1 100000 0.1052
2 1 1 100000 0.1057
2 1 1 100000 0.1063
2 1 1 100000 0.1075
2 1 1 100000 0.1075
2 1 1 100000 0.1079
2 1 1 100000 0.1074
2 1 1 100000 0.1068
2 1 1 100000 0.1073
2 1 1 100000 0.1072
2 1 1 100000 0.1079
2 1 1 100000 0.1083
2 1 1 100000 0.1051
2 1 1 100000 0.1052
2 1 1 100000 0.1062
2 1 1 100000 0.1071
2 1 1 100000 0.1078
2 1 1 100000 0.1059
2 1 1 100000 0.1077
2 1 1 85000 0.0943
2 1 1 85000 0.09524
2 1 1 85000 0.09412
2 1 1 85000 0.09263
2 1 1 85000 0.09412
2 1 1 85000 0.09474
2 1 1 85000 0.09166
2 1 1 85000 0.0946
2 1 1 85000 0.09426
2 1 1 85000 0.09448
2 1 1 85000 0.09486
2 1 1 85000 0.0948
2 1 1 85000 0.09425
2 1 1 85000 0.0931
2 1 1 85000 0.09603
2 1 1 85000 0.09358
2 1 1 85000 0.0926
2 1 1 85000 0.09134
2 1 1 85000 0.09308
2 1 1 85000 0.09237
2 1 1 85000 0.09131
2 1 1 85000 0.09367
2 1 1 85000 0.09343
2 1 1 85000 0.09186
2 1 1 85000 0.09367
2 1 1 85000 0.09191
2 1 1 85000 0.09354
2 1 1 85000 0.09285
2 1 1 85000 0.09278
2 1 1 85000 0.09131
2 1 1 85000 0.09176
2 1 1 85000 0.08845
2 1 1 85000 0.09518
2 1 1 85000 0.09761
2 1 1 85000 0.09408
2 1 1 85000 0.0939
2 1 1 85000 0.09474
2 1 1 85000 0.09198
2 1 1 85000 0.09282
2 1 1 85000 0.09468
2 1 1 85000 0.0947
2 1 1 85000 0.0953
2 1 1 85000 0.09602
2 1 1 85000 0.09448
2 1 1 85000 0.09577
2 1 1 85000 0.09366
2 1 1 85000 0.09663
2 1 1 85000 0.09653
2 1 1 85000 0.09391
2 1 1 85000 0.09588
2 1 1 75000 0.08511
2 1 1 75000 0.08402
2 1 1 75000 0.08556
2 1 1 75000 0.08654
2 1 1 75000 0.08748
2 1 1 75000 0.08473
2 1 1 75000 0.0865
2 1 1 75000 0.08539
2 1 1 75000 0.08531
2 1 1 75000 0.08622
2 1 1 75000 0.08657
2 1 1 75000 0.08719
2 1 1 75000 0.08424
2 1 1 75000 0.08668
2 1 1 75000 0.0866
2 1 1 75000 0.08628
2 1 1 75000 0.0816
2 1 1 75000 0.0821
2 1 1 75000 0.08463
2 1 1 75000 0.084
2 1 1 75000 0.08369
2 1 1 75000 0.08189
2 1 1 75000 0.08505
2 1 1 75000 0.0815
2 1 1 75000 0.07988
2 1 1 75000 0.08059
2 1 1 75000 0.08249
2 1 1 75000 0.08322
2 1 1 75000 0.08582
2 1 1 75000 0.08426
2 1 1 75000 0.08214
2 1 1 75000 0.08106
2 1 1 75000 0.08225
2 1 1 75000 0.08651
2 1 1 75000 0.0834
2 1 1 75000 0.08607
2 1 1 75000 0.08444
2 1 1 75000 0.08565
2 1 1 75000 0.08455
2 1 1 75000 0.08569
2 1 1 75000 0.08298
2 1 1 75000 0.08385
2 1 1 75000 0.0852
2 1 1 75000 0.0855
2 1 1 75000 0.08585
2 1 1 75000 0.08969
2 1 1 75000 0.08663
2 1 1 75000 0.08642
2 1 1 75000 0.08417
2 1 1 75000 0.08549
2 1 1 50000 0.06219
2 1 1 50000 0.06254
2 1 1 50000 0.06163
2 1 1 50000 0.06335
2 1 1 50000 0.06253
2 1 1 50000 0.06232
2 1 1 50000 0.06266
2 1 1 50000 0.06205
2 1 1 50000 0.06208
2 1 1 50000 0.06185
2 1 1 50000 0.06114
2 1 1 50000 0.06366
2 1 1 50000 0.06258
2 1 1 50000 0.05985
2 1 1 50000 0.06252
2 1 1 50000 0.06451
2 1 1 50000 0.05724
2 1 1 50000 0.05781
2 1 1 50000 0.05836
2 1 1 50000 0.06088
2 1 1 50000 0.05989
2 1 1 50000 0.06016
2 1 1 50000 0.06048
2 1 1 50000 0.06004
2 1 1 50000 0.06098
2 1 1 50000 0.05916
2 1 1 50000 0.05867
2 1 1 50000 0.05968
2 1 1 50000 0.06108
2 1 1 50000 0.06034
2 1 1 50000 0.0584
2 1 1 50000 0.06011
2 1 1 50000 0.05786
2 1 1 50000 0.06322
2 1 1 50000 0.06378
2 1 1 50000 0.06302
2 1 1 50000 0.06209
2 1 1 50000 0.0642
2 1 1 50000 0.06207
2 1 1 50000 0.063
2 1 1 50000 0.06393
2 1 1 50000 0.05943
2 1 1 50000 0.06162
2 1 1 50000 0.06348
2 1 1 50000 0.06223
2 1 1 50000 0.06169
2 1 1 50000 0.06341
2 1 1 50000 0.06253
2 1 1 50000 0.06135
2 1 1 50000 0.06249
2 1 1 35000 0.0438
2 1 1 35000 0.04402
2 1 1 35000 0.04351
2 1 1 35000 0.04453
2 1 1 35000 0.04356
2 1 1 35000 0.04481
2 1 1 35000 0.04563
2 1 1 35000 0.04489
2 1 1 35000 0.0454
2 1 1 35000 0.04586
2 1 1 35000 0.04526
2 1 1 35000 0.0435
2 1 1 35000 0.04519
2 1 1 35000 0.04544
2 1 1 35000 0.04353
2 1 1 35000 0.04414
2 1 1 35000 0.04201
2 1 1 35000 0.04236
2 1 1 35000 0.04151
2 1 1 35000 0.04296
2 1 1 35000 0.04259
2 1 1 35000 0.04116
2 1 1 35000 0.04278
2 1 1 35000 0.04224
2 1 1 35000 0.04339
2 1 1 35000 0.0424
2 1 1 35000 0.04372
2 1 1 35000 0.0435
2 1 1 35000 0.04222
2 1 1 35000 0.04271
2 1 1 35000 0.04348
2 1 1 35000 0.04258
2 1 1 35000 0.04256
2 1 1 35000 0.04322
2 1 1 35000 0.04493
2 1 1 35000 0.04331
2 1 1 35000 0.0438
2 1 1 35000 0.04395
2 1 1 35000 0.04403
2 1 1 35000 0.04427
2 1 1 35000 0.0448
2 1 1 35000 0.04269
2 1 1 35000 0.04276
2 1 1 35000 0.04264
2 1 1 35000 0.04378
2 1 1 35000 0.04461
2 1 1 35000 0.04285
2 1 1 35000 0.04431
2 1 1 35000 0.04283
2 1 1 35000 0.04427
2 1 1 25000 0.02941
2 1 1 25000 0.02903
2 1 1 25000 0.02812
2 1 1 25000 0.02845
2 1 1 25000 0.02705
2 1 1 25000 0.02844
2 1 1 25000 0.02896
2 1 1 25000 0.02905
2 1 1 25000 0.02897
2 1 1 25000 0.02947
2 1 1 25000 0.02841
2 1 1 25000 0.02764
2 1 1 25000 0.02976
2 1 1 25000 0.02813
2 1 1 25000 0.02876
2 1 1 25000 0.03039
2 1 1 25000 0.028
2 1 1 25000 0.02688
2 1 1 25000 0.02749
2 1 1 25000 0.02813
2 1 1 25000 0.02843
2 1 1 25000 0.02723
2 1 1 25000 0.02782
2 1 1 25000 0.02684
2 1 1 25000 0.02827
2 1 1 25000 0.02843
2 1 1 25000 0.02756
2 1 1 25000 0.02673
2 1 1 25000 0.02703
2 1 1 25000 0.02569
2 1 1 25000 0.02868
2 1 1 25000 0.02709
2 1 1 25000 0.02817
2 1 1 25000 0.02891
2 1 1 25000 0.02986
2 1 1 25000 0.02803
2 1 1 25000 0.02816
2 1 1 25000 0.02945
2 1 1 25000 0.0294
2 1 1 25000 0.02879
2 1 1 25000 0.02934
2 1 1 25000 0.0289
2 1 1 25000 0.02953
2 1 1 25000 0.02888
2 1 1 25000 0.02986
2 1 1 25000 0.02983
2 1 1 25000 0.0279
2 1 1 25000 0.02909
2 1 1 25000 0.02959
2 1 1 25000 0.03067
2 1 1 15000 0.01834
2 1 1 15000 0.0186
2 1 1 15000 0.01909
2 1 1 15000 0.01818
2 1 1 15000 0.01869
2 1 1 15000 0.01787
2 1 1 15000 0.01797
2 1 1 15000 0.01832
2 1 1 15000 0.0188
2 1 1 15000 0.01875
2 1 1 15000 0.01795
2 1 1 15000 0.01782
2 1 1 15000 0.01827
2 1 1 15000 0.01824
2 1 1 15000 0.01832
2 1 1 15000 0.01834
2 1 1 15000 0.01774
2 1 1 15000 0.01715
2 1 1 15000 0.01746
2 1 1 15000 0.01696
2 1 1 15000 0.01793
2 1 1 15000 0.01709
2 1 1 15000 0.01638
2 1 1 15000 0.017
2 1 1 15000 0.01728
2 1 1 15000 0.01736
2 1 1 15000 0.01775
2 1 1 15000 0.01782
2 1 1 15000 0.01705
2 1 1 15000 0.01665
2 1 1 15000 0.01695
2 1 1 15000 0.01737
2 1 1 15000 0.01729
2 1 1 15000 0.01836
2 1 1 15000 0.01779
2 1 1 15000 0.01803
2 1 1 15000 0.01802
2 1 1 15000 0.01809
2 1 1 15000 0.01772
2 1 1 15000 0.0178
2 1 1 15000 0.01782
2 1 1 15000 0.01834
2 1 1 15000 0.0182
2 1 1 15000 0.01928
2 1 1 15000 0.0186
2 1 1 15000 0.01823
2 1 1 15000 0.01778
2 1 1 15000 0.0178
2 1 1 15000 0.01819
2 1 1 15000 0.01816
2 1 1 10000 0.01244
2 1 1 10000 0.0132
2 1 1 10000 0.01281
2 1 1 10000 0.01287
2 1 1 10000 0.01344
2 1 1 10000 0.01311
2 1 1 10000 0.01284
2 1 1 10000 0.01274
2 1 1 10000 0.01299
2 1 1 10000 0.01334
2 1 1 10000 0.01323
2 1 1 10000 0.01262
2 1 1 10000 0.01292
2 1 1 10000 0.01322
2 1 1 10000 0.01262
2 1 1 10000 0.01286
2 1 1 10000 0.01254
2 1 1 10000 0.01251
2 1 1 10000 0.01216
2 1 1 10000 0.01234
2 1 1 10000 0.01205
2 1 1 10000 0.01235
2 1 1 10000 0.01226
2 1 1 10000 0.01238
2 1 1 10000 0.012
2 1 1 10000 0.01254
2 1 1 10000 0.01277
2 1 1 10000 0.01258
2 1 1 10000 0.01181
2 1 1 10000 0.01256
2 1 1 10000 0.01181
2 1 1 10000 0.01218
2 1 1 10000 0.01274
2 1 1 10000 0.01307
2 1 1 10000 0.01264
2 1 1 10000 0.01322
2 1 1 10000 0.01306
2 1 1 10000 0.01323
2 1 1 10000 0.01317
2 1 1 10000 0.01229
2 1 1 10000 0.01274
2 1 1 10000 0.0134
2 1 1 10000 0.01309
2 1 1 10000 0.01274
2 1 1 10000 0.01323
2 1 1 10000 0.01269
2 1 1 10000 0.01284
2 1 1 10000 0.013
2 1 1 10000 0.01302
2 1 1 10000 0.01249
2 1 2 113555 0.1197
2 1 2 113555 0.121
2 1 2 113407 0.1103
2 1 2 113407 0.1096
2 1 2 113159 0.1142
2 1 2 113159 0.1153
2 1 2 113090 0.1187
2 1 2 113086 0.1132
2 1 2 112995 0.1145
2 1 2 112995 0.1147
2 1 2 112795 0.1141
2 1 2 112748 0.1149
2 1 2 112695 0.1158
2 1 2 112672 0.1141
2 1 2 112656 0.1144
2 1 2 112044 0.1131
2 1 2 112036 0.1136
2 1 2 111938 0.1125
2 1 2 111028 0.1153
2 1 2 110640 0.1236
2 1 2 110317 0.1167
2 1 2 110047 0.1083
2 1 2 109086 0.1159
2 1 2 108498 0.1161
2 1 2 108429 0.1112
2 1 2 108202 0.1129
2 1 2 108112 0.112
2 1 2 107485 0.1124
2 1 2 106363 0.1098
2 1 2 106363 0.1095
2 1 2 105772 0.1117
2 1 2 105396 0.1085
2 1 2 105061 0.1088
2 1 2 104690 0.1103
2 1 2 103900 0.1104
2 1 2 103769 0.1096
2 1 2 102625 0.1107
2 1 2 102625 0.11
2 1 2 100176 0.1064
2 1 2 100107 0.1062
2 1 2 99544 0.1067
2 1 2 99544 0.1071
2 1 2 98937 0.1016
2 1 2 98377 0.1042
2 1 2 98262 0.1037
2 1 2 96904 0.1038
2 1 2 94776 0.1027
2 1 2 94742 0.1018
2 1 2 94725 0.1011
2 1 2 94694 0.103
2 1 2 94685 0.1002
2 1 2 94453 0.09901
2 1 2 94425 0.1013
2 1 2 94372 0.1016
2 1 2 94358 0.1011
2 1 2 94327 0.09867
2 1 2 94310 0.1
2 1 2 94275 0.1011
2 1 2 94256 0.1014
2 1 2 94057 0.09841
2 1 2 94052 0.09627
2 1 2 94027 0.1006
2 1 2 93986 0.1016
2 1 2 93942 0.103
2 1 2 93684 0.1016
2 1 2 93681 0.1008
2 1 2 93466 0.1031
2 1 2 93466 0.1038
2 1 2 93416 0.09914
2 1 2 92996 0.09679
2 1 2 92952 0.101
2 1 2 92951 0.1017
2 1 2 92903 0.09828
2 1 2 92859 0.1005
2 1 2 92756 0.09756
2 1 2 92205 0.1
2 1 2 91998 0.101
2 1 2 91998 0.1002
2 1 2 91389 0.09962
2 1 2 91389 0.09923
2 1 2 91020 0.09905
2 1 2 90194 0.09999
2 1 2 90166 0.1
2 1 2 89040 0.09563
2 1 2 88991 0.0939
2 1 2 88783 0.09926
2 1 2 88265 0.0955
2 1 2 87105 0.09686
2 1 2 86895 0.09461
2 1 2 85045 0.09196
2 1 2 83764 0.09179
2 1 2 83764 0.09137
2 1 2 83662 0.09349
2 1 2 83031 0.09154
2 1 2 82803 0.093
2 1 2 82622 0.09059
2 1 2 82608 0.09217
2 1 2 82593 0.0911
2 1 2 82561 0.09289
2 1 2 82559 0.08583
2 1 2 82548 0.09047
2 1 2 82513 0.08925
2 1 2 82483 0.09184
2 1 2 82483 0.0924
2 1 2 82388 0.09299
2 1 2 82388 0.09401
2 1 2 82341 0.08812
2 1 2 82335 0.08322
2 1 2 82324 0.0928
2 1 2 82295 0.08832
2 1 2 82245 0.09032
2 1 2 82169 0.09144
2 1 2 82127 0.08815
2 1 2 82087 0.08802
2 1 2 82054 0.0896
2 1 2 82046 0.08929
2 1 2 81743 0.08966
2 1 2 81671 0.0908
2 1 2 81540 0.08816
2 1 2 81513 0.09063
2 1 2 81511 0.09694
2 1 2 81378 0.08851
2 1 2 81319 0.08823
2 1 2 80652 0.08891
2 1 2 80545 0.09085
2 1 2 80075 0.08931
2 1 2 79763 0.08735
2 1 2 79557 0.09028
2 1 2 78886 0.09218
2 1 2 78387 0.08757
2 1 2 77761 0.08896
2 1 2 77761 0.08963
2 1 2 77229 0.08704
2 1 2 77229 0.08673
2 1 2 76953 0.08338
2 1 2 76662 0.08843
2 1 2 76556 0.08612
2 1 2 76390 0.08846
2 1 2 76153 0.0853
2 1 2 74593 0.08289
2 1 2 73888 0.08475
2 1 2 73875 0.08429
2 1 2 73764 0.08443
2 1 2 73683 0.08675
2 1 2 73405 0.08673
2 1 2 72681 0.08505
2 1 2 71627 0.0799
2 1 2 71585 0.0812
2 1 2 70354 0.08112
2 1 2 67591 0.07943
2 1 2 53392 0.06609
2 1 2 53383 0.06838
2 1 2 53380 0.06648
2 1 2 53375 0.0667
2 1 2 53372 0.06657
2 1 2 53347 0.06645
2 1 2 53345 0.06578
2 1 2 53332 0.0639
2 1 2 53309 0.06603
2 1 2 53309 0.0658
2 1 2 53274 0.0652
2 1 2 53268 0.06487
2 1 2 53257 0.06579
2 1 2 53250 0.06513
2 1 2 53224 0.06388
2 1 2 53213 0.06565
2 1 2 53159 0.06825
2 1 2 53125 0.06601
2 1 2 53115 0.0635
2 1 2 53031 0.06718
2 1 2 52937 0.06766
2 1 2 52921 0.06348
2 1 2 52878 0.06486
2 1 2 52799 0.06423
2 1 2 52777 0.06588
2 1 2 52700 0.06595
2 1 2 52610 0.06717
2 1 2 52418 0.06625
2 1 2 52277 0.06369
2 1 2 52241 0.06526
2 1 2 52177 0.06444
2 1 2 52070 0.06494
2 1 2 51580 0.06291
2 1 2 51328 0.06432
2 1 2 51319 0.06302
2 1 2 51030 0.06322
2 1 2 50947 0.06581
2 1 2 50675 0.06118
2 1 2 50340 0.06186
2 1 2 50245 0.06169
2 1 2 49928 0.06371
2 1 2 49839 0.06068
2 1 2 49787 0.06157
2 1 2 49443 0.06209
2 1 2 49370 0.05907
2 1 2 48785 0.05954
2 1 2 48632 0.06167
2 1 2 48387 0.06
2 1 2 47014 0.05775
2 1 2 46464 0.0588
2 1 2 36662 0.04603
2 1 2 36662 0.04384
2 1 2 36662 0.045
2 1 2 36662 0.04622
2 1 2 36662 0.04548
2 1 2 36662 0.04538
2 1 2 36662 0.04642
2 1 2 36662 0.04677
2 1 2 36646 0.04558
2 1 2 36638 0.04648
2 1 2 36632 0.04346
2 1 2 36632 0.046
2 1 2 36618 0.04331
2 1 2 36617 0.04355
2 1 2 36602 0.04275
2 1 2 36595 0.04319
2 1 2 36592 0.0436
2 1 2 36590 0.04351
2 1 2 36587 0.04413
2 1 2 36586 0.04552
2 1 2 36572 0.04381
2 1 2 36568 0.04351
2 1 2 36562 0.04689
2 1 2 36551 0.04277
2 1 2 36545 0.0462
2 1 2 36517 0.04311
2 1 2 36317 0.04617
2 1 2 36190 0.0445
2 1 2 36142 0.0453
2 1 2 36126 0.0438
2 1 2 36083 0.04463
2 1 2 36004 0.0449
2 1 2 35970 0.04501
2 1 2 35880 0.04518
2 1 2 35632 0.04382
2 1 2 35612 0.04397
2 1 2 35262 0.04366
2 1 2 35233 0.04443
2 1 2 35087 0.04385
2 1 2 35087 0.04388
2 1 2 34936 0.04241
2 1 2 34902 0.04334
2 1 2 34715 0.04324
2 1 2 34694 0.04201
2 1 2 34212 0.04253
2 1 2 34212 0.04248
2 1 2 33687 0.03997
2 1 2 33687 0.03979
2 1 2 33570 0.04125
2 1 2 33570 0.04117
2 1 2 25848 0.03063
2 1 2 25845 0.02819
2 1 2 25845 0.02984
2 1 2 25843 0.02949
2 1 2 25840 0.02869
2 1 2 25840 0.02934
2 1 2 25838 0.02788
2 1 2 25837 0.02768
2 1 2 25837 0.02909
2 1 2 25836 0.02783
2 1 2 25835 0.02925
2 1 2 25832 0.02981
2 1 2 25829 0.02903
2 1 2 25829 0.02934
2 1 2 25827 0.02961
2 1 2 25825 0.02949
2 1 2 25823 0.0288
2 1 2 25819 0.02942
2 1 2 25816 0.02857
2 1 2 25814 0.02742
2 1 2 25808 0.02806
2 1 2 25807 0.02847
2 1 2 25788 0.02673
2 1 2 25781 0.02734
2 1 2 25774 0.02859
2 1 2 25774 0.0282
2 1 2 25740 0.02898
2 1 2 25738 0.02743
2 1 2 25729 0.02892
2 1 2 25720 0.02988
2 1 2 25675 0.02975
2 1 2 25674 0.02898
2 1 2 25370 0.02815
2 1 2 25370 0.02813
2 1 2 25287 0.02952
2 1 2 25280 0.02835
2 1 2 25265 0.02971
2 1 2 25180 0.02909
2 1 2 25140 0.02902
2 1 2 25046 0.02713
2 1 2 24994 0.02675
2 1 2 24787 0.03051
2 1 2 24677 0.02806
2 1 2 24650 0.02769
2 1 2 24528 0.02782
2 1 2 24495 0.02863
2 1 2 24355 0.02849
2 1 2 24355 0.02854
2 1 2 24180 0.0272
2 1 2 24173 0.02857
2 1 2 15304 0.01747
2 1 2 15303 0.01868
2 1 2 15303 0.01849
2 1 2 15303 0.01889
2 1 2 15302 0.01821
2 1 2 15302 0.01717
2 1 2 15302 0.01863
2 1 2 15302 0.01846
2 1 2 15300 0.01851
2 1 2 15300 0.01748
2 1 2 15299 0.01724
2 1 2 15299 0.01727
2 1 2 15296 0.01872
2 1 2 15296 0.01696
2 1 2 15295 0.01687
2 1 2 15295 0.01685
2 1 2 15294 0.01696
2 1 2 15294 0.01692
2 1 2 15290 0.01751
2 1 2 15289 0.01871
2 1 2 15286 0.0175
2 1 2 15285 0.01805
2 1 2 15283 0.01732
2 1 2 15283 0.01736
2 1 2 15276 0.01864
2 1 2 15271 0.0171
2 1 2 15265 0.01797
2 1 2 15260 0.01759
2 1 2 15254 0.01807
2 1 2 15252 0.01784
2 1 2 15250 0.01864
2 1 2 15245 0.01787
2 1 2 15224 0.01781
2 1 2 15219 0.01795
2 1 2 15201 0.0181
2 1 2 15162 0.01922
2 1 2 15074 0.01797
2 1 2 14974 0.01833
2 1 2 14935 0.01794
2 1 2 14914 0.01885
2 1 2 14900 0.01886
2 1 2 14895 0.01812
2 1 2 14864 0.01784
2 1 2 14850 0.01809
2 1 2 14825 0.01744
2 1 2 14788 0.01822
2 1 2 14784 0.01791
2 1 2 14736 0.01794
2 1 2 14702 0.01776
2 1 2 14685 0.01775
2 1 2 10135 0.01272
2 1 2 10135 0.01304
2 1 2 10134 0.01339
2 1 2 10134 0.01331
2 1 2 10134 0.01289
2 1 2 10134 0.01272
2 1 2 10134 0.01319
2 1 2 10134 0.01333
2 1 2 10133 0.01357
2 1 2 10133 0.01355
2 1 2 10133 0.01285
2 1 2 10133 0.0133
2 1 2 10132 0.01366
2 1 2 10131 0.01278
2 1 2 10131 0.01318
2 1 2 10131 0.01302
2 1 2 10130 0.01278
2 1 2 10130 0.01279
2 1 2 10129 0.01266
2 1 2 10128 0.01308
2 1 2 10127 0.01312
2 1 2 10126 0.01173
2 1 2 10125 0.01307
2 1 2 10125 0.01311
2 1 2 10120 0.01344
2 1 2 10120 0.01331
2 1 2 10116 0.01255
2 1 2 10113 0.01273
2 1 2 10103 0.01241
2 1 2 10096 0.01298
2 1 2 10095 0.01283
2 1 2 10093 0.01306
2 1 2 10061 0.01339
2 1 2 10061 0.01339
2 1 2 10049 0.0131
2 1 2 10048 0.01277
2 1 2 10046 0.01358
2 1 2 10022 0.01335
2 1 2 10021 0.0131
2 1 2 10011 0.01291
2 1 2 9995 0.0129
2 1 2 9989 0.0129
2 1 2 9971 0.01292
2 1 2 9948 0.01293
2 1 2 9945 0.0128
2 1 2 9943 0.01272
2 1 2 9900 0.01264
2 1 2 9890 0.01274
2 1 2 9878 0.01315
2 1 2 9858 0.01318
2 1 3 128637 0.1895
2 1 3 128637 0.1885
2 1 3 128438 0.1936
2 1 3 127400 0.1823
2 1 3 127335 0.1757
2 1 3 127182 0.1834
2 1 3 126834 0.1805
2 1 3 126731 0.1836
2 1 3 126486 0.1823
2 1 3 126281 0.1747
2 1 3 126044 0.1769
2 1 3 125816 0.1745
2 1 3 125738 0.1785
2 1 3 124461 0.1872
2 1 3 123969 0.1775
2 1 3 123969 0.1785
2 1 3 122243 0.1232
2 1 3 121983 0.1203
2 1 3 120767 0.1183
2 1 3 120767 0.1176
2 1 3 120485 0.1251
2 1 3 118987 0.1226
2 1 3 118836 0.1254
2 1 3 118602 0.1225
2 1 3 118342 0.1178
2 1 3 117810 0.122
2 1 3 117008 0.1204
2 1 3 117008 0.12
2 1 3 115932 0.12
2 1 3 114961 0.116
2 1 3 114388 0.1181
2 1 3 113592 0.1176
2 1 3 113045 0.117
2 1 3 111613 0.1187
2 1 3 110633 0.1148
2 1 3 110380 0.1131
2 1 3 109044 0.1147
2 1 3 108178 0.1146
2 1 3 107581 0.1137
2 1 3 107430 0.1151
2 1 3 106473 0.1129
2 1 3 105117 0.1122
2 1 3 104887 0.1045
2 1 3 104580 0.1076
2 1 3 104523 0.1127
2 1 3 104265 0.1099
2 1 3 104207 0.1121
2 1 3 104193 0.1088
2 1 3 103996 0.1109
2 1 3 103930 0.107
2 1 3 103870 0.1083
2 1 3 103767 0.1075
2 1 3 103706 0.1079
2 1 3 103595 0.1093
2 1 3 103280 0.107
2 1 3 103263 0.1042
2 1 3 102829 0.1031
2 1 3 102381 0.1088
2 1 3 102359 0.1122
2 1 3 101901 0.1067
2 1 3 101567 0.1011
2 1 3 101339 0.1055
2 1 3 101079 0.1086
2 1 3 100737 0.1085
2 1 3 100583 0.1081
2 1 3 100486 0.1073
2 1 3 100218 0.1027
2 1 3 100170 0.104
2 1 3 98803 0.1067
2 1 3 98803 0.1065
2 1 3 98368 0.1057
2 1 3 96710 0.104
2 1 3 96606 0.1029
2 1 3 96248 0.1052
2 1 3 96101 0.1056
2 1 3 95952 0.1031
2 1 3 95496 0.1038
2 1 3 94651 0.1049
2 1 3 94525 0.1023
2 1 3 94435 0.1026
2 1 3 93458 0.103
2 1 3 92898 0.1023
2 1 3 92694 0.1039
2 1 3 91866 0.0997
2 1 3 91663 0.09804
2 1 3 91567 0.09622
2 1 3 90922 0.1022
2 1 3 90888 0.09872
2 1 3 90819 0.1002
2 1 3 90741 0.1003
2 1 3 89945 0.09549
2 1 3 89940 0.09656
2 1 3 89874 0.09567
2 1 3 89771 0.09729
2 1 3 89742 0.09951
2 1 3 89718 0.09741
2 1 3 89652 0.09662
2 1 3 89652 0.09668
2 1 3 89611 0.09396
2 1 3 89378 0.09269
2 1 3 89077 0.1004
2 1 3 89077 0.1005
2 1 3 88789 0.09571
2 1 3 87663 0.09105
2 1 3 87581 0.09604
2 1 3 87040 0.09308
2 1 3 86855 0.09395
2 1 3 86784 0.09328
2 1 3 86401 0.09173
2 1 3 86215 0.09677
2 1 3 85717 0.09533
2 1 3 85717 0.09488
2 1 3 85189 0.09337
2 1 3 85095 0.09474
2 1 3 85052 0.09222
2 1 3 84958 0.09709
2 1 3 84826 0.09264
2 1 3 84826 0.09402
2 1 3 84197 0.09529
2 1 3 84197 0.09612
2 1 3 84117 0.09222
2 1 3 83976 0.09148
2 1 3 83914 0.09214
2 1 3 83832 0.09469
2 1 3 82862 0.09537
2 1 3 82862 0.0946
2 1 3 82104 0.09144
2 1 3 81908 0.09262
2 1 3 81846 0.08906
2 1 3 81541 0.09093
2 1 3 81352 0.09036
2 1 3 80608 0.08917
2 1 3 80439 0.0903
2 1 3 79547 0.08999
2 1 3 79155 0.089
2 1 3 78960 0.09012
2 1 3 78843 0.0887
2 1 3 78432 0.08852
2 1 3 76538 0.08835
2 1 3 76538 0.08834
2 1 3 75450 0.08634
2 1 3 74236 0.0849
2 1 3 73854 0.08526
2 1 3 73470 0.08325
2 1 3 73260 0.08528
2 1 3 73060 0.08397
2 1 3 71210 0.08329
2 1 3 70536 0.08162
2 1 3 69049 0.08194
2 1 3 64410 0.07664
2 1 3 56951 0.07025
2 1 3 56901 0.06697
2 1 3 56832 0.06862
2 1 3 56798 0.06783
2 1 3 56769 0.06677
2 1 3 56757 0.06677
2 1 3 56690 0.06705
2 1 3 56612 0.06854
2 1 3 56541 0.06758
2 1 3 56512 0.06923
2 1 3 56456 0.07051
2 1 3 56388 0.07005
2 1 3 56375 0.06766
2 1 3 56314 0.07024
2 1 3 56268 0.06703
2 1 3 55707 0.06593
2 1 3 55599 0.06657
2 1 3 55448 0.06491
2 1 3 55286 0.06529
2 1 3 55270 0.0683
2 1 3 54914 0.06908
2 1 3 54911 0.0628
2 1 3 54870 0.06975
2 1 3 54791 0.06861
2 1 3 54410 0.06868
2 1 3 54410 0.0689
2 1 3 54166 0.06754
2 1 3 53921 0.06647
2 1 3 53893 0.0684
2 1 3 53396 0.06769
2 1 3 53253 0.06386
2 1 3 53167 0.0644
2 1 3 52792 0.06487
2 1 3 52719 0.06476
2 1 3 52705 0.06101
2 1 3 52091 0.06448
2 1 3 52025 0.06408
2 1 3 51839 0.0642
2 1 3 51778 0.06567
2 1 3 51643 0.06432
2 1 3 51606 0.06627
2 1 3 51282 0.06564
2 1 3 51211 0.06275
2 1 3 50624 0.06417
2 1 3 49692 0.06278
2 1 3 48577 0.06102
2 1 3 47713 0.05961
2 1 3 47477 0.05754
2 1 3 46740 0.05749
2 1 3 44920 0.05673
2 1 3 38398 0.04845
2 1 3 38385 0.04692
2 1 3 38382 0.04823
2 1 3 38367 0.04547
2 1 3 38362 0.04484
2 1 3 38335 0.045
2 1 3 38298 0.04647
2 1 3 38268 0.0485
2 1 3 38251 0.04587
2 1 3 38239 0.04628
2 1 3 38236 0.04418
2 1 3 38198 0.04843
2 1 3 38179 0.04667
2 1 3 38145 0.04557
2 1 3 38131 0.04523
2 1 3 38100 0.04604
2 1 3 38094 0.04389
2 1 3 38073 0.04588
2 1 3 38063 0.04372
2 1 3 38025 0.04742
2 1 3 37733 0.04694
2 1 3 37731 0.04677
2 1 3 37707 0.04639
2 1 3 37641 0.04625
2 1 3 37554 0.0448
2 1 3 37250 0.04435
2 1 3 37110 0.04688
2 1 3 36919 0.04667
2 1 3 36891 0.04563
2 1 3 36765 0.04395
2 1 3 36711 0.0455
2 1 3 36632 0.04403
2 1 3 36608 0.04506
2 1 3 36471 0.0453
2 1 3 36470 0.04479
2 1 3 36354 0.0456
2 1 3 36332 0.04567
2 1 3 36124 0.04592
2 1 3 36023 0.04615
2 1 3 35620 0.04593
2 1 3 35269 0.04512
2 1 3 35263 0.04348
2 1 3 35170 0.04403
2 1 3 34821 0.04267
2 1 3 34681 0.04309
2 1 3 34252 0.04334
2 1 3 33843 0.04324
2 1 3 33574 0.04197
2 1 3 33165 0.04103
2 1 3 32807 0.03874
2 1 3 26716 0.03094
2 1 3 26715 0.03122
2 1 3 26705 0.03032
2 1 3 26702 0.03085
2 1 3 26702 0.03096
2 1 3 26683 0.03164
2 1 3 26680 0.03274
2 1 3 26675 0.03097
2 1 3 26668 0.02961
2 1 3 26650 0.02924
2 1 3 26626 0.0284
2 1 3 26590 0.02841
2 1 3 26582 0.02899
2 1 3 26572 0.03003
2 1 3 26571 0.02829
2 1 3 26549 0.03046
2 1 3 26516 0.02858
2 1 3 26499 0.03014
2 1 3 26496 0.0311
2 1 3 26479 0.02858
2 1 3 26328 0.02854
2 1 3 26313 0.02771
2 1 3 26216 0.02882
2 1 3 26201 0.0278
2 1 3 26198 0.02979
2 1 3 25896 0.03016
2 1 3 25887 0.03006
2 1 3 25881 0.03007
2 1 3 25837 0.03025
2 1 3 25779 0.03039
2 1 3 25724 0.0298
2 1 3 25681 0.03046
2 1 3 25672 0.02932
2 1 3 25459 0.02848
2 1 3 25445 0.03001
2 1 3 25323 0.02974
2 1 3 25289 0.02749
2 1 3 25243 0.03094
2 1 3 25208 0.0287
2 1 3 25208 0.02874
2 1 3 25143 0.03048
2 1 3 25098 0.02958
2 1 3 25092 0.02832
2 1 3 24979 0.02984
2 1 3 24960 0.02967
2 1 3 24880 0.02979
2 1 3 24648 0.02775
2 1 3 24403 0.02892
2 1 3 24159 0.02763
2 1 3 23556 0.02701
2 1 3 15614 0.01857
2 1 3 15609 0.01961
2 1 3 15608 0.01943
2 1 3 15600 0.01873
2 1 3 15598 0.01905
2 1 3 15593 0.01933
2 1 3 15592 0.01926
2 1 3 15591 0.01761
2 1 3 15590 0.01809
2 1 3 15584 0.01892
2 1 3 15579 0.01759
2 1 3 15577 0.01917
2 1 3 15576 0.01835
2 1 3 15572 0.01785
2 1 3 15566 0.01813
2 1 3 15563 0.0179
2 1 3 15561 0.01958
2 1 3 15553 0.01772
2 1 3 15552 0.01843
2 1 3 15540 0.01839
2 1 3 15539 0.01797
2 1 3 15506 0.01966
2 1 3 15501 0.01929
2 1 3 15420 0.01867
2 1 3 15414 0.01945
2 1 3 15413 0.01743
2 1 3 15395 0.01887
2 1 3 15394 0.01953
2 1 3 15361 0.01859
2 1 3 15349 0.01886
2 1 3 15333 0.01892
2 1 3 15308 0.01864
2 1 3 15285 0.01909
2 1 3 15278 0.01813
2 1 3 15252 0.0184
2 1 3 15236 0.01862
2 1 3 15193 0.01881
2 1 3 15064 0.01794
2 1 3 15045 0.01845
2 1 3 14935 0.01808
2 1 3 14855 0.01827
2 1 3 14855 0.01839
2 1 3 14830 0.01788
2 1 3 14777 0.01732
2 1 3 14761 0.01804
2 1 3 14718 0.01789
2 1 3 14628 0.01769
2 1 3 14628 0.01776
2 1 3 14599 0.0182
2 1 3 14463 0.01818
2 1 3 10271 0.01409
2 1 3 10271 0.014
2 1 3 10271 0.01405
2 1 3 10268 0.01401
2 1 3 10265 0.01279
2 1 3 10265 0.01284
2 1 3 10264 0.01444
2 1 3 10264 0.01339
2 1 3 10264 0.01344
2 1 3 10263 0.01412
2 1 3 10262 0.01446
2 1 3 10260 0.01288
2 1 3 10256 0.01398
2 1 3 10253 0.01321
2 1 3 10253 0.01319
2 1 3 10249 0.01358
2 1 3 10247 0.01332
2 1 3 10246 0.01302
2 1 3 10240 0.01315
2 1 3 10237 0.01302
2 1 3 10210 0.01298
2 1 3 10210 0.013
2 1 3 10194 0.01257
2 1 3 10192 0.01325
2 1 3 10183 0.01327
2 1 3 10183 0.01316
2 1 3 10139 0.01334
2 1 3 10139 0.01328
2 1 3 10133 0.01258
2 1 3 10125 0.01287
2 1 3 10110 0.01324
2 1 3 10106 0.01374
2 1 3 10103 0.01275
2 1 3 10083 0.01348
2 1 3 10081 0.0131
2 1 3 10063 0.01298
2 1 3 10061 0.0139
2 1 3 10047 0.01291
2 1 3 10046 0.01259
2 1 3 10045 0.01356
2 1 3 10033 0.01363
2 1 3 10032 0.0136
2 1 3 10024 0.0128
2 1 3 9995 0.01182
2 1 3 9961 0.01296
2 1 3 9948 0.01313
2 1 3 9922 0.01322
2 1 3 9896 0.01343
2 1 3 9875 0.01291
2 1 3 9794 0.01303
2 1 4 143784 0.1915
2 1 4 143784 0.1915
2 1 4 143259 0.1988
2 1 4 143095 0.1876
2 1 4 142631 0.1849
2 1 4 142454 0.1891
2 1 4 141959 0.1874
2 1 4 140543 0.1776
2 1 4 139657 0.1933
2 1 4 139366 0.187
2 1 4 138866 0.186
2 1 4 138375 0.1889
2 1 4 137367 0.1887
2 1 4 136993 0.1914
2 1 4 134092 0.1925
2 1 4 131325 0.181
2 1 4 131162 0.1927
2 1 4 129895 0.1789
2 1 4 129807 0.1748
2 1 4 128518 0.1791
2 1 4 125795 0.1891
2 1 4 125795 0.1869
2 1 4 124941 0.1834
2 1 4 124311 0.1877
2 1 4 123600 0.1843
2 1 4 122993 0.1844
2 1 4 122791 0.1236
2 1 4 121813 0.1254
2 1 4 121462 0.1227
2 1 4 121249 0.1224
2 1 4 121149 0.1241
2 1 4 120470 0.1243
2 1 4 118470 0.1207
2 1 4 118470 0.121
2 1 4 117042 0.1242
2 1 4 116667 0.1215
2 1 4 116400 0.1205
2 1 4 116077 0.117
2 1 4 115971 0.1199
2 1 4 115590 0.1172
2 1 4 115252 0.1213
2 1 4 115252 0.1224
2 1 4 115120 0.1187
2 1 4 115118 0.115
2 1 4 115002 0.1142
2 1 4 114929 0.1159
2 1 4 114600 0.1146
2 1 4 114064 0.1204
2 1 4 113888 0.1164
2 1 4 113140 0.1151
2 1 4 113029 0.1177
2 1 4 112971 0.1179
2 1 4 112712 0.1178
2 1 4 112659 0.1149
2 1 4 111984 0.1159
2 1 4 111586 0.113
2 1 4 111111 0.1145
2 1 4 110930 0.1133
2 1 4 110571 0.1167
2 1 4 109722 0.1136
2 1 4 109317 0.1166
2 1 4 108843 0.1147
2 1 4 108401 0.1156
2 1 4 108371 0.115
2 1 4 106978 0.1133
2 1 4 106978 0.1136
2 1 4 106437 0.1143
2 1 4 106198 0.1119
2 1 4 105001 0.1129
2 1 4 104895 0.1045
2 1 4 104347 0.1117
2 1 4 104201 0.1123
2 1 4 104023 0.1087
2 1 4 103099 0.1095
2 1 4 102845 0.1107
2 1 4 102164 0.1093
2 1 4 101415 0.1084
2 1 4 101377 0.1087
2 1 4 99632 0.1061
2 1 4 99632 0.1065
2 1 4 99473 0.1076
2 1 4 98730 0.1077
2 1 4 98652 0.1044
2 1 4 98604 0.102
2 1 4 98528 0.1027
2 1 4 98278 0.102
2 1 4 98230 0.1007
2 1 4 98169 0.1017
2 1 4 98097 0.1039
2 1 4 96998 0.1063
2 1 4 96090 0.1007
2 1 4 96090 0.1009
2 1 4 95963 0.1014
2 1 4 95382 0.1033
2 1 4 95046 0.09973
2 1 4 94849 0.1005
2 1 4 94298 0.09781
2 1 4 94298 0.09761
2 1 4 93609 0.1018
2 1 4 93348 0.09917
2 1 4 93179 0.09852
2 1 4 93126 0.09719
2 1 4 92439 0.09935
2 1 4 92346 0.09713
2 1 4 92195 0.09909
2 1 4 92037 0.09926
2 1 4 91295 0.09352
2 1 4 91278 0.09854
2 1 4 89857 0.09809
2 1 4 89857 0.101
2 1 4 89699 0.09653
2 1 4 89572 0.09928
2 1 4 89539 0.09883
2 1 4 89456 0.09748
2 1 4 89106 0.09782
2 1 4 88962 0.09775
2 1 4 88599 0.09652
2 1 4 88392 0.09759
2 1 4 87306 0.09664
2 1 4 87306 0.09654
2 1 4 87181 0.09552
2 1 4 87092 0.09424
2 1 4 86588 0.0952
2 1 4 85863 0.09469
2 1 4 85526 0.09436
2 1 4 84096 0.09157
2 1 4 83996 0.09233
2 1 4 83606 0.09293
2 1 4 83261 0.09432
2 1 4 83065 0.09289
2 1 4 82857 0.09325
2 1 4 82693 0.09253
2 1 4 82540 0.09071
2 1 4 82435 0.09225
2 1 4 81765 0.09039
2 1 4 81519 0.08807
2 1 4 81456 0.0909
2 1 4 80629 0.09313
2 1 4 80292 0.08863
2 1 4 78893 0.08987
2 1 4 78250 0.09031
2 1 4 75658 0.08506
2 1 4 75558 0.0835
2 1 4 73671 0.08441
2 1 4 73069 0.08712
2 1 4 72097 0.08224
2 1 4 70911 0.07732
2 1 4 70908 0.08375
2 1 4 70585 0.08309
2 1 4 68969 0.08285
2 1 4 60767 0.07028
2 1 4 60585 0.07062
2 1 4 60527 0.07105
2 1 4 60510 0.0691
2 1 4 60395 0.07051
2 1 4 60213 0.07027
2 1 4 60173 0.07199
2 1 4 60153 0.07279
2 1 4 60140 0.07172
2 1 4 60091 0.06836
2 1 4 59983 0.06885
2 1 4 59496 0.07214
2 1 4 59412 0.06983
2 1 4 59058 0.06924
2 1 4 58741 0.06919
2 1 4 58493 0.06965
2 1 4 58297 0.07105
2 1 4 57936 0.06935
2 1 4 57930 0.07099
2 1 4 57835 0.0708
2 1 4 57757 0.06907
2 1 4 57365 0.06943
2 1 4 57286 0.06691
2 1 4 57038 0.07175
2 1 4 56961 0.06965
2 1 4 56710 0.06795
2 1 4 56529 0.06487
2 1 4 56414 0.06822
2 1 4 56142 0.06732
2 1 4 56081 0.06494
2 1 4 55658 0.06774
2 1 4 55658 0.06745
2 1 4 54912 0.0677
2 1 4 54753 0.06754
2 1 4 54625 0.06698
2 1 4 54203 0.06404
2 1 4 54132 0.06578
2 1 4 53682 0.06758
2 1 4 53362 0.06598
2 1 4 53362 0.06572
2 1 4 52545 0.06577
2 1 4 51975 0.06325
2 1 4 51492 0.06241
2 1 4 50878 0.06266
2 1 4 50690 0.06145
2 1 4 48980 0.06186
2 1 4 48912 0.06032
2 1 4 48042 0.05884
2 1 4 47029 0.05921
2 1 4 44874 0.05579
2 1 4 40203 0.04893
2 1 4 40102 0.04789
2 1 4 40078 0.04707
2 1 4 40035 0.04723
2 1 4 40019 0.04941
2 1 4 39956 0.04664
2 1 4 39949 0.04667
2 1 4 39896 0.04762
2 1 4 39856 0.04816
2 1 4 39852 0.04765
2 1 4 39849 0.04702
2 1 4 39799 0.04744
2 1 4 39733 0.04912
2 1 4 39446 0.04678
2 1 4 39327 0.04904
2 1 4 39294 0.04925
2 1 4 38980 0.04927
2 1 4 38980 0.04892
2 1 4 38892 0.04782
2 1 4 38805 0.04726
2 1 4 38662 0.04848
2 1 4 38627 0.04646
2 1 4 38429 0.04754
2 1 4 38382 0.04816
2 1 4 38305 0.04614
2 1 4 38288 0.04678
2 1 4 38208 0.04701
2 1 4 38208 0.04687
2 1 4 38050 0.04692
2 1 4 37840 0.04578
2 1 4 37835 0.04585
2 1 4 37773 0.04582
2 1 4 37567 0.04357
2 1 4 37016 0.04772
2 1 4 36935 0.04583
2 1 4 36871 0.04414
2 1 4 36470 0.04435
2 1 4 36389 0.04595
2 1 4 36193 0.04525
2 1 4 35416 0.04523
2 1 4 35377 0.04583
2 1 4 35361 0.04614
2 1 4 35252 0.04549
2 1 4 34851 0.04455
2 1 4 34823 0.04416
2 1 4 34810 0.04372
2 1 4 33559 0.0415
2 1 4 33559 0.04114
2 1 4 33002 0.0403
2 1 4 32323 0.03858
2 1 4 27616 0.03085
2 1 4 27606 0.03176
2 1 4 27589 0.03257
2 1 4 27580 0.02909
2 1 4 27576 0.03249
2 1 4 27531 0.02932
2 1 4 27512 0.02941
2 1 4 27499 0.02971
2 1 4 27490 0.02861
2 1 4 27465 0.02959
2 1 4 27440 0.03163
2 1 4 27403 0.02883
2 1 4 27379 0.02909
2 1 4 27376 0.03134
2 1 4 27374 0.03211
2 1 4 27323 0.02903
2 1 4 27279 0.02938
2 1 4 27209 0.02929
2 1 4 27180 0.02939
2 1 4 27071 0.03127
2 1 4 27031 0.02947
2 1 4 26908 0.03176
2 1 4 26773 0.03166
2 1 4 26712 0.02895
2 1 4 26697 0.03063
2 1 4 26639 0.03068
2 1 4 26583 0.02857
2 1 4 26540 0.0308
2 1 4 26284 0.02857
2 1 4 26284 0.02811
2 1 4 26175 0.02958
2 1 4 26172 0.03001
2 1 4 26076 0.03017
2 1 4 25991 0.03074
2 1 4 25908 0.03067
2 1 4 25856 0.02998
2 1 4 25847 0.0301
2 1 4 25721 0.03166
2 1 4 25660 0.03047
2 1 4 25433 0.02848
2 1 4 25195 0.02856
2 1 4 25065 0.02962
2 1 4 25019 0.02892
2 1 4 25016 0.02878
2 1 4 24965 0.02943
2 1 4 24851 0.02934
2 1 4 24693 0.02906
2 1 4 24519 0.02801
2 1 4 24307 0.02834
2 1 4 23236 0.02717
2 1 4 15925 0.01954
2 1 4 15918 0.01858
2 1 4 15917 0.0189
2 1 4 15910 0.01895
2 1 4 15899 0.01834
2 1 4 15899 0.01823
2 1 4 15896 0.0195
2 1 4 15890 0.01848
2 1 4 15888 0.01896
2 1 4 15883 0.01869
2 1 4 15880 0.01855
2 1 4 15878 0.01826
2 1 4 15874 0.01809
2 1 4 15866 0.01816
2 1 4 15850 0.01842
2 1 4 15850 0.01855
2 1 4 15808 0.01967
2 1 4 15801 0.01971
2 1 4 15755 0.01945
2 1 4 15728 0.01898
2 1 4 15708 0.01828
2 1 4 15705 0.01944
2 1 4 15669 0.0189
2 1 4 15641 0.01792
2 1 4 15640 0.01953
2 1 4 15628 0.01939
2 1 4 15568 0.01771
2 1 4 15520 0.01783
2 1 4 15505 0.01784
2 1 4 15489 0.01919
2 1 4 15418 0.01914
2 1 4 15417 0.01923
2 1 4 15391 0.01782
2 1 4 15351 0.01898
2 1 4 15328 0.01875
2 1 4 15306 0.01921
2 1 4 15263 0.01803
2 1 4 15255 0.01885
2 1 4 15144 0.01966
2 1 4 15079 0.018
2 1 4 15079 0.01846
2 1 4 14952 0.01842
2 1 4 14894 0.01849
2 1 4 14872 0.01834
2 1 4 14824 0.0187
2 1 4 14777 0.01813
2 1 4 14657 0.01859
2 1 4 14633 0.01881
2 1 4 14625 0.01828
2 1 4 14493 0.01881
2 1 4 10409 0.01305
2 1 4 10408 0.0149
2 1 4 10402 0.01324
2 1 4 10402 0.01408
2 1 4 10400 0.01397
2 1 4 10399 0.01326
2 1 4 10397 0.01317
2 1 4 10393 0.01391
2 1 4 10387 0.01361
2 1 4 10387 0.01352
2 1 4 10385 0.01303
2 1 4 10384 0.01327
2 1 4 10382 0.01308
2 1 4 10377 0.01335
2 1 4 10373 0.01414
2 1 4 10371 0.01347
2 1 4 10367 0.01259
2 1 4 10355 0.0136
2 1 4 10345 0.013
2 1 4 10335 0.01368
2 1 4 10327 0.01343
2 1 4 10322 0.01357
2 1 4 10316 0.01382
2 1 4 10303 0.0141
2 1 4 10282 0.01417
2 1 4 10271 0.01376
2 1 4 10258 0.01374
2 1 4 10253 0.01413
2 1 4 10232 0.01379
2 1 4 10230 0.01346
2 1 4 10215 0.01318
2 1 4 10210 0.01389
2 1 4 10177 0.01258
2 1 4 10171 0.01322
2 1 4 10168 0.01359
2 1 4 10160 0.0133
2 1 4 10156 0.01298
2 1 4 10149 0.01245
2 1 4 10124 0.01232
2 1 4 10099 0.01319
2 1 4 10092 0.01375
2 1 4 10065 0.01331
2 1 4 10064 0.01321
2 1 4 10048 0.01352
2 1 4 9974 0.01324
2 1 4 9960 0.01316
2 1 4 9949 0.0129
2 1 4 9929 0.01283
2 1 4 9912 0.01288
2 1 4 9778 0.01332
2 1 5 161911 0.1951
2 1 5 161911 0.1951
2 1 5 158370 0.1949
2 1 5 157827 0.198
2 1 5 157665 0.2017
2 1 5 155540 0.1952
2 1 5 155514 0.1943
2 1 5 154914 0.1939
2 1 5 154832 0.1928
2 1 5 153671 0.192
2 1 5 152868 0.2024
2 1 5 151280 0.1966
2 1 5 150048 0.193
2 1 5 148156 0.1838
2 1 5 148106 0.1915
2 1 5 146739 0.1975
2 1 5 145213 0.1915
2 1 5 145113 0.1899
2 1 5 143144 0.1932
2 1 5 142823 0.1908
2 1 5 139983 0.1904
2 1 5 139983 0.1897
2 1 5 138891 0.1942
2 1 5 138512 0.1876
2 1 5 135084 0.1877
2 1 5 133653 0.1921
2 1 5 133541 0.194
2 1 5 131619 0.1904
2 1 5 129858 0.1852
2 1 5 129642 0.1805
2 1 5 127701 0.1815
2 1 5 127701 0.1818
2 1 5 127498 0.1927
2 1 5 127324 0.1805
2 1 5 127001 0.1743
2 1 5 126868 0.1748
2 1 5 126781 0.1738
2 1 5 126549 0.1882
2 1 5 126186 0.1836
2 1 5 126123 0.1795
2 1 5 125696 0.1777
2 1 5 124520 0.1739
2 1 5 124513 0.1707
2 1 5 124294 0.1847
2 1 5 124194 0.1819
2 1 5 124139 0.177
2 1 5 123869 0.1816
2 1 5 123088 0.1697
2 1 5 122961 0.1755
2 1 5 121976 0.1216
2 1 5 121898 0.1254
2 1 5 121460 0.1247
2 1 5 120571 0.1208
2 1 5 119617 0.1234
2 1 5 119514 0.1199
2 1 5 119392 0.1236
2 1 5 119048 0.1214
2 1 5 118395 0.1219
2 1 5 117522 0.1217
2 1 5 116876 0.1209
2 1 5 115796 0.1201
2 1 5 115472 0.1185
2 1 5 114728 0.1192
2 1 5 114322 0.1192
2 1 5 114243 0.1162
2 1 5 113628 0.1124
2 1 5 113014 0.117
2 1 5 112494 0.1177
2 1 5 111249 0.1159
2 1 5 110548 0.1148
2 1 5 110543 0.1168
2 1 5 109592 0.1154
2 1 5 109394 0.1147
2 1 5 108225 0.1094
2 1 5 107937 0.1099
2 1 5 107937 0.1103
2 1 5 107737 0.1096
2 1 5 107611 0.1099
2 1 5 105465 0.1075
2 1 5 105465 0.1074
2 1 5 105281 0.1095
2 1 5 105032 0.1089
2 1 5 104924 0.1108
2 1 5 104278 0.1095
2 1 5 104050 0.1102
2 1 5 103938 0.1051
2 1 5 103860 0.1093
2 1 5 103450 0.1088
2 1 5 103008 0.1103
2 1 5 102984 0.1064
2 1 5 102450 0.1094
2 1 5 101062 0.1039
2 1 5 100856 0.1093
2 1 5 100415 0.09809
2 1 5 100139 0.1055
2 1 5 99900 0.1082
2 1 5 99702 0.102
2 1 5 99618 0.1066
2 1 5 99450 0.1072
2 1 5 98739 0.106
2 1 5 98417 0.1045
2 1 5 98190 0.1048
2 1 5 98112 0.1033
2 1 5 96893 0.1048
2 1 5 96605 0.1058
2 1 5 95730 0.1043
2 1 5 95726 0.1026
2 1 5 95483 0.1047
2 1 5 95159 0.1034
2 1 5 94578 0.09898
2 1 5 94320 0.1026
2 1 5 94145 0.1012
2 1 5 93648 0.101
2 1 5 93648 0.1
2 1 5 93022 0.1021
2 1 5 93009 0.0966
2 1 5 92927 0.09744
2 1 5 92753 0.1031
2 1 5 91987 0.1013
2 1 5 91596 0.099
2 1 5 91510 0.09872
2 1 5 90839 0.09964
2 1 5 90629 0.09908
2 1 5 90624 0.09864
2 1 5 90372 0.1008
2 1 5 89713 0.09778
2 1 5 89417 0.09767
2 1 5 87980 0.09399
2 1 5 86983 0.09532
2 1 5 86187 0.09406
2 1 5 86029 0.09395
2 1 5 84753 0.0935
2 1 5 84475 0.09164
2 1 5 83881 0.09291
2 1 5 83815 0.09388
2 1 5 81973 0.09127
2 1 5 81058 0.08798
2 1 5 79939 0.08853
2 1 5 79782 0.09015
2 1 5 79121 0.08928
2 1 5 78917 0.09023
2 1 5 78318 0.08723
2 1 5 78051 0.08775
2 1 5 77669 0.08746
2 1 5 77493 0.08792
2 1 5 77094 0.08688
2 1 5 75807 0.08039
2 1 5 73923 0.08286
2 1 5 72295 0.08443
2 1 5 70756 0.08066
2 1 5 64410 0.07393
2 1 5 64368 0.07274
2 1 5 64252 0.07304
2 1 5 64247 0.07725
2 1 5 64160 0.07283
2 1 5 64059 0.07343
2 1 5 63770 0.07365
2 1 5 63577 0.07385
2 1 5 63332 0.07362
2 1 5 62372 0.07291
2 1 5 61926 0.07254
2 1 5 61720 0.07328
2 1 5 61486 0.07331
2 1 5 61432 0.07033
2 1 5 60922 0.07016
2 1 5 60909 0.07087
2 1 5 60791 0.07311
2 1 5 60747 0.07291
2 1 5 60121 0.06978
2 1 5 59971 0.07245
2 1 5 59749 0.07334
2 1 5 59600 0.07045
2 1 5 59311 0.07344
2 1 5 59164 0.07286
2 1 5 58706 0.07052
2 1 5 58670 0.07058
2 1 5 58508 0.07108
2 1 5 58501 0.07039
2 1 5 58388 0.07372
2 1 5 58362 0.0708
2 1 5 58159 0.06599
2 1 5 58115 0.07088
2 1 5 57605 0.06787
2 1 5 57300 0.07311
2 1 5 56853 0.06994
2 1 5 56802 0.07146
2 1 5 56224 0.07104
2 1 5 56191 0.068
2 1 5 55314 0.06994
2 1 5 55262 0.06944
2 1 5 54938 0.0649
2 1 5 54108 0.06896
2 1 5 52165 0.0659
2 1 5 51659 0.06365
2 1 5 51489 0.06494
2 1 5 51181 0.06417
2 1 5 50932 0.06453
2 1 5 50211 0.06386
2 1 5 49426 0.06106
2 1 5 47896 0.05924
2 1 5 42104 0.05222
2 1 5 41906 0.05211
2 1 5 41900 0.05109
2 1 5 41784 0.04894
2 1 5 41710 0.04929
2 1 5 41658 0.04889
2 1 5 41628 0.04837
2 1 5 41624 0.05051
2 1 5 41604 0.05016
2 1 5 41589 0.05121
2 1 5 41351 0.04861
2 1 5 41351 0.04874
2 1 5 41002 0.04942
2 1 5 40750 0.04857
2 1 5 40734 0.04886
2 1 5 40633 0.04921
2 1 5 40556 0.04606
2 1 5 40492 0.04834
2 1 5 40447 0.04902
2 1 5 40247 0.04877
2 1 5 40085 0.04667
2 1 5 39995 0.04989
2 1 5 39981 0.04729
2 1 5 39933 0.04963
2 1 5 39826 0.04944
2 1 5 39654 0.04981
2 1 5 39613 0.04898
2 1 5 39391 0.04617
2 1 5 39250 0.0489
2 1 5 39141 0.04828
2 1 5 39112 0.0487
2 1 5 38575 0.04502
2 1 5 38452 0.0456
2 1 5 38178 0.04727
2 1 5 37817 0.04554
2 1 5 37641 0.04663
2 1 5 37493 0.0448
2 1 5 37307 0.04488
2 1 5 37188 0.04511
2 1 5 37065 0.04461
2 1 5 36995 0.04509
2 1 5 36762 0.04584
2 1 5 36675 0.04609
2 1 5 35476 0.04525
2 1 5 34383 0.0444
2 1 5 34268 0.04162
2 1 5 33674 0.04029
2 1 5 33443 0.04036
2 1 5 33191 0.04201
2 1 5 33077 0.03906
2 1 5 28513 0.03413
2 1 5 28490 0.03159
2 1 5 28440 0.03017
2 1 5 28382 0.03111
2 1 5 28360 0.0303
2 1 5 28350 0.02952
2 1 5 28323 0.03223
2 1 5 28311 0.0321
2 1 5 28292 0.03091
2 1 5 28253 0.02928
2 1 5 28198 0.02981
2 1 5 28174 0.03015
2 1 5 28094 0.03034
2 1 5 28089 0.02897
2 1 5 28042 0.03069
2 1 5 28026 0.03253
2 1 5 27984 0.03279
2 1 5 27941 0.03028
2 1 5 27804 0.03242
2 1 5 27699 0.03191
2 1 5 27611 0.03214
2 1 5 27593 0.03136
2 1 5 27531 0.03173
2 1 5 27492 0.03191
2 1 5 27411 0.02968
2 1 5 27404 0.03154
2 1 5 27166 0.02869
2 1 5 26937 0.02825
2 1 5 26767 0.03231
2 1 5 26765 0.03109
2 1 5 26698 0.03148
2 1 5 26629 0.03192
2 1 5 26500 0.03089
2 1 5 26480 0.03013
2 1 5 26192 0.0299
2 1 5 26047 0.03046
2 1 5 26012 0.03013
2 1 5 26005 0.03071
2 1 5 25869 0.02966
2 1 5 25868 0.0305
2 1 5 25491 0.0298
2 1 5 25491 0.02985
2 1 5 25245 0.02884
2 1 5 25110 0.02936
2 1 5 25103 0.0288
2 1 5 25101 0.02939
2 1 5 24411 0.02923
2 1 5 24344 0.0285
2 1 5 24011 0.0285
2 1 5 23990 0.0286
2 1 5 16238 0.01957
2 1 5 16212 0.01843
2 1 5 16206 0.01766
2 1 5 16200 0.01915
2 1 5 16191 0.01811
2 1 5 16186 0.01851
2 1 5 16179 0.01901
2 1 5 16175 0.01865
2 1 5 16165 0.01876
2 1 5 16145 0.0182
2 1 5 16094 0.02001
2 1 5 16077 0.01966
2 1 5 16004 0.01844
2 1 5 15957 0.01687
2 1 5 15937 0.01936
2 1 5 15907 0.01991
2 1 5 15888 0.0192
2 1 5 15870 0.01878
2 1 5 15800 0.01947
2 1 5 15800 0.01958
2 1 5 15732 0.01947
2 1 5 15712 0.0192
2 1 5 15682 0.01775
2 1 5 15682 0.01768
2 1 5 15671 0.01852
2 1 5 15665 0.018
2 1 5 15647 0.01728
2 1 5 15647 0.01747
2 1 5 15624 0.01845
2 1 5 15610 0.01974
2 1 5 15606 0.01971
2 1 5 15605 0.01927
2 1 5 15587 0.01914
2 1 5 15559 0.0188
2 1 5 15500 0.01884
2 1 5 15493 0.01898
2 1 5 15429 0.01918
2 1 5 15406 0.01879
2 1 5 15386 0.01911
2 1 5 15248 0.01838
2 1 5 15221 0.01868
2 1 5 15194 0.01847
2 1 5 15017 0.01863
2 1 5 14949 0.01808
2 1 5 14931 0.01796
2 1 5 14841 0.01788
2 1 5 14710 0.01844
2 1 5 14589 0.01785
2 1 5 14500 0.01849
2 1 5 14217 0.01681
2 1 5 10547 0.01339
2 1 5 10542 0.01398
2 1 5 10538 0.01331
2 1 5 10536 0.01378
2 1 5 10528 0.01364
2 1 5 10525 0.01317
2 1 5 10522 0.01354
2 1 5 10515 0.01302
2 1 5 10513 0.01319
2 1 5 10510 0.01427
2 1 5 10493 0.01398
2 1 5 10492 0.01378
2 1 5 10478 0.01343
2 1 5 10467 0.01412
2 1 5 10459 0.01345
2 1 5 10455 0.01375
2 1 5 10453 0.01382
2 1 5 10426 0.01468
2 1 5 10416 0.01427
2 1 5 10392 0.0131
2 1 5 10379 0.01405
2 1 5 10377 0.01496
2 1 5 10370 0.01486
2 1 5 10367 0.01369
2 1 5 10348 0.01449
2 1 5 10347 0.0144
2 1 5 10323 0.01353
2 1 5 10319 0.01455
2 1 5 10318 0.0135
2 1 5 10310 0.01435
2 1 5 10306 0.01386
2 1 5 10301 0.0137
2 1 5 10297 0.01462
2 1 5 10279 0.0128
2 1 5 10275 0.01376
2 1 5 10243 0.01401
2 1 5 10238 0.01285
2 1 5 10225 0.01345
2 1 5 10214 0.01369
2 1 5 10212 0.01374
2 1 5 10199 0.0128
2 1 5 10157 0.01323
2 1 5 10083 0.01347
2 1 5 10082 0.01372
2 1 5 10062 0.01374
2 1 5 10034 0.01304
2 1 5 10007 0.01331
2 1 5 10007 0.01333
2 1 5 9967 0.01326
2 1 5 9912 0.01337
