16 11 1 100000 0.1365
16 11 1 100000 0.132
16 11 1 100000 0.1303
16 11 1 100000 0.1325
16 11 1 100000 0.1299
16 11 1 100000 0.1297
16 11 1 100000 0.1318
16 11 1 85000 0.1159
16 11 1 85000 0.1145
16 11 1 85000 0.1098
16 11 1 85000 0.09096
16 11 1 85000 0.09046
16 11 1 75000 0.08277
16 11 1 75000 0.08195
16 11 1 75000 0.08174
16 11 1 75000 0.08045
16 11 1 75000 0.08137
16 11 1 75000 0.07832
16 11 1 75000 0.07664
16 11 1 50000 0.05741
16 11 1 50000 0.0592
16 11 1 50000 0.05771
16 11 1 50000 0.05632
16 11 1 50000 0.05856
16 11 1 50000 0.05538
16 11 1 35000 0.04123
16 11 1 35000 0.04133
16 11 1 35000 0.03993
16 11 1 35000 0.04049
16 11 1 35000 0.03961
16 11 1 35000 0.0411
16 11 1 25000 0.02702
16 11 1 25000 0.02663
16 11 1 25000 0.02762
16 11 1 25000 0.02659
16 11 1 25000 0.02808
16 11 1 25000 0.0266
16 11 1 25000 0.0264
16 11 1 15000 0.01701
16 11 1 15000 0.01663
16 11 1 15000 0.0169
16 11 1 15000 0.01705
16 11 1 15000 0.0172
16 11 1 15000 0.01674
16 11 1 10000 0.01264
16 11 1 10000 0.01284
16 11 1 10000 0.01315
16 11 1 10000 0.01336
16 11 1 10000 0.01286
16 11 1 10000 0.013
16 11 2 113086 0.1419
16 11 2 112764 0.1401
16 11 2 112678 0.1412
16 11 2 112345 0.1462
16 11 2 111403 0.1353
16 11 2 106449 0.1056
16 11 2 94651 0.09612
16 11 2 94474 0.09665
16 11 2 94283 0.09658
16 11 2 93902 0.09646
16 11 2 93484 0.09634
16 11 2 89697 0.0924
16 11 2 82467 0.08832
16 11 2 82357 0.08607
16 11 2 82315 0.0868
16 11 2 82161 0.08809
16 11 2 82087 0.08827
16 11 2 81915 0.08518
16 11 2 76212 0.0804
16 11 2 53372 0.06174
16 11 2 53309 0.06199
16 11 2 53254 0.05947
16 11 2 53224 0.06143
16 11 2 53147 0.06149
16 11 2 51892 0.05928
16 11 2 36618 0.04189
16 11 2 36594 0.04104
16 11 2 36585 0.04099
16 11 2 36568 0.04217
16 11 2 36552 0.04141
16 11 2 35732 0.04128
16 11 2 34803 0.04
16 11 2 25829 0.02747
16 11 2 25812 0.02762
16 11 2 25790 0.02829
16 11 2 25773 0.02775
16 11 2 25295 0.02581
16 11 2 24261 0.02547
16 11 2 15297 0.01729
16 11 2 15295 0.01737
16 11 2 15290 0.01814
16 11 2 15279 0.01626
16 11 2 15238 0.0172
16 11 2 10135 0.01243
16 11 2 10134 0.0123
16 11 2 10132 0.01194
16 11 2 10130 0.0122
16 11 2 10129 0.01231
16 11 2 10125 0.01197
16 11 2 9986 0.01245
16 11 3 127597 0.1765
16 11 3 126893 0.1743
16 11 3 126188 0.1752
16 11 3 126007 0.203
16 11 3 119973 0.1525
16 11 3 119598 0.1519
16 11 3 105278 0.1343
16 11 3 104625 0.1356
16 11 3 104538 0.1362
16 11 3 103615 0.1236
16 11 3 100719 0.1269
16 11 3 96007 0.1268
16 11 3 90660 0.1199
16 11 3 90234 0.1289
16 11 3 90024 0.1184
16 11 3 89796 0.1117
16 11 3 89560 0.09323
16 11 3 87381 0.08976
16 11 3 78828 0.08393
16 11 3 56822 0.06569
16 11 3 56671 0.06184
16 11 3 56650 0.06104
16 11 3 56623 0.06267
16 11 3 55251 0.06234
16 11 3 53897 0.062
16 11 3 51545 0.05826
16 11 3 38234 0.04209
16 11 3 38213 0.04315
16 11 3 38166 0.04337
16 11 3 36710 0.04033
16 11 3 36399 0.04204
16 11 3 26712 0.02857
16 11 3 26656 0.02755
16 11 3 26626 0.02908
16 11 3 26602 0.0282
16 11 3 26560 0.02861
16 11 3 26130 0.02781
16 11 3 15615 0.01764
16 11 3 15590 0.01756
16 11 3 15585 0.01804
16 11 3 15574 0.01789
16 11 3 15566 0.01775
16 11 3 15376 0.01809
16 11 3 15296 0.01808
16 11 3 10265 0.01311
16 11 3 10262 0.01279
16 11 3 10260 0.01296
16 11 3 10258 0.01244
16 11 3 10244 0.01316
16 11 3 10116 0.01263
16 11 4 142809 0.1918
16 11 4 137864 0.1869
16 11 4 136311 0.188
16 11 4 135609 0.1854
16 11 4 133673 0.1844
16 11 4 126023 0.1768
16 11 4 117457 0.1166
16 11 4 115933 0.1159
16 11 4 114730 0.1155
16 11 4 113468 0.1158
16 11 4 105472 0.106
16 11 4 104890 0.1062
16 11 4 99125 0.1019
16 11 4 98826 0.1028
16 11 4 97648 0.1018
16 11 4 97137 0.1002
16 11 4 94959 0.09956
16 11 4 92703 0.09318
16 11 4 92652 0.09658
16 11 4 60312 0.07207
16 11 4 60237 0.06914
16 11 4 59122 0.06864
16 11 4 58450 0.06866
16 11 4 57312 0.06903
16 11 4 55373 0.06654
16 11 4 39982 0.04914
16 11 4 39952 0.04757
16 11 4 39813 0.04693
16 11 4 39264 0.04591
16 11 4 38397 0.04564
16 11 4 38265 0.04522
16 11 4 27590 0.03008
16 11 4 27535 0.02984
16 11 4 27483 0.02948
16 11 4 27467 0.03086
16 11 4 27436 0.02984
16 11 4 26671 0.02915
16 11 4 26076 0.0302
16 11 4 15904 0.01853
16 11 4 15884 0.01845
16 11 4 15875 0.01822
16 11 4 15865 0.01838
16 11 4 15606 0.01868
16 11 4 15288 0.0179
16 11 4 10396 0.01391
16 11 4 10393 0.01331
16 11 4 10389 0.01307
16 11 4 10379 0.013
16 11 4 10266 0.01353
16 11 4 10225 0.01286
16 11 5 158710 0.2064
16 11 5 153339 0.1974
16 11 5 152029 0.1965
16 11 5 151420 0.1972
16 11 5 147006 0.1969
16 11 5 143332 0.1968
16 11 5 127759 0.1772
16 11 5 127699 0.1741
16 11 5 125869 0.1738
16 11 5 124217 0.1736
16 11 5 115305 0.1168
16 11 5 114858 0.117
16 11 5 108960 0.1124
16 11 5 107213 0.11
16 11 5 106941 0.1113
16 11 5 105141 0.108
16 11 5 104551 0.1094
16 11 5 100167 0.1034
16 11 5 92072 0.09642
16 11 5 64372 0.07437
16 11 5 64072 0.07264
16 11 5 63536 0.07297
16 11 5 62496 0.06832
16 11 5 60838 0.06885
16 11 5 60313 0.06851
16 11 5 58633 0.06728
16 11 5 41476 0.04749
16 11 5 41346 0.0476
16 11 5 40724 0.0456
16 11 5 39868 0.04767
16 11 5 38958 0.04327
16 11 5 28407 0.02905
16 11 5 28369 0.03042
16 11 5 28298 0.02921
16 11 5 28133 0.0288
16 11 5 27877 0.02882
16 11 5 26752 0.02736
16 11 5 16216 0.01874
16 11 5 16203 0.01809
16 11 5 16198 0.01767
16 11 5 16171 0.0185
16 11 5 16123 0.01826
16 11 5 15991 0.0186
16 11 5 15844 0.01797
16 11 5 10534 0.01315
16 11 5 10528 0.01192
16 11 5 10519 0.01279
16 11 5 10505 0.013
16 11 5 10451 0.0119
16 11 5 10359 0.01257
