16 9 1 100000 0.1446
16 9 1 100000 0.139
16 9 1 100000 0.1374
16 9 1 100000 0.1354
16 9 1 100000 0.1376
16 9 1 100000 0.1368
16 9 1 100000 0.1375
16 9 1 85000 0.1185
16 9 1 85000 0.1199
16 9 1 85000 0.1217
16 9 1 85000 0.1197
16 9 1 85000 0.1145
16 9 1 75000 0.08395
16 9 1 75000 0.08455
16 9 1 75000 0.08349
16 9 1 75000 0.09034
16 9 1 75000 0.1044
16 9 1 75000 0.1046
16 9 1 75000 0.1067
16 9 1 50000 0.072
16 9 1 50000 0.0717
16 9 1 50000 0.07179
16 9 1 50000 0.07118
16 9 1 50000 0.07093
16 9 1 50000 0.0733
16 9 1 35000 0.05088
16 9 1 35000 0.05006
16 9 1 35000 0.05138
16 9 1 35000 0.04897
16 9 1 35000 0.05008
16 9 1 35000 0.04985
16 9 1 35000 0.05068
16 9 1 25000 0.03238
16 9 1 25000 0.03213
16 9 1 25000 0.0314
16 9 1 25000 0.03225
16 9 1 25000 0.0308
16 9 1 25000 0.03171
16 9 1 15000 0.01969
16 9 1 15000 0.01953
16 9 1 15000 0.01907
16 9 1 15000 0.01918
16 9 1 15000 0.01889
16 9 1 10000 0.01394
16 9 1 10000 0.01363
16 9 1 10000 0.01377
16 9 1 10000 0.01425
16 9 1 10000 0.0138
16 9 1 10000 0.01371
16 9 1 10000 0.01355
16 9 2 113491 0.1539
16 9 2 107942 0.1431
16 9 2 104665 0.1423
16 9 2 103028 0.1381
16 9 2 99089 0.1351
16 9 2 96134 0.1318
16 9 2 92938 0.127
16 9 2 91131 0.1265
16 9 2 89084 0.1231
16 9 2 88524 0.1229
16 9 2 83963 0.1181
16 9 2 83554 0.1176
16 9 2 81894 0.1154
16 9 2 80493 0.1133
16 9 2 79738 0.112
16 9 2 77761 0.1082
16 9 2 76116 0.1061
16 9 2 72645 0.1039
16 9 2 71645 0.1017
16 9 2 53381 0.07977
16 9 2 53263 0.0784
16 9 2 52431 0.07468
16 9 2 51378 0.07711
16 9 2 49985 0.07406
16 9 2 46844 0.06901
16 9 2 46441 0.06856
16 9 2 36312 0.05217
16 9 2 36190 0.05115
16 9 2 36050 0.05111
16 9 2 35262 0.0498
16 9 2 34341 0.0488
16 9 2 25848 0.03327
16 9 2 25839 0.03126
16 9 2 25829 0.03187
16 9 2 25492 0.03279
16 9 2 25269 0.03288
16 9 2 24720 0.03142
16 9 2 24227 0.03144
16 9 2 15303 0.01963
16 9 2 15283 0.02027
16 9 2 15090 0.02091
16 9 2 14904 0.01986
16 9 2 14875 0.01931
16 9 2 10134 0.01466
16 9 2 10133 0.01413
16 9 2 10122 0.01435
16 9 2 10094 0.01407
16 9 2 10021 0.01409
16 9 2 9995 0.01351
16 9 2 9893 0.01446
16 9 3 118482 0.1539
16 9 3 113555 0.1503
16 9 3 106463 0.1302
16 9 3 104104 0.1319
16 9 3 103709 0.1076
16 9 3 98234 0.1014
16 9 3 97706 0.1022
16 9 3 93738 0.09744
16 9 3 92621 0.09886
16 9 3 90821 0.09709
16 9 3 88026 0.09564
16 9 3 87314 0.09637
16 9 3 84750 0.09282
16 9 3 83489 0.09062
16 9 3 81687 0.09116
16 9 3 81685 0.08894
16 9 3 80132 0.08721
16 9 3 72177 0.07984
16 9 3 67220 0.07706
16 9 3 56869 0.06571
16 9 3 54782 0.06612
16 9 3 52641 0.06466
16 9 3 52232 0.06461
16 9 3 50918 0.06106
16 9 3 48725 0.05758
16 9 3 48329 0.05874
16 9 3 37253 0.0446
16 9 3 35926 0.04512
16 9 3 35261 0.04356
16 9 3 34795 0.04291
16 9 3 33775 0.04039
16 9 3 26716 0.03045
16 9 3 26528 0.02933
16 9 3 25522 0.03026
16 9 3 25456 0.02875
16 9 3 25337 0.02908
16 9 3 24640 0.02967
16 9 3 23717 0.02743
16 9 3 15597 0.01869
16 9 3 15373 0.01844
16 9 3 15172 0.01858
16 9 3 14915 0.01771
16 9 3 14769 0.01803
16 9 3 14563 0.01725
16 9 3 10209 0.01342
16 9 3 10125 0.01283
16 9 3 10080 0.01277
16 9 3 10036 0.0128
16 9 3 10011 0.01278
16 9 3 9835 0.01262
16 9 4 121151 0.1148
16 9 4 113844 0.1168
16 9 4 113489 0.1132
16 9 4 106225 0.1091
16 9 4 104438 0.1085
16 9 4 98896 0.1048
16 9 4 97001 0.1013
16 9 4 93744 0.09855
16 9 4 91942 0.1003
16 9 4 91341 0.09814
16 9 4 90054 0.09516
16 9 4 89466 0.09565
16 9 4 86114 0.0926
16 9 4 83807 0.08692
16 9 4 80269 0.0892
16 9 4 79128 0.08798
16 9 4 78667 0.08839
16 9 4 68723 0.07895
16 9 4 68723 0.07944
16 9 4 59365 0.07198
16 9 4 55246 0.06551
16 9 4 54660 0.0667
16 9 4 51721 0.06291
16 9 4 50710 0.06063
16 9 4 49982 0.06087
16 9 4 37667 0.04581
16 9 4 37361 0.04472
16 9 4 36884 0.04405
16 9 4 36134 0.04376
16 9 4 34876 0.04367
16 9 4 34196 0.04116
16 9 4 31432 0.03664
16 9 4 26453 0.0301
16 9 4 26214 0.02973
16 9 4 25173 0.02904
16 9 4 25131 0.02904
16 9 4 24296 0.02832
16 9 4 23794 0.02748
16 9 4 15569 0.01973
16 9 4 15477 0.01971
16 9 4 15114 0.01912
16 9 4 15009 0.0186
16 9 4 14568 0.01796
16 9 4 10389 0.01379
16 9 4 10234 0.01339
16 9 4 10187 0.01308
16 9 4 10152 0.01305
16 9 4 10025 0.01316
16 9 4 9966 0.01288
16 9 4 9932 0.0133
16 9 5 128844 0.1866
16 9 5 118883 0.1208
16 9 5 118343 0.1199
16 9 5 109115 0.114
16 9 5 108642 0.1127
16 9 5 105736 0.1105
16 9 5 99978 0.1049
16 9 5 99456 0.1061
16 9 5 96022 0.1023
16 9 5 94453 0.1033
16 9 5 94255 0.09971
16 9 5 91299 0.1007
16 9 5 87498 0.0948
16 9 5 86496 0.0944
16 9 5 83846 0.09158
16 9 5 83360 0.08952
16 9 5 76336 0.08412
16 9 5 73679 0.08228
16 9 5 60757 0.07257
16 9 5 60757 0.07279
16 9 5 56963 0.06895
16 9 5 54985 0.06616
16 9 5 54668 0.06658
16 9 5 52314 0.06543
16 9 5 49546 0.05988
16 9 5 46738 0.05904
16 9 5 38337 0.04619
16 9 5 37552 0.0462
16 9 5 36340 0.04558
16 9 5 34830 0.04382
16 9 5 33176 0.04006
16 9 5 27051 0.03175
16 9 5 27012 0.03228
16 9 5 26260 0.02986
16 9 5 26004 0.03053
16 9 5 25243 0.03102
16 9 5 24798 0.02959
16 9 5 23497 0.02896
16 9 5 15832 0.02099
16 9 5 15565 0.01979
16 9 5 15354 0.02031
16 9 5 15128 0.01896
16 9 5 14881 0.01917
16 9 5 14410 0.01828
16 9 5 10248 0.01378
16 9 5 10215 0.01354
16 9 5 10165 0.01368
16 9 5 10065 0.01373
16 9 5 10019 0.01305
16 9 5 9872 0.01364
