16 0 1 100000 0.1221
16 0 1 100000 0.1162
16 0 1 100000 0.115
16 0 1 100000 0.1131
16 0 1 100000 0.1134
16 0 1 100000 0.1117
16 0 1 85000 0.09933
16 0 1 85000 0.09865
16 0 1 85000 0.1008
16 0 1 85000 0.09995
16 0 1 85000 0.1003
16 0 1 85000 0.1004
16 0 1 85000 0.1009
16 0 1 75000 0.08823
16 0 1 75000 0.08972
16 0 1 75000 0.08934
16 0 1 75000 0.09047
16 0 1 75000 0.08908
16 0 1 50000 0.06102
16 0 1 50000 0.06375
16 0 1 50000 0.06135
16 0 1 50000 0.06466
16 0 1 50000 0.06109
16 0 1 50000 0.06208
16 0 1 50000 0.06487
16 0 1 35000 0.04384
16 0 1 35000 0.04483
16 0 1 35000 0.04459
16 0 1 35000 0.04342
16 0 1 35000 0.04476
16 0 1 35000 0.04476
16 0 1 25000 0.02826
16 0 1 25000 0.02855
16 0 1 25000 0.02807
16 0 1 25000 0.02855
16 0 1 25000 0.02908
16 0 1 25000 0.02767
16 0 1 25000 0.02765
16 0 1 15000 0.01777
16 0 1 15000 0.01783
16 0 1 15000 0.01731
16 0 1 15000 0.01782
16 0 1 15000 0.01767
16 0 1 10000 0.01276
16 0 1 10000 0.01275
16 0 1 10000 0.0129
16 0 1 10000 0.01318
16 0 1 10000 0.0124
16 0 1 10000 0.01324
16 0 1 10000 0.01211
16 0 2 113442 0.1268
16 0 2 113102 0.1248
16 0 2 112915 0.1263
16 0 2 112864 0.1254
16 0 2 112562 0.1222
16 0 2 108964 0.121
16 0 2 94670 0.1091
16 0 2 94514 0.1095
16 0 2 94462 0.1063
16 0 2 94300 0.1051
16 0 2 94034 0.1084
16 0 2 93890 0.1078
16 0 2 82497 0.09954
16 0 2 82458 0.0951
16 0 2 82441 0.09758
16 0 2 82387 0.09856
16 0 2 82173 0.09811
16 0 2 82095 0.09629
16 0 2 76712 0.08991
16 0 2 53326 0.06795
16 0 2 53293 0.06807
16 0 2 53264 0.06914
16 0 2 53192 0.06794
16 0 2 53151 0.06434
16 0 2 36662 0.04661
16 0 2 36647 0.04577
16 0 2 36620 0.04574
16 0 2 36613 0.04531
16 0 2 36597 0.0446
16 0 2 36580 0.04521
16 0 2 36460 0.04421
16 0 2 25837 0.02969
16 0 2 25829 0.02823
16 0 2 25820 0.02953
16 0 2 25815 0.02732
16 0 2 25797 0.02981
16 0 2 25670 0.02868
16 0 2 15304 0.01838
16 0 2 15303 0.01839
16 0 2 15300 0.01843
16 0 2 15298 0.01737
16 0 2 15295 0.01741
16 0 2 15289 0.01803
16 0 2 15263 0.01771
16 0 2 10134 0.01293
16 0 2 10133 0.01345
16 0 2 10132 0.01271
16 0 2 10130 0.01348
16 0 2 10128 0.01295
16 0 2 10121 0.01331
16 0 3 128086 0.1904
16 0 3 127704 0.1831
16 0 3 127592 0.1966
16 0 3 127405 0.1902
16 0 3 126417 0.1918
16 0 3 123294 0.1884
16 0 3 105382 0.1172
16 0 3 105006 0.1156
16 0 3 104563 0.1157
16 0 3 104473 0.1165
16 0 3 104128 0.1174
16 0 3 103578 0.1176
16 0 3 90599 0.1053
16 0 3 90466 0.1043
16 0 3 90362 0.1196
16 0 3 90293 0.105
16 0 3 90135 0.09646
16 0 3 89901 0.09641
16 0 3 56916 0.06791
16 0 3 56870 0.0684
16 0 3 56741 0.06563
16 0 3 56689 0.06905
16 0 3 56636 0.06705
16 0 3 56543 0.06449
16 0 3 56437 0.0671
16 0 3 38340 0.04512
16 0 3 38319 0.04514
16 0 3 38300 0.04471
16 0 3 38283 0.04459
16 0 3 38249 0.04277
16 0 3 38187 0.04504
16 0 3 26698 0.02898
16 0 3 26676 0.02903
16 0 3 26663 0.02872
16 0 3 26646 0.02813
16 0 3 26624 0.02836
16 0 3 26567 0.02843
16 0 3 25804 0.02749
16 0 3 15602 0.01791
16 0 3 15600 0.01756
16 0 3 15596 0.01764
16 0 3 15590 0.01849
16 0 3 15580 0.01816
16 0 3 15568 0.01853
16 0 3 10268 0.01297
16 0 3 10265 0.0128
16 0 3 10262 0.01352
16 0 3 10257 0.01312
16 0 3 10255 0.01295
16 0 3 10250 0.01297
16 0 4 144765 0.196
16 0 4 143964 0.194
16 0 4 143515 0.1912
16 0 4 142728 0.1916
16 0 4 141380 0.1921
16 0 4 130674 0.1885
16 0 4 130674 0.1878
16 0 4 115781 0.1193
16 0 4 115444 0.1212
16 0 4 115214 0.1203
16 0 4 111929 0.118
16 0 4 106341 0.1125
16 0 4 99420 0.1029
16 0 4 99267 0.1051
16 0 4 98873 0.1047
16 0 4 98606 0.1042
16 0 4 98217 0.1051
16 0 4 95531 0.1031
16 0 4 94422 0.1024
16 0 4 60511 0.06843
16 0 4 60335 0.0712
16 0 4 60252 0.07191
16 0 4 60118 0.07259
16 0 4 60013 0.07219
16 0 4 40153 0.04821
16 0 4 40099 0.04971
16 0 4 40052 0.04828
16 0 4 40025 0.04811
16 0 4 39975 0.04619
16 0 4 39876 0.04729
16 0 4 39328 0.04649
16 0 4 27561 0.02953
16 0 4 27530 0.02917
16 0 4 27515 0.03014
16 0 4 27451 0.03026
16 0 4 27068 0.02898
16 0 4 26957 0.03092
16 0 4 15925 0.01851
16 0 4 15912 0.01834
16 0 4 15901 0.01881
16 0 4 15889 0.01847
16 0 4 15882 0.01826
16 0 4 15878 0.0188
16 0 4 15604 0.01837
16 0 4 10403 0.01362
16 0 4 10399 0.0132
16 0 4 10395 0.01345
16 0 4 10390 0.01329
16 0 4 10385 0.01373
16 0 4 10382 0.0138
16 0 5 162936 0.2086
16 0 5 161788 0.2086
16 0 5 160832 0.2089
16 0 5 159494 0.2139
16 0 5 157494 0.2189
16 0 5 156590 0.2088
16 0 5 128829 0.1897
16 0 5 128336 0.1935
16 0 5 127896 0.196
16 0 5 127636 0.196
16 0 5 125024 0.194
16 0 5 123609 0.1905
16 0 5 108919 0.1194
16 0 5 108726 0.1198
16 0 5 108183 0.1211
16 0 5 108008 0.1189
16 0 5 107982 0.1202
16 0 5 104750 0.1175
16 0 5 102729 0.1142
16 0 5 64366 0.07796
16 0 5 64280 0.07725
16 0 5 64151 0.0779
16 0 5 64054 0.07938
16 0 5 63899 0.07839
16 0 5 61660 0.07642
16 0 5 41924 0.05394
16 0 5 41875 0.05156
16 0 5 41786 0.0518
16 0 5 41751 0.05047
16 0 5 41439 0.05156
16 0 5 40875 0.04913
16 0 5 28443 0.03066
16 0 5 28430 0.03111
16 0 5 28369 0.02997
16 0 5 28174 0.03287
16 0 5 27947 0.03043
16 0 5 16235 0.01882
16 0 5 16231 0.01847
16 0 5 16204 0.01906
16 0 5 16200 0.01865
16 0 5 16195 0.01915
16 0 5 16187 0.0191
16 0 5 16046 0.01848
16 0 5 10541 0.01406
16 0 5 10535 0.01437
16 0 5 10531 0.01303
16 0 5 10528 0.01433
16 0 5 10522 0.01387
16 0 5 10521 0.0133
16 0 5 10456 0.01387
