16 14 1 100000 0.1373
16 14 1 100000 0.1328
16 14 1 100000 0.1287
16 14 1 100000 0.1289
16 14 1 100000 0.1289
16 14 1 100000 0.1264
16 14 1 100000 0.126
16 14 1 85000 0.1072
16 14 1 85000 0.1079
16 14 1 85000 0.1081
16 14 1 85000 0.08838
16 14 1 85000 0.08991
16 14 1 75000 0.08086
16 14 1 75000 0.07927
16 14 1 75000 0.0813
16 14 1 75000 0.07725
16 14 1 75000 0.0799
16 14 1 75000 0.07815
16 14 1 50000 0.05933
16 14 1 50000 0.05799
16 14 1 50000 0.05666
16 14 1 50000 0.05876
16 14 1 50000 0.05884
16 14 1 50000 0.05998
16 14 1 50000 0.05842
16 14 1 35000 0.04199
16 14 1 35000 0.04306
16 14 1 35000 0.04085
16 14 1 35000 0.04304
16 14 1 35000 0.04057
16 14 1 35000 0.04165
16 14 1 25000 0.02691
16 14 1 25000 0.02886
16 14 1 25000 0.02757
16 14 1 25000 0.02918
16 14 1 25000 0.0287
16 14 1 25000 0.03001
16 14 1 15000 0.01816
16 14 1 15000 0.01721
16 14 1 15000 0.01759
16 14 1 15000 0.01768
16 14 1 15000 0.01822
16 14 1 15000 0.01767
16 14 1 15000 0.0183
16 14 1 10000 0.01318
16 14 1 10000 0.01268
16 14 1 10000 0.01301
16 14 1 10000 0.01329
16 14 1 10000 0.01275
16 14 1 10000 0.01333
16 14 2 113556 0.1499
16 14 2 113323 0.1469
16 14 2 109025 0.1431
16 14 2 109025 0.1424
16 14 2 106787 0.127
16 14 2 97494 0.09588
16 14 2 94646 0.09648
16 14 2 92324 0.09559
16 14 2 89957 0.0924
16 14 2 87793 0.09402
16 14 2 86156 0.088
16 14 2 82612 0.08727
16 14 2 82248 0.0859
16 14 2 81724 0.08708
16 14 2 80520 0.08585
16 14 2 78495 0.08014
16 14 2 75160 0.07917
16 14 2 73626 0.08084
16 14 2 53383 0.06367
16 14 2 53372 0.0644
16 14 2 53351 0.06452
16 14 2 53277 0.06193
16 14 2 52702 0.06232
16 14 2 51520 0.05938
16 14 2 48591 0.05846
16 14 2 36662 0.04398
16 14 2 36646 0.04534
16 14 2 36629 0.0429
16 14 2 35591 0.04317
16 14 2 34521 0.04044
16 14 2 34387 0.04095
16 14 2 25845 0.0291
16 14 2 25843 0.02857
16 14 2 25834 0.02894
16 14 2 25692 0.02896
16 14 2 24951 0.02947
16 14 2 24596 0.02823
16 14 2 24313 0.02785
16 14 2 15301 0.01853
16 14 2 15283 0.01841
16 14 2 15014 0.018
16 14 2 14946 0.0178
16 14 2 14820 0.01784
16 14 2 14722 0.01841
16 14 2 10134 0.01338
16 14 2 10133 0.0129
16 14 2 10132 0.01334
16 14 2 10120 0.01312
16 14 2 10060 0.0127
16 14 2 9946 0.01312
16 14 3 128555 0.1818
16 14 3 123758 0.1765
16 14 3 123758 0.1765
16 14 3 114940 0.1112
16 14 3 110026 0.1059
16 14 3 105564 0.1041
16 14 3 105405 0.1037
16 14 3 97852 0.09963
16 14 3 97378 0.09974
16 14 3 93606 0.0956
16 14 3 93103 0.09479
16 14 3 90966 0.09334
16 14 3 90361 0.09224
16 14 3 86743 0.09071
16 14 3 85446 0.08776
16 14 3 84854 0.08661
16 14 3 79550 0.08313
16 14 3 77752 0.08278
16 14 3 56971 0.06594
16 14 3 56938 0.06408
16 14 3 56473 0.06609
16 14 3 54888 0.06542
16 14 3 54168 0.06254
16 14 3 53576 0.06135
16 14 3 51192 0.06014
16 14 3 38380 0.04404
16 14 3 38211 0.04606
16 14 3 37598 0.04391
16 14 3 36160 0.04168
16 14 3 35725 0.04268
16 14 3 35374 0.04343
16 14 3 26707 0.02958
16 14 3 26694 0.03117
16 14 3 26500 0.02883
16 14 3 25466 0.02841
16 14 3 25303 0.02749
16 14 3 25091 0.02799
16 14 3 15616 0.01848
16 14 3 15608 0.01834
16 14 3 15572 0.01832
16 14 3 15318 0.01783
16 14 3 15159 0.01804
16 14 3 15108 0.018
16 14 3 14905 0.01743
16 14 3 10267 0.01336
16 14 3 10253 0.01375
16 14 3 10249 0.01395
16 14 3 10185 0.01381
16 14 3 10139 0.01304
16 14 3 9993 0.01235
16 14 4 144451 0.1909
16 14 4 131493 0.1802
16 14 4 127677 0.1726
16 14 4 119893 0.1126
16 14 4 117752 0.1103
16 14 4 114084 0.1095
16 14 4 106000 0.1032
16 14 4 104939 0.1038
16 14 4 103213 0.103
16 14 4 101710 0.1016
16 14 4 98022 0.09833
16 14 4 93318 0.09355
16 14 4 93318 0.09325
16 14 4 92614 0.09326
16 14 4 90876 0.09205
16 14 4 88368 0.09017
16 14 4 86432 0.08987
16 14 4 81074 0.08529
16 14 4 60112 0.06756
16 14 4 58850 0.06598
16 14 4 57269 0.06772
16 14 4 54922 0.06425
16 14 4 54482 0.06249
16 14 4 54210 0.0631
16 14 4 51880 0.05963
16 14 4 39992 0.04651
16 14 4 38358 0.04607
16 14 4 37514 0.04238
16 14 4 36755 0.04279
16 14 4 35606 0.04288
16 14 4 34872 0.04108
16 14 4 27605 0.03105
16 14 4 27559 0.03032
16 14 4 27033 0.03
16 14 4 26307 0.02881
16 14 4 26152 0.02858
16 14 4 25672 0.02867
16 14 4 15928 0.01929
16 14 4 15891 0.01832
16 14 4 15646 0.01924
16 14 4 15559 0.01915
16 14 4 15432 0.01899
16 14 4 15325 0.01791
16 14 4 14522 0.01784
16 14 4 10390 0.01316
16 14 4 10316 0.01314
16 14 4 10255 0.01361
16 14 4 10226 0.01336
16 14 4 10150 0.01313
16 14 4 10060 0.0127
16 14 5 156081 0.2002
16 14 5 137695 0.1763
16 14 5 127971 0.1799
16 14 5 123596 0.1764
16 14 5 122482 0.1164
16 14 5 115087 0.1106
16 14 5 113740 0.1095
16 14 5 111898 0.1092
16 14 5 109171 0.1104
16 14 5 103552 0.1028
16 14 5 101171 0.1006
16 14 5 97686 0.09876
16 14 5 95929 0.09793
16 14 5 93885 0.09682
16 14 5 90984 0.09445
16 14 5 87342 0.09104
16 14 5 82554 0.08523
16 14 5 81282 0.08481
16 14 5 63499 0.07007
16 14 5 62844 0.07238
16 14 5 58621 0.06702
16 14 5 57958 0.06529
16 14 5 55426 0.06345
16 14 5 53030 0.06382
16 14 5 52537 0.06156
16 14 5 40747 0.04708
16 14 5 39819 0.0454
16 14 5 37252 0.04358
16 14 5 36457 0.0436
16 14 5 35537 0.04226
16 14 5 33454 0.03947
16 14 5 28533 0.03259
16 14 5 28440 0.03159
16 14 5 26937 0.03016
16 14 5 26640 0.03009
16 14 5 26062 0.02912
16 14 5 25371 0.02849
16 14 5 16245 0.01978
16 14 5 16195 0.01948
16 14 5 15757 0.01925
16 14 5 15580 0.01897
16 14 5 15378 0.01853
16 14 5 15295 0.01847
16 14 5 14547 0.01757
16 14 5 10522 0.0133
16 14 5 10368 0.01341
16 14 5 10290 0.01367
16 14 5 10228 0.01409
16 14 5 10164 0.01392
16 14 5 10076 0.01345
