4 0 1 100000 0.1124
4 0 1 100000 0.1096
4 0 1 100000 0.104
4 0 1 100000 0.1016
4 0 1 100000 0.1101
4 0 1 100000 0.116
4 0 1 100000 0.1065
4 0 1 100000 0.1047
4 0 1 100000 0.1057
4 0 1 100000 0.106
4 0 1 100000 0.1035
4 0 1 100000 0.1059
4 0 1 100000 0.1081
4 0 1 100000 0.1041
4 0 1 100000 0.1069
4 0 1 100000 0.1032
4 0 1 100000 0.1031
4 0 1 100000 0.1314
4 0 1 100000 0.1334
4 0 1 100000 0.1401
4 0 1 100000 0.1537
4 0 1 100000 0.153
4 0 1 100000 0.1497
4 0 1 100000 0.1452
4 0 1 100000 0.1343
4 0 1 85000 0.1017
4 0 1 85000 0.1145
4 0 1 85000 0.115
4 0 1 85000 0.1144
4 0 1 85000 0.1114
4 0 1 85000 0.09207
4 0 1 85000 0.09396
4 0 1 85000 0.09302
4 0 1 85000 0.09105
4 0 1 85000 0.0918
4 0 1 85000 0.09083
4 0 1 85000 0.08889
4 0 1 85000 0.0932
4 0 1 85000 0.09108
4 0 1 85000 0.09195
4 0 1 85000 0.09072
4 0 1 85000 0.09294
4 0 1 85000 0.1213
4 0 1 85000 0.1199
4 0 1 85000 0.1212
4 0 1 85000 0.1187
4 0 1 85000 0.1198
4 0 1 85000 0.1194
4 0 1 85000 0.1189
4 0 1 85000 0.1204
4 0 1 75000 0.08516
4 0 1 75000 0.08341
4 0 1 75000 0.0835
4 0 1 75000 0.08075
4 0 1 75000 0.08174
4 0 1 75000 0.08284
4 0 1 75000 0.08455
4 0 1 75000 0.08276
4 0 1 75000 0.08533
4 0 1 75000 0.08452
4 0 1 75000 0.083
4 0 1 75000 0.0821
4 0 1 75000 0.08264
4 0 1 75000 0.08373
4 0 1 75000 0.08191
4 0 1 75000 0.08599
4 0 1 75000 0.08035
4 0 1 75000 0.111
4 0 1 75000 0.1113
4 0 1 75000 0.1104
4 0 1 75000 0.1109
4 0 1 75000 0.1084
4 0 1 75000 0.1099
4 0 1 75000 0.11
4 0 1 75000 0.1105
4 0 1 50000 0.06068
4 0 1 50000 0.06185
4 0 1 50000 0.06012
4 0 1 50000 0.06047
4 0 1 50000 0.06201
4 0 1 50000 0.05952
4 0 1 50000 0.05941
4 0 1 50000 0.06
4 0 1 50000 0.06102
4 0 1 50000 0.06216
4 0 1 50000 0.06002
4 0 1 50000 0.06291
4 0 1 50000 0.0585
4 0 1 50000 0.06012
4 0 1 50000 0.06288
4 0 1 50000 0.06108
4 0 1 50000 0.06018
4 0 1 50000 0.0868
4 0 1 50000 0.08393
4 0 1 50000 0.08607
4 0 1 50000 0.08735
4 0 1 50000 0.08613
4 0 1 50000 0.08619
4 0 1 50000 0.08841
4 0 1 50000 0.08534
4 0 1 35000 0.04395
4 0 1 35000 0.04199
4 0 1 35000 0.04353
4 0 1 35000 0.04314
4 0 1 35000 0.04447
4 0 1 35000 0.04253
4 0 1 35000 0.04471
4 0 1 35000 0.04373
4 0 1 35000 0.04426
4 0 1 35000 0.04313
4 0 1 35000 0.04386
4 0 1 35000 0.04317
4 0 1 35000 0.04399
4 0 1 35000 0.04276
4 0 1 35000 0.04397
4 0 1 35000 0.04358
4 0 1 35000 0.04241
4 0 1 35000 0.06387
4 0 1 35000 0.06408
4 0 1 35000 0.06371
4 0 1 35000 0.06206
4 0 1 35000 0.06259
4 0 1 35000 0.06269
4 0 1 35000 0.06237
4 0 1 35000 0.06316
4 0 1 25000 0.02901
4 0 1 25000 0.02749
4 0 1 25000 0.02744
4 0 1 25000 0.02871
4 0 1 25000 0.0294
4 0 1 25000 0.02904
4 0 1 25000 0.0275
4 0 1 25000 0.02761
4 0 1 25000 0.02752
4 0 1 25000 0.02586
4 0 1 25000 0.02912
4 0 1 25000 0.02808
4 0 1 25000 0.02812
4 0 1 25000 0.02773
4 0 1 25000 0.0282
4 0 1 25000 0.02868
4 0 1 25000 0.02736
4 0 1 25000 0.04646
4 0 1 25000 0.04516
4 0 1 25000 0.04579
4 0 1 25000 0.0461
4 0 1 25000 0.04544
4 0 1 25000 0.04558
4 0 1 25000 0.0459
4 0 1 25000 0.04571
4 0 1 15000 0.0179
4 0 1 15000 0.01735
4 0 1 15000 0.01732
4 0 1 15000 0.01752
4 0 1 15000 0.01812
4 0 1 15000 0.01777
4 0 1 15000 0.01824
4 0 1 15000 0.01808
4 0 1 15000 0.01785
4 0 1 15000 0.01737
4 0 1 15000 0.01751
4 0 1 15000 0.01792
4 0 1 15000 0.01763
4 0 1 15000 0.01807
4 0 1 15000 0.01693
4 0 1 15000 0.01774
4 0 1 15000 0.01689
4 0 1 15000 0.02842
4 0 1 15000 0.02851
4 0 1 15000 0.02789
4 0 1 15000 0.0284
4 0 1 15000 0.02838
4 0 1 15000 0.02817
4 0 1 15000 0.02863
4 0 1 15000 0.02809
4 0 1 10000 0.01299
4 0 1 10000 0.01287
4 0 1 10000 0.0133
4 0 1 10000 0.01274
4 0 1 10000 0.01281
4 0 1 10000 0.01295
4 0 1 10000 0.01311
4 0 1 10000 0.01347
4 0 1 10000 0.01261
4 0 1 10000 0.01341
4 0 1 10000 0.01235
4 0 1 10000 0.01288
4 0 1 10000 0.01358
4 0 1 10000 0.01328
4 0 1 10000 0.01278
4 0 1 10000 0.01335
4 0 1 10000 0.01281
4 0 1 10000 0.02025
4 0 1 10000 0.02041
4 0 1 10000 0.02
4 0 1 10000 0.02018
4 0 1 10000 0.01999
4 0 1 10000 0.02004
4 0 1 10000 0.02004
4 0 1 10000 0.02034
4 0 2 113541 0.1452
4 0 2 113381 0.1656
4 0 2 113340 0.1384
4 0 2 113142 0.1384
4 0 2 113136 0.1205
4 0 2 113102 0.1146
4 0 2 113046 0.1119
4 0 2 113044 0.1209
4 0 2 112909 0.1325
4 0 2 112895 0.106
4 0 2 112891 0.1119
4 0 2 112861 0.1162
4 0 2 112805 0.114
4 0 2 112664 0.1132
4 0 2 112664 0.116
4 0 2 112535 0.1155
4 0 2 112164 0.114
4 0 2 111882 0.1448
4 0 2 109285 0.1414
4 0 2 103663 0.1354
4 0 2 102069 0.1349
4 0 2 101330 0.1343
4 0 2 100325 0.1333
4 0 2 97301 0.1287
4 0 2 94670 0.1014
4 0 2 94575 0.1004
4 0 2 94571 0.1019
4 0 2 94546 0.09869
4 0 2 94514 0.09972
4 0 2 94462 0.09998
4 0 2 94455 0.1007
4 0 2 94394 0.1001
4 0 2 94351 0.09806
4 0 2 94283 0.09925
4 0 2 94221 0.102
4 0 2 94155 0.09491
4 0 2 94034 0.09832
4 0 2 93959 0.09905
4 0 2 93725 0.09745
4 0 2 93473 0.09552
4 0 2 93197 0.1265
4 0 2 92009 0.09922
4 0 2 92009 0.0987
4 0 2 91046 0.123
4 0 2 86454 0.09088
4 0 2 86454 0.09393
4 0 2 85090 0.1207
4 0 2 82631 0.09119
4 0 2 82497 0.0889
4 0 2 82474 0.0901
4 0 2 82464 0.09015
4 0 2 82461 0.0885
4 0 2 82446 0.09138
4 0 2 82441 0.08946
4 0 2 82422 0.08932
4 0 2 82419 0.08887
4 0 2 82387 0.09381
4 0 2 82362 0.09053
4 0 2 82261 0.08824
4 0 2 82239 0.08522
4 0 2 82222 0.09221
4 0 2 82173 0.09014
4 0 2 81923 0.09194
4 0 2 81900 0.116
4 0 2 81321 0.1144
4 0 2 80682 0.1143
4 0 2 79430 0.1143
4 0 2 78636 0.1121
4 0 2 78432 0.1123
4 0 2 76428 0.1114
4 0 2 75898 0.1111
4 0 2 74826 0.1103
4 0 2 72568 0.1068
4 0 2 72533 0.1085
4 0 2 70087 0.1054
4 0 2 53386 0.09072
4 0 2 53372 0.06575
4 0 2 53371 0.0632
4 0 2 53347 0.06414
4 0 2 53346 0.06456
4 0 2 53326 0.06518
4 0 2 53301 0.06391
4 0 2 53292 0.06541
4 0 2 53292 0.06563
4 0 2 53265 0.06517
4 0 2 53264 0.06542
4 0 2 53231 0.06334
4 0 2 53210 0.06322
4 0 2 53200 0.06262
4 0 2 53169 0.06494
4 0 2 53167 0.06572
4 0 2 53110 0.06693
4 0 2 53062 0.06504
4 0 2 52280 0.08993
4 0 2 51958 0.08905
4 0 2 51340 0.08843
4 0 2 51081 0.08606
4 0 2 49976 0.08397
4 0 2 48226 0.08333
4 0 2 46820 0.08113
4 0 2 36662 0.04485
4 0 2 36662 0.04473
4 0 2 36662 0.06434
4 0 2 36662 0.0634
4 0 2 36647 0.04457
4 0 2 36646 0.04208
4 0 2 36620 0.044
4 0 2 36617 0.04549
4 0 2 36615 0.04423
4 0 2 36608 0.04339
4 0 2 36602 0.0436
4 0 2 36597 0.04536
4 0 2 36580 0.04368
4 0 2 36580 0.04343
4 0 2 36572 0.04512
4 0 2 36568 0.04451
4 0 2 36459 0.0447
4 0 2 36447 0.04384
4 0 2 36312 0.06447
4 0 2 36078 0.04246
4 0 2 36044 0.06521
4 0 2 35760 0.06265
4 0 2 35380 0.06306
4 0 2 34457 0.06031
4 0 2 33877 0.06029
4 0 2 25848 0.04713
4 0 2 25845 0.04638
4 0 2 25842 0.02913
4 0 2 25837 0.02826
4 0 2 25836 0.02836
4 0 2 25833 0.02914
4 0 2 25828 0.02901
4 0 2 25825 0.02829
4 0 2 25820 0.02932
4 0 2 25820 0.04749
4 0 2 25817 0.02784
4 0 2 25816 0.02803
4 0 2 25808 0.02995
4 0 2 25806 0.02767
4 0 2 25803 0.0278
4 0 2 25791 0.02905
4 0 2 25753 0.02719
4 0 2 25701 0.04694
4 0 2 25467 0.04629
4 0 2 25311 0.02829
4 0 2 25170 0.0455
4 0 2 24953 0.04612
4 0 2 24923 0.04602
4 0 2 24335 0.04507
4 0 2 24136 0.04357
4 0 2 15303 0.01782
4 0 2 15303 0.01778
4 0 2 15302 0.01812
4 0 2 15301 0.01791
4 0 2 15300 0.01862
4 0 2 15299 0.01834
4 0 2 15299 0.01857
4 0 2 15298 0.01833
4 0 2 15298 0.01844
4 0 2 15298 0.01857
4 0 2 15298 0.01786
4 0 2 15297 0.01942
4 0 2 15291 0.01782
4 0 2 15291 0.0178
4 0 2 15288 0.01755
4 0 2 15283 0.01845
4 0 2 15281 0.01797
4 0 2 15263 0.01853
4 0 2 15103 0.029
4 0 2 15062 0.02854
4 0 2 14991 0.02808
4 0 2 14960 0.02865
4 0 2 14815 0.02761
4 0 2 14812 0.02833
4 0 2 14732 0.02849
4 0 2 10134 0.0136
4 0 2 10134 0.01354
4 0 2 10134 0.02041
4 0 2 10133 0.01328
4 0 2 10133 0.01322
4 0 2 10132 0.0136
4 0 2 10132 0.01279
4 0 2 10132 0.01357
4 0 2 10131 0.01317
4 0 2 10131 0.01315
4 0 2 10129 0.01263
4 0 2 10129 0.01266
4 0 2 10128 0.01343
4 0 2 10128 0.01272
4 0 2 10128 0.01343
4 0 2 10127 0.01288
4 0 2 10126 0.01339
4 0 2 10121 0.01316
4 0 2 10112 0.02038
4 0 2 10098 0.02033
4 0 2 10068 0.01278
4 0 2 10018 0.02015
4 0 2 10004 0.0199
4 0 2 9892 0.01983
4 0 2 9885 0.02007
4 0 3 128164 0.1851
4 0 3 128055 0.1822
4 0 3 127856 0.1821
4 0 3 127625 0.1844
4 0 3 127580 0.1823
4 0 3 127535 0.1812
4 0 3 127490 0.1803
4 0 3 127451 0.1848
4 0 3 127426 0.1825
4 0 3 127383 0.1827
4 0 3 127325 0.1831
4 0 3 127170 0.1849
4 0 3 127155 0.1792
4 0 3 126243 0.1831
4 0 3 126076 0.1868
4 0 3 125158 0.1844
4 0 3 124445 0.181
4 0 3 122499 0.1557
4 0 3 116172 0.1492
4 0 3 113129 0.1447
4 0 3 106775 0.1421
4 0 3 105937 0.1406
4 0 3 105017 0.1099
4 0 3 105009 0.1109
4 0 3 104954 0.1111
4 0 3 104899 0.1083
4 0 3 104795 0.1125
4 0 3 104792 0.113
4 0 3 104716 0.1091
4 0 3 104608 0.1109
4 0 3 104605 0.1124
4 0 3 104451 0.1126
4 0 3 104438 0.1108
4 0 3 104353 0.1118
4 0 3 104275 0.1118
4 0 3 104194 0.1105
4 0 3 103891 0.109
4 0 3 102601 0.137
4 0 3 101898 0.1079
4 0 3 101678 0.1365
4 0 3 99508 0.134
4 0 3 95721 0.1035
4 0 3 92981 0.1269
4 0 3 92564 0.1254
4 0 3 90579 0.09867
4 0 3 90565 0.09892
4 0 3 90452 0.09613
4 0 3 90412 0.09865
4 0 3 90391 0.1006
4 0 3 90365 0.09829
4 0 3 90360 0.09917
4 0 3 90237 0.1008
4 0 3 90204 0.09693
4 0 3 90170 0.097
4 0 3 90160 0.09716
4 0 3 90063 0.09674
4 0 3 90029 0.0975
4 0 3 89928 0.09864
4 0 3 89823 0.09141
4 0 3 89736 0.09597
4 0 3 89734 0.09636
4 0 3 87682 0.1215
4 0 3 87612 0.09561
4 0 3 86484 0.122
4 0 3 85188 0.1193
4 0 3 83118 0.1193
4 0 3 82487 0.1175
4 0 3 82027 0.1188
4 0 3 81113 0.1168
4 0 3 78910 0.1148
4 0 3 77958 0.1134
4 0 3 77607 0.1139
4 0 3 73131 0.1082
4 0 3 70932 0.1072
4 0 3 70905 0.106
4 0 3 56868 0.06793
4 0 3 56820 0.06765
4 0 3 56807 0.06829
4 0 3 56783 0.06907
4 0 3 56775 0.0689
4 0 3 56769 0.06955
4 0 3 56706 0.06938
4 0 3 56673 0.06785
4 0 3 56665 0.06957
4 0 3 56630 0.06855
4 0 3 56628 0.06921
4 0 3 56593 0.0671
4 0 3 56471 0.06709
4 0 3 56449 0.06833
4 0 3 56442 0.06971
4 0 3 56255 0.06598
4 0 3 55827 0.09494
4 0 3 55331 0.09299
4 0 3 54908 0.09332
4 0 3 53521 0.09132
4 0 3 52618 0.09002
4 0 3 52112 0.0873
4 0 3 50966 0.08896
4 0 3 47944 0.08223
4 0 3 47828 0.08099
4 0 3 38364 0.04701
4 0 3 38335 0.04561
4 0 3 38327 0.04625
4 0 3 38325 0.04616
4 0 3 38313 0.0465
4 0 3 38306 0.04616
4 0 3 38288 0.04678
4 0 3 38287 0.04615
4 0 3 38260 0.04619
4 0 3 38249 0.04577
4 0 3 38242 0.04577
4 0 3 38206 0.04736
4 0 3 38168 0.04585
4 0 3 38088 0.0456
4 0 3 38069 0.04517
4 0 3 37782 0.0648
4 0 3 37714 0.04563
4 0 3 37632 0.04603
4 0 3 37297 0.06588
4 0 3 36474 0.06469
4 0 3 36358 0.06397
4 0 3 36303 0.06359
4 0 3 35777 0.06434
4 0 3 35460 0.06445
4 0 3 32979 0.05859
4 0 3 26710 0.04902
4 0 3 26697 0.03104
4 0 3 26694 0.03026
4 0 3 26683 0.02964
4 0 3 26679 0.03119
4 0 3 26676 0.03058
4 0 3 26667 0.03075
4 0 3 26663 0.02987
4 0 3 26659 0.02976
4 0 3 26647 0.03047
4 0 3 26647 0.03063
4 0 3 26634 0.02915
4 0 3 26634 0.02924
4 0 3 26625 0.03164
4 0 3 26617 0.02949
4 0 3 26487 0.02859
4 0 3 26144 0.02958
4 0 3 25872 0.04671
4 0 3 25569 0.04634
4 0 3 25419 0.04644
4 0 3 25336 0.04593
4 0 3 25087 0.04599
4 0 3 24871 0.04573
4 0 3 24502 0.04557
4 0 3 23881 0.04414
4 0 3 15608 0.01881
4 0 3 15606 0.01858
4 0 3 15604 0.0184
4 0 3 15600 0.01845
4 0 3 15600 0.01842
4 0 3 15598 0.01891
4 0 3 15598 0.01906
4 0 3 15595 0.01806
4 0 3 15594 0.01885
4 0 3 15593 0.01935
4 0 3 15593 0.01926
4 0 3 15592 0.0189
4 0 3 15587 0.01899
4 0 3 15584 0.01879
4 0 3 15581 0.01924
4 0 3 15570 0.01878
4 0 3 15564 0.01923
4 0 3 15559 0.01935
4 0 3 15405 0.03003
4 0 3 15219 0.02907
4 0 3 15112 0.029
4 0 3 15062 0.02891
4 0 3 14893 0.02847
4 0 3 14884 0.02927
4 0 3 14510 0.02819
4 0 3 10268 0.01322
4 0 3 10267 0.01334
4 0 3 10265 0.01339
4 0 3 10265 0.01343
4 0 3 10264 0.01317
4 0 3 10264 0.01366
4 0 3 10264 0.01316
4 0 3 10263 0.01356
4 0 3 10261 0.0136
4 0 3 10261 0.01362
4 0 3 10260 0.01359
4 0 3 10259 0.01367
4 0 3 10257 0.0131
4 0 3 10255 0.01303
4 0 3 10254 0.01363
4 0 3 10251 0.01335
4 0 3 10249 0.01347
4 0 3 10217 0.02131
4 0 3 10195 0.01345
4 0 3 10178 0.0209
4 0 3 10122 0.02054
4 0 3 10072 0.02057
4 0 3 10017 0.01997
4 0 3 9953 0.02042
4 0 3 9844 0.02009
4 0 4 144811 0.1919
4 0 4 144126 0.1959
4 0 4 144089 0.1953
4 0 4 143826 0.193
4 0 4 143605 0.1963
4 0 4 143469 0.1953
4 0 4 143465 0.1885
4 0 4 143222 0.1928
4 0 4 143012 0.1911
4 0 4 142926 0.1972
4 0 4 141321 0.2776
4 0 4 140794 0.1898
4 0 4 139967 0.1853
4 0 4 139316 0.1882
4 0 4 137229 0.1898
4 0 4 135873 0.1882
4 0 4 135390 0.1885
4 0 4 125880 0.2698
4 0 4 122835 0.1549
4 0 4 117534 0.1514
4 0 4 117060 0.1194
4 0 4 116939 0.1187
4 0 4 116793 0.1202
4 0 4 116505 0.1155
4 0 4 116244 0.1195
4 0 4 116055 0.1185
4 0 4 115997 0.1167
4 0 4 115993 0.115
4 0 4 115941 0.1175
4 0 4 115889 0.1166
4 0 4 115796 0.1173
4 0 4 115490 0.1182
4 0 4 115473 0.1169
4 0 4 113947 0.1169
4 0 4 113536 0.1177
4 0 4 112078 0.1161
4 0 4 111811 0.1459
4 0 4 110550 0.1451
4 0 4 106006 0.1094
4 0 4 104858 0.1423
4 0 4 104625 0.14
4 0 4 99596 0.1018
4 0 4 99516 0.1016
4 0 4 99281 0.1041
4 0 4 99222 0.1065
4 0 4 99206 0.1067
4 0 4 98908 0.104
4 0 4 98897 0.1039
4 0 4 98805 0.1067
4 0 4 98802 0.1025
4 0 4 98744 0.1064
4 0 4 98637 0.1318
4 0 4 98563 0.104
4 0 4 98481 0.1039
4 0 4 98339 0.103
4 0 4 97057 0.1313
4 0 4 95740 0.1024
4 0 4 94273 0.1015
4 0 4 93975 0.09949
4 0 4 92923 0.1265
4 0 4 92404 0.1262
4 0 4 91493 0.09732
4 0 4 90459 0.1241
4 0 4 89003 0.1231
4 0 4 86744 0.1212
4 0 4 86340 0.1205
4 0 4 85427 0.1196
4 0 4 84994 0.1201
4 0 4 84213 0.1182
4 0 4 82179 0.116
4 0 4 77998 0.1127
4 0 4 77815 0.114
4 0 4 76902 0.1097
4 0 4 76039 0.1121
4 0 4 67919 0.1031
4 0 4 60564 0.07253
4 0 4 60554 0.07116
4 0 4 60504 0.07096
4 0 4 60482 0.07298
4 0 4 60430 0.07174
4 0 4 60428 0.07279
4 0 4 60416 0.07374
4 0 4 60395 0.07261
4 0 4 60364 0.07238
4 0 4 60172 0.07257
4 0 4 60066 0.07232
4 0 4 60003 0.07153
4 0 4 59943 0.07182
4 0 4 59906 0.07085
4 0 4 59801 0.07118
4 0 4 57903 0.09638
4 0 4 57068 0.06739
4 0 4 56011 0.09341
4 0 4 55059 0.09354
4 0 4 54250 0.09166
4 0 4 53334 0.0913
4 0 4 52704 0.08872
4 0 4 50796 0.08616
4 0 4 50519 0.08691
4 0 4 48966 0.0842
4 0 4 40075 0.04819
4 0 4 40069 0.04897
4 0 4 40047 0.04796
4 0 4 40040 0.04838
4 0 4 40027 0.04803
4 0 4 40024 0.04924
4 0 4 40016 0.04899
4 0 4 39994 0.04851
4 0 4 39977 0.04831
4 0 4 39971 0.04815
4 0 4 39953 0.04748
4 0 4 39840 0.04806
4 0 4 39816 0.04842
4 0 4 39661 0.04798
4 0 4 39502 0.04769
4 0 4 39455 0.04626
4 0 4 39368 0.04821
4 0 4 38190 0.06593
4 0 4 37703 0.06466
4 0 4 37572 0.06476
4 0 4 36998 0.06558
4 0 4 36514 0.06407
4 0 4 36035 0.06361
4 0 4 35760 0.06308
4 0 4 32978 0.05853
4 0 4 27595 0.03094
4 0 4 27593 0.03077
4 0 4 27572 0.03075
4 0 4 27568 0.03162
4 0 4 27554 0.03056
4 0 4 27550 0.03015
4 0 4 27531 0.03076
4 0 4 27524 0.02994
4 0 4 27515 0.02955
4 0 4 27514 0.03119
4 0 4 27499 0.03076
4 0 4 27486 0.0304
4 0 4 27479 0.03028
4 0 4 27444 0.02988
4 0 4 26984 0.02941
4 0 4 26824 0.03031
4 0 4 26665 0.04882
4 0 4 26439 0.04756
4 0 4 26161 0.04645
4 0 4 25919 0.04724
4 0 4 25667 0.04686
4 0 4 25081 0.04564
4 0 4 24803 0.04613
4 0 4 23860 0.04411
4 0 4 23742 0.044
4 0 4 15923 0.01788
4 0 4 15919 0.0189
4 0 4 15910 0.01925
4 0 4 15910 0.01937
4 0 4 15907 0.01842
4 0 4 15906 0.0189
4 0 4 15901 0.01927
4 0 4 15899 0.01874
4 0 4 15897 0.01902
4 0 4 15896 0.01925
4 0 4 15895 0.01909
4 0 4 15891 0.01888
4 0 4 15889 0.01865
4 0 4 15889 0.01979
4 0 4 15882 0.01845
4 0 4 15877 0.01848
4 0 4 15869 0.01957
4 0 4 15802 0.03035
4 0 4 15536 0.02986
4 0 4 15349 0.03001
4 0 4 15196 0.02931
4 0 4 15147 0.02914
4 0 4 15142 0.02932
4 0 4 14879 0.02836
4 0 4 14675 0.02862
4 0 4 10403 0.0134
4 0 4 10400 0.01336
4 0 4 10399 0.01339
4 0 4 10398 0.01343
4 0 4 10397 0.01364
4 0 4 10397 0.01366
4 0 4 10396 0.01367
4 0 4 10396 0.01351
4 0 4 10393 0.01381
4 0 4 10391 0.01342
4 0 4 10389 0.01366
4 0 4 10384 0.01321
4 0 4 10381 0.01343
4 0 4 10377 0.01316
4 0 4 10369 0.0133
4 0 4 10292 0.02141
4 0 4 10263 0.01305
4 0 4 10236 0.02118
4 0 4 10221 0.01339
4 0 4 10172 0.0211
4 0 4 10110 0.02054
4 0 4 10090 0.02087
4 0 4 10035 0.02063
4 0 4 10019 0.02008
4 0 4 9964 0.02061
4 0 5 163091 0.2061
4 0 5 162725 0.204
4 0 5 162350 0.2022
4 0 5 161983 0.1886
4 0 5 161709 0.202
4 0 5 161662 0.1958
4 0 5 161386 0.1981
4 0 5 161386 0.1992
4 0 5 160507 0.2876
4 0 5 159625 0.2049
4 0 5 158513 0.1969
4 0 5 158357 0.2004
4 0 5 157219 0.2004
4 0 5 155121 0.1978
4 0 5 153784 0.1993
4 0 5 153586 0.1963
4 0 5 151504 0.198
4 0 5 146327 0.283
4 0 5 129849 0.1875
4 0 5 129685 0.1805
4 0 5 129457 0.1855
4 0 5 129236 0.1843
4 0 5 128999 0.1823
4 0 5 128947 0.1817
4 0 5 128650 0.1852
4 0 5 128508 0.184
4 0 5 128502 0.1814
4 0 5 128364 0.1849
4 0 5 128240 0.1855
4 0 5 127942 0.1786
4 0 5 126809 0.1881
4 0 5 126638 0.1847
4 0 5 126153 0.1873
4 0 5 124630 0.1792
4 0 5 122808 0.1221
4 0 5 118833 0.1551
4 0 5 117590 0.1199
4 0 5 114049 0.1472
4 0 5 113577 0.1483
4 0 5 111829 0.1462
4 0 5 109052 0.1124
4 0 5 109052 0.1145
4 0 5 109039 0.1117
4 0 5 109029 0.1112
4 0 5 108914 0.1442
4 0 5 108732 0.1144
4 0 5 108636 0.115
4 0 5 108620 0.1113
4 0 5 108464 0.1136
4 0 5 108297 0.1128
4 0 5 108249 0.1141
4 0 5 108137 0.1125
4 0 5 107880 0.1127
4 0 5 107490 0.1113
4 0 5 105296 0.1071
4 0 5 103139 0.107
4 0 5 102855 0.1093
4 0 5 101854 0.1368
4 0 5 100748 0.116
4 0 5 100500 0.1264
4 0 5 99535 0.1476
4 0 5 93761 0.1407
4 0 5 93358 0.1412
4 0 5 92726 0.1396
4 0 5 91979 0.1407
4 0 5 91066 0.1385
4 0 5 89739 0.1368
4 0 5 89537 0.1335
4 0 5 86606 0.1322
4 0 5 83565 0.1296
4 0 5 80727 0.1269
4 0 5 78529 0.1267
4 0 5 75383 0.1214
4 0 5 75340 0.1193
4 0 5 68943 0.1083
4 0 5 64516 0.08142
4 0 5 64499 0.08464
4 0 5 64419 0.08417
4 0 5 64414 0.0856
4 0 5 64349 0.08312
4 0 5 64348 0.08328
4 0 5 64250 0.08598
4 0 5 64233 0.0825
4 0 5 63984 0.08148
4 0 5 63955 0.08162
4 0 5 63878 0.08335
4 0 5 63825 0.08436
4 0 5 63789 0.08472
4 0 5 63411 0.08525
4 0 5 61632 0.1098
4 0 5 60140 0.08214
4 0 5 58989 0.08259
4 0 5 58577 0.1041
4 0 5 56121 0.1033
4 0 5 55352 0.1007
4 0 5 54881 0.1002
4 0 5 53921 0.098
4 0 5 53304 0.09812
4 0 5 49397 0.09198
4 0 5 47829 0.088
4 0 5 41967 0.05653
4 0 5 41907 0.05815
4 0 5 41897 0.05743
4 0 5 41868 0.05582
4 0 5 41849 0.05642
4 0 5 41830 0.06039
4 0 5 41817 0.05732
4 0 5 41807 0.05929
4 0 5 41804 0.05599
4 0 5 41791 0.05409
4 0 5 41760 0.05538
4 0 5 41674 0.05705
4 0 5 41572 0.05407
4 0 5 41403 0.07564
4 0 5 41333 0.05462
4 0 5 41316 0.0549
4 0 5 41102 0.05286
4 0 5 41017 0.07375
4 0 5 39051 0.06977
4 0 5 37480 0.06814
4 0 5 37358 0.06686
4 0 5 36956 0.06747
4 0 5 36590 0.06803
4 0 5 36203 0.06582
4 0 5 35127 0.06492
4 0 5 28508 0.03481
4 0 5 28494 0.03426
4 0 5 28486 0.03361
4 0 5 28462 0.0342
4 0 5 28446 0.03441
4 0 5 28445 0.03462
4 0 5 28431 0.03364
4 0 5 28429 0.03236
4 0 5 28418 0.03358
4 0 5 28404 0.03277
4 0 5 28392 0.03406
4 0 5 28353 0.03467
4 0 5 28341 0.03394
4 0 5 28274 0.03247
4 0 5 27702 0.03351
4 0 5 27557 0.03128
4 0 5 27454 0.03382
4 0 5 26670 0.05217
4 0 5 26211 0.0498
4 0 5 25892 0.04977
4 0 5 25520 0.04986
4 0 5 25082 0.04852
4 0 5 24950 0.04861
4 0 5 23921 0.04739
4 0 5 23275 0.04652
4 0 5 16232 0.01975
4 0 5 16229 0.01971
4 0 5 16227 0.02
4 0 5 16221 0.02052
4 0 5 16216 0.01995
4 0 5 16215 0.02098
4 0 5 16215 0.01961
4 0 5 16212 0.02116
4 0 5 16210 0.01989
4 0 5 16208 0.02055
4 0 5 16205 0.02109
4 0 5 16205 0.0215
4 0 5 16202 0.02027
4 0 5 16197 0.02107
4 0 5 16191 0.02051
4 0 5 16187 0.02006
4 0 5 15991 0.03081
4 0 5 15849 0.03214
4 0 5 15640 0.03209
4 0 5 15563 0.03184
4 0 5 15447 0.03171
4 0 5 15287 0.02955
4 0 5 15180 0.03057
4 0 5 14941 0.02961
4 0 5 14760 0.02923
4 0 5 10541 0.01255
4 0 5 10536 0.01382
4 0 5 10535 0.01379
4 0 5 10534 0.01369
4 0 5 10534 0.01364
4 0 5 10533 0.01337
4 0 5 10532 0.01389
4 0 5 10530 0.0141
4 0 5 10529 0.01395
4 0 5 10525 0.01397
4 0 5 10523 0.01389
4 0 5 10521 0.01365
4 0 5 10518 0.0135
4 0 5 10499 0.01406
4 0 5 10468 0.01484
4 0 5 10396 0.0141
4 0 5 10369 0.01379
4 0 5 10351 0.02222
4 0 5 10219 0.02119
4 0 5 10207 0.02145
4 0 5 10182 0.02103
4 0 5 10143 0.02121
4 0 5 10114 0.02097
4 0 5 10008 0.0206
4 0 5 9929 0.0209
