16 11 1 100000 0.1087
16 11 1 100000 0.1065
16 11 1 100000 0.101
16 11 1 100000 0.09896
16 11 1 100000 0.09817
16 11 1 100000 0.09756
16 11 1 85000 0.08942
16 11 1 85000 0.08435
16 11 1 85000 0.08958
16 11 1 85000 0.08716
16 11 1 85000 0.08811
16 11 1 85000 0.08577
16 11 1 85000 0.08912
16 11 1 75000 0.07805
16 11 1 75000 0.07843
16 11 1 75000 0.07913
16 11 1 75000 0.07954
16 11 1 75000 0.08158
16 11 1 75000 0.08046
16 11 1 50000 0.05898
16 11 1 50000 0.05882
16 11 1 50000 0.05956
16 11 1 50000 0.05811
16 11 1 50000 0.0577
16 11 1 50000 0.05817
16 11 1 50000 0.0597
16 11 1 35000 0.04003
16 11 1 35000 0.04198
16 11 1 35000 0.04154
16 11 1 35000 0.04113
16 11 1 35000 0.04138
16 11 1 25000 0.02725
16 11 1 25000 0.02691
16 11 1 25000 0.02782
16 11 1 25000 0.02721
16 11 1 25000 0.02739
16 11 1 25000 0.02811
16 11 1 15000 0.01748
16 11 1 15000 0.01718
16 11 1 15000 0.01711
16 11 1 15000 0.01767
16 11 1 15000 0.01698
16 11 1 15000 0.01731
16 11 1 15000 0.01684
16 11 1 10000 0.01251
16 11 1 10000 0.01209
16 11 1 10000 0.01226
16 11 1 10000 0.01282
16 11 1 10000 0.01205
16 11 1 10000 0.01194
16 11 2 113236 0.1146
16 11 2 112967 0.1135
16 11 2 112669 0.1118
16 11 2 112222 0.1113
16 11 2 112048 0.1087
16 11 2 110242 0.11
16 11 2 94275 0.0993
16 11 2 94199 0.09876
16 11 2 94038 0.09552
16 11 2 93616 0.09556
16 11 2 93153 0.09428
16 11 2 92752 0.09427
16 11 2 87692 0.09242
16 11 2 82403 0.08855
16 11 2 82325 0.08779
16 11 2 82161 0.08772
16 11 2 82046 0.08677
16 11 2 81226 0.08599
16 11 2 71479 0.08058
16 11 2 53381 0.06335
16 11 2 53318 0.06536
16 11 2 53268 0.06197
16 11 2 53249 0.0649
16 11 2 53224 0.06288
16 11 2 53168 0.06377
16 11 2 52907 0.06157
16 11 2 36592 0.04336
16 11 2 36575 0.04279
16 11 2 36564 0.04262
16 11 2 36547 0.04211
16 11 2 35961 0.04333
16 11 2 25820 0.02948
16 11 2 25815 0.02754
16 11 2 25813 0.02918
16 11 2 25790 0.02762
16 11 2 25751 0.02766
16 11 2 25609 0.0276
16 11 2 15304 0.01827
16 11 2 15302 0.01707
16 11 2 15295 0.0177
16 11 2 15291 0.01733
16 11 2 15285 0.01766
16 11 2 15277 0.01792
16 11 2 15227 0.01757
16 11 2 10135 0.01232
16 11 2 10133 0.01246
16 11 2 10131 0.01205
16 11 2 10130 0.01226
16 11 2 10129 0.01292
16 11 2 10125 0.01262
16 11 3 127951 0.174
16 11 3 127133 0.1728
16 11 3 126665 0.1711
16 11 3 126323 0.1739
16 11 3 124636 0.1687
16 11 3 119995 0.115
16 11 3 104890 0.1023
16 11 3 104712 0.1034
16 11 3 104093 0.1026
16 11 3 103742 0.103
16 11 3 103071 0.09314
16 11 3 102302 0.09924
16 11 3 98115 0.09986
16 11 3 90266 0.08952
16 11 3 89777 0.09387
16 11 3 89731 0.09154
16 11 3 89340 0.09045
16 11 3 88675 0.09056
16 11 3 85416 0.08931
16 11 3 56765 0.06476
16 11 3 56738 0.06519
16 11 3 56708 0.0634
16 11 3 56646 0.06475
16 11 3 56587 0.06635
16 11 3 54475 0.0637
16 11 3 38357 0.04377
16 11 3 38315 0.04348
16 11 3 38241 0.04226
16 11 3 38212 0.04294
16 11 3 38165 0.04418
16 11 3 37639 0.04323
16 11 3 35950 0.0405
16 11 3 26673 0.0275
16 11 3 26645 0.02697
16 11 3 26626 0.02825
16 11 3 26589 0.02844
16 11 3 26557 0.02849
16 11 3 25184 0.02616
16 11 3 15595 0.01832
16 11 3 15587 0.01853
16 11 3 15577 0.01723
16 11 3 15564 0.01759
16 11 3 15535 0.01768
16 11 3 10268 0.01251
16 11 3 10267 0.0125
16 11 3 10263 0.01257
16 11 3 10262 0.01301
16 11 3 10258 0.01221
16 11 3 10257 0.01253
16 11 3 10246 0.01243
16 11 4 144560 0.1814
16 11 4 142963 0.1816
16 11 4 142337 0.1787
16 11 4 140533 0.1827
16 11 4 140518 0.1833
16 11 4 139368 0.1786
16 11 4 115986 0.1125
16 11 4 115153 0.1115
16 11 4 114859 0.1105
16 11 4 114350 0.1117
16 11 4 113439 0.1035
16 11 4 109109 0.1078
16 11 4 107689 0.1066
16 11 4 98673 0.09684
16 11 4 98336 0.1004
16 11 4 98202 0.09908
16 11 4 97488 0.09757
16 11 4 96363 0.09608
16 11 4 79534 0.08486
16 11 4 60522 0.06919
16 11 4 60333 0.06764
16 11 4 60282 0.07013
16 11 4 60198 0.06978
16 11 4 60114 0.06761
16 11 4 60053 0.06834
16 11 4 57924 0.06675
16 11 4 39928 0.04677
16 11 4 39898 0.04628
16 11 4 39852 0.04629
16 11 4 39679 0.04478
16 11 4 37567 0.04125
16 11 4 27544 0.02955
16 11 4 27524 0.02929
16 11 4 27461 0.02938
16 11 4 27436 0.03014
16 11 4 27398 0.03009
16 11 4 27144 0.0284
16 11 4 26251 0.02776
16 11 4 15898 0.01746
16 11 4 15882 0.01848
16 11 4 15873 0.01878
16 11 4 15858 0.01788
16 11 4 15838 0.01798
16 11 4 15437 0.01829
16 11 4 10395 0.01266
16 11 4 10393 0.01263
16 11 4 10388 0.01293
16 11 4 10385 0.01256
16 11 4 10383 0.01263
16 11 4 10175 0.01229
16 11 5 161395 0.1873
16 11 5 159410 0.1935
16 11 5 156483 0.1854
16 11 5 152480 0.1887
16 11 5 152062 0.1863
16 11 5 148201 0.1852
16 11 5 128680 0.1765
16 11 5 126985 0.1742
16 11 5 126451 0.1706
16 11 5 123536 0.1645
16 11 5 122089 0.1193
16 11 5 120486 0.1152
16 11 5 108309 0.1046
16 11 5 108291 0.1052
16 11 5 107642 0.1076
16 11 5 107001 0.1059
16 11 5 105915 0.1046
16 11 5 104057 0.1012
16 11 5 101741 0.1046
16 11 5 64262 0.07108
16 11 5 64124 0.07003
16 11 5 63975 0.0738
16 11 5 63885 0.07072
16 11 5 63750 0.06948
16 11 5 61655 0.07071
16 11 5 42075 0.05058
16 11 5 41823 0.04593
16 11 5 41737 0.0472
16 11 5 41593 0.04813
16 11 5 41406 0.04775
16 11 5 39901 0.04703
16 11 5 39216 0.04395
16 11 5 28332 0.03005
16 11 5 28303 0.02936
16 11 5 28254 0.02939
16 11 5 27973 0.02887
16 11 5 27122 0.02964
16 11 5 16203 0.01863
16 11 5 16202 0.0182
16 11 5 16190 0.01828
16 11 5 16184 0.01802
16 11 5 16158 0.01808
16 11 5 16149 0.01834
16 11 5 15971 0.01885
16 11 5 10534 0.01311
16 11 5 10527 0.01252
16 11 5 10523 0.01309
16 11 5 10515 0.01267
16 11 5 10513 0.01291
16 11 5 10499 0.01276
