8 4 1 100000 0.1374
8 4 1 100000 0.1366
8 4 1 100000 0.1334
8 4 1 100000 0.1041
8 4 1 100000 0.1056
8 4 1 100000 0.1056
8 4 1 100000 0.1082
8 4 1 100000 0.1239
8 4 1 100000 0.1309
8 4 1 100000 0.128
8 4 1 100000 0.1246
8 4 1 100000 0.1061
8 4 1 85000 0.09307
8 4 1 85000 0.09264
8 4 1 85000 0.0929
8 4 1 85000 0.09376
8 4 1 85000 0.09349
8 4 1 85000 0.09341
8 4 1 85000 0.09242
8 4 1 85000 0.08883
8 4 1 85000 0.09335
8 4 1 85000 0.09275
8 4 1 85000 0.09376
8 4 1 85000 0.09261
8 4 1 85000 0.09365
8 4 1 75000 0.08426
8 4 1 75000 0.08497
8 4 1 75000 0.08503
8 4 1 75000 0.0851
8 4 1 75000 0.08413
8 4 1 75000 0.08364
8 4 1 75000 0.08491
8 4 1 75000 0.08418
8 4 1 75000 0.0853
8 4 1 75000 0.08339
8 4 1 75000 0.08482
8 4 1 75000 0.08515
8 4 1 75000 0.08477
8 4 1 50000 0.05992
8 4 1 50000 0.06183
8 4 1 50000 0.06308
8 4 1 50000 0.06068
8 4 1 50000 0.0618
8 4 1 50000 0.06099
8 4 1 50000 0.06255
8 4 1 50000 0.06206
8 4 1 50000 0.06132
8 4 1 50000 0.06295
8 4 1 50000 0.06154
8 4 1 50000 0.06271
8 4 1 35000 0.0436
8 4 1 35000 0.04377
8 4 1 35000 0.04365
8 4 1 35000 0.04427
8 4 1 35000 0.04334
8 4 1 35000 0.04485
8 4 1 35000 0.04526
8 4 1 35000 0.04494
8 4 1 35000 0.0452
8 4 1 35000 0.04576
8 4 1 35000 0.04496
8 4 1 35000 0.04356
8 4 1 25000 0.02972
8 4 1 25000 0.02794
8 4 1 25000 0.02877
8 4 1 25000 0.03011
8 4 1 25000 0.02887
8 4 1 25000 0.02885
8 4 1 25000 0.02964
8 4 1 25000 0.02977
8 4 1 25000 0.0298
8 4 1 25000 0.02908
8 4 1 25000 0.02986
8 4 1 25000 0.02839
8 4 1 25000 0.02924
8 4 1 15000 0.01835
8 4 1 15000 0.01848
8 4 1 15000 0.01923
8 4 1 15000 0.01834
8 4 1 15000 0.01874
8 4 1 15000 0.01788
8 4 1 15000 0.01795
8 4 1 15000 0.0184
8 4 1 15000 0.01875
8 4 1 15000 0.01865
8 4 1 15000 0.01802
8 4 1 15000 0.01801
8 4 1 10000 0.01288
8 4 1 10000 0.01243
8 4 1 10000 0.01336
8 4 1 10000 0.01268
8 4 1 10000 0.01294
8 4 1 10000 0.01333
8 4 1 10000 0.01297
8 4 1 10000 0.01276
8 4 1 10000 0.0127
8 4 1 10000 0.01292
8 4 1 10000 0.01337
8 4 1 10000 0.01318
8 4 1 10000 0.0126
8 4 2 109497 0.1119
8 4 2 108546 0.1135
8 4 2 107017 0.1119
8 4 2 104665 0.1122
8 4 2 103900 0.1094
8 4 2 103552 0.1118
8 4 2 103028 0.1098
8 4 2 101530 0.1049
8 4 2 101427 0.106
8 4 2 99089 0.1057
8 4 2 97636 0.1046
8 4 2 96400 0.1028
8 4 2 94635 0.1022
8 4 2 93467 0.1011
8 4 2 92251 0.09911
8 4 2 91579 0.1024
8 4 2 91129 0.09787
8 4 2 90049 0.09866
8 4 2 88765 0.09414
8 4 2 86929 0.09607
8 4 2 83701 0.09059
8 4 2 83516 0.09166
8 4 2 82605 0.09027
8 4 2 82544 0.0931
8 4 2 81684 0.09623
8 4 2 80742 0.08909
8 4 2 80664 0.08861
8 4 2 78770 0.08867
8 4 2 78489 0.08789
8 4 2 78257 0.08761
8 4 2 77652 0.08521
8 4 2 77209 0.08544
8 4 2 75828 0.09694
8 4 2 74947 0.09733
8 4 2 73098 0.09619
8 4 2 72732 0.09609
8 4 2 72068 0.08263
8 4 2 53375 0.06312
8 4 2 53350 0.06532
8 4 2 53329 0.06791
8 4 2 52851 0.06566
8 4 2 52743 0.06612
8 4 2 52070 0.06419
8 4 2 51635 0.06506
8 4 2 50995 0.06137
8 4 2 49928 0.06151
8 4 2 49389 0.0594
8 4 2 48655 0.06095
8 4 2 48383 0.05931
8 4 2 47569 0.05879
8 4 2 36662 0.04586
8 4 2 36661 0.04475
8 4 2 36634 0.04579
8 4 2 36312 0.04511
8 4 2 36151 0.04526
8 4 2 36050 0.04537
8 4 2 35875 0.04459
8 4 2 35262 0.04503
8 4 2 35000 0.04459
8 4 2 34740 0.04264
8 4 2 34650 0.0428
8 4 2 34341 0.04309
8 4 2 33687 0.04075
8 4 2 25848 0.02929
8 4 2 25843 0.03004
8 4 2 25835 0.03006
8 4 2 25824 0.0295
8 4 2 25692 0.0304
8 4 2 25370 0.0302
8 4 2 25268 0.02991
8 4 2 25183 0.02883
8 4 2 25046 0.02937
8 4 2 24407 0.02688
8 4 2 24238 0.02842
8 4 2 24190 0.02726
8 4 2 15305 0.01936
8 4 2 15304 0.01883
8 4 2 15303 0.01886
8 4 2 15294 0.01871
8 4 2 15251 0.01854
8 4 2 15220 0.01822
8 4 2 15118 0.01846
8 4 2 15004 0.01795
8 4 2 14905 0.01861
8 4 2 14867 0.01811
8 4 2 14851 0.01866
8 4 2 14827 0.01795
8 4 2 14736 0.01727
8 4 2 10133 0.01267
8 4 2 10128 0.01368
8 4 2 10121 0.01313
8 4 2 10094 0.0133
8 4 2 10068 0.01339
8 4 2 10046 0.01294
8 4 2 10009 0.01291
8 4 2 9988 0.01268
8 4 2 9947 0.01269
8 4 2 9943 0.01278
8 4 2 9922 0.01331
8 4 2 9858 0.01278
8 4 3 119492 0.1225
8 4 3 117715 0.1208
8 4 3 112708 0.1179
8 4 3 110567 0.1153
8 4 3 109959 0.1153
8 4 3 106418 0.1114
8 4 3 104024 0.1105
8 4 3 102953 0.1088
8 4 3 102124 0.107
8 4 3 101823 0.1013
8 4 3 101714 0.1077
8 4 3 98231 0.1049
8 4 3 97580 0.106
8 4 3 96547 0.1056
8 4 3 94774 0.1062
8 4 3 94426 0.1206
8 4 3 91069 0.1177
8 4 3 90940 0.1163
8 4 3 88265 0.1144
8 4 3 85922 0.1125
8 4 3 85252 0.1098
8 4 3 84036 0.1087
8 4 3 83058 0.1072
8 4 3 81620 0.1068
8 4 3 80010 0.1016
8 4 3 79368 0.1042
8 4 3 79161 0.1051
8 4 3 79111 0.1057
8 4 3 78724 0.1016
8 4 3 78611 0.1049
8 4 3 77382 0.1013
8 4 3 76536 0.09977
8 4 3 76172 0.09853
8 4 3 74919 0.09754
8 4 3 72497 0.0949
8 4 3 72246 0.09631
8 4 3 68777 0.092
8 4 3 66951 0.08871
8 4 3 55780 0.07772
8 4 3 54420 0.07652
8 4 3 53361 0.07421
8 4 3 52751 0.07392
8 4 3 51458 0.06989
8 4 3 50987 0.06985
8 4 3 50384 0.0675
8 4 3 49928 0.06871
8 4 3 49849 0.06627
8 4 3 48936 0.06697
8 4 3 48327 0.0659
8 4 3 45773 0.06281
8 4 3 37902 0.04954
8 4 3 37509 0.05002
8 4 3 37355 0.0483
8 4 3 37050 0.05046
8 4 3 36674 0.04905
8 4 3 36379 0.04881
8 4 3 36163 0.04885
8 4 3 35927 0.04948
8 4 3 35786 0.04651
8 4 3 35514 0.04753
8 4 3 34799 0.04559
8 4 3 32879 0.04024
8 4 3 32592 0.04002
8 4 3 26591 0.03315
8 4 3 26130 0.02994
8 4 3 26095 0.03112
8 4 3 25922 0.03238
8 4 3 25573 0.03125
8 4 3 25497 0.03116
8 4 3 25218 0.03102
8 4 3 24702 0.03179
8 4 3 24465 0.03144
8 4 3 24404 0.0296
8 4 3 23886 0.03064
8 4 3 23708 0.02974
8 4 3 15479 0.02109
8 4 3 15367 0.02011
8 4 3 15187 0.0194
8 4 3 15162 0.02034
8 4 3 15119 0.01924
8 4 3 15059 0.02092
8 4 3 15043 0.0199
8 4 3 15035 0.01954
8 4 3 15006 0.01946
8 4 3 14951 0.01994
8 4 3 14878 0.01822
8 4 3 14697 0.01869
8 4 3 10260 0.01462
8 4 3 10256 0.01497
8 4 3 10197 0.01395
8 4 3 10146 0.01454
8 4 3 10139 0.01405
8 4 3 10066 0.01448
8 4 3 10041 0.01334
8 4 3 10031 0.01378
8 4 3 10005 0.01354
8 4 3 9973 0.01429
8 4 3 9969 0.01306
8 4 3 9940 0.01354
8 4 3 9922 0.01453
8 4 4 130436 0.233
8 4 4 122675 0.1508
8 4 4 113172 0.1406
8 4 4 112812 0.1401
8 4 4 110968 0.1388
8 4 4 110158 0.1386
8 4 4 106186 0.1354
8 4 4 104032 0.1337
8 4 4 103739 0.1358
8 4 4 102068 0.1274
8 4 4 101640 0.1279
8 4 4 99510 0.1255
8 4 4 97891 0.1264
8 4 4 96492 0.1232
8 4 4 94481 0.1215
8 4 4 93942 0.121
8 4 4 93216 0.1261
8 4 4 92396 0.1157
8 4 4 89917 0.1152
8 4 4 89174 0.1182
8 4 4 88586 0.1161
8 4 4 86446 0.1054
8 4 4 85286 0.09492
8 4 4 84219 0.09505
8 4 4 83029 0.09232
8 4 4 80924 0.09017
8 4 4 80480 0.0907
8 4 4 80322 0.09101
8 4 4 79663 0.08912
8 4 4 78389 0.09029
8 4 4 78156 0.08749
8 4 4 76197 0.08785
8 4 4 75564 0.08553
8 4 4 74844 0.08341
8 4 4 73582 0.08289
8 4 4 70792 0.08254
8 4 4 70765 0.08504
8 4 4 58477 0.07046
8 4 4 58110 0.07098
8 4 4 57307 0.06976
8 4 4 56510 0.06872
8 4 4 55044 0.06784
8 4 4 53545 0.0674
8 4 4 52483 0.06487
8 4 4 51992 0.06675
8 4 4 49914 0.06252
8 4 4 49462 0.06188
8 4 4 49203 0.05933
8 4 4 49128 0.06206
8 4 4 48938 0.0613
8 4 4 39132 0.04767
8 4 4 38280 0.0462
8 4 4 38095 0.04625
8 4 4 37858 0.04542
8 4 4 37574 0.04617
8 4 4 37433 0.04733
8 4 4 36849 0.04443
8 4 4 36502 0.04444
8 4 4 35866 0.0437
8 4 4 35584 0.04507
8 4 4 34128 0.04218
8 4 4 33340 0.04045
8 4 4 27464 0.03199
8 4 4 26992 0.03132
8 4 4 26332 0.03036
8 4 4 26184 0.03083
8 4 4 25892 0.03236
8 4 4 25807 0.03013
8 4 4 25514 0.02971
8 4 4 25402 0.02998
8 4 4 25220 0.02934
8 4 4 24671 0.02879
8 4 4 24187 0.02725
8 4 4 23807 0.02794
8 4 4 23660 0.02844
8 4 4 15796 0.01959
8 4 4 15492 0.01968
8 4 4 15422 0.01949
8 4 4 15296 0.01952
8 4 4 15295 0.0187
8 4 4 15277 0.01922
8 4 4 15202 0.01929
8 4 4 15152 0.01896
8 4 4 15040 0.01807
8 4 4 14953 0.01933
8 4 4 14916 0.01854
8 4 4 14697 0.01867
8 4 4 14561 0.01859
8 4 4 10300 0.01415
8 4 4 10282 0.01436
8 4 4 10272 0.01399
8 4 4 10158 0.01388
8 4 4 10127 0.01346
8 4 4 10068 0.01306
8 4 4 10037 0.01334
8 4 4 9995 0.01342
8 4 4 9979 0.01306
8 4 4 9958 0.01377
8 4 4 9931 0.01298
8 4 4 9781 0.01308
8 4 5 136742 0.1943
8 4 5 132865 0.1906
8 4 5 124441 0.183
8 4 5 115390 0.1184
8 4 5 112608 0.1152
8 4 5 110146 0.1162
8 4 5 110043 0.1161
8 4 5 108323 0.113
8 4 5 107351 0.1134
8 4 5 104110 0.1081
8 4 5 103591 0.11
8 4 5 98831 0.1031
8 4 5 97556 0.1031
8 4 5 97194 0.1037
8 4 5 96291 0.1141
8 4 5 95728 0.1206
8 4 5 93862 0.1195
8 4 5 92406 0.1178
8 4 5 92235 0.1181
8 4 5 90178 0.1136
8 4 5 89976 0.1144
8 4 5 86851 0.1115
8 4 5 86277 0.1106
8 4 5 84209 0.1074
8 4 5 83546 0.1079
8 4 5 82745 0.1094
8 4 5 81005 0.1048
8 4 5 80897 0.1045
8 4 5 80499 0.1068
8 4 5 80209 0.1061
8 4 5 78542 0.1016
8 4 5 76498 0.09728
8 4 5 75905 0.08784
8 4 5 75549 0.08526
8 4 5 71662 0.08144
8 4 5 70755 0.08086
8 4 5 67788 0.07783
8 4 5 62395 0.07451
8 4 5 61302 0.07468
8 4 5 56880 0.06877
8 4 5 56157 0.06843
8 4 5 55104 0.06724
8 4 5 52979 0.0681
8 4 5 52773 0.06531
8 4 5 52261 0.06443
8 4 5 50051 0.06145
8 4 5 49986 0.05995
8 4 5 49389 0.06189
8 4 5 48221 0.06048
8 4 5 44128 0.05659
8 4 5 40765 0.04855
8 4 5 38576 0.04726
8 4 5 38417 0.04773
8 4 5 38181 0.04615
8 4 5 37618 0.04699
8 4 5 37251 0.04763
8 4 5 37060 0.04678
8 4 5 37034 0.04511
8 4 5 36636 0.04555
8 4 5 35092 0.04328
8 4 5 34344 0.04186
8 4 5 34248 0.0422
8 4 5 27147 0.03131
8 4 5 27101 0.03017
8 4 5 26678 0.03016
8 4 5 26381 0.0291
8 4 5 26023 0.02913
8 4 5 25981 0.02994
8 4 5 25761 0.02914
8 4 5 25608 0.029
8 4 5 25002 0.02941
8 4 5 24774 0.02893
8 4 5 24545 0.02875
8 4 5 24362 0.02862
8 4 5 23664 0.02756
8 4 5 15852 0.01988
8 4 5 15732 0.01925
8 4 5 15579 0.01902
8 4 5 15487 0.01923
8 4 5 15385 0.01925
8 4 5 15248 0.01879
8 4 5 15157 0.01911
8 4 5 15076 0.01976
8 4 5 14917 0.01796
8 4 5 14863 0.01875
8 4 5 14741 0.01808
8 4 5 14623 0.019
8 4 5 14387 0.01787
8 4 5 10385 0.01437
8 4 5 10334 0.01388
8 4 5 10250 0.01409
8 4 5 10144 0.01331
8 4 5 10125 0.01358
8 4 5 10088 0.01358
8 4 5 10067 0.01273
8 4 5 10039 0.01288
8 4 5 9991 0.01294
8 4 5 9928 0.01368
8 4 5 9915 0.01294
8 4 5 9714 0.01326
