16 3 1 100000 0.1433
16 3 1 100000 0.1362
16 3 1 100000 0.1299
16 3 1 100000 0.129
16 3 1 100000 0.1301
16 3 1 100000 0.1297
16 3 1 100000 0.1289
16 3 1 85000 0.1387
16 3 1 85000 0.141
16 3 1 85000 0.1395
16 3 1 85000 0.1401
16 3 1 85000 0.1162
16 3 1 75000 0.107
16 3 1 75000 0.1077
16 3 1 75000 0.1084
16 3 1 75000 0.1056
16 3 1 75000 0.107
16 3 1 75000 0.1067
16 3 1 75000 0.1077
16 3 1 50000 0.08429
16 3 1 50000 0.08433
16 3 1 50000 0.08497
16 3 1 50000 0.08419
16 3 1 50000 0.0845
16 3 1 50000 0.08316
16 3 1 35000 0.06302
16 3 1 35000 0.06101
16 3 1 35000 0.06145
16 3 1 35000 0.06165
16 3 1 35000 0.06125
16 3 1 35000 0.06211
16 3 1 25000 0.04597
16 3 1 25000 0.04558
16 3 1 25000 0.04559
16 3 1 25000 0.04626
16 3 1 25000 0.0461
16 3 1 25000 0.04536
16 3 1 25000 0.04537
16 3 1 15000 0.02807
16 3 1 15000 0.02793
16 3 1 15000 0.02808
16 3 1 15000 0.0282
16 3 1 15000 0.02762
16 3 1 15000 0.02819
16 3 1 10000 0.01924
16 3 1 10000 0.01944
16 3 1 10000 0.01926
16 3 1 10000 0.01924
16 3 1 10000 0.0193
16 3 1 10000 0.01954
16 3 2 112365 0.1421
16 3 2 107949 0.1375
16 3 2 105416 0.1352
16 3 2 101500 0.1336
16 3 2 99881 0.1307
16 3 2 94781 0.1226
16 3 2 93564 0.1251
16 3 2 92533 0.1215
16 3 2 87737 0.1173
16 3 2 85090 0.1151
16 3 2 83748 0.1158
16 3 2 79978 0.1122
16 3 2 79516 0.112
16 3 2 78733 0.1095
16 3 2 77726 0.1086
16 3 2 77255 0.1101
16 3 2 75898 0.1087
16 3 2 72530 0.1051
16 3 2 70065 0.1036
16 3 2 53386 0.0888
16 3 2 52970 0.08678
16 3 2 52268 0.08704
16 3 2 51928 0.08623
16 3 2 50942 0.08604
16 3 2 50090 0.08302
16 3 2 36662 0.06418
16 3 2 36242 0.06338
16 3 2 36053 0.06417
16 3 2 35938 0.06399
16 3 2 34781 0.06019
16 3 2 34528 0.06106
16 3 2 33687 0.0594
16 3 2 25728 0.04698
16 3 2 25223 0.04565
16 3 2 24948 0.04589
16 3 2 24596 0.04477
16 3 2 24272 0.04347
16 3 2 15305 0.02867
16 3 2 15283 0.02843
16 3 2 15264 0.0286
16 3 2 15039 0.02786
16 3 2 15021 0.02887
16 3 2 14958 0.02854
16 3 2 14784 0.02817
16 3 2 10134 0.01954
16 3 2 10121 0.01966
16 3 2 10088 0.01969
16 3 2 10050 0.01977
16 3 2 10012 0.01948
16 3 2 9902 0.0194
16 3 3 125540 0.2695
16 3 3 110497 0.14
16 3 3 107636 0.1368
16 3 3 106405 0.137
16 3 3 100064 0.1307
16 3 3 99125 0.1304
16 3 3 92358 0.1239
16 3 3 89877 0.1209
16 3 3 87027 0.1186
16 3 3 86297 0.1198
16 3 3 84378 0.1159
16 3 3 83839 0.1103
16 3 3 82606 0.1154
16 3 3 80193 0.1138
16 3 3 78966 0.1112
16 3 3 78613 0.1107
16 3 3 76408 0.1093
16 3 3 73668 0.1065
16 3 3 72339 0.1058
16 3 3 55823 0.09076
16 3 3 54596 0.09113
16 3 3 53761 0.0916
16 3 3 53279 0.0879
16 3 3 51984 0.08843
16 3 3 49112 0.08452
16 3 3 37811 0.06567
16 3 3 37169 0.0655
16 3 3 36563 0.06444
16 3 3 36024 0.06498
16 3 3 35286 0.0635
16 3 3 34908 0.06304
16 3 3 26582 0.04875
16 3 3 25785 0.04801
16 3 3 25562 0.04826
16 3 3 25215 0.0464
16 3 3 24969 0.04638
16 3 3 24520 0.04596
16 3 3 24213 0.04428
16 3 3 15337 0.02967
16 3 3 15301 0.02938
16 3 3 15149 0.02868
16 3 3 15017 0.02879
16 3 3 14907 0.02835
16 3 3 14650 0.02855
16 3 3 10253 0.02073
16 3 3 10180 0.01973
16 3 3 10140 0.02044
16 3 3 10104 0.01985
16 3 3 10045 0.01979
16 3 3 9898 0.01985
16 3 4 134350 0.2757
16 3 4 118506 0.1501
16 3 4 113192 0.1422
16 3 4 112709 0.1448
16 3 4 107186 0.1389
16 3 4 101631 0.128
16 3 4 95966 0.1287
16 3 4 93817 0.1241
16 3 4 89566 0.1214
16 3 4 88307 0.119
16 3 4 85357 0.1183
16 3 4 85176 0.1176
16 3 4 84549 0.1164
16 3 4 83702 0.1171
16 3 4 80789 0.1137
16 3 4 79200 0.1107
16 3 4 77977 0.1118
16 3 4 76542 0.111
16 3 4 65778 0.1014
16 3 4 60797 0.09888
16 3 4 57259 0.09388
16 3 4 55851 0.09174
16 3 4 55039 0.08775
16 3 4 54495 0.09043
16 3 4 51132 0.08656
16 3 4 39711 0.06815
16 3 4 38225 0.06604
16 3 4 36653 0.06407
16 3 4 36546 0.06518
16 3 4 36270 0.06434
16 3 4 35786 0.06489
16 3 4 34582 0.06273
16 3 4 25952 0.04869
16 3 4 25136 0.04688
16 3 4 25025 0.04697
16 3 4 24790 0.0464
16 3 4 24156 0.0452
16 3 4 15609 0.03094
16 3 4 15608 0.0308
16 3 4 15437 0.03008
16 3 4 15274 0.02929
16 3 4 15180 0.02905
16 3 4 14988 0.02936
16 3 4 14919 0.02862
16 3 4 10384 0.02069
16 3 4 10252 0.02147
16 3 4 10233 0.02033
16 3 4 10198 0.02078
16 3 4 10088 0.01981
16 3 4 10032 0.02001
16 3 5 144218 0.2803
16 3 5 118877 0.1482
16 3 5 116919 0.1445
16 3 5 110997 0.1415
16 3 5 105624 0.1357
16 3 5 104155 0.1363
16 3 5 97902 0.1296
16 3 5 92937 0.1246
16 3 5 89549 0.1199
16 3 5 89549 0.12
16 3 5 85032 0.1168
16 3 5 83937 0.1156
16 3 5 82419 0.114
16 3 5 82128 0.1145
16 3 5 81338 0.1142
16 3 5 75348 0.1092
16 3 5 75231 0.1052
16 3 5 73091 0.1053
16 3 5 67581 0.1024
16 3 5 64951 0.1006
16 3 5 57352 0.09289
16 3 5 56780 0.09144
16 3 5 55064 0.09088
16 3 5 53585 0.08713
16 3 5 50434 0.08518
16 3 5 38638 0.06532
16 3 5 38392 0.0665
16 3 5 37215 0.06424
16 3 5 36569 0.06451
16 3 5 35955 0.06388
16 3 5 35624 0.06386
16 3 5 34248 0.06076
16 3 5 26648 0.04939
16 3 5 25070 0.04648
16 3 5 24885 0.04663
16 3 5 24568 0.04698
16 3 5 23897 0.04405
16 3 5 15747 0.03069
16 3 5 15601 0.0306
16 3 5 15391 0.03071
16 3 5 15296 0.0291
16 3 5 15209 0.03031
16 3 5 15041 0.02948
16 3 5 14851 0.02907
16 3 5 10434 0.0207
16 3 5 10332 0.02126
16 3 5 10250 0.02048
16 3 5 10191 0.02022
16 3 5 10101 0.02028
16 3 5 10020 0.02019
