8 2 1 100000 0.1482
8 2 1 100000 0.1407
8 2 1 100000 0.1374
8 2 1 100000 0.1461
8 2 1 100000 0.1736
8 2 1 100000 0.171
8 2 1 100000 0.1798
8 2 1 100000 0.1812
8 2 1 100000 0.1722
8 2 1 100000 0.1106
8 2 1 100000 0.1124
8 2 1 100000 0.08914
8 2 1 100000 0.0926
8 2 1 85000 0.1269
8 2 1 85000 0.1153
8 2 1 85000 0.1156
8 2 1 85000 0.1153
8 2 1 85000 0.1148
8 2 1 85000 0.1172
8 2 1 85000 0.1162
8 2 1 85000 0.1156
8 2 1 85000 0.06347
8 2 1 85000 0.06398
8 2 1 85000 0.06321
8 2 1 85000 0.06313
8 2 1 75000 0.1062
8 2 1 75000 0.1052
8 2 1 75000 0.1053
8 2 1 75000 0.1073
8 2 1 75000 0.1066
8 2 1 75000 0.1063
8 2 1 75000 0.107
8 2 1 75000 0.1205
8 2 1 75000 0.08029
8 2 1 75000 0.07941
8 2 1 75000 0.0701
8 2 1 75000 0.06294
8 2 1 50000 0.08764
8 2 1 50000 0.08862
8 2 1 50000 0.08726
8 2 1 50000 0.08758
8 2 1 50000 0.08648
8 2 1 50000 0.08792
8 2 1 50000 0.08614
8 2 1 50000 0.09308
8 2 1 50000 0.09393
8 2 1 50000 0.03417
8 2 1 50000 0.03765
8 2 1 50000 0.03665
8 2 1 50000 0.03395
8 2 1 35000 0.063
8 2 1 35000 0.06327
8 2 1 35000 0.06318
8 2 1 35000 0.06356
8 2 1 35000 0.06454
8 2 1 35000 0.06551
8 2 1 35000 0.06792
8 2 1 35000 0.0659
8 2 1 35000 0.06632
8 2 1 35000 0.02427
8 2 1 35000 0.02692
8 2 1 35000 0.02565
8 2 1 35000 0.02124
8 2 1 25000 0.04468
8 2 1 25000 0.04596
8 2 1 25000 0.04627
8 2 1 25000 0.04627
8 2 1 25000 0.04739
8 2 1 25000 0.04819
8 2 1 25000 0.04606
8 2 1 25000 0.04745
8 2 1 25000 0.01236
8 2 1 25000 0.01211
8 2 1 25000 0.01215
8 2 1 25000 0.01158
8 2 1 15000 0.02951
8 2 1 15000 0.02911
8 2 1 15000 0.02968
8 2 1 15000 0.02901
8 2 1 15000 0.02798
8 2 1 15000 0.02809
8 2 1 15000 0.02951
8 2 1 15000 0.02775
8 2 1 15000 0.02926
8 2 1 15000 0.006658
8 2 1 15000 0.007312
8 2 1 15000 0.007558
8 2 1 15000 0.008015
8 2 1 10000 0.02017
8 2 1 10000 0.02003
8 2 1 10000 0.02034
8 2 1 10000 0.02051
8 2 1 10000 0.01905
8 2 1 10000 0.01934
8 2 1 10000 0.01953
8 2 1 10000 0.01902
8 2 1 10000 0.005144
8 2 1 10000 0.005116
8 2 1 10000 0.005094
8 2 1 10000 0.005077
8 2 2 113562 0.1627
8 2 2 109322 0.1573
8 2 2 107503 0.1527
8 2 2 106043 0.155
8 2 2 104755 0.154
8 2 2 100000 0.08458
8 2 2 100000 0.07209
8 2 2 100000 0.07291
8 2 2 100000 0.07364
8 2 2 100000 0.07246
8 2 2 98445 0.1279
8 2 2 97726 0.129
8 2 2 92984 0.1242
8 2 2 92533 0.1228
8 2 2 87737 0.1179
8 2 2 86319 0.1157
8 2 2 85117 0.1165
8 2 2 85090 0.1169
8 2 2 85000 0.06347
8 2 2 85000 0.06354
8 2 2 85000 0.06335
8 2 2 85000 0.06293
8 2 2 84388 0.116
8 2 2 82145 0.1159
8 2 2 80682 0.1132
8 2 2 80394 0.1128
8 2 2 78552 0.1116
8 2 2 77994 0.1106
8 2 2 76938 0.1098
8 2 2 76428 0.1095
8 2 2 75898 0.1091
8 2 2 75000 0.05321
8 2 2 75000 0.05362
8 2 2 75000 0.05312
8 2 2 75000 0.05364
8 2 2 74655 0.102
8 2 2 71979 0.1047
8 2 2 68985 0.1052
8 2 2 53140 0.08824
8 2 2 52711 0.08916
8 2 2 51272 0.08509
8 2 2 50195 0.08494
8 2 2 50035 0.08383
8 2 2 50000 0.03125
8 2 2 50000 0.03174
8 2 2 50000 0.03159
8 2 2 50000 0.03123
8 2 2 49580 0.08214
8 2 2 47949 0.08168
8 2 2 46998 0.07797
8 2 2 36662 0.0638
8 2 2 36662 0.06373
8 2 2 36312 0.06344
8 2 2 35962 0.06308
8 2 2 35612 0.06283
8 2 2 35406 0.06124
8 2 2 35000 0.02101
8 2 2 35000 0.02083
8 2 2 35000 0.02078
8 2 2 35000 0.0208
8 2 2 34458 0.05946
8 2 2 33687 0.05969
8 2 2 25843 0.04772
8 2 2 25709 0.04705
8 2 2 25456 0.04568
8 2 2 25000 0.009836
8 2 2 25000 0.009817
8 2 2 25000 0.009841
8 2 2 25000 0.009796
8 2 2 24992 0.04547
8 2 2 24925 0.04529
8 2 2 24821 0.04512
8 2 2 24646 0.04537
8 2 2 24386 0.04446
8 2 2 24136 0.04361
8 2 2 15284 0.02905
8 2 2 15262 0.03004
8 2 2 15130 0.02986
8 2 2 15044 0.02956
8 2 2 15022 0.02958
8 2 2 15000 0.02949
8 2 2 15000 0.008032
8 2 2 15000 0.007747
8 2 2 15000 0.007945
8 2 2 15000 0.008087
8 2 2 14975 0.02955
8 2 2 14808 0.02878
8 2 2 10135 0.0203
8 2 2 10134 0.02057
8 2 2 10132 0.02115
8 2 2 10099 0.02061
8 2 2 10031 0.0201
8 2 2 10012 0.01992
8 2 2 10000 0.006147
8 2 2 10000 0.006097
8 2 2 10000 0.006102
8 2 2 10000 0.006025
8 2 2 9994 0.02005
8 2 2 9915 0.02054
8 2 2 9899 0.02023
8 2 3 124103 0.2867
8 2 3 111787 0.1679
8 2 3 108547 0.1584
8 2 3 107938 0.1499
8 2 3 104625 0.1445
8 2 3 104285 0.1456
8 2 3 103028 0.1537
8 2 3 100000 0.1101
8 2 3 100000 0.1071
8 2 3 100000 0.1084
8 2 3 99336 0.1417
8 2 3 99234 0.142
8 2 3 96201 0.1377
8 2 3 93703 0.1354
8 2 3 91978 0.1354
8 2 3 91756 0.1324
8 2 3 87815 0.1249
8 2 3 87001 0.1278
8 2 3 85805 0.127
8 2 3 85198 0.1368
8 2 3 85000 0.09226
8 2 3 85000 0.09409
8 2 3 85000 0.07658
8 2 3 85000 0.07605
8 2 3 84921 0.1244
8 2 3 83816 0.1232
8 2 3 82395 0.1237
8 2 3 80978 0.1221
8 2 3 79605 0.1199
8 2 3 77858 0.1186
8 2 3 75732 0.1321
8 2 3 75000 0.07716
8 2 3 75000 0.07431
8 2 3 75000 0.06329
8 2 3 75000 0.06588
8 2 3 74718 0.1146
8 2 3 69666 0.1122
8 2 3 69488 0.1078
8 2 3 56044 0.09542
8 2 3 55019 0.09402
8 2 3 52547 0.08936
8 2 3 51489 0.08893
8 2 3 51037 0.0909
8 2 3 50466 0.09504
8 2 3 50000 0.03841
8 2 3 50000 0.03433
8 2 3 50000 0.03869
8 2 3 50000 0.03456
8 2 3 49404 0.08487
8 2 3 44367 0.0777
8 2 3 37500 0.06498
8 2 3 37285 0.06642
8 2 3 36574 0.06655
8 2 3 36227 0.0694
8 2 3 35686 0.0672
8 2 3 35046 0.06314
8 2 3 35000 0.02223
8 2 3 35000 0.02309
8 2 3 35000 0.0217
8 2 3 35000 0.02754
8 2 3 34537 0.06466
8 2 3 33783 0.06201
8 2 3 26566 0.05045
8 2 3 26273 0.05004
8 2 3 26194 0.04836
8 2 3 25448 0.04928
8 2 3 25286 0.04775
8 2 3 25169 0.04749
8 2 3 25000 0.01182
8 2 3 25000 0.01183
8 2 3 25000 0.01188
8 2 3 25000 0.01168
8 2 3 24954 0.04704
8 2 3 24781 0.04741
8 2 3 24095 0.04591
8 2 3 15611 0.03173
8 2 3 15568 0.03165
8 2 3 15397 0.0307
8 2 3 15322 0.02978
8 2 3 15254 0.02967
8 2 3 15081 0.02964
8 2 3 15000 0.006987
8 2 3 15000 0.006512
8 2 3 15000 0.007966
8 2 3 15000 0.007693
8 2 3 14904 0.02945
8 2 3 14848 0.02946
8 2 3 14460 0.02901
8 2 3 10248 0.02128
8 2 3 10231 0.01997
8 2 3 10163 0.01947
8 2 3 10105 0.01953
8 2 3 10069 0.01975
8 2 3 10038 0.01958
8 2 3 10000 0.005118
8 2 3 10000 0.005073
8 2 3 10000 0.005039
8 2 3 10000 0.005097
8 2 3 9983 0.01921
8 2 3 9946 0.01941
8 2 4 126470 0.2836
8 2 4 118536 0.1674
8 2 4 116866 0.1645
8 2 4 116617 0.1638
8 2 4 111321 0.1591
8 2 4 106109 0.1522
8 2 4 104562 0.1512
8 2 4 102194 0.1506
8 2 4 100000 0.09544
8 2 4 100000 0.08957
8 2 4 100000 0.1089
8 2 4 100000 0.11
8 2 4 100000 0.1087
8 2 4 98777 0.1491
8 2 4 97242 0.141
8 2 4 94110 0.1353
8 2 4 90084 0.1309
8 2 4 88486 0.1307
8 2 4 86790 0.1289
8 2 4 86148 0.1272
8 2 4 85000 0.07898
8 2 4 85000 0.07786
8 2 4 85000 0.0968
8 2 4 85000 0.09672
8 2 4 84929 0.1373
8 2 4 83989 0.1274
8 2 4 81726 0.1253
8 2 4 81617 0.1236
8 2 4 81508 0.1242
8 2 4 77133 0.1199
8 2 4 75746 0.1175
8 2 4 75000 0.06423
8 2 4 75000 0.07122
8 2 4 75000 0.05821
8 2 4 75000 0.05332
8 2 4 71807 0.1003
8 2 4 71807 0.102
8 2 4 57867 0.09457
8 2 4 57867 0.095
8 2 4 55507 0.0919
8 2 4 54963 0.09149
8 2 4 53802 0.08976
8 2 4 53105 0.08872
8 2 4 52195 0.08802
8 2 4 50918 0.08524
8 2 4 50000 0.03131
8 2 4 50000 0.0315
8 2 4 50000 0.03157
8 2 4 50000 0.03138
8 2 4 47375 0.07943
8 2 4 39027 0.06778
8 2 4 37703 0.06463
8 2 4 37663 0.06421
8 2 4 36995 0.06506
8 2 4 36062 0.06466
8 2 4 35889 0.06389
8 2 4 35000 0.02073
8 2 4 35000 0.02095
8 2 4 35000 0.02086
8 2 4 35000 0.02089
8 2 4 34464 0.05996
8 2 4 34464 0.06075
8 2 4 27080 0.04827
8 2 4 26473 0.04813
8 2 4 26288 0.04863
8 2 4 26130 0.04794
8 2 4 25224 0.04859
8 2 4 25000 0.01254
8 2 4 25000 0.01279
8 2 4 25000 0.01276
8 2 4 25000 0.01029
8 2 4 24996 0.04503
8 2 4 24813 0.04678
8 2 4 24744 0.04696
8 2 4 24245 0.04462
8 2 4 15926 0.03123
8 2 4 15637 0.03133
8 2 4 15459 0.03152
8 2 4 15361 0.03054
8 2 4 15295 0.02998
8 2 4 15070 0.03045
8 2 4 15000 0.008068
8 2 4 15000 0.00771
8 2 4 15000 0.007189
8 2 4 15000 0.007903
8 2 4 14984 0.02981
8 2 4 14896 0.02865
8 2 4 14354 0.0291
8 2 4 10258 0.02104
8 2 4 10231 0.02
8 2 4 10191 0.01995
8 2 4 10149 0.02016
8 2 4 10110 0.0203
8 2 4 10079 0.0212
8 2 4 10000 0.006161
8 2 4 10000 0.005858
8 2 4 10000 0.00559
8 2 4 10000 0.005107
8 2 4 9929 0.01959
8 2 4 9856 0.01968
8 2 5 140031 0.2904
8 2 5 120680 0.1697
8 2 5 120624 0.1517
8 2 5 119222 0.163
8 2 5 114216 0.1565
8 2 5 108566 0.152
8 2 5 107876 0.1513
8 2 5 105510 0.1484
8 2 5 102825 0.1458
8 2 5 102169 0.1442
8 2 5 100395 0.1434
8 2 5 100000 0.1102
8 2 5 100000 0.1083
8 2 5 100000 0.1078
8 2 5 97737 0.1542
8 2 5 97737 0.142
8 2 5 95728 0.1419
8 2 5 92439 0.1384
8 2 5 90214 0.1342
8 2 5 89155 0.134
8 2 5 87455 0.1256
8 2 5 86727 0.1308
8 2 5 85000 0.08377
8 2 5 85000 0.06727
8 2 5 85000 0.0625
8 2 5 85000 0.06267
8 2 5 84874 0.1159
8 2 5 83135 0.1108
8 2 5 82608 0.1119
8 2 5 79899 0.1108
8 2 5 79400 0.1118
8 2 5 75000 0.0527
8 2 5 75000 0.06922
8 2 5 75000 0.07622
8 2 5 75000 0.05259
8 2 5 69434 0.1025
8 2 5 68759 0.1022
8 2 5 66575 0.1013
8 2 5 57331 0.09302
8 2 5 55653 0.09142
8 2 5 55006 0.09151
8 2 5 54278 0.0895
8 2 5 52658 0.08737
8 2 5 51914 0.08604
8 2 5 51862 0.08725
8 2 5 50000 0.03148
8 2 5 50000 0.03096
8 2 5 50000 0.03136
8 2 5 50000 0.03112
8 2 5 46682 0.07765
8 2 5 40884 0.06845
8 2 5 39460 0.0659
8 2 5 38281 0.06573
8 2 5 36557 0.06409
8 2 5 35762 0.06343
8 2 5 35540 0.06357
8 2 5 35000 0.0209
8 2 5 35000 0.02039
8 2 5 35000 0.0207
8 2 5 35000 0.0206
8 2 5 34115 0.0598
8 2 5 34101 0.05888
8 2 5 27362 0.05021
8 2 5 27362 0.0501
8 2 5 27104 0.04941
8 2 5 26002 0.04756
8 2 5 25626 0.04711
8 2 5 25377 0.04759
8 2 5 25019 0.04643
8 2 5 25000 0.009928
8 2 5 25000 0.009773
8 2 5 25000 0.009659
8 2 5 25000 0.009696
8 2 5 24682 0.04665
8 2 5 24156 0.04462
8 2 5 16030 0.03108
8 2 5 15844 0.03064
8 2 5 15704 0.03088
8 2 5 15474 0.03037
8 2 5 15401 0.02978
8 2 5 15232 0.02915
8 2 5 15000 0.006607
8 2 5 15000 0.006487
8 2 5 15000 0.006465
8 2 5 15000 0.00637
8 2 5 14948 0.02814
8 2 5 14792 0.02892
8 2 5 14517 0.02882
8 2 5 10270 0.02112
8 2 5 10260 0.02166
8 2 5 10222 0.02043
8 2 5 10173 0.0203
8 2 5 10131 0.0198
8 2 5 10095 0.01952
8 2 5 10000 0.005139
8 2 5 10000 0.005004
8 2 5 10000 0.005041
8 2 5 10000 0.004997
8 2 5 10000 0.005069
8 2 5 9882 0.01979
