16 0 1 100000 0.1102
16 0 1 100000 0.1037
16 0 1 100000 0.1001
16 0 1 100000 0.1007
16 0 1 100000 0.1024
16 0 1 100000 0.1009
16 0 1 85000 0.08912
16 0 1 85000 0.0895
16 0 1 85000 0.0892
16 0 1 85000 0.09247
16 0 1 85000 0.08897
16 0 1 85000 0.08951
16 0 1 75000 0.08353
16 0 1 75000 0.08218
16 0 1 75000 0.0807
16 0 1 75000 0.07946
16 0 1 75000 0.08078
16 0 1 75000 0.08163
16 0 1 75000 0.08088
16 0 1 50000 0.06056
16 0 1 50000 0.05839
16 0 1 50000 0.05958
16 0 1 50000 0.06074
16 0 1 50000 0.05851
16 0 1 50000 0.05782
16 0 1 35000 0.0411
16 0 1 35000 0.04219
16 0 1 35000 0.04274
16 0 1 35000 0.04342
16 0 1 35000 0.0413
16 0 1 35000 0.04279
16 0 1 25000 0.02875
16 0 1 25000 0.02722
16 0 1 25000 0.02723
16 0 1 25000 0.02708
16 0 1 25000 0.02539
16 0 1 25000 0.02877
16 0 1 15000 0.01771
16 0 1 15000 0.01662
16 0 1 15000 0.0176
16 0 1 15000 0.01675
16 0 1 15000 0.01757
16 0 1 15000 0.01769
16 0 1 10000 0.01259
16 0 1 10000 0.01271
16 0 1 10000 0.01243
16 0 1 10000 0.01273
16 0 1 10000 0.01246
16 0 1 10000 0.01243
16 0 1 10000 0.0129
16 0 2 113441 0.1147
16 0 2 113071 0.1097
16 0 2 113044 0.1099
16 0 2 112915 0.1118
16 0 2 112861 0.1114
16 0 2 111332 0.1126
16 0 2 94670 0.09957
16 0 2 94546 0.09937
16 0 2 94462 0.0974
16 0 2 94367 0.09296
16 0 2 94161 0.09641
16 0 2 94034 0.1163
16 0 2 93601 0.1142
16 0 2 82458 0.1078
16 0 2 82423 0.1103
16 0 2 82392 0.1053
16 0 2 82222 0.1043
16 0 2 82095 0.1044
16 0 2 53371 0.0712
16 0 2 53347 0.0644
16 0 2 53293 0.06392
16 0 2 53265 0.06381
16 0 2 53210 0.0656
16 0 2 53167 0.06439
16 0 2 52930 0.06423
16 0 2 36662 0.04398
16 0 2 36641 0.04423
16 0 2 36615 0.04434
16 0 2 36608 0.04452
16 0 2 36580 0.04448
16 0 2 36548 0.04369
16 0 2 25845 0.02981
16 0 2 25836 0.02845
16 0 2 25826 0.02848
16 0 2 25816 0.02915
16 0 2 25806 0.02932
16 0 2 25797 0.03001
16 0 2 25753 0.02869
16 0 2 15302 0.01766
16 0 2 15299 0.01885
16 0 2 15298 0.01862
16 0 2 15291 0.01763
16 0 2 15283 0.01798
16 0 2 10134 0.01316
16 0 2 10134 0.01369
16 0 2 10133 0.0131
16 0 2 10132 0.01304
16 0 2 10130 0.01297
16 0 2 10127 0.01298
16 0 2 10121 0.01313
16 0 3 128260 0.1753
16 0 3 127942 0.1782
16 0 3 127704 0.1776
16 0 3 127536 0.1812
16 0 3 127124 0.1757
16 0 3 123158 0.1769
16 0 3 119407 0.1146
16 0 3 104988 0.1058
16 0 3 104841 0.1111
16 0 3 104595 0.1099
16 0 3 104536 0.1061
16 0 3 104062 0.104
16 0 3 90637 0.09485
16 0 3 90571 0.09463
16 0 3 90467 0.09142
16 0 3 90369 0.09313
16 0 3 90214 0.09397
16 0 3 89589 0.0925
16 0 3 56939 0.06544
16 0 3 56884 0.06466
16 0 3 56844 0.06575
16 0 3 56786 0.06743
16 0 3 56688 0.06697
16 0 3 56625 0.06638
16 0 3 53935 0.06522
16 0 3 38369 0.04587
16 0 3 38335 0.04449
16 0 3 38309 0.0455
16 0 3 38296 0.04533
16 0 3 38274 0.04413
16 0 3 38234 0.0446
16 0 3 26709 0.02977
16 0 3 26685 0.02803
16 0 3 26670 0.02984
16 0 3 26660 0.02841
16 0 3 26656 0.02966
16 0 3 26645 0.02862
16 0 3 26567 0.02876
16 0 3 15604 0.01863
16 0 3 15602 0.01885
16 0 3 15600 0.01807
16 0 3 15595 0.01829
16 0 3 15584 0.01841
16 0 3 15562 0.01842
16 0 3 10268 0.01315
16 0 3 10266 0.01302
16 0 3 10263 0.01282
16 0 3 10260 0.01324
16 0 3 10255 0.01256
16 0 4 145021 0.1894
16 0 4 144547 0.1866
16 0 4 144348 0.1922
16 0 4 143679 0.1795
16 0 4 143327 0.1825
16 0 4 137395 0.1808
16 0 4 117012 0.1166
16 0 4 116410 0.1118
16 0 4 116252 0.1144
16 0 4 116123 0.133
16 0 4 115595 0.1476
16 0 4 113788 0.1422
16 0 4 110001 0.1077
16 0 4 99402 0.09873
16 0 4 99216 0.1003
16 0 4 99052 0.1004
16 0 4 98910 0.1019
16 0 4 95814 0.09842
16 0 4 60653 0.06962
16 0 4 60613 0.06726
16 0 4 60574 0.06928
16 0 4 60463 0.06919
16 0 4 60394 0.0682
16 0 4 59832 0.07012
16 0 4 57312 0.06461
16 0 4 40116 0.04646
16 0 4 40071 0.04744
16 0 4 40052 0.04743
16 0 4 40041 0.04647
16 0 4 40008 0.04787
16 0 4 39909 0.05737
16 0 4 27565 0.03392
16 0 4 27548 0.03234
16 0 4 27539 0.03259
16 0 4 27518 0.03315
16 0 4 27509 0.03376
16 0 4 27498 0.03316
16 0 4 15920 0.02
16 0 4 15915 0.02074
16 0 4 15910 0.01998
16 0 4 15906 0.02059
16 0 4 15900 0.01966
16 0 4 15893 0.02027
16 0 4 15885 0.02001
16 0 4 10406 0.01395
16 0 4 10402 0.01421
16 0 4 10400 0.01465
16 0 4 10396 0.01441
16 0 4 10395 0.01479
16 0 4 10392 0.01464
16 0 4 10245 0.01452
16 0 5 163751 0.2779
16 0 5 162608 0.2725
16 0 5 161655 0.2688
16 0 5 161253 0.2715
16 0 5 160364 0.2689
16 0 5 153991 0.2694
16 0 5 129456 0.2368
16 0 5 129086 0.2413
16 0 5 128537 0.232
16 0 5 128153 0.2222
16 0 5 127600 0.2195
16 0 5 126458 0.2159
16 0 5 122051 0.1564
16 0 5 108609 0.1414
16 0 5 108369 0.1415
16 0 5 108153 0.1416
16 0 5 107517 0.1414
16 0 5 103956 0.1399
16 0 5 64591 0.08708
16 0 5 64555 0.0896
16 0 5 64496 0.08861
16 0 5 64367 0.08823
16 0 5 64121 0.08793
16 0 5 63721 0.08967
16 0 5 60715 0.0858
16 0 5 41950 0.05851
16 0 5 41913 0.05748
16 0 5 41861 0.05612
16 0 5 41838 0.0572
16 0 5 41765 0.05794
16 0 5 41504 0.05696
16 0 5 28475 0.03004
16 0 5 28441 0.03112
16 0 5 28439 0.03002
16 0 5 28405 0.031
16 0 5 28357 0.02991
16 0 5 28332 0.03071
16 0 5 16240 0.01941
16 0 5 16237 0.0185
16 0 5 16219 0.01923
16 0 5 16217 0.01897
16 0 5 16208 0.01875
16 0 5 16200 0.01887
16 0 5 16190 0.01828
16 0 5 10542 0.01341
16 0 5 10537 0.01304
16 0 5 10535 0.01276
16 0 5 10534 0.01321
16 0 5 10530 0.01344
16 0 5 10525 0.0134
16 0 5 10395 0.01338
