8 2 1 100000 0.1661
8 2 1 100000 0.1632
8 2 1 100000 0.1308
8 2 1 100000 0.1318
8 2 1 100000 0.1306
8 2 1 100000 0.1299
8 2 1 100000 0.131
8 2 1 100000 0.1308
8 2 1 100000 0.07429
8 2 1 100000 0.07398
8 2 1 100000 0.07406
8 2 1 100000 0.07456
8 2 1 85000 0.1177
8 2 1 85000 0.1167
8 2 1 85000 0.1159
8 2 1 85000 0.1141
8 2 1 85000 0.1161
8 2 1 85000 0.1168
8 2 1 85000 0.1179
8 2 1 85000 0.1177
8 2 1 85000 0.1168
8 2 1 85000 0.06503
8 2 1 85000 0.06559
8 2 1 85000 0.06569
8 2 1 85000 0.06547
8 2 1 75000 0.1066
8 2 1 75000 0.1075
8 2 1 75000 0.1081
8 2 1 75000 0.1082
8 2 1 75000 0.1087
8 2 1 75000 0.107
8 2 1 75000 0.1075
8 2 1 75000 0.1067
8 2 1 75000 0.1083
8 2 1 75000 0.05596
8 2 1 75000 0.05544
8 2 1 75000 0.05509
8 2 1 75000 0.05581
8 2 1 50000 0.0846
8 2 1 50000 0.08375
8 2 1 50000 0.08415
8 2 1 50000 0.08437
8 2 1 50000 0.0854
8 2 1 50000 0.08413
8 2 1 50000 0.08295
8 2 1 50000 0.08507
8 2 1 50000 0.03264
8 2 1 50000 0.03274
8 2 1 50000 0.03301
8 2 1 50000 0.03297
8 2 1 35000 0.06267
8 2 1 35000 0.06273
8 2 1 35000 0.06345
8 2 1 35000 0.06257
8 2 1 35000 0.06266
8 2 1 35000 0.06309
8 2 1 35000 0.06259
8 2 1 35000 0.06143
8 2 1 35000 0.02166
8 2 1 35000 0.0218
8 2 1 35000 0.02172
8 2 1 35000 0.02176
8 2 1 25000 0.04523
8 2 1 25000 0.04597
8 2 1 25000 0.04623
8 2 1 25000 0.04616
8 2 1 25000 0.04705
8 2 1 25000 0.04571
8 2 1 25000 0.04608
8 2 1 25000 0.04557
8 2 1 25000 0.04635
8 2 1 25000 0.01024
8 2 1 25000 0.01049
8 2 1 25000 0.01027
8 2 1 25000 0.01034
8 2 1 15000 0.02828
8 2 1 15000 0.02839
8 2 1 15000 0.02836
8 2 1 15000 0.02838
8 2 1 15000 0.02829
8 2 1 15000 0.0283
8 2 1 15000 0.02831
8 2 1 15000 0.02804
8 2 1 15000 0.0067
8 2 1 15000 0.006719
8 2 1 15000 0.006747
8 2 1 15000 0.006764
8 2 1 10000 0.01933
8 2 1 10000 0.01969
8 2 1 10000 0.01906
8 2 1 10000 0.01942
8 2 1 10000 0.01961
8 2 1 10000 0.01925
8 2 1 10000 0.01948
8 2 1 10000 0.01939
8 2 1 10000 0.0193
8 2 1 10000 0.005412
8 2 1 10000 0.005319
8 2 1 10000 0.00519
8 2 1 10000 0.005322
8 2 2 112337 0.1429
8 2 2 108301 0.1396
8 2 2 106047 0.1312
8 2 2 103874 0.1355
8 2 2 103661 0.1342
8 2 2 102279 0.1329
8 2 2 101330 0.1319
8 2 2 100000 0.07565
8 2 2 100000 0.07485
8 2 2 100000 0.07577
8 2 2 99256 0.1293
8 2 2 96110 0.1257
8 2 2 93418 0.1246
8 2 2 92344 0.125
8 2 2 90356 0.123
8 2 2 88017 0.1195
8 2 2 85000 0.06495
8 2 2 85000 0.06488
8 2 2 85000 0.06533
8 2 2 85000 0.06488
8 2 2 85000 0.06521
8 2 2 84739 0.1172
8 2 2 81987 0.1143
8 2 2 80571 0.1123
8 2 2 80523 0.1138
8 2 2 79116 0.1117
8 2 2 78297 0.112
8 2 2 77695 0.1068
8 2 2 76112 0.1091
8 2 2 76085 0.1086
8 2 2 75796 0.1076
8 2 2 75448 0.1087
8 2 2 75000 0.05559
8 2 2 75000 0.05539
8 2 2 75000 0.05479
8 2 2 74642 0.1073
8 2 2 73122 0.1064
8 2 2 67443 0.1019
8 2 2 53292 0.08996
8 2 2 52889 0.08913
8 2 2 51258 0.08537
8 2 2 51014 0.08541
8 2 2 50616 0.08413
8 2 2 50195 0.08525
8 2 2 50000 0.03291
8 2 2 50000 0.03313
8 2 2 50000 0.03309
8 2 2 50000 0.03262
8 2 2 48851 0.0824
8 2 2 46786 0.07952
8 2 2 36662 0.06416
8 2 2 36562 0.06416
8 2 2 36312 0.06705
8 2 2 36004 0.06296
8 2 2 35612 0.06293
8 2 2 35087 0.06223
8 2 2 35000 0.02187
8 2 2 35000 0.02165
8 2 2 35000 0.02188
8 2 2 35000 0.02176
8 2 2 34650 0.06116
8 2 2 34300 0.06056
8 2 2 25843 0.04724
8 2 2 25809 0.04737
8 2 2 25615 0.04777
8 2 2 25209 0.04688
8 2 2 25000 0.01037
8 2 2 25000 0.01054
8 2 2 25000 0.01039
8 2 2 25000 0.01034
8 2 2 25000 0.01037
8 2 2 24949 0.04601
8 2 2 24735 0.04527
8 2 2 24392 0.04369
8 2 2 24133 0.04368
8 2 2 15295 0.02869
8 2 2 15267 0.02902
8 2 2 15157 0.0289
8 2 2 15068 0.02845
8 2 2 15000 0.006782
8 2 2 15000 0.006728
8 2 2 15000 0.006719
8 2 2 15000 0.006901
8 2 2 14995 0.02881
8 2 2 14981 0.02843
8 2 2 14927 0.02821
8 2 2 14896 0.02817
8 2 2 10134 0.01997
8 2 2 10131 0.01995
8 2 2 10123 0.01988
8 2 2 10103 0.0198
8 2 2 10079 0.01947
8 2 2 10039 0.01969
8 2 2 10000 0.005335
8 2 2 10000 0.005398
8 2 2 10000 0.005324
8 2 2 10000 0.005254
8 2 2 10000 0.005238
8 2 2 9934 0.01949
8 2 2 9902 0.01973
8 2 3 114292 0.1455
8 2 3 112756 0.1429
8 2 3 110429 0.1432
8 2 3 108499 0.1405
8 2 3 107048 0.1395
8 2 3 104800 0.1378
8 2 3 103895 0.1357
8 2 3 100402 0.1314
8 2 3 100000 0.07489
8 2 3 100000 0.07604
8 2 3 100000 0.07475
8 2 3 100000 0.07576
8 2 3 100000 0.07667
8 2 3 88337 0.1195
8 2 3 87837 0.1199
8 2 3 87105 0.1182
8 2 3 85438 0.1173
8 2 3 85000 0.06605
8 2 3 85000 0.06499
8 2 3 85000 0.06563
8 2 3 85000 0.06539
8 2 3 85000 0.06517
8 2 3 84366 0.1183
8 2 3 82952 0.1147
8 2 3 82458 0.1146
8 2 3 80978 0.1137
8 2 3 79395 0.112
8 2 3 77396 0.1109
8 2 3 76866 0.1103
8 2 3 75000 0.05499
8 2 3 75000 0.05583
8 2 3 75000 0.0553
8 2 3 75000 0.05567
8 2 3 74369 0.109
8 2 3 73091 0.1077
8 2 3 71016 0.1053
8 2 3 71016 0.1054
8 2 3 56910 0.09386
8 2 3 56389 0.09345
8 2 3 53983 0.08749
8 2 3 53186 0.08985
8 2 3 51211 0.08629
8 2 3 50180 0.08369
8 2 3 50000 0.03277
8 2 3 50000 0.03282
8 2 3 50000 0.03277
8 2 3 49633 0.08434
8 2 3 49507 0.0837
8 2 3 48796 0.08375
8 2 3 47810 0.08156
8 2 3 38399 0.06476
8 2 3 37693 0.06565
8 2 3 37453 0.06622
8 2 3 36929 0.06565
8 2 3 36628 0.06547
8 2 3 35666 0.06373
8 2 3 35073 0.06273
8 2 3 35000 0.0218
8 2 3 35000 0.02174
8 2 3 35000 0.02166
8 2 3 35000 0.02192
8 2 3 34414 0.0618
8 2 3 33009 0.05847
8 2 3 26584 0.04788
8 2 3 25578 0.04704
8 2 3 25413 0.04661
8 2 3 25089 0.04604
8 2 3 25000 0.01021
8 2 3 25000 0.01024
8 2 3 25000 0.0102
8 2 3 25000 0.01034
8 2 3 24891 0.04605
8 2 3 24672 0.04606
8 2 3 24419 0.04531
8 2 3 23663 0.04448
8 2 3 15453 0.03044
8 2 3 15324 0.02955
8 2 3 15164 0.02958
8 2 3 15012 0.02867
8 2 3 15000 0.00687
8 2 3 15000 0.006837
8 2 3 15000 0.006711
8 2 3 15000 0.00694
8 2 3 14959 0.0291
8 2 3 14912 0.02919
8 2 3 14725 0.02834
8 2 3 14578 0.02838
8 2 3 10259 0.0215
8 2 3 10254 0.02184
8 2 3 10158 0.02004
8 2 3 10083 0.02009
8 2 3 10052 0.02002
8 2 3 10000 0.005407
8 2 3 10000 0.005267
8 2 3 10000 0.005257
8 2 3 10000 0.005321
8 2 3 10000 0.005371
8 2 3 9994 0.01975
8 2 3 9977 0.01994
8 2 3 9905 0.01997
8 2 4 123773 0.2666
8 2 4 123035 0.2628
8 2 4 112435 0.1422
8 2 4 111707 0.143
8 2 4 106845 0.1378
8 2 4 105651 0.1372
8 2 4 103370 0.1357
8 2 4 100864 0.1301
8 2 4 100000 0.07527
8 2 4 100000 0.07588
8 2 4 100000 0.07617
8 2 4 100000 0.0756
8 2 4 94023 0.1266
8 2 4 94023 0.1266
8 2 4 93006 0.1243
8 2 4 90845 0.1225
8 2 4 87594 0.12
8 2 4 87100 0.1214
8 2 4 85000 0.06444
8 2 4 85000 0.06436
8 2 4 85000 0.0652
8 2 4 85000 0.06421
8 2 4 85000 0.06491
8 2 4 84751 0.1194
8 2 4 81505 0.1164
8 2 4 80813 0.1141
8 2 4 78566 0.1123
8 2 4 77711 0.1098
8 2 4 76964 0.1103
8 2 4 75000 0.05606
8 2 4 75000 0.05573
8 2 4 75000 0.05522
8 2 4 75000 0.05571
8 2 4 75000 0.05569
8 2 4 74505 0.107
8 2 4 70686 0.1046
8 2 4 66654 0.1015
8 2 4 62854 0.09754
8 2 4 55341 0.09008
8 2 4 54315 0.08925
8 2 4 52453 0.08784
8 2 4 52453 0.08824
8 2 4 50200 0.08427
8 2 4 50000 0.03262
8 2 4 50000 0.03282
8 2 4 50000 0.03267
8 2 4 50000 0.03295
8 2 4 48967 0.08199
8 2 4 48913 0.08236
8 2 4 45986 0.07936
8 2 4 39661 0.06794
8 2 4 38431 0.06597
8 2 4 38200 0.06545
8 2 4 36400 0.0644
8 2 4 36189 0.06416
8 2 4 35837 0.06497
8 2 4 35389 0.06399
8 2 4 35000 0.02184
8 2 4 35000 0.02167
8 2 4 35000 0.02179
8 2 4 35000 0.02167
8 2 4 34507 0.06134
8 2 4 27595 0.05078
8 2 4 27544 0.04935
8 2 4 25962 0.04772
8 2 4 25884 0.04753
8 2 4 25695 0.04749
8 2 4 25279 0.04662
8 2 4 25000 0.01014
8 2 4 25000 0.01022
8 2 4 25000 0.01006
8 2 4 25000 0.01035
8 2 4 24892 0.04571
8 2 4 24595 0.04536
8 2 4 23705 0.04397
8 2 4 15672 0.03
8 2 4 15448 0.03052
8 2 4 15320 0.0301
8 2 4 15172 0.02921
8 2 4 15000 0.006843
8 2 4 15000 0.006803
8 2 4 15000 0.006755
8 2 4 15000 0.006647
8 2 4 14973 0.02862
8 2 4 14900 0.02818
8 2 4 14835 0.02885
8 2 4 14784 0.02803
8 2 4 14497 0.0284
8 2 4 10190 0.02063
8 2 4 10160 0.0202
8 2 4 10091 0.01994
8 2 4 10071 0.02005
8 2 4 10021 0.02002
8 2 4 10000 0.005372
8 2 4 10000 0.005185
8 2 4 10000 0.005199
8 2 4 10000 0.005139
8 2 4 9942 0.0194
8 2 4 9899 0.01965
8 2 4 9871 0.01995
8 2 5 124896 0.27
8 2 5 120530 0.1503
8 2 5 119758 0.1504
8 2 5 116189 0.1475
8 2 5 111717 0.1433
8 2 5 110034 0.1423
8 2 5 107969 0.1398
8 2 5 100000 0.07543
8 2 5 100000 0.0761
8 2 5 100000 0.07576
8 2 5 100000 0.0755
8 2 5 100000 0.07611
8 2 5 99851 0.1313
8 2 5 94055 0.1273
8 2 5 93810 0.1259
8 2 5 92066 0.123
8 2 5 90894 0.1229
8 2 5 89055 0.1153
8 2 5 89055 0.1154
8 2 5 85567 0.1114
8 2 5 85000 0.06511
8 2 5 85000 0.06645
8 2 5 85000 0.06613
8 2 5 85000 0.06562
8 2 5 83856 0.1163
8 2 5 82811 0.114
8 2 5 81266 0.1129
8 2 5 79006 0.1128
8 2 5 75586 0.1089
8 2 5 75000 0.05577
8 2 5 75000 0.05637
8 2 5 75000 0.05619
8 2 5 75000 0.05536
8 2 5 74057 0.1075
8 2 5 73166 0.1075
8 2 5 72381 0.1073
8 2 5 63394 0.09859
8 2 5 58864 0.09422
8 2 5 57529 0.09451
8 2 5 56017 0.09199
8 2 5 54210 0.08997
8 2 5 53524 0.08985
8 2 5 52262 0.08799
8 2 5 50328 0.08515
8 2 5 50000 0.03289
8 2 5 50000 0.03287
8 2 5 50000 0.03247
8 2 5 50000 0.03273
8 2 5 49718 0.08365
8 2 5 48296 0.08232
8 2 5 39964 0.06877
8 2 5 38996 0.06793
8 2 5 38195 0.06723
8 2 5 37644 0.06469
8 2 5 36586 0.06433
8 2 5 36102 0.06465
8 2 5 35000 0.02197
8 2 5 35000 0.02178
8 2 5 35000 0.02176
8 2 5 35000 0.0217
8 2 5 34891 0.06266
8 2 5 33971 0.06125
8 2 5 28479 0.05161
8 2 5 27870 0.05159
8 2 5 26561 0.04746
8 2 5 25765 0.04724
8 2 5 25751 0.04822
8 2 5 25088 0.04665
8 2 5 25000 0.01035
8 2 5 25000 0.01032
8 2 5 25000 0.01031
8 2 5 25000 0.01026
8 2 5 24850 0.04602
8 2 5 24657 0.0468
8 2 5 24071 0.04509
8 2 5 15687 0.03102
8 2 5 15483 0.03088
8 2 5 15313 0.03018
8 2 5 15183 0.02924
8 2 5 15086 0.02943
8 2 5 15000 0.006852
8 2 5 15000 0.006904
8 2 5 15000 0.006759
8 2 5 15000 0.006786
8 2 5 14979 0.02956
8 2 5 14933 0.02906
8 2 5 14655 0.02884
8 2 5 14286 0.02776
8 2 5 10214 0.02076
8 2 5 10186 0.02106
8 2 5 10162 0.02061
8 2 5 10075 0.0205
8 2 5 10048 0.02019
8 2 5 10000 0.005259
8 2 5 10000 0.005261
8 2 5 10000 0.005287
8 2 5 10000 0.005286
8 2 5 9975 0.02016
8 2 5 9953 0.01997
8 2 5 9889 0.02015
