4 2 1 100000 0.1443
4 2 1 100000 0.1419
4 2 1 100000 0.1372
4 2 1 100000 0.1356
4 2 1 100000 0.1349
4 2 1 100000 0.1358
4 2 1 100000 0.135
4 2 1 100000 0.1347
4 2 1 100000 0.1347
4 2 1 100000 0.1351
4 2 1 100000 0.1359
4 2 1 100000 0.1246
4 2 1 100000 0.1038
4 2 1 100000 0.1048
4 2 1 100000 0.1055
4 2 1 100000 0.1045
4 2 1 100000 0.1066
4 2 1 100000 0.1023
4 2 1 100000 0.1033
4 2 1 100000 0.1016
4 2 1 100000 0.105
4 2 1 100000 0.104
4 2 1 100000 0.1005
4 2 1 100000 0.1041
4 2 1 100000 0.1037
4 2 1 85000 0.09365
4 2 1 85000 0.09567
4 2 1 85000 0.09366
4 2 1 85000 0.09395
4 2 1 85000 0.09291
4 2 1 85000 0.09411
4 2 1 85000 0.095
4 2 1 85000 0.09341
4 2 1 85000 0.09508
4 2 1 85000 0.09259
4 2 1 85000 0.09423
4 2 1 85000 0.0933
4 2 1 85000 0.09316
4 2 1 85000 0.09224
4 2 1 85000 0.09304
4 2 1 85000 0.08976
4 2 1 85000 0.09291
4 2 1 85000 0.09048
4 2 1 85000 0.09144
4 2 1 85000 0.08964
4 2 1 85000 0.09214
4 2 1 85000 0.09014
4 2 1 85000 0.0894
4 2 1 85000 0.09161
4 2 1 85000 0.09172
4 2 1 75000 0.08414
4 2 1 75000 0.08476
4 2 1 75000 0.08414
4 2 1 75000 0.08294
4 2 1 75000 0.08381
4 2 1 75000 0.08276
4 2 1 75000 0.08381
4 2 1 75000 0.08459
4 2 1 75000 0.08306
4 2 1 75000 0.08314
4 2 1 75000 0.08289
4 2 1 75000 0.08402
4 2 1 75000 0.08537
4 2 1 75000 0.08579
4 2 1 75000 0.08337
4 2 1 75000 0.08499
4 2 1 75000 0.08353
4 2 1 75000 0.0816
4 2 1 75000 0.08153
4 2 1 75000 0.08296
4 2 1 75000 0.08006
4 2 1 75000 0.08549
4 2 1 75000 0.08171
4 2 1 75000 0.08096
4 2 1 75000 0.08071
4 2 1 50000 0.05915
4 2 1 50000 0.06068
4 2 1 50000 0.05957
4 2 1 50000 0.0609
4 2 1 50000 0.06054
4 2 1 50000 0.06028
4 2 1 50000 0.06171
4 2 1 50000 0.06078
4 2 1 50000 0.06148
4 2 1 50000 0.06068
4 2 1 50000 0.06046
4 2 1 50000 0.05994
4 2 1 50000 0.06166
4 2 1 50000 0.06156
4 2 1 50000 0.06109
4 2 1 50000 0.06112
4 2 1 50000 0.06068
4 2 1 50000 0.05888
4 2 1 50000 0.06006
4 2 1 50000 0.05876
4 2 1 50000 0.05776
4 2 1 50000 0.06032
4 2 1 50000 0.05738
4 2 1 50000 0.05855
4 2 1 50000 0.0601
4 2 1 35000 0.04337
4 2 1 35000 0.04368
4 2 1 35000 0.04158
4 2 1 35000 0.04367
4 2 1 35000 0.04492
4 2 1 35000 0.04231
4 2 1 35000 0.04337
4 2 1 35000 0.04351
4 2 1 35000 0.04387
4 2 1 35000 0.04295
4 2 1 35000 0.0429
4 2 1 35000 0.04265
4 2 1 35000 0.04357
4 2 1 35000 0.04246
4 2 1 35000 0.04417
4 2 1 35000 0.04453
4 2 1 35000 0.04391
4 2 1 35000 0.04106
4 2 1 35000 0.04244
4 2 1 35000 0.04234
4 2 1 35000 0.04038
4 2 1 35000 0.0424
4 2 1 35000 0.04208
4 2 1 35000 0.04128
4 2 1 35000 0.04193
4 2 1 25000 0.02899
4 2 1 25000 0.02868
4 2 1 25000 0.02947
4 2 1 25000 0.02976
4 2 1 25000 0.02987
4 2 1 25000 0.02882
4 2 1 25000 0.03008
4 2 1 25000 0.02875
4 2 1 25000 0.02928
4 2 1 25000 0.02929
4 2 1 25000 0.02917
4 2 1 25000 0.02827
4 2 1 25000 0.02851
4 2 1 25000 0.02735
4 2 1 25000 0.02859
4 2 1 25000 0.02906
4 2 1 25000 0.02906
4 2 1 25000 0.02687
4 2 1 25000 0.02854
4 2 1 25000 0.02691
4 2 1 25000 0.02678
4 2 1 25000 0.02769
4 2 1 25000 0.02744
4 2 1 25000 0.02715
4 2 1 25000 0.02691
4 2 1 15000 0.01828
4 2 1 15000 0.01773
4 2 1 15000 0.01806
4 2 1 15000 0.01789
4 2 1 15000 0.01836
4 2 1 15000 0.0186
4 2 1 15000 0.01809
4 2 1 15000 0.0178
4 2 1 15000 0.01789
4 2 1 15000 0.01838
4 2 1 15000 0.01881
4 2 1 15000 0.01924
4 2 1 15000 0.01851
4 2 1 15000 0.01884
4 2 1 15000 0.01801
4 2 1 15000 0.01816
4 2 1 15000 0.01859
4 2 1 15000 0.01804
4 2 1 15000 0.01691
4 2 1 15000 0.01736
4 2 1 15000 0.01707
4 2 1 15000 0.01702
4 2 1 15000 0.01735
4 2 1 15000 0.01737
4 2 1 15000 0.01726
4 2 1 10000 0.01308
4 2 1 10000 0.01347
4 2 1 10000 0.01343
4 2 1 10000 0.01306
4 2 1 10000 0.01353
4 2 1 10000 0.01317
4 2 1 10000 0.0134
4 2 1 10000 0.01308
4 2 1 10000 0.01315
4 2 1 10000 0.01266
4 2 1 10000 0.01359
4 2 1 10000 0.01317
4 2 1 10000 0.01325
4 2 1 10000 0.01363
4 2 1 10000 0.01323
4 2 1 10000 0.01308
4 2 1 10000 0.01302
4 2 1 10000 0.01283
4 2 1 10000 0.0122
4 2 1 10000 0.0127
4 2 1 10000 0.01258
4 2 1 10000 0.01268
4 2 1 10000 0.01301
4 2 1 10000 0.01221
4 2 1 10000 0.01234
4 2 2 113159 0.1248
4 2 2 113045 0.1158
4 2 2 112764 0.1131
4 2 2 112749 0.1139
4 2 2 112603 0.1124
4 2 2 112044 0.1129
4 2 2 111974 0.1118
4 2 2 110229 0.1109
4 2 2 109497 0.1103
4 2 2 108531 0.1143
4 2 2 108531 0.1143
4 2 2 108302 0.1132
4 2 2 108244 0.1145
4 2 2 105928 0.1114
4 2 2 105277 0.1107
4 2 2 104823 0.1157
4 2 2 104128 0.1101
4 2 2 104128 0.11
4 2 2 101437 0.103
4 2 2 99067 0.105
4 2 2 98611 0.1052
4 2 2 97538 0.1055
4 2 2 97538 0.1057
4 2 2 97381 0.1031
4 2 2 94788 0.1012
4 2 2 94685 0.1037
4 2 2 94610 0.1029
4 2 2 94395 0.1006
4 2 2 94275 0.09859
4 2 2 93897 0.1004
4 2 2 93681 0.09806
4 2 2 93420 0.09762
4 2 2 93001 0.1017
4 2 2 92814 0.09829
4 2 2 91579 0.09956
4 2 2 90917 0.09768
4 2 2 89647 0.09154
4 2 2 89281 0.098
4 2 2 89084 0.09625
4 2 2 88799 0.09061
4 2 2 88423 0.09778
4 2 2 87426 0.09549
4 2 2 87337 0.09764
4 2 2 87048 0.09553
4 2 2 83963 0.0943
4 2 2 82883 0.09248
4 2 2 82883 0.09281
4 2 2 82554 0.09198
4 2 2 82467 0.08978
4 2 2 82377 0.08893
4 2 2 82325 0.09104
4 2 2 82245 0.08866
4 2 2 82155 0.08792
4 2 2 82011 0.09206
4 2 2 81713 0.08909
4 2 2 81684 0.09062
4 2 2 81656 0.09076
4 2 2 81315 0.09091
4 2 2 81228 0.08941
4 2 2 80133 0.08991
4 2 2 79928 0.0897
4 2 2 78471 0.08781
4 2 2 78019 0.0882
4 2 2 78004 0.0873
4 2 2 77761 0.08602
4 2 2 76629 0.08328
4 2 2 76629 0.08352
4 2 2 75828 0.0853
4 2 2 75203 0.08362
4 2 2 74738 0.08454
4 2 2 73947 0.0831
4 2 2 73931 0.08307
4 2 2 72791 0.08255
4 2 2 71627 0.08184
4 2 2 71271 0.07722
4 2 2 53375 0.06164
4 2 2 53368 0.06401
4 2 2 53332 0.06386
4 2 2 53313 0.0665
4 2 2 53296 0.06491
4 2 2 53254 0.06323
4 2 2 53224 0.06292
4 2 2 53200 0.06584
4 2 2 53167 0.06365
4 2 2 53145 0.06466
4 2 2 53123 0.06343
4 2 2 53039 0.0613
4 2 2 52937 0.06526
4 2 2 52812 0.06571
4 2 2 52163 0.06476
4 2 2 51760 0.06291
4 2 2 51320 0.06251
4 2 2 51245 0.06204
4 2 2 50208 0.06064
4 2 2 50107 0.06185
4 2 2 50026 0.06188
4 2 2 49706 0.05754
4 2 2 48632 0.06051
4 2 2 47648 0.06155
4 2 2 46444 0.05858
4 2 2 36662 0.04615
4 2 2 36662 0.0452
4 2 2 36662 0.04635
4 2 2 36661 0.0431
4 2 2 36638 0.04445
4 2 2 36597 0.04344
4 2 2 36587 0.04315
4 2 2 36572 0.0414
4 2 2 36564 0.04193
4 2 2 36552 0.04192
4 2 2 36547 0.04536
4 2 2 36518 0.04203
4 2 2 36502 0.0412
4 2 2 36190 0.04607
4 2 2 36120 0.04413
4 2 2 36004 0.04581
4 2 2 35875 0.04501
4 2 2 35869 0.04482
4 2 2 35612 0.04405
4 2 2 35262 0.04374
4 2 2 35005 0.04094
4 2 2 34998 0.04446
4 2 2 34650 0.04128
4 2 2 34378 0.04418
4 2 2 33551 0.03986
4 2 2 25842 0.03055
4 2 2 25833 0.03086
4 2 2 25831 0.03034
4 2 2 25824 0.02753
4 2 2 25817 0.03045
4 2 2 25815 0.02722
4 2 2 25790 0.02788
4 2 2 25774 0.02788
4 2 2 25752 0.02753
4 2 2 25744 0.02837
4 2 2 25698 0.02959
4 2 2 25537 0.02822
4 2 2 25487 0.02966
4 2 2 25370 0.02922
4 2 2 25269 0.02833
4 2 2 25198 0.02953
4 2 2 25198 0.02896
4 2 2 25140 0.02989
4 2 2 25053 0.02909
4 2 2 25046 0.0292
4 2 2 24899 0.02958
4 2 2 24614 0.02888
4 2 2 24528 0.02869
4 2 2 24355 0.02875
4 2 2 24190 0.02803
4 2 2 15303 0.01877
4 2 2 15303 0.01877
4 2 2 15302 0.01947
4 2 2 15302 0.01741
4 2 2 15296 0.01789
4 2 2 15295 0.01716
4 2 2 15294 0.01956
4 2 2 15294 0.01949
4 2 2 15290 0.01825
4 2 2 15289 0.01839
4 2 2 15284 0.01736
4 2 2 15277 0.01732
4 2 2 15247 0.01889
4 2 2 15220 0.01929
4 2 2 15213 0.01892
4 2 2 15074 0.01807
4 2 2 15000 0.01876
4 2 2 14951 0.01761
4 2 2 14951 0.0176
4 2 2 14904 0.01868
4 2 2 14864 0.01916
4 2 2 14864 0.01904
4 2 2 14787 0.01839
4 2 2 14740 0.01872
4 2 2 14736 0.01811
4 2 2 10134 0.01241
4 2 2 10133 0.01294
4 2 2 10133 0.0128
4 2 2 10133 0.0125
4 2 2 10132 0.01308
4 2 2 10131 0.01279
4 2 2 10130 0.01278
4 2 2 10129 0.01297
4 2 2 10128 0.01289
4 2 2 10127 0.01241
4 2 2 10123 0.01251
4 2 2 10122 0.01308
4 2 2 10111 0.01322
4 2 2 10110 0.01241
4 2 2 10092 0.01341
4 2 2 10070 0.0133
4 2 2 10069 0.01316
4 2 2 10064 0.01317
4 2 2 10034 0.01338
4 2 2 10021 0.01313
4 2 2 9995 0.01319
4 2 2 9945 0.01323
4 2 2 9943 0.01259
4 2 2 9919 0.01234
4 2 2 9858 0.01349
4 2 3 128092 0.1772
4 2 3 126308 0.1792
4 2 3 126103 0.1755
4 2 3 123916 0.1779
4 2 3 123500 0.1733
4 2 3 121484 0.1219
4 2 3 120649 0.1195
4 2 3 120055 0.118
4 2 3 118406 0.1214
4 2 3 115661 0.1169
4 2 3 115399 0.1197
4 2 3 114609 0.1148
4 2 3 113859 0.117
4 2 3 112956 0.1159
4 2 3 112185 0.1166
4 2 3 111690 0.1157
4 2 3 110884 0.1138
4 2 3 110655 0.1071
4 2 3 110143 0.1058
4 2 3 110143 0.1048
4 2 3 104685 0.112
4 2 3 104140 0.1074
4 2 3 103112 0.1061
4 2 3 102862 0.1192
4 2 3 102058 0.1045
4 2 3 100169 0.1043
4 2 3 99316 0.1027
4 2 3 99025 0.1036
4 2 3 98685 0.1039
4 2 3 97642 0.1014
4 2 3 97347 0.1016
4 2 3 96722 0.1004
4 2 3 94950 0.1002
4 2 3 94446 0.1023
4 2 3 93760 0.1009
4 2 3 93596 0.1013
4 2 3 92871 0.1002
4 2 3 91806 0.09658
4 2 3 90800 0.09436
4 2 3 90270 0.09909
4 2 3 90270 0.09938
4 2 3 90063 0.09264
4 2 3 89729 0.09526
4 2 3 89661 0.09392
4 2 3 88985 0.09695
4 2 3 88828 0.09468
4 2 3 88763 0.09536
4 2 3 88354 0.09659
4 2 3 88243 0.09154
4 2 3 88120 0.0945
4 2 3 87135 0.08939
4 2 3 87135 0.1105
4 2 3 86456 0.09349
4 2 3 85341 0.08949
4 2 3 84925 0.09052
4 2 3 83915 0.09136
4 2 3 83915 0.09124
4 2 3 83078 0.09203
4 2 3 83078 0.09244
4 2 3 82191 0.08927
4 2 3 82082 0.09047
4 2 3 81855 0.0861
4 2 3 81117 0.08933
4 2 3 80162 0.08805
4 2 3 79995 0.08991
4 2 3 79818 0.08745
4 2 3 78093 0.08315
4 2 3 77393 0.08674
4 2 3 75704 0.0852
4 2 3 74067 0.08058
4 2 3 73780 0.08381
4 2 3 73421 0.08126
4 2 3 72994 0.08202
4 2 3 70576 0.07888
4 2 3 65847 0.07626
4 2 3 56926 0.06996
4 2 3 56806 0.06822
4 2 3 56731 0.0669
4 2 3 56689 0.06559
4 2 3 56548 0.06606
4 2 3 56499 0.06487
4 2 3 56373 0.06851
4 2 3 56348 0.06764
4 2 3 56261 0.06543
4 2 3 55872 0.06587
4 2 3 55711 0.064
4 2 3 55544 0.06841
4 2 3 55070 0.0663
4 2 3 54406 0.06544
4 2 3 54406 0.06555
4 2 3 54336 0.06552
4 2 3 52641 0.06027
4 2 3 51977 0.06318
4 2 3 51736 0.06414
4 2 3 50220 0.05946
4 2 3 50082 0.05968
4 2 3 49478 0.06016
4 2 3 48320 0.06115
4 2 3 46434 0.058
4 2 3 46246 0.05645
4 2 3 38403 0.04554
4 2 3 38285 0.04614
4 2 3 38253 0.04424
4 2 3 38213 0.04595
4 2 3 38157 0.04372
4 2 3 38088 0.04478
4 2 3 37959 0.046
4 2 3 37545 0.04592
4 2 3 37314 0.04388
4 2 3 37303 0.04489
4 2 3 37247 0.04475
4 2 3 36873 0.04426
4 2 3 36747 0.04377
4 2 3 36671 0.04405
4 2 3 36659 0.04482
4 2 3 36550 0.04307
4 2 3 36489 0.04545
4 2 3 36330 0.0445
4 2 3 36232 0.04309
4 2 3 35882 0.04387
4 2 3 35789 0.04301
4 2 3 35673 0.0439
4 2 3 35135 0.04263
4 2 3 35103 0.04365
4 2 3 32804 0.03878
4 2 3 26671 0.02986
4 2 3 26643 0.03034
4 2 3 26606 0.02953
4 2 3 26578 0.02935
4 2 3 26555 0.03122
4 2 3 26425 0.02871
4 2 3 26159 0.03003
4 2 3 26078 0.03219
4 2 3 25977 0.02993
4 2 3 25921 0.03013
4 2 3 25857 0.02978
4 2 3 25829 0.03112
4 2 3 25628 0.02932
4 2 3 25580 0.02919
4 2 3 25537 0.0268
4 2 3 25192 0.03051
4 2 3 25030 0.0295
4 2 3 25028 0.02749
4 2 3 24922 0.02761
4 2 3 24877 0.02812
4 2 3 24603 0.02907
4 2 3 24494 0.02887
4 2 3 24139 0.02806
4 2 3 23868 0.027
4 2 3 23849 0.0286
4 2 3 15606 0.01922
4 2 3 15599 0.0185
4 2 3 15594 0.01833
4 2 3 15588 0.01851
4 2 3 15581 0.01833
4 2 3 15574 0.01783
4 2 3 15559 0.01947
4 2 3 15538 0.01787
4 2 3 15448 0.01916
4 2 3 15378 0.01927
4 2 3 15301 0.01909
4 2 3 15215 0.01767
4 2 3 15213 0.01862
4 2 3 15173 0.01813
4 2 3 15161 0.01913
4 2 3 15086 0.01936
4 2 3 15066 0.01817
4 2 3 15031 0.01821
4 2 3 15031 0.01831
4 2 3 15024 0.01887
4 2 3 14922 0.0176
4 2 3 14896 0.01802
4 2 3 14750 0.01842
4 2 3 14681 0.01869
4 2 3 14516 0.01847
4 2 3 10266 0.0123
4 2 3 10261 0.01392
4 2 3 10260 0.01383
4 2 3 10260 0.01299
4 2 3 10257 0.01375
4 2 3 10257 0.01303
4 2 3 10255 0.01269
4 2 3 10253 0.01441
4 2 3 10244 0.01318
4 2 3 10239 0.0134
4 2 3 10231 0.01354
4 2 3 10228 0.01357
4 2 3 10201 0.01398
4 2 3 10180 0.0133
4 2 3 10168 0.01363
4 2 3 10157 0.01341
4 2 3 10106 0.01316
4 2 3 10094 0.0129
4 2 3 10049 0.01253
4 2 3 10017 0.01269
4 2 3 9986 0.01334
4 2 3 9956 0.01362
4 2 3 9945 0.01331
4 2 3 9861 0.01343
4 2 3 9861 0.01345
4 2 4 143982 0.1917
4 2 4 141343 0.1768
4 2 4 141045 0.1997
4 2 4 140640 0.1867
4 2 4 138901 0.1919
4 2 4 134677 0.1848
4 2 4 133512 0.1867
4 2 4 132816 0.1859
4 2 4 130590 0.1882
4 2 4 129442 0.1804
4 2 4 128791 0.1847
4 2 4 126218 0.1847
4 2 4 125629 0.1847
4 2 4 122072 0.1234
4 2 4 122058 0.1235
4 2 4 117307 0.12
4 2 4 117169 0.1186
4 2 4 115943 0.1195
4 2 4 114927 0.1122
4 2 4 114666 0.1139
4 2 4 112239 0.1124
4 2 4 111282 0.1114
4 2 4 110609 0.1133
4 2 4 109965 0.115
4 2 4 109869 0.1094
4 2 4 108859 0.1113
4 2 4 108470 0.1105
4 2 4 106654 0.111
4 2 4 105686 0.108
4 2 4 104412 0.1103
4 2 4 104271 0.1073
4 2 4 102415 0.1067
4 2 4 101870 0.1074
4 2 4 101413 0.1032
4 2 4 100776 0.1068
4 2 4 99992 0.1044
4 2 4 99298 0.1012
4 2 4 98821 0.103
4 2 4 98598 0.09991
4 2 4 98226 0.1015
4 2 4 98221 0.1031
4 2 4 96856 0.1028
4 2 4 96470 0.09993
4 2 4 96411 0.1013
4 2 4 96064 0.1009
4 2 4 95987 0.1047
4 2 4 95805 0.0994
4 2 4 94821 0.09867
4 2 4 93356 0.09915
4 2 4 92446 0.09903
4 2 4 92110 0.09709
4 2 4 91074 0.09731
4 2 4 90181 0.09551
4 2 4 90181 0.09527
4 2 4 90078 0.09593
4 2 4 89762 0.09658
4 2 4 89286 0.09659
4 2 4 88062 0.09415
4 2 4 88021 0.09519
4 2 4 87975 0.09638
4 2 4 86334 0.09419
4 2 4 85912 0.09175
4 2 4 85912 0.09172
4 2 4 84564 0.09386
4 2 4 83402 0.08959
4 2 4 83377 0.09244
4 2 4 83159 0.08985
4 2 4 81137 0.08973
4 2 4 80880 0.08654
4 2 4 80285 0.08836
4 2 4 80285 0.0878
4 2 4 77991 0.08699
4 2 4 70531 0.08125
4 2 4 70197 0.07936
4 2 4 64918 0.07424
4 2 4 60518 0.07198
4 2 4 60363 0.07109
4 2 4 60259 0.07076
4 2 4 60166 0.06892
4 2 4 59963 0.07043
4 2 4 59810 0.06966
4 2 4 59429 0.07214
4 2 4 59289 0.0722
4 2 4 58991 0.07011
4 2 4 58687 0.06536
4 2 4 58235 0.06835
4 2 4 57294 0.06613
4 2 4 55980 0.06708
4 2 4 55896 0.06737
4 2 4 55863 0.06751
4 2 4 55446 0.06705
4 2 4 55123 0.06446
4 2 4 53488 0.06251
4 2 4 53303 0.0656
4 2 4 51605 0.06395
4 2 4 50657 0.06272
4 2 4 49483 0.05974
4 2 4 49073 0.05792
4 2 4 48873 0.0584
4 2 4 46112 0.0558
4 2 4 40208 0.04812
4 2 4 40019 0.04957
4 2 4 39984 0.04699
4 2 4 39887 0.04775
4 2 4 39862 0.04521
4 2 4 39723 0.04559
4 2 4 39692 0.04583
4 2 4 39001 0.04805
4 2 4 38726 0.04646
4 2 4 38545 0.04697
4 2 4 38393 0.04696
4 2 4 38206 0.04471
4 2 4 37951 0.04556
4 2 4 37859 0.04447
4 2 4 37620 0.04384
4 2 4 37479 0.04588
4 2 4 37425 0.04756
4 2 4 37185 0.04445
4 2 4 36807 0.04396
4 2 4 36775 0.04539
4 2 4 36566 0.04454
4 2 4 35962 0.04561
4 2 4 35186 0.04387
4 2 4 34700 0.04463
4 2 4 33361 0.03925
4 2 4 27609 0.03179
4 2 4 27531 0.02988
4 2 4 27477 0.02978
4 2 4 27458 0.02936
4 2 4 27414 0.02856
4 2 4 27380 0.0296
4 2 4 27079 0.0291
4 2 4 26867 0.03117
4 2 4 26843 0.03087
4 2 4 26474 0.03027
4 2 4 26442 0.03121
4 2 4 26335 0.02935
4 2 4 26129 0.03
4 2 4 26043 0.03044
4 2 4 25810 0.02835
4 2 4 25764 0.02875
4 2 4 25517 0.02866
4 2 4 25517 0.02889
4 2 4 25242 0.02819
4 2 4 25175 0.02868
4 2 4 24625 0.02941
4 2 4 24579 0.0285
4 2 4 24219 0.02804
4 2 4 24125 0.02761
4 2 4 24037 0.02799
4 2 4 15910 0.01904
4 2 4 15900 0.01853
4 2 4 15889 0.01808
4 2 4 15882 0.01828
4 2 4 15873 0.01817
4 2 4 15856 0.01855
4 2 4 15759 0.01994
4 2 4 15653 0.01952
4 2 4 15614 0.01983
4 2 4 15516 0.01831
4 2 4 15467 0.0194
4 2 4 15459 0.01904
4 2 4 15414 0.01939
4 2 4 15370 0.01809
4 2 4 15358 0.01811
4 2 4 15330 0.01793
4 2 4 15307 0.01888
4 2 4 15282 0.01819
4 2 4 15224 0.01835
4 2 4 15087 0.01885
4 2 4 15048 0.01883
4 2 4 15046 0.01926
4 2 4 14884 0.01776
4 2 4 14616 0.01829
4 2 4 14567 0.01835
4 2 4 10395 0.0138
4 2 4 10393 0.01385
4 2 4 10392 0.01355
4 2 4 10388 0.01335
4 2 4 10382 0.01308
4 2 4 10378 0.01402
4 2 4 10371 0.01368
4 2 4 10363 0.01409
4 2 4 10338 0.01384
4 2 4 10322 0.01413
4 2 4 10266 0.01372
4 2 4 10266 0.01371
4 2 4 10239 0.01288
4 2 4 10234 0.01358
4 2 4 10208 0.01337
4 2 4 10205 0.01375
4 2 4 10182 0.01296
4 2 4 10122 0.01345
4 2 4 10089 0.01384
4 2 4 10051 0.01262
4 2 4 10018 0.01304
4 2 4 9995 0.01326
4 2 4 9968 0.01289
4 2 4 9963 0.01294
4 2 4 9846 0.01309
4 2 5 162759 0.2124
4 2 5 158060 0.1995
4 2 5 157708 0.1958
4 2 5 157048 0.2026
4 2 5 152077 0.1941
4 2 5 152073 0.1977
4 2 5 150754 0.192
4 2 5 147126 0.1974
4 2 5 144352 0.1978
4 2 5 143018 0.1886
4 2 5 136560 0.192
4 2 5 133901 0.1786
4 2 5 133608 0.1909
4 2 5 129801 0.1911
4 2 5 128242 0.1879
4 2 5 126444 0.1765
4 2 5 124406 0.1856
4 2 5 123595 0.1746
4 2 5 122051 0.1216
4 2 5 121607 0.123
4 2 5 120258 0.1214
4 2 5 119894 0.1189
4 2 5 119281 0.1186
4 2 5 118711 0.1215
4 2 5 118543 0.1169
4 2 5 117610 0.1183
4 2 5 116676 0.1171
4 2 5 115784 0.1188
4 2 5 114595 0.117
4 2 5 113998 0.1178
4 2 5 113520 0.1145
4 2 5 112938 0.1154
4 2 5 112767 0.111
4 2 5 108715 0.1126
4 2 5 107913 0.1086
4 2 5 107356 0.1093
4 2 5 107329 0.1118
4 2 5 106466 0.1064
4 2 5 105134 0.1109
4 2 5 105107 0.1071
4 2 5 104985 0.1106
4 2 5 102840 0.1064
4 2 5 102459 0.1091
4 2 5 101185 0.1083
4 2 5 101043 0.1042
4 2 5 100656 0.104
4 2 5 100215 0.1051
4 2 5 99354 0.1046
4 2 5 97806 0.1031
4 2 5 97463 0.1044
4 2 5 96717 0.1045
4 2 5 96381 0.1025
4 2 5 96144 0.103
4 2 5 95135 0.09535
4 2 5 93430 0.09959
4 2 5 93430 0.09934
4 2 5 93117 0.09928
4 2 5 93070 0.09925
4 2 5 92998 0.09799
4 2 5 91749 0.1005
4 2 5 91293 0.09837
4 2 5 89359 0.09435
4 2 5 89288 0.09698
4 2 5 88794 0.09694
4 2 5 88407 0.09634
4 2 5 87351 0.09645
4 2 5 85885 0.09065
4 2 5 85869 0.09394
4 2 5 82839 0.09048
4 2 5 81305 0.08927
4 2 5 81305 0.08904
4 2 5 80699 0.08785
4 2 5 75081 0.0845
4 2 5 74667 0.08354
4 2 5 72398 0.0817
4 2 5 64215 0.07211
4 2 5 64120 0.07267
4 2 5 63907 0.07151
4 2 5 63712 0.0732
4 2 5 62840 0.07321
4 2 5 62788 0.07364
4 2 5 62601 0.07217
4 2 5 62095 0.07544
4 2 5 61360 0.0721
4 2 5 60661 0.07033
4 2 5 60525 0.0694
4 2 5 59188 0.06839
4 2 5 58972 0.07175
4 2 5 58716 0.0701
4 2 5 58343 0.07059
4 2 5 56568 0.06734
4 2 5 55610 0.06717
4 2 5 55071 0.06541
4 2 5 55027 0.06849
4 2 5 53945 0.06505
4 2 5 52407 0.06285
4 2 5 52125 0.06379
4 2 5 52078 0.06287
4 2 5 50649 0.06339
4 2 5 43842 0.05275
4 2 5 41885 0.04924
4 2 5 41782 0.04814
4 2 5 41657 0.0482
4 2 5 41577 0.04642
4 2 5 40853 0.04663
4 2 5 40814 0.04797
4 2 5 40376 0.0492
4 2 5 40166 0.04806
4 2 5 39892 0.04851
4 2 5 39793 0.04862
4 2 5 39759 0.04764
4 2 5 39729 0.04895
4 2 5 39511 0.04759
4 2 5 39367 0.04659
4 2 5 39249 0.04903
4 2 5 38997 0.0474
4 2 5 38854 0.048
4 2 5 38045 0.04422
4 2 5 37475 0.04467
4 2 5 37238 0.04521
4 2 5 36558 0.04513
4 2 5 36532 0.04541
4 2 5 36187 0.04506
4 2 5 35515 0.04488
4 2 5 34890 0.04169
4 2 5 28477 0.02998
4 2 5 28408 0.03029
4 2 5 28355 0.03115
4 2 5 28282 0.03052
4 2 5 28278 0.0306
4 2 5 27729 0.03192
4 2 5 27729 0.03192
4 2 5 27357 0.03207
4 2 5 27245 0.0308
4 2 5 27007 0.0306
4 2 5 26728 0.02999
4 2 5 26604 0.03103
4 2 5 26556 0.03192
4 2 5 26480 0.0311
4 2 5 26242 0.0307
4 2 5 26039 0.03004
4 2 5 26001 0.03103
4 2 5 25935 0.03
4 2 5 25426 0.03008
4 2 5 25331 0.0285
4 2 5 25330 0.02853
4 2 5 25145 0.02894
4 2 5 24819 0.02872
4 2 5 24447 0.02907
4 2 5 23734 0.02817
4 2 5 16225 0.01781
4 2 5 16201 0.0194
4 2 5 16195 0.01843
4 2 5 16187 0.01857
4 2 5 16181 0.01875
4 2 5 15988 0.02018
4 2 5 15988 0.02016
4 2 5 15929 0.01994
4 2 5 15776 0.0185
4 2 5 15730 0.01945
4 2 5 15728 0.01963
4 2 5 15662 0.01927
4 2 5 15644 0.01779
4 2 5 15635 0.01916
4 2 5 15618 0.01896
4 2 5 15583 0.01947
4 2 5 15521 0.01975
4 2 5 15497 0.01988
4 2 5 15351 0.0192
4 2 5 15255 0.01884
4 2 5 15244 0.01889
4 2 5 15242 0.01898
4 2 5 15162 0.01882
4 2 5 15037 0.01869
4 2 5 14588 0.0191
4 2 5 10532 0.01383
4 2 5 10528 0.01324
4 2 5 10526 0.01356
4 2 5 10520 0.01313
4 2 5 10512 0.01325
4 2 5 10488 0.01393
4 2 5 10485 0.01483
4 2 5 10442 0.01434
4 2 5 10432 0.01412
4 2 5 10402 0.01436
4 2 5 10374 0.01356
4 2 5 10352 0.01419
4 2 5 10335 0.01456
4 2 5 10329 0.01349
4 2 5 10316 0.01302
4 2 5 10246 0.01381
4 2 5 10220 0.01385
4 2 5 10205 0.01423
4 2 5 10165 0.01313
4 2 5 10142 0.0132
4 2 5 10108 0.01319
4 2 5 10102 0.01311
4 2 5 10097 0.01365
4 2 5 9858 0.01309
4 2 5 9858 0.01299
