16 3 1 100000 0.1727
16 3 1 100000 0.1683
16 3 1 100000 0.1486
16 3 1 100000 0.129
16 3 1 100000 0.1294
16 3 1 100000 0.1306
16 3 1 85000 0.1145
16 3 1 85000 0.1145
16 3 1 85000 0.1149
16 3 1 85000 0.1144
16 3 1 85000 0.1149
16 3 1 85000 0.1131
16 3 1 85000 0.1146
16 3 1 75000 0.1061
16 3 1 75000 0.1065
16 3 1 75000 0.107
16 3 1 75000 0.1066
16 3 1 75000 0.1062
16 3 1 75000 0.1063
16 3 1 50000 0.08218
16 3 1 50000 0.0826
16 3 1 50000 0.0829
16 3 1 50000 0.0843
16 3 1 50000 0.08295
16 3 1 50000 0.08217
16 3 1 50000 0.08373
16 3 1 35000 0.06175
16 3 1 35000 0.06172
16 3 1 35000 0.06243
16 3 1 35000 0.0617
16 3 1 35000 0.06096
16 3 1 25000 0.04648
16 3 1 25000 0.0463
16 3 1 25000 0.04699
16 3 1 25000 0.04584
16 3 1 25000 0.04625
16 3 1 25000 0.0464
16 3 1 15000 0.02784
16 3 1 15000 0.02805
16 3 1 15000 0.02803
16 3 1 15000 0.02832
16 3 1 15000 0.02846
16 3 1 15000 0.02836
16 3 1 15000 0.02839
16 3 1 10000 0.01928
16 3 1 10000 0.01948
16 3 1 10000 0.01914
16 3 1 10000 0.01935
16 3 1 10000 0.01927
16 3 1 10000 0.01918
16 3 2 109735 0.1388
16 3 2 107144 0.1365
16 3 2 102244 0.1315
16 3 2 98911 0.124
16 3 2 94781 0.1235
16 3 2 94594 0.1265
16 3 2 93375 0.1184
16 3 2 89911 0.1206
16 3 2 89811 0.1192
16 3 2 86789 0.1166
16 3 2 82575 0.1112
16 3 2 82547 0.1131
16 3 2 81231 0.1113
16 3 2 80362 0.1106
16 3 2 79026 0.1097
16 3 2 77482 0.1091
16 3 2 76162 0.1082
16 3 2 74834 0.1064
16 3 2 72533 0.1038
16 3 2 52970 0.08716
16 3 2 52319 0.08579
16 3 2 51928 0.08488
16 3 2 50778 0.08343
16 3 2 50005 0.08151
16 3 2 46785 0.07928
16 3 2 36662 0.06373
16 3 2 36662 0.06375
16 3 2 36312 0.06317
16 3 2 36050 0.06343
16 3 2 34705 0.0604
16 3 2 34460 0.06051
16 3 2 33502 0.05914
16 3 2 25844 0.04751
16 3 2 25822 0.04658
16 3 2 25451 0.04612
16 3 2 24949 0.04616
16 3 2 24392 0.04579
16 3 2 24115 0.04518
16 3 2 15280 0.02916
16 3 2 15212 0.02861
16 3 2 15105 0.02855
16 3 2 15034 0.02833
16 3 2 14960 0.02835
16 3 2 14763 0.02763
16 3 2 10128 0.01978
16 3 2 10109 0.0199
16 3 2 10048 0.01961
16 3 2 10013 0.0191
16 3 2 9984 0.01962
16 3 2 9871 0.01954
16 3 3 117323 0.1441
16 3 3 113530 0.1425
16 3 3 104365 0.1305
16 3 3 103340 0.1311
16 3 3 96759 0.1255
16 3 3 95043 0.1229
16 3 3 93835 0.1224
16 3 3 91994 0.1208
16 3 3 90869 0.1198
16 3 3 87023 0.1134
16 3 3 86441 0.1159
16 3 3 84371 0.113
16 3 3 83748 0.1109
16 3 3 81689 0.1111
16 3 3 80247 0.1087
16 3 3 78165 0.1091
16 3 3 77526 0.1077
16 3 3 74301 0.104
16 3 3 71381 0.1034
16 3 3 55431 0.08688
16 3 3 53966 0.08776
16 3 3 52100 0.0852
16 3 3 52080 0.08535
16 3 3 49428 0.08123
16 3 3 46539 0.07793
16 3 3 38161 0.06577
16 3 3 37492 0.06403
16 3 3 36524 0.06323
16 3 3 34921 0.05966
16 3 3 34899 0.06077
16 3 3 33507 0.05827
16 3 3 33077 0.05803
16 3 3 25805 0.04673
16 3 3 25681 0.04652
16 3 3 25312 0.046
16 3 3 24664 0.04579
16 3 3 24525 0.04628
16 3 3 15538 0.02934
16 3 3 15499 0.02965
16 3 3 15423 0.029
16 3 3 15264 0.02855
16 3 3 15094 0.02815
16 3 3 14950 0.02797
16 3 3 14913 0.02788
16 3 3 10253 0.02085
16 3 3 10125 0.01977
16 3 3 10102 0.01979
16 3 3 10080 0.01941
16 3 3 10012 0.01939
16 3 3 9970 0.01899
16 3 4 120770 0.1497
16 3 4 118409 0.1473
16 3 4 113496 0.142
16 3 4 99666 0.1288
16 3 4 98141 0.1276
16 3 4 96873 0.1256
16 3 4 95342 0.126
16 3 4 94190 0.1245
16 3 4 93775 0.1228
16 3 4 91154 0.1208
16 3 4 90239 0.1198
16 3 4 85368 0.1164
16 3 4 84660 0.1145
16 3 4 82146 0.1171
16 3 4 82074 0.1172
16 3 4 78196 0.1102
16 3 4 76008 0.1074
16 3 4 75955 0.1085
16 3 4 66154 0.09976
16 3 4 57610 0.09113
16 3 4 55600 0.08894
16 3 4 55242 0.09023
16 3 4 50779 0.08463
16 3 4 49662 0.08381
16 3 4 47795 0.07971
16 3 4 39967 0.06847
16 3 4 38262 0.06768
16 3 4 36586 0.06302
16 3 4 35887 0.06378
16 3 4 34887 0.06288
16 3 4 34181 0.06134
16 3 4 27065 0.05214
16 3 4 26989 0.05008
16 3 4 25887 0.0477
16 3 4 25612 0.04858
16 3 4 25348 0.04716
16 3 4 24892 0.04807
16 3 4 24413 0.04714
16 3 4 15672 0.03104
16 3 4 15351 0.03096
16 3 4 15267 0.03033
16 3 4 15141 0.03001
16 3 4 14860 0.02961
16 3 4 14727 0.0291
16 3 4 10260 0.02154
16 3 4 10217 0.02068
16 3 4 10188 0.02048
16 3 4 10043 0.01991
16 3 4 9967 0.01991
16 3 4 9909 0.02002
16 3 5 125596 0.2657
16 3 5 122167 0.1489
16 3 5 112385 0.141
16 3 5 107226 0.1355
16 3 5 100121 0.1295
16 3 5 99486 0.1287
16 3 5 97937 0.1266
16 3 5 97380 0.1266
16 3 5 95096 0.1252
16 3 5 94283 0.1233
16 3 5 90579 0.1206
16 3 5 89987 0.12
16 3 5 86745 0.1171
16 3 5 85404 0.1151
16 3 5 81138 0.1114
16 3 5 79196 0.1107
16 3 5 76258 0.1069
16 3 5 72852 0.1045
16 3 5 69393 0.1039
16 3 5 57967 0.09231
16 3 5 55630 0.08962
16 3 5 53032 0.08708
16 3 5 52652 0.08636
16 3 5 50937 0.08347
16 3 5 49823 0.07994
16 3 5 49562 0.08126
16 3 5 38315 0.06547
16 3 5 36767 0.06306
16 3 5 35628 0.06362
16 3 5 34340 0.06078
16 3 5 32547 0.05838
16 3 5 27584 0.05158
16 3 5 26624 0.04894
16 3 5 26210 0.0474
16 3 5 25785 0.04845
16 3 5 25209 0.04731
16 3 5 24139 0.04598
16 3 5 23295 0.04396
16 3 5 15576 0.03081
16 3 5 15415 0.0308
16 3 5 15303 0.02932
16 3 5 15156 0.02997
16 3 5 14947 0.02939
16 3 5 14455 0.02822
16 3 5 10235 0.02065
16 3 5 10208 0.02056
16 3 5 10150 0.02061
16 3 5 10114 0.02059
16 3 5 10056 0.01993
16 3 5 9916 0.02013
