16 0 1 100000 0.1137
16 0 1 100000 0.1085
16 0 1 100000 0.1037
16 0 1 100000 0.1006
16 0 1 100000 0.1028
16 0 1 100000 0.1047
16 0 1 85000 0.09058
16 0 1 85000 0.09277
16 0 1 85000 0.0934
16 0 1 85000 0.09284
16 0 1 85000 0.09046
16 0 1 85000 0.09089
16 0 1 85000 0.09024
16 0 1 75000 0.08095
16 0 1 75000 0.08233
16 0 1 75000 0.08283
16 0 1 75000 0.08364
16 0 1 75000 0.08241
16 0 1 50000 0.05922
16 0 1 50000 0.05897
16 0 1 50000 0.06174
16 0 1 50000 0.05974
16 0 1 50000 0.05916
16 0 1 50000 0.06276
16 0 1 50000 0.05772
16 0 1 35000 0.04292
16 0 1 35000 0.04285
16 0 1 35000 0.0429
16 0 1 35000 0.04188
16 0 1 35000 0.04056
16 0 1 35000 0.04122
16 0 1 25000 0.02858
16 0 1 25000 0.02724
16 0 1 25000 0.02734
16 0 1 25000 0.02822
16 0 1 25000 0.02903
16 0 1 25000 0.02878
16 0 1 25000 0.02727
16 0 1 15000 0.0176
16 0 1 15000 0.01792
16 0 1 15000 0.01786
16 0 1 15000 0.01757
16 0 1 15000 0.01721
16 0 1 15000 0.01707
16 0 1 10000 0.01241
16 0 1 10000 0.01285
16 0 1 10000 0.01226
16 0 1 10000 0.01234
16 0 1 10000 0.01252
16 0 1 10000 0.01272
16 0 2 113437 0.1161
16 0 2 113044 0.1141
16 0 2 112915 0.113
16 0 2 112805 0.1134
16 0 2 112309 0.113
16 0 2 111854 0.113
16 0 2 94575 0.09784
16 0 2 94462 0.09967
16 0 2 94351 0.097
16 0 2 94283 0.09747
16 0 2 94034 0.09812
16 0 2 92579 0.0967
16 0 2 82497 0.08625
16 0 2 82458 0.08977
16 0 2 82423 0.09014
16 0 2 82323 0.08659
16 0 2 82238 0.08861
16 0 2 82053 0.08869
16 0 2 78325 0.0866
16 0 2 53326 0.06276
16 0 2 53292 0.06048
16 0 2 53244 0.06304
16 0 2 53192 0.0606
16 0 2 53151 0.06103
16 0 2 36662 0.04335
16 0 2 36645 0.04348
16 0 2 36617 0.04352
16 0 2 36611 0.0431
16 0 2 36597 0.04399
16 0 2 36580 0.04266
16 0 2 35087 0.04153
16 0 2 25842 0.02846
16 0 2 25829 0.02902
16 0 2 25820 0.02785
16 0 2 25814 0.02906
16 0 2 25803 0.02844
16 0 2 25753 0.02809
16 0 2 15304 0.0178
16 0 2 15302 0.0179
16 0 2 15300 0.01706
16 0 2 15299 0.01736
16 0 2 15297 0.01733
16 0 2 15289 0.01762
16 0 2 15261 0.01759
16 0 2 10134 0.01242
16 0 2 10133 0.01221
16 0 2 10132 0.0126
16 0 2 10130 0.01234
16 0 2 10128 0.01298
16 0 2 10126 0.01216
16 0 3 127710 0.1828
16 0 3 126990 0.1852
16 0 3 125700 0.1802
16 0 3 124024 0.1873
16 0 3 121269 0.1201
16 0 3 117624 0.1176
16 0 3 117197 0.1171
16 0 3 104495 0.1063
16 0 3 104273 0.1072
16 0 3 102820 0.1067
16 0 3 101944 0.106
16 0 3 99108 0.1025
16 0 3 90478 0.09652
16 0 3 90303 0.08988
16 0 3 90048 0.09548
16 0 3 89805 0.09526
16 0 3 88059 0.09436
16 0 3 87138 0.09384
16 0 3 56846 0.06774
16 0 3 56823 0.06725
16 0 3 56694 0.06821
16 0 3 56652 0.06577
16 0 3 56515 0.06659
16 0 3 55932 0.06485
16 0 3 50919 0.06204
16 0 3 38296 0.05157
16 0 3 38275 0.05235
16 0 3 38243 0.05413
16 0 3 38160 0.0544
16 0 3 37750 0.0529
16 0 3 36638 0.05061
16 0 3 26693 0.03329
16 0 3 26682 0.03396
16 0 3 26659 0.03327
16 0 3 26641 0.0334
16 0 3 26633 0.03285
16 0 3 26579 0.03307
16 0 3 15603 0.0205
16 0 3 15603 0.0204
16 0 3 15601 0.02022
16 0 3 15595 0.02026
16 0 3 15589 0.02019
16 0 3 15588 0.02084
16 0 3 15557 0.02044
16 0 3 10270 0.01418
16 0 3 10266 0.0142
16 0 3 10263 0.01447
16 0 3 10259 0.01414
16 0 3 10258 0.01452
16 0 3 10255 0.01451
16 0 3 10006 0.01373
16 0 4 143763 0.2369
16 0 4 142520 0.2345
16 0 4 141218 0.2371
16 0 4 138350 0.233
16 0 4 136374 0.2285
16 0 4 132417 0.2298
16 0 4 131271 0.2173
16 0 4 115816 0.1504
16 0 4 115131 0.1557
16 0 4 114088 0.1511
16 0 4 112426 0.1498
16 0 4 109771 0.1477
16 0 4 99048 0.1354
16 0 4 98578 0.1356
16 0 4 98493 0.1315
16 0 4 97908 0.1318
16 0 4 96657 0.1319
16 0 4 95376 0.1304
16 0 4 60408 0.08795
16 0 4 60400 0.08795
16 0 4 60288 0.08583
16 0 4 60173 0.08583
16 0 4 60047 0.08672
16 0 4 59417 0.08627
16 0 4 54087 0.07983
16 0 4 40061 0.05501
16 0 4 39987 0.05539
16 0 4 39883 0.0557
16 0 4 39593 0.05482
16 0 4 39331 0.05472
16 0 4 38290 0.05268
16 0 4 27559 0.03465
16 0 4 27523 0.03273
16 0 4 27514 0.03466
16 0 4 27507 0.03323
16 0 4 27456 0.03377
16 0 4 27365 0.03305
16 0 4 15917 0.01999
16 0 4 15907 0.02024
16 0 4 15900 0.02127
16 0 4 15880 0.02115
16 0 4 15867 0.02036
16 0 4 15847 0.01966
16 0 4 15841 0.02025
16 0 4 10401 0.0146
16 0 4 10396 0.01444
16 0 4 10392 0.01487
16 0 4 10387 0.01513
16 0 4 10377 0.01504
16 0 4 10365 0.01468
16 0 4 10137 0.01401
16 0 5 161761 0.2508
16 0 5 160515 0.2477
16 0 5 158927 0.2412
16 0 5 155623 0.2406
16 0 5 153182 0.2409
16 0 5 149035 0.2453
16 0 5 129573 0.2238
16 0 5 128083 0.2215
16 0 5 127527 0.2242
16 0 5 126684 0.2214
16 0 5 125777 0.2155
16 0 5 123357 0.2173
16 0 5 108570 0.144
16 0 5 108073 0.145
16 0 5 107966 0.1453
16 0 5 107583 0.1327
16 0 5 106650 0.1411
16 0 5 105006 0.1393
16 0 5 101954 0.1341
16 0 5 64212 0.08869
16 0 5 64082 0.08903
16 0 5 63966 0.08832
16 0 5 63721 0.09099
16 0 5 62971 0.08993
16 0 5 41910 0.05708
16 0 5 41817 0.05758
16 0 5 41750 0.05611
16 0 5 41644 0.05681
16 0 5 41282 0.05555
16 0 5 40537 0.05419
16 0 5 39920 0.05299
16 0 5 28417 0.03312
16 0 5 28403 0.03413
16 0 5 28389 0.03444
16 0 5 28347 0.03338
16 0 5 28297 0.03315
16 0 5 27992 0.03274
16 0 5 16222 0.01986
16 0 5 16208 0.02068
16 0 5 16190 0.02017
16 0 5 16174 0.02017
16 0 5 16153 0.02029
16 0 5 16144 0.01986
16 0 5 10538 0.0138
16 0 5 10535 0.01407
16 0 5 10530 0.01433
16 0 5 10524 0.01422
16 0 5 10518 0.01482
16 0 5 10509 0.01493
16 0 5 10497 0.01416
