4 2 1 100000 0.1193
4 2 1 100000 0.1127
4 2 1 100000 0.1106
4 2 1 100000 0.1089
4 2 1 100000 0.1094
4 2 1 100000 0.1083
4 2 1 100000 0.111
4 2 1 100000 0.1093
4 2 1 100000 0.1092
4 2 1 100000 0.1101
4 2 1 100000 0.1109
4 2 1 100000 0.1098
4 2 1 100000 0.1113
4 2 1 100000 0.1121
4 2 1 100000 0.1098
4 2 1 100000 0.1093
4 2 1 100000 0.1106
4 2 1 100000 0.109
4 2 1 100000 0.1038
4 2 1 100000 0.1074
4 2 1 100000 0.1092
4 2 1 100000 0.1067
4 2 1 100000 0.1076
4 2 1 100000 0.1049
4 2 1 100000 0.106
4 2 1 85000 0.098
4 2 1 85000 0.09836
4 2 1 85000 0.09915
4 2 1 85000 0.09668
4 2 1 85000 0.09891
4 2 1 85000 0.09568
4 2 1 85000 0.09726
4 2 1 85000 0.09608
4 2 1 85000 0.09578
4 2 1 85000 0.096
4 2 1 85000 0.09591
4 2 1 85000 0.09223
4 2 1 85000 0.09234
4 2 1 85000 0.09714
4 2 1 85000 0.09696
4 2 1 85000 0.09558
4 2 1 85000 0.09558
4 2 1 85000 0.09233
4 2 1 85000 0.0937
4 2 1 85000 0.09444
4 2 1 85000 0.09408
4 2 1 85000 0.09442
4 2 1 85000 0.09318
4 2 1 85000 0.09472
4 2 1 85000 0.09481
4 2 1 75000 0.08741
4 2 1 75000 0.08427
4 2 1 75000 0.0854
4 2 1 75000 0.0875
4 2 1 75000 0.08719
4 2 1 75000 0.08637
4 2 1 75000 0.0834
4 2 1 75000 0.08751
4 2 1 75000 0.08811
4 2 1 75000 0.08726
4 2 1 75000 0.08646
4 2 1 75000 0.08833
4 2 1 75000 0.08663
4 2 1 75000 0.08731
4 2 1 75000 0.08737
4 2 1 75000 0.08676
4 2 1 75000 0.08691
4 2 1 75000 0.08528
4 2 1 75000 0.08459
4 2 1 75000 0.08402
4 2 1 75000 0.0837
4 2 1 75000 0.08394
4 2 1 75000 0.0847
4 2 1 75000 0.08685
4 2 1 75000 0.08563
4 2 1 50000 0.06309
4 2 1 50000 0.06248
4 2 1 50000 0.06383
4 2 1 50000 0.06244
4 2 1 50000 0.0635
4 2 1 50000 0.06297
4 2 1 50000 0.06263
4 2 1 50000 0.06183
4 2 1 50000 0.06422
4 2 1 50000 0.06364
4 2 1 50000 0.06306
4 2 1 50000 0.06347
4 2 1 50000 0.06291
4 2 1 50000 0.06296
4 2 1 50000 0.06271
4 2 1 50000 0.06225
4 2 1 50000 0.06445
4 2 1 50000 0.06206
4 2 1 50000 0.05888
4 2 1 50000 0.06073
4 2 1 50000 0.06188
4 2 1 50000 0.05771
4 2 1 50000 0.05869
4 2 1 50000 0.06042
4 2 1 50000 0.06163
4 2 1 35000 0.04595
4 2 1 35000 0.04294
4 2 1 35000 0.0443
4 2 1 35000 0.0441
4 2 1 35000 0.04476
4 2 1 35000 0.04391
4 2 1 35000 0.04414
4 2 1 35000 0.04377
4 2 1 35000 0.04486
4 2 1 35000 0.04359
4 2 1 35000 0.04507
4 2 1 35000 0.04564
4 2 1 35000 0.04501
4 2 1 35000 0.04556
4 2 1 35000 0.04603
4 2 1 35000 0.04532
4 2 1 35000 0.04382
4 2 1 35000 0.04356
4 2 1 35000 0.04356
4 2 1 35000 0.04267
4 2 1 35000 0.04308
4 2 1 35000 0.04211
4 2 1 35000 0.04247
4 2 1 35000 0.04187
4 2 1 35000 0.0433
4 2 1 25000 0.03021
4 2 1 25000 0.029
4 2 1 25000 0.02997
4 2 1 25000 0.02875
4 2 1 25000 0.0296
4 2 1 25000 0.02949
4 2 1 25000 0.02925
4 2 1 25000 0.02831
4 2 1 25000 0.02867
4 2 1 25000 0.02738
4 2 1 25000 0.02858
4 2 1 25000 0.02898
4 2 1 25000 0.02933
4 2 1 25000 0.02902
4 2 1 25000 0.02957
4 2 1 25000 0.02847
4 2 1 25000 0.02768
4 2 1 25000 0.02797
4 2 1 25000 0.02756
4 2 1 25000 0.02772
4 2 1 25000 0.0269
4 2 1 25000 0.02801
4 2 1 25000 0.02719
4 2 1 25000 0.02763
4 2 1 25000 0.0284
4 2 1 15000 0.01817
4 2 1 15000 0.0185
4 2 1 15000 0.01819
4 2 1 15000 0.01764
4 2 1 15000 0.01791
4 2 1 15000 0.01851
4 2 1 15000 0.01855
4 2 1 15000 0.01931
4 2 1 15000 0.01837
4 2 1 15000 0.01884
4 2 1 15000 0.01803
4 2 1 15000 0.01812
4 2 1 15000 0.01844
4 2 1 15000 0.01903
4 2 1 15000 0.01876
4 2 1 15000 0.01804
4 2 1 15000 0.01798
4 2 1 15000 0.0171
4 2 1 15000 0.01745
4 2 1 15000 0.01732
4 2 1 15000 0.01711
4 2 1 15000 0.01792
4 2 1 15000 0.01738
4 2 1 15000 0.01755
4 2 1 15000 0.01703
4 2 1 10000 0.01333
4 2 1 10000 0.01298
4 2 1 10000 0.01318
4 2 1 10000 0.01294
4 2 1 10000 0.01294
4 2 1 10000 0.01247
4 2 1 10000 0.01333
4 2 1 10000 0.01286
4 2 1 10000 0.01298
4 2 1 10000 0.01354
4 2 1 10000 0.01305
4 2 1 10000 0.01443
4 2 1 10000 0.01281
4 2 1 10000 0.01307
4 2 1 10000 0.01342
4 2 1 10000 0.01328
4 2 1 10000 0.01269
4 2 1 10000 0.01261
4 2 1 10000 0.0129
4 2 1 10000 0.0121
4 2 1 10000 0.0122
4 2 1 10000 0.01255
4 2 1 10000 0.01274
4 2 1 10000 0.01228
4 2 1 10000 0.01242
4 2 2 113159 0.13
4 2 2 113045 0.1213
4 2 2 112764 0.1155
4 2 2 112749 0.1167
4 2 2 112603 0.1148
4 2 2 112044 0.1171
4 2 2 111974 0.1153
4 2 2 110229 0.1129
4 2 2 109497 0.1157
4 2 2 108531 0.118
4 2 2 108531 0.1144
4 2 2 108302 0.1177
4 2 2 108244 0.1184
4 2 2 105928 0.1142
4 2 2 105277 0.1143
4 2 2 104823 0.1186
4 2 2 104128 0.1135
4 2 2 104128 0.1137
4 2 2 101437 0.1055
4 2 2 99067 0.1072
4 2 2 98611 0.1097
4 2 2 97538 0.1077
4 2 2 97538 0.1079
4 2 2 97381 0.1073
4 2 2 94788 0.105
4 2 2 94685 0.1077
4 2 2 94610 0.1053
4 2 2 94395 0.1033
4 2 2 94275 0.1019
4 2 2 93897 0.1025
4 2 2 93681 0.1017
4 2 2 93420 0.09954
4 2 2 93001 0.1042
4 2 2 92814 0.1013
4 2 2 91579 0.1032
4 2 2 90917 0.1009
4 2 2 89647 0.09476
4 2 2 89281 0.1013
4 2 2 89084 0.1006
4 2 2 88799 0.0906
4 2 2 88423 0.1009
4 2 2 87426 0.09479
4 2 2 87337 0.1006
4 2 2 87048 0.0976
4 2 2 83963 0.09785
4 2 2 82883 0.09604
4 2 2 82883 0.09577
4 2 2 82554 0.09566
4 2 2 82467 0.09155
4 2 2 82377 0.09169
4 2 2 82325 0.09348
4 2 2 82245 0.09204
4 2 2 82155 0.09097
4 2 2 82011 0.09518
4 2 2 81713 0.09152
4 2 2 81684 0.09342
4 2 2 81656 0.09329
4 2 2 81315 0.09479
4 2 2 81228 0.0933
4 2 2 80133 0.09285
4 2 2 79928 0.09292
4 2 2 78471 0.09155
4 2 2 78019 0.09209
4 2 2 78004 0.09113
4 2 2 77761 0.08943
4 2 2 76629 0.08576
4 2 2 76629 0.08575
4 2 2 75828 0.088
4 2 2 75203 0.08657
4 2 2 74738 0.0872
4 2 2 73947 0.08653
4 2 2 73931 0.0862
4 2 2 72791 0.08528
4 2 2 71627 0.08437
4 2 2 71271 0.08008
4 2 2 53375 0.06433
4 2 2 53368 0.06677
4 2 2 53332 0.06668
4 2 2 53313 0.06757
4 2 2 53296 0.06663
4 2 2 53254 0.06488
4 2 2 53224 0.06497
4 2 2 53200 0.06821
4 2 2 53167 0.06529
4 2 2 53145 0.06717
4 2 2 53123 0.06537
4 2 2 53039 0.06376
4 2 2 52937 0.0674
4 2 2 52812 0.06675
4 2 2 52163 0.06693
4 2 2 51760 0.06522
4 2 2 51320 0.06433
4 2 2 51245 0.06411
4 2 2 50208 0.06224
4 2 2 50107 0.06371
4 2 2 50026 0.06415
4 2 2 49706 0.05915
4 2 2 48632 0.06253
4 2 2 47648 0.0626
4 2 2 46444 0.05985
4 2 2 36662 0.04632
4 2 2 36662 0.04545
4 2 2 36662 0.04612
4 2 2 36661 0.04459
4 2 2 36638 0.04557
4 2 2 36597 0.04453
4 2 2 36587 0.04499
4 2 2 36572 0.04258
4 2 2 36564 0.04292
4 2 2 36552 0.04309
4 2 2 36547 0.04634
4 2 2 36518 0.04311
4 2 2 36502 0.04224
4 2 2 36190 0.04703
4 2 2 36120 0.04494
4 2 2 36004 0.0469
4 2 2 35875 0.04592
4 2 2 35869 0.04575
4 2 2 35612 0.04488
4 2 2 35262 0.04476
4 2 2 35005 0.0421
4 2 2 34998 0.04519
4 2 2 34650 0.042
4 2 2 34378 0.04472
4 2 2 33551 0.04023
4 2 2 25842 0.03057
4 2 2 25833 0.031
4 2 2 25831 0.03033
4 2 2 25824 0.02745
4 2 2 25817 0.03032
4 2 2 25815 0.02699
4 2 2 25790 0.02972
4 2 2 25774 0.02755
4 2 2 25752 0.02713
4 2 2 25744 0.02831
4 2 2 25698 0.02956
4 2 2 25537 0.02889
4 2 2 25487 0.02982
4 2 2 25370 0.02954
4 2 2 25269 0.02899
4 2 2 25198 0.02963
4 2 2 25198 0.02948
4 2 2 25140 0.03002
4 2 2 25053 0.02928
4 2 2 25046 0.0295
4 2 2 24899 0.02954
4 2 2 24614 0.02855
4 2 2 24528 0.0285
4 2 2 24355 0.02889
4 2 2 24190 0.02804
4 2 2 15303 0.01853
4 2 2 15303 0.01856
4 2 2 15302 0.01951
4 2 2 15302 0.01787
4 2 2 15296 0.01813
4 2 2 15295 0.01768
4 2 2 15294 0.01857
4 2 2 15294 0.01851
4 2 2 15290 0.01809
4 2 2 15289 0.01807
4 2 2 15284 0.01746
4 2 2 15277 0.01756
4 2 2 15247 0.01875
4 2 2 15220 0.01929
4 2 2 15213 0.01896
4 2 2 15074 0.01823
4 2 2 15000 0.01885
4 2 2 14951 0.01744
4 2 2 14951 0.01752
4 2 2 14904 0.01839
4 2 2 14864 0.01909
4 2 2 14864 0.01899
4 2 2 14787 0.01833
4 2 2 14740 0.01871
4 2 2 14736 0.01819
4 2 2 10134 0.01273
4 2 2 10133 0.0133
4 2 2 10133 0.01321
4 2 2 10133 0.013
4 2 2 10132 0.01296
4 2 2 10131 0.01274
4 2 2 10130 0.01283
4 2 2 10129 0.01261
4 2 2 10128 0.01274
4 2 2 10127 0.01296
4 2 2 10123 0.01246
4 2 2 10122 0.0131
4 2 2 10111 0.01308
4 2 2 10110 0.01232
4 2 2 10092 0.01334
4 2 2 10070 0.01315
4 2 2 10069 0.01313
4 2 2 10064 0.01322
4 2 2 10034 0.01335
4 2 2 10021 0.01308
4 2 2 9995 0.01301
4 2 2 9945 0.01323
4 2 2 9943 0.01252
4 2 2 9919 0.01209
4 2 2 9858 0.0134
4 2 3 128092 0.1789
4 2 3 126308 0.1831
4 2 3 126103 0.1786
4 2 3 123916 0.1826
4 2 3 123500 0.1791
4 2 3 121484 0.1251
4 2 3 120649 0.1225
4 2 3 120055 0.1202
4 2 3 118406 0.1253
4 2 3 115661 0.1201
4 2 3 115399 0.1248
4 2 3 114609 0.1197
4 2 3 113859 0.1193
4 2 3 112956 0.1196
4 2 3 112185 0.1206
4 2 3 111690 0.1199
4 2 3 110884 0.1178
4 2 3 110655 0.1115
4 2 3 110143 0.1101
4 2 3 110143 0.1102
4 2 3 104685 0.1164
4 2 3 104140 0.109
4 2 3 103112 0.1088
4 2 3 102862 0.1122
4 2 3 102058 0.1079
4 2 3 100169 0.1083
4 2 3 99316 0.1068
4 2 3 99025 0.1072
4 2 3 98685 0.1079
4 2 3 97642 0.1054
4 2 3 97347 0.1044
4 2 3 96722 0.102
4 2 3 94950 0.103
4 2 3 94446 0.106
4 2 3 93760 0.1041
4 2 3 93596 0.1049
4 2 3 92871 0.1045
4 2 3 91806 0.09973
4 2 3 90800 0.09728
4 2 3 90270 0.1022
4 2 3 90270 0.1029
4 2 3 90063 0.09327
4 2 3 89729 0.09794
4 2 3 89661 0.09712
4 2 3 88985 0.09968
4 2 3 88828 0.09736
4 2 3 88763 0.09871
4 2 3 88354 0.1002
4 2 3 88243 0.0941
4 2 3 88120 0.09743
4 2 3 87135 0.09251
4 2 3 87135 0.09239
4 2 3 86456 0.09334
4 2 3 85341 0.09265
4 2 3 84925 0.09405
4 2 3 83915 0.09498
4 2 3 83915 0.09502
4 2 3 83078 0.09535
4 2 3 83078 0.09507
4 2 3 82191 0.09243
4 2 3 82082 0.09348
4 2 3 81855 0.08941
4 2 3 81117 0.09213
4 2 3 80162 0.09076
4 2 3 79995 0.09349
4 2 3 79818 0.09114
4 2 3 78093 0.0864
4 2 3 77393 0.08958
4 2 3 75704 0.08856
4 2 3 74067 0.08356
4 2 3 73780 0.0866
4 2 3 73421 0.08411
4 2 3 72994 0.08477
4 2 3 70576 0.08072
4 2 3 65847 0.07649
4 2 3 56926 0.07212
4 2 3 56806 0.0701
4 2 3 56731 0.06874
4 2 3 56689 0.06757
4 2 3 56548 0.06851
4 2 3 56499 0.0673
4 2 3 56373 0.07013
4 2 3 56348 0.07031
4 2 3 56261 0.0677
4 2 3 55872 0.06829
4 2 3 55711 0.06572
4 2 3 55544 0.0706
4 2 3 55070 0.06821
4 2 3 54406 0.06795
4 2 3 54406 0.06741
4 2 3 54336 0.06616
4 2 3 52641 0.06286
4 2 3 51977 0.06537
4 2 3 51736 0.06617
4 2 3 50220 0.05984
4 2 3 50082 0.0605
4 2 3 49478 0.06199
4 2 3 48320 0.06312
4 2 3 46434 0.0595
4 2 3 46246 0.05807
4 2 3 38403 0.04661
4 2 3 38285 0.04718
4 2 3 38253 0.04558
4 2 3 38213 0.04701
4 2 3 38157 0.04529
4 2 3 38088 0.04593
4 2 3 37959 0.04721
4 2 3 37545 0.04701
4 2 3 37314 0.04478
4 2 3 37303 0.04631
4 2 3 37247 0.04567
4 2 3 36873 0.04534
4 2 3 36747 0.04472
4 2 3 36671 0.04507
4 2 3 36659 0.04562
4 2 3 36550 0.04381
4 2 3 36489 0.04668
4 2 3 36330 0.04538
4 2 3 36232 0.04393
4 2 3 35882 0.04493
4 2 3 35789 0.04414
4 2 3 35673 0.04512
4 2 3 35135 0.04387
4 2 3 35103 0.04419
4 2 3 32804 0.03928
4 2 3 26671 0.02996
4 2 3 26643 0.03013
4 2 3 26606 0.02888
4 2 3 26578 0.0289
4 2 3 26555 0.0307
4 2 3 26425 0.02842
4 2 3 26159 0.02974
4 2 3 26078 0.03222
4 2 3 25977 0.03
4 2 3 25921 0.02984
4 2 3 25857 0.02965
4 2 3 25829 0.03115
4 2 3 25628 0.02945
4 2 3 25580 0.02972
4 2 3 25537 0.02741
4 2 3 25192 0.03093
4 2 3 25030 0.02964
4 2 3 25028 0.02797
4 2 3 24922 0.02792
4 2 3 24877 0.02838
4 2 3 24603 0.02925
4 2 3 24494 0.02892
4 2 3 24139 0.02808
4 2 3 23868 0.02707
4 2 3 23849 0.02871
4 2 3 15606 0.01893
4 2 3 15599 0.01822
4 2 3 15594 0.01829
4 2 3 15588 0.01861
4 2 3 15581 0.01875
4 2 3 15574 0.01781
4 2 3 15559 0.01953
4 2 3 15538 0.01775
4 2 3 15448 0.01943
4 2 3 15378 0.01928
4 2 3 15301 0.01889
4 2 3 15215 0.01776
4 2 3 15213 0.0186
4 2 3 15173 0.01835
4 2 3 15161 0.0192
4 2 3 15086 0.01909
4 2 3 15066 0.01793
4 2 3 15031 0.01835
4 2 3 15031 0.01842
4 2 3 15024 0.01875
4 2 3 14922 0.01763
4 2 3 14896 0.01798
4 2 3 14750 0.01878
4 2 3 14681 0.01892
4 2 3 14516 0.01834
4 2 3 10266 0.01258
4 2 3 10261 0.01405
4 2 3 10260 0.01423
4 2 3 10260 0.01343
4 2 3 10257 0.01397
4 2 3 10257 0.01368
4 2 3 10255 0.01334
4 2 3 10253 0.0144
4 2 3 10244 0.01325
4 2 3 10239 0.01319
4 2 3 10231 0.01346
4 2 3 10228 0.01322
4 2 3 10201 0.0141
4 2 3 10180 0.01343
4 2 3 10168 0.01362
4 2 3 10157 0.01335
4 2 3 10106 0.0131
4 2 3 10094 0.01285
4 2 3 10049 0.01244
4 2 3 10017 0.01266
4 2 3 9986 0.01336
4 2 3 9956 0.01366
4 2 3 9945 0.01315
4 2 3 9861 0.01329
4 2 3 9861 0.01332
4 2 4 143982 0.1937
4 2 4 141343 0.1784
4 2 4 141045 0.2044
4 2 4 140640 0.1911
4 2 4 138901 0.196
4 2 4 134677 0.1889
4 2 4 133512 0.1902
4 2 4 132816 0.1899
4 2 4 130590 0.1925
4 2 4 129442 0.1839
4 2 4 128791 0.1883
4 2 4 126218 0.1886
4 2 4 125629 0.1889
4 2 4 122072 0.1269
4 2 4 122058 0.1273
4 2 4 117307 0.1234
4 2 4 117169 0.1235
4 2 4 115943 0.123
4 2 4 114927 0.116
4 2 4 114666 0.1158
4 2 4 112239 0.1155
4 2 4 111282 0.1154
4 2 4 110609 0.117
4 2 4 109965 0.1194
4 2 4 109869 0.1123
4 2 4 108859 0.1148
4 2 4 108470 0.1147
4 2 4 106654 0.1144
4 2 4 105686 0.108
4 2 4 104412 0.1137
4 2 4 104271 0.1118
4 2 4 102415 0.1109
4 2 4 101870 0.111
4 2 4 101413 0.1073
4 2 4 100776 0.1107
4 2 4 99992 0.1078
4 2 4 99298 0.1037
4 2 4 98821 0.1048
4 2 4 98598 0.1043
4 2 4 98226 0.1039
4 2 4 98221 0.1067
4 2 4 96856 0.107
4 2 4 96470 0.1038
4 2 4 96411 0.1048
4 2 4 96064 0.104
4 2 4 95987 0.1084
4 2 4 95805 0.1024
4 2 4 94821 0.1
4 2 4 93356 0.1024
4 2 4 92446 0.1017
4 2 4 92110 0.1005
4 2 4 91074 0.1008
4 2 4 90181 0.09912
4 2 4 90181 0.09936
4 2 4 90078 0.099
4 2 4 89762 0.1004
4 2 4 89286 0.09983
4 2 4 88062 0.0972
4 2 4 88021 0.09827
4 2 4 87975 0.09934
4 2 4 86334 0.09699
4 2 4 85912 0.09506
4 2 4 85912 0.09449
4 2 4 84564 0.09627
4 2 4 83402 0.09258
4 2 4 83377 0.09554
4 2 4 83159 0.09312
4 2 4 81137 0.09196
4 2 4 80880 0.08845
4 2 4 80285 0.09182
4 2 4 80285 0.091
4 2 4 77991 0.08963
4 2 4 70531 0.08407
4 2 4 70197 0.08294
4 2 4 64918 0.07785
4 2 4 60518 0.0743
4 2 4 60363 0.07302
4 2 4 60259 0.07301
4 2 4 60166 0.07207
4 2 4 59963 0.07144
4 2 4 59810 0.07053
4 2 4 59429 0.07412
4 2 4 59289 0.07494
4 2 4 58991 0.07213
4 2 4 58687 0.06599
4 2 4 58235 0.06994
4 2 4 57294 0.06784
4 2 4 55980 0.06871
4 2 4 55896 0.06961
4 2 4 55863 0.07043
4 2 4 55446 0.06916
4 2 4 55123 0.06497
4 2 4 53488 0.06388
4 2 4 53303 0.06777
4 2 4 51605 0.06587
4 2 4 50657 0.06482
4 2 4 49483 0.06131
4 2 4 49073 0.05993
4 2 4 48873 0.06067
4 2 4 46112 0.05726
4 2 4 40208 0.0493
4 2 4 40019 0.05103
4 2 4 39984 0.04838
4 2 4 39887 0.04948
4 2 4 39862 0.04627
4 2 4 39723 0.04691
4 2 4 39692 0.04723
4 2 4 39001 0.04964
4 2 4 38726 0.04801
4 2 4 38545 0.04835
4 2 4 38393 0.04801
4 2 4 38206 0.04609
4 2 4 37951 0.04703
4 2 4 37859 0.04573
4 2 4 37620 0.04486
4 2 4 37479 0.04706
4 2 4 37425 0.04843
4 2 4 37185 0.0454
4 2 4 36807 0.045
4 2 4 36775 0.04672
4 2 4 36566 0.04567
4 2 4 35962 0.04644
4 2 4 35186 0.04489
4 2 4 34700 0.04518
4 2 4 33361 0.0399
4 2 4 27609 0.03197
4 2 4 27531 0.03024
4 2 4 27477 0.03013
4 2 4 27458 0.02978
4 2 4 27414 0.02903
4 2 4 27380 0.02996
4 2 4 27079 0.02908
4 2 4 26867 0.03152
4 2 4 26843 0.03116
4 2 4 26474 0.03021
4 2 4 26442 0.03063
4 2 4 26335 0.02921
4 2 4 26129 0.03008
4 2 4 26043 0.03019
4 2 4 25810 0.02834
4 2 4 25764 0.02892
4 2 4 25517 0.02929
4 2 4 25517 0.02927
4 2 4 25242 0.02843
4 2 4 25175 0.02882
4 2 4 24625 0.02916
4 2 4 24579 0.02872
4 2 4 24219 0.02814
4 2 4 24125 0.02739
4 2 4 24037 0.02793
4 2 4 15910 0.01931
4 2 4 15900 0.01867
4 2 4 15889 0.01837
4 2 4 15882 0.01858
4 2 4 15873 0.01848
4 2 4 15856 0.0184
4 2 4 15759 0.02006
4 2 4 15653 0.01949
4 2 4 15614 0.01975
4 2 4 15516 0.01842
4 2 4 15467 0.01953
4 2 4 15459 0.01906
4 2 4 15414 0.01935
4 2 4 15370 0.01831
4 2 4 15358 0.01841
4 2 4 15330 0.01788
4 2 4 15307 0.01904
4 2 4 15282 0.0182
4 2 4 15224 0.01853
4 2 4 15087 0.01887
4 2 4 15048 0.01881
4 2 4 15046 0.01941
4 2 4 14884 0.01769
4 2 4 14616 0.0183
4 2 4 14567 0.01841
4 2 4 10395 0.01325
4 2 4 10393 0.01353
4 2 4 10392 0.01383
4 2 4 10388 0.01335
4 2 4 10382 0.01334
4 2 4 10378 0.01423
4 2 4 10371 0.01356
4 2 4 10363 0.01421
4 2 4 10338 0.01389
4 2 4 10322 0.01436
4 2 4 10266 0.01391
4 2 4 10266 0.0139
4 2 4 10239 0.01284
4 2 4 10234 0.01351
4 2 4 10208 0.01334
4 2 4 10205 0.01364
4 2 4 10182 0.01281
4 2 4 10122 0.01338
4 2 4 10089 0.01375
4 2 4 10051 0.01255
4 2 4 10018 0.01297
4 2 4 9995 0.01324
4 2 4 9968 0.01282
4 2 4 9963 0.01269
4 2 4 9846 0.01297
4 2 5 162759 0.2115
4 2 5 158060 0.2025
4 2 5 157708 0.1986
4 2 5 157048 0.2044
4 2 5 152077 0.197
4 2 5 152073 0.2021
4 2 5 150754 0.1955
4 2 5 147126 0.1976
4 2 5 144352 0.2027
4 2 5 143018 0.1908
4 2 5 136560 0.1964
4 2 5 133901 0.1831
4 2 5 133608 0.1953
4 2 5 129801 0.1957
4 2 5 128242 0.1926
4 2 5 126444 0.1803
4 2 5 124406 0.1896
4 2 5 123595 0.179
4 2 5 122051 0.1247
4 2 5 121607 0.1274
4 2 5 120258 0.1262
4 2 5 119894 0.1222
4 2 5 119281 0.1219
4 2 5 118711 0.1263
4 2 5 118543 0.1214
4 2 5 117610 0.1228
4 2 5 116676 0.121
4 2 5 115784 0.123
4 2 5 114595 0.1211
4 2 5 113998 0.1223
4 2 5 113520 0.1195
4 2 5 112938 0.1184
4 2 5 112767 0.1148
4 2 5 108715 0.1134
4 2 5 107913 0.1088
4 2 5 107356 0.112
4 2 5 107329 0.1156
4 2 5 106466 0.1095
4 2 5 105134 0.1147
4 2 5 105107 0.1109
4 2 5 104985 0.1149
4 2 5 102840 0.1096
4 2 5 102459 0.1106
4 2 5 101185 0.1111
4 2 5 101043 0.1079
4 2 5 100656 0.1077
4 2 5 100215 0.1095
4 2 5 99354 0.1087
4 2 5 97806 0.106
4 2 5 97463 0.1082
4 2 5 96717 0.1082
4 2 5 96381 0.1064
4 2 5 96144 0.1068
4 2 5 95135 0.09926
4 2 5 93430 0.1026
4 2 5 93430 0.1024
4 2 5 93117 0.1034
4 2 5 93070 0.103
4 2 5 92998 0.101
4 2 5 91749 0.104
4 2 5 91293 0.1012
4 2 5 89359 0.09786
4 2 5 89288 0.1009
4 2 5 88794 0.09983
4 2 5 88407 0.09955
4 2 5 87351 0.1002
4 2 5 85885 0.09358
4 2 5 85869 0.09736
4 2 5 82839 0.09448
4 2 5 81305 0.09241
4 2 5 81305 0.09278
4 2 5 80699 0.08854
4 2 5 75081 0.08646
4 2 5 74667 0.08412
4 2 5 72398 0.08318
4 2 5 64215 0.07384
4 2 5 64120 0.07536
4 2 5 63907 0.07377
4 2 5 63712 0.07578
4 2 5 62840 0.07568
4 2 5 62788 0.07602
4 2 5 62601 0.07485
4 2 5 62095 0.07774
4 2 5 61360 0.07438
4 2 5 60661 0.07279
4 2 5 60525 0.07159
4 2 5 59188 0.07034
4 2 5 58972 0.07456
4 2 5 58716 0.07228
4 2 5 58343 0.07271
4 2 5 56568 0.06959
4 2 5 55610 0.06987
4 2 5 55071 0.06757
4 2 5 55027 0.07114
4 2 5 53945 0.06719
4 2 5 52407 0.06535
4 2 5 52125 0.06541
4 2 5 52078 0.06516
4 2 5 50649 0.06568
4 2 5 43842 0.05426
4 2 5 41885 0.05182
4 2 5 41782 0.05061
4 2 5 41657 0.05041
4 2 5 41577 0.04868
4 2 5 40853 0.04737
4 2 5 40814 0.04896
4 2 5 40376 0.0505
4 2 5 40166 0.04932
4 2 5 39892 0.05005
4 2 5 39793 0.04989
4 2 5 39759 0.04888
4 2 5 39729 0.05019
4 2 5 39511 0.04848
4 2 5 39367 0.0479
4 2 5 39249 0.05027
4 2 5 38997 0.04859
4 2 5 38854 0.04889
4 2 5 38045 0.04549
4 2 5 37475 0.04563
4 2 5 37238 0.0464
4 2 5 36558 0.04613
4 2 5 36532 0.04646
4 2 5 36187 0.04592
4 2 5 35515 0.04616
4 2 5 34890 0.04271
4 2 5 28477 0.02937
4 2 5 28408 0.03056
4 2 5 28355 0.03106
4 2 5 28282 0.03009
4 2 5 28278 0.03066
4 2 5 27729 0.03198
4 2 5 27729 0.0321
4 2 5 27357 0.0328
4 2 5 27245 0.03127
4 2 5 27007 0.03084
4 2 5 26728 0.03006
4 2 5 26604 0.03022
4 2 5 26556 0.03159
4 2 5 26480 0.03059
4 2 5 26242 0.03035
4 2 5 26039 0.02969
4 2 5 26001 0.03093
4 2 5 25935 0.02997
4 2 5 25426 0.03042
4 2 5 25331 0.02874
4 2 5 25330 0.02898
4 2 5 25145 0.02944
4 2 5 24819 0.02904
4 2 5 24447 0.02913
4 2 5 23734 0.02856
4 2 5 16225 0.01792
4 2 5 16201 0.01953
4 2 5 16195 0.01858
4 2 5 16187 0.0185
4 2 5 16181 0.01875
4 2 5 15988 0.02039
4 2 5 15988 0.02048
4 2 5 15929 0.01993
4 2 5 15776 0.01869
4 2 5 15730 0.01955
4 2 5 15728 0.01966
4 2 5 15662 0.01952
4 2 5 15644 0.01814
4 2 5 15635 0.01921
4 2 5 15618 0.0191
4 2 5 15583 0.01941
4 2 5 15521 0.01964
4 2 5 15497 0.01999
4 2 5 15351 0.01934
4 2 5 15255 0.01893
4 2 5 15244 0.01903
4 2 5 15242 0.01889
4 2 5 15162 0.0189
4 2 5 15037 0.01871
4 2 5 14588 0.01908
4 2 5 10532 0.0131
4 2 5 10528 0.01349
4 2 5 10526 0.01341
4 2 5 10520 0.01342
4 2 5 10512 0.01323
4 2 5 10488 0.01406
4 2 5 10485 0.01504
4 2 5 10442 0.01449
4 2 5 10432 0.01437
4 2 5 10402 0.01458
4 2 5 10374 0.01362
4 2 5 10352 0.01426
4 2 5 10335 0.01468
4 2 5 10329 0.01362
4 2 5 10316 0.01319
4 2 5 10246 0.01405
4 2 5 10220 0.0136
4 2 5 10205 0.01417
4 2 5 10165 0.01319
4 2 5 10142 0.01314
4 2 5 10108 0.01307
4 2 5 10102 0.01309
4 2 5 10097 0.01351
4 2 5 9858 0.01296
4 2 5 9858 0.0128
