16 1 1 100000 0.1381
16 1 1 100000 0.1341
16 1 1 100000 0.1326
16 1 1 100000 0.1321
16 1 1 100000 0.1088
16 1 1 100000 0.09847
16 1 1 100000 0.1011
16 1 1 85000 0.09589
16 1 1 85000 0.1156
16 1 1 85000 0.1137
16 1 1 85000 0.1159
16 1 1 85000 0.1165
16 1 1 75000 0.1016
16 1 1 75000 0.1024
16 1 1 75000 0.09002
16 1 1 75000 0.08078
16 1 1 75000 0.08069
16 1 1 75000 0.07806
16 1 1 75000 0.07757
16 1 1 50000 0.0571
16 1 1 50000 0.05859
16 1 1 50000 0.05975
16 1 1 50000 0.05747
16 1 1 50000 0.06063
16 1 1 50000 0.05684
16 1 1 35000 0.04191
16 1 1 35000 0.04153
16 1 1 35000 0.0403
16 1 1 35000 0.04099
16 1 1 35000 0.04191
16 1 1 35000 0.04187
16 1 1 25000 0.02764
16 1 1 25000 0.02767
16 1 1 25000 0.02783
16 1 1 25000 0.02743
16 1 1 25000 0.02772
16 1 1 25000 0.02795
16 1 1 25000 0.02667
16 1 1 15000 0.01764
16 1 1 15000 0.01668
16 1 1 15000 0.01751
16 1 1 15000 0.01761
16 1 1 15000 0.02106
16 1 1 15000 0.01708
16 1 1 10000 0.01208
16 1 1 10000 0.01231
16 1 1 10000 0.01249
16 1 1 10000 0.01262
16 1 1 10000 0.01237
16 1 1 10000 0.01258
16 1 2 113441 0.1482
16 1 2 113063 0.1418
16 1 2 113044 0.1104
16 1 2 112895 0.105
16 1 2 112662 0.1089
16 1 2 112446 0.1101
16 1 2 94667 0.099
16 1 2 94475 0.09898
16 1 2 94374 0.09718
16 1 2 94283 0.09651
16 1 2 94034 0.09758
16 1 2 93879 0.09637
16 1 2 93601 0.09687
16 1 2 82472 0.09118
16 1 2 82458 0.08842
16 1 2 82419 0.087
16 1 2 82288 0.08679
16 1 2 82173 0.08851
16 1 2 82053 0.08799
16 1 2 53371 0.06601
16 1 2 53331 0.06362
16 1 2 53293 0.06386
16 1 2 53265 0.06338
16 1 2 53210 0.06469
16 1 2 53151 0.06253
16 1 2 36662 0.04386
16 1 2 36647 0.04397
16 1 2 36614 0.04215
16 1 2 36603 0.04371
16 1 2 36580 0.0429
16 1 2 36568 0.04313
16 1 2 36158 0.04418
16 1 2 25836 0.02843
16 1 2 25828 0.02927
16 1 2 25817 0.02956
16 1 2 25806 0.02918
16 1 2 25797 0.02971
16 1 2 25771 0.02808
16 1 2 15301 0.01746
16 1 2 15299 0.01897
16 1 2 15298 0.01853
16 1 2 15297 0.01855
16 1 2 15287 0.01826
16 1 2 15268 0.01737
16 1 2 10133 0.01313
16 1 2 10132 0.01298
16 1 2 10131 0.01264
16 1 2 10128 0.01288
16 1 2 10127 0.01297
16 1 2 9983 0.01222
16 1 3 128260 0.174
16 1 3 127942 0.1775
16 1 3 127704 0.1765
16 1 3 127688 0.1815
16 1 3 127229 0.1768
16 1 3 125687 0.1807
16 1 3 119407 0.1141
16 1 3 104907 0.101
16 1 3 104759 0.1057
16 1 3 104589 0.1065
16 1 3 104380 0.1031
16 1 3 104062 0.1035
16 1 3 90709 0.09371
16 1 3 90637 0.09492
16 1 3 90540 0.09328
16 1 3 90406 0.09368
16 1 3 90369 0.09424
16 1 3 90166 0.0959
16 1 3 88287 0.08799
16 1 3 56902 0.0651
16 1 3 56873 0.0678
16 1 3 56815 0.06469
16 1 3 56785 0.06494
16 1 3 56637 0.06311
16 1 3 56563 0.06748
16 1 3 38369 0.04532
16 1 3 38335 0.0441
16 1 3 38308 0.04565
16 1 3 38291 0.04383
16 1 3 38260 0.04468
16 1 3 38234 0.04441
16 1 3 37804 0.0442
16 1 3 26692 0.02892
16 1 3 26673 0.02961
16 1 3 26661 0.02908
16 1 3 26656 0.02918
16 1 3 26637 0.03099
16 1 3 26628 0.02865
16 1 3 15603 0.01901
16 1 3 15601 0.01748
16 1 3 15599 0.01784
16 1 3 15593 0.01884
16 1 3 15584 0.01841
16 1 3 15562 0.01855
16 1 3 10269 0.01293
16 1 3 10266 0.01343
16 1 3 10261 0.01316
16 1 3 10260 0.01343
16 1 3 10259 0.01253
16 1 3 10115 0.01267
16 1 4 145389 0.1889
16 1 4 144500 0.1865
16 1 4 144149 0.1853
16 1 4 143679 0.1789
16 1 4 143327 0.1796
16 1 4 137762 0.1829
16 1 4 117012 0.1137
16 1 4 116546 0.1129
16 1 4 116342 0.1123
16 1 4 116156 0.1133
16 1 4 115930 0.1134
16 1 4 115385 0.1114
16 1 4 113788 0.1101
16 1 4 99484 0.1004
16 1 4 99293 0.1031
16 1 4 99216 0.1002
16 1 4 99052 0.09959
16 1 4 98902 0.09925
16 1 4 95814 0.0969
16 1 4 60653 0.06932
16 1 4 60606 0.06889
16 1 4 60574 0.06836
16 1 4 60447 0.06571
16 1 4 60370 0.07041
16 1 4 60140 0.06933
16 1 4 40174 0.04674
16 1 4 40108 0.04658
16 1 4 40052 0.04721
16 1 4 40031 0.04461
16 1 4 39954 0.04696
16 1 4 39909 0.04512
16 1 4 38278 0.04556
16 1 4 27565 0.03078
16 1 4 27548 0.02929
16 1 4 27524 0.03033
16 1 4 27514 0.03093
16 1 4 27498 0.02982
16 1 4 26661 0.02904
16 1 4 15914 0.01821
16 1 4 15907 0.0187
16 1 4 15901 0.01896
16 1 4 15899 0.01895
16 1 4 15890 0.01872
16 1 4 15864 0.01814
16 1 4 10403 0.01357
16 1 4 10400 0.01401
16 1 4 10396 0.01354
16 1 4 10395 0.01301
16 1 4 10393 0.01342
16 1 4 10245 0.01358
16 1 5 163751 0.2729
16 1 5 162608 0.2687
16 1 5 161655 0.2552
16 1 5 161253 0.2563
16 1 5 160364 0.2499
16 1 5 154923 0.2332
16 1 5 129456 0.2097
16 1 5 129086 0.2152
16 1 5 128674 0.2272
16 1 5 128287 0.2134
16 1 5 128059 0.2307
16 1 5 127251 0.2246
16 1 5 126762 0.2215
16 1 5 109038 0.1461
16 1 5 108816 0.1499
16 1 5 108369 0.1486
16 1 5 108241 0.1502
16 1 5 107432 0.1379
16 1 5 104735 0.1099
16 1 5 64588 0.07934
16 1 5 64496 0.07812
16 1 5 64436 0.07678
16 1 5 64363 0.07787
16 1 5 64015 0.07645
16 1 5 62892 0.07493
16 1 5 42010 0.05227
16 1 5 41941 0.05196
16 1 5 41895 0.05147
16 1 5 41838 0.05167
16 1 5 41765 0.05201
16 1 5 41669 0.05139
16 1 5 41156 0.05077
16 1 5 28450 0.03149
16 1 5 28436 0.0318
16 1 5 28400 0.03004
16 1 5 28371 0.03055
16 1 5 28338 0.03153
16 1 5 27522 0.02997
16 1 5 16219 0.01929
16 1 5 16210 0.01821
16 1 5 16208 0.01863
16 1 5 16205 0.01954
16 1 5 16190 0.01841
16 1 5 10542 0.0137
16 1 5 10539 0.01307
16 1 5 10535 0.01387
16 1 5 10534 0.01429
16 1 5 10531 0.0141
16 1 5 10525 0.0146
16 1 5 10395 0.01486
