4 3 1 100000 0.1069
4 3 1 100000 0.1068
4 3 1 100000 0.1191
4 3 1 100000 0.09972
4 3 1 100000 0.1019
4 3 1 100000 0.1013
4 3 1 100000 0.1039
4 3 1 100000 0.1017
4 3 1 100000 0.1036
4 3 1 100000 0.1047
4 3 1 100000 0.1039
4 3 1 100000 0.1059
4 3 1 100000 0.108
4 3 1 100000 0.1038
4 3 1 100000 0.1058
4 3 1 100000 0.106
4 3 1 100000 0.1072
4 3 1 100000 0.1039
4 3 1 100000 0.1044
4 3 1 100000 0.1064
4 3 1 100000 0.1063
4 3 1 100000 0.1054
4 3 1 100000 0.1052
4 3 1 100000 0.1049
4 3 1 100000 0.1022
4 3 1 85000 0.08918
4 3 1 85000 0.09238
4 3 1 85000 0.09133
4 3 1 85000 0.09001
4 3 1 85000 0.09112
4 3 1 85000 0.08955
4 3 1 85000 0.09191
4 3 1 85000 0.08935
4 3 1 85000 0.0948
4 3 1 85000 0.09275
4 3 1 85000 0.09112
4 3 1 85000 0.08827
4 3 1 85000 0.09396
4 3 1 85000 0.09039
4 3 1 85000 0.1105
4 3 1 85000 0.09819
4 3 1 85000 0.0904
4 3 1 85000 0.08994
4 3 1 85000 0.08885
4 3 1 85000 0.09217
4 3 1 85000 0.09207
4 3 1 85000 0.09406
4 3 1 85000 0.09194
4 3 1 85000 0.09338
4 3 1 85000 0.09349
4 3 1 75000 0.08133
4 3 1 75000 0.07859
4 3 1 75000 0.08212
4 3 1 75000 0.08023
4 3 1 75000 0.07965
4 3 1 75000 0.07823
4 3 1 75000 0.08067
4 3 1 75000 0.08154
4 3 1 75000 0.08274
4 3 1 75000 0.08423
4 3 1 75000 0.08412
4 3 1 75000 0.0837
4 3 1 75000 0.08448
4 3 1 75000 0.08331
4 3 1 75000 0.08312
4 3 1 75000 0.08556
4 3 1 75000 0.08308
4 3 1 75000 0.08452
4 3 1 75000 0.08379
4 3 1 75000 0.08087
4 3 1 75000 0.08181
4 3 1 75000 0.08204
4 3 1 75000 0.08382
4 3 1 75000 0.08304
4 3 1 75000 0.08415
4 3 1 50000 0.05848
4 3 1 50000 0.05899
4 3 1 50000 0.05929
4 3 1 50000 0.05863
4 3 1 50000 0.06016
4 3 1 50000 0.05836
4 3 1 50000 0.05776
4 3 1 50000 0.05774
4 3 1 50000 0.05941
4 3 1 50000 0.06128
4 3 1 50000 0.06127
4 3 1 50000 0.06264
4 3 1 50000 0.05905
4 3 1 50000 0.06131
4 3 1 50000 0.0628
4 3 1 50000 0.06038
4 3 1 50000 0.06124
4 3 1 50000 0.06231
4 3 1 50000 0.06146
4 3 1 50000 0.06284
4 3 1 50000 0.0635
4 3 1 50000 0.06033
4 3 1 50000 0.0606
4 3 1 50000 0.06187
4 3 1 50000 0.06125
4 3 1 35000 0.04182
4 3 1 35000 0.04016
4 3 1 35000 0.04189
4 3 1 35000 0.04099
4 3 1 35000 0.04241
4 3 1 35000 0.04141
4 3 1 35000 0.0432
4 3 1 35000 0.04265
4 3 1 35000 0.04144
4 3 1 35000 0.04389
4 3 1 35000 0.04573
4 3 1 35000 0.04344
4 3 1 35000 0.04403
4 3 1 35000 0.04312
4 3 1 35000 0.04461
4 3 1 35000 0.04225
4 3 1 35000 0.043
4 3 1 35000 0.04447
4 3 1 35000 0.04369
4 3 1 35000 0.04329
4 3 1 35000 0.0432
4 3 1 35000 0.04247
4 3 1 35000 0.04206
4 3 1 35000 0.04337
4 3 1 35000 0.0427
4 3 1 25000 0.02807
4 3 1 25000 0.027
4 3 1 25000 0.02765
4 3 1 25000 0.02641
4 3 1 25000 0.02778
4 3 1 25000 0.02793
4 3 1 25000 0.02719
4 3 1 25000 0.02613
4 3 1 25000 0.02644
4 3 1 25000 0.02641
4 3 1 25000 0.02895
4 3 1 25000 0.02768
4 3 1 25000 0.02925
4 3 1 25000 0.02877
4 3 1 25000 0.02927
4 3 1 25000 0.02842
4 3 1 25000 0.02807
4 3 1 25000 0.02923
4 3 1 25000 0.0287
4 3 1 25000 0.02919
4 3 1 25000 0.02883
4 3 1 25000 0.02872
4 3 1 25000 0.02889
4 3 1 25000 0.02781
4 3 1 25000 0.02904
4 3 1 15000 0.01766
4 3 1 15000 0.01695
4 3 1 15000 0.01621
4 3 1 15000 0.01683
4 3 1 15000 0.01717
4 3 1 15000 0.01741
4 3 1 15000 0.01754
4 3 1 15000 0.01755
4 3 1 15000 0.01693
4 3 1 15000 0.01837
4 3 1 15000 0.01813
4 3 1 15000 0.01868
4 3 1 15000 0.01817
4 3 1 15000 0.01869
4 3 1 15000 0.01777
4 3 1 15000 0.01855
4 3 1 15000 0.01786
4 3 1 15000 0.01807
4 3 1 15000 0.0178
4 3 1 15000 0.0175
4 3 1 15000 0.01814
4 3 1 15000 0.01803
4 3 1 15000 0.01792
4 3 1 15000 0.01837
4 3 1 15000 0.01809
4 3 1 10000 0.01195
4 3 1 10000 0.01216
4 3 1 10000 0.01219
4 3 1 10000 0.0122
4 3 1 10000 0.01185
4 3 1 10000 0.01237
4 3 1 10000 0.01255
4 3 1 10000 0.01243
4 3 1 10000 0.01174
4 3 1 10000 0.01314
4 3 1 10000 0.01237
4 3 1 10000 0.01281
4 3 1 10000 0.01331
4 3 1 10000 0.01258
4 3 1 10000 0.0127
4 3 1 10000 0.01309
4 3 1 10000 0.01303
4 3 1 10000 0.01284
4 3 1 10000 0.01337
4 3 1 10000 0.01262
4 3 1 10000 0.01262
4 3 1 10000 0.01293
4 3 1 10000 0.01297
4 3 1 10000 0.01281
4 3 1 10000 0.0129
4 3 2 113566 0.1247
4 3 2 113394 0.1168
4 3 2 113390 0.1145
4 3 2 113195 0.1092
4 3 2 113045 0.1112
4 3 2 112894 0.1133
4 3 2 112675 0.108
4 3 2 112562 0.1094
4 3 2 112128 0.1142
4 3 2 112044 0.107
4 3 2 110711 0.1118
4 3 2 110221 0.1105
4 3 2 110179 0.1132
4 3 2 108171 0.1122
4 3 2 107633 0.1099
4 3 2 107312 0.1088
4 3 2 107060 0.1111
4 3 2 106709 0.1105
4 3 2 105421 0.1082
4 3 2 105421 0.1071
4 3 2 100660 0.1039
4 3 2 100340 0.1051
4 3 2 98707 0.1014
4 3 2 95595 0.09943
4 3 2 94752 0.09912
4 3 2 94729 0.1004
4 3 2 94688 0.09724
4 3 2 94419 0.09962
4 3 2 94275 0.09527
4 3 2 94147 0.09955
4 3 2 93845 0.09598
4 3 2 93616 0.09702
4 3 2 93537 0.09434
4 3 2 93153 0.0977
4 3 2 92920 0.09533
4 3 2 92820 0.09741
4 3 2 92756 0.09512
4 3 2 91281 0.09649
4 3 2 91281 0.09635
4 3 2 90814 0.09446
4 3 2 90640 0.09196
4 3 2 90530 0.09479
4 3 2 89694 0.09563
4 3 2 89462 0.09575
4 3 2 87707 0.09537
4 3 2 87054 0.09201
4 3 2 86337 0.09404
4 3 2 82631 0.09131
4 3 2 82621 0.08988
4 3 2 82589 0.089
4 3 2 82467 0.09075
4 3 2 82359 0.08446
4 3 2 82238 0.08513
4 3 2 82155 0.08848
4 3 2 82114 0.08597
4 3 2 82045 0.08535
4 3 2 81815 0.08671
4 3 2 81749 0.08784
4 3 2 81583 0.08269
4 3 2 81102 0.08763
4 3 2 81033 0.08658
4 3 2 81006 0.08692
4 3 2 80127 0.08103
4 3 2 79388 0.08698
4 3 2 78608 0.08528
4 3 2 78073 0.08675
4 3 2 77288 0.08741
4 3 2 77251 0.08433
4 3 2 76561 0.08502
4 3 2 75024 0.08199
4 3 2 72415 0.07922
4 3 2 72342 0.08152
4 3 2 71387 0.08054
4 3 2 70674 0.08062
4 3 2 70259 0.08049
4 3 2 53389 0.06531
4 3 2 53372 0.06273
4 3 2 53372 0.06459
4 3 2 53372 0.06455
4 3 2 53357 0.06308
4 3 2 53324 0.0665
4 3 2 53315 0.06405
4 3 2 53281 0.06686
4 3 2 53267 0.06275
4 3 2 53232 0.06245
4 3 2 53200 0.06271
4 3 2 53127 0.06349
4 3 2 53049 0.06513
4 3 2 53008 0.06545
4 3 2 52915 0.06224
4 3 2 52556 0.06269
4 3 2 51666 0.06239
4 3 2 51134 0.0621
4 3 2 50675 0.06005
4 3 2 49643 0.05984
4 3 2 48951 0.05879
4 3 2 48625 0.0607
4 3 2 48497 0.05924
4 3 2 48217 0.05717
4 3 2 46642 0.05874
4 3 2 36662 0.04407
4 3 2 36662 0.04351
4 3 2 36662 0.04378
4 3 2 36646 0.04618
4 3 2 36635 0.04128
4 3 2 36621 0.04396
4 3 2 36619 0.04245
4 3 2 36615 0.04527
4 3 2 36592 0.04301
4 3 2 36575 0.04083
4 3 2 36565 0.04212
4 3 2 36547 0.04297
4 3 2 36495 0.04449
4 3 2 36309 0.04389
4 3 2 36306 0.04481
4 3 2 36002 0.04423
4 3 2 35987 0.04436
4 3 2 35590 0.04304
4 3 2 35198 0.04271
4 3 2 34912 0.04357
4 3 2 34697 0.04013
4 3 2 34387 0.04292
4 3 2 34343 0.04186
4 3 2 33833 0.03966
4 3 2 33700 0.04033
4 3 2 25848 0.02998
4 3 2 25847 0.02965
4 3 2 25845 0.03019
4 3 2 25839 0.02789
4 3 2 25839 0.02784
4 3 2 25832 0.02867
4 3 2 25830 0.0296
4 3 2 25828 0.02799
4 3 2 25822 0.02864
4 3 2 25817 0.02776
4 3 2 25812 0.02692
4 3 2 25791 0.0264
4 3 2 25781 0.02953
4 3 2 25771 0.02644
4 3 2 25749 0.02985
4 3 2 25735 0.02814
4 3 2 25714 0.02951
4 3 2 25655 0.02835
4 3 2 25231 0.02909
4 3 2 25108 0.02885
4 3 2 25028 0.02823
4 3 2 24931 0.02896
4 3 2 24820 0.02813
4 3 2 24229 0.02761
4 3 2 24131 0.02709
4 3 2 15304 0.01823
4 3 2 15303 0.01764
4 3 2 15300 0.01635
4 3 2 15298 0.01696
4 3 2 15297 0.0168
4 3 2 15294 0.01675
4 3 2 15293 0.0171
4 3 2 15288 0.01722
4 3 2 15287 0.01801
4 3 2 15284 0.01748
4 3 2 15277 0.01725
4 3 2 15265 0.01686
4 3 2 15233 0.01765
4 3 2 15233 0.01743
4 3 2 15169 0.01865
4 3 2 15169 0.01874
4 3 2 15093 0.01907
4 3 2 15025 0.01801
4 3 2 15023 0.01849
4 3 2 14970 0.01755
4 3 2 14938 0.01795
4 3 2 14920 0.01786
4 3 2 14743 0.01769
4 3 2 14743 0.01765
4 3 2 14682 0.01828
4 3 2 10135 0.01181
4 3 2 10135 0.01274
4 3 2 10135 0.01261
4 3 2 10134 0.01314
4 3 2 10134 0.01243
4 3 2 10134 0.01322
4 3 2 10133 0.01279
4 3 2 10132 0.0123
4 3 2 10132 0.01332
4 3 2 10132 0.01336
4 3 2 10131 0.01233
4 3 2 10129 0.01213
4 3 2 10128 0.01213
4 3 2 10127 0.01236
4 3 2 10126 0.01227
4 3 2 10123 0.01193
4 3 2 10114 0.01233
4 3 2 10096 0.01241
4 3 2 9960 0.01277
4 3 2 9960 0.01279
4 3 2 9949 0.01298
4 3 2 9948 0.01298
4 3 2 9944 0.01254
4 3 2 9900 0.01246
4 3 2 9881 0.01226
4 3 3 128675 0.1884
4 3 3 127866 0.1834
4 3 3 127317 0.1893
4 3 3 127255 0.1783
4 3 3 126524 0.1747
4 3 3 126432 0.1813
4 3 3 126272 0.178
4 3 3 126196 0.1768
4 3 3 124925 0.1806
4 3 3 124110 0.182
4 3 3 124110 0.1827
4 3 3 121460 0.1221
4 3 3 121033 0.1172
4 3 3 119559 0.1196
4 3 3 118942 0.1163
4 3 3 117650 0.119
4 3 3 115378 0.115
4 3 3 113460 0.1186
4 3 3 112071 0.1178
4 3 3 111476 0.1161
4 3 3 110409 0.1108
4 3 3 107174 0.1113
4 3 3 107084 0.1113
4 3 3 105562 0.1097
4 3 3 105562 0.1109
4 3 3 105159 0.1108
4 3 3 104238 0.106
4 3 3 104202 0.1067
4 3 3 103756 0.1076
4 3 3 103647 0.1016
4 3 3 103412 0.104
4 3 3 103048 0.1069
4 3 3 102157 0.1078
4 3 3 102157 0.1081
4 3 3 101022 0.1062
4 3 3 100617 0.1048
4 3 3 100157 0.1034
4 3 3 99968 0.1006
4 3 3 99785 0.1047
4 3 3 98633 0.1036
4 3 3 98005 0.1028
4 3 3 96586 0.1019
4 3 3 95458 0.09911
4 3 3 95334 0.1002
4 3 3 90791 0.09753
4 3 3 90486 0.09552
4 3 3 90364 0.09408
4 3 3 90282 0.09178
4 3 3 90066 0.1084
4 3 3 90064 0.1179
4 3 3 90029 0.1176
4 3 3 89522 0.1053
4 3 3 89393 0.09504
4 3 3 89102 0.09387
4 3 3 88951 0.09644
4 3 3 88732 0.09265
4 3 3 88106 0.09427
4 3 3 87435 0.09191
4 3 3 87062 0.09284
4 3 3 85398 0.09065
4 3 3 85185 0.09342
4 3 3 83682 0.09132
4 3 3 82653 0.09007
4 3 3 82562 0.08932
4 3 3 82088 0.08872
4 3 3 81447 0.08897
4 3 3 80175 0.08487
4 3 3 79624 0.087
4 3 3 79194 0.08694
4 3 3 78371 0.08754
4 3 3 77598 0.08715
4 3 3 77235 0.08514
4 3 3 74479 0.08337
4 3 3 72015 0.08225
4 3 3 72015 0.08233
4 3 3 56986 0.07053
4 3 3 56907 0.06818
4 3 3 56826 0.0669
4 3 3 56765 0.06676
4 3 3 56694 0.0666
4 3 3 56629 0.06547
4 3 3 56614 0.0678
4 3 3 56564 0.0651
4 3 3 56269 0.06784
4 3 3 55933 0.06926
4 3 3 55927 0.06869
4 3 3 55221 0.0659
4 3 3 54757 0.06426
4 3 3 54612 0.06761
4 3 3 54320 0.06513
4 3 3 53206 0.06518
4 3 3 53005 0.06667
4 3 3 51855 0.065
4 3 3 51855 0.06485
4 3 3 51581 0.06374
4 3 3 50189 0.06322
4 3 3 49766 0.06095
4 3 3 49126 0.05879
4 3 3 47416 0.0605
4 3 3 47416 0.06066
4 3 3 38372 0.046
4 3 3 38363 0.04705
4 3 3 38359 0.04831
4 3 3 38316 0.04527
4 3 3 38299 0.04556
4 3 3 38291 0.04426
4 3 3 38233 0.04576
4 3 3 38215 0.04643
4 3 3 38133 0.04456
4 3 3 38098 0.04596
4 3 3 38080 0.04716
4 3 3 37996 0.04789
4 3 3 37989 0.04685
4 3 3 37832 0.04604
4 3 3 37676 0.04667
4 3 3 37611 0.0468
4 3 3 37168 0.04641
4 3 3 36825 0.04551
4 3 3 36685 0.04491
4 3 3 36391 0.04371
4 3 3 36023 0.04435
4 3 3 35308 0.04576
4 3 3 35150 0.04399
4 3 3 33830 0.04182
4 3 3 33797 0.04115
4 3 3 26715 0.03108
4 3 3 26713 0.03165
4 3 3 26700 0.03191
4 3 3 26681 0.03103
4 3 3 26673 0.03025
4 3 3 26666 0.02995
4 3 3 26650 0.02933
4 3 3 26634 0.02881
4 3 3 26616 0.02895
4 3 3 26599 0.02886
4 3 3 26583 0.02716
4 3 3 26546 0.02936
4 3 3 26438 0.02977
4 3 3 26405 0.03016
4 3 3 26405 0.02994
4 3 3 25955 0.02972
4 3 3 25955 0.02972
4 3 3 25664 0.02805
4 3 3 25664 0.02797
4 3 3 25353 0.02879
4 3 3 25353 0.02859
4 3 3 25233 0.02785
4 3 3 25056 0.02923
4 3 3 24924 0.02988
4 3 3 24206 0.02833
4 3 3 15610 0.01979
4 3 3 15604 0.01901
4 3 3 15601 0.01828
4 3 3 15597 0.018
4 3 3 15585 0.01847
4 3 3 15581 0.01888
4 3 3 15580 0.01859
4 3 3 15573 0.01853
4 3 3 15537 0.01745
4 3 3 15503 0.01819
4 3 3 15469 0.01947
4 3 3 15459 0.01938
4 3 3 15330 0.01985
4 3 3 15285 0.01876
4 3 3 15277 0.01796
4 3 3 15244 0.01795
4 3 3 15229 0.01873
4 3 3 15133 0.01815
4 3 3 15103 0.01768
4 3 3 15046 0.01804
4 3 3 14974 0.01852
4 3 3 14962 0.01919
4 3 3 14940 0.01783
4 3 3 14885 0.01881
4 3 3 14643 0.01868
4 3 3 10273 0.01404
4 3 3 10271 0.01396
4 3 3 10270 0.01401
4 3 3 10268 0.01298
4 3 3 10266 0.01315
4 3 3 10264 0.01365
4 3 3 10261 0.01506
4 3 3 10259 0.01434
4 3 3 10257 0.01458
4 3 3 10256 0.01371
4 3 3 10243 0.01291
4 3 3 10231 0.01326
4 3 3 10229 0.01276
4 3 3 10180 0.01268
4 3 3 10174 0.01331
4 3 3 10141 0.01332
4 3 3 10074 0.01267
4 3 3 10070 0.01316
4 3 3 10062 0.01335
4 3 3 10037 0.01333
4 3 3 10020 0.01252
4 3 3 10010 0.0133
4 3 3 9998 0.01319
4 3 3 9898 0.01368
4 3 3 9832 0.01326
4 3 4 145057 0.1945
4 3 4 143662 0.1829
4 3 4 142843 0.1854
4 3 4 141983 0.1778
4 3 4 141498 0.1863
4 3 4 138480 0.1867
4 3 4 136308 0.1906
4 3 4 135694 0.1903
4 3 4 133806 0.1804
4 3 4 132666 0.187
4 3 4 132103 0.1897
4 3 4 132048 0.1828
4 3 4 130997 0.1929
4 3 4 126253 0.1806
4 3 4 124033 0.1796
4 3 4 124033 0.1793
4 3 4 122546 0.1204
4 3 4 121669 0.1219
4 3 4 119534 0.1176
4 3 4 119306 0.1199
4 3 4 117791 0.1106
4 3 4 117193 0.1184
4 3 4 116723 0.114
4 3 4 115690 0.1156
4 3 4 115045 0.1146
4 3 4 114829 0.1126
4 3 4 114637 0.1133
4 3 4 113683 0.1138
4 3 4 112991 0.1021
4 3 4 112340 0.116
4 3 4 111443 0.1117
4 3 4 111320 0.1134
4 3 4 111214 0.1133
4 3 4 110497 0.1104
4 3 4 110063 0.119
4 3 4 109719 0.1386
4 3 4 107831 0.1123
4 3 4 107762 0.1084
4 3 4 107152 0.109
4 3 4 106880 0.1057
4 3 4 105146 0.1053
4 3 4 104107 0.1055
4 3 4 101214 0.1044
4 3 4 99810 0.1007
4 3 4 99378 0.1031
4 3 4 99104 0.1024
4 3 4 99000 0.1017
4 3 4 98831 0.0981
4 3 4 97806 0.09728
4 3 4 97487 0.1033
4 3 4 97487 0.1019
4 3 4 97377 0.09922
4 3 4 96460 0.1011
4 3 4 95343 0.09783
4 3 4 95274 0.09947
4 3 4 93297 0.0972
4 3 4 92795 0.09666
4 3 4 92480 0.09482
4 3 4 92217 0.09893
4 3 4 90586 0.09449
4 3 4 90502 0.09615
4 3 4 89839 0.09206
4 3 4 89741 0.09728
4 3 4 88700 0.09449
4 3 4 87328 0.09316
4 3 4 87216 0.09447
4 3 4 86356 0.09422
4 3 4 83859 0.09138
4 3 4 82287 0.08541
4 3 4 82129 0.09052
4 3 4 80041 0.08945
4 3 4 79130 0.09012
4 3 4 77452 0.08553
4 3 4 71852 0.07895
4 3 4 71852 0.07992
4 3 4 60839 0.07259
4 3 4 60837 0.07326
4 3 4 60393 0.07144
4 3 4 60285 0.0688
4 3 4 60193 0.07152
4 3 4 59997 0.07164
4 3 4 59819 0.06874
4 3 4 59702 0.07096
4 3 4 59547 0.07188
4 3 4 58747 0.07217
4 3 4 58432 0.06914
4 3 4 58347 0.06819
4 3 4 58229 0.06673
4 3 4 57720 0.06967
4 3 4 56708 0.06859
4 3 4 56522 0.06163
4 3 4 55266 0.06712
4 3 4 54337 0.06581
4 3 4 53792 0.06299
4 3 4 53181 0.06429
4 3 4 52824 0.06577
4 3 4 52445 0.06197
4 3 4 51540 0.06337
4 3 4 50487 0.06233
4 3 4 48783 0.05808
4 3 4 40162 0.04835
4 3 4 40071 0.04536
4 3 4 40058 0.04639
4 3 4 40043 0.04548
4 3 4 39987 0.04791
4 3 4 39911 0.04538
4 3 4 39888 0.04812
4 3 4 39830 0.04769
4 3 4 39797 0.04707
4 3 4 39497 0.04569
4 3 4 39438 0.04738
4 3 4 39380 0.04675
4 3 4 38905 0.04751
4 3 4 38791 0.04708
4 3 4 38120 0.04658
4 3 4 38114 0.04647
4 3 4 37834 0.04465
4 3 4 37721 0.04565
4 3 4 37443 0.04805
4 3 4 37374 0.04375
4 3 4 36828 0.04471
4 3 4 36776 0.04461
4 3 4 36560 0.04403
4 3 4 34473 0.04087
4 3 4 34473 0.04089
4 3 4 27630 0.03108
4 3 4 27611 0.03143
4 3 4 27597 0.03243
4 3 4 27577 0.03258
4 3 4 27549 0.02842
4 3 4 27495 0.02938
4 3 4 27442 0.02857
4 3 4 27421 0.02811
4 3 4 27399 0.02909
4 3 4 27383 0.02913
4 3 4 27360 0.03111
4 3 4 27319 0.0297
4 3 4 27318 0.02986
4 3 4 27299 0.03068
4 3 4 26937 0.0302
4 3 4 26825 0.0304
4 3 4 26637 0.029
4 3 4 26611 0.02798
4 3 4 26359 0.02924
4 3 4 26147 0.02847
4 3 4 26009 0.03001
4 3 4 25956 0.02989
4 3 4 25901 0.02885
4 3 4 25019 0.02942
4 3 4 25019 0.0294
4 3 4 15925 0.01945
4 3 4 15898 0.02009
4 3 4 15898 0.01997
4 3 4 15890 0.0183
4 3 4 15886 0.01832
4 3 4 15873 0.01783
4 3 4 15830 0.01921
4 3 4 15802 0.01943
4 3 4 15791 0.01824
4 3 4 15774 0.01966
4 3 4 15678 0.01838
4 3 4 15614 0.01789
4 3 4 15584 0.01828
4 3 4 15553 0.0175
4 3 4 15535 0.0174
4 3 4 15431 0.01904
4 3 4 15412 0.01959
4 3 4 15359 0.01859
4 3 4 15286 0.01874
4 3 4 15259 0.01874
4 3 4 15259 0.01896
4 3 4 15194 0.01888
4 3 4 14985 0.01859
4 3 4 14966 0.01787
4 3 4 14711 0.01764
4 3 4 10409 0.01406
4 3 4 10408 0.01443
4 3 4 10407 0.01419
4 3 4 10402 0.01388
4 3 4 10397 0.01369
4 3 4 10396 0.01335
4 3 4 10392 0.01297
4 3 4 10387 0.01255
4 3 4 10384 0.01404
4 3 4 10371 0.01309
4 3 4 10369 0.01386
4 3 4 10354 0.0139
4 3 4 10314 0.01361
4 3 4 10302 0.01321
4 3 4 10208 0.01355
4 3 4 10202 0.0135
4 3 4 10196 0.01321
4 3 4 10152 0.01283
4 3 4 10148 0.01334
4 3 4 10137 0.01233
4 3 4 10132 0.01352
4 3 4 10090 0.01344
4 3 4 10032 0.01318
4 3 4 9969 0.01309
4 3 4 9955 0.01279
4 3 5 164534 0.2053
4 3 5 160977 0.1974
4 3 5 160135 0.1964
4 3 5 157790 0.2003
4 3 5 156015 0.1876
4 3 5 153801 0.1914
4 3 5 147262 0.1911
4 3 5 145369 0.2015
4 3 5 144052 0.1966
4 3 5 142879 0.181
4 3 5 142545 0.1896
4 3 5 137311 0.1708
4 3 5 135167 0.1771
4 3 5 133758 0.1837
4 3 5 133728 0.1845
4 3 5 132136 0.1847
4 3 5 131692 0.1899
4 3 5 128707 0.1824
4 3 5 127692 0.1838
4 3 5 127407 0.1864
4 3 5 127167 0.1747
4 3 5 126553 0.1903
4 3 5 126553 0.1904
4 3 5 125726 0.1747
4 3 5 125175 0.1716
4 3 5 124770 0.1852
4 3 5 123180 0.1855
4 3 5 122594 0.1196
4 3 5 122016 0.1201
4 3 5 121940 0.1202
4 3 5 119722 0.1207
4 3 5 117933 0.1181
4 3 5 117933 0.1195
4 3 5 117339 0.1196
4 3 5 116916 0.1162
4 3 5 114475 0.1149
4 3 5 112696 0.1125
4 3 5 112148 0.1159
4 3 5 111675 0.1152
4 3 5 109737 0.112
4 3 5 109002 0.1089
4 3 5 108480 0.1105
4 3 5 108013 0.112
4 3 5 107984 0.1108
4 3 5 107436 0.1093
4 3 5 107042 0.1076
4 3 5 106869 0.1081
4 3 5 106136 0.1077
4 3 5 105727 0.09953
4 3 5 104867 0.1068
4 3 5 103957 0.1065
4 3 5 102585 0.1056
4 3 5 101184 0.1026
4 3 5 99943 0.1062
4 3 5 99831 0.105
4 3 5 99244 0.1055
4 3 5 98755 0.1025
4 3 5 98581 0.1006
4 3 5 97572 0.1036
4 3 5 97541 0.09997
4 3 5 97179 0.1024
4 3 5 96978 0.1017
4 3 5 95865 0.0981
4 3 5 95148 0.1005
4 3 5 94977 0.1007
4 3 5 93132 0.09826
4 3 5 90455 0.09421
4 3 5 89710 0.09224
4 3 5 85263 0.08994
4 3 5 84697 0.09143
4 3 5 84360 0.09033
4 3 5 83527 0.0919
4 3 5 81729 0.09041
4 3 5 75390 0.08179
4 3 5 75390 0.08281
4 3 5 64468 0.07198
4 3 5 64186 0.07406
4 3 5 63898 0.07172
4 3 5 63659 0.07193
4 3 5 63444 0.07106
4 3 5 63006 0.07076
4 3 5 62686 0.07442
4 3 5 62427 0.07263
4 3 5 62137 0.07043
4 3 5 60820 0.07362
4 3 5 60492 0.07164
4 3 5 60254 0.06801
4 3 5 60085 0.07233
4 3 5 58778 0.07102
4 3 5 58199 0.07129
4 3 5 57473 0.06901
4 3 5 57167 0.06906
4 3 5 56346 0.06765
4 3 5 55978 0.0663
4 3 5 55714 0.06905
4 3 5 55714 0.06909
4 3 5 53837 0.06654
4 3 5 52989 0.06509
4 3 5 49430 0.06065
4 3 5 49430 0.06033
4 3 5 42058 0.05285
4 3 5 41860 0.05016
4 3 5 41812 0.05085
4 3 5 41797 0.05076
4 3 5 41783 0.04863
4 3 5 41701 0.05043
4 3 5 41645 0.05063
4 3 5 41477 0.04867
4 3 5 41064 0.05162
4 3 5 40809 0.04788
4 3 5 40231 0.04778
4 3 5 39887 0.04951
4 3 5 39693 0.04734
4 3 5 39509 0.04814
4 3 5 39217 0.04642
4 3 5 39209 0.04751
4 3 5 38689 0.04773
4 3 5 38596 0.04557
4 3 5 38276 0.04709
4 3 5 38195 0.04626
4 3 5 38109 0.04659
4 3 5 37076 0.04476
4 3 5 37076 0.04471
4 3 5 35298 0.04482
4 3 5 34020 0.04055
4 3 5 28522 0.03264
4 3 5 28429 0.03055
4 3 5 28385 0.03044
4 3 5 28316 0.03116
4 3 5 28294 0.02982
4 3 5 28272 0.03115
4 3 5 28234 0.03031
4 3 5 28225 0.03342
4 3 5 28165 0.03251
4 3 5 28014 0.03117
4 3 5 27847 0.03272
4 3 5 27608 0.03172
4 3 5 27541 0.03281
4 3 5 27471 0.02961
4 3 5 27415 0.03266
4 3 5 27273 0.03199
4 3 5 26829 0.03132
4 3 5 26606 0.02974
4 3 5 26583 0.03059
4 3 5 26398 0.03002
4 3 5 26398 0.03005
4 3 5 26169 0.03031
4 3 5 25793 0.03011
4 3 5 25553 0.02991
4 3 5 25517 0.02904
4 3 5 16214 0.01864
4 3 5 16198 0.0194
4 3 5 16193 0.01908
4 3 5 16175 0.02001
4 3 5 16167 0.01847
4 3 5 16146 0.01913
4 3 5 16134 0.01891
4 3 5 16089 0.01993
4 3 5 15923 0.01963
4 3 5 15901 0.01903
4 3 5 15893 0.01921
4 3 5 15875 0.0196
4 3 5 15805 0.01906
4 3 5 15805 0.01912
4 3 5 15686 0.01963
4 3 5 15667 0.02022
4 3 5 15659 0.01839
4 3 5 15583 0.02023
4 3 5 15498 0.01908
4 3 5 15498 0.01912
4 3 5 15408 0.01893
4 3 5 15268 0.0184
4 3 5 15174 0.01751
4 3 5 15020 0.01836
4 3 5 14966 0.01911
4 3 5 10547 0.01416
4 3 5 10546 0.01379
4 3 5 10537 0.01349
4 3 5 10532 0.01329
4 3 5 10527 0.01371
4 3 5 10523 0.01319
4 3 5 10518 0.01498
4 3 5 10517 0.01355
4 3 5 10504 0.01369
4 3 5 10468 0.01389
4 3 5 10449 0.01381
4 3 5 10407 0.01403
4 3 5 10400 0.01349
4 3 5 10338 0.01409
4 3 5 10333 0.01455
4 3 5 10288 0.01426
4 3 5 10288 0.01417
4 3 5 10271 0.01407
4 3 5 10266 0.0137
4 3 5 10219 0.01349
4 3 5 10145 0.01361
4 3 5 10112 0.01342
4 3 5 10099 0.0129
4 3 5 10079 0.01337
4 3 5 9883 0.01279
