16 11 1 100000 0.1464
16 11 1 100000 0.145
16 11 1 100000 0.121
16 11 1 100000 0.102
16 11 1 100000 0.1052
16 11 1 100000 0.1062
16 11 1 85000 0.09405
16 11 1 85000 0.09306
16 11 1 85000 0.09293
16 11 1 85000 0.09123
16 11 1 85000 0.09054
16 11 1 85000 0.08656
16 11 1 85000 0.09317
16 11 1 75000 0.0829
16 11 1 75000 0.08043
16 11 1 75000 0.0821
16 11 1 75000 0.08126
16 11 1 75000 0.08133
16 11 1 75000 0.08121
16 11 1 50000 0.05863
16 11 1 50000 0.05953
16 11 1 50000 0.05894
16 11 1 50000 0.05885
16 11 1 50000 0.05897
16 11 1 50000 0.0588
16 11 1 50000 0.05961
16 11 1 35000 0.04178
16 11 1 35000 0.04066
16 11 1 35000 0.04237
16 11 1 35000 0.04221
16 11 1 35000 0.04034
16 11 1 25000 0.0266
16 11 1 25000 0.02649
16 11 1 25000 0.02747
16 11 1 25000 0.0273
16 11 1 25000 0.02703
16 11 1 25000 0.0265
16 11 1 15000 0.01701
16 11 1 15000 0.01883
16 11 1 15000 0.01686
16 11 1 15000 0.01672
16 11 1 15000 0.01697
16 11 1 15000 0.01735
16 11 1 15000 0.0174
16 11 1 10000 0.01216
16 11 1 10000 0.01258
16 11 1 10000 0.0126
16 11 1 10000 0.01193
16 11 1 10000 0.01252
16 11 1 10000 0.01236
16 11 2 113104 0.1173
16 11 2 112973 0.1588
16 11 2 112568 0.1563
16 11 2 111974 0.1507
16 11 2 110325 0.1458
16 11 2 108692 0.1367
16 11 2 94597 0.09877
16 11 2 94343 0.1013
16 11 2 93774 0.09877
16 11 2 93605 0.09752
16 11 2 92288 0.09738
16 11 2 90205 0.09571
16 11 2 85629 0.0922
16 11 2 82461 0.104
16 11 2 82344 0.1133
16 11 2 82313 0.1129
16 11 2 82046 0.1119
16 11 2 81804 0.1142
16 11 2 81491 0.1128
16 11 2 53345 0.0772
16 11 2 53266 0.07539
16 11 2 53230 0.07569
16 11 2 53213 0.07756
16 11 2 53147 0.07546
16 11 2 51213 0.07148
16 11 2 36662 0.05165
16 11 2 36604 0.04935
16 11 2 36587 0.05081
16 11 2 36575 0.04858
16 11 2 36565 0.0488
16 11 2 36517 0.04963
16 11 2 34839 0.04651
16 11 2 25820 0.03113
16 11 2 25811 0.03125
16 11 2 25790 0.03062
16 11 2 25772 0.03047
16 11 2 25738 0.03094
16 11 2 25278 0.02982
16 11 2 15298 0.01907
16 11 2 15294 0.01902
16 11 2 15288 0.01933
16 11 2 15285 0.01853
16 11 2 15277 0.01933
16 11 2 15108 0.01885
16 11 2 10134 0.01327
16 11 2 10131 0.01388
16 11 2 10129 0.0132
16 11 2 10127 0.01298
16 11 2 10114 0.01267
16 11 2 9993 0.01315
16 11 3 126914 0.2183
16 11 3 126686 0.2166
16 11 3 125910 0.2223
16 11 3 123718 0.2001
16 11 3 121837 0.1214
16 11 3 115846 0.1176
16 11 3 104581 0.1088
16 11 3 103643 0.1072
16 11 3 103267 0.1062
16 11 3 102364 0.1056
16 11 3 99289 0.1035
16 11 3 94869 0.09877
16 11 3 90291 0.09465
16 11 3 90070 0.09501
16 11 3 89757 0.09524
16 11 3 89618 0.09529
16 11 3 89262 0.09448
16 11 3 88891 0.09455
16 11 3 81924 0.0888
16 11 3 56834 0.0665
16 11 3 56758 0.06615
16 11 3 56529 0.06584
16 11 3 56404 0.06415
16 11 3 56210 0.06665
16 11 3 54431 0.06244
16 11 3 49865 0.05859
16 11 3 38264 0.04494
16 11 3 38222 0.0453
16 11 3 38160 0.04407
16 11 3 37906 0.04553
16 11 3 36900 0.04413
16 11 3 26683 0.02948
16 11 3 26654 0.0295
16 11 3 26638 0.02951
16 11 3 26576 0.02911
16 11 3 26467 0.02881
16 11 3 26100 0.02878
16 11 3 15602 0.01838
16 11 3 15599 0.0194
16 11 3 15591 0.01853
16 11 3 15581 0.01829
16 11 3 15573 0.01816
16 11 3 15557 0.0187
16 11 3 15324 0.01789
16 11 3 10268 0.01337
16 11 3 10265 0.01277
16 11 3 10256 0.0132
16 11 3 10242 0.01325
16 11 3 10223 0.01278
16 11 3 10160 0.0129
16 11 4 137274 0.1892
16 11 4 134520 0.1793
16 11 4 131333 0.1831
16 11 4 130837 0.1859
16 11 4 123220 0.1793
16 11 4 121902 0.1215
16 11 4 116675 0.1187
16 11 4 109705 0.1115
16 11 4 105832 0.1097
16 11 4 102205 0.1046
16 11 4 101248 0.1049
16 11 4 97749 0.1013
16 11 4 97563 0.1022
16 11 4 94123 0.09993
16 11 4 93013 0.09671
16 11 4 89652 0.09597
16 11 4 89523 0.09563
16 11 4 89089 0.09507
16 11 4 87264 0.09271
16 11 4 60003 0.07121
16 11 4 59575 0.06875
16 11 4 58110 0.06731
16 11 4 56844 0.06648
16 11 4 55453 0.06568
16 11 4 54437 0.06532
16 11 4 39818 0.04592
16 11 4 39790 0.04579
16 11 4 39453 0.04685
16 11 4 38308 0.04434
16 11 4 38241 0.04595
16 11 4 36601 0.04364
16 11 4 36247 0.04308
16 11 4 27212 0.03066
16 11 4 26689 0.03107
16 11 4 26606 0.03047
16 11 4 26317 0.02883
16 11 4 26135 0.02933
16 11 4 15872 0.01918
16 11 4 15855 0.01861
16 11 4 15836 0.01827
16 11 4 15606 0.01929
16 11 4 15588 0.01877
16 11 4 15458 0.01807
16 11 4 15404 0.01858
16 11 4 10390 0.01316
16 11 4 10370 0.01386
16 11 4 10361 0.01284
16 11 4 10334 0.0134
16 11 4 10213 0.01289
16 11 4 10130 0.01306
16 11 5 149634 0.1968
16 11 5 142122 0.1891
16 11 5 138098 0.1934
16 11 5 134583 0.1826
16 11 5 133441 0.1874
16 11 5 125779 0.1762
16 11 5 121072 0.1205
16 11 5 115462 0.1166
16 11 5 113906 0.1144
16 11 5 104861 0.109
16 11 5 102963 0.106
16 11 5 101338 0.1046
16 11 5 97881 0.1038
16 11 5 97578 0.1014
16 11 5 96171 0.102
16 11 5 92278 0.09685
16 11 5 90009 0.09366
16 11 5 89661 0.09304
16 11 5 88817 0.09418
16 11 5 61487 0.07073
16 11 5 60265 0.06915
16 11 5 59190 0.06764
16 11 5 57220 0.06587
16 11 5 56854 0.06722
16 11 5 54444 0.06306
16 11 5 40623 0.0448
16 11 5 39838 0.0475
16 11 5 39613 0.0472
16 11 5 39003 0.04624
16 11 5 38292 0.04456
16 11 5 37110 0.0432
16 11 5 36250 0.04319
16 11 5 27216 0.02932
16 11 5 26935 0.02874
16 11 5 26647 0.02921
16 11 5 26348 0.02866
16 11 5 25768 0.02789
16 11 5 24519 0.02583
16 11 5 15851 0.01884
16 11 5 15793 0.01849
16 11 5 15593 0.01885
16 11 5 15496 0.01863
16 11 5 15456 0.01743
16 11 5 15245 0.01707
16 11 5 10387 0.01385
16 11 5 10369 0.01356
16 11 5 10355 0.01401
16 11 5 10258 0.01317
16 11 5 10208 0.01339
16 11 5 10062 0.01263
