8 1 1 100000 0.1527
8 1 1 100000 0.1393
8 1 1 100000 0.103
8 1 1 100000 0.1041
8 1 1 100000 0.1324
8 1 1 100000 0.1341
8 1 1 100000 0.1339
8 1 1 100000 0.1347
8 1 1 100000 0.134
8 1 1 100000 0.1329
8 1 1 100000 0.1348
8 1 1 100000 0.1339
8 1 1 85000 0.09284
8 1 1 85000 0.09244
8 1 1 85000 0.09382
8 1 1 85000 0.09138
8 1 1 85000 0.08893
8 1 1 85000 0.1189
8 1 1 85000 0.119
8 1 1 85000 0.1173
8 1 1 85000 0.1187
8 1 1 85000 0.1189
8 1 1 85000 0.1193
8 1 1 85000 0.1193
8 1 1 85000 0.1187
8 1 1 75000 0.08217
8 1 1 75000 0.08011
8 1 1 75000 0.08226
8 1 1 75000 0.08216
8 1 1 75000 0.1073
8 1 1 75000 0.1098
8 1 1 75000 0.11
8 1 1 75000 0.11
8 1 1 75000 0.1106
8 1 1 75000 0.1085
8 1 1 75000 0.1093
8 1 1 75000 0.1084
8 1 1 75000 0.1101
8 1 1 50000 0.0581
8 1 1 50000 0.06021
8 1 1 50000 0.06161
8 1 1 50000 0.08522
8 1 1 50000 0.08592
8 1 1 50000 0.0848
8 1 1 50000 0.0849
8 1 1 50000 0.08556
8 1 1 50000 0.08637
8 1 1 50000 0.08511
8 1 1 50000 0.08396
8 1 1 50000 0.08562
8 1 1 35000 0.04182
8 1 1 35000 0.04381
8 1 1 35000 0.04309
8 1 1 35000 0.04345
8 1 1 35000 0.06308
8 1 1 35000 0.06296
8 1 1 35000 0.06375
8 1 1 35000 0.0628
8 1 1 35000 0.06298
8 1 1 35000 0.06358
8 1 1 35000 0.0628
8 1 1 35000 0.06161
8 1 1 25000 0.02852
8 1 1 25000 0.02775
8 1 1 25000 0.02837
8 1 1 25000 0.02789
8 1 1 25000 0.04505
8 1 1 25000 0.04563
8 1 1 25000 0.04602
8 1 1 25000 0.04577
8 1 1 25000 0.04662
8 1 1 25000 0.04547
8 1 1 25000 0.04585
8 1 1 25000 0.04536
8 1 1 25000 0.04608
8 1 1 15000 0.01776
8 1 1 15000 0.0228
8 1 1 15000 0.01785
8 1 1 15000 0.01754
8 1 1 15000 0.02815
8 1 1 15000 0.0282
8 1 1 15000 0.02814
8 1 1 15000 0.02829
8 1 1 15000 0.02824
8 1 1 15000 0.02808
8 1 1 15000 0.02824
8 1 1 15000 0.02787
8 1 1 10000 0.0127
8 1 1 10000 0.01254
8 1 1 10000 0.01284
8 1 1 10000 0.01299
8 1 1 10000 0.01233
8 1 1 10000 0.01967
8 1 1 10000 0.01918
8 1 1 10000 0.01943
8 1 1 10000 0.01959
8 1 1 10000 0.01914
8 1 1 10000 0.0195
8 1 1 10000 0.01933
8 1 1 10000 0.01925
8 1 2 113142 0.1487
8 1 2 113136 0.1474
8 1 2 113044 0.1168
8 1 2 112805 0.1142
8 1 2 112564 0.1093
8 1 2 109604 0.1429
8 1 2 108872 0.1416
8 1 2 106043 0.1399
8 1 2 104755 0.1381
8 1 2 101500 0.136
8 1 2 98445 0.1314
8 1 2 96748 0.1305
8 1 2 94667 0.1005
8 1 2 94367 0.09302
8 1 2 94283 0.09885
8 1 2 94089 0.09931
8 1 2 93296 0.125
8 1 2 92533 0.1245
8 1 2 87737 0.1203
8 1 2 86477 0.1197
8 1 2 85324 0.1198
8 1 2 85108 0.1391
8 1 2 84507 0.136
8 1 2 82631 0.1053
8 1 2 82458 0.08775
8 1 2 82392 0.08699
8 1 2 82145 0.114
8 1 2 81543 0.08661
8 1 2 80682 0.1201
8 1 2 79026 0.1202
8 1 2 78891 0.09892
8 1 2 78163 0.119
8 1 2 77283 0.119
8 1 2 76428 0.1209
8 1 2 75898 0.1164
8 1 2 74655 0.1109
8 1 2 71979 0.1128
8 1 2 53388 0.09381
8 1 2 53382 0.0942
8 1 2 53363 0.09377
8 1 2 53312 0.06894
8 1 2 53231 0.07115
8 1 2 53167 0.06561
8 1 2 53061 0.06971
8 1 2 52711 0.09287
8 1 2 51272 0.08896
8 1 2 50074 0.0871
8 1 2 49690 0.08641
8 1 2 48545 0.08417
8 1 2 47480 0.08325
8 1 2 36662 0.04493
8 1 2 36662 0.06499
8 1 2 36657 0.06434
8 1 2 36617 0.04587
8 1 2 36604 0.04584
8 1 2 36580 0.04434
8 1 2 36423 0.04586
8 1 2 36050 0.06506
8 1 2 35856 0.0651
8 1 2 35612 0.06413
8 1 2 34868 0.06149
8 1 2 34458 0.0613
8 1 2 33687 0.06087
8 1 2 25839 0.03052
8 1 2 25828 0.03
8 1 2 25818 0.04881
8 1 2 25806 0.02858
8 1 2 25767 0.03019
8 1 2 25701 0.04901
8 1 2 25267 0.02914
8 1 2 24948 0.04832
8 1 2 24910 0.04753
8 1 2 24735 0.04723
8 1 2 24513 0.04802
8 1 2 24255 0.04655
8 1 2 15303 0.01962
8 1 2 15299 0.01974
8 1 2 15298 0.0175
8 1 2 15291 0.01767
8 1 2 15284 0.02991
8 1 2 15267 0.029
8 1 2 15235 0.01868
8 1 2 15070 0.01814
8 1 2 15033 0.02921
8 1 2 15021 0.02938
8 1 2 14995 0.02813
8 1 2 14960 0.02962
8 1 2 14743 0.02934
8 1 2 10133 0.01366
8 1 2 10132 0.01362
8 1 2 10131 0.01346
8 1 2 10128 0.01341
8 1 2 10126 0.01274
8 1 2 10114 0.01962
8 1 2 10074 0.01949
8 1 2 10024 0.01938
8 1 2 10001 0.01968
8 1 2 9990 0.02017
8 1 2 9907 0.01958
8 1 2 9897 0.01931
8 1 3 127628 0.2195
8 1 3 127560 0.2168
8 1 3 127218 0.2145
8 1 3 127054 0.2143
8 1 3 124103 0.277
8 1 3 113111 0.1574
8 1 3 108967 0.1529
8 1 3 107938 0.1538
8 1 3 107938 0.1568
8 1 3 104776 0.1516
8 1 3 104626 0.1244
8 1 3 104611 0.1506
8 1 3 104285 0.1529
8 1 3 103920 0.1493
8 1 3 101439 0.1113
8 1 3 99336 0.1443
8 1 3 96673 0.1417
8 1 3 94899 0.1384
8 1 3 93269 0.1371
8 1 3 90574 0.1098
8 1 3 90546 0.1397
8 1 3 90405 0.1111
8 1 3 90233 0.1115
8 1 3 89679 0.1101
8 1 3 87820 0.1322
8 1 3 87001 0.1329
8 1 3 85663 0.1221
8 1 3 85169 0.1271
8 1 3 84709 0.1271
8 1 3 83958 0.1251
8 1 3 82821 0.1246
8 1 3 80978 0.122
8 1 3 79783 0.1209
8 1 3 79417 0.1194
8 1 3 75732 0.1165
8 1 3 72678 0.1126
8 1 3 72678 0.1106
8 1 3 56938 0.0763
8 1 3 56832 0.07514
8 1 3 56750 0.07639
8 1 3 56683 0.076
8 1 3 56581 0.07274
8 1 3 56368 0.07261
8 1 3 56044 0.0968
8 1 3 53395 0.09276
8 1 3 52547 0.09066
8 1 3 51489 0.09041
8 1 3 51037 0.08911
8 1 3 50466 0.08936
8 1 3 47727 0.08173
8 1 3 38353 0.04748
8 1 3 38300 0.04736
8 1 3 38268 0.04801
8 1 3 38202 0.04689
8 1 3 38037 0.06602
8 1 3 37500 0.06519
8 1 3 37285 0.06689
8 1 3 36574 0.06683
8 1 3 36000 0.06461
8 1 3 35686 0.06402
8 1 3 34921 0.06264
8 1 3 33883 0.06138
8 1 3 33423 0.06181
8 1 3 26672 0.03052
8 1 3 26658 0.03033
8 1 3 26631 0.03155
8 1 3 26566 0.04872
8 1 3 26207 0.04742
8 1 3 25909 0.04777
8 1 3 25391 0.04732
8 1 3 25286 0.04612
8 1 3 25050 0.04612
8 1 3 24924 0.04646
8 1 3 24309 0.04538
8 1 3 24095 0.04651
8 1 3 15605 0.01973
8 1 3 15601 0.01967
8 1 3 15595 0.01889
8 1 3 15591 0.01887
8 1 3 15568 0.0316
8 1 3 15520 0.01953
8 1 3 15390 0.02964
8 1 3 15321 0.0294
8 1 3 15235 0.02902
8 1 3 15003 0.02951
8 1 3 14897 0.02811
8 1 3 14706 0.02869
8 1 3 10270 0.01313
8 1 3 10268 0.02127
8 1 3 10264 0.01283
8 1 3 10261 0.01396
8 1 3 10259 0.01416
8 1 3 10248 0.0212
8 1 3 10230 0.01999
8 1 3 10119 0.01945
8 1 3 10103 0.01927
8 1 3 10040 0.01986
8 1 3 9991 0.01946
8 1 3 9954 0.01995
8 1 3 9903 0.01904
8 1 4 144491 0.2402
8 1 4 144479 0.2212
8 1 4 143403 0.2314
8 1 4 143358 0.2364
8 1 4 124050 0.2838
8 1 4 121399 0.172
8 1 4 118271 0.1454
8 1 4 116866 0.1639
8 1 4 116621 0.137
8 1 4 116493 0.1374
8 1 4 116127 0.1286
8 1 4 115787 0.1372
8 1 4 111767 0.1577
8 1 4 106520 0.1521
8 1 4 106109 0.1503
8 1 4 104562 0.1502
8 1 4 101186 0.1463
8 1 4 99462 0.1165
8 1 4 99179 0.1267
8 1 4 98822 0.1474
8 1 4 98637 0.1305
8 1 4 98026 0.149
8 1 4 96657 0.1332
8 1 4 94110 0.1383
8 1 4 91377 0.1337
8 1 4 88852 0.1321
8 1 4 88852 0.1347
8 1 4 86148 0.1283
8 1 4 84358 0.125
8 1 4 84358 0.1256
8 1 4 82687 0.1188
8 1 4 81615 0.1227
8 1 4 79007 0.1158
8 1 4 78692 0.1212
8 1 4 77133 0.1186
8 1 4 72950 0.1157
8 1 4 69954 0.1123
8 1 4 60663 0.07645
8 1 4 60589 0.07622
8 1 4 60457 0.07723
8 1 4 60419 0.07883
8 1 4 60200 0.0778
8 1 4 57867 0.1017
8 1 4 56379 0.09638
8 1 4 54963 0.09536
8 1 4 53628 0.09307
8 1 4 52760 0.09404
8 1 4 52195 0.09127
8 1 4 50918 0.08875
8 1 4 46822 0.08163
8 1 4 40089 0.04891
8 1 4 40060 0.05161
8 1 4 40014 0.05076
8 1 4 39926 0.05042
8 1 4 39146 0.06988
8 1 4 38290 0.06818
8 1 4 37500 0.06659
8 1 4 36939 0.06578
8 1 4 36162 0.06494
8 1 4 35889 0.06519
8 1 4 34889 0.06369
8 1 4 33553 0.05982
8 1 4 33174 0.06083
8 1 4 27564 0.03264
8 1 4 27542 0.03274
8 1 4 27507 0.03171
8 1 4 27147 0.05151
8 1 4 26473 0.05113
8 1 4 26245 0.04983
8 1 4 26130 0.05088
8 1 4 25224 0.04786
8 1 4 24938 0.04937
8 1 4 24790 0.04747
8 1 4 24550 0.04766
8 1 4 23282 0.04445
8 1 4 15919 0.02013
8 1 4 15909 0.0197
8 1 4 15902 0.02
8 1 4 15879 0.02074
8 1 4 15714 0.03053
8 1 4 15637 0.03152
8 1 4 15459 0.03157
8 1 4 15351 0.02936
8 1 4 15260 0.02891
8 1 4 15070 0.02877
8 1 4 14923 0.02891
8 1 4 14719 0.03001
8 1 4 10404 0.01492
8 1 4 10402 0.01508
8 1 4 10398 0.01478
8 1 4 10394 0.0147
8 1 4 10389 0.01359
8 1 4 10347 0.0225
8 1 4 10250 0.02101
8 1 4 10224 0.02032
8 1 4 10153 0.0201
8 1 4 10143 0.01961
8 1 4 10093 0.01996
8 1 4 10040 0.02058
8 1 4 9871 0.01966
8 1 5 162896 0.2533
8 1 5 162896 0.2541
8 1 5 161888 0.2534
8 1 5 155894 0.2466
8 1 5 140031 0.2962
8 1 5 130061 0.1998
8 1 5 129436 0.1935
8 1 5 128844 0.1915
8 1 5 127116 0.2747
8 1 5 124805 0.2026
8 1 5 120624 0.1671
8 1 5 119222 0.167
8 1 5 115287 0.1675
8 1 5 113371 0.1642
8 1 5 108953 0.1424
8 1 5 108588 0.1391
8 1 5 108474 0.1569
8 1 5 107876 0.1567
8 1 5 105657 0.156
8 1 5 104832 0.1312
8 1 5 102825 0.1517
8 1 5 102266 0.1484
8 1 5 100532 0.1449
8 1 5 97737 0.1409
8 1 5 95165 0.1415
8 1 5 92439 0.1354
8 1 5 92327 0.1354
8 1 5 89322 0.1339
8 1 5 87986 0.1297
8 1 5 86727 0.1288
8 1 5 85097 0.1286
8 1 5 83329 0.1257
8 1 5 83013 0.1226
8 1 5 80061 0.1207
8 1 5 79400 0.1267
8 1 5 73426 0.1167
8 1 5 68317 0.1097
8 1 5 64576 0.07948
8 1 5 64423 0.0809
8 1 5 64328 0.08163
8 1 5 64149 0.08074
8 1 5 61410 0.07842
8 1 5 58333 0.0993
8 1 5 56602 0.09727
8 1 5 55508 0.09562
8 1 5 54840 0.09413
8 1 5 54154 0.093
8 1 5 51914 0.09309
8 1 5 50922 0.08819
8 1 5 47714 0.08429
8 1 5 41946 0.05125
8 1 5 41892 0.05087
8 1 5 41779 0.05512
8 1 5 41709 0.05112
8 1 5 40089 0.06921
8 1 5 39541 0.07003
8 1 5 38404 0.06801
8 1 5 37884 0.07037
8 1 5 35658 0.0679
8 1 5 35294 0.06537
8 1 5 34526 0.06527
8 1 5 33166 0.06227
8 1 5 32641 0.05958
8 1 5 28459 0.03609
8 1 5 28414 0.03131
8 1 5 28330 0.03371
8 1 5 27547 0.03346
8 1 5 27135 0.04974
8 1 5 26946 0.05107
8 1 5 25669 0.04995
8 1 5 25442 0.0493
8 1 5 25240 0.0483
8 1 5 24924 0.04733
8 1 5 24376 0.04674
8 1 5 23577 0.04467
8 1 5 16230 0.02044
8 1 5 16214 0.02123
8 1 5 16200 0.01916
8 1 5 16090 0.03114
8 1 5 15928 0.01947
8 1 5 15812 0.03229
8 1 5 15662 0.03082
8 1 5 15430 0.03155
8 1 5 15246 0.03004
8 1 5 15195 0.02918
8 1 5 14845 0.02905
8 1 5 14737 0.02871
8 1 5 10540 0.01416
8 1 5 10538 0.01402
8 1 5 10533 0.01372
8 1 5 10528 0.01406
8 1 5 10520 0.01412
8 1 5 10319 0.02171
8 1 5 10262 0.0219
8 1 5 10228 0.0205
8 1 5 10207 0.02029
8 1 5 10134 0.02007
8 1 5 10108 0.02006
8 1 5 10059 0.02024
8 1 5 9897 0.01984
