2 0 1 100000 0.1423
2 0 1 100000 0.1383
2 0 1 100000 0.1411
2 0 1 100000 0.1377
2 0 1 100000 0.1449
2 0 1 100000 0.1405
2 0 1 100000 0.1385
2 0 1 100000 0.1125
2 0 1 100000 0.115
2 0 1 100000 0.1155
2 0 1 100000 0.1161
2 0 1 100000 0.1125
2 0 1 100000 0.1154
2 0 1 100000 0.1144
2 0 1 100000 0.1165
2 0 1 100000 0.1139
2 0 1 100000 0.1162
2 0 1 100000 0.1464
2 0 1 100000 0.1469
2 0 1 100000 0.1481
2 0 1 100000 0.1464
2 0 1 100000 0.1459
2 0 1 100000 0.143
2 0 1 100000 0.1433
2 0 1 100000 0.1426
2 0 1 100000 0.1517
2 0 1 100000 0.1751
2 0 1 100000 0.1751
2 0 1 100000 0.1449
2 0 1 100000 0.1473
2 0 1 100000 0.1449
2 0 1 100000 0.1451
2 0 1 100000 0.1434
2 0 1 100000 0.08551
2 0 1 100000 0.08496
2 0 1 100000 0.08452
2 0 1 100000 0.08498
2 0 1 100000 0.08481
2 0 1 100000 0.08406
2 0 1 100000 0.08395
2 0 1 100000 0.08319
2 0 1 100000 0.08361
2 0 1 100000 0.08442
2 0 1 100000 0.08461
2 0 1 100000 0.08487
2 0 1 100000 0.08418
2 0 1 100000 0.08414
2 0 1 100000 0.08345
2 0 1 100000 0.0845
2 0 1 100000 0.08423
2 0 1 85000 0.1022
2 0 1 85000 0.1015
2 0 1 85000 0.1027
2 0 1 85000 0.1015
2 0 1 85000 0.1019
2 0 1 85000 0.1012
2 0 1 85000 0.1014
2 0 1 85000 0.1023
2 0 1 85000 0.0994
2 0 1 85000 0.1019
2 0 1 85000 0.1021
2 0 1 85000 0.101
2 0 1 85000 0.1011
2 0 1 85000 0.1019
2 0 1 85000 0.1032
2 0 1 85000 0.103
2 0 1 85000 0.1005
2 0 1 85000 0.1299
2 0 1 85000 0.1289
2 0 1 85000 0.1284
2 0 1 85000 0.13
2 0 1 85000 0.1282
2 0 1 85000 0.1296
2 0 1 85000 0.1298
2 0 1 85000 0.1298
2 0 1 85000 0.1309
2 0 1 85000 0.13
2 0 1 85000 0.1315
2 0 1 85000 0.1285
2 0 1 85000 0.1308
2 0 1 85000 0.1315
2 0 1 85000 0.127
2 0 1 85000 0.1295
2 0 1 85000 0.07359
2 0 1 85000 0.07319
2 0 1 85000 0.07374
2 0 1 85000 0.07323
2 0 1 85000 0.07393
2 0 1 85000 0.07419
2 0 1 85000 0.07313
2 0 1 85000 0.07422
2 0 1 85000 0.07425
2 0 1 85000 0.07407
2 0 1 85000 0.07364
2 0 1 85000 0.07282
2 0 1 85000 0.0732
2 0 1 85000 0.07342
2 0 1 85000 0.07341
2 0 1 85000 0.07386
2 0 1 85000 0.07391
2 0 1 75000 0.09127
2 0 1 75000 0.0894
2 0 1 75000 0.09149
2 0 1 75000 0.09124
2 0 1 75000 0.09155
2 0 1 75000 0.09003
2 0 1 75000 0.09135
2 0 1 75000 0.09182
2 0 1 75000 0.09338
2 0 1 75000 0.09208
2 0 1 75000 0.09145
2 0 1 75000 0.08924
2 0 1 75000 0.08871
2 0 1 75000 0.09048
2 0 1 75000 0.09063
2 0 1 75000 0.09166
2 0 1 75000 0.09379
2 0 1 75000 0.1196
2 0 1 75000 0.1192
2 0 1 75000 0.1185
2 0 1 75000 0.12
2 0 1 75000 0.1195
2 0 1 75000 0.1194
2 0 1 75000 0.1213
2 0 1 75000 0.1201
2 0 1 75000 0.1207
2 0 1 75000 0.1194
2 0 1 75000 0.1208
2 0 1 75000 0.1206
2 0 1 75000 0.1185
2 0 1 75000 0.1198
2 0 1 75000 0.1203
2 0 1 75000 0.1196
2 0 1 75000 0.06245
2 0 1 75000 0.06358
2 0 1 75000 0.06188
2 0 1 75000 0.06302
2 0 1 75000 0.06273
2 0 1 75000 0.06213
2 0 1 75000 0.06234
2 0 1 75000 0.06272
2 0 1 75000 0.06226
2 0 1 75000 0.06332
2 0 1 75000 0.06354
2 0 1 75000 0.06224
2 0 1 75000 0.06203
2 0 1 75000 0.06245
2 0 1 75000 0.06265
2 0 1 75000 0.0626
2 0 1 75000 0.06144
2 0 1 50000 0.06562
2 0 1 50000 0.06226
2 0 1 50000 0.06444
2 0 1 50000 0.0647
2 0 1 50000 0.06103
2 0 1 50000 0.06092
2 0 1 50000 0.06348
2 0 1 50000 0.06272
2 0 1 50000 0.06258
2 0 1 50000 0.06343
2 0 1 50000 0.06198
2 0 1 50000 0.06219
2 0 1 50000 0.06399
2 0 1 50000 0.06156
2 0 1 50000 0.06148
2 0 1 50000 0.06299
2 0 1 50000 0.06416
2 0 1 50000 0.08905
2 0 1 50000 0.08827
2 0 1 50000 0.08912
2 0 1 50000 0.08754
2 0 1 50000 0.08894
2 0 1 50000 0.08853
2 0 1 50000 0.08741
2 0 1 50000 0.08855
2 0 1 50000 0.08863
2 0 1 50000 0.08708
2 0 1 50000 0.08812
2 0 1 50000 0.08938
2 0 1 50000 0.08719
2 0 1 50000 0.08787
2 0 1 50000 0.08737
2 0 1 50000 0.08729
2 0 1 50000 0.03689
2 0 1 50000 0.03649
2 0 1 50000 0.03657
2 0 1 50000 0.03635
2 0 1 50000 0.03629
2 0 1 50000 0.03634
2 0 1 50000 0.03688
2 0 1 50000 0.03691
2 0 1 50000 0.04603
2 0 1 50000 0.0465
2 0 1 50000 0.04631
2 0 1 50000 0.04597
2 0 1 50000 0.046
2 0 1 50000 0.04592
2 0 1 50000 0.04582
2 0 1 50000 0.04589
2 0 1 50000 0.04594
2 0 1 35000 0.04861
2 0 1 35000 0.04319
2 0 1 35000 0.0435
2 0 1 35000 0.043
2 0 1 35000 0.04222
2 0 1 35000 0.04239
2 0 1 35000 0.04366
2 0 1 35000 0.04327
2 0 1 35000 0.04405
2 0 1 35000 0.04209
2 0 1 35000 0.04355
2 0 1 35000 0.04328
2 0 1 35000 0.04483
2 0 1 35000 0.0424
2 0 1 35000 0.04445
2 0 1 35000 0.04364
2 0 1 35000 0.04423
2 0 1 35000 0.06337
2 0 1 35000 0.06336
2 0 1 35000 0.06461
2 0 1 35000 0.0636
2 0 1 35000 0.0636
2 0 1 35000 0.06418
2 0 1 35000 0.06333
2 0 1 35000 0.0628
2 0 1 35000 0.06439
2 0 1 35000 0.06429
2 0 1 35000 0.06426
2 0 1 35000 0.06268
2 0 1 35000 0.06308
2 0 1 35000 0.06218
2 0 1 35000 0.06302
2 0 1 35000 0.06377
2 0 1 35000 0.02211
2 0 1 35000 0.02197
2 0 1 35000 0.02212
2 0 1 35000 0.0216
2 0 1 35000 0.02191
2 0 1 35000 0.02196
2 0 1 35000 0.02211
2 0 1 35000 0.02222
2 0 1 35000 0.02217
2 0 1 35000 0.02219
2 0 1 35000 0.02232
2 0 1 35000 0.0222
2 0 1 35000 0.02204
2 0 1 35000 0.02223
2 0 1 35000 0.02213
2 0 1 35000 0.02199
2 0 1 35000 0.02203
2 0 1 25000 0.02853
2 0 1 25000 0.0278
2 0 1 25000 0.02818
2 0 1 25000 0.02772
2 0 1 25000 0.0277
2 0 1 25000 0.02808
2 0 1 25000 0.02792
2 0 1 25000 0.02814
2 0 1 25000 0.02884
2 0 1 25000 0.02738
2 0 1 25000 0.02741
2 0 1 25000 0.02829
2 0 1 25000 0.0292
2 0 1 25000 0.02888
2 0 1 25000 0.02732
2 0 1 25000 0.02727
2 0 1 25000 0.02682
2 0 1 25000 0.04464
2 0 1 25000 0.04555
2 0 1 25000 0.04531
2 0 1 25000 0.04564
2 0 1 25000 0.04635
2 0 1 25000 0.04608
2 0 1 25000 0.04531
2 0 1 25000 0.04546
2 0 1 25000 0.04636
2 0 1 25000 0.0452
2 0 1 25000 0.0455
2 0 1 25000 0.04573
2 0 1 25000 0.0451
2 0 1 25000 0.04545
2 0 1 25000 0.04607
2 0 1 25000 0.04581
2 0 1 25000 0.0101
2 0 1 25000 0.01003
2 0 1 25000 0.01014
2 0 1 25000 0.0101
2 0 1 25000 0.01012
2 0 1 25000 0.009912
2 0 1 25000 0.01014
2 0 1 25000 0.009963
2 0 1 25000 0.009972
2 0 1 25000 0.009973
2 0 1 25000 0.01004
2 0 1 25000 0.01
2 0 1 25000 0.01016
2 0 1 25000 0.01004
2 0 1 25000 0.01011
2 0 1 25000 0.01015
2 0 1 25000 0.01003
2 0 1 15000 0.01754
2 0 1 15000 0.01769
2 0 1 15000 0.01763
2 0 1 15000 0.01716
2 0 1 15000 0.01767
2 0 1 15000 0.01751
2 0 1 15000 0.01798
2 0 1 15000 0.01759
2 0 1 15000 0.01751
2 0 1 15000 0.01705
2 0 1 15000 0.01702
2 0 1 15000 0.01739
2 0 1 15000 0.0178
2 0 1 15000 0.01758
2 0 1 15000 0.01795
2 0 1 15000 0.01783
2 0 1 15000 0.01761
2 0 1 15000 0.02806
2 0 1 15000 0.02816
2 0 1 15000 0.02809
2 0 1 15000 0.02814
2 0 1 15000 0.02797
2 0 1 15000 0.02809
2 0 1 15000 0.02807
2 0 1 15000 0.02784
2 0 1 15000 0.02806
2 0 1 15000 0.02816
2 0 1 15000 0.02752
2 0 1 15000 0.02801
2 0 1 15000 0.02803
2 0 1 15000 0.02791
2 0 1 15000 0.02817
2 0 1 15000 0.02764
2 0 1 15000 0.006528
2 0 1 15000 0.006456
2 0 1 15000 0.00658
2 0 1 15000 0.006526
2 0 1 15000 0.006557
2 0 1 15000 0.006568
2 0 1 15000 0.006554
2 0 1 15000 0.006456
2 0 1 15000 0.006678
2 0 1 15000 0.006554
2 0 1 15000 0.006458
2 0 1 15000 0.006463
2 0 1 15000 0.006468
2 0 1 15000 0.006579
2 0 1 15000 0.0065
2 0 1 15000 0.006561
2 0 1 15000 0.006517
2 0 1 10000 0.01286
2 0 1 10000 0.01322
2 0 1 10000 0.01234
2 0 1 10000 0.0126
2 0 1 10000 0.01289
2 0 1 10000 0.01301
2 0 1 10000 0.01267
2 0 1 10000 0.01304
2 0 1 10000 0.01269
2 0 1 10000 0.01274
2 0 1 10000 0.01312
2 0 1 10000 0.01258
2 0 1 10000 0.01262
2 0 1 10000 0.0128
2 0 1 10000 0.01303
2 0 1 10000 0.01334
2 0 1 10000 0.01248
2 0 1 10000 0.02021
2 0 1 10000 0.01963
2 0 1 10000 0.01983
2 0 1 10000 0.02005
2 0 1 10000 0.01969
2 0 1 10000 0.01995
2 0 1 10000 0.01983
2 0 1 10000 0.01985
2 0 1 10000 0.02004
2 0 1 10000 0.02028
2 0 1 10000 0.01975
2 0 1 10000 0.01997
2 0 1 10000 0.01983
2 0 1 10000 0.01987
2 0 1 10000 0.01993
2 0 1 10000 0.02003
2 0 1 10000 0.00511
2 0 1 10000 0.005134
2 0 1 10000 0.005122
2 0 1 10000 0.005154
2 0 1 10000 0.005135
2 0 1 10000 0.005142
2 0 1 10000 0.00521
2 0 1 10000 0.005119
2 0 1 10000 0.00511
2 0 1 10000 0.005188
2 0 1 10000 0.005129
2 0 1 10000 0.00514
2 0 1 10000 0.005277
2 0 1 10000 0.005202
2 0 1 10000 0.005146
2 0 1 10000 0.00509
2 0 1 10000 0.0052
2 0 2 113482 0.1505
2 0 2 113340 0.1186
2 0 2 113142 0.1179
2 0 2 113106 0.1156
2 0 2 113088 0.1467
2 0 2 113071 0.1165
2 0 2 113044 0.1181
2 0 2 113001 0.1166
2 0 2 112992 0.1161
2 0 2 112875 0.1174
2 0 2 112840 0.1169
2 0 2 112804 0.1171
2 0 2 112429 0.1182
2 0 2 112429 0.1175
2 0 2 111882 0.1475
2 0 2 110939 0.1474
2 0 2 110892 0.1173
2 0 2 109560 0.1451
2 0 2 108992 0.1413
2 0 2 108301 0.1448
2 0 2 106018 0.112
2 0 2 103784 0.1096
2 0 2 103652 0.1396
2 0 2 103100 0.1383
2 0 2 102279 0.1387
2 0 2 101794 0.1455
2 0 2 101500 0.1459
2 0 2 101320 0.1458
2 0 2 100000 0.08476
2 0 2 100000 0.08454
2 0 2 100000 0.08513
2 0 2 100000 0.08475
2 0 2 100000 0.08442
2 0 2 100000 0.0835
2 0 2 100000 0.08409
2 0 2 100000 0.08381
2 0 2 100000 0.08388
2 0 2 100000 0.08333
2 0 2 100000 0.08383
2 0 2 100000 0.08307
2 0 2 100000 0.08339
2 0 2 100000 0.08369
2 0 2 100000 0.08387
2 0 2 100000 0.08369
2 0 2 99961 0.1426
2 0 2 99875 0.1438
2 0 2 98053 0.1424
2 0 2 95208 0.1401
2 0 2 94670 0.1098
2 0 2 94575 0.1062
2 0 2 94548 0.1067
2 0 2 94494 0.1394
2 0 2 94475 0.1088
2 0 2 94408 0.111
2 0 2 94394 0.1125
2 0 2 94351 0.1077
2 0 2 94300 0.1097
2 0 2 94233 0.1084
2 0 2 94179 0.1094
2 0 2 94142 0.1082
2 0 2 94134 0.1093
2 0 2 93925 0.1081
2 0 2 93866 0.1089
2 0 2 93430 0.1373
2 0 2 93037 0.1081
2 0 2 92659 0.1384
2 0 2 92533 0.1343
2 0 2 91856 0.1067
2 0 2 90925 0.1334
2 0 2 87306 0.133
2 0 2 86966 0.1314
2 0 2 86936 0.1308
2 0 2 86409 0.1306
2 0 2 85108 0.1276
2 0 2 85000 0.07489
2 0 2 85000 0.07358
2 0 2 85000 0.07429
2 0 2 85000 0.0733
2 0 2 85000 0.07348
2 0 2 85000 0.07309
2 0 2 85000 0.07341
2 0 2 85000 0.0734
2 0 2 85000 0.07313
2 0 2 85000 0.07257
2 0 2 85000 0.07426
2 0 2 85000 0.07367
2 0 2 85000 0.07306
2 0 2 85000 0.0745
2 0 2 85000 0.07297
2 0 2 85000 0.07144
2 0 2 85000 0.07358
2 0 2 84942 0.1303
2 0 2 84346 0.1
2 0 2 84245 0.1294
2 0 2 82607 0.1268
2 0 2 82474 0.09667
2 0 2 82472 0.09787
2 0 2 82461 0.09948
2 0 2 82446 0.09709
2 0 2 82423 0.1003
2 0 2 82422 0.09651
2 0 2 82417 0.09616
2 0 2 82404 0.1264
2 0 2 82349 0.09853
2 0 2 82288 0.09689
2 0 2 82239 0.09536
2 0 2 82237 0.1008
2 0 2 82216 0.09891
2 0 2 82173 0.1013
2 0 2 82095 0.09871
2 0 2 82053 0.1009
2 0 2 81699 0.09962
2 0 2 81591 0.1279
2 0 2 81126 0.1243
2 0 2 80814 0.1225
2 0 2 80004 0.123
2 0 2 79340 0.1241
2 0 2 78948 0.1241
2 0 2 78769 0.1232
2 0 2 78218 0.1231
2 0 2 77480 0.1217
2 0 2 77480 0.1214
2 0 2 77316 0.1215
2 0 2 77055 0.1183
2 0 2 76254 0.1196
2 0 2 75895 0.1223
2 0 2 75870 0.1214
2 0 2 75486 0.1207
2 0 2 75000 0.06174
2 0 2 75000 0.06191
2 0 2 75000 0.06093
2 0 2 75000 0.06238
2 0 2 75000 0.06229
2 0 2 75000 0.0632
2 0 2 75000 0.06298
2 0 2 75000 0.06346
2 0 2 75000 0.063
2 0 2 75000 0.06294
2 0 2 75000 0.06258
2 0 2 75000 0.06349
2 0 2 75000 0.06303
2 0 2 75000 0.06207
2 0 2 75000 0.06213
2 0 2 75000 0.06171
2 0 2 75000 0.06249
2 0 2 74955 0.1188
2 0 2 73932 0.1176
2 0 2 73932 0.1174
2 0 2 71689 0.1166
2 0 2 71689 0.1167
2 0 2 53383 0.09517
2 0 2 53372 0.06979
2 0 2 53365 0.09446
2 0 2 53360 0.06756
2 0 2 53346 0.06893
2 0 2 53331 0.0676
2 0 2 53312 0.06601
2 0 2 53301 0.06763
2 0 2 53292 0.0675
2 0 2 53292 0.06754
2 0 2 53265 0.06968
2 0 2 53264 0.06863
2 0 2 53231 0.07012
2 0 2 53211 0.09298
2 0 2 53192 0.0678
2 0 2 53170 0.06725
2 0 2 53151 0.06647
2 0 2 53110 0.06833
2 0 2 53059 0.09261
2 0 2 53013 0.09178
2 0 2 52907 0.09347
2 0 2 52280 0.09201
2 0 2 52137 0.0913
2 0 2 51999 0.08828
2 0 2 51367 0.09143
2 0 2 51270 0.08984
2 0 2 51170 0.065
2 0 2 50776 0.08871
2 0 2 50426 0.08957
2 0 2 50426 0.08978
2 0 2 50000 0.03604
2 0 2 50000 0.03633
2 0 2 50000 0.03593
2 0 2 50000 0.03589
2 0 2 50000 0.03575
2 0 2 50000 0.03661
2 0 2 50000 0.03645
2 0 2 50000 0.03641
2 0 2 50000 0.03643
2 0 2 50000 0.03652
2 0 2 50000 0.03589
2 0 2 50000 0.03588
2 0 2 50000 0.03555
2 0 2 50000 0.03606
2 0 2 50000 0.03592
2 0 2 50000 0.03626
2 0 2 49795 0.08728
2 0 2 49795 0.0872
2 0 2 47480 0.08547
2 0 2 47480 0.0852
2 0 2 36662 0.0466
2 0 2 36662 0.04644
2 0 2 36662 0.06647
2 0 2 36662 0.06645
2 0 2 36662 0.06568
2 0 2 36647 0.04631
2 0 2 36645 0.04705
2 0 2 36634 0.04668
2 0 2 36620 0.04635
2 0 2 36617 0.04499
2 0 2 36613 0.04673
2 0 2 36609 0.046
2 0 2 36603 0.04635
2 0 2 36602 0.0459
2 0 2 36590 0.04655
2 0 2 36585 0.0454
2 0 2 36580 0.04631
2 0 2 36580 0.04645
2 0 2 36572 0.04796
2 0 2 36568 0.04553
2 0 2 36222 0.06646
2 0 2 36209 0.06551
2 0 2 35962 0.06517
2 0 2 35938 0.06586
2 0 2 35760 0.06611
2 0 2 35612 0.06531
2 0 2 35087 0.04399
2 0 2 35087 0.06483
2 0 2 35000 0.02344
2 0 2 35000 0.02341
2 0 2 35000 0.02342
2 0 2 35000 0.02335
2 0 2 35000 0.02347
2 0 2 35000 0.02319
2 0 2 35000 0.02301
2 0 2 35000 0.02292
2 0 2 35000 0.0229
2 0 2 35000 0.023
2 0 2 35000 0.0232
2 0 2 35000 0.02299
2 0 2 35000 0.02317
2 0 2 35000 0.02312
2 0 2 35000 0.02291
2 0 2 35000 0.02295
2 0 2 35000 0.02277
2 0 2 34825 0.0641
2 0 2 34650 0.06222
2 0 2 34387 0.06207
2 0 2 33687 0.06069
2 0 2 33687 0.0605
2 0 2 25844 0.0475
2 0 2 25842 0.02923
2 0 2 25837 0.02847
2 0 2 25836 0.02963
2 0 2 25833 0.02828
2 0 2 25829 0.02785
2 0 2 25825 0.02858
2 0 2 25820 0.02942
2 0 2 25817 0.02854
2 0 2 25816 0.02937
2 0 2 25815 0.04713
2 0 2 25808 0.02793
2 0 2 25805 0.02826
2 0 2 25804 0.02898
2 0 2 25791 0.0273
2 0 2 25789 0.02851
2 0 2 25753 0.02839
2 0 2 25724 0.02896
2 0 2 25593 0.04755
2 0 2 25593 0.0475
2 0 2 25456 0.0467
2 0 2 25267 0.04634
2 0 2 25222 0.04601
2 0 2 25180 0.0465
2 0 2 25000 0.009915
2 0 2 25000 0.01008
2 0 2 25000 0.01006
2 0 2 25000 0.01017
2 0 2 25000 0.01017
2 0 2 25000 0.0102
2 0 2 25000 0.01022
2 0 2 25000 0.01012
2 0 2 25000 0.0101
2 0 2 25000 0.009972
2 0 2 25000 0.01022
2 0 2 25000 0.01003
2 0 2 25000 0.01002
2 0 2 25000 0.009945
2 0 2 25000 0.01013
2 0 2 25000 0.009974
2 0 2 24953 0.04546
2 0 2 24949 0.0466
2 0 2 24735 0.04608
2 0 2 24735 0.04628
2 0 2 24641 0.04565
2 0 2 24513 0.04595
2 0 2 24392 0.04395
2 0 2 24284 0.04407
2 0 2 24235 0.02776
2 0 2 24136 0.04408
2 0 2 15304 0.01702
2 0 2 15303 0.01745
2 0 2 15303 0.01743
2 0 2 15301 0.01682
2 0 2 15300 0.01798
2 0 2 15299 0.01783
2 0 2 15299 0.01813
2 0 2 15299 0.02833
2 0 2 15298 0.01701
2 0 2 15298 0.01828
2 0 2 15298 0.01866
2 0 2 15295 0.01722
2 0 2 15291 0.01768
2 0 2 15289 0.01866
2 0 2 15288 0.01735
2 0 2 15283 0.01872
2 0 2 15281 0.01822
2 0 2 15273 0.02851
2 0 2 15267 0.02897
2 0 2 15265 0.02875
2 0 2 15228 0.02797
2 0 2 15166 0.02836
2 0 2 15144 0.02895
2 0 2 15032 0.02781
2 0 2 15018 0.02846
2 0 2 15018 0.02839
2 0 2 15000 0.02826
2 0 2 15000 0.006629
2 0 2 15000 0.006599
2 0 2 15000 0.006534
2 0 2 15000 0.006674
2 0 2 15000 0.006535
2 0 2 15000 0.006551
2 0 2 15000 0.006542
2 0 2 15000 0.006613
2 0 2 15000 0.006585
2 0 2 15000 0.006574
2 0 2 15000 0.006708
2 0 2 15000 0.006562
2 0 2 15000 0.006524
2 0 2 15000 0.006537
2 0 2 15000 0.006687
2 0 2 15000 0.006561
2 0 2 14996 0.02841
2 0 2 14995 0.02844
2 0 2 14986 0.02834
2 0 2 14941 0.02851
2 0 2 14910 0.0281
2 0 2 14767 0.02751
2 0 2 14767 0.02765
2 0 2 10134 0.0131
2 0 2 10134 0.01278
2 0 2 10134 0.01302
2 0 2 10133 0.01301
2 0 2 10133 0.01307
2 0 2 10132 0.01308
2 0 2 10132 0.01273
2 0 2 10132 0.01351
2 0 2 10132 0.01375
2 0 2 10131 0.01314
2 0 2 10131 0.02006
2 0 2 10130 0.02041
2 0 2 10129 0.0134
2 0 2 10128 0.01321
2 0 2 10127 0.0128
2 0 2 10127 0.01278
2 0 2 10126 0.01338
2 0 2 10122 0.02018
2 0 2 10121 0.01277
2 0 2 10119 0.02011
2 0 2 10099 0.02042
2 0 2 10096 0.0206
2 0 2 10088 0.02039
2 0 2 10085 0.02047
2 0 2 10079 0.02004
2 0 2 10047 0.01992
2 0 2 10032 0.01999
2 0 2 10024 0.02031
2 0 2 10011 0.01321
2 0 2 10000 0.005198
2 0 2 10000 0.005242
2 0 2 10000 0.005248
2 0 2 10000 0.005306
2 0 2 10000 0.005832
2 0 2 10000 0.005807
2 0 2 10000 0.005841
2 0 2 10000 0.005812
2 0 2 10000 0.005891
2 0 2 10000 0.005911
2 0 2 10000 0.005958
2 0 2 10000 0.006006
2 0 2 10000 0.005922
2 0 2 10000 0.006073
2 0 2 10000 0.005983
2 0 2 10000 0.005885
2 0 2 9992 0.02059
2 0 2 9989 0.02028
2 0 2 9940 0.01948
2 0 2 9914 0.0197
2 0 2 9873 0.02003
2 0 3 128366 0.2905
2 0 3 128156 0.2131
2 0 3 128121 0.2131
2 0 3 127972 0.2143
2 0 3 127840 0.2119
2 0 3 127840 0.2122
2 0 3 127602 0.2072
2 0 3 127544 0.2136
2 0 3 127462 0.2081
2 0 3 127462 0.2078
2 0 3 127245 0.1999
2 0 3 126804 0.1959
2 0 3 126137 0.1893
2 0 3 124714 0.1894
2 0 3 123904 0.1915
2 0 3 121008 0.1232
2 0 3 118729 0.148
2 0 3 114566 0.1629
2 0 3 111149 0.1562
2 0 3 111149 0.1649
2 0 3 110234 0.1552
2 0 3 108664 0.1395
2 0 3 107792 0.1407
2 0 3 106967 0.1385
2 0 3 105185 0.1107
2 0 3 104946 0.1087
2 0 3 104944 0.1052
2 0 3 104907 0.1082
2 0 3 104742 0.1306
2 0 3 104657 0.1803
2 0 3 104544 0.154
2 0 3 104458 0.137
2 0 3 104436 0.1099
2 0 3 104405 0.1083
2 0 3 104356 0.1147
2 0 3 104278 0.1163
2 0 3 104169 0.113
2 0 3 104041 0.1142
2 0 3 103902 0.1155
2 0 3 103856 0.1151
2 0 3 103445 0.1108
2 0 3 103180 0.142
2 0 3 102194 0.1133
2 0 3 102194 0.1121
2 0 3 101909 0.112
2 0 3 101288 0.1408
2 0 3 100000 0.0842
2 0 3 100000 0.07652
2 0 3 100000 0.07992
2 0 3 100000 0.0844
2 0 3 100000 0.0777
2 0 3 100000 0.07859
2 0 3 100000 0.0799
2 0 3 100000 0.08091
2 0 3 100000 0.08114
2 0 3 100000 0.07984
2 0 3 100000 0.08144
2 0 3 100000 0.08168
2 0 3 100000 0.08185
2 0 3 100000 0.08175
2 0 3 100000 0.08051
2 0 3 100000 0.08136
2 0 3 99167 0.1268
2 0 3 99167 0.1328
2 0 3 97565 0.1329
2 0 3 97200 0.1391
2 0 3 94018 0.1332
2 0 3 94018 0.1334
2 0 3 92434 0.133
2 0 3 92391 0.1314
2 0 3 90613 0.1275
2 0 3 90597 0.1273
2 0 3 90495 0.09499
2 0 3 90474 0.1025
2 0 3 90346 0.1002
2 0 3 90345 0.1007
2 0 3 90280 0.1
2 0 3 90192 0.101
2 0 3 90174 0.102
2 0 3 90141 0.1023
2 0 3 90071 0.1029
2 0 3 90071 0.1023
2 0 3 90027 0.1027
2 0 3 89952 0.1005
2 0 3 89945 0.1015
2 0 3 89783 0.1017
2 0 3 89432 0.1016
2 0 3 89432 0.101
2 0 3 89334 0.1297
2 0 3 88134 0.1296
2 0 3 87833 0.1256
2 0 3 86093 0.1291
2 0 3 85008 0.1234
2 0 3 85008 0.1246
2 0 3 85000 0.06775
2 0 3 85000 0.07398
2 0 3 85000 0.07474
2 0 3 85000 0.07368
2 0 3 85000 0.07365
2 0 3 85000 0.07215
2 0 3 85000 0.07008
2 0 3 85000 0.07105
2 0 3 85000 0.06826
2 0 3 85000 0.07023
2 0 3 85000 0.07091
2 0 3 85000 0.06645
2 0 3 85000 0.06828
2 0 3 85000 0.07057
2 0 3 85000 0.0708
2 0 3 85000 0.06839
2 0 3 84414 0.1161
2 0 3 84207 0.1218
2 0 3 83877 0.1205
2 0 3 83637 0.1213
2 0 3 82485 0.1218
2 0 3 82485 0.119
2 0 3 82268 0.1196
2 0 3 82100 0.1191
2 0 3 81297 0.1203
2 0 3 81297 0.1204
2 0 3 79145 0.1194
2 0 3 78782 0.1185
2 0 3 78333 0.118
2 0 3 77401 0.1147
2 0 3 76440 0.1188
2 0 3 75477 0.1151
2 0 3 75462 0.1147
2 0 3 75000 0.05531
2 0 3 75000 0.06051
2 0 3 75000 0.06325
2 0 3 75000 0.06093
2 0 3 75000 0.05932
2 0 3 75000 0.05954
2 0 3 75000 0.05949
2 0 3 75000 0.0602
2 0 3 75000 0.05856
2 0 3 75000 0.06003
2 0 3 75000 0.06316
2 0 3 75000 0.06273
2 0 3 75000 0.06198
2 0 3 75000 0.06183
2 0 3 75000 0.05816
2 0 3 75000 0.05942
2 0 3 75000 0.05725
2 0 3 74600 0.1129
2 0 3 73304 0.1119
2 0 3 72913 0.1142
2 0 3 72523 0.1127
2 0 3 70938 0.113
2 0 3 67107 0.1094
2 0 3 56908 0.07141
2 0 3 56890 0.07078
2 0 3 56822 0.07115
2 0 3 56785 0.07242
2 0 3 56763 0.07284
2 0 3 56750 0.07133
2 0 3 56696 0.07153
2 0 3 56693 0.07237
2 0 3 56688 0.07197
2 0 3 56655 0.0706
2 0 3 56635 0.07235
2 0 3 56628 0.0706
2 0 3 56603 0.09795
2 0 3 56577 0.07038
2 0 3 56520 0.09795
2 0 3 56396 0.06927
2 0 3 55815 0.09431
2 0 3 55815 0.09513
2 0 3 55438 0.0941
2 0 3 55081 0.09469
2 0 3 54710 0.09578
2 0 3 54353 0.07037
2 0 3 53539 0.09402
2 0 3 53539 0.09228
2 0 3 52856 0.09217
2 0 3 52219 0.09172
2 0 3 52002 0.08946
2 0 3 51994 0.09015
2 0 3 50000 0.03651
2 0 3 50000 0.03638
2 0 3 50000 0.03617
2 0 3 50000 0.03645
2 0 3 50000 0.03602
2 0 3 50000 0.03611
2 0 3 50000 0.0362
2 0 3 50000 0.03628
2 0 3 50000 0.0357
2 0 3 50000 0.03542
2 0 3 50000 0.03537
2 0 3 50000 0.03443
2 0 3 50000 0.033
2 0 3 50000 0.03347
2 0 3 50000 0.03468
2 0 3 50000 0.03413
2 0 3 49164 0.08601
2 0 3 49164 0.08599
2 0 3 49038 0.08747
2 0 3 48648 0.08642
2 0 3 46426 0.08307
2 0 3 46278 0.08315
2 0 3 38403 0.06771
2 0 3 38391 0.06781
2 0 3 38348 0.04752
2 0 3 38347 0.04717
2 0 3 38339 0.04625
2 0 3 38333 0.04711
2 0 3 38317 0.04882
2 0 3 38301 0.04597
2 0 3 38298 0.04805
2 0 3 38278 0.04802
2 0 3 38276 0.04777
2 0 3 38267 0.04662
2 0 3 38255 0.04463
2 0 3 38252 0.04689
2 0 3 38225 0.04812
2 0 3 38131 0.04891
2 0 3 38094 0.06681
2 0 3 37878 0.06742
2 0 3 37592 0.06802
2 0 3 37592 0.07317
2 0 3 37471 0.05135
2 0 3 36797 0.07121
2 0 3 36743 0.07243
2 0 3 36734 0.07089
2 0 3 36713 0.07286
2 0 3 36172 0.07205
2 0 3 35603 0.07227
2 0 3 35603 0.07024
2 0 3 35000 0.03246
2 0 3 35000 0.02928
2 0 3 35000 0.02363
2 0 3 35000 0.02283
2 0 3 35000 0.02317
2 0 3 35000 0.02339
2 0 3 35000 0.02311
2 0 3 35000 0.02348
2 0 3 35000 0.02132
2 0 3 35000 0.02191
2 0 3 35000 0.021
2 0 3 35000 0.02223
2 0 3 35000 0.02136
2 0 3 35000 0.02199
2 0 3 35000 0.02201
2 0 3 35000 0.02173
2 0 3 35000 0.02193
2 0 3 34847 0.06374
2 0 3 34364 0.06502
2 0 3 34364 0.06729
2 0 3 34213 0.0663
2 0 3 33937 0.0645
2 0 3 26700 0.03071
2 0 3 26694 0.02999
2 0 3 26691 0.02947
2 0 3 26667 0.03072
2 0 3 26660 0.03062
2 0 3 26658 0.03058
2 0 3 26644 0.03109
2 0 3 26641 0.03022
2 0 3 26637 0.03101
2 0 3 26635 0.0299
2 0 3 26632 0.03153
2 0 3 26627 0.03156
2 0 3 26602 0.03151
2 0 3 26585 0.03041
2 0 3 26577 0.03211
2 0 3 26473 0.03029
2 0 3 26283 0.05073
2 0 3 26268 0.05032
2 0 3 25802 0.05052
2 0 3 25802 0.0501
2 0 3 25449 0.04992
2 0 3 25345 0.05034
2 0 3 25281 0.04983
2 0 3 25212 0.0489
2 0 3 25141 0.04933
2 0 3 25054 0.03148
2 0 3 25000 0.01276
2 0 3 25000 0.01239
2 0 3 25000 0.01237
2 0 3 25000 0.01249
2 0 3 25000 0.01213
2 0 3 25000 0.01218
2 0 3 25000 0.01284
2 0 3 25000 0.01215
2 0 3 25000 0.01216
2 0 3 25000 0.01292
2 0 3 25000 0.01203
2 0 3 25000 0.01193
2 0 3 25000 0.01295
2 0 3 25000 0.0121
2 0 3 25000 0.01177
2 0 3 25000 0.01283
2 0 3 25000 0.01201
2 0 3 24861 0.04797
2 0 3 24763 0.04719
2 0 3 24525 0.04603
2 0 3 24421 0.04797
2 0 3 24194 0.04572
2 0 3 24038 0.04787
2 0 3 23582 0.04622
2 0 3 15609 0.01992
2 0 3 15607 0.02028
2 0 3 15602 0.01883
2 0 3 15601 0.01904
2 0 3 15599 0.02041
2 0 3 15598 0.02008
2 0 3 15595 0.01882
2 0 3 15593 0.01914
2 0 3 15592 0.02041
2 0 3 15591 0.01963
2 0 3 15589 0.01944
2 0 3 15589 0.01975
2 0 3 15583 0.019
2 0 3 15581 0.0198
2 0 3 15577 0.01923
2 0 3 15575 0.01904
2 0 3 15554 0.02028
2 0 3 15399 0.03075
2 0 3 15351 0.03047
2 0 3 15303 0.03105
2 0 3 15303 0.03095
2 0 3 15292 0.03006
2 0 3 15238 0.03043
2 0 3 15230 0.03024
2 0 3 15084 0.0306
2 0 3 15084 0.03051
2 0 3 15066 0.0301
2 0 3 15000 0.008166
2 0 3 15000 0.006584
2 0 3 15000 0.006519
2 0 3 15000 0.008232
2 0 3 15000 0.007776
2 0 3 15000 0.007811
2 0 3 15000 0.008234
2 0 3 15000 0.007815
2 0 3 15000 0.007712
2 0 3 15000 0.008256
2 0 3 15000 0.006495
2 0 3 15000 0.006466
2 0 3 15000 0.007658
2 0 3 15000 0.006646
2 0 3 15000 0.00797
2 0 3 15000 0.00798
2 0 3 15000 0.007896
2 0 3 14959 0.02977
2 0 3 14953 0.02829
2 0 3 14943 0.02872
2 0 3 14933 0.02986
2 0 3 14828 0.0286
2 0 3 14711 0.02846
2 0 3 10270 0.01395
2 0 3 10269 0.01468
2 0 3 10267 0.01381
2 0 3 10266 0.01356
2 0 3 10265 0.01348
2 0 3 10265 0.02205
2 0 3 10263 0.0145
2 0 3 10263 0.01413
2 0 3 10262 0.01378
2 0 3 10262 0.01421
2 0 3 10261 0.01453
2 0 3 10260 0.0134
2 0 3 10259 0.01335
2 0 3 10259 0.02161
2 0 3 10256 0.01416
2 0 3 10256 0.01382
2 0 3 10232 0.02105
2 0 3 10222 0.02136
2 0 3 10220 0.01345
2 0 3 10180 0.0207
2 0 3 10168 0.02147
2 0 3 10167 0.02187
2 0 3 10134 0.01441
2 0 3 10109 0.02152
2 0 3 10107 0.02156
2 0 3 10087 0.02104
2 0 3 10078 0.02148
2 0 3 10032 0.02069
2 0 3 10022 0.02066
2 0 3 10000 0.005247
2 0 3 10000 0.005128
2 0 3 10000 0.005099
2 0 3 10000 0.005134
2 0 3 10000 0.005218
2 0 3 10000 0.005119
2 0 3 10000 0.00514
2 0 3 10000 0.005153
2 0 3 10000 0.005114
2 0 3 10000 0.005166
2 0 3 10000 0.005144
2 0 3 10000 0.005145
2 0 3 10000 0.005162
2 0 3 10000 0.005082
2 0 3 10000 0.005238
2 0 3 10000 0.00512
2 0 3 10000 0.005101
2 0 3 9967 0.01996
2 0 3 9929 0.02017
2 0 3 9853 0.02017
2 0 3 9853 0.02009
2 0 4 144986 0.2562
2 0 4 144792 0.2536
2 0 4 144579 0.2487
2 0 4 144579 0.2298
2 0 4 144550 0.2298
2 0 4 144259 0.1955
2 0 4 144250 0.1899
2 0 4 144150 0.1914
2 0 4 144030 0.1974
2 0 4 143905 0.1888
2 0 4 143580 0.1911
2 0 4 142443 0.1948
2 0 4 140326 0.2011
2 0 4 139441 0.2493
2 0 4 139084 0.2389
2 0 4 135380 0.314
2 0 4 134276 0.2087
2 0 4 125120 0.2824
2 0 4 125089 0.2777
2 0 4 116766 0.1821
2 0 4 116595 0.1627
2 0 4 116491 0.1612
2 0 4 116457 0.1553
2 0 4 116219 0.1586
2 0 4 115906 0.1564
2 0 4 115823 0.1561
2 0 4 115634 0.1596
2 0 4 115628 0.1558
2 0 4 115543 0.1376
2 0 4 115260 0.1263
2 0 4 115189 0.1291
2 0 4 115168 0.1293
2 0 4 114368 0.1261
2 0 4 113476 0.1571
2 0 4 113339 0.1264
2 0 4 113214 0.154
2 0 4 111695 0.1521
2 0 4 111695 0.1518
2 0 4 110942 0.1543
2 0 4 109729 0.1521
2 0 4 109092 0.1516
2 0 4 108478 0.151
2 0 4 104622 0.1481
2 0 4 104622 0.1481
2 0 4 104136 0.1481
2 0 4 103558 0.1468
2 0 4 102206 0.145
2 0 4 101542 0.1801
2 0 4 100000 0.1275
2 0 4 100000 0.1183
2 0 4 100000 0.08191
2 0 4 100000 0.08238
2 0 4 100000 0.08196
2 0 4 100000 0.08143
2 0 4 100000 0.08202
2 0 4 100000 0.09902
2 0 4 100000 0.07666
2 0 4 100000 0.07671
2 0 4 100000 0.07532
2 0 4 100000 0.07989
2 0 4 100000 0.07967
2 0 4 100000 0.08064
2 0 4 100000 0.081
2 0 4 100000 0.0756
2 0 4 100000 0.07542
2 0 4 99621 0.1073
2 0 4 99510 0.1078
2 0 4 99506 0.1057
2 0 4 99458 0.135
2 0 4 99327 0.09927
2 0 4 99242 0.108
2 0 4 99157 0.1069
2 0 4 99096 0.1062
2 0 4 99033 0.1069
2 0 4 99009 0.1068
2 0 4 98961 0.1065
2 0 4 98912 0.1086
2 0 4 98877 0.1073
2 0 4 98754 0.1062
2 0 4 98754 0.1058
2 0 4 98413 0.1052
2 0 4 98413 0.1059
2 0 4 98305 0.1351
2 0 4 98289 0.1065
2 0 4 95886 0.1337
2 0 4 95886 0.1334
2 0 4 94258 0.134
2 0 4 92910 0.1274
2 0 4 92797 0.1314
2 0 4 90983 0.1303
2 0 4 90227 0.1271
2 0 4 89842 0.1283
2 0 4 87667 0.1253
2 0 4 87261 0.1248
2 0 4 86798 0.1207
2 0 4 85000 0.06578
2 0 4 85000 0.06782
2 0 4 85000 0.06754
2 0 4 85000 0.0695
2 0 4 85000 0.06941
2 0 4 85000 0.06865
2 0 4 85000 0.06912
2 0 4 85000 0.06775
2 0 4 85000 0.06752
2 0 4 85000 0.06944
2 0 4 85000 0.06874
2 0 4 85000 0.06969
2 0 4 85000 0.0689
2 0 4 85000 0.06838
2 0 4 85000 0.06863
2 0 4 85000 0.07027
2 0 4 84930 0.1179
2 0 4 84527 0.1155
2 0 4 84222 0.1191
2 0 4 84133 0.1201
2 0 4 83379 0.1212
2 0 4 82091 0.1219
2 0 4 81850 0.1186
2 0 4 81513 0.119
2 0 4 81497 0.1225
2 0 4 79890 0.1195
2 0 4 78261 0.1109
2 0 4 78159 0.1249
2 0 4 77501 0.1297
2 0 4 76578 0.1347
2 0 4 75394 0.1435
2 0 4 75000 0.07623
2 0 4 75000 0.06309
2 0 4 75000 0.06109
2 0 4 75000 0.06216
2 0 4 75000 0.06199
2 0 4 75000 0.06155
2 0 4 75000 0.06178
2 0 4 75000 0.06137
2 0 4 75000 0.06134
2 0 4 75000 0.06245
2 0 4 75000 0.06228
2 0 4 75000 0.06155
2 0 4 75000 0.06144
2 0 4 75000 0.06185
2 0 4 75000 0.06176
2 0 4 75000 0.062
2 0 4 75000 0.06136
2 0 4 74401 0.1183
2 0 4 74181 0.1178
2 0 4 73710 0.1162
2 0 4 72239 0.1165
2 0 4 72239 0.1158
2 0 4 69957 0.1151
2 0 4 69957 0.1145
2 0 4 60619 0.07616
2 0 4 60605 0.07768
2 0 4 60558 0.07735
2 0 4 60532 0.07678
2 0 4 60473 0.07636
2 0 4 60454 0.07817
2 0 4 60444 0.07465
2 0 4 60437 0.07484
2 0 4 60389 0.07726
2 0 4 60343 0.07664
2 0 4 60311 0.1025
2 0 4 60286 0.07513
2 0 4 60232 0.07825
2 0 4 60201 0.07669
2 0 4 59774 0.07634
2 0 4 58987 0.07653
2 0 4 57997 0.1009
2 0 4 57631 0.09875
2 0 4 57397 0.1002
2 0 4 56381 0.09855
2 0 4 56026 0.09728
2 0 4 55529 0.09696
2 0 4 54951 0.09694
2 0 4 54256 0.09428
2 0 4 53727 0.09266
2 0 4 53609 0.09261
2 0 4 51696 0.09034
2 0 4 50694 0.08918
2 0 4 50078 0.08756
2 0 4 50000 0.03595
2 0 4 50000 0.0357
2 0 4 50000 0.03578
2 0 4 50000 0.03605
2 0 4 50000 0.05099
2 0 4 50000 0.04992
2 0 4 50000 0.04891
2 0 4 50000 0.04948
2 0 4 50000 0.04869
2 0 4 50000 0.04791
2 0 4 50000 0.04073
2 0 4 50000 0.03722
2 0 4 50000 0.03919
2 0 4 50000 0.03639
2 0 4 50000 0.0378
2 0 4 50000 0.03619
2 0 4 50000 0.03762
2 0 4 49720 0.08733
2 0 4 49246 0.08627
2 0 4 49141 0.0894
2 0 4 44679 0.0793
2 0 4 40144 0.04949
2 0 4 40128 0.05049
2 0 4 40112 0.05139
2 0 4 40089 0.05401
2 0 4 40072 0.0551
2 0 4 40060 0.0509
2 0 4 40052 0.05168
2 0 4 40042 0.05338
2 0 4 40042 0.05379
2 0 4 40019 0.05429
2 0 4 40016 0.05223
2 0 4 40004 0.05209
2 0 4 39998 0.05508
2 0 4 39879 0.07174
2 0 4 39872 0.05191
2 0 4 39580 0.05385
2 0 4 39193 0.05034
2 0 4 38981 0.07162
2 0 4 38671 0.0726
2 0 4 38600 0.07455
2 0 4 38458 0.0517
2 0 4 38002 0.06817
2 0 4 37294 0.066
2 0 4 37294 0.06613
2 0 4 36906 0.06654
2 0 4 36052 0.06368
2 0 4 35972 0.06495
2 0 4 35795 0.06644
2 0 4 35343 0.06906
2 0 4 35317 0.07154
2 0 4 35000 0.02991
2 0 4 35000 0.03065
2 0 4 35000 0.0285
2 0 4 35000 0.03065
2 0 4 35000 0.03027
2 0 4 35000 0.02872
2 0 4 35000 0.03035
2 0 4 35000 0.02979
2 0 4 35000 0.02835
2 0 4 35000 0.02275
2 0 4 35000 0.02186
2 0 4 35000 0.0238
2 0 4 35000 0.02249
2 0 4 35000 0.0253
2 0 4 35000 0.02123
2 0 4 35000 0.0261
2 0 4 35000 0.02635
2 0 4 35000 0.02407
2 0 4 34214 0.06307
2 0 4 32727 0.06052
2 0 4 27586 0.03118
2 0 4 27559 0.0323
2 0 4 27547 0.03021
2 0 4 27533 0.03093
2 0 4 27521 0.03075
2 0 4 27521 0.0305
2 0 4 27510 0.03146
2 0 4 27509 0.0307
2 0 4 27501 0.03193
2 0 4 27500 0.03117
2 0 4 27457 0.03206
2 0 4 27449 0.03159
2 0 4 27443 0.03278
2 0 4 27411 0.03201
2 0 4 27407 0.02948
2 0 4 27318 0.03124
2 0 4 27070 0.05023
2 0 4 26198 0.04998
2 0 4 26154 0.04714
2 0 4 25938 0.04953
2 0 4 25898 0.03064
2 0 4 25750 0.04962
2 0 4 25700 0.04921
2 0 4 25481 0.04899
2 0 4 25428 0.04911
2 0 4 25285 0.04926
2 0 4 25228 0.04868
2 0 4 25000 0.01244
2 0 4 25000 0.01227
2 0 4 25000 0.01227
2 0 4 25000 0.01175
2 0 4 25000 0.01056
2 0 4 25000 0.01225
2 0 4 25000 0.01185
2 0 4 25000 0.01108
2 0 4 25000 0.01075
2 0 4 25000 0.009794
2 0 4 25000 0.009782
2 0 4 25000 0.01278
2 0 4 25000 0.009848
2 0 4 25000 0.009825
2 0 4 25000 0.01093
2 0 4 25000 0.01186
2 0 4 24964 0.04746
2 0 4 24850 0.04841
2 0 4 24618 0.04723
2 0 4 24575 0.04799
2 0 4 24514 0.04735
2 0 4 24095 0.046
2 0 4 23173 0.04474
2 0 4 15916 0.01993
2 0 4 15911 0.0184
2 0 4 15910 0.01959
2 0 4 15906 0.01918
2 0 4 15906 0.0195
2 0 4 15903 0.01941
2 0 4 15902 0.01915
2 0 4 15901 0.02002
2 0 4 15901 0.019
2 0 4 15898 0.01866
2 0 4 15898 0.01943
2 0 4 15892 0.01895
2 0 4 15892 0.01982
2 0 4 15888 0.01849
2 0 4 15885 0.01856
2 0 4 15870 0.01879
2 0 4 15866 0.01931
2 0 4 15608 0.02983
2 0 4 15589 0.03009
2 0 4 15491 0.03079
2 0 4 15396 0.03163
2 0 4 15356 0.03041
2 0 4 15208 0.03013
2 0 4 15208 0.03033
2 0 4 15174 0.02999
2 0 4 15152 0.03032
2 0 4 15011 0.02811
2 0 4 15007 0.02869
2 0 4 15000 0.006425
2 0 4 15000 0.006383
2 0 4 15000 0.007062
2 0 4 15000 0.007531
2 0 4 15000 0.007608
2 0 4 15000 0.007067
2 0 4 15000 0.007617
2 0 4 15000 0.007616
2 0 4 15000 0.007135
2 0 4 15000 0.006402
2 0 4 15000 0.007685
2 0 4 15000 0.006452
2 0 4 15000 0.007641
2 0 4 15000 0.008039
2 0 4 15000 0.007642
2 0 4 15000 0.007735
2 0 4 15000 0.00736
2 0 4 14899 0.028
2 0 4 14894 0.02985
2 0 4 14840 0.02752
2 0 4 14809 0.02923
2 0 4 14631 0.02891
2 0 4 10408 0.01487
2 0 4 10403 0.01348
2 0 4 10401 0.01472
2 0 4 10400 0.01294
2 0 4 10400 0.0143
2 0 4 10399 0.01488
2 0 4 10398 0.01417
2 0 4 10398 0.01383
2 0 4 10398 0.01379
2 0 4 10397 0.01324
2 0 4 10395 0.01365
2 0 4 10391 0.01471
2 0 4 10391 0.0144
2 0 4 10388 0.01379
2 0 4 10362 0.01352
2 0 4 10358 0.02256
2 0 4 10335 0.01505
2 0 4 10267 0.01349
2 0 4 10262 0.02151
2 0 4 10255 0.02186
2 0 4 10216 0.02213
2 0 4 10216 0.02212
2 0 4 10180 0.02189
2 0 4 10172 0.0215
2 0 4 10116 0.02134
2 0 4 10110 0.02067
2 0 4 10090 0.02025
2 0 4 10033 0.02046
2 0 4 10013 0.02024
2 0 4 10000 0.005073
2 0 4 10000 0.00506
2 0 4 10000 0.00505
2 0 4 10000 0.005006
2 0 4 10000 0.005057
2 0 4 10000 0.004995
2 0 4 10000 0.00504
2 0 4 10000 0.00505
2 0 4 10000 0.004987
2 0 4 10000 0.004968
2 0 4 10000 0.004969
2 0 4 10000 0.00503
2 0 4 10000 0.004968
2 0 4 10000 0.005052
2 0 4 10000 0.0051
2 0 4 10000 0.004982
2 0 4 9996 0.02027
2 0 4 9985 0.02031
2 0 4 9959 0.02013
2 0 4 9904 0.0203
2 0 4 9904 0.02027
2 0 5 163705 0.2647
2 0 5 163507 0.2631
2 0 5 163084 0.2555
2 0 5 162953 0.2512
2 0 5 162951 0.2414
2 0 5 162644 0.2426
2 0 5 162031 0.2349
2 0 5 161617 0.2379
2 0 5 161430 0.2346
2 0 5 160249 0.2323
2 0 5 159587 0.2309
2 0 5 156650 0.2155
2 0 5 154742 0.2298
2 0 5 154426 0.2365
2 0 5 153965 0.2332
2 0 5 151421 0.2354
2 0 5 141093 0.2947
2 0 5 141093 0.2954
2 0 5 129562 0.219
2 0 5 129331 0.2943
2 0 5 128950 0.2038
2 0 5 128844 0.2034
2 0 5 128630 0.205
2 0 5 128605 0.2056
2 0 5 128046 0.1968
2 0 5 127994 0.2051
2 0 5 127835 0.1892
2 0 5 127780 0.1912
2 0 5 127738 0.1932
2 0 5 127659 0.1943
2 0 5 127317 0.2885
2 0 5 126931 0.208
2 0 5 126296 0.289
2 0 5 125631 0.2106
2 0 5 124344 0.2006
2 0 5 124344 0.1949
2 0 5 123906 0.2895
2 0 5 119141 0.1776
2 0 5 117505 0.1655
2 0 5 117020 0.1657
2 0 5 116742 0.1641
2 0 5 115537 0.162
2 0 5 112291 0.1569
2 0 5 112291 0.1552
2 0 5 109290 0.1222
2 0 5 109231 0.1214
2 0 5 109038 0.1198
2 0 5 108908 0.12
2 0 5 108733 0.1229
2 0 5 108699 0.121
2 0 5 108603 0.1208
2 0 5 108565 0.1209
2 0 5 108447 0.1155
2 0 5 108364 0.12
2 0 5 108098 0.1192
2 0 5 108098 0.12
2 0 5 107160 0.1506
2 0 5 107160 0.1523
2 0 5 105098 0.1189
2 0 5 104915 0.1509
2 0 5 104530 0.118
2 0 5 104181 0.1519
2 0 5 103888 0.1528
2 0 5 103349 0.1163
2 0 5 102752 0.146
2 0 5 102752 0.1458
2 0 5 101475 0.147
2 0 5 101475 0.1478
2 0 5 100000 0.08486
2 0 5 100000 0.08396
2 0 5 100000 0.08274
2 0 5 100000 0.08311
2 0 5 100000 0.08215
2 0 5 100000 0.08233
2 0 5 100000 0.08319
2 0 5 100000 0.08244
2 0 5 100000 0.08283
2 0 5 100000 0.08245
2 0 5 100000 0.08232
2 0 5 100000 0.08185
2 0 5 100000 0.082
2 0 5 100000 0.08293
2 0 5 100000 0.08294
2 0 5 100000 0.08294
2 0 5 98123 0.1434
2 0 5 98123 0.1422
2 0 5 97151 0.1377
2 0 5 94854 0.1396
2 0 5 94719 0.135
2 0 5 92865 0.1382
2 0 5 92854 0.138
2 0 5 92225 0.1374
2 0 5 91666 0.1333
2 0 5 89370 0.1312
2 0 5 88280 0.1314
2 0 5 87777 0.1285
2 0 5 86361 0.1266
2 0 5 86286 0.1287
2 0 5 85000 0.07261
2 0 5 85000 0.07159
2 0 5 85000 0.07175
2 0 5 85000 0.07142
2 0 5 85000 0.0718
2 0 5 85000 0.07239
2 0 5 85000 0.07152
2 0 5 85000 0.07217
2 0 5 85000 0.07153
2 0 5 85000 0.07124
2 0 5 85000 0.07158
2 0 5 85000 0.07172
2 0 5 85000 0.07147
2 0 5 85000 0.07293
2 0 5 85000 0.07253
2 0 5 85000 0.07265
2 0 5 84803 0.128
2 0 5 84755 0.129
2 0 5 84261 0.1278
2 0 5 84261 0.1281
2 0 5 82392 0.1241
2 0 5 82016 0.1224
2 0 5 81809 0.1224
2 0 5 81010 0.1218
2 0 5 79058 0.1209
2 0 5 79058 0.1206
2 0 5 77219 0.1167
2 0 5 75865 0.1175
2 0 5 75000 0.06238
2 0 5 75000 0.06109
2 0 5 75000 0.06098
2 0 5 75000 0.06146
2 0 5 75000 0.06085
2 0 5 75000 0.06148
2 0 5 75000 0.06077
2 0 5 75000 0.06217
2 0 5 75000 0.06094
2 0 5 75000 0.06064
2 0 5 75000 0.06134
2 0 5 75000 0.06106
2 0 5 75000 0.06093
2 0 5 75000 0.06115
2 0 5 75000 0.06146
2 0 5 75000 0.06133
2 0 5 74729 0.1194
2 0 5 74514 0.1173
2 0 5 74449 0.1177
2 0 5 73256 0.1155
2 0 5 71094 0.113
2 0 5 71094 0.1128
2 0 5 69027 0.1129
2 0 5 68182 0.1105
2 0 5 64791 0.07865
2 0 5 64669 0.07863
2 0 5 64551 0.08021
2 0 5 64515 0.08074
2 0 5 64462 0.08077
2 0 5 64435 0.0807
2 0 5 64426 0.07665
2 0 5 64344 0.08179
2 0 5 64279 0.0818
2 0 5 64273 0.108
2 0 5 64224 0.08135
2 0 5 64122 0.08199
2 0 5 64042 0.07916
2 0 5 63836 0.07904
2 0 5 62751 0.0767
2 0 5 62751 0.07638
2 0 5 61757 0.07699
2 0 5 61700 0.1031
2 0 5 58220 0.1019
2 0 5 58185 0.09909
2 0 5 56539 0.09742
2 0 5 56488 0.09611
2 0 5 55911 0.09655
2 0 5 55892 0.09544
2 0 5 54014 0.09273
2 0 5 53219 0.09145
2 0 5 51822 0.09082
2 0 5 51056 0.08841
2 0 5 50479 0.08827
2 0 5 50479 0.08828
2 0 5 50000 0.03536
2 0 5 50000 0.03572
2 0 5 50000 0.03546
2 0 5 50000 0.03509
2 0 5 50000 0.03551
2 0 5 50000 0.03551
2 0 5 50000 0.03537
2 0 5 50000 0.03535
2 0 5 50000 0.03561
2 0 5 50000 0.03557
2 0 5 50000 0.03552
2 0 5 50000 0.03574
2 0 5 50000 0.03592
2 0 5 50000 0.03583
2 0 5 50000 0.03588
2 0 5 50000 0.0364
2 0 5 49349 0.08889
2 0 5 49349 0.08844
2 0 5 47032 0.08549
2 0 5 47032 0.08528
2 0 5 41991 0.05376
2 0 5 41978 0.05474
2 0 5 41912 0.0531
2 0 5 41901 0.05235
2 0 5 41884 0.05245
2 0 5 41875 0.05278
2 0 5 41875 0.05238
2 0 5 41869 0.0517
2 0 5 41860 0.05156
2 0 5 41857 0.05268
2 0 5 41828 0.05332
2 0 5 41803 0.0534
2 0 5 41763 0.07457
2 0 5 41711 0.05252
2 0 5 40972 0.05242
2 0 5 40972 0.05252
2 0 5 40419 0.07139
2 0 5 40354 0.07117
2 0 5 40246 0.05556
2 0 5 39667 0.07526
2 0 5 39406 0.07501
2 0 5 38698 0.0717
2 0 5 38028 0.07349
2 0 5 37867 0.07068
2 0 5 37836 0.07222
2 0 5 36987 0.07138
2 0 5 36923 0.07002
2 0 5 36681 0.06993
2 0 5 36311 0.07101
2 0 5 35210 0.06919
2 0 5 35000 0.02949
2 0 5 35000 0.02999
2 0 5 35000 0.02961
2 0 5 35000 0.02941
2 0 5 35000 0.02922
2 0 5 35000 0.02956
2 0 5 35000 0.02977
2 0 5 35000 0.02836
2 0 5 35000 0.03005
2 0 5 35000 0.0298
2 0 5 35000 0.02846
2 0 5 35000 0.02926
2 0 5 35000 0.02921
2 0 5 35000 0.02871
2 0 5 35000 0.02958
2 0 5 35000 0.02889
2 0 5 35000 0.02955
2 0 5 34639 0.06656
2 0 5 34560 0.06745
2 0 5 33208 0.06341
2 0 5 28485 0.0347
2 0 5 28457 0.03639
2 0 5 28435 0.03574
2 0 5 28427 0.03484
2 0 5 28420 0.03393
2 0 5 28413 0.03491
2 0 5 28409 0.03559
2 0 5 28394 0.03618
2 0 5 28378 0.03577
2 0 5 28367 0.03517
2 0 5 28360 0.03517
2 0 5 28358 0.03533
2 0 5 28348 0.03383
2 0 5 28338 0.03608
2 0 5 28296 0.03436
2 0 5 28209 0.0343
2 0 5 27982 0.05422
2 0 5 26786 0.05127
2 0 5 26751 0.03317
2 0 5 26679 0.05281
2 0 5 26638 0.05197
2 0 5 26332 0.05094
2 0 5 25769 0.05013
2 0 5 25696 0.04948
2 0 5 25582 0.0499
2 0 5 25551 0.04942
2 0 5 25130 0.049
2 0 5 25000 0.01239
2 0 5 25000 0.01234
2 0 5 25000 0.0123
2 0 5 25000 0.01068
2 0 5 25000 0.009931
2 0 5 25000 0.00987
2 0 5 25000 0.009825
2 0 5 25000 0.01057
2 0 5 25000 0.009764
2 0 5 25000 0.01017
2 0 5 25000 0.009904
2 0 5 25000 0.01169
2 0 5 25000 0.009852
2 0 5 25000 0.01174
2 0 5 25000 0.0107
2 0 5 25000 0.01179
2 0 5 24983 0.04829
2 0 5 24786 0.0487
2 0 5 24786 0.04864
2 0 5 24489 0.04731
2 0 5 24241 0.04427
2 0 5 24196 0.04432
2 0 5 22550 0.04396
2 0 5 16222 0.01905
2 0 5 16221 0.01887
2 0 5 16217 0.02079
2 0 5 16216 0.01974
2 0 5 16213 0.02035
2 0 5 16213 0.01986
2 0 5 16208 0.01891
2 0 5 16208 0.02012
2 0 5 16206 0.01966
2 0 5 16201 0.02007
2 0 5 16200 0.01917
2 0 5 16199 0.01889
2 0 5 16176 0.02043
2 0 5 15908 0.03203
2 0 5 15906 0.01907
2 0 5 15902 0.02026
2 0 5 15892 0.02089
2 0 5 15792 0.03193
2 0 5 15668 0.03025
2 0 5 15647 0.03157
2 0 5 15608 0.03192
2 0 5 15558 0.0323
2 0 5 15509 0.03198
2 0 5 15302 0.03061
2 0 5 15195 0.0294
2 0 5 15189 0.02975
2 0 5 15153 0.02882
2 0 5 15101 0.02869
2 0 5 15060 0.02826
2 0 5 15000 0.006411
2 0 5 15000 0.00637
2 0 5 15000 0.006381
2 0 5 15000 0.00635
2 0 5 15000 0.006378
2 0 5 15000 0.006366
2 0 5 15000 0.00637
2 0 5 15000 0.006367
2 0 5 15000 0.006402
2 0 5 15000 0.006361
2 0 5 15000 0.006305
2 0 5 15000 0.006414
2 0 5 15000 0.006315
2 0 5 15000 0.006337
2 0 5 15000 0.006356
2 0 5 15000 0.006395
2 0 5 15000 0.006334
2 0 5 14995 0.02846
2 0 5 14880 0.0278
2 0 5 14878 0.02888
2 0 5 14759 0.02759
2 0 5 10548 0.01324
2 0 5 10541 0.01379
2 0 5 10538 0.01399
2 0 5 10537 0.01347
2 0 5 10536 0.01341
2 0 5 10536 0.01343
2 0 5 10533 0.0143
2 0 5 10533 0.01433
2 0 5 10531 0.01333
2 0 5 10529 0.01386
2 0 5 10525 0.0141
2 0 5 10523 0.01363
2 0 5 10522 0.01354
2 0 5 10521 0.01359
2 0 5 10495 0.01377
2 0 5 10483 0.0215
2 0 5 10467 0.01367
2 0 5 10398 0.01321
2 0 5 10348 0.0216
2 0 5 10283 0.02104
2 0 5 10273 0.0214
2 0 5 10230 0.02059
2 0 5 10226 0.02091
2 0 5 10219 0.02103
2 0 5 10114 0.02077
2 0 5 10091 0.02096
2 0 5 10089 0.02046
2 0 5 10082 0.02086
2 0 5 10073 0.02023
2 0 5 10000 0.005037
2 0 5 10000 0.005065
2 0 5 10000 0.004961
2 0 5 10000 0.004995
2 0 5 10000 0.005093
2 0 5 10000 0.00496
2 0 5 10000 0.004946
2 0 5 10000 0.005019
2 0 5 10000 0.004944
2 0 5 10000 0.004999
2 0 5 10000 0.0051
2 0 5 10000 0.00508
2 0 5 10000 0.004933
2 0 5 10000 0.004932
2 0 5 10000 0.00504
2 0 5 10000 0.004943
2 0 5 10000 0.004958
2 0 5 9996 0.0201
2 0 5 9963 0.02037
2 0 5 9929 0.02049
2 0 5 9825 0.01999
