16 5 1 100000 0.1448
16 5 1 100000 0.1364
16 5 1 100000 0.07533
16 5 1 100000 0.07481
16 5 1 100000 0.07501
16 5 1 100000 0.07456
16 5 1 85000 0.1185
16 5 1 85000 0.1149
16 5 1 85000 0.1169
16 5 1 85000 0.06454
16 5 1 85000 0.06524
16 5 1 85000 0.06482
16 5 1 85000 0.06494
16 5 1 75000 0.1078
16 5 1 75000 0.1078
16 5 1 75000 0.05463
16 5 1 75000 0.05544
16 5 1 75000 0.05533
16 5 1 75000 0.05479
16 5 1 50000 0.08428
16 5 1 50000 0.08292
16 5 1 50000 0.08508
16 5 1 50000 0.03578
16 5 1 50000 0.03269
16 5 1 50000 0.03256
16 5 1 50000 0.03239
16 5 1 35000 0.06143
16 5 1 35000 0.02164
16 5 1 35000 0.02142
16 5 1 35000 0.02157
16 5 1 35000 0.0218
16 5 1 25000 0.046
16 5 1 25000 0.04623
16 5 1 25000 0.01028
16 5 1 25000 0.01022
16 5 1 25000 0.0102
16 5 1 25000 0.01018
16 5 1 15000 0.02849
16 5 1 15000 0.0284
16 5 1 15000 0.0284
16 5 1 15000 0.006821
16 5 1 15000 0.006856
16 5 1 15000 0.006793
16 5 1 15000 0.006835
16 5 1 10000 0.01943
16 5 1 10000 0.01942
16 5 1 10000 0.005335
16 5 1 10000 0.005356
16 5 1 10000 0.005421
16 5 1 10000 0.005315
16 5 2 108273 0.1395
16 5 2 100000 0.07481
16 5 2 100000 0.07513
16 5 2 100000 0.07518
16 5 2 100000 0.07493
16 5 2 94781 0.1241
16 5 2 91170 0.1221
16 5 2 86254 0.1178
16 5 2 85000 0.06508
16 5 2 85000 0.06548
16 5 2 85000 0.06587
16 5 2 85000 0.06474
16 5 2 80862 0.1116
16 5 2 77406 0.1094
16 5 2 76162 0.1094
16 5 2 75000 0.05522
16 5 2 75000 0.05504
16 5 2 75000 0.055
16 5 2 72908 0.1058
16 5 2 52970 0.08795
16 5 2 50039 0.08353
16 5 2 50000 0.03227
16 5 2 50000 0.03272
16 5 2 50000 0.03227
16 5 2 50000 0.0323
16 5 2 36662 0.06321
16 5 2 36204 0.06359
16 5 2 35000 0.02172
16 5 2 35000 0.02138
16 5 2 35000 0.02156
16 5 2 35000 0.02118
16 5 2 33807 0.06081
16 5 2 25687 0.04797
16 5 2 25000 0.01027
16 5 2 25000 0.01039
16 5 2 25000 0.01019
16 5 2 25000 0.01027
16 5 2 15280 0.02921
16 5 2 15212 0.02881
16 5 2 15000 0.00685
16 5 2 15000 0.006852
16 5 2 15000 0.00673
16 5 2 15000 0.006813
16 5 2 15000 0.006736
16 5 2 10128 0.02004
16 5 2 10024 0.01993
16 5 2 10000 0.005316
16 5 2 10000 0.005321
16 5 2 10000 0.005343
16 5 2 10000 0.00527
16 5 3 117209 0.1469
16 5 3 100000 0.07421
16 5 3 100000 0.07472
16 5 3 100000 0.07457
16 5 3 100000 0.07408
16 5 3 96759 0.1274
16 5 3 92221 0.1224
16 5 3 86441 0.1169
16 5 3 85000 0.06502
16 5 3 85000 0.06468
16 5 3 85000 0.06509
16 5 3 85000 0.06476
16 5 3 83492 0.1126
16 5 3 79536 0.1099
16 5 3 75000 0.05496
16 5 3 75000 0.05459
16 5 3 75000 0.05499
16 5 3 75000 0.05527
16 5 3 75000 0.05527
16 5 3 53103 0.08746
16 5 3 50000 0.03217
16 5 3 50000 0.03207
16 5 3 50000 0.0326
16 5 3 50000 0.03223
16 5 3 50000 0.03227
16 5 3 38161 0.066
16 5 3 35914 0.06364
16 5 3 35000 0.02169
16 5 3 35000 0.0218
16 5 3 35000 0.02191
16 5 3 34921 0.06047
16 5 3 26519 0.04726
16 5 3 26097 0.04701
16 5 3 25000 0.0103
16 5 3 25000 0.01014
16 5 3 25000 0.01029
16 5 3 25000 0.0102
16 5 3 24940 0.04591
16 5 3 15264 0.02839
16 5 3 15000 0.006793
16 5 3 15000 0.006863
16 5 3 15000 0.006736
16 5 3 15000 0.006786
16 5 3 14928 0.02781
16 5 3 10095 0.01947
16 5 3 10000 0.00537
16 5 3 10000 0.005289
16 5 3 10000 0.005341
16 5 3 10000 0.005251
16 5 3 9970 0.01924
16 5 4 120034 0.1505
16 5 4 100000 0.07496
16 5 4 100000 0.07511
16 5 4 100000 0.07458
16 5 4 100000 0.07442
16 5 4 99666 0.1311
16 5 4 95342 0.1273
16 5 4 91154 0.1223
16 5 4 85000 0.06481
16 5 4 85000 0.06441
16 5 4 85000 0.06523
16 5 4 85000 0.06477
16 5 4 85000 0.06489
16 5 4 78406 0.1112
16 5 4 76008 0.1097
16 5 4 75000 0.05496
16 5 4 75000 0.05495
16 5 4 75000 0.05445
16 5 4 75000 0.05477
16 5 4 55525 0.09196
16 5 4 50000 0.03226
16 5 4 50000 0.03257
16 5 4 50000 0.03207
16 5 4 50000 0.03245
16 5 4 50000 0.03239
16 5 4 39967 0.06954
16 5 4 35000 0.02157
16 5 4 35000 0.02119
16 5 4 35000 0.02133
16 5 4 35000 0.02175
16 5 4 35000 0.02155
16 5 4 27065 0.05055
16 5 4 25780 0.04923
16 5 4 25000 0.01028
16 5 4 25000 0.01036
16 5 4 25000 0.01034
16 5 4 25000 0.01019
16 5 4 24947 0.04782
16 5 4 15234 0.02979
16 5 4 15000 0.006733
16 5 4 15000 0.006834
16 5 4 15000 0.006765
16 5 4 15000 0.006756
16 5 4 14735 0.02908
16 5 4 10210 0.0209
16 5 4 10000 0.005388
16 5 4 10000 0.005368
16 5 4 10000 0.005334
16 5 4 10000 0.005288
16 5 4 9964 0.02015
16 5 5 122860 0.1637
16 5 5 100121 0.1385
16 5 5 100000 0.07911
16 5 5 100000 0.07419
16 5 5 100000 0.07426
16 5 5 100000 0.07506
16 5 5 97937 0.1274
16 5 5 95096 0.1262
16 5 5 89143 0.1199
16 5 5 85000 0.06491
16 5 5 85000 0.06495
16 5 5 85000 0.06444
16 5 5 85000 0.06484
16 5 5 84261 0.1161
16 5 5 75000 0.05503
16 5 5 75000 0.05479
16 5 5 75000 0.05475
16 5 5 75000 0.05527
16 5 5 62270 0.09678
16 5 5 57967 0.09317
16 5 5 52652 0.08754
16 5 5 50000 0.03253
16 5 5 50000 0.0325
16 5 5 50000 0.0324
16 5 5 50000 0.03242
16 5 5 49823 0.08074
16 5 5 35000 0.02166
16 5 5 35000 0.02179
16 5 5 35000 0.02167
16 5 5 35000 0.02145
16 5 5 35000 0.02164
16 5 5 26677 0.05041
16 5 5 26467 0.04862
16 5 5 25000 0.01039
16 5 5 25000 0.01028
16 5 5 25000 0.0103
16 5 5 25000 0.01036
16 5 5 23295 0.0444
16 5 5 15199 0.02945
16 5 5 15000 0.006836
16 5 5 15000 0.006843
16 5 5 15000 0.006694
16 5 5 15000 0.006863
16 5 5 14645 0.02883
16 5 5 10174 0.02073
16 5 5 10000 0.005322
16 5 5 10000 0.005307
16 5 5 10000 0.005307
16 5 5 10000 0.005271
16 5 5 10000 0.005335
