16 15 1 100000 0.1452
16 15 1 100000 0.1408
16 15 1 100000 0.1396
16 15 1 100000 0.1398
16 15 1 100000 0.1382
16 15 1 100000 0.1412
16 15 1 85000 0.1212
16 15 1 85000 0.1229
16 15 1 85000 0.1258
16 15 1 85000 0.1224
16 15 1 85000 0.124
16 15 1 85000 0.1261
16 15 1 85000 0.1275
16 15 1 75000 0.1131
16 15 1 75000 0.1091
16 15 1 75000 0.1086
16 15 1 75000 0.1104
16 15 1 75000 0.1096
16 15 1 75000 0.1113
16 15 1 50000 0.07612
16 15 1 50000 0.07522
16 15 1 50000 0.07545
16 15 1 50000 0.07506
16 15 1 50000 0.07295
16 15 1 50000 0.07627
16 15 1 50000 0.07443
16 15 1 35000 0.05196
16 15 1 35000 0.05107
16 15 1 35000 0.05191
16 15 1 35000 0.05208
16 15 1 35000 0.05117
16 15 1 25000 0.03191
16 15 1 25000 0.03155
16 15 1 25000 0.03137
16 15 1 25000 0.03242
16 15 1 25000 0.03129
16 15 1 25000 0.03141
16 15 1 15000 0.01989
16 15 1 15000 0.01998
16 15 1 15000 0.01917
16 15 1 15000 0.01988
16 15 1 15000 0.01842
16 15 1 15000 0.01954
16 15 1 15000 0.01835
16 15 1 10000 0.01381
16 15 1 10000 0.01338
16 15 1 10000 0.01402
16 15 1 10000 0.01459
16 15 1 10000 0.01344
16 15 1 10000 0.01358
16 15 2 113528 0.1237
16 15 2 113101 0.1127
16 15 2 111087 0.1099
16 15 2 106787 0.1075
16 15 2 100379 0.1052
16 15 2 97494 0.09923
16 15 2 94684 0.09891
16 15 2 94118 0.09864
16 15 2 91342 0.09542
16 15 2 89330 0.09451
16 15 2 87765 0.09162
16 15 2 82612 0.09062
16 15 2 82554 0.08923
16 15 2 81724 0.1207
16 15 2 80520 0.1183
16 15 2 78975 0.1058
16 15 2 75643 0.1068
16 15 2 73626 0.1077
16 15 2 68049 0.08509
16 15 2 53392 0.06322
16 15 2 53355 0.06393
16 15 2 53348 0.06243
16 15 2 53215 0.06019
16 15 2 52702 0.06405
16 15 2 51520 0.0742
16 15 2 36662 0.05086
16 15 2 36662 0.05248
16 15 2 36645 0.05224
16 15 2 36192 0.05414
16 15 2 35591 0.05253
16 15 2 35087 0.05179
16 15 2 25848 0.03197
16 15 2 25843 0.03274
16 15 2 25840 0.03132
16 15 2 25692 0.03269
16 15 2 24951 0.03298
16 15 2 24646 0.03188
16 15 2 24462 0.03124
16 15 2 15304 0.02016
16 15 2 15301 0.0204
16 15 2 15283 0.02023
16 15 2 15014 0.02008
16 15 2 14904 0.01944
16 15 2 14814 0.0196
16 15 2 10135 0.01429
16 15 2 10134 0.01399
16 15 2 10134 0.01428
16 15 2 10129 0.01428
16 15 2 10098 0.01429
16 15 2 10037 0.01445
16 15 3 128365 0.2365
16 15 3 126023 0.2304
16 15 3 115398 0.1583
16 15 3 112838 0.1518
16 15 3 111393 0.1425
16 15 3 105564 0.1351
16 15 3 105405 0.132
16 15 3 103338 0.1293
16 15 3 96930 0.1241
16 15 3 93606 0.1251
16 15 3 93606 0.1145
16 15 3 92936 0.1186
16 15 3 89415 0.1238
16 15 3 86743 0.1153
16 15 3 85842 0.1122
16 15 3 85194 0.1126
16 15 3 78914 0.1015
16 15 3 78897 0.1016
16 15 3 74611 0.09559
16 15 3 56954 0.08007
16 15 3 56790 0.07837
16 15 3 55979 0.07734
16 15 3 55329 0.07816
16 15 3 53126 0.07252
16 15 3 52780 0.07148
16 15 3 38400 0.04893
16 15 3 38377 0.04925
16 15 3 37911 0.04899
16 15 3 36775 0.04914
16 15 3 36656 0.04719
16 15 3 35131 0.0482
16 15 3 26707 0.0321
16 15 3 26694 0.03392
16 15 3 26500 0.0334
16 15 3 25859 0.03119
16 15 3 25466 0.03128
16 15 3 25140 0.03011
16 15 3 24833 0.03147
16 15 3 15608 0.0198
16 15 3 15572 0.01869
16 15 3 15319 0.01905
16 15 3 15159 0.01985
16 15 3 15108 0.01834
16 15 3 14905 0.0177
16 15 3 10270 0.0135
16 15 3 10253 0.01392
16 15 3 10235 0.01405
16 15 3 10185 0.0139
16 15 3 10139 0.01318
16 15 3 9993 0.01251
16 15 4 134817 0.2282
16 15 4 131493 0.2241
16 15 4 125743 0.2133
16 15 4 123730 0.2169
16 15 4 114084 0.1363
16 15 4 113951 0.1311
16 15 4 109147 0.1489
16 15 4 104974 0.1339
16 15 4 104939 0.1095
16 15 4 104221 0.1094
16 15 4 98421 0.1033
16 15 4 98122 0.1025
16 15 4 97086 0.1034
16 15 4 91845 0.09745
16 15 4 89329 0.1161
16 15 4 87890 0.1142
16 15 4 87660 0.117
16 15 4 80189 0.1032
16 15 4 78239 0.09678
16 15 4 60112 0.08078
16 15 4 57392 0.07742
16 15 4 56716 0.07553
16 15 4 54653 0.0715
16 15 4 54121 0.07322
16 15 4 53318 0.07373
16 15 4 40202 0.0532
16 15 4 39021 0.05078
16 15 4 38544 0.04943
16 15 4 37712 0.04661
16 15 4 36755 0.0465
16 15 4 35606 0.04687
16 15 4 34813 0.04421
16 15 4 27103 0.03216
16 15 4 26736 0.03246
16 15 4 26307 0.03195
16 15 4 25978 0.03248
16 15 4 25532 0.03181
16 15 4 24830 0.03114
16 15 4 15697 0.02002
16 15 4 15582 0.01945
16 15 4 15479 0.01945
16 15 4 15346 0.02006
16 15 4 15218 0.01927
16 15 4 15013 0.01904
16 15 4 10318 0.01466
16 15 4 10273 0.01503
16 15 4 10220 0.0148
16 15 4 10153 0.01485
16 15 4 10093 0.01425
16 15 4 9966 0.01392
16 15 5 148177 0.2439
16 15 5 137689 0.2281
16 15 5 130220 0.2261
16 15 5 124494 0.2211
16 15 5 122482 0.1572
16 15 5 114892 0.1499
16 15 5 113740 0.1476
16 15 5 112680 0.147
16 15 5 110967 0.1457
16 15 5 106921 0.1403
16 15 5 106921 0.1409
16 15 5 98245 0.13
16 15 5 98013 0.1335
16 15 5 95929 0.1302
16 15 5 93885 0.1248
16 15 5 87500 0.1155
16 15 5 85610 0.1163
16 15 5 82554 0.1099
16 15 5 81282 0.1096
16 15 5 61111 0.08266
16 15 5 59506 0.08127
16 15 5 57958 0.07908
16 15 5 56228 0.07687
16 15 5 54701 0.07688
16 15 5 52786 0.07326
16 15 5 40850 0.05472
16 15 5 40747 0.0519
16 15 5 38222 0.04939
16 15 5 38096 0.05034
16 15 5 36457 0.04805
16 15 5 35755 0.04626
16 15 5 28540 0.03336
16 15 5 28456 0.0339
16 15 5 27368 0.03324
16 15 5 26681 0.03319
16 15 5 26235 0.03141
16 15 5 25834 0.03215
16 15 5 25217 0.03196
16 15 5 16195 0.0209
16 15 5 15745 0.01953
16 15 5 15541 0.02047
16 15 5 15378 0.01901
16 15 5 15295 0.01894
16 15 5 14714 0.02018
16 15 5 10411 0.01341
16 15 5 10368 0.01382
16 15 5 10290 0.01378
16 15 5 10198 0.01306
16 15 5 10164 0.01499
16 15 5 10082 0.01333
