16 12 1 100000 0.1364
16 12 1 100000 0.1429
16 12 1 100000 0.1463
16 12 1 100000 0.1431
16 12 1 100000 0.1446
16 12 1 100000 0.1374
16 12 1 100000 0.1111
16 12 1 85000 0.08698
16 12 1 85000 0.0828
16 12 1 85000 0.08918
16 12 1 85000 0.08583
16 12 1 85000 0.08782
16 12 1 75000 0.07705
16 12 1 75000 0.07746
16 12 1 75000 0.07876
16 12 1 75000 0.07703
16 12 1 75000 0.07768
16 12 1 75000 0.07696
16 12 1 50000 0.05785
16 12 1 50000 0.05559
16 12 1 50000 0.05585
16 12 1 50000 0.05622
16 12 1 50000 0.05789
16 12 1 50000 0.05832
16 12 1 50000 0.06091
16 12 1 35000 0.04184
16 12 1 35000 0.04376
16 12 1 35000 0.04248
16 12 1 35000 0.04391
16 12 1 35000 0.04533
16 12 1 35000 0.0477
16 12 1 25000 0.02595
16 12 1 25000 0.02941
16 12 1 25000 0.02763
16 12 1 25000 0.03004
16 12 1 25000 0.02866
16 12 1 25000 0.0305
16 12 1 15000 0.01683
16 12 1 15000 0.01783
16 12 1 15000 0.01796
16 12 1 15000 0.01695
16 12 1 15000 0.01884
16 12 1 15000 0.01724
16 12 1 15000 0.01756
16 12 1 10000 0.01253
16 12 1 10000 0.01183
16 12 1 10000 0.01217
16 12 1 10000 0.01275
16 12 1 10000 0.01251
16 12 1 10000 0.01196
16 12 2 113236 0.1416
16 12 2 112657 0.1412
16 12 2 112291 0.1417
16 12 2 111953 0.1338
16 12 2 108868 0.1068
16 12 2 106928 0.1067
16 12 2 94597 0.1089
16 12 2 94057 0.1163
16 12 2 93872 0.111
16 12 2 93845 0.1113
16 12 2 92716 0.1155
16 12 2 88581 0.1004
16 12 2 82403 0.08973
16 12 2 82353 0.08601
16 12 2 82155 0.08802
16 12 2 82026 0.08614
16 12 2 81804 0.08858
16 12 2 79252 0.08561
16 12 2 70683 0.07873
16 12 2 53318 0.06252
16 12 2 53275 0.06297
16 12 2 53232 0.06298
16 12 2 53115 0.06304
16 12 2 52921 0.0633
16 12 2 36662 0.04246
16 12 2 36617 0.04228
16 12 2 36590 0.04454
16 12 2 36575 0.04346
16 12 2 36565 0.04328
16 12 2 36518 0.04395
16 12 2 35005 0.04107
16 12 2 25832 0.02879
16 12 2 25816 0.02851
16 12 2 25807 0.02859
16 12 2 25773 0.02722
16 12 2 25609 0.02926
16 12 2 24679 0.02761
16 12 2 15301 0.01823
16 12 2 15296 0.01761
16 12 2 15292 0.0181
16 12 2 15285 0.01832
16 12 2 15271 0.01755
16 12 2 15254 0.018
16 12 2 15000 0.01673
16 12 2 10134 0.01245
16 12 2 10131 0.01287
16 12 2 10130 0.01284
16 12 2 10129 0.01303
16 12 2 10124 0.01277
16 12 2 10003 0.01221
16 12 3 127108 0.1719
16 12 3 126261 0.1743
16 12 3 124718 0.1788
16 12 3 124480 0.1663
16 12 3 122165 0.1142
16 12 3 119920 0.1125
16 12 3 104081 0.1004
16 12 3 104000 0.1011
16 12 3 103773 0.1019
16 12 3 102461 0.09808
16 12 3 100538 0.09814
16 12 3 97495 0.09675
16 12 3 95290 0.09433
16 12 3 89769 0.08942
16 12 3 89580 0.08987
16 12 3 88371 0.09029
16 12 3 86562 0.08784
16 12 3 83428 0.08384
16 12 3 56563 0.06349
16 12 3 56542 0.06329
16 12 3 56479 0.06192
16 12 3 56265 0.06311
16 12 3 56164 0.06128
16 12 3 55266 0.0605
16 12 3 52679 0.0604
16 12 3 38197 0.04369
16 12 3 38176 0.04177
16 12 3 38155 0.04283
16 12 3 38065 0.04201
16 12 3 37346 0.04169
16 12 3 37001 0.04173
16 12 3 26651 0.02884
16 12 3 26612 0.02828
16 12 3 26593 0.02772
16 12 3 26558 0.02812
16 12 3 26459 0.02889
16 12 3 26217 0.02772
16 12 3 25091 0.02691
16 12 3 15566 0.01796
16 12 3 15556 0.01778
16 12 3 15553 0.01806
16 12 3 15520 0.01764
16 12 3 15379 0.01751
16 12 3 10260 0.01268
16 12 3 10256 0.0128
16 12 3 10253 0.01268
16 12 3 10248 0.01292
16 12 3 10242 0.01254
16 12 3 10172 0.01285
16 12 3 10116 0.01249
16 12 4 143070 0.1909
16 12 4 140646 0.188
16 12 4 140646 0.1866
16 12 4 139922 0.183
16 12 4 137970 0.1811
16 12 4 132690 0.174
16 12 4 115640 0.1123
16 12 4 115158 0.1097
16 12 4 114550 0.1102
16 12 4 113173 0.113
16 12 4 109637 0.1088
16 12 4 108825 0.1088
16 12 4 98360 0.09915
16 12 4 98273 0.09544
16 12 4 97890 0.09961
16 12 4 97077 0.0971
16 12 4 94908 0.09391
16 12 4 93173 0.093
16 12 4 84219 0.08835
16 12 4 60032 0.06777
16 12 4 60009 0.0662
16 12 4 59782 0.06753
16 12 4 59127 0.06587
16 12 4 57582 0.06505
16 12 4 39985 0.0462
16 12 4 39897 0.04552
16 12 4 39871 0.04488
16 12 4 39787 0.04603
16 12 4 39712 0.04509
16 12 4 38939 0.04457
16 12 4 37838 0.04413
16 12 4 27470 0.03016
16 12 4 27439 0.03017
16 12 4 27393 0.03087
16 12 4 27320 0.03149
16 12 4 27030 0.03056
16 12 4 26126 0.0284
16 12 4 15887 0.01919
16 12 4 15865 0.01808
16 12 4 15855 0.01876
16 12 4 15843 0.01873
16 12 4 15830 0.01865
16 12 4 15702 0.01776
16 12 4 15559 0.01803
16 12 4 10387 0.0129
16 12 4 10382 0.01348
16 12 4 10378 0.0128
16 12 4 10355 0.01314
16 12 4 10291 0.01314
16 12 4 10243 0.01298
16 12 5 160633 0.1854
16 12 5 152603 0.1872
16 12 5 149713 0.189
16 12 5 147763 0.18
16 12 5 147208 0.1808
16 12 5 144240 0.1794
16 12 5 126952 0.1736
16 12 5 124135 0.1718
16 12 5 121869 0.1144
16 12 5 118018 0.1104
16 12 5 116914 0.1111
16 12 5 110039 0.1086
16 12 5 107985 0.1033
16 12 5 107347 0.1019
16 12 5 103157 0.09933
16 12 5 102027 0.09945
16 12 5 100815 0.09642
16 12 5 96205 0.09494
16 12 5 63927 0.06969
16 12 5 63815 0.06931
16 12 5 62235 0.06743
16 12 5 60858 0.06778
16 12 5 59858 0.06616
16 12 5 57693 0.06488
16 12 5 57084 0.06294
16 12 5 41630 0.04632
16 12 5 41549 0.04688
16 12 5 40792 0.0449
16 12 5 40221 0.04463
16 12 5 39859 0.04464
16 12 5 37843 0.04124
16 12 5 28380 0.02902
16 12 5 28344 0.02926
16 12 5 27945 0.0297
16 12 5 27565 0.03028
16 12 5 27459 0.02973
16 12 5 27340 0.02939
16 12 5 16195 0.01829
16 12 5 16170 0.01763
16 12 5 16127 0.01755
16 12 5 16012 0.0174
16 12 5 15844 0.01785
16 12 5 15702 0.01794
16 12 5 15559 0.01808
16 12 5 10518 0.01249
16 12 5 10504 0.01305
16 12 5 10432 0.01316
16 12 5 10372 0.01271
16 12 5 10297 0.01323
16 12 5 10243 0.01292
