8 4 1 100000 0.1407
8 4 1 100000 0.1361
8 4 1 100000 0.1143
8 4 1 100000 0.104
8 4 1 100000 0.1026
8 4 1 100000 0.1037
8 4 1 100000 0.103
8 4 1 100000 0.103
8 4 1 100000 0.1026
8 4 1 100000 0.1032
8 4 1 100000 0.1037
8 4 1 100000 0.1015
8 4 1 100000 0.1031
8 4 1 85000 0.09064
8 4 1 85000 0.09352
8 4 1 85000 0.09151
8 4 1 85000 0.09233
8 4 1 85000 0.09485
8 4 1 85000 0.09236
8 4 1 85000 0.1182
8 4 1 85000 0.1189
8 4 1 85000 0.1199
8 4 1 85000 0.1207
8 4 1 85000 0.1186
8 4 1 85000 0.1206
8 4 1 75000 0.1057
8 4 1 75000 0.1033
8 4 1 75000 0.1041
8 4 1 75000 0.1059
8 4 1 75000 0.1066
8 4 1 75000 0.1044
8 4 1 75000 0.1059
8 4 1 75000 0.1042
8 4 1 75000 0.1041
8 4 1 75000 0.09197
8 4 1 75000 0.08497
8 4 1 75000 0.08346
8 4 1 50000 0.06026
8 4 1 50000 0.06073
8 4 1 50000 0.06054
8 4 1 50000 0.05943
8 4 1 50000 0.06138
8 4 1 50000 0.06094
8 4 1 50000 0.0606
8 4 1 50000 0.06096
8 4 1 50000 0.06078
8 4 1 50000 0.0605
8 4 1 50000 0.05996
8 4 1 50000 0.05974
8 4 1 50000 0.06217
8 4 1 35000 0.0441
8 4 1 35000 0.04412
8 4 1 35000 0.04245
8 4 1 35000 0.04291
8 4 1 35000 0.04321
8 4 1 35000 0.04357
8 4 1 35000 0.04138
8 4 1 35000 0.04329
8 4 1 35000 0.04467
8 4 1 35000 0.04182
8 4 1 35000 0.04304
8 4 1 35000 0.04268
8 4 1 35000 0.04371
8 4 1 25000 0.0292
8 4 1 25000 0.02888
8 4 1 25000 0.02813
8 4 1 25000 0.0284
8 4 1 25000 0.02729
8 4 1 25000 0.02832
8 4 1 25000 0.02871
8 4 1 25000 0.02894
8 4 1 25000 0.02883
8 4 1 25000 0.0294
8 4 1 25000 0.02821
8 4 1 25000 0.0272
8 4 1 15000 0.01829
8 4 1 15000 0.01831
8 4 1 15000 0.0185
8 4 1 15000 0.01847
8 4 1 15000 0.01837
8 4 1 15000 0.01778
8 4 1 15000 0.01808
8 4 1 15000 0.01758
8 4 1 15000 0.01829
8 4 1 15000 0.0185
8 4 1 15000 0.0179
8 4 1 15000 0.01771
8 4 1 15000 0.01786
8 4 1 10000 0.01307
8 4 1 10000 0.01265
8 4 1 10000 0.01286
8 4 1 10000 0.01275
8 4 1 10000 0.01314
8 4 1 10000 0.01309
8 4 1 10000 0.01269
8 4 1 10000 0.01312
8 4 1 10000 0.01288
8 4 1 10000 0.0131
8 4 1 10000 0.01282
8 4 1 10000 0.01288
8 4 2 113238 0.1176
8 4 2 111523 0.1141
8 4 2 109653 0.1128
8 4 2 107775 0.1044
8 4 2 107215 0.1087
8 4 2 105237 0.1082
8 4 2 103475 0.1095
8 4 2 103250 0.1082
8 4 2 99033 0.1026
8 4 2 97726 0.1017
8 4 2 96476 0.09993
8 4 2 94746 0.1009
8 4 2 94691 0.09953
8 4 2 92774 0.09831
8 4 2 92330 0.1002
8 4 2 92251 0.09714
8 4 2 90767 0.09506
8 4 2 89879 0.09538
8 4 2 87740 0.09273
8 4 2 85856 0.09266
8 4 2 85064 0.09034
8 4 2 83974 0.09031
8 4 2 83573 0.09108
8 4 2 82425 0.09068
8 4 2 82011 0.08929
8 4 2 81522 0.08982
8 4 2 78856 0.08625
8 4 2 78477 0.08726
8 4 2 77930 0.08596
8 4 2 77659 0.08469
8 4 2 77480 0.08649
8 4 2 76571 0.08431
8 4 2 75240 0.08395
8 4 2 74838 0.08379
8 4 2 73824 0.08237
8 4 2 72791 0.08226
8 4 2 71627 0.08058
8 4 2 70387 0.07855
8 4 2 53145 0.06331
8 4 2 52945 0.06469
8 4 2 52564 0.06371
8 4 2 52234 0.06409
8 4 2 52173 0.06298
8 4 2 51640 0.06197
8 4 2 51197 0.06202
8 4 2 50185 0.0613
8 4 2 49985 0.06036
8 4 2 48668 0.05968
8 4 2 47654 0.06013
8 4 2 46441 0.05637
8 4 2 36662 0.04539
8 4 2 36657 0.04476
8 4 2 36640 0.04611
8 4 2 36537 0.04355
8 4 2 36415 0.04414
8 4 2 36166 0.0454
8 4 2 36004 0.04474
8 4 2 35612 0.04275
8 4 2 35262 0.04422
8 4 2 34805 0.04178
8 4 2 34088 0.04068
8 4 2 33687 0.03941
8 4 2 25848 0.03092
8 4 2 25837 0.02982
8 4 2 25833 0.02963
8 4 2 25824 0.02973
8 4 2 25700 0.03015
8 4 2 25370 0.02811
8 4 2 25280 0.02761
8 4 2 25125 0.02866
8 4 2 24996 0.02862
8 4 2 24782 0.02911
8 4 2 24409 0.02775
8 4 2 24238 0.02761
8 4 2 24132 0.02792
8 4 2 15304 0.01805
8 4 2 15301 0.01853
8 4 2 15293 0.01878
8 4 2 15283 0.01772
8 4 2 15249 0.01815
8 4 2 15160 0.01868
8 4 2 15060 0.01813
8 4 2 14907 0.01865
8 4 2 14875 0.01813
8 4 2 14817 0.01761
8 4 2 14785 0.01798
8 4 2 14778 0.01813
8 4 2 10133 0.01258
8 4 2 10133 0.0133
8 4 2 10128 0.0132
8 4 2 10118 0.01297
8 4 2 10097 0.01275
8 4 2 10093 0.01317
8 4 2 10092 0.0128
8 4 2 10064 0.01323
8 4 2 10036 0.01265
8 4 2 10007 0.01252
8 4 2 9949 0.01296
8 4 2 9943 0.01254
8 4 2 9891 0.01281
8 4 3 120162 0.1211
8 4 3 115914 0.1179
8 4 3 114930 0.1176
8 4 3 111888 0.1169
8 4 3 110717 0.1387
8 4 3 110346 0.15
8 4 3 109881 0.1588
8 4 3 106213 0.1519
8 4 3 104533 0.1494
8 4 3 102028 0.1463
8 4 3 101387 0.1457
8 4 3 100674 0.146
8 4 3 98175 0.1291
8 4 3 96575 0.1296
8 4 3 95731 0.1403
8 4 3 92502 0.1374
8 4 3 91665 0.1365
8 4 3 90921 0.1353
8 4 3 89290 0.1312
8 4 3 89209 0.1328
8 4 3 86334 0.1281
8 4 3 85733 0.1249
8 4 3 84962 0.1256
8 4 3 83895 0.125
8 4 3 82916 0.1233
8 4 3 82695 0.123
8 4 3 81312 0.1179
8 4 3 80222 0.1203
8 4 3 79116 0.1172
8 4 3 78930 0.1178
8 4 3 78540 0.1157
8 4 3 76640 0.1128
8 4 3 76569 0.1141
8 4 3 74818 0.111
8 4 3 74605 0.1117
8 4 3 72101 0.1081
8 4 3 71559 0.1083
8 4 3 69261 0.1006
8 4 3 56135 0.08677
8 4 3 55949 0.08505
8 4 3 54787 0.08345
8 4 3 53909 0.08365
8 4 3 53424 0.07971
8 4 3 52865 0.07943
8 4 3 51933 0.07705
8 4 3 50780 0.07775
8 4 3 50147 0.07694
8 4 3 48577 0.07066
8 4 3 46593 0.0702
8 4 3 46066 0.06832
8 4 3 38235 0.05592
8 4 3 37284 0.05446
8 4 3 37176 0.05346
8 4 3 37135 0.05244
8 4 3 36752 0.05312
8 4 3 36446 0.05212
8 4 3 36257 0.05179
8 4 3 35120 0.05128
8 4 3 35107 0.04958
8 4 3 35021 0.04994
8 4 3 34725 0.0487
8 4 3 34015 0.0451
8 4 3 26708 0.03365
8 4 3 26582 0.0347
8 4 3 26531 0.03354
8 4 3 25894 0.03097
8 4 3 25889 0.03225
8 4 3 25277 0.03048
8 4 3 25189 0.02961
8 4 3 24983 0.03065
8 4 3 24945 0.03215
8 4 3 24820 0.03037
8 4 3 24752 0.03139
8 4 3 24189 0.03037
8 4 3 24050 0.03029
8 4 3 15607 0.02061
8 4 3 15585 0.02041
8 4 3 15459 0.02017
8 4 3 15378 0.02016
8 4 3 15338 0.01987
8 4 3 15183 0.01873
8 4 3 15107 0.0204
8 4 3 15082 0.02007
8 4 3 15039 0.0203
8 4 3 14985 0.02014
8 4 3 14842 0.01916
8 4 3 14697 0.01849
8 4 3 14656 0.0191
8 4 3 10252 0.0147
8 4 3 10232 0.01438
8 4 3 10229 0.01385
8 4 3 10168 0.01371
8 4 3 10141 0.01413
8 4 3 10128 0.01397
8 4 3 10083 0.01332
8 4 3 10044 0.01375
8 4 3 10003 0.01367
8 4 3 9980 0.0132
8 4 3 9866 0.01437
8 4 3 9837 0.01349
8 4 4 135866 0.2535
8 4 4 122355 0.1678
8 4 4 121147 0.1718
8 4 4 118761 0.1686
8 4 4 114340 0.1611
8 4 4 108847 0.1534
8 4 4 107040 0.1399
8 4 4 107012 0.1376
8 4 4 104555 0.1092
8 4 4 102147 0.1065
8 4 4 102124 0.1077
8 4 4 101495 0.1052
8 4 4 98456 0.1041
8 4 4 96363 0.1015
8 4 4 95636 0.1022
8 4 4 95415 0.1013
8 4 4 94540 0.09754
8 4 4 93108 0.09644
8 4 4 92951 0.0973
8 4 4 92319 0.0927
8 4 4 90568 0.09448
8 4 4 89810 0.09628
8 4 4 88269 0.09264
8 4 4 87063 0.09554
8 4 4 86040 0.09282
8 4 4 85908 0.09363
8 4 4 84177 0.09105
8 4 4 83423 0.08518
8 4 4 83177 0.09012
8 4 4 82746 0.08874
8 4 4 81035 0.08877
8 4 4 80635 0.08773
8 4 4 75429 0.08329
8 4 4 75271 0.08285
8 4 4 72882 0.08265
8 4 4 70951 0.07866
8 4 4 66231 0.07431
8 4 4 59473 0.07098
8 4 4 58629 0.0748
8 4 4 58498 0.09071
8 4 4 57941 0.08716
8 4 4 56882 0.08667
8 4 4 56416 0.08556
8 4 4 53403 0.08274
8 4 4 52499 0.07955
8 4 4 51357 0.07719
8 4 4 50563 0.07727
8 4 4 49452 0.07233
8 4 4 48959 0.07046
8 4 4 44971 0.06667
8 4 4 39004 0.05752
8 4 4 38876 0.05683
8 4 4 38206 0.05498
8 4 4 38042 0.05341
8 4 4 37453 0.05037
8 4 4 36776 0.05386
8 4 4 36206 0.05267
8 4 4 36112 0.05178
8 4 4 35767 0.05014
8 4 4 35386 0.05254
8 4 4 34943 0.04875
8 4 4 34101 0.04897
8 4 4 33839 0.04677
8 4 4 26619 0.03399
8 4 4 26199 0.03317
8 4 4 26031 0.03206
8 4 4 25854 0.03184
8 4 4 25778 0.03273
8 4 4 25642 0.03222
8 4 4 25479 0.0323
8 4 4 25095 0.03109
8 4 4 24987 0.03217
8 4 4 24504 0.03189
8 4 4 24129 0.03135
8 4 4 23696 0.03089
8 4 4 15919 0.02025
8 4 4 15695 0.02118
8 4 4 15671 0.02012
8 4 4 15590 0.02095
8 4 4 15381 0.01997
8 4 4 15364 0.02081
8 4 4 15279 0.02019
8 4 4 15196 0.02022
8 4 4 15108 0.01983
8 4 4 14803 0.01907
8 4 4 14627 0.01948
8 4 4 14409 0.01891
8 4 4 10378 0.01486
8 4 4 10376 0.01461
8 4 4 10350 0.0142
8 4 4 10313 0.01496
8 4 4 10280 0.01458
8 4 4 10261 0.01458
8 4 4 10160 0.01409
8 4 4 10115 0.0135
8 4 4 10097 0.01414
8 4 4 10042 0.01349
8 4 4 10002 0.01389
8 4 4 9945 0.01379
8 4 4 9824 0.01394
8 4 5 142877 0.2672
8 4 5 131559 0.2416
8 4 5 127445 0.2382
8 4 5 122318 0.1706
8 4 5 120675 0.1698
8 4 5 113593 0.1622
8 4 5 111594 0.1558
8 4 5 111187 0.1593
8 4 5 106457 0.1522
8 4 5 106431 0.1417
8 4 5 105323 0.1515
8 4 5 102622 0.1453
8 4 5 100474 0.1404
8 4 5 100087 0.1414
8 4 5 99154 0.1443
8 4 5 98996 0.142
8 4 5 96526 0.1386
8 4 5 95081 0.139
8 4 5 94420 0.1357
8 4 5 93972 0.1345
8 4 5 92622 0.1346
8 4 5 91074 0.1321
8 4 5 90701 0.1309
8 4 5 89628 0.1284
8 4 5 89563 0.1265
8 4 5 88248 0.127
8 4 5 86445 0.1267
8 4 5 86100 0.1256
8 4 5 85547 0.1253
8 4 5 83866 0.122
8 4 5 82329 0.1019
8 4 5 79894 0.08721
8 4 5 79052 0.08661
8 4 5 74871 0.08123
8 4 5 73594 0.08383
8 4 5 71875 0.0805
8 4 5 68440 0.07969
8 4 5 61416 0.07254
8 4 5 60391 0.07092
8 4 5 59501 0.07349
8 4 5 58380 0.07035
8 4 5 55908 0.06716
8 4 5 54109 0.06571
8 4 5 53829 0.06446
8 4 5 53650 0.0665
8 4 5 51373 0.06204
8 4 5 50940 0.06098
8 4 5 50031 0.05905
8 4 5 46997 0.05739
8 4 5 46677 0.05794
8 4 5 40431 0.04843
8 4 5 39937 0.04828
8 4 5 39801 0.04843
8 4 5 37665 0.04553
8 4 5 37433 0.04763
8 4 5 37140 0.04503
8 4 5 36759 0.04539
8 4 5 36561 0.04437
8 4 5 36052 0.04493
8 4 5 35576 0.043
8 4 5 35015 0.04226
8 4 5 34416 0.04167
8 4 5 34107 0.0413
8 4 5 27065 0.03276
8 4 5 26565 0.03239
8 4 5 26435 0.03001
8 4 5 26182 0.03122
8 4 5 25912 0.03083
8 4 5 25420 0.02907
8 4 5 25245 0.0286
8 4 5 25031 0.02822
8 4 5 24939 0.02885
8 4 5 24414 0.02905
8 4 5 24103 0.03001
8 4 5 23324 0.02788
8 4 5 16170 0.01944
8 4 5 15861 0.0196
8 4 5 15763 0.01925
8 4 5 15643 0.01907
8 4 5 15553 0.02016
8 4 5 15523 0.01814
8 4 5 15470 0.01906
8 4 5 15375 0.0184
8 4 5 15195 0.01904
8 4 5 14917 0.01798
8 4 5 14676 0.01769
8 4 5 14646 0.01805
8 4 5 10498 0.01356
8 4 5 10378 0.01405
8 4 5 10374 0.01465
8 4 5 10288 0.01405
8 4 5 10242 0.01322
8 4 5 10219 0.01357
8 4 5 10175 0.01318
8 4 5 10160 0.01328
8 4 5 10116 0.01293
8 4 5 10052 0.01295
8 4 5 10019 0.01312
8 4 5 9965 0.01308
8 4 5 9722 0.01349
