16 15 1 100000 0.1501
16 15 1 100000 0.149
16 15 1 100000 0.1459
16 15 1 100000 0.141
16 15 1 100000 0.1457
16 15 1 100000 0.1467
16 15 1 85000 0.1253
16 15 1 85000 0.1287
16 15 1 85000 0.1254
16 15 1 85000 0.126
16 15 1 85000 0.1296
16 15 1 85000 0.1262
16 15 1 85000 0.1224
16 15 1 75000 0.1086
16 15 1 75000 0.111
16 15 1 75000 0.108
16 15 1 75000 0.1098
16 15 1 75000 0.1101
16 15 1 75000 0.1087
16 15 1 50000 0.0738
16 15 1 50000 0.07511
16 15 1 50000 0.075
16 15 1 50000 0.07318
16 15 1 50000 0.07551
16 15 1 50000 0.07579
16 15 1 35000 0.05036
16 15 1 35000 0.05227
16 15 1 35000 0.05157
16 15 1 35000 0.05066
16 15 1 35000 0.05265
16 15 1 35000 0.05049
16 15 1 35000 0.05083
16 15 1 25000 0.03114
16 15 1 25000 0.0318
16 15 1 25000 0.03137
16 15 1 25000 0.03083
16 15 1 25000 0.03056
16 15 1 25000 0.0297
16 15 1 15000 0.01979
16 15 1 15000 0.01965
16 15 1 15000 0.0188
16 15 1 15000 0.01863
16 15 1 15000 0.01932
16 15 1 15000 0.01949
16 15 1 10000 0.01384
16 15 1 10000 0.01607
16 15 1 10000 0.01366
16 15 1 10000 0.01389
16 15 1 10000 0.01344
16 15 1 10000 0.01316
16 15 2 112190 0.1611
16 15 2 111856 0.1507
16 15 2 106104 0.1088
16 15 2 103342 0.1088
16 15 2 103197 0.1072
16 15 2 99781 0.1035
16 15 2 94295 0.1008
16 15 2 92847 0.09721
16 15 2 92073 0.0969
16 15 2 91217 0.09632
16 15 2 87457 0.09294
16 15 2 85412 0.0918
16 15 2 83283 0.08996
16 15 2 82560 0.09048
16 15 2 82547 0.08942
16 15 2 81872 0.08599
16 15 2 81058 0.08838
16 15 2 76614 0.0852
16 15 2 72905 0.08085
16 15 2 53392 0.06322
16 15 2 53372 0.0662
16 15 2 53358 0.06492
16 15 2 52176 0.0631
16 15 2 51085 0.06198
16 15 2 48133 0.05869
16 15 2 46807 0.0599
16 15 2 36645 0.04371
16 15 2 36639 0.04351
16 15 2 36068 0.04487
16 15 2 35926 0.04362
16 15 2 34475 0.04228
16 15 2 25845 0.02875
16 15 2 25839 0.02872
16 15 2 25818 0.02948
16 15 2 25423 0.02827
16 15 2 25055 0.02835
16 15 2 24299 0.02722
16 15 2 24217 0.02745
16 15 2 15302 0.01806
16 15 2 15300 0.01742
16 15 2 15273 0.01819
16 15 2 15162 0.01824
16 15 2 14940 0.01755
16 15 2 10135 0.01347
16 15 2 10134 0.01278
16 15 2 10134 0.01335
16 15 2 10134 0.01362
16 15 2 10114 0.01258
16 15 2 10008 0.01292
16 15 2 9914 0.01311
16 15 3 123977 0.1827
16 15 3 123910 0.186
16 15 3 111416 0.1129
16 15 3 110545 0.1128
16 15 3 106834 0.1106
16 15 3 103705 0.1093
16 15 3 100449 0.1031
16 15 3 99207 0.1032
16 15 3 96293 0.1021
16 15 3 93891 0.1005
16 15 3 90250 0.09547
16 15 3 90163 0.097
16 15 3 87429 0.09122
16 15 3 86662 0.09316
16 15 3 81683 0.09111
16 15 3 81240 0.0895
16 15 3 80935 0.08749
16 15 3 78760 0.08658
16 15 3 78457 0.08663
16 15 3 56791 0.06701
16 15 3 55413 0.06592
16 15 3 55099 0.06696
16 15 3 52042 0.06355
16 15 3 52042 0.06357
16 15 3 50478 0.05996
16 15 3 38388 0.0464
16 15 3 38370 0.0466
16 15 3 37988 0.04565
16 15 3 36652 0.04377
16 15 3 35860 0.0444
16 15 3 35467 0.04245
16 15 3 34588 0.043
16 15 3 26266 0.02958
16 15 3 25930 0.03063
16 15 3 25752 0.02989
16 15 3 25021 0.02953
16 15 3 24873 0.02844
16 15 3 15612 0.01981
16 15 3 15612 0.01977
16 15 3 15550 0.01897
16 15 3 15435 0.01911
16 15 3 15228 0.0191
16 15 3 15165 0.01865
16 15 3 15031 0.01719
16 15 3 10269 0.0134
16 15 3 10254 0.01372
16 15 3 10213 0.01324
16 15 3 10142 0.01291
16 15 3 10020 0.01255
16 15 3 9985 0.01325
16 15 4 130369 0.1859
16 15 4 127293 0.1818
16 15 4 120477 0.1216
16 15 4 115677 0.1195
16 15 4 109952 0.1153
16 15 4 108515 0.1109
16 15 4 107140 0.1093
16 15 4 101633 0.106
16 15 4 99297 0.1033
16 15 4 95283 0.1002
16 15 4 94975 0.09597
16 15 4 89325 0.09606
16 15 4 89325 0.09589
16 15 4 85939 0.09481
16 15 4 84688 0.09224
16 15 4 84135 0.09377
16 15 4 80479 0.08353
16 15 4 78359 0.08666
16 15 4 76722 0.08309
16 15 4 58841 0.06776
16 15 4 58036 0.0696
16 15 4 54165 0.06551
16 15 4 53556 0.06397
16 15 4 50213 0.06175
16 15 4 49251 0.05934
16 15 4 40112 0.04612
16 15 4 39741 0.04805
16 15 4 37673 0.04451
16 15 4 37098 0.04444
16 15 4 35656 0.04395
16 15 4 35621 0.04406
16 15 4 34813 0.043
16 15 4 26985 0.03141
16 15 4 25526 0.02951
16 15 4 25273 0.02844
16 15 4 24815 0.02904
16 15 4 24276 0.02857
16 15 4 15901 0.01962
16 15 4 15891 0.01838
16 15 4 15574 0.01911
16 15 4 15492 0.01987
16 15 4 15261 0.01972
16 15 4 15093 0.01856
16 15 4 14948 0.01865
16 15 4 10350 0.01381
16 15 4 10296 0.01407
16 15 4 10263 0.01367
16 15 4 10119 0.01337
16 15 4 10028 0.01306
16 15 4 9940 0.01296
16 15 5 139274 0.1915
16 15 5 138327 0.1882
16 15 5 125310 0.1835
16 15 5 124213 0.1779
16 15 5 109771 0.1128
16 15 5 108055 0.1115
16 15 5 106864 0.1098
16 15 5 105985 0.1076
16 15 5 101297 0.1041
16 15 5 100788 0.1064
16 15 5 99668 0.1041
16 15 5 94466 0.09827
16 15 5 92679 0.09843
16 15 5 88335 0.09434
16 15 5 87106 0.09373
16 15 5 85957 0.09311
16 15 5 81848 0.08919
16 15 5 78681 0.08688
16 15 5 76458 0.08375
16 15 5 59616 0.07162
16 15 5 59025 0.06943
16 15 5 56746 0.06844
16 15 5 55267 0.06451
16 15 5 52525 0.06495
16 15 5 49228 0.05742
16 15 5 40995 0.04852
16 15 5 39623 0.04791
16 15 5 39109 0.0473
16 15 5 37405 0.04503
16 15 5 36314 0.04519
16 15 5 34753 0.04176
16 15 5 28539 0.03235
16 15 5 27891 0.03177
16 15 5 26723 0.03082
16 15 5 26270 0.03024
16 15 5 25374 0.02903
16 15 5 24393 0.02809
16 15 5 24060 0.02814
16 15 5 15780 0.01908
16 15 5 15682 0.01947
16 15 5 15518 0.01928
16 15 5 15287 0.01892
16 15 5 15010 0.01887
16 15 5 14577 0.01834
16 15 5 10333 0.01388
16 15 5 10291 0.01352
16 15 5 10231 0.01276
16 15 5 10191 0.01298
16 15 5 10065 0.01364
16 15 5 9805 0.01267
