8 4 1 100000 0.1161
8 4 1 100000 0.1113
8 4 1 100000 0.1096
8 4 1 100000 0.1073
8 4 1 100000 0.1069
8 4 1 100000 0.1028
8 4 1 100000 0.1061
8 4 1 100000 0.1063
8 4 1 100000 0.1042
8 4 1 100000 0.1024
8 4 1 100000 0.105
8 4 1 100000 0.105
8 4 1 85000 0.09375
8 4 1 85000 0.09375
8 4 1 85000 0.09386
8 4 1 85000 0.09305
8 4 1 85000 0.09339
8 4 1 85000 0.09278
8 4 1 85000 0.09159
8 4 1 85000 0.09449
8 4 1 85000 0.09199
8 4 1 85000 0.09351
8 4 1 85000 0.09601
8 4 1 85000 0.09348
8 4 1 85000 0.09339
8 4 1 75000 0.08539
8 4 1 75000 0.08303
8 4 1 75000 0.084
8 4 1 75000 0.08508
8 4 1 75000 0.08374
8 4 1 75000 0.08348
8 4 1 75000 0.08305
8 4 1 75000 0.08393
8 4 1 75000 0.08536
8 4 1 75000 0.08615
8 4 1 75000 0.08319
8 4 1 75000 0.08546
8 4 1 75000 0.084
8 4 1 50000 0.06091
8 4 1 50000 0.06224
8 4 1 50000 0.06129
8 4 1 50000 0.06219
8 4 1 50000 0.06149
8 4 1 50000 0.06121
8 4 1 50000 0.06055
8 4 1 50000 0.06249
8 4 1 50000 0.06171
8 4 1 50000 0.06122
8 4 1 50000 0.06151
8 4 1 50000 0.06015
8 4 1 35000 0.04452
8 4 1 35000 0.04508
8 4 1 35000 0.04444
8 4 1 35000 0.04272
8 4 1 35000 0.04435
8 4 1 35000 0.04447
8 4 1 35000 0.04267
8 4 1 35000 0.04331
8 4 1 35000 0.04417
8 4 1 35000 0.04392
8 4 1 35000 0.04177
8 4 1 35000 0.04342
8 4 1 25000 0.02952
8 4 1 25000 0.02854
8 4 1 25000 0.02961
8 4 1 25000 0.02817
8 4 1 25000 0.02896
8 4 1 25000 0.02908
8 4 1 25000 0.02873
8 4 1 25000 0.02783
8 4 1 25000 0.02806
8 4 1 25000 0.02699
8 4 1 25000 0.02796
8 4 1 25000 0.02875
8 4 1 25000 0.02883
8 4 1 15000 0.01877
8 4 1 15000 0.01855
8 4 1 15000 0.01779
8 4 1 15000 0.01789
8 4 1 15000 0.01806
8 4 1 15000 0.01824
8 4 1 15000 0.01822
8 4 1 15000 0.01832
8 4 1 15000 0.01814
8 4 1 15000 0.01766
8 4 1 15000 0.01784
8 4 1 15000 0.01739
8 4 1 10000 0.01307
8 4 1 10000 0.01282
8 4 1 10000 0.01325
8 4 1 10000 0.01306
8 4 1 10000 0.01251
8 4 1 10000 0.01281
8 4 1 10000 0.01298
8 4 1 10000 0.01253
8 4 1 10000 0.01281
8 4 1 10000 0.01261
8 4 1 10000 0.013
8 4 1 10000 0.01311
8 4 1 10000 0.01277
8 4 2 109497 0.1112
8 4 2 108546 0.1123
8 4 2 107017 0.1183
8 4 2 104665 0.1109
8 4 2 103900 0.1085
8 4 2 103552 0.1102
8 4 2 103028 0.1086
8 4 2 101530 0.1039
8 4 2 101427 0.1049
8 4 2 99089 0.1056
8 4 2 97636 0.105
8 4 2 96400 0.1015
8 4 2 94635 0.1003
8 4 2 93467 0.1
8 4 2 92251 0.09786
8 4 2 91579 0.1016
8 4 2 91129 0.09814
8 4 2 90049 0.09893
8 4 2 88765 0.0939
8 4 2 86929 0.09505
8 4 2 83701 0.0909
8 4 2 83516 0.09338
8 4 2 82605 0.09023
8 4 2 82544 0.0922
8 4 2 81684 0.09195
8 4 2 80742 0.0896
8 4 2 80664 0.08977
8 4 2 78770 0.08825
8 4 2 78489 0.08772
8 4 2 78257 0.08661
8 4 2 77652 0.08744
8 4 2 77209 0.08592
8 4 2 75828 0.08411
8 4 2 74947 0.08456
8 4 2 73098 0.08361
8 4 2 72732 0.0835
8 4 2 72068 0.08081
8 4 2 53375 0.06392
8 4 2 53350 0.06538
8 4 2 53329 0.06735
8 4 2 52851 0.06567
8 4 2 52743 0.06579
8 4 2 52070 0.06385
8 4 2 51635 0.06533
8 4 2 50995 0.06162
8 4 2 49928 0.06149
8 4 2 49389 0.05984
8 4 2 48655 0.06117
8 4 2 48383 0.05969
8 4 2 47569 0.05916
8 4 2 36662 0.0459
8 4 2 36661 0.04408
8 4 2 36634 0.04578
8 4 2 36312 0.04432
8 4 2 36151 0.04449
8 4 2 36050 0.04498
8 4 2 35875 0.04474
8 4 2 35262 0.04464
8 4 2 35000 0.04455
8 4 2 34740 0.04257
8 4 2 34650 0.04218
8 4 2 34341 0.04251
8 4 2 33687 0.04016
8 4 2 25848 0.02915
8 4 2 25843 0.02957
8 4 2 25835 0.02974
8 4 2 25824 0.02941
8 4 2 25692 0.03017
8 4 2 25370 0.02944
8 4 2 25268 0.02953
8 4 2 25183 0.02839
8 4 2 25046 0.02899
8 4 2 24407 0.02679
8 4 2 24238 0.02874
8 4 2 24190 0.02726
8 4 2 15305 0.01909
8 4 2 15304 0.01854
8 4 2 15303 0.01864
8 4 2 15294 0.0182
8 4 2 15251 0.01845
8 4 2 15220 0.01817
8 4 2 15118 0.01838
8 4 2 15004 0.01782
8 4 2 14905 0.01837
8 4 2 14867 0.01783
8 4 2 14851 0.01844
8 4 2 14827 0.01763
8 4 2 14736 0.01682
8 4 2 10133 0.01255
8 4 2 10128 0.01332
8 4 2 10121 0.01288
8 4 2 10094 0.01305
8 4 2 10068 0.01318
8 4 2 10046 0.01265
8 4 2 10009 0.01284
8 4 2 9988 0.01248
8 4 2 9947 0.01243
8 4 2 9943 0.01274
8 4 2 9922 0.01311
8 4 2 9858 0.0126
8 4 3 119492 0.123
8 4 3 117715 0.1204
8 4 3 112708 0.1168
8 4 3 110567 0.1148
8 4 3 109959 0.1159
8 4 3 106418 0.1107
8 4 3 104024 0.1106
8 4 3 102953 0.1075
8 4 3 102124 0.1055
8 4 3 101823 0.1015
8 4 3 101714 0.107
8 4 3 98231 0.1052
8 4 3 97580 0.1044
8 4 3 96547 0.1135
8 4 3 94774 0.1099
8 4 3 94426 0.09982
8 4 3 91069 0.1001
8 4 3 90940 0.09822
8 4 3 88265 0.09693
8 4 3 85922 0.09387
8 4 3 85252 0.09393
8 4 3 84036 0.09405
8 4 3 83058 0.0871
8 4 3 81620 0.09277
8 4 3 80010 0.09147
8 4 3 79368 0.09055
8 4 3 79161 0.08977
8 4 3 79111 0.08988
8 4 3 78724 0.0878
8 4 3 78611 0.08971
8 4 3 77382 0.08704
8 4 3 76536 0.08723
8 4 3 76172 0.08467
8 4 3 74919 0.08645
8 4 3 72497 0.08301
8 4 3 72246 0.0839
8 4 3 68777 0.08152
8 4 3 66951 0.07772
8 4 3 55780 0.06747
8 4 3 54420 0.06744
8 4 3 53361 0.06705
8 4 3 52751 0.06571
8 4 3 51458 0.0633
8 4 3 50987 0.0634
8 4 3 50384 0.06134
8 4 3 49928 0.06202
8 4 3 49849 0.06107
8 4 3 48936 0.06138
8 4 3 48327 0.06108
8 4 3 45773 0.05758
8 4 3 37902 0.04624
8 4 3 37509 0.04462
8 4 3 37355 0.04563
8 4 3 37050 0.04606
8 4 3 36674 0.04593
8 4 3 36379 0.04627
8 4 3 36163 0.04613
8 4 3 35927 0.04608
8 4 3 35786 0.04392
8 4 3 35514 0.04453
8 4 3 34799 0.04285
8 4 3 32879 0.03869
8 4 3 32592 0.0381
8 4 3 26591 0.0316
8 4 3 26130 0.02989
8 4 3 26095 0.03031
8 4 3 25922 0.02987
8 4 3 25573 0.03014
8 4 3 25497 0.02973
8 4 3 25218 0.02826
8 4 3 24702 0.02942
8 4 3 24465 0.02972
8 4 3 24404 0.02755
8 4 3 23886 0.02857
8 4 3 23708 0.02773
8 4 3 15479 0.01959
8 4 3 15367 0.01963
8 4 3 15187 0.01835
8 4 3 15162 0.01851
8 4 3 15119 0.01875
8 4 3 15059 0.01953
8 4 3 15043 0.01801
8 4 3 15035 0.01846
8 4 3 15006 0.01826
8 4 3 14951 0.01834
8 4 3 14878 0.01772
8 4 3 14697 0.01879
8 4 3 10260 0.01352
8 4 3 10256 0.01369
8 4 3 10197 0.01313
8 4 3 10146 0.01355
8 4 3 10139 0.01326
8 4 3 10066 0.01326
8 4 3 10041 0.01296
8 4 3 10031 0.01293
8 4 3 10005 0.01266
8 4 3 9973 0.01323
8 4 3 9969 0.01245
8 4 3 9940 0.01287
8 4 3 9922 0.01344
8 4 4 130436 0.2038
8 4 4 122675 0.1266
8 4 4 113172 0.1166
8 4 4 112812 0.1162
8 4 4 110968 0.1129
8 4 4 110158 0.1127
8 4 4 106186 0.1105
8 4 4 104032 0.1107
8 4 4 103739 0.1156
8 4 4 102068 0.1086
8 4 4 101640 0.1072
8 4 4 99510 0.1051
8 4 4 97891 0.1066
8 4 4 96492 0.1001
8 4 4 94481 0.1007
8 4 4 93942 0.09983
8 4 4 93216 0.1042
8 4 4 92396 0.09847
8 4 4 89917 0.097
8 4 4 89174 0.09774
8 4 4 88586 0.09671
8 4 4 86446 0.09422
8 4 4 85286 0.09396
8 4 4 84219 0.09489
8 4 4 83029 0.09215
8 4 4 80924 0.08942
8 4 4 80480 0.08872
8 4 4 80322 0.08988
8 4 4 79663 0.08762
8 4 4 78389 0.08993
8 4 4 78156 0.08818
8 4 4 76197 0.08638
8 4 4 75564 0.0848
8 4 4 74844 0.08473
8 4 4 73582 0.08421
8 4 4 70792 0.08112
8 4 4 70765 0.08379
8 4 4 58477 0.06942
8 4 4 58110 0.07052
8 4 4 57307 0.0688
8 4 4 56510 0.06828
8 4 4 55044 0.06697
8 4 4 53545 0.06568
8 4 4 52483 0.0642
8 4 4 51992 0.06574
8 4 4 49914 0.06215
8 4 4 49462 0.06096
8 4 4 49203 0.0592
8 4 4 49128 0.06187
8 4 4 48938 0.0607
8 4 4 39132 0.04711
8 4 4 38280 0.04564
8 4 4 38095 0.04549
8 4 4 37858 0.04499
8 4 4 37574 0.04547
8 4 4 37433 0.04701
8 4 4 36849 0.04432
8 4 4 36502 0.04426
8 4 4 35866 0.0435
8 4 4 35584 0.04492
8 4 4 34128 0.04217
8 4 4 33340 0.04026
8 4 4 27464 0.03174
8 4 4 26992 0.03105
8 4 4 26332 0.03047
8 4 4 26184 0.03091
8 4 4 25892 0.03201
8 4 4 25807 0.03014
8 4 4 25514 0.02895
8 4 4 25402 0.02937
8 4 4 25220 0.02915
8 4 4 24671 0.0285
8 4 4 24187 0.02733
8 4 4 23807 0.02832
8 4 4 23660 0.02877
8 4 4 15796 0.01934
8 4 4 15492 0.01948
8 4 4 15422 0.01935
8 4 4 15296 0.01918
8 4 4 15295 0.0185
8 4 4 15277 0.01898
8 4 4 15202 0.0189
8 4 4 15152 0.01835
8 4 4 15040 0.01794
8 4 4 14953 0.01915
8 4 4 14916 0.01826
8 4 4 14697 0.01872
8 4 4 14561 0.01853
8 4 4 10300 0.01376
8 4 4 10282 0.01386
8 4 4 10272 0.01352
8 4 4 10158 0.01383
8 4 4 10127 0.01328
8 4 4 10068 0.01291
8 4 4 10037 0.01331
8 4 4 9995 0.01326
8 4 4 9979 0.01288
8 4 4 9958 0.01362
8 4 4 9931 0.01282
8 4 4 9781 0.01286
8 4 5 136742 0.1918
8 4 5 132865 0.1904
8 4 5 124441 0.1812
8 4 5 115390 0.117
8 4 5 112608 0.1142
8 4 5 110146 0.1148
8 4 5 110043 0.1149
8 4 5 108323 0.1135
8 4 5 107351 0.113
8 4 5 104110 0.1077
8 4 5 103591 0.1098
8 4 5 98831 0.103
8 4 5 97556 0.1015
8 4 5 97194 0.1033
8 4 5 96291 0.1025
8 4 5 95728 0.1034
8 4 5 93862 0.09994
8 4 5 92406 0.09749
8 4 5 92235 0.09964
8 4 5 90178 0.09844
8 4 5 89976 0.09697
8 4 5 86851 0.09174
8 4 5 86277 0.09173
8 4 5 84209 0.09062
8 4 5 83546 0.09139
8 4 5 82745 0.09248
8 4 5 81005 0.08934
8 4 5 80897 0.08847
8 4 5 80499 0.09149
8 4 5 80209 0.08996
8 4 5 78542 0.08615
8 4 5 76498 0.08684
8 4 5 75905 0.08653
8 4 5 75549 0.08555
8 4 5 71662 0.08052
8 4 5 70755 0.08043
8 4 5 67788 0.07763
8 4 5 62395 0.07391
8 4 5 61302 0.07384
8 4 5 56880 0.0659
8 4 5 56157 0.06474
8 4 5 55104 0.06626
8 4 5 52979 0.06754
8 4 5 52773 0.06436
8 4 5 52261 0.06384
8 4 5 50051 0.06135
8 4 5 49986 0.05963
8 4 5 49389 0.06169
8 4 5 48221 0.06012
8 4 5 44128 0.05619
8 4 5 40765 0.04814
8 4 5 38576 0.04713
8 4 5 38417 0.04693
8 4 5 38181 0.04545
8 4 5 37618 0.04661
8 4 5 37251 0.04705
8 4 5 37060 0.04563
8 4 5 37034 0.0444
8 4 5 36636 0.04513
8 4 5 35092 0.04273
8 4 5 34344 0.04208
8 4 5 34248 0.04203
8 4 5 27147 0.0311
8 4 5 27101 0.03009
8 4 5 26678 0.03002
8 4 5 26381 0.02961
8 4 5 26023 0.02908
8 4 5 25981 0.02985
8 4 5 25761 0.02906
8 4 5 25608 0.02849
8 4 5 25002 0.02908
8 4 5 24774 0.02884
8 4 5 24545 0.02835
8 4 5 24362 0.02837
8 4 5 23664 0.0277
8 4 5 15852 0.01975
8 4 5 15732 0.01924
8 4 5 15579 0.01902
8 4 5 15487 0.01923
8 4 5 15385 0.019
8 4 5 15248 0.01863
8 4 5 15157 0.01902
8 4 5 15076 0.01955
8 4 5 14917 0.01779
8 4 5 14863 0.01833
8 4 5 14741 0.01771
8 4 5 14623 0.0188
8 4 5 14387 0.0178
8 4 5 10385 0.01388
8 4 5 10334 0.01335
8 4 5 10250 0.01373
8 4 5 10144 0.01325
8 4 5 10125 0.01338
8 4 5 10088 0.01339
8 4 5 10067 0.01239
8 4 5 10039 0.01277
8 4 5 9991 0.0127
8 4 5 9928 0.01351
8 4 5 9915 0.01269
8 4 5 9714 0.0133
