16 4 1 100000 0.1465
16 4 1 100000 0.1413
16 4 1 100000 0.1363
16 4 1 100000 0.1338
16 4 1 100000 0.1339
16 4 1 100000 0.1344
16 4 1 100000 0.1345
16 4 1 85000 0.1197
16 4 1 85000 0.1175
16 4 1 85000 0.1201
16 4 1 85000 0.1195
16 4 1 85000 0.1209
16 4 1 75000 0.1108
16 4 1 75000 0.1106
16 4 1 75000 0.1117
16 4 1 75000 0.111
16 4 1 75000 0.1116
16 4 1 75000 0.1116
16 4 1 50000 0.08678
16 4 1 50000 0.08627
16 4 1 50000 0.08473
16 4 1 50000 0.08636
16 4 1 50000 0.08624
16 4 1 50000 0.08673
16 4 1 50000 0.08611
16 4 1 35000 0.06327
16 4 1 35000 0.06284
16 4 1 35000 0.06208
16 4 1 35000 0.0632
16 4 1 35000 0.06266
16 4 1 35000 0.06253
16 4 1 25000 0.0448
16 4 1 25000 0.04556
16 4 1 25000 0.0455
16 4 1 25000 0.04589
16 4 1 25000 0.0465
16 4 1 25000 0.04628
16 4 1 15000 0.02815
16 4 1 15000 0.02776
16 4 1 15000 0.02847
16 4 1 15000 0.02791
16 4 1 15000 0.02829
16 4 1 15000 0.02825
16 4 1 15000 0.02815
16 4 1 10000 0.01959
16 4 1 10000 0.01922
16 4 1 10000 0.0195
16 4 1 10000 0.01963
16 4 1 10000 0.01918
16 4 1 10000 0.0195
16 4 2 113279 0.1447
16 4 2 104189 0.1417
16 4 2 102991 0.1394
16 4 2 101500 0.1386
16 4 2 99241 0.1353
16 4 2 94649 0.1331
16 4 2 94021 0.1324
16 4 2 91170 0.1277
16 4 2 88026 0.1254
16 4 2 85391 0.1218
16 4 2 84507 0.1211
16 4 2 81972 0.1199
16 4 2 78363 0.1166
16 4 2 78274 0.1151
16 4 2 77744 0.1136
16 4 2 76296 0.1142
16 4 2 75437 0.1119
16 4 2 73587 0.1115
16 4 2 53384 0.09247
16 4 2 53375 0.08939
16 4 2 52755 0.09124
16 4 2 51999 0.08848
16 4 2 50999 0.08872
16 4 2 49633 0.08649
16 4 2 47390 0.08218
16 4 2 36651 0.06492
16 4 2 36312 0.06519
16 4 2 36050 0.06524
16 4 2 35868 0.06494
16 4 2 34907 0.06303
16 4 2 34387 0.06192
16 4 2 25845 0.04746
16 4 2 25815 0.04666
16 4 2 25222 0.04592
16 4 2 24933 0.04551
16 4 2 24513 0.04574
16 4 2 24303 0.04466
16 4 2 24133 0.04378
16 4 2 15267 0.02909
16 4 2 15105 0.02883
16 4 2 15012 0.0288
16 4 2 14980 0.02848
16 4 2 14812 0.02838
16 4 2 10133 0.02016
16 4 2 10128 0.01947
16 4 2 10118 0.01985
16 4 2 10076 0.0198
16 4 2 9994 0.01985
16 4 2 9985 0.01956
16 4 2 9902 0.01914
16 4 3 121829 0.1592
16 4 3 108512 0.1466
16 4 3 106973 0.1449
16 4 3 98435 0.1363
16 4 3 96977 0.1341
16 4 3 95152 0.132
16 4 3 91160 0.1281
16 4 3 90486 0.127
16 4 3 89028 0.1234
16 4 3 86796 0.12
16 4 3 83960 0.1198
16 4 3 83810 0.1188
16 4 3 83266 0.1182
16 4 3 80420 0.1156
16 4 3 79228 0.1144
16 4 3 77096 0.114
16 4 3 76590 0.1141
16 4 3 71073 0.1083
16 4 3 69624 0.108
16 4 3 56202 0.09407
16 4 3 53191 0.09217
16 4 3 51139 0.08873
16 4 3 50811 0.08776
16 4 3 49363 0.085
16 4 3 38381 0.06674
16 4 3 37013 0.06666
16 4 3 36614 0.06479
16 4 3 35698 0.06398
16 4 3 35516 0.06469
16 4 3 34787 0.06264
16 4 3 33184 0.05849
16 4 3 26721 0.04924
16 4 3 25568 0.04757
16 4 3 25209 0.04658
16 4 3 25047 0.04632
16 4 3 24970 0.04624
16 4 3 23931 0.04414
16 4 3 15461 0.02999
16 4 3 15447 0.02989
16 4 3 15326 0.02979
16 4 3 15247 0.02863
16 4 3 15063 0.02865
16 4 3 14874 0.02897
16 4 3 14638 0.02855
16 4 3 10253 0.02054
16 4 3 10215 0.02027
16 4 3 10129 0.02019
16 4 3 10059 0.02026
16 4 3 10031 0.01971
16 4 3 9902 0.0199
16 4 4 122427 0.1545
16 4 4 112488 0.1492
16 4 4 107862 0.1446
16 4 4 105956 0.1441
16 4 4 98799 0.1342
16 4 4 98069 0.1362
16 4 4 95981 0.1331
16 4 4 94370 0.1304
16 4 4 91715 0.1298
16 4 4 88956 0.1257
16 4 4 88939 0.1266
16 4 4 87255 0.1259
16 4 4 81775 0.1181
16 4 4 79890 0.1159
16 4 4 79359 0.1133
16 4 4 75906 0.1136
16 4 4 74895 0.1114
16 4 4 72262 0.1109
16 4 4 65357 0.1051
16 4 4 56552 0.09589
16 4 4 54947 0.09362
16 4 4 53559 0.09403
16 4 4 51749 0.09123
16 4 4 50844 0.08833
16 4 4 45509 0.08129
16 4 4 37103 0.06763
16 4 4 36894 0.06731
16 4 4 36442 0.06546
16 4 4 34861 0.06394
16 4 4 34438 0.06305
16 4 4 33294 0.06024
16 4 4 26672 0.05007
16 4 4 25862 0.04988
16 4 4 25716 0.0488
16 4 4 25381 0.04746
16 4 4 24698 0.04693
16 4 4 24167 0.0457
16 4 4 15704 0.03081
16 4 4 15466 0.03104
16 4 4 15408 0.03073
16 4 4 15253 0.02965
16 4 4 15124 0.03014
16 4 4 14941 0.02993
16 4 4 14502 0.02894
16 4 4 10287 0.02145
16 4 4 10244 0.02117
16 4 4 10155 0.02101
16 4 4 10074 0.02052
16 4 4 10029 0.02067
16 4 4 9916 0.02033
16 4 5 130862 0.2787
16 4 5 114337 0.1495
16 4 5 111645 0.1466
16 4 5 110808 0.1443
16 4 5 102969 0.1394
16 4 5 99481 0.1343
16 4 5 97999 0.131
16 4 5 96986 0.1332
16 4 5 94142 0.1292
16 4 5 90841 0.1259
16 4 5 89059 0.1257
16 4 5 88228 0.1221
16 4 5 85430 0.1197
16 4 5 81879 0.1173
16 4 5 80413 0.1163
16 4 5 77408 0.1119
16 4 5 75598 0.11
16 4 5 72766 0.1088
16 4 5 64014 0.1019
16 4 5 56372 0.09479
16 4 5 54327 0.09381
16 4 5 53569 0.09075
16 4 5 52458 0.0891
16 4 5 50506 0.08708
16 4 5 44015 0.07707
16 4 5 38549 0.06625
16 4 5 36733 0.06601
16 4 5 36416 0.06512
16 4 5 35815 0.06405
16 4 5 35052 0.06364
16 4 5 33734 0.06007
16 4 5 27217 0.04876
16 4 5 26310 0.0487
16 4 5 25675 0.04754
16 4 5 25477 0.04719
16 4 5 24592 0.04536
16 4 5 23955 0.04508
16 4 5 15808 0.03114
16 4 5 15669 0.03118
16 4 5 15642 0.03107
16 4 5 15340 0.03028
16 4 5 15036 0.02919
16 4 5 14940 0.02921
16 4 5 14262 0.02743
16 4 5 10311 0.02112
16 4 5 10185 0.02065
16 4 5 10152 0.02044
16 4 5 10101 0.02043
16 4 5 10033 0.02037
16 4 5 9919 0.02017
