2 1 1 100000 0.1179
2 1 1 100000 0.1109
2 1 1 100000 0.1119
2 1 1 100000 0.1081
2 1 1 100000 0.107
2 1 1 100000 0.1078
2 1 1 100000 0.1073
2 1 1 100000 0.1073
2 1 1 100000 0.1063
2 1 1 100000 0.1072
2 1 1 100000 0.1074
2 1 1 100000 0.1059
2 1 1 100000 0.1068
2 1 1 100000 0.1061
2 1 1 100000 0.129
2 1 1 100000 0.137
2 1 1 100000 0.1259
2 1 1 100000 0.1027
2 1 1 100000 0.09989
2 1 1 100000 0.102
2 1 1 100000 0.1022
2 1 1 100000 0.09901
2 1 1 100000 0.1002
2 1 1 100000 0.09957
2 1 1 100000 0.103
2 1 1 100000 0.1021
2 1 1 100000 0.0983
2 1 1 100000 0.1015
2 1 1 100000 0.102
2 1 1 100000 0.1009
2 1 1 100000 0.104
2 1 1 100000 0.09964
2 1 1 100000 0.09911
2 1 1 100000 0.1021
2 1 1 100000 0.1035
2 1 1 100000 0.1042
2 1 1 100000 0.1024
2 1 1 100000 0.1349
2 1 1 100000 0.134
2 1 1 100000 0.1341
2 1 1 100000 0.1348
2 1 1 100000 0.1341
2 1 1 100000 0.1365
2 1 1 100000 0.1355
2 1 1 100000 0.134
2 1 1 100000 0.137
2 1 1 100000 0.1327
2 1 1 100000 0.1337
2 1 1 100000 0.1344
2 1 1 100000 0.1347
2 1 1 85000 0.1171
2 1 1 85000 0.1152
2 1 1 85000 0.1178
2 1 1 85000 0.1161
2 1 1 85000 0.1179
2 1 1 85000 0.1192
2 1 1 85000 0.1173
2 1 1 85000 0.105
2 1 1 85000 0.09148
2 1 1 85000 0.09245
2 1 1 85000 0.0929
2 1 1 85000 0.09141
2 1 1 85000 0.0931
2 1 1 85000 0.09085
2 1 1 85000 0.09178
2 1 1 85000 0.09051
2 1 1 85000 0.09022
2 1 1 85000 0.08791
2 1 1 85000 0.08852
2 1 1 85000 0.08516
2 1 1 85000 0.117
2 1 1 85000 0.114
2 1 1 85000 0.1157
2 1 1 85000 0.1139
2 1 1 85000 0.1164
2 1 1 85000 0.1153
2 1 1 85000 0.1141
2 1 1 85000 0.1156
2 1 1 85000 0.1157
2 1 1 85000 0.116
2 1 1 85000 0.1147
2 1 1 85000 0.1168
2 1 1 85000 0.1152
2 1 1 85000 0.1178
2 1 1 85000 0.119
2 1 1 85000 0.1182
2 1 1 85000 0.09709
2 1 1 85000 0.09254
2 1 1 85000 0.09351
2 1 1 85000 0.09565
2 1 1 85000 0.09489
2 1 1 85000 0.09304
2 1 1 85000 0.0935
2 1 1 85000 0.09317
2 1 1 85000 0.09038
2 1 1 85000 0.09455
2 1 1 85000 0.09406
2 1 1 85000 0.09205
2 1 1 85000 0.09323
2 1 1 85000 0.09382
2 1 1 75000 0.08467
2 1 1 75000 0.08516
2 1 1 75000 0.08545
2 1 1 75000 0.08522
2 1 1 75000 0.08518
2 1 1 75000 0.08528
2 1 1 75000 0.08427
2 1 1 75000 0.08313
2 1 1 75000 0.08494
2 1 1 75000 0.08346
2 1 1 75000 0.08483
2 1 1 75000 0.08545
2 1 1 75000 0.08431
2 1 1 75000 0.08467
2 1 1 75000 0.08336
2 1 1 75000 0.0842
2 1 1 75000 0.08376
2 1 1 75000 0.08273
2 1 1 75000 0.081
2 1 1 75000 0.08006
2 1 1 75000 0.08143
2 1 1 75000 0.08215
2 1 1 75000 0.08142
2 1 1 75000 0.08399
2 1 1 75000 0.08068
2 1 1 75000 0.08302
2 1 1 75000 0.08199
2 1 1 75000 0.08182
2 1 1 75000 0.08157
2 1 1 75000 0.08152
2 1 1 75000 0.08176
2 1 1 75000 0.08452
2 1 1 75000 0.09169
2 1 1 75000 0.0878
2 1 1 75000 0.08614
2 1 1 75000 0.08583
2 1 1 75000 0.08278
2 1 1 75000 0.08319
2 1 1 75000 0.08467
2 1 1 75000 0.08455
2 1 1 75000 0.08414
2 1 1 75000 0.08426
2 1 1 75000 0.08512
2 1 1 75000 0.08517
2 1 1 75000 0.08429
2 1 1 75000 0.08529
2 1 1 75000 0.08415
2 1 1 75000 0.08237
2 1 1 75000 0.08511
2 1 1 75000 0.08336
2 1 1 50000 0.06264
2 1 1 50000 0.05969
2 1 1 50000 0.06242
2 1 1 50000 0.0638
2 1 1 50000 0.0603
2 1 1 50000 0.06134
2 1 1 50000 0.06054
2 1 1 50000 0.06102
2 1 1 50000 0.0623
2 1 1 50000 0.06138
2 1 1 50000 0.06301
2 1 1 50000 0.06195
2 1 1 50000 0.06282
2 1 1 50000 0.07125
2 1 1 50000 0.07028
2 1 1 50000 0.07012
2 1 1 50000 0.06694
2 1 1 50000 0.0581
2 1 1 50000 0.0566
2 1 1 50000 0.05898
2 1 1 50000 0.05612
2 1 1 50000 0.05753
2 1 1 50000 0.05888
2 1 1 50000 0.05839
2 1 1 50000 0.05756
2 1 1 50000 0.05959
2 1 1 50000 0.0566
2 1 1 50000 0.05793
2 1 1 50000 0.05936
2 1 1 50000 0.05562
2 1 1 50000 0.05683
2 1 1 50000 0.05797
2 1 1 50000 0.05892
2 1 1 50000 0.0594
2 1 1 50000 0.06139
2 1 1 50000 0.06057
2 1 1 50000 0.05939
2 1 1 50000 0.06039
2 1 1 50000 0.05994
2 1 1 50000 0.0585
2 1 1 50000 0.05927
2 1 1 50000 0.06027
2 1 1 50000 0.05998
2 1 1 50000 0.06078
2 1 1 50000 0.06259
2 1 1 50000 0.0584
2 1 1 50000 0.06146
2 1 1 50000 0.06179
2 1 1 50000 0.06117
2 1 1 50000 0.0598
2 1 1 35000 0.04412
2 1 1 35000 0.0441
2 1 1 35000 0.04232
2 1 1 35000 0.04286
2 1 1 35000 0.0429
2 1 1 35000 0.04326
2 1 1 35000 0.04123
2 1 1 35000 0.04331
2 1 1 35000 0.04437
2 1 1 35000 0.04174
2 1 1 35000 0.04292
2 1 1 35000 0.04264
2 1 1 35000 0.04342
2 1 1 35000 0.04266
2 1 1 35000 0.04272
2 1 1 35000 0.04251
2 1 1 35000 0.04341
2 1 1 35000 0.04152
2 1 1 35000 0.04215
2 1 1 35000 0.04132
2 1 1 35000 0.04164
2 1 1 35000 0.04062
2 1 1 35000 0.04224
2 1 1 35000 0.04209
2 1 1 35000 0.04019
2 1 1 35000 0.04233
2 1 1 35000 0.04174
2 1 1 35000 0.04113
2 1 1 35000 0.04158
2 1 1 35000 0.04069
2 1 1 35000 0.04118
2 1 1 35000 0.04054
2 1 1 35000 0.04195
2 1 1 35000 0.04436
2 1 1 35000 0.04224
2 1 1 35000 0.04361
2 1 1 35000 0.04233
2 1 1 35000 0.04391
2 1 1 35000 0.04239
2 1 1 35000 0.04374
2 1 1 35000 0.04321
2 1 1 35000 0.04517
2 1 1 35000 0.0438
2 1 1 35000 0.04311
2 1 1 35000 0.04295
2 1 1 35000 0.04408
2 1 1 35000 0.04625
2 1 1 35000 0.04404
2 1 1 35000 0.04241
2 1 1 35000 0.04296
2 1 1 25000 0.02975
2 1 1 25000 0.02806
2 1 1 25000 0.03064
2 1 1 25000 0.03126
2 1 1 25000 0.02905
2 1 1 25000 0.02873
2 1 1 25000 0.02944
2 1 1 25000 0.02957
2 1 1 25000 0.02959
2 1 1 25000 0.02877
2 1 1 25000 0.02983
2 1 1 25000 0.02851
2 1 1 25000 0.02939
2 1 1 25000 0.02931
2 1 1 25000 0.02912
2 1 1 25000 0.02827
2 1 1 25000 0.02842
2 1 1 25000 0.02532
2 1 1 25000 0.02852
2 1 1 25000 0.02702
2 1 1 25000 0.02804
2 1 1 25000 0.02675
2 1 1 25000 0.02848
2 1 1 25000 0.02683
2 1 1 25000 0.02674
2 1 1 25000 0.02775
2 1 1 25000 0.02732
2 1 1 25000 0.02725
2 1 1 25000 0.02779
2 1 1 25000 0.03
2 1 1 25000 0.02732
2 1 1 25000 0.02729
2 1 1 25000 0.02806
2 1 1 25000 0.03147
2 1 1 25000 0.02982
2 1 1 25000 0.031
2 1 1 25000 0.02949
2 1 1 25000 0.03047
2 1 1 25000 0.02924
2 1 1 25000 0.02878
2 1 1 25000 0.02828
2 1 1 25000 0.02839
2 1 1 25000 0.02695
2 1 1 25000 0.02928
2 1 1 25000 0.02813
2 1 1 25000 0.02863
2 1 1 25000 0.02891
2 1 1 25000 0.02963
2 1 1 25000 0.02795
2 1 1 25000 0.0282
2 1 1 15000 0.01824
2 1 1 15000 0.01826
2 1 1 15000 0.0182
2 1 1 15000 0.0183
2 1 1 15000 0.0182
2 1 1 15000 0.0176
2 1 1 15000 0.01791
2 1 1 15000 0.01745
2 1 1 15000 0.01922
2 1 1 15000 0.01945
2 1 1 15000 0.01906
2 1 1 15000 0.01758
2 1 1 15000 0.02074
2 1 1 15000 0.01829
2 1 1 15000 0.01854
2 1 1 15000 0.01898
2 1 1 15000 0.01829
2 1 1 15000 0.0163
2 1 1 15000 0.01692
2 1 1 15000 0.01724
2 1 1 15000 0.01718
2 1 1 15000 0.01777
2 1 1 15000 0.0168
2 1 1 15000 0.0173
2 1 1 15000 0.01668
2 1 1 15000 0.01698
2 1 1 15000 0.01736
2 1 1 15000 0.01719
2 1 1 15000 0.01683
2 1 1 15000 0.01772
2 1 1 15000 0.01714
2 1 1 15000 0.01731
2 1 1 15000 0.01678
2 1 1 15000 0.01809
2 1 1 15000 0.01771
2 1 1 15000 0.0177
2 1 1 15000 0.0182
2 1 1 15000 0.01798
2 1 1 15000 0.01776
2 1 1 15000 0.01774
2 1 1 15000 0.01819
2 1 1 15000 0.01829
2 1 1 15000 0.01834
2 1 1 15000 0.0183
2 1 1 15000 0.01838
2 1 1 15000 0.01733
2 1 1 15000 0.01821
2 1 1 15000 0.01754
2 1 1 15000 0.01797
2 1 1 15000 0.01774
2 1 1 10000 0.01285
2 1 1 10000 0.01308
2 1 1 10000 0.01254
2 1 1 10000 0.0128
2 1 1 10000 0.01268
2 1 1 10000 0.01308
2 1 1 10000 0.01308
2 1 1 10000 0.0128
2 1 1 10000 0.01317
2 1 1 10000 0.0128
2 1 1 10000 0.01305
2 1 1 10000 0.01274
2 1 1 10000 0.01279
2 1 1 10000 0.0123
2 1 1 10000 0.01322
2 1 1 10000 0.01268
2 1 1 10000 0.0128
2 1 1 10000 0.01243
2 1 1 10000 0.01179
2 1 1 10000 0.01211
2 1 1 10000 0.01263
2 1 1 10000 0.01243
2 1 1 10000 0.0119
2 1 1 10000 0.01241
2 1 1 10000 0.01227
2 1 1 10000 0.01229
2 1 1 10000 0.01266
2 1 1 10000 0.01203
2 1 1 10000 0.01209
2 1 1 10000 0.01324
2 1 1 10000 0.01347
2 1 1 10000 0.01282
2 1 1 10000 0.01224
2 1 1 10000 0.01257
2 1 1 10000 0.01275
2 1 1 10000 0.01291
2 1 1 10000 0.0131
2 1 1 10000 0.01239
2 1 1 10000 0.01285
2 1 1 10000 0.01298
2 1 1 10000 0.01298
2 1 1 10000 0.01256
2 1 1 10000 0.01357
2 1 1 10000 0.01247
2 1 1 10000 0.01286
2 1 1 10000 0.01323
2 1 1 10000 0.01293
2 1 1 10000 0.01248
2 1 1 10000 0.01304
2 1 1 10000 0.01291
2 1 2 113558 0.1149
2 1 2 113525 0.1125
2 1 2 113472 0.1214
2 1 2 113306 0.1148
2 1 2 113236 0.1106
2 1 2 113102 0.1158
2 1 2 113094 0.1117
2 1 2 113086 0.1146
2 1 2 113064 0.1114
2 1 2 112875 0.1109
2 1 2 112801 0.1109
2 1 2 112795 0.1105
2 1 2 112739 0.109
2 1 2 112672 0.1105
2 1 2 112414 0.1116
2 1 2 112414 0.1122
2 1 2 111970 0.1148
2 1 2 111938 0.1085
2 1 2 110939 0.1127
2 1 2 110939 0.1122
2 1 2 110047 0.105
2 1 2 109384 0.1068
2 1 2 109355 0.1105
2 1 2 109086 0.1117
2 1 2 108244 0.1112
2 1 2 108202 0.1087
2 1 2 107775 0.1038
2 1 2 107485 0.1079
2 1 2 107353 0.11
2 1 2 106284 0.1085
2 1 2 105772 0.1098
2 1 2 105277 0.1084
2 1 2 104690 0.1054
2 1 2 104078 0.1069
2 1 2 103980 0.1074
2 1 2 103900 0.1067
2 1 2 103021 0.1053
2 1 2 102291 0.1063
2 1 2 100207 0.1014
2 1 2 100176 0.1024
2 1 2 99940 0.0984
2 1 2 99537 0.1006
2 1 2 98937 0.09834
2 1 2 98377 0.1005
2 1 2 97487 0.09892
2 1 2 97487 0.09881
2 1 2 94776 0.09941
2 1 2 94742 0.09848
2 1 2 94702 0.09904
2 1 2 94694 0.09883
2 1 2 94613 0.0986
2 1 2 94453 0.09559
2 1 2 94425 0.09759
2 1 2 94416 0.0962
2 1 2 94343 0.09828
2 1 2 94343 0.09846
2 1 2 94283 0.09732
2 1 2 94283 0.09775
2 1 2 94256 0.09683
2 1 2 94057 0.09486
2 1 2 94052 0.09377
2 1 2 94047 0.09239
2 1 2 93986 0.09804
2 1 2 93845 0.09551
2 1 2 93704 0.09577
2 1 2 93684 0.09774
2 1 2 93616 0.09494
2 1 2 93430 0.09823
2 1 2 93416 0.09493
2 1 2 92996 0.09335
2 1 2 92952 0.0969
2 1 2 92917 0.09811
2 1 2 92903 0.09467
2 1 2 92757 0.09647
2 1 2 92756 0.09348
2 1 2 92205 0.09661
2 1 2 92188 0.09669
2 1 2 91847 0.09717
2 1 2 91827 0.09685
2 1 2 91254 0.09286
2 1 2 91020 0.09563
2 1 2 90194 0.09608
2 1 2 90166 0.09644
2 1 2 89040 0.09236
2 1 2 88827 0.09351
2 1 2 88783 0.09477
2 1 2 87959 0.09189
2 1 2 87105 0.09337
2 1 2 86895 0.09072
2 1 2 85045 0.08848
2 1 2 84175 0.08897
2 1 2 83701 0.08882
2 1 2 83387 0.09325
2 1 2 83387 0.09303
2 1 2 82622 0.08702
2 1 2 82620 0.08739
2 1 2 82608 0.08867
2 1 2 82568 0.08684
2 1 2 82561 0.08949
2 1 2 82557 0.08917
2 1 2 82548 0.08768
2 1 2 82502 0.08923
2 1 2 82495 0.08154
2 1 2 82466 0.08593
2 1 2 82403 0.08758
2 1 2 82355 0.08577
2 1 2 82350 0.0851
2 1 2 82335 0.08017
2 1 2 82325 0.0857
2 1 2 82324 0.08909
2 1 2 82170 0.08554
2 1 2 82170 0.0855
2 1 2 82155 0.08638
2 1 2 82127 0.08487
2 1 2 82054 0.0858
2 1 2 81915 0.08626
2 1 2 81804 0.08425
2 1 2 81743 0.08617
2 1 2 81537 0.08687
2 1 2 81513 0.08689
2 1 2 81481 0.08607
2 1 2 81378 0.08649
2 1 2 81319 0.08533
2 1 2 80652 0.08612
2 1 2 80631 0.08975
2 1 2 80075 0.08586
2 1 2 79602 0.08547
2 1 2 79602 0.08621
2 1 2 78886 0.08764
2 1 2 78387 0.08415
2 1 2 77841 0.08299
2 1 2 77652 0.08626
2 1 2 77582 0.08348
2 1 2 77209 0.08321
2 1 2 76953 0.07945
2 1 2 76581 0.08271
2 1 2 76536 0.08285
2 1 2 76390 0.08489
2 1 2 75972 0.08243
2 1 2 75972 0.08329
2 1 2 73875 0.08056
2 1 2 73814 0.08046
2 1 2 73683 0.08324
2 1 2 73581 0.08063
2 1 2 73062 0.08085
2 1 2 72681 0.08142
2 1 2 71585 0.07762
2 1 2 71132 0.07865
2 1 2 70176 0.07833
2 1 2 67591 0.07634
2 1 2 53392 0.06325
2 1 2 53381 0.06298
2 1 2 53380 0.06387
2 1 2 53372 0.06145
2 1 2 53372 0.064
2 1 2 53346 0.06355
2 1 2 53345 0.06267
2 1 2 53330 0.06357
2 1 2 53309 0.06318
2 1 2 53277 0.06249
2 1 2 53274 0.06298
2 1 2 53266 0.06338
2 1 2 53257 0.06336
2 1 2 53232 0.06322
2 1 2 53224 0.06097
2 1 2 53200 0.06012
2 1 2 53159 0.06479
2 1 2 53148 0.06208
2 1 2 53115 0.06115
2 1 2 52972 0.06079
2 1 2 52937 0.06507
2 1 2 52931 0.06236
2 1 2 52878 0.06201
2 1 2 52831 0.06216
2 1 2 52777 0.0624
2 1 2 52688 0.06436
2 1 2 52610 0.06396
2 1 2 52558 0.06379
2 1 2 52277 0.06115
2 1 2 52199 0.06266
2 1 2 52177 0.06189
2 1 2 51854 0.06322
2 1 2 51580 0.06043
2 1 2 51408 0.06119
2 1 2 51319 0.06049
2 1 2 51319 0.06237
2 1 2 50947 0.06338
2 1 2 50541 0.06165
2 1 2 50340 0.05913
2 1 2 50049 0.05687
2 1 2 49928 0.06064
2 1 2 49925 0.0597
2 1 2 49787 0.05938
2 1 2 49726 0.05982
2 1 2 49370 0.05663
2 1 2 48655 0.05815
2 1 2 48565 0.05788
2 1 2 48387 0.0588
2 1 2 46889 0.05686
2 1 2 46889 0.05663
2 1 2 36662 0.04486
2 1 2 36662 0.04367
2 1 2 36662 0.04471
2 1 2 36662 0.04098
2 1 2 36662 0.05398
2 1 2 36662 0.05317
2 1 2 36662 0.05298
2 1 2 36646 0.05419
2 1 2 36638 0.05332
2 1 2 36638 0.05363
2 1 2 36632 0.05269
2 1 2 36625 0.04999
2 1 2 36617 0.04912
2 1 2 36606 0.04871
2 1 2 36595 0.04933
2 1 2 36593 0.04911
2 1 2 36590 0.04959
2 1 2 36587 0.04966
2 1 2 36586 0.05175
2 1 2 36575 0.04754
2 1 2 36568 0.04855
2 1 2 36565 0.0498
2 1 2 36551 0.04908
2 1 2 36547 0.05058
2 1 2 36539 0.04997
2 1 2 36517 0.04924
2 1 2 36190 0.04842
2 1 2 36166 0.04503
2 1 2 36142 0.04265
2 1 2 36126 0.04306
2 1 2 36004 0.04404
2 1 2 35979 0.04084
2 1 2 35962 0.04397
2 1 2 35880 0.04455
2 1 2 35632 0.04305
2 1 2 35328 0.0416
2 1 2 35267 0.04399
2 1 2 35262 0.04294
2 1 2 35094 0.04226
2 1 2 35087 0.04314
2 1 2 35030 0.04306
2 1 2 34902 0.04278
2 1 2 34723 0.04383
2 1 2 34715 0.04222
2 1 2 34493 0.04102
2 1 2 33862 0.0407
2 1 2 33754 0.03921
2 1 2 33687 0.04015
2 1 2 33687 0.03977
2 1 2 33435 0.03897
2 1 2 25848 0.0297
2 1 2 25848 0.03061
2 1 2 25845 0.02943
2 1 2 25845 0.02935
2 1 2 25842 0.02968
2 1 2 25840 0.02842
2 1 2 25840 0.02948
2 1 2 25838 0.02788
2 1 2 25837 0.02921
2 1 2 25837 0.02926
2 1 2 25835 0.02942
2 1 2 25835 0.02933
2 1 2 25831 0.02983
2 1 2 25829 0.02842
2 1 2 25829 0.02939
2 1 2 25825 0.02927
2 1 2 25824 0.02789
2 1 2 25823 0.02883
2 1 2 25818 0.03
2 1 2 25814 0.02799
2 1 2 25814 0.02819
2 1 2 25807 0.02828
2 1 2 25791 0.02792
2 1 2 25781 0.02718
2 1 2 25780 0.02784
2 1 2 25774 0.02845
2 1 2 25771 0.02803
2 1 2 25740 0.02903
2 1 2 25732 0.02767
2 1 2 25729 0.02894
2 1 2 25702 0.02774
2 1 2 25674 0.02936
2 1 2 25633 0.02773
2 1 2 25349 0.03019
2 1 2 25280 0.02827
2 1 2 25269 0.02852
2 1 2 25265 0.0296
2 1 2 25173 0.02986
2 1 2 25046 0.0274
2 1 2 25004 0.02736
2 1 2 24994 0.02686
2 1 2 24787 0.03015
2 1 2 24677 0.02767
2 1 2 24641 0.02815
2 1 2 24528 0.02754
2 1 2 24424 0.02734
2 1 2 24407 0.02744
2 1 2 24272 0.02736
2 1 2 24190 0.02804
2 1 2 24173 0.02856
2 1 2 15304 0.0168
2 1 2 15303 0.01851
2 1 2 15303 0.01896
2 1 2 15303 0.01803
2 1 2 15303 0.01893
2 1 2 15302 0.01688
2 1 2 15302 0.01678
2 1 2 15302 0.01834
2 1 2 15302 0.01834
2 1 2 15300 0.01739
2 1 2 15300 0.01822
2 1 2 15299 0.01828
2 1 2 15298 0.01738
2 1 2 15296 0.01733
2 1 2 15296 0.01745
2 1 2 15295 0.01661
2 1 2 15294 0.01846
2 1 2 15294 0.0169
2 1 2 15291 0.01717
2 1 2 15289 0.01859
2 1 2 15288 0.01776
2 1 2 15285 0.01802
2 1 2 15283 0.01924
2 1 2 15283 0.01733
2 1 2 15277 0.01762
2 1 2 15271 0.01716
2 1 2 15268 0.0169
2 1 2 15260 0.01759
2 1 2 15259 0.01746
2 1 2 15252 0.01786
2 1 2 15251 0.01806
2 1 2 15245 0.01802
2 1 2 15228 0.01824
2 1 2 15219 0.01788
2 1 2 15201 0.01805
2 1 2 15162 0.01903
2 1 2 14974 0.01807
2 1 2 14974 0.01821
2 1 2 14938 0.01785
2 1 2 14935 0.01792
2 1 2 14901 0.01881
2 1 2 14900 0.0189
2 1 2 14875 0.01807
2 1 2 14864 0.01791
2 1 2 14826 0.01742
2 1 2 14825 0.01754
2 1 2 14785 0.01771
2 1 2 14736 0.0179
2 1 2 14702 0.01775
2 1 2 14701 0.01817
2 1 2 10135 0.01266
2 1 2 10135 0.01267
2 1 2 10134 0.01333
2 1 2 10134 0.01307
2 1 2 10134 0.01291
2 1 2 10134 0.01331
2 1 2 10134 0.01363
2 1 2 10134 0.0134
2 1 2 10133 0.01296
2 1 2 10133 0.01243
2 1 2 10133 0.01235
2 1 2 10132 0.01299
2 1 2 10132 0.01355
2 1 2 10131 0.0121
2 1 2 10131 0.01284
2 1 2 10130 0.01252
2 1 2 10130 0.01255
2 1 2 10129 0.01255
2 1 2 10129 0.01261
2 1 2 10128 0.01275
2 1 2 10127 0.01317
2 1 2 10126 0.01331
2 1 2 10125 0.01275
2 1 2 10121 0.01277
2 1 2 10120 0.01326
2 1 2 10117 0.01267
2 1 2 10116 0.01242
2 1 2 10110 0.01316
2 1 2 10103 0.01226
2 1 2 10098 0.01313
2 1 2 10095 0.01287
2 1 2 10087 0.01312
2 1 2 10086 0.01303
2 1 2 10056 0.01337
2 1 2 10049 0.01291
2 1 2 10048 0.01306
2 1 2 10046 0.01367
2 1 2 10022 0.01329
2 1 2 10011 0.01294
2 1 2 10001 0.01292
2 1 2 9998 0.01308
2 1 2 9995 0.01277
2 1 2 9964 0.01267
2 1 2 9964 0.01261
2 1 2 9943 0.01268
2 1 2 9926 0.01292
2 1 2 9913 0.01294
2 1 2 9890 0.0127
2 1 2 9862 0.01262
2 1 2 9862 0.0126
2 1 3 128693 0.181
2 1 3 128609 0.1889
2 1 3 127678 0.1775
2 1 3 127678 0.1777
2 1 3 127335 0.1736
2 1 3 127272 0.1721
2 1 3 127150 0.1706
2 1 3 126834 0.1792
2 1 3 126486 0.1795
2 1 3 126263 0.1712
2 1 3 126044 0.1759
2 1 3 125816 0.1726
2 1 3 124910 0.1816
2 1 3 124910 0.1811
2 1 3 124321 0.1725
2 1 3 123119 0.1739
2 1 3 122746 0.1235
2 1 3 122243 0.1198
2 1 3 121227 0.1209
2 1 3 120623 0.1177
2 1 3 120485 0.1222
2 1 3 118987 0.1197
2 1 3 118602 0.1188
2 1 3 118530 0.119
2 1 3 118342 0.1151
2 1 3 117810 0.1193
2 1 3 117685 0.1152
2 1 3 116443 0.115
2 1 3 115031 0.1171
2 1 3 115031 0.1167
2 1 3 114598 0.1126
2 1 3 114388 0.1154
2 1 3 112401 0.1117
2 1 3 112401 0.1122
2 1 3 110546 0.1132
2 1 3 110380 0.1108
2 1 3 108556 0.1122
2 1 3 108556 0.1113
2 1 3 107430 0.1119
2 1 3 106837 0.1065
2 1 3 106714 0.1105
2 1 3 106473 0.1097
2 1 3 104720 0.1076
2 1 3 104580 0.1057
2 1 3 104455 0.1092
2 1 3 104265 0.1071
2 1 3 104193 0.1157
2 1 3 104040 0.1056
2 1 3 103938 0.1047
2 1 3 103930 0.103
2 1 3 103854 0.1056
2 1 3 103767 0.1057
2 1 3 103691 0.1077
2 1 3 103595 0.1074
2 1 3 103263 0.1022
2 1 3 102842 0.1046
2 1 3 102404 0.1052
2 1 3 102381 0.1065
2 1 3 102372 0.1037
2 1 3 102359 0.109
2 1 3 101408 0.1048
2 1 3 101339 0.1032
2 1 3 101161 0.1054
2 1 3 100737 0.1055
2 1 3 100583 0.1063
2 1 3 100440 0.1056
2 1 3 100218 0.1006
2 1 3 99983 0.1025
2 1 3 99203 0.1082
2 1 3 98673 0.1034
2 1 3 97292 0.1048
2 1 3 97292 0.104
2 1 3 96606 0.1003
2 1 3 96508 0.1022
2 1 3 96180 0.1005
2 1 3 96101 0.1028
2 1 3 95402 0.0998
2 1 3 95402 0.1
2 1 3 94435 0.1004
2 1 3 94355 0.09888
2 1 3 93020 0.09652
2 1 3 92898 0.09945
2 1 3 92425 0.09958
2 1 3 92425 0.09922
2 1 3 91567 0.09429
2 1 3 91518 0.09708
2 1 3 90888 0.09561
2 1 3 90879 0.09122
2 1 3 90741 0.09718
2 1 3 90515 0.09676
2 1 3 89965 0.09269
2 1 3 89940 0.09452
2 1 3 89893 0.09337
2 1 3 89771 0.09482
2 1 3 89743 0.09553
2 1 3 89718 0.09492
2 1 3 89693 0.09339
2 1 3 89631 0.08667
2 1 3 89611 0.09202
2 1 3 89378 0.09049
2 1 3 89309 0.09333
2 1 3 88961 0.09531
2 1 3 88065 0.09086
2 1 3 88065 0.09069
2 1 3 87581 0.09276
2 1 3 87339 0.09334
2 1 3 86817 0.09396
2 1 3 86784 0.09091
2 1 3 86217 0.09154
2 1 3 86215 0.09301
2 1 3 86006 0.09218
2 1 3 85362 0.09182
2 1 3 85359 0.08951
2 1 3 85095 0.09216
2 1 3 85052 0.09031
2 1 3 84981 0.09187
2 1 3 84858 0.09016
2 1 3 84785 0.09021
2 1 3 84695 0.09112
2 1 3 84154 0.09085
2 1 3 83976 0.08861
2 1 3 83971 0.09246
2 1 3 83914 0.08929
2 1 3 83368 0.09124
2 1 3 83208 0.09162
2 1 3 82418 0.0885
2 1 3 82215 0.09155
2 1 3 82104 0.08918
2 1 3 81702 0.08839
2 1 3 81702 0.08873
2 1 3 81221 0.08734
2 1 3 80608 0.08689
2 1 3 80439 0.08911
2 1 3 80308 0.08846
2 1 3 78960 0.08806
2 1 3 78942 0.08564
2 1 3 78432 0.0855
2 1 3 78021 0.0876
2 1 3 77129 0.08541
2 1 3 76509 0.0865
2 1 3 75450 0.08407
2 1 3 74236 0.09135
2 1 3 73665 0.08108
2 1 3 73470 0.08041
2 1 3 73143 0.08042
2 1 3 73143 0.08086
2 1 3 71210 0.08054
2 1 3 70536 0.07919
2 1 3 69049 0.07934
2 1 3 64410 0.07392
2 1 3 56951 0.06874
2 1 3 56948 0.06611
2 1 3 56832 0.06809
2 1 3 56793 0.06642
2 1 3 56757 0.06478
2 1 3 56728 0.06491
2 1 3 56690 0.06792
2 1 3 56690 0.06791
2 1 3 56512 0.06787
2 1 3 56487 0.06501
2 1 3 56455 0.066
2 1 3 56388 0.06878
2 1 3 56375 0.07451
2 1 3 56314 0.07128
2 1 3 56146 0.06416
2 1 3 56146 0.06427
2 1 3 55464 0.06531
2 1 3 55448 0.06371
2 1 3 55270 0.06654
2 1 3 55058 0.06639
2 1 3 55013 0.06722
2 1 3 54911 0.06106
2 1 3 54800 0.06604
2 1 3 54791 0.06651
2 1 3 54734 0.06613
2 1 3 54284 0.06677
2 1 3 53954 0.06368
2 1 3 53954 0.06379
2 1 3 53893 0.06676
2 1 3 53396 0.06592
2 1 3 53253 0.06218
2 1 3 53053 0.06488
2 1 3 52792 0.06297
2 1 3 52751 0.06168
2 1 3 52705 0.05947
2 1 3 52091 0.06274
2 1 3 52025 0.06176
2 1 3 51964 0.06155
2 1 3 51731 0.06371
2 1 3 51643 0.06226
2 1 3 51606 0.06411
2 1 3 51282 0.06337
2 1 3 51211 0.06087
2 1 3 50624 0.06244
2 1 3 48664 0.05895
2 1 3 48664 0.05891
2 1 3 48098 0.05878
2 1 3 47713 0.05768
2 1 3 46740 0.05628
2 1 3 44920 0.05514
2 1 3 38398 0.0468
2 1 3 38391 0.04635
2 1 3 38382 0.04658
2 1 3 38373 0.0442
2 1 3 38362 0.04326
2 1 3 38358 0.04544
2 1 3 38298 0.04513
2 1 3 38283 0.04285
2 1 3 38251 0.04406
2 1 3 38245 0.04343
2 1 3 38236 0.04232
2 1 3 38208 0.04335
2 1 3 38179 0.04501
2 1 3 38165 0.04423
2 1 3 38131 0.04331
2 1 3 38129 0.04552
2 1 3 38094 0.04241
2 1 3 38081 0.04484
2 1 3 38071 0.04499
2 1 3 38063 0.04231
2 1 3 37859 0.04519
2 1 3 37733 0.04557
2 1 3 37707 0.04452
2 1 3 37700 0.04618
2 1 3 37554 0.04371
2 1 3 37250 0.04223
2 1 3 37093 0.04384
2 1 3 36919 0.04549
2 1 3 36891 0.04387
2 1 3 36765 0.04233
2 1 3 36692 0.0452
2 1 3 36632 0.04274
2 1 3 36608 0.0435
2 1 3 36471 0.04413
2 1 3 36463 0.04659
2 1 3 36354 0.04429
2 1 3 36332 0.04427
2 1 3 36124 0.04455
2 1 3 36023 0.04487
2 1 3 35620 0.04461
2 1 3 35269 0.04375
2 1 3 35227 0.04212
2 1 3 35170 0.04265
2 1 3 34939 0.04272
2 1 3 34358 0.0418
2 1 3 34358 0.04154
2 1 3 33843 0.04232
2 1 3 33779 0.0399
2 1 3 33065 0.03831
2 1 3 32807 0.03865
2 1 3 26716 0.03055
2 1 3 26716 0.03256
2 1 3 26705 0.03009
2 1 3 26705 0.02905
2 1 3 26702 0.03163
2 1 3 26689 0.0309
2 1 3 26680 0.03236
2 1 3 26676 0.0274
2 1 3 26668 0.02966
2 1 3 26652 0.02955
2 1 3 26626 0.02821
2 1 3 26614 0.02804
2 1 3 26582 0.02906
2 1 3 26572 0.02803
2 1 3 26571 0.02834
2 1 3 26530 0.02829
2 1 3 26516 0.02881
2 1 3 26511 0.02927
2 1 3 26496 0.03094
2 1 3 26476 0.02707
2 1 3 26328 0.02868
2 1 3 26307 0.02783
2 1 3 26216 0.02885
2 1 3 26214 0.03057
2 1 3 26198 0.02961
2 1 3 25896 0.03025
2 1 3 25887 0.03014
2 1 3 25844 0.02803
2 1 3 25839 0.03005
2 1 3 25837 0.03018
2 1 3 25701 0.0284
2 1 3 25681 0.03064
2 1 3 25627 0.02985
2 1 3 25627 0.02986
2 1 3 25323 0.02958
2 1 3 25319 0.03022
2 1 3 25254 0.02961
2 1 3 25254 0.02956
2 1 3 25227 0.02987
2 1 3 25174 0.0276
2 1 3 25160 0.0281
2 1 3 25143 0.03047
2 1 3 25052 0.03051
2 1 3 25052 0.03045
2 1 3 24929 0.02875
2 1 3 24880 0.02965
2 1 3 24648 0.02777
2 1 3 24403 0.02894
2 1 3 24036 0.02956
2 1 3 23556 0.02686
2 1 3 15614 0.01859
2 1 3 15611 0.01897
2 1 3 15608 0.01916
2 1 3 15604 0.01906
2 1 3 15598 0.01897
2 1 3 15598 0.01747
2 1 3 15592 0.01924
2 1 3 15592 0.01914
2 1 3 15590 0.01811
2 1 3 15586 0.01841
2 1 3 15579 0.01752
2 1 3 15578 0.01812
2 1 3 15576 0.01827
2 1 3 15574 0.01739
2 1 3 15566 0.01835
2 1 3 15566 0.01828
2 1 3 15561 0.01951
2 1 3 15558 0.01711
2 1 3 15552 0.01845
2 1 3 15543 0.01785
2 1 3 15539 0.01816
2 1 3 15530 0.01978
2 1 3 15501 0.01912
2 1 3 15472 0.01952
2 1 3 15414 0.01958
2 1 3 15407 0.01877
2 1 3 15395 0.01888
2 1 3 15379 0.01862
2 1 3 15361 0.01838
2 1 3 15356 0.01735
2 1 3 15333 0.01875
2 1 3 15315 0.01823
2 1 3 15285 0.01892
2 1 3 15274 0.01732
2 1 3 15252 0.01848
2 1 3 15217 0.01815
2 1 3 15193 0.01864
2 1 3 15087 0.0175
2 1 3 15045 0.01836
2 1 3 14914 0.01828
2 1 3 14881 0.01861
2 1 3 14846 0.0183
2 1 3 14830 0.01777
2 1 3 14777 0.01731
2 1 3 14744 0.01872
2 1 3 14718 0.01771
2 1 3 14665 0.01757
2 1 3 14621 0.01805
2 1 3 14599 0.01813
2 1 3 14463 0.01805
2 1 3 10271 0.0133
2 1 3 10271 0.01319
2 1 3 10268 0.01339
2 1 3 10268 0.0138
2 1 3 10265 0.01343
2 1 3 10265 0.0134
2 1 3 10264 0.01336
2 1 3 10264 0.01334
2 1 3 10263 0.01406
2 1 3 10263 0.01408
2 1 3 10260 0.01364
2 1 3 10260 0.01373
2 1 3 10255 0.01393
2 1 3 10253 0.01297
2 1 3 10252 0.01269
2 1 3 10249 0.01342
2 1 3 10246 0.01293
2 1 3 10245 0.01338
2 1 3 10237 0.01301
2 1 3 10231 0.01251
2 1 3 10224 0.01343
2 1 3 10197 0.01384
2 1 3 10194 0.01217
2 1 3 10192 0.0131
2 1 3 10183 0.0135
2 1 3 10183 0.01309
2 1 3 10155 0.01338
2 1 3 10136 0.01347
2 1 3 10125 0.01282
2 1 3 10119 0.01332
2 1 3 10110 0.01337
2 1 3 10108 0.01327
2 1 3 10103 0.01269
2 1 3 10083 0.01344
2 1 3 10081 0.01306
2 1 3 10063 0.01292
2 1 3 10061 0.01391
2 1 3 10056 0.01291
2 1 3 10045 0.01353
2 1 3 10037 0.01286
2 1 3 10036 0.01281
2 1 3 10032 0.01352
2 1 3 10023 0.01246
2 1 3 9995 0.01174
2 1 3 9961 0.01293
2 1 3 9939 0.01298
2 1 3 9922 0.01315
2 1 3 9896 0.01357
2 1 3 9875 0.01291
2 1 3 9794 0.01291
2 1 4 144261 0.1892
2 1 4 143654 0.1892
2 1 4 143095 0.1836
2 1 4 142899 0.1869
2 1 4 142631 0.1836
2 1 4 142479 0.1851
2 1 4 140561 0.1904
2 1 4 140561 0.1905
2 1 4 140313 0.1844
2 1 4 139657 0.1917
2 1 4 138866 0.1849
2 1 4 138541 0.1902
2 1 4 137367 0.1868
2 1 4 137293 0.1825
2 1 4 134092 0.1896
2 1 4 131325 0.1794
2 1 4 131084 0.1753
2 1 4 129895 0.1758
2 1 4 129807 0.1721
2 1 4 128518 0.1764
2 1 4 126292 0.1822
2 1 4 125395 0.1889
2 1 4 124699 0.1765
2 1 4 124311 0.1847
2 1 4 123600 0.1811
2 1 4 122993 0.181
2 1 4 122791 0.1207
2 1 4 121813 0.1235
2 1 4 121462 0.1194
2 1 4 121354 0.1252
2 1 4 121149 0.1213
2 1 4 120470 0.1204
2 1 4 120268 0.119
2 1 4 117285 0.1185
2 1 4 116667 0.118
2 1 4 116512 0.1098
2 1 4 116400 0.1172
2 1 4 116077 0.1136
2 1 4 115775 0.107
2 1 4 115775 0.1068
2 1 4 115526 0.1163
2 1 4 115197 0.1118
2 1 4 115118 0.1123
2 1 4 115040 0.1139
2 1 4 114929 0.1126
2 1 4 114645 0.1122
2 1 4 114645 0.1117
2 1 4 114600 0.1115
2 1 4 113719 0.1138
2 1 4 113140 0.112
2 1 4 113029 0.114
2 1 4 112897 0.1119
2 1 4 112712 0.1149
2 1 4 112395 0.1117
2 1 4 111984 0.114
2 1 4 111586 0.1105
2 1 4 111255 0.1119
2 1 4 111111 0.1113
2 1 4 110082 0.1143
2 1 4 110082 0.1142
2 1 4 109080 0.1088
2 1 4 109080 0.1085
2 1 4 108371 0.1118
2 1 4 108315 0.1133
2 1 4 107386 0.1062
2 1 4 106687 0.1051
2 1 4 106437 0.1109
2 1 4 106198 0.1093
2 1 4 104986 0.1069
2 1 4 104895 0.1023
2 1 4 104206 0.1074
2 1 4 104206 0.1076
2 1 4 104023 0.1071
2 1 4 103099 0.1055
2 1 4 102845 0.1082
2 1 4 102656 0.1038
2 1 4 101377 0.1056
2 1 4 100978 0.1062
2 1 4 99913 0.1031
2 1 4 99568 0.1026
2 1 4 98763 0.101
2 1 4 98763 0.1013
2 1 4 98652 0.1014
2 1 4 98635 0.1018
2 1 4 98528 0.1007
2 1 4 98504 0.0994
2 1 4 98230 0.09759
2 1 4 98199 0.1001
2 1 4 98097 0.1012
2 1 4 96998 0.1038
2 1 4 96943 0.1022
2 1 4 96029 0.09783
2 1 4 95382 0.1008
2 1 4 95138 0.1001
2 1 4 95046 0.09754
2 1 4 94881 0.09776
2 1 4 94671 0.09588
2 1 4 93901 0.09564
2 1 4 93683 0.1001
2 1 4 93609 0.09997
2 1 4 93126 0.09505
2 1 4 92535 0.0979
2 1 4 92456 0.09778
2 1 4 92346 0.09531
2 1 4 92243 0.09585
2 1 4 92195 0.09813
2 1 4 91322 0.09654
2 1 4 91278 0.09734
2 1 4 90752 0.09783
2 1 4 89760 0.09439
2 1 4 89572 0.09696
2 1 4 89568 0.09205
2 1 4 89539 0.09784
2 1 4 89384 0.09671
2 1 4 88962 0.0968
2 1 4 88745 0.09226
2 1 4 88599 0.09489
2 1 4 88392 0.09535
2 1 4 87932 0.09578
2 1 4 87183 0.09152
2 1 4 87092 0.09206
2 1 4 86706 0.09123
2 1 4 86588 0.09313
2 1 4 85863 0.0932
2 1 4 85526 0.09294
2 1 4 85476 0.09307
2 1 4 83606 0.09105
2 1 4 83555 0.08975
2 1 4 83065 0.1013
2 1 4 83046 0.09416
2 1 4 82693 0.09035
2 1 4 82681 0.0917
2 1 4 82435 0.09039
2 1 4 81982 0.08944
2 1 4 81911 0.08936
2 1 4 81519 0.08858
2 1 4 81456 0.08834
2 1 4 80629 0.08963
2 1 4 80292 0.08645
2 1 4 78893 0.08727
2 1 4 76842 0.08352
2 1 4 76842 0.08388
2 1 4 75558 0.08149
2 1 4 73671 0.08196
2 1 4 73560 0.08349
2 1 4 72097 0.07996
2 1 4 70911 0.07446
2 1 4 70832 0.07996
2 1 4 70585 0.07958
2 1 4 68969 0.08057
2 1 4 60679 0.06897
2 1 4 60585 0.06869
2 1 4 60520 0.06785
2 1 4 60510 0.06765
2 1 4 60296 0.07076
2 1 4 60213 0.06805
2 1 4 60162 0.06821
2 1 4 60153 0.07115
2 1 4 60096 0.0673
2 1 4 60091 0.06586
2 1 4 59892 0.06862
2 1 4 59496 0.06986
2 1 4 59412 0.06737
2 1 4 59058 0.06726
2 1 4 58773 0.06619
2 1 4 58493 0.06784
2 1 4 58297 0.06963
2 1 4 57936 0.06731
2 1 4 57850 0.06555
2 1 4 57850 0.06585
2 1 4 57799 0.06856
2 1 4 57757 0.06767
2 1 4 57198 0.06583
2 1 4 57038 0.06973
2 1 4 56710 0.06644
2 1 4 56655 0.06759
2 1 4 56529 0.06366
2 1 4 56493 0.06777
2 1 4 56142 0.0658
2 1 4 55960 0.06315
2 1 4 55791 0.06748
2 1 4 55301 0.06538
2 1 4 55120 0.06727
2 1 4 54753 0.06571
2 1 4 54625 0.06543
2 1 4 54203 0.06239
2 1 4 54132 0.06412
2 1 4 53682 0.06573
2 1 4 53595 0.0645
2 1 4 52939 0.06516
2 1 4 52685 0.06401
2 1 4 51975 0.06195
2 1 4 51492 0.06092
2 1 4 51264 0.06348
2 1 4 49403 0.05978
2 1 4 49403 0.05976
2 1 4 48912 0.059
2 1 4 48841 0.05849
2 1 4 45602 0.05563
2 1 4 45602 0.05567
2 1 4 40203 0.04833
2 1 4 40197 0.04886
2 1 4 40078 0.04637
2 1 4 40074 0.04813
2 1 4 40019 0.04827
2 1 4 39967 0.04557
2 1 4 39949 0.04591
2 1 4 39910 0.04618
2 1 4 39883 0.04641
2 1 4 39856 0.04654
2 1 4 39849 0.04593
2 1 4 39811 0.04751
2 1 4 39782 0.04599
2 1 4 39733 0.04782
2 1 4 39294 0.04813
2 1 4 39211 0.0471
2 1 4 39203 0.04796
2 1 4 38978 0.0445
2 1 4 38892 0.04641
2 1 4 38774 0.04405
2 1 4 38627 0.04536
2 1 4 38494 0.04527
2 1 4 38434 0.04339
2 1 4 38382 0.0467
2 1 4 38336 0.04438
2 1 4 38305 0.0449
2 1 4 38256 0.04588
2 1 4 38196 0.04564
2 1 4 37866 0.04623
2 1 4 37866 0.04612
2 1 4 37835 0.04452
2 1 4 37833 0.04529
2 1 4 37567 0.04238
2 1 4 37538 0.04594
2 1 4 36887 0.04173
2 1 4 36871 0.0429
2 1 4 36389 0.04485
2 1 4 36387 0.04277
2 1 4 35838 0.04337
2 1 4 35838 0.04322
2 1 4 35361 0.04508
2 1 4 35327 0.04268
2 1 4 35004 0.04315
2 1 4 34851 0.04347
2 1 4 34823 0.04301
2 1 4 34493 0.04252
2 1 4 33904 0.0406
2 1 4 33068 0.03899
2 1 4 33027 0.04047
2 1 4 33002 0.03963
2 1 4 27614 0.03274
2 1 4 27606 0.03187
2 1 4 27585 0.02955
2 1 4 27580 0.02897
2 1 4 27572 0.03264
2 1 4 27531 0.02929
2 1 4 27506 0.02877
2 1 4 27499 0.02962
2 1 4 27479 0.02823
2 1 4 27465 0.02952
2 1 4 27413 0.02977
2 1 4 27403 0.02885
2 1 4 27376 0.02913
2 1 4 27376 0.03107
2 1 4 27349 0.03112
2 1 4 27323 0.02908
2 1 4 27224 0.02855
2 1 4 27209 0.0292
2 1 4 27162 0.02997
2 1 4 27071 0.03115
2 1 4 27017 0.02821
2 1 4 26908 0.03468
2 1 4 26712 0.0317
2 1 4 26707 0.03268
2 1 4 26639 0.03304
2 1 4 26598 0.03315
2 1 4 26550 0.03311
2 1 4 26540 0.0336
2 1 4 26474 0.03277
2 1 4 26214 0.03156
2 1 4 26175 0.03246
2 1 4 26095 0.03084
2 1 4 25996 0.03261
2 1 4 25996 0.0327
2 1 4 25908 0.03322
2 1 4 25903 0.03195
2 1 4 25847 0.03271
2 1 4 25721 0.03392
2 1 4 25660 0.03283
2 1 4 25607 0.03191
2 1 4 25182 0.03257
2 1 4 25065 0.03219
2 1 4 25016 0.03131
2 1 4 24994 0.03217
2 1 4 24851 0.03167
2 1 4 24775 0.03086
2 1 4 24693 0.03115
2 1 4 24634 0.02966
2 1 4 24289 0.03098
2 1 4 23236 0.02938
2 1 4 15925 0.02109
2 1 4 15918 0.02079
2 1 4 15917 0.02039
2 1 4 15905 0.01955
2 1 4 15899 0.01987
2 1 4 15897 0.02011
2 1 4 15896 0.02096
2 1 4 15889 0.01952
2 1 4 15888 0.02052
2 1 4 15883 0.01983
2 1 4 15880 0.02015
2 1 4 15876 0.02006
2 1 4 15874 0.01949
2 1 4 15860 0.01886
2 1 4 15850 0.01947
2 1 4 15846 0.01927
2 1 4 15808 0.02106
2 1 4 15772 0.02091
2 1 4 15755 0.02084
2 1 4 15729 0.02065
2 1 4 15708 0.01871
2 1 4 15708 0.01885
2 1 4 15669 0.02031
2 1 4 15661 0.02061
2 1 4 15640 0.02111
2 1 4 15619 0.02123
2 1 4 15568 0.01912
2 1 4 15566 0.01955
2 1 4 15505 0.0192
2 1 4 15486 0.02142
2 1 4 15418 0.02035
2 1 4 15414 0.02041
2 1 4 15391 0.0193
2 1 4 15334 0.02086
2 1 4 15328 0.02017
2 1 4 15297 0.01907
2 1 4 15263 0.01953
2 1 4 15188 0.0203
2 1 4 15144 0.02108
2 1 4 15118 0.02005
2 1 4 15079 0.0197
2 1 4 14990 0.02006
2 1 4 14894 0.01996
2 1 4 14867 0.01932
2 1 4 14824 0.01963
2 1 4 14753 0.01931
2 1 4 14657 0.01994
2 1 4 14638 0.01987
2 1 4 14625 0.01968
2 1 4 14609 0.01906
2 1 4 10409 0.01389
2 1 4 10405 0.01429
2 1 4 10402 0.01404
2 1 4 10400 0.01421
2 1 4 10400 0.0146
2 1 4 10399 0.01458
2 1 4 10397 0.01401
2 1 4 10390 0.01406
2 1 4 10387 0.01405
2 1 4 10385 0.01582
2 1 4 10385 0.01392
2 1 4 10383 0.01437
2 1 4 10382 0.01389
2 1 4 10374 0.01462
2 1 4 10373 0.01508
2 1 4 10370 0.01505
2 1 4 10367 0.01369
2 1 4 10346 0.01422
2 1 4 10345 0.01383
2 1 4 10329 0.01473
2 1 4 10327 0.01439
2 1 4 10321 0.01417
2 1 4 10316 0.01477
2 1 4 10289 0.01449
2 1 4 10282 0.01505
2 1 4 10259 0.01378
2 1 4 10258 0.01461
2 1 4 10241 0.01455
2 1 4 10232 0.01479
2 1 4 10217 0.01458
2 1 4 10215 0.01404
2 1 4 10181 0.01459
2 1 4 10177 0.01336
2 1 4 10173 0.01439
2 1 4 10168 0.01454
2 1 4 10162 0.01473
2 1 4 10156 0.01398
2 1 4 10135 0.01427
2 1 4 10124 0.01326
2 1 4 10111 0.01403
2 1 4 10092 0.0146
2 1 4 10085 0.01408
2 1 4 10064 0.01403
2 1 4 9988 0.01433
2 1 4 9974 0.01429
2 1 4 9969 0.01399
2 1 4 9949 0.01358
2 1 4 9948 0.01391
2 1 4 9912 0.01398
2 1 4 9778 0.01414
2 1 5 162538 0.2578
2 1 5 159902 0.2449
2 1 5 159334 0.2429
2 1 5 157827 0.2318
2 1 5 157665 0.2495
2 1 5 155540 0.2457
2 1 5 155514 0.2413
2 1 5 155054 0.235
2 1 5 154832 0.2439
2 1 5 154354 0.2513
2 1 5 152227 0.2464
2 1 5 152227 0.258
2 1 5 148824 0.241
2 1 5 148824 0.2376
2 1 5 146851 0.2394
2 1 5 146851 0.2395
2 1 5 146121 0.2408
2 1 5 145213 0.2384
2 1 5 143144 0.2373
2 1 5 142004 0.2433
2 1 5 141818 0.2484
2 1 5 139454 0.1808
2 1 5 138891 0.1904
2 1 5 136472 0.1899
2 1 5 135820 0.1889
2 1 5 135084 0.1827
2 1 5 131997 0.1875
2 1 5 131997 0.1865
2 1 5 130231 0.1738
2 1 5 129642 0.1765
2 1 5 129355 0.1837
2 1 5 127622 0.1838
2 1 5 127498 0.1882
2 1 5 127263 0.1621
2 1 5 126868 0.1698
2 1 5 126859 0.1831
2 1 5 126781 0.1714
2 1 5 126337 0.1725
2 1 5 126123 0.1752
2 1 5 125722 0.1701
2 1 5 124721 0.1719
2 1 5 124721 0.1716
2 1 5 124513 0.1665
2 1 5 124459 0.1761
2 1 5 124194 0.177
2 1 5 124183 0.1735
2 1 5 123869 0.1774
2 1 5 123088 0.1659
2 1 5 122961 0.1711
2 1 5 122927 0.1679
2 1 5 121460 0.1197
2 1 5 121300 0.1157
2 1 5 120504 0.1193
2 1 5 119617 0.1189
2 1 5 119514 0.1155
2 1 5 119357 0.1198
2 1 5 119048 0.1177
2 1 5 118179 0.1178
2 1 5 117038 0.12
2 1 5 117038 0.1192
2 1 5 116065 0.1149
2 1 5 115796 0.1153
2 1 5 114429 0.116
2 1 5 114429 0.1154
2 1 5 114243 0.1127
2 1 5 113628 0.109
2 1 5 112904 0.1128
2 1 5 112494 0.1127
2 1 5 111249 0.1114
2 1 5 110548 0.1112
2 1 5 110543 0.1118
2 1 5 109592 0.1118
2 1 5 109394 0.1097
2 1 5 108225 0.1067
2 1 5 108160 0.107
2 1 5 107883 0.1213
2 1 5 107611 0.1192
2 1 5 107463 0.113
2 1 5 107185 0.1104
2 1 5 105391 0.1041
2 1 5 105032 0.1054
2 1 5 104993 0.1083
2 1 5 104924 0.1062
2 1 5 104213 0.1098
2 1 5 103938 0.1009
2 1 5 103888 0.09953
2 1 5 103450 0.105
2 1 5 103122 0.1018
2 1 5 103008 0.1058
2 1 5 102739 0.107
2 1 5 102450 0.1059
2 1 5 101062 0.09994
2 1 5 100626 0.1033
2 1 5 100415 0.09549
2 1 5 100219 0.1121
2 1 5 99900 0.104
2 1 5 99753 0.09952
2 1 5 99618 0.1016
2 1 5 99469 0.1034
2 1 5 98739 0.1009
2 1 5 98417 0.1007
2 1 5 98371 0.101
2 1 5 98112 0.106
2 1 5 96893 0.1024
2 1 5 96605 0.1015
2 1 5 95730 0.1002
2 1 5 95646 0.09548
2 1 5 95483 0.09991
2 1 5 94669 0.09573
2 1 5 94669 0.09532
2 1 5 94323 0.1001
2 1 5 94320 0.09796
2 1 5 94138 0.0981
2 1 5 93635 0.1081
2 1 5 93022 0.09794
2 1 5 93007 0.09744
2 1 5 92927 0.09348
2 1 5 92241 0.09507
2 1 5 91995 0.09663
2 1 5 91596 0.0948
2 1 5 91510 0.09456
2 1 5 90839 0.09669
2 1 5 90839 0.09641
2 1 5 90629 0.09445
2 1 5 90372 0.09682
2 1 5 89713 0.09403
2 1 5 89417 0.09329
2 1 5 87980 0.09008
2 1 5 86964 0.09085
2 1 5 86187 0.09122
2 1 5 86029 0.0904
2 1 5 85685 0.09215
2 1 5 83881 0.08938
2 1 5 83817 0.08804
2 1 5 82085 0.08894
2 1 5 82085 0.08904
2 1 5 81058 0.08682
2 1 5 80975 0.09236
2 1 5 79782 0.08664
2 1 5 79121 0.08589
2 1 5 79115 0.08716
2 1 5 78917 0.08726
2 1 5 77669 0.08432
2 1 5 77592 0.08253
2 1 5 77163 0.08452
2 1 5 77163 0.08439
2 1 5 75891 0.08202
2 1 5 75807 0.07719
2 1 5 70756 0.0769
2 1 5 65106 0.07444
2 1 5 64542 0.06978
2 1 5 64368 0.06988
2 1 5 64265 0.0718
2 1 5 64247 0.0743
2 1 5 64204 0.07292
2 1 5 64059 0.06982
2 1 5 63961 0.07104
2 1 5 63770 0.07077
2 1 5 63543 0.07257
2 1 5 62372 0.07027
2 1 5 62185 0.07213
2 1 5 61926 0.0693
2 1 5 61689 0.07152
2 1 5 61486 0.07064
2 1 5 61402 0.07321
2 1 5 60922 0.06774
2 1 5 60892 0.07106
2 1 5 60791 0.07077
2 1 5 60662 0.06911
2 1 5 60121 0.06685
2 1 5 59926 0.07191
2 1 5 59749 0.07078
2 1 5 59414 0.06667
2 1 5 59311 0.07015
2 1 5 58835 0.0721
2 1 5 58706 0.06766
2 1 5 58545 0.06843
2 1 5 58501 0.06627
2 1 5 58428 0.06683
2 1 5 58362 0.06851
2 1 5 58317 0.06902
2 1 5 58159 0.06467
2 1 5 57615 0.06813
2 1 5 57300 0.06925
2 1 5 56948 0.06725
2 1 5 56853 0.06716
2 1 5 56491 0.06732
2 1 5 56224 0.0681
2 1 5 56071 0.0663
2 1 5 55314 0.06766
2 1 5 55097 0.06615
2 1 5 54938 0.06316
2 1 5 51682 0.06185
2 1 5 51659 0.06186
2 1 5 51476 0.06142
2 1 5 51181 0.06256
2 1 5 50932 0.06191
2 1 5 50211 0.06142
2 1 5 48690 0.05841
2 1 5 48690 0.05815
2 1 5 41952 0.0494
2 1 5 41906 0.05056
2 1 5 41853 0.04847
2 1 5 41784 0.04746
2 1 5 41688 0.04913
2 1 5 41658 0.04751
2 1 5 41635 0.04806
2 1 5 41624 0.04902
2 1 5 41611 0.04788
2 1 5 41589 0.04945
2 1 5 41510 0.04787
2 1 5 41073 0.04752
2 1 5 41062 0.0493
2 1 5 40750 0.04688
2 1 5 40734 0.04736
2 1 5 40709 0.04802
2 1 5 40556 0.04458
2 1 5 40489 0.04511
2 1 5 40447 0.04699
2 1 5 40247 0.04669
2 1 5 40075 0.04795
2 1 5 39995 0.04793
2 1 5 39981 0.04567
2 1 5 39928 0.04819
2 1 5 39826 0.04771
2 1 5 39654 0.04781
2 1 5 39613 0.04692
2 1 5 39391 0.04432
2 1 5 39250 0.04727
2 1 5 39220 0.04377
2 1 5 38689 0.04582
2 1 5 38689 0.04596
2 1 5 38452 0.04399
2 1 5 38202 0.04607
2 1 5 37954 0.04254
2 1 5 37641 0.04532
2 1 5 37493 0.04367
2 1 5 37406 0.04337
2 1 5 37098 0.04606
2 1 5 37098 0.04606
2 1 5 36995 0.04387
2 1 5 36762 0.04462
2 1 5 36675 0.04477
2 1 5 35476 0.04399
2 1 5 34577 0.04163
2 1 5 34268 0.04047
2 1 5 33652 0.04131
2 1 5 33443 0.03958
2 1 5 33191 0.04164
2 1 5 31093 0.03485
2 1 5 28521 0.03196
2 1 5 28490 0.03109
2 1 5 28466 0.03197
2 1 5 28382 0.03065
2 1 5 28372 0.02918
2 1 5 28350 0.02871
2 1 5 28341 0.03061
2 1 5 28323 0.03202
2 1 5 28306 0.02976
2 1 5 28253 0.02921
2 1 5 28251 0.02994
2 1 5 28198 0.02953
2 1 5 28159 0.02987
2 1 5 28094 0.03021
2 1 5 28048 0.02806
2 1 5 28042 0.03047
2 1 5 28010 0.03259
2 1 5 27941 0.02981
2 1 5 27888 0.03007
2 1 5 27804 0.03205
2 1 5 27675 0.03151
2 1 5 27593 0.03087
2 1 5 27575 0.02921
2 1 5 27492 0.03144
2 1 5 27475 0.02839
2 1 5 27404 0.03146
2 1 5 27370 0.03218
2 1 5 26937 0.02771
2 1 5 26787 0.03214
2 1 5 26767 0.03205
2 1 5 26729 0.03086
2 1 5 26698 0.03105
2 1 5 26547 0.03013
2 1 5 26500 0.03076
2 1 5 26469 0.03068
2 1 5 26192 0.0298
2 1 5 26030 0.03103
2 1 5 26005 0.0307
2 1 5 25989 0.03037
2 1 5 25868 0.03068
2 1 5 25839 0.0299
2 1 5 25423 0.0275
2 1 5 25203 0.02907
2 1 5 25203 0.02907
2 1 5 25101 0.02953
2 1 5 24676 0.02747
2 1 5 24430 0.02769
2 1 5 24344 0.02863
2 1 5 24137 0.02856
2 1 5 24011 0.02811
2 1 5 16247 0.01985
2 1 5 16212 0.01843
2 1 5 16208 0.01836
2 1 5 16206 0.0176
2 1 5 16195 0.01819
2 1 5 16191 0.01808
2 1 5 16184 0.01799
2 1 5 16179 0.01888
2 1 5 16169 0.01895
2 1 5 16145 0.01807
2 1 5 16115 0.01878
2 1 5 16094 0.02002
2 1 5 16077 0.01916
2 1 5 15957 0.01654
2 1 5 15937 0.019
2 1 5 15935 0.01874
2 1 5 15888 0.01912
2 1 5 15864 0.01768
2 1 5 15828 0.01798
2 1 5 15782 0.01772
2 1 5 15719 0.01859
2 1 5 15719 0.01871
2 1 5 15682 0.0188
2 1 5 15681 0.01987
2 1 5 15671 0.01849
2 1 5 15660 0.01964
2 1 5 15655 0.01882
2 1 5 15638 0.01869
2 1 5 15629 0.01891
2 1 5 15610 0.01973
2 1 5 15606 0.01962
2 1 5 15597 0.01826
2 1 5 15587 0.01884
2 1 5 15559 0.01858
2 1 5 15504 0.01888
2 1 5 15493 0.01886
2 1 5 15430 0.01911
2 1 5 15406 0.01869
2 1 5 15386 0.01898
2 1 5 15383 0.01974
2 1 5 15194 0.01819
2 1 5 15163 0.01836
2 1 5 14971 0.01817
2 1 5 14949 0.018
2 1 5 14894 0.01725
2 1 5 14894 0.01713
2 1 5 14631 0.01856
2 1 5 14631 0.01866
2 1 5 14400 0.01733
2 1 5 14400 0.01734
2 1 5 10542 0.01387
2 1 5 10540 0.01342
2 1 5 10536 0.01357
2 1 5 10529 0.0142
2 1 5 10528 0.01325
2 1 5 10525 0.01295
2 1 5 10518 0.01423
2 1 5 10515 0.01368
2 1 5 10510 0.01494
2 1 5 10501 0.01425
2 1 5 10493 0.01386
2 1 5 10492 0.01443
2 1 5 10469 0.01428
2 1 5 10467 0.01394
2 1 5 10456 0.01487
2 1 5 10455 0.01374
2 1 5 10452 0.01356
2 1 5 10426 0.01449
2 1 5 10392 0.01284
2 1 5 10386 0.01407
2 1 5 10379 0.01395
2 1 5 10371 0.01388
2 1 5 10367 0.01344
2 1 5 10353 0.01386
2 1 5 10350 0.01426
2 1 5 10348 0.01435
2 1 5 10326 0.01467
2 1 5 10323 0.01343
2 1 5 10312 0.01412
2 1 5 10312 0.01403
2 1 5 10306 0.01384
2 1 5 10305 0.01282
2 1 5 10289 0.01412
2 1 5 10289 0.01409
2 1 5 10271 0.01395
2 1 5 10243 0.01385
2 1 5 10238 0.01267
2 1 5 10218 0.01343
2 1 5 10214 0.01341
2 1 5 10212 0.014
2 1 5 10199 0.01279
2 1 5 10157 0.01324
2 1 5 10091 0.01345
2 1 5 10082 0.01357
2 1 5 10046 0.01375
2 1 5 10046 0.01365
2 1 5 10024 0.01314
2 1 5 10004 0.01287
2 1 5 9967 0.01315
2 1 5 9912 0.01318
