16 12 1 100000 0.1126
16 12 1 100000 0.1071
16 12 1 100000 0.1057
16 12 1 100000 0.1065
16 12 1 100000 0.1053
16 12 1 100000 0.1023
16 12 1 85000 0.09152
16 12 1 85000 0.09136
16 12 1 85000 0.09306
16 12 1 85000 0.09187
16 12 1 85000 0.09013
16 12 1 85000 0.09209
16 12 1 75000 0.08225
16 12 1 75000 0.08239
16 12 1 75000 0.08042
16 12 1 75000 0.07914
16 12 1 75000 0.08092
16 12 1 75000 0.08131
16 12 1 75000 0.0808
16 12 1 50000 0.05905
16 12 1 50000 0.05885
16 12 1 50000 0.05883
16 12 1 50000 0.05979
16 12 1 50000 0.05839
16 12 1 50000 0.05772
16 12 1 35000 0.04138
16 12 1 35000 0.04063
16 12 1 35000 0.04216
16 12 1 35000 0.0419
16 12 1 35000 0.04025
16 12 1 35000 0.04205
16 12 1 25000 0.02833
16 12 1 25000 0.02747
16 12 1 25000 0.02639
16 12 1 25000 0.02685
16 12 1 25000 0.02563
16 12 1 25000 0.02852
16 12 1 15000 0.01777
16 12 1 15000 0.01676
16 12 1 15000 0.01718
16 12 1 15000 0.01691
16 12 1 15000 0.01694
16 12 1 15000 0.01734
16 12 1 10000 0.01245
16 12 1 10000 0.01252
16 12 1 10000 0.01222
16 12 1 10000 0.01227
16 12 1 10000 0.01195
16 12 1 10000 0.01226
16 12 1 10000 0.0122
16 12 2 113074 0.1137
16 12 2 112935 0.114
16 12 2 112600 0.1123
16 12 2 112159 0.1078
16 12 2 112036 0.1101
16 12 2 106449 0.1085
16 12 2 94569 0.1005
16 12 2 94401 0.09964
16 12 2 94207 0.09303
16 12 2 93657 0.09823
16 12 2 92217 0.09499
16 12 2 86310 0.09224
16 12 2 82357 0.08691
16 12 2 82315 0.08761
16 12 2 82252 0.08909
16 12 2 82087 0.0889
16 12 2 81915 0.08671
16 12 2 78262 0.0842
16 12 2 70683 0.07717
16 12 2 53318 0.06118
16 12 2 53267 0.06247
16 12 2 53224 0.06252
16 12 2 53147 0.06277
16 12 2 52838 0.06122
16 12 2 36662 0.04205
16 12 2 36617 0.0417
16 12 2 36594 0.04172
16 12 2 36585 0.04188
16 12 2 36568 0.0431
16 12 2 36548 0.04308
16 12 2 34803 0.04119
16 12 2 25836 0.02933
16 12 2 25829 0.02801
16 12 2 25815 0.02836
16 12 2 25781 0.02752
16 12 2 25729 0.02818
16 12 2 25295 0.02636
16 12 2 15302 0.01757
16 12 2 15301 0.01759
16 12 2 15296 0.017
16 12 2 15294 0.01705
16 12 2 15291 0.01791
16 12 2 15279 0.01649
16 12 2 14738 0.01634
16 12 2 10134 0.01249
16 12 2 10133 0.01228
16 12 2 10130 0.01243
16 12 2 10129 0.01244
16 12 2 10125 0.01213
16 12 2 9986 0.01253
16 12 3 127009 0.1802
16 12 3 126893 0.1753
16 12 3 126188 0.1761
16 12 3 125968 0.1736
16 12 3 119973 0.1198
16 12 3 118453 0.1154
16 12 3 104625 0.1076
16 12 3 104553 0.1067
16 12 3 104179 0.1059
16 12 3 103521 0.1046
16 12 3 97983 0.09718
16 12 3 96007 0.09964
16 12 3 91601 0.09682
16 12 3 90024 0.09462
16 12 3 89796 0.09475
16 12 3 89607 0.09521
16 12 3 85778 0.09153
16 12 3 85354 0.08891
16 12 3 78828 0.08515
16 12 3 56671 0.0622
16 12 3 56650 0.06591
16 12 3 56623 0.06259
16 12 3 55422 0.06553
16 12 3 54526 0.06286
16 12 3 38310 0.04392
16 12 3 38255 0.04396
16 12 3 38220 0.0433
16 12 3 38178 0.0422
16 12 3 38056 0.04388
16 12 3 36601 0.04181
16 12 3 36362 0.04152
16 12 3 26698 0.02775
16 12 3 26648 0.02911
16 12 3 26615 0.02748
16 12 3 26570 0.02723
16 12 3 26559 0.02739
16 12 3 25370 0.02768
16 12 3 15602 0.01825
16 12 3 15588 0.01844
16 12 3 15584 0.01864
16 12 3 15574 0.01869
16 12 3 15566 0.01788
16 12 3 15506 0.01842
16 12 3 15000 0.017
16 12 3 10264 0.01283
16 12 3 10260 0.01281
16 12 3 10259 0.0124
16 12 3 10257 0.0129
16 12 3 10133 0.01223
16 12 3 10015 0.01202
16 12 4 142695 0.1946
16 12 4 137874 0.1866
16 12 4 137580 0.1891
16 12 4 133673 0.1852
16 12 4 133673 0.1844
16 12 4 126023 0.1766
16 12 4 117457 0.1152
16 12 4 115612 0.1179
16 12 4 112440 0.1148
16 12 4 111333 0.112
16 12 4 105472 0.1056
16 12 4 103094 0.1068
16 12 4 98916 0.105
16 12 4 98630 0.1015
16 12 4 97648 0.1016
16 12 4 97350 0.1012
16 12 4 93327 0.09575
16 12 4 92703 0.09329
16 12 4 60362 0.06969
16 12 4 60312 0.07183
16 12 4 60111 0.06815
16 12 4 59800 0.07194
16 12 4 58918 0.06903
16 12 4 57312 0.06699
16 12 4 55373 0.06487
16 12 4 40005 0.04553
16 12 4 39952 0.04753
16 12 4 39813 0.04697
16 12 4 39264 0.0464
16 12 4 38373 0.04382
16 12 4 38071 0.04493
16 12 4 27590 0.03024
16 12 4 27535 0.02996
16 12 4 27467 0.03097
16 12 4 27441 0.02982
16 12 4 27362 0.03059
16 12 4 26371 0.02881
16 12 4 26076 0.03035
16 12 4 15892 0.01883
16 12 4 15877 0.01949
16 12 4 15872 0.01864
16 12 4 15808 0.01815
16 12 4 15602 0.01833
16 12 4 10401 0.01349
16 12 4 10396 0.01357
16 12 4 10394 0.01385
16 12 4 10391 0.01335
16 12 4 10317 0.01374
16 12 4 10243 0.01328
16 12 4 10149 0.01213
16 12 5 158130 0.1918
16 12 5 153759 0.1759
16 12 5 153186 0.1902
16 12 5 148152 0.1862
16 12 5 148152 0.1869
16 12 5 142746 0.1843
16 12 5 127839 0.1635
16 12 5 127744 0.173
16 12 5 123907 0.1788
16 12 5 122887 0.1739
16 12 5 114858 0.1128
16 12 5 110708 0.111
16 12 5 108960 0.1085
16 12 5 107238 0.109
16 12 5 107109 0.1093
16 12 5 105141 0.1064
16 12 5 103282 0.1058
16 12 5 97423 0.0978
16 12 5 89886 0.0923
16 12 5 64072 0.06958
16 12 5 63616 0.07021
16 12 5 63513 0.06958
16 12 5 62493 0.06908
16 12 5 60123 0.06748
16 12 5 41870 0.04592
16 12 5 41808 0.04758
16 12 5 41452 0.04802
16 12 5 41308 0.04674
16 12 5 40083 0.04534
16 12 5 39823 0.04454
16 12 5 38425 0.04319
16 12 5 28407 0.02926
16 12 5 28342 0.02965
16 12 5 28261 0.02799
16 12 5 28133 0.02878
16 12 5 27877 0.02865
16 12 5 26802 0.02778
16 12 5 16204 0.01811
16 12 5 16200 0.01794
16 12 5 16185 0.01806
16 12 5 16148 0.01823
16 12 5 16109 0.01843
16 12 5 15923 0.01792
16 12 5 15595 0.01763
16 12 5 10534 0.0132
16 12 5 10528 0.0129
16 12 5 10524 0.01342
16 12 5 10496 0.01364
16 12 5 10359 0.01267
16 12 5 10351 0.01279
