1 0 1 100000 0.1126
1 0 1 100000 0.1102
1 0 1 100000 0.1061
1 0 1 100000 0.1061
1 0 1 100000 0.1059
1 0 1 100000 0.106
1 0 1 100000 0.1062
1 0 1 100000 0.1061
1 0 1 100000 0.1057
1 0 1 100000 0.1051
1 0 1 100000 0.1027
1 0 1 100000 0.1016
1 0 1 100000 0.1044
1 0 1 100000 0.1064
1 0 1 100000 0.1046
1 0 1 100000 0.1021
1 0 1 100000 0.1067
1 0 1 100000 0.1341
1 0 1 100000 0.1348
1 0 1 100000 0.1355
1 0 1 100000 0.1341
1 0 1 100000 0.133
1 0 1 100000 0.1336
1 0 1 100000 0.1338
1 0 1 100000 0.1358
1 0 1 100000 0.1347
1 0 1 100000 0.1337
1 0 1 100000 0.1346
1 0 1 100000 0.1355
1 0 1 100000 0.1353
1 0 1 100000 0.1335
1 0 1 100000 0.1356
1 0 1 100000 0.1352
1 0 1 100000 0.07484
1 0 1 100000 0.07521
1 0 1 100000 0.0757
1 0 1 100000 0.07553
1 0 1 100000 0.07626
1 0 1 100000 0.07594
1 0 1 100000 0.07564
1 0 1 100000 0.07514
1 0 1 100000 0.07586
1 0 1 100000 0.076
1 0 1 100000 0.07507
1 0 1 100000 0.07599
1 0 1 100000 0.07507
1 0 1 100000 0.0757
1 0 1 100000 0.07631
1 0 1 100000 0.07541
1 0 1 100000 0.07573
1 0 1 100000 0.1089
1 0 1 100000 0.1062
1 0 1 100000 0.107
1 0 1 100000 0.1084
1 0 1 100000 0.1081
1 0 1 100000 0.1045
1 0 1 100000 0.1076
1 0 1 100000 0.1078
1 0 1 100000 0.1053
1 0 1 100000 0.1069
1 0 1 100000 0.1058
1 0 1 100000 0.1058
1 0 1 100000 0.1051
1 0 1 100000 0.1058
1 0 1 100000 0.1062
1 0 1 100000 0.104
1 0 1 100000 0.1051
1 0 1 100000 0.1022
1 0 1 100000 0.1052
1 0 1 100000 0.1027
1 0 1 100000 0.1041
1 0 1 100000 0.1046
1 0 1 100000 0.1026
1 0 1 100000 0.104
1 0 1 100000 0.104
1 0 1 100000 0.1023
1 0 1 100000 0.1036
1 0 1 100000 0.101
1 0 1 100000 0.1038
1 0 1 100000 0.1038
1 0 1 100000 0.1004
1 0 1 100000 0.1033
1 0 1 100000 0.1042
1 0 1 100000 0.1065
1 0 1 100000 0.1064
1 0 1 100000 0.1037
1 0 1 100000 0.103
1 0 1 100000 0.1052
1 0 1 100000 0.1067
1 0 1 100000 0.1061
1 0 1 100000 0.1051
1 0 1 100000 0.1067
1 0 1 100000 0.1302
1 0 1 100000 0.1295
1 0 1 100000 0.1276
1 0 1 100000 0.1228
1 0 1 100000 0.1272
1 0 1 100000 0.1246
1 0 1 100000 0.1313
1 0 1 100000 0.1291
1 0 1 85000 0.09965
1 0 1 85000 0.09266
1 0 1 85000 0.09081
1 0 1 85000 0.09319
1 0 1 85000 0.09318
1 0 1 85000 0.09166
1 0 1 85000 0.09495
1 0 1 85000 0.09286
1 0 1 85000 0.09282
1 0 1 85000 0.09281
1 0 1 85000 0.09145
1 0 1 85000 0.09444
1 0 1 85000 0.09173
1 0 1 85000 0.09215
1 0 1 85000 0.0924
1 0 1 85000 0.09375
1 0 1 85000 0.09395
1 0 1 85000 0.1208
1 0 1 85000 0.1201
1 0 1 85000 0.1206
1 0 1 85000 0.1208
1 0 1 85000 0.1217
1 0 1 85000 0.1206
1 0 1 85000 0.1196
1 0 1 85000 0.1208
1 0 1 85000 0.1206
1 0 1 85000 0.1215
1 0 1 85000 0.1213
1 0 1 85000 0.1208
1 0 1 85000 0.1226
1 0 1 85000 0.1211
1 0 1 85000 0.1224
1 0 1 85000 0.12
1 0 1 85000 0.06516
1 0 1 85000 0.06593
1 0 1 85000 0.06569
1 0 1 85000 0.06581
1 0 1 85000 0.0661
1 0 1 85000 0.06604
1 0 1 85000 0.06544
1 0 1 85000 0.06514
1 0 1 85000 0.06528
1 0 1 85000 0.06611
1 0 1 85000 0.0664
1 0 1 85000 0.065
1 0 1 85000 0.0656
1 0 1 85000 0.06572
1 0 1 85000 0.06579
1 0 1 85000 0.06549
1 0 1 85000 0.0656
1 0 1 85000 0.09646
1 0 1 85000 0.09656
1 0 1 85000 0.09581
1 0 1 85000 0.09569
1 0 1 85000 0.09548
1 0 1 85000 0.09424
1 0 1 85000 0.09793
1 0 1 85000 0.0942
1 0 1 85000 0.09622
1 0 1 85000 0.09816
1 0 1 85000 0.09557
1 0 1 85000 0.09587
1 0 1 85000 0.09577
1 0 1 85000 0.09705
1 0 1 85000 0.09758
1 0 1 85000 0.09609
1 0 1 85000 0.09812
1 0 1 85000 0.09286
1 0 1 85000 0.09608
1 0 1 85000 0.09381
1 0 1 85000 0.09407
1 0 1 85000 0.09253
1 0 1 85000 0.09237
1 0 1 85000 0.08905
1 0 1 85000 0.09579
1 0 1 85000 0.09199
1 0 1 85000 0.09345
1 0 1 85000 0.08932
1 0 1 85000 0.09439
1 0 1 85000 0.09296
1 0 1 85000 0.09323
1 0 1 85000 0.0936
1 0 1 85000 0.09283
1 0 1 85000 0.09537
1 0 1 85000 0.09741
1 0 1 85000 0.09731
1 0 1 85000 0.09561
1 0 1 85000 0.09455
1 0 1 85000 0.09584
1 0 1 85000 0.09634
1 0 1 85000 0.09119
1 0 1 85000 0.09784
1 0 1 85000 0.09716
1 0 1 85000 0.09768
1 0 1 85000 0.09704
1 0 1 85000 0.0941
1 0 1 85000 0.09706
1 0 1 85000 0.09581
1 0 1 85000 0.09228
1 0 1 85000 0.09635
1 0 1 75000 0.08505
1 0 1 75000 0.08459
1 0 1 75000 0.0846
1 0 1 75000 0.08202
1 0 1 75000 0.08469
1 0 1 75000 0.08312
1 0 1 75000 0.08471
1 0 1 75000 0.08516
1 0 1 75000 0.08459
1 0 1 75000 0.08384
1 0 1 75000 0.0856
1 0 1 75000 0.08511
1 0 1 75000 0.08695
1 0 1 75000 0.08282
1 0 1 75000 0.08521
1 0 1 75000 0.08226
1 0 1 75000 0.0839
1 0 1 75000 0.1108
1 0 1 75000 0.1114
1 0 1 75000 0.1112
1 0 1 75000 0.112
1 0 1 75000 0.1118
1 0 1 75000 0.1106
1 0 1 75000 0.1099
1 0 1 75000 0.1123
1 0 1 75000 0.1117
1 0 1 75000 0.1114
1 0 1 75000 0.1128
1 0 1 75000 0.112
1 0 1 75000 0.1128
1 0 1 75000 0.1121
1 0 1 75000 0.1115
1 0 1 75000 0.112
1 0 1 75000 0.05507
1 0 1 75000 0.05531
1 0 1 75000 0.05526
1 0 1 75000 0.05537
1 0 1 75000 0.05523
1 0 1 75000 0.05563
1 0 1 75000 0.05555
1 0 1 75000 0.05525
1 0 1 75000 0.05499
1 0 1 75000 0.05575
1 0 1 75000 0.05534
1 0 1 75000 0.05535
1 0 1 75000 0.05509
1 0 1 75000 0.05508
1 0 1 75000 0.05532
1 0 1 75000 0.05505
1 0 1 75000 0.05498
1 0 1 75000 0.08621
1 0 1 75000 0.08672
1 0 1 75000 0.0863
1 0 1 75000 0.08426
1 0 1 75000 0.08206
1 0 1 75000 0.0834
1 0 1 75000 0.08703
1 0 1 75000 0.08671
1 0 1 75000 0.08647
1 0 1 75000 0.08599
1 0 1 75000 0.08507
1 0 1 75000 0.08224
1 0 1 75000 0.08679
1 0 1 75000 0.08479
1 0 1 75000 0.0863
1 0 1 75000 0.08663
1 0 1 75000 0.08497
1 0 1 75000 0.0831
1 0 1 75000 0.08113
1 0 1 75000 0.08351
1 0 1 75000 0.08549
1 0 1 75000 0.08454
1 0 1 75000 0.08213
1 0 1 75000 0.07822
1 0 1 75000 0.08267
1 0 1 75000 0.08414
1 0 1 75000 0.08298
1 0 1 75000 0.08508
1 0 1 75000 0.08134
1 0 1 75000 0.08175
1 0 1 75000 0.08316
1 0 1 75000 0.08291
1 0 1 75000 0.08258
1 0 1 75000 0.08694
1 0 1 75000 0.08565
1 0 1 75000 0.08478
1 0 1 75000 0.08639
1 0 1 75000 0.08858
1 0 1 75000 0.0872
1 0 1 75000 0.08666
1 0 1 75000 0.08452
1 0 1 75000 0.08486
1 0 1 75000 0.08174
1 0 1 75000 0.08784
1 0 1 75000 0.08557
1 0 1 75000 0.08726
1 0 1 75000 0.08548
1 0 1 75000 0.08613
1 0 1 75000 0.08376
1 0 1 75000 0.08327
1 0 1 50000 0.06067
1 0 1 50000 0.06346
1 0 1 50000 0.06197
1 0 1 50000 0.06089
1 0 1 50000 0.06394
1 0 1 50000 0.05945
1 0 1 50000 0.0614
1 0 1 50000 0.06376
1 0 1 50000 0.05984
1 0 1 50000 0.05981
1 0 1 50000 0.06144
1 0 1 50000 0.06183
1 0 1 50000 0.06123
1 0 1 50000 0.06266
1 0 1 50000 0.06074
1 0 1 50000 0.06135
1 0 1 50000 0.06257
1 0 1 50000 0.08647
1 0 1 50000 0.08496
1 0 1 50000 0.08656
1 0 1 50000 0.0864
1 0 1 50000 0.08736
1 0 1 50000 0.08615
1 0 1 50000 0.08619
1 0 1 50000 0.08536
1 0 1 50000 0.08762
1 0 1 50000 0.08581
1 0 1 50000 0.08536
1 0 1 50000 0.08648
1 0 1 50000 0.08755
1 0 1 50000 0.08451
1 0 1 50000 0.08641
1 0 1 50000 0.08801
1 0 1 50000 0.03244
1 0 1 50000 0.03249
1 0 1 50000 0.03247
1 0 1 50000 0.03231
1 0 1 50000 0.03265
1 0 1 50000 0.03251
1 0 1 50000 0.03256
1 0 1 50000 0.0322
1 0 1 50000 0.03188
1 0 1 50000 0.0325
1 0 1 50000 0.03231
1 0 1 50000 0.03246
1 0 1 50000 0.03236
1 0 1 50000 0.03248
1 0 1 50000 0.03218
1 0 1 50000 0.03233
1 0 1 50000 0.03218
1 0 1 50000 0.06266
1 0 1 50000 0.06196
1 0 1 50000 0.06137
1 0 1 50000 0.06393
1 0 1 50000 0.06313
1 0 1 50000 0.06014
1 0 1 50000 0.06313
1 0 1 50000 0.0641
1 0 1 50000 0.06082
1 0 1 50000 0.06197
1 0 1 50000 0.06148
1 0 1 50000 0.06245
1 0 1 50000 0.06246
1 0 1 50000 0.06228
1 0 1 50000 0.06312
1 0 1 50000 0.06191
1 0 1 50000 0.06315
1 0 1 50000 0.05969
1 0 1 50000 0.05918
1 0 1 50000 0.06012
1 0 1 50000 0.06156
1 0 1 50000 0.06066
1 0 1 50000 0.05892
1 0 1 50000 0.06097
1 0 1 50000 0.05848
1 0 1 50000 0.06048
1 0 1 50000 0.06174
1 0 1 50000 0.06037
1 0 1 50000 0.05921
1 0 1 50000 0.06202
1 0 1 50000 0.05842
1 0 1 50000 0.06011
1 0 1 50000 0.06155
1 0 1 50000 0.06151
1 0 1 50000 0.06073
1 0 1 50000 0.06345
1 0 1 50000 0.06177
1 0 1 50000 0.06253
1 0 1 50000 0.06334
1 0 1 50000 0.06239
1 0 1 50000 0.0625
1 0 1 50000 0.06261
1 0 1 50000 0.06289
1 0 1 50000 0.05984
1 0 1 50000 0.0615
1 0 1 50000 0.06234
1 0 1 50000 0.06385
1 0 1 50000 0.06217
1 0 1 50000 0.0631
1 0 1 50000 0.05971
1 0 1 35000 0.04263
1 0 1 35000 0.04357
1 0 1 35000 0.04335
1 0 1 35000 0.04243
1 0 1 35000 0.04388
1 0 1 35000 0.04349
1 0 1 35000 0.04387
1 0 1 35000 0.04295
1 0 1 35000 0.04148
1 0 1 35000 0.04217
1 0 1 35000 0.04307
1 0 1 35000 0.04307
1 0 1 35000 0.04392
1 0 1 35000 0.04185
1 0 1 35000 0.04316
1 0 1 35000 0.04308
1 0 1 35000 0.04433
1 0 1 35000 0.06246
1 0 1 35000 0.06329
1 0 1 35000 0.06241
1 0 1 35000 0.06349
1 0 1 35000 0.06314
1 0 1 35000 0.06324
1 0 1 35000 0.06407
1 0 1 35000 0.06318
1 0 1 35000 0.0632
1 0 1 35000 0.0638
1 0 1 35000 0.06307
1 0 1 35000 0.06209
1 0 1 35000 0.06391
1 0 1 35000 0.06393
1 0 1 35000 0.06392
1 0 1 35000 0.06204
1 0 1 35000 0.02143
1 0 1 35000 0.02132
1 0 1 35000 0.02133
1 0 1 35000 0.0214
1 0 1 35000 0.02138
1 0 1 35000 0.02115
1 0 1 35000 0.02162
1 0 1 35000 0.02118
1 0 1 35000 0.02143
1 0 1 35000 0.02141
1 0 1 35000 0.02105
1 0 1 35000 0.02135
1 0 1 35000 0.02109
1 0 1 35000 0.02156
1 0 1 35000 0.02114
1 0 1 35000 0.02116
1 0 1 35000 0.02159
1 0 1 35000 0.04517
1 0 1 35000 0.04574
1 0 1 35000 0.04492
1 0 1 35000 0.04324
1 0 1 35000 0.04471
1 0 1 35000 0.045
1 0 1 35000 0.04286
1 0 1 35000 0.04373
1 0 1 35000 0.04383
1 0 1 35000 0.04422
1 0 1 35000 0.04209
1 0 1 35000 0.04393
1 0 1 35000 0.04545
1 0 1 35000 0.04237
1 0 1 35000 0.04368
1 0 1 35000 0.04363
1 0 1 35000 0.0442
1 0 1 35000 0.04205
1 0 1 35000 0.04356
1 0 1 35000 0.04327
1 0 1 35000 0.04185
1 0 1 35000 0.04246
1 0 1 35000 0.04299
1 0 1 35000 0.04227
1 0 1 35000 0.04252
1 0 1 35000 0.04137
1 0 1 35000 0.04275
1 0 1 35000 0.04258
1 0 1 35000 0.04072
1 0 1 35000 0.04299
1 0 1 35000 0.04275
1 0 1 35000 0.04209
1 0 1 35000 0.04237
1 0 1 35000 0.0423
1 0 1 35000 0.04186
1 0 1 35000 0.043
1 0 1 35000 0.04415
1 0 1 35000 0.04405
1 0 1 35000 0.04214
1 0 1 35000 0.04432
1 0 1 35000 0.04435
1 0 1 35000 0.04384
1 0 1 35000 0.04386
1 0 1 35000 0.044
1 0 1 35000 0.04299
1 0 1 35000 0.04224
1 0 1 35000 0.04411
1 0 1 35000 0.04362
1 0 1 35000 0.04347
1 0 1 35000 0.04477
1 0 1 25000 0.02741
1 0 1 25000 0.02789
1 0 1 25000 0.02839
1 0 1 25000 0.02681
1 0 1 25000 0.02841
1 0 1 25000 0.02758
1 0 1 25000 0.02806
1 0 1 25000 0.02753
1 0 1 25000 0.02765
1 0 1 25000 0.02807
1 0 1 25000 0.02773
1 0 1 25000 0.02805
1 0 1 25000 0.02878
1 0 1 25000 0.0273
1 0 1 25000 0.02727
1 0 1 25000 0.0281
1 0 1 25000 0.02913
1 0 1 25000 0.04497
1 0 1 25000 0.04501
1 0 1 25000 0.04523
1 0 1 25000 0.0444
1 0 1 25000 0.0442
1 0 1 25000 0.04484
1 0 1 25000 0.0449
1 0 1 25000 0.04514
1 0 1 25000 0.04594
1 0 1 25000 0.0455
1 0 1 25000 0.04491
1 0 1 25000 0.04518
1 0 1 25000 0.04577
1 0 1 25000 0.04476
1 0 1 25000 0.04505
1 0 1 25000 0.0454
1 0 1 25000 0.01014
1 0 1 25000 0.01014
1 0 1 25000 0.009846
1 0 1 25000 0.01017
1 0 1 25000 0.01018
1 0 1 25000 0.01019
1 0 1 25000 0.01002
1 0 1 25000 0.01044
1 0 1 25000 0.01016
1 0 1 25000 0.009989
1 0 1 25000 0.01003
1 0 1 25000 0.01011
1 0 1 25000 0.01025
1 0 1 25000 0.009915
1 0 1 25000 0.01001
1 0 1 25000 0.01011
1 0 1 25000 0.01021
1 0 1 25000 0.02854
1 0 1 25000 0.02924
1 0 1 25000 0.02805
1 0 1 25000 0.02733
1 0 1 25000 0.02934
1 0 1 25000 0.0277
1 0 1 25000 0.02829
1 0 1 25000 0.02979
1 0 1 25000 0.0287
1 0 1 25000 0.02858
1 0 1 25000 0.02925
1 0 1 25000 0.02941
1 0 1 25000 0.02944
1 0 1 25000 0.02854
1 0 1 25000 0.0294
1 0 1 25000 0.028
1 0 1 25000 0.02905
1 0 1 25000 0.0282
1 0 1 25000 0.02719
1 0 1 25000 0.02636
1 0 1 25000 0.02659
1 0 1 25000 0.02526
1 0 1 25000 0.02856
1 0 1 25000 0.02683
1 0 1 25000 0.02776
1 0 1 25000 0.02662
1 0 1 25000 0.02817
1 0 1 25000 0.02636
1 0 1 25000 0.0266
1 0 1 25000 0.0274
1 0 1 25000 0.02717
1 0 1 25000 0.02693
1 0 1 25000 0.02651
1 0 1 25000 0.02788
1 0 1 25000 0.02814
1 0 1 25000 0.02866
1 0 1 25000 0.02854
1 0 1 25000 0.02936
1 0 1 25000 0.02746
1 0 1 25000 0.02953
1 0 1 25000 0.02893
1 0 1 25000 0.0294
1 0 1 25000 0.02911
1 0 1 25000 0.02715
1 0 1 25000 0.02838
1 0 1 25000 0.02793
1 0 1 25000 0.02687
1 0 1 25000 0.02876
1 0 1 25000 0.02755
1 0 1 25000 0.02956
1 0 1 15000 0.0183
1 0 1 15000 0.01711
1 0 1 15000 0.01803
1 0 1 15000 0.01695
1 0 1 15000 0.01833
1 0 1 15000 0.01804
1 0 1 15000 0.01818
1 0 1 15000 0.01741
1 0 1 15000 0.01803
1 0 1 15000 0.01795
1 0 1 15000 0.0184
1 0 1 15000 0.0181
1 0 1 15000 0.01783
1 0 1 15000 0.01756
1 0 1 15000 0.01758
1 0 1 15000 0.01778
1 0 1 15000 0.01816
1 0 1 15000 0.02836
1 0 1 15000 0.02824
1 0 1 15000 0.02817
1 0 1 15000 0.0281
1 0 1 15000 0.02862
1 0 1 15000 0.02863
1 0 1 15000 0.02838
1 0 1 15000 0.02866
1 0 1 15000 0.02857
1 0 1 15000 0.02847
1 0 1 15000 0.02843
1 0 1 15000 0.02851
1 0 1 15000 0.02856
1 0 1 15000 0.02864
1 0 1 15000 0.02799
1 0 1 15000 0.02867
1 0 1 15000 0.006842
1 0 1 15000 0.006771
1 0 1 15000 0.006753
1 0 1 15000 0.006739
1 0 1 15000 0.00678
1 0 1 15000 0.006692
1 0 1 15000 0.006855
1 0 1 15000 0.006848
1 0 1 15000 0.006661
1 0 1 15000 0.006814
1 0 1 15000 0.006747
1 0 1 15000 0.006818
1 0 1 15000 0.006673
1 0 1 15000 0.006803
1 0 1 15000 0.006733
1 0 1 15000 0.006812
1 0 1 15000 0.006798
1 0 1 15000 0.01898
1 0 1 15000 0.01887
1 0 1 15000 0.0178
1 0 1 15000 0.01808
1 0 1 15000 0.01847
1 0 1 15000 0.01843
1 0 1 15000 0.01847
1 0 1 15000 0.01852
1 0 1 15000 0.0183
1 0 1 15000 0.01793
1 0 1 15000 0.01824
1 0 1 15000 0.01747
1 0 1 15000 0.01831
1 0 1 15000 0.0186
1 0 1 15000 0.01817
1 0 1 15000 0.01759
1 0 1 15000 0.0178
1 0 1 15000 0.01735
1 0 1 15000 0.01793
1 0 1 15000 0.01799
1 0 1 15000 0.01728
1 0 1 15000 0.01668
1 0 1 15000 0.01723
1 0 1 15000 0.01726
1 0 1 15000 0.01731
1 0 1 15000 0.01792
1 0 1 15000 0.01704
1 0 1 15000 0.01735
1 0 1 15000 0.01714
1 0 1 15000 0.01718
1 0 1 15000 0.0176
1 0 1 15000 0.01709
1 0 1 15000 0.0171
1 0 1 15000 0.01821
1 0 1 15000 0.01835
1 0 1 15000 0.01884
1 0 1 15000 0.01889
1 0 1 15000 0.01824
1 0 1 15000 0.01819
1 0 1 15000 0.01844
1 0 1 15000 0.01791
1 0 1 15000 0.01856
1 0 1 15000 0.0182
1 0 1 15000 0.01856
1 0 1 15000 0.01817
1 0 1 15000 0.01873
1 0 1 15000 0.01819
1 0 1 15000 0.01758
1 0 1 15000 0.01809
1 0 1 15000 0.01816
1 0 1 10000 0.01294
1 0 1 10000 0.01266
1 0 1 10000 0.0132
1 0 1 10000 0.01258
1 0 1 10000 0.01278
1 0 1 10000 0.0132
1 0 1 10000 0.01232
1 0 1 10000 0.01252
1 0 1 10000 0.01272
1 0 1 10000 0.01287
1 0 1 10000 0.0127
1 0 1 10000 0.01282
1 0 1 10000 0.01273
1 0 1 10000 0.01259
1 0 1 10000 0.01313
1 0 1 10000 0.01254
1 0 1 10000 0.01248
1 0 1 10000 0.01976
1 0 1 10000 0.01956
1 0 1 10000 0.01976
1 0 1 10000 0.01955
1 0 1 10000 0.01975
1 0 1 10000 0.01921
1 0 1 10000 0.01942
1 0 1 10000 0.0197
1 0 1 10000 0.01926
1 0 1 10000 0.01955
1 0 1 10000 0.01948
1 0 1 10000 0.01942
1 0 1 10000 0.0197
1 0 1 10000 0.01981
1 0 1 10000 0.01932
1 0 1 10000 0.0197
1 0 1 10000 0.005357
1 0 1 10000 0.005307
1 0 1 10000 0.005221
1 0 1 10000 0.005312
1 0 1 10000 0.005293
1 0 1 10000 0.005247
1 0 1 10000 0.00523
1 0 1 10000 0.005307
1 0 1 10000 0.005241
1 0 1 10000 0.005059
1 0 1 10000 0.005334
1 0 1 10000 0.005308
1 0 1 10000 0.005318
1 0 1 10000 0.005317
1 0 1 10000 0.005198
1 0 1 10000 0.005371
1 0 1 10000 0.005243
1 0 1 10000 0.01287
1 0 1 10000 0.01338
1 0 1 10000 0.01327
1 0 1 10000 0.01265
1 0 1 10000 0.01323
1 0 1 10000 0.01311
1 0 1 10000 0.01259
1 0 1 10000 0.01287
1 0 1 10000 0.01275
1 0 1 10000 0.01337
1 0 1 10000 0.01311
1 0 1 10000 0.01288
1 0 1 10000 0.01337
1 0 1 10000 0.01292
1 0 1 10000 0.01316
1 0 1 10000 0.0129
1 0 1 10000 0.01289
1 0 1 10000 0.01251
1 0 1 10000 0.01271
1 0 1 10000 0.01256
1 0 1 10000 0.01176
1 0 1 10000 0.01266
1 0 1 10000 0.01189
1 0 1 10000 0.01225
1 0 1 10000 0.01277
1 0 1 10000 0.01254
1 0 1 10000 0.01191
1 0 1 10000 0.01254
1 0 1 10000 0.01233
1 0 1 10000 0.01241
1 0 1 10000 0.01282
1 0 1 10000 0.01194
1 0 1 10000 0.01212
1 0 1 10000 0.01321
1 0 1 10000 0.0132
1 0 1 10000 0.01296
1 0 1 10000 0.01312
1 0 1 10000 0.01304
1 0 1 10000 0.01299
1 0 1 10000 0.01303
1 0 1 10000 0.01304
1 0 1 10000 0.01231
1 0 1 10000 0.0128
1 0 1 10000 0.01294
1 0 1 10000 0.01329
1 0 1 10000 0.01277
1 0 1 10000 0.01327
1 0 1 10000 0.01264
1 0 1 10000 0.01266
1 0 1 10000 0.01313
1 0 2 113522 0.1174
1 0 2 113442 0.1185
1 0 2 113442 0.1185
1 0 2 113424 0.1163
1 0 2 113340 0.116
1 0 2 113252 0.1174
1 0 2 113236 0.1138
1 0 2 113142 0.1161
1 0 2 113122 0.1481
1 0 2 113109 0.1165
1 0 2 113102 0.1185
1 0 2 113094 0.1153
1 0 2 113074 0.1151
1 0 2 113044 0.1151
1 0 2 113024 0.1144
1 0 2 113000 0.1115
1 0 2 112967 0.1134
1 0 2 112967 0.113
1 0 2 112896 0.1167
1 0 2 112895 0.1098
1 0 2 112892 0.1168
1 0 2 112806 0.1162
1 0 2 112804 0.1161
1 0 2 112795 0.1121
1 0 2 112764 0.1127
1 0 2 112688 0.1154
1 0 2 112664 0.117
1 0 2 112662 0.1169
1 0 2 112605 0.1134
1 0 2 112242 0.1157
1 0 2 112242 0.1158
1 0 2 112222 0.1132
1 0 2 112148 0.1195
1 0 2 112048 0.115
1 0 2 111980 0.1174
1 0 2 111815 0.1167
1 0 2 111401 0.1154
1 0 2 111386 0.1161
1 0 2 110939 0.146
1 0 2 110517 0.1134
1 0 2 110517 0.1138
1 0 2 110371 0.1196
1 0 2 109892 0.1124
1 0 2 109484 0.1149
1 0 2 108580 0.1118
1 0 2 107307 0.1107
1 0 2 107307 0.1105
1 0 2 107057 0.1429
1 0 2 106892 0.1144
1 0 2 106594 0.1416
1 0 2 106266 0.1127
1 0 2 106006 0.1392
1 0 2 105277 0.1112
1 0 2 105134 0.1116
1 0 2 104660 0.1395
1 0 2 104174 0.138
1 0 2 104020 0.1398
1 0 2 103759 0.1372
1 0 2 103028 0.1076
1 0 2 102972 0.1095
1 0 2 102199 0.1382
1 0 2 102038 0.1092
1 0 2 101178 0.1353
1 0 2 100000 0.07544
1 0 2 100000 0.07504
1 0 2 100000 0.07439
1 0 2 100000 0.07429
1 0 2 100000 0.07497
1 0 2 100000 0.07548
1 0 2 100000 0.07471
1 0 2 100000 0.07562
1 0 2 100000 0.07519
1 0 2 100000 0.07544
1 0 2 100000 0.07543
1 0 2 100000 0.07497
1 0 2 100000 0.07519
1 0 2 100000 0.07466
1 0 2 100000 0.07493
1 0 2 100000 0.07471
1 0 2 99712 0.1057
1 0 2 99589 0.1335
1 0 2 99292 0.1336
1 0 2 99191 0.1065
1 0 2 97943 0.1053
1 0 2 97701 0.1332
1 0 2 97701 0.1337
1 0 2 97487 0.1022
1 0 2 97448 0.1315
1 0 2 97217 0.1055
1 0 2 95782 0.1314
1 0 2 95782 0.1316
1 0 2 94779 0.1041
1 0 2 94776 0.1021
1 0 2 94767 0.1027
1 0 2 94710 0.1025
1 0 2 94706 0.106
1 0 2 94686 0.1031
1 0 2 94685 0.1029
1 0 2 94673 0.1051
1 0 2 94667 0.1024
1 0 2 94597 0.09973
1 0 2 94571 0.1026
1 0 2 94548 0.09898
1 0 2 94539 0.103
1 0 2 94522 0.0999
1 0 2 94514 0.1028
1 0 2 94462 0.1033
1 0 2 94455 0.1018
1 0 2 94429 0.1302
1 0 2 94394 0.1027
1 0 2 94374 0.1017
1 0 2 94367 0.098
1 0 2 94346 0.09957
1 0 2 94283 0.1028
1 0 2 94161 0.0991
1 0 2 94089 0.09875
1 0 2 94057 0.102
1 0 2 94035 0.1288
1 0 2 94027 0.1289
1 0 2 93959 0.103
1 0 2 93934 0.1014
1 0 2 93897 0.1014
1 0 2 93879 0.1028
1 0 2 93845 0.1014
1 0 2 93705 0.1023
1 0 2 93704 0.0994
1 0 2 93642 0.1008
1 0 2 93576 0.102
1 0 2 93486 0.09943
1 0 2 93445 0.1029
1 0 2 93415 0.1004
1 0 2 93289 0.1024
1 0 2 93262 0.1036
1 0 2 93244 0.1282
1 0 2 93173 0.1281
1 0 2 92777 0.1016
1 0 2 92742 0.1026
1 0 2 92656 0.1042
1 0 2 92276 0.101
1 0 2 92276 0.1016
1 0 2 91909 0.1006
1 0 2 91847 0.1013
1 0 2 91760 0.1002
1 0 2 91027 0.1007
1 0 2 90961 0.0959
1 0 2 90889 0.1264
1 0 2 90843 0.1264
1 0 2 90479 0.09857
1 0 2 90453 0.1274
1 0 2 90254 0.09766
1 0 2 90205 0.09686
1 0 2 90101 0.09873
1 0 2 90013 0.09757
1 0 2 89658 0.09923
1 0 2 89618 0.1232
1 0 2 89442 0.09881
1 0 2 88990 0.1003
1 0 2 88604 0.09512
1 0 2 88150 0.09675
1 0 2 87728 0.09623
1 0 2 87710 0.09603
1 0 2 87529 0.09434
1 0 2 87529 0.09501
1 0 2 87153 0.09487
1 0 2 86552 0.1228
1 0 2 86065 0.09387
1 0 2 85760 0.09455
1 0 2 85343 0.09047
1 0 2 85328 0.1215
1 0 2 85305 0.09483
1 0 2 85180 0.1213
1 0 2 85000 0.06525
1 0 2 85000 0.06509
1 0 2 85000 0.06546
1 0 2 85000 0.06528
1 0 2 85000 0.0656
1 0 2 85000 0.06554
1 0 2 85000 0.06535
1 0 2 85000 0.06552
1 0 2 85000 0.0652
1 0 2 85000 0.06542
1 0 2 85000 0.06515
1 0 2 85000 0.06569
1 0 2 85000 0.06559
1 0 2 85000 0.06577
1 0 2 85000 0.06592
1 0 2 85000 0.0654
1 0 2 84942 0.12
1 0 2 84842 0.119
1 0 2 83963 0.09436
1 0 2 83680 0.09315
1 0 2 83434 0.09256
1 0 2 82801 0.09268
1 0 2 82612 0.09264
1 0 2 82596 0.09149
1 0 2 82575 0.09094
1 0 2 82551 0.1178
1 0 2 82511 0.09213
1 0 2 82509 0.09357
1 0 2 82500 0.09326
1 0 2 82497 0.09261
1 0 2 82483 0.09442
1 0 2 82464 0.0904
1 0 2 82464 0.08678
1 0 2 82458 0.08994
1 0 2 82446 0.09188
1 0 2 82423 0.09279
1 0 2 82422 0.09058
1 0 2 82417 0.09106
1 0 2 82403 0.08991
1 0 2 82362 0.09202
1 0 2 82360 0.0895
1 0 2 82325 0.0904
1 0 2 82325 0.09088
1 0 2 82245 0.0906
1 0 2 82177 0.09111
1 0 2 82173 0.09184
1 0 2 82157 0.0914
1 0 2 82096 0.08929
1 0 2 82087 0.08913
1 0 2 82054 0.09015
1 0 2 82046 0.08983
1 0 2 82026 0.08958
1 0 2 81856 0.08884
1 0 2 81856 0.08894
1 0 2 81810 0.08956
1 0 2 81768 0.09053
1 0 2 81752 0.09129
1 0 2 81684 0.09281
1 0 2 81669 0.1167
1 0 2 81633 0.09033
1 0 2 81633 0.09029
1 0 2 81612 0.09046
1 0 2 81525 0.08895
1 0 2 81471 0.08716
1 0 2 81405 0.1159
1 0 2 81316 0.08912
1 0 2 81233 0.09063
1 0 2 81231 0.1163
1 0 2 81226 0.08827
1 0 2 81226 0.08778
1 0 2 80910 0.1173
1 0 2 80523 0.116
1 0 2 80523 0.1162
1 0 2 79797 0.08978
1 0 2 79763 0.08866
1 0 2 79442 0.08921
1 0 2 79296 0.115
1 0 2 79257 0.1157
1 0 2 79116 0.1141
1 0 2 78972 0.1151
1 0 2 78666 0.1154
1 0 2 78660 0.1158
1 0 2 78408 0.115
1 0 2 78216 0.08967
1 0 2 78214 0.08813
1 0 2 78154 0.1133
1 0 2 77761 0.08918
1 0 2 77703 0.08604
1 0 2 77580 0.08688
1 0 2 77477 0.1136
1 0 2 77211 0.08698
1 0 2 77209 0.0882
1 0 2 76581 0.08836
1 0 2 76504 0.1122
1 0 2 76428 0.113
1 0 2 76386 0.08682
1 0 2 76011 0.1131
1 0 2 75934 0.1126
1 0 2 75735 0.1132
1 0 2 75233 0.08743
1 0 2 75124 0.08574
1 0 2 75015 0.112
1 0 2 75000 0.05518
1 0 2 75000 0.05551
1 0 2 75000 0.05561
1 0 2 75000 0.05475
1 0 2 75000 0.0551
1 0 2 75000 0.05563
1 0 2 75000 0.05601
1 0 2 75000 0.05559
1 0 2 75000 0.05594
1 0 2 75000 0.05609
1 0 2 75000 0.05575
1 0 2 75000 0.0557
1 0 2 75000 0.05644
1 0 2 75000 0.05604
1 0 2 75000 0.05536
1 0 2 75000 0.05531
1 0 2 74830 0.1082
1 0 2 74655 0.1045
1 0 2 74462 0.1078
1 0 2 73923 0.08421
1 0 2 73618 0.08417
1 0 2 72791 0.08467
1 0 2 72791 0.08567
1 0 2 72517 0.08341
1 0 2 71645 0.08364
1 0 2 71240 0.08265
1 0 2 70017 0.107
1 0 2 53392 0.06677
1 0 2 53390 0.09129
1 0 2 53386 0.06642
1 0 2 53381 0.06646
1 0 2 53378 0.0678
1 0 2 53375 0.06425
1 0 2 53372 0.06709
1 0 2 53370 0.06644
1 0 2 53368 0.06609
1 0 2 53357 0.06451
1 0 2 53353 0.06307
1 0 2 53347 0.06554
1 0 2 53346 0.06495
1 0 2 53332 0.06614
1 0 2 53326 0.06649
1 0 2 53324 0.06693
1 0 2 53316 0.06412
1 0 2 53312 0.0626
1 0 2 53309 0.06373
1 0 2 53298 0.06544
1 0 2 53287 0.06376
1 0 2 53282 0.06177
1 0 2 53264 0.06472
1 0 2 53254 0.06312
1 0 2 53249 0.0654
1 0 2 53244 0.06486
1 0 2 53232 0.06501
1 0 2 53230 0.06302
1 0 2 53224 0.06246
1 0 2 53213 0.06526
1 0 2 53202 0.06518
1 0 2 53200 0.06508
1 0 2 53192 0.06386
1 0 2 53169 0.06492
1 0 2 53151 0.06408
1 0 2 53150 0.09
1 0 2 53144 0.06346
1 0 2 53143 0.06411
1 0 2 53108 0.06257
1 0 2 53079 0.09162
1 0 2 52969 0.06612
1 0 2 52952 0.07287
1 0 2 52937 0.07393
1 0 2 52884 0.07055
1 0 2 52851 0.07146
1 0 2 52827 0.0728
1 0 2 52703 0.06983
1 0 2 52616 0.07358
1 0 2 52558 0.07088
1 0 2 52534 0.07071
1 0 2 52378 0.09332
1 0 2 52070 0.07202
1 0 2 52070 0.07368
1 0 2 52036 0.07116
1 0 2 51851 0.07248
1 0 2 51551 0.06861
1 0 2 51486 0.07381
1 0 2 51447 0.09225
1 0 2 51346 0.09213
1 0 2 51311 0.09125
1 0 2 51311 0.09192
1 0 2 51100 0.093
1 0 2 51095 0.07086
1 0 2 50953 0.06809
1 0 2 50947 0.06577
1 0 2 50620 0.08713
1 0 2 50620 0.08663
1 0 2 50507 0.06191
1 0 2 50092 0.08616
1 0 2 50084 0.08481
1 0 2 50000 0.03278
1 0 2 50000 0.03226
1 0 2 50000 0.03883
1 0 2 50000 0.03194
1 0 2 50000 0.03279
1 0 2 50000 0.03257
1 0 2 50000 0.03248
1 0 2 50000 0.03212
1 0 2 50000 0.03262
1 0 2 50000 0.03785
1 0 2 50000 0.0326
1 0 2 50000 0.03233
1 0 2 50000 0.03252
1 0 2 50000 0.03272
1 0 2 50000 0.03249
1 0 2 50000 0.03259
1 0 2 50000 0.03283
1 0 2 49719 0.06019
1 0 2 49702 0.06033
1 0 2 49629 0.06186
1 0 2 49628 0.08587
1 0 2 49370 0.05885
1 0 2 48617 0.06222
1 0 2 48607 0.0585
1 0 2 48568 0.08388
1 0 2 47654 0.06312
1 0 2 47363 0.08142
1 0 2 46824 0.05818
1 0 2 46701 0.08234
1 0 2 46701 0.08191
1 0 2 36662 0.04534
1 0 2 36662 0.06557
1 0 2 36662 0.06563
1 0 2 36662 0.06585
1 0 2 36662 0.04532
1 0 2 36662 0.04531
1 0 2 36662 0.0454
1 0 2 36662 0.04521
1 0 2 36662 0.04565
1 0 2 36662 0.0459
1 0 2 36657 0.04618
1 0 2 36646 0.04495
1 0 2 36645 0.04447
1 0 2 36640 0.0454
1 0 2 36625 0.04279
1 0 2 36623 0.04325
1 0 2 36617 0.04379
1 0 2 36616 0.04291
1 0 2 36614 0.04385
1 0 2 36613 0.04506
1 0 2 36608 0.04514
1 0 2 36607 0.04239
1 0 2 36604 0.04288
1 0 2 36602 0.04431
1 0 2 36597 0.0427
1 0 2 36597 0.04278
1 0 2 36592 0.04202
1 0 2 36590 0.04415
1 0 2 36587 0.04354
1 0 2 36585 0.04401
1 0 2 36584 0.04497
1 0 2 36580 0.04428
1 0 2 36580 0.04442
1 0 2 36578 0.04342
1 0 2 36572 0.04563
1 0 2 36570 0.04456
1 0 2 36568 0.04266
1 0 2 36565 0.04312
1 0 2 36563 0.04541
1 0 2 36551 0.04458
1 0 2 36545 0.04434
1 0 2 36535 0.04477
1 0 2 36525 0.04438
1 0 2 36518 0.04378
1 0 2 36361 0.04542
1 0 2 36335 0.06369
1 0 2 36209 0.06491
1 0 2 36190 0.04518
1 0 2 36190 0.0446
1 0 2 36064 0.0646
1 0 2 36050 0.06519
1 0 2 36050 0.04516
1 0 2 36037 0.04389
1 0 2 36032 0.04294
1 0 2 36004 0.06389
1 0 2 35885 0.04453
1 0 2 35875 0.06412
1 0 2 35834 0.04528
1 0 2 35393 0.04517
1 0 2 35315 0.04356
1 0 2 35266 0.04301
1 0 2 35262 0.04261
1 0 2 35016 0.04404
1 0 2 35000 0.02134
1 0 2 35000 0.02168
1 0 2 35000 0.02147
1 0 2 35000 0.02152
1 0 2 35000 0.02138
1 0 2 35000 0.02143
1 0 2 35000 0.02142
1 0 2 35000 0.02138
1 0 2 35000 0.02142
1 0 2 35000 0.02131
1 0 2 35000 0.02134
1 0 2 35000 0.02134
1 0 2 35000 0.02127
1 0 2 35000 0.02158
1 0 2 35000 0.02143
1 0 2 35000 0.02137
1 0 2 35000 0.02137
1 0 2 34994 0.06187
1 0 2 34912 0.04053
1 0 2 34912 0.04255
1 0 2 34903 0.0422
1 0 2 34825 0.06203
1 0 2 34825 0.04421
1 0 2 34657 0.04149
1 0 2 34650 0.0629
1 0 2 34567 0.04184
1 0 2 34457 0.06165
1 0 2 34212 0.04043
1 0 2 34112 0.04159
1 0 2 34037 0.06145
1 0 2 34037 0.04254
1 0 2 33687 0.06026
1 0 2 33687 0.06016
1 0 2 33687 0.04208
1 0 2 33488 0.03996
1 0 2 33455 0.04021
1 0 2 33356 0.03996
1 0 2 25848 0.03016
1 0 2 25848 0.03017
1 0 2 25848 0.03034
1 0 2 25846 0.04753
1 0 2 25845 0.02879
1 0 2 25845 0.03004
1 0 2 25845 0.02939
1 0 2 25844 0.04729
1 0 2 25843 0.047
1 0 2 25843 0.02971
1 0 2 25843 0.03021
1 0 2 25842 0.03053
1 0 2 25840 0.0293
1 0 2 25840 0.02944
1 0 2 25838 0.03103
1 0 2 25836 0.02764
1 0 2 25836 0.02747
1 0 2 25835 0.02924
1 0 2 25835 0.03098
1 0 2 25834 0.04669
1 0 2 25834 0.02993
1 0 2 25833 0.02979
1 0 2 25832 0.02783
1 0 2 25829 0.02887
1 0 2 25826 0.02948
1 0 2 25825 0.02843
1 0 2 25823 0.03119
1 0 2 25821 0.04686
1 0 2 25820 0.02909
1 0 2 25820 0.02924
1 0 2 25820 0.02883
1 0 2 25818 0.02717
1 0 2 25817 0.02977
1 0 2 25816 0.02815
1 0 2 25816 0.02734
1 0 2 25815 0.02917
1 0 2 25814 0.02907
1 0 2 25814 0.0293
1 0 2 25808 0.02973
1 0 2 25807 0.04649
1 0 2 25807 0.02908
1 0 2 25806 0.02826
1 0 2 25803 0.02861
1 0 2 25791 0.02892
1 0 2 25791 0.02874
1 0 2 25790 0.02814
1 0 2 25789 0.02759
1 0 2 25771 0.02888
1 0 2 25769 0.02859
1 0 2 25752 0.03047
1 0 2 25752 0.03049
1 0 2 25736 0.04689
1 0 2 25716 0.02892
1 0 2 25688 0.02898
1 0 2 25632 0.02841
1 0 2 25608 0.02945
1 0 2 25543 0.02834
1 0 2 25447 0.04505
1 0 2 25280 0.02933
1 0 2 25280 0.0296
1 0 2 25267 0.02717
1 0 2 25242 0.04521
1 0 2 25165 0.02974
1 0 2 25125 0.02865
1 0 2 25108 0.02789
1 0 2 25051 0.02873
1 0 2 25004 0.02808
1 0 2 25004 0.02807
1 0 2 25000 0.01031
1 0 2 25000 0.01025
1 0 2 25000 0.01001
1 0 2 25000 0.01019
1 0 2 25000 0.01008
1 0 2 25000 0.01009
1 0 2 25000 0.01007
1 0 2 25000 0.00993
1 0 2 25000 0.01019
1 0 2 25000 0.01015
1 0 2 25000 0.009937
1 0 2 25000 0.009991
1 0 2 25000 0.01005
1 0 2 25000 0.0101
1 0 2 25000 0.0101
1 0 2 25000 0.01009
1 0 2 25000 0.009977
1 0 2 24923 0.04534
1 0 2 24915 0.04489
1 0 2 24846 0.02811
1 0 2 24735 0.04497
1 0 2 24703 0.02799
1 0 2 24700 0.04521
1 0 2 24579 0.04528
1 0 2 24513 0.02779
1 0 2 24505 0.02803
1 0 2 24422 0.02699
1 0 2 24366 0.02678
1 0 2 24303 0.04367
1 0 2 24225 0.02732
1 0 2 24190 0.02811
1 0 2 24133 0.04428
1 0 2 15305 0.02928
1 0 2 15305 0.01919
1 0 2 15305 0.01897
1 0 2 15305 0.01892
1 0 2 15304 0.01776
1 0 2 15304 0.01777
1 0 2 15304 0.01849
1 0 2 15303 0.0175
1 0 2 15303 0.01898
1 0 2 15303 0.01914
1 0 2 15302 0.01871
1 0 2 15302 0.01802
1 0 2 15302 0.01853
1 0 2 15301 0.01846
1 0 2 15301 0.0187
1 0 2 15300 0.01785
1 0 2 15300 0.01777
1 0 2 15300 0.01753
1 0 2 15300 0.01838
1 0 2 15299 0.01797
1 0 2 15299 0.01794
1 0 2 15299 0.02914
1 0 2 15298 0.01809
1 0 2 15298 0.01785
1 0 2 15298 0.01766
1 0 2 15298 0.0187
1 0 2 15298 0.01896
1 0 2 15296 0.01728
1 0 2 15296 0.01726
1 0 2 15295 0.01891
1 0 2 15294 0.01911
1 0 2 15293 0.01719
1 0 2 15290 0.01806
1 0 2 15289 0.0184
1 0 2 15289 0.01751
1 0 2 15288 0.01834
1 0 2 15287 0.01787
1 0 2 15286 0.01733
1 0 2 15285 0.01723
1 0 2 15283 0.0175
1 0 2 15283 0.01879
1 0 2 15282 0.01856
1 0 2 15281 0.01826
1 0 2 15276 0.02922
1 0 2 15275 0.01825
1 0 2 15268 0.02921
1 0 2 15268 0.01783
1 0 2 15265 0.01736
1 0 2 15264 0.01832
1 0 2 15262 0.01867
1 0 2 15260 0.01728
1 0 2 15247 0.01775
1 0 2 15234 0.01845
1 0 2 15228 0.01757
1 0 2 15224 0.01872
1 0 2 15219 0.01827
1 0 2 15219 0.01831
1 0 2 15171 0.01855
1 0 2 15167 0.01837
1 0 2 15160 0.01845
1 0 2 15083 0.01763
1 0 2 15074 0.01896
1 0 2 15072 0.02912
1 0 2 15045 0.01798
1 0 2 15043 0.02908
1 0 2 15026 0.02938
1 0 2 15000 0.0289
1 0 2 15000 0.006872
1 0 2 15000 0.006816
1 0 2 15000 0.006615
1 0 2 15000 0.006804
1 0 2 15000 0.006788
1 0 2 15000 0.006753
1 0 2 15000 0.006677
1 0 2 15000 0.006687
1 0 2 15000 0.006908
1 0 2 15000 0.006694
1 0 2 15000 0.0068
1 0 2 15000 0.006809
1 0 2 15000 0.006671
1 0 2 15000 0.006762
1 0 2 15000 0.0068
1 0 2 15000 0.006764
1 0 2 15000 0.006787
1 0 2 15000 0.01843
1 0 2 14993 0.02867
1 0 2 14980 0.02886
1 0 2 14923 0.02829
1 0 2 14917 0.01807
1 0 2 14914 0.01879
1 0 2 14908 0.01858
1 0 2 14907 0.01812
1 0 2 14899 0.01875
1 0 2 14898 0.02842
1 0 2 14815 0.01846
1 0 2 14813 0.01829
1 0 2 14787 0.01848
1 0 2 14764 0.02847
1 0 2 14739 0.02793
1 0 2 14736 0.0187
1 0 2 10135 0.01256
1 0 2 10135 0.01272
1 0 2 10134 0.01317
1 0 2 10134 0.01308
1 0 2 10134 0.01335
1 0 2 10134 0.01252
1 0 2 10134 0.01209
1 0 2 10134 0.01245
1 0 2 10134 0.01328
1 0 2 10134 0.01315
1 0 2 10134 0.01325
1 0 2 10133 0.01281
1 0 2 10133 0.01299
1 0 2 10133 0.01227
1 0 2 10133 0.01284
1 0 2 10132 0.01305
1 0 2 10132 0.01308
1 0 2 10132 0.013
1 0 2 10131 0.01245
1 0 2 10131 0.0125
1 0 2 10131 0.01262
1 0 2 10131 0.01321
1 0 2 10130 0.01243
1 0 2 10130 0.01226
1 0 2 10130 0.01221
1 0 2 10129 0.01947
1 0 2 10129 0.01266
1 0 2 10129 0.0127
1 0 2 10128 0.01285
1 0 2 10128 0.01282
1 0 2 10128 0.01277
1 0 2 10128 0.013
1 0 2 10127 0.01228
1 0 2 10127 0.01249
1 0 2 10126 0.01299
1 0 2 10126 0.02005
1 0 2 10125 0.01248
1 0 2 10124 0.01319
1 0 2 10122 0.01274
1 0 2 10122 0.0133
1 0 2 10122 0.01295
1 0 2 10121 0.0133
1 0 2 10120 0.01972
1 0 2 10118 0.01309
1 0 2 10118 0.01983
1 0 2 10116 0.01317
1 0 2 10114 0.01234
1 0 2 10112 0.01966
1 0 2 10110 0.01358
1 0 2 10103 0.01978
1 0 2 10098 0.01306
1 0 2 10087 0.01286
1 0 2 10085 0.01986
1 0 2 10085 0.01987
1 0 2 10077 0.01952
1 0 2 10056 0.01275
1 0 2 10053 0.01284
1 0 2 10049 0.01281
1 0 2 10047 0.01954
1 0 2 10046 0.01322
1 0 2 10042 0.0128
1 0 2 10035 0.01939
1 0 2 10032 0.0194
1 0 2 10026 0.02001
1 0 2 10026 0.01328
1 0 2 10019 0.01945
1 0 2 10016 0.01959
1 0 2 10001 0.01983
1 0 2 10001 0.0132
1 0 2 10000 0.005375
1 0 2 10000 0.005291
1 0 2 10000 0.005253
1 0 2 10000 0.005297
1 0 2 10000 0.005165
1 0 2 10000 0.005242
1 0 2 10000 0.005212
1 0 2 10000 0.005265
1 0 2 10000 0.005266
1 0 2 10000 0.005314
1 0 2 10000 0.005182
1 0 2 10000 0.005217
1 0 2 10000 0.005291
1 0 2 10000 0.005293
1 0 2 10000 0.005257
1 0 2 10000 0.005284
1 0 2 9995 0.01279
1 0 2 9995 0.01294
1 0 2 9982 0.01253
1 0 2 9961 0.01911
1 0 2 9946 0.01292
1 0 2 9943 0.01257
1 0 2 9942 0.01958
1 0 2 9935 0.01279
1 0 2 9914 0.01346
1 0 2 9898 0.01924
1 0 2 9891 0.01316
1 0 2 9884 0.01275
1 0 2 9876 0.01291
1 0 2 9864 0.01221
1 0 2 9859 0.01295
1 0 3 128390 0.1915
1 0 3 128390 0.1848
1 0 3 128153 0.1957
1 0 3 128153 0.1958
1 0 3 128024 0.1824
1 0 3 127810 0.1891
1 0 3 127774 0.1818
1 0 3 127686 0.1835
1 0 3 127592 0.1867
1 0 3 127355 0.1861
1 0 3 127244 0.1785
1 0 3 127211 0.1764
1 0 3 127189 0.1797
1 0 3 127168 0.1779
1 0 3 127162 0.1896
1 0 3 126943 0.1675
1 0 3 126802 0.1825
1 0 3 126788 0.1853
1 0 3 126732 0.1822
1 0 3 126649 0.184
1 0 3 126610 0.1821
1 0 3 126434 0.1746
1 0 3 126420 0.1772
1 0 3 126184 0.1836
1 0 3 126114 0.1799
1 0 3 125033 0.1843
1 0 3 125033 0.1853
1 0 3 124925 0.1815
1 0 3 124608 0.1793
1 0 3 123873 0.1715
1 0 3 122826 0.1191
1 0 3 122202 0.1231
1 0 3 121688 0.123
1 0 3 120452 0.1241
1 0 3 120302 0.1541
1 0 3 119316 0.1208
1 0 3 119316 0.119
1 0 3 118684 0.1253
1 0 3 118331 0.1187
1 0 3 117540 0.1223
1 0 3 117250 0.1203
1 0 3 116983 0.1223
1 0 3 116937 0.1209
1 0 3 116690 0.1192
1 0 3 116171 0.1233
1 0 3 115564 0.1184
1 0 3 115250 0.1148
1 0 3 112612 0.1181
1 0 3 111720 0.1433
1 0 3 111421 0.146
1 0 3 110479 0.1159
1 0 3 109634 0.1131
1 0 3 108369 0.1122
1 0 3 108309 0.1147
1 0 3 107916 0.1113
1 0 3 107916 0.1083
1 0 3 107195 0.1398
1 0 3 106012 0.1136
1 0 3 106012 0.1133
1 0 3 105526 0.1405
1 0 3 105282 0.1073
1 0 3 105217 0.1092
1 0 3 105063 0.1097
1 0 3 104944 0.1072
1 0 3 104939 0.107
1 0 3 104857 0.1083
1 0 3 104732 0.1098
1 0 3 104643 0.1376
1 0 3 104627 0.1096
1 0 3 104573 0.1098
1 0 3 104523 0.1071
1 0 3 104490 0.1083
1 0 3 104488 0.1076
1 0 3 104387 0.1084
1 0 3 104353 0.1383
1 0 3 104343 0.1083
1 0 3 104339 0.1073
1 0 3 104295 0.1086
1 0 3 104159 0.101
1 0 3 104159 0.1006
1 0 3 104056 0.1061
1 0 3 103989 0.1105
1 0 3 103937 0.1057
1 0 3 103720 0.1371
1 0 3 103693 0.1075
1 0 3 103635 0.1079
1 0 3 103446 0.1093
1 0 3 103395 0.1088
1 0 3 103112 0.1044
1 0 3 103086 0.1088
1 0 3 102864 0.1085
1 0 3 102812 0.1081
1 0 3 102618 0.11
1 0 3 102618 0.1098
1 0 3 102146 0.1107
1 0 3 102074 0.1355
1 0 3 102073 0.1377
1 0 3 101403 0.1035
1 0 3 101382 0.1061
1 0 3 101380 0.1068
1 0 3 101337 0.1083
1 0 3 101286 0.1068
1 0 3 101205 0.1355
1 0 3 101179 0.1073
1 0 3 100679 0.1054
1 0 3 100505 0.1053
1 0 3 100005 0.1348
1 0 3 100000 0.07587
1 0 3 100000 0.07606
1 0 3 100000 0.0752
1 0 3 100000 0.07567
1 0 3 100000 0.07585
1 0 3 100000 0.07573
1 0 3 100000 0.07607
1 0 3 100000 0.07533
1 0 3 100000 0.07599
1 0 3 100000 0.07545
1 0 3 100000 0.0757
1 0 3 100000 0.07577
1 0 3 100000 0.07539
1 0 3 100000 0.07555
1 0 3 100000 0.07541
1 0 3 100000 0.0761
1 0 3 100000 0.07523
1 0 3 99931 0.1345
1 0 3 99822 0.1047
1 0 3 99533 0.09991
1 0 3 99518 0.1056
1 0 3 99403 0.1329
1 0 3 99389 0.1304
1 0 3 98912 0.1039
1 0 3 98837 0.1321
1 0 3 98299 0.1294
1 0 3 98132 0.1048
1 0 3 97914 0.1298
1 0 3 97712 0.1031
1 0 3 97677 0.1032
1 0 3 97390 0.1039
1 0 3 97206 0.1011
1 0 3 97092 0.1306
1 0 3 96679 0.1046
1 0 3 96551 0.1026
1 0 3 96533 0.129
1 0 3 96408 0.1042
1 0 3 96388 0.1302
1 0 3 96032 0.1003
1 0 3 95238 0.09935
1 0 3 94931 0.1043
1 0 3 94767 0.09854
1 0 3 94422 0.1289
1 0 3 93764 0.1285
1 0 3 93283 0.1013
1 0 3 93225 0.09945
1 0 3 93039 0.09904
1 0 3 92502 0.09867
1 0 3 92106 0.1
1 0 3 91624 0.09937
1 0 3 91338 0.09859
1 0 3 91019 0.126
1 0 3 90806 0.0989
1 0 3 90782 0.09869
1 0 3 90771 0.09691
1 0 3 90697 0.09532
1 0 3 90666 0.09721
1 0 3 90632 0.09271
1 0 3 90581 0.09721
1 0 3 90536 0.09791
1 0 3 90492 0.09827
1 0 3 90417 0.09723
1 0 3 90403 0.09756
1 0 3 90282 0.09688
1 0 3 90281 0.09155
1 0 3 90223 0.09592
1 0 3 90220 0.09863
1 0 3 90185 0.09809
1 0 3 90125 0.0979
1 0 3 90063 0.09637
1 0 3 90006 0.09844
1 0 3 90000 0.09432
1 0 3 89941 0.09878
1 0 3 89795 0.09545
1 0 3 89724 0.09898
1 0 3 89702 0.1194
1 0 3 89520 0.1199
1 0 3 89423 0.1167
1 0 3 89420 0.1214
1 0 3 89244 0.1022
1 0 3 89200 0.09568
1 0 3 88995 0.09548
1 0 3 88758 0.09767
1 0 3 88606 0.1236
1 0 3 88512 0.09425
1 0 3 88492 0.123
1 0 3 88116 0.09578
1 0 3 87988 0.09276
1 0 3 87780 0.09494
1 0 3 87696 0.1218
1 0 3 87597 0.1206
1 0 3 87587 0.1215
1 0 3 87383 0.09288
1 0 3 87180 0.09544
1 0 3 86873 0.09198
1 0 3 86739 0.09538
1 0 3 86727 0.09536
1 0 3 86383 0.09288
1 0 3 86213 0.09485
1 0 3 86076 0.09554
1 0 3 85901 0.09244
1 0 3 85582 0.09456
1 0 3 85572 0.1191
1 0 3 85561 0.09548
1 0 3 85469 0.09579
1 0 3 85420 0.09405
1 0 3 85204 0.09313
1 0 3 85133 0.09078
1 0 3 85056 0.0906
1 0 3 85000 0.06604
1 0 3 85000 0.06566
1 0 3 85000 0.07918
1 0 3 85000 0.06813
1 0 3 85000 0.06567
1 0 3 85000 0.06572
1 0 3 85000 0.06584
1 0 3 85000 0.06616
1 0 3 85000 0.06611
1 0 3 85000 0.06621
1 0 3 85000 0.06679
1 0 3 85000 0.06552
1 0 3 85000 0.06622
1 0 3 85000 0.06617
1 0 3 85000 0.06609
1 0 3 85000 0.0653
1 0 3 85000 0.06546
1 0 3 84979 0.1176
1 0 3 84912 0.1206
1 0 3 84621 0.1187
1 0 3 83916 0.1167
1 0 3 83793 0.09432
1 0 3 83564 0.09332
1 0 3 83328 0.09172
1 0 3 83235 0.1186
1 0 3 83048 0.09324
1 0 3 82716 0.09314
1 0 3 82247 0.09251
1 0 3 81890 0.0883
1 0 3 81678 0.08949
1 0 3 81613 0.1134
1 0 3 81552 0.113
1 0 3 81186 0.09051
1 0 3 81115 0.08956
1 0 3 81009 0.09159
1 0 3 81000 0.09092
1 0 3 80658 0.1148
1 0 3 80409 0.1141
1 0 3 80011 0.08843
1 0 3 79653 0.1151
1 0 3 79282 0.09066
1 0 3 79234 0.1136
1 0 3 79152 0.1155
1 0 3 79087 0.08838
1 0 3 78794 0.08743
1 0 3 78227 0.0872
1 0 3 78036 0.08742
1 0 3 77870 0.1152
1 0 3 77441 0.08587
1 0 3 77298 0.08652
1 0 3 77006 0.08458
1 0 3 76713 0.1116
1 0 3 76659 0.1127
1 0 3 76531 0.1123
1 0 3 75000 0.05577
1 0 3 75000 0.05597
1 0 3 75000 0.05609
1 0 3 75000 0.05528
1 0 3 75000 0.05539
1 0 3 75000 0.05557
1 0 3 75000 0.05552
1 0 3 75000 0.05527
1 0 3 75000 0.05532
1 0 3 75000 0.05617
1 0 3 75000 0.05559
1 0 3 75000 0.05503
1 0 3 75000 0.05556
1 0 3 75000 0.05562
1 0 3 75000 0.05508
1 0 3 75000 0.05595
1 0 3 74931 0.08272
1 0 3 74752 0.0849
1 0 3 74024 0.08342
1 0 3 74024 0.08592
1 0 3 73881 0.1097
1 0 3 72663 0.1098
1 0 3 72265 0.08277
1 0 3 72210 0.08079
1 0 3 71465 0.1075
1 0 3 71465 0.109
1 0 3 70830 0.1075
1 0 3 69371 0.08048
1 0 3 68752 0.1036
1 0 3 67473 0.07879
1 0 3 57002 0.09491
1 0 3 56955 0.06976
1 0 3 56902 0.07031
1 0 3 56889 0.06849
1 0 3 56841 0.06718
1 0 3 56837 0.06871
1 0 3 56827 0.06918
1 0 3 56791 0.0699
1 0 3 56786 0.06609
1 0 3 56775 0.06734
1 0 3 56760 0.06827
1 0 3 56745 0.06644
1 0 3 56715 0.06667
1 0 3 56694 0.06784
1 0 3 56687 0.07048
1 0 3 56679 0.06543
1 0 3 56676 0.06719
1 0 3 56662 0.06805
1 0 3 56641 0.06824
1 0 3 56635 0.06742
1 0 3 56623 0.06773
1 0 3 56605 0.06549
1 0 3 56598 0.06668
1 0 3 56570 0.06822
1 0 3 56564 0.0676
1 0 3 56559 0.06528
1 0 3 56445 0.06682
1 0 3 56414 0.06588
1 0 3 56336 0.06797
1 0 3 56336 0.0675
1 0 3 56235 0.06971
1 0 3 56184 0.06764
1 0 3 55960 0.06828
1 0 3 55949 0.06931
1 0 3 55462 0.09231
1 0 3 55462 0.09258
1 0 3 55376 0.06704
1 0 3 55199 0.06089
1 0 3 55056 0.06451
1 0 3 54769 0.06408
1 0 3 54698 0.06614
1 0 3 54613 0.06663
1 0 3 54608 0.06654
1 0 3 54586 0.06938
1 0 3 54521 0.06861
1 0 3 54409 0.06892
1 0 3 54328 0.06848
1 0 3 54253 0.06407
1 0 3 54207 0.06506
1 0 3 54154 0.06577
1 0 3 54025 0.09159
1 0 3 53705 0.07001
1 0 3 53598 0.09115
1 0 3 53454 0.09064
1 0 3 53371 0.06558
1 0 3 53369 0.06569
1 0 3 53127 0.06644
1 0 3 52934 0.06348
1 0 3 52668 0.06445
1 0 3 52511 0.06298
1 0 3 52444 0.06203
1 0 3 52393 0.06371
1 0 3 52293 0.06413
1 0 3 51856 0.06477
1 0 3 51671 0.06298
1 0 3 51574 0.06393
1 0 3 51313 0.08724
1 0 3 50926 0.06366
1 0 3 50854 0.08648
1 0 3 50604 0.06027
1 0 3 50573 0.06455
1 0 3 50000 0.03263
1 0 3 50000 0.03246
1 0 3 50000 0.0327
1 0 3 50000 0.03231
1 0 3 50000 0.03294
1 0 3 50000 0.0322
1 0 3 50000 0.0324
1 0 3 50000 0.03249
1 0 3 50000 0.03311
1 0 3 50000 0.03265
1 0 3 50000 0.03757
1 0 3 50000 0.04187
1 0 3 50000 0.03241
1 0 3 50000 0.03269
1 0 3 50000 0.03265
1 0 3 50000 0.04168
1 0 3 50000 0.03764
1 0 3 49995 0.06314
1 0 3 49918 0.08494
1 0 3 49900 0.08582
1 0 3 49735 0.08665
1 0 3 49618 0.08577
1 0 3 48616 0.06186
1 0 3 48106 0.08247
1 0 3 48048 0.08334
1 0 3 47513 0.08061
1 0 3 47085 0.05814
1 0 3 46341 0.06146
1 0 3 45245 0.05675
1 0 3 38407 0.04863
1 0 3 38391 0.04845
1 0 3 38386 0.04891
1 0 3 38385 0.04838
1 0 3 38348 0.04825
1 0 3 38347 0.05198
1 0 3 38331 0.049
1 0 3 38329 0.04873
1 0 3 38307 0.04797
1 0 3 38303 0.04853
1 0 3 38297 0.04821
1 0 3 38296 0.04763
1 0 3 38286 0.06843
1 0 3 38286 0.04982
1 0 3 38278 0.04804
1 0 3 38276 0.04707
1 0 3 38267 0.04616
1 0 3 38265 0.04548
1 0 3 38262 0.0485
1 0 3 38261 0.0474
1 0 3 38247 0.04784
1 0 3 38245 0.04956
1 0 3 38238 0.04927
1 0 3 38233 0.04893
1 0 3 38228 0.05041
1 0 3 38218 0.04636
1 0 3 38214 0.04746
1 0 3 38199 0.04772
1 0 3 38191 0.04704
1 0 3 38171 0.05003
1 0 3 38139 0.04889
1 0 3 38072 0.04738
1 0 3 38027 0.04909
1 0 3 38008 0.04823
1 0 3 37953 0.04856
1 0 3 37799 0.04816
1 0 3 37766 0.06865
1 0 3 37691 0.04872
1 0 3 37562 0.0491
1 0 3 37449 0.06867
1 0 3 37408 0.06733
1 0 3 37154 0.05173
1 0 3 36993 0.04917
1 0 3 36961 0.04937
1 0 3 36948 0.04775
1 0 3 36948 0.04721
1 0 3 36659 0.04673
1 0 3 36571 0.04772
1 0 3 36473 0.04648
1 0 3 36459 0.06729
1 0 3 36416 0.05053
1 0 3 36305 0.04893
1 0 3 36209 0.06555
1 0 3 36207 0.04716
1 0 3 36173 0.04858
1 0 3 35937 0.04911
1 0 3 35861 0.04802
1 0 3 35821 0.04622
1 0 3 35777 0.06673
1 0 3 35777 0.06775
1 0 3 35546 0.06561
1 0 3 35546 0.06629
1 0 3 35430 0.06585
1 0 3 35347 0.0451
1 0 3 35341 0.04791
1 0 3 35195 0.04625
1 0 3 35145 0.04628
1 0 3 35036 0.06794
1 0 3 35000 0.03025
1 0 3 35000 0.03004
1 0 3 35000 0.03007
1 0 3 35000 0.03017
1 0 3 35000 0.03016
1 0 3 35000 0.02983
1 0 3 35000 0.03008
1 0 3 35000 0.03005
1 0 3 35000 0.02623
1 0 3 35000 0.02137
1 0 3 35000 0.02578
1 0 3 35000 0.02914
1 0 3 35000 0.02987
1 0 3 35000 0.02808
1 0 3 35000 0.02277
1 0 3 35000 0.02289
1 0 3 35000 0.02463
1 0 3 34997 0.04573
1 0 3 34839 0.04569
1 0 3 34826 0.06511
1 0 3 34748 0.06207
1 0 3 34691 0.04594
1 0 3 34475 0.06288
1 0 3 34396 0.06254
1 0 3 34241 0.04475
1 0 3 33954 0.04408
1 0 3 33954 0.0436
1 0 3 33522 0.06151
1 0 3 33382 0.04259
1 0 3 32600 0.03863
1 0 3 32393 0.0587
1 0 3 32251 0.04202
1 0 3 26712 0.0313
1 0 3 26710 0.03267
1 0 3 26708 0.03298
1 0 3 26706 0.05116
1 0 3 26706 0.03226
1 0 3 26704 0.03292
1 0 3 26698 0.03247
1 0 3 26694 0.03193
1 0 3 26690 0.03138
1 0 3 26690 0.03188
1 0 3 26687 0.03133
1 0 3 26686 0.03072
1 0 3 26683 0.03303
1 0 3 26678 0.02979
1 0 3 26676 0.03126
1 0 3 26676 0.05018
1 0 3 26670 0.03057
1 0 3 26666 0.032
1 0 3 26664 0.0305
1 0 3 26661 0.03171
1 0 3 26658 0.03085
1 0 3 26657 0.03148
1 0 3 26639 0.03295
1 0 3 26637 0.03132
1 0 3 26637 0.0306
1 0 3 26634 0.03128
1 0 3 26631 0.03095
1 0 3 26624 0.0304
1 0 3 26609 0.02959
1 0 3 26606 0.0312
1 0 3 26587 0.03136
1 0 3 26579 0.05052
1 0 3 26573 0.0298
1 0 3 26566 0.02913
1 0 3 26556 0.02954
1 0 3 26541 0.03007
1 0 3 26519 0.02988
1 0 3 26496 0.03103
1 0 3 26482 0.05103
1 0 3 26381 0.02956
1 0 3 26306 0.04814
1 0 3 26183 0.03042
1 0 3 26183 0.02911
1 0 3 26095 0.03301
1 0 3 26095 0.03312
1 0 3 26064 0.04938
1 0 3 25990 0.04818
1 0 3 25954 0.0315
1 0 3 25938 0.03022
1 0 3 25851 0.02899
1 0 3 25842 0.03089
1 0 3 25720 0.04739
1 0 3 25659 0.03167
1 0 3 25606 0.02925
1 0 3 25551 0.04737
1 0 3 25551 0.04681
1 0 3 25479 0.02945
1 0 3 25383 0.04749
1 0 3 25382 0.028
1 0 3 25348 0.02891
1 0 3 25348 0.02927
1 0 3 25331 0.0472
1 0 3 25272 0.03017
1 0 3 25177 0.03073
1 0 3 25159 0.02904
1 0 3 25150 0.04741
1 0 3 25129 0.03077
1 0 3 25122 0.03188
1 0 3 25096 0.03107
1 0 3 25000 0.01298
1 0 3 25000 0.01264
1 0 3 25000 0.01264
1 0 3 25000 0.01243
1 0 3 25000 0.0124
1 0 3 25000 0.01232
1 0 3 25000 0.01249
1 0 3 25000 0.01228
1 0 3 25000 0.01226
1 0 3 25000 0.01014
1 0 3 25000 0.01247
1 0 3 25000 0.01003
1 0 3 25000 0.01239
1 0 3 25000 0.01014
1 0 3 25000 0.01243
1 0 3 25000 0.01104
1 0 3 25000 0.01279
1 0 3 24999 0.02818
1 0 3 24914 0.02821
1 0 3 24911 0.04753
1 0 3 24820 0.0472
1 0 3 24794 0.02767
1 0 3 24572 0.03174
1 0 3 24428 0.04642
1 0 3 24351 0.02941
1 0 3 24334 0.04658
1 0 3 24288 0.02919
1 0 3 24042 0.02826
1 0 3 23842 0.04534
1 0 3 23726 0.02744
1 0 3 23543 0.02943
1 0 3 15614 0.02084
1 0 3 15611 0.02061
1 0 3 15610 0.01987
1 0 3 15608 0.01971
1 0 3 15608 0.02045
1 0 3 15607 0.01962
1 0 3 15606 0.02011
1 0 3 15606 0.02009
1 0 3 15605 0.01999
1 0 3 15605 0.0202
1 0 3 15605 0.0188
1 0 3 15604 0.02028
1 0 3 15603 0.01925
1 0 3 15601 0.02005
1 0 3 15601 0.02009
1 0 3 15599 0.01967
1 0 3 15597 0.01998
1 0 3 15595 0.02049
1 0 3 15594 0.0192
1 0 3 15594 0.01947
1 0 3 15593 0.01961
1 0 3 15592 0.02019
1 0 3 15592 0.01891
1 0 3 15590 0.01943
1 0 3 15588 0.01972
1 0 3 15584 0.02022
1 0 3 15582 0.01886
1 0 3 15581 0.0191
1 0 3 15580 0.01947
1 0 3 15577 0.03189
1 0 3 15574 0.01855
1 0 3 15573 0.02001
1 0 3 15567 0.01875
1 0 3 15565 0.01907
1 0 3 15554 0.01971
1 0 3 15533 0.02061
1 0 3 15527 0.02056
1 0 3 15523 0.01948
1 0 3 15522 0.02067
1 0 3 15487 0.01938
1 0 3 15478 0.03144
1 0 3 15437 0.01982
1 0 3 15403 0.02021
1 0 3 15387 0.01971
1 0 3 15384 0.01997
1 0 3 15364 0.02078
1 0 3 15353 0.01978
1 0 3 15352 0.01935
1 0 3 15340 0.0303
1 0 3 15340 0.03079
1 0 3 15322 0.01981
1 0 3 15316 0.0186
1 0 3 15302 0.01987
1 0 3 15301 0.01919
1 0 3 15286 0.01775
1 0 3 15267 0.02959
1 0 3 15267 0.02015
1 0 3 15234 0.03023
1 0 3 15227 0.02976
1 0 3 15226 0.01867
1 0 3 15195 0.01947
1 0 3 15187 0.01954
1 0 3 15177 0.02
1 0 3 15166 0.02986
1 0 3 15162 0.02003
1 0 3 15132 0.01828
1 0 3 15104 0.02009
1 0 3 15099 0.02018
1 0 3 15064 0.02996
1 0 3 15053 0.03001
1 0 3 15047 0.02975
1 0 3 15013 0.01881
1 0 3 15005 0.03028
1 0 3 15000 0.007852
1 0 3 15000 0.007673
1 0 3 15000 0.00826
1 0 3 15000 0.006728
1 0 3 15000 0.006752
1 0 3 15000 0.007314
1 0 3 15000 0.006742
1 0 3 15000 0.006854
1 0 3 15000 0.008184
1 0 3 15000 0.007765
1 0 3 15000 0.007231
1 0 3 15000 0.006669
1 0 3 15000 0.00723
1 0 3 15000 0.007041
1 0 3 15000 0.007366
1 0 3 15000 0.00793
1 0 3 15000 0.008243
1 0 3 14986 0.01873
1 0 3 14892 0.02992
1 0 3 14868 0.02947
1 0 3 14848 0.02852
1 0 3 14800 0.0184
1 0 3 14789 0.01922
1 0 3 14692 0.01892
1 0 3 14669 0.01793
1 0 3 14607 0.01889
1 0 3 14527 0.02878
1 0 3 10272 0.01411
1 0 3 10268 0.01393
1 0 3 10268 0.01401
1 0 3 10267 0.0219
1 0 3 10267 0.01349
1 0 3 10266 0.01345
1 0 3 10265 0.01344
1 0 3 10265 0.01358
1 0 3 10265 0.01285
1 0 3 10264 0.01298
1 0 3 10264 0.01374
1 0 3 10263 0.01295
1 0 3 10263 0.01295
1 0 3 10263 0.01253
1 0 3 10262 0.01443
1 0 3 10262 0.01443
1 0 3 10261 0.0148
1 0 3 10260 0.01323
1 0 3 10260 0.01356
1 0 3 10258 0.01327
1 0 3 10258 0.01418
1 0 3 10258 0.01433
1 0 3 10257 0.01229
1 0 3 10256 0.01301
1 0 3 10256 0.0131
1 0 3 10253 0.01346
1 0 3 10252 0.01396
1 0 3 10252 0.01369
1 0 3 10251 0.01357
1 0 3 10247 0.01418
1 0 3 10246 0.01419
1 0 3 10243 0.0139
1 0 3 10232 0.01396
1 0 3 10231 0.01278
1 0 3 10223 0.0128
1 0 3 10223 0.0129
1 0 3 10221 0.0129
1 0 3 10218 0.01483
1 0 3 10199 0.01448
1 0 3 10184 0.01401
1 0 3 10184 0.01393
1 0 3 10179 0.01388
1 0 3 10165 0.02093
1 0 3 10159 0.0135
1 0 3 10158 0.01406
1 0 3 10152 0.02142
1 0 3 10151 0.0132
1 0 3 10142 0.02028
1 0 3 10136 0.01323
1 0 3 10136 0.01318
1 0 3 10135 0.0127
1 0 3 10134 0.01996
1 0 3 10131 0.01276
1 0 3 10129 0.0134
1 0 3 10128 0.01308
1 0 3 10119 0.01389
1 0 3 10104 0.014
1 0 3 10104 0.0133
1 0 3 10090 0.01405
1 0 3 10074 0.01332
1 0 3 10065 0.013
1 0 3 10050 0.01296
1 0 3 10049 0.01366
1 0 3 10048 0.01436
1 0 3 10047 0.02031
1 0 3 10024 0.02008
1 0 3 10012 0.01406
1 0 3 10004 0.0207
1 0 3 10001 0.02044
1 0 3 10000 0.02062
1 0 3 10000 0.005412
1 0 3 10000 0.00521
1 0 3 10000 0.005305
1 0 3 10000 0.005262
1 0 3 10000 0.005199
1 0 3 10000 0.005221
1 0 3 10000 0.005402
1 0 3 10000 0.005237
1 0 3 10000 0.005236
1 0 3 10000 0.00645
1 0 3 10000 0.005276
1 0 3 10000 0.005658
1 0 3 10000 0.006264
1 0 3 10000 0.00532
1 0 3 10000 0.005959
1 0 3 10000 0.005226
1 0 3 10000 0.01303
1 0 3 9997 0.01267
1 0 3 9995 0.01387
1 0 3 9992 0.01351
1 0 3 9984 0.01394
1 0 3 9983 0.0193
1 0 3 9972 0.01919
1 0 3 9944 0.01936
1 0 3 9926 0.01962
1 0 3 9913 0.01327
1 0 3 9904 0.0201
1 0 3 9881 0.01388
1 0 3 9878 0.01934
1 0 3 9791 0.01279
1 0 4 145066 0.221
1 0 4 145066 0.1896
1 0 4 144750 0.1977
1 0 4 144683 0.1869
1 0 4 144667 0.1885
1 0 4 144400 0.2006
1 0 4 144395 0.1912
1 0 4 144239 0.1879
1 0 4 144228 0.1948
1 0 4 143974 0.1931
1 0 4 143832 0.1853
1 0 4 143565 0.1888
1 0 4 143467 0.1877
1 0 4 143283 0.1931
1 0 4 143205 0.1931
1 0 4 143037 0.1902
1 0 4 142942 0.1873
1 0 4 142937 0.1972
1 0 4 142831 0.1898
1 0 4 142729 0.1841
1 0 4 142681 0.1878
1 0 4 142401 0.1948
1 0 4 142327 0.1824
1 0 4 141852 0.1859
1 0 4 141852 0.1859
1 0 4 140832 0.1886
1 0 4 139780 0.1863
1 0 4 139760 0.1832
1 0 4 138696 0.1865
1 0 4 137935 0.1873
1 0 4 137935 0.1868
1 0 4 135096 0.2731
1 0 4 134804 0.1882
1 0 4 133550 0.187
1 0 4 132589 0.1838
1 0 4 130656 0.1776
1 0 4 130656 0.1776
1 0 4 129302 0.189
1 0 4 128193 0.1921
1 0 4 127748 0.1902
1 0 4 125091 0.1844
1 0 4 125091 0.1841
1 0 4 123602 0.1878
1 0 4 123439 0.1798
1 0 4 122083 0.1255
1 0 4 121055 0.1672
1 0 4 119530 0.1529
1 0 4 117886 0.1479
1 0 4 117466 0.1278
1 0 4 116878 0.1161
1 0 4 116621 0.1168
1 0 4 116619 0.1343
1 0 4 116551 0.12
1 0 4 116523 0.1156
1 0 4 116378 0.1188
1 0 4 116308 0.1192
1 0 4 116293 0.1188
1 0 4 116126 0.1189
1 0 4 116053 0.1181
1 0 4 115849 0.1178
1 0 4 115541 0.116
1 0 4 115393 0.116
1 0 4 115393 0.1173
1 0 4 115184 0.1494
1 0 4 115061 0.15
1 0 4 114983 0.1154
1 0 4 114736 0.115
1 0 4 114677 0.1144
1 0 4 114511 0.1178
1 0 4 113987 0.1143
1 0 4 113948 0.146
1 0 4 113933 0.1151
1 0 4 113681 0.1141
1 0 4 113315 0.1158
1 0 4 113203 0.1181
1 0 4 112653 0.1141
1 0 4 111855 0.1116
1 0 4 111475 0.1136
1 0 4 111421 0.1161
1 0 4 111232 0.1448
1 0 4 111156 0.1135
1 0 4 111015 0.1154
1 0 4 110767 0.1408
1 0 4 110582 0.1424
1 0 4 110231 0.1126
1 0 4 109967 0.1134
1 0 4 109770 0.1443
1 0 4 109573 0.1146
1 0 4 109124 0.1135
1 0 4 109024 0.117
1 0 4 109008 0.1148
1 0 4 108915 0.1128
1 0 4 108632 0.1126
1 0 4 108440 0.1418
1 0 4 108438 0.1104
1 0 4 108380 0.1413
1 0 4 108232 0.1094
1 0 4 107883 0.115
1 0 4 107883 0.1268
1 0 4 107837 0.1609
1 0 4 107449 0.1279
1 0 4 107445 0.1622
1 0 4 107268 0.135
1 0 4 106905 0.1282
1 0 4 106284 0.1383
1 0 4 106158 0.1395
1 0 4 105936 0.1297
1 0 4 105836 0.1123
1 0 4 105406 0.1107
1 0 4 105242 0.1077
1 0 4 105021 0.1085
1 0 4 104844 0.1192
1 0 4 104833 0.1138
1 0 4 104704 0.1123
1 0 4 104634 0.1111
1 0 4 104003 0.1378
1 0 4 103881 0.1114
1 0 4 103647 0.1011
1 0 4 103073 0.1083
1 0 4 102962 0.1071
1 0 4 102962 0.1078
1 0 4 101395 0.1353
1 0 4 100910 0.1355
1 0 4 100699 0.1344
1 0 4 100607 0.1015
1 0 4 100407 0.1352
1 0 4 100384 0.1061
1 0 4 100361 0.1355
1 0 4 100303 0.1282
1 0 4 100225 0.132
1 0 4 100000 0.07536
1 0 4 100000 0.07495
1 0 4 100000 0.07481
1 0 4 100000 0.07501
1 0 4 100000 0.07573
1 0 4 100000 0.07578
1 0 4 100000 0.07512
1 0 4 100000 0.07533
1 0 4 100000 0.07479
1 0 4 100000 0.07649
1 0 4 100000 0.07557
1 0 4 100000 0.07512
1 0 4 100000 0.07681
1 0 4 100000 0.07605
1 0 4 100000 0.07541
1 0 4 100000 0.07458
1 0 4 99847 0.106
1 0 4 99847 0.1054
1 0 4 99737 0.1063
1 0 4 99656 0.103
1 0 4 99581 0.1033
1 0 4 99510 0.1053
1 0 4 99386 0.108
1 0 4 99386 0.1081
1 0 4 99330 0.1036
1 0 4 99242 0.1048
1 0 4 99225 0.1024
1 0 4 99181 0.1058
1 0 4 99134 0.1027
1 0 4 99088 0.1043
1 0 4 99053 0.1032
1 0 4 98873 0.1031
1 0 4 98844 0.1045
1 0 4 98831 0.1049
1 0 4 98590 0.1022
1 0 4 98510 0.1024
1 0 4 98481 0.1319
1 0 4 98478 0.1046
1 0 4 98323 0.1011
1 0 4 98323 0.1042
1 0 4 98170 0.1038
1 0 4 98004 0.131
1 0 4 97955 0.105
1 0 4 97836 0.1048
1 0 4 97787 0.1023
1 0 4 97716 0.1011
1 0 4 97599 0.09795
1 0 4 97593 0.1008
1 0 4 97217 0.1027
1 0 4 96928 0.1032
1 0 4 96660 0.1036
1 0 4 96464 0.1295
1 0 4 96364 0.1047
1 0 4 96308 0.1015
1 0 4 96163 0.1058
1 0 4 95827 0.132
1 0 4 95827 0.1316
1 0 4 95463 0.1014
1 0 4 95297 0.1042
1 0 4 95061 0.09936
1 0 4 95054 0.1023
1 0 4 94765 0.1004
1 0 4 94678 0.09834
1 0 4 94290 0.1015
1 0 4 94143 0.09621
1 0 4 94143 0.09302
1 0 4 93794 0.1021
1 0 4 93430 0.1005
1 0 4 93242 0.1271
1 0 4 93179 0.1282
1 0 4 92940 0.09764
1 0 4 92527 0.09902
1 0 4 92231 0.1024
1 0 4 91812 0.1001
1 0 4 91590 0.1
1 0 4 91495 0.1018
1 0 4 91219 0.09851
1 0 4 90989 0.09995
1 0 4 90625 0.09951
1 0 4 90468 0.09941
1 0 4 90344 0.09746
1 0 4 90246 0.09778
1 0 4 90115 0.0995
1 0 4 89691 0.09603
1 0 4 89637 0.1254
1 0 4 89232 0.09677
1 0 4 89222 0.09738
1 0 4 89074 0.1226
1 0 4 89063 0.09812
1 0 4 88825 0.09702
1 0 4 88427 0.09638
1 0 4 87668 0.09311
1 0 4 87576 0.09421
1 0 4 86801 0.1218
1 0 4 86616 0.1227
1 0 4 86601 0.09611
1 0 4 85743 0.096
1 0 4 85743 0.09476
1 0 4 85337 0.09256
1 0 4 85284 0.09391
1 0 4 85232 0.09327
1 0 4 85000 0.06567
1 0 4 85000 0.06587
1 0 4 85000 0.06544
1 0 4 85000 0.06576
1 0 4 85000 0.06603
1 0 4 85000 0.06536
1 0 4 85000 0.06565
1 0 4 85000 0.06586
1 0 4 85000 0.06592
1 0 4 85000 0.06522
1 0 4 85000 0.06549
1 0 4 85000 0.06556
1 0 4 85000 0.06676
1 0 4 85000 0.06595
1 0 4 85000 0.0654
1 0 4 85000 0.06577
1 0 4 84999 0.1174
1 0 4 84528 0.09503
1 0 4 84528 0.09586
1 0 4 84124 0.0928
1 0 4 83972 0.09621
1 0 4 83915 0.09438
1 0 4 83673 0.09403
1 0 4 83109 0.09387
1 0 4 82967 0.09408
1 0 4 81816 0.1159
1 0 4 81782 0.1163
1 0 4 81713 0.1164
1 0 4 81708 0.116
1 0 4 81365 0.09097
1 0 4 81297 0.1154
1 0 4 79167 0.08387
1 0 4 79071 0.08539
1 0 4 79029 0.1151
1 0 4 78807 0.08798
1 0 4 78292 0.08662
1 0 4 78249 0.1148
1 0 4 77747 0.08878
1 0 4 77471 0.1094
1 0 4 77288 0.08661
1 0 4 76349 0.0876
1 0 4 76197 0.08734
1 0 4 76183 0.08696
1 0 4 75661 0.08259
1 0 4 75281 0.1133
1 0 4 75000 0.05529
1 0 4 75000 0.05633
1 0 4 75000 0.05526
1 0 4 75000 0.0552
1 0 4 75000 0.05565
1 0 4 75000 0.05529
1 0 4 75000 0.05628
1 0 4 75000 0.05566
1 0 4 75000 0.05521
1 0 4 75000 0.0559
1 0 4 75000 0.05539
1 0 4 75000 0.05542
1 0 4 75000 0.05548
1 0 4 75000 0.05535
1 0 4 75000 0.0557
1 0 4 75000 0.05583
1 0 4 73488 0.08211
1 0 4 73488 0.08316
1 0 4 73201 0.1093
1 0 4 71459 0.1086
1 0 4 71262 0.1086
1 0 4 70737 0.1082
1 0 4 66811 0.07659
1 0 4 66811 0.07718
1 0 4 60841 0.07304
1 0 4 60778 0.07253
1 0 4 60611 0.07033
1 0 4 60603 0.07198
1 0 4 60549 0.07205
1 0 4 60512 0.07099
1 0 4 60485 0.07268
1 0 4 60463 0.0726
1 0 4 60420 0.06958
1 0 4 60418 0.07053
1 0 4 60404 0.07161
1 0 4 60398 0.07182
1 0 4 60380 0.07033
1 0 4 60376 0.07318
1 0 4 60319 0.06893
1 0 4 60274 0.07184
1 0 4 60258 0.07347
1 0 4 60192 0.07032
1 0 4 60136 0.07188
1 0 4 60132 0.07139
1 0 4 59996 0.06903
1 0 4 59912 0.0721
1 0 4 59897 0.07196
1 0 4 59872 0.07059
1 0 4 59789 0.06952
1 0 4 59773 0.0714
1 0 4 59110 0.07065
1 0 4 58939 0.0717
1 0 4 58814 0.07099
1 0 4 58583 0.07143
1 0 4 58449 0.06959
1 0 4 58311 0.09432
1 0 4 58200 0.06949
1 0 4 58152 0.0688
1 0 4 57981 0.09682
1 0 4 57930 0.06807
1 0 4 57794 0.09549
1 0 4 57766 0.07003
1 0 4 57760 0.06869
1 0 4 57613 0.06974
1 0 4 57310 0.06845
1 0 4 57159 0.0699
1 0 4 56999 0.06945
1 0 4 56847 0.06957
1 0 4 56714 0.06805
1 0 4 56648 0.06984
1 0 4 56602 0.06957
1 0 4 56532 0.07016
1 0 4 56392 0.09415
1 0 4 56270 0.09363
1 0 4 56201 0.06961
1 0 4 56036 0.06655
1 0 4 56008 0.06721
1 0 4 55765 0.06648
1 0 4 55625 0.06652
1 0 4 55457 0.06833
1 0 4 55129 0.06767
1 0 4 55077 0.06803
1 0 4 54674 0.06787
1 0 4 54393 0.09212
1 0 4 54151 0.06776
1 0 4 53940 0.06669
1 0 4 53753 0.06766
1 0 4 53641 0.09093
1 0 4 53078 0.09005
1 0 4 52821 0.09017
1 0 4 52524 0.08888
1 0 4 52524 0.08857
1 0 4 51598 0.08661
1 0 4 51133 0.06208
1 0 4 51071 0.08613
1 0 4 51067 0.08835
1 0 4 50225 0.06179
1 0 4 50175 0.06081
1 0 4 50000 0.03216
1 0 4 50000 0.03259
1 0 4 50000 0.03265
1 0 4 50000 0.03262
1 0 4 50000 0.03253
1 0 4 50000 0.03257
1 0 4 50000 0.0323
1 0 4 50000 0.03271
1 0 4 50000 0.03316
1 0 4 50000 0.03255
1 0 4 50000 0.03239
1 0 4 50000 0.03248
1 0 4 50000 0.03234
1 0 4 50000 0.03236
1 0 4 50000 0.03269
1 0 4 50000 0.03259
1 0 4 50000 0.03275
1 0 4 49459 0.08498
1 0 4 49057 0.08518
1 0 4 48964 0.0603
1 0 4 48152 0.08233
1 0 4 47829 0.08261
1 0 4 47622 0.05973
1 0 4 46568 0.08157
1 0 4 45572 0.07951
1 0 4 45118 0.05672
1 0 4 40196 0.04865
1 0 4 40165 0.04726
1 0 4 40119 0.04939
1 0 4 40097 0.04753
1 0 4 40095 0.04663
1 0 4 40086 0.05033
1 0 4 40080 0.04682
1 0 4 40077 0.04537
1 0 4 40072 0.0476
1 0 4 40063 0.04622
1 0 4 40061 0.04652
1 0 4 40035 0.04815
1 0 4 40034 0.04871
1 0 4 40022 0.04913
1 0 4 40021 0.04676
1 0 4 40016 0.04688
1 0 4 40008 0.04832
1 0 4 40001 0.04558
1 0 4 39981 0.04713
1 0 4 39935 0.04471
1 0 4 39929 0.04851
1 0 4 39918 0.0464
1 0 4 39917 0.04673
1 0 4 39902 0.04837
1 0 4 39899 0.04645
1 0 4 39896 0.04816
1 0 4 39893 0.04711
1 0 4 39862 0.04682
1 0 4 39820 0.06956
1 0 4 39763 0.04774
1 0 4 39741 0.04904
1 0 4 39690 0.04697
1 0 4 39681 0.04623
1 0 4 39545 0.04963
1 0 4 39449 0.04631
1 0 4 39269 0.04913
1 0 4 39189 0.04602
1 0 4 38922 0.04714
1 0 4 38853 0.06808
1 0 4 38700 0.04618
1 0 4 38518 0.04667
1 0 4 38479 0.04535
1 0 4 38192 0.04704
1 0 4 38151 0.04477
1 0 4 37993 0.04642
1 0 4 37941 0.06737
1 0 4 37880 0.04541
1 0 4 37641 0.06652
1 0 4 37641 0.06617
1 0 4 37532 0.06565
1 0 4 37487 0.06579
1 0 4 37486 0.0474
1 0 4 37425 0.04524
1 0 4 37226 0.06613
1 0 4 37217 0.06628
1 0 4 37118 0.04528
1 0 4 37044 0.04579
1 0 4 36667 0.04541
1 0 4 36436 0.04508
1 0 4 36436 0.04493
1 0 4 36376 0.06484
1 0 4 36362 0.04455
1 0 4 36227 0.06393
1 0 4 35996 0.04456
1 0 4 35945 0.04532
1 0 4 35872 0.06385
1 0 4 35868 0.04558
1 0 4 35783 0.04428
1 0 4 35569 0.04332
1 0 4 35509 0.04408
1 0 4 35509 0.0443
1 0 4 35408 0.04254
1 0 4 35250 0.04436
1 0 4 35019 0.04286
1 0 4 35000 0.02157
1 0 4 35000 0.02145
1 0 4 35000 0.02165
1 0 4 35000 0.02141
1 0 4 35000 0.02142
1 0 4 35000 0.0218
1 0 4 35000 0.02145
1 0 4 35000 0.02123
1 0 4 35000 0.0215
1 0 4 35000 0.02148
1 0 4 35000 0.02164
1 0 4 35000 0.02151
1 0 4 35000 0.02146
1 0 4 35000 0.02154
1 0 4 35000 0.02157
1 0 4 35000 0.02141
1 0 4 35000 0.02127
1 0 4 34965 0.04418
1 0 4 34824 0.06185
1 0 4 34659 0.04351
1 0 4 34292 0.04179
1 0 4 34282 0.04133
1 0 4 33923 0.0614
1 0 4 33780 0.06043
1 0 4 33378 0.04003
1 0 4 32769 0.03893
1 0 4 27608 0.03287
1 0 4 27596 0.032
1 0 4 27587 0.03155
1 0 4 27581 0.03035
1 0 4 27572 0.03045
1 0 4 27570 0.0307
1 0 4 27565 0.03103
1 0 4 27556 0.02986
1 0 4 27546 0.03217
1 0 4 27546 0.03104
1 0 4 27539 0.0305
1 0 4 27532 0.03056
1 0 4 27521 0.03146
1 0 4 27521 0.03148
1 0 4 27507 0.03008
1 0 4 27504 0.02965
1 0 4 27503 0.02944
1 0 4 27498 0.03008
1 0 4 27497 0.03003
1 0 4 27470 0.0315
1 0 4 27469 0.0307
1 0 4 27461 0.02938
1 0 4 27440 0.02895
1 0 4 27437 0.03107
1 0 4 27381 0.02944
1 0 4 27368 0.03018
1 0 4 27245 0.02996
1 0 4 27167 0.02951
1 0 4 27119 0.04967
1 0 4 27007 0.03145
1 0 4 26981 0.02911
1 0 4 26967 0.03163
1 0 4 26935 0.02911
1 0 4 26825 0.03141
1 0 4 26788 0.03014
1 0 4 26743 0.03129
1 0 4 26685 0.03181
1 0 4 26635 0.02992
1 0 4 26624 0.02852
1 0 4 26580 0.03
1 0 4 26555 0.03165
1 0 4 26457 0.02882
1 0 4 26401 0.02969
1 0 4 26387 0.0309
1 0 4 26383 0.04895
1 0 4 26371 0.04829
1 0 4 26334 0.0283
1 0 4 26280 0.03057
1 0 4 26197 0.02862
1 0 4 26140 0.04769
1 0 4 26106 0.03072
1 0 4 25985 0.04793
1 0 4 25966 0.027
1 0 4 25964 0.04805
1 0 4 25949 0.03012
1 0 4 25923 0.03057
1 0 4 25890 0.0281
1 0 4 25855 0.0306
1 0 4 25851 0.03072
1 0 4 25838 0.02866
1 0 4 25751 0.03024
1 0 4 25680 0.02785
1 0 4 25619 0.0271
1 0 4 25606 0.02925
1 0 4 25548 0.04615
1 0 4 25390 0.04554
1 0 4 25379 0.02901
1 0 4 25331 0.02998
1 0 4 25244 0.04478
1 0 4 25164 0.02881
1 0 4 25129 0.02791
1 0 4 25106 0.02834
1 0 4 25000 0.01037
1 0 4 25000 0.01008
1 0 4 25000 0.01018
1 0 4 25000 0.01008
1 0 4 25000 0.01016
1 0 4 25000 0.01019
1 0 4 25000 0.01022
1 0 4 25000 0.009939
1 0 4 25000 0.01008
1 0 4 25000 0.01027
1 0 4 25000 0.01026
1 0 4 25000 0.01019
1 0 4 25000 0.009975
1 0 4 25000 0.01005
1 0 4 25000 0.01014
1 0 4 25000 0.01021
1 0 4 25000 0.009931
1 0 4 24953 0.02771
1 0 4 24909 0.04628
1 0 4 24638 0.02706
1 0 4 24517 0.02779
1 0 4 24517 0.02796
1 0 4 24278 0.02832
1 0 4 24244 0.02743
1 0 4 24227 0.04441
1 0 4 24103 0.02806
1 0 4 24062 0.04576
1 0 4 23107 0.04298
1 0 4 15925 0.01954
1 0 4 15921 0.01938
1 0 4 15921 0.01984
1 0 4 15919 0.01888
1 0 4 15918 0.01924
1 0 4 15915 0.0186
1 0 4 15914 0.01975
1 0 4 15911 0.01915
1 0 4 15910 0.01936
1 0 4 15908 0.01967
1 0 4 15906 0.01924
1 0 4 15906 0.01876
1 0 4 15905 0.01952
1 0 4 15902 0.01917
1 0 4 15901 0.01966
1 0 4 15901 0.01924
1 0 4 15900 0.01867
1 0 4 15898 0.01965
1 0 4 15893 0.01915
1 0 4 15892 0.0185
1 0 4 15890 0.01891
1 0 4 15888 0.0185
1 0 4 15887 0.01872
1 0 4 15885 0.0196
1 0 4 15884 0.0183
1 0 4 15882 0.01972
1 0 4 15881 0.03123
1 0 4 15877 0.01898
1 0 4 15873 0.01824
1 0 4 15871 0.01938
1 0 4 15871 0.01924
1 0 4 15848 0.01997
1 0 4 15839 0.02001
1 0 4 15832 0.01872
1 0 4 15829 0.01951
1 0 4 15768 0.01989
1 0 4 15754 0.01955
1 0 4 15736 0.03113
1 0 4 15706 0.01922
1 0 4 15695 0.01923
1 0 4 15675 0.01904
1 0 4 15671 0.01935
1 0 4 15670 0.01963
1 0 4 15627 0.03157
1 0 4 15620 0.01836
1 0 4 15609 0.01942
1 0 4 15606 0.01972
1 0 4 15593 0.01858
1 0 4 15584 0.01914
1 0 4 15571 0.03098
1 0 4 15565 0.0201
1 0 4 15558 0.02037
1 0 4 15514 0.01964
1 0 4 15457 0.01943
1 0 4 15452 0.03095
1 0 4 15448 0.0196
1 0 4 15431 0.01876
1 0 4 15402 0.019
1 0 4 15369 0.02982
1 0 4 15356 0.01896
1 0 4 15354 0.02945
1 0 4 15322 0.01913
1 0 4 15298 0.01829
1 0 4 15276 0.01866
1 0 4 15274 0.01886
1 0 4 15235 0.02965
1 0 4 15228 0.01928
1 0 4 15152 0.01935
1 0 4 15098 0.01882
1 0 4 15085 0.02991
1 0 4 15059 0.01899
1 0 4 15000 0.006782
1 0 4 15000 0.006697
1 0 4 15000 0.006759
1 0 4 15000 0.006829
1 0 4 15000 0.006782
1 0 4 15000 0.006866
1 0 4 15000 0.006769
1 0 4 15000 0.006827
1 0 4 15000 0.006858
1 0 4 15000 0.006672
1 0 4 15000 0.006812
1 0 4 15000 0.006802
1 0 4 15000 0.006672
1 0 4 15000 0.006813
1 0 4 15000 0.006667
1 0 4 15000 0.00685
1 0 4 15000 0.00668
1 0 4 15000 0.006619
1 0 4 14979 0.01837
1 0 4 14966 0.02922
1 0 4 14964 0.0289
1 0 4 14925 0.02915
1 0 4 14889 0.02896
1 0 4 14882 0.02857
1 0 4 14844 0.02919
1 0 4 14721 0.02922
1 0 4 14721 0.02925
1 0 4 14636 0.01815
1 0 4 14329 0.02815
1 0 4 10410 0.0143
1 0 4 10406 0.01403
1 0 4 10404 0.01409
1 0 4 10402 0.01361
1 0 4 10400 0.01383
1 0 4 10399 0.01314
1 0 4 10398 0.01333
1 0 4 10397 0.01402
1 0 4 10397 0.014
1 0 4 10397 0.01353
1 0 4 10396 0.01374
1 0 4 10396 0.01373
1 0 4 10396 0.01404
1 0 4 10395 0.014
1 0 4 10393 0.01365
1 0 4 10392 0.01368
1 0 4 10389 0.01376
1 0 4 10386 0.01376
1 0 4 10386 0.01398
1 0 4 10386 0.01401
1 0 4 10384 0.01328
1 0 4 10383 0.01421
1 0 4 10382 0.01408
1 0 4 10376 0.01366
1 0 4 10375 0.01269
1 0 4 10370 0.01445
1 0 4 10366 0.01342
1 0 4 10362 0.01428
1 0 4 10356 0.01327
1 0 4 10322 0.01361
1 0 4 10321 0.01378
1 0 4 10318 0.01423
1 0 4 10311 0.01352
1 0 4 10310 0.01378
1 0 4 10296 0.02148
1 0 4 10291 0.0219
1 0 4 10287 0.0137
1 0 4 10281 0.01365
1 0 4 10270 0.01392
1 0 4 10268 0.01392
1 0 4 10268 0.01379
1 0 4 10264 0.01371
1 0 4 10261 0.01317
1 0 4 10261 0.01333
1 0 4 10260 0.01397
1 0 4 10249 0.0213
1 0 4 10245 0.01422
1 0 4 10240 0.01386
1 0 4 10239 0.01321
1 0 4 10227 0.01368
1 0 4 10225 0.01347
1 0 4 10220 0.01263
1 0 4 10213 0.01295
1 0 4 10210 0.0133
1 0 4 10195 0.0133
1 0 4 10185 0.01359
1 0 4 10181 0.02022
1 0 4 10159 0.01298
1 0 4 10156 0.01282
1 0 4 10154 0.01378
1 0 4 10140 0.02017
1 0 4 10130 0.0133
1 0 4 10127 0.01973
1 0 4 10114 0.02005
1 0 4 10114 0.01987
1 0 4 10106 0.02027
1 0 4 10096 0.0133
1 0 4 10049 0.01295
1 0 4 10049 0.01293
1 0 4 10033 0.02009
1 0 4 10032 0.01284
1 0 4 10016 0.01332
1 0 4 10005 0.01252
1 0 4 10000 0.00527
1 0 4 10000 0.005307
1 0 4 10000 0.005301
1 0 4 10000 0.005268
1 0 4 10000 0.005243
1 0 4 10000 0.005211
1 0 4 10000 0.005229
1 0 4 10000 0.005324
1 0 4 10000 0.005203
1 0 4 10000 0.00525
1 0 4 10000 0.005286
1 0 4 10000 0.005323
1 0 4 10000 0.005278
1 0 4 10000 0.005229
1 0 4 10000 0.005253
1 0 4 10000 0.005314
1 0 4 9991 0.01971
1 0 4 9952 0.0132
1 0 4 9951 0.01923
1 0 4 9949 0.01324
1 0 4 9915 0.01242
1 0 4 9909 0.0201
1 0 4 9906 0.01932
1 0 4 9890 0.01332
1 0 4 9887 0.01274
1 0 4 9820 0.01327
1 0 4 9820 0.01309
1 0 5 163913 0.2058
1 0 5 163913 0.206
1 0 5 163040 0.2038
1 0 5 163040 0.2028
1 0 5 162747 0.2022
1 0 5 162740 0.2044
1 0 5 162153 0.2006
1 0 5 162087 0.1997
1 0 5 162051 0.2007
1 0 5 161912 0.208
1 0 5 161912 0.2089
1 0 5 161807 0.1943
1 0 5 161773 0.2072
1 0 5 161602 0.1984
1 0 5 161447 0.1965
1 0 5 161427 0.2016
1 0 5 161218 0.1988
1 0 5 161061 0.2013
1 0 5 160971 0.1977
1 0 5 160252 0.1967
1 0 5 159705 0.2028
1 0 5 158796 0.1976
1 0 5 158796 0.1978
1 0 5 158706 0.1945
1 0 5 158309 0.1957
1 0 5 156399 0.1905
1 0 5 155975 0.2024
1 0 5 154968 0.204
1 0 5 154730 0.199
1 0 5 154131 0.2002
1 0 5 150739 0.1973
1 0 5 149208 0.1995
1 0 5 148713 0.1948
1 0 5 147459 0.1961
1 0 5 146701 0.1975
1 0 5 141786 0.1929
1 0 5 136946 0.1947
1 0 5 136033 0.1897
1 0 5 134891 0.1933
1 0 5 133138 0.2739
1 0 5 131112 0.1783
1 0 5 129716 0.1793
1 0 5 129431 0.1794
1 0 5 129312 0.1845
1 0 5 129102 0.1881
1 0 5 128949 0.1932
1 0 5 128824 0.1882
1 0 5 128627 0.1807
1 0 5 128400 0.1822
1 0 5 127790 0.1782
1 0 5 127320 0.1793
1 0 5 127061 0.1883
1 0 5 127047 0.181
1 0 5 126821 0.1809
1 0 5 126242 0.1831
1 0 5 125957 0.1744
1 0 5 125846 0.2643
1 0 5 125782 0.1852
1 0 5 125775 0.1779
1 0 5 124819 0.1866
1 0 5 124368 0.1797
1 0 5 124340 0.1889
1 0 5 123955 0.1795
1 0 5 123539 0.1782
1 0 5 123225 0.1769
1 0 5 122969 0.1799
1 0 5 122519 0.1244
1 0 5 121963 0.1217
1 0 5 121816 0.122
1 0 5 121816 0.1221
1 0 5 121632 0.1255
1 0 5 121464 0.1249
1 0 5 121077 0.1213
1 0 5 120554 0.122
1 0 5 120401 0.1227
1 0 5 119906 0.1233
1 0 5 119731 0.1238
1 0 5 119729 0.1531
1 0 5 119647 0.1122
1 0 5 119403 0.159
1 0 5 118630 0.1476
1 0 5 118539 0.1214
1 0 5 118116 0.1192
1 0 5 117824 0.1198
1 0 5 117361 0.1165
1 0 5 117010 0.1196
1 0 5 117010 0.1196
1 0 5 116617 0.119
1 0 5 116345 0.1158
1 0 5 116114 0.1153
1 0 5 115985 0.1167
1 0 5 115761 0.1175
1 0 5 115724 0.1517
1 0 5 115483 0.1193
1 0 5 114483 0.1153
1 0 5 114021 0.1185
1 0 5 113532 0.1168
1 0 5 113287 0.1175
1 0 5 113108 0.1186
1 0 5 112871 0.1189
1 0 5 112739 0.1154
1 0 5 111735 0.1458
1 0 5 111410 0.1434
1 0 5 111379 0.1167
1 0 5 111074 0.1451
1 0 5 110554 0.1129
1 0 5 110554 0.1112
1 0 5 109971 0.1151
1 0 5 109616 0.1154
1 0 5 109563 0.1132
1 0 5 109384 0.1138
1 0 5 109287 0.1137
1 0 5 109273 0.1129
1 0 5 109241 0.1152
1 0 5 108977 0.1116
1 0 5 108889 0.1125
1 0 5 108876 0.1121
1 0 5 108858 0.1144
1 0 5 108686 0.1096
1 0 5 108613 0.1115
1 0 5 108489 0.1129
1 0 5 108449 0.1084
1 0 5 108372 0.1109
1 0 5 108330 0.1155
1 0 5 108272 0.1101
1 0 5 108159 0.1031
1 0 5 108102 0.113
1 0 5 107922 0.1098
1 0 5 107922 0.1119
1 0 5 107696 0.1126
1 0 5 107396 0.1109
1 0 5 107237 0.1136
1 0 5 107200 0.1112
1 0 5 107149 0.1103
1 0 5 107094 0.1123
1 0 5 106811 0.1404
1 0 5 106811 0.1401
1 0 5 106526 0.1119
1 0 5 106251 0.1123
1 0 5 105310 0.1132
1 0 5 105163 0.1137
1 0 5 105134 0.112
1 0 5 105020 0.1081
1 0 5 104768 0.1385
1 0 5 104443 0.113
1 0 5 104336 0.1073
1 0 5 104170 0.108
1 0 5 104053 0.1097
1 0 5 104021 0.1102
1 0 5 103850 0.1115
1 0 5 103574 0.111
1 0 5 103085 0.1083
1 0 5 103085 0.1085
1 0 5 102817 0.1124
1 0 5 102791 0.1377
1 0 5 102649 0.1066
1 0 5 102491 0.1068
1 0 5 102398 0.106
1 0 5 102148 0.1083
1 0 5 101582 0.1348
1 0 5 101582 0.135
1 0 5 101437 0.1347
1 0 5 101166 0.131
1 0 5 100930 0.1088
1 0 5 100481 0.1332
1 0 5 100402 0.1041
1 0 5 100153 0.1335
1 0 5 100000 0.07507
1 0 5 100000 0.07534
1 0 5 100000 0.07557
1 0 5 100000 0.07653
1 0 5 100000 0.07575
1 0 5 100000 0.07514
1 0 5 100000 0.07537
1 0 5 100000 0.07576
1 0 5 100000 0.07548
1 0 5 100000 0.07479
1 0 5 100000 0.07493
1 0 5 100000 0.07615
1 0 5 100000 0.0761
1 0 5 100000 0.07564
1 0 5 100000 0.07496
1 0 5 100000 0.07477
1 0 5 100000 0.07531
1 0 5 99998 0.1329
1 0 5 99551 0.0976
1 0 5 99172 0.1032
1 0 5 99172 0.1049
1 0 5 98320 0.1258
1 0 5 98308 0.1383
1 0 5 97595 0.1474
1 0 5 97506 0.1122
1 0 5 97388 0.1433
1 0 5 97191 0.1149
1 0 5 97040 0.1139
1 0 5 96808 0.1127
1 0 5 96669 0.1417
1 0 5 96249 0.1397
1 0 5 96222 0.1115
1 0 5 96115 0.1119
1 0 5 95822 0.1112
1 0 5 95770 0.1116
1 0 5 95329 0.114
1 0 5 95096 0.1101
1 0 5 94996 0.1111
1 0 5 94431 0.1063
1 0 5 94236 0.1386
1 0 5 93961 0.1344
1 0 5 93729 0.1105
1 0 5 93617 0.1116
1 0 5 93477 0.1114
1 0 5 93274 0.1358
1 0 5 93236 0.1136
1 0 5 93010 0.1108
1 0 5 92705 0.112
1 0 5 92519 0.1124
1 0 5 92255 0.1007
1 0 5 92255 0.1014
1 0 5 91617 0.1105
1 0 5 91446 0.1099
1 0 5 90691 0.1347
1 0 5 90599 0.1335
1 0 5 90110 0.1064
1 0 5 89956 0.1364
1 0 5 89895 0.1061
1 0 5 89635 0.1069
1 0 5 89448 0.1076
1 0 5 89314 0.1059
1 0 5 88695 0.1059
1 0 5 88583 0.1078
1 0 5 87786 0.1059
1 0 5 87209 0.1069
1 0 5 87186 0.1065
1 0 5 87152 0.1089
1 0 5 86587 0.1342
1 0 5 86231 0.1077
1 0 5 85597 0.1125
1 0 5 85597 0.1076
1 0 5 85000 0.08387
1 0 5 85000 0.08301
1 0 5 85000 0.08388
1 0 5 85000 0.08337
1 0 5 85000 0.08247
1 0 5 85000 0.08389
1 0 5 85000 0.08347
1 0 5 85000 0.08367
1 0 5 85000 0.07922
1 0 5 85000 0.07342
1 0 5 85000 0.07785
1 0 5 85000 0.08096
1 0 5 85000 0.07109
1 0 5 85000 0.07516
1 0 5 85000 0.08113
1 0 5 85000 0.07037
1 0 5 84600 0.09826
1 0 5 83553 0.1008
1 0 5 83553 0.1035
1 0 5 83325 0.1247
1 0 5 82715 0.1244
1 0 5 82704 0.1004
1 0 5 82312 0.1249
1 0 5 81483 0.1023
1 0 5 80614 0.121
1 0 5 80104 0.09741
1 0 5 80079 0.09625
1 0 5 79191 0.09895
1 0 5 78038 0.1212
1 0 5 78037 0.1192
1 0 5 77837 0.09698
1 0 5 77600 0.1262
1 0 5 77233 0.1267
1 0 5 76822 0.104
1 0 5 76374 0.09507
1 0 5 76185 0.1029
1 0 5 75000 0.0704
1 0 5 75000 0.06942
1 0 5 75000 0.06788
1 0 5 75000 0.06598
1 0 5 75000 0.06769
1 0 5 75000 0.05977
1 0 5 75000 0.06677
1 0 5 75000 0.06768
1 0 5 75000 0.06117
1 0 5 75000 0.06303
1 0 5 75000 0.06768
1 0 5 75000 0.06552
1 0 5 75000 0.06273
1 0 5 75000 0.06391
1 0 5 75000 0.0639
1 0 5 75000 0.06252
1 0 5 75000 0.06327
1 0 5 75000 0.0641
1 0 5 73763 0.1152
1 0 5 72925 0.1124
1 0 5 72273 0.1159
1 0 5 71457 0.1132
1 0 5 68881 0.08626
1 0 5 68881 0.08683
1 0 5 67058 0.1116
1 0 5 65191 0.1071
1 0 5 64986 0.08265
1 0 5 64477 0.08209
1 0 5 64466 0.0813
1 0 5 64432 0.07906
1 0 5 64414 0.08095
1 0 5 64372 0.08044
1 0 5 64337 0.07884
1 0 5 64319 0.07651
1 0 5 64311 0.07881
1 0 5 64284 0.08113
1 0 5 64262 0.08262
1 0 5 64238 0.07812
1 0 5 64186 0.08012
1 0 5 64170 0.07773
1 0 5 64136 0.08118
1 0 5 63991 0.07647
1 0 5 63954 0.07861
1 0 5 63952 0.07935
1 0 5 63848 0.08008
1 0 5 63775 0.07484
1 0 5 63703 0.08088
1 0 5 63683 0.0794
1 0 5 63608 0.07929
1 0 5 62872 0.07746
1 0 5 62703 0.07926
1 0 5 62246 0.0779
1 0 5 62114 0.07959
1 0 5 62055 0.07876
1 0 5 61884 0.07932
1 0 5 61832 0.07714
1 0 5 61788 0.07637
1 0 5 61600 0.07782
1 0 5 61593 0.08066
1 0 5 61428 0.07794
1 0 5 61326 0.07574
1 0 5 60997 0.07725
1 0 5 60877 0.07854
1 0 5 60411 0.08001
1 0 5 60235 0.07885
1 0 5 60110 0.07424
1 0 5 60102 0.07584
1 0 5 59879 0.1014
1 0 5 59830 0.1028
1 0 5 59820 0.07878
1 0 5 59512 0.07298
1 0 5 59504 0.07379
1 0 5 59005 0.07459
1 0 5 58859 0.07887
1 0 5 58501 0.07285
1 0 5 58401 0.07636
1 0 5 58189 0.07301
1 0 5 58097 0.07458
1 0 5 58020 0.07472
1 0 5 58020 0.07439
1 0 5 57675 0.07412
1 0 5 57617 0.09868
1 0 5 57548 0.07315
1 0 5 57305 0.09635
1 0 5 57266 0.09944
1 0 5 55971 0.07775
1 0 5 55819 0.07565
1 0 5 55084 0.09866
1 0 5 54745 0.0726
1 0 5 54717 0.09646
1 0 5 54548 0.07534
1 0 5 54535 0.09869
1 0 5 53567 0.06884
1 0 5 53395 0.07152
1 0 5 52972 0.06909
1 0 5 52832 0.09592
1 0 5 52749 0.07036
1 0 5 52717 0.09201
1 0 5 52232 0.0683
1 0 5 51087 0.09008
1 0 5 50104 0.06625
1 0 5 50047 0.07034
1 0 5 50000 0.04606
1 0 5 50000 0.04577
1 0 5 50000 0.04637
1 0 5 50000 0.04598
1 0 5 50000 0.036
1 0 5 50000 0.03578
1 0 5 50000 0.03463
1 0 5 50000 0.03487
1 0 5 50000 0.03569
1 0 5 50000 0.03501
1 0 5 50000 0.03531
1 0 5 50000 0.0351
1 0 5 50000 0.03513
1 0 5 50000 0.03434
1 0 5 50000 0.03563
1 0 5 50000 0.03528
1 0 5 50000 0.03433
1 0 5 49664 0.06242
1 0 5 49237 0.08425
1 0 5 49202 0.08545
1 0 5 47129 0.05942
1 0 5 47106 0.08238
1 0 5 44294 0.07892
1 0 5 44294 0.07891
1 0 5 42025 0.05195
1 0 5 41972 0.05123
1 0 5 41952 0.05162
1 0 5 41948 0.05132
1 0 5 41924 0.05027
1 0 5 41917 0.05277
1 0 5 41890 0.05148
1 0 5 41878 0.05292
1 0 5 41874 0.05069
1 0 5 41865 0.0526
1 0 5 41863 0.0514
1 0 5 41860 0.05175
1 0 5 41840 0.04928
1 0 5 41799 0.05094
1 0 5 41782 0.05044
1 0 5 41772 0.05161
1 0 5 41769 0.05132
1 0 5 41755 0.04991
1 0 5 41754 0.04873
1 0 5 41740 0.04985
1 0 5 41730 0.05016
1 0 5 41673 0.04938
1 0 5 41657 0.0522
1 0 5 41596 0.04848
1 0 5 41596 0.04793
1 0 5 41560 0.04871
1 0 5 41513 0.0498
1 0 5 41486 0.04822
1 0 5 41291 0.05042
1 0 5 41165 0.05032
1 0 5 41045 0.05022
1 0 5 40544 0.05075
1 0 5 40507 0.04966
1 0 5 40288 0.05004
1 0 5 40124 0.04863
1 0 5 40075 0.05001
1 0 5 39897 0.04851
1 0 5 39754 0.04765
1 0 5 39639 0.04836
1 0 5 39535 0.04794
1 0 5 39413 0.06942
1 0 5 39211 0.06859
1 0 5 39156 0.04966
1 0 5 39100 0.0488
1 0 5 38877 0.0496
1 0 5 38512 0.04844
1 0 5 38228 0.06698
1 0 5 38185 0.06864
1 0 5 38178 0.069
1 0 5 37542 0.06659
1 0 5 37425 0.05012
1 0 5 37293 0.06647
1 0 5 37258 0.04577
1 0 5 37191 0.04588
1 0 5 37073 0.04752
1 0 5 36920 0.04632
1 0 5 36889 0.046
1 0 5 36666 0.04546
1 0 5 36652 0.04805
1 0 5 36588 0.04624
1 0 5 36526 0.06523
1 0 5 36494 0.04585
1 0 5 36248 0.06429
1 0 5 36212 0.06454
1 0 5 36162 0.04586
1 0 5 35949 0.04471
1 0 5 35909 0.04408
1 0 5 35717 0.04344
1 0 5 35708 0.0444
1 0 5 35696 0.06254
1 0 5 35275 0.04327
1 0 5 35151 0.04235
1 0 5 35151 0.04206
1 0 5 35000 0.02172
1 0 5 35000 0.02152
1 0 5 35000 0.02182
1 0 5 35000 0.02196
1 0 5 35000 0.02184
1 0 5 35000 0.02174
1 0 5 35000 0.02164
1 0 5 35000 0.02191
1 0 5 35000 0.0217
1 0 5 35000 0.02182
1 0 5 35000 0.02153
1 0 5 35000 0.02204
1 0 5 35000 0.02195
1 0 5 35000 0.02173
1 0 5 35000 0.02172
1 0 5 35000 0.02192
1 0 5 35000 0.02161
1 0 5 34966 0.06253
1 0 5 34676 0.04186
1 0 5 34604 0.06192
1 0 5 34322 0.04177
1 0 5 34314 0.04394
1 0 5 34223 0.0422
1 0 5 33858 0.04169
1 0 5 33500 0.03865
1 0 5 32774 0.03881
1 0 5 32414 0.03784
1 0 5 28516 0.03217
1 0 5 28500 0.03083
1 0 5 28484 0.0324
1 0 5 28464 0.03245
1 0 5 28460 0.03103
1 0 5 28440 0.03265
1 0 5 28439 0.03182
1 0 5 28436 0.03263
1 0 5 28430 0.03194
1 0 5 28420 0.03195
1 0 5 28419 0.03404
1 0 5 28416 0.03234
1 0 5 28416 0.03104
1 0 5 28409 0.03186
1 0 5 28405 0.03019
1 0 5 28379 0.03054
1 0 5 28359 0.03102
1 0 5 28345 0.03182
1 0 5 28313 0.03099
1 0 5 28305 0.03355
1 0 5 28297 0.0324
1 0 5 28290 0.03058
1 0 5 28260 0.03102
1 0 5 28170 0.0311
1 0 5 28151 0.03038
1 0 5 27965 0.03192
1 0 5 27931 0.03393
1 0 5 27911 0.03292
1 0 5 27868 0.03156
1 0 5 27728 0.03154
1 0 5 27714 0.03105
1 0 5 27657 0.03258
1 0 5 27583 0.03198
1 0 5 27509 0.03266
1 0 5 27476 0.03304
1 0 5 27449 0.03277
1 0 5 27418 0.05057
1 0 5 27327 0.02925
1 0 5 27195 0.03017
1 0 5 27195 0.02989
1 0 5 27194 0.02953
1 0 5 27152 0.05083
1 0 5 27013 0.05048
1 0 5 26997 0.03263
1 0 5 26893 0.03088
1 0 5 26846 0.03108
1 0 5 26835 0.0297
1 0 5 26758 0.03178
1 0 5 26758 0.03196
1 0 5 26715 0.03138
1 0 5 26698 0.03004
1 0 5 26548 0.02886
1 0 5 26458 0.02927
1 0 5 26450 0.03161
1 0 5 26330 0.0311
1 0 5 26240 0.03074
1 0 5 26224 0.02904
1 0 5 26123 0.03075
1 0 5 26099 0.04909
1 0 5 26058 0.04865
1 0 5 25976 0.04814
1 0 5 25971 0.04914
1 0 5 25829 0.02944
1 0 5 25793 0.04887
1 0 5 25791 0.02953
1 0 5 25683 0.031
1 0 5 25431 0.04623
1 0 5 25410 0.02994
1 0 5 25367 0.02931
1 0 5 25100 0.04601
1 0 5 25022 0.02842
1 0 5 25018 0.04698
1 0 5 25000 0.01052
1 0 5 25000 0.01014
1 0 5 25000 0.0105
1 0 5 25000 0.01024
1 0 5 25000 0.01005
1 0 5 25000 0.01054
1 0 5 25000 0.01032
1 0 5 25000 0.01029
1 0 5 25000 0.01042
1 0 5 25000 0.01017
1 0 5 25000 0.01003
1 0 5 25000 0.01039
1 0 5 25000 0.009953
1 0 5 25000 0.01019
1 0 5 25000 0.01046
1 0 5 25000 0.01017
1 0 5 24975 0.04618
1 0 5 24931 0.02955
1 0 5 24919 0.04593
1 0 5 24641 0.04649
1 0 5 24492 0.0444
1 0 5 24378 0.04489
1 0 5 24352 0.04597
1 0 5 24273 0.02695
1 0 5 24157 0.04595
1 0 5 23813 0.02804
1 0 5 23672 0.02948
1 0 5 23111 0.04231
1 0 5 16247 0.0202
1 0 5 16243 0.01928
1 0 5 16238 0.01937
1 0 5 16231 0.01918
1 0 5 16224 0.01838
1 0 5 16223 0.01907
1 0 5 16220 0.01935
1 0 5 16219 0.01877
1 0 5 16218 0.01865
1 0 5 16216 0.01991
1 0 5 16215 0.01919
1 0 5 16210 0.02086
1 0 5 16207 0.0184
1 0 5 16205 0.01967
1 0 5 16204 0.01847
1 0 5 16202 0.03197
1 0 5 16201 0.01883
1 0 5 16194 0.01923
1 0 5 16191 0.01995
1 0 5 16187 0.01944
1 0 5 16184 0.01807
1 0 5 16177 0.01856
1 0 5 16173 0.01862
1 0 5 16164 0.01931
1 0 5 16164 0.02015
1 0 5 16160 0.01928
1 0 5 16151 0.01933
1 0 5 16129 0.01887
1 0 5 16122 0.01907
1 0 5 16117 0.02025
1 0 5 16068 0.01883
1 0 5 15996 0.01949
1 0 5 15990 0.01953
1 0 5 15965 0.01908
1 0 5 15954 0.01917
1 0 5 15952 0.0206
1 0 5 15912 0.01862
1 0 5 15909 0.01903
1 0 5 15892 0.02011
1 0 5 15877 0.0206
1 0 5 15870 0.01942
1 0 5 15860 0.01887
1 0 5 15798 0.01979
1 0 5 15787 0.01941
1 0 5 15734 0.0198
1 0 5 15723 0.01913
1 0 5 15694 0.01984
1 0 5 15693 0.03059
1 0 5 15677 0.01828
1 0 5 15674 0.01926
1 0 5 15641 0.03117
1 0 5 15600 0.0193
1 0 5 15595 0.01918
1 0 5 15560 0.03114
1 0 5 15553 0.02024
1 0 5 15532 0.01984
1 0 5 15502 0.02047
1 0 5 15471 0.02
1 0 5 15461 0.01966
1 0 5 15459 0.03061
1 0 5 15386 0.01891
1 0 5 15384 0.01865
1 0 5 15308 0.03001
1 0 5 15308 0.03001
1 0 5 15279 0.01889
1 0 5 15275 0.02943
1 0 5 15269 0.02973
1 0 5 15192 0.0192
1 0 5 15172 0.01903
1 0 5 15082 0.03029
1 0 5 15072 0.01795
1 0 5 15072 0.01785
1 0 5 15023 0.01931
1 0 5 15000 0.006797
1 0 5 15000 0.00671
1 0 5 15000 0.00665
1 0 5 15000 0.006882
1 0 5 15000 0.006929
1 0 5 15000 0.006931
1 0 5 15000 0.006653
1 0 5 15000 0.0068
1 0 5 15000 0.006773
1 0 5 15000 0.006988
1 0 5 15000 0.00687
1 0 5 15000 0.006859
1 0 5 15000 0.006768
1 0 5 15000 0.006744
1 0 5 15000 0.006957
1 0 5 15000 0.006682
1 0 5 15000 0.006768
1 0 5 14994 0.01832
1 0 5 14985 0.02936
1 0 5 14962 0.01893
1 0 5 14840 0.02856
1 0 5 14818 0.01844
1 0 5 14765 0.02897
1 0 5 14747 0.01762
1 0 5 14732 0.02898
1 0 5 14564 0.02965
1 0 5 14564 0.02961
1 0 5 10542 0.01314
1 0 5 10536 0.01409
1 0 5 10536 0.01314
1 0 5 10535 0.01365
1 0 5 10534 0.01362
1 0 5 10533 0.01369
1 0 5 10532 0.0135
1 0 5 10532 0.01346
1 0 5 10531 0.01363
1 0 5 10529 0.01347
1 0 5 10528 0.01286
1 0 5 10528 0.01289
1 0 5 10525 0.01366
1 0 5 10524 0.01446
1 0 5 10523 0.0125
1 0 5 10519 0.01338
1 0 5 10516 0.0133
1 0 5 10515 0.01329
1 0 5 10514 0.01288
1 0 5 10513 0.01303
1 0 5 10511 0.01385
1 0 5 10507 0.01338
1 0 5 10499 0.01362
1 0 5 10491 0.01355
1 0 5 10469 0.01384
1 0 5 10452 0.01361
1 0 5 10446 0.01369
1 0 5 10443 0.01352
1 0 5 10436 0.0145
1 0 5 10431 0.02188
1 0 5 10428 0.02141
1 0 5 10411 0.01422
1 0 5 10408 0.01395
1 0 5 10402 0.0139
1 0 5 10399 0.02165
1 0 5 10395 0.01386
1 0 5 10394 0.01408
1 0 5 10390 0.01315
1 0 5 10384 0.01296
1 0 5 10377 0.01468
1 0 5 10358 0.01395
1 0 5 10353 0.01462
1 0 5 10343 0.0132
1 0 5 10340 0.01301
1 0 5 10338 0.01426
1 0 5 10334 0.01463
1 0 5 10324 0.02156
1 0 5 10324 0.01496
1 0 5 10314 0.01437
1 0 5 10305 0.01424
1 0 5 10296 0.01345
1 0 5 10291 0.01362
1 0 5 10276 0.02154
1 0 5 10266 0.01308
1 0 5 10265 0.01409
1 0 5 10261 0.01441
1 0 5 10255 0.02104
1 0 5 10253 0.01306
1 0 5 10238 0.01335
1 0 5 10234 0.01397
1 0 5 10226 0.01365
1 0 5 10225 0.01389
1 0 5 10164 0.01331
1 0 5 10160 0.01361
1 0 5 10157 0.01309
1 0 5 10123 0.01357
1 0 5 10114 0.02029
1 0 5 10112 0.0201
1 0 5 10100 0.02012
1 0 5 10084 0.02072
1 0 5 10056 0.01313
1 0 5 10050 0.01339
1 0 5 10049 0.02007
1 0 5 10027 0.01992
1 0 5 10000 0.005448
1 0 5 10000 0.005225
1 0 5 10000 0.005347
1 0 5 10000 0.005345
1 0 5 10000 0.005347
1 0 5 10000 0.005349
1 0 5 10000 0.005329
1 0 5 10000 0.005373
1 0 5 10000 0.005288
1 0 5 10000 0.005306
1 0 5 10000 0.005316
1 0 5 10000 0.005314
1 0 5 10000 0.005332
1 0 5 10000 0.005318
1 0 5 10000 0.00531
1 0 5 10000 0.005319
1 0 5 10000 0.005186
1 0 5 9984 0.01304
1 0 5 9974 0.02017
1 0 5 9961 0.0132
1 0 5 9930 0.01988
1 0 5 9930 0.01321
1 0 5 9872 0.01329
1 0 5 9867 0.01314
1 0 5 9787 0.01987
1 0 5 9787 0.0199
