16 0 1 100000 0.1186
16 0 1 100000 0.1107
16 0 1 100000 0.1042
16 0 1 100000 0.1032
16 0 1 100000 0.1057
16 0 1 100000 0.1086
16 0 1 100000 0.1056
16 0 1 85000 0.09217
16 0 1 85000 0.08926
16 0 1 85000 0.09603
16 0 1 85000 0.09342
16 0 1 85000 0.09341
16 0 1 75000 0.08454
16 0 1 75000 0.08336
16 0 1 75000 0.08488
16 0 1 75000 0.08181
16 0 1 75000 0.08323
16 0 1 75000 0.08257
16 0 1 50000 0.06467
16 0 1 50000 0.0598
16 0 1 50000 0.06066
16 0 1 50000 0.06129
16 0 1 50000 0.0614
16 0 1 50000 0.06303
16 0 1 50000 0.06021
16 0 1 35000 0.04322
16 0 1 35000 0.04444
16 0 1 35000 0.04339
16 0 1 35000 0.04438
16 0 1 35000 0.04215
16 0 1 35000 0.0463
16 0 1 25000 0.02585
16 0 1 25000 0.02912
16 0 1 25000 0.02805
16 0 1 25000 0.02819
16 0 1 25000 0.0277
16 0 1 25000 0.02922
16 0 1 15000 0.01801
16 0 1 15000 0.01756
16 0 1 15000 0.01771
16 0 1 15000 0.01779
16 0 1 15000 0.01851
16 0 1 15000 0.01884
16 0 1 15000 0.01865
16 0 1 10000 0.01347
16 0 1 10000 0.0125
16 0 1 10000 0.01277
16 0 1 10000 0.01331
16 0 1 10000 0.0131
16 0 1 10000 0.01273
16 0 2 113482 0.1196
16 0 2 113071 0.113
16 0 2 113023 0.1086
16 0 2 112896 0.1176
16 0 2 112752 0.1137
16 0 2 112163 0.1163
16 0 2 94670 0.1032
16 0 2 94514 0.1019
16 0 2 94455 0.1012
16 0 2 94283 0.1004
16 0 2 94142 0.1008
16 0 2 93795 0.1198
16 0 2 93268 0.1216
16 0 2 82458 0.1077
16 0 2 82423 0.109
16 0 2 82392 0.1082
16 0 2 82173 0.1094
16 0 2 82095 0.1052
16 0 2 53372 0.06611
16 0 2 53347 0.06584
16 0 2 53293 0.06594
16 0 2 53265 0.06487
16 0 2 53231 0.06637
16 0 2 53170 0.06563
16 0 2 53110 0.0631
16 0 2 36662 0.04363
16 0 2 36620 0.04383
16 0 2 36614 0.04336
16 0 2 36603 0.04471
16 0 2 36580 0.04301
16 0 2 36447 0.04367
16 0 2 25842 0.0294
16 0 2 25836 0.02884
16 0 2 25825 0.02845
16 0 2 25816 0.02845
16 0 2 25806 0.0295
16 0 2 25797 0.03028
16 0 2 15304 0.01902
16 0 2 15303 0.01815
16 0 2 15301 0.01795
16 0 2 15299 0.01877
16 0 2 15298 0.01864
16 0 2 15291 0.01806
16 0 2 15282 0.01828
16 0 2 10134 0.01335
16 0 2 10134 0.01312
16 0 2 10133 0.01297
16 0 2 10131 0.01272
16 0 2 10128 0.01277
16 0 2 10127 0.01319
16 0 2 9983 0.0123
16 0 3 128504 0.1835
16 0 3 127918 0.1836
16 0 3 127598 0.1826
16 0 3 127464 0.1837
16 0 3 126847 0.177
16 0 3 125687 0.1845
16 0 3 105322 0.1106
16 0 3 105135 0.1069
16 0 3 104907 0.1044
16 0 3 104759 0.1095
16 0 3 104589 0.1111
16 0 3 104380 0.1072
16 0 3 90709 0.09724
16 0 3 90579 0.09531
16 0 3 90540 0.09437
16 0 3 90406 0.09621
16 0 3 90347 0.09953
16 0 3 90099 0.09582
16 0 3 88287 0.08979
16 0 3 56844 0.06835
16 0 3 56798 0.0682
16 0 3 56688 0.0691
16 0 3 56625 0.06833
16 0 3 56197 0.06863
16 0 3 38370 0.0457
16 0 3 38336 0.0471
16 0 3 38327 0.04499
16 0 3 38299 0.04538
16 0 3 38290 0.04523
16 0 3 38248 0.04687
16 0 3 37620 0.0458
16 0 3 26692 0.02979
16 0 3 26673 0.03015
16 0 3 26661 0.02964
16 0 3 26657 0.02893
16 0 3 26646 0.02993
16 0 3 26632 0.03029
16 0 3 15610 0.01896
16 0 3 15609 0.01831
16 0 3 15602 0.01877
16 0 3 15600 0.01833
16 0 3 15596 0.01858
16 0 3 15584 0.01881
16 0 3 15577 0.01861
16 0 3 10269 0.01346
16 0 3 10267 0.0132
16 0 3 10265 0.01337
16 0 3 10261 0.01324
16 0 3 10259 0.01379
16 0 3 10250 0.014
16 0 4 145596 0.1955
16 0 4 144500 0.1961
16 0 4 144149 0.1926
16 0 4 143630 0.1918
16 0 4 141285 0.1977
16 0 4 141285 0.199
16 0 4 116621 0.1206
16 0 4 116406 0.1216
16 0 4 116234 0.1205
16 0 4 115969 0.1366
16 0 4 115385 0.1499
16 0 4 112849 0.1455
16 0 4 99502 0.1032
16 0 4 99444 0.1041
16 0 4 99293 0.1054
16 0 4 99102 0.1035
16 0 4 99007 0.09826
16 0 4 98892 0.1042
16 0 4 92477 0.0977
16 0 4 60578 0.071
16 0 4 60488 0.07269
16 0 4 60416 0.07214
16 0 4 60205 0.0723
16 0 4 58585 0.06857
16 0 4 56182 0.06814
16 0 4 40105 0.04864
16 0 4 40055 0.04697
16 0 4 40044 0.04856
16 0 4 40028 0.04796
16 0 4 39941 0.04739
16 0 4 38278 0.04637
16 0 4 27549 0.03168
16 0 4 27543 0.0312
16 0 4 27537 0.03075
16 0 4 27514 0.03143
16 0 4 27502 0.03152
16 0 4 27435 0.03102
16 0 4 15915 0.0186
16 0 4 15910 0.01879
16 0 4 15906 0.01891
16 0 4 15899 0.01911
16 0 4 15890 0.01913
16 0 4 15880 0.01848
16 0 4 10406 0.01392
16 0 4 10402 0.01352
16 0 4 10400 0.01416
16 0 4 10395 0.01362
16 0 4 10394 0.01348
16 0 4 10388 0.01373
16 0 5 163763 0.2
16 0 5 162528 0.2043
16 0 5 161655 0.2015
16 0 5 161443 0.2005
16 0 5 160139 0.1986
16 0 5 153991 0.2017
16 0 5 130138 0.1879
16 0 5 128986 0.1866
16 0 5 128451 0.1847
16 0 5 128080 0.183
16 0 5 127251 0.1817
16 0 5 126458 0.1823
16 0 5 122051 0.1224
16 0 5 108816 0.1113
16 0 5 108369 0.1113
16 0 5 107837 0.1121
16 0 5 107517 0.112
16 0 5 104735 0.1024
16 0 5 64588 0.07506
16 0 5 64555 0.0751
16 0 5 64486 0.07343
16 0 5 64363 0.07551
16 0 5 64121 0.07433
16 0 5 63215 0.08067
16 0 5 60715 0.08145
16 0 5 41950 0.05673
16 0 5 41913 0.05238
16 0 5 41861 0.04861
16 0 5 41828 0.05263
16 0 5 41736 0.05187
16 0 5 41318 0.05227
16 0 5 28475 0.03236
16 0 5 28450 0.03263
16 0 5 28440 0.03184
16 0 5 28406 0.03256
16 0 5 28371 0.03383
16 0 5 28338 0.03465
16 0 5 27522 0.03287
16 0 5 16223 0.02028
16 0 5 16218 0.01985
16 0 5 16209 0.02089
16 0 5 16205 0.0214
16 0 5 16198 0.01943
16 0 5 16162 0.01984
16 0 5 10537 0.01384
16 0 5 10535 0.01413
16 0 5 10534 0.01457
16 0 5 10529 0.01377
16 0 5 10524 0.01449
16 0 5 10383 0.0146
