16 12 1 100000 0.1445
16 12 1 100000 0.1214
16 12 1 100000 0.1039
16 12 1 100000 0.1035
16 12 1 100000 0.1023
16 12 1 100000 0.1044
16 12 1 85000 0.1144
16 12 1 85000 0.1134
16 12 1 85000 0.1012
16 12 1 85000 0.08721
16 12 1 85000 0.08814
16 12 1 85000 0.08733
16 12 1 75000 0.07867
16 12 1 75000 0.07869
16 12 1 75000 0.07946
16 12 1 75000 0.07963
16 12 1 75000 0.08132
16 12 1 75000 0.07977
16 12 1 75000 0.07842
16 12 1 50000 0.05626
16 12 1 50000 0.0573
16 12 1 50000 0.05836
16 12 1 50000 0.05783
16 12 1 50000 0.05752
16 12 1 35000 0.04138
16 12 1 35000 0.04123
16 12 1 35000 0.04199
16 12 1 35000 0.04114
16 12 1 35000 0.04126
16 12 1 35000 0.04024
16 12 1 35000 0.04168
16 12 1 25000 0.02771
16 12 1 25000 0.02726
16 12 1 25000 0.02723
16 12 1 25000 0.02656
16 12 1 25000 0.0276
16 12 1 25000 0.0268
16 12 1 15000 0.0177
16 12 1 15000 0.01631
16 12 1 15000 0.01691
16 12 1 15000 0.01712
16 12 1 15000 0.01711
16 12 1 15000 0.01758
16 12 1 15000 0.01673
16 12 1 10000 0.01225
16 12 1 10000 0.0126
16 12 1 10000 0.01185
16 12 1 10000 0.01195
16 12 1 10000 0.01237
16 12 1 10000 0.01249
16 12 2 113074 0.1095
16 12 2 112935 0.11
16 12 2 112557 0.109
16 12 2 112222 0.1078
16 12 2 111974 0.107
16 12 2 107566 0.1063
16 12 2 94569 0.09727
16 12 2 94347 0.09659
16 12 2 93902 0.09418
16 12 2 93657 0.1166
16 12 2 90283 0.1147
16 12 2 87128 0.1087
16 12 2 82467 0.1069
16 12 2 82334 0.1069
16 12 2 82295 0.1076
16 12 2 82114 0.1052
16 12 2 82046 0.1039
16 12 2 80418 0.1049
16 12 2 53381 0.07287
16 12 2 53357 0.07017
16 12 2 53277 0.06883
16 12 2 53232 0.07204
16 12 2 53186 0.06896
16 12 2 52921 0.06857
16 12 2 51106 0.0647
16 12 2 36618 0.04714
16 12 2 36597 0.04528
16 12 2 36586 0.04623
16 12 2 36571 0.04357
16 12 2 36551 0.04399
16 12 2 35005 0.0433
16 12 2 25838 0.02816
16 12 2 25832 0.03099
16 12 2 25816 0.02842
16 12 2 25790 0.02789
16 12 2 25729 0.03091
16 12 2 25295 0.02867
16 12 2 24261 0.02827
16 12 2 15300 0.0176
16 12 2 15295 0.01667
16 12 2 15294 0.01839
16 12 2 15288 0.01713
16 12 2 15275 0.01832
16 12 2 14695 0.01713
16 12 2 10133 0.01222
16 12 2 10131 0.01272
16 12 2 10129 0.0126
16 12 2 10126 0.01292
16 12 2 10053 0.01234
16 12 2 9865 0.01222
16 12 3 126963 0.2151
16 12 3 126921 0.2098
16 12 3 126405 0.2146
16 12 3 125624 0.2133
16 12 3 119973 0.1509
16 12 3 118561 0.1486
16 12 3 105106 0.1331
16 12 3 104489 0.1312
16 12 3 103727 0.1275
16 12 3 103521 0.1219
16 12 3 100195 0.1204
16 12 3 95625 0.1227
16 12 3 90124 0.1119
16 12 3 90024 0.1126
16 12 3 89796 0.1134
16 12 3 89298 0.1119
16 12 3 87381 0.1062
16 12 3 85137 0.105
16 12 3 56822 0.07279
16 12 3 56755 0.07152
16 12 3 56656 0.07281
16 12 3 56636 0.07322
16 12 3 56553 0.07131
16 12 3 55251 0.07016
16 12 3 52089 0.06803
16 12 3 38284 0.04762
16 12 3 38234 0.04634
16 12 3 38213 0.04616
16 12 3 38177 0.04617
16 12 3 36710 0.04411
16 12 3 36594 0.04414
16 12 3 26712 0.02726
16 12 3 26665 0.02891
16 12 3 26647 0.02994
16 12 3 26607 0.03005
16 12 3 26560 0.02987
16 12 3 26441 0.02966
16 12 3 25256 0.02938
16 12 3 15588 0.01961
16 12 3 15583 0.01917
16 12 3 15574 0.02026
16 12 3 15558 0.01925
16 12 3 15307 0.01809
16 12 3 14978 0.01872
16 12 3 10262 0.0141
16 12 3 10260 0.01315
16 12 3 10258 0.01305
16 12 3 10252 0.01308
16 12 3 10121 0.01278
16 12 3 9990 0.01288
16 12 4 142415 0.2256
16 12 4 138382 0.235
16 12 4 136311 0.2277
16 12 4 135471 0.2217
16 12 4 129982 0.2172
16 12 4 129376 0.2156
16 12 4 116192 0.1494
16 12 4 115667 0.1449
16 12 4 114547 0.1482
16 12 4 107665 0.1386
16 12 4 106455 0.1396
16 12 4 103909 0.1352
16 12 4 99111 0.1281
16 12 4 98826 0.1289
16 12 4 98255 0.127
16 12 4 96101 0.1261
16 12 4 95360 0.1225
16 12 4 89892 0.1173
16 12 4 82606 0.103
16 12 4 60285 0.07968
16 12 4 59871 0.07405
16 12 4 59613 0.07611
16 12 4 58725 0.07587
16 12 4 56894 0.0737
16 12 4 40005 0.05022
16 12 4 39953 0.05119
16 12 4 39912 0.04933
16 12 4 39620 0.04786
16 12 4 38397 0.04851
16 12 4 38300 0.0489
16 12 4 36696 0.04606
16 12 4 27582 0.02973
16 12 4 27489 0.03067
16 12 4 27456 0.03154
16 12 4 27436 0.03167
16 12 4 27344 0.03014
16 12 4 26206 0.02743
16 12 4 15908 0.01856
16 12 4 15897 0.01933
16 12 4 15884 0.01978
16 12 4 15875 0.01953
16 12 4 15860 0.019
16 12 4 15606 0.01993
16 12 4 15288 0.01916
16 12 4 10397 0.0143
16 12 4 10394 0.01425
16 12 4 10392 0.01383
16 12 4 10379 0.01495
16 12 4 10260 0.01415
16 12 4 10214 0.01303
16 12 5 157812 0.2451
16 12 5 154596 0.241
16 12 5 152428 0.2358
16 12 5 150234 0.2375
16 12 5 147537 0.2313
16 12 5 139796 0.2275
16 12 5 128034 0.2086
16 12 5 127744 0.2057
16 12 5 125960 0.2051
16 12 5 122402 0.1465
16 12 5 114141 0.1286
16 12 5 112694 0.14
16 12 5 107921 0.132
16 12 5 107184 0.1331
16 12 5 106158 0.1298
16 12 5 106029 0.1269
16 12 5 102617 0.1247
16 12 5 98823 0.1262
16 12 5 64372 0.08163
16 12 5 64116 0.08144
16 12 5 63626 0.08017
16 12 5 63536 0.07985
16 12 5 62598 0.0778
16 12 5 60638 0.07945
16 12 5 59880 0.07783
16 12 5 41826 0.05192
16 12 5 41476 0.05075
16 12 5 41436 0.05205
16 12 5 41101 0.05122
16 12 5 39868 0.05147
16 12 5 38958 0.04845
16 12 5 28492 0.03141
16 12 5 28369 0.03111
16 12 5 28298 0.03146
16 12 5 28203 0.0325
16 12 5 28074 0.03153
16 12 5 27185 0.02776
16 12 5 16216 0.0199
16 12 5 16203 0.01944
16 12 5 16198 0.01775
16 12 5 16171 0.0189
16 12 5 16126 0.01969
16 12 5 16092 0.01929
16 12 5 15848 0.01861
16 12 5 10537 0.01349
16 12 5 10529 0.01375
16 12 5 10527 0.01386
16 12 5 10505 0.0142
16 12 5 10392 0.01417
16 12 5 10358 0.01421
16 12 5 10240 0.01425
