8 6 1 100000 0.1381
8 6 1 100000 0.1333
8 6 1 100000 0.1019
8 6 1 100000 0.103
8 6 1 100000 0.1042
8 6 1 100000 0.1005
8 6 1 100000 0.1023
8 6 1 100000 0.1035
8 6 1 100000 0.1046
8 6 1 100000 0.105
8 6 1 100000 0.1061
8 6 1 100000 0.1035
8 6 1 85000 0.0892
8 6 1 85000 0.08949
8 6 1 85000 0.09231
8 6 1 85000 0.09085
8 6 1 85000 0.09086
8 6 1 85000 0.08928
8 6 1 85000 0.08891
8 6 1 85000 0.08672
8 6 1 85000 0.09219
8 6 1 85000 0.09143
8 6 1 85000 0.09173
8 6 1 85000 0.09201
8 6 1 85000 0.09183
8 6 1 75000 0.08102
8 6 1 75000 0.08033
8 6 1 75000 0.07956
8 6 1 75000 0.07918
8 6 1 75000 0.07963
8 6 1 75000 0.08025
8 6 1 75000 0.0817
8 6 1 75000 0.08165
8 6 1 75000 0.08242
8 6 1 75000 0.0853
8 6 1 75000 0.08144
8 6 1 75000 0.08183
8 6 1 75000 0.0806
8 6 1 50000 0.05687
8 6 1 50000 0.05792
8 6 1 50000 0.05955
8 6 1 50000 0.05572
8 6 1 50000 0.05693
8 6 1 50000 0.07376
8 6 1 50000 0.07432
8 6 1 50000 0.07543
8 6 1 50000 0.07544
8 6 1 50000 0.0755
8 6 1 50000 0.07436
8 6 1 50000 0.07456
8 6 1 35000 0.05067
8 6 1 35000 0.0521
8 6 1 35000 0.05128
8 6 1 35000 0.05048
8 6 1 35000 0.05094
8 6 1 35000 0.05082
8 6 1 35000 0.05019
8 6 1 35000 0.05065
8 6 1 35000 0.05237
8 6 1 35000 0.05104
8 6 1 35000 0.05215
8 6 1 35000 0.0527
8 6 1 25000 0.03041
8 6 1 25000 0.03049
8 6 1 25000 0.03055
8 6 1 25000 0.03007
8 6 1 25000 0.03107
8 6 1 25000 0.03001
8 6 1 25000 0.0308
8 6 1 25000 0.0314
8 6 1 25000 0.03314
8 6 1 25000 0.03107
8 6 1 25000 0.03153
8 6 1 25000 0.03204
8 6 1 25000 0.03321
8 6 1 15000 0.01927
8 6 1 15000 0.01908
8 6 1 15000 0.0196
8 6 1 15000 0.01865
8 6 1 15000 0.01826
8 6 1 15000 0.01859
8 6 1 15000 0.01885
8 6 1 15000 0.01884
8 6 1 15000 0.02019
8 6 1 15000 0.01826
8 6 1 15000 0.01996
8 6 1 15000 0.01911
8 6 1 10000 0.01378
8 6 1 10000 0.01369
8 6 1 10000 0.01393
8 6 1 10000 0.01371
8 6 1 10000 0.01305
8 6 1 10000 0.01383
8 6 1 10000 0.0127
8 6 1 10000 0.01303
8 6 1 10000 0.01357
8 6 1 10000 0.0135
8 6 1 10000 0.01379
8 6 1 10000 0.01376
8 6 1 10000 0.01377
8 6 2 113158 0.1601
8 6 2 113086 0.1547
8 6 2 112852 0.1604
8 6 2 112660 0.1551
8 6 2 112557 0.1582
8 6 2 111400 0.1554
8 6 2 111400 0.152
8 6 2 108880 0.1476
8 6 2 108578 0.1487
8 6 2 103880 0.1472
8 6 2 103610 0.1461
8 6 2 99772 0.1378
8 6 2 96684 0.1332
8 6 2 94381 0.1336
8 6 2 94275 0.1338
8 6 2 94050 0.1323
8 6 2 93852 0.1327
8 6 2 93681 0.1354
8 6 2 93389 0.1354
8 6 2 91561 0.1326
8 6 2 91315 0.1332
8 6 2 89919 0.1167
8 6 2 87179 0.1264
8 6 2 86337 0.1273
8 6 2 82584 0.1204
8 6 2 82513 0.1176
8 6 2 82377 0.09288
8 6 2 82325 0.08757
8 6 2 82164 0.08622
8 6 2 82127 0.08658
8 6 2 82085 0.08623
8 6 2 81984 0.08539
8 6 2 81249 0.0887
8 6 2 80688 0.08401
8 6 2 79302 0.08589
8 6 2 77598 0.08688
8 6 2 75360 0.08294
8 6 2 53389 0.0651
8 6 2 53381 0.06232
8 6 2 53361 0.06299
8 6 2 53345 0.0634
8 6 2 53319 0.06329
8 6 2 53275 0.06438
8 6 2 53228 0.0624
8 6 2 53147 0.07685
8 6 2 52955 0.07792
8 6 2 52820 0.07735
8 6 2 52076 0.07405
8 6 2 50178 0.07027
8 6 2 49645 0.07004
8 6 2 36662 0.051
8 6 2 36619 0.04897
8 6 2 36592 0.04921
8 6 2 36587 0.04937
8 6 2 36569 0.05076
8 6 2 36564 0.04925
8 6 2 36507 0.0506
8 6 2 36177 0.04957
8 6 2 35961 0.04908
8 6 2 35613 0.04895
8 6 2 35000 0.04977
8 6 2 34642 0.04443
8 6 2 33499 0.04091
8 6 2 25843 0.03032
8 6 2 25832 0.02898
8 6 2 25820 0.02846
8 6 2 25816 0.02874
8 6 2 25791 0.02681
8 6 2 25781 0.02889
8 6 2 25745 0.02732
8 6 2 25725 0.02762
8 6 2 25477 0.02789
8 6 2 25196 0.02736
8 6 2 24519 0.02821
8 6 2 24261 0.02587
8 6 2 15303 0.01863
8 6 2 15302 0.01763
8 6 2 15300 0.01901
8 6 2 15296 0.01755
8 6 2 15294 0.01752
8 6 2 15290 0.01715
8 6 2 15286 0.01751
8 6 2 15284 0.01769
8 6 2 15277 0.01724
8 6 2 15171 0.01839
8 6 2 15093 0.01828
8 6 2 14875 0.01725
8 6 2 14781 0.01787
8 6 2 10134 0.01313
8 6 2 10134 0.01322
8 6 2 10133 0.01346
8 6 2 10132 0.01231
8 6 2 10131 0.01249
8 6 2 10129 0.01233
8 6 2 10127 0.01258
8 6 2 10125 0.01255
8 6 2 10116 0.01267
8 6 2 10039 0.01235
8 6 2 9940 0.01273
8 6 2 9881 0.01235
8 6 3 128085 0.1768
8 6 3 127429 0.1793
8 6 3 126877 0.1815
8 6 3 126667 0.1834
8 6 3 122561 0.1207
8 6 3 122343 0.1201
8 6 3 120286 0.1174
8 6 3 119157 0.1169
8 6 3 113748 0.117
8 6 3 113599 0.1044
8 6 3 111128 0.1133
8 6 3 105621 0.1091
8 6 3 104904 0.107
8 6 3 104585 0.1066
8 6 3 104334 0.1084
8 6 3 103484 0.1067
8 6 3 102377 0.1062
8 6 3 101630 0.1051
8 6 3 101378 0.1027
8 6 3 100494 0.1053
8 6 3 100111 0.1045
8 6 3 96393 0.101
8 6 3 93349 0.1
8 6 3 93154 0.09976
8 6 3 90330 0.09497
8 6 3 90118 0.09993
8 6 3 89788 0.1206
8 6 3 89184 0.1196
8 6 3 89059 0.1209
8 6 3 88026 0.1223
8 6 3 87155 0.1214
8 6 3 86618 0.1184
8 6 3 86618 0.1187
8 6 3 85686 0.1205
8 6 3 81519 0.1106
8 6 3 81519 0.1111
8 6 3 73899 0.1035
8 6 3 73472 0.1052
8 6 3 56839 0.07993
8 6 3 56739 0.07999
8 6 3 56623 0.07945
8 6 3 56471 0.08198
8 6 3 56160 0.0775
8 6 3 55583 0.07439
8 6 3 55146 0.07631
8 6 3 54275 0.07834
8 6 3 53460 0.07871
8 6 3 53120 0.0783
8 6 3 51171 0.07159
8 6 3 44715 0.06402
8 6 3 38334 0.05278
8 6 3 38294 0.0517
8 6 3 38247 0.05308
8 6 3 38217 0.05382
8 6 3 38117 0.05087
8 6 3 37897 0.05303
8 6 3 37473 0.04975
8 6 3 37175 0.0508
8 6 3 36822 0.05012
8 6 3 36645 0.05256
8 6 3 35913 0.04998
8 6 3 35062 0.04986
8 6 3 26710 0.0325
8 6 3 26697 0.03326
8 6 3 26673 0.03104
8 6 3 26658 0.03265
8 6 3 26621 0.0318
8 6 3 26613 0.03296
8 6 3 26594 0.03212
8 6 3 26513 0.02973
8 6 3 26295 0.03241
8 6 3 26188 0.03247
8 6 3 25843 0.03202
8 6 3 25095 0.03001
8 6 3 24986 0.03215
8 6 3 15611 0.02045
8 6 3 15600 0.01991
8 6 3 15597 0.01985
8 6 3 15587 0.01887
8 6 3 15582 0.01994
8 6 3 15574 0.01978
8 6 3 15548 0.01958
8 6 3 15437 0.01985
8 6 3 15401 0.01978
8 6 3 15278 0.02038
8 6 3 15195 0.01996
8 6 3 15082 0.01975
8 6 3 14860 0.02045
8 6 3 10266 0.01466
8 6 3 10265 0.01418
8 6 3 10264 0.01433
8 6 3 10261 0.0148
8 6 3 10257 0.01404
8 6 3 10247 0.01391
8 6 3 10209 0.01472
8 6 3 10175 0.01376
8 6 3 10137 0.01415
8 6 3 10075 0.01347
8 6 3 10012 0.01425
8 6 3 9962 0.0143
8 6 4 144044 0.2313
8 6 4 143571 0.2382
8 6 4 138506 0.2278
8 6 4 138506 0.2274
8 6 4 137325 0.2328
8 6 4 133252 0.2247
8 6 4 133252 0.2259
8 6 4 129249 0.2201
8 6 4 128121 0.2198
8 6 4 124232 0.1946
8 6 4 119159 0.1317
8 6 4 116680 0.1168
8 6 4 116240 0.1165
8 6 4 115523 0.114
8 6 4 115082 0.1149
8 6 4 113378 0.1116
8 6 4 112987 0.1129
8 6 4 111547 0.1129
8 6 4 111538 0.1111
8 6 4 108631 0.1133
8 6 4 108472 0.1151
8 6 4 104470 0.1094
8 6 4 104023 0.1091
8 6 4 99192 0.1028
8 6 4 99192 0.1025
8 6 4 98947 0.101
8 6 4 98684 0.09984
8 6 4 98311 0.1062
8 6 4 96500 0.103
8 6 4 96234 0.1007
8 6 4 95041 0.09855
8 6 4 93713 0.09755
8 6 4 92496 0.09961
8 6 4 91515 0.09753
8 6 4 85710 0.09246
8 6 4 85702 0.09197
8 6 4 83605 0.09199
8 6 4 60688 0.07128
8 6 4 60556 0.06986
8 6 4 60487 0.06939
8 6 4 60397 0.06787
8 6 4 60040 0.06869
8 6 4 59709 0.06789
8 6 4 59526 0.07194
8 6 4 58973 0.06905
8 6 4 58135 0.06682
8 6 4 56678 0.06661
8 6 4 56580 0.06473
8 6 4 54569 0.06325
8 6 4 50303 0.05942
8 6 4 40093 0.04658
8 6 4 40005 0.04523
8 6 4 39967 0.04436
8 6 4 39949 0.04519
8 6 4 39654 0.04607
8 6 4 39188 0.04482
8 6 4 39029 0.04461
8 6 4 38707 0.04446
8 6 4 38500 0.04484
8 6 4 38315 0.04589
8 6 4 37478 0.04455
8 6 4 36593 0.04531
8 6 4 34364 0.04278
8 6 4 27553 0.03151
8 6 4 27531 0.03004
8 6 4 27489 0.02875
8 6 4 27476 0.03035
8 6 4 27445 0.02907
8 6 4 27420 0.02957
8 6 4 27179 0.02842
8 6 4 26927 0.028
8 6 4 26706 0.03101
8 6 4 25963 0.03103
8 6 4 25823 0.02964
8 6 4 24872 0.02826
8 6 4 15906 0.01786
8 6 4 15899 0.01869
8 6 4 15893 0.01806
8 6 4 15878 0.01832
8 6 4 15871 0.01823
8 6 4 15859 0.01766
8 6 4 15732 0.01736
8 6 4 15675 0.0191
8 6 4 15517 0.01822
8 6 4 15451 0.01922
8 6 4 15330 0.01833
8 6 4 15101 0.01897
8 6 4 10405 0.0136
8 6 4 10404 0.01415
8 6 4 10400 0.01354
8 6 4 10397 0.0134
8 6 4 10394 0.01355
8 6 4 10391 0.01302
8 6 4 10382 0.01299
8 6 4 10343 0.01346
8 6 4 10323 0.01338
8 6 4 10264 0.0131
8 6 4 10205 0.01393
8 6 4 10127 0.01303
8 6 4 10053 0.01324
8 6 5 161063 0.1991
8 6 5 159145 0.1927
8 6 5 157578 0.1939
8 6 5 152090 0.1908
8 6 5 151656 0.193
8 6 5 147412 0.191
8 6 5 146754 0.1887
8 6 5 144111 0.1864
8 6 5 134911 0.1711
8 6 5 133134 0.1721
8 6 5 129159 0.1731
8 6 5 128184 0.1749
8 6 5 126547 0.1759
8 6 5 125829 0.173
8 6 5 124509 0.168
8 6 5 123948 0.1744
8 6 5 123678 0.1742
8 6 5 121975 0.1194
8 6 5 120367 0.1203
8 6 5 119788 0.1171
8 6 5 115059 0.1185
8 6 5 113643 0.115
8 6 5 112992 0.1165
8 6 5 108232 0.1123
8 6 5 107960 0.1076
8 6 5 107491 0.1125
8 6 5 106547 0.1102
8 6 5 106333 0.1058
8 6 5 104976 0.1028
8 6 5 104195 0.1081
8 6 5 102375 0.1073
8 6 5 102186 0.1025
8 6 5 98322 0.1037
8 6 5 96185 0.1018
8 6 5 93495 0.09795
8 6 5 88143 0.09194
8 6 5 83970 0.09083
8 6 5 64633 0.07192
8 6 5 64500 0.07054
8 6 5 64383 0.06868
8 6 5 64255 0.06781
8 6 5 63645 0.06959
8 6 5 63540 0.07
8 6 5 62714 0.07002
8 6 5 62019 0.07013
8 6 5 60397 0.06846
8 6 5 60161 0.06928
8 6 5 57724 0.06891
8 6 5 55230 0.06345
8 6 5 52613 0.06441
8 6 5 41858 0.04818
8 6 5 41785 0.04922
8 6 5 41751 0.04901
8 6 5 41446 0.04754
8 6 5 41024 0.04654
8 6 5 40771 0.04463
8 6 5 40315 0.04943
8 6 5 40188 0.04556
8 6 5 39895 0.04789
8 6 5 38718 0.04634
8 6 5 37593 0.04465
8 6 5 36788 0.04408
8 6 5 28537 0.03328
8 6 5 28484 0.0312
8 6 5 28434 0.03044
8 6 5 28370 0.03102
8 6 5 28355 0.02948
8 6 5 28333 0.03096
8 6 5 28253 0.03022
8 6 5 28039 0.02926
8 6 5 27823 0.02979
8 6 5 27622 0.03018
8 6 5 26709 0.02888
8 6 5 26406 0.02983
8 6 5 25486 0.03086
8 6 5 16235 0.01951
8 6 5 16210 0.01847
8 6 5 16198 0.0186
8 6 5 16193 0.01919
8 6 5 16190 0.01943
8 6 5 16170 0.01821
8 6 5 16089 0.01833
8 6 5 16025 0.01858
8 6 5 15780 0.01784
8 6 5 15725 0.01853
8 6 5 15579 0.0188
8 6 5 15297 0.01935
8 6 5 14963 0.01847
8 6 5 10535 0.01382
8 6 5 10533 0.01346
8 6 5 10530 0.01337
8 6 5 10521 0.01344
8 6 5 10501 0.01301
8 6 5 10472 0.0131
8 6 5 10419 0.01347
8 6 5 10382 0.01369
8 6 5 10320 0.01385
8 6 5 10248 0.01313
8 6 5 10134 0.01323
8 6 5 10059 0.01307
