16 14 1 100000 0.139
16 14 1 100000 0.1343
16 14 1 100000 0.1334
16 14 1 100000 0.1341
16 14 1 100000 0.1334
16 14 1 100000 0.1327
16 14 1 85000 0.116
16 14 1 85000 0.1191
16 14 1 85000 0.1189
16 14 1 85000 0.1188
16 14 1 85000 0.1163
16 14 1 85000 0.1178
16 14 1 85000 0.1174
16 14 1 75000 0.105
16 14 1 75000 0.1034
16 14 1 75000 0.1038
16 14 1 75000 0.1046
16 14 1 75000 0.1044
16 14 1 50000 0.07066
16 14 1 50000 0.07169
16 14 1 50000 0.07115
16 14 1 50000 0.07052
16 14 1 50000 0.07135
16 14 1 50000 0.07208
16 14 1 50000 0.06939
16 14 1 35000 0.04899
16 14 1 35000 0.04958
16 14 1 35000 0.05055
16 14 1 35000 0.04886
16 14 1 35000 0.04959
16 14 1 35000 0.04973
16 14 1 25000 0.03129
16 14 1 25000 0.03122
16 14 1 25000 0.03286
16 14 1 25000 0.03108
16 14 1 25000 0.03183
16 14 1 25000 0.03187
16 14 1 25000 0.03156
16 14 1 15000 0.01913
16 14 1 15000 0.01999
16 14 1 15000 0.0203
16 14 1 15000 0.01946
16 14 1 15000 0.0187
16 14 1 15000 0.01913
16 14 1 10000 0.01349
16 14 1 10000 0.01364
16 14 1 10000 0.01359
16 14 1 10000 0.01328
16 14 1 10000 0.01381
16 14 1 10000 0.01398
16 14 2 113556 0.1516
16 14 2 113101 0.1491
16 14 2 113101 0.1494
16 14 2 107808 0.1412
16 14 2 99958 0.1337
16 14 2 98106 0.1332
16 14 2 94723 0.1288
16 14 2 94118 0.1292
16 14 2 89957 0.1225
16 14 2 89440 0.1155
16 14 2 87176 0.09207
16 14 2 82545 0.08826
16 14 2 81978 0.08844
16 14 2 81387 0.1134
16 14 2 79496 0.1128
16 14 2 78975 0.1069
16 14 2 75643 0.1063
16 14 2 71818 0.1018
16 14 2 68049 0.1027
16 14 2 53372 0.08114
16 14 2 53348 0.07927
16 14 2 53215 0.07492
16 14 2 52436 0.07675
16 14 2 51030 0.07684
16 14 2 48591 0.07344
16 14 2 36646 0.05577
16 14 2 36629 0.0525
16 14 2 35776 0.05031
16 14 2 35108 0.04214
16 14 2 34497 0.04251
16 14 2 33745 0.0406
16 14 2 25843 0.02917
16 14 2 25837 0.02813
16 14 2 25711 0.03066
16 14 2 25490 0.02853
16 14 2 24771 0.03068
16 14 2 24478 0.02953
16 14 2 15305 0.02022
16 14 2 15290 0.02043
16 14 2 15266 0.02011
16 14 2 15012 0.01963
16 14 2 14857 0.01962
16 14 2 14778 0.01863
16 14 2 10135 0.01361
16 14 2 10134 0.01427
16 14 2 10133 0.01354
16 14 2 10132 0.01345
16 14 2 10120 0.01375
16 14 2 10080 0.01379
16 14 2 9973 0.01346
16 14 3 128365 0.2224
16 14 3 126023 0.2175
16 14 3 117735 0.1538
16 14 3 115398 0.149
16 14 3 111393 0.1186
16 14 3 107978 0.1072
16 14 3 103660 0.1054
16 14 3 98982 0.09944
16 14 3 97449 0.09913
16 14 3 95432 0.09696
16 14 3 92936 0.09381
16 14 3 90525 0.09379
16 14 3 88737 0.09033
16 14 3 88215 0.09256
16 14 3 85384 0.08785
16 14 3 81614 0.08709
16 14 3 81470 0.08708
16 14 3 77958 0.0827
16 14 3 56993 0.067
16 14 3 56938 0.0645
16 14 3 56629 0.06675
16 14 3 55329 0.06685
16 14 3 53829 0.06258
16 14 3 53622 0.06435
16 14 3 51192 0.06071
16 14 3 38400 0.0459
16 14 3 38361 0.04567
16 14 3 37281 0.04401
16 14 3 36656 0.04351
16 14 3 35693 0.04394
16 14 3 35337 0.0432
16 14 3 26702 0.0316
16 14 3 26679 0.03091
16 14 3 25859 0.02926
16 14 3 25816 0.02915
16 14 3 25334 0.02817
16 14 3 25140 0.0277
16 14 3 15615 0.01991
16 14 3 15591 0.01928
16 14 3 15578 0.01983
16 14 3 15318 0.01795
16 14 3 15151 0.01846
16 14 3 15117 0.01869
16 14 3 14623 0.01757
16 14 3 10269 0.01319
16 14 3 10265 0.01404
16 14 3 10249 0.01405
16 14 3 10199 0.01294
16 14 3 10141 0.0127
16 14 3 10099 0.01257
16 14 4 144451 0.1926
16 14 4 131493 0.1803
16 14 4 125743 0.1725
16 14 4 124095 0.1629
16 14 4 117486 0.1136
16 14 4 111735 0.1125
16 14 4 108377 0.1082
16 14 4 104585 0.1046
16 14 4 102307 0.1007
16 14 4 100186 0.1001
16 14 4 98272 0.09853
16 14 4 97086 0.09905
16 14 4 92614 0.09379
16 14 4 91845 0.09468
16 14 4 89112 0.08984
16 14 4 88368 0.09122
16 14 4 86432 0.09019
16 14 4 80189 0.08384
16 14 4 60112 0.06815
16 14 4 59255 0.06799
16 14 4 57392 0.06655
16 14 4 55151 0.06388
16 14 4 54633 0.06262
16 14 4 54121 0.06337
16 14 4 52768 0.06237
16 14 4 39572 0.04564
16 14 4 38037 0.0434
16 14 4 37277 0.04294
16 14 4 36832 0.04253
16 14 4 35606 0.04304
16 14 4 35252 0.04056
16 14 4 27600 0.03201
16 14 4 27382 0.03119
16 14 4 27025 0.02988
16 14 4 26238 0.03066
16 14 4 25978 0.02999
16 14 4 25771 0.02901
16 14 4 15932 0.01873
16 14 4 15923 0.01889
16 14 4 15623 0.01898
16 14 4 15507 0.01865
16 14 4 15432 0.01899
16 14 4 15325 0.01796
16 14 4 15013 0.01739
16 14 4 10321 0.01356
16 14 4 10316 0.01331
16 14 4 10255 0.01388
16 14 4 10220 0.01351
16 14 4 10132 0.013
16 14 4 10060 0.0127
16 14 5 156081 0.2007
16 14 5 137695 0.1766
16 14 5 125589 0.1817
16 14 5 124811 0.1729
16 14 5 122883 0.1757
16 14 5 117859 0.1142
16 14 5 112680 0.1106
16 14 5 111349 0.1082
16 14 5 104775 0.1068
16 14 5 104775 0.1065
16 14 5 102333 0.103
16 14 5 99328 0.1009
16 14 5 95511 0.09851
16 14 5 94204 0.09521
16 14 5 90987 0.09365
16 14 5 87500 0.08861
16 14 5 81870 0.08442
16 14 5 81282 0.08483
16 14 5 72896 0.0807
16 14 5 60202 0.07003
16 14 5 58267 0.06641
16 14 5 56311 0.06702
16 14 5 55426 0.06363
16 14 5 52856 0.06339
16 14 5 42133 0.0514
16 14 5 40850 0.04721
16 14 5 40171 0.04802
16 14 5 38222 0.04569
16 14 5 37029 0.04317
16 14 5 35975 0.04345
16 14 5 34504 0.04046
16 14 5 28540 0.03241
16 14 5 28456 0.03101
16 14 5 27368 0.03086
16 14 5 26802 0.03153
16 14 5 26569 0.03138
16 14 5 25834 0.0297
16 14 5 25217 0.02917
16 14 5 15877 0.0194
16 14 5 15745 0.01908
16 14 5 15541 0.01918
16 14 5 15346 0.01889
16 14 5 14914 0.01863
16 14 5 10534 0.01371
16 14 5 10381 0.01394
16 14 5 10362 0.01471
16 14 5 10264 0.01371
16 14 5 10194 0.01287
16 14 5 10156 0.01291
16 14 5 10042 0.01342
