16 13 1 100000 0.1417
16 13 1 100000 0.1381
16 13 1 100000 0.1384
16 13 1 100000 0.1358
16 13 1 100000 0.1056
16 13 1 100000 0.1019
16 13 1 85000 0.08948
16 13 1 85000 0.08817
16 13 1 85000 0.08892
16 13 1 85000 0.09394
16 13 1 85000 0.09058
16 13 1 85000 0.09065
16 13 1 85000 0.09492
16 13 1 75000 0.08402
16 13 1 75000 0.08075
16 13 1 75000 0.08522
16 13 1 75000 0.08255
16 13 1 75000 0.08585
16 13 1 75000 0.08291
16 13 1 50000 0.05939
16 13 1 50000 0.06065
16 13 1 50000 0.06057
16 13 1 50000 0.06287
16 13 1 50000 0.06236
16 13 1 50000 0.0615
16 13 1 50000 0.06149
16 13 1 35000 0.0422
16 13 1 35000 0.04216
16 13 1 35000 0.04448
16 13 1 35000 0.04347
16 13 1 35000 0.04344
16 13 1 25000 0.02654
16 13 1 25000 0.02667
16 13 1 25000 0.02916
16 13 1 25000 0.02759
16 13 1 25000 0.02892
16 13 1 25000 0.02829
16 13 1 15000 0.01724
16 13 1 15000 0.01768
16 13 1 15000 0.01691
16 13 1 15000 0.01807
16 13 1 15000 0.01796
16 13 1 15000 0.01848
16 13 1 15000 0.01792
16 13 1 10000 0.0122
16 13 1 10000 0.01265
16 13 1 10000 0.01266
16 13 1 10000 0.01337
16 13 1 10000 0.01292
16 13 1 10000 0.01244
16 13 2 113416 0.1137
16 13 2 113236 0.1179
16 13 2 112272 0.1128
16 13 2 111066 0.1161
16 13 2 103434 0.1041
16 13 2 101754 0.1074
16 13 2 94723 0.1021
16 13 2 94118 0.1027
16 13 2 93153 0.09681
16 13 2 92324 0.1004
16 13 2 87765 0.09286
16 13 2 87176 0.09521
16 13 2 82464 0.08934
16 13 2 82161 0.08903
16 13 2 81724 0.09202
16 13 2 80998 0.08874
16 13 2 78495 0.08354
16 13 2 75643 0.08289
16 13 2 70813 0.08065
16 13 2 53372 0.0671
16 13 2 53341 0.06687
16 13 2 53254 0.06309
16 13 2 53213 0.06302
16 13 2 52750 0.06504
16 13 2 51520 0.06116
16 13 2 36662 0.04423
16 13 2 36646 0.04623
16 13 2 36590 0.04279
16 13 2 36548 0.04337
16 13 2 35776 0.04271
16 13 2 35087 0.04474
16 13 2 25848 0.02839
16 13 2 25843 0.02855
16 13 2 25820 0.02909
16 13 2 25791 0.02845
16 13 2 25658 0.02943
16 13 2 24771 0.02843
16 13 2 24478 0.02669
16 13 2 15303 0.01736
16 13 2 15291 0.01755
16 13 2 15285 0.01825
16 13 2 15265 0.01749
16 13 2 14974 0.01804
16 13 2 14814 0.01784
16 13 2 10134 0.01303
16 13 2 10134 0.01318
16 13 2 10132 0.01256
16 13 2 10129 0.01284
16 13 2 10114 0.01267
16 13 2 10021 0.01308
16 13 3 127654 0.1727
16 13 3 126615 0.1733
16 13 3 126023 0.1813
16 13 3 115985 0.1139
16 13 3 115398 0.1176
16 13 3 110408 0.1136
16 13 3 104890 0.1029
16 13 3 103338 0.1054
16 13 3 102952 0.1028
16 13 3 97378 0.1032
16 13 3 96930 0.1013
16 13 3 92683 0.09692
16 13 3 90361 0.09505
16 13 3 89745 0.09189
16 13 3 88675 0.09099
16 13 3 85618 0.08983
16 13 3 85446 0.08961
16 13 3 79965 0.08615
16 13 3 73559 0.08232
16 13 3 56993 0.06871
16 13 3 56811 0.0656
16 13 3 56716 0.06688
16 13 3 56590 0.06567
16 13 3 54888 0.06786
16 13 3 53622 0.06643
16 13 3 38400 0.04718
16 13 3 38377 0.04629
16 13 3 38236 0.04375
16 13 3 38146 0.04442
16 13 3 36656 0.04456
16 13 3 35830 0.04395
16 13 3 26707 0.02965
16 13 3 26694 0.03153
16 13 3 26642 0.02895
16 13 3 26551 0.02899
16 13 3 25816 0.02918
16 13 3 25334 0.02853
16 13 3 25091 0.02834
16 13 3 15603 0.01754
16 13 3 15579 0.01797
16 13 3 15568 0.01711
16 13 3 15319 0.01792
16 13 3 15151 0.01811
16 13 3 15028 0.01823
16 13 3 10268 0.01274
16 13 3 10262 0.01274
16 13 3 10253 0.0139
16 13 3 10246 0.01374
16 13 3 10147 0.01308
16 13 3 10048 0.01196
16 13 4 143179 0.1831
16 13 4 142322 0.1857
16 13 4 131493 0.1837
16 13 4 131370 0.18
16 13 4 122487 0.119
16 13 4 116175 0.1129
16 13 4 114084 0.1138
16 13 4 110695 0.111
16 13 4 108564 0.1068
16 13 4 104939 0.1087
16 13 4 102307 0.1029
16 13 4 98442 0.1016
16 13 4 98202 0.09997
16 13 4 97488 0.09843
16 13 4 96198 0.09659
16 13 4 90876 0.09516
16 13 4 88027 0.091
16 13 4 82610 0.08888
16 13 4 79773 0.08984
16 13 4 60360 0.0689
16 13 4 60198 0.06971
16 13 4 59255 0.07044
16 13 4 57269 0.07012
16 13 4 54999 0.0659
16 13 4 54121 0.06572
16 13 4 40187 0.04781
16 13 4 39907 0.04484
16 13 4 39572 0.04676
16 13 4 38544 0.04629
16 13 4 37277 0.04386
16 13 4 36662 0.04352
16 13 4 27605 0.03139
16 13 4 27559 0.03081
16 13 4 27450 0.02843
16 13 4 27144 0.02827
16 13 4 26453 0.02901
16 13 4 26152 0.029
16 13 4 25532 0.02888
16 13 4 15903 0.0174
16 13 4 15877 0.01713
16 13 4 15697 0.01886
16 13 4 15559 0.01944
16 13 4 15346 0.01858
16 13 4 15017 0.01796
16 13 4 10393 0.01297
16 13 4 10384 0.01307
16 13 4 10318 0.01415
16 13 4 10246 0.01293
16 13 4 10157 0.01291
16 13 4 10060 0.01226
16 13 5 158404 0.2055
16 13 5 152470 0.1902
16 13 5 148177 0.1941
16 13 5 130056 0.1955
16 13 5 126586 0.2113
16 13 5 124494 0.1927
16 13 5 122685 0.1213
16 13 5 116158 0.1145
16 13 5 114236 0.1108
16 13 5 111898 0.1128
16 13 5 109442 0.1108
16 13 5 107001 0.1081
16 13 5 103552 0.1038
16 13 5 103482 0.104
16 13 5 96100 0.09952
16 13 5 92702 0.09542
16 13 5 91812 0.09697
16 13 5 82554 0.088
16 13 5 81699 0.08784
16 13 5 64016 0.07161
16 13 5 63750 0.06828
16 13 5 60202 0.07121
16 13 5 58340 0.06711
16 13 5 56228 0.06697
16 13 5 52786 0.0645
16 13 5 42133 0.05231
16 13 5 41666 0.04666
16 13 5 40796 0.04706
16 13 5 39819 0.04666
16 13 5 37248 0.04528
16 13 5 35755 0.04505
16 13 5 34504 0.04366
16 13 5 28332 0.03132
16 13 5 27973 0.02953
16 13 5 27104 0.03152
16 13 5 26640 0.03123
16 13 5 26235 0.03101
16 13 5 16245 0.02116
16 13 5 16202 0.02003
16 13 5 16183 0.01942
16 13 5 15971 0.02006
16 13 5 15745 0.01925
16 13 5 15378 0.0195
16 13 5 14914 0.0202
16 13 5 10532 0.0134
16 13 5 10515 0.01395
16 13 5 10411 0.01397
16 13 5 10362 0.01579
16 13 5 10228 0.01477
16 13 5 10164 0.01453
