16 1 1 100000 0.1077
16 1 1 100000 0.1029
16 1 1 100000 0.1019
16 1 1 100000 0.1001
16 1 1 100000 0.09734
16 1 1 100000 0.09652
16 1 1 85000 0.0896
16 1 1 85000 0.08333
16 1 1 85000 0.09861
16 1 1 85000 0.1153
16 1 1 85000 0.1149
16 1 1 85000 0.1131
16 1 1 85000 0.1155
16 1 1 75000 0.1076
16 1 1 75000 0.1071
16 1 1 75000 0.1057
16 1 1 75000 0.1056
16 1 1 75000 0.1068
16 1 1 75000 0.1057
16 1 1 50000 0.07207
16 1 1 50000 0.07188
16 1 1 50000 0.07363
16 1 1 50000 0.07151
16 1 1 50000 0.07091
16 1 1 50000 0.07119
16 1 1 50000 0.07235
16 1 1 35000 0.04946
16 1 1 35000 0.05101
16 1 1 35000 0.05084
16 1 1 35000 0.05086
16 1 1 35000 0.04973
16 1 1 25000 0.03092
16 1 1 25000 0.03064
16 1 1 25000 0.03078
16 1 1 25000 0.03121
16 1 1 25000 0.03095
16 1 1 25000 0.03128
16 1 1 15000 0.02003
16 1 1 15000 0.01971
16 1 1 15000 0.01937
16 1 1 15000 0.01991
16 1 1 15000 0.01851
16 1 1 15000 0.0193
16 1 1 15000 0.01868
16 1 1 10000 0.01409
16 1 1 10000 0.01364
16 1 1 10000 0.01382
16 1 1 10000 0.01417
16 1 1 10000 0.01327
16 1 1 10000 0.01358
16 1 2 113340 0.1543
16 1 2 113102 0.1547
16 1 2 113046 0.155
16 1 2 112896 0.1556
16 1 2 112752 0.1486
16 1 2 112242 0.1514
16 1 2 94667 0.1035
16 1 2 94514 0.1365
16 1 2 94455 0.1365
16 1 2 94300 0.1351
16 1 2 94161 0.1346
16 1 2 93795 0.1372
16 1 2 93268 0.1341
16 1 2 82497 0.1202
16 1 2 82461 0.122
16 1 2 82423 0.1113
16 1 2 82387 0.09
16 1 2 82222 0.09179
16 1 2 82095 0.08918
16 1 2 53371 0.06678
16 1 2 53346 0.06657
16 1 2 53312 0.06493
16 1 2 53287 0.06573
16 1 2 53210 0.06571
16 1 2 53167 0.06526
16 1 2 36662 0.04468
16 1 2 36647 0.04477
16 1 2 36615 0.04502
16 1 2 36608 0.04498
16 1 2 36580 0.04266
16 1 2 36568 0.04422
16 1 2 36158 0.0451
16 1 2 25837 0.02927
16 1 2 25833 0.02849
16 1 2 25825 0.02853
16 1 2 25808 0.02892
16 1 2 25803 0.03021
16 1 2 25771 0.02862
16 1 2 15302 0.0181
16 1 2 15299 0.01924
16 1 2 15298 0.01867
16 1 2 15298 0.01849
16 1 2 15291 0.01856
16 1 2 15268 0.01742
16 1 2 10133 0.01287
16 1 2 10132 0.01307
16 1 2 10130 0.01324
16 1 2 10128 0.01262
16 1 2 10126 0.01285
16 1 2 9983 0.01223
16 1 3 128202 0.1813
16 1 3 127947 0.18
16 1 3 127917 0.1865
16 1 3 127541 0.185
16 1 3 127202 0.1846
16 1 3 126149 0.1777
16 1 3 105218 0.106
16 1 3 105135 0.1064
16 1 3 104855 0.1198
16 1 3 104759 0.1104
16 1 3 104555 0.1112
16 1 3 104332 0.1103
16 1 3 103723 0.1096
16 1 3 90571 0.09754
16 1 3 90486 0.09673
16 1 3 90393 0.09851
16 1 3 90347 0.09942
16 1 3 90099 0.09528
16 1 3 89589 0.09543
16 1 3 56899 0.06889
16 1 3 56844 0.06782
16 1 3 56798 0.06786
16 1 3 56749 0.06604
16 1 3 56625 0.06824
16 1 3 56486 0.06607
16 1 3 38369 0.04634
16 1 3 38329 0.046
16 1 3 38308 0.04632
16 1 3 38290 0.04469
16 1 3 38248 0.04621
16 1 3 38195 0.04567
16 1 3 37620 0.04578
16 1 3 26685 0.0285
16 1 3 26670 0.03049
16 1 3 26658 0.02993
16 1 3 26645 0.0292
16 1 3 26637 0.03188
16 1 3 15610 0.01919
16 1 3 15609 0.0194
16 1 3 15602 0.01932
16 1 3 15601 0.01822
16 1 3 15597 0.01849
16 1 3 15593 0.01925
16 1 3 15581 0.01953
16 1 3 10270 0.01288
16 1 3 10268 0.01346
16 1 3 10266 0.01333
16 1 3 10261 0.01356
16 1 3 10260 0.01344
16 1 3 10255 0.01293
16 1 4 145389 0.1955
16 1 4 144415 0.1843
16 1 4 144271 0.1882
16 1 4 143666 0.1941
16 1 4 143230 0.1891
16 1 4 137762 0.1906
16 1 4 117173 0.119
16 1 4 116436 0.1188
16 1 4 116342 0.1175
16 1 4 116156 0.1178
16 1 4 115969 0.1256
16 1 4 115341 0.125
16 1 4 115003 0.1221
16 1 4 99444 0.105
16 1 4 99293 0.1058
16 1 4 99216 0.1035
16 1 4 99052 0.1038
16 1 4 98892 0.1035
16 1 4 94702 0.09815
16 1 4 60632 0.07137
16 1 4 60606 0.07153
16 1 4 60549 0.07016
16 1 4 60447 0.06752
16 1 4 60394 0.07098
16 1 4 60140 0.07131
16 1 4 40122 0.04771
16 1 4 40108 0.04712
16 1 4 40055 0.0463
16 1 4 40031 0.04537
16 1 4 40008 0.0469
16 1 4 39909 0.04581
16 1 4 27576 0.03132
16 1 4 27575 0.031
16 1 4 27552 0.03205
16 1 4 27539 0.0302
16 1 4 27516 0.02939
16 1 4 27507 0.0292
16 1 4 27490 0.03086
16 1 4 15915 0.0188
16 1 4 15910 0.01898
16 1 4 15903 0.0184
16 1 4 15899 0.01931
16 1 4 15896 0.01911
16 1 4 15880 0.01849
16 1 4 10406 0.01374
16 1 4 10403 0.01367
16 1 4 10400 0.01423
16 1 4 10395 0.01318
16 1 4 10394 0.01334
16 1 4 10388 0.01378
16 1 5 163696 0.2002
16 1 5 162608 0.203
16 1 5 162334 0.1964
16 1 5 161244 0.2006
16 1 5 160018 0.2031
16 1 5 152599 0.1974
16 1 5 152599 0.197
16 1 5 128674 0.1881
16 1 5 128287 0.1705
16 1 5 128059 0.1843
16 1 5 127256 0.1772
16 1 5 126762 0.1784
16 1 5 109147 0.1143
16 1 5 109000 0.1134
16 1 5 108603 0.1149
16 1 5 108294 0.1161
16 1 5 107667 0.1136
16 1 5 107304 0.1154
16 1 5 101565 0.1094
16 1 5 64591 0.07414
16 1 5 64555 0.07601
16 1 5 64486 0.07396
16 1 5 64367 0.07449
16 1 5 64212 0.07366
16 1 5 63899 0.07454
16 1 5 60715 0.07261
16 1 5 41930 0.04931
16 1 5 41860 0.0496
16 1 5 41785 0.04898
16 1 5 41711 0.04754
16 1 5 41318 0.04815
16 1 5 28475 0.03072
16 1 5 28441 0.03187
16 1 5 28436 0.03181
16 1 5 28400 0.0305
16 1 5 28357 0.03057
16 1 5 28332 0.0314
16 1 5 16240 0.01989
16 1 5 16231 0.01842
16 1 5 16218 0.0195
16 1 5 16209 0.01964
16 1 5 16206 0.01891
16 1 5 16205 0.0199
16 1 5 16185 0.01991
16 1 5 10541 0.01352
16 1 5 10535 0.01325
16 1 5 10534 0.01398
16 1 5 10531 0.01334
16 1 5 10529 0.01333
16 1 5 10486 0.01357
