8 5 1 100000 0.1426
8 5 1 100000 0.1415
8 5 1 100000 0.1058
8 5 1 100000 0.1051
8 5 1 100000 0.1014
8 5 1 100000 0.1036
8 5 1 100000 0.102
8 5 1 100000 0.1005
8 5 1 100000 0.1031
8 5 1 100000 0.1023
8 5 1 100000 0.105
8 5 1 100000 0.1023
8 5 1 100000 0.1046
8 5 1 85000 0.09534
8 5 1 85000 0.09299
8 5 1 85000 0.09337
8 5 1 85000 0.09018
8 5 1 85000 0.09273
8 5 1 85000 0.09204
8 5 1 85000 0.09143
8 5 1 85000 0.09263
8 5 1 85000 0.09093
8 5 1 85000 0.09317
8 5 1 85000 0.09176
8 5 1 85000 0.09111
8 5 1 75000 0.08578
8 5 1 75000 0.08311
8 5 1 75000 0.08447
8 5 1 75000 0.08235
8 5 1 75000 0.08138
8 5 1 75000 0.08087
8 5 1 75000 0.08244
8 5 1 75000 0.08202
8 5 1 75000 0.08183
8 5 1 75000 0.08157
8 5 1 75000 0.08084
8 5 1 75000 0.0811
8 5 1 50000 0.05928
8 5 1 50000 0.06141
8 5 1 50000 0.06109
8 5 1 50000 0.06137
8 5 1 50000 0.06058
8 5 1 50000 0.05886
8 5 1 50000 0.05941
8 5 1 50000 0.05868
8 5 1 50000 0.05749
8 5 1 50000 0.06013
8 5 1 50000 0.05708
8 5 1 50000 0.05852
8 5 1 50000 0.06002
8 5 1 35000 0.04342
8 5 1 35000 0.0435
8 5 1 35000 0.04149
8 5 1 35000 0.04363
8 5 1 35000 0.04343
8 5 1 35000 0.04008
8 5 1 35000 0.04192
8 5 1 35000 0.04094
8 5 1 35000 0.04237
8 5 1 35000 0.04153
8 5 1 35000 0.04312
8 5 1 35000 0.04268
8 5 1 35000 0.04156
8 5 1 25000 0.02733
8 5 1 25000 0.02829
8 5 1 25000 0.02886
8 5 1 25000 0.02912
8 5 1 25000 0.02681
8 5 1 25000 0.0284
8 5 1 25000 0.02667
8 5 1 25000 0.02649
8 5 1 25000 0.02776
8 5 1 25000 0.02712
8 5 1 25000 0.02726
8 5 1 25000 0.02673
8 5 1 15000 0.01828
8 5 1 15000 0.01773
8 5 1 15000 0.01807
8 5 1 15000 0.01764
8 5 1 15000 0.01779
8 5 1 15000 0.01701
8 5 1 15000 0.01653
8 5 1 15000 0.01711
8 5 1 15000 0.01725
8 5 1 15000 0.01741
8 5 1 15000 0.01782
8 5 1 15000 0.01774
8 5 1 15000 0.01868
8 5 1 10000 0.01397
8 5 1 10000 0.01411
8 5 1 10000 0.01376
8 5 1 10000 0.01297
8 5 1 10000 0.01319
8 5 1 10000 0.01308
8 5 1 10000 0.01324
8 5 1 10000 0.01292
8 5 1 10000 0.01339
8 5 1 10000 0.01359
8 5 1 10000 0.01342
8 5 1 10000 0.01269
8 5 2 113236 0.1495
8 5 2 113086 0.1495
8 5 2 112916 0.1505
8 5 2 112749 0.1487
8 5 2 112695 0.1522
8 5 2 112276 0.1488
8 5 2 110943 0.136
8 5 2 110444 0.1479
8 5 2 108244 0.1468
8 5 2 106616 0.1443
8 5 2 104665 0.1436
8 5 2 96476 0.1309
8 5 2 94711 0.1323
8 5 2 94395 0.1308
8 5 2 94191 0.1261
8 5 2 93947 0.1295
8 5 2 93845 0.1273
8 5 2 93681 0.1296
8 5 2 92774 0.128
8 5 2 91634 0.1247
8 5 2 90119 0.1254
8 5 2 89576 0.1229
8 5 2 86445 0.1217
8 5 2 86105 0.1214
8 5 2 83573 0.118
8 5 2 82341 0.1157
8 5 2 82320 0.1142
8 5 2 82177 0.1147
8 5 2 82087 0.1138
8 5 2 82046 0.1132
8 5 2 81804 0.1121
8 5 2 80886 0.1141
8 5 2 79763 0.1104
8 5 2 78477 0.1115
8 5 2 77825 0.1089
8 5 2 75828 0.104
8 5 2 72068 0.1019
8 5 2 71271 0.08554
8 5 2 53354 0.06108
8 5 2 53309 0.06279
8 5 2 53251 0.06088
8 5 2 53230 0.06011
8 5 2 53213 0.06239
8 5 2 53145 0.0638
8 5 2 53066 0.06198
8 5 2 52921 0.0625
8 5 2 52197 0.06389
8 5 2 51388 0.06142
8 5 2 50110 0.06136
8 5 2 47558 0.05799
8 5 2 36657 0.04471
8 5 2 36618 0.04197
8 5 2 36597 0.04407
8 5 2 36590 0.04362
8 5 2 36576 0.04311
8 5 2 36565 0.04278
8 5 2 36545 0.04375
8 5 2 36470 0.0434
8 5 2 36004 0.04492
8 5 2 35623 0.04201
8 5 2 35252 0.04346
8 5 2 34088 0.04064
8 5 2 25843 0.02966
8 5 2 25832 0.02893
8 5 2 25820 0.02717
8 5 2 25814 0.02764
8 5 2 25790 0.02794
8 5 2 25774 0.02761
8 5 2 25741 0.0278
8 5 2 25734 0.02754
8 5 2 25666 0.0296
8 5 2 25011 0.02775
8 5 2 24782 0.02908
8 5 2 24629 0.02713
8 5 2 24132 0.02735
8 5 2 15304 0.0173
8 5 2 15301 0.01816
8 5 2 15296 0.01697
8 5 2 15294 0.0174
8 5 2 15293 0.01721
8 5 2 15288 0.0174
8 5 2 15285 0.01784
8 5 2 15277 0.01727
8 5 2 15254 0.01786
8 5 2 15107 0.01723
8 5 2 14907 0.01852
8 5 2 14817 0.0176
8 5 2 10134 0.01235
8 5 2 10134 0.01239
8 5 2 10133 0.01183
8 5 2 10131 0.01189
8 5 2 10130 0.0127
8 5 2 10129 0.01227
8 5 2 10128 0.01278
8 5 2 10125 0.01253
8 5 2 10120 0.01483
8 5 2 10114 0.01216
8 5 2 10092 0.01275
8 5 2 10007 0.0125
8 5 2 9945 0.01248
8 5 3 127865 0.1831
8 5 3 127256 0.1798
8 5 3 127242 0.1792
8 5 3 126737 0.1801
8 5 3 126549 0.181
8 5 3 124157 0.1784
8 5 3 121665 0.1199
8 5 3 119875 0.1221
8 5 3 117238 0.1171
8 5 3 110717 0.1143
8 5 3 110346 0.1132
8 5 3 104555 0.1073
8 5 3 104332 0.1083
8 5 3 103987 0.1068
8 5 3 103417 0.1049
8 5 3 102885 0.1046
8 5 3 101387 0.1067
8 5 3 100101 0.1043
8 5 3 99684 0.1015
8 5 3 99361 0.1029
8 5 3 96575 0.09557
8 5 3 95731 0.1021
8 5 3 90231 0.09609
8 5 3 90158 0.09448
8 5 3 90061 0.09294
8 5 3 89948 0.09462
8 5 3 89680 0.09229
8 5 3 88842 0.09485
8 5 3 88772 0.09306
8 5 3 87656 0.0905
8 5 3 87328 0.0913
8 5 3 85106 0.09187
8 5 3 84962 0.09344
8 5 3 80685 0.08807
8 5 3 79116 0.08622
8 5 3 76569 0.08467
8 5 3 72141 0.07942
8 5 3 71926 0.08231
8 5 3 56814 0.06543
8 5 3 56782 0.06504
8 5 3 56733 0.0673
8 5 3 56692 0.06636
8 5 3 56546 0.06446
8 5 3 56525 0.06568
8 5 3 56389 0.06719
8 5 3 55914 0.06524
8 5 3 54636 0.06437
8 5 3 52865 0.063
8 5 3 50195 0.05958
8 5 3 46593 0.05709
8 5 3 38308 0.04381
8 5 3 38280 0.04444
8 5 3 38257 0.04381
8 5 3 38241 0.04313
8 5 3 38199 0.04448
8 5 3 38108 0.04501
8 5 3 38014 0.04501
8 5 3 37284 0.04544
8 5 3 36861 0.04181
8 5 3 36446 0.04373
8 5 3 35939 0.04312
8 5 3 34792 0.042
8 5 3 26700 0.02972
8 5 3 26668 0.02734
8 5 3 26653 0.02933
8 5 3 26633 0.02877
8 5 3 26590 0.02917
8 5 3 26573 0.03018
8 5 3 26565 0.0296
8 5 3 26535 0.0281
8 5 3 25894 0.02829
8 5 3 25476 0.02702
8 5 3 25412 0.02656
8 5 3 25041 0.02856
8 5 3 24408 0.02797
8 5 3 15612 0.01829
8 5 3 15602 0.0186
8 5 3 15595 0.01852
8 5 3 15593 0.01816
8 5 3 15585 0.01882
8 5 3 15582 0.01802
8 5 3 15565 0.01867
8 5 3 15549 0.01778
8 5 3 15459 0.01863
8 5 3 15186 0.01742
8 5 3 15107 0.01902
8 5 3 15058 0.01856
8 5 3 14656 0.01776
8 5 3 10265 0.01369
8 5 3 10263 0.01301
8 5 3 10261 0.01279
8 5 3 10259 0.01303
8 5 3 10256 0.01396
8 5 3 10255 0.01311
8 5 3 10252 0.01345
8 5 3 10232 0.01328
8 5 3 10168 0.01281
8 5 3 10128 0.01309
8 5 3 10044 0.0127
8 5 3 9848 0.01283
8 5 4 144397 0.1908
8 5 4 142976 0.184
8 5 4 142442 0.1893
8 5 4 140351 0.179
8 5 4 140323 0.1827
8 5 4 134208 0.1838
8 5 4 133604 0.1836
8 5 4 132997 0.1776
8 5 4 122355 0.1221
8 5 4 118761 0.1185
8 5 4 115594 0.1149
8 5 4 114978 0.1113
8 5 4 114340 0.1161
8 5 4 111856 0.1106
8 5 4 111296 0.1117
8 5 4 110163 0.1098
8 5 4 108868 0.1076
8 5 4 108684 0.1104
8 5 4 105202 0.1107
8 5 4 104555 0.1101
8 5 4 98889 0.101
8 5 4 98655 0.09665
8 5 4 98419 0.1027
8 5 4 98186 0.09962
8 5 4 96695 0.1
8 5 4 96586 0.09762
8 5 4 95963 0.09952
8 5 4 95472 0.1009
8 5 4 93902 0.09537
8 5 4 93711 0.09434
8 5 4 92951 0.0979
8 5 4 89810 0.09676
8 5 4 89376 0.09579
8 5 4 83415 0.08943
8 5 4 82746 0.0888
8 5 4 78888 0.08797
8 5 4 74415 0.08229
8 5 4 60621 0.06903
8 5 4 60491 0.0722
8 5 4 60428 0.06992
8 5 4 60306 0.06796
8 5 4 60279 0.06815
8 5 4 60173 0.07003
8 5 4 58629 0.06998
8 5 4 58458 0.06744
8 5 4 57941 0.06796
8 5 4 57517 0.06784
8 5 4 55781 0.06455
8 5 4 51241 0.06043
8 5 4 46087 0.05686
8 5 4 40056 0.04628
8 5 4 39988 0.04722
8 5 4 39962 0.0464
8 5 4 39860 0.04477
8 5 4 39734 0.04623
8 5 4 39289 0.04759
8 5 4 38694 0.04461
8 5 4 38474 0.04728
8 5 4 38025 0.04273
8 5 4 37572 0.04282
8 5 4 36776 0.0454
8 5 4 35386 0.04363
8 5 4 27596 0.03135
8 5 4 27556 0.02943
8 5 4 27503 0.03079
8 5 4 27457 0.03179
8 5 4 27447 0.02854
8 5 4 27429 0.0297
8 5 4 27074 0.02916
8 5 4 26774 0.02873
8 5 4 26263 0.02929
8 5 4 26046 0.02806
8 5 4 25854 0.02858
8 5 4 25479 0.02928
8 5 4 24504 0.02895
8 5 4 15923 0.01777
8 5 4 15896 0.01818
8 5 4 15882 0.01768
8 5 4 15878 0.01881
8 5 4 15864 0.0181
8 5 4 15837 0.0193
8 5 4 15710 0.01807
8 5 4 15671 0.01885
8 5 4 15635 0.01861
8 5 4 15407 0.01798
8 5 4 15379 0.01848
8 5 4 15142 0.01859
8 5 4 14566 0.01808
8 5 4 10395 0.01382
8 5 4 10393 0.01328
8 5 4 10391 0.01294
8 5 4 10390 0.01313
8 5 4 10384 0.01317
8 5 4 10369 0.01329
8 5 4 10336 0.01327
8 5 4 10291 0.01349
8 5 4 10263 0.01356
8 5 4 10142 0.01356
8 5 4 10042 0.01274
8 5 4 9899 0.01256
8 5 5 161037 0.1991
8 5 5 154041 0.1987
8 5 5 149897 0.1905
8 5 5 148191 0.1783
8 5 5 147613 0.1906
8 5 5 144564 0.1925
8 5 5 141305 0.1977
8 5 5 141069 0.1966
8 5 5 139483 0.1912
8 5 5 125522 0.1781
8 5 5 122776 0.1218
8 5 5 120915 0.1207
8 5 5 118804 0.1177
8 5 5 116481 0.1221
8 5 5 113278 0.1141
8 5 5 111594 0.1139
8 5 5 111187 0.1143
8 5 5 108369 0.1101
8 5 5 107832 0.1079
8 5 5 106106 0.1069
8 5 5 105611 0.1089
8 5 5 105436 0.1075
8 5 5 104581 0.1075
8 5 5 102768 0.1047
8 5 5 102322 0.108
8 5 5 100087 0.1069
8 5 5 99154 0.1063
8 5 5 98996 0.1064
8 5 5 96526 0.1011
8 5 5 94950 0.09865
8 5 5 93390 0.09838
8 5 5 92622 0.09987
8 5 5 89630 0.09253
8 5 5 89390 0.09521
8 5 5 84066 0.09165
8 5 5 79052 0.08694
8 5 5 78724 0.08635
8 5 5 64310 0.07245
8 5 5 63833 0.07269
8 5 5 61753 0.07075
8 5 5 61260 0.06954
8 5 5 60378 0.06828
8 5 5 59556 0.0692
8 5 5 58754 0.07046
8 5 5 57717 0.06726
8 5 5 57506 0.06737
8 5 5 57033 0.06583
8 5 5 53829 0.06493
8 5 5 53650 0.06662
8 5 5 43663 0.05534
8 5 5 41846 0.0501
8 5 5 41663 0.04676
8 5 5 41489 0.04868
8 5 5 41106 0.0473
8 5 5 40157 0.04794
8 5 5 39801 0.04852
8 5 5 39306 0.04478
8 5 5 38701 0.04489
8 5 5 38450 0.04456
8 5 5 37498 0.04301
8 5 5 37190 0.04476
8 5 5 36426 0.04531
8 5 5 28424 0.03126
8 5 5 28367 0.02891
8 5 5 28327 0.03012
8 5 5 28317 0.03023
8 5 5 27459 0.03207
8 5 5 26997 0.02911
8 5 5 26728 0.02888
8 5 5 26565 0.03199
8 5 5 26218 0.03032
8 5 5 25962 0.02905
8 5 5 25792 0.03082
8 5 5 25192 0.02885
8 5 5 24269 0.02769
8 5 5 16239 0.01872
8 5 5 16207 0.01854
8 5 5 16177 0.01807
8 5 5 16137 0.01823
8 5 5 16014 0.01795
8 5 5 15950 0.01858
8 5 5 15768 0.01861
8 5 5 15678 0.01874
8 5 5 15629 0.0187
8 5 5 15567 0.01921
8 5 5 15482 0.01916
8 5 5 15195 0.01911
8 5 5 14652 0.01872
8 5 5 10524 0.01324
8 5 5 10507 0.01316
8 5 5 10429 0.01343
8 5 5 10378 0.01452
8 5 5 10362 0.01333
8 5 5 10332 0.01392
8 5 5 10291 0.01357
8 5 5 10280 0.01372
8 5 5 10250 0.01426
8 5 5 10219 0.01376
8 5 5 10030 0.01361
8 5 5 9851 0.01299
