8 5 1 100000 0.1513
8 5 1 100000 0.14
8 5 1 100000 0.1154
8 5 1 100000 0.1088
8 5 1 100000 0.1072
8 5 1 100000 0.1157
8 5 1 100000 0.1047
8 5 1 100000 0.1076
8 5 1 100000 0.1241
8 5 1 100000 0.1427
8 5 1 100000 0.1434
8 5 1 100000 0.1404
8 5 1 100000 0.1434
8 5 1 85000 0.1237
8 5 1 85000 0.1269
8 5 1 85000 0.1257
8 5 1 85000 0.1244
8 5 1 85000 0.122
8 5 1 85000 0.1245
8 5 1 85000 0.1251
8 5 1 85000 0.1241
8 5 1 85000 0.1267
8 5 1 85000 0.1256
8 5 1 85000 0.1217
8 5 1 85000 0.1237
8 5 1 75000 0.1108
8 5 1 75000 0.1091
8 5 1 75000 0.111
8 5 1 75000 0.1121
8 5 1 75000 0.1049
8 5 1 75000 0.1095
8 5 1 75000 0.1065
8 5 1 75000 0.1061
8 5 1 75000 0.1088
8 5 1 75000 0.1087
8 5 1 75000 0.1102
8 5 1 75000 0.1072
8 5 1 50000 0.07546
8 5 1 50000 0.07525
8 5 1 50000 0.07419
8 5 1 50000 0.07356
8 5 1 50000 0.07606
8 5 1 50000 0.07333
8 5 1 50000 0.07089
8 5 1 50000 0.0737
8 5 1 50000 0.07057
8 5 1 50000 0.07213
8 5 1 50000 0.07346
8 5 1 50000 0.07298
8 5 1 50000 0.07151
8 5 1 35000 0.05244
8 5 1 35000 0.05282
8 5 1 35000 0.05004
8 5 1 35000 0.05077
8 5 1 35000 0.04958
8 5 1 35000 0.04943
8 5 1 35000 0.04917
8 5 1 35000 0.04973
8 5 1 35000 0.05002
8 5 1 35000 0.04827
8 5 1 35000 0.05051
8 5 1 35000 0.04921
8 5 1 35000 0.05049
8 5 1 25000 0.0323
8 5 1 25000 0.03212
8 5 1 25000 0.03121
8 5 1 25000 0.03117
8 5 1 25000 0.02792
8 5 1 25000 0.03115
8 5 1 25000 0.02963
8 5 1 25000 0.03052
8 5 1 25000 0.02933
8 5 1 25000 0.03109
8 5 1 25000 0.02927
8 5 1 25000 0.02933
8 5 1 15000 0.01946
8 5 1 15000 0.01973
8 5 1 15000 0.01969
8 5 1 15000 0.01975
8 5 1 15000 0.0192
8 5 1 15000 0.01855
8 5 1 15000 0.0189
8 5 1 15000 0.01828
8 5 1 15000 0.01919
8 5 1 15000 0.01842
8 5 1 15000 0.01779
8 5 1 15000 0.01854
8 5 1 15000 0.01896
8 5 1 10000 0.01405
8 5 1 10000 0.01349
8 5 1 10000 0.0138
8 5 1 10000 0.01331
8 5 1 10000 0.01342
8 5 1 10000 0.01291
8 5 1 10000 0.01341
8 5 1 10000 0.01282
8 5 1 10000 0.01314
8 5 1 10000 0.01312
8 5 1 10000 0.01317
8 5 1 10000 0.01283
8 5 2 113104 0.1502
8 5 2 113086 0.1492
8 5 2 112764 0.1486
8 5 2 112747 0.1514
8 5 2 112557 0.1525
8 5 2 111187 0.1524
8 5 2 110656 0.1476
8 5 2 108880 0.147
8 5 2 108880 0.1466
8 5 2 105933 0.1466
8 5 2 100301 0.1381
8 5 2 97701 0.1383
8 5 2 94570 0.1302
8 5 2 94441 0.1285
8 5 2 94327 0.1306
8 5 2 94169 0.1264
8 5 2 93931 0.1307
8 5 2 93642 0.09773
8 5 2 93358 0.09915
8 5 2 92656 0.1014
8 5 2 87815 0.09365
8 5 2 87606 0.09553
8 5 2 83516 0.09493
8 5 2 82466 0.09022
8 5 2 82377 0.09036
8 5 2 82325 0.08854
8 5 2 82192 0.09039
8 5 2 82088 0.08916
8 5 2 82046 0.08801
8 5 2 81815 0.0883
8 5 2 81614 0.08648
8 5 2 81512 0.08855
8 5 2 80580 0.09091
8 5 2 79845 0.09163
8 5 2 77965 0.08909
8 5 2 76581 0.0872
8 5 2 73618 0.08472
8 5 2 53381 0.06452
8 5 2 53372 0.0643
8 5 2 53332 0.06561
8 5 2 53282 0.06164
8 5 2 53258 0.06294
8 5 2 53232 0.06
8 5 2 53225 0.06452
8 5 2 53147 0.063
8 5 2 52558 0.06461
8 5 2 51605 0.06395
8 5 2 49732 0.06179
8 5 2 49621 0.0612
8 5 2 47560 0.0593
8 5 2 36662 0.04335
8 5 2 36625 0.04423
8 5 2 36617 0.04336
8 5 2 36592 0.04349
8 5 2 36586 0.04436
8 5 2 36569 0.04273
8 5 2 36564 0.04418
8 5 2 36548 0.0421
8 5 2 36517 0.04492
8 5 2 35875 0.04473
8 5 2 35656 0.04329
8 5 2 34632 0.04143
8 5 2 33570 0.04124
8 5 2 25836 0.02932
8 5 2 25824 0.02717
8 5 2 25815 0.02785
8 5 2 25814 0.02795
8 5 2 25807 0.02745
8 5 2 25781 0.02797
8 5 2 25771 0.02682
8 5 2 25729 0.02812
8 5 2 25267 0.02945
8 5 2 24956 0.02941
8 5 2 24614 0.02864
8 5 2 24354 0.0281
8 5 2 15304 0.01847
8 5 2 15302 0.01696
8 5 2 15298 0.01755
8 5 2 15296 0.0172
8 5 2 15294 0.01828
8 5 2 15291 0.01718
8 5 2 15285 0.01706
8 5 2 15279 0.01686
8 5 2 15265 0.01759
8 5 2 15213 0.01824
8 5 2 15027 0.01718
8 5 2 14864 0.01811
8 5 2 14741 0.01763
8 5 2 10134 0.01243
8 5 2 10134 0.01192
8 5 2 10132 0.0128
8 5 2 10131 0.01228
8 5 2 10130 0.0125
8 5 2 10129 0.0139
8 5 2 10129 0.01213
8 5 2 10127 0.01189
8 5 2 10093 0.01246
8 5 2 9998 0.01287
8 5 2 9943 0.01272
8 5 2 9872 0.01329
8 5 3 127421 0.1738
8 5 3 126919 0.182
8 5 3 126591 0.1784
8 5 3 126176 0.1761
8 5 3 125958 0.174
8 5 3 124111 0.1837
8 5 3 122656 0.1218
8 5 3 121208 0.1233
8 5 3 113788 0.1195
8 5 3 113713 0.1241
8 5 3 105026 0.1099
8 5 3 104740 0.1168
8 5 3 104340 0.1059
8 5 3 103457 0.1073
8 5 3 103388 0.1081
8 5 3 102525 0.1025
8 5 3 101372 0.1017
8 5 3 99989 0.1014
8 5 3 99989 0.1023
8 5 3 94842 0.09916
8 5 3 94842 0.09851
8 5 3 93014 0.09895
8 5 3 90707 0.09578
8 5 3 90377 0.09714
8 5 3 90304 0.1005
8 5 3 89867 0.09575
8 5 3 89749 0.09451
8 5 3 89338 0.09841
8 5 3 88723 0.09773
8 5 3 88533 0.09359
8 5 3 86147 0.09609
8 5 3 85914 0.08712
8 5 3 85209 0.09069
8 5 3 83916 0.08797
8 5 3 79680 0.08993
8 5 3 78610 0.08652
8 5 3 74286 0.08336
8 5 3 68670 0.07876
8 5 3 56704 0.06772
8 5 3 56656 0.06475
8 5 3 56622 0.06664
8 5 3 56605 0.06445
8 5 3 56266 0.06642
8 5 3 55987 0.0659
8 5 3 54478 0.06438
8 5 3 53981 0.06333
8 5 3 52801 0.06668
8 5 3 50112 0.06024
8 5 3 48797 0.0607
8 5 3 45648 0.0572
8 5 3 38314 0.04363
8 5 3 38279 0.04393
8 5 3 38250 0.04465
8 5 3 38245 0.04322
8 5 3 38168 0.04403
8 5 3 38146 0.04346
8 5 3 38078 0.04411
8 5 3 37535 0.04524
8 5 3 37339 0.04619
8 5 3 37171 0.04496
8 5 3 35142 0.04275
8 5 3 34297 0.04269
8 5 3 26686 0.02786
8 5 3 26685 0.02819
8 5 3 26651 0.02853
8 5 3 26621 0.02851
8 5 3 26610 0.03085
8 5 3 26597 0.02731
8 5 3 26552 0.02681
8 5 3 26176 0.02734
8 5 3 25983 0.02961
8 5 3 25633 0.02924
8 5 3 25373 0.02708
8 5 3 24984 0.02994
8 5 3 24417 0.02899
8 5 3 15609 0.01765
8 5 3 15605 0.01768
8 5 3 15599 0.01831
8 5 3 15581 0.01776
8 5 3 15577 0.01756
8 5 3 15568 0.01735
8 5 3 15562 0.01722
8 5 3 15418 0.01841
8 5 3 15310 0.01807
8 5 3 15250 0.01838
8 5 3 15147 0.01696
8 5 3 15011 0.01895
8 5 3 14672 0.01764
8 5 3 10265 0.01291
8 5 3 10263 0.01219
8 5 3 10260 0.01265
8 5 3 10258 0.01276
8 5 3 10254 0.01254
8 5 3 10228 0.01264
8 5 3 10187 0.01226
8 5 3 10121 0.01251
8 5 3 10067 0.01251
8 5 3 9994 0.013
8 5 3 9937 0.01285
8 5 3 9746 0.01298
8 5 4 143563 0.1845
8 5 4 141204 0.1874
8 5 4 140228 0.1847
8 5 4 138709 0.1855
8 5 4 137894 0.1779
8 5 4 136236 0.1826
8 5 4 132478 0.1723
8 5 4 131146 0.1719
8 5 4 124644 0.1781
8 5 4 117563 0.119
8 5 4 116115 0.1169
8 5 4 115372 0.1128
8 5 4 114471 0.111
8 5 4 112761 0.1114
8 5 4 112311 0.1171
8 5 4 110250 0.1149
8 5 4 110014 0.1106
8 5 4 106543 0.109
8 5 4 104513 0.1076
8 5 4 102173 0.1074
8 5 4 99425 0.1033
8 5 4 99144 0.1005
8 5 4 98956 0.1016
8 5 4 98324 0.1034
8 5 4 98158 0.1012
8 5 4 97310 0.1021
8 5 4 97159 0.1019
8 5 4 96340 0.1008
8 5 4 93501 0.09671
8 5 4 93415 0.1003
8 5 4 92290 0.09646
8 5 4 89029 0.09671
8 5 4 88939 0.09703
8 5 4 84737 0.09272
8 5 4 81400 0.09026
8 5 4 78768 0.08733
8 5 4 73981 0.08276
8 5 4 70656 0.08015
8 5 4 60347 0.06783
8 5 4 60316 0.06894
8 5 4 59950 0.06714
8 5 4 59802 0.06909
8 5 4 59457 0.06946
8 5 4 58037 0.06781
8 5 4 56620 0.06557
8 5 4 55773 0.06563
8 5 4 53430 0.06399
8 5 4 51306 0.06163
8 5 4 47803 0.05734
8 5 4 43635 0.05303
8 5 4 40093 0.0454
8 5 4 40051 0.04773
8 5 4 39985 0.04637
8 5 4 39912 0.04559
8 5 4 39856 0.04614
8 5 4 39789 0.04712
8 5 4 39307 0.0461
8 5 4 39052 0.04475
8 5 4 38916 0.04811
8 5 4 37816 0.04279
8 5 4 36217 0.04262
8 5 4 34974 0.04191
8 5 4 34922 0.04284
8 5 4 27541 0.02934
8 5 4 27475 0.02939
8 5 4 27463 0.02981
8 5 4 27375 0.02888
8 5 4 27129 0.0273
8 5 4 26858 0.02804
8 5 4 26456 0.03047
8 5 4 26291 0.02786
8 5 4 26020 0.02762
8 5 4 25828 0.02823
8 5 4 24956 0.02838
8 5 4 23501 0.02776
8 5 4 15912 0.01824
8 5 4 15909 0.01785
8 5 4 15901 0.01806
8 5 4 15882 0.01819
8 5 4 15878 0.01797
8 5 4 15860 0.01761
8 5 4 15734 0.01871
8 5 4 15456 0.01809
8 5 4 15417 0.01799
8 5 4 15228 0.01854
8 5 4 15103 0.0186
8 5 4 14994 0.01773
8 5 4 10402 0.01333
8 5 4 10402 0.01318
8 5 4 10395 0.01286
8 5 4 10393 0.01348
8 5 4 10392 0.01318
8 5 4 10386 0.01277
8 5 4 10341 0.01345
8 5 4 10281 0.01451
8 5 4 10199 0.01203
8 5 4 10144 0.01275
8 5 4 10069 0.01264
8 5 4 9974 0.01232
8 5 4 9796 0.01274
8 5 5 161013 0.1959
8 5 5 158642 0.1965
8 5 5 158156 0.1992
8 5 5 154018 0.1988
8 5 5 153689 0.1929
8 5 5 152826 0.193
8 5 5 144196 0.1948
8 5 5 141055 0.1778
8 5 5 139835 0.1878
8 5 5 128359 0.1798
8 5 5 128108 0.1831
8 5 5 126438 0.1817
8 5 5 124261 0.1804
8 5 5 121295 0.1181
8 5 5 120597 0.1252
8 5 5 118966 0.1188
8 5 5 115796 0.119
8 5 5 114306 0.1182
8 5 5 110102 0.1114
8 5 5 108661 0.1128
8 5 5 108129 0.1102
8 5 5 107580 0.1102
8 5 5 107445 0.1101
8 5 5 106842 0.1121
8 5 5 105475 0.1078
8 5 5 104380 0.1087
8 5 5 104050 0.1127
8 5 5 102087 0.106
8 5 5 101241 0.1052
8 5 5 97881 0.1031
8 5 5 96579 0.1055
8 5 5 93175 0.09786
8 5 5 90465 0.09979
8 5 5 88275 0.09662
8 5 5 82639 0.09245
8 5 5 78335 0.08415
8 5 5 74859 0.0841
8 5 5 64385 0.07441
8 5 5 64269 0.07552
8 5 5 64000 0.07583
8 5 5 63781 0.07344
8 5 5 63439 0.07307
8 5 5 62578 0.07453
8 5 5 61461 0.07217
8 5 5 60142 0.07124
8 5 5 58784 0.06711
8 5 5 56762 0.06801
8 5 5 53214 0.06653
8 5 5 51052 0.06338
8 5 5 44782 0.05481
8 5 5 41902 0.0524
8 5 5 41823 0.04906
8 5 5 41715 0.04919
8 5 5 41691 0.05157
8 5 5 41587 0.05135
8 5 5 41553 0.05086
8 5 5 40782 0.04908
8 5 5 40604 0.04751
8 5 5 38825 0.0479
8 5 5 37773 0.04501
8 5 5 36435 0.04577
8 5 5 36165 0.04586
8 5 5 28447 0.03086
8 5 5 28418 0.03108
8 5 5 28382 0.03085
8 5 5 28348 0.02991
8 5 5 28300 0.03003
8 5 5 28019 0.03058
8 5 5 27753 0.02918
8 5 5 27147 0.03105
8 5 5 26730 0.0304
8 5 5 26421 0.02802
8 5 5 25879 0.02762
8 5 5 25522 0.02758
8 5 5 24380 0.02882
8 5 5 16222 0.01916
8 5 5 16203 0.01798
8 5 5 16192 0.01898
8 5 5 16188 0.01964
8 5 5 16173 0.01858
8 5 5 16162 0.01806
8 5 5 16032 0.01886
8 5 5 15888 0.01788
8 5 5 15758 0.01867
8 5 5 15494 0.01895
8 5 5 15270 0.01909
8 5 5 15013 0.01831
8 5 5 14761 0.01868
8 5 5 10531 0.01269
8 5 5 10526 0.01381
8 5 5 10525 0.01361
8 5 5 10520 0.0133
8 5 5 10476 0.01344
8 5 5 10384 0.01365
8 5 5 10334 0.01353
8 5 5 10275 0.01342
8 5 5 10220 0.0133
8 5 5 10099 0.01284
8 5 5 9905 0.01268
8 5 5 9739 0.01279
