4 3 1 100000 0.1418
4 3 1 100000 0.1229
4 3 1 100000 0.1035
4 3 1 100000 0.1038
4 3 1 100000 0.1029
4 3 1 100000 0.1025
4 3 1 100000 0.1015
4 3 1 100000 0.1046
4 3 1 100000 0.1043
4 3 1 100000 0.105
4 3 1 100000 0.1054
4 3 1 100000 0.1046
4 3 1 100000 0.1047
4 3 1 100000 0.1054
4 3 1 100000 0.105
4 3 1 100000 0.1026
4 3 1 100000 0.1062
4 3 1 100000 0.1044
4 3 1 100000 0.1058
4 3 1 100000 0.106
4 3 1 100000 0.1058
4 3 1 100000 0.1046
4 3 1 100000 0.1059
4 3 1 100000 0.1036
4 3 1 100000 0.1059
4 3 1 85000 0.09034
4 3 1 85000 0.09004
4 3 1 85000 0.08721
4 3 1 85000 0.09296
4 3 1 85000 0.08988
4 3 1 85000 0.0913
4 3 1 85000 0.08953
4 3 1 85000 0.09172
4 3 1 85000 0.09332
4 3 1 85000 0.09128
4 3 1 85000 0.09413
4 3 1 85000 0.09243
4 3 1 85000 0.09494
4 3 1 85000 0.09425
4 3 1 85000 0.09385
4 3 1 85000 0.09373
4 3 1 85000 0.0905
4 3 1 85000 0.09292
4 3 1 85000 0.09479
4 3 1 85000 0.09251
4 3 1 85000 0.09354
4 3 1 85000 0.09184
4 3 1 85000 0.0941
4 3 1 85000 0.09301
4 3 1 85000 0.09303
4 3 1 75000 0.0826
4 3 1 75000 0.0804
4 3 1 75000 0.07942
4 3 1 75000 0.08068
4 3 1 75000 0.08105
4 3 1 75000 0.08112
4 3 1 75000 0.08281
4 3 1 75000 0.07982
4 3 1 75000 0.08471
4 3 1 75000 0.08381
4 3 1 75000 0.08371
4 3 1 75000 0.08299
4 3 1 75000 0.08197
4 3 1 75000 0.08413
4 3 1 75000 0.08311
4 3 1 75000 0.08324
4 3 1 75000 0.08445
4 3 1 75000 0.08354
4 3 1 75000 0.08308
4 3 1 75000 0.08111
4 3 1 75000 0.08314
4 3 1 75000 0.08425
4 3 1 75000 0.08307
4 3 1 75000 0.0824
4 3 1 75000 0.08547
4 3 1 50000 0.05921
4 3 1 50000 0.05731
4 3 1 50000 0.0593
4 3 1 50000 0.0569
4 3 1 50000 0.0587
4 3 1 50000 0.05974
4 3 1 50000 0.05897
4 3 1 50000 0.05795
4 3 1 50000 0.06277
4 3 1 50000 0.0611
4 3 1 50000 0.0628
4 3 1 50000 0.06283
4 3 1 50000 0.05959
4 3 1 50000 0.05962
4 3 1 50000 0.06068
4 3 1 50000 0.06557
4 3 1 50000 0.07575
4 3 1 50000 0.07585
4 3 1 50000 0.07707
4 3 1 50000 0.06439
4 3 1 50000 0.06105
4 3 1 50000 0.06083
4 3 1 50000 0.05979
4 3 1 50000 0.06096
4 3 1 50000 0.06054
4 3 1 35000 0.04196
4 3 1 35000 0.04256
4 3 1 35000 0.04151
4 3 1 35000 0.04182
4 3 1 35000 0.04095
4 3 1 35000 0.04231
4 3 1 35000 0.04213
4 3 1 35000 0.04028
4 3 1 35000 0.0444
4 3 1 35000 0.04366
4 3 1 35000 0.04315
4 3 1 35000 0.04301
4 3 1 35000 0.04239
4 3 1 35000 0.04206
4 3 1 35000 0.04346
4 3 1 35000 0.043
4 3 1 35000 0.04366
4 3 1 35000 0.0437
4 3 1 35000 0.04377
4 3 1 35000 0.0433
4 3 1 35000 0.04309
4 3 1 35000 0.04226
4 3 1 35000 0.04402
4 3 1 35000 0.04314
4 3 1 35000 0.04362
4 3 1 25000 0.02572
4 3 1 25000 0.02867
4 3 1 25000 0.02684
4 3 1 25000 0.02815
4 3 1 25000 0.02683
4 3 1 25000 0.02845
4 3 1 25000 0.02679
4 3 1 25000 0.02689
4 3 1 25000 0.02953
4 3 1 25000 0.02893
4 3 1 25000 0.02957
4 3 1 25000 0.0293
4 3 1 25000 0.02907
4 3 1 25000 0.02905
4 3 1 25000 0.02844
4 3 1 25000 0.02943
4 3 1 25000 0.03059
4 3 1 25000 0.02852
4 3 1 25000 0.02926
4 3 1 25000 0.02813
4 3 1 25000 0.02999
4 3 1 25000 0.0287
4 3 1 25000 0.02838
4 3 1 25000 0.0293
4 3 1 25000 0.02754
4 3 1 15000 0.01649
4 3 1 15000 0.01704
4 3 1 15000 0.01726
4 3 1 15000 0.01727
4 3 1 15000 0.01781
4 3 1 15000 0.01684
4 3 1 15000 0.01723
4 3 1 15000 0.01693
4 3 1 15000 0.0183
4 3 1 15000 0.01804
4 3 1 15000 0.01789
4 3 1 15000 0.01833
4 3 1 15000 0.01825
4 3 1 15000 0.01809
4 3 1 15000 0.01853
4 3 1 15000 0.01825
4 3 1 15000 0.01803
4 3 1 15000 0.01753
4 3 1 15000 0.0182
4 3 1 15000 0.01854
4 3 1 15000 0.01789
4 3 1 15000 0.01792
4 3 1 15000 0.0185
4 3 1 15000 0.01793
4 3 1 15000 0.01842
4 3 1 10000 0.01253
4 3 1 10000 0.01174
4 3 1 10000 0.0121
4 3 1 10000 0.01269
4 3 1 10000 0.01259
4 3 1 10000 0.01193
4 3 1 10000 0.01248
4 3 1 10000 0.01236
4 3 1 10000 0.0131
4 3 1 10000 0.01346
4 3 1 10000 0.0128
4 3 1 10000 0.01261
4 3 1 10000 0.01316
4 3 1 10000 0.01297
4 3 1 10000 0.01286
4 3 1 10000 0.01293
4 3 1 10000 0.01264
4 3 1 10000 0.01297
4 3 1 10000 0.01298
4 3 1 10000 0.01308
4 3 1 10000 0.01281
4 3 1 10000 0.01273
4 3 1 10000 0.01308
4 3 1 10000 0.01311
4 3 1 10000 0.01277
4 3 2 113541 0.1229
4 3 2 113541 0.1177
4 3 2 113236 0.1122
4 3 2 113208 0.114
4 3 2 113123 0.1167
4 3 2 112801 0.1099
4 3 2 112748 0.1123
4 3 2 112414 0.1099
4 3 2 112161 0.1109
4 3 2 112048 0.1111
4 3 2 110732 0.111
4 3 2 110711 0.1142
4 3 2 108447 0.1041
4 3 2 108376 0.1099
4 3 2 107911 0.1115
4 3 2 107633 0.1116
4 3 2 107312 0.1092
4 3 2 106750 0.1123
4 3 2 105961 0.109
4 3 2 104040 0.1023
4 3 2 104020 0.1089
4 3 2 99950 0.1058
4 3 2 98300 0.09989
4 3 2 94752 0.1014
4 3 2 94749 0.1014
4 3 2 94688 0.09895
4 3 2 94538 0.09785
4 3 2 94327 0.09752
4 3 2 94149 0.1022
4 3 2 94108 0.09617
4 3 2 93803 0.09668
4 3 2 93590 0.1017
4 3 2 93420 0.09877
4 3 2 93141 0.09567
4 3 2 92883 0.1004
4 3 2 92883 0.1005
4 3 2 92559 0.09597
4 3 2 92111 0.09887
4 3 2 90814 0.09532
4 3 2 90644 0.0968
4 3 2 90621 0.09806
4 3 2 90280 0.09713
4 3 2 89986 0.09346
4 3 2 89462 0.09656
4 3 2 87707 0.09616
4 3 2 87054 0.09249
4 3 2 85575 0.09298
4 3 2 85575 0.09342
4 3 2 82589 0.08886
4 3 2 82516 0.09177
4 3 2 82380 0.08683
4 3 2 82325 0.08727
4 3 2 82169 0.08758
4 3 2 82127 0.08603
4 3 2 82046 0.08681
4 3 2 81946 0.0889
4 3 2 81749 0.09031
4 3 2 81671 0.08539
4 3 2 81316 0.08668
4 3 2 81102 0.08864
4 3 2 81006 0.08758
4 3 2 80381 0.08808
4 3 2 79821 0.08595
4 3 2 79388 0.08758
4 3 2 78293 0.08357
4 3 2 77652 0.08153
4 3 2 77508 0.08472
4 3 2 77288 0.08742
4 3 2 76561 0.08499
4 3 2 75024 0.08297
4 3 2 72415 0.07844
4 3 2 72342 0.08162
4 3 2 72261 0.08173
4 3 2 70259 0.07988
4 3 2 67642 0.07875
4 3 2 53392 0.0643
4 3 2 53389 0.06475
4 3 2 53372 0.06459
4 3 2 53372 0.06419
4 3 2 53372 0.06478
4 3 2 53332 0.06114
4 3 2 53318 0.06105
4 3 2 53309 0.06152
4 3 2 53281 0.0663
4 3 2 53254 0.06124
4 3 2 53230 0.06295
4 3 2 53148 0.06273
4 3 2 53076 0.06087
4 3 2 53029 0.06451
4 3 2 52959 0.06021
4 3 2 52717 0.06373
4 3 2 52416 0.06421
4 3 2 51666 0.06212
4 3 2 50890 0.06018
4 3 2 49706 0.05633
4 3 2 48951 0.05841
4 3 2 48625 0.05981
4 3 2 48611 0.05811
4 3 2 48217 0.05629
4 3 2 47962 0.0606
4 3 2 36662 0.04301
4 3 2 36662 0.04372
4 3 2 36662 0.04305
4 3 2 36640 0.04394
4 3 2 36632 0.04062
4 3 2 36621 0.04329
4 3 2 36616 0.04167
4 3 2 36594 0.04222
4 3 2 36587 0.04087
4 3 2 36572 0.0414
4 3 2 36564 0.04178
4 3 2 36537 0.04225
4 3 2 36437 0.04287
4 3 2 36309 0.04372
4 3 2 36283 0.04059
4 3 2 35987 0.04372
4 3 2 35960 0.04367
4 3 2 35198 0.0428
4 3 2 35044 0.04237
4 3 2 34912 0.0437
4 3 2 34489 0.04284
4 3 2 34384 0.04295
4 3 2 34343 0.04207
4 3 2 33700 0.0407
4 3 2 33566 0.03945
4 3 2 25848 0.03049
4 3 2 25848 0.03029
4 3 2 25845 0.0306
4 3 2 25840 0.03033
4 3 2 25839 0.02835
4 3 2 25836 0.02748
4 3 2 25830 0.03027
4 3 2 25828 0.02846
4 3 2 25822 0.0289
4 3 2 25818 0.02894
4 3 2 25813 0.02793
4 3 2 25803 0.02799
4 3 2 25788 0.02742
4 3 2 25764 0.02728
4 3 2 25749 0.03034
4 3 2 25738 0.02824
4 3 2 25714 0.02979
4 3 2 25655 0.02884
4 3 2 25544 0.02983
4 3 2 25028 0.02866
4 3 2 25005 0.02763
4 3 2 24820 0.02844
4 3 2 24615 0.02837
4 3 2 24303 0.02723
4 3 2 24131 0.02712
4 3 2 15305 0.01896
4 3 2 15304 0.01846
4 3 2 15302 0.01747
4 3 2 15299 0.01797
4 3 2 15298 0.01881
4 3 2 15295 0.01677
4 3 2 15294 0.0182
4 3 2 15291 0.01808
4 3 2 15288 0.01745
4 3 2 15286 0.01722
4 3 2 15279 0.01717
4 3 2 15267 0.01787
4 3 2 15260 0.01692
4 3 2 15220 0.01902
4 3 2 15199 0.01706
4 3 2 15156 0.01786
4 3 2 15093 0.0193
4 3 2 15025 0.01835
4 3 2 15001 0.01779
4 3 2 15001 0.01778
4 3 2 14920 0.01798
4 3 2 14900 0.01793
4 3 2 14873 0.01835
4 3 2 14713 0.01717
4 3 2 14678 0.01839
4 3 2 10135 0.01278
4 3 2 10135 0.01284
4 3 2 10134 0.01242
4 3 2 10134 0.01333
4 3 2 10134 0.01245
4 3 2 10133 0.01208
4 3 2 10132 0.0123
4 3 2 10132 0.01341
4 3 2 10132 0.01343
4 3 2 10131 0.01228
4 3 2 10130 0.01269
4 3 2 10129 0.01223
4 3 2 10128 0.01307
4 3 2 10127 0.01304
4 3 2 10125 0.01235
4 3 2 10121 0.01333
4 3 2 10096 0.01254
4 3 2 10027 0.013
4 3 2 10022 0.01276
4 3 2 9958 0.01305
4 3 2 9948 0.01304
4 3 2 9946 0.01282
4 3 2 9919 0.01183
4 3 2 9897 0.0125
4 3 2 9868 0.01335
4 3 3 128217 0.1836
4 3 3 127866 0.1854
4 3 3 127554 0.1771
4 3 3 127317 0.1906
4 3 3 126803 0.1791
4 3 3 126427 0.1718
4 3 3 126230 0.1809
4 3 3 125348 0.1777
4 3 3 125183 0.1804
4 3 3 124649 0.1911
4 3 3 122190 0.1232
4 3 3 121995 0.1219
4 3 3 121460 0.1233
4 3 3 120055 0.1216
4 3 3 119127 0.1211
4 3 3 117665 0.1187
4 3 3 117385 0.1161
4 3 3 112780 0.1167
4 3 3 112071 0.1176
4 3 3 111111 0.1142
4 3 3 110379 0.1159
4 3 3 107084 0.112
4 3 3 106249 0.1105
4 3 3 106046 0.1103
4 3 3 105317 0.1101
4 3 3 104644 0.1066
4 3 3 104640 0.1083
4 3 3 104235 0.1072
4 3 3 104066 0.1046
4 3 3 103647 0.1035
4 3 3 103133 0.1078
4 3 3 103080 0.1062
4 3 3 102905 0.1071
4 3 3 101730 0.1075
4 3 3 101022 0.107
4 3 3 100617 0.1053
4 3 3 100093 0.104
4 3 3 99920 0.106
4 3 3 98894 0.1054
4 3 3 98894 0.1054
4 3 3 98114 0.1027
4 3 3 97166 0.1
4 3 3 95334 0.1008
4 3 3 94778 0.09954
4 3 3 90846 0.09889
4 3 3 90791 0.09818
4 3 3 90364 0.09411
4 3 3 90309 0.09356
4 3 3 90210 0.09383
4 3 3 90036 0.09546
4 3 3 89919 0.09119
4 3 3 89537 0.09388
4 3 3 89393 0.09557
4 3 3 89144 0.09283
4 3 3 88951 0.09681
4 3 3 88404 0.09528
4 3 3 88404 0.09493
4 3 3 88050 0.09377
4 3 3 86664 0.09505
4 3 3 85185 0.09425
4 3 3 84597 0.09082
4 3 3 84129 0.09335
4 3 3 83682 0.09124
4 3 3 82418 0.09013
4 3 3 81447 0.08884
4 3 3 81435 0.08739
4 3 3 80076 0.08913
4 3 3 79624 0.08763
4 3 3 79518 0.08558
4 3 3 78371 0.0871
4 3 3 77598 0.08651
4 3 3 75370 0.08248
4 3 3 75370 0.08268
4 3 3 72742 0.08056
4 3 3 68394 0.07911
4 3 3 56993 0.06803
4 3 3 56986 0.06948
4 3 3 56905 0.06679
4 3 3 56807 0.06811
4 3 3 56759 0.06715
4 3 3 56652 0.06564
4 3 3 56614 0.06656
4 3 3 56584 0.06691
4 3 3 56498 0.06631
4 3 3 56225 0.06521
4 3 3 55933 0.06853
4 3 3 55829 0.06628
4 3 3 54844 0.06759
4 3 3 54720 0.06579
4 3 3 54516 0.06497
4 3 3 53902 0.06402
4 3 3 53145 0.06659
4 3 3 53005 0.06639
4 3 3 51714 0.06254
4 3 3 51581 0.06323
4 3 3 50189 0.06216
4 3 3 49515 0.06047
4 3 3 49126 0.05844
4 3 3 48265 0.06009
4 3 3 46499 0.05727
4 3 3 38393 0.04666
4 3 3 38372 0.04529
4 3 3 38359 0.0478
4 3 3 38323 0.04462
4 3 3 38300 0.04456
4 3 3 38294 0.04463
4 3 3 38250 0.04312
4 3 3 38215 0.04607
4 3 3 38179 0.04401
4 3 3 38129 0.04581
4 3 3 38081 0.04613
4 3 3 37996 0.04753
4 3 3 37989 0.04638
4 3 3 37832 0.04563
4 3 3 37676 0.04601
4 3 3 37651 0.04577
4 3 3 37611 0.04632
4 3 3 36712 0.04311
4 3 3 36391 0.0435
4 3 3 36122 0.04362
4 3 3 36122 0.04355
4 3 3 35702 0.04267
4 3 3 35150 0.04456
4 3 3 33797 0.04167
4 3 3 33532 0.04111
4 3 3 26726 0.03133
4 3 3 26713 0.03222
4 3 3 26701 0.03148
4 3 3 26681 0.0315
4 3 3 26676 0.03187
4 3 3 26668 0.02854
4 3 3 26654 0.02994
4 3 3 26634 0.02908
4 3 3 26622 0.02859
4 3 3 26601 0.02888
4 3 3 26585 0.02883
4 3 3 26547 0.02864
4 3 3 26438 0.03072
4 3 3 26435 0.03077
4 3 3 26387 0.0302
4 3 3 26077 0.0314
4 3 3 25771 0.03009
4 3 3 25771 0.03002
4 3 3 25568 0.0305
4 3 3 25518 0.03025
4 3 3 25244 0.02912
4 3 3 25233 0.02798
4 3 3 25056 0.02948
4 3 3 24421 0.02875
4 3 3 24421 0.02855
4 3 3 15614 0.0188
4 3 3 15607 0.0194
4 3 3 15603 0.01905
4 3 3 15599 0.0182
4 3 3 15597 0.01828
4 3 3 15585 0.01874
4 3 3 15581 0.01934
4 3 3 15579 0.01815
4 3 3 15571 0.01905
4 3 3 15524 0.01978
4 3 3 15501 0.01868
4 3 3 15459 0.0193
4 3 3 15405 0.01857
4 3 3 15308 0.01911
4 3 3 15285 0.01874
4 3 3 15272 0.0186
4 3 3 15229 0.01887
4 3 3 15220 0.01852
4 3 3 15065 0.01779
4 3 3 14982 0.0194
4 3 3 14975 0.01866
4 3 3 14962 0.01787
4 3 3 14962 0.0178
4 3 3 14895 0.01794
4 3 3 14643 0.01894
4 3 3 10273 0.01379
4 3 3 10272 0.01424
4 3 3 10270 0.01388
4 3 3 10269 0.01335
4 3 3 10266 0.01313
4 3 3 10264 0.01353
4 3 3 10262 0.01299
4 3 3 10260 0.01338
4 3 3 10257 0.01313
4 3 3 10256 0.01316
4 3 3 10248 0.01386
4 3 3 10232 0.01371
4 3 3 10230 0.01278
4 3 3 10221 0.01318
4 3 3 10173 0.01312
4 3 3 10079 0.01345
4 3 3 10074 0.01275
4 3 3 10073 0.01364
4 3 3 10062 0.01319
4 3 3 10037 0.01338
4 3 3 10020 0.01261
4 3 3 10010 0.01332
4 3 3 9999 0.01262
4 3 3 9898 0.01372
4 3 3 9849 0.01292
4 3 4 144128 0.1907
4 3 4 143698 0.1907
4 3 4 143265 0.1866
4 3 4 142430 0.1882
4 3 4 141783 0.1827
4 3 4 136917 0.1911
4 3 4 136917 0.1902
4 3 4 136308 0.1919
4 3 4 134341 0.1811
4 3 4 132227 0.1901
4 3 4 132103 0.1901
4 3 4 131360 0.1753
4 3 4 131315 0.1818
4 3 4 126253 0.182
4 3 4 125233 0.186
4 3 4 123216 0.1829
4 3 4 122546 0.1213
4 3 4 121669 0.1236
4 3 4 119534 0.1195
4 3 4 119306 0.1209
4 3 4 117791 0.1116
4 3 4 116920 0.1191
4 3 4 116723 0.116
4 3 4 115851 0.1136
4 3 4 115230 0.1143
4 3 4 114750 0.1128
4 3 4 114290 0.1121
4 3 4 114146 0.1142
4 3 4 112523 0.1171
4 3 4 112523 0.1168
4 3 4 112323 0.1166
4 3 4 111214 0.1138
4 3 4 110665 0.112
4 3 4 110468 0.1133
4 3 4 109972 0.1121
4 3 4 109719 0.1128
4 3 4 107831 0.1121
4 3 4 107762 0.1099
4 3 4 107152 0.1111
4 3 4 106880 0.1102
4 3 4 105747 0.1061
4 3 4 102714 0.1071
4 3 4 102714 0.1082
4 3 4 99699 0.1058
4 3 4 99104 0.1028
4 3 4 99022 0.1056
4 3 4 98952 0.1054
4 3 4 98425 0.1012
4 3 4 98051 0.103
4 3 4 97741 0.1013
4 3 4 97462 0.1005
4 3 4 96992 0.1011
4 3 4 96460 0.1029
4 3 4 96314 0.0988
4 3 4 95270 0.09881
4 3 4 93165 0.1012
4 3 4 92484 0.09624
4 3 4 92407 0.0964
4 3 4 91703 0.09671
4 3 4 90896 0.09545
4 3 4 90173 0.09431
4 3 4 89902 0.09414
4 3 4 89741 0.09772
4 3 4 88700 0.09488
4 3 4 88555 0.09667
4 3 4 87216 0.09523
4 3 4 85715 0.09244
4 3 4 82850 0.08941
4 3 4 82850 0.08951
4 3 4 82215 0.09055
4 3 4 80041 0.08945
4 3 4 79130 0.08948
4 3 4 77151 0.08106
4 3 4 76515 0.08442
4 3 4 70723 0.08067
4 3 4 60839 0.07159
4 3 4 60699 0.07031
4 3 4 60373 0.0692
4 3 4 60263 0.06607
4 3 4 60037 0.07134
4 3 4 59923 0.06972
4 3 4 59702 0.07075
4 3 4 59603 0.07152
4 3 4 59186 0.06868
4 3 4 58747 0.07202
4 3 4 58386 0.07033
4 3 4 58317 0.07011
4 3 4 57976 0.06727
4 3 4 57243 0.06712
4 3 4 56605 0.06326
4 3 4 55266 0.06679
4 3 4 55089 0.06548
4 3 4 54337 0.06588
4 3 4 53874 0.06443
4 3 4 53181 0.06429
4 3 4 52797 0.06555
4 3 4 52445 0.06154
4 3 4 51540 0.06246
4 3 4 50487 0.06154
4 3 4 48783 0.05809
4 3 4 40157 0.04729
4 3 4 40099 0.0475
4 3 4 40047 0.04591
4 3 4 40036 0.04702
4 3 4 39965 0.04568
4 3 4 39920 0.0485
4 3 4 39888 0.04761
4 3 4 39830 0.04727
4 3 4 39797 0.04692
4 3 4 39635 0.04621
4 3 4 39403 0.04715
4 3 4 39380 0.04621
4 3 4 38905 0.04751
4 3 4 38417 0.04444
4 3 4 38243 0.04461
4 3 4 38114 0.04657
4 3 4 37882 0.04667
4 3 4 37834 0.0446
4 3 4 37439 0.04681
4 3 4 36886 0.04232
4 3 4 36828 0.04458
4 3 4 36804 0.04395
4 3 4 36719 0.0429
4 3 4 35418 0.04445
4 3 4 34148 0.04032
4 3 4 27630 0.03161
4 3 4 27601 0.03195
4 3 4 27597 0.03294
4 3 4 27564 0.03012
4 3 4 27542 0.0283
4 3 4 27485 0.03002
4 3 4 27437 0.02924
4 3 4 27415 0.02929
4 3 4 27393 0.02829
4 3 4 27365 0.02898
4 3 4 27360 0.03155
4 3 4 27319 0.0302
4 3 4 27317 0.03029
4 3 4 27229 0.03025
4 3 4 26937 0.03083
4 3 4 26665 0.02982
4 3 4 26632 0.03025
4 3 4 26524 0.0304
4 3 4 26394 0.03072
4 3 4 26359 0.02982
4 3 4 25974 0.0283
4 3 4 25901 0.02925
4 3 4 25744 0.03084
4 3 4 25560 0.03098
4 3 4 25009 0.02863
4 3 4 15909 0.01857
4 3 4 15898 0.02021
4 3 4 15892 0.01779
4 3 4 15886 0.01863
4 3 4 15876 0.01863
4 3 4 15845 0.01768
4 3 4 15823 0.01849
4 3 4 15795 0.01843
4 3 4 15775 0.01916
4 3 4 15688 0.01815
4 3 4 15624 0.01806
4 3 4 15586 0.01954
4 3 4 15580 0.01844
4 3 4 15541 0.01941
4 3 4 15501 0.01944
4 3 4 15431 0.01931
4 3 4 15365 0.01742
4 3 4 15350 0.01787
4 3 4 15264 0.01865
4 3 4 15259 0.01922
4 3 4 15194 0.0192
4 3 4 15169 0.01881
4 3 4 14985 0.01856
4 3 4 14972 0.01846
4 3 4 14889 0.0167
4 3 4 10409 0.01397
4 3 4 10408 0.01412
4 3 4 10406 0.0138
4 3 4 10402 0.01365
4 3 4 10397 0.01418
4 3 4 10396 0.01318
4 3 4 10391 0.01326
4 3 4 10385 0.01322
4 3 4 10380 0.01318
4 3 4 10369 0.01297
4 3 4 10363 0.01287
4 3 4 10349 0.01277
4 3 4 10312 0.01392
4 3 4 10265 0.01334
4 3 4 10207 0.01331
4 3 4 10202 0.01357
4 3 4 10184 0.01223
4 3 4 10152 0.0129
4 3 4 10144 0.01357
4 3 4 10134 0.01355
4 3 4 10132 0.01355
4 3 4 10058 0.01324
4 3 4 10032 0.01332
4 3 4 9955 0.01293
4 3 4 9949 0.01288
4 3 5 161876 0.2025
4 3 5 161385 0.2013
4 3 5 160392 0.1997
4 3 5 158532 0.201
4 3 5 156208 0.1966
4 3 5 153869 0.1932
4 3 5 148970 0.191
4 3 5 145369 0.205
4 3 5 143215 0.1903
4 3 5 143215 0.1897
4 3 5 141775 0.1873
4 3 5 140802 0.1935
4 3 5 134745 0.1944
4 3 5 133728 0.1853
4 3 5 133529 0.189
4 3 5 131692 0.1915
4 3 5 129993 0.1867
4 3 5 128233 0.1802
4 3 5 127737 0.1788
4 3 5 127452 0.1832
4 3 5 127170 0.1788
4 3 5 126904 0.1812
4 3 5 126421 0.1882
4 3 5 126015 0.1715
4 3 5 125116 0.1832
4 3 5 124326 0.177
4 3 5 123180 0.1877
4 3 5 122945 0.1882
4 3 5 121940 0.1224
4 3 5 121719 0.1216
4 3 5 119865 0.1219
4 3 5 119113 0.1189
4 3 5 117378 0.1197
4 3 5 117098 0.1164
4 3 5 116916 0.1185
4 3 5 114267 0.1178
4 3 5 112696 0.1141
4 3 5 112148 0.1175
4 3 5 110873 0.1127
4 3 5 109737 0.1129
4 3 5 109002 0.111
4 3 5 108719 0.113
4 3 5 108058 0.1113
4 3 5 107992 0.1087
4 3 5 107445 0.1082
4 3 5 107301 0.1098
4 3 5 106869 0.1107
4 3 5 106219 0.1101
4 3 5 105744 0.1061
4 3 5 105589 0.1077
4 3 5 103957 0.1094
4 3 5 101652 0.1052
4 3 5 101517 0.1048
4 3 5 99943 0.1075
4 3 5 99831 0.1041
4 3 5 99244 0.1071
4 3 5 98673 0.1053
4 3 5 98493 0.1009
4 3 5 97572 0.1056
4 3 5 97541 0.1012
4 3 5 97432 0.1032
4 3 5 96978 0.103
4 3 5 95566 0.1013
4 3 5 95353 0.1009
4 3 5 94977 0.1026
4 3 5 91245 0.09752
4 3 5 91245 0.09836
4 3 5 90432 0.09799
4 3 5 85263 0.08992
4 3 5 85151 0.08856
4 3 5 84360 0.09098
4 3 5 83084 0.09196
4 3 5 81729 0.09032
4 3 5 77369 0.08457
4 3 5 70452 0.08048
4 3 5 64588 0.07504
4 3 5 64273 0.0725
4 3 5 64042 0.07055
4 3 5 63742 0.073
4 3 5 63509 0.07218
4 3 5 63054 0.07294
4 3 5 62916 0.07358
4 3 5 62678 0.07106
4 3 5 62190 0.07056
4 3 5 60896 0.06957
4 3 5 60820 0.07275
4 3 5 60450 0.07007
4 3 5 60085 0.07195
4 3 5 58778 0.07118
4 3 5 58741 0.06636
4 3 5 57962 0.06891
4 3 5 57473 0.0686
4 3 5 56346 0.06679
4 3 5 56134 0.06787
4 3 5 55899 0.06899
4 3 5 54361 0.06659
4 3 5 53887 0.06617
4 3 5 52989 0.06442
4 3 5 52412 0.06384
4 3 5 47123 0.05719
4 3 5 42058 0.05257
4 3 5 41861 0.04914
4 3 5 41846 0.05067
4 3 5 41797 0.05086
4 3 5 41795 0.05146
4 3 5 41701 0.0503
4 3 5 41687 0.04921
4 3 5 41602 0.05009
4 3 5 41263 0.04921
4 3 5 41064 0.05116
4 3 5 40174 0.04648
4 3 5 39861 0.04688
4 3 5 39606 0.04816
4 3 5 39509 0.04785
4 3 5 39217 0.04657
4 3 5 39209 0.0474
4 3 5 38689 0.04736
4 3 5 38477 0.04688
4 3 5 38477 0.047
4 3 5 38195 0.046
4 3 5 37787 0.04746
4 3 5 37787 0.04743
4 3 5 36530 0.04537
4 3 5 35298 0.04481
4 3 5 34020 0.04139
4 3 5 28532 0.03274
4 3 5 28455 0.031
4 3 5 28395 0.0324
4 3 5 28339 0.03228
4 3 5 28294 0.03028
4 3 5 28261 0.03053
4 3 5 28246 0.03148
4 3 5 28191 0.03288
4 3 5 28180 0.03087
4 3 5 28155 0.03344
4 3 5 27847 0.0356
4 3 5 27608 0.03491
4 3 5 27530 0.03524
4 3 5 27423 0.03403
4 3 5 27415 0.0358
4 3 5 26869 0.03359
4 3 5 26869 0.03382
4 3 5 26809 0.03378
4 3 5 26583 0.03396
4 3 5 26529 0.0333
4 3 5 26358 0.03306
4 3 5 26169 0.03376
4 3 5 25793 0.03272
4 3 5 25545 0.03309
4 3 5 25517 0.03201
4 3 5 16246 0.02113
4 3 5 16198 0.02109
4 3 5 16190 0.02081
4 3 5 16175 0.02162
4 3 5 16167 0.01993
4 3 5 16146 0.02075
4 3 5 16102 0.02092
4 3 5 16089 0.02146
4 3 5 15923 0.02144
4 3 5 15901 0.02087
4 3 5 15893 0.02095
4 3 5 15875 0.02116
4 3 5 15829 0.01962
4 3 5 15744 0.02016
4 3 5 15724 0.02102
4 3 5 15686 0.02115
4 3 5 15638 0.02019
4 3 5 15583 0.02169
4 3 5 15569 0.02097
4 3 5 15472 0.02186
4 3 5 15277 0.02099
4 3 5 15277 0.02105
4 3 5 15250 0.02001
4 3 5 15020 0.01965
4 3 5 15009 0.0194
4 3 5 10547 0.01466
4 3 5 10546 0.01444
4 3 5 10536 0.01485
4 3 5 10530 0.01382
4 3 5 10526 0.01442
4 3 5 10519 0.01376
4 3 5 10518 0.01574
4 3 5 10511 0.01411
4 3 5 10502 0.01432
4 3 5 10450 0.01545
4 3 5 10449 0.01463
4 3 5 10407 0.01488
4 3 5 10398 0.01445
4 3 5 10338 0.01488
4 3 5 10333 0.01522
4 3 5 10318 0.01454
4 3 5 10287 0.01442
4 3 5 10271 0.01469
4 3 5 10222 0.01475
4 3 5 10222 0.01475
4 3 5 10167 0.01354
4 3 5 10112 0.01415
4 3 5 10089 0.0148
4 3 5 10079 0.0143
4 3 5 9883 0.01384
