8 1 1 100000 0.1106
8 1 1 100000 0.1102
8 1 1 100000 0.1051
8 1 1 100000 0.1046
8 1 1 100000 0.1045
8 1 1 100000 0.1328
8 1 1 100000 0.1302
8 1 1 100000 0.1336
8 1 1 100000 0.1329
8 1 1 100000 0.1325
8 1 1 100000 0.133
8 1 1 100000 0.1345
8 1 1 100000 0.1503
8 1 1 85000 0.1136
8 1 1 85000 0.1141
8 1 1 85000 0.1083
8 1 1 85000 0.09398
8 1 1 85000 0.1129
8 1 1 85000 0.1149
8 1 1 85000 0.1138
8 1 1 85000 0.1137
8 1 1 85000 0.1134
8 1 1 85000 0.1135
8 1 1 85000 0.1142
8 1 1 85000 0.1154
8 1 1 75000 0.08115
8 1 1 75000 0.0791
8 1 1 75000 0.08195
8 1 1 75000 0.07854
8 1 1 75000 0.1071
8 1 1 75000 0.1066
8 1 1 75000 0.106
8 1 1 75000 0.1075
8 1 1 75000 0.105
8 1 1 75000 0.1066
8 1 1 75000 0.1064
8 1 1 75000 0.1065
8 1 1 50000 0.05868
8 1 1 50000 0.05838
8 1 1 50000 0.06129
8 1 1 50000 0.05927
8 1 1 50000 0.05853
8 1 1 50000 0.08442
8 1 1 50000 0.08194
8 1 1 50000 0.08358
8 1 1 50000 0.08508
8 1 1 50000 0.08363
8 1 1 50000 0.08396
8 1 1 50000 0.08274
8 1 1 50000 0.08335
8 1 1 35000 0.04278
8 1 1 35000 0.04066
8 1 1 35000 0.04223
8 1 1 35000 0.04172
8 1 1 35000 0.04335
8 1 1 35000 0.06147
8 1 1 35000 0.06213
8 1 1 35000 0.06114
8 1 1 35000 0.06243
8 1 1 35000 0.0621
8 1 1 35000 0.0621
8 1 1 35000 0.06287
8 1 1 35000 0.06179
8 1 1 25000 0.02745
8 1 1 25000 0.02783
8 1 1 25000 0.02808
8 1 1 25000 0.02697
8 1 1 25000 0.04617
8 1 1 25000 0.04496
8 1 1 25000 0.04543
8 1 1 25000 0.04559
8 1 1 25000 0.04504
8 1 1 25000 0.04545
8 1 1 25000 0.04579
8 1 1 25000 0.04551
8 1 1 15000 0.0175
8 1 1 15000 0.0169
8 1 1 15000 0.01697
8 1 1 15000 0.01744
8 1 1 15000 0.01781
8 1 1 15000 0.02797
8 1 1 15000 0.0278
8 1 1 15000 0.02779
8 1 1 15000 0.0278
8 1 1 15000 0.02803
8 1 1 15000 0.02818
8 1 1 15000 0.02801
8 1 1 15000 0.02825
8 1 1 10000 0.01239
8 1 1 10000 0.01274
8 1 1 10000 0.01226
8 1 1 10000 0.01225
8 1 1 10000 0.01958
8 1 1 10000 0.0193
8 1 1 10000 0.01948
8 1 1 10000 0.01925
8 1 1 10000 0.01947
8 1 1 10000 0.01894
8 1 1 10000 0.01915
8 1 1 10000 0.01939
8 1 2 113442 0.112
8 1 2 113044 0.1105
8 1 2 112662 0.111
8 1 2 112584 0.1118
8 1 2 110318 0.1117
8 1 2 108301 0.1382
8 1 2 106445 0.1351
8 1 2 106047 0.1301
8 1 2 103147 0.1319
8 1 2 102279 0.1309
8 1 2 99256 0.1275
8 1 2 96748 0.1264
8 1 2 94575 0.09831
8 1 2 94462 0.098
8 1 2 94367 0.09325
8 1 2 94233 0.09639
8 1 2 93418 0.1224
8 1 2 92344 0.1234
8 1 2 92136 0.1222
8 1 2 87874 0.1185
8 1 2 84942 0.1149
8 1 2 84507 0.1152
8 1 2 82464 0.08678
8 1 2 82420 0.08695
8 1 2 82222 0.08574
8 1 2 81987 0.112
8 1 2 81407 0.1108
8 1 2 80523 0.1163
8 1 2 79529 0.1148
8 1 2 79168 0.1131
8 1 2 78618 0.1113
8 1 2 77971 0.08432
8 1 2 76112 0.1092
8 1 2 76112 0.1093
8 1 2 75898 0.11
8 1 2 75543 0.1084
8 1 2 73122 0.1064
8 1 2 53386 0.09092
8 1 2 53372 0.06348
8 1 2 53346 0.06428
8 1 2 53301 0.06487
8 1 2 53264 0.06493
8 1 2 53192 0.06359
8 1 2 52972 0.09116
8 1 2 52620 0.06195
8 1 2 51105 0.08464
8 1 2 50648 0.08472
8 1 2 50534 0.08568
8 1 2 49807 0.0839
8 1 2 47390 0.08071
8 1 2 36662 0.04363
8 1 2 36662 0.06316
8 1 2 36662 0.0637
8 1 2 36615 0.04368
8 1 2 36580 0.04269
8 1 2 36562 0.06387
8 1 2 36442 0.04212
8 1 2 36209 0.0639
8 1 2 35868 0.0637
8 1 2 35380 0.06212
8 1 2 35087 0.062
8 1 2 34541 0.0607
8 1 2 33687 0.05942
8 1 2 25842 0.02765
8 1 2 25834 0.02822
8 1 2 25826 0.02873
8 1 2 25815 0.02774
8 1 2 25797 0.02797
8 1 2 25712 0.046
8 1 2 25456 0.04683
8 1 2 25209 0.04619
8 1 2 24951 0.04543
8 1 2 24915 0.04535
8 1 2 24392 0.04366
8 1 2 24154 0.04474
8 1 2 15303 0.01802
8 1 2 15299 0.01778
8 1 2 15297 0.02887
8 1 2 15291 0.01798
8 1 2 15283 0.02861
8 1 2 15267 0.02898
8 1 2 15184 0.02799
8 1 2 15037 0.02841
8 1 2 15016 0.028
8 1 2 14992 0.02805
8 1 2 14927 0.02791
8 1 2 14896 0.02791
8 1 2 10134 0.01238
8 1 2 10134 0.01961
8 1 2 10133 0.01976
8 1 2 10131 0.01167
8 1 2 10128 0.0123
8 1 2 10127 0.01962
8 1 2 10120 0.01971
8 1 2 10103 0.01951
8 1 2 10085 0.01982
8 1 2 10039 0.01931
8 1 2 10001 0.0125
8 1 2 9989 0.0195
8 1 2 9902 0.01947
8 1 3 128199 0.1817
8 1 3 127577 0.1784
8 1 3 127208 0.1805
8 1 3 121873 0.1189
8 1 3 121624 0.1176
8 1 3 111086 0.1418
8 1 3 109132 0.1415
8 1 3 108499 0.1395
8 1 3 107675 0.137
8 1 3 105221 0.1086
8 1 3 104993 0.108
8 1 3 104800 0.136
8 1 3 104411 0.1054
8 1 3 104329 0.1353
8 1 3 103895 0.1333
8 1 3 101000 0.1046
8 1 3 97704 0.1007
8 1 3 90709 0.09585
8 1 3 90504 0.095
8 1 3 90365 0.0979
8 1 3 89888 0.09471
8 1 3 89420 0.1181
8 1 3 87837 0.1198
8 1 3 86314 0.1187
8 1 3 85438 0.1174
8 1 3 85287 0.1184
8 1 3 84366 0.1179
8 1 3 82952 0.1144
8 1 3 82648 0.1156
8 1 3 80747 0.1132
8 1 3 80747 0.1134
8 1 3 76893 0.1116
8 1 3 76893 0.1115
8 1 3 74927 0.1079
8 1 3 72801 0.1062
8 1 3 71252 0.1054
8 1 3 70490 0.1052
8 1 3 56963 0.0675
8 1 3 56910 0.0939
8 1 3 56813 0.066
8 1 3 56731 0.06747
8 1 3 56608 0.06509
8 1 3 56389 0.09282
8 1 3 54264 0.0882
8 1 3 53186 0.08928
8 1 3 51314 0.08522
8 1 3 49633 0.0851
8 1 3 49507 0.08499
8 1 3 48796 0.08411
8 1 3 47810 0.08238
8 1 3 38399 0.06455
8 1 3 38343 0.04425
8 1 3 38290 0.04479
8 1 3 38232 0.04381
8 1 3 38094 0.04411
8 1 3 37894 0.06593
8 1 3 37453 0.06571
8 1 3 36841 0.0649
8 1 3 36303 0.06363
8 1 3 36274 0.0443
8 1 3 35073 0.06205
8 1 3 34414 0.06145
8 1 3 33009 0.05807
8 1 3 26703 0.02956
8 1 3 26682 0.03088
8 1 3 26673 0.03053
8 1 3 26624 0.02912
8 1 3 26572 0.0288
8 1 3 25578 0.04643
8 1 3 25478 0.02852
8 1 3 25089 0.04545
8 1 3 24985 0.04597
8 1 3 24668 0.04579
8 1 3 24111 0.04517
8 1 3 23927 0.04528
8 1 3 15604 0.01907
8 1 3 15597 0.01858
8 1 3 15590 0.02974
8 1 3 15569 0.01871
8 1 3 15453 0.03013
8 1 3 15231 0.02834
8 1 3 15181 0.029
8 1 3 15064 0.02863
8 1 3 14999 0.02833
8 1 3 14912 0.02885
8 1 3 14725 0.02816
8 1 3 14578 0.02819
8 1 3 10267 0.0135
8 1 3 10266 0.01264
8 1 3 10263 0.01306
8 1 3 10260 0.01293
8 1 3 10258 0.01348
8 1 3 10218 0.01308
8 1 3 10158 0.01977
8 1 3 10113 0.01991
8 1 3 10054 0.01991
8 1 3 10022 0.01948
8 1 3 9989 0.01955
8 1 3 9965 0.01951
8 1 3 9905 0.01976
8 1 4 145249 0.1942
8 1 4 143439 0.1843
8 1 4 142810 0.1874
8 1 4 138810 0.1829
8 1 4 125454 0.2631
8 1 4 119918 0.1522
8 1 4 119741 0.1473
8 1 4 116850 0.1162
8 1 4 116479 0.1091
8 1 4 115772 0.1143
8 1 4 112435 0.1398
8 1 4 111707 0.1428
8 1 4 106887 0.1347
8 1 4 106622 0.1373
8 1 4 104702 0.1361
8 1 4 103370 0.1349
8 1 4 99332 0.1034
8 1 4 99039 0.1228
8 1 4 98657 0.1017
8 1 4 96562 0.09796
8 1 4 95398 0.09718
8 1 4 93614 0.09755
8 1 4 90978 0.1225
8 1 4 90978 0.122
8 1 4 88206 0.1181
8 1 4 87165 0.1203
8 1 4 87100 0.1184
8 1 4 82361 0.1142
8 1 4 82361 0.1144
8 1 4 81505 0.112
8 1 4 80792 0.1129
8 1 4 77472 0.1097
8 1 4 76629 0.1101
8 1 4 74941 0.1075
8 1 4 74505 0.1063
8 1 4 70470 0.1045
8 1 4 66654 0.1018
8 1 4 62854 0.09784
8 1 4 60418 0.06911
8 1 4 60340 0.07006
8 1 4 60204 0.07051
8 1 4 59060 0.07087
8 1 4 56722 0.09129
8 1 4 54728 0.08946
8 1 4 53333 0.08937
8 1 4 52453 0.08769
8 1 4 50340 0.08461
8 1 4 48967 0.08202
8 1 4 48913 0.08229
8 1 4 45986 0.0801
8 1 4 40164 0.04768
8 1 4 40041 0.04669
8 1 4 40001 0.04836
8 1 4 39933 0.04624
8 1 4 39039 0.06674
8 1 4 39039 0.06664
8 1 4 37499 0.06504
8 1 4 37499 0.06504
8 1 4 36189 0.0639
8 1 4 35786 0.06318
8 1 4 35088 0.06245
8 1 4 34507 0.06144
8 1 4 27596 0.03075
8 1 4 27595 0.05046
8 1 4 27561 0.03093
8 1 4 27525 0.03162
8 1 4 27485 0.03057
8 1 4 27379 0.04934
8 1 4 26330 0.02885
8 1 4 25731 0.04666
8 1 4 25584 0.04735
8 1 4 25368 0.04679
8 1 4 24892 0.04533
8 1 4 24416 0.04536
8 1 4 24073 0.04562
8 1 4 15920 0.01974
8 1 4 15908 0.01874
8 1 4 15903 0.01833
8 1 4 15895 0.01852
8 1 4 15672 0.02978
8 1 4 15448 0.0301
8 1 4 15320 0.02983
8 1 4 15172 0.02896
8 1 4 14973 0.02861
8 1 4 14900 0.02803
8 1 4 14835 0.02858
8 1 4 14737 0.02822
8 1 4 14426 0.02773
8 1 4 10398 0.01298
8 1 4 10397 0.01385
8 1 4 10390 0.01372
8 1 4 10375 0.02079
8 1 4 10211 0.02039
8 1 4 10178 0.02004
8 1 4 10112 0.01998
8 1 4 10082 0.01988
8 1 4 10021 0.01963
8 1 4 9942 0.01924
8 1 4 9920 0.0193
8 1 4 9759 0.01945
8 1 5 164257 0.1957
8 1 5 160758 0.1993
8 1 5 160487 0.1905
8 1 5 155613 0.1917
8 1 5 134363 0.2688
8 1 5 129281 0.1753
8 1 5 128450 0.1764
8 1 5 126918 0.1733
8 1 5 124896 0.2669
8 1 5 120358 0.1173
8 1 5 119758 0.1462
8 1 5 116301 0.1429
8 1 5 113641 0.1405
8 1 5 110927 0.1368
8 1 5 108984 0.1073
8 1 5 108695 0.1078
8 1 5 108349 0.1049
8 1 5 107969 0.1356
8 1 5 105160 0.1327
8 1 5 102949 0.1323
8 1 5 100476 0.1002
8 1 5 96385 0.1263
8 1 5 93794 0.1222
8 1 5 91971 0.12
8 1 5 91312 0.1203
8 1 5 89453 0.1187
8 1 5 89055 0.1126
8 1 5 85777 0.1149
8 1 5 85567 0.1085
8 1 5 82811 0.1116
8 1 5 81266 0.1099
8 1 5 80353 0.1104
8 1 5 74765 0.1045
8 1 5 74616 0.1066
8 1 5 73166 0.11
8 1 5 72381 0.1226
8 1 5 64729 0.08706
8 1 5 64445 0.08693
8 1 5 64288 0.08864
8 1 5 64129 0.08724
8 1 5 63742 0.08828
8 1 5 62606 0.08546
8 1 5 56410 0.103
8 1 5 56017 0.1029
8 1 5 54210 0.1031
8 1 5 53524 0.1034
8 1 5 51887 0.09693
8 1 5 51532 0.09725
8 1 5 48772 0.09325
8 1 5 46039 0.08657
8 1 5 42041 0.05694
8 1 5 41870 0.05889
8 1 5 41796 0.05815
8 1 5 41738 0.05741
8 1 5 40184 0.05433
8 1 5 39620 0.07524
8 1 5 38195 0.07305
8 1 5 37644 0.07025
8 1 5 36661 0.07034
8 1 5 36419 0.07048
8 1 5 34884 0.06917
8 1 5 33878 0.06566
8 1 5 28479 0.05442
8 1 5 28476 0.03413
8 1 5 28449 0.0338
8 1 5 28427 0.03363
8 1 5 28344 0.03373
8 1 5 27870 0.05412
8 1 5 26561 0.04982
8 1 5 25985 0.05044
8 1 5 25751 0.05012
8 1 5 25088 0.04839
8 1 5 24850 0.04817
8 1 5 24657 0.04905
8 1 5 24071 0.0479
8 1 5 16233 0.02002
8 1 5 16223 0.02016
8 1 5 16213 0.02039
8 1 5 16192 0.02071
8 1 5 15718 0.03229
8 1 5 15600 0.0313
8 1 5 15313 0.03153
8 1 5 15276 0.03106
8 1 5 15086 0.0307
8 1 5 14995 0.02997
8 1 5 14803 0.02973
8 1 5 14699 0.03072
8 1 5 14286 0.0285
8 1 5 10534 0.01478
8 1 5 10532 0.01406
8 1 5 10524 0.01345
8 1 5 10310 0.02199
8 1 5 10309 0.02186
8 1 5 10188 0.02124
8 1 5 10174 0.02147
8 1 5 10124 0.02125
8 1 5 10061 0.02102
8 1 5 9975 0.02066
8 1 5 9953 0.02074
8 1 5 9866 0.02099
