16 4 1 100000 0.1428
16 4 1 100000 0.1433
16 4 1 100000 0.1341
16 4 1 100000 0.1661
16 4 1 100000 0.1654
16 4 1 100000 0.1652
16 4 1 85000 0.1456
16 4 1 85000 0.1461
16 4 1 85000 0.1484
16 4 1 85000 0.1455
16 4 1 85000 0.1453
16 4 1 85000 0.116
16 4 1 75000 0.1094
16 4 1 75000 0.1256
16 4 1 75000 0.1259
16 4 1 75000 0.1257
16 4 1 75000 0.1156
16 4 1 75000 0.1057
16 4 1 75000 0.1055
16 4 1 50000 0.08385
16 4 1 50000 0.08265
16 4 1 50000 0.08301
16 4 1 50000 0.08347
16 4 1 50000 0.08457
16 4 1 35000 0.06338
16 4 1 35000 0.06242
16 4 1 35000 0.062
16 4 1 35000 0.06301
16 4 1 35000 0.06203
16 4 1 35000 0.06162
16 4 1 35000 0.06253
16 4 1 25000 0.04633
16 4 1 25000 0.04494
16 4 1 25000 0.04554
16 4 1 25000 0.04569
16 4 1 25000 0.04488
16 4 1 25000 0.04528
16 4 1 15000 0.02826
16 4 1 15000 0.02826
16 4 1 15000 0.02855
16 4 1 15000 0.02843
16 4 1 15000 0.02839
16 4 1 15000 0.02829
16 4 1 15000 0.02829
16 4 1 10000 0.01966
16 4 1 10000 0.01999
16 4 1 10000 0.01939
16 4 1 10000 0.01961
16 4 1 10000 0.01946
16 4 1 10000 0.01947
16 4 2 108526 0.1366
16 4 2 108273 0.1478
16 4 2 103939 0.1357
16 4 2 99191 0.1321
16 4 2 97439 0.1246
16 4 2 93944 0.1271
16 4 2 93585 0.1269
16 4 2 92724 0.1261
16 4 2 88039 0.1213
16 4 2 86254 0.1192
16 4 2 82575 0.1134
16 4 2 81987 0.1159
16 4 2 81154 0.1138
16 4 2 79568 0.1146
16 4 2 79281 0.1123
16 4 2 76162 0.1105
16 4 2 76089 0.1117
16 4 2 72533 0.1075
16 4 2 71937 0.1063
16 4 2 52913 0.09002
16 4 2 52139 0.08795
16 4 2 51582 0.08732
16 4 2 50195 0.08582
16 4 2 47958 0.08151
16 4 2 36662 0.0649
16 4 2 36312 0.06423
16 4 2 36204 0.06355
16 4 2 35087 0.06314
16 4 2 34650 0.06169
16 4 2 34387 0.06125
16 4 2 33558 0.05836
16 4 2 25848 0.04831
16 4 2 25822 0.04675
16 4 2 25451 0.04524
16 4 2 24955 0.04525
16 4 2 24668 0.0472
16 4 2 24279 0.04606
16 4 2 15295 0.03093
16 4 2 15278 0.03039
16 4 2 15267 0.03049
16 4 2 15072 0.0303
16 4 2 15022 0.03052
16 4 2 14932 0.03005
16 4 2 14681 0.02928
16 4 2 10131 0.0207
16 4 2 10106 0.0212
16 4 2 10048 0.02058
16 4 2 10012 0.02052
16 4 2 9990 0.02068
16 4 2 9876 0.02066
16 4 3 117209 0.1795
16 4 3 110772 0.1704
16 4 3 104365 0.1614
16 4 3 103521 0.1611
16 4 3 100592 0.1583
16 4 3 93835 0.1396
16 4 3 92187 0.1224
16 4 3 91790 0.1226
16 4 3 89425 0.1188
16 4 3 87589 0.1156
16 4 3 87023 0.1133
16 4 3 83748 0.1112
16 4 3 81137 0.1099
16 4 3 80017 0.1095
16 4 3 78904 0.1082
16 4 3 78165 0.1306
16 4 3 76573 0.1286
16 4 3 74301 0.1244
16 4 3 55431 0.1005
16 4 3 55167 0.09799
16 4 3 53151 0.09497
16 4 3 52801 0.0972
16 4 3 51650 0.09574
16 4 3 49104 0.09089
16 4 3 46430 0.08703
16 4 3 37602 0.07143
16 4 3 36524 0.06981
16 4 3 35147 0.06724
16 4 3 34921 0.06611
16 4 3 34021 0.06516
16 4 3 33751 0.06414
16 4 3 25797 0.04962
16 4 3 25764 0.04927
16 4 3 25245 0.04808
16 4 3 24940 0.04768
16 4 3 24588 0.04715
16 4 3 24162 0.04625
16 4 3 23894 0.04609
16 4 3 15454 0.03126
16 4 3 15294 0.0308
16 4 3 15208 0.02957
16 4 3 15060 0.02995
16 4 3 14913 0.0298
16 4 3 10232 0.0212
16 4 3 10125 0.02073
16 4 3 10110 0.02016
16 4 3 10075 0.02071
16 4 3 10024 0.02037
16 4 3 9902 0.0203
16 4 3 9764 0.02042
16 4 4 120034 0.1814
16 4 4 116233 0.1586
16 4 4 113496 0.1517
16 4 4 98934 0.1558
16 4 4 98141 0.1549
16 4 4 95658 0.151
16 4 4 94269 0.1514
16 4 4 93775 0.1482
16 4 4 91732 0.1472
16 4 4 87864 0.1426
16 4 4 86636 0.1412
16 4 4 84660 0.1381
16 4 4 82808 0.1371
16 4 4 81557 0.1335
16 4 4 78651 0.1306
16 4 4 78039 0.1312
16 4 4 75955 0.129
16 4 4 70110 0.1218
16 4 4 66154 0.1166
16 4 4 56145 0.1034
16 4 4 55242 0.1037
16 4 4 51145 0.09697
16 4 4 50727 0.09639
16 4 4 48415 0.08836
16 4 4 47027 0.08932
16 4 4 38257 0.07211
16 4 4 36146 0.07014
16 4 4 35947 0.07011
16 4 4 34786 0.06807
16 4 4 34422 0.06647
16 4 4 33551 0.06456
16 4 4 26243 0.05071
16 4 4 25736 0.05048
16 4 4 25478 0.0489
16 4 4 25270 0.04895
16 4 4 24779 0.04936
16 4 4 24017 0.04781
16 4 4 15720 0.03218
16 4 4 15672 0.03279
16 4 4 15351 0.03236
16 4 4 15286 0.03112
16 4 4 15141 0.03134
16 4 4 14860 0.0311
16 4 4 14727 0.0307
16 4 4 10241 0.02273
16 4 4 10217 0.0218
16 4 4 10175 0.02139
16 4 4 10043 0.02108
16 4 4 9964 0.02098
16 4 4 9934 0.02123
16 4 5 122860 0.1837
16 4 5 120088 0.1814
16 4 5 113130 0.1723
16 4 5 108208 0.1662
16 4 5 101722 0.1527
16 4 5 97937 0.1431
16 4 5 97380 0.1421
16 4 5 95252 0.1407
16 4 5 91455 0.1301
16 4 5 90579 0.1369
16 4 5 90427 0.1359
16 4 5 87247 0.1322
16 4 5 85856 0.1273
16 4 5 79870 0.1221
16 4 5 79196 0.1218
16 4 5 76258 0.1211
16 4 5 75754 0.1205
16 4 5 69483 0.1125
16 4 5 60937 0.1028
16 4 5 56424 0.09786
16 4 5 56041 0.09645
16 4 5 53732 0.09493
16 4 5 52981 0.09366
16 4 5 52036 0.09107
16 4 5 48953 0.08649
16 4 5 38833 0.07059
16 4 5 36767 0.06624
16 4 5 36436 0.06625
16 4 5 35297 0.06479
16 4 5 34340 0.06315
16 4 5 32282 0.05931
16 4 5 27284 0.05119
16 4 5 26428 0.04998
16 4 5 25811 0.04962
16 4 5 25313 0.04675
16 4 5 24941 0.04601
16 4 5 24087 0.0453
16 4 5 15684 0.03269
16 4 5 15684 0.03124
16 4 5 15525 0.03289
16 4 5 15415 0.03074
16 4 5 15199 0.02931
16 4 5 15028 0.02896
16 4 5 14464 0.02862
16 4 5 10306 0.0224
16 4 5 10175 0.02035
16 4 5 10150 0.02154
16 4 5 10108 0.02059
16 4 5 10075 0.02126
16 4 5 10033 0.02012
