1 0 1 100000 0.1414
1 0 1 100000 0.1372
1 0 1 100000 0.1346
1 0 1 100000 0.1329
1 0 1 100000 0.1356
1 0 1 100000 0.1343
1 0 1 100000 0.1345
1 0 1 100000 0.1331
1 0 1 100000 0.1373
1 0 1 100000 0.1437
1 0 1 100000 0.1345
1 0 1 100000 0.1048
1 0 1 100000 0.1069
1 0 1 100000 0.1076
1 0 1 100000 0.1116
1 0 1 100000 0.107
1 0 1 100000 0.1054
1 0 1 100000 0.1332
1 0 1 100000 0.1364
1 0 1 100000 0.1364
1 0 1 100000 0.1376
1 0 1 100000 0.1366
1 0 1 100000 0.1355
1 0 1 100000 0.1366
1 0 1 100000 0.1372
1 0 1 100000 0.1371
1 0 1 100000 0.1356
1 0 1 100000 0.1378
1 0 1 100000 0.1371
1 0 1 100000 0.1372
1 0 1 100000 0.135
1 0 1 100000 0.1349
1 0 1 100000 0.1343
1 0 1 100000 0.07432
1 0 1 100000 0.07533
1 0 1 100000 0.07574
1 0 1 100000 0.07525
1 0 1 100000 0.07514
1 0 1 100000 0.07538
1 0 1 100000 0.0748
1 0 1 100000 0.07482
1 0 1 100000 0.07553
1 0 1 100000 0.07514
1 0 1 100000 0.07543
1 0 1 100000 0.07544
1 0 1 100000 0.07562
1 0 1 100000 0.07511
1 0 1 100000 0.07484
1 0 1 100000 0.07509
1 0 1 100000 0.07629
1 0 1 100000 0.1099
1 0 1 100000 0.1059
1 0 1 100000 0.1092
1 0 1 100000 0.1093
1 0 1 100000 0.1081
1 0 1 100000 0.1093
1 0 1 100000 0.107
1 0 1 100000 0.1075
1 0 1 100000 0.1063
1 0 1 100000 0.1072
1 0 1 100000 0.1077
1 0 1 100000 0.1067
1 0 1 100000 0.1072
1 0 1 100000 0.1068
1 0 1 100000 0.1081
1 0 1 100000 0.1072
1 0 1 100000 0.1072
1 0 1 100000 0.1068
1 0 1 100000 0.1042
1 0 1 100000 0.1055
1 0 1 100000 0.1058
1 0 1 100000 0.1049
1 0 1 100000 0.1056
1 0 1 100000 0.1046
1 0 1 100000 0.1072
1 0 1 100000 0.1062
1 0 1 100000 0.1029
1 0 1 100000 0.106
1 0 1 100000 0.1062
1 0 1 100000 0.1028
1 0 1 100000 0.1052
1 0 1 100000 0.1046
1 0 1 100000 0.1034
1 0 1 100000 0.107
1 0 1 100000 0.1086
1 0 1 100000 0.108
1 0 1 100000 0.1076
1 0 1 100000 0.1092
1 0 1 100000 0.1094
1 0 1 100000 0.109
1 0 1 100000 0.1071
1 0 1 100000 0.1083
1 0 1 100000 0.1075
1 0 1 100000 0.105
1 0 1 100000 0.1089
1 0 1 100000 0.1097
1 0 1 100000 0.1066
1 0 1 100000 0.1094
1 0 1 100000 0.1083
1 0 1 100000 0.1107
1 0 1 85000 0.09455
1 0 1 85000 0.09342
1 0 1 85000 0.09567
1 0 1 85000 0.09473
1 0 1 85000 0.09509
1 0 1 85000 0.09371
1 0 1 85000 0.09382
1 0 1 85000 0.09667
1 0 1 85000 0.09344
1 0 1 85000 0.0944
1 0 1 85000 0.09476
1 0 1 85000 0.09225
1 0 1 85000 0.09445
1 0 1 85000 0.09549
1 0 1 85000 0.09799
1 0 1 85000 0.09562
1 0 1 85000 0.09383
1 0 1 85000 0.1224
1 0 1 85000 0.1218
1 0 1 85000 0.1204
1 0 1 85000 0.1211
1 0 1 85000 0.1212
1 0 1 85000 0.1226
1 0 1 85000 0.1222
1 0 1 85000 0.1169
1 0 1 85000 0.1229
1 0 1 85000 0.1218
1 0 1 85000 0.1233
1 0 1 85000 0.1201
1 0 1 85000 0.1222
1 0 1 85000 0.1236
1 0 1 85000 0.1211
1 0 1 85000 0.1218
1 0 1 85000 0.06509
1 0 1 85000 0.0655
1 0 1 85000 0.0657
1 0 1 85000 0.06553
1 0 1 85000 0.06512
1 0 1 85000 0.06552
1 0 1 85000 0.06617
1 0 1 85000 0.06595
1 0 1 85000 0.06619
1 0 1 85000 0.06587
1 0 1 85000 0.06518
1 0 1 85000 0.06498
1 0 1 85000 0.06544
1 0 1 85000 0.06512
1 0 1 85000 0.06538
1 0 1 85000 0.06553
1 0 1 85000 0.06535
1 0 1 85000 0.09592
1 0 1 85000 0.09497
1 0 1 85000 0.09748
1 0 1 85000 0.09365
1 0 1 85000 0.0962
1 0 1 85000 0.09902
1 0 1 85000 0.09611
1 0 1 85000 0.09635
1 0 1 85000 0.09659
1 0 1 85000 0.09792
1 0 1 85000 0.09792
1 0 1 85000 0.09655
1 0 1 85000 0.09848
1 0 1 85000 0.09524
1 0 1 85000 0.09717
1 0 1 85000 0.09625
1 0 1 85000 0.09503
1 0 1 85000 0.09317
1 0 1 85000 0.09257
1 0 1 85000 0.0895
1 0 1 85000 0.09477
1 0 1 85000 0.09174
1 0 1 85000 0.09416
1 0 1 85000 0.09238
1 0 1 85000 0.09527
1 0 1 85000 0.09209
1 0 1 85000 0.0918
1 0 1 85000 0.09363
1 0 1 85000 0.09129
1 0 1 85000 0.09446
1 0 1 85000 0.09283
1 0 1 85000 0.09202
1 0 1 85000 0.09381
1 0 1 85000 0.09465
1 0 1 85000 0.09607
1 0 1 85000 0.09695
1 0 1 85000 0.09319
1 0 1 85000 0.09836
1 0 1 85000 0.09632
1 0 1 85000 0.09729
1 0 1 85000 0.09685
1 0 1 85000 0.0949
1 0 1 85000 0.09502
1 0 1 85000 0.09679
1 0 1 85000 0.09287
1 0 1 85000 0.09674
1 0 1 85000 0.09479
1 0 1 85000 0.09831
1 0 1 85000 0.09707
1 0 1 85000 0.09634
1 0 1 75000 0.08461
1 0 1 75000 0.0843
1 0 1 75000 0.08553
1 0 1 75000 0.08532
1 0 1 75000 0.08577
1 0 1 75000 0.08468
1 0 1 75000 0.08565
1 0 1 75000 0.08559
1 0 1 75000 0.08727
1 0 1 75000 0.08663
1 0 1 75000 0.08602
1 0 1 75000 0.08246
1 0 1 75000 0.08374
1 0 1 75000 0.084
1 0 1 75000 0.08483
1 0 1 75000 0.08497
1 0 1 75000 0.08834
1 0 1 75000 0.1117
1 0 1 75000 0.1117
1 0 1 75000 0.1113
1 0 1 75000 0.1129
1 0 1 75000 0.1121
1 0 1 75000 0.1127
1 0 1 75000 0.1141
1 0 1 75000 0.1128
1 0 1 75000 0.1128
1 0 1 75000 0.1136
1 0 1 75000 0.1125
1 0 1 75000 0.113
1 0 1 75000 0.1104
1 0 1 75000 0.1122
1 0 1 75000 0.1128
1 0 1 75000 0.1116
1 0 1 75000 0.0551
1 0 1 75000 0.05545
1 0 1 75000 0.05543
1 0 1 75000 0.05497
1 0 1 75000 0.05528
1 0 1 75000 0.05503
1 0 1 75000 0.05554
1 0 1 75000 0.05549
1 0 1 75000 0.05532
1 0 1 75000 0.05477
1 0 1 75000 0.05519
1 0 1 75000 0.05582
1 0 1 75000 0.05562
1 0 1 75000 0.05534
1 0 1 75000 0.05599
1 0 1 75000 0.05601
1 0 1 75000 0.0549
1 0 1 75000 0.08641
1 0 1 75000 0.08877
1 0 1 75000 0.09107
1 0 1 75000 0.0866
1 0 1 75000 0.08708
1 0 1 75000 0.08648
1 0 1 75000 0.08692
1 0 1 75000 0.08318
1 0 1 75000 0.08729
1 0 1 75000 0.09258
1 0 1 75000 0.08731
1 0 1 75000 0.08799
1 0 1 75000 0.08588
1 0 1 75000 0.08623
1 0 1 75000 0.08542
1 0 1 75000 0.08694
1 0 1 75000 0.08775
1 0 1 75000 0.0848
1 0 1 75000 0.08316
1 0 1 75000 0.0816
1 0 1 75000 0.08352
1 0 1 75000 0.08428
1 0 1 75000 0.08349
1 0 1 75000 0.0854
1 0 1 75000 0.07917
1 0 1 75000 0.08471
1 0 1 75000 0.08376
1 0 1 75000 0.08273
1 0 1 75000 0.08211
1 0 1 75000 0.08242
1 0 1 75000 0.08297
1 0 1 75000 0.08495
1 0 1 75000 0.08377
1 0 1 75000 0.0877
1 0 1 75000 0.08791
1 0 1 75000 0.08743
1 0 1 75000 0.08608
1 0 1 75000 0.08665
1 0 1 75000 0.08611
1 0 1 75000 0.08947
1 0 1 75000 0.08703
1 0 1 75000 0.08825
1 0 1 75000 0.08657
1 0 1 75000 0.08778
1 0 1 75000 0.08541
1 0 1 75000 0.08513
1 0 1 75000 0.08394
1 0 1 75000 0.08531
1 0 1 75000 0.08457
1 0 1 75000 0.08584
1 0 1 50000 0.06456
1 0 1 50000 0.05953
1 0 1 50000 0.06185
1 0 1 50000 0.06341
1 0 1 50000 0.05965
1 0 1 50000 0.05945
1 0 1 50000 0.06125
1 0 1 50000 0.06098
1 0 1 50000 0.06048
1 0 1 50000 0.06161
1 0 1 50000 0.05987
1 0 1 50000 0.0607
1 0 1 50000 0.06245
1 0 1 50000 0.05985
1 0 1 50000 0.05992
1 0 1 50000 0.06053
1 0 1 50000 0.06079
1 0 1 50000 0.08629
1 0 1 50000 0.08547
1 0 1 50000 0.08631
1 0 1 50000 0.08528
1 0 1 50000 0.08714
1 0 1 50000 0.08528
1 0 1 50000 0.08487
1 0 1 50000 0.08604
1 0 1 50000 0.08712
1 0 1 50000 0.08431
1 0 1 50000 0.08631
1 0 1 50000 0.08778
1 0 1 50000 0.08611
1 0 1 50000 0.08625
1 0 1 50000 0.08533
1 0 1 50000 0.08569
1 0 1 50000 0.03214
1 0 1 50000 0.03232
1 0 1 50000 0.03221
1 0 1 50000 0.03227
1 0 1 50000 0.0324
1 0 1 50000 0.03234
1 0 1 50000 0.03233
1 0 1 50000 0.03249
1 0 1 50000 0.0323
1 0 1 50000 0.03276
1 0 1 50000 0.03285
1 0 1 50000 0.03245
1 0 1 50000 0.03234
1 0 1 50000 0.03277
1 0 1 50000 0.03297
1 0 1 50000 0.03262
1 0 1 50000 0.03279
1 0 1 50000 0.06122
1 0 1 50000 0.05806
1 0 1 50000 0.06131
1 0 1 50000 0.0624
1 0 1 50000 0.06095
1 0 1 50000 0.06191
1 0 1 50000 0.06088
1 0 1 50000 0.06187
1 0 1 50000 0.06178
1 0 1 50000 0.06147
1 0 1 50000 0.06292
1 0 1 50000 0.06187
1 0 1 50000 0.06282
1 0 1 50000 0.06201
1 0 1 50000 0.06203
1 0 1 50000 0.06108
1 0 1 50000 0.06315
1 0 1 50000 0.06016
1 0 1 50000 0.05836
1 0 1 50000 0.06057
1 0 1 50000 0.05757
1 0 1 50000 0.05971
1 0 1 50000 0.06119
1 0 1 50000 0.05996
1 0 1 50000 0.05868
1 0 1 50000 0.06124
1 0 1 50000 0.05784
1 0 1 50000 0.06007
1 0 1 50000 0.06148
1 0 1 50000 0.05731
1 0 1 50000 0.05807
1 0 1 50000 0.05988
1 0 1 50000 0.06064
1 0 1 50000 0.06219
1 0 1 50000 0.06271
1 0 1 50000 0.06112
1 0 1 50000 0.06239
1 0 1 50000 0.06201
1 0 1 50000 0.06232
1 0 1 50000 0.05946
1 0 1 50000 0.06101
1 0 1 50000 0.06219
1 0 1 50000 0.0637
1 0 1 50000 0.06212
1 0 1 50000 0.06349
1 0 1 50000 0.06066
1 0 1 50000 0.06143
1 0 1 50000 0.06271
1 0 1 50000 0.06201
1 0 1 50000 0.06223
1 0 1 35000 0.0441
1 0 1 35000 0.04356
1 0 1 35000 0.04385
1 0 1 35000 0.04286
1 0 1 35000 0.04152
1 0 1 35000 0.04173
1 0 1 35000 0.04314
1 0 1 35000 0.04325
1 0 1 35000 0.04383
1 0 1 35000 0.04174
1 0 1 35000 0.04329
1 0 1 35000 0.04318
1 0 1 35000 0.04469
1 0 1 35000 0.04248
1 0 1 35000 0.04441
1 0 1 35000 0.04364
1 0 1 35000 0.04407
1 0 1 35000 0.0636
1 0 1 35000 0.06334
1 0 1 35000 0.06414
1 0 1 35000 0.06314
1 0 1 35000 0.06292
1 0 1 35000 0.06397
1 0 1 35000 0.06307
1 0 1 35000 0.06218
1 0 1 35000 0.0639
1 0 1 35000 0.064
1 0 1 35000 0.06387
1 0 1 35000 0.06215
1 0 1 35000 0.0626
1 0 1 35000 0.06277
1 0 1 35000 0.06247
1 0 1 35000 0.06324
1 0 1 35000 0.02143
1 0 1 35000 0.02134
1 0 1 35000 0.02131
1 0 1 35000 0.02159
1 0 1 35000 0.02144
1 0 1 35000 0.02155
1 0 1 35000 0.02156
1 0 1 35000 0.02125
1 0 1 35000 0.02144
1 0 1 35000 0.0212
1 0 1 35000 0.02155
1 0 1 35000 0.02151
1 0 1 35000 0.02172
1 0 1 35000 0.02143
1 0 1 35000 0.02143
1 0 1 35000 0.02159
1 0 1 35000 0.02162
1 0 1 35000 0.04487
1 0 1 35000 0.04527
1 0 1 35000 0.04315
1 0 1 35000 0.04409
1 0 1 35000 0.04411
1 0 1 35000 0.0446
1 0 1 35000 0.04246
1 0 1 35000 0.04442
1 0 1 35000 0.04551
1 0 1 35000 0.04264
1 0 1 35000 0.04401
1 0 1 35000 0.04367
1 0 1 35000 0.04435
1 0 1 35000 0.04345
1 0 1 35000 0.04362
1 0 1 35000 0.04343
1 0 1 35000 0.04429
1 0 1 35000 0.0426
1 0 1 35000 0.04318
1 0 1 35000 0.04247
1 0 1 35000 0.04271
1 0 1 35000 0.04163
1 0 1 35000 0.04332
1 0 1 35000 0.043
1 0 1 35000 0.04102
1 0 1 35000 0.04326
1 0 1 35000 0.04294
1 0 1 35000 0.04232
1 0 1 35000 0.04265
1 0 1 35000 0.04149
1 0 1 35000 0.04208
1 0 1 35000 0.0415
1 0 1 35000 0.0428
1 0 1 35000 0.04444
1 0 1 35000 0.04252
1 0 1 35000 0.04462
1 0 1 35000 0.04464
1 0 1 35000 0.04398
1 0 1 35000 0.04369
1 0 1 35000 0.04406
1 0 1 35000 0.04299
1 0 1 35000 0.04246
1 0 1 35000 0.04421
1 0 1 35000 0.04414
1 0 1 35000 0.04369
1 0 1 35000 0.0452
1 0 1 35000 0.04354
1 0 1 35000 0.0455
1 0 1 35000 0.04459
1 0 1 35000 0.04388
1 0 1 25000 0.02886
1 0 1 25000 0.02808
1 0 1 25000 0.02845
1 0 1 25000 0.02801
1 0 1 25000 0.02809
1 0 1 25000 0.02843
1 0 1 25000 0.02825
1 0 1 25000 0.02871
1 0 1 25000 0.02917
1 0 1 25000 0.02793
1 0 1 25000 0.02784
1 0 1 25000 0.02872
1 0 1 25000 0.02951
1 0 1 25000 0.02929
1 0 1 25000 0.02752
1 0 1 25000 0.02761
1 0 1 25000 0.02718
1 0 1 25000 0.04522
1 0 1 25000 0.04574
1 0 1 25000 0.04595
1 0 1 25000 0.04608
1 0 1 25000 0.04671
1 0 1 25000 0.04952
1 0 1 25000 0.04763
1 0 1 25000 0.04858
1 0 1 25000 0.04665
1 0 1 25000 0.04643
1 0 1 25000 0.04673
1 0 1 25000 0.04625
1 0 1 25000 0.0454
1 0 1 25000 0.04592
1 0 1 25000 0.0461
1 0 1 25000 0.04606
1 0 1 25000 0.01025
1 0 1 25000 0.0107
1 0 1 25000 0.01038
1 0 1 25000 0.01023
1 0 1 25000 0.01026
1 0 1 25000 0.01158
1 0 1 25000 0.0101
1 0 1 25000 0.01039
1 0 1 25000 0.01228
1 0 1 25000 0.01023
1 0 1 25000 0.01012
1 0 1 25000 0.01195
1 0 1 25000 0.01015
1 0 1 25000 0.01034
1 0 1 25000 0.01022
1 0 1 25000 0.01114
1 0 1 25000 0.01019
1 0 1 25000 0.02979
1 0 1 25000 0.02817
1 0 1 25000 0.03043
1 0 1 25000 0.03043
1 0 1 25000 0.02909
1 0 1 25000 0.03109
1 0 1 25000 0.03065
1 0 1 25000 0.03182
1 0 1 25000 0.03271
1 0 1 25000 0.03142
1 0 1 25000 0.03221
1 0 1 25000 0.03072
1 0 1 25000 0.03156
1 0 1 25000 0.03151
1 0 1 25000 0.03122
1 0 1 25000 0.03026
1 0 1 25000 0.02945
1 0 1 25000 0.02578
1 0 1 25000 0.02854
1 0 1 25000 0.02897
1 0 1 25000 0.03012
1 0 1 25000 0.0291
1 0 1 25000 0.03066
1 0 1 25000 0.02922
1 0 1 25000 0.02911
1 0 1 25000 0.03015
1 0 1 25000 0.02758
1 0 1 25000 0.02937
1 0 1 25000 0.02895
1 0 1 25000 0.03024
1 0 1 25000 0.02904
1 0 1 25000 0.02931
1 0 1 25000 0.03042
1 0 1 25000 0.03169
1 0 1 25000 0.0288
1 0 1 25000 0.03066
1 0 1 25000 0.03044
1 0 1 25000 0.03093
1 0 1 25000 0.03016
1 0 1 25000 0.02851
1 0 1 25000 0.02961
1 0 1 25000 0.02848
1 0 1 25000 0.02725
1 0 1 25000 0.03109
1 0 1 25000 0.0279
1 0 1 25000 0.03231
1 0 1 25000 0.02967
1 0 1 25000 0.03165
1 0 1 25000 0.02902
1 0 1 25000 0.03097
1 0 1 15000 0.01904
1 0 1 15000 0.01946
1 0 1 15000 0.01795
1 0 1 15000 0.01855
1 0 1 15000 0.01855
1 0 1 15000 0.01781
1 0 1 15000 0.01978
1 0 1 15000 0.01809
1 0 1 15000 0.01894
1 0 1 15000 0.01855
1 0 1 15000 0.01737
1 0 1 15000 0.01773
1 0 1 15000 0.01922
1 0 1 15000 0.01789
1 0 1 15000 0.01929
1 0 1 15000 0.01932
1 0 1 15000 0.01782
1 0 1 15000 0.0284
1 0 1 15000 0.02956
1 0 1 15000 0.0294
1 0 1 15000 0.0282
1 0 1 15000 0.02831
1 0 1 15000 0.02941
1 0 1 15000 0.02968
1 0 1 15000 0.02939
1 0 1 15000 0.02991
1 0 1 15000 0.02849
1 0 1 15000 0.02882
1 0 1 15000 0.02833
1 0 1 15000 0.02843
1 0 1 15000 0.0293
1 0 1 15000 0.02958
1 0 1 15000 0.0292
1 0 1 15000 0.007041
1 0 1 15000 0.006817
1 0 1 15000 0.006774
1 0 1 15000 0.00698
1 0 1 15000 0.007862
1 0 1 15000 0.007836
1 0 1 15000 0.007506
1 0 1 15000 0.006676
1 0 1 15000 0.006763
1 0 1 15000 0.008147
1 0 1 15000 0.006645
1 0 1 15000 0.006764
1 0 1 15000 0.009603
1 0 1 15000 0.007746
1 0 1 15000 0.007158
1 0 1 15000 0.007384
1 0 1 15000 0.006741
1 0 1 15000 0.01821
1 0 1 15000 0.01823
1 0 1 15000 0.01962
1 0 1 15000 0.01839
1 0 1 15000 0.01838
1 0 1 15000 0.01872
1 0 1 15000 0.01858
1 0 1 15000 0.01886
1 0 1 15000 0.01926
1 0 1 15000 0.01916
1 0 1 15000 0.01785
1 0 1 15000 0.01763
1 0 1 15000 0.01882
1 0 1 15000 0.01845
1 0 1 15000 0.01855
1 0 1 15000 0.01925
1 0 1 15000 0.01959
1 0 1 15000 0.01819
1 0 1 15000 0.01836
1 0 1 15000 0.01855
1 0 1 15000 0.01836
1 0 1 15000 0.01901
1 0 1 15000 0.01808
1 0 1 15000 0.01866
1 0 1 15000 0.01811
1 0 1 15000 0.01731
1 0 1 15000 0.01845
1 0 1 15000 0.01796
1 0 1 15000 0.01727
1 0 1 15000 0.01904
1 0 1 15000 0.01814
1 0 1 15000 0.01862
1 0 1 15000 0.01791
1 0 1 15000 0.01904
1 0 1 15000 0.01801
1 0 1 15000 0.01938
1 0 1 15000 0.01886
1 0 1 15000 0.0198
1 0 1 15000 0.01926
1 0 1 15000 0.01917
1 0 1 15000 0.01924
1 0 1 15000 0.0195
1 0 1 15000 0.01899
1 0 1 15000 0.01742
1 0 1 15000 0.01905
1 0 1 15000 0.01807
1 0 1 15000 0.0194
1 0 1 15000 0.01784
1 0 1 15000 0.01834
1 0 1 15000 0.01856
1 0 1 10000 0.01283
1 0 1 10000 0.01321
1 0 1 10000 0.01279
1 0 1 10000 0.01317
1 0 1 10000 0.01319
1 0 1 10000 0.01363
1 0 1 10000 0.01331
1 0 1 10000 0.01403
1 0 1 10000 0.01322
1 0 1 10000 0.01334
1 0 1 10000 0.01399
1 0 1 10000 0.01348
1 0 1 10000 0.01285
1 0 1 10000 0.01338
1 0 1 10000 0.01364
1 0 1 10000 0.01409
1 0 1 10000 0.013
1 0 1 10000 0.02048
1 0 1 10000 0.02003
1 0 1 10000 0.0202
1 0 1 10000 0.01974
1 0 1 10000 0.01937
1 0 1 10000 0.02028
1 0 1 10000 0.01995
1 0 1 10000 0.01949
1 0 1 10000 0.02043
1 0 1 10000 0.02006
1 0 1 10000 0.01949
1 0 1 10000 0.02009
1 0 1 10000 0.02023
1 0 1 10000 0.01955
1 0 1 10000 0.02018
1 0 1 10000 0.01976
1 0 1 10000 0.005382
1 0 1 10000 0.005283
1 0 1 10000 0.005531
1 0 1 10000 0.006055
1 0 1 10000 0.006121
1 0 1 10000 0.005995
1 0 1 10000 0.006284
1 0 1 10000 0.005987
1 0 1 10000 0.006091
1 0 1 10000 0.006333
1 0 1 10000 0.006062
1 0 1 10000 0.005481
1 0 1 10000 0.005264
1 0 1 10000 0.005302
1 0 1 10000 0.005334
1 0 1 10000 0.005312
1 0 1 10000 0.005267
1 0 1 10000 0.01299
1 0 1 10000 0.01337
1 0 1 10000 0.01277
1 0 1 10000 0.01301
1 0 1 10000 0.01386
1 0 1 10000 0.01387
1 0 1 10000 0.01327
1 0 1 10000 0.01286
1 0 1 10000 0.01364
1 0 1 10000 0.0129
1 0 1 10000 0.01316
1 0 1 10000 0.01378
1 0 1 10000 0.01358
1 0 1 10000 0.0124
1 0 1 10000 0.01358
1 0 1 10000 0.01281
1 0 1 10000 0.01302
1 0 1 10000 0.01259
1 0 1 10000 0.01289
1 0 1 10000 0.01226
1 0 1 10000 0.01275
1 0 1 10000 0.01278
1 0 1 10000 0.01201
1 0 1 10000 0.01261
1 0 1 10000 0.01242
1 0 1 10000 0.01286
1 0 1 10000 0.013
1 0 1 10000 0.01298
1 0 1 10000 0.01293
1 0 1 10000 0.01342
1 0 1 10000 0.01339
1 0 1 10000 0.01296
1 0 1 10000 0.01308
1 0 1 10000 0.01376
1 0 1 10000 0.01391
1 0 1 10000 0.01337
1 0 1 10000 0.01363
1 0 1 10000 0.01271
1 0 1 10000 0.01288
1 0 1 10000 0.01306
1 0 1 10000 0.01338
1 0 1 10000 0.01285
1 0 1 10000 0.01338
1 0 1 10000 0.01264
1 0 1 10000 0.01341
1 0 1 10000 0.01325
1 0 1 10000 0.01312
1 0 1 10000 0.01385
1 0 1 10000 0.01345
1 0 1 10000 0.01287
1 0 2 113522 0.1453
1 0 2 113480 0.1472
1 0 2 113424 0.1464
1 0 2 113387 0.1478
1 0 2 113340 0.1443
1 0 2 113280 0.1416
1 0 2 113236 0.1437
1 0 2 113142 0.1471
1 0 2 113122 0.1571
1 0 2 113109 0.114
1 0 2 113102 0.1179
1 0 2 113090 0.1165
1 0 2 113071 0.114
1 0 2 113044 0.1129
1 0 2 113009 0.1143
1 0 2 113000 0.1124
1 0 2 112992 0.1147
1 0 2 112954 0.1119
1 0 2 112896 0.1144
1 0 2 112895 0.1083
1 0 2 112868 0.1156
1 0 2 112824 0.1117
1 0 2 112806 0.1142
1 0 2 112795 0.1111
1 0 2 112764 0.111
1 0 2 112688 0.1143
1 0 2 112678 0.1221
1 0 2 112662 0.1235
1 0 2 112557 0.1135
1 0 2 112538 0.1151
1 0 2 112242 0.1131
1 0 2 112149 0.1125
1 0 2 112048 0.1131
1 0 2 112044 0.1143
1 0 2 111980 0.1155
1 0 2 111815 0.1147
1 0 2 111401 0.1132
1 0 2 111386 0.1139
1 0 2 110939 0.115
1 0 2 110517 0.1106
1 0 2 110473 0.1102
1 0 2 110371 0.1155
1 0 2 109892 0.1146
1 0 2 108816 0.1102
1 0 2 108816 0.1088
1 0 2 107775 0.1035
1 0 2 107139 0.1127
1 0 2 107067 0.112
1 0 2 106892 0.1129
1 0 2 106594 0.1406
1 0 2 106594 0.1092
1 0 2 105424 0.1108
1 0 2 105396 0.1071
1 0 2 105134 0.1101
1 0 2 104660 0.1382
1 0 2 104320 0.108
1 0 2 104174 0.1383
1 0 2 103462 0.1094
1 0 2 103462 0.1083
1 0 2 102838 0.1373
1 0 2 102199 0.1364
1 0 2 101515 0.1068
1 0 2 101515 0.1058
1 0 2 100000 0.07468
1 0 2 100000 0.07494
1 0 2 100000 0.07438
1 0 2 100000 0.07557
1 0 2 100000 0.07496
1 0 2 100000 0.07427
1 0 2 100000 0.07477
1 0 2 100000 0.07663
1 0 2 100000 0.07414
1 0 2 100000 0.07532
1 0 2 100000 0.07501
1 0 2 100000 0.07542
1 0 2 100000 0.07448
1 0 2 100000 0.07524
1 0 2 100000 0.07501
1 0 2 100000 0.07492
1 0 2 100000 0.07504
1 0 2 99589 0.1316
1 0 2 99292 0.1321
1 0 2 98647 0.1357
1 0 2 98270 0.1216
1 0 2 97943 0.1266
1 0 2 97701 0.1022
1 0 2 97448 0.1317
1 0 2 97229 0.1052
1 0 2 97217 0.1058
1 0 2 96605 0.13
1 0 2 94937 0.09999
1 0 2 94937 0.09908
1 0 2 94776 0.1006
1 0 2 94767 0.1009
1 0 2 94710 0.1016
1 0 2 94704 0.1009
1 0 2 94686 0.1015
1 0 2 94681 0.1012
1 0 2 94673 0.1038
1 0 2 94667 0.1009
1 0 2 94597 0.09788
1 0 2 94571 0.101
1 0 2 94548 0.09759
1 0 2 94523 0.1275
1 0 2 94522 0.09792
1 0 2 94475 0.09961
1 0 2 94462 0.1002
1 0 2 94453 0.09919
1 0 2 94429 0.1283
1 0 2 94380 0.127
1 0 2 94374 0.09955
1 0 2 94351 0.1013
1 0 2 94346 0.09799
1 0 2 94300 0.09841
1 0 2 94161 0.09682
1 0 2 94089 0.09768
1 0 2 94038 0.09792
1 0 2 94035 0.1267
1 0 2 94034 0.09821
1 0 2 93959 0.1014
1 0 2 93934 0.09924
1 0 2 93897 0.09947
1 0 2 93864 0.09872
1 0 2 93845 0.0993
1 0 2 93817 0.1001
1 0 2 93704 0.0976
1 0 2 93642 0.09898
1 0 2 93536 0.09823
1 0 2 93486 0.09807
1 0 2 93430 0.1263
1 0 2 93415 0.09855
1 0 2 93289 0.1015
1 0 2 93244 0.1276
1 0 2 93234 0.128
1 0 2 93136 0.1244
1 0 2 93136 0.1246
1 0 2 92656 0.1005
1 0 2 92616 0.0989
1 0 2 92276 0.09959
1 0 2 92226 0.09987
1 0 2 91909 0.09896
1 0 2 91760 0.09854
1 0 2 91579 0.09886
1 0 2 91579 0.09637
1 0 2 90961 0.09518
1 0 2 90843 0.1244
1 0 2 90719 0.09136
1 0 2 90455 0.09973
1 0 2 90254 0.09607
1 0 2 90254 0.09691
1 0 2 90168 0.1229
1 0 2 90101 0.096
1 0 2 89925 0.09758
1 0 2 89733 0.09558
1 0 2 89607 0.09663
1 0 2 89442 0.09697
1 0 2 89442 0.09694
1 0 2 88604 0.09375
1 0 2 88035 0.0953
1 0 2 87710 0.09459
1 0 2 87645 0.1211
1 0 2 87529 0.09295
1 0 2 87186 0.09432
1 0 2 87153 0.09467
1 0 2 86552 0.1207
1 0 2 86065 0.09333
1 0 2 85760 0.09526
1 0 2 85357 0.09422
1 0 2 85328 0.1201
1 0 2 85316 0.09179
1 0 2 85180 0.1174
1 0 2 85000 0.06587
1 0 2 85000 0.06526
1 0 2 85000 0.06524
1 0 2 85000 0.06456
1 0 2 85000 0.06527
1 0 2 85000 0.06508
1 0 2 85000 0.06536
1 0 2 85000 0.06463
1 0 2 85000 0.06539
1 0 2 85000 0.06481
1 0 2 85000 0.06464
1 0 2 85000 0.06544
1 0 2 85000 0.06555
1 0 2 85000 0.0656
1 0 2 85000 0.06478
1 0 2 85000 0.06484
1 0 2 85000 0.065
1 0 2 84842 0.1175
1 0 2 83963 0.09248
1 0 2 83700 0.09095
1 0 2 83434 0.09086
1 0 2 82631 0.08868
1 0 2 82622 0.09022
1 0 2 82612 0.09172
1 0 2 82596 0.09333
1 0 2 82554 0.09098
1 0 2 82551 0.1168
1 0 2 82509 0.09175
1 0 2 82508 0.09181
1 0 2 82497 0.09042
1 0 2 82486 0.09066
1 0 2 82474 0.09022
1 0 2 82464 0.08809
1 0 2 82461 0.08818
1 0 2 82446 0.08913
1 0 2 82437 0.08906
1 0 2 82422 0.08927
1 0 2 82420 0.08773
1 0 2 82403 0.1047
1 0 2 82387 0.1084
1 0 2 82362 0.1068
1 0 2 82334 0.1092
1 0 2 82261 0.09783
1 0 2 82253 0.09272
1 0 2 82188 0.09087
1 0 2 82177 0.08838
1 0 2 82173 0.08995
1 0 2 82096 0.0875
1 0 2 82095 0.08714
1 0 2 82054 0.08863
1 0 2 82053 0.08711
1 0 2 82046 0.0892
1 0 2 81856 0.08875
1 0 2 81831 0.08837
1 0 2 81810 0.08809
1 0 2 81768 0.08993
1 0 2 81752 0.09024
1 0 2 81684 0.09214
1 0 2 81671 0.08855
1 0 2 81669 0.08868
1 0 2 81617 0.08831
1 0 2 81564 0.08985
1 0 2 81564 0.08958
1 0 2 81471 0.08685
1 0 2 81405 0.1158
1 0 2 81324 0.09068
1 0 2 81233 0.09094
1 0 2 81231 0.1156
1 0 2 81226 0.09018
1 0 2 81226 0.08745
1 0 2 80910 0.1168
1 0 2 80523 0.1159
1 0 2 80523 0.1122
1 0 2 79797 0.08895
1 0 2 79763 0.0881
1 0 2 79442 0.08909
1 0 2 79296 0.114
1 0 2 79257 0.1154
1 0 2 79075 0.08899
1 0 2 78972 0.1149
1 0 2 78666 0.1154
1 0 2 78660 0.1148
1 0 2 78408 0.1144
1 0 2 78356 0.1138
1 0 2 78186 0.08668
1 0 2 78154 0.1127
1 0 2 77761 0.08754
1 0 2 77703 0.08455
1 0 2 77483 0.08522
1 0 2 77477 0.1124
1 0 2 77441 0.0873
1 0 2 76765 0.08467
1 0 2 76765 0.08509
1 0 2 76581 0.08847
1 0 2 76428 0.1136
1 0 2 76162 0.1126
1 0 2 76053 0.08599
1 0 2 75990 0.08649
1 0 2 75934 0.1118
1 0 2 75153 0.08513
1 0 2 75124 0.08557
1 0 2 75000 0.05495
1 0 2 75000 0.06593
1 0 2 75000 0.05451
1 0 2 75000 0.05482
1 0 2 75000 0.05486
1 0 2 75000 0.05553
1 0 2 75000 0.05498
1 0 2 75000 0.05455
1 0 2 75000 0.05459
1 0 2 75000 0.05453
1 0 2 75000 0.07276
1 0 2 75000 0.05501
1 0 2 75000 0.05468
1 0 2 75000 0.05397
1 0 2 75000 0.05493
1 0 2 75000 0.05493
1 0 2 75000 0.0547
1 0 2 74830 0.1109
1 0 2 74655 0.1071
1 0 2 74058 0.08516
1 0 2 74058 0.08565
1 0 2 73618 0.08611
1 0 2 73585 0.1097
1 0 2 72517 0.08388
1 0 2 72068 0.08379
1 0 2 71979 0.109
1 0 2 71240 0.08387
1 0 2 70017 0.1074
1 0 2 53392 0.06651
1 0 2 53388 0.06629
1 0 2 53386 0.06552
1 0 2 53378 0.09076
1 0 2 53375 0.06425
1 0 2 53372 0.0651
1 0 2 53371 0.06655
1 0 2 53370 0.06717
1 0 2 53360 0.06641
1 0 2 53357 0.06484
1 0 2 53353 0.06342
1 0 2 53347 0.06563
1 0 2 53338 0.06655
1 0 2 53332 0.0634
1 0 2 53326 0.06639
1 0 2 53318 0.06448
1 0 2 53316 0.06429
1 0 2 53312 0.06351
1 0 2 53301 0.06566
1 0 2 53298 0.06676
1 0 2 53287 0.06462
1 0 2 53278 0.06577
1 0 2 53264 0.06495
1 0 2 53250 0.0646
1 0 2 53249 0.06583
1 0 2 53238 0.08968
1 0 2 53232 0.06308
1 0 2 53228 0.06325
1 0 2 53224 0.06252
1 0 2 53210 0.06453
1 0 2 53202 0.06473
1 0 2 53200 0.06746
1 0 2 53169 0.06528
1 0 2 53167 0.06581
1 0 2 53151 0.06332
1 0 2 53148 0.06479
1 0 2 53144 0.06405
1 0 2 53110 0.06558
1 0 2 53108 0.06396
1 0 2 53061 0.06538
1 0 2 52969 0.06577
1 0 2 52952 0.06608
1 0 2 52925 0.09061
1 0 2 52925 0.09059
1 0 2 52851 0.06752
1 0 2 52820 0.06687
1 0 2 52697 0.06257
1 0 2 52609 0.06579
1 0 2 52558 0.0653
1 0 2 52431 0.06465
1 0 2 52424 0.06269
1 0 2 52262 0.06309
1 0 2 52036 0.06305
1 0 2 52020 0.08845
1 0 2 51820 0.08748
1 0 2 51551 0.06039
1 0 2 51447 0.08762
1 0 2 51442 0.06324
1 0 2 51320 0.06283
1 0 2 51320 0.06379
1 0 2 51164 0.06351
1 0 2 51162 0.06459
1 0 2 51095 0.06496
1 0 2 51079 0.06418
1 0 2 50947 0.06388
1 0 2 50620 0.08694
1 0 2 50598 0.08686
1 0 2 50507 0.06111
1 0 2 50092 0.0856
1 0 2 50084 0.08438
1 0 2 50000 0.03225
1 0 2 50000 0.03256
1 0 2 50000 0.0322
1 0 2 50000 0.03246
1 0 2 50000 0.03243
1 0 2 50000 0.03213
1 0 2 50000 0.03256
1 0 2 50000 0.03249
1 0 2 50000 0.03232
1 0 2 50000 0.03254
1 0 2 50000 0.03262
1 0 2 50000 0.03247
1 0 2 50000 0.03251
1 0 2 50000 0.03233
1 0 2 50000 0.03223
1 0 2 50000 0.03252
1 0 2 49926 0.06242
1 0 2 49926 0.06237
1 0 2 49645 0.05834
1 0 2 49628 0.08489
1 0 2 49407 0.05805
1 0 2 49407 0.05747
1 0 2 48655 0.0598
1 0 2 48607 0.05854
1 0 2 48568 0.08364
1 0 2 47654 0.06141
1 0 2 47363 0.08099
1 0 2 46854 0.05756
1 0 2 46786 0.08154
1 0 2 46441 0.05912
1 0 2 36662 0.04499
1 0 2 36662 0.06479
1 0 2 36662 0.06567
1 0 2 36662 0.06476
1 0 2 36662 0.04394
1 0 2 36662 0.04425
1 0 2 36662 0.04526
1 0 2 36662 0.04545
1 0 2 36662 0.04538
1 0 2 36662 0.04553
1 0 2 36657 0.04633
1 0 2 36652 0.04376
1 0 2 36645 0.04395
1 0 2 36640 0.04557
1 0 2 36639 0.0431
1 0 2 36623 0.04378
1 0 2 36617 0.04439
1 0 2 36616 0.04326
1 0 2 36614 0.04413
1 0 2 36613 0.04529
1 0 2 36608 0.04555
1 0 2 36607 0.04291
1 0 2 36604 0.04312
1 0 2 36602 0.04485
1 0 2 36597 0.04341
1 0 2 36597 0.04397
1 0 2 36592 0.04272
1 0 2 36590 0.04395
1 0 2 36587 0.04438
1 0 2 36585 0.04405
1 0 2 36584 0.04509
1 0 2 36580 0.04385
1 0 2 36580 0.04398
1 0 2 36578 0.0437
1 0 2 36572 0.04588
1 0 2 36570 0.0447
1 0 2 36568 0.04413
1 0 2 36565 0.04302
1 0 2 36564 0.04292
1 0 2 36551 0.04445
1 0 2 36546 0.04272
1 0 2 36535 0.04492
1 0 2 36534 0.04554
1 0 2 36525 0.0447
1 0 2 36400 0.04409
1 0 2 36335 0.06653
1 0 2 36222 0.06436
1 0 2 36209 0.06478
1 0 2 36190 0.04408
1 0 2 36127 0.04235
1 0 2 36064 0.04512
1 0 2 36050 0.04524
1 0 2 36050 0.04511
1 0 2 36018 0.04461
1 0 2 36018 0.04484
1 0 2 35875 0.06462
1 0 2 35875 0.06461
1 0 2 35834 0.04598
1 0 2 35406 0.06262
1 0 2 35315 0.0439
1 0 2 35266 0.04294
1 0 2 35021 0.06298
1 0 2 35021 0.06296
1 0 2 35000 0.06293
1 0 2 35000 0.02163
1 0 2 35000 0.02143
1 0 2 35000 0.02141
1 0 2 35000 0.02165
1 0 2 35000 0.02158
1 0 2 35000 0.02156
1 0 2 35000 0.02161
1 0 2 35000 0.02153
1 0 2 35000 0.02135
1 0 2 35000 0.02156
1 0 2 35000 0.0215
1 0 2 35000 0.02138
1 0 2 35000 0.0216
1 0 2 35000 0.02161
1 0 2 35000 0.02157
1 0 2 35000 0.02154
1 0 2 35000 0.02148
1 0 2 34983 0.06286
1 0 2 34912 0.04176
1 0 2 34903 0.04307
1 0 2 34825 0.06259
1 0 2 34825 0.04407
1 0 2 34825 0.04305
1 0 2 34650 0.06324
1 0 2 34567 0.04113
1 0 2 34457 0.06153
1 0 2 34212 0.04045
1 0 2 34112 0.04186
1 0 2 34037 0.06144
1 0 2 33872 0.04189
1 0 2 33807 0.06116
1 0 2 33687 0.05928
1 0 2 33687 0.04038
1 0 2 33488 0.04001
1 0 2 33455 0.04017
1 0 2 33356 0.04036
1 0 2 25848 0.02937
1 0 2 25848 0.02918
1 0 2 25848 0.0299
1 0 2 25846 0.04781
1 0 2 25845 0.02904
1 0 2 25845 0.03012
1 0 2 25845 0.03041
1 0 2 25844 0.0476
1 0 2 25843 0.04777
1 0 2 25843 0.02976
1 0 2 25843 0.03094
1 0 2 25842 0.02958
1 0 2 25840 0.02942
1 0 2 25840 0.0296
1 0 2 25838 0.03135
1 0 2 25837 0.03043
1 0 2 25836 0.02932
1 0 2 25836 0.02852
1 0 2 25835 0.0293
1 0 2 25834 0.04713
1 0 2 25834 0.03023
1 0 2 25833 0.03041
1 0 2 25832 0.02797
1 0 2 25829 0.02906
1 0 2 25826 0.02962
1 0 2 25825 0.02864
1 0 2 25823 0.03138
1 0 2 25821 0.04727
1 0 2 25821 0.04733
1 0 2 25820 0.02944
1 0 2 25820 0.02914
1 0 2 25820 0.03043
1 0 2 25817 0.02991
1 0 2 25816 0.02861
1 0 2 25816 0.02807
1 0 2 25815 0.02929
1 0 2 25814 0.0284
1 0 2 25814 0.02849
1 0 2 25808 0.02962
1 0 2 25808 0.02752
1 0 2 25807 0.0295
1 0 2 25806 0.02879
1 0 2 25804 0.02947
1 0 2 25797 0.02802
1 0 2 25791 0.02866
1 0 2 25790 0.02835
1 0 2 25789 0.02818
1 0 2 25771 0.02945
1 0 2 25771 0.02944
1 0 2 25763 0.0289
1 0 2 25751 0.0288
1 0 2 25736 0.04726
1 0 2 25732 0.02801
1 0 2 25669 0.02919
1 0 2 25632 0.02894
1 0 2 25608 0.02997
1 0 2 25544 0.03096
1 0 2 25447 0.04668
1 0 2 25280 0.0298
1 0 2 25280 0.02995
1 0 2 25267 0.02803
1 0 2 25242 0.04629
1 0 2 25173 0.02952
1 0 2 25125 0.02907
1 0 2 25097 0.02972
1 0 2 25053 0.02939
1 0 2 25046 0.02887
1 0 2 25000 0.01036
1 0 2 25000 0.01037
1 0 2 25000 0.01024
1 0 2 25000 0.01031
1 0 2 25000 0.01019
1 0 2 25000 0.01041
1 0 2 25000 0.01013
1 0 2 25000 0.01041
1 0 2 25000 0.01017
1 0 2 25000 0.01023
1 0 2 25000 0.01029
1 0 2 25000 0.01029
1 0 2 25000 0.01013
1 0 2 25000 0.01021
1 0 2 25000 0.01036
1 0 2 25000 0.01015
1 0 2 25000 0.01037
1 0 2 24948 0.04577
1 0 2 24931 0.0279
1 0 2 24923 0.04609
1 0 2 24856 0.02834
1 0 2 24720 0.02758
1 0 2 24720 0.0277
1 0 2 24680 0.02789
1 0 2 24680 0.02782
1 0 2 24512 0.04573
1 0 2 24422 0.02777
1 0 2 24408 0.02899
1 0 2 24366 0.02696
1 0 2 24303 0.04426
1 0 2 24225 0.02752
1 0 2 24190 0.02843
1 0 2 24133 0.04486
1 0 2 15305 0.02924
1 0 2 15305 0.01921
1 0 2 15305 0.01868
1 0 2 15305 0.01869
1 0 2 15304 0.01751
1 0 2 15304 0.01881
1 0 2 15304 0.0182
1 0 2 15303 0.01754
1 0 2 15303 0.01863
1 0 2 15303 0.01857
1 0 2 15302 0.01843
1 0 2 15302 0.0188
1 0 2 15302 0.01803
1 0 2 15302 0.0184
1 0 2 15301 0.01868
1 0 2 15301 0.01929
1 0 2 15300 0.01786
1 0 2 15300 0.01841
1 0 2 15300 0.01865
1 0 2 15299 0.01799
1 0 2 15299 0.01809
1 0 2 15299 0.02907
1 0 2 15299 0.02905
1 0 2 15298 0.01842
1 0 2 15298 0.01792
1 0 2 15298 0.01779
1 0 2 15298 0.01737
1 0 2 15297 0.01811
1 0 2 15296 0.01725
1 0 2 15295 0.01898
1 0 2 15295 0.01801
1 0 2 15293 0.0173
1 0 2 15291 0.0174
1 0 2 15289 0.01842
1 0 2 15289 0.02971
1 0 2 15288 0.01821
1 0 2 15287 0.01793
1 0 2 15286 0.01725
1 0 2 15285 0.01799
1 0 2 15283 0.01744
1 0 2 15283 0.01879
1 0 2 15283 0.01736
1 0 2 15278 0.02852
1 0 2 15278 0.0285
1 0 2 15275 0.01826
1 0 2 15268 0.02924
1 0 2 15268 0.01785
1 0 2 15265 0.01739
1 0 2 15264 0.01828
1 0 2 15262 0.01878
1 0 2 15260 0.01797
1 0 2 15247 0.0178
1 0 2 15243 0.0182
1 0 2 15224 0.01861
1 0 2 15221 0.01849
1 0 2 15219 0.01832
1 0 2 15203 0.02911
1 0 2 15184 0.02895
1 0 2 15169 0.01878
1 0 2 15160 0.01857
1 0 2 15083 0.01762
1 0 2 15074 0.01884
1 0 2 15072 0.02912
1 0 2 15045 0.01798
1 0 2 15034 0.0183
1 0 2 15026 0.02929
1 0 2 15022 0.02866
1 0 2 15000 0.006938
1 0 2 15000 0.006698
1 0 2 15000 0.006679
1 0 2 15000 0.006712
1 0 2 15000 0.006751
1 0 2 15000 0.006802
1 0 2 15000 0.006727
1 0 2 15000 0.006662
1 0 2 15000 0.006804
1 0 2 15000 0.006786
1 0 2 15000 0.006708
1 0 2 15000 0.006785
1 0 2 15000 0.006727
1 0 2 15000 0.006673
1 0 2 15000 0.006788
1 0 2 15000 0.006821
1 0 2 15000 0.01827
1 0 2 14998 0.01838
1 0 2 14980 0.0288
1 0 2 14980 0.02888
1 0 2 14932 0.02817
1 0 2 14917 0.01807
1 0 2 14914 0.0188
1 0 2 14908 0.01857
1 0 2 14904 0.01843
1 0 2 14899 0.01878
1 0 2 14830 0.01831
1 0 2 14830 0.0183
1 0 2 14815 0.01844
1 0 2 14793 0.01868
1 0 2 14787 0.01864
1 0 2 14739 0.02808
1 0 2 14736 0.01901
1 0 2 10135 0.01297
1 0 2 10135 0.01304
1 0 2 10134 0.01315
1 0 2 10134 0.01323
1 0 2 10134 0.01302
1 0 2 10134 0.01347
1 0 2 10134 0.01281
1 0 2 10134 0.01277
1 0 2 10134 0.01331
1 0 2 10134 0.01302
1 0 2 10134 0.01329
1 0 2 10133 0.01316
1 0 2 10133 0.01311
1 0 2 10133 0.01246
1 0 2 10133 0.01291
1 0 2 10132 0.0136
1 0 2 10132 0.01367
1 0 2 10132 0.01315
1 0 2 10131 0.01319
1 0 2 10131 0.01316
1 0 2 10131 0.01226
1 0 2 10131 0.01335
1 0 2 10130 0.01327
1 0 2 10130 0.01307
1 0 2 10130 0.01307
1 0 2 10129 0.0196
1 0 2 10129 0.01318
1 0 2 10129 0.01308
1 0 2 10128 0.01276
1 0 2 10128 0.01328
1 0 2 10128 0.01274
1 0 2 10128 0.01305
1 0 2 10127 0.0123
1 0 2 10127 0.01263
1 0 2 10126 0.01322
1 0 2 10126 0.02033
1 0 2 10125 0.0126
1 0 2 10124 0.0134
1 0 2 10122 0.01313
1 0 2 10122 0.01343
1 0 2 10122 0.01323
1 0 2 10121 0.01338
1 0 2 10120 0.0198
1 0 2 10120 0.01358
1 0 2 10118 0.02006
1 0 2 10116 0.01993
1 0 2 10114 0.01262
1 0 2 10112 0.02004
1 0 2 10112 0.01316
1 0 2 10103 0.01994
1 0 2 10098 0.01334
1 0 2 10087 0.01321
1 0 2 10087 0.01327
1 0 2 10085 0.01996
1 0 2 10082 0.01311
1 0 2 10056 0.0131
1 0 2 10056 0.01341
1 0 2 10053 0.01303
1 0 2 10047 0.01982
1 0 2 10043 0.01303
1 0 2 10042 0.01308
1 0 2 10035 0.01967
1 0 2 10032 0.01967
1 0 2 10026 0.02032
1 0 2 10026 0.01351
1 0 2 10021 0.01327
1 0 2 10016 0.01995
1 0 2 10016 0.01994
1 0 2 10000 0.005364
1 0 2 10000 0.005303
1 0 2 10000 0.005242
1 0 2 10000 0.005962
1 0 2 10000 0.005795
1 0 2 10000 0.005302
1 0 2 10000 0.00533
1 0 2 10000 0.005324
1 0 2 10000 0.005361
1 0 2 10000 0.005346
1 0 2 10000 0.005307
1 0 2 10000 0.005242
1 0 2 10000 0.005308
1 0 2 10000 0.005298
1 0 2 10000 0.005307
1 0 2 10000 0.005309
1 0 2 10000 0.005266
1 0 2 9995 0.013
1 0 2 9989 0.01926
1 0 2 9961 0.01922
1 0 2 9961 0.01931
1 0 2 9949 0.01289
1 0 2 9945 0.01288
1 0 2 9943 0.01274
1 0 2 9935 0.01288
1 0 2 9919 0.01217
1 0 2 9906 0.01268
1 0 2 9891 0.01331
1 0 2 9876 0.01986
1 0 2 9876 0.01977
1 0 2 9872 0.01952
1 0 2 9857 0.01339
1 0 3 128592 0.2078
1 0 3 128184 0.187
1 0 3 128184 0.1864
1 0 3 128144 0.1873
1 0 3 127940 0.1818
1 0 3 127940 0.181
1 0 3 127743 0.1812
1 0 3 127592 0.1861
1 0 3 127592 0.1856
1 0 3 127586 0.1842
1 0 3 127244 0.1769
1 0 3 127189 0.1779
1 0 3 127168 0.1799
1 0 3 127162 0.186
1 0 3 127107 0.1774
1 0 3 126824 0.1786
1 0 3 126824 0.1786
1 0 3 126802 0.1818
1 0 3 126732 0.1823
1 0 3 126649 0.1826
1 0 3 126641 0.196
1 0 3 126434 0.1728
1 0 3 126404 0.1781
1 0 3 126184 0.1831
1 0 3 126114 0.1802
1 0 3 125623 0.1729
1 0 3 124925 0.1805
1 0 3 124709 0.184
1 0 3 124211 0.1792
1 0 3 123873 0.1729
1 0 3 122826 0.1184
1 0 3 122202 0.1245
1 0 3 121688 0.1196
1 0 3 120452 0.1229
1 0 3 120302 0.1513
1 0 3 119752 0.153
1 0 3 119316 0.1192
1 0 3 118678 0.1203
1 0 3 118264 0.1505
1 0 3 117429 0.1202
1 0 3 117250 0.1194
1 0 3 116983 0.122
1 0 3 116937 0.1209
1 0 3 116546 0.1209
1 0 3 116171 0.1228
1 0 3 115564 0.1175
1 0 3 115250 0.1139
1 0 3 112612 0.1175
1 0 3 111804 0.145
1 0 3 111421 0.1446
1 0 3 110479 0.1138
1 0 3 109196 0.114
1 0 3 108746 0.1132
1 0 3 108309 0.1131
1 0 3 108086 0.1142
1 0 3 107444 0.1404
1 0 3 107285 0.1132
1 0 3 107125 0.139
1 0 3 105526 0.1392
1 0 3 105316 0.1103
1 0 3 105273 0.1097
1 0 3 105063 0.1083
1 0 3 105060 0.1074
1 0 3 104944 0.1083
1 0 3 104939 0.1062
1 0 3 104857 0.1084
1 0 3 104673 0.1082
1 0 3 104649 0.1065
1 0 3 104627 0.1082
1 0 3 104594 0.109
1 0 3 104523 0.1069
1 0 3 104490 0.107
1 0 3 104390 0.1095
1 0 3 104390 0.1098
1 0 3 104387 0.1087
1 0 3 104353 0.1362
1 0 3 104340 0.1067
1 0 3 104339 0.1077
1 0 3 104183 0.1103
1 0 3 104157 0.1061
1 0 3 104056 0.1049
1 0 3 103989 0.1113
1 0 3 103861 0.1058
1 0 3 103861 0.1056
1 0 3 103666 0.1059
1 0 3 103635 0.1073
1 0 3 103446 0.1089
1 0 3 103395 0.1077
1 0 3 103112 0.1035
1 0 3 102887 0.1054
1 0 3 102887 0.1042
1 0 3 102847 0.1281
1 0 3 102738 0.1074
1 0 3 102424 0.1038
1 0 3 102204 0.1051
1 0 3 102084 0.1102
1 0 3 102073 0.1351
1 0 3 101403 0.1035
1 0 3 101403 0.1044
1 0 3 101380 0.1082
1 0 3 101365 0.1065
1 0 3 101298 0.1344
1 0 3 101205 0.134
1 0 3 101179 0.1047
1 0 3 101038 0.1034
1 0 3 100503 0.1058
1 0 3 100000 0.07539
1 0 3 100000 0.07435
1 0 3 100000 0.07526
1 0 3 100000 0.07455
1 0 3 100000 0.07561
1 0 3 100000 0.07489
1 0 3 100000 0.07581
1 0 3 100000 0.07485
1 0 3 100000 0.075
1 0 3 100000 0.07429
1 0 3 100000 0.07506
1 0 3 100000 0.07423
1 0 3 100000 0.07481
1 0 3 100000 0.07437
1 0 3 100000 0.07563
1 0 3 100000 0.0757
1 0 3 100000 0.07512
1 0 3 99931 0.1321
1 0 3 99822 0.1051
1 0 3 99610 0.1012
1 0 3 99533 0.1013
1 0 3 99518 0.1063
1 0 3 99480 0.1031
1 0 3 99157 0.1058
1 0 3 99147 0.103
1 0 3 98713 0.1329
1 0 3 98713 0.1312
1 0 3 97914 0.1312
1 0 3 97899 0.1055
1 0 3 97712 0.1025
1 0 3 97620 0.1014
1 0 3 97390 0.104
1 0 3 97138 0.1044
1 0 3 97092 0.1307
1 0 3 96679 0.1049
1 0 3 96679 0.1047
1 0 3 96452 0.09985
1 0 3 96452 0.09936
1 0 3 96251 0.1051
1 0 3 96038 0.1002
1 0 3 95238 0.09811
1 0 3 95174 0.1286
1 0 3 94767 0.09775
1 0 3 93970 0.1255
1 0 3 93970 0.1263
1 0 3 93283 0.09941
1 0 3 93259 0.09926
1 0 3 93067 0.09768
1 0 3 92502 0.09836
1 0 3 92106 0.09984
1 0 3 91624 0.09842
1 0 3 91338 0.09822
1 0 3 91283 0.09884
1 0 3 90782 0.09885
1 0 3 90771 0.09596
1 0 3 90702 0.09693
1 0 3 90696 0.09615
1 0 3 90666 0.09627
1 0 3 90618 0.09716
1 0 3 90581 0.09748
1 0 3 90499 0.09684
1 0 3 90492 0.09759
1 0 3 90403 0.09678
1 0 3 90342 0.09469
1 0 3 90282 0.09657
1 0 3 90281 0.09173
1 0 3 90258 0.0952
1 0 3 90185 0.09745
1 0 3 90185 0.0973
1 0 3 90125 0.09687
1 0 3 90063 0.09559
1 0 3 90033 0.09436
1 0 3 90000 0.09496
1 0 3 89928 0.09679
1 0 3 89795 0.09548
1 0 3 89724 0.0937
1 0 3 89702 0.09512
1 0 3 89483 0.09379
1 0 3 89483 0.09585
1 0 3 89420 0.09681
1 0 3 89244 0.09211
1 0 3 89012 0.0959
1 0 3 89001 0.09321
1 0 3 88995 0.09464
1 0 3 88512 0.09333
1 0 3 88512 0.09372
1 0 3 88492 0.1205
1 0 3 88124 0.09487
1 0 3 87988 0.09209
1 0 3 87725 0.09358
1 0 3 87696 0.1213
1 0 3 87669 0.09591
1 0 3 87587 0.1215
1 0 3 87383 0.09306
1 0 3 87180 0.09564
1 0 3 86873 0.0921
1 0 3 86739 0.09432
1 0 3 86727 0.09414
1 0 3 86383 0.09067
1 0 3 86213 0.09458
1 0 3 85957 0.09397
1 0 3 85901 0.09852
1 0 3 85833 0.1134
1 0 3 85561 0.113
1 0 3 85549 0.1093
1 0 3 85420 0.1112
1 0 3 85246 0.1113
1 0 3 85204 0.1045
1 0 3 85194 0.09223
1 0 3 85056 0.08825
1 0 3 85031 0.1173
1 0 3 85000 0.09511
1 0 3 85000 0.09478
1 0 3 85000 0.09378
1 0 3 85000 0.07477
1 0 3 85000 0.06496
1 0 3 85000 0.06499
1 0 3 85000 0.06562
1 0 3 85000 0.06776
1 0 3 85000 0.06549
1 0 3 85000 0.06523
1 0 3 85000 0.06455
1 0 3 85000 0.06465
1 0 3 85000 0.06494
1 0 3 85000 0.06432
1 0 3 85000 0.06497
1 0 3 85000 0.0647
1 0 3 85000 0.06518
1 0 3 84660 0.09154
1 0 3 84621 0.1177
1 0 3 83916 0.1149
1 0 3 83916 0.1159
1 0 3 83793 0.09396
1 0 3 83328 0.09008
1 0 3 83133 0.09145
1 0 3 83048 0.09234
1 0 3 82347 0.116
1 0 3 82247 0.09248
1 0 3 82099 0.09248
1 0 3 81869 0.08923
1 0 3 81613 0.1146
1 0 3 81475 0.1153
1 0 3 81475 0.1193
1 0 3 81115 0.09019
1 0 3 81000 0.09018
1 0 3 80676 0.08786
1 0 3 80658 0.112
1 0 3 80409 0.121
1 0 3 80064 0.08872
1 0 3 79653 0.1143
1 0 3 79597 0.1143
1 0 3 79152 0.1133
1 0 3 79087 0.08723
1 0 3 78962 0.08799
1 0 3 78794 0.08724
1 0 3 78227 0.0865
1 0 3 78036 0.086
1 0 3 77800 0.1129
1 0 3 77739 0.08773
1 0 3 77298 0.08535
1 0 3 76742 0.1114
1 0 3 76742 0.11
1 0 3 76659 0.1098
1 0 3 76180 0.1109
1 0 3 75000 0.05451
1 0 3 75000 0.05486
1 0 3 75000 0.05556
1 0 3 75000 0.05504
1 0 3 75000 0.05516
1 0 3 75000 0.0555
1 0 3 75000 0.05514
1 0 3 75000 0.05475
1 0 3 75000 0.05521
1 0 3 75000 0.05503
1 0 3 75000 0.05471
1 0 3 75000 0.05536
1 0 3 75000 0.05474
1 0 3 75000 0.05451
1 0 3 75000 0.0544
1 0 3 75000 0.05544
1 0 3 75000 0.05463
1 0 3 74752 0.08532
1 0 3 74607 0.08414
1 0 3 74024 0.08456
1 0 3 72948 0.1069
1 0 3 72663 0.1082
1 0 3 72618 0.08163
1 0 3 72265 0.08024
1 0 3 71814 0.08196
1 0 3 71406 0.1062
1 0 3 70830 0.1066
1 0 3 69371 0.07946
1 0 3 68447 0.07704
1 0 3 67473 0.07891
1 0 3 57007 0.06856
1 0 3 56991 0.0667
1 0 3 56954 0.06957
1 0 3 56889 0.06871
1 0 3 56858 0.06652
1 0 3 56837 0.06772
1 0 3 56830 0.06763
1 0 3 56791 0.06986
1 0 3 56791 0.06691
1 0 3 56775 0.06778
1 0 3 56760 0.06769
1 0 3 56760 0.06809
1 0 3 56743 0.06887
1 0 3 56715 0.06707
1 0 3 56693 0.06854
1 0 3 56679 0.06489
1 0 3 56677 0.06505
1 0 3 56662 0.0674
1 0 3 56652 0.09362
1 0 3 56641 0.06879
1 0 3 56627 0.06454
1 0 3 56605 0.06539
1 0 3 56598 0.06661
1 0 3 56594 0.06648
1 0 3 56559 0.06513
1 0 3 56497 0.06793
1 0 3 56445 0.0679
1 0 3 56421 0.06627
1 0 3 56368 0.06754
1 0 3 56336 0.0672
1 0 3 56235 0.07002
1 0 3 56192 0.06364
1 0 3 56049 0.07052
1 0 3 55812 0.09236
1 0 3 55530 0.06893
1 0 3 55418 0.06692
1 0 3 55378 0.06831
1 0 3 55376 0.06639
1 0 3 54821 0.09145
1 0 3 54821 0.09245
1 0 3 54728 0.06998
1 0 3 54698 0.06551
1 0 3 54598 0.06678
1 0 3 54544 0.06659
1 0 3 54496 0.06557
1 0 3 54359 0.06605
1 0 3 54328 0.068
1 0 3 54301 0.09287
1 0 3 54179 0.09079
1 0 3 54179 0.09002
1 0 3 54025 0.09128
1 0 3 54025 0.09137
1 0 3 53598 0.09103
1 0 3 53454 0.09018
1 0 3 53369 0.06573
1 0 3 53127 0.06622
1 0 3 52983 0.06689
1 0 3 52983 0.06677
1 0 3 52668 0.06466
1 0 3 52511 0.06223
1 0 3 52444 0.06216
1 0 3 52424 0.0622
1 0 3 52293 0.06393
1 0 3 51856 0.06457
1 0 3 51574 0.06481
1 0 3 51574 0.06463
1 0 3 51534 0.0874
1 0 3 50926 0.06263
1 0 3 50854 0.08419
1 0 3 50575 0.06125
1 0 3 50390 0.08508
1 0 3 50000 0.03279
1 0 3 50000 0.03262
1 0 3 50000 0.03219
1 0 3 50000 0.0323
1 0 3 50000 0.03247
1 0 3 50000 0.03241
1 0 3 50000 0.03259
1 0 3 50000 0.03224
1 0 3 50000 0.03249
1 0 3 50000 0.03203
1 0 3 50000 0.03237
1 0 3 50000 0.03254
1 0 3 50000 0.03264
1 0 3 50000 0.03268
1 0 3 50000 0.03246
1 0 3 50000 0.03237
1 0 3 50000 0.03226
1 0 3 49998 0.06354
1 0 3 49926 0.06187
1 0 3 49900 0.08561
1 0 3 49778 0.06118
1 0 3 49618 0.08745
1 0 3 48616 0.0606
1 0 3 48106 0.08203
1 0 3 48048 0.08315
1 0 3 47513 0.08096
1 0 3 47085 0.05844
1 0 3 46341 0.06153
1 0 3 45992 0.05658
1 0 3 38391 0.04842
1 0 3 38389 0.04801
1 0 3 38385 0.04561
1 0 3 38355 0.04504
1 0 3 38347 0.0495
1 0 3 38340 0.04809
1 0 3 38329 0.04595
1 0 3 38315 0.04727
1 0 3 38303 0.0459
1 0 3 38298 0.0468
1 0 3 38296 0.04583
1 0 3 38292 0.04544
1 0 3 38286 0.04717
1 0 3 38279 0.04609
1 0 3 38276 0.04689
1 0 3 38274 0.04596
1 0 3 38265 0.04514
1 0 3 38264 0.04749
1 0 3 38261 0.0449
1 0 3 38251 0.04486
1 0 3 38245 0.04646
1 0 3 38243 0.04459
1 0 3 38233 0.04578
1 0 3 38228 0.04391
1 0 3 38218 0.04296
1 0 3 38215 0.04603
1 0 3 38199 0.04464
1 0 3 38192 0.04658
1 0 3 38171 0.04743
1 0 3 38139 0.04603
1 0 3 38126 0.04459
1 0 3 38050 0.04467
1 0 3 38008 0.04528
1 0 3 37953 0.04563
1 0 3 37799 0.04581
1 0 3 37766 0.06639
1 0 3 37748 0.04639
1 0 3 37562 0.04684
1 0 3 37528 0.04505
1 0 3 37449 0.06657
1 0 3 37408 0.06574
1 0 3 37089 0.0454
1 0 3 37087 0.06479
1 0 3 36957 0.0467
1 0 3 36948 0.04465
1 0 3 36787 0.04512
1 0 3 36671 0.04204
1 0 3 36615 0.04679
1 0 3 36555 0.04642
1 0 3 36459 0.06517
1 0 3 36416 0.04629
1 0 3 36218 0.06527
1 0 3 36218 0.06511
1 0 3 36209 0.06403
1 0 3 36173 0.04515
1 0 3 35937 0.04668
1 0 3 35861 0.04592
1 0 3 35848 0.06349
1 0 3 35792 0.04348
1 0 3 35732 0.04584
1 0 3 35732 0.04579
1 0 3 35434 0.04331
1 0 3 35430 0.063
1 0 3 35347 0.04228
1 0 3 35248 0.06318
1 0 3 35231 0.06197
1 0 3 35145 0.04306
1 0 3 35036 0.0622
1 0 3 35011 0.04391
1 0 3 35000 0.02159
1 0 3 35000 0.02178
1 0 3 35000 0.02164
1 0 3 35000 0.02153
1 0 3 35000 0.02126
1 0 3 35000 0.02189
1 0 3 35000 0.02148
1 0 3 35000 0.02197
1 0 3 35000 0.02155
1 0 3 35000 0.02155
1 0 3 35000 0.02168
1 0 3 35000 0.02139
1 0 3 35000 0.02154
1 0 3 35000 0.02142
1 0 3 35000 0.02163
1 0 3 35000 0.02134
1 0 3 35000 0.02135
1 0 3 34989 0.06311
1 0 3 34748 0.06122
1 0 3 34738 0.04335
1 0 3 34594 0.04365
1 0 3 34594 0.04362
1 0 3 34265 0.04347
1 0 3 34265 0.04363
1 0 3 34171 0.04229
1 0 3 33581 0.04118
1 0 3 33522 0.05967
1 0 3 33522 0.04113
1 0 3 32600 0.03782
1 0 3 32393 0.05787
1 0 3 32251 0.03876
1 0 3 26712 0.02964
1 0 3 26711 0.02988
1 0 3 26709 0.03031
1 0 3 26707 0.03068
1 0 3 26706 0.0296
1 0 3 26704 0.03053
1 0 3 26702 0.03048
1 0 3 26694 0.02995
1 0 3 26691 0.02991
1 0 3 26690 0.02967
1 0 3 26689 0.02928
1 0 3 26686 0.02845
1 0 3 26684 0.02975
1 0 3 26678 0.02876
1 0 3 26678 0.03066
1 0 3 26676 0.04895
1 0 3 26674 0.03029
1 0 3 26666 0.02981
1 0 3 26664 0.02781
1 0 3 26661 0.0294
1 0 3 26659 0.03044
1 0 3 26657 0.02946
1 0 3 26657 0.02953
1 0 3 26637 0.02959
1 0 3 26637 0.02904
1 0 3 26634 0.02896
1 0 3 26631 0.02868
1 0 3 26624 0.02853
1 0 3 26609 0.02755
1 0 3 26606 0.02867
1 0 3 26595 0.02905
1 0 3 26579 0.04759
1 0 3 26576 0.02865
1 0 3 26566 0.02887
1 0 3 26556 0.02849
1 0 3 26552 0.0284
1 0 3 26519 0.02865
1 0 3 26496 0.02867
1 0 3 26446 0.0283
1 0 3 26446 0.02797
1 0 3 26306 0.04781
1 0 3 26183 0.02875
1 0 3 26153 0.02827
1 0 3 26095 0.03106
1 0 3 26095 0.03088
1 0 3 26064 0.04718
1 0 3 25990 0.0476
1 0 3 25954 0.02941
1 0 3 25928 0.03004
1 0 3 25851 0.02854
1 0 3 25846 0.02999
1 0 3 25720 0.04741
1 0 3 25659 0.03005
1 0 3 25606 0.02742
1 0 3 25570 0.02838
1 0 3 25537 0.02812
1 0 3 25479 0.0279
1 0 3 25383 0.04663
1 0 3 25375 0.0293
1 0 3 25361 0.02679
1 0 3 25340 0.02858
1 0 3 25331 0.04682
1 0 3 25266 0.02723
1 0 3 25226 0.02869
1 0 3 25155 0.02919
1 0 3 25150 0.04619
1 0 3 25126 0.02743
1 0 3 25120 0.02891
1 0 3 25069 0.04698
1 0 3 25000 0.01025
1 0 3 25000 0.01029
1 0 3 25000 0.01016
1 0 3 25000 0.01026
1 0 3 25000 0.01013
1 0 3 25000 0.01021
1 0 3 25000 0.01036
1 0 3 25000 0.01014
1 0 3 25000 0.01009
1 0 3 25000 0.0102
1 0 3 25000 0.0103
1 0 3 25000 0.01009
1 0 3 25000 0.01024
1 0 3 25000 0.01011
1 0 3 25000 0.01001
1 0 3 25000 0.01019
1 0 3 25000 0.01019
1 0 3 24966 0.02769
1 0 3 24930 0.02788
1 0 3 24911 0.04642
1 0 3 24820 0.04524
1 0 3 24794 0.02535
1 0 3 24572 0.03003
1 0 3 24428 0.04543
1 0 3 24351 0.02723
1 0 3 24334 0.04466
1 0 3 24331 0.04499
1 0 3 24022 0.04632
1 0 3 23842 0.04454
1 0 3 23692 0.04407
1 0 3 23640 0.04355
1 0 3 15613 0.01933
1 0 3 15610 0.01875
1 0 3 15609 0.01852
1 0 3 15608 0.01899
1 0 3 15608 0.01928
1 0 3 15607 0.01944
1 0 3 15606 0.01824
1 0 3 15606 0.01812
1 0 3 15605 0.01897
1 0 3 15605 0.01868
1 0 3 15605 0.01894
1 0 3 15604 0.01938
1 0 3 15602 0.01882
1 0 3 15601 0.01868
1 0 3 15601 0.01883
1 0 3 15599 0.01938
1 0 3 15596 0.01875
1 0 3 15595 0.01929
1 0 3 15594 0.01849
1 0 3 15594 0.01852
1 0 3 15592 0.01905
1 0 3 15592 0.01908
1 0 3 15592 0.01753
1 0 3 15588 0.01831
1 0 3 15588 0.01877
1 0 3 15583 0.01896
1 0 3 15581 0.01825
1 0 3 15581 0.01817
1 0 3 15577 0.03063
1 0 3 15576 0.01871
1 0 3 15574 0.01841
1 0 3 15568 0.01849
1 0 3 15567 0.01775
1 0 3 15554 0.01842
1 0 3 15554 0.01842
1 0 3 15533 0.0202
1 0 3 15527 0.01932
1 0 3 15523 0.01823
1 0 3 15513 0.01892
1 0 3 15478 0.03012
1 0 3 15463 0.01935
1 0 3 15437 0.01972
1 0 3 15390 0.01881
1 0 3 15387 0.01933
1 0 3 15373 0.01929
1 0 3 15364 0.01917
1 0 3 15358 0.0191
1 0 3 15352 0.01837
1 0 3 15347 0.01763
1 0 3 15338 0.01771
1 0 3 15321 0.02907
1 0 3 15316 0.01866
1 0 3 15306 0.01807
1 0 3 15290 0.02916
1 0 3 15286 0.01741
1 0 3 15274 0.01791
1 0 3 15267 0.01855
1 0 3 15234 0.02864
1 0 3 15227 0.02861
1 0 3 15226 0.01858
1 0 3 15195 0.0185
1 0 3 15187 0.01838
1 0 3 15177 0.01858
1 0 3 15177 0.01851
1 0 3 15136 0.02887
1 0 3 15132 0.01811
1 0 3 15120 0.019
1 0 3 15099 0.01837
1 0 3 15064 0.02829
1 0 3 15053 0.02878
1 0 3 15040 0.02875
1 0 3 15013 0.01729
1 0 3 15011 0.02908
1 0 3 15000 0.006921
1 0 3 15000 0.006708
1 0 3 15000 0.006857
1 0 3 15000 0.006656
1 0 3 15000 0.006778
1 0 3 15000 0.006671
1 0 3 15000 0.006699
1 0 3 15000 0.006743
1 0 3 15000 0.006765
1 0 3 15000 0.006694
1 0 3 15000 0.006678
1 0 3 15000 0.006805
1 0 3 15000 0.006786
1 0 3 15000 0.006723
1 0 3 15000 0.00676
1 0 3 15000 0.006788
1 0 3 15000 0.006661
1 0 3 14986 0.01746
1 0 3 14894 0.0284
1 0 3 14868 0.02843
1 0 3 14848 0.0285
1 0 3 14800 0.01793
1 0 3 14789 0.01819
1 0 3 14692 0.0178
1 0 3 14669 0.01788
1 0 3 14549 0.01817
1 0 3 14549 0.01815
1 0 3 10273 0.0137
1 0 3 10271 0.01353
1 0 3 10268 0.01351
1 0 3 10268 0.01315
1 0 3 10267 0.02066
1 0 3 10267 0.01359
1 0 3 10266 0.01283
1 0 3 10265 0.01328
1 0 3 10265 0.01281
1 0 3 10265 0.01297
1 0 3 10264 0.01357
1 0 3 10264 0.01336
1 0 3 10263 0.01281
1 0 3 10263 0.0128
1 0 3 10262 0.01368
1 0 3 10262 0.01366
1 0 3 10261 0.01391
1 0 3 10260 0.01334
1 0 3 10260 0.01352
1 0 3 10260 0.01348
1 0 3 10258 0.01296
1 0 3 10258 0.01298
1 0 3 10257 0.01214
1 0 3 10257 0.01222
1 0 3 10256 0.01329
1 0 3 10256 0.0133
1 0 3 10253 0.01299
1 0 3 10252 0.0134
1 0 3 10251 0.01285
1 0 3 10247 0.0129
1 0 3 10246 0.02051
1 0 3 10243 0.01248
1 0 3 10240 0.02055
1 0 3 10232 0.01368
1 0 3 10231 0.0119
1 0 3 10223 0.01309
1 0 3 10221 0.01314
1 0 3 10218 0.01414
1 0 3 10199 0.01357
1 0 3 10184 0.01316
1 0 3 10184 0.01252
1 0 3 10179 0.01239
1 0 3 10165 0.0202
1 0 3 10161 0.01317
1 0 3 10158 0.01314
1 0 3 10152 0.02043
1 0 3 10146 0.01274
1 0 3 10146 0.0129
1 0 3 10142 0.02053
1 0 3 10135 0.01285
1 0 3 10134 0.01302
1 0 3 10131 0.01287
1 0 3 10130 0.01348
1 0 3 10129 0.01347
1 0 3 10128 0.01243
1 0 3 10119 0.01295
1 0 3 10114 0.01282
1 0 3 10102 0.01325
1 0 3 10090 0.01348
1 0 3 10069 0.01224
1 0 3 10058 0.02039
1 0 3 10058 0.0204
1 0 3 10048 0.0133
1 0 3 10048 0.01344
1 0 3 10026 0.01333
1 0 3 10025 0.01224
1 0 3 10024 0.01935
1 0 3 10010 0.01335
1 0 3 10001 0.01991
1 0 3 10000 0.005305
1 0 3 10000 0.005299
1 0 3 10000 0.005267
1 0 3 10000 0.005251
1 0 3 10000 0.005277
1 0 3 10000 0.005259
1 0 3 10000 0.005265
1 0 3 10000 0.005279
1 0 3 10000 0.005242
1 0 3 10000 0.005227
1 0 3 10000 0.005279
1 0 3 10000 0.005255
1 0 3 10000 0.005215
1 0 3 10000 0.005295
1 0 3 10000 0.005296
1 0 3 10000 0.005236
1 0 3 10000 0.005258
1 0 3 10000 0.013
1 0 3 9996 0.01283
1 0 3 9995 0.01326
1 0 3 9992 0.01269
1 0 3 9984 0.0134
1 0 3 9983 0.0194
1 0 3 9972 0.01926
1 0 3 9965 0.02002
1 0 3 9913 0.01348
1 0 3 9910 0.01302
1 0 3 9900 0.02
1 0 3 9881 0.01396
1 0 3 9878 0.01934
1 0 3 9791 0.01289
1 0 4 146077 0.2098
1 0 4 144750 0.2003
1 0 4 144745 0.1905
1 0 4 144683 0.1876
1 0 4 144588 0.1877
1 0 4 144400 0.2099
1 0 4 144354 0.1879
1 0 4 144239 0.1865
1 0 4 143992 0.197
1 0 4 143974 0.1923
1 0 4 143832 0.184
1 0 4 143565 0.187
1 0 4 143467 0.1864
1 0 4 143217 0.1864
1 0 4 143205 0.1914
1 0 4 142951 0.1834
1 0 4 142942 0.1865
1 0 4 142937 0.1968
1 0 4 142831 0.1908
1 0 4 142681 0.1884
1 0 4 142681 0.1874
1 0 4 142401 0.1934
1 0 4 142161 0.1838
1 0 4 141852 0.1865
1 0 4 141852 0.1847
1 0 4 140832 0.1882
1 0 4 139780 0.1854
1 0 4 139760 0.183
1 0 4 138696 0.1875
1 0 4 137935 0.1863
1 0 4 137935 0.1875
1 0 4 135714 0.1951
1 0 4 134652 0.1957
1 0 4 133237 0.1916
1 0 4 131728 0.1802
1 0 4 131728 0.1809
1 0 4 129888 0.1766
1 0 4 129609 0.1885
1 0 4 129302 0.1897
1 0 4 126636 0.2738
1 0 4 125212 0.1854
1 0 4 125091 0.1841
1 0 4 124623 0.184
1 0 4 122083 0.1225
1 0 4 122083 0.1234
1 0 4 121055 0.1456
1 0 4 119530 0.1204
1 0 4 118007 0.1491
1 0 4 117466 0.1188
1 0 4 116878 0.1151
1 0 4 116646 0.1197
1 0 4 116619 0.1202
1 0 4 116599 0.1179
1 0 4 116523 0.1135
1 0 4 116415 0.1089
1 0 4 116378 0.116
1 0 4 116301 0.1187
1 0 4 116293 0.1174
1 0 4 115849 0.1163
1 0 4 115849 0.1169
1 0 4 115556 0.1167
1 0 4 115442 0.1187
1 0 4 115393 0.1156
1 0 4 115184 0.1501
1 0 4 115061 0.148
1 0 4 114983 0.1148
1 0 4 114823 0.1166
1 0 4 114677 0.113
1 0 4 114245 0.1142
1 0 4 114107 0.1159
1 0 4 113948 0.1466
1 0 4 113948 0.1455
1 0 4 113681 0.1117
1 0 4 113681 0.1128
1 0 4 112823 0.116
1 0 4 112823 0.116
1 0 4 111855 0.1119
1 0 4 111475 0.1162
1 0 4 111402 0.1153
1 0 4 111232 0.1431
1 0 4 111156 0.1137
1 0 4 110817 0.1103
1 0 4 110767 0.1394
1 0 4 110589 0.1144
1 0 4 110582 0.1424
1 0 4 109967 0.1127
1 0 4 109595 0.1152
1 0 4 109174 0.1116
1 0 4 109174 0.111
1 0 4 109124 0.1124
1 0 4 109008 0.1137
1 0 4 108951 0.1105
1 0 4 108659 0.14
1 0 4 108632 0.1123
1 0 4 108438 0.1106
1 0 4 108380 0.1432
1 0 4 108100 0.1124
1 0 4 108066 0.1112
1 0 4 107867 0.1101
1 0 4 107655 0.1126
1 0 4 107655 0.112
1 0 4 107323 0.116
1 0 4 107268 0.1121
1 0 4 106811 0.1108
1 0 4 106284 0.1079
1 0 4 106158 0.1104
1 0 4 106100 0.1053
1 0 4 105480 0.11
1 0 4 105451 0.111
1 0 4 105242 0.1087
1 0 4 105095 0.108
1 0 4 104967 0.1371
1 0 4 104833 0.1128
1 0 4 104704 0.1115
1 0 4 104634 0.1126
1 0 4 104003 0.1377
1 0 4 104003 0.1379
1 0 4 103535 0.1049
1 0 4 103079 0.1089
1 0 4 103073 0.1074
1 0 4 102740 0.1061
1 0 4 101395 0.1353
1 0 4 100910 0.1347
1 0 4 100699 0.135
1 0 4 100607 0.101
1 0 4 100487 0.1042
1 0 4 100384 0.1062
1 0 4 100361 0.1342
1 0 4 100303 0.1297
1 0 4 100225 0.1331
1 0 4 100000 0.07451
1 0 4 100000 0.07512
1 0 4 100000 0.07412
1 0 4 100000 0.07478
1 0 4 100000 0.07475
1 0 4 100000 0.07547
1 0 4 100000 0.07549
1 0 4 100000 0.07416
1 0 4 100000 0.07515
1 0 4 100000 0.07474
1 0 4 100000 0.07491
1 0 4 100000 0.07435
1 0 4 100000 0.07522
1 0 4 100000 0.07499
1 0 4 100000 0.07569
1 0 4 100000 0.07557
1 0 4 99921 0.1051
1 0 4 99742 0.1047
1 0 4 99737 0.1058
1 0 4 99732 0.1045
1 0 4 99581 0.1038
1 0 4 99510 0.106
1 0 4 99486 0.1047
1 0 4 99380 0.1056
1 0 4 99288 0.1052
1 0 4 99225 0.1017
1 0 4 99201 0.106
1 0 4 99181 0.1059
1 0 4 99134 0.1026
1 0 4 99088 0.1046
1 0 4 99053 0.1031
1 0 4 98873 0.1022
1 0 4 98844 0.1036
1 0 4 98831 0.1038
1 0 4 98590 0.103
1 0 4 98510 0.1026
1 0 4 98481 0.1314
1 0 4 98418 0.1025
1 0 4 98418 0.1028
1 0 4 98319 0.1031
1 0 4 98168 0.1036
1 0 4 98004 0.1329
1 0 4 97955 0.1035
1 0 4 97830 0.09944
1 0 4 97784 0.1034
1 0 4 97680 0.1305
1 0 4 97680 0.1315
1 0 4 97504 0.1036
1 0 4 97419 0.104
1 0 4 96928 0.1025
1 0 4 96464 0.131
1 0 4 96464 0.1315
1 0 4 96372 0.1027
1 0 4 96312 0.1286
1 0 4 96128 0.1039
1 0 4 95950 0.1032
1 0 4 95657 0.1004
1 0 4 95463 0.102
1 0 4 95316 0.102
1 0 4 95061 0.09957
1 0 4 95054 0.1002
1 0 4 94842 0.13
1 0 4 94553 0.1028
1 0 4 94368 0.1004
1 0 4 94271 0.1223
1 0 4 93836 0.1264
1 0 4 93836 0.1271
1 0 4 93487 0.09668
1 0 4 93382 0.1013
1 0 4 93179 0.1261
1 0 4 92940 0.09821
1 0 4 92487 0.1017
1 0 4 92231 0.0995
1 0 4 91926 0.09651
1 0 4 91509 0.1282
1 0 4 91495 0.1004
1 0 4 91219 0.09745
1 0 4 90642 0.1223
1 0 4 90642 0.1235
1 0 4 90468 0.1009
1 0 4 90439 0.1162
1 0 4 90286 0.1205
1 0 4 90193 0.1401
1 0 4 89693 0.1133
1 0 4 89691 0.1159
1 0 4 89423 0.1142
1 0 4 89220 0.1166
1 0 4 89074 0.1377
1 0 4 88956 0.1127
1 0 4 88791 0.1173
1 0 4 88230 0.1149
1 0 4 87685 0.1116
1 0 4 87668 0.1078
1 0 4 86801 0.1367
1 0 4 86664 0.1083
1 0 4 86601 0.1128
1 0 4 85913 0.1126
1 0 4 85473 0.1138
1 0 4 85341 0.1112
1 0 4 85293 0.1125
1 0 4 85284 0.1104
1 0 4 85000 0.06526
1 0 4 85000 0.0658
1 0 4 85000 0.06495
1 0 4 85000 0.06524
1 0 4 85000 0.06484
1 0 4 85000 0.06544
1 0 4 85000 0.06463
1 0 4 85000 0.06538
1 0 4 85000 0.08023
1 0 4 85000 0.06544
1 0 4 85000 0.06499
1 0 4 85000 0.06527
1 0 4 85000 0.06495
1 0 4 85000 0.06441
1 0 4 85000 0.06448
1 0 4 85000 0.06477
1 0 4 85000 0.06486
1 0 4 84702 0.0932
1 0 4 84528 0.09437
1 0 4 84070 0.09477
1 0 4 83929 0.1181
1 0 4 83713 0.09208
1 0 4 83673 0.09456
1 0 4 83578 0.1176
1 0 4 81986 0.1158
1 0 4 81986 0.1153
1 0 4 81816 0.1167
1 0 4 81744 0.09119
1 0 4 81713 0.1155
1 0 4 81367 0.1153
1 0 4 81365 0.08975
1 0 4 79974 0.1161
1 0 4 79029 0.115
1 0 4 78808 0.08957
1 0 4 78650 0.1143
1 0 4 78292 0.08642
1 0 4 78249 0.1116
1 0 4 77775 0.1089
1 0 4 77471 0.1087
1 0 4 77288 0.08578
1 0 4 76349 0.08712
1 0 4 76197 0.08814
1 0 4 76177 0.1097
1 0 4 75661 0.08264
1 0 4 75000 0.05469
1 0 4 75000 0.05482
1 0 4 75000 0.05548
1 0 4 75000 0.05469
1 0 4 75000 0.05475
1 0 4 75000 0.05502
1 0 4 75000 0.05482
1 0 4 75000 0.05535
1 0 4 75000 0.05448
1 0 4 75000 0.05516
1 0 4 75000 0.05498
1 0 4 75000 0.05533
1 0 4 75000 0.05487
1 0 4 75000 0.05442
1 0 4 75000 0.05512
1 0 4 75000 0.05506
1 0 4 75000 0.05535
1 0 4 74301 0.08496
1 0 4 73221 0.1097
1 0 4 73201 0.1088
1 0 4 71459 0.1078
1 0 4 70971 0.08065
1 0 4 70737 0.1078
1 0 4 70328 0.108
1 0 4 66475 0.1021
1 0 4 60778 0.07204
1 0 4 60693 0.07203
1 0 4 60603 0.07137
1 0 4 60582 0.07357
1 0 4 60512 0.0703
1 0 4 60509 0.07191
1 0 4 60463 0.0723
1 0 4 60439 0.0742
1 0 4 60418 0.07964
1 0 4 60414 0.08049
1 0 4 60398 0.07796
1 0 4 60383 0.07417
1 0 4 60376 0.08167
1 0 4 60338 0.08378
1 0 4 60274 0.08029
1 0 4 60270 0.07886
1 0 4 60192 0.07871
1 0 4 60184 0.08037
1 0 4 60132 0.08107
1 0 4 60105 0.08109
1 0 4 59912 0.08177
1 0 4 59902 0.08194
1 0 4 59872 0.08245
1 0 4 59831 0.0801
1 0 4 59773 0.08361
1 0 4 59110 0.07804
1 0 4 58993 0.06888
1 0 4 58939 0.07195
1 0 4 58659 0.06901
1 0 4 58583 0.07203
1 0 4 58327 0.06992
1 0 4 58311 0.09436
1 0 4 58176 0.06907
1 0 4 58068 0.07079
1 0 4 57940 0.07156
1 0 4 57794 0.09517
1 0 4 57786 0.06953
1 0 4 57760 0.06864
1 0 4 57698 0.095
1 0 4 57613 0.06898
1 0 4 57211 0.06913
1 0 4 57159 0.06923
1 0 4 56847 0.06902
1 0 4 56807 0.07035
1 0 4 56686 0.09252
1 0 4 56602 0.06968
1 0 4 56540 0.06945
1 0 4 56532 0.07034
1 0 4 56317 0.06577
1 0 4 56270 0.09409
1 0 4 56112 0.06892
1 0 4 56008 0.06789
1 0 4 55765 0.06814
1 0 4 55765 0.06679
1 0 4 55457 0.06687
1 0 4 55343 0.06568
1 0 4 55232 0.06897
1 0 4 55077 0.0674
1 0 4 54408 0.06628
1 0 4 54408 0.06595
1 0 4 54292 0.06532
1 0 4 53995 0.09007
1 0 4 53753 0.06751
1 0 4 53641 0.09062
1 0 4 53078 0.08933
1 0 4 52821 0.08965
1 0 4 52608 0.09039
1 0 4 51928 0.06562
1 0 4 51598 0.0864
1 0 4 51232 0.08714
1 0 4 51133 0.06076
1 0 4 51071 0.08523
1 0 4 50716 0.06051
1 0 4 50175 0.05903
1 0 4 50000 0.03254
1 0 4 50000 0.0328
1 0 4 50000 0.03255
1 0 4 50000 0.0323
1 0 4 50000 0.03256
1 0 4 50000 0.03258
1 0 4 50000 0.03269
1 0 4 50000 0.03241
1 0 4 50000 0.03225
1 0 4 50000 0.03238
1 0 4 50000 0.03258
1 0 4 50000 0.03237
1 0 4 50000 0.03231
1 0 4 50000 0.03225
1 0 4 50000 0.03262
1 0 4 50000 0.03223
1 0 4 49984 0.06253
1 0 4 49255 0.05856
1 0 4 49255 0.05843
1 0 4 48940 0.06012
1 0 4 48147 0.0616
1 0 4 47829 0.08218
1 0 4 47622 0.05961
1 0 4 46568 0.08194
1 0 4 45572 0.07925
1 0 4 44271 0.07743
1 0 4 40223 0.04853
1 0 4 40194 0.05064
1 0 4 40119 0.04985
1 0 4 40103 0.04715
1 0 4 40097 0.04777
1 0 4 40094 0.04959
1 0 4 40086 0.05078
1 0 4 40079 0.04731
1 0 4 40077 0.04532
1 0 4 40068 0.04729
1 0 4 40063 0.04581
1 0 4 40057 0.04746
1 0 4 40035 0.04775
1 0 4 40027 0.04597
1 0 4 40022 0.04887
1 0 4 40017 0.04768
1 0 4 40016 0.04592
1 0 4 40003 0.04798
1 0 4 39981 0.04678
1 0 4 39981 0.04716
1 0 4 39935 0.04498
1 0 4 39928 0.04664
1 0 4 39917 0.04632
1 0 4 39903 0.04575
1 0 4 39899 0.04637
1 0 4 39898 0.04831
1 0 4 39896 0.04784
1 0 4 39887 0.04741
1 0 4 39820 0.06946
1 0 4 39798 0.0468
1 0 4 39763 0.04838
1 0 4 39719 0.04816
1 0 4 39690 0.04727
1 0 4 39610 0.04844
1 0 4 39545 0.05001
1 0 4 39365 0.06911
1 0 4 39269 0.04898
1 0 4 39179 0.06833
1 0 4 38736 0.04662
1 0 4 38700 0.04604
1 0 4 38518 0.047
1 0 4 38365 0.04694
1 0 4 38349 0.04592
1 0 4 38029 0.04684
1 0 4 38010 0.04645
1 0 4 37941 0.06719
1 0 4 37880 0.04563
1 0 4 37772 0.04648
1 0 4 37593 0.04676
1 0 4 37532 0.0659
1 0 4 37486 0.04713
1 0 4 37454 0.06569
1 0 4 37425 0.04594
1 0 4 37226 0.06639
1 0 4 37217 0.0665
1 0 4 37118 0.04531
1 0 4 36907 0.06444
1 0 4 36907 0.06459
1 0 4 36436 0.04536
1 0 4 36376 0.0651
1 0 4 36362 0.04496
1 0 4 36315 0.04302
1 0 4 36141 0.04559
1 0 4 36141 0.04576
1 0 4 35943 0.06515
1 0 4 35872 0.06489
1 0 4 35799 0.04336
1 0 4 35783 0.0441
1 0 4 35569 0.04326
1 0 4 35551 0.04252
1 0 4 35440 0.04203
1 0 4 35408 0.04217
1 0 4 35250 0.044
1 0 4 35071 0.04294
1 0 4 35000 0.02148
1 0 4 35000 0.0215
1 0 4 35000 0.02145
1 0 4 35000 0.02178
1 0 4 35000 0.0216
1 0 4 35000 0.02146
1 0 4 35000 0.02154
1 0 4 35000 0.02145
1 0 4 35000 0.02137
1 0 4 35000 0.02152
1 0 4 35000 0.02132
1 0 4 35000 0.02158
1 0 4 35000 0.02146
1 0 4 35000 0.02133
1 0 4 35000 0.02149
1 0 4 35000 0.0213
1 0 4 34974 0.04438
1 0 4 34965 0.06318
1 0 4 34824 0.06191
1 0 4 34659 0.043
1 0 4 34292 0.04156
1 0 4 34282 0.04112
1 0 4 34155 0.04013
1 0 4 33651 0.04146
1 0 4 33378 0.04001
1 0 4 31354 0.03646
1 0 4 27622 0.03234
1 0 4 27605 0.03162
1 0 4 27591 0.03096
1 0 4 27581 0.03055
1 0 4 27575 0.0304
1 0 4 27570 0.03079
1 0 4 27568 0.03132
1 0 4 27562 0.03155
1 0 4 27556 0.03178
1 0 4 27546 0.0308
1 0 4 27539 0.03054
1 0 4 27532 0.03041
1 0 4 27529 0.03054
1 0 4 27521 0.03127
1 0 4 27518 0.0306
1 0 4 27505 0.03136
1 0 4 27504 0.02972
1 0 4 27498 0.03013
1 0 4 27497 0.02959
1 0 4 27482 0.02985
1 0 4 27470 0.03142
1 0 4 27461 0.02951
1 0 4 27441 0.02953
1 0 4 27437 0.0304
1 0 4 27381 0.02952
1 0 4 27380 0.03144
1 0 4 27299 0.02942
1 0 4 27245 0.03012
1 0 4 27147 0.03136
1 0 4 27044 0.03083
1 0 4 26993 0.05017
1 0 4 26981 0.02943
1 0 4 26937 0.03021
1 0 4 26935 0.02929
1 0 4 26788 0.0303
1 0 4 26774 0.04983
1 0 4 26705 0.03048
1 0 4 26635 0.02948
1 0 4 26630 0.04901
1 0 4 26580 0.03008
1 0 4 26577 0.03004
1 0 4 26457 0.02872
1 0 4 26454 0.02855
1 0 4 26387 0.03085
1 0 4 26383 0.04907
1 0 4 26379 0.03002
1 0 4 26334 0.02828
1 0 4 26287 0.04747
1 0 4 26197 0.02886
1 0 4 26172 0.03014
1 0 4 26121 0.03069
1 0 4 26104 0.03111
1 0 4 25966 0.02736
1 0 4 25964 0.04797
1 0 4 25949 0.03032
1 0 4 25923 0.03092
1 0 4 25890 0.02828
1 0 4 25856 0.03055
1 0 4 25851 0.03099
1 0 4 25849 0.02817
1 0 4 25761 0.03004
1 0 4 25723 0.02993
1 0 4 25680 0.02818
1 0 4 25606 0.02994
1 0 4 25564 0.04796
1 0 4 25548 0.04793
1 0 4 25379 0.04679
1 0 4 25372 0.0294
1 0 4 25273 0.02985
1 0 4 25164 0.02976
1 0 4 25134 0.0299
1 0 4 25129 0.02845
1 0 4 25081 0.04666
1 0 4 25000 0.01027
1 0 4 25000 0.01012
1 0 4 25000 0.01017
1 0 4 25000 0.01015
1 0 4 25000 0.01031
1 0 4 25000 0.01035
1 0 4 25000 0.01038
1 0 4 25000 0.01011
1 0 4 25000 0.01039
1 0 4 25000 0.01035
1 0 4 25000 0.01015
1 0 4 25000 0.01051
1 0 4 25000 0.01021
1 0 4 25000 0.01028
1 0 4 25000 0.01001
1 0 4 25000 0.01015
1 0 4 24953 0.02848
1 0 4 24909 0.04716
1 0 4 24691 0.02865
1 0 4 24638 0.028
1 0 4 24437 0.046
1 0 4 24278 0.02859
1 0 4 24244 0.02785
1 0 4 24227 0.04496
1 0 4 24103 0.02821
1 0 4 24062 0.04638
1 0 4 23107 0.04347
1 0 4 15923 0.01955
1 0 4 15921 0.01944
1 0 4 15921 0.02061
1 0 4 15919 0.01921
1 0 4 15918 0.01937
1 0 4 15915 0.01867
1 0 4 15914 0.01997
1 0 4 15911 0.01935
1 0 4 15911 0.01903
1 0 4 15908 0.01962
1 0 4 15907 0.01938
1 0 4 15906 0.01901
1 0 4 15903 0.01916
1 0 4 15902 0.01904
1 0 4 15902 0.01901
1 0 4 15901 0.01928
1 0 4 15900 0.01876
1 0 4 15898 0.01981
1 0 4 15895 0.01955
1 0 4 15892 0.01874
1 0 4 15890 0.01932
1 0 4 15888 0.01875
1 0 4 15887 0.01881
1 0 4 15885 0.01973
1 0 4 15882 0.01912
1 0 4 15882 0.01909
1 0 4 15881 0.0315
1 0 4 15877 0.0193
1 0 4 15876 0.01947
1 0 4 15871 0.01934
1 0 4 15870 0.01884
1 0 4 15844 0.02004
1 0 4 15839 0.02006
1 0 4 15832 0.01893
1 0 4 15829 0.0195
1 0 4 15775 0.01858
1 0 4 15751 0.01915
1 0 4 15736 0.03103
1 0 4 15699 0.01931
1 0 4 15695 0.01942
1 0 4 15680 0.01978
1 0 4 15671 0.01933
1 0 4 15670 0.01979
1 0 4 15640 0.01982
1 0 4 15620 0.01844
1 0 4 15609 0.0195
1 0 4 15602 0.03132
1 0 4 15593 0.01861
1 0 4 15576 0.02011
1 0 4 15571 0.03091
1 0 4 15563 0.02003
1 0 4 15562 0.01992
1 0 4 15503 0.01904
1 0 4 15485 0.02013
1 0 4 15451 0.01929
1 0 4 15431 0.01889
1 0 4 15412 0.01982
1 0 4 15407 0.01947
1 0 4 15396 0.0189
1 0 4 15356 0.01901
1 0 4 15334 0.01935
1 0 4 15334 0.01932
1 0 4 15298 0.01817
1 0 4 15276 0.01899
1 0 4 15244 0.01878
1 0 4 15235 0.02961
1 0 4 15232 0.02945
1 0 4 15152 0.01923
1 0 4 15098 0.01874
1 0 4 15095 0.01788
1 0 4 15059 0.01925
1 0 4 15054 0.02903
1 0 4 15000 0.006849
1 0 4 15000 0.006699
1 0 4 15000 0.006671
1 0 4 15000 0.006724
1 0 4 15000 0.006796
1 0 4 15000 0.006728
1 0 4 15000 0.006705
1 0 4 15000 0.006745
1 0 4 15000 0.006675
1 0 4 15000 0.00684
1 0 4 15000 0.006717
1 0 4 15000 0.006767
1 0 4 15000 0.006682
1 0 4 15000 0.006631
1 0 4 15000 0.006917
1 0 4 15000 0.006715
1 0 4 14995 0.0289
1 0 4 14970 0.02911
1 0 4 14966 0.02894
1 0 4 14961 0.01801
1 0 4 14925 0.02919
1 0 4 14889 0.02908
1 0 4 14882 0.02858
1 0 4 14830 0.01878
1 0 4 14721 0.02935
1 0 4 14688 0.01795
1 0 4 14636 0.01832
1 0 4 14566 0.02869
1 0 4 10407 0.01353
1 0 4 10406 0.01415
1 0 4 10402 0.01333
1 0 4 10401 0.01391
1 0 4 10399 0.01299
1 0 4 10398 0.01357
1 0 4 10397 0.014
1 0 4 10397 0.01403
1 0 4 10397 0.0133
1 0 4 10396 0.01322
1 0 4 10396 0.01365
1 0 4 10396 0.01368
1 0 4 10395 0.01387
1 0 4 10394 0.0135
1 0 4 10392 0.0136
1 0 4 10390 0.01388
1 0 4 10386 0.01356
1 0 4 10386 0.01399
1 0 4 10386 0.01391
1 0 4 10384 0.01316
1 0 4 10384 0.01357
1 0 4 10382 0.01389
1 0 4 10379 0.01304
1 0 4 10375 0.01291
1 0 4 10371 0.01344
1 0 4 10366 0.01314
1 0 4 10366 0.01323
1 0 4 10358 0.01376
1 0 4 10344 0.0134
1 0 4 10322 0.01354
1 0 4 10318 0.01411
1 0 4 10316 0.01275
1 0 4 10310 0.01363
1 0 4 10300 0.01368
1 0 4 10295 0.01363
1 0 4 10287 0.02102
1 0 4 10286 0.01413
1 0 4 10273 0.01401
1 0 4 10269 0.02076
1 0 4 10268 0.01388
1 0 4 10267 0.01422
1 0 4 10264 0.01361
1 0 4 10261 0.0137
1 0 4 10260 0.01356
1 0 4 10256 0.01369
1 0 4 10246 0.02088
1 0 4 10242 0.01384
1 0 4 10240 0.01383
1 0 4 10237 0.02102
1 0 4 10225 0.01361
1 0 4 10222 0.01358
1 0 4 10217 0.01378
1 0 4 10212 0.01312
1 0 4 10205 0.01414
1 0 4 10195 0.01362
1 0 4 10181 0.02036
1 0 4 10178 0.01357
1 0 4 10156 0.01304
1 0 4 10155 0.01339
1 0 4 10140 0.02047
1 0 4 10133 0.01383
1 0 4 10130 0.01353
1 0 4 10127 0.01995
1 0 4 10114 0.02024
1 0 4 10112 0.02042
1 0 4 10096 0.01345
1 0 4 10051 0.01296
1 0 4 10049 0.01307
1 0 4 10042 0.01981
1 0 4 10033 0.02021
1 0 4 10032 0.01321
1 0 4 10010 0.02036
1 0 4 10000 0.005371
1 0 4 10000 0.005286
1 0 4 10000 0.005308
1 0 4 10000 0.00528
1 0 4 10000 0.005331
1 0 4 10000 0.00524
1 0 4 10000 0.005293
1 0 4 10000 0.00525
1 0 4 10000 0.005249
1 0 4 10000 0.005277
1 0 4 10000 0.005268
1 0 4 10000 0.005291
1 0 4 10000 0.005267
1 0 4 10000 0.005329
1 0 4 10000 0.005287
1 0 4 10000 0.005265
1 0 4 10000 0.005324
1 0 4 9971 0.02016
1 0 4 9971 0.02017
1 0 4 9951 0.01956
1 0 4 9949 0.01338
1 0 4 9915 0.01276
1 0 4 9909 0.02019
1 0 4 9898 0.01273
1 0 4 9890 0.01362
1 0 4 9887 0.01289
1 0 4 9871 0.01976
1 0 4 9785 0.01966
1 0 5 163993 0.2035
1 0 5 163469 0.2002
1 0 5 163469 0.2002
1 0 5 163024 0.2016
1 0 5 162740 0.2031
1 0 5 162442 0.2049
1 0 5 162312 0.2043
1 0 5 162130 0.199
1 0 5 162051 0.201
1 0 5 162007 0.1961
1 0 5 161912 0.2075
1 0 5 161773 0.2074
1 0 5 161773 0.2067
1 0 5 161534 0.2024
1 0 5 161534 0.2026
1 0 5 161290 0.2031
1 0 5 161290 0.202
1 0 5 161218 0.1979
1 0 5 160277 0.1996
1 0 5 160252 0.196
1 0 5 160174 0.1978
1 0 5 159699 0.1926
1 0 5 158706 0.1925
1 0 5 158424 0.2027
1 0 5 158309 0.1956
1 0 5 156113 0.2057
1 0 5 155975 0.2024
1 0 5 154897 0.1945
1 0 5 154730 0.2014
1 0 5 152420 0.1905
1 0 5 150845 0.1911
1 0 5 150536 0.1928
1 0 5 148713 0.1945
1 0 5 147459 0.1955
1 0 5 147072 0.1908
1 0 5 140957 0.2796
1 0 5 140957 0.2766
1 0 5 136026 0.1894
1 0 5 134330 0.1895
1 0 5 132343 0.1903
1 0 5 129899 0.192
1 0 5 129716 0.1786
1 0 5 129431 0.1789
1 0 5 129310 0.1858
1 0 5 129102 0.1862
1 0 5 128824 0.1874
1 0 5 128779 0.185
1 0 5 128400 0.1818
1 0 5 127990 0.1823
1 0 5 127790 0.1793
1 0 5 127343 0.179
1 0 5 127320 0.178
1 0 5 126859 0.1834
1 0 5 126821 0.1823
1 0 5 126156 0.1758
1 0 5 126156 0.1749
1 0 5 125846 0.2654
1 0 5 125775 0.1789
1 0 5 125262 0.183
1 0 5 124881 0.1826
1 0 5 124819 0.1884
1 0 5 124136 0.1837
1 0 5 124071 0.1798
1 0 5 123539 0.1783
1 0 5 122972 0.1817
1 0 5 122969 0.1802
1 0 5 122677 0.122
1 0 5 121963 0.1206
1 0 5 121883 0.1532
1 0 5 121671 0.1243
1 0 5 121671 0.1239
1 0 5 121543 0.1233
1 0 5 120900 0.121
1 0 5 120597 0.1216
1 0 5 120401 0.1237
1 0 5 119906 0.1195
1 0 5 119827 0.1235
1 0 5 119729 0.152
1 0 5 119650 0.122
1 0 5 119403 0.1542
1 0 5 119403 0.1567
1 0 5 118116 0.1173
1 0 5 117883 0.1509
1 0 5 117692 0.1228
1 0 5 117361 0.1175
1 0 5 117193 0.1193
1 0 5 117010 0.119
1 0 5 116373 0.117
1 0 5 116345 0.1308
1 0 5 116189 0.1389
1 0 5 115985 0.116
1 0 5 115933 0.1205
1 0 5 115709 0.1218
1 0 5 114626 0.1154
1 0 5 114490 0.1168
1 0 5 114451 0.1159
1 0 5 113859 0.1208
1 0 5 113287 0.1174
1 0 5 113020 0.1176
1 0 5 113020 0.117
1 0 5 112483 0.1186
1 0 5 111823 0.1153
1 0 5 111735 0.1431
1 0 5 111237 0.1149
1 0 5 110861 0.1422
1 0 5 110861 0.1424
1 0 5 110244 0.1119
1 0 5 110142 0.1138
1 0 5 109563 0.1119
1 0 5 109515 0.1433
1 0 5 109384 0.1126
1 0 5 109384 0.1132
1 0 5 109264 0.1111
1 0 5 109179 0.11
1 0 5 109170 0.1116
1 0 5 108876 0.1111
1 0 5 108863 0.1052
1 0 5 108840 0.1128
1 0 5 108613 0.111
1 0 5 108503 0.1115
1 0 5 108503 0.1124
1 0 5 108449 0.1083
1 0 5 108447 0.1052
1 0 5 108307 0.1412
1 0 5 108199 0.1135
1 0 5 108159 0.1029
1 0 5 108111 0.1091
1 0 5 108027 0.1129
1 0 5 107874 0.1091
1 0 5 107413 0.109
1 0 5 107413 0.1096
1 0 5 107261 0.1093
1 0 5 107237 0.1123
1 0 5 107200 0.1096
1 0 5 107133 0.1101
1 0 5 107073 0.1093
1 0 5 106628 0.1144
1 0 5 106551 0.114
1 0 5 106176 0.1086
1 0 5 106078 0.1099
1 0 5 105134 0.1105
1 0 5 105105 0.1411
1 0 5 105020 0.1065
1 0 5 104672 0.1063
1 0 5 104336 0.1072
1 0 5 104170 0.1073
1 0 5 104170 0.1073
1 0 5 104021 0.1097
1 0 5 103867 0.1088
1 0 5 103850 0.111
1 0 5 103256 0.1366
1 0 5 103256 0.1374
1 0 5 103085 0.1079
1 0 5 103074 0.1054
1 0 5 102681 0.1084
1 0 5 102583 0.1098
1 0 5 102423 0.1341
1 0 5 102423 0.1333
1 0 5 102398 0.1057
1 0 5 101582 0.135
1 0 5 101490 0.1063
1 0 5 101437 0.1355
1 0 5 101052 0.1061
1 0 5 100563 0.1077
1 0 5 100497 0.1058
1 0 5 100437 0.1062
1 0 5 100402 0.1047
1 0 5 100089 0.1308
1 0 5 100000 0.07477
1 0 5 100000 0.07556
1 0 5 100000 0.07605
1 0 5 100000 0.07574
1 0 5 100000 0.07506
1 0 5 100000 0.075
1 0 5 100000 0.07535
1 0 5 100000 0.07513
1 0 5 100000 0.07537
1 0 5 100000 0.07495
1 0 5 100000 0.07543
1 0 5 100000 0.0747
1 0 5 100000 0.07499
1 0 5 100000 0.07496
1 0 5 100000 0.07523
1 0 5 100000 0.07738
1 0 5 99998 0.1337
1 0 5 99514 0.1333
1 0 5 99172 0.1047
1 0 5 99172 0.1038
1 0 5 98312 0.1018
1 0 5 98296 0.1005
1 0 5 97595 0.1319
1 0 5 97541 0.1034
1 0 5 97388 0.1318
1 0 5 97074 0.1312
1 0 5 97051 0.104
1 0 5 96966 0.1002
1 0 5 96669 0.1322
1 0 5 96222 0.101
1 0 5 96139 0.1305
1 0 5 96115 0.1039
1 0 5 95964 0.1032
1 0 5 95547 0.1048
1 0 5 95370 0.1298
1 0 5 95182 0.1273
1 0 5 94996 0.1014
1 0 5 94287 0.09942
1 0 5 94253 0.1038
1 0 5 94017 0.09946
1 0 5 93961 0.1252
1 0 5 93609 0.09788
1 0 5 93477 0.1018
1 0 5 93236 0.1016
1 0 5 93024 0.1009
1 0 5 93024 0.1012
1 0 5 92705 0.09991
1 0 5 92572 0.09873
1 0 5 92400 0.1012
1 0 5 91910 0.1015
1 0 5 91745 0.1027
1 0 5 91481 0.1236
1 0 5 90734 0.09825
1 0 5 90599 0.1265
1 0 5 90110 0.09431
1 0 5 89956 0.1262
1 0 5 89895 0.09724
1 0 5 89888 0.09871
1 0 5 89415 0.09851
1 0 5 88953 0.1216
1 0 5 88953 0.1238
1 0 5 88485 0.09629
1 0 5 87600 0.09469
1 0 5 87470 0.09452
1 0 5 87186 0.09348
1 0 5 87000 0.09194
1 0 5 86587 0.1161
1 0 5 86435 0.09267
1 0 5 85597 0.0915
1 0 5 85050 0.117
1 0 5 85000 0.06474
1 0 5 85000 0.06565
1 0 5 85000 0.06491
1 0 5 85000 0.06488
1 0 5 85000 0.06553
1 0 5 85000 0.06592
1 0 5 85000 0.06519
1 0 5 85000 0.06594
1 0 5 85000 0.06584
1 0 5 85000 0.06467
1 0 5 85000 0.06472
1 0 5 85000 0.06513
1 0 5 85000 0.06478
1 0 5 85000 0.065
1 0 5 85000 0.06467
1 0 5 85000 0.06542
1 0 5 84600 0.09241
1 0 5 84508 0.1191
1 0 5 83553 0.09111
1 0 5 83325 0.1175
1 0 5 82704 0.09288
1 0 5 82547 0.1179
1 0 5 81778 0.1178
1 0 5 81778 0.118
1 0 5 80329 0.1168
1 0 5 80329 0.1161
1 0 5 80079 0.0901
1 0 5 78891 0.08734
1 0 5 78038 0.1137
1 0 5 78037 0.114
1 0 5 77995 0.08735
1 0 5 77600 0.1098
1 0 5 77233 0.1112
1 0 5 76822 0.08514
1 0 5 76568 0.1108
1 0 5 75577 0.109
1 0 5 75556 0.1094
1 0 5 75000 0.05532
1 0 5 75000 0.0557
1 0 5 75000 0.05585
1 0 5 75000 0.05588
1 0 5 75000 0.05547
1 0 5 75000 0.05626
1 0 5 75000 0.05619
1 0 5 75000 0.05603
1 0 5 75000 0.0559
1 0 5 75000 0.05562
1 0 5 75000 0.05578
1 0 5 75000 0.05515
1 0 5 75000 0.05571
1 0 5 75000 0.05621
1 0 5 75000 0.05562
1 0 5 75000 0.0559
1 0 5 74158 0.08305
1 0 5 73870 0.1076
1 0 5 73763 0.1092
1 0 5 71594 0.08154
1 0 5 71457 0.1068
1 0 5 71278 0.1051
1 0 5 68441 0.08097
1 0 5 65481 0.07639
1 0 5 65481 0.0763
1 0 5 64859 0.07576
1 0 5 64477 0.07689
1 0 5 64466 0.07577
1 0 5 64432 0.07287
1 0 5 64414 0.07364
1 0 5 64372 0.07506
1 0 5 64337 0.07415
1 0 5 64319 0.07283
1 0 5 64311 0.07483
1 0 5 64284 0.07576
1 0 5 64262 0.0773
1 0 5 64237 0.07612
1 0 5 64186 0.07396
1 0 5 64141 0.07424
1 0 5 64136 0.07657
1 0 5 63991 0.07211
1 0 5 63954 0.07246
1 0 5 63868 0.07386
1 0 5 63848 0.07283
1 0 5 63787 0.07156
1 0 5 63775 0.06942
1 0 5 63669 0.0717
1 0 5 63608 0.07287
1 0 5 62872 0.07167
1 0 5 62703 0.07281
1 0 5 62246 0.07247
1 0 5 62069 0.0986
1 0 5 62055 0.072
1 0 5 61937 0.1
1 0 5 61804 0.07288
1 0 5 61788 0.07038
1 0 5 61681 0.07186
1 0 5 61535 0.07066
1 0 5 61428 0.07287
1 0 5 61326 0.07064
1 0 5 60997 0.07243
1 0 5 60715 0.07286
1 0 5 60715 0.07239
1 0 5 60110 0.06995
1 0 5 60110 0.06794
1 0 5 60063 0.06965
1 0 5 59879 0.09807
1 0 5 59848 0.0722
1 0 5 59820 0.07461
1 0 5 59512 0.06882
1 0 5 59504 0.06979
1 0 5 59005 0.07051
1 0 5 58859 0.0741
1 0 5 58501 0.06883
1 0 5 58401 0.07288
1 0 5 58186 0.09501
1 0 5 58097 0.07094
1 0 5 58029 0.07014
1 0 5 57817 0.07202
1 0 5 57675 0.07094
1 0 5 57625 0.07017
1 0 5 57617 0.09545
1 0 5 57442 0.06919
1 0 5 56931 0.06982
1 0 5 56692 0.07036
1 0 5 55499 0.06782
1 0 5 55084 0.09235
1 0 5 54745 0.06785
1 0 5 54717 0.09174
1 0 5 54535 0.09149
1 0 5 54003 0.06709
1 0 5 53567 0.06528
1 0 5 53567 0.0648
1 0 5 53338 0.06557
1 0 5 52832 0.08938
1 0 5 52749 0.0652
1 0 5 52717 0.08741
1 0 5 51784 0.08757
1 0 5 51258 0.06289
1 0 5 51087 0.08419
1 0 5 50000 0.03447
1 0 5 50000 0.03261
1 0 5 50000 0.03241
1 0 5 50000 0.03244
1 0 5 50000 0.03256
1 0 5 50000 0.0324
1 0 5 50000 0.03248
1 0 5 50000 0.03265
1 0 5 50000 0.03248
1 0 5 50000 0.03264
1 0 5 50000 0.03245
1 0 5 50000 0.03238
1 0 5 50000 0.03263
1 0 5 50000 0.03239
1 0 5 50000 0.0325
1 0 5 50000 0.03267
1 0 5 50000 0.03231
1 0 5 49664 0.06118
1 0 5 49378 0.08442
1 0 5 49237 0.08899
1 0 5 49202 0.08644
1 0 5 47129 0.06414
1 0 5 47106 0.08473
1 0 5 44294 0.07995
1 0 5 44294 0.08243
1 0 5 42025 0.055
1 0 5 41972 0.05511
1 0 5 41952 0.05573
1 0 5 41948 0.05581
1 0 5 41924 0.05409
1 0 5 41917 0.05623
1 0 5 41888 0.05416
1 0 5 41878 0.05659
1 0 5 41873 0.05546
1 0 5 41865 0.0568
1 0 5 41863 0.05599
1 0 5 41860 0.05545
1 0 5 41840 0.05395
1 0 5 41799 0.05553
1 0 5 41782 0.05383
1 0 5 41772 0.05568
1 0 5 41769 0.05532
1 0 5 41755 0.05387
1 0 5 41754 0.0518
1 0 5 41740 0.05395
1 0 5 41730 0.05189
1 0 5 41673 0.05008
1 0 5 41657 0.05298
1 0 5 41596 0.0492
1 0 5 41596 0.04915
1 0 5 41560 0.04976
1 0 5 41513 0.05013
1 0 5 41486 0.04874
1 0 5 41291 0.05107
1 0 5 41165 0.05049
1 0 5 41045 0.05032
1 0 5 40507 0.0489
1 0 5 40507 0.0489
1 0 5 40148 0.04767
1 0 5 40132 0.04847
1 0 5 40075 0.04981
1 0 5 39897 0.04825
1 0 5 39766 0.04977
1 0 5 39699 0.06806
1 0 5 39535 0.04758
1 0 5 39270 0.06826
1 0 5 39270 0.06823
1 0 5 39189 0.04853
1 0 5 39149 0.0693
1 0 5 38835 0.04844
1 0 5 38766 0.04725
1 0 5 38228 0.0669
1 0 5 38178 0.06846
1 0 5 37906 0.04801
1 0 5 37554 0.06572
1 0 5 37542 0.06568
1 0 5 37293 0.06626
1 0 5 37258 0.04569
1 0 5 37191 0.04585
1 0 5 36978 0.04561
1 0 5 36920 0.04563
1 0 5 36889 0.04591
1 0 5 36831 0.04501
1 0 5 36591 0.06398
1 0 5 36582 0.04445
1 0 5 36526 0.0653
1 0 5 36366 0.04483
1 0 5 36248 0.06369
1 0 5 36225 0.04631
1 0 5 36162 0.06325
1 0 5 35949 0.04469
1 0 5 35909 0.04419
1 0 5 35837 0.06338
1 0 5 35708 0.04429
1 0 5 35681 0.04462
1 0 5 35206 0.04286
1 0 5 35175 0.06317
1 0 5 35149 0.04357
1 0 5 35000 0.02158
1 0 5 35000 0.02143
1 0 5 35000 0.02182
1 0 5 35000 0.02147
1 0 5 35000 0.02143
1 0 5 35000 0.02158
1 0 5 35000 0.0215
1 0 5 35000 0.0216
1 0 5 35000 0.02138
1 0 5 35000 0.02156
1 0 5 35000 0.02144
1 0 5 35000 0.02152
1 0 5 35000 0.02159
1 0 5 35000 0.02131
1 0 5 35000 0.0214
1 0 5 35000 0.02148
1 0 5 34966 0.06299
1 0 5 34966 0.06295
1 0 5 34676 0.04178
1 0 5 34604 0.06196
1 0 5 34322 0.04175
1 0 5 34314 0.04391
1 0 5 34276 0.04267
1 0 5 33858 0.04144
1 0 5 33500 0.03884
1 0 5 32605 0.05786
1 0 5 32414 0.03815
1 0 5 28516 0.0319
1 0 5 28501 0.03303
1 0 5 28484 0.03229
1 0 5 28477 0.03041
1 0 5 28460 0.03043
1 0 5 28440 0.03249
1 0 5 28439 0.03162
1 0 5 28438 0.03138
1 0 5 28430 0.03181
1 0 5 28424 0.03144
1 0 5 28419 0.03399
1 0 5 28418 0.03235
1 0 5 28416 0.03086
1 0 5 28411 0.03248
1 0 5 28405 0.03021
1 0 5 28393 0.03113
1 0 5 28369 0.03288
1 0 5 28345 0.03179
1 0 5 28343 0.03132
1 0 5 28309 0.03359
1 0 5 28298 0.02975
1 0 5 28290 0.03038
1 0 5 28260 0.03127
1 0 5 28172 0.0317
1 0 5 28170 0.03088
1 0 5 28071 0.03327
1 0 5 27914 0.05212
1 0 5 27871 0.03291
1 0 5 27862 0.03287
1 0 5 27728 0.03174
1 0 5 27667 0.05092
1 0 5 27667 0.05084
1 0 5 27595 0.03124
1 0 5 27509 0.03239
1 0 5 27484 0.03227
1 0 5 27449 0.03297
1 0 5 27418 0.05035
1 0 5 27327 0.02925
1 0 5 27217 0.03071
1 0 5 27195 0.03001
1 0 5 27192 0.0309
1 0 5 27051 0.02974
1 0 5 27037 0.03084
1 0 5 27013 0.05011
1 0 5 26974 0.03056
1 0 5 26835 0.02946
1 0 5 26806 0.03197
1 0 5 26793 0.03341
1 0 5 26731 0.03142
1 0 5 26715 0.03126
1 0 5 26631 0.03008
1 0 5 26576 0.03183
1 0 5 26491 0.0304
1 0 5 26450 0.03148
1 0 5 26249 0.04841
1 0 5 26242 0.02981
1 0 5 26237 0.03139
1 0 5 26139 0.03018
1 0 5 26102 0.03062
1 0 5 26099 0.04912
1 0 5 25976 0.04854
1 0 5 25975 0.03035
1 0 5 25829 0.02951
1 0 5 25793 0.04938
1 0 5 25791 0.03055
1 0 5 25697 0.02933
1 0 5 25431 0.04747
1 0 5 25409 0.03128
1 0 5 25314 0.02945
1 0 5 25100 0.04656
1 0 5 25022 0.04703
1 0 5 25018 0.04758
1 0 5 25000 0.01026
1 0 5 25000 0.01012
1 0 5 25000 0.01022
1 0 5 25000 0.01029
1 0 5 25000 0.0103
1 0 5 25000 0.01029
1 0 5 25000 0.01016
1 0 5 25000 0.01016
1 0 5 25000 0.01014
1 0 5 25000 0.01033
1 0 5 25000 0.01031
1 0 5 25000 0.0102
1 0 5 25000 0.01032
1 0 5 25000 0.01014
1 0 5 25000 0.01032
1 0 5 25000 0.01014
1 0 5 25000 0.01023
1 0 5 24931 0.02981
1 0 5 24931 0.02993
1 0 5 24641 0.04726
1 0 5 24492 0.04509
1 0 5 24378 0.04518
1 0 5 24352 0.04647
1 0 5 24283 0.02908
1 0 5 24134 0.02779
1 0 5 23813 0.02824
1 0 5 23672 0.02962
1 0 5 23111 0.04245
1 0 5 16248 0.01967
1 0 5 16245 0.02062
1 0 5 16240 0.01851
1 0 5 16238 0.01949
1 0 5 16224 0.01839
1 0 5 16223 0.0191
1 0 5 16220 0.01987
1 0 5 16219 0.01934
1 0 5 16219 0.01924
1 0 5 16217 0.01959
1 0 5 16216 0.01988
1 0 5 16214 0.0187
1 0 5 16207 0.01842
1 0 5 16205 0.01953
1 0 5 16203 0.02039
1 0 5 16202 0.03195
1 0 5 16196 0.01956
1 0 5 16194 0.01883
1 0 5 16193 0.01953
1 0 5 16190 0.01902
1 0 5 16184 0.01815
1 0 5 16175 0.01861
1 0 5 16173 0.01853
1 0 5 16171 0.01932
1 0 5 16163 0.01967
1 0 5 16154 0.01934
1 0 5 16151 0.01944
1 0 5 16129 0.01884
1 0 5 16122 0.01898
1 0 5 16117 0.0202
1 0 5 16068 0.01898
1 0 5 15996 0.01969
1 0 5 15990 0.01968
1 0 5 15965 0.01907
1 0 5 15957 0.02077
1 0 5 15929 0.03151
1 0 5 15929 0.0316
1 0 5 15912 0.01874
1 0 5 15904 0.02035
1 0 5 15877 0.0208
1 0 5 15867 0.03103
1 0 5 15822 0.01959
1 0 5 15798 0.01983
1 0 5 15787 0.01964
1 0 5 15757 0.01968
1 0 5 15725 0.01898
1 0 5 15720 0.01984
1 0 5 15686 0.01794
1 0 5 15674 0.01941
1 0 5 15653 0.01945
1 0 5 15641 0.03121
1 0 5 15635 0.02036
1 0 5 15582 0.0192
1 0 5 15560 0.03109
1 0 5 15553 0.02006
1 0 5 15511 0.01973
1 0 5 15502 0.02031
1 0 5 15487 0.02021
1 0 5 15461 0.01944
1 0 5 15459 0.03071
1 0 5 15386 0.01927
1 0 5 15384 0.01863
1 0 5 15308 0.02982
1 0 5 15298 0.03
1 0 5 15283 0.01974
1 0 5 15275 0.02942
1 0 5 15236 0.01851
1 0 5 15235 0.019
1 0 5 15151 0.01898
1 0 5 15086 0.01858
1 0 5 15082 0.02984
1 0 5 15072 0.01781
1 0 5 15020 0.02895
1 0 5 15000 0.006756
1 0 5 15000 0.006811
1 0 5 15000 0.006809
1 0 5 15000 0.006805
1 0 5 15000 0.006665
1 0 5 15000 0.006795
1 0 5 15000 0.006782
1 0 5 15000 0.006636
1 0 5 15000 0.006826
1 0 5 15000 0.006776
1 0 5 15000 0.006683
1 0 5 15000 0.00683
1 0 5 15000 0.006744
1 0 5 15000 0.006785
1 0 5 15000 0.006777
1 0 5 15000 0.006749
1 0 5 15000 0.006846
1 0 5 14994 0.01812
1 0 5 14985 0.02936
1 0 5 14962 0.01868
1 0 5 14840 0.0285
1 0 5 14805 0.02877
1 0 5 14765 0.02911
1 0 5 14747 0.01778
1 0 5 14735 0.01812
1 0 5 14716 0.02887
1 0 5 14031 0.02728
1 0 5 10547 0.01424
1 0 5 10542 0.01307
1 0 5 10536 0.01395
1 0 5 10535 0.01351
1 0 5 10535 0.01386
1 0 5 10534 0.01369
1 0 5 10533 0.01323
1 0 5 10532 0.01402
1 0 5 10532 0.01404
1 0 5 10529 0.01341
1 0 5 10528 0.01277
1 0 5 10528 0.01292
1 0 5 10526 0.01283
1 0 5 10525 0.01363
1 0 5 10524 0.01307
1 0 5 10523 0.01232
1 0 5 10516 0.01355
1 0 5 10515 0.01336
1 0 5 10514 0.01351
1 0 5 10513 0.01267
1 0 5 10513 0.01268
1 0 5 10507 0.01325
1 0 5 10507 0.01318
1 0 5 10497 0.014
1 0 5 10469 0.01367
1 0 5 10459 0.01375
1 0 5 10448 0.01375
1 0 5 10446 0.01362
1 0 5 10440 0.01335
1 0 5 10436 0.01425
1 0 5 10431 0.02159
1 0 5 10428 0.02106
1 0 5 10408 0.01383
1 0 5 10408 0.01386
1 0 5 10399 0.0213
1 0 5 10399 0.02122
1 0 5 10394 0.01456
1 0 5 10390 0.01305
1 0 5 10390 0.01314
1 0 5 10379 0.01448
1 0 5 10363 0.01412
1 0 5 10358 0.01385
1 0 5 10345 0.01366
1 0 5 10343 0.01309
1 0 5 10340 0.01294
1 0 5 10338 0.01427
1 0 5 10327 0.01391
1 0 5 10324 0.01488
1 0 5 10319 0.02109
1 0 5 10312 0.01414
1 0 5 10302 0.01455
1 0 5 10291 0.01421
1 0 5 10287 0.02122
1 0 5 10276 0.02118
1 0 5 10265 0.01401
1 0 5 10265 0.01303
1 0 5 10257 0.02149
1 0 5 10253 0.01298
1 0 5 10245 0.02121
1 0 5 10235 0.01348
1 0 5 10230 0.01361
1 0 5 10225 0.0141
1 0 5 10165 0.0138
1 0 5 10161 0.02064
1 0 5 10160 0.01373
1 0 5 10146 0.02027
1 0 5 10123 0.01372
1 0 5 10114 0.02046
1 0 5 10105 0.01321
1 0 5 10084 0.02076
1 0 5 10065 0.01363
1 0 5 10056 0.01342
1 0 5 10049 0.02034
1 0 5 10045 0.01313
1 0 5 10000 0.005424
1 0 5 10000 0.00524
1 0 5 10000 0.005303
1 0 5 10000 0.005232
1 0 5 10000 0.005219
1 0 5 10000 0.005296
1 0 5 10000 0.005263
1 0 5 10000 0.005255
1 0 5 10000 0.005259
1 0 5 10000 0.005221
1 0 5 10000 0.00526
1 0 5 10000 0.005277
1 0 5 10000 0.005289
1 0 5 10000 0.005216
1 0 5 10000 0.005235
1 0 5 10000 0.005245
1 0 5 10000 0.005233
1 0 5 9984 0.01324
1 0 5 9984 0.01342
1 0 5 9974 0.02046
1 0 5 9951 0.01363
1 0 5 9930 0.01338
1 0 5 9894 0.02023
1 0 5 9867 0.01334
1 0 5 9865 0.01991
1 0 5 9668 0.01978
