8 3 1 100000 0.07468
8 3 1 100000 0.07484
8 3 1 100000 0.07404
8 3 1 100000 0.07502
8 3 1 100000 0.07251
8 3 1 100000 0.07219
8 3 1 100000 0.07171
8 3 1 100000 0.07243
8 3 1 100000 0.07594
8 3 1 100000 0.07584
8 3 1 100000 0.07587
8 3 1 100000 0.0754
8 3 1 85000 0.06527
8 3 1 85000 0.06588
8 3 1 85000 0.06551
8 3 1 85000 0.06549
8 3 1 85000 0.06556
8 3 1 85000 0.06644
8 3 1 85000 0.09675
8 3 1 85000 0.09573
8 3 1 85000 0.09619
8 3 1 85000 0.09473
8 3 1 85000 0.09776
8 3 1 85000 0.09835
8 3 1 85000 0.09664
8 3 1 75000 0.08248
8 3 1 75000 0.08319
8 3 1 75000 0.07998
8 3 1 75000 0.08032
8 3 1 75000 0.08061
8 3 1 75000 0.0809
8 3 1 75000 0.08068
8 3 1 75000 0.0796
8 3 1 75000 0.08239
8 3 1 75000 0.08138
8 3 1 75000 0.07976
8 3 1 75000 0.08083
8 3 1 75000 0.08024
8 3 1 50000 0.04366
8 3 1 50000 0.04468
8 3 1 50000 0.04493
8 3 1 50000 0.04594
8 3 1 50000 0.04512
8 3 1 50000 0.04462
8 3 1 50000 0.04571
8 3 1 50000 0.04518
8 3 1 50000 0.04505
8 3 1 50000 0.04587
8 3 1 50000 0.04177
8 3 1 50000 0.03393
8 3 1 35000 0.02176
8 3 1 35000 0.02148
8 3 1 35000 0.02162
8 3 1 35000 0.0217
8 3 1 35000 0.02153
8 3 1 35000 0.02141
8 3 1 35000 0.0216
8 3 1 35000 0.02157
8 3 1 35000 0.02306
8 3 1 35000 0.02173
8 3 1 35000 0.02169
8 3 1 35000 0.02145
8 3 1 25000 0.01026
8 3 1 25000 0.0103
8 3 1 25000 0.01025
8 3 1 25000 0.01034
8 3 1 25000 0.01027
8 3 1 25000 0.01021
8 3 1 25000 0.01015
8 3 1 25000 0.0102
8 3 1 25000 0.01016
8 3 1 25000 0.01015
8 3 1 25000 0.00997
8 3 1 25000 0.0101
8 3 1 25000 0.01015
8 3 1 15000 0.006644
8 3 1 15000 0.006687
8 3 1 15000 0.006619
8 3 1 15000 0.006641
8 3 1 15000 0.006596
8 3 1 15000 0.006611
8 3 1 15000 0.006648
8 3 1 15000 0.006713
8 3 1 15000 0.006691
8 3 1 15000 0.006667
8 3 1 15000 0.006615
8 3 1 15000 0.006595
8 3 1 10000 0.005247
8 3 1 10000 0.005188
8 3 1 10000 0.005234
8 3 1 10000 0.005235
8 3 1 10000 0.005214
8 3 1 10000 0.005209
8 3 1 10000 0.005216
8 3 1 10000 0.005177
8 3 1 10000 0.005257
8 3 1 10000 0.005222
8 3 1 10000 0.005192
8 3 1 10000 0.005197
8 3 1 10000 0.005233
8 3 2 100000 0.109
8 3 2 100000 0.1135
8 3 2 100000 0.1131
8 3 2 100000 0.1128
8 3 2 100000 0.1115
8 3 2 100000 0.114
8 3 2 100000 0.1125
8 3 2 100000 0.08488
8 3 2 100000 0.07484
8 3 2 100000 0.07472
8 3 2 100000 0.07457
8 3 2 100000 0.07498
8 3 2 85000 0.06523
8 3 2 85000 0.06511
8 3 2 85000 0.06475
8 3 2 85000 0.06522
8 3 2 85000 0.06563
8 3 2 85000 0.06465
8 3 2 85000 0.06511
8 3 2 85000 0.06451
8 3 2 85000 0.06505
8 3 2 85000 0.06474
8 3 2 85000 0.0648
8 3 2 85000 0.06429
8 3 2 85000 0.06495
8 3 2 75000 0.05521
8 3 2 75000 0.05487
8 3 2 75000 0.05543
8 3 2 75000 0.05538
8 3 2 75000 0.05568
8 3 2 75000 0.05553
8 3 2 75000 0.0556
8 3 2 75000 0.05533
8 3 2 75000 0.05468
8 3 2 75000 0.05544
8 3 2 75000 0.05472
8 3 2 75000 0.05479
8 3 2 75000 0.0554
8 3 2 50000 0.03271
8 3 2 50000 0.0324
8 3 2 50000 0.03265
8 3 2 50000 0.03265
8 3 2 50000 0.03241
8 3 2 50000 0.03233
8 3 2 50000 0.03228
8 3 2 50000 0.03232
8 3 2 50000 0.03254
8 3 2 50000 0.03234
8 3 2 50000 0.03213
8 3 2 50000 0.03246
8 3 2 35000 0.02158
8 3 2 35000 0.02135
8 3 2 35000 0.02169
8 3 2 35000 0.0215
8 3 2 35000 0.02164
8 3 2 35000 0.02164
8 3 2 35000 0.02179
8 3 2 35000 0.02148
8 3 2 35000 0.0217
8 3 2 35000 0.02136
8 3 2 35000 0.02166
8 3 2 35000 0.02158
8 3 2 25000 0.01016
8 3 2 25000 0.01027
8 3 2 25000 0.01036
8 3 2 25000 0.01037
8 3 2 25000 0.01024
8 3 2 25000 0.01011
8 3 2 25000 0.01022
8 3 2 25000 0.009946
8 3 2 25000 0.0103
8 3 2 25000 0.01032
8 3 2 25000 0.01024
8 3 2 25000 0.01023
8 3 2 25000 0.0104
8 3 2 15000 0.006806
8 3 2 15000 0.006719
8 3 2 15000 0.00687
8 3 2 15000 0.006793
8 3 2 15000 0.006679
8 3 2 15000 0.00671
8 3 2 15000 0.006679
8 3 2 15000 0.00674
8 3 2 15000 0.006819
8 3 2 15000 0.006692
8 3 2 15000 0.006659
8 3 2 15000 0.006663
8 3 2 10000 0.005265
8 3 2 10000 0.005349
8 3 2 10000 0.00531
8 3 2 10000 0.005209
8 3 2 10000 0.005484
8 3 2 10000 0.005253
8 3 2 10000 0.005275
8 3 2 10000 0.005318
8 3 2 10000 0.005234
8 3 2 10000 0.005221
8 3 2 10000 0.005302
8 3 2 10000 0.0053
8 3 2 10000 0.005267
8 3 3 100000 0.08912
8 3 3 100000 0.07544
8 3 3 100000 0.07538
8 3 3 100000 0.07497
8 3 3 100000 0.07418
8 3 3 100000 0.07484
8 3 3 100000 0.07583
8 3 3 100000 0.07487
8 3 3 100000 0.07528
8 3 3 100000 0.0751
8 3 3 100000 0.07557
8 3 3 100000 0.07485
8 3 3 85000 0.06517
8 3 3 85000 0.06423
8 3 3 85000 0.06488
8 3 3 85000 0.06462
8 3 3 85000 0.06529
8 3 3 85000 0.06476
8 3 3 85000 0.06507
8 3 3 85000 0.06513
8 3 3 85000 0.06489
8 3 3 85000 0.06503
8 3 3 85000 0.06476
8 3 3 85000 0.06519
8 3 3 85000 0.06509
8 3 3 75000 0.05553
8 3 3 75000 0.05475
8 3 3 75000 0.05548
8 3 3 75000 0.05528
8 3 3 75000 0.05561
8 3 3 75000 0.05536
8 3 3 75000 0.0551
8 3 3 75000 0.05506
8 3 3 75000 0.05599
8 3 3 75000 0.05501
8 3 3 75000 0.055
8 3 3 75000 0.05529
8 3 3 75000 0.05555
8 3 3 50000 0.0326
8 3 3 50000 0.03277
8 3 3 50000 0.03262
8 3 3 50000 0.03263
8 3 3 50000 0.0325
8 3 3 50000 0.03252
8 3 3 50000 0.03256
8 3 3 50000 0.03255
8 3 3 50000 0.03231
8 3 3 50000 0.03242
8 3 3 50000 0.03261
8 3 3 50000 0.03257
8 3 3 35000 0.02152
8 3 3 35000 0.02173
8 3 3 35000 0.0218
8 3 3 35000 0.02157
8 3 3 35000 0.02144
8 3 3 35000 0.02156
8 3 3 35000 0.02156
8 3 3 35000 0.02146
8 3 3 35000 0.02148
8 3 3 35000 0.02168
8 3 3 35000 0.02146
8 3 3 35000 0.02152
8 3 3 25000 0.01037
8 3 3 25000 0.01018
8 3 3 25000 0.01036
8 3 3 25000 0.01015
8 3 3 25000 0.01035
8 3 3 25000 0.01038
8 3 3 25000 0.01021
8 3 3 25000 0.01027
8 3 3 25000 0.01032
8 3 3 25000 0.01025
8 3 3 25000 0.01029
8 3 3 25000 0.0102
8 3 3 25000 0.01034
8 3 3 15000 0.006708
8 3 3 15000 0.006728
8 3 3 15000 0.006721
8 3 3 15000 0.006748
8 3 3 15000 0.006701
8 3 3 15000 0.006741
8 3 3 15000 0.006697
8 3 3 15000 0.006702
8 3 3 15000 0.006702
8 3 3 15000 0.006797
8 3 3 15000 0.006724
8 3 3 15000 0.006686
8 3 3 10000 0.005245
8 3 3 10000 0.005207
8 3 3 10000 0.005296
8 3 3 10000 0.005246
8 3 3 10000 0.005301
8 3 3 10000 0.005201
8 3 3 10000 0.005208
8 3 3 10000 0.005503
8 3 3 10000 0.005264
8 3 3 10000 0.005385
8 3 3 10000 0.00533
8 3 3 10000 0.005376
8 3 3 10000 0.00536
8 3 4 100000 0.07755
8 3 4 100000 0.07686
8 3 4 100000 0.07544
8 3 4 100000 0.07499
8 3 4 100000 0.07507
8 3 4 100000 0.07475
8 3 4 100000 0.07585
8 3 4 100000 0.07556
8 3 4 100000 0.07496
8 3 4 100000 0.07522
8 3 4 100000 0.07494
8 3 4 100000 0.07528
8 3 4 85000 0.06533
8 3 4 85000 0.06512
8 3 4 85000 0.06569
8 3 4 85000 0.06571
8 3 4 85000 0.06584
8 3 4 85000 0.0658
8 3 4 85000 0.06512
8 3 4 85000 0.065
8 3 4 85000 0.06524
8 3 4 85000 0.06458
8 3 4 85000 0.06527
8 3 4 85000 0.06473
8 3 4 85000 0.06514
8 3 4 75000 0.05532
8 3 4 75000 0.05527
8 3 4 75000 0.05506
8 3 4 75000 0.05519
8 3 4 75000 0.05531
8 3 4 75000 0.05537
8 3 4 75000 0.05512
8 3 4 75000 0.05494
8 3 4 75000 0.05547
8 3 4 75000 0.05503
8 3 4 75000 0.05507
8 3 4 75000 0.05522
8 3 4 75000 0.0558
8 3 4 50000 0.03247
8 3 4 50000 0.03271
8 3 4 50000 0.03286
8 3 4 50000 0.03243
8 3 4 50000 0.03278
8 3 4 50000 0.03233
8 3 4 50000 0.03287
8 3 4 50000 0.03234
8 3 4 50000 0.03235
8 3 4 50000 0.03214
8 3 4 50000 0.03229
8 3 4 50000 0.03249
8 3 4 35000 0.02153
8 3 4 35000 0.02163
8 3 4 35000 0.02125
8 3 4 35000 0.02151
8 3 4 35000 0.02143
8 3 4 35000 0.02155
8 3 4 35000 0.02159
8 3 4 35000 0.02156
8 3 4 35000 0.02142
8 3 4 35000 0.02143
8 3 4 35000 0.02149
8 3 4 35000 0.02171
8 3 4 25000 0.01024
8 3 4 25000 0.01038
8 3 4 25000 0.01026
8 3 4 25000 0.0103
8 3 4 25000 0.01034
8 3 4 25000 0.01039
8 3 4 25000 0.01012
8 3 4 25000 0.0101
8 3 4 25000 0.0104
8 3 4 25000 0.0101
8 3 4 25000 0.01031
8 3 4 25000 0.01015
8 3 4 25000 0.01026
8 3 4 15000 0.006703
8 3 4 15000 0.006679
8 3 4 15000 0.006727
8 3 4 15000 0.006744
8 3 4 15000 0.006716
8 3 4 15000 0.006683
8 3 4 15000 0.006841
8 3 4 15000 0.006664
8 3 4 15000 0.00672
8 3 4 15000 0.00677
8 3 4 15000 0.006723
8 3 4 15000 0.006716
8 3 4 10000 0.005282
8 3 4 10000 0.005203
8 3 4 10000 0.005242
8 3 4 10000 0.005224
8 3 4 10000 0.005277
8 3 4 10000 0.00526
8 3 4 10000 0.005142
8 3 4 10000 0.005423
8 3 4 10000 0.005226
8 3 4 10000 0.005272
8 3 4 10000 0.005243
8 3 4 10000 0.005301
8 3 4 10000 0.005251
8 3 5 100000 0.07546
8 3 5 100000 0.07529
8 3 5 100000 0.07535
8 3 5 100000 0.07506
8 3 5 100000 0.07478
8 3 5 100000 0.07599
8 3 5 100000 0.07545
8 3 5 100000 0.07537
8 3 5 100000 0.07523
8 3 5 100000 0.07581
8 3 5 100000 0.07548
8 3 5 100000 0.07502
8 3 5 85000 0.06517
8 3 5 85000 0.06517
8 3 5 85000 0.06464
8 3 5 85000 0.06538
8 3 5 85000 0.06514
8 3 5 85000 0.06496
8 3 5 85000 0.06574
8 3 5 85000 0.06541
8 3 5 85000 0.06581
8 3 5 85000 0.06546
8 3 5 85000 0.0649
8 3 5 85000 0.0648
8 3 5 85000 0.06516
8 3 5 75000 0.05542
8 3 5 75000 0.05513
8 3 5 75000 0.05582
8 3 5 75000 0.05523
8 3 5 75000 0.05555
8 3 5 75000 0.05503
8 3 5 75000 0.05504
8 3 5 75000 0.05555
8 3 5 75000 0.05527
8 3 5 75000 0.05528
8 3 5 75000 0.05539
8 3 5 75000 0.05571
8 3 5 75000 0.05582
8 3 5 50000 0.03242
8 3 5 50000 0.03263
8 3 5 50000 0.03256
8 3 5 50000 0.03253
8 3 5 50000 0.03269
8 3 5 50000 0.03297
8 3 5 50000 0.03251
8 3 5 50000 0.03245
8 3 5 50000 0.03265
8 3 5 50000 0.03279
8 3 5 50000 0.03248
8 3 5 50000 0.03262
8 3 5 35000 0.02181
8 3 5 35000 0.02128
8 3 5 35000 0.02155
8 3 5 35000 0.02168
8 3 5 35000 0.02154
8 3 5 35000 0.02159
8 3 5 35000 0.02162
8 3 5 35000 0.02146
8 3 5 35000 0.02167
8 3 5 35000 0.0217
8 3 5 35000 0.0217
8 3 5 35000 0.02162
8 3 5 25000 0.01021
8 3 5 25000 0.01027
8 3 5 25000 0.01026
8 3 5 25000 0.0103
8 3 5 25000 0.01026
8 3 5 25000 0.01023
8 3 5 25000 0.01015
8 3 5 25000 0.01013
8 3 5 25000 0.01031
8 3 5 25000 0.01017
8 3 5 25000 0.01016
8 3 5 25000 0.01023
8 3 5 25000 0.01025
8 3 5 15000 0.006672
8 3 5 15000 0.006766
8 3 5 15000 0.006947
8 3 5 15000 0.0066
8 3 5 15000 0.006746
8 3 5 15000 0.006758
8 3 5 15000 0.006838
8 3 5 15000 0.006682
8 3 5 15000 0.006632
8 3 5 15000 0.006725
8 3 5 15000 0.006742
8 3 5 15000 0.006664
8 3 5 10000 0.00525
8 3 5 10000 0.005322
8 3 5 10000 0.005311
8 3 5 10000 0.005224
8 3 5 10000 0.005306
8 3 5 10000 0.005317
8 3 5 10000 0.005405
8 3 5 10000 0.005396
8 3 5 10000 0.005222
8 3 5 10000 0.005264
8 3 5 10000 0.005158
8 3 5 10000 0.005234
8 3 5 10000 0.005199
