16 6 1 100000 0.08001
16 6 1 100000 0.07959
16 6 1 100000 0.07746
16 6 1 100000 0.07789
16 6 1 100000 0.08
16 6 1 100000 0.07721
16 6 1 85000 0.06659
16 6 1 85000 0.06711
16 6 1 85000 0.06716
16 6 1 85000 0.06676
16 6 1 85000 0.06614
16 6 1 85000 0.0668
16 6 1 75000 0.05588
16 6 1 75000 0.05635
16 6 1 75000 0.05627
16 6 1 75000 0.05845
16 6 1 75000 0.05691
16 6 1 75000 0.05625
16 6 1 75000 0.05656
16 6 1 50000 0.03355
16 6 1 50000 0.03325
16 6 1 50000 0.03327
16 6 1 50000 0.03283
16 6 1 50000 0.03352
16 6 1 50000 0.03323
16 6 1 35000 0.02205
16 6 1 35000 0.02206
16 6 1 35000 0.02218
16 6 1 35000 0.02222
16 6 1 35000 0.02215
16 6 1 35000 0.02223
16 6 1 25000 0.01037
16 6 1 25000 0.01041
16 6 1 25000 0.01048
16 6 1 25000 0.0104
16 6 1 25000 0.01033
16 6 1 25000 0.01046
16 6 1 15000 0.006804
16 6 1 15000 0.006863
16 6 1 15000 0.006848
16 6 1 15000 0.006801
16 6 1 15000 0.006814
16 6 1 15000 0.006811
16 6 1 10000 0.005327
16 6 1 10000 0.005363
16 6 1 10000 0.005412
16 6 1 10000 0.005288
16 6 1 10000 0.00531
16 6 1 10000 0.00532
16 6 1 10000 0.005346
16 6 2 100000 0.113
16 6 2 100000 0.1137
16 6 2 100000 0.1137
16 6 2 100000 0.1116
16 6 2 100000 0.112
16 6 2 100000 0.1122
16 6 2 85000 0.09839
16 6 2 85000 0.0939
16 6 2 85000 0.06725
16 6 2 85000 0.06636
16 6 2 85000 0.0666
16 6 2 85000 0.06681
16 6 2 75000 0.05655
16 6 2 75000 0.05656
16 6 2 75000 0.05634
16 6 2 75000 0.05641
16 6 2 75000 0.05663
16 6 2 75000 0.05605
16 6 2 75000 0.07569
16 6 2 50000 0.04393
16 6 2 50000 0.04338
16 6 2 50000 0.04498
16 6 2 50000 0.04375
16 6 2 50000 0.04459
16 6 2 50000 0.04468
16 6 2 35000 0.02849
16 6 2 35000 0.02796
16 6 2 35000 0.0284
16 6 2 35000 0.02616
16 6 2 35000 0.0283
16 6 2 35000 0.02821
16 6 2 25000 0.01238
16 6 2 25000 0.01217
16 6 2 25000 0.01236
16 6 2 25000 0.01214
16 6 2 25000 0.01191
16 6 2 25000 0.01191
16 6 2 15000 0.007772
16 6 2 15000 0.007528
16 6 2 15000 0.007753
16 6 2 15000 0.007757
16 6 2 15000 0.006505
16 6 2 15000 0.006491
16 6 2 10000 0.005047
16 6 2 10000 0.005064
16 6 2 10000 0.005141
16 6 2 10000 0.005025
16 6 2 10000 0.005037
16 6 2 10000 0.005028
16 6 2 10000 0.005039
16 6 3 100000 0.1134
16 6 3 100000 0.1134
16 6 3 100000 0.1144
16 6 3 100000 0.1106
16 6 3 100000 0.103
16 6 3 100000 0.07226
16 6 3 85000 0.0632
16 6 3 85000 0.06291
16 6 3 85000 0.06276
16 6 3 85000 0.06288
16 6 3 85000 0.06275
16 6 3 85000 0.06279
16 6 3 75000 0.05372
16 6 3 75000 0.0533
16 6 3 75000 0.05348
16 6 3 75000 0.05334
16 6 3 75000 0.05322
16 6 3 75000 0.05329
16 6 3 75000 0.05306
16 6 3 50000 0.03137
16 6 3 50000 0.03177
16 6 3 50000 0.03139
16 6 3 50000 0.03157
16 6 3 50000 0.03142
16 6 3 50000 0.03125
16 6 3 35000 0.02076
16 6 3 35000 0.02075
16 6 3 35000 0.02091
16 6 3 35000 0.02112
16 6 3 35000 0.02107
16 6 3 35000 0.02113
16 6 3 25000 0.009851
16 6 3 25000 0.009969
16 6 3 25000 0.01008
16 6 3 25000 0.009824
16 6 3 25000 0.009773
16 6 3 25000 0.009852
16 6 3 15000 0.006518
16 6 3 15000 0.006627
16 6 3 15000 0.006559
16 6 3 15000 0.006446
16 6 3 15000 0.006547
16 6 3 15000 0.006489
16 6 3 10000 0.005053
16 6 3 10000 0.005013
16 6 3 10000 0.005048
16 6 3 10000 0.00504
16 6 3 10000 0.004983
16 6 3 10000 0.005031
16 6 3 10000 0.005008
16 6 4 100000 0.0735
16 6 4 100000 0.07276
16 6 4 100000 0.07196
16 6 4 100000 0.07347
16 6 4 100000 0.07272
16 6 4 100000 0.07246
16 6 4 85000 0.06388
16 6 4 85000 0.06276
16 6 4 85000 0.06402
16 6 4 85000 0.06317
16 6 4 85000 0.06296
16 6 4 85000 0.06351
16 6 4 75000 0.05411
16 6 4 75000 0.05337
16 6 4 75000 0.05368
16 6 4 75000 0.0533
16 6 4 75000 0.05436
16 6 4 75000 0.05381
16 6 4 75000 0.05441
16 6 4 50000 0.03252
16 6 4 50000 0.03256
16 6 4 50000 0.0315
16 6 4 50000 0.03266
16 6 4 50000 0.03166
16 6 4 50000 0.03274
16 6 4 35000 0.02153
16 6 4 35000 0.02171
16 6 4 35000 0.02181
16 6 4 35000 0.02122
16 6 4 35000 0.021
16 6 4 35000 0.02171
16 6 4 25000 0.01009
16 6 4 25000 0.009924
16 6 4 25000 0.009943
16 6 4 25000 0.01069
16 6 4 25000 0.01016
16 6 4 25000 0.01063
16 6 4 15000 0.007486
16 6 4 15000 0.007345
16 6 4 15000 0.007392
16 6 4 15000 0.007204
16 6 4 15000 0.006755
16 6 4 15000 0.007267
16 6 4 10000 0.005181
16 6 4 10000 0.005839
16 6 4 10000 0.00506
16 6 4 10000 0.005702
16 6 4 10000 0.00599
16 6 4 10000 0.005246
16 6 4 10000 0.005745
16 6 5 106096 0.07727
16 6 5 106096 0.07659
16 6 5 104188 0.0755
16 6 5 100000 0.07223
16 6 5 100000 0.07239
16 6 5 100000 0.07302
16 6 5 91854 0.0674
16 6 5 91283 0.06759
16 6 5 89324 0.06585
16 6 5 85000 0.0629
16 6 5 85000 0.0624
16 6 5 85000 0.06286
16 6 5 80283 0.05951
16 6 5 79608 0.05843
16 6 5 78492 0.05738
16 6 5 77340 0.056
16 6 5 75000 0.05392
16 6 5 75000 0.05299
16 6 5 75000 0.05326
16 6 5 52358 0.03505
16 6 5 51968 0.03392
16 6 5 51818 0.03383
16 6 5 50000 0.03099
16 6 5 50000 0.03184
16 6 5 36155 0.02275
16 6 5 36146 0.02089
16 6 5 36121 0.0216
16 6 5 35000 0.02077
16 6 5 35000 0.02091
16 6 5 35000 0.02118
16 6 5 35000 0.02106
16 6 5 25594 0.01019
16 6 5 25585 0.01006
16 6 5 25000 0.009841
16 6 5 25000 0.009816
16 6 5 25000 0.009786
16 6 5 25000 0.009788
16 6 5 15214 0.006543
16 6 5 15214 0.006492
16 6 5 15212 0.006719
16 6 5 15210 0.006644
16 6 5 15000 0.00662
16 6 5 15000 0.006531
16 6 5 15000 0.006542
16 6 5 10094 0.005048
16 6 5 10093 0.005131
16 6 5 10090 0.005171
16 6 5 10000 0.005036
16 6 5 10000 0.005072
16 6 5 10000 0.005035
