16 6 1 100000 0.1156
16 6 1 100000 0.114
16 6 1 100000 0.09291
16 6 1 100000 0.07559
16 6 1 100000 0.07891
16 6 1 100000 0.08096
16 6 1 85000 0.06752
16 6 1 85000 0.06632
16 6 1 85000 0.06934
16 6 1 85000 0.06575
16 6 1 85000 0.06664
16 6 1 85000 0.06868
16 6 1 75000 0.05443
16 6 1 75000 0.05704
16 6 1 75000 0.05584
16 6 1 75000 0.05516
16 6 1 75000 0.05791
16 6 1 75000 0.05543
16 6 1 75000 0.05438
16 6 1 50000 0.03444
16 6 1 50000 0.0332
16 6 1 50000 0.03211
16 6 1 50000 0.03438
16 6 1 50000 0.03104
16 6 1 35000 0.02377
16 6 1 35000 0.02159
16 6 1 35000 0.02312
16 6 1 35000 0.02156
16 6 1 35000 0.02197
16 6 1 35000 0.02295
16 6 1 35000 0.02109
16 6 1 25000 0.01086
16 6 1 25000 0.00996
16 6 1 25000 0.01027
16 6 1 25000 0.01088
16 6 1 25000 0.01025
16 6 1 25000 0.0112
16 6 1 15000 0.006632
16 6 1 15000 0.006782
16 6 1 15000 0.007163
16 6 1 15000 0.006875
16 6 1 15000 0.006632
16 6 1 15000 0.006903
16 6 1 15000 0.006499
16 6 1 10000 0.005185
16 6 1 10000 0.00543
16 6 1 10000 0.005396
16 6 1 10000 0.005168
16 6 1 10000 0.005115
16 6 1 10000 0.005447
16 6 2 100000 0.07994
16 6 2 100000 0.07754
16 6 2 100000 0.0801
16 6 2 100000 0.08146
16 6 2 100000 0.08112
16 6 2 100000 0.08151
16 6 2 85000 0.07035
16 6 2 85000 0.06946
16 6 2 85000 0.07061
16 6 2 85000 0.07007
16 6 2 85000 0.06999
16 6 2 85000 0.07029
16 6 2 75000 0.05851
16 6 2 75000 0.05825
16 6 2 75000 0.0591
16 6 2 75000 0.05886
16 6 2 75000 0.05629
16 6 2 75000 0.05507
16 6 2 75000 0.05626
16 6 2 50000 0.03248
16 6 2 50000 0.03354
16 6 2 50000 0.0317
16 6 2 50000 0.0317
16 6 2 50000 0.03234
16 6 2 35000 0.02324
16 6 2 35000 0.02117
16 6 2 35000 0.02314
16 6 2 35000 0.02224
16 6 2 35000 0.02131
16 6 2 35000 0.0217
16 6 2 35000 0.0225
16 6 2 25000 0.01028
16 6 2 25000 0.009944
16 6 2 25000 0.01055
16 6 2 25000 0.01012
16 6 2 25000 0.01055
16 6 2 25000 0.01103
16 6 2 15000 0.006587
16 6 2 15000 0.006569
16 6 2 15000 0.006681
16 6 2 15000 0.006504
16 6 2 15000 0.006504
16 6 2 15000 0.006621
16 6 2 15000 0.006596
16 6 2 10000 0.005229
16 6 2 10000 0.005197
16 6 2 10000 0.005238
16 6 2 10000 0.00515
16 6 2 10000 0.005155
16 6 2 10000 0.00519
16 6 3 100000 0.08577
16 6 3 100000 0.08499
16 6 3 100000 0.08233
16 6 3 100000 0.0811
16 6 3 100000 0.08
16 6 3 100000 0.07794
16 6 3 85000 0.06509
16 6 3 85000 0.06926
16 6 3 85000 0.06715
16 6 3 85000 0.06514
16 6 3 85000 0.06795
16 6 3 85000 0.06894
16 6 3 75000 0.05627
16 6 3 75000 0.05582
16 6 3 75000 0.05841
16 6 3 75000 0.05862
16 6 3 75000 0.05872
16 6 3 75000 0.05879
16 6 3 75000 0.05882
16 6 3 50000 0.0337
16 6 3 50000 0.03175
16 6 3 50000 0.03427
16 6 3 50000 0.03444
16 6 3 50000 0.03357
16 6 3 35000 0.02221
16 6 3 35000 0.02132
16 6 3 35000 0.0223
16 6 3 35000 0.02332
16 6 3 35000 0.02275
16 6 3 35000 0.0211
16 6 3 35000 0.02235
16 6 3 25000 0.01065
16 6 3 25000 0.01003
16 6 3 25000 0.01088
16 6 3 25000 0.01019
16 6 3 25000 0.01053
16 6 3 25000 0.01003
16 6 3 15000 0.006959
16 6 3 15000 0.006586
16 6 3 15000 0.00738
16 6 3 15000 0.00665
16 6 3 15000 0.006659
16 6 3 15000 0.007033
16 6 3 15000 0.00666
16 6 3 10000 0.005132
16 6 3 10000 0.005201
16 6 3 10000 0.005133
16 6 3 10000 0.005188
16 6 3 10000 0.005186
16 6 3 10000 0.005169
16 6 4 100000 0.08245
16 6 4 100000 0.08354
16 6 4 100000 0.08159
16 6 4 100000 0.08018
16 6 4 100000 0.08037
16 6 4 100000 0.08034
16 6 4 85000 0.07024
16 6 4 85000 0.07053
16 6 4 85000 0.1065
16 6 4 85000 0.1063
16 6 4 85000 0.09986
16 6 4 85000 0.06886
16 6 4 75000 0.05702
16 6 4 75000 0.05681
16 6 4 75000 0.05687
16 6 4 75000 0.05853
16 6 4 75000 0.05712
16 6 4 75000 0.05836
16 6 4 75000 0.05718
16 6 4 50000 0.03289
16 6 4 50000 0.03312
16 6 4 50000 0.03314
16 6 4 50000 0.04686
16 6 4 50000 0.04682
16 6 4 35000 0.03129
16 6 4 35000 0.03118
16 6 4 35000 0.03123
16 6 4 35000 0.03147
16 6 4 35000 0.03109
16 6 4 35000 0.0314
16 6 4 35000 0.03106
16 6 4 25000 0.01318
16 6 4 25000 0.01297
16 6 4 25000 0.01282
16 6 4 25000 0.01014
16 6 4 25000 0.009991
16 6 4 25000 0.009971
16 6 4 15000 0.006616
16 6 4 15000 0.006482
16 6 4 15000 0.006556
16 6 4 15000 0.006558
16 6 4 15000 0.006567
16 6 4 15000 0.006563
16 6 4 15000 0.006523
16 6 4 10000 0.005163
16 6 4 10000 0.005117
16 6 4 10000 0.005122
16 6 4 10000 0.005142
16 6 4 10000 0.005148
16 6 4 10000 0.005136
16 6 5 100000 0.08416
16 6 5 100000 0.08345
16 6 5 100000 0.08305
16 6 5 100000 0.08325
16 6 5 100000 0.08235
16 6 5 100000 0.1185
16 6 5 85000 0.1006
16 6 5 85000 0.1011
16 6 5 85000 0.1009
16 6 5 85000 0.1004
16 6 5 85000 0.09951
16 6 5 85000 0.08499
16 6 5 75000 0.05717
16 6 5 75000 0.05692
16 6 5 75000 0.05761
16 6 5 75000 0.05762
16 6 5 75000 0.08296
16 6 5 75000 0.07548
16 6 5 75000 0.07549
16 6 5 50000 0.04164
16 6 5 50000 0.04217
16 6 5 50000 0.04215
16 6 5 50000 0.04229
16 6 5 50000 0.04217
16 6 5 35000 0.02839
16 6 5 35000 0.02832
16 6 5 35000 0.02838
16 6 5 35000 0.0287
16 6 5 35000 0.02816
16 6 5 35000 0.028
16 6 5 35000 0.0282
16 6 5 25000 0.01224
16 6 5 25000 0.01223
16 6 5 25000 0.01243
16 6 5 25000 0.01254
16 6 5 25000 0.01242
16 6 5 25000 0.0124
16 6 5 15000 0.007959
16 6 5 15000 0.007899
16 6 5 15000 0.007825
16 6 5 15000 0.007961
16 6 5 15000 0.007954
16 6 5 15000 0.007948
16 6 5 15000 0.007963
16 6 5 10000 0.005961
16 6 5 10000 0.006027
16 6 5 10000 0.005937
16 6 5 10000 0.00597
16 6 5 10000 0.00601
16 6 5 10000 0.005983
