16 7 1 100000 0.07529
16 7 1 100000 0.07454
16 7 1 100000 0.07372
16 7 1 100000 0.07268
16 7 1 100000 0.07252
16 7 1 100000 0.07304
16 7 1 100000 0.0722
16 7 1 85000 0.06216
16 7 1 85000 0.06402
16 7 1 85000 0.06308
16 7 1 85000 0.06228
16 7 1 85000 0.06314
16 7 1 75000 0.05305
16 7 1 75000 0.05294
16 7 1 75000 0.05326
16 7 1 75000 0.05303
16 7 1 75000 0.05337
16 7 1 75000 0.05303
16 7 1 75000 0.05317
16 7 1 50000 0.03163
16 7 1 50000 0.03131
16 7 1 50000 0.03147
16 7 1 50000 0.03142
16 7 1 50000 0.03137
16 7 1 50000 0.03187
16 7 1 35000 0.02067
16 7 1 35000 0.02109
16 7 1 35000 0.0208
16 7 1 35000 0.02089
16 7 1 35000 0.02098
16 7 1 35000 0.02096
16 7 1 25000 0.009856
16 7 1 25000 0.009736
16 7 1 25000 0.009908
16 7 1 25000 0.009894
16 7 1 25000 0.009867
16 7 1 25000 0.009932
16 7 1 25000 0.009881
16 7 1 15000 0.006568
16 7 1 15000 0.006468
16 7 1 15000 0.006542
16 7 1 15000 0.006489
16 7 1 15000 0.006609
16 7 1 15000 0.006476
16 7 1 10000 0.005018
16 7 1 10000 0.004994
16 7 1 10000 0.005086
16 7 1 10000 0.005085
16 7 1 10000 0.005078
16 7 1 10000 0.005095
16 7 2 100000 0.07587
16 7 2 100000 0.07405
16 7 2 100000 0.07379
16 7 2 100000 0.0726
16 7 2 100000 0.07243
16 7 2 100000 0.07287
16 7 2 100000 0.07297
16 7 2 85000 0.06229
16 7 2 85000 0.06336
16 7 2 85000 0.06338
16 7 2 85000 0.0633
16 7 2 85000 0.06312
16 7 2 75000 0.05363
16 7 2 75000 0.05445
16 7 2 75000 0.05362
16 7 2 75000 0.05375
16 7 2 75000 0.05393
16 7 2 75000 0.05373
16 7 2 75000 0.05397
16 7 2 50000 0.03158
16 7 2 50000 0.03098
16 7 2 50000 0.03137
16 7 2 50000 0.03117
16 7 2 50000 0.03075
16 7 2 50000 0.03118
16 7 2 35000 0.02051
16 7 2 35000 0.02063
16 7 2 35000 0.0211
16 7 2 35000 0.02083
16 7 2 35000 0.02087
16 7 2 35000 0.02141
16 7 2 25000 0.009872
16 7 2 25000 0.009755
16 7 2 25000 0.009961
16 7 2 25000 0.009884
16 7 2 25000 0.01
16 7 2 25000 0.009882
16 7 2 25000 0.01004
16 7 2 15000 0.006552
16 7 2 15000 0.00655
16 7 2 15000 0.00656
16 7 2 15000 0.006605
16 7 2 15000 0.006575
16 7 2 15000 0.006578
16 7 2 10000 0.005223
16 7 2 10000 0.005127
16 7 2 10000 0.005064
16 7 2 10000 0.005015
16 7 2 10000 0.00506
16 7 2 10000 0.005037
16 7 3 100000 0.07246
16 7 3 100000 0.07181
16 7 3 100000 0.07246
16 7 3 100000 0.07181
16 7 3 100000 0.07121
16 7 3 100000 0.07172
16 7 3 100000 0.07212
16 7 3 85000 0.06264
16 7 3 85000 0.06288
16 7 3 85000 0.06235
16 7 3 85000 0.06202
16 7 3 85000 0.06129
16 7 3 75000 0.05331
16 7 3 75000 0.05229
16 7 3 75000 0.05267
16 7 3 75000 0.05362
16 7 3 75000 0.05356
16 7 3 75000 0.05275
16 7 3 75000 0.05351
16 7 3 50000 0.03159
16 7 3 50000 0.03103
16 7 3 50000 0.03182
16 7 3 50000 0.03133
16 7 3 50000 0.03179
16 7 3 50000 0.0315
16 7 3 35000 0.02069
16 7 3 35000 0.02045
16 7 3 35000 0.0211
16 7 3 35000 0.02102
16 7 3 35000 0.02096
16 7 3 35000 0.02066
16 7 3 25000 0.009929
16 7 3 25000 0.009871
16 7 3 25000 0.009893
16 7 3 25000 0.009806
16 7 3 25000 0.009964
16 7 3 25000 0.009767
16 7 3 25000 0.009937
16 7 3 15000 0.0065
16 7 3 15000 0.006355
16 7 3 15000 0.006827
16 7 3 15000 0.006487
16 7 3 15000 0.006393
16 7 3 15000 0.006484
16 7 3 10000 0.005003
16 7 3 10000 0.005292
16 7 3 10000 0.005106
16 7 3 10000 0.005005
16 7 3 10000 0.00503
16 7 3 10000 0.005042
16 7 4 100000 0.07158
16 7 4 100000 0.07177
16 7 4 100000 0.07314
16 7 4 100000 0.07318
16 7 4 100000 0.07244
16 7 4 100000 0.0718
16 7 4 100000 0.07235
16 7 4 85000 0.06359
16 7 4 85000 0.06272
16 7 4 85000 0.06392
16 7 4 85000 0.06234
16 7 4 85000 0.06343
16 7 4 75000 0.05352
16 7 4 75000 0.05345
16 7 4 75000 0.05462
16 7 4 75000 0.05341
16 7 4 75000 0.05402
16 7 4 75000 0.05429
16 7 4 75000 0.05346
16 7 4 50000 0.03075
16 7 4 50000 0.03084
16 7 4 50000 0.03252
16 7 4 50000 0.03211
16 7 4 50000 0.03176
16 7 4 50000 0.0324
16 7 4 35000 0.0215
16 7 4 35000 0.02043
16 7 4 35000 0.02042
16 7 4 35000 0.02165
16 7 4 35000 0.02177
16 7 4 35000 0.02203
16 7 4 25000 0.009947
16 7 4 25000 0.009994
16 7 4 25000 0.01064
16 7 4 25000 0.00995
16 7 4 25000 0.01064
16 7 4 25000 0.01027
16 7 4 25000 0.01059
16 7 4 15000 0.007296
16 7 4 15000 0.007101
16 7 4 15000 0.00652
16 7 4 15000 0.007162
16 7 4 15000 0.006438
16 7 4 15000 0.00725
16 7 4 10000 0.005084
16 7 4 10000 0.005088
16 7 4 10000 0.004999
16 7 4 10000 0.005788
16 7 4 10000 0.00522
16 7 4 10000 0.005754
16 7 5 109372 0.07843
16 7 5 104296 0.07478
16 7 5 100000 0.07171
16 7 5 100000 0.07156
16 7 5 100000 0.07141
16 7 5 100000 0.07131
16 7 5 100000 0.07172
16 7 5 90395 0.06681
16 7 5 87274 0.06381
16 7 5 85000 0.06187
16 7 5 85000 0.06206
16 7 5 85000 0.06193
16 7 5 79959 0.05748
16 7 5 79842 0.0579
16 7 5 78960 0.05786
16 7 5 77340 0.05573
16 7 5 76881 0.05542
16 7 5 75000 0.05392
16 7 5 75000 0.05393
16 7 5 52358 0.03512
16 7 5 52268 0.03396
16 7 5 51830 0.03302
16 7 5 50000 0.03079
16 7 5 50000 0.03113
16 7 5 50000 0.03086
16 7 5 50000 0.03073
16 7 5 36146 0.02066
16 7 5 36146 0.02083
16 7 5 35000 0.02105
16 7 5 35000 0.0211
16 7 5 35000 0.02064
16 7 5 25594 0.01027
16 7 5 25588 0.01028
16 7 5 25585 0.01015
16 7 5 25000 0.009852
16 7 5 25000 0.009822
16 7 5 25000 0.009854
16 7 5 15214 0.006597
16 7 5 15214 0.006722
16 7 5 15212 0.006727
16 7 5 15210 0.006544
16 7 5 15000 0.006572
16 7 5 15000 0.006719
16 7 5 15000 0.006516
16 7 5 10094 0.005222
16 7 5 10093 0.005131
16 7 5 10093 0.005035
16 7 5 10000 0.005024
16 7 5 10000 0.005015
16 7 5 10000 0.00503
