16 3 1 100000 0.1436
16 3 1 100000 0.1356
16 3 1 100000 0.1295
16 3 1 100000 0.127
16 3 1 100000 0.1277
16 3 1 100000 0.1277
16 3 1 85000 0.1153
16 3 1 85000 0.1123
16 3 1 85000 0.1138
16 3 1 85000 0.1133
16 3 1 85000 0.1141
16 3 1 85000 0.1145
16 3 1 85000 0.1139
16 3 1 75000 0.1054
16 3 1 75000 0.1088
16 3 1 75000 0.1062
16 3 1 75000 0.1088
16 3 1 75000 0.1089
16 3 1 75000 0.1091
16 3 1 50000 0.08483
16 3 1 50000 0.08372
16 3 1 50000 0.08545
16 3 1 50000 0.08578
16 3 1 50000 0.0841
16 3 1 50000 0.08589
16 3 1 50000 0.0859
16 3 1 35000 0.06187
16 3 1 35000 0.06389
16 3 1 35000 0.06404
16 3 1 35000 0.06374
16 3 1 35000 0.06194
16 3 1 25000 0.04545
16 3 1 25000 0.04572
16 3 1 25000 0.04518
16 3 1 25000 0.0454
16 3 1 25000 0.04583
16 3 1 25000 0.04553
16 3 1 15000 0.02828
16 3 1 15000 0.02819
16 3 1 15000 0.0282
16 3 1 15000 0.02804
16 3 1 15000 0.02797
16 3 1 15000 0.02817
16 3 1 15000 0.02792
16 3 1 10000 0.01916
16 3 1 10000 0.01913
16 3 1 10000 0.01944
16 3 1 10000 0.0196
16 3 1 10000 0.01923
16 3 1 10000 0.01942
16 3 2 113554 0.1428
16 3 2 107503 0.1344
16 3 2 106411 0.1355
16 3 2 101330 0.1319
16 3 2 100505 0.1293
16 3 2 97376 0.1269
16 3 2 92533 0.1202
16 3 2 87254 0.1141
16 3 2 86238 0.1143
16 3 2 83126 0.1096
16 3 2 82558 0.109
16 3 2 81620 0.1095
16 3 2 79564 0.1082
16 3 2 78575 0.1059
16 3 2 78097 0.1069
16 3 2 77761 0.1075
16 3 2 75438 0.1055
16 3 2 74086 0.1037
16 3 2 71940 0.1028
16 3 2 53300 0.08615
16 3 2 52259 0.08625
16 3 2 51141 0.08392
16 3 2 51124 0.08409
16 3 2 49791 0.08083
16 3 2 47468 0.07877
16 3 2 36662 0.06278
16 3 2 36662 0.06319
16 3 2 36312 0.06305
16 3 2 36209 0.06345
16 3 2 35095 0.0617
16 3 2 35087 0.06096
16 3 2 25844 0.04686
16 3 2 25817 0.04718
16 3 2 25695 0.04619
16 3 2 25242 0.04656
16 3 2 24948 0.04583
16 3 2 24667 0.04581
16 3 2 24190 0.04453
16 3 2 15295 0.02848
16 3 2 15271 0.02911
16 3 2 15184 0.02858
16 3 2 15018 0.02835
16 3 2 14978 0.02848
16 3 2 14812 0.0288
16 3 2 10133 0.0198
16 3 2 10114 0.01968
16 3 2 10078 0.01956
16 3 2 10023 0.01941
16 3 2 9942 0.01956
16 3 2 9876 0.01947
16 3 3 122681 0.1444
16 3 3 113902 0.1376
16 3 3 113381 0.1388
16 3 3 101654 0.127
16 3 3 99032 0.1258
16 3 3 95903 0.1165
16 3 3 93137 0.1207
16 3 3 88986 0.1158
16 3 3 88508 0.1136
16 3 3 85397 0.1117
16 3 3 85262 0.1116
16 3 3 83194 0.1113
16 3 3 82537 0.1112
16 3 3 79665 0.1083
16 3 3 78398 0.1067
16 3 3 77689 0.1076
16 3 3 76128 0.1055
16 3 3 74011 0.104
16 3 3 70251 0.1016
16 3 3 56924 0.0911
16 3 3 52996 0.08631
16 3 3 52242 0.08471
16 3 3 51748 0.08361
16 3 3 48303 0.07955
16 3 3 47423 0.07699
16 3 3 38191 0.06468
16 3 3 37580 0.06395
16 3 3 36895 0.06282
16 3 3 36072 0.06328
16 3 3 35131 0.06212
16 3 3 34073 0.05944
16 3 3 33142 0.0578
16 3 3 26452 0.04767
16 3 3 25714 0.04753
16 3 3 24982 0.04528
16 3 3 24900 0.04556
16 3 3 24477 0.04495
16 3 3 23413 0.04358
16 3 3 15365 0.03008
16 3 3 15190 0.02865
16 3 3 15098 0.02879
16 3 3 15058 0.02888
16 3 3 14973 0.02855
16 3 3 10249 0.02118
16 3 3 10184 0.0199
16 3 3 10154 0.02022
16 3 3 10109 0.02
16 3 3 10060 0.02024
16 3 3 9940 0.01939
16 3 3 9875 0.01981
16 3 4 137251 0.2666
16 3 4 119136 0.1429
16 3 4 111224 0.1384
16 3 4 105435 0.1318
16 3 4 101821 0.1278
16 3 4 97749 0.1247
16 3 4 94295 0.1218
16 3 4 93417 0.1208
16 3 4 90492 0.1183
16 3 4 87742 0.1138
16 3 4 85211 0.1133
16 3 4 83267 0.1109
16 3 4 83007 0.1055
16 3 4 82662 0.1105
16 3 4 81468 0.1085
16 3 4 80802 0.1091
16 3 4 76443 0.1044
16 3 4 75241 0.1052
16 3 4 62977 0.09518
16 3 4 59588 0.09257
16 3 4 56069 0.08894
16 3 4 53991 0.08689
16 3 4 50732 0.08116
16 3 4 49305 0.08226
16 3 4 46762 0.07839
16 3 4 44986 0.07613
16 3 4 38740 0.06565
16 3 4 37053 0.06314
16 3 4 35649 0.06326
16 3 4 34169 0.05995
16 3 4 33083 0.05785
16 3 4 27233 0.04961
16 3 4 27099 0.04936
16 3 4 26041 0.04824
16 3 4 25743 0.0473
16 3 4 25375 0.04592
16 3 4 24990 0.0457
16 3 4 24347 0.04435
16 3 4 15678 0.0304
16 3 4 15394 0.03004
16 3 4 15138 0.02903
16 3 4 15045 0.02905
16 3 4 14849 0.02888
16 3 4 14694 0.02839
16 3 4 10265 0.02149
16 3 4 10130 0.02009
16 3 4 10079 0.02005
16 3 4 9986 0.02007
16 3 4 9944 0.01935
16 3 4 9888 0.01983
16 3 5 136037 0.2671
16 3 5 119754 0.1436
16 3 5 117080 0.14
16 3 5 107948 0.1308
16 3 5 103902 0.131
16 3 5 100322 0.1263
16 3 5 96627 0.1232
16 3 5 92347 0.1197
16 3 5 90526 0.1162
16 3 5 88608 0.1144
16 3 5 86877 0.1139
16 3 5 84939 0.112
16 3 5 84469 0.1116
16 3 5 84052 0.111
16 3 5 81546 0.1084
16 3 5 80316 0.1076
16 3 5 79231 0.1027
16 3 5 75428 0.1031
16 3 5 73638 0.1026
16 3 5 57273 0.0894
16 3 5 54748 0.087
16 3 5 52696 0.08517
16 3 5 51792 0.0833
16 3 5 49049 0.07934
16 3 5 48076 0.07973
16 3 5 39870 0.06657
16 3 5 39870 0.06636
16 3 5 37282 0.06358
16 3 5 36419 0.06278
16 3 5 35091 0.06124
16 3 5 34101 0.05964
16 3 5 27594 0.05039
16 3 5 27172 0.04904
16 3 5 26118 0.04741
16 3 5 25603 0.04751
16 3 5 25160 0.04634
16 3 5 24785 0.04549
16 3 5 24138 0.04432
16 3 5 15725 0.02986
16 3 5 15382 0.02968
16 3 5 15323 0.02902
16 3 5 15193 0.02921
16 3 5 14926 0.02882
16 3 5 14515 0.0286
16 3 5 10301 0.02146
16 3 5 10151 0.02035
16 3 5 10079 0.01962
16 3 5 10026 0.0196
16 3 5 9929 0.01979
16 3 5 9824 0.01999
