16 7 1 100000 0.07605
16 7 1 100000 0.07347
16 7 1 100000 0.07374
16 7 1 100000 0.07164
16 7 1 100000 0.07181
16 7 1 100000 0.07248
16 7 1 100000 0.07163
16 7 1 85000 0.06275
16 7 1 85000 0.06234
16 7 1 85000 0.06221
16 7 1 85000 0.06239
16 7 1 85000 0.0624
16 7 1 75000 0.05208
16 7 1 75000 0.05251
16 7 1 75000 0.05227
16 7 1 75000 0.05285
16 7 1 75000 0.053
16 7 1 75000 0.05343
16 7 1 75000 0.06411
16 7 1 50000 0.03309
16 7 1 50000 0.0316
16 7 1 50000 0.03179
16 7 1 50000 0.03145
16 7 1 50000 0.03157
16 7 1 50000 0.03121
16 7 1 35000 0.02099
16 7 1 35000 0.0212
16 7 1 35000 0.02104
16 7 1 35000 0.02078
16 7 1 35000 0.02088
16 7 1 35000 0.02099
16 7 1 35000 0.02125
16 7 1 25000 0.01005
16 7 1 25000 0.009934
16 7 1 25000 0.009924
16 7 1 25000 0.009899
16 7 1 25000 0.01005
16 7 1 25000 0.009856
16 7 1 15000 0.006486
16 7 1 15000 0.006489
16 7 1 15000 0.006584
16 7 1 15000 0.006613
16 7 1 15000 0.006594
16 7 1 10000 0.005113
16 7 1 10000 0.005076
16 7 1 10000 0.005106
16 7 1 10000 0.005133
16 7 1 10000 0.005046
16 7 1 10000 0.005054
16 7 1 10000 0.005113
16 7 2 100000 0.07396
16 7 2 100000 0.07276
16 7 2 100000 0.07359
16 7 2 100000 0.07308
16 7 2 100000 0.07335
16 7 2 100000 0.07326
16 7 2 100000 0.07317
16 7 2 85000 0.06339
16 7 2 85000 0.06339
16 7 2 85000 0.06378
16 7 2 85000 0.06341
16 7 2 85000 0.06416
16 7 2 75000 0.05388
16 7 2 75000 0.05386
16 7 2 75000 0.05368
16 7 2 75000 0.05356
16 7 2 75000 0.05364
16 7 2 75000 0.0534
16 7 2 75000 0.05332
16 7 2 50000 0.03161
16 7 2 50000 0.0313
16 7 2 50000 0.03132
16 7 2 50000 0.03162
16 7 2 50000 0.03144
16 7 2 50000 0.0318
16 7 2 35000 0.02107
16 7 2 35000 0.02107
16 7 2 35000 0.02094
16 7 2 35000 0.02102
16 7 2 35000 0.0209
16 7 2 35000 0.0209
16 7 2 35000 0.02095
16 7 2 25000 0.0101
16 7 2 25000 0.009912
16 7 2 25000 0.009899
16 7 2 25000 0.009962
16 7 2 25000 0.00983
16 7 2 25000 0.01008
16 7 2 15000 0.00655
16 7 2 15000 0.006544
16 7 2 15000 0.006494
16 7 2 15000 0.006646
16 7 2 15000 0.006605
16 7 2 10000 0.005131
16 7 2 10000 0.005084
16 7 2 10000 0.005084
16 7 2 10000 0.00514
16 7 2 10000 0.005106
16 7 2 10000 0.005095
16 7 2 10000 0.005109
16 7 3 100000 0.07328
16 7 3 100000 0.0731
16 7 3 100000 0.07395
16 7 3 100000 0.07323
16 7 3 100000 0.07303
16 7 3 100000 0.07262
16 7 3 100000 0.07281
16 7 3 85000 0.06348
16 7 3 85000 0.06333
16 7 3 85000 0.06327
16 7 3 85000 0.06362
16 7 3 85000 0.06311
16 7 3 75000 0.05284
16 7 3 75000 0.05321
16 7 3 75000 0.05271
16 7 3 75000 0.05315
16 7 3 75000 0.05321
16 7 3 75000 0.05367
16 7 3 75000 0.0536
16 7 3 50000 0.03129
16 7 3 50000 0.03116
16 7 3 50000 0.0319
16 7 3 50000 0.03162
16 7 3 50000 0.03156
16 7 3 50000 0.03149
16 7 3 35000 0.02082
16 7 3 35000 0.02073
16 7 3 35000 0.02087
16 7 3 35000 0.02084
16 7 3 35000 0.02125
16 7 3 35000 0.02091
16 7 3 35000 0.02099
16 7 3 25000 0.009991
16 7 3 25000 0.01
16 7 3 25000 0.009909
16 7 3 25000 0.009885
16 7 3 25000 0.01005
16 7 3 25000 0.009884
16 7 3 15000 0.006545
16 7 3 15000 0.00659
16 7 3 15000 0.006439
16 7 3 15000 0.006527
16 7 3 15000 0.006627
16 7 3 10000 0.0051
16 7 3 10000 0.005119
16 7 3 10000 0.005152
16 7 3 10000 0.01055
16 7 3 10000 0.00515
16 7 3 10000 0.005128
16 7 3 10000 0.005131
16 7 4 100000 0.07559
16 7 4 100000 0.0727
16 7 4 100000 0.07329
16 7 4 100000 0.07271
16 7 4 100000 0.07299
16 7 4 100000 0.07375
16 7 4 100000 0.07329
16 7 4 85000 0.06302
16 7 4 85000 0.06285
16 7 4 85000 0.06334
16 7 4 85000 0.06297
16 7 4 85000 0.06361
16 7 4 75000 0.05305
16 7 4 75000 0.05291
16 7 4 75000 0.05321
16 7 4 75000 0.05313
16 7 4 75000 0.05338
16 7 4 75000 0.05314
16 7 4 75000 0.05313
16 7 4 50000 0.03152
16 7 4 50000 0.03132
16 7 4 50000 0.03164
16 7 4 50000 0.03143
16 7 4 50000 0.03137
16 7 4 50000 0.03156
16 7 4 35000 0.02076
16 7 4 35000 0.02089
16 7 4 35000 0.02122
16 7 4 35000 0.02106
16 7 4 35000 0.021
16 7 4 35000 0.02081
16 7 4 35000 0.02102
16 7 4 25000 0.00989
16 7 4 25000 0.009752
16 7 4 25000 0.009936
16 7 4 25000 0.009869
16 7 4 25000 0.009917
16 7 4 25000 0.009893
16 7 4 15000 0.006574
16 7 4 15000 0.00653
16 7 4 15000 0.006577
16 7 4 15000 0.006545
16 7 4 15000 0.006602
16 7 4 10000 0.00509
16 7 4 10000 0.005114
16 7 4 10000 0.005126
16 7 4 10000 0.005137
16 7 4 10000 0.005129
16 7 4 10000 0.00509
16 7 4 10000 0.005118
16 7 5 100000 0.1088
16 7 5 100000 0.109
16 7 5 100000 0.1111
16 7 5 100000 0.1095
16 7 5 100000 0.116
16 7 5 100000 0.1005
16 7 5 100000 0.08558
16 7 5 85000 0.06379
16 7 5 85000 0.06375
16 7 5 85000 0.07813
16 7 5 85000 0.06381
16 7 5 85000 0.06364
16 7 5 75000 0.05388
16 7 5 75000 0.06548
16 7 5 75000 0.05334
16 7 5 75000 0.0537
16 7 5 75000 0.06216
16 7 5 75000 0.05755
16 7 5 75000 0.05373
16 7 5 50000 0.03219
16 7 5 50000 0.032
16 7 5 50000 0.0319
16 7 5 50000 0.03172
16 7 5 50000 0.03201
16 7 5 50000 0.03152
16 7 5 35000 0.02113
16 7 5 35000 0.02087
16 7 5 35000 0.02119
16 7 5 35000 0.02129
16 7 5 35000 0.02106
16 7 5 35000 0.02121
16 7 5 35000 0.02117
16 7 5 25000 0.01009
16 7 5 25000 0.01005
16 7 5 25000 0.009983
16 7 5 25000 0.009891
16 7 5 25000 0.01006
16 7 5 25000 0.01005
16 7 5 15000 0.006615
16 7 5 15000 0.006613
16 7 5 15000 0.006606
16 7 5 15000 0.00655
16 7 5 15000 0.006588
16 7 5 10000 0.00515
16 7 5 10000 0.005197
16 7 5 10000 0.005135
16 7 5 10000 0.005084
16 7 5 10000 0.00514
16 7 5 10000 0.005121
16 7 5 10000 0.00509
