4 1 1 100000 0.1725
4 1 1 100000 0.1335
4 1 1 100000 0.1573
4 1 1 100000 0.1584
4 1 1 100000 0.1593
4 1 1 100000 0.157
4 1 1 100000 0.1621
4 1 1 100000 0.1593
4 1 1 100000 0.115
4 1 1 100000 0.1112
4 1 1 100000 0.1121
4 1 1 100000 0.1092
4 1 1 100000 0.1099
4 1 1 100000 0.08717
4 1 1 100000 0.07364
4 1 1 100000 0.07342
4 1 1 100000 0.07377
4 1 1 100000 0.07284
4 1 1 100000 0.0744
4 1 1 100000 0.07262
4 1 1 100000 0.07295
4 1 1 100000 0.07245
4 1 1 100000 0.07329
4 1 1 100000 0.07378
4 1 1 100000 0.07299
4 1 1 85000 0.1189
4 1 1 85000 0.1184
4 1 1 85000 0.1186
4 1 1 85000 0.1163
4 1 1 85000 0.1171
4 1 1 85000 0.1171
4 1 1 85000 0.1172
4 1 1 85000 0.1178
4 1 1 85000 0.06338
4 1 1 85000 0.06273
4 1 1 85000 0.06289
4 1 1 85000 0.06314
4 1 1 85000 0.06333
4 1 1 85000 0.06387
4 1 1 85000 0.06264
4 1 1 85000 0.06295
4 1 1 85000 0.06376
4 1 1 85000 0.06362
4 1 1 85000 0.06324
4 1 1 85000 0.06391
4 1 1 85000 0.06313
4 1 1 85000 0.06364
4 1 1 85000 0.06345
4 1 1 85000 0.06352
4 1 1 85000 0.06259
4 1 1 75000 0.1098
4 1 1 75000 0.11
4 1 1 75000 0.1089
4 1 1 75000 0.1092
4 1 1 75000 0.1072
4 1 1 75000 0.1088
4 1 1 75000 0.1094
4 1 1 75000 0.1091
4 1 1 75000 0.05355
4 1 1 75000 0.0526
4 1 1 75000 0.05277
4 1 1 75000 0.05392
4 1 1 75000 0.05269
4 1 1 75000 0.05245
4 1 1 75000 0.05291
4 1 1 75000 0.05272
4 1 1 75000 0.053
4 1 1 75000 0.05333
4 1 1 75000 0.05315
4 1 1 75000 0.05336
4 1 1 75000 0.05334
4 1 1 75000 0.05352
4 1 1 75000 0.05331
4 1 1 75000 0.05324
4 1 1 75000 0.05256
4 1 1 50000 0.08556
4 1 1 50000 0.08278
4 1 1 50000 0.08506
4 1 1 50000 0.08644
4 1 1 50000 0.08506
4 1 1 50000 0.08507
4 1 1 50000 0.08442
4 1 1 50000 0.08432
4 1 1 50000 0.03048
4 1 1 50000 0.03058
4 1 1 50000 0.03117
4 1 1 50000 0.03079
4 1 1 50000 0.031
4 1 1 50000 0.0305
4 1 1 50000 0.0306
4 1 1 50000 0.03077
4 1 1 50000 0.0305
4 1 1 50000 0.03069
4 1 1 50000 0.03085
4 1 1 50000 0.03053
4 1 1 50000 0.03054
4 1 1 50000 0.03063
4 1 1 50000 0.03068
4 1 1 50000 0.0307
4 1 1 50000 0.0305
4 1 1 35000 0.0634
4 1 1 35000 0.06343
4 1 1 35000 0.0634
4 1 1 35000 0.06146
4 1 1 35000 0.06197
4 1 1 35000 0.06206
4 1 1 35000 0.06195
4 1 1 35000 0.06263
4 1 1 35000 0.02085
4 1 1 35000 0.0209
4 1 1 35000 0.021
4 1 1 35000 0.02086
4 1 1 35000 0.02102
4 1 1 35000 0.02119
4 1 1 35000 0.02694
4 1 1 35000 0.02665
4 1 1 35000 0.02088
4 1 1 35000 0.02071
4 1 1 35000 0.02089
4 1 1 35000 0.02085
4 1 1 35000 0.02099
4 1 1 35000 0.02092
4 1 1 35000 0.02104
4 1 1 35000 0.02124
4 1 1 35000 0.0212
4 1 1 25000 0.04623
4 1 1 25000 0.04517
4 1 1 25000 0.0453
4 1 1 25000 0.04575
4 1 1 25000 0.04495
4 1 1 25000 0.04549
4 1 1 25000 0.04588
4 1 1 25000 0.04572
4 1 1 25000 0.01018
4 1 1 25000 0.009964
4 1 1 25000 0.009817
4 1 1 25000 0.009943
4 1 1 25000 0.01006
4 1 1 25000 0.009919
4 1 1 25000 0.009865
4 1 1 25000 0.01009
4 1 1 25000 0.009823
4 1 1 25000 0.01014
4 1 1 25000 0.01007
4 1 1 25000 0.009957
4 1 1 25000 0.009979
4 1 1 25000 0.01007
4 1 1 25000 0.009935
4 1 1 25000 0.009813
4 1 1 25000 0.009964
4 1 1 15000 0.02815
4 1 1 15000 0.02828
4 1 1 15000 0.02763
4 1 1 15000 0.02829
4 1 1 15000 0.02812
4 1 1 15000 0.02798
4 1 1 15000 0.02854
4 1 1 15000 0.02786
4 1 1 15000 0.006518
4 1 1 15000 0.0065
4 1 1 15000 0.006455
4 1 1 15000 0.006584
4 1 1 15000 0.006445
4 1 1 15000 0.00656
4 1 1 15000 0.006633
4 1 1 15000 0.006466
4 1 1 15000 0.006459
4 1 1 15000 0.006386
4 1 1 15000 0.006506
4 1 1 15000 0.006578
4 1 1 15000 0.006492
4 1 1 15000 0.006492
4 1 1 15000 0.006604
4 1 1 15000 0.006434
4 1 1 15000 0.006556
4 1 1 10000 0.01943
4 1 1 10000 0.01965
4 1 1 10000 0.01922
4 1 1 10000 0.01949
4 1 1 10000 0.01929
4 1 1 10000 0.01929
4 1 1 10000 0.01944
4 1 1 10000 0.0196
4 1 1 10000 0.005214
4 1 1 10000 0.005189
4 1 1 10000 0.005102
4 1 1 10000 0.005217
4 1 1 10000 0.005131
4 1 1 10000 0.005129
4 1 1 10000 0.005116
4 1 1 10000 0.005171
4 1 1 10000 0.005093
4 1 1 10000 0.005091
4 1 1 10000 0.005108
4 1 1 10000 0.005127
4 1 1 10000 0.005158
4 1 1 10000 0.005121
4 1 1 10000 0.005162
4 1 1 10000 0.00517
4 1 1 10000 0.005163
4 1 2 112345 0.1529
4 1 2 109028 0.1456
4 1 2 107167 0.1328
4 1 2 103652 0.136
4 1 2 103145 0.1337
4 1 2 100000 0.07386
4 1 2 100000 0.07381
4 1 2 100000 0.07371
4 1 2 100000 0.0733
4 1 2 100000 0.07434
4 1 2 100000 0.07427
4 1 2 100000 0.07359
4 1 2 100000 0.07345
4 1 2 100000 0.07412
4 1 2 100000 0.07443
4 1 2 100000 0.07335
4 1 2 100000 0.0741
4 1 2 100000 0.07385
4 1 2 100000 0.07449
4 1 2 100000 0.0743
4 1 2 100000 0.0745
4 1 2 100000 0.07419
4 1 2 100000 0.07347
4 1 2 94439 0.1272
4 1 2 93415 0.1238
4 1 2 92861 0.1212
4 1 2 90356 0.1205
4 1 2 87383 0.1161
4 1 2 85328 0.119
4 1 2 85000 0.06361
4 1 2 85000 0.06299
4 1 2 85000 0.06371
4 1 2 85000 0.06356
4 1 2 85000 0.06308
4 1 2 85000 0.06377
4 1 2 85000 0.06385
4 1 2 85000 0.06355
4 1 2 85000 0.06379
4 1 2 85000 0.06274
4 1 2 85000 0.0634
4 1 2 85000 0.06335
4 1 2 85000 0.06375
4 1 2 85000 0.06315
4 1 2 85000 0.06317
4 1 2 85000 0.06344
4 1 2 84942 0.113
4 1 2 84382 0.1135
4 1 2 82575 0.1136
4 1 2 82557 0.1151
4 1 2 81407 0.109
4 1 2 80858 0.1134
4 1 2 79507 0.1139
4 1 2 78946 0.1112
4 1 2 77622 0.1115
4 1 2 77564 0.1074
4 1 2 75845 0.1101
4 1 2 75000 0.05258
4 1 2 75000 0.05285
4 1 2 75000 0.05291
4 1 2 75000 0.05327
4 1 2 75000 0.05266
4 1 2 75000 0.05329
4 1 2 75000 0.05285
4 1 2 75000 0.0532
4 1 2 75000 0.05316
4 1 2 75000 0.05356
4 1 2 75000 0.05331
4 1 2 75000 0.05345
4 1 2 75000 0.0526
4 1 2 75000 0.05294
4 1 2 75000 0.05313
4 1 2 75000 0.05334
4 1 2 75000 0.05345
4 1 2 73657 0.1065
4 1 2 72912 0.1059
4 1 2 53288 0.08974
4 1 2 53166 0.08854
4 1 2 52889 0.088
4 1 2 52020 0.0874
4 1 2 51057 0.08576
4 1 2 50095 0.08471
4 1 2 50000 0.0305
4 1 2 50000 0.03049
4 1 2 50000 0.03074
4 1 2 50000 0.03096
4 1 2 50000 0.03085
4 1 2 50000 0.03075
4 1 2 50000 0.03079
4 1 2 50000 0.03102
4 1 2 50000 0.0306
4 1 2 50000 0.03081
4 1 2 50000 0.03061
4 1 2 50000 0.03066
4 1 2 50000 0.03073
4 1 2 50000 0.03059
4 1 2 50000 0.03068
4 1 2 50000 0.03076
4 1 2 50000 0.03067
4 1 2 48220 0.08246
4 1 2 46698 0.0808
4 1 2 36662 0.06355
4 1 2 36657 0.06479
4 1 2 36312 0.06201
4 1 2 36222 0.06436
4 1 2 35938 0.06356
4 1 2 35612 0.06338
4 1 2 35000 0.02093
4 1 2 35000 0.02092
4 1 2 35000 0.02081
4 1 2 35000 0.0211
4 1 2 35000 0.02089
4 1 2 35000 0.02104
4 1 2 35000 0.02093
4 1 2 35000 0.02114
4 1 2 35000 0.02116
4 1 2 35000 0.02098
4 1 2 35000 0.02122
4 1 2 35000 0.02095
4 1 2 35000 0.02108
4 1 2 35000 0.02085
4 1 2 35000 0.02088
4 1 2 35000 0.02103
4 1 2 35000 0.02109
4 1 2 34387 0.06014
4 1 2 33687 0.05932
4 1 2 25839 0.04605
4 1 2 25728 0.04629
4 1 2 25447 0.04592
4 1 2 25000 0.00984
4 1 2 25000 0.01014
4 1 2 25000 0.01002
4 1 2 25000 0.009874
4 1 2 25000 0.01001
4 1 2 25000 0.01009
4 1 2 25000 0.009901
4 1 2 25000 0.009797
4 1 2 25000 0.01008
4 1 2 25000 0.009954
4 1 2 25000 0.009993
4 1 2 25000 0.01004
4 1 2 25000 0.01007
4 1 2 25000 0.01005
4 1 2 25000 0.01004
4 1 2 25000 0.0101
4 1 2 25000 0.01002
4 1 2 24953 0.04625
4 1 2 24915 0.04485
4 1 2 24819 0.04539
4 1 2 24283 0.04432
4 1 2 24242 0.04453
4 1 2 15303 0.02849
4 1 2 15292 0.02871
4 1 2 15271 0.02832
4 1 2 15188 0.02835
4 1 2 15127 0.02841
4 1 2 15009 0.02867
4 1 2 15000 0.006583
4 1 2 15000 0.006532
4 1 2 15000 0.006376
4 1 2 15000 0.006522
4 1 2 15000 0.006648
4 1 2 15000 0.006489
4 1 2 15000 0.006518
4 1 2 15000 0.00654
4 1 2 15000 0.006484
4 1 2 15000 0.00654
4 1 2 15000 0.006624
4 1 2 15000 0.00657
4 1 2 15000 0.006489
4 1 2 15000 0.006636
4 1 2 15000 0.006533
4 1 2 15000 0.006528
4 1 2 14997 0.02854
4 1 2 14910 0.02869
4 1 2 14814 0.02794
4 1 2 10135 0.01925
4 1 2 10131 0.01953
4 1 2 10121 0.02
4 1 2 10111 0.01907
4 1 2 10099 0.01994
4 1 2 10000 0.005189
4 1 2 10000 0.005206
4 1 2 10000 0.005247
4 1 2 10000 0.005062
4 1 2 10000 0.005179
4 1 2 10000 0.005138
4 1 2 10000 0.005145
4 1 2 10000 0.005141
4 1 2 10000 0.005095
4 1 2 10000 0.005191
4 1 2 10000 0.00515
4 1 2 10000 0.005142
4 1 2 10000 0.005107
4 1 2 10000 0.005125
4 1 2 10000 0.00519
4 1 2 10000 0.005239
4 1 2 10000 0.005237
4 1 2 9980 0.01908
4 1 2 9934 0.0194
4 1 2 9873 0.01955
4 1 3 115445 0.1477
4 1 3 113592 0.1454
4 1 3 107089 0.1365
4 1 3 104930 0.132
4 1 3 102997 0.1351
4 1 3 100926 0.1335
4 1 3 100360 0.1329
4 1 3 100000 0.07407
4 1 3 100000 0.07443
4 1 3 100000 0.07383
4 1 3 100000 0.07387
4 1 3 100000 0.07374
4 1 3 100000 0.07332
4 1 3 100000 0.07392
4 1 3 100000 0.07309
4 1 3 100000 0.07379
4 1 3 100000 0.0729
4 1 3 100000 0.07341
4 1 3 100000 0.07427
4 1 3 100000 0.07348
4 1 3 100000 0.07308
4 1 3 100000 0.07388
4 1 3 100000 0.07339
4 1 3 100000 0.07386
4 1 3 97154 0.1303
4 1 3 94376 0.126
4 1 3 93222 0.1246
4 1 3 90999 0.1217
4 1 3 90672 0.1234
4 1 3 88068 0.1189
4 1 3 87673 0.1182
4 1 3 85759 0.114
4 1 3 85000 0.06392
4 1 3 85000 0.06258
4 1 3 85000 0.06359
4 1 3 85000 0.06275
4 1 3 85000 0.06299
4 1 3 85000 0.06293
4 1 3 85000 0.06336
4 1 3 85000 0.06332
4 1 3 85000 0.0635
4 1 3 85000 0.0636
4 1 3 85000 0.06316
4 1 3 85000 0.06354
4 1 3 85000 0.0633
4 1 3 85000 0.06369
4 1 3 85000 0.06321
4 1 3 85000 0.06305
4 1 3 85000 0.06293
4 1 3 84256 0.1145
4 1 3 83116 0.1157
4 1 3 83064 0.1139
4 1 3 79797 0.112
4 1 3 78295 0.1108
4 1 3 76875 0.1103
4 1 3 75000 0.05284
4 1 3 75000 0.05296
4 1 3 75000 0.05306
4 1 3 75000 0.05373
4 1 3 75000 0.05333
4 1 3 75000 0.05284
4 1 3 75000 0.05293
4 1 3 75000 0.05323
4 1 3 75000 0.05362
4 1 3 75000 0.05288
4 1 3 75000 0.05333
4 1 3 75000 0.05297
4 1 3 75000 0.05291
4 1 3 75000 0.05305
4 1 3 75000 0.05317
4 1 3 75000 0.0528
4 1 3 75000 0.05309
4 1 3 74104 0.1047
4 1 3 72646 0.1069
4 1 3 71590 0.105
4 1 3 56157 0.09245
4 1 3 55348 0.09188
4 1 3 53605 0.08939
4 1 3 52370 0.08848
4 1 3 51815 0.08885
4 1 3 50000 0.03072
4 1 3 50000 0.03035
4 1 3 50000 0.03077
4 1 3 50000 0.0306
4 1 3 50000 0.03053
4 1 3 50000 0.03063
4 1 3 50000 0.03075
4 1 3 50000 0.03087
4 1 3 50000 0.03061
4 1 3 50000 0.03036
4 1 3 50000 0.0307
4 1 3 50000 0.03056
4 1 3 50000 0.03069
4 1 3 50000 0.03041
4 1 3 50000 0.03054
4 1 3 50000 0.03061
4 1 3 50000 0.03026
4 1 3 50000 0.03038
4 1 3 47701 0.07956
4 1 3 46645 0.08077
4 1 3 37695 0.06303
4 1 3 36754 0.06434
4 1 3 35968 0.06313
4 1 3 35824 0.06429
4 1 3 35673 0.06243
4 1 3 35418 0.06223
4 1 3 35000 0.02092
4 1 3 35000 0.02077
4 1 3 35000 0.02079
4 1 3 35000 0.0208
4 1 3 35000 0.02087
4 1 3 35000 0.02092
4 1 3 35000 0.02084
4 1 3 35000 0.02102
4 1 3 35000 0.02091
4 1 3 35000 0.02068
4 1 3 35000 0.0208
4 1 3 35000 0.02086
4 1 3 35000 0.02075
4 1 3 35000 0.02072
4 1 3 35000 0.02085
4 1 3 35000 0.0209
4 1 3 35000 0.02089
4 1 3 34500 0.06123
4 1 3 33196 0.05777
4 1 3 26530 0.04687
4 1 3 26310 0.04685
4 1 3 25559 0.04668
4 1 3 25278 0.04492
4 1 3 25178 0.04639
4 1 3 25028 0.0459
4 1 3 25000 0.01001
4 1 3 25000 0.01001
4 1 3 25000 0.009957
4 1 3 25000 0.009785
4 1 3 25000 0.01001
4 1 3 25000 0.009837
4 1 3 25000 0.009873
4 1 3 25000 0.01013
4 1 3 25000 0.009886
4 1 3 25000 0.009825
4 1 3 25000 0.01001
4 1 3 25000 0.01
4 1 3 25000 0.009663
4 1 3 25000 0.009865
4 1 3 25000 0.01195
4 1 3 25000 0.01
4 1 3 24958 0.04557
4 1 3 24907 0.04545
4 1 3 24437 0.04441
4 1 3 15576 0.03048
4 1 3 15494 0.02963
4 1 3 15344 0.02872
4 1 3 15315 0.02914
4 1 3 15083 0.02808
4 1 3 15000 0.006609
4 1 3 15000 0.006486
4 1 3 15000 0.00652
4 1 3 15000 0.00651
4 1 3 15000 0.006552
4 1 3 15000 0.006547
4 1 3 15000 0.006441
4 1 3 15000 0.006372
4 1 3 15000 0.006689
4 1 3 15000 0.006506
4 1 3 15000 0.006604
4 1 3 15000 0.00655
4 1 3 15000 0.00641
4 1 3 15000 0.006488
4 1 3 15000 0.006459
4 1 3 15000 0.006464
4 1 3 15000 0.006588
4 1 3 14976 0.02859
4 1 3 14859 0.02848
4 1 3 14756 0.0284
4 1 3 10260 0.02102
4 1 3 10221 0.02025
4 1 3 10196 0.02005
4 1 3 10125 0.01949
4 1 3 10059 0.01978
4 1 3 10002 0.01904
4 1 3 10000 0.005219
4 1 3 10000 0.005114
4 1 3 10000 0.005145
4 1 3 10000 0.005121
4 1 3 10000 0.005081
4 1 3 10000 0.005077
4 1 3 10000 0.005093
4 1 3 10000 0.005067
4 1 3 10000 0.00514
4 1 3 10000 0.005163
4 1 3 10000 0.005153
4 1 3 10000 0.005071
4 1 3 10000 0.005155
4 1 3 10000 0.005109
4 1 3 10000 0.005131
4 1 3 10000 0.005128
4 1 3 10000 0.005046
4 1 3 9869 0.0197
4 1 3 9854 0.01985
4 1 4 117890 0.1512
4 1 4 113494 0.1455
4 1 4 112655 0.1422
4 1 4 111030 0.1428
4 1 4 108347 0.1399
4 1 4 106102 0.1364
4 1 4 100000 0.07405
4 1 4 100000 0.07343
4 1 4 100000 0.07308
4 1 4 100000 0.07334
4 1 4 100000 0.07337
4 1 4 100000 0.07379
4 1 4 100000 0.07429
4 1 4 100000 0.07291
4 1 4 100000 0.07415
4 1 4 100000 0.0736
4 1 4 100000 0.07394
4 1 4 100000 0.07344
4 1 4 100000 0.07336
4 1 4 100000 0.07424
4 1 4 100000 0.07306
4 1 4 100000 0.07367
4 1 4 100000 0.07422
4 1 4 99921 0.1297
4 1 4 98603 0.1311
4 1 4 97302 0.1303
4 1 4 94730 0.1249
4 1 4 94214 0.1267
4 1 4 92457 0.1242
4 1 4 90171 0.119
4 1 4 89271 0.12
4 1 4 87156 0.1188
4 1 4 85617 0.1185
4 1 4 85229 0.1148
4 1 4 85000 0.06368
4 1 4 85000 0.06331
4 1 4 85000 0.06325
4 1 4 85000 0.06379
4 1 4 85000 0.0628
4 1 4 85000 0.06363
4 1 4 85000 0.06344
4 1 4 85000 0.06321
4 1 4 85000 0.06355
4 1 4 85000 0.06325
4 1 4 85000 0.06296
4 1 4 85000 0.06315
4 1 4 85000 0.06355
4 1 4 85000 0.06306
4 1 4 85000 0.06271
4 1 4 85000 0.06419
4 1 4 84937 0.1168
4 1 4 82306 0.1147
4 1 4 80704 0.109
4 1 4 79724 0.1133
4 1 4 78150 0.1112
4 1 4 76987 0.1102
4 1 4 76035 0.1105
4 1 4 75000 0.05245
4 1 4 75000 0.05195
4 1 4 75000 0.05324
4 1 4 75000 0.05255
4 1 4 75000 0.05311
4 1 4 75000 0.05291
4 1 4 75000 0.05333
4 1 4 75000 0.05307
4 1 4 75000 0.05293
4 1 4 75000 0.05295
4 1 4 75000 0.05302
4 1 4 75000 0.05274
4 1 4 75000 0.05304
4 1 4 75000 0.05338
4 1 4 75000 0.05344
4 1 4 75000 0.05274
4 1 4 75000 0.05387
4 1 4 75000 0.05245
4 1 4 59490 0.09673
4 1 4 55281 0.09115
4 1 4 54194 0.09198
4 1 4 52662 0.08962
4 1 4 51816 0.08677
4 1 4 50775 0.08589
4 1 4 50000 0.03058
4 1 4 50000 0.03047
4 1 4 50000 0.03032
4 1 4 50000 0.03046
4 1 4 50000 0.03026
4 1 4 50000 0.03045
4 1 4 50000 0.03066
4 1 4 50000 0.03042
4 1 4 50000 0.03038
4 1 4 50000 0.03063
4 1 4 50000 0.03057
4 1 4 50000 0.03088
4 1 4 50000 0.03068
4 1 4 50000 0.03075
4 1 4 50000 0.03046
4 1 4 50000 0.03074
4 1 4 50000 0.03072
4 1 4 50000 0.03057
4 1 4 46399 0.07697
4 1 4 37942 0.06473
4 1 4 37674 0.06507
4 1 4 37523 0.06499
4 1 4 37053 0.06505
4 1 4 36072 0.06392
4 1 4 35261 0.0623
4 1 4 35000 0.02098
4 1 4 35000 0.02077
4 1 4 35000 0.02101
4 1 4 35000 0.02079
4 1 4 35000 0.02064
4 1 4 35000 0.02078
4 1 4 35000 0.02056
4 1 4 35000 0.02076
4 1 4 35000 0.02094
4 1 4 35000 0.02084
4 1 4 35000 0.02089
4 1 4 35000 0.02083
4 1 4 35000 0.02077
4 1 4 35000 0.02085
4 1 4 35000 0.02083
4 1 4 35000 0.02084
4 1 4 35000 0.02093
4 1 4 34140 0.06047
4 1 4 33944 0.06019
4 1 4 26135 0.04694
4 1 4 25922 0.04668
4 1 4 25600 0.04788
4 1 4 25548 0.04713
4 1 4 25420 0.04669
4 1 4 25131 0.0473
4 1 4 25000 0.009938
4 1 4 25000 0.01009
4 1 4 25000 0.0098
4 1 4 25000 0.009934
4 1 4 25000 0.00976
4 1 4 25000 0.00975
4 1 4 25000 0.009763
4 1 4 25000 0.009795
4 1 4 25000 0.009934
4 1 4 25000 0.009809
4 1 4 25000 0.009958
4 1 4 25000 0.009886
4 1 4 25000 0.009777
4 1 4 25000 0.009853
4 1 4 25000 0.009957
4 1 4 25000 0.009999
4 1 4 25000 0.009887
4 1 4 24379 0.04547
4 1 4 24259 0.0445
4 1 4 15858 0.03042
4 1 4 15615 0.03045
4 1 4 15414 0.03019
4 1 4 15327 0.02928
4 1 4 15221 0.02958
4 1 4 15201 0.02907
4 1 4 15000 0.006473
4 1 4 15000 0.006466
4 1 4 15000 0.006447
4 1 4 15000 0.006477
4 1 4 15000 0.006593
4 1 4 15000 0.006628
4 1 4 15000 0.006439
4 1 4 15000 0.006331
4 1 4 15000 0.006453
4 1 4 15000 0.006603
4 1 4 15000 0.006561
4 1 4 15000 0.006479
4 1 4 15000 0.006661
4 1 4 15000 0.006449
4 1 4 15000 0.006579
4 1 4 15000 0.006523
4 1 4 15000 0.006578
4 1 4 15000 0.006486
4 1 4 14674 0.02812
4 1 4 10396 0.02169
4 1 4 10251 0.02119
4 1 4 10215 0.01988
4 1 4 10135 0.02014
4 1 4 10101 0.0199
4 1 4 10055 0.01963
4 1 4 10034 0.01994
4 1 4 10000 0.005098
4 1 4 10000 0.005206
4 1 4 10000 0.005084
4 1 4 10000 0.005158
4 1 4 10000 0.005114
4 1 4 10000 0.00513
4 1 4 10000 0.005168
4 1 4 10000 0.00511
4 1 4 10000 0.005166
4 1 4 10000 0.005049
4 1 4 10000 0.005094
4 1 4 10000 0.005133
4 1 4 10000 0.00514
4 1 4 10000 0.005155
4 1 4 10000 0.005087
4 1 4 10000 0.005124
4 1 4 9958 0.01955
4 1 4 9814 0.01943
4 1 5 124957 0.2811
4 1 5 121968 0.1541
4 1 5 121477 0.1511
4 1 5 118109 0.1507
4 1 5 115248 0.1542
4 1 5 111984 0.1639
4 1 5 104189 0.1547
4 1 5 103045 0.1535
4 1 5 102132 0.1536
4 1 5 101074 0.1441
4 1 5 100000 0.0746
4 1 5 100000 0.08111
4 1 5 100000 0.07296
4 1 5 100000 0.07319
4 1 5 100000 0.07413
4 1 5 100000 0.07393
4 1 5 100000 0.07325
4 1 5 100000 0.07389
4 1 5 100000 0.0737
4 1 5 100000 0.0733
4 1 5 100000 0.07372
4 1 5 100000 0.07332
4 1 5 100000 0.07301
4 1 5 100000 0.07377
4 1 5 100000 0.07384
4 1 5 100000 0.07294
4 1 5 100000 0.07267
4 1 5 97515 0.1302
4 1 5 95710 0.1291
4 1 5 91959 0.1246
4 1 5 91100 0.1247
4 1 5 89257 0.1211
4 1 5 85870 0.1175
4 1 5 85671 0.116
4 1 5 85359 0.116
4 1 5 85000 0.0636
4 1 5 85000 0.06289
4 1 5 85000 0.06323
4 1 5 85000 0.06311
4 1 5 85000 0.06314
4 1 5 85000 0.06346
4 1 5 85000 0.06321
4 1 5 85000 0.06315
4 1 5 85000 0.06294
4 1 5 85000 0.06343
4 1 5 85000 0.06366
4 1 5 85000 0.0634
4 1 5 85000 0.06305
4 1 5 85000 0.06325
4 1 5 85000 0.06333
4 1 5 85000 0.06238
4 1 5 85000 0.06202
4 1 5 82513 0.1148
4 1 5 82443 0.1154
4 1 5 80431 0.1111
4 1 5 79533 0.1128
4 1 5 77267 0.1106
4 1 5 76017 0.1116
4 1 5 75000 0.05272
4 1 5 75000 0.05273
4 1 5 75000 0.05277
4 1 5 75000 0.05322
4 1 5 75000 0.05312
4 1 5 75000 0.05375
4 1 5 75000 0.05326
4 1 5 75000 0.05294
4 1 5 75000 0.05388
4 1 5 75000 0.0529
4 1 5 75000 0.05334
4 1 5 75000 0.05307
4 1 5 75000 0.05367
4 1 5 75000 0.05353
4 1 5 75000 0.05312
4 1 5 75000 0.05321
4 1 5 75000 0.05324
4 1 5 64041 0.09783
4 1 5 55540 0.09137
4 1 5 54071 0.09112
4 1 5 53691 0.09001
4 1 5 52563 0.09121
4 1 5 50573 0.08608
4 1 5 50000 0.03042
4 1 5 50000 0.0303
4 1 5 50000 0.03041
4 1 5 50000 0.03047
4 1 5 50000 0.03074
4 1 5 50000 0.03088
4 1 5 50000 0.03076
4 1 5 50000 0.03072
4 1 5 50000 0.03056
4 1 5 50000 0.03064
4 1 5 50000 0.03043
4 1 5 50000 0.03108
4 1 5 50000 0.03048
4 1 5 50000 0.03075
4 1 5 50000 0.03093
4 1 5 50000 0.0306
4 1 5 50000 0.0309
4 1 5 48491 0.08224
4 1 5 44979 0.07743
4 1 5 39226 0.0683
4 1 5 39121 0.06735
4 1 5 38665 0.06709
4 1 5 37769 0.06582
4 1 5 36762 0.06574
4 1 5 36521 0.06462
4 1 5 35000 0.02111
4 1 5 35000 0.02097
4 1 5 35000 0.02091
4 1 5 35000 0.02084
4 1 5 35000 0.02079
4 1 5 35000 0.02083
4 1 5 35000 0.02075
4 1 5 35000 0.0208
4 1 5 35000 0.02336
4 1 5 35000 0.0209
4 1 5 35000 0.02073
4 1 5 35000 0.02094
4 1 5 35000 0.02082
4 1 5 35000 0.02095
4 1 5 35000 0.02078
4 1 5 35000 0.02085
4 1 5 35000 0.0208
4 1 5 34156 0.06028
4 1 5 33453 0.06399
4 1 5 27002 0.0502
4 1 5 26615 0.05055
4 1 5 26304 0.04875
4 1 5 25940 0.04912
4 1 5 25486 0.0477
4 1 5 25198 0.04734
4 1 5 25000 0.01069
4 1 5 25000 0.009783
4 1 5 25000 0.009859
4 1 5 25000 0.01082
4 1 5 25000 0.009775
4 1 5 25000 0.01027
4 1 5 25000 0.01076
4 1 5 25000 0.01072
4 1 5 25000 0.01223
4 1 5 25000 0.01212
4 1 5 25000 0.01222
4 1 5 25000 0.0121
4 1 5 25000 0.01224
4 1 5 25000 0.01236
4 1 5 25000 0.01225
4 1 5 25000 0.01203
4 1 5 25000 0.01233
4 1 5 24720 0.049
4 1 5 24430 0.04844
4 1 5 15795 0.03194
4 1 5 15611 0.03053
4 1 5 15541 0.0319
4 1 5 15360 0.03171
4 1 5 15329 0.03097
4 1 5 15201 0.02931
4 1 5 15160 0.02969
4 1 5 15000 0.007639
4 1 5 15000 0.008252
4 1 5 15000 0.006643
4 1 5 15000 0.006522
4 1 5 15000 0.007141
4 1 5 15000 0.007654
4 1 5 15000 0.007791
4 1 5 15000 0.006859
4 1 5 15000 0.006587
4 1 5 15000 0.006543
4 1 5 15000 0.006903
4 1 5 15000 0.007726
4 1 5 15000 0.007492
4 1 5 15000 0.006775
4 1 5 15000 0.007735
4 1 5 15000 0.00762
4 1 5 15000 0.006776
4 1 5 14934 0.02946
4 1 5 10317 0.02289
4 1 5 10238 0.02152
4 1 5 10193 0.02101
4 1 5 10178 0.02118
4 1 5 10135 0.02153
4 1 5 10124 0.02102
4 1 5 10066 0.02095
4 1 5 10000 0.005222
4 1 5 10000 0.005174
4 1 5 10000 0.005782
4 1 5 10000 0.005134
4 1 5 10000 0.005117
4 1 5 10000 0.005451
4 1 5 10000 0.005103
4 1 5 10000 0.005113
4 1 5 10000 0.005559
4 1 5 10000 0.005073
4 1 5 10000 0.00512
4 1 5 10000 0.005518
4 1 5 10000 0.005058
4 1 5 10000 0.00505
4 1 5 10000 0.005577
4 1 5 10000 0.005094
4 1 5 9897 0.02
4 1 5 9855 0.02088
