1 0 1 100000 0.116
1 0 1 100000 0.1101
1 0 1 100000 0.1079
1 0 1 100000 0.1044
1 0 1 100000 0.1066
1 0 1 100000 0.1069
1 0 1 100000 0.1071
1 0 1 100000 0.1059
1 0 1 100000 0.1075
1 0 1 100000 0.1066
1 0 1 100000 0.1093
1 0 1 100000 0.1072
1 0 1 100000 0.1081
1 0 1 100000 0.1088
1 0 1 100000 0.1084
1 0 1 100000 0.1064
1 0 1 100000 0.1064
1 0 1 100000 0.1342
1 0 1 100000 0.1328
1 0 1 100000 0.1347
1 0 1 100000 0.1348
1 0 1 100000 0.1348
1 0 1 100000 0.133
1 0 1 100000 0.1351
1 0 1 100000 0.1345
1 0 1 100000 0.1353
1 0 1 100000 0.1333
1 0 1 100000 0.1349
1 0 1 100000 0.1344
1 0 1 100000 0.1341
1 0 1 100000 0.1351
1 0 1 100000 0.135
1 0 1 100000 0.1342
1 0 1 100000 0.1353
1 0 1 100000 0.08082
1 0 1 100000 0.08064
1 0 1 100000 0.08077
1 0 1 100000 0.0791
1 0 1 100000 0.08048
1 0 1 100000 0.07969
1 0 1 100000 0.07802
1 0 1 100000 0.08194
1 0 1 100000 0.08103
1 0 1 100000 0.08196
1 0 1 100000 0.08155
1 0 1 100000 0.08247
1 0 1 100000 0.08272
1 0 1 100000 0.08183
1 0 1 100000 0.0813
1 0 1 100000 0.0822
1 0 1 100000 0.1095
1 0 1 100000 0.1105
1 0 1 100000 0.1093
1 0 1 100000 0.1096
1 0 1 100000 0.1089
1 0 1 100000 0.1089
1 0 1 100000 0.1088
1 0 1 100000 0.1071
1 0 1 100000 0.1078
1 0 1 100000 0.1066
1 0 1 100000 0.1085
1 0 1 100000 0.1068
1 0 1 100000 0.1074
1 0 1 100000 0.1083
1 0 1 100000 0.1089
1 0 1 100000 0.1057
1 0 1 100000 0.1101
1 0 1 100000 0.1056
1 0 1 100000 0.1069
1 0 1 100000 0.1052
1 0 1 100000 0.109
1 0 1 100000 0.1072
1 0 1 100000 0.1042
1 0 1 100000 0.1069
1 0 1 100000 0.1085
1 0 1 100000 0.1071
1 0 1 100000 0.1075
1 0 1 100000 0.1062
1 0 1 100000 0.1064
1 0 1 100000 0.106
1 0 1 100000 0.1084
1 0 1 100000 0.1072
1 0 1 100000 0.1052
1 0 1 100000 0.1075
1 0 1 100000 0.1089
1 0 1 100000 0.1096
1 0 1 100000 0.1072
1 0 1 100000 0.1095
1 0 1 100000 0.1083
1 0 1 100000 0.1084
1 0 1 100000 0.1109
1 0 1 100000 0.1122
1 0 1 100000 0.1074
1 0 1 100000 0.1073
1 0 1 100000 0.1106
1 0 1 100000 0.1095
1 0 1 100000 0.109
1 0 1 100000 0.1088
1 0 1 100000 0.1097
1 0 1 100000 0.1075
1 0 1 85000 0.09697
1 0 1 85000 0.09474
1 0 1 85000 0.09552
1 0 1 85000 0.09534
1 0 1 85000 0.09434
1 0 1 85000 0.09518
1 0 1 85000 0.0982
1 0 1 85000 0.09517
1 0 1 85000 0.1084
1 0 1 85000 0.1232
1 0 1 85000 0.1031
1 0 1 85000 0.09542
1 0 1 85000 0.09527
1 0 1 85000 0.0955
1 0 1 85000 0.0951
1 0 1 85000 0.09327
1 0 1 85000 0.09762
1 0 1 85000 0.1209
1 0 1 85000 0.1211
1 0 1 85000 0.1215
1 0 1 85000 0.1211
1 0 1 85000 0.1224
1 0 1 85000 0.1213
1 0 1 85000 0.1223
1 0 1 85000 0.1197
1 0 1 85000 0.1212
1 0 1 85000 0.1219
1 0 1 85000 0.1204
1 0 1 85000 0.1221
1 0 1 85000 0.1204
1 0 1 85000 0.1219
1 0 1 85000 0.1229
1 0 1 85000 0.1243
1 0 1 85000 0.1253
1 0 1 85000 0.07305
1 0 1 85000 0.07265
1 0 1 85000 0.07087
1 0 1 85000 0.0705
1 0 1 85000 0.06955
1 0 1 85000 0.07187
1 0 1 85000 0.07069
1 0 1 85000 0.07174
1 0 1 85000 0.07162
1 0 1 85000 0.07067
1 0 1 85000 0.06917
1 0 1 85000 0.0707
1 0 1 85000 0.07162
1 0 1 85000 0.07274
1 0 1 85000 0.06952
1 0 1 85000 0.06903
1 0 1 85000 0.0982
1 0 1 85000 0.1009
1 0 1 85000 0.09725
1 0 1 85000 0.09799
1 0 1 85000 0.09802
1 0 1 85000 0.09873
1 0 1 85000 0.09921
1 0 1 85000 0.09836
1 0 1 85000 0.1005
1 0 1 85000 0.09729
1 0 1 85000 0.09935
1 0 1 85000 0.09735
1 0 1 85000 0.0974
1 0 1 85000 0.09695
1 0 1 85000 0.09728
1 0 1 85000 0.09444
1 0 1 85000 0.09745
1 0 1 85000 0.09429
1 0 1 85000 0.09544
1 0 1 85000 0.09463
1 0 1 85000 0.09698
1 0 1 85000 0.09482
1 0 1 85000 0.0947
1 0 1 85000 0.09576
1 0 1 85000 0.09584
1 0 1 85000 0.09638
1 0 1 85000 0.0953
1 0 1 85000 0.09688
1 0 1 85000 0.09601
1 0 1 85000 0.09605
1 0 1 85000 0.09737
1 0 1 85000 0.0978
1 0 1 85000 0.09626
1 0 1 85000 0.097
1 0 1 85000 0.09928
1 0 1 85000 0.09963
1 0 1 85000 0.09825
1 0 1 85000 0.0967
1 0 1 85000 0.09748
1 0 1 85000 0.0964
1 0 1 85000 0.09495
1 0 1 85000 0.09803
1 0 1 85000 0.09662
1 0 1 85000 0.09783
1 0 1 85000 0.09782
1 0 1 85000 0.09739
1 0 1 85000 0.0967
1 0 1 85000 0.09691
1 0 1 85000 0.09856
1 0 1 85000 0.09659
1 0 1 75000 0.08687
1 0 1 75000 0.086
1 0 1 75000 0.08721
1 0 1 75000 0.08703
1 0 1 75000 0.08836
1 0 1 75000 0.08716
1 0 1 75000 0.08683
1 0 1 75000 0.08393
1 0 1 75000 0.08462
1 0 1 75000 0.08531
1 0 1 75000 0.08585
1 0 1 75000 0.08657
1 0 1 75000 0.08818
1 0 1 75000 0.08671
1 0 1 75000 0.08437
1 0 1 75000 0.08401
1 0 1 75000 0.08499
1 0 1 75000 0.1113
1 0 1 75000 0.1106
1 0 1 75000 0.1124
1 0 1 75000 0.1117
1 0 1 75000 0.1117
1 0 1 75000 0.1123
1 0 1 75000 0.1113
1 0 1 75000 0.1118
1 0 1 75000 0.1094
1 0 1 75000 0.1137
1 0 1 75000 0.1145
1 0 1 75000 0.1136
1 0 1 75000 0.1144
1 0 1 75000 0.1105
1 0 1 75000 0.1111
1 0 1 75000 0.1122
1 0 1 75000 0.1151
1 0 1 75000 0.06024
1 0 1 75000 0.0598
1 0 1 75000 0.06058
1 0 1 75000 0.06173
1 0 1 75000 0.06067
1 0 1 75000 0.05874
1 0 1 75000 0.05836
1 0 1 75000 0.06076
1 0 1 75000 0.06077
1 0 1 75000 0.0583
1 0 1 75000 0.05841
1 0 1 75000 0.06085
1 0 1 75000 0.06067
1 0 1 75000 0.05867
1 0 1 75000 0.05859
1 0 1 75000 0.06112
1 0 1 75000 0.08812
1 0 1 75000 0.08851
1 0 1 75000 0.08855
1 0 1 75000 0.08654
1 0 1 75000 0.08787
1 0 1 75000 0.08604
1 0 1 75000 0.08718
1 0 1 75000 0.08771
1 0 1 75000 0.08698
1 0 1 75000 0.08711
1 0 1 75000 0.08717
1 0 1 75000 0.08748
1 0 1 75000 0.08917
1 0 1 75000 0.0889
1 0 1 75000 0.08726
1 0 1 75000 0.08878
1 0 1 75000 0.08672
1 0 1 75000 0.08478
1 0 1 75000 0.08546
1 0 1 75000 0.08662
1 0 1 75000 0.08455
1 0 1 75000 0.08543
1 0 1 75000 0.0852
1 0 1 75000 0.08467
1 0 1 75000 0.08536
1 0 1 75000 0.08503
1 0 1 75000 0.08515
1 0 1 75000 0.08695
1 0 1 75000 0.08608
1 0 1 75000 0.08517
1 0 1 75000 0.08421
1 0 1 75000 0.08732
1 0 1 75000 0.09385
1 0 1 75000 0.08386
1 0 1 75000 0.08693
1 0 1 75000 0.08617
1 0 1 75000 0.08771
1 0 1 75000 0.08794
1 0 1 75000 0.08654
1 0 1 75000 0.08592
1 0 1 75000 0.08499
1 0 1 75000 0.0861
1 0 1 75000 0.08668
1 0 1 75000 0.08503
1 0 1 75000 0.08593
1 0 1 75000 0.08506
1 0 1 75000 0.08688
1 0 1 75000 0.1121
1 0 1 75000 0.1137
1 0 1 75000 0.1128
1 0 1 50000 0.07434
1 0 1 50000 0.07483
1 0 1 50000 0.07611
1 0 1 50000 0.07574
1 0 1 50000 0.07574
1 0 1 50000 0.07701
1 0 1 50000 0.07533
1 0 1 50000 0.07545
1 0 1 50000 0.07798
1 0 1 50000 0.07495
1 0 1 50000 0.07471
1 0 1 50000 0.07496
1 0 1 50000 0.07596
1 0 1 50000 0.07629
1 0 1 50000 0.07417
1 0 1 50000 0.07727
1 0 1 50000 0.07335
1 0 1 50000 0.1006
1 0 1 50000 0.09913
1 0 1 50000 0.09214
1 0 1 50000 0.08701
1 0 1 50000 0.08835
1 0 1 50000 0.0861
1 0 1 50000 0.08745
1 0 1 50000 0.08808
1 0 1 50000 0.08655
1 0 1 50000 0.08595
1 0 1 50000 0.08584
1 0 1 50000 0.08663
1 0 1 50000 0.0866
1 0 1 50000 0.1021
1 0 1 50000 0.1008
1 0 1 50000 0.0995
1 0 1 50000 0.1011
1 0 1 50000 0.05063
1 0 1 50000 0.05063
1 0 1 50000 0.05096
1 0 1 50000 0.05072
1 0 1 50000 0.0507
1 0 1 50000 0.05062
1 0 1 50000 0.05043
1 0 1 50000 0.05028
1 0 1 50000 0.05004
1 0 1 50000 0.05069
1 0 1 50000 0.05107
1 0 1 50000 0.05053
1 0 1 50000 0.05064
1 0 1 50000 0.05078
1 0 1 50000 0.05083
1 0 1 50000 0.05104
1 0 1 50000 0.07563
1 0 1 50000 0.07803
1 0 1 50000 0.07697
1 0 1 50000 0.07752
1 0 1 50000 0.07744
1 0 1 50000 0.07748
1 0 1 50000 0.07942
1 0 1 50000 0.07716
1 0 1 50000 0.07843
1 0 1 50000 0.0784
1 0 1 50000 0.07766
1 0 1 50000 0.07676
1 0 1 50000 0.07872
1 0 1 50000 0.07747
1 0 1 50000 0.0778
1 0 1 50000 0.07801
1 0 1 50000 0.07687
1 0 1 50000 0.07495
1 0 1 50000 0.07621
1 0 1 50000 0.07462
1 0 1 50000 0.07368
1 0 1 50000 0.07622
1 0 1 50000 0.07263
1 0 1 50000 0.07354
1 0 1 50000 0.07515
1 0 1 50000 0.07144
1 0 1 50000 0.07258
1 0 1 50000 0.07377
1 0 1 50000 0.07235
1 0 1 50000 0.05991
1 0 1 50000 0.0595
1 0 1 50000 0.0598
1 0 1 50000 0.05932
1 0 1 50000 0.0606
1 0 1 50000 0.06063
1 0 1 50000 0.06037
1 0 1 50000 0.06091
1 0 1 50000 0.06161
1 0 1 50000 0.06209
1 0 1 50000 0.06058
1 0 1 50000 0.06146
1 0 1 50000 0.05945
1 0 1 50000 0.06019
1 0 1 50000 0.06365
1 0 1 50000 0.06087
1 0 1 50000 0.06478
1 0 1 50000 0.06466
1 0 1 50000 0.06197
1 0 1 50000 0.063
1 0 1 50000 0.06415
1 0 1 35000 0.05155
1 0 1 35000 0.05249
1 0 1 35000 0.05254
1 0 1 35000 0.05239
1 0 1 35000 0.05303
1 0 1 35000 0.05094
1 0 1 35000 0.05254
1 0 1 35000 0.05216
1 0 1 35000 0.05363
1 0 1 35000 0.05128
1 0 1 35000 0.053
1 0 1 35000 0.05244
1 0 1 35000 0.05278
1 0 1 35000 0.05157
1 0 1 35000 0.05185
1 0 1 35000 0.05199
1 0 1 35000 0.05248
1 0 1 35000 0.07047
1 0 1 35000 0.0692
1 0 1 35000 0.06821
1 0 1 35000 0.06743
1 0 1 35000 0.06943
1 0 1 35000 0.06949
1 0 1 35000 0.06966
1 0 1 35000 0.06769
1 0 1 35000 0.06833
1 0 1 35000 0.06814
1 0 1 35000 0.06798
1 0 1 35000 0.06848
1 0 1 35000 0.07014
1 0 1 35000 0.06862
1 0 1 35000 0.06845
1 0 1 35000 0.06712
1 0 1 35000 0.06856
1 0 1 35000 0.02876
1 0 1 35000 0.02903
1 0 1 35000 0.02902
1 0 1 35000 0.02881
1 0 1 35000 0.02896
1 0 1 35000 0.02869
1 0 1 35000 0.02771
1 0 1 35000 0.02159
1 0 1 35000 0.02141
1 0 1 35000 0.0217
1 0 1 35000 0.0214
1 0 1 35000 0.02168
1 0 1 35000 0.02163
1 0 1 35000 0.02164
1 0 1 35000 0.0215
1 0 1 35000 0.02161
1 0 1 35000 0.04305
1 0 1 35000 0.0434
1 0 1 35000 0.04149
1 0 1 35000 0.04358
1 0 1 35000 0.04463
1 0 1 35000 0.04198
1 0 1 35000 0.04322
1 0 1 35000 0.04287
1 0 1 35000 0.0436
1 0 1 35000 0.04251
1 0 1 35000 0.04285
1 0 1 35000 0.04273
1 0 1 35000 0.04332
1 0 1 35000 0.04232
1 0 1 35000 0.04385
1 0 1 35000 0.04469
1 0 1 35000 0.0437
1 0 1 35000 0.04087
1 0 1 35000 0.04236
1 0 1 35000 0.04223
1 0 1 35000 0.04024
1 0 1 35000 0.04242
1 0 1 35000 0.04205
1 0 1 35000 0.04138
1 0 1 35000 0.04164
1 0 1 35000 0.04148
1 0 1 35000 0.0422
1 0 1 35000 0.04158
1 0 1 35000 0.04283
1 0 1 35000 0.04267
1 0 1 35000 0.04026
1 0 1 35000 0.04177
1 0 1 35000 0.04077
1 0 1 35000 0.04208
1 0 1 35000 0.04129
1 0 1 35000 0.04301
1 0 1 35000 0.04365
1 0 1 35000 0.04338
1 0 1 35000 0.04368
1 0 1 35000 0.04434
1 0 1 35000 0.0433
1 0 1 35000 0.04348
1 0 1 35000 0.04362
1 0 1 35000 0.04438
1 0 1 35000 0.04286
1 0 1 35000 0.04309
1 0 1 35000 0.04383
1 0 1 35000 0.04251
1 0 1 35000 0.04424
1 0 1 35000 0.04354
1 0 1 25000 0.02816
1 0 1 25000 0.02863
1 0 1 25000 0.02851
1 0 1 25000 0.02889
1 0 1 25000 0.02933
1 0 1 25000 0.02787
1 0 1 25000 0.02785
1 0 1 25000 0.02882
1 0 1 25000 0.02979
1 0 1 25000 0.02938
1 0 1 25000 0.02773
1 0 1 25000 0.02776
1 0 1 25000 0.02738
1 0 1 25000 0.02602
1 0 1 25000 0.02969
1 0 1 25000 0.02826
1 0 1 25000 0.02859
1 0 1 25000 0.04717
1 0 1 25000 0.04707
1 0 1 25000 0.04615
1 0 1 25000 0.04651
1 0 1 25000 0.04708
1 0 1 25000 0.04625
1 0 1 25000 0.04647
1 0 1 25000 0.04685
1 0 1 25000 0.04589
1 0 1 25000 0.04651
1 0 1 25000 0.04697
1 0 1 25000 0.04662
1 0 1 25000 0.04762
1 0 1 25000 0.04627
1 0 1 25000 0.04689
1 0 1 25000 0.04617
1 0 1 25000 0.04707
1 0 1 25000 0.01032
1 0 1 25000 0.01026
1 0 1 25000 0.0101
1 0 1 25000 0.01011
1 0 1 25000 0.01008
1 0 1 25000 0.01015
1 0 1 25000 0.01018
1 0 1 25000 0.01013
1 0 1 25000 0.01027
1 0 1 25000 0.01021
1 0 1 25000 0.0101
1 0 1 25000 0.01004
1 0 1 25000 0.01038
1 0 1 25000 0.01017
1 0 1 25000 0.01027
1 0 1 25000 0.01012
1 0 1 25000 0.02913
1 0 1 25000 0.02924
1 0 1 25000 0.0301
1 0 1 25000 0.03025
1 0 1 25000 0.03023
1 0 1 25000 0.02905
1 0 1 25000 0.03023
1 0 1 25000 0.02888
1 0 1 25000 0.02953
1 0 1 25000 0.02954
1 0 1 25000 0.0293
1 0 1 25000 0.02842
1 0 1 25000 0.02891
1 0 1 25000 0.02764
1 0 1 25000 0.0288
1 0 1 25000 0.02926
1 0 1 25000 0.02943
1 0 1 25000 0.02719
1 0 1 25000 0.02877
1 0 1 25000 0.02708
1 0 1 25000 0.02688
1 0 1 25000 0.0281
1 0 1 25000 0.02773
1 0 1 25000 0.02753
1 0 1 25000 0.0269
1 0 1 25000 0.02834
1 0 1 25000 0.02738
1 0 1 25000 0.02761
1 0 1 25000 0.02847
1 0 1 25000 0.02869
1 0 1 25000 0.02777
1 0 1 25000 0.02841
1 0 1 25000 0.02735
1 0 1 25000 0.0285
1 0 1 25000 0.02977
1 0 1 25000 0.02845
1 0 1 25000 0.02882
1 0 1 25000 0.0279
1 0 1 25000 0.02754
1 0 1 25000 0.02965
1 0 1 25000 0.0285
1 0 1 25000 0.02945
1 0 1 25000 0.02979
1 0 1 25000 0.02914
1 0 1 25000 0.02852
1 0 1 25000 0.02885
1 0 1 25000 0.02894
1 0 1 25000 0.02833
1 0 1 25000 0.02814
1 0 1 25000 0.0296
1 0 1 15000 0.01792
1 0 1 15000 0.01779
1 0 1 15000 0.01822
1 0 1 15000 0.01781
1 0 1 15000 0.0179
1 0 1 15000 0.01731
1 0 1 15000 0.01735
1 0 1 15000 0.0176
1 0 1 15000 0.01806
1 0 1 15000 0.0178
1 0 1 15000 0.01818
1 0 1 15000 0.01808
1 0 1 15000 0.01786
1 0 1 15000 0.01743
1 0 1 15000 0.01764
1 0 1 15000 0.01781
1 0 1 15000 0.01764
1 0 1 15000 0.02842
1 0 1 15000 0.02834
1 0 1 15000 0.02835
1 0 1 15000 0.02799
1 0 1 15000 0.02831
1 0 1 15000 0.02842
1 0 1 15000 0.02792
1 0 1 15000 0.02833
1 0 1 15000 0.02832
1 0 1 15000 0.02823
1 0 1 15000 0.02842
1 0 1 15000 0.02803
1 0 1 15000 0.02819
1 0 1 15000 0.02778
1 0 1 15000 0.02864
1 0 1 15000 0.0281
1 0 1 15000 0.02833
1 0 1 15000 0.00671
1 0 1 15000 0.006628
1 0 1 15000 0.006752
1 0 1 15000 0.006683
1 0 1 15000 0.006733
1 0 1 15000 0.006614
1 0 1 15000 0.006778
1 0 1 15000 0.00664
1 0 1 15000 0.006814
1 0 1 15000 0.006736
1 0 1 15000 0.006725
1 0 1 15000 0.006736
1 0 1 15000 0.006792
1 0 1 15000 0.006635
1 0 1 15000 0.006712
1 0 1 15000 0.006744
1 0 1 15000 0.01814
1 0 1 15000 0.01775
1 0 1 15000 0.01801
1 0 1 15000 0.01751
1 0 1 15000 0.01825
1 0 1 15000 0.01853
1 0 1 15000 0.01789
1 0 1 15000 0.01766
1 0 1 15000 0.01788
1 0 1 15000 0.01841
1 0 1 15000 0.01866
1 0 1 15000 0.01919
1 0 1 15000 0.01816
1 0 1 15000 0.01869
1 0 1 15000 0.01791
1 0 1 15000 0.01788
1 0 1 15000 0.01831
1 0 1 15000 0.01773
1 0 1 15000 0.01667
1 0 1 15000 0.01723
1 0 1 15000 0.01695
1 0 1 15000 0.01698
1 0 1 15000 0.0173
1 0 1 15000 0.01721
1 0 1 15000 0.01705
1 0 1 15000 0.01786
1 0 1 15000 0.01723
1 0 1 15000 0.01756
1 0 1 15000 0.01696
1 0 1 15000 0.01777
1 0 1 15000 0.0171
1 0 1 15000 0.01641
1 0 1 15000 0.01699
1 0 1 15000 0.01747
1 0 1 15000 0.01824
1 0 1 15000 0.01812
1 0 1 15000 0.01822
1 0 1 15000 0.01834
1 0 1 15000 0.01799
1 0 1 15000 0.01809
1 0 1 15000 0.01856
1 0 1 15000 0.01757
1 0 1 15000 0.01794
1 0 1 15000 0.01728
1 0 1 15000 0.01859
1 0 1 15000 0.01748
1 0 1 15000 0.01788
1 0 1 15000 0.01771
1 0 1 15000 0.01769
1 0 1 15000 0.01799
1 0 1 10000 0.01267
1 0 1 10000 0.01284
1 0 1 10000 0.01253
1 0 1 10000 0.01287
1 0 1 10000 0.01259
1 0 1 10000 0.01255
1 0 1 10000 0.01296
1 0 1 10000 0.01241
1 0 1 10000 0.01247
1 0 1 10000 0.01259
1 0 1 10000 0.01285
1 0 1 10000 0.01309
1 0 1 10000 0.01241
1 0 1 10000 0.01313
1 0 1 10000 0.01202
1 0 1 10000 0.01259
1 0 1 10000 0.01335
1 0 1 10000 0.0192
1 0 1 10000 0.01943
1 0 1 10000 0.01933
1 0 1 10000 0.01921
1 0 1 10000 0.01953
1 0 1 10000 0.01972
1 0 1 10000 0.01937
1 0 1 10000 0.01959
1 0 1 10000 0.01934
1 0 1 10000 0.0194
1 0 1 10000 0.01943
1 0 1 10000 0.01968
1 0 1 10000 0.01971
1 0 1 10000 0.01914
1 0 1 10000 0.01947
1 0 1 10000 0.01953
1 0 1 10000 0.01909
1 0 1 10000 0.005215
1 0 1 10000 0.005222
1 0 1 10000 0.00523
1 0 1 10000 0.005175
1 0 1 10000 0.00525
1 0 1 10000 0.005194
1 0 1 10000 0.005187
1 0 1 10000 0.005284
1 0 1 10000 0.005176
1 0 1 10000 0.005245
1 0 1 10000 0.005165
1 0 1 10000 0.005225
1 0 1 10000 0.005276
1 0 1 10000 0.005156
1 0 1 10000 0.005296
1 0 1 10000 0.005183
1 0 1 10000 0.01265
1 0 1 10000 0.01306
1 0 1 10000 0.01314
1 0 1 10000 0.01278
1 0 1 10000 0.01317
1 0 1 10000 0.01279
1 0 1 10000 0.01305
1 0 1 10000 0.0128
1 0 1 10000 0.01281
1 0 1 10000 0.01227
1 0 1 10000 0.01321
1 0 1 10000 0.01274
1 0 1 10000 0.01282
1 0 1 10000 0.01331
1 0 1 10000 0.01295
1 0 1 10000 0.01273
1 0 1 10000 0.01264
1 0 1 10000 0.01245
1 0 1 10000 0.01192
1 0 1 10000 0.01244
1 0 1 10000 0.01223
1 0 1 10000 0.01237
1 0 1 10000 0.01271
1 0 1 10000 0.01192
1 0 1 10000 0.01196
1 0 1 10000 0.01239
1 0 1 10000 0.01253
1 0 1 10000 0.01206
1 0 1 10000 0.01226
1 0 1 10000 0.01195
1 0 1 10000 0.01222
1 0 1 10000 0.0122
1 0 1 10000 0.01226
1 0 1 10000 0.01189
1 0 1 10000 0.01267
1 0 1 10000 0.01285
1 0 1 10000 0.01254
1 0 1 10000 0.01238
1 0 1 10000 0.01309
1 0 1 10000 0.01224
1 0 1 10000 0.01245
1 0 1 10000 0.01344
1 0 1 10000 0.0127
1 0 1 10000 0.01311
1 0 1 10000 0.01331
1 0 1 10000 0.01294
1 0 1 10000 0.01268
1 0 1 10000 0.01339
1 0 1 10000 0.01302
1 0 1 10000 0.01294
1 0 2 113533 0.1149
1 0 2 113453 0.1168
1 0 2 113442 0.1126
1 0 2 113390 0.1145
1 0 2 113340 0.1132
1 0 2 113274 0.1165
1 0 2 113244 0.1155
1 0 2 113184 0.1173
1 0 2 113142 0.1146
1 0 2 113106 0.114
1 0 2 113106 0.1146
1 0 2 113086 0.1127
1 0 2 113074 0.1135
1 0 2 113064 0.114
1 0 2 113063 0.1127
1 0 2 113024 0.1166
1 0 2 112992 0.1137
1 0 2 112973 0.1138
1 0 2 112896 0.1137
1 0 2 112896 0.1142
1 0 2 112874 0.113
1 0 2 112864 0.1144
1 0 2 112805 0.1136
1 0 2 112752 0.1125
1 0 2 112749 0.1121
1 0 2 112696 0.1143
1 0 2 112696 0.1147
1 0 2 112664 0.1125
1 0 2 112345 0.1427
1 0 2 112337 0.1438
1 0 2 112293 0.1144
1 0 2 112248 0.1148
1 0 2 112222 0.1123
1 0 2 112044 0.1112
1 0 2 112044 0.1105
1 0 2 111976 0.1141
1 0 2 111974 0.1129
1 0 2 111523 0.1154
1 0 2 111523 0.1143
1 0 2 111046 0.1137
1 0 2 110762 0.112
1 0 2 110565 0.1123
1 0 2 110329 0.1109
1 0 2 109499 0.113
1 0 2 109499 0.1143
1 0 2 109036 0.1118
1 0 2 108302 0.1113
1 0 2 107865 0.1385
1 0 2 107641 0.109
1 0 2 107139 0.111
1 0 2 106662 0.1113
1 0 2 105994 0.138
1 0 2 105994 0.1378
1 0 2 105552 0.1064
1 0 2 105436 0.1361
1 0 2 104396 0.1095
1 0 2 104391 0.1103
1 0 2 103939 0.1355
1 0 2 103900 0.1073
1 0 2 103648 0.134
1 0 2 103412 0.1092
1 0 2 103028 0.1066
1 0 2 102882 0.1098
1 0 2 102747 0.1342
1 0 2 102736 0.1015
1 0 2 102498 0.1066
1 0 2 102257 0.1092
1 0 2 102062 0.1065
1 0 2 101680 0.1028
1 0 2 101377 0.1077
1 0 2 101337 0.1314
1 0 2 100000 0.07571
1 0 2 100000 0.07613
1 0 2 100000 0.07541
1 0 2 100000 0.07522
1 0 2 100000 0.07603
1 0 2 100000 0.07616
1 0 2 100000 0.07589
1 0 2 100000 0.07613
1 0 2 100000 0.07612
1 0 2 100000 0.07625
1 0 2 100000 0.07553
1 0 2 100000 0.07658
1 0 2 100000 0.07596
1 0 2 100000 0.07568
1 0 2 100000 0.07533
1 0 2 100000 0.07659
1 0 2 99872 0.1312
1 0 2 99407 0.1025
1 0 2 99089 0.1039
1 0 2 98445 0.1299
1 0 2 98078 0.1021
1 0 2 97307 0.1287
1 0 2 97217 0.1046
1 0 2 96832 0.1029
1 0 2 96832 0.1024
1 0 2 96400 0.1015
1 0 2 96000 0.1017
1 0 2 95759 0.1237
1 0 2 94752 0.09856
1 0 2 94667 0.1018
1 0 2 94657 0.1025
1 0 2 94643 0.09956
1 0 2 94635 0.1006
1 0 2 94575 0.09847
1 0 2 94571 0.09843
1 0 2 94546 0.09954
1 0 2 94522 0.09679
1 0 2 94497 0.09861
1 0 2 94475 0.1024
1 0 2 94455 0.1023
1 0 2 94455 0.102
1 0 2 94394 0.1013
1 0 2 94367 0.09724
1 0 2 94363 0.09963
1 0 2 94346 0.1002
1 0 2 94344 0.09957
1 0 2 94330 0.1006
1 0 2 94327 0.1028
1 0 2 94283 0.1011
1 0 2 94216 0.09924
1 0 2 94148 0.099
1 0 2 94057 0.1241
1 0 2 94057 0.1246
1 0 2 94034 0.09653
1 0 2 94010 0.1254
1 0 2 93914 0.09761
1 0 2 93907 0.09849
1 0 2 93890 0.09716
1 0 2 93817 0.09682
1 0 2 93795 0.09874
1 0 2 93681 0.09887
1 0 2 93587 0.09949
1 0 2 93484 0.09742
1 0 2 93418 0.1255
1 0 2 93418 0.09598
1 0 2 92996 0.09777
1 0 2 92996 0.09724
1 0 2 92847 0.09594
1 0 2 92735 0.09021
1 0 2 92656 0.09832
1 0 2 92624 0.1243
1 0 2 92515 0.09693
1 0 2 92441 0.09503
1 0 2 92251 0.09806
1 0 2 92251 0.09793
1 0 2 91574 0.09768
1 0 2 91441 0.09707
1 0 2 91414 0.09493
1 0 2 91217 0.09839
1 0 2 90989 0.1235
1 0 2 90965 0.09558
1 0 2 90465 0.09586
1 0 2 90458 0.1218
1 0 2 90111 0.1162
1 0 2 89794 0.12
1 0 2 89739 0.1215
1 0 2 89733 0.09524
1 0 2 88332 0.09551
1 0 2 88039 0.1209
1 0 2 87291 0.09254
1 0 2 87051 0.09275
1 0 2 86252 0.119
1 0 2 85725 0.1176
1 0 2 85447 0.09242
1 0 2 85372 0.1175
1 0 2 85173 0.0927
1 0 2 85090 0.1165
1 0 2 85000 0.06546
1 0 2 85000 0.06565
1 0 2 85000 0.065
1 0 2 85000 0.06565
1 0 2 85000 0.06524
1 0 2 85000 0.06579
1 0 2 85000 0.06661
1 0 2 85000 0.06693
1 0 2 85000 0.06531
1 0 2 85000 0.0658
1 0 2 85000 0.06557
1 0 2 85000 0.06542
1 0 2 85000 0.06549
1 0 2 85000 0.06464
1 0 2 85000 0.06562
1 0 2 85000 0.06517
1 0 2 84571 0.1168
1 0 2 84382 0.09211
1 0 2 84272 0.1153
1 0 2 83701 0.09156
1 0 2 82631 0.08752
1 0 2 82621 0.09213
1 0 2 82612 0.08946
1 0 2 82608 0.08869
1 0 2 82607 0.08904
1 0 2 82598 0.1143
1 0 2 82589 0.09216
1 0 2 82551 0.09039
1 0 2 82543 0.08759
1 0 2 82541 0.09068
1 0 2 82527 0.08559
1 0 2 82522 0.08944
1 0 2 82519 0.08901
1 0 2 82511 0.08843
1 0 2 82508 0.08895
1 0 2 82497 0.08751
1 0 2 82474 0.09069
1 0 2 82472 0.08692
1 0 2 82464 0.08742
1 0 2 82458 0.08896
1 0 2 82448 0.09006
1 0 2 82441 0.08894
1 0 2 82423 0.08984
1 0 2 82420 0.08958
1 0 2 82417 0.08983
1 0 2 82392 0.08862
1 0 2 82377 0.08817
1 0 2 82350 0.08698
1 0 2 82341 0.08919
1 0 2 82313 0.08756
1 0 2 82295 0.08918
1 0 2 82272 0.1144
1 0 2 82261 0.09131
1 0 2 82239 0.08532
1 0 2 82185 0.09046
1 0 2 82164 0.08614
1 0 2 82157 0.09025
1 0 2 82125 0.08894
1 0 2 82114 0.08895
1 0 2 82095 0.08671
1 0 2 82053 0.08815
1 0 2 82033 0.08863
1 0 2 81923 0.09154
1 0 2 81915 0.08701
1 0 2 81778 0.1142
1 0 2 81684 0.08871
1 0 2 81671 0.08758
1 0 2 81273 0.08867
1 0 2 81231 0.1132
1 0 2 81187 0.08684
1 0 2 80814 0.1126
1 0 2 80602 0.08697
1 0 2 80560 0.08912
1 0 2 80357 0.08665
1 0 2 80285 0.08883
1 0 2 80146 0.08741
1 0 2 80110 0.08734
1 0 2 79738 0.08833
1 0 2 79655 0.08621
1 0 2 79401 0.1112
1 0 2 79350 0.113
1 0 2 79348 0.08652
1 0 2 79196 0.1117
1 0 2 78893 0.08795
1 0 2 78848 0.08631
1 0 2 78585 0.1103
1 0 2 78576 0.08564
1 0 2 78417 0.0868
1 0 2 78411 0.1122
1 0 2 78393 0.08619
1 0 2 77772 0.08623
1 0 2 77766 0.08557
1 0 2 77761 0.08605
1 0 2 77502 0.08711
1 0 2 77385 0.08514
1 0 2 77370 0.08617
1 0 2 76536 0.0834
1 0 2 76428 0.1099
1 0 2 75993 0.08478
1 0 2 75934 0.1089
1 0 2 75828 0.08403
1 0 2 75328 0.1091
1 0 2 75000 0.05573
1 0 2 75000 0.05598
1 0 2 75000 0.05516
1 0 2 75000 0.0552
1 0 2 75000 0.05605
1 0 2 75000 0.05546
1 0 2 75000 0.05541
1 0 2 75000 0.05573
1 0 2 75000 0.05561
1 0 2 75000 0.05607
1 0 2 75000 0.0562
1 0 2 75000 0.05614
1 0 2 75000 0.05546
1 0 2 75000 0.05576
1 0 2 75000 0.05535
1 0 2 75000 0.05479
1 0 2 75000 0.05554
1 0 2 75000 0.05531
1 0 2 74583 0.08277
1 0 2 73932 0.1069
1 0 2 73859 0.08368
1 0 2 73542 0.108
1 0 2 73542 0.1075
1 0 2 72732 0.08216
1 0 2 72515 0.1057
1 0 2 72515 0.1055
1 0 2 70027 0.1056
1 0 2 70017 0.1053
1 0 2 69714 0.1043
1 0 2 67794 0.07725
1 0 2 53391 0.0644
1 0 2 53389 0.08981
1 0 2 53383 0.0896
1 0 2 53383 0.06448
1 0 2 53378 0.06357
1 0 2 53375 0.06208
1 0 2 53372 0.0659
1 0 2 53372 0.08965
1 0 2 53370 0.06657
1 0 2 53370 0.06447
1 0 2 53368 0.06749
1 0 2 53365 0.08909
1 0 2 53363 0.08886
1 0 2 53357 0.06342
1 0 2 53347 0.06443
1 0 2 53346 0.06328
1 0 2 53333 0.06648
1 0 2 53332 0.06386
1 0 2 53326 0.06405
1 0 2 53312 0.06373
1 0 2 53311 0.06161
1 0 2 53304 0.06583
1 0 2 53301 0.06228
1 0 2 53292 0.06592
1 0 2 53287 0.06508
1 0 2 53265 0.06439
1 0 2 53264 0.06351
1 0 2 53254 0.06203
1 0 2 53250 0.06241
1 0 2 53238 0.0881
1 0 2 53232 0.06127
1 0 2 53230 0.06172
1 0 2 53228 0.06177
1 0 2 53213 0.0636
1 0 2 53210 0.06443
1 0 2 53200 0.06346
1 0 2 53200 0.06055
1 0 2 53169 0.06459
1 0 2 53151 0.06122
1 0 2 53150 0.08814
1 0 2 53147 0.06029
1 0 2 53110 0.06465
1 0 2 53102 0.06373
1 0 2 53059 0.08814
1 0 2 53020 0.06366
1 0 2 52976 0.06287
1 0 2 52921 0.06107
1 0 2 52921 0.06072
1 0 2 52878 0.06507
1 0 2 52697 0.06121
1 0 2 52584 0.06344
1 0 2 52512 0.06064
1 0 2 52468 0.06314
1 0 2 52423 0.06256
1 0 2 52280 0.08899
1 0 2 52280 0.08865
1 0 2 52202 0.0651
1 0 2 52070 0.0635
1 0 2 52020 0.08717
1 0 2 51752 0.06134
1 0 2 51594 0.06149
1 0 2 51590 0.05937
1 0 2 51539 0.06219
1 0 2 51278 0.06328
1 0 2 51025 0.06236
1 0 2 50987 0.08635
1 0 2 50947 0.06205
1 0 2 50761 0.06245
1 0 2 50590 0.06099
1 0 2 50319 0.06013
1 0 2 50319 0.05982
1 0 2 50252 0.08466
1 0 2 50000 0.03265
1 0 2 50000 0.0327
1 0 2 50000 0.03288
1 0 2 50000 0.03223
1 0 2 50000 0.03262
1 0 2 50000 0.03253
1 0 2 50000 0.03316
1 0 2 50000 0.03268
1 0 2 50000 0.03297
1 0 2 50000 0.03285
1 0 2 50000 0.03267
1 0 2 50000 0.03325
1 0 2 50000 0.03244
1 0 2 50000 0.0329
1 0 2 50000 0.0326
1 0 2 50000 0.03247
1 0 2 49928 0.06101
1 0 2 49590 0.05904
1 0 2 49506 0.05963
1 0 2 49500 0.06058
1 0 2 49076 0.059
1 0 2 49041 0.06061
1 0 2 48654 0.08296
1 0 2 48632 0.05934
1 0 2 48608 0.05909
1 0 2 47892 0.05876
1 0 2 47272 0.05941
1 0 2 46444 0.05825
1 0 2 36662 0.04362
1 0 2 36662 0.04386
1 0 2 36662 0.06453
1 0 2 36662 0.06433
1 0 2 36662 0.04439
1 0 2 36662 0.04196
1 0 2 36662 0.04555
1 0 2 36662 0.04463
1 0 2 36657 0.04468
1 0 2 36652 0.04505
1 0 2 36647 0.04325
1 0 2 36646 0.04358
1 0 2 36640 0.0445
1 0 2 36640 0.04515
1 0 2 36638 0.04434
1 0 2 36633 0.04426
1 0 2 36621 0.04495
1 0 2 36620 0.04408
1 0 2 36617 0.04359
1 0 2 36617 0.04375
1 0 2 36615 0.04336
1 0 2 36615 0.04311
1 0 2 36609 0.04342
1 0 2 36606 0.04295
1 0 2 36604 0.04475
1 0 2 36597 0.0433
1 0 2 36593 0.04354
1 0 2 36590 0.0439
1 0 2 36586 0.04349
1 0 2 36580 0.04338
1 0 2 36580 0.04379
1 0 2 36580 0.0438
1 0 2 36575 0.04139
1 0 2 36572 0.04452
1 0 2 36568 0.04396
1 0 2 36568 0.04348
1 0 2 36565 0.04312
1 0 2 36564 0.042
1 0 2 36556 0.04468
1 0 2 36551 0.04253
1 0 2 36535 0.04441
1 0 2 36517 0.04302
1 0 2 36507 0.04465
1 0 2 36460 0.04456
1 0 2 36447 0.04298
1 0 2 36423 0.04364
1 0 2 36375 0.06458
1 0 2 36312 0.04419
1 0 2 36225 0.04376
1 0 2 36209 0.06361
1 0 2 36204 0.06403
1 0 2 36094 0.04374
1 0 2 36077 0.04412
1 0 2 36074 0.06393
1 0 2 36050 0.06389
1 0 2 36050 0.04479
1 0 2 36044 0.06401
1 0 2 35940 0.04565
1 0 2 35938 0.06374
1 0 2 35623 0.04138
1 0 2 35612 0.06323
1 0 2 35612 0.0444
1 0 2 35380 0.06273
1 0 2 35315 0.04487
1 0 2 35295 0.04434
1 0 2 35262 0.04231
1 0 2 35087 0.06225
1 0 2 35000 0.02186
1 0 2 35000 0.02175
1 0 2 35000 0.02158
1 0 2 35000 0.02174
1 0 2 35000 0.02159
1 0 2 35000 0.02158
1 0 2 35000 0.02179
1 0 2 35000 0.02147
1 0 2 35000 0.02133
1 0 2 35000 0.02188
1 0 2 35000 0.02175
1 0 2 35000 0.02151
1 0 2 35000 0.02133
1 0 2 35000 0.02174
1 0 2 35000 0.02156
1 0 2 35000 0.0215
1 0 2 35000 0.02157
1 0 2 34899 0.04424
1 0 2 34846 0.04084
1 0 2 34705 0.04222
1 0 2 34650 0.06042
1 0 2 34650 0.04126
1 0 2 34527 0.04065
1 0 2 34505 0.06089
1 0 2 34407 0.04234
1 0 2 34129 0.03801
1 0 2 34129 0.03794
1 0 2 33872 0.04187
1 0 2 33840 0.03931
1 0 2 33687 0.05936
1 0 2 33687 0.05946
1 0 2 33687 0.03986
1 0 2 33687 0.04046
1 0 2 25848 0.0474
1 0 2 25848 0.02953
1 0 2 25848 0.02959
1 0 2 25848 0.02926
1 0 2 25845 0.04671
1 0 2 25845 0.02864
1 0 2 25844 0.04734
1 0 2 25843 0.0476
1 0 2 25843 0.02913
1 0 2 25840 0.02865
1 0 2 25840 0.03024
1 0 2 25839 0.02843
1 0 2 25838 0.02993
1 0 2 25837 0.02961
1 0 2 25837 0.02946
1 0 2 25837 0.0308
1 0 2 25836 0.02847
1 0 2 25836 0.02911
1 0 2 25836 0.02828
1 0 2 25834 0.02736
1 0 2 25834 0.03
1 0 2 25830 0.02981
1 0 2 25829 0.02804
1 0 2 25828 0.02861
1 0 2 25827 0.02894
1 0 2 25825 0.02936
1 0 2 25823 0.02954
1 0 2 25820 0.02896
1 0 2 25817 0.02884
1 0 2 25817 0.02758
1 0 2 25815 0.02881
1 0 2 25815 0.0273
1 0 2 25814 0.0291
1 0 2 25808 0.02849
1 0 2 25807 0.02793
1 0 2 25806 0.02903
1 0 2 25805 0.02873
1 0 2 25804 0.02915
1 0 2 25799 0.02841
1 0 2 25797 0.02822
1 0 2 25790 0.02781
1 0 2 25788 0.02909
1 0 2 25783 0.02895
1 0 2 25780 0.02877
1 0 2 25773 0.02784
1 0 2 25771 0.02762
1 0 2 25771 0.02744
1 0 2 25764 0.02732
1 0 2 25752 0.02876
1 0 2 25746 0.02849
1 0 2 25740 0.02758
1 0 2 25729 0.04675
1 0 2 25702 0.02903
1 0 2 25615 0.04776
1 0 2 25474 0.04692
1 0 2 25474 0.04691
1 0 2 25412 0.03085
1 0 2 25399 0.04752
1 0 2 25370 0.02976
1 0 2 25367 0.02856
1 0 2 25277 0.02955
1 0 2 25231 0.02913
1 0 2 25180 0.04654
1 0 2 25173 0.02904
1 0 2 25051 0.02906
1 0 2 25046 0.02889
1 0 2 25000 0.01092
1 0 2 25000 0.01013
1 0 2 25000 0.01022
1 0 2 25000 0.01105
1 0 2 25000 0.01013
1 0 2 25000 0.01014
1 0 2 25000 0.01005
1 0 2 25000 0.01006
1 0 2 25000 0.01027
1 0 2 25000 0.0109
1 0 2 25000 0.01025
1 0 2 25000 0.01002
1 0 2 25000 0.01015
1 0 2 25000 0.01139
1 0 2 25000 0.01226
1 0 2 25000 0.01223
1 0 2 25000 0.01076
1 0 2 24962 0.04699
1 0 2 24955 0.04657
1 0 2 24937 0.04612
1 0 2 24864 0.0274
1 0 2 24778 0.04654
1 0 2 24720 0.02817
1 0 2 24691 0.04669
1 0 2 24680 0.0285
1 0 2 24504 0.04662
1 0 2 24468 0.02943
1 0 2 24422 0.0268
1 0 2 24408 0.02749
1 0 2 24392 0.04636
1 0 2 24355 0.02893
1 0 2 24238 0.02801
1 0 2 24154 0.04572
1 0 2 24139 0.0449
1 0 2 15305 0.029
1 0 2 15305 0.01898
1 0 2 15305 0.01885
1 0 2 15304 0.01778
1 0 2 15304 0.02893
1 0 2 15304 0.01863
1 0 2 15304 0.01716
1 0 2 15304 0.01903
1 0 2 15304 0.01914
1 0 2 15303 0.01828
1 0 2 15303 0.01795
1 0 2 15303 0.01804
1 0 2 15303 0.01814
1 0 2 15302 0.01831
1 0 2 15302 0.01787
1 0 2 15302 0.01764
1 0 2 15302 0.0178
1 0 2 15302 0.01822
1 0 2 15301 0.01824
1 0 2 15301 0.01817
1 0 2 15300 0.01735
1 0 2 15300 0.01737
1 0 2 15300 0.01696
1 0 2 15299 0.01781
1 0 2 15299 0.01767
1 0 2 15299 0.02867
1 0 2 15298 0.01808
1 0 2 15298 0.01763
1 0 2 15298 0.01818
1 0 2 15297 0.01831
1 0 2 15297 0.01854
1 0 2 15296 0.0168
1 0 2 15296 0.01688
1 0 2 15295 0.01791
1 0 2 15295 0.01814
1 0 2 15294 0.01781
1 0 2 15294 0.0178
1 0 2 15291 0.01791
1 0 2 15291 0.01795
1 0 2 15289 0.01849
1 0 2 15288 0.01765
1 0 2 15287 0.01763
1 0 2 15285 0.01773
1 0 2 15283 0.01813
1 0 2 15283 0.01858
1 0 2 15280 0.01778
1 0 2 15280 0.02863
1 0 2 15278 0.02824
1 0 2 15278 0.02825
1 0 2 15270 0.01883
1 0 2 15270 0.01882
1 0 2 15267 0.01893
1 0 2 15265 0.01755
1 0 2 15263 0.01839
1 0 2 15238 0.01764
1 0 2 15226 0.01882
1 0 2 15216 0.01875
1 0 2 15205 0.0181
1 0 2 15196 0.02939
1 0 2 15177 0.0176
1 0 2 15170 0.01881
1 0 2 15090 0.01841
1 0 2 15090 0.01841
1 0 2 15068 0.01825
1 0 2 15055 0.01919
1 0 2 15044 0.02841
1 0 2 15016 0.02863
1 0 2 15000 0.02815
1 0 2 15000 0.006725
1 0 2 15000 0.006711
1 0 2 15000 0.006718
1 0 2 15000 0.006617
1 0 2 15000 0.006774
1 0 2 15000 0.006585
1 0 2 15000 0.006788
1 0 2 15000 0.00673
1 0 2 15000 0.006771
1 0 2 15000 0.006771
1 0 2 15000 0.006782
1 0 2 15000 0.006703
1 0 2 15000 0.006708
1 0 2 15000 0.006748
1 0 2 15000 0.006652
1 0 2 15000 0.006786
1 0 2 15000 0.006629
1 0 2 14986 0.02794
1 0 2 14949 0.02835
1 0 2 14927 0.02833
1 0 2 14914 0.01847
1 0 2 14914 0.01846
1 0 2 14907 0.0172
1 0 2 14905 0.01818
1 0 2 14904 0.01821
1 0 2 14803 0.0285
1 0 2 14793 0.01782
1 0 2 14790 0.01845
1 0 2 14785 0.0185
1 0 2 14774 0.02802
1 0 2 14767 0.02805
1 0 2 14717 0.01787
1 0 2 10135 0.01264
1 0 2 10135 0.01952
1 0 2 10135 0.01297
1 0 2 10135 0.01331
1 0 2 10134 0.0132
1 0 2 10134 0.0129
1 0 2 10134 0.0123
1 0 2 10134 0.01295
1 0 2 10134 0.0131
1 0 2 10134 0.01302
1 0 2 10133 0.01306
1 0 2 10133 0.01304
1 0 2 10133 0.0129
1 0 2 10133 0.02017
1 0 2 10133 0.01272
1 0 2 10133 0.0135
1 0 2 10132 0.01278
1 0 2 10132 0.01246
1 0 2 10132 0.01294
1 0 2 10132 0.02001
1 0 2 10132 0.01354
1 0 2 10132 0.01353
1 0 2 10132 0.01209
1 0 2 10132 0.0131
1 0 2 10131 0.01272
1 0 2 10131 0.01966
1 0 2 10131 0.01256
1 0 2 10131 0.01301
1 0 2 10131 0.01297
1 0 2 10130 0.01298
1 0 2 10130 0.01303
1 0 2 10130 0.01283
1 0 2 10130 0.01282
1 0 2 10130 0.01373
1 0 2 10129 0.01236
1 0 2 10129 0.01235
1 0 2 10129 0.01296
1 0 2 10128 0.01321
1 0 2 10128 0.01307
1 0 2 10128 0.01342
1 0 2 10128 0.01255
1 0 2 10127 0.01993
1 0 2 10126 0.01286
1 0 2 10126 0.01199
1 0 2 10125 0.01192
1 0 2 10125 0.01336
1 0 2 10120 0.02009
1 0 2 10120 0.01304
1 0 2 10116 0.01177
1 0 2 10115 0.01977
1 0 2 10114 0.01218
1 0 2 10111 0.01304
1 0 2 10098 0.01247
1 0 2 10098 0.01339
1 0 2 10092 0.01987
1 0 2 10092 0.02009
1 0 2 10091 0.01282
1 0 2 10087 0.01237
1 0 2 10085 0.02
1 0 2 10085 0.02002
1 0 2 10064 0.01308
1 0 2 10064 0.01244
1 0 2 10055 0.01313
1 0 2 10055 0.01311
1 0 2 10044 0.01291
1 0 2 10043 0.01336
1 0 2 10032 0.013
1 0 2 10024 0.01296
1 0 2 10023 0.01965
1 0 2 10022 0.01314
1 0 2 10015 0.01251
1 0 2 10014 0.0199
1 0 2 10003 0.01909
1 0 2 10000 0.005308
1 0 2 10000 0.005226
1 0 2 10000 0.005207
1 0 2 10000 0.005249
1 0 2 10000 0.005281
1 0 2 10000 0.005277
1 0 2 10000 0.005254
1 0 2 10000 0.005212
1 0 2 10000 0.005282
1 0 2 10000 0.005249
1 0 2 10000 0.005327
1 0 2 10000 0.005256
1 0 2 10000 0.005264
1 0 2 10000 0.00522
1 0 2 10000 0.005269
1 0 2 10000 0.005204
1 0 2 9998 0.01296
1 0 2 9983 0.01313
1 0 2 9947 0.01283
1 0 2 9944 0.01908
1 0 2 9934 0.0198
1 0 2 9915 0.01982
1 0 2 9912 0.0132
1 0 2 9877 0.01318
1 0 2 9872 0.01335
1 0 2 9864 0.01213
1 0 2 9864 0.0132
1 0 3 128530 0.1902
1 0 3 128241 0.1796
1 0 3 128194 0.1769
1 0 3 127879 0.1784
1 0 3 127812 0.184
1 0 3 127792 0.1843
1 0 3 127752 0.1842
1 0 3 127629 0.1824
1 0 3 127524 0.174
1 0 3 127384 0.1822
1 0 3 127334 0.1835
1 0 3 127265 0.1795
1 0 3 127248 0.1789
1 0 3 127247 0.174
1 0 3 127244 0.1741
1 0 3 127131 0.1778
1 0 3 126979 0.1758
1 0 3 126703 0.1727
1 0 3 126515 0.1744
1 0 3 126411 0.1714
1 0 3 126324 0.1736
1 0 3 126210 0.1788
1 0 3 125872 0.1731
1 0 3 125506 0.2645
1 0 3 125333 0.1859
1 0 3 124789 0.1831
1 0 3 124627 0.1721
1 0 3 124176 0.1767
1 0 3 123550 0.1765
1 0 3 123243 0.1704
1 0 3 123129 0.1811
1 0 3 122394 0.1182
1 0 3 121434 0.1218
1 0 3 121306 0.1231
1 0 3 120657 0.1199
1 0 3 120542 0.1507
1 0 3 119968 0.1181
1 0 3 119941 0.1177
1 0 3 119714 0.1169
1 0 3 119693 0.1218
1 0 3 119587 0.1501
1 0 3 118647 0.118
1 0 3 116261 0.116
1 0 3 115882 0.118
1 0 3 115763 0.1183
1 0 3 115549 0.1184
1 0 3 115356 0.1147
1 0 3 115151 0.1139
1 0 3 114520 0.1454
1 0 3 114270 0.1144
1 0 3 113410 0.1154
1 0 3 113410 0.1152
1 0 3 113243 0.1425
1 0 3 111910 0.1159
1 0 3 111795 0.1118
1 0 3 111300 0.1148
1 0 3 111138 0.1152
1 0 3 111028 0.1146
1 0 3 109963 0.1141
1 0 3 109877 0.1424
1 0 3 109305 0.1114
1 0 3 109252 0.1403
1 0 3 108828 0.1405
1 0 3 107885 0.1112
1 0 3 107462 0.1116
1 0 3 107462 0.111
1 0 3 106995 0.1116
1 0 3 106843 0.112
1 0 3 106515 0.1374
1 0 3 106407 0.108
1 0 3 106109 0.11
1 0 3 105956 0.1374
1 0 3 105461 0.1107
1 0 3 105444 0.109
1 0 3 105296 0.1091
1 0 3 105085 0.1065
1 0 3 104990 0.1084
1 0 3 104932 0.1082
1 0 3 104833 0.1142
1 0 3 104762 0.1085
1 0 3 104746 0.1089
1 0 3 104709 0.1108
1 0 3 104621 0.1088
1 0 3 104601 0.1098
1 0 3 104414 0.1104
1 0 3 104414 0.1093
1 0 3 104113 0.1069
1 0 3 104113 0.1069
1 0 3 104062 0.1079
1 0 3 104048 0.107
1 0 3 103946 0.1073
1 0 3 103936 0.1071
1 0 3 103688 0.1113
1 0 3 103455 0.09877
1 0 3 103292 0.1053
1 0 3 103163 0.107
1 0 3 103157 0.1062
1 0 3 103092 0.1366
1 0 3 103079 0.1083
1 0 3 103021 0.1044
1 0 3 102705 0.1081
1 0 3 102598 0.1074
1 0 3 102532 0.1051
1 0 3 102476 0.1055
1 0 3 102396 0.108
1 0 3 102389 0.1046
1 0 3 101873 0.1077
1 0 3 101172 0.1061
1 0 3 101045 0.1062
1 0 3 100711 0.1069
1 0 3 100199 0.1058
1 0 3 100000 0.07604
1 0 3 100000 0.07617
1 0 3 100000 0.07741
1 0 3 100000 0.07641
1 0 3 100000 0.07556
1 0 3 100000 0.07581
1 0 3 100000 0.07581
1 0 3 100000 0.07609
1 0 3 100000 0.07674
1 0 3 100000 0.0769
1 0 3 100000 0.07601
1 0 3 100000 0.07589
1 0 3 100000 0.07604
1 0 3 100000 0.07553
1 0 3 100000 0.07559
1 0 3 100000 0.07512
1 0 3 99989 0.105
1 0 3 99757 0.1013
1 0 3 99757 0.1011
1 0 3 99214 0.1024
1 0 3 99026 0.09985
1 0 3 99026 0.101
1 0 3 98398 0.103
1 0 3 98214 0.1007
1 0 3 97546 0.09855
1 0 3 97477 0.1292
1 0 3 97333 0.1029
1 0 3 97298 0.1036
1 0 3 96934 0.1305
1 0 3 96934 0.1302
1 0 3 95976 0.09749
1 0 3 95602 0.129
1 0 3 95024 0.1267
1 0 3 94751 0.09224
1 0 3 94595 0.1273
1 0 3 93953 0.09966
1 0 3 93940 0.09989
1 0 3 93935 0.09876
1 0 3 93881 0.09959
1 0 3 93838 0.0955
1 0 3 93221 0.1005
1 0 3 92495 0.1236
1 0 3 92191 0.09326
1 0 3 91600 0.09878
1 0 3 91016 0.09761
1 0 3 90945 0.09796
1 0 3 90921 0.09818
1 0 3 90809 0.09716
1 0 3 90758 0.0961
1 0 3 90726 0.09698
1 0 3 90637 0.09779
1 0 3 90573 0.09519
1 0 3 90541 0.09898
1 0 3 90526 0.09504
1 0 3 90508 0.09618
1 0 3 90447 0.09627
1 0 3 90422 0.0949
1 0 3 90405 0.0958
1 0 3 90389 0.09604
1 0 3 90313 0.09682
1 0 3 90303 0.09102
1 0 3 90247 0.0945
1 0 3 90224 0.0947
1 0 3 90184 0.1204
1 0 3 90066 0.09355
1 0 3 90027 0.09477
1 0 3 89875 0.09513
1 0 3 89841 0.09794
1 0 3 89769 0.09429
1 0 3 89760 0.09523
1 0 3 89489 0.09414
1 0 3 89489 0.09409
1 0 3 89380 0.09577
1 0 3 89344 0.1236
1 0 3 89299 0.09603
1 0 3 89142 0.09621
1 0 3 88809 0.09621
1 0 3 88809 0.0961
1 0 3 88533 0.1202
1 0 3 88425 0.09467
1 0 3 88392 0.09591
1 0 3 88363 0.09348
1 0 3 88275 0.09543
1 0 3 88221 0.09404
1 0 3 88122 0.09507
1 0 3 88054 0.1202
1 0 3 87976 0.09455
1 0 3 87930 0.1188
1 0 3 87874 0.09485
1 0 3 87822 0.09528
1 0 3 87637 0.09461
1 0 3 87347 0.0951
1 0 3 87147 0.09687
1 0 3 86984 0.1194
1 0 3 86904 0.09493
1 0 3 86756 0.09457
1 0 3 86744 0.09305
1 0 3 86680 0.0895
1 0 3 86518 0.09216
1 0 3 86504 0.06703
1 0 3 86280 0.0936
1 0 3 85931 0.09217
1 0 3 85910 0.09173
1 0 3 85572 0.0923
1 0 3 85440 0.09006
1 0 3 85223 0.09079
1 0 3 85223 0.09186
1 0 3 85200 0.118
1 0 3 85161 0.09221
1 0 3 85000 0.06489
1 0 3 85000 0.06503
1 0 3 85000 0.06595
1 0 3 85000 0.06645
1 0 3 85000 0.06567
1 0 3 85000 0.06598
1 0 3 85000 0.06603
1 0 3 85000 0.06621
1 0 3 85000 0.06577
1 0 3 85000 0.06659
1 0 3 85000 0.06572
1 0 3 85000 0.06548
1 0 3 85000 0.06503
1 0 3 85000 0.0653
1 0 3 84926 0.1158
1 0 3 84795 0.09108
1 0 3 84298 0.1164
1 0 3 84285 0.09153
1 0 3 84141 0.09193
1 0 3 84140 0.09012
1 0 3 84045 0.1171
1 0 3 83802 0.09023
1 0 3 83709 0.09095
1 0 3 83362 0.09007
1 0 3 83362 0.08917
1 0 3 83323 0.1147
1 0 3 83009 0.08882
1 0 3 82959 0.08924
1 0 3 82944 0.1134
1 0 3 82640 0.09032
1 0 3 82518 0.1146
1 0 3 82341 0.08828
1 0 3 82020 0.087
1 0 3 82020 0.08752
1 0 3 81728 0.114
1 0 3 81119 0.1101
1 0 3 81001 0.08931
1 0 3 80555 0.0868
1 0 3 80340 0.1133
1 0 3 80322 0.08701
1 0 3 80112 0.112
1 0 3 80112 0.111
1 0 3 79770 0.08756
1 0 3 78675 0.08594
1 0 3 78119 0.08539
1 0 3 77937 0.08456
1 0 3 77638 0.11
1 0 3 77259 0.1111
1 0 3 76381 0.1093
1 0 3 76381 0.1092
1 0 3 76095 0.07938
1 0 3 75813 0.1105
1 0 3 75339 0.08388
1 0 3 75000 0.05531
1 0 3 75000 0.05559
1 0 3 75000 0.05562
1 0 3 75000 0.0562
1 0 3 75000 0.05544
1 0 3 75000 0.05572
1 0 3 75000 0.05548
1 0 3 75000 0.05496
1 0 3 75000 0.05538
1 0 3 75000 0.0558
1 0 3 75000 0.05492
1 0 3 75000 0.05654
1 0 3 75000 0.05467
1 0 3 75000 0.05467
1 0 3 75000 0.05553
1 0 3 75000 0.05475
1 0 3 75000 0.05506
1 0 3 75000 0.05418
1 0 3 73959 0.1065
1 0 3 73771 0.08189
1 0 3 72638 0.1073
1 0 3 72638 0.1076
1 0 3 72121 0.07989
1 0 3 72000 0.07993
1 0 3 70922 0.1046
1 0 3 68205 0.07939
1 0 3 68205 0.07882
1 0 3 56948 0.09151
1 0 3 56941 0.06809
1 0 3 56928 0.06635
1 0 3 56918 0.06782
1 0 3 56907 0.06448
1 0 3 56899 0.06472
1 0 3 56839 0.06587
1 0 3 56831 0.06537
1 0 3 56789 0.06591
1 0 3 56778 0.06622
1 0 3 56771 0.06768
1 0 3 56769 0.0653
1 0 3 56767 0.06417
1 0 3 56724 0.06649
1 0 3 56714 0.06594
1 0 3 56711 0.06454
1 0 3 56705 0.06635
1 0 3 56692 0.06513
1 0 3 56668 0.06558
1 0 3 56653 0.06568
1 0 3 56652 0.06534
1 0 3 56652 0.06618
1 0 3 56636 0.06754
1 0 3 56617 0.06773
1 0 3 56588 0.06374
1 0 3 56582 0.06587
1 0 3 56564 0.06869
1 0 3 56515 0.06667
1 0 3 56503 0.06469
1 0 3 56436 0.06616
1 0 3 56315 0.06619
1 0 3 56199 0.06446
1 0 3 56063 0.08893
1 0 3 56023 0.06766
1 0 3 55972 0.06593
1 0 3 55889 0.06659
1 0 3 55729 0.06816
1 0 3 55675 0.06509
1 0 3 55597 0.06399
1 0 3 55597 0.06395
1 0 3 55421 0.06699
1 0 3 55421 0.06718
1 0 3 55269 0.06488
1 0 3 55173 0.06718
1 0 3 55048 0.09047
1 0 3 55032 0.08918
1 0 3 54915 0.06351
1 0 3 54903 0.06312
1 0 3 54764 0.06394
1 0 3 54725 0.06356
1 0 3 54455 0.06425
1 0 3 54074 0.06291
1 0 3 53833 0.06544
1 0 3 53647 0.08935
1 0 3 53618 0.06266
1 0 3 53371 0.08798
1 0 3 53213 0.06478
1 0 3 53104 0.06504
1 0 3 52813 0.06505
1 0 3 52806 0.06087
1 0 3 52540 0.06203
1 0 3 52501 0.06275
1 0 3 52163 0.06013
1 0 3 52118 0.08747
1 0 3 52113 0.06175
1 0 3 51928 0.06208
1 0 3 51815 0.08726
1 0 3 51388 0.06157
1 0 3 51388 0.06188
1 0 3 50794 0.08558
1 0 3 50774 0.06102
1 0 3 50014 0.08797
1 0 3 50013 0.06014
1 0 3 50009 0.08422
1 0 3 50000 0.03301
1 0 3 50000 0.03201
1 0 3 50000 0.03304
1 0 3 50000 0.03294
1 0 3 50000 0.03255
1 0 3 50000 0.0326
1 0 3 50000 0.03326
1 0 3 50000 0.03292
1 0 3 50000 0.03291
1 0 3 50000 0.0327
1 0 3 50000 0.03256
1 0 3 50000 0.03268
1 0 3 50000 0.03237
1 0 3 50000 0.03312
1 0 3 50000 0.03198
1 0 3 50000 0.03247
1 0 3 49603 0.05983
1 0 3 49603 0.05929
1 0 3 48869 0.05937
1 0 3 48869 0.05969
1 0 3 48058 0.08192
1 0 3 47941 0.05736
1 0 3 47364 0.05841
1 0 3 46858 0.05622
1 0 3 46482 0.07974
1 0 3 46382 0.0562
1 0 3 38366 0.04617
1 0 3 38357 0.04356
1 0 3 38350 0.04674
1 0 3 38346 0.04339
1 0 3 38329 0.04529
1 0 3 38328 0.04552
1 0 3 38315 0.04537
1 0 3 38312 0.04452
1 0 3 38303 0.05074
1 0 3 38302 0.05419
1 0 3 38297 0.05152
1 0 3 38293 0.0529
1 0 3 38286 0.04979
1 0 3 38285 0.04576
1 0 3 38280 0.04656
1 0 3 38279 0.04542
1 0 3 38278 0.04352
1 0 3 38274 0.0667
1 0 3 38265 0.04331
1 0 3 38255 0.04407
1 0 3 38255 0.04401
1 0 3 38236 0.04319
1 0 3 38233 0.0449
1 0 3 38203 0.04366
1 0 3 38199 0.04517
1 0 3 38151 0.04368
1 0 3 38125 0.04411
1 0 3 38123 0.04503
1 0 3 38102 0.04417
1 0 3 38090 0.04338
1 0 3 38041 0.04602
1 0 3 38027 0.06562
1 0 3 38004 0.0665
1 0 3 37952 0.04574
1 0 3 37908 0.06704
1 0 3 37887 0.04552
1 0 3 37852 0.04362
1 0 3 37781 0.04586
1 0 3 37774 0.04538
1 0 3 37584 0.04638
1 0 3 37523 0.04547
1 0 3 37508 0.0651
1 0 3 37434 0.06691
1 0 3 37402 0.06516
1 0 3 37371 0.04492
1 0 3 37255 0.0424
1 0 3 37178 0.04439
1 0 3 37112 0.06483
1 0 3 36926 0.04511
1 0 3 36694 0.04346
1 0 3 36675 0.06543
1 0 3 36647 0.06414
1 0 3 36450 0.04413
1 0 3 36370 0.04264
1 0 3 36342 0.04649
1 0 3 36281 0.05061
1 0 3 36031 0.04813
1 0 3 35989 0.05051
1 0 3 35989 0.05033
1 0 3 35832 0.06998
1 0 3 35757 0.04894
1 0 3 35715 0.05118
1 0 3 35662 0.04901
1 0 3 35655 0.04871
1 0 3 35637 0.05092
1 0 3 35477 0.05087
1 0 3 35477 0.05093
1 0 3 35354 0.06934
1 0 3 35268 0.04912
1 0 3 35239 0.04985
1 0 3 35145 0.0625
1 0 3 35092 0.04238
1 0 3 35080 0.06209
1 0 3 35058 0.04272
1 0 3 35000 0.02173
1 0 3 35000 0.02167
1 0 3 35000 0.0217
1 0 3 35000 0.02174
1 0 3 35000 0.02176
1 0 3 35000 0.02188
1 0 3 35000 0.02166
1 0 3 35000 0.02147
1 0 3 35000 0.02166
1 0 3 35000 0.02159
1 0 3 35000 0.02164
1 0 3 35000 0.02152
1 0 3 35000 0.02151
1 0 3 35000 0.02155
1 0 3 35000 0.02149
1 0 3 35000 0.02144
1 0 3 35000 0.02159
1 0 3 34732 0.06099
1 0 3 34732 0.061
1 0 3 34614 0.06172
1 0 3 34476 0.06184
1 0 3 34388 0.06126
1 0 3 33751 0.03877
1 0 3 33707 0.0403
1 0 3 33062 0.03751
1 0 3 33062 0.0373
1 0 3 26714 0.02971
1 0 3 26714 0.03065
1 0 3 26711 0.03006
1 0 3 26703 0.02916
1 0 3 26700 0.02991
1 0 3 26698 0.02942
1 0 3 26694 0.0296
1 0 3 26686 0.02855
1 0 3 26683 0.03064
1 0 3 26681 0.02962
1 0 3 26678 0.02991
1 0 3 26676 0.0303
1 0 3 26672 0.02982
1 0 3 26669 0.02832
1 0 3 26661 0.02983
1 0 3 26660 0.02999
1 0 3 26658 0.03039
1 0 3 26655 0.02985
1 0 3 26645 0.02922
1 0 3 26645 0.02889
1 0 3 26643 0.02909
1 0 3 26640 0.02845
1 0 3 26635 0.02854
1 0 3 26631 0.02925
1 0 3 26624 0.0301
1 0 3 26620 0.02905
1 0 3 26617 0.03051
1 0 3 26617 0.02936
1 0 3 26611 0.02774
1 0 3 26608 0.02855
1 0 3 26593 0.02791
1 0 3 26569 0.02745
1 0 3 26521 0.02987
1 0 3 26515 0.0292
1 0 3 26479 0.0481
1 0 3 26454 0.02978
1 0 3 26382 0.02857
1 0 3 26302 0.02948
1 0 3 26280 0.04781
1 0 3 26234 0.02757
1 0 3 26146 0.03015
1 0 3 26138 0.02975
1 0 3 26073 0.03019
1 0 3 25924 0.048
1 0 3 25862 0.0298
1 0 3 25857 0.03018
1 0 3 25831 0.02767
1 0 3 25806 0.04817
1 0 3 25795 0.02826
1 0 3 25779 0.04724
1 0 3 25759 0.04722
1 0 3 25738 0.02956
1 0 3 25691 0.04785
1 0 3 25648 0.02737
1 0 3 25545 0.02988
1 0 3 25526 0.04764
1 0 3 25479 0.02793
1 0 3 25437 0.04679
1 0 3 25402 0.0292
1 0 3 25392 0.04732
1 0 3 25371 0.02932
1 0 3 25360 0.01026
1 0 3 25360 0.02908
1 0 3 25307 0.02834
1 0 3 25307 0.02853
1 0 3 25302 0.04846
1 0 3 25229 0.02825
1 0 3 25221 0.02874
1 0 3 25215 0.04686
1 0 3 25204 0.0468
1 0 3 25176 0.02883
1 0 3 25110 0.04672
1 0 3 25093 0.04693
1 0 3 25070 0.02963
1 0 3 25060 0.02937
1 0 3 25000 0.01018
1 0 3 25000 0.01016
1 0 3 25000 0.01033
1 0 3 25000 0.01026
1 0 3 25000 0.01008
1 0 3 25000 0.0101
1 0 3 25000 0.01008
1 0 3 25000 0.0103
1 0 3 25000 0.01017
1 0 3 25000 0.01028
1 0 3 25000 0.01024
1 0 3 25000 0.01021
1 0 3 25000 0.01025
1 0 3 25000 0.01023
1 0 3 25000 0.01013
1 0 3 24953 0.02895
1 0 3 24931 0.04634
1 0 3 24879 0.02904
1 0 3 24751 0.04669
1 0 3 24665 0.04768
1 0 3 24590 0.02906
1 0 3 24399 0.02849
1 0 3 24355 0.04582
1 0 3 23870 0.02837
1 0 3 23632 0.04483
1 0 3 15611 0.01909
1 0 3 15609 0.01923
1 0 3 15608 0.01822
1 0 3 15607 0.01791
1 0 3 15607 0.01869
1 0 3 15606 0.01792
1 0 3 15605 0.01898
1 0 3 15605 0.01893
1 0 3 15604 0.01869
1 0 3 15604 0.01875
1 0 3 15603 0.01932
1 0 3 15603 0.01922
1 0 3 15603 0.01734
1 0 3 15602 0.01887
1 0 3 15602 0.01903
1 0 3 15601 0.01946
1 0 3 15599 0.01907
1 0 3 15598 0.01846
1 0 3 15598 0.0185
1 0 3 15597 0.01889
1 0 3 15596 0.01814
1 0 3 15596 0.01817
1 0 3 15594 0.01893
1 0 3 15593 0.01817
1 0 3 15591 0.01898
1 0 3 15589 0.01819
1 0 3 15587 0.01785
1 0 3 15583 0.01891
1 0 3 15583 0.01754
1 0 3 15582 0.0188
1 0 3 15575 0.01846
1 0 3 15572 0.01886
1 0 3 15571 0.03005
1 0 3 15569 0.01824
1 0 3 15568 0.01874
1 0 3 15568 0.0187
1 0 3 15535 0.0186
1 0 3 15524 0.01956
1 0 3 15513 0.01871
1 0 3 15486 0.0298
1 0 3 15483 0.01923
1 0 3 15439 0.03056
1 0 3 15437 0.03028
1 0 3 15430 0.0195
1 0 3 15418 0.02982
1 0 3 15391 0.01921
1 0 3 15368 0.01893
1 0 3 15357 0.01812
1 0 3 15353 0.01843
1 0 3 15347 0.01762
1 0 3 15324 0.01838
1 0 3 15301 0.0296
1 0 3 15299 0.02929
1 0 3 15296 0.0186
1 0 3 15271 0.0187
1 0 3 15261 0.01876
1 0 3 15241 0.01885
1 0 3 15224 0.01742
1 0 3 15224 0.01741
1 0 3 15223 0.01754
1 0 3 15197 0.01845
1 0 3 15183 0.01797
1 0 3 15183 0.01795
1 0 3 15173 0.01842
1 0 3 15151 0.01859
1 0 3 15151 0.01851
1 0 3 15090 0.02886
1 0 3 15090 0.02887
1 0 3 15086 0.01843
1 0 3 15081 0.01786
1 0 3 15044 0.01805
1 0 3 15039 0.02915
1 0 3 15034 0.02908
1 0 3 15025 0.01825
1 0 3 15000 0.006827
1 0 3 15000 0.006793
1 0 3 15000 0.006718
1 0 3 15000 0.006746
1 0 3 15000 0.006776
1 0 3 15000 0.006746
1 0 3 15000 0.006699
1 0 3 15000 0.006881
1 0 3 15000 0.006982
1 0 3 15000 0.006609
1 0 3 15000 0.006702
1 0 3 15000 0.006734
1 0 3 15000 0.006623
1 0 3 15000 0.006818
1 0 3 15000 0.006805
1 0 3 15000 0.006813
1 0 3 15000 0.006703
1 0 3 14981 0.02827
1 0 3 14924 0.01814
1 0 3 14924 0.01815
1 0 3 14880 0.02827
1 0 3 14842 0.02858
1 0 3 14772 0.02813
1 0 3 14723 0.01835
1 0 3 14692 0.02876
1 0 3 14676 0.01862
1 0 3 10272 0.01382
1 0 3 10271 0.01334
1 0 3 10270 0.02116
1 0 3 10270 0.01429
1 0 3 10269 0.01318
1 0 3 10268 0.01264
1 0 3 10268 0.01399
1 0 3 10267 0.0129
1 0 3 10267 0.01374
1 0 3 10266 0.01364
1 0 3 10266 0.01358
1 0 3 10266 0.01393
1 0 3 10265 0.01367
1 0 3 10264 0.01312
1 0 3 10264 0.01308
1 0 3 10264 0.01309
1 0 3 10262 0.01329
1 0 3 10262 0.01336
1 0 3 10262 0.01336
1 0 3 10261 0.01354
1 0 3 10260 0.01328
1 0 3 10260 0.01329
1 0 3 10259 0.01277
1 0 3 10259 0.01277
1 0 3 10259 0.01323
1 0 3 10258 0.0135
1 0 3 10258 0.01352
1 0 3 10258 0.01321
1 0 3 10258 0.01317
1 0 3 10255 0.01326
1 0 3 10254 0.01312
1 0 3 10254 0.01304
1 0 3 10253 0.01327
1 0 3 10249 0.01338
1 0 3 10245 0.0137
1 0 3 10243 0.01351
1 0 3 10237 0.01306
1 0 3 10237 0.01376
1 0 3 10235 0.02005
1 0 3 10233 0.02008
1 0 3 10224 0.01312
1 0 3 10224 0.0131
1 0 3 10216 0.01319
1 0 3 10214 0.02055
1 0 3 10212 0.0132
1 0 3 10197 0.0204
1 0 3 10195 0.02027
1 0 3 10192 0.01294
1 0 3 10186 0.02034
1 0 3 10173 0.01303
1 0 3 10173 0.01311
1 0 3 10162 0.01356
1 0 3 10147 0.01271
1 0 3 10139 0.02014
1 0 3 10123 0.01955
1 0 3 10123 0.01954
1 0 3 10121 0.01314
1 0 3 10116 0.01989
1 0 3 10114 0.01328
1 0 3 10112 0.01337
1 0 3 10098 0.01998
1 0 3 10093 0.01999
1 0 3 10073 0.01221
1 0 3 10071 0.01981
1 0 3 10058 0.01349
1 0 3 10057 0.01318
1 0 3 10049 0.01303
1 0 3 10035 0.01222
1 0 3 10028 0.01285
1 0 3 10022 0.01968
1 0 3 10022 0.01228
1 0 3 10017 0.01917
1 0 3 10000 0.00524
1 0 3 10000 0.005241
1 0 3 10000 0.005237
1 0 3 10000 0.005234
1 0 3 10000 0.005237
1 0 3 10000 0.005238
1 0 3 10000 0.005191
1 0 3 10000 0.005245
1 0 3 10000 0.005231
1 0 3 10000 0.00523
1 0 3 10000 0.005159
1 0 3 10000 0.005232
1 0 3 10000 0.005143
1 0 3 10000 0.005239
1 0 3 10000 0.0052
1 0 3 10000 0.00527
1 0 3 10000 0.005277
1 0 3 10000 0.005209
1 0 3 9990 0.01331
1 0 3 9983 0.01259
1 0 3 9979 0.01322
1 0 3 9923 0.01309
1 0 3 9914 0.01265
1 0 3 9883 0.01937
1 0 3 9864 0.01328
1 0 3 9847 0.01952
1 0 3 9831 0.01285
1 0 3 9817 0.01968
1 0 4 145508 0.1961
1 0 4 145282 0.1878
1 0 4 144785 0.1963
1 0 4 144784 0.1876
1 0 4 144469 0.1947
1 0 4 144179 0.1881
1 0 4 144083 0.1918
1 0 4 144031 0.1843
1 0 4 143952 0.1954
1 0 4 143951 0.1869
1 0 4 143883 0.1954
1 0 4 143753 0.1946
1 0 4 143673 0.1903
1 0 4 143378 0.1937
1 0 4 143378 0.1954
1 0 4 142686 0.1965
1 0 4 142174 0.1878
1 0 4 141889 0.194
1 0 4 140023 0.1899
1 0 4 139907 0.1958
1 0 4 139745 0.1829
1 0 4 139426 0.185
1 0 4 139328 0.194
1 0 4 139169 0.1881
1 0 4 138895 0.1819
1 0 4 136894 0.2005
1 0 4 136894 0.2004
1 0 4 136036 0.1879
1 0 4 134845 0.1862
1 0 4 134677 0.1793
1 0 4 134345 0.1855
1 0 4 133934 0.1804
1 0 4 133726 0.1842
1 0 4 132046 0.1815
1 0 4 131434 0.188
1 0 4 131186 0.1916
1 0 4 130438 0.1827
1 0 4 130317 0.1938
1 0 4 129933 0.1876
1 0 4 127948 0.1837
1 0 4 126534 0.266
1 0 4 125760 0.181
1 0 4 125092 0.2631
1 0 4 124647 0.1811
1 0 4 123678 0.204
1 0 4 123243 0.1866
1 0 4 123190 0.1815
1 0 4 122285 0.1239
1 0 4 121822 0.1247
1 0 4 121159 0.1214
1 0 4 121146 0.1216
1 0 4 121143 0.1219
1 0 4 120323 0.1221
1 0 4 119006 0.1189
1 0 4 118956 0.1196
1 0 4 118482 0.1201
1 0 4 117746 0.1203
1 0 4 117261 0.119
1 0 4 116815 0.1183
1 0 4 116793 0.1141
1 0 4 116450 0.1186
1 0 4 116419 0.117
1 0 4 116240 0.1143
1 0 4 116240 0.1144
1 0 4 116200 0.1168
1 0 4 116043 0.1155
1 0 4 116008 0.1135
1 0 4 115888 0.1145
1 0 4 115549 0.1478
1 0 4 115549 0.1465
1 0 4 115501 0.1173
1 0 4 115499 0.1177
1 0 4 115460 0.1149
1 0 4 115359 0.1081
1 0 4 115217 0.1176
1 0 4 115090 0.1146
1 0 4 114874 0.1446
1 0 4 114813 0.1144
1 0 4 114317 0.1156
1 0 4 114291 0.1166
1 0 4 114190 0.1128
1 0 4 114190 0.1142
1 0 4 114163 0.1167
1 0 4 114058 0.1125
1 0 4 113930 0.1152
1 0 4 113859 0.115
1 0 4 113764 0.1124
1 0 4 113736 0.1162
1 0 4 113209 0.113
1 0 4 112703 0.1049
1 0 4 112132 0.1126
1 0 4 111250 0.1139
1 0 4 110700 0.1418
1 0 4 110573 0.1119
1 0 4 110153 0.1101
1 0 4 109795 0.1118
1 0 4 109361 0.1108
1 0 4 109099 0.1114
1 0 4 108817 0.1401
1 0 4 108751 0.1365
1 0 4 107523 0.1388
1 0 4 107332 0.1397
1 0 4 106941 0.1065
1 0 4 106534 0.1099
1 0 4 106356 0.11
1 0 4 106264 0.1381
1 0 4 105954 0.1118
1 0 4 105589 0.1111
1 0 4 105446 0.1101
1 0 4 105054 0.1069
1 0 4 105054 0.1068
1 0 4 104567 0.1108
1 0 4 104567 0.1106
1 0 4 104399 0.1042
1 0 4 104105 0.1105
1 0 4 104033 0.108
1 0 4 103855 0.1073
1 0 4 103380 0.1354
1 0 4 102607 0.1048
1 0 4 102541 0.1073
1 0 4 102411 0.1075
1 0 4 102097 0.1333
1 0 4 102088 0.1061
1 0 4 101622 0.1058
1 0 4 101402 0.1328
1 0 4 100815 0.1016
1 0 4 100200 0.1045
1 0 4 100048 0.1322
1 0 4 100000 0.07557
1 0 4 100000 0.07523
1 0 4 100000 0.07516
1 0 4 100000 0.07578
1 0 4 100000 0.07558
1 0 4 100000 0.07519
1 0 4 100000 0.07435
1 0 4 100000 0.0743
1 0 4 100000 0.07472
1 0 4 100000 0.07444
1 0 4 100000 0.07568
1 0 4 100000 0.0747
1 0 4 100000 0.07559
1 0 4 100000 0.07589
1 0 4 100000 0.07577
1 0 4 100000 0.07461
1 0 4 100000 0.07385
1 0 4 99973 0.1029
1 0 4 99757 0.1025
1 0 4 99684 0.09963
1 0 4 99621 0.1049
1 0 4 99621 0.104
1 0 4 99445 0.1033
1 0 4 99432 0.103
1 0 4 99354 0.1016
1 0 4 99322 0.103
1 0 4 99277 0.1019
1 0 4 99246 0.1009
1 0 4 99075 0.1014
1 0 4 99056 0.09935
1 0 4 99048 0.1
1 0 4 98933 0.1289
1 0 4 98884 0.1027
1 0 4 98828 0.1009
1 0 4 98626 0.104
1 0 4 98319 0.1012
1 0 4 98319 0.1014
1 0 4 98273 0.1282
1 0 4 97988 0.1009
1 0 4 97632 0.1
1 0 4 97482 0.0993
1 0 4 97476 0.1005
1 0 4 97398 0.1029
1 0 4 96704 0.1033
1 0 4 96679 0.1039
1 0 4 96436 0.1284
1 0 4 96297 0.09878
1 0 4 96054 0.102
1 0 4 95979 0.09911
1 0 4 95907 0.098
1 0 4 95673 0.09855
1 0 4 95574 0.1041
1 0 4 95484 0.09845
1 0 4 95384 0.09901
1 0 4 95067 0.09961
1 0 4 95040 0.09842
1 0 4 94984 0.0997
1 0 4 94473 0.1262
1 0 4 94441 0.1256
1 0 4 94265 0.1262
1 0 4 94184 0.1001
1 0 4 93956 0.09768
1 0 4 93860 0.09452
1 0 4 93712 0.1
1 0 4 93666 0.0973
1 0 4 93477 0.1012
1 0 4 93471 0.09218
1 0 4 93113 0.1247
1 0 4 92281 0.09855
1 0 4 92263 0.09836
1 0 4 92016 0.1
1 0 4 91998 0.09841
1 0 4 91970 0.09347
1 0 4 91878 0.09791
1 0 4 91581 0.1243
1 0 4 91456 0.09721
1 0 4 90978 0.1236
1 0 4 90952 0.09557
1 0 4 90713 0.09592
1 0 4 90701 0.09466
1 0 4 90346 0.1226
1 0 4 90248 0.1217
1 0 4 90235 0.09674
1 0 4 89964 0.09504
1 0 4 89562 0.09558
1 0 4 89081 0.09544
1 0 4 88809 0.1216
1 0 4 88700 0.1188
1 0 4 88166 0.09077
1 0 4 88064 0.1207
1 0 4 87850 0.09135
1 0 4 87821 0.1203
1 0 4 87517 0.09188
1 0 4 87517 0.09274
1 0 4 87305 0.09396
1 0 4 87211 0.1176
1 0 4 87149 0.09384
1 0 4 86823 0.09353
1 0 4 86718 0.06566
1 0 4 85932 0.1169
1 0 4 85932 0.1174
1 0 4 85894 0.08996
1 0 4 85436 0.1191
1 0 4 85206 0.09057
1 0 4 85181 0.09257
1 0 4 85000 0.0653
1 0 4 85000 0.06588
1 0 4 85000 0.06686
1 0 4 85000 0.06657
1 0 4 85000 0.06638
1 0 4 85000 0.06613
1 0 4 85000 0.06557
1 0 4 85000 0.06489
1 0 4 85000 0.06518
1 0 4 85000 0.06524
1 0 4 85000 0.06501
1 0 4 85000 0.06585
1 0 4 85000 0.0662
1 0 4 85000 0.06474
1 0 4 85000 0.0659
1 0 4 84994 0.1171
1 0 4 84271 0.08866
1 0 4 83583 0.08592
1 0 4 83340 0.08895
1 0 4 82761 0.1152
1 0 4 82761 0.115
1 0 4 81914 0.08905
1 0 4 81750 0.08971
1 0 4 81704 0.08615
1 0 4 80961 0.113
1 0 4 80961 0.1127
1 0 4 80712 0.1113
1 0 4 80616 0.113
1 0 4 80179 0.1123
1 0 4 80001 0.08719
1 0 4 79592 0.113
1 0 4 79390 0.08602
1 0 4 79065 0.08663
1 0 4 78850 0.1117
1 0 4 78815 0.1063
1 0 4 78323 0.1096
1 0 4 77358 0.111
1 0 4 77358 0.1109
1 0 4 76915 0.1108
1 0 4 75991 0.08412
1 0 4 75847 0.1099
1 0 4 75432 0.08287
1 0 4 75121 0.1078
1 0 4 75000 0.05497
1 0 4 75000 0.05434
1 0 4 75000 0.0547
1 0 4 75000 0.05467
1 0 4 75000 0.05574
1 0 4 75000 0.05599
1 0 4 75000 0.05564
1 0 4 75000 0.05508
1 0 4 75000 0.05464
1 0 4 75000 0.05519
1 0 4 75000 0.05593
1 0 4 75000 0.05476
1 0 4 75000 0.05489
1 0 4 75000 0.05513
1 0 4 75000 0.05532
1 0 4 75000 0.05532
1 0 4 74990 0.1069
1 0 4 74820 0.08201
1 0 4 72841 0.08215
1 0 4 71302 0.08
1 0 4 70040 0.07997
1 0 4 69803 0.1031
1 0 4 67762 0.1029
1 0 4 67762 0.1034
1 0 4 60718 0.07163
1 0 4 60665 0.07217
1 0 4 60609 0.07098
1 0 4 60551 0.07133
1 0 4 60540 0.07127
1 0 4 60481 0.07094
1 0 4 60479 0.0671
1 0 4 60432 0.06959
1 0 4 60405 0.07077
1 0 4 60385 0.07103
1 0 4 60382 0.06925
1 0 4 60358 0.06967
1 0 4 60314 0.06997
1 0 4 60305 0.06937
1 0 4 60268 0.06792
1 0 4 60169 0.0702
1 0 4 60160 0.06912
1 0 4 60072 0.06891
1 0 4 59916 0.07215
1 0 4 59861 0.06969
1 0 4 59858 0.06953
1 0 4 59808 0.07086
1 0 4 59755 0.07056
1 0 4 59720 0.0707
1 0 4 59426 0.07124
1 0 4 59165 0.07052
1 0 4 59118 0.07034
1 0 4 58953 0.06935
1 0 4 58895 0.07052
1 0 4 58557 0.06561
1 0 4 58484 0.06922
1 0 4 58355 0.06854
1 0 4 58103 0.06765
1 0 4 58063 0.09242
1 0 4 58040 0.06524
1 0 4 57954 0.06643
1 0 4 57594 0.095
1 0 4 57564 0.06682
1 0 4 57526 0.06686
1 0 4 57301 0.06638
1 0 4 56947 0.06631
1 0 4 56730 0.06447
1 0 4 56682 0.068
1 0 4 56597 0.09124
1 0 4 56540 0.06735
1 0 4 56383 0.0653
1 0 4 56197 0.06653
1 0 4 56096 0.06465
1 0 4 56057 0.09015
1 0 4 56040 0.06708
1 0 4 55870 0.06676
1 0 4 55603 0.09039
1 0 4 55344 0.0915
1 0 4 54463 0.0866
1 0 4 54463 0.08688
1 0 4 54320 0.08884
1 0 4 54256 0.06424
1 0 4 54035 0.08898
1 0 4 53626 0.06266
1 0 4 53397 0.06492
1 0 4 53358 0.08813
1 0 4 53260 0.08933
1 0 4 53196 0.06368
1 0 4 52973 0.06445
1 0 4 52812 0.06386
1 0 4 52570 0.0874
1 0 4 52366 0.06424
1 0 4 51911 0.08767
1 0 4 51887 0.08584
1 0 4 51513 0.08685
1 0 4 51347 0.06244
1 0 4 51271 0.08792
1 0 4 50471 0.08701
1 0 4 50000 0.03357
1 0 4 50000 0.03231
1 0 4 50000 0.03275
1 0 4 50000 0.03229
1 0 4 50000 0.03169
1 0 4 50000 0.03255
1 0 4 50000 0.03221
1 0 4 50000 0.03195
1 0 4 50000 0.03266
1 0 4 50000 0.03203
1 0 4 50000 0.03197
1 0 4 50000 0.03305
1 0 4 50000 0.03193
1 0 4 50000 0.03274
1 0 4 50000 0.03237
1 0 4 50000 0.0323
1 0 4 50000 0.03261
1 0 4 49950 0.05835
1 0 4 49371 0.05968
1 0 4 48938 0.05762
1 0 4 48938 0.05753
1 0 4 47475 0.05832
1 0 4 46885 0.05813
1 0 4 46490 0.07938
1 0 4 46426 0.05601
1 0 4 44512 0.05406
1 0 4 43867 0.05519
1 0 4 40171 0.04857
1 0 4 40167 0.0491
1 0 4 40139 0.04857
1 0 4 40137 0.04588
1 0 4 40115 0.0465
1 0 4 40111 0.04587
1 0 4 40094 0.04679
1 0 4 40090 0.04798
1 0 4 40083 0.04733
1 0 4 40078 0.04454
1 0 4 40060 0.04584
1 0 4 40046 0.04671
1 0 4 40032 0.04737
1 0 4 40030 0.04717
1 0 4 40023 0.04759
1 0 4 40004 0.04692
1 0 4 40000 0.04606
1 0 4 39996 0.04536
1 0 4 39986 0.04587
1 0 4 39968 0.04804
1 0 4 39960 0.04649
1 0 4 39920 0.0457
1 0 4 39888 0.04589
1 0 4 39883 0.04641
1 0 4 39841 0.04565
1 0 4 39834 0.04837
1 0 4 39817 0.0448
1 0 4 39794 0.04828
1 0 4 39734 0.04673
1 0 4 39664 0.04704
1 0 4 39580 0.04601
1 0 4 39409 0.06796
1 0 4 39275 0.04787
1 0 4 39137 0.04495
1 0 4 39137 0.04517
1 0 4 39114 0.06752
1 0 4 38982 0.04754
1 0 4 38935 0.04775
1 0 4 38909 0.0665
1 0 4 38861 0.04482
1 0 4 38409 0.04887
1 0 4 38307 0.06546
1 0 4 38207 0.04586
1 0 4 38147 0.04581
1 0 4 38101 0.04466
1 0 4 38013 0.06676
1 0 4 37977 0.04514
1 0 4 37747 0.04538
1 0 4 37637 0.06535
1 0 4 37374 0.0442
1 0 4 37327 0.04534
1 0 4 37258 0.04384
1 0 4 37119 0.06487
1 0 4 37040 0.04552
1 0 4 36947 0.04589
1 0 4 36929 0.04425
1 0 4 36877 0.04631
1 0 4 36740 0.0648
1 0 4 36684 0.04347
1 0 4 36489 0.04509
1 0 4 36485 0.04476
1 0 4 36441 0.04494
1 0 4 36323 0.04614
1 0 4 36313 0.04398
1 0 4 36266 0.04507
1 0 4 36019 0.06359
1 0 4 35876 0.06337
1 0 4 35731 0.06369
1 0 4 35620 0.04551
1 0 4 35514 0.06381
1 0 4 35109 0.0638
1 0 4 35001 0.04294
1 0 4 35000 0.0215
1 0 4 35000 0.02161
1 0 4 35000 0.02172
1 0 4 35000 0.02123
1 0 4 35000 0.0217
1 0 4 35000 0.02141
1 0 4 35000 0.02178
1 0 4 35000 0.02135
1 0 4 35000 0.02144
1 0 4 35000 0.02129
1 0 4 35000 0.02158
1 0 4 35000 0.02136
1 0 4 35000 0.02133
1 0 4 35000 0.02148
1 0 4 35000 0.02162
1 0 4 35000 0.02168
1 0 4 34967 0.04298
1 0 4 34847 0.04173
1 0 4 34717 0.04099
1 0 4 34651 0.04311
1 0 4 34618 0.06168
1 0 4 34570 0.04124
1 0 4 34345 0.06083
1 0 4 34186 0.04183
1 0 4 33902 0.06033
1 0 4 33834 0.04141
1 0 4 33661 0.04027
1 0 4 32745 0.05795
1 0 4 27628 0.03238
1 0 4 27615 0.0317
1 0 4 27601 0.03168
1 0 4 27584 0.03066
1 0 4 27581 0.03026
1 0 4 27554 0.03037
1 0 4 27553 0.0301
1 0 4 27549 0.03062
1 0 4 27549 0.03054
1 0 4 27543 0.02968
1 0 4 27541 0.02963
1 0 4 27539 0.0312
1 0 4 27532 0.03004
1 0 4 27519 0.03102
1 0 4 27515 0.02991
1 0 4 27511 0.03044
1 0 4 27504 0.02958
1 0 4 27487 0.02954
1 0 4 27485 0.03011
1 0 4 27480 0.03055
1 0 4 27479 0.02896
1 0 4 27477 0.0294
1 0 4 27460 0.03062
1 0 4 27452 0.02974
1 0 4 27449 0.02987
1 0 4 27439 0.02938
1 0 4 27382 0.02926
1 0 4 27356 0.02866
1 0 4 27341 0.03017
1 0 4 27331 0.0297
1 0 4 27288 0.03094
1 0 4 27278 0.03048
1 0 4 27188 0.031
1 0 4 27102 0.02984
1 0 4 27070 0.02901
1 0 4 26988 0.03064
1 0 4 26860 0.03096
1 0 4 26838 0.03137
1 0 4 26682 0.02905
1 0 4 26627 0.02983
1 0 4 26627 0.03042
1 0 4 26603 0.03059
1 0 4 26527 0.04779
1 0 4 26521 0.04834
1 0 4 26447 0.0473
1 0 4 26268 0.02941
1 0 4 26237 0.0471
1 0 4 26209 0.02914
1 0 4 26189 0.03076
1 0 4 26081 0.03117
1 0 4 26058 0.02928
1 0 4 26017 0.03053
1 0 4 26007 0.02982
1 0 4 25964 0.02821
1 0 4 25916 0.0466
1 0 4 25907 0.02978
1 0 4 25866 0.03004
1 0 4 25866 0.02994
1 0 4 25720 0.02831
1 0 4 25668 0.04747
1 0 4 25619 0.02922
1 0 4 25583 0.02992
1 0 4 25574 0.04754
1 0 4 25552 0.0293
1 0 4 25490 0.02815
1 0 4 25421 0.04735
1 0 4 25390 0.02808
1 0 4 25360 0.01012
1 0 4 25357 0.02959
1 0 4 25341 0.04707
1 0 4 25281 0.04622
1 0 4 25236 0.02759
1 0 4 25168 0.02924
1 0 4 25029 0.02885
1 0 4 25020 0.0464
1 0 4 25000 0.01023
1 0 4 25000 0.01015
1 0 4 25000 0.01007
1 0 4 25000 0.01024
1 0 4 25000 0.01014
1 0 4 25000 0.01022
1 0 4 25000 0.01022
1 0 4 25000 0.01007
1 0 4 25000 0.01018
1 0 4 25000 0.01028
1 0 4 25000 0.01016
1 0 4 25000 0.01012
1 0 4 25000 0.01028
1 0 4 25000 0.01014
1 0 4 25000 0.01018
1 0 4 24824 0.02811
1 0 4 24796 0.04765
1 0 4 24700 0.02842
1 0 4 24534 0.02985
1 0 4 24467 0.02923
1 0 4 24384 0.0455
1 0 4 24291 0.02833
1 0 4 24291 0.0283
1 0 4 24082 0.02853
1 0 4 23977 0.02699
1 0 4 15927 0.01897
1 0 4 15921 0.01884
1 0 4 15919 0.01892
1 0 4 15919 0.01844
1 0 4 15918 0.01775
1 0 4 15917 0.01774
1 0 4 15916 0.01934
1 0 4 15913 0.01893
1 0 4 15910 0.01889
1 0 4 15910 0.01918
1 0 4 15907 0.01958
1 0 4 15906 0.01851
1 0 4 15904 0.01897
1 0 4 15904 0.01908
1 0 4 15899 0.01788
1 0 4 15898 0.01866
1 0 4 15898 0.01886
1 0 4 15897 0.0188
1 0 4 15896 0.01855
1 0 4 15896 0.01892
1 0 4 15892 0.01724
1 0 4 15890 0.01849
1 0 4 15890 0.01762
1 0 4 15882 0.01884
1 0 4 15880 0.01799
1 0 4 15879 0.0179
1 0 4 15872 0.01871
1 0 4 15855 0.03042
1 0 4 15855 0.03037
1 0 4 15819 0.01934
1 0 4 15811 0.01858
1 0 4 15790 0.01824
1 0 4 15770 0.01786
1 0 4 15744 0.01882
1 0 4 15727 0.03039
1 0 4 15720 0.03062
1 0 4 15705 0.01909
1 0 4 15680 0.01955
1 0 4 15669 0.01898
1 0 4 15652 0.01816
1 0 4 15650 0.01787
1 0 4 15639 0.01837
1 0 4 15597 0.03021
1 0 4 15596 0.02045
1 0 4 15573 0.01892
1 0 4 15513 0.01829
1 0 4 15505 0.0181
1 0 4 15487 0.01803
1 0 4 15487 0.01855
1 0 4 15483 0.01919
1 0 4 15448 0.01875
1 0 4 15448 0.01944
1 0 4 15442 0.01854
1 0 4 15435 0.0178
1 0 4 15424 0.02982
1 0 4 15406 0.01819
1 0 4 15391 0.03015
1 0 4 15391 0.03002
1 0 4 15363 0.01829
1 0 4 15337 0.02915
1 0 4 15337 0.02916
1 0 4 15333 0.01608
1 0 4 15327 0.01731
1 0 4 15277 0.02965
1 0 4 15276 0.02906
1 0 4 15246 0.0184
1 0 4 15233 0.01864
1 0 4 15198 0.01876
1 0 4 15182 0.01819
1 0 4 15145 0.02874
1 0 4 15127 0.01846
1 0 4 15125 0.01839
1 0 4 15084 0.02966
1 0 4 15001 0.02821
1 0 4 15000 0.006811
1 0 4 15000 0.00679
1 0 4 15000 0.006747
1 0 4 15000 0.006615
1 0 4 15000 0.006765
1 0 4 15000 0.006768
1 0 4 15000 0.006752
1 0 4 15000 0.006779
1 0 4 15000 0.00675
1 0 4 15000 0.006736
1 0 4 15000 0.006693
1 0 4 15000 0.006734
1 0 4 15000 0.006785
1 0 4 15000 0.006877
1 0 4 15000 0.00677
1 0 4 15000 0.006663
1 0 4 15000 0.006789
1 0 4 14937 0.01846
1 0 4 14902 0.01806
1 0 4 14876 0.018
1 0 4 14827 0.01799
1 0 4 14788 0.02904
1 0 4 14759 0.01865
1 0 4 14713 0.01818
1 0 4 14625 0.02823
1 0 4 14625 0.02828
1 0 4 10411 0.01358
1 0 4 10409 0.01412
1 0 4 10405 0.01422
1 0 4 10403 0.01416
1 0 4 10402 0.01377
1 0 4 10401 0.0141
1 0 4 10400 0.01373
1 0 4 10400 0.01346
1 0 4 10399 0.01353
1 0 4 10397 0.01376
1 0 4 10397 0.01361
1 0 4 10397 0.01369
1 0 4 10395 0.0128
1 0 4 10395 0.01405
1 0 4 10394 0.01368
1 0 4 10393 0.01359
1 0 4 10393 0.01314
1 0 4 10393 0.01317
1 0 4 10391 0.01356
1 0 4 10390 0.01398
1 0 4 10390 0.01336
1 0 4 10387 0.01314
1 0 4 10387 0.01367
1 0 4 10384 0.01341
1 0 4 10383 0.01329
1 0 4 10380 0.01366
1 0 4 10380 0.01395
1 0 4 10361 0.01411
1 0 4 10358 0.01374
1 0 4 10357 0.01438
1 0 4 10354 0.01439
1 0 4 10353 0.014
1 0 4 10346 0.0136
1 0 4 10345 0.01397
1 0 4 10318 0.01328
1 0 4 10315 0.01316
1 0 4 10313 0.0134
1 0 4 10307 0.02233
1 0 4 10301 0.01434
1 0 4 10274 0.01396
1 0 4 10269 0.01424
1 0 4 10269 0.01409
1 0 4 10265 0.01423
1 0 4 10249 0.01431
1 0 4 10245 0.0143
1 0 4 10237 0.0127
1 0 4 10230 0.02015
1 0 4 10227 0.01375
1 0 4 10208 0.01358
1 0 4 10204 0.02086
1 0 4 10195 0.01354
1 0 4 10195 0.01379
1 0 4 10184 0.01351
1 0 4 10165 0.02019
1 0 4 10161 0.01985
1 0 4 10160 0.02014
1 0 4 10152 0.01253
1 0 4 10151 0.01985
1 0 4 10148 0.01277
1 0 4 10147 0.01324
1 0 4 10127 0.01278
1 0 4 10124 0.02043
1 0 4 10123 0.01317
1 0 4 10114 0.01333
1 0 4 10101 0.01288
1 0 4 10094 0.01294
1 0 4 10093 0.01988
1 0 4 10093 0.01306
1 0 4 10080 0.01295
1 0 4 10063 0.01339
1 0 4 10022 0.02026
1 0 4 10022 0.02029
1 0 4 10015 0.01292
1 0 4 10010 0.0125
1 0 4 10000 0.005277
1 0 4 10000 0.005269
1 0 4 10000 0.005266
1 0 4 10000 0.005199
1 0 4 10000 0.005212
1 0 4 10000 0.005296
1 0 4 10000 0.005181
1 0 4 10000 0.005236
1 0 4 10000 0.005257
1 0 4 10000 0.005197
1 0 4 10000 0.005247
1 0 4 10000 0.0052
1 0 4 10000 0.00518
1 0 4 10000 0.005245
1 0 4 10000 0.005239
1 0 4 10000 0.005184
1 0 4 10000 0.005241
1 0 4 9979 0.01247
1 0 4 9962 0.01302
1 0 4 9947 0.01295
1 0 4 9920 0.02034
1 0 4 9853 0.01344
1 0 4 9816 0.01968
1 0 4 9779 0.01984
1 0 4 9749 0.01329
1 0 4 9727 0.0194
1 0 5 164799 0.2103
1 0 5 163806 0.2096
1 0 5 163475 0.2042
1 0 5 163251 0.2064
1 0 5 162761 0.2047
1 0 5 162559 0.1896
1 0 5 162497 0.2061
1 0 5 162485 0.2021
1 0 5 161978 0.2044
1 0 5 161795 0.2041
1 0 5 161564 0.1999
1 0 5 161512 0.2022
1 0 5 161172 0.2063
1 0 5 161172 0.2058
1 0 5 161035 0.2044
1 0 5 160486 0.2073
1 0 5 160338 0.1989
1 0 5 157775 0.1919
1 0 5 157775 0.1912
1 0 5 156409 0.2032
1 0 5 155080 0.1957
1 0 5 154216 0.2029
1 0 5 152505 0.192
1 0 5 151976 0.1895
1 0 5 151917 0.195
1 0 5 151183 0.1895
1 0 5 150959 0.1946
1 0 5 148660 0.2003
1 0 5 147627 0.1939
1 0 5 147617 0.1982
1 0 5 146196 0.2023
1 0 5 145357 0.1912
1 0 5 143788 0.1851
1 0 5 143273 0.189
1 0 5 142468 0.2827
1 0 5 142387 0.1904
1 0 5 141807 0.1803
1 0 5 141044 0.1958
1 0 5 140330 0.278
1 0 5 140053 0.1936
1 0 5 137655 0.1835
1 0 5 135760 0.2759
1 0 5 135559 0.1896
1 0 5 135419 0.1958
1 0 5 134879 0.1817
1 0 5 134108 0.1875
1 0 5 131752 0.1878
1 0 5 131124 0.1659
1 0 5 130250 0.1916
1 0 5 130182 0.1951
1 0 5 129843 0.1913
1 0 5 129537 0.1892
1 0 5 129022 0.1862
1 0 5 128984 0.1856
1 0 5 128950 0.1855
1 0 5 128905 0.181
1 0 5 128776 0.1835
1 0 5 128760 0.1751
1 0 5 128453 0.1897
1 0 5 128023 0.1795
1 0 5 128012 0.1747
1 0 5 127996 0.1782
1 0 5 127862 0.1768
1 0 5 127563 0.1851
1 0 5 127136 0.18
1 0 5 127130 0.185
1 0 5 126640 0.1944
1 0 5 126457 0.1804
1 0 5 126294 0.1813
1 0 5 125987 0.186
1 0 5 125925 0.1856
1 0 5 125795 0.1849
1 0 5 125312 0.1833
1 0 5 125278 0.1792
1 0 5 125000 0.1753
1 0 5 124281 0.1826
1 0 5 124281 0.1826
1 0 5 124128 0.1799
1 0 5 123505 0.1748
1 0 5 122998 0.1781
1 0 5 122918 0.2624
1 0 5 122649 0.1194
1 0 5 122439 0.1512
1 0 5 122307 0.1238
1 0 5 122008 0.1517
1 0 5 121596 0.1204
1 0 5 121493 0.151
1 0 5 120683 0.1493
1 0 5 120156 0.1185
1 0 5 119937 0.1169
1 0 5 119867 0.1219
1 0 5 118202 0.1201
1 0 5 117896 0.1164
1 0 5 116744 0.1162
1 0 5 116333 0.146
1 0 5 116197 0.1147
1 0 5 115806 0.1177
1 0 5 115373 0.1172
1 0 5 115322 0.1115
1 0 5 115312 0.1176
1 0 5 115017 0.1141
1 0 5 114576 0.1146
1 0 5 114200 0.1155
1 0 5 114112 0.1156
1 0 5 113415 0.1427
1 0 5 112637 0.1405
1 0 5 112380 0.1579
1 0 5 112069 0.1576
1 0 5 111329 0.158
1 0 5 111174 0.1568
1 0 5 110731 0.1542
1 0 5 110597 0.1569
1 0 5 110360 0.1757
1 0 5 109929 0.1587
1 0 5 109644 0.1501
1 0 5 109239 0.1576
1 0 5 108977 0.1565
1 0 5 108938 0.1576
1 0 5 108826 0.1552
1 0 5 108722 0.1501
1 0 5 108669 0.1568
1 0 5 108482 0.1497
1 0 5 108465 0.1557
1 0 5 108399 0.1501
1 0 5 108353 0.1536
1 0 5 108183 0.156
1 0 5 108167 0.1779
1 0 5 107944 0.1496
1 0 5 107854 0.1515
1 0 5 107806 0.1531
1 0 5 107778 0.1549
1 0 5 107544 0.1501
1 0 5 107393 0.1762
1 0 5 106947 0.1518
1 0 5 106857 0.1474
1 0 5 106687 0.1412
1 0 5 106416 0.1512
1 0 5 106377 0.1755
1 0 5 106216 0.1524
1 0 5 106216 0.1516
1 0 5 106047 0.1422
1 0 5 106030 0.1741
1 0 5 106022 0.1498
1 0 5 105733 0.1522
1 0 5 105694 0.1445
1 0 5 105256 0.1385
1 0 5 104585 0.1488
1 0 5 104360 0.1493
1 0 5 104326 0.1519
1 0 5 104294 0.1516
1 0 5 103857 0.145
1 0 5 103615 0.1618
1 0 5 103158 0.1446
1 0 5 103141 0.1474
1 0 5 102741 0.1464
1 0 5 102603 0.148
1 0 5 102242 0.1434
1 0 5 102128 0.1417
1 0 5 101924 0.1348
1 0 5 101468 0.1384
1 0 5 101410 0.1367
1 0 5 101364 0.1606
1 0 5 101257 0.1349
1 0 5 101237 0.138
1 0 5 100893 0.1356
1 0 5 100698 0.1598
1 0 5 100698 0.1596
1 0 5 100007 0.1356
1 0 5 100007 0.1357
1 0 5 100000 0.1117
1 0 5 100000 0.109
1 0 5 100000 0.1085
1 0 5 100000 0.1098
1 0 5 100000 0.1101
1 0 5 100000 0.08483
1 0 5 100000 0.07499
1 0 5 100000 0.07529
1 0 5 100000 0.07399
1 0 5 100000 0.07426
1 0 5 100000 0.075
1 0 5 100000 0.07478
1 0 5 100000 0.07515
1 0 5 100000 0.07466
1 0 5 100000 0.07452
1 0 5 100000 0.07446
1 0 5 99844 0.1031
1 0 5 99760 0.1322
1 0 5 98606 0.1063
1 0 5 98544 0.1
1 0 5 98326 0.104
1 0 5 97685 0.1303
1 0 5 97337 0.1006
1 0 5 97337 0.1017
1 0 5 97325 0.1029
1 0 5 97143 0.1033
1 0 5 96890 0.1016
1 0 5 96669 0.1004
1 0 5 96629 0.1266
1 0 5 96073 0.0986
1 0 5 96073 0.09849
1 0 5 95938 0.1009
1 0 5 95582 0.1018
1 0 5 95424 0.1002
1 0 5 94880 0.1009
1 0 5 94816 0.1285
1 0 5 94521 0.1005
1 0 5 94140 0.09994
1 0 5 94102 0.09999
1 0 5 93160 0.09952
1 0 5 92856 0.09813
1 0 5 92670 0.09777
1 0 5 92189 0.09803
1 0 5 92047 0.1232
1 0 5 91426 0.1223
1 0 5 91148 0.0986
1 0 5 90816 0.1006
1 0 5 90721 0.09638
1 0 5 90534 0.0965
1 0 5 89679 0.0969
1 0 5 89679 0.0969
1 0 5 88672 0.1207
1 0 5 88490 0.09501
1 0 5 88318 0.1202
1 0 5 87893 0.1205
1 0 5 87623 0.1198
1 0 5 87397 0.05868
1 0 5 87385 0.1152
1 0 5 87076 0.1194
1 0 5 86718 0.06666
1 0 5 86504 0.06518
1 0 5 86330 0.09047
1 0 5 86190 0.1188
1 0 5 86121 0.1179
1 0 5 85951 0.09009
1 0 5 85915 0.09334
1 0 5 85000 0.06468
1 0 5 85000 0.06444
1 0 5 85000 0.06465
1 0 5 85000 0.06523
1 0 5 85000 0.06471
1 0 5 85000 0.06487
1 0 5 85000 0.06518
1 0 5 85000 0.06512
1 0 5 85000 0.06483
1 0 5 85000 0.07582
1 0 5 85000 0.07031
1 0 5 85000 0.0647
1 0 5 85000 0.06483
1 0 5 85000 0.06505
1 0 5 85000 0.0662
1 0 5 84988 0.09378
1 0 5 84616 0.09853
1 0 5 84307 0.1215
1 0 5 84242 0.1177
1 0 5 83781 0.116
1 0 5 83692 0.0899
1 0 5 83325 0.0891
1 0 5 83268 0.09092
1 0 5 82850 0.1172
1 0 5 82236 0.1164
1 0 5 81466 0.08649
1 0 5 81061 0.1151
1 0 5 80841 0.1121
1 0 5 80677 0.1135
1 0 5 79749 0.1107
1 0 5 79644 0.08808
1 0 5 78717 0.1116
1 0 5 78547 0.1115
1 0 5 78539 0.08526
1 0 5 77809 0.1114
1 0 5 77079 0.0865
1 0 5 77023 0.08073
1 0 5 76135 0.0828
1 0 5 75756 0.08464
1 0 5 75213 0.1097
1 0 5 75186 0.08526
1 0 5 75000 0.05457
1 0 5 75000 0.05471
1 0 5 75000 0.05477
1 0 5 75000 0.0555
1 0 5 75000 0.05487
1 0 5 75000 0.05472
1 0 5 75000 0.05492
1 0 5 75000 0.0553
1 0 5 75000 0.05602
1 0 5 75000 0.05513
1 0 5 75000 0.05484
1 0 5 75000 0.05509
1 0 5 75000 0.05449
1 0 5 75000 0.05507
1 0 5 75000 0.05465
1 0 5 75000 0.0555
1 0 5 74579 0.08308
1 0 5 72153 0.07911
1 0 5 71486 0.108
1 0 5 69793 0.077
1 0 5 69793 0.07641
1 0 5 69627 0.1044
1 0 5 69018 0.1034
1 0 5 65410 0.1021
1 0 5 64690 0.07317
1 0 5 64635 0.07491
1 0 5 64602 0.09358
1 0 5 64572 0.09649
1 0 5 64506 0.09552
1 0 5 64455 0.09568
1 0 5 64455 0.09507
1 0 5 64431 0.09428
1 0 5 64376 0.09299
1 0 5 64335 0.09361
1 0 5 64245 0.0948
1 0 5 64236 0.09324
1 0 5 64235 0.0959
1 0 5 64137 0.09322
1 0 5 64122 0.09595
1 0 5 63971 0.09616
1 0 5 63896 0.09448
1 0 5 63866 0.09583
1 0 5 63754 0.09543
1 0 5 63645 0.09638
1 0 5 63395 0.09333
1 0 5 63148 0.09506
1 0 5 62953 0.09342
1 0 5 62876 0.09362
1 0 5 62796 0.0933
1 0 5 62711 0.09323
1 0 5 62364 0.09146
1 0 5 62152 0.09225
1 0 5 61843 0.09196
1 0 5 61488 0.09226
1 0 5 61470 0.09087
1 0 5 61457 0.09276
1 0 5 61338 0.09319
1 0 5 60552 0.09185
1 0 5 60545 0.09397
1 0 5 60396 0.09349
1 0 5 59814 0.09217
1 0 5 59763 0.09284
1 0 5 59473 0.08807
1 0 5 59331 0.1156
1 0 5 59331 0.1157
1 0 5 59090 0.09269
1 0 5 58625 0.1134
1 0 5 58625 0.113
1 0 5 58377 0.1143
1 0 5 58159 0.11
1 0 5 57702 0.1103
1 0 5 57694 0.08867
1 0 5 57676 0.08827
1 0 5 57229 0.08763
1 0 5 57039 0.0863
1 0 5 56891 0.1096
1 0 5 56813 0.08911
1 0 5 56802 0.08408
1 0 5 56363 0.1097
1 0 5 56155 0.08553
1 0 5 56003 0.08351
1 0 5 55739 0.1109
1 0 5 55611 0.1102
1 0 5 55536 0.08726
1 0 5 54966 0.1084
1 0 5 54788 0.1054
1 0 5 54556 0.08354
1 0 5 54251 0.08308
1 0 5 54053 0.1061
1 0 5 53909 0.08365
1 0 5 53543 0.1059
1 0 5 53121 0.1051
1 0 5 51992 0.07721
1 0 5 51670 0.07786
1 0 5 51419 0.1015
1 0 5 51239 0.07632
1 0 5 51036 0.09854
1 0 5 50355 0.09952
1 0 5 50355 0.098
1 0 5 50000 0.04492
1 0 5 50000 0.04513
1 0 5 50000 0.04502
1 0 5 50000 0.04516
1 0 5 50000 0.0451
1 0 5 50000 0.04492
1 0 5 50000 0.04488
1 0 5 50000 0.04473
1 0 5 50000 0.04477
1 0 5 50000 0.04519
1 0 5 50000 0.04451
1 0 5 50000 0.04499
1 0 5 50000 0.04515
1 0 5 50000 0.04524
1 0 5 50000 0.04169
1 0 5 50000 0.03134
1 0 5 50000 0.03137
1 0 5 49681 0.06136
1 0 5 49631 0.08351
1 0 5 49262 0.06121
1 0 5 47706 0.05874
1 0 5 46667 0.07976
1 0 5 45392 0.07738
1 0 5 43995 0.05316
1 0 5 43596 0.0543
1 0 5 42064 0.05192
1 0 5 42000 0.04884
1 0 5 41983 0.05098
1 0 5 41964 0.0509
1 0 5 41951 0.04885
1 0 5 41948 0.04999
1 0 5 41933 0.05022
1 0 5 41921 0.04923
1 0 5 41920 0.05127
1 0 5 41899 0.04966
1 0 5 41879 0.04988
1 0 5 41858 0.05001
1 0 5 41856 0.04991
1 0 5 41842 0.04841
1 0 5 41833 0.04969
1 0 5 41808 0.04861
1 0 5 41804 0.04818
1 0 5 41780 0.04922
1 0 5 41767 0.04981
1 0 5 41723 0.04922
1 0 5 41721 0.05088
1 0 5 41687 0.04831
1 0 5 41678 0.0489
1 0 5 41669 0.04834
1 0 5 41666 0.04801
1 0 5 41595 0.04833
1 0 5 41589 0.05116
1 0 5 41540 0.04702
1 0 5 41374 0.0497
1 0 5 40960 0.04837
1 0 5 40790 0.04831
1 0 5 40600 0.04508
1 0 5 40223 0.04662
1 0 5 40187 0.04778
1 0 5 40019 0.06843
1 0 5 39967 0.0484
1 0 5 39786 0.04696
1 0 5 39775 0.04807
1 0 5 39769 0.04876
1 0 5 39576 0.06788
1 0 5 39359 0.04345
1 0 5 39320 0.06694
1 0 5 39278 0.04905
1 0 5 39131 0.04505
1 0 5 39119 0.04527
1 0 5 38997 0.04498
1 0 5 38966 0.04679
1 0 5 38804 0.04739
1 0 5 38699 0.04314
1 0 5 38652 0.04425
1 0 5 38480 0.06584
1 0 5 38480 0.06572
1 0 5 38341 0.04326
1 0 5 38193 0.04643
1 0 5 38018 0.04541
1 0 5 37796 0.04563
1 0 5 37796 0.04557
1 0 5 37735 0.06467
1 0 5 37582 0.04549
1 0 5 37300 0.06464
1 0 5 37192 0.06481
1 0 5 36756 0.04471
1 0 5 36590 0.04423
1 0 5 36558 0.04434
1 0 5 36457 0.04431
1 0 5 36309 0.06299
1 0 5 36287 0.04363
1 0 5 36229 0.06388
1 0 5 36224 0.06367
1 0 5 36212 0.04437
1 0 5 36013 0.04394
1 0 5 36013 0.04414
1 0 5 35983 0.04231
1 0 5 35362 0.04391
1 0 5 35339 0.0418
1 0 5 35203 0.06206
1 0 5 35000 0.02064
1 0 5 35000 0.02079
1 0 5 35000 0.02065
1 0 5 35000 0.0206
1 0 5 35000 0.02065
1 0 5 35000 0.02105
1 0 5 35000 0.02072
1 0 5 35000 0.02078
1 0 5 35000 0.02082
1 0 5 35000 0.02063
1 0 5 35000 0.02081
1 0 5 35000 0.02059
1 0 5 35000 0.02078
1 0 5 35000 0.02075
1 0 5 35000 0.02056
1 0 5 35000 0.02087
1 0 5 35000 0.02085
1 0 5 34595 0.04204
1 0 5 34485 0.03982
1 0 5 34150 0.04035
1 0 5 33791 0.06021
1 0 5 33428 0.05966
1 0 5 32740 0.03823
1 0 5 32322 0.03835
1 0 5 28525 0.03178
1 0 5 28491 0.03142
1 0 5 28470 0.03137
1 0 5 28467 0.03197
1 0 5 28454 0.03183
1 0 5 28450 0.03108
1 0 5 28436 0.03
1 0 5 28429 0.03248
1 0 5 28414 0.03158
1 0 5 28406 0.03129
1 0 5 28394 0.03072
1 0 5 28389 0.0312
1 0 5 28388 0.02994
1 0 5 28380 0.02986
1 0 5 28372 0.03305
1 0 5 28371 0.03087
1 0 5 28362 0.03084
1 0 5 28357 0.02879
1 0 5 28350 0.03141
1 0 5 28331 0.03073
1 0 5 28312 0.02978
1 0 5 28304 0.03107
1 0 5 28227 0.03172
1 0 5 28200 0.03186
1 0 5 28163 0.03194
1 0 5 28118 0.02922
1 0 5 27943 0.02981
1 0 5 27941 0.03118
1 0 5 27884 0.03324
1 0 5 27822 0.03202
1 0 5 27755 0.0314
1 0 5 27522 0.03014
1 0 5 27514 0.02873
1 0 5 27466 0.03197
1 0 5 27466 0.03195
1 0 5 27448 0.03217
1 0 5 27400 0.03226
1 0 5 27241 0.02999
1 0 5 27241 0.03003
1 0 5 27227 0.04999
1 0 5 27206 0.03161
1 0 5 27065 0.03063
1 0 5 26963 0.03057
1 0 5 26945 0.02874
1 0 5 26883 0.03145
1 0 5 26876 0.03012
1 0 5 26799 0.04828
1 0 5 26642 0.02881
1 0 5 26642 0.02866
1 0 5 26583 0.02985
1 0 5 26471 0.02937
1 0 5 26464 0.04834
1 0 5 26417 0.03062
1 0 5 26386 0.02925
1 0 5 26349 0.02894
1 0 5 26241 0.04869
1 0 5 26238 0.03077
1 0 5 26234 0.04759
1 0 5 26203 0.02947
1 0 5 26112 0.04878
1 0 5 26042 0.02787
1 0 5 25988 0.04798
1 0 5 25815 0.04726
1 0 5 25815 0.04753
1 0 5 25812 0.02962
1 0 5 25742 0.02984
1 0 5 25741 0.0305
1 0 5 25558 0.03066
1 0 5 25406 0.04708
1 0 5 25406 0.04738
1 0 5 25374 0.0477
1 0 5 25360 0.009966
1 0 5 25288 0.03012
1 0 5 25247 0.03025
1 0 5 25136 0.04755
1 0 5 25063 0.0295
1 0 5 25028 0.02871
1 0 5 25024 0.02854
1 0 5 25000 0.009894
1 0 5 25000 0.01003
1 0 5 25000 0.01026
1 0 5 25000 0.009874
1 0 5 25000 0.009835
1 0 5 25000 0.01
1 0 5 25000 0.01005
1 0 5 25000 0.009706
1 0 5 25000 0.00989
1 0 5 25000 0.009987
1 0 5 25000 0.009946
1 0 5 25000 0.009815
1 0 5 25000 0.009852
1 0 5 25000 0.00969
1 0 5 25000 0.009992
1 0 5 24786 0.02905
1 0 5 24607 0.02864
1 0 5 24514 0.02888
1 0 5 24481 0.04707
1 0 5 24131 0.02854
1 0 5 24046 0.02822
1 0 5 23824 0.04489
1 0 5 16237 0.01889
1 0 5 16234 0.02005
1 0 5 16230 0.01819
1 0 5 16229 0.01886
1 0 5 16228 0.01972
1 0 5 16222 0.01925
1 0 5 16217 0.01862
1 0 5 16216 0.01871
1 0 5 16214 0.01852
1 0 5 16213 0.01982
1 0 5 16211 0.01912
1 0 5 16209 0.01844
1 0 5 16206 0.01855
1 0 5 16205 0.01841
1 0 5 16201 0.01881
1 0 5 16201 0.01841
1 0 5 16198 0.01905
1 0 5 16194 0.01865
1 0 5 16194 0.01815
1 0 5 16188 0.01889
1 0 5 16180 0.01843
1 0 5 16176 0.01807
1 0 5 16172 0.01791
1 0 5 16164 0.01931
1 0 5 16156 0.01937
1 0 5 16116 0.01897
1 0 5 16113 0.01893
1 0 5 16108 0.01853
1 0 5 16087 0.01924
1 0 5 16055 0.01948
1 0 5 16025 0.01859
1 0 5 16021 0.01892
1 0 5 15965 0.01889
1 0 5 15934 0.01843
1 0 5 15913 0.03024
1 0 5 15901 0.03131
1 0 5 15874 0.01872
1 0 5 15874 0.01872
1 0 5 15813 0.01829
1 0 5 15788 0.01806
1 0 5 15765 0.01953
1 0 5 15761 0.01913
1 0 5 15742 0.03077
1 0 5 15742 0.01878
1 0 5 15720 0.01901
1 0 5 15712 0.01814
1 0 5 15699 0.01967
1 0 5 15694 0.01964
1 0 5 15676 0.01992
1 0 5 15650 0.01837
1 0 5 15634 0.0186
1 0 5 15634 0.01872
1 0 5 15633 0.03048
1 0 5 15538 0.01922
1 0 5 15536 0.01849
1 0 5 15490 0.01946
1 0 5 15489 0.01901
1 0 5 15478 0.03002
1 0 5 15474 0.01874
1 0 5 15437 0.01866
1 0 5 15436 0.03053
1 0 5 15420 0.0184
1 0 5 15354 0.02994
1 0 5 15299 0.01871
1 0 5 15296 0.01914
1 0 5 15237 0.01844
1 0 5 15163 0.02896
1 0 5 15120 0.01837
1 0 5 15094 0.01801
1 0 5 15091 0.01804
1 0 5 15046 0.01807
1 0 5 15028 0.02913
1 0 5 15000 0.02959
1 0 5 15000 0.006656
1 0 5 15000 0.006569
1 0 5 15000 0.006446
1 0 5 15000 0.006538
1 0 5 15000 0.006481
1 0 5 15000 0.00659
1 0 5 15000 0.006583
1 0 5 15000 0.006502
1 0 5 15000 0.006569
1 0 5 15000 0.006601
1 0 5 15000 0.006523
1 0 5 15000 0.006622
1 0 5 15000 0.006531
1 0 5 15000 0.006493
1 0 5 15000 0.006528
1 0 5 15000 0.006483
1 0 5 15000 0.006501
1 0 5 14977 0.02847
1 0 5 14977 0.02857
1 0 5 14932 0.0176
1 0 5 14899 0.01723
1 0 5 14888 0.01769
1 0 5 14852 0.01746
1 0 5 14782 0.01822
1 0 5 14721 0.02913
1 0 5 14613 0.0287
1 0 5 14607 0.018
1 0 5 10547 0.01366
1 0 5 10542 0.01392
1 0 5 10541 0.01441
1 0 5 10540 0.0139
1 0 5 10540 0.01455
1 0 5 10537 0.01332
1 0 5 10537 0.01325
1 0 5 10536 0.01396
1 0 5 10536 0.01368
1 0 5 10534 0.01352
1 0 5 10532 0.01298
1 0 5 10532 0.01449
1 0 5 10531 0.01393
1 0 5 10530 0.01341
1 0 5 10528 0.01359
1 0 5 10525 0.01388
1 0 5 10525 0.01335
1 0 5 10525 0.01339
1 0 5 10522 0.01471
1 0 5 10521 0.01402
1 0 5 10513 0.01415
1 0 5 10507 0.01383
1 0 5 10505 0.01278
1 0 5 10502 0.01395
1 0 5 10497 0.0142
1 0 5 10493 0.01387
1 0 5 10486 0.01428
1 0 5 10474 0.01322
1 0 5 10468 0.01337
1 0 5 10455 0.01378
1 0 5 10437 0.02153
1 0 5 10436 0.01338
1 0 5 10410 0.01393
1 0 5 10408 0.01413
1 0 5 10407 0.01428
1 0 5 10404 0.0147
1 0 5 10366 0.02168
1 0 5 10361 0.01406
1 0 5 10349 0.01479
1 0 5 10335 0.01449
1 0 5 10330 0.0219
1 0 5 10320 0.01308
1 0 5 10296 0.0218
1 0 5 10292 0.01287
1 0 5 10290 0.0131
1 0 5 10288 0.02202
1 0 5 10286 0.02159
1 0 5 10282 0.01452
1 0 5 10280 0.01423
1 0 5 10279 0.01321
1 0 5 10263 0.0139
1 0 5 10263 0.01386
1 0 5 10253 0.01339
1 0 5 10251 0.02156
1 0 5 10247 0.01378
1 0 5 10246 0.01351
1 0 5 10234 0.01317
1 0 5 10231 0.02017
1 0 5 10227 0.02063
1 0 5 10206 0.01336
1 0 5 10206 0.01307
1 0 5 10198 0.02023
1 0 5 10198 0.02025
1 0 5 10156 0.01374
1 0 5 10149 0.01332
1 0 5 10148 0.02054
1 0 5 10114 0.01344
1 0 5 10095 0.02009
1 0 5 10090 0.01988
1 0 5 10063 0.01341
1 0 5 10034 0.02013
1 0 5 10034 0.02017
1 0 5 10033 0.01325
1 0 5 10021 0.02033
1 0 5 10016 0.01269
1 0 5 10015 0.01283
1 0 5 10000 0.005201
1 0 5 10000 0.005129
1 0 5 10000 0.005101
1 0 5 10000 0.005092
1 0 5 10000 0.005096
1 0 5 10000 0.005092
1 0 5 10000 0.005113
1 0 5 10000 0.005069
1 0 5 10000 0.005085
1 0 5 10000 0.005116
1 0 5 10000 0.005101
1 0 5 10000 0.005071
1 0 5 10000 0.005131
1 0 5 10000 0.005076
1 0 5 10000 0.005073
1 0 5 10000 0.005094
1 0 5 10000 0.005117
1 0 5 9972 0.01269
1 0 5 9966 0.01302
1 0 5 9961 0.01316
1 0 5 9888 0.01343
1 0 5 9783 0.01926
1 0 5 9757 0.01276
1 0 5 9622 0.01288
