16 14 1 100000 0.1114
16 14 1 100000 0.107
16 14 1 100000 0.1066
16 14 1 100000 0.1049
16 14 1 100000 0.1023
16 14 1 100000 0.1028
16 14 1 85000 0.09126
16 14 1 85000 0.08894
16 14 1 85000 0.09187
16 14 1 85000 0.08945
16 14 1 85000 0.09228
16 14 1 85000 0.0919
16 14 1 75000 0.09428
16 14 1 75000 0.112
16 14 1 75000 0.1092
16 14 1 75000 0.1104
16 14 1 75000 0.111
16 14 1 75000 0.1121
16 14 1 75000 0.08436
16 14 1 50000 0.061
16 14 1 50000 0.06187
16 14 1 50000 0.06104
16 14 1 50000 0.06198
16 14 1 50000 0.06255
16 14 1 35000 0.04488
16 14 1 35000 0.04334
16 14 1 35000 0.0452
16 14 1 35000 0.04372
16 14 1 35000 0.0444
16 14 1 35000 0.04417
16 14 1 35000 0.04513
16 14 1 25000 0.02893
16 14 1 25000 0.02774
16 14 1 25000 0.02957
16 14 1 25000 0.02914
16 14 1 25000 0.02833
16 14 1 25000 0.0301
16 14 1 15000 0.01855
16 14 1 15000 0.01831
16 14 1 15000 0.01821
16 14 1 15000 0.01774
16 14 1 15000 0.0181
16 14 1 15000 0.01881
16 14 1 15000 0.01758
16 14 1 10000 0.01324
16 14 1 10000 0.01358
16 14 1 10000 0.01286
16 14 1 10000 0.01321
16 14 1 10000 0.01636
16 14 1 10000 0.01306
16 14 2 113380 0.1187
16 14 2 113156 0.1518
16 14 2 108846 0.1453
16 14 2 105215 0.1336
16 14 2 98940 0.1188
16 14 2 97860 0.1033
16 14 2 94723 0.1023
16 14 2 93332 0.1013
16 14 2 92074 0.1028
16 14 2 89635 0.09717
16 14 2 89080 0.09763
16 14 2 84901 0.09304
16 14 2 82599 0.09262
16 14 2 82512 0.09132
16 14 2 80913 0.0908
16 14 2 79976 0.09151
16 14 2 79635 0.0896
16 14 2 75045 0.08479
16 14 2 73013 0.0844
16 14 2 53361 0.06577
16 14 2 53190 0.06786
16 14 2 52151 0.0646
16 14 2 50620 0.06279
16 14 2 49821 0.06279
16 14 2 48174 0.05994
16 14 2 36656 0.04535
16 14 2 36639 0.04393
16 14 2 36535 0.04525
16 14 2 35178 0.04368
16 14 2 33865 0.04213
16 14 2 33512 0.04074
16 14 2 25844 0.02912
16 14 2 25838 0.0308
16 14 2 25835 0.03048
16 14 2 25654 0.02878
16 14 2 24629 0.0273
16 14 2 24198 0.02847
16 14 2 15303 0.01865
16 14 2 15301 0.02014
16 14 2 15282 0.0193
16 14 2 15157 0.01872
16 14 2 15051 0.01859
16 14 2 14943 0.01866
16 14 2 10135 0.0133
16 14 2 10133 0.01356
16 14 2 10130 0.01419
16 14 2 10113 0.01352
16 14 2 10051 0.01319
16 14 2 9975 0.01346
16 14 2 9882 0.01594
16 14 3 123965 0.183
16 14 3 120399 0.1205
16 14 3 119231 0.1124
16 14 3 104997 0.1121
16 14 3 104997 0.1127
16 14 3 101733 0.1061
16 14 3 98809 0.1036
16 14 3 97924 0.1043
16 14 3 96294 0.1016
16 14 3 93209 0.09972
16 14 3 90862 0.09919
16 14 3 90150 0.09717
16 14 3 85918 0.09501
16 14 3 84502 0.09331
16 14 3 82667 0.09026
16 14 3 80406 0.08727
16 14 3 78084 0.08898
16 14 3 77768 0.08884
16 14 3 74907 0.08067
16 14 3 55774 0.06823
16 14 3 55127 0.06893
16 14 3 54051 0.06745
16 14 3 53187 0.06539
16 14 3 51084 0.06188
16 14 3 38398 0.04654
16 14 3 38353 0.04783
16 14 3 37862 0.04741
16 14 3 36870 0.04517
16 14 3 35714 0.04414
16 14 3 34147 0.04211
16 14 3 33239 0.04055
16 14 3 26710 0.03037
16 14 3 26515 0.0304
16 14 3 25758 0.02909
16 14 3 25572 0.0294
16 14 3 25276 0.02826
16 14 3 24094 0.02807
16 14 3 23655 0.02776
16 14 3 15478 0.01848
16 14 3 15377 0.01912
16 14 3 15192 0.0187
16 14 3 15112 0.0179
16 14 3 14905 0.01836
16 14 3 10270 0.01344
16 14 3 10268 0.01339
16 14 3 10242 0.01364
16 14 3 10206 0.01347
16 14 3 10108 0.01357
16 14 3 10070 0.01332
16 14 3 9830 0.01344
16 14 4 135114 0.1933
16 14 4 130425 0.1923
16 14 4 129246 0.1903
16 14 4 121899 0.1249
16 14 4 113003 0.1168
16 14 4 106167 0.1114
16 14 4 105500 0.1119
16 14 4 102312 0.1114
16 14 4 100470 0.1058
16 14 4 98161 0.1068
16 14 4 94756 0.1043
16 14 4 92811 0.1023
16 14 4 91800 0.09781
16 14 4 89509 0.09745
16 14 4 87905 0.09859
16 14 4 85945 0.09346
16 14 4 81561 0.09224
16 14 4 80112 0.08994
16 14 4 60244 0.07428
16 14 4 59486 0.07528
16 14 4 59035 0.0734
16 14 4 57731 0.07083
16 14 4 56796 0.06994
16 14 4 55028 0.06799
16 14 4 51689 0.06383
16 14 4 39048 0.04762
16 14 4 38552 0.04632
16 14 4 37961 0.04605
16 14 4 36610 0.04641
16 14 4 34754 0.04423
16 14 4 34437 0.04176
16 14 4 27592 0.03212
16 14 4 26357 0.03108
16 14 4 26236 0.03022
16 14 4 25935 0.0291
16 14 4 25475 0.02951
16 14 4 24841 0.0289
16 14 4 15927 0.01926
16 14 4 15821 0.01888
16 14 4 15677 0.02034
16 14 4 15546 0.01961
16 14 4 15326 0.01772
16 14 4 15052 0.01874
16 14 4 14962 0.01856
16 14 4 10404 0.01441
16 14 4 10349 0.0144
16 14 4 10341 0.01377
16 14 4 10255 0.01406
16 14 4 10207 0.01341
16 14 4 10085 0.01373
16 14 5 147004 0.2015
16 14 5 144965 0.2008
16 14 5 138662 0.1946
16 14 5 129290 0.1944
16 14 5 125581 0.1875
16 14 5 121581 0.1258
16 14 5 110571 0.1186
16 14 5 106461 0.1134
16 14 5 104246 0.1111
16 14 5 103766 0.1127
16 14 5 98595 0.1063
16 14 5 98445 0.1068
16 14 5 95068 0.1032
16 14 5 94899 0.1071
16 14 5 92464 0.1016
16 14 5 91477 0.09845
16 14 5 85159 0.09594
16 14 5 82788 0.09183
16 14 5 62701 0.07661
16 14 5 62368 0.07731
16 14 5 61935 0.07388
16 14 5 60828 0.07533
16 14 5 58874 0.07193
16 14 5 57449 0.07177
16 14 5 49069 0.06153
16 14 5 40867 0.04926
16 14 5 40171 0.04923
16 14 5 39729 0.04954
16 14 5 37915 0.04734
16 14 5 36656 0.04497
16 14 5 33560 0.04054
16 14 5 28499 0.03253
16 14 5 27481 0.03231
16 14 5 26792 0.03073
16 14 5 26319 0.03039
16 14 5 25672 0.03031
16 14 5 25242 0.0295
16 14 5 16147 0.02045
16 14 5 15908 0.01947
16 14 5 15864 0.01977
16 14 5 15643 0.01999
16 14 5 15411 0.01988
16 14 5 15323 0.01876
16 14 5 14971 0.01883
16 14 5 10488 0.01429
16 14 5 10467 0.01387
16 14 5 10403 0.01438
16 14 5 10365 0.01446
16 14 5 10214 0.01376
16 14 5 9974 0.01366
