4 1 1 100000 0.1983
4 1 1 100000 0.207
4 1 1 100000 0.2082
4 1 1 100000 0.2014
4 1 1 100000 0.167
4 1 1 100000 0.1665
4 1 1 100000 0.1666
4 1 1 100000 0.1677
4 1 1 100000 0.2009
4 1 1 100000 0.1609
4 1 1 100000 0.1547
4 1 1 100000 0.1593
4 1 1 100000 0.1619
4 1 1 100000 0.1505
4 1 1 100000 0.1615
4 1 1 100000 0.1213
4 1 1 100000 0.1041
4 1 1 100000 0.1025
4 1 1 100000 0.1027
4 1 1 100000 0.1023
4 1 1 100000 0.1024
4 1 1 100000 0.1026
4 1 1 100000 0.1037
4 1 1 100000 0.1031
4 1 1 100000 0.1032
4 1 1 85000 0.1346
4 1 1 85000 0.1341
4 1 1 85000 0.1364
4 1 1 85000 0.1353
4 1 1 85000 0.1352
4 1 1 85000 0.1349
4 1 1 85000 0.1362
4 1 1 85000 0.1344
4 1 1 85000 0.135
4 1 1 85000 0.08737
4 1 1 85000 0.08873
4 1 1 85000 0.08785
4 1 1 85000 0.08751
4 1 1 85000 0.08838
4 1 1 85000 0.08837
4 1 1 85000 0.08853
4 1 1 85000 0.08785
4 1 1 85000 0.08772
4 1 1 85000 0.08813
4 1 1 85000 0.08801
4 1 1 85000 0.08795
4 1 1 85000 0.08886
4 1 1 85000 0.08794
4 1 1 85000 0.08774
4 1 1 85000 0.0877
4 1 1 75000 0.1238
4 1 1 75000 0.1219
4 1 1 75000 0.1227
4 1 1 75000 0.1217
4 1 1 75000 0.1237
4 1 1 75000 0.1221
4 1 1 75000 0.1222
4 1 1 75000 0.1228
4 1 1 75000 0.1239
4 1 1 75000 0.0743
4 1 1 75000 0.074
4 1 1 75000 0.0734
4 1 1 75000 0.07472
4 1 1 75000 0.07408
4 1 1 75000 0.07402
4 1 1 75000 0.07437
4 1 1 75000 0.07396
4 1 1 75000 0.07329
4 1 1 75000 0.07368
4 1 1 75000 0.07396
4 1 1 75000 0.07433
4 1 1 75000 0.07468
4 1 1 75000 0.07415
4 1 1 75000 0.07471
4 1 1 75000 0.07432
4 1 1 50000 0.09213
4 1 1 50000 0.09342
4 1 1 50000 0.09184
4 1 1 50000 0.09122
4 1 1 50000 0.09303
4 1 1 50000 0.09232
4 1 1 50000 0.09098
4 1 1 50000 0.09228
4 1 1 50000 0.09267
4 1 1 50000 0.04214
4 1 1 50000 0.04218
4 1 1 50000 0.04247
4 1 1 50000 0.04242
4 1 1 50000 0.04239
4 1 1 50000 0.04266
4 1 1 50000 0.04242
4 1 1 50000 0.04243
4 1 1 50000 0.04215
4 1 1 50000 0.04256
4 1 1 50000 0.04236
4 1 1 50000 0.04247
4 1 1 50000 0.04244
4 1 1 50000 0.0425
4 1 1 50000 0.04241
4 1 1 50000 0.04227
4 1 1 35000 0.0688
4 1 1 35000 0.06734
4 1 1 35000 0.06684
4 1 1 35000 0.06595
4 1 1 35000 0.06735
4 1 1 35000 0.06665
4 1 1 35000 0.06713
4 1 1 35000 0.06666
4 1 1 35000 0.06784
4 1 1 35000 0.02764
4 1 1 35000 0.02766
4 1 1 35000 0.02781
4 1 1 35000 0.02796
4 1 1 35000 0.02793
4 1 1 35000 0.02792
4 1 1 35000 0.02773
4 1 1 35000 0.02768
4 1 1 35000 0.02759
4 1 1 35000 0.02794
4 1 1 35000 0.02775
4 1 1 35000 0.02778
4 1 1 35000 0.02777
4 1 1 35000 0.02768
4 1 1 35000 0.02787
4 1 1 35000 0.02784
4 1 1 25000 0.04874
4 1 1 25000 0.04766
4 1 1 25000 0.04829
4 1 1 25000 0.04768
4 1 1 25000 0.04825
4 1 1 25000 0.04801
4 1 1 25000 0.04768
4 1 1 25000 0.04817
4 1 1 25000 0.04721
4 1 1 25000 0.01252
4 1 1 25000 0.01247
4 1 1 25000 0.01217
4 1 1 25000 0.01215
4 1 1 25000 0.01219
4 1 1 25000 0.01241
4 1 1 25000 0.01216
4 1 1 25000 0.01203
4 1 1 25000 0.01225
4 1 1 25000 0.01249
4 1 1 25000 0.01215
4 1 1 25000 0.0123
4 1 1 25000 0.01218
4 1 1 25000 0.01232
4 1 1 25000 0.01225
4 1 1 25000 0.01225
4 1 1 15000 0.02945
4 1 1 15000 0.02881
4 1 1 15000 0.02977
4 1 1 15000 0.02923
4 1 1 15000 0.02943
4 1 1 15000 0.02948
4 1 1 15000 0.02927
4 1 1 15000 0.0293
4 1 1 15000 0.0291
4 1 1 15000 0.00798
4 1 1 15000 0.007688
4 1 1 15000 0.007886
4 1 1 15000 0.007981
4 1 1 15000 0.007995
4 1 1 15000 0.007738
4 1 1 15000 0.007883
4 1 1 15000 0.007826
4 1 1 15000 0.007959
4 1 1 15000 0.007907
4 1 1 15000 0.007924
4 1 1 15000 0.007867
4 1 1 15000 0.00795
4 1 1 15000 0.007873
4 1 1 15000 0.007937
4 1 1 15000 0.007957
4 1 1 10000 0.02043
4 1 1 10000 0.02001
4 1 1 10000 0.02023
4 1 1 10000 0.02033
4 1 1 10000 0.01993
4 1 1 10000 0.02058
4 1 1 10000 0.02028
4 1 1 10000 0.02053
4 1 1 10000 0.02027
4 1 1 10000 0.005944
4 1 1 10000 0.006
4 1 1 10000 0.006084
4 1 1 10000 0.005954
4 1 1 10000 0.00605
4 1 1 10000 0.006153
4 1 1 10000 0.005931
4 1 1 10000 0.005998
4 1 1 10000 0.005971
4 1 1 10000 0.006047
4 1 1 10000 0.005945
4 1 1 10000 0.006029
4 1 1 10000 0.005983
4 1 1 10000 0.005985
4 1 1 10000 0.005949
4 1 1 10000 0.006027
4 1 2 113541 0.1659
4 1 2 109285 0.1625
4 1 2 107949 0.1612
4 1 2 102069 0.1533
4 1 2 101398 0.1537
4 1 2 100325 0.1531
4 1 2 100000 0.1023
4 1 2 100000 0.1025
4 1 2 100000 0.1027
4 1 2 100000 0.1031
4 1 2 100000 0.1016
4 1 2 100000 0.1031
4 1 2 100000 0.1023
4 1 2 100000 0.1019
4 1 2 100000 0.1024
4 1 2 100000 0.1033
4 1 2 100000 0.1023
4 1 2 100000 0.1034
4 1 2 100000 0.1025
4 1 2 100000 0.1029
4 1 2 100000 0.1037
4 1 2 100000 0.1025
4 1 2 100000 0.1025
4 1 2 97301 0.1489
4 1 2 94554 0.1468
4 1 2 93234 0.1444
4 1 2 92724 0.1443
4 1 2 91046 0.1409
4 1 2 86218 0.1355
4 1 2 85597 0.1347
4 1 2 85000 0.08866
4 1 2 85000 0.08812
4 1 2 85000 0.0892
4 1 2 85000 0.08889
4 1 2 85000 0.08838
4 1 2 85000 0.08896
4 1 2 85000 0.08868
4 1 2 85000 0.0878
4 1 2 85000 0.08847
4 1 2 85000 0.08934
4 1 2 85000 0.08931
4 1 2 85000 0.08842
4 1 2 85000 0.08906
4 1 2 85000 0.08865
4 1 2 85000 0.08846
4 1 2 85000 0.08822
4 1 2 85000 0.08812
4 1 2 82542 0.1322
4 1 2 81469 0.1292
4 1 2 80538 0.13
4 1 2 79257 0.128
4 1 2 78432 0.126
4 1 2 76428 0.1242
4 1 2 76124 0.1236
4 1 2 75898 0.1247
4 1 2 75000 0.07422
4 1 2 75000 0.07331
4 1 2 75000 0.07439
4 1 2 75000 0.07428
4 1 2 75000 0.07357
4 1 2 75000 0.07387
4 1 2 75000 0.07433
4 1 2 75000 0.07431
4 1 2 75000 0.0741
4 1 2 75000 0.07389
4 1 2 75000 0.07443
4 1 2 75000 0.07413
4 1 2 75000 0.07413
4 1 2 75000 0.074
4 1 2 75000 0.07412
4 1 2 75000 0.07412
4 1 2 74826 0.124
4 1 2 72568 0.1204
4 1 2 72533 0.12
4 1 2 70017 0.1174
4 1 2 53373 0.09899
4 1 2 52378 0.09684
4 1 2 52349 0.0958
4 1 2 51958 0.09546
4 1 2 51340 0.09535
4 1 2 50999 0.09386
4 1 2 50000 0.04235
4 1 2 50000 0.04238
4 1 2 50000 0.04257
4 1 2 50000 0.0421
4 1 2 50000 0.0425
4 1 2 50000 0.04205
4 1 2 50000 0.04227
4 1 2 50000 0.04238
4 1 2 50000 0.04232
4 1 2 50000 0.04242
4 1 2 50000 0.04245
4 1 2 50000 0.0419
4 1 2 50000 0.04257
4 1 2 50000 0.04227
4 1 2 50000 0.04267
4 1 2 50000 0.04236
4 1 2 49927 0.09016
4 1 2 47390 0.08687
4 1 2 46820 0.08625
4 1 2 36662 0.06944
4 1 2 36662 0.06943
4 1 2 36600 0.06852
4 1 2 36074 0.06861
4 1 2 35938 0.06797
4 1 2 35380 0.06829
4 1 2 35000 0.02793
4 1 2 35000 0.02784
4 1 2 35000 0.02782
4 1 2 35000 0.02767
4 1 2 35000 0.02759
4 1 2 35000 0.02775
4 1 2 35000 0.02763
4 1 2 35000 0.0277
4 1 2 35000 0.02773
4 1 2 35000 0.02787
4 1 2 35000 0.02765
4 1 2 35000 0.02778
4 1 2 35000 0.02753
4 1 2 35000 0.02768
4 1 2 35000 0.02751
4 1 2 35000 0.02773
4 1 2 34868 0.06704
4 1 2 34650 0.06405
4 1 2 33687 0.06272
4 1 2 25848 0.04948
4 1 2 25845 0.04902
4 1 2 25701 0.0494
4 1 2 25467 0.04874
4 1 2 25170 0.04785
4 1 2 25000 0.01228
4 1 2 25000 0.01239
4 1 2 25000 0.01218
4 1 2 25000 0.01232
4 1 2 25000 0.01227
4 1 2 25000 0.01228
4 1 2 25000 0.0124
4 1 2 25000 0.0123
4 1 2 25000 0.01219
4 1 2 25000 0.0122
4 1 2 25000 0.01212
4 1 2 25000 0.0121
4 1 2 25000 0.01244
4 1 2 25000 0.01251
4 1 2 25000 0.01211
4 1 2 25000 0.01237
4 1 2 24937 0.04722
4 1 2 24513 0.04777
4 1 2 24392 0.04602
4 1 2 24266 0.04682
4 1 2 15300 0.03045
4 1 2 15267 0.02984
4 1 2 15103 0.03015
4 1 2 15038 0.02958
4 1 2 15000 0.007972
4 1 2 15000 0.007788
4 1 2 15000 0.007766
4 1 2 15000 0.008029
4 1 2 15000 0.007988
4 1 2 15000 0.007853
4 1 2 15000 0.008055
4 1 2 15000 0.008001
4 1 2 15000 0.007839
4 1 2 15000 0.007866
4 1 2 15000 0.007897
4 1 2 15000 0.007932
4 1 2 15000 0.007981
4 1 2 15000 0.007838
4 1 2 15000 0.008005
4 1 2 15000 0.007897
4 1 2 15000 0.007816
4 1 2 14960 0.02961
4 1 2 14815 0.02859
4 1 2 14795 0.02966
4 1 2 14767 0.02885
4 1 2 10133 0.02086
4 1 2 10129 0.02034
4 1 2 10108 0.02068
4 1 2 10083 0.02066
4 1 2 10030 0.02033
4 1 2 10018 0.02035
4 1 2 10000 0.005987
4 1 2 10000 0.006045
4 1 2 10000 0.006022
4 1 2 10000 0.006017
4 1 2 10000 0.005986
4 1 2 10000 0.006161
4 1 2 10000 0.005984
4 1 2 10000 0.006058
4 1 2 10000 0.005987
4 1 2 10000 0.005991
4 1 2 10000 0.006038
4 1 2 10000 0.005969
4 1 2 10000 0.006086
4 1 2 10000 0.006103
4 1 2 10000 0.005978
4 1 2 10000 0.00604
4 1 2 9989 0.02006
4 1 2 9984 0.02052
4 1 2 9869 0.02041
4 1 3 125444 0.2883
4 1 3 116172 0.1697
4 1 3 113545 0.1665
4 1 3 113129 0.1656
4 1 3 104680 0.1573
4 1 3 103825 0.1561
4 1 3 100178 0.1504
4 1 3 100000 0.1022
4 1 3 100000 0.103
4 1 3 100000 0.1031
4 1 3 100000 0.1022
4 1 3 100000 0.1021
4 1 3 100000 0.1024
4 1 3 100000 0.1018
4 1 3 100000 0.1023
4 1 3 100000 0.1023
4 1 3 100000 0.1025
4 1 3 100000 0.1028
4 1 3 100000 0.1024
4 1 3 100000 0.1025
4 1 3 100000 0.1027
4 1 3 100000 0.1027
4 1 3 100000 0.1027
4 1 3 100000 0.1029
4 1 3 99508 0.1513
4 1 3 95189 0.1462
4 1 3 92564 0.1427
4 1 3 90188 0.1407
4 1 3 88009 0.139
4 1 3 87550 0.1364
4 1 3 85641 0.1345
4 1 3 85188 0.134
4 1 3 85000 0.08733
4 1 3 85000 0.0884
4 1 3 85000 0.08879
4 1 3 85000 0.08834
4 1 3 85000 0.08927
4 1 3 85000 0.08765
4 1 3 85000 0.08873
4 1 3 85000 0.08851
4 1 3 85000 0.08855
4 1 3 85000 0.08806
4 1 3 85000 0.08747
4 1 3 85000 0.0881
4 1 3 85000 0.08809
4 1 3 85000 0.08932
4 1 3 85000 0.0885
4 1 3 85000 0.08836
4 1 3 84252 0.1334
4 1 3 82487 0.1317
4 1 3 82371 0.1319
4 1 3 81113 0.1302
4 1 3 79663 0.1261
4 1 3 78790 0.1268
4 1 3 77139 0.1253
4 1 3 75000 0.07427
4 1 3 75000 0.07351
4 1 3 75000 0.07462
4 1 3 75000 0.07541
4 1 3 75000 0.07384
4 1 3 75000 0.07417
4 1 3 75000 0.07441
4 1 3 75000 0.0735
4 1 3 75000 0.0744
4 1 3 75000 0.0743
4 1 3 75000 0.07408
4 1 3 75000 0.07456
4 1 3 75000 0.07422
4 1 3 75000 0.07347
4 1 3 75000 0.07403
4 1 3 75000 0.07392
4 1 3 75000 0.07355
4 1 3 74511 0.1215
4 1 3 70932 0.1175
4 1 3 69591 0.1172
4 1 3 55870 0.0998
4 1 3 55540 0.1018
4 1 3 54563 0.09814
4 1 3 52842 0.09789
4 1 3 52594 0.09732
4 1 3 50966 0.09279
4 1 3 50000 0.04275
4 1 3 50000 0.04228
4 1 3 50000 0.04284
4 1 3 50000 0.04252
4 1 3 50000 0.04238
4 1 3 50000 0.04256
4 1 3 50000 0.04274
4 1 3 50000 0.04254
4 1 3 50000 0.04255
4 1 3 50000 0.04307
4 1 3 50000 0.04339
4 1 3 50000 0.04269
4 1 3 50000 0.04266
4 1 3 50000 0.04263
4 1 3 50000 0.04248
4 1 3 50000 0.04276
4 1 3 50000 0.04248
4 1 3 47944 0.08771
4 1 3 47828 0.08615
4 1 3 38081 0.0704
4 1 3 37462 0.06851
4 1 3 37054 0.06915
4 1 3 36461 0.06931
4 1 3 36303 0.06786
4 1 3 35777 0.06854
4 1 3 35460 0.06873
4 1 3 35136 0.06693
4 1 3 35000 0.02767
4 1 3 35000 0.02774
4 1 3 35000 0.0278
4 1 3 35000 0.02774
4 1 3 35000 0.02749
4 1 3 35000 0.02762
4 1 3 35000 0.02782
4 1 3 35000 0.02764
4 1 3 35000 0.02765
4 1 3 35000 0.02754
4 1 3 35000 0.02774
4 1 3 35000 0.02729
4 1 3 35000 0.02752
4 1 3 35000 0.02755
4 1 3 35000 0.02736
4 1 3 35000 0.02769
4 1 3 35000 0.02747
4 1 3 25682 0.0492
4 1 3 25569 0.04865
4 1 3 25419 0.0486
4 1 3 25336 0.04851
4 1 3 25000 0.01236
4 1 3 25000 0.01252
4 1 3 25000 0.01232
4 1 3 25000 0.01217
4 1 3 25000 0.01229
4 1 3 25000 0.01218
4 1 3 25000 0.01219
4 1 3 25000 0.01232
4 1 3 25000 0.01245
4 1 3 25000 0.01225
4 1 3 25000 0.01215
4 1 3 25000 0.01234
4 1 3 25000 0.01207
4 1 3 25000 0.01215
4 1 3 25000 0.01245
4 1 3 25000 0.01219
4 1 3 25000 0.01229
4 1 3 24882 0.04842
4 1 3 24509 0.0468
4 1 3 24478 0.04762
4 1 3 23827 0.04633
4 1 3 15492 0.03106
4 1 3 15405 0.03123
4 1 3 15219 0.02973
4 1 3 15140 0.0306
4 1 3 15068 0.02939
4 1 3 15013 0.02935
4 1 3 15000 0.007917
4 1 3 15000 0.007932
4 1 3 15000 0.008069
4 1 3 15000 0.008023
4 1 3 15000 0.007854
4 1 3 15000 0.00809
4 1 3 15000 0.0079
4 1 3 15000 0.008067
4 1 3 15000 0.008013
4 1 3 15000 0.007896
4 1 3 15000 0.007973
4 1 3 15000 0.008067
4 1 3 15000 0.007761
4 1 3 15000 0.007972
4 1 3 15000 0.007954
4 1 3 15000 0.007884
4 1 3 14895 0.02957
4 1 3 14884 0.03022
4 1 3 14526 0.02937
4 1 3 10267 0.02201
4 1 3 10217 0.02157
4 1 3 10195 0.02086
4 1 3 10132 0.02052
4 1 3 10072 0.02073
4 1 3 10047 0.02046
4 1 3 10000 0.006014
4 1 3 10000 0.006012
4 1 3 10000 0.005997
4 1 3 10000 0.005904
4 1 3 10000 0.006007
4 1 3 10000 0.006058
4 1 3 10000 0.005986
4 1 3 10000 0.006017
4 1 3 10000 0.006006
4 1 3 10000 0.006021
4 1 3 10000 0.006095
4 1 3 10000 0.006062
4 1 3 10000 0.006011
4 1 3 10000 0.005964
4 1 3 10000 0.006047
4 1 3 10000 0.006002
4 1 3 10000 0.005993
4 1 3 9966 0.02008
4 1 3 9775 0.02
4 1 4 141321 0.316
4 1 4 122489 0.1771
4 1 4 117534 0.1717
4 1 4 114579 0.1679
4 1 4 110550 0.1638
4 1 4 106499 0.1613
4 1 4 104625 0.1587
4 1 4 100572 0.1515
4 1 4 100000 0.1018
4 1 4 100000 0.1032
4 1 4 100000 0.1025
4 1 4 100000 0.1036
4 1 4 100000 0.1035
4 1 4 100000 0.102
4 1 4 100000 0.1026
4 1 4 100000 0.1025
4 1 4 100000 0.1014
4 1 4 100000 0.1024
4 1 4 100000 0.1023
4 1 4 100000 0.1031
4 1 4 100000 0.1025
4 1 4 100000 0.103
4 1 4 100000 0.1019
4 1 4 100000 0.102
4 1 4 98637 0.1493
4 1 4 98447 0.1472
4 1 4 96434 0.1483
4 1 4 93681 0.144
4 1 4 91173 0.1418
4 1 4 89705 0.1382
4 1 4 89003 0.1387
4 1 4 86455 0.1352
4 1 4 85844 0.1346
4 1 4 85262 0.1344
4 1 4 85000 0.0875
4 1 4 85000 0.08859
4 1 4 85000 0.0876
4 1 4 85000 0.08893
4 1 4 85000 0.0883
4 1 4 85000 0.08853
4 1 4 85000 0.08828
4 1 4 85000 0.08817
4 1 4 85000 0.0887
4 1 4 85000 0.0888
4 1 4 85000 0.08876
4 1 4 85000 0.08832
4 1 4 85000 0.08825
4 1 4 85000 0.0887
4 1 4 85000 0.08847
4 1 4 85000 0.08873
4 1 4 85000 0.08848
4 1 4 84350 0.1335
4 1 4 82441 0.1319
4 1 4 81514 0.1303
4 1 4 77815 0.1259
4 1 4 76902 0.1249
4 1 4 75320 0.1229
4 1 4 75000 0.07499
4 1 4 75000 0.07393
4 1 4 75000 0.07312
4 1 4 75000 0.07414
4 1 4 75000 0.07376
4 1 4 75000 0.07343
4 1 4 75000 0.07356
4 1 4 75000 0.07411
4 1 4 75000 0.07361
4 1 4 75000 0.07382
4 1 4 75000 0.07373
4 1 4 75000 0.07321
4 1 4 75000 0.0737
4 1 4 75000 0.07377
4 1 4 75000 0.07434
4 1 4 75000 0.07371
4 1 4 75000 0.07409
4 1 4 67919 0.1126
4 1 4 57719 0.1054
4 1 4 56011 0.101
4 1 4 54250 0.09872
4 1 4 53571 0.09872
4 1 4 53334 0.0984
4 1 4 51956 0.09542
4 1 4 50519 0.09284
4 1 4 50000 0.04217
4 1 4 50000 0.04236
4 1 4 50000 0.042
4 1 4 50000 0.0421
4 1 4 50000 0.04192
4 1 4 50000 0.0422
4 1 4 50000 0.04195
4 1 4 50000 0.04211
4 1 4 50000 0.04227
4 1 4 50000 0.04226
4 1 4 50000 0.04197
4 1 4 50000 0.04242
4 1 4 50000 0.04211
4 1 4 50000 0.0422
4 1 4 50000 0.04198
4 1 4 50000 0.04203
4 1 4 50000 0.04218
4 1 4 46072 0.08412
4 1 4 39890 0.07388
4 1 4 38190 0.06975
4 1 4 37576 0.06914
4 1 4 37290 0.06956
4 1 4 36942 0.06933
4 1 4 36195 0.06847
4 1 4 35935 0.06725
4 1 4 35677 0.06746
4 1 4 35000 0.02762
4 1 4 35000 0.02774
4 1 4 35000 0.02756
4 1 4 35000 0.0278
4 1 4 35000 0.02784
4 1 4 35000 0.02772
4 1 4 35000 0.0278
4 1 4 35000 0.02758
4 1 4 35000 0.02772
4 1 4 35000 0.02787
4 1 4 35000 0.02779
4 1 4 35000 0.02772
4 1 4 35000 0.0276
4 1 4 35000 0.02769
4 1 4 35000 0.02794
4 1 4 35000 0.02769
4 1 4 32978 0.06178
4 1 4 26665 0.05081
4 1 4 26211 0.04932
4 1 4 26082 0.04923
4 1 4 25707 0.05054
4 1 4 25333 0.04774
4 1 4 25027 0.0486
4 1 4 25000 0.01253
4 1 4 25000 0.01209
4 1 4 25000 0.01247
4 1 4 25000 0.01234
4 1 4 25000 0.01232
4 1 4 25000 0.01237
4 1 4 25000 0.01236
4 1 4 25000 0.01229
4 1 4 25000 0.01254
4 1 4 25000 0.01244
4 1 4 25000 0.01237
4 1 4 25000 0.0123
4 1 4 25000 0.01235
4 1 4 25000 0.01236
4 1 4 25000 0.0123
4 1 4 25000 0.0122
4 1 4 24685 0.04831
4 1 4 24255 0.0453
4 1 4 23540 0.04545
4 1 4 15712 0.03105
4 1 4 15688 0.03126
4 1 4 15349 0.03103
4 1 4 15268 0.03055
4 1 4 15147 0.03016
4 1 4 15098 0.03068
4 1 4 15061 0.03027
4 1 4 15000 0.008108
4 1 4 15000 0.007808
4 1 4 15000 0.00771
4 1 4 15000 0.007989
4 1 4 15000 0.007973
4 1 4 15000 0.007731
4 1 4 15000 0.008003
4 1 4 15000 0.008045
4 1 4 15000 0.008137
4 1 4 15000 0.00781
4 1 4 15000 0.007917
4 1 4 15000 0.007918
4 1 4 15000 0.00789
4 1 4 15000 0.008054
4 1 4 15000 0.007968
4 1 4 15000 0.008039
4 1 4 14879 0.0293
4 1 4 14675 0.02942
4 1 4 10292 0.02281
4 1 4 10236 0.02136
4 1 4 10193 0.02117
4 1 4 10110 0.02081
4 1 4 10092 0.02091
4 1 4 10085 0.02084
4 1 4 10019 0.02022
4 1 4 10000 0.006018
4 1 4 10000 0.006013
4 1 4 10000 0.006
4 1 4 10000 0.006099
4 1 4 10000 0.005972
4 1 4 10000 0.005959
4 1 4 10000 0.006027
4 1 4 10000 0.005998
4 1 4 10000 0.006119
4 1 4 10000 0.006053
4 1 4 10000 0.006037
4 1 4 10000 0.005931
4 1 4 10000 0.00608
4 1 4 10000 0.006019
4 1 4 10000 0.006009
4 1 4 10000 0.006003
4 1 4 10000 0.006018
4 1 4 9964 0.02056
4 1 5 160507 0.3169
4 1 5 126717 0.2962
4 1 5 120488 0.1764
4 1 5 117318 0.1706
4 1 5 113740 0.1693
4 1 5 113293 0.168
4 1 5 110643 0.1642
4 1 5 106264 0.1605
4 1 5 102104 0.1548
4 1 5 100000 0.1023
4 1 5 100000 0.1021
4 1 5 100000 0.1026
4 1 5 100000 0.1026
4 1 5 100000 0.1024
4 1 5 100000 0.1038
4 1 5 100000 0.1027
4 1 5 100000 0.1025
4 1 5 100000 0.1024
4 1 5 100000 0.1019
4 1 5 100000 0.1032
4 1 5 100000 0.1027
4 1 5 100000 0.1022
4 1 5 100000 0.1028
4 1 5 100000 0.1019
4 1 5 100000 0.1018
4 1 5 100000 0.1022
4 1 5 99761 0.1511
4 1 5 96661 0.1489
4 1 5 93761 0.1444
4 1 5 93358 0.1452
4 1 5 92726 0.1432
4 1 5 91336 0.1412
4 1 5 91066 0.1414
4 1 5 89537 0.1405
4 1 5 89474 0.1382
4 1 5 85000 0.08809
4 1 5 85000 0.088
4 1 5 85000 0.08767
4 1 5 85000 0.08898
4 1 5 85000 0.0871
4 1 5 85000 0.08917
4 1 5 85000 0.08742
4 1 5 85000 0.08785
4 1 5 85000 0.08907
4 1 5 85000 0.08806
4 1 5 85000 0.08918
4 1 5 85000 0.08811
4 1 5 85000 0.08788
4 1 5 85000 0.08834
4 1 5 85000 0.08882
4 1 5 85000 0.08785
4 1 5 85000 0.08833
4 1 5 83887 0.1311
4 1 5 81093 0.1304
4 1 5 80727 0.1298
4 1 5 76177 0.1247
4 1 5 75383 0.1242
4 1 5 75000 0.07364
4 1 5 75000 0.07315
4 1 5 75000 0.07275
4 1 5 75000 0.07434
4 1 5 75000 0.07358
4 1 5 75000 0.07393
4 1 5 75000 0.0746
4 1 5 75000 0.07477
4 1 5 75000 0.07414
4 1 5 75000 0.07417
4 1 5 75000 0.07474
4 1 5 75000 0.07477
4 1 5 75000 0.07422
4 1 5 75000 0.0737
4 1 5 75000 0.07452
4 1 5 75000 0.07372
4 1 5 75000 0.07438
4 1 5 68943 0.1144
4 1 5 58577 0.1052
4 1 5 57750 0.1032
4 1 5 55352 0.1009
4 1 5 54881 0.1003
4 1 5 53921 0.0983
4 1 5 52646 0.09818
4 1 5 51528 0.09414
4 1 5 50000 0.04233
4 1 5 50000 0.04227
4 1 5 50000 0.04285
4 1 5 50000 0.04231
4 1 5 50000 0.04196
4 1 5 50000 0.0429
4 1 5 50000 0.04193
4 1 5 50000 0.04221
4 1 5 50000 0.04238
4 1 5 50000 0.04253
4 1 5 50000 0.04276
4 1 5 50000 0.04229
4 1 5 50000 0.04257
4 1 5 50000 0.04226
4 1 5 50000 0.04301
4 1 5 50000 0.04278
4 1 5 50000 0.04287
4 1 5 47829 0.08829
4 1 5 41089 0.07841
4 1 5 39051 0.07245
4 1 5 37915 0.07145
4 1 5 37433 0.0724
4 1 5 37315 0.0707
4 1 5 36622 0.06916
4 1 5 36513 0.06946
4 1 5 35127 0.06832
4 1 5 35000 0.02789
4 1 5 35000 0.02757
4 1 5 35000 0.02755
4 1 5 35000 0.02754
4 1 5 35000 0.02797
4 1 5 35000 0.02766
4 1 5 35000 0.02759
4 1 5 35000 0.02768
4 1 5 35000 0.02766
4 1 5 35000 0.02757
4 1 5 35000 0.02746
4 1 5 35000 0.02775
4 1 5 35000 0.02772
4 1 5 35000 0.02768
4 1 5 35000 0.02802
4 1 5 35000 0.02766
4 1 5 35000 0.02784
4 1 5 27025 0.05199
4 1 5 26211 0.05017
4 1 5 25892 0.0502
4 1 5 25520 0.04995
4 1 5 25082 0.04873
4 1 5 25000 0.01237
4 1 5 25000 0.01226
4 1 5 25000 0.01215
4 1 5 25000 0.01231
4 1 5 25000 0.01261
4 1 5 25000 0.0122
4 1 5 25000 0.01248
4 1 5 25000 0.01233
4 1 5 25000 0.01211
4 1 5 25000 0.01251
4 1 5 25000 0.01247
4 1 5 25000 0.01228
4 1 5 25000 0.01225
4 1 5 25000 0.01228
4 1 5 25000 0.01216
4 1 5 25000 0.01218
4 1 5 25000 0.01228
4 1 5 24549 0.04821
4 1 5 23982 0.04696
4 1 5 23377 0.04612
4 1 5 15849 0.03212
4 1 5 15677 0.03175
4 1 5 15621 0.03443
4 1 5 15558 0.03443
4 1 5 15298 0.03398
4 1 5 15190 0.03142
4 1 5 15085 0.03288
4 1 5 15000 0.0104
4 1 5 15000 0.01098
4 1 5 15000 0.01129
4 1 5 15000 0.01039
4 1 5 15000 0.009893
4 1 5 15000 0.01069
4 1 5 15000 0.01107
4 1 5 15000 0.009938
4 1 5 15000 0.0104
4 1 5 15000 0.011
4 1 5 15000 0.008162
4 1 5 15000 0.007794
4 1 5 15000 0.008019
4 1 5 15000 0.01103
4 1 5 15000 0.008039
4 1 5 15000 0.008002
4 1 5 14886 0.02976
4 1 5 14879 0.03044
4 1 5 10351 0.02454
4 1 5 10256 0.02241
4 1 5 10207 0.02146
4 1 5 10182 0.0225
4 1 5 10143 0.02332
4 1 5 10135 0.02115
4 1 5 10082 0.02262
4 1 5 10000 0.007883
4 1 5 10000 0.007277
4 1 5 10000 0.00676
4 1 5 10000 0.008046
4 1 5 10000 0.006053
4 1 5 10000 0.007406
4 1 5 10000 0.008079
4 1 5 10000 0.007987
4 1 5 10000 0.007421
4 1 5 10000 0.007221
4 1 5 10000 0.00766
4 1 5 10000 0.007896
4 1 5 10000 0.007702
4 1 5 10000 0.007233
4 1 5 10000 0.007464
4 1 5 10000 0.007998
4 1 5 10000 0.007986
4 1 5 9929 0.02264
