16 2 1 100000 0.1404
16 2 1 100000 0.1384
16 2 1 100000 0.1339
16 2 1 100000 0.1336
16 2 1 100000 0.156
16 2 1 100000 0.1561
16 2 1 85000 0.116
16 2 1 85000 0.1152
16 2 1 85000 0.1168
16 2 1 85000 0.1169
16 2 1 85000 0.1393
16 2 1 85000 0.1389
16 2 1 75000 0.1029
16 2 1 75000 0.1026
16 2 1 75000 0.08704
16 2 1 75000 0.0805
16 2 1 75000 0.08266
16 2 1 75000 0.106
16 2 1 75000 0.1055
16 2 1 50000 0.0575
16 2 1 50000 0.0588
16 2 1 50000 0.05957
16 2 1 50000 0.08353
16 2 1 50000 0.08495
16 2 1 35000 0.04311
16 2 1 35000 0.0419
16 2 1 35000 0.04258
16 2 1 35000 0.04217
16 2 1 35000 0.04296
16 2 1 35000 0.06197
16 2 1 35000 0.06279
16 2 1 25000 0.02839
16 2 1 25000 0.02761
16 2 1 25000 0.02813
16 2 1 25000 0.02782
16 2 1 25000 0.04499
16 2 1 25000 0.04556
16 2 1 15000 0.01768
16 2 1 15000 0.01733
16 2 1 15000 0.01755
16 2 1 15000 0.01777
16 2 1 15000 0.01739
16 2 1 15000 0.02829
16 2 1 15000 0.02833
16 2 1 10000 0.01267
16 2 1 10000 0.013
16 2 1 10000 0.01231
16 2 1 10000 0.01241
16 2 1 10000 0.01925
16 2 1 10000 0.01937
16 2 2 113136 0.1127
16 2 2 113071 0.1105
16 2 2 112806 0.1143
16 2 2 112309 0.1131
16 2 2 107079 0.1107
16 2 2 97439 0.1449
16 2 2 94575 0.1194
16 2 2 94455 0.0989
16 2 2 94300 0.0962
16 2 2 94089 0.09801
16 2 2 92724 0.1234
16 2 2 87306 0.1196
16 2 2 82458 0.08725
16 2 2 82349 0.08524
16 2 2 82222 0.08666
16 2 2 81194 0.1124
16 2 2 79457 0.08473
16 2 2 74834 0.1066
16 2 2 72533 0.1041
16 2 2 53346 0.0628
16 2 2 53292 0.06383
16 2 2 53210 0.06344
16 2 2 53110 0.06154
16 2 2 51736 0.08652
16 2 2 36662 0.04293
16 2 2 36645 0.04317
16 2 2 36611 0.04248
16 2 2 36584 0.04316
16 2 2 36312 0.06302
16 2 2 35015 0.04218
16 2 2 33687 0.0594
16 2 2 25845 0.02855
16 2 2 25829 0.02861
16 2 2 25816 0.02739
16 2 2 25797 0.02819
16 2 2 25451 0.04588
16 2 2 24668 0.04485
16 2 2 15303 0.01834
16 2 2 15300 0.01697
16 2 2 15298 0.01826
16 2 2 15295 0.02946
16 2 2 15281 0.01845
16 2 2 15170 0.02824
16 2 2 14908 0.02829
16 2 2 10134 0.01272
16 2 2 10132 0.01265
16 2 2 10130 0.01239
16 2 2 10127 0.01183
16 2 2 10086 0.01978
16 2 2 9986 0.01928
16 2 3 127477 0.1834
16 2 3 126943 0.1769
16 2 3 121884 0.1172
16 2 3 120857 0.1152
16 2 3 117197 0.1161
16 2 3 104704 0.107
16 2 3 104346 0.1326
16 2 3 102820 0.1043
16 2 3 102057 0.1304
16 2 3 93835 0.1229
16 2 3 92187 0.1204
16 2 3 90869 0.119
16 2 3 90303 0.08838
16 2 3 89964 0.1194
16 2 3 88901 0.09424
16 2 3 87023 0.1141
16 2 3 79898 0.1149
16 2 3 77502 0.1084
16 2 3 74301 0.1047
16 2 3 56694 0.06683
16 2 3 56528 0.06569
16 2 3 55758 0.0886
16 2 3 54357 0.06361
16 2 3 50919 0.06048
16 2 3 38343 0.04518
16 2 3 38281 0.04429
16 2 3 38210 0.04498
16 2 3 38022 0.04306
16 2 3 36638 0.0429
16 2 3 36564 0.06238
16 2 3 33751 0.05843
16 2 3 26686 0.02928
16 2 3 26669 0.02994
16 2 3 26640 0.03054
16 2 3 26631 0.02993
16 2 3 25545 0.04679
16 2 3 24820 0.04485
16 2 3 15603 0.01887
16 2 3 15601 0.01856
16 2 3 15593 0.01932
16 2 3 15588 0.01919
16 2 3 15538 0.02937
16 2 3 15311 0.02881
16 2 3 15040 0.02827
16 2 3 10266 0.01376
16 2 3 10260 0.01349
16 2 3 10258 0.01307
16 2 3 10215 0.01978
16 2 3 10125 0.01956
16 2 3 10006 0.01287
16 2 4 142653 0.1934
16 2 4 142382 0.189
16 2 4 138484 0.1921
16 2 4 135749 0.1823
16 2 4 116547 0.115
16 2 4 116285 0.1136
16 2 4 115466 0.1129
16 2 4 114088 0.1127
16 2 4 112426 0.1122
16 2 4 99167 0.09602
16 2 4 99033 0.1015
16 2 4 98578 0.1025
16 2 4 98199 0.1015
16 2 4 96606 0.09813
16 2 4 93775 0.123
16 2 4 87597 0.1166
16 2 4 82038 0.1127
16 2 4 78039 0.1099
16 2 4 66154 0.09995
16 2 4 60357 0.07009
16 2 4 60137 0.07071
16 2 4 59417 0.06899
16 2 4 57922 0.06531
16 2 4 55057 0.09102
16 2 4 40064 0.04633
16 2 4 40054 0.04745
16 2 4 39905 0.04748
16 2 4 39589 0.04517
16 2 4 38290 0.04474
16 2 4 37764 0.06534
16 2 4 34759 0.06227
16 2 4 27559 0.03185
16 2 4 27518 0.03117
16 2 4 27507 0.03053
16 2 4 27385 0.03098
16 2 4 26391 0.04813
16 2 4 25270 0.0465
16 2 4 24708 0.04648
16 2 4 15880 0.01987
16 2 4 15861 0.01924
16 2 4 15835 0.0183
16 2 4 15555 0.01906
16 2 4 15100 0.02987
16 2 4 10401 0.01361
16 2 4 10393 0.01427
16 2 4 10387 0.01395
16 2 4 10369 0.01398
16 2 4 10220 0.02068
16 2 4 10100 0.02002
16 2 4 9909 0.0201
16 2 5 160914 0.2529
16 2 5 159923 0.2461
16 2 5 154803 0.2426
16 2 5 153182 0.2394
16 2 5 128304 0.2153
16 2 5 127800 0.217
16 2 5 127269 0.2176
16 2 5 125737 0.215
16 2 5 120088 0.1806
16 2 5 111280 0.1711
16 2 5 107966 0.1421
16 2 5 107175 0.1415
16 2 5 105749 0.1393
16 2 5 101954 0.1328
16 2 5 97052 0.1524
16 2 5 89990 0.1427
16 2 5 80174 0.1317
16 2 5 76258 0.1283
16 2 5 70851 0.1205
16 2 5 64082 0.0872
16 2 5 63808 0.08617
16 2 5 62150 0.08598
16 2 5 57525 0.07983
16 2 5 56424 0.1042
16 2 5 49562 0.09177
16 2 5 41792 0.05838
16 2 5 41644 0.05731
16 2 5 41195 0.05524
16 2 5 39945 0.05419
16 2 5 36447 0.06882
16 2 5 34416 0.0667
16 2 5 28417 0.0331
16 2 5 28389 0.03372
16 2 5 28347 0.0334
16 2 5 28232 0.0327
16 2 5 26640 0.05258
16 2 5 24205 0.04716
16 2 5 16225 0.02067
16 2 5 16215 0.02056
16 2 5 16179 0.0197
16 2 5 16153 0.02013
16 2 5 16114 0.02048
16 2 5 15525 0.0322
16 2 5 15084 0.0313
16 2 5 10530 0.01463
16 2 5 10520 0.01467
16 2 5 10512 0.0146
16 2 5 10399 0.01481
16 2 5 10114 0.0215
16 2 5 10051 0.02641
