16 3 1 100000 0.1684
16 3 1 100000 0.1598
16 3 1 100000 0.1552
16 3 1 100000 0.1545
16 3 1 100000 0.1559
16 3 1 100000 0.1508
16 3 1 100000 0.1278
16 3 1 85000 0.1133
16 3 1 85000 0.1158
16 3 1 85000 0.1152
16 3 1 85000 0.1129
16 3 1 85000 0.1147
16 3 1 75000 0.1047
16 3 1 75000 0.1043
16 3 1 75000 0.1055
16 3 1 75000 0.1035
16 3 1 75000 0.1045
16 3 1 75000 0.1046
16 3 1 75000 0.1055
16 3 1 50000 0.08295
16 3 1 50000 0.08157
16 3 1 50000 0.08371
16 3 1 50000 0.08259
16 3 1 50000 0.08123
16 3 1 50000 0.08305
16 3 1 35000 0.0614
16 3 1 35000 0.06145
16 3 1 35000 0.06291
16 3 1 35000 0.06307
16 3 1 35000 0.06429
16 3 1 35000 0.06027
16 3 1 35000 0.06145
16 3 1 25000 0.04528
16 3 1 25000 0.04627
16 3 1 25000 0.0449
16 3 1 25000 0.04529
16 3 1 25000 0.0445
16 3 1 25000 0.04522
16 3 1 15000 0.02837
16 3 1 15000 0.02844
16 3 1 15000 0.02824
16 3 1 15000 0.02859
16 3 1 15000 0.0279
16 3 1 10000 0.01927
16 3 1 10000 0.0196
16 3 1 10000 0.01949
16 3 1 10000 0.01959
16 3 1 10000 0.01905
16 3 1 10000 0.01939
16 3 1 10000 0.01951
16 3 2 112104 0.1386
16 3 2 104749 0.1311
16 3 2 102807 0.1309
16 3 2 97726 0.1262
16 3 2 97307 0.1257
16 3 2 93474 0.1223
16 3 2 91624 0.12
16 3 2 91511 0.1188
16 3 2 89803 0.1205
16 3 2 86254 0.1154
16 3 2 82551 0.1125
16 3 2 82547 0.111
16 3 2 81154 0.1093
16 3 2 80523 0.1095
16 3 2 78106 0.1075
16 3 2 77877 0.1068
16 3 2 77406 0.1069
16 3 2 73536 0.1054
16 3 2 72908 0.1036
16 3 2 52970 0.08672
16 3 2 52907 0.08737
16 3 2 51582 0.08442
16 3 2 50606 0.08292
16 3 2 50005 0.08136
16 3 2 46785 0.07897
16 3 2 46698 0.0783
16 3 2 36312 0.06322
16 3 2 36204 0.06226
16 3 2 35087 0.0608
16 3 2 34528 0.06004
16 3 2 33807 0.05996
16 3 2 25848 0.04636
16 3 2 25843 0.04713
16 3 2 25736 0.0459
16 3 2 25192 0.04389
16 3 2 25170 0.0445
16 3 2 24392 0.04412
16 3 2 24190 0.04356
16 3 2 15278 0.02895
16 3 2 15212 0.02885
16 3 2 15072 0.02876
16 3 2 15034 0.02833
16 3 2 14932 0.02852
16 3 2 14681 0.02779
16 3 2 10128 0.01994
16 3 2 10109 0.01985
16 3 2 10086 0.01974
16 3 2 10013 0.01922
16 3 2 9986 0.01918
16 3 2 9873 0.01936
16 3 3 120502 0.1455
16 3 3 109787 0.137
16 3 3 105489 0.138
16 3 3 102349 0.13
16 3 3 100592 0.1271
16 3 3 94592 0.1215
16 3 3 92221 0.1201
16 3 3 91790 0.12
16 3 3 89425 0.1161
16 3 3 87846 0.1157
16 3 3 85483 0.1125
16 3 3 85316 0.1137
16 3 3 83492 0.1101
16 3 3 81137 0.1092
16 3 3 81137 0.109
16 3 3 77691 0.1071
16 3 3 77502 0.1067
16 3 3 73756 0.1025
16 3 3 72503 0.1025
16 3 3 55259 0.08774
16 3 3 53151 0.08306
16 3 3 52801 0.08426
16 3 3 51650 0.08258
16 3 3 50452 0.08327
16 3 3 46136 0.07756
16 3 3 37757 0.06432
16 3 3 37492 0.06375
16 3 3 36322 0.06212
16 3 3 35037 0.06068
16 3 3 34675 0.06093
16 3 3 34005 0.0592
16 3 3 32680 0.05646
16 3 3 26097 0.04667
16 3 3 25590 0.04546
16 3 3 25245 0.04499
16 3 3 24635 0.04463
16 3 3 24254 0.0443
16 3 3 23894 0.04294
16 3 3 15454 0.0296
16 3 3 15278 0.02878
16 3 3 15208 0.02828
16 3 3 15060 0.02838
16 3 3 14928 0.02787
16 3 3 10253 0.02075
16 3 3 10232 0.01982
16 3 3 10125 0.01953
16 3 3 10095 0.01918
16 3 3 10065 0.01936
16 3 3 10009 0.0195
16 3 3 9880 0.01972
16 3 4 127777 0.264
16 3 4 115553 0.1435
16 3 4 104261 0.1333
16 3 4 104261 0.1336
16 3 4 98730 0.1289
16 3 4 96873 0.1272
16 3 4 94512 0.1245
16 3 4 94512 0.1251
16 3 4 93971 0.1576
16 3 4 91732 0.1505
16 3 4 89752 0.1189
16 3 4 86575 0.1151
16 3 4 83162 0.1125
16 3 4 82808 0.1122
16 3 4 82038 0.112
16 3 4 78039 0.1085
16 3 4 76008 0.1073
16 3 4 73760 0.1061
16 3 4 71856 0.1038
16 3 4 56540 0.09079
16 3 4 55525 0.08993
16 3 4 52793 0.08658
16 3 4 50779 0.08467
16 3 4 49674 0.08308
16 3 4 48415 0.07876
16 3 4 39967 0.06826
16 3 4 37480 0.06426
16 3 4 36932 0.06517
16 3 4 35095 0.06208
16 3 4 35065 0.06308
16 3 4 34381 0.06099
16 3 4 31270 0.05586
16 3 4 26243 0.04788
16 3 4 25764 0.04759
16 3 4 25478 0.04569
16 3 4 24956 0.04641
16 3 4 24712 0.04543
16 3 4 23709 0.04456
16 3 4 15536 0.03032
16 3 4 15311 0.03014
16 3 4 15234 0.02967
16 3 4 14928 0.02958
16 3 4 14796 0.02896
16 3 4 10308 0.02173
16 3 4 10288 0.02163
16 3 4 10220 0.02071
16 3 4 10195 0.02067
16 3 4 10043 0.02003
16 3 4 9967 0.01979
16 3 4 9934 0.02026
16 3 5 136558 0.2672
16 3 5 115851 0.1443
16 3 5 110659 0.14
16 3 5 105136 0.1344
16 3 5 99842 0.128
16 3 5 99344 0.1307
16 3 5 97885 0.1267
16 3 5 97052 0.125
16 3 5 95096 0.1242
16 3 5 94283 0.1229
16 3 5 90540 0.1195
16 3 5 89990 0.1173
16 3 5 87247 0.1167
16 3 5 85404 0.1144
16 3 5 80174 0.1091
16 3 5 79387 0.1088
16 3 5 76381 0.1065
16 3 5 75754 0.1056
16 3 5 62270 0.09507
16 3 5 60227 0.09366
16 3 5 56041 0.08921
16 3 5 53732 0.08841
16 3 5 52981 0.09262
16 3 5 52036 0.08475
16 3 5 49805 0.08287
16 3 5 39772 0.06743
16 3 5 38686 0.06686
16 3 5 38150 0.06585
16 3 5 35757 0.06249
16 3 5 34416 0.06091
16 3 5 34015 0.0598
16 3 5 32547 0.05804
16 3 5 26677 0.05045
16 3 5 26467 0.04883
16 3 5 25811 0.04775
16 3 5 25677 0.04829
16 3 5 24941 0.04549
16 3 5 15752 0.03094
16 3 5 15752 0.0309
16 3 5 15509 0.03086
16 3 5 15362 0.03068
16 3 5 15170 0.02938
16 3 5 15028 0.02884
16 3 5 14645 0.02872
16 3 5 10364 0.02173
16 3 5 10226 0.02017
16 3 5 10174 0.02037
16 3 5 10137 0.02016
16 3 5 10078 0.01979
16 3 5 10051 0.0199
