8 1 1 100000 0.1481
8 1 1 100000 0.1451
8 1 1 100000 0.142
8 1 1 100000 0.1399
8 1 1 100000 0.1643
8 1 1 100000 0.1649
8 1 1 100000 0.1676
8 1 1 100000 0.1443
8 1 1 100000 0.1299
8 1 1 100000 0.1285
8 1 1 100000 0.1296
8 1 1 100000 0.1298
8 1 1 100000 0.1304
8 1 1 85000 0.09033
8 1 1 85000 0.09028
8 1 1 85000 0.09185
8 1 1 85000 0.1159
8 1 1 85000 0.1157
8 1 1 85000 0.1175
8 1 1 85000 0.1163
8 1 1 85000 0.116
8 1 1 85000 0.1156
8 1 1 85000 0.1176
8 1 1 85000 0.1156
8 1 1 85000 0.116
8 1 1 75000 0.08195
8 1 1 75000 0.08078
8 1 1 75000 0.07995
8 1 1 75000 0.08063
8 1 1 75000 0.1074
8 1 1 75000 0.107
8 1 1 75000 0.1074
8 1 1 75000 0.1073
8 1 1 75000 0.1075
8 1 1 75000 0.1076
8 1 1 75000 0.1067
8 1 1 75000 0.1072
8 1 1 50000 0.05775
8 1 1 50000 0.06034
8 1 1 50000 0.05835
8 1 1 50000 0.06098
8 1 1 50000 0.05743
8 1 1 50000 0.08473
8 1 1 50000 0.083
8 1 1 50000 0.08249
8 1 1 50000 0.08362
8 1 1 50000 0.08434
8 1 1 50000 0.08153
8 1 1 50000 0.08358
8 1 1 50000 0.08531
8 1 1 35000 0.04056
8 1 1 35000 0.0412
8 1 1 35000 0.04227
8 1 1 35000 0.04203
8 1 1 35000 0.06333
8 1 1 35000 0.0621
8 1 1 35000 0.0615
8 1 1 35000 0.06076
8 1 1 35000 0.06205
8 1 1 35000 0.06133
8 1 1 35000 0.06214
8 1 1 35000 0.06129
8 1 1 35000 0.06239
8 1 1 25000 0.02594
8 1 1 25000 0.02947
8 1 1 25000 0.02841
8 1 1 25000 0.0285
8 1 1 25000 0.04734
8 1 1 25000 0.0474
8 1 1 25000 0.04651
8 1 1 25000 0.0465
8 1 1 25000 0.04738
8 1 1 25000 0.04617
8 1 1 25000 0.04658
8 1 1 25000 0.04675
8 1 1 15000 0.01762
8 1 1 15000 0.01758
8 1 1 15000 0.01793
8 1 1 15000 0.01771
8 1 1 15000 0.02786
8 1 1 15000 0.02753
8 1 1 15000 0.02831
8 1 1 15000 0.02775
8 1 1 15000 0.02812
8 1 1 15000 0.02812
8 1 1 15000 0.02789
8 1 1 15000 0.02791
8 1 1 15000 0.02798
8 1 1 10000 0.01273
8 1 1 10000 0.01247
8 1 1 10000 0.01271
8 1 1 10000 0.01958
8 1 1 10000 0.01906
8 1 1 10000 0.0194
8 1 1 10000 0.01952
8 1 1 10000 0.01909
8 1 1 10000 0.01964
8 1 1 10000 0.0194
8 1 1 10000 0.01967
8 1 1 10000 0.0195
8 1 2 113549 0.1425
8 1 2 113122 0.1422
8 1 2 113048 0.1136
8 1 2 113023 0.1083
8 1 2 112026 0.1123
8 1 2 111876 0.1401
8 1 2 105450 0.1346
8 1 2 104755 0.134
8 1 2 103100 0.1328
8 1 2 103021 0.1316
8 1 2 97701 0.1276
8 1 2 94670 0.0985
8 1 2 94514 0.0986
8 1 2 94408 0.09762
8 1 2 94283 0.09679
8 1 2 94010 0.1233
8 1 2 93521 0.123
8 1 2 92556 0.1229
8 1 2 90356 0.1209
8 1 2 88128 0.1191
8 1 2 86602 0.09141
8 1 2 83748 0.1151
8 1 2 82631 0.08666
8 1 2 82482 0.1127
8 1 2 82446 0.08795
8 1 2 82387 0.08894
8 1 2 82239 0.083
8 1 2 82095 0.08562
8 1 2 81275 0.1131
8 1 2 79522 0.1105
8 1 2 78972 0.1102
8 1 2 78636 0.1093
8 1 2 76569 0.1086
8 1 2 75967 0.1034
8 1 2 75771 0.108
8 1 2 74274 0.1075
8 1 2 72785 0.1063
8 1 2 53388 0.08773
8 1 2 53383 0.08829
8 1 2 53360 0.06308
8 1 2 53293 0.06181
8 1 2 53238 0.08815
8 1 2 53167 0.06085
8 1 2 52755 0.08705
8 1 2 52465 0.08663
8 1 2 52083 0.08667
8 1 2 51258 0.08508
8 1 2 50999 0.08453
8 1 2 49783 0.08441
8 1 2 48618 0.08181
8 1 2 36662 0.04278
8 1 2 36662 0.06399
8 1 2 36656 0.06298
8 1 2 36620 0.04446
8 1 2 36603 0.0458
8 1 2 36580 0.04332
8 1 2 36545 0.06362
8 1 2 36050 0.06345
8 1 2 35789 0.06427
8 1 2 35021 0.06257
8 1 2 34444 0.06042
8 1 2 33979 0.06099
8 1 2 33687 0.0599
8 1 2 25842 0.04741
8 1 2 25828 0.02987
8 1 2 25820 0.02925
8 1 2 25815 0.0465
8 1 2 25803 0.02901
8 1 2 25728 0.04725
8 1 2 25414 0.04714
8 1 2 25171 0.04656
8 1 2 24953 0.04713
8 1 2 24910 0.04679
8 1 2 24579 0.04684
8 1 2 24190 0.04472
8 1 2 15304 0.01747
8 1 2 15302 0.01822
8 1 2 15299 0.01709
8 1 2 15298 0.01868
8 1 2 15292 0.0182
8 1 2 15287 0.02838
8 1 2 15277 0.02898
8 1 2 15234 0.02937
8 1 2 15026 0.02779
8 1 2 15010 0.02829
8 1 2 14975 0.02855
8 1 2 14941 0.02855
8 1 2 14762 0.02814
8 1 2 10133 0.0197
8 1 2 10132 0.01293
8 1 2 10132 0.01992
8 1 2 10130 0.01972
8 1 2 10127 0.0126
8 1 2 10120 0.01292
8 1 2 10111 0.01963
8 1 2 10099 0.01981
8 1 2 10032 0.01905
8 1 2 10000 0.01966
8 1 2 9959 0.01945
8 1 2 9889 0.01975
8 1 3 128538 0.2699
8 1 3 127758 0.1794
8 1 3 127433 0.1768
8 1 3 127290 0.1793
8 1 3 119133 0.1514
8 1 3 119133 0.1508
8 1 3 110351 0.1398
8 1 3 105664 0.1394
8 1 3 105122 0.105
8 1 3 104647 0.1068
8 1 3 104554 0.1342
8 1 3 104148 0.1032
8 1 3 103842 0.1036
8 1 3 102644 0.1306
8 1 3 99909 0.1304
8 1 3 99909 0.1305
8 1 3 98573 0.1282
8 1 3 94641 0.1251
8 1 3 92496 0.1227
8 1 3 91937 0.1199
8 1 3 90494 0.09207
8 1 3 90320 0.09417
8 1 3 90158 0.09251
8 1 3 89832 0.1199
8 1 3 88453 0.09118
8 1 3 87873 0.1169
8 1 3 87567 0.1159
8 1 3 84467 0.1152
8 1 3 83211 0.1123
8 1 3 83124 0.112
8 1 3 80431 0.1101
8 1 3 79307 0.1096
8 1 3 79307 0.1096
8 1 3 76805 0.1082
8 1 3 76682 0.1089
8 1 3 73700 0.1056
8 1 3 70669 0.1043
8 1 3 70482 0.1026
8 1 3 56736 0.0649
8 1 3 56660 0.06449
8 1 3 56440 0.06485
8 1 3 55815 0.09237
8 1 3 55081 0.08991
8 1 3 54386 0.08929
8 1 3 53137 0.08766
8 1 3 52041 0.08532
8 1 3 51838 0.08584
8 1 3 50389 0.08535
8 1 3 47625 0.07998
8 1 3 45846 0.07598
8 1 3 38403 0.06533
8 1 3 38326 0.04427
8 1 3 38273 0.0424
8 1 3 38229 0.0439
8 1 3 38105 0.04366
8 1 3 36638 0.06407
8 1 3 36293 0.06395
8 1 3 35884 0.06323
8 1 3 35633 0.06206
8 1 3 35260 0.06187
8 1 3 34170 0.05962
8 1 3 33486 0.05844
8 1 3 26724 0.029
8 1 3 26695 0.02915
8 1 3 26678 0.02906
8 1 3 26656 0.03038
8 1 3 26621 0.02789
8 1 3 26561 0.02787
8 1 3 26056 0.04718
8 1 3 25806 0.04769
8 1 3 25594 0.04732
8 1 3 25346 0.04707
8 1 3 24834 0.04673
8 1 3 24556 0.04703
8 1 3 24256 0.04592
8 1 3 15608 0.01827
8 1 3 15604 0.018
8 1 3 15593 0.01753
8 1 3 15585 0.01783
8 1 3 15572 0.02997
8 1 3 15510 0.03038
8 1 3 15444 0.03034
8 1 3 15324 0.02918
8 1 3 15210 0.02891
8 1 3 15166 0.02922
8 1 3 14972 0.02871
8 1 3 14876 0.02837
8 1 3 14656 0.02814
8 1 3 10263 0.01302
8 1 3 10262 0.01344
8 1 3 10256 0.0131
8 1 3 10251 0.02084
8 1 3 10211 0.02025
8 1 3 10166 0.02011
8 1 3 10139 0.01995
8 1 3 10101 0.02029
8 1 3 10075 0.02014
8 1 3 10020 0.01997
8 1 3 9905 0.01962
8 1 3 9841 0.01992
8 1 4 144740 0.1931
8 1 4 143148 0.1906
8 1 4 142138 0.1962
8 1 4 139051 0.191
8 1 4 129254 0.2714
8 1 4 125274 0.2703
8 1 4 116800 0.1179
8 1 4 115913 0.1178
8 1 4 115477 0.1203
8 1 4 114291 0.116
8 1 4 113509 0.1192
8 1 4 111106 0.1437
8 1 4 108407 0.1405
8 1 4 104883 0.14
8 1 4 104261 0.1387
8 1 4 103535 0.1346
8 1 4 100757 0.1337
8 1 4 100355 0.1339
8 1 4 99081 0.1062
8 1 4 98608 0.1066
8 1 4 98051 0.1301
8 1 4 97876 0.1097
8 1 4 96241 0.1554
8 1 4 95468 0.1528
8 1 4 94058 0.1513
8 1 4 90502 0.1474
8 1 4 90502 0.1474
8 1 4 87007 0.1356
8 1 4 85863 0.1417
8 1 4 84754 0.1409
8 1 4 83691 0.1388
8 1 4 81533 0.1366
8 1 4 80307 0.1342
8 1 4 74606 0.1274
8 1 4 73052 0.1257
8 1 4 71848 0.1251
8 1 4 68264 0.1196
8 1 4 68264 0.1199
8 1 4 60300 0.08555
8 1 4 60079 0.1128
8 1 4 59555 0.1112
8 1 4 57564 0.08271
8 1 4 56816 0.1074
8 1 4 55906 0.08025
8 1 4 55022 0.1031
8 1 4 54220 0.1021
8 1 4 52753 0.09959
8 1 4 51313 0.09733
8 1 4 49413 0.09288
8 1 4 43892 0.08582
8 1 4 40101 0.05471
8 1 4 39993 0.05548
8 1 4 39775 0.053
8 1 4 39318 0.05501
8 1 4 38766 0.05271
8 1 4 37428 0.07335
8 1 4 37428 0.07353
8 1 4 36345 0.06982
8 1 4 36345 0.06974
8 1 4 35103 0.06791
8 1 4 35057 0.06837
8 1 4 34324 0.06664
8 1 4 32670 0.06125
8 1 4 27540 0.0348
8 1 4 27497 0.03222
8 1 4 27428 0.03342
8 1 4 26991 0.05263
8 1 4 26914 0.03235
8 1 4 26391 0.04941
8 1 4 26026 0.05031
8 1 4 25653 0.04943
8 1 4 25317 0.04936
8 1 4 24804 0.04945
8 1 4 24619 0.04853
8 1 4 23246 0.0455
8 1 4 15911 0.02047
8 1 4 15901 0.02144
8 1 4 15878 0.02002
8 1 4 15861 0.03147
8 1 4 15690 0.01936
8 1 4 15575 0.03151
8 1 4 15475 0.03141
8 1 4 15363 0.03058
8 1 4 15136 0.02969
8 1 4 14948 0.02998
8 1 4 14892 0.02962
8 1 4 14682 0.02926
8 1 4 10405 0.01391
8 1 4 10398 0.01443
8 1 4 10396 0.01444
8 1 4 10387 0.0142
8 1 4 10340 0.01505
8 1 4 10302 0.01392
8 1 4 10255 0.02141
8 1 4 10231 0.0208
8 1 4 10190 0.02114
8 1 4 10148 0.02112
8 1 4 10075 0.02064
8 1 4 10026 0.02045
8 1 4 9816 0.02023
8 1 5 163041 0.2547
8 1 5 161431 0.2592
8 1 5 161371 0.2562
8 1 5 151965 0.2558
8 1 5 151129 0.2489
8 1 5 128825 0.2207
8 1 5 128323 0.2297
8 1 5 127794 0.3055
8 1 5 125885 0.2237
8 1 5 125357 0.2237
8 1 5 121634 0.1896
8 1 5 116545 0.1831
8 1 5 114413 0.1788
8 1 5 109600 0.1746
8 1 5 108737 0.1467
8 1 5 108404 0.1473
8 1 5 108036 0.148
8 1 5 106784 0.17
8 1 5 105868 0.1419
8 1 5 103258 0.1657
8 1 5 102474 0.1656
8 1 5 100622 0.1614
8 1 5 100238 0.1608
8 1 5 99586 0.1483
8 1 5 95627 0.1292
8 1 5 94526 0.1285
8 1 5 91685 0.1268
8 1 5 90164 0.1241
8 1 5 85353 0.1189
8 1 5 83732 0.1184
8 1 5 82157 0.1176
8 1 5 80242 0.115
8 1 5 79112 0.1134
8 1 5 78056 0.1129
8 1 5 71144 0.1071
8 1 5 70233 0.1061
8 1 5 67176 0.1034
8 1 5 65119 0.09869
8 1 5 64156 0.07345
8 1 5 63921 0.07323
8 1 5 62111 0.06906
8 1 5 61890 0.09994
8 1 5 58479 0.09736
8 1 5 56240 0.09333
8 1 5 55328 0.09231
8 1 5 55136 0.0913
8 1 5 53096 0.08983
8 1 5 51519 0.08509
8 1 5 49463 0.08569
8 1 5 43402 0.07584
8 1 5 41878 0.04968
8 1 5 41804 0.0512
8 1 5 41613 0.04921
8 1 5 40334 0.04374
8 1 5 40023 0.06965
8 1 5 38782 0.06814
8 1 5 38637 0.06733
8 1 5 37266 0.06526
8 1 5 37266 0.06515
8 1 5 35953 0.0651
8 1 5 35520 0.06439
8 1 5 34598 0.06175
8 1 5 28471 0.03135
8 1 5 28449 0.03218
8 1 5 28417 0.03246
8 1 5 28332 0.03135
8 1 5 28261 0.03283
8 1 5 27286 0.05071
8 1 5 26557 0.04835
8 1 5 26467 0.0489
8 1 5 25989 0.04906
8 1 5 25548 0.04878
8 1 5 25303 0.0477
8 1 5 24900 0.04866
8 1 5 23890 0.04652
8 1 5 16230 0.01895
8 1 5 16214 0.0192
8 1 5 16200 0.01947
8 1 5 16167 0.02002
8 1 5 15994 0.01896
8 1 5 15690 0.03091
8 1 5 15525 0.0311
8 1 5 15475 0.03077
8 1 5 15265 0.02987
8 1 5 14949 0.02914
8 1 5 14709 0.02915
8 1 5 14607 0.02889
8 1 5 10538 0.01419
8 1 5 10535 0.01404
8 1 5 10529 0.01421
8 1 5 10475 0.01379
8 1 5 10443 0.01366
8 1 5 10367 0.02225
8 1 5 10289 0.02203
8 1 5 10229 0.02052
8 1 5 10172 0.02038
8 1 5 10146 0.02068
8 1 5 10045 0.02032
8 1 5 9981 0.0203
8 1 5 9867 0.02017
