4 1 1 100000 0.1669
4 1 1 100000 0.1632
4 1 1 100000 0.1587
4 1 1 100000 0.1419
4 1 1 100000 0.1345
4 1 1 100000 0.1356
4 1 1 100000 0.1353
4 1 1 100000 0.1543
4 1 1 100000 0.09704
4 1 1 100000 0.09696
4 1 1 100000 0.08293
4 1 1 100000 0.07582
4 1 1 100000 0.07573
4 1 1 100000 0.07592
4 1 1 100000 0.07628
4 1 1 100000 0.07637
4 1 1 100000 0.07664
4 1 1 100000 0.07596
4 1 1 100000 0.07557
4 1 1 100000 0.07558
4 1 1 100000 0.07652
4 1 1 100000 0.07539
4 1 1 100000 0.076
4 1 1 100000 0.0759
4 1 1 100000 0.07519
4 1 1 85000 0.1207
4 1 1 85000 0.121
4 1 1 85000 0.1263
4 1 1 85000 0.1307
4 1 1 85000 0.1321
4 1 1 85000 0.1308
4 1 1 85000 0.1302
4 1 1 85000 0.1304
4 1 1 85000 0.07694
4 1 1 85000 0.09768
4 1 1 85000 0.07701
4 1 1 85000 0.06677
4 1 1 85000 0.06598
4 1 1 85000 0.0661
4 1 1 85000 0.06615
4 1 1 85000 0.06613
4 1 1 85000 0.07242
4 1 1 85000 0.09566
4 1 1 85000 0.09487
4 1 1 85000 0.08798
4 1 1 85000 0.06625
4 1 1 85000 0.06612
4 1 1 85000 0.08167
4 1 1 85000 0.06658
4 1 1 85000 0.06593
4 1 1 75000 0.1103
4 1 1 75000 0.1106
4 1 1 75000 0.1103
4 1 1 75000 0.1119
4 1 1 75000 0.111
4 1 1 75000 0.1105
4 1 1 75000 0.11
4 1 1 75000 0.1116
4 1 1 75000 0.05609
4 1 1 75000 0.05605
4 1 1 75000 0.0551
4 1 1 75000 0.05584
4 1 1 75000 0.07912
4 1 1 75000 0.07858
4 1 1 75000 0.07884
4 1 1 75000 0.08007
4 1 1 75000 0.07883
4 1 1 75000 0.07955
4 1 1 75000 0.07876
4 1 1 75000 0.07258
4 1 1 75000 0.05542
4 1 1 75000 0.05597
4 1 1 75000 0.05487
4 1 1 75000 0.05532
4 1 1 75000 0.05487
4 1 1 50000 0.08476
4 1 1 50000 0.08335
4 1 1 50000 0.08481
4 1 1 50000 0.08495
4 1 1 50000 0.08566
4 1 1 50000 0.08467
4 1 1 50000 0.08492
4 1 1 50000 0.08396
4 1 1 50000 0.03265
4 1 1 50000 0.03279
4 1 1 50000 0.03268
4 1 1 50000 0.03296
4 1 1 50000 0.03273
4 1 1 50000 0.03292
4 1 1 50000 0.03281
4 1 1 50000 0.03237
4 1 1 50000 0.0329
4 1 1 50000 0.03282
4 1 1 50000 0.03291
4 1 1 50000 0.03251
4 1 1 50000 0.03291
4 1 1 50000 0.0326
4 1 1 50000 0.03271
4 1 1 50000 0.03307
4 1 1 50000 0.03285
4 1 1 35000 0.063
4 1 1 35000 0.06377
4 1 1 35000 0.06279
4 1 1 35000 0.0639
4 1 1 35000 0.06364
4 1 1 35000 0.06359
4 1 1 35000 0.06439
4 1 1 35000 0.06323
4 1 1 35000 0.02181
4 1 1 35000 0.02149
4 1 1 35000 0.02172
4 1 1 35000 0.02171
4 1 1 35000 0.0215
4 1 1 35000 0.02169
4 1 1 35000 0.0216
4 1 1 35000 0.02174
4 1 1 35000 0.02187
4 1 1 35000 0.0217
4 1 1 35000 0.02168
4 1 1 35000 0.02162
4 1 1 35000 0.02191
4 1 1 35000 0.02174
4 1 1 35000 0.0216
4 1 1 35000 0.02162
4 1 1 35000 0.02169
4 1 1 25000 0.04555
4 1 1 25000 0.04603
4 1 1 25000 0.04633
4 1 1 25000 0.04539
4 1 1 25000 0.04735
4 1 1 25000 0.04835
4 1 1 25000 0.04818
4 1 1 25000 0.04828
4 1 1 25000 0.01263
4 1 1 25000 0.01276
4 1 1 25000 0.01251
4 1 1 25000 0.01248
4 1 1 25000 0.01273
4 1 1 25000 0.01248
4 1 1 25000 0.01252
4 1 1 25000 0.01251
4 1 1 25000 0.01255
4 1 1 25000 0.01255
4 1 1 25000 0.01247
4 1 1 25000 0.01265
4 1 1 25000 0.01263
4 1 1 25000 0.01256
4 1 1 25000 0.01247
4 1 1 25000 0.0127
4 1 1 25000 0.01245
4 1 1 15000 0.02976
4 1 1 15000 0.02962
4 1 1 15000 0.02957
4 1 1 15000 0.02947
4 1 1 15000 0.02983
4 1 1 15000 0.02883
4 1 1 15000 0.02849
4 1 1 15000 0.02854
4 1 1 15000 0.006761
4 1 1 15000 0.006647
4 1 1 15000 0.006741
4 1 1 15000 0.006741
4 1 1 15000 0.006763
4 1 1 15000 0.006677
4 1 1 15000 0.006753
4 1 1 15000 0.006746
4 1 1 15000 0.006693
4 1 1 15000 0.006763
4 1 1 15000 0.006863
4 1 1 15000 0.006775
4 1 1 15000 0.006808
4 1 1 15000 0.006684
4 1 1 15000 0.006825
4 1 1 15000 0.006804
4 1 1 15000 0.006789
4 1 1 10000 0.02014
4 1 1 10000 0.02004
4 1 1 10000 0.02021
4 1 1 10000 0.01998
4 1 1 10000 0.02011
4 1 1 10000 0.01961
4 1 1 10000 0.01985
4 1 1 10000 0.02008
4 1 1 10000 0.00532
4 1 1 10000 0.005246
4 1 1 10000 0.005231
4 1 1 10000 0.005209
4 1 1 10000 0.005201
4 1 1 10000 0.005265
4 1 1 10000 0.005212
4 1 1 10000 0.005207
4 1 1 10000 0.005209
4 1 1 10000 0.005249
4 1 1 10000 0.005258
4 1 1 10000 0.005229
4 1 1 10000 0.005278
4 1 1 10000 0.005227
4 1 1 10000 0.00525
4 1 1 10000 0.005214
4 1 1 10000 0.005265
4 1 2 112316 0.1878
4 1 2 109169 0.1747
4 1 2 106442 0.1627
4 1 2 105164 0.139
4 1 2 101430 0.1343
4 1 2 101014 0.1325
4 1 2 100000 0.07543
4 1 2 100000 0.07584
4 1 2 100000 0.07599
4 1 2 100000 0.07508
4 1 2 100000 0.07563
4 1 2 100000 0.07566
4 1 2 100000 0.07602
4 1 2 100000 0.07559
4 1 2 100000 0.07558
4 1 2 100000 0.07622
4 1 2 100000 0.07614
4 1 2 100000 0.07559
4 1 2 100000 0.07588
4 1 2 100000 0.07576
4 1 2 100000 0.07633
4 1 2 100000 0.07559
4 1 2 99191 0.1303
4 1 2 94957 0.1254
4 1 2 93648 0.1262
4 1 2 92724 0.1248
4 1 2 89530 0.1209
4 1 2 87624 0.1184
4 1 2 85472 0.1175
4 1 2 85000 0.06571
4 1 2 85000 0.0659
4 1 2 85000 0.06648
4 1 2 85000 0.06605
4 1 2 85000 0.06573
4 1 2 85000 0.06574
4 1 2 85000 0.06553
4 1 2 85000 0.0655
4 1 2 85000 0.06611
4 1 2 85000 0.06564
4 1 2 85000 0.06566
4 1 2 85000 0.06577
4 1 2 85000 0.06518
4 1 2 85000 0.06586
4 1 2 85000 0.0654
4 1 2 85000 0.0658
4 1 2 85000 0.06573
4 1 2 84507 0.1179
4 1 2 83748 0.1156
4 1 2 81788 0.1137
4 1 2 81384 0.1148
4 1 2 80444 0.1122
4 1 2 80362 0.1126
4 1 2 78378 0.1102
4 1 2 77792 0.1159
4 1 2 76938 0.1099
4 1 2 75898 0.111
4 1 2 75000 0.05567
4 1 2 75000 0.05585
4 1 2 75000 0.05606
4 1 2 75000 0.05543
4 1 2 75000 0.0547
4 1 2 75000 0.0556
4 1 2 75000 0.05568
4 1 2 75000 0.05572
4 1 2 75000 0.05557
4 1 2 75000 0.05542
4 1 2 75000 0.05589
4 1 2 75000 0.05516
4 1 2 75000 0.05563
4 1 2 75000 0.05552
4 1 2 75000 0.0582
4 1 2 75000 0.05526
4 1 2 75000 0.05598
4 1 2 74207 0.105
4 1 2 71940 0.1062
4 1 2 53365 0.09025
4 1 2 53233 0.08852
4 1 2 53059 0.08838
4 1 2 52280 0.08932
4 1 2 51258 0.08639
4 1 2 50131 0.08447
4 1 2 50000 0.03286
4 1 2 50000 0.03322
4 1 2 50000 0.03303
4 1 2 50000 0.0331
4 1 2 50000 0.03322
4 1 2 50000 0.03284
4 1 2 50000 0.03273
4 1 2 50000 0.03275
4 1 2 50000 0.03295
4 1 2 50000 0.0326
4 1 2 50000 0.03294
4 1 2 50000 0.03289
4 1 2 50000 0.03288
4 1 2 50000 0.03273
4 1 2 50000 0.03289
4 1 2 50000 0.03325
4 1 2 50000 0.03305
4 1 2 48236 0.08346
4 1 2 46624 0.08114
4 1 2 36662 0.06489
4 1 2 36662 0.06412
4 1 2 36614 0.06386
4 1 2 36004 0.06286
4 1 2 35868 0.06416
4 1 2 35760 0.06398
4 1 2 35000 0.02179
4 1 2 35000 0.02182
4 1 2 35000 0.02184
4 1 2 35000 0.0219
4 1 2 35000 0.02188
4 1 2 35000 0.02197
4 1 2 35000 0.02178
4 1 2 35000 0.0219
4 1 2 35000 0.02178
4 1 2 35000 0.02191
4 1 2 35000 0.02177
4 1 2 35000 0.02192
4 1 2 35000 0.02162
4 1 2 35000 0.02186
4 1 2 35000 0.02171
4 1 2 35000 0.02176
4 1 2 34829 0.06097
4 1 2 34650 0.06183
4 1 2 33687 0.05966
4 1 2 25823 0.04755
4 1 2 25711 0.04733
4 1 2 25360 0.04651
4 1 2 25000 0.01047
4 1 2 25000 0.01041
4 1 2 25000 0.0103
4 1 2 25000 0.01016
4 1 2 25000 0.01022
4 1 2 25000 0.01038
4 1 2 25000 0.01044
4 1 2 25000 0.01025
4 1 2 25000 0.0102
4 1 2 25000 0.01043
4 1 2 25000 0.0102
4 1 2 25000 0.01019
4 1 2 25000 0.01039
4 1 2 25000 0.01032
4 1 2 25000 0.01018
4 1 2 25000 0.01015
4 1 2 25000 0.0102
4 1 2 24948 0.04686
4 1 2 24911 0.04544
4 1 2 24691 0.04651
4 1 2 24579 0.04523
4 1 2 24137 0.04495
4 1 2 15298 0.0295
4 1 2 15272 0.02912
4 1 2 15267 0.02952
4 1 2 15166 0.02907
4 1 2 15036 0.02857
4 1 2 15015 0.0287
4 1 2 15000 0.006932
4 1 2 15000 0.006737
4 1 2 15000 0.00675
4 1 2 15000 0.006828
4 1 2 15000 0.006878
4 1 2 15000 0.00671
4 1 2 15000 0.006768
4 1 2 15000 0.006752
4 1 2 15000 0.006833
4 1 2 15000 0.006843
4 1 2 15000 0.006814
4 1 2 15000 0.006683
4 1 2 15000 0.006827
4 1 2 15000 0.006691
4 1 2 15000 0.006816
4 1 2 15000 0.006751
4 1 2 15000 0.006629
4 1 2 14994 0.0284
4 1 2 14766 0.02804
4 1 2 10133 0.02009
4 1 2 10130 0.02074
4 1 2 10115 0.02026
4 1 2 10103 0.02045
4 1 2 10078 0.02003
4 1 2 10000 0.005326
4 1 2 10000 0.005328
4 1 2 10000 0.00528
4 1 2 10000 0.005382
4 1 2 10000 0.005318
4 1 2 10000 0.005246
4 1 2 10000 0.005307
4 1 2 10000 0.005254
4 1 2 10000 0.005254
4 1 2 10000 0.00531
4 1 2 10000 0.005268
4 1 2 10000 0.005268
4 1 2 10000 0.005259
4 1 2 10000 0.005271
4 1 2 10000 0.00529
4 1 2 10000 0.005189
4 1 2 10000 0.005332
4 1 2 9996 0.02006
4 1 2 9914 0.02039
4 1 2 9876 0.02008
4 1 3 114825 0.1474
4 1 3 113751 0.1443
4 1 3 108538 0.1385
4 1 3 104203 0.1364
4 1 3 102463 0.1287
4 1 3 102277 0.1337
4 1 3 100000 0.07569
4 1 3 100000 0.07557
4 1 3 100000 0.07511
4 1 3 100000 0.07561
4 1 3 100000 0.07669
4 1 3 100000 0.07588
4 1 3 100000 0.07589
4 1 3 100000 0.07521
4 1 3 100000 0.07548
4 1 3 100000 0.07567
4 1 3 100000 0.07649
4 1 3 100000 0.07533
4 1 3 100000 0.07572
4 1 3 100000 0.07516
4 1 3 100000 0.07585
4 1 3 100000 0.07601
4 1 3 100000 0.07516
4 1 3 98322 0.1313
4 1 3 97413 0.1279
4 1 3 94422 0.1258
4 1 3 93364 0.1251
4 1 3 92215 0.1225
4 1 3 89374 0.1219
4 1 3 88727 0.1198
4 1 3 86705 0.1179
4 1 3 86336 0.1181
4 1 3 85755 0.1182
4 1 3 85000 0.06561
4 1 3 85000 0.06557
4 1 3 85000 0.06569
4 1 3 85000 0.06633
4 1 3 85000 0.0663
4 1 3 85000 0.06615
4 1 3 85000 0.06655
4 1 3 85000 0.06664
4 1 3 85000 0.06629
4 1 3 85000 0.06687
4 1 3 85000 0.06766
4 1 3 85000 0.06617
4 1 3 85000 0.0667
4 1 3 85000 0.06658
4 1 3 85000 0.06686
4 1 3 85000 0.06658
4 1 3 83608 0.1171
4 1 3 83598 0.1169
4 1 3 79971 0.1139
4 1 3 79902 0.114
4 1 3 79358 0.1128
4 1 3 77232 0.1104
4 1 3 76086 0.1097
4 1 3 75000 0.05662
4 1 3 75000 0.05602
4 1 3 75000 0.05705
4 1 3 75000 0.05667
4 1 3 75000 0.05633
4 1 3 75000 0.05701
4 1 3 75000 0.05606
4 1 3 75000 0.05599
4 1 3 75000 0.05556
4 1 3 75000 0.05566
4 1 3 75000 0.0561
4 1 3 75000 0.05605
4 1 3 75000 0.05522
4 1 3 75000 0.05596
4 1 3 75000 0.05607
4 1 3 75000 0.05597
4 1 3 75000 0.05543
4 1 3 72420 0.1062
4 1 3 69918 0.1043
4 1 3 56684 0.09213
4 1 3 55464 0.09148
4 1 3 53662 0.08882
4 1 3 52905 0.08755
4 1 3 51498 0.08575
4 1 3 51221 0.08637
4 1 3 50000 0.03287
4 1 3 50000 0.03295
4 1 3 50000 0.03265
4 1 3 50000 0.03302
4 1 3 50000 0.03292
4 1 3 50000 0.03314
4 1 3 50000 0.03305
4 1 3 50000 0.03308
4 1 3 50000 0.03292
4 1 3 50000 0.03292
4 1 3 50000 0.03298
4 1 3 50000 0.03293
4 1 3 50000 0.03305
4 1 3 50000 0.03305
4 1 3 50000 0.03298
4 1 3 50000 0.03303
4 1 3 48115 0.08252
4 1 3 47744 0.08152
4 1 3 47357 0.08084
4 1 3 37951 0.06478
4 1 3 36232 0.0643
4 1 3 36229 0.06428
4 1 3 35859 0.06287
4 1 3 35676 0.06274
4 1 3 35423 0.06377
4 1 3 35257 0.06244
4 1 3 35000 0.02193
4 1 3 35000 0.022
4 1 3 35000 0.02182
4 1 3 35000 0.02174
4 1 3 35000 0.02174
4 1 3 35000 0.02185
4 1 3 35000 0.02181
4 1 3 35000 0.0219
4 1 3 35000 0.02175
4 1 3 35000 0.02176
4 1 3 35000 0.02165
4 1 3 35000 0.02171
4 1 3 35000 0.02166
4 1 3 35000 0.02176
4 1 3 35000 0.02167
4 1 3 35000 0.02173
4 1 3 34491 0.06075
4 1 3 32788 0.0579
4 1 3 26554 0.04862
4 1 3 26384 0.04862
4 1 3 25575 0.04694
4 1 3 25516 0.04729
4 1 3 25097 0.04606
4 1 3 25049 0.04701
4 1 3 25000 0.01028
4 1 3 25000 0.01019
4 1 3 25000 0.01034
4 1 3 25000 0.01027
4 1 3 25000 0.01009
4 1 3 25000 0.01034
4 1 3 25000 0.01025
4 1 3 25000 0.01033
4 1 3 25000 0.01022
4 1 3 25000 0.01031
4 1 3 25000 0.01038
4 1 3 25000 0.01026
4 1 3 25000 0.01029
4 1 3 25000 0.01027
4 1 3 25000 0.01038
4 1 3 25000 0.01022
4 1 3 25000 0.01041
4 1 3 24915 0.04585
4 1 3 24417 0.04501
4 1 3 15579 0.03015
4 1 3 15564 0.03017
4 1 3 15323 0.02964
4 1 3 15252 0.02905
4 1 3 15174 0.02869
4 1 3 15000 0.00683
4 1 3 15000 0.006982
4 1 3 15000 0.00683
4 1 3 15000 0.006784
4 1 3 15000 0.006817
4 1 3 15000 0.006773
4 1 3 15000 0.00688
4 1 3 15000 0.00671
4 1 3 15000 0.006856
4 1 3 15000 0.00687
4 1 3 15000 0.006878
4 1 3 15000 0.006828
4 1 3 15000 0.006764
4 1 3 15000 0.006795
4 1 3 15000 0.006884
4 1 3 15000 0.00686
4 1 3 15000 0.006793
4 1 3 14920 0.02888
4 1 3 14833 0.02863
4 1 3 14806 0.02864
4 1 3 10237 0.0204
4 1 3 10214 0.02062
4 1 3 10179 0.02089
4 1 3 10125 0.02023
4 1 3 10062 0.02
4 1 3 10030 0.02005
4 1 3 10000 0.005302
4 1 3 10000 0.005285
4 1 3 10000 0.005217
4 1 3 10000 0.005255
4 1 3 10000 0.005311
4 1 3 10000 0.005275
4 1 3 10000 0.005334
4 1 3 10000 0.005271
4 1 3 10000 0.005283
4 1 3 10000 0.005306
4 1 3 10000 0.005322
4 1 3 10000 0.005244
4 1 3 10000 0.00527
4 1 3 10000 0.005281
4 1 3 10000 0.005252
4 1 3 10000 0.005265
4 1 3 9936 0.01975
4 1 3 9876 0.02045
4 1 3 9860 0.02001
4 1 4 117101 0.1497
4 1 4 115021 0.1454
4 1 4 112307 0.1433
4 1 4 109614 0.1407
4 1 4 108413 0.1385
4 1 4 107223 0.1387
4 1 4 100000 0.07603
4 1 4 100000 0.07518
4 1 4 100000 0.07616
4 1 4 100000 0.07648
4 1 4 100000 0.07637
4 1 4 100000 0.07634
4 1 4 100000 0.07552
4 1 4 100000 0.07638
4 1 4 100000 0.07568
4 1 4 100000 0.07587
4 1 4 100000 0.07575
4 1 4 100000 0.07575
4 1 4 100000 0.07561
4 1 4 100000 0.07571
4 1 4 100000 0.0762
4 1 4 100000 0.07615
4 1 4 100000 0.07553
4 1 4 99664 0.131
4 1 4 99249 0.1303
4 1 4 96526 0.1284
4 1 4 95946 0.1276
4 1 4 93834 0.1247
4 1 4 91805 0.123
4 1 4 90187 0.1246
4 1 4 89301 0.1204
4 1 4 87086 0.1188
4 1 4 86142 0.1181
4 1 4 85000 0.06598
4 1 4 85000 0.07202
4 1 4 85000 0.06651
4 1 4 85000 0.06565
4 1 4 85000 0.0657
4 1 4 85000 0.06665
4 1 4 85000 0.06563
4 1 4 85000 0.06636
4 1 4 85000 0.06609
4 1 4 85000 0.0659
4 1 4 85000 0.06657
4 1 4 85000 0.06602
4 1 4 85000 0.06571
4 1 4 85000 0.0665
4 1 4 85000 0.06621
4 1 4 85000 0.06576
4 1 4 85000 0.0657
4 1 4 84042 0.1154
4 1 4 84011 0.1164
4 1 4 80234 0.1141
4 1 4 78851 0.1118
4 1 4 78237 0.1105
4 1 4 77047 0.1095
4 1 4 76106 0.1105
4 1 4 75306 0.1084
4 1 4 75000 0.0562
4 1 4 75000 0.05608
4 1 4 75000 0.05626
4 1 4 75000 0.05587
4 1 4 75000 0.05621
4 1 4 75000 0.05609
4 1 4 75000 0.05636
4 1 4 75000 0.05604
4 1 4 75000 0.05621
4 1 4 75000 0.05585
4 1 4 75000 0.05637
4 1 4 75000 0.0558
4 1 4 75000 0.05605
4 1 4 75000 0.05622
4 1 4 75000 0.05595
4 1 4 75000 0.05565
4 1 4 71874 0.1055
4 1 4 59857 0.09677
4 1 4 57213 0.09379
4 1 4 54773 0.08976
4 1 4 52857 0.09027
4 1 4 51222 0.08806
4 1 4 50886 0.08473
4 1 4 50489 0.08563
4 1 4 50000 0.03298
4 1 4 50000 0.03316
4 1 4 50000 0.03315
4 1 4 50000 0.03308
4 1 4 50000 0.03276
4 1 4 50000 0.03292
4 1 4 50000 0.03309
4 1 4 50000 0.03299
4 1 4 50000 0.03278
4 1 4 50000 0.03291
4 1 4 50000 0.03291
4 1 4 50000 0.0328
4 1 4 50000 0.03265
4 1 4 50000 0.03273
4 1 4 50000 0.03285
4 1 4 50000 0.03272
4 1 4 47987 0.08208
4 1 4 47517 0.0815
4 1 4 39215 0.06729
4 1 4 37526 0.06424
4 1 4 37283 0.06461
4 1 4 36909 0.06506
4 1 4 35735 0.06382
4 1 4 35353 0.06256
4 1 4 35000 0.02178
4 1 4 35000 0.02173
4 1 4 35000 0.02181
4 1 4 35000 0.02174
4 1 4 35000 0.0218
4 1 4 35000 0.02185
4 1 4 35000 0.0219
4 1 4 35000 0.02177
4 1 4 35000 0.02182
4 1 4 35000 0.0219
4 1 4 35000 0.02193
4 1 4 35000 0.02164
4 1 4 35000 0.0217
4 1 4 35000 0.02181
4 1 4 35000 0.02182
4 1 4 35000 0.02171
4 1 4 35000 0.02149
4 1 4 34530 0.06209
4 1 4 31600 0.05711
4 1 4 27367 0.0492
4 1 4 25981 0.04773
4 1 4 25776 0.04765
4 1 4 25572 0.04728
4 1 4 25445 0.04783
4 1 4 25333 0.04687
4 1 4 25000 0.01055
4 1 4 25000 0.01057
4 1 4 25000 0.01054
4 1 4 25000 0.01027
4 1 4 25000 0.01021
4 1 4 25000 0.01025
4 1 4 25000 0.01016
4 1 4 25000 0.01038
4 1 4 25000 0.01022
4 1 4 25000 0.01036
4 1 4 25000 0.01025
4 1 4 25000 0.01003
4 1 4 25000 0.01045
4 1 4 25000 0.01022
4 1 4 25000 0.01016
4 1 4 25000 0.01034
4 1 4 25000 0.0103
4 1 4 24650 0.04622
4 1 4 24339 0.04471
4 1 4 15912 0.03108
4 1 4 15630 0.03068
4 1 4 15614 0.03061
4 1 4 15279 0.02953
4 1 4 15216 0.02942
4 1 4 15076 0.02931
4 1 4 15053 0.02912
4 1 4 15000 0.006857
4 1 4 15000 0.006803
4 1 4 15000 0.006824
4 1 4 15000 0.006821
4 1 4 15000 0.006826
4 1 4 15000 0.006879
4 1 4 15000 0.006773
4 1 4 15000 0.006807
4 1 4 15000 0.006792
4 1 4 15000 0.006781
4 1 4 15000 0.006791
4 1 4 15000 0.006705
4 1 4 15000 0.006609
4 1 4 15000 0.006815
4 1 4 15000 0.006854
4 1 4 15000 0.006663
4 1 4 14964 0.02915
4 1 4 14776 0.02874
4 1 4 10360 0.02145
4 1 4 10247 0.02103
4 1 4 10196 0.02078
4 1 4 10133 0.02056
4 1 4 10100 0.02067
4 1 4 10044 0.02078
4 1 4 10000 0.005369
4 1 4 10000 0.00525
4 1 4 10000 0.005307
4 1 4 10000 0.005261
4 1 4 10000 0.005217
4 1 4 10000 0.005327
4 1 4 10000 0.005249
4 1 4 10000 0.005331
4 1 4 10000 0.005229
4 1 4 10000 0.005311
4 1 4 10000 0.005267
4 1 4 10000 0.005288
4 1 4 10000 0.005275
4 1 4 10000 0.005259
4 1 4 10000 0.00529
4 1 4 10000 0.005258
4 1 4 10000 0.005252
4 1 4 9978 0.02028
4 1 4 9802 0.01997
4 1 5 124140 0.2927
4 1 5 123132 0.2691
4 1 5 120093 0.1502
4 1 5 118460 0.1487
4 1 5 116136 0.1486
4 1 5 109246 0.1401
4 1 5 107273 0.1383
4 1 5 102618 0.1349
4 1 5 101902 0.1345
4 1 5 101638 0.1349
4 1 5 100000 0.07615
4 1 5 100000 0.07654
4 1 5 100000 0.07601
4 1 5 100000 0.07565
4 1 5 100000 0.07626
4 1 5 100000 0.07612
4 1 5 100000 0.07693
4 1 5 100000 0.07608
4 1 5 100000 0.07618
4 1 5 100000 0.07701
4 1 5 100000 0.07598
4 1 5 100000 0.07594
4 1 5 100000 0.07611
4 1 5 100000 0.07589
4 1 5 100000 0.07606
4 1 5 100000 0.07554
4 1 5 99691 0.1318
4 1 5 95844 0.1277
4 1 5 95806 0.1282
4 1 5 91966 0.1262
4 1 5 91686 0.1236
4 1 5 89766 0.1216
4 1 5 86468 0.1203
4 1 5 85596 0.1171
4 1 5 85159 0.1177
4 1 5 85000 0.06595
4 1 5 85000 0.06646
4 1 5 85000 0.06582
4 1 5 85000 0.06599
4 1 5 85000 0.06584
4 1 5 85000 0.06618
4 1 5 85000 0.06589
4 1 5 85000 0.06579
4 1 5 85000 0.06571
4 1 5 85000 0.06557
4 1 5 85000 0.06563
4 1 5 85000 0.06594
4 1 5 85000 0.066
4 1 5 85000 0.06555
4 1 5 85000 0.06577
4 1 5 85000 0.06599
4 1 5 85000 0.06644
4 1 5 82622 0.13
4 1 5 81076 0.1358
4 1 5 80870 0.1351
4 1 5 79616 0.132
4 1 5 77487 0.1284
4 1 5 77118 0.1306
4 1 5 75000 0.07159
4 1 5 75000 0.05576
4 1 5 75000 0.05574
4 1 5 75000 0.05671
4 1 5 75000 0.05585
4 1 5 75000 0.05554
4 1 5 75000 0.05609
4 1 5 75000 0.05602
4 1 5 75000 0.05624
4 1 5 75000 0.05571
4 1 5 75000 0.0559
4 1 5 75000 0.05524
4 1 5 75000 0.05539
4 1 5 75000 0.05587
4 1 5 75000 0.05524
4 1 5 75000 0.05583
4 1 5 74554 0.1068
4 1 5 57130 0.09451
4 1 5 56244 0.09243
4 1 5 55201 0.09133
4 1 5 54001 0.09081
4 1 5 53421 0.08932
4 1 5 52134 0.08822
4 1 5 50016 0.08521
4 1 5 50000 0.033
4 1 5 50000 0.03271
4 1 5 50000 0.03301
4 1 5 50000 0.0329
4 1 5 50000 0.03325
4 1 5 50000 0.03309
4 1 5 50000 0.03316
4 1 5 50000 0.03288
4 1 5 50000 0.03261
4 1 5 50000 0.0328
4 1 5 50000 0.03263
4 1 5 50000 0.03306
4 1 5 50000 0.03292
4 1 5 50000 0.03259
4 1 5 50000 0.03263
4 1 5 50000 0.03256
4 1 5 50000 0.03299
4 1 5 46623 0.07864
4 1 5 39148 0.06885
4 1 5 39058 0.06785
4 1 5 38068 0.06667
4 1 5 37599 0.06487
4 1 5 36724 0.06433
4 1 5 36375 0.06396
4 1 5 35000 0.02161
4 1 5 35000 0.02183
4 1 5 35000 0.02177
4 1 5 35000 0.02176
4 1 5 35000 0.02186
4 1 5 35000 0.02187
4 1 5 35000 0.02157
4 1 5 35000 0.02186
4 1 5 35000 0.0217
4 1 5 35000 0.02193
4 1 5 35000 0.02185
4 1 5 35000 0.02209
4 1 5 35000 0.02169
4 1 5 35000 0.02186
4 1 5 35000 0.0218
4 1 5 35000 0.02157
4 1 5 35000 0.02178
4 1 5 34456 0.06195
4 1 5 30517 0.0549
4 1 5 27963 0.05163
4 1 5 26801 0.05072
4 1 5 26444 0.04944
4 1 5 25984 0.04891
4 1 5 25592 0.04756
4 1 5 25300 0.04712
4 1 5 25000 0.01054
4 1 5 25000 0.01035
4 1 5 25000 0.01022
4 1 5 25000 0.01013
4 1 5 25000 0.01022
4 1 5 25000 0.01015
4 1 5 25000 0.01029
4 1 5 25000 0.01038
4 1 5 25000 0.01018
4 1 5 25000 0.01019
4 1 5 25000 0.01036
4 1 5 25000 0.01017
4 1 5 25000 0.01018
4 1 5 25000 0.01026
4 1 5 25000 0.01015
4 1 5 25000 0.01009
4 1 5 25000 0.01029
4 1 5 24955 0.04681
4 1 5 24441 0.04545
4 1 5 16182 0.03132
4 1 5 15783 0.0312
4 1 5 15551 0.03072
4 1 5 15476 0.03026
4 1 5 15336 0.03011
4 1 5 15258 0.0297
4 1 5 15199 0.02963
4 1 5 15043 0.02879
4 1 5 15000 0.006807
4 1 5 15000 0.006809
4 1 5 15000 0.006652
4 1 5 15000 0.0068
4 1 5 15000 0.006748
4 1 5 15000 0.006839
4 1 5 15000 0.006663
4 1 5 15000 0.006737
4 1 5 15000 0.006643
4 1 5 15000 0.006739
4 1 5 15000 0.006789
4 1 5 15000 0.006801
4 1 5 15000 0.006763
4 1 5 15000 0.006717
4 1 5 15000 0.006709
4 1 5 15000 0.006758
4 1 5 15000 0.006657
4 1 5 10534 0.02131
4 1 5 10233 0.02117
4 1 5 10180 0.02152
4 1 5 10165 0.02126
4 1 5 10126 0.02104
4 1 5 10101 0.02153
4 1 5 10000 0.005317
4 1 5 10000 0.005212
4 1 5 10000 0.005228
4 1 5 10000 0.005314
4 1 5 10000 0.005296
4 1 5 10000 0.005241
4 1 5 10000 0.005294
4 1 5 10000 0.00532
4 1 5 10000 0.005223
4 1 5 10000 0.005272
4 1 5 10000 0.005263
4 1 5 10000 0.005273
4 1 5 10000 0.005326
4 1 5 10000 0.0053
4 1 5 10000 0.005339
4 1 5 10000 0.005258
4 1 5 10000 0.005281
4 1 5 9911 0.02062
4 1 5 9771 0.02074
