16 13 1 100000 0.1178
16 13 1 100000 0.1083
16 13 1 100000 0.1058
16 13 1 100000 0.1034
16 13 1 100000 0.105
16 13 1 100000 0.1062
16 13 1 85000 0.08955
16 13 1 85000 0.09024
16 13 1 85000 0.09106
16 13 1 85000 0.09327
16 13 1 85000 0.09278
16 13 1 85000 0.09293
16 13 1 85000 0.0947
16 13 1 75000 0.08113
16 13 1 75000 0.08311
16 13 1 75000 0.08311
16 13 1 75000 0.08434
16 13 1 75000 0.08299
16 13 1 75000 0.08322
16 13 1 50000 0.05887
16 13 1 50000 0.05782
16 13 1 50000 0.06146
16 13 1 50000 0.05855
16 13 1 50000 0.06118
16 13 1 50000 0.07726
16 13 1 35000 0.04974
16 13 1 35000 0.04989
16 13 1 35000 0.05146
16 13 1 35000 0.0502
16 13 1 35000 0.05179
16 13 1 35000 0.04848
16 13 1 35000 0.04254
16 13 1 25000 0.02637
16 13 1 25000 0.02788
16 13 1 25000 0.02934
16 13 1 25000 0.02909
16 13 1 25000 0.02892
16 13 1 25000 0.02791
16 13 1 15000 0.01711
16 13 1 15000 0.0181
16 13 1 15000 0.01735
16 13 1 15000 0.0178
16 13 1 15000 0.01811
16 13 1 15000 0.01856
16 13 1 10000 0.01233
16 13 1 10000 0.01308
16 13 1 10000 0.01267
16 13 1 10000 0.01273
16 13 1 10000 0.0126
16 13 1 10000 0.01251
16 13 2 113390 0.1157
16 13 2 113341 0.1179
16 13 2 111643 0.1133
16 13 2 111353 0.1108
16 13 2 106787 0.1097
16 13 2 99958 0.1048
16 13 2 94646 0.1007
16 13 2 93616 0.09848
16 13 2 92750 0.1009
16 13 2 91107 0.098
16 13 2 89440 0.09468
16 13 2 84981 0.0922
16 13 2 82554 0.0904
16 13 2 82325 0.08874
16 13 2 82046 0.08794
16 13 2 81272 0.08904
16 13 2 79496 0.08672
16 13 2 73626 0.0847
16 13 2 71818 0.08169
16 13 2 53372 0.06192
16 13 2 53351 0.06653
16 13 2 53277 0.06388
16 13 2 53224 0.06272
16 13 2 53167 0.06226
16 13 2 51827 0.06291
16 13 2 36662 0.04539
16 13 2 36645 0.04441
16 13 2 36587 0.04308
16 13 2 36547 0.04236
16 13 2 35759 0.0424
16 13 2 34521 0.04169
16 13 2 34384 0.04124
16 13 2 25840 0.02867
16 13 2 25813 0.02952
16 13 2 25751 0.02803
16 13 2 25490 0.02873
16 13 2 24646 0.02862
16 13 2 24313 0.02814
16 13 2 15301 0.01899
16 13 2 15288 0.01793
16 13 2 15279 0.01772
16 13 2 15058 0.01798
16 13 2 14847 0.0179
16 13 2 14722 0.01861
16 13 2 10134 0.0136
16 13 2 10133 0.01279
16 13 2 10131 0.01238
16 13 2 10125 0.01266
16 13 2 10098 0.01305
16 13 2 9919 0.01191
16 13 3 127198 0.1923
16 13 3 127133 0.1759
16 13 3 125083 0.174
16 13 3 122899 0.1797
16 13 3 112838 0.1168
16 13 3 106221 0.1099
16 13 3 105405 0.1083
16 13 3 103742 0.1044
16 13 3 102156 0.1255
16 13 3 98389 0.1404
16 13 3 94351 0.1355
16 13 3 93103 0.1309
16 13 3 90674 0.1339
16 13 3 89843 0.133
16 13 3 89540 0.1303
16 13 3 86743 0.1277
16 13 3 84854 0.1147
16 13 3 79550 0.08684
16 13 3 75087 0.08879
16 13 3 56954 0.08811
16 13 3 56757 0.08225
16 13 3 56699 0.08226
16 13 3 56473 0.08682
16 13 3 54420 0.0828
16 13 3 53126 0.08173
16 13 3 50111 0.07081
16 13 3 38241 0.05211
16 13 3 38190 0.05729
16 13 3 37281 0.05389
16 13 3 36160 0.05191
16 13 3 35374 0.05377
16 13 3 26705 0.03313
16 13 3 26668 0.03219
16 13 3 26616 0.03234
16 13 3 26156 0.03354
16 13 3 25466 0.03153
16 13 3 25125 0.03163
16 13 3 15615 0.02217
16 13 3 15608 0.02088
16 13 3 15581 0.02172
16 13 3 15570 0.02141
16 13 3 15385 0.02079
16 13 3 15159 0.02029
16 13 3 15072 0.02097
16 13 3 10269 0.01459
16 13 3 10263 0.0144
16 13 3 10253 0.01501
16 13 3 10246 0.0138
16 13 3 10156 0.0141
16 13 3 10101 0.01413
16 13 4 142808 0.2499
16 13 4 142588 0.2597
16 13 4 132430 0.2442
16 13 4 130893 0.2418
16 13 4 119893 0.1567
16 13 4 117354 0.1378
16 13 4 114350 0.115
16 13 4 113064 0.1152
16 13 4 107398 0.1085
16 13 4 104585 0.1103
16 13 4 101711 0.1052
16 13 4 98761 0.1017
16 13 4 98272 0.1034
16 13 4 97647 0.1023
16 13 4 95816 0.1006
16 13 4 91644 0.09631
16 13 4 87890 0.09403
16 13 4 81074 0.08891
16 13 4 80189 0.08817
16 13 4 60373 0.06899
16 13 4 60258 0.06948
16 13 4 60053 0.06902
16 13 4 56716 0.06726
16 13 4 55151 0.06623
16 13 4 54249 0.06414
16 13 4 40202 0.0492
16 13 4 39972 0.0474
16 13 4 39852 0.04649
16 13 4 38037 0.04454
16 13 4 37514 0.04336
16 13 4 36755 0.04386
16 13 4 34574 0.04183
16 13 4 27491 0.03019
16 13 4 27388 0.02934
16 13 4 27025 0.03026
16 13 4 26197 0.03076
16 13 4 25672 0.02934
16 13 4 24830 0.02866
16 13 4 15898 0.0177
16 13 4 15873 0.01891
16 13 4 15680 0.01866
16 13 4 15507 0.01877
16 13 4 15333 0.01906
16 13 4 15013 0.01768
16 13 4 10387 0.01316
16 13 4 10371 0.01319
16 13 4 10277 0.01354
16 13 4 10220 0.01355
16 13 4 10132 0.01314
16 13 4 9966 0.01267
16 13 5 156483 0.1938
16 13 5 156081 0.2084
16 13 5 138026 0.188
16 13 5 137689 0.1917
16 13 5 127110 0.1748
16 13 5 125589 0.1876
16 13 5 122089 0.1227
16 13 5 115087 0.116
16 13 5 114542 0.1162
16 13 5 113259 0.1639
16 13 5 108309 0.1557
16 13 5 107303 0.1537
16 13 5 104057 0.1467
16 13 5 101741 0.1152
16 13 5 97364 0.1037
16 13 5 92769 0.0996
16 13 5 90987 0.09798
16 13 5 84383 0.08631
16 13 5 72896 0.08275
16 13 5 64262 0.07185
16 13 5 63981 0.0725
16 13 5 63499 0.07299
16 13 5 59667 0.0699
16 13 5 57958 0.06738
16 13 5 54701 0.08398
16 13 5 41752 0.05868
16 13 5 41406 0.05803
16 13 5 40358 0.05865
16 13 5 39890 0.0569
16 13 5 37252 0.05287
16 13 5 35975 0.05283
16 13 5 33454 0.04717
16 13 5 28440 0.03558
16 13 5 28288 0.0339
16 13 5 27497 0.03411
16 13 5 26681 0.03347
16 13 5 26062 0.03221
16 13 5 16256 0.02237
16 13 5 16243 0.02122
16 13 5 16184 0.0198
16 13 5 16132 0.01998
16 13 5 15658 0.02125
16 13 5 15384 0.02032
16 13 5 15044 0.01943
16 13 5 10527 0.01423
16 13 5 10514 0.01399
16 13 5 10400 0.01522
16 13 5 10359 0.01477
16 13 5 10208 0.01491
16 13 5 10156 0.01398
