8 3 1 100000 0.1142
8 3 1 100000 0.1144
8 3 1 100000 0.113
8 3 1 100000 0.1102
8 3 1 100000 0.1102
8 3 1 100000 0.09843
8 3 1 100000 0.07236
8 3 1 100000 0.07288
8 3 1 100000 0.07371
8 3 1 100000 0.07348
8 3 1 100000 0.07313
8 3 1 100000 0.07383
8 3 1 85000 0.06421
8 3 1 85000 0.06436
8 3 1 85000 0.06394
8 3 1 85000 0.0642
8 3 1 85000 0.06428
8 3 1 85000 0.06373
8 3 1 85000 0.06418
8 3 1 85000 0.06397
8 3 1 85000 0.06404
8 3 1 85000 0.06451
8 3 1 85000 0.06459
8 3 1 85000 0.06434
8 3 1 85000 0.06391
8 3 1 75000 0.05476
8 3 1 75000 0.05487
8 3 1 75000 0.05435
8 3 1 75000 0.055
8 3 1 75000 0.05531
8 3 1 75000 0.05362
8 3 1 75000 0.05408
8 3 1 75000 0.0543
8 3 1 75000 0.05401
8 3 1 75000 0.0552
8 3 1 75000 0.05368
8 3 1 75000 0.05416
8 3 1 75000 0.05389
8 3 1 50000 0.03244
8 3 1 50000 0.03208
8 3 1 50000 0.03238
8 3 1 50000 0.03211
8 3 1 50000 0.03252
8 3 1 50000 0.03236
8 3 1 50000 0.03198
8 3 1 50000 0.03206
8 3 1 50000 0.0322
8 3 1 50000 0.03177
8 3 1 50000 0.03187
8 3 1 50000 0.03242
8 3 1 35000 0.02165
8 3 1 35000 0.02154
8 3 1 35000 0.02163
8 3 1 35000 0.02121
8 3 1 35000 0.02138
8 3 1 35000 0.02139
8 3 1 35000 0.02132
8 3 1 35000 0.02145
8 3 1 35000 0.02184
8 3 1 35000 0.0215
8 3 1 35000 0.02144
8 3 1 35000 0.02124
8 3 1 25000 0.01023
8 3 1 25000 0.01011
8 3 1 25000 0.01012
8 3 1 25000 0.01028
8 3 1 25000 0.01006
8 3 1 25000 0.009968
8 3 1 25000 0.0101
8 3 1 25000 0.01014
8 3 1 25000 0.01012
8 3 1 25000 0.01001
8 3 1 25000 0.009981
8 3 1 25000 0.01004
8 3 1 25000 0.01012
8 3 1 15000 0.006712
8 3 1 15000 0.006741
8 3 1 15000 0.006736
8 3 1 15000 0.006741
8 3 1 15000 0.006766
8 3 1 15000 0.00669
8 3 1 15000 0.006674
8 3 1 15000 0.006664
8 3 1 15000 0.006677
8 3 1 15000 0.00662
8 3 1 15000 0.006678
8 3 1 15000 0.006725
8 3 1 10000 0.005197
8 3 1 10000 0.005228
8 3 1 10000 0.005165
8 3 1 10000 0.005204
8 3 1 10000 0.005227
8 3 1 10000 0.00527
8 3 1 10000 0.005233
8 3 1 10000 0.005249
8 3 1 10000 0.005223
8 3 1 10000 0.005204
8 3 1 10000 0.005171
8 3 1 10000 0.00522
8 3 1 10000 0.005194
8 3 2 100000 0.1227
8 3 2 100000 0.1227
8 3 2 100000 0.123
8 3 2 100000 0.1108
8 3 2 100000 0.08309
8 3 2 100000 0.08415
8 3 2 100000 0.08434
8 3 2 100000 0.08401
8 3 2 100000 0.08335
8 3 2 100000 0.08347
8 3 2 100000 0.08375
8 3 2 100000 0.08476
8 3 2 85000 0.07465
8 3 2 85000 0.0731
8 3 2 85000 0.07392
8 3 2 85000 0.0747
8 3 2 85000 0.07302
8 3 2 85000 0.0732
8 3 2 85000 0.0736
8 3 2 85000 0.07338
8 3 2 85000 0.07433
8 3 2 85000 0.07386
8 3 2 85000 0.07262
8 3 2 85000 0.07387
8 3 2 85000 0.0752
8 3 2 75000 0.06274
8 3 2 75000 0.06207
8 3 2 75000 0.06246
8 3 2 75000 0.06388
8 3 2 75000 0.06307
8 3 2 75000 0.06363
8 3 2 75000 0.06364
8 3 2 75000 0.06369
8 3 2 75000 0.06336
8 3 2 75000 0.06329
8 3 2 75000 0.06341
8 3 2 75000 0.06307
8 3 2 75000 0.06362
8 3 2 50000 0.03709
8 3 2 50000 0.03738
8 3 2 50000 0.03805
8 3 2 50000 0.03719
8 3 2 50000 0.03732
8 3 2 50000 0.03744
8 3 2 50000 0.03692
8 3 2 50000 0.037
8 3 2 50000 0.03691
8 3 2 50000 0.03698
8 3 2 50000 0.03647
8 3 2 50000 0.03677
8 3 2 35000 0.02376
8 3 2 35000 0.02374
8 3 2 35000 0.02415
8 3 2 35000 0.02405
8 3 2 35000 0.02384
8 3 2 35000 0.02385
8 3 2 35000 0.02374
8 3 2 35000 0.02362
8 3 2 35000 0.0236
8 3 2 35000 0.02373
8 3 2 35000 0.02372
8 3 2 35000 0.02365
8 3 2 25000 0.0102
8 3 2 25000 0.01028
8 3 2 25000 0.01032
8 3 2 25000 0.0103
8 3 2 25000 0.01037
8 3 2 25000 0.01028
8 3 2 25000 0.01034
8 3 2 25000 0.01029
8 3 2 25000 0.01026
8 3 2 25000 0.01027
8 3 2 25000 0.01024
8 3 2 25000 0.01024
8 3 2 25000 0.01014
8 3 2 15000 0.006752
8 3 2 15000 0.006805
8 3 2 15000 0.006765
8 3 2 15000 0.00674
8 3 2 15000 0.006789
8 3 2 15000 0.006869
8 3 2 15000 0.006689
8 3 2 15000 0.006866
8 3 2 15000 0.006729
8 3 2 15000 0.006762
8 3 2 15000 0.006786
8 3 2 15000 0.006749
8 3 2 10000 0.005377
8 3 2 10000 0.00533
8 3 2 10000 0.005333
8 3 2 10000 0.005308
8 3 2 10000 0.005307
8 3 2 10000 0.005356
8 3 2 10000 0.005331
8 3 2 10000 0.005462
8 3 2 10000 0.005393
8 3 2 10000 0.005305
8 3 2 10000 0.005321
8 3 2 10000 0.005392
8 3 2 10000 0.0053
8 3 3 100000 0.08796
8 3 3 100000 0.08604
8 3 3 100000 0.08501
8 3 3 100000 0.08461
8 3 3 100000 0.08566
8 3 3 100000 0.08502
8 3 3 100000 0.08512
8 3 3 100000 0.08476
8 3 3 100000 0.08563
8 3 3 100000 0.08402
8 3 3 100000 0.08542
8 3 3 100000 0.08514
8 3 3 85000 0.07454
8 3 3 85000 0.07406
8 3 3 85000 0.07384
8 3 3 85000 0.07406
8 3 3 85000 0.07383
8 3 3 85000 0.07274
8 3 3 85000 0.07346
8 3 3 85000 0.07303
8 3 3 85000 0.07376
8 3 3 85000 0.07306
8 3 3 85000 0.07369
8 3 3 85000 0.07342
8 3 3 85000 0.07397
8 3 3 75000 0.06129
8 3 3 75000 0.0622
8 3 3 75000 0.06237
8 3 3 75000 0.06209
8 3 3 75000 0.06205
8 3 3 75000 0.06144
8 3 3 75000 0.06208
8 3 3 75000 0.06231
8 3 3 75000 0.06248
8 3 3 75000 0.0625
8 3 3 75000 0.06184
8 3 3 75000 0.06286
8 3 3 75000 0.06254
8 3 3 50000 0.03879
8 3 3 50000 0.03721
8 3 3 50000 0.03673
8 3 3 50000 0.0374
8 3 3 50000 0.03718
8 3 3 50000 0.03741
8 3 3 50000 0.03709
8 3 3 50000 0.03718
8 3 3 50000 0.03678
8 3 3 50000 0.03704
8 3 3 50000 0.03675
8 3 3 50000 0.03654
8 3 3 35000 0.02395
8 3 3 35000 0.02398
8 3 3 35000 0.02399
8 3 3 35000 0.02404
8 3 3 35000 0.02421
8 3 3 35000 0.02424
8 3 3 35000 0.02411
8 3 3 35000 0.02422
8 3 3 35000 0.02393
8 3 3 35000 0.02362
8 3 3 35000 0.02356
8 3 3 35000 0.02365
8 3 3 25000 0.01046
8 3 3 25000 0.01017
8 3 3 25000 0.01017
8 3 3 25000 0.01023
8 3 3 25000 0.01029
8 3 3 25000 0.01015
8 3 3 25000 0.01021
8 3 3 25000 0.01022
8 3 3 25000 0.01019
8 3 3 25000 0.01031
8 3 3 25000 0.01028
8 3 3 25000 0.01034
8 3 3 25000 0.01016
8 3 3 15000 0.006889
8 3 3 15000 0.006753
8 3 3 15000 0.006909
8 3 3 15000 0.006767
8 3 3 15000 0.006725
8 3 3 15000 0.006802
8 3 3 15000 0.006789
8 3 3 15000 0.006747
8 3 3 15000 0.006884
8 3 3 15000 0.006718
8 3 3 15000 0.006881
8 3 3 15000 0.00688
8 3 3 10000 0.005305
8 3 3 10000 0.005241
8 3 3 10000 0.005287
8 3 3 10000 0.005271
8 3 3 10000 0.005353
8 3 3 10000 0.005349
8 3 3 10000 0.005305
8 3 3 10000 0.005334
8 3 3 10000 0.005241
8 3 3 10000 0.005313
8 3 3 10000 0.005279
8 3 3 10000 0.005265
8 3 3 10000 0.005259
8 3 4 100000 0.08886
8 3 4 100000 0.08583
8 3 4 100000 0.08508
8 3 4 100000 0.08555
8 3 4 100000 0.08502
8 3 4 100000 0.0851
8 3 4 100000 0.08499
8 3 4 100000 0.0854
8 3 4 100000 0.08568
8 3 4 100000 0.08553
8 3 4 100000 0.08583
8 3 4 100000 0.08571
8 3 4 85000 0.07415
8 3 4 85000 0.07409
8 3 4 85000 0.07473
8 3 4 85000 0.07439
8 3 4 85000 0.07439
8 3 4 85000 0.074
8 3 4 85000 0.07442
8 3 4 85000 0.0748
8 3 4 85000 0.07492
8 3 4 85000 0.07458
8 3 4 85000 0.07394
8 3 4 85000 0.0746
8 3 4 85000 0.074
8 3 4 75000 0.0634
8 3 4 75000 0.06209
8 3 4 75000 0.06172
8 3 4 75000 0.06212
8 3 4 75000 0.06145
8 3 4 75000 0.0625
8 3 4 75000 0.06186
8 3 4 75000 0.06207
8 3 4 75000 0.06189
8 3 4 75000 0.06174
8 3 4 75000 0.06288
8 3 4 75000 0.06231
8 3 4 75000 0.06208
8 3 4 50000 0.03663
8 3 4 50000 0.03634
8 3 4 50000 0.03656
8 3 4 50000 0.03638
8 3 4 50000 0.03667
8 3 4 50000 0.03634
8 3 4 50000 0.03685
8 3 4 50000 0.03643
8 3 4 50000 0.03647
8 3 4 50000 0.0368
8 3 4 50000 0.03663
8 3 4 50000 0.03698
8 3 4 35000 0.02455
8 3 4 35000 0.02389
8 3 4 35000 0.02379
8 3 4 35000 0.02393
8 3 4 35000 0.02386
8 3 4 35000 0.02372
8 3 4 35000 0.0238
8 3 4 35000 0.02392
8 3 4 35000 0.02384
8 3 4 35000 0.02382
8 3 4 35000 0.02382
8 3 4 35000 0.02356
8 3 4 25000 0.01031
8 3 4 25000 0.01031
8 3 4 25000 0.0102
8 3 4 25000 0.01034
8 3 4 25000 0.01041
8 3 4 25000 0.01018
8 3 4 25000 0.0102
8 3 4 25000 0.0102
8 3 4 25000 0.01029
8 3 4 25000 0.0103
8 3 4 25000 0.01029
8 3 4 25000 0.01021
8 3 4 25000 0.01028
8 3 4 15000 0.006772
8 3 4 15000 0.006833
8 3 4 15000 0.006791
8 3 4 15000 0.006845
8 3 4 15000 0.006925
8 3 4 15000 0.00682
8 3 4 15000 0.006765
8 3 4 15000 0.00678
8 3 4 15000 0.006819
8 3 4 15000 0.006827
8 3 4 15000 0.006765
8 3 4 15000 0.006739
8 3 4 10000 0.005338
8 3 4 10000 0.005286
8 3 4 10000 0.005282
8 3 4 10000 0.005317
8 3 4 10000 0.005273
8 3 4 10000 0.005348
8 3 4 10000 0.005331
8 3 4 10000 0.005299
8 3 4 10000 0.00524
8 3 4 10000 0.005281
8 3 4 10000 0.005302
8 3 4 10000 0.005257
8 3 4 10000 0.005272
8 3 5 100000 0.08799
8 3 5 100000 0.08576
8 3 5 100000 0.08573
8 3 5 100000 0.08569
8 3 5 100000 0.08558
8 3 5 100000 0.08586
8 3 5 100000 0.08539
8 3 5 100000 0.08549
8 3 5 100000 0.08585
8 3 5 100000 0.08571
8 3 5 100000 0.08566
8 3 5 100000 0.08605
8 3 5 85000 0.07447
8 3 5 85000 0.07489
8 3 5 85000 0.07416
8 3 5 85000 0.07408
8 3 5 85000 0.07465
8 3 5 85000 0.07492
8 3 5 85000 0.07398
8 3 5 85000 0.07419
8 3 5 85000 0.07426
8 3 5 85000 0.07487
8 3 5 85000 0.07505
8 3 5 85000 0.07381
8 3 5 85000 0.07425
8 3 5 75000 0.0636
8 3 5 75000 0.06274
8 3 5 75000 0.06369
8 3 5 75000 0.06391
8 3 5 75000 0.06314
8 3 5 75000 0.06321
8 3 5 75000 0.06291
8 3 5 75000 0.06305
8 3 5 75000 0.0637
8 3 5 75000 0.06437
8 3 5 75000 0.06346
8 3 5 75000 0.06353
8 3 5 75000 0.06288
8 3 5 50000 0.0368
8 3 5 50000 0.03703
8 3 5 50000 0.03776
8 3 5 50000 0.03709
8 3 5 50000 0.03704
8 3 5 50000 0.03708
8 3 5 50000 0.037
8 3 5 50000 0.03726
8 3 5 50000 0.03719
8 3 5 50000 0.03736
8 3 5 50000 0.03757
8 3 5 50000 0.03679
8 3 5 35000 0.02357
8 3 5 35000 0.02392
8 3 5 35000 0.02381
8 3 5 35000 0.02377
8 3 5 35000 0.02374
8 3 5 35000 0.02381
8 3 5 35000 0.02371
8 3 5 35000 0.02381
8 3 5 35000 0.02371
8 3 5 35000 0.02381
8 3 5 35000 0.02389
8 3 5 35000 0.02361
8 3 5 25000 0.01022
8 3 5 25000 0.01034
8 3 5 25000 0.01025
8 3 5 25000 0.01035
8 3 5 25000 0.01036
8 3 5 25000 0.01029
8 3 5 25000 0.01034
8 3 5 25000 0.01036
8 3 5 25000 0.01034
8 3 5 25000 0.01035
8 3 5 25000 0.01017
8 3 5 25000 0.01019
8 3 5 25000 0.0103
8 3 5 15000 0.006799
8 3 5 15000 0.006804
8 3 5 15000 0.006868
8 3 5 15000 0.006739
8 3 5 15000 0.006827
8 3 5 15000 0.006704
8 3 5 15000 0.006804
8 3 5 15000 0.0068
8 3 5 15000 0.006735
8 3 5 15000 0.006839
8 3 5 15000 0.00684
8 3 5 15000 0.006675
8 3 5 10000 0.005282
8 3 5 10000 0.005344
8 3 5 10000 0.005319
8 3 5 10000 0.005324
8 3 5 10000 0.005337
8 3 5 10000 0.005414
8 3 5 10000 0.00531
8 3 5 10000 0.005272
8 3 5 10000 0.005319
8 3 5 10000 0.00531
8 3 5 10000 0.005261
8 3 5 10000 0.005341
8 3 5 10000 0.005298
