2 0 1 100000 0.1292
2 0 1 100000 0.1236
2 0 1 100000 0.1169
2 0 1 100000 0.1185
2 0 1 100000 0.1209
2 0 1 100000 0.1292
2 0 1 100000 0.1289
2 0 1 100000 0.1286
2 0 1 100000 0.1078
2 0 1 100000 0.1071
2 0 1 100000 0.1096
2 0 1 100000 0.1063
2 0 1 100000 0.1087
2 0 1 100000 0.1097
2 0 1 100000 0.1077
2 0 1 100000 0.1078
2 0 1 100000 0.1089
2 0 1 100000 0.1369
2 0 1 100000 0.1372
2 0 1 100000 0.1388
2 0 1 100000 0.1386
2 0 1 100000 0.1388
2 0 1 100000 0.1369
2 0 1 100000 0.138
2 0 1 100000 0.1771
2 0 1 100000 0.1765
2 0 1 100000 0.1719
2 0 1 100000 0.1423
2 0 1 100000 0.142
2 0 1 100000 0.1426
2 0 1 100000 0.1434
2 0 1 100000 0.147
2 0 1 100000 0.1463
2 0 1 100000 0.1467
2 0 1 100000 0.08396
2 0 1 100000 0.08504
2 0 1 100000 0.08448
2 0 1 100000 0.08463
2 0 1 100000 0.08503
2 0 1 100000 0.08536
2 0 1 100000 0.08473
2 0 1 100000 0.08543
2 0 1 100000 0.08556
2 0 1 100000 0.08444
2 0 1 100000 0.0856
2 0 1 100000 0.08543
2 0 1 100000 0.0846
2 0 1 100000 0.08432
2 0 1 100000 0.08407
2 0 1 100000 0.08504
2 0 1 85000 0.1018
2 0 1 85000 0.1006
2 0 1 85000 0.1018
2 0 1 85000 0.1038
2 0 1 85000 0.1008
2 0 1 85000 0.1025
2 0 1 85000 0.1035
2 0 1 85000 0.1019
2 0 1 85000 0.102
2 0 1 85000 0.1033
2 0 1 85000 0.1043
2 0 1 85000 0.1028
2 0 1 85000 0.0985
2 0 1 85000 0.09961
2 0 1 85000 0.0996
2 0 1 85000 0.09737
2 0 1 85000 0.1046
2 0 1 85000 0.128
2 0 1 85000 0.1295
2 0 1 85000 0.13
2 0 1 85000 0.13
2 0 1 85000 0.1304
2 0 1 85000 0.1298
2 0 1 85000 0.1309
2 0 1 85000 0.1282
2 0 1 85000 0.1311
2 0 1 85000 0.1317
2 0 1 85000 0.1289
2 0 1 85000 0.1298
2 0 1 85000 0.1297
2 0 1 85000 0.1303
2 0 1 85000 0.1317
2 0 1 85000 0.1299
2 0 1 85000 0.1308
2 0 1 85000 0.07409
2 0 1 85000 0.07264
2 0 1 85000 0.07274
2 0 1 85000 0.07321
2 0 1 85000 0.07368
2 0 1 85000 0.07393
2 0 1 85000 0.0739
2 0 1 85000 0.07418
2 0 1 85000 0.07383
2 0 1 85000 0.07448
2 0 1 85000 0.07471
2 0 1 85000 0.07427
2 0 1 85000 0.07411
2 0 1 85000 0.07409
2 0 1 85000 0.07308
2 0 1 85000 0.07345
2 0 1 75000 0.08999
2 0 1 75000 0.08993
2 0 1 75000 0.09276
2 0 1 75000 0.09234
2 0 1 75000 0.09372
2 0 1 75000 0.09212
2 0 1 75000 0.09149
2 0 1 75000 0.08865
2 0 1 75000 0.08907
2 0 1 75000 0.09155
2 0 1 75000 0.09259
2 0 1 75000 0.09154
2 0 1 75000 0.09342
2 0 1 75000 0.09173
2 0 1 75000 0.09036
2 0 1 75000 0.0905
2 0 1 75000 0.09083
2 0 1 75000 0.1194
2 0 1 75000 0.1205
2 0 1 75000 0.1214
2 0 1 75000 0.1203
2 0 1 75000 0.1205
2 0 1 75000 0.1213
2 0 1 75000 0.1202
2 0 1 75000 0.1215
2 0 1 75000 0.1189
2 0 1 75000 0.121
2 0 1 75000 0.1193
2 0 1 75000 0.1211
2 0 1 75000 0.121
2 0 1 75000 0.1189
2 0 1 75000 0.1208
2 0 1 75000 0.1194
2 0 1 75000 0.1211
2 0 1 75000 0.06187
2 0 1 75000 0.06294
2 0 1 75000 0.06219
2 0 1 75000 0.06214
2 0 1 75000 0.06269
2 0 1 75000 0.06294
2 0 1 75000 0.0623
2 0 1 75000 0.06244
2 0 1 75000 0.06289
2 0 1 75000 0.06339
2 0 1 75000 0.06304
2 0 1 75000 0.06192
2 0 1 75000 0.06251
2 0 1 75000 0.06219
2 0 1 75000 0.06154
2 0 1 75000 0.06209
2 0 1 50000 0.0617
2 0 1 50000 0.06223
2 0 1 50000 0.06429
2 0 1 50000 0.06419
2 0 1 50000 0.07617
2 0 1 50000 0.07597
2 0 1 50000 0.07496
2 0 1 50000 0.07516
2 0 1 50000 0.07703
2 0 1 50000 0.07496
2 0 1 50000 0.0746
2 0 1 50000 0.07508
2 0 1 50000 0.07612
2 0 1 50000 0.07702
2 0 1 50000 0.06725
2 0 1 50000 0.06545
2 0 1 50000 0.06266
2 0 1 50000 0.08974
2 0 1 50000 0.08872
2 0 1 50000 0.08818
2 0 1 50000 0.08913
2 0 1 50000 0.08962
2 0 1 50000 0.08752
2 0 1 50000 0.08869
2 0 1 50000 0.09481
2 0 1 50000 0.1029
2 0 1 50000 0.1039
2 0 1 50000 0.1025
2 0 1 50000 0.1028
2 0 1 50000 0.1032
2 0 1 50000 0.1046
2 0 1 50000 0.103
2 0 1 50000 0.1026
2 0 1 50000 0.09865
2 0 1 50000 0.04828
2 0 1 50000 0.04584
2 0 1 50000 0.03587
2 0 1 50000 0.03409
2 0 1 50000 0.03431
2 0 1 50000 0.03412
2 0 1 50000 0.03403
2 0 1 50000 0.03412
2 0 1 50000 0.03452
2 0 1 50000 0.03417
2 0 1 50000 0.03385
2 0 1 50000 0.03384
2 0 1 50000 0.03386
2 0 1 50000 0.03327
2 0 1 50000 0.03401
2 0 1 50000 0.03393
2 0 1 35000 0.04154
2 0 1 35000 0.04269
2 0 1 35000 0.04344
2 0 1 35000 0.04319
2 0 1 35000 0.04396
2 0 1 35000 0.04199
2 0 1 35000 0.04353
2 0 1 35000 0.04322
2 0 1 35000 0.04448
2 0 1 35000 0.04242
2 0 1 35000 0.04431
2 0 1 35000 0.04353
2 0 1 35000 0.04398
2 0 1 35000 0.04277
2 0 1 35000 0.04384
2 0 1 35000 0.04328
2 0 1 35000 0.0443
2 0 1 35000 0.06326
2 0 1 35000 0.06389
2 0 1 35000 0.06334
2 0 1 35000 0.06234
2 0 1 35000 0.06413
2 0 1 35000 0.06427
2 0 1 35000 0.06409
2 0 1 35000 0.06241
2 0 1 35000 0.06294
2 0 1 35000 0.06305
2 0 1 35000 0.06302
2 0 1 35000 0.06158
2 0 1 35000 0.06487
2 0 1 35000 0.06361
2 0 1 35000 0.06202
2 0 1 35000 0.0612
2 0 1 35000 0.06213
2 0 1 35000 0.02226
2 0 1 35000 0.02225
2 0 1 35000 0.02218
2 0 1 35000 0.0222
2 0 1 35000 0.02218
2 0 1 35000 0.02192
2 0 1 35000 0.02221
2 0 1 35000 0.02232
2 0 1 35000 0.02204
2 0 1 35000 0.02213
2 0 1 35000 0.02192
2 0 1 35000 0.02206
2 0 1 35000 0.02218
2 0 1 35000 0.02208
2 0 1 35000 0.02208
2 0 1 35000 0.02198
2 0 1 25000 0.02795
2 0 1 25000 0.02857
2 0 1 25000 0.02828
2 0 1 25000 0.02863
2 0 1 25000 0.02895
2 0 1 25000 0.02769
2 0 1 25000 0.02757
2 0 1 25000 0.02861
2 0 1 25000 0.02974
2 0 1 25000 0.02917
2 0 1 25000 0.02762
2 0 1 25000 0.02768
2 0 1 25000 0.02714
2 0 1 25000 0.02582
2 0 1 25000 0.02929
2 0 1 25000 0.02818
2 0 1 25000 0.02831
2 0 1 25000 0.04647
2 0 1 25000 0.04658
2 0 1 25000 0.04602
2 0 1 25000 0.04596
2 0 1 25000 0.04687
2 0 1 25000 0.04553
2 0 1 25000 0.04607
2 0 1 25000 0.04624
2 0 1 25000 0.0456
2 0 1 25000 0.04589
2 0 1 25000 0.04655
2 0 1 25000 0.04945
2 0 1 25000 0.04991
2 0 1 25000 0.04878
2 0 1 25000 0.04869
2 0 1 25000 0.0489
2 0 1 25000 0.04947
2 0 1 25000 0.01301
2 0 1 25000 0.01307
2 0 1 25000 0.01312
2 0 1 25000 0.01312
2 0 1 25000 0.01324
2 0 1 25000 0.01347
2 0 1 25000 0.01337
2 0 1 25000 0.01336
2 0 1 25000 0.01295
2 0 1 25000 0.01286
2 0 1 25000 0.01315
2 0 1 25000 0.01294
2 0 1 25000 0.01326
2 0 1 25000 0.01325
2 0 1 25000 0.01312
2 0 1 25000 0.01327
2 0 1 15000 0.01974
2 0 1 15000 0.01966
2 0 1 15000 0.02016
2 0 1 15000 0.01968
2 0 1 15000 0.01974
2 0 1 15000 0.01927
2 0 1 15000 0.01923
2 0 1 15000 0.01959
2 0 1 15000 0.02003
2 0 1 15000 0.0198
2 0 1 15000 0.02012
2 0 1 15000 0.02008
2 0 1 15000 0.01938
2 0 1 15000 0.01932
2 0 1 15000 0.01952
2 0 1 15000 0.01987
2 0 1 15000 0.01918
2 0 1 15000 0.03041
2 0 1 15000 0.03029
2 0 1 15000 0.0303
2 0 1 15000 0.03005
2 0 1 15000 0.03022
2 0 1 15000 0.03044
2 0 1 15000 0.02979
2 0 1 15000 0.0301
2 0 1 15000 0.03032
2 0 1 15000 0.03013
2 0 1 15000 0.03029
2 0 1 15000 0.02985
2 0 1 15000 0.02987
2 0 1 15000 0.0299
2 0 1 15000 0.03057
2 0 1 15000 0.03
2 0 1 15000 0.03023
2 0 1 15000 0.008824
2 0 1 15000 0.008287
2 0 1 15000 0.008655
2 0 1 15000 0.008342
2 0 1 15000 0.008361
2 0 1 15000 0.008382
2 0 1 15000 0.008705
2 0 1 15000 0.008471
2 0 1 15000 0.008524
2 0 1 15000 0.008663
2 0 1 15000 0.00838
2 0 1 15000 0.008591
2 0 1 15000 0.008378
2 0 1 15000 0.008561
2 0 1 15000 0.008415
2 0 1 15000 0.008362
2 0 1 10000 0.01401
2 0 1 10000 0.01419
2 0 1 10000 0.01406
2 0 1 10000 0.01428
2 0 1 10000 0.014
2 0 1 10000 0.01403
2 0 1 10000 0.01444
2 0 1 10000 0.01368
2 0 1 10000 0.01374
2 0 1 10000 0.01421
2 0 1 10000 0.01428
2 0 1 10000 0.01464
2 0 1 10000 0.01371
2 0 1 10000 0.01459
2 0 1 10000 0.01332
2 0 1 10000 0.0139
2 0 1 10000 0.01472
2 0 1 10000 0.02072
2 0 1 10000 0.02106
2 0 1 10000 0.02094
2 0 1 10000 0.02078
2 0 1 10000 0.02112
2 0 1 10000 0.02103
2 0 1 10000 0.02065
2 0 1 10000 0.02092
2 0 1 10000 0.02081
2 0 1 10000 0.02074
2 0 1 10000 0.02094
2 0 1 10000 0.02093
2 0 1 10000 0.02095
2 0 1 10000 0.0205
2 0 1 10000 0.02082
2 0 1 10000 0.02098
2 0 1 10000 0.02041
2 0 1 10000 0.006088
2 0 1 10000 0.006199
2 0 1 10000 0.006226
2 0 1 10000 0.006146
2 0 1 10000 0.006267
2 0 1 10000 0.006198
2 0 1 10000 0.006101
2 0 1 10000 0.006238
2 0 1 10000 0.00611
2 0 1 10000 0.006045
2 0 1 10000 0.005248
2 0 1 10000 0.005206
2 0 1 10000 0.005246
2 0 1 10000 0.00529
2 0 1 10000 0.005135
2 0 1 10000 0.005279
2 0 2 113482 0.119
2 0 2 113340 0.1536
2 0 2 113142 0.1537
2 0 2 113136 0.1505
2 0 2 113088 0.1793
2 0 2 113048 0.1234
2 0 2 113044 0.118
2 0 2 113001 0.1172
2 0 2 112992 0.1185
2 0 2 112875 0.1188
2 0 2 112806 0.1199
2 0 2 112806 0.1194
2 0 2 112584 0.1183
2 0 2 112309 0.1171
2 0 2 111882 0.148
2 0 2 110939 0.1469
2 0 2 110344 0.1157
2 0 2 110344 0.1154
2 0 2 108655 0.1113
2 0 2 108301 0.1454
2 0 2 106018 0.1127
2 0 2 106012 0.1416
2 0 2 103100 0.1388
2 0 2 102856 0.1402
2 0 2 102195 0.1391
2 0 2 101794 0.1376
2 0 2 101320 0.1376
2 0 2 100207 0.1361
2 0 2 100000 0.07927
2 0 2 100000 0.07785
2 0 2 100000 0.07842
2 0 2 100000 0.07812
2 0 2 100000 0.07897
2 0 2 100000 0.07914
2 0 2 100000 0.0792
2 0 2 100000 0.0785
2 0 2 100000 0.0785
2 0 2 100000 0.07861
2 0 2 100000 0.0781
2 0 2 100000 0.07777
2 0 2 100000 0.07853
2 0 2 100000 0.07865
2 0 2 100000 0.07855
2 0 2 100000 0.07881
2 0 2 100000 0.07728
2 0 2 99875 0.1345
2 0 2 97376 0.1344
2 0 2 97376 0.1339
2 0 2 94667 0.1048
2 0 2 94575 0.09915
2 0 2 94514 0.1027
2 0 2 94494 0.132
2 0 2 94462 0.1039
2 0 2 94408 0.1032
2 0 2 94367 0.09855
2 0 2 94351 0.1021
2 0 2 94283 0.1006
2 0 2 94233 0.1016
2 0 2 94161 0.1035
2 0 2 94142 0.1015
2 0 2 94036 0.1022
2 0 2 93925 0.1009
2 0 2 93601 0.1017
2 0 2 93430 0.1279
2 0 2 92714 0.129
2 0 2 92659 0.1284
2 0 2 92018 0.1283
2 0 2 91856 0.1009
2 0 2 90356 0.127
2 0 2 90356 0.1279
2 0 2 86936 0.124
2 0 2 86540 0.1247
2 0 2 86254 0.1235
2 0 2 85108 0.1226
2 0 2 85000 0.06799
2 0 2 85000 0.06862
2 0 2 85000 0.06817
2 0 2 85000 0.06864
2 0 2 85000 0.06883
2 0 2 85000 0.06836
2 0 2 85000 0.06846
2 0 2 85000 0.06868
2 0 2 85000 0.06873
2 0 2 85000 0.06784
2 0 2 85000 0.06881
2 0 2 85000 0.06891
2 0 2 85000 0.06847
2 0 2 85000 0.06807
2 0 2 85000 0.06814
2 0 2 85000 0.06868
2 0 2 84942 0.1198
2 0 2 84929 0.1199
2 0 2 84245 0.1229
2 0 2 82631 0.09138
2 0 2 82551 0.1196
2 0 2 82474 0.08997
2 0 2 82464 0.09318
2 0 2 82461 0.09233
2 0 2 82437 0.09057
2 0 2 82423 0.0945
2 0 2 82419 0.09079
2 0 2 82417 0.09072
2 0 2 82362 0.09099
2 0 2 82349 0.09257
2 0 2 82261 0.0917
2 0 2 82239 0.08894
2 0 2 82222 0.09169
2 0 2 82216 0.0927
2 0 2 82096 0.09324
2 0 2 82095 0.09163
2 0 2 82005 0.09152
2 0 2 81699 0.09279
2 0 2 81321 0.1177
2 0 2 81126 0.1178
2 0 2 80930 0.1187
2 0 2 80814 0.1163
2 0 2 78948 0.115
2 0 2 78810 0.1154
2 0 2 78358 0.1154
2 0 2 78358 0.1151
2 0 2 78135 0.1159
2 0 2 77460 0.1157
2 0 2 77316 0.1154
2 0 2 76508 0.1136
2 0 2 76428 0.1135
2 0 2 75895 0.1147
2 0 2 75870 0.115
2 0 2 75486 0.1146
2 0 2 75000 0.05848
2 0 2 75000 0.05849
2 0 2 75000 0.05823
2 0 2 75000 0.05895
2 0 2 75000 0.05812
2 0 2 75000 0.0592
2 0 2 75000 0.05858
2 0 2 75000 0.0586
2 0 2 75000 0.05872
2 0 2 75000 0.05858
2 0 2 75000 0.05865
2 0 2 75000 0.05795
2 0 2 75000 0.05848
2 0 2 75000 0.05814
2 0 2 75000 0.05839
2 0 2 75000 0.05822
2 0 2 74955 0.1097
2 0 2 74751 0.1075
2 0 2 74231 0.1116
2 0 2 73657 0.1114
2 0 2 73551 0.1122
2 0 2 70909 0.1098
2 0 2 53372 0.06812
2 0 2 53371 0.0662
2 0 2 53360 0.06495
2 0 2 53347 0.0656
2 0 2 53331 0.06709
2 0 2 53326 0.06851
2 0 2 53312 0.06566
2 0 2 53293 0.06514
2 0 2 53292 0.06619
2 0 2 53287 0.07638
2 0 2 53264 0.07714
2 0 2 53244 0.07578
2 0 2 53211 0.0997
2 0 2 53210 0.07638
2 0 2 53192 0.07667
2 0 2 53167 0.07673
2 0 2 53110 0.07681
2 0 2 53062 0.07523
2 0 2 53059 0.09979
2 0 2 52970 0.09872
2 0 2 52280 0.09812
2 0 2 52268 0.09776
2 0 2 52137 0.09774
2 0 2 51584 0.09663
2 0 2 51367 0.09801
2 0 2 51311 0.09655
2 0 2 51170 0.07324
2 0 2 50973 0.09682
2 0 2 50616 0.09632
2 0 2 50129 0.09407
2 0 2 50000 0.04553
2 0 2 50000 0.04486
2 0 2 50000 0.04559
2 0 2 50000 0.04547
2 0 2 50000 0.04546
2 0 2 50000 0.04547
2 0 2 50000 0.04611
2 0 2 50000 0.04481
2 0 2 50000 0.04535
2 0 2 50000 0.04574
2 0 2 50000 0.04474
2 0 2 50000 0.03727
2 0 2 50000 0.0334
2 0 2 50000 0.03377
2 0 2 50000 0.03358
2 0 2 50000 0.03406
2 0 2 50000 0.03332
2 0 2 49690 0.08669
2 0 2 49237 0.08555
2 0 2 46786 0.08328
2 0 2 36662 0.0443
2 0 2 36662 0.06528
2 0 2 36662 0.06514
2 0 2 36662 0.0649
2 0 2 36647 0.04558
2 0 2 36646 0.04498
2 0 2 36634 0.04486
2 0 2 36634 0.06586
2 0 2 36620 0.04502
2 0 2 36617 0.04592
2 0 2 36613 0.04553
2 0 2 36608 0.04367
2 0 2 36603 0.04499
2 0 2 36602 0.04503
2 0 2 36590 0.04503
2 0 2 36580 0.04472
2 0 2 36580 0.04462
2 0 2 36573 0.06545
2 0 2 36568 0.04428
2 0 2 36225 0.04338
2 0 2 36222 0.06498
2 0 2 36074 0.06407
2 0 2 35938 0.06453
2 0 2 35804 0.04419
2 0 2 35760 0.06383
2 0 2 35406 0.06301
2 0 2 35087 0.06236
2 0 2 35087 0.06204
2 0 2 35000 0.02198
2 0 2 35000 0.02202
2 0 2 35000 0.02192
2 0 2 35000 0.02231
2 0 2 35000 0.02226
2 0 2 35000 0.02229
2 0 2 35000 0.02213
2 0 2 35000 0.02211
2 0 2 35000 0.02199
2 0 2 35000 0.02212
2 0 2 35000 0.02206
2 0 2 35000 0.02215
2 0 2 35000 0.02223
2 0 2 35000 0.02221
2 0 2 35000 0.02204
2 0 2 35000 0.02199
2 0 2 34918 0.06078
2 0 2 34825 0.06212
2 0 2 34650 0.06114
2 0 2 34387 0.06141
2 0 2 33687 0.05919
2 0 2 33483 0.06142
2 0 2 25845 0.02865
2 0 2 25844 0.04776
2 0 2 25840 0.02869
2 0 2 25837 0.0288
2 0 2 25835 0.02916
2 0 2 25833 0.02861
2 0 2 25826 0.02854
2 0 2 25825 0.02856
2 0 2 25820 0.04697
2 0 2 25817 0.02852
2 0 2 25815 0.03066
2 0 2 25815 0.04695
2 0 2 25806 0.02868
2 0 2 25805 0.02836
2 0 2 25803 0.02921
2 0 2 25791 0.02713
2 0 2 25772 0.02866
2 0 2 25753 0.02827
2 0 2 25699 0.04617
2 0 2 25583 0.04677
2 0 2 25456 0.04649
2 0 2 25267 0.04631
2 0 2 25222 0.04623
2 0 2 25000 0.01007
2 0 2 25000 0.01005
2 0 2 25000 0.009975
2 0 2 25000 0.01
2 0 2 25000 0.01002
2 0 2 25000 0.01002
2 0 2 25000 0.01007
2 0 2 25000 0.009999
2 0 2 25000 0.01004
2 0 2 25000 0.01002
2 0 2 25000 0.009947
2 0 2 25000 0.009911
2 0 2 25000 0.009986
2 0 2 25000 0.01002
2 0 2 25000 0.01009
2 0 2 25000 0.009945
2 0 2 25000 0.009988
2 0 2 24964 0.04511
2 0 2 24953 0.04557
2 0 2 24915 0.04618
2 0 2 24677 0.04541
2 0 2 24641 0.04597
2 0 2 24513 0.04576
2 0 2 24421 0.04506
2 0 2 24284 0.04462
2 0 2 24235 0.0279
2 0 2 24154 0.04396
2 0 2 15304 0.02959
2 0 2 15303 0.0172
2 0 2 15302 0.01785
2 0 2 15301 0.01695
2 0 2 15299 0.0189
2 0 2 15299 0.0199
2 0 2 15299 0.01898
2 0 2 15299 0.02992
2 0 2 15298 0.01949
2 0 2 15298 0.01836
2 0 2 15298 0.01869
2 0 2 15295 0.01882
2 0 2 15291 0.01909
2 0 2 15289 0.01993
2 0 2 15287 0.01969
2 0 2 15283 0.01993
2 0 2 15275 0.01906
2 0 2 15275 0.0193
2 0 2 15267 0.03057
2 0 2 15265 0.01965
2 0 2 15228 0.02939
2 0 2 15166 0.02989
2 0 2 15144 0.03035
2 0 2 15032 0.02953
2 0 2 15021 0.02986
2 0 2 15018 0.02999
2 0 2 15000 0.008234
2 0 2 15000 0.007935
2 0 2 15000 0.008052
2 0 2 15000 0.0082
2 0 2 15000 0.008135
2 0 2 15000 0.007988
2 0 2 15000 0.007956
2 0 2 15000 0.008031
2 0 2 15000 0.00798
2 0 2 15000 0.008108
2 0 2 15000 0.00808
2 0 2 15000 0.00829
2 0 2 15000 0.00818
2 0 2 15000 0.007923
2 0 2 15000 0.008019
2 0 2 15000 0.008177
2 0 2 15000 0.008188
2 0 2 14996 0.03012
2 0 2 14994 0.02934
2 0 2 14986 0.03017
2 0 2 14918 0.0299
2 0 2 14918 0.02979
2 0 2 14820 0.02937
2 0 2 14732 0.02941
2 0 2 10134 0.01456
2 0 2 10134 0.01446
2 0 2 10133 0.01387
2 0 2 10133 0.01378
2 0 2 10133 0.02121
2 0 2 10132 0.01437
2 0 2 10132 0.01393
2 0 2 10132 0.01378
2 0 2 10131 0.01357
2 0 2 10131 0.01356
2 0 2 10130 0.01415
2 0 2 10130 0.02112
2 0 2 10128 0.01394
2 0 2 10128 0.01413
2 0 2 10128 0.01409
2 0 2 10127 0.01393
2 0 2 10126 0.0143
2 0 2 10122 0.02095
2 0 2 10121 0.01373
2 0 2 10114 0.02132
2 0 2 10100 0.0211
2 0 2 10099 0.02118
2 0 2 10088 0.02118
2 0 2 10085 0.02126
2 0 2 10079 0.02084
2 0 2 10047 0.02085
2 0 2 10038 0.02138
2 0 2 10024 0.02118
2 0 2 10000 0.006162
2 0 2 10000 0.006185
2 0 2 10000 0.006299
2 0 2 10000 0.006245
2 0 2 10000 0.006372
2 0 2 10000 0.006336
2 0 2 10000 0.006325
2 0 2 10000 0.006101
2 0 2 10000 0.005193
2 0 2 10000 0.005973
2 0 2 10000 0.006023
2 0 2 10000 0.006029
2 0 2 10000 0.006134
2 0 2 10000 0.006106
2 0 2 10000 0.006197
2 0 2 10000 0.006155
2 0 2 10000 0.006134
2 0 2 9992 0.02088
2 0 2 9990 0.02074
2 0 2 9989 0.02004
2 0 2 9907 0.01998
2 0 2 9873 0.02003
2 0 3 128366 0.296
2 0 3 128156 0.2174
2 0 3 128121 0.2168
2 0 3 127972 0.2188
2 0 3 127914 0.2188
2 0 3 127680 0.2144
2 0 3 127616 0.2211
2 0 3 127544 0.2193
2 0 3 127540 0.2148
2 0 3 127309 0.2127
2 0 3 127288 0.2054
2 0 3 127245 0.1983
2 0 3 125559 0.1905
2 0 3 125559 0.1908
2 0 3 122892 0.1931
2 0 3 122892 0.2049
2 0 3 115827 0.161
2 0 3 115827 0.1613
2 0 3 114353 0.135
2 0 3 110238 0.1579
2 0 3 110234 0.1667
2 0 3 108458 0.1633
2 0 3 106967 0.1614
2 0 3 106526 0.1629
2 0 3 105009 0.1351
2 0 3 104946 0.1257
2 0 3 104907 0.1053
2 0 3 104792 0.1355
2 0 3 104696 0.1071
2 0 3 104657 0.1452
2 0 3 104507 0.1363
2 0 3 104458 0.1311
2 0 3 104405 0.1083
2 0 3 104389 0.1381
2 0 3 104278 0.1066
2 0 3 104242 0.1057
2 0 3 104148 0.1074
2 0 3 104041 0.1073
2 0 3 103902 0.1067
2 0 3 103809 0.1074
2 0 3 103240 0.1374
2 0 3 103240 0.1363
2 0 3 103014 0.139
2 0 3 102138 0.1355
2 0 3 101909 0.1076
2 0 3 100392 0.133
2 0 3 100000 0.07485
2 0 3 100000 0.07351
2 0 3 100000 0.07265
2 0 3 100000 0.07247
2 0 3 100000 0.07213
2 0 3 100000 0.07221
2 0 3 100000 0.07368
2 0 3 100000 0.07437
2 0 3 100000 0.07484
2 0 3 100000 0.07578
2 0 3 100000 0.076
2 0 3 100000 0.07551
2 0 3 100000 0.07499
2 0 3 100000 0.07237
2 0 3 100000 0.07376
2 0 3 100000 0.07475
2 0 3 100000 0.0716
2 0 3 98366 0.1322
2 0 3 97777 0.1311
2 0 3 97200 0.1325
2 0 3 95587 0.1308
2 0 3 93787 0.1015
2 0 3 92391 0.1283
2 0 3 90855 0.099
2 0 3 90638 0.09568
2 0 3 90597 0.1227
2 0 3 90564 0.09635
2 0 3 90474 0.09808
2 0 3 90450 0.09718
2 0 3 90345 0.09535
2 0 3 90320 0.09525
2 0 3 90192 0.09592
2 0 3 90174 0.09467
2 0 3 90153 0.09388
2 0 3 90088 0.09476
2 0 3 90070 0.09492
2 0 3 89982 0.1238
2 0 3 89982 0.1231
2 0 3 89945 0.09494
2 0 3 89783 0.09755
2 0 3 89639 0.09555
2 0 3 89388 0.09715
2 0 3 89334 0.124
2 0 3 88134 0.1234
2 0 3 86774 0.1224
2 0 3 86774 0.1222
2 0 3 86037 0.1192
2 0 3 85000 0.06542
2 0 3 85000 0.064
2 0 3 85000 0.06436
2 0 3 85000 0.06379
2 0 3 85000 0.06424
2 0 3 85000 0.06419
2 0 3 85000 0.06388
2 0 3 85000 0.06388
2 0 3 85000 0.06424
2 0 3 85000 0.06458
2 0 3 85000 0.06437
2 0 3 85000 0.06427
2 0 3 85000 0.06588
2 0 3 85000 0.06557
2 0 3 85000 0.06569
2 0 3 85000 0.0653
2 0 3 85000 0.06244
2 0 3 84207 0.1181
2 0 3 83991 0.1196
2 0 3 83877 0.1183
2 0 3 83238 0.1193
2 0 3 82955 0.1194
2 0 3 82326 0.1179
2 0 3 82100 0.1166
2 0 3 81703 0.1198
2 0 3 81628 0.116
2 0 3 79718 0.1166
2 0 3 79179 0.1147
2 0 3 78782 0.1147
2 0 3 78423 0.1143
2 0 3 78333 0.1155
2 0 3 77335 0.1162
2 0 3 75477 0.1128
2 0 3 75462 0.1109
2 0 3 75000 0.05593
2 0 3 75000 0.05283
2 0 3 75000 0.05394
2 0 3 75000 0.05465
2 0 3 75000 0.05521
2 0 3 75000 0.05533
2 0 3 75000 0.05635
2 0 3 75000 0.05612
2 0 3 75000 0.05619
2 0 3 75000 0.055
2 0 3 75000 0.05514
2 0 3 75000 0.05439
2 0 3 75000 0.05362
2 0 3 75000 0.05319
2 0 3 75000 0.05383
2 0 3 75000 0.05425
2 0 3 74677 0.11
2 0 3 73661 0.1068
2 0 3 73661 0.1088
2 0 3 73260 0.111
2 0 3 72913 0.1102
2 0 3 70938 0.1097
2 0 3 67107 0.1051
2 0 3 56908 0.06642
2 0 3 56860 0.06693
2 0 3 56822 0.06685
2 0 3 56780 0.06474
2 0 3 56763 0.06805
2 0 3 56700 0.06725
2 0 3 56696 0.06615
2 0 3 56689 0.06824
2 0 3 56688 0.06797
2 0 3 56646 0.06728
2 0 3 56635 0.06908
2 0 3 56616 0.0667
2 0 3 56603 0.09482
2 0 3 56553 0.06729
2 0 3 56520 0.09431
2 0 3 56270 0.094
2 0 3 56146 0.0685
2 0 3 55587 0.06772
2 0 3 55133 0.09244
2 0 3 55133 0.09262
2 0 3 54710 0.09346
2 0 3 54353 0.06864
2 0 3 53843 0.09194
2 0 3 53350 0.06477
2 0 3 52903 0.09068
2 0 3 52219 0.08935
2 0 3 52002 0.08804
2 0 3 51378 0.08712
2 0 3 50000 0.03247
2 0 3 50000 0.03211
2 0 3 50000 0.03254
2 0 3 50000 0.03234
2 0 3 50000 0.03245
2 0 3 50000 0.03196
2 0 3 50000 0.03212
2 0 3 50000 0.03213
2 0 3 50000 0.0319
2 0 3 50000 0.03108
2 0 3 50000 0.03079
2 0 3 50000 0.03088
2 0 3 50000 0.03132
2 0 3 50000 0.03171
2 0 3 50000 0.03212
2 0 3 50000 0.03142
2 0 3 50000 0.03138
2 0 3 49070 0.08486
2 0 3 49038 0.08557
2 0 3 47562 0.083
2 0 3 47317 0.08238
2 0 3 46426 0.08179
2 0 3 38391 0.06728
2 0 3 38372 0.04664
2 0 3 38347 0.04623
2 0 3 38346 0.06681
2 0 3 38333 0.04561
2 0 3 38324 0.04427
2 0 3 38301 0.04538
2 0 3 38298 0.04565
2 0 3 38298 0.04581
2 0 3 38276 0.04816
2 0 3 38267 0.04584
2 0 3 38263 0.04687
2 0 3 38252 0.0458
2 0 3 38236 0.04672
2 0 3 38235 0.04696
2 0 3 38131 0.0474
2 0 3 38094 0.06671
2 0 3 37878 0.06634
2 0 3 37853 0.04713
2 0 3 37512 0.06656
2 0 3 36867 0.06589
2 0 3 36867 0.06488
2 0 3 36743 0.06438
2 0 3 36738 0.04369
2 0 3 36713 0.0651
2 0 3 36303 0.06397
2 0 3 36148 0.06376
2 0 3 35307 0.06149
2 0 3 35000 0.02125
2 0 3 35000 0.02099
2 0 3 35000 0.02056
2 0 3 35000 0.02107
2 0 3 35000 0.02092
2 0 3 35000 0.0209
2 0 3 35000 0.02078
2 0 3 35000 0.02067
2 0 3 35000 0.02179
2 0 3 35000 0.02152
2 0 3 35000 0.02157
2 0 3 35000 0.02161
2 0 3 35000 0.02146
2 0 3 35000 0.02136
2 0 3 35000 0.02132
2 0 3 35000 0.02137
2 0 3 34933 0.06158
2 0 3 34847 0.06234
2 0 3 34822 0.06238
2 0 3 34253 0.06003
2 0 3 34213 0.06227
2 0 3 33811 0.06318
2 0 3 26697 0.03249
2 0 3 26694 0.03009
2 0 3 26676 0.03238
2 0 3 26667 0.03082
2 0 3 26659 0.03131
2 0 3 26658 0.03044
2 0 3 26643 0.02878
2 0 3 26641 0.03014
2 0 3 26636 0.03198
2 0 3 26635 0.03095
2 0 3 26627 0.03166
2 0 3 26627 0.03186
2 0 3 26599 0.03192
2 0 3 26585 0.02972
2 0 3 26563 0.03009
2 0 3 26473 0.02865
2 0 3 26268 0.04736
2 0 3 26066 0.04758
2 0 3 25982 0.04941
2 0 3 25542 0.04838
2 0 3 25538 0.04944
2 0 3 25345 0.0504
2 0 3 25287 0.05035
2 0 3 25281 0.04952
2 0 3 25132 0.04936
2 0 3 25054 0.03108
2 0 3 25000 0.0102
2 0 3 25000 0.01267
2 0 3 25000 0.01
2 0 3 25000 0.00988
2 0 3 25000 0.01075
2 0 3 25000 0.01
2 0 3 25000 0.009967
2 0 3 25000 0.009887
2 0 3 25000 0.01135
2 0 3 25000 0.009893
2 0 3 25000 0.009906
2 0 3 25000 0.01305
2 0 3 25000 0.009842
2 0 3 25000 0.01146
2 0 3 25000 0.01123
2 0 3 25000 0.01049
2 0 3 25000 0.01019
2 0 3 24861 0.0469
2 0 3 24763 0.04911
2 0 3 24722 0.04897
2 0 3 24219 0.04713
2 0 3 24219 0.04717
2 0 3 23843 0.04707
2 0 3 23843 0.04527
2 0 3 15607 0.01893
2 0 3 15603 0.01825
2 0 3 15601 0.01949
2 0 3 15599 0.01828
2 0 3 15598 0.0202
2 0 3 15596 0.01812
2 0 3 15593 0.01937
2 0 3 15592 0.01839
2 0 3 15591 0.01832
2 0 3 15589 0.01835
2 0 3 15589 0.0183
2 0 3 15587 0.01852
2 0 3 15581 0.01854
2 0 3 15580 0.0184
2 0 3 15575 0.01867
2 0 3 15565 0.01791
2 0 3 15476 0.02925
2 0 3 15476 0.02939
2 0 3 15341 0.03014
2 0 3 15303 0.0292
2 0 3 15292 0.02937
2 0 3 15282 0.02897
2 0 3 15238 0.02912
2 0 3 15201 0.02993
2 0 3 15197 0.02904
2 0 3 15083 0.02856
2 0 3 15000 0.006629
2 0 3 15000 0.006913
2 0 3 15000 0.006602
2 0 3 15000 0.006494
2 0 3 15000 0.006695
2 0 3 15000 0.007187
2 0 3 15000 0.006602
2 0 3 15000 0.006484
2 0 3 15000 0.007631
2 0 3 15000 0.00657
2 0 3 15000 0.006635
2 0 3 15000 0.007802
2 0 3 15000 0.006428
2 0 3 15000 0.006511
2 0 3 15000 0.008267
2 0 3 15000 0.006524
2 0 3 15000 0.006548
2 0 3 14984 0.03052
2 0 3 14959 0.0304
2 0 3 14950 0.03028
2 0 3 14943 0.02964
2 0 3 14898 0.03046
2 0 3 14828 0.03013
2 0 3 14812 0.03012
2 0 3 10269 0.01472
2 0 3 10268 0.01447
2 0 3 10266 0.014
2 0 3 10266 0.01354
2 0 3 10265 0.02167
2 0 3 10264 0.01359
2 0 3 10263 0.01308
2 0 3 10262 0.01384
2 0 3 10262 0.01375
2 0 3 10262 0.01376
2 0 3 10260 0.01363
2 0 3 10260 0.01433
2 0 3 10259 0.02147
2 0 3 10257 0.01387
2 0 3 10256 0.01424
2 0 3 10241 0.02167
2 0 3 10230 0.01375
2 0 3 10222 0.02061
2 0 3 10211 0.02166
2 0 3 10180 0.02141
2 0 3 10167 0.02055
2 0 3 10136 0.01379
2 0 3 10118 0.02035
2 0 3 10109 0.02057
2 0 3 10107 0.02021
2 0 3 10107 0.02026
2 0 3 10052 0.02028
2 0 3 10052 0.02061
2 0 3 10001 0.02015
2 0 3 10001 0.02039
2 0 3 10000 0.005178
2 0 3 10000 0.005245
2 0 3 10000 0.005615
2 0 3 10000 0.005106
2 0 3 10000 0.005233
2 0 3 10000 0.005558
2 0 3 10000 0.005246
2 0 3 10000 0.005201
2 0 3 10000 0.005327
2 0 3 10000 0.005213
2 0 3 10000 0.00565
2 0 3 10000 0.005183
2 0 3 10000 0.005228
2 0 3 10000 0.005548
2 0 3 10000 0.00523
2 0 3 10000 0.005262
2 0 3 9967 0.01986
2 0 3 9929 0.02046
2 0 3 9906 0.02064
2 0 3 9772 0.02016
2 0 4 144986 0.2307
2 0 4 144792 0.2318
2 0 4 144723 0.2234
2 0 4 144567 0.2145
2 0 4 144318 0.2167
2 0 4 144318 0.2026
2 0 4 144250 0.1871
2 0 4 144210 0.1945
2 0 4 144030 0.1962
2 0 4 143905 0.19
2 0 4 143444 0.193
2 0 4 143444 0.1919
2 0 4 139837 0.192
2 0 4 139441 0.2278
2 0 4 136690 0.2202
2 0 4 136690 0.2088
2 0 4 134276 0.1837
2 0 4 125120 0.2739
2 0 4 125089 0.2608
2 0 4 116766 0.1426
2 0 4 116659 0.1375
2 0 4 116491 0.1443
2 0 4 116480 0.143
2 0 4 116219 0.1378
2 0 4 115995 0.1398
2 0 4 115823 0.1389
2 0 4 115636 0.1339
2 0 4 115628 0.1385
2 0 4 115558 0.1419
2 0 4 115260 0.1423
2 0 4 115192 0.1259
2 0 4 115168 0.1187
2 0 4 115081 0.1209
2 0 4 113476 0.1476
2 0 4 113214 0.1455
2 0 4 112896 0.1181
2 0 4 112248 0.116
2 0 4 111435 0.1178
2 0 4 110942 0.1916
2 0 4 109729 0.1889
2 0 4 108691 0.1873
2 0 4 108478 0.1868
2 0 4 107546 0.1846
2 0 4 104253 0.1454
2 0 4 103558 0.1604
2 0 4 102819 0.16
2 0 4 102206 0.1581
2 0 4 100908 0.157
2 0 4 100000 0.103
2 0 4 100000 0.0929
2 0 4 100000 0.1108
2 0 4 100000 0.09334
2 0 4 100000 0.07581
2 0 4 100000 0.07651
2 0 4 100000 0.07689
2 0 4 100000 0.07782
2 0 4 100000 0.07876
2 0 4 100000 0.07678
2 0 4 100000 0.07605
2 0 4 100000 0.07801
2 0 4 100000 0.07953
2 0 4 100000 0.07864
2 0 4 100000 0.07626
2 0 4 100000 0.07856
2 0 4 99950 0.1356
2 0 4 99621 0.1098
2 0 4 99506 0.1071
2 0 4 99463 0.1083
2 0 4 99327 0.09991
2 0 4 99253 0.1073
2 0 4 99242 0.1076
2 0 4 99199 0.1011
2 0 4 99096 0.1068
2 0 4 99033 0.1072
2 0 4 99009 0.1077
2 0 4 98961 0.1073
2 0 4 98888 0.1064
2 0 4 98888 0.1056
2 0 4 98829 0.1076
2 0 4 98661 0.1086
2 0 4 98525 0.1063
2 0 4 98342 0.1342
2 0 4 98289 0.1033
2 0 4 98047 0.09583
2 0 4 96129 0.1312
2 0 4 95376 0.1309
2 0 4 94352 0.1307
2 0 4 94258 0.1316
2 0 4 92235 0.1251
2 0 4 90983 0.1298
2 0 4 90227 0.1283
2 0 4 88995 0.1266
2 0 4 87771 0.1251
2 0 4 87667 0.1262
2 0 4 85000 0.06602
2 0 4 85000 0.0719
2 0 4 85000 0.06863
2 0 4 85000 0.06528
2 0 4 85000 0.06679
2 0 4 85000 0.06788
2 0 4 85000 0.06922
2 0 4 85000 0.06754
2 0 4 85000 0.06869
2 0 4 85000 0.06833
2 0 4 85000 0.06565
2 0 4 85000 0.06875
2 0 4 85000 0.0679
2 0 4 85000 0.0681
2 0 4 85000 0.06736
2 0 4 85000 0.06726
2 0 4 85000 0.06761
2 0 4 85000 0.06867
2 0 4 84822 0.1212
2 0 4 84527 0.1202
2 0 4 84133 0.122
2 0 4 83723 0.1218
2 0 4 82216 0.1183
2 0 4 82091 0.1203
2 0 4 81830 0.1214
2 0 4 81513 0.1199
2 0 4 79890 0.1196
2 0 4 79886 0.1197
2 0 4 77501 0.1166
2 0 4 76611 0.1143
2 0 4 76386 0.119
2 0 4 75394 0.12
2 0 4 75000 0.06796
2 0 4 75000 0.06709
2 0 4 75000 0.06765
2 0 4 75000 0.06735
2 0 4 75000 0.05813
2 0 4 75000 0.05772
2 0 4 75000 0.0583
2 0 4 75000 0.05781
2 0 4 75000 0.05702
2 0 4 75000 0.05754
2 0 4 75000 0.05705
2 0 4 75000 0.05792
2 0 4 75000 0.05775
2 0 4 75000 0.05663
2 0 4 75000 0.05811
2 0 4 75000 0.05758
2 0 4 75000 0.05697
2 0 4 74692 0.1095
2 0 4 73790 0.1108
2 0 4 73790 0.1122
2 0 4 73660 0.1112
2 0 4 70878 0.1102
2 0 4 70311 0.108
2 0 4 68979 0.1076
2 0 4 60691 0.07446
2 0 4 60619 0.074
2 0 4 60565 0.07289
2 0 4 60558 0.07429
2 0 4 60507 0.07203
2 0 4 60454 0.07491
2 0 4 60445 0.07396
2 0 4 60444 0.07152
2 0 4 60395 0.07343
2 0 4 60343 0.07405
2 0 4 60318 0.07383
2 0 4 60311 0.09875
2 0 4 60269 0.07371
2 0 4 60232 0.07423
2 0 4 60136 0.07126
2 0 4 58987 0.07129
2 0 4 57997 0.09628
2 0 4 57946 0.06998
2 0 4 57397 0.09723
2 0 4 56381 0.09565
2 0 4 55721 0.0961
2 0 4 55721 0.096
2 0 4 54357 0.09337
2 0 4 54357 0.09332
2 0 4 53873 0.0921
2 0 4 53727 0.09053
2 0 4 51696 0.0909
2 0 4 50694 0.08944
2 0 4 50663 0.08875
2 0 4 50000 0.03364
2 0 4 50000 0.04982
2 0 4 50000 0.0496
2 0 4 50000 0.05019
2 0 4 50000 0.04923
2 0 4 50000 0.05002
2 0 4 50000 0.04966
2 0 4 50000 0.04978
2 0 4 50000 0.04998
2 0 4 50000 0.04972
2 0 4 50000 0.0442
2 0 4 50000 0.04078
2 0 4 50000 0.0411
2 0 4 50000 0.04051
2 0 4 50000 0.04075
2 0 4 50000 0.04241
2 0 4 50000 0.0413
2 0 4 49576 0.0911
2 0 4 49246 0.08847
2 0 4 46217 0.08586
2 0 4 46217 0.08553
2 0 4 40144 0.04926
2 0 4 40143 0.04974
2 0 4 40112 0.05059
2 0 4 40102 0.04891
2 0 4 40072 0.05096
2 0 4 40071 0.0498
2 0 4 40052 0.04874
2 0 4 40051 0.05072
2 0 4 40042 0.0518
2 0 4 40032 0.04991
2 0 4 40016 0.05071
2 0 4 40016 0.05133
2 0 4 39998 0.05213
2 0 4 39971 0.04992
2 0 4 39872 0.05208
2 0 4 39678 0.05147
2 0 4 39295 0.06933
2 0 4 39193 0.04968
2 0 4 38905 0.06883
2 0 4 38671 0.06983
2 0 4 38458 0.05042
2 0 4 38124 0.06858
2 0 4 37646 0.0682
2 0 4 37081 0.06866
2 0 4 36410 0.06949
2 0 4 36410 0.06823
2 0 4 35972 0.07295
2 0 4 35795 0.07275
2 0 4 35400 0.07251
2 0 4 35317 0.07105
2 0 4 35158 0.07152
2 0 4 35000 0.03146
2 0 4 35000 0.02989
2 0 4 35000 0.02315
2 0 4 35000 0.02653
2 0 4 35000 0.02349
2 0 4 35000 0.02596
2 0 4 35000 0.02338
2 0 4 35000 0.02358
2 0 4 35000 0.0264
2 0 4 35000 0.02744
2 0 4 35000 0.02717
2 0 4 35000 0.02706
2 0 4 35000 0.02716
2 0 4 35000 0.02726
2 0 4 35000 0.02639
2 0 4 35000 0.02691
2 0 4 34997 0.06769
2 0 4 34214 0.06341
2 0 4 32727 0.06102
2 0 4 27559 0.03454
2 0 4 27556 0.03361
2 0 4 27533 0.03204
2 0 4 27524 0.03168
2 0 4 27521 0.03196
2 0 4 27513 0.03058
2 0 4 27509 0.03032
2 0 4 27506 0.03277
2 0 4 27500 0.03107
2 0 4 27470 0.0313
2 0 4 27456 0.03104
2 0 4 27449 0.03004
2 0 4 27439 0.03072
2 0 4 27411 0.03084
2 0 4 27329 0.02974
2 0 4 27329 0.02994
2 0 4 27070 0.0504
2 0 4 26198 0.04825
2 0 4 26154 0.04944
2 0 4 25992 0.04694
2 0 4 25898 0.03079
2 0 4 25708 0.04775
2 0 4 25700 0.04663
2 0 4 25549 0.04701
2 0 4 25428 0.04609
2 0 4 25285 0.04709
2 0 4 25000 0.01037
2 0 4 25000 0.01064
2 0 4 25000 0.01001
2 0 4 25000 0.009964
2 0 4 25000 0.01191
2 0 4 25000 0.01001
2 0 4 25000 0.009981
2 0 4 25000 0.01178
2 0 4 25000 0.00999
2 0 4 25000 0.01012
2 0 4 25000 0.01283
2 0 4 25000 0.0105
2 0 4 25000 0.01007
2 0 4 25000 0.01218
2 0 4 25000 0.01025
2 0 4 25000 0.009782
2 0 4 25000 0.01083
2 0 4 25000 0.01094
2 0 4 24962 0.04722
2 0 4 24850 0.04818
2 0 4 24514 0.04706
2 0 4 24412 0.0485
2 0 4 23750 0.0457
2 0 4 23750 0.04432
2 0 4 15914 0.01913
2 0 4 15911 0.01791
2 0 4 15906 0.01892
2 0 4 15906 0.01823
2 0 4 15905 0.02031
2 0 4 15903 0.01803
2 0 4 15902 0.01892
2 0 4 15901 0.01879
2 0 4 15898 0.01846
2 0 4 15898 0.01858
2 0 4 15893 0.01862
2 0 4 15892 0.02046
2 0 4 15890 0.01895
2 0 4 15888 0.0198
2 0 4 15885 0.01976
2 0 4 15870 0.01938
2 0 4 15614 0.03131
2 0 4 15614 0.03045
2 0 4 15589 0.03071
2 0 4 15491 0.02981
2 0 4 15378 0.02967
2 0 4 15356 0.02928
2 0 4 15327 0.03071
2 0 4 15193 0.02928
2 0 4 15152 0.03015
2 0 4 15147 0.02885
2 0 4 15007 0.02913
2 0 4 15004 0.02931
2 0 4 15000 0.006729
2 0 4 15000 0.008125
2 0 4 15000 0.006857
2 0 4 15000 0.006602
2 0 4 15000 0.007153
2 0 4 15000 0.006945
2 0 4 15000 0.006612
2 0 4 15000 0.006648
2 0 4 15000 0.006998
2 0 4 15000 0.00676
2 0 4 15000 0.006638
2 0 4 15000 0.007796
2 0 4 15000 0.006709
2 0 4 15000 0.006628
2 0 4 15000 0.007766
2 0 4 15000 0.006492
2 0 4 14922 0.02826
2 0 4 14922 0.02844
2 0 4 14894 0.02914
2 0 4 14886 0.0284
2 0 4 14659 0.02941
2 0 4 14659 0.02944
2 0 4 10408 0.0149
2 0 4 10405 0.01481
2 0 4 10401 0.01444
2 0 4 10400 0.01429
2 0 4 10400 0.01446
2 0 4 10400 0.0142
2 0 4 10398 0.01368
2 0 4 10398 0.01408
2 0 4 10398 0.01366
2 0 4 10397 0.01397
2 0 4 10395 0.01365
2 0 4 10393 0.01406
2 0 4 10391 0.01342
2 0 4 10390 0.01392
2 0 4 10362 0.01362
2 0 4 10358 0.02217
2 0 4 10335 0.01409
2 0 4 10305 0.02179
2 0 4 10264 0.01435
2 0 4 10262 0.02269
2 0 4 10246 0.02121
2 0 4 10216 0.02105
2 0 4 10180 0.02118
2 0 4 10148 0.02038
2 0 4 10133 0.02079
2 0 4 10110 0.02044
2 0 4 10090 0.0212
2 0 4 10033 0.02081
2 0 4 10013 0.02072
2 0 4 10000 0.005272
2 0 4 10000 0.005326
2 0 4 10000 0.005566
2 0 4 10000 0.005303
2 0 4 10000 0.005325
2 0 4 10000 0.005147
2 0 4 10000 0.00526
2 0 4 10000 0.005252
2 0 4 10000 0.005598
2 0 4 10000 0.005228
2 0 4 10000 0.005275
2 0 4 10000 0.005601
2 0 4 10000 0.005119
2 0 4 10000 0.00526
2 0 4 10000 0.00527
2 0 4 10000 0.005247
2 0 4 10000 0.005282
2 0 4 9985 0.02006
2 0 4 9948 0.02041
2 0 4 9940 0.01997
2 0 4 9796 0.02003
2 0 5 163705 0.2495
2 0 5 163507 0.2494
2 0 5 163203 0.2396
2 0 5 162953 0.2376
2 0 5 162770 0.2368
2 0 5 162770 0.2349
2 0 5 162031 0.227
2 0 5 161617 0.2285
2 0 5 160992 0.2265
2 0 5 160992 0.2251
2 0 5 157236 0.2111
2 0 5 157236 0.2134
2 0 5 155077 0.2182
2 0 5 154742 0.2201
2 0 5 153965 0.2196
2 0 5 151421 0.2242
2 0 5 146446 0.2257
2 0 5 138889 0.2915
2 0 5 129331 0.2813
2 0 5 128956 0.2163
2 0 5 128844 0.2067
2 0 5 128693 0.2049
2 0 5 128605 0.2058
2 0 5 128433 0.2016
2 0 5 127994 0.2006
2 0 5 127844 0.1959
2 0 5 127780 0.1947
2 0 5 127774 0.1914
2 0 5 127659 0.1952
2 0 5 127429 0.1932
2 0 5 126931 0.198
2 0 5 126733 0.1948
2 0 5 125677 0.1871
2 0 5 125677 0.1982
2 0 5 125066 0.1977
2 0 5 123977 0.1962
2 0 5 123906 0.2809
2 0 5 119141 0.1654
2 0 5 118178 0.1648
2 0 5 117020 0.1545
2 0 5 115811 0.1362
2 0 5 115811 0.1262
2 0 5 112771 0.1511
2 0 5 110894 0.1463
2 0 5 109494 0.1462
2 0 5 109231 0.114
2 0 5 109202 0.1125
2 0 5 109038 0.1145
2 0 5 108861 0.1145
2 0 5 108699 0.1137
2 0 5 108654 0.1125
2 0 5 108565 0.113
2 0 5 108474 0.1146
2 0 5 108364 0.1115
2 0 5 108345 0.1126
2 0 5 107862 0.1139
2 0 5 107667 0.1119
2 0 5 106099 0.1415
2 0 5 105487 0.1121
2 0 5 105098 0.1113
2 0 5 104641 0.1111
2 0 5 104181 0.1404
2 0 5 103888 0.1415
2 0 5 103349 0.1094
2 0 5 103064 0.1127
2 0 5 102505 0.1063
2 0 5 102332 0.1397
2 0 5 100026 0.1397
2 0 5 100000 0.0836
2 0 5 100000 0.08376
2 0 5 100000 0.08381
2 0 5 100000 0.08333
2 0 5 100000 0.08315
2 0 5 100000 0.08348
2 0 5 100000 0.0831
2 0 5 100000 0.08311
2 0 5 100000 0.08375
2 0 5 100000 0.08247
2 0 5 100000 0.08351
2 0 5 100000 0.08301
2 0 5 100000 0.08268
2 0 5 100000 0.08313
2 0 5 100000 0.08175
2 0 5 100000 0.08336
2 0 5 100000 0.08346
2 0 5 97252 0.1383
2 0 5 95324 0.1367
2 0 5 95324 0.1371
2 0 5 94719 0.1309
2 0 5 94329 0.1364
2 0 5 92601 0.1365
2 0 5 92225 0.1371
2 0 5 90656 0.1339
2 0 5 90656 0.1342
2 0 5 87777 0.1327
2 0 5 87772 0.1322
2 0 5 86361 0.1303
2 0 5 85935 0.1292
2 0 5 85000 0.07392
2 0 5 85000 0.07295
2 0 5 85000 0.07328
2 0 5 85000 0.07295
2 0 5 85000 0.07281
2 0 5 85000 0.07172
2 0 5 85000 0.0727
2 0 5 85000 0.0725
2 0 5 85000 0.07146
2 0 5 85000 0.07216
2 0 5 85000 0.07176
2 0 5 85000 0.07236
2 0 5 85000 0.07169
2 0 5 85000 0.07244
2 0 5 85000 0.07263
2 0 5 85000 0.07226
2 0 5 85000 0.07213
2 0 5 84803 0.1244
2 0 5 84430 0.1256
2 0 5 83409 0.1248
2 0 5 83026 0.124
2 0 5 82392 0.1246
2 0 5 81231 0.1221
2 0 5 81231 0.1256
2 0 5 79205 0.1244
2 0 5 78993 0.1227
2 0 5 77219 0.1206
2 0 5 75865 0.1198
2 0 5 75000 0.06206
2 0 5 75000 0.06183
2 0 5 75000 0.06123
2 0 5 75000 0.06183
2 0 5 75000 0.06143
2 0 5 75000 0.06122
2 0 5 75000 0.06115
2 0 5 75000 0.06091
2 0 5 75000 0.06122
2 0 5 75000 0.06143
2 0 5 75000 0.06117
2 0 5 75000 0.06159
2 0 5 75000 0.06144
2 0 5 75000 0.06108
2 0 5 75000 0.06124
2 0 5 75000 0.06099
2 0 5 75000 0.0879
2 0 5 74514 0.1386
2 0 5 73902 0.1215
2 0 5 73256 0.1138
2 0 5 72800 0.1132
2 0 5 70780 0.1125
2 0 5 69027 0.1114
2 0 5 67929 0.1117
2 0 5 64669 0.0792
2 0 5 64567 0.0824
2 0 5 64515 0.08134
2 0 5 64495 0.0797
2 0 5 64435 0.08147
2 0 5 64428 0.07904
2 0 5 64344 0.08255
2 0 5 64341 0.07992
2 0 5 64273 0.1081
2 0 5 64240 0.07844
2 0 5 64122 0.08017
2 0 5 64117 0.0798
2 0 5 63836 0.07825
2 0 5 63599 0.07948
2 0 5 63091 0.07876
2 0 5 62723 0.07932
2 0 5 61700 0.1028
2 0 5 60091 0.07612
2 0 5 59301 0.1044
2 0 5 58220 0.1022
2 0 5 56744 0.09946
2 0 5 56488 0.09779
2 0 5 55973 0.09627
2 0 5 55911 0.09819
2 0 5 54110 0.09525
2 0 5 54014 0.09494
2 0 5 51056 0.0899
2 0 5 50982 0.08916
2 0 5 50970 0.08979
2 0 5 50000 0.03604
2 0 5 50000 0.0357
2 0 5 50000 0.03573
2 0 5 50000 0.03561
2 0 5 50000 0.03568
2 0 5 50000 0.03586
2 0 5 50000 0.03572
2 0 5 50000 0.03606
2 0 5 50000 0.03546
2 0 5 50000 0.03567
2 0 5 50000 0.03567
2 0 5 50000 0.0358
2 0 5 50000 0.03562
2 0 5 50000 0.03586
2 0 5 50000 0.03549
2 0 5 50000 0.03592
2 0 5 50000 0.03537
2 0 5 49554 0.08768
2 0 5 49165 0.08701
2 0 5 47714 0.08512
2 0 5 46247 0.08323
2 0 5 42007 0.05352
2 0 5 41978 0.05275
2 0 5 41919 0.0487
2 0 5 41912 0.05124
2 0 5 41889 0.05105
2 0 5 41875 0.05094
2 0 5 41875 0.05693
2 0 5 41875 0.05137
2 0 5 41860 0.05196
2 0 5 41857 0.05156
2 0 5 41836 0.05268
2 0 5 41828 0.05295
2 0 5 41767 0.05176
2 0 5 41711 0.05302
2 0 5 41443 0.0529
2 0 5 40722 0.05029
2 0 5 40419 0.07305
2 0 5 40271 0.0513
2 0 5 39680 0.07214
2 0 5 39680 0.07216
2 0 5 39406 0.07172
2 0 5 38698 0.06946
2 0 5 38100 0.06902
2 0 5 38028 0.06976
2 0 5 37852 0.06882
2 0 5 36987 0.06744
2 0 5 36923 0.06714
2 0 5 36757 0.06694
2 0 5 36311 0.06756
2 0 5 35210 0.07386
2 0 5 35000 0.03412
2 0 5 35000 0.02646
2 0 5 35000 0.02308
2 0 5 35000 0.02321
2 0 5 35000 0.02363
2 0 5 35000 0.0231
2 0 5 35000 0.02314
2 0 5 35000 0.02343
2 0 5 35000 0.02329
2 0 5 35000 0.02318
2 0 5 35000 0.02333
2 0 5 35000 0.02351
2 0 5 35000 0.02334
2 0 5 35000 0.02331
2 0 5 35000 0.02324
2 0 5 35000 0.02335
2 0 5 35000 0.02352
2 0 5 34892 0.06342
2 0 5 34560 0.0628
2 0 5 33208 0.05997
2 0 5 28485 0.03091
2 0 5 28454 0.03135
2 0 5 28435 0.03235
2 0 5 28420 0.0319
2 0 5 28420 0.03181
2 0 5 28410 0.03204
2 0 5 28409 0.03179
2 0 5 28387 0.03089
2 0 5 28378 0.03238
2 0 5 28363 0.03187
2 0 5 28360 0.03159
2 0 5 28356 0.03218
2 0 5 28348 0.03105
2 0 5 28325 0.03058
2 0 5 28296 0.0307
2 0 5 28184 0.03172
2 0 5 27982 0.05068
2 0 5 26786 0.04931
2 0 5 26750 0.04907
2 0 5 26679 0.04989
2 0 5 26576 0.0495
2 0 5 26332 0.04903
2 0 5 25924 0.04802
2 0 5 25696 0.04714
2 0 5 25553 0.04703
2 0 5 25551 0.04635
2 0 5 25000 0.01036
2 0 5 25000 0.01036
2 0 5 25000 0.0101
2 0 5 25000 0.01039
2 0 5 25000 0.01028
2 0 5 25000 0.01031
2 0 5 25000 0.01023
2 0 5 25000 0.009966
2 0 5 25000 0.01016
2 0 5 25000 0.0102
2 0 5 25000 0.01027
2 0 5 25000 0.01036
2 0 5 25000 0.01007
2 0 5 25000 0.01017
2 0 5 25000 0.01027
2 0 5 25000 0.01027
2 0 5 25000 0.01048
2 0 5 24983 0.04603
2 0 5 24908 0.04681
2 0 5 24583 0.0468
2 0 5 24563 0.04678
2 0 5 24489 0.04638
2 0 5 22959 0.04346
2 0 5 22959 0.04374
2 0 5 16227 0.01933
2 0 5 16222 0.01823
2 0 5 16220 0.01901
2 0 5 16217 0.01945
2 0 5 16214 0.01902
2 0 5 16213 0.0192
2 0 5 16212 0.01878
2 0 5 16208 0.01933
2 0 5 16208 0.01928
2 0 5 16206 0.01875
2 0 5 16200 0.01949
2 0 5 16200 0.01951
2 0 5 16182 0.01883
2 0 5 16176 0.01931
2 0 5 15906 0.01871
2 0 5 15903 0.01866
2 0 5 15892 0.01921
2 0 5 15872 0.01733
2 0 5 15682 0.03082
2 0 5 15668 0.03017
2 0 5 15642 0.03
2 0 5 15608 0.03058
2 0 5 15509 0.03088
2 0 5 15302 0.02995
2 0 5 15247 0.02919
2 0 5 15189 0.02953
2 0 5 15159 0.03021
2 0 5 15101 0.03023
2 0 5 15087 0.02909
2 0 5 15060 0.03033
2 0 5 15000 0.0084
2 0 5 15000 0.007131
2 0 5 15000 0.007903
2 0 5 15000 0.008253
2 0 5 15000 0.006937
2 0 5 15000 0.008144
2 0 5 15000 0.006898
2 0 5 15000 0.006639
2 0 5 15000 0.00647
2 0 5 15000 0.006626
2 0 5 15000 0.008112
2 0 5 15000 0.006623
2 0 5 15000 0.006732
2 0 5 15000 0.006619
2 0 5 15000 0.006725
2 0 5 15000 0.008192
2 0 5 14889 0.0285
2 0 5 14889 0.02866
2 0 5 14878 0.02922
2 0 5 14865 0.02919
2 0 5 10545 0.01354
2 0 5 10541 0.01403
2 0 5 10537 0.01368
2 0 5 10537 0.01373
2 0 5 10536 0.01435
2 0 5 10535 0.01378
2 0 5 10533 0.01347
2 0 5 10532 0.01367
2 0 5 10529 0.01403
2 0 5 10526 0.01493
2 0 5 10525 0.01379
2 0 5 10523 0.01371
2 0 5 10521 0.01433
2 0 5 10517 0.01396
2 0 5 10484 0.02143
2 0 5 10483 0.02157
2 0 5 10402 0.0138
2 0 5 10402 0.01388
2 0 5 10359 0.02261
2 0 5 10348 0.02228
2 0 5 10239 0.02157
2 0 5 10239 0.0214
2 0 5 10226 0.02124
2 0 5 10173 0.02084
2 0 5 10158 0.02165
2 0 5 10091 0.02194
2 0 5 10089 0.02146
2 0 5 10078 0.02057
2 0 5 10073 0.0201
2 0 5 10000 0.006273
2 0 5 10000 0.005375
2 0 5 10000 0.005265
2 0 5 10000 0.005273
2 0 5 10000 0.006317
2 0 5 10000 0.005338
2 0 5 10000 0.005304
2 0 5 10000 0.005255
2 0 5 10000 0.006297
2 0 5 10000 0.005552
2 0 5 10000 0.005299
2 0 5 10000 0.00533
2 0 5 10000 0.005723
2 0 5 10000 0.005473
2 0 5 10000 0.005281
2 0 5 10000 0.005171
2 0 5 10000 0.005308
2 0 5 9996 0.02087
2 0 5 9991 0.02028
2 0 5 9929 0.0204
2 0 5 9825 0.02032
