8 6 1 100000 0.1109
8 6 1 100000 0.1062
8 6 1 100000 0.1078
8 6 1 100000 0.1026
8 6 1 100000 0.1023
8 6 1 100000 0.1013
8 6 1 100000 0.1008
8 6 1 100000 0.1007
8 6 1 100000 0.1028
8 6 1 100000 0.1058
8 6 1 100000 0.1044
8 6 1 100000 0.1061
8 6 1 100000 0.1061
8 6 1 85000 0.08962
8 6 1 85000 0.09079
8 6 1 85000 0.09049
8 6 1 85000 0.08811
8 6 1 85000 0.0896
8 6 1 85000 0.09066
8 6 1 85000 0.09067
8 6 1 85000 0.09214
8 6 1 85000 0.09295
8 6 1 85000 0.09323
8 6 1 85000 0.09128
8 6 1 85000 0.09366
8 6 1 75000 0.07797
8 6 1 75000 0.08159
8 6 1 75000 0.08173
8 6 1 75000 0.08267
8 6 1 75000 0.08246
8 6 1 75000 0.07996
8 6 1 75000 0.0782
8 6 1 75000 0.08033
8 6 1 75000 0.08276
8 6 1 75000 0.08106
8 6 1 75000 0.08342
8 6 1 75000 0.08239
8 6 1 50000 0.06033
8 6 1 50000 0.0581
8 6 1 50000 0.05778
8 6 1 50000 0.05843
8 6 1 50000 0.05978
8 6 1 50000 0.0592
8 6 1 50000 0.05746
8 6 1 50000 0.05974
8 6 1 50000 0.057
8 6 1 50000 0.06055
8 6 1 50000 0.06211
8 6 1 50000 0.06112
8 6 1 50000 0.06195
8 6 1 35000 0.04255
8 6 1 35000 0.04208
8 6 1 35000 0.04157
8 6 1 35000 0.0419
8 6 1 35000 0.041
8 6 1 35000 0.04148
8 6 1 35000 0.04084
8 6 1 35000 0.04225
8 6 1 35000 0.04463
8 6 1 35000 0.04383
8 6 1 35000 0.04465
8 6 1 35000 0.04325
8 6 1 35000 0.04429
8 6 1 25000 0.02815
8 6 1 25000 0.02722
8 6 1 25000 0.02636
8 6 1 25000 0.02691
8 6 1 25000 0.02529
8 6 1 25000 0.02844
8 6 1 25000 0.02673
8 6 1 25000 0.02793
8 6 1 25000 0.02825
8 6 1 25000 0.02867
8 6 1 25000 0.02862
8 6 1 25000 0.02749
8 6 1 15000 0.01684
8 6 1 15000 0.0173
8 6 1 15000 0.01715
8 6 1 15000 0.01692
8 6 1 15000 0.01758
8 6 1 15000 0.0172
8 6 1 15000 0.0174
8 6 1 15000 0.0169
8 6 1 15000 0.01823
8 6 1 15000 0.01808
8 6 1 15000 0.01721
8 6 1 15000 0.01786
8 6 1 15000 0.01832
8 6 1 10000 0.01259
8 6 1 10000 0.01196
8 6 1 10000 0.01201
8 6 1 10000 0.01228
8 6 1 10000 0.01252
8 6 1 10000 0.01201
8 6 1 10000 0.01222
8 6 1 10000 0.01266
8 6 1 10000 0.01272
8 6 1 10000 0.01295
8 6 1 10000 0.0129
8 6 1 10000 0.01262
8 6 2 113463 0.1162
8 6 2 113094 0.1103
8 6 2 113064 0.1107
8 6 2 112865 0.1105
8 6 2 112603 0.1121
8 6 2 112600 0.1107
8 6 2 111060 0.1104
8 6 2 110513 0.1104
8 6 2 107559 0.1074
8 6 2 105899 0.1078
8 6 2 105174 0.1047
8 6 2 102352 0.1066
8 6 2 94749 0.1016
8 6 2 94474 0.09585
8 6 2 94435 0.0985
8 6 2 94210 0.09856
8 6 2 94199 0.09944
8 6 2 93931 0.09765
8 6 2 93319 0.09977
8 6 2 92859 0.09811
8 6 2 90922 0.09652
8 6 2 89525 0.09601
8 6 2 88604 0.09491
8 6 2 86348 0.09518
8 6 2 83357 0.09091
8 6 2 82513 0.08744
8 6 2 82377 0.08812
8 6 2 82363 0.08899
8 6 2 82245 0.08899
8 6 2 82170 0.08583
8 6 2 82087 0.0863
8 6 2 82046 0.08757
8 6 2 80869 0.08935
8 6 2 80418 0.08682
8 6 2 79367 0.08914
8 6 2 77956 0.08257
8 6 2 75678 0.08102
8 6 2 53381 0.06153
8 6 2 53375 0.06412
8 6 2 53350 0.06695
8 6 2 53309 0.06421
8 6 2 53277 0.06357
8 6 2 53250 0.06263
8 6 2 53228 0.0632
8 6 2 53200 0.06171
8 6 2 53078 0.06558
8 6 2 52925 0.06146
8 6 2 52199 0.06399
8 6 2 51825 0.06138
8 6 2 49839 0.05868
8 6 2 36662 0.04295
8 6 2 36657 0.04382
8 6 2 36630 0.04377
8 6 2 36617 0.04181
8 6 2 36589 0.04425
8 6 2 36578 0.04272
8 6 2 36571 0.04242
8 6 2 36552 0.043
8 6 2 36517 0.04165
8 6 2 36177 0.04275
8 6 2 35147 0.04324
8 6 2 34786 0.04192
8 6 2 33687 0.03909
8 6 2 25837 0.02887
8 6 2 25829 0.02817
8 6 2 25824 0.0295
8 6 2 25817 0.02851
8 6 2 25803 0.02845
8 6 2 25790 0.02793
8 6 2 25780 0.02818
8 6 2 25745 0.02763
8 6 2 25508 0.03027
8 6 2 25188 0.03004
8 6 2 24964 0.02817
8 6 2 24636 0.02734
8 6 2 15304 0.01757
8 6 2 15303 0.01803
8 6 2 15302 0.01929
8 6 2 15300 0.01805
8 6 2 15296 0.01771
8 6 2 15294 0.01748
8 6 2 15291 0.01699
8 6 2 15286 0.01666
8 6 2 15282 0.01812
8 6 2 15271 0.01681
8 6 2 15150 0.01822
8 6 2 14974 0.01752
8 6 2 14697 0.01693
8 6 2 10134 0.01264
8 6 2 10133 0.01246
8 6 2 10132 0.01255
8 6 2 10131 0.01229
8 6 2 10130 0.01247
8 6 2 10129 0.0125
8 6 2 10127 0.0121
8 6 2 10125 0.01236
8 6 2 10117 0.01206
8 6 2 10055 0.01234
8 6 2 9999 0.01267
8 6 2 9866 0.01258
8 6 3 128068 0.1829
8 6 3 127317 0.1825
8 6 3 126079 0.1682
8 6 3 125785 0.1804
8 6 3 120805 0.1203
8 6 3 120063 0.11
8 6 3 119059 0.1182
8 6 3 117825 0.1179
8 6 3 115148 0.1161
8 6 3 114895 0.1146
8 6 3 111587 0.1125
8 6 3 109694 0.1129
8 6 3 104345 0.1103
8 6 3 104333 0.106
8 6 3 103878 0.1073
8 6 3 103762 0.1055
8 6 3 101971 0.1052
8 6 3 100297 0.1038
8 6 3 97560 0.1043
8 6 3 95797 0.09827
8 6 3 95344 0.09787
8 6 3 93407 0.09274
8 6 3 90924 0.09779
8 6 3 90617 0.09478
8 6 3 90342 0.09564
8 6 3 90234 0.09772
8 6 3 90137 0.09564
8 6 3 89867 0.09483
8 6 3 89155 0.0968
8 6 3 86988 0.09344
8 6 3 86246 0.09285
8 6 3 85657 0.09107
8 6 3 83830 0.09139
8 6 3 83119 0.08902
8 6 3 81564 0.08723
8 6 3 78504 0.08587
8 6 3 72663 0.0817
8 6 3 72663 0.0821
8 6 3 56788 0.06606
8 6 3 56733 0.0666
8 6 3 56677 0.06443
8 6 3 56406 0.06717
8 6 3 56127 0.06539
8 6 3 55374 0.06521
8 6 3 54634 0.06287
8 6 3 54435 0.06524
8 6 3 53036 0.06526
8 6 3 53000 0.06517
8 6 3 51664 0.06384
8 6 3 49928 0.0609
8 6 3 38360 0.04469
8 6 3 38269 0.04614
8 6 3 38230 0.04552
8 6 3 38209 0.0449
8 6 3 38144 0.04606
8 6 3 38028 0.04556
8 6 3 37851 0.04405
8 6 3 37442 0.04675
8 6 3 37129 0.04357
8 6 3 36608 0.04292
8 6 3 35987 0.04426
8 6 3 35277 0.04355
8 6 3 26709 0.0294
8 6 3 26686 0.03106
8 6 3 26653 0.02977
8 6 3 26649 0.02966
8 6 3 26622 0.03076
8 6 3 26602 0.02939
8 6 3 26584 0.02919
8 6 3 26103 0.028
8 6 3 25796 0.0287
8 6 3 25642 0.02904
8 6 3 25222 0.0294
8 6 3 25085 0.02821
8 6 3 24013 0.02707
8 6 3 15614 0.01982
8 6 3 15610 0.01899
8 6 3 15604 0.01874
8 6 3 15601 0.01853
8 6 3 15597 0.01891
8 6 3 15590 0.01912
8 6 3 15583 0.01906
8 6 3 15574 0.01847
8 6 3 15503 0.01952
8 6 3 15322 0.01867
8 6 3 15205 0.01868
8 6 3 15012 0.01816
8 6 3 10269 0.01355
8 6 3 10265 0.01376
8 6 3 10263 0.01344
8 6 3 10263 0.01331
8 6 3 10258 0.0132
8 6 3 10253 0.01344
8 6 3 10248 0.01345
8 6 3 10238 0.01315
8 6 3 10179 0.01313
8 6 3 10140 0.01321
8 6 3 10121 0.01275
8 6 3 10045 0.01262
8 6 3 10007 0.01269
8 6 4 142085 0.1913
8 6 4 137090 0.1895
8 6 4 134401 0.1805
8 6 4 132237 0.1836
8 6 4 130156 0.1818
8 6 4 129795 0.1805
8 6 4 128472 0.1828
8 6 4 127040 0.1763
8 6 4 126795 0.1804
8 6 4 122437 0.1229
8 6 4 117376 0.1179
8 6 4 116918 0.1168
8 6 4 115473 0.1151
8 6 4 114291 0.1159
8 6 4 110190 0.1108
8 6 4 108322 0.1118
8 6 4 107853 0.1074
8 6 4 106911 0.1001
8 6 4 104700 0.1086
8 6 4 101949 0.1047
8 6 4 101603 0.1041
8 6 4 99375 0.1045
8 6 4 98878 0.1008
8 6 4 97242 0.1016
8 6 4 96541 0.1019
8 6 4 95692 0.09894
8 6 4 95034 0.09802
8 6 4 94706 0.1014
8 6 4 93937 0.09566
8 6 4 92421 0.09864
8 6 4 91389 0.09717
8 6 4 89549 0.0951
8 6 4 87614 0.09195
8 6 4 87594 0.0912
8 6 4 85674 0.1099
8 6 4 82384 0.1026
8 6 4 73587 0.09293
8 6 4 71874 0.09328
8 6 4 60165 0.07951
8 6 4 59561 0.08052
8 6 4 59090 0.08002
8 6 4 57492 0.07832
8 6 4 57102 0.07582
8 6 4 56512 0.07635
8 6 4 56176 0.07667
8 6 4 55720 0.07482
8 6 4 54545 0.07194
8 6 4 53720 0.07311
8 6 4 51872 0.06856
8 6 4 50212 0.06751
8 6 4 40070 0.05003
8 6 4 39625 0.05372
8 6 4 39293 0.04905
8 6 4 38696 0.04804
8 6 4 38386 0.04898
8 6 4 38238 0.04947
8 6 4 38116 0.04652
8 6 4 37979 0.04886
8 6 4 37906 0.04719
8 6 4 37037 0.04793
8 6 4 36877 0.04696
8 6 4 35851 0.04724
8 6 4 27589 0.0331
8 6 4 27546 0.03179
8 6 4 27530 0.0341
8 6 4 27460 0.03206
8 6 4 27312 0.03281
8 6 4 26954 0.02897
8 6 4 26612 0.02972
8 6 4 26536 0.029
8 6 4 26186 0.02906
8 6 4 25985 0.0313
8 6 4 25743 0.02896
8 6 4 25178 0.02759
8 6 4 24800 0.02906
8 6 4 15922 0.01926
8 6 4 15902 0.02074
8 6 4 15898 0.02116
8 6 4 15876 0.02026
8 6 4 15842 0.01972
8 6 4 15653 0.02119
8 6 4 15606 0.01959
8 6 4 15582 0.02033
8 6 4 15565 0.01952
8 6 4 15511 0.02022
8 6 4 15285 0.01955
8 6 4 14888 0.01973
8 6 4 14638 0.01949
8 6 4 10396 0.01498
8 6 4 10390 0.01477
8 6 4 10379 0.01405
8 6 4 10305 0.01437
8 6 4 10260 0.01299
8 6 4 10254 0.01305
8 6 4 10241 0.01366
8 6 4 10217 0.01363
8 6 4 10159 0.01314
8 6 4 10133 0.01447
8 6 4 10098 0.01242
8 6 4 9971 0.01275
8 6 5 155952 0.2068
8 6 5 149161 0.194
8 6 5 147217 0.1794
8 6 5 143190 0.1841
8 6 5 142113 0.1928
8 6 5 138141 0.1815
8 6 5 136289 0.1925
8 6 5 134353 0.1812
8 6 5 133269 0.1857
8 6 5 130163 0.189
8 6 5 128859 0.1731
8 6 5 127217 0.1793
8 6 5 125244 0.1767
8 6 5 119782 0.1217
8 6 5 117484 0.1205
8 6 5 116949 0.1139
8 6 5 115107 0.1157
8 6 5 112263 0.1111
8 6 5 112111 0.1088
8 6 5 110048 0.1075
8 6 5 108012 0.1077
8 6 5 105120 0.1049
8 6 5 104607 0.1027
8 6 5 102808 0.1042
8 6 5 101737 0.1018
8 6 5 101452 0.1023
8 6 5 101061 0.1015
8 6 5 100215 0.1013
8 6 5 99041 0.09915
8 6 5 97952 0.09942
8 6 5 96464 0.09668
8 6 5 96464 0.0968
8 6 5 93852 0.09862
8 6 5 92112 0.09795
8 6 5 90189 0.09355
8 6 5 89686 0.0953
8 6 5 80985 0.08688
8 6 5 64062 0.06861
8 6 5 62809 0.07082
8 6 5 62619 0.07021
8 6 5 61380 0.07547
8 6 5 60967 0.07094
8 6 5 60228 0.07339
8 6 5 59528 0.06832
8 6 5 58441 0.07045
8 6 5 57501 0.06813
8 6 5 56305 0.06905
8 6 5 56134 0.06558
8 6 5 53787 0.06121
8 6 5 52429 0.06027
8 6 5 42012 0.05177
8 6 5 41109 0.04805
8 6 5 40632 0.04689
8 6 5 40193 0.04929
8 6 5 39931 0.04789
8 6 5 39709 0.04886
8 6 5 39618 0.04551
8 6 5 39005 0.04533
8 6 5 38420 0.04329
8 6 5 38375 0.04355
8 6 5 37054 0.04201
8 6 5 36345 0.04334
8 6 5 32559 0.03797
8 6 5 28394 0.02907
8 6 5 28201 0.03181
8 6 5 27806 0.02898
8 6 5 27722 0.03119
8 6 5 27407 0.02911
8 6 5 27240 0.02851
8 6 5 26813 0.02742
8 6 5 26661 0.02868
8 6 5 26381 0.02844
8 6 5 25886 0.02925
8 6 5 25494 0.02684
8 6 5 24702 0.02881
8 6 5 16221 0.01792
8 6 5 16179 0.01924
8 6 5 16124 0.01912
8 6 5 15999 0.01776
8 6 5 15947 0.01944
8 6 5 15920 0.01794
8 6 5 15874 0.0182
8 6 5 15819 0.0175
8 6 5 15679 0.01926
8 6 5 15644 0.01777
8 6 5 15275 0.01707
8 6 5 14826 0.01707
8 6 5 10531 0.01311
8 6 5 10528 0.0131
8 6 5 10524 0.01316
8 6 5 10454 0.01433
8 6 5 10414 0.01403
8 6 5 10390 0.01417
8 6 5 10371 0.01266
8 6 5 10322 0.01457
8 6 5 10289 0.01295
8 6 5 10269 0.01387
8 6 5 10203 0.01259
8 6 5 10152 0.01297
8 6 5 10100 0.01272
