8 1 1 100000 0.1103
8 1 1 100000 0.1193
8 1 1 100000 0.1061
8 1 1 100000 0.1026
8 1 1 100000 0.1323
8 1 1 100000 0.1305
8 1 1 100000 0.1319
8 1 1 100000 0.1322
8 1 1 100000 0.1319
8 1 1 100000 0.1303
8 1 1 100000 0.131
8 1 1 100000 0.1306
8 1 1 85000 0.09015
8 1 1 85000 0.09158
8 1 1 85000 0.09275
8 1 1 85000 0.0909
8 1 1 85000 0.09092
8 1 1 85000 0.1167
8 1 1 85000 0.1167
8 1 1 85000 0.119
8 1 1 85000 0.1162
8 1 1 85000 0.1179
8 1 1 85000 0.1184
8 1 1 85000 0.1169
8 1 1 85000 0.1179
8 1 1 75000 0.08411
8 1 1 75000 0.0827
8 1 1 75000 0.08287
8 1 1 75000 0.08025
8 1 1 75000 0.08111
8 1 1 75000 0.1071
8 1 1 75000 0.1073
8 1 1 75000 0.1078
8 1 1 75000 0.1085
8 1 1 75000 0.1078
8 1 1 75000 0.1072
8 1 1 75000 0.1072
8 1 1 75000 0.1085
8 1 1 50000 0.06013
8 1 1 50000 0.05927
8 1 1 50000 0.05928
8 1 1 50000 0.06119
8 1 1 50000 0.08484
8 1 1 50000 0.08324
8 1 1 50000 0.08438
8 1 1 50000 0.08497
8 1 1 50000 0.08558
8 1 1 50000 0.08415
8 1 1 50000 0.08478
8 1 1 50000 0.08301
8 1 1 35000 0.04203
8 1 1 35000 0.043
8 1 1 35000 0.04262
8 1 1 35000 0.04164
8 1 1 35000 0.0631
8 1 1 35000 0.0631
8 1 1 35000 0.06289
8 1 1 35000 0.06126
8 1 1 35000 0.06172
8 1 1 35000 0.06165
8 1 1 35000 0.06167
8 1 1 35000 0.06223
8 1 1 25000 0.029
8 1 1 25000 0.02754
8 1 1 25000 0.02736
8 1 1 25000 0.0287
8 1 1 25000 0.0295
8 1 1 25000 0.04558
8 1 1 25000 0.04552
8 1 1 25000 0.04594
8 1 1 25000 0.04488
8 1 1 25000 0.0446
8 1 1 25000 0.04561
8 1 1 25000 0.04542
8 1 1 25000 0.0456
8 1 1 15000 0.01799
8 1 1 15000 0.01688
8 1 1 15000 0.01765
8 1 1 15000 0.0169
8 1 1 15000 0.0282
8 1 1 15000 0.02842
8 1 1 15000 0.02779
8 1 1 15000 0.02828
8 1 1 15000 0.02822
8 1 1 15000 0.02809
8 1 1 15000 0.02835
8 1 1 15000 0.02781
8 1 1 10000 0.01279
8 1 1 10000 0.01313
8 1 1 10000 0.01274
8 1 1 10000 0.01322
8 1 1 10000 0.01272
8 1 1 10000 0.02007
8 1 1 10000 0.0202
8 1 1 10000 0.01983
8 1 1 10000 0.02005
8 1 1 10000 0.01987
8 1 1 10000 0.01984
8 1 1 10000 0.01996
8 1 1 10000 0.0201
8 1 2 113441 0.1132
8 1 2 113122 0.1435
8 1 2 112992 0.1144
8 1 2 112584 0.1144
8 1 2 112562 0.1148
8 1 2 109322 0.1383
8 1 2 109322 0.1393
8 1 2 106043 0.1364
8 1 2 104755 0.1349
8 1 2 99223 0.1315
8 1 2 99223 0.1309
8 1 2 97726 0.128
8 1 2 94670 0.09725
8 1 2 94462 0.09921
8 1 2 94344 0.1027
8 1 2 94161 0.09975
8 1 2 93601 0.09997
8 1 2 92461 0.1239
8 1 2 86786 0.1193
8 1 2 86598 0.1172
8 1 2 86276 0.1191
8 1 2 85090 0.117
8 1 2 84388 0.1155
8 1 2 82547 0.1144
8 1 2 82446 0.08843
8 1 2 82288 0.08755
8 1 2 82222 0.08811
8 1 2 81768 0.09014
8 1 2 80544 0.1126
8 1 2 78897 0.1124
8 1 2 78897 0.1124
8 1 2 78163 0.1102
8 1 2 77480 0.11
8 1 2 76086 0.1098
8 1 2 75934 0.1082
8 1 2 75735 0.108
8 1 2 70017 0.1047
8 1 2 68985 0.1028
8 1 2 53370 0.08801
8 1 2 53332 0.06456
8 1 2 53292 0.06462
8 1 2 53192 0.0617
8 1 2 53140 0.08809
8 1 2 52911 0.08825
8 1 2 52280 0.08753
8 1 2 51005 0.08524
8 1 2 50035 0.0841
8 1 2 49580 0.0822
8 1 2 47561 0.08176
8 1 2 46998 0.07765
8 1 2 36662 0.0639
8 1 2 36662 0.06399
8 1 2 36647 0.04369
8 1 2 36615 0.04462
8 1 2 36597 0.04418
8 1 2 36568 0.04244
8 1 2 36312 0.06338
8 1 2 35962 0.06296
8 1 2 35760 0.06308
8 1 2 35021 0.06256
8 1 2 34825 0.06144
8 1 2 33687 0.05989
8 1 2 25843 0.04772
8 1 2 25835 0.02829
8 1 2 25826 0.02866
8 1 2 25816 0.02843
8 1 2 25791 0.02812
8 1 2 25709 0.04692
8 1 2 25456 0.04579
8 1 2 24992 0.04561
8 1 2 24937 0.04577
8 1 2 24821 0.04521
8 1 2 24691 0.04488
8 1 2 24513 0.04489
8 1 2 24136 0.04366
8 1 2 15301 0.01819
8 1 2 15298 0.0176
8 1 2 15296 0.01837
8 1 2 15285 0.02892
8 1 2 15277 0.02912
8 1 2 15261 0.02842
8 1 2 15130 0.0286
8 1 2 15044 0.02827
8 1 2 15022 0.0283
8 1 2 15000 0.02818
8 1 2 14975 0.02843
8 1 2 14766 0.0279
8 1 2 10135 0.0199
8 1 2 10134 0.01285
8 1 2 10133 0.01311
8 1 2 10132 0.02036
8 1 2 10131 0.01304
8 1 2 10128 0.01335
8 1 2 10123 0.01958
8 1 2 10099 0.02035
8 1 2 10057 0.01988
8 1 2 10012 0.01974
8 1 2 9994 0.01974
8 1 2 9915 0.02014
8 1 2 9899 0.01988
8 1 3 127938 0.1854
8 1 3 127381 0.176
8 1 3 127184 0.1866
8 1 3 127023 0.1763
8 1 3 116882 0.1482
8 1 3 116882 0.1478
8 1 3 111787 0.1413
8 1 3 108547 0.1397
8 1 3 106994 0.1379
8 1 3 104912 0.1076
8 1 3 104715 0.1097
8 1 3 104616 0.108
8 1 3 104430 0.1083
8 1 3 103950 0.1068
8 1 3 102244 0.1053
8 1 3 99234 0.1307
8 1 3 96655 0.1268
8 1 3 94188 0.1255
8 1 3 93703 0.1252
8 1 3 90895 0.1205
8 1 3 90505 0.09611
8 1 3 90314 0.09662
8 1 3 89889 0.09511
8 1 3 89845 0.1197
8 1 3 87822 0.093
8 1 3 87419 0.1172
8 1 3 85663 0.1127
8 1 3 85099 0.1159
8 1 3 84290 0.08938
8 1 3 84153 0.1158
8 1 3 82395 0.1146
8 1 3 81811 0.114
8 1 3 79605 0.1119
8 1 3 77858 0.1093
8 1 3 76076 0.1088
8 1 3 74718 0.1077
8 1 3 69666 0.1035
8 1 3 66070 0.1005
8 1 3 56817 0.06874
8 1 3 56740 0.06621
8 1 3 56674 0.06819
8 1 3 56489 0.06649
8 1 3 56275 0.09293
8 1 3 55819 0.09204
8 1 3 53234 0.08785
8 1 3 52350 0.08648
8 1 3 51278 0.08602
8 1 3 50785 0.08598
8 1 3 49854 0.08286
8 1 3 44367 0.07575
8 1 3 38331 0.0455
8 1 3 38284 0.04431
8 1 3 38241 0.04593
8 1 3 38197 0.04441
8 1 3 37779 0.06509
8 1 3 37482 0.06461
8 1 3 37140 0.0663
8 1 3 36227 0.06399
8 1 3 35821 0.06239
8 1 3 35046 0.06208
8 1 3 34537 0.06135
8 1 3 33883 0.06023
8 1 3 33576 0.05858
8 1 3 26669 0.02926
8 1 3 26654 0.02791
8 1 3 26622 0.03006
8 1 3 26273 0.04792
8 1 3 26207 0.04698
8 1 3 26089 0.0463
8 1 3 25448 0.04644
8 1 3 25278 0.04501
8 1 3 25050 0.04561
8 1 3 24827 0.04544
8 1 3 24528 0.04549
8 1 3 24092 0.04361
8 1 3 15602 0.01918
8 1 3 15600 0.01842
8 1 3 15594 0.02968
8 1 3 15582 0.01851
8 1 3 15567 0.01903
8 1 3 15419 0.02949
8 1 3 15390 0.02963
8 1 3 15261 0.0289
8 1 3 15252 0.02881
8 1 3 15024 0.02859
8 1 3 14848 0.02842
8 1 3 14783 0.02798
8 1 3 10270 0.02114
8 1 3 10266 0.01314
8 1 3 10263 0.01372
8 1 3 10260 0.01264
8 1 3 10254 0.01288
8 1 3 10232 0.02089
8 1 3 10206 0.02056
8 1 3 10126 0.02033
8 1 3 10103 0.0198
8 1 3 10040 0.02039
8 1 3 10014 0.02031
8 1 3 9947 0.0202
8 1 3 9782 0.02014
8 1 4 144784 0.2007
8 1 4 144001 0.1921
8 1 4 143652 0.19
8 1 4 143106 0.1972
8 1 4 126470 0.2646
8 1 4 120735 0.1435
8 1 4 117949 0.1471
8 1 4 116798 0.1167
8 1 4 116527 0.1114
8 1 4 116399 0.1162
8 1 4 115847 0.1164
8 1 4 114795 0.1449
8 1 4 111814 0.1436
8 1 4 107091 0.1388
8 1 4 106109 0.1357
8 1 4 103064 0.1347
8 1 4 101186 0.1317
8 1 4 99714 0.1009
8 1 4 99259 0.1058
8 1 4 98916 0.1038
8 1 4 98675 0.1038
8 1 4 98411 0.13
8 1 4 97242 0.1298
8 1 4 94110 0.1248
8 1 4 90490 0.122
8 1 4 89926 0.1224
8 1 4 86790 0.1182
8 1 4 86790 0.1182
8 1 4 85824 0.1175
8 1 4 84006 0.115
8 1 4 81726 0.1126
8 1 4 81726 0.1139
8 1 4 81543 0.1131
8 1 4 78493 0.1107
8 1 4 76034 0.1089
8 1 4 72950 0.107
8 1 4 69198 0.1036
8 1 4 63973 0.09959
8 1 4 60489 0.07313
8 1 4 60422 0.07143
8 1 4 60209 0.07179
8 1 4 59047 0.09528
8 1 4 56986 0.09115
8 1 4 55506 0.09057
8 1 4 54963 0.09047
8 1 4 53628 0.08875
8 1 4 53452 0.08946
8 1 4 51148 0.08538
8 1 4 51091 0.08556
8 1 4 47375 0.07989
8 1 4 40088 0.04878
8 1 4 40056 0.04681
8 1 4 40005 0.04715
8 1 4 39923 0.04763
8 1 4 39027 0.06773
8 1 4 38290 0.06595
8 1 4 37500 0.06595
8 1 4 36939 0.06418
8 1 4 36062 0.0645
8 1 4 36062 0.06437
8 1 4 34464 0.06044
8 1 4 34464 0.06047
8 1 4 27579 0.03112
8 1 4 27567 0.03111
8 1 4 27545 0.0302
8 1 4 27508 0.03119
8 1 4 27443 0.0297
8 1 4 26473 0.04806
8 1 4 26288 0.04849
8 1 4 26141 0.04749
8 1 4 25383 0.0471
8 1 4 24996 0.04512
8 1 4 24813 0.04594
8 1 4 24744 0.04629
8 1 4 24245 0.04391
8 1 4 15926 0.0302
8 1 4 15912 0.01854
8 1 4 15904 0.01783
8 1 4 15897 0.01951
8 1 4 15836 0.01864
8 1 4 15668 0.03013
8 1 4 15529 0.03004
8 1 4 15361 0.02947
8 1 4 15295 0.02896
8 1 4 15151 0.02903
8 1 4 14984 0.0289
8 1 4 14764 0.02921
8 1 4 14545 0.02848
8 1 4 10399 0.01311
8 1 4 10396 0.01368
8 1 4 10390 0.01374
8 1 4 10348 0.02122
8 1 4 10258 0.02076
8 1 4 10231 0.0205
8 1 4 10191 0.02051
8 1 4 10149 0.02065
8 1 4 10110 0.02085
8 1 4 10079 0.02055
8 1 4 10040 0.02053
8 1 4 9856 0.02025
8 1 5 163048 0.2047
8 1 5 162404 0.2072
8 1 5 162189 0.2049
8 1 5 160556 0.2044
8 1 5 139846 0.272
8 1 5 129603 0.1896
8 1 5 129144 0.1887
8 1 5 128507 0.1824
8 1 5 125312 0.1862
8 1 5 123023 0.1815
8 1 5 120680 0.1512
8 1 5 119424 0.1488
8 1 5 115287 0.1454
8 1 5 113371 0.1435
8 1 5 108914 0.11
8 1 5 108738 0.113
8 1 5 108342 0.1129
8 1 5 107787 0.1124
8 1 5 105657 0.1366
8 1 5 105179 0.1378
8 1 5 102825 0.1348
8 1 5 102169 0.1339
8 1 5 100532 0.1335
8 1 5 96571 0.1286
8 1 5 96507 0.1279
8 1 5 92409 0.1245
8 1 5 92327 0.1234
8 1 5 89155 0.1197
8 1 5 87657 0.1179
8 1 5 87005 0.118
8 1 5 84118 0.1158
8 1 5 84118 0.1156
8 1 5 83135 0.1111
8 1 5 79899 0.1125
8 1 5 79899 0.1128
8 1 5 73254 0.1063
8 1 5 68317 0.1031
8 1 5 64563 0.07591
8 1 5 64419 0.07384
8 1 5 64306 0.07278
8 1 5 64147 0.07511
8 1 5 59252 0.09596
8 1 5 58674 0.09424
8 1 5 57331 0.09292
8 1 5 55653 0.09125
8 1 5 55006 0.09101
8 1 5 54278 0.08937
8 1 5 52213 0.08641
8 1 5 51057 0.08581
8 1 5 47714 0.08117
8 1 5 41947 0.05062
8 1 5 41897 0.05031
8 1 5 41792 0.05084
8 1 5 41724 0.04931
8 1 5 40089 0.06734
8 1 5 39662 0.06839
8 1 5 38334 0.06635
8 1 5 37244 0.06465
8 1 5 35976 0.06363
8 1 5 35658 0.06383
8 1 5 34115 0.06026
8 1 5 34101 0.05924
8 1 5 28482 0.0327
8 1 5 28471 0.03165
8 1 5 28440 0.03253
8 1 5 28400 0.03332
8 1 5 27845 0.03272
8 1 5 27362 0.05045
8 1 5 27104 0.04958
8 1 5 26002 0.04769
8 1 5 25580 0.04669
8 1 5 25377 0.04757
8 1 5 25019 0.04648
8 1 5 24682 0.04641
8 1 5 24156 0.04466
8 1 5 16239 0.01866
8 1 5 16219 0.01937
8 1 5 16212 0.01957
8 1 5 16181 0.01972
8 1 5 16030 0.03121
8 1 5 15844 0.0308
8 1 5 15704 0.03101
8 1 5 15630 0.03023
8 1 5 15401 0.03004
8 1 5 15232 0.02945
8 1 5 14948 0.02858
8 1 5 14792 0.02902
8 1 5 14552 0.02871
8 1 5 10537 0.01394
8 1 5 10532 0.0142
8 1 5 10525 0.01372
8 1 5 10355 0.02143
8 1 5 10270 0.02084
8 1 5 10262 0.02161
8 1 5 10228 0.02168
8 1 5 10207 0.02098
8 1 5 10131 0.02047
8 1 5 10107 0.0208
8 1 5 10038 0.02033
8 1 5 9882 0.02054
