16 4 1 100000 0.1572
16 4 1 100000 0.1483
16 4 1 100000 0.1487
16 4 1 100000 0.1353
16 4 1 100000 0.1335
16 4 1 100000 0.1323
16 4 1 85000 0.1199
16 4 1 85000 0.1185
16 4 1 85000 0.1175
16 4 1 85000 0.1176
16 4 1 85000 0.1188
16 4 1 85000 0.1182
16 4 1 75000 0.1104
16 4 1 75000 0.1098
16 4 1 75000 0.1099
16 4 1 75000 0.1101
16 4 1 75000 0.1115
16 4 1 75000 0.1113
16 4 1 75000 0.1118
16 4 1 50000 0.08707
16 4 1 50000 0.08565
16 4 1 50000 0.08485
16 4 1 50000 0.08652
16 4 1 50000 0.08648
16 4 1 50000 0.08468
16 4 1 35000 0.06281
16 4 1 35000 0.06251
16 4 1 35000 0.06345
16 4 1 35000 0.06462
16 4 1 35000 0.0632
16 4 1 35000 0.06249
16 4 1 25000 0.04573
16 4 1 25000 0.04562
16 4 1 25000 0.046
16 4 1 25000 0.04514
16 4 1 25000 0.04482
16 4 1 25000 0.04583
16 4 1 15000 0.02832
16 4 1 15000 0.02814
16 4 1 15000 0.02832
16 4 1 15000 0.02805
16 4 1 15000 0.0283
16 4 1 15000 0.02838
16 4 1 10000 0.01925
16 4 1 10000 0.01942
16 4 1 10000 0.0194
16 4 1 10000 0.01968
16 4 1 10000 0.02215
16 4 1 10000 0.01913
16 4 1 10000 0.01948
16 4 2 110946 0.1411
16 4 2 108293 0.1398
16 4 2 103991 0.1362
16 4 2 101290 0.133
16 4 2 98173 0.1277
16 4 2 94781 0.1244
16 4 2 93470 0.1428
16 4 2 88690 0.1307
16 4 2 86429 0.1292
16 4 2 84929 0.1268
16 4 2 82538 0.1273
16 4 2 81540 0.126
16 4 2 78752 0.1239
16 4 2 78203 0.1219
16 4 2 77255 0.1225
16 4 2 76296 0.1197
16 4 2 74086 0.1193
16 4 2 72530 0.1156
16 4 2 71673 0.1155
16 4 2 52970 0.09353
16 4 2 52263 0.0937
16 4 2 51334 0.09253
16 4 2 50616 0.08991
16 4 2 47957 0.08617
16 4 2 46785 0.0854
16 4 2 36242 0.06473
16 4 2 36050 0.06476
16 4 2 35612 0.06364
16 4 2 34825 0.06225
16 4 2 34475 0.06069
16 4 2 33687 0.06033
16 4 2 25818 0.04912
16 4 2 25456 0.04785
16 4 2 24955 0.04786
16 4 2 24691 0.04751
16 4 2 24272 0.04554
16 4 2 24133 0.0458
16 4 2 15299 0.03039
16 4 2 15267 0.02971
16 4 2 15045 0.02915
16 4 2 15033 0.02928
16 4 2 14997 0.03006
16 4 2 14801 0.02908
16 4 2 14713 0.02912
16 4 2 10121 0.0201
16 4 2 10088 0.02013
16 4 2 10078 0.02056
16 4 2 10023 0.02024
16 4 2 9995 0.02011
16 4 2 9872 0.01956
16 4 3 120424 0.1701
16 4 3 110497 0.1585
16 4 3 108344 0.1571
16 4 3 106833 0.154
16 4 3 101247 0.1418
16 4 3 94866 0.142
16 4 3 93127 0.1413
16 4 3 88858 0.1337
16 4 3 87440 0.1353
16 4 3 85862 0.1316
16 4 3 83839 0.1245
16 4 3 83225 0.1269
16 4 3 80816 0.1253
16 4 3 80642 0.1273
16 4 3 78966 0.1241
16 4 3 78613 0.1225
16 4 3 75357 0.1198
16 4 3 72339 0.1159
16 4 3 72339 0.1146
16 4 3 54596 0.0952
16 4 3 53761 0.09642
16 4 3 53021 0.09311
16 4 3 51984 0.09282
16 4 3 49112 0.08728
16 4 3 38295 0.06834
16 4 3 37963 0.06714
16 4 3 36716 0.06638
16 4 3 36242 0.06468
16 4 3 35852 0.06499
16 4 3 34908 0.06419
16 4 3 33673 0.06133
16 4 3 25785 0.05038
16 4 3 25646 0.05003
16 4 3 25215 0.04886
16 4 3 24969 0.04902
16 4 3 24552 0.04807
16 4 3 24270 0.04782
16 4 3 15595 0.03165
16 4 3 15337 0.031
16 4 3 15277 0.03061
16 4 3 15117 0.03006
16 4 3 14984 0.03013
16 4 3 14878 0.03014
16 4 3 14509 0.02955
16 4 3 10256 0.02169
16 4 3 10222 0.02026
16 4 3 10163 0.02017
16 4 3 10115 0.01995
16 4 3 10103 0.02094
16 4 3 9978 0.01978
16 4 4 129486 0.2926
16 4 4 119469 0.1699
16 4 4 116606 0.167
16 4 4 112709 0.1619
16 4 4 108211 0.1579
16 4 4 101140 0.1507
16 4 4 93817 0.1413
16 4 4 93817 0.1393
16 4 4 88796 0.1355
16 4 4 88491 0.138
16 4 4 86332 0.1322
16 4 4 85357 0.1314
16 4 4 84261 0.13
16 4 4 81046 0.127
16 4 4 80526 0.126
16 4 4 79063 0.1259
16 4 4 77641 0.123
16 4 4 76542 0.1212
16 4 4 59313 0.1032
16 4 4 58071 0.102
16 4 4 55851 0.09952
16 4 4 55669 0.099
16 4 4 54160 0.09704
16 4 4 51592 0.0929
16 4 4 49637 0.09039
16 4 4 38070 0.06766
16 4 4 36614 0.06747
16 4 4 36283 0.06607
16 4 4 35902 0.06529
16 4 4 35241 0.06491
16 4 4 32936 0.06088
16 4 4 25952 0.04881
16 4 4 25463 0.04836
16 4 4 25099 0.0479
16 4 4 24946 0.04703
16 4 4 24873 0.04703
16 4 4 24076 0.04517
16 4 4 15685 0.03114
16 4 4 15573 0.03064
16 4 4 15434 0.03103
16 4 4 15192 0.02969
16 4 4 14996 0.02949
16 4 4 14930 0.02916
16 4 4 14741 0.02948
16 4 4 10347 0.02187
16 4 4 10237 0.02039
16 4 4 10218 0.02064
16 4 4 10192 0.02052
16 4 4 10136 0.02026
16 4 4 9968 0.01989
16 4 5 131071 0.2539
16 4 5 119598 0.1522
16 4 5 118345 0.1515
16 4 5 110997 0.1434
16 4 5 109704 0.1432
16 4 5 105576 0.1388
16 4 5 98119 0.1296
16 4 5 93789 0.1272
16 4 5 92091 0.1259
16 4 5 89154 0.1209
16 4 5 85305 0.1171
16 4 5 84300 0.1175
16 4 5 83937 0.117
16 4 5 82128 0.116
16 4 5 80190 0.1145
16 4 5 78273 0.1128
16 4 5 73524 0.1081
16 4 5 71905 0.1072
16 4 5 64951 0.1023
16 4 5 58370 0.09615
16 4 5 57265 0.09434
16 4 5 55103 0.09023
16 4 5 54228 0.09073
16 4 5 51904 0.08733
16 4 5 45526 0.07936
16 4 5 38638 0.06597
16 4 5 37215 0.06502
16 4 5 36474 0.06382
16 4 5 35955 0.06418
16 4 5 35527 0.0646
16 4 5 34662 0.06208
16 4 5 26648 0.04918
16 4 5 25519 0.04731
16 4 5 25092 0.04652
16 4 5 24855 0.04619
16 4 5 24568 0.04705
16 4 5 23897 0.04405
16 4 5 23565 0.04431
16 4 5 15391 0.03083
16 4 5 15296 0.02923
16 4 5 15130 0.02955
16 4 5 14990 0.0293
16 4 5 14849 0.02905
16 4 5 10535 0.02133
16 4 5 10333 0.02188
16 4 5 10270 0.02178
16 4 5 10224 0.02094
16 4 5 10130 0.02005
16 4 5 10076 0.02013
16 4 5 10019 0.01961
