8 2 1 100000 0.1699
8 2 1 100000 0.1361
8 2 1 100000 0.1325
8 2 1 100000 0.1336
8 2 1 100000 0.1581
8 2 1 100000 0.1581
8 2 1 100000 0.1578
8 2 1 100000 0.159
8 2 1 100000 0.1105
8 2 1 100000 0.1097
8 2 1 100000 0.109
8 2 1 100000 0.1107
8 2 1 85000 0.1404
8 2 1 85000 0.1394
8 2 1 85000 0.1344
8 2 1 85000 0.1269
8 2 1 85000 0.1292
8 2 1 85000 0.1294
8 2 1 85000 0.1299
8 2 1 85000 0.1307
8 2 1 85000 0.1396
8 2 1 85000 0.09466
8 2 1 85000 0.09739
8 2 1 85000 0.07798
8 2 1 85000 0.08221
8 2 1 75000 0.1209
8 2 1 75000 0.1206
8 2 1 75000 0.119
8 2 1 75000 0.1205
8 2 1 75000 0.1182
8 2 1 75000 0.1192
8 2 1 75000 0.1139
8 2 1 75000 0.1077
8 2 1 75000 0.05582
8 2 1 75000 0.05457
8 2 1 75000 0.05404
8 2 1 75000 0.05481
8 2 1 75000 0.05471
8 2 1 50000 0.08396
8 2 1 50000 0.08625
8 2 1 50000 0.08774
8 2 1 50000 0.08621
8 2 1 50000 0.08637
8 2 1 50000 0.08614
8 2 1 50000 0.08718
8 2 1 50000 0.0457
8 2 1 50000 0.04523
8 2 1 50000 0.04501
8 2 1 50000 0.04195
8 2 1 50000 0.03405
8 2 1 35000 0.06635
8 2 1 35000 0.06681
8 2 1 35000 0.06617
8 2 1 35000 0.06722
8 2 1 35000 0.0671
8 2 1 35000 0.06696
8 2 1 35000 0.06764
8 2 1 35000 0.06686
8 2 1 35000 0.02992
8 2 1 35000 0.03001
8 2 1 35000 0.02973
8 2 1 35000 0.02998
8 2 1 25000 0.04901
8 2 1 25000 0.04778
8 2 1 25000 0.04829
8 2 1 25000 0.04831
8 2 1 25000 0.04779
8 2 1 25000 0.04826
8 2 1 25000 0.04854
8 2 1 25000 0.04846
8 2 1 25000 0.01345
8 2 1 25000 0.01304
8 2 1 25000 0.01302
8 2 1 25000 0.01278
8 2 1 25000 0.01256
8 2 1 15000 0.02942
8 2 1 15000 0.02836
8 2 1 15000 0.02915
8 2 1 15000 0.02814
8 2 1 15000 0.02969
8 2 1 15000 0.02989
8 2 1 15000 0.02956
8 2 1 15000 0.02965
8 2 1 15000 0.006849
8 2 1 15000 0.00682
8 2 1 15000 0.008072
8 2 1 15000 0.008341
8 2 1 10000 0.02069
8 2 1 10000 0.02097
8 2 1 10000 0.02062
8 2 1 10000 0.02071
8 2 1 10000 0.02071
8 2 1 10000 0.02075
8 2 1 10000 0.02025
8 2 1 10000 0.0205
8 2 1 10000 0.02065
8 2 1 10000 0.006312
8 2 1 10000 0.006214
8 2 1 10000 0.006459
8 2 1 10000 0.006418
8 2 2 112337 0.1628
8 2 2 108301 0.1583
8 2 2 106047 0.1475
8 2 2 103874 0.153
8 2 2 103661 0.1505
8 2 2 102279 0.1495
8 2 2 101330 0.162
8 2 2 100000 0.1116
8 2 2 100000 0.1107
8 2 2 100000 0.1113
8 2 2 98271 0.1435
8 2 2 98271 0.1343
8 2 2 92765 0.1267
8 2 2 92136 0.1275
8 2 2 88035 0.1225
8 2 2 88035 0.1195
8 2 2 85597 0.1173
8 2 2 85000 0.06606
8 2 2 85000 0.06451
8 2 2 85000 0.06496
8 2 2 85000 0.06556
8 2 2 84772 0.1235
8 2 2 82551 0.1243
8 2 2 81407 0.1122
8 2 2 80168 0.1262
8 2 2 79168 0.1248
8 2 2 78618 0.1211
8 2 2 77618 0.1186
8 2 2 76428 0.1198
8 2 2 76062 0.1185
8 2 2 75577 0.1301
8 2 2 75448 0.1301
8 2 2 75000 0.08211
8 2 2 75000 0.07079
8 2 2 75000 0.06307
8 2 2 73698 0.115
8 2 2 73698 0.1137
8 2 2 67443 0.1083
8 2 2 53360 0.09384
8 2 2 52972 0.09432
8 2 2 52020 0.09149
8 2 2 50818 0.09249
8 2 2 50534 0.09671
8 2 2 50000 0.03981
8 2 2 50000 0.03569
8 2 2 50000 0.03908
8 2 2 50000 0.03621
8 2 2 50000 0.03776
8 2 2 48851 0.08544
8 2 2 46786 0.08293
8 2 2 36662 0.06719
8 2 2 36562 0.06611
8 2 2 36312 0.06572
8 2 2 36004 0.06917
8 2 2 35612 0.06836
8 2 2 35087 0.06373
8 2 2 35000 0.02601
8 2 2 35000 0.0273
8 2 2 35000 0.02465
8 2 2 35000 0.02154
8 2 2 34541 0.06299
8 2 2 33687 0.05902
8 2 2 25843 0.04682
8 2 2 25843 0.05038
8 2 2 25809 0.04945
8 2 2 25221 0.04509
8 2 2 25172 0.04583
8 2 2 25000 0.01045
8 2 2 25000 0.01138
8 2 2 25000 0.01039
8 2 2 25000 0.01153
8 2 2 24951 0.04506
8 2 2 24915 0.04689
8 2 2 24335 0.04644
8 2 2 24282 0.04688
8 2 2 15283 0.02886
8 2 2 15266 0.02901
8 2 2 15115 0.02993
8 2 2 15033 0.0294
8 2 2 15000 0.007526
8 2 2 15000 0.006716
8 2 2 15000 0.006769
8 2 2 15000 0.007746
8 2 2 14994 0.02885
8 2 2 14981 0.02865
8 2 2 14925 0.02937
8 2 2 14768 0.02947
8 2 2 14708 0.02797
8 2 2 10127 0.01987
8 2 2 10111 0.01962
8 2 2 10088 0.01986
8 2 2 10078 0.01986
8 2 2 10013 0.01942
8 2 2 10000 0.00538
8 2 2 10000 0.005344
8 2 2 10000 0.005278
8 2 2 10000 0.005234
8 2 2 9990 0.01946
8 2 2 9918 0.01995
8 2 2 9874 0.01962
8 2 3 114292 0.1671
8 2 3 112756 0.1622
8 2 3 110429 0.1632
8 2 3 108499 0.1615
8 2 3 107048 0.1574
8 2 3 104800 0.1548
8 2 3 103895 0.1582
8 2 3 100402 0.149
8 2 3 100000 0.1153
8 2 3 100000 0.1154
8 2 3 100000 0.1154
8 2 3 100000 0.1155
8 2 3 96802 0.1463
8 2 3 89873 0.1353
8 2 3 88153 0.1362
8 2 3 87156 0.1352
8 2 3 86328 0.1343
8 2 3 85438 0.1315
8 2 3 85000 0.09796
8 2 3 85000 0.0976
8 2 3 85000 0.09679
8 2 3 85000 0.09594
8 2 3 84366 0.1283
8 2 3 82952 0.1247
8 2 3 82458 0.125
8 2 3 80978 0.1221
8 2 3 79395 0.1205
8 2 3 77396 0.1194
8 2 3 76866 0.1189
8 2 3 75000 0.08061
8 2 3 75000 0.08124
8 2 3 75000 0.08241
8 2 3 75000 0.08071
8 2 3 73284 0.117
8 2 3 73284 0.1195
8 2 3 72199 0.1187
8 2 3 68537 0.1139
8 2 3 66904 0.1127
8 2 3 55198 0.09414
8 2 3 53606 0.09381
8 2 3 51314 0.09042
8 2 3 50655 0.08932
8 2 3 50000 0.04514
8 2 3 50000 0.04412
8 2 3 50000 0.04498
8 2 3 50000 0.03673
8 2 3 49633 0.08868
8 2 3 49256 0.08645
8 2 3 48771 0.08647
8 2 3 47753 0.08322
8 2 3 38046 0.06842
8 2 3 37633 0.07014
8 2 3 37287 0.0691
8 2 3 36814 0.0673
8 2 3 36285 0.06561
8 2 3 35469 0.06551
8 2 3 35000 0.03003
8 2 3 35000 0.02996
8 2 3 35000 0.02633
8 2 3 35000 0.02495
8 2 3 34522 0.0705
8 2 3 33545 0.06065
8 2 3 26715 0.05024
8 2 3 26709 0.04928
8 2 3 26482 0.04901
8 2 3 25496 0.04617
8 2 3 25149 0.04614
8 2 3 25000 0.01077
8 2 3 25000 0.01037
8 2 3 25000 0.01039
8 2 3 25000 0.01034
8 2 3 24985 0.04578
8 2 3 24672 0.04624
8 2 3 24419 0.04507
8 2 3 23927 0.04511
8 2 3 15590 0.02998
8 2 3 15407 0.03075
8 2 3 15181 0.02943
8 2 3 15064 0.02917
8 2 3 15004 0.02906
8 2 3 15000 0.006834
8 2 3 15000 0.006752
8 2 3 15000 0.00677
8 2 3 15000 0.00676
8 2 3 14959 0.02918
8 2 3 14752 0.02848
8 2 3 14725 0.0283
8 2 3 14507 0.02875
8 2 3 10186 0.02023
8 2 3 10145 0.02033
8 2 3 10079 0.02011
8 2 3 10022 0.01985
8 2 3 10000 0.006076
8 2 3 10000 0.005299
8 2 3 10000 0.005284
8 2 3 10000 0.005304
8 2 3 9996 0.01995
8 2 3 9986 0.01992
8 2 3 9953 0.01985
8 2 3 9901 0.01991
8 2 4 123773 0.2857
8 2 4 123035 0.2801
8 2 4 112435 0.1563
8 2 4 111707 0.1578
8 2 4 106845 0.1516
8 2 4 105651 0.1512
8 2 4 103370 0.1489
8 2 4 100864 0.1481
8 2 4 100000 0.1153
8 2 4 100000 0.1158
8 2 4 100000 0.1156
8 2 4 99039 0.1439
8 2 4 99039 0.1429
8 2 4 93006 0.144
8 2 4 90845 0.1396
8 2 4 89448 0.1362
8 2 4 88094 0.1354
8 2 4 87165 0.1467
8 2 4 85000 0.09753
8 2 4 85000 0.09777
8 2 4 85000 0.09794
8 2 4 85000 0.08966
8 2 4 85000 0.07707
8 2 4 84751 0.1336
8 2 4 81505 0.1296
8 2 4 80792 0.128
8 2 4 78214 0.1186
8 2 4 78086 0.1138
8 2 4 76629 0.11
8 2 4 75666 0.108
8 2 4 75000 0.05487
8 2 4 75000 0.0546
8 2 4 75000 0.05512
8 2 4 74941 0.1098
8 2 4 73535 0.1052
8 2 4 70916 0.1072
8 2 4 68308 0.1047
8 2 4 59631 0.09845
8 2 4 56722 0.09441
8 2 4 54315 0.09106
8 2 4 53748 0.08889
8 2 4 51029 0.08488
8 2 4 50845 0.08538
8 2 4 50000 0.03264
8 2 4 50000 0.03212
8 2 4 50000 0.03224
8 2 4 50000 0.03224
8 2 4 48967 0.08363
8 2 4 48913 0.08391
8 2 4 46284 0.08072
8 2 4 39084 0.06933
8 2 4 39039 0.06844
8 2 4 37916 0.07066
8 2 4 37196 0.07121
8 2 4 35926 0.06509
8 2 4 35693 0.06647
8 2 4 35088 0.06758
8 2 4 35000 0.02586
8 2 4 35000 0.02776
8 2 4 35000 0.02594
8 2 4 35000 0.02175
8 2 4 33997 0.06424
8 2 4 33600 0.0619
8 2 4 26435 0.05003
8 2 4 25900 0.04936
8 2 4 25722 0.04729
8 2 4 25406 0.04659
8 2 4 25241 0.04736
8 2 4 25000 0.01147
8 2 4 25000 0.01263
8 2 4 25000 0.01258
8 2 4 25000 0.01285
8 2 4 24801 0.04761
8 2 4 24155 0.04655
8 2 4 23158 0.04425
8 2 4 15454 0.02993
8 2 4 15404 0.0314
8 2 4 15299 0.02945
8 2 4 15013 0.02986
8 2 4 15000 0.008326
8 2 4 15000 0.007966
8 2 4 15000 0.008252
8 2 4 15000 0.007914
8 2 4 14931 0.03015
8 2 4 14900 0.02893
8 2 4 14820 0.02881
8 2 4 14729 0.02828
8 2 4 10375 0.02101
8 2 4 10252 0.02102
8 2 4 10183 0.0203
8 2 4 10126 0.01989
8 2 4 10082 0.02015
8 2 4 10053 0.02004
8 2 4 10000 0.006152
8 2 4 10000 0.006226
8 2 4 10000 0.00601
8 2 4 10000 0.005835
8 2 4 9977 0.01943
8 2 4 9928 0.02024
8 2 4 9877 0.01953
8 2 5 124896 0.2916
8 2 5 120530 0.1719
8 2 5 119758 0.1681
8 2 5 116189 0.1618
8 2 5 111717 0.1576
8 2 5 110034 0.1572
8 2 5 107969 0.1538
8 2 5 100000 0.09248
8 2 5 100000 0.1156
8 2 5 100000 0.1158
8 2 5 100000 0.1158
8 2 5 100000 0.1133
8 2 5 99023 0.1418
8 2 5 96654 0.1419
8 2 5 93108 0.1375
8 2 5 91312 0.1357
8 2 5 90337 0.1353
8 2 5 89453 0.134
8 2 5 86304 0.1296
8 2 5 85777 0.1362
8 2 5 85567 0.1319
8 2 5 85000 0.09752
8 2 5 85000 0.07732
8 2 5 85000 0.06421
8 2 5 84348 0.1192
8 2 5 83305 0.1179
8 2 5 82434 0.118
8 2 5 76822 0.1103
8 2 5 75946 0.1088
8 2 5 75000 0.05537
8 2 5 75000 0.0551
8 2 5 75000 0.05469
8 2 5 75000 0.05509
8 2 5 74765 0.1103
8 2 5 73407 0.1056
8 2 5 73020 0.1097
8 2 5 63113 0.1008
8 2 5 63113 0.1012
8 2 5 57529 0.09638
8 2 5 55598 0.09389
8 2 5 53749 0.09189
8 2 5 52838 0.09033
8 2 5 51887 0.08463
8 2 5 50262 0.08524
8 2 5 50000 0.03291
8 2 5 50000 0.0325
8 2 5 50000 0.03252
8 2 5 50000 0.03211
8 2 5 48772 0.09385
8 2 5 48296 0.0917
8 2 5 39620 0.07542
8 2 5 38566 0.07201
8 2 5 38117 0.07218
8 2 5 37057 0.07149
8 2 5 36998 0.07222
8 2 5 35035 0.06927
8 2 5 35000 0.02913
8 2 5 35000 0.02915
8 2 5 35000 0.02886
8 2 5 35000 0.02889
8 2 5 35000 0.02886
8 2 5 34063 0.06569
8 2 5 33878 0.06603
8 2 5 26756 0.05209
8 2 5 26112 0.05177
8 2 5 25764 0.05048
8 2 5 25200 0.04849
8 2 5 25000 0.01287
8 2 5 25000 0.01265
8 2 5 25000 0.01251
8 2 5 25000 0.01266
8 2 5 25000 0.01267
8 2 5 24721 0.04887
8 2 5 24171 0.04767
8 2 5 23324 0.04747
8 2 5 15687 0.03249
8 2 5 15483 0.03262
8 2 5 15290 0.03104
8 2 5 15130 0.03111
8 2 5 15029 0.0308
8 2 5 15000 0.008282
8 2 5 15000 0.008217
8 2 5 15000 0.008168
8 2 5 15000 0.008284
8 2 5 14977 0.03078
8 2 5 14740 0.03044
8 2 5 14595 0.02974
8 2 5 10310 0.02219
8 2 5 10310 0.02256
8 2 5 10214 0.02158
8 2 5 10174 0.02157
8 2 5 10162 0.02161
8 2 5 10067 0.02157
8 2 5 10041 0.02061
8 2 5 10000 0.006342
8 2 5 10000 0.006189
8 2 5 10000 0.006289
8 2 5 10000 0.006339
8 2 5 9963 0.02098
8 2 5 9889 0.02109
