16 8 1 100000 0.1114
16 8 1 100000 0.1082
16 8 1 100000 0.1076
16 8 1 100000 0.1027
16 8 1 100000 0.1039
16 8 1 100000 0.1025
16 8 1 100000 0.104
16 8 1 85000 0.09276
16 8 1 85000 0.08945
16 8 1 85000 0.09231
16 8 1 85000 0.09273
16 8 1 85000 0.09322
16 8 1 75000 0.08429
16 8 1 75000 0.08408
16 8 1 75000 0.08512
16 8 1 75000 0.08545
16 8 1 75000 0.0834
16 8 1 75000 0.08405
16 8 1 50000 0.06206
16 8 1 50000 0.0624
16 8 1 50000 0.06153
16 8 1 50000 0.06121
16 8 1 50000 0.06321
16 8 1 50000 0.06294
16 8 1 50000 0.06192
16 8 1 35000 0.04243
16 8 1 35000 0.04349
16 8 1 35000 0.04341
16 8 1 35000 0.04411
16 8 1 35000 0.0429
16 8 1 35000 0.04293
16 8 1 25000 0.02697
16 8 1 25000 0.0282
16 8 1 25000 0.02874
16 8 1 25000 0.02858
16 8 1 25000 0.02886
16 8 1 25000 0.02923
16 8 1 15000 0.018
16 8 1 15000 0.01825
16 8 1 15000 0.0178
16 8 1 15000 0.01729
16 8 1 15000 0.01753
16 8 1 15000 0.01812
16 8 1 15000 0.01836
16 8 1 10000 0.01326
16 8 1 10000 0.01281
16 8 1 10000 0.0126
16 8 1 10000 0.01264
16 8 1 10000 0.01274
16 8 1 10000 0.0132
16 8 2 113491 0.1194
16 8 2 108244 0.1154
16 8 2 108112 0.1148
16 8 2 104665 0.1099
16 8 2 99957 0.1069
16 8 2 96134 0.1023
16 8 2 93846 0.09925
16 8 2 93496 0.1011
16 8 2 89948 0.09507
16 8 2 88388 0.09739
16 8 2 85357 0.08929
16 8 2 82545 0.09048
16 8 2 82544 0.09149
16 8 2 79357 0.08781
16 8 2 78210 0.08716
16 8 2 76438 0.0853
16 8 2 74570 0.08262
16 8 2 72398 0.08154
16 8 2 53381 0.0664
16 8 2 53375 0.06627
16 8 2 53033 0.06856
16 8 2 52183 0.06583
16 8 2 50520 0.06347
16 8 2 49511 0.06141
16 8 2 47269 0.05999
16 8 2 36662 0.04592
16 8 2 36312 0.04483
16 8 2 36190 0.04284
16 8 2 36050 0.04448
16 8 2 34475 0.04236
16 8 2 33687 0.04019
16 8 2 25839 0.02849
16 8 2 25744 0.03025
16 8 2 25284 0.0296
16 8 2 25192 0.02966
16 8 2 24782 0.02811
16 8 2 24355 0.02782
16 8 2 15305 0.01757
16 8 2 15304 0.01904
16 8 2 15301 0.01853
16 8 2 15252 0.01773
16 8 2 15008 0.01759
16 8 2 14901 0.01822
16 8 2 14787 0.01825
16 8 2 10133 0.01311
16 8 2 10122 0.01314
16 8 2 10099 0.01339
16 8 2 10036 0.01352
16 8 2 9998 0.01269
16 8 2 9946 0.01288
16 8 3 118482 0.119
16 8 3 109884 0.1138
16 8 3 109884 0.1146
16 8 3 104104 0.1087
16 8 3 103709 0.1093
16 8 3 100301 0.1063
16 8 3 96271 0.1008
16 8 3 95068 0.1027
16 8 3 94529 0.0994
16 8 3 89818 0.09466
16 8 3 88413 0.0961
16 8 3 85255 0.09434
16 8 3 84985 0.09209
16 8 3 83453 0.09146
16 8 3 83027 0.0914
16 8 3 74863 0.08132
16 8 3 74863 0.08023
16 8 3 71792 0.08087
16 8 3 65875 0.07565
16 8 3 54828 0.06617
16 8 3 52834 0.06411
16 8 3 52062 0.06385
16 8 3 50833 0.06093
16 8 3 49884 0.06028
16 8 3 38367 0.04575
16 8 3 38360 0.04562
16 8 3 37253 0.04499
16 8 3 35926 0.04509
16 8 3 35375 0.0434
16 8 3 34467 0.04215
16 8 3 33256 0.04051
16 8 3 26719 0.02919
16 8 3 26085 0.02853
16 8 3 25490 0.0287
16 8 3 25360 0.02799
16 8 3 25173 0.02893
16 8 3 24369 0.02704
16 8 3 23717 0.02682
16 8 3 15535 0.01891
16 8 3 15243 0.01788
16 8 3 15160 0.01775
16 8 3 14915 0.01756
16 8 3 14778 0.01777
16 8 3 10267 0.01313
16 8 3 10209 0.01335
16 8 3 10133 0.013
16 8 3 10092 0.01318
16 8 3 10076 0.01268
16 8 3 10018 0.01313
16 8 3 9891 0.01256
16 8 4 121151 0.1131
16 8 4 110359 0.1141
16 8 4 109354 0.1124
16 8 4 107127 0.112
16 8 4 105647 0.1096
16 8 4 98896 0.1058
16 8 4 97001 0.1032
16 8 4 93384 0.1004
16 8 4 91448 0.09831
16 8 4 91158 0.09882
16 8 4 89581 0.09657
16 8 4 89191 0.09736
16 8 4 84702 0.09221
16 8 4 80233 0.08866
16 8 4 79580 0.08732
16 8 4 78788 0.08971
16 8 4 75503 0.08263
16 8 4 68083 0.07995
16 8 4 59728 0.07138
16 8 4 56133 0.06704
16 8 4 54217 0.06592
16 8 4 51732 0.06195
16 8 4 50909 0.06163
16 8 4 49982 0.06156
16 8 4 38324 0.04604
16 8 4 38307 0.04559
16 8 4 37584 0.0457
16 8 4 36723 0.04511
16 8 4 36009 0.04392
16 8 4 34837 0.04316
16 8 4 32480 0.03761
16 8 4 27529 0.03064
16 8 4 26245 0.02824
16 8 4 25568 0.02963
16 8 4 25131 0.02845
16 8 4 24660 0.02775
16 8 4 24410 0.02821
16 8 4 23367 0.02635
16 8 4 15550 0.01927
16 8 4 15345 0.01854
16 8 4 15135 0.01795
16 8 4 15027 0.01874
16 8 4 14717 0.01871
16 8 4 10389 0.01395
16 8 4 10234 0.01347
16 8 4 10187 0.01302
16 8 4 10166 0.01332
16 8 4 10025 0.01305
16 8 4 9966 0.01243
16 8 4 9868 0.01273
16 8 5 128844 0.1871
16 8 5 119093 0.1206
16 8 5 118343 0.1195
16 8 5 108960 0.1149
16 8 5 107555 0.1093
16 8 5 105008 0.1091
16 8 5 98704 0.1075
16 8 5 96501 0.1044
16 8 5 96064 0.1008
16 8 5 94255 0.1003
16 8 5 91299 0.1009
16 8 5 90466 0.09489
16 8 5 87300 0.09526
16 8 5 85391 0.09218
16 8 5 83244 0.09084
16 8 5 80855 0.09134
16 8 5 73679 0.084
16 8 5 62051 0.07389
16 8 5 62051 0.07361
16 8 5 56963 0.06935
16 8 5 54985 0.06636
16 8 5 54668 0.06726
16 8 5 52314 0.06602
16 8 5 51855 0.06547
16 8 5 46738 0.05921
16 8 5 38831 0.04583
16 8 5 38337 0.04652
16 8 5 37552 0.04603
16 8 5 36340 0.04547
16 8 5 35339 0.04431
16 8 5 31446 0.03758
16 8 5 27012 0.03198
16 8 5 26260 0.02972
16 8 5 25863 0.02991
16 8 5 25173 0.02895
16 8 5 24359 0.02908
16 8 5 24159 0.0293
16 8 5 16068 0.01951
16 8 5 15832 0.02092
16 8 5 15592 0.01891
16 8 5 15354 0.01987
16 8 5 15196 0.01897
16 8 5 14884 0.0184
16 8 5 14410 0.0181
16 8 5 10323 0.01447
16 8 5 10241 0.01403
16 8 5 10214 0.01333
16 8 5 10144 0.01352
16 8 5 10065 0.01373
16 8 5 10019 0.01308
