16 12 1 100000 0.1078
16 12 1 100000 0.1053
16 12 1 100000 0.1006
16 12 1 100000 0.09781
16 12 1 100000 0.09766
16 12 1 100000 0.09941
16 12 1 85000 0.08641
16 12 1 85000 0.08686
16 12 1 85000 0.08929
16 12 1 85000 0.08796
16 12 1 85000 0.08771
16 12 1 85000 0.08628
16 12 1 85000 0.08561
16 12 1 75000 0.09358
16 12 1 75000 0.09239
16 12 1 75000 0.09554
16 12 1 75000 0.09326
16 12 1 75000 0.0919
16 12 1 50000 0.06497
16 12 1 50000 0.06617
16 12 1 50000 0.0684
16 12 1 50000 0.06647
16 12 1 50000 0.06236
16 12 1 50000 0.06599
16 12 1 50000 0.06235
16 12 1 35000 0.04556
16 12 1 35000 0.04473
16 12 1 35000 0.04602
16 12 1 35000 0.04523
16 12 1 35000 0.04424
16 12 1 35000 0.04373
16 12 1 25000 0.02908
16 12 1 25000 0.03004
16 12 1 25000 0.02873
16 12 1 25000 0.02744
16 12 1 25000 0.02955
16 12 1 25000 0.02926
16 12 1 25000 0.02808
16 12 1 15000 0.01827
16 12 1 15000 0.01839
16 12 1 15000 0.0184
16 12 1 15000 0.01887
16 12 1 15000 0.01812
16 12 1 15000 0.01644
16 12 1 10000 0.013
16 12 1 10000 0.01311
16 12 1 10000 0.01299
16 12 1 10000 0.01284
16 12 1 10000 0.01239
16 12 1 10000 0.0126
16 12 2 113148 0.1411
16 12 2 112691 0.1442
16 12 2 112660 0.1425
16 12 2 112345 0.1461
16 12 2 111403 0.1376
16 12 2 108880 0.1378
16 12 2 94455 0.1237
16 12 2 94283 0.11
16 12 2 93845 0.0944
16 12 2 93484 0.09466
16 12 2 89697 0.09079
16 12 2 87699 0.08835
16 12 2 82377 0.08568
16 12 2 82325 0.08412
16 12 2 82161 0.08531
16 12 2 82101 0.08571
16 12 2 81933 0.08667
16 12 2 78812 0.0826
16 12 2 70683 0.07631
16 12 2 53318 0.06138
16 12 2 53258 0.06038
16 12 2 53213 0.06116
16 12 2 53115 0.06244
16 12 2 52050 0.06227
16 12 2 48521 0.05651
16 12 2 36602 0.04266
16 12 2 36587 0.04233
16 12 2 36578 0.04139
16 12 2 36565 0.04304
16 12 2 36546 0.04092
16 12 2 34787 0.03989
16 12 2 25835 0.02864
16 12 2 25820 0.02781
16 12 2 25808 0.02741
16 12 2 25773 0.02826
16 12 2 25683 0.02737
16 12 2 24577 0.02621
16 12 2 15302 0.0175
16 12 2 15297 0.01686
16 12 2 15295 0.01652
16 12 2 15293 0.01693
16 12 2 15283 0.01693
16 12 2 15238 0.01721
16 12 2 10134 0.01259
16 12 2 10133 0.0121
16 12 2 10131 0.01188
16 12 2 10129 0.01233
16 12 2 10126 0.01243
16 12 2 10087 0.01226
16 12 2 9865 0.01218
16 12 3 127500 0.1731
16 12 3 126724 0.1699
16 12 3 126078 0.172
16 12 3 124743 0.1699
16 12 3 121503 0.1066
16 12 3 118453 0.11
16 12 3 104600 0.1038
16 12 3 104489 0.1038
16 12 3 103662 0.1035
16 12 3 103615 0.09482
16 12 3 97965 0.104
16 12 3 96133 0.09517
16 12 3 90660 0.09159
16 12 3 90123 0.0903
16 12 3 89833 0.09041
16 12 3 89769 0.09116
16 12 3 88484 0.08829
16 12 3 83974 0.08754
16 12 3 56891 0.065
16 12 3 56755 0.06387
16 12 3 56668 0.06421
16 12 3 56643 0.06128
16 12 3 56553 0.06353
16 12 3 55422 0.06461
16 12 3 53545 0.06435
16 12 3 38270 0.04511
16 12 3 38223 0.04351
16 12 3 38199 0.04507
16 12 3 38166 0.04423
16 12 3 36608 0.0434
16 12 3 36399 0.04283
16 12 3 26712 0.02854
16 12 3 26665 0.02787
16 12 3 26636 0.02867
16 12 3 26602 0.02865
16 12 3 26560 0.02873
16 12 3 26130 0.02793
16 12 3 25025 0.02841
16 12 3 15586 0.01746
16 12 3 15583 0.01761
16 12 3 15571 0.01751
16 12 3 15556 0.01761
16 12 3 15307 0.01662
16 12 3 10265 0.01297
16 12 3 10263 0.01259
16 12 3 10260 0.01301
16 12 3 10259 0.01238
16 12 3 10255 0.01304
16 12 3 10121 0.012
16 12 3 10015 0.01204
16 12 4 143037 0.1874
16 12 4 137580 0.1836
16 12 4 137190 0.1867
16 12 4 134074 0.176
16 12 4 132611 0.1793
16 12 4 127920 0.1776
16 12 4 115933 0.1098
16 12 4 115629 0.1135
16 12 4 114296 0.1105
16 12 4 111244 0.1101
16 12 4 104890 0.1016
16 12 4 101219 0.1037
16 12 4 99125 0.09938
16 12 4 98850 0.09832
16 12 4 98311 0.1002
16 12 4 97350 0.09959
16 12 4 94959 0.09623
16 12 4 89892 0.09267
16 12 4 60527 0.06871
16 12 4 60336 0.07034
16 12 4 60111 0.06812
16 12 4 59800 0.07192
16 12 4 58978 0.0698
16 12 4 58327 0.06765
16 12 4 56684 0.06594
16 12 4 39982 0.04672
16 12 4 39952 0.04723
16 12 4 39813 0.04638
16 12 4 39245 0.04737
16 12 4 38300 0.04672
16 12 4 36696 0.04353
16 12 4 27590 0.03007
16 12 4 27535 0.02975
16 12 4 27470 0.02963
16 12 4 27444 0.03045
16 12 4 27362 0.03058
16 12 4 26671 0.02876
16 12 4 25837 0.02797
16 12 4 15894 0.01863
16 12 4 15880 0.01867
16 12 4 15872 0.01847
16 12 4 15850 0.01827
16 12 4 15602 0.01839
16 12 4 15259 0.01733
16 12 4 10396 0.01386
16 12 4 10393 0.01359
16 12 4 10389 0.01301
16 12 4 10266 0.01356
16 12 4 10225 0.01307
16 12 4 10123 0.01244
16 12 5 159690 0.1832
16 12 5 153186 0.1849
16 12 5 151940 0.1798
16 12 5 150234 0.1846
16 12 5 147537 0.1792
16 12 5 142036 0.183
16 12 5 127759 0.171
16 12 5 126695 0.169
16 12 5 125869 0.1685
16 12 5 117993 0.1144
16 12 5 115832 0.1099
16 12 5 113513 0.1095
16 12 5 108960 0.1054
16 12 5 107184 0.105
16 12 5 106941 0.1068
16 12 5 105453 0.1039
16 12 5 101041 0.09867
16 12 5 100167 0.09926
16 12 5 89886 0.0901
16 12 5 63749 0.06951
16 12 5 63616 0.06874
16 12 5 62783 0.06716
16 12 5 62493 0.06791
16 12 5 60313 0.06692
16 12 5 58633 0.06443
16 12 5 41540 0.04591
16 12 5 41443 0.04716
16 12 5 41101 0.04736
16 12 5 40083 0.04526
16 12 5 39514 0.04507
16 12 5 37976 0.04254
16 12 5 28393 0.02936
16 12 5 28334 0.0298
16 12 5 28254 0.02945
16 12 5 28089 0.02787
16 12 5 27877 0.02874
16 12 5 26752 0.02746
16 12 5 16203 0.01811
16 12 5 16198 0.01764
16 12 5 16171 0.01833
16 12 5 16123 0.01843
16 12 5 15991 0.01873
16 12 5 15844 0.01794
16 12 5 10536 0.01262
16 12 5 10529 0.01258
16 12 5 10524 0.01356
16 12 5 10502 0.01266
16 12 5 10378 0.01296
16 12 5 10351 0.01267
