16 13 1 100000 0.1154
16 13 1 100000 0.1157
16 13 1 100000 0.1169
16 13 1 100000 0.1149
16 13 1 100000 0.1132
16 13 1 100000 0.1129
16 13 1 85000 0.09473
16 13 1 85000 0.09518
16 13 1 85000 0.09982
16 13 1 85000 0.1005
16 13 1 85000 0.09836
16 13 1 85000 0.09733
16 13 1 85000 0.09749
16 13 1 75000 0.08407
16 13 1 75000 0.08891
16 13 1 75000 0.09072
16 13 1 75000 0.08926
16 13 1 75000 0.09086
16 13 1 75000 0.08942
16 13 1 50000 0.06295
16 13 1 50000 0.06154
16 13 1 50000 0.06369
16 13 1 50000 0.06478
16 13 1 50000 0.0631
16 13 1 50000 0.06404
16 13 1 35000 0.04281
16 13 1 35000 0.04283
16 13 1 35000 0.04304
16 13 1 35000 0.04462
16 13 1 35000 0.04542
16 13 1 35000 0.0467
16 13 1 35000 0.04563
16 13 1 25000 0.02655
16 13 1 25000 0.0276
16 13 1 25000 0.0271
16 13 1 25000 0.02904
16 13 1 25000 0.0284
16 13 1 25000 0.02943
16 13 1 15000 0.01716
16 13 1 15000 0.01735
16 13 1 15000 0.01807
16 13 1 15000 0.01808
16 13 1 15000 0.01807
16 13 1 15000 0.01887
16 13 1 10000 0.01241
16 13 1 10000 0.01195
16 13 1 10000 0.01294
16 13 1 10000 0.01291
16 13 1 10000 0.01271
16 13 1 10000 0.01281
16 13 2 113000 0.1205
16 13 2 112744 0.117
16 13 2 110325 0.1149
16 13 2 109989 0.1165
16 13 2 103488 0.1124
16 13 2 100835 0.1163
16 13 2 94635 0.1111
16 13 2 94050 0.1039
16 13 2 93358 0.1036
16 13 2 91460 0.1015
16 13 2 91055 0.09989
16 13 2 85297 0.09608
16 13 2 82607 0.0971
16 13 2 82554 0.0952
16 13 2 82403 0.09183
16 13 2 82046 0.09053
16 13 2 81491 0.09208
16 13 2 78508 0.09231
16 13 2 72888 0.08629
16 13 2 53388 0.07154
16 13 2 53358 0.06906
16 13 2 53250 0.06582
16 13 2 53076 0.06451
16 13 2 52176 0.0666
16 13 2 50018 0.06314
16 13 2 36662 0.04778
16 13 2 36645 0.04605
16 13 2 36587 0.0442
16 13 2 36564 0.04446
16 13 2 35974 0.04527
16 13 2 35024 0.0429
16 13 2 33467 0.04138
16 13 2 25840 0.03022
16 13 2 25820 0.02924
16 13 2 25790 0.02834
16 13 2 25474 0.02934
16 13 2 25113 0.02928
16 13 2 24299 0.02782
16 13 2 15302 0.01708
16 13 2 15298 0.01808
16 13 2 15287 0.01688
16 13 2 15279 0.01651
16 13 2 15162 0.0183
16 13 2 14713 0.01826
16 13 2 10134 0.01297
16 13 2 10134 0.01337
16 13 2 10131 0.01299
16 13 2 10114 0.01173
16 13 2 10027 0.01278
16 13 2 9872 0.01318
16 13 3 126686 0.19
16 13 3 126078 0.1918
16 13 3 118411 0.1311
16 13 3 116035 0.1308
16 13 3 111416 0.1239
16 13 3 106834 0.1217
16 13 3 103267 0.116
16 13 3 100449 0.1154
16 13 3 98470 0.1107
16 13 3 96293 0.1073
16 13 3 93642 0.1052
16 13 3 90163 0.1074
16 13 3 89618 0.1003
16 13 3 89219 0.1013
16 13 3 85209 0.09816
16 13 3 85004 0.09968
16 13 3 82015 0.09029
16 13 3 80935 0.09346
16 13 3 75320 0.08904
16 13 3 56934 0.07386
16 13 3 56758 0.06746
16 13 3 56378 0.07271
16 13 3 55450 0.06833
16 13 3 54431 0.06562
16 13 3 49609 0.0627
16 13 3 49568 0.06277
16 13 3 38247 0.04604
16 13 3 37883 0.04692
16 13 3 36652 0.04463
16 13 3 35860 0.04716
16 13 3 35016 0.04447
16 13 3 26699 0.03083
16 13 3 26638 0.0292
16 13 3 26289 0.03039
16 13 3 25930 0.03123
16 13 3 25386 0.02979
16 13 3 24873 0.02896
16 13 3 15612 0.01923
16 13 3 15606 0.01934
16 13 3 15585 0.01929
16 13 3 15563 0.01887
16 13 3 15435 0.01912
16 13 3 15228 0.01935
16 13 3 15068 0.01833
16 13 3 10270 0.01351
16 13 3 10264 0.01376
16 13 3 10237 0.01332
16 13 3 10213 0.01343
16 13 3 10104 0.01287
16 13 3 10006 0.01274
16 13 4 131333 0.1946
16 13 4 130669 0.1879
16 13 4 125769 0.1869
16 13 4 121425 0.1231
16 13 4 113928 0.1265
16 13 4 109952 0.1267
16 13 4 108515 0.1211
16 13 4 104040 0.1128
16 13 4 101881 0.1145
16 13 4 97737 0.1078
16 13 4 96266 0.1086
16 13 4 93314 0.1082
16 13 4 90690 0.1061
16 13 4 89652 0.1053
16 13 4 88458 0.1035
16 13 4 85032 0.1018
16 13 4 83804 0.09789
16 13 4 78906 0.0942
16 13 4 76722 0.08778
16 13 4 59581 0.06816
16 13 4 58841 0.07098
16 13 4 56844 0.0714
16 13 4 54437 0.06902
16 13 4 52233 0.06853
16 13 4 51752 0.0649
16 13 4 39818 0.04857
16 13 4 39741 0.05129
16 13 4 38288 0.0459
16 13 4 37275 0.0457
16 13 4 36503 0.04548
16 13 4 35445 0.04538
16 13 4 34695 0.04375
16 13 4 27141 0.0299
16 13 4 26520 0.03224
16 13 4 25858 0.02965
16 13 4 24967 0.03054
16 13 4 24440 0.02865
16 13 4 15892 0.01952
16 13 4 15891 0.01854
16 13 4 15790 0.01841
16 13 4 15534 0.01928
16 13 4 15415 0.01994
16 13 4 15261 0.01953
16 13 4 14993 0.01815
16 13 4 10400 0.01369
16 13 4 10342 0.01376
16 13 4 10296 0.01433
16 13 4 10183 0.01297
16 13 4 10113 0.01273
16 13 4 9971 0.0133
16 13 5 142122 0.2049
16 13 5 139274 0.2056
16 13 5 133441 0.2009
16 13 5 125779 0.1892
16 13 5 122391 0.1342
16 13 5 110399 0.1179
16 13 5 107088 0.1214
16 13 5 106620 0.144
16 13 5 106188 0.1424
16 13 5 101274 0.1374
16 13 5 98315 0.1343
16 13 5 97881 0.1085
16 13 5 96171 0.1059
16 13 5 90428 0.1002
16 13 5 89313 0.09871
16 13 5 87910 0.09756
16 13 5 82798 0.09354
16 13 5 82242 0.09647
16 13 5 78433 0.09898
16 13 5 61487 0.07811
16 13 5 58961 0.07763
16 13 5 57199 0.0756
16 13 5 56854 0.07382
16 13 5 54444 0.07057
16 13 5 49228 0.06122
16 13 5 42105 0.05391
16 13 5 40681 0.05222
16 13 5 39527 0.04976
16 13 5 38292 0.0476
16 13 5 36314 0.04795
16 13 5 35362 0.04904
16 13 5 28513 0.03529
16 13 5 27420 0.03185
16 13 5 26793 0.03348
16 13 5 26647 0.03137
16 13 5 26270 0.03272
16 13 5 25124 0.02941
16 13 5 23901 0.02865
16 13 5 15854 0.01897
16 13 5 15780 0.02023
16 13 5 15593 0.01916
16 13 5 15456 0.01831
16 13 5 15287 0.01924
16 13 5 14903 0.01976
16 13 5 10365 0.01444
16 13 5 10325 0.01458
16 13 5 10252 0.01408
16 13 5 10192 0.0132
16 13 5 10065 0.01358
16 13 5 9805 0.01267
