16 1 1 100000 0.1296
16 1 1 100000 0.1256
16 1 1 100000 0.1234
16 1 1 100000 0.1253
16 1 1 100000 0.1116
16 1 1 100000 0.1051
16 1 1 85000 0.09067
16 1 1 85000 0.09355
16 1 1 85000 0.0906
16 1 1 85000 0.0917
16 1 1 85000 0.09255
16 1 1 85000 0.09132
16 1 1 85000 0.09222
16 1 1 75000 0.0833
16 1 1 75000 0.08536
16 1 1 75000 0.08336
16 1 1 75000 0.09161
16 1 1 75000 0.09438
16 1 1 75000 0.09141
16 1 1 50000 0.06422
16 1 1 50000 0.06163
16 1 1 50000 0.06609
16 1 1 50000 0.05928
16 1 1 50000 0.0626
16 1 1 50000 0.06441
16 1 1 35000 0.0464
16 1 1 35000 0.0435
16 1 1 35000 0.04503
16 1 1 35000 0.04245
16 1 1 35000 0.04553
16 1 1 35000 0.04458
16 1 1 35000 0.04479
16 1 1 25000 0.03057
16 1 1 25000 0.02923
16 1 1 25000 0.02937
16 1 1 25000 0.02792
16 1 1 25000 0.02719
16 1 1 25000 0.02823
16 1 1 15000 0.01852
16 1 1 15000 0.01902
16 1 1 15000 0.01711
16 1 1 15000 0.01699
16 1 1 15000 0.01859
16 1 1 15000 0.01884
16 1 1 10000 0.01259
16 1 1 10000 0.01315
16 1 1 10000 0.01232
16 1 1 10000 0.01375
16 1 1 10000 0.01316
16 1 1 10000 0.01251
16 1 2 113142 0.141
16 1 2 113136 0.1406
16 1 2 113071 0.1362
16 1 2 112895 0.1292
16 1 2 112584 0.1296
16 1 2 112429 0.1085
16 1 2 94667 0.0964
16 1 2 94475 0.09708
16 1 2 94408 0.09912
16 1 2 94346 0.09325
16 1 2 94233 0.09169
16 1 2 93725 0.09258
16 1 2 92579 0.09315
16 1 2 82464 0.0846
16 1 2 82422 0.08405
16 1 2 82323 0.0836
16 1 2 82238 0.08538
16 1 2 82053 0.08577
16 1 2 79457 0.08341
16 1 2 53360 0.06306
16 1 2 53326 0.06154
16 1 2 53301 0.064
16 1 2 53244 0.06175
16 1 2 53192 0.05958
16 1 2 53060 0.06202
16 1 2 36645 0.04322
16 1 2 36634 0.04336
16 1 2 36611 0.04222
16 1 2 36597 0.04347
16 1 2 36580 0.04213
16 1 2 36568 0.04175
16 1 2 25845 0.02824
16 1 2 25840 0.02873
16 1 2 25829 0.02851
16 1 2 25820 0.02769
16 1 2 25806 0.02863
16 1 2 25791 0.02703
16 1 2 25753 0.02761
16 1 2 15303 0.01707
16 1 2 15299 0.01796
16 1 2 15298 0.01743
16 1 2 15298 0.01855
16 1 2 15291 0.01736
16 1 2 15268 0.01711
16 1 2 10134 0.01241
16 1 2 10133 0.01253
16 1 2 10132 0.01238
16 1 2 10130 0.01236
16 1 2 10128 0.01289
16 1 2 10126 0.01249
16 1 3 127545 0.1823
16 1 3 127545 0.2092
16 1 3 125589 0.2097
16 1 3 124024 0.2098
16 1 3 121482 0.1452
16 1 3 120857 0.1403
16 1 3 105101 0.1298
16 1 3 104980 0.1271
16 1 3 104495 0.1125
16 1 3 104259 0.1035
16 1 3 102778 0.103
16 1 3 102185 0.1011
16 1 3 99108 0.09779
16 1 3 90478 0.09276
16 1 3 90303 0.08787
16 1 3 90089 0.09363
16 1 3 89805 0.09391
16 1 3 88059 0.0925
16 1 3 85681 0.08909
16 1 3 56900 0.06597
16 1 3 56834 0.06655
16 1 3 56694 0.06758
16 1 3 56607 0.06171
16 1 3 56452 0.06425
16 1 3 54518 0.0638
16 1 3 38296 0.04465
16 1 3 38286 0.04484
16 1 3 38257 0.04514
16 1 3 38203 0.04646
16 1 3 38022 0.04373
16 1 3 36638 0.04309
16 1 3 35644 0.04325
16 1 3 26682 0.02937
16 1 3 26672 0.03068
16 1 3 26654 0.03118
16 1 3 26636 0.02989
16 1 3 26631 0.02982
16 1 3 26091 0.02985
16 1 3 15601 0.01827
16 1 3 15595 0.01855
16 1 3 15589 0.01868
16 1 3 15585 0.01841
16 1 3 15557 0.01877
16 1 3 15294 0.01866
16 1 3 10266 0.01367
16 1 3 10261 0.01375
16 1 3 10259 0.01308
16 1 3 10258 0.01291
16 1 3 10255 0.01353
16 1 3 10006 0.01282
16 1 4 142834 0.1927
16 1 4 142653 0.191
16 1 4 142267 0.1908
16 1 4 138350 0.1819
16 1 4 137516 0.1823
16 1 4 136374 0.1801
16 1 4 116547 0.1164
16 1 4 116285 0.1103
16 1 4 115816 0.1088
16 1 4 114699 0.1112
16 1 4 114088 0.1131
16 1 4 112953 0.114
16 1 4 109771 0.1102
16 1 4 99048 0.1034
16 1 4 98634 0.1022
16 1 4 98534 0.09911
16 1 4 97908 0.09954
16 1 4 96606 0.09816
16 1 4 93402 0.09342
16 1 4 60472 0.06793
16 1 4 60357 0.06942
16 1 4 60188 0.07227
16 1 4 60043 0.07238
16 1 4 59276 0.07071
16 1 4 58008 0.06516
16 1 4 54087 0.06598
16 1 4 39933 0.04639
16 1 4 39883 0.04854
16 1 4 39593 0.0469
16 1 4 39331 0.04663
16 1 4 38238 0.04421
16 1 4 27559 0.03165
16 1 4 27523 0.02945
16 1 4 27514 0.03131
16 1 4 27474 0.02933
16 1 4 27438 0.03109
16 1 4 27105 0.03086
16 1 4 15917 0.01876
16 1 4 15902 0.01887
16 1 4 15892 0.01939
16 1 4 15871 0.01937
16 1 4 15849 0.01929
16 1 4 15841 0.0186
16 1 4 15621 0.01857
16 1 4 10399 0.01339
16 1 4 10393 0.01366
16 1 4 10392 0.0138
16 1 4 10387 0.01396
16 1 4 10377 0.01389
16 1 4 10272 0.01381
16 1 5 161020 0.1904
16 1 5 160515 0.1906
16 1 5 159486 0.1946
16 1 5 155791 0.1869
16 1 5 154905 0.1882
16 1 5 153209 0.1877
16 1 5 128090 0.1745
16 1 5 128090 0.1737
16 1 5 127527 0.1781
16 1 5 127269 0.1764
16 1 5 126542 0.1702
16 1 5 125086 0.1718
16 1 5 120883 0.1169
16 1 5 108522 0.1128
16 1 5 108073 0.1096
16 1 5 107826 0.1091
16 1 5 107175 0.1084
16 1 5 106230 0.1055
16 1 5 102216 0.1044
16 1 5 64276 0.07115
16 1 5 64212 0.07114
16 1 5 64057 0.07173
16 1 5 63808 0.07053
16 1 5 63683 0.07095
16 1 5 61646 0.07172
16 1 5 41891 0.04902
16 1 5 41794 0.04784
16 1 5 41701 0.04808
16 1 5 41597 0.04772
16 1 5 41320 0.04799
16 1 5 40058 0.0479
16 1 5 39920 0.0457
16 1 5 28414 0.03069
16 1 5 28389 0.03142
16 1 5 28358 0.03036
16 1 5 28305 0.03053
16 1 5 28057 0.03018
16 1 5 27384 0.03017
16 1 5 16208 0.01888
16 1 5 16190 0.0185
16 1 5 16174 0.01863
16 1 5 16147 0.0182
16 1 5 16114 0.01875
16 1 5 10538 0.01288
16 1 5 10531 0.01378
16 1 5 10526 0.01341
16 1 5 10523 0.01286
16 1 5 10518 0.01321
16 1 5 10509 0.01397
16 1 5 10399 0.01355
