2 0 1 100000 0.1413
2 0 1 100000 0.1094
2 0 1 100000 0.1047
2 0 1 100000 0.1024
2 0 1 100000 0.1043
2 0 1 100000 0.1021
2 0 1 100000 0.1051
2 0 1 100000 0.1028
2 0 1 100000 0.1049
2 0 1 100000 0.1087
2 0 1 100000 0.1047
2 0 1 100000 0.1037
2 0 1 100000 0.1046
2 0 1 100000 0.1028
2 0 1 100000 0.1047
2 0 1 100000 0.1052
2 0 1 100000 0.1051
2 0 1 100000 0.1311
2 0 1 100000 0.1293
2 0 1 100000 0.1323
2 0 1 100000 0.1316
2 0 1 100000 0.1324
2 0 1 100000 0.1302
2 0 1 100000 0.1316
2 0 1 100000 0.1308
2 0 1 100000 0.1293
2 0 1 100000 0.13
2 0 1 100000 0.1313
2 0 1 100000 0.1309
2 0 1 100000 0.1343
2 0 1 100000 0.1311
2 0 1 100000 0.1313
2 0 1 100000 0.1309
2 0 1 100000 0.1309
2 0 1 100000 0.07465
2 0 1 100000 0.07625
2 0 1 100000 0.07372
2 0 1 100000 0.07724
2 0 1 100000 0.07585
2 0 1 100000 0.07415
2 0 1 100000 0.07641
2 0 1 100000 0.07613
2 0 1 100000 0.07504
2 0 1 100000 0.07513
2 0 1 100000 0.07485
2 0 1 100000 0.0756
2 0 1 100000 0.07527
2 0 1 100000 0.07516
2 0 1 100000 0.0756
2 0 1 100000 0.07548
2 0 1 85000 0.09246
2 0 1 85000 0.09403
2 0 1 85000 0.09441
2 0 1 85000 0.09328
2 0 1 85000 0.09365
2 0 1 85000 0.09368
2 0 1 85000 0.09438
2 0 1 85000 0.09303
2 0 1 85000 0.09157
2 0 1 85000 0.09155
2 0 1 85000 0.09057
2 0 1 85000 0.08842
2 0 1 85000 0.09372
2 0 1 85000 0.09162
2 0 1 85000 0.09305
2 0 1 85000 0.09133
2 0 1 85000 0.09196
2 0 1 85000 0.1186
2 0 1 85000 0.1186
2 0 1 85000 0.1196
2 0 1 85000 0.1169
2 0 1 85000 0.1183
2 0 1 85000 0.1183
2 0 1 85000 0.1167
2 0 1 85000 0.1173
2 0 1 85000 0.1168
2 0 1 85000 0.1166
2 0 1 85000 0.1185
2 0 1 85000 0.1173
2 0 1 85000 0.1174
2 0 1 85000 0.1164
2 0 1 85000 0.118
2 0 1 85000 0.1163
2 0 1 85000 0.1161
2 0 1 85000 0.06577
2 0 1 85000 0.06535
2 0 1 85000 0.0679
2 0 1 85000 0.06678
2 0 1 85000 0.06632
2 0 1 85000 0.06847
2 0 1 85000 0.06846
2 0 1 85000 0.068
2 0 1 85000 0.06747
2 0 1 85000 0.06792
2 0 1 85000 0.06782
2 0 1 85000 0.06794
2 0 1 85000 0.06799
2 0 1 85000 0.06694
2 0 1 85000 0.06668
2 0 1 85000 0.06713
2 0 1 75000 0.08551
2 0 1 75000 0.08395
2 0 1 75000 0.08435
2 0 1 75000 0.0808
2 0 1 75000 0.08151
2 0 1 75000 0.08342
2 0 1 75000 0.08399
2 0 1 75000 0.08331
2 0 1 75000 0.08478
2 0 1 75000 0.08339
2 0 1 75000 0.08132
2 0 1 75000 0.08186
2 0 1 75000 0.0828
2 0 1 75000 0.08268
2 0 1 75000 0.08203
2 0 1 75000 0.08403
2 0 1 75000 0.08067
2 0 1 75000 0.109
2 0 1 75000 0.1091
2 0 1 75000 0.108
2 0 1 75000 0.1082
2 0 1 75000 0.1062
2 0 1 75000 0.1078
2 0 1 75000 0.1081
2 0 1 75000 0.108
2 0 1 75000 0.1087
2 0 1 75000 0.1067
2 0 1 75000 0.1075
2 0 1 75000 0.1072
2 0 1 75000 0.1081
2 0 1 75000 0.1064
2 0 1 75000 0.1074
2 0 1 75000 0.1072
2 0 1 75000 0.1085
2 0 1 75000 0.05688
2 0 1 75000 0.06771
2 0 1 75000 0.05715
2 0 1 75000 0.05681
2 0 1 75000 0.05627
2 0 1 75000 0.057
2 0 1 75000 0.05838
2 0 1 75000 0.05884
2 0 1 75000 0.05872
2 0 1 75000 0.05709
2 0 1 75000 0.05654
2 0 1 75000 0.05753
2 0 1 75000 0.05696
2 0 1 75000 0.05639
2 0 1 75000 0.05569
2 0 1 75000 0.05602
2 0 1 50000 0.05948
2 0 1 50000 0.06113
2 0 1 50000 0.05915
2 0 1 50000 0.05917
2 0 1 50000 0.06083
2 0 1 50000 0.05871
2 0 1 50000 0.05852
2 0 1 50000 0.05879
2 0 1 50000 0.05999
2 0 1 50000 0.06086
2 0 1 50000 0.05879
2 0 1 50000 0.06185
2 0 1 50000 0.05806
2 0 1 50000 0.05943
2 0 1 50000 0.06211
2 0 1 50000 0.06001
2 0 1 50000 0.05929
2 0 1 50000 0.08529
2 0 1 50000 0.08242
2 0 1 50000 0.08401
2 0 1 50000 0.08557
2 0 1 50000 0.08429
2 0 1 50000 0.08418
2 0 1 50000 0.08298
2 0 1 50000 0.08323
2 0 1 50000 0.08386
2 0 1 50000 0.08516
2 0 1 50000 0.08365
2 0 1 50000 0.08293
2 0 1 50000 0.08448
2 0 1 50000 0.08431
2 0 1 50000 0.08307
2 0 1 50000 0.08458
2 0 1 50000 0.0845
2 0 1 50000 0.03228
2 0 1 50000 0.03388
2 0 1 50000 0.03371
2 0 1 50000 0.0339
2 0 1 50000 0.03326
2 0 1 50000 0.03317
2 0 1 50000 0.03289
2 0 1 50000 0.03233
2 0 1 50000 0.03274
2 0 1 50000 0.03217
2 0 1 50000 0.03226
2 0 1 50000 0.03158
2 0 1 50000 0.03236
2 0 1 50000 0.03223
2 0 1 50000 0.03234
2 0 1 50000 0.03301
2 0 1 35000 0.04276
2 0 1 35000 0.04087
2 0 1 35000 0.04239
2 0 1 35000 0.04208
2 0 1 35000 0.04338
2 0 1 35000 0.04119
2 0 1 35000 0.04342
2 0 1 35000 0.04265
2 0 1 35000 0.04287
2 0 1 35000 0.04186
2 0 1 35000 0.0427
2 0 1 35000 0.04208
2 0 1 35000 0.04292
2 0 1 35000 0.04163
2 0 1 35000 0.04269
2 0 1 35000 0.0422
2 0 1 35000 0.04129
2 0 1 35000 0.06282
2 0 1 35000 0.06284
2 0 1 35000 0.06276
2 0 1 35000 0.06336
2 0 1 35000 0.06126
2 0 1 35000 0.06169
2 0 1 35000 0.06132
2 0 1 35000 0.06191
2 0 1 35000 0.06343
2 0 1 35000 0.06225
2 0 1 35000 0.06191
2 0 1 35000 0.061
2 0 1 35000 0.06218
2 0 1 35000 0.06176
2 0 1 35000 0.06246
2 0 1 35000 0.0615
2 0 1 35000 0.06285
2 0 1 35000 0.02195
2 0 1 35000 0.02205
2 0 1 35000 0.02211
2 0 1 35000 0.02197
2 0 1 35000 0.02209
2 0 1 35000 0.02114
2 0 1 35000 0.02059
2 0 1 35000 0.02112
2 0 1 35000 0.02149
2 0 1 35000 0.02173
2 0 1 35000 0.0218
2 0 1 35000 0.02181
2 0 1 35000 0.02163
2 0 1 35000 0.02142
2 0 1 35000 0.02056
2 0 1 35000 0.02119
2 0 1 25000 0.02957
2 0 1 25000 0.02787
2 0 1 25000 0.02778
2 0 1 25000 0.02889
2 0 1 25000 0.02965
2 0 1 25000 0.02931
2 0 1 25000 0.02765
2 0 1 25000 0.02763
2 0 1 25000 0.02731
2 0 1 25000 0.02584
2 0 1 25000 0.02911
2 0 1 25000 0.0282
2 0 1 25000 0.02847
2 0 1 25000 0.02791
2 0 1 25000 0.02839
2 0 1 25000 0.02869
2 0 1 25000 0.02728
2 0 1 25000 0.0472
2 0 1 25000 0.04613
2 0 1 25000 0.04647
2 0 1 25000 0.04674
2 0 1 25000 0.04601
2 0 1 25000 0.04637
2 0 1 25000 0.04686
2 0 1 25000 0.04671
2 0 1 25000 0.0474
2 0 1 25000 0.04638
2 0 1 25000 0.04689
2 0 1 25000 0.04625
2 0 1 25000 0.04699
2 0 1 25000 0.04623
2 0 1 25000 0.0463
2 0 1 25000 0.04683
2 0 1 25000 0.0455
2 0 1 25000 0.01
2 0 1 25000 0.009828
2 0 1 25000 0.009809
2 0 1 25000 0.009837
2 0 1 25000 0.009777
2 0 1 25000 0.00988
2 0 1 25000 0.009834
2 0 1 25000 0.009906
2 0 1 25000 0.009896
2 0 1 25000 0.009856
2 0 1 25000 0.009891
2 0 1 25000 0.009848
2 0 1 25000 0.00985
2 0 1 25000 0.009831
2 0 1 25000 0.00979
2 0 1 25000 0.01001
2 0 1 15000 0.01749
2 0 1 15000 0.017
2 0 1 15000 0.01711
2 0 1 15000 0.01734
2 0 1 15000 0.01771
2 0 1 15000 0.01765
2 0 1 15000 0.01805
2 0 1 15000 0.01786
2 0 1 15000 0.01772
2 0 1 15000 0.01709
2 0 1 15000 0.01731
2 0 1 15000 0.01766
2 0 1 15000 0.01731
2 0 1 15000 0.01775
2 0 1 15000 0.01651
2 0 1 15000 0.01749
2 0 1 15000 0.01662
2 0 1 15000 0.02796
2 0 1 15000 0.02826
2 0 1 15000 0.02775
2 0 1 15000 0.02828
2 0 1 15000 0.02817
2 0 1 15000 0.0278
2 0 1 15000 0.02836
2 0 1 15000 0.02786
2 0 1 15000 0.02775
2 0 1 15000 0.02754
2 0 1 15000 0.0285
2 0 1 15000 0.02789
2 0 1 15000 0.02797
2 0 1 15000 0.02801
2 0 1 15000 0.02795
2 0 1 15000 0.02784
2 0 1 15000 0.02793
2 0 1 15000 0.00659
2 0 1 15000 0.006524
2 0 1 15000 0.006426
2 0 1 15000 0.006497
2 0 1 15000 0.006564
2 0 1 15000 0.006621
2 0 1 15000 0.006609
2 0 1 15000 0.006538
2 0 1 15000 0.00654
2 0 1 15000 0.006411
2 0 1 15000 0.006558
2 0 1 15000 0.00654
2 0 1 15000 0.00633
2 0 1 15000 0.006392
2 0 1 15000 0.006612
2 0 1 15000 0.006575
2 0 1 10000 0.01252
2 0 1 10000 0.0124
2 0 1 10000 0.01276
2 0 1 10000 0.01217
2 0 1 10000 0.01236
2 0 1 10000 0.01253
2 0 1 10000 0.01273
2 0 1 10000 0.01291
2 0 1 10000 0.01219
2 0 1 10000 0.01293
2 0 1 10000 0.01196
2 0 1 10000 0.0125
2 0 1 10000 0.01316
2 0 1 10000 0.0128
2 0 1 10000 0.01239
2 0 1 10000 0.01297
2 0 1 10000 0.01244
2 0 1 10000 0.01945
2 0 1 10000 0.01967
2 0 1 10000 0.01926
2 0 1 10000 0.0195
2 0 1 10000 0.01921
2 0 1 10000 0.01924
2 0 1 10000 0.01937
2 0 1 10000 0.01954
2 0 1 10000 0.01957
2 0 1 10000 0.01905
2 0 1 10000 0.01941
2 0 1 10000 0.01949
2 0 1 10000 0.0191
2 0 1 10000 0.01964
2 0 1 10000 0.01944
2 0 1 10000 0.01961
2 0 1 10000 0.01935
2 0 1 10000 0.005157
2 0 1 10000 0.005049
2 0 1 10000 0.005147
2 0 1 10000 0.005156
2 0 1 10000 0.00514
2 0 1 10000 0.005179
2 0 1 10000 0.005097
2 0 1 10000 0.005146
2 0 1 10000 0.005222
2 0 1 10000 0.005208
2 0 1 10000 0.005067
2 0 1 10000 0.005234
2 0 1 10000 0.005075
2 0 1 10000 0.005143
2 0 1 10000 0.0052
2 0 1 10000 0.005062
2 0 2 113556 0.1443
2 0 2 113442 0.1145
2 0 2 113340 0.1146
2 0 2 113106 0.1142
2 0 2 113048 0.1152
2 0 2 113046 0.1162
2 0 2 113044 0.1146
2 0 2 112915 0.1176
2 0 2 112875 0.1173
2 0 2 112868 0.1158
2 0 2 112662 0.1172
2 0 2 112662 0.1178
2 0 2 112429 0.1161
2 0 2 112163 0.1175
2 0 2 112074 0.1156
2 0 2 112018 0.1441
2 0 2 110213 0.1413
2 0 2 110213 0.1423
2 0 2 107940 0.1391
2 0 2 107524 0.1126
2 0 2 106802 0.1398
2 0 2 105191 0.1372
2 0 2 105124 0.1376
2 0 2 102981 0.1349
2 0 2 102315 0.1331
2 0 2 102209 0.1349
2 0 2 100000 0.0771
2 0 2 100000 0.0794
2 0 2 100000 0.0794
2 0 2 100000 0.07951
2 0 2 100000 0.07918
2 0 2 100000 0.07992
2 0 2 100000 0.07963
2 0 2 100000 0.07951
2 0 2 100000 0.07932
2 0 2 100000 0.07928
2 0 2 100000 0.08016
2 0 2 100000 0.07937
2 0 2 100000 0.0797
2 0 2 100000 0.07961
2 0 2 100000 0.07899
2 0 2 100000 0.07899
2 0 2 100000 0.07666
2 0 2 99342 0.1321
2 0 2 98499 0.1301
2 0 2 97139 0.1274
2 0 2 96734 0.1285
2 0 2 94670 0.1021
2 0 2 94667 0.102
2 0 2 94571 0.1023
2 0 2 94546 0.09974
2 0 2 94514 0.09993
2 0 2 94462 0.1016
2 0 2 94455 0.1031
2 0 2 94408 0.09964
2 0 2 94394 0.1065
2 0 2 94300 0.1106
2 0 2 94283 0.09698
2 0 2 94233 0.1004
2 0 2 94142 0.1015
2 0 2 94036 0.09982
2 0 2 93925 0.1004
2 0 2 93849 0.0986
2 0 2 93406 0.1231
2 0 2 92533 0.1225
2 0 2 92466 0.1248
2 0 2 92351 0.1197
2 0 2 91606 0.1234
2 0 2 91108 0.1231
2 0 2 89378 0.1214
2 0 2 89306 0.1232
2 0 2 88449 0.1216
2 0 2 87711 0.0892
2 0 2 86743 0.1184
2 0 2 86254 0.1183
2 0 2 85226 0.1177
2 0 2 85180 0.1181
2 0 2 85000 0.06867
2 0 2 85000 0.06783
2 0 2 85000 0.06769
2 0 2 85000 0.06779
2 0 2 85000 0.06778
2 0 2 85000 0.06844
2 0 2 85000 0.06819
2 0 2 85000 0.068
2 0 2 85000 0.06863
2 0 2 85000 0.06765
2 0 2 85000 0.06776
2 0 2 85000 0.06796
2 0 2 85000 0.06809
2 0 2 85000 0.06777
2 0 2 85000 0.06738
2 0 2 85000 0.06479
2 0 2 84582 0.1166
2 0 2 84245 0.1174
2 0 2 83979 0.116
2 0 2 82551 0.1151
2 0 2 82497 0.08988
2 0 2 82464 0.0906
2 0 2 82461 0.09109
2 0 2 82446 0.09088
2 0 2 82441 0.093
2 0 2 82422 0.08947
2 0 2 82419 0.09111
2 0 2 82362 0.09223
2 0 2 82305 0.09172
2 0 2 82299 0.1142
2 0 2 82288 0.0919
2 0 2 82238 0.08903
2 0 2 82222 0.09261
2 0 2 82173 0.09163
2 0 2 82095 0.0888
2 0 2 81972 0.1152
2 0 2 81923 0.09218
2 0 2 81417 0.08952
2 0 2 80867 0.1131
2 0 2 80631 0.1146
2 0 2 80523 0.1134
2 0 2 79532 0.1153
2 0 2 79026 0.1126
2 0 2 78946 0.1117
2 0 2 78274 0.1113
2 0 2 77897 0.1111
2 0 2 77480 0.1115
2 0 2 77039 0.1088
2 0 2 76923 0.11
2 0 2 75796 0.1114
2 0 2 75015 0.1093
2 0 2 75000 0.05584
2 0 2 75000 0.05432
2 0 2 75000 0.05663
2 0 2 75000 0.055
2 0 2 75000 0.05569
2 0 2 75000 0.05696
2 0 2 75000 0.05716
2 0 2 75000 0.05665
2 0 2 75000 0.05721
2 0 2 75000 0.06769
2 0 2 75000 0.057
2 0 2 75000 0.05744
2 0 2 75000 0.05839
2 0 2 75000 0.05756
2 0 2 75000 0.05666
2 0 2 75000 0.05501
2 0 2 75000 0.05563
2 0 2 74659 0.1088
2 0 2 74550 0.1072
2 0 2 72533 0.1074
2 0 2 68943 0.1037
2 0 2 67478 0.1018
2 0 2 53378 0.06317
2 0 2 53372 0.06429
2 0 2 53371 0.06352
2 0 2 53347 0.06316
2 0 2 53346 0.06509
2 0 2 53326 0.06301
2 0 2 53316 0.06306
2 0 2 53301 0.06419
2 0 2 53293 0.06286
2 0 2 53265 0.06395
2 0 2 53264 0.06211
2 0 2 53244 0.06069
2 0 2 53231 0.06425
2 0 2 53200 0.06195
2 0 2 53192 0.06184
2 0 2 53170 0.06367
2 0 2 53110 0.06359
2 0 2 52755 0.08855
2 0 2 52569 0.08747
2 0 2 52280 0.08849
2 0 2 52020 0.08708
2 0 2 51371 0.06133
2 0 2 51311 0.08439
2 0 2 51081 0.0846
2 0 2 50818 0.08379
2 0 2 50818 0.08392
2 0 2 50195 0.08576
2 0 2 50195 0.08521
2 0 2 50000 0.03428
2 0 2 50000 0.03419
2 0 2 50000 0.03426
2 0 2 50000 0.03424
2 0 2 50000 0.03408
2 0 2 50000 0.03388
2 0 2 50000 0.03376
2 0 2 50000 0.03391
2 0 2 50000 0.03431
2 0 2 50000 0.03393
2 0 2 50000 0.03214
2 0 2 50000 0.03264
2 0 2 50000 0.03238
2 0 2 50000 0.03236
2 0 2 50000 0.0322
2 0 2 50000 0.03271
2 0 2 50000 0.0322
2 0 2 49995 0.08494
2 0 2 49208 0.08262
2 0 2 49208 0.08257
2 0 2 46785 0.07941
2 0 2 46641 0.07882
2 0 2 36662 0.04415
2 0 2 36662 0.0637
2 0 2 36662 0.06298
2 0 2 36662 0.06389
2 0 2 36647 0.0428
2 0 2 36646 0.04355
2 0 2 36617 0.04276
2 0 2 36617 0.04296
2 0 2 36613 0.04354
2 0 2 36603 0.04295
2 0 2 36602 0.04435
2 0 2 36599 0.04289
2 0 2 36580 0.0432
2 0 2 36580 0.04342
2 0 2 36569 0.04456
2 0 2 36568 0.04345
2 0 2 36545 0.06312
2 0 2 36525 0.04249
2 0 2 36312 0.06162
2 0 2 36312 0.06187
2 0 2 36166 0.06325
2 0 2 36050 0.06348
2 0 2 35868 0.06319
2 0 2 35380 0.06503
2 0 2 35262 0.07106
2 0 2 35087 0.04963
2 0 2 35087 0.07081
2 0 2 35000 0.03067
2 0 2 35000 0.03131
2 0 2 35000 0.03126
2 0 2 35000 0.02938
2 0 2 35000 0.03157
2 0 2 35000 0.02947
2 0 2 35000 0.03159
2 0 2 35000 0.03178
2 0 2 35000 0.03045
2 0 2 35000 0.03178
2 0 2 35000 0.03042
2 0 2 35000 0.02664
2 0 2 35000 0.02048
2 0 2 35000 0.0205
2 0 2 35000 0.02075
2 0 2 35000 0.02083
2 0 2 35000 0.02069
2 0 2 34918 0.06075
2 0 2 34698 0.06079
2 0 2 34541 0.06086
2 0 2 34387 0.05997
2 0 2 34300 0.05981
2 0 2 33687 0.05843
2 0 2 25848 0.04605
2 0 2 25845 0.04662
2 0 2 25842 0.02916
2 0 2 25837 0.02929
2 0 2 25836 0.03013
2 0 2 25833 0.02925
2 0 2 25829 0.02899
2 0 2 25826 0.02786
2 0 2 25825 0.02934
2 0 2 25820 0.02963
2 0 2 25820 0.02949
2 0 2 25817 0.02804
2 0 2 25816 0.02852
2 0 2 25815 0.04658
2 0 2 25808 0.02923
2 0 2 25803 0.02884
2 0 2 25791 0.02703
2 0 2 25772 0.02882
2 0 2 25724 0.02839
2 0 2 25714 0.04715
2 0 2 25707 0.04631
2 0 2 25672 0.02814
2 0 2 25474 0.04669
2 0 2 25403 0.04727
2 0 2 25222 0.04689
2 0 2 25000 0.01
2 0 2 25000 0.009847
2 0 2 25000 0.009675
2 0 2 25000 0.009596
2 0 2 25000 0.009838
2 0 2 25000 0.009888
2 0 2 25000 0.01008
2 0 2 25000 0.009834
2 0 2 25000 0.009838
2 0 2 25000 0.009901
2 0 2 25000 0.009762
2 0 2 25000 0.009619
2 0 2 25000 0.009862
2 0 2 25000 0.009953
2 0 2 25000 0.00964
2 0 2 25000 0.009772
2 0 2 25000 0.009863
2 0 2 24953 0.04669
2 0 2 24951 0.04644
2 0 2 24700 0.04728
2 0 2 24513 0.0469
2 0 2 24421 0.04538
2 0 2 24392 0.04646
2 0 2 24277 0.0463
2 0 2 24133 0.04519
2 0 2 15304 0.0186
2 0 2 15303 0.01791
2 0 2 15302 0.01822
2 0 2 15301 0.01776
2 0 2 15300 0.01805
2 0 2 15299 0.01754
2 0 2 15299 0.01774
2 0 2 15298 0.01749
2 0 2 15298 0.01787
2 0 2 15298 0.01793
2 0 2 15297 0.01836
2 0 2 15295 0.02897
2 0 2 15291 0.01897
2 0 2 15291 0.01919
2 0 2 15288 0.0287
2 0 2 15286 0.01837
2 0 2 15283 0.01724
2 0 2 15281 0.01797
2 0 2 15267 0.02861
2 0 2 15263 0.01812
2 0 2 15232 0.02894
2 0 2 15115 0.02864
2 0 2 15105 0.02853
2 0 2 15053 0.02824
2 0 2 15044 0.02843
2 0 2 15043 0.02755
2 0 2 15021 0.02859
2 0 2 15000 0.006431
2 0 2 15000 0.006419
2 0 2 15000 0.006491
2 0 2 15000 0.006552
2 0 2 15000 0.006399
2 0 2 15000 0.006563
2 0 2 15000 0.006608
2 0 2 15000 0.00635
2 0 2 15000 0.006494
2 0 2 15000 0.006503
2 0 2 15000 0.006584
2 0 2 15000 0.006606
2 0 2 15000 0.006491
2 0 2 15000 0.006543
2 0 2 15000 0.006498
2 0 2 15000 0.006619
2 0 2 15000 0.006423
2 0 2 14992 0.02859
2 0 2 14960 0.02883
2 0 2 14926 0.02805
2 0 2 14792 0.02792
2 0 2 14784 0.02758
2 0 2 14681 0.02775
2 0 2 10135 0.01216
2 0 2 10134 0.01268
2 0 2 10134 0.01305
2 0 2 10134 0.01257
2 0 2 10133 0.01232
2 0 2 10133 0.01284
2 0 2 10133 0.01972
2 0 2 10132 0.01291
2 0 2 10132 0.01225
2 0 2 10132 0.01279
2 0 2 10131 0.01212
2 0 2 10131 0.01215
2 0 2 10130 0.01228
2 0 2 10130 0.01971
2 0 2 10128 0.01243
2 0 2 10128 0.01241
2 0 2 10127 0.0124
2 0 2 10126 0.01256
2 0 2 10118 0.01956
2 0 2 10104 0.01953
2 0 2 10099 0.01953
2 0 2 10096 0.01994
2 0 2 10068 0.01945
2 0 2 10044 0.01213
2 0 2 10032 0.01921
2 0 2 10014 0.0193
2 0 2 10011 0.01924
2 0 2 10005 0.01925
2 0 2 10000 0.005114
2 0 2 10000 0.005046
2 0 2 10000 0.005137
2 0 2 10000 0.005111
2 0 2 10000 0.005137
2 0 2 10000 0.005026
2 0 2 10000 0.005004
2 0 2 10000 0.005054
2 0 2 10000 0.005176
2 0 2 10000 0.005111
2 0 2 10000 0.005144
2 0 2 10000 0.005055
2 0 2 10000 0.005192
2 0 2 10000 0.005157
2 0 2 10000 0.005167
2 0 2 10000 0.005205
2 0 2 10000 0.005215
2 0 2 9986 0.0194
2 0 2 9977 0.01931
2 0 2 9914 0.01926
2 0 2 9872 0.01907
2 0 2 9872 0.01906
2 0 3 128184 0.1853
2 0 3 127690 0.1859
2 0 3 127686 0.1833
2 0 3 127596 0.1922
2 0 3 127347 0.1826
2 0 3 127347 0.1822
2 0 3 127046 0.1921
2 0 3 126807 0.1895
2 0 3 126545 0.1842
2 0 3 126346 0.1804
2 0 3 126212 0.1801
2 0 3 125023 0.1726
2 0 3 124366 0.1845
2 0 3 123860 0.1845
2 0 3 122733 0.1243
2 0 3 121711 0.1505
2 0 3 118811 0.1221
2 0 3 117424 0.1198
2 0 3 116221 0.1462
2 0 3 113547 0.1436
2 0 3 113349 0.1453
2 0 3 108675 0.1398
2 0 3 107070 0.139
2 0 3 105947 0.1367
2 0 3 105858 0.1383
2 0 3 105092 0.1093
2 0 3 105026 0.1104
2 0 3 104952 0.1087
2 0 3 104948 0.1099
2 0 3 104845 0.1166
2 0 3 104754 0.1093
2 0 3 104634 0.1092
2 0 3 104576 0.1086
2 0 3 104565 0.1103
2 0 3 104449 0.1098
2 0 3 104441 0.1104
2 0 3 104286 0.109
2 0 3 104021 0.1077
2 0 3 103881 0.1096
2 0 3 103836 0.1098
2 0 3 103719 0.1361
2 0 3 102049 0.1342
2 0 3 102040 0.1073
2 0 3 101218 0.1328
2 0 3 100069 0.132
2 0 3 100069 0.1321
2 0 3 100000 0.07748
2 0 3 100000 0.07811
2 0 3 100000 0.07851
2 0 3 100000 0.07815
2 0 3 100000 0.07722
2 0 3 100000 0.07767
2 0 3 100000 0.07701
2 0 3 100000 0.07704
2 0 3 100000 0.07675
2 0 3 100000 0.07678
2 0 3 100000 0.07667
2 0 3 100000 0.07635
2 0 3 100000 0.07535
2 0 3 100000 0.07501
2 0 3 100000 0.07634
2 0 3 100000 0.07668
2 0 3 99300 0.1305
2 0 3 98735 0.128
2 0 3 98189 0.1307
2 0 3 97398 0.1294
2 0 3 97291 0.1015
2 0 3 93397 0.1249
2 0 3 93384 0.1237
2 0 3 90749 0.1223
2 0 3 90693 0.09594
2 0 3 90650 0.09709
2 0 3 90631 0.09553
2 0 3 90602 0.09673
2 0 3 90450 0.09667
2 0 3 90416 0.09618
2 0 3 90395 0.09675
2 0 3 90362 0.09723
2 0 3 90351 0.09494
2 0 3 90342 0.09806
2 0 3 90296 0.09543
2 0 3 90220 0.09599
2 0 3 90209 0.0952
2 0 3 90111 0.09108
2 0 3 90016 0.1219
2 0 3 89903 0.09488
2 0 3 89651 0.1206
2 0 3 89286 0.09688
2 0 3 88281 0.1191
2 0 3 88113 0.1199
2 0 3 87203 0.1191
2 0 3 87148 0.1192
2 0 3 86898 0.1196
2 0 3 86727 0.1184
2 0 3 85435 0.1163
2 0 3 85360 0.1171
2 0 3 85284 0.1181
2 0 3 85000 0.06628
2 0 3 85000 0.0663
2 0 3 85000 0.06629
2 0 3 85000 0.06693
2 0 3 85000 0.06689
2 0 3 85000 0.06689
2 0 3 85000 0.06716
2 0 3 85000 0.0673
2 0 3 85000 0.06691
2 0 3 85000 0.06761
2 0 3 85000 0.06728
2 0 3 85000 0.06715
2 0 3 85000 0.06731
2 0 3 85000 0.06605
2 0 3 85000 0.06605
2 0 3 85000 0.06434
2 0 3 85000 0.06668
2 0 3 84650 0.1171
2 0 3 84597 0.1163
2 0 3 83448 0.1148
2 0 3 83448 0.1141
2 0 3 82118 0.115
2 0 3 81969 0.1137
2 0 3 81264 0.1138
2 0 3 81263 0.1136
2 0 3 79659 0.111
2 0 3 78934 0.1117
2 0 3 78780 0.1114
2 0 3 78510 0.1119
2 0 3 77868 0.1118
2 0 3 77335 0.1103
2 0 3 77263 0.1098
2 0 3 76184 0.1109
2 0 3 75000 0.05686
2 0 3 75000 0.05619
2 0 3 75000 0.05582
2 0 3 75000 0.05677
2 0 3 75000 0.05743
2 0 3 75000 0.05736
2 0 3 75000 0.05882
2 0 3 75000 0.05866
2 0 3 75000 0.059
2 0 3 75000 0.05841
2 0 3 75000 0.05883
2 0 3 75000 0.05817
2 0 3 75000 0.05805
2 0 3 75000 0.05746
2 0 3 75000 0.08367
2 0 3 75000 0.08395
2 0 3 75000 0.08369
2 0 3 71520 0.1247
2 0 3 70101 0.1042
2 0 3 69651 0.1025
2 0 3 56868 0.06825
2 0 3 56851 0.06874
2 0 3 56849 0.06687
2 0 3 56832 0.06805
2 0 3 56784 0.06776
2 0 3 56776 0.0654
2 0 3 56762 0.06708
2 0 3 56710 0.06562
2 0 3 56710 0.06564
2 0 3 56671 0.06595
2 0 3 56663 0.06729
2 0 3 56616 0.0657
2 0 3 56568 0.06604
2 0 3 56509 0.06723
2 0 3 56363 0.06669
2 0 3 55879 0.09067
2 0 3 55521 0.0648
2 0 3 55476 0.09128
2 0 3 54708 0.06557
2 0 3 54376 0.08957
2 0 3 53818 0.08811
2 0 3 53818 0.08815
2 0 3 52802 0.08759
2 0 3 52738 0.08744
2 0 3 52339 0.08711
2 0 3 51733 0.08601
2 0 3 51670 0.08629
2 0 3 50807 0.08548
2 0 3 50624 0.08339
2 0 3 50180 0.08487
2 0 3 50000 0.03339
2 0 3 50000 0.03311
2 0 3 50000 0.03306
2 0 3 50000 0.03294
2 0 3 50000 0.03352
2 0 3 50000 0.03334
2 0 3 50000 0.03335
2 0 3 50000 0.03246
2 0 3 50000 0.03217
2 0 3 50000 0.03195
2 0 3 50000 0.03234
2 0 3 50000 0.03211
2 0 3 50000 0.03184
2 0 3 50000 0.03216
2 0 3 50000 0.03181
2 0 3 50000 0.03206
2 0 3 49392 0.08245
2 0 3 49392 0.08333
2 0 3 48524 0.0808
2 0 3 44421 0.07537
2 0 3 38403 0.06582
2 0 3 38330 0.04656
2 0 3 38320 0.04499
2 0 3 38310 0.04499
2 0 3 38307 0.04549
2 0 3 38291 0.04507
2 0 3 38283 0.0463
2 0 3 38271 0.0431
2 0 3 38267 0.04399
2 0 3 38225 0.04416
2 0 3 38217 0.04534
2 0 3 38201 0.04462
2 0 3 38168 0.04589
2 0 3 38122 0.04389
2 0 3 38093 0.06455
2 0 3 37287 0.04395
2 0 3 36777 0.04318
2 0 3 36686 0.04451
2 0 3 36622 0.04365
2 0 3 36614 0.06447
2 0 3 36578 0.06307
2 0 3 36577 0.06335
2 0 3 36186 0.06292
2 0 3 36136 0.06446
2 0 3 36102 0.06367
2 0 3 35519 0.06204
2 0 3 35261 0.06326
2 0 3 35248 0.06193
2 0 3 35000 0.02224
2 0 3 35000 0.02186
2 0 3 35000 0.0218
2 0 3 35000 0.02175
2 0 3 35000 0.0209
2 0 3 35000 0.0208
2 0 3 35000 0.02106
2 0 3 35000 0.02085
2 0 3 35000 0.02102
2 0 3 35000 0.02078
2 0 3 35000 0.02118
2 0 3 35000 0.02097
2 0 3 35000 0.02094
2 0 3 35000 0.02088
2 0 3 35000 0.02097
2 0 3 35000 0.02052
2 0 3 35000 0.02075
2 0 3 34937 0.06108
2 0 3 34547 0.06055
2 0 3 34513 0.06062
2 0 3 33743 0.05907
2 0 3 33104 0.05848
2 0 3 26726 0.04778
2 0 3 26691 0.02923
2 0 3 26683 0.02975
2 0 3 26678 0.03004
2 0 3 26671 0.02922
2 0 3 26669 0.02983
2 0 3 26669 0.02984
2 0 3 26667 0.02968
2 0 3 26663 0.02951
2 0 3 26645 0.02897
2 0 3 26633 0.03034
2 0 3 26627 0.03006
2 0 3 26624 0.02944
2 0 3 26615 0.02813
2 0 3 26601 0.02953
2 0 3 26567 0.02986
2 0 3 26545 0.0305
2 0 3 26376 0.04771
2 0 3 26347 0.04796
2 0 3 26038 0.04776
2 0 3 25923 0.04771
2 0 3 25876 0.04783
2 0 3 25611 0.04706
2 0 3 25348 0.04676
2 0 3 25186 0.04551
2 0 3 25117 0.04725
2 0 3 25045 0.04636
2 0 3 25040 0.0466
2 0 3 25000 0.01018
2 0 3 25000 0.009766
2 0 3 25000 0.00998
2 0 3 25000 0.009847
2 0 3 25000 0.009955
2 0 3 25000 0.009971
2 0 3 25000 0.009851
2 0 3 25000 0.009875
2 0 3 25000 0.009939
2 0 3 25000 0.009868
2 0 3 25000 0.009853
2 0 3 25000 0.009825
2 0 3 25000 0.01006
2 0 3 25000 0.009877
2 0 3 25000 0.00975
2 0 3 25000 0.00963
2 0 3 25000 0.009917
2 0 3 24961 0.04647
2 0 3 24427 0.04665
2 0 3 24241 0.04559
2 0 3 24195 0.04577
2 0 3 23300 0.04168
2 0 3 15609 0.01873
2 0 3 15608 0.01884
2 0 3 15605 0.01878
2 0 3 15602 0.01887
2 0 3 15602 0.01881
2 0 3 15601 0.01846
2 0 3 15601 0.01911
2 0 3 15598 0.01832
2 0 3 15597 0.01786
2 0 3 15596 0.01828
2 0 3 15593 0.01895
2 0 3 15592 0.01855
2 0 3 15587 0.01825
2 0 3 15586 0.03057
2 0 3 15586 0.03048
2 0 3 15581 0.03042
2 0 3 15580 0.01801
2 0 3 15523 0.03022
2 0 3 15497 0.01861
2 0 3 15361 0.02988
2 0 3 15337 0.02836
2 0 3 15327 0.02867
2 0 3 15322 0.02944
2 0 3 15295 0.0285
2 0 3 15270 0.01837
2 0 3 15264 0.0289
2 0 3 15208 0.02843
2 0 3 15180 0.02849
2 0 3 15082 0.02908
2 0 3 15082 0.02926
2 0 3 15000 0.006643
2 0 3 15000 0.006425
2 0 3 15000 0.006548
2 0 3 15000 0.006487
2 0 3 15000 0.006569
2 0 3 15000 0.006523
2 0 3 15000 0.006591
2 0 3 15000 0.00652
2 0 3 15000 0.006647
2 0 3 15000 0.006418
2 0 3 15000 0.006556
2 0 3 15000 0.006438
2 0 3 15000 0.006569
2 0 3 15000 0.006541
2 0 3 15000 0.006538
2 0 3 15000 0.006332
2 0 3 15000 0.006457
2 0 3 14978 0.02868
2 0 3 14787 0.02835
2 0 3 14787 0.02827
2 0 3 10270 0.01348
2 0 3 10268 0.0136
2 0 3 10267 0.01347
2 0 3 10266 0.01383
2 0 3 10266 0.01351
2 0 3 10265 0.01332
2 0 3 10265 0.01328
2 0 3 10264 0.01364
2 0 3 10262 0.01382
2 0 3 10262 0.01377
2 0 3 10260 0.01329
2 0 3 10259 0.01331
2 0 3 10257 0.0139
2 0 3 10256 0.01323
2 0 3 10249 0.02117
2 0 3 10232 0.01308
2 0 3 10204 0.02001
2 0 3 10179 0.02005
2 0 3 10178 0.02016
2 0 3 10162 0.02112
2 0 3 10120 0.02144
2 0 3 10120 0.02115
2 0 3 10087 0.02064
2 0 3 10087 0.02059
2 0 3 10081 0.02116
2 0 3 10078 0.02111
2 0 3 10076 0.02082
2 0 3 10038 0.02072
2 0 3 10033 0.02097
2 0 3 10014 0.02044
2 0 3 10004 0.02056
2 0 3 10000 0.00647
2 0 3 10000 0.006396
2 0 3 10000 0.006572
2 0 3 10000 0.006537
2 0 3 10000 0.006288
2 0 3 10000 0.006368
2 0 3 10000 0.006271
2 0 3 10000 0.006263
2 0 3 10000 0.006441
2 0 3 10000 0.006365
2 0 3 10000 0.006469
2 0 3 10000 0.006526
2 0 3 10000 0.006258
2 0 3 10000 0.006421
2 0 3 10000 0.006351
2 0 3 10000 0.006487
2 0 3 10000 0.006417
2 0 3 9803 0.02013
2 0 3 9803 0.02025
2 0 4 144752 0.2613
2 0 4 144325 0.2608
2 0 4 144229 0.2531
2 0 4 143808 0.2604
2 0 4 143409 0.2571
2 0 4 143409 0.2603
2 0 4 142987 0.2478
2 0 4 142978 0.2585
2 0 4 142859 0.2525
2 0 4 142583 0.2569
2 0 4 142209 0.2513
2 0 4 140973 0.2703
2 0 4 140690 0.2751
2 0 4 139636 0.2733
2 0 4 138385 0.2443
2 0 4 134541 0.2683
2 0 4 132560 0.2679
2 0 4 131620 0.3469
2 0 4 120210 0.2263
2 0 4 117403 0.1656
2 0 4 117005 0.1262
2 0 4 116620 0.1253
2 0 4 116471 0.1246
2 0 4 116404 0.1249
2 0 4 116325 0.1207
2 0 4 116201 0.1217
2 0 4 115832 0.1199
2 0 4 115820 0.153
2 0 4 115764 0.1191
2 0 4 115719 0.1226
2 0 4 115665 0.119
2 0 4 115167 0.1447
2 0 4 115123 0.1227
2 0 4 114585 0.1502
2 0 4 114126 0.1501
2 0 4 113427 0.122
2 0 4 113121 0.1225
2 0 4 112942 0.1507
2 0 4 112593 0.1516
2 0 4 112409 0.1567
2 0 4 111162 0.1551
2 0 4 111162 0.1553
2 0 4 108251 0.1193
2 0 4 108251 0.1245
2 0 4 104145 0.1458
2 0 4 104125 0.1423
2 0 4 101763 0.1389
2 0 4 101020 0.1462
2 0 4 100000 0.08349
2 0 4 100000 0.07841
2 0 4 100000 0.07949
2 0 4 100000 0.07968
2 0 4 100000 0.0855
2 0 4 100000 0.08687
2 0 4 100000 0.08587
2 0 4 100000 0.08501
2 0 4 100000 0.07888
2 0 4 100000 0.07772
2 0 4 100000 0.08031
2 0 4 100000 0.08514
2 0 4 100000 0.08501
2 0 4 100000 0.08395
2 0 4 100000 0.08019
2 0 4 100000 0.07925
2 0 4 100000 0.07917
2 0 4 99703 0.135
2 0 4 99640 0.1066
2 0 4 99421 0.1073
2 0 4 99397 0.1096
2 0 4 99288 0.1055
2 0 4 99252 0.1076
2 0 4 99225 0.1074
2 0 4 99180 0.1077
2 0 4 99139 0.1084
2 0 4 99099 0.1081
2 0 4 99099 0.1073
2 0 4 98853 0.1066
2 0 4 98828 0.1075
2 0 4 98784 0.1081
2 0 4 98742 0.1076
2 0 4 98120 0.132
2 0 4 97546 0.1342
2 0 4 96674 0.1056
2 0 4 95618 0.1064
2 0 4 94158 0.1338
2 0 4 94158 0.1326
2 0 4 92019 0.1282
2 0 4 91739 0.1319
2 0 4 91425 0.136
2 0 4 91352 0.136
2 0 4 88622 0.1348
2 0 4 88544 0.1332
2 0 4 87960 0.1274
2 0 4 87049 0.1287
2 0 4 86577 0.1268
2 0 4 86256 0.1266
2 0 4 85790 0.1232
2 0 4 85555 0.1495
2 0 4 85000 0.08699
2 0 4 85000 0.07109
2 0 4 85000 0.06623
2 0 4 85000 0.06967
2 0 4 85000 0.0708
2 0 4 85000 0.06806
2 0 4 85000 0.06838
2 0 4 85000 0.0718
2 0 4 85000 0.06977
2 0 4 85000 0.07195
2 0 4 85000 0.07357
2 0 4 85000 0.07384
2 0 4 85000 0.07532
2 0 4 85000 0.07458
2 0 4 85000 0.07339
2 0 4 85000 0.07528
2 0 4 84473 0.1254
2 0 4 83756 0.1252
2 0 4 83742 0.1235
2 0 4 83403 0.1256
2 0 4 82733 0.1207
2 0 4 82733 0.1215
2 0 4 80813 0.1208
2 0 4 80813 0.1197
2 0 4 80262 0.1186
2 0 4 79845 0.1214
2 0 4 79570 0.117
2 0 4 78682 0.1189
2 0 4 78628 0.1195
2 0 4 76002 0.1148
2 0 4 75000 0.05808
2 0 4 75000 0.05867
2 0 4 75000 0.0613
2 0 4 75000 0.06093
2 0 4 75000 0.06164
2 0 4 75000 0.06014
2 0 4 75000 0.05871
2 0 4 75000 0.0569
2 0 4 75000 0.05662
2 0 4 75000 0.05883
2 0 4 75000 0.0605
2 0 4 75000 0.05755
2 0 4 75000 0.05593
2 0 4 75000 0.05841
2 0 4 75000 0.06
2 0 4 75000 0.05699
2 0 4 75000 0.05616
2 0 4 74386 0.1139
2 0 4 74036 0.1127
2 0 4 70707 0.1102
2 0 4 69786 0.1094
2 0 4 67338 0.1077
2 0 4 60638 0.07644
2 0 4 60617 0.07555
2 0 4 60556 0.07765
2 0 4 60526 0.07635
2 0 4 60492 0.07714
2 0 4 60486 0.07983
2 0 4 60485 0.07689
2 0 4 60477 0.07333
2 0 4 60401 0.07288
2 0 4 60390 0.07621
2 0 4 60323 0.07513
2 0 4 60321 0.07334
2 0 4 60243 0.07616
2 0 4 60024 0.07548
2 0 4 59654 0.1004
2 0 4 59112 0.07266
2 0 4 58000 0.09747
2 0 4 57803 0.07114
2 0 4 56806 0.09664
2 0 4 56806 0.09625
2 0 4 56014 0.09435
2 0 4 55750 0.09225
2 0 4 55148 0.09593
2 0 4 55148 0.09607
2 0 4 54323 0.09338
2 0 4 54042 0.0922
2 0 4 52512 0.09071
2 0 4 52148 0.09017
2 0 4 50181 0.08817
2 0 4 50000 0.03391
2 0 4 50000 0.03535
2 0 4 50000 0.03414
2 0 4 50000 0.0346
2 0 4 50000 0.03569
2 0 4 50000 0.03423
2 0 4 50000 0.03471
2 0 4 50000 0.0361
2 0 4 50000 0.0346
2 0 4 50000 0.03296
2 0 4 50000 0.03217
2 0 4 50000 0.03275
2 0 4 50000 0.0325
2 0 4 50000 0.03184
2 0 4 50000 0.03243
2 0 4 50000 0.03176
2 0 4 50000 0.03131
2 0 4 49538 0.08454
2 0 4 49418 0.08428
2 0 4 45298 0.08028
2 0 4 45298 0.07977
2 0 4 40097 0.04843
2 0 4 40092 0.04711
2 0 4 40068 0.04867
2 0 4 40055 0.04715
2 0 4 40044 0.04954
2 0 4 39992 0.04794
2 0 4 39986 0.05438
2 0 4 39982 0.05392
2 0 4 39969 0.05502
2 0 4 39945 0.05558
2 0 4 39938 0.05436
2 0 4 39924 0.05565
2 0 4 39859 0.05488
2 0 4 39036 0.07439
2 0 4 39023 0.0728
2 0 4 38851 0.05359
2 0 4 38452 0.04455
2 0 4 38405 0.04464
2 0 4 38299 0.04519
2 0 4 38060 0.06486
2 0 4 37900 0.06446
2 0 4 37044 0.06401
2 0 4 36881 0.06306
2 0 4 36337 0.06441
2 0 4 36185 0.06334
2 0 4 35968 0.06343
2 0 4 35783 0.06322
2 0 4 35368 0.06175
2 0 4 35000 0.02083
2 0 4 35000 0.02064
2 0 4 35000 0.02035
2 0 4 35000 0.0207
2 0 4 35000 0.02077
2 0 4 35000 0.02083
2 0 4 35000 0.02086
2 0 4 35000 0.02076
2 0 4 35000 0.0209
2 0 4 35000 0.02085
2 0 4 35000 0.02098
2 0 4 35000 0.02117
2 0 4 35000 0.02087
2 0 4 35000 0.02077
2 0 4 35000 0.02108
2 0 4 35000 0.02121
2 0 4 35000 0.02097
2 0 4 34982 0.0628
2 0 4 34750 0.06221
2 0 4 34338 0.0609
2 0 4 33890 0.06091
2 0 4 31720 0.05732
2 0 4 27591 0.03061
2 0 4 27579 0.03027
2 0 4 27562 0.03074
2 0 4 27556 0.03068
2 0 4 27551 0.03032
2 0 4 27549 0.03067
2 0 4 27541 0.02946
2 0 4 27533 0.03041
2 0 4 27526 0.03115
2 0 4 27506 0.02892
2 0 4 27500 0.03106
2 0 4 27491 0.02988
2 0 4 27475 0.0299
2 0 4 27440 0.02954
2 0 4 27371 0.03192
2 0 4 27231 0.04903
2 0 4 26938 0.03039
2 0 4 26901 0.04784
2 0 4 26876 0.02991
2 0 4 26802 0.04976
2 0 4 26212 0.04824
2 0 4 26170 0.04795
2 0 4 26160 0.04778
2 0 4 25889 0.0473
2 0 4 25757 0.04712
2 0 4 25110 0.04776
2 0 4 25067 0.04653
2 0 4 25000 0.009851
2 0 4 25000 0.009838
2 0 4 25000 0.009748
2 0 4 25000 0.009836
2 0 4 25000 0.009813
2 0 4 25000 0.009848
2 0 4 25000 0.009777
2 0 4 25000 0.0097
2 0 4 25000 0.009768
2 0 4 25000 0.009769
2 0 4 25000 0.009775
2 0 4 25000 0.009886
2 0 4 25000 0.009969
2 0 4 25000 0.00979
2 0 4 25000 0.009779
2 0 4 25000 0.009687
2 0 4 25000 0.009774
2 0 4 24826 0.04759
2 0 4 24651 0.04637
2 0 4 24348 0.04596
2 0 4 23875 0.04533
2 0 4 23802 0.04523
2 0 4 23740 0.04499
2 0 4 15920 0.01847
2 0 4 15920 0.0184
2 0 4 15916 0.01924
2 0 4 15914 0.01891
2 0 4 15914 0.01899
2 0 4 15913 0.01912
2 0 4 15910 0.01881
2 0 4 15906 0.01865
2 0 4 15902 0.01878
2 0 4 15901 0.01903
2 0 4 15899 0.01886
2 0 4 15898 0.01844
2 0 4 15895 0.01809
2 0 4 15895 0.01814
2 0 4 15888 0.01937
2 0 4 15876 0.01817
2 0 4 15697 0.01865
2 0 4 15644 0.03015
2 0 4 15587 0.03092
2 0 4 15572 0.01924
2 0 4 15554 0.03021
2 0 4 15469 0.03079
2 0 4 15406 0.03016
2 0 4 15383 0.02975
2 0 4 15317 0.02934
2 0 4 15219 0.02853
2 0 4 15191 0.029
2 0 4 15132 0.02928
2 0 4 15130 0.02888
2 0 4 15073 0.02848
2 0 4 15000 0.006434
2 0 4 15000 0.006329
2 0 4 15000 0.00655
2 0 4 15000 0.006454
2 0 4 15000 0.006535
2 0 4 15000 0.006515
2 0 4 15000 0.006468
2 0 4 15000 0.006398
2 0 4 15000 0.006485
2 0 4 15000 0.006412
2 0 4 15000 0.006441
2 0 4 15000 0.006519
2 0 4 15000 0.006441
2 0 4 15000 0.006441
2 0 4 15000 0.006387
2 0 4 15000 0.006561
2 0 4 14999 0.02847
2 0 4 14922 0.0288
2 0 4 14915 0.02861
2 0 4 14558 0.02875
2 0 4 10409 0.01411
2 0 4 10403 0.01361
2 0 4 10403 0.01366
2 0 4 10401 0.01388
2 0 4 10400 0.01314
2 0 4 10399 0.01378
2 0 4 10399 0.01359
2 0 4 10398 0.01318
2 0 4 10397 0.01328
2 0 4 10397 0.0133
2 0 4 10392 0.01383
2 0 4 10390 0.01396
2 0 4 10389 0.01385
2 0 4 10368 0.01385
2 0 4 10316 0.02132
2 0 4 10313 0.02144
2 0 4 10307 0.01379
2 0 4 10301 0.01322
2 0 4 10277 0.02149
2 0 4 10218 0.02073
2 0 4 10216 0.02044
2 0 4 10215 0.0127
2 0 4 10208 0.02031
2 0 4 10207 0.01999
2 0 4 10174 0.01985
2 0 4 10164 0.01975
2 0 4 10122 0.01971
2 0 4 10091 0.01998
2 0 4 10017 0.01983
2 0 4 10017 0.01978
2 0 4 10000 0.005137
2 0 4 10000 0.005165
2 0 4 10000 0.005157
2 0 4 10000 0.005143
2 0 4 10000 0.005148
2 0 4 10000 0.005058
2 0 4 10000 0.005113
2 0 4 10000 0.005196
2 0 4 10000 0.005134
2 0 4 10000 0.005038
2 0 4 10000 0.005166
2 0 4 10000 0.005091
2 0 4 10000 0.005208
2 0 4 10000 0.005024
2 0 4 10000 0.005054
2 0 4 10000 0.005055
2 0 4 9999 0.01961
2 0 4 9924 0.01924
2 0 4 9912 0.0197
2 0 4 9797 0.01941
2 0 5 163422 0.2059
2 0 5 162349 0.2062
2 0 5 162163 0.2029
2 0 5 161955 0.203
2 0 5 161824 0.2609
2 0 5 161622 0.2947
2 0 5 161619 0.2781
2 0 5 161119 0.189
2 0 5 161079 0.1972
2 0 5 161015 0.1952
2 0 5 158846 0.1899
2 0 5 158724 0.1963
2 0 5 158641 0.1982
2 0 5 156522 0.1909
2 0 5 154798 0.1986
2 0 5 154798 0.1999
2 0 5 146735 0.2732
2 0 5 138822 0.2747
2 0 5 130124 0.1847
2 0 5 129619 0.1827
2 0 5 129517 0.1811
2 0 5 128844 0.19
2 0 5 128700 0.1799
2 0 5 128677 0.1908
2 0 5 128665 0.1875
2 0 5 128554 0.1922
2 0 5 128467 0.1945
2 0 5 127381 0.1855
2 0 5 127190 0.2652
2 0 5 124983 0.1864
2 0 5 124677 0.1852
2 0 5 124255 0.1741
2 0 5 124007 0.1914
2 0 5 123223 0.1908
2 0 5 122681 0.1257
2 0 5 120741 0.1271
2 0 5 120360 0.1549
2 0 5 120306 0.1572
2 0 5 118618 0.1551
2 0 5 115604 0.1528
2 0 5 113259 0.1478
2 0 5 110914 0.1454
2 0 5 109433 0.1466
2 0 5 109353 0.1174
2 0 5 109158 0.1173
2 0 5 109099 0.1178
2 0 5 109017 0.1146
2 0 5 108987 0.1151
2 0 5 108944 0.113
2 0 5 108843 0.1146
2 0 5 108807 0.117
2 0 5 108775 0.1156
2 0 5 108529 0.1162
2 0 5 108402 0.1147
2 0 5 108262 0.1169
2 0 5 108225 0.1181
2 0 5 107736 0.1189
2 0 5 107369 0.1458
2 0 5 107053 0.1157
2 0 5 106953 0.1436
2 0 5 105740 0.1439
2 0 5 105565 0.1409
2 0 5 104899 0.1088
2 0 5 103476 0.1407
2 0 5 103465 0.1446
2 0 5 100898 0.1442
2 0 5 100000 0.08784
2 0 5 100000 0.08495
2 0 5 100000 0.08152
2 0 5 100000 0.0811
2 0 5 100000 0.07982
2 0 5 100000 0.08067
2 0 5 100000 0.077
2 0 5 100000 0.07956
2 0 5 100000 0.08116
2 0 5 100000 0.0834
2 0 5 100000 0.08376
2 0 5 100000 0.08441
2 0 5 100000 0.08333
2 0 5 100000 0.07857
2 0 5 100000 0.07864
2 0 5 100000 0.08488
2 0 5 98786 0.1348
2 0 5 98786 0.1357
2 0 5 97615 0.132
2 0 5 94206 0.1295
2 0 5 94089 0.13
2 0 5 93820 0.1292
2 0 5 93613 0.131
2 0 5 92352 0.1266
2 0 5 91947 0.1273
2 0 5 91577 0.1267
2 0 5 90879 0.1213
2 0 5 90730 0.1264
2 0 5 87924 0.1251
2 0 5 87924 0.1255
2 0 5 86512 0.1245
2 0 5 86027 0.1276
2 0 5 85890 0.1306
2 0 5 85183 0.1174
2 0 5 85000 0.07539
2 0 5 85000 0.07459
2 0 5 85000 0.0764
2 0 5 85000 0.07655
2 0 5 85000 0.07416
2 0 5 85000 0.07172
2 0 5 85000 0.07051
2 0 5 85000 0.07322
2 0 5 85000 0.06632
2 0 5 85000 0.07331
2 0 5 85000 0.07121
2 0 5 85000 0.0678
2 0 5 85000 0.07232
2 0 5 85000 0.07132
2 0 5 85000 0.06736
2 0 5 85000 0.07155
2 0 5 85000 0.0717
2 0 5 84755 0.119
2 0 5 83475 0.1187
2 0 5 82101 0.118
2 0 5 81513 0.1176
2 0 5 81494 0.1209
2 0 5 80751 0.1194
2 0 5 80454 0.1208
2 0 5 80004 0.1154
2 0 5 78927 0.1157
2 0 5 78239 0.1153
2 0 5 75000 0.06208
2 0 5 75000 0.06182
2 0 5 75000 0.06095
2 0 5 75000 0.05846
2 0 5 75000 0.05944
2 0 5 75000 0.05834
2 0 5 75000 0.0623
2 0 5 75000 0.05795
2 0 5 75000 0.05934
2 0 5 75000 0.06089
2 0 5 75000 0.05723
2 0 5 75000 0.06132
2 0 5 75000 0.06166
2 0 5 75000 0.05891
2 0 5 75000 0.0559
2 0 5 75000 0.05864
2 0 5 75000 0.06085
2 0 5 74714 0.1123
2 0 5 73802 0.1112
2 0 5 72596 0.1113
2 0 5 70316 0.1084
2 0 5 64625 0.079
2 0 5 64625 0.07755
2 0 5 64586 0.07779
2 0 5 64501 0.07866
2 0 5 64494 0.0735
2 0 5 64470 0.0742
2 0 5 64432 0.07737
2 0 5 64400 0.07587
2 0 5 64382 0.07409
2 0 5 64309 0.07622
2 0 5 64296 0.07706
2 0 5 64262 0.07572
2 0 5 64135 0.07509
2 0 5 64082 0.07423
2 0 5 64001 0.07385
2 0 5 62830 0.07273
2 0 5 62439 0.07313
2 0 5 62178 0.07433
2 0 5 61568 0.07578
2 0 5 59802 0.09646
2 0 5 58870 0.09643
2 0 5 58467 0.09804
2 0 5 56904 0.09454
2 0 5 56065 0.09352
2 0 5 55528 0.09496
2 0 5 55059 0.09397
2 0 5 54967 0.09656
2 0 5 52442 0.08909
2 0 5 52068 0.08958
2 0 5 51680 0.0877
2 0 5 51099 0.08489
2 0 5 50828 0.0856
2 0 5 50000 0.03273
2 0 5 50000 0.03552
2 0 5 50000 0.03455
2 0 5 50000 0.03174
2 0 5 50000 0.03418
2 0 5 50000 0.03494
2 0 5 50000 0.03432
2 0 5 50000 0.0328
2 0 5 50000 0.03294
2 0 5 50000 0.03507
2 0 5 50000 0.03467
2 0 5 50000 0.03239
2 0 5 50000 0.03342
2 0 5 50000 0.03546
2 0 5 50000 0.0348
2 0 5 50000 0.03227
2 0 5 50000 0.03349
2 0 5 49162 0.08265
2 0 5 48777 0.08371
2 0 5 42285 0.07437
2 0 5 41921 0.04939
2 0 5 41912 0.04916
2 0 5 41897 0.04895
2 0 5 41862 0.04944
2 0 5 41839 0.04937
2 0 5 41813 0.04804
2 0 5 41800 0.04916
2 0 5 41787 0.04818
2 0 5 41755 0.04924
2 0 5 41742 0.04957
2 0 5 41706 0.04825
2 0 5 41629 0.04893
2 0 5 41574 0.04838
2 0 5 40682 0.04673
2 0 5 40122 0.0462
2 0 5 40062 0.04657
2 0 5 39874 0.06752
2 0 5 39694 0.06987
2 0 5 39665 0.07077
2 0 5 38935 0.06902
2 0 5 37471 0.06401
2 0 5 37404 0.06857
2 0 5 37257 0.06628
2 0 5 36627 0.06489
2 0 5 36027 0.06376
2 0 5 35897 0.06169
2 0 5 35866 0.0635
2 0 5 35679 0.06147
2 0 5 35545 0.06593
2 0 5 35251 0.07139
2 0 5 35000 0.03103
2 0 5 35000 0.03204
2 0 5 35000 0.03027
2 0 5 35000 0.03217
2 0 5 35000 0.02926
2 0 5 35000 0.03111
2 0 5 35000 0.03059
2 0 5 35000 0.02829
2 0 5 35000 0.03077
2 0 5 35000 0.02944
2 0 5 35000 0.03053
2 0 5 35000 0.03064
2 0 5 35000 0.02917
2 0 5 35000 0.02993
2 0 5 35000 0.03044
2 0 5 35000 0.02937
2 0 5 35000 0.02909
2 0 5 34674 0.06813
2 0 5 32822 0.06353
2 0 5 30570 0.05831
2 0 5 28505 0.03497
2 0 5 28481 0.03559
2 0 5 28473 0.03638
2 0 5 28455 0.03573
2 0 5 28453 0.03587
2 0 5 28426 0.03447
2 0 5 28426 0.03501
2 0 5 28415 0.03568
2 0 5 28407 0.03359
2 0 5 28399 0.03244
2 0 5 28398 0.0344
2 0 5 28373 0.03497
2 0 5 28322 0.03456
2 0 5 27823 0.03458
2 0 5 27815 0.05083
2 0 5 27788 0.03229
2 0 5 27726 0.03065
2 0 5 27585 0.05086
2 0 5 27113 0.03012
2 0 5 27034 0.04997
2 0 5 27012 0.04983
2 0 5 26670 0.0496
2 0 5 26533 0.04876
2 0 5 26054 0.04805
2 0 5 25987 0.0479
2 0 5 25920 0.04836
2 0 5 25107 0.04763
2 0 5 25066 0.04785
2 0 5 25000 0.01012
2 0 5 25000 0.01004
2 0 5 25000 0.00962
2 0 5 25000 0.009838
2 0 5 25000 0.009987
2 0 5 25000 0.01007
2 0 5 25000 0.009922
2 0 5 25000 0.01026
2 0 5 25000 0.009723
2 0 5 25000 0.01004
2 0 5 25000 0.01032
2 0 5 25000 0.01
2 0 5 25000 0.009877
2 0 5 25000 0.01011
2 0 5 25000 0.009731
2 0 5 25000 0.009878
2 0 5 24781 0.04746
2 0 5 24696 0.04625
2 0 5 24518 0.04624
2 0 5 24334 0.04671
2 0 5 24123 0.04563
2 0 5 23555 0.04544
2 0 5 16239 0.01862
2 0 5 16239 0.01866
2 0 5 16236 0.0189
2 0 5 16230 0.01867
2 0 5 16224 0.01815
2 0 5 16221 0.01848
2 0 5 16220 0.01868
2 0 5 16219 0.01911
2 0 5 16211 0.01798
2 0 5 16211 0.01816
2 0 5 16207 0.01876
2 0 5 16206 0.0182
2 0 5 16198 0.01874
2 0 5 16196 0.01868
2 0 5 16111 0.01953
2 0 5 16005 0.01807
2 0 5 15998 0.03165
2 0 5 15883 0.01833
2 0 5 15676 0.03062
2 0 5 15664 0.03085
2 0 5 15559 0.03036
2 0 5 15513 0.03052
2 0 5 15458 0.03015
2 0 5 15428 0.03053
2 0 5 15420 0.03032
2 0 5 15246 0.0298
2 0 5 15210 0.02876
2 0 5 15063 0.02883
2 0 5 15046 0.02924
2 0 5 15000 0.006568
2 0 5 15000 0.006513
2 0 5 15000 0.006483
2 0 5 15000 0.00652
2 0 5 15000 0.006404
2 0 5 15000 0.006467
2 0 5 15000 0.006418
2 0 5 15000 0.006414
2 0 5 15000 0.00652
2 0 5 15000 0.006528
2 0 5 15000 0.006469
2 0 5 15000 0.006527
2 0 5 15000 0.006478
2 0 5 15000 0.006617
2 0 5 15000 0.006502
2 0 5 15000 0.00664
2 0 5 14867 0.02797
2 0 5 14862 0.02839
2 0 5 14803 0.02859
2 0 5 14775 0.02924
2 0 5 14740 0.02852
2 0 5 10542 0.01354
2 0 5 10541 0.01343
2 0 5 10539 0.01318
2 0 5 10538 0.01383
2 0 5 10536 0.01303
2 0 5 10535 0.01322
2 0 5 10532 0.01374
2 0 5 10531 0.01338
2 0 5 10530 0.01329
2 0 5 10527 0.01338
2 0 5 10525 0.01375
2 0 5 10523 0.01346
2 0 5 10447 0.01337
2 0 5 10442 0.0143
2 0 5 10432 0.01346
2 0 5 10403 0.01342
2 0 5 10336 0.02212
2 0 5 10326 0.02116
2 0 5 10317 0.02195
2 0 5 10297 0.02129
2 0 5 10280 0.02169
2 0 5 10230 0.02044
2 0 5 10223 0.02022
2 0 5 10217 0.02028
2 0 5 10196 0.02052
2 0 5 10190 0.02047
2 0 5 10078 0.02004
2 0 5 10062 0.01955
2 0 5 10040 0.01996
2 0 5 10033 0.0197
2 0 5 10007 0.01983
2 0 5 10000 0.005099
2 0 5 10000 0.005057
2 0 5 10000 0.005059
2 0 5 10000 0.005023
2 0 5 10000 0.005143
2 0 5 10000 0.00517
2 0 5 10000 0.005132
2 0 5 10000 0.005144
2 0 5 10000 0.005102
2 0 5 10000 0.005196
2 0 5 10000 0.005039
2 0 5 10000 0.005152
2 0 5 10000 0.005182
2 0 5 10000 0.005151
2 0 5 10000 0.005161
2 0 5 10000 0.005053
2 0 5 10000 0.005155
2 0 5 9787 0.0194
2 0 5 9787 0.01949
