16 2 1 100000 0.1089
16 2 1 100000 0.1097
16 2 1 100000 0.1057
16 2 1 100000 0.1042
16 2 1 100000 0.1332
16 2 1 100000 0.1311
16 2 1 85000 0.09225
16 2 1 85000 0.09217
16 2 1 85000 0.08976
16 2 1 85000 0.09261
16 2 1 85000 0.1166
16 2 1 85000 0.1181
16 2 1 75000 0.08413
16 2 1 75000 0.08308
16 2 1 75000 0.08154
16 2 1 75000 0.08117
16 2 1 75000 0.08165
16 2 1 75000 0.1096
16 2 1 75000 0.1095
16 2 1 50000 0.06149
16 2 1 50000 0.0603
16 2 1 50000 0.06031
16 2 1 50000 0.06233
16 2 1 50000 0.08544
16 2 1 50000 0.08439
16 2 1 35000 0.04215
16 2 1 35000 0.04328
16 2 1 35000 0.04295
16 2 1 35000 0.06425
16 2 1 35000 0.06286
16 2 1 35000 0.06271
16 2 1 25000 0.02906
16 2 1 25000 0.02735
16 2 1 25000 0.02735
16 2 1 25000 0.02698
16 2 1 25000 0.04468
16 2 1 25000 0.04546
16 2 1 15000 0.01806
16 2 1 15000 0.01683
16 2 1 15000 0.01763
16 2 1 15000 0.01673
16 2 1 15000 0.02824
16 2 1 15000 0.02831
16 2 1 10000 0.01256
16 2 1 10000 0.01277
16 2 1 10000 0.01238
16 2 1 10000 0.01261
16 2 1 10000 0.0196
16 2 1 10000 0.019
16 2 1 10000 0.01934
16 2 2 113252 0.1163
16 2 2 113071 0.1141
16 2 2 112895 0.1066
16 2 2 112248 0.1122
16 2 2 102478 0.1433
16 2 2 99241 0.1315
16 2 2 94571 0.09991
16 2 2 94455 0.1002
16 2 2 94233 0.09961
16 2 2 93934 0.09996
16 2 2 92729 0.1261
16 2 2 84507 0.1184
16 2 2 82464 0.09014
16 2 2 82422 0.08704
16 2 2 82238 0.08964
16 2 2 82053 0.08953
16 2 2 77744 0.111
16 2 2 76728 0.1122
16 2 2 73657 0.1111
16 2 2 53316 0.06496
16 2 2 53265 0.06592
16 2 2 53167 0.06413
16 2 2 52953 0.06497
16 2 2 50999 0.08721
16 2 2 47390 0.08103
16 2 2 36641 0.04488
16 2 2 36608 0.04553
16 2 2 36580 0.04477
16 2 2 36475 0.04474
16 2 2 35962 0.06355
16 2 2 33687 0.06087
16 2 2 25836 0.02873
16 2 2 25825 0.0293
16 2 2 25808 0.02893
16 2 2 25670 0.02868
16 2 2 25004 0.02919
16 2 2 24303 0.04425
16 2 2 15302 0.01855
16 2 2 15299 0.02889
16 2 2 15297 0.01776
16 2 2 15283 0.01797
16 2 2 15184 0.0289
16 2 2 14986 0.02884
16 2 2 10134 0.01283
16 2 2 10133 0.01316
16 2 2 10131 0.01271
16 2 2 10128 0.01273
16 2 2 10121 0.01957
16 2 2 10076 0.0196
16 2 2 9935 0.01916
16 2 3 127962 0.1784
16 2 3 127592 0.1837
16 2 3 127405 0.1773
16 2 3 123831 0.18
16 2 3 115870 0.1168
16 2 3 104919 0.1057
16 2 3 104473 0.107
16 2 3 103988 0.1052
16 2 3 103309 0.1066
16 2 3 94785 0.1274
16 2 3 90582 0.09651
16 2 3 90394 0.09469
16 2 3 90293 0.09528
16 2 3 90027 0.09503
16 2 3 89533 0.1222
16 2 3 84173 0.08876
16 2 3 83471 0.1166
16 2 3 79704 0.1135
16 2 3 56916 0.06704
16 2 3 56870 0.06755
16 2 3 56712 0.09281
16 2 3 56636 0.06707
16 2 3 56468 0.06759
16 2 3 56202 0.09232
16 2 3 50155 0.08443
16 2 3 38306 0.04454
16 2 3 38283 0.04447
16 2 3 38237 0.04496
16 2 3 38139 0.04456
16 2 3 35698 0.06312
16 2 3 34991 0.06248
16 2 3 26692 0.03011
16 2 3 26663 0.02923
16 2 3 26642 0.02801
16 2 3 26510 0.02856
16 2 3 25762 0.04704
16 2 3 24993 0.04594
16 2 3 15609 0.0177
16 2 3 15600 0.01824
16 2 3 15594 0.01844
16 2 3 15585 0.01806
16 2 3 15447 0.02959
16 2 3 15288 0.01753
16 2 3 14817 0.02801
16 2 3 10268 0.01342
16 2 3 10262 0.01319
16 2 3 10258 0.01341
16 2 3 10254 0.01333
16 2 3 10232 0.02054
16 2 3 10045 0.01961
16 2 4 144503 0.1889
16 2 4 143544 0.1917
16 2 4 142962 0.1951
16 2 4 138214 0.193
16 2 4 120992 0.1524
16 2 4 115486 0.1164
16 2 4 115214 0.1182
16 2 4 112488 0.1459
16 2 4 106970 0.1411
16 2 4 104799 0.1014
16 2 4 99227 0.1031
16 2 4 98622 0.1019
16 2 4 98396 0.1349
16 2 4 97080 0.101
16 2 4 94112 0.1292
16 2 4 88617 0.1235
16 2 4 83986 0.1194
16 2 4 76888 0.1127
16 2 4 74070 0.1112
16 2 4 60390 0.09982
16 2 4 60237 0.07176
16 2 4 60022 0.07163
16 2 4 57991 0.06861
16 2 4 53999 0.0927
16 2 4 45509 0.08074
16 2 4 40042 0.04845
16 2 4 40005 0.04817
16 2 4 39880 0.0467
16 2 4 39091 0.04764
16 2 4 36894 0.06706
16 2 4 33614 0.06053
16 2 4 27562 0.03047
16 2 4 27525 0.03256
16 2 4 27457 0.03115
16 2 4 27063 0.03123
16 2 4 26618 0.02879
16 2 4 24926 0.04691
16 2 4 15916 0.01906
16 2 4 15902 0.01951
16 2 4 15889 0.019
16 2 4 15880 0.01859
16 2 4 15633 0.03127
16 2 4 15347 0.02989
16 2 4 14666 0.02916
16 2 4 10400 0.01324
16 2 4 10394 0.01351
16 2 4 10385 0.01386
16 2 4 10380 0.01358
16 2 4 10153 0.02066
16 2 4 10029 0.02049
16 2 5 162225 0.1986
16 2 5 161641 0.2018
16 2 5 159494 0.2016
16 2 5 157452 0.1999
16 2 5 128756 0.187
16 2 5 127932 0.1875
16 2 5 127112 0.1834
16 2 5 125813 0.1778
16 2 5 114337 0.1473
16 2 5 111645 0.144
16 2 5 108537 0.1114
16 2 5 108086 0.1098
16 2 5 107739 0.1112
16 2 5 102729 0.1063
16 2 5 99380 0.1331
16 2 5 90841 0.1244
16 2 5 87597 0.1214
16 2 5 75865 0.1111
16 2 5 73996 0.108
16 2 5 64285 0.07533
16 2 5 64067 0.07209
16 2 5 63980 0.07441
16 2 5 61660 0.07313
16 2 5 53896 0.09029
16 2 5 41964 0.05152
16 2 5 41942 0.05224
16 2 5 41861 0.05131
16 2 5 41757 0.05082
16 2 5 41445 0.05019
16 2 5 38549 0.06564
16 2 5 35840 0.06481
16 2 5 28532 0.03222
16 2 5 28436 0.03093
16 2 5 28382 0.03217
16 2 5 28174 0.03285
16 2 5 27513 0.03105
16 2 5 25591 0.04798
16 2 5 23955 0.04463
16 2 5 16201 0.01944
16 2 5 16193 0.01891
16 2 5 16177 0.0193
16 2 5 15669 0.03088
16 2 5 15036 0.02907
16 2 5 10541 0.01419
16 2 5 10531 0.013
16 2 5 10527 0.01362
16 2 5 10521 0.01334
16 2 5 10381 0.02203
16 2 5 10091 0.01976
16 2 5 9758 0.01992
