8 1 1 100000 0.1084
8 1 1 100000 0.1046
8 1 1 100000 0.108
8 1 1 100000 0.1314
8 1 1 100000 0.1569
8 1 1 100000 0.1552
8 1 1 100000 0.1569
8 1 1 100000 0.1564
8 1 1 100000 0.1546
8 1 1 100000 0.1591
8 1 1 100000 0.1598
8 1 1 100000 0.159
8 1 1 100000 0.1587
8 1 1 85000 0.1161
8 1 1 85000 0.1204
8 1 1 85000 0.119
8 1 1 85000 0.1425
8 1 1 85000 0.1421
8 1 1 85000 0.1419
8 1 1 85000 0.1423
8 1 1 85000 0.1422
8 1 1 85000 0.1274
8 1 1 85000 0.1198
8 1 1 85000 0.1195
8 1 1 85000 0.1184
8 1 1 75000 0.08406
8 1 1 75000 0.08386
8 1 1 75000 0.08323
8 1 1 75000 0.08531
8 1 1 75000 0.1088
8 1 1 75000 0.1081
8 1 1 75000 0.1076
8 1 1 75000 0.1092
8 1 1 75000 0.1095
8 1 1 75000 0.1089
8 1 1 75000 0.1099
8 1 1 75000 0.1131
8 1 1 50000 0.06378
8 1 1 50000 0.05873
8 1 1 50000 0.05923
8 1 1 50000 0.05962
8 1 1 50000 0.0606
8 1 1 50000 0.08591
8 1 1 50000 0.08455
8 1 1 50000 0.08529
8 1 1 50000 0.08426
8 1 1 50000 0.08616
8 1 1 50000 0.08442
8 1 1 50000 0.08379
8 1 1 50000 0.08519
8 1 1 35000 0.04412
8 1 1 35000 0.04294
8 1 1 35000 0.04347
8 1 1 35000 0.04259
8 1 1 35000 0.06195
8 1 1 35000 0.06215
8 1 1 35000 0.06201
8 1 1 35000 0.06284
8 1 1 35000 0.0641
8 1 1 35000 0.06271
8 1 1 35000 0.06255
8 1 1 35000 0.06118
8 1 1 35000 0.06234
8 1 1 25000 0.02918
8 1 1 25000 0.02771
8 1 1 25000 0.03058
8 1 1 25000 0.02708
8 1 1 25000 0.04492
8 1 1 25000 0.04583
8 1 1 25000 0.04575
8 1 1 25000 0.04585
8 1 1 25000 0.04669
8 1 1 25000 0.04647
8 1 1 25000 0.04582
8 1 1 25000 0.04574
8 1 1 15000 0.01777
8 1 1 15000 0.01785
8 1 1 15000 0.01792
8 1 1 15000 0.0173
8 1 1 15000 0.02819
8 1 1 15000 0.02808
8 1 1 15000 0.02848
8 1 1 15000 0.0278
8 1 1 15000 0.02806
8 1 1 15000 0.0278
8 1 1 15000 0.02847
8 1 1 15000 0.02795
8 1 1 15000 0.02819
8 1 1 10000 0.01315
8 1 1 10000 0.01227
8 1 1 10000 0.01248
8 1 1 10000 0.01937
8 1 1 10000 0.01938
8 1 1 10000 0.01949
8 1 1 10000 0.01969
8 1 1 10000 0.01973
8 1 1 10000 0.0192
8 1 1 10000 0.01949
8 1 1 10000 0.01964
8 1 1 10000 0.01912
8 1 2 113461 0.114
8 1 2 113106 0.1133
8 1 2 112905 0.1168
8 1 2 112718 0.115
8 1 2 112429 0.1152
8 1 2 112310 0.1165
8 1 2 106507 0.136
8 1 2 105333 0.1366
8 1 2 105085 0.1384
8 1 2 101500 0.135
8 1 2 98445 0.1308
8 1 2 96980 0.1276
8 1 2 94514 0.1007
8 1 2 94394 0.1002
8 1 2 94300 0.101
8 1 2 93817 0.1274
8 1 2 93795 0.09926
8 1 2 91367 0.09687
8 1 2 90140 0.124
8 1 2 86319 0.117
8 1 2 85117 0.1179
8 1 2 84929 0.1177
8 1 2 83600 0.1166
8 1 2 82551 0.1165
8 1 2 82464 0.08898
8 1 2 82417 0.08879
8 1 2 82145 0.1179
8 1 2 81777 0.08709
8 1 2 80394 0.1132
8 1 2 79777 0.1141
8 1 2 78552 0.1115
8 1 2 77994 0.1106
8 1 2 76938 0.1101
8 1 2 76428 0.1103
8 1 2 75934 0.1085
8 1 2 75539 0.1092
8 1 2 71689 0.1059
8 1 2 53382 0.08915
8 1 2 53370 0.08823
8 1 2 53346 0.06452
8 1 2 53293 0.06538
8 1 2 53210 0.06543
8 1 2 53143 0.06592
8 1 2 52911 0.08955
8 1 2 52711 0.08933
8 1 2 51005 0.08592
8 1 2 50134 0.08427
8 1 2 49851 0.08519
8 1 2 47949 0.08174
8 1 2 47480 0.08158
8 1 2 36662 0.04419
8 1 2 36662 0.06388
8 1 2 36662 0.06452
8 1 2 36634 0.04534
8 1 2 36609 0.04413
8 1 2 36580 0.04319
8 1 2 36545 0.06464
8 1 2 36204 0.0647
8 1 2 35962 0.06348
8 1 2 35612 0.06341
8 1 2 35021 0.06325
8 1 2 34387 0.06115
8 1 2 33687 0.05862
8 1 2 25837 0.02921
8 1 2 25828 0.04716
8 1 2 25818 0.04703
8 1 2 25805 0.02831
8 1 2 25753 0.02945
8 1 2 25674 0.04714
8 1 2 25223 0.04622
8 1 2 24948 0.04569
8 1 2 24910 0.04538
8 1 2 24735 0.04594
8 1 2 24579 0.04503
8 1 2 24255 0.04392
8 1 2 15303 0.01743
8 1 2 15299 0.01769
8 1 2 15298 0.01784
8 1 2 15288 0.01765
8 1 2 15283 0.01762
8 1 2 15264 0.01736
8 1 2 15178 0.02839
8 1 2 15125 0.02817
8 1 2 15033 0.02853
8 1 2 15018 0.02811
8 1 2 14986 0.02844
8 1 2 14925 0.0283
8 1 2 14766 0.02816
8 1 2 10133 0.01268
8 1 2 10132 0.01279
8 1 2 10131 0.01301
8 1 2 10128 0.01264
8 1 2 10126 0.01274
8 1 2 10114 0.01992
8 1 2 10074 0.01971
8 1 2 10031 0.01939
8 1 2 9996 0.01926
8 1 2 9992 0.01972
8 1 2 9914 0.01978
8 1 2 9867 0.01954
8 1 3 128074 0.1835
8 1 3 127315 0.1759
8 1 3 127156 0.1858
8 1 3 126961 0.1812
8 1 3 120051 0.1495
8 1 3 114597 0.1452
8 1 3 111472 0.1416
8 1 3 108183 0.1406
8 1 3 106994 0.1398
8 1 3 104822 0.1146
8 1 3 104689 0.1096
8 1 3 104611 0.1368
8 1 3 104394 0.1099
8 1 3 103920 0.1381
8 1 3 103028 0.1353
8 1 3 97490 0.1295
8 1 3 97072 0.1308
8 1 3 96201 0.1269
8 1 3 91978 0.1252
8 1 3 91756 0.1234
8 1 3 90501 0.09658
8 1 3 90270 0.09745
8 1 3 89845 0.1211
8 1 3 87906 0.1202
8 1 3 87906 0.1202
8 1 3 87419 0.1186
8 1 3 86392 0.1191
8 1 3 85198 0.118
8 1 3 84921 0.1169
8 1 3 83998 0.1183
8 1 3 82821 0.1162
8 1 3 80978 0.1139
8 1 3 79783 0.113
8 1 3 78139 0.1123
8 1 3 76062 0.1098
8 1 3 74718 0.1085
8 1 3 69666 0.105
8 1 3 69488 0.1029
8 1 3 56814 0.06645
8 1 3 56717 0.06872
8 1 3 56651 0.06517
8 1 3 56464 0.09347
8 1 3 56213 0.09236
8 1 3 55049 0.09094
8 1 3 53234 0.08872
8 1 3 52277 0.08888
8 1 3 51159 0.08675
8 1 3 50785 0.08642
8 1 3 49404 0.08467
8 1 3 44367 0.07626
8 1 3 38321 0.04583
8 1 3 38278 0.04529
8 1 3 38241 0.04427
8 1 3 38193 0.04376
8 1 3 37779 0.06559
8 1 3 37285 0.06577
8 1 3 37140 0.06695
8 1 3 36000 0.06343
8 1 3 35686 0.06279
8 1 3 34932 0.06199
8 1 3 34537 0.0623
8 1 3 33576 0.05885
8 1 3 26678 0.02899
8 1 3 26674 0.02923
8 1 3 26664 0.02916
8 1 3 26645 0.02983
8 1 3 26613 0.0305
8 1 3 26263 0.04804
8 1 3 26089 0.04675
8 1 3 25448 0.04678
8 1 3 25307 0.04602
8 1 3 25169 0.04606
8 1 3 24954 0.04643
8 1 3 24781 0.04554
8 1 3 24095 0.04461
8 1 3 15605 0.01797
8 1 3 15601 0.01865
8 1 3 15595 0.01821
8 1 3 15592 0.01868
8 1 3 15572 0.03025
8 1 3 15563 0.01853
8 1 3 15393 0.03022
8 1 3 15322 0.0293
8 1 3 15254 0.02905
8 1 3 15081 0.02878
8 1 3 14904 0.02876
8 1 3 14808 0.02825
8 1 3 14706 0.02763
8 1 3 10268 0.0215
8 1 3 10265 0.0139
8 1 3 10262 0.01405
8 1 3 10260 0.01327
8 1 3 10248 0.02146
8 1 3 10230 0.02007
8 1 3 10126 0.0199
8 1 3 10105 0.01977
8 1 3 10069 0.01993
8 1 3 10014 0.01973
8 1 3 9954 0.02004
8 1 3 9903 0.01914
8 1 4 144797 0.1917
8 1 4 143975 0.1968
8 1 4 143673 0.1901
8 1 4 142239 0.1785
8 1 4 141849 0.1931
8 1 4 118536 0.1505
8 1 4 116874 0.117
8 1 4 116658 0.1172
8 1 4 116517 0.1143
8 1 4 116286 0.1188
8 1 4 115833 0.1185
8 1 4 112776 0.1154
8 1 4 111767 0.1446
8 1 4 106520 0.1389
8 1 4 105422 0.1385
8 1 4 102194 0.1362
8 1 4 100462 0.1329
8 1 4 99294 0.1036
8 1 4 98942 0.1049
8 1 4 98777 0.1297
8 1 4 98411 0.1312
8 1 4 97874 0.1305
8 1 4 94949 0.1014
8 1 4 92145 0.1244
8 1 4 90084 0.1227
8 1 4 90084 0.1223
8 1 4 87106 0.1196
8 1 4 86293 0.118
8 1 4 86148 0.1188
8 1 4 83989 0.1171
8 1 4 82212 0.1157
8 1 4 81617 0.1129
8 1 4 81508 0.1146
8 1 4 77133 0.111
8 1 4 76168 0.1105
8 1 4 73850 0.1081
8 1 4 69198 0.1047
8 1 4 63973 0.1003
8 1 4 60461 0.07219
8 1 4 60429 0.07145
8 1 4 60281 0.07201
8 1 4 59047 0.09629
8 1 4 56747 0.0941
8 1 4 55507 0.09176
8 1 4 54965 0.09156
8 1 4 54098 0.09102
8 1 4 52760 0.09219
8 1 4 52195 0.08837
8 1 4 48587 0.08284
8 1 4 47558 0.08099
8 1 4 40106 0.04813
8 1 4 40069 0.04731
8 1 4 40014 0.04828
8 1 4 39932 0.04845
8 1 4 39146 0.068
8 1 4 39027 0.06802
8 1 4 37703 0.06501
8 1 4 37383 0.06468
8 1 4 36632 0.06509
8 1 4 35465 0.06348
8 1 4 34662 0.06152
8 1 4 34217 0.06108
8 1 4 27588 0.03286
8 1 4 27575 0.0306
8 1 4 27552 0.03133
8 1 4 27529 0.0324
8 1 4 27485 0.03114
8 1 4 27080 0.04845
8 1 4 26245 0.04745
8 1 4 26130 0.04825
8 1 4 25383 0.04759
8 1 4 24938 0.04719
8 1 4 24790 0.04562
8 1 4 24709 0.04606
8 1 4 23678 0.04418
8 1 4 15926 0.03029
8 1 4 15913 0.01835
8 1 4 15906 0.0193
8 1 4 15898 0.01944
8 1 4 15866 0.01925
8 1 4 15677 0.01907
8 1 4 15594 0.03033
8 1 4 15366 0.02998
8 1 4 15332 0.02973
8 1 4 15177 0.02909
8 1 4 15027 0.02867
8 1 4 14896 0.02888
8 1 4 14354 0.0283
8 1 4 10401 0.01383
8 1 4 10397 0.01381
8 1 4 10392 0.01387
8 1 4 10386 0.01442
8 1 4 10291 0.02173
8 1 4 10231 0.02027
8 1 4 10191 0.02
8 1 4 10149 0.02041
8 1 4 10123 0.01987
8 1 4 10079 0.02019
8 1 4 9929 0.01986
8 1 4 9871 0.0198
8 1 5 163592 0.206
8 1 5 162350 0.2106
8 1 5 161720 0.2063
8 1 5 157900 0.2075
8 1 5 139846 0.2721
8 1 5 129753 0.186
8 1 5 129348 0.1811
8 1 5 128802 0.1849
8 1 5 127116 0.2638
8 1 5 123229 0.1845
8 1 5 120680 0.1533
8 1 5 119424 0.1514
8 1 5 115070 0.15
8 1 5 114216 0.1488
8 1 5 108867 0.1167
8 1 5 108566 0.1443
8 1 5 108138 0.1159
8 1 5 106653 0.1427
8 1 5 106075 0.1407
8 1 5 105179 0.143
8 1 5 104301 0.1119
8 1 5 101694 0.1386
8 1 5 98028 0.1339
8 1 5 98028 0.1336
8 1 5 96571 0.1322
8 1 5 93289 0.1299
8 1 5 90214 0.1459
8 1 5 89828 0.1354
8 1 5 87986 0.1193
8 1 5 87455 0.1133
8 1 5 86529 0.1178
8 1 5 83135 0.1115
8 1 5 81528 0.1146
8 1 5 81528 0.1136
8 1 5 74610 0.1082
8 1 5 74610 0.1091
8 1 5 68759 0.1025
8 1 5 64596 0.07544
8 1 5 64513 0.07623
8 1 5 64377 0.07542
8 1 5 64227 0.07271
8 1 5 63794 0.1003
8 1 5 58333 0.09517
8 1 5 56602 0.09297
8 1 5 55107 0.09066
8 1 5 54832 0.09003
8 1 5 52821 0.08975
8 1 5 52658 0.08775
8 1 5 51862 0.08746
8 1 5 46682 0.08018
8 1 5 42010 0.05233
8 1 5 41914 0.0502
8 1 5 41803 0.04993
8 1 5 41737 0.05073
8 1 5 40884 0.06994
8 1 5 39541 0.06866
8 1 5 38281 0.06564
8 1 5 36700 0.06417
8 1 5 36557 0.06445
8 1 5 35488 0.06238
8 1 5 34115 0.06052
8 1 5 33874 0.06058
8 1 5 28512 0.03333
8 1 5 28473 0.03272
8 1 5 28447 0.0314
8 1 5 28403 0.03205
8 1 5 28062 0.05086
8 1 5 27362 0.05063
8 1 5 26994 0.05024
8 1 5 25810 0.04857
8 1 5 25626 0.0478
8 1 5 25377 0.04783
8 1 5 25182 0.04704
8 1 5 24682 0.04641
8 1 5 24156 0.04449
8 1 5 16237 0.01894
8 1 5 16219 0.01883
8 1 5 16209 0.01997
8 1 5 16181 0.02009
8 1 5 15987 0.01984
8 1 5 15844 0.03069
8 1 5 15704 0.0309
8 1 5 15630 0.0303
8 1 5 15401 0.03004
8 1 5 15232 0.02925
8 1 5 14948 0.02858
8 1 5 14845 0.02926
8 1 5 14517 0.02903
8 1 5 10537 0.01388
8 1 5 10532 0.01407
8 1 5 10524 0.01419
8 1 5 10355 0.02194
8 1 5 10319 0.02186
8 1 5 10260 0.02183
8 1 5 10222 0.0206
8 1 5 10173 0.02044
8 1 5 10131 0.01998
8 1 5 10095 0.01992
8 1 5 10038 0.01997
8 1 5 9897 0.01996
