16 10 1 100000 0.1181
16 10 1 100000 0.1097
16 10 1 100000 0.1076
16 10 1 100000 0.1085
16 10 1 100000 0.106
16 10 1 100000 0.1013
16 10 1 85000 0.09402
16 10 1 85000 0.09746
16 10 1 85000 0.09734
16 10 1 85000 0.09472
16 10 1 85000 0.09165
16 10 1 85000 0.09363
16 10 1 75000 0.0854
16 10 1 75000 0.08724
16 10 1 75000 0.08483
16 10 1 75000 0.08649
16 10 1 75000 0.08475
16 10 1 75000 0.08246
16 10 1 75000 0.08202
16 10 1 50000 0.0617
16 10 1 50000 0.06295
16 10 1 50000 0.0619
16 10 1 50000 0.06243
16 10 1 50000 0.05923
16 10 1 50000 0.05905
16 10 1 35000 0.04426
16 10 1 35000 0.04239
16 10 1 35000 0.04428
16 10 1 35000 0.04262
16 10 1 35000 0.04068
16 10 1 35000 0.04312
16 10 1 25000 0.02937
16 10 1 25000 0.029
16 10 1 25000 0.02826
16 10 1 25000 0.02846
16 10 1 25000 0.02557
16 10 1 25000 0.02859
16 10 1 15000 0.01894
16 10 1 15000 0.01889
16 10 1 15000 0.01837
16 10 1 15000 0.0181
16 10 1 15000 0.01715
16 10 1 15000 0.01731
16 10 1 10000 0.0128
16 10 1 10000 0.01306
16 10 1 10000 0.01312
16 10 1 10000 0.01292
16 10 1 10000 0.01209
16 10 1 10000 0.0124
16 10 1 10000 0.01234
16 10 2 113074 0.114
16 10 2 112345 0.1151
16 10 2 108302 0.1143
16 10 2 107139 0.1133
16 10 2 102280 0.1092
16 10 2 101340 0.1103
16 10 2 94401 0.09966
16 10 2 93001 0.1
16 10 2 91911 0.09951
16 10 2 88728 0.09516
16 10 2 87172 0.0979
16 10 2 82740 0.08797
16 10 2 82313 0.08777
16 10 2 81211 0.09265
16 10 2 80705 0.0881
16 10 2 77484 0.08878
16 10 2 76581 0.08898
16 10 2 75240 0.08582
16 10 2 53375 0.06633
16 10 2 53357 0.06381
16 10 2 53186 0.06311
16 10 2 52851 0.06679
16 10 2 51892 0.06179
16 10 2 49985 0.06124
16 10 2 48655 0.06069
16 10 2 36638 0.04628
16 10 2 36602 0.04284
16 10 2 36571 0.04162
16 10 2 36113 0.04634
16 10 2 35612 0.04445
16 10 2 34908 0.04477
16 10 2 25845 0.03053
16 10 2 25836 0.02916
16 10 2 25822 0.02943
16 10 2 25729 0.02827
16 10 2 25293 0.02926
16 10 2 24824 0.02834
16 10 2 24132 0.02797
16 10 2 15297 0.01942
16 10 2 15294 0.01734
16 10 2 15255 0.01858
16 10 2 15074 0.01821
16 10 2 14895 0.0188
16 10 2 10134 0.01347
16 10 2 10133 0.01207
16 10 2 10130 0.01241
16 10 2 10099 0.01312
16 10 2 10064 0.01276
16 10 2 9948 0.01301
16 10 2 9872 0.01316
16 10 3 126405 0.1949
16 10 3 121754 0.146
16 10 3 115360 0.119
16 10 3 110222 0.118
16 10 3 107962 0.1156
16 10 3 103521 0.1056
16 10 3 99777 0.1066
16 10 3 97965 0.1052
16 10 3 96705 0.104
16 10 3 90660 0.09544
16 10 3 90238 0.09938
16 10 3 89758 0.09467
16 10 3 85651 0.09455
16 10 3 84699 0.09291
16 10 3 83974 0.09201
16 10 3 81607 0.09191
16 10 3 80818 0.09302
16 10 3 73356 0.08519
16 10 3 68538 0.08289
16 10 3 56636 0.06741
16 10 3 55365 0.06964
16 10 3 53545 0.06628
16 10 3 51892 0.06704
16 10 3 50272 0.06352
16 10 3 38399 0.04672
16 10 3 38255 0.04519
16 10 3 38178 0.04329
16 10 3 37276 0.04723
16 10 3 36594 0.04285
16 10 3 35385 0.04383
16 10 3 34915 0.04382
16 10 3 26712 0.02698
16 10 3 26648 0.02925
16 10 3 26559 0.02823
16 10 3 25703 0.02888
16 10 3 25629 0.03007
16 10 3 24747 0.02945
16 10 3 15610 0.02008
16 10 3 15590 0.01793
16 10 3 15578 0.01925
16 10 3 15553 0.01995
16 10 3 15225 0.01887
16 10 3 15031 0.01813
16 10 3 14813 0.01899
16 10 3 10264 0.0129
16 10 3 10257 0.01291
16 10 3 10155 0.01312
16 10 3 10070 0.01354
16 10 3 10015 0.01225
16 10 3 9918 0.01347
16 10 4 137874 0.1872
16 10 4 133673 0.1861
16 10 4 125051 0.1887
16 10 4 118739 0.1233
16 10 4 114547 0.1178
16 10 4 112975 0.1206
16 10 4 109184 0.1403
16 10 4 103909 0.1331
16 10 4 100998 0.1085
16 10 4 98630 0.1037
16 10 4 96975 0.1049
16 10 4 94505 0.1037
16 10 4 90127 0.09808
16 10 4 89433 0.09759
16 10 4 88720 0.09744
16 10 4 84118 0.09408
16 10 4 80630 0.09004
16 10 4 78530 0.09119
16 10 4 60362 0.07123
16 10 4 60111 0.06951
16 10 4 59122 0.07022
16 10 4 58545 0.07397
16 10 4 54507 0.06878
16 10 4 50462 0.06403
16 10 4 46386 0.06003
16 10 4 39959 0.04864
16 10 4 39264 0.04746
16 10 4 38397 0.04715
16 10 4 37927 0.0466
16 10 4 36538 0.04599
16 10 4 34026 0.04179
16 10 4 27597 0.03264
16 10 4 27466 0.03184
16 10 4 27344 0.03007
16 10 4 26414 0.03146
16 10 4 25680 0.02975
16 10 4 25343 0.02953
16 10 4 15915 0.01914
16 10 4 15894 0.01906
16 10 4 15860 0.0181
16 10 4 15606 0.01898
16 10 4 15361 0.01975
16 10 4 15287 0.01908
16 10 4 14946 0.01955
16 10 4 10396 0.01392
16 10 4 10391 0.01474
16 10 4 10260 0.01344
16 10 4 10196 0.01373
16 10 4 10053 0.01351
16 10 4 9964 0.01339
16 10 5 153759 0.1912
16 10 5 147537 0.1851
16 10 5 130825 0.1913
16 10 5 123907 0.1762
16 10 5 122887 0.1737
16 10 5 114311 0.1176
16 10 5 112281 0.1133
16 10 5 107310 0.1116
16 10 5 107109 0.1116
16 10 5 100653 0.1039
16 10 5 99756 0.1048
16 10 5 97132 0.1027
16 10 5 89668 0.09534
16 10 5 86937 0.09656
16 10 5 86400 0.09333
16 10 5 82935 0.09347
16 10 5 80391 0.0902
16 10 5 75077 0.08488
16 10 5 68246 0.07957
16 10 5 63595 0.07241
16 10 5 62371 0.07362
16 10 5 57337 0.07002
16 10 5 55646 0.06806
16 10 5 53628 0.06453
16 10 5 41826 0.04748
16 10 5 41476 0.04686
16 10 5 40083 0.04613
16 10 5 38425 0.04436
16 10 5 37395 0.04717
16 10 5 36475 0.04443
16 10 5 32039 0.03619
16 10 5 28492 0.03011
16 10 5 28254 0.02994
16 10 5 27122 0.03068
16 10 5 26541 0.02988
16 10 5 25765 0.02887
16 10 5 24967 0.02859
16 10 5 16204 0.01821
16 10 5 16183 0.01819
16 10 5 15998 0.01899
16 10 5 15687 0.01913
16 10 5 15512 0.01868
16 10 5 14923 0.0185
16 10 5 14677 0.01756
16 10 5 10534 0.01314
16 10 5 10470 0.01388
16 10 5 10358 0.01313
16 10 5 10240 0.01318
16 10 5 10087 0.01286
16 10 5 10001 0.01314
