4 2 1 100000 0.1403
4 2 1 100000 0.137
4 2 1 100000 0.1331
4 2 1 100000 0.1317
4 2 1 100000 0.1324
4 2 1 100000 0.1326
4 2 1 100000 0.1321
4 2 1 100000 0.1345
4 2 1 100000 0.1331
4 2 1 100000 0.1325
4 2 1 100000 0.1341
4 2 1 100000 0.1339
4 2 1 100000 0.1336
4 2 1 100000 0.133
4 2 1 100000 0.1337
4 2 1 100000 0.1328
4 2 1 100000 0.1298
4 2 1 100000 0.1293
4 2 1 100000 0.1299
4 2 1 100000 0.1295
4 2 1 100000 0.1295
4 2 1 100000 0.1322
4 2 1 100000 0.1322
4 2 1 100000 0.1304
4 2 1 100000 0.1031
4 2 1 85000 0.09053
4 2 1 85000 0.09284
4 2 1 85000 0.09068
4 2 1 85000 0.109
4 2 1 85000 0.1077
4 2 1 85000 0.1083
4 2 1 85000 0.1072
4 2 1 85000 0.1065
4 2 1 85000 0.1096
4 2 1 85000 0.1104
4 2 1 85000 0.1086
4 2 1 85000 0.1089
4 2 1 85000 0.1098
4 2 1 85000 0.1085
4 2 1 85000 0.1111
4 2 1 85000 0.1112
4 2 1 85000 0.1108
4 2 1 85000 0.1046
4 2 1 85000 0.109
4 2 1 85000 0.1087
4 2 1 85000 0.1073
4 2 1 85000 0.1083
4 2 1 85000 0.1088
4 2 1 85000 0.1071
4 2 1 85000 0.1111
4 2 1 75000 0.09713
4 2 1 75000 0.09822
4 2 1 75000 0.1013
4 2 1 75000 0.09727
4 2 1 75000 0.09789
4 2 1 75000 0.09571
4 2 1 75000 0.1007
4 2 1 75000 0.09589
4 2 1 75000 0.09575
4 2 1 75000 0.09603
4 2 1 75000 0.09793
4 2 1 75000 0.09851
4 2 1 75000 0.0985
4 2 1 75000 0.09696
4 2 1 75000 0.09766
4 2 1 75000 0.0969
4 2 1 75000 0.09064
4 2 1 75000 0.08033
4 2 1 75000 0.08216
4 2 1 75000 0.08114
4 2 1 75000 0.08123
4 2 1 75000 0.07962
4 2 1 75000 0.08265
4 2 1 75000 0.08003
4 2 1 75000 0.07888
4 2 1 50000 0.05985
4 2 1 50000 0.06011
4 2 1 50000 0.05928
4 2 1 50000 0.06146
4 2 1 50000 0.06063
4 2 1 50000 0.0603
4 2 1 50000 0.06075
4 2 1 50000 0.06015
4 2 1 50000 0.06023
4 2 1 50000 0.05944
4 2 1 50000 0.05934
4 2 1 50000 0.0616
4 2 1 50000 0.06082
4 2 1 50000 0.0582
4 2 1 50000 0.06079
4 2 1 50000 0.06197
4 2 1 50000 0.05567
4 2 1 50000 0.05669
4 2 1 50000 0.05793
4 2 1 50000 0.05919
4 2 1 50000 0.05785
4 2 1 50000 0.05824
4 2 1 50000 0.05846
4 2 1 50000 0.05811
4 2 1 50000 0.0589
4 2 1 35000 0.04264
4 2 1 35000 0.04266
4 2 1 35000 0.04245
4 2 1 35000 0.04336
4 2 1 35000 0.04249
4 2 1 35000 0.04393
4 2 1 35000 0.0444
4 2 1 35000 0.0438
4 2 1 35000 0.04412
4 2 1 35000 0.04476
4 2 1 35000 0.04401
4 2 1 35000 0.04238
4 2 1 35000 0.04388
4 2 1 35000 0.04404
4 2 1 35000 0.04215
4 2 1 35000 0.04293
4 2 1 35000 0.04043
4 2 1 35000 0.0411
4 2 1 35000 0.04058
4 2 1 35000 0.04181
4 2 1 35000 0.0416
4 2 1 35000 0.03993
4 2 1 35000 0.04161
4 2 1 35000 0.04059
4 2 1 35000 0.04226
4 2 1 25000 0.02927
4 2 1 25000 0.02899
4 2 1 25000 0.02817
4 2 1 25000 0.02853
4 2 1 25000 0.02743
4 2 1 25000 0.02858
4 2 1 25000 0.02898
4 2 1 25000 0.02906
4 2 1 25000 0.02909
4 2 1 25000 0.02979
4 2 1 25000 0.02865
4 2 1 25000 0.02765
4 2 1 25000 0.02982
4 2 1 25000 0.02803
4 2 1 25000 0.02867
4 2 1 25000 0.03038
4 2 1 25000 0.02791
4 2 1 25000 0.02686
4 2 1 25000 0.0274
4 2 1 25000 0.02818
4 2 1 25000 0.02837
4 2 1 25000 0.02717
4 2 1 25000 0.02786
4 2 1 25000 0.02675
4 2 1 25000 0.0279
4 2 1 15000 0.0184
4 2 1 15000 0.01864
4 2 1 15000 0.01921
4 2 1 15000 0.01818
4 2 1 15000 0.01862
4 2 1 15000 0.01782
4 2 1 15000 0.0179
4 2 1 15000 0.0183
4 2 1 15000 0.01887
4 2 1 15000 0.01861
4 2 1 15000 0.01893
4 2 1 15000 0.01781
4 2 1 15000 0.01819
4 2 1 15000 0.01825
4 2 1 15000 0.01824
4 2 1 15000 0.01828
4 2 1 15000 0.01776
4 2 1 15000 0.01727
4 2 1 15000 0.01745
4 2 1 15000 0.01681
4 2 1 15000 0.0178
4 2 1 15000 0.01711
4 2 1 15000 0.01646
4 2 1 15000 0.01696
4 2 1 15000 0.01737
4 2 1 10000 0.01264
4 2 1 10000 0.01351
4 2 1 10000 0.01314
4 2 1 10000 0.0131
4 2 1 10000 0.01367
4 2 1 10000 0.01325
4 2 1 10000 0.01299
4 2 1 10000 0.01297
4 2 1 10000 0.01325
4 2 1 10000 0.01357
4 2 1 10000 0.01351
4 2 1 10000 0.01283
4 2 1 10000 0.01321
4 2 1 10000 0.01334
4 2 1 10000 0.01291
4 2 1 10000 0.01312
4 2 1 10000 0.01272
4 2 1 10000 0.01287
4 2 1 10000 0.01248
4 2 1 10000 0.01251
4 2 1 10000 0.01231
4 2 1 10000 0.01263
4 2 1 10000 0.01245
4 2 1 10000 0.01259
4 2 1 10000 0.01222
4 2 2 113090 0.1159
4 2 2 113090 0.1154
4 2 2 112875 0.1119
4 2 2 112678 0.114
4 2 2 112600 0.1133
4 2 2 111991 0.1139
4 2 2 111991 0.1143
4 2 2 110318 0.109
4 2 2 109411 0.1107
4 2 2 108833 0.1104
4 2 2 108367 0.1098
4 2 2 108302 0.1117
4 2 2 106762 0.1099
4 2 2 106140 0.1098
4 2 2 105899 0.109
4 2 2 105277 0.1094
4 2 2 104665 0.1114
4 2 2 103250 0.1074
4 2 2 102323 0.1063
4 2 2 98611 0.1038
4 2 2 98503 0.1085
4 2 2 97701 0.1019
4 2 2 97487 0.1024
4 2 2 97381 0.1028
4 2 2 94788 0.1007
4 2 2 94685 0.1024
4 2 2 94597 0.0963
4 2 2 94343 0.09874
4 2 2 94316 0.09685
4 2 2 94050 0.09914
4 2 2 93657 0.09577
4 2 2 93389 0.09697
4 2 2 93001 0.09967
4 2 2 92763 0.09635
4 2 2 91430 0.09762
4 2 2 91220 0.09366
4 2 2 89546 0.09568
4 2 2 89125 0.0965
4 2 2 89084 0.09667
4 2 2 88799 0.08946
4 2 2 88530 0.09253
4 2 2 87426 0.0938
4 2 2 87337 0.09625
4 2 2 86092 0.09488
4 2 2 84241 0.088
4 2 2 83662 0.09185
4 2 2 82613 0.08979
4 2 2 82554 0.09179
4 2 2 82542 0.08911
4 2 2 82403 0.08861
4 2 2 82341 0.08621
4 2 2 82295 0.08819
4 2 2 82114 0.08843
4 2 2 82011 0.09194
4 2 2 81698 0.09586
4 2 2 81698 0.09068
4 2 2 81656 0.09057
4 2 2 81315 0.09077
4 2 2 81228 0.08858
4 2 2 80133 0.08885
4 2 2 79928 0.08899
4 2 2 78387 0.09068
4 2 2 78024 0.08334
4 2 2 78019 0.0884
4 2 2 77761 0.08531
4 2 2 76775 0.08425
4 2 2 76438 0.08374
4 2 2 75828 0.08374
4 2 2 75203 0.083
4 2 2 74738 0.08382
4 2 2 74593 0.08144
4 2 2 73299 0.08522
4 2 2 73299 0.08373
4 2 2 71557 0.08101
4 2 2 68145 0.07804
4 2 2 53381 0.06527
4 2 2 53372 0.06094
4 2 2 53357 0.06151
4 2 2 53313 0.0659
4 2 2 53296 0.06456
4 2 2 53267 0.06166
4 2 2 53228 0.06068
4 2 2 53213 0.06344
4 2 2 53200 0.06129
4 2 2 53147 0.06099
4 2 2 53127 0.06398
4 2 2 53063 0.06232
4 2 2 53033 0.06568
4 2 2 52812 0.06515
4 2 2 52431 0.06093
4 2 2 52060 0.06191
4 2 2 51760 0.06209
4 2 2 51245 0.06176
4 2 2 50947 0.06241
4 2 2 50208 0.06027
4 2 2 50026 0.06129
4 2 2 49928 0.06009
4 2 2 48632 0.0624
4 2 2 48383 0.05652
4 2 2 46444 0.05784
4 2 2 36662 0.04495
4 2 2 36662 0.0459
4 2 2 36662 0.04495
4 2 2 36661 0.04536
4 2 2 36618 0.04145
4 2 2 36590 0.04294
4 2 2 36586 0.04347
4 2 2 36571 0.04378
4 2 2 36562 0.04478
4 2 2 36551 0.04098
4 2 2 36547 0.04535
4 2 2 36509 0.04474
4 2 2 36312 0.04471
4 2 2 36190 0.04597
4 2 2 36050 0.04365
4 2 2 36004 0.04582
4 2 2 35880 0.04456
4 2 2 35869 0.04447
4 2 2 35623 0.04141
4 2 2 35286 0.04414
4 2 2 35056 0.0411
4 2 2 34681 0.04231
4 2 2 34650 0.0412
4 2 2 34378 0.0435
4 2 2 33551 0.03968
4 2 2 25847 0.02954
4 2 2 25842 0.03079
4 2 2 25833 0.03095
4 2 2 25829 0.02835
4 2 2 25823 0.02804
4 2 2 25817 0.02774
4 2 2 25814 0.02926
4 2 2 25790 0.02779
4 2 2 25771 0.028
4 2 2 25744 0.02839
4 2 2 25738 0.02713
4 2 2 25698 0.02953
4 2 2 25487 0.02994
4 2 2 25284 0.02921
4 2 2 25284 0.02921
4 2 2 25261 0.02917
4 2 2 25173 0.02919
4 2 2 25140 0.02996
4 2 2 25127 0.03001
4 2 2 24958 0.02904
4 2 2 24958 0.02926
4 2 2 24614 0.02891
4 2 2 24528 0.02843
4 2 2 24355 0.02861
4 2 2 24190 0.0279
4 2 2 15303 0.01831
4 2 2 15303 0.01839
4 2 2 15302 0.01931
4 2 2 15300 0.01784
4 2 2 15296 0.01794
4 2 2 15294 0.01835
4 2 2 15294 0.01842
4 2 2 15293 0.01919
4 2 2 15289 0.0189
4 2 2 15289 0.01853
4 2 2 15281 0.01777
4 2 2 15265 0.01771
4 2 2 15247 0.01878
4 2 2 15220 0.01919
4 2 2 15213 0.01937
4 2 2 15053 0.0193
4 2 2 15000 0.0188
4 2 2 14994 0.01806
4 2 2 14927 0.01803
4 2 2 14904 0.01856
4 2 2 14890 0.01743
4 2 2 14826 0.01799
4 2 2 14790 0.0185
4 2 2 14787 0.01835
4 2 2 14697 0.01791
4 2 2 10134 0.01373
4 2 2 10134 0.01261
4 2 2 10133 0.01311
4 2 2 10133 0.01263
4 2 2 10132 0.01323
4 2 2 10132 0.01259
4 2 2 10130 0.01214
4 2 2 10129 0.01358
4 2 2 10129 0.0129
4 2 2 10125 0.01257
4 2 2 10125 0.01256
4 2 2 10120 0.01404
4 2 2 10120 0.01382
4 2 2 10100 0.01348
4 2 2 10097 0.01363
4 2 2 10070 0.01331
4 2 2 10069 0.01333
4 2 2 10050 0.01322
4 2 2 10043 0.01352
4 2 2 10034 0.01358
4 2 2 9947 0.01303
4 2 2 9947 0.01286
4 2 2 9943 0.0127
4 2 2 9940 0.01295
4 2 2 9858 0.01356
4 2 3 127436 0.1902
4 2 3 127343 0.1822
4 2 3 124648 0.1719
4 2 3 124288 0.1806
4 2 3 123759 0.1697
4 2 3 122967 0.1769
4 2 3 120301 0.1171
4 2 3 119006 0.1159
4 2 3 118730 0.1179
4 2 3 116450 0.1137
4 2 3 115399 0.1189
4 2 3 114369 0.1176
4 2 3 113859 0.115
4 2 3 112755 0.1149
4 2 3 112185 0.1155
4 2 3 111053 0.1136
4 2 3 110891 0.1132
4 2 3 110884 0.1125
4 2 3 110653 0.1132
4 2 3 108945 0.1114
4 2 3 105066 0.107
4 2 3 104256 0.1036
4 2 3 103280 0.1042
4 2 3 103014 0.1046
4 2 3 100993 0.1033
4 2 3 100804 0.1001
4 2 3 99689 0.1025
4 2 3 99112 0.1045
4 2 3 98561 0.1018
4 2 3 98342 0.09898
4 2 3 96727 0.1017
4 2 3 96317 0.09923
4 2 3 94950 0.09894
4 2 3 94673 0.1033
4 2 3 93760 0.09951
4 2 3 93596 0.1007
4 2 3 93263 0.09954
4 2 3 91104 0.09887
4 2 3 91104 0.09847
4 2 3 90574 0.09666
4 2 3 90224 0.09662
4 2 3 89954 0.09412
4 2 3 89925 0.09447
4 2 3 89094 0.09325
4 2 3 88989 0.09469
4 2 3 88985 0.09583
4 2 3 88809 0.09684
4 2 3 88763 0.09379
4 2 3 88120 0.09386
4 2 3 87851 0.09564
4 2 3 87362 0.09897
4 2 3 87122 0.09244
4 2 3 86091 0.09442
4 2 3 86091 0.09401
4 2 3 84456 0.09145
4 2 3 84234 0.08956
4 2 3 83465 0.09374
4 2 3 83265 0.08761
4 2 3 82667 0.09287
4 2 3 82530 0.09033
4 2 3 82191 0.08861
4 2 3 81379 0.08978
4 2 3 81379 0.09034
4 2 3 80228 0.08737
4 2 3 80162 0.08678
4 2 3 79013 0.08861
4 2 3 78800 0.08702
4 2 3 77393 0.08647
4 2 3 75704 0.08469
4 2 3 74484 0.08331
4 2 3 73780 0.08296
4 2 3 73232 0.08361
4 2 3 72994 0.08155
4 2 3 68240 0.07824
4 2 3 68240 0.07814
4 2 3 56926 0.06924
4 2 3 56735 0.06061
4 2 3 56696 0.06581
4 2 3 56574 0.06509
4 2 3 56531 0.06238
4 2 3 56446 0.06708
4 2 3 56374 0.06454
4 2 3 56373 0.06789
4 2 3 56217 0.06263
4 2 3 56115 0.06914
4 2 3 55711 0.06341
4 2 3 55185 0.06413
4 2 3 55174 0.0652
4 2 3 54739 0.06555
4 2 3 54357 0.06648
4 2 3 54026 0.06303
4 2 3 53559 0.06228
4 2 3 51977 0.06295
4 2 3 51703 0.06098
4 2 3 50082 0.05879
4 2 3 49580 0.06048
4 2 3 48329 0.05857
4 2 3 48329 0.05853
4 2 3 46976 0.05705
4 2 3 46434 0.05727
4 2 3 38403 0.04513
4 2 3 38343 0.04414
4 2 3 38277 0.04479
4 2 3 38213 0.04558
4 2 3 38207 0.04562
4 2 3 38122 0.04504
4 2 3 37959 0.04581
4 2 3 37866 0.04534
4 2 3 37303 0.04468
4 2 3 37247 0.04438
4 2 3 36970 0.04498
4 2 3 36873 0.04401
4 2 3 36809 0.0459
4 2 3 36688 0.04444
4 2 3 36659 0.04443
4 2 3 36648 0.04495
4 2 3 36333 0.04198
4 2 3 36330 0.04427
4 2 3 36303 0.0443
4 2 3 35968 0.04011
4 2 3 35789 0.04296
4 2 3 35662 0.04173
4 2 3 35103 0.04311
4 2 3 34746 0.04183
4 2 3 32804 0.03845
4 2 3 26706 0.02987
4 2 3 26656 0.0305
4 2 3 26621 0.02739
4 2 3 26585 0.02897
4 2 3 26565 0.02756
4 2 3 26518 0.02792
4 2 3 26203 0.02803
4 2 3 26078 0.03221
4 2 3 26050 0.02965
4 2 3 25977 0.0301
4 2 3 25829 0.03119
4 2 3 25800 0.03037
4 2 3 25667 0.02855
4 2 3 25580 0.02974
4 2 3 25380 0.02788
4 2 3 25241 0.02994
4 2 3 25192 0.03087
4 2 3 25003 0.02836
4 2 3 24921 0.02668
4 2 3 24877 0.0282
4 2 3 24603 0.02916
4 2 3 24394 0.02906
4 2 3 24394 0.02881
4 2 3 23849 0.02844
4 2 3 23828 0.02823
4 2 3 15606 0.01899
4 2 3 15595 0.01841
4 2 3 15593 0.01786
4 2 3 15583 0.01762
4 2 3 15581 0.01805
4 2 3 15571 0.01751
4 2 3 15559 0.01929
4 2 3 15448 0.01922
4 2 3 15416 0.01951
4 2 3 15358 0.01876
4 2 3 15301 0.01888
4 2 3 15228 0.01821
4 2 3 15208 0.01961
4 2 3 15173 0.01823
4 2 3 15161 0.01897
4 2 3 15086 0.019
4 2 3 15055 0.0183
4 2 3 15046 0.01878
4 2 3 15027 0.01867
4 2 3 15016 0.01675
4 2 3 14975 0.01684
4 2 3 14783 0.01804
4 2 3 14783 0.01819
4 2 3 14681 0.0189
4 2 3 14656 0.01799
4 2 3 10264 0.01352
4 2 3 10261 0.01384
4 2 3 10260 0.01397
4 2 3 10258 0.0127
4 2 3 10257 0.01388
4 2 3 10256 0.0129
4 2 3 10254 0.01315
4 2 3 10253 0.01271
4 2 3 10243 0.01299
4 2 3 10239 0.01338
4 2 3 10229 0.01432
4 2 3 10228 0.01335
4 2 3 10201 0.01404
4 2 3 10180 0.01361
4 2 3 10157 0.01351
4 2 3 10109 0.01291
4 2 3 10105 0.01295
4 2 3 10078 0.01362
4 2 3 10038 0.01207
4 2 3 10010 0.01285
4 2 3 9986 0.01356
4 2 3 9956 0.01366
4 2 3 9919 0.01354
4 2 3 9883 0.01313
4 2 3 9838 0.01314
4 2 4 143182 0.1875
4 2 4 143062 0.1852
4 2 4 140693 0.1889
4 2 4 139940 0.1907
4 2 4 139717 0.1919
4 2 4 134668 0.1889
4 2 4 133412 0.1799
4 2 4 131288 0.1768
4 2 4 130965 0.1905
4 2 4 130316 0.1821
4 2 4 127685 0.1856
4 2 4 127685 0.1861
4 2 4 123901 0.1835
4 2 4 123901 0.1828
4 2 4 119040 0.1171
4 2 4 119040 0.1188
4 2 4 117307 0.1184
4 2 4 115943 0.1179
4 2 4 115451 0.1192
4 2 4 114434 0.1129
4 2 4 114260 0.1171
4 2 4 110609 0.1121
4 2 4 110088 0.1086
4 2 4 109879 0.1133
4 2 4 109569 0.1134
4 2 4 108585 0.1072
4 2 4 107709 0.1088
4 2 4 107201 0.1085
4 2 4 105717 0.1066
4 2 4 105459 0.1073
4 2 4 102915 0.1056
4 2 4 102915 0.1063
4 2 4 101870 0.106
4 2 4 100866 0.1021
4 2 4 100776 0.1054
4 2 4 100453 0.1149
4 2 4 99459 0.1248
4 2 4 98770 0.1003
4 2 4 98467 0.102
4 2 4 98425 0.09989
4 2 4 97849 0.09835
4 2 4 96856 0.1019
4 2 4 96799 0.09533
4 2 4 96373 0.09748
4 2 4 96064 0.1016
4 2 4 95967 0.09627
4 2 4 95743 0.09533
4 2 4 94480 0.1
4 2 4 93356 0.1
4 2 4 92883 0.1009
4 2 4 91696 0.09675
4 2 4 91100 0.09839
4 2 4 90526 0.09554
4 2 4 90180 0.09903
4 2 4 90078 0.09588
4 2 4 89762 0.09741
4 2 4 89286 0.09715
4 2 4 88062 0.09511
4 2 4 88021 0.0962
4 2 4 87684 0.09117
4 2 4 86334 0.09438
4 2 4 86298 0.09475
4 2 4 84735 0.08983
4 2 4 84735 0.08979
4 2 4 83595 0.09308
4 2 4 83386 0.09277
4 2 4 83159 0.09134
4 2 4 81496 0.08938
4 2 4 81137 0.09144
4 2 4 80596 0.09155
4 2 4 78670 0.08743
4 2 4 77991 0.08835
4 2 4 74880 0.08356
4 2 4 69837 0.08124
4 2 4 64918 0.07599
4 2 4 60501 0.06988
4 2 4 60315 0.06898
4 2 4 60259 0.07021
4 2 4 60125 0.06871
4 2 4 59938 0.06921
4 2 4 59768 0.06968
4 2 4 59332 0.06797
4 2 4 58994 0.06655
4 2 4 58852 0.06979
4 2 4 58424 0.06765
4 2 4 58235 0.06749
4 2 4 56829 0.06515
4 2 4 55962 0.06428
4 2 4 55863 0.06699
4 2 4 55446 0.06613
4 2 4 55313 0.06549
4 2 4 55025 0.06525
4 2 4 53303 0.06506
4 2 4 52205 0.06279
4 2 4 52090 0.06244
4 2 4 51605 0.06322
4 2 4 49128 0.05843
4 2 4 49073 0.05742
4 2 4 48857 0.06015
4 2 4 46112 0.05543
4 2 4 40208 0.04733
4 2 4 40019 0.04871
4 2 4 39978 0.04573
4 2 4 39887 0.04758
4 2 4 39856 0.04676
4 2 4 39714 0.04741
4 2 4 39175 0.04574
4 2 4 39041 0.04652
4 2 4 38726 0.04599
4 2 4 38545 0.04659
4 2 4 38393 0.04653
4 2 4 38392 0.04555
4 2 4 37951 0.04501
4 2 4 37859 0.04406
4 2 4 37662 0.04226
4 2 4 37479 0.04557
4 2 4 37364 0.04586
4 2 4 37285 0.04279
4 2 4 36807 0.04356
4 2 4 36606 0.04524
4 2 4 36566 0.04392
4 2 4 35962 0.04527
4 2 4 35551 0.04379
4 2 4 33934 0.04071
4 2 4 33934 0.04069
4 2 4 27609 0.03137
4 2 4 27511 0.02845
4 2 4 27472 0.02881
4 2 4 27447 0.02969
4 2 4 27412 0.02876
4 2 4 27316 0.02809
4 2 4 27213 0.02838
4 2 4 26867 0.03066
4 2 4 26609 0.03039
4 2 4 26609 0.03037
4 2 4 26429 0.02768
4 2 4 26335 0.02935
4 2 4 26129 0.03021
4 2 4 26043 0.03017
4 2 4 25843 0.02919
4 2 4 25715 0.0293
4 2 4 25715 0.02931
4 2 4 25325 0.0287
4 2 4 25242 0.02848
4 2 4 25182 0.02857
4 2 4 25175 0.02866
4 2 4 24339 0.02751
4 2 4 24219 0.02776
4 2 4 24037 0.02769
4 2 4 23262 0.02643
4 2 4 15920 0.01912
4 2 4 15901 0.01799
4 2 4 15889 0.01813
4 2 4 15883 0.01819
4 2 4 15873 0.01818
4 2 4 15864 0.01959
4 2 4 15759 0.02007
4 2 4 15674 0.01941
4 2 4 15653 0.01927
4 2 4 15516 0.01894
4 2 4 15470 0.01793
4 2 4 15467 0.01943
4 2 4 15420 0.01867
4 2 4 15406 0.01874
4 2 4 15358 0.01819
4 2 4 15330 0.01784
4 2 4 15324 0.01778
4 2 4 15307 0.01892
4 2 4 15282 0.0182
4 2 4 15165 0.01868
4 2 4 15048 0.01873
4 2 4 15046 0.01914
4 2 4 14958 0.01795
4 2 4 14738 0.0184
4 2 4 14567 0.01823
4 2 4 10402 0.01346
4 2 4 10395 0.01302
4 2 4 10393 0.01398
4 2 4 10392 0.01371
4 2 4 10388 0.01331
4 2 4 10381 0.01352
4 2 4 10378 0.01401
4 2 4 10370 0.01371
4 2 4 10339 0.01405
4 2 4 10338 0.01382
4 2 4 10316 0.01411
4 2 4 10259 0.01395
4 2 4 10238 0.01313
4 2 4 10233 0.01368
4 2 4 10205 0.01381
4 2 4 10197 0.01317
4 2 4 10164 0.01269
4 2 4 10122 0.01353
4 2 4 10073 0.01337
4 2 4 10073 0.01334
4 2 4 10018 0.01318
4 2 4 9984 0.01354
4 2 4 9968 0.01301
4 2 4 9948 0.01376
4 2 4 9948 0.0138
4 2 5 160992 0.1978
4 2 5 160709 0.1929
4 2 5 157219 0.1929
4 2 5 155985 0.1916
4 2 5 153959 0.1861
4 2 5 150997 0.1918
4 2 5 150562 0.1884
4 2 5 147145 0.1907
4 2 5 145938 0.1897
4 2 5 139944 0.1949
4 2 5 138733 0.1876
4 2 5 133608 0.1891
4 2 5 133300 0.187
4 2 5 129801 0.1899
4 2 5 127953 0.1807
4 2 5 126549 0.1775
4 2 5 124406 0.1841
4 2 5 124309 0.1735
4 2 5 121893 0.1176
4 2 5 121607 0.1219
4 2 5 120042 0.1191
4 2 5 119683 0.1197
4 2 5 119649 0.1155
4 2 5 118711 0.1196
4 2 5 117896 0.1141
4 2 5 117622 0.1174
4 2 5 116875 0.1142
4 2 5 116285 0.1148
4 2 5 114009 0.1148
4 2 5 114009 0.1145
4 2 5 113520 0.114
4 2 5 113464 0.1151
4 2 5 111803 0.112
4 2 5 108792 0.1078
4 2 5 108706 0.1117
4 2 5 107341 0.1078
4 2 5 107280 0.1075
4 2 5 105945 0.1055
4 2 5 105778 0.1066
4 2 5 105079 0.1072
4 2 5 104938 0.1025
4 2 5 102623 0.1009
4 2 5 101918 0.1041
4 2 5 101457 0.1029
4 2 5 101129 0.1053
4 2 5 100711 0.1036
4 2 5 100215 0.1043
4 2 5 99354 0.1032
4 2 5 99207 0.1037
4 2 5 96717 0.1029
4 2 5 96638 0.1009
4 2 5 96144 0.1017
4 2 5 95454 0.1015
4 2 5 95135 0.09431
4 2 5 94497 0.1009
4 2 5 93258 0.09877
4 2 5 93114 0.1007
4 2 5 92998 0.09649
4 2 5 92638 0.09853
4 2 5 91749 0.09921
4 2 5 90126 0.09269
4 2 5 90085 0.09521
4 2 5 89359 0.09372
4 2 5 88794 0.09526
4 2 5 88626 0.09404
4 2 5 87351 0.09586
4 2 5 86985 0.09287
4 2 5 83975 0.09113
4 2 5 83472 0.08969
4 2 5 81999 0.08503
4 2 5 81272 0.08871
4 2 5 80699 0.08719
4 2 5 75081 0.08324
4 2 5 74667 0.08263
4 2 5 70842 0.0817
4 2 5 64435 0.07236
4 2 5 64208 0.07041
4 2 5 64089 0.07059
4 2 5 63816 0.0714
4 2 5 63705 0.07093
4 2 5 62717 0.07374
4 2 5 62601 0.07103
4 2 5 62095 0.07455
4 2 5 61360 0.07108
4 2 5 60595 0.06747
4 2 5 59949 0.0688
4 2 5 59496 0.07026
4 2 5 59004 0.06929
4 2 5 58775 0.06793
4 2 5 58343 0.06958
4 2 5 56568 0.06579
4 2 5 56475 0.06788
4 2 5 55027 0.06739
4 2 5 54798 0.06491
4 2 5 53493 0.06392
4 2 5 52407 0.06267
4 2 5 52125 0.06295
4 2 5 51840 0.06306
4 2 5 50649 0.06277
4 2 5 43842 0.05171
4 2 5 42113 0.05139
4 2 5 41778 0.04903
4 2 5 41655 0.04878
4 2 5 41570 0.04734
4 2 5 40814 0.0475
4 2 5 40813 0.04652
4 2 5 40352 0.04621
4 2 5 39996 0.04767
4 2 5 39996 0.04773
4 2 5 39892 0.04783
4 2 5 39742 0.0471
4 2 5 39623 0.0462
4 2 5 39603 0.04775
4 2 5 39334 0.04475
4 2 5 39249 0.04868
4 2 5 39128 0.04489
4 2 5 38545 0.04678
4 2 5 38545 0.04664
4 2 5 37475 0.04422
4 2 5 36849 0.04419
4 2 5 36558 0.04457
4 2 5 36532 0.04506
4 2 5 36187 0.04469
4 2 5 35515 0.04514
4 2 5 34890 0.04139
4 2 5 28537 0.03168
4 2 5 28433 0.03081
4 2 5 28340 0.03147
4 2 5 28304 0.03081
4 2 5 28208 0.03055
4 2 5 27891 0.0299
4 2 5 27516 0.03184
4 2 5 27452 0.02972
4 2 5 27299 0.02839
4 2 5 26937 0.03199
4 2 5 26937 0.03196
4 2 5 26597 0.02893
4 2 5 26556 0.0317
4 2 5 26471 0.02913
4 2 5 26138 0.02989
4 2 5 26024 0.03068
4 2 5 26001 0.03113
4 2 5 25919 0.03062
4 2 5 25426 0.03066
4 2 5 25331 0.02909
4 2 5 25218 0.02892
4 2 5 25145 0.02945
4 2 5 24906 0.02916
4 2 5 24447 0.02928
4 2 5 23734 0.02827
4 2 5 16216 0.01841
4 2 5 16210 0.01905
4 2 5 16194 0.01827
4 2 5 16185 0.02017
4 2 5 16169 0.01839
4 2 5 16155 0.01864
4 2 5 15966 0.02028
4 2 5 15815 0.01798
4 2 5 15772 0.0193
4 2 5 15730 0.0195
4 2 5 15727 0.01779
4 2 5 15662 0.01933
4 2 5 15636 0.01946
4 2 5 15635 0.01923
4 2 5 15600 0.01878
4 2 5 15592 0.01946
4 2 5 15521 0.0195
4 2 5 15392 0.01894
4 2 5 15355 0.01941
4 2 5 15351 0.01951
4 2 5 15255 0.01887
4 2 5 15196 0.0178
4 2 5 15168 0.01853
4 2 5 15037 0.01855
4 2 5 14588 0.01915
4 2 5 10532 0.01332
4 2 5 10528 0.01325
4 2 5 10526 0.01301
4 2 5 10525 0.01379
4 2 5 10516 0.01345
4 2 5 10493 0.01394
4 2 5 10485 0.01491
4 2 5 10463 0.01388
4 2 5 10432 0.01424
4 2 5 10402 0.01427
4 2 5 10367 0.01384
4 2 5 10364 0.01356
4 2 5 10335 0.01436
4 2 5 10326 0.01439
4 2 5 10298 0.01293
4 2 5 10281 0.01456
4 2 5 10208 0.01378
4 2 5 10205 0.01433
4 2 5 10165 0.01335
4 2 5 10142 0.01336
4 2 5 10108 0.01315
4 2 5 10102 0.01334
4 2 5 10072 0.01342
4 2 5 10029 0.01409
4 2 5 9751 0.01264
