4 1 1 100000 0.1869
4 1 1 100000 0.179
4 1 1 100000 0.176
4 1 1 100000 0.1811
4 1 1 100000 0.176
4 1 1 100000 0.1744
4 1 1 100000 0.1752
4 1 1 100000 0.1751
4 1 1 100000 0.1109
4 1 1 100000 0.111
4 1 1 100000 0.1125
4 1 1 100000 0.1119
4 1 1 100000 0.1113
4 1 1 100000 0.111
4 1 1 100000 0.112
4 1 1 100000 0.1126
4 1 1 100000 0.1118
4 1 1 100000 0.1116
4 1 1 100000 0.1119
4 1 1 100000 0.1042
4 1 1 100000 0.1042
4 1 1 100000 0.1047
4 1 1 100000 0.1049
4 1 1 100000 0.1034
4 1 1 100000 0.105
4 1 1 85000 0.1366
4 1 1 85000 0.1371
4 1 1 85000 0.1373
4 1 1 85000 0.1366
4 1 1 85000 0.1375
4 1 1 85000 0.1365
4 1 1 85000 0.1387
4 1 1 85000 0.1364
4 1 1 85000 0.08928
4 1 1 85000 0.08932
4 1 1 85000 0.08986
4 1 1 85000 0.08875
4 1 1 85000 0.0913
4 1 1 85000 0.09028
4 1 1 85000 0.09082
4 1 1 85000 0.09026
4 1 1 85000 0.09051
4 1 1 85000 0.08996
4 1 1 85000 0.08969
4 1 1 85000 0.08998
4 1 1 85000 0.08981
4 1 1 85000 0.09017
4 1 1 85000 0.09001
4 1 1 85000 0.09036
4 1 1 85000 0.08933
4 1 1 75000 0.1246
4 1 1 75000 0.1245
4 1 1 75000 0.1257
4 1 1 75000 0.1255
4 1 1 75000 0.125
4 1 1 75000 0.1258
4 1 1 75000 0.1253
4 1 1 75000 0.1251
4 1 1 75000 0.07576
4 1 1 75000 0.07508
4 1 1 75000 0.07535
4 1 1 75000 0.07489
4 1 1 75000 0.07529
4 1 1 75000 0.07441
4 1 1 75000 0.07578
4 1 1 75000 0.07456
4 1 1 75000 0.07524
4 1 1 75000 0.07451
4 1 1 75000 0.07556
4 1 1 75000 0.07412
4 1 1 75000 0.07492
4 1 1 75000 0.07475
4 1 1 75000 0.07493
4 1 1 75000 0.07506
4 1 1 75000 0.07537
4 1 1 50000 0.09428
4 1 1 50000 0.09286
4 1 1 50000 0.09222
4 1 1 50000 0.0939
4 1 1 50000 0.09423
4 1 1 50000 0.09154
4 1 1 50000 0.09377
4 1 1 50000 0.09501
4 1 1 50000 0.04349
4 1 1 50000 0.0429
4 1 1 50000 0.04317
4 1 1 50000 0.04265
4 1 1 50000 0.04303
4 1 1 50000 0.04312
4 1 1 50000 0.04311
4 1 1 50000 0.04316
4 1 1 50000 0.04298
4 1 1 50000 0.04291
4 1 1 50000 0.04305
4 1 1 50000 0.04311
4 1 1 50000 0.04305
4 1 1 50000 0.0427
4 1 1 50000 0.04295
4 1 1 50000 0.04309
4 1 1 50000 0.0428
4 1 1 35000 0.06795
4 1 1 35000 0.06824
4 1 1 35000 0.06774
4 1 1 35000 0.06682
4 1 1 35000 0.06866
4 1 1 35000 0.0688
4 1 1 35000 0.06875
4 1 1 35000 0.06679
4 1 1 35000 0.02794
4 1 1 35000 0.02811
4 1 1 35000 0.02827
4 1 1 35000 0.02807
4 1 1 35000 0.02801
4 1 1 35000 0.02803
4 1 1 35000 0.02793
4 1 1 35000 0.02822
4 1 1 35000 0.02815
4 1 1 35000 0.02785
4 1 1 35000 0.02808
4 1 1 35000 0.0281
4 1 1 35000 0.0279
4 1 1 35000 0.02797
4 1 1 35000 0.02818
4 1 1 35000 0.02822
4 1 1 35000 0.02803
4 1 1 25000 0.0485
4 1 1 25000 0.04843
4 1 1 25000 0.04795
4 1 1 25000 0.04798
4 1 1 25000 0.04864
4 1 1 25000 0.04734
4 1 1 25000 0.04787
4 1 1 25000 0.04816
4 1 1 25000 0.01225
4 1 1 25000 0.01246
4 1 1 25000 0.0122
4 1 1 25000 0.01228
4 1 1 25000 0.01233
4 1 1 25000 0.01225
4 1 1 25000 0.01234
4 1 1 25000 0.01221
4 1 1 25000 0.01223
4 1 1 25000 0.01233
4 1 1 25000 0.0123
4 1 1 25000 0.01214
4 1 1 25000 0.01232
4 1 1 25000 0.01221
4 1 1 25000 0.01223
4 1 1 25000 0.0124
4 1 1 25000 0.01226
4 1 1 15000 0.02969
4 1 1 15000 0.02962
4 1 1 15000 0.02968
4 1 1 15000 0.02949
4 1 1 15000 0.02962
4 1 1 15000 0.02984
4 1 1 15000 0.02921
4 1 1 15000 0.02983
4 1 1 15000 0.008138
4 1 1 15000 0.008412
4 1 1 15000 0.007953
4 1 1 15000 0.008056
4 1 1 15000 0.008015
4 1 1 15000 0.008097
4 1 1 15000 0.008066
4 1 1 15000 0.007949
4 1 1 15000 0.008057
4 1 1 15000 0.00807
4 1 1 15000 0.008124
4 1 1 15000 0.008044
4 1 1 15000 0.00798
4 1 1 15000 0.008097
4 1 1 15000 0.007935
4 1 1 15000 0.008017
4 1 1 15000 0.007967
4 1 1 10000 0.01999
4 1 1 10000 0.02031
4 1 1 10000 0.02015
4 1 1 10000 0.0201
4 1 1 10000 0.02037
4 1 1 10000 0.02065
4 1 1 10000 0.02027
4 1 1 10000 0.02034
4 1 1 10000 0.006083
4 1 1 10000 0.006188
4 1 1 10000 0.006033
4 1 1 10000 0.006053
4 1 1 10000 0.006139
4 1 1 10000 0.006049
4 1 1 10000 0.006021
4 1 1 10000 0.006087
4 1 1 10000 0.006025
4 1 1 10000 0.006436
4 1 1 10000 0.006067
4 1 1 10000 0.006028
4 1 1 10000 0.006061
4 1 1 10000 0.006197
4 1 1 10000 0.006169
4 1 1 10000 0.006052
4 1 1 10000 0.006146
4 1 2 113381 0.17
4 1 2 111882 0.1676
4 1 2 105374 0.1622
4 1 2 102269 0.1558
4 1 2 101330 0.1554
4 1 2 101248 0.1548
4 1 2 100000 0.1034
4 1 2 100000 0.1039
4 1 2 100000 0.1044
4 1 2 100000 0.103
4 1 2 100000 0.104
4 1 2 100000 0.1048
4 1 2 100000 0.1046
4 1 2 100000 0.1043
4 1 2 100000 0.1036
4 1 2 100000 0.1044
4 1 2 100000 0.1045
4 1 2 100000 0.1044
4 1 2 100000 0.1029
4 1 2 100000 0.1041
4 1 2 100000 0.1044
4 1 2 100000 0.1049
4 1 2 98466 0.1519
4 1 2 97701 0.1514
4 1 2 94559 0.1405
4 1 2 93330 0.1458
4 1 2 93197 0.1462
4 1 2 90356 0.1433
4 1 2 90077 0.1415
4 1 2 85000 0.08946
4 1 2 85000 0.08927
4 1 2 85000 0.09019
4 1 2 85000 0.08911
4 1 2 85000 0.08845
4 1 2 85000 0.08917
4 1 2 85000 0.08967
4 1 2 85000 0.08913
4 1 2 85000 0.08986
4 1 2 85000 0.08938
4 1 2 85000 0.09031
4 1 2 85000 0.09006
4 1 2 85000 0.08941
4 1 2 85000 0.08897
4 1 2 85000 0.08909
4 1 2 85000 0.08866
4 1 2 85000 0.08987
4 1 2 83271 0.1337
4 1 2 81778 0.1322
4 1 2 81321 0.1313
4 1 2 79435 0.1312
4 1 2 79430 0.1308
4 1 2 78636 0.1271
4 1 2 77039 0.1256
4 1 2 76062 0.1267
4 1 2 75000 0.07473
4 1 2 75000 0.07599
4 1 2 75000 0.07496
4 1 2 75000 0.07454
4 1 2 75000 0.07451
4 1 2 75000 0.0745
4 1 2 75000 0.07448
4 1 2 75000 0.07415
4 1 2 75000 0.07475
4 1 2 75000 0.07478
4 1 2 75000 0.07521
4 1 2 75000 0.07469
4 1 2 75000 0.07463
4 1 2 75000 0.07443
4 1 2 75000 0.07513
4 1 2 75000 0.07529
4 1 2 75000 0.07523
4 1 2 74955 0.1238
4 1 2 74577 0.1235
4 1 2 71388 0.1193
4 1 2 69796 0.119
4 1 2 53375 0.09649
4 1 2 53060 0.09771
4 1 2 52280 0.09825
4 1 2 51411 0.09708
4 1 2 51311 0.09564
4 1 2 50000 0.04276
4 1 2 50000 0.04282
4 1 2 50000 0.04306
4 1 2 50000 0.04253
4 1 2 50000 0.04268
4 1 2 50000 0.04319
4 1 2 50000 0.04304
4 1 2 50000 0.0432
4 1 2 50000 0.04299
4 1 2 50000 0.04289
4 1 2 50000 0.04287
4 1 2 50000 0.04352
4 1 2 50000 0.04285
4 1 2 50000 0.04322
4 1 2 50000 0.04284
4 1 2 50000 0.04275
4 1 2 50000 0.04292
4 1 2 50000 0.04328
4 1 2 48226 0.09078
4 1 2 47249 0.08646
4 1 2 36662 0.06825
4 1 2 36662 0.06975
4 1 2 36312 0.06931
4 1 2 36050 0.0693
4 1 2 35875 0.06892
4 1 2 35612 0.0686
4 1 2 35000 0.02835
4 1 2 35000 0.02799
4 1 2 35000 0.0281
4 1 2 35000 0.02807
4 1 2 35000 0.02797
4 1 2 35000 0.02813
4 1 2 35000 0.02814
4 1 2 35000 0.02821
4 1 2 35000 0.02808
4 1 2 35000 0.02811
4 1 2 35000 0.02773
4 1 2 35000 0.028
4 1 2 35000 0.02803
4 1 2 35000 0.02803
4 1 2 35000 0.02791
4 1 2 35000 0.02815
4 1 2 34825 0.06736
4 1 2 34457 0.06538
4 1 2 33877 0.06506
4 1 2 25848 0.04876
4 1 2 25820 0.04962
4 1 2 25686 0.04881
4 1 2 25452 0.04809
4 1 2 25000 0.01218
4 1 2 25000 0.01224
4 1 2 25000 0.01227
4 1 2 25000 0.01241
4 1 2 25000 0.01234
4 1 2 25000 0.01235
4 1 2 25000 0.01241
4 1 2 25000 0.01226
4 1 2 25000 0.01231
4 1 2 25000 0.01233
4 1 2 25000 0.01226
4 1 2 25000 0.01233
4 1 2 25000 0.01228
4 1 2 25000 0.01226
4 1 2 25000 0.01222
4 1 2 25000 0.01247
4 1 2 25000 0.0123
4 1 2 24953 0.04817
4 1 2 24923 0.04837
4 1 2 24335 0.04717
4 1 2 24136 0.04559
4 1 2 15283 0.02996
4 1 2 15184 0.02982
4 1 2 15062 0.02987
4 1 2 15031 0.02964
4 1 2 15000 0.008109
4 1 2 15000 0.008008
4 1 2 15000 0.008024
4 1 2 15000 0.008007
4 1 2 15000 0.007995
4 1 2 15000 0.007862
4 1 2 15000 0.008083
4 1 2 15000 0.008038
4 1 2 15000 0.007975
4 1 2 15000 0.008021
4 1 2 15000 0.007931
4 1 2 15000 0.007933
4 1 2 15000 0.008081
4 1 2 15000 0.007891
4 1 2 15000 0.008027
4 1 2 15000 0.008053
4 1 2 14991 0.02944
4 1 2 14923 0.02988
4 1 2 14815 0.02924
4 1 2 14812 0.02957
4 1 2 14732 0.02987
4 1 2 10134 0.02061
4 1 2 10132 0.0208
4 1 2 10112 0.02052
4 1 2 10098 0.02062
4 1 2 10048 0.02055
4 1 2 10000 0.006098
4 1 2 10000 0.006037
4 1 2 10000 0.006057
4 1 2 10000 0.006094
4 1 2 10000 0.006099
4 1 2 10000 0.006132
4 1 2 10000 0.006118
4 1 2 10000 0.006171
4 1 2 10000 0.006041
4 1 2 10000 0.006092
4 1 2 10000 0.006107
4 1 2 10000 0.006064
4 1 2 10000 0.006042
4 1 2 10000 0.00601
4 1 2 10000 0.006109
4 1 2 10000 0.006068
4 1 2 10000 0.006129
4 1 2 9997 0.01994
4 1 2 9892 0.02018
4 1 2 9885 0.02035
4 1 3 122520 0.1809
4 1 3 117201 0.1743
4 1 3 115602 0.1719
4 1 3 112425 0.168
4 1 3 105937 0.1614
4 1 3 102601 0.1578
4 1 3 101700 0.1564
4 1 3 100000 0.1044
4 1 3 100000 0.1045
4 1 3 100000 0.1039
4 1 3 100000 0.1039
4 1 3 100000 0.105
4 1 3 100000 0.1042
4 1 3 100000 0.1045
4 1 3 100000 0.103
4 1 3 100000 0.1045
4 1 3 100000 0.1041
4 1 3 100000 0.1052
4 1 3 100000 0.1041
4 1 3 100000 0.1057
4 1 3 100000 0.1042
4 1 3 100000 0.105
4 1 3 100000 0.1041
4 1 3 100000 0.1039
4 1 3 96866 0.1506
4 1 3 95891 0.1491
4 1 3 92738 0.1448
4 1 3 90237 0.1406
4 1 3 89711 0.1408
4 1 3 86484 0.1384
4 1 3 86143 0.1304
4 1 3 85000 0.08937
4 1 3 85000 0.08964
4 1 3 85000 0.08941
4 1 3 85000 0.09044
4 1 3 85000 0.08943
4 1 3 85000 0.09001
4 1 3 85000 0.08958
4 1 3 85000 0.09037
4 1 3 85000 0.09052
4 1 3 85000 0.09032
4 1 3 85000 0.08955
4 1 3 85000 0.08985
4 1 3 85000 0.08979
4 1 3 85000 0.08966
4 1 3 85000 0.09065
4 1 3 85000 0.09084
4 1 3 85000 0.08952
4 1 3 83884 0.1378
4 1 3 83118 0.1347
4 1 3 82027 0.1339
4 1 3 80682 0.1318
4 1 3 79740 0.1312
4 1 3 78910 0.1295
4 1 3 77607 0.1286
4 1 3 75000 0.0754
4 1 3 75000 0.07497
4 1 3 75000 0.07489
4 1 3 75000 0.07503
4 1 3 75000 0.07519
4 1 3 75000 0.07536
4 1 3 75000 0.07559
4 1 3 75000 0.07485
4 1 3 75000 0.07478
4 1 3 75000 0.07447
4 1 3 75000 0.07509
4 1 3 75000 0.0755
4 1 3 75000 0.07494
4 1 3 75000 0.07439
4 1 3 75000 0.07527
4 1 3 75000 0.07444
4 1 3 75000 0.07483
4 1 3 73279 0.1187
4 1 3 71720 0.1223
4 1 3 70905 0.12
4 1 3 55827 0.104
4 1 3 55331 0.1019
4 1 3 53521 0.09974
4 1 3 53058 0.09885
4 1 3 52112 0.09567
4 1 3 51236 0.09518
4 1 3 50000 0.04263
4 1 3 50000 0.04295
4 1 3 50000 0.04338
4 1 3 50000 0.04287
4 1 3 50000 0.04266
4 1 3 50000 0.04308
4 1 3 50000 0.04313
4 1 3 50000 0.04339
4 1 3 50000 0.04302
4 1 3 50000 0.0432
4 1 3 50000 0.04266
4 1 3 50000 0.04329
4 1 3 50000 0.04382
4 1 3 50000 0.04351
4 1 3 50000 0.04315
4 1 3 50000 0.04284
4 1 3 50000 0.04302
4 1 3 48631 0.09074
4 1 3 45962 0.08539
4 1 3 38392 0.07098
4 1 3 37782 0.06944
4 1 3 37297 0.07071
4 1 3 36474 0.06968
4 1 3 36327 0.07012
4 1 3 36288 0.06922
4 1 3 35460 0.06833
4 1 3 35000 0.02803
4 1 3 35000 0.02798
4 1 3 35000 0.02848
4 1 3 35000 0.02825
4 1 3 35000 0.02798
4 1 3 35000 0.02792
4 1 3 35000 0.02788
4 1 3 35000 0.02814
4 1 3 35000 0.02793
4 1 3 35000 0.0282
4 1 3 35000 0.02817
4 1 3 35000 0.02795
4 1 3 35000 0.02825
4 1 3 35000 0.02798
4 1 3 35000 0.02822
4 1 3 35000 0.02816
4 1 3 35000 0.02803
4 1 3 34887 0.06773
4 1 3 25872 0.0489
4 1 3 25505 0.04835
4 1 3 25370 0.04858
4 1 3 25179 0.04856
4 1 3 25087 0.04788
4 1 3 25000 0.0123
4 1 3 25000 0.01221
4 1 3 25000 0.01221
4 1 3 25000 0.01231
4 1 3 25000 0.01229
4 1 3 25000 0.01236
4 1 3 25000 0.01223
4 1 3 25000 0.01219
4 1 3 25000 0.01217
4 1 3 25000 0.01247
4 1 3 25000 0.01223
4 1 3 25000 0.01225
4 1 3 25000 0.0123
4 1 3 25000 0.01238
4 1 3 25000 0.01231
4 1 3 25000 0.01227
4 1 3 24900 0.04806
4 1 3 24870 0.04869
4 1 3 24193 0.04632
4 1 3 23622 0.04623
4 1 3 15603 0.03149
4 1 3 15408 0.03136
4 1 3 15231 0.03052
4 1 3 15201 0.03024
4 1 3 15062 0.03011
4 1 3 15000 0.008084
4 1 3 15000 0.007964
4 1 3 15000 0.008076
4 1 3 15000 0.008066
4 1 3 15000 0.008068
4 1 3 15000 0.007982
4 1 3 15000 0.008035
4 1 3 15000 0.008039
4 1 3 15000 0.007956
4 1 3 15000 0.00803
4 1 3 15000 0.008122
4 1 3 15000 0.007996
4 1 3 15000 0.008004
4 1 3 15000 0.008021
4 1 3 15000 0.008001
4 1 3 15000 0.007986
4 1 3 15000 0.008047
4 1 3 14893 0.02976
4 1 3 14781 0.02946
4 1 3 14728 0.02971
4 1 3 10264 0.02199
4 1 3 10212 0.02115
4 1 3 10170 0.02097
4 1 3 10122 0.02106
4 1 3 10052 0.02094
4 1 3 10017 0.02005
4 1 3 10000 0.006121
4 1 3 10000 0.00603
4 1 3 10000 0.006039
4 1 3 10000 0.006102
4 1 3 10000 0.00604
4 1 3 10000 0.006014
4 1 3 10000 0.005956
4 1 3 10000 0.006074
4 1 3 10000 0.00604
4 1 3 10000 0.006098
4 1 3 10000 0.006067
4 1 3 10000 0.006009
4 1 3 10000 0.006026
4 1 3 10000 0.006083
4 1 3 10000 0.006107
4 1 3 10000 0.006079
4 1 3 9966 0.02051
4 1 3 9953 0.02058
4 1 3 9844 0.02055
4 1 4 129519 0.3096
4 1 4 122835 0.1798
4 1 4 119578 0.1765
4 1 4 116402 0.1746
4 1 4 111969 0.1673
4 1 4 109613 0.1652
4 1 4 104833 0.1693
4 1 4 102823 0.1567
4 1 4 100000 0.1039
4 1 4 100000 0.1041
4 1 4 100000 0.1049
4 1 4 100000 0.1044
4 1 4 100000 0.1048
4 1 4 100000 0.1041
4 1 4 100000 0.1049
4 1 4 100000 0.1043
4 1 4 100000 0.1052
4 1 4 100000 0.1037
4 1 4 100000 0.1042
4 1 4 100000 0.1037
4 1 4 100000 0.1044
4 1 4 100000 0.1038
4 1 4 100000 0.1038
4 1 4 100000 0.1042
4 1 4 100000 0.1041
4 1 4 97727 0.143
4 1 4 94513 0.1482
4 1 4 94297 0.1457
4 1 4 92404 0.1438
4 1 4 90459 0.1419
4 1 4 86783 0.1316
4 1 4 86744 0.1375
4 1 4 86340 0.1369
4 1 4 85427 0.1362
4 1 4 85000 0.08905
4 1 4 85000 0.08851
4 1 4 85000 0.08856
4 1 4 85000 0.08956
4 1 4 85000 0.08948
4 1 4 85000 0.08967
4 1 4 85000 0.09005
4 1 4 85000 0.08861
4 1 4 85000 0.08914
4 1 4 85000 0.09028
4 1 4 85000 0.08889
4 1 4 85000 0.08971
4 1 4 85000 0.0899
4 1 4 85000 0.08991
4 1 4 85000 0.09007
4 1 4 85000 0.08942
4 1 4 85000 0.09014
4 1 4 84793 0.1362
4 1 4 82642 0.1333
4 1 4 79353 0.1291
4 1 4 77998 0.1274
4 1 4 77466 0.1286
4 1 4 76192 0.1255
4 1 4 75000 0.07561
4 1 4 75000 0.07527
4 1 4 75000 0.07592
4 1 4 75000 0.07484
4 1 4 75000 0.07494
4 1 4 75000 0.07585
4 1 4 75000 0.07547
4 1 4 75000 0.0746
4 1 4 75000 0.07469
4 1 4 75000 0.07574
4 1 4 75000 0.07591
4 1 4 75000 0.07563
4 1 4 75000 0.07545
4 1 4 75000 0.07531
4 1 4 75000 0.07574
4 1 4 75000 0.07588
4 1 4 75000 0.07505
4 1 4 68248 0.1165
4 1 4 57903 0.1052
4 1 4 55059 0.1019
4 1 4 54761 0.1067
4 1 4 53977 0.1237
4 1 4 52735 0.117
4 1 4 52435 0.1139
4 1 4 50796 0.114
4 1 4 50000 0.06288
4 1 4 50000 0.06286
4 1 4 50000 0.06311
4 1 4 50000 0.06291
4 1 4 50000 0.06277
4 1 4 50000 0.06273
4 1 4 50000 0.0626
4 1 4 50000 0.06266
4 1 4 50000 0.06258
4 1 4 50000 0.05451
4 1 4 50000 0.0519
4 1 4 50000 0.05
4 1 4 50000 0.05062
4 1 4 50000 0.04593
4 1 4 50000 0.04791
4 1 4 50000 0.04592
4 1 4 49727 0.0937
4 1 4 48966 0.09309
4 1 4 39250 0.07577
4 1 4 37703 0.07108
4 1 4 37399 0.07718
4 1 4 36996 0.08409
4 1 4 36480 0.0824
4 1 4 36035 0.08094
4 1 4 35760 0.08013
4 1 4 35000 0.04108
4 1 4 35000 0.04155
4 1 4 35000 0.04087
4 1 4 35000 0.04094
4 1 4 35000 0.04171
4 1 4 35000 0.04156
4 1 4 35000 0.04105
4 1 4 35000 0.03911
4 1 4 35000 0.03996
4 1 4 35000 0.04044
4 1 4 35000 0.04092
4 1 4 35000 0.03703
4 1 4 35000 0.03089
4 1 4 35000 0.02809
4 1 4 35000 0.02809
4 1 4 35000 0.02817
4 1 4 35000 0.02796
4 1 4 33981 0.06559
4 1 4 26439 0.05002
4 1 4 26161 0.04882
4 1 4 25919 0.04913
4 1 4 25667 0.04879
4 1 4 25081 0.04776
4 1 4 25000 0.0123
4 1 4 25000 0.01237
4 1 4 25000 0.01216
4 1 4 25000 0.01221
4 1 4 25000 0.01241
4 1 4 25000 0.01224
4 1 4 25000 0.01234
4 1 4 25000 0.01239
4 1 4 25000 0.01235
4 1 4 25000 0.0122
4 1 4 25000 0.01241
4 1 4 25000 0.01233
4 1 4 25000 0.0124
4 1 4 25000 0.01226
4 1 4 25000 0.01238
4 1 4 25000 0.01229
4 1 4 25000 0.01232
4 1 4 24803 0.04822
4 1 4 23860 0.04582
4 1 4 23742 0.04573
4 1 4 15802 0.03187
4 1 4 15539 0.03265
4 1 4 15367 0.03085
4 1 4 15349 0.03424
4 1 4 15176 0.0329
4 1 4 15142 0.03285
4 1 4 15021 0.03262
4 1 4 15000 0.008736
4 1 4 15000 0.01002
4 1 4 15000 0.008854
4 1 4 15000 0.01015
4 1 4 15000 0.01029
4 1 4 15000 0.01021
4 1 4 15000 0.01062
4 1 4 15000 0.01037
4 1 4 15000 0.007938
4 1 4 15000 0.01025
4 1 4 15000 0.008037
4 1 4 15000 0.01022
4 1 4 15000 0.008354
4 1 4 15000 0.008678
4 1 4 15000 0.008239
4 1 4 15000 0.008012
4 1 4 15000 0.008799
4 1 4 14593 0.02951
4 1 4 10264 0.02246
4 1 4 10240 0.02246
4 1 4 10187 0.02105
4 1 4 10153 0.02308
4 1 4 10091 0.02126
4 1 4 10066 0.02263
4 1 4 10018 0.02251
4 1 4 10000 0.008151
4 1 4 10000 0.008001
4 1 4 10000 0.008162
4 1 4 10000 0.008041
4 1 4 10000 0.008143
4 1 4 10000 0.00725
4 1 4 10000 0.006029
4 1 4 10000 0.00599
4 1 4 10000 0.006057
4 1 4 10000 0.006063
4 1 4 10000 0.006022
4 1 4 10000 0.006027
4 1 4 10000 0.005981
4 1 4 10000 0.006025
4 1 4 10000 0.006023
4 1 4 10000 0.006001
4 1 4 10000 0.006024
4 1 4 9791 0.02006
4 1 5 146327 0.3716
4 1 5 128727 0.3393
4 1 5 120682 0.217
4 1 5 118833 0.1961
4 1 5 115801 0.2123
4 1 5 113577 0.213
4 1 5 111829 0.2123
4 1 5 109319 0.1997
4 1 5 104513 0.1964
4 1 5 101751 0.1913
4 1 5 100000 0.1393
4 1 5 100000 0.1466
4 1 5 100000 0.1483
4 1 5 100000 0.1558
4 1 5 100000 0.1117
4 1 5 100000 0.1106
4 1 5 100000 0.1096
4 1 5 100000 0.1117
4 1 5 100000 0.1112
4 1 5 100000 0.1104
4 1 5 100000 0.1111
4 1 5 100000 0.1119
4 1 5 100000 0.1092
4 1 5 100000 0.109
4 1 5 100000 0.1123
4 1 5 100000 0.1113
4 1 5 99535 0.1577
4 1 5 95846 0.1545
4 1 5 94192 0.1541
4 1 5 93384 0.1517
4 1 5 92736 0.1504
4 1 5 91979 0.1513
4 1 5 90367 0.1403
4 1 5 90144 0.148
4 1 5 86733 0.1437
4 1 5 86606 0.1469
4 1 5 85000 0.09521
4 1 5 85000 0.09575
4 1 5 85000 0.097
4 1 5 85000 0.09554
4 1 5 85000 0.09571
4 1 5 85000 0.09629
4 1 5 85000 0.09434
4 1 5 85000 0.09593
4 1 5 85000 0.0956
4 1 5 85000 0.09697
4 1 5 85000 0.09705
4 1 5 85000 0.09503
4 1 5 85000 0.09393
4 1 5 85000 0.09405
4 1 5 85000 0.09802
4 1 5 85000 0.09717
4 1 5 83984 0.1413
4 1 5 83565 0.1404
4 1 5 78529 0.1396
4 1 5 77331 0.1328
4 1 5 75000 0.08043
4 1 5 75000 0.08091
4 1 5 75000 0.0813
4 1 5 75000 0.07957
4 1 5 75000 0.08014
4 1 5 75000 0.08058
4 1 5 75000 0.08018
4 1 5 75000 0.0807
4 1 5 75000 0.08055
4 1 5 75000 0.1009
4 1 5 75000 0.09034
4 1 5 75000 0.08837
4 1 5 75000 0.08934
4 1 5 75000 0.08706
4 1 5 75000 0.08169
4 1 5 75000 0.08225
4 1 5 75000 0.08281
4 1 5 71933 0.1307
4 1 5 69094 0.1279
4 1 5 58613 0.1128
4 1 5 57924 0.1119
4 1 5 55861 0.1067
4 1 5 55083 0.1099
4 1 5 54768 0.1071
4 1 5 53304 0.1078
4 1 5 52616 0.1077
4 1 5 50000 0.05335
4 1 5 50000 0.06467
4 1 5 50000 0.05994
4 1 5 50000 0.05865
4 1 5 50000 0.05887
4 1 5 50000 0.0625
4 1 5 50000 0.06475
4 1 5 50000 0.0653
4 1 5 50000 0.05988
4 1 5 50000 0.05913
4 1 5 50000 0.0584
4 1 5 50000 0.0598
4 1 5 50000 0.05938
4 1 5 50000 0.06396
4 1 5 50000 0.06642
4 1 5 50000 0.06154
4 1 5 49397 0.09438
4 1 5 47615 0.09022
4 1 5 41017 0.07883
4 1 5 39228 0.07565
4 1 5 37893 0.07188
4 1 5 37405 0.07317
4 1 5 37305 0.07229
4 1 5 36590 0.07271
4 1 5 36203 0.07021
4 1 5 35436 0.0696
4 1 5 35000 0.02824
4 1 5 35000 0.02807
4 1 5 35000 0.02839
4 1 5 35000 0.02833
4 1 5 35000 0.02809
4 1 5 35000 0.02829
4 1 5 35000 0.02839
4 1 5 35000 0.0282
4 1 5 35000 0.02839
4 1 5 35000 0.02832
4 1 5 35000 0.02814
4 1 5 35000 0.02868
4 1 5 35000 0.02842
4 1 5 35000 0.02846
4 1 5 35000 0.02869
4 1 5 35000 0.0284
4 1 5 32128 0.06048
4 1 5 27271 0.05226
4 1 5 26670 0.05193
4 1 5 26197 0.04985
4 1 5 25839 0.04878
4 1 5 25466 0.04984
4 1 5 25050 0.04977
4 1 5 25000 0.01248
4 1 5 25000 0.01259
4 1 5 25000 0.01238
4 1 5 25000 0.01273
4 1 5 25000 0.01245
4 1 5 25000 0.0124
4 1 5 25000 0.01246
4 1 5 25000 0.01245
4 1 5 25000 0.01244
4 1 5 25000 0.01241
4 1 5 25000 0.01233
4 1 5 25000 0.01231
4 1 5 25000 0.01236
4 1 5 25000 0.01229
4 1 5 25000 0.01241
4 1 5 25000 0.01238
4 1 5 25000 0.01229
4 1 5 24402 0.04791
4 1 5 23778 0.04651
4 1 5 15817 0.03212
4 1 5 15640 0.03223
4 1 5 15563 0.03192
4 1 5 15417 0.03248
4 1 5 15361 0.03204
4 1 5 15180 0.03095
4 1 5 15018 0.03105
4 1 5 15000 0.008066
4 1 5 15000 0.008216
4 1 5 15000 0.00811
4 1 5 15000 0.007756
4 1 5 15000 0.008028
4 1 5 15000 0.007878
4 1 5 15000 0.007936
4 1 5 15000 0.008088
4 1 5 15000 0.007939
4 1 5 15000 0.00783
4 1 5 15000 0.007874
4 1 5 15000 0.007844
4 1 5 15000 0.007977
4 1 5 15000 0.008043
4 1 5 15000 0.007889
4 1 5 15000 0.007996
4 1 5 15000 0.007808
4 1 5 14574 0.03006
4 1 5 10443 0.02304
4 1 5 10331 0.02263
4 1 5 10219 0.02145
4 1 5 10205 0.02144
4 1 5 10171 0.0213
4 1 5 10140 0.02116
4 1 5 10102 0.02157
4 1 5 10000 0.006111
4 1 5 10000 0.006011
4 1 5 10000 0.006105
4 1 5 10000 0.006046
4 1 5 10000 0.006
4 1 5 10000 0.00618
4 1 5 10000 0.00613
4 1 5 10000 0.006056
4 1 5 10000 0.006042
4 1 5 10000 0.005981
4 1 5 10000 0.006071
4 1 5 10000 0.006028
4 1 5 10000 0.006028
4 1 5 10000 0.006023
4 1 5 10000 0.006071
4 1 5 10000 0.006062
4 1 5 10000 0.006048
4 1 5 9670 0.02027
