16 4 1 100000 0.1753
16 4 1 100000 0.168
16 4 1 100000 0.1629
16 4 1 100000 0.1649
16 4 1 100000 0.1678
16 4 1 100000 0.1646
16 4 1 85000 0.1477
16 4 1 85000 0.1467
16 4 1 85000 0.1494
16 4 1 85000 0.1483
16 4 1 85000 0.1465
16 4 1 85000 0.1448
16 4 1 85000 0.1479
16 4 1 75000 0.1324
16 4 1 75000 0.1198
16 4 1 75000 0.1098
16 4 1 75000 0.1067
16 4 1 75000 0.1085
16 4 1 50000 0.08494
16 4 1 50000 0.08568
16 4 1 50000 0.08753
16 4 1 50000 0.09849
16 4 1 50000 0.0973
16 4 1 50000 0.09965
16 4 1 50000 0.09772
16 4 1 35000 0.07063
16 4 1 35000 0.07163
16 4 1 35000 0.07091
16 4 1 35000 0.06962
16 4 1 35000 0.07169
16 4 1 35000 0.07133
16 4 1 25000 0.04796
16 4 1 25000 0.04867
16 4 1 25000 0.04907
16 4 1 25000 0.04858
16 4 1 25000 0.04993
16 4 1 25000 0.04853
16 4 1 25000 0.04896
16 4 1 15000 0.03061
16 4 1 15000 0.02992
16 4 1 15000 0.03056
16 4 1 15000 0.02996
16 4 1 15000 0.02964
16 4 1 10000 0.02065
16 4 1 10000 0.0206
16 4 1 10000 0.0206
16 4 1 10000 0.02071
16 4 1 10000 0.02041
16 4 1 10000 0.02067
16 4 1 10000 0.02004
16 4 2 108887 0.1783
16 4 2 107940 0.1781
16 4 2 102991 0.169
16 4 2 99473 0.166
16 4 2 98053 0.1646
16 4 2 94594 0.1589
16 4 2 93474 0.157
16 4 2 92724 0.1593
16 4 2 87420 0.1482
16 4 2 86789 0.1492
16 4 2 82575 0.1409
16 4 2 81684 0.1411
16 4 2 80862 0.1414
16 4 2 79970 0.1421
16 4 2 78106 0.1381
16 4 2 77877 0.1382
16 4 2 74834 0.1347
16 4 2 74831 0.133
16 4 2 53374 0.1059
16 4 2 53364 0.1053
16 4 2 52319 0.1004
16 4 2 51928 0.1014
16 4 2 50778 0.09831
16 4 2 50039 0.09755
16 4 2 47468 0.09152
16 4 2 36662 0.07353
16 4 2 36242 0.07184
16 4 2 35087 0.0702
16 4 2 34705 0.06857
16 4 2 34475 0.06907
16 4 2 33687 0.06698
16 4 2 25848 0.05193
16 4 2 25844 0.05131
16 4 2 25687 0.05073
16 4 2 25192 0.04787
16 4 2 24691 0.04839
16 4 2 24392 0.04836
16 4 2 24115 0.04775
16 4 2 15273 0.0309
16 4 2 15170 0.03058
16 4 2 15044 0.0305
16 4 2 14980 0.03108
16 4 2 14908 0.03017
16 4 2 10132 0.02103
16 4 2 10114 0.02082
16 4 2 10096 0.02098
16 4 2 10024 0.02073
16 4 2 10002 0.02018
16 4 2 9984 0.02064
16 4 2 9871 0.02069
16 4 3 118383 0.1861
16 4 3 109404 0.1804
16 4 3 105489 0.1737
16 4 3 102349 0.1713
16 4 3 100592 0.1681
16 4 3 94592 0.1584
16 4 3 91994 0.1552
16 4 3 91277 0.1541
16 4 3 89964 0.1526
16 4 3 87384 0.1417
16 4 3 85483 0.1253
16 4 3 85316 0.1155
16 4 3 80247 0.1113
16 4 3 80247 0.111
16 4 3 78904 0.1106
16 4 3 78165 0.1117
16 4 3 77231 0.1096
16 4 3 73756 0.1063
16 4 3 55758 0.09067
16 4 3 55259 0.09035
16 4 3 53151 0.08518
16 4 3 52388 0.08673
16 4 3 52057 0.08622
16 4 3 49104 0.08195
16 4 3 46136 0.07896
16 4 3 37602 0.06547
16 4 3 36564 0.06334
16 4 3 35914 0.06953
16 4 3 34519 0.06718
16 4 3 34005 0.06575
16 4 3 33274 0.06309
16 4 3 26097 0.04967
16 4 3 25764 0.04939
16 4 3 25356 0.04822
16 4 3 24820 0.04724
16 4 3 24635 0.04749
16 4 3 24254 0.04748
16 4 3 15604 0.03143
16 4 3 15535 0.03155
16 4 3 15340 0.03073
16 4 3 15294 0.03086
16 4 3 15102 0.03006
16 4 3 15040 0.02992
16 4 3 14423 0.02865
16 4 3 10215 0.02076
16 4 3 10125 0.02061
16 4 3 10102 0.02092
16 4 3 10075 0.02071
16 4 3 10012 0.02027
16 4 3 9902 0.02041
16 4 4 126196 0.302
16 4 4 114495 0.1627
16 4 4 106171 0.1382
16 4 4 99666 0.1312
16 4 4 98736 0.1315
16 4 4 98022 0.1307
16 4 4 94190 0.127
16 4 4 91973 0.1252
16 4 4 91862 0.1242
16 4 4 90915 0.1235
16 4 4 86575 0.1193
16 4 4 83162 0.116
16 4 4 82106 0.1154
16 4 4 82038 0.1155
16 4 4 78406 0.1122
16 4 4 78039 0.1126
16 4 4 75952 0.1112
16 4 4 70110 0.1061
16 4 4 66154 0.1018
16 4 4 55799 0.09373
16 4 4 55525 0.09249
16 4 4 52793 0.08903
16 4 4 49674 0.08516
16 4 4 48415 0.08084
16 4 4 39967 0.06944
16 4 4 38262 0.06857
16 4 4 37480 0.0654
16 4 4 35947 0.06445
16 4 4 35065 0.06425
16 4 4 34521 0.06244
16 4 4 34381 0.06187
16 4 4 26989 0.05044
16 4 4 25887 0.04808
16 4 4 25612 0.04836
16 4 4 25348 0.04622
16 4 4 24956 0.04665
16 4 4 24779 0.0464
16 4 4 24017 0.04562
16 4 4 15509 0.03121
16 4 4 15311 0.03027
16 4 4 15234 0.02974
16 4 4 14928 0.02983
16 4 4 14796 0.02937
16 4 4 10288 0.02115
16 4 4 10220 0.02082
16 4 4 10195 0.02065
16 4 4 10100 0.01997
16 4 4 9968 0.02013
16 4 4 9942 0.01986
16 4 4 9890 0.02003
16 4 5 130022 0.2752
16 4 5 119558 0.1508
16 4 5 111280 0.1438
16 4 5 106952 0.1401
16 4 5 99422 0.1328
16 4 5 97885 0.1308
16 4 5 95847 0.129
16 4 5 95475 0.127
16 4 5 94283 0.1274
16 4 5 90480 0.1233
16 4 5 89987 0.1223
16 4 5 85963 0.1188
16 4 5 85048 0.118
16 4 5 79870 0.1137
16 4 5 78403 0.1119
16 4 5 76636 0.1104
16 4 5 76024 0.109
16 4 5 69483 0.1044
16 4 5 60937 0.09754
16 4 5 57967 0.0941
16 4 5 55630 0.09248
16 4 5 53105 0.08962
16 4 5 52652 0.08828
16 4 5 51471 0.08665
16 4 5 49562 0.08301
16 4 5 38686 0.06783
16 4 5 37249 0.06574
16 4 5 36007 0.06524
16 4 5 34963 0.0642
16 4 5 34357 0.06123
16 4 5 33828 0.06206
16 4 5 26640 0.05041
16 4 5 26428 0.04952
16 4 5 25785 0.04939
16 4 5 25313 0.04609
16 4 5 24384 0.04572
16 4 5 23699 0.04491
16 4 5 16032 0.03108
16 4 5 15680 0.03084
16 4 5 15525 0.03118
16 4 5 15415 0.03081
16 4 5 15303 0.02967
16 4 5 14963 0.02959
16 4 5 14464 0.02865
16 4 5 10235 0.02068
16 4 5 10208 0.02066
16 4 5 10146 0.02072
16 4 5 10114 0.0206
16 4 5 10069 0.02051
16 4 5 10041 0.02005
