8 2 1 100000 0.1821
8 2 1 100000 0.1415
8 2 1 100000 0.1338
8 2 1 100000 0.1332
8 2 1 100000 0.1343
8 2 1 100000 0.1322
8 2 1 100000 0.1345
8 2 1 100000 0.134
8 2 1 100000 0.07682
8 2 1 100000 0.0767
8 2 1 100000 0.07705
8 2 1 100000 0.07728
8 2 1 85000 0.1188
8 2 1 85000 0.1192
8 2 1 85000 0.1257
8 2 1 85000 0.1404
8 2 1 85000 0.1262
8 2 1 85000 0.1173
8 2 1 85000 0.1175
8 2 1 85000 0.119
8 2 1 85000 0.1166
8 2 1 85000 0.06586
8 2 1 85000 0.06557
8 2 1 85000 0.06531
8 2 1 85000 0.06498
8 2 1 75000 0.1091
8 2 1 75000 0.1067
8 2 1 75000 0.1076
8 2 1 75000 0.1071
8 2 1 75000 0.1085
8 2 1 75000 0.1069
8 2 1 75000 0.1072
8 2 1 75000 0.1074
8 2 1 75000 0.1089
8 2 1 75000 0.05483
8 2 1 75000 0.05571
8 2 1 75000 0.0556
8 2 1 75000 0.05649
8 2 1 50000 0.08553
8 2 1 50000 0.08432
8 2 1 50000 0.08306
8 2 1 50000 0.0852
8 2 1 50000 0.08468
8 2 1 50000 0.08312
8 2 1 50000 0.08465
8 2 1 50000 0.08472
8 2 1 50000 0.03268
8 2 1 50000 0.03295
8 2 1 50000 0.03291
8 2 1 50000 0.03291
8 2 1 35000 0.06238
8 2 1 35000 0.06315
8 2 1 35000 0.0626
8 2 1 35000 0.0617
8 2 1 35000 0.06334
8 2 1 35000 0.06342
8 2 1 35000 0.06326
8 2 1 35000 0.06159
8 2 1 35000 0.02171
8 2 1 35000 0.02156
8 2 1 35000 0.0216
8 2 1 35000 0.02189
8 2 1 25000 0.04689
8 2 1 25000 0.04592
8 2 1 25000 0.04597
8 2 1 25000 0.04553
8 2 1 25000 0.04621
8 2 1 25000 0.04581
8 2 1 25000 0.0457
8 2 1 25000 0.0459
8 2 1 25000 0.04512
8 2 1 25000 0.01032
8 2 1 25000 0.01012
8 2 1 25000 0.01028
8 2 1 25000 0.01029
8 2 1 15000 0.02824
8 2 1 15000 0.02819
8 2 1 15000 0.02831
8 2 1 15000 0.02809
8 2 1 15000 0.02829
8 2 1 15000 0.02834
8 2 1 15000 0.02777
8 2 1 15000 0.02825
8 2 1 15000 0.006757
8 2 1 15000 0.006713
8 2 1 15000 0.006605
8 2 1 15000 0.006693
8 2 1 10000 0.01963
8 2 1 10000 0.01923
8 2 1 10000 0.01946
8 2 1 10000 0.01938
8 2 1 10000 0.01926
8 2 1 10000 0.01962
8 2 1 10000 0.01983
8 2 1 10000 0.01941
8 2 1 10000 0.01955
8 2 1 10000 0.005321
8 2 1 10000 0.005277
8 2 1 10000 0.005264
8 2 1 10000 0.005242
8 2 2 112345 0.1432
8 2 2 107503 0.1378
8 2 2 106445 0.1372
8 2 2 105978 0.138
8 2 2 102803 0.1356
8 2 2 101449 0.1317
8 2 2 100000 0.07547
8 2 2 100000 0.07516
8 2 2 100000 0.07544
8 2 2 100000 0.07594
8 2 2 100000 0.07576
8 2 2 96110 0.1265
8 2 2 93418 0.1251
8 2 2 92533 0.1252
8 2 2 92136 0.1244
8 2 2 85597 0.1177
8 2 2 85131 0.1178
8 2 2 85000 0.06543
8 2 2 85000 0.06568
8 2 2 85000 0.06512
8 2 2 85000 0.06554
8 2 2 84772 0.116
8 2 2 82551 0.1152
8 2 2 81321 0.1123
8 2 2 79529 0.1132
8 2 2 79429 0.1193
8 2 2 78297 0.1225
8 2 2 77897 0.1104
8 2 2 76428 0.1105
8 2 2 76062 0.1111
8 2 2 75577 0.1099
8 2 2 75000 0.05526
8 2 2 75000 0.0553
8 2 2 75000 0.05524
8 2 2 75000 0.05555
8 2 2 75000 0.05532
8 2 2 73488 0.1074
8 2 2 53386 0.09011
8 2 2 53369 0.09008
8 2 2 53238 0.08836
8 2 2 52268 0.08907
8 2 2 51258 0.08764
8 2 2 50648 0.08795
8 2 2 50534 0.08839
8 2 2 50000 0.03632
8 2 2 50000 0.03487
8 2 2 50000 0.04521
8 2 2 50000 0.04536
8 2 2 49807 0.09295
8 2 2 47390 0.08315
8 2 2 36662 0.06967
8 2 2 36662 0.06585
8 2 2 36545 0.06466
8 2 2 36209 0.06514
8 2 2 35868 0.06483
8 2 2 35380 0.06331
8 2 2 35000 0.02165
8 2 2 35000 0.02399
8 2 2 35000 0.02213
8 2 2 35000 0.02628
8 2 2 35000 0.02891
8 2 2 34541 0.0658
8 2 2 33687 0.06268
8 2 2 25842 0.04922
8 2 2 25712 0.04625
8 2 2 25615 0.04744
8 2 2 25163 0.047
8 2 2 25000 0.01176
8 2 2 25000 0.01082
8 2 2 25000 0.01023
8 2 2 25000 0.01043
8 2 2 24946 0.04527
8 2 2 24691 0.04583
8 2 2 24303 0.04603
8 2 2 24133 0.04562
8 2 2 15297 0.02893
8 2 2 15276 0.02897
8 2 2 15184 0.02793
8 2 2 15037 0.02839
8 2 2 15000 0.006423
8 2 2 15000 0.006421
8 2 2 15000 0.008
8 2 2 15000 0.006409
8 2 2 15000 0.006382
8 2 2 14994 0.02862
8 2 2 14927 0.028
8 2 2 14896 0.02816
8 2 2 10134 0.01973
8 2 2 10133 0.01972
8 2 2 10120 0.02059
8 2 2 10111 0.02019
8 2 2 10079 0.01994
8 2 2 10024 0.01888
8 2 2 10000 0.006022
8 2 2 10000 0.005903
8 2 2 10000 0.005809
8 2 2 10000 0.005258
8 2 2 10000 0.005934
8 2 2 9989 0.01951
8 2 2 9902 0.02072
8 2 3 115081 0.1641
8 2 3 111639 0.1596
8 2 3 110966 0.1579
8 2 3 107684 0.156
8 2 3 107675 0.1539
8 2 3 104329 0.1529
8 2 3 104047 0.1471
8 2 3 103504 0.1506
8 2 3 100000 0.1129
8 2 3 100000 0.1132
8 2 3 100000 0.1118
8 2 3 100000 0.1121
8 2 3 93004 0.1379
8 2 3 93004 0.1389
8 2 3 87470 0.1321
8 2 3 86328 0.1308
8 2 3 86289 0.1264
8 2 3 85000 0.07872
8 2 3 85000 0.09312
8 2 3 85000 0.09421
8 2 3 85000 0.08968
8 2 3 84694 0.1321
8 2 3 84581 0.1267
8 2 3 82708 0.1246
8 2 3 82648 0.1236
8 2 3 80747 0.1208
8 2 3 80244 0.1213
8 2 3 76893 0.119
8 2 3 76470 0.1159
8 2 3 75000 0.05957
8 2 3 75000 0.07779
8 2 3 75000 0.07865
8 2 3 75000 0.0777
8 2 3 74927 0.1261
8 2 3 72199 0.1171
8 2 3 72058 0.1136
8 2 3 68537 0.1134
8 2 3 66904 0.1089
8 2 3 55198 0.09369
8 2 3 53294 0.09483
8 2 3 52854 0.09441
8 2 3 50655 0.08897
8 2 3 50000 0.04373
8 2 3 50000 0.04525
8 2 3 50000 0.0446
8 2 3 50000 0.04395
8 2 3 49564 0.09298
8 2 3 48912 0.08372
8 2 3 48536 0.08431
8 2 3 46301 0.08073
8 2 3 38046 0.067
8 2 3 37633 0.06659
8 2 3 37287 0.06704
8 2 3 36814 0.06549
8 2 3 36285 0.06392
8 2 3 35469 0.06302
8 2 3 35000 0.02921
8 2 3 35000 0.02892
8 2 3 35000 0.02895
8 2 3 35000 0.02872
8 2 3 34796 0.06495
8 2 3 34165 0.06324
8 2 3 26715 0.05088
8 2 3 26675 0.05073
8 2 3 25634 0.0486
8 2 3 25514 0.04847
8 2 3 25347 0.04677
8 2 3 25000 0.01244
8 2 3 25000 0.01253
8 2 3 25000 0.0118
8 2 3 25000 0.01194
8 2 3 25000 0.01158
8 2 3 24850 0.04563
8 2 3 24621 0.04511
8 2 3 24077 0.04518
8 2 3 15556 0.03026
8 2 3 15324 0.02934
8 2 3 15183 0.03033
8 2 3 15141 0.02986
8 2 3 15004 0.02946
8 2 3 15000 0.007892
8 2 3 15000 0.007709
8 2 3 15000 0.007705
8 2 3 15000 0.00823
8 2 3 14953 0.02818
8 2 3 14857 0.02849
8 2 3 14673 0.02825
8 2 3 14507 0.02817
8 2 3 10174 0.0197
8 2 3 10113 0.01997
8 2 3 10054 0.01997
8 2 3 10029 0.01929
8 2 3 10000 0.005954
8 2 3 10000 0.005953
8 2 3 10000 0.006025
8 2 3 10000 0.006045
8 2 3 9998 0.01937
8 2 3 9989 0.0196
8 2 3 9965 0.02031
8 2 3 9762 0.01959
8 2 4 124429 0.2834
8 2 4 119918 0.1678
8 2 4 117422 0.166
8 2 4 107542 0.1547
8 2 4 106887 0.1535
8 2 4 106622 0.1535
8 2 4 104702 0.1521
8 2 4 100000 0.1121
8 2 4 100000 0.1129
8 2 4 100000 0.1125
8 2 4 100000 0.1124
8 2 4 100000 0.08514
8 2 4 96152 0.1281
8 2 4 93753 0.1248
8 2 4 92315 0.1234
8 2 4 88206 0.1179
8 2 4 88206 0.1176
8 2 4 87594 0.1196
8 2 4 86056 0.1172
8 2 4 85000 0.06198
8 2 4 85000 0.06222
8 2 4 85000 0.06265
8 2 4 84786 0.1167
8 2 4 84405 0.1158
8 2 4 81674 0.1144
8 2 4 80792 0.112
8 2 4 78214 0.1073
8 2 4 78086 0.1078
8 2 4 76629 0.1069
8 2 4 75666 0.1056
8 2 4 75000 0.05276
8 2 4 75000 0.05307
8 2 4 75000 0.05309
8 2 4 74941 0.1043
8 2 4 71230 0.1019
8 2 4 71230 0.1018
8 2 4 70470 0.1015
8 2 4 57883 0.09174
8 2 4 57883 0.09143
8 2 4 54728 0.0887
8 2 4 53333 0.08704
8 2 4 51634 0.08476
8 2 4 50340 0.083
8 2 4 50200 0.08295
8 2 4 50000 0.03141
8 2 4 50000 0.03108
8 2 4 50000 0.031
8 2 4 49212 0.08212
8 2 4 48703 0.07949
8 2 4 45986 0.07773
8 2 4 39661 0.06672
8 2 4 38708 0.06443
8 2 4 37916 0.06512
8 2 4 37196 0.06476
8 2 4 35926 0.06239
8 2 4 35786 0.06238
8 2 4 35000 0.02081
8 2 4 35000 0.02079
8 2 4 35000 0.02073
8 2 4 35000 0.02072
8 2 4 35000 0.02083
8 2 4 34507 0.06041
8 2 4 27595 0.05033
8 2 4 27379 0.04903
8 2 4 26398 0.04717
8 2 4 25731 0.04675
8 2 4 25584 0.04757
8 2 4 25279 0.04624
8 2 4 25000 0.009832
8 2 4 25000 0.009855
8 2 4 25000 0.009809
8 2 4 25000 0.009714
8 2 4 24801 0.04581
8 2 4 24595 0.04527
8 2 4 24073 0.04456
8 2 4 15454 0.02987
8 2 4 15448 0.03021
8 2 4 15320 0.02985
8 2 4 15172 0.02902
8 2 4 15000 0.006426
8 2 4 15000 0.006494
8 2 4 15000 0.006497
8 2 4 15000 0.0065
8 2 4 14973 0.02862
8 2 4 14900 0.02857
8 2 4 14835 0.02848
8 2 4 14737 0.0281
8 2 4 14426 0.02763
8 2 4 10211 0.02038
8 2 4 10178 0.02014
8 2 4 10112 0.02005
8 2 4 10053 0.02003
8 2 4 10021 0.01962
8 2 4 10000 0.005049
8 2 4 10000 0.005032
8 2 4 10000 0.005062
8 2 4 10000 0.005031
8 2 4 9942 0.0193
8 2 4 9920 0.01935
8 2 4 9759 0.01947
8 2 5 125612 0.2632
8 2 5 120073 0.1473
8 2 5 118911 0.1391
8 2 5 116301 0.1426
8 2 5 113022 0.1409
8 2 5 109671 0.1377
8 2 5 106784 0.135
8 2 5 102949 0.1318
8 2 5 100000 0.0721
8 2 5 100000 0.07211
8 2 5 100000 0.07211
8 2 5 100000 0.07252
8 2 5 97421 0.1246
8 2 5 96385 0.1264
8 2 5 93108 0.1213
8 2 5 90894 0.1196
8 2 5 90337 0.119
8 2 5 89453 0.1187
8 2 5 88752 0.1163
8 2 5 85637 0.1151
8 2 5 85000 0.06207
8 2 5 85000 0.06207
8 2 5 85000 0.06262
8 2 5 85000 0.06262
8 2 5 84348 0.1135
8 2 5 82811 0.1113
8 2 5 80473 0.1098
8 2 5 79006 0.109
8 2 5 75586 0.1054
8 2 5 75000 0.05266
8 2 5 75000 0.053
8 2 5 75000 0.05314
8 2 5 75000 0.05256
8 2 5 74616 0.1066
8 2 5 73020 0.1048
8 2 5 72381 0.1045
8 2 5 63394 0.09655
8 2 5 58864 0.09207
8 2 5 58343 0.09104
8 2 5 55598 0.08933
8 2 5 54074 0.0873
8 2 5 53122 0.08624
8 2 5 52379 0.08699
8 2 5 51532 0.08456
8 2 5 50000 0.03114
8 2 5 50000 0.03103
8 2 5 50000 0.03116
8 2 5 50000 0.03103
8 2 5 49718 0.08227
8 2 5 47706 0.0792
8 2 5 39964 0.06752
8 2 5 38967 0.06719
8 2 5 37840 0.06444
8 2 5 37057 0.06434
8 2 5 36998 0.06835
8 2 5 36102 0.06347
8 2 5 35000 0.02049
8 2 5 35000 0.02057
8 2 5 35000 0.02065
8 2 5 35000 0.02075
8 2 5 34884 0.06282
8 2 5 33971 0.06022
8 2 5 28479 0.05125
8 2 5 27870 0.05108
8 2 5 26561 0.04733
8 2 5 25985 0.04763
8 2 5 25507 0.0468
8 2 5 25088 0.04563
8 2 5 25000 0.009833
8 2 5 25000 0.009788
8 2 5 25000 0.009662
8 2 5 25000 0.00973
8 2 5 24970 0.04579
8 2 5 24461 0.04544
8 2 5 24071 0.04458
8 2 5 15718 0.03066
8 2 5 15600 0.02987
8 2 5 15313 0.03002
8 2 5 15183 0.02902
8 2 5 15029 0.02906
8 2 5 15000 0.006467
8 2 5 15000 0.006536
8 2 5 15000 0.006396
8 2 5 15000 0.006498
8 2 5 14995 0.02845
8 2 5 14803 0.02819
8 2 5 14699 0.02945
8 2 5 14286 0.02746
8 2 5 10271 0.02148
8 2 5 10187 0.02055
8 2 5 10162 0.02051
8 2 5 10081 0.02009
8 2 5 10061 0.0201
8 2 5 10000 0.004993
8 2 5 10000 0.005089
8 2 5 10000 0.005065
8 2 5 10000 0.004984
8 2 5 9975 0.01982
8 2 5 9963 0.01991
8 2 5 9866 0.02023
