8 3 1 100000 0.07914
8 3 1 100000 0.07903
8 3 1 100000 0.07607
8 3 1 100000 0.07773
8 3 1 100000 0.07584
8 3 1 100000 0.07594
8 3 1 100000 0.07638
8 3 1 100000 0.07706
8 3 1 100000 0.07601
8 3 1 100000 0.07612
8 3 1 100000 0.07633
8 3 1 100000 0.07608
8 3 1 100000 0.07554
8 3 1 85000 0.06601
8 3 1 85000 0.06615
8 3 1 85000 0.06618
8 3 1 85000 0.06576
8 3 1 85000 0.06582
8 3 1 85000 0.08186
8 3 1 85000 0.09283
8 3 1 85000 0.09444
8 3 1 85000 0.08915
8 3 1 85000 0.09265
8 3 1 85000 0.09309
8 3 1 85000 0.09366
8 3 1 75000 0.07914
8 3 1 75000 0.08206
8 3 1 75000 0.08129
8 3 1 75000 0.07389
8 3 1 75000 0.07516
8 3 1 75000 0.07794
8 3 1 75000 0.07814
8 3 1 75000 0.07918
8 3 1 75000 0.0787
8 3 1 75000 0.07765
8 3 1 75000 0.07597
8 3 1 75000 0.08007
8 3 1 50000 0.04608
8 3 1 50000 0.04515
8 3 1 50000 0.04532
8 3 1 50000 0.04559
8 3 1 50000 0.04442
8 3 1 50000 0.04506
8 3 1 50000 0.04347
8 3 1 50000 0.04316
8 3 1 50000 0.04436
8 3 1 50000 0.04354
8 3 1 50000 0.04341
8 3 1 50000 0.04456
8 3 1 50000 0.04355
8 3 1 35000 0.0297
8 3 1 35000 0.02801
8 3 1 35000 0.02777
8 3 1 35000 0.02121
8 3 1 35000 0.0208
8 3 1 35000 0.021
8 3 1 35000 0.02086
8 3 1 35000 0.02077
8 3 1 35000 0.02084
8 3 1 35000 0.02101
8 3 1 35000 0.02117
8 3 1 35000 0.02091
8 3 1 35000 0.02099
8 3 1 25000 0.01013
8 3 1 25000 0.00989
8 3 1 25000 0.009947
8 3 1 25000 0.01002
8 3 1 25000 0.00994
8 3 1 25000 0.01003
8 3 1 25000 0.01002
8 3 1 25000 0.00999
8 3 1 25000 0.009881
8 3 1 25000 0.009983
8 3 1 25000 0.009969
8 3 1 25000 0.009873
8 3 1 15000 0.00643
8 3 1 15000 0.006547
8 3 1 15000 0.006452
8 3 1 15000 0.006382
8 3 1 15000 0.006453
8 3 1 15000 0.006434
8 3 1 15000 0.006415
8 3 1 15000 0.006399
8 3 1 15000 0.006467
8 3 1 15000 0.006469
8 3 1 15000 0.006353
8 3 1 15000 0.006429
8 3 1 15000 0.006249
8 3 1 10000 0.005024
8 3 1 10000 0.004979
8 3 1 10000 0.005055
8 3 1 10000 0.005093
8 3 1 10000 0.004967
8 3 1 10000 0.004996
8 3 1 10000 0.005029
8 3 1 10000 0.004972
8 3 1 10000 0.004972
8 3 1 10000 0.005072
8 3 1 10000 0.005
8 3 1 10000 0.004984
8 3 2 100000 0.07389
8 3 2 100000 0.1113
8 3 2 100000 0.1095
8 3 2 100000 0.108
8 3 2 100000 0.1063
8 3 2 100000 0.1084
8 3 2 100000 0.1041
8 3 2 100000 0.1121
8 3 2 100000 0.1077
8 3 2 100000 0.1073
8 3 2 100000 0.108
8 3 2 100000 0.08823
8 3 2 100000 0.07293
8 3 2 85000 0.06305
8 3 2 85000 0.06285
8 3 2 85000 0.06308
8 3 2 85000 0.06304
8 3 2 85000 0.06302
8 3 2 85000 0.06322
8 3 2 85000 0.06308
8 3 2 85000 0.06494
8 3 2 85000 0.09373
8 3 2 85000 0.09454
8 3 2 85000 0.09461
8 3 2 85000 0.09557
8 3 2 75000 0.08184
8 3 2 75000 0.05613
8 3 2 75000 0.05543
8 3 2 75000 0.05597
8 3 2 75000 0.05608
8 3 2 75000 0.05506
8 3 2 75000 0.05692
8 3 2 75000 0.05763
8 3 2 75000 0.05814
8 3 2 75000 0.05592
8 3 2 75000 0.05645
8 3 2 75000 0.05695
8 3 2 50000 0.03293
8 3 2 50000 0.03139
8 3 2 50000 0.03329
8 3 2 50000 0.03346
8 3 2 50000 0.03416
8 3 2 50000 0.03373
8 3 2 50000 0.03355
8 3 2 50000 0.03494
8 3 2 50000 0.03431
8 3 2 50000 0.03295
8 3 2 50000 0.03226
8 3 2 50000 0.03292
8 3 2 50000 0.03303
8 3 2 35000 0.02211
8 3 2 35000 0.02198
8 3 2 35000 0.0225
8 3 2 35000 0.02243
8 3 2 35000 0.02243
8 3 2 35000 0.0223
8 3 2 35000 0.02218
8 3 2 35000 0.02216
8 3 2 35000 0.02109
8 3 2 35000 0.02095
8 3 2 35000 0.02098
8 3 2 35000 0.02081
8 3 2 35000 0.02094
8 3 2 25000 0.009979
8 3 2 25000 0.01005
8 3 2 25000 0.01006
8 3 2 25000 0.009985
8 3 2 25000 0.01
8 3 2 25000 0.01
8 3 2 25000 0.009991
8 3 2 25000 0.009962
8 3 2 25000 0.009979
8 3 2 25000 0.00986
8 3 2 25000 0.009921
8 3 2 25000 0.009895
8 3 2 15000 0.006577
8 3 2 15000 0.006583
8 3 2 15000 0.006557
8 3 2 15000 0.006462
8 3 2 15000 0.006385
8 3 2 15000 0.006453
8 3 2 15000 0.006597
8 3 2 15000 0.006493
8 3 2 15000 0.006411
8 3 2 15000 0.006559
8 3 2 15000 0.006574
8 3 2 15000 0.006526
8 3 2 15000 0.006375
8 3 2 10000 0.005073
8 3 2 10000 0.004988
8 3 2 10000 0.004996
8 3 2 10000 0.005087
8 3 2 10000 0.00501
8 3 2 10000 0.005077
8 3 2 10000 0.004969
8 3 2 10000 0.005051
8 3 2 10000 0.00499
8 3 2 10000 0.005058
8 3 2 10000 0.004977
8 3 2 10000 0.004974
8 3 3 100000 0.08131
8 3 3 100000 0.08061
8 3 3 100000 0.08076
8 3 3 100000 0.08035
8 3 3 100000 0.08063
8 3 3 100000 0.0808
8 3 3 100000 0.08015
8 3 3 100000 0.0806
8 3 3 100000 0.08054
8 3 3 100000 0.08085
8 3 3 100000 0.08074
8 3 3 100000 0.08124
8 3 3 100000 0.08101
8 3 3 85000 0.07011
8 3 3 85000 0.07009
8 3 3 85000 0.07026
8 3 3 85000 0.0698
8 3 3 85000 0.06928
8 3 3 85000 0.07071
8 3 3 85000 0.08365
8 3 3 85000 0.09562
8 3 3 85000 0.09682
8 3 3 85000 0.07618
8 3 3 85000 0.06278
8 3 3 85000 0.06314
8 3 3 75000 0.05347
8 3 3 75000 0.05369
8 3 3 75000 0.05351
8 3 3 75000 0.05358
8 3 3 75000 0.05303
8 3 3 75000 0.05343
8 3 3 75000 0.05319
8 3 3 75000 0.05342
8 3 3 75000 0.05421
8 3 3 75000 0.05296
8 3 3 75000 0.05352
8 3 3 75000 0.05353
8 3 3 50000 0.03165
8 3 3 50000 0.03127
8 3 3 50000 0.03151
8 3 3 50000 0.03148
8 3 3 50000 0.0318
8 3 3 50000 0.03151
8 3 3 50000 0.03145
8 3 3 50000 0.03147
8 3 3 50000 0.03166
8 3 3 50000 0.03181
8 3 3 50000 0.03136
8 3 3 50000 0.03155
8 3 3 50000 0.03155
8 3 3 35000 0.02113
8 3 3 35000 0.02098
8 3 3 35000 0.0207
8 3 3 35000 0.02091
8 3 3 35000 0.02085
8 3 3 35000 0.0208
8 3 3 35000 0.02112
8 3 3 35000 0.02097
8 3 3 35000 0.02073
8 3 3 35000 0.02099
8 3 3 35000 0.0211
8 3 3 35000 0.02107
8 3 3 35000 0.02091
8 3 3 25000 0.009913
8 3 3 25000 0.009894
8 3 3 25000 0.009881
8 3 3 25000 0.009871
8 3 3 25000 0.009958
8 3 3 25000 0.009916
8 3 3 25000 0.009966
8 3 3 25000 0.009846
8 3 3 25000 0.009939
8 3 3 25000 0.009965
8 3 3 25000 0.009923
8 3 3 25000 0.009977
8 3 3 15000 0.006424
8 3 3 15000 0.006462
8 3 3 15000 0.006411
8 3 3 15000 0.006463
8 3 3 15000 0.006562
8 3 3 15000 0.006427
8 3 3 15000 0.006461
8 3 3 15000 0.006377
8 3 3 15000 0.006422
8 3 3 15000 0.006398
8 3 3 15000 0.006534
8 3 3 15000 0.006354
8 3 3 15000 0.006551
8 3 3 10000 0.005093
8 3 3 10000 0.005
8 3 3 10000 0.005014
8 3 3 10000 0.005061
8 3 3 10000 0.005182
8 3 3 10000 0.005172
8 3 3 10000 0.005185
8 3 3 10000 0.005082
8 3 3 10000 0.005026
8 3 3 10000 0.004992
8 3 3 10000 0.004997
8 3 3 10000 0.005011
8 3 4 100000 0.1191
8 3 4 100000 0.12
8 3 4 100000 0.1083
8 3 4 100000 0.09111
8 3 4 100000 0.07712
8 3 4 100000 0.076
8 3 4 100000 0.07466
8 3 4 100000 0.07628
8 3 4 100000 0.07774
8 3 4 100000 0.07838
8 3 4 100000 0.0792
8 3 4 100000 0.07872
8 3 4 100000 0.07924
8 3 4 85000 0.06717
8 3 4 85000 0.06701
8 3 4 85000 0.06773
8 3 4 85000 0.06834
8 3 4 85000 0.06836
8 3 4 85000 0.06899
8 3 4 85000 0.06753
8 3 4 85000 0.06635
8 3 4 85000 0.06667
8 3 4 85000 0.06655
8 3 4 85000 0.06557
8 3 4 85000 0.0655
8 3 4 75000 0.05609
8 3 4 75000 0.05454
8 3 4 75000 0.05616
8 3 4 75000 0.05625
8 3 4 75000 0.05727
8 3 4 75000 0.05719
8 3 4 75000 0.05757
8 3 4 75000 0.05707
8 3 4 75000 0.05697
8 3 4 75000 0.05749
8 3 4 75000 0.0567
8 3 4 75000 0.05698
8 3 4 50000 0.03328
8 3 4 50000 0.03287
8 3 4 50000 0.03215
8 3 4 50000 0.03227
8 3 4 50000 0.03207
8 3 4 50000 0.03197
8 3 4 50000 0.03226
8 3 4 50000 0.03224
8 3 4 50000 0.03235
8 3 4 50000 0.03239
8 3 4 50000 0.03289
8 3 4 50000 0.03256
8 3 4 50000 0.03285
8 3 4 35000 0.02125
8 3 4 35000 0.0208
8 3 4 35000 0.02135
8 3 4 35000 0.02142
8 3 4 35000 0.02126
8 3 4 35000 0.02132
8 3 4 35000 0.02101
8 3 4 35000 0.0212
8 3 4 35000 0.02193
8 3 4 35000 0.02199
8 3 4 35000 0.02216
8 3 4 35000 0.02215
8 3 4 35000 0.02193
8 3 4 25000 0.00997
8 3 4 25000 0.009986
8 3 4 25000 0.009935
8 3 4 25000 0.01008
8 3 4 25000 0.009978
8 3 4 25000 0.009978
8 3 4 25000 0.01011
8 3 4 25000 0.01003
8 3 4 25000 0.009962
8 3 4 25000 0.009818
8 3 4 25000 0.009911
8 3 4 25000 0.01002
8 3 4 15000 0.006538
8 3 4 15000 0.006534
8 3 4 15000 0.006621
8 3 4 15000 0.006413
8 3 4 15000 0.006465
8 3 4 15000 0.006574
8 3 4 15000 0.006592
8 3 4 15000 0.006407
8 3 4 15000 0.006399
8 3 4 15000 0.006483
8 3 4 15000 0.006511
8 3 4 15000 0.006482
8 3 4 15000 0.006476
8 3 4 10000 0.005213
8 3 4 10000 0.00509
8 3 4 10000 0.005162
8 3 4 10000 0.005063
8 3 4 10000 0.005098
8 3 4 10000 0.00521
8 3 4 10000 0.005167
8 3 4 10000 0.005281
8 3 4 10000 0.005114
8 3 4 10000 0.005195
8 3 4 10000 0.005096
8 3 4 10000 0.005135
8 3 5 100000 0.07761
8 3 5 100000 0.07479
8 3 5 100000 0.0878
8 3 5 100000 0.07549
8 3 5 100000 0.07664
8 3 5 100000 0.07926
8 3 5 100000 0.08039
8 3 5 100000 0.08031
8 3 5 100000 0.08028
8 3 5 100000 0.07923
8 3 5 100000 0.0798
8 3 5 100000 0.08051
8 3 5 100000 0.08017
8 3 5 85000 0.06968
8 3 5 85000 0.0694
8 3 5 85000 0.06885
8 3 5 85000 0.06905
8 3 5 85000 0.0692
8 3 5 85000 0.06928
8 3 5 85000 0.06996
8 3 5 85000 0.06894
8 3 5 85000 0.06913
8 3 5 85000 0.06967
8 3 5 85000 0.07501
8 3 5 85000 0.07018
8 3 5 75000 0.05845
8 3 5 75000 0.05866
8 3 5 75000 0.05774
8 3 5 75000 0.05829
8 3 5 75000 0.05837
8 3 5 75000 0.05826
8 3 5 75000 0.05841
8 3 5 75000 0.05767
8 3 5 75000 0.05759
8 3 5 75000 0.05797
8 3 5 75000 0.05762
8 3 5 75000 0.05761
8 3 5 50000 0.03361
8 3 5 50000 0.03405
8 3 5 50000 0.03275
8 3 5 50000 0.03272
8 3 5 50000 0.03237
8 3 5 50000 0.03226
8 3 5 50000 0.03269
8 3 5 50000 0.0333
8 3 5 50000 0.03339
8 3 5 50000 0.03282
8 3 5 50000 0.03335
8 3 5 50000 0.03346
8 3 5 50000 0.03391
8 3 5 35000 0.0225
8 3 5 35000 0.02254
8 3 5 35000 0.02244
8 3 5 35000 0.02238
8 3 5 35000 0.0225
8 3 5 35000 0.02278
8 3 5 35000 0.02237
8 3 5 35000 0.02271
8 3 5 35000 0.02303
8 3 5 35000 0.02246
8 3 5 35000 0.02237
8 3 5 35000 0.02267
8 3 5 35000 0.02122
8 3 5 25000 0.01007
8 3 5 25000 0.01008
8 3 5 25000 0.01012
8 3 5 25000 0.01022
8 3 5 25000 0.01008
8 3 5 25000 0.01005
8 3 5 25000 0.01013
8 3 5 25000 0.01
8 3 5 25000 0.01001
8 3 5 25000 0.009951
8 3 5 25000 0.01011
8 3 5 25000 0.01012
8 3 5 15000 0.006523
8 3 5 15000 0.006553
8 3 5 15000 0.006553
8 3 5 15000 0.006528
8 3 5 15000 0.006545
8 3 5 15000 0.006494
8 3 5 15000 0.006631
8 3 5 15000 0.006568
8 3 5 15000 0.006546
8 3 5 15000 0.006574
8 3 5 15000 0.006586
8 3 5 15000 0.006468
8 3 5 15000 0.006527
8 3 5 10000 0.005079
8 3 5 10000 0.005109
8 3 5 10000 0.005099
8 3 5 10000 0.005256
8 3 5 10000 0.005024
8 3 5 10000 0.005293
8 3 5 10000 0.005234
8 3 5 10000 0.005139
8 3 5 10000 0.00514
8 3 5 10000 0.005076
8 3 5 10000 0.005088
8 3 5 10000 0.005055
