2 1 1 100000 0.15
2 1 1 100000 0.1497
2 1 1 100000 0.1504
2 1 1 100000 0.1508
2 1 1 100000 0.1481
2 1 1 100000 0.1462
2 1 1 100000 0.1502
2 1 1 100000 0.1375
2 1 1 100000 0.1231
2 1 1 100000 0.1223
2 1 1 100000 0.1215
2 1 1 100000 0.1227
2 1 1 100000 0.1276
2 1 1 100000 0.1222
2 1 1 100000 0.1227
2 1 1 100000 0.1232
2 1 1 100000 0.1234
2 1 1 100000 0.1212
2 1 1 100000 0.1259
2 1 1 100000 0.1305
2 1 1 100000 0.1375
2 1 1 100000 0.1301
2 1 1 100000 0.1224
2 1 1 100000 0.1263
2 1 1 100000 0.1248
2 1 1 100000 0.1205
2 1 1 100000 0.1281
2 1 1 100000 0.1227
2 1 1 100000 0.1227
2 1 1 100000 0.1215
2 1 1 100000 0.09916
2 1 1 100000 0.1008
2 1 1 100000 0.1021
2 1 1 100000 0.104
2 1 1 100000 0.1052
2 1 1 100000 0.1018
2 1 1 100000 0.1007
2 1 1 100000 0.09983
2 1 1 100000 0.103
2 1 1 100000 0.1048
2 1 1 100000 0.1022
2 1 1 100000 0.1021
2 1 1 100000 0.1031
2 1 1 100000 0.1024
2 1 1 100000 0.09876
2 1 1 100000 0.1042
2 1 1 100000 0.1048
2 1 1 100000 0.1043
2 1 1 100000 0.1043
2 1 1 100000 0.1058
2 1 1 85000 0.09085
2 1 1 85000 0.09252
2 1 1 85000 0.09223
2 1 1 85000 0.09224
2 1 1 85000 0.09123
2 1 1 85000 0.09145
2 1 1 85000 0.09155
2 1 1 85000 0.0907
2 1 1 85000 0.09153
2 1 1 85000 0.09467
2 1 1 85000 0.0917
2 1 1 85000 0.09248
2 1 1 85000 0.09138
2 1 1 85000 0.0934
2 1 1 85000 0.09274
2 1 1 85000 0.0918
2 1 1 85000 0.09329
2 1 1 85000 0.08743
2 1 1 85000 0.09221
2 1 1 85000 0.08879
2 1 1 85000 0.08947
2 1 1 85000 0.0886
2 1 1 85000 0.08919
2 1 1 85000 0.08484
2 1 1 85000 0.09123
2 1 1 85000 0.08648
2 1 1 85000 0.09086
2 1 1 85000 0.08829
2 1 1 85000 0.09153
2 1 1 85000 0.08921
2 1 1 85000 0.08871
2 1 1 85000 0.08948
2 1 1 85000 0.08976
2 1 1 85000 0.09272
2 1 1 85000 0.09213
2 1 1 85000 0.09257
2 1 1 85000 0.09279
2 1 1 85000 0.08906
2 1 1 85000 0.09282
2 1 1 85000 0.1003
2 1 1 85000 0.09728
2 1 1 85000 0.0929
2 1 1 85000 0.09161
2 1 1 85000 0.09275
2 1 1 85000 0.09349
2 1 1 85000 0.09231
2 1 1 85000 0.09369
2 1 1 85000 0.09059
2 1 1 85000 0.08902
2 1 1 85000 0.09122
2 1 1 75000 0.08281
2 1 1 75000 0.08392
2 1 1 75000 0.08318
2 1 1 75000 0.08366
2 1 1 75000 0.08229
2 1 1 75000 0.08366
2 1 1 75000 0.08382
2 1 1 75000 0.08177
2 1 1 75000 0.08412
2 1 1 75000 0.08365
2 1 1 75000 0.08153
2 1 1 75000 0.08035
2 1 1 75000 0.08039
2 1 1 75000 0.07928
2 1 1 75000 0.0828
2 1 1 75000 0.08355
2 1 1 75000 0.08209
2 1 1 75000 0.07956
2 1 1 75000 0.07868
2 1 1 75000 0.08034
2 1 1 75000 0.0826
2 1 1 75000 0.08197
2 1 1 75000 0.07794
2 1 1 75000 0.07699
2 1 1 75000 0.07815
2 1 1 75000 0.07891
2 1 1 75000 0.07945
2 1 1 75000 0.08832
2 1 1 75000 0.08093
2 1 1 75000 0.0809
2 1 1 75000 0.08008
2 1 1 75000 0.07936
2 1 1 75000 0.07889
2 1 1 75000 0.08346
2 1 1 75000 0.08009
2 1 1 75000 0.08196
2 1 1 75000 0.08126
2 1 1 75000 0.08522
2 1 1 75000 0.08209
2 1 1 75000 0.08205
2 1 1 75000 0.08234
2 1 1 75000 0.08366
2 1 1 75000 0.08363
2 1 1 75000 0.08105
2 1 1 75000 0.08093
2 1 1 75000 0.08391
2 1 1 75000 0.08386
2 1 1 75000 0.08373
2 1 1 75000 0.08128
2 1 1 75000 0.08191
2 1 1 50000 0.0605
2 1 1 50000 0.0595
2 1 1 50000 0.05999
2 1 1 50000 0.06295
2 1 1 50000 0.06208
2 1 1 50000 0.05863
2 1 1 50000 0.06147
2 1 1 50000 0.06212
2 1 1 50000 0.0593
2 1 1 50000 0.06092
2 1 1 50000 0.05958
2 1 1 50000 0.06078
2 1 1 50000 0.06017
2 1 1 50000 0.05923
2 1 1 50000 0.0617
2 1 1 50000 0.06102
2 1 1 50000 0.06172
2 1 1 50000 0.05798
2 1 1 50000 0.05769
2 1 1 50000 0.05816
2 1 1 50000 0.05938
2 1 1 50000 0.05806
2 1 1 50000 0.05726
2 1 1 50000 0.05937
2 1 1 50000 0.05591
2 1 1 50000 0.05919
2 1 1 50000 0.06008
2 1 1 50000 0.05827
2 1 1 50000 0.05809
2 1 1 50000 0.06051
2 1 1 50000 0.05689
2 1 1 50000 0.0587
2 1 1 50000 0.06053
2 1 1 50000 0.05972
2 1 1 50000 0.06118
2 1 1 50000 0.06115
2 1 1 50000 0.06148
2 1 1 50000 0.06048
2 1 1 50000 0.06236
2 1 1 50000 0.06122
2 1 1 50000 0.06077
2 1 1 50000 0.06134
2 1 1 50000 0.06067
2 1 1 50000 0.05982
2 1 1 50000 0.06069
2 1 1 50000 0.06136
2 1 1 50000 0.06227
2 1 1 50000 0.06161
2 1 1 50000 0.06247
2 1 1 50000 0.0598
2 1 1 35000 0.04401
2 1 1 35000 0.04481
2 1 1 35000 0.04406
2 1 1 35000 0.04249
2 1 1 35000 0.04406
2 1 1 35000 0.04415
2 1 1 35000 0.04226
2 1 1 35000 0.04305
2 1 1 35000 0.04303
2 1 1 35000 0.04334
2 1 1 35000 0.04139
2 1 1 35000 0.04335
2 1 1 35000 0.0446
2 1 1 35000 0.04167
2 1 1 35000 0.04304
2 1 1 35000 0.04277
2 1 1 35000 0.04343
2 1 1 35000 0.04124
2 1 1 35000 0.0427
2 1 1 35000 0.04235
2 1 1 35000 0.04111
2 1 1 35000 0.04146
2 1 1 35000 0.04234
2 1 1 35000 0.04122
2 1 1 35000 0.04153
2 1 1 35000 0.04067
2 1 1 35000 0.04239
2 1 1 35000 0.04228
2 1 1 35000 0.04023
2 1 1 35000 0.04225
2 1 1 35000 0.04218
2 1 1 35000 0.04151
2 1 1 35000 0.04193
2 1 1 35000 0.04189
2 1 1 35000 0.04267
2 1 1 35000 0.04277
2 1 1 35000 0.04296
2 1 1 35000 0.04506
2 1 1 35000 0.04355
2 1 1 35000 0.04292
2 1 1 35000 0.04289
2 1 1 35000 0.04446
2 1 1 35000 0.04093
2 1 1 35000 0.0431
2 1 1 35000 0.04274
2 1 1 35000 0.04382
2 1 1 35000 0.04252
2 1 1 35000 0.04434
2 1 1 35000 0.04245
2 1 1 35000 0.04363
2 1 1 25000 0.02846
2 1 1 25000 0.02903
2 1 1 25000 0.02782
2 1 1 25000 0.02674
2 1 1 25000 0.02938
2 1 1 25000 0.02741
2 1 1 25000 0.02798
2 1 1 25000 0.02954
2 1 1 25000 0.02845
2 1 1 25000 0.0283
2 1 1 25000 0.02889
2 1 1 25000 0.02904
2 1 1 25000 0.02938
2 1 1 25000 0.02833
2 1 1 25000 0.02939
2 1 1 25000 0.02791
2 1 1 25000 0.02882
2 1 1 25000 0.02784
2 1 1 25000 0.02689
2 1 1 25000 0.02593
2 1 1 25000 0.02637
2 1 1 25000 0.02499
2 1 1 25000 0.02788
2 1 1 25000 0.02627
2 1 1 25000 0.02759
2 1 1 25000 0.02631
2 1 1 25000 0.02795
2 1 1 25000 0.02603
2 1 1 25000 0.02613
2 1 1 25000 0.02751
2 1 1 25000 0.02707
2 1 1 25000 0.02696
2 1 1 25000 0.02624
2 1 1 25000 0.02839
2 1 1 25000 0.02864
2 1 1 25000 0.02849
2 1 1 25000 0.02929
2 1 1 25000 0.03077
2 1 1 25000 0.0287
2 1 1 25000 0.0282
2 1 1 25000 0.02852
2 1 1 25000 0.0299
2 1 1 25000 0.0292
2 1 1 25000 0.02808
2 1 1 25000 0.02849
2 1 1 25000 0.02789
2 1 1 25000 0.0261
2 1 1 25000 0.02787
2 1 1 25000 0.02812
2 1 1 25000 0.02876
2 1 1 15000 0.0187
2 1 1 15000 0.01855
2 1 1 15000 0.01795
2 1 1 15000 0.01777
2 1 1 15000 0.01814
2 1 1 15000 0.01812
2 1 1 15000 0.01821
2 1 1 15000 0.01833
2 1 1 15000 0.01804
2 1 1 15000 0.01769
2 1 1 15000 0.01806
2 1 1 15000 0.01745
2 1 1 15000 0.01811
2 1 1 15000 0.01829
2 1 1 15000 0.0179
2 1 1 15000 0.01756
2 1 1 15000 0.0176
2 1 1 15000 0.01737
2 1 1 15000 0.01762
2 1 1 15000 0.01757
2 1 1 15000 0.01692
2 1 1 15000 0.01638
2 1 1 15000 0.01677
2 1 1 15000 0.0173
2 1 1 15000 0.01723
2 1 1 15000 0.01766
2 1 1 15000 0.01671
2 1 1 15000 0.01705
2 1 1 15000 0.01666
2 1 1 15000 0.01687
2 1 1 15000 0.01703
2 1 1 15000 0.01725
2 1 1 15000 0.01688
2 1 1 15000 0.01768
2 1 1 15000 0.01832
2 1 1 15000 0.01864
2 1 1 15000 0.01823
2 1 1 15000 0.0182
2 1 1 15000 0.01792
2 1 1 15000 0.01775
2 1 1 15000 0.01844
2 1 1 15000 0.01775
2 1 1 15000 0.01789
2 1 1 15000 0.018
2 1 1 15000 0.01792
2 1 1 15000 0.0184
2 1 1 15000 0.01776
2 1 1 15000 0.01822
2 1 1 15000 0.0185
2 1 1 15000 0.0177
2 1 1 10000 0.01287
2 1 1 10000 0.01327
2 1 1 10000 0.01312
2 1 1 10000 0.01243
2 1 1 10000 0.01281
2 1 1 10000 0.01304
2 1 1 10000 0.01259
2 1 1 10000 0.01266
2 1 1 10000 0.01274
2 1 1 10000 0.01313
2 1 1 10000 0.01308
2 1 1 10000 0.01277
2 1 1 10000 0.01308
2 1 1 10000 0.01279
2 1 1 10000 0.01298
2 1 1 10000 0.01273
2 1 1 10000 0.01278
2 1 1 10000 0.01242
2 1 1 10000 0.01258
2 1 1 10000 0.01251
2 1 1 10000 0.01171
2 1 1 10000 0.01242
2 1 1 10000 0.01175
2 1 1 10000 0.01209
2 1 1 10000 0.01257
2 1 1 10000 0.01243
2 1 1 10000 0.01182
2 1 1 10000 0.01246
2 1 1 10000 0.01226
2 1 1 10000 0.0124
2 1 1 10000 0.01265
2 1 1 10000 0.01198
2 1 1 10000 0.0119
2 1 1 10000 0.01313
2 1 1 10000 0.01296
2 1 1 10000 0.01259
2 1 1 10000 0.01317
2 1 1 10000 0.01268
2 1 1 10000 0.01287
2 1 1 10000 0.01313
2 1 1 10000 0.01285
2 1 1 10000 0.01249
2 1 1 10000 0.01289
2 1 1 10000 0.0129
2 1 1 10000 0.01294
2 1 1 10000 0.01274
2 1 1 10000 0.01325
2 1 1 10000 0.01257
2 1 1 10000 0.01295
2 1 1 10000 0.01293
2 1 2 113566 0.1663
2 1 2 113555 0.1692
2 1 2 113358 0.1665
2 1 2 113358 0.1638
2 1 2 113236 0.1187
2 1 2 113159 0.1174
2 1 2 113086 0.1165
2 1 2 113002 0.1201
2 1 2 112764 0.1189
2 1 2 112678 0.1185
2 1 2 112660 0.1159
2 1 2 112629 0.1193
2 1 2 112594 0.1169
2 1 2 112562 0.1152
2 1 2 112557 0.1161
2 1 2 112222 0.1168
2 1 2 112169 0.1175
2 1 2 112000 0.1186
2 1 2 111974 0.1153
2 1 2 111970 0.117
2 1 2 111460 0.1181
2 1 2 110599 0.1184
2 1 2 110505 0.1173
2 1 2 109814 0.1128
2 1 2 108942 0.1116
2 1 2 108942 0.1124
2 1 2 108779 0.1179
2 1 2 107942 0.1138
2 1 2 107910 0.1141
2 1 2 107850 0.1104
2 1 2 106447 0.1106
2 1 2 106447 0.1098
2 1 2 105701 0.1139
2 1 2 104665 0.1123
2 1 2 103077 0.1127
2 1 2 103021 0.1123
2 1 2 102561 0.1122
2 1 2 102227 0.1103
2 1 2 101938 0.11
2 1 2 99089 0.1057
2 1 2 99067 0.1081
2 1 2 99032 0.105
2 1 2 98491 0.1077
2 1 2 97726 0.1073
2 1 2 97476 0.1042
2 1 2 97473 0.1071
2 1 2 97167 0.1038
2 1 2 95080 0.1043
2 1 2 94753 0.1048
2 1 2 94704 0.105
2 1 2 94697 0.1038
2 1 2 94608 0.1051
2 1 2 94511 0.104
2 1 2 94474 0.102
2 1 2 94358 0.1004
2 1 2 94343 0.09814
2 1 2 94327 0.09983
2 1 2 94283 0.09974
2 1 2 94199 0.1003
2 1 2 94194 0.09851
2 1 2 93947 0.1004
2 1 2 93872 0.1003
2 1 2 93755 0.1002
2 1 2 93608 0.1013
2 1 2 93455 0.1018
2 1 2 93420 0.09978
2 1 2 93357 0.1043
2 1 2 93169 0.1014
2 1 2 92561 0.1029
2 1 2 92417 0.1035
2 1 2 92187 0.1022
2 1 2 91767 0.1019
2 1 2 91727 0.1029
2 1 2 91634 0.1018
2 1 2 90720 0.1008
2 1 2 90720 0.1021
2 1 2 90440 0.09928
2 1 2 89445 0.1013
2 1 2 89367 0.09802
2 1 2 89040 0.101
2 1 2 88423 0.09801
2 1 2 87699 0.09599
2 1 2 87669 0.1021
2 1 2 87506 0.0967
2 1 2 86367 0.09236
2 1 2 86367 0.09183
2 1 2 85892 0.09482
2 1 2 85868 0.09382
2 1 2 85684 0.09532
2 1 2 85132 0.09554
2 1 2 85045 0.09789
2 1 2 83963 0.0948
2 1 2 83472 0.09481
2 1 2 82630 0.09446
2 1 2 82604 0.09558
2 1 2 82583 0.09362
2 1 2 82578 0.09341
2 1 2 82545 0.09377
2 1 2 82538 0.09374
2 1 2 82508 0.09312
2 1 2 82502 0.09031
2 1 2 82403 0.09287
2 1 2 82360 0.09307
2 1 2 82325 0.09193
2 1 2 82295 0.09167
2 1 2 82222 0.09261
2 1 2 82169 0.09107
2 1 2 82161 0.09097
2 1 2 82156 0.08891
2 1 2 82114 0.09159
2 1 2 82088 0.08933
2 1 2 82087 0.09258
2 1 2 81684 0.09289
2 1 2 81656 0.0915
2 1 2 81583 0.09159
2 1 2 81300 0.09027
2 1 2 81239 0.08945
2 1 2 81056 0.09352
2 1 2 80980 0.09492
2 1 2 80754 0.09284
2 1 2 80706 0.08975
2 1 2 80582 0.08662
2 1 2 80418 0.09036
2 1 2 80136 0.09011
2 1 2 80055 0.09331
2 1 2 79642 0.0881
2 1 2 79425 0.09082
2 1 2 79315 0.09135
2 1 2 78486 0.09139
2 1 2 78477 0.0889
2 1 2 78261 0.09084
2 1 2 78064 0.08949
2 1 2 77766 0.08793
2 1 2 77488 0.08616
2 1 2 77330 0.08904
2 1 2 77121 0.08919
2 1 2 76941 0.08668
2 1 2 76941 0.08692
2 1 2 75881 0.08559
2 1 2 75881 0.08516
2 1 2 75595 0.08818
2 1 2 74827 0.08761
2 1 2 74778 0.08814
2 1 2 74563 0.08683
2 1 2 73449 0.08489
2 1 2 73449 0.08451
2 1 2 73056 0.0843
2 1 2 71368 0.08397
2 1 2 69972 0.08349
2 1 2 69667 0.08281
2 1 2 53384 0.06704
2 1 2 53383 0.06782
2 1 2 53381 0.06586
2 1 2 53373 0.06705
2 1 2 53372 0.06493
2 1 2 53372 0.06667
2 1 2 53371 0.06528
2 1 2 53360 0.0681
2 1 2 53357 0.06799
2 1 2 53338 0.06574
2 1 2 53324 0.06702
2 1 2 53322 0.06393
2 1 2 53309 0.06414
2 1 2 53277 0.06395
2 1 2 53268 0.06344
2 1 2 53267 0.06582
2 1 2 53249 0.06403
2 1 2 53232 0.06297
2 1 2 53200 0.06591
2 1 2 52996 0.0651
2 1 2 52963 0.06659
2 1 2 52949 0.06808
2 1 2 52945 0.06776
2 1 2 52921 0.06326
2 1 2 52878 0.06749
2 1 2 52858 0.06661
2 1 2 52768 0.06445
2 1 2 52437 0.0636
2 1 2 52177 0.06621
2 1 2 51659 0.06468
2 1 2 51539 0.06538
2 1 2 51401 0.0642
2 1 2 51398 0.06424
2 1 2 51378 0.06559
2 1 2 51108 0.0628
2 1 2 50947 0.06419
2 1 2 50675 0.06222
2 1 2 50675 0.06253
2 1 2 50110 0.0633
2 1 2 50011 0.06228
2 1 2 49848 0.06222
2 1 2 49839 0.06115
2 1 2 49512 0.06272
2 1 2 49512 0.06302
2 1 2 49265 0.05747
2 1 2 49076 0.06102
2 1 2 48914 0.06114
2 1 2 48629 0.06148
2 1 2 48503 0.0604
2 1 2 46812 0.05831
2 1 2 36662 0.04524
2 1 2 36662 0.04494
2 1 2 36662 0.04538
2 1 2 36662 0.04736
2 1 2 36662 0.04735
2 1 2 36652 0.04581
2 1 2 36644 0.04714
2 1 2 36638 0.04691
2 1 2 36629 0.04457
2 1 2 36626 0.04614
2 1 2 36625 0.04538
2 1 2 36618 0.04355
2 1 2 36617 0.04554
2 1 2 36597 0.04647
2 1 2 36595 0.04498
2 1 2 36592 0.04509
2 1 2 36592 0.04404
2 1 2 36587 0.04317
2 1 2 36587 0.04317
2 1 2 36572 0.04393
2 1 2 36571 0.0443
2 1 2 36565 0.04478
2 1 2 36564 0.04485
2 1 2 36556 0.04622
2 1 2 36552 0.0445
2 1 2 36546 0.04594
2 1 2 36518 0.04515
2 1 2 36388 0.04637
2 1 2 36320 0.04523
2 1 2 36312 0.04447
2 1 2 36263 0.04345
2 1 2 36222 0.04538
2 1 2 36190 0.04635
2 1 2 36180 0.04396
2 1 2 36142 0.04491
2 1 2 36126 0.04444
2 1 2 35875 0.04672
2 1 2 35732 0.04444
2 1 2 35262 0.04507
2 1 2 35262 0.04538
2 1 2 35261 0.04451
2 1 2 35105 0.04421
2 1 2 35087 0.04334
2 1 2 34325 0.04217
2 1 2 34253 0.04245
2 1 2 33693 0.04108
2 1 2 33687 0.0404
2 1 2 33687 0.04044
2 1 2 33362 0.04003
2 1 2 33356 0.04103
2 1 2 25848 0.02987
2 1 2 25848 0.02963
2 1 2 25845 0.03094
2 1 2 25843 0.02917
2 1 2 25837 0.02933
2 1 2 25837 0.02936
2 1 2 25835 0.02874
2 1 2 25833 0.03066
2 1 2 25829 0.02836
2 1 2 25829 0.03012
2 1 2 25823 0.02746
2 1 2 25819 0.03025
2 1 2 25817 0.03148
2 1 2 25817 0.02714
2 1 2 25815 0.02868
2 1 2 25814 0.02926
2 1 2 25803 0.02654
2 1 2 25791 0.02676
2 1 2 25790 0.02743
2 1 2 25786 0.0289
2 1 2 25781 0.02905
2 1 2 25774 0.0267
2 1 2 25771 0.0293
2 1 2 25740 0.02783
2 1 2 25700 0.03119
2 1 2 25588 0.02801
2 1 2 25474 0.02924
2 1 2 25375 0.02732
2 1 2 25370 0.03003
2 1 2 25370 0.02843
2 1 2 25279 0.02917
2 1 2 25269 0.0297
2 1 2 25125 0.02961
2 1 2 25125 0.02982
2 1 2 25046 0.02961
2 1 2 25004 0.02806
2 1 2 24954 0.02738
2 1 2 24914 0.02928
2 1 2 24899 0.02823
2 1 2 24785 0.02916
2 1 2 24784 0.027
2 1 2 24671 0.02844
2 1 2 24643 0.02903
2 1 2 24528 0.02898
2 1 2 24507 0.0285
2 1 2 24463 0.02769
2 1 2 24432 0.02814
2 1 2 24407 0.02826
2 1 2 24352 0.02862
2 1 2 24132 0.02839
2 1 2 15305 0.01898
2 1 2 15304 0.019
2 1 2 15304 0.01794
2 1 2 15303 0.01923
2 1 2 15303 0.01833
2 1 2 15303 0.01848
2 1 2 15302 0.01771
2 1 2 15302 0.0183
2 1 2 15301 0.01798
2 1 2 15300 0.01788
2 1 2 15299 0.01868
2 1 2 15298 0.01832
2 1 2 15297 0.01849
2 1 2 15296 0.01858
2 1 2 15295 0.01817
2 1 2 15294 0.01764
2 1 2 15293 0.0175
2 1 2 15291 0.01887
2 1 2 15291 0.01876
2 1 2 15290 0.01827
2 1 2 15285 0.01828
2 1 2 15285 0.0183
2 1 2 15283 0.01871
2 1 2 15279 0.01707
2 1 2 15264 0.018
2 1 2 15262 0.01822
2 1 2 15254 0.01703
2 1 2 15248 0.01874
2 1 2 15238 0.01791
2 1 2 15231 0.0184
2 1 2 15222 0.0187
2 1 2 15221 0.01916
2 1 2 15183 0.01856
2 1 2 15108 0.01779
2 1 2 15088 0.0193
2 1 2 15064 0.01847
2 1 2 15056 0.01815
2 1 2 15053 0.01824
2 1 2 15045 0.01806
2 1 2 15008 0.01764
2 1 2 14907 0.01854
2 1 2 14907 0.01844
2 1 2 14877 0.01844
2 1 2 14875 0.01831
2 1 2 14859 0.01851
2 1 2 14848 0.01842
2 1 2 14782 0.01771
2 1 2 14782 0.01761
2 1 2 14745 0.01828
2 1 2 14737 0.01799
2 1 2 10135 0.01243
2 1 2 10135 0.01294
2 1 2 10134 0.01276
2 1 2 10134 0.01282
2 1 2 10134 0.01313
2 1 2 10134 0.01324
2 1 2 10134 0.01315
2 1 2 10133 0.01237
2 1 2 10132 0.01336
2 1 2 10132 0.01275
2 1 2 10132 0.01308
2 1 2 10131 0.01203
2 1 2 10131 0.01266
2 1 2 10131 0.0127
2 1 2 10130 0.01389
2 1 2 10130 0.01236
2 1 2 10130 0.01334
2 1 2 10130 0.01333
2 1 2 10129 0.01213
2 1 2 10129 0.01216
2 1 2 10128 0.0124
2 1 2 10126 0.01268
2 1 2 10125 0.01194
2 1 2 10124 0.0134
2 1 2 10122 0.01351
2 1 2 10121 0.01336
2 1 2 10117 0.01353
2 1 2 10116 0.01288
2 1 2 10114 0.01253
2 1 2 10093 0.01305
2 1 2 10089 0.013
2 1 2 10064 0.01288
2 1 2 10049 0.01309
2 1 2 10046 0.01291
2 1 2 10042 0.01331
2 1 2 10036 0.01318
2 1 2 10021 0.01319
2 1 2 10020 0.01328
2 1 2 9994 0.01298
2 1 2 9984 0.01342
2 1 2 9971 0.01221
2 1 2 9953 0.01331
2 1 2 9947 0.01286
2 1 2 9946 0.01273
2 1 2 9919 0.01236
2 1 2 9913 0.01289
2 1 2 9912 0.01307
2 1 2 9912 0.0129
2 1 2 9881 0.0121
2 1 2 9876 0.01282
2 1 3 128934 0.1872
2 1 3 127900 0.1848
2 1 3 127411 0.1817
2 1 3 127411 0.182
2 1 3 126574 0.1918
2 1 3 126490 0.1819
2 1 3 125667 0.183
2 1 3 125667 0.1849
2 1 3 124983 0.181
2 1 3 124936 0.1771
2 1 3 124175 0.1791
2 1 3 124117 0.1757
2 1 3 123076 0.181
2 1 3 122861 0.1236
2 1 3 122776 0.125
2 1 3 122576 0.1267
2 1 3 122370 0.1222
2 1 3 121911 0.1236
2 1 3 121903 0.1186
2 1 3 121773 0.1223
2 1 3 121220 0.1264
2 1 3 120507 0.1214
2 1 3 119475 0.125
2 1 3 119422 0.1256
2 1 3 116726 0.1239
2 1 3 116393 0.1214
2 1 3 115962 0.1196
2 1 3 114850 0.1204
2 1 3 114139 0.1215
2 1 3 113884 0.1213
2 1 3 113351 0.1196
2 1 3 112392 0.1175
2 1 3 111452 0.1154
2 1 3 111346 0.1184
2 1 3 110990 0.1176
2 1 3 108983 0.1171
2 1 3 107904 0.1167
2 1 3 107898 0.1168
2 1 3 107747 0.116
2 1 3 105644 0.1124
2 1 3 105506 0.114
2 1 3 105358 0.1171
2 1 3 105145 0.1132
2 1 3 104972 0.1121
2 1 3 104849 0.1182
2 1 3 104781 0.1129
2 1 3 104439 0.1111
2 1 3 104404 0.1147
2 1 3 104258 0.1116
2 1 3 104213 0.1111
2 1 3 104078 0.1091
2 1 3 104057 0.1087
2 1 3 103497 0.1111
2 1 3 103442 0.1094
2 1 3 103421 0.1125
2 1 3 103264 0.1091
2 1 3 103116 0.112
2 1 3 101546 0.1092
2 1 3 101306 0.1102
2 1 3 101137 0.1099
2 1 3 101030 0.1076
2 1 3 100883 0.1085
2 1 3 100238 0.1061
2 1 3 100104 0.1049
2 1 3 99727 0.104
2 1 3 99655 0.1104
2 1 3 99441 0.108
2 1 3 98061 0.1052
2 1 3 97907 0.1072
2 1 3 97130 0.1082
2 1 3 96324 0.1049
2 1 3 96324 0.1055
2 1 3 95938 0.1034
2 1 3 95937 0.1063
2 1 3 95035 0.1039
2 1 3 95035 0.1042
2 1 3 94792 0.103
2 1 3 94220 0.1046
2 1 3 93984 0.105
2 1 3 93817 0.1031
2 1 3 92803 0.1041
2 1 3 92004 0.1037
2 1 3 91923 0.1029
2 1 3 91375 0.1015
2 1 3 90743 0.1012
2 1 3 90552 0.09925
2 1 3 90291 0.09884
2 1 3 90204 0.09527
2 1 3 90195 0.0976
2 1 3 90156 0.09547
2 1 3 90119 0.1
2 1 3 90016 0.09921
2 1 3 90009 0.09556
2 1 3 89902 0.09618
2 1 3 89882 0.09638
2 1 3 89865 0.09559
2 1 3 89736 0.09601
2 1 3 89736 0.09614
2 1 3 89628 0.09848
2 1 3 89391 0.09678
2 1 3 89379 0.09983
2 1 3 88844 0.09909
2 1 3 88333 0.09935
2 1 3 87920 0.09812
2 1 3 87917 0.09506
2 1 3 87114 0.0952
2 1 3 86757 0.09451
2 1 3 86611 0.09527
2 1 3 86523 0.09553
2 1 3 86406 0.09567
2 1 3 86105 0.09765
2 1 3 86105 0.09717
2 1 3 85670 0.09659
2 1 3 85608 0.09552
2 1 3 85247 0.09213
2 1 3 85247 0.09174
2 1 3 84971 0.09558
2 1 3 84965 0.09435
2 1 3 84936 0.0968
2 1 3 84529 0.09454
2 1 3 84269 0.09388
2 1 3 84258 0.09282
2 1 3 84246 0.09223
2 1 3 83779 0.09612
2 1 3 83741 0.09584
2 1 3 83573 0.09499
2 1 3 82773 0.09285
2 1 3 82719 0.09119
2 1 3 82367 0.09015
2 1 3 82251 0.08991
2 1 3 81888 0.09305
2 1 3 81543 0.09395
2 1 3 81451 0.09336
2 1 3 81176 0.09026
2 1 3 81085 0.09132
2 1 3 81030 0.09251
2 1 3 79734 0.0893
2 1 3 79189 0.09042
2 1 3 78908 0.08916
2 1 3 78678 0.09042
2 1 3 78214 0.08827
2 1 3 78210 0.08902
2 1 3 77916 0.08773
2 1 3 76836 0.08788
2 1 3 75576 0.08862
2 1 3 75576 0.08876
2 1 3 73365 0.08549
2 1 3 73089 0.0862
2 1 3 69639 0.08379
2 1 3 69639 0.08405
2 1 3 56958 0.06975
2 1 3 56950 0.0715
2 1 3 56939 0.07105
2 1 3 56890 0.07045
2 1 3 56725 0.07271
2 1 3 56721 0.07066
2 1 3 56669 0.07139
2 1 3 56605 0.0697
2 1 3 56588 0.0691
2 1 3 56574 0.07027
2 1 3 56530 0.07105
2 1 3 56521 0.06953
2 1 3 56402 0.06881
2 1 3 56342 0.06999
2 1 3 56134 0.06893
2 1 3 56049 0.07114
2 1 3 55375 0.06941
2 1 3 55208 0.07053
2 1 3 55101 0.06921
2 1 3 54858 0.06751
2 1 3 54732 0.06837
2 1 3 54622 0.06717
2 1 3 54517 0.06598
2 1 3 54050 0.06808
2 1 3 53690 0.06916
2 1 3 53496 0.0695
2 1 3 53307 0.0678
2 1 3 53237 0.06784
2 1 3 53202 0.06755
2 1 3 53077 0.06576
2 1 3 52825 0.06548
2 1 3 52751 0.06642
2 1 3 52263 0.07241
2 1 3 52104 0.07149
2 1 3 51953 0.0717
2 1 3 51886 0.07064
2 1 3 51875 0.07191
2 1 3 51715 0.07216
2 1 3 51692 0.07237
2 1 3 51487 0.07051
2 1 3 51190 0.07198
2 1 3 50793 0.06661
2 1 3 50588 0.06406
2 1 3 50240 0.06231
2 1 3 49881 0.06313
2 1 3 49847 0.06275
2 1 3 48297 0.06007
2 1 3 47645 0.06193
2 1 3 47604 0.06111
2 1 3 44026 0.05568
2 1 3 38402 0.04719
2 1 3 38397 0.04979
2 1 3 38395 0.0511
2 1 3 38393 0.05166
2 1 3 38379 0.05212
2 1 3 38374 0.05014
2 1 3 38320 0.04953
2 1 3 38320 0.05006
2 1 3 38298 0.04846
2 1 3 38289 0.04916
2 1 3 38237 0.04786
2 1 3 38235 0.0487
2 1 3 38201 0.04957
2 1 3 38193 0.05048
2 1 3 38187 0.04918
2 1 3 38149 0.05026
2 1 3 38125 0.04847
2 1 3 38116 0.04845
2 1 3 38115 0.04844
2 1 3 38029 0.05046
2 1 3 38001 0.04968
2 1 3 37941 0.05116
2 1 3 37908 0.05131
2 1 3 37882 0.04946
2 1 3 37719 0.05193
2 1 3 37638 0.05203
2 1 3 37321 0.04835
2 1 3 37271 0.04873
2 1 3 37254 0.04644
2 1 3 37071 0.04792
2 1 3 36921 0.04916
2 1 3 36824 0.04919
2 1 3 36782 0.04884
2 1 3 36782 0.04867
2 1 3 36736 0.04773
2 1 3 36662 0.04787
2 1 3 36155 0.04974
2 1 3 35778 0.0482
2 1 3 35735 0.04844
2 1 3 35688 0.04858
2 1 3 35662 0.04731
2 1 3 35590 0.04856
2 1 3 35262 0.04771
2 1 3 35243 0.04832
2 1 3 35196 0.04829
2 1 3 34747 0.04931
2 1 3 34623 0.04556
2 1 3 34548 0.04581
2 1 3 32983 0.0443
2 1 3 31935 0.04123
2 1 3 26720 0.03179
2 1 3 26719 0.03315
2 1 3 26716 0.03264
2 1 3 26704 0.03172
2 1 3 26693 0.03439
2 1 3 26687 0.03179
2 1 3 26681 0.03175
2 1 3 26677 0.02985
2 1 3 26671 0.02919
2 1 3 26659 0.03136
2 1 3 26657 0.03055
2 1 3 26646 0.03467
2 1 3 26628 0.03172
2 1 3 26627 0.03052
2 1 3 26621 0.02978
2 1 3 26617 0.03091
2 1 3 26606 0.03116
2 1 3 26579 0.0299
2 1 3 26494 0.03085
2 1 3 26491 0.03138
2 1 3 26403 0.0326
2 1 3 26395 0.03184
2 1 3 26320 0.02985
2 1 3 26227 0.03143
2 1 3 26114 0.03129
2 1 3 26114 0.03273
2 1 3 25891 0.03226
2 1 3 25868 0.03071
2 1 3 25758 0.03178
2 1 3 25751 0.03056
2 1 3 25742 0.0311
2 1 3 25616 0.03097
2 1 3 25528 0.02973
2 1 3 25493 0.03189
2 1 3 25478 0.03012
2 1 3 25329 0.03148
2 1 3 25289 0.03109
2 1 3 25178 0.03137
2 1 3 25162 0.03074
2 1 3 25073 0.0311
2 1 3 25051 0.0314
2 1 3 25028 0.03071
2 1 3 25017 0.03026
2 1 3 24744 0.03051
2 1 3 24687 0.02973
2 1 3 24509 0.02946
2 1 3 24499 0.03086
2 1 3 24222 0.02996
2 1 3 24167 0.02864
2 1 3 24134 0.02928
2 1 3 15610 0.0205
2 1 3 15609 0.01992
2 1 3 15604 0.01984
2 1 3 15601 0.01961
2 1 3 15596 0.01868
2 1 3 15595 0.01797
2 1 3 15591 0.01845
2 1 3 15591 0.01885
2 1 3 15582 0.01891
2 1 3 15580 0.01946
2 1 3 15579 0.01964
2 1 3 15579 0.01975
2 1 3 15577 0.01984
2 1 3 15575 0.01885
2 1 3 15569 0.01898
2 1 3 15567 0.01818
2 1 3 15545 0.01947
2 1 3 15545 0.0189
2 1 3 15527 0.01905
2 1 3 15523 0.01946
2 1 3 15487 0.01976
2 1 3 15478 0.01996
2 1 3 15442 0.02002
2 1 3 15438 0.01883
2 1 3 15370 0.01942
2 1 3 15358 0.01979
2 1 3 15348 0.01936
2 1 3 15346 0.01759
2 1 3 15309 0.01988
2 1 3 15309 0.01933
2 1 3 15292 0.01857
2 1 3 15286 0.0195
2 1 3 15265 0.01922
2 1 3 15239 0.01839
2 1 3 15228 0.01997
2 1 3 15216 0.01894
2 1 3 15199 0.02049
2 1 3 15173 0.01866
2 1 3 15172 0.01936
2 1 3 15153 0.01969
2 1 3 15144 0.01954
2 1 3 15144 0.02067
2 1 3 15075 0.02053
2 1 3 15075 0.01968
2 1 3 15042 0.01998
2 1 3 15032 0.02048
2 1 3 15017 0.01908
2 1 3 14804 0.01892
2 1 3 14641 0.01898
2 1 3 14641 0.01987
2 1 3 10271 0.0144
2 1 3 10270 0.01488
2 1 3 10269 0.01452
2 1 3 10268 0.01503
2 1 3 10267 0.01501
2 1 3 10267 0.01502
2 1 3 10266 0.01439
2 1 3 10266 0.01434
2 1 3 10264 0.01532
2 1 3 10262 0.01477
2 1 3 10261 0.01437
2 1 3 10261 0.01358
2 1 3 10257 0.0135
2 1 3 10257 0.01409
2 1 3 10254 0.01436
2 1 3 10252 0.01464
2 1 3 10249 0.01338
2 1 3 10248 0.01307
2 1 3 10248 0.01363
2 1 3 10245 0.01345
2 1 3 10214 0.01392
2 1 3 10205 0.01435
2 1 3 10172 0.01418
2 1 3 10152 0.01401
2 1 3 10147 0.01312
2 1 3 10143 0.01336
2 1 3 10134 0.01325
2 1 3 10133 0.01355
2 1 3 10130 0.01301
2 1 3 10123 0.01339
2 1 3 10102 0.01359
2 1 3 10102 0.01353
2 1 3 10074 0.0136
2 1 3 10074 0.01361
2 1 3 10058 0.01308
2 1 3 10058 0.01314
2 1 3 10047 0.01358
2 1 3 10047 0.01318
2 1 3 10022 0.0133
2 1 3 10022 0.01353
2 1 3 10015 0.01411
2 1 3 10011 0.01271
2 1 3 10009 0.01286
2 1 3 9966 0.01327
2 1 3 9961 0.01321
2 1 3 9961 0.01304
2 1 3 9934 0.01326
2 1 3 9913 0.01328
2 1 3 9848 0.01346
2 1 3 9848 0.01339
2 1 4 145012 0.2038
2 1 4 143191 0.1955
2 1 4 142875 0.1971
2 1 4 141703 0.1972
2 1 4 139871 0.1834
2 1 4 139871 0.184
2 1 4 139699 0.2023
2 1 4 139686 0.1877
2 1 4 139550 0.1912
2 1 4 139545 0.1905
2 1 4 138396 0.1933
2 1 4 138396 0.1923
2 1 4 137865 0.1865
2 1 4 137851 0.1948
2 1 4 137385 0.1899
2 1 4 136868 0.1899
2 1 4 136797 0.1892
2 1 4 136613 0.1919
2 1 4 136547 0.1914
2 1 4 136532 0.1896
2 1 4 133885 0.1923
2 1 4 133020 0.1887
2 1 4 131850 0.1917
2 1 4 127247 0.1911
2 1 4 126617 0.1898
2 1 4 125449 0.1919
2 1 4 124716 0.194
2 1 4 124068 0.1878
2 1 4 122502 0.127
2 1 4 119067 0.135
2 1 4 118871 0.1247
2 1 4 117913 0.1229
2 1 4 117547 0.1249
2 1 4 117362 0.1212
2 1 4 116347 0.1195
2 1 4 116203 0.1233
2 1 4 115980 0.1227
2 1 4 115874 0.1223
2 1 4 115730 0.1197
2 1 4 115540 0.119
2 1 4 115381 0.1193
2 1 4 114694 0.1179
2 1 4 114619 0.1185
2 1 4 114244 0.1219
2 1 4 113694 0.1166
2 1 4 113349 0.1165
2 1 4 113177 0.121
2 1 4 111881 0.1213
2 1 4 111786 0.1195
2 1 4 111583 0.1106
2 1 4 110936 0.1156
2 1 4 110776 0.1191
2 1 4 110442 0.1146
2 1 4 110432 0.1176
2 1 4 110403 0.1146
2 1 4 109138 0.1149
2 1 4 108919 0.119
2 1 4 108176 0.1157
2 1 4 107879 0.1132
2 1 4 107819 0.11
2 1 4 107618 0.1128
2 1 4 107597 0.1108
2 1 4 107003 0.1158
2 1 4 107003 0.1156
2 1 4 105264 0.109
2 1 4 105264 0.1103
2 1 4 104895 0.1004
2 1 4 104579 0.1108
2 1 4 104295 0.1133
2 1 4 102614 0.111
2 1 4 102597 0.1109
2 1 4 102591 0.1038
2 1 4 102243 0.1104
2 1 4 101822 0.1086
2 1 4 100474 0.1107
2 1 4 100316 0.1079
2 1 4 100004 0.1083
2 1 4 99205 0.1042
2 1 4 99038 0.105
2 1 4 98995 0.1077
2 1 4 98823 0.1054
2 1 4 98715 0.106
2 1 4 98663 0.1044
2 1 4 98504 0.1058
2 1 4 98340 0.1035
2 1 4 97762 0.1061
2 1 4 97606 0.1085
2 1 4 97495 0.105
2 1 4 96876 0.1046
2 1 4 96587 0.1051
2 1 4 96575 0.09838
2 1 4 96484 0.1086
2 1 4 96281 0.1063
2 1 4 95909 0.1036
2 1 4 95678 0.103
2 1 4 95580 0.1036
2 1 4 95482 0.1039
2 1 4 95401 0.1058
2 1 4 95374 0.1037
2 1 4 94767 0.1036
2 1 4 94487 0.1044
2 1 4 94122 0.09944
2 1 4 93956 0.1026
2 1 4 93595 0.1022
2 1 4 93482 0.1025
2 1 4 93287 0.1017
2 1 4 92926 0.1004
2 1 4 92735 0.09404
2 1 4 92390 0.09833
2 1 4 92310 0.1013
2 1 4 92230 0.099
2 1 4 91821 0.1004
2 1 4 91498 0.1005
2 1 4 90588 0.09965
2 1 4 90366 0.1
2 1 4 90180 0.09799
2 1 4 90086 0.09965
2 1 4 89865 0.09871
2 1 4 89172 0.09517
2 1 4 89063 0.0978
2 1 4 88998 0.09889
2 1 4 87764 0.09832
2 1 4 87697 0.09812
2 1 4 87491 0.09778
2 1 4 87306 0.09938
2 1 4 87293 0.09782
2 1 4 86508 0.09634
2 1 4 86395 0.09705
2 1 4 86102 0.09558
2 1 4 85988 0.09813
2 1 4 85704 0.096
2 1 4 85704 0.09645
2 1 4 85089 0.09661
2 1 4 85089 0.09663
2 1 4 84692 0.1037
2 1 4 84692 0.1025
2 1 4 84447 0.09037
2 1 4 84246 0.09559
2 1 4 83564 0.09258
2 1 4 82628 0.09573
2 1 4 82410 0.09316
2 1 4 81932 0.09025
2 1 4 80847 0.08888
2 1 4 79932 0.09098
2 1 4 79059 0.09204
2 1 4 78111 0.08551
2 1 4 76724 0.08787
2 1 4 76449 0.08789
2 1 4 75453 0.08821
2 1 4 72114 0.08315
2 1 4 60792 0.07476
2 1 4 60765 0.07567
2 1 4 60563 0.07424
2 1 4 60372 0.07047
2 1 4 60356 0.07336
2 1 4 60296 0.07144
2 1 4 60274 0.07224
2 1 4 60077 0.07002
2 1 4 60026 0.07289
2 1 4 59989 0.07129
2 1 4 59774 0.0725
2 1 4 59723 0.07337
2 1 4 58875 0.07273
2 1 4 58704 0.07388
2 1 4 58304 0.07146
2 1 4 58012 0.06972
2 1 4 57974 0.06959
2 1 4 57282 0.07179
2 1 4 57159 0.07154
2 1 4 56626 0.06768
2 1 4 56521 0.07122
2 1 4 56479 0.06551
2 1 4 55919 0.06743
2 1 4 55697 0.06931
2 1 4 55551 0.06609
2 1 4 55480 0.06837
2 1 4 55369 0.06911
2 1 4 55326 0.06672
2 1 4 54889 0.06346
2 1 4 54724 0.06867
2 1 4 54703 0.06845
2 1 4 54171 0.06831
2 1 4 54162 0.06511
2 1 4 53909 0.06989
2 1 4 53498 0.06976
2 1 4 53263 0.06693
2 1 4 52766 0.06462
2 1 4 52766 0.06608
2 1 4 52255 0.06408
2 1 4 51695 0.06323
2 1 4 51680 0.06291
2 1 4 51249 0.06385
2 1 4 51122 0.06678
2 1 4 50995 0.06374
2 1 4 50346 0.0655
2 1 4 49402 0.06377
2 1 4 49385 0.06232
2 1 4 49318 0.06264
2 1 4 47061 0.05964
2 1 4 43111 0.05449
2 1 4 40206 0.05036
2 1 4 40149 0.0494
2 1 4 40127 0.05015
2 1 4 40035 0.04717
2 1 4 40030 0.04935
2 1 4 40003 0.04676
2 1 4 39982 0.04771
2 1 4 39950 0.04846
2 1 4 39949 0.04898
2 1 4 39935 0.04688
2 1 4 39930 0.04899
2 1 4 39881 0.04906
2 1 4 39875 0.04935
2 1 4 39736 0.05009
2 1 4 39710 0.04733
2 1 4 39692 0.04831
2 1 4 39680 0.04913
2 1 4 39589 0.04904
2 1 4 39586 0.04916
2 1 4 39306 0.05022
2 1 4 39155 0.05075
2 1 4 39036 0.04755
2 1 4 39006 0.04928
2 1 4 38816 0.04783
2 1 4 38800 0.0475
2 1 4 38664 0.04884
2 1 4 38523 0.04921
2 1 4 38381 0.04905
2 1 4 38313 0.04877
2 1 4 38235 0.04804
2 1 4 38049 0.04741
2 1 4 37867 0.0477
2 1 4 37526 0.04813
2 1 4 37502 0.04719
2 1 4 37390 0.04833
2 1 4 37079 0.04672
2 1 4 37038 0.04413
2 1 4 37009 0.0465
2 1 4 36929 0.04637
2 1 4 36880 0.04597
2 1 4 36651 0.04624
2 1 4 36375 0.04568
2 1 4 35947 0.04641
2 1 4 35846 0.04446
2 1 4 35374 0.04608
2 1 4 35374 0.04574
2 1 4 34203 0.04156
2 1 4 34203 0.04188
2 1 4 33421 0.04075
2 1 4 33346 0.04015
2 1 4 27614 0.03323
2 1 4 27598 0.03199
2 1 4 27570 0.03238
2 1 4 27567 0.03138
2 1 4 27558 0.03139
2 1 4 27555 0.02973
2 1 4 27537 0.0322
2 1 4 27529 0.03049
2 1 4 27515 0.03014
2 1 4 27501 0.02951
2 1 4 27492 0.03009
2 1 4 27476 0.02993
2 1 4 27468 0.02994
2 1 4 27416 0.02974
2 1 4 27352 0.03022
2 1 4 27290 0.03109
2 1 4 27201 0.03034
2 1 4 27083 0.03211
2 1 4 27024 0.03005
2 1 4 26988 0.03115
2 1 4 26742 0.03008
2 1 4 26722 0.03055
2 1 4 26622 0.03253
2 1 4 26621 0.03177
2 1 4 26396 0.02931
2 1 4 26389 0.02848
2 1 4 26344 0.03078
2 1 4 26338 0.03094
2 1 4 26323 0.03031
2 1 4 26196 0.02958
2 1 4 26143 0.03065
2 1 4 26132 0.02935
2 1 4 26009 0.03015
2 1 4 25942 0.02993
2 1 4 25877 0.0295
2 1 4 25862 0.02969
2 1 4 25793 0.03071
2 1 4 25784 0.02998
2 1 4 25707 0.02919
2 1 4 25570 0.02829
2 1 4 25506 0.02913
2 1 4 25454 0.0307
2 1 4 25352 0.02868
2 1 4 25335 0.02782
2 1 4 25232 0.02946
2 1 4 25175 0.02938
2 1 4 24996 0.02879
2 1 4 24300 0.02752
2 1 4 24045 0.02748
2 1 4 23821 0.02797
2 1 4 15920 0.01976
2 1 4 15909 0.01909
2 1 4 15907 0.01973
2 1 4 15906 0.01906
2 1 4 15896 0.01946
2 1 4 15896 0.01935
2 1 4 15888 0.01865
2 1 4 15887 0.01815
2 1 4 15883 0.01847
2 1 4 15876 0.01912
2 1 4 15872 0.01945
2 1 4 15868 0.01926
2 1 4 15845 0.01834
2 1 4 15838 0.01919
2 1 4 15808 0.01981
2 1 4 15781 0.0186
2 1 4 15746 0.01854
2 1 4 15703 0.01935
2 1 4 15676 0.02009
2 1 4 15652 0.0188
2 1 4 15632 0.01993
2 1 4 15617 0.02013
2 1 4 15598 0.01989
2 1 4 15551 0.0188
2 1 4 15541 0.01898
2 1 4 15539 0.01959
2 1 4 15523 0.0181
2 1 4 15504 0.01885
2 1 4 15502 0.01913
2 1 4 15485 0.01886
2 1 4 15475 0.01951
2 1 4 15475 0.01948
2 1 4 15439 0.01918
2 1 4 15439 0.01897
2 1 4 15411 0.01866
2 1 4 15396 0.01957
2 1 4 15394 0.01826
2 1 4 15355 0.01951
2 1 4 15301 0.01912
2 1 4 15291 0.01981
2 1 4 15277 0.01831
2 1 4 15246 0.01847
2 1 4 15241 0.01871
2 1 4 15194 0.01928
2 1 4 15114 0.01914
2 1 4 15101 0.01869
2 1 4 15073 0.01926
2 1 4 14936 0.01893
2 1 4 14917 0.0189
2 1 4 14794 0.01865
2 1 4 10407 0.01445
2 1 4 10404 0.01473
2 1 4 10402 0.01396
2 1 4 10399 0.01326
2 1 4 10399 0.01262
2 1 4 10397 0.01414
2 1 4 10395 0.01388
2 1 4 10393 0.01271
2 1 4 10393 0.01268
2 1 4 10391 0.01386
2 1 4 10389 0.0136
2 1 4 10384 0.01331
2 1 4 10380 0.0133
2 1 4 10377 0.01386
2 1 4 10375 0.01332
2 1 4 10334 0.01416
2 1 4 10308 0.01355
2 1 4 10293 0.01432
2 1 4 10280 0.01408
2 1 4 10271 0.01442
2 1 4 10265 0.01326
2 1 4 10256 0.01297
2 1 4 10255 0.014
2 1 4 10231 0.01299
2 1 4 10221 0.0131
2 1 4 10205 0.01344
2 1 4 10202 0.01321
2 1 4 10176 0.01292
2 1 4 10170 0.01326
2 1 4 10164 0.0136
2 1 4 10155 0.01328
2 1 4 10145 0.01315
2 1 4 10132 0.01285
2 1 4 10132 0.013
2 1 4 10119 0.01329
2 1 4 10115 0.01294
2 1 4 10086 0.01268
2 1 4 10086 0.01273
2 1 4 10041 0.01278
2 1 4 10041 0.0127
2 1 4 10030 0.01312
2 1 4 10029 0.01319
2 1 4 10010 0.0138
2 1 4 10009 0.013
2 1 4 9957 0.01276
2 1 4 9957 0.01282
2 1 4 9943 0.0128
2 1 4 9934 0.01379
2 1 4 9774 0.01305
2 1 4 9774 0.01312
2 1 5 162019 0.2128
2 1 5 160659 0.1989
2 1 5 159552 0.2049
2 1 5 158067 0.19
2 1 5 157660 0.2003
2 1 5 157594 0.1918
2 1 5 156509 0.1964
2 1 5 155991 0.1915
2 1 5 154962 0.1972
2 1 5 154096 0.1932
2 1 5 153931 0.1966
2 1 5 153242 0.2046
2 1 5 153215 0.1843
2 1 5 152954 0.1864
2 1 5 150360 0.1906
2 1 5 150360 0.1909
2 1 5 149994 0.2076
2 1 5 149960 0.1929
2 1 5 148152 0.1971
2 1 5 147610 0.199
2 1 5 143230 0.188
2 1 5 142314 0.1882
2 1 5 142269 0.2011
2 1 5 137771 0.1947
2 1 5 137032 0.1944
2 1 5 133410 0.1875
2 1 5 132054 0.1884
2 1 5 131430 0.1874
2 1 5 128112 0.1902
2 1 5 127997 0.1942
2 1 5 127604 0.1742
2 1 5 127492 0.1798
2 1 5 126412 0.1855
2 1 5 125661 0.1857
2 1 5 125575 0.1829
2 1 5 124979 0.1836
2 1 5 124739 0.186
2 1 5 124499 0.1831
2 1 5 123143 0.1773
2 1 5 122739 0.1244
2 1 5 122174 0.124
2 1 5 121738 0.122
2 1 5 121506 0.1257
2 1 5 121030 0.1244
2 1 5 120832 0.126
2 1 5 120769 0.1235
2 1 5 120487 0.121
2 1 5 119343 0.118
2 1 5 119203 0.1189
2 1 5 118669 0.1249
2 1 5 118297 0.1237
2 1 5 118278 0.1238
2 1 5 117746 0.1195
2 1 5 117746 0.1198
2 1 5 117269 0.1218
2 1 5 117047 0.1217
2 1 5 116918 0.1214
2 1 5 115920 0.1206
2 1 5 115223 0.1223
2 1 5 114761 0.1207
2 1 5 114591 0.1115
2 1 5 114139 0.1198
2 1 5 114033 0.1177
2 1 5 113741 0.1204
2 1 5 113587 0.1151
2 1 5 111521 0.1195
2 1 5 111356 0.1182
2 1 5 109950 0.1163
2 1 5 109496 0.1146
2 1 5 108817 0.1165
2 1 5 108396 0.1124
2 1 5 108396 0.1095
2 1 5 107755 0.1139
2 1 5 107755 0.1137
2 1 5 107109 0.1113
2 1 5 106960 0.1134
2 1 5 106257 0.112
2 1 5 106257 0.1123
2 1 5 105747 0.1124
2 1 5 105709 0.111
2 1 5 105589 0.1119
2 1 5 104711 0.1085
2 1 5 104138 0.1117
2 1 5 104006 0.1136
2 1 5 103639 0.1123
2 1 5 103480 0.1102
2 1 5 103365 0.108
2 1 5 103232 0.1094
2 1 5 103220 0.1069
2 1 5 102162 0.1057
2 1 5 101783 0.1098
2 1 5 101687 0.1076
2 1 5 101477 0.1082
2 1 5 101139 0.1073
2 1 5 100476 0.1097
2 1 5 100427 0.1067
2 1 5 99963 0.1092
2 1 5 99845 0.1072
2 1 5 99273 0.1077
2 1 5 99138 0.1041
2 1 5 98985 0.1008
2 1 5 98979 0.1046
2 1 5 98013 0.1067
2 1 5 97813 0.1087
2 1 5 97188 0.1058
2 1 5 97188 0.1064
2 1 5 96571 0.1056
2 1 5 96396 0.1038
2 1 5 95631 0.1021
2 1 5 95586 0.09888
2 1 5 94827 0.1028
2 1 5 94827 0.1025
2 1 5 94468 0.103
2 1 5 94077 0.1028
2 1 5 94033 0.103
2 1 5 93611 0.1021
2 1 5 93165 0.1016
2 1 5 92790 0.1012
2 1 5 92733 0.1028
2 1 5 92573 0.1002
2 1 5 92447 0.09539
2 1 5 92439 0.09871
2 1 5 91828 0.1006
2 1 5 91828 0.101
2 1 5 91297 0.1015
2 1 5 91141 0.1019
2 1 5 89889 0.09815
2 1 5 89613 0.09945
2 1 5 88134 0.09631
2 1 5 88134 0.09642
2 1 5 88081 0.09755
2 1 5 88069 0.09608
2 1 5 87850 0.09527
2 1 5 86664 0.09541
2 1 5 86490 0.09796
2 1 5 86388 0.09615
2 1 5 85612 0.09531
2 1 5 85612 0.09496
2 1 5 84709 0.09502
2 1 5 82785 0.09271
2 1 5 82730 0.09487
2 1 5 82674 0.09303
2 1 5 80802 0.09153
2 1 5 80396 0.09022
2 1 5 80050 0.08945
2 1 5 79550 0.09076
2 1 5 78270 0.08983
2 1 5 75916 0.0869
2 1 5 72541 0.08511
2 1 5 68165 0.08086
2 1 5 64861 0.07758
2 1 5 64281 0.07595
2 1 5 64252 0.0727
2 1 5 64104 0.07387
2 1 5 64079 0.07335
2 1 5 63869 0.07236
2 1 5 63863 0.07443
2 1 5 63455 0.07024
2 1 5 62929 0.07352
2 1 5 61889 0.07317
2 1 5 61621 0.0714
2 1 5 61604 0.07218
2 1 5 60698 0.07585
2 1 5 60560 0.07533
2 1 5 60314 0.07243
2 1 5 60271 0.0712
2 1 5 59976 0.07527
2 1 5 59262 0.07509
2 1 5 59245 0.07301
2 1 5 59192 0.07188
2 1 5 59170 0.07243
2 1 5 58622 0.07203
2 1 5 58367 0.06935
2 1 5 57657 0.06924
2 1 5 57571 0.0677
2 1 5 56886 0.0686
2 1 5 56764 0.0694
2 1 5 56716 0.06754
2 1 5 56332 0.06556
2 1 5 56280 0.06976
2 1 5 56010 0.07012
2 1 5 55943 0.06856
2 1 5 55374 0.06902
2 1 5 54678 0.06894
2 1 5 54385 0.06836
2 1 5 54383 0.06781
2 1 5 53101 0.06567
2 1 5 52864 0.06656
2 1 5 52728 0.0656
2 1 5 52458 0.06542
2 1 5 52288 0.06547
2 1 5 52233 0.06598
2 1 5 51675 0.06472
2 1 5 51451 0.06323
2 1 5 50862 0.06345
2 1 5 49011 0.06154
2 1 5 48637 0.06032
2 1 5 47749 0.05926
2 1 5 47009 0.06036
2 1 5 45944 0.05647
2 1 5 42066 0.05408
2 1 5 42050 0.05314
2 1 5 41918 0.0482
2 1 5 41875 0.04868
2 1 5 41756 0.05029
2 1 5 41752 0.04946
2 1 5 41740 0.04897
2 1 5 41710 0.04807
2 1 5 41700 0.04862
2 1 5 41625 0.04976
2 1 5 41546 0.04969
2 1 5 41510 0.04756
2 1 5 41473 0.04917
2 1 5 41467 0.04976
2 1 5 41457 0.04762
2 1 5 41421 0.05038
2 1 5 41118 0.04829
2 1 5 41027 0.0491
2 1 5 40834 0.04971
2 1 5 40639 0.04663
2 1 5 40525 0.04696
2 1 5 40422 0.04794
2 1 5 40325 0.04985
2 1 5 40320 0.04675
2 1 5 40026 0.04831
2 1 5 39650 0.05062
2 1 5 39278 0.05015
2 1 5 39225 0.04912
2 1 5 39148 0.04989
2 1 5 39091 0.04921
2 1 5 38832 0.04692
2 1 5 38805 0.04878
2 1 5 38435 0.04644
2 1 5 38410 0.04489
2 1 5 38245 0.04845
2 1 5 37622 0.04719
2 1 5 37379 0.04602
2 1 5 37269 0.04679
2 1 5 37152 0.04591
2 1 5 36815 0.04612
2 1 5 36565 0.0453
2 1 5 36565 0.04501
2 1 5 36100 0.04582
2 1 5 36100 0.04592
2 1 5 35397 0.0433
2 1 5 35351 0.04325
2 1 5 35349 0.04418
2 1 5 34386 0.04193
2 1 5 33894 0.04137
2 1 5 33871 0.04116
2 1 5 28487 0.03042
2 1 5 28459 0.0297
2 1 5 28454 0.03332
2 1 5 28432 0.03075
2 1 5 28406 0.0299
2 1 5 28393 0.03196
2 1 5 28372 0.03041
2 1 5 28365 0.02976
2 1 5 28354 0.02891
2 1 5 28343 0.0305
2 1 5 28244 0.02966
2 1 5 28110 0.03025
2 1 5 28079 0.03273
2 1 5 27965 0.03015
2 1 5 27799 0.03253
2 1 5 27623 0.03282
2 1 5 27590 0.0325
2 1 5 27437 0.02992
2 1 5 27435 0.02932
2 1 5 27285 0.03102
2 1 5 27235 0.02881
2 1 5 27225 0.03004
2 1 5 27213 0.02991
2 1 5 27166 0.0275
2 1 5 27137 0.03203
2 1 5 27075 0.03295
2 1 5 26942 0.02932
2 1 5 26942 0.02955
2 1 5 26905 0.0312
2 1 5 26800 0.03157
2 1 5 26773 0.03126
2 1 5 26688 0.03101
2 1 5 26678 0.03081
2 1 5 26648 0.03067
2 1 5 26368 0.0298
2 1 5 26360 0.03124
2 1 5 26313 0.02936
2 1 5 26313 0.029
2 1 5 25795 0.03006
2 1 5 25795 0.02976
2 1 5 25562 0.02891
2 1 5 25562 0.02851
2 1 5 25345 0.0297
2 1 5 25194 0.0297
2 1 5 25062 0.0295
2 1 5 24956 0.03012
2 1 5 24951 0.02879
2 1 5 24673 0.02872
2 1 5 24010 0.02794
2 1 5 23470 0.02801
2 1 5 16232 0.01767
2 1 5 16226 0.01855
2 1 5 16224 0.01832
2 1 5 16210 0.02025
2 1 5 16193 0.01823
2 1 5 16188 0.01901
2 1 5 16179 0.01828
2 1 5 16167 0.01867
2 1 5 16159 0.01818
2 1 5 16149 0.01821
2 1 5 16143 0.01815
2 1 5 16114 0.01866
2 1 5 16043 0.01959
2 1 5 16016 0.02002
2 1 5 16009 0.01772
2 1 5 15964 0.01815
2 1 5 15957 0.01893
2 1 5 15897 0.01975
2 1 5 15856 0.01977
2 1 5 15850 0.01842
2 1 5 15846 0.01795
2 1 5 15822 0.01906
2 1 5 15808 0.01834
2 1 5 15798 0.01935
2 1 5 15795 0.01827
2 1 5 15749 0.01962
2 1 5 15746 0.01945
2 1 5 15736 0.01907
2 1 5 15733 0.02011
2 1 5 15707 0.01862
2 1 5 15703 0.01953
2 1 5 15679 0.01978
2 1 5 15679 0.0184
2 1 5 15596 0.01987
2 1 5 15586 0.01821
2 1 5 15509 0.01933
2 1 5 15426 0.02056
2 1 5 15417 0.01947
2 1 5 15411 0.01896
2 1 5 15226 0.0191
2 1 5 15185 0.0185
2 1 5 15173 0.01885
2 1 5 15080 0.01895
2 1 5 15033 0.01867
2 1 5 14988 0.01798
2 1 5 14956 0.01931
2 1 5 14951 0.01814
2 1 5 14848 0.01863
2 1 5 14826 0.01791
2 1 5 14693 0.01796
2 1 5 10544 0.01397
2 1 5 10533 0.01288
2 1 5 10530 0.01335
2 1 5 10527 0.01309
2 1 5 10527 0.01323
2 1 5 10526 0.01426
2 1 5 10525 0.01353
2 1 5 10515 0.0131
2 1 5 10508 0.0124
2 1 5 10505 0.01314
2 1 5 10495 0.01396
2 1 5 10458 0.013
2 1 5 10439 0.0131
2 1 5 10408 0.01435
2 1 5 10401 0.01438
2 1 5 10401 0.0143
2 1 5 10392 0.01433
2 1 5 10392 0.01442
2 1 5 10364 0.01414
2 1 5 10354 0.01446
2 1 5 10344 0.01428
2 1 5 10335 0.01329
2 1 5 10334 0.01423
2 1 5 10314 0.01364
2 1 5 10288 0.01288
2 1 5 10288 0.01289
2 1 5 10262 0.01401
2 1 5 10261 0.01375
2 1 5 10219 0.0128
2 1 5 10192 0.01275
2 1 5 10166 0.01407
2 1 5 10166 0.01403
2 1 5 10152 0.01346
2 1 5 10145 0.01362
2 1 5 10127 0.01265
2 1 5 10117 0.0135
2 1 5 10116 0.0135
2 1 5 10115 0.01287
2 1 5 10113 0.01294
2 1 5 10102 0.01367
2 1 5 10102 0.01326
2 1 5 10081 0.0132
2 1 5 10065 0.01327
2 1 5 9970 0.0131
2 1 5 9948 0.01311
2 1 5 9939 0.01301
2 1 5 9912 0.01327
2 1 5 9889 0.01351
2 1 5 9784 0.01285
2 1 5 9784 0.01282
