16 6 1 100000 0.07626
16 6 1 100000 0.07632
16 6 1 100000 0.07393
16 6 1 100000 0.07403
16 6 1 100000 0.07282
16 6 1 100000 0.07347
16 6 1 85000 0.06362
16 6 1 85000 0.0633
16 6 1 85000 0.0625
16 6 1 85000 0.06285
16 6 1 85000 0.06313
16 6 1 85000 0.06321
16 6 1 85000 0.0632
16 6 1 75000 0.05256
16 6 1 75000 0.05312
16 6 1 75000 0.05289
16 6 1 75000 0.05371
16 6 1 75000 0.05353
16 6 1 50000 0.0319
16 6 1 50000 0.03128
16 6 1 50000 0.03133
16 6 1 50000 0.03158
16 6 1 50000 0.03124
16 6 1 50000 0.03128
16 6 1 50000 0.03142
16 6 1 35000 0.02095
16 6 1 35000 0.02091
16 6 1 35000 0.02098
16 6 1 35000 0.02103
16 6 1 35000 0.02124
16 6 1 35000 0.02077
16 6 1 25000 0.01011
16 6 1 25000 0.01013
16 6 1 25000 0.01006
16 6 1 25000 0.01001
16 6 1 25000 0.01023
16 6 1 25000 0.009967
16 6 1 25000 0.01001
16 6 1 15000 0.006554
16 6 1 15000 0.00662
16 6 1 15000 0.006699
16 6 1 15000 0.006569
16 6 1 15000 0.006672
16 6 1 15000 0.006661
16 6 1 10000 0.005142
16 6 1 10000 0.005115
16 6 1 10000 0.005161
16 6 1 10000 0.005152
16 6 1 10000 0.00514
16 6 1 10000 0.00511
16 6 2 100000 0.0751
16 6 2 100000 0.07546
16 6 2 100000 0.07331
16 6 2 100000 0.07267
16 6 2 100000 0.07246
16 6 2 100000 0.07239
16 6 2 85000 0.06325
16 6 2 85000 0.07491
16 6 2 85000 0.06283
16 6 2 85000 0.0631
16 6 2 85000 0.06343
16 6 2 85000 0.06331
16 6 2 85000 0.06337
16 6 2 75000 0.05309
16 6 2 75000 0.05359
16 6 2 75000 0.05387
16 6 2 75000 0.05351
16 6 2 75000 0.05306
16 6 2 50000 0.03143
16 6 2 50000 0.03155
16 6 2 50000 0.03168
16 6 2 50000 0.03157
16 6 2 50000 0.0314
16 6 2 50000 0.03149
16 6 2 50000 0.03154
16 6 2 35000 0.02074
16 6 2 35000 0.02116
16 6 2 35000 0.02092
16 6 2 35000 0.02084
16 6 2 35000 0.021
16 6 2 35000 0.021
16 6 2 25000 0.01007
16 6 2 25000 0.01002
16 6 2 25000 0.01007
16 6 2 25000 0.009923
16 6 2 25000 0.009909
16 6 2 25000 0.01008
16 6 2 25000 0.01003
16 6 2 15000 0.006777
16 6 2 15000 0.006674
16 6 2 15000 0.006656
16 6 2 15000 0.006668
16 6 2 15000 0.006632
16 6 2 15000 0.006646
16 6 2 10000 0.005179
16 6 2 10000 0.005101
16 6 2 10000 0.005087
16 6 2 10000 0.005181
16 6 2 10000 0.005135
16 6 2 10000 0.005151
16 6 3 100000 0.07289
16 6 3 100000 0.073
16 6 3 100000 0.07329
16 6 3 100000 0.0724
16 6 3 100000 0.07296
16 6 3 100000 0.07294
16 6 3 85000 0.06339
16 6 3 85000 0.06302
16 6 3 85000 0.06352
16 6 3 85000 0.06338
16 6 3 85000 0.06294
16 6 3 85000 0.06298
16 6 3 85000 0.06328
16 6 3 75000 0.05373
16 6 3 75000 0.05356
16 6 3 75000 0.0534
16 6 3 75000 0.05265
16 6 3 75000 0.05347
16 6 3 50000 0.03126
16 6 3 50000 0.03146
16 6 3 50000 0.03155
16 6 3 50000 0.03168
16 6 3 50000 0.03182
16 6 3 50000 0.03174
16 6 3 50000 0.03159
16 6 3 35000 0.02108
16 6 3 35000 0.02097
16 6 3 35000 0.02113
16 6 3 35000 0.021
16 6 3 35000 0.02105
16 6 3 35000 0.02108
16 6 3 25000 0.01003
16 6 3 25000 0.01013
16 6 3 25000 0.01004
16 6 3 25000 0.01006
16 6 3 25000 0.01012
16 6 3 25000 0.009985
16 6 3 25000 0.01006
16 6 3 15000 0.006694
16 6 3 15000 0.006693
16 6 3 15000 0.006638
16 6 3 15000 0.006629
16 6 3 15000 0.0066
16 6 3 15000 0.006659
16 6 3 10000 0.005174
16 6 3 10000 0.00513
16 6 3 10000 0.005182
16 6 3 10000 0.005101
16 6 3 10000 0.005166
16 6 3 10000 0.005129
16 6 4 100000 0.07392
16 6 4 100000 0.07269
16 6 4 100000 0.07274
16 6 4 100000 0.07317
16 6 4 100000 0.07327
16 6 4 100000 0.07342
16 6 4 85000 0.0632
16 6 4 85000 0.06356
16 6 4 85000 0.06281
16 6 4 85000 0.06269
16 6 4 85000 0.06351
16 6 4 85000 0.06338
16 6 4 85000 0.06424
16 6 4 75000 0.05356
16 6 4 75000 0.0531
16 6 4 75000 0.05356
16 6 4 75000 0.05407
16 6 4 75000 0.05359
16 6 4 50000 0.03168
16 6 4 50000 0.03195
16 6 4 50000 0.03272
16 6 4 50000 0.03216
16 6 4 50000 0.0319
16 6 4 50000 0.03189
16 6 4 50000 0.03244
16 6 4 35000 0.02103
16 6 4 35000 0.02113
16 6 4 35000 0.02202
16 6 4 35000 0.02105
16 6 4 35000 0.02089
16 6 4 35000 0.0218
16 6 4 25000 0.01
16 6 4 25000 0.01014
16 6 4 25000 0.009986
16 6 4 25000 0.009993
16 6 4 25000 0.01002
16 6 4 25000 0.01016
16 6 4 25000 0.009987
16 6 4 15000 0.0066
16 6 4 15000 0.007276
16 6 4 15000 0.006584
16 6 4 15000 0.007377
16 6 4 15000 0.00744
16 6 4 15000 0.007411
16 6 4 10000 0.005149
16 6 4 10000 0.005878
16 6 4 10000 0.005147
16 6 4 10000 0.005852
16 6 4 10000 0.005173
16 6 4 10000 0.005116
16 6 5 109360 0.07918
16 6 5 105820 0.07731
16 6 5 102736 0.07415
16 6 5 100000 0.07356
16 6 5 100000 0.07332
16 6 5 100000 0.07344
16 6 5 91772 0.0676
16 6 5 90395 0.06806
16 6 5 88937 0.06591
16 6 5 85000 0.06276
16 6 5 85000 0.06255
16 6 5 85000 0.06353
16 6 5 80283 0.06004
16 6 5 79554 0.05865
16 6 5 77979 0.05783
16 6 5 77745 0.05683
16 6 5 75000 0.05339
16 6 5 75000 0.05325
16 6 5 75000 0.05342
16 6 5 52358 0.03523
16 6 5 51968 0.03389
16 6 5 51620 0.03343
16 6 5 50000 0.03144
16 6 5 50000 0.03173
16 6 5 36155 0.02304
16 6 5 36146 0.02115
16 6 5 36146 0.02111
16 6 5 35000 0.02115
16 6 5 35000 0.02099
16 6 5 35000 0.02097
16 6 5 35000 0.02109
16 6 5 25594 0.01032
16 6 5 25585 0.01031
16 6 5 25567 0.01009
16 6 5 25000 0.01005
16 6 5 25000 0.01011
16 6 5 25000 0.01005
16 6 5 15214 0.006493
16 6 5 15214 0.006588
16 6 5 15212 0.006746
16 6 5 15210 0.006591
16 6 5 15000 0.006552
16 6 5 15000 0.006631
16 6 5 15000 0.006645
16 6 5 10093 0.005081
16 6 5 10093 0.005229
16 6 5 10090 0.005319
16 6 5 10000 0.005064
16 6 5 10000 0.005135
16 6 5 10000 0.005142
