16 7 1 100000 0.126
16 7 1 100000 0.1225
16 7 1 100000 0.1203
16 7 1 100000 0.1199
16 7 1 100000 0.1207
16 7 1 100000 0.07746
16 7 1 85000 0.06555
16 7 1 85000 0.06651
16 7 1 85000 0.0658
16 7 1 85000 0.06536
16 7 1 85000 0.06626
16 7 1 85000 0.06597
16 7 1 85000 0.08396
16 7 1 75000 0.05604
16 7 1 75000 0.05594
16 7 1 75000 0.0561
16 7 1 75000 0.05597
16 7 1 75000 0.05569
16 7 1 75000 0.056
16 7 1 50000 0.03308
16 7 1 50000 0.0329
16 7 1 50000 0.03274
16 7 1 50000 0.03283
16 7 1 50000 0.03256
16 7 1 50000 0.03355
16 7 1 50000 0.03263
16 7 1 35000 0.02181
16 7 1 35000 0.02181
16 7 1 35000 0.02141
16 7 1 35000 0.0218
16 7 1 35000 0.02169
16 7 1 25000 0.01028
16 7 1 25000 0.01022
16 7 1 25000 0.01021
16 7 1 25000 0.01033
16 7 1 25000 0.01025
16 7 1 25000 0.01012
16 7 1 15000 0.006858
16 7 1 15000 0.006868
16 7 1 15000 0.006783
16 7 1 15000 0.006716
16 7 1 15000 0.006762
16 7 1 15000 0.006787
16 7 1 15000 0.00681
16 7 1 10000 0.005319
16 7 1 10000 0.005242
16 7 1 10000 0.005388
16 7 1 10000 0.005313
16 7 1 10000 0.005281
16 7 1 10000 0.005319
16 7 2 100000 0.07709
16 7 2 100000 0.07633
16 7 2 100000 0.07722
16 7 2 100000 0.1176
16 7 2 100000 0.119
16 7 2 100000 0.1161
16 7 2 85000 0.09503
16 7 2 85000 0.09481
16 7 2 85000 0.09604
16 7 2 85000 0.09493
16 7 2 85000 0.09557
16 7 2 85000 0.09564
16 7 2 85000 0.09455
16 7 2 75000 0.08041
16 7 2 75000 0.08134
16 7 2 75000 0.08039
16 7 2 75000 0.08057
16 7 2 75000 0.07797
16 7 2 75000 0.07853
16 7 2 50000 0.04304
16 7 2 50000 0.04318
16 7 2 50000 0.04409
16 7 2 50000 0.04371
16 7 2 50000 0.04386
16 7 2 50000 0.04385
16 7 2 50000 0.04439
16 7 2 35000 0.02945
16 7 2 35000 0.02888
16 7 2 35000 0.02894
16 7 2 35000 0.02879
16 7 2 35000 0.02825
16 7 2 25000 0.01248
16 7 2 25000 0.0125
16 7 2 25000 0.01253
16 7 2 25000 0.01224
16 7 2 25000 0.01255
16 7 2 25000 0.01191
16 7 2 15000 0.007565
16 7 2 15000 0.007515
16 7 2 15000 0.007688
16 7 2 15000 0.007691
16 7 2 15000 0.007899
16 7 2 15000 0.006614
16 7 2 15000 0.006558
16 7 2 10000 0.005151
16 7 2 10000 0.005123
16 7 2 10000 0.005067
16 7 2 10000 0.005088
16 7 2 10000 0.005124
16 7 2 10000 0.005195
16 7 3 100000 0.1129
16 7 3 100000 0.1137
16 7 3 100000 0.1138
16 7 3 100000 0.1129
16 7 3 100000 0.1117
16 7 3 100000 0.1129
16 7 3 85000 0.06397
16 7 3 85000 0.06374
16 7 3 85000 0.06343
16 7 3 85000 0.06343
16 7 3 85000 0.06324
16 7 3 85000 0.06323
16 7 3 85000 0.06282
16 7 3 75000 0.0535
16 7 3 75000 0.05329
16 7 3 75000 0.05397
16 7 3 75000 0.05343
16 7 3 75000 0.05379
16 7 3 75000 0.0532
16 7 3 50000 0.0316
16 7 3 50000 0.03156
16 7 3 50000 0.03145
16 7 3 50000 0.03127
16 7 3 50000 0.0316
16 7 3 50000 0.03126
16 7 3 50000 0.03146
16 7 3 35000 0.02108
16 7 3 35000 0.02079
16 7 3 35000 0.0208
16 7 3 35000 0.02081
16 7 3 35000 0.02076
16 7 3 25000 0.009643
16 7 3 25000 0.009992
16 7 3 25000 0.00982
16 7 3 25000 0.009859
16 7 3 25000 0.009766
16 7 3 25000 0.009788
16 7 3 15000 0.006584
16 7 3 15000 0.006359
16 7 3 15000 0.006523
16 7 3 15000 0.006498
16 7 3 15000 0.006604
16 7 3 15000 0.00637
16 7 3 15000 0.00649
16 7 3 10000 0.005211
16 7 3 10000 0.005111
16 7 3 10000 0.005194
16 7 3 10000 0.0052
16 7 3 10000 0.005258
16 7 3 10000 0.005264
16 7 4 100000 0.0749
16 7 4 100000 0.07262
16 7 4 100000 0.07253
16 7 4 100000 0.073
16 7 4 100000 0.07272
16 7 4 100000 0.07279
16 7 4 85000 0.06305
16 7 4 85000 0.06358
16 7 4 85000 0.06372
16 7 4 85000 0.06257
16 7 4 85000 0.0633
16 7 4 85000 0.06295
16 7 4 85000 0.06283
16 7 4 75000 0.05322
16 7 4 75000 0.05311
16 7 4 75000 0.05338
16 7 4 75000 0.05338
16 7 4 75000 0.05343
16 7 4 75000 0.05388
16 7 4 50000 0.03157
16 7 4 50000 0.03139
16 7 4 50000 0.03124
16 7 4 50000 0.03118
16 7 4 50000 0.03166
16 7 4 50000 0.03139
16 7 4 50000 0.03123
16 7 4 35000 0.02092
16 7 4 35000 0.02081
16 7 4 35000 0.02086
16 7 4 35000 0.02096
16 7 4 35000 0.02085
16 7 4 25000 0.01001
16 7 4 25000 0.009846
16 7 4 25000 0.01001
16 7 4 25000 0.01003
16 7 4 25000 0.009909
16 7 4 25000 0.009838
16 7 4 15000 0.006421
16 7 4 15000 0.006583
16 7 4 15000 0.006495
16 7 4 15000 0.006594
16 7 4 15000 0.00648
16 7 4 15000 0.006655
16 7 4 15000 0.006585
16 7 4 10000 0.005146
16 7 4 10000 0.005157
16 7 4 10000 0.005201
16 7 4 10000 0.005161
16 7 4 10000 0.005133
16 7 4 10000 0.005094
16 7 5 100000 0.07244
16 7 5 100000 0.07292
16 7 5 100000 0.07263
16 7 5 100000 0.0727
16 7 5 100000 0.07253
16 7 5 100000 0.07257
16 7 5 85000 0.06289
16 7 5 85000 0.06286
16 7 5 85000 0.06264
16 7 5 85000 0.063
16 7 5 85000 0.06286
16 7 5 85000 0.06314
16 7 5 85000 0.06261
16 7 5 75000 0.05322
16 7 5 75000 0.05289
16 7 5 75000 0.05404
16 7 5 75000 0.05391
16 7 5 75000 0.05329
16 7 5 75000 0.05353
16 7 5 50000 0.03152
16 7 5 50000 0.03115
16 7 5 50000 0.03131
16 7 5 50000 0.03154
16 7 5 50000 0.03145
16 7 5 50000 0.0314
16 7 5 50000 0.0316
16 7 5 35000 0.021
16 7 5 35000 0.02087
16 7 5 35000 0.02095
16 7 5 35000 0.02087
16 7 5 35000 0.02064
16 7 5 25000 0.009844
16 7 5 25000 0.009963
16 7 5 25000 0.009878
16 7 5 25000 0.009993
16 7 5 25000 0.009969
16 7 5 25000 0.009933
16 7 5 15000 0.006505
16 7 5 15000 0.006389
16 7 5 15000 0.006459
16 7 5 15000 0.006609
16 7 5 15000 0.006457
16 7 5 15000 0.00644
16 7 5 15000 0.006532
16 7 5 10000 0.005216
16 7 5 10000 0.005106
16 7 5 10000 0.005216
16 7 5 10000 0.005241
16 7 5 10000 0.00516
16 7 5 10000 0.005204
