8 0 1 100000 0.1485
8 0 1 100000 0.1472
8 0 1 100000 0.1187
8 0 1 100000 0.122
8 0 1 100000 0.1275
8 0 1 100000 0.1226
8 0 1 100000 0.1146
8 0 1 100000 0.09937
8 0 1 100000 0.1009
8 0 1 100000 0.1024
8 0 1 100000 0.1013
8 0 1 100000 0.1031
8 0 1 100000 0.105
8 0 1 85000 0.09067
8 0 1 85000 0.0903
8 0 1 85000 0.08857
8 0 1 85000 0.08859
8 0 1 85000 0.09168
8 0 1 85000 0.09285
8 0 1 85000 0.09047
8 0 1 85000 0.08914
8 0 1 85000 0.08962
8 0 1 85000 0.08902
8 0 1 85000 0.08595
8 0 1 85000 0.09189
8 0 1 75000 0.0813
8 0 1 75000 0.07991
8 0 1 75000 0.08191
8 0 1 75000 0.07884
8 0 1 75000 0.08092
8 0 1 75000 0.07887
8 0 1 75000 0.08163
8 0 1 75000 0.08138
8 0 1 75000 0.0811
8 0 1 75000 0.07972
8 0 1 75000 0.08123
8 0 1 75000 0.08126
8 0 1 50000 0.05878
8 0 1 50000 0.05856
8 0 1 50000 0.06152
8 0 1 50000 0.05927
8 0 1 50000 0.05883
8 0 1 50000 0.06233
8 0 1 50000 0.05707
8 0 1 50000 0.05931
8 0 1 50000 0.06054
8 0 1 50000 0.05774
8 0 1 50000 0.05764
8 0 1 50000 0.05879
8 0 1 50000 0.05937
8 0 1 35000 0.04276
8 0 1 35000 0.04089
8 0 1 35000 0.04213
8 0 1 35000 0.04204
8 0 1 35000 0.04337
8 0 1 35000 0.0408
8 0 1 35000 0.04302
8 0 1 35000 0.04259
8 0 1 35000 0.043
8 0 1 35000 0.04179
8 0 1 35000 0.04238
8 0 1 35000 0.04207
8 0 1 35000 0.04263
8 0 1 25000 0.02743
8 0 1 25000 0.02786
8 0 1 25000 0.02814
8 0 1 25000 0.02687
8 0 1 25000 0.02851
8 0 1 25000 0.02743
8 0 1 25000 0.02797
8 0 1 25000 0.02769
8 0 1 25000 0.0276
8 0 1 25000 0.0281
8 0 1 25000 0.02773
8 0 1 25000 0.02814
8 0 1 15000 0.0176
8 0 1 15000 0.01708
8 0 1 15000 0.01697
8 0 1 15000 0.01747
8 0 1 15000 0.01774
8 0 1 15000 0.01761
8 0 1 15000 0.01799
8 0 1 15000 0.01781
8 0 1 15000 0.01747
8 0 1 15000 0.01721
8 0 1 15000 0.01731
8 0 1 15000 0.01765
8 0 1 15000 0.01736
8 0 1 10000 0.01246
8 0 1 10000 0.01282
8 0 1 10000 0.0122
8 0 1 10000 0.01232
8 0 1 10000 0.01242
8 0 1 10000 0.01275
8 0 1 10000 0.01296
8 0 1 10000 0.01214
8 0 1 10000 0.01294
8 0 1 10000 0.01185
8 0 1 10000 0.01245
8 0 1 10000 0.01314
8 0 2 113442 0.1126
8 0 2 113142 0.1108
8 0 2 113136 0.1124
8 0 2 113048 0.1136
8 0 2 113046 0.1094
8 0 2 112992 0.1097
8 0 2 112915 0.1097
8 0 2 112662 0.111
8 0 2 112584 0.1113
8 0 2 112416 0.1088
8 0 2 111519 0.1038
8 0 2 110318 0.1125
8 0 2 94670 0.09884
8 0 2 94667 0.09751
8 0 2 94571 0.09933
8 0 2 94543 0.09819
8 0 2 94475 0.09748
8 0 2 94455 0.0983
8 0 2 94394 0.09622
8 0 2 94351 0.09519
8 0 2 94300 0.09837
8 0 2 94233 0.09702
8 0 2 94134 0.0958
8 0 2 93925 0.09531
8 0 2 93792 0.09522
8 0 2 82631 0.0881
8 0 2 82472 0.08744
8 0 2 82461 0.08642
8 0 2 82441 0.08806
8 0 2 82422 0.08715
8 0 2 82392 0.08696
8 0 2 82288 0.08719
8 0 2 82237 0.08623
8 0 2 82173 0.08687
8 0 2 82095 0.08307
8 0 2 81699 0.08422
8 0 2 79124 0.0846
8 0 2 77971 0.0822
8 0 2 53346 0.06224
8 0 2 53330 0.06292
8 0 2 53316 0.06165
8 0 2 53301 0.06267
8 0 2 53292 0.06292
8 0 2 53264 0.06291
8 0 2 53210 0.06345
8 0 2 53192 0.06159
8 0 2 53169 0.06159
8 0 2 53151 0.06019
8 0 2 53062 0.06278
8 0 2 51921 0.06132
8 0 2 36662 0.04301
8 0 2 36647 0.04194
8 0 2 36645 0.04252
8 0 2 36617 0.04156
8 0 2 36613 0.04133
8 0 2 36602 0.0439
8 0 2 36598 0.04184
8 0 2 36580 0.04252
8 0 2 36572 0.04289
8 0 2 36563 0.0424
8 0 2 36501 0.04158
8 0 2 36423 0.04264
8 0 2 25845 0.02823
8 0 2 25840 0.02931
8 0 2 25836 0.02881
8 0 2 25833 0.02913
8 0 2 25828 0.02904
8 0 2 25825 0.02893
8 0 2 25820 0.02849
8 0 2 25816 0.02925
8 0 2 25808 0.02797
8 0 2 25804 0.02792
8 0 2 25791 0.02741
8 0 2 25771 0.02764
8 0 2 25267 0.02831
8 0 2 15303 0.01815
8 0 2 15302 0.01768
8 0 2 15301 0.01731
8 0 2 15299 0.01771
8 0 2 15298 0.01729
8 0 2 15298 0.01698
8 0 2 15295 0.01716
8 0 2 15291 0.01787
8 0 2 15288 0.01709
8 0 2 15283 0.0176
8 0 2 15278 0.01744
8 0 2 15235 0.0175
8 0 2 10134 0.01233
8 0 2 10134 0.0125
8 0 2 10133 0.01271
8 0 2 10132 0.01234
8 0 2 10132 0.01173
8 0 2 10131 0.01249
8 0 2 10131 0.01248
8 0 2 10128 0.01278
8 0 2 10128 0.01297
8 0 2 10127 0.01238
8 0 2 10126 0.01255
8 0 2 10121 0.01287
8 0 2 10001 0.01258
8 0 3 128199 0.1818
8 0 3 128081 0.1851
8 0 3 128069 0.1794
8 0 3 128029 0.1894
8 0 3 128012 0.1866
8 0 3 127577 0.179
8 0 3 127208 0.1816
8 0 3 126595 0.1823
8 0 3 126586 0.1759
8 0 3 124916 0.1767
8 0 3 124466 0.1751
8 0 3 124120 0.1807
8 0 3 105368 0.1064
8 0 3 105332 0.1073
8 0 3 105233 0.1066
8 0 3 105163 0.1063
8 0 3 105102 0.1065
8 0 3 104993 0.1061
8 0 3 104895 0.09841
8 0 3 104776 0.109
8 0 3 104524 0.1065
8 0 3 104411 0.1066
8 0 3 104329 0.1047
8 0 3 103857 0.1053
8 0 3 101000 0.1041
8 0 3 90726 0.09502
8 0 3 90657 0.09382
8 0 3 90507 0.09531
8 0 3 90448 0.09678
8 0 3 90384 0.09489
8 0 3 90369 0.09466
8 0 3 90285 0.09458
8 0 3 90251 0.09409
8 0 3 90095 0.0919
8 0 3 89742 0.09419
8 0 3 86822 0.09276
8 0 3 85040 0.08938
8 0 3 83187 0.08978
8 0 3 56872 0.06768
8 0 3 56840 0.07072
8 0 3 56813 0.06534
8 0 3 56798 0.0675
8 0 3 56767 0.06335
8 0 3 56695 0.06633
8 0 3 56668 0.0668
8 0 3 56642 0.06572
8 0 3 56608 0.0646
8 0 3 56563 0.06646
8 0 3 56463 0.06546
8 0 3 55389 0.06402
8 0 3 38356 0.04486
8 0 3 38346 0.04689
8 0 3 38320 0.04382
8 0 3 38317 0.04414
8 0 3 38304 0.04503
8 0 3 38289 0.04598
8 0 3 38273 0.04365
8 0 3 38259 0.04414
8 0 3 38228 0.04471
8 0 3 38204 0.04434
8 0 3 38136 0.04468
8 0 3 36796 0.04218
8 0 3 26706 0.02956
8 0 3 26703 0.02951
8 0 3 26699 0.03001
8 0 3 26693 0.03023
8 0 3 26682 0.03111
8 0 3 26676 0.03109
8 0 3 26673 0.03078
8 0 3 26661 0.029
8 0 3 26644 0.0301
8 0 3 26624 0.02924
8 0 3 26607 0.03062
8 0 3 26572 0.02888
8 0 3 25478 0.02871
8 0 3 15608 0.01891
8 0 3 15605 0.01894
8 0 3 15604 0.01921
8 0 3 15600 0.01833
8 0 3 15598 0.01929
8 0 3 15597 0.01897
8 0 3 15595 0.01824
8 0 3 15592 0.01854
8 0 3 15589 0.01891
8 0 3 15585 0.01936
8 0 3 15569 0.01873
8 0 3 15531 0.01964
8 0 3 10271 0.0137
8 0 3 10267 0.01387
8 0 3 10267 0.01391
8 0 3 10266 0.01421
8 0 3 10264 0.01386
8 0 3 10263 0.01363
8 0 3 10262 0.01312
8 0 3 10261 0.01344
8 0 3 10260 0.01385
8 0 3 10259 0.01366
8 0 3 10254 0.01392
8 0 3 10251 0.01338
8 0 3 10136 0.01285
8 0 4 145249 0.1968
8 0 4 145009 0.1892
8 0 4 144683 0.1918
8 0 4 144367 0.1863
8 0 4 143654 0.1937
8 0 4 143590 0.1909
8 0 4 142810 0.1903
8 0 4 142512 0.1901
8 0 4 140852 0.1915
8 0 4 140744 0.1839
8 0 4 140292 0.1969
8 0 4 137978 0.186
8 0 4 136977 0.1875
8 0 4 116960 0.116
8 0 4 116850 0.1155
8 0 4 116733 0.115
8 0 4 116505 0.1143
8 0 4 116479 0.1093
8 0 4 116183 0.1158
8 0 4 115930 0.1178
8 0 4 115772 0.1148
8 0 4 114863 0.111
8 0 4 114207 0.1064
8 0 4 112228 0.1133
8 0 4 108358 0.1084
8 0 4 99495 0.1038
8 0 4 99402 0.1003
8 0 4 99332 0.1024
8 0 4 99228 0.1014
8 0 4 99121 0.1001
8 0 4 98972 0.09958
8 0 4 98844 0.09905
8 0 4 98657 0.1023
8 0 4 98529 0.0999
8 0 4 96562 0.0977
8 0 4 93614 0.09748
8 0 4 92241 0.09505
8 0 4 60652 0.07076
8 0 4 60627 0.06908
8 0 4 60572 0.07106
8 0 4 60516 0.07105
8 0 4 60462 0.06891
8 0 4 60412 0.07008
8 0 4 60402 0.06971
8 0 4 60340 0.0698
8 0 4 60328 0.07067
8 0 4 60264 0.07048
8 0 4 60204 0.06996
8 0 4 60186 0.06999
8 0 4 59060 0.06977
8 0 4 40164 0.04733
8 0 4 40153 0.04777
8 0 4 40119 0.04725
8 0 4 40050 0.04614
8 0 4 40036 0.04736
8 0 4 40017 0.04655
8 0 4 40001 0.04662
8 0 4 39995 0.04614
8 0 4 39948 0.04694
8 0 4 39946 0.04705
8 0 4 39933 0.04631
8 0 4 39871 0.04616
8 0 4 37960 0.04377
8 0 4 27596 0.03017
8 0 4 27587 0.0307
8 0 4 27575 0.02988
8 0 4 27561 0.03118
8 0 4 27528 0.02995
8 0 4 27525 0.03149
8 0 4 27517 0.03251
8 0 4 27501 0.03016
8 0 4 27485 0.03035
8 0 4 27475 0.03013
8 0 4 27432 0.02961
8 0 4 26912 0.02994
8 0 4 15923 0.01855
8 0 4 15915 0.01922
8 0 4 15913 0.01875
8 0 4 15910 0.01942
8 0 4 15908 0.01763
8 0 4 15905 0.01949
8 0 4 15904 0.01822
8 0 4 15902 0.01927
8 0 4 15899 0.01847
8 0 4 15895 0.01867
8 0 4 15881 0.01858
8 0 4 15870 0.01881
8 0 4 15613 0.01852
8 0 4 10403 0.01343
8 0 4 10402 0.01381
8 0 4 10399 0.01374
8 0 4 10398 0.01359
8 0 4 10398 0.01333
8 0 4 10397 0.01403
8 0 4 10395 0.01425
8 0 4 10394 0.01384
8 0 4 10391 0.0138
8 0 4 10389 0.01363
8 0 4 10387 0.01388
8 0 4 10353 0.01391
8 0 5 164257 0.199
8 0 5 163377 0.2019
8 0 5 163075 0.1963
8 0 5 162177 0.203
8 0 5 161319 0.1956
8 0 5 161092 0.1937
8 0 5 160495 0.1894
8 0 5 160256 0.1963
8 0 5 159228 0.197
8 0 5 158965 0.1965
8 0 5 157372 0.1949
8 0 5 155613 0.195
8 0 5 129647 0.1757
8 0 5 129531 0.1758
8 0 5 129477 0.1781
8 0 5 129385 0.178
8 0 5 129038 0.1768
8 0 5 128763 0.1823
8 0 5 128644 0.1795
8 0 5 128421 0.1775
8 0 5 127917 0.1797
8 0 5 127320 0.1801
8 0 5 126580 0.1761
8 0 5 125546 0.1769
8 0 5 123615 0.1685
8 0 5 109575 0.1104
8 0 5 109181 0.1085
8 0 5 108984 0.1084
8 0 5 108938 0.1088
8 0 5 108924 0.1072
8 0 5 108695 0.1092
8 0 5 108530 0.1081
8 0 5 108349 0.1072
8 0 5 108128 0.1058
8 0 5 108003 0.1088
8 0 5 104854 0.1171
8 0 5 102480 0.1034
8 0 5 100476 0.101
8 0 5 64594 0.07067
8 0 5 64481 0.07442
8 0 5 64429 0.07076
8 0 5 64351 0.06915
8 0 5 64288 0.07247
8 0 5 64237 0.07002
8 0 5 64207 0.07223
8 0 5 64129 0.07071
8 0 5 64085 0.07458
8 0 5 64043 0.07077
8 0 5 63742 0.07201
8 0 5 62606 0.06975
8 0 5 42041 0.04853
8 0 5 41950 0.05012
8 0 5 41901 0.04898
8 0 5 41870 0.05051
8 0 5 41855 0.0465
8 0 5 41811 0.04848
8 0 5 41796 0.04965
8 0 5 41783 0.04828
8 0 5 41773 0.04873
8 0 5 41738 0.04928
8 0 5 41729 0.04872
8 0 5 40184 0.04654
8 0 5 28512 0.0309
8 0 5 28469 0.03061
8 0 5 28460 0.03007
8 0 5 28450 0.03044
8 0 5 28446 0.03012
8 0 5 28434 0.02885
8 0 5 28429 0.03048
8 0 5 28406 0.03104
8 0 5 28399 0.03053
8 0 5 28369 0.03068
8 0 5 28344 0.03078
8 0 5 28305 0.03062
8 0 5 27178 0.0307
8 0 5 16239 0.01802
8 0 5 16230 0.01904
8 0 5 16228 0.01851
8 0 5 16224 0.01914
8 0 5 16221 0.01842
8 0 5 16219 0.01901
8 0 5 16214 0.01873
8 0 5 16211 0.01892
8 0 5 16208 0.01906
8 0 5 16206 0.01892
8 0 5 16189 0.01883
8 0 5 16153 0.01889
8 0 5 10541 0.01348
8 0 5 10539 0.01308
8 0 5 10537 0.01354
8 0 5 10535 0.01321
8 0 5 10534 0.01329
8 0 5 10532 0.01359
8 0 5 10532 0.01361
8 0 5 10531 0.01406
8 0 5 10528 0.01328
8 0 5 10525 0.01346
8 0 5 10523 0.01385
8 0 5 10514 0.01394
8 0 5 10402 0.01419
