8 5 1 100000 0.1118
8 5 1 100000 0.1111
8 5 1 100000 0.1071
8 5 1 100000 0.1064
8 5 1 100000 0.1017
8 5 1 100000 0.1017
8 5 1 100000 0.1012
8 5 1 100000 0.1044
8 5 1 100000 0.1034
8 5 1 100000 0.1004
8 5 1 100000 0.102
8 5 1 100000 0.1035
8 5 1 85000 0.09341
8 5 1 85000 0.09191
8 5 1 85000 0.09246
8 5 1 85000 0.08955
8 5 1 85000 0.09251
8 5 1 85000 0.08957
8 5 1 85000 0.09644
8 5 1 85000 0.09306
8 5 1 85000 0.09133
8 5 1 85000 0.08974
8 5 1 85000 0.09023
8 5 1 85000 0.0904
8 5 1 85000 0.0911
8 5 1 75000 0.08336
8 5 1 75000 0.08312
8 5 1 75000 0.0834
8 5 1 75000 0.08217
8 5 1 75000 0.08126
8 5 1 75000 0.07945
8 5 1 75000 0.08238
8 5 1 75000 0.08023
8 5 1 75000 0.07939
8 5 1 75000 0.07989
8 5 1 75000 0.08079
8 5 1 75000 0.08118
8 5 1 75000 0.08194
8 5 1 50000 0.06012
8 5 1 50000 0.05915
8 5 1 50000 0.06081
8 5 1 50000 0.05878
8 5 1 50000 0.05862
8 5 1 50000 0.05858
8 5 1 50000 0.05848
8 5 1 50000 0.05943
8 5 1 50000 0.05824
8 5 1 50000 0.0575
8 5 1 50000 0.05823
8 5 1 50000 0.05966
8 5 1 35000 0.04234
8 5 1 35000 0.04375
8 5 1 35000 0.0446
8 5 1 35000 0.04371
8 5 1 35000 0.04085
8 5 1 35000 0.04215
8 5 1 35000 0.04214
8 5 1 35000 0.04035
8 5 1 35000 0.04229
8 5 1 35000 0.0421
8 5 1 35000 0.04139
8 5 1 35000 0.04196
8 5 1 25000 0.02895
8 5 1 25000 0.02895
8 5 1 25000 0.02986
8 5 1 25000 0.02996
8 5 1 25000 0.02853
8 5 1 25000 0.02752
8 5 1 25000 0.02812
8 5 1 25000 0.02682
8 5 1 25000 0.0282
8 5 1 25000 0.02862
8 5 1 25000 0.02765
8 5 1 25000 0.02657
8 5 1 25000 0.02699
8 5 1 15000 0.01885
8 5 1 15000 0.01791
8 5 1 15000 0.01798
8 5 1 15000 0.01845
8 5 1 15000 0.01786
8 5 1 15000 0.01677
8 5 1 15000 0.01721
8 5 1 15000 0.01694
8 5 1 15000 0.01706
8 5 1 15000 0.01744
8 5 1 15000 0.01733
8 5 1 15000 0.01705
8 5 1 10000 0.01297
8 5 1 10000 0.01362
8 5 1 10000 0.01318
8 5 1 10000 0.01291
8 5 1 10000 0.01302
8 5 1 10000 0.01283
8 5 1 10000 0.01213
8 5 1 10000 0.01273
8 5 1 10000 0.01253
8 5 1 10000 0.0126
8 5 1 10000 0.0131
8 5 1 10000 0.0122
8 5 1 10000 0.0123
8 5 2 113094 0.1126
8 5 2 113090 0.1145
8 5 2 112935 0.113
8 5 2 112600 0.1104
8 5 2 112151 0.1141
8 5 2 111523 0.1142
8 5 2 110656 0.111
8 5 2 109989 0.111
8 5 2 107903 0.1066
8 5 2 104665 0.1074
8 5 2 100841 0.106
8 5 2 100176 0.1025
8 5 2 94441 0.0964
8 5 2 94340 0.09771
8 5 2 94275 0.09768
8 5 2 94050 0.09716
8 5 2 93651 0.09709
8 5 2 93451 0.1009
8 5 2 93289 0.09656
8 5 2 90177 0.095
8 5 2 89986 0.09376
8 5 2 85285 0.09301
8 5 2 84752 0.0925
8 5 2 82545 0.08799
8 5 2 82403 0.08697
8 5 2 82334 0.08685
8 5 2 82313 0.08484
8 5 2 82110 0.08765
8 5 2 82072 0.08931
8 5 2 82026 0.08753
8 5 2 81614 0.08647
8 5 2 81513 0.08587
8 5 2 80980 0.08897
8 5 2 79779 0.08343
8 5 2 77723 0.08312
8 5 2 76536 0.08536
8 5 2 73524 0.0822
8 5 2 53381 0.06308
8 5 2 53372 0.06412
8 5 2 53332 0.06326
8 5 2 53282 0.05958
8 5 2 53258 0.06188
8 5 2 53232 0.06024
8 5 2 53225 0.06332
8 5 2 53147 0.06239
8 5 2 52855 0.06218
8 5 2 51263 0.05933
8 5 2 50188 0.05928
8 5 2 49194 0.05888
8 5 2 48608 0.05935
8 5 2 36662 0.04379
8 5 2 36625 0.04346
8 5 2 36607 0.04123
8 5 2 36592 0.04226
8 5 2 36586 0.04308
8 5 2 36569 0.04154
8 5 2 36564 0.04249
8 5 2 36548 0.04136
8 5 2 36509 0.04557
8 5 2 35800 0.04244
8 5 2 35656 0.04241
8 5 2 34338 0.0408
8 5 2 33262 0.03728
8 5 2 25829 0.02773
8 5 2 25823 0.03
8 5 2 25815 0.02679
8 5 2 25814 0.02873
8 5 2 25791 0.02757
8 5 2 25774 0.02718
8 5 2 25752 0.03086
8 5 2 25729 0.02816
8 5 2 25173 0.02918
8 5 2 24920 0.02709
8 5 2 24554 0.02876
8 5 2 24347 0.02898
8 5 2 15304 0.01667
8 5 2 15302 0.01769
8 5 2 15298 0.01769
8 5 2 15296 0.01762
8 5 2 15294 0.0172
8 5 2 15291 0.01779
8 5 2 15285 0.01699
8 5 2 15275 0.01764
8 5 2 15263 0.01877
8 5 2 15165 0.01727
8 5 2 15034 0.01832
8 5 2 14900 0.01836
8 5 2 14736 0.01861
8 5 2 10134 0.01285
8 5 2 10133 0.01293
8 5 2 10132 0.01214
8 5 2 10131 0.01222
8 5 2 10130 0.01308
8 5 2 10129 0.01295
8 5 2 10128 0.01256
8 5 2 10125 0.01273
8 5 2 10064 0.01278
8 5 2 10010 0.0129
8 5 2 9945 0.01308
8 5 2 9904 0.01276
8 5 3 127166 0.1742
8 5 3 127058 0.1753
8 5 3 126697 0.1726
8 5 3 126299 0.1776
8 5 3 125185 0.1837
8 5 3 124314 0.1692
8 5 3 123486 0.1718
8 5 3 119294 0.1162
8 5 3 119294 0.1162
8 5 3 109968 0.1092
8 5 3 104907 0.1052
8 5 3 104712 0.1056
8 5 3 104138 0.1073
8 5 3 103932 0.1053
8 5 3 103246 0.1034
8 5 3 102325 0.1038
8 5 3 101087 0.09616
8 5 3 100327 0.1006
8 5 3 99214 0.1005
8 5 3 97806 0.1007
8 5 3 93392 0.1004
8 5 3 92875 0.09826
8 5 3 90582 0.09331
8 5 3 90364 0.0937
8 5 3 90108 0.09098
8 5 3 89826 0.09173
8 5 3 89745 0.09312
8 5 3 89329 0.09246
8 5 3 88630 0.09385
8 5 3 87920 0.09069
8 5 3 87920 0.09046
8 5 3 85435 0.09316
8 5 3 84870 0.08961
8 5 3 82311 0.08919
8 5 3 82203 0.08851
8 5 3 76582 0.087
8 5 3 76162 0.08322
8 5 3 56961 0.06584
8 5 3 56739 0.06321
8 5 3 56695 0.06189
8 5 3 56651 0.0643
8 5 3 56617 0.06409
8 5 3 56603 0.06485
8 5 3 56235 0.06432
8 5 3 55413 0.06337
8 5 3 54087 0.06319
8 5 3 53259 0.06479
8 5 3 51307 0.06285
8 5 3 49767 0.05948
8 5 3 48459 0.05816
8 5 3 38350 0.04494
8 5 3 38287 0.04323
8 5 3 38266 0.04328
8 5 3 38248 0.04222
8 5 3 38200 0.04279
8 5 3 38149 0.04223
8 5 3 38088 0.04307
8 5 3 37696 0.04358
8 5 3 37369 0.04206
8 5 3 37207 0.0419
8 5 3 35511 0.04356
8 5 3 34688 0.03948
8 5 3 33402 0.04057
8 5 3 26678 0.02819
8 5 3 26625 0.02865
8 5 3 26620 0.02814
8 5 3 26601 0.02888
8 5 3 26562 0.02739
8 5 3 26408 0.02821
8 5 3 26108 0.03032
8 5 3 25830 0.03024
8 5 3 25463 0.02616
8 5 3 25296 0.02879
8 5 3 24690 0.0286
8 5 3 23537 0.02732
8 5 3 15606 0.0183
8 5 3 15600 0.01732
8 5 3 15596 0.01757
8 5 3 15577 0.01694
8 5 3 15570 0.01711
8 5 3 15563 0.01708
8 5 3 15457 0.01788
8 5 3 15343 0.01739
8 5 3 15283 0.01745
8 5 3 15179 0.01901
8 5 3 15131 0.01832
8 5 3 14891 0.01807
8 5 3 10266 0.0126
8 5 3 10266 0.01253
8 5 3 10264 0.01328
8 5 3 10261 0.01236
8 5 3 10259 0.0129
8 5 3 10258 0.01268
8 5 3 10248 0.01287
8 5 3 10200 0.01368
8 5 3 10140 0.01374
8 5 3 10073 0.01218
8 5 3 10051 0.01211
8 5 3 9963 0.01326
8 5 3 9843 0.01216
8 5 4 142545 0.1812
8 5 4 142063 0.1816
8 5 4 140891 0.1809
8 5 4 138391 0.1786
8 5 4 137857 0.1792
8 5 4 135986 0.1752
8 5 4 135284 0.18
8 5 4 129809 0.1783
8 5 4 121052 0.1223
8 5 4 119175 0.119
8 5 4 116239 0.1128
8 5 4 115467 0.1134
8 5 4 114917 0.1104
8 5 4 112761 0.1102
8 5 4 112036 0.1096
8 5 4 111689 0.111
8 5 4 108328 0.1094
8 5 4 106543 0.1041
8 5 4 105967 0.1065
8 5 4 100160 0.1007
8 5 4 99460 0.1013
8 5 4 99151 0.1004
8 5 4 99042 0.1043
8 5 4 98499 0.1022
8 5 4 98313 0.09927
8 5 4 98043 0.09943
8 5 4 97155 0.1003
8 5 4 95965 0.0976
8 5 4 94482 0.09677
8 5 4 93125 0.09607
8 5 4 91080 0.09676
8 5 4 90282 0.09195
8 5 4 87140 0.0927
8 5 4 85386 0.09085
8 5 4 81771 0.08828
8 5 4 80256 0.08627
8 5 4 73020 0.08141
8 5 4 68023 0.0766
8 5 4 60354 0.06647
8 5 4 60317 0.06924
8 5 4 60001 0.0676
8 5 4 59857 0.06773
8 5 4 59581 0.06746
8 5 4 58259 0.06463
8 5 4 56826 0.06637
8 5 4 55773 0.06329
8 5 4 53430 0.06183
8 5 4 51430 0.05909
8 5 4 48417 0.05888
8 5 4 47377 0.05791
8 5 4 40065 0.04603
8 5 4 39989 0.04535
8 5 4 39954 0.04637
8 5 4 39871 0.044
8 5 4 39822 0.04488
8 5 4 39307 0.04494
8 5 4 39080 0.04458
8 5 4 38918 0.0434
8 5 4 38054 0.04404
8 5 4 36657 0.04539
8 5 4 36247 0.04435
8 5 4 35731 0.04388
8 5 4 27581 0.02969
8 5 4 27576 0.02996
8 5 4 27541 0.02934
8 5 4 27475 0.02954
8 5 4 27463 0.02976
8 5 4 27353 0.03112
8 5 4 27049 0.02765
8 5 4 26615 0.02966
8 5 4 26366 0.02937
8 5 4 26282 0.02988
8 5 4 25928 0.02985
8 5 4 25601 0.03024
8 5 4 24274 0.02685
8 5 4 15915 0.01744
8 5 4 15912 0.01853
8 5 4 15907 0.01836
8 5 4 15892 0.01871
8 5 4 15880 0.01776
8 5 4 15875 0.01867
8 5 4 15847 0.01765
8 5 4 15718 0.01782
8 5 4 15447 0.01818
8 5 4 15304 0.0178
8 5 4 15218 0.01797
8 5 4 15073 0.01809
8 5 4 14910 0.01768
8 5 4 10397 0.01286
8 5 4 10394 0.01275
8 5 4 10392 0.0127
8 5 4 10389 0.01329
8 5 4 10365 0.01271
8 5 4 10314 0.01244
8 5 4 10253 0.01284
8 5 4 10184 0.01284
8 5 4 10128 0.01319
8 5 4 10002 0.0125
8 5 4 9906 0.01318
8 5 4 9740 0.01267
8 5 5 160734 0.1974
8 5 5 160013 0.2037
8 5 5 155845 0.1903
8 5 5 155565 0.1939
8 5 5 153604 0.2013
8 5 5 149128 0.1885
8 5 5 145857 0.194
8 5 5 144023 0.1924
8 5 5 133445 0.1912
8 5 5 129023 0.1708
8 5 5 128137 0.1763
8 5 5 127381 0.1768
8 5 5 124503 0.1771
8 5 5 123930 0.1833
8 5 5 120707 0.1224
8 5 5 119015 0.1186
8 5 5 116394 0.118
8 5 5 114272 0.1176
8 5 5 110026 0.1099
8 5 5 108661 0.1108
8 5 5 108204 0.1096
8 5 5 107580 0.1087
8 5 5 107445 0.1092
8 5 5 106480 0.1093
8 5 5 105876 0.11
8 5 5 104380 0.1077
8 5 5 103965 0.1058
8 5 5 102390 0.1025
8 5 5 99717 0.1059
8 5 5 99340 0.1039
8 5 5 95335 0.09961
8 5 5 93912 0.1008
8 5 5 91354 0.09815
8 5 5 85517 0.09186
8 5 5 85325 0.09365
8 5 5 77990 0.08609
8 5 5 73164 0.07877
8 5 5 70137 0.07918
8 5 5 64088 0.07121
8 5 5 63843 0.0749
8 5 5 63516 0.06975
8 5 5 63159 0.07191
8 5 5 61722 0.07051
8 5 5 60369 0.07039
8 5 5 59543 0.0689
8 5 5 58784 0.06746
8 5 5 55840 0.06797
8 5 5 55614 0.06763
8 5 5 47650 0.05977
8 5 5 47411 0.05826
8 5 5 41888 0.04966
8 5 5 41757 0.04934
8 5 5 41704 0.04811
8 5 5 41668 0.05011
8 5 5 41564 0.0484
8 5 5 41304 0.05025
8 5 5 40722 0.04573
8 5 5 40552 0.04879
8 5 5 38169 0.04583
8 5 5 37424 0.04532
8 5 5 36356 0.04565
8 5 5 36228 0.04511
8 5 5 28458 0.03072
8 5 5 28418 0.03138
8 5 5 28382 0.03108
8 5 5 28348 0.02995
8 5 5 28300 0.03016
8 5 5 28019 0.03077
8 5 5 27753 0.02938
8 5 5 27082 0.03053
8 5 5 26820 0.0309
8 5 5 26368 0.03073
8 5 5 25879 0.02732
8 5 5 25535 0.02991
8 5 5 24546 0.02959
8 5 5 16221 0.01794
8 5 5 16201 0.01833
8 5 5 16191 0.01794
8 5 5 16187 0.01929
8 5 5 16170 0.01873
8 5 5 16160 0.01892
8 5 5 16032 0.01881
8 5 5 15888 0.01797
8 5 5 15714 0.01788
8 5 5 15435 0.01892
8 5 5 15201 0.01894
8 5 5 15054 0.01785
8 5 5 14149 0.01817
8 5 5 10531 0.01337
8 5 5 10526 0.01314
8 5 5 10525 0.01326
8 5 5 10520 0.01307
8 5 5 10476 0.01322
8 5 5 10416 0.01406
8 5 5 10334 0.01408
8 5 5 10278 0.01349
8 5 5 10262 0.01378
8 5 5 10122 0.0133
8 5 5 9976 0.01376
8 5 5 9750 0.01358
