16 2 1 100000 0.1492
16 2 1 100000 0.1475
16 2 1 100000 0.1436
16 2 1 100000 0.1429
16 2 1 100000 0.1426
16 2 1 100000 0.1583
16 2 1 100000 0.1331
16 2 1 85000 0.09158
16 2 1 85000 0.08878
16 2 1 85000 0.09442
16 2 1 85000 0.1176
16 2 1 85000 0.1185
16 2 1 75000 0.08296
16 2 1 75000 0.08162
16 2 1 75000 0.111
16 2 1 75000 0.1091
16 2 1 75000 0.135
16 2 1 75000 0.1362
16 2 1 50000 0.07797
16 2 1 50000 0.07336
16 2 1 50000 0.07325
16 2 1 50000 0.07358
16 2 1 50000 0.07513
16 2 1 50000 0.09897
16 2 1 50000 0.0985
16 2 1 35000 0.05072
16 2 1 35000 0.05179
16 2 1 35000 0.05082
16 2 1 35000 0.05297
16 2 1 35000 0.07012
16 2 1 35000 0.07087
16 2 1 25000 0.02868
16 2 1 25000 0.03218
16 2 1 25000 0.03129
16 2 1 25000 0.03153
16 2 1 25000 0.04903
16 2 1 25000 0.04875
16 2 1 15000 0.01912
16 2 1 15000 0.01864
16 2 1 15000 0.01876
16 2 1 15000 0.01914
16 2 1 15000 0.01956
16 2 1 15000 0.02977
16 2 1 15000 0.02928
16 2 1 10000 0.01403
16 2 1 10000 0.01289
16 2 1 10000 0.01352
16 2 1 10000 0.01416
16 2 1 10000 0.02009
16 2 1 10000 0.02049
16 2 2 113437 0.1646
16 2 2 112915 0.1635
16 2 2 112662 0.1604
16 2 2 109062 0.1577
16 2 2 107940 0.1782
16 2 2 102991 0.1713
16 2 2 94548 0.1393
16 2 2 94394 0.1353
16 2 2 94233 0.1351
16 2 2 93725 0.1288
16 2 2 91919 0.1343
16 2 2 82882 0.1473
16 2 2 82497 0.1204
16 2 2 82441 0.1189
16 2 2 82290 0.1261
16 2 2 82095 0.121
16 2 2 80106 0.1188
16 2 2 78325 0.1178
16 2 2 53374 0.1042
16 2 2 53364 0.1055
16 2 2 53316 0.08298
16 2 2 53260 0.07919
16 2 2 53167 0.07976
16 2 2 52319 0.1006
16 2 2 50195 0.09905
16 2 2 36645 0.05252
16 2 2 36613 0.05183
16 2 2 36585 0.05287
16 2 2 36568 0.05283
16 2 2 35087 0.07075
16 2 2 34460 0.06903
16 2 2 25848 0.051
16 2 2 25833 0.03192
16 2 2 25817 0.03289
16 2 2 25803 0.03101
16 2 2 25474 0.049
16 2 2 24955 0.04811
16 2 2 15304 0.01939
16 2 2 15301 0.01915
16 2 2 15299 0.01969
16 2 2 15295 0.01977
16 2 2 15283 0.01998
16 2 2 15261 0.01945
16 2 2 14932 0.02999
16 2 2 10134 0.01342
16 2 2 10132 0.01379
16 2 2 10130 0.01376
16 2 2 10127 0.0133
16 2 2 10096 0.02083
16 2 2 9990 0.02074
16 2 3 128045 0.2419
16 2 3 125033 0.231
16 2 3 124544 0.2394
16 2 3 118383 0.1824
16 2 3 117624 0.1673
16 2 3 104798 0.1517
16 2 3 104354 0.1469
16 2 3 103533 0.1499
16 2 3 101944 0.1451
16 2 3 99108 0.139
16 2 3 91056 0.1326
16 2 3 90334 0.1287
16 2 3 90089 0.1325
16 2 3 89442 0.1307
16 2 3 87727 0.1271
16 2 3 85681 0.1282
16 2 3 78904 0.1385
16 2 3 78828 0.1378
16 2 3 70899 0.1266
16 2 3 56755 0.08677
16 2 3 56607 0.07992
16 2 3 55932 0.08404
16 2 3 54627 0.08223
16 2 3 52388 0.1023
16 2 3 38368 0.05556
16 2 3 38296 0.05441
16 2 3 38257 0.05498
16 2 3 38160 0.05638
16 2 3 37602 0.07404
16 2 3 35147 0.06955
16 2 3 34519 0.06703
16 2 3 26697 0.03315
16 2 3 26677 0.03312
16 2 3 26654 0.03446
16 2 3 26631 0.0327
16 2 3 25797 0.04918
16 2 3 24550 0.04718
16 2 3 24254 0.04673
16 2 3 15596 0.02034
16 2 3 15589 0.02048
16 2 3 15573 0.01992
16 2 3 15340 0.0309
16 2 3 15102 0.02995
16 2 3 10268 0.01475
16 2 3 10263 0.01452
16 2 3 10259 0.01453
16 2 3 10255 0.01455
16 2 3 10136 0.01377
16 2 3 10032 0.02057
16 2 3 9869 0.02034
16 2 4 144283 0.2555
16 2 4 140765 0.2484
16 2 4 138032 0.2431
16 2 4 136166 0.2397
16 2 4 116608 0.1644
16 2 4 116263 0.1591
16 2 4 115220 0.1573
16 2 4 114495 0.1745
16 2 4 111572 0.1573
16 2 4 100525 0.1666
16 2 4 98940 0.1389
16 2 4 98534 0.1422
16 2 4 97908 0.1408
16 2 4 95812 0.1399
16 2 4 94269 0.1586
16 2 4 91673 0.157
16 2 4 79688 0.1385
16 2 4 73760 0.1324
16 2 4 72625 0.1308
16 2 4 60255 0.08661
16 2 4 60047 0.09076
16 2 4 58910 0.1137
16 2 4 56540 0.1103
16 2 4 51145 0.09911
16 2 4 47027 0.09304
16 2 4 39987 0.05766
16 2 4 39828 0.05705
16 2 4 39418 0.05641
16 2 4 38262 0.07651
16 2 4 36146 0.07284
16 2 4 34422 0.06801
16 2 4 27535 0.03394
16 2 4 27514 0.03481
16 2 4 27460 0.03528
16 2 4 27198 0.03416
16 2 4 25612 0.05128
16 2 4 24956 0.04975
16 2 4 15917 0.02049
16 2 4 15902 0.02065
16 2 4 15878 0.02103
16 2 4 15849 0.02132
16 2 4 15720 0.03207
16 2 4 15351 0.03238
16 2 4 14928 0.031
16 2 4 10396 0.01458
16 2 4 10392 0.01461
16 2 4 10384 0.01477
16 2 4 10269 0.0142
16 2 4 10188 0.02152
16 2 4 9968 0.02102
16 2 5 162436 0.2131
16 2 5 158075 0.199
16 2 5 155791 0.1959
16 2 5 152555 0.1946
16 2 5 128090 0.1803
16 2 5 127998 0.1807
16 2 5 127258 0.1806
16 2 5 125086 0.1776
16 2 5 122167 0.1542
16 2 5 108522 0.1135
16 2 5 108073 0.1129
16 2 5 107721 0.1089
16 2 5 106230 0.1098
16 2 5 102216 0.1074
16 2 5 95252 0.1283
16 2 5 90480 0.1239
16 2 5 85048 0.1188
16 2 5 72903 0.109
16 2 5 69393 0.1069
16 2 5 64124 0.0715
16 2 5 63895 0.07172
16 2 5 62971 0.07382
16 2 5 60937 0.0979
16 2 5 53032 0.09003
16 2 5 52133 0.0884
16 2 5 41734 0.04975
16 2 5 41429 0.05081
16 2 5 40537 0.04714
16 2 5 39920 0.04659
16 2 5 36007 0.06566
16 2 5 33828 0.06207
16 2 5 28414 0.03145
16 2 5 28388 0.03075
16 2 5 28328 0.03149
16 2 5 28057 0.03055
16 2 5 25811 0.04793
16 2 5 25209 0.04675
16 2 5 16220 0.01882
16 2 5 16205 0.01951
16 2 5 16177 0.0187
16 2 5 16147 0.01854
16 2 5 15919 0.01903
16 2 5 15509 0.03104
16 2 5 14944 0.02953
16 2 5 10530 0.01327
16 2 5 10523 0.01311
16 2 5 10517 0.01359
16 2 5 10402 0.01375
16 2 5 10146 0.02087
16 2 5 10033 0.02024
