8 5 1 100000 0.1359
8 5 1 100000 0.1102
8 5 1 100000 0.1027
8 5 1 100000 0.1015
8 5 1 100000 0.1023
8 5 1 100000 0.09876
8 5 1 100000 0.1132
8 5 1 100000 0.1009
8 5 1 100000 0.09952
8 5 1 100000 0.1002
8 5 1 100000 0.0995
8 5 1 100000 0.1021
8 5 1 85000 0.09011
8 5 1 85000 0.09018
8 5 1 85000 0.09167
8 5 1 85000 0.09116
8 5 1 85000 0.09055
8 5 1 85000 0.08751
8 5 1 85000 0.08777
8 5 1 85000 0.08501
8 5 1 85000 0.0903
8 5 1 85000 0.08732
8 5 1 85000 0.0888
8 5 1 85000 0.08637
8 5 1 85000 0.09032
8 5 1 75000 0.08087
8 5 1 75000 0.08202
8 5 1 75000 0.08057
8 5 1 75000 0.08244
8 5 1 75000 0.07847
8 5 1 75000 0.07821
8 5 1 75000 0.08076
8 5 1 75000 0.0799
8 5 1 75000 0.0795
8 5 1 75000 0.07862
8 5 1 75000 0.08136
8 5 1 75000 0.07811
8 5 1 75000 0.07735
8 5 1 50000 0.05741
8 5 1 50000 0.06017
8 5 1 50000 0.0614
8 5 1 50000 0.05509
8 5 1 50000 0.05606
8 5 1 50000 0.05707
8 5 1 50000 0.05807
8 5 1 50000 0.05714
8 5 1 50000 0.05764
8 5 1 50000 0.05754
8 5 1 50000 0.05725
8 5 1 50000 0.0585
8 5 1 35000 0.04188
8 5 1 35000 0.04192
8 5 1 35000 0.04184
8 5 1 35000 0.04265
8 5 1 35000 0.04094
8 5 1 35000 0.04149
8 5 1 35000 0.0407
8 5 1 35000 0.04096
8 5 1 35000 0.04007
8 5 1 35000 0.04145
8 5 1 35000 0.04134
8 5 1 35000 0.0393
8 5 1 25000 0.02952
8 5 1 25000 0.02779
8 5 1 25000 0.02849
8 5 1 25000 0.03011
8 5 1 25000 0.02762
8 5 1 25000 0.02675
8 5 1 25000 0.02709
8 5 1 25000 0.02783
8 5 1 25000 0.02824
8 5 1 25000 0.02709
8 5 1 25000 0.02771
8 5 1 25000 0.02646
8 5 1 25000 0.02806
8 5 1 15000 0.01801
8 5 1 15000 0.01818
8 5 1 15000 0.01891
8 5 1 15000 0.01794
8 5 1 15000 0.01624
8 5 1 15000 0.01663
8 5 1 15000 0.01712
8 5 1 15000 0.01691
8 5 1 15000 0.01756
8 5 1 15000 0.01652
8 5 1 15000 0.01703
8 5 1 15000 0.01669
8 5 1 10000 0.013
8 5 1 10000 0.01243
8 5 1 10000 0.01334
8 5 1 10000 0.01284
8 5 1 10000 0.01305
8 5 1 10000 0.01262
8 5 1 10000 0.01179
8 5 1 10000 0.01228
8 5 1 10000 0.01272
8 5 1 10000 0.01257
8 5 1 10000 0.01201
8 5 1 10000 0.0125
8 5 1 10000 0.01234
8 5 2 113094 0.1107
8 5 2 113094 0.1111
8 5 2 113064 0.1091
8 5 2 112749 0.1112
8 5 2 112695 0.112
8 5 2 112222 0.1084
8 5 2 111523 0.1131
8 5 2 110199 0.1095
8 5 2 107714 0.1069
8 5 2 107215 0.1065
8 5 2 100415 0.0973
8 5 2 99067 0.1004
8 5 2 94746 0.09867
8 5 2 94395 0.09644
8 5 2 94191 0.09485
8 5 2 93947 0.09549
8 5 2 93845 0.0947
8 5 2 93681 0.09623
8 5 2 92996 0.09542
8 5 2 92251 0.09593
8 5 2 90179 0.09343
8 5 2 89733 0.09079
8 5 2 88848 0.09063
8 5 2 84282 0.08838
8 5 2 82464 0.08716
8 5 2 82355 0.08658
8 5 2 82325 0.08516
8 5 2 82228 0.08363
8 5 2 82155 0.08497
8 5 2 82057 0.08467
8 5 2 81815 0.08435
8 5 2 81522 0.08894
8 5 2 79667 0.08303
8 5 2 78856 0.0829
8 5 2 77659 0.08305
8 5 2 75595 0.08212
8 5 2 72791 0.08063
8 5 2 53381 0.06192
8 5 2 53372 0.05983
8 5 2 53332 0.06004
8 5 2 53304 0.06452
8 5 2 53250 0.06072
8 5 2 53228 0.06228
8 5 2 53200 0.061
8 5 2 53125 0.06148
8 5 2 52996 0.06038
8 5 2 52564 0.06224
8 5 2 51640 0.06114
8 5 2 51212 0.05689
8 5 2 48913 0.06015
8 5 2 36662 0.04151
8 5 2 36625 0.04126
8 5 2 36606 0.04196
8 5 2 36592 0.04335
8 5 2 36578 0.04278
8 5 2 36568 0.04077
8 5 2 36552 0.04218
8 5 2 36509 0.04401
8 5 2 36312 0.04217
8 5 2 35958 0.04193
8 5 2 35612 0.04252
8 5 2 34714 0.04172
8 5 2 33551 0.03937
8 5 2 25836 0.02765
8 5 2 25823 0.02913
8 5 2 25814 0.02786
8 5 2 25806 0.02771
8 5 2 25781 0.02764
8 5 2 25746 0.02843
8 5 2 25738 0.02823
8 5 2 25695 0.02876
8 5 2 25140 0.02836
8 5 2 25011 0.0275
8 5 2 24706 0.02706
8 5 2 24525 0.02848
8 5 2 15304 0.01779
8 5 2 15301 0.01842
8 5 2 15296 0.01686
8 5 2 15294 0.0185
8 5 2 15293 0.01742
8 5 2 15291 0.01712
8 5 2 15286 0.01665
8 5 2 15277 0.01718
8 5 2 15263 0.01819
8 5 2 15107 0.01727
8 5 2 15060 0.01771
8 5 2 14875 0.01774
8 5 2 14778 0.01788
8 5 2 10133 0.01314
8 5 2 10132 0.01366
8 5 2 10131 0.01269
8 5 2 10130 0.01278
8 5 2 10129 0.01247
8 5 2 10125 0.01193
8 5 2 10122 0.01333
8 5 2 10116 0.01308
8 5 2 10097 0.01322
8 5 2 10041 0.01336
8 5 2 9993 0.01213
8 5 2 9891 0.01311
8 5 3 127553 0.1702
8 5 3 127512 0.1733
8 5 3 127250 0.1694
8 5 3 126899 0.1736
8 5 3 125288 0.1711
8 5 3 124526 0.1684
8 5 3 123402 0.1701
8 5 3 118461 0.1116
8 5 3 117355 0.115
8 5 3 112008 0.1119
8 5 3 110037 0.1103
8 5 3 104533 0.1056
8 5 3 104310 0.1018
8 5 3 103734 0.1046
8 5 3 103414 0.1037
8 5 3 102446 0.1049
8 5 3 101430 0.102
8 5 3 100674 0.1015
8 5 3 99450 0.09965
8 5 3 98469 0.1009
8 5 3 98444 0.09975
8 5 3 92611 0.09744
8 5 3 90408 0.1087
8 5 3 90223 0.1182
8 5 3 90091 0.1177
8 5 3 90022 0.09433
8 5 3 89680 0.08992
8 5 3 89173 0.09229
8 5 3 88823 0.0898
8 5 3 88026 0.09199
8 5 3 87533 0.09042
8 5 3 86708 0.08864
8 5 3 82916 0.08793
8 5 3 81894 0.08694
8 5 3 78653 0.0847
8 5 3 76640 0.08135
8 5 3 74077 0.07796
8 5 3 69261 0.07616
8 5 3 56814 0.06447
8 5 3 56782 0.06439
8 5 3 56733 0.06593
8 5 3 56692 0.06476
8 5 3 56546 0.06236
8 5 3 56525 0.06403
8 5 3 56389 0.06634
8 5 3 55949 0.06463
8 5 3 54787 0.06419
8 5 3 53424 0.06377
8 5 3 50780 0.06054
8 5 3 46066 0.05484
8 5 3 38333 0.04233
8 5 3 38280 0.04384
8 5 3 38257 0.04346
8 5 3 38241 0.04249
8 5 3 38215 0.04282
8 5 3 38157 0.0433
8 5 3 38066 0.04426
8 5 3 37176 0.04397
8 5 3 37135 0.04309
8 5 3 36257 0.04282
8 5 3 35120 0.04222
8 5 3 35021 0.04226
8 5 3 26708 0.03043
8 5 3 26674 0.02933
8 5 3 26656 0.02885
8 5 3 26640 0.02879
8 5 3 26610 0.02612
8 5 3 26582 0.03054
8 5 3 26567 0.02728
8 5 3 26535 0.02781
8 5 3 26220 0.02885
8 5 3 25710 0.02717
8 5 3 25412 0.02697
8 5 3 24983 0.0283
8 5 3 24752 0.02935
8 5 3 15607 0.01897
8 5 3 15597 0.01767
8 5 3 15595 0.01878
8 5 3 15586 0.01766
8 5 3 15582 0.01779
8 5 3 15568 0.01738
8 5 3 15555 0.01754
8 5 3 15506 0.01802
8 5 3 15379 0.01784
8 5 3 15183 0.01709
8 5 3 15082 0.01839
8 5 3 14842 0.01762
8 5 3 14697 0.01721
8 5 3 10266 0.01323
8 5 3 10263 0.01267
8 5 3 10261 0.01238
8 5 3 10260 0.01319
8 5 3 10257 0.01269
8 5 3 10256 0.01258
8 5 3 10252 0.01382
8 5 3 10241 0.01283
8 5 3 10221 0.01296
8 5 3 10127 0.0126
8 5 3 10003 0.01307
8 5 3 9866 0.01347
8 5 4 143712 0.1842
8 5 4 143695 0.1791
8 5 4 142381 0.1821
8 5 4 140761 0.1842
8 5 4 138287 0.172
8 5 4 135781 0.1824
8 5 4 134208 0.1787
8 5 4 127964 0.17
8 5 4 126415 0.1698
8 5 4 121021 0.1201
8 5 4 115115 0.1086
8 5 4 114810 0.1115
8 5 4 113662 0.1094
8 5 4 111374 0.1057
8 5 4 111296 0.1079
8 5 4 110163 0.1057
8 5 4 108847 0.1058
8 5 4 108684 0.1066
8 5 4 105275 0.1058
8 5 4 104052 0.1061
8 5 4 99071 0.09501
8 5 4 98655 0.0937
8 5 4 98429 0.09643
8 5 4 98195 0.09695
8 5 4 97048 0.09826
8 5 4 96586 0.0937
8 5 4 95904 0.09639
8 5 4 95074 0.09356
8 5 4 94766 0.09533
8 5 4 93240 0.09233
8 5 4 92859 0.09419
8 5 4 90568 0.0919
8 5 4 87063 0.09385
8 5 4 84177 0.08823
8 5 4 83415 0.08489
8 5 4 81035 0.08598
8 5 4 68185 0.07618
8 5 4 66876 0.07488
8 5 4 60463 0.0681
8 5 4 60418 0.06788
8 5 4 60306 0.06578
8 5 4 60232 0.06575
8 5 4 60143 0.06545
8 5 4 58531 0.06837
8 5 4 58178 0.06464
8 5 4 57625 0.06385
8 5 4 56900 0.06261
8 5 4 55685 0.06505
8 5 4 49716 0.05757
8 5 4 49452 0.05745
8 5 4 40054 0.04649
8 5 4 39967 0.04428
8 5 4 39931 0.04417
8 5 4 39765 0.04479
8 5 4 39463 0.0447
8 5 4 38876 0.04605
8 5 4 38667 0.04479
8 5 4 38173 0.0446
8 5 4 37999 0.04214
8 5 4 37135 0.0433
8 5 4 36206 0.04413
8 5 4 35096 0.04156
8 5 4 33839 0.03846
8 5 4 27505 0.03016
8 5 4 27460 0.03107
8 5 4 27450 0.02914
8 5 4 27432 0.02927
8 5 4 27359 0.02734
8 5 4 26851 0.02844
8 5 4 26668 0.02762
8 5 4 26199 0.02922
8 5 4 26031 0.02853
8 5 4 25778 0.02971
8 5 4 24987 0.0291
8 5 4 24129 0.02814
8 5 4 15907 0.01876
8 5 4 15885 0.01785
8 5 4 15882 0.02016
8 5 4 15875 0.01764
8 5 4 15858 0.01743
8 5 4 15821 0.01736
8 5 4 15678 0.0174
8 5 4 15651 0.01776
8 5 4 15586 0.01738
8 5 4 15381 0.01802
8 5 4 15196 0.01863
8 5 4 14627 0.01793
8 5 4 10404 0.01306
8 5 4 10399 0.01253
8 5 4 10393 0.01293
8 5 4 10392 0.01226
8 5 4 10391 0.01265
8 5 4 10390 0.01282
8 5 4 10380 0.01304
8 5 4 10369 0.01315
8 5 4 10313 0.01347
8 5 4 10291 0.01295
8 5 4 10261 0.01353
8 5 4 10110 0.01352
8 5 4 9994 0.01296
8 5 5 157787 0.1876
8 5 5 154846 0.1896
8 5 5 152820 0.1882
8 5 5 148139 0.1893
8 5 5 146092 0.186
8 5 5 145184 0.1867
8 5 5 144340 0.1849
8 5 5 139483 0.1876
8 5 5 131559 0.1836
8 5 5 126266 0.1734
8 5 5 123065 0.1766
8 5 5 121742 0.1158
8 5 5 119059 0.1158
8 5 5 116965 0.1118
8 5 5 115872 0.1113
8 5 5 111685 0.1118
8 5 5 111333 0.1106
8 5 5 108441 0.1068
8 5 5 108369 0.1051
8 5 5 106860 0.1073
8 5 5 106002 0.1038
8 5 5 105148 0.1035
8 5 5 104729 0.1031
8 5 5 102745 0.1026
8 5 5 102141 0.1
8 5 5 100164 0.1005
8 5 5 99210 0.1006
8 5 5 98364 0.09953
8 5 5 96922 0.1006
8 5 5 95081 0.09837
8 5 5 93390 0.09493
8 5 5 92842 0.09653
8 5 5 89628 0.09268
8 5 5 88248 0.09326
8 5 5 84573 0.08984
8 5 5 82329 0.08889
8 5 5 71875 0.07812
8 5 5 64908 0.07053
8 5 5 64204 0.07048
8 5 5 62454 0.0694
8 5 5 61416 0.07078
8 5 5 60588 0.06766
8 5 5 60160 0.06875
8 5 5 59501 0.07169
8 5 5 58513 0.0675
8 5 5 57320 0.06366
8 5 5 57033 0.06431
8 5 5 54109 0.06435
8 5 5 52353 0.06304
8 5 5 49873 0.05912
8 5 5 41694 0.04739
8 5 5 41491 0.04772
8 5 5 41197 0.04761
8 5 5 40390 0.04516
8 5 5 39937 0.04741
8 5 5 39306 0.04389
8 5 5 38703 0.04404
8 5 5 38553 0.04382
8 5 5 37665 0.04454
8 5 5 37260 0.04237
8 5 5 36759 0.04455
8 5 5 35360 0.04357
8 5 5 34416 0.0412
8 5 5 28365 0.03134
8 5 5 28319 0.03093
8 5 5 27552 0.03005
8 5 5 27132 0.02913
8 5 5 26771 0.0286
8 5 5 26725 0.02954
8 5 5 26435 0.02965
8 5 5 26182 0.03072
8 5 5 25962 0.02878
8 5 5 25420 0.02968
8 5 5 25031 0.02866
8 5 5 24103 0.03
8 5 5 16207 0.01833
8 5 5 16177 0.0179
8 5 5 16149 0.01819
8 5 5 16014 0.01753
8 5 5 15950 0.01859
8 5 5 15861 0.01937
8 5 5 15703 0.01736
8 5 5 15643 0.01878
8 5 5 15624 0.0184
8 5 5 15523 0.01787
8 5 5 15375 0.01851
8 5 5 14676 0.01755
8 5 5 10534 0.0128
8 5 5 10528 0.01306
8 5 5 10520 0.01333
8 5 5 10491 0.01289
8 5 5 10429 0.01303
8 5 5 10378 0.01341
8 5 5 10339 0.0132
8 5 5 10295 0.0138
8 5 5 10291 0.01319
8 5 5 10278 0.01286
8 5 5 10231 0.01389
8 5 5 10160 0.01345
8 5 5 10019 0.01321
