8 4 1 100000 0.1373
8 4 1 100000 0.1356
8 4 1 100000 0.1344
8 4 1 100000 0.1332
8 4 1 100000 0.1335
8 4 1 100000 0.132
8 4 1 100000 0.1331
8 4 1 100000 0.1342
8 4 1 100000 0.1333
8 4 1 100000 0.1311
8 4 1 100000 0.1334
8 4 1 100000 0.1033
8 4 1 85000 0.09069
8 4 1 85000 0.08965
8 4 1 85000 0.09027
8 4 1 85000 0.08747
8 4 1 85000 0.09015
8 4 1 85000 0.09057
8 4 1 85000 0.09029
8 4 1 85000 0.09015
8 4 1 85000 0.09074
8 4 1 85000 0.0899
8 4 1 85000 0.08873
8 4 1 85000 0.0915
8 4 1 85000 0.08923
8 4 1 75000 0.082
8 4 1 75000 0.08259
8 4 1 75000 0.08141
8 4 1 75000 0.07974
8 4 1 75000 0.08063
8 4 1 75000 0.07955
8 4 1 75000 0.0807
8 4 1 75000 0.08097
8 4 1 75000 0.08035
8 4 1 75000 0.0798
8 4 1 75000 0.07965
8 4 1 75000 0.08048
8 4 1 75000 0.08244
8 4 1 50000 0.0587
8 4 1 50000 0.05814
8 4 1 50000 0.0593
8 4 1 50000 0.05904
8 4 1 50000 0.05883
8 4 1 50000 0.06024
8 4 1 50000 0.05893
8 4 1 50000 0.05966
8 4 1 50000 0.05923
8 4 1 50000 0.05877
8 4 1 50000 0.05807
8 4 1 50000 0.06036
8 4 1 35000 0.04168
8 4 1 35000 0.04292
8 4 1 35000 0.04372
8 4 1 35000 0.04322
8 4 1 35000 0.04346
8 4 1 35000 0.04409
8 4 1 35000 0.04351
8 4 1 35000 0.04182
8 4 1 35000 0.04318
8 4 1 35000 0.04354
8 4 1 35000 0.04167
8 4 1 35000 0.04222
8 4 1 25000 0.02845
8 4 1 25000 0.02858
8 4 1 25000 0.02915
8 4 1 25000 0.02937
8 4 1 25000 0.02952
8 4 1 25000 0.02849
8 4 1 25000 0.02938
8 4 1 25000 0.02796
8 4 1 25000 0.02883
8 4 1 25000 0.02901
8 4 1 25000 0.02868
8 4 1 25000 0.02767
8 4 1 25000 0.02817
8 4 1 15000 0.0185
8 4 1 15000 0.01774
8 4 1 15000 0.01782
8 4 1 15000 0.01807
8 4 1 15000 0.01873
8 4 1 15000 0.01846
8 4 1 15000 0.01777
8 4 1 15000 0.01767
8 4 1 15000 0.01807
8 4 1 15000 0.01798
8 4 1 15000 0.01817
8 4 1 15000 0.01821
8 4 1 10000 0.01263
8 4 1 10000 0.01314
8 4 1 10000 0.01274
8 4 1 10000 0.01252
8 4 1 10000 0.01244
8 4 1 10000 0.01273
8 4 1 10000 0.01316
8 4 1 10000 0.01299
8 4 1 10000 0.01236
8 4 1 10000 0.0127
8 4 1 10000 0.01292
8 4 1 10000 0.01247
8 4 1 10000 0.01266
8 4 2 113238 0.1114
8 4 2 111973 0.1098
8 4 2 109529 0.1096
8 4 2 108436 0.1062
8 4 2 107186 0.1046
8 4 2 103881 0.1044
8 4 2 103797 0.1042
8 4 2 102795 0.1028
8 4 2 100098 0.1004
8 4 2 99245 0.1007
8 4 2 97381 0.0998
8 4 2 96145 0.09686
8 4 2 94685 0.09647
8 4 2 94160 0.09592
8 4 2 93496 0.09623
8 4 2 92417 0.09306
8 4 2 92335 0.09524
8 4 2 88783 0.09016
8 4 2 88405 0.09214
8 4 2 87663 0.09074
8 4 2 86909 0.08964
8 4 2 84558 0.08948
8 4 2 84210 0.08738
8 4 2 82497 0.08664
8 4 2 81684 0.08822
8 4 2 80842 0.08688
8 4 2 80699 0.08376
8 4 2 79126 0.08453
8 4 2 78471 0.08447
8 4 2 78240 0.08296
8 4 2 77063 0.08248
8 4 2 76581 0.08303
8 4 2 76419 0.08233
8 4 2 74625 0.07892
8 4 2 73888 0.07918
8 4 2 72791 0.07938
8 4 2 71625 0.07851
8 4 2 53383 0.06362
8 4 2 53375 0.06327
8 4 2 53313 0.07763
8 4 2 52920 0.07539
8 4 2 52169 0.074
8 4 2 51950 0.07433
8 4 2 51700 0.07346
8 4 2 51417 0.072
8 4 2 49928 0.0706
8 4 2 49194 0.06843
8 4 2 48632 0.06751
8 4 2 48021 0.06654
8 4 2 46665 0.06494
8 4 2 36662 0.05052
8 4 2 36662 0.05009
8 4 2 36640 0.04999
8 4 2 36597 0.05072
8 4 2 36531 0.04891
8 4 2 36312 0.05024
8 4 2 36190 0.04861
8 4 2 36004 0.04879
8 4 2 35262 0.04892
8 4 2 34912 0.0476
8 4 2 34707 0.04684
8 4 2 33687 0.0442
8 4 2 33546 0.04252
8 4 2 25848 0.03177
8 4 2 25842 0.03148
8 4 2 25839 0.03235
8 4 2 25831 0.03265
8 4 2 25822 0.03165
8 4 2 25370 0.03035
8 4 2 25279 0.0315
8 4 2 25232 0.03029
8 4 2 25203 0.03055
8 4 2 25127 0.03062
8 4 2 24957 0.03009
8 4 2 24355 0.02915
8 4 2 15303 0.01907
8 4 2 15298 0.01928
8 4 2 15294 0.01891
8 4 2 15289 0.0199
8 4 2 15220 0.01982
8 4 2 15151 0.01956
8 4 2 15075 0.01886
8 4 2 15034 0.01935
8 4 2 14974 0.01927
8 4 2 14907 0.01932
8 4 2 14864 0.01892
8 4 2 14826 0.01948
8 4 2 14737 0.01807
8 4 2 10132 0.01382
8 4 2 10131 0.01369
8 4 2 10126 0.01356
8 4 2 10111 0.01369
8 4 2 10091 0.01375
8 4 2 10063 0.01349
8 4 2 10046 0.01316
8 4 2 9953 0.01322
8 4 2 9945 0.01342
8 4 2 9911 0.01414
8 4 2 9872 0.01345
8 4 2 9858 0.01382
8 4 3 117602 0.1567
8 4 3 117521 0.1548
8 4 3 115817 0.1536
8 4 3 113795 0.1517
8 4 3 110466 0.1451
8 4 3 105565 0.1389
8 4 3 105233 0.1383
8 4 3 102285 0.1348
8 4 3 101132 0.1326
8 4 3 99110 0.1307
8 4 3 97670 0.1296
8 4 3 97026 0.1283
8 4 3 96050 0.1276
8 4 3 95736 0.112
8 4 3 95482 0.09866
8 4 3 94300 0.09749
8 4 3 93806 0.09648
8 4 3 92433 0.09595
8 4 3 91324 0.09455
8 4 3 89737 0.1293
8 4 3 89693 0.1275
8 4 3 89047 0.1264
8 4 3 84532 0.1242
8 4 3 84226 0.1219
8 4 3 83168 0.1239
8 4 3 82779 0.1262
8 4 3 80284 0.1157
8 4 3 78913 0.1157
8 4 3 78543 0.1114
8 4 3 77971 0.1148
8 4 3 77348 0.1094
8 4 3 76576 0.1103
8 4 3 76331 0.1151
8 4 3 75125 0.1121
8 4 3 74891 0.1098
8 4 3 73569 0.1089
8 4 3 70787 0.1074
8 4 3 56003 0.08648
8 4 3 55670 0.08353
8 4 3 54560 0.08073
8 4 3 54027 0.08135
8 4 3 52501 0.07735
8 4 3 52379 0.07748
8 4 3 52002 0.07931
8 4 3 51774 0.0791
8 4 3 50949 0.07516
8 4 3 48760 0.07335
8 4 3 47870 0.07102
8 4 3 46450 0.06942
8 4 3 45794 0.06695
8 4 3 38392 0.05414
8 4 3 38311 0.0552
8 4 3 37247 0.05089
8 4 3 36930 0.05259
8 4 3 36066 0.05237
8 4 3 35902 0.0516
8 4 3 35823 0.05318
8 4 3 35342 0.05117
8 4 3 35279 0.05173
8 4 3 35128 0.05169
8 4 3 34598 0.05043
8 4 3 34310 0.04766
8 4 3 32997 0.04544
8 4 3 26585 0.03351
8 4 3 26417 0.03334
8 4 3 26110 0.03458
8 4 3 25799 0.03199
8 4 3 25785 0.03269
8 4 3 25515 0.03269
8 4 3 25384 0.03212
8 4 3 25274 0.03239
8 4 3 25032 0.03119
8 4 3 24860 0.03208
8 4 3 24754 0.03094
8 4 3 23436 0.02879
8 4 3 15601 0.0205
8 4 3 15456 0.02149
8 4 3 15297 0.0197
8 4 3 15288 0.01931
8 4 3 15227 0.0199
8 4 3 15169 0.01969
8 4 3 15126 0.01927
8 4 3 14976 0.01952
8 4 3 14925 0.02017
8 4 3 14854 0.01977
8 4 3 14786 0.01991
8 4 3 14669 0.01917
8 4 3 10264 0.01434
8 4 3 10227 0.0144
8 4 3 10196 0.01379
8 4 3 10152 0.01431
8 4 3 10135 0.0137
8 4 3 10108 0.01404
8 4 3 10073 0.01415
8 4 3 10063 0.01365
8 4 3 10045 0.01447
8 4 3 9990 0.0138
8 4 3 9907 0.01401
8 4 3 9882 0.01436
8 4 3 9827 0.01418
8 4 4 127715 0.2354
8 4 4 125380 0.2281
8 4 4 120216 0.1647
8 4 4 113104 0.1578
8 4 4 113002 0.1569
8 4 4 109626 0.1518
8 4 4 108000 0.1528
8 4 4 107484 0.1487
8 4 4 105993 0.1496
8 4 4 105065 0.1507
8 4 4 103833 0.1482
8 4 4 100965 0.1421
8 4 4 100050 0.1427
8 4 4 99414 0.1407
8 4 4 97803 0.139
8 4 4 96679 0.1386
8 4 4 94881 0.1343
8 4 4 94877 0.1366
8 4 4 94406 0.1362
8 4 4 92679 0.1331
8 4 4 91307 0.1316
8 4 4 91120 0.1304
8 4 4 88548 0.1283
8 4 4 88196 0.127
8 4 4 86525 0.1256
8 4 4 85175 0.1248
8 4 4 84441 0.1232
8 4 4 84325 0.1217
8 4 4 81399 0.1182
8 4 4 81000 0.1151
8 4 4 79595 0.1147
8 4 4 77865 0.1119
8 4 4 77267 0.1125
8 4 4 76938 0.1125
8 4 4 76302 0.1099
8 4 4 75836 0.1102
8 4 4 73365 0.1073
8 4 4 57441 0.08489
8 4 4 56741 0.08547
8 4 4 55770 0.0821
8 4 4 55365 0.08353
8 4 4 54848 0.07996
8 4 4 53951 0.07655
8 4 4 52005 0.07787
8 4 4 51194 0.07504
8 4 4 50143 0.07092
8 4 4 49645 0.07216
8 4 4 48686 0.07182
8 4 4 48449 0.0721
8 4 4 46276 0.06815
8 4 4 39557 0.05461
8 4 4 38999 0.0576
8 4 4 37898 0.05284
8 4 4 37723 0.05273
8 4 4 37048 0.05294
8 4 4 36995 0.05235
8 4 4 36865 0.05249
8 4 4 36034 0.0513
8 4 4 35626 0.04996
8 4 4 35309 0.05002
8 4 4 34552 0.04561
8 4 4 33653 0.04579
8 4 4 32640 0.04255
8 4 4 27052 0.03442
8 4 4 26706 0.03151
8 4 4 26429 0.03271
8 4 4 26241 0.03249
8 4 4 25782 0.03296
8 4 4 25560 0.03172
8 4 4 25466 0.03125
8 4 4 25293 0.03315
8 4 4 24916 0.03058
8 4 4 24634 0.03109
8 4 4 24190 0.03038
8 4 4 23996 0.02995
8 4 4 15638 0.02053
8 4 4 15512 0.02016
8 4 4 15473 0.02047
8 4 4 15439 0.01997
8 4 4 15377 0.02038
8 4 4 15249 0.02018
8 4 4 15080 0.01972
8 4 4 15025 0.01964
8 4 4 14959 0.02029
8 4 4 14863 0.01983
8 4 4 14855 0.01979
8 4 4 14753 0.01955
8 4 4 10331 0.01417
8 4 4 10310 0.0145
8 4 4 10252 0.01483
8 4 4 10196 0.01419
8 4 4 10194 0.01437
8 4 4 10164 0.01435
8 4 4 10048 0.01356
8 4 4 10044 0.01386
8 4 4 10034 0.01409
8 4 4 10005 0.01376
8 4 4 9946 0.01384
8 4 4 9932 0.01411
8 4 4 9866 0.0142
8 4 5 132144 0.2353
8 4 5 130702 0.2418
8 4 5 123012 0.2087
8 4 5 120911 0.1567
8 4 5 119689 0.1585
8 4 5 113842 0.1486
8 4 5 110818 0.1472
8 4 5 110761 0.1501
8 4 5 110419 0.1215
8 4 5 109991 0.1117
8 4 5 107656 0.1085
8 4 5 105129 0.1074
8 4 5 104819 0.1109
8 4 5 104397 0.1076
8 4 5 102887 0.1054
8 4 5 100137 0.1036
8 4 5 99615 0.09636
8 4 5 97489 0.1002
8 4 5 96564 0.09944
8 4 5 95857 0.09895
8 4 5 94294 0.09744
8 4 5 92980 0.09623
8 4 5 91541 0.09631
8 4 5 91059 0.09546
8 4 5 90173 0.09385
8 4 5 89703 0.09412
8 4 5 89140 0.09352
8 4 5 86590 0.08996
8 4 5 86036 0.08982
8 4 5 84407 0.08904
8 4 5 84018 0.08904
8 4 5 83053 0.0905
8 4 5 80775 0.08595
8 4 5 79637 0.08516
8 4 5 79102 0.08437
8 4 5 78273 0.08292
8 4 5 76128 0.08299
8 4 5 66851 0.07606
8 4 5 57700 0.06623
8 4 5 56980 0.06702
8 4 5 55839 0.06202
8 4 5 55008 0.06577
8 4 5 53220 0.06267
8 4 5 52964 0.06245
8 4 5 51229 0.05913
8 4 5 50988 0.06013
8 4 5 50673 0.05845
8 4 5 48067 0.05691
8 4 5 47004 0.05509
8 4 5 46299 0.05627
8 4 5 40845 0.04695
8 4 5 39654 0.04796
8 4 5 39247 0.04607
8 4 5 38888 0.04627
8 4 5 37904 0.04613
8 4 5 37460 0.04285
8 4 5 36334 0.04376
8 4 5 35932 0.04297
8 4 5 35630 0.04328
8 4 5 34258 0.0415
8 4 5 34220 0.03999
8 4 5 34177 0.04113
8 4 5 33353 0.0388
8 4 5 27653 0.03176
8 4 5 27241 0.03003
8 4 5 26958 0.02933
8 4 5 26605 0.03025
8 4 5 26427 0.0309
8 4 5 25760 0.02901
8 4 5 25564 0.03108
8 4 5 25413 0.03091
8 4 5 25202 0.03085
8 4 5 25190 0.03086
8 4 5 24899 0.03064
8 4 5 24131 0.02911
8 4 5 15828 0.02071
8 4 5 15763 0.01976
8 4 5 15711 0.01955
8 4 5 15672 0.01996
8 4 5 15554 0.02052
8 4 5 15458 0.02016
8 4 5 15328 0.02017
8 4 5 15286 0.01922
8 4 5 14996 0.01918
8 4 5 14912 0.01884
8 4 5 14760 0.0188
8 4 5 14619 0.01946
8 4 5 10421 0.01442
8 4 5 10387 0.01476
8 4 5 10332 0.01458
8 4 5 10212 0.01443
8 4 5 10197 0.01474
8 4 5 10183 0.01394
8 4 5 10161 0.01408
8 4 5 10111 0.01373
8 4 5 10080 0.01318
8 4 5 10028 0.01326
8 4 5 9988 0.01376
8 4 5 9893 0.01385
8 4 5 9794 0.01373
