8 6 1 100000 0.109
8 6 1 100000 0.1052
8 6 1 100000 0.1009
8 6 1 100000 0.1004
8 6 1 100000 0.0996
8 6 1 100000 0.1032
8 6 1 100000 0.1018
8 6 1 100000 0.1
8 6 1 100000 0.1029
8 6 1 100000 0.1045
8 6 1 100000 0.1061
8 6 1 100000 0.1037
8 6 1 100000 0.1061
8 6 1 85000 0.08987
8 6 1 85000 0.0912
8 6 1 85000 0.09042
8 6 1 85000 0.08881
8 6 1 85000 0.09214
8 6 1 85000 0.09249
8 6 1 85000 0.09048
8 6 1 85000 0.09171
8 6 1 85000 0.09358
8 6 1 85000 0.09455
8 6 1 85000 0.0939
8 6 1 85000 0.09154
8 6 1 75000 0.08707
8 6 1 75000 0.09243
8 6 1 75000 0.09305
8 6 1 75000 0.09143
8 6 1 75000 0.09352
8 6 1 75000 0.09775
8 6 1 75000 0.09702
8 6 1 75000 0.09478
8 6 1 75000 0.1038
8 6 1 75000 0.09654
8 6 1 75000 0.09562
8 6 1 75000 0.09343
8 6 1 50000 0.06217
8 6 1 50000 0.06864
8 6 1 50000 0.06358
8 6 1 50000 0.06772
8 6 1 50000 0.06357
8 6 1 50000 0.068
8 6 1 50000 0.06687
8 6 1 50000 0.06488
8 6 1 50000 0.06297
8 6 1 50000 0.06807
8 6 1 50000 0.06313
8 6 1 50000 0.06489
8 6 1 50000 0.06626
8 6 1 35000 0.04357
8 6 1 35000 0.04484
8 6 1 35000 0.04333
8 6 1 35000 0.04632
8 6 1 35000 0.04493
8 6 1 35000 0.04317
8 6 1 35000 0.04712
8 6 1 35000 0.04413
8 6 1 35000 0.04535
8 6 1 35000 0.04524
8 6 1 35000 0.04671
8 6 1 35000 0.04541
8 6 1 35000 0.04583
8 6 1 25000 0.02636
8 6 1 25000 0.02943
8 6 1 25000 0.02775
8 6 1 25000 0.02875
8 6 1 25000 0.0278
8 6 1 25000 0.02895
8 6 1 25000 0.02731
8 6 1 25000 0.02802
8 6 1 25000 0.02924
8 6 1 25000 0.02918
8 6 1 25000 0.03064
8 6 1 25000 0.03162
8 6 1 15000 0.01889
8 6 1 15000 0.01866
8 6 1 15000 0.01754
8 6 1 15000 0.01799
8 6 1 15000 0.01929
8 6 1 15000 0.01731
8 6 1 15000 0.01763
8 6 1 15000 0.01746
8 6 1 15000 0.01849
8 6 1 15000 0.01952
8 6 1 15000 0.01841
8 6 1 15000 0.01937
8 6 1 15000 0.01945
8 6 1 10000 0.01252
8 6 1 10000 0.01307
8 6 1 10000 0.01294
8 6 1 10000 0.01292
8 6 1 10000 0.01298
8 6 1 10000 0.01273
8 6 1 10000 0.01297
8 6 1 10000 0.01274
8 6 1 10000 0.01384
8 6 1 10000 0.01381
8 6 1 10000 0.01347
8 6 1 10000 0.01349
8 6 2 113397 0.1478
8 6 2 113086 0.1409
8 6 2 113064 0.1431
8 6 2 112678 0.1465
8 6 2 112557 0.1434
8 6 2 111974 0.1434
8 6 2 111700 0.1389
8 6 2 110343 0.1417
8 6 2 109658 0.1415
8 6 2 108880 0.1399
8 6 2 106395 0.1329
8 6 2 99653 0.104
8 6 2 97916 0.1044
8 6 2 94490 0.09677
8 6 2 94416 0.09659
8 6 2 94319 0.09586
8 6 2 94057 0.09834
8 6 2 93849 0.09548
8 6 2 93420 0.09735
8 6 2 92518 0.09616
8 6 2 90980 0.09848
8 6 2 89986 0.09252
8 6 2 87554 0.09521
8 6 2 86042 0.09311
8 6 2 82554 0.09285
8 6 2 82461 0.08743
8 6 2 82356 0.08996
8 6 2 82313 0.08623
8 6 2 82114 0.08736
8 6 2 82087 0.08772
8 6 2 82026 0.08912
8 6 2 81815 0.08683
8 6 2 81513 0.08733
8 6 2 80628 0.08988
8 6 2 80087 0.09118
8 6 2 78937 0.08719
8 6 2 76264 0.08441
8 6 2 72954 0.08492
8 6 2 53379 0.06462
8 6 2 53357 0.06596
8 6 2 53332 0.06504
8 6 2 53282 0.06097
8 6 2 53258 0.0644
8 6 2 53232 0.06133
8 6 2 53225 0.06477
8 6 2 53147 0.06398
8 6 2 52557 0.06396
8 6 2 52050 0.06285
8 6 2 50852 0.06394
8 6 2 46868 0.05866
8 6 2 36662 0.04559
8 6 2 36640 0.04671
8 6 2 36618 0.04317
8 6 2 36593 0.04301
8 6 2 36587 0.04363
8 6 2 36571 0.04304
8 6 2 36565 0.04383
8 6 2 36551 0.0439
8 6 2 36535 0.04512
8 6 2 35725 0.04401
8 6 2 35110 0.04412
8 6 2 33999 0.04229
8 6 2 25848 0.02958
8 6 2 25843 0.02935
8 6 2 25832 0.02966
8 6 2 25824 0.02696
8 6 2 25815 0.02761
8 6 2 25814 0.02791
8 6 2 25807 0.02737
8 6 2 25790 0.02748
8 6 2 25774 0.02721
8 6 2 25740 0.02776
8 6 2 25422 0.02965
8 6 2 24908 0.02848
8 6 2 24422 0.02826
8 6 2 15303 0.01762
8 6 2 15302 0.01899
8 6 2 15300 0.01683
8 6 2 15297 0.0177
8 6 2 15295 0.01762
8 6 2 15294 0.01831
8 6 2 15288 0.01706
8 6 2 15284 0.01677
8 6 2 15270 0.01853
8 6 2 15254 0.01676
8 6 2 15064 0.01843
8 6 2 15016 0.01865
8 6 2 10135 0.0134
8 6 2 10134 0.0128
8 6 2 10134 0.01254
8 6 2 10133 0.01273
8 6 2 10132 0.01267
8 6 2 10131 0.01187
8 6 2 10130 0.01248
8 6 2 10129 0.01271
8 6 2 10128 0.01209
8 6 2 10127 0.01367
8 6 2 10090 0.01332
8 6 2 9919 0.01234
8 6 2 9904 0.01245
8 6 3 128537 0.186
8 6 3 126919 0.1724
8 6 3 126591 0.1687
8 6 3 126299 0.178
8 6 3 125371 0.1748
8 6 3 125371 0.174
8 6 3 123103 0.171
8 6 3 122656 0.1147
8 6 3 120366 0.1172
8 6 3 119294 0.117
8 6 3 112845 0.1143
8 6 3 109968 0.1096
8 6 3 104787 0.1081
8 6 3 104196 0.1054
8 6 3 104009 0.1071
8 6 3 103457 0.1051
8 6 3 103193 0.1083
8 6 3 101383 0.1055
8 6 3 101372 0.1028
8 6 3 100327 0.1022
8 6 3 97394 0.1001
8 6 3 96837 0.1032
8 6 3 94842 0.09816
8 6 3 92246 0.09838
8 6 3 90707 0.09534
8 6 3 90377 0.0968
8 6 3 90108 0.09154
8 6 3 89826 0.09292
8 6 3 89745 0.09439
8 6 3 89329 0.09211
8 6 3 88533 0.09355
8 6 3 88264 0.09254
8 6 3 87920 0.09171
8 6 3 85914 0.089
8 6 3 85644 0.09328
8 6 3 84196 0.09341
8 6 3 79414 0.08905
8 6 3 75025 0.08245
8 6 3 56947 0.06565
8 6 3 56786 0.06848
8 6 3 56704 0.06727
8 6 3 56656 0.06509
8 6 3 56622 0.06618
8 6 3 56605 0.06423
8 6 3 56266 0.06646
8 6 3 55987 0.06563
8 6 3 54478 0.06431
8 6 3 53981 0.06281
8 6 3 52418 0.06133
8 6 3 49933 0.06241
8 6 3 38314 0.04333
8 6 3 38279 0.04417
8 6 3 38265 0.04642
8 6 3 38248 0.04295
8 6 3 38200 0.0435
8 6 3 38149 0.04297
8 6 3 38088 0.04378
8 6 3 37940 0.04693
8 6 3 37261 0.04205
8 6 3 36660 0.04375
8 6 3 36008 0.04387
8 6 3 34342 0.04284
8 6 3 26715 0.02942
8 6 3 26686 0.02794
8 6 3 26678 0.02782
8 6 3 26651 0.02846
8 6 3 26621 0.02838
8 6 3 26605 0.02774
8 6 3 26597 0.02735
8 6 3 26552 0.02667
8 6 3 26176 0.02704
8 6 3 25952 0.03008
8 6 3 25463 0.02623
8 6 3 25373 0.02702
8 6 3 24201 0.02683
8 6 3 15606 0.01745
8 6 3 15605 0.01763
8 6 3 15599 0.01824
8 6 3 15591 0.01882
8 6 3 15577 0.0173
8 6 3 15570 0.01712
8 6 3 15566 0.01794
8 6 3 15551 0.0182
8 6 3 15414 0.01728
8 6 3 15307 0.01796
8 6 3 15183 0.01775
8 6 3 15122 0.01768
8 6 3 10272 0.01297
8 6 3 10269 0.01265
8 6 3 10266 0.01264
8 6 3 10264 0.01391
8 6 3 10261 0.01257
8 6 3 10259 0.0132
8 6 3 10258 0.01295
8 6 3 10254 0.01304
8 6 3 10246 0.01425
8 6 3 10187 0.01214
8 6 3 10138 0.01241
8 6 3 10067 0.0123
8 6 3 10005 0.01327
8 6 4 144475 0.1992
8 6 4 141100 0.1873
8 6 4 139688 0.1843
8 6 4 138902 0.1932
8 6 4 138391 0.1765
8 6 4 137685 0.1869
8 6 4 136162 0.1789
8 6 4 132478 0.172
8 6 4 132058 0.1851
8 6 4 129809 0.1781
8 6 4 124062 0.1715
8 6 4 122837 0.125
8 6 4 116027 0.1153
8 6 4 114950 0.1106
8 6 4 114471 0.1129
8 6 4 112427 0.1102
8 6 4 111741 0.1128
8 6 4 110014 0.1093
8 6 4 108328 0.1107
8 6 4 107170 0.1116
8 6 4 106154 0.1116
8 6 4 104952 0.1103
8 6 4 99460 0.1022
8 6 4 99213 0.1
8 6 4 99027 0.1084
8 6 4 98930 0.1021
8 6 4 98313 0.1
8 6 4 98043 0.1004
8 6 4 96728 0.1
8 6 4 96728 0.0981
8 6 4 94839 0.1016
8 6 4 94755 0.1015
8 6 4 93125 0.09503
8 6 4 92290 0.09439
8 6 4 87366 0.09697
8 6 4 85695 0.08563
8 6 4 83865 0.09185
8 6 4 60792 0.07238
8 6 4 60600 0.06964
8 6 4 60347 0.06979
8 6 4 60316 0.07075
8 6 4 60001 0.06939
8 6 4 59857 0.06952
8 6 4 59645 0.07278
8 6 4 59581 0.06906
8 6 4 58259 0.06667
8 6 4 57623 0.06794
8 6 4 56620 0.06463
8 6 4 55494 0.06885
8 6 4 52293 0.06535
8 6 4 40206 0.04776
8 6 4 40085 0.04588
8 6 4 40051 0.04793
8 6 4 39985 0.04668
8 6 4 39912 0.0455
8 6 4 39856 0.04592
8 6 4 39789 0.04714
8 6 4 39307 0.04574
8 6 4 39052 0.04472
8 6 4 38795 0.04499
8 6 4 38025 0.04556
8 6 4 36361 0.04288
8 6 4 35047 0.04227
8 6 4 27581 0.02931
8 6 4 27567 0.02797
8 6 4 27519 0.02718
8 6 4 27473 0.02788
8 6 4 27447 0.0291
8 6 4 27257 0.02858
8 6 4 27049 0.02735
8 6 4 26858 0.02808
8 6 4 26615 0.0288
8 6 4 26285 0.03116
8 6 4 25855 0.02743
8 6 4 25227 0.02833
8 6 4 15917 0.01891
8 6 4 15912 0.01841
8 6 4 15909 0.01814
8 6 4 15901 0.01815
8 6 4 15880 0.0181
8 6 4 15875 0.01874
8 6 4 15860 0.01779
8 6 4 15765 0.01722
8 6 4 15597 0.01963
8 6 4 15581 0.01777
8 6 4 15417 0.01798
8 6 4 15298 0.01866
8 6 4 14997 0.01864
8 6 4 10402 0.01315
8 6 4 10397 0.01313
8 6 4 10394 0.01306
8 6 4 10392 0.01292
8 6 4 10389 0.01347
8 6 4 10381 0.01238
8 6 4 10360 0.01416
8 6 4 10284 0.01426
8 6 4 10272 0.01369
8 6 4 10211 0.01368
8 6 4 10144 0.01274
8 6 4 9974 0.01231
8 6 5 161635 0.1983
8 6 5 158582 0.1985
8 6 5 156896 0.1984
8 6 5 155427 0.192
8 6 5 153500 0.2009
8 6 5 148497 0.2032
8 6 5 148407 0.1983
8 6 5 145857 0.1945
8 6 5 143688 0.1885
8 6 5 139835 0.185
8 6 5 133429 0.1899
8 6 5 129098 0.179
8 6 5 128331 0.1798
8 6 5 127710 0.1794
8 6 5 126438 0.1796
8 6 5 122546 0.1205
8 6 5 121943 0.125
8 6 5 120006 0.1194
8 6 5 116394 0.1197
8 6 5 116394 0.1193
8 6 5 111497 0.1115
8 6 5 110102 0.1112
8 6 5 108945 0.1126
8 6 5 108129 0.1103
8 6 5 107919 0.1111
8 6 5 107003 0.1135
8 6 5 106725 0.112
8 6 5 105475 0.1065
8 6 5 104429 0.1128
8 6 5 104312 0.1109
8 6 5 102087 0.1045
8 6 5 101268 0.104
8 6 5 100113 0.1073
8 6 5 95506 0.1039
8 6 5 92116 0.09656
8 6 5 90615 0.0964
8 6 5 86101 0.0953
8 6 5 82050 0.08986
8 6 5 64269 0.07497
8 6 5 64000 0.07493
8 6 5 63781 0.07275
8 6 5 63439 0.07233
8 6 5 62578 0.07409
8 6 5 61867 0.07078
8 6 5 61230 0.07576
8 6 5 59865 0.06929
8 6 5 59141 0.0719
8 6 5 58784 0.06922
8 6 5 54473 0.06599
8 6 5 46691 0.05982
8 6 5 41902 0.05167
8 6 5 41823 0.04915
8 6 5 41728 0.04981
8 6 5 41703 0.05143
8 6 5 41666 0.05084
8 6 5 41553 0.05028
8 6 5 40930 0.04795
8 6 5 40604 0.04751
8 6 5 40150 0.05059
8 6 5 39152 0.04978
8 6 5 37773 0.04454
8 6 5 37369 0.04499
8 6 5 28524 0.03366
8 6 5 28458 0.03025
8 6 5 28392 0.03068
8 6 5 28382 0.03089
8 6 5 28348 0.02976
8 6 5 28300 0.03004
8 6 5 28019 0.03044
8 6 5 27772 0.03072
8 6 5 27692 0.03272
8 6 5 27082 0.03029
8 6 5 26730 0.03033
8 6 5 26203 0.03069
8 6 5 25844 0.03003
8 6 5 16245 0.01984
8 6 5 16217 0.01832
8 6 5 16195 0.01822
8 6 5 16191 0.01868
8 6 5 16184 0.01876
8 6 5 16168 0.01902
8 6 5 16141 0.01984
8 6 5 16032 0.01888
8 6 5 15888 0.01812
8 6 5 15761 0.01825
8 6 5 15721 0.01894
8 6 5 15619 0.01916
8 6 5 15190 0.01907
8 6 5 10532 0.01338
8 6 5 10528 0.01333
8 6 5 10525 0.01337
8 6 5 10521 0.01393
8 6 5 10513 0.01384
8 6 5 10441 0.01357
8 6 5 10436 0.01376
8 6 5 10334 0.01348
8 6 5 10321 0.01325
8 6 5 10275 0.0133
8 6 5 10164 0.0129
8 6 5 9844 0.01384
