16 13 1 100000 0.1394
16 13 1 100000 0.1335
16 13 1 100000 0.1345
16 13 1 100000 0.1342
16 13 1 100000 0.1344
16 13 1 100000 0.135
16 13 1 100000 0.1359
16 13 1 85000 0.1211
16 13 1 85000 0.1271
16 13 1 85000 0.1273
16 13 1 85000 0.1289
16 13 1 85000 0.1237
16 13 1 75000 0.1096
16 13 1 75000 0.0921
16 13 1 75000 0.08648
16 13 1 75000 0.0861
16 13 1 75000 0.08558
16 13 1 75000 0.08238
16 13 1 75000 0.08416
16 13 1 50000 0.059
16 13 1 50000 0.06045
16 13 1 50000 0.06298
16 13 1 50000 0.06173
16 13 1 50000 0.06202
16 13 1 50000 0.05983
16 13 1 35000 0.04239
16 13 1 35000 0.04237
16 13 1 35000 0.04415
16 13 1 35000 0.04414
16 13 1 35000 0.04403
16 13 1 35000 0.04415
16 13 1 25000 0.02748
16 13 1 25000 0.02711
16 13 1 25000 0.02823
16 13 1 25000 0.02918
16 13 1 25000 0.03059
16 13 1 25000 0.02873
16 13 1 25000 0.02791
16 13 1 15000 0.01729
16 13 1 15000 0.0171
16 13 1 15000 0.01856
16 13 1 15000 0.0178
16 13 1 15000 0.01866
16 13 1 15000 0.01843
16 13 1 10000 0.01208
16 13 1 10000 0.01209
16 13 1 10000 0.01312
16 13 1 10000 0.01303
16 13 1 10000 0.01238
16 13 1 10000 0.01299
16 13 2 113528 0.1185
16 13 2 113064 0.116
16 13 2 112669 0.117
16 13 2 109025 0.1559
16 13 2 108266 0.1553
16 13 2 99448 0.1171
16 13 2 94672 0.1037
16 13 2 93817 0.1023
16 13 2 92752 0.1004
16 13 2 91342 0.1016
16 13 2 89957 0.1005
16 13 2 83577 0.09568
16 13 2 82612 0.09605
16 13 2 82355 0.08982
16 13 2 82062 0.09509
16 13 2 81387 0.09215
16 13 2 80489 0.09322
16 13 2 72292 0.08522
16 13 2 72060 0.085
16 13 2 53383 0.06857
16 13 2 53354 0.06805
16 13 2 53309 0.06641
16 13 2 53228 0.0649
16 13 2 53168 0.06713
16 13 2 51840 0.0648
16 13 2 36662 0.04478
16 13 2 36662 0.04719
16 13 2 36629 0.04564
16 13 2 36564 0.04445
16 13 2 36120 0.04577
16 13 2 35108 0.04417
16 13 2 33745 0.04153
16 13 2 25843 0.02944
16 13 2 25814 0.02965
16 13 2 25790 0.02814
16 13 2 25549 0.03066
16 13 2 24771 0.02913
16 13 2 24366 0.02688
16 13 2 15302 0.01875
16 13 2 15290 0.01914
16 13 2 15283 0.01892
16 13 2 15085 0.0175
16 13 2 14857 0.01846
16 13 2 14732 0.01806
16 13 2 10134 0.01346
16 13 2 10132 0.0128
16 13 2 10131 0.01239
16 13 2 10124 0.01323
16 13 2 10080 0.01317
16 13 2 9946 0.01339
16 13 3 128365 0.187
16 13 3 126372 0.1835
16 13 3 124636 0.1756
16 13 3 123758 0.1842
16 13 3 111393 0.114
16 13 3 107978 0.1124
16 13 3 104234 0.1057
16 13 3 104010 0.1068
16 13 3 101867 0.1091
16 13 3 98982 0.1057
16 13 3 93606 0.1031
16 13 3 93430 0.105
16 13 3 90525 0.1003
16 13 3 90239 0.09166
16 13 3 89340 0.09408
16 13 3 86298 0.09422
16 13 3 85194 0.09669
16 13 3 78897 0.09034
16 13 3 77958 0.08838
16 13 3 56853 0.06945
16 13 3 56728 0.06595
16 13 3 56629 0.07036
16 13 3 55329 0.07049
16 13 3 54168 0.0668
16 13 3 53106 0.06726
16 13 3 38378 0.04896
16 13 3 38251 0.04543
16 13 3 38210 0.0447
16 13 3 37396 0.04334
16 13 3 37196 0.04589
16 13 3 35487 0.04219
16 13 3 34982 0.04505
16 13 3 26687 0.02997
16 13 3 26628 0.02761
16 13 3 26500 0.02925
16 13 3 25482 0.0276
16 13 3 25303 0.0282
16 13 3 24694 0.02837
16 13 3 15596 0.01815
16 13 3 15578 0.02
16 13 3 15554 0.01773
16 13 3 15271 0.0186
16 13 3 15117 0.01888
16 13 3 14623 0.01799
16 13 3 10267 0.01387
16 13 3 10259 0.01301
16 13 3 10250 0.0131
16 13 3 10216 0.01377
16 13 3 10139 0.01307
16 13 3 9960 0.01299
16 13 4 144451 0.2001
16 13 4 140518 0.1901
16 13 4 134666 0.1937
16 13 4 127677 0.1782
16 13 4 124095 0.1684
16 13 4 115091 0.117
16 13 4 114087 0.1185
16 13 4 111735 0.1204
16 13 4 108377 0.1153
16 13 4 104935 0.1094
16 13 4 101710 0.1079
16 13 4 98690 0.1053
16 13 4 98271 0.09807
16 13 4 97385 0.1023
16 13 4 96363 0.1003
16 13 4 89400 0.09614
16 13 4 89329 0.09695
16 13 4 86432 0.09421
16 13 4 79534 0.08636
16 13 4 60292 0.07031
16 13 4 60112 0.07221
16 13 4 58033 0.06949
16 13 4 55888 0.06785
16 13 4 54482 0.06647
16 13 4 52768 0.06562
16 13 4 51880 0.0627
16 13 4 39883 0.04768
16 13 4 39021 0.04871
16 13 4 37712 0.04485
16 13 4 36832 0.04404
16 13 4 35252 0.04229
16 13 4 27596 0.03237
16 13 4 27461 0.02972
16 13 4 27375 0.03106
16 13 4 26472 0.0299
16 13 4 26238 0.03088
16 13 4 25882 0.02957
16 13 4 15928 0.01967
16 13 4 15906 0.01834
16 13 4 15881 0.01815
16 13 4 15838 0.01826
16 13 4 15565 0.01933
16 13 4 15432 0.01941
16 13 4 15202 0.01863
16 13 4 10394 0.0141
16 13 4 10384 0.0135
16 13 4 10321 0.01385
16 13 4 10255 0.01412
16 13 4 10220 0.01357
16 13 4 10093 0.01307
16 13 5 160201 0.2033
16 13 5 149923 0.1896
16 13 5 148201 0.192
16 13 5 130959 0.2063
16 13 5 126451 0.2115
16 13 5 123596 0.194
16 13 5 122883 0.1855
16 13 5 119967 0.1152
16 13 5 113740 0.1198
16 13 5 110967 0.1165
16 13 5 108291 0.1096
16 13 5 105727 0.1015
16 13 5 105535 0.1022
16 13 5 99328 0.1066
16 13 5 98013 0.1057
16 13 5 95929 0.1042
16 13 5 86969 0.0943
16 13 5 85465 0.09372
16 13 5 77670 0.08744
16 13 5 64161 0.07348
16 13 5 63909 0.07292
16 13 5 61655 0.0724
16 13 5 58621 0.0711
16 13 5 56311 0.06996
16 13 5 54834 0.06626
16 13 5 41823 0.04769
16 13 5 41652 0.05041
16 13 5 40647 0.05017
16 13 5 39216 0.04828
16 13 5 37730 0.04975
16 13 5 36457 0.05093
16 13 5 28540 0.03454
16 13 5 28456 0.03173
16 13 5 28303 0.03168
16 13 5 27639 0.03351
16 13 5 26802 0.03346
16 13 5 26358 0.03114
16 13 5 25378 0.02988
16 13 5 16201 0.01915
16 13 5 16165 0.01957
16 13 5 15936 0.01996
16 13 5 15638 0.01933
16 13 5 15348 0.01904
16 13 5 14901 0.01843
16 13 5 10523 0.01367
16 13 5 10512 0.01377
16 13 5 10371 0.01343
16 13 5 10290 0.0143
16 13 5 10194 0.01312
16 13 5 10082 0.01316
