4 0 1 100000 0.1401
4 0 1 100000 0.1357
4 0 1 100000 0.1324
4 0 1 100000 0.1321
4 0 1 100000 0.1311
4 0 1 100000 0.1117
4 0 1 100000 0.1013
4 0 1 100000 0.1002
4 0 1 100000 0.1019
4 0 1 100000 0.09983
4 0 1 100000 0.0989
4 0 1 100000 0.09824
4 0 1 100000 0.1005
4 0 1 100000 0.1009
4 0 1 100000 0.1008
4 0 1 100000 0.09891
4 0 1 100000 0.1005
4 0 1 100000 0.128
4 0 1 100000 0.1282
4 0 1 100000 0.1287
4 0 1 100000 0.1284
4 0 1 100000 0.1276
4 0 1 100000 0.129
4 0 1 100000 0.1291
4 0 1 100000 0.1297
4 0 1 85000 0.08887
4 0 1 85000 0.08914
4 0 1 85000 0.08818
4 0 1 85000 0.08841
4 0 1 85000 0.08911
4 0 1 85000 0.08803
4 0 1 85000 0.09024
4 0 1 85000 0.08888
4 0 1 85000 0.08997
4 0 1 85000 0.08854
4 0 1 85000 0.08928
4 0 1 85000 0.09051
4 0 1 85000 0.08817
4 0 1 85000 0.08909
4 0 1 85000 0.09015
4 0 1 85000 0.08831
4 0 1 85000 0.09145
4 0 1 85000 0.1381
4 0 1 85000 0.1386
4 0 1 85000 0.1373
4 0 1 85000 0.1375
4 0 1 85000 0.1384
4 0 1 85000 0.1381
4 0 1 85000 0.1362
4 0 1 85000 0.1372
4 0 1 75000 0.09097
4 0 1 75000 0.07891
4 0 1 75000 0.08086
4 0 1 75000 0.0772
4 0 1 75000 0.07993
4 0 1 75000 0.07816
4 0 1 75000 0.08082
4 0 1 75000 0.07987
4 0 1 75000 0.08005
4 0 1 75000 0.07841
4 0 1 75000 0.07972
4 0 1 75000 0.08005
4 0 1 75000 0.08138
4 0 1 75000 0.08021
4 0 1 75000 0.08023
4 0 1 75000 0.07805
4 0 1 75000 0.07858
4 0 1 75000 0.104
4 0 1 75000 0.1048
4 0 1 75000 0.1045
4 0 1 75000 0.1058
4 0 1 75000 0.1054
4 0 1 75000 0.1047
4 0 1 75000 0.1046
4 0 1 75000 0.106
4 0 1 50000 0.05834
4 0 1 50000 0.0608
4 0 1 50000 0.05881
4 0 1 50000 0.05781
4 0 1 50000 0.06133
4 0 1 50000 0.0565
4 0 1 50000 0.05882
4 0 1 50000 0.06003
4 0 1 50000 0.05729
4 0 1 50000 0.05775
4 0 1 50000 0.05851
4 0 1 50000 0.05841
4 0 1 50000 0.05807
4 0 1 50000 0.05973
4 0 1 50000 0.05766
4 0 1 50000 0.05839
4 0 1 50000 0.05986
4 0 1 50000 0.08336
4 0 1 50000 0.08215
4 0 1 50000 0.08319
4 0 1 50000 0.083
4 0 1 50000 0.08386
4 0 1 50000 0.08261
4 0 1 50000 0.08337
4 0 1 50000 0.08244
4 0 1 35000 0.04119
4 0 1 35000 0.04208
4 0 1 35000 0.04204
4 0 1 35000 0.04091
4 0 1 35000 0.04255
4 0 1 35000 0.04241
4 0 1 35000 0.0424
4 0 1 35000 0.04141
4 0 1 35000 0.04027
4 0 1 35000 0.04078
4 0 1 35000 0.04186
4 0 1 35000 0.04171
4 0 1 35000 0.04248
4 0 1 35000 0.04039
4 0 1 35000 0.04192
4 0 1 35000 0.04129
4 0 1 35000 0.04291
4 0 1 35000 0.06113
4 0 1 35000 0.06179
4 0 1 35000 0.06072
4 0 1 35000 0.06199
4 0 1 35000 0.06169
4 0 1 35000 0.06171
4 0 1 35000 0.06251
4 0 1 35000 0.06161
4 0 1 25000 0.02739
4 0 1 25000 0.02777
4 0 1 25000 0.02812
4 0 1 25000 0.02694
4 0 1 25000 0.02836
4 0 1 25000 0.02748
4 0 1 25000 0.02796
4 0 1 25000 0.02763
4 0 1 25000 0.02752
4 0 1 25000 0.02809
4 0 1 25000 0.02767
4 0 1 25000 0.02806
4 0 1 25000 0.02842
4 0 1 25000 0.02713
4 0 1 25000 0.02995
4 0 1 25000 0.02839
4 0 1 25000 0.02894
4 0 1 25000 0.04519
4 0 1 25000 0.04538
4 0 1 25000 0.04557
4 0 1 25000 0.04658
4 0 1 25000 0.04702
4 0 1 25000 0.04804
4 0 1 25000 0.04807
4 0 1 25000 0.04806
4 0 1 15000 0.0192
4 0 1 15000 0.01809
4 0 1 15000 0.01915
4 0 1 15000 0.01815
4 0 1 15000 0.01914
4 0 1 15000 0.01918
4 0 1 15000 0.01925
4 0 1 15000 0.01852
4 0 1 15000 0.01908
4 0 1 15000 0.01882
4 0 1 15000 0.01937
4 0 1 15000 0.01906
4 0 1 15000 0.01902
4 0 1 15000 0.01857
4 0 1 15000 0.01856
4 0 1 15000 0.01897
4 0 1 15000 0.01925
4 0 1 15000 0.02958
4 0 1 15000 0.0294
4 0 1 15000 0.02932
4 0 1 15000 0.02934
4 0 1 15000 0.02968
4 0 1 15000 0.02965
4 0 1 15000 0.02963
4 0 1 15000 0.0295
4 0 1 10000 0.01368
4 0 1 10000 0.01329
4 0 1 10000 0.01383
4 0 1 10000 0.01328
4 0 1 10000 0.0135
4 0 1 10000 0.01381
4 0 1 10000 0.01298
4 0 1 10000 0.0132
4 0 1 10000 0.01342
4 0 1 10000 0.01359
4 0 1 10000 0.01335
4 0 1 10000 0.01358
4 0 1 10000 0.01334
4 0 1 10000 0.01334
4 0 1 10000 0.01387
4 0 1 10000 0.01319
4 0 1 10000 0.01315
4 0 1 10000 0.02049
4 0 1 10000 0.02021
4 0 1 10000 0.02047
4 0 1 10000 0.02029
4 0 1 10000 0.0205
4 0 1 10000 0.01989
4 0 1 10000 0.02015
4 0 1 10000 0.02037
4 0 2 113482 0.1465
4 0 2 113442 0.1472
4 0 2 113340 0.1455
4 0 2 113142 0.1437
4 0 2 113136 0.1475
4 0 2 113102 0.1459
4 0 2 113046 0.1457
4 0 2 113044 0.1479
4 0 2 112909 0.1468
4 0 2 112895 0.1337
4 0 2 112864 0.1455
4 0 2 112861 0.1493
4 0 2 112806 0.1456
4 0 2 112752 0.1454
4 0 2 112662 0.1447
4 0 2 112535 0.1485
4 0 2 112119 0.1465
4 0 2 110611 0.1434
4 0 2 110611 0.137
4 0 2 102796 0.1312
4 0 2 102269 0.1288
4 0 2 101398 0.1297
4 0 2 101248 0.1294
4 0 2 97233 0.1261
4 0 2 94667 0.09677
4 0 2 94575 0.09698
4 0 2 94559 0.1182
4 0 2 94546 0.09725
4 0 2 94475 0.09674
4 0 2 94462 0.09662
4 0 2 94408 0.09524
4 0 2 94394 0.09731
4 0 2 94300 0.09352
4 0 2 94283 0.09533
4 0 2 94161 0.09516
4 0 2 94155 0.09294
4 0 2 93995 0.1215
4 0 2 93925 0.09656
4 0 2 93725 0.09451
4 0 2 93330 0.1226
4 0 2 93234 0.1215
4 0 2 92659 0.1202
4 0 2 91502 0.09349
4 0 2 90356 0.1201
4 0 2 90077 0.1176
4 0 2 85597 0.1149
4 0 2 83271 0.1118
4 0 2 82542 0.1127
4 0 2 82474 0.08642
4 0 2 82472 0.08583
4 0 2 82464 0.0869
4 0 2 82458 0.08597
4 0 2 82446 0.08765
4 0 2 82423 0.08747
4 0 2 82422 0.0861
4 0 2 82392 0.08887
4 0 2 82387 0.08738
4 0 2 82288 0.08638
4 0 2 82239 0.08272
4 0 2 82238 0.08405
4 0 2 82222 0.08847
4 0 2 82053 0.08762
4 0 2 81984 0.08635
4 0 2 81778 0.1114
4 0 2 81469 0.1103
4 0 2 80538 0.1093
4 0 2 79435 0.1099
4 0 2 79178 0.1086
4 0 2 77039 0.106
4 0 2 76923 0.1072
4 0 2 76062 0.1073
4 0 2 74955 0.1051
4 0 2 74577 0.1045
4 0 2 71388 0.1018
4 0 2 69796 0.1017
4 0 2 53373 0.08812
4 0 2 53371 0.06061
4 0 2 53360 0.06361
4 0 2 53346 0.06193
4 0 2 53332 0.06342
4 0 2 53301 0.06135
4 0 2 53293 0.06295
4 0 2 53292 0.06148
4 0 2 53287 0.06361
4 0 2 53264 0.06251
4 0 2 53244 0.06282
4 0 2 53211 0.08822
4 0 2 53200 0.06003
4 0 2 53192 0.06113
4 0 2 53167 0.06271
4 0 2 53151 0.06045
4 0 2 53062 0.06234
4 0 2 52378 0.08654
4 0 2 52349 0.08539
4 0 2 51984 0.0597
4 0 2 51697 0.08507
4 0 2 51311 0.08438
4 0 2 49927 0.08096
4 0 2 47390 0.07856
4 0 2 47249 0.07708
4 0 2 36662 0.04341
4 0 2 36662 0.04329
4 0 2 36662 0.0637
4 0 2 36662 0.06284
4 0 2 36647 0.04291
4 0 2 36646 0.04086
4 0 2 36620 0.04271
4 0 2 36617 0.04271
4 0 2 36615 0.04269
4 0 2 36613 0.04127
4 0 2 36602 0.04196
4 0 2 36597 0.04386
4 0 2 36585 0.04322
4 0 2 36580 0.04184
4 0 2 36580 0.04197
4 0 2 36568 0.04322
4 0 2 36548 0.04343
4 0 2 36447 0.04231
4 0 2 36423 0.04186
4 0 2 36078 0.04111
4 0 2 36050 0.0629
4 0 2 35875 0.0628
4 0 2 34868 0.06141
4 0 2 34650 0.05996
4 0 2 34387 0.05929
4 0 2 25845 0.02832
4 0 2 25845 0.04711
4 0 2 25840 0.02906
4 0 2 25837 0.02833
4 0 2 25836 0.02836
4 0 2 25833 0.02899
4 0 2 25826 0.02877
4 0 2 25825 0.02789
4 0 2 25820 0.02856
4 0 2 25819 0.02824
4 0 2 25817 0.02771
4 0 2 25814 0.02946
4 0 2 25808 0.02984
4 0 2 25804 0.02762
4 0 2 25803 0.02777
4 0 2 25789 0.0296
4 0 2 25753 0.02709
4 0 2 25686 0.04651
4 0 2 25452 0.04577
4 0 2 25181 0.04536
4 0 2 25123 0.02857
4 0 2 24937 0.04508
4 0 2 24735 0.04554
4 0 2 24382 0.04402
4 0 2 24154 0.04385
4 0 2 15304 0.0185
4 0 2 15303 0.01784
4 0 2 15302 0.01805
4 0 2 15301 0.01772
4 0 2 15300 0.01766
4 0 2 15300 0.02921
4 0 2 15299 0.01786
4 0 2 15299 0.01782
4 0 2 15298 0.01805
4 0 2 15298 0.01826
4 0 2 15298 0.01798
4 0 2 15297 0.01919
4 0 2 15295 0.01761
4 0 2 15291 0.01815
4 0 2 15289 0.01711
4 0 2 15283 0.01819
4 0 2 15281 0.0177
4 0 2 15263 0.01804
4 0 2 15184 0.02831
4 0 2 15038 0.02828
4 0 2 15035 0.02767
4 0 2 14927 0.02774
4 0 2 14815 0.02781
4 0 2 14795 0.02841
4 0 2 14767 0.02763
4 0 2 10134 0.01308
4 0 2 10134 0.01306
4 0 2 10133 0.01274
4 0 2 10133 0.0128
4 0 2 10133 0.01982
4 0 2 10132 0.01266
4 0 2 10132 0.01286
4 0 2 10132 0.01259
4 0 2 10131 0.0125
4 0 2 10130 0.01263
4 0 2 10129 0.01274
4 0 2 10129 0.01952
4 0 2 10128 0.01259
4 0 2 10128 0.01213
4 0 2 10127 0.0124
4 0 2 10127 0.01253
4 0 2 10126 0.01281
4 0 2 10121 0.01259
4 0 2 10108 0.01972
4 0 2 10083 0.01969
4 0 2 10068 0.01239
4 0 2 10023 0.01943
4 0 2 9997 0.01904
4 0 2 9902 0.01949
4 0 2 9875 0.01953
4 0 3 128164 0.1808
4 0 3 128055 0.1786
4 0 3 127813 0.1819
4 0 3 127625 0.1817
4 0 3 127580 0.179
4 0 3 127536 0.1828
4 0 3 127490 0.1761
4 0 3 127478 0.1764
4 0 3 127426 0.1787
4 0 3 127408 0.1764
4 0 3 127325 0.179
4 0 3 127170 0.1808
4 0 3 127155 0.1753
4 0 3 126243 0.1781
4 0 3 126076 0.18
4 0 3 125129 0.1707
4 0 3 125129 0.1713
4 0 3 118025 0.1437
4 0 3 117201 0.1425
4 0 3 115029 0.1411
4 0 3 112425 0.1387
4 0 3 105164 0.1065
4 0 3 105009 0.1054
4 0 3 104999 0.1082
4 0 3 104899 0.103
4 0 3 104816 0.1063
4 0 3 104792 0.107
4 0 3 104753 0.1042
4 0 3 104680 0.1332
4 0 3 104605 0.1057
4 0 3 104519 0.1034
4 0 3 104438 0.1053
4 0 3 104353 0.1056
4 0 3 104345 0.106
4 0 3 104194 0.1047
4 0 3 104134 0.1034
4 0 3 103825 0.1323
4 0 3 102481 0.1045
4 0 3 101700 0.1303
4 0 3 99763 0.1283
4 0 3 96866 0.1253
4 0 3 95891 0.1221
4 0 3 95189 0.1239
4 0 3 91308 0.1196
4 0 3 90579 0.09332
4 0 3 90571 0.09368
4 0 3 90452 0.09172
4 0 3 90439 0.09165
4 0 3 90391 0.09578
4 0 3 90381 0.09427
4 0 3 90360 0.0937
4 0 3 90345 0.09441
4 0 3 90237 0.1189
4 0 3 90188 0.1193
4 0 3 90160 0.09302
4 0 3 90078 0.09169
4 0 3 90029 0.09288
4 0 3 89992 0.09395
4 0 3 89841 0.09182
4 0 3 89823 0.08722
4 0 3 89711 0.1186
4 0 3 88009 0.1179
4 0 3 87550 0.1153
4 0 3 85641 0.114
4 0 3 85284 0.1153
4 0 3 84252 0.1136
4 0 3 82449 0.112
4 0 3 81535 0.1065
4 0 3 80682 0.1111
4 0 3 79591 0.1093
4 0 3 77800 0.1075
4 0 3 77139 0.1071
4 0 3 73279 0.1016
4 0 3 71720 0.1036
4 0 3 69591 0.1015
4 0 3 56868 0.06599
4 0 3 56856 0.06424
4 0 3 56807 0.0651
4 0 3 56802 0.06566
4 0 3 56775 0.06588
4 0 3 56770 0.0666
4 0 3 56706 0.06562
4 0 3 56676 0.06317
4 0 3 56665 0.06584
4 0 3 56639 0.06089
4 0 3 56628 0.06541
4 0 3 56605 0.06528
4 0 3 56471 0.06393
4 0 3 56457 0.06511
4 0 3 56442 0.06542
4 0 3 56402 0.06546
4 0 3 55870 0.0881
4 0 3 55540 0.09022
4 0 3 55265 0.06341
4 0 3 53058 0.08714
4 0 3 52842 0.08685
4 0 3 52467 0.08553
4 0 3 49939 0.08267
4 0 3 49385 0.08135
4 0 3 45602 0.07491
4 0 3 38392 0.06445
4 0 3 38364 0.04494
4 0 3 38329 0.04527
4 0 3 38327 0.04415
4 0 3 38320 0.04426
4 0 3 38313 0.04428
4 0 3 38298 0.04566
4 0 3 38288 0.04473
4 0 3 38281 0.04539
4 0 3 38260 0.04423
4 0 3 38245 0.04348
4 0 3 38242 0.04376
4 0 3 38189 0.04506
4 0 3 38168 0.04349
4 0 3 38081 0.06437
4 0 3 37972 0.04577
4 0 3 37747 0.04518
4 0 3 37632 0.04432
4 0 3 37514 0.06401
4 0 3 37206 0.06491
4 0 3 36461 0.0634
4 0 3 36288 0.063
4 0 3 35602 0.06225
4 0 3 35460 0.06214
4 0 3 35136 0.06137
4 0 3 26699 0.03012
4 0 3 26694 0.02997
4 0 3 26690 0.03038
4 0 3 26679 0.03134
4 0 3 26679 0.0314
4 0 3 26667 0.03034
4 0 3 26666 0.03045
4 0 3 26659 0.02924
4 0 3 26655 0.02883
4 0 3 26647 0.03042
4 0 3 26639 0.02921
4 0 3 26634 0.0303
4 0 3 26625 0.02797
4 0 3 26617 0.02906
4 0 3 26605 0.03058
4 0 3 26144 0.02928
4 0 3 25967 0.02875
4 0 3 25682 0.04696
4 0 3 25505 0.04629
4 0 3 25370 0.04617
4 0 3 25179 0.04647
4 0 3 24882 0.04601
4 0 3 24509 0.04431
4 0 3 24478 0.04519
4 0 3 23827 0.0438
4 0 3 15606 0.01831
4 0 3 15604 0.01944
4 0 3 15603 0.02981
4 0 3 15600 0.01808
4 0 3 15599 0.01864
4 0 3 15598 0.01899
4 0 3 15597 0.0192
4 0 3 15594 0.01885
4 0 3 15594 0.01877
4 0 3 15593 0.018
4 0 3 15592 0.01879
4 0 3 15587 0.01868
4 0 3 15585 0.01846
4 0 3 15581 0.01899
4 0 3 15572 0.01833
4 0 3 15567 0.0298
4 0 3 15559 0.0191
4 0 3 15408 0.02973
4 0 3 15282 0.02931
4 0 3 15231 0.02887
4 0 3 15099 0.02891
4 0 3 15068 0.0282
4 0 3 14895 0.02825
4 0 3 14853 0.02805
4 0 3 14526 0.02795
4 0 3 10269 0.02136
4 0 3 10267 0.0133
4 0 3 10265 0.01321
4 0 3 10265 0.01327
4 0 3 10264 0.01382
4 0 3 10264 0.01347
4 0 3 10264 0.01388
4 0 3 10263 0.01342
4 0 3 10261 0.01297
4 0 3 10261 0.01398
4 0 3 10260 0.0144
4 0 3 10259 0.01452
4 0 3 10257 0.01412
4 0 3 10255 0.01402
4 0 3 10254 0.01436
4 0 3 10251 0.01419
4 0 3 10250 0.01466
4 0 3 10236 0.02141
4 0 3 10195 0.01387
4 0 3 10170 0.02093
4 0 3 10132 0.02052
4 0 3 10052 0.02099
4 0 3 10041 0.02031
4 0 3 9916 0.02026
4 0 3 9910 0.02052
4 0 4 144811 0.2351
4 0 4 144126 0.2361
4 0 4 143858 0.2338
4 0 4 143858 0.2321
4 0 4 143745 0.2305
4 0 4 143469 0.2331
4 0 4 143465 0.2301
4 0 4 143425 0.2376
4 0 4 142926 0.2368
4 0 4 142834 0.2396
4 0 4 141576 0.2342
4 0 4 140333 0.2272
4 0 4 140333 0.2272
4 0 4 139316 0.2278
4 0 4 137229 0.1915
4 0 4 135745 0.1847
4 0 4 135390 0.1816
4 0 4 128967 0.2618
4 0 4 122489 0.1477
4 0 4 117060 0.1141
4 0 4 116983 0.1145
4 0 4 116793 0.1133
4 0 4 116506 0.1116
4 0 4 116402 0.1442
4 0 4 116055 0.1132
4 0 4 116005 0.1107
4 0 4 115997 0.1104
4 0 4 115984 0.1427
4 0 4 115894 0.112
4 0 4 115796 0.1107
4 0 4 115565 0.1115
4 0 4 115490 0.1121
4 0 4 114579 0.1409
4 0 4 113947 0.1102
4 0 4 113316 0.1102
4 0 4 112078 0.1094
4 0 4 111969 0.138
4 0 4 109613 0.1365
4 0 4 106831 0.1324
4 0 4 106006 0.104
4 0 4 102823 0.1432
4 0 4 99596 0.129
4 0 4 99547 0.1332
4 0 4 99516 0.1302
4 0 4 99249 0.1313
4 0 4 99222 0.1325
4 0 4 99148 0.1313
4 0 4 98908 0.131
4 0 4 98883 0.1296
4 0 4 98805 0.1326
4 0 4 98744 0.1305
4 0 4 98742 0.1294
4 0 4 98563 0.1306
4 0 4 98447 0.1513
4 0 4 98002 0.1534
4 0 4 97727 0.144
4 0 4 94513 0.1504
4 0 4 94297 0.1473
4 0 4 94140 0.1256
4 0 4 93975 0.126
4 0 4 91730 0.1234
4 0 4 91730 0.1227
4 0 4 91173 0.1451
4 0 4 87851 0.1412
4 0 4 86783 0.1329
4 0 4 86455 0.1385
4 0 4 85844 0.1374
4 0 4 84793 0.1373
4 0 4 84350 0.1367
4 0 4 81894 0.1335
4 0 4 79353 0.1308
4 0 4 77763 0.1285
4 0 4 76356 0.1268
4 0 4 75320 0.1255
4 0 4 68248 0.1175
4 0 4 60564 0.0847
4 0 4 60534 0.08507
4 0 4 60504 0.0829
4 0 4 60448 0.08562
4 0 4 60430 0.08443
4 0 4 60422 0.08512
4 0 4 60416 0.08631
4 0 4 60371 0.08512
4 0 4 60364 0.0847
4 0 4 60079 0.08398
4 0 4 60066 0.08471
4 0 4 60039 0.08536
4 0 4 59943 0.08566
4 0 4 59910 0.08285
4 0 4 59801 0.08375
4 0 4 58956 0.08336
4 0 4 57068 0.0786
4 0 4 55274 0.07745
4 0 4 54880 0.1008
4 0 4 53977 0.1011
4 0 4 53571 0.1001
4 0 4 52435 0.09342
4 0 4 52195 0.0964
4 0 4 49727 0.09089
4 0 4 47808 0.08868
4 0 4 40136 0.05286
4 0 4 40069 0.05464
4 0 4 40047 0.05436
4 0 4 40040 0.05412
4 0 4 40033 0.05447
4 0 4 40024 0.05524
4 0 4 40018 0.05503
4 0 4 39994 0.0545
4 0 4 39982 0.05459
4 0 4 39971 0.05399
4 0 4 39961 0.05289
4 0 4 39890 0.0671
4 0 4 39816 0.04647
4 0 4 39797 0.04741
4 0 4 39524 0.0655
4 0 4 39455 0.04382
4 0 4 39377 0.04641
4 0 4 39250 0.06619
4 0 4 37576 0.0634
4 0 4 37290 0.0637
4 0 4 36996 0.06437
4 0 4 36195 0.06247
4 0 4 36093 0.06319
4 0 4 35790 0.06319
4 0 4 33981 0.05994
4 0 4 27595 0.03039
4 0 4 27573 0.02951
4 0 4 27572 0.03019
4 0 4 27554 0.02922
4 0 4 27554 0.02877
4 0 4 27531 0.0298
4 0 4 27531 0.02985
4 0 4 27519 0.02897
4 0 4 27515 0.02899
4 0 4 27511 0.02963
4 0 4 27499 0.03013
4 0 4 27481 0.02915
4 0 4 27479 0.02962
4 0 4 27385 0.03043
4 0 4 26984 0.02866
4 0 4 26692 0.02957
4 0 4 26605 0.02913
4 0 4 26423 0.04765
4 0 4 26082 0.04615
4 0 4 25707 0.04811
4 0 4 25333 0.04516
4 0 4 25263 0.04673
4 0 4 24548 0.04525
4 0 4 24378 0.04442
4 0 4 23348 0.04292
4 0 4 15923 0.01772
4 0 4 15917 0.01829
4 0 4 15910 0.01817
4 0 4 15909 0.0188
4 0 4 15907 0.01822
4 0 4 15904 0.01812
4 0 4 15901 0.01886
4 0 4 15898 0.01814
4 0 4 15897 0.01864
4 0 4 15896 0.0194
4 0 4 15895 0.01855
4 0 4 15889 0.01869
4 0 4 15889 0.01887
4 0 4 15889 0.01862
4 0 4 15882 0.01825
4 0 4 15874 0.03034
4 0 4 15865 0.01841
4 0 4 15712 0.02952
4 0 4 15539 0.03021
4 0 4 15349 0.02943
4 0 4 15268 0.02935
4 0 4 15142 0.02895
4 0 4 15061 0.02873
4 0 4 15038 0.02853
4 0 4 14593 0.02768
4 0 4 10401 0.01333
4 0 4 10400 0.01321
4 0 4 10398 0.01375
4 0 4 10398 0.01334
4 0 4 10398 0.0133
4 0 4 10397 0.01335
4 0 4 10396 0.01364
4 0 4 10396 0.01363
4 0 4 10392 0.01331
4 0 4 10391 0.01342
4 0 4 10390 0.01332
4 0 4 10384 0.01324
4 0 4 10381 0.0133
4 0 4 10377 0.01304
4 0 4 10332 0.01343
4 0 4 10304 0.02129
4 0 4 10263 0.0129
4 0 4 10240 0.02127
4 0 4 10222 0.02016
4 0 4 10193 0.02015
4 0 4 10092 0.0202
4 0 4 10091 0.02013
4 0 4 10066 0.01948
4 0 4 10018 0.01994
4 0 4 9917 0.01948
4 0 5 163091 0.1991
4 0 5 162725 0.1991
4 0 5 162047 0.1894
4 0 5 162047 0.1884
4 0 5 161890 0.1972
4 0 5 161709 0.1949
4 0 5 161439 0.1833
4 0 5 160932 0.1932
4 0 5 160510 0.1995
4 0 5 159897 0.2029
4 0 5 158513 0.1925
4 0 5 158357 0.1949
4 0 5 157509 0.1948
4 0 5 154731 0.1925
4 0 5 154731 0.1922
4 0 5 152766 0.1901
4 0 5 152766 0.1909
4 0 5 131233 0.3245
4 0 5 130030 0.2484
4 0 5 129849 0.2457
4 0 5 129534 0.244
4 0 5 129457 0.243
4 0 5 129211 0.2433
4 0 5 128999 0.2392
4 0 5 128727 0.3251
4 0 5 128511 0.2269
4 0 5 128508 0.2411
4 0 5 128418 0.2459
4 0 5 128364 0.2429
4 0 5 128087 0.2437
4 0 5 127942 0.2382
4 0 5 126717 0.3271
4 0 5 126456 0.3226
4 0 5 125389 0.2419
4 0 5 124630 0.2347
4 0 5 120682 0.2051
4 0 5 118434 0.2025
4 0 5 117318 0.2001
4 0 5 113740 0.1968
4 0 5 113293 0.1974
4 0 5 110643 0.1929
4 0 5 109041 0.1644
4 0 5 109029 0.1616
4 0 5 109022 0.1629
4 0 5 108829 0.1611
4 0 5 108679 0.1625
4 0 5 108636 0.1625
4 0 5 108464 0.1596
4 0 5 108303 0.153
4 0 5 108290 0.1223
4 0 5 108249 0.1205
4 0 5 108083 0.1196
4 0 5 107880 0.1196
4 0 5 107490 0.1183
4 0 5 104513 0.1455
4 0 5 103457 0.1164
4 0 5 102855 0.1153
4 0 5 102104 0.1444
4 0 5 101751 0.1451
4 0 5 99761 0.1393
4 0 5 98895 0.139
4 0 5 94192 0.1347
4 0 5 93384 0.1347
4 0 5 92736 0.1331
4 0 5 92420 0.1334
4 0 5 90367 0.1272
4 0 5 90144 0.1301
4 0 5 87011 0.1277
4 0 5 86733 0.1261
4 0 5 83984 0.1251
4 0 5 83520 0.1229
4 0 5 77331 0.118
4 0 5 76177 0.1181
4 0 5 71933 0.1134
4 0 5 69094 0.111
4 0 5 64524 0.07744
4 0 5 64516 0.07595
4 0 5 64450 0.07774
4 0 5 64419 0.07792
4 0 5 64352 0.07845
4 0 5 64349 0.07783
4 0 5 64267 0.07678
4 0 5 64250 0.07861
4 0 5 64033 0.07714
4 0 5 63984 0.07732
4 0 5 63942 0.07603
4 0 5 63878 0.07584
4 0 5 63805 0.07701
4 0 5 63789 0.07757
4 0 5 62741 0.07831
4 0 5 60651 0.07547
4 0 5 58989 0.07429
4 0 5 58613 0.1
4 0 5 57750 0.09734
4 0 5 55083 0.095
4 0 5 54768 0.09362
4 0 5 53713 0.09146
4 0 5 52616 0.09374
4 0 5 51528 0.08838
4 0 5 43391 0.07675
4 0 5 41967 0.05186
4 0 5 41936 0.05248
4 0 5 41897 0.05233
4 0 5 41868 0.05232
4 0 5 41849 0.05145
4 0 5 41837 0.05268
4 0 5 41817 0.05322
4 0 5 41817 0.05297
4 0 5 41804 0.05157
4 0 5 41795 0.05136
4 0 5 41760 0.05187
4 0 5 41716 0.05095
4 0 5 41572 0.05156
4 0 5 41520 0.05136
4 0 5 41351 0.0515
4 0 5 41316 0.0525
4 0 5 41247 0.04962
4 0 5 41089 0.07441
4 0 5 39228 0.0701
4 0 5 37915 0.06792
4 0 5 37433 0.06777
4 0 5 37315 0.06763
4 0 5 36622 0.06603
4 0 5 36513 0.06595
4 0 5 35436 0.06526
4 0 5 28519 0.03153
4 0 5 28494 0.03106
4 0 5 28493 0.0318
4 0 5 28462 0.03135
4 0 5 28450 0.03094
4 0 5 28445 0.03228
4 0 5 28431 0.03063
4 0 5 28429 0.03089
4 0 5 28428 0.03136
4 0 5 28404 0.03063
4 0 5 28402 0.03094
4 0 5 28353 0.03198
4 0 5 28347 0.03116
4 0 5 28274 0.03028
4 0 5 27883 0.03101
4 0 5 27557 0.03011
4 0 5 27271 0.04932
4 0 5 27025 0.04923
4 0 5 26197 0.04792
4 0 5 25839 0.04655
4 0 5 25466 0.04753
4 0 5 25050 0.04745
4 0 5 24549 0.04574
4 0 5 23982 0.04474
4 0 5 23377 0.04372
4 0 5 16232 0.01895
4 0 5 16232 0.01897
4 0 5 16228 0.01931
4 0 5 16227 0.0194
4 0 5 16216 0.01931
4 0 5 16216 0.01932
4 0 5 16215 0.01907
4 0 5 16214 0.01917
4 0 5 16210 0.0196
4 0 5 16210 0.01946
4 0 5 16206 0.01864
4 0 5 16205 0.01916
4 0 5 16202 0.01949
4 0 5 16202 0.01942
4 0 5 16191 0.0192
4 0 5 16189 0.01888
4 0 5 16174 0.01909
4 0 5 15817 0.03069
4 0 5 15667 0.03061
4 0 5 15558 0.03062
4 0 5 15417 0.03095
4 0 5 15298 0.02957
4 0 5 15190 0.02927
4 0 5 14886 0.02837
4 0 5 14879 0.02913
4 0 5 10537 0.0136
4 0 5 10536 0.01396
4 0 5 10535 0.0134
4 0 5 10534 0.01361
4 0 5 10533 0.01367
4 0 5 10533 0.01374
4 0 5 10531 0.01333
4 0 5 10530 0.01336
4 0 5 10528 0.01358
4 0 5 10525 0.01398
4 0 5 10521 0.01361
4 0 5 10521 0.01363
4 0 5 10515 0.01344
4 0 5 10499 0.01411
4 0 5 10443 0.02184
4 0 5 10377 0.02183
4 0 5 10360 0.01378
4 0 5 10331 0.0217
4 0 5 10256 0.02144
4 0 5 10205 0.02048
4 0 5 10171 0.02029
4 0 5 10140 0.02006
4 0 5 10102 0.02074
4 0 5 10082 0.0204
4 0 5 9670 0.01933
