8 0 1 100000 0.1407
8 0 1 100000 0.1372
8 0 1 100000 0.1334
8 0 1 100000 0.1149
8 0 1 100000 0.1011
8 0 1 100000 0.1022
8 0 1 100000 0.1014
8 0 1 100000 0.1023
8 0 1 100000 0.1017
8 0 1 100000 0.09899
8 0 1 100000 0.1018
8 0 1 100000 0.101
8 0 1 85000 0.09235
8 0 1 85000 0.08997
8 0 1 85000 0.09042
8 0 1 85000 0.08662
8 0 1 85000 0.09392
8 0 1 85000 0.09101
8 0 1 85000 0.09164
8 0 1 85000 0.09046
8 0 1 85000 0.09072
8 0 1 85000 0.09134
8 0 1 85000 0.09022
8 0 1 85000 0.09232
8 0 1 85000 0.09101
8 0 1 75000 0.08135
8 0 1 75000 0.08097
8 0 1 75000 0.08267
8 0 1 75000 0.08217
8 0 1 75000 0.08461
8 0 1 75000 0.08286
8 0 1 75000 0.08267
8 0 1 75000 0.08024
8 0 1 75000 0.08156
8 0 1 75000 0.08278
8 0 1 75000 0.08315
8 0 1 75000 0.08266
8 0 1 75000 0.08511
8 0 1 50000 0.05936
8 0 1 50000 0.06026
8 0 1 50000 0.06006
8 0 1 50000 0.05942
8 0 1 50000 0.06041
8 0 1 50000 0.05907
8 0 1 50000 0.05942
8 0 1 50000 0.06092
8 0 1 50000 0.05899
8 0 1 50000 0.05842
8 0 1 50000 0.05893
8 0 1 50000 0.0601
8 0 1 35000 0.04203
8 0 1 35000 0.04299
8 0 1 35000 0.04249
8 0 1 35000 0.04331
8 0 1 35000 0.04198
8 0 1 35000 0.04289
8 0 1 35000 0.04269
8 0 1 35000 0.04168
8 0 1 35000 0.04356
8 0 1 35000 0.04306
8 0 1 35000 0.04307
8 0 1 35000 0.04217
8 0 1 25000 0.02795
8 0 1 25000 0.02829
8 0 1 25000 0.02812
8 0 1 25000 0.02863
8 0 1 25000 0.02888
8 0 1 25000 0.0277
8 0 1 25000 0.02769
8 0 1 25000 0.02832
8 0 1 25000 0.02936
8 0 1 25000 0.02906
8 0 1 25000 0.0276
8 0 1 25000 0.02742
8 0 1 25000 0.02713
8 0 1 15000 0.01734
8 0 1 15000 0.01739
8 0 1 15000 0.01791
8 0 1 15000 0.01746
8 0 1 15000 0.01797
8 0 1 15000 0.01678
8 0 1 15000 0.01779
8 0 1 15000 0.01691
8 0 1 15000 0.01758
8 0 1 15000 0.01789
8 0 1 15000 0.01765
8 0 1 15000 0.0172
8 0 1 10000 0.01303
8 0 1 10000 0.01329
8 0 1 10000 0.0123
8 0 1 10000 0.01284
8 0 1 10000 0.0136
8 0 1 10000 0.01322
8 0 1 10000 0.01276
8 0 1 10000 0.01337
8 0 1 10000 0.01275
8 0 1 10000 0.01294
8 0 1 10000 0.01333
8 0 1 10000 0.01247
8 0 1 10000 0.01271
8 0 2 113441 0.1134
8 0 2 113340 0.1139
8 0 2 113106 0.1131
8 0 2 113071 0.1127
8 0 2 113024 0.1147
8 0 2 112905 0.1142
8 0 2 112806 0.1146
8 0 2 112805 0.1145
8 0 2 112718 0.1138
8 0 2 112584 0.1135
8 0 2 112564 0.1118
8 0 2 112429 0.1144
8 0 2 94670 0.09817
8 0 2 94667 0.09932
8 0 2 94548 0.1001
8 0 2 94477 0.09934
8 0 2 94455 0.1006
8 0 2 94394 0.09896
8 0 2 94351 0.09843
8 0 2 94310 0.09843
8 0 2 94283 0.09929
8 0 2 94179 0.1
8 0 2 94142 0.09746
8 0 2 94089 0.1003
8 0 2 93601 0.09996
8 0 2 82631 0.09146
8 0 2 82472 0.09162
8 0 2 82458 0.08927
8 0 2 82423 0.08791
8 0 2 82419 0.09057
8 0 2 82392 0.08849
8 0 2 82288 0.0877
8 0 2 82222 0.08823
8 0 2 82096 0.08752
8 0 2 81819 0.08848
8 0 2 81768 0.08988
8 0 2 79138 0.08539
8 0 2 76869 0.085
8 0 2 53347 0.06344
8 0 2 53332 0.0647
8 0 2 53316 0.06479
8 0 2 53301 0.06509
8 0 2 53292 0.06427
8 0 2 53244 0.06447
8 0 2 53210 0.06502
8 0 2 53192 0.06226
8 0 2 53169 0.06322
8 0 2 53151 0.06077
8 0 2 53110 0.06326
8 0 2 52953 0.06406
8 0 2 36662 0.04287
8 0 2 36647 0.04381
8 0 2 36645 0.04324
8 0 2 36620 0.04383
8 0 2 36617 0.04329
8 0 2 36613 0.04446
8 0 2 36608 0.04433
8 0 2 36602 0.04278
8 0 2 36585 0.04326
8 0 2 36580 0.04413
8 0 2 36572 0.04369
8 0 2 36525 0.04391
8 0 2 25845 0.02866
8 0 2 25840 0.02809
8 0 2 25837 0.02918
8 0 2 25835 0.02854
8 0 2 25829 0.02957
8 0 2 25826 0.02907
8 0 2 25820 0.03023
8 0 2 25816 0.02875
8 0 2 25808 0.02905
8 0 2 25805 0.02822
8 0 2 25791 0.02856
8 0 2 25789 0.02871
8 0 2 25753 0.02941
8 0 2 15304 0.0181
8 0 2 15303 0.0181
8 0 2 15302 0.01816
8 0 2 15300 0.01793
8 0 2 15299 0.01874
8 0 2 15298 0.01791
8 0 2 15298 0.01721
8 0 2 15296 0.01839
8 0 2 15291 0.01772
8 0 2 15288 0.01762
8 0 2 15283 0.01756
8 0 2 15264 0.0173
8 0 2 15070 0.01725
8 0 2 10134 0.01289
8 0 2 10133 0.01283
8 0 2 10133 0.0131
8 0 2 10132 0.01306
8 0 2 10131 0.01308
8 0 2 10130 0.01335
8 0 2 10128 0.01299
8 0 2 10128 0.01334
8 0 2 10127 0.01278
8 0 2 10127 0.01265
8 0 2 10126 0.01288
8 0 2 10121 0.01299
8 0 3 128155 0.1826
8 0 3 128074 0.1832
8 0 3 127628 0.1845
8 0 3 127507 0.177
8 0 3 127315 0.1756
8 0 3 127308 0.1793
8 0 3 127292 0.1807
8 0 3 127156 0.1863
8 0 3 127146 0.1788
8 0 3 127042 0.1763
8 0 3 127023 0.1766
8 0 3 126647 0.1811
8 0 3 125823 0.1731
8 0 3 105003 0.1095
8 0 3 104978 0.107
8 0 3 104912 0.1072
8 0 3 104765 0.1079
8 0 3 104715 0.1113
8 0 3 104626 0.1082
8 0 3 104616 0.1103
8 0 3 104476 0.1097
8 0 3 104430 0.1087
8 0 3 104102 0.1089
8 0 3 103950 0.1065
8 0 3 101439 0.09844
8 0 3 90574 0.09667
8 0 3 90537 0.09817
8 0 3 90501 0.09589
8 0 3 90405 0.09362
8 0 3 90314 0.09607
8 0 3 90270 0.09643
8 0 3 90190 0.09539
8 0 3 90080 0.09399
8 0 3 89832 0.09437
8 0 3 89679 0.09566
8 0 3 87822 0.09332
8 0 3 86703 0.09106
8 0 3 56938 0.0664
8 0 3 56862 0.06932
8 0 3 56832 0.06558
8 0 3 56814 0.06618
8 0 3 56782 0.06446
8 0 3 56750 0.06755
8 0 3 56737 0.06879
8 0 3 56707 0.06874
8 0 3 56683 0.0668
8 0 3 56656 0.06481
8 0 3 56586 0.06636
8 0 3 56579 0.06795
8 0 3 56404 0.06854
8 0 3 38353 0.04589
8 0 3 38332 0.04597
8 0 3 38321 0.04552
8 0 3 38300 0.04541
8 0 3 38295 0.04586
8 0 3 38278 0.04506
8 0 3 38268 0.0453
8 0 3 38252 0.04559
8 0 3 38241 0.04574
8 0 3 38202 0.04441
8 0 3 38197 0.04427
8 0 3 38193 0.04368
8 0 3 38015 0.04438
8 0 3 26675 0.03001
8 0 3 26674 0.03076
8 0 3 26672 0.03002
8 0 3 26669 0.02913
8 0 3 26664 0.02885
8 0 3 26658 0.03056
8 0 3 26654 0.02792
8 0 3 26645 0.02982
8 0 3 26631 0.02969
8 0 3 26622 0.03045
8 0 3 26613 0.0304
8 0 3 26091 0.02876
8 0 3 15605 0.01782
8 0 3 15602 0.0192
8 0 3 15601 0.01919
8 0 3 15601 0.01833
8 0 3 15600 0.01868
8 0 3 15598 0.01868
8 0 3 15595 0.01805
8 0 3 15592 0.01867
8 0 3 15591 0.01856
8 0 3 15582 0.01883
8 0 3 15567 0.01916
8 0 3 15520 0.01831
8 0 3 10270 0.01391
8 0 3 10270 0.01296
8 0 3 10267 0.01312
8 0 3 10266 0.01328
8 0 3 10265 0.01342
8 0 3 10263 0.0137
8 0 3 10263 0.01316
8 0 3 10262 0.01374
8 0 3 10261 0.0132
8 0 3 10260 0.01263
8 0 3 10260 0.01344
8 0 3 10258 0.01312
8 0 3 10253 0.01371
8 0 4 144853 0.1944
8 0 4 144797 0.19
8 0 4 144515 0.1913
8 0 4 144479 0.1855
8 0 4 144001 0.1912
8 0 4 143839 0.1808
8 0 4 143711 0.1805
8 0 4 143652 0.1883
8 0 4 143380 0.1946
8 0 4 143358 0.195
8 0 4 143169 0.1941
8 0 4 143106 0.1961
8 0 4 116874 0.1157
8 0 4 116842 0.1157
8 0 4 116783 0.1163
8 0 4 116621 0.1165
8 0 4 116518 0.1135
8 0 4 116493 0.1178
8 0 4 116436 0.1183
8 0 4 116289 0.1182
8 0 4 116127 0.1094
8 0 4 115980 0.1159
8 0 4 115847 0.117
8 0 4 115787 0.1154
8 0 4 113586 0.1144
8 0 4 99714 0.1009
8 0 4 99462 0.1012
8 0 4 99409 0.1036
8 0 4 99259 0.1048
8 0 4 99179 0.1041
8 0 4 99170 0.107
8 0 4 98916 0.1312
8 0 4 98675 0.1263
8 0 4 98637 0.1262
8 0 4 98447 0.1246
8 0 4 96657 0.1237
8 0 4 94952 0.1013
8 0 4 92694 0.09792
8 0 4 60608 0.07142
8 0 4 60537 0.07308
8 0 4 60504 0.07149
8 0 4 60461 0.0725
8 0 4 60454 0.0725
8 0 4 60451 0.07105
8 0 4 60422 0.07244
8 0 4 60405 0.07175
8 0 4 60298 0.0722
8 0 4 60209 0.07323
8 0 4 60165 0.07122
8 0 4 60034 0.07244
8 0 4 40106 0.04854
8 0 4 40089 0.04867
8 0 4 40085 0.04898
8 0 4 40069 0.04736
8 0 4 40058 0.04653
8 0 4 40038 0.04902
8 0 4 40014 0.04862
8 0 4 40013 0.04993
8 0 4 39962 0.04747
8 0 4 39932 0.04864
8 0 4 39924 0.04815
8 0 4 39876 0.0473
8 0 4 27588 0.03039
8 0 4 27580 0.03159
8 0 4 27575 0.03052
8 0 4 27567 0.03108
8 0 4 27563 0.03129
8 0 4 27552 0.03104
8 0 4 27545 0.03005
8 0 4 27537 0.03108
8 0 4 27529 0.03028
8 0 4 27508 0.03112
8 0 4 27502 0.0294
8 0 4 27485 0.03089
8 0 4 27443 0.03005
8 0 4 15919 0.0191
8 0 4 15917 0.01902
8 0 4 15913 0.01809
8 0 4 15912 0.01848
8 0 4 15909 0.01936
8 0 4 15906 0.0192
8 0 4 15904 0.01766
8 0 4 15900 0.01934
8 0 4 15898 0.01927
8 0 4 15897 0.01924
8 0 4 15874 0.01917
8 0 4 15866 0.01915
8 0 4 15677 0.01913
8 0 4 10403 0.01296
8 0 4 10402 0.01346
8 0 4 10401 0.0136
8 0 4 10399 0.01306
8 0 4 10398 0.01369
8 0 4 10397 0.01338
8 0 4 10396 0.01367
8 0 4 10394 0.0136
8 0 4 10392 0.01312
8 0 4 10390 0.01371
8 0 4 10389 0.01354
8 0 4 10386 0.01419
8 0 5 163979 0.2638
8 0 5 163592 0.2514
8 0 5 162896 0.2247
8 0 5 162609 0.2418
8 0 5 162350 0.2208
8 0 5 162237 0.2381
8 0 5 161979 0.2282
8 0 5 161888 0.2301
8 0 5 161586 0.2396
8 0 5 160556 0.2429
8 0 5 157900 0.2463
8 0 5 153907 0.2458
8 0 5 130061 0.2182
8 0 5 129753 0.2184
8 0 5 129603 0.2165
8 0 5 129436 0.2029
8 0 5 129348 0.1934
8 0 5 128946 0.1994
8 0 5 128844 0.1942
8 0 5 128609 0.2035
8 0 5 128446 0.1939
8 0 5 126054 0.1928
8 0 5 125182 0.1943
8 0 5 124805 0.1945
8 0 5 123229 0.2124
8 0 5 109352 0.1439
8 0 5 109268 0.135
8 0 5 109128 0.1377
8 0 5 108914 0.1317
8 0 5 108832 0.1296
8 0 5 108806 0.1367
8 0 5 108588 0.1359
8 0 5 108342 0.1424
8 0 5 108003 0.1386
8 0 5 107787 0.1338
8 0 5 104832 0.1345
8 0 5 103986 0.1305
8 0 5 98790 0.1253
8 0 5 64576 0.08552
8 0 5 64537 0.08671
8 0 5 64456 0.08874
8 0 5 64423 0.08592
8 0 5 64409 0.08843
8 0 5 64377 0.0894
8 0 5 64328 0.08441
8 0 5 64231 0.08209
8 0 5 64225 0.08532
8 0 5 64149 0.08565
8 0 5 63994 0.08341
8 0 5 61410 0.0819
8 0 5 41959 0.05668
8 0 5 41946 0.05405
8 0 5 41914 0.05503
8 0 5 41906 0.05814
8 0 5 41892 0.0528
8 0 5 41848 0.05647
8 0 5 41803 0.05616
8 0 5 41779 0.0535
8 0 5 41765 0.0564
8 0 5 41737 0.05363
8 0 5 41709 0.05507
8 0 5 41106 0.05414
8 0 5 28518 0.03424
8 0 5 28482 0.03477
8 0 5 28473 0.03569
8 0 5 28470 0.03421
8 0 5 28459 0.03574
8 0 5 28443 0.03036
8 0 5 28420 0.03256
8 0 5 28414 0.03387
8 0 5 28403 0.03211
8 0 5 28385 0.03285
8 0 5 28330 0.03152
8 0 5 27555 0.03042
8 0 5 27547 0.03109
8 0 5 16239 0.01876
8 0 5 16237 0.01864
8 0 5 16230 0.01938
8 0 5 16219 0.01932
8 0 5 16218 0.02004
8 0 5 16214 0.02035
8 0 5 16212 0.01971
8 0 5 16207 0.01919
8 0 5 16200 0.01926
8 0 5 16181 0.01997
8 0 5 16143 0.01844
8 0 5 15928 0.01965
8 0 5 10541 0.01391
8 0 5 10540 0.01399
8 0 5 10538 0.014
8 0 5 10538 0.01388
8 0 5 10537 0.01385
8 0 5 10534 0.01411
8 0 5 10533 0.0137
8 0 5 10532 0.01433
8 0 5 10530 0.01422
8 0 5 10528 0.01394
8 0 5 10525 0.01382
8 0 5 10522 0.01413
8 0 5 10520 0.014
