1 0 1 100000 0.1371
1 0 1 100000 0.1362
1 0 1 100000 0.1057
1 0 1 100000 0.1066
1 0 1 100000 0.1066
1 0 1 100000 0.1063
1 0 1 100000 0.1069
1 0 1 100000 0.1074
1 0 1 100000 0.1063
1 0 1 100000 0.1073
1 0 1 100000 0.1059
1 0 1 100000 0.1074
1 0 1 100000 0.1061
1 0 1 100000 0.1064
1 0 1 100000 0.1076
1 0 1 100000 0.1056
1 0 1 100000 0.1336
1 0 1 100000 0.1307
1 0 1 100000 0.1323
1 0 1 100000 0.1327
1 0 1 100000 0.132
1 0 1 100000 0.1336
1 0 1 100000 0.1338
1 0 1 100000 0.1333
1 0 1 100000 0.1328
1 0 1 100000 0.1314
1 0 1 100000 0.1331
1 0 1 100000 0.1326
1 0 1 100000 0.133
1 0 1 100000 0.133
1 0 1 100000 0.1356
1 0 1 100000 0.1582
1 0 1 100000 0.1581
1 0 1 100000 0.109
1 0 1 100000 0.1102
1 0 1 100000 0.1102
1 0 1 100000 0.1091
1 0 1 100000 0.11
1 0 1 100000 0.1121
1 0 1 100000 0.1103
1 0 1 100000 0.1108
1 0 1 100000 0.1112
1 0 1 100000 0.1104
1 0 1 100000 0.1097
1 0 1 100000 0.1138
1 0 1 100000 0.1108
1 0 1 100000 0.1102
1 0 1 100000 0.1101
1 0 1 100000 0.1102
1 0 1 100000 0.1096
1 0 1 100000 0.1333
1 0 1 100000 0.1354
1 0 1 100000 0.1442
1 0 1 100000 0.1351
1 0 1 100000 0.1355
1 0 1 100000 0.1365
1 0 1 100000 0.1341
1 0 1 100000 0.137
1 0 1 100000 0.1366
1 0 1 100000 0.134
1 0 1 100000 0.136
1 0 1 100000 0.1365
1 0 1 100000 0.1297
1 0 1 100000 0.1067
1 0 1 100000 0.1091
1 0 1 100000 0.1093
1 0 1 100000 0.1062
1 0 1 100000 0.1057
1 0 1 100000 0.1047
1 0 1 100000 0.1048
1 0 1 100000 0.1038
1 0 1 100000 0.1064
1 0 1 100000 0.1045
1 0 1 100000 0.1028
1 0 1 100000 0.1058
1 0 1 100000 0.1042
1 0 1 100000 0.1074
1 0 1 100000 0.1048
1 0 1 100000 0.1064
1 0 1 100000 0.1075
1 0 1 100000 0.105
1 0 1 100000 0.1065
1 0 1 100000 0.1067
1 0 1 100000 0.1066
1 0 1 100000 0.109
1 0 1 100000 0.1098
1 0 1 100000 0.1096
1 0 1 100000 0.1104
1 0 1 100000 0.109
1 0 1 100000 0.1101
1 0 1 100000 0.1069
1 0 1 100000 0.1104
1 0 1 100000 0.1093
1 0 1 100000 0.1087
1 0 1 100000 0.1074
1 0 1 100000 0.1095
1 0 1 100000 0.109
1 0 1 100000 0.1077
1 0 1 100000 0.1085
1 0 1 100000 0.1108
1 0 1 85000 0.09651
1 0 1 85000 0.09611
1 0 1 85000 0.09603
1 0 1 85000 0.0935
1 0 1 85000 0.09439
1 0 1 85000 0.09398
1 0 1 85000 0.09164
1 0 1 85000 0.09719
1 0 1 85000 0.09479
1 0 1 85000 0.09537
1 0 1 85000 0.09429
1 0 1 85000 0.09528
1 0 1 85000 0.09479
1 0 1 85000 0.09104
1 0 1 85000 0.0945
1 0 1 85000 0.09378
1 0 1 85000 0.1194
1 0 1 85000 0.1201
1 0 1 85000 0.1194
1 0 1 85000 0.12
1 0 1 85000 0.1196
1 0 1 85000 0.1192
1 0 1 85000 0.1214
1 0 1 85000 0.1201
1 0 1 85000 0.1203
1 0 1 85000 0.1188
1 0 1 85000 0.1211
1 0 1 85000 0.1191
1 0 1 85000 0.1196
1 0 1 85000 0.122
1 0 1 85000 0.1194
1 0 1 85000 0.1194
1 0 1 85000 0.1202
1 0 1 85000 0.06882
1 0 1 85000 0.06878
1 0 1 85000 0.06789
1 0 1 85000 0.0687
1 0 1 85000 0.07016
1 0 1 85000 0.0702
1 0 1 85000 0.06807
1 0 1 85000 0.06801
1 0 1 85000 0.06903
1 0 1 85000 0.06919
1 0 1 85000 0.067
1 0 1 85000 0.06678
1 0 1 85000 0.07034
1 0 1 85000 0.06874
1 0 1 85000 0.06795
1 0 1 85000 0.06615
1 0 1 85000 0.06901
1 0 1 85000 0.09552
1 0 1 85000 0.09691
1 0 1 85000 0.09581
1 0 1 85000 0.09505
1 0 1 85000 0.09504
1 0 1 85000 0.09547
1 0 1 85000 0.09302
1 0 1 85000 0.09456
1 0 1 85000 0.09581
1 0 1 85000 0.09646
1 0 1 85000 0.117
1 0 1 85000 0.09782
1 0 1 85000 0.09817
1 0 1 85000 0.09814
1 0 1 85000 0.1011
1 0 1 85000 0.09936
1 0 1 85000 0.09827
1 0 1 85000 0.0967
1 0 1 85000 0.09756
1 0 1 85000 0.09698
1 0 1 85000 0.1047
1 0 1 85000 0.09505
1 0 1 85000 0.09415
1 0 1 85000 0.09288
1 0 1 85000 0.09407
1 0 1 85000 0.09356
1 0 1 85000 0.09576
1 0 1 85000 0.09492
1 0 1 85000 0.09474
1 0 1 85000 0.09885
1 0 1 85000 0.1064
1 0 1 85000 0.09349
1 0 1 85000 0.09939
1 0 1 85000 0.09725
1 0 1 85000 0.1004
1 0 1 85000 0.09984
1 0 1 85000 0.09938
1 0 1 85000 0.09899
1 0 1 85000 0.09813
1 0 1 85000 0.1004
1 0 1 85000 0.09832
1 0 1 85000 0.1016
1 0 1 85000 0.09939
1 0 1 85000 0.09947
1 0 1 85000 0.1021
1 0 1 85000 0.09826
1 0 1 85000 0.09911
1 0 1 85000 0.1002
1 0 1 85000 0.0971
1 0 1 85000 0.1011
1 0 1 75000 0.08865
1 0 1 75000 0.08933
1 0 1 75000 0.08817
1 0 1 75000 0.08993
1 0 1 75000 0.08721
1 0 1 75000 0.08754
1 0 1 75000 0.08671
1 0 1 75000 0.0851
1 0 1 75000 0.08529
1 0 1 75000 0.08663
1 0 1 75000 0.0883
1 0 1 75000 0.08516
1 0 1 75000 0.08684
1 0 1 75000 0.08555
1 0 1 75000 0.08846
1 0 1 75000 0.08629
1 0 1 75000 0.1104
1 0 1 75000 0.1126
1 0 1 75000 0.1124
1 0 1 75000 0.112
1 0 1 75000 0.1124
1 0 1 75000 0.1108
1 0 1 75000 0.1112
1 0 1 75000 0.1106
1 0 1 75000 0.1132
1 0 1 75000 0.1111
1 0 1 75000 0.1106
1 0 1 75000 0.1107
1 0 1 75000 0.1139
1 0 1 75000 0.1122
1 0 1 75000 0.1112
1 0 1 75000 0.1117
1 0 1 75000 0.1156
1 0 1 75000 0.06408
1 0 1 75000 0.0659
1 0 1 75000 0.06408
1 0 1 75000 0.06128
1 0 1 75000 0.06139
1 0 1 75000 0.06018
1 0 1 75000 0.06056
1 0 1 75000 0.0635
1 0 1 75000 0.06618
1 0 1 75000 0.06518
1 0 1 75000 0.06369
1 0 1 75000 0.06009
1 0 1 75000 0.06122
1 0 1 75000 0.06169
1 0 1 75000 0.06469
1 0 1 75000 0.06335
1 0 1 75000 0.06145
1 0 1 75000 0.08772
1 0 1 75000 0.08671
1 0 1 75000 0.08938
1 0 1 75000 0.08955
1 0 1 75000 0.08961
1 0 1 75000 0.08761
1 0 1 75000 0.08975
1 0 1 75000 0.08658
1 0 1 75000 0.08724
1 0 1 75000 0.08823
1 0 1 75000 0.08901
1 0 1 75000 0.08798
1 0 1 75000 0.08666
1 0 1 75000 0.08885
1 0 1 75000 0.08797
1 0 1 75000 0.08962
1 0 1 75000 0.08619
1 0 1 75000 0.08789
1 0 1 75000 0.08883
1 0 1 75000 0.08692
1 0 1 75000 0.08723
1 0 1 75000 0.0859
1 0 1 75000 0.08774
1 0 1 75000 0.08465
1 0 1 75000 0.08419
1 0 1 75000 0.0852
1 0 1 75000 0.08605
1 0 1 75000 0.08672
1 0 1 75000 0.08878
1 0 1 75000 0.08824
1 0 1 75000 0.0846
1 0 1 75000 0.08356
1 0 1 75000 0.08549
1 0 1 75000 0.08897
1 0 1 75000 0.08727
1 0 1 75000 0.08959
1 0 1 75000 0.08776
1 0 1 75000 0.08765
1 0 1 75000 0.08791
1 0 1 75000 0.08843
1 0 1 75000 0.08769
1 0 1 75000 0.08759
1 0 1 75000 0.08968
1 0 1 75000 0.08762
1 0 1 75000 0.08795
1 0 1 75000 0.08737
1 0 1 75000 0.08779
1 0 1 75000 0.08672
1 0 1 75000 0.0859
1 0 1 75000 0.08502
1 0 1 50000 0.06146
1 0 1 50000 0.06028
1 0 1 50000 0.06112
1 0 1 50000 0.06265
1 0 1 50000 0.06322
1 0 1 50000 0.06095
1 0 1 50000 0.06424
1 0 1 50000 0.06108
1 0 1 50000 0.06184
1 0 1 50000 0.06506
1 0 1 50000 0.06286
1 0 1 50000 0.06097
1 0 1 50000 0.06394
1 0 1 50000 0.05934
1 0 1 50000 0.06246
1 0 1 50000 0.06362
1 0 1 50000 0.08596
1 0 1 50000 0.08635
1 0 1 50000 0.08522
1 0 1 50000 0.08557
1 0 1 50000 0.08579
1 0 1 50000 0.0876
1 0 1 50000 0.08585
1 0 1 50000 0.0842
1 0 1 50000 0.08569
1 0 1 50000 0.08662
1 0 1 50000 0.08453
1 0 1 50000 0.08607
1 0 1 50000 0.08713
1 0 1 50000 0.08863
1 0 1 50000 0.0899
1 0 1 50000 0.08739
1 0 1 50000 0.08674
1 0 1 50000 0.03693
1 0 1 50000 0.03485
1 0 1 50000 0.03452
1 0 1 50000 0.0356
1 0 1 50000 0.03334
1 0 1 50000 0.03586
1 0 1 50000 0.03744
1 0 1 50000 0.03526
1 0 1 50000 0.03405
1 0 1 50000 0.03656
1 0 1 50000 0.03373
1 0 1 50000 0.03549
1 0 1 50000 0.03682
1 0 1 50000 0.03327
1 0 1 50000 0.03669
1 0 1 50000 0.03552
1 0 1 50000 0.03361
1 0 1 50000 0.06324
1 0 1 50000 0.0635
1 0 1 50000 0.06211
1 0 1 50000 0.06473
1 0 1 50000 0.06381
1 0 1 50000 0.06305
1 0 1 50000 0.06344
1 0 1 50000 0.06282
1 0 1 50000 0.06289
1 0 1 50000 0.06204
1 0 1 50000 0.06138
1 0 1 50000 0.06469
1 0 1 50000 0.06347
1 0 1 50000 0.06013
1 0 1 50000 0.06413
1 0 1 50000 0.06494
1 0 1 50000 0.05814
1 0 1 50000 0.0586
1 0 1 50000 0.05933
1 0 1 50000 0.06196
1 0 1 50000 0.06084
1 0 1 50000 0.06089
1 0 1 50000 0.06085
1 0 1 50000 0.06019
1 0 1 50000 0.06091
1 0 1 50000 0.06018
1 0 1 50000 0.05931
1 0 1 50000 0.06065
1 0 1 50000 0.06174
1 0 1 50000 0.0614
1 0 1 50000 0.0594
1 0 1 50000 0.06095
1 0 1 50000 0.05899
1 0 1 50000 0.06354
1 0 1 50000 0.06435
1 0 1 50000 0.06301
1 0 1 50000 0.06305
1 0 1 50000 0.06279
1 0 1 50000 0.06255
1 0 1 50000 0.06326
1 0 1 50000 0.06573
1 0 1 50000 0.06252
1 0 1 50000 0.06266
1 0 1 50000 0.06226
1 0 1 50000 0.06331
1 0 1 50000 0.06089
1 0 1 50000 0.06281
1 0 1 50000 0.06082
1 0 1 50000 0.06081
1 0 1 50000 0.06258
1 0 1 35000 0.04268
1 0 1 35000 0.04472
1 0 1 35000 0.04406
1 0 1 35000 0.04435
1 0 1 35000 0.04268
1 0 1 35000 0.04364
1 0 1 35000 0.04299
1 0 1 35000 0.04372
1 0 1 35000 0.04247
1 0 1 35000 0.04373
1 0 1 35000 0.04345
1 0 1 35000 0.04259
1 0 1 35000 0.0438
1 0 1 35000 0.04394
1 0 1 35000 0.04363
1 0 1 35000 0.04267
1 0 1 35000 0.06242
1 0 1 35000 0.06309
1 0 1 35000 0.06237
1 0 1 35000 0.06315
1 0 1 35000 0.06424
1 0 1 35000 0.06294
1 0 1 35000 0.06284
1 0 1 35000 0.06198
1 0 1 35000 0.06299
1 0 1 35000 0.06237
1 0 1 35000 0.06332
1 0 1 35000 0.06266
1 0 1 35000 0.06514
1 0 1 35000 0.06514
1 0 1 35000 0.06396
1 0 1 35000 0.06413
1 0 1 35000 0.06341
1 0 1 35000 0.02338
1 0 1 35000 0.02434
1 0 1 35000 0.02413
1 0 1 35000 0.02422
1 0 1 35000 0.02384
1 0 1 35000 0.02262
1 0 1 35000 0.02358
1 0 1 35000 0.02278
1 0 1 35000 0.02215
1 0 1 35000 0.02353
1 0 1 35000 0.0221
1 0 1 35000 0.02273
1 0 1 35000 0.02323
1 0 1 35000 0.02196
1 0 1 35000 0.02332
1 0 1 35000 0.02236
1 0 1 35000 0.02261
1 0 1 35000 0.04327
1 0 1 35000 0.04399
1 0 1 35000 0.04375
1 0 1 35000 0.0446
1 0 1 35000 0.04364
1 0 1 35000 0.04539
1 0 1 35000 0.04582
1 0 1 35000 0.04522
1 0 1 35000 0.04531
1 0 1 35000 0.04616
1 0 1 35000 0.04538
1 0 1 35000 0.04366
1 0 1 35000 0.0454
1 0 1 35000 0.0456
1 0 1 35000 0.04363
1 0 1 35000 0.04471
1 0 1 35000 0.04192
1 0 1 35000 0.0425
1 0 1 35000 0.04179
1 0 1 35000 0.04351
1 0 1 35000 0.04274
1 0 1 35000 0.04151
1 0 1 35000 0.04329
1 0 1 35000 0.04234
1 0 1 35000 0.04374
1 0 1 35000 0.04277
1 0 1 35000 0.044
1 0 1 35000 0.04371
1 0 1 35000 0.04209
1 0 1 35000 0.04218
1 0 1 35000 0.04298
1 0 1 35000 0.04249
1 0 1 35000 0.04243
1 0 1 35000 0.04372
1 0 1 35000 0.04501
1 0 1 35000 0.04434
1 0 1 35000 0.04314
1 0 1 35000 0.04497
1 0 1 35000 0.04282
1 0 1 35000 0.04481
1 0 1 35000 0.04404
1 0 1 35000 0.04335
1 0 1 35000 0.04337
1 0 1 35000 0.04343
1 0 1 35000 0.04349
1 0 1 35000 0.04351
1 0 1 35000 0.04333
1 0 1 35000 0.04486
1 0 1 35000 0.04334
1 0 1 35000 0.04289
1 0 1 25000 0.02939
1 0 1 25000 0.02759
1 0 1 25000 0.02786
1 0 1 25000 0.02735
1 0 1 25000 0.0259
1 0 1 25000 0.02913
1 0 1 25000 0.02822
1 0 1 25000 0.02837
1 0 1 25000 0.02791
1 0 1 25000 0.02812
1 0 1 25000 0.02846
1 0 1 25000 0.02742
1 0 1 25000 0.02873
1 0 1 25000 0.02817
1 0 1 25000 0.02838
1 0 1 25000 0.0279
1 0 1 25000 0.04546
1 0 1 25000 0.04614
1 0 1 25000 0.04647
1 0 1 25000 0.04629
1 0 1 25000 0.04695
1 0 1 25000 0.04567
1 0 1 25000 0.04605
1 0 1 25000 0.04545
1 0 1 25000 0.04631
1 0 1 25000 0.0456
1 0 1 25000 0.04579
1 0 1 25000 0.04611
1 0 1 25000 0.04527
1 0 1 25000 0.04494
1 0 1 25000 0.04574
1 0 1 25000 0.04582
1 0 1 25000 0.04605
1 0 1 25000 0.01019
1 0 1 25000 0.01028
1 0 1 25000 0.01017
1 0 1 25000 0.01038
1 0 1 25000 0.01043
1 0 1 25000 0.01032
1 0 1 25000 0.01033
1 0 1 25000 0.01033
1 0 1 25000 0.01029
1 0 1 25000 0.01034
1 0 1 25000 0.01016
1 0 1 25000 0.01039
1 0 1 25000 0.01028
1 0 1 25000 0.0102
1 0 1 25000 0.01012
1 0 1 25000 0.01053
1 0 1 25000 0.01014
1 0 1 25000 0.02948
1 0 1 25000 0.02929
1 0 1 25000 0.02828
1 0 1 25000 0.02852
1 0 1 25000 0.02736
1 0 1 25000 0.02847
1 0 1 25000 0.02901
1 0 1 25000 0.02899
1 0 1 25000 0.02897
1 0 1 25000 0.02959
1 0 1 25000 0.02865
1 0 1 25000 0.02772
1 0 1 25000 0.02981
1 0 1 25000 0.02808
1 0 1 25000 0.02886
1 0 1 25000 0.03034
1 0 1 25000 0.02794
1 0 1 25000 0.02686
1 0 1 25000 0.02749
1 0 1 25000 0.03062
1 0 1 25000 0.03087
1 0 1 25000 0.02988
1 0 1 25000 0.0303
1 0 1 25000 0.0292
1 0 1 25000 0.0305
1 0 1 25000 0.0309
1 0 1 25000 0.03
1 0 1 25000 0.02879
1 0 1 25000 0.02913
1 0 1 25000 0.02781
1 0 1 25000 0.03117
1 0 1 25000 0.02948
1 0 1 25000 0.03042
1 0 1 25000 0.03147
1 0 1 25000 0.03273
1 0 1 25000 0.03069
1 0 1 25000 0.03074
1 0 1 25000 0.0316
1 0 1 25000 0.03066
1 0 1 25000 0.03164
1 0 1 25000 0.03053
1 0 1 25000 0.03109
1 0 1 25000 0.03243
1 0 1 25000 0.03114
1 0 1 25000 0.03141
1 0 1 25000 0.03271
1 0 1 25000 0.03036
1 0 1 25000 0.03223
1 0 1 25000 0.03172
1 0 1 25000 0.03214
1 0 1 15000 0.01926
1 0 1 15000 0.01951
1 0 1 15000 0.01927
1 0 1 15000 0.0191
1 0 1 15000 0.01858
1 0 1 15000 0.01883
1 0 1 15000 0.01922
1 0 1 15000 0.01897
1 0 1 15000 0.01929
1 0 1 15000 0.01819
1 0 1 15000 0.01917
1 0 1 15000 0.01827
1 0 1 15000 0.01912
1 0 1 15000 0.01927
1 0 1 15000 0.01917
1 0 1 15000 0.0187
1 0 1 15000 0.02953
1 0 1 15000 0.02948
1 0 1 15000 0.02988
1 0 1 15000 0.02928
1 0 1 15000 0.02939
1 0 1 15000 0.02915
1 0 1 15000 0.02967
1 0 1 15000 0.02936
1 0 1 15000 0.02965
1 0 1 15000 0.02956
1 0 1 15000 0.02955
1 0 1 15000 0.0295
1 0 1 15000 0.02949
1 0 1 15000 0.02973
1 0 1 15000 0.02985
1 0 1 15000 0.02966
1 0 1 15000 0.02991
1 0 1 15000 0.008139
1 0 1 15000 0.008046
1 0 1 15000 0.008166
1 0 1 15000 0.008139
1 0 1 15000 0.008234
1 0 1 15000 0.008078
1 0 1 15000 0.008256
1 0 1 15000 0.008018
1 0 1 15000 0.008078
1 0 1 15000 0.008084
1 0 1 15000 0.008225
1 0 1 15000 0.008091
1 0 1 15000 0.008077
1 0 1 15000 0.008119
1 0 1 15000 0.00805
1 0 1 15000 0.008161
1 0 1 15000 0.008174
1 0 1 15000 0.01977
1 0 1 15000 0.01983
1 0 1 15000 0.02053
1 0 1 15000 0.01959
1 0 1 15000 0.01992
1 0 1 15000 0.01928
1 0 1 15000 0.01925
1 0 1 15000 0.01968
1 0 1 15000 0.02018
1 0 1 15000 0.01997
1 0 1 15000 0.01938
1 0 1 15000 0.01929
1 0 1 15000 0.01951
1 0 1 15000 0.01962
1 0 1 15000 0.01961
1 0 1 15000 0.01966
1 0 1 15000 0.01915
1 0 1 15000 0.01857
1 0 1 15000 0.01875
1 0 1 15000 0.01831
1 0 1 15000 0.01909
1 0 1 15000 0.01847
1 0 1 15000 0.01779
1 0 1 15000 0.0182
1 0 1 15000 0.01872
1 0 1 15000 0.01878
1 0 1 15000 0.01917
1 0 1 15000 0.01889
1 0 1 15000 0.01826
1 0 1 15000 0.01782
1 0 1 15000 0.01839
1 0 1 15000 0.01861
1 0 1 15000 0.01851
1 0 1 15000 0.0199
1 0 1 15000 0.01881
1 0 1 15000 0.01911
1 0 1 15000 0.01898
1 0 1 15000 0.01912
1 0 1 15000 0.01887
1 0 1 15000 0.01921
1 0 1 15000 0.01937
1 0 1 15000 0.01946
1 0 1 15000 0.01984
1 0 1 15000 0.01989
1 0 1 15000 0.01935
1 0 1 15000 0.01985
1 0 1 15000 0.01915
1 0 1 15000 0.01896
1 0 1 15000 0.01913
1 0 1 15000 0.01965
1 0 1 10000 0.01352
1 0 1 10000 0.01366
1 0 1 10000 0.01393
1 0 1 10000 0.01324
1 0 1 10000 0.01392
1 0 1 10000 0.01298
1 0 1 10000 0.0135
1 0 1 10000 0.01418
1 0 1 10000 0.01378
1 0 1 10000 0.0135
1 0 1 10000 0.0139
1 0 1 10000 0.01333
1 0 1 10000 0.01357
1 0 1 10000 0.01386
1 0 1 10000 0.01318
1 0 1 10000 0.01335
1 0 1 10000 0.02024
1 0 1 10000 0.02029
1 0 1 10000 0.02038
1 0 1 10000 0.02061
1 0 1 10000 0.02056
1 0 1 10000 0.02006
1 0 1 10000 0.02038
1 0 1 10000 0.02043
1 0 1 10000 0.02013
1 0 1 10000 0.02064
1 0 1 10000 0.0204
1 0 1 10000 0.0206
1 0 1 10000 0.02044
1 0 1 10000 0.02047
1 0 1 10000 0.02007
1 0 1 10000 0.02022
1 0 1 10000 0.02048
1 0 1 10000 0.006191
1 0 1 10000 0.006168
1 0 1 10000 0.006101
1 0 1 10000 0.006132
1 0 1 10000 0.006183
1 0 1 10000 0.006179
1 0 1 10000 0.006214
1 0 1 10000 0.006124
1 0 1 10000 0.006107
1 0 1 10000 0.006144
1 0 1 10000 0.006057
1 0 1 10000 0.006065
1 0 1 10000 0.006178
1 0 1 10000 0.0061
1 0 1 10000 0.006143
1 0 1 10000 0.006157
1 0 1 10000 0.006242
1 0 1 10000 0.0132
1 0 1 10000 0.01414
1 0 1 10000 0.01361
1 0 1 10000 0.01372
1 0 1 10000 0.0143
1 0 1 10000 0.01385
1 0 1 10000 0.01369
1 0 1 10000 0.01364
1 0 1 10000 0.01369
1 0 1 10000 0.01427
1 0 1 10000 0.01414
1 0 1 10000 0.01349
1 0 1 10000 0.01375
1 0 1 10000 0.01397
1 0 1 10000 0.01352
1 0 1 10000 0.01374
1 0 1 10000 0.01331
1 0 1 10000 0.01344
1 0 1 10000 0.01313
1 0 1 10000 0.01352
1 0 1 10000 0.01286
1 0 1 10000 0.01314
1 0 1 10000 0.01313
1 0 1 10000 0.01322
1 0 1 10000 0.01286
1 0 1 10000 0.01344
1 0 1 10000 0.01362
1 0 1 10000 0.01338
1 0 1 10000 0.01266
1 0 1 10000 0.01348
1 0 1 10000 0.01266
1 0 1 10000 0.01297
1 0 1 10000 0.01357
1 0 1 10000 0.01366
1 0 1 10000 0.01377
1 0 1 10000 0.01363
1 0 1 10000 0.0138
1 0 1 10000 0.014
1 0 1 10000 0.01443
1 0 1 10000 0.01374
1 0 1 10000 0.01414
1 0 1 10000 0.01403
1 0 1 10000 0.01425
1 0 1 10000 0.01343
1 0 1 10000 0.01372
1 0 1 10000 0.01316
1 0 1 10000 0.01403
1 0 1 10000 0.01384
1 0 1 10000 0.01366
1 0 1 10000 0.01375
1 0 2 113535 0.1388
1 0 2 113532 0.1532
1 0 2 113496 0.1507
1 0 2 113482 0.1548
1 0 2 113392 0.169
1 0 2 113340 0.1626
1 0 2 113252 0.1685
1 0 2 113236 0.1642
1 0 2 113142 0.1256
1 0 2 113106 0.1138
1 0 2 113104 0.1148
1 0 2 113094 0.1169
1 0 2 113090 0.1152
1 0 2 113088 0.146
1 0 2 113071 0.1136
1 0 2 113044 0.116
1 0 2 112996 0.1153
1 0 2 112992 0.116
1 0 2 112915 0.1149
1 0 2 112868 0.1181
1 0 2 112806 0.1186
1 0 2 112805 0.1182
1 0 2 112748 0.1186
1 0 2 112656 0.1179
1 0 2 112562 0.1196
1 0 2 112557 0.1184
1 0 2 112352 0.1202
1 0 2 112248 0.1188
1 0 2 112165 0.1182
1 0 2 112044 0.1187
1 0 2 111815 0.1316
1 0 2 111815 0.1218
1 0 2 111584 0.1232
1 0 2 111029 0.1215
1 0 2 111017 0.1485
1 0 2 110260 0.1185
1 0 2 110196 0.1202
1 0 2 108932 0.1175
1 0 2 108887 0.1235
1 0 2 108244 0.117
1 0 2 108176 0.1208
1 0 2 108110 0.1177
1 0 2 107503 0.143
1 0 2 107495 0.144
1 0 2 107427 0.1451
1 0 2 107253 0.1191
1 0 2 107100 0.1187
1 0 2 106836 0.1473
1 0 2 106421 0.1117
1 0 2 106124 0.1106
1 0 2 105933 0.1133
1 0 2 105911 0.1106
1 0 2 105799 0.1146
1 0 2 105658 0.1145
1 0 2 105404 0.1397
1 0 2 105277 0.1122
1 0 2 104203 0.1389
1 0 2 104203 0.1383
1 0 2 103917 0.1371
1 0 2 103769 0.1385
1 0 2 103365 0.111
1 0 2 103302 0.1103
1 0 2 102649 0.1363
1 0 2 102290 0.1355
1 0 2 102279 0.1369
1 0 2 102108 0.1106
1 0 2 100633 0.1088
1 0 2 100633 0.1094
1 0 2 100450 0.1108
1 0 2 100442 0.1348
1 0 2 100000 0.08032
1 0 2 100000 0.07951
1 0 2 100000 0.07864
1 0 2 100000 0.07796
1 0 2 100000 0.07895
1 0 2 100000 0.07864
1 0 2 100000 0.07836
1 0 2 100000 0.07833
1 0 2 100000 0.07875
1 0 2 100000 0.08017
1 0 2 100000 0.07898
1 0 2 100000 0.07726
1 0 2 100000 0.07876
1 0 2 100000 0.08068
1 0 2 100000 0.07833
1 0 2 100000 0.07648
1 0 2 100000 0.07723
1 0 2 99218 0.1068
1 0 2 99187 0.1332
1 0 2 98937 0.1045
1 0 2 98150 0.1335
1 0 2 97953 0.1064
1 0 2 97381 0.1056
1 0 2 96230 0.1305
1 0 2 96145 0.1045
1 0 2 95352 0.1033
1 0 2 94826 0.1052
1 0 2 94776 0.1046
1 0 2 94734 0.1045
1 0 2 94699 0.1046
1 0 2 94663 0.1032
1 0 2 94652 0.1027
1 0 2 94562 0.1027
1 0 2 94546 0.1021
1 0 2 94514 0.102
1 0 2 94474 0.09951
1 0 2 94462 0.1021
1 0 2 94455 0.1013
1 0 2 94431 0.09222
1 0 2 94394 0.1016
1 0 2 94374 0.09792
1 0 2 94367 0.09596
1 0 2 94346 0.1018
1 0 2 94300 0.1016
1 0 2 94283 0.1033
1 0 2 94179 0.1022
1 0 2 94163 0.1044
1 0 2 94161 0.101
1 0 2 94139 0.1021
1 0 2 94123 0.1011
1 0 2 94095 0.1015
1 0 2 94036 0.1015
1 0 2 93925 0.1012
1 0 2 93925 0.101
1 0 2 93840 0.1287
1 0 2 93755 0.09874
1 0 2 93755 0.1006
1 0 2 93681 0.1
1 0 2 93681 0.09866
1 0 2 93651 0.1008
1 0 2 93504 0.1013
1 0 2 93412 0.1009
1 0 2 93389 0.09958
1 0 2 93289 0.1011
1 0 2 93234 0.1273
1 0 2 92761 0.1012
1 0 2 92724 0.1289
1 0 2 92251 0.1013
1 0 2 92131 0.1276
1 0 2 91998 0.1007
1 0 2 91579 0.1017
1 0 2 91430 0.09999
1 0 2 91217 0.1004
1 0 2 90989 0.1257
1 0 2 90579 0.1009
1 0 2 90389 0.09936
1 0 2 90096 0.09545
1 0 2 89891 0.1008
1 0 2 89693 0.1233
1 0 2 89084 0.09956
1 0 2 88305 0.09845
1 0 2 88192 0.09358
1 0 2 88035 0.09872
1 0 2 88017 0.123
1 0 2 87502 0.09414
1 0 2 87308 0.09919
1 0 2 87120 0.09581
1 0 2 87038 0.09324
1 0 2 87029 0.09682
1 0 2 86254 0.1291
1 0 2 86254 0.132
1 0 2 85711 0.09797
1 0 2 85615 0.1248
1 0 2 85340 0.1066
1 0 2 85173 0.1009
1 0 2 85020 0.1305
1 0 2 85000 0.07863
1 0 2 85000 0.07538
1 0 2 85000 0.074
1 0 2 85000 0.07307
1 0 2 85000 0.0697
1 0 2 85000 0.07291
1 0 2 85000 0.07377
1 0 2 85000 0.06755
1 0 2 85000 0.07328
1 0 2 85000 0.07507
1 0 2 85000 0.07455
1 0 2 85000 0.0702
1 0 2 85000 0.07019
1 0 2 85000 0.07284
1 0 2 85000 0.07567
1 0 2 85000 0.0759
1 0 2 84972 0.1227
1 0 2 84842 0.1234
1 0 2 84558 0.09606
1 0 2 84098 0.121
1 0 2 83818 0.1253
1 0 2 83533 0.09626
1 0 2 83080 0.09612
1 0 2 83080 0.09591
1 0 2 83031 0.09599
1 0 2 82631 0.0937
1 0 2 82593 0.09462
1 0 2 82579 0.09663
1 0 2 82551 0.1183
1 0 2 82536 0.1221
1 0 2 82474 0.09674
1 0 2 82464 0.09705
1 0 2 82461 0.09709
1 0 2 82446 0.09555
1 0 2 82444 0.09555
1 0 2 82441 0.09484
1 0 2 82419 0.0955
1 0 2 82417 0.09534
1 0 2 82398 0.09562
1 0 2 82387 0.09574
1 0 2 82383 0.09376
1 0 2 82377 0.0956
1 0 2 82362 0.09505
1 0 2 82352 0.0934
1 0 2 82288 0.09562
1 0 2 82288 0.0962
1 0 2 82260 0.09349
1 0 2 82245 0.09674
1 0 2 82238 0.09615
1 0 2 82222 0.0965
1 0 2 82206 0.09751
1 0 2 82182 0.09517
1 0 2 82170 0.0946
1 0 2 82157 0.1231
1 0 2 82155 0.0938
1 0 2 82155 0.09254
1 0 2 82095 0.09175
1 0 2 82085 0.09391
1 0 2 82053 0.09471
1 0 2 82053 0.09449
1 0 2 82026 0.0914
1 0 2 81946 0.09467
1 0 2 81885 0.09329
1 0 2 81843 0.09816
1 0 2 81790 0.09448
1 0 2 81699 0.09461
1 0 2 81699 0.09265
1 0 2 81671 0.09153
1 0 2 81522 0.0959
1 0 2 81315 0.0926
1 0 2 81226 0.09224
1 0 2 81075 0.1206
1 0 2 81020 0.09414
1 0 2 80749 0.09466
1 0 2 80620 0.09595
1 0 2 80532 0.1176
1 0 2 80490 0.09133
1 0 2 80471 0.09347
1 0 2 80075 0.09421
1 0 2 79972 0.09593
1 0 2 79718 0.1168
1 0 2 79390 0.09318
1 0 2 79269 0.09276
1 0 2 78969 0.09101
1 0 2 78969 0.08989
1 0 2 78374 0.1168
1 0 2 78370 0.09098
1 0 2 78157 0.1161
1 0 2 77804 0.1174
1 0 2 77761 0.09458
1 0 2 77588 0.1155
1 0 2 77488 0.08938
1 0 2 77255 0.117
1 0 2 77255 0.1167
1 0 2 77188 0.121
1 0 2 76726 0.08909
1 0 2 76536 0.09434
1 0 2 76519 0.1169
1 0 2 76362 0.0903
1 0 2 76254 0.09097
1 0 2 76099 0.09345
1 0 2 75934 0.1124
1 0 2 75898 0.1179
1 0 2 75828 0.08904
1 0 2 75322 0.08941
1 0 2 75322 0.08852
1 0 2 75000 0.05444
1 0 2 75000 0.06123
1 0 2 75000 0.05583
1 0 2 75000 0.06085
1 0 2 75000 0.05562
1 0 2 75000 0.06166
1 0 2 75000 0.059
1 0 2 75000 0.0587
1 0 2 75000 0.06098
1 0 2 75000 0.05768
1 0 2 75000 0.06178
1 0 2 75000 0.09958
1 0 2 75000 0.09705
1 0 2 75000 0.08624
1 0 2 75000 0.05756
1 0 2 75000 0.06171
1 0 2 74578 0.08663
1 0 2 74578 0.08533
1 0 2 73888 0.08511
1 0 2 73888 0.08545
1 0 2 73182 0.11
1 0 2 72501 0.1108
1 0 2 72501 0.1114
1 0 2 71947 0.08558
1 0 2 71940 0.1102
1 0 2 71348 0.08212
1 0 2 70869 0.1079
1 0 2 67534 0.08175
1 0 2 53392 0.09251
1 0 2 53392 0.06725
1 0 2 53389 0.06798
1 0 2 53382 0.06554
1 0 2 53379 0.06781
1 0 2 53375 0.06737
1 0 2 53372 0.09135
1 0 2 53371 0.0677
1 0 2 53369 0.09216
1 0 2 53360 0.06346
1 0 2 53347 0.06548
1 0 2 53347 0.06569
1 0 2 53332 0.06699
1 0 2 53330 0.0658
1 0 2 53327 0.06705
1 0 2 53324 0.06681
1 0 2 53317 0.06359
1 0 2 53301 0.06557
1 0 2 53293 0.06517
1 0 2 53292 0.06807
1 0 2 53277 0.06601
1 0 2 53274 0.06721
1 0 2 53263 0.06661
1 0 2 53251 0.0642
1 0 2 53244 0.06478
1 0 2 53232 0.06597
1 0 2 53230 0.06338
1 0 2 53228 0.06485
1 0 2 53213 0.06292
1 0 2 53210 0.06637
1 0 2 53177 0.09095
1 0 2 53169 0.06647
1 0 2 53167 0.06732
1 0 2 53167 0.06608
1 0 2 53148 0.06516
1 0 2 53143 0.06385
1 0 2 53133 0.0616
1 0 2 53125 0.06341
1 0 2 53108 0.06575
1 0 2 53073 0.06546
1 0 2 52970 0.06682
1 0 2 52953 0.06687
1 0 2 52953 0.06726
1 0 2 52907 0.09079
1 0 2 52794 0.06618
1 0 2 52609 0.0668
1 0 2 52562 0.06606
1 0 2 52418 0.06725
1 0 2 52378 0.09054
1 0 2 52204 0.06605
1 0 2 52088 0.08874
1 0 2 52079 0.06682
1 0 2 52010 0.08952
1 0 2 51660 0.06575
1 0 2 51319 0.06533
1 0 2 51319 0.06454
1 0 2 51311 0.0893
1 0 2 51101 0.0899
1 0 2 50999 0.08942
1 0 2 50973 0.08773
1 0 2 50968 0.06517
1 0 2 50943 0.06097
1 0 2 50755 0.06526
1 0 2 50656 0.06593
1 0 2 50195 0.09071
1 0 2 50195 0.06592
1 0 2 50009 0.06475
1 0 2 50000 0.03756
1 0 2 50000 0.03698
1 0 2 50000 0.03551
1 0 2 50000 0.03473
1 0 2 50000 0.03676
1 0 2 50000 0.03512
1 0 2 50000 0.03389
1 0 2 50000 0.03625
1 0 2 50000 0.03424
1 0 2 50000 0.03449
1 0 2 50000 0.03647
1 0 2 50000 0.03336
1 0 2 50000 0.03518
1 0 2 50000 0.03309
1 0 2 50000 0.03543
1 0 2 50000 0.03358
1 0 2 50000 0.0348
1 0 2 49974 0.06327
1 0 2 49839 0.06204
1 0 2 49726 0.05954
1 0 2 49726 0.05935
1 0 2 49702 0.06214
1 0 2 49452 0.06175
1 0 2 49400 0.08644
1 0 2 49133 0.08255
1 0 2 48774 0.05924
1 0 2 48632 0.05887
1 0 2 48226 0.08315
1 0 2 47966 0.08339
1 0 2 47612 0.08323
1 0 2 47272 0.06021
1 0 2 47053 0.05818
1 0 2 46464 0.05734
1 0 2 36662 0.04588
1 0 2 36662 0.04607
1 0 2 36662 0.06586
1 0 2 36662 0.06548
1 0 2 36662 0.06534
1 0 2 36662 0.0432
1 0 2 36662 0.04523
1 0 2 36662 0.04634
1 0 2 36662 0.04516
1 0 2 36662 0.04411
1 0 2 36657 0.04514
1 0 2 36654 0.04541
1 0 2 36651 0.04563
1 0 2 36647 0.04381
1 0 2 36646 0.04687
1 0 2 36642 0.04636
1 0 2 36638 0.04654
1 0 2 36633 0.04567
1 0 2 36625 0.04349
1 0 2 36620 0.04531
1 0 2 36617 0.04368
1 0 2 36617 0.04421
1 0 2 36613 0.04465
1 0 2 36609 0.04409
1 0 2 36606 0.04298
1 0 2 36602 0.04388
1 0 2 36594 0.04412
1 0 2 36593 0.04401
1 0 2 36587 0.04436
1 0 2 36586 0.04343
1 0 2 36585 0.04388
1 0 2 36580 0.04463
1 0 2 36575 0.04239
1 0 2 36572 0.04567
1 0 2 36569 0.04349
1 0 2 36568 0.04528
1 0 2 36565 0.04553
1 0 2 36552 0.0451
1 0 2 36552 0.04624
1 0 2 36545 0.06473
1 0 2 36545 0.04527
1 0 2 36535 0.04631
1 0 2 36518 0.04351
1 0 2 36509 0.04537
1 0 2 36460 0.04554
1 0 2 36447 0.04325
1 0 2 36324 0.04526
1 0 2 36312 0.0651
1 0 2 36220 0.06485
1 0 2 36209 0.0652
1 0 2 36166 0.06401
1 0 2 36156 0.04649
1 0 2 36004 0.04491
1 0 2 35988 0.04518
1 0 2 35875 0.06515
1 0 2 35875 0.04886
1 0 2 35522 0.04492
1 0 2 35522 0.0429
1 0 2 35262 0.04417
1 0 2 35113 0.04229
1 0 2 35087 0.06532
1 0 2 35021 0.04249
1 0 2 35005 0.04353
1 0 2 35000 0.02407
1 0 2 35000 0.024
1 0 2 35000 0.02354
1 0 2 35000 0.02204
1 0 2 35000 0.0228
1 0 2 35000 0.02196
1 0 2 35000 0.02233
1 0 2 35000 0.02199
1 0 2 35000 0.02235
1 0 2 35000 0.02204
1 0 2 35000 0.02304
1 0 2 35000 0.02196
1 0 2 35000 0.02244
1 0 2 35000 0.02167
1 0 2 35000 0.02228
1 0 2 35000 0.02238
1 0 2 35000 0.0225
1 0 2 34903 0.04381
1 0 2 34715 0.04258
1 0 2 34715 0.04217
1 0 2 34650 0.0613
1 0 2 34650 0.04274
1 0 2 34489 0.04339
1 0 2 34489 0.04314
1 0 2 34423 0.04094
1 0 2 34387 0.06128
1 0 2 34319 0.04051
1 0 2 33862 0.06014
1 0 2 33862 0.04164
1 0 2 33862 0.04176
1 0 2 33759 0.03932
1 0 2 33687 0.05954
1 0 2 33687 0.05954
1 0 2 33687 0.04134
1 0 2 33687 0.04122
1 0 2 33566 0.0403
1 0 2 33435 0.03824
1 0 2 25846 0.02984
1 0 2 25845 0.0295
1 0 2 25844 0.04803
1 0 2 25844 0.03043
1 0 2 25842 0.02937
1 0 2 25841 0.04741
1 0 2 25840 0.02978
1 0 2 25839 0.02957
1 0 2 25839 0.0297
1 0 2 25838 0.02978
1 0 2 25837 0.0283
1 0 2 25837 0.02929
1 0 2 25836 0.02911
1 0 2 25835 0.02781
1 0 2 25833 0.02873
1 0 2 25829 0.02964
1 0 2 25829 0.03107
1 0 2 25827 0.02976
1 0 2 25826 0.02883
1 0 2 25825 0.03034
1 0 2 25820 0.02954
1 0 2 25817 0.02692
1 0 2 25816 0.02861
1 0 2 25816 0.02747
1 0 2 25815 0.02876
1 0 2 25815 0.02915
1 0 2 25814 0.0272
1 0 2 25809 0.02792
1 0 2 25807 0.04703
1 0 2 25807 0.02742
1 0 2 25806 0.02881
1 0 2 25805 0.02911
1 0 2 25803 0.02901
1 0 2 25797 0.02871
1 0 2 25790 0.02832
1 0 2 25789 0.02868
1 0 2 25787 0.02852
1 0 2 25778 0.0272
1 0 2 25774 0.02756
1 0 2 25771 0.02882
1 0 2 25771 0.02764
1 0 2 25752 0.02997
1 0 2 25745 0.02884
1 0 2 25740 0.02833
1 0 2 25736 0.04725
1 0 2 25729 0.02743
1 0 2 25728 0.03027
1 0 2 25709 0.04738
1 0 2 25701 0.04768
1 0 2 25698 0.03034
1 0 2 25683 0.0274
1 0 2 25615 0.04803
1 0 2 25456 0.04701
1 0 2 25456 0.04725
1 0 2 25370 0.02973
1 0 2 25280 0.0289
1 0 2 25255 0.04656
1 0 2 25222 0.04611
1 0 2 25173 0.0299
1 0 2 25134 0.02892
1 0 2 25134 0.02854
1 0 2 25049 0.0284
1 0 2 25005 0.02789
1 0 2 25000 0.04595
1 0 2 25000 0.01039
1 0 2 25000 0.01025
1 0 2 25000 0.01017
1 0 2 25000 0.01037
1 0 2 25000 0.01018
1 0 2 25000 0.01013
1 0 2 25000 0.01018
1 0 2 25000 0.01027
1 0 2 25000 0.01007
1 0 2 25000 0.01042
1 0 2 25000 0.01024
1 0 2 25000 0.0101
1 0 2 25000 0.01051
1 0 2 25000 0.01004
1 0 2 25000 0.01038
1 0 2 25000 0.01018
1 0 2 25000 0.01023
1 0 2 24949 0.02659
1 0 2 24949 0.02667
1 0 2 24925 0.0458
1 0 2 24920 0.04616
1 0 2 24910 0.04625
1 0 2 24899 0.0282
1 0 2 24700 0.04628
1 0 2 24700 0.04667
1 0 2 24513 0.04516
1 0 2 24513 0.04547
1 0 2 24468 0.02847
1 0 2 24468 0.02842
1 0 2 24424 0.02902
1 0 2 24421 0.04521
1 0 2 24408 0.02773
1 0 2 24252 0.02757
1 0 2 24190 0.04523
1 0 2 24190 0.0289
1 0 2 24143 0.02728
1 0 2 15304 0.0187
1 0 2 15303 0.01806
1 0 2 15303 0.01809
1 0 2 15303 0.01852
1 0 2 15303 0.01831
1 0 2 15302 0.01792
1 0 2 15302 0.01835
1 0 2 15302 0.01882
1 0 2 15302 0.01766
1 0 2 15302 0.01858
1 0 2 15301 0.01833
1 0 2 15301 0.01828
1 0 2 15300 0.01862
1 0 2 15300 0.0184
1 0 2 15300 0.01848
1 0 2 15299 0.01891
1 0 2 15299 0.01888
1 0 2 15299 0.01756
1 0 2 15298 0.0183
1 0 2 15298 0.0184
1 0 2 15298 0.01847
1 0 2 15298 0.01875
1 0 2 15298 0.01887
1 0 2 15298 0.01788
1 0 2 15297 0.02904
1 0 2 15297 0.01794
1 0 2 15296 0.0183
1 0 2 15296 0.01687
1 0 2 15296 0.01882
1 0 2 15295 0.02899
1 0 2 15294 0.01868
1 0 2 15294 0.01986
1 0 2 15293 0.01916
1 0 2 15291 0.02005
1 0 2 15291 0.03041
1 0 2 15291 0.02012
1 0 2 15289 0.01987
1 0 2 15288 0.0195
1 0 2 15288 0.01913
1 0 2 15287 0.01956
1 0 2 15284 0.01989
1 0 2 15284 0.02041
1 0 2 15283 0.03097
1 0 2 15283 0.01942
1 0 2 15279 0.01933
1 0 2 15277 0.02007
1 0 2 15271 0.03055
1 0 2 15268 0.01948
1 0 2 15267 0.01997
1 0 2 15265 0.02044
1 0 2 15263 0.02045
1 0 2 15260 0.01914
1 0 2 15251 0.01982
1 0 2 15232 0.02114
1 0 2 15225 0.01924
1 0 2 15220 0.01957
1 0 2 15201 0.02051
1 0 2 15151 0.02039
1 0 2 15136 0.03115
1 0 2 15101 0.02094
1 0 2 15074 0.02032
1 0 2 15063 0.01918
1 0 2 15045 0.01941
1 0 2 15033 0.03054
1 0 2 15016 0.0308
1 0 2 15000 0.009082
1 0 2 15000 0.008188
1 0 2 15000 0.008582
1 0 2 15000 0.008712
1 0 2 15000 0.008847
1 0 2 15000 0.008591
1 0 2 15000 0.008744
1 0 2 15000 0.008754
1 0 2 15000 0.00859
1 0 2 15000 0.00875
1 0 2 15000 0.008432
1 0 2 15000 0.008196
1 0 2 15000 0.008657
1 0 2 15000 0.008937
1 0 2 15000 0.008181
1 0 2 15000 0.008623
1 0 2 15000 0.008758
1 0 2 14994 0.03016
1 0 2 14993 0.03045
1 0 2 14978 0.01979
1 0 2 14974 0.01982
1 0 2 14935 0.0192
1 0 2 14912 0.03014
1 0 2 14904 0.02002
1 0 2 14875 0.01996
1 0 2 14875 0.02008
1 0 2 14829 0.01926
1 0 2 14808 0.01965
1 0 2 14807 0.02992
1 0 2 14790 0.01968
1 0 2 14766 0.02986
1 0 2 14757 0.01942
1 0 2 14738 0.02011
1 0 2 14734 0.02985
1 0 2 14732 0.01968
1 0 2 10135 0.02063
1 0 2 10135 0.01327
1 0 2 10135 0.01373
1 0 2 10135 0.01366
1 0 2 10134 0.01393
1 0 2 10134 0.01384
1 0 2 10134 0.01326
1 0 2 10134 0.01358
1 0 2 10134 0.01369
1 0 2 10133 0.01367
1 0 2 10133 0.01371
1 0 2 10133 0.01455
1 0 2 10133 0.01393
1 0 2 10132 0.01389
1 0 2 10132 0.01392
1 0 2 10132 0.01406
1 0 2 10132 0.01332
1 0 2 10131 0.01356
1 0 2 10131 0.01357
1 0 2 10131 0.01389
1 0 2 10131 0.01383
1 0 2 10130 0.01387
1 0 2 10130 0.0142
1 0 2 10130 0.01329
1 0 2 10130 0.01344
1 0 2 10130 0.01433
1 0 2 10129 0.01359
1 0 2 10129 0.01395
1 0 2 10128 0.01381
1 0 2 10128 0.01362
1 0 2 10128 0.01378
1 0 2 10128 0.01274
1 0 2 10127 0.01354
1 0 2 10127 0.01355
1 0 2 10126 0.01419
1 0 2 10126 0.01335
1 0 2 10125 0.01314
1 0 2 10125 0.01441
1 0 2 10124 0.01426
1 0 2 10124 0.01477
1 0 2 10123 0.01313
1 0 2 10123 0.01397
1 0 2 10122 0.01419
1 0 2 10121 0.0139
1 0 2 10121 0.01356
1 0 2 10121 0.01409
1 0 2 10117 0.01374
1 0 2 10113 0.01397
1 0 2 10112 0.02076
1 0 2 10108 0.02085
1 0 2 10097 0.01448
1 0 2 10092 0.01383
1 0 2 10091 0.01417
1 0 2 10086 0.021
1 0 2 10083 0.01417
1 0 2 10083 0.01432
1 0 2 10061 0.02076
1 0 2 10050 0.0207
1 0 2 10050 0.02068
1 0 2 10041 0.01371
1 0 2 10031 0.01296
1 0 2 10030 0.01366
1 0 2 10021 0.0141
1 0 2 10012 0.02058
1 0 2 10003 0.0136
1 0 2 10002 0.01402
1 0 2 10000 0.006233
1 0 2 10000 0.006172
1 0 2 10000 0.006389
1 0 2 10000 0.006169
1 0 2 10000 0.006159
1 0 2 10000 0.006148
1 0 2 10000 0.006069
1 0 2 10000 0.006329
1 0 2 10000 0.006201
1 0 2 10000 0.006332
1 0 2 10000 0.00599
1 0 2 10000 0.005326
1 0 2 10000 0.005296
1 0 2 10000 0.005346
1 0 2 10000 0.005341
1 0 2 10000 0.0052
1 0 2 10000 0.00538
1 0 2 10000 0.0123
1 0 2 9988 0.01253
1 0 2 9985 0.01249
1 0 2 9984 0.01962
1 0 2 9970 0.01978
1 0 2 9958 0.01294
1 0 2 9958 0.01297
1 0 2 9947 0.01276
1 0 2 9946 0.01312
1 0 2 9931 0.01958
1 0 2 9931 0.01961
1 0 2 9914 0.01322
1 0 2 9914 0.01302
1 0 2 9890 0.0131
1 0 2 9869 0.01964
1 0 2 9869 0.01305
1 0 2 9859 0.01256
1 0 3 128426 0.201
1 0 3 128370 0.2797
1 0 3 128340 0.1979
1 0 3 127624 0.1906
1 0 3 127604 0.1906
1 0 3 127545 0.2011
1 0 3 127389 0.1955
1 0 3 127317 0.1939
1 0 3 127168 0.1902
1 0 3 127150 0.1878
1 0 3 127062 0.1829
1 0 3 127043 0.1867
1 0 3 126984 0.185
1 0 3 126909 0.1911
1 0 3 126566 0.1905
1 0 3 125971 0.1809
1 0 3 125547 0.1849
1 0 3 124771 0.1872
1 0 3 124647 0.1968
1 0 3 124414 0.1956
1 0 3 123780 0.1831
1 0 3 123250 0.1855
1 0 3 122492 0.1348
1 0 3 122469 0.1346
1 0 3 121970 0.1322
1 0 3 121758 0.1346
1 0 3 121562 0.1322
1 0 3 121196 0.1326
1 0 3 121085 0.1302
1 0 3 121061 0.1334
1 0 3 120852 0.1331
1 0 3 119971 0.159
1 0 3 119759 0.1326
1 0 3 119464 0.1312
1 0 3 119390 0.1306
1 0 3 119187 0.1303
1 0 3 118797 0.1311
1 0 3 118284 0.1259
1 0 3 117464 0.1553
1 0 3 117314 0.124
1 0 3 117176 0.129
1 0 3 116068 0.1524
1 0 3 114790 0.1214
1 0 3 114744 0.1194
1 0 3 114689 0.1302
1 0 3 114462 0.1527
1 0 3 114226 0.1233
1 0 3 114146 0.1286
1 0 3 114083 0.1237
1 0 3 113417 0.1519
1 0 3 113368 0.1259
1 0 3 113026 0.1513
1 0 3 112059 0.1486
1 0 3 112024 0.1193
1 0 3 111388 0.1184
1 0 3 111245 0.1229
1 0 3 110314 0.1235
1 0 3 110314 0.1241
1 0 3 108909 0.1176
1 0 3 108769 0.1177
1 0 3 108594 0.1168
1 0 3 108021 0.1688
1 0 3 107869 0.1876
1 0 3 107419 0.1778
1 0 3 107419 0.146
1 0 3 106432 0.1222
1 0 3 105576 0.1183
1 0 3 105234 0.1206
1 0 3 105215 0.112
1 0 3 105126 0.1171
1 0 3 105088 0.1182
1 0 3 105063 0.1198
1 0 3 105033 0.1173
1 0 3 104935 0.12
1 0 3 104904 0.1165
1 0 3 104867 0.1188
1 0 3 104765 0.1166
1 0 3 104765 0.117
1 0 3 104656 0.1172
1 0 3 104650 0.1131
1 0 3 104623 0.1127
1 0 3 104621 0.1147
1 0 3 104567 0.1194
1 0 3 104546 0.1178
1 0 3 104453 0.1153
1 0 3 104391 0.1134
1 0 3 104388 0.1163
1 0 3 104335 0.1147
1 0 3 104255 0.1062
1 0 3 103898 0.1134
1 0 3 103865 0.1146
1 0 3 103700 0.1167
1 0 3 103620 0.1154
1 0 3 103568 0.1145
1 0 3 103378 0.1151
1 0 3 103001 0.1191
1 0 3 102994 0.116
1 0 3 102517 0.1155
1 0 3 102517 0.1143
1 0 3 101278 0.1113
1 0 3 101225 0.1154
1 0 3 101039 0.1118
1 0 3 100956 0.1134
1 0 3 100735 0.1
1 0 3 100156 0.1141
1 0 3 100000 0.08655
1 0 3 100000 0.07836
1 0 3 100000 0.08741
1 0 3 100000 0.08117
1 0 3 100000 0.08326
1 0 3 100000 0.08983
1 0 3 100000 0.08511
1 0 3 100000 0.08078
1 0 3 100000 0.08212
1 0 3 100000 0.08763
1 0 3 100000 0.08904
1 0 3 100000 0.08493
1 0 3 100000 0.07868
1 0 3 100000 0.08405
1 0 3 100000 0.08746
1 0 3 100000 0.08935
1 0 3 100000 0.08488
1 0 3 99970 0.1381
1 0 3 99950 0.1389
1 0 3 99573 0.1177
1 0 3 99538 0.1123
1 0 3 99132 0.1448
1 0 3 98970 0.1151
1 0 3 98191 0.1339
1 0 3 97832 0.1114
1 0 3 97701 0.1082
1 0 3 97449 0.1089
1 0 3 97360 0.1126
1 0 3 97359 0.109
1 0 3 97101 0.1093
1 0 3 96849 0.1085
1 0 3 96742 0.1099
1 0 3 96142 0.1347
1 0 3 96123 0.1386
1 0 3 96019 0.1361
1 0 3 95344 0.1349
1 0 3 95103 0.1283
1 0 3 94921 0.1084
1 0 3 94916 0.136
1 0 3 94145 0.1024
1 0 3 94145 0.1022
1 0 3 93710 0.105
1 0 3 92897 0.1285
1 0 3 92520 0.1008
1 0 3 92478 0.1027
1 0 3 92473 0.1302
1 0 3 92028 0.1034
1 0 3 91867 0.1013
1 0 3 91810 0.1006
1 0 3 91757 0.0986
1 0 3 91162 0.129
1 0 3 90857 0.1045
1 0 3 90738 0.1036
1 0 3 90663 0.09927
1 0 3 90630 0.1211
1 0 3 90548 0.09835
1 0 3 90546 0.1025
1 0 3 90506 0.1009
1 0 3 90501 0.09896
1 0 3 90441 0.09969
1 0 3 90422 0.1022
1 0 3 90416 0.09844
1 0 3 90391 0.1019
1 0 3 90376 0.1017
1 0 3 90357 0.1005
1 0 3 90319 0.09592
1 0 3 90280 0.1246
1 0 3 90255 0.0949
1 0 3 90178 0.09856
1 0 3 90174 0.1009
1 0 3 90114 0.09782
1 0 3 90083 0.09896
1 0 3 90057 0.09752
1 0 3 89970 0.09979
1 0 3 89945 0.09919
1 0 3 89938 0.09873
1 0 3 89880 0.101
1 0 3 89848 0.09946
1 0 3 89841 0.09993
1 0 3 89838 0.1003
1 0 3 89780 0.09751
1 0 3 89761 0.0984
1 0 3 89750 0.1008
1 0 3 89687 0.09752
1 0 3 89588 0.09971
1 0 3 89473 0.09938
1 0 3 89448 0.1006
1 0 3 89406 0.09787
1 0 3 89371 0.09801
1 0 3 89187 0.09829
1 0 3 89187 0.09781
1 0 3 88972 0.1005
1 0 3 88953 0.09904
1 0 3 88655 0.1225
1 0 3 88443 0.09854
1 0 3 88422 0.1237
1 0 3 88033 0.09508
1 0 3 87981 0.09468
1 0 3 87871 0.09155
1 0 3 87678 0.09355
1 0 3 87677 0.1213
1 0 3 87287 0.09765
1 0 3 86998 0.09618
1 0 3 86960 0.09624
1 0 3 86733 0.1219
1 0 3 86650 0.09805
1 0 3 86044 0.1219
1 0 3 85997 0.1199
1 0 3 85716 0.1196
1 0 3 85302 0.1187
1 0 3 85149 0.0929
1 0 3 85014 0.1207
1 0 3 85000 0.06756
1 0 3 85000 0.06843
1 0 3 85000 0.06988
1 0 3 85000 0.06962
1 0 3 85000 0.06769
1 0 3 85000 0.07008
1 0 3 85000 0.07194
1 0 3 85000 0.07184
1 0 3 85000 0.07194
1 0 3 85000 0.07112
1 0 3 85000 0.07123
1 0 3 85000 0.07074
1 0 3 85000 0.07005
1 0 3 85000 0.06905
1 0 3 85000 0.07165
1 0 3 85000 0.07022
1 0 3 85000 0.06931
1 0 3 84903 0.09729
1 0 3 84753 0.1213
1 0 3 84687 0.09574
1 0 3 84368 0.1212
1 0 3 84368 0.119
1 0 3 83768 0.09395
1 0 3 83768 0.09375
1 0 3 83712 0.09638
1 0 3 83628 0.1187
1 0 3 83015 0.1185
1 0 3 82895 0.09314
1 0 3 82179 0.09265
1 0 3 81771 0.09187
1 0 3 81750 0.09179
1 0 3 81529 0.09345
1 0 3 81164 0.09315
1 0 3 81072 0.1185
1 0 3 80873 0.09029
1 0 3 80811 0.1175
1 0 3 80789 0.0916
1 0 3 80746 0.09108
1 0 3 80640 0.09362
1 0 3 80618 0.1149
1 0 3 80603 0.09224
1 0 3 79343 0.08971
1 0 3 79170 0.0907
1 0 3 78934 0.08836
1 0 3 78687 0.08441
1 0 3 78467 0.09086
1 0 3 78465 0.1158
1 0 3 78243 0.1167
1 0 3 77768 0.0881
1 0 3 77742 0.08877
1 0 3 77676 0.1128
1 0 3 76929 0.115
1 0 3 76210 0.1363
1 0 3 75917 0.1358
1 0 3 75858 0.1111
1 0 3 75127 0.1361
1 0 3 75113 0.1122
1 0 3 75000 0.08684
1 0 3 75000 0.08563
1 0 3 75000 0.08826
1 0 3 75000 0.08755
1 0 3 75000 0.08412
1 0 3 75000 0.08465
1 0 3 75000 0.08502
1 0 3 75000 0.08474
1 0 3 75000 0.08683
1 0 3 75000 0.08523
1 0 3 75000 0.08528
1 0 3 75000 0.08149
1 0 3 75000 0.08558
1 0 3 75000 0.08483
1 0 3 75000 0.08646
1 0 3 75000 0.08577
1 0 3 73432 0.1087
1 0 3 73193 0.1316
1 0 3 73153 0.1111
1 0 3 72902 0.1302
1 0 3 72579 0.1081
1 0 3 71656 0.1057
1 0 3 71321 0.1061
1 0 3 70566 0.08631
1 0 3 69409 0.1067
1 0 3 68474 0.1048
1 0 3 56967 0.07045
1 0 3 56944 0.06819
1 0 3 56915 0.06781
1 0 3 56866 0.06709
1 0 3 56862 0.069
1 0 3 56855 0.06883
1 0 3 56846 0.06751
1 0 3 56840 0.07015
1 0 3 56828 0.0679
1 0 3 56820 0.06831
1 0 3 56801 0.06958
1 0 3 56765 0.06931
1 0 3 56762 0.0655
1 0 3 56741 0.06936
1 0 3 56731 0.06712
1 0 3 56715 0.06725
1 0 3 56697 0.06765
1 0 3 56676 0.06735
1 0 3 56650 0.06834
1 0 3 56639 0.06547
1 0 3 56615 0.06797
1 0 3 56609 0.06853
1 0 3 56600 0.06564
1 0 3 56591 0.06752
1 0 3 56587 0.06658
1 0 3 56548 0.06787
1 0 3 56538 0.06709
1 0 3 56488 0.0666
1 0 3 56412 0.06948
1 0 3 56387 0.0666
1 0 3 56312 0.06753
1 0 3 56263 0.06801
1 0 3 56231 0.07033
1 0 3 56198 0.06733
1 0 3 55811 0.07097
1 0 3 55758 0.06609
1 0 3 55683 0.0677
1 0 3 55579 0.0671
1 0 3 55355 0.06924
1 0 3 55104 0.06722
1 0 3 54918 0.06708
1 0 3 54776 0.06631
1 0 3 54153 0.06726
1 0 3 54004 0.06386
1 0 3 53592 0.06863
1 0 3 53572 0.06613
1 0 3 53510 0.06416
1 0 3 53495 0.06422
1 0 3 53303 0.06726
1 0 3 53246 0.06618
1 0 3 53242 0.08915
1 0 3 53237 0.06568
1 0 3 53176 0.06539
1 0 3 53089 0.06423
1 0 3 52989 0.06259
1 0 3 52737 0.06613
1 0 3 52663 0.08949
1 0 3 52652 0.09043
1 0 3 52580 0.06585
1 0 3 52549 0.06381
1 0 3 52162 0.08733
1 0 3 51906 0.06483
1 0 3 51715 0.08777
1 0 3 51498 0.08627
1 0 3 51173 0.08722
1 0 3 51100 0.06211
1 0 3 50967 0.06145
1 0 3 50828 0.08612
1 0 3 50779 0.06393
1 0 3 50368 0.06092
1 0 3 50261 0.06131
1 0 3 50243 0.08553
1 0 3 50176 0.06133
1 0 3 50020 0.08588
1 0 3 50000 0.0339
1 0 3 50000 0.03365
1 0 3 50000 0.03401
1 0 3 50000 0.03409
1 0 3 50000 0.03355
1 0 3 50000 0.03332
1 0 3 50000 0.03358
1 0 3 50000 0.03457
1 0 3 50000 0.03465
1 0 3 50000 0.03396
1 0 3 50000 0.03397
1 0 3 50000 0.03411
1 0 3 50000 0.03419
1 0 3 50000 0.03329
1 0 3 50000 0.03423
1 0 3 50000 0.03399
1 0 3 50000 0.03403
1 0 3 49767 0.06055
1 0 3 49130 0.06081
1 0 3 49011 0.08241
1 0 3 48837 0.08341
1 0 3 48640 0.05989
1 0 3 48533 0.05912
1 0 3 48292 0.05931
1 0 3 47828 0.08116
1 0 3 45846 0.0784
1 0 3 38398 0.0461
1 0 3 38398 0.06629
1 0 3 38391 0.04581
1 0 3 38391 0.04764
1 0 3 38364 0.04711
1 0 3 38361 0.04853
1 0 3 38342 0.04462
1 0 3 38335 0.04603
1 0 3 38301 0.04762
1 0 3 38301 0.04605
1 0 3 38274 0.04677
1 0 3 38274 0.04676
1 0 3 38268 0.04574
1 0 3 38265 0.04749
1 0 3 38256 0.04748
1 0 3 38255 0.04543
1 0 3 38250 0.04507
1 0 3 38248 0.04494
1 0 3 38236 0.04595
1 0 3 38235 0.0458
1 0 3 38219 0.04504
1 0 3 38216 0.0444
1 0 3 38210 0.04455
1 0 3 38201 0.04555
1 0 3 38192 0.04592
1 0 3 38182 0.04595
1 0 3 38154 0.04681
1 0 3 38146 0.04423
1 0 3 38133 0.04674
1 0 3 38120 0.04479
1 0 3 38070 0.0445
1 0 3 38005 0.0448
1 0 3 37930 0.06617
1 0 3 37835 0.04713
1 0 3 37708 0.04479
1 0 3 37679 0.04535
1 0 3 37522 0.0654
1 0 3 37423 0.04583
1 0 3 37226 0.06561
1 0 3 37171 0.04527
1 0 3 37129 0.04556
1 0 3 36936 0.04496
1 0 3 36932 0.04509
1 0 3 36913 0.04398
1 0 3 36840 0.04597
1 0 3 36694 0.04564
1 0 3 36644 0.04241
1 0 3 36548 0.04483
1 0 3 36533 0.04347
1 0 3 36499 0.04446
1 0 3 36433 0.04375
1 0 3 36371 0.04407
1 0 3 36123 0.04452
1 0 3 36024 0.0455
1 0 3 35960 0.04407
1 0 3 35877 0.0446
1 0 3 35808 0.06468
1 0 3 35734 0.0449
1 0 3 35686 0.04489
1 0 3 35499 0.04518
1 0 3 35415 0.04405
1 0 3 35407 0.06275
1 0 3 35369 0.0639
1 0 3 35304 0.044
1 0 3 35271 0.04163
1 0 3 35163 0.04394
1 0 3 35118 0.04363
1 0 3 35099 0.06363
1 0 3 35000 0.02265
1 0 3 35000 0.0218
1 0 3 35000 0.02204
1 0 3 35000 0.02188
1 0 3 35000 0.0224
1 0 3 35000 0.02254
1 0 3 35000 0.02179
1 0 3 35000 0.02198
1 0 3 35000 0.02213
1 0 3 35000 0.02201
1 0 3 35000 0.02202
1 0 3 35000 0.02226
1 0 3 35000 0.0216
1 0 3 35000 0.02239
1 0 3 35000 0.02193
1 0 3 35000 0.02208
1 0 3 35000 0.02176
1 0 3 34993 0.04432
1 0 3 34969 0.04409
1 0 3 34934 0.04191
1 0 3 34265 0.06227
1 0 3 34265 0.06191
1 0 3 34107 0.04023
1 0 3 34088 0.04158
1 0 3 34081 0.04235
1 0 3 34048 0.06074
1 0 3 33621 0.05947
1 0 3 33125 0.04037
1 0 3 33115 0.05934
1 0 3 32697 0.03737
1 0 3 32413 0.03851
1 0 3 32413 0.03855
1 0 3 26718 0.0311
1 0 3 26712 0.03122
1 0 3 26708 0.03096
1 0 3 26708 0.03082
1 0 3 26700 0.03135
1 0 3 26697 0.02932
1 0 3 26693 0.03038
1 0 3 26690 0.03127
1 0 3 26684 0.03029
1 0 3 26678 0.03096
1 0 3 26677 0.02962
1 0 3 26672 0.0294
1 0 3 26671 0.02951
1 0 3 26669 0.02904
1 0 3 26669 0.02895
1 0 3 26668 0.02958
1 0 3 26666 0.03151
1 0 3 26663 0.02999
1 0 3 26662 0.03005
1 0 3 26659 0.03064
1 0 3 26654 0.0289
1 0 3 26645 0.02792
1 0 3 26645 0.02791
1 0 3 26643 0.02965
1 0 3 26632 0.02918
1 0 3 26630 0.03076
1 0 3 26628 0.03199
1 0 3 26620 0.02883
1 0 3 26594 0.0283
1 0 3 26590 0.02857
1 0 3 26583 0.02923
1 0 3 26571 0.02753
1 0 3 26565 0.02963
1 0 3 26555 0.03063
1 0 3 26541 0.02785
1 0 3 26471 0.03059
1 0 3 26467 0.02821
1 0 3 26460 0.03063
1 0 3 26442 0.04745
1 0 3 26301 0.02961
1 0 3 26271 0.03094
1 0 3 26231 0.02898
1 0 3 26112 0.03032
1 0 3 26112 0.03022
1 0 3 26029 0.04877
1 0 3 25998 0.02939
1 0 3 25998 0.0292
1 0 3 25969 0.03107
1 0 3 25918 0.04755
1 0 3 25844 0.0292
1 0 3 25832 0.02987
1 0 3 25739 0.0298
1 0 3 25701 0.02975
1 0 3 25686 0.02736
1 0 3 25597 0.02965
1 0 3 25576 0.04782
1 0 3 25498 0.02929
1 0 3 25479 0.02843
1 0 3 25312 0.02836
1 0 3 25312 0.02839
1 0 3 25310 0.02857
1 0 3 25275 0.031
1 0 3 25236 0.0467
1 0 3 25108 0.02886
1 0 3 25030 0.04727
1 0 3 25029 0.02922
1 0 3 25011 0.0296
1 0 3 25000 0.01037
1 0 3 25000 0.01053
1 0 3 25000 0.0105
1 0 3 25000 0.01052
1 0 3 25000 0.01039
1 0 3 25000 0.01043
1 0 3 25000 0.01044
1 0 3 25000 0.01049
1 0 3 25000 0.01043
1 0 3 25000 0.01049
1 0 3 25000 0.01051
1 0 3 25000 0.01038
1 0 3 25000 0.01048
1 0 3 25000 0.01038
1 0 3 25000 0.01037
1 0 3 25000 0.01044
1 0 3 25000 0.01033
1 0 3 24975 0.04612
1 0 3 24962 0.02938
1 0 3 24934 0.02808
1 0 3 24904 0.04638
1 0 3 24809 0.02868
1 0 3 24809 0.02873
1 0 3 24755 0.04572
1 0 3 24701 0.0291
1 0 3 24690 0.0464
1 0 3 24586 0.0464
1 0 3 24433 0.04441
1 0 3 24387 0.02744
1 0 3 24330 0.02778
1 0 3 23953 0.04519
1 0 3 23738 0.02841
1 0 3 23596 0.04385
1 0 3 15614 0.01842
1 0 3 15612 0.01795
1 0 3 15611 0.01937
1 0 3 15610 0.01818
1 0 3 15610 0.01978
1 0 3 15608 0.01849
1 0 3 15608 0.01827
1 0 3 15608 0.01924
1 0 3 15607 0.01837
1 0 3 15606 0.0188
1 0 3 15606 0.0188
1 0 3 15605 0.0187
1 0 3 15604 0.01857
1 0 3 15602 0.01898
1 0 3 15602 0.0192
1 0 3 15602 0.01828
1 0 3 15600 0.01863
1 0 3 15599 0.02973
1 0 3 15597 0.019
1 0 3 15597 0.01947
1 0 3 15596 0.01804
1 0 3 15596 0.01821
1 0 3 15595 0.01914
1 0 3 15594 0.0188
1 0 3 15593 0.01807
1 0 3 15590 0.01774
1 0 3 15590 0.03077
1 0 3 15587 0.01837
1 0 3 15586 0.01945
1 0 3 15585 0.01893
1 0 3 15584 0.0188
1 0 3 15583 0.01819
1 0 3 15582 0.01925
1 0 3 15580 0.01825
1 0 3 15579 0.01936
1 0 3 15578 0.01852
1 0 3 15577 0.01787
1 0 3 15575 0.01869
1 0 3 15572 0.0184
1 0 3 15568 0.01824
1 0 3 15561 0.01917
1 0 3 15555 0.01913
1 0 3 15554 0.0182
1 0 3 15533 0.01897
1 0 3 15530 0.0194
1 0 3 15516 0.01911
1 0 3 15456 0.018
1 0 3 15438 0.01874
1 0 3 15431 0.01812
1 0 3 15394 0.01901
1 0 3 15358 0.0197
1 0 3 15327 0.02968
1 0 3 15303 0.02939
1 0 3 15303 0.0293
1 0 3 15293 0.02951
1 0 3 15219 0.02949
1 0 3 15218 0.01797
1 0 3 15203 0.0182
1 0 3 15183 0.02921
1 0 3 15179 0.02917
1 0 3 15168 0.01823
1 0 3 15150 0.02905
1 0 3 15138 0.01853
1 0 3 15138 0.01858
1 0 3 15109 0.019
1 0 3 15098 0.02927
1 0 3 15097 0.01841
1 0 3 15058 0.02913
1 0 3 15055 0.01781
1 0 3 15034 0.01883
1 0 3 15034 0.0189
1 0 3 15020 0.01852
1 0 3 15015 0.02881
1 0 3 15013 0.01762
1 0 3 15000 0.006834
1 0 3 15000 0.006709
1 0 3 15000 0.006691
1 0 3 15000 0.00668
1 0 3 15000 0.006719
1 0 3 15000 0.00668
1 0 3 15000 0.00667
1 0 3 15000 0.006722
1 0 3 15000 0.006688
1 0 3 15000 0.006681
1 0 3 15000 0.006602
1 0 3 15000 0.006697
1 0 3 15000 0.00663
1 0 3 15000 0.006683
1 0 3 15000 0.006689
1 0 3 15000 0.006674
1 0 3 15000 0.00666
1 0 3 14984 0.02833
1 0 3 14970 0.01796
1 0 3 14842 0.02842
1 0 3 14771 0.01883
1 0 3 14713 0.02814
1 0 3 14640 0.02878
1 0 3 14639 0.01804
1 0 3 14610 0.02887
1 0 3 14458 0.0171
1 0 3 10270 0.01336
1 0 3 10269 0.01333
1 0 3 10269 0.014
1 0 3 10269 0.014
1 0 3 10268 0.01364
1 0 3 10268 0.01371
1 0 3 10267 0.01312
1 0 3 10267 0.01312
1 0 3 10266 0.01375
1 0 3 10266 0.0137
1 0 3 10266 0.01361
1 0 3 10266 0.01272
1 0 3 10266 0.01393
1 0 3 10264 0.01328
1 0 3 10264 0.01325
1 0 3 10264 0.01316
1 0 3 10263 0.01337
1 0 3 10263 0.01269
1 0 3 10262 0.01295
1 0 3 10261 0.01344
1 0 3 10261 0.01384
1 0 3 10260 0.01317
1 0 3 10260 0.01314
1 0 3 10259 0.01364
1 0 3 10259 0.01355
1 0 3 10258 0.01314
1 0 3 10257 0.01334
1 0 3 10257 0.01271
1 0 3 10256 0.01351
1 0 3 10256 0.01392
1 0 3 10255 0.01317
1 0 3 10254 0.01357
1 0 3 10254 0.01318
1 0 3 10252 0.01407
1 0 3 10251 0.01367
1 0 3 10249 0.01398
1 0 3 10244 0.01382
1 0 3 10234 0.01414
1 0 3 10232 0.01384
1 0 3 10231 0.01304
1 0 3 10220 0.01343
1 0 3 10216 0.0132
1 0 3 10211 0.01339
1 0 3 10199 0.01299
1 0 3 10191 0.0131
1 0 3 10171 0.01988
1 0 3 10164 0.01215
1 0 3 10145 0.01299
1 0 3 10137 0.01277
1 0 3 10134 0.01291
1 0 3 10129 0.01257
1 0 3 10125 0.0198
1 0 3 10124 0.01308
1 0 3 10123 0.01219
1 0 3 10119 0.01981
1 0 3 10119 0.01995
1 0 3 10095 0.01291
1 0 3 10095 0.01291
1 0 3 10087 0.01976
1 0 3 10083 0.01331
1 0 3 10078 0.01335
1 0 3 10074 0.01268
1 0 3 10064 0.01968
1 0 3 10055 0.01294
1 0 3 10053 0.0199
1 0 3 10033 0.01975
1 0 3 10033 0.01362
1 0 3 10032 0.01954
1 0 3 10020 0.01992
1 0 3 10007 0.01935
1 0 3 10007 0.01929
1 0 3 10003 0.01968
1 0 3 10000 0.005373
1 0 3 10000 0.005286
1 0 3 10000 0.005282
1 0 3 10000 0.005375
1 0 3 10000 0.005337
1 0 3 10000 0.005268
1 0 3 10000 0.00531
1 0 3 10000 0.00524
1 0 3 10000 0.005406
1 0 3 10000 0.005209
1 0 3 10000 0.005291
1 0 3 10000 0.005201
1 0 3 10000 0.005337
1 0 3 10000 0.005319
1 0 3 10000 0.005278
1 0 3 10000 0.005261
1 0 3 9995 0.01288
1 0 3 9995 0.01293
1 0 3 9989 0.01282
1 0 3 9975 0.01902
1 0 3 9958 0.01304
1 0 3 9948 0.01942
1 0 3 9944 0.01313
1 0 3 9941 0.01272
1 0 3 9930 0.01274
1 0 3 9908 0.01986
1 0 3 9898 0.01322
1 0 3 9882 0.01944
1 0 4 144427 0.1973
1 0 4 144427 0.1972
1 0 4 144102 0.2023
1 0 4 144093 0.2025
1 0 4 144035 0.2046
1 0 4 143892 0.2009
1 0 4 143466 0.1996
1 0 4 143204 0.2016
1 0 4 142783 0.1942
1 0 4 142783 0.1942
1 0 4 142500 0.2079
1 0 4 142189 0.2013
1 0 4 141319 0.2094
1 0 4 140989 0.2016
1 0 4 140880 0.2048
1 0 4 140792 0.2035
1 0 4 139851 0.2021
1 0 4 139279 0.1955
1 0 4 139183 0.2045
1 0 4 137974 0.1963
1 0 4 137916 0.2013
1 0 4 137688 0.1959
1 0 4 136931 0.1964
1 0 4 136788 0.1976
1 0 4 136580 0.1922
1 0 4 135951 0.1979
1 0 4 135938 0.2856
1 0 4 134828 0.201
1 0 4 134162 0.1938
1 0 4 133345 0.1949
1 0 4 133253 0.1949
1 0 4 132951 0.203
1 0 4 132018 0.1957
1 0 4 131819 0.1893
1 0 4 130870 0.1972
1 0 4 130520 0.194
1 0 4 128623 0.1757
1 0 4 128216 0.1831
1 0 4 127087 0.2682
1 0 4 126223 0.1872
1 0 4 125868 0.1849
1 0 4 124378 0.1799
1 0 4 123085 0.1845
1 0 4 122883 0.1848
1 0 4 121795 0.1289
1 0 4 121315 0.1276
1 0 4 121299 0.1298
1 0 4 121121 0.1272
1 0 4 120679 0.1557
1 0 4 120451 0.1541
1 0 4 119058 0.1267
1 0 4 118016 0.1239
1 0 4 117999 0.1514
1 0 4 117807 0.1216
1 0 4 117127 0.1243
1 0 4 116997 0.1225
1 0 4 116907 0.1211
1 0 4 116712 0.1202
1 0 4 116647 0.1211
1 0 4 116510 0.1157
1 0 4 116402 0.1203
1 0 4 116278 0.1194
1 0 4 116191 0.1101
1 0 4 116016 0.122
1 0 4 116016 0.122
1 0 4 115904 0.119
1 0 4 115751 0.1204
1 0 4 115713 0.1194
1 0 4 115701 0.1225
1 0 4 115600 0.1206
1 0 4 115502 0.1222
1 0 4 115502 0.1223
1 0 4 115215 0.1203
1 0 4 114939 0.1225
1 0 4 114710 0.1163
1 0 4 114364 0.1215
1 0 4 114325 0.1502
1 0 4 114234 0.1225
1 0 4 114195 0.1207
1 0 4 114020 0.1207
1 0 4 113599 0.1122
1 0 4 113017 0.1175
1 0 4 112943 0.1446
1 0 4 111711 0.1081
1 0 4 111462 0.1206
1 0 4 111207 0.1456
1 0 4 111172 0.1461
1 0 4 111100 0.1189
1 0 4 110696 0.1175
1 0 4 110437 0.1148
1 0 4 110417 0.1178
1 0 4 110249 0.1159
1 0 4 109837 0.144
1 0 4 109818 0.1135
1 0 4 109466 0.1162
1 0 4 109313 0.1163
1 0 4 109219 0.1158
1 0 4 108728 0.118
1 0 4 108489 0.1104
1 0 4 108326 0.1438
1 0 4 107947 0.1152
1 0 4 107736 0.116
1 0 4 107732 0.1134
1 0 4 107325 0.114
1 0 4 107060 0.1118
1 0 4 106574 0.1122
1 0 4 106574 0.1121
1 0 4 106388 0.1115
1 0 4 106057 0.1093
1 0 4 106029 0.1111
1 0 4 106018 0.1422
1 0 4 105024 0.1132
1 0 4 104904 0.1062
1 0 4 104825 0.1448
1 0 4 104580 0.112
1 0 4 104537 0.1114
1 0 4 103932 0.1132
1 0 4 103858 0.113
1 0 4 103111 0.1094
1 0 4 102467 0.112
1 0 4 102392 0.1111
1 0 4 102243 0.1105
1 0 4 101801 0.1105
1 0 4 101698 0.1365
1 0 4 100862 0.1362
1 0 4 100862 0.1363
1 0 4 100410 0.1351
1 0 4 100286 0.1056
1 0 4 100000 0.07985
1 0 4 100000 0.07994
1 0 4 100000 0.08007
1 0 4 100000 0.07997
1 0 4 100000 0.07945
1 0 4 100000 0.0807
1 0 4 100000 0.07894
1 0 4 100000 0.07964
1 0 4 100000 0.07975
1 0 4 100000 0.07917
1 0 4 100000 0.07964
1 0 4 100000 0.07987
1 0 4 100000 0.08
1 0 4 100000 0.08014
1 0 4 100000 0.07892
1 0 4 100000 0.07882
1 0 4 99971 0.1048
1 0 4 99578 0.1366
1 0 4 99542 0.1065
1 0 4 99457 0.1065
1 0 4 99423 0.1012
1 0 4 99408 0.1084
1 0 4 99333 0.109
1 0 4 99322 0.1066
1 0 4 99278 0.1071
1 0 4 99264 0.1087
1 0 4 99261 0.1062
1 0 4 99237 0.1081
1 0 4 99234 0.1075
1 0 4 99218 0.1103
1 0 4 99187 0.1142
1 0 4 99111 0.1127
1 0 4 98993 0.1116
1 0 4 98964 0.1089
1 0 4 98909 0.1125
1 0 4 98778 0.1125
1 0 4 98778 0.1117
1 0 4 98663 0.1109
1 0 4 98607 0.1061
1 0 4 98547 0.1086
1 0 4 98526 0.1079
1 0 4 98331 0.11
1 0 4 98299 0.1062
1 0 4 98179 0.1087
1 0 4 98062 0.1058
1 0 4 98056 0.1121
1 0 4 98040 0.1079
1 0 4 97727 0.1012
1 0 4 97727 0.1005
1 0 4 97533 0.1103
1 0 4 97530 0.1111
1 0 4 97364 0.1379
1 0 4 97206 0.1069
1 0 4 96959 0.1002
1 0 4 96959 0.1017
1 0 4 96954 0.1072
1 0 4 96687 0.1067
1 0 4 96588 0.1085
1 0 4 96366 0.1081
1 0 4 96366 0.1075
1 0 4 95949 0.1075
1 0 4 95893 0.1103
1 0 4 95549 0.1093
1 0 4 95427 0.1108
1 0 4 95124 0.109
1 0 4 95051 0.1083
1 0 4 94792 0.1371
1 0 4 94695 0.11
1 0 4 94434 0.1079
1 0 4 94311 0.1052
1 0 4 94311 0.104
1 0 4 93851 0.1348
1 0 4 93811 0.1308
1 0 4 93358 0.1077
1 0 4 93234 0.1319
1 0 4 92179 0.1038
1 0 4 91907 0.1041
1 0 4 91722 0.1299
1 0 4 90797 0.1047
1 0 4 90318 0.1032
1 0 4 90010 0.1029
1 0 4 89639 0.1026
1 0 4 89571 0.1275
1 0 4 88983 0.1025
1 0 4 88825 0.105
1 0 4 88791 0.1281
1 0 4 88758 0.09919
1 0 4 88471 0.1002
1 0 4 88391 0.1021
1 0 4 88326 0.1012
1 0 4 88293 0.1261
1 0 4 87836 0.1039
1 0 4 87836 0.1036
1 0 4 87151 0.1014
1 0 4 86907 0.1031
1 0 4 86488 0.1017
1 0 4 85798 0.104
1 0 4 85798 0.1007
1 0 4 85350 0.1046
1 0 4 85000 0.07826
1 0 4 85000 0.07622
1 0 4 85000 0.07479
1 0 4 85000 0.07738
1 0 4 85000 0.07825
1 0 4 85000 0.07655
1 0 4 85000 0.07163
1 0 4 85000 0.07659
1 0 4 85000 0.07857
1 0 4 85000 0.07744
1 0 4 85000 0.0729
1 0 4 85000 0.06976
1 0 4 85000 0.07466
1 0 4 85000 0.07683
1 0 4 85000 0.07595
1 0 4 85000 0.07424
1 0 4 85000 0.0741
1 0 4 84771 0.1001
1 0 4 84694 0.1217
1 0 4 84402 0.1013
1 0 4 83952 0.09986
1 0 4 83487 0.09337
1 0 4 83383 0.1241
1 0 4 83142 0.1219
1 0 4 83142 0.1196
1 0 4 83122 0.09517
1 0 4 82696 0.1174
1 0 4 82655 0.08961
1 0 4 82301 0.09423
1 0 4 82125 0.1174
1 0 4 81701 0.09417
1 0 4 81507 0.09153
1 0 4 81348 0.09325
1 0 4 80764 0.1172
1 0 4 80591 0.1162
1 0 4 80448 0.1157
1 0 4 80220 0.1172
1 0 4 80124 0.09187
1 0 4 79772 0.1169
1 0 4 79565 0.09166
1 0 4 79562 0.1164
1 0 4 78827 0.09125
1 0 4 78143 0.1127
1 0 4 77965 0.1149
1 0 4 77478 0.1124
1 0 4 76051 0.08851
1 0 4 76046 0.08888
1 0 4 75208 0.1124
1 0 4 75000 0.0598
1 0 4 75000 0.05836
1 0 4 75000 0.05765
1 0 4 75000 0.05853
1 0 4 75000 0.05916
1 0 4 75000 0.05976
1 0 4 75000 0.0578
1 0 4 75000 0.05943
1 0 4 75000 0.05887
1 0 4 75000 0.05809
1 0 4 75000 0.06002
1 0 4 75000 0.06
1 0 4 75000 0.05982
1 0 4 75000 0.05779
1 0 4 75000 0.05692
1 0 4 75000 0.05935
1 0 4 75000 0.05739
1 0 4 74211 0.1106
1 0 4 73812 0.1101
1 0 4 73646 0.08292
1 0 4 72402 0.1077
1 0 4 68858 0.08246
1 0 4 68710 0.08156
1 0 4 68404 0.1051
1 0 4 64984 0.1022
1 0 4 60639 0.07004
1 0 4 60613 0.07267
1 0 4 60605 0.0745
1 0 4 60561 0.0736
1 0 4 60512 0.07295
1 0 4 60504 0.07333
1 0 4 60444 0.07265
1 0 4 60415 0.06894
1 0 4 60365 0.07233
1 0 4 60363 0.07202
1 0 4 60349 0.07257
1 0 4 60334 0.07316
1 0 4 60330 0.07308
1 0 4 60289 0.07227
1 0 4 60273 0.07198
1 0 4 60269 0.07265
1 0 4 60231 0.06995
1 0 4 60192 0.07228
1 0 4 60147 0.07208
1 0 4 60144 0.0731
1 0 4 60056 0.07105
1 0 4 59976 0.07165
1 0 4 59959 0.07177
1 0 4 59939 0.07214
1 0 4 59876 0.07112
1 0 4 59869 0.06953
1 0 4 59839 0.0698
1 0 4 59820 0.07392
1 0 4 59355 0.07348
1 0 4 59279 0.07092
1 0 4 59030 0.0722
1 0 4 59002 0.06978
1 0 4 58622 0.07084
1 0 4 58493 0.07017
1 0 4 57931 0.06925
1 0 4 57824 0.07022
1 0 4 57618 0.07021
1 0 4 57463 0.06946
1 0 4 57313 0.07007
1 0 4 57118 0.06928
1 0 4 56930 0.09486
1 0 4 56852 0.06847
1 0 4 56834 0.09476
1 0 4 56675 0.06915
1 0 4 56621 0.06946
1 0 4 56308 0.06743
1 0 4 56073 0.06789
1 0 4 56068 0.06895
1 0 4 55822 0.06828
1 0 4 55378 0.06848
1 0 4 54894 0.09074
1 0 4 54405 0.06736
1 0 4 53978 0.06633
1 0 4 53805 0.06694
1 0 4 53567 0.06411
1 0 4 53515 0.06685
1 0 4 53361 0.09104
1 0 4 53215 0.0648
1 0 4 53175 0.06483
1 0 4 52986 0.06514
1 0 4 52343 0.0654
1 0 4 52311 0.09077
1 0 4 52232 0.08988
1 0 4 51678 0.06262
1 0 4 50969 0.06194
1 0 4 50969 0.06248
1 0 4 50920 0.08866
1 0 4 50531 0.08692
1 0 4 50461 0.08778
1 0 4 50089 0.08409
1 0 4 50076 0.08653
1 0 4 50000 0.03281
1 0 4 50000 0.03402
1 0 4 50000 0.03334
1 0 4 50000 0.03449
1 0 4 50000 0.03342
1 0 4 50000 0.03416
1 0 4 50000 0.03349
1 0 4 50000 0.03375
1 0 4 50000 0.03414
1 0 4 50000 0.03312
1 0 4 50000 0.03381
1 0 4 50000 0.03341
1 0 4 50000 0.03383
1 0 4 50000 0.03425
1 0 4 50000 0.03318
1 0 4 50000 0.03396
1 0 4 50000 0.03327
1 0 4 49755 0.08517
1 0 4 49696 0.06036
1 0 4 49466 0.06074
1 0 4 49466 0.06084
1 0 4 49407 0.05951
1 0 4 48843 0.06111
1 0 4 48650 0.05929
1 0 4 48524 0.05907
1 0 4 47632 0.08291
1 0 4 47592 0.05926
1 0 4 46281 0.08083
1 0 4 42628 0.07385
1 0 4 40154 0.04971
1 0 4 40150 0.04857
1 0 4 40131 0.04922
1 0 4 40065 0.04732
1 0 4 40061 0.04748
1 0 4 40049 0.04897
1 0 4 40045 0.04938
1 0 4 40031 0.04772
1 0 4 40028 0.04807
1 0 4 40010 0.04721
1 0 4 40008 0.04925
1 0 4 39989 0.04904
1 0 4 39987 0.04841
1 0 4 39970 0.04846
1 0 4 39963 0.04764
1 0 4 39929 0.04927
1 0 4 39916 0.04821
1 0 4 39912 0.04773
1 0 4 39910 0.04751
1 0 4 39883 0.04795
1 0 4 39850 0.04775
1 0 4 39841 0.04912
1 0 4 39825 0.04685
1 0 4 39819 0.04683
1 0 4 39722 0.04787
1 0 4 39681 0.04797
1 0 4 39552 0.04766
1 0 4 39524 0.04835
1 0 4 39481 0.04962
1 0 4 39126 0.06866
1 0 4 38990 0.06865
1 0 4 38972 0.04849
1 0 4 38922 0.06825
1 0 4 38759 0.06704
1 0 4 38741 0.0678
1 0 4 38672 0.04899
1 0 4 38586 0.0443
1 0 4 38540 0.04759
1 0 4 38447 0.04737
1 0 4 38395 0.04585
1 0 4 38280 0.04634
1 0 4 38200 0.0477
1 0 4 38193 0.04786
1 0 4 38176 0.04604
1 0 4 38133 0.04476
1 0 4 38072 0.04667
1 0 4 37841 0.04638
1 0 4 37726 0.04556
1 0 4 37565 0.04545
1 0 4 37499 0.04501
1 0 4 37318 0.04423
1 0 4 37119 0.06607
1 0 4 36996 0.04505
1 0 4 36990 0.04651
1 0 4 36925 0.04406
1 0 4 36909 0.04504
1 0 4 36866 0.0656
1 0 4 36779 0.04777
1 0 4 36724 0.0462
1 0 4 36552 0.04331
1 0 4 36492 0.04475
1 0 4 36147 0.06561
1 0 4 36147 0.06454
1 0 4 36050 0.04585
1 0 4 35951 0.0656
1 0 4 35785 0.04612
1 0 4 35737 0.06513
1 0 4 35689 0.04519
1 0 4 35678 0.06414
1 0 4 35359 0.04472
1 0 4 35214 0.04413
1 0 4 35212 0.04442
1 0 4 35180 0.04394
1 0 4 35096 0.06314
1 0 4 35000 0.02204
1 0 4 35000 0.02177
1 0 4 35000 0.0215
1 0 4 35000 0.02153
1 0 4 35000 0.02186
1 0 4 35000 0.02193
1 0 4 35000 0.02185
1 0 4 35000 0.02152
1 0 4 35000 0.02179
1 0 4 35000 0.02185
1 0 4 35000 0.02207
1 0 4 35000 0.02204
1 0 4 35000 0.0219
1 0 4 35000 0.02164
1 0 4 35000 0.0218
1 0 4 35000 0.02182
1 0 4 34802 0.06231
1 0 4 34612 0.04258
1 0 4 34211 0.06057
1 0 4 33952 0.04221
1 0 4 33908 0.06122
1 0 4 33862 0.0404
1 0 4 33661 0.03956
1 0 4 32128 0.03802
1 0 4 31893 0.0566
1 0 4 31569 0.0365
1 0 4 27614 0.03162
1 0 4 27593 0.03203
1 0 4 27587 0.03097
1 0 4 27582 0.03112
1 0 4 27564 0.03021
1 0 4 27560 0.03215
1 0 4 27546 0.02912
1 0 4 27545 0.0289
1 0 4 27545 0.02927
1 0 4 27541 0.03081
1 0 4 27534 0.0313
1 0 4 27530 0.03001
1 0 4 27528 0.03098
1 0 4 27523 0.03052
1 0 4 27521 0.03064
1 0 4 27518 0.03025
1 0 4 27514 0.03047
1 0 4 27506 0.03025
1 0 4 27502 0.03127
1 0 4 27500 0.02983
1 0 4 27485 0.02887
1 0 4 27478 0.02992
1 0 4 27469 0.02958
1 0 4 27458 0.02912
1 0 4 27443 0.02956
1 0 4 27439 0.02976
1 0 4 27430 0.03089
1 0 4 27400 0.02798
1 0 4 27400 0.02818
1 0 4 27347 0.05008
1 0 4 27318 0.02963
1 0 4 27196 0.02995
1 0 4 27185 0.03106
1 0 4 27121 0.0299
1 0 4 27090 0.0308
1 0 4 26925 0.03194
1 0 4 26893 0.03165
1 0 4 26872 0.03109
1 0 4 26756 0.03102
1 0 4 26742 0.04893
1 0 4 26642 0.02999
1 0 4 26634 0.04804
1 0 4 26602 0.03048
1 0 4 26558 0.02993
1 0 4 26482 0.03082
1 0 4 26448 0.04838
1 0 4 26352 0.03079
1 0 4 26351 0.03023
1 0 4 26324 0.02981
1 0 4 26322 0.02914
1 0 4 26268 0.02774
1 0 4 26209 0.02932
1 0 4 26207 0.04701
1 0 4 26096 0.04752
1 0 4 26085 0.02835
1 0 4 26003 0.04833
1 0 4 25954 0.02839
1 0 4 25936 0.04755
1 0 4 25853 0.03024
1 0 4 25845 0.02866
1 0 4 25797 0.02908
1 0 4 25622 0.0483
1 0 4 25548 0.0294
1 0 4 25517 0.02947
1 0 4 25380 0.03016
1 0 4 25295 0.04615
1 0 4 25201 0.02815
1 0 4 25150 0.02996
1 0 4 25062 0.04672
1 0 4 25059 0.02976
1 0 4 25000 0.0104
1 0 4 25000 0.01044
1 0 4 25000 0.01033
1 0 4 25000 0.01051
1 0 4 25000 0.01032
1 0 4 25000 0.01036
1 0 4 25000 0.01042
1 0 4 25000 0.01043
1 0 4 25000 0.01027
1 0 4 25000 0.0104
1 0 4 25000 0.01051
1 0 4 25000 0.01051
1 0 4 25000 0.01037
1 0 4 25000 0.01029
1 0 4 25000 0.01026
1 0 4 25000 0.01027
1 0 4 24998 0.03027
1 0 4 24950 0.02698
1 0 4 24882 0.04664
1 0 4 24870 0.02886
1 0 4 24547 0.02686
1 0 4 24545 0.02802
1 0 4 24476 0.02861
1 0 4 24450 0.0285
1 0 4 24308 0.04544
1 0 4 24228 0.04454
1 0 4 24160 0.04421
1 0 4 24144 0.04421
1 0 4 24136 0.04441
1 0 4 23726 0.04428
1 0 4 15928 0.01978
1 0 4 15926 0.01952
1 0 4 15924 0.02
1 0 4 15921 0.0191
1 0 4 15918 0.01907
1 0 4 15916 0.02007
1 0 4 15914 0.01953
1 0 4 15910 0.01871
1 0 4 15908 0.01914
1 0 4 15908 0.01816
1 0 4 15907 0.01927
1 0 4 15905 0.01915
1 0 4 15904 0.01958
1 0 4 15901 0.01928
1 0 4 15901 0.01837
1 0 4 15900 0.01881
1 0 4 15899 0.01837
1 0 4 15899 0.01833
1 0 4 15894 0.01884
1 0 4 15894 0.01845
1 0 4 15893 0.01921
1 0 4 15892 0.018
1 0 4 15892 0.01974
1 0 4 15889 0.01907
1 0 4 15889 0.01906
1 0 4 15886 0.0185
1 0 4 15884 0.01829
1 0 4 15880 0.01922
1 0 4 15877 0.01926
1 0 4 15868 0.01849
1 0 4 15861 0.01877
1 0 4 15859 0.01876
1 0 4 15859 0.01833
1 0 4 15849 0.01823
1 0 4 15846 0.01783
1 0 4 15844 0.02017
1 0 4 15835 0.0199
1 0 4 15761 0.01887
1 0 4 15731 0.01816
1 0 4 15726 0.03048
1 0 4 15670 0.01937
1 0 4 15646 0.01922
1 0 4 15636 0.0305
1 0 4 15602 0.01786
1 0 4 15579 0.01893
1 0 4 15577 0.01832
1 0 4 15519 0.01885
1 0 4 15509 0.01945
1 0 4 15501 0.01883
1 0 4 15443 0.01876
1 0 4 15437 0.01952
1 0 4 15411 0.01944
1 0 4 15409 0.03065
1 0 4 15398 0.01895
1 0 4 15391 0.01857
1 0 4 15355 0.01879
1 0 4 15354 0.01909
1 0 4 15338 0.02991
1 0 4 15334 0.01784
1 0 4 15305 0.01895
1 0 4 15296 0.02953
1 0 4 15287 0.02932
1 0 4 15278 0.01883
1 0 4 15247 0.0285
1 0 4 15217 0.02925
1 0 4 15205 0.01902
1 0 4 15141 0.01888
1 0 4 15105 0.01844
1 0 4 15105 0.01852
1 0 4 15070 0.0293
1 0 4 15063 0.01849
1 0 4 15009 0.02883
1 0 4 15000 0.006688
1 0 4 15000 0.006766
1 0 4 15000 0.006745
1 0 4 15000 0.00668
1 0 4 15000 0.006775
1 0 4 15000 0.006717
1 0 4 15000 0.006729
1 0 4 15000 0.006726
1 0 4 15000 0.006704
1 0 4 15000 0.006725
1 0 4 15000 0.006767
1 0 4 15000 0.006731
1 0 4 15000 0.006719
1 0 4 15000 0.006814
1 0 4 15000 0.006782
1 0 4 15000 0.006832
1 0 4 15000 0.006735
1 0 4 14973 0.02907
1 0 4 14952 0.01857
1 0 4 14872 0.0289
1 0 4 14871 0.02918
1 0 4 14867 0.0293
1 0 4 14838 0.01763
1 0 4 14835 0.01862
1 0 4 14654 0.01828
1 0 4 14597 0.02822
1 0 4 14571 0.0283
1 0 4 14308 0.01804
1 0 4 10404 0.01358
1 0 4 10404 0.01365
1 0 4 10403 0.01381
1 0 4 10402 0.01301
1 0 4 10402 0.01384
1 0 4 10401 0.0139
1 0 4 10398 0.01392
1 0 4 10397 0.01356
1 0 4 10396 0.01419
1 0 4 10396 0.01423
1 0 4 10396 0.01318
1 0 4 10395 0.01404
1 0 4 10395 0.01398
1 0 4 10395 0.01302
1 0 4 10394 0.01353
1 0 4 10394 0.01378
1 0 4 10392 0.01363
1 0 4 10392 0.01375
1 0 4 10392 0.01317
1 0 4 10392 0.01371
1 0 4 10389 0.01344
1 0 4 10389 0.01417
1 0 4 10388 0.01306
1 0 4 10385 0.01341
1 0 4 10384 0.01347
1 0 4 10382 0.01305
1 0 4 10381 0.01319
1 0 4 10379 0.01304
1 0 4 10378 0.01357
1 0 4 10375 0.0138
1 0 4 10369 0.01395
1 0 4 10365 0.01454
1 0 4 10355 0.01436
1 0 4 10350 0.01328
1 0 4 10340 0.01383
1 0 4 10333 0.0142
1 0 4 10328 0.01386
1 0 4 10321 0.02216
1 0 4 10296 0.01301
1 0 4 10296 0.01407
1 0 4 10281 0.01398
1 0 4 10270 0.01324
1 0 4 10268 0.0139
1 0 4 10264 0.01331
1 0 4 10260 0.01376
1 0 4 10259 0.01356
1 0 4 10256 0.01406
1 0 4 10253 0.01324
1 0 4 10243 0.01326
1 0 4 10210 0.01331
1 0 4 10209 0.01351
1 0 4 10199 0.0128
1 0 4 10185 0.01308
1 0 4 10162 0.01288
1 0 4 10160 0.01327
1 0 4 10147 0.01345
1 0 4 10131 0.01341
1 0 4 10126 0.01335
1 0 4 10109 0.01311
1 0 4 10101 0.01357
1 0 4 10076 0.02025
1 0 4 10075 0.01306
1 0 4 10066 0.02006
1 0 4 10059 0.01276
1 0 4 10042 0.02038
1 0 4 10042 0.01309
1 0 4 10006 0.01971
1 0 4 10006 0.01977
1 0 4 10000 0.005273
1 0 4 10000 0.005303
1 0 4 10000 0.00518
1 0 4 10000 0.005342
1 0 4 10000 0.005196
1 0 4 10000 0.005326
1 0 4 10000 0.005216
1 0 4 10000 0.005245
1 0 4 10000 0.005236
1 0 4 10000 0.00523
1 0 4 10000 0.005242
1 0 4 10000 0.005293
1 0 4 10000 0.005327
1 0 4 10000 0.005231
1 0 4 10000 0.005259
1 0 4 10000 0.005247
1 0 4 10000 0.005184
1 0 4 9995 0.01223
1 0 4 9986 0.01983
1 0 4 9973 0.01257
1 0 4 9969 0.01976
1 0 4 9967 0.01916
1 0 4 9965 0.01305
1 0 4 9964 0.01312
1 0 4 9941 0.01982
1 0 4 9925 0.01947
1 0 4 9925 0.01945
1 0 4 9896 0.01985
1 0 4 9883 0.01312
1 0 4 9846 0.01977
1 0 4 9837 0.01277
1 0 4 9735 0.01965
1 0 5 163207 0.2154
1 0 5 163207 0.2143
1 0 5 162252 0.2328
1 0 5 162252 0.2192
1 0 5 161175 0.2205
1 0 5 161175 0.2369
1 0 5 160870 0.218
1 0 5 160808 0.221
1 0 5 160026 0.214
1 0 5 159566 0.214
1 0 5 159288 0.2107
1 0 5 158711 0.206
1 0 5 157706 0.2114
1 0 5 157706 0.2115
1 0 5 156140 0.2067
1 0 5 156140 0.2062
1 0 5 153745 0.21
1 0 5 153640 0.2116
1 0 5 152380 0.205
1 0 5 152194 0.2085
1 0 5 151289 0.2105
1 0 5 151235 0.2144
1 0 5 148379 0.1982
1 0 5 147452 0.2111
1 0 5 146688 0.2014
1 0 5 145106 0.2037
1 0 5 144613 0.2009
1 0 5 143271 0.204
1 0 5 142404 0.2036
1 0 5 141866 0.2037
1 0 5 140815 0.205
1 0 5 140268 0.2006
1 0 5 140192 0.2001
1 0 5 138950 0.1885
1 0 5 138950 0.1873
1 0 5 138693 0.2019
1 0 5 136964 0.1929
1 0 5 136269 0.1924
1 0 5 135839 0.1816
1 0 5 130488 0.1946
1 0 5 130057 0.1975
1 0 5 129962 0.1833
1 0 5 129571 0.1852
1 0 5 129342 0.2734
1 0 5 129287 0.1858
1 0 5 129225 0.1849
1 0 5 128981 0.1851
1 0 5 128970 0.1837
1 0 5 128849 0.1845
1 0 5 128848 0.1945
1 0 5 128819 0.1872
1 0 5 128669 0.1849
1 0 5 128633 0.1896
1 0 5 128537 0.185
1 0 5 128431 0.1865
1 0 5 128408 0.1915
1 0 5 128351 0.1771
1 0 5 127751 0.1825
1 0 5 127593 0.1928
1 0 5 127360 0.1969
1 0 5 126953 0.194
1 0 5 126720 0.1914
1 0 5 126252 0.1824
1 0 5 126246 0.1809
1 0 5 126147 0.1917
1 0 5 125870 0.2736
1 0 5 125630 0.1842
1 0 5 125322 0.1941
1 0 5 124865 0.1975
1 0 5 124333 0.1815
1 0 5 124050 0.1915
1 0 5 123323 0.1875
1 0 5 123161 0.187
1 0 5 123021 0.1694
1 0 5 122857 0.1595
1 0 5 122691 0.1618
1 0 5 122457 0.1317
1 0 5 122092 0.1357
1 0 5 121652 0.1299
1 0 5 121608 0.1341
1 0 5 121603 0.135
1 0 5 120677 0.1285
1 0 5 119674 0.1312
1 0 5 119575 0.1328
1 0 5 119267 0.1569
1 0 5 119232 0.1285
1 0 5 119139 0.1339
1 0 5 118866 0.1293
1 0 5 118782 0.1308
1 0 5 118724 0.1294
1 0 5 118024 0.1272
1 0 5 117910 0.131
1 0 5 117240 0.1297
1 0 5 116930 0.1293
1 0 5 116407 0.1271
1 0 5 116101 0.1295
1 0 5 116011 0.1549
1 0 5 115123 0.1259
1 0 5 114974 0.1513
1 0 5 113576 0.1265
1 0 5 113427 0.1547
1 0 5 113409 0.1231
1 0 5 113313 0.1226
1 0 5 113082 0.1521
1 0 5 111871 0.1103
1 0 5 111074 0.1237
1 0 5 110395 0.1486
1 0 5 110123 0.1486
1 0 5 109685 0.1507
1 0 5 109592 0.1499
1 0 5 109122 0.1202
1 0 5 109118 0.1165
1 0 5 109092 0.1187
1 0 5 109091 0.1192
1 0 5 108951 0.122
1 0 5 108770 0.119
1 0 5 108765 0.1173
1 0 5 108741 0.1201
1 0 5 108692 0.1177
1 0 5 108679 0.1213
1 0 5 108661 0.1192
1 0 5 108587 0.1199
1 0 5 108412 0.1194
1 0 5 108333 0.1198
1 0 5 108330 0.1177
1 0 5 108248 0.1215
1 0 5 108054 0.12
1 0 5 108054 0.1207
1 0 5 107965 0.1221
1 0 5 107901 0.1171
1 0 5 107889 0.1208
1 0 5 107859 0.1195
1 0 5 107815 0.122
1 0 5 107775 0.1134
1 0 5 107598 0.1171
1 0 5 107545 0.1189
1 0 5 107427 0.1205
1 0 5 107346 0.1209
1 0 5 107324 0.1168
1 0 5 107017 0.1171
1 0 5 106803 0.1186
1 0 5 106782 0.1178
1 0 5 106730 0.1199
1 0 5 106710 0.1201
1 0 5 106364 0.1197
1 0 5 106190 0.1174
1 0 5 105927 0.1196
1 0 5 105789 0.1176
1 0 5 105616 0.1148
1 0 5 105538 0.1144
1 0 5 105508 0.1178
1 0 5 105061 0.1138
1 0 5 104929 0.1144
1 0 5 104885 0.1144
1 0 5 104862 0.1492
1 0 5 104849 0.1545
1 0 5 104118 0.1174
1 0 5 104032 0.1105
1 0 5 103988 0.1131
1 0 5 103940 0.1126
1 0 5 102973 0.1135
1 0 5 102932 0.1145
1 0 5 102753 0.1444
1 0 5 102735 0.1163
1 0 5 102729 0.1459
1 0 5 102470 0.1138
1 0 5 102329 0.1415
1 0 5 101946 0.1154
1 0 5 101174 0.1157
1 0 5 101174 0.115
1 0 5 100876 0.1413
1 0 5 100845 0.1074
1 0 5 100605 0.1396
1 0 5 100309 0.1193
1 0 5 100246 0.1154
1 0 5 100000 0.08741
1 0 5 100000 0.08872
1 0 5 100000 0.08435
1 0 5 100000 0.0838
1 0 5 100000 0.08454
1 0 5 100000 0.08354
1 0 5 100000 0.08362
1 0 5 100000 0.08448
1 0 5 100000 0.08414
1 0 5 100000 0.0842
1 0 5 100000 0.08448
1 0 5 100000 0.08359
1 0 5 100000 0.08366
1 0 5 100000 0.08436
1 0 5 100000 0.08715
1 0 5 100000 0.08512
1 0 5 100000 0.08325
1 0 5 100000 0.08376
1 0 5 99935 0.1009
1 0 5 99897 0.1103
1 0 5 99434 0.1427
1 0 5 99053 0.1136
1 0 5 98696 0.1109
1 0 5 98123 0.1115
1 0 5 98081 0.1089
1 0 5 97901 0.1092
1 0 5 97872 0.1096
1 0 5 96932 0.112
1 0 5 96888 0.1096
1 0 5 96344 0.1097
1 0 5 95033 0.1351
1 0 5 94718 0.1119
1 0 5 94486 0.1085
1 0 5 94289 0.1103
1 0 5 93581 0.1084
1 0 5 93214 0.1078
1 0 5 93214 0.1062
1 0 5 92850 0.1054
1 0 5 92020 0.1081
1 0 5 91854 0.129
1 0 5 91725 0.1048
1 0 5 90389 0.1028
1 0 5 90243 0.1036
1 0 5 90143 0.1006
1 0 5 89713 0.1042
1 0 5 89570 0.1029
1 0 5 89472 0.1026
1 0 5 89292 0.1268
1 0 5 89255 0.1295
1 0 5 88675 0.1266
1 0 5 88632 0.09831
1 0 5 88580 0.09877
1 0 5 88136 0.09813
1 0 5 87536 0.09784
1 0 5 87463 0.1226
1 0 5 87407 0.0947
1 0 5 87215 0.1241
1 0 5 86967 0.09895
1 0 5 85659 0.09455
1 0 5 85141 0.09834
1 0 5 85000 0.0698
1 0 5 85000 0.06974
1 0 5 85000 0.06964
1 0 5 85000 0.07038
1 0 5 85000 0.0699
1 0 5 85000 0.07064
1 0 5 85000 0.07038
1 0 5 85000 0.06952
1 0 5 85000 0.07053
1 0 5 85000 0.07076
1 0 5 85000 0.0711
1 0 5 85000 0.07123
1 0 5 85000 0.06874
1 0 5 85000 0.06787
1 0 5 85000 0.07156
1 0 5 85000 0.06846
1 0 5 85000 0.06809
1 0 5 84585 0.09409
1 0 5 84482 0.1245
1 0 5 84045 0.1
1 0 5 83896 0.1234
1 0 5 83810 0.1211
1 0 5 83072 0.09866
1 0 5 82964 0.0962
1 0 5 82314 0.09686
1 0 5 82119 0.09435
1 0 5 81623 0.09326
1 0 5 81445 0.1207
1 0 5 81345 0.09578
1 0 5 80335 0.1175
1 0 5 80174 0.1162
1 0 5 79383 0.09227
1 0 5 79364 0.1179
1 0 5 79100 0.09207
1 0 5 78788 0.091
1 0 5 77505 0.1181
1 0 5 77460 0.1169
1 0 5 77288 0.09188
1 0 5 76925 0.1146
1 0 5 76524 0.1157
1 0 5 75903 0.115
1 0 5 75903 0.1112
1 0 5 75255 0.09475
1 0 5 75000 0.06744
1 0 5 75000 0.06596
1 0 5 75000 0.06577
1 0 5 75000 0.06402
1 0 5 75000 0.06376
1 0 5 75000 0.06499
1 0 5 75000 0.06502
1 0 5 75000 0.06643
1 0 5 75000 0.06589
1 0 5 75000 0.06567
1 0 5 75000 0.06345
1 0 5 75000 0.05888
1 0 5 75000 0.06301
1 0 5 75000 0.06499
1 0 5 75000 0.06034
1 0 5 74148 0.1138
1 0 5 74148 0.1121
1 0 5 73602 0.1141
1 0 5 70627 0.08445
1 0 5 65728 0.1042
1 0 5 65397 0.07932
1 0 5 64625 0.07719
1 0 5 64548 0.07939
1 0 5 64497 0.0793
1 0 5 64415 0.07578
1 0 5 64387 0.07904
1 0 5 64340 0.07671
1 0 5 64323 0.07788
1 0 5 64319 0.07089
1 0 5 64279 0.07903
1 0 5 64260 0.07637
1 0 5 64137 0.07928
1 0 5 64125 0.07572
1 0 5 64117 0.07648
1 0 5 64094 0.07756
1 0 5 64090 0.0759
1 0 5 64063 0.07379
1 0 5 64053 0.07639
1 0 5 64041 0.07572
1 0 5 64033 0.07649
1 0 5 63875 0.07979
1 0 5 63857 0.07637
1 0 5 63782 0.07765
1 0 5 63761 0.07458
1 0 5 63756 0.07774
1 0 5 63743 0.07468
1 0 5 63578 0.07733
1 0 5 63539 0.07548
1 0 5 63020 0.102
1 0 5 63020 0.1018
1 0 5 62958 0.07663
1 0 5 62932 0.07547
1 0 5 62859 0.07574
1 0 5 62202 0.07478
1 0 5 61570 0.07667
1 0 5 61183 0.07395
1 0 5 60645 0.07806
1 0 5 60598 0.09988
1 0 5 60405 0.07612
1 0 5 60294 0.07338
1 0 5 60075 0.07678
1 0 5 59631 0.07399
1 0 5 59458 0.09951
1 0 5 59107 0.07287
1 0 5 58956 0.07519
1 0 5 58620 0.07385
1 0 5 58083 0.07423
1 0 5 58039 0.07352
1 0 5 57535 0.06895
1 0 5 57430 0.07477
1 0 5 57113 0.07278
1 0 5 56999 0.09737
1 0 5 56778 0.07153
1 0 5 56157 0.07026
1 0 5 55685 0.07071
1 0 5 55422 0.06909
1 0 5 54998 0.0681
1 0 5 54736 0.06806
1 0 5 54276 0.06908
1 0 5 54276 0.06862
1 0 5 54097 0.06544
1 0 5 54097 0.06603
1 0 5 53909 0.09444
1 0 5 53462 0.09342
1 0 5 53437 0.09257
1 0 5 53186 0.06677
1 0 5 53038 0.06764
1 0 5 52731 0.09191
1 0 5 52372 0.09038
1 0 5 52318 0.09179
1 0 5 52119 0.09063
1 0 5 51938 0.06486
1 0 5 51618 0.08916
1 0 5 51457 0.06734
1 0 5 51154 0.08915
1 0 5 50626 0.08873
1 0 5 50000 0.03376
1 0 5 50000 0.0334
1 0 5 50000 0.03415
1 0 5 50000 0.03495
1 0 5 50000 0.03501
1 0 5 50000 0.03449
1 0 5 50000 0.0344
1 0 5 50000 0.03485
1 0 5 50000 0.03551
1 0 5 50000 0.03549
1 0 5 50000 0.03519
1 0 5 50000 0.03527
1 0 5 50000 0.03552
1 0 5 50000 0.0335
1 0 5 50000 0.03441
1 0 5 50000 0.03416
1 0 5 50000 0.03383
1 0 5 49963 0.06191
1 0 5 49959 0.08501
1 0 5 49725 0.0858
1 0 5 49440 0.08376
1 0 5 48425 0.06045
1 0 5 47549 0.05895
1 0 5 47549 0.05931
1 0 5 44035 0.07735
1 0 5 44035 0.07755
1 0 5 41965 0.05025
1 0 5 41926 0.05104
1 0 5 41912 0.05032
1 0 5 41908 0.05173
1 0 5 41869 0.05012
1 0 5 41826 0.05071
1 0 5 41824 0.05097
1 0 5 41819 0.05276
1 0 5 41781 0.05048
1 0 5 41770 0.0515
1 0 5 41750 0.05049
1 0 5 41732 0.05048
1 0 5 41724 0.05049
1 0 5 41711 0.04853
1 0 5 41667 0.04906
1 0 5 41622 0.05044
1 0 5 41519 0.04895
1 0 5 41496 0.04936
1 0 5 41448 0.04882
1 0 5 41440 0.04843
1 0 5 41423 0.04938
1 0 5 40923 0.04868
1 0 5 40820 0.04954
1 0 5 40637 0.0499
1 0 5 40596 0.06963
1 0 5 40515 0.05023
1 0 5 40403 0.04836
1 0 5 40355 0.04718
1 0 5 40112 0.04893
1 0 5 40051 0.05036
1 0 5 39905 0.04734
1 0 5 39905 0.04766
1 0 5 39865 0.04799
1 0 5 39842 0.04704
1 0 5 39634 0.04937
1 0 5 39634 0.04915
1 0 5 39482 0.06826
1 0 5 39399 0.04685
1 0 5 39278 0.04817
1 0 5 39278 0.04834
1 0 5 39251 0.04858
1 0 5 39093 0.04645
1 0 5 38887 0.04868
1 0 5 38765 0.04675
1 0 5 38694 0.04701
1 0 5 38599 0.04691
1 0 5 38443 0.04916
1 0 5 38265 0.04504
1 0 5 38221 0.04632
1 0 5 38137 0.04606
1 0 5 38131 0.0441
1 0 5 37801 0.04548
1 0 5 37740 0.06627
1 0 5 37676 0.04651
1 0 5 37662 0.06589
1 0 5 37656 0.06557
1 0 5 37373 0.04395
1 0 5 37162 0.06516
1 0 5 36939 0.06662
1 0 5 36876 0.04409
1 0 5 36873 0.04717
1 0 5 36853 0.06573
1 0 5 36820 0.04552
1 0 5 36393 0.04494
1 0 5 36388 0.04459
1 0 5 36372 0.0648
1 0 5 36315 0.04508
1 0 5 35991 0.04511
1 0 5 35954 0.06377
1 0 5 35534 0.04399
1 0 5 35533 0.04493
1 0 5 35512 0.06484
1 0 5 35508 0.04488
1 0 5 35471 0.04494
1 0 5 35018 0.04532
1 0 5 35000 0.02298
1 0 5 35000 0.02305
1 0 5 35000 0.02328
1 0 5 35000 0.02295
1 0 5 35000 0.02291
1 0 5 35000 0.02278
1 0 5 35000 0.02303
1 0 5 35000 0.02312
1 0 5 35000 0.02289
1 0 5 35000 0.02292
1 0 5 35000 0.02316
1 0 5 35000 0.02316
1 0 5 35000 0.02318
1 0 5 35000 0.02299
1 0 5 35000 0.02223
1 0 5 35000 0.02209
1 0 5 34976 0.04432
1 0 5 34813 0.04259
1 0 5 34813 0.04243
1 0 5 34323 0.06187
1 0 5 34219 0.04252
1 0 5 33227 0.05976
1 0 5 33227 0.05955
1 0 5 33162 0.05932
1 0 5 32913 0.03856
1 0 5 28532 0.03345
1 0 5 28488 0.03065
1 0 5 28482 0.03069
1 0 5 28481 0.03116
1 0 5 28458 0.03129
1 0 5 28456 0.03015
1 0 5 28451 0.03113
1 0 5 28448 0.03253
1 0 5 28443 0.03096
1 0 5 28436 0.03151
1 0 5 28431 0.03028
1 0 5 28429 0.03063
1 0 5 28425 0.03129
1 0 5 28421 0.03069
1 0 5 28416 0.03008
1 0 5 28406 0.03167
1 0 5 28395 0.03085
1 0 5 28392 0.03082
1 0 5 28382 0.02917
1 0 5 28377 0.03147
1 0 5 28357 0.03055
1 0 5 28353 0.03114
1 0 5 28343 0.03149
1 0 5 28330 0.03058
1 0 5 28310 0.03042
1 0 5 28279 0.02961
1 0 5 28102 0.03298
1 0 5 28065 0.03202
1 0 5 28018 0.03236
1 0 5 27792 0.03213
1 0 5 27766 0.03404
1 0 5 27567 0.02937
1 0 5 27533 0.03103
1 0 5 27520 0.03113
1 0 5 27497 0.03065
1 0 5 27496 0.05081
1 0 5 27365 0.0315
1 0 5 27347 0.05022
1 0 5 27292 0.03053
1 0 5 27243 0.03261
1 0 5 27214 0.03067
1 0 5 27202 0.02853
1 0 5 27196 0.03238
1 0 5 27096 0.03163
1 0 5 26940 0.02899
1 0 5 26784 0.02997
1 0 5 26758 0.05048
1 0 5 26745 0.03183
1 0 5 26728 0.03107
1 0 5 26698 0.03231
1 0 5 26635 0.03511
1 0 5 26533 0.03232
1 0 5 26420 0.03306
1 0 5 26365 0.05113
1 0 5 26271 0.03217
1 0 5 26115 0.03184
1 0 5 26040 0.03276
1 0 5 26033 0.05111
1 0 5 25976 0.03319
1 0 5 25966 0.03281
1 0 5 25907 0.05044
1 0 5 25893 0.03192
1 0 5 25784 0.05041
1 0 5 25774 0.03112
1 0 5 25766 0.03239
1 0 5 25690 0.03275
1 0 5 25614 0.05076
1 0 5 25474 0.05134
1 0 5 25376 0.0311
1 0 5 25376 0.03089
1 0 5 25351 0.03148
1 0 5 25318 0.03155
1 0 5 25274 0.03179
1 0 5 25027 0.05004
1 0 5 25010 0.03187
1 0 5 25000 0.0129
1 0 5 25000 0.01297
1 0 5 25000 0.01286
1 0 5 25000 0.01283
1 0 5 25000 0.01278
1 0 5 25000 0.01266
1 0 5 25000 0.01288
1 0 5 25000 0.01277
1 0 5 25000 0.0128
1 0 5 25000 0.01287
1 0 5 25000 0.01277
1 0 5 25000 0.01291
1 0 5 25000 0.01282
1 0 5 25000 0.01258
1 0 5 25000 0.0128
1 0 5 25000 0.01278
1 0 5 25000 0.01298
1 0 5 24941 0.04901
1 0 5 24939 0.04953
1 0 5 24880 0.04913
1 0 5 24493 0.04876
1 0 5 24493 0.04879
1 0 5 24389 0.03164
1 0 5 24290 0.02982
1 0 5 24266 0.04837
1 0 5 16232 0.01975
1 0 5 16230 0.01997
1 0 5 16230 0.01998
1 0 5 16225 0.0203
1 0 5 16223 0.02042
1 0 5 16223 0.02062
1 0 5 16219 0.0199
1 0 5 16219 0.01988
1 0 5 16214 0.02087
1 0 5 16212 0.02
1 0 5 16211 0.02074
1 0 5 16210 0.0204
1 0 5 16208 0.01986
1 0 5 16205 0.01985
1 0 5 16203 0.01932
1 0 5 16202 0.02052
1 0 5 16198 0.01978
1 0 5 16198 0.01992
1 0 5 16197 0.02046
1 0 5 16196 0.01974
1 0 5 16191 0.01996
1 0 5 16190 0.01955
1 0 5 16187 0.02096
1 0 5 16187 0.01958
1 0 5 16184 0.02019
1 0 5 16181 0.02009
1 0 5 16178 0.01964
1 0 5 16168 0.02091
1 0 5 16162 0.02005
1 0 5 16149 0.02
1 0 5 16121 0.01972
1 0 5 16120 0.01989
1 0 5 16114 0.02096
1 0 5 16055 0.02011
1 0 5 16055 0.02025
1 0 5 16009 0.01945
1 0 5 15908 0.02109
1 0 5 15885 0.01972
1 0 5 15836 0.02029
1 0 5 15785 0.02086
1 0 5 15752 0.02032
1 0 5 15752 0.02024
1 0 5 15732 0.02119
1 0 5 15708 0.02021
1 0 5 15667 0.0325
1 0 5 15655 0.02051
1 0 5 15624 0.0202
1 0 5 15611 0.0203
1 0 5 15610 0.03205
1 0 5 15604 0.02151
1 0 5 15575 0.02109
1 0 5 15547 0.02095
1 0 5 15534 0.02079
1 0 5 15505 0.01982
1 0 5 15488 0.0323
1 0 5 15461 0.02101
1 0 5 15434 0.02131
1 0 5 15417 0.02024
1 0 5 15382 0.01993
1 0 5 15350 0.03109
1 0 5 15350 0.03106
1 0 5 15311 0.01974
1 0 5 15279 0.01941
1 0 5 15275 0.03126
1 0 5 15241 0.01967
1 0 5 15225 0.01975
1 0 5 15184 0.01984
1 0 5 15105 0.03005
1 0 5 15075 0.02043
1 0 5 15045 0.01954
1 0 5 15006 0.03132
1 0 5 15000 0.008149
1 0 5 15000 0.008073
1 0 5 15000 0.008175
1 0 5 15000 0.008193
1 0 5 15000 0.008127
1 0 5 15000 0.008216
1 0 5 15000 0.008082
1 0 5 15000 0.008113
1 0 5 15000 0.00806
1 0 5 15000 0.008258
1 0 5 15000 0.008328
1 0 5 15000 0.008268
1 0 5 15000 0.008214
1 0 5 15000 0.008316
1 0 5 15000 0.008173
1 0 5 15000 0.008224
1 0 5 15000 0.008221
1 0 5 14921 0.02087
1 0 5 14898 0.03098
1 0 5 14898 0.03097
1 0 5 14882 0.03069
1 0 5 14880 0.01932
1 0 5 14790 0.01863
1 0 5 14758 0.03055
1 0 5 14751 0.03074
1 0 5 14613 0.02922
1 0 5 14613 0.02922
1 0 5 14181 0.02935
1 0 5 14181 0.02969
1 0 5 10545 0.01571
1 0 5 10544 0.01507
1 0 5 10539 0.0143
1 0 5 10538 0.01459
1 0 5 10537 0.01511
1 0 5 10535 0.01529
1 0 5 10534 0.01541
1 0 5 10534 0.01501
1 0 5 10533 0.01505
1 0 5 10532 0.01495
1 0 5 10531 0.01538
1 0 5 10529 0.01486
1 0 5 10527 0.01487
1 0 5 10525 0.01552
1 0 5 10525 0.01578
1 0 5 10525 0.01503
1 0 5 10525 0.01576
1 0 5 10524 0.01516
1 0 5 10524 0.01598
1 0 5 10523 0.01502
1 0 5 10523 0.01515
1 0 5 10522 0.01585
1 0 5 10520 0.01545
1 0 5 10519 0.01469
1 0 5 10516 0.0158
1 0 5 10516 0.01592
1 0 5 10514 0.01617
1 0 5 10512 0.01449
1 0 5 10509 0.01479
1 0 5 10504 0.01508
1 0 5 10496 0.01626
1 0 5 10492 0.01582
1 0 5 10489 0.01612
1 0 5 10477 0.01509
1 0 5 10450 0.0236
1 0 5 10448 0.0154
1 0 5 10412 0.01589
1 0 5 10398 0.01552
1 0 5 10394 0.01561
1 0 5 10394 0.01576
1 0 5 10390 0.02344
1 0 5 10378 0.01464
1 0 5 10378 0.01512
1 0 5 10349 0.01583
1 0 5 10339 0.01444
1 0 5 10331 0.01531
1 0 5 10320 0.01571
1 0 5 10295 0.01525
1 0 5 10284 0.02332
1 0 5 10284 0.0151
1 0 5 10283 0.01523
1 0 5 10255 0.02274
1 0 5 10234 0.01452
1 0 5 10234 0.0148
1 0 5 10210 0.0152
1 0 5 10198 0.01427
1 0 5 10196 0.0148
1 0 5 10183 0.01491
1 0 5 10169 0.02242
1 0 5 10148 0.01451
1 0 5 10147 0.02173
1 0 5 10145 0.01515
1 0 5 10138 0.02176
1 0 5 10118 0.01442
1 0 5 10116 0.01367
1 0 5 10107 0.0142
1 0 5 10094 0.0148
1 0 5 10087 0.02131
1 0 5 10073 0.02098
1 0 5 10060 0.01401
1 0 5 10057 0.02127
1 0 5 10018 0.01431
1 0 5 10010 0.01487
1 0 5 10004 0.02058
1 0 5 10004 0.02054
1 0 5 10000 0.006195
1 0 5 10000 0.006173
1 0 5 10000 0.006258
1 0 5 10000 0.006242
1 0 5 10000 0.006245
1 0 5 10000 0.006227
1 0 5 10000 0.006131
1 0 5 10000 0.006089
1 0 5 10000 0.006187
1 0 5 10000 0.006117
1 0 5 10000 0.006111
1 0 5 10000 0.006095
1 0 5 10000 0.006281
1 0 5 10000 0.006221
1 0 5 10000 0.006126
1 0 5 10000 0.006122
1 0 5 10000 0.006115
1 0 5 9990 0.02113
1 0 5 9970 0.01418
1 0 5 9970 0.01388
1 0 5 9941 0.01404
1 0 5 9899 0.02095
1 0 5 9881 0.01361
1 0 5 9743 0.01438
1 0 5 9601 0.02064
