4 1 1 100000 0.1653
4 1 1 100000 0.1612
4 1 1 100000 0.1582
4 1 1 100000 0.1595
4 1 1 100000 0.1579
4 1 1 100000 0.1572
4 1 1 100000 0.1594
4 1 1 100000 0.1586
4 1 1 100000 0.111
4 1 1 100000 0.1113
4 1 1 100000 0.1109
4 1 1 100000 0.1168
4 1 1 100000 0.1161
4 1 1 100000 0.116
4 1 1 100000 0.1145
4 1 1 100000 0.1153
4 1 1 100000 0.117
4 1 1 100000 0.116
4 1 1 100000 0.1176
4 1 1 100000 0.1174
4 1 1 100000 0.08452
4 1 1 100000 0.07533
4 1 1 100000 0.07536
4 1 1 100000 0.0749
4 1 1 100000 0.07552
4 1 1 85000 0.1202
4 1 1 85000 0.1203
4 1 1 85000 0.1186
4 1 1 85000 0.1199
4 1 1 85000 0.1198
4 1 1 85000 0.1215
4 1 1 85000 0.1199
4 1 1 85000 0.1176
4 1 1 85000 0.06587
4 1 1 85000 0.06621
4 1 1 85000 0.06548
4 1 1 85000 0.06633
4 1 1 85000 0.06546
4 1 1 85000 0.06572
4 1 1 85000 0.06533
4 1 1 85000 0.06532
4 1 1 85000 0.06559
4 1 1 85000 0.06527
4 1 1 85000 0.06549
4 1 1 85000 0.0651
4 1 1 85000 0.06514
4 1 1 85000 0.06572
4 1 1 85000 0.06518
4 1 1 85000 0.0656
4 1 1 85000 0.06514
4 1 1 75000 0.1107
4 1 1 75000 0.1101
4 1 1 75000 0.1104
4 1 1 75000 0.1115
4 1 1 75000 0.1109
4 1 1 75000 0.1117
4 1 1 75000 0.1092
4 1 1 75000 0.109
4 1 1 75000 0.05548
4 1 1 75000 0.05504
4 1 1 75000 0.05554
4 1 1 75000 0.05577
4 1 1 75000 0.05508
4 1 1 75000 0.05619
4 1 1 75000 0.0554
4 1 1 75000 0.05574
4 1 1 75000 0.0555
4 1 1 75000 0.05538
4 1 1 75000 0.05531
4 1 1 75000 0.05512
4 1 1 75000 0.05532
4 1 1 75000 0.05514
4 1 1 75000 0.05525
4 1 1 75000 0.05545
4 1 1 75000 0.05478
4 1 1 50000 0.08701
4 1 1 50000 0.08616
4 1 1 50000 0.08608
4 1 1 50000 0.08523
4 1 1 50000 0.08718
4 1 1 50000 0.08456
4 1 1 50000 0.08359
4 1 1 50000 0.08512
4 1 1 50000 0.03273
4 1 1 50000 0.03256
4 1 1 50000 0.03242
4 1 1 50000 0.03258
4 1 1 50000 0.03273
4 1 1 50000 0.03229
4 1 1 50000 0.03251
4 1 1 50000 0.03262
4 1 1 50000 0.03235
4 1 1 50000 0.03238
4 1 1 50000 0.03234
4 1 1 50000 0.03247
4 1 1 50000 0.03242
4 1 1 50000 0.03233
4 1 1 50000 0.03276
4 1 1 50000 0.03247
4 1 1 50000 0.03224
4 1 1 35000 0.06323
4 1 1 35000 0.06321
4 1 1 35000 0.0641
4 1 1 35000 0.06331
4 1 1 35000 0.06232
4 1 1 35000 0.06303
4 1 1 35000 0.06239
4 1 1 35000 0.06112
4 1 1 35000 0.02148
4 1 1 35000 0.02166
4 1 1 35000 0.02152
4 1 1 35000 0.02162
4 1 1 35000 0.02144
4 1 1 35000 0.02163
4 1 1 35000 0.02153
4 1 1 35000 0.02145
4 1 1 35000 0.02142
4 1 1 35000 0.02155
4 1 1 35000 0.02146
4 1 1 35000 0.02139
4 1 1 35000 0.0215
4 1 1 35000 0.02159
4 1 1 35000 0.02147
4 1 1 35000 0.02146
4 1 1 35000 0.02136
4 1 1 25000 0.04489
4 1 1 25000 0.04554
4 1 1 25000 0.04562
4 1 1 25000 0.04589
4 1 1 25000 0.04668
4 1 1 25000 0.04623
4 1 1 25000 0.0456
4 1 1 25000 0.04567
4 1 1 25000 0.01003
4 1 1 25000 0.01004
4 1 1 25000 0.01
4 1 1 25000 0.009999
4 1 1 25000 0.009944
4 1 1 25000 0.00999
4 1 1 25000 0.009957
4 1 1 25000 0.01004
4 1 1 25000 0.01019
4 1 1 25000 0.01016
4 1 1 25000 0.01015
4 1 1 25000 0.01019
4 1 1 25000 0.01013
4 1 1 25000 0.01005
4 1 1 25000 0.01013
4 1 1 25000 0.01011
4 1 1 25000 0.01018
4 1 1 15000 0.02842
4 1 1 15000 0.02847
4 1 1 15000 0.02833
4 1 1 15000 0.02848
4 1 1 15000 0.02829
4 1 1 15000 0.02819
4 1 1 15000 0.02844
4 1 1 15000 0.02814
4 1 1 15000 0.006667
4 1 1 15000 0.006691
4 1 1 15000 0.00658
4 1 1 15000 0.006556
4 1 1 15000 0.006621
4 1 1 15000 0.006592
4 1 1 15000 0.006618
4 1 1 15000 0.006575
4 1 1 15000 0.006687
4 1 1 15000 0.006665
4 1 1 15000 0.00665
4 1 1 15000 0.00663
4 1 1 15000 0.006656
4 1 1 15000 0.006624
4 1 1 15000 0.006549
4 1 1 15000 0.006617
4 1 1 15000 0.006613
4 1 1 10000 0.02002
4 1 1 10000 0.0195
4 1 1 10000 0.01976
4 1 1 10000 0.02
4 1 1 10000 0.01957
4 1 1 10000 0.01986
4 1 1 10000 0.01981
4 1 1 10000 0.01975
4 1 1 10000 0.005258
4 1 1 10000 0.005224
4 1 1 10000 0.00518
4 1 1 10000 0.005134
4 1 1 10000 0.005154
4 1 1 10000 0.005143
4 1 1 10000 0.005165
4 1 1 10000 0.005191
4 1 1 10000 0.00516
4 1 1 10000 0.005194
4 1 1 10000 0.005159
4 1 1 10000 0.005173
4 1 1 10000 0.0052
4 1 1 10000 0.005199
4 1 1 10000 0.005162
4 1 1 10000 0.005183
4 1 1 10000 0.00514
4 1 2 112498 0.1571
4 1 2 111882 0.1453
4 1 2 103635 0.1333
4 1 2 103322 0.1339
4 1 2 102032 0.1598
4 1 2 100947 0.1597
4 1 2 100000 0.1095
4 1 2 100000 0.1099
4 1 2 100000 0.08597
4 1 2 100000 0.07617
4 1 2 100000 0.07497
4 1 2 100000 0.07577
4 1 2 100000 0.07492
4 1 2 100000 0.07604
4 1 2 100000 0.07568
4 1 2 100000 0.07586
4 1 2 100000 0.07546
4 1 2 100000 0.0748
4 1 2 100000 0.07574
4 1 2 100000 0.07549
4 1 2 100000 0.07529
4 1 2 100000 0.07569
4 1 2 100000 0.07493
4 1 2 96205 0.1292
4 1 2 95759 0.1282
4 1 2 92984 0.1272
4 1 2 91475 0.1269
4 1 2 89693 0.1243
4 1 2 88690 0.1226
4 1 2 85181 0.1205
4 1 2 85000 0.06552
4 1 2 85000 0.06603
4 1 2 85000 0.06571
4 1 2 85000 0.06478
4 1 2 85000 0.06561
4 1 2 85000 0.06612
4 1 2 85000 0.06582
4 1 2 85000 0.06586
4 1 2 85000 0.06579
4 1 2 85000 0.06535
4 1 2 85000 0.06477
4 1 2 85000 0.06464
4 1 2 85000 0.06561
4 1 2 85000 0.06541
4 1 2 85000 0.06547
4 1 2 85000 0.06499
4 1 2 85000 0.06594
4 1 2 83748 0.1198
4 1 2 81729 0.1246
4 1 2 80631 0.1261
4 1 2 79196 0.1246
4 1 2 78885 0.1231
4 1 2 78093 0.1218
4 1 2 77414 0.1223
4 1 2 77089 0.1219
4 1 2 75621 0.119
4 1 2 75000 0.08018
4 1 2 75000 0.07874
4 1 2 75000 0.08002
4 1 2 75000 0.08073
4 1 2 75000 0.07888
4 1 2 75000 0.07926
4 1 2 75000 0.07931
4 1 2 75000 0.0789
4 1 2 75000 0.06662
4 1 2 75000 0.05491
4 1 2 75000 0.05555
4 1 2 75000 0.05549
4 1 2 75000 0.05503
4 1 2 75000 0.05442
4 1 2 75000 0.05536
4 1 2 75000 0.0547
4 1 2 74984 0.1084
4 1 2 74274 0.1093
4 1 2 72501 0.1076
4 1 2 53374 0.09171
4 1 2 52972 0.08648
4 1 2 52319 0.08945
4 1 2 51816 0.08738
4 1 2 51114 0.08587
4 1 2 50513 0.08618
4 1 2 50000 0.03246
4 1 2 50000 0.03258
4 1 2 50000 0.03263
4 1 2 50000 0.03278
4 1 2 50000 0.03257
4 1 2 50000 0.03246
4 1 2 50000 0.0325
4 1 2 50000 0.03251
4 1 2 50000 0.03229
4 1 2 50000 0.03234
4 1 2 50000 0.03269
4 1 2 50000 0.0322
4 1 2 50000 0.03208
4 1 2 50000 0.03226
4 1 2 50000 0.03192
4 1 2 50000 0.03211
4 1 2 50000 0.03224
4 1 2 49400 0.08348
4 1 2 46698 0.08159
4 1 2 36662 0.06569
4 1 2 36662 0.06542
4 1 2 36656 0.06433
4 1 2 35938 0.06353
4 1 2 35612 0.06286
4 1 2 35000 0.06153
4 1 2 35000 0.0215
4 1 2 35000 0.02169
4 1 2 35000 0.02144
4 1 2 35000 0.02141
4 1 2 35000 0.02149
4 1 2 35000 0.02135
4 1 2 35000 0.02159
4 1 2 35000 0.02146
4 1 2 35000 0.02145
4 1 2 35000 0.02158
4 1 2 35000 0.02156
4 1 2 35000 0.02148
4 1 2 35000 0.02178
4 1 2 35000 0.02156
4 1 2 35000 0.02177
4 1 2 35000 0.02158
4 1 2 35000 0.02154
4 1 2 34650 0.06166
4 1 2 33687 0.05916
4 1 2 25843 0.04791
4 1 2 25728 0.04698
4 1 2 25701 0.04747
4 1 2 25258 0.04535
4 1 2 25222 0.04692
4 1 2 25000 0.01017
4 1 2 25000 0.01006
4 1 2 25000 0.01015
4 1 2 25000 0.01003
4 1 2 25000 0.01017
4 1 2 25000 0.01015
4 1 2 25000 0.01
4 1 2 25000 0.01
4 1 2 25000 0.01008
4 1 2 25000 0.01006
4 1 2 25000 0.009993
4 1 2 25000 0.01012
4 1 2 25000 0.01014
4 1 2 25000 0.01006
4 1 2 25000 0.01009
4 1 2 25000 0.01009
4 1 2 24949 0.04595
4 1 2 24824 0.04582
4 1 2 24513 0.04442
4 1 2 24190 0.04478
4 1 2 15300 0.02944
4 1 2 15212 0.02853
4 1 2 15164 0.02882
4 1 2 15045 0.02849
4 1 2 15022 0.02843
4 1 2 15000 0.006704
4 1 2 15000 0.006653
4 1 2 15000 0.006602
4 1 2 15000 0.006535
4 1 2 15000 0.00671
4 1 2 15000 0.006668
4 1 2 15000 0.006697
4 1 2 15000 0.006624
4 1 2 15000 0.006658
4 1 2 15000 0.006602
4 1 2 15000 0.006655
4 1 2 15000 0.006678
4 1 2 15000 0.006613
4 1 2 15000 0.006665
4 1 2 15000 0.006715
4 1 2 15000 0.006603
4 1 2 15000 0.006716
4 1 2 14941 0.0284
4 1 2 14927 0.02838
4 1 2 14812 0.02834
4 1 2 10133 0.02025
4 1 2 10120 0.02038
4 1 2 10104 0.02057
4 1 2 10079 0.0202
4 1 2 10032 0.01986
4 1 2 10024 0.01979
4 1 2 10000 0.005215
4 1 2 10000 0.005179
4 1 2 10000 0.005172
4 1 2 10000 0.005156
4 1 2 10000 0.005159
4 1 2 10000 0.005168
4 1 2 10000 0.005181
4 1 2 10000 0.007135
4 1 2 10000 0.005157
4 1 2 10000 0.005154
4 1 2 10000 0.005128
4 1 2 10000 0.005133
4 1 2 10000 0.005148
4 1 2 10000 0.00513
4 1 2 10000 0.005132
4 1 2 10000 0.005157
4 1 2 10000 0.005164
4 1 2 9989 0.01986
4 1 2 9871 0.01991
4 1 3 115016 0.1441
4 1 3 114515 0.1591
4 1 3 112541 0.1717
4 1 3 111409 0.1496
4 1 3 105546 0.1359
4 1 3 105156 0.1342
4 1 3 101370 0.1323
4 1 3 100000 0.07518
4 1 3 100000 0.07453
4 1 3 100000 0.0739
4 1 3 100000 0.07488
4 1 3 100000 0.07473
4 1 3 100000 0.07456
4 1 3 100000 0.07554
4 1 3 100000 0.07396
4 1 3 100000 0.07526
4 1 3 100000 0.07375
4 1 3 100000 0.07504
4 1 3 100000 0.07478
4 1 3 100000 0.07447
4 1 3 100000 0.07434
4 1 3 100000 0.07466
4 1 3 100000 0.07472
4 1 3 98970 0.1318
4 1 3 98698 0.1314
4 1 3 96466 0.1297
4 1 3 93963 0.1279
4 1 3 91248 0.1269
4 1 3 90978 0.1244
4 1 3 87959 0.1219
4 1 3 86892 0.1201
4 1 3 85902 0.1193
4 1 3 85000 0.0658
4 1 3 85000 0.06557
4 1 3 85000 0.06495
4 1 3 85000 0.06488
4 1 3 85000 0.06454
4 1 3 85000 0.06493
4 1 3 85000 0.06518
4 1 3 85000 0.06434
4 1 3 85000 0.06471
4 1 3 85000 0.06506
4 1 3 85000 0.06509
4 1 3 85000 0.0643
4 1 3 85000 0.06497
4 1 3 85000 0.06559
4 1 3 85000 0.06494
4 1 3 85000 0.06454
4 1 3 84963 0.1219
4 1 3 83655 0.1178
4 1 3 81384 0.1181
4 1 3 78732 0.1135
4 1 3 78628 0.1129
4 1 3 78165 0.1141
4 1 3 77051 0.1121
4 1 3 75000 0.05449
4 1 3 75000 0.05518
4 1 3 75000 0.05568
4 1 3 75000 0.0552
4 1 3 75000 0.0555
4 1 3 75000 0.05551
4 1 3 75000 0.05519
4 1 3 75000 0.05555
4 1 3 75000 0.0555
4 1 3 75000 0.05506
4 1 3 75000 0.05489
4 1 3 75000 0.05524
4 1 3 75000 0.05486
4 1 3 75000 0.0552
4 1 3 75000 0.05485
4 1 3 75000 0.05472
4 1 3 75000 0.05491
4 1 3 75000 0.05504
4 1 3 71658 0.1077
4 1 3 70696 0.1069
4 1 3 55272 0.09236
4 1 3 54715 0.09215
4 1 3 54048 0.09127
4 1 3 52702 0.09149
4 1 3 51093 0.08778
4 1 3 50000 0.03232
4 1 3 50000 0.03246
4 1 3 50000 0.03234
4 1 3 50000 0.03237
4 1 3 50000 0.03239
4 1 3 50000 0.03229
4 1 3 50000 0.03233
4 1 3 50000 0.03244
4 1 3 50000 0.03234
4 1 3 50000 0.03256
4 1 3 50000 0.03259
4 1 3 50000 0.03266
4 1 3 50000 0.03242
4 1 3 50000 0.03263
4 1 3 50000 0.03246
4 1 3 50000 0.03219
4 1 3 50000 0.03233
4 1 3 48949 0.08157
4 1 3 48402 0.08436
4 1 3 44318 0.0782
4 1 3 38406 0.06663
4 1 3 37905 0.06676
4 1 3 37311 0.0652
4 1 3 36396 0.06525
4 1 3 35819 0.06419
4 1 3 35372 0.06456
4 1 3 35227 0.06419
4 1 3 35000 0.02148
4 1 3 35000 0.02129
4 1 3 35000 0.02163
4 1 3 35000 0.02146
4 1 3 35000 0.02173
4 1 3 35000 0.02151
4 1 3 35000 0.0215
4 1 3 35000 0.02147
4 1 3 35000 0.02167
4 1 3 35000 0.02165
4 1 3 35000 0.02175
4 1 3 35000 0.0215
4 1 3 35000 0.02152
4 1 3 35000 0.02134
4 1 3 35000 0.02137
4 1 3 35000 0.02161
4 1 3 35000 0.02153
4 1 3 34662 0.06114
4 1 3 26594 0.04803
4 1 3 25998 0.0473
4 1 3 25739 0.04701
4 1 3 25398 0.04652
4 1 3 25255 0.04617
4 1 3 25005 0.04554
4 1 3 25000 0.01007
4 1 3 25000 0.009929
4 1 3 25000 0.01005
4 1 3 25000 0.009904
4 1 3 25000 0.01007
4 1 3 25000 0.01018
4 1 3 25000 0.01006
4 1 3 25000 0.01006
4 1 3 25000 0.01033
4 1 3 25000 0.0101
4 1 3 25000 0.01021
4 1 3 25000 0.01016
4 1 3 25000 0.01015
4 1 3 25000 0.01006
4 1 3 25000 0.01014
4 1 3 25000 0.0101
4 1 3 25000 0.01001
4 1 3 24588 0.04504
4 1 3 24271 0.04482
4 1 3 15322 0.03034
4 1 3 15289 0.02991
4 1 3 15126 0.02856
4 1 3 15061 0.02883
4 1 3 15030 0.02873
4 1 3 15000 0.006675
4 1 3 15000 0.006653
4 1 3 15000 0.006686
4 1 3 15000 0.006628
4 1 3 15000 0.006606
4 1 3 15000 0.006679
4 1 3 15000 0.006604
4 1 3 15000 0.006651
4 1 3 15000 0.006569
4 1 3 15000 0.006598
4 1 3 15000 0.006703
4 1 3 15000 0.006657
4 1 3 15000 0.006659
4 1 3 15000 0.006652
4 1 3 15000 0.006592
4 1 3 15000 0.006564
4 1 3 14991 0.02826
4 1 3 14899 0.02903
4 1 3 14704 0.02817
4 1 3 14570 0.02877
4 1 3 10254 0.02096
4 1 3 10209 0.0212
4 1 3 10154 0.02063
4 1 3 10121 0.02047
4 1 3 10100 0.02009
4 1 3 10000 0.005292
4 1 3 10000 0.005187
4 1 3 10000 0.005218
4 1 3 10000 0.005221
4 1 3 10000 0.005155
4 1 3 10000 0.005172
4 1 3 10000 0.005136
4 1 3 10000 0.005142
4 1 3 10000 0.005172
4 1 3 10000 0.005145
4 1 3 10000 0.005195
4 1 3 10000 0.005193
4 1 3 10000 0.005161
4 1 3 10000 0.005204
4 1 3 10000 0.00516
4 1 3 10000 0.005237
4 1 3 10000 0.005226
4 1 3 9931 0.02034
4 1 3 9907 0.02044
4 1 3 9780 0.02006
4 1 4 119898 0.1511
4 1 4 119515 0.1801
4 1 4 116995 0.1782
4 1 4 113141 0.1606
4 1 4 110556 0.1399
4 1 4 106967 0.1354
4 1 4 105766 0.1362
4 1 4 104375 0.1347
4 1 4 100510 0.1308
4 1 4 100000 0.0762
4 1 4 100000 0.07508
4 1 4 100000 0.07651
4 1 4 100000 0.07505
4 1 4 100000 0.07639
4 1 4 100000 0.07603
4 1 4 100000 0.07575
4 1 4 100000 0.07545
4 1 4 100000 0.07526
4 1 4 100000 0.07538
4 1 4 100000 0.07542
4 1 4 100000 0.07526
4 1 4 100000 0.07533
4 1 4 100000 0.07533
4 1 4 100000 0.07549
4 1 4 100000 0.07623
4 1 4 100000 0.07511
4 1 4 97417 0.1284
4 1 4 91540 0.1234
4 1 4 91278 0.123
4 1 4 89001 0.1207
4 1 4 88670 0.1205
4 1 4 86113 0.1174
4 1 4 86086 0.1181
4 1 4 85000 0.06617
4 1 4 85000 0.06561
4 1 4 85000 0.06574
4 1 4 85000 0.06579
4 1 4 85000 0.06569
4 1 4 85000 0.06553
4 1 4 85000 0.06584
4 1 4 85000 0.06567
4 1 4 85000 0.06609
4 1 4 85000 0.06565
4 1 4 85000 0.06554
4 1 4 85000 0.06565
4 1 4 85000 0.06541
4 1 4 85000 0.0657
4 1 4 85000 0.06567
4 1 4 85000 0.06606
4 1 4 84690 0.1158
4 1 4 84343 0.1165
4 1 4 82145 0.1144
4 1 4 81342 0.1133
4 1 4 78358 0.1115
4 1 4 78072 0.1101
4 1 4 75000 0.05527
4 1 4 75000 0.05578
4 1 4 75000 0.05523
4 1 4 75000 0.0556
4 1 4 75000 0.05522
4 1 4 75000 0.05573
4 1 4 75000 0.05538
4 1 4 75000 0.05595
4 1 4 75000 0.05524
4 1 4 75000 0.05536
4 1 4 75000 0.05544
4 1 4 75000 0.05673
4 1 4 75000 0.0669
4 1 4 75000 0.05606
4 1 4 75000 0.0553
4 1 4 75000 0.05593
4 1 4 72685 0.1067
4 1 4 72609 0.1066
4 1 4 72357 0.1036
4 1 4 66761 0.1001
4 1 4 58056 0.09235
4 1 4 56644 0.09343
4 1 4 54622 0.08932
4 1 4 54445 0.0905
4 1 4 51723 0.08686
4 1 4 51681 0.0863
4 1 4 50000 0.03249
4 1 4 50000 0.0327
4 1 4 50000 0.03263
4 1 4 50000 0.03273
4 1 4 50000 0.03258
4 1 4 50000 0.0324
4 1 4 50000 0.03251
4 1 4 50000 0.03255
4 1 4 50000 0.03254
4 1 4 50000 0.03242
4 1 4 50000 0.03253
4 1 4 50000 0.03238
4 1 4 50000 0.03249
4 1 4 50000 0.03271
4 1 4 50000 0.03237
4 1 4 50000 0.03255
4 1 4 49491 0.08304
4 1 4 49348 0.08324
4 1 4 45942 0.07897
4 1 4 39657 0.06749
4 1 4 37196 0.06539
4 1 4 36829 0.06426
4 1 4 36675 0.06267
4 1 4 36473 0.06381
4 1 4 36141 0.06304
4 1 4 35068 0.06267
4 1 4 35000 0.0216
4 1 4 35000 0.02153
4 1 4 35000 0.0218
4 1 4 35000 0.02158
4 1 4 35000 0.02151
4 1 4 35000 0.02152
4 1 4 35000 0.02154
4 1 4 35000 0.02182
4 1 4 35000 0.02188
4 1 4 35000 0.02173
4 1 4 35000 0.02182
4 1 4 35000 0.0215
4 1 4 35000 0.02167
4 1 4 35000 0.02164
4 1 4 35000 0.02161
4 1 4 35000 0.02158
4 1 4 35000 0.0214
4 1 4 34610 0.06097
4 1 4 27296 0.05107
4 1 4 26735 0.04942
4 1 4 25986 0.0478
4 1 4 25807 0.0469
4 1 4 25263 0.04671
4 1 4 25000 0.01004
4 1 4 25000 0.01013
4 1 4 25000 0.01015
4 1 4 25000 0.01011
4 1 4 25000 0.0101
4 1 4 25000 0.01003
4 1 4 25000 0.01007
4 1 4 25000 0.01014
4 1 4 25000 0.009996
4 1 4 25000 0.01006
4 1 4 25000 0.01005
4 1 4 25000 0.01017
4 1 4 25000 0.01012
4 1 4 25000 0.01012
4 1 4 25000 0.01005
4 1 4 25000 0.01001
4 1 4 25000 0.01037
4 1 4 24998 0.04641
4 1 4 24611 0.04578
4 1 4 23430 0.04239
4 1 4 15592 0.03077
4 1 4 15398 0.03059
4 1 4 15281 0.02968
4 1 4 15169 0.0296
4 1 4 15111 0.02878
4 1 4 15000 0.006744
4 1 4 15000 0.00672
4 1 4 15000 0.006769
4 1 4 15000 0.006636
4 1 4 15000 0.006651
4 1 4 15000 0.006679
4 1 4 15000 0.00675
4 1 4 15000 0.006716
4 1 4 15000 0.006704
4 1 4 15000 0.006662
4 1 4 15000 0.0066
4 1 4 15000 0.00672
4 1 4 15000 0.006681
4 1 4 15000 0.006594
4 1 4 15000 0.006622
4 1 4 15000 0.006713
4 1 4 15000 0.006509
4 1 4 14910 0.02869
4 1 4 14863 0.02864
4 1 4 14429 0.0282
4 1 4 10310 0.02117
4 1 4 10257 0.02096
4 1 4 10192 0.02054
4 1 4 10143 0.02046
4 1 4 10064 0.02036
4 1 4 10044 0.02048
4 1 4 10000 0.005252
4 1 4 10000 0.005258
4 1 4 10000 0.00523
4 1 4 10000 0.005189
4 1 4 10000 0.0052
4 1 4 10000 0.005213
4 1 4 10000 0.00519
4 1 4 10000 0.00522
4 1 4 10000 0.005282
4 1 4 10000 0.005209
4 1 4 10000 0.005229
4 1 4 10000 0.005213
4 1 4 10000 0.005147
4 1 4 10000 0.005206
4 1 4 10000 0.005175
4 1 4 10000 0.005176
4 1 4 10000 0.005203
4 1 4 9946 0.02029
4 1 4 9826 0.02054
4 1 5 128556 0.2889
4 1 5 124514 0.2689
4 1 5 119605 0.1505
4 1 5 117705 0.1505
4 1 5 111977 0.1433
4 1 5 107753 0.1404
4 1 5 106059 0.1381
4 1 5 105014 0.1365
4 1 5 100437 0.1319
4 1 5 100000 0.07534
4 1 5 100000 0.07584
4 1 5 100000 0.07568
4 1 5 100000 0.07577
4 1 5 100000 0.07612
4 1 5 100000 0.07593
4 1 5 100000 0.0742
4 1 5 100000 0.07514
4 1 5 100000 0.07506
4 1 5 100000 0.07525
4 1 5 100000 0.07542
4 1 5 100000 0.07511
4 1 5 100000 0.07563
4 1 5 100000 0.07486
4 1 5 100000 0.0754
4 1 5 100000 0.07512
4 1 5 100000 0.07419
4 1 5 99821 0.1313
4 1 5 94086 0.1261
4 1 5 91671 0.1241
4 1 5 91419 0.1241
4 1 5 88309 0.1206
4 1 5 88097 0.12
4 1 5 87147 0.1197
4 1 5 85000 0.06519
4 1 5 85000 0.06533
4 1 5 85000 0.06522
4 1 5 85000 0.06482
4 1 5 85000 0.06557
4 1 5 85000 0.06528
4 1 5 85000 0.06532
4 1 5 85000 0.06485
4 1 5 85000 0.06574
4 1 5 85000 0.06487
4 1 5 85000 0.06533
4 1 5 85000 0.06518
4 1 5 85000 0.06559
4 1 5 85000 0.06541
4 1 5 85000 0.06553
4 1 5 85000 0.06528
4 1 5 85000 0.06492
4 1 5 84643 0.116
4 1 5 82921 0.1159
4 1 5 81722 0.1153
4 1 5 79817 0.1121
4 1 5 79299 0.1122
4 1 5 76509 0.1089
4 1 5 75395 0.109
4 1 5 75000 0.05541
4 1 5 75000 0.05503
4 1 5 75000 0.05508
4 1 5 75000 0.05452
4 1 5 75000 0.05478
4 1 5 75000 0.05506
4 1 5 75000 0.05478
4 1 5 75000 0.05488
4 1 5 75000 0.05497
4 1 5 75000 0.05529
4 1 5 75000 0.05474
4 1 5 75000 0.05454
4 1 5 75000 0.0546
4 1 5 75000 0.05456
4 1 5 75000 0.05514
4 1 5 75000 0.05467
4 1 5 75000 0.05529
4 1 5 61302 0.09839
4 1 5 60762 0.09873
4 1 5 58794 0.0948
4 1 5 57721 0.09469
4 1 5 54191 0.09074
4 1 5 53008 0.08829
4 1 5 50541 0.08473
4 1 5 50000 0.03224
4 1 5 50000 0.03214
4 1 5 50000 0.03226
4 1 5 50000 0.03216
4 1 5 50000 0.03233
4 1 5 50000 0.0326
4 1 5 50000 0.03257
4 1 5 50000 0.03246
4 1 5 50000 0.03231
4 1 5 50000 0.03245
4 1 5 50000 0.03229
4 1 5 50000 0.03252
4 1 5 50000 0.03234
4 1 5 50000 0.03226
4 1 5 50000 0.03219
4 1 5 50000 0.03238
4 1 5 50000 0.03197
4 1 5 47086 0.08003
4 1 5 45617 0.07774
4 1 5 39588 0.06856
4 1 5 38666 0.06776
4 1 5 37739 0.06542
4 1 5 37594 0.06543
4 1 5 36350 0.06386
4 1 5 35507 0.06295
4 1 5 35094 0.06286
4 1 5 35000 0.02171
4 1 5 35000 0.02158
4 1 5 35000 0.02153
4 1 5 35000 0.02158
4 1 5 35000 0.02158
4 1 5 35000 0.02135
4 1 5 35000 0.0215
4 1 5 35000 0.02172
4 1 5 35000 0.0215
4 1 5 35000 0.02135
4 1 5 35000 0.02124
4 1 5 35000 0.02146
4 1 5 35000 0.02144
4 1 5 35000 0.02122
4 1 5 35000 0.02133
4 1 5 35000 0.02141
4 1 5 34829 0.06236
4 1 5 33098 0.05954
4 1 5 27966 0.05204
4 1 5 26839 0.04977
4 1 5 26438 0.04947
4 1 5 25383 0.04793
4 1 5 25239 0.0474
4 1 5 25000 0.009969
4 1 5 25000 0.01003
4 1 5 25000 0.01012
4 1 5 25000 0.01011
4 1 5 25000 0.01003
4 1 5 25000 0.01012
4 1 5 25000 0.01008
4 1 5 25000 0.01005
4 1 5 25000 0.01007
4 1 5 25000 0.009951
4 1 5 25000 0.01003
4 1 5 25000 0.01022
4 1 5 25000 0.009935
4 1 5 25000 0.0102
4 1 5 25000 0.01
4 1 5 25000 0.01009
4 1 5 25000 0.0101
4 1 5 24907 0.04708
4 1 5 24722 0.04731
4 1 5 23046 0.04375
4 1 5 15817 0.03113
4 1 5 15524 0.03074
4 1 5 15419 0.03091
4 1 5 15319 0.03018
4 1 5 15198 0.02952
4 1 5 15131 0.03009
4 1 5 15076 0.02969
4 1 5 15000 0.006692
4 1 5 15000 0.006594
4 1 5 15000 0.006643
4 1 5 15000 0.006567
4 1 5 15000 0.006724
4 1 5 15000 0.006616
4 1 5 15000 0.006661
4 1 5 15000 0.006769
4 1 5 15000 0.006545
4 1 5 15000 0.006699
4 1 5 15000 0.006693
4 1 5 15000 0.006728
4 1 5 15000 0.006693
4 1 5 15000 0.006714
4 1 5 15000 0.006601
4 1 5 15000 0.006665
4 1 5 15000 0.00665
4 1 5 14715 0.02964
4 1 5 10386 0.02152
4 1 5 10293 0.02154
4 1 5 10257 0.02163
4 1 5 10087 0.02082
4 1 5 10072 0.02078
4 1 5 10024 0.02024
4 1 5 10000 0.005223
4 1 5 10000 0.005178
4 1 5 10000 0.005177
4 1 5 10000 0.005216
4 1 5 10000 0.005195
4 1 5 10000 0.005192
4 1 5 10000 0.005244
4 1 5 10000 0.00519
4 1 5 10000 0.005241
4 1 5 10000 0.005214
4 1 5 10000 0.005235
4 1 5 10000 0.005222
4 1 5 10000 0.005232
4 1 5 10000 0.005189
4 1 5 10000 0.005202
4 1 5 10000 0.005223
4 1 5 9963 0.02001
4 1 5 9893 0.02032
4 1 5 9875 0.02035
