8 6 1 100000 0.1445
8 6 1 100000 0.1348
8 6 1 100000 0.1041
8 6 1 100000 0.1036
8 6 1 100000 0.1017
8 6 1 100000 0.1027
8 6 1 100000 0.1024
8 6 1 100000 0.1036
8 6 1 100000 0.1054
8 6 1 100000 0.1052
8 6 1 100000 0.1187
8 6 1 100000 0.1398
8 6 1 85000 0.1241
8 6 1 85000 0.1238
8 6 1 85000 0.1225
8 6 1 85000 0.09385
8 6 1 85000 0.0914
8 6 1 85000 0.08932
8 6 1 85000 0.09085
8 6 1 85000 0.08731
8 6 1 85000 0.09025
8 6 1 85000 0.09253
8 6 1 85000 0.09085
8 6 1 85000 0.09384
8 6 1 85000 0.09088
8 6 1 75000 0.07978
8 6 1 75000 0.08033
8 6 1 75000 0.08155
8 6 1 75000 0.08031
8 6 1 75000 0.08085
8 6 1 75000 0.07998
8 6 1 75000 0.08269
8 6 1 75000 0.07931
8 6 1 75000 0.07886
8 6 1 75000 0.08241
8 6 1 75000 0.08158
8 6 1 75000 0.08308
8 6 1 75000 0.08369
8 6 1 50000 0.05658
8 6 1 50000 0.05777
8 6 1 50000 0.05885
8 6 1 50000 0.05836
8 6 1 50000 0.05845
8 6 1 50000 0.05852
8 6 1 50000 0.05839
8 6 1 50000 0.05929
8 6 1 50000 0.06132
8 6 1 50000 0.05887
8 6 1 50000 0.06075
8 6 1 50000 0.05978
8 6 1 35000 0.04165
8 6 1 35000 0.04246
8 6 1 35000 0.04155
8 6 1 35000 0.04168
8 6 1 35000 0.04052
8 6 1 35000 0.04231
8 6 1 35000 0.04203
8 6 1 35000 0.04014
8 6 1 35000 0.045
8 6 1 35000 0.0428
8 6 1 35000 0.04432
8 6 1 35000 0.04293
8 6 1 25000 0.02799
8 6 1 25000 0.02697
8 6 1 25000 0.02733
8 6 1 25000 0.02829
8 6 1 25000 0.02855
8 6 1 25000 0.02737
8 6 1 25000 0.02797
8 6 1 25000 0.02677
8 6 1 25000 0.02835
8 6 1 25000 0.02871
8 6 1 25000 0.02808
8 6 1 25000 0.02809
8 6 1 25000 0.02797
8 6 1 15000 0.01641
8 6 1 15000 0.01993
8 6 1 15000 0.01718
8 6 1 15000 0.01712
8 6 1 15000 0.01773
8 6 1 15000 0.01673
8 6 1 15000 0.01713
8 6 1 15000 0.01681
8 6 1 15000 0.01842
8 6 1 15000 0.01795
8 6 1 15000 0.01825
8 6 1 15000 0.01845
8 6 1 10000 0.0125
8 6 1 10000 0.01245
8 6 1 10000 0.01177
8 6 1 10000 0.01216
8 6 1 10000 0.01261
8 6 1 10000 0.01244
8 6 1 10000 0.0119
8 6 1 10000 0.01241
8 6 1 10000 0.01227
8 6 1 10000 0.01309
8 6 1 10000 0.01327
8 6 1 10000 0.01281
8 6 1 10000 0.01311
8 6 2 113463 0.1162
8 6 2 113086 0.1102
8 6 2 112795 0.1115
8 6 2 112557 0.1141
8 6 2 112332 0.1149
8 6 2 111815 0.112
8 6 2 110939 0.1112
8 6 2 109544 0.1112
8 6 2 106409 0.1101
8 6 2 106146 0.1063
8 6 2 102391 0.1095
8 6 2 100666 0.1042
8 6 2 94695 0.1013
8 6 2 94458 0.09549
8 6 2 94347 0.1001
8 6 2 94207 0.09159
8 6 2 94038 0.09503
8 6 2 93845 0.09729
8 6 2 93636 0.09674
8 6 2 93124 0.09906
8 6 2 90596 0.09609
8 6 2 89834 0.09536
8 6 2 87179 0.09363
8 6 2 86706 0.09449
8 6 2 82564 0.09114
8 6 2 82513 0.08742
8 6 2 82377 0.08716
8 6 2 82313 0.08881
8 6 2 82161 0.0888
8 6 2 82114 0.08775
8 6 2 82053 0.08687
8 6 2 81804 0.08643
8 6 2 81183 0.08201
8 6 2 80688 0.08413
8 6 2 79302 0.08568
8 6 2 77460 0.08419
8 6 2 75826 0.0858
8 6 2 53383 0.0665
8 6 2 53372 0.06156
8 6 2 53357 0.06394
8 6 2 53332 0.06427
8 6 2 53310 0.06137
8 6 2 53269 0.06708
8 6 2 53228 0.06229
8 6 2 53147 0.06344
8 6 2 52921 0.0629
8 6 2 52770 0.06458
8 6 2 52076 0.06159
8 6 2 50044 0.06031
8 6 2 48875 0.05867
8 6 2 36662 0.04418
8 6 2 36619 0.04211
8 6 2 36606 0.04206
8 6 2 36587 0.04209
8 6 2 36569 0.04418
8 6 2 36564 0.04198
8 6 2 36507 0.0437
8 6 2 36312 0.044
8 6 2 35961 0.04195
8 6 2 35732 0.04167
8 6 2 35087 0.04167
8 6 2 34650 0.04074
8 6 2 33830 0.03907
8 6 2 25842 0.03032
8 6 2 25829 0.02959
8 6 2 25820 0.02848
8 6 2 25816 0.02756
8 6 2 25791 0.02703
8 6 2 25781 0.02928
8 6 2 25745 0.02744
8 6 2 25680 0.02813
8 6 2 25490 0.02979
8 6 2 25250 0.02715
8 6 2 24455 0.02806
8 6 2 24261 0.02647
8 6 2 15303 0.018
8 6 2 15302 0.01736
8 6 2 15300 0.01835
8 6 2 15296 0.01748
8 6 2 15295 0.01861
8 6 2 15291 0.01715
8 6 2 15286 0.01761
8 6 2 15284 0.01785
8 6 2 15277 0.01718
8 6 2 15199 0.01744
8 6 2 15099 0.01793
8 6 2 14875 0.0172
8 6 2 14697 0.01779
8 6 2 10134 0.01293
8 6 2 10134 0.01319
8 6 2 10133 0.01236
8 6 2 10132 0.01279
8 6 2 10131 0.01263
8 6 2 10130 0.01282
8 6 2 10129 0.01311
8 6 2 10126 0.01258
8 6 2 10123 0.01231
8 6 2 10041 0.01282
8 6 2 10009 0.01309
8 6 2 9874 0.01263
8 6 3 128085 0.2372
8 6 3 127429 0.2402
8 6 3 126930 0.2369
8 6 3 125339 0.2333
8 6 3 124324 0.2402
8 6 3 122343 0.1768
8 6 3 119966 0.1649
8 6 3 117712 0.1316
8 6 3 115914 0.1307
8 6 3 113120 0.1254
8 6 3 107307 0.1207
8 6 3 107307 0.1205
8 6 3 105176 0.1193
8 6 3 104845 0.1237
8 6 3 104465 0.1179
8 6 3 103703 0.1168
8 6 3 103133 0.1179
8 6 3 101945 0.1155
8 6 3 100888 0.1141
8 6 3 100850 0.1162
8 6 3 97835 0.1132
8 6 3 97139 0.1121
8 6 3 95228 0.1089
8 6 3 91321 0.1075
8 6 3 90790 0.1028
8 6 3 90207 0.09865
8 6 3 89873 0.1013
8 6 3 89478 0.103
8 6 3 89066 0.1035
8 6 3 88533 0.1054
8 6 3 87054 0.1032
8 6 3 86893 0.1016
8 6 3 86535 0.1041
8 6 3 85340 0.1032
8 6 3 84720 0.101
8 6 3 77560 0.09102
8 6 3 75007 0.08823
8 6 3 71436 0.08717
8 6 3 56839 0.06971
8 6 3 56748 0.07278
8 6 3 56693 0.07161
8 6 3 56481 0.06991
8 6 3 56288 0.07181
8 6 3 56022 0.06915
8 6 3 55146 0.06784
8 6 3 54744 0.07005
8 6 3 53473 0.0687
8 6 3 53277 0.06625
8 6 3 51183 0.06589
8 6 3 48189 0.06135
8 6 3 38314 0.04576
8 6 3 38263 0.0479
8 6 3 38233 0.04713
8 6 3 38141 0.04682
8 6 3 38036 0.045
8 6 3 37779 0.04772
8 6 3 37337 0.04644
8 6 3 37124 0.04516
8 6 3 36794 0.04691
8 6 3 36564 0.0463
8 6 3 35784 0.04748
8 6 3 34702 0.04438
8 6 3 26706 0.03027
8 6 3 26693 0.03178
8 6 3 26660 0.0295
8 6 3 26623 0.02943
8 6 3 26621 0.02927
8 6 3 26600 0.0294
8 6 3 26571 0.02858
8 6 3 26506 0.02965
8 6 3 26281 0.02863
8 6 3 26088 0.02917
8 6 3 25596 0.02971
8 6 3 25076 0.02842
8 6 3 24676 0.02984
8 6 3 15603 0.01762
8 6 3 15600 0.01834
8 6 3 15588 0.01861
8 6 3 15586 0.01848
8 6 3 15579 0.01807
8 6 3 15568 0.01867
8 6 3 15478 0.0186
8 6 3 15410 0.01827
8 6 3 15326 0.01969
8 6 3 15219 0.01916
8 6 3 15145 0.01942
8 6 3 15007 0.01788
8 6 3 10271 0.01288
8 6 3 10268 0.01377
8 6 3 10265 0.01314
8 6 3 10264 0.01333
8 6 3 10262 0.01284
8 6 3 10260 0.01397
8 6 3 10253 0.01344
8 6 3 10209 0.01361
8 6 3 10190 0.01291
8 6 3 10155 0.01284
8 6 3 10107 0.01316
8 6 3 10057 0.01278
8 6 3 9982 0.01229
8 6 4 144044 0.1979
8 6 4 143571 0.2052
8 6 4 140090 0.1949
8 6 4 138126 0.2003
8 6 4 135479 0.188
8 6 4 134323 0.2288
8 6 4 132817 0.2472
8 6 4 129249 0.2378
8 6 4 128121 0.2355
8 6 4 124674 0.1898
8 6 4 119035 0.1307
8 6 4 116680 0.1283
8 6 4 115923 0.1259
8 6 4 115765 0.1247
8 6 4 115069 0.1305
8 6 4 113254 0.1229
8 6 4 112554 0.123
8 6 4 112103 0.1222
8 6 4 110699 0.1192
8 6 4 109008 0.1227
8 6 4 108556 0.1216
8 6 4 105411 0.1184
8 6 4 102117 0.1182
8 6 4 101831 0.1177
8 6 4 98969 0.1097
8 6 4 98686 0.1105
8 6 4 98317 0.1097
8 6 4 97248 0.1106
8 6 4 97030 0.1098
8 6 4 96000 0.1058
8 6 4 95225 0.1089
8 6 4 93556 0.1072
8 6 4 92611 0.1057
8 6 4 90771 0.108
8 6 4 87455 0.09873
8 6 4 85302 0.1002
8 6 4 83527 0.1
8 6 4 60688 0.07648
8 6 4 60540 0.07619
8 6 4 60485 0.07724
8 6 4 60369 0.07546
8 6 4 60040 0.07464
8 6 4 59709 0.07278
8 6 4 59257 0.07341
8 6 4 58758 0.0726
8 6 4 58135 0.07214
8 6 4 56656 0.06948
8 6 4 55992 0.06991
8 6 4 54569 0.06751
8 6 4 51948 0.06628
8 6 4 40072 0.04892
8 6 4 39980 0.04883
8 6 4 39950 0.04899
8 6 4 39777 0.04834
8 6 4 39571 0.04978
8 6 4 39047 0.04992
8 6 4 38965 0.04902
8 6 4 38550 0.04926
8 6 4 38470 0.04948
8 6 4 38107 0.04592
8 6 4 37338 0.04571
8 6 4 36432 0.04662
8 6 4 35498 0.04551
8 6 4 27539 0.02916
8 6 4 27529 0.03187
8 6 4 27486 0.02931
8 6 4 27473 0.02906
8 6 4 27438 0.02945
8 6 4 27416 0.03144
8 6 4 27148 0.02954
8 6 4 26880 0.03137
8 6 4 26698 0.03171
8 6 4 25911 0.02915
8 6 4 25600 0.02943
8 6 4 24646 0.02829
8 6 4 15903 0.01819
8 6 4 15899 0.01856
8 6 4 15893 0.01868
8 6 4 15878 0.01848
8 6 4 15871 0.01829
8 6 4 15859 0.01784
8 6 4 15732 0.0176
8 6 4 15653 0.01988
8 6 4 15517 0.01824
8 6 4 15449 0.01958
8 6 4 15306 0.01916
8 6 4 15031 0.0187
8 6 4 10405 0.01336
8 6 4 10402 0.01352
8 6 4 10398 0.01346
8 6 4 10397 0.01355
8 6 4 10394 0.01357
8 6 4 10386 0.01283
8 6 4 10371 0.01258
8 6 4 10341 0.01318
8 6 4 10291 0.01323
8 6 4 10257 0.01357
8 6 4 10152 0.013
8 6 4 10114 0.01262
8 6 4 10036 0.01299
8 6 5 161063 0.214
8 6 5 159145 0.262
8 6 5 157578 0.207
8 6 5 152753 0.263
8 6 5 150741 0.2646
8 6 5 147412 0.2068
8 6 5 146754 0.1856
8 6 5 144111 0.1845
8 6 5 134911 0.1679
8 6 5 133134 0.171
8 6 5 129159 0.1708
8 6 5 128347 0.1714
8 6 5 126600 0.1844
8 6 5 125829 0.1726
8 6 5 124509 0.1667
8 6 5 124107 0.1728
8 6 5 123629 0.1737
8 6 5 121686 0.1174
8 6 5 121096 0.1165
8 6 5 117345 0.1145
8 6 5 116829 0.1141
8 6 5 114483 0.1104
8 6 5 109084 0.1126
8 6 5 108543 0.1014
8 6 5 108142 0.1065
8 6 5 107680 0.1104
8 6 5 107202 0.1068
8 6 5 106476 0.107
8 6 5 105483 0.1072
8 6 5 104900 0.1043
8 6 5 102866 0.1084
8 6 5 102186 0.1021
8 6 5 98580 0.1015
8 6 5 95541 0.09683
8 6 5 93565 0.09778
8 6 5 90479 0.0954
8 6 5 79613 0.08654
8 6 5 79404 0.08635
8 6 5 64383 0.0688
8 6 5 64255 0.06774
8 6 5 63645 0.06991
8 6 5 63540 0.06953
8 6 5 63238 0.07257
8 6 5 62019 0.07051
8 6 5 60582 0.0723
8 6 5 60161 0.06929
8 6 5 58771 0.06996
8 6 5 56290 0.06665
8 6 5 54231 0.06523
8 6 5 47834 0.05872
8 6 5 41858 0.04814
8 6 5 41785 0.04899
8 6 5 41751 0.04861
8 6 5 41446 0.04742
8 6 5 41024 0.04656
8 6 5 40768 0.0487
8 6 5 40310 0.04782
8 6 5 40081 0.04661
8 6 5 39269 0.04737
8 6 5 38877 0.04464
8 6 5 37852 0.04414
8 6 5 37231 0.04457
8 6 5 28531 0.03239
8 6 5 28484 0.03108
8 6 5 28421 0.03055
8 6 5 28358 0.02993
8 6 5 28347 0.03001
8 6 5 28333 0.03088
8 6 5 28185 0.03028
8 6 5 28039 0.02918
8 6 5 27787 0.03168
8 6 5 27596 0.03249
8 6 5 26709 0.02877
8 6 5 26340 0.03001
8 6 5 25475 0.02932
8 6 5 16223 0.01819
8 6 5 16209 0.01888
8 6 5 16198 0.01856
8 6 5 16191 0.01889
8 6 5 16190 0.01841
8 6 5 16170 0.01817
8 6 5 16054 0.01841
8 6 5 16025 0.01848
8 6 5 15813 0.01756
8 6 5 15681 0.01988
8 6 5 15609 0.0192
8 6 5 15183 0.01875
8 6 5 14974 0.01904
8 6 5 10536 0.01302
8 6 5 10534 0.0131
8 6 5 10532 0.01329
8 6 5 10529 0.01283
8 6 5 10521 0.01317
8 6 5 10474 0.0129
8 6 5 10422 0.01361
8 6 5 10395 0.01334
8 6 5 10329 0.01344
8 6 5 10280 0.01373
8 6 5 10226 0.01381
8 6 5 9879 0.01321
