16 10 1 100000 0.1535
16 10 1 100000 0.1113
16 10 1 100000 0.137
16 10 1 100000 0.1386
16 10 1 100000 0.1345
16 10 1 100000 0.1359
16 10 1 85000 0.1199
16 10 1 85000 0.1172
16 10 1 85000 0.1204
16 10 1 85000 0.1184
16 10 1 85000 0.1175
16 10 1 85000 0.1173
16 10 1 75000 0.1057
16 10 1 75000 0.1034
16 10 1 75000 0.1021
16 10 1 75000 0.1033
16 10 1 75000 0.09909
16 10 1 75000 0.08041
16 10 1 75000 0.07832
16 10 1 50000 0.0592
16 10 1 50000 0.05822
16 10 1 50000 0.05956
16 10 1 50000 0.0577
16 10 1 50000 0.05745
16 10 1 35000 0.04411
16 10 1 35000 0.04168
16 10 1 35000 0.04326
16 10 1 35000 0.04389
16 10 1 35000 0.04327
16 10 1 35000 0.04034
16 10 1 35000 0.04176
16 10 1 25000 0.02964
16 10 1 25000 0.0278
16 10 1 25000 0.02847
16 10 1 25000 0.02997
16 10 1 25000 0.03069
16 10 1 25000 0.0267
16 10 1 15000 0.01794
16 10 1 15000 0.01839
16 10 1 15000 0.01764
16 10 1 15000 0.01779
16 10 1 15000 0.01813
16 10 1 15000 0.01764
16 10 1 15000 0.01669
16 10 1 10000 0.01285
16 10 1 10000 0.01296
16 10 1 10000 0.01245
16 10 1 10000 0.01276
16 10 1 10000 0.01228
16 10 1 10000 0.01242
16 10 2 112935 0.1102
16 10 2 112420 0.1078
16 10 2 108880 0.1044
16 10 2 105151 0.1012
16 10 2 103900 0.1048
16 10 2 98984 0.1024
16 10 2 94631 0.09737
16 10 2 93845 0.094
16 10 2 92357 0.09576
16 10 2 90126 0.09541
16 10 2 85402 0.08959
16 10 2 82888 0.08768
16 10 2 82334 0.08345
16 10 2 82066 0.0874
16 10 2 80901 0.08624
16 10 2 77209 0.08367
16 10 2 77054 0.08206
16 10 2 73814 0.08131
16 10 2 72791 0.0806
16 10 2 53232 0.0615
16 10 2 52949 0.06436
16 10 2 52166 0.06159
16 10 2 51150 0.05906
16 10 2 48914 0.0588
16 10 2 36662 0.04379
16 10 2 36626 0.04331
16 10 2 36594 0.04121
16 10 2 36546 0.0408
16 10 2 36004 0.04434
16 10 2 35266 0.04296
16 10 2 34475 0.04184
16 10 2 25842 0.03013
16 10 2 25835 0.02865
16 10 2 25816 0.02762
16 10 2 25700 0.03022
16 10 2 25268 0.0284
16 10 2 24560 0.02885
16 10 2 15303 0.01823
16 10 2 15301 0.01839
16 10 2 15294 0.01775
16 10 2 15287 0.01823
16 10 2 15160 0.01862
16 10 2 14907 0.0178
16 10 2 14738 0.01663
16 10 2 10133 0.01329
16 10 2 10130 0.01346
16 10 2 10121 0.01296
16 10 2 10070 0.01332
16 10 2 9986 0.01246
16 10 2 9900 0.01272
16 10 3 126188 0.1728
16 10 3 124743 0.1713
16 10 3 112515 0.1122
16 10 3 110983 0.1127
16 10 3 104600 0.1054
16 10 3 104219 0.1043
16 10 3 100468 0.1034
16 10 3 99576 0.1012
16 10 3 94378 0.09649
16 10 3 93843 0.09819
16 10 3 89769 0.09133
16 10 3 88067 0.09369
16 10 3 87379 0.0983
16 10 3 84261 0.09003
16 10 3 82946 0.08801
16 10 3 82393 0.08836
16 10 3 80637 0.08778
16 10 3 73590 0.08301
16 10 3 67027 0.07701
16 10 3 56643 0.06276
16 10 3 55422 0.06414
16 10 3 54286 0.06396
16 10 3 52171 0.06273
16 10 3 50416 0.05983
16 10 3 45578 0.05508
16 10 3 38199 0.04432
16 10 3 37367 0.04365
16 10 3 36608 0.04282
16 10 3 35947 0.04281
16 10 3 34994 0.04296
16 10 3 32406 0.03778
16 10 3 26675 0.03064
16 10 3 26570 0.02708
16 10 3 26130 0.02811
16 10 3 25660 0.02948
16 10 3 25003 0.02959
16 10 3 24328 0.02757
16 10 3 15602 0.01818
16 10 3 15586 0.01747
16 10 3 15574 0.01868
16 10 3 15450 0.01935
16 10 3 15203 0.01819
16 10 3 14969 0.01777
16 10 3 14649 0.01828
16 10 3 10264 0.01309
16 10 3 10258 0.01276
16 10 3 10157 0.01371
16 10 3 10087 0.01255
16 10 3 10015 0.01264
16 10 3 9990 0.01213
16 10 4 137580 0.185
16 10 4 133937 0.192
16 10 4 125628 0.1888
16 10 4 116793 0.1181
16 10 4 115667 0.1115
16 10 4 113468 0.1125
16 10 4 107665 0.1067
16 10 4 106500 0.109
16 10 4 100677 0.1045
16 10 4 98255 0.0985
16 10 4 96211 0.1014
16 10 4 94863 0.09775
16 10 4 89892 0.09177
16 10 4 89723 0.09592
16 10 4 86202 0.09223
16 10 4 84256 0.08934
16 10 4 83811 0.09067
16 10 4 76541 0.08625
16 10 4 75228 0.08236
16 10 4 59613 0.06646
16 10 4 58586 0.07009
16 10 4 56684 0.06349
16 10 4 52478 0.06292
16 10 4 50363 0.06085
16 10 4 40209 0.04986
16 10 4 39912 0.04674
16 10 4 38982 0.04786
16 10 4 38192 0.04706
16 10 4 36752 0.04482
16 10 4 36384 0.0418
16 10 4 33708 0.04152
16 10 4 27582 0.02951
16 10 4 27444 0.03061
16 10 4 27091 0.03194
16 10 4 26206 0.0276
16 10 4 25584 0.03108
16 10 4 25497 0.03065
16 10 4 15908 0.01858
16 10 4 15892 0.01881
16 10 4 15859 0.01935
16 10 4 15602 0.01826
16 10 4 15342 0.01933
16 10 4 15265 0.01944
16 10 4 14641 0.0185
16 10 4 10401 0.01315
16 10 4 10393 0.01331
16 10 4 10295 0.01452
16 10 4 10209 0.01345
16 10 4 10086 0.0131
16 10 4 9984 0.01371
16 10 5 153186 0.1855
16 10 5 148152 0.1817
16 10 5 129258 0.1827
16 10 5 126301 0.1806
16 10 5 122839 0.1173
16 10 5 114295 0.1119
16 10 5 109987 0.1112
16 10 5 108960 0.1047
16 10 5 106192 0.107
16 10 5 105453 0.1039
16 10 5 97287 0.1002
16 10 5 90710 0.09492
16 10 5 90708 0.09301
16 10 5 89209 0.09117
16 10 5 86464 0.08966
16 10 5 84739 0.08933
16 10 5 78880 0.08461
16 10 5 78217 0.08349
16 10 5 64116 0.06818
16 10 5 63626 0.06933
16 10 5 62496 0.0648
16 10 5 59109 0.06806
16 10 5 55698 0.06273
16 10 5 54441 0.063
16 10 5 41808 0.04678
16 10 5 41443 0.04635
16 10 5 40055 0.04489
16 10 5 38044 0.04461
16 10 5 37360 0.04431
16 10 5 35991 0.04342
16 10 5 35551 0.04131
16 10 5 28261 0.02801
16 10 5 27983 0.02913
16 10 5 26571 0.02955
16 10 5 25923 0.02899
16 10 5 25608 0.0307
16 10 5 23866 0.02835
16 10 5 16198 0.01776
16 10 5 16126 0.01853
16 10 5 15923 0.0178
16 10 5 15609 0.01794
16 10 5 15434 0.01927
16 10 5 15006 0.01812
16 10 5 14598 0.01815
16 10 5 10536 0.01249
16 10 5 10511 0.013
16 10 5 10359 0.01239
16 10 5 10256 0.01342
16 10 5 10128 0.01319
16 10 5 10000 0.01264
