16 4 1 100000 0.1446
16 4 1 100000 0.1358
16 4 1 100000 0.1322
16 4 1 100000 0.1294
16 4 1 100000 0.1291
16 4 1 100000 0.1293
16 4 1 85000 0.1156
16 4 1 85000 0.1153
16 4 1 85000 0.1171
16 4 1 85000 0.1147
16 4 1 85000 0.1154
16 4 1 85000 0.1155
16 4 1 85000 0.1152
16 4 1 75000 0.1062
16 4 1 75000 0.106
16 4 1 75000 0.1065
16 4 1 75000 0.1062
16 4 1 75000 0.1051
16 4 1 50000 0.08374
16 4 1 50000 0.09476
16 4 1 50000 0.09354
16 4 1 50000 0.09296
16 4 1 50000 0.09443
16 4 1 50000 0.09477
16 4 1 50000 0.092
16 4 1 35000 0.06491
16 4 1 35000 0.06442
16 4 1 35000 0.06259
16 4 1 35000 0.06106
16 4 1 35000 0.0615
16 4 1 35000 0.06193
16 4 1 25000 0.0467
16 4 1 25000 0.04562
16 4 1 25000 0.04587
16 4 1 25000 0.04536
16 4 1 25000 0.04606
16 4 1 25000 0.04538
16 4 1 25000 0.04573
16 4 1 15000 0.02816
16 4 1 15000 0.02852
16 4 1 15000 0.02798
16 4 1 15000 0.02801
16 4 1 15000 0.0277
16 4 1 15000 0.02862
16 4 1 10000 0.01906
16 4 1 10000 0.01943
16 4 1 10000 0.01961
16 4 1 10000 0.01909
16 4 1 10000 0.01972
16 4 1 10000 0.01937
16 4 2 113554 0.1453
16 4 2 107503 0.1364
16 4 2 103939 0.1358
16 4 2 102827 0.1349
16 4 2 98021 0.1281
16 4 2 97376 0.1293
16 4 2 92689 0.1231
16 4 2 87254 0.1184
16 4 2 86683 0.1173
16 4 2 85324 0.1176
16 4 2 83113 0.1156
16 4 2 81403 0.1127
16 4 2 81197 0.1132
16 4 2 79713 0.1112
16 4 2 78645 0.1114
16 4 2 77460 0.1087
16 4 2 75162 0.1077
16 4 2 72429 0.1063
16 4 2 70722 0.1051
16 4 2 52907 0.09007
16 4 2 51942 0.0866
16 4 2 50818 0.0853
16 4 2 49791 0.08225
16 4 2 47958 0.08117
16 4 2 36662 0.06434
16 4 2 36662 0.06463
16 4 2 36234 0.06339
16 4 2 35962 0.0634
16 4 2 35283 0.0621
16 4 2 34912 0.06264
16 4 2 33775 0.05863
16 4 2 25817 0.04744
16 4 2 25586 0.04756
16 4 2 25171 0.04592
16 4 2 24667 0.04608
16 4 2 24303 0.04438
16 4 2 24156 0.04476
16 4 2 15300 0.02964
16 4 2 15295 0.02867
16 4 2 15267 0.02912
16 4 2 15028 0.02862
16 4 2 14999 0.02849
16 4 2 14967 0.02817
16 4 2 14727 0.02798
16 4 2 10133 0.02019
16 4 2 10114 0.02003
16 4 2 10078 0.01966
16 4 2 10023 0.01953
16 4 2 9989 0.01965
16 4 2 9876 0.01956
16 4 3 122681 0.1521
16 4 3 113902 0.1428
16 4 3 106317 0.1383
16 4 3 104824 0.139
16 4 3 97294 0.1278
16 4 3 95966 0.1271
16 4 3 95048 0.1265
16 4 3 89458 0.1231
16 4 3 89227 0.1204
16 4 3 88508 0.1189
16 4 3 84985 0.1172
16 4 3 83868 0.1158
16 4 3 79762 0.1127
16 4 3 79573 0.1123
16 4 3 78081 0.1103
16 4 3 76128 0.109
16 4 3 75142 0.108
16 4 3 71596 0.1058
16 4 3 70994 0.1052
16 4 3 53408 0.08848
16 4 3 52676 0.08775
16 4 3 51748 0.08551
16 4 3 50197 0.08483
16 4 3 48303 0.08137
16 4 3 38385 0.06639
16 4 3 37846 0.06575
16 4 3 37152 0.06683
16 4 3 36072 0.07156
16 4 3 34952 0.07068
16 4 3 33910 0.06782
16 4 3 33458 0.06438
16 4 3 26452 0.05211
16 4 3 25447 0.04985
16 4 3 25429 0.05033
16 4 3 24921 0.04908
16 4 3 24684 0.04927
16 4 3 24477 0.04887
16 4 3 15606 0.03192
16 4 3 15575 0.03194
16 4 3 15254 0.03156
16 4 3 15190 0.03074
16 4 3 15098 0.03121
16 4 3 15001 0.0306
16 4 3 14839 0.02995
16 4 3 10188 0.02158
16 4 3 10154 0.02153
16 4 3 10097 0.02094
16 4 3 10060 0.02159
16 4 3 9940 0.02076
16 4 3 9855 0.02071
16 4 4 137251 0.2843
16 4 4 114567 0.1467
16 4 4 111828 0.1544
16 4 4 106778 0.1374
16 4 4 100619 0.1326
16 4 4 98634 0.1285
16 4 4 97749 0.1293
16 4 4 93253 0.1247
16 4 4 91320 0.1222
16 4 4 89890 0.1223
16 4 4 85372 0.1161
16 4 4 85211 0.1422
16 4 4 83002 0.1381
16 4 4 82079 0.1311
16 4 4 79033 0.1356
16 4 4 78394 0.1345
16 4 4 73521 0.1265
16 4 4 69369 0.1246
16 4 4 69369 0.1253
16 4 4 55607 0.1068
16 4 4 53226 0.1016
16 4 4 49766 0.09592
16 4 4 49058 0.09616
16 4 4 48394 0.09241
16 4 4 40182 0.07713
16 4 4 39326 0.07574
16 4 4 38209 0.07374
16 4 4 37053 0.07155
16 4 4 35349 0.06973
16 4 4 34169 0.06676
16 4 4 32853 0.063
16 4 4 27233 0.05372
16 4 4 25743 0.05073
16 4 4 25659 0.05125
16 4 4 24990 0.04922
16 4 4 24613 0.04854
16 4 4 24097 0.04818
16 4 4 23663 0.048
16 4 4 15518 0.0329
16 4 4 15418 0.03212
16 4 4 15251 0.03061
16 4 4 15096 0.03106
16 4 4 14892 0.03108
16 4 4 10358 0.02261
16 4 4 10233 0.02137
16 4 4 10113 0.02135
16 4 4 10006 0.02084
16 4 4 9982 0.02026
16 4 4 9890 0.02089
16 4 4 9778 0.02077
16 4 5 141204 0.2844
16 4 5 117080 0.1463
16 4 5 109822 0.1396
16 4 5 109707 0.1414
16 4 5 101035 0.1654
16 4 5 100322 0.1648
16 4 5 97193 0.1619
16 4 5 93665 0.1565
16 4 5 92347 0.1561
16 4 5 88608 0.1481
16 4 5 87396 0.1426
16 4 5 84939 0.1449
16 4 5 84189 0.1432
16 4 5 82080 0.1334
16 4 5 80949 0.1126
16 4 5 77652 0.1086
16 4 5 75847 0.1091
16 4 5 72036 0.1054
16 4 5 59667 0.09483
16 4 5 56570 0.09194
16 4 5 54748 0.08929
16 4 5 51792 0.08492
16 4 5 50567 0.08452
16 4 5 47480 0.07961
16 4 5 47280 0.08083
16 4 5 38378 0.06584
16 4 5 37294 0.06581
16 4 5 36650 0.06305
16 4 5 35595 0.06349
16 4 5 34290 0.06143
16 4 5 33094 0.05876
16 4 5 27313 0.0501
16 4 5 26118 0.04817
16 4 5 25394 0.04712
16 4 5 24990 0.04616
16 4 5 24564 0.04558
16 4 5 24154 0.04495
16 4 5 16175 0.03096
16 4 5 15725 0.03037
16 4 5 15562 0.03066
16 4 5 15370 0.03058
16 4 5 15305 0.02995
16 4 5 15193 0.02946
16 4 5 14687 0.02866
16 4 5 10296 0.02142
16 4 5 10151 0.02042
16 4 5 10118 0.01984
16 4 5 10057 0.01975
16 4 5 9983 0.0196
16 4 5 9842 0.01997
