16 9 1 100000 0.1149
16 9 1 100000 0.11
16 9 1 100000 0.1068
16 9 1 100000 0.1024
16 9 1 100000 0.1066
16 9 1 100000 0.1053
16 9 1 85000 0.09335
16 9 1 85000 0.09259
16 9 1 85000 0.09171
16 9 1 85000 0.0916
16 9 1 85000 0.09214
16 9 1 85000 0.08908
16 9 1 85000 0.09189
16 9 1 75000 0.08484
16 9 1 75000 0.08471
16 9 1 75000 0.1045
16 9 1 75000 0.1124
16 9 1 75000 0.09536
16 9 1 75000 0.08308
16 9 1 50000 0.05878
16 9 1 50000 0.05982
16 9 1 50000 0.05995
16 9 1 50000 0.05962
16 9 1 50000 0.06105
16 9 1 50000 0.05972
16 9 1 50000 0.06031
16 9 1 35000 0.04347
16 9 1 35000 0.04353
16 9 1 35000 0.04448
16 9 1 35000 0.04384
16 9 1 35000 0.04196
16 9 1 25000 0.02807
16 9 1 25000 0.02709
16 9 1 25000 0.02946
16 9 1 25000 0.02772
16 9 1 25000 0.02847
16 9 1 25000 0.03017
16 9 1 15000 0.01813
16 9 1 15000 0.01898
16 9 1 15000 0.01813
16 9 1 15000 0.0185
16 9 1 15000 0.0177
16 9 1 15000 0.01769
16 9 1 15000 0.01819
16 9 1 10000 0.0127
16 9 1 10000 0.01261
16 9 1 10000 0.01274
16 9 1 10000 0.01309
16 9 1 10000 0.01294
16 9 1 10000 0.01244
16 9 2 109238 0.1104
16 9 2 108302 0.1108
16 9 2 105377 0.106
16 9 2 104752 0.1061
16 9 2 103028 0.1065
16 9 2 98984 0.1019
16 9 2 94631 0.09829
16 9 2 92417 0.09821
16 9 2 91434 0.09475
16 9 2 89883 0.0945
16 9 2 85061 0.09049
16 9 2 82622 0.08983
16 9 2 80901 0.08666
16 9 2 80283 0.08784
16 9 2 78015 0.08148
16 9 2 77209 0.08375
16 9 2 76536 0.08511
16 9 2 74592 0.08207
16 9 2 74114 0.08348
16 9 2 53360 0.06474
16 9 2 52949 0.06442
16 9 2 52166 0.06121
16 9 2 51150 0.05873
16 9 2 50214 0.05941
16 9 2 48655 0.05864
16 9 2 36662 0.04541
16 9 2 36638 0.04345
16 9 2 36353 0.0445
16 9 2 36004 0.04416
16 9 2 35612 0.04338
16 9 2 35262 0.04274
16 9 2 25848 0.02944
16 9 2 25845 0.03043
16 9 2 25835 0.02924
16 9 2 25821 0.0288
16 9 2 25293 0.02944
16 9 2 25134 0.02901
16 9 2 24560 0.02861
16 9 2 15303 0.01821
16 9 2 15294 0.01873
16 9 2 15247 0.01846
16 9 2 15053 0.01859
16 9 2 14904 0.01815
16 9 2 14783 0.01756
16 9 2 10133 0.01324
16 9 2 10130 0.01331
16 9 2 10091 0.01245
16 9 2 10036 0.01271
16 9 2 9947 0.0126
16 9 2 9912 0.01325
16 9 3 115995 0.1175
16 9 3 111901 0.1115
16 9 3 109977 0.1452
16 9 3 109005 0.1445
16 9 3 102085 0.1361
16 9 3 100035 0.1356
16 9 3 97258 0.13
16 9 3 96918 0.1301
16 9 3 91437 0.1258
16 9 3 88475 0.1218
16 9 3 87379 0.1274
16 9 3 85651 0.1184
16 9 3 84699 0.1162
16 9 3 82946 0.1154
16 9 3 82393 0.1141
16 9 3 80886 0.111
16 9 3 80145 0.1128
16 9 3 73356 0.1028
16 9 3 67027 0.09546
16 9 3 56941 0.08069
16 9 3 54940 0.07823
16 9 3 53298 0.08002
16 9 3 50812 0.07382
16 9 3 50812 0.0742
16 9 3 48426 0.07031
16 9 3 45578 0.0657
16 9 3 37276 0.05256
16 9 3 36351 0.0499
16 9 3 35575 0.0506
16 9 3 35018 0.04885
16 9 3 34455 0.04874
16 9 3 26675 0.03356
16 9 3 26572 0.03325
16 9 3 26028 0.03304
16 9 3 25629 0.03241
16 9 3 25003 0.03179
16 9 3 24831 0.03145
16 9 3 24255 0.03096
16 9 3 15575 0.02048
16 9 3 15375 0.02005
16 9 3 15203 0.01936
16 9 3 15031 0.01945
16 9 3 14878 0.02015
16 9 3 10270 0.01464
16 9 3 10265 0.01419
16 9 3 10208 0.01458
16 9 3 10086 0.01434
16 9 3 10051 0.0138
16 9 3 9998 0.01395
16 9 3 9853 0.01377
16 9 4 125628 0.23
16 9 4 122538 0.1594
16 9 4 116793 0.1533
16 9 4 113838 0.149
16 9 4 111423 0.1388
16 9 4 109184 0.1437
16 9 4 102389 0.1385
16 9 4 98288 0.1324
16 9 4 96211 0.1323
16 9 4 94505 0.1295
16 9 4 90254 0.1249
16 9 4 90127 0.122
16 9 4 88239 0.1221
16 9 4 86202 0.1189
16 9 4 84606 0.1184
16 9 4 83811 0.1178
16 9 4 81620 0.114
16 9 4 76541 0.1086
16 9 4 74425 0.1055
16 9 4 59144 0.08754
16 9 4 58545 0.08614
16 9 4 54507 0.08093
16 9 4 52478 0.0772
16 9 4 50814 0.07442
16 9 4 47502 0.06988
16 9 4 40209 0.05523
16 9 4 38676 0.04565
16 9 4 38111 0.04696
16 9 4 36879 0.04505
16 9 4 36598 0.04466
16 9 4 35505 0.04351
16 9 4 27597 0.03215
16 9 4 27466 0.0315
16 9 4 26493 0.03077
16 9 4 25989 0.03077
16 9 4 25584 0.03095
16 9 4 25343 0.02946
16 9 4 24505 0.02997
16 9 4 15885 0.0196
16 9 4 15399 0.01893
16 9 4 15342 0.01923
16 9 4 15317 0.01908
16 9 4 15144 0.01914
16 9 4 14641 0.01822
16 9 4 10393 0.01419
16 9 4 10308 0.01433
16 9 4 10196 0.01372
16 9 4 10053 0.01343
16 9 4 9984 0.01365
16 9 4 9868 0.01339
16 9 5 130825 0.1884
16 9 5 127822 0.1795
16 9 5 116046 0.1147
16 9 5 116046 0.1145
16 9 5 108877 0.1089
16 9 5 107310 0.1086
16 9 5 103156 0.1044
16 9 5 98940 0.09716
16 9 5 95561 0.0998
16 9 5 90708 0.09632
16 9 5 89668 0.09255
16 9 5 88731 0.09134
16 9 5 86400 0.0903
16 9 5 84330 0.08899
16 9 5 84170 0.0893
16 9 5 78880 0.08468
16 9 5 78880 0.08469
16 9 5 77299 0.08387
16 9 5 68246 0.0761
16 9 5 64132 0.07172
16 9 5 56360 0.06519
16 9 5 55646 0.06532
16 9 5 55264 0.06477
16 9 5 49419 0.058
16 9 5 49099 0.05694
16 9 5 40416 0.04619
16 9 5 38044 0.04424
16 9 5 37365 0.04605
16 9 5 36559 0.04457
16 9 5 35991 0.04331
16 9 5 35582 0.04233
16 9 5 32039 0.03568
16 9 5 26571 0.02967
16 9 5 25923 0.0288
16 9 5 25726 0.02837
16 9 5 24967 0.02845
16 9 5 23879 0.02729
16 9 5 23703 0.02761
16 9 5 15687 0.01883
16 9 5 15517 0.01916
16 9 5 15302 0.01861
16 9 5 15029 0.01812
16 9 5 14848 0.01851
16 9 5 10545 0.01336
16 9 5 10532 0.01229
16 9 5 10386 0.01311
16 9 5 10215 0.01297
16 9 5 10177 0.01274
16 9 5 10020 0.01318
16 9 5 9874 0.01271
