16 9 1 100000 0.1352
16 9 1 100000 0.1553
16 9 1 100000 0.1456
16 9 1 100000 0.1361
16 9 1 100000 0.1375
16 9 1 100000 0.1375
16 9 1 85000 0.1202
16 9 1 85000 0.1191
16 9 1 85000 0.1207
16 9 1 85000 0.1172
16 9 1 85000 0.1193
16 9 1 85000 0.118
16 9 1 85000 0.1178
16 9 1 75000 0.1052
16 9 1 75000 0.1043
16 9 1 75000 0.1046
16 9 1 75000 0.1052
16 9 1 75000 0.1058
16 9 1 75000 0.09331
16 9 1 50000 0.06113
16 9 1 50000 0.06232
16 9 1 50000 0.05908
16 9 1 50000 0.06016
16 9 1 50000 0.0595
16 9 1 50000 0.06058
16 9 1 35000 0.04116
16 9 1 35000 0.04252
16 9 1 35000 0.04324
16 9 1 35000 0.0423
16 9 1 35000 0.04357
16 9 1 35000 0.04454
16 9 1 35000 0.04378
16 9 1 25000 0.02816
16 9 1 25000 0.02842
16 9 1 25000 0.02728
16 9 1 25000 0.02832
16 9 1 25000 0.02894
16 9 1 25000 0.0292
16 9 1 15000 0.01745
16 9 1 15000 0.0177
16 9 1 15000 0.01815
16 9 1 15000 0.01838
16 9 1 15000 0.01901
16 9 1 15000 0.01814
16 9 1 10000 0.01274
16 9 1 10000 0.01277
16 9 1 10000 0.01234
16 9 1 10000 0.01319
16 9 1 10000 0.01266
16 9 1 10000 0.0128
16 9 2 113391 0.1156
16 9 2 111973 0.113
16 9 2 104660 0.1101
16 9 2 103028 0.1073
16 9 2 97923 0.1028
16 9 2 97701 0.1036
16 9 2 94631 0.1021
16 9 2 89187 0.09622
16 9 2 86436 0.09236
16 9 2 84990 0.09319
16 9 2 83550 0.09093
16 9 2 81709 0.09132
16 9 2 81347 0.08892
16 9 2 80980 0.0917
16 9 2 78257 0.08831
16 9 2 77652 0.08728
16 9 2 76536 0.0864
16 9 2 74019 0.08514
16 9 2 73072 0.08443
16 9 2 53360 0.06597
16 9 2 52435 0.06295
16 9 2 52070 0.0643
16 9 2 50947 0.0629
16 9 2 49839 0.06044
16 9 2 48632 0.05956
16 9 2 36662 0.04608
16 9 2 36652 0.04565
16 9 2 36577 0.0438
16 9 2 36175 0.04685
16 9 2 35262 0.04435
16 9 2 34899 0.04242
16 9 2 33546 0.04193
16 9 2 25824 0.02953
16 9 2 25669 0.02865
16 9 2 25046 0.02924
16 9 2 24776 0.02978
16 9 2 24519 0.0293
16 9 2 24190 0.02759
16 9 2 15299 0.01863
16 9 2 15250 0.01866
16 9 2 15074 0.01882
16 9 2 14908 0.01859
16 9 2 14875 0.01812
16 9 2 14736 0.01836
16 9 2 10131 0.01317
16 9 2 10091 0.0131
16 9 2 10063 0.01335
16 9 2 10006 0.0134
16 9 2 9943 0.01296
16 9 2 9871 0.01285
16 9 3 122719 0.1169
16 9 3 116294 0.1178
16 9 3 115174 0.1183
16 9 3 111965 0.1141
16 9 3 104734 0.1104
16 9 3 100996 0.1069
16 9 3 96858 0.102
16 9 3 93315 0.1008
16 9 3 91722 0.09636
16 9 3 90290 0.09514
16 9 3 88072 0.09367
16 9 3 84134 0.09022
16 9 3 83146 0.08998
16 9 3 81730 0.08873
16 9 3 80493 0.08753
16 9 3 79059 0.0871
16 9 3 77403 0.08369
16 9 3 74232 0.08323
16 9 3 65573 0.07595
16 9 3 56951 0.06789
16 9 3 54973 0.06542
16 9 3 52519 0.06418
16 9 3 51445 0.05976
16 9 3 49978 0.05892
16 9 3 49446 0.05973
16 9 3 47920 0.05809
16 9 3 37426 0.04693
16 9 3 36687 0.04448
16 9 3 35944 0.04372
16 9 3 35233 0.04355
16 9 3 34280 0.04232
16 9 3 26698 0.03013
16 9 3 26221 0.02923
16 9 3 26042 0.0301
16 9 3 25590 0.02922
16 9 3 24930 0.02827
16 9 3 24492 0.02912
16 9 3 15611 0.0184
16 9 3 15610 0.01893
16 9 3 15545 0.01932
16 9 3 15213 0.0183
16 9 3 15076 0.01872
16 9 3 14918 0.0175
16 9 3 14806 0.01792
16 9 3 10217 0.01353
16 9 3 10169 0.0133
16 9 3 10096 0.01324
16 9 3 10071 0.0131
16 9 3 10014 0.01307
16 9 3 9988 0.01336
16 9 4 132933 0.1888
16 9 4 124964 0.1823
16 9 4 116624 0.1177
16 9 4 114247 0.116
16 9 4 110264 0.1135
16 9 4 103181 0.1075
16 9 4 101678 0.1056
16 9 4 98927 0.1017
16 9 4 94149 0.09952
16 9 4 92492 0.09782
16 9 4 89478 0.0969
16 9 4 89478 0.09648
16 9 4 86421 0.09314
16 9 4 86381 0.09409
16 9 4 84873 0.09202
16 9 4 82230 0.09038
16 9 4 78959 0.087
16 9 4 78330 0.08644
16 9 4 70917 0.08153
16 9 4 57992 0.06943
16 9 4 54854 0.06487
16 9 4 54082 0.06457
16 9 4 52278 0.06365
16 9 4 50871 0.06173
16 9 4 48079 0.05729
16 9 4 39358 0.0484
16 9 4 38363 0.04583
16 9 4 38010 0.04539
16 9 4 36759 0.04548
16 9 4 35232 0.04346
16 9 4 34168 0.04086
16 9 4 32957 0.03881
16 9 4 26909 0.0288
16 9 4 26783 0.03049
16 9 4 25689 0.02882
16 9 4 25091 0.02877
16 9 4 24757 0.02946
16 9 4 15924 0.01915
16 9 4 15917 0.01894
16 9 4 15695 0.01924
16 9 4 15502 0.01899
16 9 4 15188 0.0189
16 9 4 15081 0.01874
16 9 4 14855 0.0182
16 9 4 10388 0.01351
16 9 4 10226 0.01346
16 9 4 10190 0.0137
16 9 4 10125 0.01308
16 9 4 10043 0.01277
16 9 4 9956 0.01334
16 9 5 133655 0.1887
16 9 5 126138 0.1826
16 9 5 119221 0.1194
16 9 5 118222 0.1197
16 9 5 109699 0.1124
16 9 5 107494 0.1111
16 9 5 104996 0.1076
16 9 5 102398 0.1068
16 9 5 100572 0.104
16 9 5 97620 0.1003
16 9 5 93646 0.09955
16 9 5 89106 0.09515
16 9 5 87987 0.09422
16 9 5 85614 0.09071
16 9 5 84006 0.09061
16 9 5 82113 0.08898
16 9 5 80065 0.08796
16 9 5 76511 0.08033
16 9 5 67315 0.07602
16 9 5 58077 0.06701
16 9 5 56167 0.06372
16 9 5 54303 0.06247
16 9 5 52340 0.06327
16 9 5 49678 0.05912
16 9 5 48086 0.05938
16 9 5 45101 0.05518
16 9 5 38857 0.04727
16 9 5 37084 0.04604
16 9 5 36491 0.04473
16 9 5 35753 0.0428
16 9 5 33572 0.03955
16 9 5 27801 0.03176
16 9 5 27640 0.03099
16 9 5 26858 0.03049
16 9 5 26133 0.02954
16 9 5 25670 0.0306
16 9 5 25304 0.02925
16 9 5 24209 0.0275
16 9 5 15878 0.01877
16 9 5 15516 0.0188
16 9 5 15134 0.01868
16 9 5 15024 0.01823
16 9 5 14890 0.01896
16 9 5 14333 0.01724
16 9 5 10295 0.01392
16 9 5 10217 0.01283
16 9 5 10124 0.01317
16 9 5 10026 0.01302
16 9 5 9987 0.01341
16 9 5 9908 0.01392
