8 3 1 100000 0.1232
8 3 1 100000 0.1174
8 3 1 100000 0.1132
8 3 1 100000 0.07449
8 3 1 100000 0.07422
8 3 1 100000 0.07344
8 3 1 100000 0.07624
8 3 1 100000 0.07443
8 3 1 100000 0.07367
8 3 1 100000 0.07379
8 3 1 100000 0.07354
8 3 1 100000 0.07418
8 3 1 85000 0.0642
8 3 1 85000 0.06381
8 3 1 85000 0.06361
8 3 1 85000 0.06415
8 3 1 85000 0.06474
8 3 1 85000 0.06426
8 3 1 85000 0.0639
8 3 1 85000 0.06388
8 3 1 85000 0.06452
8 3 1 85000 0.06407
8 3 1 85000 0.065
8 3 1 85000 0.07436
8 3 1 85000 0.06377
8 3 1 75000 0.05422
8 3 1 75000 0.05473
8 3 1 75000 0.05457
8 3 1 75000 0.05457
8 3 1 75000 0.05432
8 3 1 75000 0.05459
8 3 1 75000 0.05495
8 3 1 75000 0.05484
8 3 1 75000 0.05455
8 3 1 75000 0.05453
8 3 1 75000 0.05436
8 3 1 75000 0.05446
8 3 1 75000 0.05418
8 3 1 50000 0.03222
8 3 1 50000 0.03213
8 3 1 50000 0.03221
8 3 1 50000 0.03234
8 3 1 50000 0.03196
8 3 1 50000 0.03206
8 3 1 50000 0.03233
8 3 1 50000 0.03238
8 3 1 50000 0.03232
8 3 1 50000 0.03233
8 3 1 50000 0.03918
8 3 1 50000 0.04084
8 3 1 35000 0.02142
8 3 1 35000 0.0215
8 3 1 35000 0.02119
8 3 1 35000 0.02132
8 3 1 35000 0.02156
8 3 1 35000 0.02129
8 3 1 35000 0.02132
8 3 1 35000 0.02123
8 3 1 35000 0.02124
8 3 1 35000 0.02134
8 3 1 35000 0.02131
8 3 1 35000 0.02136
8 3 1 25000 0.01005
8 3 1 25000 0.01023
8 3 1 25000 0.01018
8 3 1 25000 0.01011
8 3 1 25000 0.01006
8 3 1 25000 0.01015
8 3 1 25000 0.0101
8 3 1 25000 0.01015
8 3 1 25000 0.01024
8 3 1 25000 0.009965
8 3 1 25000 0.01002
8 3 1 25000 0.01026
8 3 1 25000 0.01012
8 3 1 15000 0.006645
8 3 1 15000 0.006717
8 3 1 15000 0.006662
8 3 1 15000 0.006818
8 3 1 15000 0.006596
8 3 1 15000 0.006707
8 3 1 15000 0.006698
8 3 1 15000 0.006604
8 3 1 15000 0.006672
8 3 1 15000 0.006702
8 3 1 15000 0.006709
8 3 1 15000 0.006689
8 3 1 10000 0.00518
8 3 1 10000 0.005127
8 3 1 10000 0.005205
8 3 1 10000 0.005218
8 3 1 10000 0.005194
8 3 1 10000 0.005198
8 3 1 10000 0.005215
8 3 1 10000 0.005161
8 3 1 10000 0.00526
8 3 1 10000 0.005123
8 3 1 10000 0.005192
8 3 1 10000 0.005218
8 3 1 10000 0.005179
8 3 2 100000 0.0737
8 3 2 100000 0.0747
8 3 2 100000 0.07425
8 3 2 100000 0.07448
8 3 2 100000 0.0742
8 3 2 100000 0.08473
8 3 2 100000 0.08858
8 3 2 100000 0.07459
8 3 2 100000 0.07523
8 3 2 100000 0.07405
8 3 2 100000 0.0742
8 3 2 100000 0.07465
8 3 2 85000 0.06419
8 3 2 85000 0.0648
8 3 2 85000 0.06375
8 3 2 85000 0.06449
8 3 2 85000 0.06417
8 3 2 85000 0.06421
8 3 2 85000 0.06499
8 3 2 85000 0.06427
8 3 2 85000 0.06461
8 3 2 85000 0.06451
8 3 2 85000 0.06453
8 3 2 85000 0.06454
8 3 2 85000 0.06414
8 3 2 75000 0.05516
8 3 2 75000 0.06756
8 3 2 75000 0.06837
8 3 2 75000 0.05498
8 3 2 75000 0.05422
8 3 2 75000 0.05457
8 3 2 75000 0.05516
8 3 2 75000 0.05489
8 3 2 75000 0.05461
8 3 2 75000 0.05444
8 3 2 75000 0.05474
8 3 2 75000 0.05457
8 3 2 75000 0.05444
8 3 2 50000 0.03205
8 3 2 50000 0.03227
8 3 2 50000 0.03199
8 3 2 50000 0.03211
8 3 2 50000 0.03226
8 3 2 50000 0.03195
8 3 2 50000 0.03221
8 3 2 50000 0.03187
8 3 2 50000 0.03201
8 3 2 50000 0.03236
8 3 2 50000 0.04583
8 3 2 50000 0.04357
8 3 2 35000 0.02479
8 3 2 35000 0.0286
8 3 2 35000 0.02778
8 3 2 35000 0.02964
8 3 2 35000 0.02853
8 3 2 35000 0.02961
8 3 2 35000 0.02716
8 3 2 35000 0.02155
8 3 2 35000 0.02137
8 3 2 35000 0.02146
8 3 2 35000 0.0216
8 3 2 35000 0.02124
8 3 2 25000 0.01012
8 3 2 25000 0.01004
8 3 2 25000 0.01016
8 3 2 25000 0.01015
8 3 2 25000 0.01027
8 3 2 25000 0.0102
8 3 2 25000 0.01025
8 3 2 25000 0.01012
8 3 2 25000 0.01029
8 3 2 25000 0.01011
8 3 2 25000 0.01017
8 3 2 25000 0.01013
8 3 2 25000 0.01038
8 3 2 15000 0.006753
8 3 2 15000 0.006804
8 3 2 15000 0.00676
8 3 2 15000 0.006744
8 3 2 15000 0.006824
8 3 2 15000 0.006494
8 3 2 15000 0.006706
8 3 2 15000 0.006686
8 3 2 15000 0.006625
8 3 2 15000 0.006806
8 3 2 15000 0.006783
8 3 2 15000 0.006678
8 3 2 10000 0.005183
8 3 2 10000 0.005249
8 3 2 10000 0.005199
8 3 2 10000 0.005214
8 3 2 10000 0.005183
8 3 2 10000 0.005182
8 3 2 10000 0.005185
8 3 2 10000 0.005229
8 3 2 10000 0.005162
8 3 2 10000 0.005215
8 3 2 10000 0.005211
8 3 2 10000 0.005234
8 3 2 10000 0.005192
8 3 3 100000 0.07788
8 3 3 100000 0.07862
8 3 3 100000 0.0763
8 3 3 100000 0.07539
8 3 3 100000 0.0762
8 3 3 100000 0.07504
8 3 3 100000 0.07552
8 3 3 100000 0.0752
8 3 3 100000 0.07466
8 3 3 100000 0.07464
8 3 3 100000 0.07547
8 3 3 100000 0.07485
8 3 3 85000 0.06526
8 3 3 85000 0.06501
8 3 3 85000 0.06534
8 3 3 85000 0.06431
8 3 3 85000 0.06478
8 3 3 85000 0.06474
8 3 3 85000 0.06468
8 3 3 85000 0.06446
8 3 3 85000 0.06481
8 3 3 85000 0.06459
8 3 3 85000 0.06487
8 3 3 85000 0.06513
8 3 3 85000 0.06465
8 3 3 75000 0.05522
8 3 3 75000 0.05528
8 3 3 75000 0.05573
8 3 3 75000 0.0546
8 3 3 75000 0.05534
8 3 3 75000 0.05486
8 3 3 75000 0.05519
8 3 3 75000 0.05506
8 3 3 75000 0.05457
8 3 3 75000 0.05525
8 3 3 75000 0.0546
8 3 3 75000 0.05507
8 3 3 75000 0.05473
8 3 3 50000 0.03188
8 3 3 50000 0.03227
8 3 3 50000 0.0322
8 3 3 50000 0.03229
8 3 3 50000 0.03236
8 3 3 50000 0.03252
8 3 3 50000 0.03229
8 3 3 50000 0.03234
8 3 3 50000 0.03212
8 3 3 50000 0.03229
8 3 3 50000 0.03236
8 3 3 50000 0.03245
8 3 3 35000 0.02159
8 3 3 35000 0.0215
8 3 3 35000 0.02163
8 3 3 35000 0.02147
8 3 3 35000 0.02141
8 3 3 35000 0.02105
8 3 3 35000 0.02147
8 3 3 35000 0.02142
8 3 3 35000 0.02126
8 3 3 35000 0.02147
8 3 3 35000 0.0215
8 3 3 35000 0.02144
8 3 3 25000 0.01016
8 3 3 25000 0.01025
8 3 3 25000 0.01012
8 3 3 25000 0.01018
8 3 3 25000 0.01021
8 3 3 25000 0.01006
8 3 3 25000 0.01005
8 3 3 25000 0.01019
8 3 3 25000 0.0101
8 3 3 25000 0.01005
8 3 3 25000 0.01005
8 3 3 25000 0.01024
8 3 3 25000 0.01033
8 3 3 15000 0.006606
8 3 3 15000 0.00678
8 3 3 15000 0.006707
8 3 3 15000 0.006629
8 3 3 15000 0.00678
8 3 3 15000 0.006694
8 3 3 15000 0.006725
8 3 3 15000 0.006678
8 3 3 15000 0.006754
8 3 3 15000 0.00673
8 3 3 15000 0.006755
8 3 3 15000 0.006793
8 3 3 10000 0.005246
8 3 3 10000 0.005307
8 3 3 10000 0.005213
8 3 3 10000 0.005197
8 3 3 10000 0.005226
8 3 3 10000 0.005235
8 3 3 10000 0.005254
8 3 3 10000 0.005233
8 3 3 10000 0.005199
8 3 3 10000 0.005264
8 3 3 10000 0.005171
8 3 3 10000 0.005213
8 3 3 10000 0.0052
8 3 4 100000 0.076
8 3 4 100000 0.07619
8 3 4 100000 0.07595
8 3 4 100000 0.07544
8 3 4 100000 0.07639
8 3 4 100000 0.07539
8 3 4 100000 0.0757
8 3 4 100000 0.07557
8 3 4 100000 0.07506
8 3 4 100000 0.07558
8 3 4 100000 0.07523
8 3 4 100000 0.07555
8 3 4 85000 0.06506
8 3 4 85000 0.06525
8 3 4 85000 0.06558
8 3 4 85000 0.06521
8 3 4 85000 0.0654
8 3 4 85000 0.06456
8 3 4 85000 0.06506
8 3 4 85000 0.06478
8 3 4 85000 0.06516
8 3 4 85000 0.06517
8 3 4 85000 0.06394
8 3 4 85000 0.06464
8 3 4 85000 0.06447
8 3 4 75000 0.05511
8 3 4 75000 0.05555
8 3 4 75000 0.05558
8 3 4 75000 0.05537
8 3 4 75000 0.0547
8 3 4 75000 0.05508
8 3 4 75000 0.05554
8 3 4 75000 0.05538
8 3 4 75000 0.05545
8 3 4 75000 0.05564
8 3 4 75000 0.05542
8 3 4 75000 0.05532
8 3 4 75000 0.0549
8 3 4 50000 0.03223
8 3 4 50000 0.03244
8 3 4 50000 0.03568
8 3 4 50000 0.04139
8 3 4 50000 0.03221
8 3 4 50000 0.0322
8 3 4 50000 0.03184
8 3 4 50000 0.04157
8 3 4 50000 0.03475
8 3 4 50000 0.0324
8 3 4 50000 0.03266
8 3 4 50000 0.03264
8 3 4 35000 0.02175
8 3 4 35000 0.02165
8 3 4 35000 0.02157
8 3 4 35000 0.02154
8 3 4 35000 0.0216
8 3 4 35000 0.02137
8 3 4 35000 0.02133
8 3 4 35000 0.02157
8 3 4 35000 0.02112
8 3 4 35000 0.02151
8 3 4 35000 0.02146
8 3 4 35000 0.02146
8 3 4 25000 0.01014
8 3 4 25000 0.01036
8 3 4 25000 0.01045
8 3 4 25000 0.01029
8 3 4 25000 0.01036
8 3 4 25000 0.01024
8 3 4 25000 0.01016
8 3 4 25000 0.01008
8 3 4 25000 0.01028
8 3 4 25000 0.0102
8 3 4 25000 0.01021
8 3 4 25000 0.01039
8 3 4 25000 0.01006
8 3 4 15000 0.006598
8 3 4 15000 0.00687
8 3 4 15000 0.00676
8 3 4 15000 0.006696
8 3 4 15000 0.006755
8 3 4 15000 0.006773
8 3 4 15000 0.00677
8 3 4 15000 0.006739
8 3 4 15000 0.006754
8 3 4 15000 0.006767
8 3 4 15000 0.006688
8 3 4 15000 0.006725
8 3 4 10000 0.005221
8 3 4 10000 0.005337
8 3 4 10000 0.005278
8 3 4 10000 0.00518
8 3 4 10000 0.005199
8 3 4 10000 0.005187
8 3 4 10000 0.005226
8 3 4 10000 0.005148
8 3 4 10000 0.005213
8 3 4 10000 0.00524
8 3 4 10000 0.005208
8 3 4 10000 0.00518
8 3 4 10000 0.005194
8 3 5 100000 0.07568
8 3 5 100000 0.07602
8 3 5 100000 0.076
8 3 5 100000 0.076
8 3 5 100000 0.07632
8 3 5 100000 0.07604
8 3 5 100000 0.0757
8 3 5 100000 0.07539
8 3 5 100000 0.076
8 3 5 100000 0.07608
8 3 5 100000 0.07457
8 3 5 100000 0.07535
8 3 5 85000 0.06558
8 3 5 85000 0.06572
8 3 5 85000 0.06528
8 3 5 85000 0.06617
8 3 5 85000 0.0659
8 3 5 85000 0.0653
8 3 5 85000 0.0653
8 3 5 85000 0.06562
8 3 5 85000 0.06567
8 3 5 85000 0.06553
8 3 5 85000 0.0655
8 3 5 85000 0.06532
8 3 5 85000 0.06518
8 3 5 75000 0.05489
8 3 5 75000 0.05608
8 3 5 75000 0.05514
8 3 5 75000 0.05482
8 3 5 75000 0.05507
8 3 5 75000 0.05565
8 3 5 75000 0.08527
8 3 5 75000 0.08611
8 3 5 75000 0.08522
8 3 5 75000 0.08382
8 3 5 75000 0.08446
8 3 5 75000 0.08253
8 3 5 75000 0.08368
8 3 5 50000 0.04756
8 3 5 50000 0.04776
8 3 5 50000 0.048
8 3 5 50000 0.04787
8 3 5 50000 0.04734
8 3 5 50000 0.04711
8 3 5 50000 0.04766
8 3 5 50000 0.04486
8 3 5 50000 0.044
8 3 5 50000 0.0452
8 3 5 50000 0.04574
8 3 5 50000 0.04468
8 3 5 35000 0.02999
8 3 5 35000 0.02841
8 3 5 35000 0.03007
8 3 5 35000 0.02996
8 3 5 35000 0.02842
8 3 5 35000 0.02907
8 3 5 35000 0.02907
8 3 5 35000 0.02234
8 3 5 35000 0.02138
8 3 5 35000 0.02123
8 3 5 35000 0.02138
8 3 5 35000 0.02142
8 3 5 25000 0.01019
8 3 5 25000 0.01007
8 3 5 25000 0.01027
8 3 5 25000 0.01011
8 3 5 25000 0.01007
8 3 5 25000 0.01028
8 3 5 25000 0.01011
8 3 5 25000 0.01015
8 3 5 25000 0.01014
8 3 5 25000 0.01015
8 3 5 25000 0.01014
8 3 5 25000 0.01011
8 3 5 25000 0.01013
8 3 5 15000 0.006689
8 3 5 15000 0.006609
8 3 5 15000 0.006486
8 3 5 15000 0.006665
8 3 5 15000 0.006629
8 3 5 15000 0.006597
8 3 5 15000 0.006631
8 3 5 15000 0.006654
8 3 5 15000 0.006579
8 3 5 15000 0.006563
8 3 5 15000 0.006631
8 3 5 15000 0.006527
8 3 5 10000 0.005132
8 3 5 10000 0.005202
8 3 5 10000 0.005158
8 3 5 10000 0.005096
8 3 5 10000 0.005187
8 3 5 10000 0.005221
8 3 5 10000 0.005133
8 3 5 10000 0.00514
8 3 5 10000 0.005149
8 3 5 10000 0.0052
8 3 5 10000 0.005104
8 3 5 10000 0.005121
8 3 5 10000 0.005112
