8 7 1 100000 0.1362
8 7 1 100000 0.111
8 7 1 100000 0.1093
8 7 1 100000 0.1037
8 7 1 100000 0.1052
8 7 1 100000 0.1066
8 7 1 100000 0.1416
8 7 1 100000 0.1391
8 7 1 100000 0.1362
8 7 1 100000 0.1371
8 7 1 100000 0.139
8 7 1 100000 0.1403
8 7 1 100000 0.1382
8 7 1 85000 0.1185
8 7 1 85000 0.1222
8 7 1 85000 0.1245
8 7 1 85000 0.1247
8 7 1 85000 0.0898
8 7 1 85000 0.09171
8 7 1 85000 0.09081
8 7 1 85000 0.08728
8 7 1 85000 0.0896
8 7 1 85000 0.09009
8 7 1 85000 0.08971
8 7 1 85000 0.09228
8 7 1 75000 0.08149
8 7 1 75000 0.0813
8 7 1 75000 0.07934
8 7 1 75000 0.08393
8 7 1 75000 0.0824
8 7 1 75000 0.08138
8 7 1 75000 0.08189
8 7 1 75000 0.0835
8 7 1 75000 0.08231
8 7 1 75000 0.08157
8 7 1 75000 0.08217
8 7 1 75000 0.08107
8 7 1 50000 0.06185
8 7 1 50000 0.06003
8 7 1 50000 0.05896
8 7 1 50000 0.05989
8 7 1 50000 0.06042
8 7 1 50000 0.06082
8 7 1 50000 0.05913
8 7 1 50000 0.06235
8 7 1 50000 0.0601
8 7 1 50000 0.05953
8 7 1 50000 0.06193
8 7 1 50000 0.0604
8 7 1 50000 0.06047
8 7 1 35000 0.04445
8 7 1 35000 0.04243
8 7 1 35000 0.04327
8 7 1 35000 0.04387
8 7 1 35000 0.04152
8 7 1 35000 0.04198
8 7 1 35000 0.04152
8 7 1 35000 0.04238
8 7 1 35000 0.04414
8 7 1 35000 0.04228
8 7 1 35000 0.04371
8 7 1 35000 0.04251
8 7 1 35000 0.04367
8 7 1 25000 0.02928
8 7 1 25000 0.02793
8 7 1 25000 0.02805
8 7 1 25000 0.02702
8 7 1 25000 0.02695
8 7 1 25000 0.02903
8 7 1 25000 0.02778
8 7 1 25000 0.02808
8 7 1 25000 0.02889
8 7 1 25000 0.02999
8 7 1 25000 0.02858
8 7 1 25000 0.02745
8 7 1 15000 0.01797
8 7 1 15000 0.01712
8 7 1 15000 0.01768
8 7 1 15000 0.01803
8 7 1 15000 0.01853
8 7 1 15000 0.01752
8 7 1 15000 0.01859
8 7 1 15000 0.01805
8 7 1 15000 0.01809
8 7 1 15000 0.01781
8 7 1 15000 0.01719
8 7 1 15000 0.01835
8 7 1 15000 0.01763
8 7 1 10000 0.01315
8 7 1 10000 0.01263
8 7 1 10000 0.01295
8 7 1 10000 0.01276
8 7 1 10000 0.01264
8 7 1 10000 0.01246
8 7 1 10000 0.01282
8 7 1 10000 0.01268
8 7 1 10000 0.01226
8 7 1 10000 0.01294
8 7 1 10000 0.01265
8 7 1 10000 0.0123
8 7 2 113497 0.1137
8 7 2 113381 0.1144
8 7 2 111974 0.1121
8 7 2 111464 0.1142
8 7 2 111392 0.1125
8 7 2 109658 0.1107
8 7 2 108840 0.1097
8 7 2 107007 0.1024
8 7 2 106451 0.1092
8 7 2 105549 0.1107
8 7 2 99571 0.1024
8 7 2 97916 0.103
8 7 2 94657 0.09908
8 7 2 94565 0.0993
8 7 2 93218 0.09616
8 7 2 92086 0.0959
8 7 2 91485 0.09666
8 7 2 91142 0.09503
8 7 2 90049 0.09472
8 7 2 89818 0.09578
8 7 2 87848 0.09353
8 7 2 87554 0.09311
8 7 2 85226 0.09199
8 7 2 84688 0.09188
8 7 2 82599 0.08782
8 7 2 82561 0.0894
8 7 2 82554 0.0901
8 7 2 82551 0.09095
8 7 2 81893 0.08678
8 7 2 81095 0.08388
8 7 2 80628 0.08704
8 7 2 80275 0.08953
8 7 2 78963 0.08773
8 7 2 78937 0.08501
8 7 2 77450 0.08783
8 7 2 76275 0.08549
8 7 2 73873 0.07895
8 7 2 53392 0.06669
8 7 2 53386 0.06338
8 7 2 53383 0.06671
8 7 2 53379 0.06351
8 7 2 53357 0.06496
8 7 2 53353 0.06531
8 7 2 53338 0.06519
8 7 2 52554 0.0641
8 7 2 52348 0.06453
8 7 2 52050 0.06124
8 7 2 51208 0.06109
8 7 2 50852 0.06279
8 7 2 47586 0.0598
8 7 2 36662 0.04462
8 7 2 36662 0.04479
8 7 2 36652 0.04475
8 7 2 36645 0.04379
8 7 2 36640 0.04613
8 7 2 36621 0.04381
8 7 2 35962 0.04486
8 7 2 35224 0.04337
8 7 2 35012 0.04357
8 7 2 34591 0.04282
8 7 2 34400 0.04103
8 7 2 33999 0.04161
8 7 2 33784 0.03895
8 7 2 25846 0.02864
8 7 2 25845 0.02793
8 7 2 25843 0.02981
8 7 2 25840 0.02943
8 7 2 25839 0.02945
8 7 2 25822 0.0304
8 7 2 25794 0.02935
8 7 2 25547 0.02896
8 7 2 25422 0.0291
8 7 2 25102 0.02774
8 7 2 24651 0.02921
8 7 2 24422 0.02801
8 7 2 15304 0.01866
8 7 2 15303 0.01749
8 7 2 15302 0.01823
8 7 2 15302 0.01877
8 7 2 15301 0.01804
8 7 2 15300 0.01802
8 7 2 15285 0.01861
8 7 2 15270 0.01844
8 7 2 15247 0.01768
8 7 2 15064 0.01819
8 7 2 15016 0.01853
8 7 2 14889 0.01799
8 7 2 14708 0.01792
8 7 2 10135 0.01279
8 7 2 10135 0.0128
8 7 2 10134 0.01282
8 7 2 10134 0.01325
8 7 2 10133 0.01303
8 7 2 10132 0.01288
8 7 2 10127 0.01358
8 7 2 10111 0.01278
8 7 2 10090 0.01322
8 7 2 10036 0.01262
8 7 2 9912 0.01327
8 7 2 9884 0.01228
8 7 3 128621 0.1829
8 7 3 123103 0.1795
8 7 3 123081 0.1773
8 7 3 122363 0.1195
8 7 3 120928 0.1167
8 7 3 119307 0.1173
8 7 3 118271 0.1121
8 7 3 114283 0.1143
8 7 3 112845 0.1105
8 7 3 107855 0.1046
8 7 3 104031 0.1001
8 7 3 104009 0.1044
8 7 3 103193 0.1048
8 7 3 102018 0.1026
8 7 3 101383 0.1085
8 7 3 99163 0.1077
8 7 3 97038 0.1025
8 7 3 96498 0.1012
8 7 3 96071 0.09797
8 7 3 95211 0.09908
8 7 3 94996 0.1002
8 7 3 92246 0.09554
8 7 3 90897 0.09693
8 7 3 90854 0.09436
8 7 3 89397 0.09216
8 7 3 89216 0.09132
8 7 3 88155 0.09214
8 7 3 87849 0.09147
8 7 3 87499 0.08905
8 7 3 86193 0.09118
8 7 3 85733 0.09107
8 7 3 84196 0.09028
8 7 3 83511 0.09008
8 7 3 80650 0.08551
8 7 3 79414 0.0863
8 7 3 78745 0.08331
8 7 3 77520 0.08374
8 7 3 75025 0.07976
8 7 3 56986 0.06773
8 7 3 56947 0.06399
8 7 3 56921 0.07058
8 7 3 56788 0.07098
8 7 3 56106 0.06634
8 7 3 55914 0.06809
8 7 3 54475 0.06465
8 7 3 53251 0.0675
8 7 3 52619 0.0672
8 7 3 51619 0.06085
8 7 3 49933 0.06105
8 7 3 46153 0.05653
8 7 3 38380 0.04543
8 7 3 38334 0.04533
8 7 3 38265 0.04566
8 7 3 37940 0.04587
8 7 3 37045 0.04544
8 7 3 36660 0.04302
8 7 3 36548 0.0425
8 7 3 36211 0.04219
8 7 3 36008 0.04289
8 7 3 35609 0.04302
8 7 3 34342 0.0423
8 7 3 33462 0.03759
8 7 3 26721 0.02949
8 7 3 26715 0.02896
8 7 3 26703 0.0294
8 7 3 26689 0.0309
8 7 3 26657 0.03083
8 7 3 26599 0.02827
8 7 3 26271 0.02826
8 7 3 26038 0.02872
8 7 3 25952 0.02969
8 7 3 25706 0.0289
8 7 3 25386 0.02808
8 7 3 25103 0.02724
8 7 3 24201 0.0264
8 7 3 15607 0.0177
8 7 3 15606 0.01869
8 7 3 15591 0.01884
8 7 3 15568 0.01911
8 7 3 15551 0.018
8 7 3 15493 0.01799
8 7 3 15370 0.01896
8 7 3 15307 0.01789
8 7 3 15300 0.01852
8 7 3 15183 0.01737
8 7 3 15122 0.01737
8 7 3 15021 0.0175
8 7 3 10272 0.01364
8 7 3 10272 0.01288
8 7 3 10270 0.01358
8 7 3 10264 0.01381
8 7 3 10254 0.01387
8 7 3 10250 0.0134
8 7 3 10246 0.01351
8 7 3 10227 0.01294
8 7 3 10147 0.01314
8 7 3 10138 0.01232
8 7 3 10096 0.01275
8 7 3 10005 0.01314
8 7 3 9899 0.01233
8 7 4 139766 0.1824
8 7 4 138311 0.187
8 7 4 135187 0.1856
8 7 4 134409 0.1828
8 7 4 130898 0.185
8 7 4 128703 0.1809
8 7 4 128021 0.1834
8 7 4 127389 0.18
8 7 4 122837 0.1214
8 7 4 117762 0.1191
8 7 4 115286 0.1143
8 7 4 112174 0.1144
8 7 4 111709 0.1132
8 7 4 107170 0.1085
8 7 4 106548 0.1086
8 7 4 106154 0.1083
8 7 4 105881 0.1109
8 7 4 104952 0.1068
8 7 4 103626 0.106
8 7 4 99231 0.09892
8 7 4 99027 0.1032
8 7 4 97711 0.1022
8 7 4 96956 0.09724
8 7 4 96137 0.1006
8 7 4 95828 0.1004
8 7 4 94755 0.09834
8 7 4 94451 0.1006
8 7 4 93048 0.09744
8 7 4 91965 0.09686
8 7 4 88153 0.09475
8 7 4 87366 0.0944
8 7 4 85935 0.09223
8 7 4 85258 0.09022
8 7 4 83865 0.08958
8 7 4 82690 0.0884
8 7 4 81364 0.08717
8 7 4 80534 0.08832
8 7 4 74668 0.07978
8 7 4 60792 0.0705
8 7 4 59908 0.07142
8 7 4 59741 0.07043
8 7 4 58702 0.06901
8 7 4 57889 0.06765
8 7 4 56959 0.06498
8 7 4 56361 0.06631
8 7 4 55630 0.06641
8 7 4 55427 0.06616
8 7 4 55116 0.06544
8 7 4 50389 0.06158
8 7 4 44133 0.05398
8 7 4 40146 0.04769
8 7 4 40078 0.04755
8 7 4 39995 0.04712
8 7 4 39565 0.04856
8 7 4 38382 0.04547
8 7 4 38288 0.04423
8 7 4 37934 0.04626
8 7 4 37718 0.04486
8 7 4 37410 0.04584
8 7 4 36141 0.04386
8 7 4 35761 0.04507
8 7 4 34679 0.04263
8 7 4 33964 0.04041
8 7 4 27605 0.03125
8 7 4 27586 0.03136
8 7 4 27545 0.03045
8 7 4 27240 0.03023
8 7 4 26910 0.03079
8 7 4 26816 0.02814
8 7 4 26678 0.02997
8 7 4 26285 0.03072
8 7 4 25648 0.03053
8 7 4 25448 0.02832
8 7 4 25227 0.02785
8 7 4 25001 0.02951
8 7 4 15923 0.0189
8 7 4 15862 0.01906
8 7 4 15745 0.01844
8 7 4 15670 0.01924
8 7 4 15597 0.01945
8 7 4 15528 0.01934
8 7 4 15451 0.01829
8 7 4 15411 0.01905
8 7 4 15362 0.01868
8 7 4 15300 0.01758
8 7 4 15273 0.01754
8 7 4 15025 0.01765
8 7 4 10411 0.01402
8 7 4 10408 0.01345
8 7 4 10401 0.01347
8 7 4 10377 0.01408
8 7 4 10365 0.01368
8 7 4 10309 0.01394
8 7 4 10280 0.01363
8 7 4 10275 0.01356
8 7 4 10261 0.01352
8 7 4 10239 0.01345
8 7 4 10211 0.01355
8 7 4 10039 0.01276
8 7 4 10015 0.0124
8 7 5 148688 0.192
8 7 5 147780 0.1961
8 7 5 146558 0.1939
8 7 5 143602 0.1965
8 7 5 140956 0.1933
8 7 5 138658 0.194
8 7 5 136867 0.1898
8 7 5 132072 0.1818
8 7 5 129661 0.1866
8 7 5 123750 0.1802
8 7 5 123499 0.1819
8 7 5 119025 0.1173
8 7 5 117543 0.1168
8 7 5 116139 0.1174
8 7 5 115354 0.1163
8 7 5 114903 0.1192
8 7 5 111680 0.1123
8 7 5 110640 0.1131
8 7 5 109002 0.1077
8 7 5 105544 0.1075
8 7 5 104796 0.1083
8 7 5 104429 0.1093
8 7 5 103405 0.1081
8 7 5 101412 0.1046
8 7 5 100960 0.1056
8 7 5 100113 0.1041
8 7 5 99574 0.1046
8 7 5 94396 0.09938
8 7 5 92933 0.0974
8 7 5 92116 0.09592
8 7 5 91666 0.09342
8 7 5 90804 0.09571
8 7 5 88305 0.09449
8 7 5 88137 0.09483
8 7 5 87801 0.09461
8 7 5 86101 0.09257
8 7 5 82938 0.09027
8 7 5 64982 0.07419
8 7 5 64930 0.07449
8 7 5 63790 0.0751
8 7 5 61975 0.07265
8 7 5 61230 0.07378
8 7 5 59234 0.07082
8 7 5 59022 0.07206
8 7 5 58806 0.06902
8 7 5 56314 0.06915
8 7 5 54723 0.06688
8 7 5 53662 0.06468
8 7 5 52217 0.06401
8 7 5 51187 0.06272
8 7 5 41992 0.05231
8 7 5 41399 0.05024
8 7 5 40620 0.04723
8 7 5 40188 0.04833
8 7 5 39872 0.04802
8 7 5 39694 0.04837
8 7 5 39265 0.04546
8 7 5 38963 0.047
8 7 5 38068 0.04732
8 7 5 37553 0.04689
8 7 5 36123 0.04486
8 7 5 35513 0.04366
8 7 5 28536 0.03198
8 7 5 28524 0.03303
8 7 5 28479 0.03224
8 7 5 28070 0.03314
8 7 5 27822 0.03174
8 7 5 27698 0.03177
8 7 5 27447 0.03162
8 7 5 27123 0.02986
8 7 5 26671 0.03135
8 7 5 26465 0.02968
8 7 5 26145 0.03041
8 7 5 25844 0.02988
8 7 5 24967 0.02916
8 7 5 16245 0.01949
8 7 5 16141 0.01956
8 7 5 16058 0.01919
8 7 5 15877 0.01982
8 7 5 15792 0.01953
8 7 5 15736 0.01988
8 7 5 15721 0.01886
8 7 5 15680 0.01948
8 7 5 15619 0.01893
8 7 5 15550 0.01959
8 7 5 15338 0.01843
8 7 5 15190 0.01887
8 7 5 14820 0.01805
8 7 5 10548 0.01424
8 7 5 10517 0.0142
8 7 5 10441 0.01389
8 7 5 10406 0.01398
8 7 5 10378 0.01468
8 7 5 10330 0.01399
8 7 5 10323 0.01385
8 7 5 10184 0.01326
8 7 5 10165 0.01302
8 7 5 10145 0.01387
8 7 5 10036 0.01337
8 7 5 9844 0.0135
