16 5 1 100000 0.1431
16 5 1 100000 0.1356
16 5 1 100000 0.07313
16 5 1 100000 0.07331
16 5 1 100000 0.0736
16 5 1 100000 0.0737
16 5 1 85000 0.1248
16 5 1 85000 0.1369
16 5 1 85000 0.138
16 5 1 85000 0.07427
16 5 1 85000 0.06325
16 5 1 85000 0.06763
16 5 1 85000 0.06318
16 5 1 75000 0.1061
16 5 1 75000 0.106
16 5 1 75000 0.0528
16 5 1 75000 0.05315
16 5 1 75000 0.05302
16 5 1 75000 0.05326
16 5 1 50000 0.08288
16 5 1 50000 0.08229
16 5 1 50000 0.08421
16 5 1 50000 0.03187
16 5 1 50000 0.03235
16 5 1 50000 0.03212
16 5 1 50000 0.03147
16 5 1 35000 0.06062
16 5 1 35000 0.02091
16 5 1 35000 0.02109
16 5 1 35000 0.02073
16 5 1 35000 0.02094
16 5 1 25000 0.04556
16 5 1 25000 0.0458
16 5 1 25000 0.009989
16 5 1 25000 0.009917
16 5 1 25000 0.009695
16 5 1 25000 0.009891
16 5 1 15000 0.02829
16 5 1 15000 0.0282
16 5 1 15000 0.02816
16 5 1 15000 0.006496
16 5 1 15000 0.006485
16 5 1 15000 0.006376
16 5 1 15000 0.006506
16 5 1 10000 0.01968
16 5 1 10000 0.01967
16 5 1 10000 0.005146
16 5 1 10000 0.005114
16 5 1 10000 0.005082
16 5 1 10000 0.005032
16 5 2 112345 0.1425
16 5 2 102279 0.1312
16 5 2 100000 0.07398
16 5 2 100000 0.07466
16 5 2 100000 0.07367
16 5 2 100000 0.0738
16 5 2 86577 0.118
16 5 2 86254 0.1168
16 5 2 85000 0.06365
16 5 2 85000 0.06353
16 5 2 85000 0.06328
16 5 2 85000 0.06335
16 5 2 81792 0.1132
16 5 2 76923 0.1093
16 5 2 75000 0.05355
16 5 2 75000 0.05308
16 5 2 75000 0.05319
16 5 2 75000 0.05352
16 5 2 75000 0.0539
16 5 2 52596 0.08765
16 5 2 50000 0.03215
16 5 2 50000 0.03223
16 5 2 50000 0.03236
16 5 2 50000 0.03199
16 5 2 49271 0.08219
16 5 2 36204 0.06323
16 5 2 35868 0.06345
16 5 2 35000 0.02117
16 5 2 35000 0.02148
16 5 2 35000 0.021
16 5 2 35000 0.02105
16 5 2 25845 0.04722
16 5 2 25829 0.04732
16 5 2 25000 0.01
16 5 2 25000 0.009958
16 5 2 25000 0.01004
16 5 2 25000 0.009816
16 5 2 24964 0.04609
16 5 2 15105 0.02873
16 5 2 15000 0.006573
16 5 2 15000 0.00652
16 5 2 15000 0.006458
16 5 2 15000 0.00648
16 5 2 14941 0.02836
16 5 2 10128 0.01984
16 5 2 10000 0.005103
16 5 2 10000 0.005045
16 5 2 10000 0.005103
16 5 2 10000 0.005087
16 5 2 10000 0.005125
16 5 3 114508 0.1789
16 5 3 104187 0.1669
16 5 3 100000 0.1268
16 5 3 100000 0.1267
16 5 3 100000 0.127
16 5 3 100000 0.111
16 5 3 96372 0.1655
16 5 3 86297 0.1607
16 5 3 85000 0.1097
16 5 3 85000 0.1094
16 5 3 85000 0.09228
16 5 3 85000 0.09802
16 5 3 82296 0.1526
16 5 3 75830 0.1214
16 5 3 75000 0.05552
16 5 3 75000 0.05673
16 5 3 75000 0.05749
16 5 3 75000 0.05656
16 5 3 71853 0.1207
16 5 3 53635 0.1039
16 5 3 51170 0.09905
16 5 3 50000 0.05065
16 5 3 50000 0.0384
16 5 3 50000 0.04662
16 5 3 50000 0.03718
16 5 3 36022 0.07321
16 5 3 35000 0.02896
16 5 3 35000 0.02417
16 5 3 35000 0.02997
16 5 3 35000 0.02951
16 5 3 35000 0.02456
16 5 3 33252 0.06011
16 5 3 25210 0.04763
16 5 3 25000 0.01016
16 5 3 25000 0.01005
16 5 3 25000 0.01013
16 5 3 25000 0.01003
16 5 3 24099 0.04426
16 5 3 15247 0.02858
16 5 3 15000 0.006614
16 5 3 15000 0.006677
16 5 3 15000 0.006689
16 5 3 15000 0.006617
16 5 3 14684 0.02965
16 5 3 10088 0.02129
16 5 3 10000 0.0061
16 5 3 10000 0.005979
16 5 3 10000 0.005248
16 5 3 10000 0.00519
16 5 3 10000 0.005181
16 5 4 115724 0.1606
16 5 4 106284 0.152
16 5 4 100223 0.1394
16 5 4 100000 0.08389
16 5 4 100000 0.08465
16 5 4 100000 0.08509
16 5 4 100000 0.08557
16 5 4 90464 0.134
16 5 4 85000 0.07302
16 5 4 85000 0.07372
16 5 4 85000 0.0732
16 5 4 85000 0.07384
16 5 4 81775 0.1253
16 5 4 80393 0.1247
16 5 4 75000 0.0622
16 5 4 75000 0.06267
16 5 4 75000 0.0626
16 5 4 75000 0.06233
16 5 4 65357 0.11
16 5 4 56334 0.09804
16 5 4 51300 0.09257
16 5 4 50000 0.0362
16 5 4 50000 0.03693
16 5 4 50000 0.03632
16 5 4 50000 0.03612
16 5 4 47602 0.08691
16 5 4 35000 0.02397
16 5 4 35000 0.02333
16 5 4 35000 0.02313
16 5 4 35000 0.02332
16 5 4 34595 0.06457
16 5 4 26025 0.04932
16 5 4 25000 0.01012
16 5 4 25000 0.01008
16 5 4 25000 0.0101
16 5 4 25000 0.0101
16 5 4 25000 0.01
16 5 4 15417 0.0309
16 5 4 15346 0.03065
16 5 4 15089 0.02935
16 5 4 15000 0.00674
16 5 4 15000 0.006635
16 5 4 15000 0.006618
16 5 4 15000 0.006599
16 5 4 10284 0.02175
16 5 4 10101 0.02085
16 5 4 10000 0.005252
16 5 4 10000 0.005272
16 5 4 10000 0.005162
16 5 4 10000 0.005157
16 5 5 121316 0.1657
16 5 5 111333 0.1545
16 5 5 100000 0.08533
16 5 5 100000 0.08552
16 5 5 100000 0.08538
16 5 5 100000 0.08413
16 5 5 100000 0.0848
16 5 5 88723 0.1303
16 5 5 87211 0.1288
16 5 5 85000 0.07233
16 5 5 85000 0.07429
16 5 5 85000 0.07347
16 5 5 85000 0.07294
16 5 5 80235 0.1209
16 5 5 75000 0.06265
16 5 5 75000 0.06347
16 5 5 75000 0.0629
16 5 5 75000 0.06229
16 5 5 59859 0.1028
16 5 5 56915 0.09621
16 5 5 52458 0.09032
16 5 5 50000 0.03656
16 5 5 50000 0.03615
16 5 5 50000 0.03627
16 5 5 50000 0.03619
16 5 5 47697 0.08401
16 5 5 35000 0.02336
16 5 5 35000 0.0235
16 5 5 35000 0.02389
16 5 5 35000 0.02328
16 5 5 34648 0.06335
16 5 5 26460 0.04823
16 5 5 25784 0.04795
16 5 5 25000 0.01008
16 5 5 25000 0.01008
16 5 5 25000 0.00999
16 5 5 25000 0.01012
16 5 5 24530 0.04545
16 5 5 15340 0.03016
16 5 5 15000 0.006775
16 5 5 15000 0.006747
16 5 5 15000 0.006592
16 5 5 15000 0.006806
16 5 5 14832 0.02912
16 5 5 10174 0.02086
16 5 5 10000 0.005231
16 5 5 10000 0.005251
16 5 5 10000 0.005228
16 5 5 10000 0.005222
16 5 5 10000 0.005214
