16 2 1 100000 0.1423
16 2 1 100000 0.1367
16 2 1 100000 0.1146
16 2 1 100000 0.1028
16 2 1 100000 0.129
16 2 1 100000 0.1287
16 2 1 85000 0.08951
16 2 1 85000 0.0879
16 2 1 85000 0.09077
16 2 1 85000 0.08986
16 2 1 85000 0.1154
16 2 1 85000 0.1159
16 2 1 75000 0.1034
16 2 1 75000 0.1052
16 2 1 75000 0.1064
16 2 1 75000 0.09183
16 2 1 75000 0.08483
16 2 1 75000 0.1084
16 2 1 75000 0.1074
16 2 1 50000 0.05844
16 2 1 50000 0.05955
16 2 1 50000 0.05977
16 2 1 50000 0.08482
16 2 1 50000 0.08548
16 2 1 35000 0.04301
16 2 1 35000 0.04211
16 2 1 35000 0.04301
16 2 1 35000 0.04237
16 2 1 35000 0.04311
16 2 1 35000 0.06255
16 2 1 35000 0.06279
16 2 1 25000 0.02864
16 2 1 25000 0.02777
16 2 1 25000 0.02808
16 2 1 25000 0.02798
16 2 1 25000 0.04721
16 2 1 25000 0.04573
16 2 1 15000 0.0178
16 2 1 15000 0.01743
16 2 1 15000 0.0174
16 2 1 15000 0.01777
16 2 1 15000 0.01764
16 2 1 15000 0.02834
16 2 1 15000 0.0282
16 2 1 10000 0.0126
16 2 1 10000 0.013
16 2 1 10000 0.01221
16 2 1 10000 0.01241
16 2 1 10000 0.0193
16 2 1 10000 0.01933
16 2 2 113202 0.1144
16 2 2 113102 0.115
16 2 2 112896 0.1145
16 2 2 112562 0.1124
16 2 2 102462 0.1072
16 2 2 97541 0.1291
16 2 2 94575 0.09843
16 2 2 94462 0.09911
16 2 2 94277 0.09945
16 2 2 93959 0.09938
16 2 2 93347 0.1264
16 2 2 85292 0.1182
16 2 2 82461 0.09079
16 2 2 82419 0.08985
16 2 2 82222 0.08984
16 2 2 81923 0.08999
16 2 2 78025 0.1099
16 2 2 76712 0.08189
16 2 2 72872 0.107
16 2 2 53332 0.06473
16 2 2 53292 0.06454
16 2 2 53210 0.06419
16 2 2 53110 0.06219
16 2 2 52280 0.08785
16 2 2 36662 0.04264
16 2 2 36647 0.04528
16 2 2 36609 0.04422
16 2 2 36584 0.04342
16 2 2 36525 0.04234
16 2 2 36209 0.06473
16 2 2 34457 0.06095
16 2 2 25837 0.02976
16 2 2 25826 0.02903
16 2 2 25815 0.02752
16 2 2 25771 0.02898
16 2 2 25005 0.02734
16 2 2 24335 0.04489
16 2 2 15303 0.01797
16 2 2 15300 0.01877
16 2 2 15298 0.01836
16 2 2 15291 0.01809
16 2 2 15268 0.01833
16 2 2 15012 0.02871
16 2 2 14791 0.02814
16 2 2 10133 0.01293
16 2 2 10132 0.01262
16 2 2 10128 0.01328
16 2 2 10126 0.01257
16 2 2 10111 0.0128
16 2 2 9985 0.01944
16 2 3 127937 0.1835
16 2 3 127703 0.179
16 2 3 126877 0.1795
16 2 3 126754 0.1801
16 2 3 106973 0.1379
16 2 3 105624 0.1368
16 2 3 104810 0.1087
16 2 3 104432 0.1086
16 2 3 103943 0.1078
16 2 3 96977 0.1281
16 2 3 90779 0.1241
16 2 3 90452 0.09395
16 2 3 90330 0.09428
16 2 3 90135 0.09413
16 2 3 89800 0.09301
16 2 3 85450 0.1169
16 2 3 83810 0.1151
16 2 3 77096 0.111
16 2 3 72091 0.1076
16 2 3 56763 0.06496
16 2 3 56689 0.06789
16 2 3 56563 0.06616
16 2 3 56392 0.06598
16 2 3 52968 0.08807
16 2 3 38381 0.0654
16 2 3 38340 0.04433
16 2 3 38304 0.04544
16 2 3 38279 0.04552
16 2 3 38192 0.04483
16 2 3 37013 0.06553
16 2 3 35469 0.0632
16 2 3 26698 0.0296
16 2 3 26668 0.02867
16 2 3 26643 0.0296
16 2 3 26615 0.02881
16 2 3 25804 0.02737
16 2 3 25125 0.04572
16 2 3 23625 0.04419
16 2 3 15596 0.01774
16 2 3 15589 0.01745
16 2 3 15574 0.01831
16 2 3 15301 0.02898
16 2 3 14953 0.0292
16 2 3 10269 0.01319
16 2 3 10265 0.01285
16 2 3 10261 0.02109
16 2 3 10256 0.01329
16 2 3 10250 0.01305
16 2 3 10129 0.02004
16 2 3 9892 0.01956
16 2 4 144474 0.1939
16 2 4 143964 0.1908
16 2 4 141380 0.1898
16 2 4 140999 0.1928
16 2 4 115996 0.1161
16 2 4 115643 0.1234
16 2 4 115248 0.1157
16 2 4 112916 0.1164
16 2 4 111630 0.1124
16 2 4 99798 0.1332
16 2 4 99369 0.1024
16 2 4 98804 0.1031
16 2 4 98468 0.1005
16 2 4 97904 0.1035
16 2 4 94422 0.09858
16 2 4 92352 0.1041
16 2 4 81468 0.1273
16 2 4 79890 0.1223
16 2 4 60541 0.07621
16 2 4 60431 0.07585
16 2 4 60319 0.07518
16 2 4 60118 0.08298
16 2 4 59921 0.105
16 2 4 56552 0.1006
16 2 4 51555 0.09219
16 2 4 40052 0.05107
16 2 4 40020 0.05006
16 2 4 39924 0.05208
16 2 4 39328 0.05015
16 2 4 36494 0.06837
16 2 4 34722 0.06528
16 2 4 27548 0.03146
16 2 4 27507 0.03296
16 2 4 27397 0.03272
16 2 4 26957 0.03239
16 2 4 26012 0.04822
16 2 4 24198 0.04874
16 2 4 23691 0.04558
16 2 4 15898 0.02054
16 2 4 15884 0.01971
16 2 4 15874 0.02014
16 2 4 15586 0.01886
16 2 4 15124 0.0301
16 2 4 10405 0.01363
16 2 4 10396 0.01423
16 2 4 10390 0.01359
16 2 4 10383 0.01341
16 2 4 10287 0.02264
16 2 4 10055 0.02103
16 2 4 9867 0.02048
16 2 5 162144 0.2556
16 2 5 161645 0.2535
16 2 5 159789 0.2562
16 2 5 154681 0.2355
16 2 5 130862 0.2949
16 2 5 128318 0.2014
16 2 5 127670 0.2028
16 2 5 123958 0.196
16 2 5 121286 0.1544
16 2 5 108737 0.1385
16 2 5 108114 0.1323
16 2 5 107982 0.1247
16 2 5 106533 0.1276
16 2 5 101414 0.1259
16 2 5 99481 0.1453
16 2 5 92174 0.1366
16 2 5 85704 0.1186
16 2 5 79177 0.1149
16 2 5 64485 0.07428
16 2 5 64366 0.07348
16 2 5 64260 0.07336
16 2 5 64054 0.076
16 2 5 63899 0.07434
16 2 5 56372 0.09495
16 2 5 47200 0.08152
16 2 5 41924 0.05313
16 2 5 41803 0.05044
16 2 5 41749 0.05007
16 2 5 41354 0.05205
16 2 5 36514 0.06474
16 2 5 35491 0.06363
16 2 5 28480 0.0314
16 2 5 28432 0.03162
16 2 5 28372 0.03069
16 2 5 27977 0.03139
16 2 5 27491 0.03035
16 2 5 25217 0.04739
16 2 5 16235 0.0189
16 2 5 16209 0.01908
16 2 5 16200 0.01879
16 2 5 16191 0.01879
16 2 5 16046 0.01857
16 2 5 15472 0.03076
16 2 5 14816 0.02889
16 2 5 10535 0.01452
16 2 5 10530 0.01381
16 2 5 10522 0.01436
16 2 5 10519 0.01326
16 2 5 10152 0.0202
16 2 5 9925 0.02013
