16 7 1 100000 0.07783
16 7 1 100000 0.07563
16 7 1 100000 0.07448
16 7 1 100000 0.07332
16 7 1 100000 0.07373
16 7 1 100000 0.0737
16 7 1 100000 0.07354
16 7 1 85000 0.0643
16 7 1 85000 0.06379
16 7 1 85000 0.06355
16 7 1 85000 0.06423
16 7 1 85000 0.06385
16 7 1 75000 0.05427
16 7 1 75000 0.05424
16 7 1 75000 0.05463
16 7 1 75000 0.0544
16 7 1 75000 0.0539
16 7 1 75000 0.05436
16 7 1 75000 0.05458
16 7 1 50000 0.03215
16 7 1 50000 0.03214
16 7 1 50000 0.03231
16 7 1 50000 0.03208
16 7 1 50000 0.03202
16 7 1 50000 0.03194
16 7 1 35000 0.02138
16 7 1 35000 0.02144
16 7 1 35000 0.02126
16 7 1 35000 0.02122
16 7 1 35000 0.02138
16 7 1 35000 0.02135
16 7 1 35000 0.0212
16 7 1 25000 0.01027
16 7 1 25000 0.01016
16 7 1 25000 0.01015
16 7 1 25000 0.01019
16 7 1 25000 0.01009
16 7 1 25000 0.01008
16 7 1 15000 0.006865
16 7 1 15000 0.00681
16 7 1 15000 0.006811
16 7 1 15000 0.006773
16 7 1 15000 0.006726
16 7 1 10000 0.005258
16 7 1 10000 0.00524
16 7 1 10000 0.005284
16 7 1 10000 0.005336
16 7 1 10000 0.005273
16 7 1 10000 0.005246
16 7 1 10000 0.00526
16 7 2 100000 0.077
16 7 2 100000 0.07689
16 7 2 100000 0.07485
16 7 2 100000 0.0747
16 7 2 100000 0.07479
16 7 2 100000 0.07436
16 7 2 100000 0.07426
16 7 2 85000 0.06462
16 7 2 85000 0.06415
16 7 2 85000 0.06435
16 7 2 85000 0.06437
16 7 2 85000 0.06444
16 7 2 75000 0.05518
16 7 2 75000 0.05417
16 7 2 75000 0.05475
16 7 2 75000 0.05431
16 7 2 75000 0.05407
16 7 2 75000 0.05445
16 7 2 75000 0.0546
16 7 2 50000 0.03222
16 7 2 50000 0.0323
16 7 2 50000 0.03226
16 7 2 50000 0.03213
16 7 2 50000 0.03232
16 7 2 50000 0.03219
16 7 2 35000 0.02141
16 7 2 35000 0.02149
16 7 2 35000 0.0213
16 7 2 35000 0.02131
16 7 2 35000 0.02142
16 7 2 35000 0.02135
16 7 2 35000 0.02143
16 7 2 25000 0.01012
16 7 2 25000 0.0103
16 7 2 25000 0.01026
16 7 2 25000 0.0102
16 7 2 25000 0.0101
16 7 2 25000 0.01016
16 7 2 15000 0.006693
16 7 2 15000 0.00679
16 7 2 15000 0.006765
16 7 2 15000 0.006834
16 7 2 15000 0.006754
16 7 2 10000 0.005207
16 7 2 10000 0.00529
16 7 2 10000 0.005213
16 7 2 10000 0.00537
16 7 2 10000 0.005307
16 7 2 10000 0.005284
16 7 2 10000 0.005203
16 7 3 100000 0.07515
16 7 3 100000 0.07436
16 7 3 100000 0.07381
16 7 3 100000 0.074
16 7 3 100000 0.07463
16 7 3 100000 0.07417
16 7 3 100000 0.07382
16 7 3 85000 0.06483
16 7 3 85000 0.06452
16 7 3 85000 0.06428
16 7 3 85000 0.06494
16 7 3 85000 0.06435
16 7 3 75000 0.05467
16 7 3 75000 0.05432
16 7 3 75000 0.05476
16 7 3 75000 0.05397
16 7 3 75000 0.05405
16 7 3 75000 0.05483
16 7 3 75000 0.0551
16 7 3 50000 0.03242
16 7 3 50000 0.03247
16 7 3 50000 0.03221
16 7 3 50000 0.03186
16 7 3 50000 0.03205
16 7 3 50000 0.03217
16 7 3 35000 0.02146
16 7 3 35000 0.02128
16 7 3 35000 0.02134
16 7 3 35000 0.02139
16 7 3 35000 0.02124
16 7 3 35000 0.0214
16 7 3 35000 0.02132
16 7 3 25000 0.01026
16 7 3 25000 0.01017
16 7 3 25000 0.01019
16 7 3 25000 0.01011
16 7 3 25000 0.01014
16 7 3 25000 0.01007
16 7 3 15000 0.006716
16 7 3 15000 0.00679
16 7 3 15000 0.006781
16 7 3 15000 0.006674
16 7 3 15000 0.006768
16 7 3 10000 0.00532
16 7 3 10000 0.005258
16 7 3 10000 0.005218
16 7 3 10000 0.005256
16 7 3 10000 0.005241
16 7 3 10000 0.005204
16 7 3 10000 0.005213
16 7 4 100000 0.07473
16 7 4 100000 0.07435
16 7 4 100000 0.07415
16 7 4 100000 0.07427
16 7 4 100000 0.07437
16 7 4 100000 0.0743
16 7 4 100000 0.07454
16 7 4 85000 0.0647
16 7 4 85000 0.06406
16 7 4 85000 0.06445
16 7 4 85000 0.06403
16 7 4 85000 0.06457
16 7 4 75000 0.05481
16 7 4 75000 0.0544
16 7 4 75000 0.05396
16 7 4 75000 0.05452
16 7 4 75000 0.05405
16 7 4 75000 0.05477
16 7 4 75000 0.05459
16 7 4 50000 0.032
16 7 4 50000 0.03219
16 7 4 50000 0.03215
16 7 4 50000 0.03218
16 7 4 50000 0.03204
16 7 4 50000 0.03213
16 7 4 35000 0.02138
16 7 4 35000 0.02139
16 7 4 35000 0.02126
16 7 4 35000 0.02141
16 7 4 35000 0.0214
16 7 4 35000 0.02131
16 7 4 35000 0.02166
16 7 4 25000 0.01021
16 7 4 25000 0.01019
16 7 4 25000 0.01007
16 7 4 25000 0.0102
16 7 4 25000 0.01022
16 7 4 25000 0.01042
16 7 4 15000 0.006721
16 7 4 15000 0.006893
16 7 4 15000 0.006614
16 7 4 15000 0.006734
16 7 4 15000 0.006747
16 7 4 10000 0.005279
16 7 4 10000 0.005259
16 7 4 10000 0.005233
16 7 4 10000 0.005216
16 7 4 10000 0.005299
16 7 4 10000 0.005336
16 7 4 10000 0.005213
16 7 5 100000 0.07421
16 7 5 100000 0.07441
16 7 5 100000 0.07423
16 7 5 100000 0.07405
16 7 5 100000 0.07397
16 7 5 100000 0.07436
16 7 5 100000 0.07379
16 7 5 85000 0.06474
16 7 5 85000 0.06373
16 7 5 85000 0.06468
16 7 5 85000 0.06426
16 7 5 85000 0.06438
16 7 5 75000 0.05419
16 7 5 75000 0.05438
16 7 5 75000 0.05449
16 7 5 75000 0.0543
16 7 5 75000 0.05519
16 7 5 75000 0.05452
16 7 5 75000 0.05462
16 7 5 50000 0.03218
16 7 5 50000 0.03248
16 7 5 50000 0.0327
16 7 5 50000 0.03219
16 7 5 50000 0.03242
16 7 5 50000 0.03218
16 7 5 35000 0.0215
16 7 5 35000 0.02131
16 7 5 35000 0.02143
16 7 5 35000 0.02138
16 7 5 35000 0.02142
16 7 5 35000 0.02143
16 7 5 35000 0.02126
16 7 5 25000 0.01018
16 7 5 25000 0.01019
16 7 5 25000 0.01011
16 7 5 25000 0.01029
16 7 5 25000 0.01008
16 7 5 25000 0.01026
16 7 5 15000 0.006707
16 7 5 15000 0.006753
16 7 5 15000 0.01035
16 7 5 15000 0.006796
16 7 5 15000 0.006611
16 7 5 10000 0.005309
16 7 5 10000 0.00525
16 7 5 10000 0.005263
16 7 5 10000 0.005282
16 7 5 10000 0.005263
16 7 5 10000 0.005243
16 7 5 10000 0.005221
