16 1 1 100000 0.1558
16 1 1 100000 0.1467
16 1 1 100000 0.1294
16 1 1 100000 0.1146
16 1 1 100000 0.1011
16 1 1 100000 0.09977
16 1 1 100000 0.1024
16 1 1 85000 0.08908
16 1 1 85000 0.08985
16 1 1 85000 0.08782
16 1 1 85000 0.08989
16 1 1 85000 0.08949
16 1 1 75000 0.08112
16 1 1 75000 0.0808
16 1 1 75000 0.0819
16 1 1 75000 0.1023
16 1 1 75000 0.1022
16 1 1 75000 0.1001
16 1 1 75000 0.1016
16 1 1 50000 0.0691
16 1 1 50000 0.07031
16 1 1 50000 0.07119
16 1 1 50000 0.06861
16 1 1 50000 0.07242
16 1 1 50000 0.06778
16 1 1 35000 0.04859
16 1 1 35000 0.04861
16 1 1 35000 0.04724
16 1 1 35000 0.04386
16 1 1 35000 0.04266
16 1 1 35000 0.04252
16 1 1 25000 0.02784
16 1 1 25000 0.0279
16 1 1 25000 0.02793
16 1 1 25000 0.02756
16 1 1 25000 0.02782
16 1 1 25000 0.02818
16 1 1 25000 0.0271
16 1 1 15000 0.01768
16 1 1 15000 0.01685
16 1 1 15000 0.01762
16 1 1 15000 0.01783
16 1 1 15000 0.01762
16 1 1 15000 0.01706
16 1 1 10000 0.01247
16 1 1 10000 0.01272
16 1 1 10000 0.01293
16 1 1 10000 0.01302
16 1 1 10000 0.01284
16 1 1 10000 0.01316
16 1 2 113442 0.1121
16 1 2 113102 0.1109
16 1 2 112992 0.1097
16 1 2 112864 0.1115
16 1 2 112752 0.1095
16 1 2 109938 0.1069
16 1 2 108964 0.1073
16 1 2 94469 0.09683
16 1 2 94394 0.09343
16 1 2 94233 0.09548
16 1 2 93934 0.09535
16 1 2 91658 0.09398
16 1 2 82631 0.08731
16 1 2 82461 0.08865
16 1 2 82422 0.0845
16 1 2 82387 0.08709
16 1 2 82222 0.08633
16 1 2 82053 0.08569
16 1 2 76712 0.07968
16 1 2 53360 0.06364
16 1 2 53316 0.06209
16 1 2 53292 0.06283
16 1 2 53244 0.06157
16 1 2 53167 0.06135
16 1 2 53062 0.0632
16 1 2 36662 0.04393
16 1 2 36641 0.0438
16 1 2 36609 0.04403
16 1 2 36603 0.04293
16 1 2 36580 0.04332
16 1 2 36525 0.04207
16 1 2 25845 0.02841
16 1 2 25837 0.02961
16 1 2 25833 0.02897
16 1 2 25825 0.02923
16 1 2 25815 0.02739
16 1 2 25797 0.02959
16 1 2 25597 0.02846
16 1 2 15303 0.01851
16 1 2 15300 0.01871
16 1 2 15298 0.01855
16 1 2 15298 0.01842
16 1 2 15291 0.0176
16 1 2 15281 0.018
16 1 2 10134 0.01299
16 1 2 10133 0.01346
16 1 2 10132 0.01289
16 1 2 10130 0.01361
16 1 2 10128 0.01299
16 1 2 10126 0.01296
16 1 3 128307 0.175
16 1 3 127703 0.1737
16 1 3 127495 0.1748
16 1 3 127243 0.1749
16 1 3 127105 0.174
16 1 3 123831 0.1763
16 1 3 123294 0.1741
16 1 3 104780 0.1052
16 1 3 104432 0.1048
16 1 3 104282 0.1025
16 1 3 103943 0.1044
16 1 3 101541 0.1016
16 1 3 90654 0.09124
16 1 3 90466 0.09347
16 1 3 90394 0.09159
16 1 3 90324 0.09251
16 1 3 90217 0.09091
16 1 3 89901 0.09007
16 1 3 84173 0.0867
16 1 3 56898 0.06362
16 1 3 56763 0.063
16 1 3 56692 0.06469
16 1 3 56632 0.0644
16 1 3 56531 0.06378
16 1 3 56392 0.06413
16 1 3 38325 0.04419
16 1 3 38306 0.04338
16 1 3 38286 0.04363
16 1 3 38255 0.04462
16 1 3 38229 0.04356
16 1 3 38181 0.04411
16 1 3 26698 0.02945
16 1 3 26692 0.02951
16 1 3 26668 0.02882
16 1 3 26657 0.0297
16 1 3 26642 0.02811
16 1 3 26615 0.02876
16 1 3 26442 0.02888
16 1 3 15611 0.01854
16 1 3 15600 0.01777
16 1 3 15596 0.0177
16 1 3 15590 0.01874
16 1 3 15587 0.01801
16 1 3 15574 0.01796
16 1 3 10269 0.01369
16 1 3 10265 0.01287
16 1 3 10262 0.01305
16 1 3 10259 0.01293
16 1 3 10257 0.01277
16 1 3 10251 0.0133
16 1 4 144877 0.1862
16 1 4 143964 0.1868
16 1 4 143544 0.1875
16 1 4 142728 0.1853
16 1 4 142703 0.1778
16 1 4 138214 0.1899
16 1 4 116287 0.105
16 1 4 115790 0.1157
16 1 4 115486 0.1122
16 1 4 115329 0.1122
16 1 4 113703 0.1099
16 1 4 111929 0.1121
16 1 4 106341 0.107
16 1 4 99420 0.09775
16 1 4 99267 0.09922
16 1 4 98804 0.1001
16 1 4 98556 0.09822
16 1 4 97904 0.1002
16 1 4 95088 0.09626
16 1 4 60643 0.06997
16 1 4 60511 0.06536
16 1 4 60388 0.07033
16 1 4 60237 0.06833
16 1 4 60093 0.06657
16 1 4 59981 0.06763
16 1 4 57991 0.065
16 1 4 40052 0.04647
16 1 4 40020 0.04553
16 1 4 39975 0.04471
16 1 4 39880 0.04542
16 1 4 39602 0.04692
16 1 4 27601 0.03069
16 1 4 27548 0.03171
16 1 4 27525 0.03247
16 1 4 27490 0.03172
16 1 4 27434 0.03021
16 1 4 27063 0.03137
16 1 4 15925 0.01849
16 1 4 15912 0.01851
16 1 4 15901 0.01915
16 1 4 15895 0.01934
16 1 4 15888 0.01893
16 1 4 15880 0.01884
16 1 4 15737 0.01967
16 1 4 10403 0.01356
16 1 4 10399 0.0131
16 1 4 10395 0.01316
16 1 4 10390 0.01367
16 1 4 10383 0.01292
16 1 4 10382 0.01367
16 1 5 163748 0.1988
16 1 5 161645 0.1954
16 1 5 161442 0.1974
16 1 5 159461 0.1914
16 1 5 159070 0.1971
16 1 5 154681 0.1879
16 1 5 142577 0.1871
16 1 5 128318 0.1823
16 1 5 127862 0.1756
16 1 5 127112 0.183
16 1 5 125214 0.1753
16 1 5 123609 0.1782
16 1 5 109077 0.1086
16 1 5 108737 0.1082
16 1 5 108192 0.1084
16 1 5 108027 0.1071
16 1 5 107982 0.1084
16 1 5 107007 0.1021
16 1 5 102729 0.1029
16 1 5 64468 0.07225
16 1 5 64350 0.07297
16 1 5 64280 0.07089
16 1 5 64067 0.07041
16 1 5 64000 0.07137
16 1 5 63899 0.07159
16 1 5 61660 0.0708
16 1 5 41875 0.04851
16 1 5 41785 0.0498
16 1 5 41751 0.0475
16 1 5 41445 0.04913
16 1 5 41323 0.04946
16 1 5 28480 0.03159
16 1 5 28443 0.03096
16 1 5 28430 0.03182
16 1 5 28382 0.03254
16 1 5 28323 0.03202
16 1 5 27947 0.03045
16 1 5 16231 0.0186
16 1 5 16210 0.01938
16 1 5 16204 0.01919
16 1 5 16200 0.01887
16 1 5 16193 0.01891
16 1 5 16180 0.01914
16 1 5 16046 0.0186
16 1 5 10538 0.01376
16 1 5 10531 0.01327
16 1 5 10529 0.01364
16 1 5 10522 0.01406
16 1 5 10520 0.0138
16 1 5 10512 0.01322
