8 5 1 100000 0.1102
8 5 1 100000 0.108
8 5 1 100000 0.1052
8 5 1 100000 0.1005
8 5 1 100000 0.1016
8 5 1 100000 0.1001
8 5 1 100000 0.1022
8 5 1 100000 0.09952
8 5 1 100000 0.1018
8 5 1 100000 0.1018
8 5 1 100000 0.099
8 5 1 100000 0.09956
8 5 1 100000 0.101
8 5 1 85000 0.09194
8 5 1 85000 0.09252
8 5 1 85000 0.09109
8 5 1 85000 0.09356
8 5 1 85000 0.08705
8 5 1 85000 0.1075
8 5 1 85000 0.1047
8 5 1 85000 0.1113
8 5 1 85000 0.1088
8 5 1 85000 0.1062
8 5 1 85000 0.1024
8 5 1 85000 0.1076
8 5 1 75000 0.09627
8 5 1 75000 0.09574
8 5 1 75000 0.09615
8 5 1 75000 0.09501
8 5 1 75000 0.09229
8 5 1 75000 0.09114
8 5 1 75000 0.09292
8 5 1 75000 0.09658
8 5 1 75000 0.09589
8 5 1 75000 0.09397
8 5 1 75000 0.08918
8 5 1 75000 0.09043
8 5 1 50000 0.05955
8 5 1 50000 0.06079
8 5 1 50000 0.05959
8 5 1 50000 0.05903
8 5 1 50000 0.06161
8 5 1 50000 0.05948
8 5 1 50000 0.05596
8 5 1 50000 0.05792
8 5 1 50000 0.05956
8 5 1 50000 0.0557
8 5 1 50000 0.05684
8 5 1 50000 0.05833
8 5 1 50000 0.05936
8 5 1 35000 0.04467
8 5 1 35000 0.04148
8 5 1 35000 0.04292
8 5 1 35000 0.04277
8 5 1 35000 0.04351
8 5 1 35000 0.04105
8 5 1 35000 0.04259
8 5 1 35000 0.04211
8 5 1 35000 0.04102
8 5 1 35000 0.0415
8 5 1 35000 0.04223
8 5 1 35000 0.04144
8 5 1 35000 0.04175
8 5 1 25000 0.02851
8 5 1 25000 0.02905
8 5 1 25000 0.02789
8 5 1 25000 0.02705
8 5 1 25000 0.02755
8 5 1 25000 0.02695
8 5 1 25000 0.02691
8 5 1 25000 0.02635
8 5 1 25000 0.02744
8 5 1 25000 0.02647
8 5 1 25000 0.02708
8 5 1 25000 0.0277
8 5 1 15000 0.01789
8 5 1 15000 0.0183
8 5 1 15000 0.01767
8 5 1 15000 0.01735
8 5 1 15000 0.01754
8 5 1 15000 0.01737
8 5 1 15000 0.01747
8 5 1 15000 0.01765
8 5 1 15000 0.01683
8 5 1 15000 0.01627
8 5 1 15000 0.01666
8 5 1 15000 0.01705
8 5 1 15000 0.0172
8 5 1 10000 0.01272
8 5 1 10000 0.01285
8 5 1 10000 0.01262
8 5 1 10000 0.01267
8 5 1 10000 0.01228
8 5 1 10000 0.01248
8 5 1 10000 0.0123
8 5 1 10000 0.01163
8 5 1 10000 0.01224
8 5 1 10000 0.01154
8 5 1 10000 0.01192
8 5 1 10000 0.01257
8 5 2 113236 0.1121
8 5 2 113074 0.1121
8 5 2 112747 0.1075
8 5 2 112678 0.1105
8 5 2 112006 0.1113
8 5 2 111974 0.1104
8 5 2 110343 0.1047
8 5 2 109989 0.108
8 5 2 106395 0.1036
8 5 2 106395 0.1037
8 5 2 100740 0.1014
8 5 2 99867 0.1007
8 5 2 94441 0.09599
8 5 2 94416 0.0926
8 5 2 94319 0.0972
8 5 2 94057 0.0944
8 5 2 93849 0.1043
8 5 2 93420 0.1183
8 5 2 93134 0.1184
8 5 2 90177 0.1133
8 5 2 89986 0.1088
8 5 2 86065 0.1111
8 5 2 83564 0.1035
8 5 2 82679 0.1039
8 5 2 82461 0.1014
8 5 2 82356 0.102
8 5 2 82313 0.1035
8 5 2 82114 0.1026
8 5 2 82087 0.1027
8 5 2 82046 0.1012
8 5 2 81815 0.1024
8 5 2 81513 0.09999
8 5 2 80846 0.1069
8 5 2 79779 0.0978
8 5 2 77761 0.1
8 5 2 76681 0.09722
8 5 2 73302 0.0926
8 5 2 71123 0.09164
8 5 2 53357 0.06735
8 5 2 53318 0.06677
8 5 2 53278 0.06796
8 5 2 53258 0.06881
8 5 2 53230 0.06886
8 5 2 53213 0.06733
8 5 2 53127 0.06688
8 5 2 52557 0.06932
8 5 2 51213 0.06612
8 5 2 49709 0.06858
8 5 2 48922 0.06524
8 5 2 46633 0.05992
8 5 2 36662 0.04471
8 5 2 36618 0.04548
8 5 2 36593 0.04508
8 5 2 36587 0.04484
8 5 2 36571 0.0452
8 5 2 36565 0.04555
8 5 2 36551 0.04565
8 5 2 36535 0.04763
8 5 2 36050 0.04732
8 5 2 35800 0.04437
8 5 2 35612 0.04388
8 5 2 33687 0.04281
8 5 2 25839 0.03247
8 5 2 25829 0.02789
8 5 2 25815 0.02709
8 5 2 25815 0.02718
8 5 2 25808 0.02749
8 5 2 25790 0.02916
8 5 2 25774 0.02881
8 5 2 25751 0.02932
8 5 2 25632 0.03011
8 5 2 25046 0.03091
8 5 2 24645 0.03201
8 5 2 24528 0.02948
8 5 2 24227 0.03002
8 5 2 15303 0.01928
8 5 2 15300 0.01817
8 5 2 15297 0.01868
8 5 2 15295 0.01842
8 5 2 15294 0.01846
8 5 2 15291 0.01796
8 5 2 15284 0.01726
8 5 2 15275 0.01896
8 5 2 15254 0.01787
8 5 2 15072 0.01927
8 5 2 15027 0.01736
8 5 2 14844 0.01904
8 5 2 10134 0.01325
8 5 2 10134 0.0133
8 5 2 10132 0.0134
8 5 2 10131 0.01381
8 5 2 10131 0.01176
8 5 2 10130 0.01355
8 5 2 10129 0.01253
8 5 2 10127 0.01266
8 5 2 10120 0.01408
8 5 2 10021 0.01404
8 5 2 9991 0.01258
8 5 2 9912 0.01321
8 5 2 9860 0.01303
8 5 3 127818 0.2117
8 5 3 126784 0.2008
8 5 3 126461 0.2021
8 5 3 126050 0.1836
8 5 3 125371 0.1687
8 5 3 124314 0.1621
8 5 3 123050 0.1745
8 5 3 120366 0.1127
8 5 3 116591 0.1076
8 5 3 111835 0.1097
8 5 3 104907 0.1023
8 5 3 104787 0.1038
8 5 3 104196 0.1014
8 5 3 103926 0.1025
8 5 3 103246 0.09934
8 5 3 101949 0.1039
8 5 3 101372 0.1195
8 5 3 100369 0.1228
8 5 3 99745 0.1271
8 5 3 95171 0.119
8 5 3 94729 0.1169
8 5 3 93279 0.1018
8 5 3 90707 0.1155
8 5 3 90377 0.113
8 5 3 90234 0.1068
8 5 3 89867 0.09103
8 5 3 89749 0.08937
8 5 3 89329 0.0883
8 5 3 88707 0.09062
8 5 3 88028 0.09058
8 5 3 87643 0.08629
8 5 3 85512 0.08718
8 5 3 84870 0.08659
8 5 3 82953 0.08662
8 5 3 80789 0.08539
8 5 3 77978 0.08257
8 5 3 75276 0.08138
8 5 3 56961 0.06477
8 5 3 56786 0.06469
8 5 3 56704 0.06286
8 5 3 56656 0.06173
8 5 3 56622 0.0636
8 5 3 56605 0.06219
8 5 3 56266 0.06401
8 5 3 55526 0.06689
8 5 3 54358 0.06581
8 5 3 53130 0.06399
8 5 3 52418 0.06002
8 5 3 49507 0.05909
8 5 3 45778 0.05646
8 5 3 38378 0.04562
8 5 3 38287 0.0432
8 5 3 38270 0.04312
8 5 3 38250 0.04184
8 5 3 38234 0.04346
8 5 3 38168 0.04343
8 5 3 38097 0.044
8 5 3 38028 0.04312
8 5 3 37418 0.04172
8 5 3 37261 0.04088
8 5 3 35542 0.04205
8 5 3 34702 0.04162
8 5 3 33530 0.03896
8 5 3 26683 0.03035
8 5 3 26651 0.02828
8 5 3 26621 0.02793
8 5 3 26605 0.02751
8 5 3 26584 0.0275
8 5 3 26552 0.02623
8 5 3 26113 0.02735
8 5 3 25893 0.02882
8 5 3 25492 0.02889
8 5 3 25362 0.02833
8 5 3 24824 0.02849
8 5 3 24295 0.02634
8 5 3 15606 0.0172
8 5 3 15600 0.0172
8 5 3 15596 0.01747
8 5 3 15577 0.01717
8 5 3 15570 0.01692
8 5 3 15563 0.0171
8 5 3 15457 0.01769
8 5 3 15343 0.01716
8 5 3 15255 0.0181
8 5 3 15156 0.01722
8 5 3 15092 0.01864
8 5 3 14802 0.01804
8 5 3 10269 0.0125
8 5 3 10266 0.01268
8 5 3 10264 0.01293
8 5 3 10261 0.01255
8 5 3 10259 0.01256
8 5 3 10258 0.01258
8 5 3 10254 0.01282
8 5 3 10213 0.01333
8 5 3 10164 0.01301
8 5 3 10101 0.01258
8 5 3 10037 0.01285
8 5 3 9985 0.01247
8 5 3 9843 0.01191
8 5 4 144475 0.1857
8 5 4 141100 0.1752
8 5 4 139688 0.1788
8 5 4 138677 0.1736
8 5 4 137685 0.1814
8 5 4 136162 0.1746
8 5 4 134986 0.1825
8 5 4 129809 0.1835
8 5 4 124062 0.1676
8 5 4 116646 0.1096
8 5 4 116115 0.1115
8 5 4 115372 0.1067
8 5 4 114917 0.1067
8 5 4 112427 0.1056
8 5 4 112427 0.106
8 5 4 110567 0.1075
8 5 4 108353 0.1063
8 5 4 108223 0.09878
8 5 4 104511 0.09856
8 5 4 100239 0.09907
8 5 4 100160 0.09789
8 5 4 99213 0.09564
8 5 4 98974 0.09801
8 5 4 98930 0.09773
8 5 4 98307 0.09573
8 5 4 97764 0.09822
8 5 4 96728 0.09688
8 5 4 96340 0.0956
8 5 4 93540 0.09728
8 5 4 93501 0.09127
8 5 4 92290 0.09122
8 5 4 89436 0.09198
8 5 4 87348 0.09084
8 5 4 85098 0.08678
8 5 4 82073 0.08548
8 5 4 79735 0.08485
8 5 4 73929 0.08094
8 5 4 62909 0.07255
8 5 4 60390 0.06669
8 5 4 60340 0.06872
8 5 4 60277 0.06786
8 5 4 59930 0.0654
8 5 4 59592 0.06867
8 5 4 58876 0.06571
8 5 4 57225 0.06699
8 5 4 55868 0.06345
8 5 4 54887 0.06487
8 5 4 52074 0.06078
8 5 4 50357 0.05933
8 5 4 44426 0.05242
8 5 4 40085 0.04464
8 5 4 40022 0.04363
8 5 4 39956 0.04465
8 5 4 39899 0.04437
8 5 4 39839 0.04239
8 5 4 39755 0.04678
8 5 4 39226 0.04469
8 5 4 39023 0.04288
8 5 4 38795 0.04344
8 5 4 37161 0.04438
8 5 4 36239 0.04264
8 5 4 35232 0.04235
8 5 4 32877 0.03991
8 5 4 27567 0.02887
8 5 4 27490 0.02917
8 5 4 27472 0.03151
8 5 4 27416 0.03003
8 5 4 27257 0.03122
8 5 4 26962 0.03251
8 5 4 26507 0.03134
8 5 4 26291 0.03006
8 5 4 26210 0.03192
8 5 4 25855 0.0299
8 5 4 25088 0.02903
8 5 4 23942 0.02757
8 5 4 15914 0.01799
8 5 4 15909 0.01892
8 5 4 15904 0.01988
8 5 4 15886 0.01809
8 5 4 15879 0.01796
8 5 4 15864 0.02014
8 5 4 15765 0.0186
8 5 4 15581 0.01909
8 5 4 15430 0.02038
8 5 4 15274 0.01923
8 5 4 15156 0.01945
8 5 4 15023 0.01928
8 5 4 10404 0.0141
8 5 4 10402 0.01305
8 5 4 10397 0.01367
8 5 4 10394 0.01392
8 5 4 10392 0.01354
8 5 4 10389 0.01414
8 5 4 10365 0.01364
8 5 4 10314 0.01338
8 5 4 10253 0.01334
8 5 4 10177 0.01275
8 5 4 10079 0.01325
8 5 4 9974 0.01272
8 5 4 9895 0.01302
8 5 5 161635 0.2464
8 5 5 158582 0.204
8 5 5 156896 0.1911
8 5 5 155427 0.1866
8 5 5 153500 0.195
8 5 5 148241 0.1867
8 5 5 147469 0.1818
8 5 5 143688 0.2061
8 5 5 129098 0.194
8 5 5 129098 0.1728
8 5 5 128331 0.1738
8 5 5 127710 0.1735
8 5 5 125745 0.1824
8 5 5 123930 0.1778
8 5 5 121295 0.1112
8 5 5 120006 0.1123
8 5 5 117640 0.1134
8 5 5 111980 0.1094
8 5 5 110102 0.1068
8 5 5 108945 0.1073
8 5 5 108383 0.0995
8 5 5 107964 0.1081
8 5 5 107445 0.1064
8 5 5 107165 0.1056
8 5 5 105496 0.1055
8 5 5 104784 0.1056
8 5 5 103399 0.1047
8 5 5 102390 0.09848
8 5 5 100611 0.09876
8 5 5 99070 0.101
8 5 5 94874 0.0959
8 5 5 94038 0.09688
8 5 5 90615 0.1099
8 5 5 88665 0.09132
8 5 5 81164 0.08662
8 5 5 79277 0.08444
8 5 5 75414 0.08038
8 5 5 64385 0.07082
8 5 5 64269 0.0721
8 5 5 64000 0.0727
8 5 5 63725 0.07053
8 5 5 63438 0.07026
8 5 5 62434 0.06917
8 5 5 61461 0.06916
8 5 5 59865 0.06712
8 5 5 58912 0.07041
8 5 5 56762 0.06646
8 5 5 55093 0.06311
8 5 5 48792 0.05972
8 5 5 46728 0.05733
8 5 5 41888 0.04984
8 5 5 41757 0.04948
8 5 5 41704 0.04828
8 5 5 41668 0.04963
8 5 5 41564 0.04823
8 5 5 40930 0.0469
8 5 5 40738 0.04902
8 5 5 40587 0.04562
8 5 5 38412 0.0437
8 5 5 37643 0.04493
8 5 5 36325 0.04354
8 5 5 35805 0.04387
8 5 5 28458 0.03008
8 5 5 28447 0.03065
8 5 5 28386 0.03047
8 5 5 28348 0.02974
8 5 5 28322 0.03052
8 5 5 28034 0.03072
8 5 5 27772 0.03047
8 5 5 27163 0.03212
8 5 5 26820 0.03034
8 5 5 26421 0.02768
8 5 5 25941 0.0299
8 5 5 25651 0.02958
8 5 5 24218 0.02775
8 5 5 16222 0.01886
8 5 5 16203 0.01783
8 5 5 16192 0.01885
8 5 5 16188 0.0192
8 5 5 16173 0.01831
8 5 5 16162 0.0177
8 5 5 16032 0.01912
8 5 5 16003 0.01864
8 5 5 15714 0.0175
8 5 5 15460 0.01919
8 5 5 15281 0.01838
8 5 5 15028 0.01894
8 5 5 14801 0.01884
8 5 5 10531 0.01364
8 5 5 10526 0.01319
8 5 5 10524 0.01317
8 5 5 10513 0.01384
8 5 5 10441 0.01348
8 5 5 10391 0.01346
8 5 5 10334 0.01336
8 5 5 10275 0.01327
8 5 5 10257 0.01414
8 5 5 10099 0.0126
8 5 5 9900 0.01314
8 5 5 9661 0.01253
