8 3 1 100000 0.1283
8 3 1 100000 0.1168
8 3 1 100000 0.1013
8 3 1 100000 0.07626
8 3 1 100000 0.07577
8 3 1 100000 0.07629
8 3 1 100000 0.07577
8 3 1 100000 0.07546
8 3 1 100000 0.07633
8 3 1 100000 0.07595
8 3 1 100000 0.07597
8 3 1 100000 0.07619
8 3 1 100000 0.07616
8 3 1 85000 0.06559
8 3 1 85000 0.0665
8 3 1 85000 0.06626
8 3 1 85000 0.06583
8 3 1 85000 0.0669
8 3 1 85000 0.06674
8 3 1 85000 0.06658
8 3 1 85000 0.06599
8 3 1 85000 0.06683
8 3 1 85000 0.06619
8 3 1 85000 0.066
8 3 1 85000 0.06629
8 3 1 75000 0.05582
8 3 1 75000 0.05593
8 3 1 75000 0.05664
8 3 1 75000 0.05615
8 3 1 75000 0.05634
8 3 1 75000 0.05584
8 3 1 75000 0.0561
8 3 1 75000 0.05559
8 3 1 75000 0.05659
8 3 1 75000 0.05696
8 3 1 75000 0.05588
8 3 1 75000 0.0556
8 3 1 50000 0.03287
8 3 1 50000 0.03318
8 3 1 50000 0.03282
8 3 1 50000 0.03292
8 3 1 50000 0.03291
8 3 1 50000 0.03274
8 3 1 50000 0.03306
8 3 1 50000 0.0332
8 3 1 50000 0.03303
8 3 1 50000 0.03287
8 3 1 50000 0.03289
8 3 1 50000 0.03278
8 3 1 50000 0.0329
8 3 1 35000 0.02198
8 3 1 35000 0.02194
8 3 1 35000 0.02185
8 3 1 35000 0.02197
8 3 1 35000 0.02198
8 3 1 35000 0.0219
8 3 1 35000 0.02189
8 3 1 35000 0.02183
8 3 1 35000 0.02173
8 3 1 35000 0.0218
8 3 1 35000 0.0219
8 3 1 35000 0.0218
8 3 1 35000 0.02161
8 3 1 25000 0.01005
8 3 1 25000 0.01036
8 3 1 25000 0.01042
8 3 1 25000 0.01024
8 3 1 25000 0.01025
8 3 1 25000 0.01029
8 3 1 25000 0.01039
8 3 1 25000 0.01028
8 3 1 25000 0.01028
8 3 1 25000 0.01025
8 3 1 25000 0.01037
8 3 1 25000 0.01044
8 3 1 15000 0.006808
8 3 1 15000 0.006831
8 3 1 15000 0.006754
8 3 1 15000 0.006785
8 3 1 15000 0.00689
8 3 1 15000 0.006821
8 3 1 15000 0.006585
8 3 1 15000 0.006622
8 3 1 15000 0.006824
8 3 1 15000 0.00678
8 3 1 15000 0.006693
8 3 1 15000 0.006734
8 3 1 15000 0.006789
8 3 1 10000 0.005269
8 3 1 10000 0.005246
8 3 1 10000 0.005272
8 3 1 10000 0.005271
8 3 1 10000 0.005175
8 3 1 10000 0.005257
8 3 1 10000 0.00522
8 3 1 10000 0.005264
8 3 1 10000 0.005314
8 3 1 10000 0.005236
8 3 1 10000 0.005266
8 3 1 10000 0.005375
8 3 2 100000 0.07655
8 3 2 100000 0.07605
8 3 2 100000 0.07603
8 3 2 100000 0.0766
8 3 2 100000 0.07602
8 3 2 100000 0.07648
8 3 2 100000 0.07573
8 3 2 100000 0.07605
8 3 2 100000 0.07604
8 3 2 100000 0.0761
8 3 2 100000 0.07651
8 3 2 100000 0.07565
8 3 2 100000 0.07578
8 3 2 85000 0.06635
8 3 2 85000 0.06601
8 3 2 85000 0.0658
8 3 2 85000 0.06621
8 3 2 85000 0.06604
8 3 2 85000 0.06592
8 3 2 85000 0.06588
8 3 2 85000 0.06678
8 3 2 85000 0.06644
8 3 2 85000 0.06526
8 3 2 85000 0.06566
8 3 2 85000 0.06625
8 3 2 75000 0.05619
8 3 2 75000 0.05576
8 3 2 75000 0.0562
8 3 2 75000 0.05558
8 3 2 75000 0.05655
8 3 2 75000 0.05603
8 3 2 75000 0.05618
8 3 2 75000 0.05587
8 3 2 75000 0.05532
8 3 2 75000 0.05601
8 3 2 75000 0.05613
8 3 2 75000 0.05613
8 3 2 50000 0.03314
8 3 2 50000 0.03291
8 3 2 50000 0.03311
8 3 2 50000 0.03283
8 3 2 50000 0.03328
8 3 2 50000 0.03294
8 3 2 50000 0.03284
8 3 2 50000 0.03295
8 3 2 50000 0.03285
8 3 2 50000 0.03318
8 3 2 50000 0.03298
8 3 2 50000 0.03343
8 3 2 50000 0.0332
8 3 2 35000 0.0218
8 3 2 35000 0.0221
8 3 2 35000 0.02184
8 3 2 35000 0.02192
8 3 2 35000 0.02198
8 3 2 35000 0.02209
8 3 2 35000 0.02213
8 3 2 35000 0.02197
8 3 2 35000 0.02206
8 3 2 35000 0.02196
8 3 2 35000 0.02193
8 3 2 35000 0.0219
8 3 2 35000 0.02189
8 3 2 25000 0.01028
8 3 2 25000 0.01025
8 3 2 25000 0.01036
8 3 2 25000 0.0102
8 3 2 25000 0.01019
8 3 2 25000 0.01023
8 3 2 25000 0.01037
8 3 2 25000 0.0104
8 3 2 25000 0.01039
8 3 2 25000 0.01027
8 3 2 25000 0.01022
8 3 2 25000 0.01034
8 3 2 15000 0.006625
8 3 2 15000 0.006876
8 3 2 15000 0.006771
8 3 2 15000 0.006765
8 3 2 15000 0.00683
8 3 2 15000 0.006947
8 3 2 15000 0.00682
8 3 2 15000 0.006828
8 3 2 15000 0.006952
8 3 2 15000 0.006725
8 3 2 15000 0.006749
8 3 2 15000 0.006819
8 3 2 15000 0.006822
8 3 2 10000 0.005308
8 3 2 10000 0.005297
8 3 2 10000 0.005381
8 3 2 10000 0.00535
8 3 2 10000 0.005287
8 3 2 10000 0.005289
8 3 2 10000 0.005315
8 3 2 10000 0.0053
8 3 2 10000 0.005251
8 3 2 10000 0.005269
8 3 2 10000 0.00523
8 3 2 10000 0.005243
8 3 3 100000 0.07698
8 3 3 100000 0.07617
8 3 3 100000 0.07644
8 3 3 100000 0.07586
8 3 3 100000 0.07632
8 3 3 100000 0.07635
8 3 3 100000 0.0763
8 3 3 100000 0.077
8 3 3 100000 0.0764
8 3 3 100000 0.07667
8 3 3 100000 0.07628
8 3 3 100000 0.07589
8 3 3 100000 0.07643
8 3 3 85000 0.06627
8 3 3 85000 0.06608
8 3 3 85000 0.06606
8 3 3 85000 0.0667
8 3 3 85000 0.06703
8 3 3 85000 0.06587
8 3 3 85000 0.06636
8 3 3 85000 0.06688
8 3 3 85000 0.06637
8 3 3 85000 0.06657
8 3 3 85000 0.06639
8 3 3 85000 0.06635
8 3 3 75000 0.05571
8 3 3 75000 0.05607
8 3 3 75000 0.05617
8 3 3 75000 0.05603
8 3 3 75000 0.05583
8 3 3 75000 0.05594
8 3 3 75000 0.05669
8 3 3 75000 0.05661
8 3 3 75000 0.05639
8 3 3 75000 0.05595
8 3 3 75000 0.05697
8 3 3 75000 0.05613
8 3 3 50000 0.03335
8 3 3 50000 0.03324
8 3 3 50000 0.03321
8 3 3 50000 0.03301
8 3 3 50000 0.03361
8 3 3 50000 0.03348
8 3 3 50000 0.03291
8 3 3 50000 0.03342
8 3 3 50000 0.03297
8 3 3 50000 0.0331
8 3 3 50000 0.033
8 3 3 50000 0.0333
8 3 3 50000 0.03311
8 3 3 35000 0.02186
8 3 3 35000 0.02204
8 3 3 35000 0.02174
8 3 3 35000 0.02194
8 3 3 35000 0.02217
8 3 3 35000 0.02193
8 3 3 35000 0.0218
8 3 3 35000 0.02195
8 3 3 35000 0.02186
8 3 3 35000 0.02177
8 3 3 35000 0.02201
8 3 3 35000 0.02186
8 3 3 35000 0.02178
8 3 3 25000 0.01029
8 3 3 25000 0.01058
8 3 3 25000 0.01034
8 3 3 25000 0.01031
8 3 3 25000 0.01033
8 3 3 25000 0.01036
8 3 3 25000 0.01033
8 3 3 25000 0.01024
8 3 3 25000 0.01027
8 3 3 25000 0.01039
8 3 3 25000 0.01039
8 3 3 25000 0.01033
8 3 3 15000 0.006817
8 3 3 15000 0.006897
8 3 3 15000 0.006879
8 3 3 15000 0.006798
8 3 3 15000 0.006776
8 3 3 15000 0.006861
8 3 3 15000 0.006819
8 3 3 15000 0.006817
8 3 3 15000 0.00678
8 3 3 15000 0.006779
8 3 3 15000 0.006725
8 3 3 15000 0.006804
8 3 3 15000 0.006777
8 3 3 10000 0.005297
8 3 3 10000 0.005281
8 3 3 10000 0.005253
8 3 3 10000 0.005371
8 3 3 10000 0.007505
8 3 3 10000 0.005311
8 3 3 10000 0.005348
8 3 3 10000 0.0053
8 3 3 10000 0.005301
8 3 3 10000 0.005297
8 3 3 10000 0.005315
8 3 3 10000 0.005232
8 3 4 100000 0.07897
8 3 4 100000 0.07652
8 3 4 100000 0.0769
8 3 4 100000 0.07695
8 3 4 100000 0.07638
8 3 4 100000 0.07658
8 3 4 100000 0.07668
8 3 4 100000 0.07617
8 3 4 100000 0.07656
8 3 4 100000 0.07696
8 3 4 100000 0.07666
8 3 4 100000 0.07594
8 3 4 100000 0.07584
8 3 4 85000 0.0664
8 3 4 85000 0.06599
8 3 4 85000 0.06608
8 3 4 85000 0.06664
8 3 4 85000 0.06642
8 3 4 85000 0.06712
8 3 4 85000 0.067
8 3 4 85000 0.06669
8 3 4 85000 0.06643
8 3 4 85000 0.06606
8 3 4 85000 0.06562
8 3 4 85000 0.06574
8 3 4 75000 0.05601
8 3 4 75000 0.05618
8 3 4 75000 0.05608
8 3 4 75000 0.0563
8 3 4 75000 0.05562
8 3 4 75000 0.05585
8 3 4 75000 0.05577
8 3 4 75000 0.05585
8 3 4 75000 0.05615
8 3 4 75000 0.05621
8 3 4 75000 0.05578
8 3 4 75000 0.05595
8 3 4 50000 0.03299
8 3 4 50000 0.03306
8 3 4 50000 0.03284
8 3 4 50000 0.03261
8 3 4 50000 0.03297
8 3 4 50000 0.03287
8 3 4 50000 0.03309
8 3 4 50000 0.03338
8 3 4 50000 0.03325
8 3 4 50000 0.03319
8 3 4 50000 0.03313
8 3 4 50000 0.0329
8 3 4 50000 0.03304
8 3 4 35000 0.02189
8 3 4 35000 0.02182
8 3 4 35000 0.02201
8 3 4 35000 0.02191
8 3 4 35000 0.0217
8 3 4 35000 0.0218
8 3 4 35000 0.02185
8 3 4 35000 0.02197
8 3 4 35000 0.02204
8 3 4 35000 0.02186
8 3 4 35000 0.02189
8 3 4 35000 0.02202
8 3 4 35000 0.022
8 3 4 25000 0.0104
8 3 4 25000 0.01028
8 3 4 25000 0.01046
8 3 4 25000 0.01039
8 3 4 25000 0.01022
8 3 4 25000 0.01019
8 3 4 25000 0.01015
8 3 4 25000 0.01025
8 3 4 25000 0.0102
8 3 4 25000 0.01027
8 3 4 25000 0.01024
8 3 4 25000 0.01024
8 3 4 15000 0.006723
8 3 4 15000 0.006842
8 3 4 15000 0.00684
8 3 4 15000 0.006839
8 3 4 15000 0.006694
8 3 4 15000 0.006897
8 3 4 15000 0.006761
8 3 4 15000 0.006806
8 3 4 15000 0.006757
8 3 4 15000 0.006874
8 3 4 15000 0.006806
8 3 4 15000 0.006947
8 3 4 15000 0.006774
8 3 4 10000 0.005359
8 3 4 10000 0.005255
8 3 4 10000 0.005318
8 3 4 10000 0.005293
8 3 4 10000 0.005278
8 3 4 10000 0.005249
8 3 4 10000 0.005242
8 3 4 10000 0.005269
8 3 4 10000 0.005301
8 3 4 10000 0.005302
8 3 4 10000 0.005322
8 3 4 10000 0.00525
8 3 5 100000 0.1107
8 3 5 100000 0.1076
8 3 5 100000 0.116
8 3 5 100000 0.09016
8 3 5 100000 0.07655
8 3 5 100000 0.07783
8 3 5 100000 0.07782
8 3 5 100000 0.07763
8 3 5 100000 0.07755
8 3 5 100000 0.07736
8 3 5 100000 0.07704
8 3 5 100000 0.07735
8 3 5 100000 0.07786
8 3 5 85000 0.06736
8 3 5 85000 0.06727
8 3 5 85000 0.06622
8 3 5 85000 0.06711
8 3 5 85000 0.067
8 3 5 85000 0.06738
8 3 5 85000 0.06692
8 3 5 85000 0.06642
8 3 5 85000 0.06747
8 3 5 85000 0.06655
8 3 5 85000 0.06765
8 3 5 85000 0.06774
8 3 5 75000 0.05618
8 3 5 75000 0.05634
8 3 5 75000 0.05613
8 3 5 75000 0.05636
8 3 5 75000 0.05665
8 3 5 75000 0.05638
8 3 5 75000 0.05735
8 3 5 75000 0.05673
8 3 5 75000 0.05679
8 3 5 75000 0.0564
8 3 5 75000 0.05649
8 3 5 75000 0.05651
8 3 5 50000 0.03344
8 3 5 50000 0.03371
8 3 5 50000 0.03299
8 3 5 50000 0.03307
8 3 5 50000 0.03333
8 3 5 50000 0.03325
8 3 5 50000 0.03348
8 3 5 50000 0.03361
8 3 5 50000 0.03313
8 3 5 50000 0.03343
8 3 5 50000 0.03373
8 3 5 50000 0.0334
8 3 5 50000 0.03322
8 3 5 35000 0.0224
8 3 5 35000 0.02228
8 3 5 35000 0.02215
8 3 5 35000 0.02226
8 3 5 35000 0.02229
8 3 5 35000 0.02239
8 3 5 35000 0.02219
8 3 5 35000 0.02219
8 3 5 35000 0.02252
8 3 5 35000 0.02217
8 3 5 35000 0.02227
8 3 5 35000 0.02208
8 3 5 35000 0.02207
8 3 5 25000 0.01059
8 3 5 25000 0.01028
8 3 5 25000 0.01047
8 3 5 25000 0.01033
8 3 5 25000 0.01017
8 3 5 25000 0.01056
8 3 5 25000 0.01052
8 3 5 25000 0.0105
8 3 5 25000 0.01043
8 3 5 25000 0.01038
8 3 5 25000 0.01051
8 3 5 25000 0.01055
8 3 5 15000 0.006798
8 3 5 15000 0.006772
8 3 5 15000 0.007006
8 3 5 15000 0.006873
8 3 5 15000 0.006897
8 3 5 15000 0.006988
8 3 5 15000 0.006917
8 3 5 15000 0.006756
8 3 5 15000 0.006952
8 3 5 15000 0.006902
8 3 5 15000 0.006873
8 3 5 15000 0.006781
8 3 5 15000 0.006935
8 3 5 10000 0.005356
8 3 5 10000 0.005289
8 3 5 10000 0.005353
8 3 5 10000 0.005278
8 3 5 10000 0.005303
8 3 5 10000 0.005336
8 3 5 10000 0.005274
8 3 5 10000 0.005276
8 3 5 10000 0.005322
8 3 5 10000 0.005399
8 3 5 10000 0.005345
8 3 5 10000 0.005254
