16 0 1 100000 0.1392
16 0 1 100000 0.1264
16 0 1 100000 0.1213
16 0 1 100000 0.1208
16 0 1 100000 0.129
16 0 1 100000 0.1276
16 0 1 100000 0.1259
16 0 1 85000 0.1059
16 0 1 85000 0.1003
16 0 1 85000 0.09165
16 0 1 85000 0.08879
16 0 1 85000 0.08929
16 0 1 75000 0.07969
16 0 1 75000 0.07999
16 0 1 75000 0.08006
16 0 1 75000 0.07581
16 0 1 75000 0.07886
16 0 1 75000 0.07803
16 0 1 50000 0.06095
16 0 1 50000 0.05735
16 0 1 50000 0.05741
16 0 1 50000 0.05718
16 0 1 50000 0.05794
16 0 1 50000 0.05878
16 0 1 50000 0.05705
16 0 1 35000 0.04018
16 0 1 35000 0.04184
16 0 1 35000 0.04133
16 0 1 35000 0.04284
16 0 1 35000 0.0405
16 0 1 35000 0.04262
16 0 1 25000 0.02545
16 0 1 25000 0.02863
16 0 1 25000 0.02764
16 0 1 25000 0.02786
16 0 1 25000 0.02741
16 0 1 25000 0.02782
16 0 1 15000 0.01759
16 0 1 15000 0.01706
16 0 1 15000 0.01714
16 0 1 15000 0.01749
16 0 1 15000 0.01785
16 0 1 15000 0.01763
16 0 1 15000 0.01809
16 0 1 10000 0.01634
16 0 1 10000 0.01207
16 0 1 10000 0.01264
16 0 1 10000 0.01343
16 0 1 10000 0.01303
16 0 1 10000 0.01261
16 0 2 113479 0.1131
16 0 2 113071 0.1096
16 0 2 112896 0.1113
16 0 2 112895 0.1023
16 0 2 112164 0.111
16 0 2 111851 0.1115
16 0 2 94575 0.09517
16 0 2 94469 0.09679
16 0 2 94394 0.09337
16 0 2 94233 0.0949
16 0 2 93934 0.09647
16 0 2 87030 0.08932
16 0 2 85369 0.09103
16 0 2 82464 0.08637
16 0 2 82441 0.0868
16 0 2 82417 0.08758
16 0 2 82238 0.08681
16 0 2 82095 0.08593
16 0 2 78480 0.08312
16 0 2 53316 0.06234
16 0 2 53292 0.06278
16 0 2 53264 0.06321
16 0 2 53192 0.0629
16 0 2 53110 0.06072
16 0 2 52910 0.06184
16 0 2 36647 0.04292
16 0 2 36617 0.04283
16 0 2 36608 0.04369
16 0 2 36585 0.04483
16 0 2 36572 0.04278
16 0 2 36447 0.04201
16 0 2 25836 0.02879
16 0 2 25826 0.02887
16 0 2 25820 0.02979
16 0 2 25808 0.02895
16 0 2 25791 0.02773
16 0 2 25005 0.02706
16 0 2 15302 0.01849
16 0 2 15300 0.01877
16 0 2 15298 0.01829
16 0 2 15291 0.01739
16 0 2 15289 0.01768
16 0 2 15263 0.01777
16 0 2 10134 0.01317
16 0 2 10133 0.01331
16 0 2 10132 0.01287
16 0 2 10130 0.01292
16 0 2 10127 0.01291
16 0 2 10121 0.01317
16 0 3 128307 0.1747
16 0 3 127703 0.1742
16 0 3 127472 0.1815
16 0 3 126778 0.1753
16 0 3 126754 0.1754
16 0 3 125773 0.1897
16 0 3 105278 0.105
16 0 3 104780 0.105
16 0 3 104499 0.1044
16 0 3 104341 0.1036
16 0 3 103943 0.1037
16 0 3 103309 0.1036
16 0 3 90582 0.09299
16 0 3 90441 0.09131
16 0 3 90337 0.09151
16 0 3 90265 0.09158
16 0 3 90135 0.08976
16 0 3 89800 0.09041
16 0 3 56900 0.06641
16 0 3 56870 0.065
16 0 3 56715 0.06602
16 0 3 56689 0.06616
16 0 3 56632 0.06442
16 0 3 56531 0.06387
16 0 3 56392 0.06408
16 0 3 38325 0.04398
16 0 3 38306 0.043
16 0 3 38300 0.04341
16 0 3 38280 0.04392
16 0 3 38246 0.04392
16 0 3 38187 0.04365
16 0 3 26698 0.02952
16 0 3 26676 0.02985
16 0 3 26658 0.02927
16 0 3 26646 0.02852
16 0 3 26617 0.03015
16 0 3 26567 0.0288
16 0 3 25804 0.02733
16 0 3 15601 0.01779
16 0 3 15596 0.01761
16 0 3 15594 0.01845
16 0 3 15587 0.01796
16 0 3 15574 0.01794
16 0 3 10269 0.01275
16 0 3 10269 0.01277
16 0 3 10267 0.01286
16 0 3 10262 0.01311
16 0 3 10259 0.01268
16 0 3 10256 0.01284
16 0 3 10251 0.01318
16 0 4 144877 0.1856
16 0 4 143964 0.1847
16 0 4 143467 0.2055
16 0 4 142703 0.2211
16 0 4 140999 0.2316
16 0 4 137245 0.2277
16 0 4 116287 0.136
16 0 4 115996 0.1482
16 0 4 115643 0.1507
16 0 4 115329 0.1491
16 0 4 114630 0.1443
16 0 4 109975 0.1413
16 0 4 104799 0.1264
16 0 4 99227 0.1304
16 0 4 98804 0.1302
16 0 4 98576 0.1283
16 0 4 97904 0.1289
16 0 4 95088 0.1249
16 0 4 60643 0.08598
16 0 4 60541 0.08331
16 0 4 60398 0.08506
16 0 4 60319 0.07928
16 0 4 60205 0.08435
16 0 4 60022 0.08452
16 0 4 59873 0.08308
16 0 4 40099 0.05556
16 0 4 40052 0.054
16 0 4 40030 0.05372
16 0 4 40005 0.0546
16 0 4 39880 0.05263
16 0 4 39328 0.05204
16 0 4 27562 0.03305
16 0 4 27548 0.03392
16 0 4 27518 0.033
16 0 4 27490 0.03426
16 0 4 27397 0.03417
16 0 4 27050 0.03229
16 0 4 26618 0.03209
16 0 4 15912 0.01981
16 0 4 15898 0.02063
16 0 4 15889 0.02036
16 0 4 15882 0.0199
16 0 4 15874 0.02013
16 0 4 15586 0.02033
16 0 4 10402 0.01402
16 0 4 10396 0.01468
16 0 4 10391 0.01433
16 0 4 10385 0.01446
16 0 4 10383 0.01364
16 0 4 10326 0.01424
16 0 5 163748 0.2502
16 0 5 161645 0.2469
16 0 5 159791 0.241
16 0 5 159791 0.2399
16 0 5 159070 0.2447
16 0 5 142577 0.2297
16 0 5 142577 0.2299
16 0 5 128318 0.2189
16 0 5 127862 0.2125
16 0 5 127636 0.2193
16 0 5 123958 0.2129
16 0 5 121286 0.1528
16 0 5 116417 0.1481
16 0 5 108537 0.1407
16 0 5 108086 0.1382
16 0 5 107993 0.1376
16 0 5 107314 0.1379
16 0 5 104211 0.1363
16 0 5 64468 0.08837
16 0 5 64442 0.08851
16 0 5 64285 0.08948
16 0 5 64151 0.08794
16 0 5 64054 0.08758
16 0 5 63899 0.08699
16 0 5 63437 0.08799
16 0 5 41942 0.05913
16 0 5 41881 0.05703
16 0 5 41838 0.0567
16 0 5 41783 0.05696
16 0 5 41643 0.0581
16 0 5 41123 0.05603
16 0 5 28467 0.03531
16 0 5 28443 0.03387
16 0 5 28430 0.03598
16 0 5 28372 0.03398
16 0 5 28296 0.03516
16 0 5 27947 0.03351
16 0 5 27491 0.03318
16 0 5 16209 0.02063
16 0 5 16204 0.02072
16 0 5 16198 0.02035
16 0 5 16193 0.02039
16 0 5 16178 0.02024
16 0 5 15892 0.02128
16 0 5 10538 0.01477
16 0 5 10531 0.01372
16 0 5 10529 0.01445
16 0 5 10522 0.01482
16 0 5 10521 0.01428
16 0 5 10512 0.01402
