8 5 1 100000 0.1399
8 5 1 100000 0.1403
8 5 1 100000 0.1354
8 5 1 100000 0.1338
8 5 1 100000 0.1358
8 5 1 100000 0.1322
8 5 1 100000 0.1346
8 5 1 100000 0.1139
8 5 1 100000 0.1011
8 5 1 100000 0.1211
8 5 1 100000 0.09751
8 5 1 100000 0.09997
8 5 1 85000 0.08891
8 5 1 85000 0.08888
8 5 1 85000 0.08997
8 5 1 85000 0.08938
8 5 1 85000 0.08939
8 5 1 85000 0.08692
8 5 1 85000 0.08639
8 5 1 85000 0.0837
8 5 1 85000 0.08925
8 5 1 85000 0.08592
8 5 1 85000 0.0875
8 5 1 85000 0.08553
8 5 1 85000 0.08853
8 5 1 75000 0.07957
8 5 1 75000 0.08042
8 5 1 75000 0.0805
8 5 1 75000 0.08083
8 5 1 75000 0.07718
8 5 1 75000 0.07758
8 5 1 75000 0.07946
8 5 1 75000 0.07889
8 5 1 75000 0.07844
8 5 1 75000 0.07715
8 5 1 75000 0.0797
8 5 1 75000 0.07713
8 5 1 75000 0.07621
8 5 1 50000 0.05693
8 5 1 50000 0.05938
8 5 1 50000 0.06058
8 5 1 50000 0.05453
8 5 1 50000 0.05538
8 5 1 50000 0.05653
8 5 1 50000 0.05758
8 5 1 50000 0.05691
8 5 1 50000 0.05692
8 5 1 50000 0.05691
8 5 1 50000 0.05683
8 5 1 50000 0.05788
8 5 1 35000 0.04169
8 5 1 35000 0.04186
8 5 1 35000 0.04392
8 5 1 35000 0.0426
8 5 1 35000 0.04074
8 5 1 35000 0.04144
8 5 1 35000 0.04067
8 5 1 35000 0.04076
8 5 1 35000 0.03984
8 5 1 35000 0.04131
8 5 1 35000 0.0412
8 5 1 35000 0.0393
8 5 1 25000 0.02941
8 5 1 25000 0.02752
8 5 1 25000 0.02823
8 5 1 25000 0.02955
8 5 1 25000 0.02749
8 5 1 25000 0.02643
8 5 1 25000 0.02712
8 5 1 25000 0.02775
8 5 1 25000 0.02795
8 5 1 25000 0.02706
8 5 1 25000 0.02735
8 5 1 25000 0.02645
8 5 1 25000 0.02762
8 5 1 15000 0.0181
8 5 1 15000 0.01828
8 5 1 15000 0.01899
8 5 1 15000 0.01799
8 5 1 15000 0.01629
8 5 1 15000 0.01678
8 5 1 15000 0.01701
8 5 1 15000 0.01702
8 5 1 15000 0.01758
8 5 1 15000 0.01662
8 5 1 15000 0.01701
8 5 1 15000 0.01659
8 5 1 10000 0.01265
8 5 1 10000 0.01211
8 5 1 10000 0.01301
8 5 1 10000 0.01251
8 5 1 10000 0.01265
8 5 1 10000 0.01225
8 5 1 10000 0.01149
8 5 1 10000 0.01191
8 5 1 10000 0.01244
8 5 1 10000 0.01238
8 5 1 10000 0.01167
8 5 1 10000 0.01227
8 5 1 10000 0.01204
8 5 2 113094 0.1078
8 5 2 113086 0.1065
8 5 2 112935 0.1089
8 5 2 112600 0.106
8 5 2 112151 0.1096
8 5 2 111700 0.1059
8 5 2 110392 0.1074
8 5 2 110051 0.1072
8 5 2 108429 0.1045
8 5 2 103028 0.1048
8 5 2 102491 0.1045
8 5 2 98504 0.09654
8 5 2 94490 0.09398
8 5 2 94425 0.09535
8 5 2 94327 0.09321
8 5 2 94169 0.09384
8 5 2 93849 0.0924
8 5 2 93642 0.09426
8 5 2 93289 0.09295
8 5 2 91579 0.09614
8 5 2 88799 0.08777
8 5 2 86184 0.0889
8 5 2 83978 0.08851
8 5 2 82605 0.08743
8 5 2 82461 0.08385
8 5 2 82356 0.08599
8 5 2 82252 0.08169
8 5 2 82114 0.0839
8 5 2 82087 0.08426
8 5 2 82026 0.08451
8 5 2 81804 0.08251
8 5 2 81230 0.08542
8 5 2 81131 0.08674
8 5 2 78237 0.08197
8 5 2 78237 0.08213
8 5 2 77723 0.08036
8 5 2 73103 0.07942
8 5 2 71645 0.07706
8 5 2 53350 0.06589
8 5 2 53309 0.06195
8 5 2 53266 0.06141
8 5 2 53254 0.06024
8 5 2 53228 0.0601
8 5 2 53169 0.06142
8 5 2 52878 0.06268
8 5 2 52557 0.06089
8 5 2 51213 0.05852
8 5 2 49706 0.05663
8 5 2 48632 0.05774
8 5 2 46691 0.05469
8 5 2 36662 0.04335
8 5 2 36621 0.04351
8 5 2 36607 0.04059
8 5 2 36590 0.04121
8 5 2 36578 0.04236
8 5 2 36568 0.04142
8 5 2 36554 0.04153
8 5 2 36546 0.04065
8 5 2 36389 0.04418
8 5 2 35725 0.04283
8 5 2 34902 0.04235
8 5 2 34245 0.0414
8 5 2 25839 0.02991
8 5 2 25829 0.02803
8 5 2 25815 0.02708
8 5 2 25815 0.0271
8 5 2 25808 0.02663
8 5 2 25790 0.02717
8 5 2 25774 0.02685
8 5 2 25740 0.02733
8 5 2 25632 0.02784
8 5 2 24998 0.02833
8 5 2 24920 0.02666
8 5 2 24422 0.02684
8 5 2 24190 0.02713
8 5 2 15302 0.01778
8 5 2 15300 0.01684
8 5 2 15296 0.01693
8 5 2 15295 0.01707
8 5 2 15294 0.01814
8 5 2 15288 0.01689
8 5 2 15283 0.01842
8 5 2 15268 0.01661
8 5 2 15252 0.01826
8 5 2 15059 0.01697
8 5 2 14935 0.01825
8 5 2 14820 0.01762
8 5 2 10135 0.01215
8 5 2 10134 0.01212
8 5 2 10133 0.01222
8 5 2 10131 0.01276
8 5 2 10131 0.01169
8 5 2 10130 0.01261
8 5 2 10129 0.01249
8 5 2 10128 0.01213
8 5 2 10121 0.01327
8 5 2 10046 0.01227
8 5 2 9945 0.0126
8 5 2 9919 0.01221
8 5 2 9871 0.01222
8 5 3 127166 0.1709
8 5 3 127058 0.1704
8 5 3 126697 0.1683
8 5 3 126299 0.1734
8 5 3 124363 0.1629
8 5 3 124363 0.1635
8 5 3 123925 0.1649
8 5 3 120366 0.1127
8 5 3 116591 0.1074
8 5 3 109968 0.1063
8 5 3 105245 0.1014
8 5 3 104787 0.1039
8 5 3 104340 0.09983
8 5 3 103932 0.1021
8 5 3 103457 0.1019
8 5 3 102888 0.1033
8 5 3 101527 0.1026
8 5 3 101035 0.09862
8 5 3 98947 0.09947
8 5 3 97394 0.09573
8 5 3 93749 0.09655
8 5 3 90968 0.09269
8 5 3 90745 0.09084
8 5 3 90582 0.09041
8 5 3 90364 0.09019
8 5 3 90035 0.09179
8 5 3 89826 0.08828
8 5 3 89562 0.08983
8 5 3 88917 0.08909
8 5 3 88533 0.08921
8 5 3 86429 0.08855
8 5 3 85512 0.08688
8 5 3 85424 0.09103
8 5 3 83850 0.08733
8 5 3 79891 0.08459
8 5 3 78336 0.08437
8 5 3 74510 0.08097
8 5 3 67765 0.07561
8 5 3 56731 0.06317
8 5 3 56670 0.06229
8 5 3 56633 0.06158
8 5 3 56606 0.06129
8 5 3 56586 0.06143
8 5 3 56102 0.06393
8 5 3 55025 0.06427
8 5 3 53981 0.05961
8 5 3 52470 0.0609
8 5 3 50115 0.05841
8 5 3 49475 0.05604
8 5 3 43532 0.05231
8 5 3 38314 0.04167
8 5 3 38279 0.04206
8 5 3 38266 0.04213
8 5 3 38248 0.0411
8 5 3 38200 0.04168
8 5 3 38149 0.04103
8 5 3 38088 0.04171
8 5 3 37540 0.0432
8 5 3 37369 0.04116
8 5 3 37207 0.04123
8 5 3 35361 0.04362
8 5 3 34688 0.03908
8 5 3 26686 0.02728
8 5 3 26686 0.02765
8 5 3 26659 0.02789
8 5 3 26621 0.02805
8 5 3 26616 0.02825
8 5 3 26601 0.02788
8 5 3 26562 0.02643
8 5 3 26408 0.0273
8 5 3 26062 0.02888
8 5 3 25767 0.02747
8 5 3 25396 0.02578
8 5 3 25227 0.02647
8 5 3 24352 0.028
8 5 3 15609 0.0172
8 5 3 15605 0.01748
8 5 3 15599 0.01783
8 5 3 15581 0.01744
8 5 3 15577 0.01676
8 5 3 15568 0.01699
8 5 3 15562 0.01689
8 5 3 15435 0.01925
8 5 3 15333 0.01879
8 5 3 15253 0.01753
8 5 3 15156 0.01718
8 5 3 15044 0.01801
8 5 3 14439 0.01754
8 5 3 10265 0.01266
8 5 3 10263 0.012
8 5 3 10260 0.0124
8 5 3 10258 0.01272
8 5 3 10257 0.01338
8 5 3 10248 0.01285
8 5 3 10187 0.01199
8 5 3 10139 0.01287
8 5 3 10073 0.01188
8 5 3 9998 0.01296
8 5 3 9960 0.01277
8 5 3 9831 0.0126
8 5 4 142545 0.1771
8 5 4 142063 0.1769
8 5 4 140891 0.1762
8 5 4 138391 0.1736
8 5 4 137857 0.1747
8 5 4 135986 0.1703
8 5 4 135284 0.1758
8 5 4 125307 0.1703
8 5 4 125307 0.1696
8 5 4 120397 0.1162
8 5 4 116027 0.1098
8 5 4 114950 0.1094
8 5 4 114471 0.1087
8 5 4 113249 0.1105
8 5 4 111793 0.1087
8 5 4 110567 0.1064
8 5 4 109403 0.1073
8 5 4 107156 0.1057
8 5 4 104513 0.1018
8 5 4 100568 0.09847
8 5 4 99484 0.1009
8 5 4 99213 0.09543
8 5 4 99098 0.0994
8 5 4 98930 0.09686
8 5 4 98307 0.09556
8 5 4 97778 0.09708
8 5 4 97155 0.09654
8 5 4 95965 0.09338
8 5 4 95108 0.0939
8 5 4 92606 0.0935
8 5 4 91706 0.08969
8 5 4 89493 0.09103
8 5 4 88592 0.09317
8 5 4 85098 0.08671
8 5 4 80480 0.08542
8 5 4 80380 0.08447
8 5 4 73817 0.07696
8 5 4 60600 0.06607
8 5 4 60419 0.0669
8 5 4 60347 0.06642
8 5 4 60316 0.06636
8 5 4 59950 0.0644
8 5 4 59802 0.06436
8 5 4 59457 0.06578
8 5 4 58037 0.06365
8 5 4 56620 0.06165
8 5 4 54348 0.06316
8 5 4 52185 0.05974
8 5 4 50393 0.05852
8 5 4 44586 0.05206
8 5 4 40085 0.04388
8 5 4 40022 0.04274
8 5 4 39956 0.04412
8 5 4 39899 0.04353
8 5 4 39839 0.04171
8 5 4 39755 0.04603
8 5 4 39226 0.044
8 5 4 39023 0.04238
8 5 4 38726 0.04561
8 5 4 37196 0.04375
8 5 4 36217 0.04062
8 5 4 35557 0.04223
8 5 4 32574 0.03668
8 5 4 27567 0.02776
8 5 4 27490 0.02799
8 5 4 27472 0.02797
8 5 4 27416 0.02702
8 5 4 27129 0.02703
8 5 4 26967 0.02768
8 5 4 26615 0.0287
8 5 4 26320 0.0284
8 5 4 26190 0.0291
8 5 4 25855 0.02706
8 5 4 25456 0.02776
8 5 4 23822 0.02644
8 5 4 15912 0.01814
8 5 4 15909 0.01748
8 5 4 15901 0.01792
8 5 4 15882 0.01805
8 5 4 15878 0.01781
8 5 4 15860 0.01743
8 5 4 15765 0.017
8 5 4 15456 0.01778
8 5 4 15417 0.01768
8 5 4 15271 0.01804
8 5 4 15151 0.0179
8 5 4 15000 0.01772
8 5 4 10404 0.01293
8 5 4 10402 0.01308
8 5 4 10395 0.0126
8 5 4 10393 0.01329
8 5 4 10392 0.01271
8 5 4 10386 0.01256
8 5 4 10341 0.01322
8 5 4 10301 0.01356
8 5 4 10250 0.0134
8 5 4 10144 0.01248
8 5 4 10083 0.01214
8 5 4 9987 0.01238
8 5 4 9879 0.01235
8 5 5 160734 0.1921
8 5 5 160013 0.1961
8 5 5 155845 0.2357
8 5 5 155565 0.2053
8 5 5 153604 0.1954
8 5 5 149128 0.1825
8 5 5 145857 0.1885
8 5 5 143688 0.1825
8 5 5 134335 0.173
8 5 5 128999 0.1839
8 5 5 128137 0.1714
8 5 5 127381 0.1723
8 5 5 124360 0.179
8 5 5 122546 0.1156
8 5 5 121283 0.1161
8 5 5 119071 0.1101
8 5 5 117640 0.1123
8 5 5 111980 0.1087
8 5 5 111497 0.107
8 5 5 108383 0.09903
8 5 5 108204 0.1056
8 5 5 107919 0.1048
8 5 5 107445 0.105
8 5 5 106068 0.1034
8 5 5 105948 0.1041
8 5 5 105004 0.1052
8 5 5 103280 0.1015
8 5 5 102870 0.1039
8 5 5 99648 0.1003
8 5 5 99144 0.09957
8 5 5 96160 0.09757
8 5 5 93329 0.09632
8 5 5 90615 0.09255
8 5 5 88214 0.09032
8 5 5 84611 0.0885
8 5 5 76899 0.08334
8 5 5 72531 0.07899
8 5 5 70905 0.07856
8 5 5 64088 0.06914
8 5 5 63781 0.06897
8 5 5 63439 0.0685
8 5 5 62578 0.07011
8 5 5 61867 0.06725
8 5 5 60526 0.06563
8 5 5 59543 0.0677
8 5 5 58368 0.06611
8 5 5 56277 0.06543
8 5 5 55101 0.06459
8 5 5 50551 0.05921
8 5 5 41994 0.04795
8 5 5 41994 0.04826
8 5 5 41823 0.04702
8 5 5 41728 0.04745
8 5 5 41703 0.0491
8 5 5 41666 0.0487
8 5 5 41553 0.04836
8 5 5 40930 0.04621
8 5 5 40604 0.0452
8 5 5 39781 0.04685
8 5 5 37773 0.04257
8 5 5 37369 0.04339
8 5 5 34731 0.04291
8 5 5 34055 0.03984
8 5 5 28386 0.03046
8 5 5 28348 0.0295
8 5 5 28322 0.03023
8 5 5 28291 0.02965
8 5 5 27772 0.03049
8 5 5 27193 0.03016
8 5 5 26912 0.03069
8 5 5 26639 0.0311
8 5 5 26056 0.02893
8 5 5 25703 0.02893
8 5 5 25475 0.029
8 5 5 23048 0.02647
8 5 5 16221 0.0177
8 5 5 16201 0.01805
8 5 5 16191 0.01823
8 5 5 16187 0.01907
8 5 5 16170 0.01854
8 5 5 16160 0.01865
8 5 5 16008 0.01845
8 5 5 15761 0.01803
8 5 5 15558 0.0193
8 5 5 15367 0.01894
8 5 5 15136 0.01875
8 5 5 14987 0.01796
8 5 5 10537 0.01319
8 5 5 10532 0.01321
8 5 5 10528 0.01308
8 5 5 10525 0.01313
8 5 5 10521 0.01375
8 5 5 10502 0.01317
8 5 5 10436 0.01369
8 5 5 10376 0.01401
8 5 5 10321 0.01306
8 5 5 10271 0.01292
8 5 5 10152 0.01313
8 5 5 10097 0.01324
8 5 5 9871 0.01284
