16 12 1 100000 0.122
16 12 1 100000 0.106
16 12 1 100000 0.1058
16 12 1 100000 0.104
16 12 1 100000 0.1027
16 12 1 100000 0.1028
16 12 1 85000 0.09064
16 12 1 85000 0.09244
16 12 1 85000 0.09198
16 12 1 85000 0.09098
16 12 1 85000 0.09248
16 12 1 85000 0.09077
16 12 1 85000 0.09297
16 12 1 75000 0.08112
16 12 1 75000 0.08111
16 12 1 75000 0.08001
16 12 1 75000 0.08091
16 12 1 75000 0.08143
16 12 1 50000 0.0564
16 12 1 50000 0.05919
16 12 1 50000 0.05757
16 12 1 50000 0.05979
16 12 1 50000 0.05692
16 12 1 50000 0.05915
16 12 1 50000 0.05986
16 12 1 35000 0.04107
16 12 1 35000 0.04303
16 12 1 35000 0.04275
16 12 1 35000 0.04051
16 12 1 35000 0.04277
16 12 1 35000 0.04236
16 12 1 25000 0.02798
16 12 1 25000 0.0269
16 12 1 25000 0.02751
16 12 1 25000 0.02827
16 12 1 25000 0.03094
16 12 1 25000 0.02972
16 12 1 25000 0.03042
16 12 1 15000 0.01893
16 12 1 15000 0.01888
16 12 1 15000 0.01835
16 12 1 15000 0.01937
16 12 1 15000 0.01875
16 12 1 10000 0.0129
16 12 1 10000 0.0134
16 12 1 10000 0.01365
16 12 1 10000 0.01351
16 12 1 10000 0.01276
16 12 1 10000 0.01345
16 12 1 10000 0.01276
16 12 2 113159 0.1517
16 12 2 112660 0.1509
16 12 2 112557 0.1498
16 12 2 110221 0.1489
16 12 2 110221 0.1495
16 12 2 106928 0.1435
16 12 2 105832 0.1439
16 12 2 94038 0.127
16 12 2 93845 0.1277
16 12 2 93029 0.1262
16 12 2 90251 0.1235
16 12 2 88033 0.1211
16 12 2 82362 0.1144
16 12 2 82245 0.1163
16 12 2 82026 0.1138
16 12 2 81941 0.114
16 12 2 81226 0.1125
16 12 2 75964 0.1056
16 12 2 53372 0.07774
16 12 2 53332 0.07725
16 12 2 53275 0.07694
16 12 2 53232 0.07689
16 12 2 53148 0.07613
16 12 2 52921 0.07734
16 12 2 49645 0.071
16 12 2 36619 0.04485
16 12 2 36594 0.04245
16 12 2 36586 0.04298
16 12 2 36565 0.04896
16 12 2 36518 0.04683
16 12 2 35005 0.04136
16 12 2 25836 0.02867
16 12 2 25816 0.02886
16 12 2 25807 0.02895
16 12 2 25773 0.0276
16 12 2 25732 0.0288
16 12 2 25375 0.02742
16 12 2 15304 0.01756
16 12 2 15296 0.01837
16 12 2 15292 0.01816
16 12 2 15285 0.017
16 12 2 15277 0.01833
16 12 2 15254 0.01821
16 12 2 15005 0.01767
16 12 2 10134 0.01272
16 12 2 10132 0.01259
16 12 2 10130 0.01291
16 12 2 10129 0.01236
16 12 2 10125 0.01245
16 12 2 10041 0.01224
16 12 3 127076 0.1746
16 12 3 126301 0.179
16 12 3 124718 0.1847
16 12 3 124225 0.1752
16 12 3 122386 0.1196
16 12 3 121323 0.1173
16 12 3 104044 0.1057
16 12 3 103789 0.1047
16 12 3 103058 0.1061
16 12 3 101553 0.1059
16 12 3 101252 0.1032
16 12 3 97476 0.09965
16 12 3 90062 0.09456
16 12 3 89931 0.09429
16 12 3 89689 0.09217
16 12 3 89257 0.09231
16 12 3 87126 0.09385
16 12 3 84943 0.09006
16 12 3 76767 0.07805
16 12 3 56495 0.06478
16 12 3 56429 0.06853
16 12 3 56239 0.06636
16 12 3 56077 0.06453
16 12 3 54331 0.06451
16 12 3 38254 0.0441
16 12 3 38178 0.0449
16 12 3 38174 0.04452
16 12 3 38153 0.04479
16 12 3 38050 0.0451
16 12 3 37285 0.04227
16 12 3 36402 0.04326
16 12 3 26625 0.0289
16 12 3 26610 0.02862
16 12 3 26567 0.02861
16 12 3 26515 0.02841
16 12 3 26223 0.02825
16 12 3 25396 0.02726
16 12 3 15580 0.01836
16 12 3 15573 0.01753
16 12 3 15558 0.01788
16 12 3 15553 0.01836
16 12 3 15543 0.01864
16 12 3 15394 0.01744
16 12 3 15262 0.01755
16 12 3 10256 0.01318
16 12 3 10253 0.0132
16 12 3 10251 0.01286
16 12 3 10243 0.01317
16 12 3 10176 0.01286
16 12 3 10116 0.01251
16 12 4 143014 0.1982
16 12 4 141175 0.1854
16 12 4 140519 0.1889
16 12 4 138803 0.1877
16 12 4 138312 0.1847
16 12 4 137129 0.1872
16 12 4 115335 0.1173
16 12 4 114570 0.1149
16 12 4 113601 0.1144
16 12 4 111166 0.1119
16 12 4 109572 0.1112
16 12 4 108381 0.1096
16 12 4 98478 0.1035
16 12 4 98333 0.09902
16 12 4 97970 0.1008
16 12 4 97512 0.1007
16 12 4 94689 0.09931
16 12 4 92514 0.0954
16 12 4 90450 0.09688
16 12 4 60015 0.07123
16 12 4 59992 0.07055
16 12 4 59782 0.07132
16 12 4 58701 0.06955
16 12 4 56207 0.06621
16 12 4 39985 0.04778
16 12 4 39897 0.04699
16 12 4 39856 0.04684
16 12 4 39777 0.04663
16 12 4 39712 0.0463
16 12 4 38765 0.04498
16 12 4 37295 0.04389
16 12 4 27465 0.03002
16 12 4 27435 0.02945
16 12 4 27393 0.03133
16 12 4 27320 0.03165
16 12 4 27030 0.03073
16 12 4 26012 0.02822
16 12 4 15880 0.01894
16 12 4 15865 0.01852
16 12 4 15855 0.01919
16 12 4 15843 0.01843
16 12 4 15819 0.01931
16 12 4 15697 0.01827
16 12 4 15559 0.01836
16 12 4 10386 0.01357
16 12 4 10379 0.01284
16 12 4 10373 0.01385
16 12 4 10300 0.01301
16 12 4 10272 0.01329
16 12 4 10170 0.01278
16 12 5 157144 0.1928
16 12 5 156215 0.19
16 12 5 149588 0.1921
16 12 5 148330 0.1933
16 12 5 146797 0.1864
16 12 5 139090 0.1798
16 12 5 127412 0.1726
16 12 5 126825 0.1716
16 12 5 122037 0.1171
16 12 5 120032 0.1158
16 12 5 115724 0.1147
16 12 5 115659 0.1165
16 12 5 107481 0.1077
16 12 5 105301 0.1055
16 12 5 102184 0.1016
16 12 5 101517 0.1024
16 12 5 97389 0.09988
16 12 5 96264 0.09949
16 12 5 87081 0.09139
16 12 5 63757 0.07129
16 12 5 61447 0.07143
16 12 5 60032 0.07053
16 12 5 59736 0.06814
16 12 5 57084 0.06601
16 12 5 41841 0.04826
16 12 5 41560 0.04809
16 12 5 41518 0.04728
16 12 5 40460 0.04561
16 12 5 39888 0.0452
16 12 5 38741 0.04554
16 12 5 37292 0.04205
16 12 5 28374 0.02929
16 12 5 28342 0.0288
16 12 5 27926 0.02975
16 12 5 27532 0.02923
16 12 5 27389 0.02927
16 12 5 26773 0.02873
16 12 5 16198 0.01837
16 12 5 16175 0.01819
16 12 5 16154 0.01846
16 12 5 16012 0.01785
16 12 5 15857 0.01829
16 12 5 15794 0.01813
16 12 5 15584 0.01785
16 12 5 10518 0.013
16 12 5 10504 0.01285
16 12 5 10432 0.0136
16 12 5 10388 0.01352
16 12 5 10314 0.01322
16 12 5 10243 0.01335
