8 2 1 100000 0.1806
8 2 1 100000 0.1746
8 2 1 100000 0.1724
8 2 1 100000 0.1614
8 2 1 100000 0.1381
8 2 1 100000 0.1357
8 2 1 100000 0.1372
8 2 1 100000 0.1363
8 2 1 100000 0.08387
8 2 1 100000 0.08354
8 2 1 100000 0.08217
8 2 1 100000 0.07811
8 2 1 100000 0.08237
8 2 1 85000 0.1221
8 2 1 85000 0.1229
8 2 1 85000 0.1213
8 2 1 85000 0.1233
8 2 1 85000 0.1234
8 2 1 85000 0.1221
8 2 1 85000 0.1232
8 2 1 85000 0.07086
8 2 1 85000 0.06758
8 2 1 85000 0.0714
8 2 1 85000 0.06834
8 2 1 85000 0.07195
8 2 1 75000 0.1115
8 2 1 75000 0.1119
8 2 1 75000 0.1125
8 2 1 75000 0.1137
8 2 1 75000 0.1127
8 2 1 75000 0.1118
8 2 1 75000 0.1115
8 2 1 75000 0.113
8 2 1 75000 0.05827
8 2 1 75000 0.05945
8 2 1 75000 0.05891
8 2 1 75000 0.05991
8 2 1 50000 0.08809
8 2 1 50000 0.08783
8 2 1 50000 0.08583
8 2 1 50000 0.08725
8 2 1 50000 0.08788
8 2 1 50000 0.08821
8 2 1 50000 0.08626
8 2 1 50000 0.08711
8 2 1 50000 0.08579
8 2 1 50000 0.03359
8 2 1 50000 0.03397
8 2 1 50000 0.03283
8 2 1 50000 0.03429
8 2 1 35000 0.06433
8 2 1 35000 0.06457
8 2 1 35000 0.06374
8 2 1 35000 0.06237
8 2 1 35000 0.06282
8 2 1 35000 0.06301
8 2 1 35000 0.06268
8 2 1 35000 0.06359
8 2 1 35000 0.02217
8 2 1 35000 0.02254
8 2 1 35000 0.02285
8 2 1 35000 0.02196
8 2 1 35000 0.02369
8 2 1 25000 0.04581
8 2 1 25000 0.04627
8 2 1 25000 0.04694
8 2 1 25000 0.04577
8 2 1 25000 0.04549
8 2 1 25000 0.046
8 2 1 25000 0.0459
8 2 1 25000 0.04617
8 2 1 25000 0.01048
8 2 1 25000 0.01059
8 2 1 25000 0.01041
8 2 1 25000 0.01055
8 2 1 15000 0.02833
8 2 1 15000 0.02851
8 2 1 15000 0.02797
8 2 1 15000 0.0285
8 2 1 15000 0.02841
8 2 1 15000 0.02819
8 2 1 15000 0.02868
8 2 1 15000 0.02803
8 2 1 15000 0.006891
8 2 1 15000 0.006987
8 2 1 15000 0.00698
8 2 1 15000 0.006952
8 2 1 15000 0.006972
8 2 1 10000 0.02036
8 2 1 10000 0.0202
8 2 1 10000 0.02017
8 2 1 10000 0.02001
8 2 1 10000 0.02027
8 2 1 10000 0.02012
8 2 1 10000 0.02037
8 2 1 10000 0.005335
8 2 1 10000 0.00535
8 2 1 10000 0.005289
8 2 1 10000 0.005259
8 2 1 10000 0.005277
8 2 2 113480 0.1482
8 2 2 110936 0.1466
8 2 2 105450 0.14
8 2 2 104171 0.1404
8 2 2 103631 0.1392
8 2 2 100000 0.08006
8 2 2 100000 0.07736
8 2 2 100000 0.07991
8 2 2 100000 0.08135
8 2 2 100000 0.07922
8 2 2 98616 0.135
8 2 2 94694 0.1313
8 2 2 94494 0.1326
8 2 2 92556 0.1291
8 2 2 90356 0.1271
8 2 2 87303 0.1249
8 2 2 86990 0.1229
8 2 2 85000 0.06764
8 2 2 85000 0.06897
8 2 2 85000 0.06594
8 2 2 85000 0.07
8 2 2 83748 0.1203
8 2 2 82575 0.117
8 2 2 82314 0.1186
8 2 2 81275 0.1181
8 2 2 79522 0.1168
8 2 2 78972 0.1148
8 2 2 77761 0.1136
8 2 2 77188 0.1137
8 2 2 75898 0.1123
8 2 2 75162 0.112
8 2 2 75000 0.0587
8 2 2 75000 0.05815
8 2 2 75000 0.05902
8 2 2 75000 0.05772
8 2 2 74789 0.1123
8 2 2 72240 0.1089
8 2 2 70220 0.1091
8 2 2 53371 0.09145
8 2 2 52755 0.09003
8 2 2 52355 0.08931
8 2 2 51999 0.08831
8 2 2 51124 0.08952
8 2 2 50135 0.08821
8 2 2 50000 0.0347
8 2 2 50000 0.03486
8 2 2 50000 0.03367
8 2 2 50000 0.03404
8 2 2 49690 0.08772
8 2 2 46624 0.08243
8 2 2 36662 0.06563
8 2 2 36662 0.06579
8 2 2 36153 0.06674
8 2 2 35962 0.06541
8 2 2 35612 0.06434
8 2 2 35000 0.02223
8 2 2 35000 0.02253
8 2 2 35000 0.02285
8 2 2 35000 0.02261
8 2 2 35000 0.02267
8 2 2 34387 0.06267
8 2 2 33687 0.06008
8 2 2 25842 0.04768
8 2 2 25809 0.04604
8 2 2 25414 0.04685
8 2 2 25175 0.04655
8 2 2 25000 0.01061
8 2 2 25000 0.01041
8 2 2 25000 0.01095
8 2 2 25000 0.01042
8 2 2 24954 0.0466
8 2 2 24948 0.04695
8 2 2 24700 0.04613
8 2 2 24563 0.04633
8 2 2 24115 0.04511
8 2 2 15301 0.02936
8 2 2 15287 0.02954
8 2 2 15267 0.0291
8 2 2 15045 0.02918
8 2 2 15022 0.02892
8 2 2 15000 0.006945
8 2 2 15000 0.006914
8 2 2 15000 0.006817
8 2 2 15000 0.006892
8 2 2 14994 0.02793
8 2 2 14951 0.0282
8 2 2 14804 0.02829
8 2 2 10133 0.02094
8 2 2 10133 0.02044
8 2 2 10130 0.02047
8 2 2 10120 0.02102
8 2 2 10100 0.02039
8 2 2 10080 0.02101
8 2 2 10023 0.02014
8 2 2 10000 0.005413
8 2 2 10000 0.005378
8 2 2 10000 0.00543
8 2 2 10000 0.005278
8 2 2 9992 0.02033
8 2 2 9911 0.02048
8 2 3 128472 0.2727
8 2 3 111441 0.1459
8 2 3 106761 0.1404
8 2 3 105664 0.1425
8 2 3 103585 0.14
8 2 3 102644 0.1379
8 2 3 100000 0.07973
8 2 3 100000 0.08041
8 2 3 100000 0.0819
8 2 3 100000 0.08014
8 2 3 100000 0.07914
8 2 3 99909 0.1373
8 2 3 95320 0.1317
8 2 3 94939 0.1307
8 2 3 93469 0.13
8 2 3 91937 0.1266
8 2 3 88644 0.1251
8 2 3 87567 0.1229
8 2 3 87567 0.1223
8 2 3 85000 0.06836
8 2 3 85000 0.07076
8 2 3 85000 0.07024
8 2 3 85000 0.07035
8 2 3 84408 0.1218
8 2 3 83124 0.1188
8 2 3 80955 0.1174
8 2 3 80610 0.1169
8 2 3 80004 0.1167
8 2 3 78450 0.1163
8 2 3 76884 0.1136
8 2 3 75498 0.1109
8 2 3 75000 0.05893
8 2 3 75000 0.05777
8 2 3 75000 0.05915
8 2 3 75000 0.05721
8 2 3 74001 0.1108
8 2 3 71155 0.1087
8 2 3 70482 0.106
8 2 3 55081 0.09274
8 2 3 54386 0.09265
8 2 3 52672 0.0921
8 2 3 51995 0.09222
8 2 3 51149 0.08899
8 2 3 50389 0.09001
8 2 3 50000 0.03665
8 2 3 50000 0.03525
8 2 3 50000 0.03618
8 2 3 50000 0.03619
8 2 3 47625 0.0847
8 2 3 45846 0.07932
8 2 3 38403 0.06779
8 2 3 36633 0.06572
8 2 3 36199 0.06534
8 2 3 35835 0.06606
8 2 3 35600 0.06389
8 2 3 35068 0.06461
8 2 3 35000 0.02349
8 2 3 35000 0.02317
8 2 3 35000 0.02285
8 2 3 35000 0.023
8 2 3 34170 0.06095
8 2 3 33486 0.05955
8 2 3 26680 0.04878
8 2 3 26546 0.04869
8 2 3 26012 0.04753
8 2 3 25785 0.04759
8 2 3 25540 0.0472
8 2 3 25229 0.04726
8 2 3 25000 0.01047
8 2 3 25000 0.01058
8 2 3 25000 0.01047
8 2 3 25000 0.01072
8 2 3 25000 0.0105
8 2 3 24556 0.04687
8 2 3 24256 0.04543
8 2 3 15555 0.02984
8 2 3 15474 0.03041
8 2 3 15349 0.02968
8 2 3 15324 0.02939
8 2 3 15210 0.02918
8 2 3 15045 0.02841
8 2 3 15000 0.006754
8 2 3 15000 0.006924
8 2 3 15000 0.006825
8 2 3 15000 0.006877
8 2 3 14972 0.02877
8 2 3 14867 0.02859
8 2 3 10253 0.02052
8 2 3 10251 0.02055
8 2 3 10178 0.02066
8 2 3 10157 0.02028
8 2 3 10125 0.0207
8 2 3 10075 0.02069
8 2 3 10055 0.02046
8 2 3 10015 0.02013
8 2 3 10000 0.005467
8 2 3 10000 0.005327
8 2 3 10000 0.005295
8 2 3 10000 0.005241
8 2 3 9864 0.02036
8 2 4 129254 0.2759
8 2 4 120524 0.1576
8 2 4 118608 0.1529
8 2 4 109683 0.1458
8 2 4 108407 0.1425
8 2 4 104630 0.1401
8 2 4 103555 0.1389
8 2 4 103535 0.1372
8 2 4 100757 0.1373
8 2 4 100000 0.08115
8 2 4 100000 0.07923
8 2 4 100000 0.082
8 2 4 100000 0.08116
8 2 4 98051 0.1346
8 2 4 97761 0.1344
8 2 4 95256 0.1348
8 2 4 92336 0.1292
8 2 4 92101 0.1307
8 2 4 87834 0.1238
8 2 4 87834 0.124
8 2 4 85511 0.1212
8 2 4 85000 0.07081
8 2 4 85000 0.0685
8 2 4 85000 0.07132
8 2 4 85000 0.07151
8 2 4 83808 0.1214
8 2 4 83691 0.1196
8 2 4 80313 0.118
8 2 4 80307 0.1155
8 2 4 75000 0.0595
8 2 4 75000 0.05703
8 2 4 75000 0.06097
8 2 4 75000 0.05806
8 2 4 74817 0.1114
8 2 4 73052 0.1113
8 2 4 71679 0.1066
8 2 4 68694 0.1071
8 2 4 60079 0.09999
8 2 4 57128 0.09442
8 2 4 56816 0.09601
8 2 4 55453 0.09375
8 2 4 54537 0.0931
8 2 4 53310 0.09201
8 2 4 51558 0.0872
8 2 4 50000 0.03506
8 2 4 50000 0.03386
8 2 4 50000 0.03529
8 2 4 50000 0.03444
8 2 4 49854 0.08603
8 2 4 45834 0.07837
8 2 4 38927 0.06844
8 2 4 37558 0.06533
8 2 4 37082 0.06823
8 2 4 36851 0.06504
8 2 4 35771 0.06456
8 2 4 35103 0.0626
8 2 4 35057 0.06266
8 2 4 35000 0.02284
8 2 4 35000 0.02299
8 2 4 35000 0.02289
8 2 4 35000 0.02257
8 2 4 34402 0.06162
8 2 4 32670 0.05716
8 2 4 26595 0.04763
8 2 4 26391 0.04659
8 2 4 26026 0.04732
8 2 4 25653 0.04724
8 2 4 25255 0.04651
8 2 4 25000 0.01049
8 2 4 25000 0.0104
8 2 4 25000 0.01048
8 2 4 25000 0.01049
8 2 4 24784 0.0464
8 2 4 24619 0.04505
8 2 4 23246 0.04367
8 2 4 15855 0.03035
8 2 4 15575 0.0301
8 2 4 15475 0.03003
8 2 4 15363 0.02932
8 2 4 15136 0.0286
8 2 4 15000 0.007044
8 2 4 15000 0.006832
8 2 4 15000 0.006821
8 2 4 15000 0.00682
8 2 4 14948 0.02883
8 2 4 14892 0.02839
8 2 4 14682 0.02851
8 2 4 10385 0.02112
8 2 4 10371 0.02067
8 2 4 10255 0.02026
8 2 4 10231 0.02051
8 2 4 10190 0.02084
8 2 4 10148 0.02076
8 2 4 10075 0.02029
8 2 4 10026 0.02047
8 2 4 10000 0.005407
8 2 4 10000 0.005388
8 2 4 10000 0.005358
8 2 4 10000 0.005338
8 2 4 9816 0.01986
8 2 5 134737 0.2877
8 2 5 127794 0.2769
8 2 5 121634 0.1601
8 2 5 116545 0.1513
8 2 5 114413 0.1519
8 2 5 110081 0.1472
8 2 5 106784 0.1438
8 2 5 103538 0.1413
8 2 5 102786 0.1422
8 2 5 101130 0.1391
8 2 5 100036 0.1371
8 2 5 100000 0.08162
8 2 5 100000 0.08464
8 2 5 100000 0.08501
8 2 5 100000 0.08463
8 2 5 98291 0.1375
8 2 5 95532 0.1344
8 2 5 94526 0.1328
8 2 5 90164 0.1279
8 2 5 86955 0.1251
8 2 5 85227 0.1236
8 2 5 85000 0.0702
8 2 5 85000 0.07256
8 2 5 85000 0.07211
8 2 5 85000 0.0737
8 2 5 84202 0.1224
8 2 5 82157 0.1218
8 2 5 80242 0.1189
8 2 5 79347 0.1173
8 2 5 77495 0.114
8 2 5 75000 0.06085
8 2 5 75000 0.05875
8 2 5 75000 0.06057
8 2 5 75000 0.05792
8 2 5 70281 0.1095
8 2 5 70281 0.109
8 2 5 67825 0.1067
8 2 5 61409 0.1027
8 2 5 58501 0.098
8 2 5 56731 0.09652
8 2 5 55302 0.09558
8 2 5 54653 0.09443
8 2 5 53096 0.09248
8 2 5 50705 0.08926
8 2 5 50000 0.03596
8 2 5 50000 0.03603
8 2 5 50000 0.03443
8 2 5 50000 0.035
8 2 5 49463 0.08736
8 2 5 43730 0.07653
8 2 5 39215 0.06904
8 2 5 38782 0.06967
8 2 5 38465 0.06864
8 2 5 37535 0.06683
8 2 5 37002 0.06663
8 2 5 35953 0.06621
8 2 5 35484 0.06555
8 2 5 35000 0.02264
8 2 5 35000 0.02319
8 2 5 35000 0.02203
8 2 5 34836 0.06432
8 2 5 34598 0.06183
8 2 5 28407 0.05278
8 2 5 27286 0.05087
8 2 5 26557 0.04836
8 2 5 26467 0.04872
8 2 5 25989 0.04878
8 2 5 25548 0.04905
8 2 5 25168 0.04727
8 2 5 25000 0.01032
8 2 5 25000 0.01024
8 2 5 25000 0.01035
8 2 5 25000 0.01023
8 2 5 24700 0.04711
8 2 5 24522 0.0473
8 2 5 15718 0.03162
8 2 5 15640 0.03178
8 2 5 15491 0.03099
8 2 5 15305 0.0307
8 2 5 15265 0.03019
8 2 5 15000 0.006768
8 2 5 15000 0.00687
8 2 5 15000 0.006894
8 2 5 15000 0.006848
8 2 5 14831 0.02953
8 2 5 14720 0.02901
8 2 5 14678 0.02927
8 2 5 10450 0.02201
8 2 5 10359 0.02184
8 2 5 10260 0.02171
8 2 5 10199 0.02106
8 2 5 10172 0.02132
8 2 5 10146 0.02133
8 2 5 10045 0.02117
8 2 5 10000 0.005483
8 2 5 10000 0.005322
8 2 5 10000 0.00534
8 2 5 10000 0.005323
8 2 5 9973 0.02075
8 2 5 9737 0.02083
