16 15 1 100000 0.1438
16 15 1 100000 0.1413
16 15 1 100000 0.1357
16 15 1 100000 0.1345
16 15 1 100000 0.136
16 15 1 100000 0.1366
16 15 1 85000 0.12
16 15 1 85000 0.1182
16 15 1 85000 0.1205
16 15 1 85000 0.115
16 15 1 85000 0.09384
16 15 1 85000 0.0926
16 15 1 85000 0.09152
16 15 1 75000 0.08239
16 15 1 75000 0.08266
16 15 1 75000 0.08183
16 15 1 75000 0.08224
16 15 1 75000 0.08437
16 15 1 75000 0.08303
16 15 1 50000 0.06048
16 15 1 50000 0.06203
16 15 1 50000 0.05826
16 15 1 50000 0.06112
16 15 1 50000 0.06092
16 15 1 50000 0.05984
16 15 1 35000 0.04238
16 15 1 35000 0.04196
16 15 1 35000 0.04226
16 15 1 35000 0.04276
16 15 1 35000 0.04409
16 15 1 35000 0.04321
16 15 1 35000 0.0437
16 15 1 25000 0.02872
16 15 1 25000 0.02724
16 15 1 25000 0.02715
16 15 1 25000 0.02911
16 15 1 25000 0.02904
16 15 1 25000 0.02815
16 15 1 15000 0.01818
16 15 1 15000 0.01811
16 15 1 15000 0.01835
16 15 1 15000 0.01799
16 15 1 15000 0.01865
16 15 1 15000 0.0182
16 15 1 10000 0.01251
16 15 1 10000 0.01237
16 15 1 10000 0.01251
16 15 1 10000 0.01292
16 15 1 10000 0.01312
16 15 1 10000 0.01262
16 15 2 113384 0.116
16 15 2 111187 0.1133
16 15 2 109586 0.1118
16 15 2 109060 0.112
16 15 2 99871 0.09728
16 15 2 99871 0.09681
16 15 2 94783 0.09338
16 15 2 94723 0.101
16 15 2 93688 0.099
16 15 2 92074 0.0996
16 15 2 89457 0.0975
16 15 2 86713 0.09218
16 15 2 82545 0.08949
16 15 2 81298 0.09077
16 15 2 80913 0.08954
16 15 2 79976 0.08923
16 15 2 77868 0.08596
16 15 2 76456 0.086
16 15 2 73518 0.08238
16 15 2 53361 0.06291
16 15 2 53280 0.06512
16 15 2 53038 0.06602
16 15 2 52151 0.06349
16 15 2 49676 0.0601
16 15 2 49676 0.05981
16 15 2 49550 0.06023
16 15 2 36646 0.04561
16 15 2 36620 0.0462
16 15 2 36149 0.0448
16 15 2 33936 0.04027
16 15 2 33687 0.0407
16 15 2 25848 0.02974
16 15 2 25842 0.02975
16 15 2 25835 0.02995
16 15 2 25692 0.02941
16 15 2 25056 0.02852
16 15 2 24281 0.02775
16 15 2 15305 0.01789
16 15 2 15304 0.01879
16 15 2 15303 0.01831
16 15 2 15300 0.01811
16 15 2 15282 0.01873
16 15 2 15124 0.01858
16 15 2 14948 0.01801
16 15 2 10135 0.01327
16 15 2 10131 0.01307
16 15 2 10122 0.01331
16 15 2 10091 0.01307
16 15 2 10051 0.01283
16 15 2 9914 0.01304
16 15 3 121471 0.1138
16 15 3 120435 0.1206
16 15 3 119231 0.1098
16 15 3 113767 0.1138
16 15 3 103531 0.1064
16 15 3 102900 0.109
16 15 3 98425 0.1037
16 15 3 97884 0.1028
16 15 3 94820 0.1002
16 15 3 94754 0.1002
16 15 3 91646 0.09837
16 15 3 89311 0.08936
16 15 3 86113 0.09255
16 15 3 84502 0.09108
16 15 3 82778 0.08957
16 15 3 81105 0.08726
16 15 3 77768 0.08592
16 15 3 77539 0.08473
16 15 3 75064 0.08271
16 15 3 56833 0.06927
16 15 3 55279 0.06482
16 15 3 54484 0.0638
16 15 3 53874 0.0656
16 15 3 52583 0.06275
16 15 3 48413 0.05829
16 15 3 38393 0.04762
16 15 3 38252 0.04391
16 15 3 37862 0.04657
16 15 3 36870 0.04414
16 15 3 35714 0.04321
16 15 3 34984 0.04214
16 15 3 33239 0.03947
16 15 3 26693 0.03131
16 15 3 26240 0.02901
16 15 3 25758 0.02914
16 15 3 25298 0.0293
16 15 3 25276 0.02847
16 15 3 15611 0.01954
16 15 3 15611 0.01926
16 15 3 15525 0.01903
16 15 3 15430 0.01927
16 15 3 15252 0.01777
16 15 3 15192 0.01851
16 15 3 15105 0.01817
16 15 3 10270 0.01304
16 15 3 10249 0.01345
16 15 3 10215 0.01305
16 15 3 10184 0.0131
16 15 3 10083 0.01293
16 15 3 10027 0.01278
16 15 4 134287 0.184
16 15 4 130425 0.1904
16 15 4 128677 0.1904
16 15 4 117785 0.1184
16 15 4 113484 0.1164
16 15 4 112602 0.1127
16 15 4 104252 0.1058
16 15 4 103202 0.1073
16 15 4 100525 0.1057
16 15 4 98218 0.1023
16 15 4 97387 0.1041
16 15 4 94756 0.1012
16 15 4 91014 0.09549
16 15 4 89962 0.09591
16 15 4 87905 0.0959
16 15 4 85945 0.09193
16 15 4 81685 0.08964
16 15 4 81685 0.09016
16 15 4 77144 0.08588
16 15 4 59151 0.06874
16 15 4 58567 0.06985
16 15 4 57671 0.06695
16 15 4 56796 0.06793
16 15 4 54530 0.06592
16 15 4 51689 0.06155
16 15 4 40070 0.04735
16 15 4 38871 0.04595
16 15 4 38370 0.04706
16 15 4 37774 0.04657
16 15 4 36493 0.04653
16 15 4 35710 0.04338
16 15 4 32068 0.0367
16 15 4 27576 0.03258
16 15 4 26331 0.03019
16 15 4 26028 0.0307
16 15 4 25513 0.03089
16 15 4 25270 0.02935
16 15 4 24495 0.0281
16 15 4 15821 0.01866
16 15 4 15677 0.02051
16 15 4 15547 0.01925
16 15 4 15391 0.01974
16 15 4 15215 0.0178
16 15 4 14889 0.018
16 15 4 10387 0.01429
16 15 4 10344 0.01415
16 15 4 10321 0.01425
16 15 4 10227 0.01342
16 15 4 10185 0.01333
16 15 4 9923 0.01292
16 15 5 146276 0.1955
16 15 5 144965 0.2026
16 15 5 138662 0.1916
16 15 5 129191 0.184
16 15 5 125465 0.1888
16 15 5 116876 0.1202
16 15 5 116042 0.1177
16 15 5 107166 0.1118
16 15 5 106284 0.1117
16 15 5 104246 0.1085
16 15 5 98595 0.1049
16 15 5 97190 0.1035
16 15 5 95513 0.102
16 15 5 92544 0.0983
16 15 5 92190 0.09843
16 15 5 91742 0.1001
16 15 5 90501 0.09493
16 15 5 82483 0.08956
16 15 5 79189 0.08678
16 15 5 62301 0.07291
16 15 5 60885 0.07272
16 15 5 60828 0.07274
16 15 5 58874 0.07027
16 15 5 57224 0.06857
16 15 5 49069 0.05958
16 15 5 41921 0.0514
16 15 5 40306 0.04957
16 15 5 39729 0.0487
16 15 5 38738 0.04706
16 15 5 38238 0.04757
16 15 5 36656 0.0442
16 15 5 33264 0.04068
16 15 5 27481 0.03215
16 15 5 26649 0.03106
16 15 5 26229 0.03137
16 15 5 25859 0.0301
16 15 5 25283 0.02899
16 15 5 16147 0.0202
16 15 5 16131 0.02008
16 15 5 15959 0.02014
16 15 5 15855 0.01931
16 15 5 15643 0.01996
16 15 5 15411 0.02011
16 15 5 15120 0.01878
16 15 5 10550 0.01452
16 15 5 10478 0.01409
16 15 5 10438 0.01473
16 15 5 10390 0.0143
16 15 5 10295 0.01412
16 15 5 10186 0.01349
