8 3 1 100000 0.07841
8 3 1 100000 0.07756
8 3 1 100000 0.07791
8 3 1 100000 0.07632
8 3 1 100000 0.07628
8 3 1 100000 0.07567
8 3 1 100000 0.07652
8 3 1 100000 0.07617
8 3 1 100000 0.07559
8 3 1 100000 0.07631
8 3 1 100000 0.07619
8 3 1 100000 0.07612
8 3 1 100000 0.07674
8 3 1 85000 0.06607
8 3 1 85000 0.06658
8 3 1 85000 0.06663
8 3 1 85000 0.06653
8 3 1 85000 0.06574
8 3 1 85000 0.06557
8 3 1 85000 0.06605
8 3 1 85000 0.06546
8 3 1 85000 0.06557
8 3 1 85000 0.06608
8 3 1 85000 0.06592
8 3 1 85000 0.0663
8 3 1 75000 0.05632
8 3 1 75000 0.05664
8 3 1 75000 0.05627
8 3 1 75000 0.05668
8 3 1 75000 0.05588
8 3 1 75000 0.05585
8 3 1 75000 0.05614
8 3 1 75000 0.05613
8 3 1 75000 0.05651
8 3 1 75000 0.05581
8 3 1 75000 0.05629
8 3 1 75000 0.05686
8 3 1 50000 0.03362
8 3 1 50000 0.03337
8 3 1 50000 0.03286
8 3 1 50000 0.0329
8 3 1 50000 0.03333
8 3 1 50000 0.03326
8 3 1 50000 0.03326
8 3 1 50000 0.03335
8 3 1 50000 0.0331
8 3 1 50000 0.03291
8 3 1 50000 0.03333
8 3 1 50000 0.03337
8 3 1 50000 0.03315
8 3 1 35000 0.02224
8 3 1 35000 0.02222
8 3 1 35000 0.02195
8 3 1 35000 0.02215
8 3 1 35000 0.02209
8 3 1 35000 0.02217
8 3 1 35000 0.022
8 3 1 35000 0.02217
8 3 1 35000 0.02217
8 3 1 35000 0.02213
8 3 1 35000 0.022
8 3 1 35000 0.02187
8 3 1 35000 0.02222
8 3 1 25000 0.01058
8 3 1 25000 0.01059
8 3 1 25000 0.0105
8 3 1 25000 0.01036
8 3 1 25000 0.01049
8 3 1 25000 0.01053
8 3 1 25000 0.01052
8 3 1 25000 0.01057
8 3 1 25000 0.01054
8 3 1 25000 0.0107
8 3 1 25000 0.01063
8 3 1 25000 0.01066
8 3 1 15000 0.006856
8 3 1 15000 0.006872
8 3 1 15000 0.006769
8 3 1 15000 0.006912
8 3 1 15000 0.00675
8 3 1 15000 0.006915
8 3 1 15000 0.00682
8 3 1 15000 0.006805
8 3 1 15000 0.00686
8 3 1 15000 0.006947
8 3 1 15000 0.006868
8 3 1 15000 0.006908
8 3 1 15000 0.006819
8 3 1 10000 0.005393
8 3 1 10000 0.005395
8 3 1 10000 0.005353
8 3 1 10000 0.005355
8 3 1 10000 0.005345
8 3 1 10000 0.005388
8 3 1 10000 0.005335
8 3 1 10000 0.005358
8 3 1 10000 0.005419
8 3 1 10000 0.005429
8 3 1 10000 0.005416
8 3 1 10000 0.005335
8 3 2 100000 0.1115
8 3 2 100000 0.1146
8 3 2 100000 0.1132
8 3 2 100000 0.1143
8 3 2 100000 0.1151
8 3 2 100000 0.1139
8 3 2 100000 0.1116
8 3 2 100000 0.1124
8 3 2 100000 0.1123
8 3 2 100000 0.116
8 3 2 100000 0.1155
8 3 2 100000 0.1209
8 3 2 100000 0.1191
8 3 2 85000 0.1032
8 3 2 85000 0.09926
8 3 2 85000 0.103
8 3 2 85000 0.1007
8 3 2 85000 0.1018
8 3 2 85000 0.1025
8 3 2 85000 0.1049
8 3 2 85000 0.09279
8 3 2 85000 0.06661
8 3 2 85000 0.06634
8 3 2 85000 0.07278
8 3 2 85000 0.06699
8 3 2 75000 0.05636
8 3 2 75000 0.05679
8 3 2 75000 0.05673
8 3 2 75000 0.0567
8 3 2 75000 0.05756
8 3 2 75000 0.05656
8 3 2 75000 0.05706
8 3 2 75000 0.05669
8 3 2 75000 0.05645
8 3 2 75000 0.05676
8 3 2 75000 0.05718
8 3 2 75000 0.05645
8 3 2 50000 0.03336
8 3 2 50000 0.0333
8 3 2 50000 0.0333
8 3 2 50000 0.0336
8 3 2 50000 0.03305
8 3 2 50000 0.03315
8 3 2 50000 0.03328
8 3 2 50000 0.03341
8 3 2 50000 0.03359
8 3 2 50000 0.0338
8 3 2 50000 0.03341
8 3 2 50000 0.03353
8 3 2 50000 0.03367
8 3 2 35000 0.02214
8 3 2 35000 0.02213
8 3 2 35000 0.02198
8 3 2 35000 0.02207
8 3 2 35000 0.02197
8 3 2 35000 0.02219
8 3 2 35000 0.02211
8 3 2 35000 0.02213
8 3 2 35000 0.02196
8 3 2 35000 0.02211
8 3 2 35000 0.02213
8 3 2 35000 0.02201
8 3 2 35000 0.02194
8 3 2 25000 0.01047
8 3 2 25000 0.01039
8 3 2 25000 0.01057
8 3 2 25000 0.01061
8 3 2 25000 0.01054
8 3 2 25000 0.01038
8 3 2 25000 0.01021
8 3 2 25000 0.01058
8 3 2 25000 0.01047
8 3 2 25000 0.01037
8 3 2 25000 0.01041
8 3 2 25000 0.01045
8 3 2 15000 0.006878
8 3 2 15000 0.006853
8 3 2 15000 0.006743
8 3 2 15000 0.006784
8 3 2 15000 0.006825
8 3 2 15000 0.006844
8 3 2 15000 0.006812
8 3 2 15000 0.006828
8 3 2 15000 0.006888
8 3 2 15000 0.006741
8 3 2 15000 0.006769
8 3 2 15000 0.006704
8 3 2 15000 0.006779
8 3 2 10000 0.005313
8 3 2 10000 0.00538
8 3 2 10000 0.005388
8 3 2 10000 0.005428
8 3 2 10000 0.005361
8 3 2 10000 0.005407
8 3 2 10000 0.005409
8 3 2 10000 0.005269
8 3 2 10000 0.005345
8 3 2 10000 0.005355
8 3 2 10000 0.005396
8 3 2 10000 0.005318
8 3 3 100000 0.07897
8 3 3 100000 0.07866
8 3 3 100000 0.07823
8 3 3 100000 0.07883
8 3 3 100000 0.07932
8 3 3 100000 0.0789
8 3 3 100000 0.07883
8 3 3 100000 0.07882
8 3 3 100000 0.07894
8 3 3 100000 0.07941
8 3 3 100000 0.0789
8 3 3 100000 0.07897
8 3 3 100000 0.07835
8 3 3 85000 0.06842
8 3 3 85000 0.06776
8 3 3 85000 0.06837
8 3 3 85000 0.06848
8 3 3 85000 0.06747
8 3 3 85000 0.06858
8 3 3 85000 0.06845
8 3 3 85000 0.06847
8 3 3 85000 0.06874
8 3 3 85000 0.06719
8 3 3 85000 0.06685
8 3 3 85000 0.06629
8 3 3 75000 0.05753
8 3 3 75000 0.05728
8 3 3 75000 0.05736
8 3 3 75000 0.05649
8 3 3 75000 0.05696
8 3 3 75000 0.05675
8 3 3 75000 0.05708
8 3 3 75000 0.0563
8 3 3 75000 0.05683
8 3 3 75000 0.05696
8 3 3 75000 0.05651
8 3 3 75000 0.057
8 3 3 50000 0.03317
8 3 3 50000 0.03359
8 3 3 50000 0.03398
8 3 3 50000 0.0335
8 3 3 50000 0.03394
8 3 3 50000 0.0338
8 3 3 50000 0.03361
8 3 3 50000 0.03358
8 3 3 50000 0.03326
8 3 3 50000 0.03331
8 3 3 50000 0.03335
8 3 3 50000 0.03314
8 3 3 50000 0.03322
8 3 3 35000 0.02517
8 3 3 35000 0.02227
8 3 3 35000 0.02967
8 3 3 35000 0.03008
8 3 3 35000 0.0306
8 3 3 35000 0.03191
8 3 3 35000 0.03234
8 3 3 35000 0.03087
8 3 3 35000 0.03178
8 3 3 35000 0.03043
8 3 3 35000 0.02817
8 3 3 35000 0.02934
8 3 3 35000 0.03126
8 3 3 25000 0.01357
8 3 3 25000 0.01245
8 3 3 25000 0.01381
8 3 3 25000 0.01187
8 3 3 25000 0.01323
8 3 3 25000 0.01392
8 3 3 25000 0.01282
8 3 3 25000 0.01366
8 3 3 25000 0.01361
8 3 3 25000 0.01339
8 3 3 25000 0.01366
8 3 3 25000 0.0126
8 3 3 15000 0.00886
8 3 3 15000 0.007843
8 3 3 15000 0.008711
8 3 3 15000 0.008643
8 3 3 15000 0.008893
8 3 3 15000 0.007898
8 3 3 15000 0.008483
8 3 3 15000 0.008657
8 3 3 15000 0.008856
8 3 3 15000 0.008376
8 3 3 15000 0.008078
8 3 3 15000 0.008712
8 3 3 15000 0.008899
8 3 3 10000 0.00664
8 3 3 10000 0.006821
8 3 3 10000 0.006601
8 3 3 10000 0.006438
8 3 3 10000 0.006466
8 3 3 10000 0.006386
8 3 3 10000 0.006483
8 3 3 10000 0.006651
8 3 3 10000 0.006617
8 3 3 10000 0.006543
8 3 3 10000 0.006522
8 3 3 10000 0.006435
8 3 4 100000 0.1248
8 3 4 100000 0.1242
8 3 4 100000 0.09129
8 3 4 100000 0.07793
8 3 4 100000 0.07746
8 3 4 100000 0.07728
8 3 4 100000 0.07706
8 3 4 100000 0.07688
8 3 4 100000 0.07768
8 3 4 100000 0.07745
8 3 4 100000 0.07776
8 3 4 100000 0.07738
8 3 4 100000 0.07759
8 3 4 85000 0.06713
8 3 4 85000 0.0677
8 3 4 85000 0.06738
8 3 4 85000 0.06691
8 3 4 85000 0.06695
8 3 4 85000 0.06721
8 3 4 85000 0.06767
8 3 4 85000 0.06679
8 3 4 85000 0.06743
8 3 4 85000 0.06713
8 3 4 85000 0.06711
8 3 4 85000 0.06762
8 3 4 75000 0.05703
8 3 4 75000 0.05688
8 3 4 75000 0.0569
8 3 4 75000 0.05731
8 3 4 75000 0.05703
8 3 4 75000 0.05708
8 3 4 75000 0.05681
8 3 4 75000 0.05652
8 3 4 75000 0.0576
8 3 4 75000 0.0575
8 3 4 75000 0.0571
8 3 4 75000 0.05755
8 3 4 50000 0.03361
8 3 4 50000 0.03363
8 3 4 50000 0.03395
8 3 4 50000 0.03333
8 3 4 50000 0.03388
8 3 4 50000 0.03341
8 3 4 50000 0.03403
8 3 4 50000 0.03329
8 3 4 50000 0.03361
8 3 4 50000 0.03354
8 3 4 50000 0.03339
8 3 4 50000 0.03336
8 3 4 50000 0.03356
8 3 4 35000 0.02226
8 3 4 35000 0.02199
8 3 4 35000 0.02233
8 3 4 35000 0.02225
8 3 4 35000 0.02203
8 3 4 35000 0.02238
8 3 4 35000 0.02236
8 3 4 35000 0.02197
8 3 4 35000 0.0225
8 3 4 35000 0.02224
8 3 4 35000 0.02212
8 3 4 35000 0.02248
8 3 4 35000 0.02244
8 3 4 25000 0.01072
8 3 4 25000 0.01064
8 3 4 25000 0.01056
8 3 4 25000 0.01052
8 3 4 25000 0.01067
8 3 4 25000 0.01062
8 3 4 25000 0.01052
8 3 4 25000 0.01056
8 3 4 25000 0.01052
8 3 4 25000 0.0107
8 3 4 25000 0.01056
8 3 4 25000 0.01052
8 3 4 15000 0.006882
8 3 4 15000 0.006906
8 3 4 15000 0.006915
8 3 4 15000 0.006911
8 3 4 15000 0.006918
8 3 4 15000 0.006962
8 3 4 15000 0.006743
8 3 4 15000 0.006904
8 3 4 15000 0.006949
8 3 4 15000 0.006922
8 3 4 15000 0.006847
8 3 4 15000 0.007017
8 3 4 15000 0.006934
8 3 4 10000 0.00534
8 3 4 10000 0.005359
8 3 4 10000 0.005351
8 3 4 10000 0.005311
8 3 4 10000 0.00538
8 3 4 10000 0.005396
8 3 4 10000 0.005411
8 3 4 10000 0.005348
8 3 4 10000 0.00538
8 3 4 10000 0.005336
8 3 4 10000 0.005327
8 3 4 10000 0.005392
8 3 5 100000 0.07916
8 3 5 100000 0.07954
8 3 5 100000 0.07845
8 3 5 100000 0.1177
8 3 5 100000 0.1145
8 3 5 100000 0.1082
8 3 5 100000 0.0792
8 3 5 100000 0.0788
8 3 5 100000 0.07867
8 3 5 100000 0.07886
8 3 5 100000 0.08796
8 3 5 100000 0.07935
8 3 5 100000 0.07897
8 3 5 85000 0.06789
8 3 5 85000 0.06807
8 3 5 85000 0.06806
8 3 5 85000 0.06794
8 3 5 85000 0.06796
8 3 5 85000 0.06798
8 3 5 85000 0.06808
8 3 5 85000 0.06841
8 3 5 85000 0.06782
8 3 5 85000 0.06807
8 3 5 85000 0.06706
8 3 5 85000 0.06834
8 3 5 75000 0.05798
8 3 5 75000 0.05798
8 3 5 75000 0.05747
8 3 5 75000 0.05774
8 3 5 75000 0.05748
8 3 5 75000 0.05753
8 3 5 75000 0.05769
8 3 5 75000 0.05749
8 3 5 75000 0.05727
8 3 5 75000 0.05738
8 3 5 75000 0.0573
8 3 5 75000 0.0577
8 3 5 50000 0.03441
8 3 5 50000 0.03388
8 3 5 50000 0.03409
8 3 5 50000 0.0341
8 3 5 50000 0.03416
8 3 5 50000 0.03414
8 3 5 50000 0.03381
8 3 5 50000 0.05055
8 3 5 50000 0.05
8 3 5 50000 0.04914
8 3 5 50000 0.04634
8 3 5 50000 0.04782
8 3 5 50000 0.04877
8 3 5 35000 0.03254
8 3 5 35000 0.0325
8 3 5 35000 0.0319
8 3 5 35000 0.03241
8 3 5 35000 0.03264
8 3 5 35000 0.03183
8 3 5 35000 0.03268
8 3 5 35000 0.03139
8 3 5 35000 0.03014
8 3 5 35000 0.03166
8 3 5 35000 0.03026
8 3 5 35000 0.03092
8 3 5 35000 0.03115
8 3 5 25000 0.01343
8 3 5 25000 0.01266
8 3 5 25000 0.01376
8 3 5 25000 0.01371
8 3 5 25000 0.01401
8 3 5 25000 0.01318
8 3 5 25000 0.01316
8 3 5 25000 0.01342
8 3 5 25000 0.01353
8 3 5 25000 0.01279
8 3 5 25000 0.01356
8 3 5 25000 0.01367
8 3 5 15000 0.008771
8 3 5 15000 0.008773
8 3 5 15000 0.008577
8 3 5 15000 0.008395
8 3 5 15000 0.008561
8 3 5 15000 0.008696
8 3 5 15000 0.008777
8 3 5 15000 0.008492
8 3 5 15000 0.00835
8 3 5 15000 0.008329
8 3 5 15000 0.00864
8 3 5 15000 0.008565
8 3 5 15000 0.008498
8 3 5 10000 0.006473
8 3 5 10000 0.00658
8 3 5 10000 0.006622
8 3 5 10000 0.00656
8 3 5 10000 0.006558
8 3 5 10000 0.006549
8 3 5 10000 0.006528
8 3 5 10000 0.006466
8 3 5 10000 0.006362
8 3 5 10000 0.0063
8 3 5 10000 0.006394
8 3 5 10000 0.0063
