2 1 1 100000 0.1146
2 1 1 100000 0.1128
2 1 1 100000 0.1272
2 1 1 100000 0.1289
2 1 1 100000 0.1312
2 1 1 100000 0.1277
2 1 1 100000 0.1138
2 1 1 100000 0.134
2 1 1 100000 0.1457
2 1 1 100000 0.1235
2 1 1 100000 0.131
2 1 1 100000 0.1265
2 1 1 100000 0.1242
2 1 1 100000 0.1238
2 1 1 100000 0.1271
2 1 1 100000 0.1241
2 1 1 100000 0.1237
2 1 1 100000 0.1226
2 1 1 100000 0.123
2 1 1 100000 0.1191
2 1 1 100000 0.1208
2 1 1 100000 0.1396
2 1 1 100000 0.1322
2 1 1 100000 0.1225
2 1 1 100000 0.1221
2 1 1 100000 0.1278
2 1 1 100000 0.1238
2 1 1 100000 0.1212
2 1 1 100000 0.1262
2 1 1 100000 0.1251
2 1 1 100000 0.107
2 1 1 100000 0.1019
2 1 1 100000 0.1015
2 1 1 100000 0.1025
2 1 1 100000 0.1047
2 1 1 100000 0.1041
2 1 1 100000 0.1056
2 1 1 100000 0.1046
2 1 1 100000 0.1011
2 1 1 100000 0.1041
2 1 1 100000 0.1044
2 1 1 100000 0.1037
2 1 1 100000 0.1064
2 1 1 100000 0.1031
2 1 1 100000 0.103
2 1 1 100000 0.1043
2 1 1 100000 0.104
2 1 1 100000 0.1063
2 1 1 100000 0.1063
2 1 1 100000 0.1041
2 1 1 85000 0.09271
2 1 1 85000 0.09386
2 1 1 85000 0.09321
2 1 1 85000 0.09227
2 1 1 85000 0.09233
2 1 1 85000 0.09298
2 1 1 85000 0.08965
2 1 1 85000 0.09256
2 1 1 85000 0.0934
2 1 1 85000 0.09309
2 1 1 85000 0.09256
2 1 1 85000 0.09307
2 1 1 85000 0.09233
2 1 1 85000 0.09098
2 1 1 85000 0.09474
2 1 1 85000 0.09188
2 1 1 85000 0.09157
2 1 1 85000 0.08907
2 1 1 85000 0.09093
2 1 1 85000 0.09081
2 1 1 85000 0.08921
2 1 1 85000 0.08998
2 1 1 85000 0.09193
2 1 1 85000 0.091
2 1 1 85000 0.09234
2 1 1 85000 0.09028
2 1 1 85000 0.09278
2 1 1 85000 0.09104
2 1 1 85000 0.09145
2 1 1 85000 0.09028
2 1 1 85000 0.08911
2 1 1 85000 0.08599
2 1 1 85000 0.09242
2 1 1 85000 0.09227
2 1 1 85000 0.09427
2 1 1 85000 0.09288
2 1 1 85000 0.09285
2 1 1 85000 0.09238
2 1 1 85000 0.09022
2 1 1 85000 0.09502
2 1 1 85000 0.09157
2 1 1 85000 0.09446
2 1 1 85000 0.0944
2 1 1 85000 0.09419
2 1 1 85000 0.09481
2 1 1 85000 0.09274
2 1 1 85000 0.0945
2 1 1 85000 0.0963
2 1 1 85000 0.09341
2 1 1 85000 0.0918
2 1 1 75000 0.08026
2 1 1 75000 0.08021
2 1 1 75000 0.0814
2 1 1 75000 0.0828
2 1 1 75000 0.08319
2 1 1 75000 0.0811
2 1 1 75000 0.0825
2 1 1 75000 0.07964
2 1 1 75000 0.08124
2 1 1 75000 0.08182
2 1 1 75000 0.08303
2 1 1 75000 0.08267
2 1 1 75000 0.08054
2 1 1 75000 0.08154
2 1 1 75000 0.08178
2 1 1 75000 0.08184
2 1 1 75000 0.07816
2 1 1 75000 0.07865
2 1 1 75000 0.08021
2 1 1 75000 0.07972
2 1 1 75000 0.07978
2 1 1 75000 0.07789
2 1 1 75000 0.08152
2 1 1 75000 0.07825
2 1 1 75000 0.07725
2 1 1 75000 0.07863
2 1 1 75000 0.07921
2 1 1 75000 0.07975
2 1 1 75000 0.08095
2 1 1 75000 0.07985
2 1 1 75000 0.0779
2 1 1 75000 0.07671
2 1 1 75000 0.07803
2 1 1 75000 0.08213
2 1 1 75000 0.07936
2 1 1 75000 0.08054
2 1 1 75000 0.08059
2 1 1 75000 0.08135
2 1 1 75000 0.08155
2 1 1 75000 0.07908
2 1 1 75000 0.08129
2 1 1 75000 0.08195
2 1 1 75000 0.08056
2 1 1 75000 0.08083
2 1 1 75000 0.08123
2 1 1 75000 0.08283
2 1 1 75000 0.0801
2 1 1 75000 0.0807
2 1 1 75000 0.07985
2 1 1 75000 0.08134
2 1 1 50000 0.05969
2 1 1 50000 0.0595
2 1 1 50000 0.0587
2 1 1 50000 0.06084
2 1 1 50000 0.06016
2 1 1 50000 0.05944
2 1 1 50000 0.05988
2 1 1 50000 0.05927
2 1 1 50000 0.05962
2 1 1 50000 0.05881
2 1 1 50000 0.0586
2 1 1 50000 0.06096
2 1 1 50000 0.05994
2 1 1 50000 0.05736
2 1 1 50000 0.05993
2 1 1 50000 0.06119
2 1 1 50000 0.05489
2 1 1 50000 0.05581
2 1 1 50000 0.05701
2 1 1 50000 0.05771
2 1 1 50000 0.0576
2 1 1 50000 0.05766
2 1 1 50000 0.0575
2 1 1 50000 0.05752
2 1 1 50000 0.0586
2 1 1 50000 0.05678
2 1 1 50000 0.05651
2 1 1 50000 0.057
2 1 1 50000 0.05822
2 1 1 50000 0.05771
2 1 1 50000 0.05593
2 1 1 50000 0.0582
2 1 1 50000 0.05547
2 1 1 50000 0.05982
2 1 1 50000 0.06138
2 1 1 50000 0.05852
2 1 1 50000 0.06044
2 1 1 50000 0.06158
2 1 1 50000 0.05784
2 1 1 50000 0.0587
2 1 1 50000 0.06256
2 1 1 50000 0.05796
2 1 1 50000 0.05977
2 1 1 50000 0.06039
2 1 1 50000 0.05977
2 1 1 50000 0.05863
2 1 1 50000 0.06113
2 1 1 50000 0.05923
2 1 1 50000 0.059
2 1 1 50000 0.06001
2 1 1 35000 0.04185
2 1 1 35000 0.04219
2 1 1 35000 0.04189
2 1 1 35000 0.04285
2 1 1 35000 0.04179
2 1 1 35000 0.04293
2 1 1 35000 0.04373
2 1 1 35000 0.04307
2 1 1 35000 0.04355
2 1 1 35000 0.04405
2 1 1 35000 0.0434
2 1 1 35000 0.04182
2 1 1 35000 0.04327
2 1 1 35000 0.04355
2 1 1 35000 0.04168
2 1 1 35000 0.0423
2 1 1 35000 0.03988
2 1 1 35000 0.04054
2 1 1 35000 0.03973
2 1 1 35000 0.04121
2 1 1 35000 0.04108
2 1 1 35000 0.03929
2 1 1 35000 0.04132
2 1 1 35000 0.04019
2 1 1 35000 0.04172
2 1 1 35000 0.04068
2 1 1 35000 0.04202
2 1 1 35000 0.04186
2 1 1 35000 0.0407
2 1 1 35000 0.04104
2 1 1 35000 0.04159
2 1 1 35000 0.04098
2 1 1 35000 0.04108
2 1 1 35000 0.04238
2 1 1 35000 0.04352
2 1 1 35000 0.04345
2 1 1 35000 0.0431
2 1 1 35000 0.04382
2 1 1 35000 0.04328
2 1 1 35000 0.04369
2 1 1 35000 0.0432
2 1 1 35000 0.04095
2 1 1 35000 0.04167
2 1 1 35000 0.04198
2 1 1 35000 0.04224
2 1 1 35000 0.04406
2 1 1 35000 0.04264
2 1 1 35000 0.04206
2 1 1 35000 0.04273
2 1 1 35000 0.04381
2 1 1 25000 0.02915
2 1 1 25000 0.02882
2 1 1 25000 0.0278
2 1 1 25000 0.02815
2 1 1 25000 0.02706
2 1 1 25000 0.02809
2 1 1 25000 0.02868
2 1 1 25000 0.0287
2 1 1 25000 0.02861
2 1 1 25000 0.02918
2 1 1 25000 0.02791
2 1 1 25000 0.02719
2 1 1 25000 0.02941
2 1 1 25000 0.02786
2 1 1 25000 0.02832
2 1 1 25000 0.02969
2 1 1 25000 0.02745
2 1 1 25000 0.02657
2 1 1 25000 0.02703
2 1 1 25000 0.02787
2 1 1 25000 0.02809
2 1 1 25000 0.027
2 1 1 25000 0.0276
2 1 1 25000 0.02639
2 1 1 25000 0.0278
2 1 1 25000 0.02801
2 1 1 25000 0.02725
2 1 1 25000 0.02625
2 1 1 25000 0.0264
2 1 1 25000 0.02508
2 1 1 25000 0.0283
2 1 1 25000 0.02669
2 1 1 25000 0.02773
2 1 1 25000 0.02842
2 1 1 25000 0.02894
2 1 1 25000 0.028
2 1 1 25000 0.02766
2 1 1 25000 0.02965
2 1 1 25000 0.02804
2 1 1 25000 0.02878
2 1 1 25000 0.02888
2 1 1 25000 0.02867
2 1 1 25000 0.02886
2 1 1 25000 0.02886
2 1 1 25000 0.02952
2 1 1 25000 0.03117
2 1 1 25000 0.02885
2 1 1 25000 0.02907
2 1 1 25000 0.02881
2 1 1 25000 0.03009
2 1 1 15000 0.01809
2 1 1 15000 0.01843
2 1 1 15000 0.019
2 1 1 15000 0.01804
2 1 1 15000 0.01855
2 1 1 15000 0.01776
2 1 1 15000 0.0179
2 1 1 15000 0.01829
2 1 1 15000 0.01893
2 1 1 15000 0.0187
2 1 1 15000 0.01787
2 1 1 15000 0.01774
2 1 1 15000 0.01799
2 1 1 15000 0.01817
2 1 1 15000 0.01827
2 1 1 15000 0.01821
2 1 1 15000 0.01766
2 1 1 15000 0.01715
2 1 1 15000 0.01727
2 1 1 15000 0.01673
2 1 1 15000 0.01771
2 1 1 15000 0.01693
2 1 1 15000 0.01632
2 1 1 15000 0.01691
2 1 1 15000 0.01725
2 1 1 15000 0.01738
2 1 1 15000 0.01762
2 1 1 15000 0.01752
2 1 1 15000 0.01683
2 1 1 15000 0.01636
2 1 1 15000 0.01674
2 1 1 15000 0.01718
2 1 1 15000 0.01708
2 1 1 15000 0.01779
2 1 1 15000 0.01795
2 1 1 15000 0.01807
2 1 1 15000 0.01801
2 1 1 15000 0.01707
2 1 1 15000 0.01808
2 1 1 15000 0.01852
2 1 1 15000 0.01779
2 1 1 15000 0.01766
2 1 1 15000 0.01802
2 1 1 15000 0.01836
2 1 1 15000 0.01792
2 1 1 15000 0.01794
2 1 1 15000 0.01796
2 1 1 15000 0.01756
2 1 1 15000 0.0182
2 1 1 15000 0.01756
2 1 1 10000 0.01214
2 1 1 10000 0.01308
2 1 1 10000 0.01256
2 1 1 10000 0.01264
2 1 1 10000 0.01316
2 1 1 10000 0.01276
2 1 1 10000 0.01256
2 1 1 10000 0.01256
2 1 1 10000 0.01279
2 1 1 10000 0.01311
2 1 1 10000 0.01301
2 1 1 10000 0.01239
2 1 1 10000 0.01277
2 1 1 10000 0.01294
2 1 1 10000 0.01244
2 1 1 10000 0.01273
2 1 1 10000 0.01233
2 1 1 10000 0.01238
2 1 1 10000 0.01201
2 1 1 10000 0.01207
2 1 1 10000 0.01182
2 1 1 10000 0.01209
2 1 1 10000 0.01203
2 1 1 10000 0.01214
2 1 1 10000 0.01181
2 1 1 10000 0.01232
2 1 1 10000 0.01248
2 1 1 10000 0.01235
2 1 1 10000 0.01159
2 1 1 10000 0.0123
2 1 1 10000 0.01158
2 1 1 10000 0.01194
2 1 1 10000 0.01246
2 1 1 10000 0.0127
2 1 1 10000 0.01259
2 1 1 10000 0.01301
2 1 1 10000 0.0126
2 1 1 10000 0.01262
2 1 1 10000 0.01349
2 1 1 10000 0.01233
2 1 1 10000 0.01276
2 1 1 10000 0.01309
2 1 1 10000 0.0129
2 1 1 10000 0.01247
2 1 1 10000 0.01305
2 1 1 10000 0.01261
2 1 1 10000 0.01283
2 1 1 10000 0.01293
2 1 1 10000 0.0127
2 1 1 10000 0.01241
2 1 2 113559 0.1687
2 1 2 113559 0.1708
2 1 2 113465 0.1638
2 1 2 113335 0.1662
2 1 2 113236 0.1653
2 1 2 113094 0.1631
2 1 2 113064 0.1521
2 1 2 113002 0.1252
2 1 2 112764 0.1245
2 1 2 112762 0.1229
2 1 2 112629 0.1251
2 1 2 112600 0.1216
2 1 2 112581 0.125
2 1 2 112562 0.1226
2 1 2 112410 0.1243
2 1 2 112410 0.1235
2 1 2 112151 0.121
2 1 2 112000 0.1257
2 1 2 111974 0.1219
2 1 2 111852 0.1231
2 1 2 111460 0.1236
2 1 2 110599 0.124
2 1 2 110505 0.1238
2 1 2 109814 0.1199
2 1 2 109678 0.1206
2 1 2 108880 0.1194
2 1 2 108172 0.1228
2 1 2 108172 0.1228
2 1 2 107850 0.1171
2 1 2 107641 0.1183
2 1 2 107190 0.1207
2 1 2 106006 0.1183
2 1 2 105701 0.1202
2 1 2 104665 0.1179
2 1 2 103077 0.1175
2 1 2 102601 0.1149
2 1 2 102561 0.1172
2 1 2 102522 0.1146
2 1 2 101938 0.1154
2 1 2 99089 0.1111
2 1 2 99067 0.1136
2 1 2 98710 0.1101
2 1 2 98491 0.1123
2 1 2 97943 0.1133
2 1 2 97476 0.1101
2 1 2 97381 0.1115
2 1 2 97167 0.1088
2 1 2 96442 0.1089
2 1 2 94704 0.1096
2 1 2 94702 0.1081
2 1 2 94608 0.1093
2 1 2 94559 0.1031
2 1 2 94474 0.1069
2 1 2 94436 0.1064
2 1 2 94343 0.1031
2 1 2 94343 0.1031
2 1 2 94283 0.1048
2 1 2 94275 0.1048
2 1 2 94194 0.1033
2 1 2 94050 0.1063
2 1 2 93872 0.1049
2 1 2 93817 0.1069
2 1 2 93608 0.1061
2 1 2 93604 0.1047
2 1 2 93455 0.1064
2 1 2 93389 0.1065
2 1 2 93357 0.1089
2 1 2 92938 0.107
2 1 2 92417 0.1081
2 1 2 92400 0.1061
2 1 2 92187 0.1059
2 1 2 91767 0.1072
2 1 2 91634 0.1057
2 1 2 91590 0.1088
2 1 2 90954 0.1063
2 1 2 90660 0.106
2 1 2 90440 0.1025
2 1 2 89445 0.1068
2 1 2 89367 0.1022
2 1 2 88815 0.1036
2 1 2 88423 0.1035
2 1 2 88283 0.1037
2 1 2 87506 0.1013
2 1 2 87134 0.1027
2 1 2 87105 0.1014
2 1 2 85958 0.1014
2 1 2 85868 0.09958
2 1 2 85836 0.1004
2 1 2 85310 0.1019
2 1 2 85310 0.1013
2 1 2 84465 0.09986
2 1 2 84465 0.09972
2 1 2 83472 0.09843
2 1 2 82630 0.09854
2 1 2 82604 0.1
2 1 2 82584 0.09735
2 1 2 82578 0.09722
2 1 2 82555 0.09926
2 1 2 82538 0.09738
2 1 2 82513 0.09481
2 1 2 82502 0.09521
2 1 2 82470 0.09788
2 1 2 82360 0.09775
2 1 2 82310 0.0976
2 1 2 82295 0.09696
2 1 2 82177 0.09459
2 1 2 82169 0.09551
2 1 2 82164 0.09384
2 1 2 82156 0.09381
2 1 2 82140 0.09572
2 1 2 82088 0.09428
2 1 2 82054 0.09642
2 1 2 81684 0.09736
2 1 2 81657 0.09531
2 1 2 81583 0.09622
2 1 2 81480 0.09727
2 1 2 81239 0.09296
2 1 2 81032 0.09614
2 1 2 80828 0.09599
2 1 2 80828 0.09534
2 1 2 80650 0.09528
2 1 2 80650 0.0951
2 1 2 80160 0.09337
2 1 2 80160 0.09408
2 1 2 80055 0.09748
2 1 2 79974 0.09579
2 1 2 79378 0.09441
2 1 2 79315 0.09593
2 1 2 78477 0.09322
2 1 2 78273 0.09423
2 1 2 78263 0.09302
2 1 2 78064 0.09385
2 1 2 77766 0.092
2 1 2 77652 0.09351
2 1 2 77209 0.09424
2 1 2 77121 0.09418
2 1 2 77015 0.09425
2 1 2 76581 0.09069
2 1 2 76487 0.09146
2 1 2 75759 0.09191
2 1 2 75595 0.09158
2 1 2 74827 0.09146
2 1 2 74578 0.093
2 1 2 74563 0.09082
2 1 2 74019 0.09031
2 1 2 73098 0.08916
2 1 2 71760 0.08842
2 1 2 71760 0.08848
2 1 2 70392 0.08467
2 1 2 69972 0.08581
2 1 2 53384 0.06831
2 1 2 53383 0.0694
2 1 2 53381 0.06688
2 1 2 53375 0.06789
2 1 2 53372 0.06641
2 1 2 53372 0.06853
2 1 2 53371 0.06724
2 1 2 53371 0.0671
2 1 2 53357 0.06954
2 1 2 53332 0.06588
2 1 2 53324 0.06898
2 1 2 53324 0.06923
2 1 2 53309 0.06571
2 1 2 53295 0.06748
2 1 2 53268 0.06459
2 1 2 53254 0.06601
2 1 2 53249 0.06503
2 1 2 53213 0.06489
2 1 2 53200 0.0671
2 1 2 52996 0.06574
2 1 2 52963 0.0679
2 1 2 52963 0.06821
2 1 2 52945 0.069
2 1 2 52931 0.06731
2 1 2 52878 0.06758
2 1 2 52855 0.06547
2 1 2 52768 0.06516
2 1 2 52437 0.06379
2 1 2 52060 0.06652
2 1 2 51659 0.06598
2 1 2 51539 0.06635
2 1 2 51534 0.06211
2 1 2 51398 0.06548
2 1 2 51319 0.06544
2 1 2 51108 0.06385
2 1 2 50947 0.06534
2 1 2 50914 0.06408
2 1 2 50185 0.06351
2 1 2 50129 0.06558
2 1 2 50011 0.06332
2 1 2 50006 0.05925
2 1 2 49848 0.06276
2 1 2 49645 0.0607
2 1 2 49452 0.06467
2 1 2 49265 0.05882
2 1 2 49254 0.06145
2 1 2 48656 0.06079
2 1 2 48656 0.0609
2 1 2 48503 0.06187
2 1 2 46812 0.05957
2 1 2 36662 0.0467
2 1 2 36662 0.0469
2 1 2 36662 0.04555
2 1 2 36662 0.04681
2 1 2 36662 0.04681
2 1 2 36657 0.04505
2 1 2 36644 0.04734
2 1 2 36642 0.04628
2 1 2 36629 0.04509
2 1 2 36626 0.04657
2 1 2 36625 0.04581
2 1 2 36620 0.04851
2 1 2 36617 0.04596
2 1 2 36606 0.04525
2 1 2 36595 0.0455
2 1 2 36593 0.04468
2 1 2 36592 0.04469
2 1 2 36590 0.04455
2 1 2 36587 0.04376
2 1 2 36586 0.04544
2 1 2 36571 0.04485
2 1 2 36568 0.04467
2 1 2 36564 0.04523
2 1 2 36561 0.04675
2 1 2 36552 0.04485
2 1 2 36551 0.04489
2 1 2 36518 0.0453
2 1 2 36461 0.04723
2 1 2 36320 0.04518
2 1 2 36312 0.04433
2 1 2 36263 0.04386
2 1 2 36213 0.04629
2 1 2 36190 0.04659
2 1 2 36150 0.045
2 1 2 36142 0.04538
2 1 2 36050 0.04653
2 1 2 35875 0.04664
2 1 2 35875 0.04704
2 1 2 35262 0.04472
2 1 2 35262 0.04437
2 1 2 35261 0.04508
2 1 2 35094 0.04417
2 1 2 35087 0.04386
2 1 2 34325 0.0423
2 1 2 34253 0.04261
2 1 2 33687 0.04076
2 1 2 33687 0.04075
2 1 2 33485 0.04011
2 1 2 33407 0.0398
2 1 2 33356 0.04132
2 1 2 25848 0.02945
2 1 2 25848 0.02925
2 1 2 25845 0.02991
2 1 2 25843 0.02889
2 1 2 25842 0.02708
2 1 2 25837 0.02884
2 1 2 25836 0.02765
2 1 2 25833 0.03002
2 1 2 25832 0.03005
2 1 2 25829 0.02946
2 1 2 25827 0.02995
2 1 2 25819 0.02967
2 1 2 25818 0.02765
2 1 2 25817 0.02682
2 1 2 25816 0.02774
2 1 2 25814 0.02872
2 1 2 25814 0.02875
2 1 2 25791 0.02629
2 1 2 25790 0.02702
2 1 2 25786 0.02831
2 1 2 25786 0.02824
2 1 2 25774 0.02618
2 1 2 25773 0.02808
2 1 2 25740 0.02744
2 1 2 25729 0.0269
2 1 2 25700 0.03063
2 1 2 25467 0.02918
2 1 2 25375 0.02721
2 1 2 25370 0.02998
2 1 2 25293 0.02926
2 1 2 25281 0.02757
2 1 2 25279 0.02878
2 1 2 25140 0.02874
2 1 2 25052 0.02921
2 1 2 25046 0.03122
2 1 2 25004 0.0281
2 1 2 24958 0.02851
2 1 2 24954 0.02745
2 1 2 24914 0.02918
2 1 2 24785 0.02891
2 1 2 24784 0.0268
2 1 2 24729 0.02875
2 1 2 24643 0.02903
2 1 2 24528 0.02909
2 1 2 24464 0.02998
2 1 2 24463 0.0281
2 1 2 24423 0.02788
2 1 2 24407 0.02853
2 1 2 24352 0.02911
2 1 2 24132 0.02869
2 1 2 15305 0.01861
2 1 2 15304 0.01847
2 1 2 15303 0.01901
2 1 2 15303 0.01902
2 1 2 15303 0.01835
2 1 2 15303 0.01838
2 1 2 15302 0.01779
2 1 2 15302 0.01787
2 1 2 15301 0.01834
2 1 2 15300 0.01763
2 1 2 15299 0.01894
2 1 2 15298 0.01797
2 1 2 15296 0.01838
2 1 2 15296 0.01832
2 1 2 15294 0.01839
2 1 2 15294 0.01734
2 1 2 15294 0.01904
2 1 2 15291 0.01845
2 1 2 15290 0.01824
2 1 2 15290 0.01828
2 1 2 15288 0.01722
2 1 2 15285 0.01794
2 1 2 15279 0.01695
2 1 2 15279 0.01699
2 1 2 15277 0.01729
2 1 2 15262 0.01803
2 1 2 15249 0.01885
2 1 2 15248 0.01856
2 1 2 15236 0.01867
2 1 2 15231 0.01797
2 1 2 15221 0.01914
2 1 2 15213 0.01855
2 1 2 15186 0.01742
2 1 2 15108 0.01746
2 1 2 15088 0.0191
2 1 2 15074 0.01922
2 1 2 15056 0.01777
2 1 2 15053 0.0181
2 1 2 15045 0.01743
2 1 2 14985 0.01857
2 1 2 14931 0.01789
2 1 2 14906 0.0179
2 1 2 14877 0.01794
2 1 2 14864 0.01788
2 1 2 14859 0.01825
2 1 2 14848 0.0182
2 1 2 14833 0.01795
2 1 2 14754 0.01801
2 1 2 14737 0.01781
2 1 2 14735 0.01834
2 1 2 10135 0.01237
2 1 2 10134 0.0133
2 1 2 10134 0.01263
2 1 2 10134 0.01258
2 1 2 10134 0.01297
2 1 2 10134 0.01318
2 1 2 10134 0.01305
2 1 2 10133 0.01278
2 1 2 10132 0.01335
2 1 2 10132 0.01283
2 1 2 10132 0.01302
2 1 2 10131 0.01187
2 1 2 10131 0.01251
2 1 2 10130 0.01371
2 1 2 10130 0.01383
2 1 2 10130 0.01235
2 1 2 10130 0.01345
2 1 2 10130 0.01325
2 1 2 10129 0.01199
2 1 2 10128 0.01205
2 1 2 10128 0.01215
2 1 2 10126 0.0126
2 1 2 10125 0.01164
2 1 2 10124 0.0131
2 1 2 10122 0.01332
2 1 2 10120 0.01263
2 1 2 10117 0.01329
2 1 2 10116 0.01266
2 1 2 10114 0.0125
2 1 2 10093 0.01299
2 1 2 10070 0.01298
2 1 2 10070 0.01303
2 1 2 10055 0.013
2 1 2 10049 0.01288
2 1 2 10040 0.01279
2 1 2 10036 0.01283
2 1 2 10021 0.01284
2 1 2 10009 0.0133
2 1 2 10000 0.01255
2 1 2 9994 0.01265
2 1 2 9971 0.0123
2 1 2 9953 0.01313
2 1 2 9947 0.01265
2 1 2 9940 0.01241
2 1 2 9919 0.01202
2 1 2 9914 0.01262
2 1 2 9912 0.01279
2 1 2 9900 0.01205
2 1 2 9889 0.01313
2 1 2 9881 0.01175
2 1 3 128281 0.202
2 1 3 128281 0.2003
2 1 3 127790 0.1888
2 1 3 126903 0.1899
2 1 3 126608 0.1862
2 1 3 126574 0.1985
2 1 3 126096 0.1865
2 1 3 125274 0.1931
2 1 3 125215 0.1758
2 1 3 124983 0.1891
2 1 3 124175 0.1854
2 1 3 123544 0.1913
2 1 3 123474 0.188
2 1 3 123076 0.1878
2 1 3 122691 0.1317
2 1 3 122576 0.1333
2 1 3 122370 0.1296
2 1 3 122319 0.1274
2 1 3 121773 0.13
2 1 3 121439 0.1243
2 1 3 121380 0.1294
2 1 3 120507 0.1268
2 1 3 119475 0.1304
2 1 3 118571 0.1326
2 1 3 117369 0.1276
2 1 3 116726 0.1287
2 1 3 115962 0.1256
2 1 3 114850 0.1257
2 1 3 114139 0.1268
2 1 3 113622 0.124
2 1 3 113351 0.1248
2 1 3 112392 0.1224
2 1 3 111721 0.1236
2 1 3 111346 0.1246
2 1 3 109224 0.1233
2 1 3 109224 0.1236
2 1 3 108349 0.1201
2 1 3 107904 0.1222
2 1 3 107747 0.122
2 1 3 105644 0.1186
2 1 3 105556 0.1199
2 1 3 105358 0.1218
2 1 3 105286 0.1208
2 1 3 104972 0.1176
2 1 3 104869 0.1153
2 1 3 104781 0.1182
2 1 3 104452 0.1175
2 1 3 104404 0.1195
2 1 3 104261 0.1182
2 1 3 104213 0.1173
2 1 3 104195 0.1147
2 1 3 104057 0.1144
2 1 3 104057 0.1153
2 1 3 103442 0.1157
2 1 3 103377 0.1159
2 1 3 103264 0.115
2 1 3 102643 0.1128
2 1 3 102643 0.1135
2 1 3 101227 0.1139
2 1 3 101137 0.1172
2 1 3 100883 0.1149
2 1 3 100414 0.1125
2 1 3 100262 0.1132
2 1 3 100104 0.1107
2 1 3 99995 0.1154
2 1 3 99655 0.1147
2 1 3 98305 0.1128
2 1 3 98305 0.1139
2 1 3 97907 0.1131
2 1 3 97735 0.1138
2 1 3 96512 0.1098
2 1 3 96072 0.1106
2 1 3 95957 0.1117
2 1 3 95937 0.1119
2 1 3 95402 0.1096
2 1 3 94919 0.1094
2 1 3 94605 0.1105
2 1 3 94605 0.1105
2 1 3 93817 0.1081
2 1 3 93457 0.1091
2 1 3 92994 0.1066
2 1 3 92004 0.1078
2 1 3 91923 0.1077
2 1 3 90939 0.1055
2 1 3 90835 0.1062
2 1 3 90743 0.1072
2 1 3 90431 0.09795
2 1 3 90204 0.1012
2 1 3 90195 0.103
2 1 3 90185 0.1028
2 1 3 90045 0.1025
2 1 3 90045 0.1014
2 1 3 90009 0.1009
2 1 3 89902 0.1024
2 1 3 89899 0.1066
2 1 3 89865 0.1008
2 1 3 89820 0.1015
2 1 3 89709 0.1057
2 1 3 89453 0.1008
2 1 3 89453 0.1007
2 1 3 89379 0.1055
2 1 3 88844 0.1047
2 1 3 88333 0.1041
2 1 3 88007 0.1007
2 1 3 87482 0.1012
2 1 3 87482 0.1011
2 1 3 86781 0.1025
2 1 3 86757 0.1002
2 1 3 86406 0.1007
2 1 3 86301 0.1004
2 1 3 86214 0.09967
2 1 3 85867 0.1015
2 1 3 85779 0.1009
2 1 3 85608 0.1011
2 1 3 85530 0.1001
2 1 3 85188 0.09707
2 1 3 84971 0.1004
2 1 3 84958 0.1006
2 1 3 84936 0.1022
2 1 3 84529 0.09911
2 1 3 84258 0.09853
2 1 3 84254 0.09896
2 1 3 84246 0.09738
2 1 3 83779 0.09957
2 1 3 83741 0.09972
2 1 3 83271 0.09892
2 1 3 82812 0.09952
2 1 3 82773 0.09764
2 1 3 82447 0.09768
2 1 3 82251 0.09441
2 1 3 81888 0.09688
2 1 3 81543 0.09909
2 1 3 81500 0.09753
2 1 3 81176 0.09511
2 1 3 81085 0.09517
2 1 3 79862 0.09549
2 1 3 79742 0.09443
2 1 3 79734 0.09475
2 1 3 79184 0.09438
2 1 3 78678 0.09466
2 1 3 78542 0.09118
2 1 3 78210 0.09315
2 1 3 77025 0.09323
2 1 3 77025 0.09359
2 1 3 76367 0.09172
2 1 3 75093 0.08849
2 1 3 73365 0.08962
2 1 3 73188 0.09002
2 1 3 72622 0.08754
2 1 3 68893 0.08247
2 1 3 56958 0.06984
2 1 3 56945 0.07304
2 1 3 56939 0.07129
2 1 3 56804 0.07043
2 1 3 56725 0.07312
2 1 3 56671 0.06688
2 1 3 56669 0.07198
2 1 3 56591 0.06969
2 1 3 56588 0.06955
2 1 3 56535 0.06835
2 1 3 56530 0.07114
2 1 3 56493 0.0707
2 1 3 56402 0.0688
2 1 3 56340 0.06829
2 1 3 56134 0.06998
2 1 3 55989 0.06895
2 1 3 55208 0.07026
2 1 3 55175 0.07064
2 1 3 55101 0.06985
2 1 3 54738 0.06789
2 1 3 54622 0.06807
2 1 3 54530 0.06853
2 1 3 54050 0.06919
2 1 3 53749 0.06898
2 1 3 53690 0.06959
2 1 3 53417 0.06627
2 1 3 53307 0.06883
2 1 3 53234 0.06651
2 1 3 53202 0.06867
2 1 3 53029 0.06855
2 1 3 52825 0.06651
2 1 3 52519 0.06686
2 1 3 52245 0.06905
2 1 3 52104 0.06675
2 1 3 51953 0.06662
2 1 3 51887 0.06302
2 1 3 51875 0.06626
2 1 3 51822 0.06744
2 1 3 51542 0.06585
2 1 3 51542 0.06545
2 1 3 51130 0.06465
2 1 3 51130 0.0651
2 1 3 50388 0.06411
2 1 3 50240 0.06284
2 1 3 49881 0.06446
2 1 3 49078 0.06179
2 1 3 48857 0.06248
2 1 3 48297 0.06055
2 1 3 47569 0.06222
2 1 3 44026 0.0573
2 1 3 38402 0.04706
2 1 3 38395 0.04876
2 1 3 38395 0.04899
2 1 3 38381 0.04938
2 1 3 38379 0.04967
2 1 3 38330 0.04628
2 1 3 38320 0.04759
2 1 3 38304 0.04704
2 1 3 38298 0.04713
2 1 3 38251 0.04748
2 1 3 38237 0.04559
2 1 3 38205 0.04763
2 1 3 38201 0.04644
2 1 3 38187 0.04598
2 1 3 38187 0.04586
2 1 3 38133 0.04659
2 1 3 38125 0.04577
2 1 3 38115 0.04601
2 1 3 38115 0.04583
2 1 3 38014 0.04901
2 1 3 38001 0.04636
2 1 3 37937 0.0476
2 1 3 37908 0.04769
2 1 3 37784 0.04468
2 1 3 37719 0.04764
2 1 3 37399 0.04897
2 1 3 37321 0.04562
2 1 3 37279 0.04667
2 1 3 37254 0.04387
2 1 3 37242 0.0466
2 1 3 36921 0.04684
2 1 3 36783 0.04429
2 1 3 36782 0.046
2 1 3 36768 0.04708
2 1 3 36736 0.04574
2 1 3 36442 0.04565
2 1 3 36155 0.04654
2 1 3 35852 0.04578
2 1 3 35735 0.04525
2 1 3 35688 0.04526
2 1 3 35662 0.04488
2 1 3 35659 0.04654
2 1 3 35262 0.04545
2 1 3 35228 0.04571
2 1 3 35196 0.0461
2 1 3 34989 0.04592
2 1 3 34623 0.04191
2 1 3 34013 0.04294
2 1 3 32983 0.04022
2 1 3 32784 0.03935
2 1 3 26720 0.03051
2 1 3 26719 0.03198
2 1 3 26716 0.03064
2 1 3 26702 0.03117
2 1 3 26693 0.032
2 1 3 26684 0.02969
2 1 3 26681 0.03057
2 1 3 26672 0.02943
2 1 3 26671 0.02878
2 1 3 26657 0.0301
2 1 3 26657 0.03007
2 1 3 26629 0.03005
2 1 3 26628 0.03023
2 1 3 26621 0.0284
2 1 3 26621 0.02847
2 1 3 26617 0.02898
2 1 3 26606 0.02909
2 1 3 26565 0.02975
2 1 3 26494 0.02887
2 1 3 26422 0.02827
2 1 3 26403 0.03068
2 1 3 26350 0.03052
2 1 3 26320 0.02877
2 1 3 26195 0.02901
2 1 3 26114 0.03075
2 1 3 26100 0.02771
2 1 3 25868 0.02928
2 1 3 25826 0.03005
2 1 3 25751 0.02927
2 1 3 25747 0.03063
2 1 3 25616 0.02945
2 1 3 25564 0.02996
2 1 3 25528 0.03032
2 1 3 25481 0.03093
2 1 3 25478 0.02848
2 1 3 25290 0.02777
2 1 3 25218 0.02908
2 1 3 25178 0.02934
2 1 3 25162 0.02875
2 1 3 25144 0.02849
2 1 3 25039 0.02849
2 1 3 25028 0.02969
2 1 3 24949 0.0292
2 1 3 24949 0.02912
2 1 3 24643 0.0296
2 1 3 24509 0.02804
2 1 3 24499 0.02937
2 1 3 24222 0.0285
2 1 3 24134 0.02822
2 1 3 23991 0.0281
2 1 3 15613 0.01941
2 1 3 15610 0.01976
2 1 3 15606 0.01905
2 1 3 15604 0.01943
2 1 3 15601 0.01838
2 1 3 15596 0.01826
2 1 3 15592 0.0189
2 1 3 15591 0.01804
2 1 3 15590 0.0181
2 1 3 15582 0.01788
2 1 3 15580 0.01843
2 1 3 15579 0.01775
2 1 3 15577 0.01799
2 1 3 15577 0.01807
2 1 3 15572 0.01776
2 1 3 15569 0.0184
2 1 3 15567 0.01776
2 1 3 15535 0.01769
2 1 3 15527 0.01861
2 1 3 15526 0.01844
2 1 3 15487 0.01928
2 1 3 15483 0.01804
2 1 3 15442 0.01911
2 1 3 15393 0.01818
2 1 3 15390 0.01841
2 1 3 15370 0.01821
2 1 3 15351 0.0186
2 1 3 15346 0.01718
2 1 3 15341 0.01762
2 1 3 15308 0.01898
2 1 3 15286 0.01832
2 1 3 15281 0.01856
2 1 3 15244 0.01953
2 1 3 15244 0.0196
2 1 3 15228 0.01876
2 1 3 15221 0.01816
2 1 3 15199 0.01894
2 1 3 15173 0.01841
2 1 3 15172 0.01821
2 1 3 15161 0.0197
2 1 3 15144 0.01941
2 1 3 15131 0.01882
2 1 3 15117 0.01832
2 1 3 15049 0.01845
2 1 3 15032 0.01875
2 1 3 15031 0.0184
2 1 3 15017 0.01872
2 1 3 14804 0.01743
2 1 3 14726 0.01771
2 1 3 14630 0.01759
2 1 3 10270 0.01341
2 1 3 10270 0.01394
2 1 3 10268 0.01395
2 1 3 10267 0.01327
2 1 3 10267 0.01322
2 1 3 10266 0.01323
2 1 3 10266 0.01318
2 1 3 10264 0.01317
2 1 3 10262 0.01356
2 1 3 10262 0.01407
2 1 3 10261 0.0131
2 1 3 10260 0.01389
2 1 3 10257 0.01316
2 1 3 10255 0.0131
2 1 3 10252 0.01364
2 1 3 10252 0.01266
2 1 3 10248 0.01303
2 1 3 10248 0.01302
2 1 3 10245 0.01268
2 1 3 10244 0.01313
2 1 3 10205 0.01335
2 1 3 10190 0.0127
2 1 3 10152 0.01328
2 1 3 10150 0.01307
2 1 3 10147 0.01287
2 1 3 10135 0.01264
2 1 3 10134 0.01315
2 1 3 10133 0.01334
2 1 3 10130 0.01297
2 1 3 10119 0.01314
2 1 3 10112 0.01374
2 1 3 10089 0.01275
2 1 3 10081 0.01214
2 1 3 10070 0.01306
2 1 3 10065 0.01327
2 1 3 10049 0.01311
2 1 3 10048 0.01338
2 1 3 10047 0.01294
2 1 3 10046 0.01274
2 1 3 10020 0.01314
2 1 3 10015 0.01307
2 1 3 10011 0.01287
2 1 3 9981 0.01308
2 1 3 9981 0.01303
2 1 3 9961 0.01281
2 1 3 9952 0.01235
2 1 3 9934 0.01303
2 1 3 9913 0.01318
2 1 3 9883 0.01271
2 1 3 9760 0.01313
2 1 4 144371 0.2062
2 1 4 144371 0.2058
2 1 4 142001 0.2005
2 1 4 142001 0.1998
2 1 4 140116 0.2078
2 1 4 139844 0.2041
2 1 4 139699 0.21
2 1 4 139604 0.2112
2 1 4 139550 0.1998
2 1 4 139283 0.2033
2 1 4 139024 0.2055
2 1 4 138142 0.2016
2 1 4 137865 0.1954
2 1 4 137638 0.1949
2 1 4 137385 0.1981
2 1 4 136868 0.1979
2 1 4 136797 0.197
2 1 4 136679 0.1912
2 1 4 136532 0.1973
2 1 4 135256 0.1995
2 1 4 134397 0.1922
2 1 4 133020 0.1971
2 1 4 131850 0.1985
2 1 4 127247 0.1977
2 1 4 126617 0.1977
2 1 4 126063 0.193
2 1 4 124716 0.2
2 1 4 124172 0.1861
2 1 4 122502 0.1336
2 1 4 119067 0.131
2 1 4 118365 0.1269
2 1 4 117913 0.1278
2 1 4 117628 0.1287
2 1 4 117547 0.13
2 1 4 116367 0.1245
2 1 4 116203 0.1276
2 1 4 116059 0.1251
2 1 4 115980 0.1287
2 1 4 115766 0.1239
2 1 4 115540 0.1237
2 1 4 115381 0.1263
2 1 4 114694 0.1243
2 1 4 114401 0.128
2 1 4 114244 0.1277
2 1 4 114054 0.1237
2 1 4 113349 0.1241
2 1 4 113177 0.1253
2 1 4 111881 0.1265
2 1 4 111786 0.1254
2 1 4 110944 0.1222
2 1 4 110936 0.1219
2 1 4 110817 0.1199
2 1 4 110539 0.1207
2 1 4 110442 0.1212
2 1 4 110403 0.1214
2 1 4 109138 0.1208
2 1 4 108919 0.1244
2 1 4 108728 0.1217
2 1 4 107819 0.1162
2 1 4 107775 0.1153
2 1 4 107597 0.117
2 1 4 107475 0.12
2 1 4 107410 0.1195
2 1 4 106277 0.1199
2 1 4 105905 0.1201
2 1 4 105057 0.1162
2 1 4 104803 0.1199
2 1 4 104803 0.1204
2 1 4 104008 0.1185
2 1 4 104008 0.119
2 1 4 102591 0.1103
2 1 4 102466 0.1186
2 1 4 101977 0.1154
2 1 4 101822 0.1149
2 1 4 100316 0.1131
2 1 4 100042 0.1147
2 1 4 99981 0.1144
2 1 4 99205 0.1093
2 1 4 99038 0.11
2 1 4 98895 0.111
2 1 4 98823 0.1117
2 1 4 98681 0.1118
2 1 4 98504 0.113
2 1 4 98340 0.1097
2 1 4 98340 0.1096
2 1 4 97762 0.1118
2 1 4 97606 0.1137
2 1 4 97206 0.1112
2 1 4 97092 0.1108
2 1 4 96876 0.1096
2 1 4 96484 0.1139
2 1 4 96424 0.1091
2 1 4 96118 0.1119
2 1 4 96118 0.1119
2 1 4 95665 0.1085
2 1 4 95580 0.1087
2 1 4 95401 0.1103
2 1 4 95380 0.107
2 1 4 95374 0.1086
2 1 4 94767 0.1086
2 1 4 94434 0.1101
2 1 4 94122 0.1054
2 1 4 93956 0.1071
2 1 4 93869 0.1084
2 1 4 93287 0.1066
2 1 4 92969 0.1054
2 1 4 92961 0.1073
2 1 4 92926 0.1047
2 1 4 92427 0.1072
2 1 4 92310 0.1063
2 1 4 92287 0.1018
2 1 4 91821 0.1049
2 1 4 91498 0.1052
2 1 4 90588 0.1045
2 1 4 90216 0.1032
2 1 4 90180 0.1027
2 1 4 90102 0.1042
2 1 4 89865 0.104
2 1 4 89225 0.1062
2 1 4 89063 0.1042
2 1 4 88998 0.1042
2 1 4 87764 0.1038
2 1 4 87697 0.1032
2 1 4 87579 0.1019
2 1 4 87306 0.1037
2 1 4 86927 0.1002
2 1 4 86748 0.09975
2 1 4 86508 0.1008
2 1 4 86072 0.1002
2 1 4 85988 0.102
2 1 4 85826 0.1017
2 1 4 85485 0.1007
2 1 4 85233 0.1025
2 1 4 85014 0.1003
2 1 4 84808 0.1001
2 1 4 84609 0.09835
2 1 4 84447 0.09553
2 1 4 84246 0.1004
2 1 4 83564 0.09719
2 1 4 82628 0.09965
2 1 4 82410 0.09873
2 1 4 82273 0.09874
2 1 4 80057 0.09672
2 1 4 80057 0.09647
2 1 4 79059 0.09684
2 1 4 78111 0.09011
2 1 4 77359 0.09197
2 1 4 76449 0.09196
2 1 4 74161 0.0906
2 1 4 74161 0.09064
2 1 4 60765 0.07829
2 1 4 60623 0.07442
2 1 4 60383 0.07196
2 1 4 60372 0.0731
2 1 4 60319 0.07257
2 1 4 60296 0.0736
2 1 4 60218 0.07239
2 1 4 60077 0.07184
2 1 4 59989 0.07384
2 1 4 59909 0.07429
2 1 4 59723 0.07553
2 1 4 59310 0.07429
2 1 4 58862 0.07656
2 1 4 58704 0.07639
2 1 4 58255 0.07174
2 1 4 58012 0.0717
2 1 4 57974 0.07135
2 1 4 57282 0.0736
2 1 4 57159 0.07296
2 1 4 57155 0.07072
2 1 4 56479 0.06678
2 1 4 56278 0.06974
2 1 4 55783 0.0713
2 1 4 55697 0.07065
2 1 4 55487 0.06898
2 1 4 55480 0.06968
2 1 4 55366 0.06698
2 1 4 55326 0.06774
2 1 4 54804 0.06706
2 1 4 54724 0.06906
2 1 4 54703 0.06949
2 1 4 54171 0.06933
2 1 4 54162 0.06591
2 1 4 53909 0.07018
2 1 4 53498 0.0699
2 1 4 53263 0.06798
2 1 4 53226 0.06863
2 1 4 52621 0.06708
2 1 4 51928 0.06642
2 1 4 51928 0.06618
2 1 4 51362 0.06444
2 1 4 51362 0.06493
2 1 4 51122 0.06741
2 1 4 51117 0.06596
2 1 4 50208 0.06354
2 1 4 50208 0.06384
2 1 4 49318 0.06303
2 1 4 48767 0.05961
2 1 4 45647 0.05823
2 1 4 45647 0.05841
2 1 4 40183 0.05106
2 1 4 40149 0.04991
2 1 4 40089 0.04984
2 1 4 40035 0.04854
2 1 4 40014 0.05033
2 1 4 40003 0.0476
2 1 4 39970 0.05075
2 1 4 39950 0.04932
2 1 4 39936 0.04972
2 1 4 39935 0.0476
2 1 4 39895 0.05171
2 1 4 39881 0.04958
2 1 4 39737 0.0487
2 1 4 39736 0.05025
2 1 4 39700 0.04855
2 1 4 39692 0.04878
2 1 4 39639 0.05025
2 1 4 39589 0.0499
2 1 4 39436 0.05158
2 1 4 39306 0.05074
2 1 4 39104 0.04856
2 1 4 39036 0.04808
2 1 4 38944 0.0466
2 1 4 38816 0.04821
2 1 4 38664 0.04904
2 1 4 38647 0.05012
2 1 4 38381 0.04918
2 1 4 38367 0.04531
2 1 4 38235 0.04872
2 1 4 38078 0.04897
2 1 4 38020 0.04873
2 1 4 37867 0.04763
2 1 4 37502 0.04729
2 1 4 37448 0.05021
2 1 4 37353 0.0465
2 1 4 37079 0.04714
2 1 4 37038 0.04474
2 1 4 36947 0.04667
2 1 4 36929 0.04702
2 1 4 36928 0.04761
2 1 4 36651 0.04684
2 1 4 36543 0.04526
2 1 4 35846 0.04469
2 1 4 35613 0.04496
2 1 4 35584 0.04652
2 1 4 35056 0.04495
2 1 4 34708 0.04476
2 1 4 34120 0.04321
2 1 4 33346 0.0403
2 1 4 32226 0.03749
2 1 4 27619 0.03098
2 1 4 27614 0.03278
2 1 4 27584 0.03064
2 1 4 27570 0.03213
2 1 4 27565 0.03076
2 1 4 27558 0.03107
2 1 4 27542 0.02966
2 1 4 27537 0.03199
2 1 4 27521 0.02947
2 1 4 27515 0.02971
2 1 4 27495 0.02987
2 1 4 27492 0.02977
2 1 4 27470 0.03013
2 1 4 27468 0.02944
2 1 4 27362 0.02837
2 1 4 27290 0.03073
2 1 4 27214 0.0307
2 1 4 27201 0.03054
2 1 4 27045 0.03158
2 1 4 26988 0.03072
2 1 4 26909 0.02928
2 1 4 26722 0.0302
2 1 4 26686 0.03084
2 1 4 26621 0.03086
2 1 4 26533 0.02713
2 1 4 26389 0.02782
2 1 4 26345 0.02932
2 1 4 26338 0.03029
2 1 4 26337 0.02835
2 1 4 26196 0.02918
2 1 4 26188 0.02969
2 1 4 26143 0.02984
2 1 4 26072 0.02814
2 1 4 26009 0.02965
2 1 4 25898 0.02997
2 1 4 25877 0.02917
2 1 4 25812 0.03025
2 1 4 25793 0.0302
2 1 4 25774 0.02905
2 1 4 25570 0.0282
2 1 4 25506 0.02917
2 1 4 25506 0.02965
2 1 4 25352 0.02874
2 1 4 25313 0.02951
2 1 4 25232 0.0296
2 1 4 25176 0.02946
2 1 4 24996 0.02882
2 1 4 24300 0.02795
2 1 4 24045 0.02793
2 1 4 23911 0.02827
2 1 4 15920 0.01963
2 1 4 15909 0.019
2 1 4 15907 0.01947
2 1 4 15903 0.01945
2 1 4 15896 0.01945
2 1 4 15893 0.01906
2 1 4 15888 0.01866
2 1 4 15884 0.01818
2 1 4 15883 0.01822
2 1 4 15874 0.01937
2 1 4 15872 0.01934
2 1 4 15849 0.01888
2 1 4 15845 0.01814
2 1 4 15829 0.01856
2 1 4 15808 0.0191
2 1 4 15772 0.02003
2 1 4 15746 0.01834
2 1 4 15699 0.01866
2 1 4 15652 0.01851
2 1 4 15644 0.01876
2 1 4 15632 0.01988
2 1 4 15615 0.01846
2 1 4 15598 0.01946
2 1 4 15551 0.01848
2 1 4 15541 0.0187
2 1 4 15533 0.0189
2 1 4 15523 0.01783
2 1 4 15512 0.01864
2 1 4 15502 0.01868
2 1 4 15480 0.01906
2 1 4 15480 0.01989
2 1 4 15471 0.0196
2 1 4 15455 0.0192
2 1 4 15421 0.01867
2 1 4 15412 0.01949
2 1 4 15411 0.01877
2 1 4 15379 0.01808
2 1 4 15379 0.01797
2 1 4 15292 0.01895
2 1 4 15291 0.01935
2 1 4 15259 0.01888
2 1 4 15259 0.01892
2 1 4 15199 0.01912
2 1 4 15199 0.01903
2 1 4 15125 0.01772
2 1 4 15114 0.01908
2 1 4 15073 0.01904
2 1 4 15071 0.01864
2 1 4 14794 0.01833
2 1 4 14779 0.01859
2 1 4 10410 0.01334
2 1 4 10407 0.01389
2 1 4 10403 0.01342
2 1 4 10399 0.01296
2 1 4 10399 0.01233
2 1 4 10397 0.01402
2 1 4 10396 0.01365
2 1 4 10395 0.01347
2 1 4 10392 0.01318
2 1 4 10391 0.01357
2 1 4 10389 0.01313
2 1 4 10384 0.01292
2 1 4 10380 0.01297
2 1 4 10377 0.01343
2 1 4 10375 0.01327
2 1 4 10334 0.01386
2 1 4 10306 0.0139
2 1 4 10293 0.01388
2 1 4 10280 0.01384
2 1 4 10276 0.01374
2 1 4 10265 0.01285
2 1 4 10256 0.01267
2 1 4 10255 0.01357
2 1 4 10231 0.01273
2 1 4 10213 0.01342
2 1 4 10205 0.01333
2 1 4 10202 0.01302
2 1 4 10202 0.01269
2 1 4 10164 0.01345
2 1 4 10157 0.01377
2 1 4 10146 0.01359
2 1 4 10145 0.01311
2 1 4 10141 0.01308
2 1 4 10121 0.01276
2 1 4 10119 0.01308
2 1 4 10115 0.01285
2 1 4 10099 0.01349
2 1 4 10063 0.01313
2 1 4 10062 0.01298
2 1 4 10037 0.01359
2 1 4 10030 0.01309
2 1 4 10021 0.0129
2 1 4 10012 0.01215
2 1 4 10009 0.01295
2 1 4 9982 0.01292
2 1 4 9954 0.01297
2 1 4 9943 0.01266
2 1 4 9909 0.013
2 1 4 9908 0.01348
2 1 4 9721 0.01291
2 1 5 161730 0.2103
2 1 5 161730 0.2091
2 1 5 159171 0.2057
2 1 5 158067 0.2009
2 1 5 157660 0.2105
2 1 5 157323 0.2023
2 1 5 156509 0.2058
2 1 5 155505 0.2032
2 1 5 155103 0.1915
2 1 5 154962 0.2072
2 1 5 153656 0.2042
2 1 5 153242 0.2125
2 1 5 152954 0.197
2 1 5 152547 0.2073
2 1 5 152046 0.2115
2 1 5 150246 0.2008
2 1 5 149994 0.2168
2 1 5 149080 0.197
2 1 5 148152 0.2052
2 1 5 146405 0.2071
2 1 5 143786 0.2098
2 1 5 142314 0.1968
2 1 5 142269 0.2104
2 1 5 137771 0.2026
2 1 5 137032 0.2021
2 1 5 136096 0.1965
2 1 5 131430 0.1954
2 1 5 129303 0.1947
2 1 5 128112 0.1878
2 1 5 127997 0.1993
2 1 5 127855 0.191
2 1 5 127492 0.1868
2 1 5 126653 0.1855
2 1 5 125661 0.1908
2 1 5 125504 0.1843
2 1 5 124979 0.1891
2 1 5 124739 0.1907
2 1 5 123657 0.1957
2 1 5 123193 0.1856
2 1 5 122739 0.1317
2 1 5 122329 0.1271
2 1 5 122174 0.1325
2 1 5 121682 0.1328
2 1 5 121030 0.1299
2 1 5 120832 0.1323
2 1 5 120588 0.1288
2 1 5 120487 0.1286
2 1 5 119343 0.1265
2 1 5 119203 0.1262
2 1 5 118669 0.1329
2 1 5 118375 0.1327
2 1 5 118278 0.1316
2 1 5 118177 0.1255
2 1 5 117370 0.1284
2 1 5 117215 0.1223
2 1 5 117047 0.1273
2 1 5 116918 0.1275
2 1 5 115920 0.127
2 1 5 115223 0.1283
2 1 5 115132 0.1219
2 1 5 114160 0.1234
2 1 5 114160 0.1228
2 1 5 114033 0.1241
2 1 5 113978 0.1248
2 1 5 113587 0.1215
2 1 5 111521 0.125
2 1 5 111356 0.123
2 1 5 109950 0.122
2 1 5 109496 0.1213
2 1 5 108617 0.1157
2 1 5 108543 0.1108
2 1 5 108174 0.1163
2 1 5 108073 0.1171
2 1 5 107283 0.1174
2 1 5 107126 0.1208
2 1 5 106960 0.1195
2 1 5 106923 0.1188
2 1 5 105854 0.1142
2 1 5 105747 0.1185
2 1 5 105708 0.1188
2 1 5 105589 0.1183
2 1 5 104711 0.1138
2 1 5 104138 0.1181
2 1 5 103768 0.1201
2 1 5 103639 0.1181
2 1 5 103524 0.1175
2 1 5 103365 0.1141
2 1 5 103363 0.116
2 1 5 103220 0.113
2 1 5 102162 0.1109
2 1 5 101867 0.1153
2 1 5 101687 0.112
2 1 5 101181 0.1128
2 1 5 101139 0.1128
2 1 5 100641 0.1119
2 1 5 100427 0.112
2 1 5 100399 0.1122
2 1 5 99845 0.1127
2 1 5 99251 0.1162
2 1 5 99138 0.1084
2 1 5 98979 0.11
2 1 5 98569 0.1101
2 1 5 98037 0.1133
2 1 5 97813 0.1137
2 1 5 97680 0.1112
2 1 5 97118 0.1105
2 1 5 96396 0.1084
2 1 5 96226 0.1091
2 1 5 95631 0.1082
2 1 5 95449 0.1075
2 1 5 95282 0.1101
2 1 5 94494 0.1091
2 1 5 94468 0.109
2 1 5 94077 0.1072
2 1 5 93849 0.1081
2 1 5 93849 0.1082
2 1 5 92958 0.1041
2 1 5 92958 0.1041
2 1 5 92721 0.1054
2 1 5 92573 0.1043
2 1 5 92447 0.0993
2 1 5 92277 0.1057
2 1 5 92224 0.1055
2 1 5 91470 0.1043
2 1 5 91341 0.1062
2 1 5 91297 0.107
2 1 5 89687 0.1049
2 1 5 89687 0.105
2 1 5 88317 0.1029
2 1 5 88088 0.1038
2 1 5 88069 0.1026
2 1 5 88044 0.09926
2 1 5 87168 0.1008
2 1 5 87168 0.09987
2 1 5 86490 0.1015
2 1 5 86394 0.09872
2 1 5 85976 0.09971
2 1 5 85579 0.1003
2 1 5 84709 0.1002
2 1 5 82785 0.09749
2 1 5 82730 0.09852
2 1 5 82361 0.09889
2 1 5 80802 0.09599
2 1 5 80463 0.09486
2 1 5 80050 0.09452
2 1 5 79947 0.09642
2 1 5 76028 0.09132
2 1 5 76028 0.09171
2 1 5 72541 0.08794
2 1 5 71937 0.08841
2 1 5 64422 0.07556
2 1 5 64281 0.07853
2 1 5 64178 0.07705
2 1 5 64104 0.07605
2 1 5 63986 0.0753
2 1 5 63869 0.07498
2 1 5 63524 0.07914
2 1 5 63455 0.07291
2 1 5 62188 0.07335
2 1 5 61889 0.07616
2 1 5 61604 0.07457
2 1 5 61584 0.07532
2 1 5 60560 0.07652
2 1 5 60513 0.078
2 1 5 60314 0.07462
2 1 5 60086 0.07463
2 1 5 59985 0.07691
2 1 5 59262 0.07626
2 1 5 59245 0.07377
2 1 5 59213 0.07558
2 1 5 59170 0.07325
2 1 5 58856 0.07359
2 1 5 58367 0.07106
2 1 5 57657 0.07059
2 1 5 57571 0.06984
2 1 5 56886 0.06884
2 1 5 56716 0.06835
2 1 5 56438 0.07082
2 1 5 56430 0.07025
2 1 5 56280 0.07078
2 1 5 56063 0.06758
2 1 5 55943 0.06934
2 1 5 55374 0.0701
2 1 5 54678 0.07031
2 1 5 54385 0.07007
2 1 5 53131 0.06901
2 1 5 53119 0.06766
2 1 5 53101 0.0667
2 1 5 52820 0.06647
2 1 5 52458 0.06497
2 1 5 52371 0.06488
2 1 5 52288 0.06691
2 1 5 51895 0.06708
2 1 5 51675 0.06529
2 1 5 51078 0.06649
2 1 5 49011 0.06255
2 1 5 48637 0.06217
2 1 5 48532 0.06208
2 1 5 47009 0.06197
2 1 5 42420 0.05524
2 1 5 42102 0.05393
2 1 5 42050 0.0552
2 1 5 42045 0.05401
2 1 5 41875 0.05051
2 1 5 41813 0.04918
2 1 5 41752 0.05145
2 1 5 41742 0.05068
2 1 5 41710 0.04909
2 1 5 41706 0.05137
2 1 5 41625 0.05176
2 1 5 41553 0.05029
2 1 5 41510 0.04842
2 1 5 41509 0.05095
2 1 5 41467 0.0511
2 1 5 41467 0.05139
2 1 5 41421 0.05211
2 1 5 41354 0.05002
2 1 5 41027 0.05026
2 1 5 40849 0.04854
2 1 5 40834 0.05041
2 1 5 40628 0.04771
2 1 5 40422 0.04863
2 1 5 40392 0.04923
2 1 5 40320 0.04717
2 1 5 40038 0.04827
2 1 5 39650 0.05085
2 1 5 39648 0.04996
2 1 5 39278 0.05067
2 1 5 39174 0.04986
2 1 5 39148 0.05035
2 1 5 39006 0.04949
2 1 5 38832 0.04757
2 1 5 38762 0.04738
2 1 5 38435 0.04774
2 1 5 38370 0.04843
2 1 5 38245 0.04881
2 1 5 37548 0.04601
2 1 5 37269 0.04668
2 1 5 36967 0.04667
2 1 5 36815 0.04626
2 1 5 36795 0.04451
2 1 5 36339 0.04467
2 1 5 36295 0.04613
2 1 5 35989 0.04614
2 1 5 35449 0.04508
2 1 5 35397 0.04417
2 1 5 34914 0.04435
2 1 5 34914 0.04445
2 1 5 33871 0.04178
2 1 5 33759 0.04198
2 1 5 28499 0.0314
2 1 5 28459 0.02955
2 1 5 28435 0.03158
2 1 5 28432 0.03015
2 1 5 28430 0.03073
2 1 5 28393 0.03196
2 1 5 28372 0.0302
2 1 5 28365 0.02917
2 1 5 28343 0.03011
2 1 5 28343 0.03027
2 1 5 28221 0.03014
2 1 5 28221 0.03011
2 1 5 28006 0.03078
2 1 5 27965 0.03001
2 1 5 27799 0.03166
2 1 5 27623 0.03259
2 1 5 27590 0.03217
2 1 5 27437 0.02965
2 1 5 27291 0.031
2 1 5 27291 0.03116
2 1 5 27276 0.02806
2 1 5 27235 0.02873
2 1 5 27213 0.02978
2 1 5 27205 0.03044
2 1 5 27137 0.03145
2 1 5 27075 0.03226
2 1 5 26989 0.03117
2 1 5 26921 0.03139
2 1 5 26905 0.03066
2 1 5 26800 0.03115
2 1 5 26773 0.03092
2 1 5 26767 0.03157
2 1 5 26648 0.03061
2 1 5 26579 0.03102
2 1 5 26376 0.02981
2 1 5 26368 0.02939
2 1 5 26351 0.02918
2 1 5 26190 0.02872
2 1 5 25944 0.03005
2 1 5 25682 0.02849
2 1 5 25642 0.02965
2 1 5 25503 0.02915
2 1 5 25370 0.02898
2 1 5 25345 0.03001
2 1 5 24987 0.02851
2 1 5 24956 0.03011
2 1 5 24756 0.02925
2 1 5 24756 0.02916
2 1 5 24010 0.02843
2 1 5 23470 0.02879
2 1 5 16238 0.01936
2 1 5 16226 0.01828
2 1 5 16225 0.01829
2 1 5 16210 0.01992
2 1 5 16202 0.01787
2 1 5 16188 0.01883
2 1 5 16185 0.01825
2 1 5 16167 0.01838
2 1 5 16162 0.01879
2 1 5 16149 0.0183
2 1 5 16147 0.01784
2 1 5 16114 0.01842
2 1 5 16093 0.01925
2 1 5 16016 0.01967
2 1 5 15993 0.01936
2 1 5 15964 0.01794
2 1 5 15947 0.0196
2 1 5 15897 0.01994
2 1 5 15854 0.01961
2 1 5 15850 0.01829
2 1 5 15823 0.01905
2 1 5 15822 0.01882
2 1 5 15821 0.02033
2 1 5 15798 0.01907
2 1 5 15795 0.01806
2 1 5 15749 0.01954
2 1 5 15746 0.01924
2 1 5 15745 0.01916
2 1 5 15720 0.01843
2 1 5 15720 0.01857
2 1 5 15686 0.01931
2 1 5 15686 0.0194
2 1 5 15679 0.01822
2 1 5 15596 0.01943
2 1 5 15586 0.0181
2 1 5 15509 0.01905
2 1 5 15436 0.01868
2 1 5 15417 0.01924
2 1 5 15411 0.01891
2 1 5 15226 0.01874
2 1 5 15185 0.01826
2 1 5 15103 0.01845
2 1 5 15093 0.01903
2 1 5 15080 0.01863
2 1 5 14991 0.01807
2 1 5 14956 0.01889
2 1 5 14951 0.01798
2 1 5 14848 0.01828
2 1 5 14826 0.01739
2 1 5 14693 0.01795
2 1 5 10544 0.0137
2 1 5 10536 0.01274
2 1 5 10530 0.0131
2 1 5 10529 0.01344
2 1 5 10527 0.01275
2 1 5 10526 0.01355
2 1 5 10525 0.01291
2 1 5 10514 0.01265
2 1 5 10508 0.01219
2 1 5 10501 0.01316
2 1 5 10495 0.01367
2 1 5 10460 0.01308
2 1 5 10439 0.01636
2 1 5 10408 0.01378
2 1 5 10404 0.01304
2 1 5 10398 0.01344
2 1 5 10394 0.01342
2 1 5 10374 0.01418
2 1 5 10372 0.014
2 1 5 10364 0.01373
2 1 5 10344 0.01356
2 1 5 10335 0.0127
2 1 5 10317 0.01436
2 1 5 10317 0.01437
2 1 5 10306 0.01379
2 1 5 10288 0.01397
2 1 5 10262 0.01376
2 1 5 10252 0.01342
2 1 5 10219 0.01239
2 1 5 10192 0.01268
2 1 5 10185 0.01284
2 1 5 10161 0.01384
2 1 5 10152 0.01332
2 1 5 10138 0.01248
2 1 5 10122 0.01388
2 1 5 10122 0.01392
2 1 5 10115 0.0128
2 1 5 10115 0.01279
2 1 5 10109 0.01365
2 1 5 10109 0.01367
2 1 5 10094 0.01292
2 1 5 10094 0.01309
2 1 5 9991 0.01332
2 1 5 9991 0.01342
2 1 5 9951 0.01288
2 1 5 9948 0.013
2 1 5 9912 0.01321
2 1 5 9900 0.01319
2 1 5 9860 0.01296
2 1 5 9707 0.01295
