8 6 1 100000 0.1095
8 6 1 100000 0.1103
8 6 1 100000 0.106
8 6 1 100000 0.101
8 6 1 100000 0.1041
8 6 1 100000 0.1015
8 6 1 100000 0.1049
8 6 1 100000 0.1033
8 6 1 100000 0.1041
8 6 1 100000 0.106
8 6 1 100000 0.1053
8 6 1 100000 0.1067
8 6 1 100000 0.1086
8 6 1 85000 0.09272
8 6 1 85000 0.0924
8 6 1 85000 0.0916
8 6 1 85000 0.09248
8 6 1 85000 0.09128
8 6 1 85000 0.0939
8 6 1 85000 0.09209
8 6 1 85000 0.09037
8 6 1 85000 0.0924
8 6 1 85000 0.09169
8 6 1 85000 0.09037
8 6 1 85000 0.09548
8 6 1 75000 0.08176
8 6 1 75000 0.08171
8 6 1 75000 0.09254
8 6 1 75000 0.0925
8 6 1 75000 0.09421
8 6 1 75000 0.09634
8 6 1 75000 0.09338
8 6 1 75000 0.09619
8 6 1 75000 0.09522
8 6 1 75000 0.08545
8 6 1 75000 0.08402
8 6 1 75000 0.08365
8 6 1 50000 0.05906
8 6 1 50000 0.05956
8 6 1 50000 0.06095
8 6 1 50000 0.05993
8 6 1 50000 0.05891
8 6 1 50000 0.06094
8 6 1 50000 0.05795
8 6 1 50000 0.05963
8 6 1 50000 0.0604
8 6 1 50000 0.06147
8 6 1 50000 0.06271
8 6 1 50000 0.06163
8 6 1 50000 0.06174
8 6 1 35000 0.04222
8 6 1 35000 0.03992
8 6 1 35000 0.04234
8 6 1 35000 0.04119
8 6 1 35000 0.04276
8 6 1 35000 0.04195
8 6 1 35000 0.04339
8 6 1 35000 0.04306
8 6 1 35000 0.04168
8 6 1 35000 0.04358
8 6 1 35000 0.04548
8 6 1 35000 0.04466
8 6 1 35000 0.04433
8 6 1 25000 0.02693
8 6 1 25000 0.0284
8 6 1 25000 0.02668
8 6 1 25000 0.02687
8 6 1 25000 0.0277
8 6 1 25000 0.02722
8 6 1 25000 0.02731
8 6 1 25000 0.02657
8 6 1 25000 0.02874
8 6 1 25000 0.02932
8 6 1 25000 0.02794
8 6 1 25000 0.02926
8 6 1 15000 0.01769
8 6 1 15000 0.01708
8 6 1 15000 0.01623
8 6 1 15000 0.01694
8 6 1 15000 0.01726
8 6 1 15000 0.01733
8 6 1 15000 0.01767
8 6 1 15000 0.01763
8 6 1 15000 0.01702
8 6 1 15000 0.0183
8 6 1 15000 0.01847
8 6 1 15000 0.01824
8 6 1 15000 0.01797
8 6 1 10000 0.01257
8 6 1 10000 0.01251
8 6 1 10000 0.01248
8 6 1 10000 0.01228
8 6 1 10000 0.01288
8 6 1 10000 0.01305
8 6 1 10000 0.01274
8 6 1 10000 0.01207
8 6 1 10000 0.01389
8 6 1 10000 0.01296
8 6 1 10000 0.01292
8 6 1 10000 0.01347
8 6 2 113497 0.1157
8 6 2 113086 0.1107
8 6 2 112935 0.114
8 6 2 112747 0.1132
8 6 2 112151 0.1153
8 6 2 112151 0.1148
8 6 2 111700 0.1121
8 6 2 110343 0.1102
8 6 2 110051 0.1114
8 6 2 108429 0.1114
8 6 2 107007 0.104
8 6 2 99057 0.1069
8 6 2 98504 0.1011
8 6 2 94441 0.1004
8 6 2 94340 0.0977
8 6 2 94275 0.09877
8 6 2 94050 0.09839
8 6 2 93651 0.09749
8 6 2 93420 0.09847
8 6 2 93218 0.0991
8 6 2 90706 0.09991
8 6 2 89818 0.09853
8 6 2 86734 0.09667
8 6 2 86065 0.09207
8 6 2 82561 0.09066
8 6 2 82466 0.08901
8 6 2 82377 0.08948
8 6 2 82325 0.09047
8 6 2 82192 0.08878
8 6 2 82088 0.08724
8 6 2 82046 0.08618
8 6 2 81893 0.08951
8 6 2 81513 0.08644
8 6 2 81095 0.08923
8 6 2 80071 0.0887
8 6 2 78237 0.08611
8 6 2 78229 0.08797
8 6 2 53384 0.06678
8 6 2 53381 0.06471
8 6 2 53357 0.06179
8 6 2 53338 0.06645
8 6 2 53309 0.0648
8 6 2 53266 0.06509
8 6 2 53254 0.0627
8 6 2 53228 0.06245
8 6 2 53169 0.06447
8 6 2 52855 0.06366
8 6 2 52374 0.06446
8 6 2 51213 0.06177
8 6 2 49706 0.06013
8 6 2 36662 0.04469
8 6 2 36645 0.04463
8 6 2 36621 0.04481
8 6 2 36607 0.04214
8 6 2 36590 0.04283
8 6 2 36578 0.0446
8 6 2 36568 0.04335
8 6 2 36554 0.04335
8 6 2 36546 0.04227
8 6 2 35800 0.04269
8 6 2 35224 0.04381
8 6 2 34400 0.04145
8 6 2 33784 0.03969
8 6 2 25843 0.03015
8 6 2 25836 0.02865
8 6 2 25824 0.02679
8 6 2 25815 0.0274
8 6 2 25814 0.02813
8 6 2 25807 0.02747
8 6 2 25790 0.0274
8 6 2 25774 0.02709
8 6 2 25740 0.0278
8 6 2 25547 0.0293
8 6 2 24920 0.02705
8 6 2 24422 0.02707
8 6 2 15304 0.01892
8 6 2 15302 0.01695
8 6 2 15301 0.01832
8 6 2 15298 0.01774
8 6 2 15296 0.01748
8 6 2 15294 0.01829
8 6 2 15291 0.01774
8 6 2 15285 0.01894
8 6 2 15275 0.01752
8 6 2 15265 0.01784
8 6 2 15165 0.01728
8 6 2 15027 0.01721
8 6 2 14708 0.01819
8 6 2 10135 0.01359
8 6 2 10134 0.0127
8 6 2 10134 0.01218
8 6 2 10133 0.01264
8 6 2 10132 0.01234
8 6 2 10131 0.01211
8 6 2 10130 0.01305
8 6 2 10129 0.0121
8 6 2 10128 0.01249
8 6 2 10125 0.0128
8 6 2 10042 0.01346
8 6 2 9919 0.01258
8 6 3 128621 0.1871
8 6 3 126919 0.1723
8 6 3 126591 0.1693
8 6 3 126176 0.1776
8 6 3 125958 0.1748
8 6 3 124111 0.1711
8 6 3 123486 0.1716
8 6 3 122914 0.1868
8 6 3 120928 0.1208
8 6 3 118271 0.115
8 6 3 114283 0.1173
8 6 3 107855 0.1087
8 6 3 104787 0.1085
8 6 3 104712 0.1057
8 6 3 104138 0.108
8 6 3 103857 0.1077
8 6 3 103246 0.1035
8 6 3 102525 0.1046
8 6 3 101035 0.1033
8 6 3 99214 0.1008
8 6 3 98498 0.104
8 6 3 96071 0.1012
8 6 3 94996 0.1002
8 6 3 91300 0.09766
8 6 3 90745 0.09423
8 6 3 90493 0.09569
8 6 3 90305 0.09608
8 6 3 90035 0.09634
8 6 3 89749 0.09341
8 6 3 89397 0.09748
8 6 3 88917 0.09294
8 6 3 88155 0.09593
8 6 3 87643 0.09083
8 6 3 86193 0.09405
8 6 3 85512 0.09005
8 6 3 84870 0.09056
8 6 3 78260 0.08535
8 6 3 77886 0.08827
8 6 3 56923 0.06856
8 6 3 56739 0.06534
8 6 3 56695 0.06336
8 6 3 56651 0.06559
8 6 3 56617 0.06519
8 6 3 56603 0.06643
8 6 3 56266 0.06582
8 6 3 55987 0.06461
8 6 3 54475 0.06628
8 6 3 53251 0.06651
8 6 3 51897 0.06369
8 6 3 46153 0.0578
8 6 3 38334 0.04626
8 6 3 38287 0.04383
8 6 3 38266 0.04386
8 6 3 38250 0.04255
8 6 3 38234 0.04451
8 6 3 38168 0.04411
8 6 3 38097 0.045
8 6 3 38028 0.045
8 6 3 37369 0.04298
8 6 3 37045 0.04661
8 6 3 36211 0.04264
8 6 3 34688 0.03975
8 6 3 26721 0.02944
8 6 3 26689 0.03141
8 6 3 26685 0.0283
8 6 3 26657 0.03104
8 6 3 26621 0.02826
8 6 3 26616 0.02851
8 6 3 26599 0.02874
8 6 3 26562 0.02654
8 6 3 26271 0.02875
8 6 3 26038 0.02928
8 6 3 25706 0.02923
8 6 3 25386 0.02844
8 6 3 25103 0.02745
8 6 3 15607 0.01795
8 6 3 15606 0.0189
8 6 3 15600 0.01731
8 6 3 15596 0.0177
8 6 3 15580 0.01796
8 6 3 15576 0.01754
8 6 3 15568 0.01915
8 6 3 15562 0.0171
8 6 3 15457 0.0179
8 6 3 15343 0.01733
8 6 3 15283 0.01739
8 6 3 15147 0.01699
8 6 3 10271 0.01315
8 6 3 10269 0.01251
8 6 3 10265 0.01269
8 6 3 10264 0.01334
8 6 3 10262 0.01319
8 6 3 10259 0.01263
8 6 3 10258 0.01263
8 6 3 10254 0.0139
8 6 3 10246 0.01357
8 6 3 10187 0.01243
8 6 3 10135 0.01342
8 6 3 10073 0.01221
8 6 3 9963 0.01289
8 6 4 144475 0.1915
8 6 4 141100 0.1815
8 6 4 139766 0.1867
8 6 4 138709 0.1844
8 6 4 138677 0.1781
8 6 4 136236 0.1825
8 6 4 136236 0.1822
8 6 4 135284 0.1801
8 6 4 131146 0.1718
8 6 4 128315 0.1805
8 6 4 125307 0.1753
8 6 4 117762 0.1212
8 6 4 116239 0.1143
8 6 4 115467 0.1152
8 6 4 114950 0.1134
8 6 4 114471 0.1127
8 6 4 112036 0.1115
8 6 4 110567 0.1108
8 6 4 108353 0.1118
8 6 4 107310 0.1124
8 6 4 106543 0.106
8 6 4 104513 0.1068
8 6 4 100160 0.1005
8 6 4 99151 0.101
8 6 4 98974 0.1023
8 6 4 98811 0.1048
8 6 4 98307 0.09967
8 6 4 97711 0.1039
8 6 4 97310 0.1019
8 6 4 96340 0.09867
8 6 4 95828 0.1021
8 6 4 93792 0.0978
8 6 4 93501 0.09502
8 6 4 91965 0.09706
8 6 4 88153 0.0968
8 6 4 85258 0.09256
8 6 4 82690 0.09094
8 6 4 80842 0.08842
8 6 4 60390 0.06916
8 6 4 60340 0.07149
8 6 4 60277 0.06962
8 6 4 59950 0.06814
8 6 4 59837 0.07418
8 6 4 59581 0.06925
8 6 4 58876 0.06796
8 6 4 57889 0.06873
8 6 4 56620 0.06463
8 6 4 55868 0.0659
8 6 4 55286 0.06758
8 6 4 44133 0.05529
8 6 4 40093 0.04625
8 6 4 40065 0.04722
8 6 4 39995 0.04838
8 6 4 39956 0.04606
8 6 4 39899 0.04517
8 6 4 39839 0.04318
8 6 4 39755 0.04825
8 6 4 39226 0.04586
8 6 4 39023 0.04413
8 6 4 38382 0.04617
8 6 4 37718 0.04517
8 6 4 36141 0.04439
8 6 4 27608 0.03195
8 6 4 27587 0.0316
8 6 4 27573 0.0289
8 6 4 27541 0.0291
8 6 4 27486 0.03201
8 6 4 27472 0.02855
8 6 4 27416 0.02738
8 6 4 27200 0.03192
8 6 4 26967 0.02811
8 6 4 26798 0.02999
8 6 4 26320 0.02865
8 6 4 26020 0.02702
8 6 4 25596 0.0297
8 6 4 15915 0.01731
8 6 4 15912 0.01812
8 6 4 15907 0.01829
8 6 4 15892 0.01853
8 6 4 15880 0.01781
8 6 4 15875 0.01871
8 6 4 15855 0.01893
8 6 4 15741 0.01905
8 6 4 15595 0.0191
8 6 4 15456 0.0179
8 6 4 15444 0.0174
8 6 4 15373 0.01909
8 6 4 10408 0.01335
8 6 4 10404 0.01298
8 6 4 10398 0.01215
8 6 4 10394 0.01281
8 6 4 10392 0.01293
8 6 4 10392 0.01274
8 6 4 10385 0.01321
8 6 4 10365 0.0126
8 6 4 10314 0.01239
8 6 4 10277 0.01335
8 6 4 10253 0.01283
8 6 4 10184 0.01305
8 6 4 10039 0.0132
8 6 5 161635 0.1999
8 6 5 158582 0.1989
8 6 5 156896 0.1996
8 6 5 155427 0.1932
8 6 5 153500 0.2008
8 6 5 148688 0.1967
8 6 5 148241 0.1919
8 6 5 145857 0.1953
8 6 5 143688 0.1876
8 6 5 139835 0.1876
8 6 5 132072 0.1856
8 6 5 129661 0.1893
8 6 5 128359 0.1803
8 6 5 128108 0.1822
8 6 5 126438 0.1805
8 6 5 123750 0.1838
8 6 5 121283 0.1214
8 6 5 118966 0.1174
8 6 5 117640 0.1181
8 6 5 116139 0.119
8 6 5 111497 0.1108
8 6 5 110026 0.1111
8 6 5 108945 0.1111
8 6 5 108129 0.1103
8 6 5 107580 0.1096
8 6 5 107445 0.1098
8 6 5 106480 0.11
8 6 5 105475 0.1066
8 6 5 104784 0.1088
8 6 5 103280 0.1058
8 6 5 102390 0.103
8 6 5 102075 0.1097
8 6 5 97881 0.1023
8 6 5 97881 0.1016
8 6 5 91666 0.09783
8 6 5 88695 0.09515
8 6 5 88137 0.09655
8 6 5 76350 0.08646
8 6 5 64321 0.07113
8 6 5 64088 0.07151
8 6 5 63781 0.07177
8 6 5 63439 0.07158
8 6 5 62609 0.075
8 6 5 61867 0.07029
8 6 5 61262 0.07279
8 6 5 60142 0.07022
8 6 5 59283 0.07157
8 6 5 58784 0.06882
8 6 5 55786 0.06664
8 6 5 51823 0.06537
8 6 5 41902 0.05194
8 6 5 41785 0.05131
8 6 5 41715 0.04945
8 6 5 41691 0.0513
8 6 5 41587 0.05088
8 6 5 41535 0.04758
8 6 5 40782 0.04869
8 6 5 40604 0.04707
8 6 5 39872 0.04872
8 6 5 38963 0.04748
8 6 5 37773 0.04385
8 6 5 36309 0.04543
8 6 5 28536 0.03248
8 6 5 28479 0.03301
8 6 5 28418 0.03122
8 6 5 28382 0.03135
8 6 5 28348 0.03032
8 6 5 28300 0.0301
8 6 5 28034 0.0307
8 6 5 27822 0.0321
8 6 5 27698 0.03231
8 6 5 27123 0.03035
8 6 5 26730 0.03005
8 6 5 26421 0.02781
8 6 5 25844 0.02942
8 6 5 16222 0.01891
8 6 5 16203 0.01816
8 6 5 16192 0.019
8 6 5 16188 0.01928
8 6 5 16173 0.01872
8 6 5 16162 0.01786
8 6 5 16125 0.01936
8 6 5 16030 0.01987
8 6 5 15888 0.01812
8 6 5 15758 0.01854
8 6 5 15714 0.01777
8 6 5 15611 0.01951
8 6 5 15172 0.01884
8 6 5 10533 0.01328
8 6 5 10531 0.01248
8 6 5 10526 0.01358
8 6 5 10524 0.01325
8 6 5 10513 0.01365
8 6 5 10453 0.01397
8 6 5 10406 0.01379
8 6 5 10378 0.01469
8 6 5 10321 0.01297
8 6 5 10271 0.01289
8 6 5 10145 0.01422
8 6 5 10036 0.01404
