8 3 1 100000 0.1118
8 3 1 100000 0.1124
8 3 1 100000 0.1132
8 3 1 100000 0.1086
8 3 1 100000 0.08171
8 3 1 100000 0.08027
8 3 1 100000 0.0804
8 3 1 100000 0.07936
8 3 1 100000 0.07933
8 3 1 100000 0.07971
8 3 1 100000 0.07933
8 3 1 100000 0.0807
8 3 1 85000 0.06929
8 3 1 85000 0.07008
8 3 1 85000 0.0701
8 3 1 85000 0.06995
8 3 1 85000 0.07095
8 3 1 85000 0.06971
8 3 1 85000 0.07109
8 3 1 85000 0.07107
8 3 1 85000 0.07163
8 3 1 85000 0.07016
8 3 1 85000 0.07041
8 3 1 85000 0.07077
8 3 1 85000 0.07048
8 3 1 75000 0.06186
8 3 1 75000 0.0594
8 3 1 75000 0.05823
8 3 1 75000 0.05829
8 3 1 75000 0.05849
8 3 1 75000 0.05902
8 3 1 75000 0.05925
8 3 1 75000 0.05955
8 3 1 75000 0.05873
8 3 1 75000 0.05919
8 3 1 75000 0.0596
8 3 1 75000 0.05898
8 3 1 75000 0.05988
8 3 1 50000 0.0341
8 3 1 50000 0.0348
8 3 1 50000 0.03456
8 3 1 50000 0.03476
8 3 1 50000 0.03415
8 3 1 50000 0.03474
8 3 1 50000 0.0339
8 3 1 50000 0.03474
8 3 1 50000 0.03478
8 3 1 50000 0.03454
8 3 1 50000 0.03438
8 3 1 50000 0.03491
8 3 1 35000 0.02389
8 3 1 35000 0.02289
8 3 1 35000 0.02311
8 3 1 35000 0.02295
8 3 1 35000 0.02328
8 3 1 35000 0.02309
8 3 1 35000 0.02297
8 3 1 35000 0.02308
8 3 1 35000 0.02292
8 3 1 35000 0.02297
8 3 1 35000 0.02295
8 3 1 35000 0.02288
8 3 1 25000 0.01014
8 3 1 25000 0.01062
8 3 1 25000 0.01028
8 3 1 25000 0.01009
8 3 1 25000 0.01022
8 3 1 25000 0.01023
8 3 1 25000 0.01017
8 3 1 25000 0.01019
8 3 1 25000 0.01035
8 3 1 25000 0.0101
8 3 1 25000 0.01008
8 3 1 25000 0.01017
8 3 1 25000 0.01007
8 3 1 15000 0.006699
8 3 1 15000 0.006678
8 3 1 15000 0.006684
8 3 1 15000 0.006683
8 3 1 15000 0.006769
8 3 1 15000 0.006762
8 3 1 15000 0.006771
8 3 1 15000 0.006674
8 3 1 15000 0.00667
8 3 1 15000 0.00689
8 3 1 15000 0.006735
8 3 1 15000 0.006797
8 3 1 10000 0.005263
8 3 1 10000 0.005179
8 3 1 10000 0.005187
8 3 1 10000 0.005235
8 3 1 10000 0.005171
8 3 1 10000 0.00521
8 3 1 10000 0.005234
8 3 1 10000 0.005126
8 3 1 10000 0.005229
8 3 1 10000 0.005163
8 3 1 10000 0.00514
8 3 1 10000 0.005172
8 3 1 10000 0.005159
8 3 2 100000 0.08432
8 3 2 100000 0.08297
8 3 2 100000 0.08258
8 3 2 100000 0.08335
8 3 2 100000 0.08244
8 3 2 100000 0.08303
8 3 2 100000 0.08356
8 3 2 100000 0.08285
8 3 2 100000 0.08267
8 3 2 100000 0.08327
8 3 2 100000 0.08397
8 3 2 100000 0.08299
8 3 2 85000 0.07277
8 3 2 85000 0.09859
8 3 2 85000 0.09952
8 3 2 85000 0.1039
8 3 2 85000 0.09905
8 3 2 85000 0.09555
8 3 2 85000 0.09271
8 3 2 85000 0.09361
8 3 2 85000 0.0969
8 3 2 85000 0.09858
8 3 2 85000 0.09804
8 3 2 85000 0.09953
8 3 2 85000 0.09797
8 3 2 75000 0.06978
8 3 2 75000 0.05537
8 3 2 75000 0.0554
8 3 2 75000 0.05583
8 3 2 75000 0.05467
8 3 2 75000 0.05565
8 3 2 75000 0.05529
8 3 2 75000 0.05565
8 3 2 75000 0.0557
8 3 2 75000 0.05598
8 3 2 75000 0.05548
8 3 2 75000 0.05505
8 3 2 75000 0.05539
8 3 2 50000 0.03227
8 3 2 50000 0.03266
8 3 2 50000 0.03274
8 3 2 50000 0.0325
8 3 2 50000 0.03255
8 3 2 50000 0.03241
8 3 2 50000 0.03266
8 3 2 50000 0.03222
8 3 2 50000 0.03273
8 3 2 50000 0.0325
8 3 2 50000 0.03247
8 3 2 50000 0.03247
8 3 2 35000 0.0215
8 3 2 35000 0.02172
8 3 2 35000 0.02148
8 3 2 35000 0.0217
8 3 2 35000 0.02145
8 3 2 35000 0.02128
8 3 2 35000 0.02164
8 3 2 35000 0.02137
8 3 2 35000 0.02141
8 3 2 35000 0.02148
8 3 2 35000 0.02148
8 3 2 35000 0.0215
8 3 2 25000 0.009987
8 3 2 25000 0.01013
8 3 2 25000 0.009918
8 3 2 25000 0.01002
8 3 2 25000 0.009985
8 3 2 25000 0.009992
8 3 2 25000 0.0102
8 3 2 25000 0.01011
8 3 2 25000 0.009996
8 3 2 25000 0.01007
8 3 2 25000 0.01001
8 3 2 25000 0.01015
8 3 2 25000 0.01003
8 3 2 15000 0.006717
8 3 2 15000 0.006776
8 3 2 15000 0.00654
8 3 2 15000 0.006649
8 3 2 15000 0.006525
8 3 2 15000 0.006578
8 3 2 15000 0.006567
8 3 2 15000 0.006498
8 3 2 15000 0.006575
8 3 2 15000 0.006563
8 3 2 15000 0.006586
8 3 2 15000 0.006587
8 3 2 10000 0.005128
8 3 2 10000 0.005126
8 3 2 10000 0.005111
8 3 2 10000 0.005149
8 3 2 10000 0.005109
8 3 2 10000 0.005105
8 3 2 10000 0.005151
8 3 2 10000 0.005133
8 3 2 10000 0.005113
8 3 2 10000 0.00519
8 3 2 10000 0.005134
8 3 2 10000 0.00509
8 3 2 10000 0.005171
8 3 3 100000 0.1123
8 3 3 100000 0.1102
8 3 3 100000 0.11
8 3 3 100000 0.1005
8 3 3 100000 0.07536
8 3 3 100000 0.07479
8 3 3 100000 0.07534
8 3 3 100000 0.07603
8 3 3 100000 0.07574
8 3 3 100000 0.07633
8 3 3 100000 0.07521
8 3 3 100000 0.07595
8 3 3 85000 0.06546
8 3 3 85000 0.06616
8 3 3 85000 0.0653
8 3 3 85000 0.06643
8 3 3 85000 0.06573
8 3 3 85000 0.06611
8 3 3 85000 0.06534
8 3 3 85000 0.06581
8 3 3 85000 0.06545
8 3 3 85000 0.06568
8 3 3 85000 0.06625
8 3 3 85000 0.06583
8 3 3 85000 0.06626
8 3 3 75000 0.05566
8 3 3 75000 0.05515
8 3 3 75000 0.05485
8 3 3 75000 0.05547
8 3 3 75000 0.0555
8 3 3 75000 0.05526
8 3 3 75000 0.05543
8 3 3 75000 0.05575
8 3 3 75000 0.0558
8 3 3 75000 0.05604
8 3 3 75000 0.05553
8 3 3 75000 0.05509
8 3 3 75000 0.05568
8 3 3 50000 0.03261
8 3 3 50000 0.03249
8 3 3 50000 0.03271
8 3 3 50000 0.03255
8 3 3 50000 0.03239
8 3 3 50000 0.03264
8 3 3 50000 0.03243
8 3 3 50000 0.03259
8 3 3 50000 0.03267
8 3 3 50000 0.03253
8 3 3 50000 0.03263
8 3 3 50000 0.03241
8 3 3 35000 0.02189
8 3 3 35000 0.02161
8 3 3 35000 0.02166
8 3 3 35000 0.02176
8 3 3 35000 0.02174
8 3 3 35000 0.02159
8 3 3 35000 0.02156
8 3 3 35000 0.02147
8 3 3 35000 0.02164
8 3 3 35000 0.02152
8 3 3 35000 0.02179
8 3 3 35000 0.02154
8 3 3 25000 0.01002
8 3 3 25000 0.01021
8 3 3 25000 0.01005
8 3 3 25000 0.01016
8 3 3 25000 0.01
8 3 3 25000 0.01004
8 3 3 25000 0.0101
8 3 3 25000 0.009996
8 3 3 25000 0.01001
8 3 3 25000 0.01009
8 3 3 25000 0.01016
8 3 3 25000 0.01
8 3 3 25000 0.01021
8 3 3 15000 0.006629
8 3 3 15000 0.006708
8 3 3 15000 0.006666
8 3 3 15000 0.006605
8 3 3 15000 0.006643
8 3 3 15000 0.006618
8 3 3 15000 0.006706
8 3 3 15000 0.006698
8 3 3 15000 0.006645
8 3 3 15000 0.00678
8 3 3 15000 0.006626
8 3 3 15000 0.006685
8 3 3 10000 0.005218
8 3 3 10000 0.005146
8 3 3 10000 0.005225
8 3 3 10000 0.005222
8 3 3 10000 0.005178
8 3 3 10000 0.005284
8 3 3 10000 0.005165
8 3 3 10000 0.005143
8 3 3 10000 0.005136
8 3 3 10000 0.005147
8 3 3 10000 0.005156
8 3 3 10000 0.005195
8 3 3 10000 0.005128
8 3 4 100000 0.0781
8 3 4 100000 0.07809
8 3 4 100000 0.07625
8 3 4 100000 0.07614
8 3 4 100000 0.07532
8 3 4 100000 0.07542
8 3 4 100000 0.07572
8 3 4 100000 0.07593
8 3 4 100000 0.07591
8 3 4 100000 0.07503
8 3 4 100000 0.07508
8 3 4 100000 0.07528
8 3 4 85000 0.06522
8 3 4 85000 0.0653
8 3 4 85000 0.06532
8 3 4 85000 0.06555
8 3 4 85000 0.06596
8 3 4 85000 0.06546
8 3 4 85000 0.06585
8 3 4 85000 0.06603
8 3 4 85000 0.06588
8 3 4 85000 0.06541
8 3 4 85000 0.06532
8 3 4 85000 0.06626
8 3 4 85000 0.06578
8 3 4 75000 0.05631
8 3 4 75000 0.05453
8 3 4 75000 0.05611
8 3 4 75000 0.05526
8 3 4 75000 0.05532
8 3 4 75000 0.0555
8 3 4 75000 0.05477
8 3 4 75000 0.05501
8 3 4 75000 0.05549
8 3 4 75000 0.05537
8 3 4 75000 0.05577
8 3 4 75000 0.05541
8 3 4 75000 0.05567
8 3 4 50000 0.03277
8 3 4 50000 0.03273
8 3 4 50000 0.03272
8 3 4 50000 0.03273
8 3 4 50000 0.03273
8 3 4 50000 0.03263
8 3 4 50000 0.03245
8 3 4 50000 0.03261
8 3 4 50000 0.03292
8 3 4 50000 0.03264
8 3 4 50000 0.03255
8 3 4 50000 0.03241
8 3 4 35000 0.02157
8 3 4 35000 0.0215
8 3 4 35000 0.02178
8 3 4 35000 0.02167
8 3 4 35000 0.02131
8 3 4 35000 0.02174
8 3 4 35000 0.02155
8 3 4 35000 0.02165
8 3 4 35000 0.02159
8 3 4 35000 0.02176
8 3 4 35000 0.02173
8 3 4 35000 0.02163
8 3 4 25000 0.01007
8 3 4 25000 0.01026
8 3 4 25000 0.009991
8 3 4 25000 0.00994
8 3 4 25000 0.01004
8 3 4 25000 0.009946
8 3 4 25000 0.01012
8 3 4 25000 0.009943
8 3 4 25000 0.01003
8 3 4 25000 0.01003
8 3 4 25000 0.01014
8 3 4 25000 0.01005
8 3 4 25000 0.01008
8 3 4 15000 0.006661
8 3 4 15000 0.006689
8 3 4 15000 0.00659
8 3 4 15000 0.006644
8 3 4 15000 0.006494
8 3 4 15000 0.006621
8 3 4 15000 0.006603
8 3 4 15000 0.006705
8 3 4 15000 0.006648
8 3 4 15000 0.006732
8 3 4 15000 0.006651
8 3 4 15000 0.006657
8 3 4 10000 0.005145
8 3 4 10000 0.005149
8 3 4 10000 0.00512
8 3 4 10000 0.005151
8 3 4 10000 0.00515
8 3 4 10000 0.005238
8 3 4 10000 0.005209
8 3 4 10000 0.005205
8 3 4 10000 0.005211
8 3 4 10000 0.005181
8 3 4 10000 0.005218
8 3 4 10000 0.005204
8 3 4 10000 0.005139
8 3 5 100000 0.07605
8 3 5 100000 0.07619
8 3 5 100000 0.07625
8 3 5 100000 0.07548
8 3 5 100000 0.07633
8 3 5 100000 0.07623
8 3 5 100000 0.07608
8 3 5 100000 0.07618
8 3 5 100000 0.07557
8 3 5 100000 0.07598
8 3 5 100000 0.07642
8 3 5 100000 0.07636
8 3 5 85000 0.06558
8 3 5 85000 0.06527
8 3 5 85000 0.0648
8 3 5 85000 0.0657
8 3 5 85000 0.06535
8 3 5 85000 0.06534
8 3 5 85000 0.0659
8 3 5 85000 0.06525
8 3 5 85000 0.06529
8 3 5 85000 0.06533
8 3 5 85000 0.06636
8 3 5 85000 0.06548
8 3 5 85000 0.06516
8 3 5 75000 0.05519
8 3 5 75000 0.05597
8 3 5 75000 0.05528
8 3 5 75000 0.05604
8 3 5 75000 0.0558
8 3 5 75000 0.05581
8 3 5 75000 0.05529
8 3 5 75000 0.05631
8 3 5 75000 0.05497
8 3 5 75000 0.05578
8 3 5 75000 0.05543
8 3 5 75000 0.05599
8 3 5 75000 0.05564
8 3 5 50000 0.03231
8 3 5 50000 0.03231
8 3 5 50000 0.03267
8 3 5 50000 0.03245
8 3 5 50000 0.03256
8 3 5 50000 0.03259
8 3 5 50000 0.03258
8 3 5 50000 0.0326
8 3 5 50000 0.03245
8 3 5 50000 0.03274
8 3 5 50000 0.03228
8 3 5 50000 0.03269
8 3 5 35000 0.02155
8 3 5 35000 0.02179
8 3 5 35000 0.02172
8 3 5 35000 0.02156
8 3 5 35000 0.0215
8 3 5 35000 0.02151
8 3 5 35000 0.02167
8 3 5 35000 0.02161
8 3 5 35000 0.0217
8 3 5 35000 0.02146
8 3 5 35000 0.02161
8 3 5 35000 0.0215
8 3 5 25000 0.01017
8 3 5 25000 0.009938
8 3 5 25000 0.009903
8 3 5 25000 0.01008
8 3 5 25000 0.01008
8 3 5 25000 0.01002
8 3 5 25000 0.01004
8 3 5 25000 0.01015
8 3 5 25000 0.01005
8 3 5 25000 0.009939
8 3 5 25000 0.0101
8 3 5 25000 0.01012
8 3 5 25000 0.01007
8 3 5 15000 0.006726
8 3 5 15000 0.006641
8 3 5 15000 0.006608
8 3 5 15000 0.006647
8 3 5 15000 0.00649
8 3 5 15000 0.006735
8 3 5 15000 0.006509
8 3 5 15000 0.006699
8 3 5 15000 0.006676
8 3 5 15000 0.006719
8 3 5 15000 0.00667
8 3 5 15000 0.006606
8 3 5 10000 0.005141
8 3 5 10000 0.005192
8 3 5 10000 0.005081
8 3 5 10000 0.005103
8 3 5 10000 0.005164
8 3 5 10000 0.005136
8 3 5 10000 0.005328
8 3 5 10000 0.005187
8 3 5 10000 0.005194
8 3 5 10000 0.005178
8 3 5 10000 0.005166
8 3 5 10000 0.005158
8 3 5 10000 0.005099
