16 3 1 100000 0.1501
16 3 1 100000 0.1401
16 3 1 100000 0.1373
16 3 1 100000 0.1337
16 3 1 100000 0.1346
16 3 1 100000 0.135
16 3 1 100000 0.1352
16 3 1 85000 0.1188
16 3 1 85000 0.1207
16 3 1 85000 0.121
16 3 1 85000 0.1193
16 3 1 85000 0.1205
16 3 1 75000 0.1102
16 3 1 75000 0.1098
16 3 1 75000 0.1111
16 3 1 75000 0.1095
16 3 1 75000 0.11
16 3 1 75000 0.1098
16 3 1 75000 0.111
16 3 1 50000 0.08604
16 3 1 50000 0.08455
16 3 1 50000 0.08654
16 3 1 50000 0.08503
16 3 1 50000 0.08448
16 3 1 50000 0.08614
16 3 1 35000 0.06304
16 3 1 35000 0.06324
16 3 1 35000 0.0644
16 3 1 35000 0.06305
16 3 1 35000 0.06291
16 3 1 35000 0.06182
16 3 1 35000 0.06256
16 3 1 25000 0.04591
16 3 1 25000 0.047
16 3 1 25000 0.0457
16 3 1 25000 0.04596
16 3 1 25000 0.04543
16 3 1 25000 0.04609
16 3 1 15000 0.0283
16 3 1 15000 0.02826
16 3 1 15000 0.02807
16 3 1 15000 0.02842
16 3 1 15000 0.0279
16 3 1 10000 0.01934
16 3 1 10000 0.01967
16 3 1 10000 0.01951
16 3 1 10000 0.01962
16 3 1 10000 0.0191
16 3 1 10000 0.01947
16 3 1 10000 0.01956
16 3 2 113279 0.1412
16 3 2 108982 0.1444
16 3 2 105124 0.1408
16 3 2 102478 0.1382
16 3 2 101272 0.1365
16 3 2 97541 0.1312
16 3 2 93347 0.1294
16 3 2 89540 0.1233
16 3 2 87645 0.1219
16 3 2 85391 0.1179
16 3 2 83738 0.1177
16 3 2 81972 0.1164
16 3 2 80416 0.1155
16 3 2 78203 0.1136
16 3 2 76923 0.1139
16 3 2 76428 0.1136
16 3 2 75898 0.1129
16 3 2 73893 0.1195
16 3 2 71689 0.1185
16 3 2 53375 0.09514
16 3 2 52972 0.09443
16 3 2 51999 0.08763
16 3 2 51228 0.08822
16 3 2 49271 0.08497
16 3 2 48223 0.08275
16 3 2 36662 0.06484
16 3 2 36575 0.06304
16 3 2 36204 0.06437
16 3 2 35868 0.06428
16 3 2 35262 0.0637
16 3 2 34387 0.06159
16 3 2 33687 0.06121
16 3 2 25829 0.04761
16 3 2 25474 0.04594
16 3 2 24964 0.0463
16 3 2 24691 0.04579
16 3 2 24287 0.04436
16 3 2 24133 0.04366
16 3 2 15278 0.02846
16 3 2 15155 0.02832
16 3 2 15062 0.02866
16 3 2 14991 0.02854
16 3 2 14906 0.02854
16 3 2 14718 0.02838
16 3 2 10130 0.01993
16 3 2 10111 0.01949
16 3 2 10082 0.02002
16 3 2 10023 0.01961
16 3 2 9984 0.01958
16 3 2 9875 0.0198
16 3 3 121829 0.1556
16 3 3 113419 0.1487
16 3 3 108219 0.1419
16 3 3 105624 0.1408
16 3 3 98435 0.1343
16 3 3 96372 0.1325
16 3 3 94785 0.1297
16 3 3 90486 0.1264
16 3 3 89028 0.1233
16 3 3 86796 0.1167
16 3 3 85450 0.1197
16 3 3 83951 0.1171
16 3 3 81607 0.1161
16 3 3 81191 0.1173
16 3 3 76753 0.1122
16 3 3 76752 0.1121
16 3 3 75830 0.1126
16 3 3 72091 0.1091
16 3 3 69091 0.1061
16 3 3 56712 0.09375
16 3 3 55235 0.09238
16 3 3 53635 0.09111
16 3 3 51139 0.08813
16 3 3 50811 0.08699
16 3 3 47032 0.08044
16 3 3 46540 0.08127
16 3 3 36355 0.06612
16 3 3 35677 0.06389
16 3 3 35156 0.06362
16 3 3 34571 0.06312
16 3 3 33252 0.05926
16 3 3 26355 0.0475
16 3 3 25485 0.04708
16 3 3 25285 0.04627
16 3 3 25178 0.04605
16 3 3 24970 0.04617
16 3 3 23944 0.04481
16 3 3 23625 0.04374
16 3 3 15447 0.0298
16 3 3 15326 0.02968
16 3 3 15247 0.02866
16 3 3 15063 0.02862
16 3 3 14880 0.02892
16 3 3 10261 0.02113
16 3 3 10252 0.02108
16 3 3 10212 0.02066
16 3 3 10104 0.01983
16 3 3 10044 0.01991
16 3 3 10031 0.01956
16 3 3 9923 0.02005
16 3 4 122427 0.1555
16 3 4 115134 0.1497
16 3 4 108738 0.1449
16 3 4 107862 0.1443
16 3 4 105956 0.144
16 3 4 98799 0.1337
16 3 4 98396 0.1363
16 3 4 95460 0.1299
16 3 4 91463 0.1291
16 3 4 91067 0.1283
16 3 4 89698 0.1258
16 3 4 86293 0.1227
16 3 4 82198 0.1202
16 3 4 81188 0.1175
16 3 4 79517 0.1154
16 3 4 75735 0.1133
16 3 4 74895 0.1109
16 3 4 71996 0.1097
16 3 4 69477 0.1081
16 3 4 56552 0.09518
16 3 4 55567 0.09414
16 3 4 54947 0.09352
16 3 4 51300 0.08989
16 3 4 51163 0.08887
16 3 4 47602 0.0838
16 3 4 45509 0.08033
16 3 4 36894 0.06738
16 3 4 36442 0.06538
16 3 4 35103 0.06507
16 3 4 34595 0.06384
16 3 4 33408 0.06106
16 3 4 26672 0.05005
16 3 4 26057 0.04833
16 3 4 25778 0.04939
16 3 4 25705 0.04893
16 3 4 25381 0.04749
16 3 4 24257 0.046
16 3 4 24109 0.04535
16 3 4 15450 0.03133
16 3 4 15346 0.0308
16 3 4 15257 0.02983
16 3 4 15180 0.03011
16 3 4 14941 0.02989
16 3 4 14502 0.02898
16 3 4 10284 0.0222
16 3 4 10195 0.02092
16 3 4 10155 0.02097
16 3 4 10086 0.02036
16 3 4 10035 0.0204
16 3 4 9890 0.0204
16 3 5 130862 0.2763
16 3 5 117231 0.1484
16 3 5 111932 0.1439
16 3 5 111333 0.1437
16 3 5 110403 0.1444
16 3 5 102969 0.1376
16 3 5 99481 0.1327
16 3 5 97663 0.1257
16 3 5 97460 0.1319
16 3 5 91248 0.1255
16 3 5 88723 0.1224
16 3 5 87597 0.1219
16 3 5 86051 0.1192
16 3 5 83637 0.1179
16 3 5 80235 0.1137
16 3 5 77408 0.1118
16 3 5 75598 0.1084
16 3 5 72621 0.1093
16 3 5 69039 0.1063
16 3 5 56816 0.09497
16 3 5 53992 0.09003
16 3 5 53166 0.09048
16 3 5 52078 0.08881
16 3 5 49206 0.08418
16 3 5 47780 0.08279
16 3 5 41713 0.07295
16 3 5 37772 0.06619
16 3 5 36514 0.06469
16 3 5 35491 0.06445
16 3 5 34785 0.06259
16 3 5 33545 0.0604
16 3 5 31498 0.0559
16 3 5 26460 0.04809
16 3 5 26100 0.04825
16 3 5 25591 0.04833
16 3 5 25084 0.04682
16 3 5 24168 0.04466
16 3 5 23442 0.04356
16 3 5 15655 0.03053
16 3 5 15401 0.03028
16 3 5 15295 0.02967
16 3 5 15108 0.02946
16 3 5 14832 0.02904
16 3 5 10502 0.02249
16 3 5 10311 0.02158
16 3 5 10187 0.02021
16 3 5 10163 0.02032
16 3 5 10113 0.02019
16 3 5 10045 0.0199
16 3 5 9925 0.02018
