16 5 1 100000 0.1702
16 5 1 100000 0.1342
16 5 1 100000 0.1422
16 5 1 100000 0.1203
16 5 1 100000 0.1152
16 5 1 100000 0.1011
16 5 1 100000 0.08881
16 5 1 85000 0.1248
16 5 1 85000 0.07814
16 5 1 85000 0.08363
16 5 1 85000 0.08255
16 5 1 85000 0.06363
16 5 1 75000 0.1059
16 5 1 75000 0.1056
16 5 1 75000 0.1066
16 5 1 75000 0.05447
16 5 1 75000 0.05357
16 5 1 75000 0.05383
16 5 1 75000 0.05364
16 5 1 50000 0.08341
16 5 1 50000 0.08233
16 5 1 50000 0.03198
16 5 1 50000 0.03134
16 5 1 50000 0.03128
16 5 1 50000 0.03146
16 5 1 35000 0.06162
16 5 1 35000 0.06165
16 5 1 35000 0.02091
16 5 1 35000 0.02102
16 5 1 35000 0.02079
16 5 1 35000 0.0211
16 5 1 35000 0.02092
16 5 1 25000 0.04567
16 5 1 25000 0.01003
16 5 1 25000 0.009984
16 5 1 25000 0.009991
16 5 1 25000 0.01006
16 5 1 25000 0.009892
16 5 1 15000 0.02813
16 5 1 15000 0.006639
16 5 1 15000 0.006559
16 5 1 15000 0.006499
16 5 1 15000 0.006597
16 5 1 10000 0.01932
16 5 1 10000 0.01958
16 5 1 10000 0.01936
16 5 1 10000 0.005134
16 5 1 10000 0.005103
16 5 1 10000 0.005282
16 5 1 10000 0.005017
16 5 2 113279 0.134
16 5 2 100947 0.1293
16 5 2 100000 0.07372
16 5 2 100000 0.07492
16 5 2 100000 0.0736
16 5 2 100000 0.07419
16 5 2 87645 0.1167
16 5 2 85372 0.1146
16 5 2 85000 0.06342
16 5 2 85000 0.06273
16 5 2 85000 0.06321
16 5 2 85000 0.06324
16 5 2 81972 0.112
16 5 2 78097 0.1102
16 5 2 75000 0.05357
16 5 2 75000 0.05326
16 5 2 75000 0.05339
16 5 2 75000 0.0534
16 5 2 73587 0.105
16 5 2 52972 0.08619
16 5 2 50000 0.0316
16 5 2 50000 0.03172
16 5 2 50000 0.03192
16 5 2 50000 0.03163
16 5 2 49163 0.08038
16 5 2 36545 0.06356
16 5 2 35262 0.06234
16 5 2 35000 0.021
16 5 2 35000 0.02098
16 5 2 35000 0.02084
16 5 2 35000 0.02095
16 5 2 33687 0.06058
16 5 2 25000 0.04594
16 5 2 25000 0.009982
16 5 2 25000 0.009889
16 5 2 25000 0.009852
16 5 2 25000 0.01004
16 5 2 24691 0.04556
16 5 2 15089 0.02885
16 5 2 15000 0.006491
16 5 2 15000 0.00664
16 5 2 15000 0.006594
16 5 2 15000 0.006522
16 5 2 14812 0.028
16 5 2 10082 0.01995
16 5 2 10000 0.005129
16 5 2 10000 0.005052
16 5 2 10000 0.005118
16 5 2 10000 0.005112
16 5 2 9913 0.01925
16 5 3 121829 0.1491
16 5 3 100000 0.07387
16 5 3 100000 0.07263
16 5 3 100000 0.07327
16 5 3 100000 0.07386
16 5 3 100000 0.07338
16 5 3 90725 0.1205
16 5 3 89028 0.1186
16 5 3 85000 0.06251
16 5 3 85000 0.06333
16 5 3 85000 0.06418
16 5 3 85000 0.06337
16 5 3 79228 0.1095
16 5 3 76753 0.1078
16 5 3 75000 0.05359
16 5 3 75000 0.0537
16 5 3 75000 0.05352
16 5 3 75000 0.05304
16 5 3 72217 0.1076
16 5 3 55235 0.09905
16 5 3 51139 0.0957
16 5 3 50000 0.04359
16 5 3 50000 0.04153
16 5 3 50000 0.03134
16 5 3 49363 0.08237
16 5 3 36555 0.06331
16 5 3 35156 0.06179
16 5 3 35000 0.02071
16 5 3 35000 0.02071
16 5 3 35000 0.02086
16 5 3 35000 0.02066
16 5 3 32370 0.0567
16 5 3 25285 0.04607
16 5 3 25000 0.01013
16 5 3 25000 0.0101
16 5 3 25000 0.009919
16 5 3 25000 0.0101
16 5 3 24920 0.04576
16 5 3 15218 0.02849
16 5 3 15000 0.006496
16 5 3 15000 0.006495
16 5 3 15000 0.006344
16 5 3 15000 0.006378
16 5 3 10253 0.02063
16 5 3 10104 0.01966
16 5 3 10023 0.01924
16 5 3 10000 0.005112
16 5 3 10000 0.005089
16 5 3 10000 0.005144
16 5 3 10000 0.005126
16 5 4 122427 0.1491
16 5 4 104752 0.1352
16 5 4 100000 0.07234
16 5 4 100000 0.07261
16 5 4 100000 0.07244
16 5 4 100000 0.07298
16 5 4 95460 0.125
16 5 4 89698 0.1195
16 5 4 85000 0.06301
16 5 4 85000 0.06257
16 5 4 85000 0.06208
16 5 4 85000 0.06274
16 5 4 85000 0.06288
16 5 4 75000 0.05277
16 5 4 75000 0.05257
16 5 4 75000 0.05268
16 5 4 75000 0.05302
16 5 4 75000 0.05282
16 5 4 71709 0.1051
16 5 4 55111 0.09003
16 5 4 50000 0.03117
16 5 4 50000 0.03125
16 5 4 50000 0.03142
16 5 4 50000 0.03078
16 5 4 49928 0.08398
16 5 4 36568 0.064
16 5 4 36050 0.0647
16 5 4 35000 0.02081
16 5 4 35000 0.02074
16 5 4 35000 0.02093
16 5 4 35000 0.02073
16 5 4 26371 0.04938
16 5 4 25744 0.04804
16 5 4 25000 0.009816
16 5 4 25000 0.01004
16 5 4 25000 0.01003
16 5 4 25000 0.009995
16 5 4 24698 0.04666
16 5 4 15334 0.02969
16 5 4 15000 0.006675
16 5 4 15000 0.00656
16 5 4 15000 0.00658
16 5 4 15000 0.006451
16 5 4 15000 0.006567
16 5 4 10259 0.02141
16 5 4 10086 0.02033
16 5 4 10000 0.005132
16 5 4 10000 0.005045
16 5 4 10000 0.005057
16 5 4 10000 0.005092
16 5 5 122028 0.1465
16 5 5 110403 0.1386
16 5 5 100000 0.07169
16 5 5 100000 0.07228
16 5 5 100000 0.07253
16 5 5 100000 0.072
16 5 5 100000 0.07208
16 5 5 91248 0.1204
16 5 5 85000 0.06217
16 5 5 85000 0.06176
16 5 5 85000 0.06206
16 5 5 85000 0.0619
16 5 5 85000 0.06263
16 5 5 78649 0.1075
16 5 5 75000 0.05271
16 5 5 75000 0.05311
16 5 5 75000 0.05256
16 5 5 75000 0.05237
16 5 5 72621 0.1039
16 5 5 53166 0.08725
16 5 5 50000 0.03147
16 5 5 50000 0.03099
16 5 5 50000 0.03127
16 5 5 50000 0.03094
16 5 5 49206 0.08107
16 5 5 39501 0.06646
16 5 5 35000 0.02074
16 5 5 35000 0.02067
16 5 5 35000 0.02097
16 5 5 35000 0.02061
16 5 5 35000 0.02066
16 5 5 26588 0.04892
16 5 5 26239 0.04791
16 5 5 25000 0.01
16 5 5 25000 0.009934
16 5 5 25000 0.009956
16 5 5 25000 0.0098
16 5 5 25000 0.009971
16 5 5 15394 0.03069
16 5 5 15000 0.006504
16 5 5 15000 0.006394
16 5 5 15000 0.006647
16 5 5 15000 0.006492
16 5 5 14891 0.02872
16 5 5 10185 0.0204
16 5 5 10045 0.01968
16 5 5 10000 0.005163
16 5 5 10000 0.005097
16 5 5 10000 0.005078
16 5 5 10000 0.005101
