8 4 1 100000 0.1157
8 4 1 100000 0.1116
8 4 1 100000 0.108
8 4 1 100000 0.1055
8 4 1 100000 0.106
8 4 1 100000 0.1024
8 4 1 100000 0.1052
8 4 1 100000 0.1051
8 4 1 100000 0.1026
8 4 1 100000 0.1046
8 4 1 100000 0.1024
8 4 1 100000 0.1039
8 4 1 85000 0.09174
8 4 1 85000 0.09235
8 4 1 85000 0.09204
8 4 1 85000 0.09141
8 4 1 85000 0.09164
8 4 1 85000 0.09091
8 4 1 85000 0.09006
8 4 1 85000 0.09351
8 4 1 85000 0.08986
8 4 1 85000 0.09182
8 4 1 85000 0.09463
8 4 1 85000 0.09122
8 4 1 85000 0.09168
8 4 1 75000 0.08374
8 4 1 75000 0.0819
8 4 1 75000 0.08329
8 4 1 75000 0.08399
8 4 1 75000 0.08301
8 4 1 75000 0.0826
8 4 1 75000 0.08194
8 4 1 75000 0.0831
8 4 1 75000 0.08438
8 4 1 75000 0.08485
8 4 1 75000 0.08252
8 4 1 75000 0.08421
8 4 1 75000 0.08286
8 4 1 50000 0.06069
8 4 1 50000 0.06175
8 4 1 50000 0.06079
8 4 1 50000 0.06157
8 4 1 50000 0.06112
8 4 1 50000 0.0611
8 4 1 50000 0.06058
8 4 1 50000 0.0618
8 4 1 50000 0.06198
8 4 1 50000 0.06158
8 4 1 50000 0.06144
8 4 1 50000 0.05813
8 4 1 35000 0.04447
8 4 1 35000 0.04426
8 4 1 35000 0.04435
8 4 1 35000 0.04286
8 4 1 35000 0.04433
8 4 1 35000 0.04452
8 4 1 35000 0.04277
8 4 1 35000 0.04334
8 4 1 35000 0.04356
8 4 1 35000 0.04383
8 4 1 35000 0.04169
8 4 1 35000 0.04354
8 4 1 25000 0.02956
8 4 1 25000 0.02855
8 4 1 25000 0.02969
8 4 1 25000 0.02818
8 4 1 25000 0.02896
8 4 1 25000 0.02922
8 4 1 25000 0.02867
8 4 1 25000 0.02779
8 4 1 25000 0.02813
8 4 1 25000 0.02695
8 4 1 25000 0.02822
8 4 1 25000 0.02862
8 4 1 25000 0.02883
8 4 1 15000 0.01877
8 4 1 15000 0.01873
8 4 1 15000 0.01789
8 4 1 15000 0.01777
8 4 1 15000 0.01798
8 4 1 15000 0.01805
8 4 1 15000 0.01812
8 4 1 15000 0.01804
8 4 1 15000 0.01799
8 4 1 15000 0.01763
8 4 1 15000 0.01774
8 4 1 15000 0.01738
8 4 1 10000 0.01311
8 4 1 10000 0.01276
8 4 1 10000 0.0132
8 4 1 10000 0.01309
8 4 1 10000 0.01252
8 4 1 10000 0.01271
8 4 1 10000 0.01301
8 4 1 10000 0.01254
8 4 1 10000 0.01277
8 4 1 10000 0.01269
8 4 1 10000 0.01295
8 4 1 10000 0.01306
8 4 1 10000 0.01271
8 4 2 111991 0.116
8 4 2 111523 0.1135
8 4 2 109658 0.1115
8 4 2 105933 0.1078
8 4 2 104665 0.1058
8 4 2 103250 0.1083
8 4 2 102491 0.1082
8 4 2 101704 0.1057
8 4 2 100740 0.103
8 4 2 99867 0.1033
8 4 2 97016 0.1022
8 4 2 94425 0.09812
8 4 2 93134 0.09881
8 4 2 92656 0.09757
8 4 2 91911 0.09637
8 4 2 88530 0.0963
8 4 2 87606 0.09579
8 4 2 85285 0.09326
8 4 2 84752 0.09325
8 4 2 83978 0.09527
8 4 2 83550 0.0916
8 4 2 82605 0.0907
8 4 2 82545 0.08848
8 4 2 81684 0.08809
8 4 2 81431 0.09012
8 4 2 81131 0.0896
8 4 2 80846 0.09016
8 4 2 80132 0.08758
8 4 2 78222 0.08564
8 4 2 78009 0.08694
8 4 2 77761 0.08504
8 4 2 76681 0.08388
8 4 2 76536 0.08591
8 4 2 73618 0.08253
8 4 2 73524 0.08234
8 4 2 73103 0.08005
8 4 2 72068 0.0825
8 4 2 53375 0.06434
8 4 2 53350 0.06885
8 4 2 52878 0.06545
8 4 2 52558 0.06565
8 4 2 51605 0.063
8 4 2 51263 0.05964
8 4 2 50947 0.06352
8 4 2 49732 0.06018
8 4 2 49621 0.05992
8 4 2 49175 0.05958
8 4 2 48608 0.06007
8 4 2 46844 0.05905
8 4 2 46633 0.05731
8 4 2 36662 0.04614
8 4 2 36662 0.04415
8 4 2 36638 0.04632
8 4 2 36600 0.04427
8 4 2 36509 0.04587
8 4 2 36190 0.04511
8 4 2 35962 0.04525
8 4 2 35680 0.04421
8 4 2 35262 0.04478
8 4 2 34710 0.04141
8 4 2 34338 0.04057
8 4 2 33872 0.04017
8 4 2 33570 0.04034
8 4 2 25839 0.02974
8 4 2 25823 0.0294
8 4 2 25752 0.03085
8 4 2 25284 0.02829
8 4 2 25173 0.02874
8 4 2 25046 0.02883
8 4 2 24981 0.02814
8 4 2 24645 0.02997
8 4 2 24554 0.02837
8 4 2 24468 0.02783
8 4 2 24347 0.02864
8 4 2 24227 0.02808
8 4 2 15304 0.01834
8 4 2 15303 0.01821
8 4 2 15299 0.01832
8 4 2 15292 0.01879
8 4 2 15263 0.01847
8 4 2 15243 0.01809
8 4 2 15072 0.01803
8 4 2 14974 0.01765
8 4 2 14917 0.01775
8 4 2 14864 0.01811
8 4 2 14820 0.01766
8 4 2 14784 0.01858
8 4 2 14736 0.01846
8 4 2 10131 0.01301
8 4 2 10124 0.01303
8 4 2 10120 0.01342
8 4 2 10064 0.01239
8 4 2 10046 0.01253
8 4 2 10021 0.01336
8 4 2 9998 0.01274
8 4 2 9945 0.01257
8 4 2 9943 0.01267
8 4 2 9907 0.01297
8 4 2 9871 0.01246
8 4 2 9860 0.01298
8 4 3 123050 0.1773
8 4 3 120289 0.1199
8 4 3 113788 0.1129
8 4 3 113323 0.1132
8 4 3 111835 0.1129
8 4 3 104861 0.1103
8 4 3 102957 0.1069
8 4 3 102888 0.1058
8 4 3 101949 0.1041
8 4 3 101527 0.1052
8 4 3 99745 0.1036
8 4 3 98947 0.102
8 4 3 94729 0.09906
8 4 3 94212 0.09638
8 4 3 93392 0.09999
8 4 3 93014 0.0975
8 4 3 92875 0.09811
8 4 3 90304 0.09389
8 4 3 89338 0.09447
8 4 3 89063 0.09773
8 4 3 88630 0.09394
8 4 3 86147 0.09309
8 4 3 85470 0.08982
8 4 3 85424 0.09307
8 4 3 83916 0.08851
8 4 3 83610 0.09105
8 4 3 82953 0.08878
8 4 3 80798 0.08919
8 4 3 80789 0.0882
8 4 3 79891 0.08704
8 4 3 78610 0.08418
8 4 3 78270 0.08401
8 4 3 76582 0.08681
8 4 3 76162 0.08284
8 4 3 75276 0.08386
8 4 3 72939 0.08272
8 4 3 69752 0.08031
8 4 3 67765 0.0792
8 4 3 55025 0.06606
8 4 3 53977 0.06504
8 4 3 53259 0.06495
8 4 3 52801 0.0657
8 4 3 51307 0.06294
8 4 3 50900 0.06208
8 4 3 49767 0.06015
8 4 3 49475 0.05785
8 4 3 48501 0.05937
8 4 3 45878 0.05589
8 4 3 45648 0.05586
8 4 3 43532 0.05384
8 4 3 38378 0.04589
8 4 3 38270 0.0469
8 4 3 37540 0.0445
8 4 3 37524 0.04486
8 4 3 37296 0.04585
8 4 3 36331 0.04444
8 4 3 35542 0.0429
8 4 3 35361 0.04468
8 4 3 35142 0.04194
8 4 3 34702 0.04205
8 4 3 34297 0.04244
8 4 3 33530 0.04159
8 4 3 26683 0.03121
8 4 3 26610 0.03123
8 4 3 26461 0.03238
8 4 3 26091 0.0314
8 4 3 25983 0.03153
8 4 3 25865 0.03125
8 4 3 25633 0.02889
8 4 3 25362 0.02843
8 4 3 24984 0.02989
8 4 3 24824 0.02955
8 4 3 24570 0.02844
8 4 3 24352 0.02874
8 4 3 23791 0.02864
8 4 3 15561 0.01967
8 4 3 15435 0.01964
8 4 3 15333 0.01885
8 4 3 15304 0.01917
8 4 3 15253 0.01804
8 4 3 15229 0.01834
8 4 3 15179 0.01968
8 4 3 15131 0.01844
8 4 3 15044 0.01831
8 4 3 14924 0.01923
8 4 3 14891 0.01797
8 4 3 14706 0.01967
8 4 3 14439 0.0178
8 4 3 10213 0.01429
8 4 3 10175 0.01363
8 4 3 10164 0.01307
8 4 3 10139 0.01314
8 4 3 10101 0.01286
8 4 3 9998 0.01364
8 4 3 9989 0.01271
8 4 3 9985 0.01244
8 4 3 9960 0.01366
8 4 3 9885 0.01321
8 4 3 9831 0.01273
8 4 3 9746 0.01287
8 4 4 125022 0.2283
8 4 4 124644 0.1887
8 4 4 120397 0.1173
8 4 4 117924 0.1153
8 4 4 113967 0.115
8 4 4 112996 0.1135
8 4 4 111793 0.1132
8 4 4 110250 0.1106
8 4 4 104511 0.09981
8 4 4 104067 0.1078
8 4 4 102173 0.1052
8 4 4 101103 0.09921
8 4 4 100239 0.1008
8 4 4 99042 0.1022
8 4 4 97764 0.09856
8 4 4 96996 0.09953
8 4 4 96044 0.09895
8 4 4 93415 0.09672
8 4 4 92370 0.09718
8 4 4 90625 0.09288
8 4 4 90366 0.09428
8 4 4 89029 0.09327
8 4 4 88819 0.0935
8 4 4 87348 0.09259
8 4 4 87140 0.09123
8 4 4 86338 0.08911
8 4 4 83934 0.08968
8 4 4 82073 0.08556
8 4 4 81771 0.08568
8 4 4 81382 0.08774
8 4 4 80256 0.08408
8 4 4 78808 0.08557
8 4 4 78768 0.08432
8 4 4 77202 0.08275
8 4 4 73981 0.07847
8 4 4 73817 0.07804
8 4 4 68023 0.07746
8 4 4 62909 0.07444
8 4 4 56362 0.06726
8 4 4 54348 0.06599
8 4 4 53746 0.06393
8 4 4 53095 0.06387
8 4 4 52074 0.06175
8 4 4 51306 0.0604
8 4 4 50357 0.05982
8 4 4 49313 0.05875
8 4 4 47803 0.05566
8 4 4 46345 0.056
8 4 4 44706 0.05448
8 4 4 43635 0.05166
8 4 4 39450 0.04603
8 4 4 38916 0.04733
8 4 4 38242 0.04475
8 4 4 37816 0.04193
8 4 4 36775 0.04359
8 4 4 36657 0.04541
8 4 4 36353 0.04398
8 4 4 36247 0.04456
8 4 4 35914 0.04344
8 4 4 35731 0.04394
8 4 4 34974 0.04138
8 4 4 34922 0.04178
8 4 4 27353 0.03067
8 4 4 26962 0.0293
8 4 4 26507 0.02872
8 4 4 26366 0.02886
8 4 4 26282 0.0294
8 4 4 26190 0.02935
8 4 4 25924 0.02847
8 4 4 25601 0.03005
8 4 4 25501 0.02781
8 4 4 25088 0.0283
8 4 4 24842 0.02749
8 4 4 24274 0.02654
8 4 4 23822 0.02649
8 4 4 15798 0.01907
8 4 4 15447 0.01819
8 4 4 15304 0.01737
8 4 4 15278 0.01806
8 4 4 15271 0.01803
8 4 4 15218 0.01797
8 4 4 15185 0.01744
8 4 4 15151 0.01788
8 4 4 15073 0.0179
8 4 4 15062 0.01825
8 4 4 15000 0.01789
8 4 4 14910 0.0178
8 4 4 14192 0.01726
8 4 4 10277 0.01359
8 4 4 10250 0.01352
8 4 4 10139 0.01249
8 4 4 10128 0.01291
8 4 4 10079 0.01343
8 4 4 10024 0.01244
8 4 4 10002 0.01208
8 4 4 9971 0.01275
8 4 4 9896 0.01223
8 4 4 9879 0.01242
8 4 4 9761 0.0127
8 4 4 9732 0.01225
8 4 5 141835 0.1941
8 4 5 133445 0.1913
8 4 5 124360 0.1821
8 4 5 120707 0.1211
8 4 5 120597 0.1206
8 4 5 119015 0.1179
8 4 5 115796 0.1156
8 4 5 114306 0.114
8 4 5 113924 0.1165
8 4 5 107756 0.1101
8 4 5 106842 0.1069
8 4 5 105004 0.1258
8 4 5 104050 0.1092
8 4 5 101241 0.1042
8 4 5 99717 0.1053
8 4 5 99340 0.103
8 4 5 99070 0.1039
8 4 5 98317 0.1025
8 4 5 96579 0.1022
8 4 5 94874 0.09679
8 4 5 94038 0.1005
8 4 5 92093 0.119
8 4 5 91354 0.1168
8 4 5 90196 0.1129
8 4 5 88665 0.1112
8 4 5 88275 0.09355
8 4 5 86502 0.09106
8 4 5 84963 0.09255
8 4 5 82639 0.08994
8 4 5 81164 0.08887
8 4 5 79277 0.1023
8 4 5 78335 0.09415
8 4 5 77028 0.0985
8 4 5 76687 0.09892
8 4 5 74859 0.09555
8 4 5 73164 0.09095
8 4 5 70137 0.09296
8 4 5 63843 0.08635
8 4 5 58368 0.07651
8 4 5 56599 0.07839
8 4 5 55840 0.07665
8 4 5 55584 0.07499
8 4 5 55093 0.07118
8 4 5 52867 0.07136
8 4 5 51052 0.06699
8 4 5 48792 0.0649
8 4 5 48686 0.06248
8 4 5 46728 0.06197
8 4 5 44818 0.06
8 4 5 44782 0.05372
8 4 5 40738 0.04978
8 4 5 39856 0.04864
8 4 5 38825 0.0474
8 4 5 38510 0.04777
8 4 5 37866 0.04641
8 4 5 37643 0.04543
8 4 5 36435 0.04486
8 4 5 36356 0.04602
8 4 5 36228 0.04501
8 4 5 35805 0.04472
8 4 5 34631 0.04358
8 4 5 34014 0.04165
8 4 5 31678 0.03637
8 4 5 27147 0.03072
8 4 5 26912 0.03079
8 4 5 26639 0.03099
8 4 5 26314 0.03054
8 4 5 26012 0.02877
8 4 5 25801 0.02949
8 4 5 25703 0.02923
8 4 5 25535 0.02964
8 4 5 25399 0.02926
8 4 5 24380 0.0285
8 4 5 24125 0.029
8 4 5 23048 0.02629
8 4 5 15582 0.01836
8 4 5 15556 0.01865
8 4 5 15460 0.01935
8 4 5 15369 0.01924
8 4 5 15353 0.01854
8 4 5 15270 0.01909
8 4 5 15150 0.01868
8 4 5 15072 0.01868
8 4 5 15028 0.01883
8 4 5 14987 0.0179
8 4 5 14900 0.01742
8 4 5 14761 0.01842
8 4 5 10416 0.01424
8 4 5 10391 0.01341
8 4 5 10353 0.01362
8 4 5 10272 0.01398
8 4 5 10257 0.01413
8 4 5 10205 0.01388
8 4 5 10137 0.01292
8 4 5 10097 0.01344
8 4 5 10015 0.01277
8 4 5 9905 0.01255
8 4 5 9871 0.01252
8 4 5 9804 0.01321
8 4 5 9739 0.01268
