16 11 1 100000 0.1262
16 11 1 100000 0.1255
16 11 1 100000 0.121
16 11 1 100000 0.1193
16 11 1 100000 0.1261
16 11 1 100000 0.1067
16 11 1 85000 0.08685
16 11 1 85000 0.0881
16 11 1 85000 0.08752
16 11 1 85000 0.08916
16 11 1 85000 0.08981
16 11 1 85000 0.08799
16 11 1 85000 0.08938
16 11 1 75000 0.07952
16 11 1 75000 0.08124
16 11 1 75000 0.08016
16 11 1 75000 0.0779
16 11 1 75000 0.07626
16 11 1 75000 0.0778
16 11 1 50000 0.05734
16 11 1 50000 0.05643
16 11 1 50000 0.0586
16 11 1 50000 0.05581
16 11 1 50000 0.05705
16 11 1 50000 0.05848
16 11 1 35000 0.04066
16 11 1 35000 0.04349
16 11 1 35000 0.04173
16 11 1 35000 0.04051
16 11 1 35000 0.04197
16 11 1 35000 0.04171
16 11 1 35000 0.04042
16 11 1 25000 0.0264
16 11 1 25000 0.02802
16 11 1 25000 0.02798
16 11 1 25000 0.02706
16 11 1 25000 0.02605
16 11 1 25000 0.02664
16 11 1 15000 0.01673
16 11 1 15000 0.01757
16 11 1 15000 0.01691
16 11 1 15000 0.01611
16 11 1 15000 0.01685
16 11 1 15000 0.01705
16 11 1 10000 0.01235
16 11 1 10000 0.01214
16 11 1 10000 0.01229
16 11 1 10000 0.01234
16 11 1 10000 0.01241
16 11 1 10000 0.01206
16 11 2 113086 0.1088
16 11 2 113064 0.1115
16 11 2 112352 0.109
16 11 2 112291 0.1123
16 11 2 110221 0.1108
16 11 2 108868 0.1083
16 11 2 94395 0.0937
16 11 2 94176 0.09254
16 11 2 93903 0.0961
16 11 2 93817 0.09401
16 11 2 93029 0.09396
16 11 2 90251 0.0922
16 11 2 82472 0.08667
16 11 2 82325 0.08706
16 11 2 82155 0.0875
16 11 2 82026 0.08588
16 11 2 81804 0.08655
16 11 2 81226 0.08547
16 11 2 78024 0.08401
16 11 2 53372 0.06282
16 11 2 53311 0.05927
16 11 2 53254 0.06255
16 11 2 53218 0.0752
16 11 2 53108 0.07563
16 11 2 51115 0.06952
16 11 2 36625 0.04992
16 11 2 36594 0.0488
16 11 2 36586 0.04941
16 11 2 36567 0.05182
16 11 2 36537 0.0503
16 11 2 35800 0.04926
16 11 2 35005 0.04713
16 11 2 25820 0.0309
16 11 2 25808 0.03087
16 11 2 25790 0.02964
16 11 2 25732 0.03134
16 11 2 24679 0.03086
16 11 2 24366 0.02887
16 11 2 15296 0.01958
16 11 2 15290 0.01894
16 11 2 15285 0.01819
16 11 2 15277 0.01963
16 11 2 15228 0.01895
16 11 2 14697 0.01874
16 11 2 10133 0.01356
16 11 2 10131 0.01358
16 11 2 10129 0.01349
16 11 2 10128 0.01365
16 11 2 10116 0.01346
16 11 2 9864 0.01405
16 11 3 126706 0.2196
16 11 3 126706 0.2189
16 11 3 126301 0.2164
16 11 3 125131 0.212
16 11 3 122386 0.1565
16 11 3 121323 0.1557
16 11 3 104073 0.136
16 11 3 103847 0.138
16 11 3 103224 0.1362
16 11 3 102461 0.1329
16 11 3 100538 0.1321
16 11 3 99307 0.1335
16 11 3 91175 0.1257
16 11 3 89972 0.1207
16 11 3 89652 0.1184
16 11 3 89232 0.119
16 11 3 87497 0.1161
16 11 3 86652 0.1166
16 11 3 84943 0.1144
16 11 3 56749 0.07707
16 11 3 56517 0.07
16 11 3 56346 0.06444
16 11 3 56102 0.06291
16 11 3 55266 0.0608
16 11 3 54195 0.06196
16 11 3 38196 0.04279
16 11 3 38174 0.04374
16 11 3 38153 0.04324
16 11 3 38078 0.04373
16 11 3 38050 0.04349
16 11 3 37001 0.04189
16 11 3 26651 0.02872
16 11 3 26644 0.0279
16 11 3 26610 0.02805
16 11 3 26567 0.0277
16 11 3 26512 0.02763
16 11 3 26223 0.02835
16 11 3 25091 0.02717
16 11 3 15580 0.01798
16 11 3 15573 0.01713
16 11 3 15565 0.01708
16 11 3 15553 0.01773
16 11 3 15394 0.01711
16 11 3 15303 0.01714
16 11 3 10260 0.01262
16 11 3 10256 0.01305
16 11 3 10251 0.01242
16 11 3 10244 0.01273
16 11 3 10241 0.01277
16 11 3 10170 0.01231
16 11 4 142655 0.1809
16 11 4 142655 0.1795
16 11 4 140519 0.1841
16 11 4 139937 0.1877
16 11 4 138312 0.1802
16 11 4 134166 0.1801
16 11 4 132601 0.1822
16 11 4 114502 0.1107
16 11 4 113463 0.1106
16 11 4 111166 0.1089
16 11 4 109637 0.1102
16 11 4 107255 0.1076
16 11 4 98478 0.1314
16 11 4 98172 0.1308
16 11 4 97568 0.128
16 11 4 96454 0.1159
16 11 4 94689 0.1024
16 11 4 93001 0.1009
16 11 4 84219 0.0961
16 11 4 60401 0.07189
16 11 4 60032 0.07365
16 11 4 59854 0.07337
16 11 4 59482 0.07153
16 11 4 58683 0.07071
16 11 4 57476 0.0703
16 11 4 55746 0.06803
16 11 4 39871 0.04764
16 11 4 39852 0.04639
16 11 4 39776 0.04816
16 11 4 39685 0.04848
16 11 4 38727 0.04767
16 11 4 27498 0.02941
16 11 4 27456 0.0314
16 11 4 27420 0.03099
16 11 4 27340 0.03043
16 11 4 27204 0.03055
16 11 4 26126 0.02885
16 11 4 15887 0.01966
16 11 4 15878 0.01901
16 11 4 15864 0.01809
16 11 4 15853 0.01918
16 11 4 15836 0.01846
16 11 4 15697 0.01826
16 11 4 15584 0.01858
16 11 4 10387 0.01369
16 11 4 10383 0.014
16 11 4 10379 0.01268
16 11 4 10372 0.01292
16 11 4 10300 0.01277
16 11 4 10263 0.01339
16 11 5 156779 0.1964
16 11 5 156245 0.1927
16 11 5 151498 0.1949
16 11 5 148330 0.1979
16 11 5 147208 0.1893
16 11 5 141619 0.1849
16 11 5 127412 0.1755
16 11 5 126214 0.1775
16 11 5 122687 0.1092
16 11 5 119493 0.1202
16 11 5 115659 0.1198
16 11 5 112019 0.1163
16 11 5 107929 0.1128
16 11 5 102930 0.1078
16 11 5 102184 0.1056
16 11 5 101563 0.1074
16 11 5 101121 0.1041
16 11 5 97389 0.1042
16 11 5 96264 0.1027
16 11 5 63815 0.07424
16 11 5 62667 0.07367
16 11 5 61122 0.07188
16 11 5 59858 0.07153
16 11 5 57693 0.07005
16 11 5 56964 0.0688
16 11 5 41701 0.05182
16 11 5 41616 0.04952
16 11 5 41522 0.0507
16 11 5 40792 0.04721
16 11 5 39908 0.04722
16 11 5 39859 0.04663
16 11 5 28387 0.03075
16 11 5 28374 0.02957
16 11 5 28342 0.029
16 11 5 28093 0.03118
16 11 5 27502 0.0298
16 11 5 27380 0.02811
16 11 5 26773 0.0291
16 11 5 16180 0.01815
16 11 5 16165 0.01857
16 11 5 16039 0.01833
16 11 5 15881 0.01848
16 11 5 15838 0.01834
16 11 5 15559 0.01853
16 11 5 10517 0.01276
16 11 5 10504 0.01339
16 11 5 10389 0.01308
16 11 5 10372 0.01328
16 11 5 10297 0.01349
16 11 5 10263 0.0132
