16 1 1 100000 0.155
16 1 1 100000 0.1469
16 1 1 100000 0.1344
16 1 1 100000 0.1176
16 1 1 100000 0.1054
16 1 1 100000 0.1068
16 1 1 85000 0.09239
16 1 1 85000 0.09555
16 1 1 85000 0.09208
16 1 1 85000 0.09346
16 1 1 85000 0.09508
16 1 1 85000 0.0932
16 1 1 85000 0.09394
16 1 1 75000 0.105
16 1 1 75000 0.099
16 1 1 75000 0.08371
16 1 1 75000 0.08216
16 1 1 75000 0.08191
16 1 1 75000 0.08207
16 1 1 50000 0.06084
16 1 1 50000 0.05976
16 1 1 50000 0.06275
16 1 1 50000 0.06538
16 1 1 50000 0.0617
16 1 1 50000 0.06181
16 1 1 35000 0.04359
16 1 1 35000 0.0429
16 1 1 35000 0.0441
16 1 1 35000 0.04195
16 1 1 35000 0.0448
16 1 1 35000 0.04397
16 1 1 35000 0.04453
16 1 1 25000 0.02886
16 1 1 25000 0.02956
16 1 1 25000 0.02925
16 1 1 25000 0.02789
16 1 1 25000 0.02767
16 1 1 25000 0.02719
16 1 1 15000 0.01787
16 1 1 15000 0.01792
16 1 1 15000 0.0173
16 1 1 15000 0.01752
16 1 1 15000 0.01776
16 1 1 15000 0.01813
16 1 1 10000 0.01285
16 1 1 10000 0.01274
16 1 1 10000 0.01271
16 1 1 10000 0.01309
16 1 1 10000 0.01256
16 1 1 10000 0.0126
16 1 2 113252 0.1525
16 1 2 113202 0.1507
16 1 2 113046 0.1509
16 1 2 112896 0.1509
16 1 2 112752 0.1493
16 1 2 111851 0.1523
16 1 2 94670 0.1301
16 1 2 94548 0.1322
16 1 2 94462 0.1298
16 1 2 94300 0.1164
16 1 2 94233 0.117
16 1 2 93590 0.118
16 1 2 91658 0.1134
16 1 2 82464 0.1044
16 1 2 82423 0.1069
16 1 2 82387 0.09164
16 1 2 82238 0.08866
16 1 2 82070 0.08602
16 1 2 76712 0.08156
16 1 2 53371 0.06385
16 1 2 53332 0.06526
16 1 2 53312 0.06375
16 1 2 53265 0.06482
16 1 2 53210 0.06488
16 1 2 53110 0.06297
16 1 2 36662 0.04472
16 1 2 36647 0.04566
16 1 2 36615 0.04442
16 1 2 36605 0.04434
16 1 2 36584 0.04399
16 1 2 36568 0.04584
16 1 2 36460 0.04252
16 1 2 25836 0.02887
16 1 2 25829 0.02839
16 1 2 25820 0.02921
16 1 2 25808 0.02883
16 1 2 25791 0.02799
16 1 2 25005 0.02722
16 1 2 15300 0.01875
16 1 2 15298 0.01734
16 1 2 15298 0.01819
16 1 2 15295 0.01758
16 1 2 15289 0.01781
16 1 2 15263 0.01768
16 1 2 10133 0.01299
16 1 2 10132 0.01253
16 1 2 10131 0.01265
16 1 2 10128 0.01315
16 1 2 10126 0.01264
16 1 2 10111 0.01263
16 1 3 127937 0.1805
16 1 3 127816 0.2107
16 1 3 127592 0.2121
16 1 3 127472 0.2152
16 1 3 126877 0.2073
16 1 3 125773 0.2069
16 1 3 105382 0.1264
16 1 3 105006 0.1293
16 1 3 104779 0.1304
16 1 3 104432 0.1309
16 1 3 104128 0.1367
16 1 3 103670 0.1296
16 1 3 96382 0.1157
16 1 3 90599 0.1159
16 1 3 90441 0.09517
16 1 3 90391 0.09557
16 1 3 90265 0.1042
16 1 3 90135 0.1028
16 1 3 89705 0.09524
16 1 3 56900 0.06698
16 1 3 56807 0.06415
16 1 3 56704 0.06529
16 1 3 56636 0.06478
16 1 3 56543 0.06294
16 1 3 56437 0.06533
16 1 3 38355 0.04396
16 1 3 38306 0.04387
16 1 3 38297 0.04399
16 1 3 38279 0.04539
16 1 3 38229 0.04372
16 1 3 38182 0.04494
16 1 3 38129 0.04377
16 1 3 26678 0.03007
16 1 3 26663 0.02928
16 1 3 26647 0.02938
16 1 3 26624 0.02874
16 1 3 26603 0.02908
16 1 3 25804 0.02739
16 1 3 15601 0.01858
16 1 3 15598 0.0189
16 1 3 15592 0.01835
16 1 3 15588 0.0192
16 1 3 15579 0.01749
16 1 3 15288 0.01769
16 1 3 10265 0.01271
16 1 3 10262 0.01314
16 1 3 10260 0.01304
16 1 3 10257 0.01294
16 1 3 10254 0.01304
16 1 3 10244 0.01315
16 1 4 144503 0.19
16 1 4 144474 0.1916
16 1 4 143467 0.1936
16 1 4 142703 0.1805
16 1 4 141380 0.1888
16 1 4 138653 0.195
16 1 4 116665 0.1146
16 1 4 116287 0.1071
16 1 4 115465 0.1162
16 1 4 115329 0.1149
16 1 4 112916 0.1143
16 1 4 112291 0.1141
16 1 4 109975 0.1108
16 1 4 99369 0.1025
16 1 4 99120 0.1021
16 1 4 98622 0.1001
16 1 4 98468 0.09942
16 1 4 97421 0.1003
16 1 4 94422 0.0987
16 1 4 60537 0.06976
16 1 4 60404 0.06982
16 1 4 60285 0.0719
16 1 4 60170 0.06954
16 1 4 60022 0.06987
16 1 4 59446 0.0684
16 1 4 40153 0.04691
16 1 4 40099 0.04806
16 1 4 40030 0.04638
16 1 4 40009 0.04762
16 1 4 39950 0.04692
16 1 4 39858 0.04669
16 1 4 39328 0.0452
16 1 4 27562 0.0302
16 1 4 27526 0.03129
16 1 4 27507 0.03039
16 1 4 27457 0.03153
16 1 4 27320 0.03104
16 1 4 26618 0.03129
16 1 4 15905 0.01943
16 1 4 15898 0.0191
16 1 4 15889 0.01887
16 1 4 15882 0.01842
16 1 4 15874 0.01886
16 1 4 10406 0.01344
16 1 4 10402 0.01314
16 1 4 10396 0.01342
16 1 4 10394 0.01329
16 1 4 10386 0.01375
16 1 4 10383 0.01291
16 1 4 10380 0.01338
16 1 5 162936 0.2017
16 1 5 162144 0.2089
16 1 5 161641 0.2003
16 1 5 159494 0.2011
16 1 5 159070 0.1987
16 1 5 154681 0.1882
16 1 5 153764 0.1985
16 1 5 128318 0.1829
16 1 5 127862 0.1761
16 1 5 126345 0.1753
16 1 5 125024 0.1833
16 1 5 123609 0.1788
16 1 5 109077 0.1093
16 1 5 108726 0.109
16 1 5 108183 0.1108
16 1 5 108008 0.1081
16 1 5 107739 0.1085
16 1 5 106533 0.1101
16 1 5 101414 0.1047
16 1 5 64359 0.07316
16 1 5 64285 0.07308
16 1 5 64149 0.07152
16 1 5 64013 0.07173
16 1 5 63911 0.07239
16 1 5 63437 0.07265
16 1 5 41942 0.05115
16 1 5 41894 0.04888
16 1 5 41803 0.04923
16 1 5 41757 0.04932
16 1 5 41617 0.04917
16 1 5 41354 0.05033
16 1 5 28532 0.03225
16 1 5 28480 0.0313
16 1 5 28436 0.03076
16 1 5 28430 0.03255
16 1 5 28372 0.03053
16 1 5 28296 0.03182
16 1 5 27816 0.03164
16 1 5 16230 0.01936
16 1 5 16204 0.0193
16 1 5 16200 0.01873
16 1 5 16195 0.01928
16 1 5 16183 0.01819
16 1 5 16046 0.01866
16 1 5 10539 0.01335
16 1 5 10533 0.01362
16 1 5 10530 0.01348
16 1 5 10523 0.01343
16 1 5 10521 0.0132
16 1 5 10519 0.01288
