16 1 1 100000 0.1222
16 1 1 100000 0.1247
16 1 1 100000 0.1224
16 1 1 100000 0.1204
16 1 1 100000 0.1243
16 1 1 100000 0.1215
16 1 1 100000 0.1224
16 1 1 85000 0.1048
16 1 1 85000 0.1041
16 1 1 85000 0.1031
16 1 1 85000 0.1061
16 1 1 85000 0.1113
16 1 1 75000 0.09705
16 1 1 75000 0.09569
16 1 1 75000 0.09208
16 1 1 75000 0.09428
16 1 1 75000 0.0958
16 1 1 75000 0.09358
16 1 1 75000 0.09493
16 1 1 50000 0.0673
16 1 1 50000 0.06211
16 1 1 50000 0.06204
16 1 1 50000 0.06537
16 1 1 50000 0.06418
16 1 1 50000 0.06245
16 1 1 35000 0.04556
16 1 1 35000 0.04728
16 1 1 35000 0.04563
16 1 1 35000 0.04305
16 1 1 35000 0.04478
16 1 1 35000 0.04472
16 1 1 35000 0.04644
16 1 1 25000 0.03111
16 1 1 25000 0.02942
16 1 1 25000 0.02803
16 1 1 25000 0.02876
16 1 1 25000 0.02913
16 1 1 25000 0.02978
16 1 1 15000 0.01749
16 1 1 15000 0.01891
16 1 1 15000 0.01909
16 1 1 15000 0.01927
16 1 1 15000 0.01895
16 1 1 10000 0.01262
16 1 1 10000 0.01399
16 1 1 10000 0.01322
16 1 1 10000 0.01419
16 1 1 10000 0.01205
16 1 1 10000 0.0134
16 1 1 10000 0.01425
16 1 2 113479 0.1438
16 1 2 113102 0.1413
16 1 2 112992 0.1384
16 1 2 112806 0.1398
16 1 2 112806 0.1403
16 1 2 109938 0.1382
16 1 2 102462 0.1337
16 1 2 94475 0.1306
16 1 2 94394 0.1331
16 1 2 94277 0.126
16 1 2 93934 0.1198
16 1 2 93436 0.1167
16 1 2 82631 0.1089
16 1 2 82464 0.1062
16 1 2 82441 0.1056
16 1 2 82417 0.09958
16 1 2 82238 0.09072
16 1 2 82095 0.08917
16 1 2 78480 0.08636
16 1 2 53372 0.06551
16 1 2 53347 0.06667
16 1 2 53316 0.065
16 1 2 53292 0.06592
16 1 2 53231 0.06478
16 1 2 53161 0.06513
16 1 2 52953 0.06505
16 1 2 36620 0.0451
16 1 2 36608 0.04586
16 1 2 36585 0.04686
16 1 2 36580 0.04493
16 1 2 36475 0.04537
16 1 2 25840 0.02965
16 1 2 25836 0.02865
16 1 2 25826 0.0295
16 1 2 25817 0.03032
16 1 2 25803 0.0299
16 1 2 25670 0.02922
16 1 2 15304 0.01874
16 1 2 15303 0.01812
16 1 2 15299 0.0176
16 1 2 15298 0.01855
16 1 2 15297 0.01815
16 1 2 15291 0.01811
16 1 2 15268 0.01858
16 1 2 10134 0.01318
16 1 2 10132 0.01305
16 1 2 10132 0.01313
16 1 2 10130 0.01332
16 1 2 10127 0.01326
16 1 2 10126 0.01299
16 1 3 128307 0.2123
16 1 3 127703 0.2061
16 1 3 127498 0.2147
16 1 3 127243 0.2107
16 1 3 127105 0.207
16 1 3 123831 0.2076
16 1 3 115870 0.1412
16 1 3 104810 0.1295
16 1 3 104473 0.1288
16 1 3 104282 0.1294
16 1 3 103972 0.1294
16 1 3 103309 0.1322
16 1 3 90654 0.1133
16 1 3 90494 0.1129
16 1 3 90441 0.09785
16 1 3 90337 0.09765
16 1 3 90265 0.09553
16 1 3 90027 0.09562
16 1 3 86398 0.09351
16 1 3 56916 0.06863
16 1 3 56870 0.06928
16 1 3 56741 0.0671
16 1 3 56689 0.07022
16 1 3 56597 0.07143
16 1 3 56468 0.06944
16 1 3 56392 0.06757
16 1 3 38305 0.0481
16 1 3 38283 0.04553
16 1 3 38249 0.04375
16 1 3 38192 0.0465
16 1 3 38181 0.04658
16 1 3 26692 0.02985
16 1 3 26673 0.02932
16 1 3 26663 0.02964
16 1 3 26643 0.02984
16 1 3 26624 0.02897
16 1 3 26510 0.0293
16 1 3 15611 0.01889
16 1 3 15609 0.01788
16 1 3 15600 0.01865
16 1 3 15596 0.01798
16 1 3 15589 0.01768
16 1 3 15585 0.01858
16 1 3 15569 0.01967
16 1 3 10268 0.01311
16 1 3 10265 0.01301
16 1 3 10261 0.01344
16 1 3 10258 0.0136
16 1 3 10256 0.01319
16 1 3 10250 0.01307
16 1 4 144877 0.1933
16 1 4 144059 0.1965
16 1 4 143467 0.2002
16 1 4 142728 0.1929
16 1 4 141725 0.1925
16 1 4 138214 0.1942
16 1 4 117092 0.1205
16 1 4 115979 0.1227
16 1 4 115465 0.1225
16 1 4 115291 0.1217
16 1 4 114630 0.1182
16 1 4 111630 0.1164
16 1 4 104799 0.1042
16 1 4 99509 0.1045
16 1 4 99348 0.1079
16 1 4 98873 0.1059
16 1 4 98556 0.1052
16 1 4 98217 0.1067
16 1 4 95531 0.1026
16 1 4 60620 0.0727
16 1 4 60431 0.07067
16 1 4 60388 0.0748
16 1 4 60237 0.07242
16 1 4 60118 0.0739
16 1 4 60013 0.0737
16 1 4 57991 0.06962
16 1 4 40042 0.04874
16 1 4 40025 0.04916
16 1 4 39965 0.04821
16 1 4 39880 0.04753
16 1 4 39629 0.04877
16 1 4 27578 0.03055
16 1 4 27553 0.03232
16 1 4 27518 0.03072
16 1 4 27507 0.0309
16 1 4 27434 0.03064
16 1 4 27050 0.03023
16 1 4 15918 0.01887
16 1 4 15916 0.01922
16 1 4 15902 0.01967
16 1 4 15897 0.01929
16 1 4 15884 0.01874
16 1 4 15880 0.01956
16 1 4 15737 0.01999
16 1 4 10405 0.01367
16 1 4 10400 0.01325
16 1 4 10395 0.01364
16 1 4 10390 0.0136
16 1 4 10385 0.01394
16 1 4 10382 0.01384
16 1 5 163748 0.2063
16 1 5 161788 0.2071
16 1 5 161442 0.2062
16 1 5 159461 0.1992
16 1 5 157494 0.207
16 1 5 156590 0.1978
16 1 5 129058 0.1844
16 1 5 128756 0.1892
16 1 5 127932 0.1896
16 1 5 127670 0.1886
16 1 5 125813 0.1822
16 1 5 123958 0.1827
16 1 5 118224 0.1237
16 1 5 109038 0.1133
16 1 5 108537 0.115
16 1 5 108086 0.1123
16 1 5 107982 0.1135
16 1 5 107314 0.1119
16 1 5 104211 0.1113
16 1 5 64366 0.07588
16 1 5 64286 0.07586
16 1 5 64179 0.07696
16 1 5 64056 0.07469
16 1 5 63980 0.07606
16 1 5 63752 0.07426
16 1 5 41960 0.05082
16 1 5 41924 0.0539
16 1 5 41803 0.05142
16 1 5 41783 0.05054
16 1 5 41749 0.05117
16 1 5 41439 0.05124
16 1 5 40875 0.04924
16 1 5 28467 0.03259
16 1 5 28432 0.03219
16 1 5 28430 0.03147
16 1 5 28369 0.03043
16 1 5 28174 0.03334
16 1 5 27513 0.03164
16 1 5 16210 0.01967
16 1 5 16204 0.0194
16 1 5 16199 0.01936
16 1 5 16191 0.01909
16 1 5 16180 0.01924
16 1 5 15912 0.01978
16 1 5 10535 0.01437
16 1 5 10531 0.01309
16 1 5 10528 0.01411
16 1 5 10522 0.01376
16 1 5 10520 0.01404
16 1 5 10512 0.01326
