16 6 1 100000 0.0761
16 6 1 100000 0.07697
16 6 1 100000 0.07481
16 6 1 100000 0.07263
16 6 1 100000 0.07378
16 6 1 100000 0.07362
16 6 1 85000 0.06265
16 6 1 85000 0.06297
16 6 1 85000 0.06339
16 6 1 85000 0.06335
16 6 1 85000 0.06307
16 6 1 85000 0.06347
16 6 1 85000 0.06284
16 6 1 75000 0.05376
16 6 1 75000 0.05318
16 6 1 75000 0.05407
16 6 1 75000 0.05395
16 6 1 75000 0.05303
16 6 1 50000 0.0314
16 6 1 50000 0.03161
16 6 1 50000 0.03168
16 6 1 50000 0.03128
16 6 1 50000 0.03218
16 6 1 50000 0.03208
16 6 1 50000 0.03354
16 6 1 35000 0.02701
16 6 1 35000 0.02457
16 6 1 35000 0.02208
16 6 1 35000 0.02196
16 6 1 35000 0.02087
16 6 1 35000 0.02073
16 6 1 25000 0.01012
16 6 1 25000 0.01006
16 6 1 25000 0.009977
16 6 1 25000 0.009869
16 6 1 25000 0.009953
16 6 1 25000 0.009986
16 6 1 25000 0.009994
16 6 1 15000 0.006629
16 6 1 15000 0.006531
16 6 1 15000 0.006699
16 6 1 15000 0.006646
16 6 1 15000 0.006663
16 6 1 10000 0.00514
16 6 1 10000 0.005155
16 6 1 10000 0.005249
16 6 1 10000 0.005186
16 6 1 10000 0.005101
16 6 1 10000 0.005163
16 6 1 10000 0.005173
16 6 2 100000 0.07553
16 6 2 100000 0.07487
16 6 2 100000 0.07407
16 6 2 100000 0.07279
16 6 2 100000 0.07331
16 6 2 100000 0.07218
16 6 2 85000 0.0624
16 6 2 85000 0.06278
16 6 2 85000 0.06256
16 6 2 85000 0.06262
16 6 2 85000 0.06432
16 6 2 85000 0.06384
16 6 2 85000 0.0628
16 6 2 75000 0.05227
16 6 2 75000 0.05223
16 6 2 75000 0.05191
16 6 2 75000 0.05251
16 6 2 75000 0.05288
16 6 2 50000 0.03116
16 6 2 50000 0.03096
16 6 2 50000 0.03092
16 6 2 50000 0.03139
16 6 2 50000 0.03139
16 6 2 50000 0.0311
16 6 2 50000 0.03139
16 6 2 35000 0.0206
16 6 2 35000 0.02077
16 6 2 35000 0.02089
16 6 2 35000 0.02077
16 6 2 35000 0.02076
16 6 2 35000 0.02059
16 6 2 25000 0.009838
16 6 2 25000 0.009951
16 6 2 25000 0.009899
16 6 2 25000 0.009957
16 6 2 25000 0.009885
16 6 2 25000 0.01012
16 6 2 25000 0.009811
16 6 2 15000 0.006561
16 6 2 15000 0.006528
16 6 2 15000 0.006655
16 6 2 15000 0.006601
16 6 2 15000 0.006547
16 6 2 10000 0.005073
16 6 2 10000 0.00517
16 6 2 10000 0.005127
16 6 2 10000 0.005094
16 6 2 10000 0.005147
16 6 2 10000 0.005052
16 6 2 10000 0.005114
16 6 3 100000 0.07257
16 6 3 100000 0.07262
16 6 3 100000 0.07196
16 6 3 100000 0.07216
16 6 3 100000 0.07231
16 6 3 100000 0.07177
16 6 3 85000 0.06252
16 6 3 85000 0.06228
16 6 3 85000 0.06271
16 6 3 85000 0.06203
16 6 3 85000 0.06246
16 6 3 85000 0.06194
16 6 3 85000 0.06208
16 6 3 75000 0.05235
16 6 3 75000 0.05199
16 6 3 75000 0.05278
16 6 3 75000 0.0525
16 6 3 75000 0.05212
16 6 3 50000 0.03109
16 6 3 50000 0.03096
16 6 3 50000 0.03135
16 6 3 50000 0.03077
16 6 3 50000 0.03097
16 6 3 50000 0.03099
16 6 3 50000 0.03157
16 6 3 35000 0.02075
16 6 3 35000 0.02071
16 6 3 35000 0.02085
16 6 3 35000 0.0208
16 6 3 35000 0.0208
16 6 3 35000 0.02077
16 6 3 25000 0.009961
16 6 3 25000 0.009845
16 6 3 25000 0.009934
16 6 3 25000 0.009971
16 6 3 25000 0.009924
16 6 3 25000 0.009956
16 6 3 25000 0.009932
16 6 3 15000 0.006546
16 6 3 15000 0.006696
16 6 3 15000 0.006668
16 6 3 15000 0.006554
16 6 3 15000 0.006575
16 6 3 10000 0.005141
16 6 3 10000 0.005086
16 6 3 10000 0.005027
16 6 3 10000 0.005145
16 6 3 10000 0.005062
16 6 3 10000 0.005145
16 6 3 10000 0.005123
16 6 4 100000 0.07226
16 6 4 100000 0.07192
16 6 4 100000 0.07144
16 6 4 100000 0.07227
16 6 4 100000 0.07198
16 6 4 100000 0.07145
16 6 4 85000 0.06272
16 6 4 85000 0.06225
16 6 4 85000 0.06279
16 6 4 85000 0.06193
16 6 4 85000 0.0624
16 6 4 85000 0.0627
16 6 4 85000 0.06226
16 6 4 75000 0.05246
16 6 4 75000 0.05224
16 6 4 75000 0.05323
16 6 4 75000 0.05263
16 6 4 75000 0.05294
16 6 4 50000 0.03132
16 6 4 50000 0.03143
16 6 4 50000 0.03128
16 6 4 50000 0.03146
16 6 4 50000 0.03106
16 6 4 50000 0.03137
16 6 4 50000 0.03111
16 6 4 35000 0.02069
16 6 4 35000 0.02094
16 6 4 35000 0.0207
16 6 4 35000 0.02096
16 6 4 35000 0.02091
16 6 4 35000 0.02134
16 6 4 25000 0.00988
16 6 4 25000 0.009909
16 6 4 25000 0.009936
16 6 4 25000 0.009893
16 6 4 25000 0.01003
16 6 4 25000 0.009933
16 6 4 25000 0.009856
16 6 4 15000 0.006537
16 6 4 15000 0.00677
16 6 4 15000 0.006555
16 6 4 15000 0.00656
16 6 4 15000 0.006641
16 6 4 10000 0.005196
16 6 4 10000 0.00508
16 6 4 10000 0.00511
16 6 4 10000 0.005172
16 6 4 10000 0.005169
16 6 4 10000 0.005137
16 6 4 10000 0.005108
16 6 5 100000 0.07251
16 6 5 100000 0.07239
16 6 5 100000 0.07199
16 6 5 100000 0.07252
16 6 5 100000 0.07189
16 6 5 100000 0.07207
16 6 5 85000 0.06181
16 6 5 85000 0.06229
16 6 5 85000 0.06205
16 6 5 85000 0.06295
16 6 5 85000 0.06157
16 6 5 85000 0.06198
16 6 5 85000 0.06228
16 6 5 75000 0.0532
16 6 5 75000 0.05241
16 6 5 75000 0.052
16 6 5 75000 0.05246
16 6 5 75000 0.05271
16 6 5 50000 0.0311
16 6 5 50000 0.03129
16 6 5 50000 0.03098
16 6 5 50000 0.03105
16 6 5 50000 0.03139
16 6 5 50000 0.03119
16 6 5 50000 0.03104
16 6 5 35000 0.02081
16 6 5 35000 0.02078
16 6 5 35000 0.02057
16 6 5 35000 0.02067
16 6 5 35000 0.02101
16 6 5 35000 0.02059
16 6 5 25000 0.009861
16 6 5 25000 0.01007
16 6 5 25000 0.009918
16 6 5 25000 0.009961
16 6 5 25000 0.009935
16 6 5 25000 0.009881
16 6 5 25000 0.01001
16 6 5 15000 0.006482
16 6 5 15000 0.006568
16 6 5 15000 0.006511
16 6 5 15000 0.006412
16 6 5 15000 0.006555
16 6 5 10000 0.005052
16 6 5 10000 0.005068
16 6 5 10000 0.005074
16 6 5 10000 0.005078
16 6 5 10000 0.005107
16 6 5 10000 0.005129
16 6 5 10000 0.005167
