4 0 1 100000 0.1088
4 0 1 100000 0.1082
4 0 1 100000 0.1032
4 0 1 100000 0.1026
4 0 1 100000 0.1013
4 0 1 100000 0.1026
4 0 1 100000 0.1014
4 0 1 100000 0.1025
4 0 1 100000 0.1018
4 0 1 100000 0.1003
4 0 1 100000 0.102
4 0 1 100000 0.1011
4 0 1 100000 0.1021
4 0 1 100000 0.1019
4 0 1 100000 0.09995
4 0 1 100000 0.09901
4 0 1 100000 0.1279
4 0 1 100000 0.128
4 0 1 100000 0.1297
4 0 1 100000 0.1284
4 0 1 100000 0.1279
4 0 1 100000 0.1279
4 0 1 100000 0.129
4 0 1 100000 0.1288
4 0 1 100000 0.1301
4 0 1 85000 0.08932
4 0 1 85000 0.08848
4 0 1 85000 0.08651
4 0 1 85000 0.09214
4 0 1 85000 0.09082
4 0 1 85000 0.09002
4 0 1 85000 0.08924
4 0 1 85000 0.08952
4 0 1 85000 0.09096
4 0 1 85000 0.1215
4 0 1 85000 0.1256
4 0 1 85000 0.123
4 0 1 85000 0.1258
4 0 1 85000 0.1238
4 0 1 85000 0.1221
4 0 1 85000 0.1263
4 0 1 85000 0.1451
4 0 1 85000 0.1464
4 0 1 85000 0.1486
4 0 1 85000 0.1464
4 0 1 85000 0.1465
4 0 1 85000 0.1467
4 0 1 85000 0.1477
4 0 1 85000 0.1458
4 0 1 85000 0.1251
4 0 1 75000 0.0823
4 0 1 75000 0.08084
4 0 1 75000 0.08007
4 0 1 75000 0.08133
4 0 1 75000 0.08169
4 0 1 75000 0.08045
4 0 1 75000 0.08257
4 0 1 75000 0.07919
4 0 1 75000 0.08148
4 0 1 75000 0.07955
4 0 1 75000 0.08178
4 0 1 75000 0.08096
4 0 1 75000 0.08155
4 0 1 75000 0.08016
4 0 1 75000 0.0819
4 0 1 75000 0.08159
4 0 1 75000 0.1078
4 0 1 75000 0.1068
4 0 1 75000 0.1076
4 0 1 75000 0.1072
4 0 1 75000 0.1081
4 0 1 75000 0.1065
4 0 1 75000 0.1073
4 0 1 75000 0.107
4 0 1 75000 0.1084
4 0 1 50000 0.06084
4 0 1 50000 0.05898
4 0 1 50000 0.06243
4 0 1 50000 0.0587
4 0 1 50000 0.05954
4 0 1 50000 0.06159
4 0 1 50000 0.0597
4 0 1 50000 0.05856
4 0 1 50000 0.0621
4 0 1 50000 0.05719
4 0 1 50000 0.05965
4 0 1 50000 0.06111
4 0 1 50000 0.05795
4 0 1 50000 0.05828
4 0 1 50000 0.05955
4 0 1 50000 0.05958
4 0 1 50000 0.08384
4 0 1 50000 0.08515
4 0 1 50000 0.08406
4 0 1 50000 0.08289
4 0 1 50000 0.08468
4 0 1 50000 0.0843
4 0 1 50000 0.08271
4 0 1 50000 0.0842
4 0 1 50000 0.08433
4 0 1 35000 0.04181
4 0 1 35000 0.04287
4 0 1 35000 0.04254
4 0 1 35000 0.04305
4 0 1 35000 0.04183
4 0 1 35000 0.043
4 0 1 35000 0.04246
4 0 1 35000 0.04151
4 0 1 35000 0.04297
4 0 1 35000 0.04268
4 0 1 35000 0.04275
4 0 1 35000 0.04203
4 0 1 35000 0.04043
4 0 1 35000 0.04127
4 0 1 35000 0.04232
4 0 1 35000 0.0459
4 0 1 35000 0.07122
4 0 1 35000 0.0681
4 0 1 35000 0.06973
4 0 1 35000 0.06857
4 0 1 35000 0.06976
4 0 1 35000 0.06947
4 0 1 35000 0.07006
4 0 1 35000 0.06942
4 0 1 35000 0.07061
4 0 1 25000 0.02873
4 0 1 25000 0.03144
4 0 1 25000 0.03123
4 0 1 25000 0.03096
4 0 1 25000 0.03179
4 0 1 25000 0.03112
4 0 1 25000 0.03149
4 0 1 25000 0.03018
4 0 1 25000 0.03149
4 0 1 25000 0.03088
4 0 1 25000 0.03134
4 0 1 25000 0.03096
4 0 1 25000 0.03072
4 0 1 25000 0.03127
4 0 1 25000 0.03097
4 0 1 25000 0.03117
4 0 1 25000 0.0495
4 0 1 25000 0.0478
4 0 1 25000 0.04891
4 0 1 25000 0.04809
4 0 1 25000 0.0491
4 0 1 25000 0.0477
4 0 1 25000 0.04859
4 0 1 25000 0.04866
4 0 1 25000 0.04805
4 0 1 15000 0.01935
4 0 1 15000 0.01922
4 0 1 15000 0.01976
4 0 1 15000 0.01947
4 0 1 15000 0.01967
4 0 1 15000 0.01875
4 0 1 15000 0.01973
4 0 1 15000 0.01858
4 0 1 15000 0.01962
4 0 1 15000 0.01976
4 0 1 15000 0.01968
4 0 1 15000 0.01852
4 0 1 15000 0.0197
4 0 1 15000 0.01952
4 0 1 15000 0.02003
4 0 1 15000 0.01971
4 0 1 15000 0.02992
4 0 1 15000 0.02944
4 0 1 15000 0.03027
4 0 1 15000 0.02986
4 0 1 15000 0.0301
4 0 1 15000 0.03026
4 0 1 15000 0.03009
4 0 1 15000 0.0299
4 0 1 15000 0.02999
4 0 1 10000 0.01413
4 0 1 10000 0.01306
4 0 1 10000 0.01369
4 0 1 10000 0.01438
4 0 1 10000 0.01387
4 0 1 10000 0.0137
4 0 1 10000 0.0142
4 0 1 10000 0.01358
4 0 1 10000 0.01378
4 0 1 10000 0.01424
4 0 1 10000 0.01335
4 0 1 10000 0.01372
4 0 1 10000 0.01375
4 0 1 10000 0.01397
4 0 1 10000 0.0136
4 0 1 10000 0.01401
4 0 1 10000 0.02077
4 0 1 10000 0.02024
4 0 1 10000 0.02054
4 0 1 10000 0.02053
4 0 1 10000 0.02022
4 0 1 10000 0.02084
4 0 1 10000 0.02054
4 0 1 10000 0.02079
4 0 1 10000 0.02049
4 0 2 113482 0.1569
4 0 2 113482 0.1573
4 0 2 113340 0.1395
4 0 2 113252 0.1123
4 0 2 113136 0.1145
4 0 2 113071 0.1098
4 0 2 113044 0.1126
4 0 2 113024 0.1137
4 0 2 112954 0.1137
4 0 2 112915 0.1139
4 0 2 112895 0.103
4 0 2 112805 0.1119
4 0 2 112805 0.111
4 0 2 112752 0.1145
4 0 2 112330 0.1131
4 0 2 112319 0.1375
4 0 2 108970 0.1109
4 0 2 108970 0.111
4 0 2 107787 0.109
4 0 2 106486 0.1355
4 0 2 104167 0.1351
4 0 2 102354 0.1335
4 0 2 102017 0.1324
4 0 2 97099 0.1286
4 0 2 96880 0.1272
4 0 2 94670 0.09738
4 0 2 94575 0.09841
4 0 2 94548 0.09846
4 0 2 94546 0.09764
4 0 2 94514 0.0992
4 0 2 94462 0.09781
4 0 2 94394 0.09725
4 0 2 94367 0.09417
4 0 2 94346 0.09869
4 0 2 94342 0.1272
4 0 2 94283 0.09815
4 0 2 94231 0.1251
4 0 2 94161 0.09694
4 0 2 94089 0.1051
4 0 2 94034 0.1057
4 0 2 93879 0.09831
4 0 2 93234 0.1232
4 0 2 93037 0.09883
4 0 2 91249 0.1229
4 0 2 88576 0.1196
4 0 2 88403 0.1203
4 0 2 84507 0.1162
4 0 2 84104 0.1166
4 0 2 82547 0.1151
4 0 2 82472 0.08758
4 0 2 82464 0.087
4 0 2 82458 0.0879
4 0 2 82446 0.0896
4 0 2 82423 0.08877
4 0 2 82422 0.08799
4 0 2 82417 0.08877
4 0 2 82392 0.08658
4 0 2 82311 0.08976
4 0 2 82288 0.08807
4 0 2 82261 0.08648
4 0 2 82238 0.0892
4 0 2 82095 0.08816
4 0 2 81947 0.08659
4 0 2 81884 0.1129
4 0 2 81540 0.1131
4 0 2 81231 0.1123
4 0 2 80634 0.0874
4 0 2 80523 0.113
4 0 2 78618 0.1105
4 0 2 78432 0.11
4 0 2 77618 0.1098
4 0 2 76451 0.1094
4 0 2 76204 0.1111
4 0 2 74830 0.1072
4 0 2 67987 0.1019
4 0 2 53383 0.08896
4 0 2 53372 0.06286
4 0 2 53371 0.06129
4 0 2 53347 0.06536
4 0 2 53346 0.06166
4 0 2 53326 0.06374
4 0 2 53316 0.06494
4 0 2 53301 0.06327
4 0 2 53292 0.06364
4 0 2 53281 0.06384
4 0 2 53265 0.06168
4 0 2 53244 0.06365
4 0 2 53231 0.06137
4 0 2 53200 0.06272
4 0 2 53192 0.06312
4 0 2 53169 0.08861
4 0 2 53151 0.06135
4 0 2 52899 0.06288
4 0 2 52580 0.08757
4 0 2 52223 0.05878
4 0 2 51736 0.0871
4 0 2 51124 0.08534
4 0 2 50686 0.08407
4 0 2 48575 0.08095
4 0 2 46698 0.07877
4 0 2 36662 0.04035
4 0 2 36662 0.04032
4 0 2 36662 0.06401
4 0 2 36662 0.06376
4 0 2 36647 0.04289
4 0 2 36645 0.04252
4 0 2 36639 0.04187
4 0 2 36617 0.04249
4 0 2 36617 0.04253
4 0 2 36610 0.04235
4 0 2 36609 0.04244
4 0 2 36604 0.04343
4 0 2 36597 0.04279
4 0 2 36585 0.04285
4 0 2 36580 0.04187
4 0 2 36580 0.0416
4 0 2 36568 0.04281
4 0 2 36460 0.04224
4 0 2 36209 0.06447
4 0 2 35962 0.06336
4 0 2 35776 0.04177
4 0 2 35235 0.04195
4 0 2 35000 0.06256
4 0 2 34541 0.06118
4 0 2 34387 0.0612
4 0 2 25845 0.0284
4 0 2 25843 0.04687
4 0 2 25840 0.0281
4 0 2 25836 0.02885
4 0 2 25834 0.02831
4 0 2 25833 0.02951
4 0 2 25828 0.02886
4 0 2 25826 0.02958
4 0 2 25820 0.02961
4 0 2 25820 0.02951
4 0 2 25816 0.02984
4 0 2 25815 0.02799
4 0 2 25808 0.02876
4 0 2 25805 0.02851
4 0 2 25803 0.0279
4 0 2 25791 0.02825
4 0 2 25789 0.02893
4 0 2 25753 0.0281
4 0 2 25707 0.04818
4 0 2 25451 0.04678
4 0 2 24937 0.04565
4 0 2 24667 0.04614
4 0 2 24392 0.0442
4 0 2 24303 0.04437
4 0 2 24154 0.04431
4 0 2 15304 0.01815
4 0 2 15303 0.01737
4 0 2 15302 0.01797
4 0 2 15301 0.01784
4 0 2 15300 0.0173
4 0 2 15299 0.0181
4 0 2 15299 0.01802
4 0 2 15298 0.01818
4 0 2 15298 0.01877
4 0 2 15298 0.01812
4 0 2 15297 0.01818
4 0 2 15295 0.01748
4 0 2 15291 0.01758
4 0 2 15289 0.01791
4 0 2 15279 0.01844
4 0 2 15278 0.02893
4 0 2 15269 0.02934
4 0 2 15267 0.02915
4 0 2 15263 0.01713
4 0 2 15179 0.01741
4 0 2 15166 0.02924
4 0 2 15036 0.02869
4 0 2 14997 0.02832
4 0 2 14986 0.02873
4 0 2 14764 0.0284
4 0 2 10134 0.01265
4 0 2 10134 0.01237
4 0 2 10134 0.0202
4 0 2 10133 0.01286
4 0 2 10133 0.01236
4 0 2 10133 0.01962
4 0 2 10132 0.01212
4 0 2 10132 0.01298
4 0 2 10132 0.01212
4 0 2 10131 0.0128
4 0 2 10130 0.01296
4 0 2 10130 0.01303
4 0 2 10128 0.0128
4 0 2 10128 0.01273
4 0 2 10127 0.01252
4 0 2 10127 0.01262
4 0 2 10126 0.01274
4 0 2 10115 0.01973
4 0 2 10101 0.01998
4 0 2 10077 0.01262
4 0 2 10034 0.01961
4 0 2 10012 0.01961
4 0 2 10005 0.0192
4 0 2 9899 0.01937
4 0 2 9895 0.01943
4 0 3 128154 0.1805
4 0 3 128154 0.1746
4 0 3 128086 0.1768
4 0 3 127772 0.1785
4 0 3 127730 0.175
4 0 3 127699 0.1833
4 0 3 127581 0.176
4 0 3 127418 0.1836
4 0 3 127197 0.1817
4 0 3 127129 0.1764
4 0 3 127116 0.1752
4 0 3 126773 0.1757
4 0 3 126744 0.2703
4 0 3 126131 0.1745
4 0 3 124400 0.1767
4 0 3 124144 0.1776
4 0 3 121776 0.1227
4 0 3 116263 0.1457
4 0 3 112871 0.1459
4 0 3 109078 0.1422
4 0 3 105794 0.1619
4 0 3 105354 0.1138
4 0 3 105150 0.1054
4 0 3 105127 0.1055
4 0 3 105096 0.1048
4 0 3 105045 0.1071
4 0 3 105002 0.1065
4 0 3 104992 0.1048
4 0 3 104834 0.1109
4 0 3 104805 0.106
4 0 3 104552 0.1076
4 0 3 104541 0.1054
4 0 3 104383 0.1265
4 0 3 104340 0.1055
4 0 3 104163 0.1059
4 0 3 104043 0.105
4 0 3 103696 0.1039
4 0 3 103428 0.1014
4 0 3 101418 0.1307
4 0 3 97762 0.1256
4 0 3 96863 0.1196
4 0 3 95808 0.1354
4 0 3 95776 0.1238
4 0 3 91419 0.1191
4 0 3 90759 0.09459
4 0 3 90721 0.09394
4 0 3 90595 0.09278
4 0 3 90588 0.09289
4 0 3 90477 0.0923
4 0 3 90475 0.09384
4 0 3 90449 0.09294
4 0 3 90416 0.09198
4 0 3 90366 0.09081
4 0 3 90332 0.09137
4 0 3 90194 0.09132
4 0 3 90135 0.09322
4 0 3 90021 0.09074
4 0 3 90018 0.08968
4 0 3 89808 0.09335
4 0 3 89217 0.09163
4 0 3 89078 0.1182
4 0 3 88593 0.09111
4 0 3 84745 0.1149
4 0 3 84159 0.1086
4 0 3 80246 0.1103
4 0 3 79687 0.1103
4 0 3 79360 0.1149
4 0 3 78966 0.1291
4 0 3 77191 0.1274
4 0 3 76622 0.1278
4 0 3 75419 0.1265
4 0 3 75323 0.127
4 0 3 74834 0.1263
4 0 3 71497 0.1213
4 0 3 71347 0.1228
4 0 3 56983 0.08234
4 0 3 56891 0.08136
4 0 3 56878 0.08084
4 0 3 56835 0.08046
4 0 3 56820 0.08094
4 0 3 56799 0.07687
4 0 3 56793 0.08035
4 0 3 56755 0.08005
4 0 3 56754 0.0803
4 0 3 56708 0.08031
4 0 3 56701 0.07994
4 0 3 56685 0.08072
4 0 3 56655 0.0794
4 0 3 56558 0.08202
4 0 3 56555 0.07955
4 0 3 56305 0.07963
4 0 3 55698 0.07871
4 0 3 55401 0.1027
4 0 3 53799 0.1027
4 0 3 53106 0.1001
4 0 3 51861 0.09715
4 0 3 51538 0.09707
4 0 3 49314 0.09259
4 0 3 48764 0.09198
4 0 3 46864 0.08768
4 0 3 38381 0.07356
4 0 3 38377 0.05146
4 0 3 38356 0.05149
4 0 3 38354 0.0531
4 0 3 38332 0.05294
4 0 3 38321 0.05141
4 0 3 38306 0.05296
4 0 3 38305 0.05063
4 0 3 38299 0.05114
4 0 3 38297 0.05069
4 0 3 38284 0.05125
4 0 3 38273 0.05141
4 0 3 38226 0.05083
4 0 3 38226 0.05085
4 0 3 38175 0.07117
4 0 3 38072 0.05193
4 0 3 37921 0.05211
4 0 3 37378 0.05203
4 0 3 36760 0.04961
4 0 3 36156 0.07092
4 0 3 35694 0.06958
4 0 3 35190 0.06851
4 0 3 35017 0.069
4 0 3 34408 0.06715
4 0 3 33250 0.06388
4 0 3 26711 0.03171
4 0 3 26710 0.03227
4 0 3 26696 0.03213
4 0 3 26690 0.03293
4 0 3 26685 0.03299
4 0 3 26683 0.03277
4 0 3 26674 0.03165
4 0 3 26667 0.03188
4 0 3 26661 0.03238
4 0 3 26660 0.03169
4 0 3 26656 0.0335
4 0 3 26656 0.03309
4 0 3 26645 0.03481
4 0 3 26637 0.03245
4 0 3 26635 0.03301
4 0 3 26602 0.03313
4 0 3 26588 0.03247
4 0 3 26090 0.05045
4 0 3 25465 0.0493
4 0 3 25212 0.04852
4 0 3 24950 0.04775
4 0 3 24874 0.04748
4 0 3 24044 0.04665
4 0 3 23588 0.04599
4 0 3 23527 0.04492
4 0 3 15608 0.02016
4 0 3 15606 0.01941
4 0 3 15606 0.01949
4 0 3 15603 0.0199
4 0 3 15602 0.01966
4 0 3 15600 0.01957
4 0 3 15599 0.0204
4 0 3 15597 0.01951
4 0 3 15597 0.0196
4 0 3 15595 0.02022
4 0 3 15591 0.01901
4 0 3 15585 0.02036
4 0 3 15585 0.02025
4 0 3 15577 0.01915
4 0 3 15576 0.01962
4 0 3 15572 0.01959
4 0 3 15558 0.02036
4 0 3 15474 0.01976
4 0 3 15241 0.03065
4 0 3 15118 0.03055
4 0 3 15084 0.03031
4 0 3 15049 0.03053
4 0 3 14969 0.03037
4 0 3 14924 0.02996
4 0 3 14795 0.02982
4 0 3 10270 0.01429
4 0 3 10268 0.01449
4 0 3 10267 0.01381
4 0 3 10267 0.01375
4 0 3 10266 0.01345
4 0 3 10266 0.01348
4 0 3 10264 0.01436
4 0 3 10264 0.01428
4 0 3 10263 0.0137
4 0 3 10263 0.01368
4 0 3 10261 0.0144
4 0 3 10261 0.01445
4 0 3 10260 0.01421
4 0 3 10259 0.01378
4 0 3 10257 0.01384
4 0 3 10248 0.01397
4 0 3 10211 0.01389
4 0 3 10180 0.02125
4 0 3 10152 0.02077
4 0 3 10125 0.02099
4 0 3 10082 0.02069
4 0 3 10011 0.0204
4 0 3 10007 0.02053
4 0 3 9956 0.02077
4 0 3 9915 0.02094
4 0 4 144746 0.2352
4 0 4 144746 0.2335
4 0 4 144528 0.24
4 0 4 144393 0.2092
4 0 4 144052 0.1935
4 0 4 144042 0.1906
4 0 4 143747 0.1876
4 0 4 143747 0.1872
4 0 4 143710 0.1902
4 0 4 143529 0.1854
4 0 4 143511 0.1876
4 0 4 143156 0.1854
4 0 4 142733 0.1894
4 0 4 141597 0.1895
4 0 4 139726 0.1864
4 0 4 139726 0.2042
4 0 4 135454 0.2717
4 0 4 118683 0.1458
4 0 4 117056 0.1147
4 0 4 116809 0.1143
4 0 4 116751 0.114
4 0 4 116570 0.1137
4 0 4 116551 0.1143
4 0 4 116470 0.1169
4 0 4 116410 0.1165
4 0 4 116312 0.1128
4 0 4 116036 0.1144
4 0 4 115900 0.1121
4 0 4 115877 0.1115
4 0 4 115730 0.1136
4 0 4 115607 0.1153
4 0 4 115527 0.1161
4 0 4 115498 0.1159
4 0 4 115309 0.1135
4 0 4 114960 0.1139
4 0 4 114524 0.1421
4 0 4 110038 0.1373
4 0 4 107122 0.1366
4 0 4 103927 0.1347
4 0 4 101593 0.132
4 0 4 99970 0.1294
4 0 4 99677 0.1287
4 0 4 99594 0.1009
4 0 4 99543 0.1014
4 0 4 99387 0.1006
4 0 4 99356 0.1018
4 0 4 99298 0.09959
4 0 4 99206 0.1006
4 0 4 99080 0.1009
4 0 4 98995 0.09888
4 0 4 98899 0.1009
4 0 4 98886 0.09981
4 0 4 98741 0.1004
4 0 4 98655 0.09454
4 0 4 98269 0.09922
4 0 4 97605 0.1
4 0 4 97520 0.09822
4 0 4 97431 0.1006
4 0 4 96165 0.1004
4 0 4 94707 0.1236
4 0 4 93221 0.1216
4 0 4 89873 0.1197
4 0 4 87261 0.1159
4 0 4 84439 0.1138
4 0 4 83072 0.1121
4 0 4 81553 0.1117
4 0 4 81110 0.1096
4 0 4 79263 0.1059
4 0 4 79043 0.1092
4 0 4 77954 0.1089
4 0 4 77460 0.1079
4 0 4 74579 0.1065
4 0 4 73170 0.1049
4 0 4 71805 0.1035
4 0 4 71417 0.1044
4 0 4 60664 0.07039
4 0 4 60656 0.06987
4 0 4 60584 0.07093
4 0 4 60539 0.06967
4 0 4 60504 0.0693
4 0 4 60503 0.06889
4 0 4 60475 0.07024
4 0 4 60467 0.07027
4 0 4 60385 0.06821
4 0 4 60371 0.06937
4 0 4 60304 0.06985
4 0 4 60233 0.06909
4 0 4 60192 0.06822
4 0 4 60123 0.07075
4 0 4 59912 0.06995
4 0 4 59909 0.06901
4 0 4 58503 0.09312
4 0 4 56540 0.09346
4 0 4 55030 0.09121
4 0 4 54042 0.08943
4 0 4 52840 0.09339
4 0 4 52265 0.0979
4 0 4 51487 0.0945
4 0 4 48858 0.08594
4 0 4 44335 0.07647
4 0 4 40187 0.06842
4 0 4 40145 0.04549
4 0 4 40127 0.04732
4 0 4 40107 0.0469
4 0 4 40098 0.04704
4 0 4 40080 0.04617
4 0 4 40068 0.04632
4 0 4 40062 0.0461
4 0 4 40040 0.0472
4 0 4 40007 0.04643
4 0 4 40005 0.04565
4 0 4 39980 0.04818
4 0 4 39973 0.04687
4 0 4 39935 0.04627
4 0 4 39873 0.04548
4 0 4 39798 0.06783
4 0 4 39055 0.04644
4 0 4 38441 0.04451
4 0 4 37152 0.06412
4 0 4 36676 0.06359
4 0 4 36615 0.06323
4 0 4 36441 0.06347
4 0 4 35682 0.06242
4 0 4 34780 0.062
4 0 4 33446 0.05875
4 0 4 27608 0.0301
4 0 4 27582 0.03106
4 0 4 27576 0.03079
4 0 4 27567 0.03065
4 0 4 27563 0.03027
4 0 4 27558 0.03035
4 0 4 27552 0.03166
4 0 4 27547 0.02935
4 0 4 27539 0.03049
4 0 4 27526 0.03058
4 0 4 27511 0.03017
4 0 4 27508 0.02928
4 0 4 27506 0.03172
4 0 4 27495 0.03061
4 0 4 27494 0.03009
4 0 4 27477 0.03144
4 0 4 27467 0.03
4 0 4 26027 0.04814
4 0 4 25844 0.0481
4 0 4 25442 0.04751
4 0 4 24553 0.04538
4 0 4 24501 0.04594
4 0 4 24236 0.04423
4 0 4 23862 0.04374
4 0 4 23605 0.04382
4 0 4 15919 0.01863
4 0 4 15919 0.01854
4 0 4 15915 0.01836
4 0 4 15913 0.01976
4 0 4 15908 0.01904
4 0 4 15908 0.01899
4 0 4 15902 0.01996
4 0 4 15899 0.01878
4 0 4 15896 0.01791
4 0 4 15896 0.01817
4 0 4 15890 0.0193
4 0 4 15889 0.01981
4 0 4 15877 0.01878
4 0 4 15875 0.01848
4 0 4 15873 0.01824
4 0 4 15857 0.01979
4 0 4 15787 0.01812
4 0 4 15497 0.03088
4 0 4 15443 0.03042
4 0 4 15304 0.03002
4 0 4 15152 0.02964
4 0 4 15063 0.02927
4 0 4 14873 0.02882
4 0 4 14863 0.02879
4 0 4 14681 0.03048
4 0 4 10406 0.01468
4 0 4 10403 0.01472
4 0 4 10403 0.01467
4 0 4 10401 0.0149
4 0 4 10401 0.01494
4 0 4 10400 0.01439
4 0 4 10399 0.01453
4 0 4 10398 0.01391
4 0 4 10398 0.01394
4 0 4 10397 0.01451
4 0 4 10396 0.01468
4 0 4 10393 0.01487
4 0 4 10392 0.01445
4 0 4 10390 0.01464
4 0 4 10388 0.01453
4 0 4 10373 0.01362
4 0 4 10340 0.01475
4 0 4 10206 0.02127
4 0 4 10198 0.02158
4 0 4 10188 0.02151
4 0 4 10124 0.02124
4 0 4 10114 0.02063
4 0 4 10056 0.02111
4 0 4 9991 0.0206
4 0 4 9884 0.02059
4 0 5 163237 0.2508
4 0 5 163237 0.249
4 0 5 162976 0.2484
4 0 5 162963 0.2349
4 0 5 162712 0.1999
4 0 5 162688 0.1963
4 0 5 162271 0.1861
4 0 5 162271 0.1862
4 0 5 162077 0.1973
4 0 5 161563 0.1962
4 0 5 161448 0.1983
4 0 5 161322 0.1974
4 0 5 160877 0.1948
4 0 5 159826 0.1937
4 0 5 158938 0.1977
4 0 5 155561 0.1922
4 0 5 148951 0.2705
4 0 5 148161 0.2738
4 0 5 129784 0.1784
4 0 5 129505 0.1789
4 0 5 129467 0.1752
4 0 5 129306 0.1835
4 0 5 129059 0.1745
4 0 5 128822 0.1798
4 0 5 128803 0.1771
4 0 5 128803 0.1772
4 0 5 128273 0.2601
4 0 5 128067 0.1789
4 0 5 128063 0.1651
4 0 5 127929 0.1823
4 0 5 127883 0.1747
4 0 5 127789 0.1746
4 0 5 127585 0.1804
4 0 5 127443 0.1799
4 0 5 123714 0.2646
4 0 5 116518 0.1403
4 0 5 113421 0.1409
4 0 5 111223 0.1388
4 0 5 109146 0.1075
4 0 5 108932 0.1092
4 0 5 108834 0.1063
4 0 5 108695 0.106
4 0 5 108647 0.1081
4 0 5 108638 0.1091
4 0 5 108530 0.1081
4 0 5 108513 0.1071
4 0 5 108438 0.1355
4 0 5 108357 0.1081
4 0 5 108305 0.1066
4 0 5 108030 0.108
4 0 5 107861 0.109
4 0 5 107797 0.1076
4 0 5 107049 0.1057
4 0 5 106863 0.1034
4 0 5 106619 0.1354
4 0 5 104611 0.1341
4 0 5 102257 0.1309
4 0 5 97591 0.1267
4 0 5 95057 0.1238
4 0 5 93731 0.1234
4 0 5 92102 0.1221
4 0 5 90165 0.1215
4 0 5 88863 0.1124
4 0 5 88149 0.1166
4 0 5 86541 0.115
4 0 5 84620 0.1136
4 0 5 81842 0.1087
4 0 5 80545 0.1112
4 0 5 80394 0.1117
4 0 5 79344 0.1093
4 0 5 75372 0.1055
4 0 5 72994 0.1043
4 0 5 71761 0.1042
4 0 5 69350 0.1
4 0 5 65256 0.09975
4 0 5 64545 0.07136
4 0 5 64542 0.07069
4 0 5 64518 0.07025
4 0 5 64504 0.07085
4 0 5 64409 0.07148
4 0 5 64383 0.06828
4 0 5 64369 0.07018
4 0 5 64296 0.07073
4 0 5 64257 0.07158
4 0 5 64242 0.06993
4 0 5 64164 0.07185
4 0 5 64083 0.07158
4 0 5 63824 0.0708
4 0 5 63799 0.07241
4 0 5 63797 0.0711
4 0 5 63752 0.06898
4 0 5 63037 0.06891
4 0 5 58223 0.09196
4 0 5 56010 0.08986
4 0 5 54947 0.08845
4 0 5 54853 0.08933
4 0 5 52468 0.08573
4 0 5 50687 0.08294
4 0 5 50516 0.08277
4 0 5 42016 0.05012
4 0 5 42016 0.05015
4 0 5 41969 0.04996
4 0 5 41946 0.04803
4 0 5 41945 0.04914
4 0 5 41933 0.04878
4 0 5 41926 0.04966
4 0 5 41912 0.04856
4 0 5 41873 0.0481
4 0 5 41863 0.04944
4 0 5 41854 0.04949
4 0 5 41790 0.04934
4 0 5 41780 0.04915
4 0 5 41725 0.04834
4 0 5 41721 0.04817
4 0 5 41664 0.04957
4 0 5 41503 0.06981
4 0 5 40850 0.04585
4 0 5 40253 0.04679
4 0 5 38491 0.06615
4 0 5 38161 0.06484
4 0 5 37128 0.06393
4 0 5 36587 0.06431
4 0 5 35493 0.06294
4 0 5 35083 0.06169
4 0 5 34614 0.06186
4 0 5 28505 0.0303
4 0 5 28502 0.03024
4 0 5 28473 0.03112
4 0 5 28466 0.0308
4 0 5 28453 0.03093
4 0 5 28441 0.03114
4 0 5 28436 0.03155
4 0 5 28425 0.03155
4 0 5 28415 0.03185
4 0 5 28410 0.0307
4 0 5 28394 0.02915
4 0 5 28392 0.03
4 0 5 28387 0.03097
4 0 5 28384 0.03008
4 0 5 28377 0.03155
4 0 5 28368 0.03068
4 0 5 26670 0.0492
4 0 5 26654 0.0496
4 0 5 25748 0.04876
4 0 5 25573 0.04663
4 0 5 25406 0.04625
4 0 5 24775 0.04543
4 0 5 23810 0.04407
4 0 5 23710 0.04366
4 0 5 23562 0.04391
4 0 5 16234 0.01849
4 0 5 16229 0.01887
4 0 5 16222 0.01858
4 0 5 16221 0.01798
4 0 5 16218 0.01774
4 0 5 16218 0.01773
4 0 5 16216 0.01874
4 0 5 16208 0.01861
4 0 5 16206 0.0188
4 0 5 16201 0.01763
4 0 5 16199 0.01912
4 0 5 16195 0.01958
4 0 5 16188 0.0189
4 0 5 16183 0.01815
4 0 5 16168 0.01922
4 0 5 16161 0.01849
4 0 5 15988 0.03102
4 0 5 15776 0.03029
4 0 5 15483 0.03035
4 0 5 15277 0.02863
4 0 5 15225 0.02905
4 0 5 15035 0.0291
4 0 5 14980 0.02917
4 0 5 14751 0.02833
4 0 5 14740 0.02869
4 0 5 10542 0.01315
4 0 5 10540 0.01322
4 0 5 10538 0.01301
4 0 5 10538 0.01327
4 0 5 10537 0.01295
4 0 5 10536 0.01328
4 0 5 10535 0.01331
4 0 5 10533 0.01334
4 0 5 10530 0.01322
4 0 5 10530 0.01333
4 0 5 10528 0.01295
4 0 5 10527 0.0128
4 0 5 10524 0.01381
4 0 5 10519 0.013
4 0 5 10514 0.01368
4 0 5 10506 0.01363
4 0 5 10412 0.02123
4 0 5 10304 0.02096
4 0 5 10262 0.02058
4 0 5 10168 0.02035
4 0 5 10141 0.01971
4 0 5 10114 0.02
4 0 5 10028 0.01919
4 0 5 9951 0.01956
4 0 5 9889 0.0194
