16 9 1 100000 0.1136
16 9 1 100000 0.1355
16 9 1 100000 0.1337
16 9 1 100000 0.133
16 9 1 100000 0.1307
16 9 1 100000 0.1255
16 9 1 85000 0.09307
16 9 1 85000 0.09373
16 9 1 85000 0.09377
16 9 1 85000 0.09504
16 9 1 85000 0.0961
16 9 1 85000 0.09191
16 9 1 85000 0.0939
16 9 1 75000 0.09589
16 9 1 75000 0.08685
16 9 1 75000 0.08657
16 9 1 75000 0.08445
16 9 1 75000 0.08525
16 9 1 75000 0.08424
16 9 1 50000 0.06066
16 9 1 50000 0.06355
16 9 1 50000 0.06288
16 9 1 50000 0.05994
16 9 1 50000 0.06285
16 9 1 50000 0.06386
16 9 1 35000 0.04326
16 9 1 35000 0.04349
16 9 1 35000 0.04455
16 9 1 35000 0.04348
16 9 1 35000 0.04369
16 9 1 35000 0.04354
16 9 1 35000 0.04452
16 9 1 25000 0.02833
16 9 1 25000 0.02937
16 9 1 25000 0.02941
16 9 1 25000 0.02925
16 9 1 25000 0.02807
16 9 1 25000 0.02834
16 9 1 15000 0.01778
16 9 1 15000 0.01804
16 9 1 15000 0.01836
16 9 1 15000 0.0178
16 9 1 15000 0.01748
16 9 1 15000 0.01779
16 9 1 10000 0.01277
16 9 1 10000 0.01316
16 9 1 10000 0.0128
16 9 1 10000 0.01305
16 9 1 10000 0.01283
16 9 1 10000 0.01285
16 9 2 111187 0.1158
16 9 2 108784 0.1155
16 9 2 104702 0.1089
16 9 2 101192 0.1073
16 9 2 98389 0.1036
16 9 2 94712 0.1016
16 9 2 94613 0.102
16 9 2 92288 0.09983
16 9 2 91579 0.09765
16 9 2 87095 0.09485
16 9 2 85856 0.09346
16 9 2 82526 0.09211
16 9 2 81050 0.09373
16 9 2 78634 0.08958
16 9 2 78588 0.09033
16 9 2 77761 0.08689
16 9 2 76250 0.08558
16 9 2 75298 0.08947
16 9 2 71348 0.08417
16 9 2 53383 0.06759
16 9 2 53145 0.06762
16 9 2 52875 0.06751
16 9 2 51316 0.06319
16 9 2 49726 0.06293
16 9 2 48383 0.05902
16 9 2 36662 0.04599
16 9 2 36638 0.04506
16 9 2 36190 0.04621
16 9 2 36018 0.04515
16 9 2 35000 0.0454
16 9 2 34898 0.04512
16 9 2 25848 0.0321
16 9 2 25844 0.03038
16 9 2 25833 0.03059
16 9 2 25824 0.02936
16 9 2 25267 0.02958
16 9 2 24528 0.03031
16 9 2 24234 0.02823
16 9 2 15303 0.0191
16 9 2 15294 0.0191
16 9 2 15201 0.01863
16 9 2 15053 0.01918
16 9 2 14829 0.01905
16 9 2 14754 0.01841
16 9 2 10133 0.01346
16 9 2 10121 0.01311
16 9 2 10050 0.01315
16 9 2 10003 0.01278
16 9 2 9945 0.01294
16 9 2 9911 0.01334
16 9 3 121465 0.1268
16 9 3 117113 0.1207
16 9 3 105344 0.1087
16 9 3 104265 0.1098
16 9 3 103399 0.1127
16 9 3 100446 0.1083
16 9 3 97656 0.1099
16 9 3 96045 0.1247
16 9 3 92460 0.1189
16 9 3 92460 0.1196
16 9 3 86703 0.1112
16 9 3 85530 0.112
16 9 3 84333 0.1118
16 9 3 83938 0.1079
16 9 3 82057 0.1104
16 9 3 80633 0.1104
16 9 3 78489 0.09364
16 9 3 76127 0.08181
16 9 3 66934 0.08137
16 9 3 56949 0.07063
16 9 3 53828 0.0674
16 9 3 53468 0.06794
16 9 3 52623 0.06749
16 9 3 51378 0.06605
16 9 3 47112 0.06017
16 9 3 45299 0.05771
16 9 3 37408 0.04652
16 9 3 36653 0.04573
16 9 3 35800 0.04436
16 9 3 34808 0.04283
16 9 3 34389 0.04301
16 9 3 26694 0.0314
16 9 3 26690 0.03184
16 9 3 26345 0.03061
16 9 3 25973 0.03129
16 9 3 25362 0.03005
16 9 3 25035 0.02951
16 9 3 23879 0.02873
16 9 3 15546 0.01949
16 9 3 15424 0.01974
16 9 3 15247 0.01842
16 9 3 15135 0.0179
16 9 3 14949 0.01955
16 9 3 14453 0.01918
16 9 3 10151 0.01328
16 9 3 10113 0.01345
16 9 3 10092 0.01375
16 9 3 10042 0.01361
16 9 3 10025 0.01348
16 9 3 9857 0.01344
16 9 4 125547 0.1947
16 9 4 125237 0.191
16 9 4 115062 0.1187
16 9 4 109354 0.1194
16 9 4 104630 0.1139
16 9 4 104061 0.1138
16 9 4 100052 0.1104
16 9 4 98916 0.1083
16 9 4 94979 0.1065
16 9 4 94979 0.1048
16 9 4 90961 0.09788
16 9 4 90000 0.1003
16 9 4 88215 0.09771
16 9 4 87669 0.09678
16 9 4 85411 0.09823
16 9 4 81016 0.09036
16 9 4 79663 0.09109
16 9 4 76971 0.08894
16 9 4 64743 0.07663
16 9 4 59985 0.07515
16 9 4 56812 0.07279
16 9 4 54478 0.07099
16 9 4 53952 0.06622
16 9 4 52434 0.06338
16 9 4 48695 0.06046
16 9 4 38276 0.04777
16 9 4 37843 0.04861
16 9 4 37495 0.04618
16 9 4 36686 0.04598
16 9 4 36089 0.04429
16 9 4 33741 0.04251
16 9 4 32843 0.04074
16 9 4 26923 0.03103
16 9 4 26012 0.02995
16 9 4 25884 0.0315
16 9 4 25566 0.03037
16 9 4 25052 0.03033
16 9 4 23336 0.02739
16 9 4 15786 0.01999
16 9 4 15578 0.01968
16 9 4 15397 0.01966
16 9 4 15082 0.01888
16 9 4 14859 0.01885
16 9 4 14670 0.01852
16 9 4 10249 0.01411
16 9 4 10177 0.01393
16 9 4 10154 0.01414
16 9 4 10103 0.01292
16 9 4 9983 0.01302
16 9 4 9944 0.01327
16 9 5 128141 0.1879
16 9 5 127492 0.1891
16 9 5 125232 0.1897
16 9 5 118114 0.1229
16 9 5 115594 0.122
16 9 5 108065 0.1126
16 9 5 106604 0.1172
16 9 5 100521 0.1087
16 9 5 97973 0.108
16 9 5 96701 0.1067
16 9 5 94485 0.1027
16 9 5 94049 0.1026
16 9 5 91720 0.1016
16 9 5 91720 0.1017
16 9 5 85288 0.09537
16 9 5 85288 0.09536
16 9 5 83324 0.09493
16 9 5 82231 0.09312
16 9 5 71270 0.08426
16 9 5 61025 0.07354
16 9 5 57613 0.0701
16 9 5 55792 0.0695
16 9 5 52348 0.06744
16 9 5 52210 0.06402
16 9 5 47413 0.06072
16 9 5 47326 0.06043
16 9 5 38603 0.04839
16 9 5 37450 0.04547
16 9 5 36199 0.04663
16 9 5 35229 0.04508
16 9 5 33905 0.04217
16 9 5 28503 0.03279
16 9 5 27110 0.03253
16 9 5 26380 0.03041
16 9 5 26095 0.03098
16 9 5 25785 0.02997
16 9 5 24884 0.03075
16 9 5 24255 0.02829
16 9 5 15870 0.02019
16 9 5 15623 0.0194
16 9 5 15334 0.01868
16 9 5 15229 0.01894
16 9 5 15122 0.01943
16 9 5 14575 0.01858
16 9 5 10318 0.01442
16 9 5 10164 0.01364
16 9 5 10117 0.01392
16 9 5 10067 0.01292
16 9 5 10021 0.01352
16 9 5 9864 0.01354
