16 0 1 100000 0.1432
16 0 1 100000 0.1402
16 0 1 100000 0.1364
16 0 1 100000 0.1266
16 0 1 100000 0.1056
16 0 1 100000 0.1038
16 0 1 85000 0.09158
16 0 1 85000 0.09225
16 0 1 85000 0.09187
16 0 1 85000 0.09229
16 0 1 85000 0.09336
16 0 1 85000 0.0911
16 0 1 75000 0.08286
16 0 1 75000 0.08329
16 0 1 75000 0.08316
16 0 1 75000 0.08052
16 0 1 75000 0.08139
16 0 1 75000 0.08319
16 0 1 75000 0.08415
16 0 1 50000 0.05832
16 0 1 50000 0.06048
16 0 1 50000 0.06182
16 0 1 50000 0.0585
16 0 1 50000 0.0593
16 0 1 35000 0.04108
16 0 1 35000 0.04179
16 0 1 35000 0.04406
16 0 1 35000 0.04328
16 0 1 35000 0.0439
16 0 1 35000 0.04237
16 0 1 35000 0.04304
16 0 1 25000 0.02755
16 0 1 25000 0.0279
16 0 1 25000 0.02855
16 0 1 25000 0.02707
16 0 1 25000 0.02868
16 0 1 25000 0.02786
16 0 1 15000 0.0179
16 0 1 15000 0.01808
16 0 1 15000 0.01839
16 0 1 15000 0.01828
16 0 1 15000 0.01797
16 0 1 15000 0.01765
16 0 1 15000 0.01778
16 0 1 10000 0.01294
16 0 1 10000 0.01258
16 0 1 10000 0.01322
16 0 1 10000 0.01261
16 0 1 10000 0.01272
16 0 1 10000 0.01312
16 0 2 113252 0.117
16 0 2 113202 0.1152
16 0 2 113023 0.1075
16 0 2 112864 0.1171
16 0 2 112164 0.1158
16 0 2 111851 0.1162
16 0 2 94571 0.09963
16 0 2 94469 0.1006
16 0 2 94408 0.1003
16 0 2 94161 0.09933
16 0 2 93959 0.1004
16 0 2 91658 0.09917
16 0 2 82631 0.09185
16 0 2 82461 0.09225
16 0 2 82423 0.091
16 0 2 82417 0.09071
16 0 2 82173 0.0906
16 0 2 82070 0.08823
16 0 2 78480 0.08698
16 0 2 53312 0.06471
16 0 2 53292 0.06445
16 0 2 53244 0.06338
16 0 2 53167 0.06353
16 0 2 53110 0.06276
16 0 2 36662 0.0429
16 0 2 36647 0.04566
16 0 2 36617 0.04405
16 0 2 36609 0.04451
16 0 2 36597 0.0429
16 0 2 36572 0.04426
16 0 2 36460 0.043
16 0 2 25837 0.03021
16 0 2 25828 0.02973
16 0 2 25820 0.0293
16 0 2 25815 0.0278
16 0 2 25797 0.02991
16 0 2 25597 0.02807
16 0 2 15303 0.0189
16 0 2 15302 0.01909
16 0 2 15299 0.0177
16 0 2 15298 0.01855
16 0 2 15291 0.0185
16 0 2 15283 0.01826
16 0 2 15000 0.01716
16 0 2 10134 0.01286
16 0 2 10133 0.0129
16 0 2 10132 0.0125
16 0 2 10128 0.01302
16 0 2 10127 0.01285
16 0 2 10118 0.01251
16 0 3 127962 0.1802
16 0 3 127962 0.1797
16 0 3 127498 0.1851
16 0 3 127405 0.1807
16 0 3 126417 0.1942
16 0 3 123294 0.1854
16 0 3 105382 0.1503
16 0 3 104919 0.151
16 0 3 104779 0.1525
16 0 3 104432 0.1513
16 0 3 103988 0.1477
16 0 3 103670 0.1425
16 0 3 90582 0.1303
16 0 3 90452 0.1034
16 0 3 90337 0.09596
16 0 3 90293 0.09678
16 0 3 90135 0.09535
16 0 3 89800 0.09452
16 0 3 86398 0.09203
16 0 3 56763 0.0653
16 0 3 56692 0.06628
16 0 3 56680 0.06557
16 0 3 56563 0.06606
16 0 3 56437 0.06656
16 0 3 38340 0.04521
16 0 3 38323 0.04529
16 0 3 38304 0.04606
16 0 3 38286 0.04489
16 0 3 38255 0.04535
16 0 3 38229 0.04452
16 0 3 38139 0.0449
16 0 3 26692 0.03054
16 0 3 26668 0.02919
16 0 3 26657 0.03058
16 0 3 26642 0.02842
16 0 3 26615 0.03001
16 0 3 26442 0.02999
16 0 3 15611 0.0187
16 0 3 15602 0.01822
16 0 3 15600 0.01867
16 0 3 15596 0.01794
16 0 3 15589 0.01767
16 0 3 15579 0.01786
16 0 3 15288 0.01803
16 0 3 10268 0.01339
16 0 3 10265 0.01291
16 0 3 10262 0.01307
16 0 3 10257 0.01276
16 0 3 10255 0.01278
16 0 3 10249 0.01307
16 0 4 144503 0.2112
16 0 4 144180 0.2549
16 0 4 143544 0.1942
16 0 4 142962 0.1977
16 0 4 139296 0.184
16 0 4 138653 0.1971
16 0 4 117092 0.117
16 0 4 115790 0.1217
16 0 4 115465 0.1192
16 0 4 115248 0.1172
16 0 4 113703 0.1153
16 0 4 111487 0.1085
16 0 4 99420 0.1021
16 0 4 99267 0.1045
16 0 4 99045 0.1048
16 0 4 98606 0.1027
16 0 4 98424 0.1054
16 0 4 97080 0.1027
16 0 4 94422 0.1009
16 0 4 60431 0.06855
16 0 4 60335 0.07008
16 0 4 60252 0.07076
16 0 4 60093 0.06914
16 0 4 59981 0.07027
16 0 4 40120 0.04715
16 0 4 40095 0.04655
16 0 4 40042 0.04827
16 0 4 40020 0.04689
16 0 4 39965 0.04713
16 0 4 39876 0.04702
16 0 4 39091 0.04783
16 0 4 27561 0.03053
16 0 4 27526 0.03188
16 0 4 27507 0.0327
16 0 4 27451 0.03109
16 0 4 27068 0.02967
16 0 4 26957 0.03183
16 0 4 15918 0.0189
16 0 4 15905 0.01944
16 0 4 15895 0.01933
16 0 4 15884 0.01855
16 0 4 15880 0.01871
16 0 4 15871 0.01984
16 0 4 10406 0.0136
16 0 4 10405 0.01353
16 0 4 10400 0.01318
16 0 4 10395 0.01337
16 0 4 10390 0.01315
16 0 4 10385 0.0138
16 0 4 10383 0.01313
16 0 5 162144 0.2025
16 0 5 161870 0.2056
16 0 5 161477 0.2036
16 0 5 159789 0.207
16 0 5 157452 0.1999
16 0 5 153764 0.2012
16 0 5 129755 0.1836
16 0 5 128756 0.1873
16 0 5 128309 0.1888
16 0 5 127671 0.18
16 0 5 126345 0.178
16 0 5 121286 0.1217
16 0 5 109077 0.1113
16 0 5 108737 0.1121
16 0 5 108192 0.1126
16 0 5 108027 0.111
16 0 5 107993 0.1098
16 0 5 107007 0.1042
16 0 5 102729 0.1068
16 0 5 64350 0.07496
16 0 5 64260 0.07284
16 0 5 64149 0.07258
16 0 5 64000 0.0738
16 0 5 63817 0.07268
16 0 5 41964 0.05011
16 0 5 41930 0.04979
16 0 5 41875 0.04875
16 0 5 41803 0.04926
16 0 5 41751 0.04787
16 0 5 41445 0.04961
16 0 5 40875 0.0478
16 0 5 28467 0.03212
16 0 5 28436 0.03154
16 0 5 28430 0.03146
16 0 5 28342 0.03214
16 0 5 27977 0.03203
16 0 5 27816 0.03203
16 0 5 16235 0.01902
16 0 5 16209 0.01926
16 0 5 16201 0.01977
16 0 5 16196 0.01971
16 0 5 16191 0.01892
16 0 5 16178 0.01887
16 0 5 15892 0.01986
16 0 5 10538 0.01375
16 0 5 10531 0.01313
16 0 5 10529 0.01363
16 0 5 10522 0.01388
16 0 5 10521 0.01349
16 0 5 10456 0.01363
