8 4 1 100000 0.1539
8 4 1 100000 0.15
8 4 1 100000 0.1329
8 4 1 100000 0.105
8 4 1 100000 0.1039
8 4 1 100000 0.1043
8 4 1 100000 0.1047
8 4 1 100000 0.1019
8 4 1 100000 0.105
8 4 1 100000 0.1041
8 4 1 100000 0.1051
8 4 1 100000 0.1046
8 4 1 100000 0.1041
8 4 1 85000 0.09552
8 4 1 85000 0.09279
8 4 1 85000 0.09318
8 4 1 85000 0.09308
8 4 1 85000 0.0941
8 4 1 85000 0.09483
8 4 1 85000 0.09321
8 4 1 85000 0.09639
8 4 1 85000 0.09258
8 4 1 85000 0.09387
8 4 1 85000 0.09375
8 4 1 85000 0.09292
8 4 1 75000 0.08592
8 4 1 75000 0.08327
8 4 1 75000 0.08387
8 4 1 75000 0.083
8 4 1 75000 0.08334
8 4 1 75000 0.08418
8 4 1 75000 0.08481
8 4 1 75000 0.08432
8 4 1 75000 0.08235
8 4 1 75000 0.0838
8 4 1 75000 0.08394
8 4 1 75000 0.08395
8 4 1 50000 0.05971
8 4 1 50000 0.06139
8 4 1 50000 0.0611
8 4 1 50000 0.06162
8 4 1 50000 0.06067
8 4 1 50000 0.06079
8 4 1 50000 0.06042
8 4 1 50000 0.05952
8 4 1 50000 0.06231
8 4 1 50000 0.0615
8 4 1 50000 0.05885
8 4 1 50000 0.0615
8 4 1 50000 0.06254
8 4 1 35000 0.0436
8 4 1 35000 0.0438
8 4 1 35000 0.04174
8 4 1 35000 0.04339
8 4 1 35000 0.04474
8 4 1 35000 0.04193
8 4 1 35000 0.04352
8 4 1 35000 0.04282
8 4 1 35000 0.04392
8 4 1 35000 0.04292
8 4 1 35000 0.04302
8 4 1 35000 0.04279
8 4 1 35000 0.04366
8 4 1 25000 0.02752
8 4 1 25000 0.02859
8 4 1 25000 0.02919
8 4 1 25000 0.02928
8 4 1 25000 0.02899
8 4 1 25000 0.02961
8 4 1 25000 0.02849
8 4 1 25000 0.02756
8 4 1 25000 0.02981
8 4 1 25000 0.02811
8 4 1 25000 0.02876
8 4 1 25000 0.0303
8 4 1 15000 0.01838
8 4 1 15000 0.01781
8 4 1 15000 0.01818
8 4 1 15000 0.0179
8 4 1 15000 0.01834
8 4 1 15000 0.01867
8 4 1 15000 0.01815
8 4 1 15000 0.01782
8 4 1 15000 0.01814
8 4 1 15000 0.01858
8 4 1 15000 0.0186
8 4 1 15000 0.01937
8 4 1 15000 0.01838
8 4 1 10000 0.01323
8 4 1 10000 0.01324
8 4 1 10000 0.01285
8 4 1 10000 0.01324
8 4 1 10000 0.01283
8 4 1 10000 0.01322
8 4 1 10000 0.01285
8 4 1 10000 0.01281
8 4 1 10000 0.01234
8 4 1 10000 0.01325
8 4 1 10000 0.01275
8 4 1 10000 0.01292
8 4 2 113090 0.114
8 4 2 111187 0.1161
8 4 2 108591 0.1104
8 4 2 107903 0.1072
8 4 2 104157 0.1082
8 4 2 103028 0.1093
8 4 2 102424 0.1095
8 4 2 100841 0.1064
8 4 2 100301 0.105
8 4 2 100176 0.1393
8 4 2 97701 0.1395
8 4 2 93496 0.1314
8 4 2 93451 0.134
8 4 2 92967 0.1349
8 4 2 91579 0.134
8 4 2 88799 0.1175
8 4 2 87326 0.1332
8 4 2 86184 0.1272
8 4 2 84354 0.1255
8 4 2 83564 0.1239
8 4 2 83516 0.1255
8 4 2 82679 0.1222
8 4 2 82499 0.1236
8 4 2 82072 0.1206
8 4 2 81230 0.1184
8 4 2 80980 0.1192
8 4 2 80580 0.121
8 4 2 80160 0.1192
8 4 2 79845 0.1189
8 4 2 77965 0.1163
8 4 2 77580 0.1156
8 4 2 76581 0.09594
8 4 2 75240 0.08506
8 4 2 74570 0.08426
8 4 2 73302 0.08095
8 4 2 72791 0.08293
8 4 2 71645 0.08076
8 4 2 71123 0.08027
8 4 2 53343 0.06249
8 4 2 52577 0.066
8 4 2 52175 0.06129
8 4 2 51378 0.06314
8 4 2 51202 0.06433
8 4 2 50188 0.05968
8 4 2 49709 0.06071
8 4 2 49194 0.05916
8 4 2 48632 0.05973
8 4 2 47560 0.05863
8 4 2 46691 0.05665
8 4 2 46444 0.05729
8 4 2 36662 0.04619
8 4 2 36662 0.04446
8 4 2 36621 0.04492
8 4 2 36535 0.04524
8 4 2 36389 0.04553
8 4 2 36050 0.04562
8 4 2 35875 0.04435
8 4 2 35612 0.04267
8 4 2 34902 0.04358
8 4 2 34632 0.04106
8 4 2 34245 0.04255
8 4 2 33687 0.04052
8 4 2 25848 0.02974
8 4 2 25839 0.02996
8 4 2 25821 0.02943
8 4 2 25692 0.02966
8 4 2 25267 0.02964
8 4 2 25140 0.02933
8 4 2 24998 0.02895
8 4 2 24956 0.02962
8 4 2 24614 0.02923
8 4 2 24528 0.02835
8 4 2 24354 0.02834
8 4 2 24253 0.02887
8 4 2 24190 0.02836
8 4 2 15304 0.01878
8 4 2 15302 0.01812
8 4 2 15294 0.01839
8 4 2 15283 0.01873
8 4 2 15252 0.01868
8 4 2 15213 0.01808
8 4 2 15034 0.0185
8 4 2 14935 0.01863
8 4 2 14900 0.01845
8 4 2 14844 0.01796
8 4 2 14785 0.01843
8 4 2 14741 0.01772
8 4 2 10132 0.01285
8 4 2 10131 0.01303
8 4 2 10129 0.01388
8 4 2 10121 0.01351
8 4 2 10093 0.01262
8 4 2 10064 0.01262
8 4 2 10036 0.01313
8 4 2 10010 0.01265
8 4 2 9991 0.01247
8 4 2 9945 0.01279
8 4 2 9912 0.01295
8 4 2 9872 0.01322
8 4 2 9871 0.01243
8 4 3 125185 0.1854
8 4 3 115635 0.1177
8 4 3 114682 0.1173
8 4 3 113713 0.1172
8 4 3 112354 0.1135
8 4 3 105026 0.1089
8 4 3 103669 0.1084
8 4 3 102654 0.1086
8 4 3 102325 0.1046
8 4 3 100369 0.1043
8 4 3 100237 0.1046
8 4 3 99179 0.1065
8 4 3 95171 0.102
8 4 3 93749 0.09997
8 4 3 93471 0.09385
8 4 3 93279 0.09285
8 4 3 91127 0.0993
8 4 3 90968 0.1287
8 4 3 90234 0.1284
8 4 3 88723 0.1256
8 4 3 88707 0.1248
8 4 3 88028 0.1231
8 4 3 85435 0.1234
8 4 3 84494 0.1217
8 4 3 83850 0.1164
8 4 3 83167 0.08472
8 4 3 82311 0.08905
8 4 3 82203 0.08895
8 4 3 80441 0.09036
8 4 3 79680 0.08905
8 4 3 78336 0.08805
8 4 3 77978 0.08489
8 4 3 77899 0.08635
8 4 3 75801 0.08534
8 4 3 74510 0.08429
8 4 3 74286 0.08198
8 4 3 68670 0.07868
8 4 3 56102 0.0667
8 4 3 55526 0.06752
8 4 3 54358 0.08279
8 4 3 53576 0.08063
8 4 3 53130 0.08184
8 4 3 52470 0.07924
8 4 3 50942 0.07549
8 4 3 50115 0.07506
8 4 3 49507 0.07424
8 4 3 48797 0.07299
8 4 3 48459 0.07187
8 4 3 45778 0.06841
8 4 3 45353 0.06807
8 4 3 38402 0.05502
8 4 3 38350 0.05349
8 4 3 37696 0.05245
8 4 3 37535 0.05327
8 4 3 37339 0.05456
8 4 3 37171 0.0535
8 4 3 35791 0.05299
8 4 3 35511 0.0528
8 4 3 35352 0.05145
8 4 3 34786 0.04882
8 4 3 34336 0.05046
8 4 3 33835 0.04707
8 4 3 33402 0.0481
8 4 3 26553 0.03372
8 4 3 26108 0.03419
8 4 3 26062 0.0332
8 4 3 25893 0.0331
8 4 3 25830 0.03313
8 4 3 25492 0.0331
8 4 3 25296 0.03191
8 4 3 24904 0.03112
8 4 3 24690 0.03132
8 4 3 24417 0.03245
8 4 3 24295 0.03038
8 4 3 23537 0.0307
8 4 3 15484 0.02103
8 4 3 15418 0.02044
8 4 3 15310 0.02
8 4 3 15255 0.02049
8 4 3 15250 0.02033
8 4 3 15200 0.02033
8 4 3 15145 0.02156
8 4 3 15092 0.02036
8 4 3 15011 0.02097
8 4 3 14918 0.01971
8 4 3 14802 0.01951
8 4 3 14672 0.01896
8 4 3 10257 0.0146
8 4 3 10226 0.01457
8 4 3 10200 0.01451
8 4 3 10174 0.01396
8 4 3 10140 0.01447
8 4 3 10137 0.01447
8 4 3 10037 0.01402
8 4 3 9994 0.01376
8 4 3 9986 0.0139
8 4 3 9963 0.01369
8 4 3 9937 0.01375
8 4 3 9848 0.01429
8 4 3 9811 0.01394
8 4 4 134986 0.2461
8 4 4 121052 0.1667
8 4 4 119175 0.1686
8 4 4 117563 0.1287
8 4 4 113249 0.1159
8 4 4 112311 0.1158
8 4 4 110414 0.1121
8 4 4 107156 0.1102
8 4 4 105967 0.1077
8 4 4 103513 0.1083
8 4 4 103479 0.1102
8 4 4 100568 0.1049
8 4 4 99484 0.1056
8 4 4 99098 0.1043
8 4 4 97778 0.1009
8 4 4 97159 0.1023
8 4 4 95423 0.0952
8 4 4 93540 0.1007
8 4 4 92606 0.09808
8 4 4 91080 0.09775
8 4 4 89493 0.09517
8 4 4 89436 0.09599
8 4 4 88939 0.09621
8 4 4 88592 0.09747
8 4 4 86673 0.09268
8 4 4 85386 0.09111
8 4 4 84737 0.09127
8 4 4 82037 0.09029
8 4 4 81400 0.08832
8 4 4 80480 0.09559
8 4 4 80380 0.1171
8 4 4 79735 0.1185
8 4 4 78418 0.1146
8 4 4 77507 0.1159
8 4 4 73929 0.1095
8 4 4 73020 0.1082
8 4 4 70656 0.1019
8 4 4 57225 0.08674
8 4 4 56826 0.08434
8 4 4 54887 0.08326
8 4 4 53959 0.07937
8 4 4 53425 0.08419
8 4 4 52185 0.07858
8 4 4 51430 0.07448
8 4 4 50393 0.07473
8 4 4 49528 0.07152
8 4 4 48417 0.07234
8 4 4 47377 0.07097
8 4 4 44586 0.06538
8 4 4 44426 0.06439
8 4 4 39259 0.05737
8 4 4 38726 0.05667
8 4 4 38054 0.05308
8 4 4 37196 0.05384
8 4 4 37161 0.05437
8 4 4 36720 0.05306
8 4 4 36479 0.0517
8 4 4 36239 0.05196
8 4 4 35907 0.05177
8 4 4 35557 0.05251
8 4 4 35232 0.05188
8 4 4 32877 0.04504
8 4 4 32574 0.04337
8 4 4 26710 0.03316
8 4 4 26456 0.03406
8 4 4 26357 0.03236
8 4 4 26210 0.03277
8 4 4 25928 0.03328
8 4 4 25828 0.03162
8 4 4 25519 0.03208
8 4 4 25456 0.03162
8 4 4 24956 0.03153
8 4 4 24682 0.03147
8 4 4 23942 0.03101
8 4 4 23501 0.03145
8 4 4 15734 0.02093
8 4 4 15430 0.02042
8 4 4 15281 0.02058
8 4 4 15274 0.01946
8 4 4 15228 0.02006
8 4 4 15189 0.01988
8 4 4 15156 0.01975
8 4 4 15103 0.02006
8 4 4 15066 0.01983
8 4 4 15023 0.01934
8 4 4 14994 0.01935
8 4 4 14624 0.01949
8 4 4 10301 0.01475
8 4 4 10281 0.01562
8 4 4 10255 0.0143
8 4 4 10177 0.01374
8 4 4 10133 0.01369
8 4 4 10083 0.01342
8 4 4 10069 0.01372
8 4 4 10017 0.01368
8 4 4 9987 0.01368
8 4 4 9906 0.0141
8 4 4 9895 0.01417
8 4 4 9796 0.01378
8 4 4 9740 0.01339
8 4 5 144023 0.2657
8 4 5 128999 0.2429
8 4 5 125745 0.2003
8 4 5 121685 0.1227
8 4 5 119207 0.1222
8 4 5 119071 0.1144
8 4 5 118192 0.1205
8 4 5 114272 0.1171
8 4 5 111129 0.1158
8 4 5 108803 0.1132
8 4 5 107165 0.1131
8 4 5 105876 0.1149
8 4 5 103399 0.1088
8 4 5 102870 0.1082
8 4 5 99648 0.1055
8 4 5 99144 0.1042
8 4 5 98390 0.1032
8 4 5 97743 0.1018
8 4 5 96160 0.1021
8 4 5 95335 0.1003
8 4 5 93912 0.1009
8 4 5 93329 0.1003
8 4 5 90465 0.09854
8 4 5 89673 0.09794
8 4 5 89441 0.09742
8 4 5 88214 0.09428
8 4 5 85517 0.09247
8 4 5 85325 0.09434
8 4 5 84611 0.09237
8 4 5 80654 0.1171
8 4 5 78765 0.1172
8 4 5 77990 0.1159
8 4 5 76899 0.1161
8 4 5 75981 0.1161
8 4 5 75414 0.11
8 4 5 72531 0.1091
8 4 5 70905 0.1081
8 4 5 60369 0.09076
8 4 5 58912 0.08879
8 4 5 56838 0.08724
8 4 5 56277 0.08588
8 4 5 55614 0.08574
8 4 5 55101 0.08392
8 4 5 53214 0.08102
8 4 5 51084 0.07175
8 4 5 50551 0.06139
8 4 5 47650 0.06016
8 4 5 47411 0.05844
8 4 5 46300 0.05647
8 4 5 41957 0.05215
8 4 5 41304 0.0509
8 4 5 40552 0.04922
8 4 5 39781 0.04834
8 4 5 38169 0.04581
8 4 5 37646 0.04491
8 4 5 37424 0.04568
8 4 5 37370 0.04586
8 4 5 36325 0.04432
8 4 5 36165 0.04524
8 4 5 34862 0.04373
8 4 5 34731 0.0442
8 4 5 34055 0.04095
8 4 5 27616 0.03225
8 4 5 27163 0.03293
8 4 5 26973 0.03178
8 4 5 26699 0.03187
8 4 5 26368 0.03053
8 4 5 26056 0.02971
8 4 5 25941 0.03057
8 4 5 25747 0.0297
8 4 5 25651 0.0302
8 4 5 25475 0.02965
8 4 5 24546 0.02957
8 4 5 24218 0.02852
8 4 5 24077 0.02863
8 4 5 16032 0.01954
8 4 5 15558 0.01976
8 4 5 15494 0.01906
8 4 5 15435 0.01912
8 4 5 15367 0.0195
8 4 5 15281 0.01883
8 4 5 15201 0.01899
8 4 5 15136 0.01924
8 4 5 15054 0.01806
8 4 5 15013 0.01846
8 4 5 14928 0.01883
8 4 5 14801 0.0192
8 4 5 14149 0.01819
8 4 5 10376 0.01429
8 4 5 10334 0.01454
8 4 5 10262 0.01409
8 4 5 10220 0.01314
8 4 5 10152 0.01339
8 4 5 10122 0.01318
8 4 5 10031 0.01297
8 4 5 9976 0.01348
8 4 5 9900 0.01335
8 4 5 9871 0.01264
8 4 5 9750 0.01341
8 4 5 9661 0.01274
