4 3 1 100000 0.1341
4 3 1 100000 0.1337
4 3 1 100000 0.1294
4 3 1 100000 0.1287
4 3 1 100000 0.1294
4 3 1 100000 0.1291
4 3 1 100000 0.1327
4 3 1 100000 0.1297
4 3 1 100000 0.1307
4 3 1 100000 0.1359
4 3 1 100000 0.1316
4 3 1 100000 0.132
4 3 1 100000 0.1324
4 3 1 100000 0.1317
4 3 1 100000 0.132
4 3 1 100000 0.1333
4 3 1 100000 0.1326
4 3 1 100000 0.1338
4 3 1 100000 0.1316
4 3 1 100000 0.1339
4 3 1 100000 0.1324
4 3 1 100000 0.1381
4 3 1 100000 0.1383
4 3 1 100000 0.1364
4 3 1 100000 0.1362
4 3 1 85000 0.1203
4 3 1 85000 0.1202
4 3 1 85000 0.1202
4 3 1 85000 0.1187
4 3 1 85000 0.1199
4 3 1 85000 0.1183
4 3 1 85000 0.1211
4 3 1 85000 0.1194
4 3 1 85000 0.1232
4 3 1 85000 0.1305
4 3 1 85000 0.1294
4 3 1 85000 0.1216
4 3 1 85000 0.09969
4 3 1 85000 0.09824
4 3 1 85000 0.1004
4 3 1 85000 0.09708
4 3 1 85000 0.09644
4 3 1 85000 0.09685
4 3 1 85000 0.09779
4 3 1 85000 0.09972
4 3 1 85000 0.09996
4 3 1 85000 0.09929
4 3 1 85000 0.1015
4 3 1 85000 0.09831
4 3 1 85000 0.09926
4 3 1 75000 0.08548
4 3 1 75000 0.08354
4 3 1 75000 0.08673
4 3 1 75000 0.08384
4 3 1 75000 0.08352
4 3 1 75000 0.08476
4 3 1 75000 0.08811
4 3 1 75000 0.08778
4 3 1 75000 0.08901
4 3 1 75000 0.08969
4 3 1 75000 0.08941
4 3 1 75000 0.08971
4 3 1 75000 0.08799
4 3 1 75000 0.08865
4 3 1 75000 0.08786
4 3 1 75000 0.08982
4 3 1 75000 0.08705
4 3 1 75000 0.08736
4 3 1 75000 0.08761
4 3 1 75000 0.08955
4 3 1 75000 0.08763
4 3 1 75000 0.08876
4 3 1 75000 0.0857
4 3 1 75000 0.08751
4 3 1 75000 0.08912
4 3 1 50000 0.06113
4 3 1 50000 0.06081
4 3 1 50000 0.06109
4 3 1 50000 0.06157
4 3 1 50000 0.06232
4 3 1 50000 0.06069
4 3 1 50000 0.06013
4 3 1 50000 0.06089
4 3 1 50000 0.06215
4 3 1 50000 0.06391
4 3 1 50000 0.06397
4 3 1 50000 0.06619
4 3 1 50000 0.06216
4 3 1 50000 0.06294
4 3 1 50000 0.06471
4 3 1 50000 0.06413
4 3 1 50000 0.06416
4 3 1 50000 0.06647
4 3 1 50000 0.06102
4 3 1 50000 0.0641
4 3 1 50000 0.06399
4 3 1 50000 0.06188
4 3 1 50000 0.06179
4 3 1 50000 0.06323
4 3 1 50000 0.06241
4 3 1 35000 0.04329
4 3 1 35000 0.04165
4 3 1 35000 0.04312
4 3 1 35000 0.04223
4 3 1 35000 0.04334
4 3 1 35000 0.04292
4 3 1 35000 0.04417
4 3 1 35000 0.04375
4 3 1 35000 0.0426
4 3 1 35000 0.0453
4 3 1 35000 0.04434
4 3 1 35000 0.04484
4 3 1 35000 0.04572
4 3 1 35000 0.04499
4 3 1 35000 0.04549
4 3 1 35000 0.04396
4 3 1 35000 0.04399
4 3 1 35000 0.04354
4 3 1 35000 0.04283
4 3 1 35000 0.04343
4 3 1 35000 0.04307
4 3 1 35000 0.04232
4 3 1 35000 0.04212
4 3 1 35000 0.04301
4 3 1 35000 0.04313
4 3 1 25000 0.02853
4 3 1 25000 0.02737
4 3 1 25000 0.02816
4 3 1 25000 0.02696
4 3 1 25000 0.02845
4 3 1 25000 0.02842
4 3 1 25000 0.02765
4 3 1 25000 0.02664
4 3 1 25000 0.02694
4 3 1 25000 0.02714
4 3 1 25000 0.02953
4 3 1 25000 0.02867
4 3 1 25000 0.02916
4 3 1 25000 0.0285
4 3 1 25000 0.02955
4 3 1 25000 0.02886
4 3 1 25000 0.02772
4 3 1 25000 0.02871
4 3 1 25000 0.02893
4 3 1 25000 0.02868
4 3 1 25000 0.02966
4 3 1 25000 0.02816
4 3 1 25000 0.02976
4 3 1 25000 0.02913
4 3 1 25000 0.02967
4 3 1 15000 0.01784
4 3 1 15000 0.01713
4 3 1 15000 0.01633
4 3 1 15000 0.01693
4 3 1 15000 0.01732
4 3 1 15000 0.01748
4 3 1 15000 0.01767
4 3 1 15000 0.01777
4 3 1 15000 0.01723
4 3 1 15000 0.0183
4 3 1 15000 0.01784
4 3 1 15000 0.01819
4 3 1 15000 0.01789
4 3 1 15000 0.01824
4 3 1 15000 0.01741
4 3 1 15000 0.01737
4 3 1 15000 0.01764
4 3 1 15000 0.01842
4 3 1 15000 0.01778
4 3 1 15000 0.01849
4 3 1 15000 0.01784
4 3 1 15000 0.01806
4 3 1 15000 0.01815
4 3 1 15000 0.01782
4 3 1 15000 0.0187
4 3 1 10000 0.01191
4 3 1 10000 0.01236
4 3 1 10000 0.01212
4 3 1 10000 0.01224
4 3 1 10000 0.01188
4 3 1 10000 0.01244
4 3 1 10000 0.01265
4 3 1 10000 0.01249
4 3 1 10000 0.01173
4 3 1 10000 0.01349
4 3 1 10000 0.01233
4 3 1 10000 0.01256
4 3 1 10000 0.01329
4 3 1 10000 0.01305
4 3 1 10000 0.01284
4 3 1 10000 0.01332
4 3 1 10000 0.01281
4 3 1 10000 0.01295
4 3 1 10000 0.01339
4 3 1 10000 0.01253
4 3 1 10000 0.01292
4 3 1 10000 0.01287
4 3 1 10000 0.01309
4 3 1 10000 0.01266
4 3 1 10000 0.01283
4 3 2 113560 0.129
4 3 2 113422 0.1281
4 3 2 113372 0.1271
4 3 2 113366 0.1263
4 3 2 113309 0.1259
4 3 2 113031 0.1234
4 3 2 112967 0.1248
4 3 2 112696 0.1234
4 3 2 112568 0.1206
4 3 2 112222 0.1227
4 3 2 111815 0.1234
4 3 2 110943 0.1148
4 3 2 109989 0.1206
4 3 2 109485 0.1222
4 3 2 108828 0.1202
4 3 2 108706 0.1218
4 3 2 107872 0.1203
4 3 2 107532 0.12
4 3 2 106890 0.1211
4 3 2 106593 0.1184
4 3 2 106284 0.1191
4 3 2 105232 0.1172
4 3 2 104038 0.1179
4 3 2 102404 0.1153
4 3 2 97508 0.1122
4 3 2 94753 0.1074
4 3 2 94639 0.104
4 3 2 94453 0.1032
4 3 2 94298 0.1072
4 3 2 94057 0.104
4 3 2 93902 0.1069
4 3 2 93845 0.1028
4 3 2 93707 0.1047
4 3 2 93642 0.1039
4 3 2 93479 0.106
4 3 2 93347 0.1063
4 3 2 93120 0.1051
4 3 2 92759 0.1079
4 3 2 91436 0.1049
4 3 2 91065 0.1056
4 3 2 90565 0.1042
4 3 2 90554 0.1024
4 3 2 88877 0.09948
4 3 2 88400 0.1012
4 3 2 87827 0.1011
4 3 2 87725 0.102
4 3 2 85649 0.09727
4 3 2 83998 0.09462
4 3 2 83873 0.09294
4 3 2 82630 0.09495
4 3 2 82604 0.09693
4 3 2 82599 0.09778
4 3 2 82555 0.09487
4 3 2 82554 0.09564
4 3 2 82500 0.09717
4 3 2 82377 0.09563
4 3 2 82342 0.09474
4 3 2 82260 0.09181
4 3 2 82248 0.09657
4 3 2 82170 0.09307
4 3 2 82157 0.09411
4 3 2 82046 0.0928
4 3 2 81951 0.0876
4 3 2 81636 0.09123
4 3 2 81544 0.09373
4 3 2 80843 0.09574
4 3 2 80843 0.09483
4 3 2 79578 0.088
4 3 2 79308 0.08848
4 3 2 78711 0.08837
4 3 2 78425 0.08931
4 3 2 78425 0.0888
4 3 2 77736 0.09001
4 3 2 76453 0.08696
4 3 2 74923 0.08617
4 3 2 53386 0.06747
4 3 2 53383 0.06454
4 3 2 53381 0.06571
4 3 2 53371 0.06612
4 3 2 53337 0.0656
4 3 2 53318 0.06354
4 3 2 53306 0.06573
4 3 2 53267 0.06371
4 3 2 53250 0.06233
4 3 2 53232 0.06391
4 3 2 53213 0.06525
4 3 2 53200 0.06322
4 3 2 53125 0.06293
4 3 2 53117 0.0659
4 3 2 52972 0.06419
4 3 2 52889 0.06603
4 3 2 52844 0.06579
4 3 2 52532 0.06567
4 3 2 51614 0.06527
4 3 2 51168 0.06282
4 3 2 49858 0.06184
4 3 2 49590 0.06207
4 3 2 48386 0.06092
4 3 2 46742 0.05574
4 3 2 46454 0.06002
4 3 2 36662 0.04095
4 3 2 36662 0.04522
4 3 2 36662 0.04518
4 3 2 36662 0.04501
4 3 2 36662 0.04477
4 3 2 36646 0.04504
4 3 2 36646 0.04507
4 3 2 36636 0.04492
4 3 2 36633 0.04397
4 3 2 36619 0.04237
4 3 2 36601 0.04561
4 3 2 36594 0.04485
4 3 2 36587 0.04311
4 3 2 36574 0.04515
4 3 2 36568 0.043
4 3 2 36551 0.0438
4 3 2 36517 0.04321
4 3 2 36400 0.04238
4 3 2 36002 0.04464
4 3 2 36002 0.04472
4 3 2 35385 0.04344
4 3 2 34737 0.04267
4 3 2 34582 0.04139
4 3 2 34582 0.04109
4 3 2 33370 0.03729
4 3 2 25848 0.0303
4 3 2 25848 0.03016
4 3 2 25844 0.02902
4 3 2 25836 0.0303
4 3 2 25836 0.03031
4 3 2 25830 0.03066
4 3 2 25820 0.02724
4 3 2 25815 0.02812
4 3 2 25814 0.02991
4 3 2 25791 0.02793
4 3 2 25780 0.02878
4 3 2 25771 0.02822
4 3 2 25738 0.02832
4 3 2 25691 0.02977
4 3 2 25655 0.02927
4 3 2 25373 0.02887
4 3 2 25289 0.02964
4 3 2 25144 0.02706
4 3 2 25040 0.0294
4 3 2 25004 0.02834
4 3 2 24641 0.0296
4 3 2 24631 0.02821
4 3 2 24251 0.02854
4 3 2 24217 0.02654
4 3 2 24113 0.02835
4 3 2 15305 0.01876
4 3 2 15304 0.01868
4 3 2 15303 0.01857
4 3 2 15303 0.01836
4 3 2 15303 0.01853
4 3 2 15302 0.01859
4 3 2 15302 0.01868
4 3 2 15301 0.01914
4 3 2 15301 0.01922
4 3 2 15300 0.01837
4 3 2 15300 0.01845
4 3 2 15297 0.01698
4 3 2 15295 0.01717
4 3 2 15291 0.01741
4 3 2 15289 0.01795
4 3 2 15286 0.01812
4 3 2 15281 0.01885
4 3 2 15277 0.01718
4 3 2 15257 0.01818
4 3 2 15238 0.01719
4 3 2 15136 0.01819
4 3 2 15022 0.01802
4 3 2 15018 0.01878
4 3 2 15001 0.01867
4 3 2 14773 0.01851
4 3 2 10135 0.01322
4 3 2 10135 0.01325
4 3 2 10134 0.01266
4 3 2 10134 0.01297
4 3 2 10133 0.01198
4 3 2 10133 0.01339
4 3 2 10133 0.01327
4 3 2 10132 0.01248
4 3 2 10132 0.01323
4 3 2 10131 0.01315
4 3 2 10130 0.012
4 3 2 10129 0.01292
4 3 2 10128 0.01269
4 3 2 10127 0.01304
4 3 2 10125 0.0123
4 3 2 10124 0.01336
4 3 2 10115 0.01241
4 3 2 10094 0.01336
4 3 2 10066 0.01249
4 3 2 10060 0.01341
4 3 2 10025 0.01303
4 3 2 9990 0.0133
4 3 2 9958 0.01333
4 3 2 9886 0.0128
4 3 2 9863 0.01332
4 3 3 128868 0.198
4 3 3 128187 0.1891
4 3 3 127513 0.1769
4 3 3 127119 0.1912
4 3 3 126457 0.1764
4 3 3 125479 0.1831
4 3 3 124534 0.1811
4 3 3 123086 0.1786
4 3 3 121631 0.1182
4 3 3 121501 0.1251
4 3 3 120505 0.1269
4 3 3 120505 0.1255
4 3 3 119349 0.1259
4 3 3 119284 0.1227
4 3 3 117800 0.1233
4 3 3 117136 0.1228
4 3 3 116863 0.1118
4 3 3 116571 0.1231
4 3 3 115817 0.1249
4 3 3 111296 0.1192
4 3 3 111296 0.1187
4 3 3 106991 0.1143
4 3 3 105745 0.1128
4 3 3 105704 0.1153
4 3 3 104459 0.1115
4 3 3 104351 0.1048
4 3 3 104066 0.1092
4 3 3 103865 0.1124
4 3 3 103267 0.1069
4 3 3 102131 0.1072
4 3 3 102089 0.1053
4 3 3 99892 0.1072
4 3 3 99678 0.1031
4 3 3 98894 0.1056
4 3 3 98422 0.1058
4 3 3 98015 0.09578
4 3 3 97821 0.1051
4 3 3 97798 0.1052
4 3 3 97434 0.1062
4 3 3 97343 0.1007
4 3 3 96535 0.1087
4 3 3 95899 0.1045
4 3 3 94090 0.1035
4 3 3 94090 0.1025
4 3 3 93584 0.1028
4 3 3 90903 0.09951
4 3 3 90843 0.1015
4 3 3 90614 0.09989
4 3 3 90552 0.101
4 3 3 90551 0.1018
4 3 3 90264 0.09843
4 3 3 89898 0.09731
4 3 3 89832 0.1004
4 3 3 89489 0.09716
4 3 3 89351 0.09658
4 3 3 89006 0.09874
4 3 3 88995 0.09734
4 3 3 88650 0.09778
4 3 3 87942 0.09569
4 3 3 87666 0.09658
4 3 3 86691 0.09435
4 3 3 86646 0.09619
4 3 3 86163 0.09696
4 3 3 85908 0.0938
4 3 3 84772 0.09509
4 3 3 84772 0.09516
4 3 3 83809 0.09189
4 3 3 82827 0.09307
4 3 3 82656 0.09175
4 3 3 82200 0.09361
4 3 3 81892 0.09011
4 3 3 80922 0.09067
4 3 3 80683 0.09123
4 3 3 77339 0.08791
4 3 3 75892 0.08491
4 3 3 56966 0.07002
4 3 3 56794 0.06706
4 3 3 56766 0.06578
4 3 3 56651 0.06785
4 3 3 56598 0.06571
4 3 3 56523 0.06591
4 3 3 56442 0.06484
4 3 3 56336 0.06611
4 3 3 56228 0.06855
4 3 3 56042 0.06937
4 3 3 54971 0.06638
4 3 3 54954 0.06736
4 3 3 54726 0.06446
4 3 3 54692 0.06732
4 3 3 54180 0.06451
4 3 3 53062 0.06592
4 3 3 52922 0.06403
4 3 3 52442 0.06386
4 3 3 52374 0.06521
4 3 3 52224 0.06481
4 3 3 51289 0.06482
4 3 3 51085 0.06127
4 3 3 50552 0.06027
4 3 3 49592 0.0589
4 3 3 47638 0.05976
4 3 3 38390 0.04521
4 3 3 38379 0.04503
4 3 3 38365 0.04577
4 3 3 38360 0.04653
4 3 3 38357 0.04696
4 3 3 38340 0.04386
4 3 3 38296 0.04268
4 3 3 38263 0.04322
4 3 3 38168 0.0439
4 3 3 38139 0.04624
4 3 3 38019 0.04294
4 3 3 37973 0.04791
4 3 3 37954 0.04384
4 3 3 37522 0.04545
4 3 3 37422 0.04734
4 3 3 37310 0.04503
4 3 3 37087 0.04244
4 3 3 36821 0.04586
4 3 3 36360 0.04488
4 3 3 36236 0.0437
4 3 3 35125 0.04464
4 3 3 34588 0.04227
4 3 3 34254 0.04343
4 3 3 33539 0.0394
4 3 3 33151 0.03989
4 3 3 26722 0.03056
4 3 3 26691 0.03111
4 3 3 26652 0.03031
4 3 3 26625 0.02954
4 3 3 26617 0.02871
4 3 3 26594 0.02951
4 3 3 26564 0.02799
4 3 3 26531 0.0308
4 3 3 26254 0.0326
4 3 3 26236 0.03082
4 3 3 26119 0.03015
4 3 3 26017 0.0276
4 3 3 25850 0.03076
4 3 3 25556 0.02889
4 3 3 25479 0.02802
4 3 3 25455 0.02961
4 3 3 25349 0.02851
4 3 3 25251 0.02721
4 3 3 25034 0.02961
4 3 3 25022 0.02721
4 3 3 24977 0.02865
4 3 3 24961 0.02855
4 3 3 24700 0.02883
4 3 3 24291 0.02765
4 3 3 24239 0.02794
4 3 3 15613 0.01965
4 3 3 15612 0.019
4 3 3 15611 0.01942
4 3 3 15610 0.01945
4 3 3 15609 0.01897
4 3 3 15601 0.01832
4 3 3 15596 0.01834
4 3 3 15590 0.01816
4 3 3 15584 0.01827
4 3 3 15580 0.01851
4 3 3 15575 0.01836
4 3 3 15569 0.01937
4 3 3 15566 0.01664
4 3 3 15556 0.01792
4 3 3 15550 0.01907
4 3 3 15523 0.01756
4 3 3 15432 0.01859
4 3 3 15414 0.01824
4 3 3 15370 0.01882
4 3 3 15321 0.0189
4 3 3 15304 0.01891
4 3 3 15058 0.0183
4 3 3 15058 0.0184
4 3 3 14990 0.01807
4 3 3 14777 0.01803
4 3 3 10270 0.01374
4 3 3 10266 0.01275
4 3 3 10266 0.01382
4 3 3 10264 0.01326
4 3 3 10262 0.01225
4 3 3 10259 0.01276
4 3 3 10254 0.01276
4 3 3 10254 0.0135
4 3 3 10248 0.01314
4 3 3 10242 0.01381
4 3 3 10232 0.01369
4 3 3 10209 0.0136
4 3 3 10202 0.01313
4 3 3 10190 0.01338
4 3 3 10177 0.01277
4 3 3 10170 0.01245
4 3 3 10153 0.01364
4 3 3 10117 0.01291
4 3 3 10114 0.01328
4 3 3 10090 0.01312
4 3 3 10084 0.01364
4 3 3 10063 0.01314
4 3 3 10009 0.01295
4 3 3 9995 0.01339
4 3 3 9994 0.01202
4 3 4 144357 0.2004
4 3 4 141749 0.2014
4 3 4 141500 0.1977
4 3 4 140737 0.1874
4 3 4 139304 0.1957
4 3 4 138405 0.2036
4 3 4 137421 0.1972
4 3 4 133860 0.1858
4 3 4 131443 0.1927
4 3 4 131419 0.1933
4 3 4 130684 0.19
4 3 4 127491 0.1825
4 3 4 127346 0.1964
4 3 4 126111 0.1861
4 3 4 125915 0.1887
4 3 4 124705 0.1918
4 3 4 122837 0.1269
4 3 4 121231 0.1222
4 3 4 120897 0.1247
4 3 4 120639 0.1152
4 3 4 117570 0.1196
4 3 4 116155 0.1192
4 3 4 115690 0.1209
4 3 4 115038 0.117
4 3 4 113532 0.1183
4 3 4 113443 0.1131
4 3 4 110558 0.1132
4 3 4 110540 0.1145
4 3 4 109928 0.1158
4 3 4 109053 0.1145
4 3 4 108109 0.1147
4 3 4 108050 0.115
4 3 4 106704 0.1125
4 3 4 105586 0.1099
4 3 4 104841 0.1183
4 3 4 103633 0.1103
4 3 4 102888 0.1121
4 3 4 102865 0.1126
4 3 4 102420 0.11
4 3 4 102338 0.1121
4 3 4 102108 0.1104
4 3 4 100730 0.1073
4 3 4 99663 0.1055
4 3 4 99355 0.1051
4 3 4 99118 0.1044
4 3 4 98366 0.1036
4 3 4 98293 0.1036
4 3 4 97767 0.1073
4 3 4 97693 0.1068
4 3 4 97505 0.1052
4 3 4 97181 0.1036
4 3 4 96963 0.1057
4 3 4 96402 0.1021
4 3 4 96196 0.1014
4 3 4 95991 0.1053
4 3 4 95335 0.1042
4 3 4 94856 0.1039
4 3 4 94851 0.1057
4 3 4 94310 0.1046
4 3 4 94038 0.1038
4 3 4 93256 0.1031
4 3 4 91220 0.1027
4 3 4 91220 0.1021
4 3 4 91084 0.1008
4 3 4 90172 0.1034
4 3 4 88503 0.1007
4 3 4 88353 0.1032
4 3 4 85411 0.1019
4 3 4 85411 0.1011
4 3 4 84771 0.1005
4 3 4 83945 0.09656
4 3 4 82843 0.09697
4 3 4 81675 0.09551
4 3 4 80213 0.09305
4 3 4 80213 0.09211
4 3 4 60594 0.07499
4 3 4 60390 0.07668
4 3 4 60294 0.07504
4 3 4 60170 0.07429
4 3 4 59964 0.07332
4 3 4 59894 0.07498
4 3 4 59772 0.07633
4 3 4 58421 0.07603
4 3 4 58171 0.07326
4 3 4 57762 0.07208
4 3 4 57596 0.07142
4 3 4 57027 0.07283
4 3 4 56828 0.07249
4 3 4 56676 0.07165
4 3 4 56005 0.07202
4 3 4 55998 0.07077
4 3 4 54719 0.06848
4 3 4 54678 0.06814
4 3 4 53266 0.0682
4 3 4 53227 0.0677
4 3 4 52356 0.06472
4 3 4 51568 0.06627
4 3 4 51478 0.0636
4 3 4 47572 0.06118
4 3 4 47572 0.06194
4 3 4 40110 0.04962
4 3 4 40049 0.04843
4 3 4 40020 0.04851
4 3 4 39889 0.04901
4 3 4 39775 0.04881
4 3 4 39756 0.0501
4 3 4 39676 0.0463
4 3 4 39583 0.04619
4 3 4 38809 0.04773
4 3 4 38767 0.04832
4 3 4 38556 0.04807
4 3 4 38467 0.04764
4 3 4 38393 0.04736
4 3 4 38067 0.0472
4 3 4 37855 0.04479
4 3 4 37801 0.04698
4 3 4 37532 0.04652
4 3 4 37532 0.04687
4 3 4 37317 0.0458
4 3 4 36720 0.04471
4 3 4 35924 0.04493
4 3 4 35849 0.04475
4 3 4 35840 0.04547
4 3 4 34094 0.04112
4 3 4 32029 0.03754
4 3 4 27591 0.03302
4 3 4 27506 0.02955
4 3 4 27499 0.02923
4 3 4 27459 0.03063
4 3 4 27431 0.03011
4 3 4 27355 0.03014
4 3 4 26822 0.02803
4 3 4 26688 0.03339
4 3 4 26650 0.0317
4 3 4 26422 0.02955
4 3 4 26325 0.03042
4 3 4 26196 0.03056
4 3 4 26189 0.03069
4 3 4 26139 0.03084
4 3 4 26038 0.03152
4 3 4 25894 0.03048
4 3 4 25854 0.03134
4 3 4 25841 0.02915
4 3 4 25735 0.03007
4 3 4 25530 0.02876
4 3 4 25165 0.02871
4 3 4 24968 0.0302
4 3 4 24806 0.0297
4 3 4 23937 0.02679
4 3 4 23937 0.02674
4 3 4 15924 0.01932
4 3 4 15922 0.02005
4 3 4 15911 0.01863
4 3 4 15905 0.01962
4 3 4 15895 0.01881
4 3 4 15885 0.01836
4 3 4 15883 0.0197
4 3 4 15879 0.01833
4 3 4 15859 0.01867
4 3 4 15855 0.01838
4 3 4 15846 0.01786
4 3 4 15830 0.01866
4 3 4 15768 0.01836
4 3 4 15705 0.01875
4 3 4 15698 0.01959
4 3 4 15697 0.01868
4 3 4 15615 0.01897
4 3 4 15538 0.01811
4 3 4 15516 0.02018
4 3 4 15393 0.01859
4 3 4 15314 0.01867
4 3 4 15292 0.01916
4 3 4 15273 0.01867
4 3 4 15073 0.01865
4 3 4 14754 0.01864
4 3 4 10399 0.01323
4 3 4 10394 0.01415
4 3 4 10393 0.01363
4 3 4 10391 0.0138
4 3 4 10390 0.01346
4 3 4 10387 0.01399
4 3 4 10381 0.01382
4 3 4 10373 0.01298
4 3 4 10343 0.01355
4 3 4 10317 0.01347
4 3 4 10299 0.01441
4 3 4 10297 0.01376
4 3 4 10258 0.01392
4 3 4 10257 0.0133
4 3 4 10235 0.01352
4 3 4 10221 0.01347
4 3 4 10194 0.01358
4 3 4 10178 0.01302
4 3 4 10158 0.01355
4 3 4 10121 0.01284
4 3 4 10102 0.01325
4 3 4 10100 0.01296
4 3 4 10073 0.01374
4 3 4 9959 0.0129
4 3 4 9930 0.01308
4 3 5 158480 0.2053
4 3 5 157364 0.2034
4 3 5 157166 0.2005
4 3 5 154319 0.1893
4 3 5 153873 0.1943
4 3 5 151412 0.1921
4 3 5 149069 0.194
4 3 5 148641 0.202
4 3 5 145323 0.2138
4 3 5 143194 0.2015
4 3 5 141365 0.1959
4 3 5 140026 0.1942
4 3 5 139374 0.1826
4 3 5 136473 0.1945
4 3 5 136432 0.2056
4 3 5 134649 0.1929
4 3 5 132620 0.1944
4 3 5 128076 0.1881
4 3 5 127070 0.19
4 3 5 126911 0.181
4 3 5 126004 0.1867
4 3 5 125451 0.1926
4 3 5 124985 0.1814
4 3 5 123427 0.1815
4 3 5 122713 0.125
4 3 5 120616 0.1306
4 3 5 118906 0.1237
4 3 5 118906 0.1246
4 3 5 118239 0.1184
4 3 5 117862 0.1241
4 3 5 116506 0.1192
4 3 5 115350 0.1222
4 3 5 114631 0.1275
4 3 5 114424 0.1209
4 3 5 114034 0.1193
4 3 5 110403 0.1192
4 3 5 109914 0.1219
4 3 5 109740 0.1213
4 3 5 109583 0.1178
4 3 5 107912 0.1131
4 3 5 107564 0.1111
4 3 5 106275 0.1159
4 3 5 105758 0.1118
4 3 5 105550 0.1137
4 3 5 104853 0.1251
4 3 5 104653 0.1116
4 3 5 103802 0.1142
4 3 5 103539 0.1168
4 3 5 103207 0.1078
4 3 5 101826 0.1107
4 3 5 101569 0.1129
4 3 5 100655 0.1086
4 3 5 99686 0.1082
4 3 5 99102 0.1076
4 3 5 98581 0.1076
4 3 5 97844 0.1099
4 3 5 97124 0.1024
4 3 5 95806 0.1054
4 3 5 95426 0.1071
4 3 5 94425 0.1092
4 3 5 94425 0.1078
4 3 5 92895 0.09381
4 3 5 92854 0.1039
4 3 5 91758 0.1028
4 3 5 91379 0.1026
4 3 5 90902 0.103
4 3 5 90099 0.1005
4 3 5 89324 0.1026
4 3 5 88524 0.1035
4 3 5 88437 0.09647
4 3 5 87846 0.09743
4 3 5 85155 0.09828
4 3 5 85155 0.09973
4 3 5 80285 0.08976
4 3 5 80285 0.09095
4 3 5 64271 0.07568
4 3 5 64026 0.07312
4 3 5 63824 0.07831
4 3 5 63515 0.07457
4 3 5 63034 0.07625
4 3 5 62983 0.07536
4 3 5 61849 0.07272
4 3 5 61146 0.07275
4 3 5 60896 0.07441
4 3 5 60652 0.07431
4 3 5 60445 0.07651
4 3 5 59788 0.07025
4 3 5 58299 0.07647
4 3 5 57998 0.07217
4 3 5 56799 0.06843
4 3 5 56799 0.06839
4 3 5 54527 0.06289
4 3 5 54411 0.07031
4 3 5 54230 0.06685
4 3 5 54096 0.07046
4 3 5 51474 0.06828
4 3 5 51474 0.06565
4 3 5 49475 0.05969
4 3 5 48860 0.06296
4 3 5 47696 0.05897
4 3 5 41956 0.05452
4 3 5 41849 0.05536
4 3 5 41770 0.05021
4 3 5 41650 0.05068
4 3 5 41569 0.05114
4 3 5 41435 0.05204
4 3 5 40855 0.05022
4 3 5 40390 0.04706
4 3 5 40246 0.0495
4 3 5 39783 0.0475
4 3 5 39747 0.05048
4 3 5 39580 0.047
4 3 5 39486 0.05024
4 3 5 39289 0.04721
4 3 5 38491 0.0493
4 3 5 38383 0.04741
4 3 5 38335 0.04655
4 3 5 38255 0.04837
4 3 5 37922 0.04933
4 3 5 37724 0.04492
4 3 5 37543 0.04772
4 3 5 36438 0.04369
4 3 5 35691 0.04474
4 3 5 34330 0.04399
4 3 5 34330 0.04433
4 3 5 28415 0.03034
4 3 5 28349 0.03066
4 3 5 28305 0.02959
4 3 5 28187 0.03205
4 3 5 27983 0.02997
4 3 5 27600 0.03108
4 3 5 27509 0.02875
4 3 5 27494 0.03161
4 3 5 27266 0.03303
4 3 5 27014 0.03145
4 3 5 26900 0.03202
4 3 5 26709 0.03036
4 3 5 26603 0.03099
4 3 5 26314 0.03158
4 3 5 26191 0.02976
4 3 5 26155 0.03155
4 3 5 26072 0.0304
4 3 5 26062 0.03139
4 3 5 25924 0.03091
4 3 5 25678 0.02879
4 3 5 25542 0.03059
4 3 5 25020 0.02717
4 3 5 24978 0.03098
4 3 5 24521 0.0291
4 3 5 24259 0.02868
4 3 5 16237 0.01991
4 3 5 16213 0.01843
4 3 5 16187 0.01884
4 3 5 16179 0.01832
4 3 5 16164 0.02043
4 3 5 16155 0.01876
4 3 5 16090 0.01931
4 3 5 16022 0.02052
4 3 5 16002 0.01786
4 3 5 15912 0.01973
4 3 5 15912 0.01962
4 3 5 15870 0.01928
4 3 5 15738 0.01936
4 3 5 15695 0.01938
4 3 5 15695 0.01986
4 3 5 15614 0.01937
4 3 5 15598 0.02082
4 3 5 15593 0.01784
4 3 5 15558 0.01771
4 3 5 15518 0.02037
4 3 5 15518 0.0198
4 3 5 15379 0.01912
4 3 5 15379 0.0187
4 3 5 15118 0.01888
4 3 5 14968 0.01897
4 3 5 10535 0.01292
4 3 5 10529 0.01356
4 3 5 10527 0.0136
4 3 5 10516 0.01312
4 3 5 10514 0.01335
4 3 5 10503 0.01329
4 3 5 10483 0.01342
4 3 5 10432 0.01347
4 3 5 10425 0.01306
4 3 5 10404 0.01333
4 3 5 10390 0.01422
4 3 5 10345 0.01444
4 3 5 10342 0.01388
4 3 5 10331 0.01376
4 3 5 10298 0.01464
4 3 5 10284 0.01417
4 3 5 10257 0.01364
4 3 5 10238 0.0134
4 3 5 10168 0.01272
4 3 5 10134 0.0135
4 3 5 10108 0.01294
4 3 5 10006 0.01317
4 3 5 10000 0.01316
4 3 5 9936 0.01381
4 3 5 9925 0.01322
