8 0 1 100000 0.1146
8 0 1 100000 0.1098
8 0 1 100000 0.1097
8 0 1 100000 0.1057
8 0 1 100000 0.1066
8 0 1 100000 0.1041
8 0 1 100000 0.1037
8 0 1 100000 0.1034
8 0 1 100000 0.1059
8 0 1 100000 0.1084
8 0 1 100000 0.1062
8 0 1 100000 0.1044
8 0 1 100000 0.1063
8 0 1 85000 0.09194
8 0 1 85000 0.09519
8 0 1 85000 0.09373
8 0 1 85000 0.09459
8 0 1 85000 0.09298
8 0 1 85000 0.0942
8 0 1 85000 0.0955
8 0 1 85000 0.09269
8 0 1 85000 0.0935
8 0 1 85000 0.09487
8 0 1 85000 0.09366
8 0 1 85000 0.09382
8 0 1 75000 0.08433
8 0 1 75000 0.08411
8 0 1 75000 0.08391
8 0 1 75000 0.08563
8 0 1 75000 0.08509
8 0 1 75000 0.08306
8 0 1 75000 0.08228
8 0 1 75000 0.08352
8 0 1 75000 0.08367
8 0 1 75000 0.08269
8 0 1 75000 0.08468
8 0 1 75000 0.08121
8 0 1 50000 0.06347
8 0 1 50000 0.05956
8 0 1 50000 0.05946
8 0 1 50000 0.05969
8 0 1 50000 0.06087
8 0 1 50000 0.06161
8 0 1 50000 0.05993
8 0 1 50000 0.0629
8 0 1 50000 0.05898
8 0 1 50000 0.06003
8 0 1 50000 0.06186
8 0 1 50000 0.05998
8 0 1 50000 0.05884
8 0 1 35000 0.04308
8 0 1 35000 0.04273
8 0 1 35000 0.04285
8 0 1 35000 0.04224
8 0 1 35000 0.04066
8 0 1 35000 0.04139
8 0 1 35000 0.04279
8 0 1 35000 0.04255
8 0 1 35000 0.04313
8 0 1 35000 0.04111
8 0 1 35000 0.04255
8 0 1 35000 0.0423
8 0 1 35000 0.04361
8 0 1 25000 0.02993
8 0 1 25000 0.02781
8 0 1 25000 0.02782
8 0 1 25000 0.02766
8 0 1 25000 0.02606
8 0 1 25000 0.02929
8 0 1 25000 0.02836
8 0 1 25000 0.02892
8 0 1 25000 0.02824
8 0 1 25000 0.02872
8 0 1 25000 0.0288
8 0 1 25000 0.0275
8 0 1 15000 0.01788
8 0 1 15000 0.01791
8 0 1 15000 0.01791
8 0 1 15000 0.01735
8 0 1 15000 0.01791
8 0 1 15000 0.01778
8 0 1 15000 0.0181
8 0 1 15000 0.01796
8 0 1 15000 0.01785
8 0 1 15000 0.01721
8 0 1 15000 0.01726
8 0 1 15000 0.01771
8 0 1 15000 0.01802
8 0 1 10000 0.01305
8 0 1 10000 0.01222
8 0 1 10000 0.01242
8 0 1 10000 0.0126
8 0 1 10000 0.01281
8 0 1 10000 0.01254
8 0 1 10000 0.01274
8 0 1 10000 0.01263
8 0 1 10000 0.01254
8 0 1 10000 0.01293
8 0 1 10000 0.0124
8 0 1 10000 0.01247
8 0 2 113482 0.1517
8 0 2 113252 0.148
8 0 2 113142 0.1434
8 0 2 113106 0.1134
8 0 2 113071 0.1131
8 0 2 113046 0.1108
8 0 2 113023 0.1083
8 0 2 112915 0.1129
8 0 2 112896 0.1148
8 0 2 112861 0.1128
8 0 2 112752 0.1165
8 0 2 112662 0.1131
8 0 2 94670 0.0989
8 0 2 94667 0.1001
8 0 2 94568 0.09852
8 0 2 94514 0.1
8 0 2 94462 0.09958
8 0 2 94408 0.0983
8 0 2 94351 0.09635
8 0 2 94344 0.09759
8 0 2 94283 0.0985
8 0 2 94161 0.09793
8 0 2 94089 0.09853
8 0 2 93896 0.09764
8 0 2 93601 0.09843
8 0 2 82631 0.08745
8 0 2 82474 0.08839
8 0 2 82461 0.08728
8 0 2 82446 0.08928
8 0 2 82423 0.08996
8 0 2 82419 0.08831
8 0 2 82387 0.08949
8 0 2 82290 0.08955
8 0 2 82239 0.08356
8 0 2 82222 0.08951
8 0 2 82095 0.0861
8 0 2 81984 0.08758
8 0 2 80780 0.0894
8 0 2 53347 0.06358
8 0 2 53332 0.0642
8 0 2 53312 0.06468
8 0 2 53293 0.0625
8 0 2 53292 0.06341
8 0 2 53244 0.06322
8 0 2 53209 0.06325
8 0 2 53192 0.06424
8 0 2 53163 0.06304
8 0 2 52840 0.06488
8 0 2 52223 0.0606
8 0 2 50960 0.06147
8 0 2 36662 0.04471
8 0 2 36647 0.0438
8 0 2 36646 0.04214
8 0 2 36620 0.04507
8 0 2 36617 0.04566
8 0 2 36613 0.04555
8 0 2 36603 0.04679
8 0 2 36602 0.04455
8 0 2 36585 0.04345
8 0 2 36580 0.0434
8 0 2 36572 0.04535
8 0 2 36548 0.04445
8 0 2 25845 0.0304
8 0 2 25840 0.02974
8 0 2 25836 0.02975
8 0 2 25833 0.029
8 0 2 25827 0.02911
8 0 2 25825 0.02849
8 0 2 25820 0.02952
8 0 2 25816 0.02857
8 0 2 25808 0.02917
8 0 2 25805 0.02879
8 0 2 25797 0.02886
8 0 2 25789 0.02917
8 0 2 25753 0.0293
8 0 2 15303 0.01761
8 0 2 15302 0.01866
8 0 2 15301 0.01815
8 0 2 15300 0.01796
8 0 2 15299 0.01843
8 0 2 15298 0.01795
8 0 2 15298 0.019
8 0 2 15298 0.01884
8 0 2 15295 0.01812
8 0 2 15291 0.01877
8 0 2 15288 0.01766
8 0 2 15281 0.0181
8 0 2 10134 0.01299
8 0 2 10134 0.01289
8 0 2 10133 0.01295
8 0 2 10133 0.01276
8 0 2 10132 0.01329
8 0 2 10132 0.01273
8 0 2 10131 0.01215
8 0 2 10130 0.01247
8 0 2 10128 0.01318
8 0 2 10128 0.01312
8 0 2 10127 0.01275
8 0 2 10103 0.01304
8 0 2 10008 0.01381
8 0 3 128197 0.2256
8 0 3 128008 0.2187
8 0 3 127800 0.2194
8 0 3 127758 0.2189
8 0 3 127633 0.2126
8 0 3 127474 0.2122
8 0 3 127433 0.2126
8 0 3 127290 0.2163
8 0 3 127175 0.2148
8 0 3 127162 0.2212
8 0 3 127127 0.2205
8 0 3 126606 0.2158
8 0 3 123926 0.217
8 0 3 105125 0.1382
8 0 3 105020 0.1381
8 0 3 104984 0.1361
8 0 3 104868 0.136
8 0 3 104647 0.141
8 0 3 104582 0.1393
8 0 3 104469 0.1379
8 0 3 104325 0.1386
8 0 3 104148 0.1368
8 0 3 104085 0.1392
8 0 3 103991 0.1383
8 0 3 96075 0.129
8 0 3 90729 0.1227
8 0 3 90603 0.1222
8 0 3 90494 0.1205
8 0 3 90387 0.1214
8 0 3 90348 0.1227
8 0 3 90320 0.1234
8 0 3 90265 0.122
8 0 3 90200 0.1214
8 0 3 90158 0.1207
8 0 3 90031 0.1189
8 0 3 89892 0.1207
8 0 3 88453 0.1205
8 0 3 56881 0.08112
8 0 3 56844 0.08127
8 0 3 56800 0.07923
8 0 3 56743 0.07982
8 0 3 56732 0.07913
8 0 3 56728 0.07922
8 0 3 56682 0.07981
8 0 3 56655 0.07783
8 0 3 56628 0.08013
8 0 3 56546 0.07738
8 0 3 56379 0.07792
8 0 3 55775 0.0752
8 0 3 55414 0.07895
8 0 3 38374 0.05063
8 0 3 38341 0.05204
8 0 3 38326 0.0493
8 0 3 38319 0.05109
8 0 3 38308 0.05185
8 0 3 38290 0.05127
8 0 3 38271 0.04908
8 0 3 38265 0.05128
8 0 3 38251 0.0513
8 0 3 38229 0.0511
8 0 3 38190 0.05179
8 0 3 38107 0.05013
8 0 3 38078 0.05112
8 0 3 26700 0.03254
8 0 3 26695 0.03212
8 0 3 26685 0.03076
8 0 3 26678 0.03191
8 0 3 26668 0.03158
8 0 3 26662 0.03204
8 0 3 26656 0.0333
8 0 3 26645 0.03161
8 0 3 26635 0.03142
8 0 3 26621 0.03088
8 0 3 26593 0.03207
8 0 3 26561 0.03064
8 0 3 15613 0.0199
8 0 3 15607 0.01945
8 0 3 15607 0.01936
8 0 3 15605 0.01923
8 0 3 15603 0.01916
8 0 3 15598 0.01953
8 0 3 15595 0.01896
8 0 3 15592 0.02017
8 0 3 15588 0.01952
8 0 3 15586 0.01949
8 0 3 15580 0.01965
8 0 3 15575 0.01956
8 0 3 15524 0.01973
8 0 3 10267 0.0146
8 0 3 10266 0.01499
8 0 3 10265 0.01411
8 0 3 10263 0.0143
8 0 3 10263 0.01422
8 0 3 10263 0.01413
8 0 3 10262 0.01462
8 0 3 10260 0.01423
8 0 3 10258 0.01424
8 0 3 10256 0.01412
8 0 3 10251 0.01423
8 0 3 10213 0.01324
8 0 4 144830 0.2427
8 0 4 144565 0.2358
8 0 4 143982 0.2348
8 0 4 143855 0.239
8 0 4 143431 0.2374
8 0 4 143148 0.232
8 0 4 142979 0.2355
8 0 4 142862 0.2397
8 0 4 140572 0.2353
8 0 4 139503 0.2159
8 0 4 138702 0.228
8 0 4 134347 0.2228
8 0 4 134288 0.2292
8 0 4 116471 0.1587
8 0 4 116365 0.1512
8 0 4 115913 0.1488
8 0 4 115858 0.1529
8 0 4 115776 0.1527
8 0 4 115477 0.1534
8 0 4 114291 0.1485
8 0 4 114233 0.1503
8 0 4 113779 0.151
8 0 4 113418 0.1482
8 0 4 112636 0.1462
8 0 4 106822 0.1419
8 0 4 99462 0.1318
8 0 4 99220 0.1321
8 0 4 99087 0.1307
8 0 4 98877 0.133
8 0 4 98790 0.1318
8 0 4 98608 0.1331
8 0 4 98497 0.1332
8 0 4 98102 0.1314
8 0 4 97926 0.1319
8 0 4 97845 0.1317
8 0 4 96726 0.1272
8 0 4 93638 0.1243
8 0 4 60581 0.0833
8 0 4 60554 0.08483
8 0 4 60531 0.08603
8 0 4 60493 0.08697
8 0 4 60338 0.08574
8 0 4 60220 0.08513
8 0 4 60167 0.08686
8 0 4 60059 0.08579
8 0 4 59968 0.0856
8 0 4 59204 0.08489
8 0 4 58619 0.08334
8 0 4 58287 0.08098
8 0 4 57169 0.07988
8 0 4 40166 0.0546
8 0 4 40101 0.05371
8 0 4 40054 0.05679
8 0 4 40016 0.05347
8 0 4 40003 0.05315
8 0 4 39992 0.05371
8 0 4 39883 0.05442
8 0 4 39867 0.05383
8 0 4 39772 0.05362
8 0 4 39318 0.05391
8 0 4 38858 0.05437
8 0 4 38801 0.05359
8 0 4 38028 0.05097
8 0 4 27588 0.03344
8 0 4 27566 0.03261
8 0 4 27555 0.03356
8 0 4 27534 0.03352
8 0 4 27508 0.0335
8 0 4 27501 0.032
8 0 4 27492 0.03209
8 0 4 27474 0.03239
8 0 4 27427 0.03375
8 0 4 27396 0.0344
8 0 4 26959 0.03235
8 0 4 26930 0.03294
8 0 4 15919 0.0204
8 0 4 15916 0.021
8 0 4 15910 0.02064
8 0 4 15904 0.02049
8 0 4 15902 0.02034
8 0 4 15899 0.02031
8 0 4 15891 0.02052
8 0 4 15881 0.02013
8 0 4 15878 0.02016
8 0 4 15864 0.01989
8 0 4 15835 0.01941
8 0 4 15688 0.01958
8 0 4 15558 0.02023
8 0 4 10404 0.0148
8 0 4 10398 0.01413
8 0 4 10398 0.01463
8 0 4 10397 0.01447
8 0 4 10396 0.01457
8 0 4 10395 0.01478
8 0 4 10388 0.01442
8 0 4 10387 0.01429
8 0 4 10340 0.01505
8 0 4 10310 0.01439
8 0 4 10302 0.01411
8 0 4 10265 0.01415
8 0 5 163494 0.2448
8 0 5 162687 0.1935
8 0 5 162592 0.2013
8 0 5 162278 0.2048
8 0 5 161533 0.1987
8 0 5 161431 0.203
8 0 5 161371 0.2008
8 0 5 160854 0.2058
8 0 5 158356 0.2063
8 0 5 157251 0.2001
8 0 5 156387 0.1947
8 0 5 152987 0.1986
8 0 5 129644 0.1827
8 0 5 129273 0.1824
8 0 5 128803 0.1844
8 0 5 128636 0.182
8 0 5 128538 0.1843
8 0 5 128148 0.1851
8 0 5 128079 0.1794
8 0 5 127749 0.1804
8 0 5 126842 0.1784
8 0 5 126313 0.18
8 0 5 125868 0.1829
8 0 5 125806 0.1843
8 0 5 122774 0.123
8 0 5 108971 0.1101
8 0 5 108812 0.1108
8 0 5 108582 0.1085
8 0 5 108448 0.1119
8 0 5 108360 0.1113
8 0 5 108115 0.1112
8 0 5 108082 0.1097
8 0 5 107997 0.1094
8 0 5 107391 0.1029
8 0 5 107249 0.1112
8 0 5 106461 0.1098
8 0 5 104430 0.105
8 0 5 102494 0.1066
8 0 5 64433 0.07346
8 0 5 64372 0.07433
8 0 5 64254 0.07344
8 0 5 64212 0.07272
8 0 5 64125 0.07189
8 0 5 63969 0.07026
8 0 5 63930 0.07229
8 0 5 63897 0.07267
8 0 5 62794 0.07207
8 0 5 62364 0.07127
8 0 5 61417 0.06994
8 0 5 59374 0.07063
8 0 5 41937 0.05067
8 0 5 41900 0.04958
8 0 5 41875 0.05043
8 0 5 41830 0.05123
8 0 5 41804 0.05041
8 0 5 41746 0.05035
8 0 5 41649 0.0495
8 0 5 41621 0.05102
8 0 5 41499 0.05057
8 0 5 40898 0.04747
8 0 5 40601 0.04833
8 0 5 40334 0.04331
8 0 5 28495 0.03175
8 0 5 28471 0.03177
8 0 5 28449 0.03236
8 0 5 28441 0.03198
8 0 5 28426 0.03271
8 0 5 28398 0.03108
8 0 5 28391 0.03106
8 0 5 28351 0.03219
8 0 5 28331 0.03116
8 0 5 28305 0.03153
8 0 5 27842 0.03132
8 0 5 27828 0.0321
8 0 5 27794 0.03216
8 0 5 16230 0.01907
8 0 5 16220 0.019
8 0 5 16217 0.01916
8 0 5 16213 0.01918
8 0 5 16208 0.01913
8 0 5 16202 0.02016
8 0 5 16192 0.01959
8 0 5 16179 0.01965
8 0 5 16168 0.01907
8 0 5 16162 0.01834
8 0 5 16005 0.01936
8 0 5 15973 0.01931
8 0 5 10541 0.01361
8 0 5 10538 0.01419
8 0 5 10535 0.01388
8 0 5 10534 0.01378
8 0 5 10531 0.01335
8 0 5 10530 0.01364
8 0 5 10528 0.01423
8 0 5 10524 0.01398
8 0 5 10522 0.01389
8 0 5 10449 0.01412
8 0 5 10438 0.01401
8 0 5 10433 0.0139
8 0 5 10307 0.01423
