16 0 1 100000 0.141
16 0 1 100000 0.1386
16 0 1 100000 0.1366
16 0 1 100000 0.1368
16 0 1 100000 0.1357
16 0 1 100000 0.1343
16 0 1 85000 0.119
16 0 1 85000 0.1183
16 0 1 85000 0.119
16 0 1 85000 0.1201
16 0 1 85000 0.1055
16 0 1 85000 0.09155
16 0 1 75000 0.08393
16 0 1 75000 0.08364
16 0 1 75000 0.08196
16 0 1 75000 0.0807
16 0 1 75000 0.08174
16 0 1 75000 0.08193
16 0 1 75000 0.08194
16 0 1 50000 0.06093
16 0 1 50000 0.05905
16 0 1 50000 0.05937
16 0 1 50000 0.06107
16 0 1 50000 0.05888
16 0 1 50000 0.05884
16 0 1 35000 0.04172
16 0 1 35000 0.04289
16 0 1 35000 0.04283
16 0 1 35000 0.04329
16 0 1 35000 0.04154
16 0 1 35000 0.04279
16 0 1 25000 0.0294
16 0 1 25000 0.02779
16 0 1 25000 0.02781
16 0 1 25000 0.02713
16 0 1 25000 0.02577
16 0 1 25000 0.02905
16 0 1 15000 0.01809
16 0 1 15000 0.01689
16 0 1 15000 0.01779
16 0 1 15000 0.01695
16 0 1 15000 0.01774
16 0 1 15000 0.01795
16 0 1 10000 0.01275
16 0 1 10000 0.01291
16 0 1 10000 0.01259
16 0 1 10000 0.01279
16 0 1 10000 0.01265
16 0 1 10000 0.01269
16 0 1 10000 0.01305
16 0 2 113442 0.1157
16 0 2 113071 0.1142
16 0 2 112992 0.1151
16 0 2 112752 0.1142
16 0 2 112664 0.1129
16 0 2 102462 0.107
16 0 2 102462 0.1079
16 0 2 94475 0.09958
16 0 2 94408 0.1006
16 0 2 94277 0.1008
16 0 2 93959 0.09926
16 0 2 93436 0.0979
16 0 2 82473 0.09076
16 0 2 82446 0.09154
16 0 2 82422 0.08856
16 0 2 82261 0.08721
16 0 2 82125 0.09075
16 0 2 82053 0.08938
16 0 2 53371 0.06373
16 0 2 53347 0.06566
16 0 2 53301 0.06264
16 0 2 53265 0.06465
16 0 2 53231 0.06386
16 0 2 53161 0.06381
16 0 2 52953 0.06403
16 0 2 36662 0.04529
16 0 2 36641 0.04429
16 0 2 36615 0.04442
16 0 2 36605 0.04426
16 0 2 36584 0.04371
16 0 2 36525 0.0429
16 0 2 25845 0.02889
16 0 2 25833 0.0323
16 0 2 25825 0.02967
16 0 2 25816 0.02768
16 0 2 25804 0.02943
16 0 2 25771 0.02938
16 0 2 25004 0.02977
16 0 2 15300 0.01909
16 0 2 15299 0.01765
16 0 2 15298 0.01869
16 0 2 15291 0.01765
16 0 2 15281 0.01827
16 0 2 10134 0.01323
16 0 2 10134 0.01285
16 0 2 10133 0.01302
16 0 2 10132 0.01275
16 0 2 10130 0.013
16 0 2 10128 0.01326
16 0 2 10126 0.01262
16 0 3 128039 0.1806
16 0 3 127937 0.1868
16 0 3 127498 0.1851
16 0 3 126877 0.1814
16 0 3 126754 0.1825
16 0 3 125773 0.1833
16 0 3 105101 0.109
16 0 3 104810 0.11
16 0 3 104499 0.1095
16 0 3 104394 0.1094
16 0 3 103972 0.1084
16 0 3 101541 0.1058
16 0 3 94838 0.09864
16 0 3 90394 0.09672
16 0 3 90330 0.09571
16 0 3 90217 0.09595
16 0 3 90135 0.09576
16 0 3 89705 0.09838
16 0 3 56898 0.06632
16 0 3 56811 0.0667
16 0 3 56715 0.06798
16 0 3 56681 0.06641
16 0 3 56632 0.06698
16 0 3 56531 0.06681
16 0 3 56232 0.0663
16 0 3 38325 0.04553
16 0 3 38305 0.0469
16 0 3 38297 0.04441
16 0 3 38279 0.04609
16 0 3 38237 0.04522
16 0 3 38182 0.0457
16 0 3 26692 0.02966
16 0 3 26673 0.02931
16 0 3 26658 0.02957
16 0 3 26643 0.02984
16 0 3 26617 0.02989
16 0 3 26510 0.02907
16 0 3 15611 0.0182
16 0 3 15609 0.01791
16 0 3 15601 0.01883
16 0 3 15596 0.01796
16 0 3 15592 0.01839
16 0 3 15585 0.01843
16 0 3 15569 0.01947
16 0 3 10269 0.01395
16 0 3 10267 0.01331
16 0 3 10265 0.01307
16 0 3 10260 0.01336
16 0 3 10256 0.01327
16 0 3 10254 0.01347
16 0 3 10244 0.01352
16 0 4 144661 0.1954
16 0 4 144180 0.1971
16 0 4 143143 0.1946
16 0 4 142995 0.1903
16 0 4 140999 0.1926
16 0 4 137245 0.1908
16 0 4 116665 0.1168
16 0 4 115979 0.1194
16 0 4 115643 0.1185
16 0 4 115214 0.1183
16 0 4 114630 0.1146
16 0 4 109975 0.1127
16 0 4 99509 0.1023
16 0 4 99369 0.1037
16 0 4 99120 0.1027
16 0 4 98622 0.1026
16 0 4 98556 0.1024
16 0 4 97421 0.1029
16 0 4 60643 0.07201
16 0 4 60541 0.06984
16 0 4 60404 0.07212
16 0 4 60319 0.06839
16 0 4 60237 0.07181
16 0 4 60066 0.07241
16 0 4 59873 0.07116
16 0 4 40120 0.04789
16 0 4 40069 0.0489
16 0 4 40042 0.04857
16 0 4 40009 0.04878
16 0 4 39924 0.04958
16 0 4 39629 0.04835
16 0 4 27601 0.03096
16 0 4 27553 0.03218
16 0 4 27526 0.03159
16 0 4 27507 0.03068
16 0 4 27434 0.03053
16 0 4 27063 0.03151
16 0 4 26631 0.03032
16 0 4 15916 0.01929
16 0 4 15902 0.01988
16 0 4 15889 0.01905
16 0 4 15883 0.01931
16 0 4 15878 0.0191
16 0 4 15604 0.0187
16 0 4 10403 0.01387
16 0 4 10399 0.01348
16 0 4 10395 0.0134
16 0 4 10390 0.01411
16 0 4 10385 0.01321
16 0 4 10383 0.01345
16 0 5 162225 0.202
16 0 5 161870 0.2093
16 0 5 161442 0.2078
16 0 5 159494 0.2071
16 0 5 158157 0.1972
16 0 5 153764 0.204
16 0 5 129755 0.1859
16 0 5 128339 0.1917
16 0 5 128309 0.1901
16 0 5 127670 0.1888
16 0 5 125813 0.1819
16 0 5 123845 0.1771
16 0 5 108919 0.1129
16 0 5 108684 0.1136
16 0 5 108114 0.1123
16 0 5 107998 0.113
16 0 5 107556 0.1125
16 0 5 107007 0.1062
16 0 5 64485 0.07368
16 0 5 64468 0.07467
16 0 5 64286 0.07424
16 0 5 64179 0.07513
16 0 5 64067 0.07256
16 0 5 63980 0.07472
16 0 5 63752 0.07335
16 0 5 41960 0.04922
16 0 5 41894 0.05018
16 0 5 41861 0.05075
16 0 5 41786 0.05049
16 0 5 41749 0.05029
16 0 5 41354 0.05166
16 0 5 28532 0.03248
16 0 5 28444 0.03248
16 0 5 28432 0.03165
16 0 5 28382 0.03235
16 0 5 28323 0.03209
16 0 5 27975 0.0312
16 0 5 27513 0.0315
16 0 5 16230 0.01951
16 0 5 16204 0.01947
16 0 5 16199 0.01939
16 0 5 16195 0.01937
16 0 5 16183 0.01858
16 0 5 15912 0.01974
16 0 5 10541 0.01433
16 0 5 10534 0.01377
16 0 5 10530 0.01375
16 0 5 10523 0.01386
16 0 5 10521 0.01364
16 0 5 10520 0.01412
