8 5 1 100000 0.1188
8 5 1 100000 0.1142
8 5 1 100000 0.1112
8 5 1 100000 0.1099
8 5 1 100000 0.1065
8 5 1 100000 0.1016
8 5 1 100000 0.1049
8 5 1 100000 0.1061
8 5 1 100000 0.104
8 5 1 100000 0.104
8 5 1 100000 0.1028
8 5 1 100000 0.1017
8 5 1 85000 0.09493
8 5 1 85000 0.09456
8 5 1 85000 0.09339
8 5 1 85000 0.09453
8 5 1 85000 0.09408
8 5 1 85000 0.09445
8 5 1 85000 0.1073
8 5 1 85000 0.1094
8 5 1 85000 0.1104
8 5 1 85000 0.1124
8 5 1 85000 0.1125
8 5 1 85000 0.115
8 5 1 85000 0.1071
8 5 1 75000 0.09819
8 5 1 75000 0.09957
8 5 1 75000 0.09833
8 5 1 75000 0.09921
8 5 1 75000 0.09829
8 5 1 75000 0.09672
8 5 1 75000 0.09994
8 5 1 75000 0.0995
8 5 1 75000 0.1005
8 5 1 75000 0.09599
8 5 1 75000 0.0872
8 5 1 75000 0.08079
8 5 1 75000 0.0822
8 5 1 50000 0.06159
8 5 1 50000 0.06269
8 5 1 50000 0.06141
8 5 1 50000 0.06265
8 5 1 50000 0.05927
8 5 1 50000 0.05864
8 5 1 50000 0.05965
8 5 1 50000 0.06073
8 5 1 50000 0.06002
8 5 1 50000 0.05839
8 5 1 50000 0.06066
8 5 1 50000 0.05817
8 5 1 35000 0.04534
8 5 1 35000 0.04573
8 5 1 35000 0.04527
8 5 1 35000 0.04344
8 5 1 35000 0.04296
8 5 1 35000 0.0427
8 5 1 35000 0.04202
8 5 1 35000 0.04231
8 5 1 35000 0.04079
8 5 1 35000 0.04141
8 5 1 35000 0.04079
8 5 1 35000 0.04209
8 5 1 25000 0.03016
8 5 1 25000 0.02899
8 5 1 25000 0.03002
8 5 1 25000 0.02876
8 5 1 25000 0.02937
8 5 1 25000 0.02845
8 5 1 25000 0.02769
8 5 1 25000 0.02643
8 5 1 25000 0.02681
8 5 1 25000 0.02545
8 5 1 25000 0.02873
8 5 1 25000 0.02695
8 5 1 25000 0.02803
8 5 1 15000 0.019
8 5 1 15000 0.01882
8 5 1 15000 0.01812
8 5 1 15000 0.01797
8 5 1 15000 0.01702
8 5 1 15000 0.01742
8 5 1 15000 0.01733
8 5 1 15000 0.01708
8 5 1 15000 0.01786
8 5 1 15000 0.01734
8 5 1 15000 0.01743
8 5 1 15000 0.01691
8 5 1 10000 0.01328
8 5 1 10000 0.01298
8 5 1 10000 0.01334
8 5 1 10000 0.01324
8 5 1 10000 0.01267
8 5 1 10000 0.01249
8 5 1 10000 0.01276
8 5 1 10000 0.01212
8 5 1 10000 0.01213
8 5 1 10000 0.0125
8 5 1 10000 0.01259
8 5 1 10000 0.01224
8 5 1 10000 0.01231
8 5 2 113104 0.1126
8 5 2 113074 0.1157
8 5 2 113064 0.1143
8 5 2 112557 0.1149
8 5 2 111991 0.1186
8 5 2 111700 0.1116
8 5 2 110392 0.1115
8 5 2 110051 0.1128
8 5 2 108429 0.1089
8 5 2 103250 0.1106
8 5 2 102424 0.11
8 5 2 98504 0.1014
8 5 2 94490 0.09903
8 5 2 94416 0.09627
8 5 2 94319 0.09708
8 5 2 94057 0.09815
8 5 2 93931 0.1056
8 5 2 93496 0.1249
8 5 2 93358 0.1185
8 5 2 91911 0.1215
8 5 2 88530 0.1163
8 5 2 86065 0.1093
8 5 2 84354 0.1123
8 5 2 82499 0.1081
8 5 2 82403 0.1057
8 5 2 82334 0.1074
8 5 2 82252 0.1089
8 5 2 82110 0.103
8 5 2 82057 0.1079
8 5 2 81984 0.1048
8 5 2 81684 0.1088
8 5 2 81512 0.1085
8 5 2 80160 0.1048
8 5 2 80071 0.1045
8 5 2 78009 0.1054
8 5 2 77580 0.1031
8 5 2 72791 0.09833
8 5 2 53375 0.07252
8 5 2 53357 0.06905
8 5 2 53318 0.0686
8 5 2 53278 0.06883
8 5 2 53258 0.06934
8 5 2 53230 0.0713
8 5 2 53213 0.07105
8 5 2 53127 0.07025
8 5 2 52577 0.07336
8 5 2 51378 0.07173
8 5 2 50947 0.07188
8 5 2 49175 0.06595
8 5 2 46844 0.06349
8 5 2 36662 0.04989
8 5 2 36638 0.04947
8 5 2 36617 0.04538
8 5 2 36593 0.04597
8 5 2 36587 0.04622
8 5 2 36571 0.04598
8 5 2 36565 0.04682
8 5 2 36551 0.04687
8 5 2 36517 0.04707
8 5 2 35962 0.04905
8 5 2 35680 0.05019
8 5 2 34710 0.04476
8 5 2 33262 0.04144
8 5 2 25836 0.02968
8 5 2 25824 0.02721
8 5 2 25815 0.02817
8 5 2 25814 0.02899
8 5 2 25807 0.02801
8 5 2 25781 0.02795
8 5 2 25771 0.0275
8 5 2 25740 0.02895
8 5 2 25284 0.02939
8 5 2 24981 0.03082
8 5 2 24634 0.02954
8 5 2 24422 0.0286
8 5 2 15304 0.01998
8 5 2 15302 0.0191
8 5 2 15299 0.01997
8 5 2 15296 0.01818
8 5 2 15295 0.0183
8 5 2 15292 0.01943
8 5 2 15288 0.01714
8 5 2 15279 0.01689
8 5 2 15265 0.01847
8 5 2 15243 0.01953
8 5 2 15059 0.01762
8 5 2 14917 0.01875
8 5 2 14784 0.01875
8 5 2 10134 0.01225
8 5 2 10133 0.01336
8 5 2 10132 0.01294
8 5 2 10131 0.01179
8 5 2 10130 0.01302
8 5 2 10129 0.01191
8 5 2 10128 0.01247
8 5 2 10125 0.01261
8 5 2 10064 0.01258
8 5 2 9993 0.01242
8 5 2 9919 0.01246
8 5 2 9904 0.01252
8 5 3 127421 0.2102
8 5 3 126919 0.2104
8 5 3 126591 0.1999
8 5 3 126176 0.1867
8 5 3 125958 0.1729
8 5 3 123925 0.1705
8 5 3 122656 0.1191
8 5 3 121208 0.1162
8 5 3 114682 0.116
8 5 3 113323 0.1157
8 5 3 104861 0.1124
8 5 3 104712 0.1048
8 5 3 104138 0.1076
8 5 3 103669 0.1096
8 5 3 103388 0.1066
8 5 3 102525 0.1044
8 5 3 101035 0.1054
8 5 3 100237 0.126
8 5 3 99214 0.1242
8 5 3 97806 0.1234
8 5 3 93471 0.1135
8 5 3 91127 0.12
8 5 3 90924 0.1141
8 5 3 90493 0.1182
8 5 3 90305 0.1143
8 5 3 90035 0.09592
8 5 3 89758 0.0947
8 5 3 89745 0.09234
8 5 3 88917 0.09245
8 5 3 88264 0.09277
8 5 3 87643 0.08885
8 5 3 85470 0.09197
8 5 3 84494 0.09311
8 5 3 83167 0.08529
8 5 3 80798 0.09111
8 5 3 78270 0.08657
8 5 3 72939 0.08263
8 5 3 69752 0.0819
8 5 3 56731 0.06522
8 5 3 56670 0.0643
8 5 3 56633 0.06335
8 5 3 56606 0.06494
8 5 3 56586 0.06431
8 5 3 55987 0.06595
8 5 3 54478 0.06491
8 5 3 53977 0.06632
8 5 3 52418 0.06212
8 5 3 50900 0.06328
8 5 3 48501 0.06014
8 5 3 45353 0.0572
8 5 3 38298 0.04339
8 5 3 38270 0.04756
8 5 3 38250 0.04313
8 5 3 38245 0.04383
8 5 3 38168 0.0452
8 5 3 38146 0.04351
8 5 3 38078 0.04454
8 5 3 37524 0.0455
8 5 3 37296 0.04638
8 5 3 36331 0.04501
8 5 3 35352 0.04357
8 5 3 34336 0.04239
8 5 3 26686 0.02809
8 5 3 26685 0.0283
8 5 3 26659 0.02845
8 5 3 26621 0.02841
8 5 3 26616 0.0285
8 5 3 26597 0.02739
8 5 3 26553 0.02985
8 5 3 26176 0.02713
8 5 3 26091 0.02882
8 5 3 25767 0.02793
8 5 3 25396 0.02614
8 5 3 25227 0.0267
8 5 3 24570 0.02824
8 5 3 15606 0.01844
8 5 3 15601 0.01746
8 5 3 15598 0.01838
8 5 3 15580 0.01794
8 5 3 15576 0.01792
8 5 3 15566 0.01796
8 5 3 15561 0.01935
8 5 3 15414 0.0172
8 5 3 15304 0.01822
8 5 3 15229 0.01841
8 5 3 15147 0.01706
8 5 3 14924 0.01838
8 5 3 14706 0.01884
8 5 3 10264 0.01323
8 5 3 10262 0.01268
8 5 3 10259 0.01278
8 5 3 10258 0.01303
8 5 3 10254 0.01302
8 5 3 10228 0.01255
8 5 3 10175 0.01294
8 5 3 10137 0.01344
8 5 3 10067 0.01238
8 5 3 9989 0.01282
8 5 3 9885 0.01321
8 5 3 9811 0.01319
8 5 4 143563 0.1855
8 5 4 141204 0.1868
8 5 4 140228 0.1858
8 5 4 138709 0.185
8 5 4 137894 0.1781
8 5 4 136236 0.1826
8 5 4 132058 0.1897
8 5 4 132058 0.1852
8 5 4 124062 0.1725
8 5 4 117924 0.1182
8 5 4 116027 0.1157
8 5 4 114950 0.1138
8 5 4 114653 0.1124
8 5 4 112996 0.1147
8 5 4 112036 0.1119
8 5 4 110414 0.1126
8 5 4 109403 0.1103
8 5 4 108223 0.1008
8 5 4 103513 0.1078
8 5 4 101103 0.1026
8 5 4 99460 0.1019
8 5 4 99151 0.1001
8 5 4 98974 0.1019
8 5 4 98499 0.1032
8 5 4 98313 0.09883
8 5 4 98043 0.1005
8 5 4 96996 0.101
8 5 4 96044 0.1033
8 5 4 95108 0.0985
8 5 4 92370 0.09905
8 5 4 91706 0.09396
8 5 4 90282 0.09253
8 5 4 86673 0.09056
8 5 4 86338 0.09325
8 5 4 81382 0.09047
8 5 4 78418 0.08696
8 5 4 77202 0.08547
8 5 4 60600 0.06962
8 5 4 60390 0.06911
8 5 4 60340 0.0716
8 5 4 60277 0.07082
8 5 4 59857 0.0695
8 5 4 59581 0.06716
8 5 4 58259 0.06606
8 5 4 57623 0.06736
8 5 4 56362 0.06764
8 5 4 53746 0.0646
8 5 4 53425 0.06771
8 5 4 49313 0.06011
8 5 4 46345 0.05644
8 5 4 40065 0.04667
8 5 4 39989 0.04691
8 5 4 39954 0.04727
8 5 4 39871 0.04495
8 5 4 39822 0.04593
8 5 4 39450 0.04718
8 5 4 39080 0.0451
8 5 4 38918 0.04473
8 5 4 38242 0.04579
8 5 4 36720 0.04563
8 5 4 36353 0.04657
8 5 4 35914 0.04662
8 5 4 27581 0.0329
8 5 4 27573 0.03173
8 5 4 27519 0.0305
8 5 4 27473 0.03079
8 5 4 27447 0.0322
8 5 4 27375 0.03191
8 5 4 26967 0.03124
8 5 4 26710 0.03245
8 5 4 26357 0.0311
8 5 4 26230 0.02891
8 5 4 26020 0.0274
8 5 4 25501 0.0306
8 5 4 24842 0.02786
8 5 4 15914 0.01971
8 5 4 15909 0.01918
8 5 4 15904 0.01993
8 5 4 15886 0.0195
8 5 4 15879 0.01851
8 5 4 15864 0.02038
8 5 4 15798 0.02057
8 5 4 15581 0.01896
8 5 4 15444 0.0176
8 5 4 15281 0.02028
8 5 4 15189 0.01851
8 5 4 15066 0.01846
8 5 4 14624 0.0187
8 5 4 10398 0.01258
8 5 4 10394 0.01325
8 5 4 10392 0.013
8 5 4 10390 0.0138
8 5 4 10381 0.01242
8 5 4 10314 0.0127
8 5 4 10255 0.01341
8 5 4 10184 0.01278
8 5 4 10133 0.0129
8 5 4 10017 0.01286
8 5 4 9896 0.01235
8 5 4 9732 0.01249
8 5 5 161013 0.249
8 5 5 158642 0.2076
8 5 5 158156 0.1999
8 5 5 154018 0.1986
8 5 5 153689 0.1944
8 5 5 152826 0.1935
8 5 5 144196 0.1925
8 5 5 141055 0.1991
8 5 5 134335 0.1973
8 5 5 129023 0.1708
8 5 5 128331 0.1803
8 5 5 127710 0.1781
8 5 5 124503 0.1777
8 5 5 122546 0.1201
8 5 5 121283 0.1222
8 5 5 119207 0.1227
8 5 5 118192 0.1223
8 5 5 111497 0.1123
8 5 5 111129 0.1167
8 5 5 108945 0.1118
8 5 5 108129 0.11
8 5 5 107756 0.1119
8 5 5 107417 0.1126
8 5 5 106480 0.1096
8 5 5 105496 0.1083
8 5 5 105475 0.1069
8 5 5 103280 0.1066
8 5 5 102087 0.1042
8 5 5 100611 0.104
8 5 5 98317 0.1047
8 5 5 97881 0.1026
8 5 5 92093 0.09973
8 5 5 90196 0.09682
8 5 5 89441 0.1144
8 5 5 80654 0.08911
8 5 5 78765 0.09
8 5 5 76687 0.08477
8 5 5 64321 0.07282
8 5 5 64148 0.07386
8 5 5 63967 0.07047
8 5 5 63516 0.07129
8 5 5 63159 0.07375
8 5 5 61867 0.07067
8 5 5 61722 0.0718
8 5 5 59865 0.06924
8 5 5 59283 0.07163
8 5 5 56599 0.07095
8 5 5 52867 0.06663
8 5 5 51084 0.06327
8 5 5 46300 0.05752
8 5 5 41902 0.05215
8 5 5 41785 0.05109
8 5 5 41715 0.04924
8 5 5 41691 0.05122
8 5 5 41587 0.05074
8 5 5 41535 0.04788
8 5 5 40722 0.04642
8 5 5 39856 0.04926
8 5 5 38412 0.0448
8 5 5 37646 0.04533
8 5 5 37369 0.04514
8 5 5 34631 0.04442
8 5 5 34014 0.0421
8 5 5 28392 0.03102
8 5 5 28359 0.02995
8 5 5 28345 0.03058
8 5 5 28034 0.0311
8 5 5 27911 0.0318
8 5 5 27193 0.03058
8 5 5 26973 0.03118
8 5 5 26699 0.03184
8 5 5 26012 0.02905
8 5 5 25747 0.02932
8 5 5 25399 0.02967
8 5 5 24077 0.02838
8 5 5 16217 0.01842
8 5 5 16195 0.01807
8 5 5 16191 0.01863
8 5 5 16184 0.0188
8 5 5 16168 0.01906
8 5 5 16075 0.01894
8 5 5 16003 0.01891
8 5 5 15758 0.01867
8 5 5 15556 0.01884
8 5 5 15353 0.0189
8 5 5 15072 0.01902
8 5 5 14900 0.01756
8 5 5 10533 0.01362
8 5 5 10532 0.0135
8 5 5 10528 0.01347
8 5 5 10525 0.01377
8 5 5 10521 0.01415
8 5 5 10502 0.01351
8 5 5 10436 0.01382
8 5 5 10353 0.01373
8 5 5 10278 0.01374
8 5 5 10271 0.01318
8 5 5 10137 0.01297
8 5 5 10015 0.01288
8 5 5 9804 0.01333
