8 0 1 100000 0.138
8 0 1 100000 0.1383
8 0 1 100000 0.1315
8 0 1 100000 0.1321
8 0 1 100000 0.1343
8 0 1 100000 0.1355
8 0 1 100000 0.1335
8 0 1 100000 0.1049
8 0 1 100000 0.1032
8 0 1 100000 0.105
8 0 1 100000 0.103
8 0 1 100000 0.1117
8 0 1 85000 0.1107
8 0 1 85000 0.1098
8 0 1 85000 0.1153
8 0 1 85000 0.1102
8 0 1 85000 0.1076
8 0 1 85000 0.1101
8 0 1 85000 0.1075
8 0 1 85000 0.1085
8 0 1 85000 0.1121
8 0 1 85000 0.1082
8 0 1 85000 0.1116
8 0 1 85000 0.1068
8 0 1 85000 0.108
8 0 1 75000 0.09587
8 0 1 75000 0.0937
8 0 1 75000 0.09695
8 0 1 75000 0.09695
8 0 1 75000 0.09615
8 0 1 75000 0.09864
8 0 1 75000 0.09653
8 0 1 75000 0.09615
8 0 1 75000 0.101
8 0 1 75000 0.09679
8 0 1 75000 0.09562
8 0 1 75000 0.09395
8 0 1 75000 0.09494
8 0 1 50000 0.06359
8 0 1 50000 0.06591
8 0 1 50000 0.06746
8 0 1 50000 0.06391
8 0 1 50000 0.065
8 0 1 50000 0.06599
8 0 1 50000 0.06616
8 0 1 50000 0.06525
8 0 1 50000 0.06668
8 0 1 50000 0.06453
8 0 1 50000 0.06505
8 0 1 50000 0.06685
8 0 1 35000 0.04442
8 0 1 35000 0.04648
8 0 1 35000 0.04576
8 0 1 35000 0.04594
8 0 1 35000 0.04552
8 0 1 35000 0.04589
8 0 1 35000 0.04531
8 0 1 35000 0.04625
8 0 1 35000 0.04465
8 0 1 35000 0.04597
8 0 1 35000 0.04581
8 0 1 35000 0.0448
8 0 1 25000 0.02984
8 0 1 25000 0.02895
8 0 1 25000 0.03023
8 0 1 25000 0.02927
8 0 1 25000 0.02944
8 0 1 25000 0.03016
8 0 1 25000 0.02948
8 0 1 25000 0.02979
8 0 1 25000 0.03049
8 0 1 25000 0.02925
8 0 1 25000 0.02952
8 0 1 25000 0.03021
8 0 1 25000 0.03093
8 0 1 15000 0.01947
8 0 1 15000 0.01993
8 0 1 15000 0.01963
8 0 1 15000 0.01952
8 0 1 15000 0.01913
8 0 1 15000 0.01922
8 0 1 15000 0.01953
8 0 1 15000 0.01909
8 0 1 15000 0.01962
8 0 1 15000 0.01819
8 0 1 15000 0.01889
8 0 1 15000 0.01809
8 0 1 10000 0.01352
8 0 1 10000 0.01253
8 0 1 10000 0.01285
8 0 1 10000 0.01303
8 0 1 10000 0.01248
8 0 1 10000 0.01311
8 0 1 10000 0.01195
8 0 1 10000 0.01285
8 0 1 10000 0.01339
8 0 1 10000 0.0129
8 0 1 10000 0.01252
8 0 1 10000 0.013
8 0 1 10000 0.01248
8 0 2 113437 0.1515
8 0 2 113340 0.148
8 0 2 113136 0.1489
8 0 2 113102 0.1483
8 0 2 113048 0.1484
8 0 2 113044 0.1496
8 0 2 112992 0.1487
8 0 2 112953 0.148
8 0 2 112895 0.1372
8 0 2 112806 0.1494
8 0 2 112805 0.1486
8 0 2 112026 0.1466
8 0 2 109432 0.1436
8 0 2 94575 0.1243
8 0 2 94543 0.125
8 0 2 94476 0.1276
8 0 2 94455 0.1221
8 0 2 94394 0.1007
8 0 2 94346 0.1012
8 0 2 94300 0.09935
8 0 2 94233 0.1009
8 0 2 94142 0.09957
8 0 2 94036 0.101
8 0 2 93795 0.1034
8 0 2 86602 0.09365
8 0 2 82497 0.09014
8 0 2 82464 0.08844
8 0 2 82458 0.0914
8 0 2 82441 0.09138
8 0 2 82422 0.08953
8 0 2 82392 0.08965
8 0 2 82362 0.09032
8 0 2 82261 0.09092
8 0 2 82238 0.08968
8 0 2 82173 0.09128
8 0 2 82053 0.08988
8 0 2 81923 0.09413
8 0 2 53371 0.06667
8 0 2 53360 0.06606
8 0 2 53346 0.0659
8 0 2 53316 0.06601
8 0 2 53301 0.06478
8 0 2 53292 0.06168
8 0 2 53264 0.06463
8 0 2 53231 0.06631
8 0 2 53200 0.06617
8 0 2 53167 0.06373
8 0 2 52899 0.06508
8 0 2 52580 0.0666
8 0 2 51951 0.07562
8 0 2 36662 0.0519
8 0 2 36662 0.05211
8 0 2 36647 0.05219
8 0 2 36639 0.04924
8 0 2 36617 0.05075
8 0 2 36615 0.05028
8 0 2 36609 0.05219
8 0 2 36602 0.05163
8 0 2 36585 0.05257
8 0 2 36580 0.0497
8 0 2 36580 0.04967
8 0 2 36568 0.05019
8 0 2 36423 0.05104
8 0 2 25842 0.03252
8 0 2 25836 0.03212
8 0 2 25836 0.03203
8 0 2 25828 0.03258
8 0 2 25826 0.03235
8 0 2 25820 0.03208
8 0 2 25817 0.03139
8 0 2 25815 0.03174
8 0 2 25806 0.03338
8 0 2 25803 0.03175
8 0 2 25791 0.03177
8 0 2 25771 0.03109
8 0 2 15304 0.01912
8 0 2 15303 0.01975
8 0 2 15302 0.01985
8 0 2 15300 0.01862
8 0 2 15299 0.01983
8 0 2 15299 0.01975
8 0 2 15298 0.01998
8 0 2 15298 0.01955
8 0 2 15297 0.01949
8 0 2 15292 0.01964
8 0 2 15289 0.01927
8 0 2 15283 0.01929
8 0 2 15263 0.0198
8 0 2 10134 0.01411
8 0 2 10133 0.01376
8 0 2 10133 0.01441
8 0 2 10132 0.01418
8 0 2 10132 0.01375
8 0 2 10131 0.0135
8 0 2 10130 0.01414
8 0 2 10128 0.01343
8 0 2 10128 0.0136
8 0 2 10127 0.01381
8 0 2 10120 0.01393
8 0 2 10077 0.01335
8 0 3 128091 0.2174
8 0 3 128058 0.2119
8 0 3 127815 0.2026
8 0 3 127761 0.203
8 0 3 127701 0.2099
8 0 3 127444 0.1911
8 0 3 127372 0.1815
8 0 3 127323 0.1753
8 0 3 127238 0.1781
8 0 3 127130 0.1782
8 0 3 127070 0.1803
8 0 3 126780 0.183
8 0 3 105349 0.109
8 0 3 105174 0.1092
8 0 3 105122 0.1076
8 0 3 105003 0.1081
8 0 3 104912 0.1062
8 0 3 104648 0.1084
8 0 3 104638 0.1081
8 0 3 104548 0.1078
8 0 3 104467 0.1088
8 0 3 104316 0.1084
8 0 3 104116 0.1047
8 0 3 104014 0.1065
8 0 3 103842 0.1063
8 0 3 90744 0.0946
8 0 3 90680 0.09597
8 0 3 90553 0.09453
8 0 3 90391 0.09414
8 0 3 90385 0.09419
8 0 3 90325 0.09495
8 0 3 90272 0.09362
8 0 3 90223 0.09308
8 0 3 90171 0.09351
8 0 3 90141 0.09682
8 0 3 89981 0.09473
8 0 3 89157 0.09354
8 0 3 87354 0.09433
8 0 3 56838 0.06991
8 0 3 56780 0.06699
8 0 3 56736 0.06647
8 0 3 56730 0.06799
8 0 3 56710 0.06664
8 0 3 56660 0.06685
8 0 3 56643 0.06652
8 0 3 56581 0.0666
8 0 3 56440 0.06756
8 0 3 56226 0.06659
8 0 3 55756 0.06477
8 0 3 54279 0.06494
8 0 3 38361 0.04528
8 0 3 38337 0.04443
8 0 3 38326 0.04549
8 0 3 38310 0.04542
8 0 3 38305 0.04586
8 0 3 38273 0.04369
8 0 3 38268 0.04526
8 0 3 38256 0.04449
8 0 3 38229 0.04532
8 0 3 38217 0.04447
8 0 3 38187 0.0457
8 0 3 38105 0.04406
8 0 3 26724 0.02931
8 0 3 26697 0.02854
8 0 3 26691 0.03013
8 0 3 26678 0.02932
8 0 3 26669 0.02911
8 0 3 26663 0.02846
8 0 3 26659 0.02966
8 0 3 26655 0.03012
8 0 3 26643 0.02957
8 0 3 26631 0.02775
8 0 3 26617 0.02867
8 0 3 26565 0.02781
8 0 3 26558 0.02788
8 0 3 15608 0.01851
8 0 3 15607 0.01802
8 0 3 15606 0.01825
8 0 3 15604 0.01819
8 0 3 15602 0.01925
8 0 3 15597 0.01876
8 0 3 15593 0.01756
8 0 3 15592 0.01864
8 0 3 15587 0.01837
8 0 3 15585 0.01785
8 0 3 15579 0.01807
8 0 3 15574 0.01793
8 0 3 10268 0.01336
8 0 3 10267 0.01361
8 0 3 10266 0.01337
8 0 3 10263 0.01336
8 0 3 10263 0.0133
8 0 3 10263 0.01336
8 0 3 10262 0.0135
8 0 3 10261 0.013
8 0 3 10259 0.01287
8 0 3 10258 0.0131
8 0 3 10253 0.01368
8 0 3 10222 0.01277
8 0 3 10139 0.01255
8 0 4 144740 0.1902
8 0 4 144700 0.2277
8 0 4 143941 0.2298
8 0 4 143770 0.2288
8 0 4 143730 0.2308
8 0 4 143031 0.2271
8 0 4 142965 0.2279
8 0 4 142138 0.2273
8 0 4 140617 0.2162
8 0 4 139511 0.2107
8 0 4 139051 0.2097
8 0 4 135488 0.1921
8 0 4 116800 0.1501
8 0 4 116554 0.141
8 0 4 116411 0.1177
8 0 4 116068 0.1185
8 0 4 115896 0.1176
8 0 4 115817 0.1158
8 0 4 115715 0.1195
8 0 4 115243 0.1173
8 0 4 114248 0.118
8 0 4 114219 0.1168
8 0 4 113509 0.1164
8 0 4 113078 0.1165
8 0 4 111302 0.1156
8 0 4 99564 0.1044
8 0 4 99264 0.1034
8 0 4 99207 0.1033
8 0 4 99081 0.1046
8 0 4 98800 0.1043
8 0 4 98705 0.1031
8 0 4 98597 0.1037
8 0 4 98467 0.1031
8 0 4 98055 0.1032
8 0 4 97876 0.1015
8 0 4 96858 0.1011
8 0 4 95377 0.1007
8 0 4 93392 0.1005
8 0 4 60540 0.07167
8 0 4 60499 0.07148
8 0 4 60365 0.07151
8 0 4 60300 0.07141
8 0 4 60172 0.07176
8 0 4 60099 0.06976
8 0 4 60034 0.072
8 0 4 59957 0.07093
8 0 4 59128 0.07049
8 0 4 58549 0.06973
8 0 4 57564 0.06891
8 0 4 55906 0.06782
8 0 4 40152 0.04833
8 0 4 40071 0.04845
8 0 4 40028 0.04854
8 0 4 40007 0.04965
8 0 4 39993 0.04869
8 0 4 39933 0.04852
8 0 4 39878 0.04761
8 0 4 39775 0.04655
8 0 4 39664 0.04863
8 0 4 39080 0.04683
8 0 4 38843 0.04575
8 0 4 38766 0.04619
8 0 4 27592 0.03104
8 0 4 27569 0.02942
8 0 4 27560 0.03216
8 0 4 27540 0.03181
8 0 4 27516 0.03073
8 0 4 27504 0.03026
8 0 4 27497 0.02957
8 0 4 27477 0.0314
8 0 4 27428 0.03045
8 0 4 27424 0.03079
8 0 4 26989 0.02891
8 0 4 26936 0.02959
8 0 4 26914 0.02982
8 0 4 15917 0.01863
8 0 4 15911 0.01896
8 0 4 15906 0.01902
8 0 4 15903 0.01917
8 0 4 15901 0.01967
8 0 4 15898 0.01851
8 0 4 15886 0.01786
8 0 4 15878 0.01883
8 0 4 15873 0.0192
8 0 4 15861 0.01936
8 0 4 15690 0.01799
8 0 4 15682 0.01777
8 0 4 10405 0.01309
8 0 4 10401 0.01378
8 0 4 10398 0.01332
8 0 4 10398 0.01319
8 0 4 10397 0.01349
8 0 4 10395 0.01348
8 0 4 10391 0.01375
8 0 4 10388 0.01384
8 0 4 10386 0.01338
8 0 4 10311 0.01364
8 0 4 10303 0.01397
8 0 4 10295 0.01386
8 0 4 10182 0.01287
8 0 5 163041 0.2445
8 0 5 162997 0.245
8 0 5 162676 0.2497
8 0 5 162326 0.2305
8 0 5 161975 0.2352
8 0 5 161424 0.2301
8 0 5 161061 0.2256
8 0 5 160336 0.2392
8 0 5 158611 0.2224
8 0 5 158051 0.2222
8 0 5 156262 0.2175
8 0 5 151965 0.2258
8 0 5 151129 0.2194
8 0 5 128825 0.1937
8 0 5 128638 0.2017
8 0 5 128564 0.2008
8 0 5 128323 0.2034
8 0 5 128129 0.1858
8 0 5 128057 0.1827
8 0 5 126957 0.1806
8 0 5 126621 0.1833
8 0 5 125885 0.1853
8 0 5 125850 0.181
8 0 5 125357 0.1859
8 0 5 118229 0.1219
8 0 5 108964 0.1129
8 0 5 108737 0.1135
8 0 5 108462 0.1134
8 0 5 108404 0.1127
8 0 5 108160 0.1108
8 0 5 108111 0.1097
8 0 5 108036 0.1144
8 0 5 107475 0.1132
8 0 5 107331 0.1087
8 0 5 106665 0.1109
8 0 5 105868 0.1101
8 0 5 102945 0.1094
8 0 5 64564 0.07467
8 0 5 64438 0.07487
8 0 5 64410 0.07503
8 0 5 64360 0.07487
8 0 5 64213 0.07388
8 0 5 64156 0.07539
8 0 5 64094 0.0749
8 0 5 63935 0.07143
8 0 5 63921 0.07473
8 0 5 62892 0.0744
8 0 5 62506 0.07323
8 0 5 62111 0.07056
8 0 5 60865 0.07319
8 0 5 41979 0.05296
8 0 5 41925 0.05129
8 0 5 41878 0.05055
8 0 5 41851 0.04967
8 0 5 41807 0.05104
8 0 5 41756 0.05237
8 0 5 41682 0.05185
8 0 5 41622 0.05208
8 0 5 41613 0.05002
8 0 5 41161 0.05194
8 0 5 40639 0.04845
8 0 5 40582 0.04929
8 0 5 39764 0.04998
8 0 5 28472 0.03167
8 0 5 28463 0.03128
8 0 5 28441 0.0323
8 0 5 28437 0.03248
8 0 5 28417 0.03283
8 0 5 28396 0.03215
8 0 5 28381 0.03066
8 0 5 28332 0.03156
8 0 5 28323 0.03105
8 0 5 28261 0.03317
8 0 5 27832 0.03118
8 0 5 27804 0.03089
8 0 5 16230 0.01903
8 0 5 16221 0.01917
8 0 5 16219 0.01897
8 0 5 16214 0.01933
8 0 5 16210 0.01892
8 0 5 16206 0.01917
8 0 5 16200 0.01964
8 0 5 16189 0.01882
8 0 5 16174 0.01951
8 0 5 16167 0.0202
8 0 5 16129 0.01878
8 0 5 15994 0.01933
8 0 5 15874 0.01953
8 0 5 10539 0.01391
8 0 5 10536 0.01368
8 0 5 10535 0.01418
8 0 5 10532 0.0142
8 0 5 10531 0.01382
8 0 5 10529 0.01436
8 0 5 10526 0.01408
8 0 5 10524 0.01435
8 0 5 10475 0.01385
8 0 5 10443 0.01377
8 0 5 10438 0.01393
8 0 5 10398 0.01399
