16 11 1 100000 0.1271
16 11 1 100000 0.1204
16 11 1 100000 0.1244
16 11 1 100000 0.1245
16 11 1 100000 0.1201
16 11 1 100000 0.1279
16 11 1 100000 0.1023
16 11 1 85000 0.08937
16 11 1 85000 0.08664
16 11 1 85000 0.0877
16 11 1 85000 0.08789
16 11 1 85000 0.08891
16 11 1 75000 0.08059
16 11 1 75000 0.0799
16 11 1 75000 0.07954
16 11 1 75000 0.07719
16 11 1 75000 0.08091
16 11 1 75000 0.07771
16 11 1 75000 0.07716
16 11 1 50000 0.05805
16 11 1 50000 0.06578
16 11 1 50000 0.06808
16 11 1 50000 0.06275
16 11 1 50000 0.06383
16 11 1 50000 0.0646
16 11 1 35000 0.04457
16 11 1 35000 0.04582
16 11 1 35000 0.043
16 11 1 35000 0.04583
16 11 1 35000 0.04486
16 11 1 35000 0.04512
16 11 1 25000 0.03285
16 11 1 25000 0.02793
16 11 1 25000 0.0279
16 11 1 25000 0.0281
16 11 1 25000 0.02834
16 11 1 25000 0.02789
16 11 1 25000 0.02669
16 11 1 15000 0.01805
16 11 1 15000 0.01742
16 11 1 15000 0.01741
16 11 1 15000 0.01807
16 11 1 15000 0.01767
16 11 1 15000 0.01761
16 11 1 10000 0.01288
16 11 1 10000 0.01235
16 11 1 10000 0.01279
16 11 1 10000 0.01344
16 11 1 10000 0.01243
16 11 1 10000 0.01244
16 11 2 113236 0.1495
16 11 2 112660 0.1497
16 11 2 112657 0.1482
16 11 2 112151 0.148
16 11 2 110479 0.1321
16 11 2 106928 0.1341
16 11 2 105832 0.1362
16 11 2 94050 0.1238
16 11 2 93857 0.1243
16 11 2 93704 0.1241
16 11 2 91089 0.1204
16 11 2 88581 0.1165
16 11 2 82403 0.1135
16 11 2 82245 0.1114
16 11 2 82026 0.1061
16 11 2 81867 0.08859
16 11 2 81671 0.09039
16 11 2 79252 0.08661
16 11 2 75964 0.08272
16 11 2 53332 0.06414
16 11 2 53275 0.0636
16 11 2 53232 0.06315
16 11 2 53213 0.06352
16 11 2 52921 0.06378
16 11 2 49994 0.05828
16 11 2 36662 0.04285
16 11 2 36601 0.04289
16 11 2 36587 0.04425
16 11 2 36568 0.04452
16 11 2 36545 0.04207
16 11 2 35800 0.04241
16 11 2 35309 0.04226
16 11 2 25819 0.02861
16 11 2 25808 0.02833
16 11 2 25781 0.02814
16 11 2 25609 0.02946
16 11 2 25375 0.02731
16 11 2 24261 0.02647
16 11 2 15296 0.01766
16 11 2 15289 0.0174
16 11 2 15285 0.01842
16 11 2 15271 0.01763
16 11 2 15040 0.01757
16 11 2 10135 0.01267
16 11 2 10134 0.0127
16 11 2 10132 0.01265
16 11 2 10130 0.01302
16 11 2 10129 0.01238
16 11 2 10120 0.01255
16 11 2 9919 0.01227
16 11 3 127076 0.2121
16 11 3 126635 0.2137
16 11 3 126140 0.2139
16 11 3 124480 0.1787
16 11 3 123427 0.1755
16 11 3 118562 0.1509
16 11 3 118491 0.1374
16 11 3 103847 0.105
16 11 3 103224 0.1049
16 11 3 102461 0.1027
16 11 3 99307 0.1047
16 11 3 96922 0.1013
16 11 3 90062 0.0943
16 11 3 89864 0.09537
16 11 3 89473 0.0923
16 11 3 89039 0.09278
16 11 3 86752 0.09134
16 11 3 84943 0.08938
16 11 3 82859 0.08865
16 11 3 56524 0.06585
16 11 3 56429 0.06834
16 11 3 56164 0.06416
16 11 3 55763 0.0636
16 11 3 54357 0.06526
16 11 3 52679 0.063
16 11 3 38196 0.04415
16 11 3 38176 0.0432
16 11 3 38155 0.04467
16 11 3 38110 0.04438
16 11 3 38052 0.04501
16 11 3 37109 0.04111
16 11 3 36810 0.04318
16 11 3 26624 0.02753
16 11 3 26567 0.02831
16 11 3 26541 0.02854
16 11 3 26402 0.02763
16 11 3 25396 0.02633
16 11 3 25091 0.02739
16 11 3 15575 0.01757
16 11 3 15566 0.01817
16 11 3 15555 0.01762
16 11 3 15520 0.01793
16 11 3 15379 0.01776
16 11 3 14946 0.01739
16 11 3 10256 0.01288
16 11 3 10251 0.01272
16 11 3 10247 0.01249
16 11 3 10241 0.01285
16 11 3 10172 0.01279
16 11 3 9987 0.01234
16 11 4 143070 0.2606
16 11 4 141611 0.2506
16 11 4 141611 0.2503
16 11 4 138836 0.2536
16 11 4 138836 0.2529
16 11 4 137129 0.2495
16 11 4 115335 0.1702
16 11 4 114645 0.1662
16 11 4 113601 0.1676
16 11 4 113136 0.167
16 11 4 111089 0.163
16 11 4 107343 0.1243
16 11 4 105631 0.1138
16 11 4 98273 0.109
16 11 4 97890 0.1135
16 11 4 97077 0.1114
16 11 4 94887 0.1078
16 11 4 93743 0.1052
16 11 4 91506 0.1051
16 11 4 60032 0.07547
16 11 4 59992 0.0746
16 11 4 59754 0.07461
16 11 4 58701 0.07298
16 11 4 57582 0.07089
16 11 4 56207 0.06933
16 11 4 55746 0.06853
16 11 4 39856 0.04887
16 11 4 39852 0.04751
16 11 4 39758 0.05006
16 11 4 39058 0.04826
16 11 4 38420 0.04645
16 11 4 27478 0.02997
16 11 4 27443 0.03151
16 11 4 27409 0.03178
16 11 4 27340 0.03023
16 11 4 27204 0.03076
16 11 4 26012 0.02816
16 11 4 15880 0.01878
16 11 4 15878 0.01894
16 11 4 15860 0.01792
16 11 4 15849 0.01851
16 11 4 15830 0.01888
16 11 4 15697 0.01809
16 11 4 15559 0.01825
16 11 4 10387 0.01304
16 11 4 10383 0.01375
16 11 4 10378 0.01305
16 11 4 10372 0.01361
16 11 4 10297 0.01346
16 11 4 10243 0.01326
16 11 5 160633 0.2082
16 11 5 152603 0.208
16 11 5 151146 0.204
16 11 5 149588 0.2062
16 11 5 144833 0.1975
16 11 5 144240 0.1986
16 11 5 127297 0.1911
16 11 5 126214 0.186
16 11 5 121869 0.1321
16 11 5 117841 0.1273
16 11 5 116914 0.1277
16 11 5 112019 0.1242
16 11 5 107481 0.1185
16 11 5 103157 0.1139
16 11 5 102594 0.1144
16 11 5 101517 0.1133
16 11 5 100815 0.1094
16 11 5 100507 0.112
16 11 5 87081 0.1002
16 11 5 64007 0.07581
16 11 5 63306 0.0746
16 11 5 61558 0.07471
16 11 5 61005 0.07479
16 11 5 59736 0.07325
16 11 5 57084 0.06983
16 11 5 53555 0.06725
16 11 5 41540 0.05103
16 11 5 40792 0.04869
16 11 5 40251 0.04883
16 11 5 39908 0.04917
16 11 5 38509 0.04581
16 11 5 28380 0.02925
16 11 5 28358 0.0297
16 11 5 28228 0.03075
16 11 5 27880 0.03122
16 11 5 27459 0.03034
16 11 5 26894 0.02802
16 11 5 26512 0.02811
16 11 5 16170 0.01798
16 11 5 16127 0.01783
16 11 5 15969 0.0181
16 11 5 15857 0.01823
16 11 5 15594 0.01825
16 11 5 15235 0.01747
16 11 5 10510 0.01267
16 11 5 10440 0.01255
16 11 5 10372 0.013
16 11 5 10365 0.01294
16 11 5 10285 0.01245
16 11 5 10117 0.01215
