16 9 1 100000 0.1495
16 9 1 100000 0.1501
16 9 1 100000 0.1466
16 9 1 100000 0.1415
16 9 1 100000 0.1475
16 9 1 100000 0.1408
16 9 1 85000 0.1224
16 9 1 85000 0.124
16 9 1 85000 0.1184
16 9 1 85000 0.127
16 9 1 85000 0.1269
16 9 1 85000 0.1252
16 9 1 85000 0.1266
16 9 1 75000 0.1124
16 9 1 75000 0.1121
16 9 1 75000 0.1085
16 9 1 75000 0.1121
16 9 1 75000 0.1102
16 9 1 75000 0.1117
16 9 1 50000 0.07368
16 9 1 50000 0.07375
16 9 1 50000 0.07162
16 9 1 50000 0.07481
16 9 1 50000 0.07631
16 9 1 50000 0.07477
16 9 1 50000 0.07503
16 9 1 35000 0.05218
16 9 1 35000 0.05318
16 9 1 35000 0.05302
16 9 1 35000 0.0527
16 9 1 35000 0.05129
16 9 1 25000 0.03135
16 9 1 25000 0.02972
16 9 1 25000 0.03207
16 9 1 25000 0.03028
16 9 1 25000 0.03084
16 9 1 25000 0.03235
16 9 1 15000 0.01969
16 9 1 15000 0.02055
16 9 1 15000 0.01962
16 9 1 15000 0.02005
16 9 1 15000 0.01927
16 9 1 15000 0.01925
16 9 1 15000 0.01948
16 9 1 10000 0.01353
16 9 1 10000 0.01346
16 9 1 10000 0.01373
16 9 1 10000 0.01413
16 9 1 10000 0.01404
16 9 1 10000 0.01331
16 9 2 111523 0.1264
16 9 2 108563 0.1124
16 9 2 104660 0.1104
16 9 2 100085 0.1071
16 9 2 99089 0.1061
16 9 2 94826 0.1021
16 9 2 94681 0.1005
16 9 2 93511 0.1019
16 9 2 89084 0.097
16 9 2 89084 0.09692
16 9 2 84188 0.09347
16 9 2 82544 0.09033
16 9 2 81219 0.09069
16 9 2 80075 0.08862
16 9 2 78489 0.08747
16 9 2 77190 0.08656
16 9 2 76734 0.0862
16 9 2 74625 0.08363
16 9 2 73931 0.08355
16 9 2 53200 0.06584
16 9 2 52942 0.0661
16 9 2 51662 0.06336
16 9 2 50947 0.06395
16 9 2 48912 0.05941
16 9 2 48912 0.05953
16 9 2 46444 0.0578
16 9 2 36312 0.04513
16 9 2 36018 0.04437
16 9 2 35262 0.04362
16 9 2 34898 0.04445
16 9 2 33687 0.04203
16 9 2 25848 0.03057
16 9 2 25844 0.03025
16 9 2 25833 0.03065
16 9 2 25824 0.02945
16 9 2 24614 0.02799
16 9 2 24500 0.02917
16 9 2 24234 0.03176
16 9 2 15301 0.02084
16 9 2 15294 0.02047
16 9 2 15201 0.0204
16 9 2 14924 0.02027
16 9 2 14790 0.01989
16 9 2 14736 0.02053
16 9 2 10132 0.01457
16 9 2 10095 0.01416
16 9 2 10043 0.01444
16 9 2 9998 0.01394
16 9 2 9943 0.01384
16 9 2 9894 0.01498
16 9 3 123685 0.2437
16 9 3 116692 0.1651
16 9 3 105344 0.1515
16 9 3 104257 0.1508
16 9 3 101564 0.1474
16 9 3 100787 0.1346
16 9 3 96952 0.1016
16 9 3 96288 0.1033
16 9 3 93540 0.1026
16 9 3 89839 0.09553
16 9 3 88493 0.09613
16 9 3 85530 0.09514
16 9 3 84111 0.09234
16 9 3 83938 0.09214
16 9 3 82687 0.08765
16 9 3 80047 0.08769
16 9 3 79961 0.08825
16 9 3 74139 0.08309
16 9 3 68139 0.08077
16 9 3 56187 0.06933
16 9 3 55449 0.06804
16 9 3 53157 0.06413
16 9 3 51500 0.06148
16 9 3 50565 0.06141
16 9 3 50124 0.06432
16 9 3 38370 0.04676
16 9 3 37629 0.04646
16 9 3 36673 0.04533
16 9 3 35931 0.04556
16 9 3 34972 0.0438
16 9 3 34390 0.04251
16 9 3 32876 0.03978
16 9 3 26571 0.03049
16 9 3 26036 0.03145
16 9 3 25794 0.02989
16 9 3 25286 0.03011
16 9 3 24851 0.02872
16 9 3 15611 0.01983
16 9 3 15588 0.01894
16 9 3 15506 0.01999
16 9 3 15378 0.01944
16 9 3 15205 0.01843
16 9 3 15082 0.01859
16 9 3 14749 0.01855
16 9 3 10266 0.01407
16 9 3 10132 0.01289
16 9 3 10113 0.0132
16 9 3 10072 0.01311
16 9 3 10042 0.01351
16 9 3 10021 0.01359
16 9 4 126749 0.1889
16 9 4 122958 0.1868
16 9 4 117621 0.1212
16 9 4 107549 0.1491
16 9 4 107176 0.154
16 9 4 101916 0.1449
16 9 4 100052 0.1458
16 9 4 97456 0.1411
16 9 4 96771 0.1412
16 9 4 94821 0.142
16 9 4 90699 0.1341
16 9 4 90000 0.1324
16 9 4 88215 0.1315
16 9 4 87669 0.129
16 9 4 85411 0.1271
16 9 4 84158 0.1265
16 9 4 77379 0.1168
16 9 4 75409 0.1141
16 9 4 70755 0.08878
16 9 4 59313 0.07284
16 9 4 54801 0.06636
16 9 4 54324 0.068
16 9 4 52640 0.0659
16 9 4 51564 0.06302
16 9 4 48664 0.06023
16 9 4 38273 0.04717
16 9 4 37690 0.04657
16 9 4 37222 0.04552
16 9 4 37019 0.04679
16 9 4 35990 0.04497
16 9 4 33741 0.04182
16 9 4 32843 0.04061
16 9 4 26801 0.03237
16 9 4 26244 0.03015
16 9 4 25876 0.03098
16 9 4 25534 0.03081
16 9 4 24661 0.0295
16 9 4 24071 0.02936
16 9 4 15735 0.02011
16 9 4 15532 0.0195
16 9 4 15249 0.01992
16 9 4 15082 0.01884
16 9 4 14821 0.01882
16 9 4 10403 0.01479
16 9 4 10289 0.01423
16 9 4 10200 0.01334
16 9 4 10160 0.01337
16 9 4 10112 0.01378
16 9 4 10032 0.014
16 9 4 9963 0.01336
16 9 5 136707 0.2509
16 9 5 126305 0.2342
16 9 5 124508 0.2348
16 9 5 115595 0.163
16 9 5 114296 0.1398
16 9 5 108065 0.1112
16 9 5 103752 0.149
16 9 5 101336 0.148
16 9 5 97452 0.1393
16 9 5 95987 0.1394
16 9 5 95179 0.1381
16 9 5 93040 0.1337
16 9 5 92788 0.1402
16 9 5 90315 0.1285
16 9 5 89118 0.1369
16 9 5 83324 0.1245
16 9 5 83026 0.125
16 9 5 80064 0.1211
16 9 5 71340 0.1084
16 9 5 61293 0.09312
16 9 5 58537 0.09156
16 9 5 55792 0.07974
16 9 5 53527 0.06635
16 9 5 50620 0.06319
16 9 5 49405 0.06094
16 9 5 38769 0.04651
16 9 5 38760 0.04778
16 9 5 37881 0.04722
16 9 5 36979 0.04603
16 9 5 35947 0.04507
16 9 5 34387 0.04129
16 9 5 33755 0.04191
16 9 5 27041 0.03251
16 9 5 26363 0.03112
16 9 5 26095 0.03082
16 9 5 25692 0.02881
16 9 5 24884 0.03055
16 9 5 16081 0.01974
16 9 5 15886 0.01984
16 9 5 15832 0.01938
16 9 5 15439 0.02051
16 9 5 15257 0.01924
16 9 5 15209 0.01878
16 9 5 14973 0.0194
16 9 5 10423 0.01327
16 9 5 10301 0.01369
16 9 5 10155 0.01374
16 9 5 10085 0.01382
16 9 5 10040 0.01333
16 9 5 9992 0.01318
