16 6 1 100000 0.1261
16 6 1 100000 0.1161
16 6 1 100000 0.089
16 6 1 100000 0.08068
16 6 1 100000 0.07923
16 6 1 100000 0.07749
16 6 1 85000 0.06739
16 6 1 85000 0.06737
16 6 1 85000 0.06808
16 6 1 85000 0.06925
16 6 1 85000 0.07014
16 6 1 85000 0.07144
16 6 1 75000 0.06073
16 6 1 75000 0.05827
16 6 1 75000 0.06243
16 6 1 75000 0.05952
16 6 1 75000 0.05701
16 6 1 75000 0.05783
16 6 1 75000 0.05931
16 6 1 50000 0.0341
16 6 1 50000 0.03458
16 6 1 50000 0.0345
16 6 1 50000 0.03446
16 6 1 50000 0.03465
16 6 1 35000 0.02211
16 6 1 35000 0.02282
16 6 1 35000 0.02176
16 6 1 35000 0.0219
16 6 1 35000 0.02212
16 6 1 35000 0.02165
16 6 1 35000 0.02198
16 6 1 25000 0.01186
16 6 1 25000 0.01196
16 6 1 25000 0.01049
16 6 1 25000 0.01049
16 6 1 25000 0.01035
16 6 1 25000 0.01028
16 6 1 15000 0.006743
16 6 1 15000 0.006669
16 6 1 15000 0.006749
16 6 1 15000 0.006822
16 6 1 15000 0.006827
16 6 1 15000 0.006804
16 6 1 15000 0.006759
16 6 1 10000 0.005267
16 6 1 10000 0.0052
16 6 1 10000 0.00527
16 6 1 10000 0.005206
16 6 1 10000 0.005195
16 6 1 10000 0.005199
16 6 2 100000 0.08977
16 6 2 100000 0.08198
16 6 2 100000 0.08239
16 6 2 100000 0.0826
16 6 2 100000 0.08277
16 6 2 100000 0.08288
16 6 2 85000 0.07214
16 6 2 85000 0.07163
16 6 2 85000 0.07305
16 6 2 85000 0.073
16 6 2 85000 0.07264
16 6 2 85000 0.07291
16 6 2 75000 0.06133
16 6 2 75000 0.05967
16 6 2 75000 0.05978
16 6 2 75000 0.05954
16 6 2 75000 0.05874
16 6 2 75000 0.06081
16 6 2 75000 0.05983
16 6 2 50000 0.03609
16 6 2 50000 0.0364
16 6 2 50000 0.03615
16 6 2 50000 0.03619
16 6 2 50000 0.03474
16 6 2 35000 0.02304
16 6 2 35000 0.0229
16 6 2 35000 0.02285
16 6 2 35000 0.02307
16 6 2 35000 0.02292
16 6 2 35000 0.02235
16 6 2 35000 0.02223
16 6 2 25000 0.01039
16 6 2 25000 0.01039
16 6 2 25000 0.01039
16 6 2 25000 0.01049
16 6 2 25000 0.01041
16 6 2 25000 0.01029
16 6 2 15000 0.00781
16 6 2 15000 0.007542
16 6 2 15000 0.006934
16 6 2 15000 0.006652
16 6 2 15000 0.006801
16 6 2 15000 0.006849
16 6 2 15000 0.006797
16 6 2 10000 0.005246
16 6 2 10000 0.005487
16 6 2 10000 0.005258
16 6 2 10000 0.00518
16 6 2 10000 0.005211
16 6 2 10000 0.0052
16 6 3 100000 0.09067
16 6 3 100000 0.08274
16 6 3 100000 0.08262
16 6 3 100000 0.08243
16 6 3 100000 0.08234
16 6 3 100000 0.08293
16 6 3 85000 0.073
16 6 3 85000 0.07172
16 6 3 85000 0.07181
16 6 3 85000 0.07132
16 6 3 85000 0.06988
16 6 3 85000 0.07141
16 6 3 75000 0.05884
16 6 3 75000 0.05988
16 6 3 75000 0.06152
16 6 3 75000 0.06127
16 6 3 75000 0.06134
16 6 3 75000 0.06086
16 6 3 75000 0.05963
16 6 3 50000 0.03554
16 6 3 50000 0.03561
16 6 3 50000 0.03521
16 6 3 50000 0.03493
16 6 3 50000 0.03432
16 6 3 35000 0.02326
16 6 3 35000 0.0231
16 6 3 35000 0.02303
16 6 3 35000 0.0218
16 6 3 35000 0.02162
16 6 3 35000 0.02205
16 6 3 35000 0.02185
16 6 3 25000 0.01026
16 6 3 25000 0.01046
16 6 3 25000 0.01023
16 6 3 25000 0.01038
16 6 3 25000 0.01034
16 6 3 25000 0.01028
16 6 3 15000 0.006735
16 6 3 15000 0.00667
16 6 3 15000 0.006776
16 6 3 15000 0.006715
16 6 3 15000 0.006718
16 6 3 15000 0.006773
16 6 3 15000 0.006791
16 6 3 10000 0.005291
16 6 3 10000 0.005287
16 6 3 10000 0.005292
16 6 3 10000 0.005302
16 6 3 10000 0.005277
16 6 3 10000 0.005197
16 6 4 100000 0.089
16 6 4 100000 0.08296
16 6 4 100000 0.08307
16 6 4 100000 0.08263
16 6 4 100000 0.08202
16 6 4 100000 0.08259
16 6 4 85000 0.07278
16 6 4 85000 0.0729
16 6 4 85000 0.07231
16 6 4 85000 0.07294
16 6 4 85000 0.07214
16 6 4 85000 0.07272
16 6 4 75000 0.06248
16 6 4 75000 0.06185
16 6 4 75000 0.06171
16 6 4 75000 0.06138
16 6 4 75000 0.06151
16 6 4 75000 0.06103
16 6 4 75000 0.06014
16 6 4 50000 0.03535
16 6 4 50000 0.03561
16 6 4 50000 0.0355
16 6 4 50000 0.03506
16 6 4 50000 0.03541
16 6 4 35000 0.02316
16 6 4 35000 0.023
16 6 4 35000 0.02282
16 6 4 35000 0.02259
16 6 4 35000 0.02219
16 6 4 35000 0.02219
16 6 4 35000 0.02183
16 6 4 25000 0.01032
16 6 4 25000 0.01022
16 6 4 25000 0.01054
16 6 4 25000 0.01035
16 6 4 25000 0.01045
16 6 4 25000 0.01036
16 6 4 15000 0.006822
16 6 4 15000 0.006773
16 6 4 15000 0.006782
16 6 4 15000 0.00683
16 6 4 15000 0.006813
16 6 4 15000 0.006785
16 6 4 15000 0.006824
16 6 4 10000 0.0052
16 6 4 10000 0.005181
16 6 4 10000 0.005251
16 6 4 10000 0.005158
16 6 4 10000 0.005219
16 6 4 10000 0.005206
16 6 5 100000 0.08412
16 6 5 100000 0.08329
16 6 5 100000 0.08398
16 6 5 100000 0.08242
16 6 5 100000 0.08277
16 6 5 100000 0.08299
16 6 5 85000 0.07226
16 6 5 85000 0.07175
16 6 5 85000 0.07204
16 6 5 85000 0.07104
16 6 5 85000 0.07289
16 6 5 85000 0.0727
16 6 5 75000 0.06173
16 6 5 75000 0.06088
16 6 5 75000 0.06217
16 6 5 75000 0.06144
16 6 5 75000 0.06093
16 6 5 75000 0.06036
16 6 5 75000 0.05978
16 6 5 50000 0.03545
16 6 5 50000 0.03572
16 6 5 50000 0.03627
16 6 5 50000 0.036
16 6 5 50000 0.03592
16 6 5 35000 0.02298
16 6 5 35000 0.02317
16 6 5 35000 0.02303
16 6 5 35000 0.02318
16 6 5 35000 0.02334
16 6 5 35000 0.02327
16 6 5 35000 0.02147
16 6 5 25000 0.01054
16 6 5 25000 0.01061
16 6 5 25000 0.0103
16 6 5 25000 0.01027
16 6 5 25000 0.0104
16 6 5 25000 0.01028
16 6 5 15000 0.006812
16 6 5 15000 0.006832
16 6 5 15000 0.006694
16 6 5 15000 0.006793
16 6 5 15000 0.006955
16 6 5 15000 0.006732
16 6 5 15000 0.006831
16 6 5 10000 0.005295
16 6 5 10000 0.005273
16 6 5 10000 0.005244
16 6 5 10000 0.00527
16 6 5 10000 0.005222
16 6 5 10000 0.005249
