8 1 1 100000 0.1129
8 1 1 100000 0.1125
8 1 1 100000 0.1077
8 1 1 100000 0.1033
8 1 1 100000 0.1065
8 1 1 100000 0.1338
8 1 1 100000 0.1346
8 1 1 100000 0.1352
8 1 1 100000 0.135
8 1 1 100000 0.1339
8 1 1 100000 0.1344
8 1 1 100000 0.1348
8 1 1 100000 0.1334
8 1 1 85000 0.09264
8 1 1 85000 0.09336
8 1 1 85000 0.09098
8 1 1 85000 0.09279
8 1 1 85000 0.1193
8 1 1 85000 0.1215
8 1 1 85000 0.1196
8 1 1 85000 0.1198
8 1 1 85000 0.1211
8 1 1 85000 0.121
8 1 1 85000 0.1191
8 1 1 85000 0.1176
8 1 1 75000 0.08375
8 1 1 75000 0.08278
8 1 1 75000 0.08498
8 1 1 75000 0.08081
8 1 1 75000 0.1115
8 1 1 75000 0.1113
8 1 1 75000 0.1107
8 1 1 75000 0.1111
8 1 1 75000 0.1085
8 1 1 75000 0.1104
8 1 1 75000 0.1105
8 1 1 75000 0.1109
8 1 1 50000 0.06098
8 1 1 50000 0.06024
8 1 1 50000 0.06332
8 1 1 50000 0.06135
8 1 1 50000 0.06044
8 1 1 50000 0.08691
8 1 1 50000 0.08385
8 1 1 50000 0.0862
8 1 1 50000 0.08765
8 1 1 50000 0.0861
8 1 1 50000 0.08614
8 1 1 50000 0.08539
8 1 1 50000 0.08568
8 1 1 35000 0.04375
8 1 1 35000 0.04207
8 1 1 35000 0.04339
8 1 1 35000 0.04306
8 1 1 35000 0.04425
8 1 1 35000 0.06254
8 1 1 35000 0.06322
8 1 1 35000 0.06231
8 1 1 35000 0.06346
8 1 1 35000 0.06337
8 1 1 35000 0.06335
8 1 1 35000 0.06377
8 1 1 35000 0.06266
8 1 1 25000 0.0276
8 1 1 25000 0.02825
8 1 1 25000 0.02844
8 1 1 25000 0.02717
8 1 1 25000 0.04672
8 1 1 25000 0.04531
8 1 1 25000 0.04565
8 1 1 25000 0.04589
8 1 1 25000 0.04525
8 1 1 25000 0.04562
8 1 1 25000 0.046
8 1 1 25000 0.04596
8 1 1 15000 0.01778
8 1 1 15000 0.01722
8 1 1 15000 0.0172
8 1 1 15000 0.01751
8 1 1 15000 0.01802
8 1 1 15000 0.02815
8 1 1 15000 0.02808
8 1 1 15000 0.02811
8 1 1 15000 0.02799
8 1 1 15000 0.02825
8 1 1 15000 0.02854
8 1 1 15000 0.02839
8 1 1 15000 0.02845
8 1 1 10000 0.01257
8 1 1 10000 0.01302
8 1 1 10000 0.01243
8 1 1 10000 0.01241
8 1 1 10000 0.01985
8 1 1 10000 0.01953
8 1 1 10000 0.01965
8 1 1 10000 0.01954
8 1 1 10000 0.01965
8 1 1 10000 0.01918
8 1 1 10000 0.01942
8 1 1 10000 0.01963
8 1 2 113549 0.1473
8 1 2 113122 0.1465
8 1 2 113071 0.1163
8 1 2 112915 0.1153
8 1 2 112861 0.1154
8 1 2 109520 0.1473
8 1 2 107467 0.1444
8 1 2 104171 0.1464
8 1 2 103631 0.1449
8 1 2 100926 0.1433
8 1 2 98445 0.1454
8 1 2 95225 0.1446
8 1 2 94543 0.1245
8 1 2 94455 0.1234
8 1 2 94300 0.1096
8 1 2 94036 0.09837
8 1 2 93521 0.1245
8 1 2 93368 0.126
8 1 2 89906 0.1198
8 1 2 88128 0.1216
8 1 2 85593 0.1202
8 1 2 85180 0.1174
8 1 2 82551 0.1168
8 1 2 82464 0.08673
8 1 2 82422 0.08644
8 1 2 82314 0.1134
8 1 2 82217 0.1144
8 1 2 81923 0.09242
8 1 2 80780 0.08917
8 1 2 80763 0.1164
8 1 2 78636 0.1123
8 1 2 77469 0.1115
8 1 2 77469 0.1115
8 1 2 75898 0.1163
8 1 2 75577 0.1087
8 1 2 74789 0.109
8 1 2 72240 0.1097
8 1 2 70220 0.1059
8 1 2 53371 0.08964
8 1 2 53316 0.06433
8 1 2 53264 0.0626
8 1 2 53200 0.065
8 1 2 52899 0.06106
8 1 2 52712 0.08803
8 1 2 52280 0.08805
8 1 2 51999 0.0852
8 1 2 51124 0.08631
8 1 2 50818 0.08497
8 1 2 49067 0.08628
8 1 2 46624 0.09676
8 1 2 36662 0.0735
8 1 2 36662 0.07348
8 1 2 36647 0.0546
8 1 2 36617 0.05641
8 1 2 36602 0.05465
8 1 2 36572 0.05451
8 1 2 36153 0.06739
8 1 2 35962 0.06665
8 1 2 35612 0.06493
8 1 2 35008 0.06474
8 1 2 34387 0.0632
8 1 2 33687 0.06232
8 1 2 25845 0.03019
8 1 2 25836 0.02816
8 1 2 25825 0.0282
8 1 2 25816 0.02847
8 1 2 25808 0.02902
8 1 2 25789 0.02895
8 1 2 25709 0.04711
8 1 2 25175 0.04624
8 1 2 24965 0.04636
8 1 2 24953 0.04602
8 1 2 24908 0.04561
8 1 2 24513 0.04503
8 1 2 24115 0.04425
8 1 2 15303 0.02936
8 1 2 15300 0.01726
8 1 2 15298 0.01796
8 1 2 15297 0.01793
8 1 2 15287 0.02853
8 1 2 15283 0.01767
8 1 2 15267 0.02873
8 1 2 15043 0.0285
8 1 2 15010 0.02832
8 1 2 14994 0.02771
8 1 2 14951 0.02774
8 1 2 14804 0.02798
8 1 2 10134 0.01328
8 1 2 10133 0.01274
8 1 2 10133 0.0197
8 1 2 10132 0.01256
8 1 2 10131 0.01206
8 1 2 10128 0.01243
8 1 2 10123 0.01941
8 1 2 10118 0.01983
8 1 2 10100 0.01992
8 1 2 10077 0.0193
8 1 2 10018 0.01955
8 1 2 9990 0.0196
8 1 2 9911 0.01969
8 1 3 128538 0.2795
8 1 3 127761 0.1876
8 1 3 127372 0.1911
8 1 3 127323 0.1833
8 1 3 126606 0.1856
8 1 3 114813 0.1543
8 1 3 106761 0.1477
8 1 3 105971 0.1474
8 1 3 105174 0.1171
8 1 3 104868 0.1119
8 1 3 104548 0.1151
8 1 3 104085 0.1152
8 1 3 103646 0.1468
8 1 3 102733 0.146
8 1 3 100829 0.1431
8 1 3 99166 0.1396
8 1 3 96184 0.1374
8 1 3 94939 0.136
8 1 3 93828 0.1349
8 1 3 91963 0.1329
8 1 3 90553 0.1019
8 1 3 90348 0.1048
8 1 3 90223 0.1009
8 1 3 89832 0.1303
8 1 3 88847 0.1281
8 1 3 88258 0.1295
8 1 3 86985 0.127
8 1 3 84994 0.125
8 1 3 83124 0.1216
8 1 3 82559 0.1192
8 1 3 80610 0.1212
8 1 3 80004 0.1213
8 1 3 78450 0.1202
8 1 3 76884 0.1181
8 1 3 76682 0.1183
8 1 3 73986 0.1143
8 1 3 71155 0.1115
8 1 3 56938 0.0961
8 1 3 56838 0.07085
8 1 3 56730 0.06997
8 1 3 56643 0.06762
8 1 3 56295 0.0948
8 1 3 55756 0.06673
8 1 3 54819 0.09472
8 1 3 54386 0.09379
8 1 3 52672 0.09261
8 1 3 51838 0.08938
8 1 3 50819 0.08759
8 1 3 50145 0.08647
8 1 3 46266 0.08341
8 1 3 38405 0.06802
8 1 3 38337 0.04582
8 1 3 38305 0.04708
8 1 3 38256 0.04589
8 1 3 38187 0.04779
8 1 3 36944 0.06847
8 1 3 36474 0.0673
8 1 3 36199 0.06635
8 1 3 35727 0.06628
8 1 3 35543 0.06633
8 1 3 35068 0.06595
8 1 3 33534 0.06014
8 1 3 32439 0.05756
8 1 3 26680 0.04845
8 1 3 26663 0.02847
8 1 3 26643 0.02911
8 1 3 26595 0.04695
8 1 3 26546 0.04833
8 1 3 26012 0.047
8 1 3 25785 0.04739
8 1 3 25540 0.04698
8 1 3 25053 0.04572
8 1 3 24729 0.04645
8 1 3 24482 0.04479
8 1 3 23542 0.04355
8 1 3 15606 0.0183
8 1 3 15597 0.01869
8 1 3 15587 0.01826
8 1 3 15574 0.01775
8 1 3 15540 0.03033
8 1 3 15447 0.02963
8 1 3 15328 0.02948
8 1 3 15244 0.02924
8 1 3 15200 0.02895
8 1 3 15045 0.02826
8 1 3 14939 0.02847
8 1 3 14867 0.02843
8 1 3 10267 0.01323
8 1 3 10266 0.01309
8 1 3 10263 0.01295
8 1 3 10259 0.01248
8 1 3 10253 0.02017
8 1 3 10222 0.01257
8 1 3 10178 0.01995
8 1 3 10157 0.01962
8 1 3 10125 0.01987
8 1 3 10075 0.01985
8 1 3 10055 0.01961
8 1 3 10015 0.0193
8 1 3 9864 0.01985
8 1 4 144830 0.2094
8 1 4 143031 0.1993
8 1 4 142862 0.2057
8 1 4 138702 0.1974
8 1 4 125826 0.2785
8 1 4 125826 0.2782
8 1 4 118608 0.1585
8 1 4 116471 0.1303
8 1 4 115776 0.1277
8 1 4 114150 0.1548
8 1 4 113779 0.1271
8 1 4 111106 0.1522
8 1 4 107035 0.1477
8 1 4 106146 0.1468
8 1 4 104044 0.1451
8 1 4 103555 0.1437
8 1 4 101206 0.1415
8 1 4 100212 0.1405
8 1 4 98877 0.111
8 1 4 98497 0.1114
8 1 4 98467 0.1113
8 1 4 97761 0.139
8 1 4 96241 0.1366
8 1 4 95256 0.135
8 1 4 93638 0.1045
8 1 4 91587 0.1315
8 1 4 90372 0.1298
8 1 4 86542 0.1242
8 1 4 85863 0.1248
8 1 4 84754 0.1244
8 1 4 83691 0.1221
8 1 4 80313 0.1205
8 1 4 80313 0.1206
8 1 4 74817 0.1128
8 1 4 74019 0.114
8 1 4 71679 0.11
8 1 4 68694 0.1106
8 1 4 66430 0.1084
8 1 4 60338 0.07414
8 1 4 60079 0.1016
8 1 4 59555 0.101
8 1 4 58549 0.07156
8 1 4 56960 0.09761
8 1 4 55993 0.09395
8 1 4 55118 0.09509
8 1 4 54220 0.09208
8 1 4 52753 0.09004
8 1 4 51558 0.08812
8 1 4 49020 0.08459
8 1 4 43991 0.07772
8 1 4 40152 0.0489
8 1 4 40007 0.05004
8 1 4 39878 0.0481
8 1 4 39513 0.06903
8 1 4 38194 0.06782
8 1 4 38083 0.06777
8 1 4 37057 0.06717
8 1 4 36741 0.06515
8 1 4 35771 0.06486
8 1 4 35583 0.06358
8 1 4 34975 0.06229
8 1 4 34254 0.06112
8 1 4 32670 0.05726
8 1 4 27534 0.03058
8 1 4 27495 0.04937
8 1 4 27427 0.03075
8 1 4 26991 0.04907
8 1 4 26595 0.0471
8 1 4 26477 0.04737
8 1 4 26109 0.04655
8 1 4 25880 0.04704
8 1 4 25255 0.04574
8 1 4 24784 0.04573
8 1 4 24572 0.04508
8 1 4 23769 0.0446
8 1 4 15910 0.01911
8 1 4 15899 0.01889
8 1 4 15878 0.01853
8 1 4 15855 0.03016
8 1 4 15688 0.01797
8 1 4 15558 0.01873
8 1 4 15475 0.02975
8 1 4 15363 0.02921
8 1 4 15136 0.02833
8 1 4 14948 0.02863
8 1 4 14892 0.02818
8 1 4 14682 0.02823
8 1 4 10404 0.01345
8 1 4 10398 0.01281
8 1 4 10395 0.01296
8 1 4 10386 0.01301
8 1 4 10328 0.02114
8 1 4 10297 0.02088
8 1 4 10239 0.02033
8 1 4 10203 0.02001
8 1 4 10182 0.01272
8 1 4 10148 0.02006
8 1 4 10075 0.01953
8 1 4 10026 0.01966
8 1 4 9816 0.01917
8 1 5 163494 0.2196
8 1 5 161424 0.218
8 1 5 160336 0.2125
8 1 5 156387 0.2076
8 1 5 134737 0.2907
8 1 5 129231 0.2819
8 1 5 128538 0.1974
8 1 5 127794 0.2829
8 1 5 126621 0.1918
8 1 5 125434 0.2808
8 1 5 123182 0.2817
8 1 5 121489 0.1637
8 1 5 114413 0.1572
8 1 5 110081 0.1533
8 1 5 108992 0.1508
8 1 5 108498 0.1519
8 1 5 108160 0.1178
8 1 5 107391 0.1136
8 1 5 106784 0.1496
8 1 5 103538 0.145
8 1 5 103258 0.1454
8 1 5 102423 0.1468
8 1 5 100036 0.1408
8 1 5 98161 0.14
8 1 5 97950 0.1404
8 1 5 92715 0.134
8 1 5 92095 0.1298
8 1 5 87111 0.1294
8 1 5 86955 0.1288
8 1 5 84202 0.1254
8 1 5 82523 0.1241
8 1 5 81462 0.122
8 1 5 78232 0.1192
8 1 5 78232 0.1186
8 1 5 72791 0.1161
8 1 5 69683 0.1131
8 1 5 66769 0.1081
8 1 5 64410 0.07858
8 1 5 64212 0.07906
8 1 5 63930 0.07793
8 1 5 62364 0.07603
8 1 5 61409 0.1044
8 1 5 58501 0.09963
8 1 5 56731 0.09728
8 1 5 55302 0.0953
8 1 5 54653 0.09454
8 1 5 54337 0.09343
8 1 5 50705 0.08955
8 1 5 46494 0.08362
8 1 5 46084 0.08352
8 1 5 41937 0.05252
8 1 5 41830 0.0537
8 1 5 41622 0.05332
8 1 5 40601 0.05037
8 1 5 39894 0.07126
8 1 5 38782 0.06997
8 1 5 38465 0.06931
8 1 5 37535 0.06736
8 1 5 37002 0.06734
8 1 5 36004 0.06546
8 1 5 35520 0.06573
8 1 5 34598 0.06302
8 1 5 31404 0.05681
8 1 5 28437 0.03227
8 1 5 28396 0.0315
8 1 5 28323 0.03089
8 1 5 27804 0.03076
8 1 5 26706 0.05129
8 1 5 26557 0.04834
8 1 5 26467 0.04862
8 1 5 25989 0.04877
8 1 5 25446 0.04838
8 1 5 25168 0.04681
8 1 5 24614 0.0462
8 1 5 22640 0.04328
8 1 5 16230 0.01886
8 1 5 16213 0.01909
8 1 5 16192 0.01949
8 1 5 16162 0.01819
8 1 5 15973 0.01917
8 1 5 15690 0.03088
8 1 5 15510 0.03104
8 1 5 15409 0.03063
8 1 5 15265 0.02991
8 1 5 14949 0.02908
8 1 5 14709 0.02898
8 1 5 14607 0.02899
8 1 5 14559 0.02947
8 1 5 10532 0.01372
8 1 5 10526 0.01361
8 1 5 10450 0.02196
8 1 5 10398 0.01361
8 1 5 10326 0.02107
8 1 5 10245 0.02114
8 1 5 10192 0.02076
8 1 5 10149 0.02053
8 1 5 10107 0.02048
8 1 5 9988 0.02002
8 1 5 9973 0.02015
8 1 5 9727 0.01975
