16 3 1 100000 0.1438
16 3 1 100000 0.1355
16 3 1 100000 0.1307
16 3 1 100000 0.1314
16 3 1 100000 0.1318
16 3 1 100000 0.1314
16 3 1 100000 0.1318
16 3 1 85000 0.1178
16 3 1 85000 0.1182
16 3 1 85000 0.1182
16 3 1 85000 0.1188
16 3 1 85000 0.1167
16 3 1 75000 0.1083
16 3 1 75000 0.1082
16 3 1 75000 0.1089
16 3 1 75000 0.1069
16 3 1 75000 0.1078
16 3 1 75000 0.1071
16 3 1 75000 0.1085
16 3 1 50000 0.08482
16 3 1 50000 0.08483
16 3 1 50000 0.08528
16 3 1 50000 0.08403
16 3 1 50000 0.08488
16 3 1 50000 0.08356
16 3 1 35000 0.06347
16 3 1 35000 0.06164
16 3 1 35000 0.06202
16 3 1 35000 0.06199
16 3 1 35000 0.06188
16 3 1 35000 0.06268
16 3 1 25000 0.04546
16 3 1 25000 0.04506
16 3 1 25000 0.0453
16 3 1 25000 0.04612
16 3 1 25000 0.04577
16 3 1 25000 0.04507
16 3 1 25000 0.04525
16 3 1 15000 0.02858
16 3 1 15000 0.02836
16 3 1 15000 0.02851
16 3 1 15000 0.02863
16 3 1 15000 0.02813
16 3 1 15000 0.02859
16 3 1 10000 0.0194
16 3 1 10000 0.01963
16 3 1 10000 0.01935
16 3 1 10000 0.01948
16 3 1 10000 0.01956
16 3 1 10000 0.0198
16 3 2 113279 0.1374
16 3 2 108982 0.1412
16 3 2 105124 0.1379
16 3 2 102354 0.1343
16 3 2 101500 0.1334
16 3 2 96734 0.1293
16 3 2 93418 0.1257
16 3 2 92288 0.1247
16 3 2 86254 0.1181
16 3 2 85059 0.1175
16 3 2 82551 0.122
16 3 2 82497 0.1122
16 3 2 81126 0.1108
16 3 2 78097 0.1089
16 3 2 76728 0.108
16 3 2 76296 0.1068
16 3 2 75898 0.1087
16 3 2 73657 0.1063
16 3 2 73587 0.1048
16 3 2 53169 0.08722
16 3 2 52596 0.08656
16 3 2 51584 0.08551
16 3 2 50129 0.08268
16 3 2 49580 0.08278
16 3 2 48223 0.07978
16 3 2 46786 0.0791
16 3 2 36209 0.06414
16 3 2 35875 0.06277
16 3 2 35291 0.06255
16 3 2 34457 0.06048
16 3 2 33687 0.05998
16 3 2 25845 0.04714
16 3 2 25844 0.0476
16 3 2 25815 0.04651
16 3 2 24964 0.0446
16 3 2 24933 0.04474
16 3 2 24303 0.044
16 3 2 15299 0.02907
16 3 2 15298 0.02919
16 3 2 15267 0.02924
16 3 2 15089 0.02912
16 3 2 15035 0.02847
16 3 2 14941 0.0287
16 3 2 14791 0.02785
16 3 2 10133 0.01954
16 3 2 10128 0.01938
16 3 2 10111 0.0194
16 3 2 10050 0.0199
16 3 2 9994 0.01956
16 3 2 9935 0.01925
16 3 3 121829 0.1491
16 3 3 109172 0.137
16 3 3 108512 0.1378
16 3 3 106071 0.136
16 3 3 104187 0.1349
16 3 3 96309 0.1242
16 3 3 92352 0.1218
16 3 3 90725 0.1201
16 3 3 89028 0.1179
16 3 3 86796 0.1157
16 3 3 85749 0.1158
16 3 3 83266 0.1129
16 3 3 83266 0.1132
16 3 3 79228 0.1095
16 3 3 78639 0.1069
16 3 3 76590 0.1086
16 3 3 73757 0.1061
16 3 3 72217 0.1047
16 3 3 71073 0.1037
16 3 3 56232 0.09152
16 3 3 55060 0.09035
16 3 3 52968 0.0874
16 3 3 51623 0.08554
16 3 3 49363 0.08249
16 3 3 49363 0.08284
16 3 3 36688 0.06436
16 3 3 36555 0.06268
16 3 3 36022 0.06333
16 3 3 35469 0.06245
16 3 3 34931 0.06192
16 3 3 33300 0.05924
16 3 3 32370 0.0568
16 3 3 25789 0.04737
16 3 3 25328 0.04525
16 3 3 25210 0.0465
16 3 3 25047 0.04547
16 3 3 24920 0.04499
16 3 3 23642 0.04341
16 3 3 15456 0.03021
16 3 3 15351 0.02923
16 3 3 15247 0.02854
16 3 3 14989 0.02914
16 3 3 14880 0.0291
16 3 3 14684 0.0286
16 3 3 10227 0.02016
16 3 3 10196 0.01963
16 3 3 10088 0.01986
16 3 3 10032 0.01957
16 3 3 10023 0.01928
16 3 3 9878 0.01992
16 3 4 122427 0.1503
16 3 4 114824 0.1445
16 3 4 109598 0.1402
16 3 4 106970 0.1382
16 3 4 105956 0.1381
16 3 4 99798 0.1321
16 3 4 97478 0.1297
16 3 4 95460 0.1264
16 3 4 93865 0.1238
16 3 4 90464 0.1218
16 3 4 88617 0.1191
16 3 4 84446 0.1149
16 3 4 82198 0.1151
16 3 4 81336 0.1115
16 3 4 80393 0.1127
16 3 4 75906 0.108
16 3 4 75189 0.108
16 3 4 71996 0.105
16 3 4 65357 0.1008
16 3 4 60390 0.09714
16 3 4 55957 0.09233
16 3 4 53664 0.08986
16 3 4 53340 0.08884
16 3 4 50844 0.08503
16 3 4 46654 0.07925
16 3 4 46654 0.0793
16 3 4 36738 0.06614
16 3 4 36050 0.06495
16 3 4 35081 0.06348
16 3 4 34438 0.06171
16 3 4 33294 0.05937
16 3 4 26371 0.04989
16 3 4 26273 0.04902
16 3 4 25862 0.04964
16 3 4 25705 0.04856
16 3 4 25208 0.04631
16 3 4 24680 0.04609
16 3 4 23798 0.04515
16 3 4 15466 0.03097
16 3 4 15347 0.03
16 3 4 15316 0.0299
16 3 4 15180 0.03008
16 3 4 14839 0.02954
16 3 4 14666 0.02928
16 3 4 10284 0.02178
16 3 4 10167 0.02042
16 3 4 10153 0.02074
16 3 4 10086 0.02029
16 3 4 10034 0.02019
16 3 4 9867 0.02019
16 3 5 122028 0.1483
16 3 5 117456 0.1446
16 3 5 117231 0.1427
16 3 5 111589 0.1384
16 3 5 111011 0.1402
16 3 5 103257 0.1321
16 3 5 100795 0.13
16 3 5 98817 0.1271
16 3 5 96985 0.1247
16 3 5 91248 0.1211
16 3 5 88971 0.1185
16 3 5 87454 0.1154
16 3 5 86171 0.1157
16 3 5 82077 0.1121
16 3 5 80238 0.1098
16 3 5 79668 0.11
16 3 5 75263 0.1018
16 3 5 70544 0.1016
16 3 5 69643 0.1026
16 3 5 56915 0.09001
16 3 5 54102 0.08753
16 3 5 53375 0.0857
16 3 5 52808 0.08725
16 3 5 48132 0.08119
16 3 5 48132 0.08103
16 3 5 44015 0.07467
16 3 5 37772 0.06489
16 3 5 36416 0.0629
16 3 5 35477 0.0625
16 3 5 34648 0.06149
16 3 5 33484 0.05834
16 3 5 26620 0.04937
16 3 5 26588 0.05011
16 3 5 26239 0.04836
16 3 5 25784 0.04767
16 3 5 25477 0.04583
16 3 5 24592 0.04443
16 3 5 23502 0.04275
16 3 5 15669 0.03102
16 3 5 15560 0.03071
16 3 5 15394 0.03031
16 3 5 15130 0.02934
16 3 5 14891 0.02887
16 3 5 14816 0.02897
16 3 5 10229 0.02044
16 3 5 10174 0.02017
16 3 5 10120 0.02036
16 3 5 10110 0.01985
16 3 5 9974 0.02007
16 3 5 9758 0.0199
