16 13 1 100000 0.1076
16 13 1 100000 0.1049
16 13 1 100000 0.1046
16 13 1 100000 0.1009
16 13 1 100000 0.09994
16 13 1 100000 0.09964
16 13 1 85000 0.08842
16 13 1 85000 0.08302
16 13 1 85000 0.08892
16 13 1 85000 0.09819
16 13 1 85000 0.08823
16 13 1 85000 0.08933
16 13 1 85000 0.09018
16 13 1 75000 0.07743
16 13 1 75000 0.07684
16 13 1 75000 0.07916
16 13 1 75000 0.07926
16 13 1 75000 0.08034
16 13 1 75000 0.08131
16 13 1 50000 0.05714
16 13 1 50000 0.05726
16 13 1 50000 0.05806
16 13 1 50000 0.05851
16 13 1 50000 0.05749
16 13 1 50000 0.05856
16 13 1 50000 0.05945
16 13 1 35000 0.0395
16 13 1 35000 0.04272
16 13 1 35000 0.04262
16 13 1 35000 0.04383
16 13 1 35000 0.04168
16 13 1 25000 0.02712
16 13 1 25000 0.02637
16 13 1 25000 0.02809
16 13 1 25000 0.02964
16 13 1 25000 0.02909
16 13 1 25000 0.02905
16 13 1 15000 0.01715
16 13 1 15000 0.01686
16 13 1 15000 0.01873
16 13 1 15000 0.01973
16 13 1 15000 0.01874
16 13 1 15000 0.01945
16 13 1 15000 0.0189
16 13 1 10000 0.01329
16 13 1 10000 0.01304
16 13 1 10000 0.01374
16 13 1 10000 0.01405
16 13 1 10000 0.01327
16 13 1 10000 0.01376
16 13 2 113384 0.1482
16 13 2 112660 0.1449
16 13 2 112352 0.1437
16 13 2 108846 0.1424
16 13 2 105899 0.138
16 13 2 99871 0.1221
16 13 2 94723 0.1283
16 13 2 94050 0.1234
16 13 2 93389 0.1045
16 13 2 92074 0.09572
16 13 2 90251 0.089
16 13 2 86982 0.0897
16 13 2 82599 0.08726
16 13 2 82403 0.08654
16 13 2 81831 0.08333
16 13 2 81113 0.08471
16 13 2 80429 0.08459
16 13 2 77158 0.08205
16 13 2 75045 0.07933
16 13 2 53372 0.06084
16 13 2 53280 0.06278
16 13 2 53213 0.0603
16 13 2 52505 0.06182
16 13 2 51115 0.05714
16 13 2 49587 0.05924
16 13 2 36662 0.04374
16 13 2 36646 0.04449
16 13 2 36590 0.04352
16 13 2 36564 0.04258
16 13 2 35800 0.04182
16 13 2 35178 0.04175
16 13 2 25848 0.02972
16 13 2 25845 0.03015
16 13 2 25837 0.02974
16 13 2 25820 0.0282
16 13 2 25692 0.02929
16 13 2 25049 0.02965
16 13 2 24273 0.02748
16 13 2 15303 0.0182
16 13 2 15300 0.01814
16 13 2 15287 0.01731
16 13 2 15277 0.0182
16 13 2 15055 0.01898
16 13 2 14943 0.01812
16 13 2 10135 0.01304
16 13 2 10132 0.01272
16 13 2 10130 0.01358
16 13 2 10116 0.01203
16 13 2 10063 0.01265
16 13 2 9919 0.01212
16 13 3 126706 0.173
16 13 3 124979 0.1802
16 13 3 121323 0.11
16 13 3 118363 0.1124
16 13 3 114062 0.1106
16 13 3 103355 0.1007
16 13 3 101733 0.09892
16 13 3 100393 0.0975
16 13 3 97884 0.0967
16 13 3 94820 0.09516
16 13 3 94754 0.09466
16 13 3 89981 0.08787
16 13 3 89473 0.08757
16 13 3 88371 0.08862
16 13 3 85918 0.08814
16 13 3 82778 0.08493
16 13 3 82763 0.08508
16 13 3 77768 0.08166
16 13 3 77539 0.07993
16 13 3 56524 0.06204
16 13 3 55949 0.06416
16 13 3 55151 0.06111
16 13 3 54484 0.06128
16 13 3 52584 0.06008
16 13 3 52391 0.05929
16 13 3 38353 0.0455
16 13 3 38171 0.04282
16 13 3 38078 0.04309
16 13 3 37132 0.04336
16 13 3 36246 0.04283
16 13 3 35452 0.04161
16 13 3 26719 0.02996
16 13 3 26693 0.03114
16 13 3 26567 0.02782
16 13 3 26358 0.02884
16 13 3 25702 0.02877
16 13 3 25295 0.02987
16 13 3 24859 0.02865
16 13 3 15580 0.01814
16 13 3 15551 0.01903
16 13 3 15430 0.019
16 13 3 15303 0.0172
16 13 3 15172 0.01814
16 13 3 14905 0.01803
16 13 3 10268 0.01336
16 13 3 10251 0.01276
16 13 3 10242 0.01331
16 13 3 10206 0.01315
16 13 3 10108 0.01301
16 13 3 10027 0.01257
16 13 4 142655 0.1766
16 13 4 139922 0.1802
16 13 4 134287 0.1765
16 13 4 129107 0.1757
16 13 4 117785 0.1125
16 13 4 113484 0.1091
16 13 4 112690 0.1103
16 13 4 109637 0.1069
16 13 4 105631 0.0986
16 13 4 101146 0.09716
16 13 4 99114 0.09995
16 13 4 97568 0.09469
16 13 4 97387 0.09782
16 13 4 93001 0.09216
16 13 4 91506 0.09
16 13 4 89962 0.09031
16 13 4 85635 0.08711
16 13 4 83658 0.08714
16 13 4 78363 0.08191
16 13 4 59992 0.06676
16 13 4 59127 0.06591
16 13 4 58384 0.06599
16 13 4 57476 0.06442
16 13 4 56118 0.06429
16 13 4 54309 0.0632
16 13 4 39907 0.04502
16 13 4 39852 0.04316
16 13 4 39058 0.04421
16 13 4 38598 0.04456
16 13 4 37961 0.04432
16 13 4 35651 0.04251
16 13 4 33740 0.03914
16 13 4 27439 0.02999
16 13 4 27204 0.02998
16 13 4 26126 0.02843
16 13 4 25701 0.03014
16 13 4 25463 0.02978
16 13 4 15880 0.01862
16 13 4 15873 0.01887
16 13 4 15830 0.01855
16 13 4 15739 0.01998
16 13 4 15549 0.02032
16 13 4 15326 0.01777
16 13 4 15052 0.01845
16 13 4 10406 0.01378
16 13 4 10383 0.01382
16 13 4 10367 0.01364
16 13 4 10341 0.0134
16 13 4 10255 0.01379
16 13 4 10170 0.01267
16 13 5 158517 0.185
16 13 5 148330 0.1864
16 13 5 144833 0.1759
16 13 5 135900 0.1835
16 13 5 134667 0.1834
16 13 5 122687 0.1021
16 13 5 117645 0.1078
16 13 5 116876 0.1143
16 13 5 110039 0.106
16 13 5 107098 0.1053
16 13 5 103766 0.1038
16 13 5 101933 0.09776
16 13 5 99861 0.1
16 13 5 98271 0.0941
16 13 5 95068 0.1001
16 13 5 94305 0.1065
16 13 5 92190 0.09338
16 13 5 85159 0.09003
16 13 5 82788 0.08501
16 13 5 62667 0.0676
16 13 5 62017 0.06927
16 13 5 60885 0.07021
16 13 5 60432 0.07009
16 13 5 56964 0.06298
16 13 5 56017 0.0658
16 13 5 41616 0.04629
16 13 5 40867 0.04701
16 13 5 40473 0.04437
16 13 5 39859 0.04725
16 13 5 38238 0.0465
16 13 5 37314 0.04414
16 13 5 28499 0.03189
16 13 5 28346 0.0304
16 13 5 27502 0.02919
16 13 5 26923 0.03176
16 13 5 26649 0.03048
16 13 5 25909 0.03
16 13 5 25242 0.02946
16 13 5 16131 0.0199
16 13 5 15951 0.01797
16 13 5 15855 0.01916
16 13 5 15612 0.01978
16 13 5 15330 0.01817
16 13 5 14723 0.01802
16 13 5 10504 0.01336
16 13 5 10474 0.01442
16 13 5 10391 0.01438
16 13 5 10365 0.01432
16 13 5 10288 0.01382
16 13 5 10159 0.01339
