16 5 1 100000 0.1733
16 5 1 100000 0.1658
16 5 1 100000 0.1047
16 5 1 100000 0.07561
16 5 1 100000 0.07602
16 5 1 100000 0.07565
16 5 1 85000 0.1194
16 5 1 85000 0.1185
16 5 1 85000 0.1189
16 5 1 85000 0.06559
16 5 1 85000 0.06612
16 5 1 85000 0.0662
16 5 1 85000 0.06591
16 5 1 75000 0.1074
16 5 1 75000 0.1096
16 5 1 75000 0.05581
16 5 1 75000 0.0565
16 5 1 75000 0.05538
16 5 1 75000 0.05546
16 5 1 50000 0.08448
16 5 1 50000 0.08647
16 5 1 50000 0.03262
16 5 1 50000 0.03275
16 5 1 50000 0.03263
16 5 1 50000 0.0329
16 5 1 35000 0.0619
16 5 1 35000 0.06195
16 5 1 35000 0.06925
16 5 1 35000 0.02932
16 5 1 35000 0.02966
16 5 1 35000 0.02913
16 5 1 35000 0.02913
16 5 1 25000 0.04795
16 5 1 25000 0.04733
16 5 1 25000 0.01297
16 5 1 25000 0.0129
16 5 1 25000 0.01249
16 5 1 25000 0.013
16 5 1 15000 0.02945
16 5 1 15000 0.02991
16 5 1 15000 0.008226
16 5 1 15000 0.008256
16 5 1 15000 0.008309
16 5 1 15000 0.008159
16 5 1 10000 0.02043
16 5 1 10000 0.01999
16 5 1 10000 0.006156
16 5 1 10000 0.006245
16 5 1 10000 0.006244
16 5 1 10000 0.006129
16 5 2 108982 0.1701
16 5 2 104189 0.1644
16 5 2 100000 0.1108
16 5 2 100000 0.1106
16 5 2 100000 0.1111
16 5 2 100000 0.112
16 5 2 92288 0.1504
16 5 2 85000 0.0963
16 5 2 85000 0.09576
16 5 2 85000 0.09535
16 5 2 85000 0.09425
16 5 2 85000 0.09312
16 5 2 80416 0.1324
16 5 2 76296 0.1274
16 5 2 75000 0.0777
16 5 2 75000 0.0783
16 5 2 75000 0.07804
16 5 2 75000 0.07773
16 5 2 74194 0.1252
16 5 2 51999 0.09464
16 5 2 50000 0.04444
16 5 2 50000 0.04414
16 5 2 50000 0.0442
16 5 2 50000 0.04423
16 5 2 49633 0.0929
16 5 2 36662 0.06996
16 5 2 35000 0.02879
16 5 2 35000 0.02888
16 5 2 35000 0.02882
16 5 2 35000 0.02871
16 5 2 35000 0.02856
16 5 2 33687 0.06424
16 5 2 25701 0.04888
16 5 2 25000 0.01268
16 5 2 25000 0.01244
16 5 2 25000 0.01238
16 5 2 25000 0.01239
16 5 2 24287 0.04675
16 5 2 15053 0.02961
16 5 2 15000 0.007897
16 5 2 15000 0.00803
16 5 2 15000 0.007996
16 5 2 15000 0.008115
16 5 2 14718 0.02952
16 5 2 10099 0.02048
16 5 2 10000 0.006113
16 5 2 10000 0.006098
16 5 2 10000 0.006052
16 5 2 10000 0.006057
16 5 2 9902 0.01995
16 5 3 113419 0.1726
16 5 3 108219 0.1652
16 5 3 100000 0.1009
16 5 3 100000 0.07259
16 5 3 100000 0.07276
16 5 3 100000 0.07286
16 5 3 92352 0.124
16 5 3 86796 0.1241
16 5 3 85000 0.06344
16 5 3 85000 0.06316
16 5 3 85000 0.06331
16 5 3 85000 0.06291
16 5 3 83266 0.1134
16 5 3 75177 0.1058
16 5 3 75000 0.05332
16 5 3 75000 0.05333
16 5 3 75000 0.05369
16 5 3 75000 0.05291
16 5 3 72130 0.1046
16 5 3 52599 0.08668
16 5 3 51623 0.08521
16 5 3 50000 0.03167
16 5 3 50000 0.0311
16 5 3 50000 0.03122
16 5 3 50000 0.03142
16 5 3 36283 0.06366
16 5 3 35677 0.06267
16 5 3 35000 0.02072
16 5 3 35000 0.02066
16 5 3 35000 0.02066
16 5 3 34931 0.06164
16 5 3 25960 0.04761
16 5 3 25315 0.04526
16 5 3 25000 0.01014
16 5 3 25000 0.009949
16 5 3 25000 0.01002
16 5 3 25000 0.01016
16 5 3 24970 0.04498
16 5 3 15351 0.02898
16 5 3 15000 0.006632
16 5 3 15000 0.006571
16 5 3 15000 0.006621
16 5 3 15000 0.006572
16 5 3 14926 0.02877
16 5 3 10196 0.01961
16 5 3 10031 0.01951
16 5 3 10000 0.005218
16 5 3 10000 0.00512
16 5 3 10000 0.005169
16 5 3 10000 0.005253
16 5 4 115134 0.1454
16 5 4 108563 0.1379
16 5 4 100000 0.0729
16 5 4 100000 0.07299
16 5 4 100000 0.07318
16 5 4 100000 0.07268
16 5 4 97122 0.1284
16 5 4 91463 0.123
16 5 4 85000 0.06292
16 5 4 85000 0.0632
16 5 4 85000 0.06323
16 5 4 85000 0.06373
16 5 4 85000 0.06267
16 5 4 75735 0.1083
16 5 4 75000 0.05339
16 5 4 75000 0.05371
16 5 4 75000 0.05321
16 5 4 75000 0.05289
16 5 4 71610 0.1055
16 5 4 53340 0.08894
16 5 4 50844 0.08466
16 5 4 50000 0.03151
16 5 4 50000 0.03153
16 5 4 50000 0.03099
16 5 4 50000 0.03127
16 5 4 46654 0.07911
16 5 4 35000 0.02096
16 5 4 35000 0.02083
16 5 4 35000 0.02068
16 5 4 35000 0.02078
16 5 4 33609 0.06065
16 5 4 26057 0.0485
16 5 4 25381 0.04665
16 5 4 25000 0.00993
16 5 4 25000 0.009783
16 5 4 25000 0.009953
16 5 4 25000 0.009894
16 5 4 15736 0.03046
16 5 4 15408 0.03055
16 5 4 15180 0.02981
16 5 4 15000 0.006614
16 5 4 15000 0.00658
16 5 4 15000 0.0066
16 5 4 15000 0.006651
16 5 4 10308 0.02114
16 5 4 10140 0.02046
16 5 4 10000 0.005181
16 5 4 10000 0.005158
16 5 4 10000 0.005258
16 5 4 10000 0.005109
16 5 5 117456 0.1435
16 5 5 111670 0.1391
16 5 5 107191 0.1359
16 5 5 100000 0.07258
16 5 5 100000 0.07285
16 5 5 100000 0.07277
16 5 5 97999 0.1249
16 5 5 88228 0.1166
16 5 5 86051 0.1155
16 5 5 85000 0.06307
16 5 5 85000 0.06305
16 5 5 85000 0.06297
16 5 5 85000 0.06367
16 5 5 79668 0.1102
16 5 5 75000 0.05331
16 5 5 75000 0.05333
16 5 5 75000 0.05347
16 5 5 75000 0.05369
16 5 5 69643 0.1023
16 5 5 54102 0.0877
16 5 5 50506 0.08443
16 5 5 50000 0.03158
16 5 5 50000 0.03136
16 5 5 50000 0.03091
16 5 5 50000 0.03175
16 5 5 37772 0.06487
16 5 5 35477 0.06262
16 5 5 35000 0.02116
16 5 5 35000 0.02081
16 5 5 35000 0.02081
16 5 5 35000 0.02075
16 5 5 33545 0.05931
16 5 5 25084 0.046
16 5 5 25000 0.01011
16 5 5 25000 0.009857
16 5 5 25000 0.009869
16 5 5 25000 0.009742
16 5 5 15709 0.0299
16 5 5 15642 0.03081
16 5 5 15108 0.02947
16 5 5 15000 0.006555
16 5 5 15000 0.006552
16 5 5 15000 0.006629
16 5 5 15000 0.006578
16 5 5 10229 0.02037
16 5 5 10115 0.0198
16 5 5 10000 0.00515
16 5 5 10000 0.005197
16 5 5 10000 0.005153
16 5 5 10000 0.005201
