4 3 1 100000 0.1119
4 3 1 100000 0.1081
4 3 1 100000 0.1055
4 3 1 100000 0.1035
4 3 1 100000 0.1015
4 3 1 100000 0.1026
4 3 1 100000 0.1011
4 3 1 100000 0.1041
4 3 1 100000 0.1054
4 3 1 100000 0.1044
4 3 1 100000 0.105
4 3 1 100000 0.1034
4 3 1 100000 0.1047
4 3 1 100000 0.104
4 3 1 100000 0.1031
4 3 1 100000 0.1029
4 3 1 100000 0.1037
4 3 1 100000 0.1039
4 3 1 100000 0.1029
4 3 1 100000 0.1046
4 3 1 100000 0.1058
4 3 1 100000 0.1046
4 3 1 100000 0.1036
4 3 1 100000 0.1051
4 3 1 100000 0.1362
4 3 1 85000 0.1161
4 3 1 85000 0.1167
4 3 1 85000 0.1144
4 3 1 85000 0.1187
4 3 1 85000 0.1167
4 3 1 85000 0.1183
4 3 1 85000 0.1164
4 3 1 85000 0.1183
4 3 1 85000 0.1205
4 3 1 85000 0.1189
4 3 1 85000 0.119
4 3 1 85000 0.1191
4 3 1 85000 0.1212
4 3 1 85000 0.1204
4 3 1 85000 0.1189
4 3 1 85000 0.1204
4 3 1 85000 0.1177
4 3 1 85000 0.1196
4 3 1 85000 0.1194
4 3 1 85000 0.1179
4 3 1 85000 0.1203
4 3 1 85000 0.1197
4 3 1 85000 0.1188
4 3 1 85000 0.1193
4 3 1 85000 0.1181
4 3 1 75000 0.1037
4 3 1 75000 0.1016
4 3 1 75000 0.1019
4 3 1 75000 0.1019
4 3 1 75000 0.1024
4 3 1 75000 0.1028
4 3 1 75000 0.1038
4 3 1 75000 0.1013
4 3 1 75000 0.1039
4 3 1 75000 0.1042
4 3 1 75000 0.09719
4 3 1 75000 0.08231
4 3 1 75000 0.08445
4 3 1 75000 0.08232
4 3 1 75000 0.08271
4 3 1 75000 0.08404
4 3 1 75000 0.08409
4 3 1 75000 0.08484
4 3 1 75000 0.08454
4 3 1 75000 0.08273
4 3 1 75000 0.08291
4 3 1 75000 0.08405
4 3 1 75000 0.08292
4 3 1 75000 0.08351
4 3 1 75000 0.0853
4 3 1 50000 0.05866
4 3 1 50000 0.05723
4 3 1 50000 0.06002
4 3 1 50000 0.05659
4 3 1 50000 0.05892
4 3 1 50000 0.06
4 3 1 50000 0.05881
4 3 1 50000 0.058
4 3 1 50000 0.06407
4 3 1 50000 0.05963
4 3 1 50000 0.06153
4 3 1 50000 0.06294
4 3 1 50000 0.05988
4 3 1 50000 0.06059
4 3 1 50000 0.06125
4 3 1 50000 0.0613
4 3 1 50000 0.06078
4 3 1 50000 0.06065
4 3 1 50000 0.06036
4 3 1 50000 0.06015
4 3 1 50000 0.06108
4 3 1 50000 0.06041
4 3 1 50000 0.05972
4 3 1 50000 0.06157
4 3 1 50000 0.06201
4 3 1 35000 0.04206
4 3 1 35000 0.04273
4 3 1 35000 0.04178
4 3 1 35000 0.04232
4 3 1 35000 0.04125
4 3 1 35000 0.04257
4 3 1 35000 0.04262
4 3 1 35000 0.04061
4 3 1 35000 0.04454
4 3 1 35000 0.04319
4 3 1 35000 0.04417
4 3 1 35000 0.04336
4 3 1 35000 0.04275
4 3 1 35000 0.04262
4 3 1 35000 0.04352
4 3 1 35000 0.04399
4 3 1 35000 0.0431
4 3 1 35000 0.04386
4 3 1 35000 0.04476
4 3 1 35000 0.04405
4 3 1 35000 0.04433
4 3 1 35000 0.04321
4 3 1 35000 0.04362
4 3 1 35000 0.04401
4 3 1 35000 0.04386
4 3 1 25000 0.02553
4 3 1 25000 0.02859
4 3 1 25000 0.027
4 3 1 25000 0.02795
4 3 1 25000 0.02675
4 3 1 25000 0.02847
4 3 1 25000 0.02693
4 3 1 25000 0.02676
4 3 1 25000 0.02877
4 3 1 25000 0.02881
4 3 1 25000 0.029
4 3 1 25000 0.02953
4 3 1 25000 0.02832
4 3 1 25000 0.02957
4 3 1 25000 0.02916
4 3 1 25000 0.02975
4 3 1 25000 0.02949
4 3 1 25000 0.02815
4 3 1 25000 0.02972
4 3 1 25000 0.02919
4 3 1 25000 0.03042
4 3 1 25000 0.03
4 3 1 25000 0.02869
4 3 1 25000 0.02791
4 3 1 25000 0.02832
4 3 1 15000 0.01641
4 3 1 15000 0.01696
4 3 1 15000 0.01718
4 3 1 15000 0.01709
4 3 1 15000 0.01773
4 3 1 15000 0.01675
4 3 1 15000 0.01713
4 3 1 15000 0.01688
4 3 1 15000 0.01832
4 3 1 15000 0.01779
4 3 1 15000 0.01865
4 3 1 15000 0.01789
4 3 1 15000 0.01829
4 3 1 15000 0.01824
4 3 1 15000 0.01778
4 3 1 15000 0.01871
4 3 1 15000 0.01833
4 3 1 15000 0.01784
4 3 1 15000 0.01749
4 3 1 15000 0.0184
4 3 1 15000 0.01815
4 3 1 15000 0.01804
4 3 1 15000 0.01859
4 3 1 15000 0.01805
4 3 1 15000 0.01843
4 3 1 10000 0.01252
4 3 1 10000 0.01175
4 3 1 10000 0.01215
4 3 1 10000 0.01264
4 3 1 10000 0.01245
4 3 1 10000 0.0119
4 3 1 10000 0.01248
4 3 1 10000 0.01229
4 3 1 10000 0.01304
4 3 1 10000 0.01361
4 3 1 10000 0.01255
4 3 1 10000 0.01299
4 3 1 10000 0.01293
4 3 1 10000 0.01322
4 3 1 10000 0.01266
4 3 1 10000 0.01294
4 3 1 10000 0.01257
4 3 1 10000 0.01258
4 3 1 10000 0.01294
4 3 1 10000 0.01272
4 3 1 10000 0.01236
4 3 1 10000 0.01318
4 3 1 10000 0.01306
4 3 1 10000 0.01288
4 3 1 10000 0.0129
4 3 2 113549 0.1167
4 3 2 113549 0.1165
4 3 2 113366 0.1166
4 3 2 113333 0.1179
4 3 2 113159 0.1107
4 3 2 113086 0.1137
4 3 2 113000 0.1123
4 3 2 112696 0.1144
4 3 2 112557 0.1136
4 3 2 112151 0.1115
4 3 2 111974 0.1128
4 3 2 110610 0.1122
4 3 2 110610 0.1118
4 3 2 109485 0.1128
4 3 2 108788 0.1101
4 3 2 108706 0.1102
4 3 2 107872 0.1096
4 3 2 107314 0.1094
4 3 2 106890 0.1119
4 3 2 106593 0.108
4 3 2 106284 0.1093
4 3 2 104578 0.1084
4 3 2 104578 0.1086
4 3 2 101432 0.1031
4 3 2 99824 0.119
4 3 2 94740 0.1355
4 3 2 94639 0.1246
4 3 2 94358 0.09991
4 3 2 94298 0.1016
4 3 2 94038 0.09888
4 3 2 93902 0.1011
4 3 2 93817 0.09862
4 3 2 93681 0.09814
4 3 2 93479 0.1009
4 3 2 93389 0.09899
4 3 2 93296 0.1013
4 3 2 93120 0.09918
4 3 2 91926 0.0981
4 3 2 91244 0.09793
4 3 2 91065 0.09869
4 3 2 90828 0.09681
4 3 2 89787 0.09672
4 3 2 89787 0.09752
4 3 2 88400 0.09559
4 3 2 87827 0.09646
4 3 2 87578 0.09084
4 3 2 85532 0.09543
4 3 2 85532 0.09563
4 3 2 82630 0.08857
4 3 2 82622 0.09128
4 3 2 82604 0.09024
4 3 2 82558 0.0907
4 3 2 82555 0.0913
4 3 2 82545 0.09124
4 3 2 82500 0.09122
4 3 2 82344 0.0889
4 3 2 82266 0.09107
4 3 2 82252 0.0866
4 3 2 82210 0.0891
4 3 2 82169 0.08592
4 3 2 82127 0.08799
4 3 2 82024 0.08784
4 3 2 81915 0.08755
4 3 2 81688 0.0895
4 3 2 81299 0.0896
4 3 2 81226 0.08751
4 3 2 79802 0.08907
4 3 2 79802 0.08979
4 3 2 79578 0.08621
4 3 2 78892 0.08822
4 3 2 78650 0.09111
4 3 2 78408 0.08816
4 3 2 77736 0.0887
4 3 2 75226 0.08583
4 3 2 75226 0.08528
4 3 2 53389 0.06486
4 3 2 53386 0.06696
4 3 2 53381 0.06359
4 3 2 53372 0.06209
4 3 2 53357 0.06427
4 3 2 53337 0.06535
4 3 2 53311 0.06261
4 3 2 53306 0.0652
4 3 2 53262 0.06665
4 3 2 53238 0.06444
4 3 2 53230 0.06409
4 3 2 53212 0.06333
4 3 2 53167 0.06337
4 3 2 53123 0.06414
4 3 2 53060 0.06352
4 3 2 52969 0.06487
4 3 2 52844 0.06468
4 3 2 52606 0.06276
4 3 2 52532 0.06499
4 3 2 50712 0.06228
4 3 2 49858 0.06123
4 3 2 49590 0.06146
4 3 2 48386 0.06
4 3 2 46742 0.05563
4 3 2 46633 0.05778
4 3 2 36662 0.04548
4 3 2 36662 0.04548
4 3 2 36662 0.0456
4 3 2 36662 0.04552
4 3 2 36649 0.04571
4 3 2 36646 0.04483
4 3 2 36641 0.04398
4 3 2 36636 0.04502
4 3 2 36631 0.04347
4 3 2 36617 0.04404
4 3 2 36601 0.04545
4 3 2 36592 0.04214
4 3 2 36587 0.04277
4 3 2 36573 0.04239
4 3 2 36565 0.04353
4 3 2 36548 0.04253
4 3 2 36450 0.04314
4 3 2 36317 0.04388
4 3 2 36191 0.0428
4 3 2 35961 0.04324
4 3 2 35056 0.0421
4 3 2 34839 0.04223
4 3 2 34727 0.04255
4 3 2 33700 0.04134
4 3 2 33540 0.03946
4 3 2 25848 0.02919
4 3 2 25848 0.02941
4 3 2 25844 0.02887
4 3 2 25844 0.02897
4 3 2 25836 0.03041
4 3 2 25834 0.03024
4 3 2 25830 0.03046
4 3 2 25816 0.02863
4 3 2 25814 0.02801
4 3 2 25814 0.0296
4 3 2 25790 0.02848
4 3 2 25774 0.028
4 3 2 25751 0.02831
4 3 2 25691 0.02928
4 3 2 25680 0.02885
4 3 2 25397 0.02898
4 3 2 25289 0.02943
4 3 2 25234 0.02723
4 3 2 25137 0.0285
4 3 2 25004 0.02814
4 3 2 24706 0.02778
4 3 2 24631 0.02788
4 3 2 24316 0.0285
4 3 2 24251 0.02852
4 3 2 24113 0.02842
4 3 2 15305 0.01881
4 3 2 15305 0.01875
4 3 2 15304 0.01872
4 3 2 15303 0.0186
4 3 2 15303 0.01858
4 3 2 15302 0.01772
4 3 2 15302 0.01872
4 3 2 15301 0.01735
4 3 2 15301 0.01857
4 3 2 15301 0.01866
4 3 2 15300 0.01841
4 3 2 15299 0.01829
4 3 2 15296 0.01744
4 3 2 15294 0.01773
4 3 2 15290 0.01888
4 3 2 15288 0.01714
4 3 2 15284 0.01807
4 3 2 15281 0.01888
4 3 2 15271 0.01726
4 3 2 15254 0.01785
4 3 2 15227 0.01741
4 3 2 15113 0.01847
4 3 2 15018 0.01879
4 3 2 14802 0.01871
4 3 2 14802 0.01871
4 3 2 10135 0.01291
4 3 2 10135 0.01304
4 3 2 10134 0.01268
4 3 2 10134 0.01198
4 3 2 10134 0.01303
4 3 2 10133 0.01273
4 3 2 10133 0.01247
4 3 2 10133 0.01254
4 3 2 10132 0.01242
4 3 2 10131 0.01297
4 3 2 10131 0.01323
4 3 2 10130 0.01268
4 3 2 10129 0.01273
4 3 2 10128 0.01258
4 3 2 10127 0.01302
4 3 2 10125 0.01232
4 3 2 10118 0.01288
4 3 2 10108 0.01243
4 3 2 10094 0.01336
4 3 2 10060 0.0133
4 3 2 10058 0.01351
4 3 2 9990 0.01319
4 3 2 9983 0.01304
4 3 2 9886 0.01273
4 3 2 9876 0.0133
4 3 3 128755 0.1988
4 3 3 128755 0.1874
4 3 3 127401 0.1779
4 3 3 127119 0.1883
4 3 3 125640 0.1737
4 3 3 125568 0.1724
4 3 3 124687 0.1746
4 3 3 123361 0.1845
4 3 3 121631 0.1152
4 3 3 121298 0.1242
4 3 3 120927 0.1171
4 3 3 120130 0.124
4 3 3 120029 0.1218
4 3 3 119163 0.1211
4 3 3 117723 0.118
4 3 3 117136 0.1189
4 3 3 116585 0.1174
4 3 3 115987 0.1209
4 3 3 115987 0.1203
4 3 3 114304 0.1142
4 3 3 111057 0.1147
4 3 3 105958 0.1089
4 3 3 105745 0.1106
4 3 3 104970 0.1077
4 3 3 104392 0.1075
4 3 3 104100 0.1093
4 3 3 104008 0.1082
4 3 3 103865 0.1107
4 3 3 102916 0.1092
4 3 3 102681 0.1105
4 3 3 101522 0.1066
4 3 3 100143 0.1074
4 3 3 99079 0.1066
4 3 3 99079 0.1076
4 3 3 98422 0.1039
4 3 3 98084 0.1042
4 3 3 97863 0.1094
4 3 3 97821 0.1045
4 3 3 97503 0.09497
4 3 3 97434 0.1051
4 3 3 96535 0.1062
4 3 3 95698 0.1033
4 3 3 95297 0.1001
4 3 3 93807 0.0988
4 3 3 93584 0.1023
4 3 3 90903 0.09711
4 3 3 90843 0.09899
4 3 3 90576 0.09678
4 3 3 90552 0.09841
4 3 3 90385 0.09554
4 3 3 90025 0.09717
4 3 3 89893 0.09372
4 3 3 89559 0.09366
4 3 3 89428 0.09377
4 3 3 89268 0.09604
4 3 3 89093 0.09214
4 3 3 88758 0.09288
4 3 3 88708 0.09579
4 3 3 88073 0.09415
4 3 3 87666 0.09401
4 3 3 87208 0.0909
4 3 3 86351 0.09357
4 3 3 86055 0.09188
4 3 3 85508 0.09431
4 3 3 85508 0.09386
4 3 3 84393 0.0908
4 3 3 83549 0.09181
4 3 3 82827 0.09183
4 3 3 82704 0.09315
4 3 3 82335 0.08538
4 3 3 82200 0.09268
4 3 3 80683 0.08945
4 3 3 78070 0.08817
4 3 3 77404 0.08605
4 3 3 77339 0.08788
4 3 3 56984 0.06873
4 3 3 56912 0.06782
4 3 3 56770 0.06599
4 3 3 56727 0.06512
4 3 3 56621 0.06879
4 3 3 56554 0.06478
4 3 3 56452 0.06614
4 3 3 56389 0.0676
4 3 3 56228 0.06793
4 3 3 56042 0.06871
4 3 3 55805 0.06758
4 3 3 54848 0.06443
4 3 3 54838 0.06878
4 3 3 54687 0.06089
4 3 3 53223 0.06757
4 3 3 53062 0.06548
4 3 3 52996 0.0654
4 3 3 52922 0.06396
4 3 3 52431 0.06061
4 3 3 52224 0.06491
4 3 3 51660 0.06312
4 3 3 51085 0.06087
4 3 3 50552 0.06017
4 3 3 49405 0.06285
4 3 3 47638 0.05981
4 3 3 38390 0.04563
4 3 3 38380 0.04487
4 3 3 38377 0.04687
4 3 3 38360 0.0472
4 3 3 38360 0.04721
4 3 3 38343 0.04489
4 3 3 38301 0.04737
4 3 3 38271 0.04527
4 3 3 38184 0.0444
4 3 3 38149 0.04677
4 3 3 38108 0.04483
4 3 3 37973 0.04852
4 3 3 37871 0.04462
4 3 3 37850 0.0458
4 3 3 37422 0.0473
4 3 3 37310 0.04551
4 3 3 37034 0.04679
4 3 3 36821 0.04654
4 3 3 36360 0.04559
4 3 3 36128 0.04596
4 3 3 35125 0.04454
4 3 3 34588 0.04237
4 3 3 33883 0.04183
4 3 3 33842 0.04023
4 3 3 33151 0.03974
4 3 3 26691 0.03081
4 3 3 26667 0.02859
4 3 3 26652 0.03024
4 3 3 26620 0.02829
4 3 3 26599 0.02733
4 3 3 26576 0.02783
4 3 3 26572 0.02815
4 3 3 26425 0.02884
4 3 3 26317 0.0301
4 3 3 26254 0.03238
4 3 3 26119 0.03
4 3 3 26074 0.02835
4 3 3 25850 0.0307
4 3 3 25506 0.02744
4 3 3 25479 0.02777
4 3 3 25471 0.02834
4 3 3 25349 0.02834
4 3 3 25192 0.02854
4 3 3 25064 0.03041
4 3 3 25034 0.02938
4 3 3 25017 0.0286
4 3 3 24913 0.02847
4 3 3 24913 0.02858
4 3 3 24239 0.02773
4 3 3 24124 0.02766
4 3 3 15612 0.01896
4 3 3 15612 0.01896
4 3 3 15611 0.01935
4 3 3 15610 0.0195
4 3 3 15605 0.01885
4 3 3 15598 0.01917
4 3 3 15591 0.01775
4 3 3 15589 0.01754
4 3 3 15581 0.01802
4 3 3 15579 0.01753
4 3 3 15572 0.01771
4 3 3 15569 0.01939
4 3 3 15565 0.01799
4 3 3 15554 0.0177
4 3 3 15550 0.01905
4 3 3 15440 0.01911
4 3 3 15440 0.0191
4 3 3 15420 0.01907
4 3 3 15414 0.01822
4 3 3 15321 0.01895
4 3 3 15304 0.01906
4 3 3 15107 0.01758
4 3 3 15031 0.01877
4 3 3 14990 0.01804
4 3 3 14988 0.01811
4 3 3 10269 0.01357
4 3 3 10266 0.01414
4 3 3 10264 0.01349
4 3 3 10263 0.01263
4 3 3 10260 0.01271
4 3 3 10254 0.01293
4 3 3 10254 0.01375
4 3 3 10248 0.013
4 3 3 10243 0.01307
4 3 3 10232 0.01374
4 3 3 10212 0.0133
4 3 3 10202 0.01314
4 3 3 10191 0.01262
4 3 3 10177 0.01278
4 3 3 10171 0.013
4 3 3 10163 0.0129
4 3 3 10117 0.01297
4 3 3 10114 0.01322
4 3 3 10090 0.01313
4 3 3 10089 0.01272
4 3 3 10063 0.01311
4 3 3 10028 0.01265
4 3 3 10021 0.01317
4 3 3 9995 0.01341
4 3 3 9925 0.01313
4 3 4 143870 0.191
4 3 4 143733 0.1879
4 3 4 140865 0.1867
4 3 4 140125 0.187
4 3 4 139069 0.1857
4 3 4 138405 0.1981
4 3 4 137421 0.191
4 3 4 133378 0.1815
4 3 4 133105 0.1824
4 3 4 131262 0.1779
4 3 4 129529 0.1908
4 3 4 129529 0.1904
4 3 4 126975 0.1728
4 3 4 126032 0.1823
4 3 4 124705 0.186
4 3 4 124376 0.1859
4 3 4 124056 0.1832
4 3 4 120897 0.1231
4 3 4 120838 0.1224
4 3 4 120639 0.1129
4 3 4 116657 0.1183
4 3 4 116546 0.1156
4 3 4 115690 0.119
4 3 4 114474 0.1137
4 3 4 114254 0.1155
4 3 4 112655 0.1118
4 3 4 111206 0.1142
4 3 4 110525 0.1111
4 3 4 109355 0.1104
4 3 4 109053 0.112
4 3 4 108846 0.108
4 3 4 107119 0.1103
4 3 4 106704 0.1095
4 3 4 106183 0.1147
4 3 4 103677 0.1118
4 3 4 103677 0.1122
4 3 4 103328 0.1073
4 3 4 102888 0.1086
4 3 4 102420 0.1075
4 3 4 102351 0.1057
4 3 4 102108 0.1076
4 3 4 100929 0.1053
4 3 4 99909 0.1066
4 3 4 99663 0.1035
4 3 4 98848 0.1025
4 3 4 98790 0.1008
4 3 4 97839 0.1023
4 3 4 97767 0.1047
4 3 4 97693 0.1044
4 3 4 97551 0.1017
4 3 4 97392 0.1003
4 3 4 96407 0.1031
4 3 4 96407 0.1026
4 3 4 96380 0.0993
4 3 4 96148 0.1011
4 3 4 95376 0.1002
4 3 4 94856 0.1011
4 3 4 94851 0.1016
4 3 4 94310 0.1012
4 3 4 94038 0.1003
4 3 4 93256 0.09938
4 3 4 92014 0.09498
4 3 4 91158 0.0965
4 3 4 90825 0.09784
4 3 4 88949 0.09281
4 3 4 88727 0.09508
4 3 4 88353 0.09475
4 3 4 87374 0.09899
4 3 4 85044 0.09235
4 3 4 83945 0.08989
4 3 4 83571 0.08997
4 3 4 82843 0.09023
4 3 4 81675 0.08978
4 3 4 80657 0.08703
4 3 4 73761 0.08255
4 3 4 60822 0.07144
4 3 4 60489 0.07467
4 3 4 60297 0.06975
4 3 4 60213 0.06905
4 3 4 60070 0.0699
4 3 4 59956 0.06959
4 3 4 59772 0.07158
4 3 4 59719 0.06854
4 3 4 58223 0.06624
4 3 4 57845 0.0686
4 3 4 57717 0.07018
4 3 4 57027 0.06801
4 3 4 56997 0.07044
4 3 4 56676 0.06777
4 3 4 56653 0.06854
4 3 4 55998 0.06607
4 3 4 55919 0.06706
4 3 4 54678 0.06806
4 3 4 53902 0.08134
4 3 4 53227 0.08233
4 3 4 52356 0.07954
4 3 4 51977 0.07892
4 3 4 51478 0.07733
4 3 4 50634 0.07533
4 3 4 44673 0.06666
4 3 4 40143 0.0583
4 3 4 40066 0.05628
4 3 4 40045 0.05956
4 3 4 39923 0.05701
4 3 4 39775 0.05747
4 3 4 39756 0.05935
4 3 4 39704 0.05549
4 3 4 39626 0.05725
4 3 4 39008 0.05773
4 3 4 38767 0.05574
4 3 4 38711 0.05541
4 3 4 38548 0.05494
4 3 4 38393 0.05553
4 3 4 38067 0.05589
4 3 4 37936 0.05602
4 3 4 37855 0.05243
4 3 4 37719 0.05419
4 3 4 37506 0.05265
4 3 4 36772 0.05417
4 3 4 36772 0.05426
4 3 4 36683 0.05296
4 3 4 35840 0.05293
4 3 4 34657 0.0507
4 3 4 34094 0.04831
4 3 4 33893 0.04801
4 3 4 27546 0.0344
4 3 4 27500 0.0323
4 3 4 27488 0.03388
4 3 4 27456 0.03297
4 3 4 27407 0.03343
4 3 4 27309 0.03321
4 3 4 26740 0.03351
4 3 4 26653 0.03143
4 3 4 26441 0.03231
4 3 4 26422 0.03131
4 3 4 26297 0.03295
4 3 4 26196 0.03372
4 3 4 26189 0.03389
4 3 4 26058 0.03158
4 3 4 26019 0.03393
4 3 4 25894 0.03365
4 3 4 25841 0.03278
4 3 4 25735 0.03309
4 3 4 25658 0.03235
4 3 4 25424 0.03322
4 3 4 25165 0.0316
4 3 4 24968 0.03306
4 3 4 24555 0.03167
4 3 4 24178 0.03017
4 3 4 23808 0.03116
4 3 4 15928 0.02024
4 3 4 15922 0.02195
4 3 4 15917 0.02214
4 3 4 15905 0.02156
4 3 4 15896 0.02043
4 3 4 15886 0.0208
4 3 4 15883 0.02121
4 3 4 15882 0.0205
4 3 4 15864 0.02064
4 3 4 15858 0.02121
4 3 4 15852 0.01973
4 3 4 15845 0.02171
4 3 4 15719 0.02117
4 3 4 15719 0.02142
4 3 4 15704 0.02005
4 3 4 15698 0.02145
4 3 4 15615 0.021
4 3 4 15571 0.02112
4 3 4 15424 0.0211
4 3 4 15424 0.02037
4 3 4 15314 0.02069
4 3 4 15293 0.02049
4 3 4 15292 0.02133
4 3 4 15077 0.02023
4 3 4 14754 0.02063
4 3 4 10400 0.01511
4 3 4 10395 0.01537
4 3 4 10393 0.01503
4 3 4 10391 0.01455
4 3 4 10390 0.01493
4 3 4 10387 0.01513
4 3 4 10382 0.01481
4 3 4 10376 0.01449
4 3 4 10370 0.01546
4 3 4 10307 0.0141
4 3 4 10299 0.01583
4 3 4 10292 0.01406
4 3 4 10290 0.01525
4 3 4 10250 0.01532
4 3 4 10235 0.01429
4 3 4 10208 0.01463
4 3 4 10194 0.01453
4 3 4 10160 0.01461
4 3 4 10158 0.01463
4 3 4 10154 0.01406
4 3 4 10101 0.01424
4 3 4 10100 0.01388
4 3 4 10052 0.01396
4 3 4 9959 0.01383
4 3 4 9888 0.01396
4 3 5 158356 0.2604
4 3 5 158152 0.2562
4 3 5 157058 0.2504
4 3 5 153897 0.244
4 3 5 152619 0.2525
4 3 5 151671 0.2436
4 3 5 151046 0.2621
4 3 5 146930 0.2528
4 3 5 145323 0.2632
4 3 5 144136 0.2444
4 3 5 141365 0.2491
4 3 5 140026 0.2438
4 3 5 138621 0.2495
4 3 5 137464 0.2439
4 3 5 135933 0.2296
4 3 5 133207 0.2399
4 3 5 133207 0.2358
4 3 5 132407 0.231
4 3 5 127070 0.2408
4 3 5 126748 0.232
4 3 5 125451 0.2385
4 3 5 125215 0.2045
4 3 5 124335 0.2125
4 3 5 122713 0.1687
4 3 5 120839 0.1665
4 3 5 120762 0.1698
4 3 5 120438 0.1667
4 3 5 118588 0.1691
4 3 5 117862 0.1624
4 3 5 117772 0.1671
4 3 5 116063 0.1484
4 3 5 116063 0.15
4 3 5 114631 0.165
4 3 5 114034 0.1601
4 3 5 113627 0.1606
4 3 5 110495 0.1431
4 3 5 110403 0.1562
4 3 5 109583 0.1523
4 3 5 109145 0.1545
4 3 5 107987 0.1526
4 3 5 107633 0.1556
4 3 5 107080 0.1511
4 3 5 105756 0.1489
4 3 5 105218 0.15
4 3 5 104853 0.1643
4 3 5 104225 0.1497
4 3 5 104188 0.1513
4 3 5 103340 0.1453
4 3 5 101856 0.1466
4 3 5 101856 0.1479
4 3 5 101595 0.1438
4 3 5 101360 0.1434
4 3 5 99770 0.1413
4 3 5 99102 0.1412
4 3 5 98581 0.1401
4 3 5 98518 0.1414
4 3 5 96555 0.1423
4 3 5 95825 0.1363
4 3 5 95426 0.1374
4 3 5 95374 0.1376
4 3 5 94356 0.1362
4 3 5 92895 0.1236
4 3 5 92427 0.1364
4 3 5 91758 0.1332
4 3 5 91069 0.1359
4 3 5 91069 0.1322
4 3 5 90099 0.133
4 3 5 89324 0.1336
4 3 5 88524 0.1284
4 3 5 88157 0.1278
4 3 5 87972 0.1076
4 3 5 86169 0.09511
4 3 5 83354 0.09149
4 3 5 82599 0.08858
4 3 5 77894 0.08853
4 3 5 64460 0.07295
4 3 5 64159 0.06703
4 3 5 63941 0.06988
4 3 5 63824 0.07457
4 3 5 63236 0.07042
4 3 5 63034 0.07436
4 3 5 61674 0.06933
4 3 5 61413 0.0705
4 3 5 60896 0.07105
4 3 5 60652 0.07193
4 3 5 60107 0.07247
4 3 5 60042 0.06771
4 3 5 58299 0.07214
4 3 5 57998 0.07099
4 3 5 56799 0.06561
4 3 5 55730 0.06676
4 3 5 55730 0.06626
4 3 5 54288 0.06429
4 3 5 54153 0.06638
4 3 5 54096 0.06674
4 3 5 52946 0.0644
4 3 5 51162 0.06119
4 3 5 49467 0.05938
4 3 5 47730 0.05749
4 3 5 47730 0.05756
4 3 5 41956 0.0524
4 3 5 41849 0.05183
4 3 5 41758 0.04923
4 3 5 41650 0.04964
4 3 5 41577 0.04741
4 3 5 41393 0.04825
4 3 5 40855 0.04872
4 3 5 40642 0.04974
4 3 5 40147 0.04691
4 3 5 39747 0.04899
4 3 5 39737 0.04794
4 3 5 39578 0.04753
4 3 5 39320 0.04516
4 3 5 39289 0.04673
4 3 5 39147 0.04684
4 3 5 38383 0.04622
4 3 5 38255 0.04604
4 3 5 38255 0.04603
4 3 5 37922 0.04741
4 3 5 37543 0.04587
4 3 5 36691 0.04545
4 3 5 36517 0.04578
4 3 5 35995 0.04414
4 3 5 35455 0.04242
4 3 5 31994 0.03735
4 3 5 28492 0.03117
4 3 5 28412 0.03031
4 3 5 28328 0.0303
4 3 5 28243 0.02964
4 3 5 28016 0.02937
4 3 5 27679 0.03005
4 3 5 27544 0.03132
4 3 5 27494 0.03046
4 3 5 27411 0.02875
4 3 5 27024 0.02888
4 3 5 27014 0.03026
4 3 5 26900 0.03116
4 3 5 26689 0.0315
4 3 5 26603 0.03044
4 3 5 26282 0.02985
4 3 5 26155 0.03026
4 3 5 26094 0.02986
4 3 5 26062 0.03008
4 3 5 26051 0.03024
4 3 5 25678 0.02868
4 3 5 25542 0.02947
4 3 5 24978 0.02989
4 3 5 24737 0.02987
4 3 5 24521 0.02794
4 3 5 24418 0.02694
4 3 5 16242 0.02007
4 3 5 16237 0.01939
4 3 5 16198 0.01849
4 3 5 16183 0.01766
4 3 5 16170 0.01818
4 3 5 16162 0.01857
4 3 5 16090 0.01918
4 3 5 16044 0.01752
4 3 5 15966 0.01778
4 3 5 15943 0.01973
4 3 5 15896 0.01937
4 3 5 15872 0.01846
4 3 5 15738 0.01895
4 3 5 15714 0.01869
4 3 5 15658 0.01941
4 3 5 15614 0.01924
4 3 5 15598 0.02026
4 3 5 15598 0.02024
4 3 5 15566 0.0185
4 3 5 15531 0.0196
4 3 5 15463 0.01902
4 3 5 15439 0.01941
4 3 5 15377 0.0186
4 3 5 15118 0.01836
4 3 5 14968 0.01856
4 3 5 10531 0.01309
4 3 5 10530 0.01374
4 3 5 10526 0.01328
4 3 5 10518 0.01329
4 3 5 10509 0.01358
4 3 5 10508 0.01463
4 3 5 10453 0.01371
4 3 5 10453 0.0138
4 3 5 10431 0.0131
4 3 5 10423 0.01391
4 3 5 10373 0.01413
4 3 5 10345 0.01444
4 3 5 10342 0.01405
4 3 5 10312 0.01286
4 3 5 10301 0.01388
4 3 5 10291 0.01439
4 3 5 10284 0.01428
4 3 5 10177 0.01322
4 3 5 10177 0.01333
4 3 5 10168 0.01244
4 3 5 10020 0.01335
4 3 5 10020 0.01327
4 3 5 10006 0.0129
4 3 5 9944 0.0126
4 3 5 9936 0.01345
