8 4 1 100000 0.1122
8 4 1 100000 0.1088
8 4 1 100000 0.1066
8 4 1 100000 0.1044
8 4 1 100000 0.105
8 4 1 100000 0.1032
8 4 1 100000 0.1056
8 4 1 100000 0.1051
8 4 1 100000 0.1036
8 4 1 100000 0.1053
8 4 1 100000 0.1053
8 4 1 100000 0.1035
8 4 1 100000 0.1069
8 4 1 85000 0.09544
8 4 1 85000 0.09539
8 4 1 85000 0.09374
8 4 1 85000 0.09655
8 4 1 85000 0.09263
8 4 1 85000 0.0942
8 4 1 85000 0.09415
8 4 1 85000 0.09299
8 4 1 85000 0.0928
8 4 1 85000 0.09389
8 4 1 85000 0.09023
8 4 1 85000 0.09351
8 4 1 75000 0.08486
8 4 1 75000 0.08449
8 4 1 75000 0.0862
8 4 1 75000 0.08601
8 4 1 75000 0.08414
8 4 1 75000 0.08506
8 4 1 75000 0.08498
8 4 1 75000 0.08464
8 4 1 75000 0.08543
8 4 1 75000 0.08536
8 4 1 75000 0.08488
8 4 1 75000 0.08354
8 4 1 50000 0.06162
8 4 1 50000 0.06124
8 4 1 50000 0.06109
8 4 1 50000 0.06061
8 4 1 50000 0.06294
8 4 1 50000 0.06247
8 4 1 50000 0.0594
8 4 1 50000 0.06224
8 4 1 50000 0.0648
8 4 1 50000 0.06263
8 4 1 50000 0.06137
8 4 1 50000 0.06069
8 4 1 50000 0.06041
8 4 1 35000 0.04498
8 4 1 35000 0.04145
8 4 1 35000 0.04361
8 4 1 35000 0.04345
8 4 1 35000 0.04414
8 4 1 35000 0.04303
8 4 1 35000 0.04333
8 4 1 35000 0.04328
8 4 1 35000 0.04415
8 4 1 35000 0.04296
8 4 1 35000 0.04474
8 4 1 35000 0.04528
8 4 1 35000 0.04379
8 4 1 25000 0.029
8 4 1 25000 0.02939
8 4 1 25000 0.02841
8 4 1 25000 0.0274
8 4 1 25000 0.02985
8 4 1 25000 0.02805
8 4 1 25000 0.02866
8 4 1 25000 0.03033
8 4 1 25000 0.02885
8 4 1 25000 0.02882
8 4 1 25000 0.02944
8 4 1 25000 0.02967
8 4 1 15000 0.01808
8 4 1 15000 0.01852
8 4 1 15000 0.01794
8 4 1 15000 0.01755
8 4 1 15000 0.01784
8 4 1 15000 0.01836
8 4 1 15000 0.01851
8 4 1 15000 0.01911
8 4 1 15000 0.0183
8 4 1 15000 0.0187
8 4 1 15000 0.01782
8 4 1 15000 0.01794
8 4 1 15000 0.01836
8 4 1 10000 0.01306
8 4 1 10000 0.01344
8 4 1 10000 0.01308
8 4 1 10000 0.01306
8 4 1 10000 0.01258
8 4 1 10000 0.01356
8 4 1 10000 0.01297
8 4 1 10000 0.01306
8 4 1 10000 0.0136
8 4 1 10000 0.01324
8 4 1 10000 0.01307
8 4 1 10000 0.013
8 4 2 113090 0.1154
8 4 2 111187 0.1159
8 4 2 108591 0.1094
8 4 2 107903 0.1066
8 4 2 104157 0.1084
8 4 2 103028 0.1086
8 4 2 102424 0.1095
8 4 2 100841 0.1068
8 4 2 100301 0.1052
8 4 2 100176 0.1043
8 4 2 97701 0.1058
8 4 2 93496 0.1002
8 4 2 93451 0.1022
8 4 2 92967 0.101
8 4 2 91579 0.09925
8 4 2 88799 0.09084
8 4 2 87326 0.09835
8 4 2 86184 0.09252
8 4 2 84354 0.09396
8 4 2 83564 0.0911
8 4 2 83516 0.09334
8 4 2 82679 0.09191
8 4 2 82499 0.0911
8 4 2 82072 0.09018
8 4 2 81230 0.08905
8 4 2 80980 0.0891
8 4 2 80580 0.09046
8 4 2 80160 0.08861
8 4 2 79845 0.08917
8 4 2 77965 0.08728
8 4 2 77580 0.08624
8 4 2 76581 0.08539
8 4 2 75240 0.08521
8 4 2 74570 0.08491
8 4 2 73302 0.08135
8 4 2 72791 0.08206
8 4 2 71645 0.08129
8 4 2 71123 0.08126
8 4 2 53343 0.06324
8 4 2 52577 0.06713
8 4 2 52175 0.0625
8 4 2 51378 0.06356
8 4 2 51202 0.06533
8 4 2 50188 0.06034
8 4 2 49709 0.06136
8 4 2 49194 0.05986
8 4 2 48632 0.06088
8 4 2 47560 0.05961
8 4 2 46691 0.0577
8 4 2 46444 0.05794
8 4 2 36662 0.04525
8 4 2 36662 0.0431
8 4 2 36621 0.04537
8 4 2 36535 0.04563
8 4 2 36389 0.04551
8 4 2 36050 0.04623
8 4 2 35875 0.04474
8 4 2 35612 0.04288
8 4 2 34902 0.04359
8 4 2 34632 0.04116
8 4 2 34245 0.04257
8 4 2 33687 0.04069
8 4 2 25848 0.02961
8 4 2 25839 0.03062
8 4 2 25821 0.02962
8 4 2 25692 0.02969
8 4 2 25267 0.02937
8 4 2 25140 0.02907
8 4 2 24998 0.02887
8 4 2 24956 0.02942
8 4 2 24614 0.02865
8 4 2 24528 0.02793
8 4 2 24354 0.02794
8 4 2 24253 0.02859
8 4 2 24190 0.02765
8 4 2 15304 0.01848
8 4 2 15302 0.01801
8 4 2 15294 0.01846
8 4 2 15283 0.01873
8 4 2 15252 0.01856
8 4 2 15213 0.01801
8 4 2 15034 0.0184
8 4 2 14935 0.01866
8 4 2 14900 0.01861
8 4 2 14844 0.01783
8 4 2 14785 0.01834
8 4 2 14741 0.01777
8 4 2 10132 0.01318
8 4 2 10131 0.01321
8 4 2 10129 0.01414
8 4 2 10121 0.01366
8 4 2 10093 0.01279
8 4 2 10064 0.01273
8 4 2 10036 0.01348
8 4 2 10010 0.01294
8 4 2 9991 0.01265
8 4 2 9945 0.0131
8 4 2 9912 0.01329
8 4 2 9872 0.01345
8 4 2 9871 0.01298
8 4 3 125185 0.1848
8 4 3 115635 0.1171
8 4 3 114682 0.1174
8 4 3 113713 0.1178
8 4 3 112354 0.1133
8 4 3 105026 0.1093
8 4 3 103669 0.1089
8 4 3 102654 0.1081
8 4 3 102325 0.1034
8 4 3 100369 0.1048
8 4 3 100237 0.1059
8 4 3 99179 0.1074
8 4 3 95171 0.1019
8 4 3 93749 0.1003
8 4 3 93471 0.09464
8 4 3 93279 0.09422
8 4 3 91127 0.09941
8 4 3 90968 0.09469
8 4 3 90234 0.09664
8 4 3 88723 0.09607
8 4 3 88707 0.09551
8 4 3 88028 0.09406
8 4 3 85435 0.09465
8 4 3 84494 0.09307
8 4 3 83850 0.09106
8 4 3 83167 0.08471
8 4 3 82311 0.09112
8 4 3 82203 0.08988
8 4 3 80441 0.0905
8 4 3 79680 0.08945
8 4 3 78336 0.08872
8 4 3 77978 0.08635
8 4 3 77899 0.08705
8 4 3 75801 0.08631
8 4 3 74510 0.08462
8 4 3 74286 0.08274
8 4 3 68670 0.07925
8 4 3 56102 0.0671
8 4 3 55526 0.06837
8 4 3 54358 0.06786
8 4 3 53576 0.0659
8 4 3 53130 0.06558
8 4 3 52470 0.06391
8 4 3 50942 0.06155
8 4 3 50115 0.06038
8 4 3 49507 0.06099
8 4 3 48797 0.06026
8 4 3 48459 0.05937
8 4 3 45778 0.05743
8 4 3 45353 0.05654
8 4 3 38402 0.04726
8 4 3 38350 0.04585
8 4 3 37696 0.04431
8 4 3 37535 0.04493
8 4 3 37339 0.04603
8 4 3 37171 0.04473
8 4 3 35791 0.04473
8 4 3 35511 0.04406
8 4 3 35352 0.04324
8 4 3 34786 0.04089
8 4 3 34336 0.04384
8 4 3 33835 0.04246
8 4 3 33402 0.0429
8 4 3 26553 0.03167
8 4 3 26108 0.03127
8 4 3 26062 0.03039
8 4 3 25893 0.03035
8 4 3 25830 0.03043
8 4 3 25492 0.03
8 4 3 25296 0.02943
8 4 3 24904 0.02827
8 4 3 24690 0.02866
8 4 3 24417 0.02915
8 4 3 24295 0.02765
8 4 3 23537 0.02822
8 4 3 15484 0.02014
8 4 3 15418 0.01969
8 4 3 15310 0.01942
8 4 3 15255 0.01948
8 4 3 15250 0.01967
8 4 3 15200 0.01963
8 4 3 15145 0.02017
8 4 3 15092 0.02026
8 4 3 15011 0.02005
8 4 3 14918 0.01907
8 4 3 14802 0.01946
8 4 3 14672 0.01852
8 4 3 10257 0.01347
8 4 3 10226 0.01384
8 4 3 10200 0.01376
8 4 3 10174 0.0133
8 4 3 10140 0.01445
8 4 3 10137 0.01383
8 4 3 10037 0.01326
8 4 3 9994 0.01389
8 4 3 9986 0.01325
8 4 3 9963 0.01321
8 4 3 9937 0.01307
8 4 3 9848 0.01364
8 4 3 9811 0.01325
8 4 4 134986 0.2238
8 4 4 121052 0.1331
8 4 4 119175 0.1181
8 4 4 117563 0.116
8 4 4 113249 0.1153
8 4 4 112311 0.1153
8 4 4 110414 0.111
8 4 4 107156 0.1109
8 4 4 105967 0.1083
8 4 4 103513 0.1069
8 4 4 103479 0.1106
8 4 4 100568 0.1056
8 4 4 99484 0.1052
8 4 4 99098 0.1043
8 4 4 97778 0.1005
8 4 4 97159 0.1019
8 4 4 95423 0.09503
8 4 4 93540 0.09981
8 4 4 92606 0.09871
8 4 4 91080 0.09741
8 4 4 89493 0.09478
8 4 4 89436 0.09716
8 4 4 88939 0.09563
8 4 4 88592 0.09757
8 4 4 86673 0.09273
8 4 4 85386 0.09089
8 4 4 84737 0.0896
8 4 4 82037 0.09039
8 4 4 81400 0.08639
8 4 4 80480 0.08835
8 4 4 80380 0.08858
8 4 4 79735 0.08702
8 4 4 78418 0.08684
8 4 4 77507 0.08732
8 4 4 73929 0.08376
8 4 4 73020 0.08127
8 4 4 70656 0.07855
8 4 4 57225 0.06972
8 4 4 56826 0.06782
8 4 4 54887 0.06593
8 4 4 53959 0.06404
8 4 4 53425 0.06736
8 4 4 52185 0.06274
8 4 4 51430 0.05973
8 4 4 50393 0.06117
8 4 4 49528 0.05889
8 4 4 48417 0.05932
8 4 4 47377 0.05812
8 4 4 44586 0.05453
8 4 4 44426 0.05337
8 4 4 39259 0.04793
8 4 4 38726 0.04721
8 4 4 38054 0.04424
8 4 4 37196 0.04538
8 4 4 37161 0.04571
8 4 4 36720 0.04475
8 4 4 36479 0.04363
8 4 4 36239 0.04377
8 4 4 35907 0.04368
8 4 4 35557 0.0452
8 4 4 35232 0.04395
8 4 4 32877 0.0392
8 4 4 32574 0.03751
8 4 4 26710 0.03018
8 4 4 26456 0.03107
8 4 4 26357 0.02909
8 4 4 26210 0.02957
8 4 4 25928 0.0299
8 4 4 25828 0.02785
8 4 4 25519 0.02845
8 4 4 25456 0.02819
8 4 4 24956 0.02834
8 4 4 24682 0.02805
8 4 4 23942 0.02751
8 4 4 23501 0.02782
8 4 4 15734 0.01864
8 4 4 15430 0.01881
8 4 4 15281 0.01895
8 4 4 15274 0.01799
8 4 4 15228 0.0185
8 4 4 15189 0.01817
8 4 4 15156 0.01823
8 4 4 15103 0.01879
8 4 4 15066 0.01852
8 4 4 15023 0.01819
8 4 4 14994 0.01762
8 4 4 14624 0.01797
8 4 4 10301 0.01357
8 4 4 10281 0.0142
8 4 4 10255 0.01304
8 4 4 10177 0.01308
8 4 4 10133 0.01313
8 4 4 10083 0.01273
8 4 4 10069 0.01299
8 4 4 10017 0.01316
8 4 4 9987 0.01291
8 4 4 9906 0.0131
8 4 4 9895 0.01342
8 4 4 9796 0.01296
8 4 4 9740 0.01285
8 4 5 144023 0.2036
8 4 5 128999 0.1894
8 4 5 125745 0.1878
8 4 5 121685 0.1217
8 4 5 119207 0.1217
8 4 5 119071 0.1144
8 4 5 118192 0.1207
8 4 5 114272 0.1177
8 4 5 111129 0.1162
8 4 5 108803 0.1124
8 4 5 107165 0.119
8 4 5 105876 0.1177
8 4 5 103399 0.1087
8 4 5 102870 0.1082
8 4 5 99648 0.1059
8 4 5 99144 0.104
8 4 5 98390 0.1035
8 4 5 97743 0.1022
8 4 5 96160 0.1018
8 4 5 95335 0.101
8 4 5 93912 0.1013
8 4 5 93329 0.103
8 4 5 90465 0.1006
8 4 5 89673 0.0998
8 4 5 89441 0.1002
8 4 5 88214 0.09388
8 4 5 85517 0.09233
8 4 5 85325 0.09511
8 4 5 84611 0.09298
8 4 5 80654 0.09471
8 4 5 78765 0.1056
8 4 5 77990 0.1007
8 4 5 76899 0.103
8 4 5 75981 0.1019
8 4 5 75414 0.09625
8 4 5 72531 0.09796
8 4 5 70905 0.09488
8 4 5 60369 0.08105
8 4 5 58912 0.08083
8 4 5 56838 0.07692
8 4 5 56277 0.07737
8 4 5 55614 0.0768
8 4 5 55101 0.07354
8 4 5 53214 0.07284
8 4 5 51084 0.06765
8 4 5 50551 0.06739
8 4 5 47650 0.06527
8 4 5 47411 0.06273
8 4 5 46300 0.05684
8 4 5 41957 0.0531
8 4 5 41304 0.0519
8 4 5 40552 0.04966
8 4 5 39781 0.04886
8 4 5 38169 0.0466
8 4 5 37646 0.04535
8 4 5 37424 0.04593
8 4 5 37370 0.04572
8 4 5 36325 0.04459
8 4 5 36165 0.04558
8 4 5 34862 0.04362
8 4 5 34731 0.04418
8 4 5 34055 0.04113
8 4 5 27616 0.03189
8 4 5 27163 0.03226
8 4 5 26973 0.03139
8 4 5 26699 0.03181
8 4 5 26368 0.03077
8 4 5 26056 0.02965
8 4 5 25941 0.03064
8 4 5 25747 0.02947
8 4 5 25651 0.03003
8 4 5 25475 0.02959
8 4 5 24546 0.02908
8 4 5 24218 0.02809
8 4 5 24077 0.02838
8 4 5 16032 0.01932
8 4 5 15558 0.01935
8 4 5 15494 0.01883
8 4 5 15435 0.01876
8 4 5 15367 0.01934
8 4 5 15281 0.01882
8 4 5 15201 0.01891
8 4 5 15136 0.01896
8 4 5 15054 0.01779
8 4 5 15013 0.01833
8 4 5 14928 0.01875
8 4 5 14801 0.01917
8 4 5 14149 0.01811
8 4 5 10376 0.0139
8 4 5 10334 0.01426
8 4 5 10262 0.01387
8 4 5 10220 0.01337
8 4 5 10152 0.01364
8 4 5 10122 0.01354
8 4 5 10031 0.01322
8 4 5 9976 0.01393
8 4 5 9900 0.01364
8 4 5 9871 0.01347
8 4 5 9750 0.01381
8 4 5 9661 0.01286
