8 0 1 100000 0.1423
8 0 1 100000 0.1384
8 0 1 100000 0.1338
8 0 1 100000 0.133
8 0 1 100000 0.1349
8 0 1 100000 0.1364
8 0 1 100000 0.1356
8 0 1 100000 0.1076
8 0 1 100000 0.1049
8 0 1 100000 0.105
8 0 1 100000 0.1059
8 0 1 100000 0.1036
8 0 1 100000 0.1056
8 0 1 85000 0.09212
8 0 1 85000 0.09282
8 0 1 85000 0.09379
8 0 1 85000 0.09161
8 0 1 85000 0.09288
8 0 1 85000 0.09275
8 0 1 85000 0.09181
8 0 1 85000 0.09236
8 0 1 85000 0.09381
8 0 1 85000 0.09444
8 0 1 85000 0.0933
8 0 1 85000 0.09111
8 0 1 75000 0.0839
8 0 1 75000 0.08225
8 0 1 75000 0.08189
8 0 1 75000 0.08186
8 0 1 75000 0.08325
8 0 1 75000 0.08228
8 0 1 75000 0.08416
8 0 1 75000 0.08018
8 0 1 75000 0.08331
8 0 1 75000 0.08111
8 0 1 75000 0.08324
8 0 1 75000 0.08315
8 0 1 50000 0.05869
8 0 1 50000 0.06127
8 0 1 50000 0.05914
8 0 1 50000 0.0621
8 0 1 50000 0.05872
8 0 1 50000 0.05953
8 0 1 50000 0.06303
8 0 1 50000 0.06055
8 0 1 50000 0.05993
8 0 1 50000 0.06324
8 0 1 50000 0.05823
8 0 1 50000 0.06076
8 0 1 50000 0.0624
8 0 1 35000 0.04116
8 0 1 35000 0.04183
8 0 1 35000 0.04295
8 0 1 35000 0.04298
8 0 1 35000 0.04335
8 0 1 35000 0.0415
8 0 1 35000 0.04299
8 0 1 35000 0.04269
8 0 1 35000 0.04401
8 0 1 35000 0.04167
8 0 1 35000 0.04394
8 0 1 35000 0.04329
8 0 1 35000 0.04358
8 0 1 25000 0.02593
8 0 1 25000 0.02941
8 0 1 25000 0.02816
8 0 1 25000 0.02852
8 0 1 25000 0.02797
8 0 1 25000 0.02839
8 0 1 25000 0.02858
8 0 1 25000 0.02726
8 0 1 25000 0.02873
8 0 1 25000 0.02805
8 0 1 25000 0.02841
8 0 1 25000 0.02805
8 0 1 15000 0.01803
8 0 1 15000 0.01785
8 0 1 15000 0.01824
8 0 1 15000 0.01813
8 0 1 15000 0.01791
8 0 1 15000 0.01736
8 0 1 15000 0.01747
8 0 1 15000 0.01775
8 0 1 15000 0.01803
8 0 1 15000 0.01785
8 0 1 15000 0.01829
8 0 1 15000 0.0181
8 0 1 15000 0.01777
8 0 1 10000 0.0129
8 0 1 10000 0.01266
8 0 1 10000 0.01283
8 0 1 10000 0.01261
8 0 1 10000 0.01264
8 0 1 10000 0.01301
8 0 1 10000 0.01242
8 0 1 10000 0.01252
8 0 1 10000 0.01261
8 0 1 10000 0.01283
8 0 1 10000 0.01309
8 0 1 10000 0.01242
8 0 2 113482 0.1194
8 0 2 113252 0.1148
8 0 2 113142 0.1162
8 0 2 113106 0.1156
8 0 2 113071 0.1163
8 0 2 113046 0.1138
8 0 2 113023 0.1109
8 0 2 112915 0.1161
8 0 2 112896 0.1163
8 0 2 112861 0.1154
8 0 2 112752 0.119
8 0 2 112662 0.1155
8 0 2 94670 0.1013
8 0 2 94667 0.101
8 0 2 94568 0.1016
8 0 2 94514 0.1022
8 0 2 94462 0.1018
8 0 2 94408 0.1002
8 0 2 94351 0.09895
8 0 2 94344 0.1004
8 0 2 94283 0.1009
8 0 2 94161 0.09984
8 0 2 94089 0.1008
8 0 2 93896 0.09906
8 0 2 93601 0.1005
8 0 2 82631 0.08939
8 0 2 82474 0.09043
8 0 2 82461 0.08934
8 0 2 82446 0.09133
8 0 2 82423 0.09173
8 0 2 82419 0.08923
8 0 2 82387 0.09167
8 0 2 82290 0.09127
8 0 2 82239 0.08553
8 0 2 82222 0.09198
8 0 2 82095 0.08778
8 0 2 81984 0.08944
8 0 2 80780 0.09116
8 0 2 53347 0.06605
8 0 2 53332 0.0804
8 0 2 53312 0.06702
8 0 2 53293 0.06344
8 0 2 53292 0.06286
8 0 2 53244 0.06387
8 0 2 53209 0.06406
8 0 2 53192 0.0653
8 0 2 53163 0.06441
8 0 2 52840 0.06601
8 0 2 52223 0.06185
8 0 2 50960 0.07443
8 0 2 36662 0.05025
8 0 2 36647 0.05236
8 0 2 36646 0.04938
8 0 2 36620 0.05228
8 0 2 36617 0.05104
8 0 2 36613 0.05284
8 0 2 36603 0.05319
8 0 2 36602 0.05202
8 0 2 36585 0.05257
8 0 2 36580 0.05079
8 0 2 36572 0.05222
8 0 2 36548 0.05136
8 0 2 25845 0.03286
8 0 2 25840 0.03232
8 0 2 25836 0.03103
8 0 2 25833 0.03187
8 0 2 25827 0.03142
8 0 2 25825 0.03102
8 0 2 25820 0.03205
8 0 2 25816 0.03144
8 0 2 25808 0.03173
8 0 2 25805 0.03141
8 0 2 25797 0.02869
8 0 2 25789 0.02919
8 0 2 25753 0.0293
8 0 2 15303 0.01849
8 0 2 15302 0.01845
8 0 2 15301 0.01816
8 0 2 15300 0.0174
8 0 2 15299 0.01783
8 0 2 15298 0.01827
8 0 2 15298 0.01831
8 0 2 15298 0.01907
8 0 2 15295 0.01836
8 0 2 15291 0.01904
8 0 2 15288 0.01789
8 0 2 15281 0.01812
8 0 2 10134 0.01337
8 0 2 10134 0.0133
8 0 2 10133 0.01345
8 0 2 10133 0.01288
8 0 2 10132 0.01302
8 0 2 10132 0.01326
8 0 2 10131 0.01257
8 0 2 10130 0.01311
8 0 2 10128 0.0128
8 0 2 10128 0.01261
8 0 2 10127 0.01285
8 0 2 10103 0.01314
8 0 2 10008 0.01296
8 0 3 128197 0.1843
8 0 3 128008 0.1784
8 0 3 127800 0.1822
8 0 3 127758 0.1785
8 0 3 127633 0.1719
8 0 3 127474 0.1737
8 0 3 127433 0.1746
8 0 3 127290 0.1783
8 0 3 127175 0.1759
8 0 3 127162 0.1825
8 0 3 127127 0.1818
8 0 3 126606 0.1767
8 0 3 123926 0.1792
8 0 3 105125 0.1053
8 0 3 105020 0.1076
8 0 3 104984 0.1048
8 0 3 104868 0.1057
8 0 3 104647 0.1089
8 0 3 104582 0.1078
8 0 3 104469 0.1058
8 0 3 104325 0.1076
8 0 3 104148 0.1052
8 0 3 104085 0.1073
8 0 3 103991 0.1056
8 0 3 96075 0.09936
8 0 3 90729 0.09463
8 0 3 90603 0.09549
8 0 3 90494 0.09387
8 0 3 90387 0.09464
8 0 3 90348 0.09714
8 0 3 90320 0.09585
8 0 3 90265 0.09476
8 0 3 90200 0.09626
8 0 3 90158 0.09503
8 0 3 90031 0.09291
8 0 3 89892 0.09396
8 0 3 88453 0.093
8 0 3 56881 0.06652
8 0 3 56844 0.06848
8 0 3 56800 0.06596
8 0 3 56743 0.06528
8 0 3 56732 0.06533
8 0 3 56728 0.0658
8 0 3 56682 0.06639
8 0 3 56655 0.06441
8 0 3 56628 0.0669
8 0 3 56546 0.06476
8 0 3 56379 0.06604
8 0 3 55775 0.06314
8 0 3 55414 0.06616
8 0 3 38374 0.04391
8 0 3 38341 0.0451
8 0 3 38326 0.04508
8 0 3 38319 0.04458
8 0 3 38308 0.04555
8 0 3 38290 0.04496
8 0 3 38271 0.0429
8 0 3 38265 0.04493
8 0 3 38251 0.04491
8 0 3 38229 0.0449
8 0 3 38190 0.04535
8 0 3 38107 0.04358
8 0 3 38078 0.04404
8 0 3 26700 0.02954
8 0 3 26695 0.02956
8 0 3 26685 0.02835
8 0 3 26678 0.02955
8 0 3 26668 0.02901
8 0 3 26662 0.02932
8 0 3 26656 0.03074
8 0 3 26645 0.02914
8 0 3 26635 0.02906
8 0 3 26621 0.0281
8 0 3 26593 0.02959
8 0 3 26561 0.02816
8 0 3 15613 0.01834
8 0 3 15607 0.01827
8 0 3 15607 0.01828
8 0 3 15605 0.01799
8 0 3 15603 0.01784
8 0 3 15598 0.01816
8 0 3 15595 0.01758
8 0 3 15592 0.01887
8 0 3 15588 0.0184
8 0 3 15586 0.0179
8 0 3 15580 0.01838
8 0 3 15575 0.01814
8 0 3 15524 0.01837
8 0 3 10267 0.01343
8 0 3 10266 0.0132
8 0 3 10265 0.01305
8 0 3 10263 0.01323
8 0 3 10263 0.01325
8 0 3 10263 0.01333
8 0 3 10262 0.01337
8 0 3 10260 0.01306
8 0 3 10258 0.01307
8 0 3 10256 0.01295
8 0 3 10251 0.01308
8 0 3 10213 0.01232
8 0 4 144830 0.1961
8 0 4 144565 0.1908
8 0 4 143982 0.1896
8 0 4 143855 0.1968
8 0 4 143431 0.1911
8 0 4 143148 0.1882
8 0 4 142979 0.1907
8 0 4 142862 0.1942
8 0 4 140572 0.193
8 0 4 139503 0.1754
8 0 4 138702 0.187
8 0 4 134347 0.1822
8 0 4 134288 0.1891
8 0 4 116471 0.1215
8 0 4 116365 0.1152
8 0 4 115913 0.1146
8 0 4 115858 0.1182
8 0 4 115776 0.1168
8 0 4 115477 0.1183
8 0 4 114291 0.1133
8 0 4 114233 0.1161
8 0 4 113779 0.1162
8 0 4 113418 0.1133
8 0 4 112636 0.1125
8 0 4 106822 0.1098
8 0 4 99462 0.1026
8 0 4 99220 0.1034
8 0 4 99087 0.1013
8 0 4 98877 0.1028
8 0 4 98790 0.103
8 0 4 98608 0.1049
8 0 4 98497 0.1039
8 0 4 98102 0.1016
8 0 4 97926 0.1038
8 0 4 97845 0.1025
8 0 4 96726 0.0976
8 0 4 93638 0.09699
8 0 4 60581 0.06768
8 0 4 60554 0.06999
8 0 4 60531 0.07059
8 0 4 60493 0.07127
8 0 4 60338 0.07034
8 0 4 60220 0.07
8 0 4 60167 0.07015
8 0 4 60059 0.07015
8 0 4 59968 0.07024
8 0 4 59204 0.07055
8 0 4 58619 0.07
8 0 4 58287 0.06739
8 0 4 57169 0.06626
8 0 4 40166 0.04745
8 0 4 40101 0.04617
8 0 4 40054 0.04944
8 0 4 40016 0.04626
8 0 4 40003 0.04538
8 0 4 39992 0.04616
8 0 4 39883 0.04687
8 0 4 39867 0.04617
8 0 4 39772 0.04611
8 0 4 39318 0.04674
8 0 4 38858 0.04714
8 0 4 38801 0.04683
8 0 4 38028 0.04492
8 0 4 27588 0.03064
8 0 4 27566 0.03009
8 0 4 27555 0.03085
8 0 4 27534 0.03114
8 0 4 27508 0.03113
8 0 4 27501 0.02989
8 0 4 27492 0.02955
8 0 4 27474 0.03019
8 0 4 27427 0.03117
8 0 4 27396 0.03179
8 0 4 26959 0.03002
8 0 4 26930 0.03028
8 0 4 15919 0.01914
8 0 4 15916 0.01961
8 0 4 15910 0.01932
8 0 4 15904 0.01921
8 0 4 15902 0.01868
8 0 4 15899 0.01898
8 0 4 15891 0.01932
8 0 4 15881 0.01868
8 0 4 15878 0.01881
8 0 4 15864 0.0184
8 0 4 15835 0.01796
8 0 4 15688 0.0183
8 0 4 15558 0.01894
8 0 4 10404 0.01367
8 0 4 10398 0.01299
8 0 4 10398 0.01293
8 0 4 10397 0.01333
8 0 4 10396 0.01341
8 0 4 10395 0.01325
8 0 4 10388 0.0136
8 0 4 10387 0.013
8 0 4 10340 0.01382
8 0 4 10310 0.01336
8 0 4 10302 0.01289
8 0 4 10265 0.01316
8 0 5 163494 0.2066
8 0 5 162687 0.1952
8 0 5 162592 0.2029
8 0 5 162278 0.2075
8 0 5 161533 0.2013
8 0 5 161431 0.2051
8 0 5 161371 0.2038
8 0 5 160854 0.2074
8 0 5 158356 0.2087
8 0 5 157251 0.2034
8 0 5 156387 0.1965
8 0 5 152987 0.1998
8 0 5 129644 0.1845
8 0 5 129273 0.1829
8 0 5 128803 0.1864
8 0 5 128636 0.1842
8 0 5 128538 0.1864
8 0 5 128148 0.1861
8 0 5 128079 0.1808
8 0 5 127749 0.1813
8 0 5 126842 0.1803
8 0 5 126313 0.1828
8 0 5 125868 0.1858
8 0 5 125806 0.1873
8 0 5 122774 0.1249
8 0 5 108971 0.1119
8 0 5 108812 0.112
8 0 5 108582 0.1101
8 0 5 108448 0.114
8 0 5 108360 0.1124
8 0 5 108115 0.1129
8 0 5 108082 0.1114
8 0 5 107997 0.1121
8 0 5 107391 0.1047
8 0 5 107249 0.1121
8 0 5 106461 0.1109
8 0 5 104430 0.1065
8 0 5 102494 0.1082
8 0 5 64433 0.07401
8 0 5 64372 0.07474
8 0 5 64254 0.07424
8 0 5 64212 0.07387
8 0 5 64125 0.07288
8 0 5 63969 0.07058
8 0 5 63930 0.07266
8 0 5 63897 0.07351
8 0 5 62794 0.07245
8 0 5 62364 0.07193
8 0 5 61417 0.07067
8 0 5 59374 0.07114
8 0 5 41937 0.05124
8 0 5 41900 0.05015
8 0 5 41875 0.05118
8 0 5 41830 0.05196
8 0 5 41804 0.05099
8 0 5 41746 0.05083
8 0 5 41649 0.04983
8 0 5 41621 0.05066
8 0 5 41499 0.05066
8 0 5 40898 0.04803
8 0 5 40601 0.04877
8 0 5 40334 0.04368
8 0 5 28495 0.03191
8 0 5 28471 0.03194
8 0 5 28449 0.03294
8 0 5 28441 0.03256
8 0 5 28426 0.03282
8 0 5 28398 0.03138
8 0 5 28391 0.03154
8 0 5 28351 0.0322
8 0 5 28331 0.03148
8 0 5 28305 0.03146
8 0 5 27842 0.03165
8 0 5 27828 0.03248
8 0 5 27794 0.0325
8 0 5 16230 0.01915
8 0 5 16220 0.01924
8 0 5 16217 0.01932
8 0 5 16213 0.0193
8 0 5 16208 0.01932
8 0 5 16202 0.02016
8 0 5 16192 0.01966
8 0 5 16179 0.01969
8 0 5 16168 0.01926
8 0 5 16162 0.01847
8 0 5 16005 0.01941
8 0 5 15973 0.01942
8 0 5 10541 0.01362
8 0 5 10538 0.01404
8 0 5 10535 0.01384
8 0 5 10534 0.01364
8 0 5 10531 0.01347
8 0 5 10530 0.01351
8 0 5 10528 0.01393
8 0 5 10524 0.0141
8 0 5 10522 0.01361
8 0 5 10449 0.01398
8 0 5 10438 0.0139
8 0 5 10433 0.01365
8 0 5 10307 0.014
