8 1 1 100000 0.1354
8 1 1 100000 0.1373
8 1 1 100000 0.13
8 1 1 100000 0.1305
8 1 1 100000 0.1348
8 1 1 100000 0.1264
8 1 1 100000 0.1264
8 1 1 100000 0.1273
8 1 1 100000 0.1269
8 1 1 100000 0.139
8 1 1 100000 0.1631
8 1 1 100000 0.162
8 1 1 85000 0.1099
8 1 1 85000 0.08923
8 1 1 85000 0.1109
8 1 1 85000 0.09761
8 1 1 85000 0.0896
8 1 1 85000 0.1157
8 1 1 85000 0.1152
8 1 1 85000 0.1136
8 1 1 85000 0.1154
8 1 1 85000 0.1145
8 1 1 85000 0.1154
8 1 1 85000 0.1156
8 1 1 85000 0.1162
8 1 1 75000 0.08102
8 1 1 75000 0.08023
8 1 1 75000 0.08238
8 1 1 75000 0.08226
8 1 1 75000 0.1058
8 1 1 75000 0.1078
8 1 1 75000 0.1073
8 1 1 75000 0.1077
8 1 1 75000 0.1073
8 1 1 75000 0.1053
8 1 1 75000 0.1064
8 1 1 75000 0.1057
8 1 1 75000 0.1078
8 1 1 50000 0.05733
8 1 1 50000 0.05979
8 1 1 50000 0.06118
8 1 1 50000 0.08403
8 1 1 50000 0.08432
8 1 1 50000 0.08328
8 1 1 50000 0.08363
8 1 1 50000 0.08357
8 1 1 50000 0.08513
8 1 1 50000 0.08401
8 1 1 50000 0.08285
8 1 1 50000 0.08481
8 1 1 35000 0.04131
8 1 1 35000 0.04356
8 1 1 35000 0.04256
8 1 1 35000 0.0432
8 1 1 35000 0.06257
8 1 1 35000 0.06233
8 1 1 35000 0.06328
8 1 1 35000 0.06235
8 1 1 35000 0.06219
8 1 1 35000 0.06294
8 1 1 35000 0.06225
8 1 1 35000 0.06139
8 1 1 25000 0.02859
8 1 1 25000 0.02778
8 1 1 25000 0.02834
8 1 1 25000 0.02794
8 1 1 25000 0.04522
8 1 1 25000 0.04565
8 1 1 25000 0.04607
8 1 1 25000 0.04594
8 1 1 25000 0.04685
8 1 1 25000 0.04564
8 1 1 25000 0.04598
8 1 1 25000 0.04637
8 1 1 25000 0.04612
8 1 1 15000 0.01771
8 1 1 15000 0.01832
8 1 1 15000 0.01806
8 1 1 15000 0.01769
8 1 1 15000 0.02835
8 1 1 15000 0.02845
8 1 1 15000 0.02835
8 1 1 15000 0.0283
8 1 1 15000 0.02831
8 1 1 15000 0.02807
8 1 1 15000 0.02812
8 1 1 15000 0.02813
8 1 1 10000 0.0127
8 1 1 10000 0.01262
8 1 1 10000 0.01281
8 1 1 10000 0.01305
8 1 1 10000 0.01239
8 1 1 10000 0.01963
8 1 1 10000 0.01913
8 1 1 10000 0.01948
8 1 1 10000 0.01954
8 1 1 10000 0.01915
8 1 1 10000 0.01943
8 1 1 10000 0.01934
8 1 1 10000 0.01928
8 1 2 113437 0.1163
8 1 2 113340 0.114
8 1 2 113044 0.1134
8 1 2 112895 0.1074
8 1 2 112662 0.1127
8 1 2 111876 0.1413
8 1 2 104771 0.1343
8 1 2 104755 0.1425
8 1 2 103631 0.1449
8 1 2 100143 0.1413
8 1 2 98616 0.1434
8 1 2 97701 0.1458
8 1 2 94494 0.1448
8 1 2 94394 0.1233
8 1 2 94233 0.1236
8 1 2 94010 0.1344
8 1 2 93368 0.1267
8 1 2 91127 0.1236
8 1 2 91127 0.1246
8 1 2 86990 0.1212
8 1 2 86768 0.122
8 1 2 84260 0.1182
8 1 2 82575 0.1162
8 1 2 82482 0.1161
8 1 2 82441 0.08978
8 1 2 82362 0.08928
8 1 2 82238 0.08855
8 1 2 82053 0.08933
8 1 2 81118 0.1169
8 1 2 79522 0.1134
8 1 2 79350 0.1126
8 1 2 78406 0.1131
8 1 2 76508 0.1117
8 1 2 75967 0.1074
8 1 2 75898 0.1162
8 1 2 73657 0.1094
8 1 2 73657 0.1095
8 1 2 53383 0.09138
8 1 2 53378 0.0921
8 1 2 53346 0.06565
8 1 2 53292 0.06349
8 1 2 53231 0.06546
8 1 2 53150 0.09028
8 1 2 52712 0.08828
8 1 2 52355 0.08952
8 1 2 51999 0.08703
8 1 2 51258 0.087
8 1 2 50960 0.06351
8 1 2 49783 0.08733
8 1 2 48618 0.08464
8 1 2 36662 0.04564
8 1 2 36662 0.06424
8 1 2 36656 0.06395
8 1 2 36617 0.04437
8 1 2 36602 0.04519
8 1 2 36580 0.04385
8 1 2 36423 0.04495
8 1 2 36050 0.06441
8 1 2 35789 0.06419
8 1 2 35021 0.06279
8 1 2 34825 0.06244
8 1 2 33790 0.05991
8 1 2 33687 0.05919
8 1 2 25836 0.0287
8 1 2 25826 0.02993
8 1 2 25817 0.02875
8 1 2 25809 0.04577
8 1 2 25791 0.02882
8 1 2 25709 0.04734
8 1 2 25402 0.04707
8 1 2 24965 0.04629
8 1 2 24953 0.04653
8 1 2 24910 0.04597
8 1 2 24579 0.04544
8 1 2 24367 0.0436
8 1 2 15303 0.01725
8 1 2 15301 0.01795
8 1 2 15299 0.01757
8 1 2 15298 0.01875
8 1 2 15291 0.0186
8 1 2 15287 0.02921
8 1 2 15277 0.02888
8 1 2 15211 0.02796
8 1 2 15043 0.02869
8 1 2 15000 0.02893
8 1 2 14986 0.0285
8 1 2 14910 0.02817
8 1 2 14788 0.02832
8 1 2 10133 0.01266
8 1 2 10133 0.01971
8 1 2 10132 0.01995
8 1 2 10130 0.01246
8 1 2 10128 0.01312
8 1 2 10123 0.01955
8 1 2 10111 0.0197
8 1 2 10080 0.02009
8 1 2 10032 0.01903
8 1 2 10008 0.0129
8 1 2 9990 0.01969
8 1 2 9872 0.01964
8 1 3 128091 0.1754
8 1 3 128058 0.1761
8 1 3 127701 0.1819
8 1 3 127130 0.1757
8 1 3 126780 0.1796
8 1 3 111441 0.1402
8 1 3 110351 0.1367
8 1 3 105814 0.1348
8 1 3 105020 0.1048
8 1 3 104648 0.1081
8 1 3 104554 0.1391
8 1 3 104316 0.1097
8 1 3 103585 0.1386
8 1 3 102733 0.1381
8 1 3 100829 0.1357
8 1 3 99166 0.1329
8 1 3 96184 0.1301
8 1 3 94939 0.1293
8 1 3 93469 0.1279
8 1 3 91998 0.1267
8 1 3 90729 0.09556
8 1 3 90387 0.09545
8 1 3 90265 0.09664
8 1 3 90031 0.0942
8 1 3 88644 0.1228
8 1 3 88258 0.1216
8 1 3 87354 0.09411
8 1 3 84408 0.1192
8 1 3 84024 0.1179
8 1 3 80955 0.1159
8 1 3 80955 0.1158
8 1 3 80245 0.1148
8 1 3 78549 0.1126
8 1 3 78233 0.1136
8 1 3 75197 0.1114
8 1 3 74001 0.1097
8 1 3 71155 0.1075
8 1 3 69453 0.1062
8 1 3 56780 0.06705
8 1 3 56710 0.06696
8 1 3 56546 0.06601
8 1 3 56226 0.06696
8 1 3 55414 0.06717
8 1 3 54593 0.09083
8 1 3 53137 0.09077
8 1 3 51995 0.0898
8 1 3 51149 0.08636
8 1 3 50389 0.08776
8 1 3 50145 0.08547
8 1 3 45846 0.07867
8 1 3 38361 0.04554
8 1 3 38310 0.04567
8 1 3 38268 0.04518
8 1 3 38217 0.04454
8 1 3 37212 0.06488
8 1 3 36633 0.06472
8 1 3 36199 0.06444
8 1 3 35835 0.06575
8 1 3 35600 0.06339
8 1 3 35068 0.0636
8 1 3 34167 0.06049
8 1 3 32959 0.05777
8 1 3 26700 0.02938
8 1 3 26691 0.03024
8 1 3 26669 0.02913
8 1 3 26655 0.02987
8 1 3 26617 0.02876
8 1 3 26558 0.02806
8 1 3 26056 0.04688
8 1 3 25785 0.04727
8 1 3 25540 0.04676
8 1 3 25346 0.0462
8 1 3 25044 0.04597
8 1 3 24482 0.04465
8 1 3 23598 0.04299
8 1 3 15613 0.01816
8 1 3 15605 0.01793
8 1 3 15595 0.01737
8 1 3 15586 0.0179
8 1 3 15572 0.03015
8 1 3 15524 0.01815
8 1 3 15447 0.02967
8 1 3 15328 0.02953
8 1 3 15244 0.02912
8 1 3 15189 0.02872
8 1 3 15009 0.02862
8 1 3 14927 0.0283
8 1 3 14829 0.02872
8 1 3 10263 0.01296
8 1 3 10262 0.0134
8 1 3 10258 0.01304
8 1 3 10251 0.02064
8 1 3 10211 0.02029
8 1 3 10166 0.02018
8 1 3 10139 0.0125
8 1 3 10125 0.02003
8 1 3 10075 0.01997
8 1 3 10055 0.0197
8 1 3 10011 0.01975
8 1 3 9847 0.01946
8 1 4 143941 0.1911
8 1 4 143855 0.1951
8 1 4 142965 0.1875
8 1 4 134539 0.2679
8 1 4 134539 0.2672
8 1 4 120524 0.1496
8 1 4 119513 0.1487
8 1 4 116068 0.1152
8 1 4 115858 0.1146
8 1 4 114248 0.1145
8 1 4 114150 0.1416
8 1 4 109683 0.1382
8 1 4 109683 0.1387
8 1 4 104632 0.135
8 1 4 104044 0.1353
8 1 4 103535 0.1388
8 1 4 101206 0.1306
8 1 4 99564 0.1017
8 1 4 99220 0.1022
8 1 4 98790 0.1022
8 1 4 98102 0.1002
8 1 4 97845 0.1013
8 1 4 96317 0.1256
8 1 4 95377 0.09773
8 1 4 94058 0.1232
8 1 4 91587 0.1217
8 1 4 88487 0.118
8 1 4 87834 0.1172
8 1 4 86519 0.1171
8 1 4 84395 0.1161
8 1 4 83154 0.1138
8 1 4 82482 0.1123
8 1 4 80030 0.11
8 1 4 74606 0.106
8 1 4 71947 0.1052
8 1 4 71947 0.105
8 1 4 69151 0.1005
8 1 4 66430 0.1008
8 1 4 60365 0.06888
8 1 4 60099 0.06718
8 1 4 59957 0.06905
8 1 4 58287 0.06709
8 1 4 56960 0.09308
8 1 4 55993 0.08936
8 1 4 55022 0.08911
8 1 4 54269 0.08819
8 1 4 53310 0.08814
8 1 4 51313 0.08505
8 1 4 49020 0.0814
8 1 4 43892 0.07658
8 1 4 40071 0.04653
8 1 4 40003 0.04526
8 1 4 39867 0.04593
8 1 4 39080 0.04515
8 1 4 38843 0.04462
8 1 4 37558 0.06375
8 1 4 37082 0.06532
8 1 4 36862 0.06379
8 1 4 35816 0.06298
8 1 4 35583 0.06236
8 1 4 34975 0.06067
8 1 4 34324 0.06057
8 1 4 27569 0.02944
8 1 4 27555 0.03094
8 1 4 27501 0.02932
8 1 4 27474 0.02966
8 1 4 27267 0.04931
8 1 4 26959 0.0297
8 1 4 26505 0.04749
8 1 4 26337 0.04715
8 1 4 25880 0.04704
8 1 4 25385 0.0472
8 1 4 24804 0.04604
8 1 4 24723 0.04506
8 1 4 24348 0.04468
8 1 4 15917 0.01881
8 1 4 15903 0.01909
8 1 4 15886 0.01797
8 1 4 15861 0.01923
8 1 4 15744 0.03049
8 1 4 15584 0.02995
8 1 4 15531 0.02994
8 1 4 15421 0.03027
8 1 4 15218 0.02878
8 1 4 14952 0.02838
8 1 4 14936 0.02903
8 1 4 14870 0.02848
8 1 4 14592 0.02852
8 1 4 10397 0.01342
8 1 4 10388 0.01349
8 1 4 10371 0.02109
8 1 4 10310 0.01346
8 1 4 10265 0.01326
8 1 4 10238 0.02026
8 1 4 10193 0.01978
8 1 4 10182 0.02024
8 1 4 10111 0.01966
8 1 4 10063 0.01975
8 1 4 9998 0.01931
8 1 4 9766 0.01943
8 1 5 162592 0.2021
8 1 5 162326 0.2018
8 1 5 158611 0.1983
8 1 5 157251 0.1998
8 1 5 134777 0.275
8 1 5 129273 0.1822
8 1 5 128636 0.1819
8 1 5 128079 0.1796
8 1 5 126842 0.178
8 1 5 125434 0.268
8 1 5 123182 0.2681
8 1 5 121489 0.1511
8 1 5 114649 0.1429
8 1 5 109600 0.1405
8 1 5 108992 0.1393
8 1 5 108582 0.1085
8 1 5 108360 0.1108
8 1 5 107997 0.1097
8 1 5 106461 0.1099
8 1 5 103538 0.134
8 1 5 102945 0.1061
8 1 5 102474 0.134
8 1 5 100036 0.1297
8 1 5 98291 0.1276
8 1 5 97950 0.1288
8 1 5 92536 0.1237
8 1 5 92536 0.1237
8 1 5 87111 0.1191
8 1 5 86304 0.118
8 1 5 85227 0.1168
8 1 5 82523 0.1141
8 1 5 80073 0.1119
8 1 5 79347 0.1118
8 1 5 77503 0.1053
8 1 5 77495 0.1094
8 1 5 67825 0.1025
8 1 5 65119 0.09717
8 1 5 64372 0.07478
8 1 5 64125 0.07182
8 1 5 63897 0.07273
8 1 5 61890 0.09889
8 1 5 60865 0.07064
8 1 5 59188 0.0959
8 1 5 56240 0.09272
8 1 5 55328 0.09139
8 1 5 55136 0.09019
8 1 5 51917 0.08835
8 1 5 51794 0.08763
8 1 5 49674 0.08388
8 1 5 43730 0.07473
8 1 5 41979 0.05151
8 1 5 41851 0.04879
8 1 5 41682 0.05112
8 1 5 41161 0.05074
8 1 5 39215 0.06714
8 1 5 39215 0.06716
8 1 5 37944 0.06575
8 1 5 37621 0.06622
8 1 5 37039 0.06535
8 1 5 36486 0.06421
8 1 5 34836 0.06379
8 1 5 34836 0.0639
8 1 5 31404 0.05645
8 1 5 28441 0.03197
8 1 5 28398 0.0311
8 1 5 28331 0.0311
8 1 5 27828 0.03197
8 1 5 27286 0.05063
8 1 5 26490 0.04856
8 1 5 26082 0.04824
8 1 5 25843 0.04781
8 1 5 25548 0.0486
8 1 5 24981 0.04777
8 1 5 24700 0.04686
8 1 5 23890 0.04524
8 1 5 16217 0.01921
8 1 5 16202 0.02009
8 1 5 16168 0.01916
8 1 5 16005 0.01931
8 1 5 15718 0.03147
8 1 5 15525 0.03138
8 1 5 15475 0.03082
8 1 5 15266 0.02959
8 1 5 15027 0.02971
8 1 5 14728 0.02897
8 1 5 14720 0.02882
8 1 5 14678 0.02907
8 1 5 14530 0.02945
8 1 5 10531 0.01319
8 1 5 10524 0.014
8 1 5 10449 0.01415
8 1 5 10367 0.0225
8 1 5 10326 0.02172
8 1 5 10260 0.02195
8 1 5 10199 0.02044
8 1 5 10171 0.02062
8 1 5 10107 0.02074
8 1 5 9988 0.02008
8 1 5 9909 0.02019
8 1 5 9737 0.02019
