8 2 1 100000 0.1746
8 2 1 100000 0.1588
8 2 1 100000 0.1436
8 2 1 100000 0.1305
8 2 1 100000 0.1309
8 2 1 100000 0.129
8 2 1 100000 0.1307
8 2 1 100000 0.1305
8 2 1 100000 0.07299
8 2 1 100000 0.07425
8 2 1 100000 0.07355
8 2 1 100000 0.07343
8 2 1 85000 0.1157
8 2 1 85000 0.1155
8 2 1 85000 0.1161
8 2 1 85000 0.116
8 2 1 85000 0.116
8 2 1 85000 0.1167
8 2 1 85000 0.1389
8 2 1 85000 0.1404
8 2 1 85000 0.1387
8 2 1 85000 0.0931
8 2 1 85000 0.09247
8 2 1 85000 0.09352
8 2 1 85000 0.09403
8 2 1 75000 0.1288
8 2 1 75000 0.1252
8 2 1 75000 0.1268
8 2 1 75000 0.1283
8 2 1 75000 0.1305
8 2 1 75000 0.1284
8 2 1 75000 0.1279
8 2 1 75000 0.111
8 2 1 75000 0.1108
8 2 1 75000 0.05716
8 2 1 75000 0.05692
8 2 1 75000 0.05631
8 2 1 75000 0.05666
8 2 1 50000 0.08661
8 2 1 50000 0.08917
8 2 1 50000 0.08716
8 2 1 50000 0.08855
8 2 1 50000 0.08841
8 2 1 50000 0.09034
8 2 1 50000 0.08767
8 2 1 50000 0.08812
8 2 1 50000 0.03555
8 2 1 50000 0.03466
8 2 1 50000 0.03524
8 2 1 50000 0.03481
8 2 1 35000 0.06373
8 2 1 35000 0.06446
8 2 1 35000 0.06398
8 2 1 35000 0.06296
8 2 1 35000 0.06708
8 2 1 35000 0.06452
8 2 1 35000 0.06368
8 2 1 35000 0.06171
8 2 1 35000 0.02225
8 2 1 35000 0.0219
8 2 1 35000 0.02221
8 2 1 35000 0.02188
8 2 1 25000 0.04602
8 2 1 25000 0.04528
8 2 1 25000 0.04545
8 2 1 25000 0.04493
8 2 1 25000 0.0455
8 2 1 25000 0.04486
8 2 1 25000 0.04531
8 2 1 25000 0.04532
8 2 1 25000 0.04457
8 2 1 25000 0.01071
8 2 1 25000 0.01021
8 2 1 25000 0.01027
8 2 1 25000 0.01035
8 2 1 15000 0.02839
8 2 1 15000 0.0286
8 2 1 15000 0.02872
8 2 1 15000 0.02824
8 2 1 15000 0.02851
8 2 1 15000 0.02852
8 2 1 15000 0.028
8 2 1 15000 0.02861
8 2 1 15000 0.006785
8 2 1 15000 0.006737
8 2 1 15000 0.006642
8 2 1 15000 0.006694
8 2 1 10000 0.01967
8 2 1 10000 0.01917
8 2 1 10000 0.01949
8 2 1 10000 0.01933
8 2 1 10000 0.01932
8 2 1 10000 0.01962
8 2 1 10000 0.01991
8 2 1 10000 0.01947
8 2 1 10000 0.01952
8 2 1 10000 0.005318
8 2 1 10000 0.005274
8 2 1 10000 0.005327
8 2 1 10000 0.005283
8 2 2 113480 0.152
8 2 2 110936 0.1505
8 2 2 105450 0.1438
8 2 2 104171 0.1428
8 2 2 103631 0.1414
8 2 2 100000 0.09065
8 2 2 100000 0.09062
8 2 2 100000 0.0846
8 2 2 100000 0.08681
8 2 2 100000 0.08283
8 2 2 98616 0.1373
8 2 2 94694 0.1337
8 2 2 94010 0.132
8 2 2 93214 0.1321
8 2 2 90168 0.129
8 2 2 88128 0.1271
8 2 2 85593 0.1274
8 2 2 85000 0.07801
8 2 2 85000 0.07411
8 2 2 85000 0.07185
8 2 2 85000 0.0715
8 2 2 85000 0.07572
8 2 2 82482 0.119
8 2 2 81753 0.1187
8 2 2 81275 0.1193
8 2 2 79441 0.1177
8 2 2 79350 0.1176
8 2 2 77469 0.1159
8 2 2 76569 0.1149
8 2 2 75967 0.1094
8 2 2 75771 0.1167
8 2 2 75000 0.06227
8 2 2 75000 0.06077
8 2 2 75000 0.05912
8 2 2 75000 0.06232
8 2 2 74274 0.114
8 2 2 72785 0.1128
8 2 2 53388 0.09207
8 2 2 53383 0.0931
8 2 2 53238 0.09173
8 2 2 52465 0.09104
8 2 2 52280 0.09128
8 2 2 51258 0.08814
8 2 2 50999 0.08998
8 2 2 50000 0.03511
8 2 2 50000 0.03333
8 2 2 50000 0.03583
8 2 2 50000 0.03368
8 2 2 49783 0.08787
8 2 2 48618 0.08468
8 2 2 36662 0.06428
8 2 2 36662 0.06512
8 2 2 36153 0.06628
8 2 2 36050 0.06492
8 2 2 35789 0.06696
8 2 2 35021 0.06447
8 2 2 35000 0.02209
8 2 2 35000 0.0223
8 2 2 35000 0.02223
8 2 2 35000 0.02147
8 2 2 34444 0.06065
8 2 2 33979 0.0615
8 2 2 33687 0.06044
8 2 2 25815 0.0491
8 2 2 25709 0.04768
8 2 2 25402 0.04631
8 2 2 25000 0.0108
8 2 2 25000 0.01074
8 2 2 25000 0.01074
8 2 2 25000 0.01294
8 2 2 25000 0.01055
8 2 2 24953 0.04583
8 2 2 24910 0.04615
8 2 2 24579 0.04539
8 2 2 24367 0.04396
8 2 2 15303 0.02991
8 2 2 15287 0.02951
8 2 2 15277 0.03071
8 2 2 15211 0.02827
8 2 2 15022 0.03049
8 2 2 15000 0.008533
8 2 2 15000 0.00811
8 2 2 15000 0.008106
8 2 2 15000 0.008417
8 2 2 15000 0.008349
8 2 2 14975 0.03018
8 2 2 14910 0.02992
8 2 2 14762 0.02816
8 2 2 10132 0.01994
8 2 2 10124 0.01995
8 2 2 10118 0.01999
8 2 2 10099 0.01973
8 2 2 10023 0.01967
8 2 2 10000 0.01984
8 2 2 10000 0.005405
8 2 2 10000 0.00626
8 2 2 10000 0.006016
8 2 2 10000 0.006217
8 2 2 9959 0.02012
8 2 2 9889 0.02081
8 2 3 128472 0.2928
8 2 3 111441 0.1617
8 2 3 106761 0.155
8 2 3 105664 0.157
8 2 3 103585 0.1542
8 2 3 102644 0.1487
8 2 3 100000 0.1
8 2 3 100000 0.1172
8 2 3 100000 0.1158
8 2 3 100000 0.1166
8 2 3 100000 0.1153
8 2 3 99166 0.1484
8 2 3 98573 0.1477
8 2 3 93828 0.1426
8 2 3 91998 0.1405
8 2 3 91963 0.1392
8 2 3 88644 0.1344
8 2 3 87873 0.1351
8 2 3 85374 0.1334
8 2 3 85000 0.1023
8 2 3 85000 0.09954
8 2 3 85000 0.0985
8 2 3 85000 0.09521
8 2 3 84467 0.1323
8 2 3 84024 0.1305
8 2 3 82559 0.1233
8 2 3 80431 0.1246
8 2 3 79307 0.1251
8 2 3 78549 0.1227
8 2 3 77242 0.1224
8 2 3 75197 0.1198
8 2 3 75000 0.07552
8 2 3 75000 0.07783
8 2 3 75000 0.08083
8 2 3 75000 0.05987
8 2 3 74001 0.1114
8 2 3 73700 0.1113
8 2 3 56295 0.09482
8 2 3 55815 0.09729
8 2 3 54819 0.09644
8 2 3 53426 0.09145
8 2 3 52041 0.08797
8 2 3 51838 0.08686
8 2 3 50819 0.08519
8 2 3 50145 0.08476
8 2 3 50000 0.03287
8 2 3 50000 0.03312
8 2 3 50000 0.03262
8 2 3 50000 0.03316
8 2 3 46247 0.08136
8 2 3 38403 0.0663
8 2 3 36638 0.06441
8 2 3 36474 0.06447
8 2 3 35991 0.06417
8 2 3 35727 0.0636
8 2 3 35260 0.06185
8 2 3 35019 0.06251
8 2 3 35000 0.02165
8 2 3 35000 0.02163
8 2 3 35000 0.0214
8 2 3 35000 0.02142
8 2 3 34167 0.06061
8 2 3 32439 0.05681
8 2 3 26204 0.04848
8 2 3 25806 0.04713
8 2 3 25741 0.04745
8 2 3 25346 0.04519
8 2 3 25044 0.04503
8 2 3 25000 0.0103
8 2 3 25000 0.01008
8 2 3 25000 0.01002
8 2 3 25000 0.01022
8 2 3 24729 0.04525
8 2 3 24290 0.04389
8 2 3 23542 0.04251
8 2 3 15555 0.02953
8 2 3 15474 0.03035
8 2 3 15349 0.02956
8 2 3 15244 0.029
8 2 3 15200 0.029
8 2 3 15045 0.02824
8 2 3 15000 0.006743
8 2 3 15000 0.006645
8 2 3 15000 0.006591
8 2 3 15000 0.006672
8 2 3 14972 0.02864
8 2 3 14867 0.0283
8 2 3 10253 0.02049
8 2 3 10235 0.02046
8 2 3 10191 0.01986
8 2 3 10140 0.01951
8 2 3 10134 0.02003
8 2 3 10077 0.01955
8 2 3 10062 0.01946
8 2 3 10011 0.01959
8 2 3 10000 0.005348
8 2 3 10000 0.005315
8 2 3 10000 0.005301
8 2 3 10000 0.005226
8 2 3 9847 0.01945
8 2 4 129254 0.2727
8 2 4 120524 0.1547
8 2 4 118608 0.1521
8 2 4 109683 0.1441
8 2 4 108407 0.1415
8 2 4 104630 0.139
8 2 4 103555 0.1366
8 2 4 103535 0.1355
8 2 4 100757 0.1343
8 2 4 100000 0.08162
8 2 4 100000 0.08134
8 2 4 100000 0.08138
8 2 4 100000 0.08205
8 2 4 97884 0.1314
8 2 4 97761 0.1317
8 2 4 95468 0.1273
8 2 4 92336 0.1253
8 2 4 91587 0.1252
8 2 4 88487 0.1202
8 2 4 86542 0.1178
8 2 4 86519 0.1214
8 2 4 85000 0.06828
8 2 4 85000 0.06996
8 2 4 85000 0.0711
8 2 4 85000 0.0688
8 2 4 84395 0.1195
8 2 4 82743 0.1178
8 2 4 82482 0.1154
8 2 4 77102 0.1104
8 2 4 75000 0.05826
8 2 4 75000 0.05781
8 2 4 75000 0.06026
8 2 4 75000 0.05969
8 2 4 74817 0.1089
8 2 4 74019 0.1095
8 2 4 71848 0.108
8 2 4 68694 0.1052
8 2 4 66430 0.1037
8 2 4 56960 0.09473
8 2 4 55993 0.09067
8 2 4 55022 0.09059
8 2 4 54220 0.0896
8 2 4 52753 0.08795
8 2 4 50000 0.03299
8 2 4 50000 0.03375
8 2 4 50000 0.03389
8 2 4 50000 0.03531
8 2 4 50000 0.03502
8 2 4 49413 0.08382
8 2 4 43991 0.07502
8 2 4 39513 0.0674
8 2 4 37428 0.06637
8 2 4 37057 0.06593
8 2 4 36345 0.06308
8 2 4 35816 0.06336
8 2 4 35583 0.0628
8 2 4 35000 0.02225
8 2 4 35000 0.02194
8 2 4 35000 0.022
8 2 4 35000 0.02206
8 2 4 34515 0.06112
8 2 4 34515 0.06124
8 2 4 34254 0.06111
8 2 4 26505 0.04829
8 2 4 26337 0.04745
8 2 4 25907 0.04678
8 2 4 25385 0.04607
8 2 4 25230 0.04475
8 2 4 25000 0.01019
8 2 4 25000 0.01026
8 2 4 25000 0.01021
8 2 4 25000 0.01009
8 2 4 24784 0.04486
8 2 4 24572 0.04429
8 2 4 23246 0.04254
8 2 4 15744 0.03052
8 2 4 15554 0.03061
8 2 4 15471 0.03007
8 2 4 15324 0.0289
8 2 4 15063 0.02777
8 2 4 15000 0.006644
8 2 4 15000 0.006549
8 2 4 15000 0.006765
8 2 4 15000 0.006728
8 2 4 14936 0.02885
8 2 4 14870 0.02841
8 2 4 14612 0.02884
8 2 4 10371 0.02109
8 2 4 10328 0.02167
8 2 4 10239 0.0203
8 2 4 10203 0.01994
8 2 4 10182 0.02014
8 2 4 10114 0.01967
8 2 4 10063 0.01951
8 2 4 10015 0.01918
8 2 4 10000 0.005245
8 2 4 10000 0.00525
8 2 4 10000 0.00531
8 2 4 10000 0.005331
8 2 4 9766 0.01959
8 2 5 134737 0.2978
8 2 5 127794 0.274
8 2 5 121634 0.1563
8 2 5 116545 0.1518
8 2 5 114413 0.149
8 2 5 110081 0.1457
8 2 5 106784 0.1423
8 2 5 103538 0.1392
8 2 5 102786 0.1399
8 2 5 101130 0.1365
8 2 5 100036 0.1345
8 2 5 100000 0.08327
8 2 5 100000 0.08293
8 2 5 100000 0.08346
8 2 5 100000 0.08269
8 2 5 98161 0.1341
8 2 5 97950 0.1328
8 2 5 92095 0.1222
8 2 5 91253 0.1259
8 2 5 86304 0.121
8 2 5 85227 0.1207
8 2 5 85000 0.06874
8 2 5 85000 0.06862
8 2 5 85000 0.06879
8 2 5 85000 0.0679
8 2 5 83732 0.1218
8 2 5 82157 0.1192
8 2 5 80461 0.1171
8 2 5 78232 0.114
8 2 5 78056 0.1146
8 2 5 75000 0.05933
8 2 5 75000 0.05725
8 2 5 75000 0.0581
8 2 5 75000 0.058
8 2 5 75000 0.05825
8 2 5 67825 0.1054
8 2 5 65119 0.09917
8 2 5 65119 0.09925
8 2 5 57893 0.09587
8 2 5 55328 0.09301
8 2 5 55136 0.09224
8 2 5 54337 0.09099
8 2 5 51917 0.08982
8 2 5 51794 0.08944
8 2 5 50000 0.03367
8 2 5 50000 0.03417
8 2 5 50000 0.03381
8 2 5 50000 0.03364
8 2 5 46494 0.08164
8 2 5 46084 0.08027
8 2 5 40023 0.06983
8 2 5 38707 0.06831
8 2 5 38185 0.06648
8 2 5 37535 0.06606
8 2 5 36618 0.06503
8 2 5 36486 0.06495
8 2 5 35000 0.02188
8 2 5 35000 0.02196
8 2 5 35000 0.02144
8 2 5 35000 0.02168
8 2 5 35000 0.02216
8 2 5 34836 0.06393
8 2 5 27361 0.05033
8 2 5 27361 0.05023
8 2 5 26615 0.05085
8 2 5 26489 0.04943
8 2 5 26060 0.04876
8 2 5 25815 0.0489
8 2 5 25303 0.04589
8 2 5 25000 0.01019
8 2 5 25000 0.00994
8 2 5 25000 0.01022
8 2 5 25000 0.01006
8 2 5 24900 0.04651
8 2 5 24522 0.0462
8 2 5 15932 0.03115
8 2 5 15640 0.03177
8 2 5 15475 0.03093
8 2 5 15266 0.02984
8 2 5 15265 0.02997
8 2 5 15000 0.006841
8 2 5 15000 0.006566
8 2 5 15000 0.006752
8 2 5 15000 0.006689
8 2 5 14831 0.02922
8 2 5 14720 0.02862
8 2 5 14678 0.02908
8 2 5 10367 0.02227
8 2 5 10367 0.0223
8 2 5 10289 0.02207
8 2 5 10229 0.02038
8 2 5 10171 0.0205
8 2 5 10109 0.02082
8 2 5 10045 0.02029
8 2 5 10000 0.005243
8 2 5 10000 0.005263
8 2 5 10000 0.005311
8 2 5 10000 0.005286
8 2 5 9981 0.02023
8 2 5 9867 0.02016
