16 8 1 100000 0.161
16 8 1 100000 0.1462
16 8 1 100000 0.1128
16 8 1 100000 0.1137
16 8 1 100000 0.1125
16 8 1 100000 0.1097
16 8 1 85000 0.09774
16 8 1 85000 0.1009
16 8 1 85000 0.09729
16 8 1 85000 0.1209
16 8 1 85000 0.1324
16 8 1 85000 0.1311
16 8 1 75000 0.1134
16 8 1 75000 0.118
16 8 1 75000 0.1153
16 8 1 75000 0.1171
16 8 1 75000 0.1136
16 8 1 75000 0.112
16 8 1 75000 0.1169
16 8 1 50000 0.07633
16 8 1 50000 0.07762
16 8 1 50000 0.07577
16 8 1 50000 0.07814
16 8 1 50000 0.0767
16 8 1 50000 0.07601
16 8 1 35000 0.05322
16 8 1 35000 0.04774
16 8 1 35000 0.04388
16 8 1 35000 0.04507
16 8 1 35000 0.04219
16 8 1 35000 0.04332
16 8 1 25000 0.02928
16 8 1 25000 0.02884
16 8 1 25000 0.0281
16 8 1 25000 0.02826
16 8 1 25000 0.02711
16 8 1 25000 0.02828
16 8 1 15000 0.01863
16 8 1 15000 0.01853
16 8 1 15000 0.01792
16 8 1 15000 0.01785
16 8 1 15000 0.01803
16 8 1 15000 0.01824
16 8 1 10000 0.01268
16 8 1 10000 0.01313
16 8 1 10000 0.01308
16 8 1 10000 0.01277
16 8 1 10000 0.0132
16 8 1 10000 0.01278
16 8 1 10000 0.01301
16 8 2 112000 0.1222
16 8 2 108563 0.12
16 8 2 104702 0.1164
16 8 2 100085 0.1127
16 8 2 98389 0.1097
16 8 2 94826 0.1073
16 8 2 94681 0.1065
16 8 2 93511 0.1062
16 8 2 91677 0.1026
16 8 2 87000 0.1
16 8 2 86514 0.0984
16 8 2 82205 0.09618
16 8 2 80816 0.09512
16 8 2 78588 0.09289
16 8 2 77930 0.09199
16 8 2 76292 0.09047
16 8 2 75298 0.09091
16 8 2 73527 0.08645
16 8 2 71348 0.08604
16 8 2 52942 0.06891
16 8 2 51408 0.06564
16 8 2 50100 0.06293
16 8 2 49726 0.06336
16 8 2 48632 0.06036
16 8 2 46444 0.05917
16 8 2 36535 0.04606
16 8 2 36147 0.04561
16 8 2 35875 0.0469
16 8 2 34710 0.04388
16 8 2 33872 0.04148
16 8 2 33575 0.04152
16 8 2 25843 0.02971
16 8 2 25829 0.02971
16 8 2 25187 0.0298
16 8 2 24614 0.02818
16 8 2 24347 0.02824
16 8 2 24225 0.02847
16 8 2 15303 0.01917
16 8 2 15294 0.0192
16 8 2 15248 0.01887
16 8 2 15149 0.01858
16 8 2 14991 0.01829
16 8 2 14829 0.01898
16 8 2 10135 0.01328
16 8 2 10133 0.01321
16 8 2 10121 0.01315
16 8 2 10071 0.01305
16 8 2 10021 0.01292
16 8 2 9945 0.01295
16 8 2 9858 0.01316
16 8 3 123685 0.199
16 8 3 116692 0.126
16 8 3 105467 0.1155
16 8 3 104265 0.1144
16 8 3 101564 0.1133
16 8 3 100851 0.1118
16 8 3 99068 0.1099
16 8 3 96952 0.106
16 8 3 96181 0.1086
16 8 3 89839 0.09849
16 8 3 88493 0.09893
16 8 3 86566 0.09836
16 8 3 84088 0.09664
16 8 3 83557 0.09713
16 8 3 81160 0.09267
16 8 3 80533 0.09292
16 8 3 74685 0.08784
16 8 3 73545 0.08901
16 8 3 66934 0.08231
16 8 3 53783 0.06926
16 8 3 53157 0.06556
16 8 3 51990 0.06462
16 8 3 51378 0.0658
16 8 3 48581 0.06108
16 8 3 45299 0.05682
16 8 3 37569 0.04816
16 8 3 36653 0.04676
16 8 3 35800 0.04565
16 8 3 34983 0.04385
16 8 3 34571 0.04419
16 8 3 32746 0.03934
16 8 3 26571 0.0306
16 8 3 25973 0.0317
16 8 3 25362 0.02996
16 8 3 25148 0.03063
16 8 3 24701 0.02927
16 8 3 23879 0.02865
16 8 3 15570 0.01971
16 8 3 15529 0.0201
16 8 3 15424 0.01978
16 8 3 15233 0.01847
16 8 3 15192 0.01851
16 8 3 14949 0.01938
16 8 3 14453 0.01905
16 8 3 10266 0.01437
16 8 3 10210 0.01371
16 8 3 10117 0.0135
16 8 3 10072 0.01307
16 8 3 10056 0.01378
16 8 3 9857 0.01346
16 8 4 126749 0.1958
16 8 4 122958 0.1931
16 8 4 117621 0.1248
16 8 4 109715 0.1201
16 8 4 109129 0.117
16 8 4 104061 0.1149
16 8 4 101916 0.1135
16 8 4 100052 0.1111
16 8 4 96771 0.1084
16 8 4 94979 0.1076
16 8 4 93879 0.1031
16 8 4 90961 0.1023
16 8 4 88144 0.1011
16 8 4 85815 0.09937
16 8 4 85411 0.09924
16 8 4 79663 0.09176
16 8 4 76107 0.08959
16 8 4 73068 0.08257
16 8 4 70755 0.08291
16 8 4 56342 0.07086
16 8 4 54478 0.07124
16 8 4 53502 0.06797
16 8 4 51564 0.06391
16 8 4 49176 0.0612
16 8 4 38273 0.04752
16 8 4 38217 0.04715
16 8 4 37495 0.04608
16 8 4 36686 0.04594
16 8 4 36089 0.04437
16 8 4 34506 0.04425
16 8 4 33574 0.04183
16 8 4 27596 0.03278
16 8 4 26244 0.03035
16 8 4 25909 0.03125
16 8 4 25595 0.03159
16 8 4 25054 0.03044
16 8 4 24535 0.02936
16 8 4 23336 0.02732
16 8 4 15786 0.02016
16 8 4 15529 0.02002
16 8 4 15397 0.01971
16 8 4 14954 0.01866
16 8 4 14716 0.01797
16 8 4 10403 0.01507
16 8 4 10249 0.01429
16 8 4 10189 0.01359
16 8 4 10160 0.01342
16 8 4 10103 0.01283
16 8 4 9983 0.01296
16 8 4 9944 0.01327
16 8 5 129129 0.1931
16 8 5 127345 0.1961
16 8 5 125232 0.1943
16 8 5 123292 0.1907
16 8 5 115594 0.123
16 8 5 109628 0.1174
16 8 5 108065 0.1153
16 8 5 103752 0.112
16 8 5 100521 0.11
16 8 5 97452 0.1056
16 8 5 95987 0.1065
16 8 5 94049 0.1046
16 8 5 91959 0.1024
16 8 5 91959 0.1024
16 8 5 85288 0.09631
16 8 5 83324 0.09674
16 8 5 82231 0.09552
16 8 5 76334 0.08826
16 8 5 71340 0.08584
16 8 5 58537 0.07278
16 8 5 55483 0.07057
16 8 5 53164 0.06695
16 8 5 51757 0.06656
16 8 5 49204 0.06224
16 8 5 47326 0.06007
16 8 5 37881 0.0478
16 8 5 36979 0.0468
16 8 5 36199 0.04631
16 8 5 35501 0.0449
16 8 5 35015 0.04334
16 8 5 31201 0.03622
16 8 5 27041 0.03244
16 8 5 26363 0.03138
16 8 5 26068 0.03147
16 8 5 25692 0.02918
16 8 5 24953 0.02898
16 8 5 24255 0.02819
16 8 5 24122 0.0288
16 8 5 15811 0.01987
16 8 5 15439 0.02044
16 8 5 15295 0.01931
16 8 5 15229 0.01897
16 8 5 14973 0.01921
16 8 5 10516 0.01423
16 8 5 10318 0.01462
16 8 5 10186 0.01382
16 8 5 10121 0.0132
16 8 5 10078 0.01392
16 8 5 9992 0.01318
16 8 5 9864 0.01357
