8 6 1 100000 0.1516
8 6 1 100000 0.144
8 6 1 100000 0.1432
8 6 1 100000 0.1434
8 6 1 100000 0.1462
8 6 1 100000 0.1411
8 6 1 100000 0.1456
8 6 1 100000 0.1443
8 6 1 100000 0.1448
8 6 1 100000 0.1428
8 6 1 100000 0.1483
8 6 1 100000 0.1467
8 6 1 100000 0.1482
8 6 1 85000 0.1235
8 6 1 85000 0.1222
8 6 1 85000 0.1254
8 6 1 85000 0.1238
8 6 1 85000 0.1208
8 6 1 85000 0.1265
8 6 1 85000 0.1258
8 6 1 85000 0.1287
8 6 1 85000 0.1062
8 6 1 85000 0.09722
8 6 1 85000 0.09487
8 6 1 85000 0.09656
8 6 1 75000 0.08698
8 6 1 75000 0.08417
8 6 1 75000 0.08334
8 6 1 75000 0.08486
8 6 1 75000 0.08438
8 6 1 75000 0.08261
8 6 1 75000 0.07987
8 6 1 75000 0.08176
8 6 1 75000 0.08441
8 6 1 75000 0.0844
8 6 1 75000 0.08449
8 6 1 75000 0.08348
8 6 1 50000 0.06064
8 6 1 50000 0.0589
8 6 1 50000 0.05817
8 6 1 50000 0.05922
8 6 1 50000 0.05991
8 6 1 50000 0.05935
8 6 1 50000 0.05786
8 6 1 50000 0.05985
8 6 1 50000 0.05683
8 6 1 50000 0.06075
8 6 1 50000 0.06249
8 6 1 50000 0.06107
8 6 1 50000 0.0601
8 6 1 35000 0.04208
8 6 1 35000 0.04183
8 6 1 35000 0.04092
8 6 1 35000 0.04145
8 6 1 35000 0.04101
8 6 1 35000 0.04791
8 6 1 35000 0.04701
8 6 1 35000 0.04871
8 6 1 35000 0.05091
8 6 1 35000 0.04823
8 6 1 35000 0.04394
8 6 1 35000 0.04258
8 6 1 35000 0.04373
8 6 1 25000 0.0285
8 6 1 25000 0.02776
8 6 1 25000 0.02666
8 6 1 25000 0.02703
8 6 1 25000 0.02556
8 6 1 25000 0.02852
8 6 1 25000 0.02695
8 6 1 25000 0.02792
8 6 1 25000 0.02932
8 6 1 25000 0.03027
8 6 1 25000 0.02887
8 6 1 25000 0.02786
8 6 1 15000 0.01694
8 6 1 15000 0.01729
8 6 1 15000 0.01713
8 6 1 15000 0.01686
8 6 1 15000 0.01775
8 6 1 15000 0.01713
8 6 1 15000 0.01733
8 6 1 15000 0.01683
8 6 1 15000 0.01843
8 6 1 15000 0.01784
8 6 1 15000 0.01747
8 6 1 15000 0.01856
8 6 1 15000 0.01791
8 6 1 10000 0.01304
8 6 1 10000 0.01221
8 6 1 10000 0.01233
8 6 1 10000 0.01276
8 6 1 10000 0.01279
8 6 1 10000 0.01239
8 6 1 10000 0.01243
8 6 1 10000 0.01303
8 6 1 10000 0.0128
8 6 1 10000 0.01337
8 6 1 10000 0.01303
8 6 1 10000 0.01276
8 6 2 113393 0.1194
8 6 2 113094 0.114
8 6 2 112935 0.1148
8 6 2 112747 0.1125
8 6 2 112678 0.116
8 6 2 111974 0.1164
8 6 2 111163 0.1185
8 6 2 110656 0.1137
8 6 2 109989 0.1149
8 6 2 108840 0.1131
8 6 2 106174 0.1108
8 6 2 101821 0.1109
8 6 2 94655 0.09482
8 6 2 94490 0.1022
8 6 2 94416 0.09951
8 6 2 94319 0.1004
8 6 2 94057 0.1022
8 6 2 93849 0.09992
8 6 2 93592 0.1042
8 6 2 93289 0.101
8 6 2 91142 0.1001
8 6 2 89986 0.09692
8 6 2 87815 0.09577
8 6 2 83054 0.09492
8 6 2 82612 0.09391
8 6 2 82551 0.09196
8 6 2 82403 0.09079
8 6 2 82334 0.08976
8 6 2 82252 0.08853
8 6 2 82110 0.09072
8 6 2 82057 0.09067
8 6 2 81986 0.09232
8 6 2 81804 0.08795
8 6 2 81512 0.08978
8 6 2 80283 0.09081
8 6 2 79779 0.08574
8 6 2 76275 0.08732
8 6 2 73873 0.08264
8 6 2 53372 0.06608
8 6 2 53354 0.06453
8 6 2 53318 0.06087
8 6 2 53278 0.06072
8 6 2 53258 0.06238
8 6 2 53230 0.06322
8 6 2 53213 0.06344
8 6 2 53127 0.06232
8 6 2 52557 0.06366
8 6 2 51426 0.06372
8 6 2 49706 0.05884
8 6 2 48633 0.05814
8 6 2 36653 0.04609
8 6 2 36625 0.0445
8 6 2 36617 0.04242
8 6 2 36592 0.04298
8 6 2 36586 0.04369
8 6 2 36569 0.04235
8 6 2 36564 0.04349
8 6 2 36548 0.04229
8 6 2 36517 0.04455
8 6 2 35725 0.04425
8 6 2 34909 0.04332
8 6 2 33932 0.04262
8 6 2 25845 0.03011
8 6 2 25840 0.03033
8 6 2 25829 0.02897
8 6 2 25817 0.02967
8 6 2 25815 0.02812
8 6 2 25814 0.02818
8 6 2 25793 0.03089
8 6 2 25781 0.02802
8 6 2 25771 0.02688
8 6 2 25729 0.02813
8 6 2 25375 0.02965
8 6 2 24634 0.0276
8 6 2 24287 0.0281
8 6 2 15302 0.01757
8 6 2 15302 0.01863
8 6 2 15300 0.01935
8 6 2 15296 0.01721
8 6 2 15295 0.01736
8 6 2 15291 0.01721
8 6 2 15288 0.01819
8 6 2 15279 0.01674
8 6 2 15268 0.01682
8 6 2 15254 0.0168
8 6 2 15059 0.01708
8 6 2 15002 0.01859
8 6 2 10135 0.01252
8 6 2 10135 0.01309
8 6 2 10134 0.0128
8 6 2 10134 0.01255
8 6 2 10133 0.01345
8 6 2 10131 0.01258
8 6 2 10131 0.01361
8 6 2 10130 0.01322
8 6 2 10129 0.01253
8 6 2 10127 0.01204
8 6 2 10090 0.01405
8 6 2 9993 0.01271
8 6 2 9884 0.01268
8 6 3 127818 0.1806
8 6 3 127058 0.1769
8 6 3 126697 0.1754
8 6 3 126390 0.1779
8 6 3 125958 0.1757
8 6 3 124363 0.1697
8 6 3 123925 0.171
8 6 3 122363 0.1227
8 6 3 121208 0.1208
8 6 3 117648 0.1225
8 6 3 116591 0.1135
8 6 3 106075 0.1131
8 6 3 104907 0.1076
8 6 3 104712 0.1121
8 6 3 104031 0.1091
8 6 3 103926 0.1136
8 6 3 103246 0.1092
8 6 3 102018 0.1128
8 6 3 101035 0.1097
8 6 3 99989 0.1083
8 6 3 97394 0.1079
8 6 3 97038 0.1124
8 6 3 94842 0.1068
8 6 3 90924 0.1034
8 6 3 90880 0.1052
8 6 3 90582 0.1036
8 6 3 90364 0.1033
8 6 3 90035 0.1042
8 6 3 89749 0.1019
8 6 3 89562 0.1023
8 6 3 88668 0.105
8 6 3 88264 0.1013
8 6 3 87849 0.1027
8 6 3 85914 0.09887
8 6 3 85733 0.1017
8 6 3 82599 0.09968
8 6 3 81016 0.09875
8 6 3 56992 0.07413
8 6 3 56968 0.07129
8 6 3 56921 0.07256
8 6 3 56731 0.06851
8 6 3 56670 0.06698
8 6 3 56633 0.0665
8 6 3 56606 0.06654
8 6 3 56586 0.06663
8 6 3 56235 0.06786
8 6 3 55413 0.06719
8 6 3 54087 0.0669
8 6 3 52725 0.0668
8 6 3 50112 0.06179
8 6 3 38380 0.04848
8 6 3 38298 0.04343
8 6 3 38270 0.04413
8 6 3 38250 0.04339
8 6 3 38245 0.04345
8 6 3 38168 0.04432
8 6 3 38146 0.04315
8 6 3 38078 0.04418
8 6 3 37418 0.04288
8 6 3 37261 0.04181
8 6 3 36646 0.04586
8 6 3 35723 0.04536
8 6 3 33462 0.03884
8 6 3 26703 0.03087
8 6 3 26686 0.02821
8 6 3 26659 0.0285
8 6 3 26625 0.02873
8 6 3 26620 0.02784
8 6 3 26601 0.02868
8 6 3 26584 0.02858
8 6 3 26408 0.02805
8 6 3 26113 0.02809
8 6 3 25767 0.02804
8 6 3 25396 0.02642
8 6 3 25227 0.027
8 6 3 15609 0.01762
8 6 3 15606 0.01745
8 6 3 15601 0.01756
8 6 3 15598 0.01838
8 6 3 15581 0.01752
8 6 3 15577 0.0176
8 6 3 15568 0.01744
8 6 3 15563 0.01723
8 6 3 15493 0.01833
8 6 3 15370 0.01902
8 6 3 15300 0.01901
8 6 3 15156 0.01742
8 6 3 15021 0.01771
8 6 3 10266 0.01273
8 6 3 10264 0.01294
8 6 3 10263 0.01203
8 6 3 10260 0.01253
8 6 3 10258 0.01286
8 6 3 10254 0.01234
8 6 3 10250 0.01341
8 6 3 10228 0.01287
8 6 3 10147 0.01375
8 6 3 10096 0.01293
8 6 3 10051 0.01233
8 6 3 9843 0.01216
8 6 4 143563 0.2002
8 6 4 141204 0.2008
8 6 4 140228 0.2003
8 6 4 139688 0.1981
8 6 4 137894 0.1908
8 6 4 137685 0.1991
8 6 4 136162 0.1925
8 6 4 132478 0.1861
8 6 4 132058 0.1978
8 6 4 129809 0.1871
8 6 4 124062 0.1826
8 6 4 122387 0.1285
8 6 4 116027 0.1229
8 6 4 115286 0.1267
8 6 4 114653 0.1225
8 6 4 112427 0.118
8 6 4 111709 0.1233
8 6 4 110014 0.1172
8 6 4 108328 0.1179
8 6 4 106908 0.1191
8 6 4 106395 0.1189
8 6 4 103626 0.1158
8 6 4 100160 0.1089
8 6 4 99425 0.1092
8 6 4 99144 0.1076
8 6 4 98930 0.1075
8 6 4 98324 0.1078
8 6 4 98158 0.107
8 6 4 97155 0.1075
8 6 4 96340 0.105
8 6 4 95108 0.1034
8 6 4 94719 0.1025
8 6 4 93125 0.1027
8 6 4 92290 0.1008
8 6 4 86427 0.09948
8 6 4 85935 0.09858
8 6 4 84278 0.1006
8 6 4 60853 0.07288
8 6 4 60600 0.07229
8 6 4 60354 0.07143
8 6 4 60317 0.07408
8 6 4 60001 0.07276
8 6 4 59908 0.07707
8 6 4 59802 0.07196
8 6 4 59457 0.07258
8 6 4 58259 0.06895
8 6 4 57623 0.07094
8 6 4 56361 0.07028
8 6 4 55630 0.07012
8 6 4 53430 0.06535
8 6 4 40146 0.04997
8 6 4 40075 0.04968
8 6 4 40022 0.04594
8 6 4 39985 0.04784
8 6 4 39899 0.04581
8 6 4 39839 0.04367
8 6 4 39789 0.0473
8 6 4 39226 0.04731
8 6 4 39052 0.04527
8 6 4 38795 0.04552
8 6 4 37923 0.04609
8 6 4 36217 0.04169
8 6 4 34679 0.04266
8 6 4 27576 0.0294
8 6 4 27557 0.03207
8 6 4 27490 0.02778
8 6 4 27473 0.02761
8 6 4 27447 0.02909
8 6 4 27257 0.02826
8 6 4 27049 0.02759
8 6 4 26858 0.0283
8 6 4 26543 0.03052
8 6 4 26230 0.02735
8 6 4 25855 0.02761
8 6 4 25020 0.0301
8 6 4 15930 0.01987
8 6 4 15914 0.01803
8 6 4 15909 0.01808
8 6 4 15904 0.01834
8 6 4 15886 0.01798
8 6 4 15879 0.01691
8 6 4 15864 0.01867
8 6 4 15847 0.01766
8 6 4 15718 0.01797
8 6 4 15456 0.01811
8 6 4 15444 0.01744
8 6 4 15323 0.01864
8 6 4 15038 0.01797
8 6 4 10402 0.01297
8 6 4 10395 0.01268
8 6 4 10393 0.01323
8 6 4 10392 0.01283
8 6 4 10386 0.01256
8 6 4 10376 0.01384
8 6 4 10341 0.01328
8 6 4 10309 0.01381
8 6 4 10261 0.01357
8 6 4 10199 0.01242
8 6 4 10169 0.0133
8 6 4 9737 0.01317
8 6 5 161013 0.2142
8 6 5 158642 0.2709
8 6 5 158156 0.2633
8 6 5 154018 0.2283
8 6 5 153689 0.2312
8 6 5 152826 0.194
8 6 5 147469 0.1879
8 6 5 144610 0.1969
8 6 5 141055 0.1805
8 6 5 139836 0.2057
8 6 5 136981 0.2475
8 6 5 129023 0.2041
8 6 5 128108 0.2334
8 6 5 127376 0.2487
8 6 5 124261 0.2352
8 6 5 123499 0.2449
8 6 5 121295 0.1762
8 6 5 119644 0.1735
8 6 5 117543 0.1797
8 6 5 114597 0.1715
8 6 5 113536 0.1721
8 6 5 110026 0.1659
8 6 5 108383 0.1498
8 6 5 107964 0.1655
8 6 5 107445 0.159
8 6 5 107445 0.164
8 6 5 106068 0.1591
8 6 5 105948 0.1647
8 6 5 104380 0.1562
8 6 5 104380 0.1389
8 6 5 102087 0.134
8 6 5 100960 0.136
8 6 5 100611 0.1326
8 6 5 93459 0.1266
8 6 5 92933 0.1263
8 6 5 90990 0.1242
8 6 5 86436 0.1174
8 6 5 82938 0.1143
8 6 5 64269 0.08919
8 6 5 64000 0.08991
8 6 5 63725 0.08829
8 6 5 63438 0.08769
8 6 5 62578 0.08774
8 6 5 61722 0.08648
8 6 5 60760 0.08781
8 6 5 59865 0.08302
8 6 5 59234 0.0854
8 6 5 58247 0.08044
8 6 5 54723 0.07944
8 6 5 51187 0.07482
8 6 5 41889 0.05948
8 6 5 41785 0.05768
8 6 5 41715 0.05606
8 6 5 41691 0.05817
8 6 5 41587 0.05812
8 6 5 41535 0.05413
8 6 5 40782 0.05572
8 6 5 40587 0.0547
8 6 5 39831 0.05724
8 6 5 38477 0.05351
8 6 5 37760 0.05278
8 6 5 36123 0.05139
8 6 5 28523 0.03488
8 6 5 28458 0.03367
8 6 5 28392 0.03425
8 6 5 28359 0.03306
8 6 5 28345 0.03343
8 6 5 28291 0.03332
8 6 5 28019 0.03377
8 6 5 27772 0.03358
8 6 5 27447 0.03463
8 6 5 27082 0.03303
8 6 5 26671 0.03465
8 6 5 26145 0.03369
8 6 5 25522 0.03019
8 6 5 16221 0.01931
8 6 5 16201 0.01981
8 6 5 16191 0.01998
8 6 5 16187 0.02071
8 6 5 16170 0.02035
8 6 5 16160 0.0204
8 6 5 16058 0.02075
8 6 5 16003 0.02038
8 6 5 15874 0.02127
8 6 5 15736 0.02127
8 6 5 15680 0.02084
8 6 5 15338 0.01989
8 6 5 10551 0.01479
8 6 5 10540 0.01475
8 6 5 10532 0.01415
8 6 5 10528 0.01415
8 6 5 10525 0.01426
8 6 5 10521 0.01451
8 6 5 10502 0.01396
8 6 5 10441 0.01426
8 6 5 10384 0.01444
8 6 5 10334 0.01431
8 6 5 10278 0.01441
8 6 5 10184 0.01457
8 6 5 10099 0.01393
