16 0 1 100000 0.1175
16 0 1 100000 0.1116
16 0 1 100000 0.106
16 0 1 100000 0.1071
16 0 1 100000 0.1091
16 0 1 100000 0.1109
16 0 1 85000 0.09695
16 0 1 85000 0.0969
16 0 1 85000 0.09778
16 0 1 85000 0.09724
16 0 1 85000 0.09549
16 0 1 85000 0.09545
16 0 1 85000 0.09561
16 0 1 75000 0.08583
16 0 1 75000 0.1044
16 0 1 75000 0.1035
16 0 1 75000 0.1043
16 0 1 75000 0.1042
16 0 1 50000 0.07018
16 0 1 50000 0.06983
16 0 1 50000 0.073
16 0 1 50000 0.07036
16 0 1 50000 0.06986
16 0 1 50000 0.07339
16 0 1 50000 0.06845
16 0 1 35000 0.04984
16 0 1 35000 0.04909
16 0 1 35000 0.04937
16 0 1 35000 0.04857
16 0 1 35000 0.04739
16 0 1 35000 0.04783
16 0 1 25000 0.03097
16 0 1 25000 0.02991
16 0 1 25000 0.02988
16 0 1 25000 0.03091
16 0 1 25000 0.03167
16 0 1 25000 0.03144
16 0 1 25000 0.02999
16 0 1 15000 0.0192
16 0 1 15000 0.01938
16 0 1 15000 0.01921
16 0 1 15000 0.0191
16 0 1 15000 0.01856
16 0 1 15000 0.01855
16 0 1 10000 0.01363
16 0 1 10000 0.01404
16 0 1 10000 0.01347
16 0 1 10000 0.0135
16 0 1 10000 0.0137
16 0 1 10000 0.01391
16 0 2 113479 0.1504
16 0 2 113046 0.1488
16 0 2 112915 0.1495
16 0 2 112896 0.1491
16 0 2 112248 0.1483
16 0 2 109938 0.1439
16 0 2 94575 0.1263
16 0 2 94514 0.1287
16 0 2 94455 0.1289
16 0 2 94283 0.127
16 0 2 94034 0.128
16 0 2 93436 0.126
16 0 2 82497 0.1154
16 0 2 82458 0.1114
16 0 2 82423 0.1155
16 0 2 82288 0.1125
16 0 2 82222 0.114
16 0 2 82070 0.1106
16 0 2 53372 0.07762
16 0 2 53347 0.07749
16 0 2 53301 0.07503
16 0 2 53292 0.07669
16 0 2 53231 0.07566
16 0 2 53167 0.07537
16 0 2 53062 0.07657
16 0 2 36662 0.05072
16 0 2 36641 0.05074
16 0 2 36615 0.05041
16 0 2 36605 0.05025
16 0 2 36584 0.04972
16 0 2 36568 0.05195
16 0 2 25845 0.03095
16 0 2 25836 0.03073
16 0 2 25825 0.03201
16 0 2 25817 0.03219
16 0 2 25808 0.03128
16 0 2 25771 0.03135
16 0 2 25005 0.02958
16 0 2 15300 0.01985
16 0 2 15299 0.01969
16 0 2 15298 0.02004
16 0 2 15291 0.01976
16 0 2 15283 0.01947
16 0 2 15000 0.01819
16 0 2 10134 0.01409
16 0 2 10133 0.01447
16 0 2 10131 0.01412
16 0 2 10128 0.01404
16 0 2 10127 0.01404
16 0 2 10118 0.01372
16 0 3 128086 0.2165
16 0 3 127816 0.2217
16 0 3 127572 0.2207
16 0 3 127105 0.2151
16 0 3 126594 0.2325
16 0 3 123831 0.2352
16 0 3 105278 0.157
16 0 3 104919 0.1555
16 0 3 104563 0.1555
16 0 3 104394 0.1555
16 0 3 103972 0.1534
16 0 3 103309 0.1535
16 0 3 90654 0.1363
16 0 3 90466 0.1376
16 0 3 90362 0.1366
16 0 3 90324 0.137
16 0 3 90199 0.1395
16 0 3 89901 0.1111
16 0 3 84173 0.1018
16 0 3 56807 0.07435
16 0 3 56704 0.07406
16 0 3 56681 0.07404
16 0 3 56597 0.07788
16 0 3 56468 0.07265
16 0 3 56232 0.07122
16 0 3 38319 0.04479
16 0 3 38304 0.04564
16 0 3 38283 0.04414
16 0 3 38249 0.04185
16 0 3 38192 0.04493
16 0 3 38129 0.04417
16 0 3 26678 0.02997
16 0 3 26665 0.02974
16 0 3 26647 0.02949
16 0 3 26638 0.02919
16 0 3 26603 0.02889
16 0 3 25837 0.02743
16 0 3 15609 0.01758
16 0 3 15600 0.01837
16 0 3 15596 0.01809
16 0 3 15592 0.0184
16 0 3 15580 0.01833
16 0 3 15569 0.01924
16 0 3 10269 0.01355
16 0 3 10265 0.01285
16 0 3 10262 0.01304
16 0 3 10258 0.01338
16 0 3 10256 0.01301
16 0 3 10251 0.01327
16 0 4 144765 0.2361
16 0 4 144059 0.2378
16 0 4 143515 0.2305
16 0 4 141725 0.2277
16 0 4 141725 0.2286
16 0 4 138214 0.2321
16 0 4 115996 0.1489
16 0 4 115979 0.1383
16 0 4 115486 0.1391
16 0 4 115291 0.1425
16 0 4 112291 0.1363
16 0 4 111630 0.1358
16 0 4 104799 0.1167
16 0 4 99227 0.1052
16 0 4 98873 0.1019
16 0 4 98576 0.1038
16 0 4 97904 0.1061
16 0 4 95531 0.1015
16 0 4 60620 0.0701
16 0 4 60537 0.0704
16 0 4 60398 0.0715
16 0 4 60285 0.0729
16 0 4 60170 0.07037
16 0 4 60066 0.07113
16 0 4 59446 0.06966
16 0 4 40099 0.04927
16 0 4 40069 0.04816
16 0 4 40042 0.04514
16 0 4 40005 0.04783
16 0 4 39924 0.04836
16 0 4 39602 0.04777
16 0 4 27578 0.0302
16 0 4 27553 0.03199
16 0 4 27525 0.03269
16 0 4 27507 0.03208
16 0 4 27397 0.0316
16 0 4 27063 0.0316
16 0 4 26631 0.03025
16 0 4 15908 0.01841
16 0 4 15897 0.01896
16 0 4 15888 0.01913
16 0 4 15880 0.01942
16 0 4 15871 0.01985
16 0 4 15586 0.01887
16 0 4 10400 0.01346
16 0 4 10396 0.01355
16 0 4 10391 0.01356
16 0 4 10385 0.01303
16 0 4 10383 0.01304
16 0 4 10326 0.01327
16 0 5 162941 0.2011
16 0 5 161645 0.2016
16 0 5 160832 0.2047
16 0 5 159789 0.2049
16 0 5 157452 0.1981
16 0 5 154681 0.1919
16 0 5 129058 0.1814
16 0 5 128756 0.1864
16 0 5 127932 0.186
16 0 5 127671 0.1813
16 0 5 127112 0.1857
16 0 5 118224 0.1193
16 0 5 116417 0.1174
16 0 5 108684 0.1104
16 0 5 108114 0.1091
16 0 5 107998 0.1109
16 0 5 107314 0.1094
16 0 5 104750 0.1076
16 0 5 64485 0.07286
16 0 5 64442 0.07476
16 0 5 64286 0.07264
16 0 5 64179 0.0735
16 0 5 64056 0.07185
16 0 5 63911 0.07304
16 0 5 63752 0.07136
16 0 5 41960 0.04855
16 0 5 41894 0.04982
16 0 5 41861 0.05012
16 0 5 41785 0.05037
16 0 5 41643 0.05015
16 0 5 41323 0.05013
16 0 5 28480 0.03178
16 0 5 28444 0.03277
16 0 5 28430 0.03181
16 0 5 28372 0.03079
16 0 5 28296 0.03222
16 0 5 27975 0.03112
16 0 5 27513 0.03159
16 0 5 16210 0.01956
16 0 5 16204 0.01924
16 0 5 16198 0.01893
16 0 5 16193 0.01907
16 0 5 16180 0.01918
16 0 5 15912 0.01989
16 0 5 10539 0.01348
16 0 5 10533 0.01364
16 0 5 10530 0.01403
16 0 5 10523 0.01343
16 0 5 10521 0.0132
16 0 5 10519 0.0131
