16 14 1 100000 0.1145
16 14 1 100000 0.1103
16 14 1 100000 0.1091
16 14 1 100000 0.1073
16 14 1 100000 0.1087
16 14 1 100000 0.1049
16 14 1 100000 0.1061
16 14 1 85000 0.09075
16 14 1 85000 0.0897
16 14 1 85000 0.09573
16 14 1 85000 0.09369
16 14 1 85000 0.09308
16 14 1 75000 0.08287
16 14 1 75000 0.0848
16 14 1 75000 0.08729
16 14 1 75000 0.08516
16 14 1 75000 0.08527
16 14 1 75000 0.08244
16 14 1 50000 0.06453
16 14 1 50000 0.0618
16 14 1 50000 0.06001
16 14 1 50000 0.06168
16 14 1 50000 0.06204
16 14 1 50000 0.06305
16 14 1 50000 0.06207
16 14 1 35000 0.04376
16 14 1 35000 0.04381
16 14 1 35000 0.04386
16 14 1 35000 0.04362
16 14 1 35000 0.04288
16 14 1 35000 0.04479
16 14 1 25000 0.0271
16 14 1 25000 0.0292
16 14 1 25000 0.02908
16 14 1 25000 0.0284
16 14 1 25000 0.029
16 14 1 25000 0.02952
16 14 1 15000 0.01853
16 14 1 15000 0.0178
16 14 1 15000 0.01719
16 14 1 15000 0.01846
16 14 1 15000 0.01815
16 14 1 15000 0.01849
16 14 1 15000 0.01812
16 14 1 10000 0.01334
16 14 1 10000 0.01265
16 14 1 10000 0.0126
16 14 1 10000 0.01369
16 14 1 10000 0.01339
16 14 1 10000 0.01302
16 14 2 113570 0.1276
16 14 2 110943 0.1067
16 14 2 109265 0.1133
16 14 2 107111 0.1129
16 14 2 98580 0.1049
16 14 2 98366 0.1061
16 14 2 94398 0.1009
16 14 2 93101 0.09963
16 14 2 92796 0.1009
16 14 2 89635 0.09658
16 14 2 86982 0.09564
16 14 2 84947 0.09575
16 14 2 82625 0.09538
16 14 2 82593 0.09203
16 14 2 81449 0.09219
16 14 2 80828 0.09142
16 14 2 78957 0.08744
16 14 2 75742 0.08716
16 14 2 53386 0.06584
16 14 2 53382 0.06648
16 14 2 53329 0.06649
16 14 2 52505 0.06746
16 14 2 51959 0.06436
16 14 2 49821 0.06224
16 14 2 49587 0.06216
16 14 2 36662 0.0457
16 14 2 36646 0.04603
16 14 2 36620 0.04506
16 14 2 36225 0.04388
16 14 2 34919 0.04341
16 14 2 33687 0.04431
16 14 2 25848 0.0292
16 14 2 25842 0.02958
16 14 2 25836 0.02999
16 14 2 25822 0.02949
16 14 2 25049 0.02989
16 14 2 24281 0.02789
16 14 2 24185 0.02948
16 14 2 15301 0.01991
16 14 2 15282 0.01897
16 14 2 15157 0.01903
16 14 2 15055 0.01915
16 14 2 14948 0.01826
16 14 2 14918 0.01832
16 14 2 10133 0.01347
16 14 2 10130 0.01401
16 14 2 10108 0.01435
16 14 2 10014 0.01425
16 14 2 9949 0.01367
16 14 2 9873 0.01325
16 14 3 125903 0.1849
16 14 3 119493 0.1277
16 14 3 114360 0.1165
16 14 3 113767 0.1153
16 14 3 103080 0.1076
16 14 3 100393 0.1037
16 14 3 98425 0.1048
16 14 3 96922 0.1035
16 14 3 94777 0.1016
16 14 3 94231 0.1012
16 14 3 91212 0.09778
16 14 3 89311 0.09056
16 14 3 86966 0.09414
16 14 3 82778 0.09136
16 14 3 82763 0.091
16 14 3 81105 0.08809
16 14 3 79433 0.0898
16 14 3 77378 0.08728
16 14 3 56437 0.07019
16 14 3 56437 0.06855
16 14 3 55279 0.06556
16 14 3 55056 0.06438
16 14 3 53874 0.06687
16 14 3 51842 0.06412
16 14 3 51034 0.06175
16 14 3 38393 0.04916
16 14 3 38183 0.04778
16 14 3 37089 0.0461
16 14 3 35714 0.04387
16 14 3 35025 0.04331
16 14 3 34031 0.03965
16 14 3 26707 0.02965
16 14 3 26358 0.02884
16 14 3 25950 0.0295
16 14 3 25501 0.02919
16 14 3 25160 0.02856
16 14 3 24859 0.02878
16 14 3 15605 0.01851
16 14 3 15510 0.01934
16 14 3 15400 0.01888
16 14 3 15236 0.0174
16 14 3 15161 0.01837
16 14 3 15018 0.01816
16 14 3 14734 0.01878
16 14 3 10270 0.01361
16 14 3 10266 0.01371
16 14 3 10215 0.01332
16 14 3 10184 0.01361
16 14 3 10083 0.01324
16 14 3 10018 0.01325
16 14 4 140959 0.1923
16 14 4 129381 0.1928
16 14 4 128677 0.1918
16 14 4 116944 0.1198
16 14 4 113003 0.1279
16 14 4 109647 0.1138
16 14 4 104252 0.107
16 14 4 101245 0.109
16 14 4 99307 0.1087
16 14 4 98218 0.104
16 14 4 97387 0.106
16 14 4 92274 0.09574
16 14 4 90423 0.09885
16 14 4 89029 0.09651
16 14 4 88914 0.09522
16 14 4 83801 0.09321
16 14 4 83658 0.09346
16 14 4 78363 0.09119
16 14 4 73734 0.08265
16 14 4 59110 0.07195
16 14 4 58069 0.07148
16 14 4 57671 0.06913
16 14 4 56022 0.06987
16 14 4 54309 0.06731
16 14 4 50379 0.06202
16 14 4 38871 0.04755
16 14 4 38392 0.04733
16 14 4 36886 0.04575
16 14 4 35651 0.04429
16 14 4 34646 0.04453
16 14 4 32068 0.03692
16 14 4 27576 0.03267
16 14 4 26331 0.0305
16 14 4 26028 0.03072
16 14 4 25513 0.03094
16 14 4 25270 0.0295
16 14 4 24495 0.02815
16 14 4 15825 0.01941
16 14 4 15792 0.01892
16 14 4 15581 0.01868
16 14 4 15481 0.0191
16 14 4 15317 0.01845
16 14 4 15028 0.01857
16 14 4 14889 0.01818
16 14 4 10387 0.01423
16 14 4 10344 0.01394
16 14 4 10321 0.01402
16 14 4 10245 0.0136
16 14 4 10185 0.01377
16 14 4 10013 0.01331
16 14 5 158988 0.2039
16 14 5 140349 0.1975
16 14 5 134667 0.1917
16 14 5 127884 0.1897
16 14 5 125465 0.1924
16 14 5 115810 0.1207
16 14 5 110571 0.1175
16 14 5 109126 0.1201
16 14 5 105942 0.1135
16 14 5 102596 0.1085
16 14 5 99861 0.1067
16 14 5 97706 0.104
16 14 5 97002 0.1048
16 14 5 93735 0.1031
16 14 5 92129 0.1008
16 14 5 90165 0.09769
16 14 5 88230 0.1024
16 14 5 79238 0.0895
16 14 5 76320 0.08745
16 14 5 62253 0.07524
16 14 5 60860 0.07267
16 14 5 60229 0.07221
16 14 5 57449 0.07216
16 14 5 56580 0.07026
16 14 5 41921 0.05221
16 14 5 40700 0.05013
16 14 5 39859 0.04969
16 14 5 38738 0.04845
16 14 5 38378 0.05165
16 14 5 36977 0.04648
16 14 5 33264 0.04073
16 14 5 28534 0.03309
16 14 5 27594 0.03315
16 14 5 26812 0.03053
16 14 5 26266 0.02977
16 14 5 25859 0.03012
16 14 5 25205 0.02987
16 14 5 15997 0.02043
16 14 5 15959 0.02019
16 14 5 15859 0.01954
16 14 5 15623 0.01921
16 14 5 15523 0.01994
16 14 5 15120 0.01895
16 14 5 15010 0.01856
16 14 5 10488 0.0141
16 14 5 10474 0.01441
16 14 5 10416 0.01322
16 14 5 10365 0.01417
16 14 5 10214 0.01388
16 14 5 10159 0.01381
