16 15 1 100000 0.1379
16 15 1 100000 0.1258
16 15 1 100000 0.111
16 15 1 100000 0.1253
16 15 1 100000 0.1503
16 15 1 100000 0.1507
16 15 1 85000 0.1316
16 15 1 85000 0.1319
16 15 1 85000 0.1306
16 15 1 85000 0.1317
16 15 1 85000 0.1289
16 15 1 85000 0.1283
16 15 1 85000 0.1318
16 15 1 75000 0.117
16 15 1 75000 0.1164
16 15 1 75000 0.116
16 15 1 75000 0.1151
16 15 1 75000 0.1164
16 15 1 75000 0.1155
16 15 1 50000 0.07723
16 15 1 50000 0.07544
16 15 1 50000 0.0764
16 15 1 50000 0.07472
16 15 1 50000 0.07263
16 15 1 50000 0.07176
16 15 1 50000 0.07256
16 15 1 35000 0.05053
16 15 1 35000 0.04978
16 15 1 35000 0.05118
16 15 1 35000 0.05004
16 15 1 35000 0.05005
16 15 1 25000 0.03121
16 15 1 25000 0.0301
16 15 1 25000 0.03123
16 15 1 25000 0.02995
16 15 1 25000 0.03188
16 15 1 25000 0.03135
16 15 1 15000 0.0193
16 15 1 15000 0.01993
16 15 1 15000 0.01967
16 15 1 15000 0.01949
16 15 1 15000 0.01934
16 15 1 15000 0.01891
16 15 1 15000 0.0194
16 15 1 10000 0.01338
16 15 1 10000 0.01441
16 15 1 10000 0.01422
16 15 1 10000 0.01379
16 15 1 10000 0.01437
16 15 1 10000 0.01409
16 15 2 113384 0.1518
16 15 2 113156 0.1285
16 15 2 109060 0.1114
16 15 2 107111 0.1115
16 15 2 106811 0.1104
16 15 2 97860 0.1024
16 15 2 94749 0.1009
16 15 2 94242 0.1009
16 15 2 92796 0.09868
16 15 2 89635 0.09489
16 15 2 89457 0.09805
16 15 2 84901 0.09094
16 15 2 82599 0.09077
16 15 2 81449 0.08982
16 15 2 81298 0.09081
16 15 2 80828 0.08958
16 15 2 77462 0.08458
16 15 2 77158 0.08595
16 15 2 73013 0.08205
16 15 2 53382 0.06508
16 15 2 53236 0.06471
16 15 2 53038 0.06598
16 15 2 52151 0.0636
16 15 2 50105 0.0616
16 15 2 49587 0.06197
16 15 2 36662 0.0448
16 15 2 36657 0.04432
16 15 2 36645 0.04531
16 15 2 36620 0.04394
16 15 2 35875 0.04306
16 15 2 33837 0.04189
16 15 2 25848 0.03049
16 15 2 25848 0.0305
16 15 2 25841 0.03016
16 15 2 25828 0.03044
16 15 2 25692 0.02915
16 15 2 25056 0.02854
16 15 2 24273 0.02771
16 15 2 15304 0.01883
16 15 2 15302 0.01819
16 15 2 15300 0.01825
16 15 2 15282 0.0188
16 15 2 15093 0.01881
16 15 2 14943 0.01823
16 15 2 10134 0.01312
16 15 2 10131 0.01331
16 15 2 10113 0.01337
16 15 2 10080 0.01344
16 15 2 9988 0.01298
16 15 2 9914 0.01343
16 15 3 123965 0.1821
16 15 3 120399 0.1202
16 15 3 117142 0.1179
16 15 3 112236 0.1146
16 15 3 104997 0.1103
16 15 3 100393 0.1032
16 15 3 99888 0.104
16 15 3 97884 0.1029
16 15 3 95561 0.1005
16 15 3 94298 0.09821
16 15 3 94212 0.09958
16 15 3 87143 0.09375
16 15 3 86966 0.09174
16 15 3 84156 0.09276
16 15 3 82667 0.08846
16 15 3 80745 0.0887
16 15 3 78706 0.08764
16 15 3 77378 0.08556
16 15 3 69531 0.08106
16 15 3 56906 0.06664
16 15 3 55792 0.06454
16 15 3 55151 0.06408
16 15 3 54484 0.06384
16 15 3 52584 0.06264
16 15 3 51084 0.06104
16 15 3 48260 0.05811
16 15 3 38110 0.04691
16 15 3 36870 0.04412
16 15 3 36246 0.04364
16 15 3 35310 0.04447
16 15 3 34859 0.04173
16 15 3 26710 0.03018
16 15 3 26515 0.02953
16 15 3 25950 0.02953
16 15 3 25702 0.02885
16 15 3 25295 0.03016
16 15 3 25088 0.02862
16 15 3 15611 0.0189
16 15 3 15611 0.01874
16 15 3 15510 0.01926
16 15 3 15430 0.01908
16 15 3 15252 0.01802
16 15 3 15183 0.01764
16 15 3 15018 0.01794
16 15 3 10270 0.01328
16 15 3 10249 0.01339
16 15 3 10215 0.01317
16 15 3 10184 0.01346
16 15 3 10092 0.01296
16 15 3 10027 0.01294
16 15 4 135114 0.1913
16 15 4 129381 0.1915
16 15 4 129107 0.183
16 15 4 117785 0.1197
16 15 4 113308 0.1172
16 15 4 111096 0.1142
16 15 4 105702 0.1094
16 15 4 103556 0.1083
16 15 4 100470 0.1057
16 15 4 98218 0.1021
16 15 4 97387 0.1041
16 15 4 92811 0.1011
16 15 4 92112 0.09969
16 15 4 90423 0.09789
16 15 4 87905 0.09637
16 15 4 85945 0.09231
16 15 4 83236 0.08912
16 15 4 80112 0.08655
16 15 4 78363 0.08617
16 15 4 59110 0.07033
16 15 4 58148 0.06932
16 15 4 57433 0.06753
16 15 4 56078 0.06891
16 15 4 55028 0.06565
16 15 4 51689 0.06207
16 15 4 40058 0.04977
16 15 4 38598 0.04588
16 15 4 38392 0.04623
16 15 4 37829 0.04589
16 15 4 36610 0.04485
16 15 4 35584 0.04369
16 15 4 33740 0.03994
16 15 4 26581 0.03098
16 15 4 26236 0.02986
16 15 4 25935 0.0291
16 15 4 25475 0.02969
16 15 4 25270 0.02941
16 15 4 24014 0.02758
16 15 4 15821 0.01881
16 15 4 15739 0.0201
16 15 4 15549 0.02034
16 15 4 15391 0.01986
16 15 4 15215 0.01767
16 15 4 14962 0.01842
16 15 4 10367 0.01375
16 15 4 10343 0.01339
16 15 4 10312 0.01397
16 15 4 10207 0.01345
16 15 4 10153 0.01327
16 15 4 10013 0.01327
16 15 5 147004 0.2019
16 15 5 144965 0.1983
16 15 5 137429 0.1948
16 15 5 132527 0.1855
16 15 5 122195 0.1232
16 15 5 117526 0.1195
16 15 5 115810 0.119
16 15 5 107166 0.111
16 15 5 106284 0.1115
16 15 5 104578 0.1117
16 15 5 98445 0.1035
16 15 5 97002 0.1027
16 15 5 97002 0.1022
16 15 5 92544 0.09844
16 15 5 92129 0.09906
16 15 5 91464 0.09945
16 15 5 88135 0.09492
16 15 5 84973 0.09192
16 15 5 74701 0.08305
16 15 5 62701 0.07465
16 15 5 62253 0.07346
16 15 5 60885 0.07272
16 15 5 60229 0.07048
16 15 5 57224 0.06856
16 15 5 49069 0.05941
16 15 5 48127 0.05688
16 15 5 39776 0.0471
16 15 5 39076 0.04738
16 15 5 38335 0.04572
16 15 5 37314 0.04535
16 15 5 36389 0.04624
16 15 5 28531 0.03407
16 15 5 27594 0.03308
16 15 5 27051 0.03279
16 15 5 26327 0.03031
16 15 5 26124 0.03069
16 15 5 25703 0.03081
16 15 5 24826 0.02988
16 15 5 15997 0.02049
16 15 5 15859 0.01942
16 15 5 15673 0.02009
16 15 5 15523 0.01977
16 15 5 15323 0.01852
16 15 5 14971 0.0185
16 15 5 10482 0.01377
16 15 5 10451 0.01379
16 15 5 10391 0.01436
16 15 5 10319 0.01406
16 15 5 10214 0.01381
16 15 5 9801 0.01352
