16 1 1 100000 0.1251
16 1 1 100000 0.1391
16 1 1 100000 0.13
16 1 1 100000 0.1068
16 1 1 100000 0.1058
16 1 1 100000 0.1052
16 1 1 85000 0.09643
16 1 1 85000 0.09173
16 1 1 85000 0.09696
16 1 1 85000 0.09507
16 1 1 85000 0.09562
16 1 1 85000 0.09411
16 1 1 85000 0.09445
16 1 1 75000 0.08546
16 1 1 75000 0.08494
16 1 1 75000 0.08542
16 1 1 75000 0.08428
16 1 1 75000 0.08566
16 1 1 75000 0.08589
16 1 1 50000 0.0607
16 1 1 50000 0.06112
16 1 1 50000 0.06298
16 1 1 50000 0.06026
16 1 1 50000 0.06005
16 1 1 50000 0.0607
16 1 1 50000 0.06143
16 1 1 35000 0.04264
16 1 1 35000 0.04416
16 1 1 35000 0.04401
16 1 1 35000 0.04423
16 1 1 35000 0.04302
16 1 1 25000 0.02827
16 1 1 25000 0.03109
16 1 1 25000 0.03096
16 1 1 25000 0.03138
16 1 1 25000 0.03106
16 1 1 25000 0.03129
16 1 1 15000 0.02002
16 1 1 15000 0.01978
16 1 1 15000 0.01935
16 1 1 15000 0.01991
16 1 1 15000 0.01881
16 1 1 15000 0.01898
16 1 1 15000 0.01883
16 1 1 10000 0.01425
16 1 1 10000 0.01361
16 1 1 10000 0.01384
16 1 1 10000 0.01385
16 1 1 10000 0.01308
16 1 1 10000 0.01332
16 1 2 113340 0.156
16 1 2 113136 0.1521
16 1 2 113046 0.156
16 1 2 112895 0.141
16 1 2 112664 0.1526
16 1 2 112164 0.1561
16 1 2 94571 0.1339
16 1 2 94514 0.1338
16 1 2 94455 0.1343
16 1 2 94283 0.1316
16 1 2 94161 0.1304
16 1 2 93590 0.1309
16 1 2 87030 0.1214
16 1 2 82473 0.1193
16 1 2 82458 0.1161
16 1 2 82419 0.1176
16 1 2 82288 0.1152
16 1 2 82173 0.1169
16 1 2 81923 0.09308
16 1 2 53371 0.06524
16 1 2 53326 0.06624
16 1 2 53301 0.06473
16 1 2 53264 0.06713
16 1 2 53161 0.06555
16 1 2 53062 0.06576
16 1 2 36662 0.0435
16 1 2 36647 0.04621
16 1 2 36609 0.04532
16 1 2 36597 0.04376
16 1 2 36580 0.04436
16 1 2 36525 0.04326
16 1 2 36447 0.04385
16 1 2 25836 0.02887
16 1 2 25828 0.02955
16 1 2 25817 0.02995
16 1 2 25804 0.02915
16 1 2 25771 0.02903
16 1 2 25004 0.02941
16 1 2 15300 0.01885
16 1 2 15298 0.01835
16 1 2 15298 0.01853
16 1 2 15291 0.018
16 1 2 15281 0.01787
16 1 2 10134 0.01297
16 1 2 10133 0.01315
16 1 2 10132 0.01265
16 1 2 10131 0.01302
16 1 2 10128 0.01279
16 1 2 10127 0.01273
16 1 2 10118 0.01246
16 1 3 128086 0.2249
16 1 3 127704 0.2199
16 1 3 127572 0.2318
16 1 3 127405 0.2259
16 1 3 126877 0.228
16 1 3 126417 0.2253
16 1 3 105278 0.1489
16 1 3 104919 0.1425
16 1 3 104779 0.1407
16 1 3 104341 0.1141
16 1 3 103988 0.112
16 1 3 103578 0.1373
16 1 3 94838 0.1298
16 1 3 90599 0.1297
16 1 3 90452 0.126
16 1 3 90391 0.1019
16 1 3 90324 0.1004
16 1 3 90199 0.1075
16 1 3 89800 0.1017
16 1 3 56916 0.07088
16 1 3 56811 0.06867
16 1 3 56741 0.0679
16 1 3 56681 0.06851
16 1 3 56563 0.06833
16 1 3 56468 0.06912
16 1 3 56232 0.06636
16 1 3 38304 0.0462
16 1 3 38280 0.04578
16 1 3 38246 0.04562
16 1 3 38192 0.04551
16 1 3 38139 0.04462
16 1 3 26692 0.03049
16 1 3 26673 0.03143
16 1 3 26658 0.02936
16 1 3 26643 0.02965
16 1 3 26617 0.02965
16 1 3 26442 0.0294
16 1 3 15611 0.01843
16 1 3 15602 0.01825
16 1 3 15600 0.01786
16 1 3 15596 0.01809
16 1 3 15589 0.01758
16 1 3 15585 0.01828
16 1 3 15568 0.01889
16 1 3 10268 0.01364
16 1 3 10262 0.01332
16 1 3 10261 0.0134
16 1 3 10258 0.01365
16 1 3 10256 0.0132
16 1 3 10249 0.01333
16 1 4 144765 0.2097
16 1 4 144059 0.2105
16 1 4 143544 0.2085
16 1 4 142962 0.2129
16 1 4 139296 0.1975
16 1 4 138721 0.2049
16 1 4 137245 0.2046
16 1 4 115781 0.1282
16 1 4 115444 0.131
16 1 4 115214 0.1307
16 1 4 112291 0.1267
16 1 4 111487 0.1162
16 1 4 99752 0.1138
16 1 4 99348 0.116
16 1 4 99045 0.1146
16 1 4 98576 0.1124
16 1 4 98424 0.1159
16 1 4 97080 0.1128
16 1 4 92352 0.1046
16 1 4 60511 0.07291
16 1 4 60398 0.0767
16 1 4 60252 0.07553
16 1 4 60118 0.07728
16 1 4 60013 0.07356
16 1 4 59446 0.0743
16 1 4 40099 0.05084
16 1 4 40069 0.05022
16 1 4 40025 0.04997
16 1 4 39975 0.04611
16 1 4 39924 0.04885
16 1 4 39629 0.04781
16 1 4 27601 0.03095
16 1 4 27578 0.0303
16 1 4 27548 0.03146
16 1 4 27518 0.03064
16 1 4 27490 0.03158
16 1 4 27397 0.03192
16 1 4 26957 0.03153
16 1 4 15916 0.01926
16 1 4 15902 0.01969
16 1 4 15897 0.01901
16 1 4 15888 0.01917
16 1 4 15880 0.019
16 1 4 15871 0.02001
16 1 4 10406 0.01367
16 1 4 10400 0.01372
16 1 4 10395 0.01341
16 1 4 10390 0.01408
16 1 4 10385 0.0139
16 1 4 10383 0.01337
16 1 5 162941 0.2241
16 1 5 162144 0.2217
16 1 5 161477 0.2217
16 1 5 159791 0.2184
16 1 5 158157 0.2095
16 1 5 156590 0.214
16 1 5 128829 0.1932
16 1 5 128336 0.1951
16 1 5 127932 0.1985
16 1 5 127671 0.1908
16 1 5 125813 0.1885
16 1 5 123958 0.1873
16 1 5 121286 0.1315
16 1 5 108737 0.1201
16 1 5 108192 0.12
16 1 5 108008 0.1198
16 1 5 107739 0.1195
16 1 5 106533 0.1202
16 1 5 101414 0.1139
16 1 5 64485 0.07776
16 1 5 64359 0.07977
16 1 5 64280 0.07794
16 1 5 64067 0.0776
16 1 5 64013 0.0783
16 1 5 63911 0.07553
16 1 5 61660 0.07543
16 1 5 41881 0.05229
16 1 5 41786 0.05151
16 1 5 41757 0.05183
16 1 5 41617 0.05101
16 1 5 41354 0.05079
16 1 5 28532 0.03271
16 1 5 28444 0.03267
16 1 5 28430 0.03092
16 1 5 28382 0.03254
16 1 5 28323 0.03204
16 1 5 27975 0.03097
16 1 5 16235 0.01903
16 1 5 16230 0.01956
16 1 5 16207 0.01936
16 1 5 16201 0.01976
16 1 5 16196 0.0198
16 1 5 16183 0.01849
16 1 5 16177 0.01959
16 1 5 10541 0.01427
16 1 5 10534 0.01359
16 1 5 10530 0.01369
16 1 5 10527 0.01372
16 1 5 10521 0.0134
16 1 5 10520 0.01407
