16 15 1 100000 0.1377
16 15 1 100000 0.1076
16 15 1 100000 0.1051
16 15 1 100000 0.105
16 15 1 100000 0.1056
16 15 1 100000 0.1061
16 15 1 100000 0.1044
16 15 1 85000 0.0927
16 15 1 85000 0.09307
16 15 1 85000 0.09203
16 15 1 85000 0.09416
16 15 1 85000 0.09028
16 15 1 75000 0.08348
16 15 1 75000 0.08361
16 15 1 75000 0.08538
16 15 1 75000 0.08424
16 15 1 75000 0.08431
16 15 1 75000 0.08132
16 15 1 75000 0.0812
16 15 1 50000 0.05998
16 15 1 50000 0.06105
16 15 1 50000 0.06137
16 15 1 50000 0.05974
16 15 1 50000 0.06111
16 15 1 50000 0.05909
16 15 1 35000 0.04354
16 15 1 35000 0.04222
16 15 1 35000 0.04244
16 15 1 35000 0.04276
16 15 1 35000 0.04258
16 15 1 35000 0.0426
16 15 1 25000 0.0295
16 15 1 25000 0.02903
16 15 1 25000 0.02849
16 15 1 25000 0.02916
16 15 1 25000 0.02968
16 15 1 25000 0.02854
16 15 1 25000 0.0276
16 15 1 15000 0.01837
16 15 1 15000 0.01767
16 15 1 15000 0.01857
16 15 1 15000 0.01845
16 15 1 15000 0.01799
16 15 1 15000 0.0174
16 15 1 10000 0.01251
16 15 1 10000 0.01297
16 15 1 10000 0.01289
16 15 1 10000 0.01271
16 15 1 10000 0.01272
16 15 1 10000 0.01286
16 15 2 113566 0.1163
16 15 2 111187 0.1144
16 15 2 109522 0.1128
16 15 2 108846 0.1105
16 15 2 104915 0.1083
16 15 2 98580 0.1038
16 15 2 94767 0.1004
16 15 2 94398 0.09956
16 15 2 93332 0.09802
16 15 2 89983 0.09003
16 15 2 89080 0.0959
16 15 2 84901 0.09162
16 15 2 82625 0.09318
16 15 2 82497 0.08832
16 15 2 81006 0.08791
16 15 2 79671 0.08857
16 15 2 79635 0.08734
16 15 2 75045 0.0826
16 15 2 73210 0.08215
16 15 2 53386 0.06417
16 15 2 53335 0.06472
16 15 2 53190 0.06603
16 15 2 51959 0.0632
16 15 2 50620 0.06052
16 15 2 49587 0.06111
16 15 2 36662 0.04502
16 15 2 36656 0.04441
16 15 2 36639 0.04511
16 15 2 36535 0.04479
16 15 2 34919 0.04343
16 15 2 33865 0.04167
16 15 2 33687 0.04189
16 15 2 25845 0.03061
16 15 2 25837 0.03009
16 15 2 25822 0.02939
16 15 2 25390 0.02894
16 15 2 25049 0.0301
16 15 2 24198 0.02842
16 15 2 15304 0.01849
16 15 2 15302 0.01896
16 15 2 15300 0.0185
16 15 2 15278 0.01922
16 15 2 15051 0.0184
16 15 2 10135 0.01323
16 15 2 10134 0.01289
16 15 2 10131 0.01312
16 15 2 10113 0.01326
16 15 2 10063 0.0127
16 15 2 9975 0.01314
16 15 2 9882 0.01324
16 15 3 124979 0.1859
16 15 3 120143 0.1496
16 15 3 117142 0.1613
16 15 3 112236 0.1549
16 15 3 103531 0.1491
16 15 3 103080 0.1408
16 15 3 98662 0.1407
16 15 3 96922 0.1379
16 15 3 96294 0.1336
16 15 3 94298 0.1308
16 15 3 91212 0.1305
16 15 3 90150 0.1259
16 15 3 85918 0.1258
16 15 3 84502 0.1212
16 15 3 82763 0.1218
16 15 3 80823 0.1168
16 15 3 78084 0.1158
16 15 3 77446 0.1134
16 15 3 74907 0.1028
16 15 3 56437 0.0849
16 15 3 55428 0.08364
16 15 3 55056 0.08066
16 15 3 53796 0.08034
16 15 3 51842 0.0786
16 15 3 50522 0.07468
16 15 3 38372 0.05513
16 15 3 38183 0.05592
16 15 3 37132 0.05092
16 15 3 36246 0.0442
16 15 3 35452 0.04318
16 15 3 35025 0.0435
16 15 3 34031 0.03984
16 15 3 26515 0.0298
16 15 3 26066 0.02844
16 15 3 25702 0.02895
16 15 3 25295 0.03012
16 15 3 24859 0.02889
16 15 3 24094 0.02771
16 15 3 15551 0.01895
16 15 3 15505 0.0191
16 15 3 15331 0.01783
16 15 3 15232 0.01765
16 15 3 15161 0.01825
16 15 3 14734 0.01872
16 15 3 10250 0.01405
16 15 3 10226 0.01356
16 15 3 10198 0.0125
16 15 3 10108 0.0133
16 15 3 10048 0.01306
16 15 3 9830 0.01302
16 15 4 140673 0.191
16 15 4 129381 0.1924
16 15 4 128016 0.1831
16 15 4 116944 0.1186
16 15 4 112690 0.1162
16 15 4 109647 0.1104
16 15 4 104252 0.107
16 15 4 102312 0.1093
16 15 4 100682 0.1075
16 15 4 99307 0.1069
16 15 4 96187 0.1025
16 15 4 94756 0.1027
16 15 4 91800 0.0974
16 15 4 89509 0.09599
16 15 4 88745 0.09545
16 15 4 84058 0.09057
16 15 4 83502 0.09289
16 15 4 81561 0.09078
16 15 4 74692 0.08466
16 15 4 59486 0.07403
16 15 4 59035 0.07155
16 15 4 57731 0.06903
16 15 4 57074 0.06992
16 15 4 56078 0.06982
16 15 4 50759 0.06115
16 15 4 50379 0.06147
16 15 4 38488 0.04812
16 15 4 37961 0.04537
16 15 4 36886 0.04533
16 15 4 36493 0.04712
16 15 4 34646 0.04427
16 15 4 27600 0.03106
16 15 4 26357 0.03042
16 15 4 26159 0.03125
16 15 4 25686 0.0301
16 15 4 25374 0.0304
16 15 4 24841 0.02906
16 15 4 24495 0.02851
16 15 4 15818 0.01887
16 15 4 15649 0.02032
16 15 4 15547 0.01953
16 15 4 15326 0.01798
16 15 4 15052 0.01861
16 15 4 10409 0.01414
16 15 4 10404 0.01425
16 15 4 10349 0.01437
16 15 4 10334 0.01426
16 15 4 10255 0.01409
16 15 4 10188 0.01338
16 15 4 10130 0.01375
16 15 5 158988 0.2038
16 15 5 140349 0.1975
16 15 5 132527 0.1871
16 15 5 127884 0.1897
16 15 5 124286 0.1826
16 15 5 121581 0.126
16 15 5 111422 0.1172
16 15 5 108291 0.1142
16 15 5 105942 0.1132
16 15 5 102320 0.1084
16 15 5 99861 0.1064
16 15 5 98271 0.1003
16 15 5 94305 0.1013
16 15 5 92739 0.1007
16 15 5 92464 0.09997
16 15 5 91742 0.101
16 15 5 90165 0.09745
16 15 5 82788 0.08974
16 15 5 79189 0.08802
16 15 5 62301 0.0736
16 15 5 61608 0.07249
16 15 5 60432 0.07343
16 15 5 58312 0.06882
16 15 5 57893 0.07019
16 15 5 48652 0.0595
16 15 5 40867 0.04895
16 15 5 40306 0.05095
16 15 5 39729 0.0492
16 15 5 38738 0.04754
16 15 5 38335 0.04594
16 15 5 36977 0.04622
16 15 5 33560 0.0406
16 15 5 27481 0.03231
16 15 5 26792 0.03042
16 15 5 26266 0.02991
16 15 5 25909 0.03012
16 15 5 25283 0.02935
16 15 5 25205 0.03019
16 15 5 15959 0.02053
16 15 5 15859 0.01972
16 15 5 15673 0.02022
16 15 5 15484 0.02028
16 15 5 15291 0.01871
16 15 5 10550 0.01472
16 15 5 10491 0.0145
16 15 5 10474 0.01459
16 15 5 10416 0.01356
16 15 5 10344 0.01398
16 15 5 10288 0.01391
16 15 5 10186 0.01345
