4 1 1 100000 0.1728
4 1 1 100000 0.1627
4 1 1 100000 0.1612
4 1 1 100000 0.1608
4 1 1 100000 0.1575
4 1 1 100000 0.1547
4 1 1 100000 0.1574
4 1 1 100000 0.1574
4 1 1 100000 0.1078
4 1 1 100000 0.1083
4 1 1 100000 0.09096
4 1 1 100000 0.07352
4 1 1 100000 0.0743
4 1 1 100000 0.07542
4 1 1 100000 0.07457
4 1 1 100000 0.07717
4 1 1 100000 0.07492
4 1 1 100000 0.07532
4 1 1 100000 0.07496
4 1 1 100000 0.07401
4 1 1 100000 0.07717
4 1 1 100000 0.07441
4 1 1 100000 0.07428
4 1 1 100000 0.07445
4 1 1 100000 0.07372
4 1 1 85000 0.1164
4 1 1 85000 0.1165
4 1 1 85000 0.1165
4 1 1 85000 0.1141
4 1 1 85000 0.1159
4 1 1 85000 0.1178
4 1 1 85000 0.1154
4 1 1 85000 0.1159
4 1 1 85000 0.06283
4 1 1 85000 0.06345
4 1 1 85000 0.06323
4 1 1 85000 0.06302
4 1 1 85000 0.06408
4 1 1 85000 0.06434
4 1 1 85000 0.06326
4 1 1 85000 0.06394
4 1 1 85000 0.06433
4 1 1 85000 0.06584
4 1 1 85000 0.06388
4 1 1 85000 0.06407
4 1 1 85000 0.06395
4 1 1 85000 0.06354
4 1 1 85000 0.06405
4 1 1 85000 0.06341
4 1 1 85000 0.06635
4 1 1 75000 0.1068
4 1 1 75000 0.1065
4 1 1 75000 0.1062
4 1 1 75000 0.1076
4 1 1 75000 0.1042
4 1 1 75000 0.1062
4 1 1 75000 0.1065
4 1 1 75000 0.1068
4 1 1 75000 0.05391
4 1 1 75000 0.05583
4 1 1 75000 0.0541
4 1 1 75000 0.0539
4 1 1 75000 0.05381
4 1 1 75000 0.05375
4 1 1 75000 0.05421
4 1 1 75000 0.05515
4 1 1 75000 0.05369
4 1 1 75000 0.05373
4 1 1 75000 0.05404
4 1 1 75000 0.05446
4 1 1 75000 0.05393
4 1 1 75000 0.0541
4 1 1 75000 0.05351
4 1 1 75000 0.05561
4 1 1 75000 0.05364
4 1 1 50000 0.08497
4 1 1 50000 0.08213
4 1 1 50000 0.0841
4 1 1 50000 0.08599
4 1 1 50000 0.08403
4 1 1 50000 0.08406
4 1 1 50000 0.08291
4 1 1 50000 0.08341
4 1 1 50000 0.03115
4 1 1 50000 0.03126
4 1 1 50000 0.03118
4 1 1 50000 0.03105
4 1 1 50000 0.03321
4 1 1 50000 0.03102
4 1 1 50000 0.03102
4 1 1 50000 0.03139
4 1 1 50000 0.03135
4 1 1 50000 0.0308
4 1 1 50000 0.03124
4 1 1 50000 0.03123
4 1 1 50000 0.031
4 1 1 50000 0.03094
4 1 1 50000 0.03102
4 1 1 50000 0.03102
4 1 1 50000 0.03088
4 1 1 35000 0.06313
4 1 1 35000 0.06309
4 1 1 35000 0.06313
4 1 1 35000 0.06133
4 1 1 35000 0.0618
4 1 1 35000 0.06205
4 1 1 35000 0.06159
4 1 1 35000 0.06225
4 1 1 35000 0.02353
4 1 1 35000 0.02132
4 1 1 35000 0.02155
4 1 1 35000 0.02137
4 1 1 35000 0.02138
4 1 1 35000 0.02139
4 1 1 35000 0.02129
4 1 1 35000 0.0214
4 1 1 35000 0.02162
4 1 1 35000 0.02118
4 1 1 35000 0.02122
4 1 1 35000 0.02138
4 1 1 35000 0.02118
4 1 1 35000 0.02134
4 1 1 35000 0.0211
4 1 1 35000 0.02364
4 1 1 35000 0.02105
4 1 1 25000 0.0465
4 1 1 25000 0.04549
4 1 1 25000 0.04599
4 1 1 25000 0.04614
4 1 1 25000 0.04539
4 1 1 25000 0.0459
4 1 1 25000 0.04636
4 1 1 25000 0.04596
4 1 1 25000 0.01018
4 1 1 25000 0.01237
4 1 1 25000 0.01214
4 1 1 25000 0.01203
4 1 1 25000 0.01201
4 1 1 25000 0.01008
4 1 1 25000 0.01001
4 1 1 25000 0.01168
4 1 1 25000 0.01008
4 1 1 25000 0.01017
4 1 1 25000 0.009952
4 1 1 25000 0.01001
4 1 1 25000 0.01024
4 1 1 25000 0.009988
4 1 1 25000 0.009891
4 1 1 25000 0.01005
4 1 1 25000 0.01007
4 1 1 15000 0.02809
4 1 1 15000 0.02844
4 1 1 15000 0.02776
4 1 1 15000 0.02826
4 1 1 15000 0.02826
4 1 1 15000 0.02812
4 1 1 15000 0.02845
4 1 1 15000 0.02777
4 1 1 15000 0.006612
4 1 1 15000 0.006519
4 1 1 15000 0.006697
4 1 1 15000 0.006632
4 1 1 15000 0.006687
4 1 1 15000 0.007274
4 1 1 15000 0.006601
4 1 1 15000 0.006613
4 1 1 15000 0.006701
4 1 1 15000 0.006571
4 1 1 15000 0.006635
4 1 1 15000 0.006718
4 1 1 15000 0.006695
4 1 1 15000 0.006528
4 1 1 15000 0.006521
4 1 1 15000 0.006719
4 1 1 15000 0.006673
4 1 1 10000 0.01953
4 1 1 10000 0.01968
4 1 1 10000 0.01934
4 1 1 10000 0.01956
4 1 1 10000 0.01934
4 1 1 10000 0.01942
4 1 1 10000 0.0194
4 1 1 10000 0.01962
4 1 1 10000 0.005265
4 1 1 10000 0.005189
4 1 1 10000 0.005237
4 1 1 10000 0.005201
4 1 1 10000 0.005274
4 1 1 10000 0.005182
4 1 1 10000 0.005213
4 1 1 10000 0.005176
4 1 1 10000 0.005239
4 1 1 10000 0.005239
4 1 1 10000 0.005208
4 1 1 10000 0.005184
4 1 1 10000 0.005195
4 1 1 10000 0.005208
4 1 1 10000 0.005234
4 1 1 10000 0.005202
4 1 1 10000 0.005225
4 1 2 113541 0.1539
4 1 2 108927 0.1349
4 1 2 106486 0.1351
4 1 2 105085 0.1373
4 1 2 102877 0.1328
4 1 2 102354 0.132
4 1 2 101320 0.1322
4 1 2 100000 0.07415
4 1 2 100000 0.07464
4 1 2 100000 0.07424
4 1 2 100000 0.07382
4 1 2 100000 0.07509
4 1 2 100000 0.07792
4 1 2 100000 0.07493
4 1 2 100000 0.07474
4 1 2 100000 0.07516
4 1 2 100000 0.07466
4 1 2 100000 0.07724
4 1 2 100000 0.07464
4 1 2 100000 0.0738
4 1 2 100000 0.07467
4 1 2 100000 0.07393
4 1 2 100000 0.07507
4 1 2 97681 0.128
4 1 2 96356 0.1261
4 1 2 94231 0.1247
4 1 2 91249 0.1216
4 1 2 89908 0.1181
4 1 2 88403 0.1183
4 1 2 86577 0.1169
4 1 2 85000 0.06404
4 1 2 85000 0.06453
4 1 2 85000 0.06358
4 1 2 85000 0.06433
4 1 2 85000 0.06367
4 1 2 85000 0.06352
4 1 2 85000 0.06326
4 1 2 85000 0.06407
4 1 2 85000 0.06366
4 1 2 85000 0.06428
4 1 2 85000 0.06384
4 1 2 85000 0.06349
4 1 2 85000 0.06461
4 1 2 85000 0.06431
4 1 2 85000 0.06362
4 1 2 85000 0.06443
4 1 2 84507 0.1152
4 1 2 83738 0.1134
4 1 2 81884 0.1112
4 1 2 81231 0.1113
4 1 2 81126 0.1119
4 1 2 78980 0.11
4 1 2 78432 0.1088
4 1 2 77618 0.1087
4 1 2 77305 0.1108
4 1 2 76204 0.1101
4 1 2 75000 0.05398
4 1 2 75000 0.05319
4 1 2 75000 0.05386
4 1 2 75000 0.05355
4 1 2 75000 0.05356
4 1 2 75000 0.05339
4 1 2 75000 0.05337
4 1 2 75000 0.05381
4 1 2 75000 0.05331
4 1 2 75000 0.05363
4 1 2 75000 0.05343
4 1 2 75000 0.05312
4 1 2 75000 0.05344
4 1 2 75000 0.05313
4 1 2 75000 0.05414
4 1 2 75000 0.05337
4 1 2 75000 0.05363
4 1 2 74830 0.1155
4 1 2 67987 0.1015
4 1 2 53383 0.08848
4 1 2 53169 0.08854
4 1 2 52580 0.08734
4 1 2 51873 0.08504
4 1 2 51211 0.08645
4 1 2 50778 0.08463
4 1 2 50000 0.03082
4 1 2 50000 0.031
4 1 2 50000 0.03114
4 1 2 50000 0.03104
4 1 2 50000 0.03114
4 1 2 50000 0.03108
4 1 2 50000 0.03079
4 1 2 50000 0.03103
4 1 2 50000 0.03091
4 1 2 50000 0.03103
4 1 2 50000 0.03088
4 1 2 50000 0.03117
4 1 2 50000 0.031
4 1 2 50000 0.03115
4 1 2 50000 0.0312
4 1 2 50000 0.031
4 1 2 50000 0.03098
4 1 2 49400 0.08254
4 1 2 46698 0.07849
4 1 2 36662 0.06412
4 1 2 36662 0.06379
4 1 2 36575 0.063
4 1 2 36004 0.06397
4 1 2 35612 0.0635
4 1 2 35087 0.06188
4 1 2 35000 0.02124
4 1 2 35000 0.02098
4 1 2 35000 0.02113
4 1 2 35000 0.02123
4 1 2 35000 0.02137
4 1 2 35000 0.0211
4 1 2 35000 0.02128
4 1 2 35000 0.02144
4 1 2 35000 0.02143
4 1 2 35000 0.02156
4 1 2 35000 0.02128
4 1 2 35000 0.0214
4 1 2 35000 0.02128
4 1 2 35000 0.02158
4 1 2 35000 0.0213
4 1 2 35000 0.0214
4 1 2 34868 0.06234
4 1 2 34705 0.0612
4 1 2 33687 0.05919
4 1 2 25847 0.04703
4 1 2 25843 0.04683
4 1 2 25707 0.04773
4 1 2 25451 0.0467
4 1 2 25000 0.01009
4 1 2 25000 0.01011
4 1 2 25000 0.01008
4 1 2 25000 0.01002
4 1 2 25000 0.01007
4 1 2 25000 0.00997
4 1 2 25000 0.01001
4 1 2 25000 0.01001
4 1 2 25000 0.01018
4 1 2 25000 0.01027
4 1 2 25000 0.01025
4 1 2 25000 0.01007
4 1 2 25000 0.009949
4 1 2 25000 0.01003
4 1 2 25000 0.0102
4 1 2 25000 0.01013
4 1 2 24948 0.04518
4 1 2 24923 0.04602
4 1 2 24392 0.04438
4 1 2 24334 0.04524
4 1 2 24136 0.04379
4 1 2 15300 0.02967
4 1 2 15278 0.02876
4 1 2 15272 0.02871
4 1 2 15166 0.02894
4 1 2 15114 0.02936
4 1 2 15000 0.006707
4 1 2 15000 0.006575
4 1 2 15000 0.00659
4 1 2 15000 0.006518
4 1 2 15000 0.006583
4 1 2 15000 0.0065
4 1 2 15000 0.006636
4 1 2 15000 0.006541
4 1 2 15000 0.006537
4 1 2 15000 0.006549
4 1 2 15000 0.006603
4 1 2 15000 0.006624
4 1 2 15000 0.006686
4 1 2 15000 0.006521
4 1 2 15000 0.006657
4 1 2 15000 0.006669
4 1 2 15000 0.00668
4 1 2 14997 0.02819
4 1 2 14815 0.02823
4 1 2 14812 0.02878
4 1 2 10134 0.02019
4 1 2 10132 0.02011
4 1 2 10114 0.01996
4 1 2 10099 0.02
4 1 2 10034 0.01973
4 1 2 10005 0.01931
4 1 2 10000 0.005244
4 1 2 10000 0.005293
4 1 2 10000 0.005211
4 1 2 10000 0.005203
4 1 2 10000 0.005241
4 1 2 10000 0.005171
4 1 2 10000 0.005186
4 1 2 10000 0.005194
4 1 2 10000 0.00521
4 1 2 10000 0.005215
4 1 2 10000 0.005154
4 1 2 10000 0.005197
4 1 2 10000 0.005215
4 1 2 10000 0.005181
4 1 2 10000 0.005155
4 1 2 10000 0.00517
4 1 2 10000 0.005157
4 1 2 9943 0.01926
4 1 2 9876 0.01955
4 1 3 121707 0.152
4 1 3 112871 0.1406
4 1 3 111436 0.1406
4 1 3 106831 0.1344
4 1 3 101418 0.1311
4 1 3 101404 0.1324
4 1 3 100000 0.07526
4 1 3 100000 0.07484
4 1 3 100000 0.07472
4 1 3 100000 0.07419
4 1 3 100000 0.07436
4 1 3 100000 0.07452
4 1 3 100000 0.07373
4 1 3 100000 0.07429
4 1 3 100000 0.07375
4 1 3 100000 0.07393
4 1 3 100000 0.07442
4 1 3 100000 0.07425
4 1 3 100000 0.07453
4 1 3 100000 0.07438
4 1 3 100000 0.07493
4 1 3 100000 0.07388
4 1 3 100000 0.07417
4 1 3 97052 0.1256
4 1 3 96298 0.1266
4 1 3 94956 0.1237
4 1 3 93739 0.1225
4 1 3 89100 0.1187
4 1 3 89078 0.1204
4 1 3 85000 0.06396
4 1 3 85000 0.06375
4 1 3 85000 0.06357
4 1 3 85000 0.06334
4 1 3 85000 0.06397
4 1 3 85000 0.06428
4 1 3 85000 0.06436
4 1 3 85000 0.06374
4 1 3 85000 0.06517
4 1 3 85000 0.06462
4 1 3 85000 0.06404
4 1 3 85000 0.06456
4 1 3 85000 0.06376
4 1 3 85000 0.06366
4 1 3 85000 0.06458
4 1 3 85000 0.06352
4 1 3 85000 0.06395
4 1 3 84159 0.1097
4 1 3 81396 0.1129
4 1 3 79687 0.1113
4 1 3 79360 0.1091
4 1 3 78966 0.1099
4 1 3 77254 0.1083
4 1 3 76924 0.1081
4 1 3 76158 0.107
4 1 3 75323 0.1068
4 1 3 75000 0.05361
4 1 3 75000 0.05336
4 1 3 75000 0.05387
4 1 3 75000 0.05338
4 1 3 75000 0.05318
4 1 3 75000 0.05384
4 1 3 75000 0.05386
4 1 3 75000 0.05377
4 1 3 75000 0.0539
4 1 3 75000 0.05306
4 1 3 75000 0.05289
4 1 3 75000 0.05291
4 1 3 75000 0.05363
4 1 3 75000 0.05283
4 1 3 75000 0.05323
4 1 3 75000 0.05284
4 1 3 74953 0.1097
4 1 3 73870 0.1091
4 1 3 73303 0.109
4 1 3 70812 0.1069
4 1 3 55401 0.09225
4 1 3 53824 0.09057
4 1 3 53196 0.0904
4 1 3 52237 0.08905
4 1 3 51861 0.08768
4 1 3 50000 0.0308
4 1 3 50000 0.03096
4 1 3 50000 0.03095
4 1 3 50000 0.03107
4 1 3 50000 0.03109
4 1 3 50000 0.0313
4 1 3 50000 0.03123
4 1 3 50000 0.03096
4 1 3 50000 0.03075
4 1 3 50000 0.03092
4 1 3 50000 0.031
4 1 3 50000 0.03088
4 1 3 50000 0.03114
4 1 3 50000 0.03097
4 1 3 50000 0.03077
4 1 3 50000 0.03105
4 1 3 50000 0.0308
4 1 3 49895 0.08631
4 1 3 48764 0.08419
4 1 3 46864 0.08035
4 1 3 38381 0.06806
4 1 3 37836 0.06654
4 1 3 36181 0.06394
4 1 3 36077 0.06445
4 1 3 35280 0.06377
4 1 3 35017 0.06398
4 1 3 35000 0.0213
4 1 3 35000 0.02122
4 1 3 35000 0.02134
4 1 3 35000 0.0214
4 1 3 35000 0.02117
4 1 3 35000 0.02138
4 1 3 35000 0.02131
4 1 3 35000 0.02145
4 1 3 35000 0.02108
4 1 3 35000 0.02111
4 1 3 35000 0.02101
4 1 3 35000 0.02123
4 1 3 35000 0.02128
4 1 3 35000 0.02117
4 1 3 35000 0.02146
4 1 3 35000 0.02118
4 1 3 35000 0.02099
4 1 3 34408 0.06206
4 1 3 32206 0.05671
4 1 3 26711 0.0483
4 1 3 25908 0.04727
4 1 3 25465 0.04696
4 1 3 25128 0.04641
4 1 3 25000 0.01027
4 1 3 25000 0.01006
4 1 3 25000 0.01006
4 1 3 25000 0.01003
4 1 3 25000 0.01015
4 1 3 25000 0.01009
4 1 3 25000 0.01018
4 1 3 25000 0.0103
4 1 3 25000 0.01017
4 1 3 25000 0.01012
4 1 3 25000 0.01006
4 1 3 25000 0.01001
4 1 3 25000 0.01009
4 1 3 25000 0.01025
4 1 3 25000 0.009967
4 1 3 25000 0.01003
4 1 3 25000 0.01004
4 1 3 24874 0.04516
4 1 3 24044 0.04425
4 1 3 23588 0.0438
4 1 3 23562 0.04344
4 1 3 15589 0.02981
4 1 3 15287 0.02904
4 1 3 15241 0.02916
4 1 3 15084 0.02871
4 1 3 15068 0.02863
4 1 3 15000 0.006752
4 1 3 15000 0.006505
4 1 3 15000 0.006499
4 1 3 15000 0.006661
4 1 3 15000 0.006612
4 1 3 15000 0.009132
4 1 3 15000 0.007969
4 1 3 15000 0.008061
4 1 3 15000 0.007948
4 1 3 15000 0.008086
4 1 3 15000 0.007814
4 1 3 15000 0.00809
4 1 3 15000 0.008015
4 1 3 15000 0.007966
4 1 3 15000 0.007987
4 1 3 15000 0.008027
4 1 3 15000 0.008006
4 1 3 14979 0.03018
4 1 3 14924 0.02969
4 1 3 14795 0.02962
4 1 3 10193 0.02149
4 1 3 10180 0.02111
4 1 3 10137 0.02092
4 1 3 10106 0.02112
4 1 3 10019 0.02046
4 1 3 10007 0.02053
4 1 3 10000 0.006122
4 1 3 10000 0.006094
4 1 3 10000 0.006085
4 1 3 10000 0.005439
4 1 3 10000 0.00523
4 1 3 10000 0.005194
4 1 3 10000 0.005143
4 1 3 10000 0.005219
4 1 3 10000 0.005246
4 1 3 10000 0.005274
4 1 3 10000 0.00523
4 1 3 10000 0.005192
4 1 3 10000 0.0052
4 1 3 10000 0.005321
4 1 3 10000 0.005245
4 1 3 10000 0.005231
4 1 3 10000 0.005261
4 1 3 9975 0.0188
4 1 3 9904 0.01932
4 1 4 135454 0.2728
4 1 4 116395 0.1474
4 1 4 110595 0.1417
4 1 4 108706 0.1387
4 1 4 106130 0.1349
4 1 4 103069 0.1325
4 1 4 100000 0.07467
4 1 4 100000 0.07549
4 1 4 100000 0.07463
4 1 4 100000 0.07466
4 1 4 100000 0.07503
4 1 4 100000 0.07507
4 1 4 100000 0.07499
4 1 4 100000 0.07532
4 1 4 100000 0.07491
4 1 4 100000 0.07488
4 1 4 100000 0.07453
4 1 4 100000 0.07494
4 1 4 100000 0.07458
4 1 4 100000 0.07488
4 1 4 100000 0.07556
4 1 4 100000 0.07558
4 1 4 100000 0.07497
4 1 4 99970 0.1297
4 1 4 97515 0.1279
4 1 4 95321 0.1264
4 1 4 93221 0.1237
4 1 4 90894 0.1215
4 1 4 89765 0.1213
4 1 4 86989 0.1167
4 1 4 85000 0.06436
4 1 4 85000 0.06412
4 1 4 85000 0.06475
4 1 4 85000 0.06375
4 1 4 85000 0.06426
4 1 4 85000 0.0637
4 1 4 85000 0.06415
4 1 4 85000 0.0649
4 1 4 85000 0.06341
4 1 4 85000 0.06406
4 1 4 85000 0.06458
4 1 4 85000 0.06412
4 1 4 85000 0.06314
4 1 4 85000 0.06424
4 1 4 85000 0.06405
4 1 4 85000 0.06394
4 1 4 84439 0.1138
4 1 4 83072 0.1125
4 1 4 81553 0.1121
4 1 4 80631 0.1128
4 1 4 79366 0.11
4 1 4 79209 0.1102
4 1 4 78693 0.1103
4 1 4 77460 0.1088
4 1 4 75542 0.1075
4 1 4 75000 0.05339
4 1 4 75000 0.05352
4 1 4 75000 0.05394
4 1 4 75000 0.05326
4 1 4 75000 0.05341
4 1 4 75000 0.05343
4 1 4 75000 0.05351
4 1 4 75000 0.0528
4 1 4 75000 0.05345
4 1 4 75000 0.0534
4 1 4 75000 0.05367
4 1 4 75000 0.05313
4 1 4 75000 0.05361
4 1 4 75000 0.05292
4 1 4 75000 0.05371
4 1 4 75000 0.05285
4 1 4 74728 0.1068
4 1 4 73755 0.1071
4 1 4 71434 0.1025
4 1 4 64251 0.09879
4 1 4 58503 0.09357
4 1 4 55743 0.08801
4 1 4 55030 0.08962
4 1 4 53050 0.08762
4 1 4 52840 0.08695
4 1 4 52265 0.08699
4 1 4 51007 0.08412
4 1 4 50000 0.03121
4 1 4 50000 0.03145
4 1 4 50000 0.03106
4 1 4 50000 0.03141
4 1 4 50000 0.03117
4 1 4 50000 0.0311
4 1 4 50000 0.03111
4 1 4 50000 0.03098
4 1 4 50000 0.03106
4 1 4 50000 0.03124
4 1 4 50000 0.03121
4 1 4 50000 0.0311
4 1 4 50000 0.03095
4 1 4 50000 0.03089
4 1 4 50000 0.031
4 1 4 50000 0.03096
4 1 4 50000 0.03075
4 1 4 47769 0.07993
4 1 4 38280 0.06478
4 1 4 37375 0.06517
4 1 4 37074 0.06444
4 1 4 36615 0.06375
4 1 4 36442 0.06384
4 1 4 36074 0.06431
4 1 4 35000 0.02152
4 1 4 35000 0.02155
4 1 4 35000 0.02154
4 1 4 35000 0.02139
4 1 4 35000 0.02158
4 1 4 35000 0.02146
4 1 4 35000 0.02134
4 1 4 35000 0.02133
4 1 4 35000 0.02146
4 1 4 35000 0.0215
4 1 4 35000 0.02145
4 1 4 35000 0.02125
4 1 4 35000 0.0211
4 1 4 35000 0.02096
4 1 4 35000 0.02154
4 1 4 35000 0.02124
4 1 4 35000 0.02104
4 1 4 35000 0.02101
4 1 4 32864 0.05835
4 1 4 27182 0.05031
4 1 4 25844 0.04814
4 1 4 25393 0.0469
4 1 4 25185 0.0464
4 1 4 25000 0.01008
4 1 4 25000 0.01009
4 1 4 25000 0.01032
4 1 4 25000 0.01011
4 1 4 25000 0.01012
4 1 4 25000 0.0101
4 1 4 25000 0.01011
4 1 4 25000 0.01006
4 1 4 25000 0.01024
4 1 4 25000 0.01028
4 1 4 25000 0.01014
4 1 4 25000 0.01007
4 1 4 25000 0.01001
4 1 4 25000 0.01029
4 1 4 25000 0.01009
4 1 4 25000 0.01001
4 1 4 24607 0.04603
4 1 4 24501 0.04625
4 1 4 24236 0.04451
4 1 4 23656 0.0448
4 1 4 23624 0.04371
4 1 4 15571 0.0298
4 1 4 15476 0.03044
4 1 4 15333 0.03003
4 1 4 15198 0.02937
4 1 4 15151 0.02863
4 1 4 15000 0.006718
4 1 4 15000 0.006602
4 1 4 15000 0.006609
4 1 4 15000 0.006573
4 1 4 15000 0.006594
4 1 4 15000 0.006611
4 1 4 15000 0.006721
4 1 4 15000 0.00665
4 1 4 15000 0.006714
4 1 4 15000 0.006686
4 1 4 15000 0.006666
4 1 4 15000 0.006562
4 1 4 15000 0.006561
4 1 4 15000 0.006661
4 1 4 15000 0.00666
4 1 4 15000 0.006621
4 1 4 15000 0.006608
4 1 4 14873 0.02868
4 1 4 14870 0.02882
4 1 4 14780 0.02895
4 1 4 10269 0.02113
4 1 4 10196 0.02076
4 1 4 10167 0.02028
4 1 4 10122 0.02003
4 1 4 10114 0.0199
4 1 4 10056 0.02023
4 1 4 10045 0.0205
4 1 4 10000 0.005281
4 1 4 10000 0.005171
4 1 4 10000 0.005224
4 1 4 10000 0.00521
4 1 4 10000 0.005194
4 1 4 10000 0.005398
4 1 4 10000 0.005241
4 1 4 10000 0.005183
4 1 4 10000 0.005202
4 1 4 10000 0.005205
4 1 4 10000 0.005174
4 1 4 10000 0.00521
4 1 4 10000 0.005191
4 1 4 10000 0.005187
4 1 4 10000 0.00517
4 1 4 10000 0.005225
4 1 4 9991 0.01966
4 1 4 9803 0.02
4 1 5 148161 0.2911
4 1 5 123714 0.2657
4 1 5 116382 0.1452
4 1 5 112971 0.1413
4 1 5 108438 0.1365
4 1 5 106619 0.136
4 1 5 102257 0.1309
4 1 5 100000 0.0745
4 1 5 100000 0.07306
4 1 5 100000 0.07512
4 1 5 100000 0.07413
4 1 5 100000 0.07533
4 1 5 100000 0.07412
4 1 5 100000 0.07382
4 1 5 100000 0.07474
4 1 5 100000 0.07462
4 1 5 100000 0.07437
4 1 5 100000 0.0741
4 1 5 100000 0.07402
4 1 5 100000 0.07413
4 1 5 100000 0.07336
4 1 5 100000 0.07369
4 1 5 100000 0.07415
4 1 5 100000 0.07391
4 1 5 97591 0.1316
4 1 5 94049 0.1496
4 1 5 92941 0.1491
4 1 5 90477 0.1446
4 1 5 89929 0.1439
4 1 5 88751 0.1403
4 1 5 87254 0.139
4 1 5 86541 0.139
4 1 5 85000 0.09218
4 1 5 85000 0.09209
4 1 5 85000 0.09273
4 1 5 85000 0.09347
4 1 5 85000 0.09225
4 1 5 85000 0.09359
4 1 5 85000 0.09377
4 1 5 85000 0.09295
4 1 5 85000 0.09289
4 1 5 85000 0.09361
4 1 5 85000 0.09318
4 1 5 85000 0.0928
4 1 5 85000 0.09249
4 1 5 85000 0.09504
4 1 5 85000 0.0946
4 1 5 85000 0.09455
4 1 5 84367 0.137
4 1 5 82599 0.1356
4 1 5 80545 0.123
4 1 5 80490 0.1235
4 1 5 80038 0.1208
4 1 5 77026 0.1169
4 1 5 75000 0.06069
4 1 5 75000 0.07852
4 1 5 75000 0.07769
4 1 5 75000 0.07639
4 1 5 75000 0.07784
4 1 5 75000 0.07898
4 1 5 75000 0.07774
4 1 5 75000 0.079
4 1 5 75000 0.07596
4 1 5 75000 0.07892
4 1 5 75000 0.07718
4 1 5 75000 0.07813
4 1 5 75000 0.07877
4 1 5 75000 0.07747
4 1 5 75000 0.07753
4 1 5 75000 0.07821
4 1 5 75000 0.07761
4 1 5 72511 0.108
4 1 5 71761 0.1111
4 1 5 69051 0.1196
4 1 5 68407 0.1201
4 1 5 58641 0.1069
4 1 5 56154 0.1035
4 1 5 55029 0.1024
4 1 5 54333 0.1015
4 1 5 52689 0.09746
4 1 5 52333 0.09798
4 1 5 50516 0.09352
4 1 5 50000 0.04308
4 1 5 50000 0.04301
4 1 5 50000 0.04267
4 1 5 50000 0.04303
4 1 5 50000 0.04268
4 1 5 50000 0.04285
4 1 5 50000 0.04288
4 1 5 50000 0.04267
4 1 5 50000 0.0431
4 1 5 50000 0.0429
4 1 5 50000 0.0432
4 1 5 50000 0.04277
4 1 5 50000 0.04343
4 1 5 50000 0.04281
4 1 5 50000 0.04287
4 1 5 50000 0.04249
4 1 5 48820 0.09065
4 1 5 47154 0.08796
4 1 5 39471 0.07259
4 1 5 38491 0.07284
4 1 5 38161 0.07136
4 1 5 37128 0.07065
4 1 5 36587 0.07146
4 1 5 35493 0.06967
4 1 5 35083 0.06778
4 1 5 35000 0.02883
4 1 5 35000 0.02873
4 1 5 35000 0.02876
4 1 5 35000 0.02844
4 1 5 35000 0.02872
4 1 5 35000 0.02855
4 1 5 35000 0.02857
4 1 5 35000 0.02867
4 1 5 35000 0.02862
4 1 5 35000 0.02861
4 1 5 35000 0.02903
4 1 5 35000 0.0288
4 1 5 35000 0.02887
4 1 5 35000 0.02861
4 1 5 35000 0.02861
4 1 5 35000 0.02872
4 1 5 34880 0.0672
4 1 5 34237 0.06546
4 1 5 26523 0.04985
4 1 5 25664 0.04967
4 1 5 25446 0.04905
4 1 5 25365 0.04828
4 1 5 25000 0.0126
4 1 5 25000 0.01267
4 1 5 25000 0.01241
4 1 5 25000 0.01235
4 1 5 25000 0.01246
4 1 5 25000 0.0124
4 1 5 25000 0.01268
4 1 5 25000 0.01249
4 1 5 25000 0.01232
4 1 5 25000 0.01252
4 1 5 25000 0.01246
4 1 5 25000 0.0125
4 1 5 25000 0.01236
4 1 5 25000 0.0124
4 1 5 25000 0.01248
4 1 5 25000 0.01265
4 1 5 24894 0.04883
4 1 5 24308 0.04742
4 1 5 24290 0.04723
4 1 5 23631 0.04642
4 1 5 22971 0.04527
4 1 5 15860 0.03218
4 1 5 15776 0.03181
4 1 5 15337 0.0307
4 1 5 15277 0.02977
4 1 5 15116 0.03045
4 1 5 15000 0.007944
4 1 5 15000 0.008035
4 1 5 15000 0.007826
4 1 5 15000 0.007859
4 1 5 15000 0.008066
4 1 5 15000 0.008022
4 1 5 15000 0.008027
4 1 5 15000 0.008155
4 1 5 15000 0.007963
4 1 5 15000 0.007781
4 1 5 15000 0.008027
4 1 5 15000 0.008029
4 1 5 15000 0.008042
4 1 5 15000 0.007898
4 1 5 15000 0.008064
4 1 5 15000 0.00806
4 1 5 15000 0.007742
4 1 5 14980 0.0303
4 1 5 14751 0.02971
4 1 5 14636 0.03005
4 1 5 10322 0.02252
4 1 5 10304 0.02248
4 1 5 10243 0.02201
4 1 5 10141 0.0205
4 1 5 10123 0.02084
4 1 5 10040 0.02065
4 1 5 10000 0.006112
4 1 5 10000 0.006112
4 1 5 10000 0.006247
4 1 5 10000 0.006118
4 1 5 10000 0.00612
4 1 5 10000 0.006096
4 1 5 10000 0.00607
4 1 5 10000 0.006085
4 1 5 10000 0.006063
4 1 5 10000 0.006109
4 1 5 10000 0.006108
4 1 5 10000 0.00609
4 1 5 10000 0.006228
4 1 5 10000 0.006078
4 1 5 10000 0.006083
4 1 5 10000 0.006107
4 1 5 10000 0.00611
4 1 5 9990 0.02039
4 1 5 9684 0.02031
