16 12 1 100000 0.1389
16 12 1 100000 0.1356
16 12 1 100000 0.1315
16 12 1 100000 0.1344
16 12 1 100000 0.133
16 12 1 100000 0.1306
16 12 1 85000 0.1148
16 12 1 85000 0.1136
16 12 1 85000 0.1169
16 12 1 85000 0.115
16 12 1 85000 0.1142
16 12 1 85000 0.117
16 12 1 75000 0.1026
16 12 1 75000 0.1027
16 12 1 75000 0.1009
16 12 1 75000 0.09391
16 12 1 75000 0.07836
16 12 1 75000 0.07879
16 12 1 75000 0.07906
16 12 1 50000 0.05759
16 12 1 50000 0.05751
16 12 1 50000 0.05742
16 12 1 50000 0.0581
16 12 1 50000 0.05678
16 12 1 50000 0.0566
16 12 1 35000 0.04065
16 12 1 35000 0.04003
16 12 1 35000 0.04169
16 12 1 35000 0.04125
16 12 1 35000 0.03937
16 12 1 35000 0.0413
16 12 1 25000 0.02822
16 12 1 25000 0.02722
16 12 1 25000 0.02617
16 12 1 25000 0.02652
16 12 1 25000 0.02522
16 12 1 25000 0.02829
16 12 1 15000 0.01752
16 12 1 15000 0.01663
16 12 1 15000 0.01701
16 12 1 15000 0.0167
16 12 1 15000 0.0168
16 12 1 15000 0.01719
16 12 1 10000 0.01233
16 12 1 10000 0.01239
16 12 1 10000 0.01198
16 12 1 10000 0.01208
16 12 1 10000 0.0119
16 12 1 10000 0.01213
16 12 1 10000 0.01207
16 12 2 113094 0.1124
16 12 2 112847 0.1093
16 12 2 112151 0.1129
16 12 2 112044 0.1114
16 12 2 109984 0.111
16 12 2 105899 0.106
16 12 2 94395 0.09491
16 12 2 94151 0.09908
16 12 2 93903 0.09556
16 12 2 93817 0.09446
16 12 2 92716 0.09374
16 12 2 88581 0.09101
16 12 2 82472 0.08735
16 12 2 82325 0.08701
16 12 2 82146 0.08585
16 12 2 81984 0.08474
16 12 2 81831 0.08632
16 12 2 79763 0.08477
16 12 2 53381 0.06296
16 12 2 53357 0.0618
16 12 2 53311 0.05938
16 12 2 53254 0.0628
16 12 2 53148 0.06125
16 12 2 52996 0.06133
16 12 2 49994 0.05637
16 12 2 36619 0.04218
16 12 2 36594 0.04158
16 12 2 36586 0.04215
16 12 2 36567 0.04462
16 12 2 36537 0.04327
16 12 2 35309 0.04215
16 12 2 25836 0.02848
16 12 2 25819 0.02871
16 12 2 25808 0.02816
16 12 2 25781 0.02813
16 12 2 25732 0.02838
16 12 2 25375 0.02719
16 12 2 24366 0.0263
16 12 2 15293 0.01852
16 12 2 15289 0.01763
16 12 2 15283 0.01759
16 12 2 15260 0.01781
16 12 2 15040 0.01746
16 12 2 14697 0.01769
16 12 2 10132 0.0128
16 12 2 10130 0.0129
16 12 2 10129 0.01271
16 12 2 10128 0.01272
16 12 2 10041 0.01204
16 12 2 9864 0.01276
16 12 3 126784 0.1751
16 12 3 126578 0.1747
16 12 3 125131 0.1694
16 12 3 123516 0.1716
16 12 3 123427 0.1745
16 12 3 118562 0.1134
16 12 3 104444 0.102
16 12 3 104044 0.1044
16 12 3 103773 0.1038
16 12 3 102874 0.1018
16 12 3 99307 0.1017
16 12 3 98923 0.09764
16 12 3 89981 0.09074
16 12 3 89931 0.09025
16 12 3 89652 0.08961
16 12 3 89232 0.09172
16 12 3 87126 0.09058
16 12 3 84501 0.08812
16 12 3 82859 0.08584
16 12 3 56495 0.06436
16 12 3 56429 0.06592
16 12 3 56225 0.06509
16 12 3 55763 0.06194
16 12 3 54195 0.06239
16 12 3 38254 0.04305
16 12 3 38178 0.04342
16 12 3 38174 0.0439
16 12 3 38138 0.04352
16 12 3 38050 0.04373
16 12 3 37109 0.04043
16 12 3 35733 0.04158
16 12 3 26624 0.02752
16 12 3 26610 0.02802
16 12 3 26567 0.02773
16 12 3 26512 0.02783
16 12 3 26223 0.0281
16 12 3 25204 0.02743
16 12 3 15578 0.01826
16 12 3 15568 0.0178
16 12 3 15558 0.01767
16 12 3 15553 0.01792
16 12 3 15520 0.01795
16 12 3 15387 0.01786
16 12 3 15262 0.0173
16 12 3 10256 0.01326
16 12 3 10252 0.01331
16 12 3 10248 0.01315
16 12 3 10242 0.0127
16 12 3 10170 0.01211
16 12 3 10035 0.01236
16 12 4 142868 0.1892
16 12 4 141555 0.1842
16 12 4 140158 0.1844
16 12 4 138836 0.1862
16 12 4 138738 0.1879
16 12 4 135296 0.1777
16 12 4 115617 0.1115
16 12 4 114645 0.1115
16 12 4 113601 0.1123
16 12 4 113136 0.1137
16 12 4 109053 0.1069
16 12 4 108381 0.1072
16 12 4 98360 0.1019
16 12 4 98273 0.09772
16 12 4 97970 0.09846
16 12 4 97077 0.09881
16 12 4 94887 0.09675
16 12 4 93001 0.0953
16 12 4 84219 0.08986
16 12 4 60032 0.06946
16 12 4 60009 0.0669
16 12 4 59834 0.06668
16 12 4 59329 0.0682
16 12 4 57476 0.06598
16 12 4 55746 0.06426
16 12 4 39886 0.04664
16 12 4 39856 0.04579
16 12 4 39776 0.04591
16 12 4 39685 0.04665
16 12 4 38765 0.04418
16 12 4 37295 0.04267
16 12 4 27465 0.02988
16 12 4 27435 0.02909
16 12 4 27391 0.03141
16 12 4 27307 0.0298
16 12 4 27004 0.02889
16 12 4 26012 0.02785
16 12 4 15873 0.01885
16 12 4 15856 0.01827
16 12 4 15843 0.01835
16 12 4 15836 0.01811
16 12 4 15702 0.01786
16 12 4 15584 0.01844
16 12 4 10387 0.01362
16 12 4 10382 0.01388
16 12 4 10378 0.01317
16 12 4 10371 0.0137
16 12 4 10294 0.01341
16 12 4 10263 0.01334
16 12 5 157144 0.1902
16 12 5 152846 0.1831
16 12 5 151498 0.1896
16 12 5 149588 0.1887
16 12 5 146797 0.1841
16 12 5 144519 0.1827
16 12 5 126952 0.1757
16 12 5 124135 0.1733
16 12 5 120603 0.1169
16 12 5 119493 0.1135
16 12 5 115724 0.1121
16 12 5 113480 0.1079
16 12 5 107929 0.1068
16 12 5 105646 0.1048
16 12 5 102930 0.1015
16 12 5 101563 0.1017
16 12 5 100807 0.1022
16 12 5 94637 0.0959
16 12 5 64007 0.06844
16 12 5 63869 0.06949
16 12 5 62667 0.06935
16 12 5 61005 0.06881
16 12 5 60032 0.07807
16 12 5 59062 0.06473
16 12 5 56964 0.06454
16 12 5 41630 0.04672
16 12 5 41540 0.04742
16 12 5 40473 0.04518
16 12 5 39923 0.04749
16 12 5 38769 0.05136
16 12 5 37843 0.04863
16 12 5 28387 0.03273
16 12 5 28346 0.03342
16 12 5 28112 0.0322
16 12 5 27880 0.03338
16 12 5 27502 0.03217
16 12 5 27380 0.03054
16 12 5 25097 0.02957
16 12 5 16154 0.01971
16 12 5 16039 0.01954
16 12 5 15881 0.02001
16 12 5 15838 0.01964
16 12 5 15584 0.01897
16 12 5 10520 0.01371
16 12 5 10510 0.01365
16 12 5 10440 0.01367
16 12 5 10412 0.01476
16 12 5 10371 0.0139
16 12 5 10267 0.01404
16 12 5 10154 0.01331
