16 3 1 100000 0.1787
16 3 1 100000 0.1712
16 3 1 100000 0.1673
16 3 1 100000 0.1652
16 3 1 100000 0.1668
16 3 1 100000 0.1641
16 3 1 85000 0.1474
16 3 1 85000 0.1471
16 3 1 85000 0.1478
16 3 1 85000 0.1471
16 3 1 85000 0.147
16 3 1 85000 0.1455
16 3 1 85000 0.1465
16 3 1 75000 0.1287
16 3 1 75000 0.1302
16 3 1 75000 0.1317
16 3 1 75000 0.1314
16 3 1 75000 0.1329
16 3 1 75000 0.1341
16 3 1 50000 0.09752
16 3 1 50000 0.09882
16 3 1 50000 0.09723
16 3 1 50000 0.09655
16 3 1 50000 0.09626
16 3 1 50000 0.09049
16 3 1 35000 0.06171
16 3 1 35000 0.06132
16 3 1 35000 0.06265
16 3 1 35000 0.06274
16 3 1 35000 0.06207
16 3 1 35000 0.06294
16 3 1 35000 0.06187
16 3 1 25000 0.04586
16 3 1 25000 0.04513
16 3 1 25000 0.04475
16 3 1 25000 0.04549
16 3 1 25000 0.04556
16 3 1 25000 0.04582
16 3 1 15000 0.02787
16 3 1 15000 0.02806
16 3 1 15000 0.02812
16 3 1 15000 0.02791
16 3 1 15000 0.02794
16 3 1 15000 0.028
16 3 1 10000 0.01956
16 3 1 10000 0.01897
16 3 1 10000 0.0197
16 3 1 10000 0.01939
16 3 1 10000 0.01958
16 3 1 10000 0.01942
16 3 2 112362 0.1412
16 3 2 109604 0.1378
16 3 2 107503 0.136
16 3 2 102279 0.1312
16 3 2 100628 0.1311
16 3 2 94649 0.1267
16 3 2 94594 0.1247
16 3 2 91170 0.1215
16 3 2 86577 0.1176
16 3 2 85372 0.1151
16 3 2 83738 0.114
16 3 2 81792 0.1136
16 3 2 80416 0.1111
16 3 2 78203 0.1094
16 3 2 77305 0.1108
16 3 2 76106 0.1095
16 3 2 75437 0.1061
16 3 2 74986 0.1072
16 3 2 70056 0.1047
16 3 2 53383 0.08865
16 3 2 52972 0.08682
16 3 2 52280 0.08781
16 3 2 51311 0.08626
16 3 2 49747 0.08265
16 3 2 49163 0.08059
16 3 2 36662 0.064
16 3 2 36545 0.06398
16 3 2 36050 0.06359
16 3 2 35380 0.06237
16 3 2 35262 0.06276
16 3 2 33687 0.05833
16 3 2 33687 0.05827
16 3 2 25839 0.04692
16 3 2 25701 0.04695
16 3 2 25000 0.04624
16 3 2 24964 0.04631
16 3 2 24335 0.04514
16 3 2 15298 0.02922
16 3 2 15289 0.0283
16 3 2 15184 0.029
16 3 2 15105 0.02875
16 3 2 15035 0.02828
16 3 2 14980 0.02829
16 3 2 14812 0.02798
16 3 2 10133 0.02008
16 3 2 10128 0.01956
16 3 2 10100 0.02014
16 3 2 10076 0.01975
16 3 2 9989 0.0194
16 3 2 9913 0.01948
16 3 3 116176 0.147
16 3 3 113560 0.1438
16 3 3 108512 0.1682
16 3 3 107359 0.1641
16 3 3 104187 0.1738
16 3 3 96309 0.1605
16 3 3 92352 0.1528
16 3 3 90725 0.1313
16 3 3 88745 0.1192
16 3 3 88745 0.1191
16 3 3 83960 0.1149
16 3 3 83471 0.1139
16 3 3 82296 0.1133
16 3 3 81055 0.1081
16 3 3 76753 0.1085
16 3 3 76611 0.1088
16 3 3 75177 0.1071
16 3 3 72130 0.1058
16 3 3 69624 0.105
16 3 3 56532 0.09095
16 3 3 56202 0.09078
16 3 3 52599 0.08743
16 3 3 51170 0.08509
16 3 3 51125 0.0869
16 3 3 46826 0.08087
16 3 3 46826 0.08046
16 3 3 36283 0.06436
16 3 3 35677 0.06288
16 3 3 34991 0.06235
16 3 3 34787 0.06159
16 3 3 33252 0.0587
16 3 3 25960 0.04788
16 3 3 25568 0.04762
16 3 3 25285 0.04618
16 3 3 25178 0.04619
16 3 3 24970 0.04618
16 3 3 24099 0.04499
16 3 3 15585 0.02999
16 3 3 15461 0.02981
16 3 3 15392 0.03044
16 3 3 15302 0.02877
16 3 3 15218 0.02851
16 3 3 14953 0.02894
16 3 3 14817 0.02812
16 3 3 10253 0.02045
16 3 3 10215 0.0201
16 3 3 10129 0.01999
16 3 3 10059 0.02016
16 3 3 10031 0.01948
16 3 3 9977 0.0196
16 3 4 120992 0.1521
16 3 4 115425 0.1466
16 3 4 112488 0.1435
16 3 4 106284 0.1386
16 3 4 103689 0.137
16 3 4 102481 0.1354
16 3 4 97122 0.1294
16 3 4 94171 0.1259
16 3 4 91715 0.1242
16 3 4 91053 0.1244
16 3 4 88956 0.121
16 3 4 88275 0.1198
16 3 4 81775 0.1136
16 3 4 80393 0.1138
16 3 4 79359 0.1083
16 3 4 75876 0.1082
16 3 4 73589 0.1081
16 3 4 73589 0.1085
16 3 4 65357 0.1017
16 3 4 59921 0.09778
16 3 4 55957 0.09331
16 3 4 53999 0.08994
16 3 4 53340 0.08949
16 3 4 50299 0.08616
16 3 4 47602 0.08202
16 3 4 39905 0.06915
16 3 4 36918 0.06548
16 3 4 36568 0.06451
16 3 4 35119 0.06351
16 3 4 34861 0.06274
16 3 4 33614 0.05998
16 3 4 33294 0.05955
16 3 4 26025 0.04888
16 3 4 25716 0.04884
16 3 4 25672 0.04888
16 3 4 24698 0.04698
16 3 4 24167 0.04626
16 3 4 15736 0.03044
16 3 4 15633 0.03144
16 3 4 15408 0.03054
16 3 4 15334 0.0298
16 3 4 15232 0.02996
16 3 4 15089 0.02925
16 3 4 14762 0.02966
16 3 4 10308 0.02135
16 3 4 10259 0.021
16 3 4 10157 0.02047
16 3 4 10140 0.02075
16 3 4 10055 0.01998
16 3 4 10029 0.02054
16 3 5 121466 0.1501
16 3 5 118206 0.1481
16 3 5 114148 0.1435
16 3 5 111670 0.1419
16 3 5 111333 0.141
16 3 5 107191 0.1385
16 3 5 100020 0.1297
16 3 5 97999 0.1269
16 3 5 96986 0.1284
16 3 5 92174 0.1224
16 3 5 88723 0.119
16 3 5 87211 0.1181
16 3 5 86051 0.1165
16 3 5 81879 0.1128
16 3 5 80413 0.1119
16 3 5 78649 0.1095
16 3 5 75865 0.108
16 3 5 70544 0.1024
16 3 5 69643 0.1032
16 3 5 56915 0.09098
16 3 5 54327 0.09091
16 3 5 53569 0.08754
16 3 5 52458 0.0867
16 3 5 50506 0.0852
16 3 5 47200 0.0796
16 3 5 38549 0.06473
16 3 5 38410 0.06571
16 3 5 37000 0.0646
16 3 5 35840 0.06374
16 3 5 35085 0.06214
16 3 5 34509 0.06074
16 3 5 27574 0.05061
16 3 5 26588 0.04907
16 3 5 26310 0.04845
16 3 5 25784 0.04797
16 3 5 25507 0.04729
16 3 5 24891 0.04659
16 3 5 23442 0.0449
16 3 5 15662 0.03039
16 3 5 15472 0.03079
16 3 5 15340 0.03001
16 3 5 15225 0.02901
16 3 5 14891 0.0287
16 3 5 14537 0.0288
16 3 5 10280 0.02124
16 3 5 10185 0.02046
16 3 5 10152 0.02023
16 3 5 10110 0.0199
16 3 5 10033 0.02027
16 3 5 9916 0.02023
