16 15 1 100000 0.1135
16 15 1 100000 0.1076
16 15 1 100000 0.106
16 15 1 100000 0.1028
16 15 1 100000 0.1026
16 15 1 100000 0.1025
16 15 1 85000 0.09267
16 15 1 85000 0.08805
16 15 1 85000 0.09265
16 15 1 85000 0.0922
16 15 1 85000 0.09176
16 15 1 85000 0.09157
16 15 1 85000 0.09261
16 15 1 75000 0.08342
16 15 1 75000 0.08251
16 15 1 75000 0.0813
16 15 1 75000 0.08149
16 15 1 75000 0.08301
16 15 1 75000 0.08269
16 15 1 50000 0.06091
16 15 1 50000 0.06021
16 15 1 50000 0.0608
16 15 1 50000 0.05979
16 15 1 50000 0.05864
16 15 1 50000 0.05967
16 15 1 50000 0.06023
16 15 1 35000 0.04322
16 15 1 35000 0.0435
16 15 1 35000 0.04319
16 15 1 35000 0.04421
16 15 1 35000 0.04197
16 15 1 25000 0.02941
16 15 1 25000 0.02898
16 15 1 25000 0.02849
16 15 1 25000 0.03006
16 15 1 25000 0.02969
16 15 1 25000 0.02911
16 15 1 15000 0.01886
16 15 1 15000 0.01759
16 15 1 15000 0.01805
16 15 1 15000 0.01864
16 15 1 15000 0.01748
16 15 1 15000 0.01839
16 15 1 15000 0.01773
16 15 1 10000 0.01332
16 15 1 10000 0.01309
16 15 1 10000 0.01296
16 15 1 10000 0.01333
16 15 1 10000 0.01257
16 15 1 10000 0.01306
16 15 2 113566 0.1561
16 15 2 111077 0.1536
16 15 2 109586 0.149
16 15 2 108846 0.147
16 15 2 104915 0.1493
16 15 2 98940 0.1381
16 15 2 94753 0.1349
16 15 2 94398 0.1339
16 15 2 92926 0.1319
16 15 2 91205 0.1313
16 15 2 88106 0.1277
16 15 2 84529 0.1221
16 15 2 82625 0.1217
16 15 2 82512 0.1184
16 15 2 81113 0.1172
16 15 2 80429 0.1078
16 15 2 77462 0.08599
16 15 2 76456 0.08705
16 15 2 73518 0.08328
16 15 2 53383 0.06586
16 15 2 53280 0.06613
16 15 2 52643 0.06503
16 15 2 52505 0.06412
16 15 2 50105 0.06239
16 15 2 49649 0.06076
16 15 2 36662 0.04529
16 15 2 36656 0.04448
16 15 2 36639 0.04316
16 15 2 36620 0.04639
16 15 2 35178 0.0431
16 15 2 33865 0.04165
16 15 2 33512 0.03985
16 15 2 25848 0.02927
16 15 2 25838 0.0306
16 15 2 25822 0.02972
16 15 2 25654 0.02878
16 15 2 24982 0.02969
16 15 2 24185 0.02932
16 15 2 15303 0.01836
16 15 2 15302 0.01824
16 15 2 15292 0.01885
16 15 2 15246 0.01854
16 15 2 14956 0.0193
16 15 2 14933 0.01848
16 15 2 10133 0.01335
16 15 2 10130 0.01402
16 15 2 10108 0.01317
16 15 2 10051 0.01298
16 15 2 9949 0.01309
16 15 2 9873 0.01296
16 15 3 123965 0.1828
16 15 3 120399 0.1212
16 15 3 118363 0.1205
16 15 3 108609 0.1131
16 15 3 108609 0.1472
16 15 3 99888 0.1352
16 15 3 98809 0.1327
16 15 3 98055 0.1105
16 15 3 95561 0.1001
16 15 3 94754 0.1004
16 15 3 93209 0.09713
16 15 3 88820 0.09643
16 15 3 85169 0.09211
16 15 3 85169 0.09255
16 15 3 81755 0.08793
16 15 3 81755 0.0882
16 15 3 77768 0.08616
16 15 3 77446 0.08523
16 15 3 75064 0.08348
16 15 3 55949 0.06732
16 15 3 55774 0.0661
16 15 3 55127 0.06696
16 15 3 53187 0.06457
16 15 3 52583 0.06279
16 15 3 48413 0.05846
16 15 3 48260 0.05764
16 15 3 38110 0.04648
16 15 3 37089 0.0455
16 15 3 36142 0.04455
16 15 3 35310 0.04429
16 15 3 34147 0.04105
16 15 3 26719 0.03022
16 15 3 26692 0.03051
16 15 3 26066 0.02851
16 15 3 25758 0.02874
16 15 3 25371 0.02941
16 15 3 25160 0.02883
16 15 3 24669 0.02842
16 15 3 15551 0.01916
16 15 3 15478 0.01841
16 15 3 15331 0.01791
16 15 3 15192 0.01865
16 15 3 15112 0.01789
16 15 3 10270 0.01378
16 15 3 10268 0.01348
16 15 3 10242 0.01362
16 15 3 10206 0.01332
16 15 3 10124 0.01304
16 15 3 10070 0.01327
16 15 3 9996 0.01298
16 15 4 140673 0.1874
16 15 4 129373 0.1829
16 15 4 128677 0.1901
16 15 4 113792 0.1164
16 15 4 113308 0.1173
16 15 4 111096 0.1137
16 15 4 105500 0.1093
16 15 4 101625 0.107
16 15 4 100682 0.1067
16 15 4 99114 0.1053
16 15 4 96187 0.1017
16 15 4 94788 0.1006
16 15 4 92112 0.1002
16 15 4 89173 0.09846
16 15 4 88914 0.09284
16 15 4 83801 0.09223
16 15 4 83658 0.09188
16 15 4 81561 0.09005
16 15 4 73734 0.08119
16 15 4 60244 0.07158
16 15 4 59035 0.07032
16 15 4 58069 0.06932
16 15 4 57026 0.06739
16 15 4 55028 0.06534
16 15 4 52498 0.06474
16 15 4 39399 0.04862
16 15 4 39048 0.0456
16 15 4 38488 0.04735
16 15 4 37774 0.04629
16 15 4 36610 0.04484
16 15 4 35651 0.04353
16 15 4 27602 0.03313
16 15 4 27592 0.03219
16 15 4 26357 0.03032
16 15 4 26159 0.03089
16 15 4 25686 0.02977
16 15 4 25374 0.03018
16 15 4 24516 0.02904
16 15 4 15825 0.01958
16 15 4 15739 0.02031
16 15 4 15549 0.02034
16 15 4 15405 0.01917
16 15 4 15302 0.01918
16 15 4 15009 0.01967
16 15 4 10387 0.01441
16 15 4 10349 0.01435
16 15 4 10321 0.0143
16 15 4 10245 0.01374
16 15 4 10185 0.01341
16 15 4 10085 0.01341
16 15 5 153352 0.2018
16 15 5 141586 0.1962
16 15 5 135900 0.1901
16 15 5 129191 0.1844
16 15 5 124286 0.1813
16 15 5 117526 0.1194
16 15 5 113275 0.116
16 15 5 109126 0.113
16 15 5 107098 0.1103
16 15 5 102320 0.1069
16 15 5 99861 0.1049
16 15 5 97706 0.1028
16 15 5 94305 0.1001
16 15 5 93858 0.09928
16 15 5 92190 0.09814
16 15 5 91477 0.09728
16 15 5 88230 0.096
16 15 5 85159 0.0933
16 15 5 74701 0.08369
16 15 5 64230 0.07428
16 15 5 62017 0.07205
16 15 5 60860 0.0703
16 15 5 59872 0.07165
16 15 5 56017 0.06788
16 15 5 55097 0.06598
16 15 5 40700 0.0488
16 15 5 40171 0.05135
16 15 5 39497 0.05237
16 15 5 38644 0.04681
16 15 5 38238 0.04762
16 15 5 36389 0.04629
16 15 5 28531 0.03354
16 15 5 28161 0.03216
16 15 5 26923 0.03211
16 15 5 26319 0.02987
16 15 5 26124 0.03049
16 15 5 25672 0.03003
16 15 5 24554 0.02922
16 15 5 16052 0.02033
16 15 5 15883 0.02012
16 15 5 15820 0.0193
16 15 5 15523 0.01993
16 15 5 15330 0.01839
16 15 5 14971 0.01854
16 15 5 10488 0.01419
16 15 5 10451 0.01412
16 15 5 10403 0.01456
16 15 5 10319 0.01441
16 15 5 10207 0.01378
16 15 5 9974 0.01342
