8 3 1 100000 0.1175
8 3 1 100000 0.1101
8 3 1 100000 0.07397
8 3 1 100000 0.07298
8 3 1 100000 0.0728
8 3 1 100000 0.07378
8 3 1 100000 0.073
8 3 1 100000 0.07369
8 3 1 100000 0.07374
8 3 1 100000 0.07287
8 3 1 100000 0.07286
8 3 1 100000 0.0735
8 3 1 85000 0.06353
8 3 1 85000 0.06323
8 3 1 85000 0.06355
8 3 1 85000 0.06343
8 3 1 85000 0.06383
8 3 1 85000 0.06339
8 3 1 85000 0.06368
8 3 1 85000 0.06345
8 3 1 85000 0.0633
8 3 1 85000 0.06307
8 3 1 85000 0.06391
8 3 1 85000 0.06376
8 3 1 85000 0.06335
8 3 1 75000 0.05361
8 3 1 75000 0.05347
8 3 1 75000 0.05374
8 3 1 75000 0.05378
8 3 1 75000 0.05392
8 3 1 75000 0.05347
8 3 1 75000 0.05369
8 3 1 75000 0.05377
8 3 1 75000 0.05379
8 3 1 75000 0.05371
8 3 1 75000 0.05381
8 3 1 75000 0.05374
8 3 1 75000 0.05356
8 3 1 50000 0.0316
8 3 1 50000 0.03193
8 3 1 50000 0.03138
8 3 1 50000 0.03144
8 3 1 50000 0.03142
8 3 1 50000 0.03165
8 3 1 50000 0.03154
8 3 1 50000 0.0314
8 3 1 50000 0.03163
8 3 1 50000 0.03158
8 3 1 50000 0.03155
8 3 1 50000 0.03161
8 3 1 35000 0.021
8 3 1 35000 0.02098
8 3 1 35000 0.02101
8 3 1 35000 0.02096
8 3 1 35000 0.02093
8 3 1 35000 0.02119
8 3 1 35000 0.02102
8 3 1 35000 0.02108
8 3 1 35000 0.02104
8 3 1 35000 0.02105
8 3 1 35000 0.02102
8 3 1 35000 0.02122
8 3 1 25000 0.009926
8 3 1 25000 0.01008
8 3 1 25000 0.01015
8 3 1 25000 0.01015
8 3 1 25000 0.01001
8 3 1 25000 0.009961
8 3 1 25000 0.01002
8 3 1 25000 0.01008
8 3 1 25000 0.0101
8 3 1 25000 0.01005
8 3 1 25000 0.009985
8 3 1 25000 0.009894
8 3 1 25000 0.009936
8 3 1 15000 0.006544
8 3 1 15000 0.006578
8 3 1 15000 0.006534
8 3 1 15000 0.006609
8 3 1 15000 0.00644
8 3 1 15000 0.00647
8 3 1 15000 0.006643
8 3 1 15000 0.006591
8 3 1 15000 0.006572
8 3 1 15000 0.006614
8 3 1 15000 0.006611
8 3 1 15000 0.006446
8 3 1 10000 0.005087
8 3 1 10000 0.005133
8 3 1 10000 0.005149
8 3 1 10000 0.00514
8 3 1 10000 0.005112
8 3 1 10000 0.00511
8 3 1 10000 0.005129
8 3 1 10000 0.005272
8 3 1 10000 0.005128
8 3 1 10000 0.005088
8 3 1 10000 0.005058
8 3 1 10000 0.00521
8 3 1 10000 0.005154
8 3 2 100000 0.07342
8 3 2 100000 0.07366
8 3 2 100000 0.07327
8 3 2 100000 0.07404
8 3 2 100000 0.07386
8 3 2 100000 0.0739
8 3 2 100000 0.07359
8 3 2 100000 0.0732
8 3 2 100000 0.0726
8 3 2 100000 0.0727
8 3 2 100000 0.07297
8 3 2 100000 0.07332
8 3 2 85000 0.06305
8 3 2 85000 0.06342
8 3 2 85000 0.06345
8 3 2 85000 0.0633
8 3 2 85000 0.06353
8 3 2 85000 0.06282
8 3 2 85000 0.06306
8 3 2 85000 0.06294
8 3 2 85000 0.06327
8 3 2 85000 0.06323
8 3 2 85000 0.06346
8 3 2 85000 0.06251
8 3 2 85000 0.06307
8 3 2 75000 0.05387
8 3 2 75000 0.05374
8 3 2 75000 0.0541
8 3 2 75000 0.07778
8 3 2 75000 0.07796
8 3 2 75000 0.07744
8 3 2 75000 0.07796
8 3 2 75000 0.0783
8 3 2 75000 0.07799
8 3 2 75000 0.07817
8 3 2 75000 0.07807
8 3 2 75000 0.07759
8 3 2 75000 0.07794
8 3 2 50000 0.04478
8 3 2 50000 0.04411
8 3 2 50000 0.0443
8 3 2 50000 0.04378
8 3 2 50000 0.04583
8 3 2 50000 0.04453
8 3 2 50000 0.04409
8 3 2 50000 0.04452
8 3 2 50000 0.04457
8 3 2 50000 0.0439
8 3 2 50000 0.0442
8 3 2 50000 0.04414
8 3 2 35000 0.02864
8 3 2 35000 0.02876
8 3 2 35000 0.02853
8 3 2 35000 0.02845
8 3 2 35000 0.02871
8 3 2 35000 0.02866
8 3 2 35000 0.02866
8 3 2 35000 0.02857
8 3 2 35000 0.02877
8 3 2 35000 0.02874
8 3 2 35000 0.02871
8 3 2 35000 0.02859
8 3 2 25000 0.01255
8 3 2 25000 0.01285
8 3 2 25000 0.0125
8 3 2 25000 0.01245
8 3 2 25000 0.01246
8 3 2 25000 0.01233
8 3 2 25000 0.0126
8 3 2 25000 0.01246
8 3 2 25000 0.01238
8 3 2 25000 0.01257
8 3 2 25000 0.01253
8 3 2 25000 0.01243
8 3 2 25000 0.01268
8 3 2 15000 0.008002
8 3 2 15000 0.0081
8 3 2 15000 0.008039
8 3 2 15000 0.008196
8 3 2 15000 0.00794
8 3 2 15000 0.007884
8 3 2 15000 0.007819
8 3 2 15000 0.007889
8 3 2 15000 0.007918
8 3 2 15000 0.007933
8 3 2 15000 0.007855
8 3 2 15000 0.0079
8 3 2 10000 0.006054
8 3 2 10000 0.006125
8 3 2 10000 0.006164
8 3 2 10000 0.006126
8 3 2 10000 0.00608
8 3 2 10000 0.006104
8 3 2 10000 0.006042
8 3 2 10000 0.006052
8 3 2 10000 0.00604
8 3 2 10000 0.006113
8 3 2 10000 0.006115
8 3 2 10000 0.006059
8 3 2 10000 0.00625
8 3 3 100000 0.1088
8 3 3 100000 0.1084
8 3 3 100000 0.1086
8 3 3 100000 0.1094
8 3 3 100000 0.1093
8 3 3 100000 0.108
8 3 3 100000 0.1085
8 3 3 100000 0.107
8 3 3 100000 0.1083
8 3 3 100000 0.1086
8 3 3 100000 0.1088
8 3 3 100000 0.1088
8 3 3 85000 0.09188
8 3 3 85000 0.0921
8 3 3 85000 0.09245
8 3 3 85000 0.09256
8 3 3 85000 0.09641
8 3 3 85000 0.09775
8 3 3 85000 0.1007
8 3 3 85000 0.09347
8 3 3 85000 0.06869
8 3 3 85000 0.06907
8 3 3 85000 0.07004
8 3 3 85000 0.06846
8 3 3 85000 0.06858
8 3 3 75000 0.05819
8 3 3 75000 0.0607
8 3 3 75000 0.06058
8 3 3 75000 0.06129
8 3 3 75000 0.06011
8 3 3 75000 0.06096
8 3 3 75000 0.06031
8 3 3 75000 0.06094
8 3 3 75000 0.06061
8 3 3 75000 0.05906
8 3 3 75000 0.05875
8 3 3 75000 0.0607
8 3 3 75000 0.05871
8 3 3 50000 0.03354
8 3 3 50000 0.03424
8 3 3 50000 0.03405
8 3 3 50000 0.034
8 3 3 50000 0.03415
8 3 3 50000 0.03417
8 3 3 50000 0.03459
8 3 3 50000 0.03418
8 3 3 50000 0.03433
8 3 3 50000 0.03441
8 3 3 50000 0.03418
8 3 3 50000 0.03457
8 3 3 35000 0.02287
8 3 3 35000 0.02288
8 3 3 35000 0.02271
8 3 3 35000 0.02275
8 3 3 35000 0.02167
8 3 3 35000 0.02174
8 3 3 35000 0.02181
8 3 3 35000 0.02171
8 3 3 35000 0.02182
8 3 3 35000 0.02173
8 3 3 35000 0.02152
8 3 3 35000 0.02156
8 3 3 25000 0.01024
8 3 3 25000 0.0102
8 3 3 25000 0.01013
8 3 3 25000 0.01027
8 3 3 25000 0.01029
8 3 3 25000 0.01027
8 3 3 25000 0.01017
8 3 3 25000 0.01026
8 3 3 25000 0.0102
8 3 3 25000 0.01025
8 3 3 25000 0.01021
8 3 3 25000 0.01019
8 3 3 25000 0.01017
8 3 3 15000 0.006692
8 3 3 15000 0.006646
8 3 3 15000 0.006548
8 3 3 15000 0.006538
8 3 3 15000 0.006644
8 3 3 15000 0.006626
8 3 3 15000 0.006655
8 3 3 15000 0.006701
8 3 3 15000 0.006589
8 3 3 15000 0.006665
8 3 3 15000 0.006635
8 3 3 15000 0.006617
8 3 3 10000 0.005203
8 3 3 10000 0.0052
8 3 3 10000 0.005278
8 3 3 10000 0.005257
8 3 3 10000 0.005207
8 3 3 10000 0.005242
8 3 3 10000 0.005247
8 3 3 10000 0.005306
8 3 3 10000 0.005183
8 3 3 10000 0.00515
8 3 3 10000 0.005261
8 3 3 10000 0.005205
8 3 3 10000 0.005151
8 3 4 100000 0.1209
8 3 4 100000 0.1221
8 3 4 100000 0.09632
8 3 4 100000 0.07528
8 3 4 100000 0.07619
8 3 4 100000 0.07562
8 3 4 100000 0.0965
8 3 4 100000 0.1106
8 3 4 100000 0.1114
8 3 4 100000 0.1136
8 3 4 100000 0.1204
8 3 4 100000 0.1172
8 3 4 85000 0.09927
8 3 4 85000 0.09995
8 3 4 85000 0.09991
8 3 4 85000 0.09962
8 3 4 85000 0.1003
8 3 4 85000 0.09986
8 3 4 85000 0.1018
8 3 4 85000 0.09626
8 3 4 85000 0.09994
8 3 4 85000 0.09526
8 3 4 85000 0.1001
8 3 4 85000 0.09915
8 3 4 85000 0.1009
8 3 4 75000 0.08404
8 3 4 75000 0.0842
8 3 4 75000 0.08372
8 3 4 75000 0.07982
8 3 4 75000 0.08412
8 3 4 75000 0.08534
8 3 4 75000 0.08396
8 3 4 75000 0.08414
8 3 4 75000 0.08399
8 3 4 75000 0.08413
8 3 4 75000 0.08076
8 3 4 75000 0.0825
8 3 4 75000 0.08103
8 3 4 50000 0.0463
8 3 4 50000 0.04286
8 3 4 50000 0.04362
8 3 4 50000 0.04288
8 3 4 50000 0.04336
8 3 4 50000 0.0449
8 3 4 50000 0.04105
8 3 4 50000 0.04334
8 3 4 50000 0.04526
8 3 4 50000 0.04476
8 3 4 50000 0.04586
8 3 4 50000 0.04394
8 3 4 35000 0.02839
8 3 4 35000 0.02841
8 3 4 35000 0.02849
8 3 4 35000 0.02851
8 3 4 35000 0.02852
8 3 4 35000 0.02855
8 3 4 35000 0.02838
8 3 4 35000 0.02852
8 3 4 35000 0.0286
8 3 4 35000 0.02895
8 3 4 35000 0.0296
8 3 4 35000 0.02952
8 3 4 25000 0.01238
8 3 4 25000 0.01257
8 3 4 25000 0.01203
8 3 4 25000 0.01083
8 3 4 25000 0.009861
8 3 4 25000 0.009832
8 3 4 25000 0.009954
8 3 4 25000 0.009986
8 3 4 25000 0.009906
8 3 4 25000 0.009846
8 3 4 25000 0.009958
8 3 4 25000 0.009997
8 3 4 25000 0.009708
8 3 4 15000 0.006415
8 3 4 15000 0.006472
8 3 4 15000 0.006451
8 3 4 15000 0.006439
8 3 4 15000 0.006405
8 3 4 15000 0.006419
8 3 4 15000 0.00638
8 3 4 15000 0.0065
8 3 4 15000 0.006387
8 3 4 15000 0.006459
8 3 4 15000 0.006386
8 3 4 15000 0.006534
8 3 4 10000 0.005137
8 3 4 10000 0.005016
8 3 4 10000 0.005094
8 3 4 10000 0.005001
8 3 4 10000 0.005022
8 3 4 10000 0.005005
8 3 4 10000 0.005058
8 3 4 10000 0.005074
8 3 4 10000 0.00509
8 3 4 10000 0.005046
8 3 4 10000 0.005141
8 3 4 10000 0.005056
8 3 4 10000 0.005055
8 3 5 100000 0.0733
8 3 5 100000 0.07335
8 3 5 100000 0.07372
8 3 5 100000 0.0737
8 3 5 100000 0.07447
8 3 5 100000 0.07454
8 3 5 100000 0.1088
8 3 5 100000 0.1081
8 3 5 100000 0.1084
8 3 5 100000 0.1093
8 3 5 100000 0.1111
8 3 5 100000 0.1114
8 3 5 85000 0.09427
8 3 5 85000 0.09577
8 3 5 85000 0.09585
8 3 5 85000 0.09544
8 3 5 85000 0.09596
8 3 5 85000 0.09584
8 3 5 85000 0.09318
8 3 5 85000 0.09219
8 3 5 85000 0.09359
8 3 5 85000 0.09328
8 3 5 85000 0.09315
8 3 5 85000 0.09277
8 3 5 85000 0.07533
8 3 5 75000 0.05475
8 3 5 75000 0.05389
8 3 5 75000 0.05419
8 3 5 75000 0.05401
8 3 5 75000 0.05422
8 3 5 75000 0.05352
8 3 5 75000 0.05442
8 3 5 75000 0.05386
8 3 5 75000 0.05407
8 3 5 75000 0.05426
8 3 5 75000 0.05393
8 3 5 75000 0.05376
8 3 5 75000 0.05425
8 3 5 50000 0.03173
8 3 5 50000 0.0318
8 3 5 50000 0.03167
8 3 5 50000 0.03186
8 3 5 50000 0.03169
8 3 5 50000 0.03171
8 3 5 50000 0.03194
8 3 5 50000 0.03147
8 3 5 50000 0.03163
8 3 5 50000 0.03193
8 3 5 50000 0.03151
8 3 5 50000 0.03175
8 3 5 35000 0.02097
8 3 5 35000 0.021
8 3 5 35000 0.02093
8 3 5 35000 0.02122
8 3 5 35000 0.02111
8 3 5 35000 0.02111
8 3 5 35000 0.02092
8 3 5 35000 0.02095
8 3 5 35000 0.02089
8 3 5 35000 0.02111
8 3 5 35000 0.021
8 3 5 35000 0.0212
8 3 5 25000 0.009956
8 3 5 25000 0.009929
8 3 5 25000 0.00989
8 3 5 25000 0.009911
8 3 5 25000 0.009955
8 3 5 25000 0.01011
8 3 5 25000 0.01012
8 3 5 25000 0.009982
8 3 5 25000 0.009883
8 3 5 25000 0.009959
8 3 5 25000 0.009938
8 3 5 25000 0.009971
8 3 5 25000 0.01003
8 3 5 15000 0.006489
8 3 5 15000 0.006446
8 3 5 15000 0.0065
8 3 5 15000 0.00643
8 3 5 15000 0.00641
8 3 5 15000 0.0065
8 3 5 15000 0.006491
8 3 5 15000 0.006467
8 3 5 15000 0.006535
8 3 5 15000 0.006464
8 3 5 15000 0.006436
8 3 5 15000 0.006423
8 3 5 10000 0.005103
8 3 5 10000 0.005233
8 3 5 10000 0.005115
8 3 5 10000 0.005085
8 3 5 10000 0.005055
8 3 5 10000 0.005143
8 3 5 10000 0.005128
8 3 5 10000 0.00516
8 3 5 10000 0.005048
8 3 5 10000 0.005038
8 3 5 10000 0.005123
8 3 5 10000 0.005107
8 3 5 10000 0.005163
