16 6 1 100000 0.07748
16 6 1 100000 0.07506
16 6 1 100000 0.07906
16 6 1 100000 0.07429
16 6 1 100000 0.07486
16 6 1 100000 0.07427
16 6 1 100000 0.07429
16 6 1 85000 0.06457
16 6 1 85000 0.06372
16 6 1 85000 0.06468
16 6 1 85000 0.06453
16 6 1 85000 0.06409
16 6 1 75000 0.05443
16 6 1 75000 0.05456
16 6 1 75000 0.05468
16 6 1 75000 0.05444
16 6 1 75000 0.05441
16 6 1 75000 0.05416
16 6 1 50000 0.03183
16 6 1 50000 0.032
16 6 1 50000 0.03195
16 6 1 50000 0.03179
16 6 1 50000 0.03209
16 6 1 50000 0.0315
16 6 1 50000 0.03175
16 6 1 35000 0.02101
16 6 1 35000 0.02106
16 6 1 35000 0.02112
16 6 1 35000 0.02134
16 6 1 35000 0.02127
16 6 1 35000 0.02114
16 6 1 25000 0.01003
16 6 1 25000 0.009961
16 6 1 25000 0.01013
16 6 1 25000 0.009817
16 6 1 25000 0.01028
16 6 1 25000 0.01003
16 6 1 15000 0.006571
16 6 1 15000 0.006596
16 6 1 15000 0.006657
16 6 1 15000 0.006576
16 6 1 15000 0.006713
16 6 1 15000 0.006536
16 6 1 15000 0.006577
16 6 1 10000 0.005259
16 6 1 10000 0.005171
16 6 1 10000 0.005189
16 6 1 10000 0.005194
16 6 1 10000 0.00517
16 6 1 10000 0.005208
16 6 2 100000 0.07569
16 6 2 100000 0.07663
16 6 2 100000 0.07534
16 6 2 100000 0.0743
16 6 2 100000 0.07464
16 6 2 100000 0.07437
16 6 2 100000 0.07437
16 6 2 85000 0.06408
16 6 2 85000 0.06412
16 6 2 85000 0.06684
16 6 2 85000 0.06412
16 6 2 85000 0.06402
16 6 2 75000 0.05459
16 6 2 75000 0.05474
16 6 2 75000 0.05421
16 6 2 75000 0.05396
16 6 2 75000 0.05452
16 6 2 75000 0.05438
16 6 2 50000 0.03223
16 6 2 50000 0.03212
16 6 2 50000 0.03205
16 6 2 50000 0.03266
16 6 2 50000 0.03206
16 6 2 50000 0.03231
16 6 2 50000 0.03201
16 6 2 35000 0.0213
16 6 2 35000 0.02124
16 6 2 35000 0.0214
16 6 2 35000 0.02118
16 6 2 35000 0.0212
16 6 2 35000 0.02109
16 6 2 25000 0.01013
16 6 2 25000 0.0101
16 6 2 25000 0.01001
16 6 2 25000 0.01019
16 6 2 25000 0.01006
16 6 2 25000 0.01005
16 6 2 15000 0.006689
16 6 2 15000 0.006671
16 6 2 15000 0.006678
16 6 2 15000 0.006482
16 6 2 15000 0.006573
16 6 2 15000 0.006621
16 6 2 15000 0.006777
16 6 2 10000 0.005135
16 6 2 10000 0.005202
16 6 2 10000 0.005152
16 6 2 10000 0.005161
16 6 2 10000 0.005119
16 6 2 10000 0.005115
16 6 3 100000 0.07514
16 6 3 100000 0.0768
16 6 3 100000 0.07419
16 6 3 100000 0.075
16 6 3 100000 0.07429
16 6 3 100000 0.07492
16 6 3 100000 0.07431
16 6 3 85000 0.06428
16 6 3 85000 0.06407
16 6 3 85000 0.06361
16 6 3 85000 0.06481
16 6 3 85000 0.06368
16 6 3 75000 0.05469
16 6 3 75000 0.05475
16 6 3 75000 0.05442
16 6 3 75000 0.05366
16 6 3 75000 0.05413
16 6 3 75000 0.05425
16 6 3 50000 0.03196
16 6 3 50000 0.03191
16 6 3 50000 0.032
16 6 3 50000 0.03196
16 6 3 50000 0.03207
16 6 3 50000 0.03192
16 6 3 50000 0.03201
16 6 3 35000 0.02121
16 6 3 35000 0.02124
16 6 3 35000 0.02119
16 6 3 35000 0.02113
16 6 3 35000 0.02131
16 6 3 35000 0.02132
16 6 3 25000 0.009908
16 6 3 25000 0.01011
16 6 3 25000 0.009967
16 6 3 25000 0.01022
16 6 3 25000 0.009831
16 6 3 25000 0.01004
16 6 3 15000 0.006599
16 6 3 15000 0.006623
16 6 3 15000 0.006673
16 6 3 15000 0.006633
16 6 3 15000 0.006574
16 6 3 15000 0.006705
16 6 3 15000 0.006641
16 6 3 10000 0.005184
16 6 3 10000 0.005091
16 6 3 10000 0.005167
16 6 3 10000 0.005117
16 6 3 10000 0.005176
16 6 3 10000 0.005115
16 6 4 100000 0.07462
16 6 4 100000 0.07492
16 6 4 100000 0.07414
16 6 4 100000 0.07452
16 6 4 100000 0.07436
16 6 4 100000 0.07454
16 6 4 100000 0.0753
16 6 4 85000 0.06351
16 6 4 85000 0.06428
16 6 4 85000 0.06372
16 6 4 85000 0.06408
16 6 4 85000 0.06437
16 6 4 75000 0.05459
16 6 4 75000 0.05418
16 6 4 75000 0.05465
16 6 4 75000 0.05422
16 6 4 75000 0.05435
16 6 4 75000 0.05412
16 6 4 50000 0.03194
16 6 4 50000 0.03264
16 6 4 50000 0.0323
16 6 4 50000 0.03225
16 6 4 50000 0.0322
16 6 4 50000 0.03228
16 6 4 50000 0.0324
16 6 4 35000 0.02139
16 6 4 35000 0.02126
16 6 4 35000 0.02136
16 6 4 35000 0.02118
16 6 4 35000 0.02139
16 6 4 35000 0.02126
16 6 4 25000 0.009999
16 6 4 25000 0.0101
16 6 4 25000 0.01004
16 6 4 25000 0.01011
16 6 4 25000 0.01009
16 6 4 25000 0.009983
16 6 4 15000 0.006817
16 6 4 15000 0.006672
16 6 4 15000 0.006692
16 6 4 15000 0.006574
16 6 4 15000 0.006673
16 6 4 15000 0.006639
16 6 4 15000 0.00671
16 6 4 10000 0.005149
16 6 4 10000 0.005179
16 6 4 10000 0.005126
16 6 4 10000 0.005101
16 6 4 10000 0.005138
16 6 4 10000 0.005127
16 6 5 100000 0.07447
16 6 5 100000 0.07505
16 6 5 100000 0.07448
16 6 5 100000 0.0742
16 6 5 100000 0.07455
16 6 5 100000 0.07515
16 6 5 100000 0.07459
16 6 5 85000 0.06369
16 6 5 85000 0.06436
16 6 5 85000 0.06381
16 6 5 85000 0.064
16 6 5 85000 0.0639
16 6 5 75000 0.05421
16 6 5 75000 0.05441
16 6 5 75000 0.05451
16 6 5 75000 0.05392
16 6 5 75000 0.0543
16 6 5 75000 0.05432
16 6 5 50000 0.03184
16 6 5 50000 0.03217
16 6 5 50000 0.03223
16 6 5 50000 0.03208
16 6 5 50000 0.03244
16 6 5 50000 0.03193
16 6 5 50000 0.03177
16 6 5 35000 0.02129
16 6 5 35000 0.0211
16 6 5 35000 0.02137
16 6 5 35000 0.0212
16 6 5 35000 0.02144
16 6 5 35000 0.02123
16 6 5 25000 0.01001
16 6 5 25000 0.01027
16 6 5 25000 0.01022
16 6 5 25000 0.009957
16 6 5 25000 0.01008
16 6 5 25000 0.01024
16 6 5 15000 0.006625
16 6 5 15000 0.006619
16 6 5 15000 0.006528
16 6 5 15000 0.006625
16 6 5 15000 0.006556
16 6 5 15000 0.006529
16 6 5 15000 0.00654
16 6 5 10000 0.005155
16 6 5 10000 0.005127
16 6 5 10000 0.005107
16 6 5 10000 0.00513
16 6 5 10000 0.005115
16 6 5 10000 0.005178
