16 7 1 100000 0.1116
16 7 1 100000 0.1098
16 7 1 100000 0.1088
16 7 1 100000 0.1084
16 7 1 100000 0.108
16 7 1 100000 0.1076
16 7 1 85000 0.09251
16 7 1 85000 0.09303
16 7 1 85000 0.09221
16 7 1 85000 0.09281
16 7 1 85000 0.09279
16 7 1 85000 0.09309
16 7 1 85000 0.09287
16 7 1 75000 0.07822
16 7 1 75000 0.07933
16 7 1 75000 0.07978
16 7 1 75000 0.08389
16 7 1 75000 0.08279
16 7 1 75000 0.08163
16 7 1 50000 0.04618
16 7 1 50000 0.04714
16 7 1 50000 0.04676
16 7 1 50000 0.04638
16 7 1 50000 0.04655
16 7 1 50000 0.03911
16 7 1 50000 0.03596
16 7 1 35000 0.02163
16 7 1 35000 0.02161
16 7 1 35000 0.02155
16 7 1 35000 0.02152
16 7 1 35000 0.02173
16 7 1 25000 0.01002
16 7 1 25000 0.01014
16 7 1 25000 0.01016
16 7 1 25000 0.0103
16 7 1 25000 0.01031
16 7 1 25000 0.01034
16 7 1 15000 0.006753
16 7 1 15000 0.006761
16 7 1 15000 0.006714
16 7 1 15000 0.006679
16 7 1 15000 0.006743
16 7 1 15000 0.006818
16 7 1 15000 0.006672
16 7 1 10000 0.005164
16 7 1 10000 0.005371
16 7 1 10000 0.00529
16 7 1 10000 0.005262
16 7 1 10000 0.005272
16 7 1 10000 0.00532
16 7 2 100000 0.07727
16 7 2 100000 0.07652
16 7 2 100000 0.07653
16 7 2 100000 0.07635
16 7 2 100000 0.07627
16 7 2 100000 0.07703
16 7 2 85000 0.06598
16 7 2 85000 0.06726
16 7 2 85000 0.0662
16 7 2 85000 0.06698
16 7 2 85000 0.06674
16 7 2 85000 0.06674
16 7 2 85000 0.06627
16 7 2 75000 0.05664
16 7 2 75000 0.0568
16 7 2 75000 0.05661
16 7 2 75000 0.05599
16 7 2 75000 0.05599
16 7 2 75000 0.05603
16 7 2 50000 0.03316
16 7 2 50000 0.03299
16 7 2 50000 0.033
16 7 2 50000 0.03282
16 7 2 50000 0.03326
16 7 2 50000 0.03309
16 7 2 50000 0.03313
16 7 2 35000 0.02181
16 7 2 35000 0.02159
16 7 2 35000 0.02187
16 7 2 35000 0.02191
16 7 2 35000 0.0218
16 7 2 25000 0.01036
16 7 2 25000 0.0104
16 7 2 25000 0.01038
16 7 2 25000 0.01053
16 7 2 25000 0.01036
16 7 2 25000 0.01037
16 7 2 15000 0.00682
16 7 2 15000 0.006785
16 7 2 15000 0.006774
16 7 2 15000 0.006963
16 7 2 15000 0.006728
16 7 2 15000 0.006772
16 7 2 15000 0.006677
16 7 2 10000 0.005313
16 7 2 10000 0.005375
16 7 2 10000 0.00539
16 7 2 10000 0.005491
16 7 2 10000 0.005349
16 7 2 10000 0.00535
16 7 3 100000 0.07949
16 7 3 100000 0.07846
16 7 3 100000 0.07665
16 7 3 100000 0.07654
16 7 3 100000 0.07682
16 7 3 100000 0.07629
16 7 3 85000 0.06614
16 7 3 85000 0.06739
16 7 3 85000 0.06636
16 7 3 85000 0.06671
16 7 3 85000 0.06648
16 7 3 85000 0.06678
16 7 3 85000 0.06669
16 7 3 75000 0.05575
16 7 3 75000 0.05665
16 7 3 75000 0.05562
16 7 3 75000 0.05659
16 7 3 75000 0.05673
16 7 3 75000 0.0564
16 7 3 50000 0.03327
16 7 3 50000 0.03316
16 7 3 50000 0.0329
16 7 3 50000 0.03326
16 7 3 50000 0.03294
16 7 3 50000 0.03322
16 7 3 50000 0.03257
16 7 3 35000 0.02177
16 7 3 35000 0.02207
16 7 3 35000 0.02215
16 7 3 35000 0.02211
16 7 3 35000 0.0221
16 7 3 25000 0.009977
16 7 3 25000 0.01025
16 7 3 25000 0.01026
16 7 3 25000 0.01021
16 7 3 25000 0.01024
16 7 3 25000 0.0102
16 7 3 15000 0.006667
16 7 3 15000 0.006742
16 7 3 15000 0.006812
16 7 3 15000 0.006714
16 7 3 15000 0.00671
16 7 3 15000 0.00691
16 7 3 15000 0.006851
16 7 3 10000 0.005324
16 7 3 10000 0.005372
16 7 3 10000 0.005364
16 7 3 10000 0.005372
16 7 3 10000 0.005325
16 7 3 10000 0.005467
16 7 4 100000 0.0776
16 7 4 100000 0.07684
16 7 4 100000 0.07674
16 7 4 100000 0.07735
16 7 4 100000 0.07751
16 7 4 100000 0.07675
16 7 4 85000 0.06662
16 7 4 85000 0.06704
16 7 4 85000 0.06705
16 7 4 85000 0.06773
16 7 4 85000 0.06723
16 7 4 85000 0.06719
16 7 4 85000 0.06695
16 7 4 75000 0.05717
16 7 4 75000 0.05659
16 7 4 75000 0.05639
16 7 4 75000 0.0573
16 7 4 75000 0.05575
16 7 4 75000 0.05632
16 7 4 50000 0.0332
16 7 4 50000 0.03331
16 7 4 50000 0.03313
16 7 4 50000 0.03324
16 7 4 50000 0.03315
16 7 4 50000 0.0334
16 7 4 50000 0.0336
16 7 4 35000 0.02195
16 7 4 35000 0.02211
16 7 4 35000 0.0221
16 7 4 35000 0.02179
16 7 4 35000 0.02194
16 7 4 25000 0.01006
16 7 4 25000 0.01053
16 7 4 25000 0.01027
16 7 4 25000 0.01045
16 7 4 25000 0.01055
16 7 4 25000 0.01032
16 7 4 15000 0.006858
16 7 4 15000 0.006768
16 7 4 15000 0.006928
16 7 4 15000 0.006842
16 7 4 15000 0.006871
16 7 4 15000 0.006738
16 7 4 15000 0.006979
16 7 4 10000 0.005311
16 7 4 10000 0.005346
16 7 4 10000 0.005366
16 7 4 10000 0.005378
16 7 4 10000 0.005339
16 7 4 10000 0.005355
16 7 5 100000 0.07655
16 7 5 100000 0.07731
16 7 5 100000 0.07678
16 7 5 100000 0.07696
16 7 5 100000 0.07729
16 7 5 100000 0.07652
16 7 5 85000 0.06644
16 7 5 85000 0.06624
16 7 5 85000 0.06703
16 7 5 85000 0.06693
16 7 5 85000 0.06684
16 7 5 85000 0.0666
16 7 5 85000 0.06643
16 7 5 75000 0.05682
16 7 5 75000 0.05645
16 7 5 75000 0.0557
16 7 5 75000 0.0568
16 7 5 75000 0.05592
16 7 5 75000 0.05662
16 7 5 50000 0.03285
16 7 5 50000 0.03285
16 7 5 50000 0.03296
16 7 5 50000 0.03268
16 7 5 50000 0.03301
16 7 5 50000 0.03294
16 7 5 50000 0.03255
16 7 5 35000 0.02162
16 7 5 35000 0.0215
16 7 5 35000 0.02183
16 7 5 35000 0.02185
16 7 5 35000 0.02179
16 7 5 25000 0.01
16 7 5 25000 0.01016
16 7 5 25000 0.01039
16 7 5 25000 0.01027
16 7 5 25000 0.01035
16 7 5 25000 0.01025
16 7 5 15000 0.006732
16 7 5 15000 0.006859
16 7 5 15000 0.00687
16 7 5 15000 0.006811
16 7 5 15000 0.006751
16 7 5 15000 0.006764
16 7 5 15000 0.006702
16 7 5 10000 0.005208
16 7 5 10000 0.005402
16 7 5 10000 0.005382
16 7 5 10000 0.005323
16 7 5 10000 0.00527
16 7 5 10000 0.005347
