8 6 1 100000 0.1327
8 6 1 100000 0.1366
8 6 1 100000 0.1305
8 6 1 100000 0.1298
8 6 1 100000 0.131
8 6 1 100000 0.1292
8 6 1 100000 0.1303
8 6 1 100000 0.1348
8 6 1 100000 0.1351
8 6 1 100000 0.1358
8 6 1 100000 0.1357
8 6 1 100000 0.1364
8 6 1 85000 0.1173
8 6 1 85000 0.1172
8 6 1 85000 0.1184
8 6 1 85000 0.1119
8 6 1 85000 0.09077
8 6 1 85000 0.08979
8 6 1 85000 0.08986
8 6 1 85000 0.0874
8 6 1 85000 0.09248
8 6 1 85000 0.09165
8 6 1 85000 0.1023
8 6 1 85000 0.1103
8 6 1 85000 0.1114
8 6 1 75000 0.09991
8 6 1 75000 0.09323
8 6 1 75000 0.09763
8 6 1 75000 0.09293
8 6 1 75000 0.09484
8 6 1 75000 0.09495
8 6 1 75000 0.09693
8 6 1 75000 0.09629
8 6 1 75000 0.09778
8 6 1 75000 0.09555
8 6 1 75000 0.09496
8 6 1 75000 0.09226
8 6 1 75000 0.09587
8 6 1 50000 0.0629
8 6 1 50000 0.06439
8 6 1 50000 0.06635
8 6 1 50000 0.06129
8 6 1 50000 0.06227
8 6 1 50000 0.0626
8 6 1 50000 0.06369
8 6 1 50000 0.06461
8 6 1 50000 0.06638
8 6 1 50000 0.06747
8 6 1 50000 0.06539
8 6 1 50000 0.06846
8 6 1 35000 0.04491
8 6 1 35000 0.04609
8 6 1 35000 0.04573
8 6 1 35000 0.04409
8 6 1 35000 0.04468
8 6 1 35000 0.04527
8 6 1 35000 0.04566
8 6 1 35000 0.04737
8 6 1 35000 0.04553
8 6 1 35000 0.04866
8 6 1 35000 0.04656
8 6 1 35000 0.04776
8 6 1 25000 0.02863
8 6 1 25000 0.02847
8 6 1 25000 0.02925
8 6 1 25000 0.0284
8 6 1 25000 0.03014
8 6 1 25000 0.02906
8 6 1 25000 0.02969
8 6 1 25000 0.03054
8 6 1 25000 0.03144
8 6 1 25000 0.0307
8 6 1 25000 0.03195
8 6 1 25000 0.03052
8 6 1 25000 0.03105
8 6 1 15000 0.01816
8 6 1 15000 0.0178
8 6 1 15000 0.01823
8 6 1 15000 0.01854
8 6 1 15000 0.01649
8 6 1 15000 0.01819
8 6 1 15000 0.01728
8 6 1 15000 0.01724
8 6 1 15000 0.01787
8 6 1 15000 0.01752
8 6 1 15000 0.01774
8 6 1 15000 0.01791
8 6 1 10000 0.01243
8 6 1 10000 0.01255
8 6 1 10000 0.01276
8 6 1 10000 0.01263
8 6 1 10000 0.01182
8 6 1 10000 0.0126
8 6 1 10000 0.01182
8 6 1 10000 0.01216
8 6 1 10000 0.01267
8 6 1 10000 0.01269
8 6 1 10000 0.01306
8 6 1 10000 0.01318
8 6 1 10000 0.01257
8 6 2 113236 0.1465
8 6 2 113104 0.1458
8 6 2 113074 0.1492
8 6 2 112764 0.1467
8 6 2 112600 0.1444
8 6 2 112006 0.1464
8 6 2 111392 0.1481
8 6 2 110656 0.145
8 6 2 109290 0.144
8 6 2 108880 0.1432
8 6 2 108429 0.1362
8 6 2 98504 0.1025
8 6 2 94657 0.1038
8 6 2 94565 0.101
8 6 2 94441 0.09817
8 6 2 94327 0.09844
8 6 2 94169 0.09965
8 6 2 93931 0.09846
8 6 2 93642 0.1001
8 6 2 93289 0.09814
8 6 2 91485 0.1011
8 6 2 90177 0.09545
8 6 2 87848 0.09931
8 6 2 86065 0.09163
8 6 2 82560 0.09262
8 6 2 82461 0.08982
8 6 2 82356 0.09159
8 6 2 82313 0.0883
8 6 2 82114 0.08977
8 6 2 82087 0.08975
8 6 2 82026 0.0888
8 6 2 81815 0.08807
8 6 2 81614 0.0894
8 6 2 80661 0.09067
8 6 2 80275 0.0942
8 6 2 78963 0.08904
8 6 2 77450 0.09342
8 6 2 53392 0.06988
8 6 2 53383 0.06984
8 6 2 53372 0.06724
8 6 2 53353 0.06826
8 6 2 53318 0.06313
8 6 2 53278 0.0636
8 6 2 53254 0.06445
8 6 2 53230 0.06552
8 6 2 53169 0.06574
8 6 2 53127 0.064
8 6 2 52348 0.06805
8 6 2 51208 0.06421
8 6 2 48922 0.06007
8 6 2 36662 0.04392
8 6 2 36650 0.04778
8 6 2 36625 0.04497
8 6 2 36607 0.04279
8 6 2 36592 0.04396
8 6 2 36586 0.0449
8 6 2 36568 0.04415
8 6 2 36564 0.04448
8 6 2 36546 0.04308
8 6 2 35875 0.04586
8 6 2 35656 0.04367
8 6 2 34591 0.04436
8 6 2 33262 0.03828
8 6 2 25845 0.0286
8 6 2 25839 0.03045
8 6 2 25829 0.03027
8 6 2 25815 0.02929
8 6 2 25815 0.03013
8 6 2 25808 0.03001
8 6 2 25791 0.03038
8 6 2 25774 0.02984
8 6 2 25751 0.03074
8 6 2 25632 0.03127
8 6 2 25102 0.03104
8 6 2 24422 0.03002
8 6 2 15304 0.01798
8 6 2 15302 0.01834
8 6 2 15302 0.02023
8 6 2 15300 0.01959
8 6 2 15296 0.01902
8 6 2 15295 0.01922
8 6 2 15291 0.01914
8 6 2 15285 0.01833
8 6 2 15279 0.01822
8 6 2 15268 0.01819
8 6 2 15247 0.01954
8 6 2 15059 0.0188
8 6 2 14889 0.01963
8 6 2 10135 0.01384
8 6 2 10134 0.01298
8 6 2 10134 0.01439
8 6 2 10133 0.01342
8 6 2 10132 0.01296
8 6 2 10131 0.01298
8 6 2 10130 0.0134
8 6 2 10129 0.01377
8 6 2 10128 0.01335
8 6 2 10116 0.01344
8 6 2 10024 0.01343
8 6 2 9907 0.01361
8 6 3 127421 0.2155
8 6 3 127166 0.1821
8 6 3 126784 0.1716
8 6 3 126461 0.1768
8 6 3 126050 0.1783
8 6 3 124363 0.1708
8 6 3 123925 0.171
8 6 3 122656 0.1196
8 6 3 120366 0.119
8 6 3 119294 0.1185
8 6 3 112895 0.1084
8 6 3 109968 0.1118
8 6 3 104740 0.1067
8 6 3 104340 0.1048
8 6 3 103932 0.1066
8 6 3 103457 0.1063
8 6 3 103173 0.1083
8 6 3 101372 0.1039
8 6 3 101087 0.09603
8 6 3 100327 0.1012
8 6 3 97806 0.1011
8 6 3 96560 0.1015
8 6 3 95211 0.1013
8 6 3 90924 0.09428
8 6 3 90854 0.09618
8 6 3 90582 0.09441
8 6 3 90364 0.0939
8 6 3 89867 0.09477
8 6 3 89758 0.09364
8 6 3 89745 0.09713
8 6 3 88533 0.09302
8 6 3 88292 0.09339
8 6 3 87643 0.0909
8 6 3 86429 0.09206
8 6 3 85209 0.09088
8 6 3 84870 0.09082
8 6 3 78745 0.08661
8 6 3 77520 0.08647
8 6 3 56921 0.07078
8 6 3 56739 0.06568
8 6 3 56695 0.06281
8 6 3 56651 0.06498
8 6 3 56617 0.06469
8 6 3 56603 0.06557
8 6 3 56235 0.06531
8 6 3 55914 0.06863
8 6 3 54478 0.06323
8 6 3 53357 0.06785
8 6 3 51619 0.06161
8 6 3 47187 0.05723
8 6 3 38314 0.04336
8 6 3 38287 0.04407
8 6 3 38266 0.04399
8 6 3 38248 0.04308
8 6 3 38200 0.04365
8 6 3 38168 0.0445
8 6 3 38097 0.04501
8 6 3 38028 0.04439
8 6 3 37369 0.04269
8 6 3 36945 0.04439
8 6 3 36167 0.04352
8 6 3 34688 0.0406
8 6 3 26719 0.02991
8 6 3 26686 0.02784
8 6 3 26679 0.03073
8 6 3 26655 0.0303
8 6 3 26621 0.0287
8 6 3 26616 0.02875
8 6 3 26597 0.02734
8 6 3 26552 0.0269
8 6 3 26233 0.02929
8 6 3 25997 0.03035
8 6 3 25463 0.02659
8 6 3 25373 0.0272
8 6 3 24941 0.02777
8 6 3 15606 0.01846
8 6 3 15605 0.01784
8 6 3 15600 0.01755
8 6 3 15596 0.01779
8 6 3 15577 0.01727
8 6 3 15576 0.01776
8 6 3 15566 0.01801
8 6 3 15562 0.01726
8 6 3 15429 0.01811
8 6 3 15343 0.01744
8 6 3 15230 0.01833
8 6 3 15147 0.01706
8 6 3 10272 0.01377
8 6 3 10270 0.01352
8 6 3 10266 0.01281
8 6 3 10264 0.01298
8 6 3 10262 0.0125
8 6 3 10259 0.01249
8 6 3 10258 0.01283
8 6 3 10254 0.01236
8 6 3 10248 0.01303
8 6 3 10227 0.01325
8 6 3 10121 0.01262
8 6 3 10067 0.0125
8 6 3 9899 0.01248
8 6 4 142545 0.1818
8 6 4 142063 0.1876
8 6 4 140891 0.1823
8 6 4 138677 0.1792
8 6 4 138311 0.1911
8 6 4 137857 0.1795
8 6 4 135986 0.1769
8 6 4 134161 0.1908
8 6 4 131146 0.1718
8 6 4 128021 0.1862
8 6 4 127389 0.1841
8 6 4 116646 0.1146
8 6 4 116115 0.1174
8 6 4 115372 0.1113
8 6 4 114653 0.1137
8 6 4 112761 0.1117
8 6 4 112174 0.1174
8 6 4 111689 0.1123
8 6 4 109403 0.1118
8 6 4 106548 0.1113
8 6 4 106543 0.1066
8 6 4 104513 0.1063
8 6 4 99460 0.1022
8 6 4 99231 0.1006
8 6 4 99144 0.1005
8 6 4 98956 0.1023
8 6 4 98324 0.1023
8 6 4 98158 0.1014
8 6 4 97155 0.1007
8 6 4 96137 0.1029
8 6 4 95965 0.09835
8 6 4 94482 0.09736
8 6 4 93028 0.09998
8 6 4 91706 0.09427
8 6 4 90212 0.09799
8 6 4 84563 0.09322
8 6 4 81782 0.09026
8 6 4 80534 0.09015
8 6 4 60390 0.06917
8 6 4 60340 0.07049
8 6 4 60277 0.06922
8 6 4 59930 0.06717
8 6 4 59802 0.06685
8 6 4 59592 0.07015
8 6 4 58702 0.06949
8 6 4 58037 0.06609
8 6 4 56844 0.06886
8 6 4 55773 0.06431
8 6 4 55116 0.06617
8 6 4 50371 0.05995
8 6 4 40085 0.04578
8 6 4 40051 0.04762
8 6 4 39989 0.04564
8 6 4 39954 0.04695
8 6 4 39871 0.04445
8 6 4 39822 0.04564
8 6 4 39565 0.04984
8 6 4 39080 0.04528
8 6 4 38918 0.04428
8 6 4 38288 0.04526
8 6 4 37410 0.04691
8 6 4 35761 0.04627
8 6 4 27605 0.03207
8 6 4 27576 0.03001
8 6 4 27545 0.03128
8 6 4 27490 0.02876
8 6 4 27472 0.02876
8 6 4 27416 0.0277
8 6 4 27240 0.03113
8 6 4 26967 0.02848
8 6 4 26816 0.02876
8 6 4 26320 0.02908
8 6 4 26230 0.02742
8 6 4 25648 0.03154
8 6 4 25001 0.03033
8 6 4 15914 0.01819
8 6 4 15909 0.01819
8 6 4 15904 0.01866
8 6 4 15886 0.01799
8 6 4 15879 0.01708
8 6 4 15864 0.01885
8 6 4 15847 0.01801
8 6 4 15718 0.018
8 6 4 15581 0.01783
8 6 4 15451 0.01866
8 6 4 15411 0.01935
8 6 4 15273 0.01786
8 6 4 10407 0.01343
8 6 4 10402 0.01327
8 6 4 10398 0.01241
8 6 4 10394 0.01291
8 6 4 10392 0.01284
8 6 4 10390 0.01272
8 6 4 10381 0.01216
8 6 4 10365 0.01369
8 6 4 10314 0.01259
8 6 4 10275 0.0134
8 6 4 10239 0.0138
8 6 4 10184 0.01271
8 6 4 10015 0.0127
8 6 5 160734 0.198
8 6 5 160013 0.2031
8 6 5 155845 0.1918
8 6 5 155565 0.1955
8 6 5 153604 0.2025
8 6 5 149128 0.1913
8 6 5 147780 0.2037
8 6 5 146558 0.2013
8 6 5 143602 0.2025
8 6 5 138658 0.2
8 6 5 134335 0.1788
8 6 5 129098 0.1808
8 6 5 128331 0.1816
8 6 5 127710 0.1794
8 6 5 124503 0.1781
8 6 5 124261 0.1779
8 6 5 122546 0.1209
8 6 5 118966 0.1167
8 6 5 117640 0.1171
8 6 5 114903 0.1214
8 6 5 111980 0.1142
8 6 5 110543 0.1147
8 6 5 108661 0.1125
8 6 5 108204 0.1106
8 6 5 107964 0.1122
8 6 5 107417 0.1109
8 6 5 106068 0.1085
8 6 5 105496 0.1103
8 6 5 104784 0.11
8 6 5 103965 0.1067
8 6 5 102204 0.1062
8 6 5 101412 0.1079
8 6 5 100611 0.1037
8 6 5 93175 0.09667
8 6 5 93175 0.098
8 6 5 90804 0.09754
8 6 5 87801 0.09695
8 6 5 64821 0.0766
8 6 5 64321 0.07249
8 6 5 64148 0.07394
8 6 5 63790 0.07556
8 6 5 63516 0.07039
8 6 5 63159 0.07316
8 6 5 62434 0.07069
8 6 5 61461 0.07169
8 6 5 60142 0.0705
8 6 5 59543 0.07039
8 6 5 59022 0.07307
8 6 5 56762 0.06738
8 6 5 53043 0.0657
8 6 5 41994 0.04954
8 6 5 41888 0.05024
8 6 5 41757 0.04996
8 6 5 41704 0.04888
8 6 5 41668 0.05033
8 6 5 41564 0.04917
8 6 5 41367 0.05091
8 6 5 40620 0.04815
8 6 5 40188 0.04906
8 6 5 39265 0.04622
8 6 5 38412 0.0445
8 6 5 37607 0.04429
8 6 5 34544 0.04317
8 6 5 28447 0.0312
8 6 5 28388 0.03298
8 6 5 28359 0.03011
8 6 5 28345 0.03069
8 6 5 28291 0.03037
8 6 5 28018 0.03164
8 6 5 27753 0.02948
8 6 5 27193 0.03099
8 6 5 26948 0.03185
8 6 5 26486 0.03127
8 6 5 25879 0.02773
8 6 5 25522 0.02784
8 6 5 16217 0.0185
8 6 5 16195 0.01838
8 6 5 16191 0.01813
8 6 5 16184 0.01884
8 6 5 16168 0.01921
8 6 5 16156 0.01968
8 6 5 16032 0.01907
8 6 5 16003 0.01906
8 6 5 15761 0.01843
8 6 5 15729 0.01918
8 6 5 15644 0.01947
8 6 5 15304 0.0195
8 6 5 10549 0.0143
8 6 5 10537 0.01315
8 6 5 10531 0.01345
8 6 5 10526 0.01328
8 6 5 10525 0.01336
8 6 5 10520 0.01322
8 6 5 10502 0.01331
8 6 5 10441 0.01387
8 6 5 10384 0.01342
8 6 5 10330 0.01401
8 6 5 10278 0.01365
8 6 5 10195 0.01384
8 6 5 10099 0.01292
