4 0 1 100000 0.1096
4 0 1 100000 0.1051
4 0 1 100000 0.103
4 0 1 100000 0.1019
4 0 1 100000 0.103
4 0 1 100000 0.1024
4 0 1 100000 0.1014
4 0 1 100000 0.101
4 0 1 100000 0.102
4 0 1 100000 0.1034
4 0 1 100000 0.1031
4 0 1 100000 0.1006
4 0 1 100000 0.103
4 0 1 100000 0.1023
4 0 1 100000 0.105
4 0 1 100000 0.1018
4 0 1 100000 0.1061
4 0 1 100000 0.1323
4 0 1 100000 0.1342
4 0 1 100000 0.1346
4 0 1 100000 0.1318
4 0 1 100000 0.1294
4 0 1 100000 0.1288
4 0 1 100000 0.1304
4 0 1 100000 0.1302
4 0 1 85000 0.09132
4 0 1 85000 0.08915
4 0 1 85000 0.09194
4 0 1 85000 0.09017
4 0 1 85000 0.09179
4 0 1 85000 0.09356
4 0 1 85000 0.09081
4 0 1 85000 0.09213
4 0 1 85000 0.09008
4 0 1 85000 0.08969
4 0 1 85000 0.09212
4 0 1 85000 0.09033
4 0 1 85000 0.09059
4 0 1 85000 0.0922
4 0 1 85000 0.09283
4 0 1 85000 0.09172
4 0 1 85000 0.08953
4 0 1 85000 0.1163
4 0 1 85000 0.116
4 0 1 85000 0.1147
4 0 1 85000 0.1163
4 0 1 85000 0.1161
4 0 1 85000 0.1168
4 0 1 85000 0.1169
4 0 1 85000 0.1162
4 0 1 75000 0.08119
4 0 1 75000 0.08002
4 0 1 75000 0.08488
4 0 1 75000 0.08462
4 0 1 75000 0.08441
4 0 1 75000 0.08299
4 0 1 75000 0.08441
4 0 1 75000 0.08521
4 0 1 75000 0.0868
4 0 1 75000 0.08491
4 0 1 75000 0.08472
4 0 1 75000 0.08165
4 0 1 75000 0.08341
4 0 1 75000 0.08513
4 0 1 75000 0.08554
4 0 1 75000 0.08418
4 0 1 75000 0.08655
4 0 1 75000 0.1111
4 0 1 75000 0.1105
4 0 1 75000 0.109
4 0 1 75000 0.1117
4 0 1 75000 0.1107
4 0 1 75000 0.111
4 0 1 75000 0.1119
4 0 1 75000 0.1113
4 0 1 50000 0.06441
4 0 1 50000 0.05921
4 0 1 50000 0.06191
4 0 1 50000 0.06306
4 0 1 50000 0.05968
4 0 1 50000 0.05907
4 0 1 50000 0.06061
4 0 1 50000 0.06171
4 0 1 50000 0.06091
4 0 1 50000 0.0624
4 0 1 50000 0.06111
4 0 1 50000 0.06124
4 0 1 50000 0.06282
4 0 1 50000 0.06015
4 0 1 50000 0.05989
4 0 1 50000 0.06041
4 0 1 50000 0.06151
4 0 1 50000 0.08674
4 0 1 50000 0.08605
4 0 1 50000 0.08615
4 0 1 50000 0.08529
4 0 1 50000 0.08711
4 0 1 50000 0.08535
4 0 1 50000 0.08473
4 0 1 50000 0.08615
4 0 1 35000 0.04411
4 0 1 35000 0.0436
4 0 1 35000 0.04391
4 0 1 35000 0.04317
4 0 1 35000 0.04158
4 0 1 35000 0.04234
4 0 1 35000 0.04336
4 0 1 35000 0.04312
4 0 1 35000 0.04402
4 0 1 35000 0.04195
4 0 1 35000 0.04343
4 0 1 35000 0.04308
4 0 1 35000 0.04454
4 0 1 35000 0.0423
4 0 1 35000 0.04443
4 0 1 35000 0.04368
4 0 1 35000 0.0441
4 0 1 35000 0.06361
4 0 1 35000 0.06322
4 0 1 35000 0.06412
4 0 1 35000 0.06321
4 0 1 35000 0.06308
4 0 1 35000 0.06383
4 0 1 35000 0.0632
4 0 1 35000 0.0621
4 0 1 25000 0.02906
4 0 1 25000 0.02834
4 0 1 25000 0.02874
4 0 1 25000 0.02841
4 0 1 25000 0.02837
4 0 1 25000 0.02874
4 0 1 25000 0.0286
4 0 1 25000 0.02891
4 0 1 25000 0.02938
4 0 1 25000 0.02809
4 0 1 25000 0.02808
4 0 1 25000 0.02887
4 0 1 25000 0.02987
4 0 1 25000 0.02967
4 0 1 25000 0.02792
4 0 1 25000 0.02791
4 0 1 25000 0.02758
4 0 1 25000 0.04572
4 0 1 25000 0.04659
4 0 1 25000 0.04642
4 0 1 25000 0.04669
4 0 1 25000 0.04738
4 0 1 25000 0.04732
4 0 1 25000 0.04642
4 0 1 25000 0.04642
4 0 1 15000 0.01764
4 0 1 15000 0.01793
4 0 1 15000 0.01787
4 0 1 15000 0.01734
4 0 1 15000 0.01788
4 0 1 15000 0.01773
4 0 1 15000 0.01824
4 0 1 15000 0.01783
4 0 1 15000 0.01773
4 0 1 15000 0.01734
4 0 1 15000 0.01724
4 0 1 15000 0.01761
4 0 1 15000 0.01816
4 0 1 15000 0.01784
4 0 1 15000 0.01827
4 0 1 15000 0.01811
4 0 1 15000 0.01779
4 0 1 15000 0.02836
4 0 1 15000 0.02854
4 0 1 15000 0.02842
4 0 1 15000 0.02838
4 0 1 15000 0.02831
4 0 1 15000 0.02823
4 0 1 15000 0.02825
4 0 1 15000 0.02811
4 0 1 10000 0.01271
4 0 1 10000 0.01314
4 0 1 10000 0.0124
4 0 1 10000 0.01247
4 0 1 10000 0.0127
4 0 1 10000 0.01287
4 0 1 10000 0.01264
4 0 1 10000 0.01284
4 0 1 10000 0.01267
4 0 1 10000 0.01263
4 0 1 10000 0.01308
4 0 1 10000 0.01251
4 0 1 10000 0.01253
4 0 1 10000 0.01272
4 0 1 10000 0.01294
4 0 1 10000 0.01319
4 0 1 10000 0.01238
4 0 1 10000 0.01975
4 0 1 10000 0.01924
4 0 1 10000 0.01943
4 0 1 10000 0.01964
4 0 1 10000 0.01937
4 0 1 10000 0.01956
4 0 1 10000 0.01935
4 0 1 10000 0.01931
4 0 2 113541 0.1469
4 0 2 113442 0.1116
4 0 2 113340 0.1154
4 0 2 113142 0.1161
4 0 2 113142 0.1166
4 0 2 113106 0.1153
4 0 2 113071 0.1124
4 0 2 113024 0.1167
4 0 2 112992 0.1158
4 0 2 112896 0.1168
4 0 2 112895 0.1058
4 0 2 112861 0.1141
4 0 2 112761 0.1155
4 0 2 112664 0.1151
4 0 2 112664 0.1152
4 0 2 111584 0.1123
4 0 2 110478 0.1129
4 0 2 108273 0.1426
4 0 2 107787 0.1115
4 0 2 106190 0.1407
4 0 2 103804 0.1377
4 0 2 102828 0.1384
4 0 2 101320 0.1365
4 0 2 100325 0.1347
4 0 2 94670 0.09879
4 0 2 94667 0.09945
4 0 2 94571 0.101
4 0 2 94548 0.09881
4 0 2 94514 0.1014
4 0 2 94475 0.09931
4 0 2 94408 0.1011
4 0 2 94394 0.1003
4 0 2 94351 0.0984
4 0 2 94346 0.101
4 0 2 94300 0.1021
4 0 2 94283 0.1009
4 0 2 94179 0.09963
4 0 2 94142 0.1004
4 0 2 94089 0.1004
4 0 2 93879 0.1009
4 0 2 93725 0.0997
4 0 2 93558 0.09872
4 0 2 92765 0.1292
4 0 2 91273 0.127
4 0 2 89805 0.1238
4 0 2 86743 0.1229
4 0 2 85090 0.1193
4 0 2 83738 0.1191
4 0 2 82611 0.118
4 0 2 82474 0.09098
4 0 2 82464 0.08935
4 0 2 82461 0.08992
4 0 2 82446 0.09256
4 0 2 82441 0.08906
4 0 2 82422 0.09097
4 0 2 82419 0.09025
4 0 2 82392 0.08974
4 0 2 82387 0.0915
4 0 2 82311 0.09132
4 0 2 82261 0.08963
4 0 2 82239 0.08283
4 0 2 82238 0.09133
4 0 2 81923 0.08956
4 0 2 81788 0.1171
4 0 2 81699 0.08925
4 0 2 81126 0.1166
4 0 2 80634 0.08991
4 0 2 80224 0.1146
4 0 2 78980 0.1149
4 0 2 78348 0.1131
4 0 2 77305 0.1134
4 0 2 77188 0.115
4 0 2 75898 0.1116
4 0 2 73135 0.1094
4 0 2 71940 0.1091
4 0 2 53372 0.06444
4 0 2 53371 0.06296
4 0 2 53360 0.06665
4 0 2 53346 0.06404
4 0 2 53332 0.06452
4 0 2 53316 0.06642
4 0 2 53312 0.06506
4 0 2 53292 0.06599
4 0 2 53292 0.06567
4 0 2 53265 0.06358
4 0 2 53264 0.06536
4 0 2 53231 0.06298
4 0 2 53210 0.06326
4 0 2 53192 0.06534
4 0 2 53169 0.06506
4 0 2 53167 0.06373
4 0 2 52907 0.09048
4 0 2 52755 0.09092
4 0 2 52277 0.09064
4 0 2 51873 0.0878
4 0 2 51228 0.08832
4 0 2 50993 0.08807
4 0 2 49827 0.08537
4 0 2 49400 0.08501
4 0 2 46624 0.08249
4 0 2 36662 0.04489
4 0 2 36662 0.04489
4 0 2 36662 0.06475
4 0 2 36662 0.06469
4 0 2 36647 0.04424
4 0 2 36645 0.04385
4 0 2 36620 0.04445
4 0 2 36617 0.04394
4 0 2 36613 0.04309
4 0 2 36610 0.04359
4 0 2 36608 0.04357
4 0 2 36604 0.0447
4 0 2 36597 0.0442
4 0 2 36580 0.04489
4 0 2 36580 0.0449
4 0 2 36575 0.06411
4 0 2 36548 0.04277
4 0 2 36460 0.04346
4 0 2 36050 0.06495
4 0 2 35938 0.06482
4 0 2 35612 0.06438
4 0 2 35235 0.0432
4 0 2 34868 0.06323
4 0 2 34650 0.06157
4 0 2 33687 0.06007
4 0 2 25847 0.04676
4 0 2 25845 0.04711
4 0 2 25842 0.02791
4 0 2 25840 0.02824
4 0 2 25835 0.02776
4 0 2 25834 0.02823
4 0 2 25829 0.02912
4 0 2 25828 0.02882
4 0 2 25825 0.02911
4 0 2 25820 0.02961
4 0 2 25817 0.02823
4 0 2 25816 0.02979
4 0 2 25815 0.04652
4 0 2 25806 0.0281
4 0 2 25805 0.02865
4 0 2 25797 0.02875
4 0 2 25791 0.02831
4 0 2 25771 0.02904
4 0 2 25753 0.02846
4 0 2 25595 0.04765
4 0 2 24996 0.04653
4 0 2 24691 0.0473
4 0 2 24641 0.04759
4 0 2 24369 0.04602
4 0 2 24287 0.04619
4 0 2 15303 0.01747
4 0 2 15303 0.01742
4 0 2 15302 0.01792
4 0 2 15301 0.01788
4 0 2 15300 0.01748
4 0 2 15299 0.01803
4 0 2 15299 0.01805
4 0 2 15298 0.0187
4 0 2 15298 0.01812
4 0 2 15298 0.01884
4 0 2 15297 0.02917
4 0 2 15291 0.01767
4 0 2 15291 0.01797
4 0 2 15279 0.01832
4 0 2 15279 0.01844
4 0 2 15277 0.0296
4 0 2 15268 0.01728
4 0 2 15265 0.018
4 0 2 15263 0.01734
4 0 2 15179 0.01765
4 0 2 15114 0.02957
4 0 2 15034 0.02945
4 0 2 14990 0.0291
4 0 2 14923 0.02839
4 0 2 14766 0.0286
4 0 2 10134 0.01233
4 0 2 10134 0.01296
4 0 2 10134 0.01249
4 0 2 10133 0.01238
4 0 2 10133 0.01302
4 0 2 10133 0.0124
4 0 2 10132 0.01313
4 0 2 10132 0.01223
4 0 2 10132 0.0131
4 0 2 10131 0.01294
4 0 2 10131 0.01289
4 0 2 10130 0.01307
4 0 2 10128 0.01239
4 0 2 10128 0.01232
4 0 2 10127 0.01255
4 0 2 10127 0.01278
4 0 2 10126 0.01293
4 0 2 10120 0.01305
4 0 2 10109 0.01994
4 0 2 10094 0.01989
4 0 2 10039 0.01948
4 0 2 10022 0.01953
4 0 2 9970 0.01955
4 0 2 9943 0.0195
4 0 2 9876 0.01962
4 0 3 128308 0.1939
4 0 3 128147 0.1918
4 0 3 127819 0.1883
4 0 3 127819 0.189
4 0 3 127730 0.1781
4 0 3 127701 0.1861
4 0 3 127581 0.1807
4 0 3 127472 0.1864
4 0 3 127197 0.1829
4 0 3 127172 0.1849
4 0 3 127093 0.1822
4 0 3 126773 0.1775
4 0 3 126647 0.1817
4 0 3 126131 0.1766
4 0 3 124400 0.1771
4 0 3 124144 0.1773
4 0 3 121776 0.1238
4 0 3 121275 0.1537
4 0 3 111436 0.1457
4 0 3 107726 0.1411
4 0 3 105354 0.1131
4 0 3 105229 0.1129
4 0 3 105127 0.1085
4 0 3 105121 0.1051
4 0 3 105045 0.1092
4 0 3 105009 0.1083
4 0 3 104992 0.1072
4 0 3 104954 0.108
4 0 3 104805 0.1105
4 0 3 104688 0.11
4 0 3 104541 0.1085
4 0 3 104464 0.1066
4 0 3 104379 0.1075
4 0 3 104163 0.1112
4 0 3 104157 0.1095
4 0 3 103696 0.1084
4 0 3 103489 0.1368
4 0 3 103289 0.1078
4 0 3 101404 0.1361
4 0 3 97142 0.1312
4 0 3 97052 0.1304
4 0 3 96298 0.1316
4 0 3 94956 0.1286
4 0 3 92675 0.1271
4 0 3 90759 0.09863
4 0 3 90639 0.09642
4 0 3 90595 0.09724
4 0 3 90493 0.09709
4 0 3 90477 0.09612
4 0 3 90456 0.09649
4 0 3 90449 0.09739
4 0 3 90366 0.09565
4 0 3 90366 0.0952
4 0 3 90283 0.09851
4 0 3 90194 0.09537
4 0 3 90133 0.09699
4 0 3 90021 0.09425
4 0 3 89918 0.09455
4 0 3 89808 0.09818
4 0 3 89100 0.124
4 0 3 88815 0.09387
4 0 3 88593 0.0931
4 0 3 85269 0.1182
4 0 3 83399 0.119
4 0 3 81396 0.1172
4 0 3 79589 0.1132
4 0 3 79354 0.1146
4 0 3 77399 0.1138
4 0 3 77254 0.1129
4 0 3 76924 0.1136
4 0 3 76158 0.1121
4 0 3 75132 0.1115
4 0 3 73870 0.1102
4 0 3 73303 0.1101
4 0 3 68301 0.1053
4 0 3 56983 0.06968
4 0 3 56954 0.06891
4 0 3 56878 0.0689
4 0 3 56859 0.06724
4 0 3 56820 0.06906
4 0 3 56819 0.06953
4 0 3 56793 0.06905
4 0 3 56780 0.06992
4 0 3 56754 0.06765
4 0 3 56745 0.0701
4 0 3 56701 0.06794
4 0 3 56688 0.07016
4 0 3 56655 0.0666
4 0 3 56634 0.06915
4 0 3 56555 0.06712
4 0 3 56553 0.06619
4 0 3 55860 0.09305
4 0 3 55615 0.09096
4 0 3 53868 0.09095
4 0 3 53367 0.09131
4 0 3 52237 0.08948
4 0 3 51592 0.08659
4 0 3 49365 0.08397
4 0 3 49147 0.08339
4 0 3 44753 0.07789
4 0 3 38390 0.06744
4 0 3 38379 0.04716
4 0 3 38368 0.06611
4 0 3 38354 0.04733
4 0 3 38340 0.0458
4 0 3 38321 0.0453
4 0 3 38319 0.04526
4 0 3 38305 0.04457
4 0 3 38300 0.04454
4 0 3 38297 0.04529
4 0 3 38285 0.04708
4 0 3 38273 0.04531
4 0 3 38266 0.04547
4 0 3 38226 0.04516
4 0 3 38208 0.04692
4 0 3 38173 0.04658
4 0 3 37921 0.04642
4 0 3 37378 0.04657
4 0 3 36760 0.0442
4 0 3 36181 0.06428
4 0 3 36077 0.06471
4 0 3 35280 0.06416
4 0 3 35121 0.06303
4 0 3 34934 0.06333
4 0 3 34143 0.06065
4 0 3 26711 0.04856
4 0 3 26703 0.02942
4 0 3 26696 0.02922
4 0 3 26687 0.02993
4 0 3 26685 0.0304
4 0 3 26678 0.0285
4 0 3 26674 0.02892
4 0 3 26666 0.03028
4 0 3 26661 0.02982
4 0 3 26657 0.02965
4 0 3 26656 0.03058
4 0 3 26648 0.0299
4 0 3 26645 0.03213
4 0 3 26636 0.02845
4 0 3 26635 0.03034
4 0 3 26598 0.02886
4 0 3 26588 0.02928
4 0 3 25908 0.04739
4 0 3 25828 0.04789
4 0 3 25128 0.0471
4 0 3 24875 0.04649
4 0 3 24310 0.04568
4 0 3 24051 0.04599
4 0 3 23918 0.04554
4 0 3 23562 0.04428
4 0 3 15609 0.01892
4 0 3 15607 0.03058
4 0 3 15606 0.01822
4 0 3 15603 0.01861
4 0 3 15602 0.01848
4 0 3 15602 0.01832
4 0 3 15599 0.01906
4 0 3 15598 0.01912
4 0 3 15597 0.01843
4 0 3 15596 0.01822
4 0 3 15591 0.01784
4 0 3 15585 0.01844
4 0 3 15585 0.01852
4 0 3 15579 0.03017
4 0 3 15576 0.01816
4 0 3 15573 0.01867
4 0 3 15568 0.02987
4 0 3 15474 0.01821
4 0 3 15267 0.02851
4 0 3 15195 0.02937
4 0 3 15068 0.0286
4 0 3 15044 0.02908
4 0 3 14944 0.02872
4 0 3 14828 0.02881
4 0 3 14798 0.02852
4 0 3 10271 0.01386
4 0 3 10270 0.01376
4 0 3 10268 0.01395
4 0 3 10267 0.01328
4 0 3 10266 0.01351
4 0 3 10266 0.01349
4 0 3 10265 0.0131
4 0 3 10264 0.01406
4 0 3 10264 0.01394
4 0 3 10263 0.01312
4 0 3 10262 0.01342
4 0 3 10261 0.01394
4 0 3 10261 0.01402
4 0 3 10260 0.01366
4 0 3 10259 0.01322
4 0 3 10257 0.01324
4 0 3 10238 0.02045
4 0 3 10211 0.02038
4 0 3 10173 0.02046
4 0 3 10106 0.02024
4 0 3 10075 0.01988
4 0 3 10020 0.02002
4 0 3 10000 0.01949
4 0 3 9991 0.01954
4 0 3 9780 0.01929
4 0 4 145121 0.1901
4 0 4 144609 0.195
4 0 4 144393 0.1979
4 0 4 144375 0.1966
4 0 4 144052 0.1962
4 0 4 143832 0.191
4 0 4 143766 0.1948
4 0 4 143747 0.1908
4 0 4 143710 0.1949
4 0 4 143658 0.1904
4 0 4 143375 0.1853
4 0 4 143375 0.187
4 0 4 141800 0.1927
4 0 4 141800 0.1925
4 0 4 140567 0.1919
4 0 4 139722 0.2824
4 0 4 133471 0.1778
4 0 4 133471 0.1765
4 0 4 116950 0.1159
4 0 4 116809 0.1179
4 0 4 116714 0.1192
4 0 4 116570 0.1179
4 0 4 116540 0.118
4 0 4 116470 0.1202
4 0 4 116395 0.1522
4 0 4 116213 0.1169
4 0 4 116036 0.1176
4 0 4 115877 0.113
4 0 4 115804 0.1163
4 0 4 115667 0.119
4 0 4 115607 0.1214
4 0 4 115498 0.1194
4 0 4 115481 0.1176
4 0 4 114960 0.1146
4 0 4 114573 0.1177
4 0 4 110595 0.1466
4 0 4 108706 0.1437
4 0 4 106130 0.1399
4 0 4 103069 0.1376
4 0 4 100660 0.1345
4 0 4 99810 0.1055
4 0 4 99651 0.1079
4 0 4 99543 0.1047
4 0 4 99458 0.1053
4 0 4 99356 0.1049
4 0 4 99308 0.1059
4 0 4 99206 0.1043
4 0 4 99147 0.1088
4 0 4 98995 0.1025
4 0 4 98965 0.1059
4 0 4 98886 0.1035
4 0 4 98768 0.1053
4 0 4 98655 0.09895
4 0 4 98601 0.1073
4 0 4 98066 0.1331
4 0 4 97520 0.09898
4 0 4 97431 0.1046
4 0 4 96165 0.1045
4 0 4 95462 0.1299
4 0 4 94691 0.1308
4 0 4 90894 0.1268
4 0 4 90271 0.1192
4 0 4 89707 0.1221
4 0 4 84222 0.118
4 0 4 82270 0.1184
4 0 4 82153 0.1182
4 0 4 79899 0.1164
4 0 4 79366 0.1147
4 0 4 79209 0.1147
4 0 4 78693 0.1145
4 0 4 76765 0.1146
4 0 4 74728 0.1116
4 0 4 73755 0.1108
4 0 4 71434 0.1076
4 0 4 64727 0.1042
4 0 4 60691 0.07467
4 0 4 60656 0.07313
4 0 4 60652 0.0732
4 0 4 60539 0.07271
4 0 4 60504 0.07238
4 0 4 60503 0.07151
4 0 4 60488 0.07561
4 0 4 60467 0.07288
4 0 4 60465 0.07264
4 0 4 60371 0.07271
4 0 4 60367 0.07367
4 0 4 60233 0.0725
4 0 4 60213 0.07502
4 0 4 60123 0.07414
4 0 4 59969 0.0707
4 0 4 59909 0.07247
4 0 4 59204 0.07341
4 0 4 57320 0.09573
4 0 4 55127 0.09473
4 0 4 54262 0.09089
4 0 4 53050 0.0903
4 0 4 52625 0.09034
4 0 4 52075 0.09038
4 0 4 51007 0.08674
4 0 4 46569 0.08011
4 0 4 40151 0.04782
4 0 4 40145 0.04738
4 0 4 40122 0.04889
4 0 4 40107 0.0485
4 0 4 40092 0.04859
4 0 4 40080 0.04815
4 0 4 40066 0.04868
4 0 4 40062 0.04824
4 0 4 40013 0.04854
4 0 4 40007 0.04809
4 0 4 39999 0.04813
4 0 4 39980 0.05018
4 0 4 39957 0.04756
4 0 4 39935 0.04809
4 0 4 39827 0.04872
4 0 4 39711 0.0475
4 0 4 39055 0.04748
4 0 4 37375 0.0662
4 0 4 37265 0.06682
4 0 4 36993 0.06709
4 0 4 36583 0.06508
4 0 4 36418 0.0646
4 0 4 35619 0.0644
4 0 4 34272 0.06204
4 0 4 34178 0.06195
4 0 4 27586 0.03103
4 0 4 27582 0.03135
4 0 4 27567 0.03103
4 0 4 27567 0.03088
4 0 4 27560 0.03025
4 0 4 27558 0.03069
4 0 4 27547 0.02963
4 0 4 27547 0.0297
4 0 4 27533 0.03126
4 0 4 27526 0.03095
4 0 4 27510 0.03112
4 0 4 27508 0.02972
4 0 4 27496 0.03167
4 0 4 27495 0.03088
4 0 4 27488 0.03127
4 0 4 27477 0.03159
4 0 4 27182 0.05071
4 0 4 26396 0.04886
4 0 4 25652 0.0477
4 0 4 25357 0.04737
4 0 4 24607 0.04722
4 0 4 24496 0.04705
4 0 4 24081 0.04635
4 0 4 23875 0.04641
4 0 4 23624 0.04504
4 0 4 15922 0.01855
4 0 4 15919 0.01897
4 0 4 15918 0.01904
4 0 4 15913 0.02
4 0 4 15911 0.01862
4 0 4 15908 0.01928
4 0 4 15904 0.01905
4 0 4 15899 0.0189
4 0 4 15899 0.01894
4 0 4 15896 0.01843
4 0 4 15895 0.01902
4 0 4 15889 0.02005
4 0 4 15882 0.01903
4 0 4 15875 0.01888
4 0 4 15874 0.01958
4 0 4 15864 0.03105
4 0 4 15787 0.01842
4 0 4 15557 0.03044
4 0 4 15390 0.03002
4 0 4 15319 0.02972
4 0 4 15168 0.03006
4 0 4 15069 0.02977
4 0 4 14966 0.02912
4 0 4 14810 0.02918
4 0 4 14612 0.02918
4 0 4 10406 0.01408
4 0 4 10404 0.01437
4 0 4 10403 0.01404
4 0 4 10402 0.0139
4 0 4 10401 0.01434
4 0 4 10400 0.01387
4 0 4 10399 0.01413
4 0 4 10399 0.01411
4 0 4 10398 0.01439
4 0 4 10398 0.01445
4 0 4 10396 0.01405
4 0 4 10394 0.01403
4 0 4 10392 0.01381
4 0 4 10392 0.01377
4 0 4 10388 0.01409
4 0 4 10378 0.01443
4 0 4 10340 0.01422
4 0 4 10272 0.02185
4 0 4 10196 0.02086
4 0 4 10167 0.02035
4 0 4 10122 0.02016
4 0 4 10092 0.02018
4 0 4 10059 0.02025
4 0 4 10045 0.02047
4 0 4 9803 0.02012
4 0 5 163673 0.1957
4 0 5 163090 0.198
4 0 5 162963 0.1978
4 0 5 162800 0.1986
4 0 5 162712 0.2007
4 0 5 162465 0.2006
4 0 5 162411 0.1975
4 0 5 162171 0.2019
4 0 5 162082 0.2003
4 0 5 161563 0.1978
4 0 5 161448 0.2013
4 0 5 161406 0.1968
4 0 5 160877 0.1989
4 0 5 159826 0.1975
4 0 5 157026 0.1986
4 0 5 157026 0.1976
4 0 5 150693 0.1947
4 0 5 129818 0.1831
4 0 5 129816 0.1825
4 0 5 129784 0.1831
4 0 5 129489 0.1821
4 0 5 129467 0.1799
4 0 5 129174 0.181
4 0 5 128822 0.1837
4 0 5 128811 0.1824
4 0 5 128803 0.1815
4 0 5 128596 0.1847
4 0 5 128100 0.1742
4 0 5 128067 0.182
4 0 5 128013 0.1788
4 0 5 127929 0.186
4 0 5 127838 0.1815
4 0 5 127789 0.1785
4 0 5 127565 0.18
4 0 5 125211 0.2696
4 0 5 121252 0.1565
4 0 5 114032 0.1472
4 0 5 112971 0.1474
4 0 5 109578 0.1105
4 0 5 109146 0.1124
4 0 5 108915 0.1119
4 0 5 108834 0.11
4 0 5 108678 0.1146
4 0 5 108647 0.1088
4 0 5 108583 0.1141
4 0 5 108530 0.1126
4 0 5 108474 0.1123
4 0 5 108387 0.1128
4 0 5 108357 0.1127
4 0 5 108264 0.1415
4 0 5 107935 0.1043
4 0 5 107797 0.112
4 0 5 107665 0.1109
4 0 5 106863 0.107
4 0 5 106796 0.1099
4 0 5 104941 0.1091
4 0 5 102874 0.1389
4 0 5 101408 0.1353
4 0 5 94049 0.1286
4 0 5 93893 0.128
4 0 5 92941 0.1288
4 0 5 90477 0.1248
4 0 5 88751 0.1212
4 0 5 87698 0.1215
4 0 5 87173 0.121
4 0 5 82884 0.1171
4 0 5 82660 0.1172
4 0 5 80976 0.1157
4 0 5 80430 0.1151
4 0 5 80038 0.1151
4 0 5 74390 0.1105
4 0 5 74100 0.1089
4 0 5 71146 0.1069
4 0 5 69051 0.1058
4 0 5 68407 0.106
4 0 5 64545 0.07466
4 0 5 64537 0.07532
4 0 5 64518 0.07364
4 0 5 64431 0.07507
4 0 5 64409 0.0758
4 0 5 64371 0.07518
4 0 5 64369 0.0736
4 0 5 64265 0.07423
4 0 5 64257 0.07498
4 0 5 64173 0.07581
4 0 5 64164 0.07488
4 0 5 64073 0.07246
4 0 5 63824 0.0737
4 0 5 63797 0.07454
4 0 5 63752 0.07221
4 0 5 63103 0.07032
4 0 5 59335 0.09692
4 0 5 58753 0.09621
4 0 5 56333 0.0937
4 0 5 55728 0.09179
4 0 5 54333 0.0918
4 0 5 52689 0.08876
4 0 5 52222 0.08954
4 0 5 48034 0.08124
4 0 5 47341 0.08058
4 0 5 41986 0.05062
4 0 5 41969 0.0516
4 0 5 41946 0.0499
4 0 5 41937 0.05121
4 0 5 41933 0.05067
4 0 5 41918 0.05082
4 0 5 41912 0.0502
4 0 5 41867 0.05117
4 0 5 41863 0.05147
4 0 5 41798 0.05038
4 0 5 41790 0.0508
4 0 5 41778 0.05068
4 0 5 41725 0.05057
4 0 5 41698 0.05033
4 0 5 41664 0.05148
4 0 5 41492 0.04957
4 0 5 40850 0.04768
4 0 5 38707 0.06779
4 0 5 38400 0.06737
4 0 5 37336 0.06608
4 0 5 36851 0.06572
4 0 5 36375 0.06489
4 0 5 35411 0.06386
4 0 5 34880 0.06259
4 0 5 32640 0.05801
4 0 5 28505 0.03045
4 0 5 28505 0.03063
4 0 5 28498 0.03159
4 0 5 28473 0.03134
4 0 5 28453 0.03119
4 0 5 28453 0.03115
4 0 5 28437 0.03083
4 0 5 28436 0.03203
4 0 5 28416 0.03196
4 0 5 28415 0.0321
4 0 5 28396 0.03195
4 0 5 28394 0.02917
4 0 5 28389 0.03129
4 0 5 28387 0.03143
4 0 5 28382 0.0302
4 0 5 28377 0.0318
4 0 5 28358 0.03177
4 0 5 26523 0.0473
4 0 5 25664 0.04714
4 0 5 25446 0.04699
4 0 5 25365 0.04655
4 0 5 24529 0.04685
4 0 5 24290 0.04603
4 0 5 23631 0.04539
4 0 5 22971 0.0433
4 0 5 16239 0.01813
4 0 5 16229 0.0189
4 0 5 16223 0.01824
4 0 5 16221 0.01827
4 0 5 16220 0.01881
4 0 5 16218 0.01784
4 0 5 16217 0.01937
4 0 5 16208 0.01891
4 0 5 16207 0.01821
4 0 5 16201 0.01796
4 0 5 16199 0.01924
4 0 5 16195 0.01966
4 0 5 16192 0.01888
4 0 5 16183 0.01837
4 0 5 16174 0.01909
4 0 5 16161 0.01864
4 0 5 16093 0.01914
4 0 5 15789 0.03037
4 0 5 15501 0.03036
4 0 5 15437 0.03049
4 0 5 15159 0.02923
4 0 5 15116 0.02951
4 0 5 14938 0.02941
4 0 5 14769 0.02877
4 0 5 14636 0.02883
4 0 5 10542 0.01358
4 0 5 10542 0.01356
4 0 5 10538 0.01368
4 0 5 10538 0.01362
4 0 5 10537 0.01358
4 0 5 10537 0.01357
4 0 5 10536 0.01375
4 0 5 10535 0.01378
4 0 5 10532 0.014
4 0 5 10530 0.01372
4 0 5 10528 0.01339
4 0 5 10528 0.0133
4 0 5 10524 0.01435
4 0 5 10524 0.0144
4 0 5 10517 0.01361
4 0 5 10514 0.01418
4 0 5 10472 0.01311
4 0 5 10322 0.02186
4 0 5 10254 0.02149
4 0 5 10182 0.02085
4 0 5 10134 0.02068
4 0 5 10100 0.02044
4 0 5 10031 0.01952
4 0 5 9990 0.01982
4 0 5 9684 0.01974
