16 3 1 100000 0.1457
16 3 1 100000 0.134
16 3 1 100000 0.1338
16 3 1 100000 0.1329
16 3 1 100000 0.1343
16 3 1 100000 0.1338
16 3 1 85000 0.1194
16 3 1 85000 0.1184
16 3 1 85000 0.118
16 3 1 85000 0.1181
16 3 1 85000 0.1193
16 3 1 85000 0.1184
16 3 1 85000 0.1185
16 3 1 75000 0.1086
16 3 1 75000 0.1094
16 3 1 75000 0.1091
16 3 1 75000 0.1085
16 3 1 75000 0.1077
16 3 1 75000 0.109
16 3 1 50000 0.08356
16 3 1 50000 0.08485
16 3 1 50000 0.0858
16 3 1 50000 0.08298
16 3 1 50000 0.08489
16 3 1 50000 0.08676
16 3 1 35000 0.0631
16 3 1 35000 0.06115
16 3 1 35000 0.06255
16 3 1 35000 0.06174
16 3 1 35000 0.06239
16 3 1 35000 0.06161
16 3 1 35000 0.06256
16 3 1 25000 0.04623
16 3 1 25000 0.04682
16 3 1 25000 0.04612
16 3 1 25000 0.04646
16 3 1 25000 0.0464
16 3 1 25000 0.04545
16 3 1 15000 0.02789
16 3 1 15000 0.02801
16 3 1 15000 0.02764
16 3 1 15000 0.02852
16 3 1 15000 0.02789
16 3 1 15000 0.0282
16 3 1 10000 0.01992
16 3 1 10000 0.01993
16 3 1 10000 0.01943
16 3 1 10000 0.01979
16 3 1 10000 0.01992
16 3 1 10000 0.0195
16 3 2 112345 0.1477
16 3 2 112345 0.147
16 3 2 104189 0.1375
16 3 2 102354 0.1359
16 3 2 100947 0.1345
16 3 2 95260 0.1266
16 3 2 94021 0.1288
16 3 2 91170 0.1228
16 3 2 86577 0.1207
16 3 2 85372 0.1155
16 3 2 84507 0.1174
16 3 2 81792 0.1148
16 3 2 78363 0.1127
16 3 2 78363 0.1131
16 3 2 78025 0.1118
16 3 2 76428 0.1125
16 3 2 76085 0.1114
16 3 2 74194 0.1194
16 3 2 70056 0.1163
16 3 2 53384 0.0973
16 3 2 53140 0.09398
16 3 2 52596 0.08878
16 3 2 51228 0.08735
16 3 2 49633 0.08451
16 3 2 49271 0.08423
16 3 2 36651 0.06373
16 3 2 36312 0.06435
16 3 2 36204 0.06381
16 3 2 35868 0.06381
16 3 2 34907 0.06193
16 3 2 33687 0.05981
16 3 2 33687 0.05959
16 3 2 25839 0.04724
16 3 2 25701 0.04723
16 3 2 25000 0.04669
16 3 2 24691 0.04625
16 3 2 24513 0.04664
16 3 2 24279 0.04555
16 3 2 15272 0.0295
16 3 2 15105 0.02883
16 3 2 15053 0.0284
16 3 2 14980 0.02835
16 3 2 14812 0.02813
16 3 2 14718 0.02848
16 3 2 10130 0.02022
16 3 2 10118 0.02003
16 3 2 10082 0.02031
16 3 2 10023 0.01983
16 3 2 9985 0.01978
16 3 2 9902 0.01947
16 3 3 114508 0.1463
16 3 3 114508 0.1467
16 3 3 109080 0.14
16 3 3 108219 0.1413
16 3 3 101616 0.1344
16 3 3 96372 0.1301
16 3 3 93824 0.1251
16 3 3 90779 0.1257
16 3 3 89533 0.1218
16 3 3 86297 0.1153
16 3 3 85749 0.1188
16 3 3 83810 0.1163
16 3 3 82296 0.1153
16 3 3 79704 0.1133
16 3 3 79228 0.1118
16 3 3 76105 0.1105
16 3 3 75177 0.1088
16 3 3 71853 0.1069
16 3 3 69091 0.1048
16 3 3 56532 0.09233
16 3 3 55243 0.09151
16 3 3 53635 0.08971
16 3 3 51170 0.08629
16 3 3 50982 0.08524
16 3 3 47032 0.0797
16 3 3 38381 0.066
16 3 3 36555 0.06375
16 3 3 35698 0.06305
16 3 3 35156 0.06292
16 3 3 34896 0.06241
16 3 3 33300 0.05966
16 3 3 33184 0.05856
16 3 3 25762 0.04756
16 3 3 25315 0.04647
16 3 3 25209 0.04704
16 3 3 24993 0.04703
16 3 3 24099 0.04542
16 3 3 23931 0.04503
16 3 3 15423 0.02984
16 3 3 15302 0.02882
16 3 3 15218 0.02866
16 3 3 14989 0.02897
16 3 3 14874 0.02885
16 3 3 14638 0.0285
16 3 3 10227 0.02049
16 3 3 10173 0.02007
16 3 3 10088 0.02032
16 3 3 10032 0.01999
16 3 3 10023 0.01972
16 3 3 9892 0.01998
16 3 4 115724 0.1474
16 3 4 115724 0.1448
16 3 4 113035 0.1484
16 3 4 108563 0.1433
16 3 4 106284 0.1417
16 3 4 100223 0.1278
16 3 4 98069 0.1341
16 3 4 94370 0.1257
16 3 4 94112 0.1295
16 3 4 90464 0.1255
16 3 4 88939 0.1251
16 3 4 83986 0.1186
16 3 4 82506 0.117
16 3 4 81468 0.117
16 3 4 79890 0.113
16 3 4 75906 0.1113
16 3 4 75735 0.1116
16 3 4 71709 0.1093
16 3 4 71610 0.1092
16 3 4 56334 0.09446
16 3 4 55111 0.09271
16 3 4 53533 0.09245
16 3 4 51555 0.08852
16 3 4 50844 0.0869
16 3 4 49928 0.08634
16 3 4 37707 0.06655
16 3 4 37092 0.06626
16 3 4 36568 0.06481
16 3 4 36050 0.06558
16 3 4 34595 0.0633
16 3 4 33408 0.06085
16 3 4 27024 0.05016
16 3 4 26371 0.05024
16 3 4 26012 0.04905
16 3 4 25716 0.04859
16 3 4 25381 0.04784
16 3 4 24680 0.04753
16 3 4 24109 0.04647
16 3 4 15507 0.0306
16 3 4 15408 0.03027
16 3 4 15316 0.02996
16 3 4 15232 0.03004
16 3 4 15034 0.02955
16 3 4 14762 0.0296
16 3 4 10287 0.02122
16 3 4 10244 0.02109
16 3 4 10155 0.02117
16 3 4 10101 0.02059
16 3 4 10046 0.02041
16 3 4 9890 0.02063
16 3 5 121316 0.1536
16 3 5 121316 0.1531
16 3 5 114148 0.1459
16 3 5 111589 0.1422
16 3 5 110403 0.1435
16 3 5 106720 0.1344
16 3 5 99380 0.1316
16 3 5 97663 0.1241
16 3 5 94142 0.1266
16 3 5 93518 0.1264
16 3 5 89059 0.1232
16 3 5 88228 0.12
16 3 5 85430 0.1161
16 3 5 84069 0.1165
16 3 5 79668 0.1128
16 3 5 78649 0.1111
16 3 5 73996 0.1066
16 3 5 72766 0.1073
16 3 5 69039 0.1055
16 3 5 56816 0.09379
16 3 5 54102 0.08932
16 3 5 53166 0.08939
16 3 5 52458 0.08779
16 3 5 49206 0.08316
16 3 5 47697 0.08109
16 3 5 39501 0.06792
16 3 5 38309 0.06526
16 3 5 36733 0.06492
16 3 5 36051 0.06391
16 3 5 35085 0.06234
16 3 5 33734 0.0601
16 3 5 33484 0.05881
16 3 5 26460 0.04882
16 3 5 26100 0.04855
16 3 5 25507 0.0473
16 3 5 24891 0.04749
16 3 5 24107 0.04592
16 3 5 15711 0.03015
16 3 5 15709 0.02967
16 3 5 15642 0.03059
16 3 5 15394 0.03013
16 3 5 15225 0.0292
16 3 5 14940 0.02922
16 3 5 14829 0.02855
16 3 5 10381 0.02147
16 3 5 10187 0.02054
16 3 5 10171 0.02083
16 3 5 10115 0.02035
16 3 5 10091 0.02018
16 3 5 9963 0.02025
