16 13 1 100000 0.109
16 13 1 100000 0.1016
16 13 1 100000 0.1001
16 13 1 100000 0.1033
16 13 1 100000 0.104
16 13 1 100000 0.1033
16 13 1 100000 0.1054
16 13 1 85000 0.08998
16 13 1 85000 0.09353
16 13 1 85000 0.09352
16 13 1 85000 0.09136
16 13 1 85000 0.09522
16 13 1 75000 0.08358
16 13 1 75000 0.08034
16 13 1 75000 0.07934
16 13 1 75000 0.08398
16 13 1 75000 0.08291
16 13 1 75000 0.08358
16 13 1 75000 0.08334
16 13 1 50000 0.05944
16 13 1 50000 0.05659
16 13 1 50000 0.0599
16 13 1 50000 0.06181
16 13 1 50000 0.06179
16 13 1 50000 0.06027
16 13 1 35000 0.04225
16 13 1 35000 0.04187
16 13 1 35000 0.04416
16 13 1 35000 0.04379
16 13 1 35000 0.04233
16 13 1 35000 0.04195
16 13 1 35000 0.04257
16 13 1 25000 0.02789
16 13 1 25000 0.02999
16 13 1 25000 0.02831
16 13 1 25000 0.0292
16 13 1 25000 0.02892
16 13 1 25000 0.02915
16 13 1 15000 0.01683
16 13 1 15000 0.01835
16 13 1 15000 0.01793
16 13 1 15000 0.01871
16 13 1 15000 0.01843
16 13 1 10000 0.01207
16 13 1 10000 0.01242
16 13 1 10000 0.01168
16 13 1 10000 0.01312
16 13 1 10000 0.01215
16 13 1 10000 0.0122
16 13 1 10000 0.01327
16 13 2 113570 0.1154
16 13 2 112557 0.1133
16 13 2 111815 0.1123
16 13 2 109265 0.1124
16 13 2 106811 0.1108
16 13 2 98580 0.1033
16 13 2 94749 0.1007
16 13 2 94176 0.09438
16 13 2 93688 0.09926
16 13 2 91205 0.09777
16 13 2 90948 0.09368
16 13 2 88106 0.09502
16 13 2 82545 0.0899
16 13 2 82046 0.0853
16 13 2 81600 0.08727
16 13 2 80913 0.08935
16 13 2 79635 0.08802
16 13 2 78024 0.085
16 13 2 73210 0.08274
16 13 2 53386 0.06534
16 13 2 53332 0.0642
16 13 2 53236 0.06539
16 13 2 53038 0.06639
16 13 2 51326 0.06219
16 13 2 49994 0.05654
16 13 2 49370 0.05841
16 13 2 36639 0.04291
16 13 2 36575 0.04418
16 13 2 36507 0.04291
16 13 2 35309 0.04264
16 13 2 33837 0.04233
16 13 2 25848 0.02896
16 13 2 25838 0.03024
16 13 2 25822 0.0299
16 13 2 25772 0.02841
16 13 2 25056 0.02834
16 13 2 24281 0.02745
16 13 2 15304 0.01758
16 13 2 15304 0.01851
16 13 2 15301 0.01986
16 13 2 15289 0.01763
16 13 2 15278 0.01914
16 13 2 15093 0.0188
16 13 2 14933 0.0183
16 13 2 10134 0.01268
16 13 2 10132 0.01221
16 13 2 10129 0.01228
16 13 2 10114 0.01255
16 13 2 10051 0.013
16 13 2 9935 0.01236
16 13 3 127076 0.169
16 13 3 123965 0.1797
16 13 3 122386 0.1172
16 13 3 117142 0.1165
16 13 3 114360 0.113
16 13 3 103847 0.1021
16 13 3 102461 0.102
16 13 3 99888 0.1044
16 13 3 96922 0.09623
16 13 3 96294 0.09897
16 13 3 93209 0.09776
16 13 3 91212 0.09562
16 13 3 89257 0.09196
16 13 3 87282 0.09332
16 13 3 86113 0.09284
16 13 3 84943 0.08851
16 13 3 80745 0.08842
16 13 3 78706 0.08806
16 13 3 75064 0.08331
16 13 3 56833 0.07002
16 13 3 56164 0.06391
16 13 3 55738 0.06458
16 13 3 55056 0.06417
16 13 3 53796 0.06329
16 13 3 50522 0.06091
16 13 3 48260 0.05863
16 13 3 38153 0.04401
16 13 3 38052 0.04467
16 13 3 37001 0.04246
16 13 3 35714 0.04342
16 13 3 34147 0.04111
16 13 3 26707 0.02922
16 13 3 26624 0.02745
16 13 3 26402 0.02726
16 13 3 25950 0.0291
16 13 3 25371 0.02904
16 13 3 25091 0.02704
16 13 3 24094 0.02763
16 13 3 15575 0.01738
16 13 3 15525 0.01868
16 13 3 15387 0.01795
16 13 3 15236 0.01731
16 13 3 15112 0.01772
16 13 3 14734 0.01856
16 13 3 10256 0.01307
16 13 3 10249 0.01356
16 13 3 10226 0.01356
16 13 3 10172 0.01269
16 13 3 10070 0.01309
16 13 3 9830 0.01285
16 13 4 143070 0.1936
16 13 4 138312 0.1795
16 13 4 137129 0.1833
16 13 4 128677 0.1884
16 13 4 115158 0.1122
16 13 4 114470 0.114
16 13 4 113016 0.1105
16 13 4 109647 0.1105
16 13 4 105702 0.1079
16 13 4 101245 0.104
16 13 4 98478 0.102
16 13 4 98172 0.1007
16 13 4 96187 0.1012
16 13 4 94333 0.09467
16 13 4 91014 0.09326
16 13 4 90423 0.09589
16 13 4 84058 0.08932
16 13 4 83801 0.09183
16 13 4 80479 0.08613
16 13 4 59754 0.06987
16 13 4 59110 0.07113
16 13 4 58148 0.06972
16 13 4 57433 0.06779
16 13 4 56078 0.06875
16 13 4 52498 0.06495
16 13 4 50379 0.06107
16 13 4 39758 0.04797
16 13 4 38727 0.04698
16 13 4 38370 0.04745
16 13 4 36610 0.04503
16 13 4 34646 0.04378
16 13 4 27600 0.03058
16 13 4 27470 0.03025
16 13 4 27239 0.03053
16 13 4 26236 0.02942
16 13 4 25788 0.02928
16 13 4 25270 0.02922
16 13 4 24495 0.02786
16 13 4 15839 0.01923
16 13 4 15792 0.01878
16 13 4 15595 0.01867
16 13 4 15405 0.0187
16 13 4 15215 0.01777
16 13 4 10409 0.01402
16 13 4 10389 0.01299
16 13 4 10379 0.01267
16 13 4 10355 0.01351
16 13 4 10321 0.01411
16 13 4 10227 0.0135
16 13 4 10130 0.01354
16 13 5 160633 0.1872
16 13 5 147004 0.1988
16 13 5 141619 0.1785
16 13 5 141586 0.1945
16 13 5 127412 0.1697
16 13 5 126214 0.1702
16 13 5 119493 0.1141
16 13 5 115810 0.1184
16 13 5 108291 0.1103
16 13 5 108159 0.1017
16 13 5 104578 0.1115
16 13 5 101517 0.1012
16 13 5 99060 0.1035
16 13 5 98595 0.1013
16 13 5 97190 0.1037
16 13 5 92739 0.09876
16 13 5 91742 0.09943
16 13 5 90165 0.0965
16 13 5 76320 0.08601
16 13 5 64007 0.0706
16 13 5 62301 0.07379
16 13 5 61447 0.07193
16 13 5 58874 0.07102
16 13 5 58312 0.07019
16 13 5 53555 0.06324
16 13 5 48127 0.05728
16 13 5 40474 0.04845
16 13 5 39908 0.04666
16 13 5 39076 0.04735
16 13 5 37915 0.04661
16 13 5 33909 0.04148
16 13 5 33560 0.04014
16 13 5 28228 0.0303
16 13 5 27481 0.03219
16 13 5 26812 0.03038
16 13 5 26266 0.02962
16 13 5 25703 0.03045
16 13 5 16198 0.01812
16 13 5 16170 0.01787
16 13 5 15997 0.02043
16 13 5 15883 0.01989
16 13 5 15820 0.01928
16 13 5 15484 0.02011
16 13 5 15120 0.01869
16 13 5 10540 0.01386
16 13 5 10488 0.01426
16 13 5 10438 0.01472
16 13 5 10372 0.01301
16 13 5 10314 0.01293
16 13 5 10207 0.01358
