4 0 1 100000 0.1148
4 0 1 100000 0.1095
4 0 1 100000 0.1031
4 0 1 100000 0.1033
4 0 1 100000 0.1248
4 0 1 100000 0.1247
4 0 1 100000 0.1226
4 0 1 100000 0.1133
4 0 1 100000 0.1034
4 0 1 100000 0.1047
4 0 1 100000 0.1039
4 0 1 100000 0.1054
4 0 1 100000 0.1047
4 0 1 100000 0.1022
4 0 1 100000 0.1044
4 0 1 100000 0.1037
4 0 1 100000 0.1332
4 0 1 100000 0.1312
4 0 1 100000 0.132
4 0 1 100000 0.1316
4 0 1 100000 0.1355
4 0 1 100000 0.1375
4 0 1 100000 0.1337
4 0 1 100000 0.1328
4 0 1 100000 0.1324
4 0 1 85000 0.09258
4 0 1 85000 0.09418
4 0 1 85000 0.09405
4 0 1 85000 0.09025
4 0 1 85000 0.09078
4 0 1 85000 0.09026
4 0 1 85000 0.08548
4 0 1 85000 0.09034
4 0 1 85000 0.09161
4 0 1 85000 0.09251
4 0 1 85000 0.09076
4 0 1 85000 0.09153
4 0 1 85000 0.09264
4 0 1 85000 0.09115
4 0 1 85000 0.09347
4 0 1 85000 0.09111
4 0 1 85000 0.1189
4 0 1 85000 0.1204
4 0 1 85000 0.1184
4 0 1 85000 0.1193
4 0 1 85000 0.1189
4 0 1 85000 0.1178
4 0 1 85000 0.1202
4 0 1 85000 0.1373
4 0 1 85000 0.1569
4 0 1 75000 0.1156
4 0 1 75000 0.1168
4 0 1 75000 0.1165
4 0 1 75000 0.1179
4 0 1 75000 0.1162
4 0 1 75000 0.1043
4 0 1 75000 0.1031
4 0 1 75000 0.1043
4 0 1 75000 0.1038
4 0 1 75000 0.1072
4 0 1 75000 0.1011
4 0 1 75000 0.08094
4 0 1 75000 0.08354
4 0 1 75000 0.08231
4 0 1 75000 0.08347
4 0 1 75000 0.08824
4 0 1 75000 0.1115
4 0 1 75000 0.1085
4 0 1 75000 0.109
4 0 1 75000 0.1085
4 0 1 75000 0.1098
4 0 1 75000 0.1078
4 0 1 75000 0.1086
4 0 1 75000 0.1081
4 0 1 75000 0.1087
4 0 1 50000 0.05895
4 0 1 50000 0.05892
4 0 1 50000 0.05917
4 0 1 50000 0.07083
4 0 1 50000 0.07161
4 0 1 50000 0.06976
4 0 1 50000 0.07309
4 0 1 50000 0.06913
4 0 1 50000 0.07041
4 0 1 50000 0.07326
4 0 1 50000 0.0712
4 0 1 50000 0.07015
4 0 1 50000 0.07375
4 0 1 50000 0.06923
4 0 1 50000 0.07097
4 0 1 50000 0.07224
4 0 1 50000 0.09438
4 0 1 50000 0.09437
4 0 1 50000 0.09337
4 0 1 50000 0.09395
4 0 1 50000 0.09405
4 0 1 50000 0.09546
4 0 1 50000 0.09364
4 0 1 50000 0.09314
4 0 1 50000 0.09474
4 0 1 35000 0.04816
4 0 1 35000 0.0502
4 0 1 35000 0.04928
4 0 1 35000 0.04983
4 0 1 35000 0.0489
4 0 1 35000 0.04936
4 0 1 35000 0.0492
4 0 1 35000 0.04985
4 0 1 35000 0.0486
4 0 1 35000 0.04959
4 0 1 35000 0.04918
4 0 1 35000 0.0483
4 0 1 35000 0.0498
4 0 1 35000 0.04941
4 0 1 35000 0.0499
4 0 1 35000 0.04861
4 0 1 35000 0.06781
4 0 1 35000 0.06777
4 0 1 35000 0.06774
4 0 1 35000 0.06817
4 0 1 35000 0.06945
4 0 1 35000 0.06815
4 0 1 35000 0.06767
4 0 1 35000 0.06656
4 0 1 35000 0.06804
4 0 1 25000 0.03158
4 0 1 25000 0.03024
4 0 1 25000 0.02987
4 0 1 25000 0.02924
4 0 1 25000 0.02836
4 0 1 25000 0.03121
4 0 1 25000 0.03034
4 0 1 25000 0.03044
4 0 1 25000 0.02996
4 0 1 25000 0.03033
4 0 1 25000 0.03094
4 0 1 25000 0.0294
4 0 1 25000 0.03095
4 0 1 25000 0.03025
4 0 1 25000 0.03042
4 0 1 25000 0.03011
4 0 1 25000 0.04737
4 0 1 25000 0.04795
4 0 1 25000 0.04867
4 0 1 25000 0.04811
4 0 1 25000 0.04888
4 0 1 25000 0.04804
4 0 1 25000 0.04827
4 0 1 25000 0.04779
4 0 1 25000 0.04866
4 0 1 15000 0.019
4 0 1 15000 0.01964
4 0 1 15000 0.01934
4 0 1 15000 0.01907
4 0 1 15000 0.01863
4 0 1 15000 0.01891
4 0 1 15000 0.0191
4 0 1 15000 0.0189
4 0 1 15000 0.0194
4 0 1 15000 0.01817
4 0 1 15000 0.01898
4 0 1 15000 0.01823
4 0 1 15000 0.0191
4 0 1 15000 0.01935
4 0 1 15000 0.01908
4 0 1 15000 0.01866
4 0 1 15000 0.02965
4 0 1 15000 0.0296
4 0 1 15000 0.0298
4 0 1 15000 0.02936
4 0 1 15000 0.02944
4 0 1 15000 0.02891
4 0 1 15000 0.02989
4 0 1 15000 0.02928
4 0 1 15000 0.02953
4 0 1 10000 0.01338
4 0 1 10000 0.0136
4 0 1 10000 0.01385
4 0 1 10000 0.01317
4 0 1 10000 0.01391
4 0 1 10000 0.0128
4 0 1 10000 0.01328
4 0 1 10000 0.014
4 0 1 10000 0.01364
4 0 1 10000 0.01327
4 0 1 10000 0.0139
4 0 1 10000 0.01328
4 0 1 10000 0.01339
4 0 1 10000 0.0138
4 0 1 10000 0.01311
4 0 1 10000 0.01323
4 0 1 10000 0.02012
4 0 1 10000 0.02016
4 0 1 10000 0.02028
4 0 1 10000 0.02046
4 0 1 10000 0.02045
4 0 1 10000 0.01998
4 0 1 10000 0.0202
4 0 1 10000 0.02036
4 0 1 10000 0.01985
4 0 2 113482 0.1156
4 0 2 113482 0.1139
4 0 2 113340 0.1153
4 0 2 113252 0.1168
4 0 2 113136 0.1162
4 0 2 113071 0.1126
4 0 2 113044 0.1137
4 0 2 113024 0.1162
4 0 2 112954 0.1175
4 0 2 112915 0.1168
4 0 2 112895 0.1052
4 0 2 112805 0.1147
4 0 2 112805 0.1156
4 0 2 112752 0.1175
4 0 2 112330 0.116
4 0 2 112319 0.1393
4 0 2 108970 0.1129
4 0 2 108970 0.1129
4 0 2 107787 0.1119
4 0 2 106486 0.1518
4 0 2 104167 0.1751
4 0 2 102354 0.1722
4 0 2 102017 0.171
4 0 2 97099 0.1653
4 0 2 96880 0.1643
4 0 2 94670 0.1364
4 0 2 94575 0.1377
4 0 2 94548 0.1378
4 0 2 94546 0.1357
4 0 2 94514 0.1387
4 0 2 94462 0.1395
4 0 2 94394 0.1365
4 0 2 94367 0.1143
4 0 2 94346 0.1006
4 0 2 94342 0.1282
4 0 2 94283 0.1131
4 0 2 94231 0.164
4 0 2 94161 0.1381
4 0 2 94089 0.1401
4 0 2 94034 0.1383
4 0 2 93879 0.141
4 0 2 93234 0.16
4 0 2 93037 0.1397
4 0 2 91249 0.1587
4 0 2 88576 0.1533
4 0 2 88403 0.1547
4 0 2 84507 0.1481
4 0 2 84104 0.1492
4 0 2 82547 0.1473
4 0 2 82472 0.1235
4 0 2 82464 0.1232
4 0 2 82458 0.125
4 0 2 82446 0.1258
4 0 2 82423 0.1248
4 0 2 82422 0.1236
4 0 2 82417 0.1243
4 0 2 82392 0.1253
4 0 2 82311 0.1262
4 0 2 82288 0.1251
4 0 2 82261 0.1226
4 0 2 82238 0.1256
4 0 2 82095 0.1226
4 0 2 81947 0.1227
4 0 2 81884 0.1434
4 0 2 81540 0.1449
4 0 2 81231 0.1425
4 0 2 80634 0.1237
4 0 2 80523 0.144
4 0 2 78618 0.1406
4 0 2 78432 0.1397
4 0 2 77618 0.1402
4 0 2 76451 0.1378
4 0 2 76204 0.1406
4 0 2 74830 0.1346
4 0 2 67987 0.1269
4 0 2 53383 0.1075
4 0 2 53372 0.08178
4 0 2 53371 0.08016
4 0 2 53347 0.08447
4 0 2 53346 0.0837
4 0 2 53326 0.0864
4 0 2 53316 0.08851
4 0 2 53301 0.08798
4 0 2 53292 0.08621
4 0 2 53281 0.08955
4 0 2 53265 0.08789
4 0 2 53244 0.08878
4 0 2 53231 0.08523
4 0 2 53200 0.0846
4 0 2 53192 0.08759
4 0 2 53169 0.1089
4 0 2 53151 0.08078
4 0 2 52899 0.08167
4 0 2 52580 0.104
4 0 2 52223 0.07516
4 0 2 51736 0.1024
4 0 2 51124 0.09989
4 0 2 50686 0.09891
4 0 2 48575 0.09283
4 0 2 46698 0.092
4 0 2 36662 0.05364
4 0 2 36662 0.05363
4 0 2 36662 0.07366
4 0 2 36662 0.07353
4 0 2 36647 0.05225
4 0 2 36645 0.05266
4 0 2 36639 0.05131
4 0 2 36617 0.05411
4 0 2 36617 0.05385
4 0 2 36610 0.0527
4 0 2 36609 0.05278
4 0 2 36604 0.05322
4 0 2 36597 0.05301
4 0 2 36585 0.05328
4 0 2 36580 0.05279
4 0 2 36580 0.05317
4 0 2 36568 0.05332
4 0 2 36460 0.05227
4 0 2 36209 0.07346
4 0 2 35962 0.07234
4 0 2 35776 0.05062
4 0 2 35235 0.05123
4 0 2 35000 0.07043
4 0 2 34541 0.06889
4 0 2 34387 0.06839
4 0 2 25845 0.03149
4 0 2 25843 0.05112
4 0 2 25840 0.03149
4 0 2 25836 0.03218
4 0 2 25834 0.03169
4 0 2 25833 0.03268
4 0 2 25828 0.03172
4 0 2 25826 0.03267
4 0 2 25820 0.03204
4 0 2 25820 0.03202
4 0 2 25816 0.03293
4 0 2 25815 0.03137
4 0 2 25808 0.0314
4 0 2 25805 0.03188
4 0 2 25803 0.031
4 0 2 25791 0.03149
4 0 2 25789 0.032
4 0 2 25753 0.03123
4 0 2 25707 0.05082
4 0 2 25451 0.0499
4 0 2 24937 0.04874
4 0 2 24667 0.04889
4 0 2 24392 0.04732
4 0 2 24303 0.04785
4 0 2 24154 0.04736
4 0 2 15304 0.01978
4 0 2 15303 0.01871
4 0 2 15302 0.01949
4 0 2 15301 0.01945
4 0 2 15300 0.01902
4 0 2 15299 0.01954
4 0 2 15299 0.01955
4 0 2 15298 0.01945
4 0 2 15298 0.01967
4 0 2 15298 0.01935
4 0 2 15297 0.01978
4 0 2 15295 0.01935
4 0 2 15291 0.01991
4 0 2 15289 0.01978
4 0 2 15279 0.0199
4 0 2 15278 0.03075
4 0 2 15269 0.03087
4 0 2 15267 0.03066
4 0 2 15263 0.01887
4 0 2 15179 0.01921
4 0 2 15166 0.03114
4 0 2 15036 0.03035
4 0 2 14997 0.03004
4 0 2 14986 0.0305
4 0 2 14764 0.03001
4 0 2 10134 0.01408
4 0 2 10134 0.01406
4 0 2 10134 0.02121
4 0 2 10133 0.01356
4 0 2 10133 0.01441
4 0 2 10133 0.02119
4 0 2 10132 0.01385
4 0 2 10132 0.01352
4 0 2 10132 0.01387
4 0 2 10131 0.01395
4 0 2 10130 0.01413
4 0 2 10130 0.01401
4 0 2 10128 0.01338
4 0 2 10128 0.01342
4 0 2 10127 0.01381
4 0 2 10127 0.0136
4 0 2 10126 0.01399
4 0 2 10115 0.02092
4 0 2 10101 0.02121
4 0 2 10077 0.01387
4 0 2 10034 0.02064
4 0 2 10012 0.02092
4 0 2 10005 0.02025
4 0 2 9899 0.02052
4 0 2 9895 0.02069
4 0 3 128154 0.2546
4 0 3 128154 0.2569
4 0 3 128086 0.2543
4 0 3 127772 0.2573
4 0 3 127730 0.2531
4 0 3 127699 0.2595
4 0 3 127581 0.2556
4 0 3 127418 0.2588
4 0 3 127197 0.2582
4 0 3 127129 0.2463
4 0 3 127116 0.254
4 0 3 126773 0.2536
4 0 3 126744 0.3441
4 0 3 126131 0.2592
4 0 3 124400 0.2451
4 0 3 124144 0.2563
4 0 3 121776 0.2014
4 0 3 116263 0.2016
4 0 3 112871 0.2051
4 0 3 109078 0.2119
4 0 3 105794 0.1992
4 0 3 105354 0.1675
4 0 3 105150 0.1396
4 0 3 105127 0.115
4 0 3 105096 0.1151
4 0 3 105045 0.112
4 0 3 105002 0.1126
4 0 3 104992 0.1263
4 0 3 104834 0.1278
4 0 3 104805 0.1144
4 0 3 104552 0.1149
4 0 3 104541 0.1137
4 0 3 104383 0.1359
4 0 3 104340 0.114
4 0 3 104163 0.1175
4 0 3 104043 0.1167
4 0 3 103696 0.1138
4 0 3 103428 0.1125
4 0 3 101418 0.1416
4 0 3 97762 0.1381
4 0 3 96863 0.1267
4 0 3 95808 0.1346
4 0 3 95776 0.1344
4 0 3 91419 0.1256
4 0 3 90759 0.1031
4 0 3 90721 0.1004
4 0 3 90595 0.09899
4 0 3 90588 0.1007
4 0 3 90477 0.1002
4 0 3 90475 0.1003
4 0 3 90449 0.09943
4 0 3 90416 0.09959
4 0 3 90366 0.101
4 0 3 90332 0.09859
4 0 3 90194 0.09658
4 0 3 90135 0.09957
4 0 3 90021 0.09547
4 0 3 90018 0.0971
4 0 3 89808 0.1007
4 0 3 89217 0.09817
4 0 3 89078 0.1253
4 0 3 88593 0.09654
4 0 3 84745 0.1196
4 0 3 84159 0.1152
4 0 3 80246 0.1156
4 0 3 79687 0.1167
4 0 3 79360 0.1143
4 0 3 78966 0.1142
4 0 3 77191 0.1151
4 0 3 76622 0.1109
4 0 3 75419 0.128
4 0 3 75323 0.1184
4 0 3 74834 0.1176
4 0 3 71497 0.1155
4 0 3 71347 0.1146
4 0 3 56983 0.0726
4 0 3 56891 0.07134
4 0 3 56878 0.07185
4 0 3 56835 0.07068
4 0 3 56820 0.07067
4 0 3 56799 0.06881
4 0 3 56793 0.07184
4 0 3 56755 0.07209
4 0 3 56754 0.0705
4 0 3 56708 0.07165
4 0 3 56701 0.07073
4 0 3 56685 0.07193
4 0 3 56655 0.07023
4 0 3 56558 0.07248
4 0 3 56555 0.0705
4 0 3 56305 0.07038
4 0 3 55698 0.06943
4 0 3 55401 0.09558
4 0 3 53799 0.09605
4 0 3 53106 0.09326
4 0 3 51861 0.09097
4 0 3 51538 0.09087
4 0 3 49314 0.0873
4 0 3 48764 0.08749
4 0 3 46864 0.08468
4 0 3 38381 0.07022
4 0 3 38377 0.04717
4 0 3 38356 0.04741
4 0 3 38354 0.04867
4 0 3 38332 0.04843
4 0 3 38321 0.04706
4 0 3 38306 0.04867
4 0 3 38305 0.04639
4 0 3 38299 0.04662
4 0 3 38297 0.04711
4 0 3 38284 0.04702
4 0 3 38273 0.04672
4 0 3 38226 0.04562
4 0 3 38226 0.0455
4 0 3 38175 0.06846
4 0 3 38072 0.04764
4 0 3 37921 0.04771
4 0 3 37378 0.04779
4 0 3 36760 0.04551
4 0 3 36156 0.06678
4 0 3 35694 0.06623
4 0 3 35190 0.06528
4 0 3 35017 0.0657
4 0 3 34408 0.06385
4 0 3 33250 0.06077
4 0 3 26711 0.02917
4 0 3 26710 0.02961
4 0 3 26696 0.02929
4 0 3 26690 0.02995
4 0 3 26685 0.03032
4 0 3 26683 0.02992
4 0 3 26674 0.02903
4 0 3 26667 0.02913
4 0 3 26661 0.0295
4 0 3 26660 0.02883
4 0 3 26656 0.03103
4 0 3 26656 0.03111
4 0 3 26645 0.03201
4 0 3 26637 0.02944
4 0 3 26635 0.03014
4 0 3 26602 0.02976
4 0 3 26588 0.02924
4 0 3 26090 0.04743
4 0 3 25465 0.0469
4 0 3 25212 0.04602
4 0 3 24950 0.04537
4 0 3 24874 0.04508
4 0 3 24044 0.04429
4 0 3 23588 0.0439
4 0 3 23527 0.04305
4 0 3 15608 0.01873
4 0 3 15606 0.018
4 0 3 15606 0.01803
4 0 3 15603 0.01878
4 0 3 15602 0.0188
4 0 3 15600 0.01825
4 0 3 15599 0.01902
4 0 3 15597 0.01818
4 0 3 15597 0.01821
4 0 3 15595 0.01888
4 0 3 15591 0.01759
4 0 3 15585 0.01825
4 0 3 15585 0.01839
4 0 3 15577 0.0177
4 0 3 15576 0.01815
4 0 3 15572 0.01799
4 0 3 15558 0.01897
4 0 3 15474 0.01811
4 0 3 15241 0.0292
4 0 3 15118 0.0289
4 0 3 15084 0.02867
4 0 3 15049 0.02892
4 0 3 14969 0.02873
4 0 3 14924 0.02852
4 0 3 14795 0.02847
4 0 3 10270 0.01364
4 0 3 10268 0.01341
4 0 3 10267 0.01364
4 0 3 10267 0.01372
4 0 3 10266 0.01341
4 0 3 10266 0.01344
4 0 3 10264 0.01366
4 0 3 10264 0.0136
4 0 3 10263 0.01351
4 0 3 10263 0.01353
4 0 3 10261 0.01334
4 0 3 10261 0.01331
4 0 3 10260 0.0137
4 0 3 10259 0.01353
4 0 3 10257 0.01313
4 0 3 10248 0.01324
4 0 3 10211 0.01281
4 0 3 10180 0.02026
4 0 3 10152 0.01972
4 0 3 10125 0.02005
4 0 3 10082 0.0198
4 0 3 10011 0.01969
4 0 3 10007 0.01968
4 0 3 9956 0.01995
4 0 3 9915 0.01989
4 0 4 144746 0.2086
4 0 4 144746 0.2056
4 0 4 144528 0.2115
4 0 4 144393 0.2138
4 0 4 144052 0.2133
4 0 4 144042 0.2104
4 0 4 143747 0.2162
4 0 4 143747 0.2143
4 0 4 143710 0.209
4 0 4 143529 0.2022
4 0 4 143511 0.2065
4 0 4 143156 0.2043
4 0 4 142733 0.2089
4 0 4 141597 0.2071
4 0 4 139726 0.2036
4 0 4 139726 0.2049
4 0 4 135454 0.2917
4 0 4 118683 0.1644
4 0 4 117056 0.1323
4 0 4 116809 0.1302
4 0 4 116751 0.1309
4 0 4 116570 0.1291
4 0 4 116551 0.1289
4 0 4 116470 0.1341
4 0 4 116410 0.1349
4 0 4 116312 0.1302
4 0 4 116036 0.1309
4 0 4 115900 0.1281
4 0 4 115877 0.1277
4 0 4 115730 0.1307
4 0 4 115607 0.1337
4 0 4 115527 0.133
4 0 4 115498 0.1317
4 0 4 115309 0.1291
4 0 4 114960 0.13
4 0 4 114524 0.1604
4 0 4 110038 0.1548
4 0 4 107122 0.1554
4 0 4 103927 0.152
4 0 4 101593 0.15
4 0 4 99970 0.1468
4 0 4 99677 0.1451
4 0 4 99594 0.115
4 0 4 99543 0.1163
4 0 4 99387 0.1145
4 0 4 99356 0.1161
4 0 4 99298 0.1135
4 0 4 99206 0.1149
4 0 4 99080 0.116
4 0 4 98995 0.1138
4 0 4 98899 0.116
4 0 4 98886 0.1148
4 0 4 98741 0.1147
4 0 4 98655 0.1088
4 0 4 98269 0.158
4 0 4 97605 0.162
4 0 4 97520 0.155
4 0 4 97431 0.1428
4 0 4 96165 0.1397
4 0 4 94707 0.1585
4 0 4 93221 0.1567
4 0 4 89873 0.1504
4 0 4 87261 0.1474
4 0 4 84439 0.1429
4 0 4 83072 0.1428
4 0 4 81553 0.1407
4 0 4 81110 0.1394
4 0 4 79263 0.1318
4 0 4 79043 0.1377
4 0 4 77954 0.1355
4 0 4 77460 0.1356
4 0 4 74579 0.1334
4 0 4 73170 0.1303
4 0 4 71805 0.1267
4 0 4 71417 0.1277
4 0 4 60664 0.09059
4 0 4 60656 0.08942
4 0 4 60584 0.09246
4 0 4 60539 0.09118
4 0 4 60504 0.0892
4 0 4 60503 0.09073
4 0 4 60475 0.0923
4 0 4 60467 0.09256
4 0 4 60385 0.09958
4 0 4 60371 0.09983
4 0 4 60304 0.09976
4 0 4 60233 0.09817
4 0 4 60192 0.09762
4 0 4 60123 0.1016
4 0 4 59912 0.1007
4 0 4 59909 0.09952
4 0 4 58503 0.1233
4 0 4 56540 0.1162
4 0 4 55030 0.1131
4 0 4 54042 0.1116
4 0 4 52840 0.1099
4 0 4 52265 0.1103
4 0 4 51487 0.1045
4 0 4 48858 0.1008
4 0 4 44335 0.0962
4 0 4 40187 0.08394
4 0 4 40145 0.06083
4 0 4 40127 0.06234
4 0 4 40107 0.0627
4 0 4 40098 0.06237
4 0 4 40080 0.06101
4 0 4 40068 0.06118
4 0 4 40062 0.06096
4 0 4 40040 0.06278
4 0 4 40007 0.06239
4 0 4 40005 0.06019
4 0 4 39980 0.06265
4 0 4 39973 0.06106
4 0 4 39935 0.05995
4 0 4 39873 0.05932
4 0 4 39798 0.08245
4 0 4 39055 0.0607
4 0 4 38441 0.05791
4 0 4 37152 0.07663
4 0 4 36676 0.0765
4 0 4 36615 0.07681
4 0 4 36441 0.07588
4 0 4 35682 0.07409
4 0 4 34780 0.07366
4 0 4 33446 0.06778
4 0 4 27608 0.03376
4 0 4 27582 0.03475
4 0 4 27576 0.03398
4 0 4 27567 0.03487
4 0 4 27563 0.03341
4 0 4 27558 0.03333
4 0 4 27552 0.03449
4 0 4 27547 0.03347
4 0 4 27539 0.03301
4 0 4 27526 0.03361
4 0 4 27511 0.03327
4 0 4 27508 0.03228
4 0 4 27506 0.03453
4 0 4 27495 0.03353
4 0 4 27494 0.03314
4 0 4 27477 0.0344
4 0 4 27467 0.0328
4 0 4 26027 0.05094
4 0 4 25844 0.05051
4 0 4 25442 0.05039
4 0 4 24553 0.04827
4 0 4 24501 0.0486
4 0 4 24236 0.0468
4 0 4 23862 0.04635
4 0 4 23605 0.04646
4 0 4 15919 0.02079
4 0 4 15919 0.02089
4 0 4 15915 0.02005
4 0 4 15913 0.02126
4 0 4 15908 0.0208
4 0 4 15908 0.02075
4 0 4 15902 0.02129
4 0 4 15899 0.02069
4 0 4 15896 0.02058
4 0 4 15896 0.0205
4 0 4 15890 0.02118
4 0 4 15889 0.02136
4 0 4 15877 0.0201
4 0 4 15875 0.02017
4 0 4 15873 0.01992
4 0 4 15857 0.02134
4 0 4 15787 0.02007
4 0 4 15497 0.03227
4 0 4 15443 0.03192
4 0 4 15304 0.03131
4 0 4 15152 0.03145
4 0 4 15063 0.03066
4 0 4 14873 0.03028
4 0 4 14863 0.03015
4 0 4 14681 0.03088
4 0 4 10406 0.015
4 0 4 10403 0.0154
4 0 4 10403 0.01522
4 0 4 10401 0.01467
4 0 4 10401 0.01465
4 0 4 10400 0.01515
4 0 4 10399 0.01477
4 0 4 10398 0.01535
4 0 4 10398 0.01527
4 0 4 10397 0.01491
4 0 4 10396 0.01518
4 0 4 10393 0.01548
4 0 4 10392 0.01466
4 0 4 10390 0.01506
4 0 4 10388 0.01521
4 0 4 10373 0.01444
4 0 4 10340 0.01535
4 0 4 10206 0.02134
4 0 4 10198 0.02169
4 0 4 10188 0.0216
4 0 4 10124 0.02121
4 0 4 10114 0.02151
4 0 4 10056 0.02127
4 0 4 9991 0.02066
4 0 4 9884 0.02076
4 0 5 163237 0.2413
4 0 5 163237 0.2208
4 0 5 162976 0.215
4 0 5 162963 0.2124
4 0 5 162712 0.2165
4 0 5 162688 0.2126
4 0 5 162271 0.2059
4 0 5 162271 0.2051
4 0 5 162077 0.217
4 0 5 161563 0.2162
4 0 5 161448 0.2192
4 0 5 161322 0.2193
4 0 5 160877 0.2146
4 0 5 159826 0.2126
4 0 5 158938 0.2165
4 0 5 155561 0.211
4 0 5 148951 0.2898
4 0 5 148161 0.2928
4 0 5 129784 0.1919
4 0 5 129505 0.1954
4 0 5 129467 0.1918
4 0 5 129306 0.1987
4 0 5 129059 0.1902
4 0 5 128822 0.196
4 0 5 128803 0.1987
4 0 5 128803 0.1964
4 0 5 128273 0.2769
4 0 5 128067 0.2598
4 0 5 128063 0.2356
4 0 5 127929 0.2638
4 0 5 127883 0.2554
4 0 5 127789 0.2564
4 0 5 127585 0.2537
4 0 5 127443 0.2378
4 0 5 123714 0.3091
4 0 5 116518 0.1825
4 0 5 113421 0.185
4 0 5 111223 0.1807
4 0 5 109146 0.1514
4 0 5 108932 0.1521
4 0 5 108834 0.1545
4 0 5 108695 0.1561
4 0 5 108647 0.1575
4 0 5 108638 0.1505
4 0 5 108530 0.1546
4 0 5 108513 0.156
4 0 5 108438 0.1759
4 0 5 108357 0.157
4 0 5 108305 0.1551
4 0 5 108030 0.1547
4 0 5 107861 0.155
4 0 5 107797 0.1554
4 0 5 107049 0.1541
4 0 5 106863 0.1509
4 0 5 106619 0.176
4 0 5 104611 0.1994
4 0 5 102257 0.1886
4 0 5 97591 0.1882
4 0 5 95057 0.1835
4 0 5 93731 0.1649
4 0 5 92102 0.1578
4 0 5 90165 0.1567
4 0 5 88863 0.1427
4 0 5 88149 0.1512
4 0 5 86541 0.1486
4 0 5 84620 0.1465
4 0 5 81842 0.1414
4 0 5 80545 0.1416
4 0 5 80394 0.1427
4 0 5 79344 0.14
4 0 5 75372 0.1321
4 0 5 72994 0.1315
4 0 5 71761 0.1302
4 0 5 69350 0.1236
4 0 5 65256 0.1231
4 0 5 64545 0.09497
4 0 5 64542 0.0947
4 0 5 64518 0.09369
4 0 5 64504 0.09437
4 0 5 64409 0.09555
4 0 5 64383 0.0898
4 0 5 64369 0.09423
4 0 5 64296 0.1007
4 0 5 64257 0.1057
4 0 5 64242 0.1041
4 0 5 64164 0.1054
4 0 5 64083 0.1066
4 0 5 63824 0.1058
4 0 5 63799 0.1069
4 0 5 63797 0.1043
4 0 5 63752 0.1022
4 0 5 63037 0.1008
4 0 5 58223 0.1226
4 0 5 56010 0.1154
4 0 5 54947 0.1142
4 0 5 54853 0.1164
4 0 5 52468 0.109
4 0 5 50687 0.105
4 0 5 50516 0.1049
4 0 5 42016 0.06867
4 0 5 42016 0.06764
4 0 5 41969 0.06664
4 0 5 41946 0.06565
4 0 5 41945 0.06582
4 0 5 41933 0.06302
4 0 5 41926 0.06691
4 0 5 41912 0.06546
4 0 5 41873 0.06497
4 0 5 41863 0.06709
4 0 5 41854 0.06639
4 0 5 41790 0.06572
4 0 5 41780 0.06626
4 0 5 41725 0.06405
4 0 5 41721 0.06339
4 0 5 41664 0.0648
4 0 5 41503 0.08462
4 0 5 40850 0.05871
4 0 5 40253 0.04953
4 0 5 38491 0.06863
4 0 5 38161 0.06781
4 0 5 37128 0.06623
4 0 5 36587 0.06804
4 0 5 35493 0.06977
4 0 5 35083 0.06829
4 0 5 34614 0.06817
4 0 5 28505 0.03374
4 0 5 28502 0.03352
4 0 5 28473 0.03419
4 0 5 28466 0.03333
4 0 5 28453 0.03358
4 0 5 28441 0.0341
4 0 5 28436 0.03434
4 0 5 28425 0.03444
4 0 5 28415 0.03474
4 0 5 28410 0.03341
4 0 5 28394 0.0321
4 0 5 28392 0.03285
4 0 5 28387 0.03397
4 0 5 28384 0.03315
4 0 5 28377 0.03458
4 0 5 28368 0.03356
4 0 5 26670 0.05163
4 0 5 26654 0.05208
4 0 5 25748 0.051
4 0 5 25573 0.04917
4 0 5 25406 0.04864
4 0 5 24775 0.04789
4 0 5 23810 0.04649
4 0 5 23710 0.04597
4 0 5 23562 0.04641
4 0 5 16234 0.02
4 0 5 16229 0.02012
4 0 5 16222 0.01987
4 0 5 16221 0.01941
4 0 5 16218 0.02043
4 0 5 16218 0.02048
4 0 5 16216 0.02011
4 0 5 16208 0.01993
4 0 5 16206 0.0202
4 0 5 16201 0.01913
4 0 5 16199 0.02096
4 0 5 16195 0.02109
4 0 5 16188 0.02043
4 0 5 16183 0.01967
4 0 5 16168 0.02064
4 0 5 16161 0.0199
4 0 5 15988 0.03237
4 0 5 15776 0.03166
4 0 5 15483 0.03172
4 0 5 15277 0.0301
4 0 5 15225 0.03019
4 0 5 15035 0.03048
4 0 5 14980 0.03053
4 0 5 14751 0.02981
4 0 5 14740 0.03017
4 0 5 10542 0.01464
4 0 5 10540 0.01438
4 0 5 10538 0.01454
4 0 5 10538 0.0145
4 0 5 10537 0.01492
4 0 5 10536 0.01431
4 0 5 10535 0.01451
4 0 5 10533 0.01455
4 0 5 10530 0.01474
4 0 5 10530 0.01479
4 0 5 10528 0.01431
4 0 5 10527 0.01416
4 0 5 10524 0.01435
4 0 5 10519 0.0143
4 0 5 10514 0.01487
4 0 5 10506 0.0149
4 0 5 10412 0.02288
4 0 5 10304 0.02253
4 0 5 10262 0.02227
4 0 5 10168 0.02128
4 0 5 10141 0.02061
4 0 5 10114 0.02084
4 0 5 10028 0.02014
4 0 5 9951 0.02045
4 0 5 9889 0.02042
