8 2 1 100000 0.1656
8 2 1 100000 0.1604
8 2 1 100000 0.1566
8 2 1 100000 0.1555
8 2 1 100000 0.1558
8 2 1 100000 0.1561
8 2 1 100000 0.1565
8 2 1 100000 0.1571
8 2 1 100000 0.107
8 2 1 100000 0.107
8 2 1 100000 0.1063
8 2 1 100000 0.09881
8 2 1 85000 0.1292
8 2 1 85000 0.128
8 2 1 85000 0.1302
8 2 1 85000 0.1291
8 2 1 85000 0.1297
8 2 1 85000 0.1298
8 2 1 85000 0.1282
8 2 1 85000 0.1364
8 2 1 85000 0.1431
8 2 1 85000 0.09844
8 2 1 85000 0.08162
8 2 1 85000 0.08027
8 2 1 85000 0.07792
8 2 1 75000 0.1201
8 2 1 75000 0.121
8 2 1 75000 0.127
8 2 1 75000 0.127
8 2 1 75000 0.1251
8 2 1 75000 0.1237
8 2 1 75000 0.1297
8 2 1 75000 0.1302
8 2 1 75000 0.07101
8 2 1 75000 0.06552
8 2 1 75000 0.06151
8 2 1 75000 0.06488
8 2 1 75000 0.06618
8 2 1 50000 0.08851
8 2 1 50000 0.09037
8 2 1 50000 0.09202
8 2 1 50000 0.09054
8 2 1 50000 0.09037
8 2 1 50000 0.09128
8 2 1 50000 0.09493
8 2 1 50000 0.03791
8 2 1 50000 0.0362
8 2 1 50000 0.03506
8 2 1 50000 0.03813
8 2 1 50000 0.03444
8 2 1 35000 0.06558
8 2 1 35000 0.06575
8 2 1 35000 0.06416
8 2 1 35000 0.06523
8 2 1 35000 0.06491
8 2 1 35000 0.06482
8 2 1 35000 0.06947
8 2 1 35000 0.06879
8 2 1 35000 0.02505
8 2 1 35000 0.02167
8 2 1 35000 0.0244
8 2 1 35000 0.02158
8 2 1 25000 0.0478
8 2 1 25000 0.04611
8 2 1 25000 0.04682
8 2 1 25000 0.04683
8 2 1 25000 0.046
8 2 1 25000 0.04761
8 2 1 25000 0.04925
8 2 1 25000 0.04847
8 2 1 25000 0.01017
8 2 1 25000 0.01015
8 2 1 25000 0.01024
8 2 1 25000 0.01009
8 2 1 25000 0.01229
8 2 1 15000 0.02967
8 2 1 15000 0.02924
8 2 1 15000 0.02929
8 2 1 15000 0.02825
8 2 1 15000 0.02986
8 2 1 15000 0.02979
8 2 1 15000 0.02949
8 2 1 15000 0.0286
8 2 1 15000 0.007182
8 2 1 15000 0.006793
8 2 1 15000 0.006846
8 2 1 15000 0.006759
8 2 1 10000 0.02006
8 2 1 10000 0.02026
8 2 1 10000 0.02111
8 2 1 10000 0.02093
8 2 1 10000 0.02067
8 2 1 10000 0.02018
8 2 1 10000 0.0196
8 2 1 10000 0.01987
8 2 1 10000 0.02008
8 2 1 10000 0.006179
8 2 1 10000 0.006147
8 2 1 10000 0.006128
8 2 1 10000 0.006033
8 2 2 113122 0.1651
8 2 2 111876 0.162
8 2 2 104771 0.1537
8 2 2 104755 0.1549
8 2 2 103021 0.1517
8 2 2 100143 0.1477
8 2 2 100000 0.1156
8 2 2 100000 0.1157
8 2 2 100000 0.1134
8 2 2 100000 0.1147
8 2 2 98445 0.1425
8 2 2 95225 0.1426
8 2 2 93521 0.138
8 2 2 93214 0.138
8 2 2 90356 0.1371
8 2 2 87303 0.1334
8 2 2 86768 0.1323
8 2 2 85000 0.07931
8 2 2 85000 0.08128
8 2 2 85000 0.06444
8 2 2 85000 0.06498
8 2 2 84260 0.1167
8 2 2 82575 0.1157
8 2 2 82217 0.1163
8 2 2 81118 0.1171
8 2 2 79441 0.1144
8 2 2 78636 0.1128
8 2 2 78406 0.113
8 2 2 76508 0.1121
8 2 2 75934 0.1092
8 2 2 75577 0.1086
8 2 2 75000 0.05537
8 2 2 75000 0.05466
8 2 2 75000 0.05526
8 2 2 75000 0.05444
8 2 2 74274 0.1113
8 2 2 72785 0.1087
8 2 2 53388 0.09004
8 2 2 53378 0.09105
8 2 2 53150 0.09029
8 2 2 52712 0.08914
8 2 2 52083 0.08909
8 2 2 51736 0.08656
8 2 2 50818 0.08384
8 2 2 50000 0.0318
8 2 2 50000 0.03165
8 2 2 50000 0.03193
8 2 2 50000 0.03195
8 2 2 49690 0.08648
8 2 2 48216 0.08296
8 2 2 36662 0.06444
8 2 2 36662 0.06421
8 2 2 36545 0.0648
8 2 2 36050 0.06424
8 2 2 35612 0.0626
8 2 2 35021 0.06321
8 2 2 35000 0.02137
8 2 2 35000 0.02138
8 2 2 35000 0.02115
8 2 2 35000 0.02135
8 2 2 34825 0.06254
8 2 2 33790 0.06076
8 2 2 33687 0.05936
8 2 2 25815 0.04658
8 2 2 25709 0.04757
8 2 2 25402 0.04773
8 2 2 25000 0.01025
8 2 2 25000 0.009977
8 2 2 25000 0.01003
8 2 2 25000 0.01006
8 2 2 24965 0.04715
8 2 2 24953 0.04733
8 2 2 24908 0.04635
8 2 2 24579 0.04636
8 2 2 24190 0.04462
8 2 2 15303 0.02948
8 2 2 15287 0.02864
8 2 2 15277 0.0292
8 2 2 15211 0.02808
8 2 2 15026 0.02811
8 2 2 15000 0.02908
8 2 2 15000 0.006786
8 2 2 15000 0.006655
8 2 2 15000 0.006634
8 2 2 15000 0.006659
8 2 2 14975 0.02862
8 2 2 14910 0.02861
8 2 2 14788 0.02843
8 2 2 10132 0.02056
8 2 2 10124 0.02038
8 2 2 10111 0.0202
8 2 2 10099 0.02038
8 2 2 10032 0.01968
8 2 2 10000 0.005287
8 2 2 10000 0.005215
8 2 2 10000 0.005194
8 2 2 10000 0.005237
8 2 2 10000 0.005169
8 2 2 9959 0.0199
8 2 2 9872 0.02028
8 2 3 119133 0.1483
8 2 3 114813 0.1421
8 2 3 110351 0.1365
8 2 3 105971 0.1423
8 2 3 104554 0.1501
8 2 3 102747 0.1484
8 2 3 102256 0.1468
8 2 3 100000 0.0938
8 2 3 100000 0.09281
8 2 3 100000 0.1053
8 2 3 99909 0.1317
8 2 3 98806 0.1294
8 2 3 95215 0.1266
8 2 3 94939 0.1289
8 2 3 93828 0.137
8 2 3 89832 0.1366
8 2 3 89832 0.1359
8 2 3 88386 0.1316
8 2 3 85374 0.1285
8 2 3 85000 0.07719
8 2 3 85000 0.06436
8 2 3 85000 0.06469
8 2 3 85000 0.06508
8 2 3 84994 0.117
8 2 3 83211 0.1178
8 2 3 82559 0.1123
8 2 3 80431 0.1141
8 2 3 79947 0.1148
8 2 3 78450 0.1133
8 2 3 76805 0.1115
8 2 3 76682 0.1121
8 2 3 75000 0.05533
8 2 3 75000 0.05437
8 2 3 75000 0.05479
8 2 3 75000 0.05516
8 2 3 73700 0.1085
8 2 3 70669 0.1081
8 2 3 56938 0.09396
8 2 3 55815 0.0948
8 2 3 55081 0.09122
8 2 3 54386 0.09027
8 2 3 52041 0.08658
8 2 3 51838 0.0874
8 2 3 50819 0.08525
8 2 3 50145 0.08418
8 2 3 50000 0.03242
8 2 3 50000 0.03209
8 2 3 50000 0.03192
8 2 3 50000 0.03191
8 2 3 46266 0.08092
8 2 3 38405 0.06636
8 2 3 36944 0.06635
8 2 3 36474 0.06492
8 2 3 35884 0.06386
8 2 3 35633 0.06285
8 2 3 35543 0.06393
8 2 3 35019 0.0622
8 2 3 35000 0.02157
8 2 3 35000 0.02139
8 2 3 35000 0.02144
8 2 3 35000 0.02146
8 2 3 33534 0.05864
8 2 3 32959 0.05804
8 2 3 26056 0.04733
8 2 3 25935 0.04775
8 2 3 25594 0.04704
8 2 3 25409 0.04628
8 2 3 25053 0.04666
8 2 3 25000 0.01007
8 2 3 25000 0.01011
8 2 3 25000 0.01008
8 2 3 25000 0.01004
8 2 3 24729 0.04729
8 2 3 24290 0.04533
8 2 3 23598 0.04426
8 2 3 15540 0.03027
8 2 3 15447 0.02951
8 2 3 15328 0.02971
8 2 3 15307 0.02892
8 2 3 15189 0.02896
8 2 3 15009 0.02885
8 2 3 15000 0.006751
8 2 3 15000 0.006648
8 2 3 15000 0.00661
8 2 3 15000 0.006627
8 2 3 14939 0.02859
8 2 3 14876 0.02846
8 2 3 14656 0.02824
8 2 3 10211 0.02075
8 2 3 10166 0.02056
8 2 3 10139 0.02033
8 2 3 10101 0.02059
8 2 3 10075 0.0204
8 2 3 10020 0.02043
8 2 3 10000 0.005233
8 2 3 10000 0.005325
8 2 3 10000 0.005168
8 2 3 10000 0.005197
8 2 3 10000 0.005162
8 2 3 9841 0.0202
8 2 4 125826 0.2828
8 2 4 125274 0.2915
8 2 4 116945 0.171
8 2 4 111838 0.1701
8 2 4 106146 0.1614
8 2 4 104883 0.1662
8 2 4 104261 0.1637
8 2 4 101318 0.1613
8 2 4 101206 0.1595
8 2 4 100212 0.1593
8 2 4 100000 0.1137
8 2 4 100000 0.1151
8 2 4 100000 0.09874
8 2 4 100000 0.0934
8 2 4 96317 0.1411
8 2 4 95468 0.1379
8 2 4 94058 0.1386
8 2 4 90502 0.136
8 2 4 88142 0.1355
8 2 4 87007 0.1305
8 2 4 85863 0.1416
8 2 4 85000 0.09199
8 2 4 85000 0.09465
8 2 4 85000 0.08882
8 2 4 85000 0.07701
8 2 4 84395 0.1338
8 2 4 83691 0.1288
8 2 4 80313 0.1231
8 2 4 80307 0.1337
8 2 4 75000 0.08249
8 2 4 75000 0.08125
8 2 4 75000 0.08343
8 2 4 75000 0.06877
8 2 4 74606 0.1163
8 2 4 73052 0.1153
8 2 4 71679 0.1109
8 2 4 68264 0.11
8 2 4 68264 0.1098
8 2 4 56816 0.09967
8 2 4 55453 0.1002
8 2 4 54537 0.0956
8 2 4 53426 0.09186
8 2 4 52753 0.08932
8 2 4 51313 0.08973
8 2 4 50000 0.03459
8 2 4 50000 0.03817
8 2 4 50000 0.03401
8 2 4 50000 0.04535
8 2 4 49020 0.09093
8 2 4 43892 0.07911
8 2 4 38927 0.06907
8 2 4 37428 0.07079
8 2 4 36862 0.06754
8 2 4 36741 0.06701
8 2 4 35682 0.0635
8 2 4 35326 0.06636
8 2 4 35000 0.02541
8 2 4 35000 0.02155
8 2 4 35000 0.02356
8 2 4 35000 0.02129
8 2 4 35000 0.02582
8 2 4 34324 0.06087
8 2 4 27495 0.05178
8 2 4 26991 0.05232
8 2 4 26477 0.04878
8 2 4 26337 0.04728
8 2 4 25880 0.04745
8 2 4 25317 0.04864
8 2 4 25000 0.01018
8 2 4 25000 0.01162
8 2 4 25000 0.01223
8 2 4 25000 0.01232
8 2 4 25000 0.01106
8 2 4 24619 0.04758
8 2 4 23769 0.04571
8 2 4 15861 0.02994
8 2 4 15584 0.02975
8 2 4 15531 0.03016
8 2 4 15421 0.03016
8 2 4 15218 0.02906
8 2 4 15000 0.006795
8 2 4 15000 0.006611
8 2 4 15000 0.006783
8 2 4 15000 0.006585
8 2 4 15000 0.006637
8 2 4 14936 0.02908
8 2 4 14870 0.02835
8 2 4 14612 0.02887
8 2 4 10297 0.02104
8 2 4 10238 0.02062
8 2 4 10193 0.02038
8 2 4 10152 0.02075
8 2 4 10111 0.0203
8 2 4 10055 0.02024
8 2 4 10000 0.005282
8 2 4 10000 0.00528
8 2 4 10000 0.005205
8 2 4 10000 0.005237
8 2 4 10000 0.005176
8 2 4 9766 0.01988
8 2 5 129897 0.3195
8 2 5 129231 0.3101
8 2 5 125251 0.3017
8 2 5 116267 0.177
8 2 5 114649 0.1743
8 2 5 109600 0.1717
8 2 5 108498 0.1469
8 2 5 103363 0.1385
8 2 5 102474 0.1367
8 2 5 100622 0.1324
8 2 5 100000 0.07437
8 2 5 100000 0.07477
8 2 5 100000 0.07464
8 2 5 100000 0.07466
8 2 5 99586 0.1292
8 2 5 98291 0.1269
8 2 5 95627 0.1265
8 2 5 92536 0.1229
8 2 5 92095 0.1183
8 2 5 86955 0.1186
8 2 5 85353 0.117
8 2 5 85000 0.0657
8 2 5 85000 0.06489
8 2 5 85000 0.06456
8 2 5 85000 0.06533
8 2 5 83732 0.1156
8 2 5 82523 0.1146
8 2 5 80242 0.1128
8 2 5 79112 0.1119
8 2 5 77495 0.1102
8 2 5 75000 0.05496
8 2 5 75000 0.05481
8 2 5 75000 0.05461
8 2 5 75000 0.05473
8 2 5 71144 0.1049
8 2 5 70233 0.1044
8 2 5 67176 0.1018
8 2 5 61890 0.09889
8 2 5 58479 0.09528
8 2 5 56731 0.09241
8 2 5 55223 0.09106
8 2 5 54629 0.08927
8 2 5 51917 0.08804
8 2 5 51519 0.08414
8 2 5 50000 0.03224
8 2 5 50000 0.03208
8 2 5 50000 0.03213
8 2 5 50000 0.03171
8 2 5 49674 0.08343
8 2 5 43402 0.07512
8 2 5 40023 0.06876
8 2 5 38637 0.06682
8 2 5 37944 0.06561
8 2 5 37621 0.0662
8 2 5 36618 0.06461
8 2 5 36486 0.06433
8 2 5 35000 0.0214
8 2 5 35000 0.02144
8 2 5 35000 0.02117
8 2 5 35000 0.02125
8 2 5 35000 0.02146
8 2 5 34598 0.06108
8 2 5 28407 0.05248
8 2 5 27286 0.05018
8 2 5 26557 0.04922
8 2 5 26467 0.04961
8 2 5 25989 0.04921
8 2 5 25548 0.04866
8 2 5 25168 0.04746
8 2 5 25000 0.01009
8 2 5 25000 0.01004
8 2 5 25000 0.0101
8 2 5 25000 0.01011
8 2 5 24900 0.04855
8 2 5 23890 0.04631
8 2 5 16124 0.03063
8 2 5 15690 0.03089
8 2 5 15510 0.03093
8 2 5 15409 0.03069
8 2 5 15151 0.02971
8 2 5 15000 0.006711
8 2 5 15000 0.006669
8 2 5 15000 0.006627
8 2 5 15000 0.006597
8 2 5 14949 0.0292
8 2 5 14709 0.02929
8 2 5 14607 0.0292
8 2 5 14559 0.02947
8 2 5 10289 0.02167
8 2 5 10245 0.02145
8 2 5 10192 0.02133
8 2 5 10149 0.02107
8 2 5 10107 0.02121
8 2 5 10000 0.00524
8 2 5 10000 0.005173
8 2 5 10000 0.005183
8 2 5 10000 0.005187
8 2 5 9988 0.0205
8 2 5 9909 0.02067
8 2 5 9737 0.02066
