16 4 1 100000 0.1806
16 4 1 100000 0.1704
16 4 1 100000 0.1679
16 4 1 100000 0.1659
16 4 1 100000 0.1432
16 4 1 100000 0.1335
16 4 1 85000 0.1194
16 4 1 85000 0.1196
16 4 1 85000 0.1211
16 4 1 85000 0.1188
16 4 1 85000 0.1194
16 4 1 85000 0.12
16 4 1 85000 0.1193
16 4 1 75000 0.1098
16 4 1 75000 0.1099
16 4 1 75000 0.1104
16 4 1 75000 0.1112
16 4 1 75000 0.1088
16 4 1 50000 0.08547
16 4 1 50000 0.08618
16 4 1 50000 0.08538
16 4 1 50000 0.09767
16 4 1 50000 0.09986
16 4 1 50000 0.0992
16 4 1 50000 0.09624
16 4 1 35000 0.07216
16 4 1 35000 0.07183
16 4 1 35000 0.072
16 4 1 35000 0.06925
16 4 1 35000 0.07037
16 4 1 35000 0.07018
16 4 1 25000 0.05018
16 4 1 25000 0.04796
16 4 1 25000 0.04933
16 4 1 25000 0.04869
16 4 1 25000 0.04908
16 4 1 25000 0.04723
16 4 1 25000 0.04885
16 4 1 15000 0.03029
16 4 1 15000 0.02995
16 4 1 15000 0.02934
16 4 1 15000 0.02956
16 4 1 15000 0.02918
16 4 1 15000 0.02988
16 4 1 10000 0.01997
16 4 1 10000 0.02037
16 4 1 10000 0.02047
16 4 1 10000 0.01994
16 4 1 10000 0.02057
16 4 1 10000 0.02032
16 4 2 113122 0.182
16 4 2 107503 0.169
16 4 2 102478 0.1666
16 4 2 100947 0.1648
16 4 2 97541 0.1614
16 4 2 94594 0.1573
16 4 2 93418 0.156
16 4 2 92729 0.1563
16 4 2 86577 0.1479
16 4 2 85459 0.1469
16 4 2 85059 0.1434
16 4 2 81154 0.1357
16 4 2 80416 0.1397
16 4 2 78025 0.1364
16 4 2 76728 0.1361
16 4 2 76106 0.1364
16 4 2 74986 0.1337
16 4 2 73657 0.1341
16 4 2 70056 0.1298
16 4 2 53140 0.1018
16 4 2 52755 0.1041
16 4 2 51311 0.1018
16 4 2 50539 0.1003
16 4 2 49580 0.09817
16 4 2 46786 0.09345
16 4 2 36545 0.07299
16 4 2 36209 0.07368
16 4 2 35875 0.07173
16 4 2 35291 0.07231
16 4 2 34457 0.06903
16 4 2 33687 0.06785
16 4 2 25844 0.05024
16 4 2 25474 0.04966
16 4 2 24964 0.049
16 4 2 24691 0.0482
16 4 2 24335 0.04791
16 4 2 24154 0.04808
16 4 2 15289 0.02981
16 4 2 15184 0.03038
16 4 2 15089 0.0304
16 4 2 15012 0.03031
16 4 2 14941 0.02997
16 4 2 14791 0.02938
16 4 2 10133 0.02058
16 4 2 10121 0.0203
16 4 2 10111 0.02162
16 4 2 10076 0.02055
16 4 2 9994 0.02066
16 4 2 9984 0.02031
16 4 2 9875 0.02066
16 4 3 117726 0.1888
16 4 3 109080 0.1771
16 4 3 107359 0.1637
16 4 3 101616 0.1679
16 4 3 96977 0.1627
16 4 3 95152 0.1589
16 4 3 90854 0.1555
16 4 3 90725 0.1547
16 4 3 89533 0.1545
16 4 3 85749 0.149
16 4 3 85450 0.1464
16 4 3 83471 0.1455
16 4 3 81607 0.1442
16 4 3 81191 0.1443
16 4 3 80376 0.143
16 4 3 76752 0.1384
16 4 3 73757 0.1339
16 4 3 72217 0.1326
16 4 3 71073 0.1295
16 4 3 55243 0.1091
16 4 3 53635 0.1058
16 4 3 51170 0.1013
16 4 3 50982 0.09914
16 4 3 50155 0.09773
16 4 3 38381 0.07426
16 4 3 36688 0.07312
16 4 3 36355 0.07238
16 4 3 35698 0.07105
16 4 3 35469 0.07157
16 4 3 34787 0.06905
16 4 3 33184 0.06503
16 4 3 26355 0.05062
16 4 3 25762 0.04967
16 4 3 25285 0.04846
16 4 3 25019 0.04938
16 4 3 24993 0.04873
16 4 3 23931 0.0462
16 4 3 15585 0.03141
16 4 3 15423 0.03133
16 4 3 15301 0.03045
16 4 3 15216 0.03019
16 4 3 14989 0.03051
16 4 3 14880 0.0303
16 4 3 14707 0.02986
16 4 3 10252 0.02146
16 4 3 10212 0.02149
16 4 3 10113 0.02122
16 4 3 10059 0.02093
16 4 3 10023 0.02028
16 4 3 9902 0.02082
16 4 4 121872 0.1885
16 4 4 113035 0.1466
16 4 4 108563 0.1428
16 4 4 103689 0.1386
16 4 4 99798 0.1345
16 4 4 98396 0.1339
16 4 4 96520 0.131
16 4 4 94171 0.1276
16 4 4 91463 0.1582
16 4 4 90464 0.1545
16 4 4 88617 0.1512
16 4 4 84446 0.1451
16 4 4 82170 0.142
16 4 4 81188 0.139
16 4 4 79517 0.1405
16 4 4 75876 0.1353
16 4 4 74070 0.1343
16 4 4 74070 0.1354
16 4 4 60390 0.1173
16 4 4 57092 0.1105
16 4 4 55567 0.1069
16 4 4 53999 0.1075
16 4 4 51798 0.103
16 4 4 51555 0.1016
16 4 4 47602 0.09564
16 4 4 37092 0.07438
16 4 4 36568 0.07291
16 4 4 35636 0.07182
16 4 4 35103 0.07206
16 4 4 34722 0.07099
16 4 4 33609 0.06791
16 4 4 26273 0.05227
16 4 4 26012 0.05158
16 4 4 25744 0.05124
16 4 4 25672 0.0521
16 4 4 24257 0.04914
16 4 4 24167 0.04882
16 4 4 15736 0.03243
16 4 4 15633 0.03378
16 4 4 15347 0.03175
16 4 4 15316 0.03137
16 4 4 15089 0.03083
16 4 4 14941 0.03125
16 4 4 14502 0.03032
16 4 4 10287 0.02221
16 4 4 10244 0.02218
16 4 4 10153 0.02165
16 4 4 10074 0.02145
16 4 4 10034 0.02111
16 4 4 9890 0.02125
16 4 5 130862 0.3188
16 4 5 114337 0.1794
16 4 5 111645 0.1803
16 4 5 110403 0.1787
16 4 5 102969 0.1469
16 4 5 100020 0.1317
16 4 5 97663 0.1245
16 4 5 96986 0.1307
16 4 5 94142 0.1271
16 4 5 91248 0.1245
16 4 5 88971 0.1216
16 4 5 87454 0.1187
16 4 5 86051 0.1186
16 4 5 82077 0.1154
16 4 5 80238 0.113
16 4 5 78649 0.1113
16 4 5 73996 0.1073
16 4 5 73623 0.1088
16 4 5 57401 0.09351
16 4 5 57401 0.09369
16 4 5 55643 0.0914
16 4 5 53896 0.08959
16 4 5 53029 0.08996
16 4 5 51430 0.08673
16 4 5 47697 0.08008
16 4 5 38410 0.06605
16 4 5 36514 0.06399
16 4 5 36051 0.06395
16 4 5 35491 0.06359
16 4 5 34785 0.06177
16 4 5 31498 0.05575
16 4 5 27574 0.05064
16 4 5 26588 0.04893
16 4 5 26215 0.0466
16 4 5 25591 0.04813
16 4 5 25084 0.04657
16 4 5 24107 0.04474
16 4 5 15711 0.03052
16 4 5 15669 0.03109
16 4 5 15472 0.03081
16 4 5 15442 0.03096
16 4 5 15130 0.02938
16 4 5 14891 0.02877
16 4 5 14262 0.02735
16 4 5 10381 0.02155
16 4 5 10174 0.0202
16 4 5 10120 0.02045
16 4 5 10101 0.02015
16 4 5 9974 0.02012
16 4 5 9919 0.02002
