16 1 1 100000 0.1317
16 1 1 100000 0.1286
16 1 1 100000 0.127
16 1 1 100000 0.1247
16 1 1 100000 0.1259
16 1 1 100000 0.1249
16 1 1 85000 0.1152
16 1 1 85000 0.1149
16 1 1 85000 0.1102
16 1 1 85000 0.1134
16 1 1 85000 0.1101
16 1 1 85000 0.1063
16 1 1 85000 0.1132
16 1 1 75000 0.1015
16 1 1 75000 0.09315
16 1 1 75000 0.09539
16 1 1 75000 0.09434
16 1 1 75000 0.09827
16 1 1 75000 0.09429
16 1 1 50000 0.06547
16 1 1 50000 0.06566
16 1 1 50000 0.06544
16 1 1 50000 0.06611
16 1 1 50000 0.06422
16 1 1 50000 0.06674
16 1 1 50000 0.06649
16 1 1 35000 0.04618
16 1 1 35000 0.0455
16 1 1 35000 0.04676
16 1 1 35000 0.04822
16 1 1 35000 0.04428
16 1 1 25000 0.02995
16 1 1 25000 0.02927
16 1 1 25000 0.0309
16 1 1 25000 0.02986
16 1 1 25000 0.02994
16 1 1 25000 0.02983
16 1 1 15000 0.01796
16 1 1 15000 0.01839
16 1 1 15000 0.0187
16 1 1 15000 0.01735
16 1 1 15000 0.01749
16 1 1 15000 0.01803
16 1 1 15000 0.01754
16 1 1 10000 0.01259
16 1 1 10000 0.0133
16 1 1 10000 0.01291
16 1 1 10000 0.01253
16 1 1 10000 0.01307
16 1 1 10000 0.01248
16 1 2 113340 0.148
16 1 2 113136 0.145
16 1 2 113023 0.1354
16 1 2 112915 0.1473
16 1 2 112664 0.1437
16 1 2 112248 0.1446
16 1 2 94571 0.1133
16 1 2 94475 0.09857
16 1 2 94408 0.1012
16 1 2 94300 0.09981
16 1 2 94034 0.1041
16 1 2 93890 0.1029
16 1 2 85369 0.09753
16 1 2 82497 0.09406
16 1 2 82461 0.09419
16 1 2 82422 0.09052
16 1 2 82288 0.09106
16 1 2 82222 0.09337
16 1 2 82053 0.09164
16 1 2 53372 0.06695
16 1 2 53332 0.0656
16 1 2 53312 0.06404
16 1 2 53292 0.06486
16 1 2 53210 0.06486
16 1 2 53151 0.06159
16 1 2 52910 0.06341
16 1 2 36617 0.04422
16 1 2 36608 0.04514
16 1 2 36585 0.04616
16 1 2 36572 0.04407
16 1 2 36475 0.04432
16 1 2 25840 0.02944
16 1 2 25833 0.02962
16 1 2 25826 0.02938
16 1 2 25816 0.02769
16 1 2 25803 0.02976
16 1 2 25597 0.02851
16 1 2 15303 0.01796
16 1 2 15302 0.01867
16 1 2 15299 0.01838
16 1 2 15298 0.01765
16 1 2 15297 0.01793
16 1 2 15291 0.01826
16 1 2 15268 0.01832
16 1 2 10134 0.01304
16 1 2 10132 0.01267
16 1 2 10131 0.01295
16 1 2 10130 0.01335
16 1 2 10127 0.01272
16 1 2 10121 0.01329
16 1 3 128039 0.1804
16 1 3 127704 0.1708
16 1 3 127592 0.1854
16 1 3 127495 0.1808
16 1 3 126778 0.1804
16 1 3 126594 0.1795
16 1 3 105101 0.1081
16 1 3 105006 0.1068
16 1 3 104499 0.1085
16 1 3 104394 0.1083
16 1 3 103988 0.1057
16 1 3 103670 0.1062
16 1 3 101541 0.1047
16 1 3 90494 0.09612
16 1 3 90394 0.09554
16 1 3 90330 0.09502
16 1 3 90217 0.09629
16 1 3 90027 0.09622
16 1 3 84173 0.08965
16 1 3 56900 0.06827
16 1 3 56811 0.06648
16 1 3 56715 0.06766
16 1 3 56680 0.06563
16 1 3 56563 0.06614
16 1 3 56453 0.06783
16 1 3 38355 0.04465
16 1 3 38323 0.04522
16 1 3 38300 0.04476
16 1 3 38280 0.04572
16 1 3 38246 0.04572
16 1 3 38187 0.04501
16 1 3 38139 0.04487
16 1 3 26692 0.03078
16 1 3 26665 0.03005
16 1 3 26657 0.02996
16 1 3 26638 0.0298
16 1 3 26603 0.02962
16 1 3 25837 0.02771
16 1 3 15601 0.01841
16 1 3 15598 0.01927
16 1 3 15594 0.01881
16 1 3 15588 0.0194
16 1 3 15580 0.01845
16 1 3 15568 0.01893
16 1 3 10267 0.01311
16 1 3 10262 0.01342
16 1 3 10260 0.01317
16 1 3 10257 0.01287
16 1 3 10255 0.01303
16 1 3 10244 0.01331
16 1 4 144661 0.259
16 1 4 144474 0.2571
16 1 4 143143 0.255
16 1 4 142995 0.2494
16 1 4 141380 0.2513
16 1 4 138653 0.2575
16 1 4 116665 0.1655
16 1 4 115996 0.1305
16 1 4 115643 0.1208
16 1 4 115291 0.1206
16 1 4 113703 0.1154
16 1 4 111929 0.1184
16 1 4 106341 0.1129
16 1 4 99509 0.1027
16 1 4 99227 0.1052
16 1 4 98804 0.106
16 1 4 98468 0.103
16 1 4 98217 0.1048
16 1 4 95088 0.1006
16 1 4 60620 0.07136
16 1 4 60431 0.06865
16 1 4 60335 0.07102
16 1 4 60205 0.07269
16 1 4 60093 0.06976
16 1 4 59981 0.07066
16 1 4 40153 0.04843
16 1 4 40099 0.04997
16 1 4 40042 0.04621
16 1 4 40009 0.04877
16 1 4 39965 0.0476
16 1 4 39876 0.04716
16 1 4 39602 0.04859
16 1 4 27562 0.03085
16 1 4 27530 0.03009
16 1 4 27515 0.03074
16 1 4 27457 0.03189
16 1 4 27320 0.03149
16 1 4 26631 0.03088
16 1 4 15908 0.01836
16 1 4 15901 0.01928
16 1 4 15895 0.01951
16 1 4 15884 0.01853
16 1 4 15878 0.01892
16 1 4 15604 0.01879
16 1 4 10400 0.01353
16 1 4 10396 0.01401
16 1 4 10394 0.01351
16 1 4 10385 0.01305
16 1 4 10383 0.01287
16 1 4 10326 0.01335
16 1 5 162941 0.2044
16 1 5 161870 0.2757
16 1 5 161641 0.2727
16 1 5 160832 0.272
16 1 5 157452 0.2147
16 1 5 155924 0.1979
16 1 5 129058 0.1829
16 1 5 128339 0.1914
16 1 5 128309 0.1901
16 1 5 127636 0.1881
16 1 5 125214 0.1811
16 1 5 125024 0.1872
16 1 5 116417 0.1191
16 1 5 109038 0.1125
16 1 5 108684 0.1132
16 1 5 108114 0.112
16 1 5 107998 0.1128
16 1 5 107556 0.1115
16 1 5 104750 0.1098
16 1 5 64442 0.07541
16 1 5 64350 0.0752
16 1 5 64260 0.07374
16 1 5 64056 0.07361
16 1 5 64000 0.07414
16 1 5 63817 0.07276
16 1 5 41942 0.05249
16 1 5 41924 0.05309
16 1 5 41838 0.05061
16 1 5 41783 0.04968
16 1 5 41643 0.05087
16 1 5 41445 0.05063
16 1 5 41323 0.05111
16 1 5 28452 0.03249
16 1 5 28430 0.03285
16 1 5 28398 0.03116
16 1 5 28342 0.03242
16 1 5 27977 0.03179
16 1 5 27491 0.03092
16 1 5 16209 0.0194
16 1 5 16204 0.01939
16 1 5 16199 0.01934
16 1 5 16191 0.01894
16 1 5 16178 0.01884
16 1 5 15892 0.01992
16 1 5 10535 0.0143
16 1 5 10531 0.01332
16 1 5 10528 0.01407
16 1 5 10522 0.01414
16 1 5 10520 0.01385
16 1 5 10456 0.01376
