8 7 1 100000 0.1122
8 7 1 100000 0.108
8 7 1 100000 0.1082
8 7 1 100000 0.1062
8 7 1 100000 0.1064
8 7 1 100000 0.1056
8 7 1 100000 0.1075
8 7 1 100000 0.1055
8 7 1 100000 0.107
8 7 1 100000 0.1065
8 7 1 100000 0.1046
8 7 1 100000 0.1043
8 7 1 100000 0.1086
8 7 1 85000 0.09386
8 7 1 85000 0.0953
8 7 1 85000 0.09298
8 7 1 85000 0.0947
8 7 1 85000 0.09551
8 7 1 85000 0.09435
8 7 1 85000 0.0951
8 7 1 85000 0.09177
8 7 1 85000 0.09283
8 7 1 85000 0.09188
8 7 1 85000 0.08989
8 7 1 85000 0.09447
8 7 1 75000 0.0847
8 7 1 75000 0.08451
8 7 1 75000 0.08421
8 7 1 75000 0.08385
8 7 1 75000 0.08514
8 7 1 75000 0.08556
8 7 1 75000 0.0849
8 7 1 75000 0.08271
8 7 1 75000 0.08403
8 7 1 75000 0.08529
8 7 1 75000 0.08508
8 7 1 75000 0.0839
8 7 1 50000 0.0605
8 7 1 50000 0.06045
8 7 1 50000 0.06338
8 7 1 50000 0.06145
8 7 1 50000 0.06158
8 7 1 50000 0.06333
8 7 1 50000 0.05898
8 7 1 50000 0.06066
8 7 1 50000 0.06253
8 7 1 50000 0.06083
8 7 1 50000 0.06219
8 7 1 50000 0.06124
8 7 1 50000 0.06169
8 7 1 35000 0.04501
8 7 1 35000 0.04315
8 7 1 35000 0.04483
8 7 1 35000 0.04343
8 7 1 35000 0.04468
8 7 1 35000 0.04285
8 7 1 35000 0.04457
8 7 1 35000 0.04339
8 7 1 35000 0.04392
8 7 1 35000 0.04436
8 7 1 35000 0.04547
8 7 1 35000 0.0447
8 7 1 35000 0.04443
8 7 1 25000 0.02968
8 7 1 25000 0.0307
8 7 1 25000 0.02959
8 7 1 25000 0.02825
8 7 1 25000 0.02954
8 7 1 25000 0.02903
8 7 1 25000 0.0291
8 7 1 25000 0.0303
8 7 1 25000 0.02924
8 7 1 25000 0.0298
8 7 1 25000 0.02874
8 7 1 25000 0.02976
8 7 1 15000 0.01842
8 7 1 15000 0.01787
8 7 1 15000 0.0176
8 7 1 15000 0.01843
8 7 1 15000 0.01776
8 7 1 15000 0.01801
8 7 1 15000 0.01832
8 7 1 15000 0.01812
8 7 1 15000 0.01797
8 7 1 15000 0.01824
8 7 1 15000 0.01852
8 7 1 15000 0.0182
8 7 1 15000 0.01795
8 7 1 10000 0.01257
8 7 1 10000 0.01325
8 7 1 10000 0.01282
8 7 1 10000 0.01259
8 7 1 10000 0.01307
8 7 1 10000 0.01293
8 7 1 10000 0.01324
8 7 1 10000 0.01285
8 7 1 10000 0.01354
8 7 1 10000 0.0127
8 7 1 10000 0.01267
8 7 1 10000 0.0132
8 7 2 113497 0.1153
8 7 2 113381 0.1185
8 7 2 111974 0.1145
8 7 2 111464 0.1175
8 7 2 111392 0.119
8 7 2 109658 0.1155
8 7 2 108840 0.1133
8 7 2 107007 0.105
8 7 2 106451 0.1129
8 7 2 105549 0.1144
8 7 2 99571 0.1061
8 7 2 97916 0.106
8 7 2 94657 0.1024
8 7 2 94565 0.1025
8 7 2 93218 0.0995
8 7 2 92086 0.0992
8 7 2 91485 0.1006
8 7 2 91142 0.09883
8 7 2 90049 0.09821
8 7 2 89818 0.09788
8 7 2 87848 0.09737
8 7 2 87554 0.0963
8 7 2 85226 0.09525
8 7 2 84688 0.09435
8 7 2 82599 0.09121
8 7 2 82561 0.09205
8 7 2 82554 0.09291
8 7 2 82551 0.09301
8 7 2 81893 0.09049
8 7 2 81095 0.08981
8 7 2 80628 0.08962
8 7 2 80275 0.09238
8 7 2 78963 0.09093
8 7 2 78937 0.08407
8 7 2 77450 0.0896
8 7 2 76275 0.08693
8 7 2 73873 0.08191
8 7 2 53392 0.06797
8 7 2 53386 0.06655
8 7 2 53383 0.06819
8 7 2 53379 0.06484
8 7 2 53357 0.06606
8 7 2 53353 0.06665
8 7 2 53338 0.06658
8 7 2 52554 0.0661
8 7 2 52348 0.06574
8 7 2 52050 0.06333
8 7 2 51208 0.06312
8 7 2 50852 0.06428
8 7 2 47586 0.06119
8 7 2 36662 0.04442
8 7 2 36662 0.04452
8 7 2 36652 0.04547
8 7 2 36645 0.04479
8 7 2 36640 0.0469
8 7 2 36621 0.04474
8 7 2 35962 0.04567
8 7 2 35224 0.04419
8 7 2 35012 0.04434
8 7 2 34591 0.04364
8 7 2 34400 0.04186
8 7 2 33999 0.04231
8 7 2 33784 0.03979
8 7 2 25846 0.02892
8 7 2 25845 0.02994
8 7 2 25843 0.0305
8 7 2 25840 0.03008
8 7 2 25839 0.03035
8 7 2 25822 0.03089
8 7 2 25794 0.03
8 7 2 25547 0.02953
8 7 2 25422 0.02997
8 7 2 25102 0.02868
8 7 2 24651 0.0305
8 7 2 24422 0.02913
8 7 2 15304 0.01878
8 7 2 15303 0.01764
8 7 2 15302 0.01867
8 7 2 15302 0.01812
8 7 2 15301 0.01831
8 7 2 15300 0.01813
8 7 2 15285 0.0189
8 7 2 15270 0.01859
8 7 2 15247 0.01788
8 7 2 15064 0.01845
8 7 2 15016 0.01862
8 7 2 14889 0.01826
8 7 2 14708 0.01817
8 7 2 10135 0.01344
8 7 2 10135 0.01338
8 7 2 10134 0.0135
8 7 2 10134 0.01293
8 7 2 10133 0.01337
8 7 2 10132 0.01293
8 7 2 10127 0.01388
8 7 2 10111 0.01297
8 7 2 10090 0.0133
8 7 2 10036 0.01288
8 7 2 9912 0.01347
8 7 2 9884 0.0125
8 7 3 128621 0.1874
8 7 3 123103 0.1717
8 7 3 123081 0.1821
8 7 3 122363 0.1243
8 7 3 120928 0.1218
8 7 3 119307 0.1219
8 7 3 118271 0.1161
8 7 3 114283 0.1191
8 7 3 112845 0.1159
8 7 3 107855 0.11
8 7 3 104031 0.1037
8 7 3 104009 0.1087
8 7 3 103193 0.1087
8 7 3 102018 0.1064
8 7 3 101383 0.1064
8 7 3 99163 0.1085
8 7 3 97038 0.1059
8 7 3 96498 0.1021
8 7 3 96071 0.1022
8 7 3 95211 0.103
8 7 3 94996 0.1034
8 7 3 92246 0.09862
8 7 3 90897 0.1005
8 7 3 90854 0.09844
8 7 3 89397 0.09814
8 7 3 89216 0.09598
8 7 3 88155 0.09641
8 7 3 87849 0.09512
8 7 3 87499 0.09213
8 7 3 86193 0.09466
8 7 3 85733 0.09404
8 7 3 84196 0.09306
8 7 3 83511 0.09242
8 7 3 80650 0.0884
8 7 3 79414 0.08991
8 7 3 78745 0.08687
8 7 3 77520 0.0864
8 7 3 75025 0.0828
8 7 3 56986 0.06934
8 7 3 56947 0.06586
8 7 3 56921 0.07045
8 7 3 56788 0.06878
8 7 3 56106 0.06932
8 7 3 55914 0.07056
8 7 3 54475 0.06686
8 7 3 53251 0.06837
8 7 3 52619 0.06552
8 7 3 51619 0.06271
8 7 3 49933 0.06314
8 7 3 46153 0.05805
8 7 3 38380 0.04696
8 7 3 38334 0.04695
8 7 3 38265 0.04692
8 7 3 37940 0.04719
8 7 3 37045 0.04691
8 7 3 36660 0.04451
8 7 3 36548 0.04357
8 7 3 36211 0.04349
8 7 3 36008 0.0441
8 7 3 35609 0.04427
8 7 3 34342 0.04323
8 7 3 33462 0.0387
8 7 3 26721 0.02955
8 7 3 26715 0.02974
8 7 3 26703 0.02986
8 7 3 26689 0.03168
8 7 3 26657 0.03124
8 7 3 26599 0.02892
8 7 3 26271 0.02891
8 7 3 26038 0.02939
8 7 3 25952 0.03054
8 7 3 25706 0.02957
8 7 3 25386 0.02891
8 7 3 25103 0.02811
8 7 3 24201 0.02749
8 7 3 15607 0.01809
8 7 3 15606 0.01892
8 7 3 15591 0.01887
8 7 3 15568 0.0193
8 7 3 15551 0.01836
8 7 3 15493 0.01831
8 7 3 15370 0.01915
8 7 3 15307 0.01819
8 7 3 15300 0.01887
8 7 3 15183 0.01776
8 7 3 15122 0.01778
8 7 3 15021 0.01773
8 7 3 10272 0.01387
8 7 3 10272 0.01317
8 7 3 10270 0.01376
8 7 3 10264 0.01389
8 7 3 10254 0.01408
8 7 3 10250 0.0136
8 7 3 10246 0.01362
8 7 3 10227 0.01324
8 7 3 10147 0.01343
8 7 3 10138 0.01243
8 7 3 10096 0.01291
8 7 3 10005 0.01329
8 7 3 9899 0.01252
8 7 4 139766 0.1899
8 7 4 138311 0.1926
8 7 4 135187 0.1913
8 7 4 134409 0.1887
8 7 4 130898 0.1923
8 7 4 128703 0.1863
8 7 4 128021 0.1895
8 7 4 127389 0.1861
8 7 4 122837 0.1277
8 7 4 117762 0.1241
8 7 4 115286 0.1204
8 7 4 112174 0.1203
8 7 4 111709 0.1185
8 7 4 107170 0.114
8 7 4 106548 0.1142
8 7 4 106154 0.1132
8 7 4 105881 0.1161
8 7 4 104952 0.112
8 7 4 103626 0.1119
8 7 4 99231 0.1031
8 7 4 99027 0.1099
8 7 4 97711 0.1058
8 7 4 96956 0.1019
8 7 4 96137 0.1046
8 7 4 95828 0.1017
8 7 4 94755 0.1032
8 7 4 94451 0.1051
8 7 4 93048 0.1019
8 7 4 91965 0.1019
8 7 4 88153 0.09901
8 7 4 87366 0.09911
8 7 4 85935 0.09627
8 7 4 85258 0.09453
8 7 4 83865 0.09363
8 7 4 82690 0.09343
8 7 4 81364 0.09183
8 7 4 80534 0.09235
8 7 4 74668 0.08361
8 7 4 60792 0.07302
8 7 4 59908 0.07469
8 7 4 59741 0.07315
8 7 4 58702 0.07152
8 7 4 57889 0.06954
8 7 4 56959 0.06721
8 7 4 56361 0.06848
8 7 4 55630 0.06834
8 7 4 55427 0.06837
8 7 4 55116 0.0682
8 7 4 50389 0.06345
8 7 4 44133 0.05576
8 7 4 40146 0.04923
8 7 4 40078 0.04895
8 7 4 39995 0.0486
8 7 4 39565 0.05
8 7 4 38382 0.04686
8 7 4 38288 0.04587
8 7 4 37934 0.04753
8 7 4 37718 0.04617
8 7 4 37410 0.0473
8 7 4 36141 0.04521
8 7 4 35761 0.04623
8 7 4 34679 0.04381
8 7 4 33964 0.0414
8 7 4 27605 0.03188
8 7 4 27586 0.03175
8 7 4 27545 0.03107
8 7 4 27240 0.03103
8 7 4 26910 0.03134
8 7 4 26816 0.02869
8 7 4 26678 0.03042
8 7 4 26285 0.0313
8 7 4 25648 0.03109
8 7 4 25448 0.02925
8 7 4 25227 0.02865
8 7 4 25001 0.03054
8 7 4 15923 0.01931
8 7 4 15862 0.01951
8 7 4 15745 0.0187
8 7 4 15670 0.01941
8 7 4 15597 0.01965
8 7 4 15528 0.01973
8 7 4 15451 0.01871
8 7 4 15411 0.01922
8 7 4 15362 0.01909
8 7 4 15300 0.0177
8 7 4 15273 0.01787
8 7 4 15025 0.01795
8 7 4 10411 0.01434
8 7 4 10408 0.01371
8 7 4 10401 0.01383
8 7 4 10377 0.01435
8 7 4 10365 0.0139
8 7 4 10309 0.01407
8 7 4 10280 0.01379
8 7 4 10275 0.01367
8 7 4 10261 0.01373
8 7 4 10239 0.01368
8 7 4 10211 0.01357
8 7 4 10039 0.0131
8 7 4 10015 0.01259
8 7 5 148688 0.1993
8 7 5 147780 0.2036
8 7 5 146558 0.2021
8 7 5 143602 0.2051
8 7 5 140956 0.2
8 7 5 138658 0.2014
8 7 5 136867 0.1967
8 7 5 132072 0.1859
8 7 5 129661 0.1933
8 7 5 123750 0.1862
8 7 5 123499 0.1876
8 7 5 119025 0.1244
8 7 5 117543 0.1237
8 7 5 116139 0.1227
8 7 5 115354 0.1212
8 7 5 114903 0.1241
8 7 5 111680 0.1178
8 7 5 110640 0.1185
8 7 5 109002 0.1131
8 7 5 105544 0.1132
8 7 5 104796 0.1134
8 7 5 104429 0.1146
8 7 5 103405 0.1136
8 7 5 101412 0.1094
8 7 5 100960 0.1109
8 7 5 100113 0.1087
8 7 5 99574 0.1093
8 7 5 94396 0.1041
8 7 5 92933 0.1018
8 7 5 92116 0.1006
8 7 5 91666 0.1011
8 7 5 90804 0.0998
8 7 5 88305 0.09965
8 7 5 88137 0.09893
8 7 5 87801 0.09649
8 7 5 86101 0.09685
8 7 5 82938 0.09484
8 7 5 64982 0.07706
8 7 5 64930 0.0777
8 7 5 63790 0.07743
8 7 5 61975 0.0743
8 7 5 61230 0.07637
8 7 5 59234 0.07376
8 7 5 59022 0.07486
8 7 5 58806 0.07183
8 7 5 56314 0.07111
8 7 5 54723 0.06838
8 7 5 53662 0.06731
8 7 5 52217 0.06599
8 7 5 51187 0.06469
8 7 5 41992 0.05386
8 7 5 41399 0.0517
8 7 5 40620 0.04908
8 7 5 40188 0.04998
8 7 5 39872 0.04973
8 7 5 39694 0.05002
8 7 5 39265 0.04744
8 7 5 38963 0.04846
8 7 5 38068 0.04861
8 7 5 37553 0.04825
8 7 5 36123 0.04626
8 7 5 35513 0.04525
8 7 5 28536 0.03245
8 7 5 28524 0.03358
8 7 5 28479 0.03287
8 7 5 28070 0.03357
8 7 5 27822 0.03215
8 7 5 27698 0.03235
8 7 5 27447 0.03203
8 7 5 27123 0.03044
8 7 5 26671 0.03175
8 7 5 26465 0.03024
8 7 5 26145 0.03093
8 7 5 25844 0.03045
8 7 5 24967 0.02981
8 7 5 16245 0.01979
8 7 5 16141 0.01998
8 7 5 16058 0.01956
8 7 5 15877 0.02016
8 7 5 15792 0.01981
8 7 5 15736 0.02006
8 7 5 15721 0.01893
8 7 5 15680 0.01976
8 7 5 15619 0.01932
8 7 5 15550 0.02005
8 7 5 15338 0.01859
8 7 5 15190 0.01902
8 7 5 14820 0.01822
8 7 5 10548 0.01418
8 7 5 10517 0.01436
8 7 5 10441 0.01423
8 7 5 10406 0.01413
8 7 5 10378 0.01497
8 7 5 10330 0.01422
8 7 5 10323 0.01408
8 7 5 10184 0.01345
8 7 5 10165 0.01334
8 7 5 10145 0.01389
8 7 5 10036 0.01377
8 7 5 9844 0.01391
