8 1 1 100000 0.1523
8 1 1 100000 0.1407
8 1 1 100000 0.1125
8 1 1 100000 0.1135
8 1 1 100000 0.1402
8 1 1 100000 0.1425
8 1 1 100000 0.1764
8 1 1 100000 0.1757
8 1 1 100000 0.1758
8 1 1 100000 0.1741
8 1 1 100000 0.1658
8 1 1 100000 0.1423
8 1 1 85000 0.09968
8 1 1 85000 0.09802
8 1 1 85000 0.09746
8 1 1 85000 0.09437
8 1 1 85000 0.1012
8 1 1 85000 0.1252
8 1 1 85000 0.1262
8 1 1 85000 0.1264
8 1 1 85000 0.1252
8 1 1 85000 0.1268
8 1 1 85000 0.1259
8 1 1 85000 0.1279
8 1 1 85000 0.1249
8 1 1 75000 0.09038
8 1 1 75000 0.0889
8 1 1 75000 0.09018
8 1 1 75000 0.08898
8 1 1 75000 0.1168
8 1 1 75000 0.1143
8 1 1 75000 0.1158
8 1 1 75000 0.1152
8 1 1 75000 0.117
8 1 1 75000 0.1153
8 1 1 75000 0.1154
8 1 1 75000 0.1151
8 1 1 75000 0.1165
8 1 1 50000 0.06101
8 1 1 50000 0.06315
8 1 1 50000 0.06267
8 1 1 50000 0.08709
8 1 1 50000 0.08805
8 1 1 50000 0.08793
8 1 1 50000 0.08613
8 1 1 50000 0.08824
8 1 1 50000 0.09161
8 1 1 50000 0.08648
8 1 1 50000 0.08734
8 1 1 50000 0.08756
8 1 1 35000 0.04374
8 1 1 35000 0.04463
8 1 1 35000 0.04398
8 1 1 35000 0.04477
8 1 1 35000 0.06403
8 1 1 35000 0.06469
8 1 1 35000 0.06393
8 1 1 35000 0.06283
8 1 1 35000 0.06475
8 1 1 35000 0.0648
8 1 1 35000 0.06446
8 1 1 35000 0.06289
8 1 1 25000 0.02788
8 1 1 25000 0.0282
8 1 1 25000 0.02792
8 1 1 25000 0.02829
8 1 1 25000 0.04662
8 1 1 25000 0.04547
8 1 1 25000 0.0458
8 1 1 25000 0.04518
8 1 1 25000 0.04592
8 1 1 25000 0.04556
8 1 1 25000 0.04558
8 1 1 25000 0.04579
8 1 1 25000 0.04509
8 1 1 15000 0.01726
8 1 1 15000 0.01738
8 1 1 15000 0.01773
8 1 1 15000 0.01743
8 1 1 15000 0.02826
8 1 1 15000 0.02818
8 1 1 15000 0.02817
8 1 1 15000 0.02799
8 1 1 15000 0.02826
8 1 1 15000 0.02833
8 1 1 15000 0.02768
8 1 1 15000 0.02824
8 1 1 10000 0.01265
8 1 1 10000 0.01304
8 1 1 10000 0.01203
8 1 1 10000 0.01248
8 1 1 10000 0.01329
8 1 1 10000 0.01919
8 1 1 10000 0.01942
8 1 1 10000 0.01928
8 1 1 10000 0.01921
8 1 1 10000 0.01951
8 1 1 10000 0.01971
8 1 1 10000 0.01935
8 1 1 10000 0.01945
8 1 2 113480 0.1549
8 1 2 113142 0.1239
8 1 2 113102 0.1235
8 1 2 112953 0.1253
8 1 2 112805 0.1226
8 1 2 109520 0.1539
8 1 2 109432 0.1215
8 1 2 103636 0.1451
8 1 2 103021 0.1438
8 1 2 100143 0.1413
8 1 2 98445 0.1394
8 1 2 94694 0.1345
8 1 2 94667 0.1087
8 1 2 94494 0.1365
8 1 2 94351 0.1043
8 1 2 94161 0.106
8 1 2 93896 0.1052
8 1 2 92556 0.1335
8 1 2 90356 0.1314
8 1 2 89906 0.128
8 1 2 85593 0.1276
8 1 2 83748 0.1248
8 1 2 82551 0.1242
8 1 2 82461 0.09507
8 1 2 82419 0.09609
8 1 2 82290 0.09687
8 1 2 82217 0.1224
8 1 2 81753 0.1213
8 1 2 81118 0.1234
8 1 2 79656 0.1208
8 1 2 78972 0.1198
8 1 2 78406 0.1188
8 1 2 76569 0.1168
8 1 2 76508 0.1177
8 1 2 75162 0.1161
8 1 2 75162 0.1161
8 1 2 71979 0.1137
8 1 2 71979 0.1133
8 1 2 53371 0.09275
8 1 2 53312 0.06829
8 1 2 53244 0.06659
8 1 2 53192 0.0676
8 1 2 52840 0.06863
8 1 2 52465 0.09071
8 1 2 52223 0.06373
8 1 2 51736 0.09003
8 1 2 50999 0.08846
8 1 2 50135 0.08779
8 1 2 49067 0.08474
8 1 2 46624 0.08412
8 1 2 36662 0.06503
8 1 2 36662 0.06555
8 1 2 36647 0.04688
8 1 2 36615 0.04473
8 1 2 36585 0.04684
8 1 2 36568 0.0447
8 1 2 36153 0.06669
8 1 2 35962 0.06583
8 1 2 35612 0.06428
8 1 2 35008 0.06388
8 1 2 34387 0.06293
8 1 2 33687 0.0608
8 1 2 25842 0.02972
8 1 2 25836 0.0291
8 1 2 25821 0.0471
8 1 2 25815 0.02892
8 1 2 25806 0.03064
8 1 2 25771 0.02839
8 1 2 25456 0.04672
8 1 2 25402 0.04721
8 1 2 24954 0.04611
8 1 2 24948 0.04635
8 1 2 24700 0.04532
8 1 2 24563 0.04553
8 1 2 24190 0.04381
8 1 2 15303 0.02951
8 1 2 15301 0.02926
8 1 2 15298 0.01849
8 1 2 15298 0.02946
8 1 2 15288 0.01751
8 1 2 15285 0.02903
8 1 2 15263 0.01828
8 1 2 15045 0.0289
8 1 2 15022 0.0289
8 1 2 14986 0.02842
8 1 2 14951 0.02795
8 1 2 14788 0.02824
8 1 2 10134 0.01304
8 1 2 10133 0.01327
8 1 2 10133 0.01971
8 1 2 10132 0.01316
8 1 2 10131 0.01232
8 1 2 10128 0.01259
8 1 2 10124 0.01995
8 1 2 10120 0.01996
8 1 2 10100 0.01998
8 1 2 10077 0.01236
8 1 2 10023 0.01932
8 1 2 9992 0.01973
8 1 2 9911 0.01966
8 1 3 128197 0.1916
8 1 3 128008 0.1848
8 1 3 127633 0.1806
8 1 3 127162 0.1907
8 1 3 123926 0.1876
8 1 3 114813 0.1536
8 1 3 106920 0.1486
8 1 3 105971 0.1468
8 1 3 105664 0.1491
8 1 3 105003 0.1166
8 1 3 104638 0.1167
8 1 3 104467 0.1181
8 1 3 103991 0.1147
8 1 3 103585 0.1452
8 1 3 102256 0.1423
8 1 3 98806 0.1387
8 1 3 95320 0.1339
8 1 3 95215 0.1329
8 1 3 92496 0.1334
8 1 3 91998 0.1328
8 1 3 90744 0.1024
8 1 3 90391 0.1018
8 1 3 90272 0.1017
8 1 3 90141 0.1034
8 1 3 89157 0.1008
8 1 3 88386 0.1282
8 1 3 86985 0.1274
8 1 3 84994 0.1239
8 1 3 83211 0.1238
8 1 3 82559 0.1191
8 1 3 80431 0.1208
8 1 3 80004 0.1209
8 1 3 78549 0.1183
8 1 3 76884 0.1185
8 1 3 76805 0.1182
8 1 3 73986 0.1146
8 1 3 70669 0.1133
8 1 3 69453 0.1112
8 1 3 56743 0.06918
8 1 3 56682 0.06966
8 1 3 56581 0.06852
8 1 3 55815 0.09682
8 1 3 55469 0.09567
8 1 3 54593 0.09277
8 1 3 53426 0.09121
8 1 3 51995 0.0917
8 1 3 51149 0.08879
8 1 3 50819 0.08771
8 1 3 47625 0.08507
8 1 3 46247 0.08458
8 1 3 38374 0.04576
8 1 3 38319 0.04632
8 1 3 38271 0.04477
8 1 3 38229 0.04623
8 1 3 38078 0.04589
8 1 3 36638 0.06622
8 1 3 36293 0.06614
8 1 3 35884 0.06492
8 1 3 35633 0.06381
8 1 3 35260 0.06392
8 1 3 34170 0.06131
8 1 3 33486 0.05988
8 1 3 26697 0.0285
8 1 3 26685 0.02805
8 1 3 26668 0.02879
8 1 3 26645 0.02882
8 1 3 26595 0.04664
8 1 3 26546 0.04784
8 1 3 26012 0.04707
8 1 3 25806 0.04706
8 1 3 25594 0.04713
8 1 3 25229 0.04685
8 1 3 25044 0.04575
8 1 3 24556 0.04585
8 1 3 24256 0.04477
8 1 3 15607 0.01801
8 1 3 15603 0.01767
8 1 3 15592 0.0187
8 1 3 15580 0.01824
8 1 3 15555 0.02944
8 1 3 15510 0.03032
8 1 3 15444 0.03028
8 1 3 15324 0.02932
8 1 3 15210 0.02903
8 1 3 15166 0.02941
8 1 3 14972 0.02887
8 1 3 14876 0.02836
8 1 3 14656 0.02818
8 1 3 10263 0.01321
8 1 3 10261 0.0129
8 1 3 10253 0.01353
8 1 3 10235 0.02049
8 1 3 10191 0.01994
8 1 3 10157 0.01961
8 1 3 10139 0.01973
8 1 3 10101 0.02017
8 1 3 10075 0.01973
8 1 3 10020 0.01981
8 1 3 9905 0.01952
8 1 3 9841 0.01972
8 1 4 143982 0.2026
8 1 4 143770 0.2046
8 1 4 142979 0.204
8 1 4 135488 0.1949
8 1 4 134347 0.1914
8 1 4 120524 0.1621
8 1 4 118608 0.1585
8 1 4 116411 0.1237
8 1 4 115817 0.124
8 1 4 114219 0.1244
8 1 4 113418 0.1228
8 1 4 111302 0.1219
8 1 4 108407 0.1486
8 1 4 104632 0.146
8 1 4 104630 0.1448
8 1 4 103318 0.1444
8 1 4 100757 0.1413
8 1 4 100212 0.1395
8 1 4 99207 0.11
8 1 4 98597 0.1116
8 1 4 98051 0.1379
8 1 4 97761 0.1385
8 1 4 96858 0.1078
8 1 4 94277 0.1353
8 1 4 94277 0.135
8 1 4 92101 0.1328
8 1 4 88142 0.1289
8 1 4 88142 0.1281
8 1 4 86519 0.1271
8 1 4 83808 0.1246
8 1 4 83808 0.1247
8 1 4 81533 0.122
8 1 4 80307 0.119
8 1 4 74817 0.1133
8 1 4 73189 0.1135
8 1 4 71026 0.1113
8 1 4 71026 0.1111
8 1 4 60540 0.0744
8 1 4 60493 0.07406
8 1 4 60167 0.07461
8 1 4 59968 0.07498
8 1 4 58619 0.07421
8 1 4 57128 0.09526
8 1 4 56462 0.096
8 1 4 55118 0.09502
8 1 4 54269 0.09184
8 1 4 53426 0.09144
8 1 4 51558 0.08786
8 1 4 49854 0.08651
8 1 4 45834 0.08247
8 1 4 40054 0.0512
8 1 4 39992 0.04837
8 1 4 39772 0.04805
8 1 4 38927 0.06975
8 1 4 38801 0.0483
8 1 4 37558 0.06589
8 1 4 37082 0.06698
8 1 4 36851 0.06549
8 1 4 35771 0.06465
8 1 4 35326 0.06404
8 1 4 35103 0.06342
8 1 4 34402 0.06213
8 1 4 27588 0.03013
8 1 4 27560 0.03184
8 1 4 27504 0.02992
8 1 4 27477 0.03134
8 1 4 27396 0.0314
8 1 4 26930 0.03013
8 1 4 26477 0.04717
8 1 4 26109 0.0463
8 1 4 25907 0.04642
8 1 4 25385 0.04687
8 1 4 25230 0.04539
8 1 4 24723 0.045
8 1 4 23769 0.0448
8 1 4 15919 0.01886
8 1 4 15904 0.01915
8 1 4 15891 0.01921
8 1 4 15864 0.01826
8 1 4 15835 0.01778
8 1 4 15584 0.02977
8 1 4 15554 0.03035
8 1 4 15471 0.02998
8 1 4 15324 0.02899
8 1 4 15063 0.02781
8 1 4 14929 0.02862
8 1 4 14732 0.02851
8 1 4 14612 0.02878
8 1 4 10398 0.013
8 1 4 10391 0.01349
8 1 4 10385 0.02143
8 1 4 10311 0.01351
8 1 4 10295 0.01363
8 1 4 10238 0.02006
8 1 4 10193 0.01981
8 1 4 10152 0.02008
8 1 4 10114 0.01978
8 1 4 10055 0.0197
8 1 4 10015 0.01921
8 1 4 9757 0.01977
8 1 5 162676 0.2196
8 1 5 162278 0.2199
8 1 5 158356 0.2205
8 1 5 158051 0.2068
8 1 5 134737 0.2907
8 1 5 129231 0.2821
8 1 5 128564 0.198
8 1 5 128057 0.1922
8 1 5 126313 0.1915
8 1 5 125806 0.1951
8 1 5 122774 0.1318
8 1 5 121634 0.1646
8 1 5 114649 0.1546
8 1 5 110081 0.1525
8 1 5 108971 0.1202
8 1 5 108498 0.1512
8 1 5 108115 0.1216
8 1 5 107475 0.1191
8 1 5 106665 0.1181
8 1 5 104430 0.1148
8 1 5 102786 0.1454
8 1 5 101130 0.144
8 1 5 100622 0.1417
8 1 5 98291 0.1401
8 1 5 98161 0.1399
8 1 5 92715 0.1333
8 1 5 92095 0.1287
8 1 5 90164 0.1308
8 1 5 85353 0.1254
8 1 5 83732 0.125
8 1 5 82157 0.1243
8 1 5 80242 0.1214
8 1 5 79112 0.1206
8 1 5 78056 0.1194
8 1 5 71144 0.1129
8 1 5 70233 0.1126
8 1 5 67176 0.109
8 1 5 64564 0.07843
8 1 5 64254 0.07986
8 1 5 64094 0.07932
8 1 5 62506 0.07542
8 1 5 61417 0.07544
8 1 5 58501 0.09942
8 1 5 57893 0.1162
8 1 5 55223 0.111
8 1 5 54629 0.1074
8 1 5 51917 0.1064
8 1 5 51794 0.1044
8 1 5 49463 0.1007
8 1 5 43730 0.08889
8 1 5 41875 0.06452
8 1 5 41746 0.06315
8 1 5 41499 0.06298
8 1 5 40898 0.05978
8 1 5 39764 0.06094
8 1 5 38637 0.07829
8 1 5 38185 0.07644
8 1 5 37944 0.07629
8 1 5 36618 0.07445
8 1 5 36618 0.07466
8 1 5 35484 0.07384
8 1 5 34267 0.07082
8 1 5 28472 0.03255
8 1 5 28463 0.03108
8 1 5 28407 0.05238
8 1 5 28351 0.03189
8 1 5 27842 0.03101
8 1 5 27361 0.05007
8 1 5 26615 0.04883
8 1 5 26489 0.04823
8 1 5 26060 0.04863
8 1 5 25815 0.04834
8 1 5 25303 0.04679
8 1 5 24700 0.04698
8 1 5 24522 0.04673
8 1 5 16220 0.0189
8 1 5 16208 0.01897
8 1 5 16179 0.01956
8 1 5 16124 0.03071
8 1 5 15932 0.03093
8 1 5 15640 0.0315
8 1 5 15491 0.03078
8 1 5 15305 0.0305
8 1 5 15151 0.02971
8 1 5 14831 0.02926
8 1 5 14728 0.02897
8 1 5 14686 0.02928
8 1 5 10541 0.01353
8 1 5 10536 0.01364
8 1 5 10530 0.01347
8 1 5 10524 0.01426
8 1 5 10438 0.01381
8 1 5 10359 0.02222
8 1 5 10260 0.02202
8 1 5 10229 0.02044
8 1 5 10171 0.02051
8 1 5 10109 0.02079
8 1 5 10055 0.02003
8 1 5 9981 0.02027
8 1 5 9867 0.02013
