1 0 1 100000 0.1458
1 0 1 100000 0.1298
1 0 1 100000 0.1122
1 0 1 100000 0.1126
1 0 1 100000 0.1129
1 0 1 100000 0.1123
1 0 1 100000 0.1087
1 0 1 100000 0.1181
1 0 1 100000 0.1483
1 0 1 100000 0.1567
1 0 1 100000 0.1505
1 0 1 100000 0.1524
1 0 1 100000 0.1538
1 0 1 100000 0.1373
1 0 1 100000 0.1455
1 0 1 100000 0.1495
1 0 1 100000 0.1502
1 0 1 100000 0.1755
1 0 1 100000 0.1711
1 0 1 100000 0.1751
1 0 1 100000 0.1754
1 0 1 100000 0.1693
1 0 1 100000 0.1745
1 0 1 100000 0.1753
1 0 1 100000 0.1716
1 0 1 100000 0.1725
1 0 1 100000 0.1743
1 0 1 100000 0.182
1 0 1 100000 0.1861
1 0 1 100000 0.1827
1 0 1 100000 0.1759
1 0 1 100000 0.1799
1 0 1 100000 0.182
1 0 1 100000 0.1323
1 0 1 100000 0.1286
1 0 1 100000 0.1412
1 0 1 100000 0.1284
1 0 1 100000 0.1301
1 0 1 100000 0.1311
1 0 1 100000 0.1288
1 0 1 100000 0.1281
1 0 1 100000 0.1168
1 0 1 100000 0.08332
1 0 1 100000 0.0731
1 0 1 100000 0.07278
1 0 1 100000 0.07245
1 0 1 100000 0.0723
1 0 1 100000 0.07285
1 0 1 100000 0.0729
1 0 1 100000 0.07161
1 0 1 100000 0.1023
1 0 1 100000 0.09937
1 0 1 100000 0.1027
1 0 1 100000 0.1025
1 0 1 100000 0.1008
1 0 1 100000 0.1028
1 0 1 100000 0.1012
1 0 1 100000 0.1012
1 0 1 100000 0.1001
1 0 1 100000 0.1002
1 0 1 100000 0.1018
1 0 1 100000 0.1002
1 0 1 100000 0.1009
1 0 1 100000 0.1005
1 0 1 100000 0.1016
1 0 1 100000 0.1002
1 0 1 100000 0.1002
1 0 1 100000 0.1009
1 0 1 100000 0.09842
1 0 1 100000 0.09906
1 0 1 100000 0.1003
1 0 1 100000 0.09854
1 0 1 100000 0.09944
1 0 1 100000 0.09782
1 0 1 100000 0.1017
1 0 1 100000 0.1004
1 0 1 100000 0.09653
1 0 1 100000 0.09833
1 0 1 100000 0.1004
1 0 1 100000 0.09879
1 0 1 100000 0.0995
1 0 1 100000 0.09821
1 0 1 100000 0.09805
1 0 1 100000 0.1019
1 0 1 100000 0.1024
1 0 1 100000 0.1023
1 0 1 100000 0.1028
1 0 1 100000 0.1036
1 0 1 100000 0.1024
1 0 1 100000 0.1025
1 0 1 100000 0.1008
1 0 1 100000 0.101
1 0 1 100000 0.1029
1 0 1 100000 0.101
1 0 1 100000 0.1022
1 0 1 100000 0.1031
1 0 1 100000 0.101
1 0 1 100000 0.1019
1 0 1 100000 0.1034
1 0 1 100000 0.1027
1 0 1 85000 0.08949
1 0 1 85000 0.08794
1 0 1 85000 0.09005
1 0 1 85000 0.08959
1 0 1 85000 0.08983
1 0 1 85000 0.08861
1 0 1 85000 0.08811
1 0 1 85000 0.09031
1 0 1 85000 0.08774
1 0 1 85000 0.08852
1 0 1 85000 0.08804
1 0 1 85000 0.08928
1 0 1 85000 0.08874
1 0 1 85000 0.08952
1 0 1 85000 0.09042
1 0 1 85000 0.08939
1 0 1 85000 0.08723
1 0 1 85000 0.1146
1 0 1 85000 0.1137
1 0 1 85000 0.1124
1 0 1 85000 0.1139
1 0 1 85000 0.1138
1 0 1 85000 0.1141
1 0 1 85000 0.1152
1 0 1 85000 0.1143
1 0 1 85000 0.115
1 0 1 85000 0.1153
1 0 1 85000 0.116
1 0 1 85000 0.1137
1 0 1 85000 0.1157
1 0 1 85000 0.1155
1 0 1 85000 0.1141
1 0 1 85000 0.1152
1 0 1 85000 0.06336
1 0 1 85000 0.06307
1 0 1 85000 0.06291
1 0 1 85000 0.06272
1 0 1 85000 0.06214
1 0 1 85000 0.06288
1 0 1 85000 0.06306
1 0 1 85000 0.06298
1 0 1 85000 0.06264
1 0 1 85000 0.06332
1 0 1 85000 0.06348
1 0 1 85000 0.06263
1 0 1 85000 0.06281
1 0 1 85000 0.06242
1 0 1 85000 0.06288
1 0 1 85000 0.06207
1 0 1 85000 0.06273
1 0 1 85000 0.08932
1 0 1 85000 0.08849
1 0 1 85000 0.09129
1 0 1 85000 0.08886
1 0 1 85000 0.0901
1 0 1 85000 0.09193
1 0 1 85000 0.09023
1 0 1 85000 0.09062
1 0 1 85000 0.08961
1 0 1 85000 0.09109
1 0 1 85000 0.09154
1 0 1 85000 0.09027
1 0 1 85000 0.09228
1 0 1 85000 0.08988
1 0 1 85000 0.09077
1 0 1 85000 0.08987
1 0 1 85000 0.08926
1 0 1 85000 0.08715
1 0 1 85000 0.08667
1 0 1 85000 0.08467
1 0 1 85000 0.08986
1 0 1 85000 0.08677
1 0 1 85000 0.08838
1 0 1 85000 0.08623
1 0 1 85000 0.08909
1 0 1 85000 0.08743
1 0 1 85000 0.08761
1 0 1 85000 0.08752
1 0 1 85000 0.08797
1 0 1 85000 0.08807
1 0 1 85000 0.0861
1 0 1 85000 0.08859
1 0 1 85000 0.0876
1 0 1 85000 0.08781
1 0 1 85000 0.09002
1 0 1 85000 0.08974
1 0 1 85000 0.09031
1 0 1 85000 0.0899
1 0 1 85000 0.09148
1 0 1 85000 0.09341
1 0 1 85000 0.09039
1 0 1 85000 0.08866
1 0 1 85000 0.09063
1 0 1 85000 0.08906
1 0 1 85000 0.08763
1 0 1 85000 0.08946
1 0 1 85000 0.08879
1 0 1 85000 0.08989
1 0 1 85000 0.08897
1 0 1 85000 0.09088
1 0 1 75000 0.07956
1 0 1 75000 0.08065
1 0 1 75000 0.08015
1 0 1 75000 0.08083
1 0 1 75000 0.0808
1 0 1 75000 0.0806
1 0 1 75000 0.0813
1 0 1 75000 0.081
1 0 1 75000 0.08364
1 0 1 75000 0.08209
1 0 1 75000 0.08148
1 0 1 75000 0.07818
1 0 1 75000 0.07779
1 0 1 75000 0.08195
1 0 1 75000 0.08258
1 0 1 75000 0.08151
1 0 1 75000 0.08313
1 0 1 75000 0.1067
1 0 1 75000 0.1064
1 0 1 75000 0.1071
1 0 1 75000 0.1091
1 0 1 75000 0.1088
1 0 1 75000 0.1066
1 0 1 75000 0.1097
1 0 1 75000 0.1089
1 0 1 75000 0.1093
1 0 1 75000 0.1096
1 0 1 75000 0.1057
1 0 1 75000 0.1059
1 0 1 75000 0.1037
1 0 1 75000 0.1054
1 0 1 75000 0.1055
1 0 1 75000 0.1054
1 0 1 75000 0.05287
1 0 1 75000 0.05284
1 0 1 75000 0.05277
1 0 1 75000 0.05263
1 0 1 75000 0.0526
1 0 1 75000 0.05269
1 0 1 75000 0.05294
1 0 1 75000 0.05198
1 0 1 75000 0.05285
1 0 1 75000 0.05308
1 0 1 75000 0.05303
1 0 1 75000 0.05232
1 0 1 75000 0.05288
1 0 1 75000 0.05317
1 0 1 75000 0.05262
1 0 1 75000 0.05313
1 0 1 75000 0.05199
1 0 1 75000 0.08204
1 0 1 75000 0.08291
1 0 1 75000 0.08263
1 0 1 75000 0.08286
1 0 1 75000 0.08295
1 0 1 75000 0.08314
1 0 1 75000 0.08334
1 0 1 75000 0.08208
1 0 1 75000 0.08207
1 0 1 75000 0.08031
1 0 1 75000 0.08013
1 0 1 75000 0.08281
1 0 1 75000 0.08204
1 0 1 75000 0.08011
1 0 1 75000 0.07853
1 0 1 75000 0.08165
1 0 1 75000 0.08401
1 0 1 75000 0.08033
1 0 1 75000 0.07827
1 0 1 75000 0.07736
1 0 1 75000 0.07786
1 0 1 75000 0.07995
1 0 1 75000 0.07951
1 0 1 75000 0.08131
1 0 1 75000 0.07831
1 0 1 75000 0.08005
1 0 1 75000 0.07907
1 0 1 75000 0.07912
1 0 1 75000 0.07887
1 0 1 75000 0.07908
1 0 1 75000 0.07978
1 0 1 75000 0.0817
1 0 1 75000 0.081
1 0 1 75000 0.08381
1 0 1 75000 0.08244
1 0 1 75000 0.0824
1 0 1 75000 0.08155
1 0 1 75000 0.08096
1 0 1 75000 0.08246
1 0 1 75000 0.08011
1 0 1 75000 0.08205
1 0 1 75000 0.08377
1 0 1 75000 0.08274
1 0 1 75000 0.08312
1 0 1 75000 0.08154
1 0 1 75000 0.08094
1 0 1 75000 0.08309
1 0 1 75000 0.08117
1 0 1 75000 0.08292
1 0 1 75000 0.08123
1 0 1 50000 0.06254
1 0 1 50000 0.05731
1 0 1 50000 0.05974
1 0 1 50000 0.06118
1 0 1 50000 0.05798
1 0 1 50000 0.05813
1 0 1 50000 0.05907
1 0 1 50000 0.05969
1 0 1 50000 0.05957
1 0 1 50000 0.06075
1 0 1 50000 0.05884
1 0 1 50000 0.05962
1 0 1 50000 0.06166
1 0 1 50000 0.05845
1 0 1 50000 0.05843
1 0 1 50000 0.05942
1 0 1 50000 0.06012
1 0 1 50000 0.08518
1 0 1 50000 0.08441
1 0 1 50000 0.08504
1 0 1 50000 0.08356
1 0 1 50000 0.08548
1 0 1 50000 0.08382
1 0 1 50000 0.08344
1 0 1 50000 0.08493
1 0 1 50000 0.08557
1 0 1 50000 0.08262
1 0 1 50000 0.08442
1 0 1 50000 0.08471
1 0 1 50000 0.08309
1 0 1 50000 0.08316
1 0 1 50000 0.08193
1 0 1 50000 0.08249
1 0 1 50000 0.03123
1 0 1 50000 0.03148
1 0 1 50000 0.03152
1 0 1 50000 0.03125
1 0 1 50000 0.03106
1 0 1 50000 0.03101
1 0 1 50000 0.0313
1 0 1 50000 0.03128
1 0 1 50000 0.03144
1 0 1 50000 0.03097
1 0 1 50000 0.03118
1 0 1 50000 0.03159
1 0 1 50000 0.03109
1 0 1 50000 0.03124
1 0 1 50000 0.03116
1 0 1 50000 0.03113
1 0 1 50000 0.03129
1 0 1 50000 0.06268
1 0 1 50000 0.05896
1 0 1 50000 0.06174
1 0 1 50000 0.06261
1 0 1 50000 0.05939
1 0 1 50000 0.06062
1 0 1 50000 0.05956
1 0 1 50000 0.06094
1 0 1 50000 0.06075
1 0 1 50000 0.0613
1 0 1 50000 0.06181
1 0 1 50000 0.06062
1 0 1 50000 0.06085
1 0 1 50000 0.0594
1 0 1 50000 0.06008
1 0 1 50000 0.05918
1 0 1 50000 0.06201
1 0 1 50000 0.05883
1 0 1 50000 0.05717
1 0 1 50000 0.05914
1 0 1 50000 0.05623
1 0 1 50000 0.05865
1 0 1 50000 0.05928
1 0 1 50000 0.05812
1 0 1 50000 0.05726
1 0 1 50000 0.0599
1 0 1 50000 0.05653
1 0 1 50000 0.05804
1 0 1 50000 0.05939
1 0 1 50000 0.05582
1 0 1 50000 0.05688
1 0 1 50000 0.05813
1 0 1 50000 0.05907
1 0 1 50000 0.06083
1 0 1 50000 0.06176
1 0 1 50000 0.05952
1 0 1 50000 0.05925
1 0 1 50000 0.06059
1 0 1 50000 0.0607
1 0 1 50000 0.05877
1 0 1 50000 0.05879
1 0 1 50000 0.06153
1 0 1 50000 0.06085
1 0 1 50000 0.06086
1 0 1 50000 0.06232
1 0 1 50000 0.05942
1 0 1 50000 0.06027
1 0 1 50000 0.06209
1 0 1 50000 0.06027
1 0 1 50000 0.06195
1 0 1 35000 0.0432
1 0 1 35000 0.04283
1 0 1 35000 0.04306
1 0 1 35000 0.04194
1 0 1 35000 0.0406
1 0 1 35000 0.04131
1 0 1 35000 0.0424
1 0 1 35000 0.04235
1 0 1 35000 0.04303
1 0 1 35000 0.04071
1 0 1 35000 0.0426
1 0 1 35000 0.04237
1 0 1 35000 0.04347
1 0 1 35000 0.04123
1 0 1 35000 0.04366
1 0 1 35000 0.04276
1 0 1 35000 0.04312
1 0 1 35000 0.06264
1 0 1 35000 0.06232
1 0 1 35000 0.06341
1 0 1 35000 0.06228
1 0 1 35000 0.06226
1 0 1 35000 0.06307
1 0 1 35000 0.06231
1 0 1 35000 0.06119
1 0 1 35000 0.06298
1 0 1 35000 0.06299
1 0 1 35000 0.06235
1 0 1 35000 0.0606
1 0 1 35000 0.06106
1 0 1 35000 0.06135
1 0 1 35000 0.06097
1 0 1 35000 0.06179
1 0 1 35000 0.02099
1 0 1 35000 0.02064
1 0 1 35000 0.02085
1 0 1 35000 0.02069
1 0 1 35000 0.0205
1 0 1 35000 0.02076
1 0 1 35000 0.02066
1 0 1 35000 0.02075
1 0 1 35000 0.02067
1 0 1 35000 0.02057
1 0 1 35000 0.02064
1 0 1 35000 0.02083
1 0 1 35000 0.0208
1 0 1 35000 0.02065
1 0 1 35000 0.02067
1 0 1 35000 0.02074
1 0 1 35000 0.02073
1 0 1 35000 0.04367
1 0 1 35000 0.04417
1 0 1 35000 0.0423
1 0 1 35000 0.04289
1 0 1 35000 0.04289
1 0 1 35000 0.04338
1 0 1 35000 0.04108
1 0 1 35000 0.04323
1 0 1 35000 0.04448
1 0 1 35000 0.04158
1 0 1 35000 0.04281
1 0 1 35000 0.04296
1 0 1 35000 0.04378
1 0 1 35000 0.0427
1 0 1 35000 0.04293
1 0 1 35000 0.04262
1 0 1 35000 0.04339
1 0 1 35000 0.04148
1 0 1 35000 0.04243
1 0 1 35000 0.0413
1 0 1 35000 0.04159
1 0 1 35000 0.04033
1 0 1 35000 0.0421
1 0 1 35000 0.0419
1 0 1 35000 0.03991
1 0 1 35000 0.04207
1 0 1 35000 0.0417
1 0 1 35000 0.041
1 0 1 35000 0.04137
1 0 1 35000 0.04054
1 0 1 35000 0.04111
1 0 1 35000 0.04024
1 0 1 35000 0.04199
1 0 1 35000 0.0447
1 0 1 35000 0.04316
1 0 1 35000 0.04407
1 0 1 35000 0.04335
1 0 1 35000 0.04351
1 0 1 35000 0.0419
1 0 1 35000 0.04308
1 0 1 35000 0.04333
1 0 1 35000 0.04263
1 0 1 35000 0.0424
1 0 1 35000 0.04309
1 0 1 35000 0.0423
1 0 1 35000 0.04304
1 0 1 35000 0.04343
1 0 1 35000 0.04383
1 0 1 35000 0.04312
1 0 1 35000 0.0436
1 0 1 25000 0.02843
1 0 1 25000 0.02745
1 0 1 25000 0.02797
1 0 1 25000 0.02762
1 0 1 25000 0.02762
1 0 1 25000 0.02788
1 0 1 25000 0.02803
1 0 1 25000 0.02822
1 0 1 25000 0.02849
1 0 1 25000 0.02743
1 0 1 25000 0.02732
1 0 1 25000 0.02824
1 0 1 25000 0.02899
1 0 1 25000 0.02883
1 0 1 25000 0.02715
1 0 1 25000 0.02719
1 0 1 25000 0.02702
1 0 1 25000 0.04466
1 0 1 25000 0.04529
1 0 1 25000 0.04512
1 0 1 25000 0.04562
1 0 1 25000 0.04599
1 0 1 25000 0.04598
1 0 1 25000 0.04525
1 0 1 25000 0.04533
1 0 1 25000 0.04626
1 0 1 25000 0.04521
1 0 1 25000 0.04571
1 0 1 25000 0.04581
1 0 1 25000 0.0472
1 0 1 25000 0.04543
1 0 1 25000 0.04599
1 0 1 25000 0.04548
1 0 1 25000 0.009831
1 0 1 25000 0.009962
1 0 1 25000 0.009749
1 0 1 25000 0.009831
1 0 1 25000 0.009747
1 0 1 25000 0.009884
1 0 1 25000 0.009826
1 0 1 25000 0.009793
1 0 1 25000 0.009916
1 0 1 25000 0.009912
1 0 1 25000 0.009891
1 0 1 25000 0.009812
1 0 1 25000 0.00993
1 0 1 25000 0.009931
1 0 1 25000 0.009833
1 0 1 25000 0.009835
1 0 1 25000 0.009743
1 0 1 25000 0.02941
1 0 1 25000 0.02761
1 0 1 25000 0.02828
1 0 1 25000 0.02994
1 0 1 25000 0.02867
1 0 1 25000 0.02858
1 0 1 25000 0.02929
1 0 1 25000 0.02952
1 0 1 25000 0.0296
1 0 1 25000 0.02844
1 0 1 25000 0.0294
1 0 1 25000 0.02805
1 0 1 25000 0.02899
1 0 1 25000 0.02903
1 0 1 25000 0.0286
1 0 1 25000 0.02786
1 0 1 25000 0.02825
1 0 1 25000 0.02501
1 0 1 25000 0.02839
1 0 1 25000 0.02647
1 0 1 25000 0.02766
1 0 1 25000 0.02641
1 0 1 25000 0.02834
1 0 1 25000 0.02638
1 0 1 25000 0.02677
1 0 1 25000 0.02772
1 0 1 25000 0.02689
1 0 1 25000 0.02719
1 0 1 25000 0.02651
1 0 1 25000 0.02765
1 0 1 25000 0.0266
1 0 1 25000 0.02709
1 0 1 25000 0.02793
1 0 1 25000 0.02871
1 0 1 25000 0.02861
1 0 1 25000 0.02877
1 0 1 25000 0.0294
1 0 1 25000 0.03001
1 0 1 25000 0.02878
1 0 1 25000 0.02752
1 0 1 25000 0.02851
1 0 1 25000 0.0276
1 0 1 25000 0.02754
1 0 1 25000 0.02852
1 0 1 25000 0.02829
1 0 1 25000 0.02872
1 0 1 25000 0.02807
1 0 1 25000 0.03024
1 0 1 25000 0.02881
1 0 1 25000 0.02759
1 0 1 15000 0.01772
1 0 1 15000 0.01773
1 0 1 15000 0.01765
1 0 1 15000 0.01714
1 0 1 15000 0.01777
1 0 1 15000 0.01751
1 0 1 15000 0.01802
1 0 1 15000 0.01761
1 0 1 15000 0.01755
1 0 1 15000 0.01705
1 0 1 15000 0.01701
1 0 1 15000 0.01746
1 0 1 15000 0.01776
1 0 1 15000 0.01765
1 0 1 15000 0.01798
1 0 1 15000 0.01786
1 0 1 15000 0.01775
1 0 1 15000 0.02831
1 0 1 15000 0.0283
1 0 1 15000 0.02817
1 0 1 15000 0.02815
1 0 1 15000 0.02815
1 0 1 15000 0.028
1 0 1 15000 0.02818
1 0 1 15000 0.02788
1 0 1 15000 0.0282
1 0 1 15000 0.02826
1 0 1 15000 0.02762
1 0 1 15000 0.02814
1 0 1 15000 0.02814
1 0 1 15000 0.02802
1 0 1 15000 0.02838
1 0 1 15000 0.02766
1 0 1 15000 0.006601
1 0 1 15000 0.006493
1 0 1 15000 0.00653
1 0 1 15000 0.006531
1 0 1 15000 0.006551
1 0 1 15000 0.006608
1 0 1 15000 0.00651
1 0 1 15000 0.00662
1 0 1 15000 0.006544
1 0 1 15000 0.00667
1 0 1 15000 0.006514
1 0 1 15000 0.006638
1 0 1 15000 0.006549
1 0 1 15000 0.006446
1 0 1 15000 0.006487
1 0 1 15000 0.00655
1 0 1 15000 0.006596
1 0 1 15000 0.01795
1 0 1 15000 0.01798
1 0 1 15000 0.01807
1 0 1 15000 0.01814
1 0 1 15000 0.018
1 0 1 15000 0.01741
1 0 1 15000 0.01777
1 0 1 15000 0.01753
1 0 1 15000 0.01795
1 0 1 15000 0.01829
1 0 1 15000 0.01782
1 0 1 15000 0.01734
1 0 1 15000 0.0176
1 0 1 15000 0.01802
1 0 1 15000 0.01832
1 0 1 15000 0.01896
1 0 1 15000 0.01804
1 0 1 15000 0.0163
1 0 1 15000 0.01678
1 0 1 15000 0.01697
1 0 1 15000 0.0169
1 0 1 15000 0.01754
1 0 1 15000 0.01662
1 0 1 15000 0.01713
1 0 1 15000 0.01682
1 0 1 15000 0.01685
1 0 1 15000 0.01726
1 0 1 15000 0.01707
1 0 1 15000 0.01697
1 0 1 15000 0.01762
1 0 1 15000 0.01701
1 0 1 15000 0.01724
1 0 1 15000 0.01669
1 0 1 15000 0.01797
1 0 1 15000 0.01767
1 0 1 15000 0.01724
1 0 1 15000 0.01789
1 0 1 15000 0.01741
1 0 1 15000 0.01783
1 0 1 15000 0.01837
1 0 1 15000 0.0178
1 0 1 15000 0.01847
1 0 1 15000 0.01787
1 0 1 15000 0.01751
1 0 1 15000 0.01826
1 0 1 15000 0.01727
1 0 1 15000 0.01781
1 0 1 15000 0.0166
1 0 1 15000 0.01805
1 0 1 15000 0.01757
1 0 1 10000 0.01255
1 0 1 10000 0.01286
1 0 1 10000 0.01217
1 0 1 10000 0.01242
1 0 1 10000 0.01258
1 0 1 10000 0.01281
1 0 1 10000 0.01244
1 0 1 10000 0.01261
1 0 1 10000 0.01254
1 0 1 10000 0.01249
1 0 1 10000 0.01286
1 0 1 10000 0.0123
1 0 1 10000 0.01241
1 0 1 10000 0.01247
1 0 1 10000 0.01271
1 0 1 10000 0.01292
1 0 1 10000 0.01221
1 0 1 10000 0.01963
1 0 1 10000 0.01902
1 0 1 10000 0.01931
1 0 1 10000 0.01943
1 0 1 10000 0.01906
1 0 1 10000 0.02017
1 0 1 10000 0.01917
1 0 1 10000 0.01913
1 0 1 10000 0.01944
1 0 1 10000 0.01964
1 0 1 10000 0.01926
1 0 1 10000 0.01955
1 0 1 10000 0.01922
1 0 1 10000 0.01929
1 0 1 10000 0.01934
1 0 1 10000 0.01947
1 0 1 10000 0.005168
1 0 1 10000 0.005134
1 0 1 10000 0.005093
1 0 1 10000 0.005056
1 0 1 10000 0.005092
1 0 1 10000 0.005172
1 0 1 10000 0.005097
1 0 1 10000 0.005074
1 0 1 10000 0.005069
1 0 1 10000 0.005127
1 0 1 10000 0.005048
1 0 1 10000 0.005133
1 0 1 10000 0.005086
1 0 1 10000 0.005057
1 0 1 10000 0.005167
1 0 1 10000 0.005038
1 0 1 10000 0.005096
1 0 1 10000 0.01263
1 0 1 10000 0.01294
1 0 1 10000 0.0125
1 0 1 10000 0.01266
1 0 1 10000 0.01267
1 0 1 10000 0.01304
1 0 1 10000 0.0131
1 0 1 10000 0.01268
1 0 1 10000 0.01302
1 0 1 10000 0.0127
1 0 1 10000 0.01295
1 0 1 10000 0.01268
1 0 1 10000 0.01275
1 0 1 10000 0.01228
1 0 1 10000 0.01316
1 0 1 10000 0.01256
1 0 1 10000 0.01268
1 0 1 10000 0.0124
1 0 1 10000 0.01152
1 0 1 10000 0.01198
1 0 1 10000 0.01246
1 0 1 10000 0.01239
1 0 1 10000 0.01176
1 0 1 10000 0.01233
1 0 1 10000 0.01216
1 0 1 10000 0.01219
1 0 1 10000 0.01253
1 0 1 10000 0.0119
1 0 1 10000 0.01189
1 0 1 10000 0.01237
1 0 1 10000 0.01246
1 0 1 10000 0.01205
1 0 1 10000 0.0122
1 0 1 10000 0.01268
1 0 1 10000 0.01241
1 0 1 10000 0.01274
1 0 1 10000 0.01252
1 0 1 10000 0.01205
1 0 1 10000 0.0133
1 0 1 10000 0.01342
1 0 1 10000 0.01275
1 0 1 10000 0.0129
1 0 1 10000 0.01325
1 0 1 10000 0.01227
1 0 1 10000 0.01262
1 0 1 10000 0.01314
1 0 1 10000 0.01291
1 0 1 10000 0.01304
1 0 1 10000 0.01313
1 0 1 10000 0.01267
1 0 2 113536 0.1134
1 0 2 113482 0.1132
1 0 2 113470 0.1146
1 0 2 113429 0.1133
1 0 2 113347 0.1114
1 0 2 113347 0.1114
1 0 2 113340 0.1118
1 0 2 113252 0.1108
1 0 2 113236 0.1098
1 0 2 113136 0.1124
1 0 2 113104 0.1108
1 0 2 113102 0.1106
1 0 2 113090 0.1133
1 0 2 113088 0.1446
1 0 2 113074 0.1088
1 0 2 113071 0.1092
1 0 2 113048 0.1138
1 0 2 113044 0.111
1 0 2 112992 0.1105
1 0 2 112967 0.1106
1 0 2 112896 0.1139
1 0 2 112895 0.1041
1 0 2 112868 0.1118
1 0 2 112801 0.1114
1 0 2 112764 0.1123
1 0 2 112752 0.1114
1 0 2 112688 0.1096
1 0 2 112678 0.1103
1 0 2 112660 0.1079
1 0 2 112562 0.1112
1 0 2 112562 0.1108
1 0 2 112242 0.1115
1 0 2 112164 0.1137
1 0 2 112044 0.1097
1 0 2 111980 0.1099
1 0 2 111890 0.1124
1 0 2 111882 0.1416
1 0 2 111692 0.1159
1 0 2 111170 0.11
1 0 2 111139 0.1101
1 0 2 110950 0.1408
1 0 2 109911 0.1103
1 0 2 109781 0.1097
1 0 2 109652 0.1118
1 0 2 108992 0.1388
1 0 2 108244 0.1086
1 0 2 108061 0.1095
1 0 2 107960 0.1362
1 0 2 107569 0.1084
1 0 2 107423 0.1016
1 0 2 106680 0.1059
1 0 2 106142 0.1352
1 0 2 106142 0.1347
1 0 2 105960 0.1087
1 0 2 105605 0.1365
1 0 2 105377 0.1079
1 0 2 104749 0.1339
1 0 2 104665 0.1084
1 0 2 104315 0.1089
1 0 2 104189 0.1318
1 0 2 103769 0.1365
1 0 2 103769 0.1361
1 0 2 103330 0.1333
1 0 2 103143 0.108
1 0 2 102877 0.1331
1 0 2 102877 0.1331
1 0 2 101981 0.1052
1 0 2 101846 0.1041
1 0 2 101427 0.1044
1 0 2 101270 0.1304
1 0 2 100508 0.103
1 0 2 100508 0.1028
1 0 2 100232 0.1007
1 0 2 100000 0.07291
1 0 2 100000 0.07198
1 0 2 100000 0.07219
1 0 2 100000 0.07216
1 0 2 100000 0.07195
1 0 2 100000 0.0723
1 0 2 100000 0.07199
1 0 2 100000 0.07237
1 0 2 100000 0.07273
1 0 2 100000 0.07707
1 0 2 100000 0.0721
1 0 2 100000 0.07201
1 0 2 100000 0.07198
1 0 2 100000 0.07229
1 0 2 100000 0.07959
1 0 2 100000 0.0727
1 0 2 99407 0.09956
1 0 2 99205 0.1301
1 0 2 98933 0.1014
1 0 2 97943 0.1
1 0 2 97169 0.1269
1 0 2 94803 0.09884
1 0 2 94776 0.1006
1 0 2 94760 0.09766
1 0 2 94723 0.09895
1 0 2 94707 0.09886
1 0 2 94670 0.09559
1 0 2 94667 0.09727
1 0 2 94661 0.09845
1 0 2 94616 0.09767
1 0 2 94613 0.09881
1 0 2 94594 0.125
1 0 2 94575 0.09686
1 0 2 94554 0.1262
1 0 2 94548 0.09846
1 0 2 94546 0.09622
1 0 2 94509 0.09414
1 0 2 94503 0.1247
1 0 2 94462 0.09633
1 0 2 94455 0.09775
1 0 2 94394 0.09376
1 0 2 94363 0.0974
1 0 2 94346 0.09563
1 0 2 94316 0.09362
1 0 2 94300 0.09609
1 0 2 94275 0.09549
1 0 2 94250 0.09523
1 0 2 94177 0.09536
1 0 2 94161 0.09401
1 0 2 94134 0.09477
1 0 2 94057 0.1245
1 0 2 94050 0.09501
1 0 2 94038 0.09266
1 0 2 94030 0.0965
1 0 2 93986 0.09418
1 0 2 93959 0.09947
1 0 2 93890 0.09465
1 0 2 93817 0.09563
1 0 2 93795 0.09694
1 0 2 93629 0.1256
1 0 2 93616 0.09551
1 0 2 93467 0.09885
1 0 2 93003 0.09265
1 0 2 93003 0.09367
1 0 2 92740 0.09647
1 0 2 92251 0.09534
1 0 2 92038 0.09608
1 0 2 91911 0.09614
1 0 2 91781 0.09667
1 0 2 91781 0.09699
1 0 2 91479 0.0929
1 0 2 91369 0.09595
1 0 2 91273 0.1209
1 0 2 91273 0.1216
1 0 2 91125 0.09714
1 0 2 90412 0.0947
1 0 2 90389 0.09053
1 0 2 89983 0.1154
1 0 2 89948 0.09501
1 0 2 89948 0.09558
1 0 2 89915 0.09278
1 0 2 89733 0.09169
1 0 2 89119 0.08532
1 0 2 89076 0.09344
1 0 2 88403 0.1192
1 0 2 87829 0.117
1 0 2 87752 0.1173
1 0 2 87446 0.1193
1 0 2 86662 0.0924
1 0 2 86082 0.09246
1 0 2 85493 0.1159
1 0 2 85289 0.08896
1 0 2 85090 0.1165
1 0 2 85000 0.0626
1 0 2 85000 0.06232
1 0 2 85000 0.06279
1 0 2 85000 0.06199
1 0 2 85000 0.06277
1 0 2 85000 0.0623
1 0 2 85000 0.06202
1 0 2 85000 0.06276
1 0 2 85000 0.06199
1 0 2 85000 0.06207
1 0 2 85000 0.06265
1 0 2 85000 0.0625
1 0 2 85000 0.06219
1 0 2 85000 0.0624
1 0 2 85000 0.06282
1 0 2 85000 0.0633
1 0 2 84929 0.1124
1 0 2 84656 0.08863
1 0 2 84272 0.1172
1 0 2 84204 0.1155
1 0 2 83701 0.09046
1 0 2 83700 0.09017
1 0 2 83682 0.09035
1 0 2 83298 0.08865
1 0 2 83140 0.08934
1 0 2 82631 0.08879
1 0 2 82612 0.08801
1 0 2 82586 0.08642
1 0 2 82576 0.08794
1 0 2 82563 0.08894
1 0 2 82551 0.11
1 0 2 82545 0.0885
1 0 2 82545 0.08709
1 0 2 82542 0.08947
1 0 2 82491 0.08773
1 0 2 82472 0.08748
1 0 2 82464 0.08511
1 0 2 82455 0.08603
1 0 2 82446 0.08741
1 0 2 82423 0.08938
1 0 2 82422 0.08684
1 0 2 82419 0.08853
1 0 2 82392 0.0876
1 0 2 82387 0.08817
1 0 2 82375 0.08745
1 0 2 82325 0.08623
1 0 2 82314 0.08471
1 0 2 82295 0.08606
1 0 2 82239 0.08306
1 0 2 82238 0.0881
1 0 2 82227 0.1122
1 0 2 82173 0.08862
1 0 2 82164 0.08504
1 0 2 82127 0.08273
1 0 2 82125 0.08715
1 0 2 82095 0.08526
1 0 2 82087 0.08472
1 0 2 82069 0.08642
1 0 2 81999 0.088
1 0 2 81984 0.08587
1 0 2 81835 0.0842
1 0 2 81816 0.08577
1 0 2 81804 0.08405
1 0 2 81713 0.08684
1 0 2 81702 0.08532
1 0 2 81606 0.08494
1 0 2 81535 0.08076
1 0 2 81393 0.1125
1 0 2 81393 0.1125
1 0 2 81228 0.0873
1 0 2 81216 0.08503
1 0 2 81156 0.1123
1 0 2 81075 0.1133
1 0 2 80907 0.1101
1 0 2 80607 0.08257
1 0 2 80510 0.08362
1 0 2 80502 0.08794
1 0 2 80444 0.08673
1 0 2 80133 0.08701
1 0 2 80133 0.08831
1 0 2 79825 0.08587
1 0 2 79680 0.08559
1 0 2 79626 0.0858
1 0 2 79196 0.11
1 0 2 79022 0.08558
1 0 2 79014 0.08645
1 0 2 78972 0.1123
1 0 2 78663 0.08445
1 0 2 78647 0.111
1 0 2 78417 0.08589
1 0 2 78144 0.08322
1 0 2 78144 0.08318
1 0 2 77776 0.08605
1 0 2 77761 0.1114
1 0 2 77761 0.08388
1 0 2 77209 0.08358
1 0 2 77132 0.1096
1 0 2 76739 0.1076
1 0 2 76554 0.08195
1 0 2 76426 0.1103
1 0 2 76250 0.08172
1 0 2 76050 0.08231
1 0 2 75828 0.08158
1 0 2 75828 0.08141
1 0 2 75000 0.1077
1 0 2 75000 0.1078
1 0 2 75000 0.0533
1 0 2 75000 0.05247
1 0 2 75000 0.0528
1 0 2 75000 0.05287
1 0 2 75000 0.05297
1 0 2 75000 0.05233
1 0 2 75000 0.05274
1 0 2 75000 0.05354
1 0 2 75000 0.05347
1 0 2 75000 0.05318
1 0 2 75000 0.05298
1 0 2 75000 0.05265
1 0 2 75000 0.05245
1 0 2 75000 0.0528
1 0 2 75000 0.05305
1 0 2 75000 0.05249
1 0 2 74967 0.08103
1 0 2 74594 0.1034
1 0 2 74159 0.08163
1 0 2 74086 0.1077
1 0 2 73442 0.08186
1 0 2 73098 0.08233
1 0 2 72791 0.08149
1 0 2 72791 0.08186
1 0 2 71979 0.1057
1 0 2 71971 0.1059
1 0 2 71951 0.08043
1 0 2 70021 0.1044
1 0 2 53383 0.06668
1 0 2 53381 0.06119
1 0 2 53379 0.06403
1 0 2 53376 0.06528
1 0 2 53375 0.06146
1 0 2 53375 0.06234
1 0 2 53372 0.06208
1 0 2 53372 0.06373
1 0 2 53371 0.06455
1 0 2 53370 0.06613
1 0 2 53366 0.06421
1 0 2 53366 0.06559
1 0 2 53351 0.06316
1 0 2 53349 0.06438
1 0 2 53346 0.06431
1 0 2 53337 0.06522
1 0 2 53334 0.06706
1 0 2 53330 0.0662
1 0 2 53329 0.06463
1 0 2 53326 0.06275
1 0 2 53322 0.06555
1 0 2 53314 0.06759
1 0 2 53312 0.06404
1 0 2 53301 0.06597
1 0 2 53293 0.06493
1 0 2 53292 0.06424
1 0 2 53287 0.06337
1 0 2 53265 0.06343
1 0 2 53264 0.06317
1 0 2 53250 0.06209
1 0 2 53238 0.08846
1 0 2 53231 0.06328
1 0 2 53230 0.06337
1 0 2 53225 0.06338
1 0 2 53224 0.06264
1 0 2 53210 0.06492
1 0 2 53200 0.06172
1 0 2 53192 0.0622
1 0 2 53169 0.0639
1 0 2 53165 0.06188
1 0 2 53165 0.06327
1 0 2 53111 0.06276
1 0 2 53073 0.06281
1 0 2 53038 0.08953
1 0 2 53033 0.09014
1 0 2 52970 0.06107
1 0 2 52931 0.064
1 0 2 52903 0.06198
1 0 2 52878 0.06496
1 0 2 52794 0.06282
1 0 2 52555 0.08825
1 0 2 52431 0.06241
1 0 2 52268 0.08821
1 0 2 52191 0.06037
1 0 2 52070 0.06292
1 0 2 51817 0.06099
1 0 2 51756 0.06133
1 0 2 51588 0.0868
1 0 2 51411 0.0879
1 0 2 51258 0.06169
1 0 2 51199 0.059
1 0 2 50975 0.08341
1 0 2 50957 0.06073
1 0 2 50947 0.06062
1 0 2 50721 0.05792
1 0 2 50195 0.08489
1 0 2 50195 0.06114
1 0 2 50028 0.05861
1 0 2 50000 0.03135
1 0 2 50000 0.03103
1 0 2 50000 0.03162
1 0 2 50000 0.03134
1 0 2 50000 0.03118
1 0 2 50000 0.03127
1 0 2 50000 0.03139
1 0 2 50000 0.03072
1 0 2 50000 0.03166
1 0 2 50000 0.03114
1 0 2 50000 0.0313
1 0 2 50000 0.03114
1 0 2 50000 0.03102
1 0 2 50000 0.03098
1 0 2 50000 0.03106
1 0 2 50000 0.03136
1 0 2 50000 0.03144
1 0 2 49937 0.08177
1 0 2 49746 0.058
1 0 2 49669 0.05851
1 0 2 49645 0.05502
1 0 2 49512 0.05718
1 0 2 48892 0.08081
1 0 2 48892 0.08206
1 0 2 48738 0.05839
1 0 2 48629 0.05871
1 0 2 48579 0.08296
1 0 2 47802 0.0585
1 0 2 47468 0.08181
1 0 2 47068 0.05794
1 0 2 46785 0.08018
1 0 2 46464 0.05728
1 0 2 36662 0.04456
1 0 2 36662 0.0448
1 0 2 36662 0.06404
1 0 2 36662 0.06393
1 0 2 36662 0.0638
1 0 2 36662 0.04581
1 0 2 36662 0.04596
1 0 2 36662 0.04312
1 0 2 36662 0.04504
1 0 2 36662 0.04469
1 0 2 36657 0.04347
1 0 2 36657 0.0447
1 0 2 36652 0.04488
1 0 2 36647 0.04417
1 0 2 36646 0.04368
1 0 2 36645 0.04445
1 0 2 36638 0.04493
1 0 2 36633 0.0448
1 0 2 36632 0.04372
1 0 2 36625 0.04417
1 0 2 36625 0.04325
1 0 2 36619 0.04438
1 0 2 36617 0.04452
1 0 2 36616 0.06364
1 0 2 36615 0.04345
1 0 2 36613 0.04333
1 0 2 36609 0.04314
1 0 2 36608 0.04423
1 0 2 36604 0.04314
1 0 2 36602 0.04498
1 0 2 36601 0.04337
1 0 2 36592 0.04327
1 0 2 36590 0.04145
1 0 2 36587 0.0414
1 0 2 36584 0.04524
1 0 2 36580 0.0445
1 0 2 36580 0.04431
1 0 2 36578 0.04154
1 0 2 36572 0.04493
1 0 2 36571 0.0436
1 0 2 36569 0.04369
1 0 2 36568 0.0434
1 0 2 36564 0.04355
1 0 2 36552 0.04376
1 0 2 36552 0.04449
1 0 2 36551 0.04346
1 0 2 36535 0.04571
1 0 2 36521 0.04507
1 0 2 36517 0.04287
1 0 2 36509 0.04519
1 0 2 36312 0.06366
1 0 2 36312 0.06318
1 0 2 36312 0.0444
1 0 2 36187 0.04377
1 0 2 36147 0.04297
1 0 2 36094 0.04351
1 0 2 36074 0.04357
1 0 2 36004 0.04325
1 0 2 36004 0.04305
1 0 2 35962 0.06388
1 0 2 35962 0.04482
1 0 2 35938 0.06258
1 0 2 35875 0.06404
1 0 2 35856 0.06379
1 0 2 35856 0.06389
1 0 2 35262 0.0428
1 0 2 35220 0.04316
1 0 2 35087 0.06267
1 0 2 35008 0.06224
1 0 2 35000 0.02076
1 0 2 35000 0.02057
1 0 2 35000 0.02046
1 0 2 35000 0.02062
1 0 2 35000 0.02079
1 0 2 35000 0.02081
1 0 2 35000 0.02094
1 0 2 35000 0.02062
1 0 2 35000 0.02065
1 0 2 35000 0.02074
1 0 2 35000 0.02078
1 0 2 35000 0.02092
1 0 2 35000 0.02068
1 0 2 35000 0.02062
1 0 2 35000 0.02088
1 0 2 35000 0.02066
1 0 2 34903 0.04326
1 0 2 34825 0.06179
1 0 2 34673 0.04158
1 0 2 34669 0.04226
1 0 2 34650 0.06073
1 0 2 34505 0.06008
1 0 2 34387 0.06024
1 0 2 34384 0.04132
1 0 2 34226 0.04115
1 0 2 34037 0.05948
1 0 2 34037 0.04082
1 0 2 33687 0.0587
1 0 2 33687 0.05867
1 0 2 33687 0.04043
1 0 2 33611 0.03974
1 0 2 25848 0.0298
1 0 2 25846 0.0288
1 0 2 25845 0.02862
1 0 2 25845 0.02926
1 0 2 25843 0.04683
1 0 2 25843 0.04714
1 0 2 25843 0.02965
1 0 2 25843 0.02887
1 0 2 25842 0.02903
1 0 2 25842 0.0305
1 0 2 25840 0.0273
1 0 2 25839 0.02964
1 0 2 25838 0.02838
1 0 2 25837 0.03064
1 0 2 25836 0.02868
1 0 2 25836 0.02866
1 0 2 25834 0.02953
1 0 2 25833 0.02788
1 0 2 25832 0.02884
1 0 2 25832 0.02757
1 0 2 25829 0.02868
1 0 2 25829 0.02711
1 0 2 25828 0.02774
1 0 2 25826 0.02827
1 0 2 25823 0.02909
1 0 2 25820 0.02886
1 0 2 25819 0.04655
1 0 2 25817 0.02744
1 0 2 25817 0.04719
1 0 2 25816 0.02819
1 0 2 25815 0.02746
1 0 2 25815 0.02741
1 0 2 25815 0.02772
1 0 2 25812 0.02731
1 0 2 25808 0.02841
1 0 2 25805 0.02729
1 0 2 25804 0.02926
1 0 2 25791 0.02895
1 0 2 25789 0.0286
1 0 2 25781 0.02752
1 0 2 25774 0.02697
1 0 2 25771 0.02791
1 0 2 25771 0.0287
1 0 2 25746 0.0273
1 0 2 25729 0.02723
1 0 2 25709 0.04641
1 0 2 25708 0.02957
1 0 2 25704 0.04593
1 0 2 25692 0.02939
1 0 2 25595 0.04729
1 0 2 25570 0.02939
1 0 2 25474 0.02926
1 0 2 25418 0.02891
1 0 2 25370 0.02822
1 0 2 25280 0.02972
1 0 2 25267 0.02803
1 0 2 25261 0.02972
1 0 2 25191 0.02873
1 0 2 25190 0.02695
1 0 2 25186 0.04538
1 0 2 25125 0.02894
1 0 2 25035 0.04481
1 0 2 25016 0.02657
1 0 2 25000 0.009897
1 0 2 25000 0.01
1 0 2 25000 0.009798
1 0 2 25000 0.009862
1 0 2 25000 0.009892
1 0 2 25000 0.009851
1 0 2 25000 0.00988
1 0 2 25000 0.009854
1 0 2 25000 0.01006
1 0 2 25000 0.009814
1 0 2 25000 0.009957
1 0 2 25000 0.009943
1 0 2 25000 0.009806
1 0 2 25000 0.009853
1 0 2 25000 0.00984
1 0 2 25000 0.00984
1 0 2 25000 0.009811
1 0 2 24965 0.04555
1 0 2 24955 0.04602
1 0 2 24923 0.02816
1 0 2 24853 0.02573
1 0 2 24736 0.04543
1 0 2 24736 0.04572
1 0 2 24691 0.04459
1 0 2 24677 0.04483
1 0 2 24616 0.0276
1 0 2 24615 0.0281
1 0 2 24575 0.02787
1 0 2 24528 0.02877
1 0 2 24520 0.02816
1 0 2 24504 0.04462
1 0 2 24409 0.02775
1 0 2 24296 0.02665
1 0 2 24296 0.02687
1 0 2 24215 0.02553
1 0 2 24190 0.04405
1 0 2 24190 0.02715
1 0 2 15305 0.01832
1 0 2 15304 0.01773
1 0 2 15304 0.01813
1 0 2 15304 0.01728
1 0 2 15304 0.01823
1 0 2 15303 0.01825
1 0 2 15303 0.01811
1 0 2 15303 0.01851
1 0 2 15303 0.01818
1 0 2 15302 0.01768
1 0 2 15302 0.01804
1 0 2 15302 0.01744
1 0 2 15302 0.01785
1 0 2 15301 0.01801
1 0 2 15300 0.01734
1 0 2 15300 0.01686
1 0 2 15300 0.01848
1 0 2 15299 0.01787
1 0 2 15299 0.02894
1 0 2 15299 0.01807
1 0 2 15298 0.01767
1 0 2 15298 0.01758
1 0 2 15298 0.01811
1 0 2 15298 0.01772
1 0 2 15298 0.01697
1 0 2 15297 0.01808
1 0 2 15296 0.0169
1 0 2 15295 0.01788
1 0 2 15295 0.01732
1 0 2 15294 0.0173
1 0 2 15292 0.02824
1 0 2 15292 0.01837
1 0 2 15291 0.01746
1 0 2 15289 0.01814
1 0 2 15289 0.02853
1 0 2 15287 0.0171
1 0 2 15286 0.01733
1 0 2 15285 0.01678
1 0 2 15285 0.01674
1 0 2 15285 0.01774
1 0 2 15283 0.01811
1 0 2 15283 0.02897
1 0 2 15283 0.01712
1 0 2 15281 0.0176
1 0 2 15277 0.01715
1 0 2 15272 0.02897
1 0 2 15268 0.01744
1 0 2 15267 0.02792
1 0 2 15261 0.02834
1 0 2 15261 0.02834
1 0 2 15243 0.02835
1 0 2 15224 0.01788
1 0 2 15213 0.01862
1 0 2 15199 0.0176
1 0 2 15199 0.01753
1 0 2 15186 0.01827
1 0 2 15184 0.01783
1 0 2 15169 0.01838
1 0 2 15168 0.01723
1 0 2 15155 0.02863
1 0 2 15136 0.02824
1 0 2 15108 0.01699
1 0 2 15072 0.02828
1 0 2 15066 0.01804
1 0 2 15061 0.01814
1 0 2 15049 0.01737
1 0 2 15033 0.02803
1 0 2 15033 0.028
1 0 2 15005 0.01746
1 0 2 15001 0.01831
1 0 2 15000 0.02834
1 0 2 15000 0.006547
1 0 2 15000 0.006514
1 0 2 15000 0.006572
1 0 2 15000 0.006593
1 0 2 15000 0.006521
1 0 2 15000 0.006489
1 0 2 15000 0.006524
1 0 2 15000 0.006552
1 0 2 15000 0.006513
1 0 2 15000 0.00654
1 0 2 15000 0.006495
1 0 2 15000 0.006581
1 0 2 15000 0.006601
1 0 2 15000 0.006526
1 0 2 15000 0.006577
1 0 2 15000 0.006493
1 0 2 14997 0.02796
1 0 2 14995 0.02822
1 0 2 14986 0.02818
1 0 2 14941 0.02782
1 0 2 14924 0.01755
1 0 2 14904 0.01766
1 0 2 14900 0.01772
1 0 2 14864 0.01786
1 0 2 14803 0.01835
1 0 2 14795 0.02814
1 0 2 14785 0.01873
1 0 2 14736 0.01818
1 0 2 14678 0.01776
1 0 2 10135 0.01237
1 0 2 10135 0.01168
1 0 2 10135 0.01321
1 0 2 10135 0.01306
1 0 2 10134 0.0129
1 0 2 10134 0.01312
1 0 2 10134 0.01239
1 0 2 10134 0.01211
1 0 2 10134 0.0125
1 0 2 10134 0.01364
1 0 2 10134 0.01239
1 0 2 10134 0.01326
1 0 2 10133 0.01291
1 0 2 10133 0.01263
1 0 2 10133 0.0201
1 0 2 10133 0.01276
1 0 2 10133 0.01224
1 0 2 10133 0.01216
1 0 2 10132 0.0128
1 0 2 10132 0.01273
1 0 2 10132 0.01997
1 0 2 10132 0.01298
1 0 2 10132 0.01291
1 0 2 10132 0.01229
1 0 2 10132 0.01303
1 0 2 10131 0.01279
1 0 2 10131 0.01247
1 0 2 10131 0.01248
1 0 2 10131 0.01247
1 0 2 10131 0.01317
1 0 2 10130 0.01272
1 0 2 10130 0.01282
1 0 2 10130 0.02006
1 0 2 10130 0.0126
1 0 2 10130 0.01259
1 0 2 10130 0.01262
1 0 2 10129 0.01912
1 0 2 10129 0.01269
1 0 2 10128 0.0128
1 0 2 10128 0.01281
1 0 2 10128 0.01975
1 0 2 10128 0.01313
1 0 2 10128 0.0133
1 0 2 10127 0.01264
1 0 2 10127 0.01221
1 0 2 10126 0.01312
1 0 2 10126 0.01233
1 0 2 10123 0.01216
1 0 2 10121 0.01979
1 0 2 10120 0.01303
1 0 2 10117 0.01271
1 0 2 10116 0.0125
1 0 2 10111 0.01991
1 0 2 10110 0.01252
1 0 2 10100 0.01963
1 0 2 10097 0.01331
1 0 2 10095 0.01277
1 0 2 10092 0.01988
1 0 2 10085 0.01972
1 0 2 10084 0.01254
1 0 2 10064 0.01317
1 0 2 10053 0.0125
1 0 2 10048 0.01275
1 0 2 10043 0.01235
1 0 2 10024 0.01224
1 0 2 10023 0.01931
1 0 2 10022 0.01951
1 0 2 10012 0.01928
1 0 2 10007 0.01252
1 0 2 10000 0.00526
1 0 2 10000 0.005053
1 0 2 10000 0.005097
1 0 2 10000 0.005082
1 0 2 10000 0.005077
1 0 2 10000 0.00512
1 0 2 10000 0.005096
1 0 2 10000 0.005127
1 0 2 10000 0.005118
1 0 2 10000 0.005073
1 0 2 10000 0.005088
1 0 2 10000 0.005043
1 0 2 10000 0.005115
1 0 2 10000 0.005101
1 0 2 10000 0.005074
1 0 2 10000 0.005051
1 0 2 10000 0.005031
1 0 2 9997 0.01924
1 0 2 9994 0.0128
1 0 2 9948 0.01283
1 0 2 9948 0.01283
1 0 2 9947 0.01276
1 0 2 9944 0.01262
1 0 2 9940 0.01252
1 0 2 9936 0.01284
1 0 2 9928 0.01331
1 0 2 9922 0.01289
1 0 2 9912 0.01973
1 0 2 9892 0.01298
1 0 2 9876 0.01946
1 0 2 9871 0.01937
1 0 3 128578 0.1975
1 0 3 128307 0.1794
1 0 3 128248 0.1826
1 0 3 128194 0.1785
1 0 3 128113 0.1781
1 0 3 128030 0.1708
1 0 3 128013 0.1748
1 0 3 127847 0.185
1 0 3 127835 0.1802
1 0 3 127827 0.182
1 0 3 127808 0.1739
1 0 3 127707 0.1682
1 0 3 127680 0.1758
1 0 3 127603 0.1774
1 0 3 127492 0.1796
1 0 3 127486 0.1829
1 0 3 127412 0.1719
1 0 3 127400 0.1774
1 0 3 127173 0.1715
1 0 3 127028 0.1851
1 0 3 127011 0.1761
1 0 3 126988 0.1758
1 0 3 126943 0.1674
1 0 3 126398 0.1725
1 0 3 126114 0.1696
1 0 3 125995 0.172
1 0 3 125422 0.1736
1 0 3 125422 0.1737
1 0 3 124218 0.1685
1 0 3 124218 0.1697
1 0 3 123446 0.1685
1 0 3 123021 0.1792
1 0 3 121619 0.1175
1 0 3 121619 0.1188
1 0 3 121543 0.1148
1 0 3 121226 0.117
1 0 3 121067 0.1158
1 0 3 120216 0.1177
1 0 3 119656 0.1156
1 0 3 119656 0.1143
1 0 3 118894 0.1112
1 0 3 118791 0.1183
1 0 3 117759 0.1072
1 0 3 117346 0.1144
1 0 3 117173 0.1154
1 0 3 116647 0.1125
1 0 3 116329 0.1149
1 0 3 116156 0.1438
1 0 3 115353 0.1147
1 0 3 115180 0.1426
1 0 3 115113 0.109
1 0 3 115024 0.1443
1 0 3 114170 0.1147
1 0 3 114074 0.1195
1 0 3 113400 0.1419
1 0 3 112622 0.1103
1 0 3 112446 0.1124
1 0 3 112271 0.1398
1 0 3 111548 0.113
1 0 3 110562 0.1407
1 0 3 110511 0.1392
1 0 3 110273 0.1117
1 0 3 109914 0.1113
1 0 3 109777 0.1414
1 0 3 108636 0.1097
1 0 3 107364 0.1094
1 0 3 107142 0.1113
1 0 3 106879 0.103
1 0 3 106083 0.1076
1 0 3 105712 0.1386
1 0 3 105447 0.1093
1 0 3 105220 0.1083
1 0 3 105184 0.1062
1 0 3 105114 0.1063
1 0 3 105093 0.1124
1 0 3 105063 0.1123
1 0 3 105036 0.1085
1 0 3 104938 0.1109
1 0 3 104916 0.1052
1 0 3 104868 0.1063
1 0 3 104833 0.1491
1 0 3 104788 0.1076
1 0 3 104619 0.1053
1 0 3 104580 0.1066
1 0 3 104571 0.1066
1 0 3 104499 0.1107
1 0 3 104446 0.107
1 0 3 104420 0.1062
1 0 3 104338 0.1066
1 0 3 104227 0.1343
1 0 3 104109 0.1057
1 0 3 103660 0.1073
1 0 3 103531 0.1081
1 0 3 103167 0.0988
1 0 3 103099 0.1058
1 0 3 102928 0.1071
1 0 3 102928 0.1068
1 0 3 102542 0.104
1 0 3 101847 0.1051
1 0 3 101694 0.1328
1 0 3 101307 0.1036
1 0 3 101034 0.1025
1 0 3 100926 0.09988
1 0 3 100910 0.1032
1 0 3 100471 0.1042
1 0 3 100280 0.09754
1 0 3 100124 0.1021
1 0 3 100000 0.07222
1 0 3 100000 0.07241
1 0 3 100000 0.07275
1 0 3 100000 0.0727
1 0 3 100000 0.07193
1 0 3 100000 0.0729
1 0 3 100000 0.0722
1 0 3 100000 0.07307
1 0 3 100000 0.07258
1 0 3 100000 0.07248
1 0 3 100000 0.07287
1 0 3 100000 0.07228
1 0 3 100000 0.07273
1 0 3 100000 0.0724
1 0 3 100000 0.07249
1 0 3 100000 0.07206
1 0 3 100000 0.07222
1 0 3 100000 0.07241
1 0 3 99623 0.1061
1 0 3 98942 0.1041
1 0 3 98942 0.1046
1 0 3 98415 0.1275
1 0 3 98356 0.1016
1 0 3 97705 0.1281
1 0 3 97556 0.1035
1 0 3 97469 0.1009
1 0 3 97433 0.09912
1 0 3 97166 0.1265
1 0 3 96750 0.0985
1 0 3 95885 0.09819
1 0 3 95358 0.09871
1 0 3 95245 0.09934
1 0 3 94933 0.09913
1 0 3 94930 0.1271
1 0 3 94608 0.09642
1 0 3 94458 0.1021
1 0 3 94436 0.09555
1 0 3 93732 0.09942
1 0 3 93197 0.09881
1 0 3 92882 0.09885
1 0 3 92774 0.0975
1 0 3 92578 0.09785
1 0 3 92242 0.09825
1 0 3 91912 0.09463
1 0 3 91862 0.1237
1 0 3 90939 0.09709
1 0 3 90831 0.09472
1 0 3 90799 0.09541
1 0 3 90714 0.09603
1 0 3 90675 0.09548
1 0 3 90668 0.09497
1 0 3 90548 0.09443
1 0 3 90548 0.09582
1 0 3 90470 0.09591
1 0 3 90429 0.09547
1 0 3 90406 0.09388
1 0 3 90387 0.0935
1 0 3 90386 0.09544
1 0 3 90378 0.09417
1 0 3 90304 0.09302
1 0 3 90304 0.094
1 0 3 90206 0.09152
1 0 3 90165 0.09433
1 0 3 90126 0.09422
1 0 3 90048 0.1208
1 0 3 89982 0.09114
1 0 3 89982 0.09156
1 0 3 89739 0.0934
1 0 3 89739 0.09458
1 0 3 89691 0.1223
1 0 3 89682 0.1212
1 0 3 89657 0.1209
1 0 3 89560 0.09578
1 0 3 89556 0.09281
1 0 3 89553 0.09346
1 0 3 89532 0.09483
1 0 3 89276 0.09381
1 0 3 89269 0.09162
1 0 3 89188 0.09468
1 0 3 89052 0.09579
1 0 3 88858 0.09442
1 0 3 88852 0.09466
1 0 3 88793 0.12
1 0 3 88744 0.09046
1 0 3 88365 0.09162
1 0 3 88239 0.1179
1 0 3 88133 0.1205
1 0 3 88014 0.08988
1 0 3 87960 0.09575
1 0 3 87817 0.09223
1 0 3 87537 0.09471
1 0 3 87537 0.09387
1 0 3 87317 0.1202
1 0 3 87317 0.1211
1 0 3 87062 0.0919
1 0 3 86692 0.1178
1 0 3 86550 0.09228
1 0 3 86458 0.09108
1 0 3 86417 0.08795
1 0 3 86244 0.08846
1 0 3 86164 0.1181
1 0 3 85995 0.09221
1 0 3 85974 0.09249
1 0 3 85880 0.09016
1 0 3 85677 0.09112
1 0 3 85606 0.1177
1 0 3 85560 0.08906
1 0 3 85370 0.09294
1 0 3 85000 0.06249
1 0 3 85000 0.06231
1 0 3 85000 0.06281
1 0 3 85000 0.06283
1 0 3 85000 0.06244
1 0 3 85000 0.06269
1 0 3 85000 0.0629
1 0 3 85000 0.06291
1 0 3 85000 0.06247
1 0 3 85000 0.06297
1 0 3 85000 0.06315
1 0 3 85000 0.06212
1 0 3 85000 0.06248
1 0 3 85000 0.0625
1 0 3 85000 0.06254
1 0 3 85000 0.06303
1 0 3 85000 0.0627
1 0 3 84840 0.09043
1 0 3 84726 0.08989
1 0 3 84690 0.09055
1 0 3 84321 0.09284
1 0 3 83904 0.1148
1 0 3 83837 0.08832
1 0 3 83628 0.09129
1 0 3 83600 0.08914
1 0 3 83431 0.08987
1 0 3 83418 0.1151
1 0 3 83062 0.08845
1 0 3 82872 0.08933
1 0 3 82842 0.08843
1 0 3 82337 0.1127
1 0 3 81780 0.08812
1 0 3 81690 0.08814
1 0 3 81571 0.08774
1 0 3 81390 0.1136
1 0 3 80973 0.1134
1 0 3 80835 0.1145
1 0 3 80835 0.1135
1 0 3 80705 0.08333
1 0 3 80480 0.1121
1 0 3 80480 0.1123
1 0 3 80127 0.109
1 0 3 79867 0.08707
1 0 3 79851 0.08743
1 0 3 79747 0.08631
1 0 3 78973 0.1111
1 0 3 78973 0.1115
1 0 3 78969 0.08589
1 0 3 78870 0.08696
1 0 3 78861 0.1121
1 0 3 78736 0.08481
1 0 3 78723 0.08485
1 0 3 78471 0.1116
1 0 3 77388 0.08268
1 0 3 77214 0.08424
1 0 3 76433 0.08477
1 0 3 76005 0.1085
1 0 3 75000 0.05242
1 0 3 75000 0.05256
1 0 3 75000 0.05225
1 0 3 75000 0.05264
1 0 3 75000 0.05308
1 0 3 75000 0.05257
1 0 3 75000 0.05302
1 0 3 75000 0.05286
1 0 3 75000 0.05276
1 0 3 75000 0.05297
1 0 3 75000 0.05327
1 0 3 75000 0.0532
1 0 3 75000 0.05315
1 0 3 75000 0.05304
1 0 3 75000 0.05317
1 0 3 75000 0.05333
1 0 3 75000 0.05344
1 0 3 75000 0.05287
1 0 3 74183 0.08084
1 0 3 72078 0.1053
1 0 3 72078 0.1068
1 0 3 71933 0.1053
1 0 3 71360 0.1069
1 0 3 71244 0.07909
1 0 3 71242 0.1058
1 0 3 70988 0.1055
1 0 3 68903 0.07899
1 0 3 67585 0.1033
1 0 3 57000 0.06828
1 0 3 56991 0.06703
1 0 3 56971 0.06913
1 0 3 56956 0.06639
1 0 3 56948 0.06632
1 0 3 56941 0.06606
1 0 3 56933 0.06767
1 0 3 56928 0.09232
1 0 3 56881 0.06528
1 0 3 56876 0.06624
1 0 3 56867 0.07038
1 0 3 56850 0.06905
1 0 3 56838 0.07231
1 0 3 56831 0.06807
1 0 3 56820 0.06565
1 0 3 56806 0.06648
1 0 3 56784 0.0661
1 0 3 56776 0.06527
1 0 3 56775 0.06675
1 0 3 56752 0.06578
1 0 3 56741 0.06518
1 0 3 56714 0.06674
1 0 3 56690 0.06552
1 0 3 56681 0.06458
1 0 3 56676 0.06373
1 0 3 56660 0.06635
1 0 3 56630 0.09195
1 0 3 56590 0.06469
1 0 3 56585 0.0636
1 0 3 56541 0.06573
1 0 3 56388 0.06744
1 0 3 56260 0.06771
1 0 3 56235 0.06603
1 0 3 56112 0.06486
1 0 3 55821 0.06695
1 0 3 55646 0.09041
1 0 3 55481 0.0647
1 0 3 55318 0.06439
1 0 3 55295 0.08925
1 0 3 55161 0.06693
1 0 3 55087 0.06501
1 0 3 54867 0.09047
1 0 3 54821 0.06731
1 0 3 54783 0.06246
1 0 3 54726 0.06311
1 0 3 54551 0.06316
1 0 3 54527 0.0625
1 0 3 54458 0.06143
1 0 3 54386 0.06566
1 0 3 53981 0.0659
1 0 3 53864 0.06482
1 0 3 53576 0.06387
1 0 3 53430 0.06536
1 0 3 53319 0.06275
1 0 3 53317 0.066
1 0 3 52917 0.08877
1 0 3 52897 0.0891
1 0 3 52896 0.08929
1 0 3 52551 0.08729
1 0 3 52551 0.08692
1 0 3 52356 0.06085
1 0 3 52035 0.06099
1 0 3 51962 0.06286
1 0 3 51776 0.06409
1 0 3 51661 0.08777
1 0 3 51221 0.0627
1 0 3 51100 0.05963
1 0 3 50967 0.0631
1 0 3 50919 0.08382
1 0 3 50351 0.06126
1 0 3 50122 0.06001
1 0 3 50000 0.03103
1 0 3 50000 0.03131
1 0 3 50000 0.03115
1 0 3 50000 0.03116
1 0 3 50000 0.0313
1 0 3 50000 0.03142
1 0 3 50000 0.03091
1 0 3 50000 0.03111
1 0 3 50000 0.03106
1 0 3 50000 0.03136
1 0 3 50000 0.03096
1 0 3 50000 0.03113
1 0 3 50000 0.03107
1 0 3 50000 0.03086
1 0 3 50000 0.03125
1 0 3 50000 0.03125
1 0 3 49996 0.05893
1 0 3 49959 0.08241
1 0 3 49945 0.08327
1 0 3 49833 0.08332
1 0 3 49332 0.08216
1 0 3 49188 0.05793
1 0 3 48621 0.05926
1 0 3 48400 0.05825
1 0 3 47762 0.05615
1 0 3 47682 0.07976
1 0 3 47025 0.07943
1 0 3 46756 0.05885
1 0 3 46756 0.05866
1 0 3 38403 0.06621
1 0 3 38400 0.04553
1 0 3 38396 0.04663
1 0 3 38394 0.04539
1 0 3 38387 0.04733
1 0 3 38387 0.04579
1 0 3 38367 0.04613
1 0 3 38360 0.04463
1 0 3 38353 0.06594
1 0 3 38342 0.04536
1 0 3 38336 0.04719
1 0 3 38329 0.04369
1 0 3 38326 0.04599
1 0 3 38324 0.04586
1 0 3 38323 0.04434
1 0 3 38318 0.04781
1 0 3 38312 0.04428
1 0 3 38309 0.04612
1 0 3 38307 0.04412
1 0 3 38297 0.04456
1 0 3 38295 0.04504
1 0 3 38284 0.0434
1 0 3 38283 0.04546
1 0 3 38279 0.04504
1 0 3 38274 0.045
1 0 3 38267 0.04475
1 0 3 38263 0.04311
1 0 3 38262 0.04317
1 0 3 38255 0.04473
1 0 3 38250 0.04473
1 0 3 38249 0.04584
1 0 3 38241 0.04336
1 0 3 38234 0.04377
1 0 3 38234 0.04376
1 0 3 38229 0.04315
1 0 3 38222 0.04609
1 0 3 38220 0.04364
1 0 3 38216 0.04278
1 0 3 38214 0.04189
1 0 3 38209 0.04213
1 0 3 38192 0.04458
1 0 3 38185 0.04318
1 0 3 38074 0.04366
1 0 3 38019 0.04626
1 0 3 37866 0.04215
1 0 3 37818 0.04377
1 0 3 37789 0.04504
1 0 3 37787 0.04588
1 0 3 37780 0.06503
1 0 3 37667 0.04469
1 0 3 37581 0.06505
1 0 3 37569 0.04153
1 0 3 37551 0.06451
1 0 3 37446 0.0477
1 0 3 36995 0.04414
1 0 3 36906 0.06405
1 0 3 36787 0.0643
1 0 3 36775 0.04308
1 0 3 36642 0.06436
1 0 3 36521 0.06387
1 0 3 36488 0.06356
1 0 3 36418 0.04395
1 0 3 36320 0.04373
1 0 3 36310 0.04479
1 0 3 36297 0.045
1 0 3 36214 0.04044
1 0 3 36010 0.04307
1 0 3 35949 0.0448
1 0 3 35824 0.04421
1 0 3 35746 0.0428
1 0 3 35717 0.06286
1 0 3 35696 0.06318
1 0 3 35486 0.06197
1 0 3 35315 0.06199
1 0 3 35259 0.04172
1 0 3 35165 0.06276
1 0 3 35127 0.04284
1 0 3 35000 0.0208
1 0 3 35000 0.02076
1 0 3 35000 0.02065
1 0 3 35000 0.02074
1 0 3 35000 0.02066
1 0 3 35000 0.02055
1 0 3 35000 0.02066
1 0 3 35000 0.02069
1 0 3 35000 0.02063
1 0 3 35000 0.02081
1 0 3 35000 0.02074
1 0 3 35000 0.02074
1 0 3 35000 0.02075
1 0 3 35000 0.02074
1 0 3 35000 0.02057
1 0 3 35000 0.02095
1 0 3 35000 0.02075
1 0 3 34861 0.06095
1 0 3 34603 0.04311
1 0 3 33769 0.05844
1 0 3 33585 0.03989
1 0 3 33322 0.03908
1 0 3 32588 0.03822
1 0 3 26721 0.03057
1 0 3 26718 0.03134
1 0 3 26709 0.03157
1 0 3 26703 0.03002
1 0 3 26699 0.02873
1 0 3 26697 0.03095
1 0 3 26696 0.0302
1 0 3 26692 0.03019
1 0 3 26692 0.02999
1 0 3 26690 0.03038
1 0 3 26686 0.02929
1 0 3 26682 0.02959
1 0 3 26678 0.04926
1 0 3 26678 0.0297
1 0 3 26676 0.02929
1 0 3 26672 0.03005
1 0 3 26671 0.03035
1 0 3 26663 0.03005
1 0 3 26662 0.02909
1 0 3 26659 0.03135
1 0 3 26658 0.02979
1 0 3 26649 0.02986
1 0 3 26632 0.02922
1 0 3 26623 0.02872
1 0 3 26621 0.03006
1 0 3 26618 0.02928
1 0 3 26615 0.02928
1 0 3 26586 0.02928
1 0 3 26583 0.02924
1 0 3 26575 0.02956
1 0 3 26570 0.02979
1 0 3 26504 0.02735
1 0 3 26484 0.02973
1 0 3 26395 0.03015
1 0 3 26305 0.04803
1 0 3 26281 0.03009
1 0 3 26210 0.02995
1 0 3 26158 0.02986
1 0 3 26143 0.03006
1 0 3 26139 0.03101
1 0 3 26057 0.0295
1 0 3 25997 0.03019
1 0 3 25973 0.02861
1 0 3 25958 0.02975
1 0 3 25867 0.04772
1 0 3 25840 0.03067
1 0 3 25775 0.04683
1 0 3 25753 0.03093
1 0 3 25662 0.02798
1 0 3 25643 0.0297
1 0 3 25630 0.02769
1 0 3 25547 0.02993
1 0 3 25515 0.02938
1 0 3 25497 0.04674
1 0 3 25423 0.04652
1 0 3 25423 0.04659
1 0 3 25401 0.02804
1 0 3 25384 0.04667
1 0 3 25325 0.04691
1 0 3 25309 0.029
1 0 3 25264 0.02805
1 0 3 25245 0.0284
1 0 3 25222 0.02817
1 0 3 25101 0.0289
1 0 3 25081 0.02986
1 0 3 25061 0.04646
1 0 3 25000 0.01006
1 0 3 25000 0.00999
1 0 3 25000 0.009746
1 0 3 25000 0.009934
1 0 3 25000 0.009859
1 0 3 25000 0.009849
1 0 3 25000 0.009789
1 0 3 25000 0.01002
1 0 3 25000 0.009922
1 0 3 25000 0.009798
1 0 3 25000 0.009788
1 0 3 25000 0.009786
1 0 3 25000 0.009959
1 0 3 25000 0.009771
1 0 3 25000 0.009996
1 0 3 25000 0.009681
1 0 3 25000 0.009854
1 0 3 24995 0.02884
1 0 3 24963 0.04651
1 0 3 24963 0.03009
1 0 3 24878 0.04616
1 0 3 24870 0.02881
1 0 3 24827 0.04604
1 0 3 24799 0.02843
1 0 3 24758 0.02856
1 0 3 24566 0.02905
1 0 3 24464 0.02799
1 0 3 24442 0.02753
1 0 3 24442 0.02747
1 0 3 24248 0.04431
1 0 3 24248 0.04406
1 0 3 23986 0.04523
1 0 3 23740 0.02818
1 0 3 23714 0.02635
1 0 3 15612 0.0182
1 0 3 15611 0.01955
1 0 3 15610 0.0195
1 0 3 15608 0.01958
1 0 3 15608 0.02
1 0 3 15608 0.01919
1 0 3 15607 0.01947
1 0 3 15607 0.01928
1 0 3 15605 0.01878
1 0 3 15605 0.01872
1 0 3 15602 0.01922
1 0 3 15602 0.01942
1 0 3 15601 0.0189
1 0 3 15601 0.0189
1 0 3 15600 0.01857
1 0 3 15600 0.01805
1 0 3 15599 0.01887
1 0 3 15598 0.01832
1 0 3 15596 0.01863
1 0 3 15595 0.01857
1 0 3 15594 0.01838
1 0 3 15594 0.01823
1 0 3 15586 0.0202
1 0 3 15585 0.01861
1 0 3 15584 0.01811
1 0 3 15583 0.01858
1 0 3 15582 0.03087
1 0 3 15581 0.01838
1 0 3 15577 0.01819
1 0 3 15576 0.01864
1 0 3 15575 0.01894
1 0 3 15574 0.0186
1 0 3 15572 0.01827
1 0 3 15566 0.01816
1 0 3 15566 0.01821
1 0 3 15557 0.01815
1 0 3 15556 0.01866
1 0 3 15549 0.02997
1 0 3 15542 0.01927
1 0 3 15524 0.03006
1 0 3 15518 0.01948
1 0 3 15504 0.01844
1 0 3 15498 0.01906
1 0 3 15459 0.01769
1 0 3 15456 0.01872
1 0 3 15455 0.01892
1 0 3 15444 0.01861
1 0 3 15393 0.01818
1 0 3 15388 0.01886
1 0 3 15362 0.01847
1 0 3 15354 0.01885
1 0 3 15324 0.01774
1 0 3 15322 0.02942
1 0 3 15308 0.03005
1 0 3 15307 0.01829
1 0 3 15298 0.01877
1 0 3 15295 0.01811
1 0 3 15285 0.01817
1 0 3 15201 0.01898
1 0 3 15201 0.0188
1 0 3 15185 0.02936
1 0 3 15167 0.0188
1 0 3 15119 0.01897
1 0 3 15082 0.01914
1 0 3 15082 0.01919
1 0 3 15069 0.01942
1 0 3 15068 0.0191
1 0 3 15054 0.01761
1 0 3 15054 0.01743
1 0 3 15034 0.01912
1 0 3 15012 0.02868
1 0 3 15012 0.02858
1 0 3 15000 0.006462
1 0 3 15000 0.006436
1 0 3 15000 0.006589
1 0 3 15000 0.006549
1 0 3 15000 0.006548
1 0 3 15000 0.006523
1 0 3 15000 0.006577
1 0 3 15000 0.006494
1 0 3 15000 0.006555
1 0 3 15000 0.006583
1 0 3 15000 0.006656
1 0 3 15000 0.006549
1 0 3 15000 0.006601
1 0 3 15000 0.006589
1 0 3 15000 0.006619
1 0 3 15000 0.006557
1 0 3 14997 0.02913
1 0 3 14983 0.02842
1 0 3 14978 0.02859
1 0 3 14951 0.02845
1 0 3 14934 0.01864
1 0 3 14847 0.02841
1 0 3 14801 0.02878
1 0 3 14790 0.02881
1 0 3 14784 0.02795
1 0 3 14734 0.01859
1 0 3 14659 0.01836
1 0 3 14652 0.01855
1 0 3 10272 0.01395
1 0 3 10270 0.01315
1 0 3 10270 0.0132
1 0 3 10269 0.01287
1 0 3 10269 0.01373
1 0 3 10269 0.01377
1 0 3 10268 0.01405
1 0 3 10268 0.01403
1 0 3 10268 0.01402
1 0 3 10268 0.01384
1 0 3 10267 0.01399
1 0 3 10266 0.01328
1 0 3 10266 0.01322
1 0 3 10265 0.01377
1 0 3 10265 0.01377
1 0 3 10265 0.01336
1 0 3 10264 0.01315
1 0 3 10264 0.01355
1 0 3 10264 0.02137
1 0 3 10264 0.01323
1 0 3 10264 0.01324
1 0 3 10263 0.0135
1 0 3 10263 0.01355
1 0 3 10263 0.0131
1 0 3 10263 0.01291
1 0 3 10263 0.01303
1 0 3 10262 0.01379
1 0 3 10262 0.01365
1 0 3 10261 0.01315
1 0 3 10261 0.01315
1 0 3 10260 0.01295
1 0 3 10260 0.0138
1 0 3 10259 0.01281
1 0 3 10256 0.0131
1 0 3 10253 0.02077
1 0 3 10244 0.01314
1 0 3 10242 0.01303
1 0 3 10239 0.01306
1 0 3 10228 0.01353
1 0 3 10226 0.01337
1 0 3 10224 0.01348
1 0 3 10223 0.01999
1 0 3 10219 0.01246
1 0 3 10212 0.01311
1 0 3 10203 0.01296
1 0 3 10187 0.01335
1 0 3 10183 0.01276
1 0 3 10178 0.01346
1 0 3 10178 0.01265
1 0 3 10159 0.01281
1 0 3 10155 0.01963
1 0 3 10142 0.01286
1 0 3 10141 0.01275
1 0 3 10132 0.0131
1 0 3 10126 0.01331
1 0 3 10121 0.02008
1 0 3 10113 0.01262
1 0 3 10111 0.01963
1 0 3 10092 0.01287
1 0 3 10084 0.01217
1 0 3 10081 0.01269
1 0 3 10075 0.01299
1 0 3 10064 0.0136
1 0 3 10059 0.01989
1 0 3 10057 0.01962
1 0 3 10054 0.01304
1 0 3 10044 0.01955
1 0 3 10028 0.01247
1 0 3 10013 0.01255
1 0 3 10009 0.01301
1 0 3 10002 0.01939
1 0 3 10000 0.005092
1 0 3 10000 0.005261
1 0 3 10000 0.005162
1 0 3 10000 0.005088
1 0 3 10000 0.005123
1 0 3 10000 0.005055
1 0 3 10000 0.005102
1 0 3 10000 0.005049
1 0 3 10000 0.005077
1 0 3 10000 0.005055
1 0 3 10000 0.005159
1 0 3 10000 0.00507
1 0 3 10000 0.005065
1 0 3 10000 0.005118
1 0 3 10000 0.005016
1 0 3 10000 0.005056
1 0 3 10000 0.005211
1 0 3 9998 0.01292
1 0 3 9996 0.01939
1 0 3 9979 0.01925
1 0 3 9971 0.01281
1 0 3 9956 0.0195
1 0 3 9956 0.0124
1 0 3 9941 0.01264
1 0 3 9913 0.01974
1 0 3 9885 0.01313
1 0 3 9879 0.01966
1 0 3 9829 0.01339
1 0 3 9756 0.01942
1 0 4 145008 0.1895
1 0 4 144830 0.1904
1 0 4 144620 0.1861
1 0 4 144596 0.188
1 0 4 144559 0.1917
1 0 4 144320 0.1832
1 0 4 144280 0.1862
1 0 4 144221 0.1833
1 0 4 143802 0.1843
1 0 4 143802 0.1837
1 0 4 143666 0.1898
1 0 4 143270 0.1857
1 0 4 143098 0.1869
1 0 4 143082 0.1843
1 0 4 142638 0.1871
1 0 4 142543 0.1854
1 0 4 141891 0.1885
1 0 4 141731 0.1844
1 0 4 141592 0.1836
1 0 4 141588 0.1927
1 0 4 140268 0.1877
1 0 4 140083 0.1862
1 0 4 139575 0.1818
1 0 4 139457 0.1812
1 0 4 136816 0.1842
1 0 4 136025 0.1839
1 0 4 136023 0.1759
1 0 4 135600 0.1817
1 0 4 134120 0.1769
1 0 4 133323 0.187
1 0 4 133006 0.1822
1 0 4 132861 0.1818
1 0 4 131718 0.177
1 0 4 131427 0.1829
1 0 4 131238 0.1841
1 0 4 130381 0.1786
1 0 4 130057 0.1773
1 0 4 129572 0.182
1 0 4 129064 0.1896
1 0 4 128076 0.2107
1 0 4 126868 0.204
1 0 4 125870 0.1968
1 0 4 124537 0.2814
1 0 4 124537 0.2738
1 0 4 124263 0.1778
1 0 4 123997 0.2676
1 0 4 123705 0.1752
1 0 4 120899 0.1188
1 0 4 119752 0.1183
1 0 4 119718 0.1496
1 0 4 119349 0.1174
1 0 4 118512 0.1155
1 0 4 118111 0.1411
1 0 4 118087 0.1475
1 0 4 118006 0.1174
1 0 4 117725 0.1199
1 0 4 117056 0.1132
1 0 4 117007 0.1143
1 0 4 116728 0.1138
1 0 4 116578 0.1133
1 0 4 116507 0.1134
1 0 4 116427 0.1153
1 0 4 116266 0.1145
1 0 4 116175 0.1132
1 0 4 116165 0.1153
1 0 4 116145 0.1116
1 0 4 115944 0.1127
1 0 4 115944 0.1128
1 0 4 115857 0.146
1 0 4 115280 0.145
1 0 4 115170 0.1118
1 0 4 114715 0.1184
1 0 4 114579 0.1085
1 0 4 114560 0.112
1 0 4 114478 0.1125
1 0 4 114452 0.1105
1 0 4 114182 0.1116
1 0 4 114098 0.1105
1 0 4 114097 0.1088
1 0 4 113625 0.1101
1 0 4 113606 0.114
1 0 4 112817 0.1122
1 0 4 112817 0.1117
1 0 4 112651 0.1114
1 0 4 111816 0.1107
1 0 4 111729 0.1085
1 0 4 111690 0.1129
1 0 4 111508 0.1114
1 0 4 111493 0.1128
1 0 4 110669 0.1421
1 0 4 110630 0.1064
1 0 4 110630 0.1062
1 0 4 110437 0.1109
1 0 4 109949 0.1082
1 0 4 109761 0.1127
1 0 4 108932 0.1076
1 0 4 108799 0.0993
1 0 4 108454 0.1057
1 0 4 108130 0.1106
1 0 4 107697 0.1055
1 0 4 107342 0.1383
1 0 4 106873 0.1028
1 0 4 105953 0.1066
1 0 4 105788 0.1044
1 0 4 105787 0.1078
1 0 4 105159 0.1059
1 0 4 104876 0.1023
1 0 4 104724 0.1071
1 0 4 104652 0.1334
1 0 4 104592 0.1038
1 0 4 104295 0.108
1 0 4 103650 0.1083
1 0 4 103404 0.1366
1 0 4 103309 0.1085
1 0 4 102976 0.1356
1 0 4 102757 0.1079
1 0 4 101937 0.1331
1 0 4 101937 0.1328
1 0 4 101784 0.1328
1 0 4 100140 0.09778
1 0 4 100000 0.07264
1 0 4 100000 0.07193
1 0 4 100000 0.07273
1 0 4 100000 0.07229
1 0 4 100000 0.0723
1 0 4 100000 0.07275
1 0 4 100000 0.07255
1 0 4 100000 0.07232
1 0 4 100000 0.07181
1 0 4 100000 0.07318
1 0 4 100000 0.07212
1 0 4 100000 0.07196
1 0 4 100000 0.07221
1 0 4 100000 0.07206
1 0 4 100000 0.07248
1 0 4 100000 0.07233
1 0 4 100000 0.07276
1 0 4 99744 0.1013
1 0 4 99639 0.1001
1 0 4 99594 0.1011
1 0 4 99449 0.1019
1 0 4 99416 0.09914
1 0 4 99324 0.1009
1 0 4 99226 0.09992
1 0 4 99049 0.1009
1 0 4 98873 0.1004
1 0 4 98873 0.1016
1 0 4 98820 0.1028
1 0 4 98701 0.1006
1 0 4 98576 0.101
1 0 4 98302 0.09674
1 0 4 98300 0.09598
1 0 4 97897 0.1015
1 0 4 97897 0.1018
1 0 4 97746 0.1271
1 0 4 97641 0.09992
1 0 4 97224 0.09794
1 0 4 97187 0.09761
1 0 4 97083 0.1019
1 0 4 97005 0.1021
1 0 4 96951 0.1001
1 0 4 96760 0.09988
1 0 4 96760 0.1003
1 0 4 96618 0.1
1 0 4 96600 0.1
1 0 4 96577 0.09881
1 0 4 96478 0.1279
1 0 4 96402 0.09957
1 0 4 96316 0.09791
1 0 4 96203 0.09841
1 0 4 96045 0.1001
1 0 4 95941 0.1202
1 0 4 95680 0.1186
1 0 4 95655 0.121
1 0 4 95643 0.1214
1 0 4 95144 0.1182
1 0 4 95139 0.1216
1 0 4 95086 0.1139
1 0 4 94998 0.1434
1 0 4 94678 0.1178
1 0 4 94678 0.1147
1 0 4 94337 0.1429
1 0 4 94164 0.117
1 0 4 94072 0.1178
1 0 4 93696 0.1392
1 0 4 93570 0.1192
1 0 4 93336 0.1164
1 0 4 92800 0.1151
1 0 4 92638 0.1093
1 0 4 92597 0.1436
1 0 4 92455 0.1093
1 0 4 92454 0.1414
1 0 4 92241 0.1161
1 0 4 92169 0.1179
1 0 4 92046 0.1149
1 0 4 91868 0.1153
1 0 4 91767 0.1196
1 0 4 91746 0.1084
1 0 4 91640 0.1188
1 0 4 90685 0.112
1 0 4 90685 0.1098
1 0 4 90517 0.1138
1 0 4 90426 0.1144
1 0 4 90214 0.1138
1 0 4 90132 0.1089
1 0 4 90038 0.1118
1 0 4 89778 0.1026
1 0 4 89759 0.08976
1 0 4 89395 0.09297
1 0 4 89112 0.09405
1 0 4 89044 0.1209
1 0 4 88428 0.1201
1 0 4 88213 0.1204
1 0 4 88128 0.09579
1 0 4 87299 0.09227
1 0 4 87168 0.1201
1 0 4 86937 0.1187
1 0 4 86676 0.0935
1 0 4 86469 0.1163
1 0 4 86354 0.118
1 0 4 86128 0.1186
1 0 4 85950 0.08749
1 0 4 85943 0.1175
1 0 4 85135 0.1136
1 0 4 85092 0.09486
1 0 4 85000 0.0942
1 0 4 85000 0.09218
1 0 4 85000 0.08112
1 0 4 85000 0.06264
1 0 4 85000 0.06292
1 0 4 85000 0.06249
1 0 4 85000 0.06277
1 0 4 85000 0.06297
1 0 4 85000 0.06302
1 0 4 85000 0.06289
1 0 4 85000 0.06244
1 0 4 85000 0.06262
1 0 4 85000 0.06279
1 0 4 85000 0.0626
1 0 4 85000 0.06235
1 0 4 85000 0.0629
1 0 4 85000 0.06232
1 0 4 84950 0.08994
1 0 4 84646 0.1162
1 0 4 84594 0.1154
1 0 4 84092 0.1168
1 0 4 83874 0.08933
1 0 4 83580 0.1159
1 0 4 82857 0.09021
1 0 4 82818 0.1167
1 0 4 82812 0.0894
1 0 4 82622 0.08933
1 0 4 82581 0.1148
1 0 4 82019 0.0885
1 0 4 82019 0.08757
1 0 4 81945 0.08794
1 0 4 81428 0.1148
1 0 4 80954 0.08813
1 0 4 80864 0.08688
1 0 4 79971 0.08985
1 0 4 79962 0.08813
1 0 4 79155 0.08576
1 0 4 78855 0.1127
1 0 4 78494 0.08559
1 0 4 78430 0.111
1 0 4 78066 0.08616
1 0 4 78066 0.08736
1 0 4 78033 0.08689
1 0 4 77651 0.08482
1 0 4 77228 0.08607
1 0 4 77171 0.1119
1 0 4 76973 0.08547
1 0 4 76535 0.1132
1 0 4 76209 0.08625
1 0 4 75546 0.08375
1 0 4 75053 0.08204
1 0 4 75019 0.08572
1 0 4 75000 0.05277
1 0 4 75000 0.05308
1 0 4 75000 0.05237
1 0 4 75000 0.05327
1 0 4 75000 0.05287
1 0 4 75000 0.05241
1 0 4 75000 0.05257
1 0 4 75000 0.05287
1 0 4 75000 0.05215
1 0 4 75000 0.0533
1 0 4 75000 0.05254
1 0 4 75000 0.05289
1 0 4 75000 0.05273
1 0 4 75000 0.05279
1 0 4 75000 0.05257
1 0 4 75000 0.0527
1 0 4 75000 0.05288
1 0 4 72645 0.1081
1 0 4 72598 0.08274
1 0 4 72033 0.08382
1 0 4 70434 0.1065
1 0 4 68684 0.07849
1 0 4 67521 0.07714
1 0 4 60845 0.07236
1 0 4 60781 0.07043
1 0 4 60767 0.06902
1 0 4 60761 0.07148
1 0 4 60738 0.0705
1 0 4 60681 0.07233
1 0 4 60650 0.06917
1 0 4 60625 0.0707
1 0 4 60467 0.06965
1 0 4 60463 0.06807
1 0 4 60433 0.07038
1 0 4 60418 0.07079
1 0 4 60349 0.06735
1 0 4 60341 0.06917
1 0 4 60340 0.06813
1 0 4 60312 0.06738
1 0 4 60302 0.06992
1 0 4 60279 0.07208
1 0 4 60221 0.07032
1 0 4 60153 0.07184
1 0 4 60127 0.06595
1 0 4 60112 0.0697
1 0 4 59940 0.06875
1 0 4 59880 0.0698
1 0 4 59845 0.0684
1 0 4 59731 0.06957
1 0 4 59700 0.06922
1 0 4 59464 0.07141
1 0 4 59386 0.07013
1 0 4 59233 0.06834
1 0 4 59011 0.09582
1 0 4 59011 0.09598
1 0 4 58933 0.0706
1 0 4 58225 0.07058
1 0 4 58112 0.06921
1 0 4 58099 0.06735
1 0 4 57978 0.06806
1 0 4 57664 0.06902
1 0 4 57493 0.06433
1 0 4 57260 0.06576
1 0 4 56915 0.06497
1 0 4 56576 0.06704
1 0 4 56512 0.06684
1 0 4 56393 0.06705
1 0 4 55911 0.09185
1 0 4 55772 0.06673
1 0 4 55315 0.06206
1 0 4 55315 0.06234
1 0 4 55261 0.06702
1 0 4 54846 0.09118
1 0 4 54817 0.06511
1 0 4 54591 0.06356
1 0 4 54539 0.06496
1 0 4 54109 0.08942
1 0 4 54098 0.06569
1 0 4 53990 0.09084
1 0 4 53883 0.09023
1 0 4 53752 0.06386
1 0 4 53676 0.06507
1 0 4 53591 0.06496
1 0 4 53289 0.06378
1 0 4 53039 0.06407
1 0 4 53039 0.06254
1 0 4 52392 0.06647
1 0 4 52364 0.08707
1 0 4 51702 0.06264
1 0 4 51609 0.06255
1 0 4 51181 0.0632
1 0 4 50939 0.08551
1 0 4 50904 0.06291
1 0 4 50823 0.08526
1 0 4 50814 0.08588
1 0 4 50736 0.0826
1 0 4 50459 0.06129
1 0 4 50000 0.03119
1 0 4 50000 0.03124
1 0 4 50000 0.03147
1 0 4 50000 0.03117
1 0 4 50000 0.03137
1 0 4 50000 0.03138
1 0 4 50000 0.03091
1 0 4 50000 0.03138
1 0 4 50000 0.03109
1 0 4 50000 0.03095
1 0 4 50000 0.03128
1 0 4 50000 0.03121
1 0 4 50000 0.03112
1 0 4 50000 0.03115
1 0 4 50000 0.03096
1 0 4 50000 0.03106
1 0 4 49959 0.06075
1 0 4 49277 0.08229
1 0 4 49248 0.05974
1 0 4 47992 0.08102
1 0 4 47098 0.0593
1 0 4 47098 0.05905
1 0 4 47046 0.08078
1 0 4 46607 0.0803
1 0 4 45605 0.05494
1 0 4 45465 0.0784
1 0 4 40209 0.04645
1 0 4 40190 0.04799
1 0 4 40160 0.04833
1 0 4 40148 0.04954
1 0 4 40096 0.04724
1 0 4 40096 0.04735
1 0 4 40093 0.0679
1 0 4 40080 0.04725
1 0 4 40075 0.04871
1 0 4 40060 0.04684
1 0 4 40056 0.04731
1 0 4 40045 0.0469
1 0 4 40039 0.04768
1 0 4 40033 0.04642
1 0 4 40017 0.04539
1 0 4 40014 0.04841
1 0 4 40011 0.04666
1 0 4 40002 0.04755
1 0 4 40000 0.04639
1 0 4 39974 0.04646
1 0 4 39964 0.04688
1 0 4 39963 0.04774
1 0 4 39960 0.06798
1 0 4 39960 0.04707
1 0 4 39919 0.04767
1 0 4 39919 0.04651
1 0 4 39910 0.04891
1 0 4 39865 0.04873
1 0 4 39811 0.04977
1 0 4 39732 0.04698
1 0 4 39610 0.04751
1 0 4 39569 0.06819
1 0 4 39484 0.04871
1 0 4 39351 0.04514
1 0 4 39327 0.04527
1 0 4 39115 0.04816
1 0 4 39096 0.04712
1 0 4 38854 0.04538
1 0 4 38854 0.0451
1 0 4 38603 0.06738
1 0 4 38554 0.04672
1 0 4 38538 0.04559
1 0 4 38446 0.04492
1 0 4 38360 0.04463
1 0 4 38315 0.06712
1 0 4 38308 0.0467
1 0 4 38102 0.04636
1 0 4 38091 0.06532
1 0 4 38066 0.06624
1 0 4 38046 0.06626
1 0 4 38032 0.0457
1 0 4 37956 0.04608
1 0 4 37857 0.04441
1 0 4 37581 0.04804
1 0 4 37581 0.04436
1 0 4 37454 0.04304
1 0 4 37421 0.04641
1 0 4 37297 0.04685
1 0 4 37137 0.04619
1 0 4 37018 0.0452
1 0 4 36977 0.04299
1 0 4 36846 0.04468
1 0 4 36663 0.04292
1 0 4 36634 0.04481
1 0 4 36500 0.04369
1 0 4 36500 0.04392
1 0 4 36244 0.06454
1 0 4 36097 0.04426
1 0 4 36064 0.04294
1 0 4 35923 0.06431
1 0 4 35798 0.06432
1 0 4 35542 0.06416
1 0 4 35396 0.06469
1 0 4 35396 0.06466
1 0 4 35180 0.04265
1 0 4 35000 0.02067
1 0 4 35000 0.02067
1 0 4 35000 0.02065
1 0 4 35000 0.02044
1 0 4 35000 0.02081
1 0 4 35000 0.02078
1 0 4 35000 0.02088
1 0 4 35000 0.02073
1 0 4 35000 0.02069
1 0 4 35000 0.02067
1 0 4 35000 0.02061
1 0 4 35000 0.02082
1 0 4 35000 0.02063
1 0 4 35000 0.02052
1 0 4 35000 0.02046
1 0 4 35000 0.02067
1 0 4 35000 0.02067
1 0 4 34904 0.04297
1 0 4 34904 0.04317
1 0 4 34655 0.06111
1 0 4 33890 0.06029
1 0 4 33852 0.04059
1 0 4 33255 0.03955
1 0 4 33126 0.03899
1 0 4 31623 0.03643
1 0 4 27628 0.03162
1 0 4 27586 0.03185
1 0 4 27585 0.03046
1 0 4 27577 0.03153
1 0 4 27576 0.03179
1 0 4 27570 0.03061
1 0 4 27568 0.0303
1 0 4 27566 0.02979
1 0 4 27561 0.02993
1 0 4 27559 0.02932
1 0 4 27551 0.02985
1 0 4 27545 0.03005
1 0 4 27542 0.03004
1 0 4 27529 0.02926
1 0 4 27527 0.02979
1 0 4 27523 0.03112
1 0 4 27522 0.03116
1 0 4 27498 0.03165
1 0 4 27497 0.03114
1 0 4 27491 0.02858
1 0 4 27481 0.02859
1 0 4 27465 0.03006
1 0 4 27463 0.02886
1 0 4 27449 0.02877
1 0 4 27414 0.02938
1 0 4 27387 0.02896
1 0 4 27374 0.02825
1 0 4 27176 0.03237
1 0 4 27035 0.03126
1 0 4 27006 0.0289
1 0 4 26944 0.02917
1 0 4 26826 0.03002
1 0 4 26826 0.02958
1 0 4 26727 0.0489
1 0 4 26725 0.02969
1 0 4 26668 0.03026
1 0 4 26582 0.04772
1 0 4 26580 0.0276
1 0 4 26493 0.02739
1 0 4 26484 0.0297
1 0 4 26480 0.02723
1 0 4 26464 0.02764
1 0 4 26293 0.02802
1 0 4 26259 0.0301
1 0 4 26174 0.04771
1 0 4 26174 0.04797
1 0 4 26081 0.04826
1 0 4 26077 0.04765
1 0 4 26062 0.02897
1 0 4 26012 0.04754
1 0 4 26006 0.02722
1 0 4 25978 0.02815
1 0 4 25895 0.04721
1 0 4 25877 0.03016
1 0 4 25803 0.02926
1 0 4 25781 0.02938
1 0 4 25695 0.02929
1 0 4 25602 0.02818
1 0 4 25563 0.04758
1 0 4 25563 0.04776
1 0 4 25423 0.04712
1 0 4 25408 0.04682
1 0 4 25340 0.02903
1 0 4 25235 0.02915
1 0 4 25229 0.04633
1 0 4 25215 0.04948
1 0 4 25206 0.02805
1 0 4 25096 0.04643
1 0 4 25000 0.009934
1 0 4 25000 0.009825
1 0 4 25000 0.009925
1 0 4 25000 0.009864
1 0 4 25000 0.009863
1 0 4 25000 0.009908
1 0 4 25000 0.009797
1 0 4 25000 0.009825
1 0 4 25000 0.009899
1 0 4 25000 0.009946
1 0 4 25000 0.009931
1 0 4 25000 0.009761
1 0 4 25000 0.01006
1 0 4 25000 0.009744
1 0 4 25000 0.009938
1 0 4 25000 0.009867
1 0 4 25000 0.009939
1 0 4 24997 0.02983
1 0 4 24854 0.02735
1 0 4 24806 0.02929
1 0 4 24730 0.04608
1 0 4 24730 0.04605
1 0 4 24700 0.02934
1 0 4 24422 0.02876
1 0 4 24420 0.04576
1 0 4 24350 0.04445
1 0 4 24314 0.02778
1 0 4 24300 0.02861
1 0 4 24067 0.02737
1 0 4 24032 0.02769
1 0 4 23564 0.0438
1 0 4 23564 0.04373
1 0 4 15923 0.01858
1 0 4 15921 0.02072
1 0 4 15921 0.02002
1 0 4 15917 0.0192
1 0 4 15914 0.01845
1 0 4 15913 0.0192
1 0 4 15913 0.01787
1 0 4 15911 0.01875
1 0 4 15908 0.01928
1 0 4 15907 0.01934
1 0 4 15906 0.01867
1 0 4 15902 0.01904
1 0 4 15902 0.0191
1 0 4 15896 0.0194
1 0 4 15895 0.0186
1 0 4 15893 0.01771
1 0 4 15892 0.01846
1 0 4 15889 0.01874
1 0 4 15888 0.01825
1 0 4 15886 0.01799
1 0 4 15884 0.01931
1 0 4 15881 0.01789
1 0 4 15880 0.01891
1 0 4 15878 0.01819
1 0 4 15877 0.01815
1 0 4 15876 0.01818
1 0 4 15869 0.02998
1 0 4 15857 0.03109
1 0 4 15853 0.01953
1 0 4 15842 0.01807
1 0 4 15819 0.01935
1 0 4 15811 0.01894
1 0 4 15810 0.01844
1 0 4 15797 0.01927
1 0 4 15771 0.0174
1 0 4 15749 0.01949
1 0 4 15729 0.01851
1 0 4 15725 0.01934
1 0 4 15688 0.01942
1 0 4 15681 0.01786
1 0 4 15664 0.01869
1 0 4 15621 0.01798
1 0 4 15611 0.01909
1 0 4 15603 0.01946
1 0 4 15590 0.01894
1 0 4 15578 0.03065
1 0 4 15538 0.01902
1 0 4 15530 0.03085
1 0 4 15496 0.0189
1 0 4 15462 0.03008
1 0 4 15439 0.02967
1 0 4 15428 0.01908
1 0 4 15416 0.01894
1 0 4 15405 0.01874
1 0 4 15347 0.01759
1 0 4 15339 0.01923
1 0 4 15318 0.01871
1 0 4 15309 0.01878
1 0 4 15283 0.01875
1 0 4 15279 0.01725
1 0 4 15273 0.02949
1 0 4 15268 0.01878
1 0 4 15220 0.0177
1 0 4 15218 0.01819
1 0 4 15196 0.01956
1 0 4 15144 0.02914
1 0 4 15093 0.01841
1 0 4 15063 0.02862
1 0 4 15062 0.01838
1 0 4 15008 0.02897
1 0 4 15002 0.0179
1 0 4 15000 0.006538
1 0 4 15000 0.006559
1 0 4 15000 0.006527
1 0 4 15000 0.006536
1 0 4 15000 0.006594
1 0 4 15000 0.006484
1 0 4 15000 0.006588
1 0 4 15000 0.006524
1 0 4 15000 0.006583
1 0 4 15000 0.006492
1 0 4 15000 0.006663
1 0 4 15000 0.006537
1 0 4 15000 0.006613
1 0 4 15000 0.00655
1 0 4 15000 0.00654
1 0 4 15000 0.006531
1 0 4 14993 0.01795
1 0 4 14977 0.02863
1 0 4 14976 0.02857
1 0 4 14956 0.01878
1 0 4 14917 0.01849
1 0 4 14914 0.01843
1 0 4 14882 0.02871
1 0 4 14863 0.01814
1 0 4 14848 0.01862
1 0 4 14823 0.0181
1 0 4 14682 0.02814
1 0 4 14596 0.01801
1 0 4 14328 0.01707
1 0 4 10411 0.01389
1 0 4 10409 0.01297
1 0 4 10408 0.01352
1 0 4 10407 0.01382
1 0 4 10406 0.01419
1 0 4 10403 0.01352
1 0 4 10400 0.01363
1 0 4 10400 0.01291
1 0 4 10400 0.01332
1 0 4 10399 0.01311
1 0 4 10399 0.01305
1 0 4 10399 0.01276
1 0 4 10397 0.01356
1 0 4 10396 0.01352
1 0 4 10396 0.01348
1 0 4 10395 0.01321
1 0 4 10395 0.01323
1 0 4 10393 0.01348
1 0 4 10393 0.01284
1 0 4 10393 0.01284
1 0 4 10392 0.01295
1 0 4 10390 0.01369
1 0 4 10389 0.0132
1 0 4 10387 0.01347
1 0 4 10387 0.01295
1 0 4 10381 0.01335
1 0 4 10379 0.01321
1 0 4 10378 0.01327
1 0 4 10375 0.01321
1 0 4 10373 0.01316
1 0 4 10360 0.01372
1 0 4 10357 0.02146
1 0 4 10356 0.01312
1 0 4 10346 0.01346
1 0 4 10342 0.01345
1 0 4 10320 0.01375
1 0 4 10312 0.01404
1 0 4 10303 0.0214
1 0 4 10296 0.01401
1 0 4 10291 0.01382
1 0 4 10269 0.01337
1 0 4 10260 0.02106
1 0 4 10258 0.01363
1 0 4 10249 0.01278
1 0 4 10237 0.01384
1 0 4 10219 0.01376
1 0 4 10216 0.01293
1 0 4 10212 0.01211
1 0 4 10198 0.01264
1 0 4 10192 0.0201
1 0 4 10191 0.01353
1 0 4 10190 0.01353
1 0 4 10187 0.02006
1 0 4 10172 0.01304
1 0 4 10162 0.02036
1 0 4 10160 0.01241
1 0 4 10160 0.01235
1 0 4 10154 0.01298
1 0 4 10150 0.01288
1 0 4 10138 0.01981
1 0 4 10137 0.0198
1 0 4 10128 0.01306
1 0 4 10127 0.01996
1 0 4 10118 0.01324
1 0 4 10083 0.01324
1 0 4 10081 0.0128
1 0 4 10068 0.02011
1 0 4 10068 0.02009
1 0 4 10046 0.01985
1 0 4 10032 0.01946
1 0 4 10032 0.01957
1 0 4 10031 0.01291
1 0 4 10027 0.01978
1 0 4 10000 0.005221
1 0 4 10000 0.005073
1 0 4 10000 0.00511
1 0 4 10000 0.005077
1 0 4 10000 0.005045
1 0 4 10000 0.005019
1 0 4 10000 0.005086
1 0 4 10000 0.005035
1 0 4 10000 0.005047
1 0 4 10000 0.005055
1 0 4 10000 0.005145
1 0 4 10000 0.005032
1 0 4 10000 0.005084
1 0 4 10000 0.005081
1 0 4 10000 0.005131
1 0 4 10000 0.00506
1 0 4 10000 0.005055
1 0 4 9990 0.01965
1 0 4 9963 0.01247
1 0 4 9960 0.01276
1 0 4 9941 0.01275
1 0 4 9887 0.01253
1 0 4 9886 0.01972
1 0 4 9877 0.01976
1 0 4 9854 0.01251
1 0 4 9848 0.01938
1 0 4 9820 0.01956
1 0 5 163927 0.2035
1 0 5 163504 0.1963
1 0 5 163479 0.1933
1 0 5 163478 0.2031
1 0 5 163151 0.1953
1 0 5 162657 0.2062
1 0 5 162476 0.1993
1 0 5 162120 0.204
1 0 5 161924 0.196
1 0 5 161856 0.2045
1 0 5 161816 0.1983
1 0 5 160696 0.2014
1 0 5 160536 0.1969
1 0 5 160119 0.1951
1 0 5 159885 0.1928
1 0 5 159649 0.1921
1 0 5 159343 0.1908
1 0 5 159343 0.1911
1 0 5 159332 0.1992
1 0 5 156426 0.195
1 0 5 156038 0.1956
1 0 5 153770 0.1957
1 0 5 153126 0.1976
1 0 5 152758 0.1955
1 0 5 151974 0.1872
1 0 5 151741 0.1958
1 0 5 151217 0.1916
1 0 5 150923 0.1863
1 0 5 149210 0.1899
1 0 5 149210 0.1907
1 0 5 147644 0.1905
1 0 5 147616 0.1882
1 0 5 144889 0.1873
1 0 5 144243 0.1959
1 0 5 143288 0.1939
1 0 5 143051 0.1962
1 0 5 141282 0.1972
1 0 5 141259 0.1866
1 0 5 139936 0.188
1 0 5 138055 0.1926
1 0 5 137319 0.1834
1 0 5 136064 0.1829
1 0 5 135882 0.1919
1 0 5 133380 0.1817
1 0 5 132331 0.1812
1 0 5 132191 0.2629
1 0 5 131173 0.188
1 0 5 129823 0.178
1 0 5 129769 0.1845
1 0 5 129631 0.1757
1 0 5 129508 0.1851
1 0 5 129226 0.1864
1 0 5 129085 0.1821
1 0 5 129030 0.186
1 0 5 128869 0.1854
1 0 5 128843 0.2684
1 0 5 128654 0.1767
1 0 5 128627 0.1839
1 0 5 128101 0.2678
1 0 5 128101 0.2682
1 0 5 127375 0.1802
1 0 5 127375 0.1803
1 0 5 127159 0.1824
1 0 5 127052 0.1827
1 0 5 126821 0.1748
1 0 5 126781 0.1772
1 0 5 126645 0.177
1 0 5 125463 0.1853
1 0 5 125443 0.1811
1 0 5 125259 0.1806
1 0 5 125140 0.2672
1 0 5 124892 0.1802
1 0 5 124460 0.1736
1 0 5 124103 0.1814
1 0 5 123307 0.1828
1 0 5 123288 0.1828
1 0 5 122961 0.268
1 0 5 122740 0.1208
1 0 5 122048 0.1191
1 0 5 121853 0.1226
1 0 5 121703 0.1197
1 0 5 121527 0.1201
1 0 5 121159 0.1467
1 0 5 121006 0.1147
1 0 5 120165 0.12
1 0 5 120117 0.1202
1 0 5 119828 0.116
1 0 5 119607 0.1181
1 0 5 119303 0.1207
1 0 5 119101 0.1178
1 0 5 118710 0.1511
1 0 5 118497 0.1197
1 0 5 117634 0.1171
1 0 5 117430 0.1182
1 0 5 117210 0.1485
1 0 5 117079 0.1189
1 0 5 116273 0.1163
1 0 5 115746 0.12
1 0 5 115074 0.1123
1 0 5 113851 0.145
1 0 5 113850 0.116
1 0 5 113672 0.1142
1 0 5 113412 0.146
1 0 5 113229 0.1156
1 0 5 111656 0.1135
1 0 5 111264 0.1127
1 0 5 110783 0.1068
1 0 5 109765 0.1384
1 0 5 109659 0.1142
1 0 5 109316 0.1109
1 0 5 109316 0.1081
1 0 5 109243 0.1134
1 0 5 108987 0.1409
1 0 5 108987 0.1407
1 0 5 108935 0.1138
1 0 5 108809 0.1145
1 0 5 108609 0.1086
1 0 5 108577 0.112
1 0 5 108430 0.1096
1 0 5 108384 0.1093
1 0 5 107991 0.1083
1 0 5 107970 0.1091
1 0 5 107680 0.1051
1 0 5 107540 0.1104
1 0 5 107413 0.1411
1 0 5 107086 0.1101
1 0 5 107045 0.1095
1 0 5 106842 0.1098
1 0 5 106386 0.1063
1 0 5 106105 0.1393
1 0 5 105989 0.1134
1 0 5 105960 0.1077
1 0 5 105824 0.1091
1 0 5 105818 0.1054
1 0 5 105712 0.111
1 0 5 105443 0.1379
1 0 5 105310 0.1091
1 0 5 105203 0.1091
1 0 5 105076 0.1086
1 0 5 104825 0.1392
1 0 5 104452 0.109
1 0 5 104354 0.1103
1 0 5 104151 0.107
1 0 5 104143 0.1074
1 0 5 103948 0.1046
1 0 5 103692 0.1046
1 0 5 103692 0.1036
1 0 5 103504 0.1035
1 0 5 103498 0.1358
1 0 5 103350 0.1084
1 0 5 102918 0.1075
1 0 5 102918 0.1077
1 0 5 102883 0.1077
1 0 5 102653 0.1076
1 0 5 101734 0.1331
1 0 5 101697 0.106
1 0 5 101578 0.1047
1 0 5 101354 0.1328
1 0 5 101302 0.1027
1 0 5 101302 0.1038
1 0 5 101058 0.1331
1 0 5 101058 0.1333
1 0 5 100581 0.1023
1 0 5 100339 0.1071
1 0 5 100116 0.1048
1 0 5 100000 0.07154
1 0 5 100000 0.07206
1 0 5 100000 0.07169
1 0 5 100000 0.07281
1 0 5 100000 0.07203
1 0 5 100000 0.07214
1 0 5 100000 0.07239
1 0 5 100000 0.07206
1 0 5 100000 0.07188
1 0 5 100000 0.07194
1 0 5 100000 0.07231
1 0 5 100000 0.07251
1 0 5 100000 0.07293
1 0 5 100000 0.0719
1 0 5 100000 0.07239
1 0 5 100000 0.07201
1 0 5 100000 0.07123
1 0 5 99498 0.104
1 0 5 99427 0.1032
1 0 5 99211 0.1053
1 0 5 99043 0.104
1 0 5 99003 0.1327
1 0 5 98788 0.1042
1 0 5 98679 0.1024
1 0 5 98661 0.1046
1 0 5 98346 0.1036
1 0 5 98312 0.1302
1 0 5 97624 0.1291
1 0 5 97624 0.129
1 0 5 97007 0.1016
1 0 5 96654 0.1027
1 0 5 96475 0.1028
1 0 5 95868 0.1021
1 0 5 95308 0.1018
1 0 5 94815 0.09457
1 0 5 94009 0.09399
1 0 5 93188 0.09597
1 0 5 92871 0.09851
1 0 5 92796 0.09923
1 0 5 92384 0.09705
1 0 5 92285 0.09788
1 0 5 92184 0.1242
1 0 5 91479 0.09808
1 0 5 91048 0.09835
1 0 5 90843 0.09766
1 0 5 90619 0.09578
1 0 5 90303 0.0919
1 0 5 90158 0.0946
1 0 5 89871 0.09466
1 0 5 89601 0.09464
1 0 5 89304 0.1213
1 0 5 89127 0.0963
1 0 5 89048 0.1213
1 0 5 89047 0.1226
1 0 5 88650 0.0952
1 0 5 88584 0.09798
1 0 5 88326 0.1201
1 0 5 88050 0.09623
1 0 5 88031 0.1173
1 0 5 87469 0.1186
1 0 5 87469 0.1192
1 0 5 87065 0.09204
1 0 5 86867 0.09474
1 0 5 86525 0.119
1 0 5 86122 0.1258
1 0 5 85476 0.09105
1 0 5 85372 0.09308
1 0 5 85000 0.06254
1 0 5 85000 0.06283
1 0 5 85000 0.06187
1 0 5 85000 0.06211
1 0 5 85000 0.06267
1 0 5 85000 0.0625
1 0 5 85000 0.0625
1 0 5 85000 0.06257
1 0 5 85000 0.0622
1 0 5 85000 0.06218
1 0 5 85000 0.06289
1 0 5 85000 0.06211
1 0 5 85000 0.06223
1 0 5 85000 0.06239
1 0 5 85000 0.06239
1 0 5 85000 0.06282
1 0 5 84888 0.09365
1 0 5 84706 0.09207
1 0 5 84706 0.09186
1 0 5 84253 0.0919
1 0 5 84032 0.1158
1 0 5 83794 0.09183
1 0 5 83778 0.117
1 0 5 83161 0.1156
1 0 5 82934 0.1145
1 0 5 82887 0.0924
1 0 5 82365 0.08681
1 0 5 82365 0.08695
1 0 5 81778 0.1143
1 0 5 81415 0.08943
1 0 5 81187 0.09068
1 0 5 80667 0.08875
1 0 5 80318 0.0906
1 0 5 80308 0.1148
1 0 5 79290 0.08984
1 0 5 79283 0.1131
1 0 5 78643 0.08652
1 0 5 78605 0.08762
1 0 5 78573 0.1116
1 0 5 77946 0.08523
1 0 5 77769 0.08507
1 0 5 76933 0.08725
1 0 5 76899 0.08093
1 0 5 76382 0.1097
1 0 5 75000 0.05281
1 0 5 75000 0.05258
1 0 5 75000 0.05311
1 0 5 75000 0.05296
1 0 5 75000 0.05279
1 0 5 75000 0.05212
1 0 5 75000 0.0529
1 0 5 75000 0.0529
1 0 5 75000 0.05271
1 0 5 75000 0.05325
1 0 5 75000 0.0529
1 0 5 75000 0.05244
1 0 5 75000 0.0527
1 0 5 75000 0.05244
1 0 5 75000 0.05293
1 0 5 75000 0.05254
1 0 5 75000 0.05339
1 0 5 74883 0.1103
1 0 5 74532 0.08399
1 0 5 74499 0.1067
1 0 5 73228 0.1064
1 0 5 69198 0.1033
1 0 5 64872 0.07509
1 0 5 64871 0.0724
1 0 5 64828 0.1016
1 0 5 64679 0.0742
1 0 5 64524 0.07374
1 0 5 64510 0.07745
1 0 5 64395 0.07314
1 0 5 64388 0.07432
1 0 5 64365 0.07467
1 0 5 64364 0.07364
1 0 5 64321 0.07397
1 0 5 64284 0.07377
1 0 5 64237 0.07326
1 0 5 64229 0.07329
1 0 5 64121 0.07369
1 0 5 64062 0.07157
1 0 5 64012 0.07396
1 0 5 63933 0.07242
1 0 5 63901 0.073
1 0 5 63844 0.07226
1 0 5 63827 0.07229
1 0 5 63759 0.09961
1 0 5 63556 0.06998
1 0 5 63454 0.07132
1 0 5 63253 0.07351
1 0 5 63114 0.07177
1 0 5 63107 0.07183
1 0 5 62896 0.07262
1 0 5 62870 0.07304
1 0 5 62636 0.07423
1 0 5 61924 0.07101
1 0 5 61677 0.07231
1 0 5 61596 0.07165
1 0 5 61457 0.07088
1 0 5 61009 0.07103
1 0 5 60971 0.07151
1 0 5 60374 0.07106
1 0 5 60374 0.07072
1 0 5 59884 0.06956
1 0 5 59753 0.06832
1 0 5 59537 0.07117
1 0 5 59535 0.07022
1 0 5 59286 0.07256
1 0 5 59278 0.09408
1 0 5 59167 0.06871
1 0 5 58938 0.07217
1 0 5 58164 0.0946
1 0 5 58164 0.09421
1 0 5 57721 0.06905
1 0 5 57601 0.06978
1 0 5 57576 0.06885
1 0 5 57450 0.07051
1 0 5 57324 0.09575
1 0 5 56894 0.09342
1 0 5 56501 0.09269
1 0 5 56302 0.06721
1 0 5 56129 0.06673
1 0 5 55879 0.06571
1 0 5 55356 0.06542
1 0 5 55302 0.06698
1 0 5 55146 0.06561
1 0 5 54700 0.09184
1 0 5 54255 0.08993
1 0 5 53962 0.06606
1 0 5 53863 0.06796
1 0 5 53770 0.06507
1 0 5 53411 0.0894
1 0 5 53080 0.06598
1 0 5 53004 0.06526
1 0 5 52560 0.06389
1 0 5 52253 0.06621
1 0 5 52253 0.06588
1 0 5 51340 0.08693
1 0 5 51113 0.06273
1 0 5 50392 0.08677
1 0 5 50000 0.03126
1 0 5 50000 0.03102
1 0 5 50000 0.03116
1 0 5 50000 0.03104
1 0 5 50000 0.03117
1 0 5 50000 0.03108
1 0 5 50000 0.03111
1 0 5 50000 0.03101
1 0 5 50000 0.03135
1 0 5 50000 0.03145
1 0 5 50000 0.03121
1 0 5 50000 0.03131
1 0 5 50000 0.03112
1 0 5 50000 0.03113
1 0 5 50000 0.03109
1 0 5 50000 0.03107
1 0 5 50000 0.03137
1 0 5 49361 0.05816
1 0 5 49361 0.0582
1 0 5 49086 0.08394
1 0 5 48915 0.08179
1 0 5 48288 0.08203
1 0 5 47867 0.08223
1 0 5 47867 0.08228
1 0 5 47816 0.08158
1 0 5 43607 0.07631
1 0 5 43607 0.07639
1 0 5 42044 0.04985
1 0 5 42009 0.05072
1 0 5 41962 0.05234
1 0 5 41957 0.05061
1 0 5 41951 0.05102
1 0 5 41931 0.0494
1 0 5 41894 0.05089
1 0 5 41892 0.04969
1 0 5 41886 0.05052
1 0 5 41883 0.05166
1 0 5 41869 0.05197
1 0 5 41854 0.05204
1 0 5 41847 0.05012
1 0 5 41837 0.05185
1 0 5 41825 0.04978
1 0 5 41824 0.05211
1 0 5 41783 0.04986
1 0 5 41766 0.04995
1 0 5 41760 0.0517
1 0 5 41739 0.05112
1 0 5 41728 0.05413
1 0 5 41699 0.04898
1 0 5 41681 0.05146
1 0 5 41645 0.04924
1 0 5 41645 0.04897
1 0 5 41476 0.04922
1 0 5 41437 0.04893
1 0 5 41409 0.04914
1 0 5 41308 0.05064
1 0 5 41274 0.05192
1 0 5 41157 0.04774
1 0 5 41037 0.04757
1 0 5 40896 0.04763
1 0 5 40444 0.0488
1 0 5 40284 0.04708
1 0 5 40227 0.04859
1 0 5 40091 0.04766
1 0 5 39870 0.06849
1 0 5 39865 0.06855
1 0 5 39816 0.04906
1 0 5 39551 0.06821
1 0 5 39461 0.04695
1 0 5 39390 0.04814
1 0 5 39363 0.04833
1 0 5 39315 0.04752
1 0 5 39214 0.04586
1 0 5 39097 0.06885
1 0 5 39039 0.04511
1 0 5 38991 0.0473
1 0 5 38899 0.04892
1 0 5 38845 0.06846
1 0 5 38809 0.0471
1 0 5 38763 0.06639
1 0 5 38706 0.0478
1 0 5 38618 0.04741
1 0 5 38442 0.04681
1 0 5 38380 0.04692
1 0 5 38363 0.0463
1 0 5 38171 0.04655
1 0 5 38116 0.06561
1 0 5 38094 0.06548
1 0 5 37976 0.06494
1 0 5 37759 0.04519
1 0 5 37751 0.04553
1 0 5 37636 0.06553
1 0 5 37618 0.0654
1 0 5 37436 0.06653
1 0 5 37395 0.04803
1 0 5 36795 0.04344
1 0 5 36624 0.04535
1 0 5 36557 0.04545
1 0 5 36532 0.06465
1 0 5 36333 0.06408
1 0 5 35707 0.04379
1 0 5 35375 0.04391
1 0 5 35144 0.04201
1 0 5 35000 0.02079
1 0 5 35000 0.02065
1 0 5 35000 0.02062
1 0 5 35000 0.02065
1 0 5 35000 0.02074
1 0 5 35000 0.02069
1 0 5 35000 0.02059
1 0 5 35000 0.02062
1 0 5 35000 0.0207
1 0 5 35000 0.02072
1 0 5 35000 0.02057
1 0 5 35000 0.02065
1 0 5 35000 0.02072
1 0 5 35000 0.0209
1 0 5 35000 0.02067
1 0 5 35000 0.02048
1 0 5 35000 0.02068
1 0 5 34820 0.04401
1 0 5 34591 0.04146
1 0 5 34446 0.06038
1 0 5 33643 0.04
1 0 5 33222 0.05804
1 0 5 32862 0.03976
1 0 5 31996 0.03824
1 0 5 28557 0.03265
1 0 5 28509 0.03285
1 0 5 28493 0.03167
1 0 5 28479 0.03086
1 0 5 28471 0.03179
1 0 5 28454 0.03084
1 0 5 28451 0.03096
1 0 5 28449 0.03083
1 0 5 28436 0.03098
1 0 5 28413 0.03104
1 0 5 28405 0.03016
1 0 5 28405 0.02995
1 0 5 28403 0.03102
1 0 5 28398 0.03193
1 0 5 28391 0.03068
1 0 5 28388 0.03138
1 0 5 28367 0.03046
1 0 5 28351 0.03228
1 0 5 28310 0.03196
1 0 5 28302 0.02993
1 0 5 28285 0.03151
1 0 5 28252 0.02883
1 0 5 28240 0.03023
1 0 5 28233 0.03121
1 0 5 28085 0.03151
1 0 5 27946 0.03191
1 0 5 27924 0.03256
1 0 5 27849 0.02992
1 0 5 27832 0.03179
1 0 5 27719 0.03111
1 0 5 27645 0.03083
1 0 5 27629 0.03216
1 0 5 27611 0.04948
1 0 5 27493 0.03019
1 0 5 27455 0.02959
1 0 5 27402 0.03165
1 0 5 27337 0.02944
1 0 5 27327 0.02868
1 0 5 27151 0.03141
1 0 5 27110 0.03138
1 0 5 26980 0.02957
1 0 5 26980 0.02969
1 0 5 26955 0.02986
1 0 5 26930 0.02928
1 0 5 26841 0.05007
1 0 5 26840 0.03036
1 0 5 26731 0.03017
1 0 5 26731 0.0301
1 0 5 26626 0.03074
1 0 5 26599 0.03175
1 0 5 26503 0.03037
1 0 5 26464 0.03126
1 0 5 26464 0.03132
1 0 5 26393 0.03016
1 0 5 26201 0.04776
1 0 5 26201 0.04742
1 0 5 26027 0.02952
1 0 5 26017 0.0479
1 0 5 25967 0.03041
1 0 5 25948 0.04794
1 0 5 25834 0.04795
1 0 5 25636 0.04796
1 0 5 25551 0.0331
1 0 5 25538 0.03066
1 0 5 25471 0.04808
1 0 5 25329 0.04752
1 0 5 25329 0.0473
1 0 5 25172 0.04585
1 0 5 25172 0.04596
1 0 5 25000 0.01004
1 0 5 25000 0.00994
1 0 5 25000 0.009961
1 0 5 25000 0.009831
1 0 5 25000 0.009827
1 0 5 25000 0.009949
1 0 5 25000 0.009751
1 0 5 25000 0.009892
1 0 5 25000 0.009957
1 0 5 25000 0.009791
1 0 5 25000 0.00979
1 0 5 25000 0.01013
1 0 5 25000 0.009724
1 0 5 25000 0.009879
1 0 5 25000 0.009882
1 0 5 25000 0.009787
1 0 5 25000 0.009953
1 0 5 24941 0.02902
1 0 5 24883 0.0296
1 0 5 24880 0.03015
1 0 5 24867 0.02986
1 0 5 24816 0.04547
1 0 5 24644 0.04607
1 0 5 24469 0.0291
1 0 5 24417 0.02815
1 0 5 24383 0.02899
1 0 5 24380 0.02867
1 0 5 24251 0.04457
1 0 5 24251 0.04444
1 0 5 24216 0.04486
1 0 5 23727 0.02774
1 0 5 16242 0.01943
1 0 5 16234 0.01903
1 0 5 16230 0.01834
1 0 5 16229 0.01925
1 0 5 16228 0.01915
1 0 5 16228 0.01922
1 0 5 16222 0.01869
1 0 5 16221 0.01849
1 0 5 16218 0.01943
1 0 5 16218 0.01959
1 0 5 16210 0.01989
1 0 5 16209 0.01781
1 0 5 16206 0.02023
1 0 5 16206 0.01839
1 0 5 16203 0.01935
1 0 5 16197 0.0194
1 0 5 16197 0.0184
1 0 5 16195 0.0191
1 0 5 16195 0.019
1 0 5 16193 0.02001
1 0 5 16190 0.01883
1 0 5 16189 0.01831
1 0 5 16179 0.02048
1 0 5 16177 0.0187
1 0 5 16174 0.01818
1 0 5 16155 0.01851
1 0 5 16115 0.01903
1 0 5 16114 0.01827
1 0 5 16071 0.01837
1 0 5 16067 0.01801
1 0 5 16040 0.01842
1 0 5 16026 0.01809
1 0 5 15993 0.01986
1 0 5 15985 0.01918
1 0 5 15964 0.01972
1 0 5 15955 0.01893
1 0 5 15932 0.01794
1 0 5 15921 0.01888
1 0 5 15901 0.01816
1 0 5 15892 0.0193
1 0 5 15855 0.01921
1 0 5 15784 0.01932
1 0 5 15777 0.01888
1 0 5 15714 0.03085
1 0 5 15673 0.03024
1 0 5 15647 0.017
1 0 5 15633 0.01824
1 0 5 15618 0.02017
1 0 5 15595 0.01946
1 0 5 15589 0.01879
1 0 5 15573 0.01788
1 0 5 15572 0.01945
1 0 5 15520 0.01797
1 0 5 15485 0.01953
1 0 5 15458 0.0189
1 0 5 15436 0.0193
1 0 5 15357 0.01928
1 0 5 15331 0.02997
1 0 5 15309 0.02927
1 0 5 15300 0.02927
1 0 5 15279 0.01848
1 0 5 15264 0.02885
1 0 5 15244 0.02932
1 0 5 15240 0.01859
1 0 5 15219 0.01876
1 0 5 15196 0.0193
1 0 5 15181 0.01887
1 0 5 15177 0.01876
1 0 5 15161 0.01932
1 0 5 15145 0.02908
1 0 5 15131 0.02873
1 0 5 15128 0.02941
1 0 5 15122 0.02862
1 0 5 15104 0.0183
1 0 5 15084 0.01887
1 0 5 15020 0.02875
1 0 5 15000 0.006618
1 0 5 15000 0.006546
1 0 5 15000 0.00667
1 0 5 15000 0.0066
1 0 5 15000 0.006556
1 0 5 15000 0.006536
1 0 5 15000 0.006535
1 0 5 15000 0.006457
1 0 5 15000 0.006479
1 0 5 15000 0.006509
1 0 5 15000 0.006493
1 0 5 15000 0.006482
1 0 5 15000 0.006477
1 0 5 15000 0.006491
1 0 5 15000 0.006478
1 0 5 15000 0.006484
1 0 5 15000 0.006407
1 0 5 14921 0.01895
1 0 5 14841 0.01841
1 0 5 14824 0.01764
1 0 5 14638 0.02846
1 0 5 14632 0.01823
1 0 5 14626 0.02803
1 0 5 14270 0.01767
1 0 5 10549 0.01321
1 0 5 10544 0.01334
1 0 5 10540 0.01362
1 0 5 10539 0.01355
1 0 5 10537 0.01367
1 0 5 10536 0.01362
1 0 5 10535 0.01356
1 0 5 10534 0.01408
1 0 5 10534 0.01338
1 0 5 10533 0.01346
1 0 5 10532 0.01356
1 0 5 10531 0.01352
1 0 5 10530 0.01412
1 0 5 10530 0.0135
1 0 5 10529 0.01329
1 0 5 10528 0.01369
1 0 5 10527 0.0137
1 0 5 10526 0.01377
1 0 5 10522 0.01393
1 0 5 10521 0.01452
1 0 5 10517 0.01365
1 0 5 10512 0.01384
1 0 5 10512 0.0132
1 0 5 10509 0.01341
1 0 5 10507 0.01333
1 0 5 10498 0.01422
1 0 5 10493 0.0137
1 0 5 10482 0.01368
1 0 5 10473 0.01355
1 0 5 10470 0.01367
1 0 5 10468 0.01319
1 0 5 10452 0.01426
1 0 5 10421 0.01331
1 0 5 10409 0.01383
1 0 5 10396 0.01371
1 0 5 10391 0.01451
1 0 5 10381 0.01316
1 0 5 10377 0.02163
1 0 5 10357 0.02157
1 0 5 10356 0.01352
1 0 5 10349 0.01378
1 0 5 10348 0.02201
1 0 5 10346 0.01374
1 0 5 10344 0.01395
1 0 5 10332 0.01416
1 0 5 10325 0.01431
1 0 5 10324 0.0138
1 0 5 10308 0.01399
1 0 5 10305 0.01375
1 0 5 10296 0.01412
1 0 5 10288 0.01382
1 0 5 10283 0.01383
1 0 5 10262 0.02141
1 0 5 10256 0.01391
1 0 5 10242 0.01387
1 0 5 10227 0.02051
1 0 5 10217 0.0133
1 0 5 10208 0.01346
1 0 5 10205 0.01325
1 0 5 10200 0.01266
1 0 5 10200 0.01279
1 0 5 10182 0.01387
1 0 5 10178 0.01323
1 0 5 10167 0.01344
1 0 5 10147 0.02052
1 0 5 10125 0.01334
1 0 5 10123 0.01348
1 0 5 10083 0.01326
1 0 5 10075 0.01996
1 0 5 10051 0.01358
1 0 5 10050 0.01363
1 0 5 10039 0.02016
1 0 5 10017 0.01331
1 0 5 10015 0.01276
1 0 5 10000 0.005174
1 0 5 10000 0.005197
1 0 5 10000 0.005118
1 0 5 10000 0.005039
1 0 5 10000 0.005099
1 0 5 10000 0.005091
1 0 5 10000 0.005046
1 0 5 10000 0.005136
1 0 5 10000 0.005062
1 0 5 10000 0.005068
1 0 5 10000 0.005075
1 0 5 10000 0.005069
1 0 5 10000 0.005081
1 0 5 10000 0.005064
1 0 5 10000 0.005093
1 0 5 10000 0.005093
1 0 5 9996 0.02029
1 0 5 9972 0.01273
1 0 5 9972 0.01276
1 0 5 9955 0.02011
1 0 5 9943 0.01969
1 0 5 9931 0.01958
1 0 5 9928 0.01324
1 0 5 9821 0.0199
1 0 5 9809 0.02018
1 0 5 9782 0.01299
