16 5 1 100000 0.1699
16 5 1 100000 0.1526
16 5 1 100000 0.0762
16 5 1 100000 0.07615
16 5 1 100000 0.07612
16 5 1 100000 0.07664
16 5 1 85000 0.1175
16 5 1 85000 0.1183
16 5 1 85000 0.06629
16 5 1 85000 0.06519
16 5 1 85000 0.06604
16 5 1 85000 0.06613
16 5 1 85000 0.06549
16 5 1 75000 0.108
16 5 1 75000 0.1092
16 5 1 75000 0.05616
16 5 1 75000 0.056
16 5 1 75000 0.05578
16 5 1 75000 0.05573
16 5 1 50000 0.08371
16 5 1 50000 0.08515
16 5 1 50000 0.033
16 5 1 50000 0.03281
16 5 1 50000 0.03288
16 5 1 50000 0.03271
16 5 1 35000 0.06342
16 5 1 35000 0.06135
16 5 1 35000 0.06311
16 5 1 35000 0.02172
16 5 1 35000 0.0218
16 5 1 35000 0.02183
16 5 1 35000 0.02183
16 5 1 25000 0.04558
16 5 1 25000 0.04651
16 5 1 25000 0.01049
16 5 1 25000 0.0105
16 5 1 25000 0.0104
16 5 1 25000 0.01025
16 5 1 15000 0.02807
16 5 1 15000 0.006752
16 5 1 15000 0.006867
16 5 1 15000 0.006734
16 5 1 15000 0.006711
16 5 1 15000 0.00688
16 5 1 10000 0.0197
16 5 1 10000 0.005366
16 5 1 10000 0.005312
16 5 1 10000 0.005282
16 5 1 10000 0.005275
16 5 1 10000 0.005292
16 5 2 107503 0.137
16 5 2 105124 0.1381
16 5 2 100000 0.0758
16 5 2 100000 0.07729
16 5 2 100000 0.07726
16 5 2 100000 0.07618
16 5 2 94594 0.127
16 5 2 85000 0.06577
16 5 2 85000 0.06586
16 5 2 85000 0.06618
16 5 2 85000 0.06699
16 5 2 83738 0.1144
16 5 2 78363 0.1121
16 5 2 76428 0.1109
16 5 2 75898 0.1112
16 5 2 75000 0.05635
16 5 2 75000 0.05593
16 5 2 75000 0.05572
16 5 2 75000 0.05587
16 5 2 51584 0.08765
16 5 2 50000 0.03298
16 5 2 50000 0.0328
16 5 2 50000 0.03276
16 5 2 50000 0.033
16 5 2 50000 0.03282
16 5 2 36050 0.06406
16 5 2 35291 0.06377
16 5 2 35000 0.0218
16 5 2 35000 0.02158
16 5 2 35000 0.02184
16 5 2 35000 0.02186
16 5 2 33687 0.05912
16 5 2 25815 0.04696
16 5 2 25000 0.01026
16 5 2 25000 0.01036
16 5 2 25000 0.01044
16 5 2 25000 0.01034
16 5 2 24279 0.04432
16 5 2 15035 0.02862
16 5 2 15000 0.006853
16 5 2 15000 0.006842
16 5 2 15000 0.006834
16 5 2 15000 0.006714
16 5 2 10133 0.01999
16 5 2 10111 0.01967
16 5 2 10000 0.005353
16 5 2 10000 0.005315
16 5 2 10000 0.005314
16 5 2 10000 0.005303
16 5 2 9989 0.01957
16 5 3 108512 0.1419
16 5 3 108313 0.1406
16 5 3 100000 0.07564
16 5 3 100000 0.076
16 5 3 100000 0.0758
16 5 3 100000 0.07586
16 5 3 98435 0.1309
16 5 3 85749 0.1192
16 5 3 85000 0.06643
16 5 3 85000 0.06555
16 5 3 85000 0.06621
16 5 3 85000 0.06593
16 5 3 82483 0.1161
16 5 3 76105 0.1101
16 5 3 75000 0.05643
16 5 3 75000 0.05569
16 5 3 75000 0.05591
16 5 3 75000 0.05573
16 5 3 69624 0.1058
16 5 3 56232 0.0935
16 5 3 50000 0.03319
16 5 3 50000 0.03277
16 5 3 50000 0.03305
16 5 3 50000 0.03286
16 5 3 50000 0.03308
16 5 3 36688 0.06471
16 5 3 35000 0.02198
16 5 3 35000 0.02178
16 5 3 35000 0.02195
16 5 3 35000 0.0217
16 5 3 35000 0.02177
16 5 3 33300 0.06054
16 5 3 25209 0.04682
16 5 3 25000 0.01043
16 5 3 25000 0.01029
16 5 3 25000 0.01028
16 5 3 25000 0.01034
16 5 3 23944 0.04507
16 5 3 15302 0.02921
16 5 3 15000 0.00687
16 5 3 15000 0.006781
16 5 3 15000 0.006783
16 5 3 15000 0.006845
16 5 3 14880 0.02914
16 5 3 10044 0.02021
16 5 3 10000 0.005427
16 5 3 10000 0.005278
16 5 3 10000 0.005331
16 5 3 10000 0.005311
16 5 3 9923 0.0203
16 5 4 109598 0.1726
16 5 4 108738 0.1555
16 5 4 102481 0.1683
16 5 4 100000 0.1168
16 5 4 100000 0.116
16 5 4 100000 0.09759
16 5 4 100000 0.09258
16 5 4 91715 0.1386
16 5 4 85000 0.09632
16 5 4 85000 0.097
16 5 4 85000 0.09679
16 5 4 85000 0.09173
16 5 4 82198 0.1298
16 5 4 75876 0.122
16 5 4 75000 0.08235
16 5 4 75000 0.08213
16 5 4 75000 0.08214
16 5 4 75000 0.07282
16 5 4 73589 0.1179
16 5 4 53664 0.09903
16 5 4 51163 0.0993
16 5 4 50000 0.04565
16 5 4 50000 0.04526
16 5 4 50000 0.0348
16 5 4 50000 0.0383
16 5 4 36738 0.069
16 5 4 35119 0.07038
16 5 4 35000 0.02811
16 5 4 35000 0.02256
16 5 4 35000 0.02595
16 5 4 35000 0.02749
16 5 4 33408 0.06518
16 5 4 25705 0.05188
16 5 4 25000 0.01233
16 5 4 25000 0.01145
16 5 4 25000 0.01262
16 5 4 25000 0.01259
16 5 4 24257 0.04831
16 5 4 15316 0.03018
16 5 4 15000 0.008127
16 5 4 15000 0.008327
16 5 4 15000 0.007812
16 5 4 15000 0.006735
16 5 4 14762 0.02974
16 5 4 10157 0.02066
16 5 4 10000 0.005343
16 5 4 10000 0.005331
16 5 4 10000 0.005291
16 5 4 10000 0.005291
16 5 4 10000 0.005264
16 5 5 117231 0.1678
16 5 5 114148 0.1653
16 5 5 100020 0.1608
16 5 5 100000 0.1115
16 5 5 100000 0.1112
16 5 5 100000 0.1132
16 5 5 100000 0.1053
16 5 5 97663 0.1361
16 5 5 85000 0.07414
16 5 5 85000 0.09834
16 5 5 85000 0.07662
16 5 5 85000 0.06605
16 5 5 84069 0.1177
16 5 5 75263 0.1052
16 5 5 75000 0.05612
16 5 5 75000 0.0562
16 5 5 75000 0.05588
16 5 5 75000 0.05571
16 5 5 69039 0.1069
16 5 5 56816 0.09371
16 5 5 50000 0.03339
16 5 5 50000 0.03281
16 5 5 50000 0.03314
16 5 5 50000 0.03275
16 5 5 48132 0.08377
16 5 5 38309 0.06556
16 5 5 35085 0.06362
16 5 5 35000 0.02165
16 5 5 35000 0.02177
16 5 5 35000 0.02152
16 5 5 35000 0.0219
16 5 5 33484 0.05932
16 5 5 25507 0.04747
16 5 5 25000 0.01052
16 5 5 25000 0.01033
16 5 5 25000 0.01037
16 5 5 25000 0.01013
16 5 5 15662 0.03047
16 5 5 15401 0.03036
16 5 5 15000 0.006847
16 5 5 15000 0.006784
16 5 5 15000 0.006753
16 5 5 15000 0.006642
16 5 5 15000 0.006827
16 5 5 10280 0.02119
16 5 5 10113 0.02015
16 5 5 10000 0.005403
16 5 5 10000 0.005314
16 5 5 10000 0.005288
16 5 5 10000 0.005275
