2 0 1 100000 0.1455
2 0 1 100000 0.1298
2 0 1 100000 0.105
2 0 1 100000 0.1049
2 0 1 100000 0.1031
2 0 1 100000 0.1041
2 0 1 100000 0.105
2 0 1 100000 0.1049
2 0 1 100000 0.1047
2 0 1 100000 0.1031
2 0 1 100000 0.1053
2 0 1 100000 0.1046
2 0 1 100000 0.1051
2 0 1 100000 0.1044
2 0 1 100000 0.1023
2 0 1 100000 0.1022
2 0 1 100000 0.1318
2 0 1 100000 0.1309
2 0 1 100000 0.1332
2 0 1 100000 0.1324
2 0 1 100000 0.1322
2 0 1 100000 0.1316
2 0 1 100000 0.1323
2 0 1 100000 0.1329
2 0 1 100000 0.1322
2 0 1 100000 0.132
2 0 1 100000 0.1322
2 0 1 100000 0.1324
2 0 1 100000 0.1334
2 0 1 100000 0.1324
2 0 1 100000 0.1319
2 0 1 100000 0.1338
2 0 1 100000 0.1332
2 0 1 100000 0.07602
2 0 1 100000 0.07598
2 0 1 100000 0.07595
2 0 1 100000 0.07644
2 0 1 100000 0.07638
2 0 1 100000 0.07658
2 0 1 100000 0.07635
2 0 1 100000 0.07695
2 0 1 100000 0.0763
2 0 1 100000 0.07574
2 0 1 100000 0.07609
2 0 1 100000 0.07615
2 0 1 100000 0.07664
2 0 1 100000 0.07694
2 0 1 100000 0.0766
2 0 1 100000 0.07679
2 0 1 100000 0.07607
2 0 1 85000 0.0913
2 0 1 85000 0.09125
2 0 1 85000 0.08879
2 0 1 85000 0.09439
2 0 1 85000 0.09244
2 0 1 85000 0.09281
2 0 1 85000 0.09134
2 0 1 85000 0.09197
2 0 1 85000 0.09303
2 0 1 85000 0.09072
2 0 1 85000 0.09379
2 0 1 85000 0.0926
2 0 1 85000 0.09346
2 0 1 85000 0.09271
2 0 1 85000 0.09259
2 0 1 85000 0.09383
2 0 1 85000 0.1182
2 0 1 85000 0.1178
2 0 1 85000 0.1196
2 0 1 85000 0.1186
2 0 1 85000 0.1182
2 0 1 85000 0.1179
2 0 1 85000 0.119
2 0 1 85000 0.1175
2 0 1 85000 0.1182
2 0 1 85000 0.141
2 0 1 85000 0.1478
2 0 1 85000 0.1429
2 0 1 85000 0.1178
2 0 1 85000 0.1177
2 0 1 85000 0.1174
2 0 1 85000 0.1304
2 0 1 85000 0.1401
2 0 1 85000 0.09475
2 0 1 85000 0.06836
2 0 1 85000 0.06633
2 0 1 85000 0.0662
2 0 1 85000 0.0662
2 0 1 85000 0.06611
2 0 1 85000 0.06653
2 0 1 85000 0.06647
2 0 1 85000 0.06597
2 0 1 85000 0.0669
2 0 1 85000 0.06703
2 0 1 85000 0.06624
2 0 1 85000 0.06675
2 0 1 85000 0.06628
2 0 1 85000 0.06629
2 0 1 85000 0.06598
2 0 1 85000 0.06609
2 0 1 75000 0.08406
2 0 1 75000 0.08248
2 0 1 75000 0.08183
2 0 1 75000 0.08283
2 0 1 75000 0.08307
2 0 1 75000 0.0825
2 0 1 75000 0.08463
2 0 1 75000 0.08115
2 0 1 75000 0.08311
2 0 1 75000 0.08123
2 0 1 75000 0.08363
2 0 1 75000 0.08313
2 0 1 75000 0.08331
2 0 1 75000 0.08139
2 0 1 75000 0.08303
2 0 1 75000 0.08334
2 0 1 75000 0.1094
2 0 1 75000 0.1073
2 0 1 75000 0.1077
2 0 1 75000 0.1076
2 0 1 75000 0.1091
2 0 1 75000 0.1072
2 0 1 75000 0.1081
2 0 1 75000 0.1081
2 0 1 75000 0.1092
2 0 1 75000 0.1085
2 0 1 75000 0.1079
2 0 1 75000 0.1076
2 0 1 75000 0.1092
2 0 1 75000 0.1086
2 0 1 75000 0.1086
2 0 1 75000 0.1095
2 0 1 75000 0.1096
2 0 1 75000 0.05528
2 0 1 75000 0.05616
2 0 1 75000 0.05588
2 0 1 75000 0.05605
2 0 1 75000 0.05638
2 0 1 75000 0.05629
2 0 1 75000 0.05645
2 0 1 75000 0.05588
2 0 1 75000 0.05622
2 0 1 75000 0.0565
2 0 1 75000 0.05622
2 0 1 75000 0.05624
2 0 1 75000 0.0566
2 0 1 75000 0.05604
2 0 1 75000 0.05623
2 0 1 75000 0.05632
2 0 1 75000 0.05597
2 0 1 50000 0.06108
2 0 1 50000 0.05912
2 0 1 50000 0.06219
2 0 1 50000 0.05829
2 0 1 50000 0.05972
2 0 1 50000 0.0622
2 0 1 50000 0.06033
2 0 1 50000 0.05938
2 0 1 50000 0.06296
2 0 1 50000 0.05794
2 0 1 50000 0.06036
2 0 1 50000 0.06168
2 0 1 50000 0.05841
2 0 1 50000 0.05892
2 0 1 50000 0.06021
2 0 1 50000 0.06012
2 0 1 50000 0.08462
2 0 1 50000 0.08583
2 0 1 50000 0.08434
2 0 1 50000 0.08365
2 0 1 50000 0.08514
2 0 1 50000 0.08486
2 0 1 50000 0.08347
2 0 1 50000 0.0849
2 0 1 50000 0.08487
2 0 1 50000 0.08539
2 0 1 50000 0.08442
2 0 1 50000 0.08507
2 0 1 50000 0.08385
2 0 1 50000 0.0858
2 0 1 50000 0.08424
2 0 1 50000 0.08362
2 0 1 50000 0.08484
2 0 1 50000 0.03279
2 0 1 50000 0.03266
2 0 1 50000 0.03294
2 0 1 50000 0.03245
2 0 1 50000 0.0328
2 0 1 50000 0.03292
2 0 1 50000 0.03292
2 0 1 50000 0.03306
2 0 1 50000 0.03278
2 0 1 50000 0.03268
2 0 1 50000 0.03289
2 0 1 50000 0.03299
2 0 1 50000 0.03275
2 0 1 50000 0.03283
2 0 1 50000 0.03294
2 0 1 50000 0.03301
2 0 1 50000 0.03302
2 0 1 35000 0.04242
2 0 1 35000 0.04314
2 0 1 35000 0.04279
2 0 1 35000 0.04345
2 0 1 35000 0.04215
2 0 1 35000 0.04317
2 0 1 35000 0.04276
2 0 1 35000 0.04197
2 0 1 35000 0.04318
2 0 1 35000 0.04306
2 0 1 35000 0.04327
2 0 1 35000 0.04242
2 0 1 35000 0.04097
2 0 1 35000 0.04164
2 0 1 35000 0.04262
2 0 1 35000 0.04246
2 0 1 35000 0.06392
2 0 1 35000 0.06237
2 0 1 35000 0.06225
2 0 1 35000 0.06141
2 0 1 35000 0.06267
2 0 1 35000 0.06178
2 0 1 35000 0.06258
2 0 1 35000 0.06172
2 0 1 35000 0.06297
2 0 1 35000 0.06282
2 0 1 35000 0.06269
2 0 1 35000 0.0635
2 0 1 35000 0.06255
2 0 1 35000 0.06253
2 0 1 35000 0.06351
2 0 1 35000 0.06256
2 0 1 35000 0.06153
2 0 1 35000 0.02173
2 0 1 35000 0.02182
2 0 1 35000 0.02182
2 0 1 35000 0.02177
2 0 1 35000 0.02187
2 0 1 35000 0.0216
2 0 1 35000 0.02176
2 0 1 35000 0.02169
2 0 1 35000 0.02168
2 0 1 35000 0.02148
2 0 1 35000 0.02172
2 0 1 35000 0.02179
2 0 1 35000 0.022
2 0 1 35000 0.02173
2 0 1 35000 0.02176
2 0 1 35000 0.02168
2 0 1 35000 0.02191
2 0 1 25000 0.02555
2 0 1 25000 0.02891
2 0 1 25000 0.02789
2 0 1 25000 0.02822
2 0 1 25000 0.02768
2 0 1 25000 0.0281
2 0 1 25000 0.0284
2 0 1 25000 0.02701
2 0 1 25000 0.02871
2 0 1 25000 0.02778
2 0 1 25000 0.02819
2 0 1 25000 0.02773
2 0 1 25000 0.02771
2 0 1 25000 0.02822
2 0 1 25000 0.02809
2 0 1 25000 0.02858
2 0 1 25000 0.04647
2 0 1 25000 0.04553
2 0 1 25000 0.04575
2 0 1 25000 0.04533
2 0 1 25000 0.04607
2 0 1 25000 0.04548
2 0 1 25000 0.04556
2 0 1 25000 0.04575
2 0 1 25000 0.04474
2 0 1 25000 0.04472
2 0 1 25000 0.04553
2 0 1 25000 0.04558
2 0 1 25000 0.04573
2 0 1 25000 0.0466
2 0 1 25000 0.04644
2 0 1 25000 0.04559
2 0 1 25000 0.04559
2 0 1 25000 0.01008
2 0 1 25000 0.01001
2 0 1 25000 0.01008
2 0 1 25000 0.01007
2 0 1 25000 0.01024
2 0 1 25000 0.01004
2 0 1 25000 0.01009
2 0 1 25000 0.01022
2 0 1 25000 0.01017
2 0 1 25000 0.01014
2 0 1 25000 0.0101
2 0 1 25000 0.01013
2 0 1 25000 0.01011
2 0 1 25000 0.01015
2 0 1 25000 0.01017
2 0 1 25000 0.009943
2 0 1 25000 0.01
2 0 1 15000 0.01721
2 0 1 15000 0.01733
2 0 1 15000 0.01783
2 0 1 15000 0.01743
2 0 1 15000 0.01787
2 0 1 15000 0.01666
2 0 1 15000 0.01795
2 0 1 15000 0.01683
2 0 1 15000 0.01769
2 0 1 15000 0.01782
2 0 1 15000 0.01779
2 0 1 15000 0.0172
2 0 1 15000 0.01776
2 0 1 15000 0.01751
2 0 1 15000 0.01804
2 0 1 15000 0.01768
2 0 1 15000 0.02799
2 0 1 15000 0.02764
2 0 1 15000 0.02842
2 0 1 15000 0.02792
2 0 1 15000 0.02824
2 0 1 15000 0.02824
2 0 1 15000 0.02802
2 0 1 15000 0.02801
2 0 1 15000 0.02803
2 0 1 15000 0.02823
2 0 1 15000 0.02826
2 0 1 15000 0.02825
2 0 1 15000 0.0282
2 0 1 15000 0.02825
2 0 1 15000 0.02813
2 0 1 15000 0.02832
2 0 1 15000 0.02814
2 0 1 15000 0.006798
2 0 1 15000 0.00673
2 0 1 15000 0.00669
2 0 1 15000 0.006623
2 0 1 15000 0.006577
2 0 1 15000 0.006735
2 0 1 15000 0.006588
2 0 1 15000 0.006688
2 0 1 15000 0.006666
2 0 1 15000 0.006682
2 0 1 15000 0.00665
2 0 1 15000 0.006608
2 0 1 15000 0.006719
2 0 1 15000 0.006679
2 0 1 15000 0.006677
2 0 1 15000 0.006665
2 0 1 15000 0.006596
2 0 1 10000 0.01297
2 0 1 10000 0.012
2 0 1 10000 0.01256
2 0 1 10000 0.01324
2 0 1 10000 0.01286
2 0 1 10000 0.01253
2 0 1 10000 0.01302
2 0 1 10000 0.01245
2 0 1 10000 0.01264
2 0 1 10000 0.01301
2 0 1 10000 0.01222
2 0 1 10000 0.01242
2 0 1 10000 0.01262
2 0 1 10000 0.01275
2 0 1 10000 0.01243
2 0 1 10000 0.01269
2 0 1 10000 0.01961
2 0 1 10000 0.01915
2 0 1 10000 0.01946
2 0 1 10000 0.01952
2 0 1 10000 0.01909
2 0 1 10000 0.01973
2 0 1 10000 0.01946
2 0 1 10000 0.01962
2 0 1 10000 0.01946
2 0 1 10000 0.01964
2 0 1 10000 0.01907
2 0 1 10000 0.01948
2 0 1 10000 0.01948
2 0 1 10000 0.01911
2 0 1 10000 0.01942
2 0 1 10000 0.01923
2 0 1 10000 0.01923
2 0 1 10000 0.005212
2 0 1 10000 0.005213
2 0 1 10000 0.005183
2 0 1 10000 0.005208
2 0 1 10000 0.005175
2 0 1 10000 0.005224
2 0 1 10000 0.005153
2 0 1 10000 0.005167
2 0 1 10000 0.005248
2 0 1 10000 0.005228
2 0 1 10000 0.005157
2 0 1 10000 0.005202
2 0 1 10000 0.005192
2 0 1 10000 0.005186
2 0 1 10000 0.005183
2 0 1 10000 0.005206
2 0 1 10000 0.005176
2 0 2 113482 0.1151
2 0 2 113482 0.1149
2 0 2 113340 0.1143
2 0 2 113106 0.1147
2 0 2 113102 0.1152
2 0 2 113046 0.114
2 0 2 112992 0.1147
2 0 2 112915 0.1165
2 0 2 112896 0.1161
2 0 2 112868 0.1146
2 0 2 112806 0.1168
2 0 2 112562 0.1144
2 0 2 112345 0.1431
2 0 2 112345 0.1426
2 0 2 112018 0.1438
2 0 2 111731 0.1152
2 0 2 111701 0.1125
2 0 2 109862 0.1121
2 0 2 107524 0.112
2 0 2 107183 0.1366
2 0 2 106802 0.1401
2 0 2 105191 0.1374
2 0 2 105124 0.1381
2 0 2 102981 0.1355
2 0 2 102315 0.1336
2 0 2 102028 0.134
2 0 2 100000 0.07632
2 0 2 100000 0.07665
2 0 2 100000 0.07686
2 0 2 100000 0.07666
2 0 2 100000 0.0766
2 0 2 100000 0.07704
2 0 2 100000 0.07658
2 0 2 100000 0.07629
2 0 2 100000 0.07706
2 0 2 100000 0.07555
2 0 2 100000 0.0828
2 0 2 100000 0.08491
2 0 2 100000 0.07643
2 0 2 100000 0.07594
2 0 2 100000 0.07676
2 0 2 100000 0.07608
2 0 2 100000 0.07662
2 0 2 99868 0.131
2 0 2 97726 0.1296
2 0 2 97726 0.1297
2 0 2 94760 0.1275
2 0 2 94760 0.1276
2 0 2 94667 0.1023
2 0 2 94575 0.09929
2 0 2 94548 0.1006
2 0 2 94546 0.09817
2 0 2 94475 0.09992
2 0 2 94462 0.1011
2 0 2 94413 0.1278
2 0 2 94408 0.1
2 0 2 94351 0.09936
2 0 2 94300 0.1002
2 0 2 94233 0.101
2 0 2 94161 0.1017
2 0 2 94120 0.09764
2 0 2 94036 0.1005
2 0 2 93849 0.09913
2 0 2 93590 0.09876
2 0 2 92765 0.1247
2 0 2 92533 0.1232
2 0 2 92351 0.12
2 0 2 91672 0.09805
2 0 2 91186 0.1243
2 0 2 89378 0.1224
2 0 2 89306 0.1238
2 0 2 88801 0.1217
2 0 2 87711 0.08905
2 0 2 87420 0.1188
2 0 2 85485 0.1194
2 0 2 85485 0.1198
2 0 2 85180 0.1192
2 0 2 85000 0.06648
2 0 2 85000 0.06629
2 0 2 85000 0.06531
2 0 2 85000 0.06623
2 0 2 85000 0.06668
2 0 2 85000 0.06614
2 0 2 85000 0.06598
2 0 2 85000 0.06599
2 0 2 85000 0.06594
2 0 2 85000 0.06625
2 0 2 85000 0.06637
2 0 2 85000 0.06718
2 0 2 85000 0.06601
2 0 2 85000 0.06604
2 0 2 85000 0.06587
2 0 2 85000 0.0658
2 0 2 85000 0.06674
2 0 2 83979 0.1163
2 0 2 82631 0.09238
2 0 2 82575 0.1151
2 0 2 82551 0.1164
2 0 2 82474 0.08914
2 0 2 82464 0.09056
2 0 2 82458 0.08915
2 0 2 82446 0.09033
2 0 2 82423 0.08954
2 0 2 82419 0.08955
2 0 2 82417 0.09218
2 0 2 82362 0.0915
2 0 2 82305 0.1153
2 0 2 82288 0.09194
2 0 2 82239 0.0831
2 0 2 82222 0.09233
2 0 2 82186 0.09087
2 0 2 82095 0.08814
2 0 2 82053 0.08889
2 0 2 81972 0.1165
2 0 2 81751 0.09026
2 0 2 80867 0.1141
2 0 2 80631 0.1157
2 0 2 80571 0.1133
2 0 2 79970 0.1138
2 0 2 79532 0.1159
2 0 2 78360 0.1111
2 0 2 78360 0.1112
2 0 2 77897 0.1115
2 0 2 77761 0.1122
2 0 2 77039 0.1095
2 0 2 76089 0.1104
2 0 2 76013 0.1124
2 0 2 75015 0.1097
2 0 2 75000 0.05621
2 0 2 75000 0.05617
2 0 2 75000 0.0563
2 0 2 75000 0.07986
2 0 2 75000 0.07919
2 0 2 75000 0.08
2 0 2 75000 0.07948
2 0 2 75000 0.08023
2 0 2 75000 0.08022
2 0 2 75000 0.0632
2 0 2 75000 0.05623
2 0 2 75000 0.05598
2 0 2 75000 0.05577
2 0 2 75000 0.05647
2 0 2 75000 0.05611
2 0 2 75000 0.05552
2 0 2 75000 0.05652
2 0 2 74986 0.1098
2 0 2 74550 0.1076
2 0 2 72533 0.1077
2 0 2 68943 0.1036
2 0 2 67478 0.1023
2 0 2 53378 0.06334
2 0 2 53378 0.0884
2 0 2 53371 0.06372
2 0 2 53360 0.06496
2 0 2 53346 0.06571
2 0 2 53332 0.0648
2 0 2 53316 0.06395
2 0 2 53312 0.06284
2 0 2 53293 0.0631
2 0 2 53292 0.06313
2 0 2 53264 0.06326
2 0 2 53238 0.08886
2 0 2 53231 0.06435
2 0 2 53210 0.06379
2 0 2 53192 0.06244
2 0 2 53151 0.06194
2 0 2 53110 0.06395
2 0 2 52970 0.08918
2 0 2 52569 0.08875
2 0 2 52027 0.06241
2 0 2 52020 0.08773
2 0 2 51371 0.06135
2 0 2 51311 0.08558
2 0 2 51081 0.0855
2 0 2 50999 0.08551
2 0 2 50686 0.0846
2 0 2 50427 0.08623
2 0 2 50090 0.08457
2 0 2 50000 0.03314
2 0 2 50000 0.03288
2 0 2 50000 0.03294
2 0 2 50000 0.03316
2 0 2 50000 0.03307
2 0 2 50000 0.03307
2 0 2 50000 0.03297
2 0 2 50000 0.03322
2 0 2 50000 0.03305
2 0 2 50000 0.03316
2 0 2 50000 0.03271
2 0 2 50000 0.03297
2 0 2 50000 0.03297
2 0 2 50000 0.03303
2 0 2 50000 0.03302
2 0 2 50000 0.0327
2 0 2 49995 0.08566
2 0 2 49806 0.08379
2 0 2 49750 0.08329
2 0 2 47859 0.08172
2 0 2 47480 0.08017
2 0 2 46785 0.08012
2 0 2 36662 0.04423
2 0 2 36662 0.06351
2 0 2 36662 0.06393
2 0 2 36662 0.06366
2 0 2 36647 0.04309
2 0 2 36646 0.04416
2 0 2 36620 0.0439
2 0 2 36617 0.04322
2 0 2 36615 0.04414
2 0 2 36603 0.04369
2 0 2 36602 0.045
2 0 2 36599 0.04317
2 0 2 36584 0.04311
2 0 2 36580 0.04383
2 0 2 36572 0.04579
2 0 2 36568 0.04359
2 0 2 36563 0.04377
2 0 2 36525 0.0435
2 0 2 36447 0.04459
2 0 2 36209 0.06387
2 0 2 36058 0.06491
2 0 2 36058 0.06487
2 0 2 35875 0.0635
2 0 2 35380 0.06306
2 0 2 35262 0.06286
2 0 2 35138 0.043
2 0 2 35087 0.06236
2 0 2 35087 0.06214
2 0 2 35000 0.02182
2 0 2 35000 0.02173
2 0 2 35000 0.02182
2 0 2 35000 0.02169
2 0 2 35000 0.02182
2 0 2 35000 0.0219
2 0 2 35000 0.02193
2 0 2 35000 0.02192
2 0 2 35000 0.02188
2 0 2 35000 0.02224
2 0 2 35000 0.02171
2 0 2 35000 0.02168
2 0 2 35000 0.0218
2 0 2 35000 0.02165
2 0 2 35000 0.02173
2 0 2 35000 0.02188
2 0 2 34918 0.06159
2 0 2 34650 0.06139
2 0 2 34541 0.06157
2 0 2 34387 0.06088
2 0 2 33687 0.05903
2 0 2 33687 0.05905
2 0 2 25848 0.04605
2 0 2 25845 0.0289
2 0 2 25842 0.02942
2 0 2 25840 0.02889
2 0 2 25836 0.03027
2 0 2 25836 0.03024
2 0 2 25829 0.0288
2 0 2 25828 0.02745
2 0 2 25825 0.02976
2 0 2 25824 0.04712
2 0 2 25820 0.02988
2 0 2 25820 0.04728
2 0 2 25816 0.02859
2 0 2 25815 0.0278
2 0 2 25808 0.02912
2 0 2 25805 0.02977
2 0 2 25791 0.02702
2 0 2 25789 0.02938
2 0 2 25771 0.02807
2 0 2 25724 0.02851
2 0 2 25707 0.04622
2 0 2 25691 0.04662
2 0 2 25474 0.04688
2 0 2 25456 0.04631
2 0 2 25222 0.04624
2 0 2 25192 0.04595
2 0 2 25000 0.01025
2 0 2 25000 0.0102
2 0 2 25000 0.01011
2 0 2 25000 0.01011
2 0 2 25000 0.01008
2 0 2 25000 0.01008
2 0 2 25000 0.01004
2 0 2 25000 0.009975
2 0 2 25000 0.009953
2 0 2 25000 0.01005
2 0 2 25000 0.00996
2 0 2 25000 0.0103
2 0 2 25000 0.01016
2 0 2 25000 0.01006
2 0 2 25000 0.009981
2 0 2 25000 0.01004
2 0 2 24967 0.04649
2 0 2 24953 0.04616
2 0 2 24778 0.04587
2 0 2 24700 0.0465
2 0 2 24421 0.04435
2 0 2 24384 0.04488
2 0 2 24190 0.0442
2 0 2 24190 0.04429
2 0 2 15304 0.01871
2 0 2 15303 0.01802
2 0 2 15302 0.01835
2 0 2 15300 0.01815
2 0 2 15300 0.01817
2 0 2 15299 0.01807
2 0 2 15299 0.01808
2 0 2 15298 0.01808
2 0 2 15298 0.01773
2 0 2 15298 0.01886
2 0 2 15297 0.01849
2 0 2 15292 0.02907
2 0 2 15291 0.01903
2 0 2 15289 0.01753
2 0 2 15288 0.02864
2 0 2 15285 0.02922
2 0 2 15283 0.0176
2 0 2 15270 0.02901
2 0 2 15267 0.02877
2 0 2 15264 0.01801
2 0 2 15232 0.02907
2 0 2 15115 0.02888
2 0 2 15105 0.02872
2 0 2 15062 0.02827
2 0 2 15044 0.02868
2 0 2 15033 0.02813
2 0 2 15021 0.02867
2 0 2 15016 0.0284
2 0 2 15000 0.006732
2 0 2 15000 0.006615
2 0 2 15000 0.006624
2 0 2 15000 0.006638
2 0 2 15000 0.006642
2 0 2 15000 0.00667
2 0 2 15000 0.006667
2 0 2 15000 0.006646
2 0 2 15000 0.006612
2 0 2 15000 0.006786
2 0 2 15000 0.006691
2 0 2 15000 0.006568
2 0 2 15000 0.006763
2 0 2 15000 0.00671
2 0 2 15000 0.006581
2 0 2 15000 0.006755
2 0 2 14980 0.02826
2 0 2 14980 0.02837
2 0 2 14907 0.0281
2 0 2 14907 0.02822
2 0 2 14731 0.02838
2 0 2 14681 0.028
2 0 2 10134 0.01317
2 0 2 10134 0.01292
2 0 2 10134 0.01326
2 0 2 10133 0.01312
2 0 2 10133 0.01255
2 0 2 10133 0.01313
2 0 2 10132 0.01254
2 0 2 10132 0.01309
2 0 2 10132 0.01258
2 0 2 10132 0.01949
2 0 2 10131 0.01241
2 0 2 10130 0.01248
2 0 2 10130 0.01995
2 0 2 10128 0.0122
2 0 2 10128 0.01218
2 0 2 10127 0.01278
2 0 2 10126 0.01284
2 0 2 10126 0.01281
2 0 2 10104 0.01965
2 0 2 10103 0.01991
2 0 2 10099 0.01975
2 0 2 10075 0.02011
2 0 2 10068 0.01975
2 0 2 10044 0.01249
2 0 2 10024 0.01915
2 0 2 10014 0.01948
2 0 2 10011 0.0194
2 0 2 10000 0.01993
2 0 2 10000 0.005275
2 0 2 10000 0.005171
2 0 2 10000 0.005155
2 0 2 10000 0.005127
2 0 2 10000 0.005206
2 0 2 10000 0.005174
2 0 2 10000 0.005149
2 0 2 10000 0.005194
2 0 2 10000 0.005212
2 0 2 10000 0.005191
2 0 2 10000 0.005208
2 0 2 10000 0.005211
2 0 2 10000 0.005146
2 0 2 10000 0.005156
2 0 2 10000 0.005188
2 0 2 10000 0.005124
2 0 2 9997 0.01947
2 0 2 9997 0.01957
2 0 2 9928 0.0197
2 0 2 9928 0.01964
2 0 2 9913 0.01924
2 0 2 9868 0.01938
2 0 3 127917 0.1889
2 0 3 127917 0.1881
2 0 3 127686 0.1819
2 0 3 127596 0.1915
2 0 3 127553 0.1829
2 0 3 127175 0.1828
2 0 3 127046 0.1905
2 0 3 126807 0.1888
2 0 3 126545 0.1832
2 0 3 126346 0.1794
2 0 3 126212 0.18
2 0 3 125023 0.1714
2 0 3 124760 0.1852
2 0 3 123860 0.1851
2 0 3 121818 0.1237
2 0 3 121818 0.1225
2 0 3 118954 0.1498
2 0 3 118811 0.1208
2 0 3 114203 0.1459
2 0 3 114203 0.1458
2 0 3 113349 0.1453
2 0 3 108675 0.1395
2 0 3 107829 0.1482
2 0 3 105947 0.1364
2 0 3 105215 0.1045
2 0 3 105215 0.1039
2 0 3 105026 0.1093
2 0 3 104997 0.1104
2 0 3 104948 0.1105
2 0 3 104809 0.1103
2 0 3 104754 0.1093
2 0 3 104707 0.1103
2 0 3 104576 0.1099
2 0 3 104516 0.11
2 0 3 104449 0.1085
2 0 3 104340 0.1085
2 0 3 104286 0.1086
2 0 3 104270 0.1065
2 0 3 103836 0.1083
2 0 3 103831 0.112
2 0 3 102815 0.1288
2 0 3 102815 0.1283
2 0 3 102040 0.1071
2 0 3 101218 0.1328
2 0 3 101144 0.134
2 0 3 100000 0.07704
2 0 3 100000 0.07636
2 0 3 100000 0.07668
2 0 3 100000 0.077
2 0 3 100000 0.07619
2 0 3 100000 0.07652
2 0 3 100000 0.07634
2 0 3 100000 0.07607
2 0 3 100000 0.07664
2 0 3 100000 0.07841
2 0 3 100000 0.07625
2 0 3 100000 0.0767
2 0 3 100000 0.07663
2 0 3 100000 0.07672
2 0 3 100000 0.07566
2 0 3 100000 0.07647
2 0 3 100000 0.07608
2 0 3 98735 0.1286
2 0 3 98583 0.1306
2 0 3 98189 0.1307
2 0 3 97398 0.1298
2 0 3 93477 0.1251
2 0 3 93477 0.1254
2 0 3 93384 0.1263
2 0 3 90768 0.09577
2 0 3 90711 0.09691
2 0 3 90693 0.09614
2 0 3 90632 0.09913
2 0 3 90631 0.09526
2 0 3 90515 0.09663
2 0 3 90450 0.09776
2 0 3 90408 0.1215
2 0 3 90395 0.09717
2 0 3 90353 0.09573
2 0 3 90351 0.09462
2 0 3 90334 0.09722
2 0 3 90296 0.09574
2 0 3 90210 0.09667
2 0 3 90209 0.0955
2 0 3 90083 0.1223
2 0 3 90016 0.122
2 0 3 89814 0.09585
2 0 3 89651 0.1213
2 0 3 88683 0.1207
2 0 3 88281 0.1198
2 0 3 87682 0.12
2 0 3 87148 0.1193
2 0 3 87081 0.0958
2 0 3 86727 0.1185
2 0 3 85932 0.1173
2 0 3 85435 0.1172
2 0 3 85285 0.1162
2 0 3 85284 0.1189
2 0 3 85000 0.06641
2 0 3 85000 0.06681
2 0 3 85000 0.06639
2 0 3 85000 0.06665
2 0 3 85000 0.06655
2 0 3 85000 0.06649
2 0 3 85000 0.06639
2 0 3 85000 0.06709
2 0 3 85000 0.06637
2 0 3 85000 0.06651
2 0 3 85000 0.06665
2 0 3 85000 0.06674
2 0 3 85000 0.06612
2 0 3 85000 0.06627
2 0 3 85000 0.06563
2 0 3 85000 0.06625
2 0 3 84756 0.1181
2 0 3 84597 0.1163
2 0 3 83837 0.1182
2 0 3 82434 0.1167
2 0 3 82185 0.1152
2 0 3 81969 0.1147
2 0 3 81405 0.1147
2 0 3 81263 0.1143
2 0 3 79877 0.1137
2 0 3 78934 0.113
2 0 3 78780 0.1126
2 0 3 78581 0.1107
2 0 3 77868 0.1124
2 0 3 77593 0.1122
2 0 3 76851 0.1118
2 0 3 76851 0.112
2 0 3 75000 0.05624
2 0 3 75000 0.05628
2 0 3 75000 0.05573
2 0 3 75000 0.05605
2 0 3 75000 0.05641
2 0 3 75000 0.05607
2 0 3 75000 0.05617
2 0 3 75000 0.05596
2 0 3 75000 0.05596
2 0 3 75000 0.05582
2 0 3 75000 0.05617
2 0 3 75000 0.05601
2 0 3 75000 0.05565
2 0 3 75000 0.0553
2 0 3 75000 0.05568
2 0 3 75000 0.05612
2 0 3 72291 0.1079
2 0 3 72291 0.108
2 0 3 71145 0.1045
2 0 3 70101 0.128
2 0 3 56868 0.08826
2 0 3 56864 0.0871
2 0 3 56849 0.08744
2 0 3 56837 0.08797
2 0 3 56784 0.08701
2 0 3 56783 0.08677
2 0 3 56762 0.08513
2 0 3 56722 0.0657
2 0 3 56710 0.06507
2 0 3 56693 0.06553
2 0 3 56663 0.06641
2 0 3 56634 0.06655
2 0 3 56568 0.06546
2 0 3 56535 0.0662
2 0 3 56363 0.066
2 0 3 56248 0.06589
2 0 3 55521 0.06476
2 0 3 54910 0.08913
2 0 3 54708 0.06541
2 0 3 54412 0.08937
2 0 3 54079 0.08507
2 0 3 53428 0.08671
2 0 3 53133 0.08643
2 0 3 52738 0.09341
2 0 3 52339 0.09976
2 0 3 51733 0.09747
2 0 3 51670 0.09777
2 0 3 50807 0.09547
2 0 3 50499 0.09412
2 0 3 50180 0.09414
2 0 3 50000 0.04447
2 0 3 50000 0.04416
2 0 3 50000 0.0442
2 0 3 50000 0.04414
2 0 3 50000 0.04429
2 0 3 50000 0.0446
2 0 3 50000 0.04411
2 0 3 50000 0.04442
2 0 3 50000 0.04439
2 0 3 50000 0.04448
2 0 3 50000 0.04425
2 0 3 50000 0.04496
2 0 3 50000 0.04552
2 0 3 50000 0.04413
2 0 3 50000 0.04414
2 0 3 50000 0.044
2 0 3 50000 0.04349
2 0 3 49071 0.09084
2 0 3 48524 0.09033
2 0 3 44421 0.08381
2 0 3 38395 0.07276
2 0 3 38330 0.05355
2 0 3 38314 0.05313
2 0 3 38310 0.05198
2 0 3 38299 0.05242
2 0 3 38291 0.05222
2 0 3 38278 0.0514
2 0 3 38271 0.04964
2 0 3 38246 0.05246
2 0 3 38225 0.05074
2 0 3 38214 0.05269
2 0 3 38201 0.05237
2 0 3 38160 0.05185
2 0 3 38122 0.05081
2 0 3 37314 0.07136
2 0 3 37287 0.05134
2 0 3 37128 0.05147
2 0 3 36686 0.05099
2 0 3 36666 0.0505
2 0 3 36614 0.07068
2 0 3 36587 0.06868
2 0 3 36577 0.06971
2 0 3 36187 0.06952
2 0 3 36136 0.06943
2 0 3 36123 0.06955
2 0 3 35519 0.06835
2 0 3 35261 0.06869
2 0 3 35248 0.06859
2 0 3 35134 0.06848
2 0 3 35000 0.02914
2 0 3 35000 0.02893
2 0 3 35000 0.02902
2 0 3 35000 0.02915
2 0 3 35000 0.02899
2 0 3 35000 0.0291
2 0 3 35000 0.02887
2 0 3 35000 0.0287
2 0 3 35000 0.02893
2 0 3 35000 0.02866
2 0 3 35000 0.02894
2 0 3 35000 0.02904
2 0 3 35000 0.02845
2 0 3 35000 0.02879
2 0 3 35000 0.02893
2 0 3 35000 0.02891
2 0 3 34937 0.06712
2 0 3 34616 0.06595
2 0 3 34513 0.06674
2 0 3 34166 0.06629
2 0 3 33104 0.06357
2 0 3 26705 0.03371
2 0 3 26691 0.03197
2 0 3 26679 0.03415
2 0 3 26678 0.03324
2 0 3 26670 0.03342
2 0 3 26669 0.03219
2 0 3 26668 0.03343
2 0 3 26667 0.03281
2 0 3 26646 0.03217
2 0 3 26645 0.03178
2 0 3 26629 0.03269
2 0 3 26627 0.03238
2 0 3 26619 0.03148
2 0 3 26615 0.03077
2 0 3 26601 0.03217
2 0 3 26567 0.03246
2 0 3 26485 0.03281
2 0 3 26376 0.05025
2 0 3 26339 0.04932
2 0 3 26038 0.05027
2 0 3 25876 0.05007
2 0 3 25788 0.04978
2 0 3 25358 0.04875
2 0 3 25358 0.04892
2 0 3 25186 0.04738
2 0 3 25162 0.04764
2 0 3 25053 0.04803
2 0 3 25045 0.04814
2 0 3 25008 0.04906
2 0 3 25000 0.01239
2 0 3 25000 0.01258
2 0 3 25000 0.01241
2 0 3 25000 0.01253
2 0 3 25000 0.01278
2 0 3 25000 0.01261
2 0 3 25000 0.01254
2 0 3 25000 0.01249
2 0 3 25000 0.0124
2 0 3 25000 0.01243
2 0 3 25000 0.01285
2 0 3 25000 0.01261
2 0 3 25000 0.01236
2 0 3 25000 0.01271
2 0 3 25000 0.01254
2 0 3 25000 0.01241
2 0 3 25000 0.01241
2 0 3 24427 0.04797
2 0 3 24241 0.04664
2 0 3 24195 0.04668
2 0 3 23300 0.04341
2 0 3 15609 0.0201
2 0 3 15609 0.02019
2 0 3 15605 0.02013
2 0 3 15605 0.02051
2 0 3 15602 0.02029
2 0 3 15601 0.02048
2 0 3 15601 0.01996
2 0 3 15601 0.0205
2 0 3 15597 0.0194
2 0 3 15597 0.01929
2 0 3 15593 0.02051
2 0 3 15593 0.02047
2 0 3 15587 0.01967
2 0 3 15586 0.02033
2 0 3 15586 0.03191
2 0 3 15583 0.02043
2 0 3 15580 0.01947
2 0 3 15565 0.02047
2 0 3 15365 0.03075
2 0 3 15365 0.03087
2 0 3 15337 0.03002
2 0 3 15334 0.03092
2 0 3 15322 0.03113
2 0 3 15303 0.03028
2 0 3 15285 0.03051
2 0 3 15270 0.0198
2 0 3 15208 0.03004
2 0 3 15186 0.03044
2 0 3 15177 0.03078
2 0 3 15054 0.0304
2 0 3 15000 0.008192
2 0 3 15000 0.008156
2 0 3 15000 0.008028
2 0 3 15000 0.008175
2 0 3 15000 0.008064
2 0 3 15000 0.008114
2 0 3 15000 0.008092
2 0 3 15000 0.008178
2 0 3 15000 0.008048
2 0 3 15000 0.008163
2 0 3 15000 0.00813
2 0 3 15000 0.008071
2 0 3 15000 0.007996
2 0 3 15000 0.008186
2 0 3 15000 0.008024
2 0 3 15000 0.008096
2 0 3 15000 0.008015
2 0 3 14922 0.02956
2 0 3 14883 0.02975
2 0 3 14716 0.02971
2 0 3 10270 0.01455
2 0 3 10268 0.01464
2 0 3 10267 0.01463
2 0 3 10266 0.0146
2 0 3 10266 0.01495
2 0 3 10266 0.01463
2 0 3 10265 0.01437
2 0 3 10264 0.0146
2 0 3 10262 0.01447
2 0 3 10262 0.01444
2 0 3 10260 0.01417
2 0 3 10259 0.01412
2 0 3 10257 0.01501
2 0 3 10256 0.01437
2 0 3 10249 0.0222
2 0 3 10246 0.01471
2 0 3 10181 0.02041
2 0 3 10181 0.0204
2 0 3 10178 0.0142
2 0 3 10178 0.02134
2 0 3 10140 0.02077
2 0 3 10101 0.02078
2 0 3 10097 0.02087
2 0 3 10086 0.02104
2 0 3 10078 0.02102
2 0 3 10077 0.01398
2 0 3 10076 0.02056
2 0 3 10038 0.0206
2 0 3 10031 0.02006
2 0 3 10014 0.0202
2 0 3 10004 0.02028
2 0 3 10000 0.00599
2 0 3 10000 0.005997
2 0 3 10000 0.006097
2 0 3 10000 0.006052
2 0 3 10000 0.006061
2 0 3 10000 0.00598
2 0 3 10000 0.00603
2 0 3 10000 0.005994
2 0 3 10000 0.006032
2 0 3 10000 0.006267
2 0 3 10000 0.006054
2 0 3 10000 0.00604
2 0 3 10000 0.00614
2 0 3 10000 0.006068
2 0 3 10000 0.006034
2 0 3 10000 0.006062
2 0 3 9958 0.0207
2 0 3 9946 0.02036
2 0 3 9759 0.02017
2 0 4 144356 0.2357
2 0 4 144356 0.2348
2 0 4 144229 0.2361
2 0 4 144042 0.2379
2 0 4 143704 0.2338
2 0 4 143364 0.2342
2 0 4 142978 0.2381
2 0 4 142955 0.243
2 0 4 142663 0.2345
2 0 4 142663 0.2346
2 0 4 142209 0.2342
2 0 4 140973 0.24
2 0 4 140894 0.2318
2 0 4 139636 0.2344
2 0 4 138385 0.2248
2 0 4 134541 0.2286
2 0 4 132560 0.2247
2 0 4 127165 0.2986
2 0 4 121787 0.181
2 0 4 120210 0.179
2 0 4 116802 0.1513
2 0 4 116620 0.1523
2 0 4 116605 0.152
2 0 4 116404 0.1523
2 0 4 116219 0.1626
2 0 4 116201 0.1615
2 0 4 116150 0.1601
2 0 4 115820 0.1703
2 0 4 115728 0.1176
2 0 4 115719 0.1181
2 0 4 115639 0.1164
2 0 4 115167 0.1402
2 0 4 114682 0.114
2 0 4 114585 0.1432
2 0 4 114377 0.1164
2 0 4 113427 0.1156
2 0 4 113314 0.1152
2 0 4 112942 0.1445
2 0 4 112409 0.1443
2 0 4 112024 0.1145
2 0 4 111655 0.1437
2 0 4 110608 0.1133
2 0 4 108990 0.1409
2 0 4 105347 0.1522
2 0 4 104365 0.1644
2 0 4 104145 0.1644
2 0 4 104076 0.1646
2 0 4 101763 0.1664
2 0 4 100000 0.09901
2 0 4 100000 0.07304
2 0 4 100000 0.07375
2 0 4 100000 0.07337
2 0 4 100000 0.07385
2 0 4 100000 0.07416
2 0 4 100000 0.07382
2 0 4 100000 0.08215
2 0 4 100000 0.08477
2 0 4 100000 0.0733
2 0 4 100000 0.07402
2 0 4 100000 0.07325
2 0 4 100000 0.07314
2 0 4 100000 0.07315
2 0 4 100000 0.07345
2 0 4 100000 0.07413
2 0 4 99703 0.1307
2 0 4 99643 0.1009
2 0 4 99487 0.1057
2 0 4 99421 0.1245
2 0 4 99288 0.126
2 0 4 99280 0.1218
2 0 4 99225 0.1209
2 0 4 99203 0.1243
2 0 4 99151 0.1227
2 0 4 99151 0.1208
2 0 4 99119 0.1198
2 0 4 98945 0.1256
2 0 4 98865 0.1173
2 0 4 98828 0.1201
2 0 4 98789 0.1082
2 0 4 98784 0.102
2 0 4 98157 0.09976
2 0 4 97546 0.1305
2 0 4 96674 0.1016
2 0 4 95618 0.1004
2 0 4 95108 0.1279
2 0 4 94047 0.1211
2 0 4 91739 0.1252
2 0 4 91666 0.1249
2 0 4 91352 0.1223
2 0 4 88896 0.1209
2 0 4 88784 0.12
2 0 4 88544 0.122
2 0 4 88313 0.1212
2 0 4 87049 0.1195
2 0 4 86787 0.1178
2 0 4 86577 0.1169
2 0 4 85895 0.1157
2 0 4 85790 0.1143
2 0 4 85000 0.063
2 0 4 85000 0.06356
2 0 4 85000 0.06335
2 0 4 85000 0.06391
2 0 4 85000 0.06362
2 0 4 85000 0.06279
2 0 4 85000 0.0635
2 0 4 85000 0.06375
2 0 4 85000 0.06287
2 0 4 85000 0.06327
2 0 4 85000 0.06354
2 0 4 85000 0.06347
2 0 4 85000 0.06368
2 0 4 85000 0.06302
2 0 4 85000 0.06315
2 0 4 85000 0.06274
2 0 4 85000 0.0635
2 0 4 84473 0.1165
2 0 4 83403 0.117
2 0 4 83116 0.1166
2 0 4 82920 0.1179
2 0 4 82467 0.1169
2 0 4 82353 0.1178
2 0 4 80445 0.1262
2 0 4 79845 0.1145
2 0 4 79689 0.1125
2 0 4 79570 0.1122
2 0 4 78682 0.1128
2 0 4 76560 0.1091
2 0 4 76560 0.1087
2 0 4 75802 0.1065
2 0 4 75000 0.05417
2 0 4 75000 0.05326
2 0 4 75000 0.05413
2 0 4 75000 0.05334
2 0 4 75000 0.05359
2 0 4 75000 0.05392
2 0 4 75000 0.05351
2 0 4 75000 0.0539
2 0 4 75000 0.05323
2 0 4 75000 0.05408
2 0 4 75000 0.05318
2 0 4 75000 0.05305
2 0 4 75000 0.05337
2 0 4 75000 0.05353
2 0 4 75000 0.05383
2 0 4 75000 0.05354
2 0 4 75000 0.05353
2 0 4 74036 0.1076
2 0 4 70707 0.1073
2 0 4 69645 0.1052
2 0 4 67338 0.1033
2 0 4 60638 0.07077
2 0 4 60606 0.07331
2 0 4 60556 0.07186
2 0 4 60525 0.07023
2 0 4 60492 0.0708
2 0 4 60485 0.07276
2 0 4 60485 0.07282
2 0 4 60432 0.07013
2 0 4 60401 0.07027
2 0 4 60332 0.06992
2 0 4 60323 0.07296
2 0 4 60289 0.06995
2 0 4 60243 0.07087
2 0 4 59980 0.07088
2 0 4 59654 0.0964
2 0 4 58572 0.06792
2 0 4 58233 0.06892
2 0 4 57803 0.06897
2 0 4 57528 0.0934
2 0 4 56280 0.09299
2 0 4 56014 0.09251
2 0 4 55822 0.09299
2 0 4 55574 0.09185
2 0 4 54677 0.09132
2 0 4 54335 0.08786
2 0 4 54042 0.09038
2 0 4 52512 0.08885
2 0 4 52148 0.0887
2 0 4 50319 0.0858
2 0 4 50000 0.03142
2 0 4 50000 0.0318
2 0 4 50000 0.03168
2 0 4 50000 0.03167
2 0 4 50000 0.03188
2 0 4 50000 0.03118
2 0 4 50000 0.03167
2 0 4 50000 0.03156
2 0 4 50000 0.0313
2 0 4 50000 0.03622
2 0 4 50000 0.03212
2 0 4 50000 0.03162
2 0 4 50000 0.03158
2 0 4 50000 0.03162
2 0 4 50000 0.0315
2 0 4 50000 0.0315
2 0 4 50000 0.03123
2 0 4 49538 0.0842
2 0 4 48488 0.08195
2 0 4 46973 0.08007
2 0 4 44329 0.07574
2 0 4 40098 0.04816
2 0 4 40092 0.04653
2 0 4 40072 0.04756
2 0 4 40055 0.04617
2 0 4 40044 0.04911
2 0 4 39992 0.04716
2 0 4 39989 0.04736
2 0 4 39986 0.04702
2 0 4 39971 0.06829
2 0 4 39969 0.04798
2 0 4 39940 0.04834
2 0 4 39938 0.04721
2 0 4 39867 0.0487
2 0 4 39859 0.04792
2 0 4 38974 0.04805
2 0 4 38851 0.05002
2 0 4 38405 0.04873
2 0 4 38330 0.04663
2 0 4 38297 0.0688
2 0 4 38060 0.06775
2 0 4 37157 0.06672
2 0 4 37157 0.06675
2 0 4 36881 0.06554
2 0 4 36337 0.06697
2 0 4 36185 0.06595
2 0 4 36015 0.06595
2 0 4 35783 0.06571
2 0 4 35368 0.06449
2 0 4 35000 0.02251
2 0 4 35000 0.02824
2 0 4 35000 0.02856
2 0 4 35000 0.0283
2 0 4 35000 0.02789
2 0 4 35000 0.0286
2 0 4 35000 0.02848
2 0 4 35000 0.0278
2 0 4 35000 0.02858
2 0 4 35000 0.02857
2 0 4 35000 0.02886
2 0 4 35000 0.02893
2 0 4 35000 0.02855
2 0 4 35000 0.02904
2 0 4 35000 0.02842
2 0 4 35000 0.02835
2 0 4 35000 0.02834
2 0 4 34990 0.06605
2 0 4 34750 0.06526
2 0 4 34592 0.06301
2 0 4 33572 0.05974
2 0 4 33572 0.06045
2 0 4 27579 0.03312
2 0 4 27569 0.03063
2 0 4 27556 0.03283
2 0 4 27554 0.03286
2 0 4 27549 0.03046
2 0 4 27542 0.03085
2 0 4 27533 0.03018
2 0 4 27527 0.0311
2 0 4 27506 0.0311
2 0 4 27503 0.03073
2 0 4 27491 0.02982
2 0 4 27489 0.03252
2 0 4 27440 0.03186
2 0 4 27435 0.03281
2 0 4 27231 0.04875
2 0 4 27213 0.04998
2 0 4 26901 0.0493
2 0 4 26889 0.03224
2 0 4 26802 0.0517
2 0 4 26758 0.0498
2 0 4 26179 0.04834
2 0 4 26170 0.0478
2 0 4 25889 0.04916
2 0 4 25878 0.04777
2 0 4 25193 0.04626
2 0 4 25110 0.04688
2 0 4 25000 0.009948
2 0 4 25000 0.0101
2 0 4 25000 0.01209
2 0 4 25000 0.01171
2 0 4 25000 0.01043
2 0 4 25000 0.01065
2 0 4 25000 0.01062
2 0 4 25000 0.01224
2 0 4 25000 0.01233
2 0 4 25000 0.01225
2 0 4 25000 0.01218
2 0 4 25000 0.01245
2 0 4 25000 0.01225
2 0 4 25000 0.01222
2 0 4 25000 0.01226
2 0 4 25000 0.01221
2 0 4 25000 0.0125
2 0 4 24988 0.04832
2 0 4 24651 0.04783
2 0 4 24436 0.04665
2 0 4 24366 0.0448
2 0 4 23875 0.04392
2 0 4 23802 0.04387
2 0 4 23768 0.04341
2 0 4 15920 0.01883
2 0 4 15919 0.01927
2 0 4 15916 0.01955
2 0 4 15914 0.01868
2 0 4 15914 0.01875
2 0 4 15913 0.02005
2 0 4 15910 0.02016
2 0 4 15904 0.03233
2 0 4 15902 0.01957
2 0 4 15899 0.01929
2 0 4 15899 0.02021
2 0 4 15895 0.01951
2 0 4 15895 0.01856
2 0 4 15889 0.0207
2 0 4 15888 0.02101
2 0 4 15811 0.01977
2 0 4 15697 0.01995
2 0 4 15683 0.03185
2 0 4 15587 0.03226
2 0 4 15576 0.03209
2 0 4 15554 0.03013
2 0 4 15483 0.03219
2 0 4 15406 0.0315
2 0 4 15368 0.03156
2 0 4 15317 0.02947
2 0 4 15262 0.0298
2 0 4 15134 0.03063
2 0 4 15134 0.03068
2 0 4 15130 0.02905
2 0 4 15073 0.0288
2 0 4 15000 0.006725
2 0 4 15000 0.006552
2 0 4 15000 0.00659
2 0 4 15000 0.007037
2 0 4 15000 0.006586
2 0 4 15000 0.006638
2 0 4 15000 0.006765
2 0 4 15000 0.00653
2 0 4 15000 0.006583
2 0 4 15000 0.006925
2 0 4 15000 0.007432
2 0 4 15000 0.007293
2 0 4 15000 0.007071
2 0 4 15000 0.006697
2 0 4 15000 0.007952
2 0 4 15000 0.007825
2 0 4 15000 0.007751
2 0 4 14999 0.02971
2 0 4 14788 0.03007
2 0 4 14788 0.03011
2 0 4 10406 0.01431
2 0 4 10403 0.01467
2 0 4 10401 0.014
2 0 4 10401 0.01398
2 0 4 10400 0.01333
2 0 4 10399 0.01411
2 0 4 10398 0.01352
2 0 4 10398 0.01391
2 0 4 10397 0.01438
2 0 4 10397 0.01414
2 0 4 10392 0.015
2 0 4 10390 0.01522
2 0 4 10377 0.01505
2 0 4 10368 0.01481
2 0 4 10313 0.0226
2 0 4 10312 0.01345
2 0 4 10301 0.01338
2 0 4 10287 0.02114
2 0 4 10252 0.02126
2 0 4 10218 0.02121
2 0 4 10215 0.01314
2 0 4 10209 0.02112
2 0 4 10207 0.0207
2 0 4 10182 0.02128
2 0 4 10168 0.02115
2 0 4 10164 0.0206
2 0 4 10091 0.02112
2 0 4 10063 0.02097
2 0 4 10054 0.02091
2 0 4 10000 0.006159
2 0 4 10000 0.005121
2 0 4 10000 0.005126
2 0 4 10000 0.005618
2 0 4 10000 0.005105
2 0 4 10000 0.005117
2 0 4 10000 0.005991
2 0 4 10000 0.005889
2 0 4 10000 0.005465
2 0 4 10000 0.005146
2 0 4 10000 0.00512
2 0 4 10000 0.005834
2 0 4 10000 0.005609
2 0 4 10000 0.006051
2 0 4 10000 0.006045
2 0 4 10000 0.006022
2 0 4 10000 0.005971
2 0 4 9962 0.02057
2 0 4 9962 0.02067
2 0 4 9830 0.01995
2 0 4 9830 0.02008
2 0 5 163160 0.2136
2 0 5 163160 0.1952
2 0 5 161955 0.1988
2 0 5 161872 0.2029
2 0 5 161687 0.1954
2 0 5 161622 0.1991
2 0 5 161577 0.1887
2 0 5 161119 0.1868
2 0 5 161079 0.1949
2 0 5 160628 0.1948
2 0 5 158881 0.1929
2 0 5 158846 0.1889
2 0 5 158641 0.1957
2 0 5 156522 0.1939
2 0 5 156054 0.1902
2 0 5 149211 0.1879
2 0 5 148839 0.1952
2 0 5 138822 0.2746
2 0 5 130124 0.1857
2 0 5 129783 0.1794
2 0 5 129517 0.179
2 0 5 129239 0.1851
2 0 5 128700 0.1734
2 0 5 128681 0.1753
2 0 5 128665 0.1779
2 0 5 128579 0.1818
2 0 5 128467 0.1855
2 0 5 128032 0.1811
2 0 5 127190 0.2648
2 0 5 124998 0.1796
2 0 5 124677 0.1744
2 0 5 124350 0.2647
2 0 5 124007 0.1795
2 0 5 123793 0.181
2 0 5 122681 0.1201
2 0 5 122370 0.1194
2 0 5 120306 0.1509
2 0 5 119432 0.1528
2 0 5 116625 0.1494
2 0 5 116625 0.1495
2 0 5 113259 0.144
2 0 5 110914 0.1417
2 0 5 109434 0.1422
2 0 5 109353 0.1114
2 0 5 109338 0.1101
2 0 5 109099 0.111
2 0 5 109069 0.1104
2 0 5 108987 0.1086
2 0 5 108982 0.1093
2 0 5 108843 0.108
2 0 5 108837 0.1098
2 0 5 108775 0.1086
2 0 5 108566 0.1089
2 0 5 108402 0.1087
2 0 5 108389 0.1074
2 0 5 108262 0.1094
2 0 5 107956 0.1073
2 0 5 107736 0.11
2 0 5 106953 0.139
2 0 5 106330 0.1047
2 0 5 106223 0.1043
2 0 5 105565 0.1347
2 0 5 103936 0.1334
2 0 5 103936 0.1378
2 0 5 103465 0.147
2 0 5 100898 0.1452
2 0 5 100000 0.09047
2 0 5 100000 0.09692
2 0 5 100000 0.07814
2 0 5 100000 0.07313
2 0 5 100000 0.07365
2 0 5 100000 0.07332
2 0 5 100000 0.07325
2 0 5 100000 0.07378
2 0 5 100000 0.07331
2 0 5 100000 0.07344
2 0 5 100000 0.07354
2 0 5 100000 0.07416
2 0 5 100000 0.07334
2 0 5 100000 0.07348
2 0 5 100000 0.07295
2 0 5 100000 0.07385
2 0 5 100000 0.0731
2 0 5 98038 0.1274
2 0 5 97615 0.1281
2 0 5 94206 0.1264
2 0 5 93887 0.1207
2 0 5 93820 0.1259
2 0 5 93697 0.1237
2 0 5 92352 0.1232
2 0 5 91947 0.125
2 0 5 91909 0.1305
2 0 5 90879 0.1542
2 0 5 89685 0.1582
2 0 5 89207 0.1421
2 0 5 87520 0.1404
2 0 5 86214 0.1381
2 0 5 86214 0.1386
2 0 5 85734 0.1416
2 0 5 85734 0.1276
2 0 5 85000 0.07325
2 0 5 85000 0.07356
2 0 5 85000 0.07462
2 0 5 85000 0.07286
2 0 5 85000 0.07338
2 0 5 85000 0.07248
2 0 5 85000 0.07324
2 0 5 85000 0.07245
2 0 5 85000 0.0736
2 0 5 85000 0.07387
2 0 5 85000 0.07321
2 0 5 85000 0.07265
2 0 5 85000 0.07361
2 0 5 85000 0.07384
2 0 5 85000 0.07384
2 0 5 85000 0.07324
2 0 5 84755 0.1245
2 0 5 84496 0.1249
2 0 5 83603 0.1237
2 0 5 82101 0.1187
2 0 5 81513 0.1154
2 0 5 80961 0.1188
2 0 5 80751 0.1178
2 0 5 80568 0.1189
2 0 5 80004 0.1186
2 0 5 79656 0.1159
2 0 5 76360 0.1119
2 0 5 76360 0.1114
2 0 5 75000 0.05583
2 0 5 75000 0.05686
2 0 5 75000 0.05676
2 0 5 75000 0.05752
2 0 5 75000 0.0565
2 0 5 75000 0.05908
2 0 5 75000 0.05588
2 0 5 75000 0.05691
2 0 5 75000 0.05618
2 0 5 75000 0.05696
2 0 5 75000 0.05561
2 0 5 75000 0.05459
2 0 5 75000 0.05482
2 0 5 75000 0.05532
2 0 5 75000 0.05488
2 0 5 75000 0.05504
2 0 5 74714 0.1091
2 0 5 73802 0.1102
2 0 5 72596 0.1077
2 0 5 70316 0.1076
2 0 5 69504 0.1056
2 0 5 64592 0.07259
2 0 5 64501 0.07652
2 0 5 64499 0.1044
2 0 5 64470 0.07505
2 0 5 64447 0.1008
2 0 5 64400 0.07574
2 0 5 64386 0.078
2 0 5 64309 0.07578
2 0 5 64308 0.07485
2 0 5 64262 0.0762
2 0 5 64206 0.07378
2 0 5 64082 0.07621
2 0 5 64034 0.075
2 0 5 62830 0.07177
2 0 5 62608 0.07473
2 0 5 62178 0.07412
2 0 5 62054 0.07578
2 0 5 59802 0.09977
2 0 5 59348 0.09927
2 0 5 58870 0.09853
2 0 5 57042 0.09702
2 0 5 56904 0.09512
2 0 5 56635 0.09555
2 0 5 55838 0.09476
2 0 5 55528 0.0938
2 0 5 54967 0.09405
2 0 5 52442 0.08803
2 0 5 52068 0.08844
2 0 5 51392 0.08687
2 0 5 51099 0.08494
2 0 5 50901 0.08716
2 0 5 50000 0.03325
2 0 5 50000 0.03396
2 0 5 50000 0.03306
2 0 5 50000 0.0343
2 0 5 50000 0.03437
2 0 5 50000 0.0338
2 0 5 50000 0.03366
2 0 5 50000 0.03255
2 0 5 50000 0.03363
2 0 5 50000 0.03355
2 0 5 50000 0.03386
2 0 5 50000 0.03371
2 0 5 50000 0.03359
2 0 5 50000 0.03348
2 0 5 50000 0.03379
2 0 5 50000 0.03366
2 0 5 50000 0.03244
2 0 5 49762 0.08584
2 0 5 48777 0.08533
2 0 5 42285 0.07432
2 0 5 41915 0.05058
2 0 5 41912 0.04995
2 0 5 41864 0.04944
2 0 5 41862 0.05061
2 0 5 41830 0.05181
2 0 5 41813 0.04995
2 0 5 41799 0.0492
2 0 5 41787 0.04947
2 0 5 41747 0.05142
2 0 5 41742 0.0513
2 0 5 41695 0.04676
2 0 5 41629 0.05012
2 0 5 40691 0.04776
2 0 5 40682 0.0475
2 0 5 40225 0.04949
2 0 5 40062 0.04777
2 0 5 39901 0.04961
2 0 5 39694 0.06951
2 0 5 39692 0.07054
2 0 5 38935 0.06859
2 0 5 38273 0.06832
2 0 5 37404 0.06678
2 0 5 36630 0.06544
2 0 5 36627 0.06616
2 0 5 36221 0.06407
2 0 5 35897 0.06316
2 0 5 35765 0.06474
2 0 5 35679 0.06231
2 0 5 35415 0.06315
2 0 5 35251 0.06391
2 0 5 35184 0.06289
2 0 5 35000 0.02197
2 0 5 35000 0.02202
2 0 5 35000 0.02218
2 0 5 35000 0.02206
2 0 5 35000 0.0214
2 0 5 35000 0.02192
2 0 5 35000 0.02222
2 0 5 35000 0.02195
2 0 5 35000 0.02205
2 0 5 35000 0.02183
2 0 5 35000 0.02211
2 0 5 35000 0.02197
2 0 5 35000 0.02164
2 0 5 35000 0.02222
2 0 5 35000 0.02178
2 0 5 35000 0.02218
2 0 5 34674 0.0617
2 0 5 32364 0.05864
2 0 5 30570 0.05436
2 0 5 28505 0.03152
2 0 5 28486 0.03094
2 0 5 28473 0.03247
2 0 5 28471 0.03071
2 0 5 28453 0.0316
2 0 5 28453 0.03167
2 0 5 28426 0.03103
2 0 5 28421 0.02963
2 0 5 28407 0.02985
2 0 5 28401 0.03175
2 0 5 28398 0.0308
2 0 5 28394 0.03232
2 0 5 28322 0.03057
2 0 5 28269 0.03064
2 0 5 27815 0.05072
2 0 5 27731 0.03181
2 0 5 27726 0.03021
2 0 5 27440 0.05022
2 0 5 27113 0.03002
2 0 5 27106 0.04972
2 0 5 27012 0.04939
2 0 5 26566 0.04725
2 0 5 26533 0.04779
2 0 5 26432 0.04746
2 0 5 25987 0.04772
2 0 5 25236 0.04583
2 0 5 25129 0.046
2 0 5 25107 0.04671
2 0 5 25000 0.009929
2 0 5 25000 0.009809
2 0 5 25000 0.009856
2 0 5 25000 0.009772
2 0 5 25000 0.009837
2 0 5 25000 0.009586
2 0 5 25000 0.009924
2 0 5 25000 0.009874
2 0 5 25000 0.009889
2 0 5 25000 0.0099
2 0 5 25000 0.009755
2 0 5 25000 0.0101
2 0 5 25000 0.009789
2 0 5 25000 0.009788
2 0 5 25000 0.009901
2 0 5 25000 0.009792
2 0 5 25000 0.009864
2 0 5 24696 0.04541
2 0 5 24610 0.04539
2 0 5 24518 0.04485
2 0 5 23950 0.0442
2 0 5 23950 0.0443
2 0 5 16239 0.01878
2 0 5 16238 0.01918
2 0 5 16230 0.01863
2 0 5 16225 0.01922
2 0 5 16221 0.01856
2 0 5 16220 0.01875
2 0 5 16219 0.019
2 0 5 16215 0.01921
2 0 5 16211 0.01895
2 0 5 16211 0.01897
2 0 5 16206 0.01821
2 0 5 16201 0.01909
2 0 5 16196 0.01874
2 0 5 16170 0.0188
2 0 5 16042 0.01834
2 0 5 16005 0.01814
2 0 5 15883 0.01842
2 0 5 15699 0.03075
2 0 5 15678 0.03087
2 0 5 15664 0.0309
2 0 5 15582 0.03043
2 0 5 15513 0.0306
2 0 5 15511 0.03077
2 0 5 15428 0.03066
2 0 5 15364 0.03023
2 0 5 15364 0.03036
2 0 5 15074 0.02903
2 0 5 15074 0.02907
2 0 5 15046 0.02927
2 0 5 15000 0.006568
2 0 5 15000 0.006597
2 0 5 15000 0.006496
2 0 5 15000 0.006495
2 0 5 15000 0.006582
2 0 5 15000 0.006502
2 0 5 15000 0.006483
2 0 5 15000 0.006548
2 0 5 15000 0.006526
2 0 5 15000 0.006478
2 0 5 15000 0.006629
2 0 5 15000 0.006575
2 0 5 15000 0.006527
2 0 5 15000 0.006592
2 0 5 15000 0.00656
2 0 5 15000 0.007887
2 0 5 15000 0.006588
2 0 5 14836 0.02899
2 0 5 14803 0.0287
2 0 5 14740 0.02865
2 0 5 14601 0.02893
2 0 5 10546 0.01389
2 0 5 10541 0.01375
2 0 5 10540 0.01394
2 0 5 10538 0.01395
2 0 5 10537 0.01331
2 0 5 10535 0.01348
2 0 5 10534 0.01399
2 0 5 10531 0.01351
2 0 5 10531 0.01349
2 0 5 10527 0.01352
2 0 5 10525 0.01402
2 0 5 10523 0.0136
2 0 5 10516 0.01354
2 0 5 10442 0.01453
2 0 5 10436 0.01335
2 0 5 10403 0.01378
2 0 5 10348 0.01393
2 0 5 10336 0.0223
2 0 5 10304 0.02182
2 0 5 10304 0.02189
2 0 5 10280 0.02199
2 0 5 10230 0.02062
2 0 5 10223 0.02026
2 0 5 10221 0.02072
2 0 5 10196 0.02061
2 0 5 10092 0.02041
2 0 5 10085 0.02012
2 0 5 10078 0.02014
2 0 5 10054 0.02004
2 0 5 10033 0.01992
2 0 5 10012 0.02013
2 0 5 10000 0.005234
2 0 5 10000 0.005164
2 0 5 10000 0.00506
2 0 5 10000 0.00513
2 0 5 10000 0.005071
2 0 5 10000 0.005066
2 0 5 10000 0.005154
2 0 5 10000 0.005132
2 0 5 10000 0.005068
2 0 5 10000 0.005137
2 0 5 10000 0.005078
2 0 5 10000 0.005116
2 0 5 10000 0.005159
2 0 5 10000 0.005069
2 0 5 10000 0.005081
2 0 5 10000 0.005221
2 0 5 10000 0.005129
2 0 5 9974 0.01935
2 0 5 9674 0.01971
