4 0 1 100000 0.1118
4 0 1 100000 0.1113
4 0 1 100000 0.1062
4 0 1 100000 0.1009
4 0 1 100000 0.1302
4 0 1 100000 0.1257
4 0 1 100000 0.1232
4 0 1 100000 0.1253
4 0 1 100000 0.1219
4 0 1 100000 0.1008
4 0 1 100000 0.09903
4 0 1 100000 0.09967
4 0 1 100000 0.1008
4 0 1 100000 0.09841
4 0 1 100000 0.09975
4 0 1 100000 0.09886
4 0 1 100000 0.09966
4 0 1 100000 0.1283
4 0 1 100000 0.1264
4 0 1 100000 0.1277
4 0 1 100000 0.1277
4 0 1 100000 0.1275
4 0 1 100000 0.1256
4 0 1 100000 0.1269
4 0 1 100000 0.1269
4 0 1 85000 0.08677
4 0 1 85000 0.08769
4 0 1 85000 0.08866
4 0 1 85000 0.08638
4 0 1 85000 0.08799
4 0 1 85000 0.08852
4 0 1 85000 0.08981
4 0 1 85000 0.08891
4 0 1 85000 0.08709
4 0 1 85000 0.08653
4 0 1 85000 0.08619
4 0 1 85000 0.08394
4 0 1 85000 0.08952
4 0 1 85000 0.08752
4 0 1 85000 0.08833
4 0 1 85000 0.08719
4 0 1 85000 0.0869
4 0 1 85000 0.1193
4 0 1 85000 0.1293
4 0 1 85000 0.1315
4 0 1 85000 0.1297
4 0 1 85000 0.1292
4 0 1 85000 0.131
4 0 1 85000 0.128
4 0 1 85000 0.1273
4 0 1 75000 0.09151
4 0 1 75000 0.08695
4 0 1 75000 0.08089
4 0 1 75000 0.07758
4 0 1 75000 0.077
4 0 1 75000 0.08224
4 0 1 75000 0.08188
4 0 1 75000 0.08116
4 0 1 75000 0.08379
4 0 1 75000 0.08159
4 0 1 75000 0.08006
4 0 1 75000 0.07898
4 0 1 75000 0.07749
4 0 1 75000 0.08914
4 0 1 75000 0.09302
4 0 1 75000 0.09652
4 0 1 75000 0.09008
4 0 1 75000 0.1186
4 0 1 75000 0.1218
4 0 1 75000 0.1203
4 0 1 75000 0.1192
4 0 1 75000 0.1166
4 0 1 75000 0.1167
4 0 1 75000 0.1194
4 0 1 75000 0.1182
4 0 1 50000 0.06433
4 0 1 50000 0.06509
4 0 1 50000 0.06388
4 0 1 50000 0.06361
4 0 1 50000 0.0655
4 0 1 50000 0.0672
4 0 1 50000 0.06272
4 0 1 50000 0.06351
4 0 1 50000 0.06517
4 0 1 50000 0.06494
4 0 1 50000 0.06269
4 0 1 50000 0.0662
4 0 1 50000 0.0655
4 0 1 50000 0.06389
4 0 1 50000 0.0677
4 0 1 50000 0.0651
4 0 1 50000 0.06447
4 0 1 50000 0.09005
4 0 1 50000 0.08721
4 0 1 50000 0.09111
4 0 1 50000 0.09014
4 0 1 50000 0.08881
4 0 1 50000 0.08878
4 0 1 50000 0.08804
4 0 1 50000 0.08819
4 0 1 35000 0.04596
4 0 1 35000 0.0437
4 0 1 35000 0.04645
4 0 1 35000 0.04427
4 0 1 35000 0.04589
4 0 1 35000 0.04496
4 0 1 35000 0.04474
4 0 1 35000 0.04262
4 0 1 35000 0.043
4 0 1 35000 0.04198
4 0 1 35000 0.04256
4 0 1 35000 0.04227
4 0 1 35000 0.04272
4 0 1 35000 0.0417
4 0 1 35000 0.0426
4 0 1 35000 0.04233
4 0 1 35000 0.04142
4 0 1 35000 0.06285
4 0 1 35000 0.06305
4 0 1 35000 0.06271
4 0 1 35000 0.06127
4 0 1 35000 0.06164
4 0 1 35000 0.0617
4 0 1 35000 0.06153
4 0 1 35000 0.06227
4 0 1 25000 0.02921
4 0 1 25000 0.03013
4 0 1 25000 0.0282
4 0 1 25000 0.02929
4 0 1 25000 0.03191
4 0 1 25000 0.02983
4 0 1 25000 0.0282
4 0 1 25000 0.02993
4 0 1 25000 0.02772
4 0 1 25000 0.02644
4 0 1 25000 0.0295
4 0 1 25000 0.02864
4 0 1 25000 0.02936
4 0 1 25000 0.02772
4 0 1 25000 0.02828
4 0 1 25000 0.02884
4 0 1 25000 0.02743
4 0 1 25000 0.04673
4 0 1 25000 0.04554
4 0 1 25000 0.04682
4 0 1 25000 0.04582
4 0 1 25000 0.04537
4 0 1 25000 0.04601
4 0 1 25000 0.0487
4 0 1 25000 0.04603
4 0 1 15000 0.01768
4 0 1 15000 0.01722
4 0 1 15000 0.01865
4 0 1 15000 0.01789
4 0 1 15000 0.01892
4 0 1 15000 0.01922
4 0 1 15000 0.0191
4 0 1 15000 0.01901
4 0 1 15000 0.01895
4 0 1 15000 0.01828
4 0 1 15000 0.01853
4 0 1 15000 0.02138
4 0 1 15000 0.01833
4 0 1 15000 0.01887
4 0 1 15000 0.01818
4 0 1 15000 0.01823
4 0 1 15000 0.0177
4 0 1 15000 0.02929
4 0 1 15000 0.02827
4 0 1 15000 0.02783
4 0 1 15000 0.02925
4 0 1 15000 0.02921
4 0 1 15000 0.029
4 0 1 15000 0.02944
4 0 1 15000 0.02883
4 0 1 10000 0.01313
4 0 1 10000 0.01312
4 0 1 10000 0.01332
4 0 1 10000 0.01313
4 0 1 10000 0.01302
4 0 1 10000 0.01324
4 0 1 10000 0.01377
4 0 1 10000 0.01366
4 0 1 10000 0.01298
4 0 1 10000 0.01406
4 0 1 10000 0.01264
4 0 1 10000 0.0133
4 0 1 10000 0.01411
4 0 1 10000 0.01351
4 0 1 10000 0.01318
4 0 1 10000 0.013
4 0 1 10000 0.01313
4 0 1 10000 0.02024
4 0 1 10000 0.02077
4 0 1 10000 0.01995
4 0 1 10000 0.01951
4 0 1 10000 0.01991
4 0 1 10000 0.01993
4 0 1 10000 0.02003
4 0 1 10000 0.0203
4 0 2 113549 0.1601
4 0 2 113442 0.1381
4 0 2 113302 0.16
4 0 2 113252 0.1385
4 0 2 113136 0.1388
4 0 2 113106 0.1369
4 0 2 113044 0.1203
4 0 2 112992 0.109
4 0 2 112954 0.1105
4 0 2 112915 0.1092
4 0 2 112896 0.1113
4 0 2 112861 0.1089
4 0 2 112761 0.1092
4 0 2 112752 0.1101
4 0 2 112330 0.1093
4 0 2 111584 0.1072
4 0 2 110478 0.1078
4 0 2 108927 0.1344
4 0 2 107503 0.1357
4 0 2 105085 0.1376
4 0 2 104361 0.1349
4 0 2 102877 0.1324
4 0 2 102195 0.1325
4 0 2 97681 0.1259
4 0 2 96356 0.126
4 0 2 94667 0.09564
4 0 2 94575 0.09594
4 0 2 94571 0.09686
4 0 2 94546 0.09494
4 0 2 94475 0.09491
4 0 2 94462 0.09614
4 0 2 94408 0.09674
4 0 2 94367 0.09091
4 0 2 94351 0.09257
4 0 2 94329 0.1237
4 0 2 94300 0.09779
4 0 2 94179 0.09487
4 0 2 94161 0.09502
4 0 2 94142 0.09535
4 0 2 94034 0.09394
4 0 2 93725 0.09531
4 0 2 93558 0.0936
4 0 2 93037 0.09637
4 0 2 89975 0.1208
4 0 2 89908 0.1201
4 0 2 87301 0.1187
4 0 2 86577 0.1177
4 0 2 82620 0.08596
4 0 2 82620 0.08492
4 0 2 82474 0.08593
4 0 2 82472 0.085
4 0 2 82461 0.08542
4 0 2 82458 0.08612
4 0 2 82441 0.08319
4 0 2 82423 0.0966
4 0 2 82419 0.1072
4 0 2 82417 0.1057
4 0 2 82387 0.1079
4 0 2 82288 0.1061
4 0 2 82272 0.1279
4 0 2 82239 0.09297
4 0 2 82095 0.09931
4 0 2 81947 0.09981
4 0 2 81923 0.1031
4 0 2 81699 0.1059
4 0 2 80873 0.101
4 0 2 80873 0.1027
4 0 2 79350 0.1243
4 0 2 79293 0.1202
4 0 2 78542 0.1204
4 0 2 78158 0.1182
4 0 2 76428 0.1178
4 0 2 76123 0.1186
4 0 2 74187 0.1151
4 0 2 70047 0.1093
4 0 2 53375 0.09266
4 0 2 53372 0.09508
4 0 2 53360 0.06881
4 0 2 53347 0.06959
4 0 2 53332 0.07153
4 0 2 53326 0.07332
4 0 2 53312 0.07221
4 0 2 53301 0.07231
4 0 2 53292 0.07216
4 0 2 53281 0.0726
4 0 2 53264 0.07182
4 0 2 53244 0.06995
4 0 2 53210 0.05992
4 0 2 53200 0.06139
4 0 2 53169 0.06117
4 0 2 53167 0.0611
4 0 2 53151 0.06127
4 0 2 52899 0.06356
4 0 2 52450 0.08725
4 0 2 52223 0.05848
4 0 2 51211 0.08733
4 0 2 50778 0.08524
4 0 2 50297 0.0847
4 0 2 47087 0.07977
4 0 2 46998 0.07924
4 0 2 36662 0.04386
4 0 2 36662 0.04379
4 0 2 36662 0.06415
4 0 2 36662 0.06441
4 0 2 36647 0.04328
4 0 2 36647 0.04297
4 0 2 36639 0.0424
4 0 2 36620 0.04348
4 0 2 36617 0.04289
4 0 2 36613 0.04214
4 0 2 36609 0.04273
4 0 2 36608 0.04241
4 0 2 36600 0.06427
4 0 2 36585 0.04309
4 0 2 36580 0.04309
4 0 2 36580 0.04333
4 0 2 36568 0.04323
4 0 2 36548 0.04196
4 0 2 36248 0.06432
4 0 2 36004 0.06437
4 0 2 35776 0.04179
4 0 2 35406 0.06225
4 0 2 35087 0.06228
4 0 2 34705 0.06149
4 0 2 34457 0.0607
4 0 2 25845 0.02824
4 0 2 25843 0.04676
4 0 2 25842 0.02776
4 0 2 25836 0.0285
4 0 2 25835 0.02747
4 0 2 25833 0.02949
4 0 2 25829 0.02903
4 0 2 25826 0.02932
4 0 2 25825 0.02901
4 0 2 25820 0.0292
4 0 2 25817 0.02796
4 0 2 25815 0.02798
4 0 2 25808 0.02828
4 0 2 25806 0.02773
4 0 2 25803 0.02747
4 0 2 25797 0.02884
4 0 2 25789 0.02843
4 0 2 25771 0.02879
4 0 2 25736 0.0468
4 0 2 25474 0.04743
4 0 2 24948 0.04512
4 0 2 24923 0.04623
4 0 2 24504 0.04517
4 0 2 24334 0.04544
4 0 2 24136 0.04383
4 0 2 15304 0.01797
4 0 2 15303 0.01695
4 0 2 15302 0.01778
4 0 2 15302 0.01756
4 0 2 15301 0.02893
4 0 2 15300 0.02955
4 0 2 15299 0.01751
4 0 2 15299 0.01744
4 0 2 15298 0.01787
4 0 2 15298 0.01851
4 0 2 15297 0.01789
4 0 2 15295 0.01728
4 0 2 15291 0.01738
4 0 2 15289 0.01748
4 0 2 15279 0.01818
4 0 2 15279 0.02841
4 0 2 15272 0.02881
4 0 2 15268 0.01707
4 0 2 15265 0.01774
4 0 2 15186 0.02846
4 0 2 15157 0.02871
4 0 2 15037 0.0287
4 0 2 15021 0.02827
4 0 2 14815 0.0282
4 0 2 14812 0.02869
4 0 2 10134 0.0125
4 0 2 10134 0.01226
4 0 2 10134 0.01262
4 0 2 10133 0.01284
4 0 2 10133 0.0121
4 0 2 10133 0.01273
4 0 2 10133 0.01955
4 0 2 10132 0.01294
4 0 2 10132 0.01202
4 0 2 10132 0.02008
4 0 2 10131 0.01258
4 0 2 10130 0.01286
4 0 2 10130 0.01982
4 0 2 10128 0.01348
4 0 2 10128 0.01358
4 0 2 10127 0.01337
4 0 2 10127 0.01344
4 0 2 10120 0.01386
4 0 2 10114 0.02068
4 0 2 10099 0.02093
4 0 2 10077 0.01353
4 0 2 10023 0.02045
4 0 2 10003 0.02033
4 0 2 9911 0.02047
4 0 2 9878 0.02087
4 0 3 128308 0.2268
4 0 3 128147 0.2341
4 0 3 128086 0.2208
4 0 3 127772 0.1873
4 0 3 127701 0.1777
4 0 3 127699 0.1799
4 0 3 127472 0.1806
4 0 3 127418 0.1793
4 0 3 127172 0.178
4 0 3 127129 0.1726
4 0 3 127116 0.172
4 0 3 127093 0.176
4 0 3 126647 0.2102
4 0 3 125315 0.215
4 0 3 125315 0.2143
4 0 3 122378 0.1503
4 0 3 122378 0.1308
4 0 3 121707 0.1718
4 0 3 112090 0.1555
4 0 3 106831 0.1481
4 0 3 105596 0.1481
4 0 3 105229 0.1195
4 0 3 105150 0.1217
4 0 3 105121 0.1313
4 0 3 105096 0.1327
4 0 3 105009 0.1244
4 0 3 105002 0.104
4 0 3 104954 0.1026
4 0 3 104834 0.11
4 0 3 104688 0.1051
4 0 3 104552 0.1072
4 0 3 104464 0.1055
4 0 3 104379 0.1022
4 0 3 104340 0.1058
4 0 3 104157 0.1041
4 0 3 104043 0.1042
4 0 3 103428 0.1019
4 0 3 103289 0.103
4 0 3 100151 0.13
4 0 3 97894 0.1281
4 0 3 97139 0.1269
4 0 3 96805 0.1282
4 0 3 93806 0.1247
4 0 3 93739 0.1244
4 0 3 90721 0.09337
4 0 3 90639 0.09342
4 0 3 90588 0.09331
4 0 3 90493 0.09308
4 0 3 90475 0.09338
4 0 3 90456 0.09238
4 0 3 90416 0.09349
4 0 3 90366 0.09086
4 0 3 90332 0.09072
4 0 3 90283 0.09401
4 0 3 90135 0.09327
4 0 3 90133 0.09132
4 0 3 90018 0.08902
4 0 3 89918 0.09067
4 0 3 89699 0.119
4 0 3 89217 0.09189
4 0 3 88815 0.09008
4 0 3 86216 0.117
4 0 3 86174 0.1156
4 0 3 84334 0.1154
4 0 3 82041 0.1125
4 0 3 79433 0.1123
4 0 3 78982 0.1116
4 0 3 77579 0.1087
4 0 3 77330 0.1095
4 0 3 77052 0.108
4 0 3 76141 0.11
4 0 3 74953 0.1073
4 0 3 74639 0.1069
4 0 3 72650 0.1047
4 0 3 70812 0.1052
4 0 3 56954 0.06666
4 0 3 56891 0.06624
4 0 3 56859 0.0656
4 0 3 56835 0.06507
4 0 3 56819 0.06707
4 0 3 56799 0.06304
4 0 3 56780 0.06738
4 0 3 56755 0.06425
4 0 3 56745 0.06724
4 0 3 56708 0.06638
4 0 3 56688 0.06747
4 0 3 56685 0.06561
4 0 3 56634 0.06588
4 0 3 56558 0.06708
4 0 3 56553 0.06386
4 0 3 56305 0.06472
4 0 3 55698 0.06409
4 0 3 54916 0.09142
4 0 3 53824 0.08841
4 0 3 53196 0.08815
4 0 3 52200 0.08588
4 0 3 50462 0.08573
4 0 3 49895 0.08468
4 0 3 48925 0.08339
4 0 3 48228 0.08264
4 0 3 38379 0.04599
4 0 3 38377 0.04453
4 0 3 38356 0.0447
4 0 3 38340 0.0445
4 0 3 38332 0.0457
4 0 3 38319 0.04406
4 0 3 38306 0.04544
4 0 3 38300 0.04314
4 0 3 38299 0.04366
4 0 3 38285 0.04562
4 0 3 38284 0.04388
4 0 3 38266 0.04431
4 0 3 38226 0.04377
4 0 3 38208 0.04552
4 0 3 38173 0.04495
4 0 3 38072 0.0445
4 0 3 37836 0.06551
4 0 3 37081 0.06472
4 0 3 36747 0.06488
4 0 3 36083 0.06372
4 0 3 35310 0.06253
4 0 3 35147 0.06236
4 0 3 34969 0.06149
4 0 3 34381 0.06167
4 0 3 32206 0.05667
4 0 3 26711 0.02888
4 0 3 26710 0.0292
4 0 3 26703 0.02904
4 0 3 26690 0.02971
4 0 3 26687 0.02937
4 0 3 26683 0.02921
4 0 3 26678 0.02811
4 0 3 26667 0.0287
4 0 3 26666 0.02976
4 0 3 26660 0.0282
4 0 3 26657 0.02883
4 0 3 26656 0.03001
4 0 3 26648 0.0294
4 0 3 26637 0.02895
4 0 3 26636 0.02802
4 0 3 26602 0.02946
4 0 3 26598 0.02875
4 0 3 26425 0.04815
4 0 3 25858 0.04723
4 0 3 25198 0.04637
4 0 3 25027 0.04626
4 0 3 24348 0.04387
4 0 3 24168 0.04378
4 0 3 23642 0.04529
4 0 3 23583 0.04351
4 0 3 15609 0.01855
4 0 3 15608 0.01872
4 0 3 15606 0.01793
4 0 3 15603 0.01828
4 0 3 15603 0.01867
4 0 3 15602 0.01799
4 0 3 15600 0.01794
4 0 3 15598 0.01856
4 0 3 15597 0.01804
4 0 3 15596 0.01803
4 0 3 15595 0.01867
4 0 3 15589 0.02987
4 0 3 15585 0.01846
4 0 3 15585 0.01829
4 0 3 15577 0.01758
4 0 3 15573 0.01832
4 0 3 15572 0.0179
4 0 3 15558 0.01889
4 0 3 15287 0.02869
4 0 3 15221 0.02949
4 0 3 15074 0.02904
4 0 3 14992 0.02879
4 0 3 14979 0.02874
4 0 3 14926 0.02823
4 0 3 14778 0.02816
4 0 3 10271 0.01358
4 0 3 10268 0.01373
4 0 3 10268 0.01376
4 0 3 10267 0.01294
4 0 3 10266 0.01341
4 0 3 10266 0.01333
4 0 3 10265 0.01276
4 0 3 10264 0.01354
4 0 3 10264 0.01335
4 0 3 10263 0.01295
4 0 3 10262 0.0133
4 0 3 10261 0.01326
4 0 3 10261 0.01311
4 0 3 10259 0.01304
4 0 3 10259 0.01296
4 0 3 10248 0.01313
4 0 3 10211 0.01268
4 0 3 10193 0.02054
4 0 3 10137 0.01984
4 0 3 10136 0.01947
4 0 3 10077 0.01986
4 0 3 10019 0.01959
4 0 3 10000 0.0192
4 0 3 9975 0.01898
4 0 3 9904 0.01935
4 0 4 145121 0.2235
4 0 4 144609 0.2234
4 0 4 144528 0.2232
4 0 4 144375 0.2302
4 0 4 144042 0.2223
4 0 4 143832 0.2206
4 0 4 143766 0.2239
4 0 4 143747 0.2212
4 0 4 143658 0.2244
4 0 4 143529 0.2277
4 0 4 143511 0.2303
4 0 4 143156 0.1928
4 0 4 142733 0.1866
4 0 4 141597 0.1861
4 0 4 140567 0.1844
4 0 4 137663 0.1716
4 0 4 137663 0.1715
4 0 4 117248 0.1462
4 0 4 117056 0.1136
4 0 4 116950 0.1122
4 0 4 116751 0.1126
4 0 4 116714 0.1153
4 0 4 116551 0.112
4 0 4 116540 0.1107
4 0 4 116410 0.1135
4 0 4 116312 0.111
4 0 4 116213 0.1134
4 0 4 115900 0.1099
4 0 4 115804 0.1088
4 0 4 115730 0.1115
4 0 4 115667 0.1122
4 0 4 115527 0.1159
4 0 4 115481 0.1118
4 0 4 115309 0.1114
4 0 4 114911 0.1368
4 0 4 114573 0.1132
4 0 4 108847 0.1358
4 0 4 107988 0.1376
4 0 4 105942 0.1349
4 0 4 101210 0.1305
4 0 4 99810 0.101
4 0 4 99651 0.1011
4 0 4 99594 0.09926
4 0 4 99458 0.09984
4 0 4 99387 0.09769
4 0 4 99308 0.1008
4 0 4 99298 0.09769
4 0 4 99147 0.1025
4 0 4 99080 0.09949
4 0 4 98965 0.1004
4 0 4 98899 0.09958
4 0 4 98768 0.09959
4 0 4 98741 0.09796
4 0 4 98601 0.101
4 0 4 98269 0.09847
4 0 4 97605 0.09894
4 0 4 97515 0.1276
4 0 4 97059 0.1285
4 0 4 95568 0.1253
4 0 4 95321 0.1268
4 0 4 93043 0.1231
4 0 4 89765 0.1219
4 0 4 86989 0.1182
4 0 4 84474 0.1152
4 0 4 83532 0.116
4 0 4 81520 0.1134
4 0 4 80631 0.1143
4 0 4 79287 0.1121
4 0 4 79094 0.1118
4 0 4 78570 0.1103
4 0 4 76517 0.1068
4 0 4 75542 0.108
4 0 4 73041 0.1058
4 0 4 71495 0.1058
4 0 4 64251 0.09915
4 0 4 60691 0.07115
4 0 4 60664 0.07121
4 0 4 60652 0.07019
4 0 4 60584 0.07114
4 0 4 60504 0.0696
4 0 4 60504 0.06967
4 0 4 60488 0.0715
4 0 4 60475 0.07023
4 0 4 60465 0.0692
4 0 4 60385 0.06847
4 0 4 60367 0.07072
4 0 4 60304 0.07048
4 0 4 60213 0.07175
4 0 4 60192 0.06877
4 0 4 59969 0.06768
4 0 4 59912 0.0698
4 0 4 59204 0.07071
4 0 4 57362 0.093
4 0 4 55743 0.0881
4 0 4 54199 0.09005
4 0 4 53015 0.08882
4 0 4 52609 0.08904
4 0 4 51944 0.0868
4 0 4 50123 0.08382
4 0 4 47769 0.08059
4 0 4 40151 0.04667
4 0 4 40127 0.04809
4 0 4 40122 0.04768
4 0 4 40098 0.04782
4 0 4 40092 0.0466
4 0 4 40068 0.04666
4 0 4 40066 0.04759
4 0 4 40040 0.04754
4 0 4 40013 0.04719
4 0 4 40005 0.04592
4 0 4 39999 0.04693
4 0 4 39973 0.04705
4 0 4 39957 0.04609
4 0 4 39873 0.0457
4 0 4 39827 0.04719
4 0 4 39711 0.04623
4 0 4 38441 0.04467
4 0 4 38280 0.06501
4 0 4 37074 0.06451
4 0 4 36666 0.06303
4 0 4 36442 0.06419
4 0 4 36074 0.06465
4 0 4 35697 0.06352
4 0 4 35522 0.06344
4 0 4 32864 0.0585
4 0 4 27608 0.02996
4 0 4 27586 0.03057
4 0 4 27576 0.03067
4 0 4 27567 0.03049
4 0 4 27563 0.03018
4 0 4 27560 0.02963
4 0 4 27552 0.03129
4 0 4 27547 0.02906
4 0 4 27539 0.02997
4 0 4 27533 0.03069
4 0 4 27511 0.02998
4 0 4 27510 0.03052
4 0 4 27506 0.03131
4 0 4 27496 0.03073
4 0 4 27494 0.02991
4 0 4 27488 0.03069
4 0 4 27467 0.02929
4 0 4 26043 0.04824
4 0 4 25890 0.04824
4 0 4 25393 0.04706
4 0 4 25185 0.04643
4 0 4 24431 0.04538
4 0 4 24003 0.04438
4 0 4 23656 0.04482
4 0 4 22906 0.04303
4 0 4 15922 0.01821
4 0 4 15919 0.0185
4 0 4 15918 0.01873
4 0 4 15915 0.01832
4 0 4 15911 0.01846
4 0 4 15908 0.01899
4 0 4 15904 0.01891
4 0 4 15902 0.01983
4 0 4 15899 0.01857
4 0 4 15896 0.01796
4 0 4 15895 0.01866
4 0 4 15890 0.01925
4 0 4 15882 0.01852
4 0 4 15877 0.01857
4 0 4 15874 0.01931
4 0 4 15873 0.01822
4 0 4 15857 0.01963
4 0 4 15571 0.02979
4 0 4 15476 0.03061
4 0 4 15333 0.02981
4 0 4 15198 0.02948
4 0 4 15151 0.02866
4 0 4 15040 0.02923
4 0 4 14870 0.02863
4 0 4 14780 0.02885
4 0 4 10404 0.01431
4 0 4 10403 0.01382
4 0 4 10402 0.01361
4 0 4 10401 0.01404
4 0 4 10400 0.01364
4 0 4 10400 0.0135
4 0 4 10399 0.01387
4 0 4 10398 0.01336
4 0 4 10398 0.01328
4 0 4 10397 0.01368
4 0 4 10394 0.0138
4 0 4 10393 0.01412
4 0 4 10392 0.01356
4 0 4 10390 0.01375
4 0 4 10378 0.01412
4 0 4 10373 0.01303
4 0 4 10284 0.02145
4 0 4 10269 0.02097
4 0 4 10192 0.02014
4 0 4 10155 0.02033
4 0 4 10116 0.02009
4 0 4 10114 0.01962
4 0 4 10053 0.0201
4 0 4 9959 0.01948
4 0 4 9908 0.0198
4 0 5 163673 0.201
4 0 5 163090 0.1939
4 0 5 162976 0.221
4 0 5 162800 0.2151
4 0 5 162688 0.2085
4 0 5 162465 0.218
4 0 5 162411 0.2236
4 0 5 162171 0.2339
4 0 5 162082 0.2387
4 0 5 162077 0.2279
4 0 5 161406 0.2241
4 0 5 161322 0.2259
4 0 5 160140 0.2204
4 0 5 160140 0.2264
4 0 5 158938 0.2357
4 0 5 155561 0.2217
4 0 5 150693 0.2291
4 0 5 129818 0.2124
4 0 5 129816 0.2123
4 0 5 129505 0.2141
4 0 5 129489 0.212
4 0 5 129306 0.2181
4 0 5 129174 0.2154
4 0 5 129059 0.209
4 0 5 128811 0.2043
4 0 5 128803 0.2048
4 0 5 128596 0.206
4 0 5 128100 0.1911
4 0 5 128063 0.1762
4 0 5 128013 0.1903
4 0 5 127883 0.1902
4 0 5 127838 0.1901
4 0 5 127585 0.1914
4 0 5 127565 0.1844
4 0 5 127443 0.1886
4 0 5 117613 0.1564
4 0 5 116382 0.1586
4 0 5 112685 0.1604
4 0 5 109578 0.1245
4 0 5 108932 0.1231
4 0 5 108915 0.1215
4 0 5 108695 0.1303
4 0 5 108678 0.1377
4 0 5 108638 0.1364
4 0 5 108583 0.1393
4 0 5 108513 0.135
4 0 5 108474 0.1321
4 0 5 108387 0.1298
4 0 5 108305 0.1253
4 0 5 108030 0.1258
4 0 5 107935 0.1179
4 0 5 107861 0.1325
4 0 5 107665 0.1287
4 0 5 107049 0.1273
4 0 5 106796 0.1273
4 0 5 104941 0.1222
4 0 5 102787 0.1519
4 0 5 99231 0.1378
4 0 5 97405 0.1435
4 0 5 93028 0.1407
4 0 5 92641 0.1354
4 0 5 89929 0.1328
4 0 5 89827 0.1312
4 0 5 87254 0.1288
4 0 5 86606 0.1309
4 0 5 84367 0.1238
4 0 5 82599 0.1231
4 0 5 80490 0.1234
4 0 5 80351 0.1177
4 0 5 77775 0.1183
4 0 5 77026 0.1173
4 0 5 72511 0.1097
4 0 5 71545 0.113
4 0 5 69843 0.1115
4 0 5 64648 0.08378
4 0 5 64648 0.08064
4 0 5 64542 0.07939
4 0 5 64537 0.07912
4 0 5 64504 0.07093
4 0 5 64431 0.07325
4 0 5 64383 0.06953
4 0 5 64371 0.07144
4 0 5 64296 0.07084
4 0 5 64265 0.07104
4 0 5 64242 0.07068
4 0 5 64173 0.0729
4 0 5 64083 0.07187
4 0 5 64073 0.06938
4 0 5 63799 0.07201
4 0 5 63783 0.09936
4 0 5 63103 0.06728
4 0 5 63037 0.0687
4 0 5 58641 0.09274
4 0 5 56154 0.0908
4 0 5 55029 0.08983
4 0 5 53715 0.0886
4 0 5 52721 0.08782
4 0 5 52333 0.08673
4 0 5 48820 0.08122
4 0 5 47154 0.0802
4 0 5 41986 0.04949
4 0 5 41952 0.07105
4 0 5 41945 0.04973
4 0 5 41937 0.05001
4 0 5 41926 0.05034
4 0 5 41918 0.04962
4 0 5 41873 0.04786
4 0 5 41867 0.05042
4 0 5 41854 0.04996
4 0 5 41798 0.04927
4 0 5 41780 0.04968
4 0 5 41778 0.04919
4 0 5 41721 0.0484
4 0 5 41698 0.04938
4 0 5 41604 0.07163
4 0 5 41492 0.04802
4 0 5 40253 0.04725
4 0 5 39471 0.06625
4 0 5 38374 0.06582
4 0 5 37196 0.0639
4 0 5 36836 0.0643
4 0 5 35720 0.06363
4 0 5 35418 0.06373
4 0 5 34924 0.06227
4 0 5 34237 0.06003
4 0 5 28505 0.03002
4 0 5 28502 0.0299
4 0 5 28498 0.0309
4 0 5 28466 0.03035
4 0 5 28453 0.03061
4 0 5 28441 0.03083
4 0 5 28437 0.03046
4 0 5 28425 0.03112
4 0 5 28416 0.03163
4 0 5 28410 0.03028
4 0 5 28396 0.03169
4 0 5 28392 0.02961
4 0 5 28389 0.03098
4 0 5 28384 0.02979
4 0 5 28382 0.02969
4 0 5 28368 0.0303
4 0 5 28358 0.03105
4 0 5 26410 0.04817
4 0 5 25647 0.04762
4 0 5 25406 0.04657
4 0 5 24894 0.0466
4 0 5 24308 0.0449
4 0 5 24214 0.04421
4 0 5 23612 0.04446
4 0 5 22815 0.04299
4 0 5 16239 0.01797
4 0 5 16234 0.01836
4 0 5 16223 0.01804
4 0 5 16222 0.01838
4 0 5 16220 0.01857
4 0 5 16218 0.01764
4 0 5 16217 0.01921
4 0 5 16216 0.01865
4 0 5 16207 0.01797
4 0 5 16206 0.01862
4 0 5 16199 0.01886
4 0 5 16199 0.01907
4 0 5 16192 0.01871
4 0 5 16188 0.01885
4 0 5 16174 0.01896
4 0 5 16168 0.01906
4 0 5 16093 0.01888
4 0 5 15860 0.0305
4 0 5 15644 0.02983
4 0 5 15337 0.02921
4 0 5 15209 0.02913
4 0 5 15095 0.02827
4 0 5 14907 0.02897
4 0 5 14850 0.02788
4 0 5 14589 0.02882
4 0 5 10542 0.01348
4 0 5 10540 0.0136
4 0 5 10538 0.01339
4 0 5 10538 0.01328
4 0 5 10537 0.01335
4 0 5 10536 0.01348
4 0 5 10536 0.01349
4 0 5 10533 0.01366
4 0 5 10532 0.01361
4 0 5 10530 0.01338
4 0 5 10528 0.01315
4 0 5 10527 0.01301
4 0 5 10524 0.01411
4 0 5 10519 0.01319
4 0 5 10517 0.01324
4 0 5 10506 0.01389
4 0 5 10472 0.01278
4 0 5 10320 0.0215
4 0 5 10243 0.02083
4 0 5 10222 0.0205
4 0 5 10123 0.0199
4 0 5 10071 0.02015
4 0 5 10040 0.01978
4 0 5 9926 0.01958
4 0 5 9913 0.01993
