8 0 1 100000 0.1555
8 0 1 100000 0.1382
8 0 1 100000 0.1136
8 0 1 100000 0.1147
8 0 1 100000 0.1122
8 0 1 100000 0.1132
8 0 1 100000 0.1126
8 0 1 100000 0.1148
8 0 1 100000 0.1139
8 0 1 100000 0.113
8 0 1 100000 0.114
8 0 1 100000 0.116
8 0 1 85000 0.1097
8 0 1 85000 0.1095
8 0 1 85000 0.1116
8 0 1 85000 0.1071
8 0 1 85000 0.1129
8 0 1 85000 0.1116
8 0 1 85000 0.1103
8 0 1 85000 0.1129
8 0 1 85000 0.1095
8 0 1 85000 0.112
8 0 1 85000 0.1103
8 0 1 85000 0.1095
8 0 1 85000 0.1162
8 0 1 75000 0.0975
8 0 1 75000 0.09541
8 0 1 75000 0.09718
8 0 1 75000 0.0976
8 0 1 75000 0.09844
8 0 1 75000 0.09692
8 0 1 75000 0.096
8 0 1 75000 0.09384
8 0 1 75000 0.09455
8 0 1 75000 0.09718
8 0 1 75000 0.1016
8 0 1 75000 0.0963
8 0 1 75000 0.09896
8 0 1 50000 0.06419
8 0 1 50000 0.06601
8 0 1 50000 0.06571
8 0 1 50000 0.06529
8 0 1 50000 0.06698
8 0 1 50000 0.06498
8 0 1 50000 0.06524
8 0 1 50000 0.06716
8 0 1 50000 0.06562
8 0 1 50000 0.0636
8 0 1 50000 0.06486
8 0 1 50000 0.06567
8 0 1 35000 0.04474
8 0 1 35000 0.04501
8 0 1 35000 0.04531
8 0 1 35000 0.04564
8 0 1 35000 0.04475
8 0 1 35000 0.04584
8 0 1 35000 0.04574
8 0 1 35000 0.04453
8 0 1 35000 0.04585
8 0 1 35000 0.04572
8 0 1 35000 0.04576
8 0 1 35000 0.04495
8 0 1 25000 0.02861
8 0 1 25000 0.03022
8 0 1 25000 0.02996
8 0 1 25000 0.0304
8 0 1 25000 0.03082
8 0 1 25000 0.02959
8 0 1 25000 0.02928
8 0 1 25000 0.02978
8 0 1 25000 0.03122
8 0 1 25000 0.03089
8 0 1 25000 0.02939
8 0 1 25000 0.02943
8 0 1 25000 0.02891
8 0 1 15000 0.0186
8 0 1 15000 0.01918
8 0 1 15000 0.01942
8 0 1 15000 0.01912
8 0 1 15000 0.01962
8 0 1 15000 0.01858
8 0 1 15000 0.01932
8 0 1 15000 0.01857
8 0 1 15000 0.01933
8 0 1 15000 0.01955
8 0 1 15000 0.01945
8 0 1 15000 0.01875
8 0 1 10000 0.01374
8 0 1 10000 0.01384
8 0 1 10000 0.01203
8 0 1 10000 0.01256
8 0 1 10000 0.01404
8 0 1 10000 0.01301
8 0 1 10000 0.01329
8 0 1 10000 0.0131
8 0 1 10000 0.01267
8 0 1 10000 0.0128
8 0 1 10000 0.01301
8 0 1 10000 0.01221
8 0 1 10000 0.01245
8 0 2 113437 0.1498
8 0 2 113340 0.148
8 0 2 113136 0.1484
8 0 2 113102 0.1488
8 0 2 113048 0.1477
8 0 2 113044 0.1505
8 0 2 112992 0.149
8 0 2 112953 0.1483
8 0 2 112895 0.1372
8 0 2 112806 0.1492
8 0 2 112805 0.1478
8 0 2 112026 0.1461
8 0 2 109432 0.1427
8 0 2 94575 0.1235
8 0 2 94543 0.1237
8 0 2 94476 0.1274
8 0 2 94455 0.1223
8 0 2 94394 0.1003
8 0 2 94346 0.09951
8 0 2 94300 0.09913
8 0 2 94233 0.1001
8 0 2 94142 0.09939
8 0 2 94036 0.1009
8 0 2 93795 0.1021
8 0 2 86602 0.09307
8 0 2 82497 0.09003
8 0 2 82464 0.08731
8 0 2 82458 0.09115
8 0 2 82441 0.09071
8 0 2 82422 0.08913
8 0 2 82392 0.08894
8 0 2 82362 0.08939
8 0 2 82261 0.08974
8 0 2 82238 0.08946
8 0 2 82173 0.09057
8 0 2 82053 0.0901
8 0 2 81923 0.09358
8 0 2 53371 0.06613
8 0 2 53360 0.06544
8 0 2 53346 0.06517
8 0 2 53316 0.06547
8 0 2 53301 0.06442
8 0 2 53292 0.06299
8 0 2 53264 0.06408
8 0 2 53231 0.06598
8 0 2 53200 0.06562
8 0 2 53167 0.06341
8 0 2 52899 0.06466
8 0 2 52580 0.06619
8 0 2 51951 0.0626
8 0 2 36662 0.04273
8 0 2 36662 0.04271
8 0 2 36647 0.04325
8 0 2 36639 0.04257
8 0 2 36617 0.04523
8 0 2 36615 0.0428
8 0 2 36609 0.04449
8 0 2 36602 0.04337
8 0 2 36585 0.04234
8 0 2 36580 0.04336
8 0 2 36580 0.04351
8 0 2 36568 0.04242
8 0 2 36423 0.04342
8 0 2 25842 0.02993
8 0 2 25836 0.028
8 0 2 25836 0.02821
8 0 2 25828 0.02978
8 0 2 25826 0.02983
8 0 2 25820 0.02936
8 0 2 25817 0.02868
8 0 2 25815 0.02891
8 0 2 25806 0.03083
8 0 2 25803 0.02897
8 0 2 25791 0.02877
8 0 2 25771 0.02853
8 0 2 15304 0.01771
8 0 2 15303 0.01742
8 0 2 15302 0.01858
8 0 2 15300 0.01787
8 0 2 15299 0.01771
8 0 2 15299 0.01768
8 0 2 15298 0.01889
8 0 2 15298 0.01856
8 0 2 15297 0.0181
8 0 2 15292 0.01838
8 0 2 15289 0.01775
8 0 2 15283 0.01779
8 0 2 15263 0.01822
8 0 2 10134 0.01325
8 0 2 10133 0.01282
8 0 2 10133 0.01244
8 0 2 10132 0.01318
8 0 2 10132 0.01255
8 0 2 10131 0.01223
8 0 2 10130 0.01234
8 0 2 10128 0.01299
8 0 2 10128 0.01306
8 0 2 10127 0.01279
8 0 2 10120 0.01295
8 0 2 10077 0.0123
8 0 3 128091 0.1777
8 0 3 128058 0.2079
8 0 3 127815 0.2034
8 0 3 127761 0.2022
8 0 3 127701 0.2095
8 0 3 127444 0.1964
8 0 3 127372 0.1804
8 0 3 127323 0.1745
8 0 3 127238 0.1772
8 0 3 127130 0.1783
8 0 3 127070 0.1798
8 0 3 126780 0.1824
8 0 3 105349 0.1085
8 0 3 105174 0.1101
8 0 3 105122 0.1077
8 0 3 105003 0.1088
8 0 3 104912 0.1067
8 0 3 104648 0.1079
8 0 3 104638 0.1089
8 0 3 104548 0.1076
8 0 3 104467 0.1096
8 0 3 104316 0.1091
8 0 3 104116 0.1067
8 0 3 104014 0.1069
8 0 3 103842 0.107
8 0 3 90744 0.09521
8 0 3 90680 0.0958
8 0 3 90553 0.09493
8 0 3 90391 0.09576
8 0 3 90385 0.09412
8 0 3 90325 0.09666
8 0 3 90272 0.09413
8 0 3 90223 0.09368
8 0 3 90171 0.09468
8 0 3 90141 0.0969
8 0 3 89981 0.09615
8 0 3 89157 0.09399
8 0 3 87354 0.09366
8 0 3 56838 0.06845
8 0 3 56780 0.06618
8 0 3 56736 0.06678
8 0 3 56730 0.06719
8 0 3 56710 0.06619
8 0 3 56660 0.06637
8 0 3 56643 0.06663
8 0 3 56581 0.06639
8 0 3 56440 0.06723
8 0 3 56226 0.0665
8 0 3 55756 0.06424
8 0 3 54279 0.06495
8 0 3 38361 0.04531
8 0 3 38337 0.04453
8 0 3 38326 0.04342
8 0 3 38310 0.04562
8 0 3 38305 0.04626
8 0 3 38273 0.0441
8 0 3 38268 0.0455
8 0 3 38256 0.04493
8 0 3 38229 0.04527
8 0 3 38217 0.04465
8 0 3 38187 0.04654
8 0 3 38105 0.04458
8 0 3 26724 0.02936
8 0 3 26697 0.02876
8 0 3 26691 0.03006
8 0 3 26678 0.02928
8 0 3 26669 0.02924
8 0 3 26663 0.02888
8 0 3 26659 0.03009
8 0 3 26655 0.03032
8 0 3 26643 0.02948
8 0 3 26631 0.02816
8 0 3 26617 0.02932
8 0 3 26565 0.02839
8 0 3 26558 0.02834
8 0 3 15608 0.01837
8 0 3 15607 0.01809
8 0 3 15606 0.01823
8 0 3 15604 0.01828
8 0 3 15602 0.01926
8 0 3 15597 0.01901
8 0 3 15593 0.01755
8 0 3 15592 0.01879
8 0 3 15587 0.01838
8 0 3 15585 0.0178
8 0 3 15579 0.01784
8 0 3 15574 0.01785
8 0 3 10268 0.01304
8 0 3 10267 0.01324
8 0 3 10266 0.01363
8 0 3 10263 0.01277
8 0 3 10263 0.0127
8 0 3 10263 0.01286
8 0 3 10262 0.0131
8 0 3 10261 0.01269
8 0 3 10259 0.01247
8 0 3 10258 0.01301
8 0 3 10253 0.01326
8 0 3 10222 0.01267
8 0 3 10139 0.01254
8 0 4 144740 0.2376
8 0 4 144700 0.2265
8 0 4 143941 0.2282
8 0 4 143770 0.2294
8 0 4 143730 0.2302
8 0 4 143031 0.2264
8 0 4 142965 0.2265
8 0 4 142138 0.2247
8 0 4 140617 0.2153
8 0 4 139511 0.2103
8 0 4 139051 0.1973
8 0 4 135488 0.1907
8 0 4 116800 0.1495
8 0 4 116554 0.1363
8 0 4 116411 0.1169
8 0 4 116068 0.1174
8 0 4 115896 0.1159
8 0 4 115817 0.1155
8 0 4 115715 0.118
8 0 4 115243 0.1171
8 0 4 114248 0.1169
8 0 4 114219 0.1155
8 0 4 113509 0.1147
8 0 4 113078 0.1154
8 0 4 111302 0.1152
8 0 4 99564 0.1037
8 0 4 99264 0.1024
8 0 4 99207 0.1029
8 0 4 99081 0.1039
8 0 4 98800 0.1028
8 0 4 98705 0.1026
8 0 4 98597 0.1023
8 0 4 98467 0.1024
8 0 4 98055 0.102
8 0 4 97876 0.09956
8 0 4 96858 0.09958
8 0 4 95377 0.09927
8 0 4 93392 0.1001
8 0 4 60540 0.07086
8 0 4 60499 0.07079
8 0 4 60365 0.07067
8 0 4 60300 0.07011
8 0 4 60172 0.07059
8 0 4 60099 0.06867
8 0 4 60034 0.07097
8 0 4 59957 0.07042
8 0 4 59128 0.06993
8 0 4 58549 0.06811
8 0 4 57564 0.0682
8 0 4 55906 0.06675
8 0 4 40152 0.04779
8 0 4 40071 0.04779
8 0 4 40028 0.04777
8 0 4 40007 0.04907
8 0 4 39993 0.04763
8 0 4 39933 0.04728
8 0 4 39878 0.04675
8 0 4 39775 0.04588
8 0 4 39664 0.04796
8 0 4 39080 0.0461
8 0 4 38843 0.0454
8 0 4 38766 0.04572
8 0 4 27592 0.03106
8 0 4 27569 0.02953
8 0 4 27560 0.03191
8 0 4 27540 0.03175
8 0 4 27516 0.03065
8 0 4 27504 0.02982
8 0 4 27497 0.02933
8 0 4 27477 0.03143
8 0 4 27428 0.03055
8 0 4 27424 0.03053
8 0 4 26989 0.02847
8 0 4 26936 0.02938
8 0 4 26914 0.02966
8 0 4 15917 0.01853
8 0 4 15911 0.0188
8 0 4 15906 0.01877
8 0 4 15903 0.01899
8 0 4 15901 0.01968
8 0 4 15898 0.01833
8 0 4 15886 0.0176
8 0 4 15878 0.01867
8 0 4 15873 0.01893
8 0 4 15861 0.01913
8 0 4 15690 0.01792
8 0 4 15682 0.01744
8 0 4 10405 0.01272
8 0 4 10401 0.01337
8 0 4 10398 0.0132
8 0 4 10398 0.0128
8 0 4 10397 0.01322
8 0 4 10395 0.01338
8 0 4 10391 0.01321
8 0 4 10388 0.01314
8 0 4 10386 0.01302
8 0 4 10311 0.01315
8 0 4 10303 0.01357
8 0 4 10295 0.01345
8 0 4 10182 0.01281
8 0 5 163041 0.2017
8 0 5 162997 0.2433
8 0 5 162676 0.2417
8 0 5 162326 0.2302
8 0 5 161975 0.2281
8 0 5 161424 0.2267
8 0 5 161061 0.2272
8 0 5 160336 0.2199
8 0 5 158611 0.2224
8 0 5 158051 0.2164
8 0 5 156262 0.2247
8 0 5 151965 0.218
8 0 5 151129 0.2129
8 0 5 128825 0.1954
8 0 5 128638 0.2016
8 0 5 128564 0.201
8 0 5 128323 0.1985
8 0 5 128129 0.1929
8 0 5 128057 0.1832
8 0 5 126957 0.1797
8 0 5 126621 0.1808
8 0 5 125885 0.1852
8 0 5 125850 0.1802
8 0 5 125357 0.1851
8 0 5 118229 0.1213
8 0 5 108964 0.1113
8 0 5 108737 0.1124
8 0 5 108462 0.1108
8 0 5 108404 0.1109
8 0 5 108160 0.1098
8 0 5 108111 0.1096
8 0 5 108036 0.114
8 0 5 107475 0.1112
8 0 5 107331 0.1105
8 0 5 106665 0.109
8 0 5 105868 0.1082
8 0 5 102945 0.1079
8 0 5 64564 0.07359
8 0 5 64438 0.07476
8 0 5 64410 0.07505
8 0 5 64360 0.07528
8 0 5 64213 0.07447
8 0 5 64156 0.07511
8 0 5 64094 0.07489
8 0 5 63935 0.07106
8 0 5 63921 0.07453
8 0 5 62892 0.07358
8 0 5 62506 0.07233
8 0 5 62111 0.06967
8 0 5 60865 0.07221
8 0 5 41979 0.05249
8 0 5 41925 0.05112
8 0 5 41878 0.0506
8 0 5 41851 0.04972
8 0 5 41807 0.0509
8 0 5 41756 0.05203
8 0 5 41682 0.05176
8 0 5 41622 0.05125
8 0 5 41613 0.04975
8 0 5 41161 0.05183
8 0 5 40639 0.04797
8 0 5 40582 0.04945
8 0 5 39764 0.05027
8 0 5 28472 0.03177
8 0 5 28463 0.03104
8 0 5 28441 0.03199
8 0 5 28437 0.03229
8 0 5 28417 0.03287
8 0 5 28396 0.03165
8 0 5 28381 0.03045
8 0 5 28332 0.03166
8 0 5 28323 0.03097
8 0 5 28261 0.03301
8 0 5 27832 0.03094
8 0 5 27804 0.03099
8 0 5 16230 0.01897
8 0 5 16221 0.0189
8 0 5 16219 0.01893
8 0 5 16214 0.01922
8 0 5 16210 0.01862
8 0 5 16206 0.01904
8 0 5 16200 0.01956
8 0 5 16189 0.01886
8 0 5 16174 0.0195
8 0 5 16167 0.01999
8 0 5 16129 0.01883
8 0 5 15994 0.01904
8 0 5 15874 0.01965
8 0 5 10539 0.01349
8 0 5 10536 0.0134
8 0 5 10535 0.01338
8 0 5 10532 0.01387
8 0 5 10531 0.01287
8 0 5 10529 0.01388
8 0 5 10526 0.01364
8 0 5 10524 0.01369
8 0 5 10475 0.01338
8 0 5 10443 0.01337
8 0 5 10438 0.01357
8 0 5 10398 0.0136
