8 7 1 100000 0.1073
8 7 1 100000 0.1055
8 7 1 100000 0.1014
8 7 1 100000 0.1036
8 7 1 100000 0.1004
8 7 1 100000 0.1002
8 7 1 100000 0.0992
8 7 1 100000 0.1011
8 7 1 100000 0.1008
8 7 1 100000 0.1007
8 7 1 100000 0.09996
8 7 1 100000 0.09909
8 7 1 85000 0.08947
8 7 1 85000 0.08813
8 7 1 85000 0.08682
8 7 1 85000 0.08614
8 7 1 85000 0.09021
8 7 1 85000 0.08726
8 7 1 85000 0.08847
8 7 1 85000 0.09077
8 7 1 85000 0.09325
8 7 1 85000 0.09264
8 7 1 85000 0.09029
8 7 1 85000 0.09204
8 7 1 85000 0.09062
8 7 1 75000 0.08172
8 7 1 75000 0.08325
8 7 1 75000 0.08373
8 7 1 75000 0.08139
8 7 1 75000 0.08502
8 7 1 75000 0.08265
8 7 1 75000 0.08429
8 7 1 75000 0.08127
8 7 1 75000 0.08085
8 7 1 75000 0.08403
8 7 1 75000 0.08241
8 7 1 75000 0.08224
8 7 1 75000 0.08427
8 7 1 50000 0.0609
8 7 1 50000 0.06009
8 7 1 50000 0.06048
8 7 1 50000 0.05963
8 7 1 50000 0.06117
8 7 1 50000 0.05939
8 7 1 50000 0.05842
8 7 1 50000 0.0593
8 7 1 50000 0.05837
8 7 1 50000 0.05718
8 7 1 50000 0.05813
8 7 1 50000 0.05887
8 7 1 35000 0.04272
8 7 1 35000 0.04399
8 7 1 35000 0.04318
8 7 1 35000 0.04299
8 7 1 35000 0.04168
8 7 1 35000 0.04266
8 7 1 35000 0.04242
8 7 1 35000 0.04188
8 7 1 35000 0.04353
8 7 1 35000 0.04191
8 7 1 35000 0.04251
8 7 1 35000 0.04347
8 7 1 25000 0.02875
8 7 1 25000 0.02907
8 7 1 25000 0.02782
8 7 1 25000 0.02931
8 7 1 25000 0.02998
8 7 1 25000 0.02824
8 7 1 25000 0.02894
8 7 1 25000 0.0291
8 7 1 25000 0.02944
8 7 1 25000 0.02935
8 7 1 25000 0.02797
8 7 1 25000 0.02841
8 7 1 25000 0.0271
8 7 1 15000 0.01806
8 7 1 15000 0.01829
8 7 1 15000 0.01807
8 7 1 15000 0.0178
8 7 1 15000 0.01767
8 7 1 15000 0.0172
8 7 1 15000 0.01753
8 7 1 15000 0.01774
8 7 1 15000 0.01785
8 7 1 15000 0.01707
8 7 1 15000 0.01776
8 7 1 15000 0.018
8 7 1 10000 0.01285
8 7 1 10000 0.01332
8 7 1 10000 0.01253
8 7 1 10000 0.01257
8 7 1 10000 0.01307
8 7 1 10000 0.01265
8 7 1 10000 0.01279
8 7 1 10000 0.01289
8 7 1 10000 0.01238
8 7 1 10000 0.01266
8 7 1 10000 0.0132
8 7 1 10000 0.01265
8 7 1 10000 0.01293
8 7 2 113397 0.113
8 7 2 113393 0.1134
8 7 2 112687 0.1096
8 7 2 111407 0.1098
8 7 2 111163 0.1108
8 7 2 109290 0.108
8 7 2 108851 0.1095
8 7 2 108554 0.1093
8 7 2 106174 0.1063
8 7 2 101821 0.1052
8 7 2 99653 0.09987
8 7 2 99057 0.1017
8 7 2 94835 0.0959
8 7 2 94655 0.08833
8 7 2 93592 0.09656
8 7 2 92518 0.09341
8 7 2 91824 0.09539
8 7 2 90980 0.09499
8 7 2 90706 0.09462
8 7 2 88962 0.09395
8 7 2 88399 0.09291
8 7 2 86734 0.09269
8 7 2 86042 0.08956
8 7 2 83054 0.08829
8 7 2 82612 0.08784
8 7 2 82573 0.08731
8 7 2 82560 0.08598
8 7 2 82551 0.08783
8 7 2 81986 0.08688
8 7 2 81420 0.08623
8 7 2 80661 0.08485
8 7 2 80283 0.08644
8 7 2 80087 0.08519
8 7 2 78236 0.08236
8 7 2 78229 0.08334
8 7 2 76264 0.08292
8 7 2 72954 0.07983
8 7 2 70713 0.07765
8 7 2 53384 0.06391
8 7 2 53380 0.06479
8 7 2 53371 0.06191
8 7 2 53354 0.06309
8 7 2 53353 0.06341
8 7 2 52871 0.06582
8 7 2 52374 0.06152
8 7 2 52181 0.06347
8 7 2 51426 0.06065
8 7 2 51030 0.05883
8 7 2 48633 0.05596
8 7 2 46868 0.05693
8 7 2 36662 0.04409
8 7 2 36653 0.04501
8 7 2 36650 0.04568
8 7 2 36645 0.04323
8 7 2 36624 0.04536
8 7 2 36535 0.04397
8 7 2 35875 0.04364
8 7 2 35110 0.04284
8 7 2 34909 0.04212
8 7 2 34589 0.04229
8 7 2 34083 0.03982
8 7 2 33932 0.04159
8 7 2 25848 0.02972
8 7 2 25845 0.02793
8 7 2 25845 0.02795
8 7 2 25843 0.03018
8 7 2 25840 0.02984
8 7 2 25832 0.02969
8 7 2 25817 0.02925
8 7 2 25793 0.03067
8 7 2 25493 0.03039
8 7 2 25375 0.02925
8 7 2 24908 0.0282
8 7 2 24422 0.02788
8 7 2 24287 0.02754
8 7 2 15304 0.01872
8 7 2 15302 0.01894
8 7 2 15302 0.01834
8 7 2 15302 0.01865
8 7 2 15300 0.0184
8 7 2 15288 0.01832
8 7 2 15270 0.01838
8 7 2 15257 0.01802
8 7 2 15172 0.01769
8 7 2 15057 0.01769
8 7 2 15002 0.0185
8 7 2 14814 0.01719
8 7 2 10135 0.01317
8 7 2 10135 0.01306
8 7 2 10135 0.01302
8 7 2 10135 0.01305
8 7 2 10134 0.0133
8 7 2 10134 0.01279
8 7 2 10133 0.01312
8 7 2 10131 0.01313
8 7 2 10116 0.01251
8 7 2 10090 0.01326
8 7 2 10042 0.01306
8 7 2 10024 0.01238
8 7 2 9907 0.01257
8 7 3 128537 0.1802
8 7 3 126390 0.1721
8 7 3 122914 0.1809
8 7 3 121692 0.1202
8 7 3 119730 0.1192
8 7 3 118998 0.1178
8 7 3 117648 0.1178
8 7 3 113697 0.1138
8 7 3 112895 0.104
8 7 3 107884 0.1083
8 7 3 106075 0.1085
8 7 3 103857 0.1048
8 7 3 103173 0.1053
8 7 3 101811 0.1041
8 7 3 100815 0.1003
8 7 3 98498 0.1006
8 7 3 96837 0.09944
8 7 3 96560 0.09954
8 7 3 95863 0.09892
8 7 3 95698 0.09753
8 7 3 93977 0.0971
8 7 3 92468 0.09449
8 7 3 91300 0.09476
8 7 3 90880 0.09309
8 7 3 89745 0.0951
8 7 3 88668 0.09373
8 7 3 88292 0.09023
8 7 3 88129 0.0919
8 7 3 87324 0.09282
8 7 3 86906 0.09141
8 7 3 85644 0.09004
8 7 3 83637 0.09003
8 7 3 82599 0.0883
8 7 3 81016 0.08709
8 7 3 80345 0.0856
8 7 3 78260 0.08221
8 7 3 77886 0.0857
8 7 3 56992 0.06633
8 7 3 56991 0.06424
8 7 3 56968 0.06479
8 7 3 56923 0.06614
8 7 3 56921 0.06769
8 7 3 56363 0.06462
8 7 3 56035 0.0645
8 7 3 55651 0.06579
8 7 3 53357 0.06536
8 7 3 52725 0.06212
8 7 3 51897 0.06131
8 7 3 51156 0.05814
8 7 3 47187 0.05484
8 7 3 38393 0.0433
8 7 3 38362 0.04477
8 7 3 38309 0.04619
8 7 3 38185 0.04462
8 7 3 37914 0.04492
8 7 3 36945 0.04312
8 7 3 36646 0.0443
8 7 3 36216 0.04372
8 7 3 36167 0.04218
8 7 3 35723 0.04378
8 7 3 35092 0.04163
8 7 3 34251 0.04161
8 7 3 32455 0.0377
8 7 3 26719 0.02927
8 7 3 26714 0.03128
8 7 3 26696 0.02974
8 7 3 26679 0.02991
8 7 3 26655 0.02985
8 7 3 26405 0.02889
8 7 3 26233 0.0289
8 7 3 25997 0.02975
8 7 3 25738 0.03013
8 7 3 25460 0.02906
8 7 3 25239 0.02811
8 7 3 24941 0.02729
8 7 3 15611 0.01934
8 7 3 15606 0.01869
8 7 3 15602 0.01933
8 7 3 15577 0.01917
8 7 3 15563 0.01918
8 7 3 15548 0.01891
8 7 3 15429 0.01785
8 7 3 15363 0.01881
8 7 3 15302 0.01829
8 7 3 15230 0.01795
8 7 3 15172 0.01821
8 7 3 15070 0.01846
8 7 3 15007 0.01812
8 7 3 10271 0.01326
8 7 3 10269 0.01361
8 7 3 10262 0.01312
8 7 3 10253 0.01338
8 7 3 10246 0.01351
8 7 3 10241 0.01335
8 7 3 10171 0.01287
8 7 3 10141 0.01288
8 7 3 10135 0.01301
8 7 3 10040 0.01285
8 7 3 9963 0.01252
8 7 3 9859 0.01303
8 7 4 139153 0.1856
8 7 4 138902 0.188
8 7 4 138167 0.1874
8 7 4 134161 0.1869
8 7 4 130822 0.1872
8 7 4 128315 0.1757
8 7 4 127991 0.1772
8 7 4 127030 0.183
8 7 4 122387 0.1173
8 7 4 117588 0.1146
8 7 4 113190 0.1147
8 7 4 112419 0.1121
8 7 4 111741 0.1088
8 7 4 107310 0.1085
8 7 4 106908 0.1088
8 7 4 106395 0.109
8 7 4 105621 0.1069
8 7 4 105316 0.1089
8 7 4 103038 0.1072
8 7 4 102298 0.102
8 7 4 98811 0.1018
8 7 4 97551 0.0976
8 7 4 96485 0.09846
8 7 4 96117 0.09909
8 7 4 94839 0.09803
8 7 4 94719 0.09402
8 7 4 93792 0.09547
8 7 4 93028 0.09718
8 7 4 91599 0.09524
8 7 4 90212 0.09465
8 7 4 86427 0.09119
8 7 4 85695 0.08287
8 7 4 84563 0.08979
8 7 4 84278 0.09077
8 7 4 81782 0.0869
8 7 4 81777 0.08615
8 7 4 80842 0.08466
8 7 4 60853 0.06861
8 7 4 60826 0.07119
8 7 4 60052 0.06922
8 7 4 59837 0.07139
8 7 4 59645 0.0692
8 7 4 58683 0.06783
8 7 4 57272 0.06666
8 7 4 56844 0.06674
8 7 4 56239 0.06488
8 7 4 55494 0.06578
8 7 4 55286 0.06554
8 7 4 52293 0.06259
8 7 4 50371 0.0581
8 7 4 40206 0.04622
8 7 4 40101 0.04807
8 7 4 40075 0.04711
8 7 4 39723 0.04632
8 7 4 38763 0.0459
8 7 4 38365 0.04593
8 7 4 38025 0.04421
8 7 4 37923 0.0443
8 7 4 37503 0.04329
8 7 4 36361 0.04191
8 7 4 35849 0.04415
8 7 4 35047 0.04097
8 7 4 27608 0.0315
8 7 4 27607 0.03022
8 7 4 27587 0.03152
8 7 4 27557 0.03244
8 7 4 27486 0.0318
8 7 4 27200 0.03176
8 7 4 26888 0.03142
8 7 4 26798 0.02979
8 7 4 26543 0.02981
8 7 4 25940 0.03142
8 7 4 25596 0.02957
8 7 4 25360 0.02812
8 7 4 25020 0.02974
8 7 4 15930 0.01954
8 7 4 15917 0.01868
8 7 4 15855 0.019
8 7 4 15741 0.01883
8 7 4 15646 0.0189
8 7 4 15595 0.01898
8 7 4 15484 0.01939
8 7 4 15428 0.01905
8 7 4 15373 0.01894
8 7 4 15323 0.01841
8 7 4 15298 0.01864
8 7 4 15038 0.01786
8 7 4 14997 0.01864
8 7 4 10407 0.01368
8 7 4 10385 0.01348
8 7 4 10376 0.01401
8 7 4 10360 0.01406
8 7 4 10284 0.01427
8 7 4 10277 0.01343
8 7 4 10272 0.01365
8 7 4 10244 0.01341
8 7 4 10222 0.01298
8 7 4 10169 0.01294
8 7 4 10033 0.01321
8 7 4 9737 0.01288
8 7 5 148497 0.1981
8 7 5 148407 0.194
8 7 5 145197 0.1908
8 7 5 144610 0.1893
8 7 5 139836 0.1929
8 7 5 138940 0.1898
8 7 5 136981 0.1887
8 7 5 133429 0.1852
8 7 5 127376 0.1894
8 7 5 125396 0.1882
8 7 5 121943 0.121
8 7 5 119644 0.1183
8 7 5 117746 0.1165
8 7 5 117322 0.1173
8 7 5 115033 0.1149
8 7 5 114597 0.1132
8 7 5 113536 0.114
8 7 5 110543 0.1112
8 7 5 107003 0.1091
8 7 5 106725 0.1089
8 7 5 104647 0.1075
8 7 5 104312 0.1065
8 7 5 102204 0.1034
8 7 5 102075 0.1061
8 7 5 100843 0.1036
8 7 5 100233 0.1024
8 7 5 97753 0.1002
8 7 5 95506 0.1003
8 7 5 93459 0.09593
8 7 5 92343 0.09696
8 7 5 91168 0.09468
8 7 5 90990 0.09565
8 7 5 88695 0.09172
8 7 5 87829 0.09369
8 7 5 87814 0.09177
8 7 5 86436 0.09032
8 7 5 82050 0.08706
8 7 5 76350 0.08329
8 7 5 64821 0.0735
8 7 5 62609 0.07266
8 7 5 61262 0.0704
8 7 5 60760 0.07072
8 7 5 59141 0.06943
8 7 5 58992 0.06914
8 7 5 58247 0.06527
8 7 5 55786 0.06408
8 7 5 54473 0.06323
8 7 5 53043 0.06351
8 7 5 51823 0.06268
8 7 5 46691 0.05723
8 7 5 41889 0.05076
8 7 5 41367 0.04913
8 7 5 40364 0.04682
8 7 5 40150 0.04902
8 7 5 39831 0.04804
8 7 5 39614 0.04787
8 7 5 39152 0.04828
8 7 5 38477 0.04575
8 7 5 37760 0.04532
8 7 5 37607 0.04292
8 7 5 36309 0.04487
8 7 5 35433 0.04355
8 7 5 34544 0.04238
8 7 5 28523 0.03135
8 7 5 28388 0.03267
8 7 5 28018 0.03136
8 7 5 27721 0.03262
8 7 5 27692 0.03254
8 7 5 27177 0.03223
8 7 5 26948 0.03145
8 7 5 26486 0.03048
8 7 5 26203 0.03062
8 7 5 25854 0.02971
8 7 5 25844 0.03003
8 7 5 24594 0.02956
8 7 5 16156 0.01962
8 7 5 16125 0.01922
8 7 5 16030 0.01991
8 7 5 15874 0.01982
8 7 5 15756 0.01823
8 7 5 15729 0.01889
8 7 5 15699 0.01881
8 7 5 15644 0.01917
8 7 5 15611 0.01951
8 7 5 15501 0.01962
8 7 5 15304 0.01916
8 7 5 15172 0.0186
8 7 5 10551 0.01397
8 7 5 10549 0.01417
8 7 5 10540 0.01409
8 7 5 10453 0.01403
8 7 5 10412 0.01405
8 7 5 10383 0.0143
8 7 5 10356 0.01419
8 7 5 10330 0.01409
8 7 5 10195 0.01359
8 7 5 10167 0.01316
8 7 5 10164 0.01274
8 7 5 10068 0.01367
8 7 5 10033 0.01338
