4 0 1 100000 0.1609
4 0 1 100000 0.1491
4 0 1 100000 0.1457
4 0 1 100000 0.1423
4 0 1 100000 0.1214
4 0 1 100000 0.1052
4 0 1 100000 0.1042
4 0 1 100000 0.1023
4 0 1 100000 0.1043
4 0 1 100000 0.1036
4 0 1 100000 0.1053
4 0 1 100000 0.104
4 0 1 100000 0.1044
4 0 1 100000 0.1469
4 0 1 100000 0.1443
4 0 1 100000 0.1452
4 0 1 100000 0.1447
4 0 1 100000 0.1533
4 0 1 100000 0.13
4 0 1 100000 0.1594
4 0 1 100000 0.1586
4 0 1 100000 0.16
4 0 1 100000 0.1583
4 0 1 100000 0.1625
4 0 1 100000 0.1632
4 0 1 85000 0.1213
4 0 1 85000 0.1198
4 0 1 85000 0.1215
4 0 1 85000 0.1224
4 0 1 85000 0.1207
4 0 1 85000 0.1209
4 0 1 85000 0.1212
4 0 1 85000 0.1202
4 0 1 85000 0.1208
4 0 1 85000 0.1156
4 0 1 85000 0.1042
4 0 1 85000 0.1043
4 0 1 85000 0.1031
4 0 1 85000 0.09994
4 0 1 85000 0.1019
4 0 1 85000 0.09985
4 0 1 85000 0.106
4 0 1 85000 0.1278
4 0 1 85000 0.1303
4 0 1 85000 0.1281
4 0 1 85000 0.1187
4 0 1 85000 0.1176
4 0 1 85000 0.1194
4 0 1 85000 0.12
4 0 1 85000 0.1169
4 0 1 75000 0.08237
4 0 1 75000 0.08157
4 0 1 75000 0.08281
4 0 1 75000 0.08052
4 0 1 75000 0.09391
4 0 1 75000 0.09705
4 0 1 75000 0.0959
4 0 1 75000 0.09647
4 0 1 75000 0.0904
4 0 1 75000 0.09358
4 0 1 75000 0.09602
4 0 1 75000 0.09297
4 0 1 75000 0.09567
4 0 1 75000 0.09264
4 0 1 75000 0.09164
4 0 1 75000 0.09474
4 0 1 75000 0.09321
4 0 1 75000 0.1193
4 0 1 75000 0.1175
4 0 1 75000 0.1203
4 0 1 75000 0.1229
4 0 1 75000 0.1184
4 0 1 75000 0.1188
4 0 1 75000 0.1198
4 0 1 75000 0.1228
4 0 1 50000 0.06414
4 0 1 50000 0.06507
4 0 1 50000 0.066
4 0 1 50000 0.06582
4 0 1 50000 0.06478
4 0 1 50000 0.06494
4 0 1 50000 0.06658
4 0 1 50000 0.06427
4 0 1 50000 0.06629
4 0 1 50000 0.06282
4 0 1 50000 0.0636
4 0 1 50000 0.06371
4 0 1 50000 0.06502
4 0 1 50000 0.06612
4 0 1 50000 0.06384
4 0 1 50000 0.06771
4 0 1 50000 0.0634
4 0 1 50000 0.09097
4 0 1 50000 0.08466
4 0 1 50000 0.0842
4 0 1 50000 0.08505
4 0 1 50000 0.08625
4 0 1 50000 0.08328
4 0 1 50000 0.08526
4 0 1 50000 0.08704
4 0 1 35000 0.04152
4 0 1 35000 0.04159
4 0 1 35000 0.04302
4 0 1 35000 0.04286
4 0 1 35000 0.04352
4 0 1 35000 0.04134
4 0 1 35000 0.0429
4 0 1 35000 0.04278
4 0 1 35000 0.04557
4 0 1 35000 0.04717
4 0 1 35000 0.04802
4 0 1 35000 0.04827
4 0 1 35000 0.04675
4 0 1 35000 0.0462
4 0 1 35000 0.04482
4 0 1 35000 0.04717
4 0 1 35000 0.04517
4 0 1 35000 0.06409
4 0 1 35000 0.06684
4 0 1 35000 0.06346
4 0 1 35000 0.0627
4 0 1 35000 0.06417
4 0 1 35000 0.06341
4 0 1 35000 0.06621
4 0 1 35000 0.06166
4 0 1 25000 0.02928
4 0 1 25000 0.02956
4 0 1 25000 0.03029
4 0 1 25000 0.02942
4 0 1 25000 0.03022
4 0 1 25000 0.02932
4 0 1 25000 0.02939
4 0 1 25000 0.02825
4 0 1 25000 0.03087
4 0 1 25000 0.03022
4 0 1 25000 0.02958
4 0 1 25000 0.0294
4 0 1 25000 0.02879
4 0 1 25000 0.02758
4 0 1 25000 0.03101
4 0 1 25000 0.02979
4 0 1 25000 0.03019
4 0 1 25000 0.04756
4 0 1 25000 0.0465
4 0 1 25000 0.04642
4 0 1 25000 0.04674
4 0 1 25000 0.04871
4 0 1 25000 0.0452
4 0 1 25000 0.04664
4 0 1 25000 0.04578
4 0 1 15000 0.01786
4 0 1 15000 0.01762
4 0 1 15000 0.01813
4 0 1 15000 0.01781
4 0 1 15000 0.01762
4 0 1 15000 0.01718
4 0 1 15000 0.01721
4 0 1 15000 0.01757
4 0 1 15000 0.01791
4 0 1 15000 0.01774
4 0 1 15000 0.01825
4 0 1 15000 0.01794
4 0 1 15000 0.01766
4 0 1 15000 0.01734
4 0 1 15000 0.01748
4 0 1 15000 0.01784
4 0 1 15000 0.01748
4 0 1 15000 0.02835
4 0 1 15000 0.02824
4 0 1 15000 0.02834
4 0 1 15000 0.0281
4 0 1 15000 0.02834
4 0 1 15000 0.02837
4 0 1 15000 0.02782
4 0 1 15000 0.02844
4 0 1 10000 0.01268
4 0 1 10000 0.01282
4 0 1 10000 0.01254
4 0 1 10000 0.01283
4 0 1 10000 0.01254
4 0 1 10000 0.01252
4 0 1 10000 0.01292
4 0 1 10000 0.01234
4 0 1 10000 0.01247
4 0 1 10000 0.01256
4 0 1 10000 0.01284
4 0 1 10000 0.01298
4 0 1 10000 0.01226
4 0 1 10000 0.01307
4 0 1 10000 0.01197
4 0 1 10000 0.01259
4 0 1 10000 0.01337
4 0 1 10000 0.01919
4 0 1 10000 0.01944
4 0 1 10000 0.01929
4 0 1 10000 0.01925
4 0 1 10000 0.01952
4 0 1 10000 0.01971
4 0 1 10000 0.01931
4 0 1 10000 0.01955
4 0 2 113549 0.1646
4 0 2 113442 0.1427
4 0 2 113302 0.1637
4 0 2 113252 0.145
4 0 2 113136 0.1418
4 0 2 113106 0.1399
4 0 2 113044 0.1365
4 0 2 112992 0.1114
4 0 2 112954 0.1129
4 0 2 112915 0.1108
4 0 2 112896 0.1128
4 0 2 112861 0.1094
4 0 2 112761 0.111
4 0 2 112752 0.1112
4 0 2 112330 0.1103
4 0 2 111584 0.1087
4 0 2 110478 0.1099
4 0 2 108927 0.1354
4 0 2 107503 0.1367
4 0 2 105085 0.1387
4 0 2 104361 0.1361
4 0 2 102877 0.1316
4 0 2 102195 0.1336
4 0 2 97681 0.1285
4 0 2 96356 0.1268
4 0 2 94667 0.09622
4 0 2 94575 0.09751
4 0 2 94571 0.09729
4 0 2 94546 0.09622
4 0 2 94475 0.09651
4 0 2 94462 0.09631
4 0 2 94408 0.09721
4 0 2 94367 0.09243
4 0 2 94351 0.09488
4 0 2 94329 0.1257
4 0 2 94300 0.0987
4 0 2 94179 0.09629
4 0 2 94161 0.09558
4 0 2 94142 0.09588
4 0 2 94034 0.09451
4 0 2 93725 0.09519
4 0 2 93558 0.09445
4 0 2 93037 0.09793
4 0 2 89975 0.1235
4 0 2 89908 0.1209
4 0 2 87301 0.1195
4 0 2 86577 0.1181
4 0 2 82620 0.08701
4 0 2 82620 0.08718
4 0 2 82474 0.08548
4 0 2 82472 0.08715
4 0 2 82461 0.08625
4 0 2 82458 0.08523
4 0 2 82441 0.09651
4 0 2 82423 0.111
4 0 2 82419 0.1061
4 0 2 82417 0.1093
4 0 2 82387 0.1094
4 0 2 82288 0.1036
4 0 2 82272 0.1248
4 0 2 82239 0.09625
4 0 2 82095 0.1043
4 0 2 81947 0.1025
4 0 2 81923 0.1075
4 0 2 81699 0.1036
4 0 2 80873 0.1052
4 0 2 80873 0.09848
4 0 2 79350 0.1211
4 0 2 79293 0.1233
4 0 2 78542 0.1213
4 0 2 78158 0.1204
4 0 2 76428 0.1197
4 0 2 76123 0.1202
4 0 2 74187 0.1155
4 0 2 70047 0.1092
4 0 2 53375 0.09246
4 0 2 53372 0.09635
4 0 2 53360 0.07397
4 0 2 53347 0.07586
4 0 2 53332 0.07278
4 0 2 53326 0.07297
4 0 2 53312 0.07238
4 0 2 53301 0.07279
4 0 2 53292 0.071
4 0 2 53281 0.0705
4 0 2 53264 0.06284
4 0 2 53244 0.06404
4 0 2 53210 0.06021
4 0 2 53200 0.06218
4 0 2 53169 0.06294
4 0 2 53167 0.06281
4 0 2 53151 0.06224
4 0 2 52899 0.06298
4 0 2 52450 0.08811
4 0 2 52223 0.05901
4 0 2 51211 0.08749
4 0 2 50778 0.08541
4 0 2 50297 0.08557
4 0 2 47087 0.08003
4 0 2 46998 0.07979
4 0 2 36662 0.044
4 0 2 36662 0.04453
4 0 2 36662 0.06458
4 0 2 36662 0.0645
4 0 2 36647 0.04264
4 0 2 36647 0.04268
4 0 2 36639 0.04212
4 0 2 36620 0.04362
4 0 2 36617 0.04417
4 0 2 36613 0.04199
4 0 2 36609 0.04307
4 0 2 36608 0.0426
4 0 2 36600 0.06457
4 0 2 36585 0.04335
4 0 2 36580 0.04415
4 0 2 36580 0.04397
4 0 2 36568 0.04309
4 0 2 36548 0.04206
4 0 2 36248 0.06449
4 0 2 36004 0.06422
4 0 2 35776 0.0421
4 0 2 35406 0.06247
4 0 2 35087 0.06245
4 0 2 34705 0.06099
4 0 2 34457 0.06131
4 0 2 25845 0.0281
4 0 2 25843 0.04764
4 0 2 25842 0.02765
4 0 2 25836 0.02856
4 0 2 25835 0.02737
4 0 2 25833 0.02933
4 0 2 25829 0.0288
4 0 2 25826 0.0293
4 0 2 25825 0.02881
4 0 2 25820 0.02846
4 0 2 25817 0.02799
4 0 2 25815 0.02769
4 0 2 25808 0.02815
4 0 2 25806 0.0278
4 0 2 25803 0.02744
4 0 2 25797 0.02863
4 0 2 25789 0.02857
4 0 2 25771 0.02879
4 0 2 25736 0.04656
4 0 2 25474 0.04742
4 0 2 24948 0.04511
4 0 2 24923 0.04611
4 0 2 24504 0.04481
4 0 2 24334 0.04541
4 0 2 24136 0.04402
4 0 2 15304 0.01818
4 0 2 15303 0.01709
4 0 2 15302 0.01787
4 0 2 15302 0.01798
4 0 2 15301 0.02942
4 0 2 15300 0.02986
4 0 2 15299 0.018
4 0 2 15299 0.01796
4 0 2 15298 0.01784
4 0 2 15298 0.01797
4 0 2 15297 0.01813
4 0 2 15295 0.01747
4 0 2 15291 0.01821
4 0 2 15289 0.01784
4 0 2 15279 0.01817
4 0 2 15279 0.02869
4 0 2 15272 0.02925
4 0 2 15268 0.01727
4 0 2 15265 0.01807
4 0 2 15186 0.02877
4 0 2 15157 0.02917
4 0 2 15037 0.029
4 0 2 15021 0.02869
4 0 2 14815 0.02834
4 0 2 14812 0.02895
4 0 2 10134 0.01274
4 0 2 10134 0.01265
4 0 2 10134 0.01252
4 0 2 10133 0.01236
4 0 2 10133 0.01322
4 0 2 10133 0.01238
4 0 2 10133 0.01995
4 0 2 10132 0.01229
4 0 2 10132 0.01266
4 0 2 10132 0.02017
4 0 2 10131 0.01277
4 0 2 10130 0.01274
4 0 2 10130 0.02006
4 0 2 10128 0.01261
4 0 2 10128 0.01277
4 0 2 10127 0.01254
4 0 2 10127 0.01245
4 0 2 10120 0.01286
4 0 2 10114 0.01994
4 0 2 10099 0.01997
4 0 2 10077 0.01255
4 0 2 10023 0.01956
4 0 2 10003 0.01946
4 0 2 9911 0.01941
4 0 2 9878 0.0198
4 0 3 128308 0.1766
4 0 3 128147 0.1845
4 0 3 128086 0.1742
4 0 3 127772 0.1772
4 0 3 127701 0.2279
4 0 3 127699 0.2263
4 0 3 127472 0.2291
4 0 3 127418 0.2335
4 0 3 127172 0.2299
4 0 3 127129 0.2252
4 0 3 127116 0.2244
4 0 3 127093 0.2163
4 0 3 126647 0.2147
4 0 3 125315 0.2167
4 0 3 125315 0.2153
4 0 3 122378 0.1447
4 0 3 122378 0.1393
4 0 3 121707 0.167
4 0 3 112090 0.1558
4 0 3 106831 0.1525
4 0 3 105596 0.1613
4 0 3 105229 0.1367
4 0 3 105150 0.1357
4 0 3 105121 0.1238
4 0 3 105096 0.1033
4 0 3 105009 0.1038
4 0 3 105002 0.1055
4 0 3 104954 0.1035
4 0 3 104834 0.1113
4 0 3 104688 0.1069
4 0 3 104552 0.1082
4 0 3 104464 0.1063
4 0 3 104379 0.1024
4 0 3 104340 0.1062
4 0 3 104157 0.1061
4 0 3 104043 0.1066
4 0 3 103428 0.1035
4 0 3 103289 0.1041
4 0 3 100151 0.1326
4 0 3 97894 0.1308
4 0 3 97139 0.129
4 0 3 96805 0.1296
4 0 3 93806 0.1243
4 0 3 93739 0.1245
4 0 3 90721 0.09474
4 0 3 90639 0.09396
4 0 3 90588 0.09358
4 0 3 90493 0.09346
4 0 3 90475 0.09372
4 0 3 90456 0.09302
4 0 3 90416 0.09459
4 0 3 90366 0.09408
4 0 3 90332 0.09229
4 0 3 90283 0.09328
4 0 3 90135 0.09308
4 0 3 90133 0.0928
4 0 3 90018 0.09142
4 0 3 89918 0.09156
4 0 3 89699 0.119
4 0 3 89217 0.09351
4 0 3 88815 0.09292
4 0 3 86216 0.1191
4 0 3 86174 0.1176
4 0 3 84334 0.1165
4 0 3 82041 0.1131
4 0 3 79433 0.1135
4 0 3 78982 0.1129
4 0 3 77579 0.1103
4 0 3 77330 0.1092
4 0 3 77052 0.1089
4 0 3 76141 0.1111
4 0 3 74953 0.1083
4 0 3 74639 0.1075
4 0 3 72650 0.105
4 0 3 70812 0.1048
4 0 3 56954 0.06648
4 0 3 56891 0.06686
4 0 3 56859 0.06492
4 0 3 56835 0.06549
4 0 3 56819 0.06761
4 0 3 56799 0.06388
4 0 3 56780 0.06798
4 0 3 56755 0.06588
4 0 3 56745 0.06795
4 0 3 56708 0.06703
4 0 3 56688 0.0682
4 0 3 56685 0.06681
4 0 3 56634 0.0667
4 0 3 56558 0.06775
4 0 3 56553 0.06441
4 0 3 56305 0.06418
4 0 3 55698 0.06479
4 0 3 54916 0.09244
4 0 3 53824 0.08982
4 0 3 53196 0.0896
4 0 3 52200 0.08642
4 0 3 50462 0.08654
4 0 3 49895 0.08515
4 0 3 48925 0.08358
4 0 3 48228 0.08308
4 0 3 38379 0.04596
4 0 3 38377 0.04478
4 0 3 38356 0.04495
4 0 3 38340 0.04464
4 0 3 38332 0.04651
4 0 3 38319 0.04428
4 0 3 38306 0.04661
4 0 3 38300 0.04384
4 0 3 38299 0.04449
4 0 3 38285 0.04643
4 0 3 38284 0.04479
4 0 3 38266 0.04469
4 0 3 38226 0.04335
4 0 3 38208 0.04627
4 0 3 38173 0.04582
4 0 3 38072 0.0451
4 0 3 37836 0.06632
4 0 3 37081 0.06501
4 0 3 36747 0.06488
4 0 3 36083 0.06361
4 0 3 35310 0.06251
4 0 3 35147 0.06203
4 0 3 34969 0.0613
4 0 3 34381 0.06158
4 0 3 32206 0.05648
4 0 3 26711 0.02873
4 0 3 26710 0.02938
4 0 3 26703 0.02922
4 0 3 26690 0.02994
4 0 3 26687 0.02972
4 0 3 26683 0.02941
4 0 3 26678 0.02834
4 0 3 26667 0.02883
4 0 3 26666 0.02993
4 0 3 26660 0.02873
4 0 3 26657 0.02935
4 0 3 26656 0.03073
4 0 3 26648 0.02959
4 0 3 26637 0.02935
4 0 3 26636 0.02804
4 0 3 26602 0.0295
4 0 3 26598 0.02862
4 0 3 26425 0.04783
4 0 3 25858 0.04698
4 0 3 25198 0.04634
4 0 3 25027 0.04612
4 0 3 24348 0.04388
4 0 3 24168 0.0441
4 0 3 23642 0.04552
4 0 3 23583 0.04416
4 0 3 15609 0.01869
4 0 3 15608 0.01884
4 0 3 15606 0.01799
4 0 3 15603 0.01886
4 0 3 15603 0.01871
4 0 3 15602 0.0187
4 0 3 15600 0.01821
4 0 3 15598 0.01861
4 0 3 15597 0.01819
4 0 3 15596 0.01797
4 0 3 15595 0.01894
4 0 3 15589 0.02971
4 0 3 15585 0.01892
4 0 3 15585 0.01857
4 0 3 15577 0.01784
4 0 3 15573 0.01843
4 0 3 15572 0.01803
4 0 3 15558 0.0191
4 0 3 15287 0.02915
4 0 3 15221 0.02978
4 0 3 15074 0.02923
4 0 3 14992 0.02913
4 0 3 14979 0.02893
4 0 3 14926 0.02864
4 0 3 14778 0.02856
4 0 3 10271 0.0136
4 0 3 10268 0.01315
4 0 3 10268 0.01316
4 0 3 10267 0.0135
4 0 3 10266 0.01319
4 0 3 10266 0.01313
4 0 3 10265 0.01268
4 0 3 10264 0.01375
4 0 3 10264 0.01377
4 0 3 10263 0.01333
4 0 3 10262 0.01315
4 0 3 10261 0.01366
4 0 3 10261 0.01367
4 0 3 10259 0.01327
4 0 3 10259 0.01332
4 0 3 10248 0.01304
4 0 3 10211 0.01288
4 0 3 10193 0.02052
4 0 3 10137 0.02011
4 0 3 10136 0.01958
4 0 3 10077 0.01993
4 0 3 10019 0.0199
4 0 3 10000 0.02019
4 0 3 9975 0.01899
4 0 3 9904 0.01937
4 0 4 145121 0.2015
4 0 4 144609 0.2277
4 0 4 144528 0.2269
4 0 4 144375 0.231
4 0 4 144042 0.2265
4 0 4 143832 0.2236
4 0 4 143766 0.2239
4 0 4 143747 0.2314
4 0 4 143658 0.2279
4 0 4 143529 0.2307
4 0 4 143511 0.233
4 0 4 143156 0.2046
4 0 4 142733 0.1893
4 0 4 141597 0.189
4 0 4 140567 0.1875
4 0 4 137663 0.1736
4 0 4 137663 0.1745
4 0 4 117248 0.1489
4 0 4 117056 0.1152
4 0 4 116950 0.115
4 0 4 116751 0.1151
4 0 4 116714 0.1172
4 0 4 116551 0.1139
4 0 4 116540 0.1136
4 0 4 116410 0.1167
4 0 4 116312 0.1135
4 0 4 116213 0.1149
4 0 4 115900 0.1104
4 0 4 115804 0.1131
4 0 4 115730 0.1148
4 0 4 115667 0.1144
4 0 4 115527 0.1165
4 0 4 115481 0.1132
4 0 4 115309 0.1148
4 0 4 114911 0.1384
4 0 4 114573 0.1149
4 0 4 108847 0.1396
4 0 4 107988 0.1397
4 0 4 105942 0.1375
4 0 4 101210 0.1313
4 0 4 99810 0.1015
4 0 4 99651 0.1039
4 0 4 99594 0.1016
4 0 4 99458 0.1017
4 0 4 99387 0.1009
4 0 4 99308 0.1029
4 0 4 99298 0.09996
4 0 4 99147 0.105
4 0 4 99080 0.1014
4 0 4 98965 0.1018
4 0 4 98899 0.09909
4 0 4 98768 0.1
4 0 4 98741 0.1004
4 0 4 98601 0.1041
4 0 4 98269 0.1008
4 0 4 97605 0.1023
4 0 4 97515 0.1311
4 0 4 97059 0.1295
4 0 4 95568 0.1283
4 0 4 95321 0.1289
4 0 4 93043 0.125
4 0 4 89765 0.1242
4 0 4 86989 0.1204
4 0 4 84474 0.1166
4 0 4 83532 0.117
4 0 4 81520 0.1149
4 0 4 80631 0.1166
4 0 4 79287 0.1134
4 0 4 79094 0.1132
4 0 4 78570 0.112
4 0 4 76517 0.1086
4 0 4 75542 0.1098
4 0 4 73041 0.1071
4 0 4 71495 0.1073
4 0 4 64251 0.09993
4 0 4 60691 0.07187
4 0 4 60664 0.07165
4 0 4 60652 0.07065
4 0 4 60584 0.07211
4 0 4 60504 0.06955
4 0 4 60504 0.06949
4 0 4 60488 0.07364
4 0 4 60475 0.07164
4 0 4 60465 0.07056
4 0 4 60385 0.07018
4 0 4 60367 0.0725
4 0 4 60304 0.07127
4 0 4 60213 0.0733
4 0 4 60192 0.06958
4 0 4 59969 0.06957
4 0 4 59912 0.07202
4 0 4 59204 0.07235
4 0 4 57362 0.09573
4 0 4 55743 0.08976
4 0 4 54199 0.09221
4 0 4 53015 0.08992
4 0 4 52609 0.09048
4 0 4 51944 0.08795
4 0 4 50123 0.0854
4 0 4 47769 0.08216
4 0 4 40151 0.04772
4 0 4 40127 0.04887
4 0 4 40122 0.04889
4 0 4 40098 0.04829
4 0 4 40092 0.04827
4 0 4 40068 0.04765
4 0 4 40066 0.04845
4 0 4 40040 0.0484
4 0 4 40013 0.048
4 0 4 40005 0.04687
4 0 4 39999 0.04786
4 0 4 39973 0.04829
4 0 4 39957 0.04729
4 0 4 39873 0.0467
4 0 4 39827 0.04804
4 0 4 39711 0.04726
4 0 4 38441 0.04567
4 0 4 38280 0.06623
4 0 4 37074 0.06524
4 0 4 36666 0.06369
4 0 4 36442 0.0638
4 0 4 36074 0.06481
4 0 4 35697 0.06325
4 0 4 35522 0.06357
4 0 4 32864 0.05879
4 0 4 27608 0.03021
4 0 4 27586 0.03081
4 0 4 27576 0.03116
4 0 4 27567 0.03201
4 0 4 27563 0.03064
4 0 4 27560 0.0302
4 0 4 27552 0.03164
4 0 4 27547 0.03046
4 0 4 27539 0.03011
4 0 4 27533 0.03114
4 0 4 27511 0.03007
4 0 4 27510 0.03075
4 0 4 27506 0.0317
4 0 4 27496 0.0314
4 0 4 27494 0.03027
4 0 4 27488 0.03126
4 0 4 27467 0.02987
4 0 4 26043 0.04813
4 0 4 25890 0.04798
4 0 4 25393 0.04697
4 0 4 25185 0.04628
4 0 4 24431 0.0451
4 0 4 24003 0.0447
4 0 4 23656 0.0453
4 0 4 22906 0.04328
4 0 4 15922 0.01834
4 0 4 15919 0.0192
4 0 4 15918 0.01892
4 0 4 15915 0.01854
4 0 4 15911 0.01851
4 0 4 15908 0.01924
4 0 4 15904 0.01897
4 0 4 15902 0.01981
4 0 4 15899 0.01947
4 0 4 15896 0.01879
4 0 4 15895 0.01896
4 0 4 15890 0.01916
4 0 4 15882 0.01873
4 0 4 15877 0.01891
4 0 4 15874 0.01939
4 0 4 15873 0.0184
4 0 4 15857 0.01988
4 0 4 15571 0.02989
4 0 4 15476 0.03069
4 0 4 15333 0.03028
4 0 4 15198 0.02979
4 0 4 15151 0.02904
4 0 4 15040 0.0296
4 0 4 14870 0.02895
4 0 4 14780 0.02914
4 0 4 10404 0.01409
4 0 4 10403 0.01557
4 0 4 10402 0.01504
4 0 4 10401 0.01451
4 0 4 10400 0.01509
4 0 4 10400 0.01493
4 0 4 10399 0.0145
4 0 4 10398 0.01408
4 0 4 10398 0.01413
4 0 4 10397 0.01458
4 0 4 10394 0.01475
4 0 4 10393 0.01516
4 0 4 10392 0.01449
4 0 4 10390 0.0147
4 0 4 10378 0.01502
4 0 4 10373 0.01401
4 0 4 10284 0.02225
4 0 4 10269 0.02174
4 0 4 10192 0.02143
4 0 4 10155 0.0215
4 0 4 10116 0.02106
4 0 4 10114 0.02155
4 0 4 10053 0.02117
4 0 4 9959 0.02041
4 0 4 9908 0.02108
4 0 5 163673 0.2718
4 0 5 163090 0.2613
4 0 5 162976 0.2176
4 0 5 162800 0.2358
4 0 5 162688 0.222
4 0 5 162465 0.2318
4 0 5 162411 0.2416
4 0 5 162171 0.2443
4 0 5 162082 0.2351
4 0 5 162077 0.2344
4 0 5 161406 0.2273
4 0 5 161322 0.2283
4 0 5 160140 0.2312
4 0 5 160140 0.2378
4 0 5 158938 0.2361
4 0 5 155561 0.2347
4 0 5 150693 0.2287
4 0 5 129818 0.218
4 0 5 129816 0.2176
4 0 5 129505 0.2187
4 0 5 129489 0.2179
4 0 5 129306 0.2235
4 0 5 129174 0.2197
4 0 5 129059 0.2055
4 0 5 128811 0.2101
4 0 5 128803 0.2088
4 0 5 128596 0.2148
4 0 5 128100 0.1891
4 0 5 128063 0.1872
4 0 5 128013 0.1913
4 0 5 127883 0.1914
4 0 5 127838 0.1947
4 0 5 127585 0.1979
4 0 5 127565 0.1896
4 0 5 127443 0.2016
4 0 5 117613 0.1682
4 0 5 116382 0.1739
4 0 5 112685 0.1699
4 0 5 109578 0.1353
4 0 5 108932 0.1408
4 0 5 108915 0.1409
4 0 5 108695 0.139
4 0 5 108678 0.1418
4 0 5 108638 0.136
4 0 5 108583 0.1338
4 0 5 108513 0.1331
4 0 5 108474 0.1376
4 0 5 108387 0.1347
4 0 5 108305 0.1338
4 0 5 108030 0.1334
4 0 5 107935 0.1253
4 0 5 107861 0.1344
4 0 5 107665 0.1324
4 0 5 107049 0.1246
4 0 5 106796 0.1266
4 0 5 104941 0.1235
4 0 5 102787 0.1497
4 0 5 99231 0.1391
4 0 5 97405 0.1448
4 0 5 93028 0.1386
4 0 5 92641 0.1408
4 0 5 89929 0.1353
4 0 5 89827 0.1359
4 0 5 87254 0.1321
4 0 5 86606 0.1305
4 0 5 84367 0.1275
4 0 5 82599 0.1262
4 0 5 80490 0.1251
4 0 5 80351 0.1191
4 0 5 77775 0.1249
4 0 5 77026 0.1223
4 0 5 72511 0.1101
4 0 5 71545 0.1073
4 0 5 69843 0.1048
4 0 5 64648 0.07312
4 0 5 64648 0.07337
4 0 5 64542 0.07242
4 0 5 64537 0.07318
4 0 5 64504 0.07248
4 0 5 64431 0.07386
4 0 5 64383 0.06988
4 0 5 64371 0.07331
4 0 5 64296 0.07262
4 0 5 64265 0.07263
4 0 5 64242 0.0716
4 0 5 64173 0.07458
4 0 5 64083 0.07372
4 0 5 64073 0.07189
4 0 5 63799 0.07217
4 0 5 63783 0.1015
4 0 5 63103 0.06947
4 0 5 63037 0.07029
4 0 5 58641 0.09526
4 0 5 56154 0.09234
4 0 5 55029 0.0916
4 0 5 53715 0.09066
4 0 5 52721 0.08783
4 0 5 52333 0.08777
4 0 5 48820 0.08266
4 0 5 47154 0.08059
4 0 5 41986 0.04984
4 0 5 41952 0.07205
4 0 5 41945 0.05024
4 0 5 41937 0.05017
4 0 5 41926 0.05055
4 0 5 41918 0.05
4 0 5 41873 0.04907
4 0 5 41867 0.05059
4 0 5 41854 0.05099
4 0 5 41798 0.04988
4 0 5 41780 0.05056
4 0 5 41778 0.05013
4 0 5 41721 0.04923
4 0 5 41698 0.04948
4 0 5 41604 0.07169
4 0 5 41492 0.04855
4 0 5 40253 0.04826
4 0 5 39471 0.06642
4 0 5 38374 0.06657
4 0 5 37196 0.06432
4 0 5 36836 0.0644
4 0 5 35720 0.06305
4 0 5 35418 0.06323
4 0 5 34924 0.06194
4 0 5 34237 0.06064
4 0 5 28505 0.03062
4 0 5 28502 0.03046
4 0 5 28498 0.03136
4 0 5 28466 0.03091
4 0 5 28453 0.03071
4 0 5 28441 0.0312
4 0 5 28437 0.03076
4 0 5 28425 0.03152
4 0 5 28416 0.0318
4 0 5 28410 0.03049
4 0 5 28396 0.03203
4 0 5 28392 0.02988
4 0 5 28389 0.03112
4 0 5 28384 0.03019
4 0 5 28382 0.03006
4 0 5 28368 0.03069
4 0 5 28358 0.03142
4 0 5 26410 0.04788
4 0 5 25647 0.04732
4 0 5 25406 0.04619
4 0 5 24894 0.04644
4 0 5 24308 0.0451
4 0 5 24214 0.04455
4 0 5 23612 0.04471
4 0 5 22815 0.04327
4 0 5 16239 0.01806
4 0 5 16234 0.01859
4 0 5 16223 0.01828
4 0 5 16222 0.01853
4 0 5 16220 0.01851
4 0 5 16218 0.01903
4 0 5 16217 0.01934
4 0 5 16216 0.01883
4 0 5 16207 0.01821
4 0 5 16206 0.01879
4 0 5 16199 0.0195
4 0 5 16199 0.01944
4 0 5 16192 0.01876
4 0 5 16188 0.01904
4 0 5 16174 0.01913
4 0 5 16168 0.0194
4 0 5 16093 0.01917
4 0 5 15860 0.03074
4 0 5 15644 0.03015
4 0 5 15337 0.02965
4 0 5 15209 0.02958
4 0 5 15095 0.02854
4 0 5 14907 0.02925
4 0 5 14850 0.02798
4 0 5 14589 0.02904
4 0 5 10542 0.01359
4 0 5 10540 0.01341
4 0 5 10538 0.01336
4 0 5 10538 0.01355
4 0 5 10537 0.01361
4 0 5 10536 0.01327
4 0 5 10536 0.01313
4 0 5 10533 0.01348
4 0 5 10532 0.01341
4 0 5 10530 0.01361
4 0 5 10528 0.01299
4 0 5 10527 0.01289
4 0 5 10524 0.01319
4 0 5 10519 0.01312
4 0 5 10517 0.01317
4 0 5 10506 0.0137
4 0 5 10472 0.01281
4 0 5 10320 0.02115
4 0 5 10243 0.02066
4 0 5 10222 0.02065
4 0 5 10123 0.02008
4 0 5 10071 0.02015
4 0 5 10040 0.01989
4 0 5 9926 0.01968
4 0 5 9913 0.02015
