16 12 1 100000 0.1421
16 12 1 100000 0.1354
16 12 1 100000 0.135
16 12 1 100000 0.1334
16 12 1 100000 0.1313
16 12 1 100000 0.1329
16 12 1 85000 0.1143
16 12 1 85000 0.1147
16 12 1 85000 0.1155
16 12 1 85000 0.1164
16 12 1 85000 0.1141
16 12 1 85000 0.08801
16 12 1 75000 0.07895
16 12 1 75000 0.07915
16 12 1 75000 0.07985
16 12 1 75000 0.07985
16 12 1 75000 0.08123
16 12 1 75000 0.08093
16 12 1 75000 0.07847
16 12 1 50000 0.05657
16 12 1 50000 0.05786
16 12 1 50000 0.05846
16 12 1 50000 0.05807
16 12 1 50000 0.05787
16 12 1 35000 0.04142
16 12 1 35000 0.04136
16 12 1 35000 0.04204
16 12 1 35000 0.04106
16 12 1 35000 0.04139
16 12 1 35000 0.04023
16 12 1 35000 0.04193
16 12 1 25000 0.02795
16 12 1 25000 0.02727
16 12 1 25000 0.02717
16 12 1 25000 0.02662
16 12 1 25000 0.02768
16 12 1 25000 0.02692
16 12 1 15000 0.01757
16 12 1 15000 0.01631
16 12 1 15000 0.01676
16 12 1 15000 0.01723
16 12 1 15000 0.01714
16 12 1 15000 0.01772
16 12 1 15000 0.01662
16 12 1 10000 0.01235
16 12 1 10000 0.01263
16 12 1 10000 0.01184
16 12 1 10000 0.01209
16 12 1 10000 0.01234
16 12 1 10000 0.01248
16 12 2 113094 0.1134
16 12 2 112847 0.1099
16 12 2 112151 0.1137
16 12 2 111953 0.1117
16 12 2 109984 0.1113
16 12 2 106124 0.1057
16 12 2 94193 0.09736
16 12 2 94151 0.0995
16 12 2 94038 0.09537
16 12 2 93389 0.09677
16 12 2 93014 0.09676
16 12 2 89363 0.09617
16 12 2 82362 0.08693
16 12 2 82313 0.08807
16 12 2 82146 0.08589
16 12 2 81984 0.08497
16 12 2 81671 0.08906
16 12 2 78024 0.08417
16 12 2 75964 0.08116
16 12 2 53311 0.05957
16 12 2 53266 0.06247
16 12 2 53218 0.06232
16 12 2 53108 0.06258
16 12 2 51115 0.05838
16 12 2 36625 0.04286
16 12 2 36617 0.04212
16 12 2 36587 0.04375
16 12 2 36573 0.04262
16 12 2 36564 0.04338
16 12 2 36507 0.04258
16 12 2 34220 0.03908
16 12 2 25832 0.02871
16 12 2 25814 0.02898
16 12 2 25791 0.02726
16 12 2 25772 0.02859
16 12 2 25559 0.02763
16 12 2 24422 0.0267
16 12 2 15300 0.01835
16 12 2 15296 0.01828
16 12 2 15290 0.01751
16 12 2 15285 0.01834
16 12 2 15268 0.01976
16 12 2 15228 0.01919
16 12 2 15000 0.01816
16 12 2 10133 0.01328
16 12 2 10131 0.01347
16 12 2 10130 0.01396
16 12 2 10129 0.01379
16 12 2 10124 0.01363
16 12 2 10003 0.01312
16 12 3 126706 0.219
16 12 3 126578 0.215
16 12 3 125131 0.2103
16 12 3 124225 0.212
16 12 3 122165 0.1574
16 12 3 119920 0.1545
16 12 3 104073 0.1372
16 12 3 104000 0.1386
16 12 3 103355 0.1379
16 12 3 102874 0.1344
16 12 3 100498 0.1327
16 12 3 97476 0.1293
16 12 3 91175 0.1252
16 12 3 89864 0.1206
16 12 3 89652 0.1184
16 12 3 89039 0.1195
16 12 3 86652 0.1167
16 12 3 84501 0.1053
16 12 3 76767 0.07878
16 12 3 56517 0.06656
16 12 3 56458 0.06575
16 12 3 56239 0.0682
16 12 3 56077 0.06451
16 12 3 54331 0.06471
16 12 3 52391 0.06248
16 12 3 38177 0.04373
16 12 3 38171 0.04439
16 12 3 38110 0.04379
16 12 3 38028 0.04419
16 12 3 37109 0.04159
16 12 3 35733 0.04278
16 12 3 26612 0.02849
16 12 3 26593 0.02738
16 12 3 26558 0.02825
16 12 3 26459 0.0287
16 12 3 26217 0.02784
16 12 3 25204 0.02747
16 12 3 15575 0.01756
16 12 3 15561 0.01823
16 12 3 15555 0.01772
16 12 3 15551 0.01799
16 12 3 15505 0.01868
16 12 3 15290 0.01796
16 12 3 10257 0.01249
16 12 3 10256 0.01293
16 12 3 10251 0.01259
16 12 3 10247 0.01258
16 12 3 10241 0.01283
16 12 3 10170 0.01233
16 12 3 9987 0.01245
16 12 4 142655 0.1847
16 12 4 141611 0.1878
16 12 4 140158 0.1881
16 12 4 138948 0.1887
16 12 4 138803 0.1891
16 12 4 135296 0.1811
16 12 4 115617 0.1151
16 12 4 114570 0.1173
16 12 4 114470 0.1183
16 12 4 113016 0.1144
16 12 4 109053 0.1114
16 12 4 107343 0.1118
16 12 4 101146 0.1046
16 12 4 98172 0.1039
16 12 4 97743 0.1022
16 12 4 96454 0.09979
16 12 4 94333 0.0988
16 12 4 92514 0.09667
16 12 4 60401 0.07071
16 12 4 60054 0.07173
16 12 4 60015 0.07202
16 12 4 59854 0.07254
16 12 4 59754 0.07139
16 12 4 58683 0.0694
16 12 4 56207 0.06789
16 12 4 39918 0.04718
16 12 4 39886 0.0485
16 12 4 39854 0.04743
16 12 4 39776 0.04758
16 12 4 39685 0.04793
16 12 4 38420 0.04536
16 12 4 27478 0.02992
16 12 4 27443 0.03124
16 12 4 27409 0.03203
16 12 4 27381 0.02982
16 12 4 27227 0.03159
16 12 4 26851 0.02996
16 12 4 25788 0.02972
16 12 4 15864 0.01812
16 12 4 15853 0.01911
16 12 4 15843 0.01889
16 12 4 15819 0.01909
16 12 4 15687 0.01815
16 12 4 10389 0.01269
16 12 4 10386 0.01336
16 12 4 10381 0.01352
16 12 4 10373 0.01362
16 12 4 10300 0.01272
16 12 4 10291 0.01351
16 12 4 10243 0.01314
16 12 5 156779 0.1943
16 12 5 156245 0.1912
16 12 5 149713 0.1968
16 12 5 149097 0.1889
16 12 5 144833 0.1856
16 12 5 144519 0.1873
16 12 5 127297 0.1798
16 12 5 125108 0.1763
16 12 5 120603 0.1211
16 12 5 118018 0.1163
16 12 5 117645 0.1161
16 12 5 113080 0.1152
16 12 5 107929 0.1102
16 12 5 105301 0.1074
16 12 5 102930 0.1037
16 12 5 101933 0.1056
16 12 5 100507 0.1033
16 12 5 96205 0.0998
16 12 5 63927 0.07239
16 12 5 63815 0.0723
16 12 5 61558 0.07111
16 12 5 61005 0.0706
16 12 5 59858 0.06999
16 12 5 59062 0.06755
16 12 5 55759 0.06429
16 12 5 41701 0.05135
16 12 5 41549 0.04885
16 12 5 41489 0.0492
16 12 5 39923 0.04733
16 12 5 38769 0.04528
16 12 5 38509 0.04434
16 12 5 28387 0.03032
16 12 5 28344 0.0294
16 12 5 28093 0.03074
16 12 5 27880 0.03106
16 12 5 27411 0.02944
16 12 5 26894 0.02788
16 12 5 25097 0.02722
16 12 5 16161 0.01766
16 12 5 16039 0.0181
16 12 5 15857 0.01813
16 12 5 15842 0.01873
16 12 5 15594 0.01821
16 12 5 10520 0.01271
16 12 5 10514 0.01319
16 12 5 10503 0.0128
16 12 5 10389 0.01282
16 12 5 10365 0.01287
16 12 5 10267 0.01299
16 12 5 10117 0.01221
