16 5 1 1500 1 4 0 105192
16 5 1 1501 1 5 1 93408
16 5 1 1502 1 6 2 103112
16 5 1 1503 1 7 3 107503
16 5 1 1504 1 0 4 100508
16 5 1 1505 1 1 5 100357
16 5 1 1506 1 2 6 97119
16 5 1 1507 1 3 7 98250
16 5 1 1508 1 4 8 98543
16 5 1 1509 1 5 9 101728
16 5 1 1510 1 6 10 101476
16 5 1 1511 1 7 11 104189
16 5 1 1512 1 0 12 99134
16 5 1 1513 1 1 13 100594
16 5 1 1514 1 2 14 103317
16 5 1 1515 1 3 15 103000
16 5 1 1516 1 4 16 105944
16 5 1 1517 1 5 17 101447
16 5 1 1518 1 6 18 92004
16 5 1 1519 1 7 19 92288
16 5 1 1520 1 0 20 101116
16 5 1 1521 1 1 21 100700
16 5 1 1522 1 2 22 103356
16 5 1 1523 1 3 23 96250
16 5 1 1524 1 4 24 98326
16 5 1 1525 1 5 25 108169
16 5 1 1526 1 6 26 98516
16 5 1 1527 1 7 27 102354
16 5 1 1528 1 0 28 100996
16 5 1 1529 1 1 29 99868
16 5 1 1530 1 2 30 103376
16 5 1 1531 1 3 31 102480
16 5 1 1532 1 4 32 103999
16 5 1 1533 1 5 33 104484
16 5 1 1534 1 6 34 94608
16 5 1 1535 1 7 35 113279
16 5 1 1536 1 0 36 101306
16 5 1 1537 1 1 37 101930
16 5 1 1538 1 2 38 103262
16 5 1 1539 1 3 39 103440
16 5 1 1540 1 4 40 99160
16 5 1 1541 1 5 41 110069
16 5 1 1542 1 6 42 100438
16 5 1 1543 1 7 43 112362
16 5 1 1544 1 0 44 101334
16 5 1 1545 1 1 45 101038
16 5 1 1546 1 2 46 102807
16 5 1 1547 1 3 47 104416
16 5 1 1548 1 4 48 106338
16 5 1 1549 1 5 49 102565
16 5 1 1550 1 6 50 96438
16 5 1 1551 1 7 51 100947
16 5 1 1552 1 0 52 101336
16 5 1 1553 1 1 53 99610
16 5 1 1554 1 2 54 103381
16 5 1 1555 1 3 55 99736
16 5 1 1556 1 4 56 106751
16 5 1 1557 1 5 57 101198
16 5 1 1558 1 6 58 107259
16 5 1 1559 1 7 59 109604
16 5 1 1560 1 0 60 100824
16 5 1 1561 1 1 61 98752
16 5 1 1562 1 2 62 99857
16 5 1 1563 1 3 63 96250
16 5 1 1564 1 4 64 99266
16 5 1 1565 1 5 65 98926
16 5 1 1566 1 6 66 89916
16 5 1 1567 1 7 67 108982
16 5 1 1568 1 0 68 101287
16 5 1 1569 1 1 69 100239
16 5 1 1570 1 2 70 98766
16 5 1 1571 1 3 71 100834
16 5 1 1572 1 4 72 103168
16 5 1 1573 1 5 73 101475
16 5 1 1574 1 6 74 101856
16 5 1 1575 1 7 75 105124
16 5 1 1576 1 0 76 99896
16 5 1 1577 1 1 77 101992
16 5 1 1578 1 2 78 97150
16 5 1 1579 1 3 79 100750
16 5 1 1580 1 4 80 93572
16 5 1 1581 1 5 81 95586
16 5 1 1582 1 6 82 91879
16 5 1 1583 1 7 83 112345
16 5 1 1584 1 0 84 100239
16 5 1 1585 1 1 85 98122
16 5 1 1586 1 2 86 100000
16 5 1 1587 1 3 87 96250
16 5 1 1588 1 4 88 96446
16 5 1 1589 1 5 89 98117
16 5 1 1590 1 6 90 100070
16 5 1 1591 1 7 91 102279
16 5 1 1592 1 0 92 99020
16 5 1 1593 1 1 93 101856
16 5 1 1594 1 2 94 99856
16 5 1 1595 1 3 95 104750
16 5 1 1596 1 4 96 102457
16 5 1 1597 1 5 97 109056
16 5 1 1598 1 6 98 111288
16 5 1 1599 1 7 99 101500
16 5 1 1600 2 0 0 100000
16 5 1 1601 2 1 1 100000
16 5 1 1602 2 2 2 100000
16 5 1 1603 2 3 3 100000
16 5 1 1604 2 4 4 100000
16 5 1 1605 2 5 5 100000
16 5 1 1606 2 6 6 100000
16 5 1 1607 2 7 7 100000
16 5 1 1608 2 0 8 100000
16 5 1 1609 2 1 9 100000
16 5 1 1610 2 2 10 100000
16 5 1 1611 2 3 11 100000
16 5 1 1612 2 4 12 100000
16 5 1 1613 2 5 13 100000
16 5 1 1614 2 6 14 100000
16 5 1 1615 2 7 15 100000
16 5 1 1616 2 0 16 100000
16 5 1 1617 2 1 17 100000
16 5 1 1618 2 2 18 100000
16 5 1 1619 2 3 19 100000
16 5 1 1620 2 4 20 100000
16 5 1 1621 2 5 21 100000
16 5 1 1622 2 6 22 100000
16 5 1 1623 2 7 23 100000
16 5 1 1624 2 0 24 100000
16 5 1 1625 2 1 25 100000
16 5 1 1626 2 2 26 100000
16 5 1 1627 2 3 27 100000
16 5 1 1628 2 4 28 100000
16 5 1 1629 2 5 29 100000
16 5 1 1630 2 6 30 100000
16 5 1 1631 2 7 31 100000
16 5 1 1632 2 0 32 100000
16 5 1 1633 2 1 33 100000
16 5 1 1634 2 2 34 100000
16 5 1 1635 2 3 35 100000
16 5 1 1636 2 4 36 100000
16 5 1 1637 2 5 37 100000
16 5 1 1638 2 6 38 100000
16 5 1 1639 2 7 39 100000
16 5 1 1640 2 0 40 100000
16 5 1 1641 2 1 41 100000
16 5 1 1642 2 2 42 100000
16 5 1 1643 2 3 43 100000
16 5 1 1644 2 4 44 100000
16 5 1 1645 2 5 45 100000
16 5 1 1646 2 6 46 100000
16 5 1 1647 2 7 47 100000
16 5 1 1648 2 0 48 100000
16 5 1 1649 2 1 49 100000
16 5 1 1650 2 2 50 100000
16 5 1 1651 2 3 51 100000
16 5 1 1652 2 4 52 100000
16 5 1 1653 2 5 53 100000
16 5 1 1654 2 6 54 100000
16 5 1 1655 2 7 55 100000
16 5 1 1656 2 0 56 100000
16 5 1 1657 2 1 57 100000
16 5 1 1658 2 2 58 100000
16 5 1 1659 2 3 59 100000
16 5 1 1660 2 4 60 100000
16 5 1 1661 2 5 61 100000
16 5 1 1662 2 6 62 100000
16 5 1 1663 2 7 63 100000
16 5 1 1664 2 0 64 100000
16 5 1 1665 2 1 65 100000
16 5 1 1666 2 2 66 100000
16 5 1 1667 2 3 67 100000
16 5 1 1668 2 4 68 100000
16 5 1 1669 2 5 69 100000
16 5 1 1670 2 6 70 100000
16 5 1 1671 2 7 71 100000
16 5 1 1672 2 0 72 100000
16 5 1 1673 2 1 73 100000
16 5 1 1674 2 2 74 100000
16 5 1 1675 2 3 75 100000
16 5 1 1676 2 4 76 100000
16 5 1 1677 2 5 77 100000
16 5 1 1678 2 6 78 100000
16 5 1 1679 2 7 79 100000
16 5 1 1680 2 0 80 100000
16 5 1 1681 2 1 81 100000
16 5 1 1682 2 2 82 100000
16 5 1 1683 2 3 83 100000
16 5 1 1684 2 4 84 100000
16 5 1 1685 2 5 85 100000
16 5 1 1686 2 6 86 100000
16 5 1 1687 2 7 87 100000
16 5 1 1688 2 0 88 100000
16 5 1 1689 2 1 89 100000
16 5 1 1690 2 2 90 100000
16 5 1 1691 2 3 91 100000
16 5 1 1692 2 4 92 100000
16 5 1 1693 2 5 93 100000
16 5 1 1694 2 6 94 100000
16 5 1 1695 2 7 95 100000
16 5 1 1696 2 0 96 100000
16 5 1 1697 2 1 97 100000
16 5 1 1698 2 2 98 100000
16 5 1 1699 2 3 99 100000
16 5 1 1700 2 4 0 100000
16 5 1 1701 2 5 1 100000
16 5 1 1702 2 6 2 100000
16 5 1 1703 2 7 3 100000
16 5 1 1704 2 0 4 100000
16 5 1 1705 2 1 5 100000
16 5 1 1706 2 2 6 100000
16 5 1 1707 2 3 7 100000
16 5 1 1708 2 4 8 100000
16 5 1 1709 2 5 9 100000
16 5 1 1710 2 6 10 100000
16 5 1 1711 2 7 11 100000
16 5 1 1712 2 0 12 100000
16 5 1 1713 2 1 13 100000
16 5 1 1714 2 2 14 100000
16 5 1 1715 2 3 15 100000
16 5 1 1716 2 4 16 100000
16 5 1 1717 2 5 17 100000
16 5 1 1718 2 6 18 100000
16 5 1 1719 2 7 19 100000
16 5 1 1720 2 0 20 100000
16 5 1 1721 2 1 21 100000
16 5 1 1722 2 2 22 100000
16 5 1 1723 2 3 23 100000
16 5 1 1724 2 4 24 100000
16 5 1 1725 2 5 25 100000
16 5 1 1726 2 6 26 100000
16 5 1 1727 2 7 27 100000
16 5 1 1728 2 0 28 100000
16 5 1 1729 2 1 29 100000
16 5 1 1730 2 2 30 100000
16 5 1 1731 2 3 31 100000
16 5 1 1732 2 4 32 100000
16 5 1 1733 2 5 33 100000
16 5 1 1734 2 6 34 100000
16 5 1 1735 2 7 35 100000
16 5 1 1736 2 0 36 100000
16 5 1 1737 2 1 37 100000
16 5 1 1738 2 2 38 100000
16 5 1 1739 2 3 39 100000
16 5 1 1740 2 4 40 100000
16 5 1 1741 2 5 41 100000
16 5 1 1742 2 6 42 100000
16 5 1 1743 2 7 43 100000
16 5 1 1744 2 0 44 100000
16 5 1 1745 2 1 45 100000
16 5 1 1746 2 2 46 100000
16 5 1 1747 2 3 47 100000
16 5 1 1748 2 4 48 100000
16 5 1 1749 2 5 49 100000
16 5 1 1750 2 6 50 100000
16 5 1 1751 2 7 51 100000
16 5 1 1752 2 0 52 100000
16 5 1 1753 2 1 53 100000
16 5 1 1754 2 2 54 100000
16 5 1 1755 2 3 55 100000
16 5 1 1756 2 4 56 100000
16 5 1 1757 2 5 57 100000
16 5 1 1758 2 6 58 100000
16 5 1 1759 2 7 59 100000
16 5 1 1760 2 0 60 100000
16 5 1 1761 2 1 61 100000
16 5 1 1762 2 2 62 100000
16 5 1 1763 2 3 63 100000
16 5 1 1764 2 4 64 100000
16 5 1 1765 2 5 65 100000
16 5 1 1766 2 6 66 100000
16 5 1 1767 2 7 67 100000
16 5 1 1768 2 0 68 100000
16 5 1 1769 2 1 69 100000
16 5 1 1770 2 2 70 100000
16 5 1 1771 2 3 71 100000
16 5 1 1772 2 4 72 100000
16 5 1 1773 2 5 73 100000
16 5 1 1774 2 6 74 100000
16 5 1 1775 2 7 75 100000
16 5 1 1776 2 0 76 100000
16 5 1 1777 2 1 77 100000
16 5 1 1778 2 2 78 100000
16 5 1 1779 2 3 79 100000
16 5 1 1780 2 4 80 100000
16 5 1 1781 2 5 81 100000
16 5 1 1782 2 6 82 100000
16 5 1 1783 2 7 83 100000
16 5 1 1784 2 0 84 100000
16 5 1 1785 2 1 85 100000
16 5 1 1786 2 2 86 100000
16 5 1 1787 2 3 87 100000
16 5 1 1788 2 4 88 100000
16 5 1 1789 2 5 89 100000
16 5 1 1790 2 6 90 100000
16 5 1 1791 2 7 91 100000
16 5 1 1792 2 0 92 100000
16 5 1 1793 2 1 93 100000
16 5 1 1794 2 2 94 100000
16 5 1 1795 2 3 95 100000
16 5 1 1796 2 4 96 100000
16 5 1 1797 2 5 97 100000
16 5 1 1798 2 6 98 100000
16 5 1 1799 2 7 99 100000
16 5 2 1500 1 4 0 110120
16 5 2 1501 1 5 1 96290
16 5 2 1502 1 6 2 104407
16 5 2 1503 1 7 3 117726
16 5 2 1504 1 0 4 100441
16 5 2 1505 1 1 5 102346
16 5 2 1506 1 2 6 99882
16 5 2 1507 1 3 7 102922
16 5 2 1508 1 4 8 102341
16 5 2 1509 1 5 9 95804
16 5 2 1510 1 6 10 102113
16 5 2 1511 1 7 11 113560
16 5 2 1512 1 0 12 100313
16 5 2 1513 1 1 13 99511
16 5 2 1514 1 2 14 101140
16 5 2 1515 1 3 15 98776
16 5 2 1516 1 4 16 113064
16 5 2 1517 1 5 17 104853
16 5 2 1518 1 6 18 84859
16 5 2 1519 1 7 19 96309
16 5 2 1520 1 0 20 100887
16 5 2 1521 1 1 21 102617
16 5 2 1522 1 2 22 101314
16 5 2 1523 1 3 23 95144
16 5 2 1524 1 4 24 103246
16 5 2 1525 1 5 25 118704
16 5 2 1526 1 6 26 108650
16 5 2 1527 1 7 27 106071
16 5 2 1528 1 0 28 100314
16 5 2 1529 1 1 29 101456
16 5 2 1530 1 2 30 103842
16 5 2 1531 1 3 31 100448
16 5 2 1532 1 4 32 105199
16 5 2 1533 1 5 33 101474
16 5 2 1534 1 6 34 97961
16 5 2 1535 1 7 35 113419
16 5 2 1536 1 0 36 102537
16 5 2 1537 1 1 37 103078
16 5 2 1538 1 2 38 101261
16 5 2 1539 1 3 39 101936
16 5 2 1540 1 4 40 94065
16 5 2 1541 1 5 41 109729
16 5 2 1542 1 6 42 93210
16 5 2 1543 1 7 43 121829
16 5 2 1544 1 0 44 102277
16 5 2 1545 1 1 45 103043
16 5 2 1546 1 2 46 99682
16 5 2 1547 1 3 47 99804
16 5 2 1548 1 4 48 112465
16 5 2 1549 1 5 49 101107
16 5 2 1550 1 6 50 98777
16 5 2 1551 1 7 51 93824
16 5 2 1552 1 0 52 101961
16 5 2 1553 1 1 53 101647
16 5 2 1554 1 2 54 100841
16 5 2 1555 1 3 55 104445
16 5 2 1556 1 4 56 110471
16 5 2 1557 1 5 57 109978
16 5 2 1558 1 6 58 113379
16 5 2 1559 1 7 59 108313
16 5 2 1560 1 0 60 101040
16 5 2 1561 1 1 61 97899
16 5 2 1562 1 2 62 103157
16 5 2 1563 1 3 63 92487
16 5 2 1564 1 4 64 96115
16 5 2 1565 1 5 65 102148
16 5 2 1566 1 6 66 88444
16 5 2 1567 1 7 67 108219
16 5 2 1568 1 0 68 102156
16 5 2 1569 1 1 69 102018
16 5 2 1570 1 2 70 95779
16 5 2 1571 1 3 71 99704
16 5 2 1572 1 4 72 107270
16 5 2 1573 1 5 73 98343
16 5 2 1574 1 6 74 106736
16 5 2 1575 1 7 75 114508
16 5 2 1576 1 0 76 100235
16 5 2 1577 1 1 77 99931
16 5 2 1578 1 2 78 96397
16 5 2 1579 1 3 79 104825
16 5 2 1580 1 4 80 98726
16 5 2 1581 1 5 81 92122
16 5 2 1582 1 6 82 90298
16 5 2 1583 1 7 83 108512
16 5 2 1584 1 0 84 100326
16 5 2 1585 1 1 85 99206
16 5 2 1586 1 2 86 100836
16 5 2 1587 1 3 87 95008
16 5 2 1588 1 4 88 93653
16 5 2 1589 1 5 89 92833
16 5 2 1590 1 6 90 101527
16 5 2 1591 1 7 91 101616
16 5 2 1592 1 0 92 99230
16 5 2 1593 1 1 93 103900
16 5 2 1594 1 2 94 100714
16 5 2 1595 1 3 95 103666
16 5 2 1596 1 4 96 102278
16 5 2 1597 1 5 97 114333
16 5 2 1598 1 6 98 122573
16 5 2 1599 1 7 99 98435
16 5 2 1600 2 0 0 100000
16 5 2 1601 2 1 1 100000
16 5 2 1602 2 2 2 100000
16 5 2 1603 2 3 3 100000
16 5 2 1604 2 4 4 100000
16 5 2 1605 2 5 5 100000
16 5 2 1606 2 6 6 100000
16 5 2 1607 2 7 7 100000
16 5 2 1608 2 0 8 100000
16 5 2 1609 2 1 9 100000
16 5 2 1610 2 2 10 100000
16 5 2 1611 2 3 11 100000
16 5 2 1612 2 4 12 100000
16 5 2 1613 2 5 13 100000
16 5 2 1614 2 6 14 100000
16 5 2 1615 2 7 15 100000
16 5 2 1616 2 0 16 100000
16 5 2 1617 2 1 17 100000
16 5 2 1618 2 2 18 100000
16 5 2 1619 2 3 19 100000
16 5 2 1620 2 4 20 100000
16 5 2 1621 2 5 21 100000
16 5 2 1622 2 6 22 100000
16 5 2 1623 2 7 23 100000
16 5 2 1624 2 0 24 100000
16 5 2 1625 2 1 25 100000
16 5 2 1626 2 2 26 100000
16 5 2 1627 2 3 27 100000
16 5 2 1628 2 4 28 100000
16 5 2 1629 2 5 29 100000
16 5 2 1630 2 6 30 100000
16 5 2 1631 2 7 31 100000
16 5 2 1632 2 0 32 100000
16 5 2 1633 2 1 33 100000
16 5 2 1634 2 2 34 100000
16 5 2 1635 2 3 35 100000
16 5 2 1636 2 4 36 100000
16 5 2 1637 2 5 37 100000
16 5 2 1638 2 6 38 100000
16 5 2 1639 2 7 39 100000
16 5 2 1640 2 0 40 100000
16 5 2 1641 2 1 41 100000
16 5 2 1642 2 2 42 100000
16 5 2 1643 2 3 43 100000
16 5 2 1644 2 4 44 100000
16 5 2 1645 2 5 45 100000
16 5 2 1646 2 6 46 100000
16 5 2 1647 2 7 47 100000
16 5 2 1648 2 0 48 100000
16 5 2 1649 2 1 49 100000
16 5 2 1650 2 2 50 100000
16 5 2 1651 2 3 51 100000
16 5 2 1652 2 4 52 100000
16 5 2 1653 2 5 53 100000
16 5 2 1654 2 6 54 100000
16 5 2 1655 2 7 55 100000
16 5 2 1656 2 0 56 100000
16 5 2 1657 2 1 57 100000
16 5 2 1658 2 2 58 100000
16 5 2 1659 2 3 59 100000
16 5 2 1660 2 4 60 100000
16 5 2 1661 2 5 61 100000
16 5 2 1662 2 6 62 100000
16 5 2 1663 2 7 63 100000
16 5 2 1664 2 0 64 100000
16 5 2 1665 2 1 65 100000
16 5 2 1666 2 2 66 100000
16 5 2 1667 2 3 67 100000
16 5 2 1668 2 4 68 100000
16 5 2 1669 2 5 69 100000
16 5 2 1670 2 6 70 100000
16 5 2 1671 2 7 71 100000
16 5 2 1672 2 0 72 100000
16 5 2 1673 2 1 73 100000
16 5 2 1674 2 2 74 100000
16 5 2 1675 2 3 75 100000
16 5 2 1676 2 4 76 100000
16 5 2 1677 2 5 77 100000
16 5 2 1678 2 6 78 100000
16 5 2 1679 2 7 79 100000
16 5 2 1680 2 0 80 100000
16 5 2 1681 2 1 81 100000
16 5 2 1682 2 2 82 100000
16 5 2 1683 2 3 83 100000
16 5 2 1684 2 4 84 100000
16 5 2 1685 2 5 85 100000
16 5 2 1686 2 6 86 100000
16 5 2 1687 2 7 87 100000
16 5 2 1688 2 0 88 100000
16 5 2 1689 2 1 89 100000
16 5 2 1690 2 2 90 100000
16 5 2 1691 2 3 91 100000
16 5 2 1692 2 4 92 100000
16 5 2 1693 2 5 93 100000
16 5 2 1694 2 6 94 100000
16 5 2 1695 2 7 95 100000
16 5 2 1696 2 0 96 100000
16 5 2 1697 2 1 97 100000
16 5 2 1698 2 2 98 100000
16 5 2 1699 2 3 99 100000
16 5 2 1700 2 4 0 100000
16 5 2 1701 2 5 1 100000
16 5 2 1702 2 6 2 100000
16 5 2 1703 2 7 3 100000
16 5 2 1704 2 0 4 100000
16 5 2 1705 2 1 5 100000
16 5 2 1706 2 2 6 100000
16 5 2 1707 2 3 7 100000
16 5 2 1708 2 4 8 100000
16 5 2 1709 2 5 9 100000
16 5 2 1710 2 6 10 100000
16 5 2 1711 2 7 11 100000
16 5 2 1712 2 0 12 100000
16 5 2 1713 2 1 13 100000
16 5 2 1714 2 2 14 100000
16 5 2 1715 2 3 15 100000
16 5 2 1716 2 4 16 100000
16 5 2 1717 2 5 17 100000
16 5 2 1718 2 6 18 100000
16 5 2 1719 2 7 19 100000
16 5 2 1720 2 0 20 100000
16 5 2 1721 2 1 21 100000
16 5 2 1722 2 2 22 100000
16 5 2 1723 2 3 23 100000
16 5 2 1724 2 4 24 100000
16 5 2 1725 2 5 25 100000
16 5 2 1726 2 6 26 100000
16 5 2 1727 2 7 27 100000
16 5 2 1728 2 0 28 100000
16 5 2 1729 2 1 29 100000
16 5 2 1730 2 2 30 100000
16 5 2 1731 2 3 31 100000
16 5 2 1732 2 4 32 100000
16 5 2 1733 2 5 33 100000
16 5 2 1734 2 6 34 100000
16 5 2 1735 2 7 35 100000
16 5 2 1736 2 0 36 100000
16 5 2 1737 2 1 37 100000
16 5 2 1738 2 2 38 100000
16 5 2 1739 2 3 39 100000
16 5 2 1740 2 4 40 100000
16 5 2 1741 2 5 41 100000
16 5 2 1742 2 6 42 100000
16 5 2 1743 2 7 43 100000
16 5 2 1744 2 0 44 100000
16 5 2 1745 2 1 45 100000
16 5 2 1746 2 2 46 100000
16 5 2 1747 2 3 47 100000
16 5 2 1748 2 4 48 100000
16 5 2 1749 2 5 49 100000
16 5 2 1750 2 6 50 100000
16 5 2 1751 2 7 51 100000
16 5 2 1752 2 0 52 100000
16 5 2 1753 2 1 53 100000
16 5 2 1754 2 2 54 100000
16 5 2 1755 2 3 55 100000
16 5 2 1756 2 4 56 100000
16 5 2 1757 2 5 57 100000
16 5 2 1758 2 6 58 100000
16 5 2 1759 2 7 59 100000
16 5 2 1760 2 0 60 100000
16 5 2 1761 2 1 61 100000
16 5 2 1762 2 2 62 100000
16 5 2 1763 2 3 63 100000
16 5 2 1764 2 4 64 100000
16 5 2 1765 2 5 65 100000
16 5 2 1766 2 6 66 100000
16 5 2 1767 2 7 67 100000
16 5 2 1768 2 0 68 100000
16 5 2 1769 2 1 69 100000
16 5 2 1770 2 2 70 100000
16 5 2 1771 2 3 71 100000
16 5 2 1772 2 4 72 100000
16 5 2 1773 2 5 73 100000
16 5 2 1774 2 6 74 100000
16 5 2 1775 2 7 75 100000
16 5 2 1776 2 0 76 100000
16 5 2 1777 2 1 77 100000
16 5 2 1778 2 2 78 100000
16 5 2 1779 2 3 79 100000
16 5 2 1780 2 4 80 100000
16 5 2 1781 2 5 81 100000
16 5 2 1782 2 6 82 100000
16 5 2 1783 2 7 83 100000
16 5 2 1784 2 0 84 100000
16 5 2 1785 2 1 85 100000
16 5 2 1786 2 2 86 100000
16 5 2 1787 2 3 87 100000
16 5 2 1788 2 4 88 100000
16 5 2 1789 2 5 89 100000
16 5 2 1790 2 6 90 100000
16 5 2 1791 2 7 91 100000
16 5 2 1792 2 0 92 100000
16 5 2 1793 2 1 93 100000
16 5 2 1794 2 2 94 100000
16 5 2 1795 2 3 95 100000
16 5 2 1796 2 4 96 100000
16 5 2 1797 2 5 97 100000
16 5 2 1798 2 6 98 100000
16 5 2 1799 2 7 99 100000
16 5 3 1500 1 4 0 111914
16 5 3 1501 1 5 1 100980
16 5 3 1502 1 6 2 96207
16 5 3 1503 1 7 3 121872
16 5 3 1504 1 0 4 101571
16 5 3 1505 1 1 5 102108
16 5 3 1506 1 2 6 102864
16 5 3 1507 1 3 7 107736
16 5 3 1508 1 4 8 101688
16 5 3 1509 1 5 9 101208
16 5 3 1510 1 6 10 107138
16 5 3 1511 1 7 11 115724
16 5 3 1512 1 0 12 101670
16 5 3 1513 1 1 13 101201
16 5 3 1514 1 2 14 102977
16 5 3 1515 1 3 15 100340
16 5 3 1516 1 4 16 107328
16 5 3 1517 1 5 17 107191
16 5 3 1518 1 6 18 86576
16 5 3 1519 1 7 19 100223
16 5 3 1520 1 0 20 101013
16 5 3 1521 1 1 21 102782
16 5 3 1522 1 2 22 102722
16 5 3 1523 1 3 23 95126
16 5 3 1524 1 4 24 110223
16 5 3 1525 1 5 25 118609
16 5 3 1526 1 6 26 114262
16 5 3 1527 1 7 27 104752
16 5 3 1528 1 0 28 101550
16 5 3 1529 1 1 29 102725
16 5 3 1530 1 2 30 105485
16 5 3 1531 1 3 31 104968
16 5 3 1532 1 4 32 99857
16 5 3 1533 1 5 33 101169
16 5 3 1534 1 6 34 107604
16 5 3 1535 1 7 35 106284
16 5 3 1536 1 0 36 102846
16 5 3 1537 1 1 37 104913
16 5 3 1538 1 2 38 98722
16 5 3 1539 1 3 39 103002
16 5 3 1540 1 4 40 93309
16 5 3 1541 1 5 41 120619
16 5 3 1542 1 6 42 95690
16 5 3 1543 1 7 43 115134
16 5 3 1544 1 0 44 103609
16 5 3 1545 1 1 45 101549
16 5 3 1546 1 2 46 98792
16 5 3 1547 1 3 47 98844
16 5 3 1548 1 4 48 111134
16 5 3 1549 1 5 49 92637
16 5 3 1550 1 6 50 107900
16 5 3 1551 1 7 51 95460
16 5 3 1552 1 0 52 103087
16 5 3 1553 1 1 53 100595
16 5 3 1554 1 2 54 101527
16 5 3 1555 1 3 55 104481
16 5 3 1556 1 4 56 112668
16 5 3 1557 1 5 57 115058
16 5 3 1558 1 6 58 120567
16 5 3 1559 1 7 59 122427
16 5 3 1560 1 0 60 101406
16 5 3 1561 1 1 61 98415
16 5 3 1562 1 2 62 102821
16 5 3 1563 1 3 63 93187
16 5 3 1564 1 4 64 102601
16 5 3 1565 1 5 65 108251
16 5 3 1566 1 6 66 84702
16 5 3 1567 1 7 67 109598
16 5 3 1568 1 0 68 102591
16 5 3 1569 1 1 69 102228
16 5 3 1570 1 2 70 96436
16 5 3 1571 1 3 71 95454
16 5 3 1572 1 4 72 106681
16 5 3 1573 1 5 73 95481
16 5 3 1574 1 6 74 96704
16 5 3 1575 1 7 75 105956
16 5 3 1576 1 0 76 100467
16 5 3 1577 1 1 77 101716
16 5 3 1578 1 2 78 97029
16 5 3 1579 1 3 79 105978
16 5 3 1580 1 4 80 100599
16 5 3 1581 1 5 81 95613
16 5 3 1582 1 6 82 93364
16 5 3 1583 1 7 83 108738
16 5 3 1584 1 0 84 100865
16 5 3 1585 1 1 85 98932
16 5 3 1586 1 2 86 104228
16 5 3 1587 1 3 87 96026
16 5 3 1588 1 4 88 95205
16 5 3 1589 1 5 89 87143
16 5 3 1590 1 6 90 105528
16 5 3 1591 1 7 91 115425
16 5 3 1592 1 0 92 98909
16 5 3 1593 1 1 93 102310
16 5 3 1594 1 2 94 104100
16 5 3 1595 1 3 95 100233
16 5 3 1596 1 4 96 102327
16 5 3 1597 1 5 97 125827
16 5 3 1598 1 6 98 127722
16 5 3 1599 1 7 99 107862
16 5 3 1600 2 0 0 100000
16 5 3 1601 2 1 1 100000
16 5 3 1602 2 2 2 100000
16 5 3 1603 2 3 3 100000
16 5 3 1604 2 4 4 100000
16 5 3 1605 2 5 5 100000
16 5 3 1606 2 6 6 100000
16 5 3 1607 2 7 7 100000
16 5 3 1608 2 0 8 100000
16 5 3 1609 2 1 9 100000
16 5 3 1610 2 2 10 100000
16 5 3 1611 2 3 11 100000
16 5 3 1612 2 4 12 100000
16 5 3 1613 2 5 13 100000
16 5 3 1614 2 6 14 100000
16 5 3 1615 2 7 15 100000
16 5 3 1616 2 0 16 100000
16 5 3 1617 2 1 17 100000
16 5 3 1618 2 2 18 100000
16 5 3 1619 2 3 19 100000
16 5 3 1620 2 4 20 100000
16 5 3 1621 2 5 21 100000
16 5 3 1622 2 6 22 100000
16 5 3 1623 2 7 23 100000
16 5 3 1624 2 0 24 100000
16 5 3 1625 2 1 25 100000
16 5 3 1626 2 2 26 100000
16 5 3 1627 2 3 27 100000
16 5 3 1628 2 4 28 100000
16 5 3 1629 2 5 29 100000
16 5 3 1630 2 6 30 100000
16 5 3 1631 2 7 31 100000
16 5 3 1632 2 0 32 100000
16 5 3 1633 2 1 33 100000
16 5 3 1634 2 2 34 100000
16 5 3 1635 2 3 35 100000
16 5 3 1636 2 4 36 100000
16 5 3 1637 2 5 37 100000
16 5 3 1638 2 6 38 100000
16 5 3 1639 2 7 39 100000
16 5 3 1640 2 0 40 100000
16 5 3 1641 2 1 41 100000
16 5 3 1642 2 2 42 100000
16 5 3 1643 2 3 43 100000
16 5 3 1644 2 4 44 100000
16 5 3 1645 2 5 45 100000
16 5 3 1646 2 6 46 100000
16 5 3 1647 2 7 47 100000
16 5 3 1648 2 0 48 100000
16 5 3 1649 2 1 49 100000
16 5 3 1650 2 2 50 100000
16 5 3 1651 2 3 51 100000
16 5 3 1652 2 4 52 100000
16 5 3 1653 2 5 53 100000
16 5 3 1654 2 6 54 100000
16 5 3 1655 2 7 55 100000
16 5 3 1656 2 0 56 100000
16 5 3 1657 2 1 57 100000
16 5 3 1658 2 2 58 100000
16 5 3 1659 2 3 59 100000
16 5 3 1660 2 4 60 100000
16 5 3 1661 2 5 61 100000
16 5 3 1662 2 6 62 100000
16 5 3 1663 2 7 63 100000
16 5 3 1664 2 0 64 100000
16 5 3 1665 2 1 65 100000
16 5 3 1666 2 2 66 100000
16 5 3 1667 2 3 67 100000
16 5 3 1668 2 4 68 100000
16 5 3 1669 2 5 69 100000
16 5 3 1670 2 6 70 100000
16 5 3 1671 2 7 71 100000
16 5 3 1672 2 0 72 100000
16 5 3 1673 2 1 73 100000
16 5 3 1674 2 2 74 100000
16 5 3 1675 2 3 75 100000
16 5 3 1676 2 4 76 100000
16 5 3 1677 2 5 77 100000
16 5 3 1678 2 6 78 100000
16 5 3 1679 2 7 79 100000
16 5 3 1680 2 0 80 100000
16 5 3 1681 2 1 81 100000
16 5 3 1682 2 2 82 100000
16 5 3 1683 2 3 83 100000
16 5 3 1684 2 4 84 100000
16 5 3 1685 2 5 85 100000
16 5 3 1686 2 6 86 100000
16 5 3 1687 2 7 87 100000
16 5 3 1688 2 0 88 100000
16 5 3 1689 2 1 89 100000
16 5 3 1690 2 2 90 100000
16 5 3 1691 2 3 91 100000
16 5 3 1692 2 4 92 100000
16 5 3 1693 2 5 93 100000
16 5 3 1694 2 6 94 100000
16 5 3 1695 2 7 95 100000
16 5 3 1696 2 0 96 100000
16 5 3 1697 2 1 97 100000
16 5 3 1698 2 2 98 100000
16 5 3 1699 2 3 99 100000
16 5 3 1700 2 4 0 100000
16 5 3 1701 2 5 1 100000
16 5 3 1702 2 6 2 100000
16 5 3 1703 2 7 3 100000
16 5 3 1704 2 0 4 100000
16 5 3 1705 2 1 5 100000
16 5 3 1706 2 2 6 100000
16 5 3 1707 2 3 7 100000
16 5 3 1708 2 4 8 100000
16 5 3 1709 2 5 9 100000
16 5 3 1710 2 6 10 100000
16 5 3 1711 2 7 11 100000
16 5 3 1712 2 0 12 100000
16 5 3 1713 2 1 13 100000
16 5 3 1714 2 2 14 100000
16 5 3 1715 2 3 15 100000
16 5 3 1716 2 4 16 100000
16 5 3 1717 2 5 17 100000
16 5 3 1718 2 6 18 100000
16 5 3 1719 2 7 19 100000
16 5 3 1720 2 0 20 100000
16 5 3 1721 2 1 21 100000
16 5 3 1722 2 2 22 100000
16 5 3 1723 2 3 23 100000
16 5 3 1724 2 4 24 100000
16 5 3 1725 2 5 25 100000
16 5 3 1726 2 6 26 100000
16 5 3 1727 2 7 27 100000
16 5 3 1728 2 0 28 100000
16 5 3 1729 2 1 29 100000
16 5 3 1730 2 2 30 100000
16 5 3 1731 2 3 31 100000
16 5 3 1732 2 4 32 100000
16 5 3 1733 2 5 33 100000
16 5 3 1734 2 6 34 100000
16 5 3 1735 2 7 35 100000
16 5 3 1736 2 0 36 100000
16 5 3 1737 2 1 37 100000
16 5 3 1738 2 2 38 100000
16 5 3 1739 2 3 39 100000
16 5 3 1740 2 4 40 100000
16 5 3 1741 2 5 41 100000
16 5 3 1742 2 6 42 100000
16 5 3 1743 2 7 43 100000
16 5 3 1744 2 0 44 100000
16 5 3 1745 2 1 45 100000
16 5 3 1746 2 2 46 100000
16 5 3 1747 2 3 47 100000
16 5 3 1748 2 4 48 100000
16 5 3 1749 2 5 49 100000
16 5 3 1750 2 6 50 100000
16 5 3 1751 2 7 51 100000
16 5 3 1752 2 0 52 100000
16 5 3 1753 2 1 53 100000
16 5 3 1754 2 2 54 100000
16 5 3 1755 2 3 55 100000
16 5 3 1756 2 4 56 100000
16 5 3 1757 2 5 57 100000
16 5 3 1758 2 6 58 100000
16 5 3 1759 2 7 59 100000
16 5 3 1760 2 0 60 100000
16 5 3 1761 2 1 61 100000
16 5 3 1762 2 2 62 100000
16 5 3 1763 2 3 63 100000
16 5 3 1764 2 4 64 100000
16 5 3 1765 2 5 65 100000
16 5 3 1766 2 6 66 100000
16 5 3 1767 2 7 67 100000
16 5 3 1768 2 0 68 100000
16 5 3 1769 2 1 69 100000
16 5 3 1770 2 2 70 100000
16 5 3 1771 2 3 71 100000
16 5 3 1772 2 4 72 100000
16 5 3 1773 2 5 73 100000
16 5 3 1774 2 6 74 100000
16 5 3 1775 2 7 75 100000
16 5 3 1776 2 0 76 100000
16 5 3 1777 2 1 77 100000
16 5 3 1778 2 2 78 100000
16 5 3 1779 2 3 79 100000
16 5 3 1780 2 4 80 100000
16 5 3 1781 2 5 81 100000
16 5 3 1782 2 6 82 100000
16 5 3 1783 2 7 83 100000
16 5 3 1784 2 0 84 100000
16 5 3 1785 2 1 85 100000
16 5 3 1786 2 2 86 100000
16 5 3 1787 2 3 87 100000
16 5 3 1788 2 4 88 100000
16 5 3 1789 2 5 89 100000
16 5 3 1790 2 6 90 100000
16 5 3 1791 2 7 91 100000
16 5 3 1792 2 0 92 100000
16 5 3 1793 2 1 93 100000
16 5 3 1794 2 2 94 100000
16 5 3 1795 2 3 95 100000
16 5 3 1796 2 4 96 100000
16 5 3 1797 2 5 97 100000
16 5 3 1798 2 6 98 100000
16 5 3 1799 2 7 99 100000
16 5 4 1500 1 4 0 113633
16 5 4 1501 1 5 1 109172
16 5 4 1502 1 6 2 94395
16 5 4 1503 1 7 3 122028
16 5 4 1504 1 0 4 101152
16 5 4 1505 1 1 5 101504
16 5 4 1506 1 2 6 106353
16 5 4 1507 1 3 7 112860
16 5 4 1508 1 4 8 106058
16 5 4 1509 1 5 9 96829
16 5 4 1510 1 6 10 115293
16 5 4 1511 1 7 11 114148
16 5 4 1512 1 0 12 101139
16 5 4 1513 1 1 13 102674
16 5 4 1514 1 2 14 103136
16 5 4 1515 1 3 15 100244
16 5 4 1516 1 4 16 107139
16 5 4 1517 1 5 17 112093
16 5 4 1518 1 6 18 81933
16 5 4 1519 1 7 19 111670
16 5 4 1520 1 0 20 100458
16 5 4 1521 1 1 21 101972
16 5 4 1522 1 2 22 106196
16 5 4 1523 1 3 23 96383
16 5 4 1524 1 4 24 113831
16 5 4 1525 1 5 25 129947
16 5 4 1526 1 6 26 121479
16 5 4 1527 1 7 27 97663
16 5 4 1528 1 0 28 101850
16 5 4 1529 1 1 29 104733
16 5 4 1530 1 2 30 104401
16 5 4 1531 1 3 31 105715
16 5 4 1532 1 4 32 95560
16 5 4 1533 1 5 33 100351
16 5 4 1534 1 6 34 104672
16 5 4 1535 1 7 35 111011
16 5 4 1536 1 0 36 102801
16 5 4 1537 1 1 37 104415
16 5 4 1538 1 2 38 102028
16 5 4 1539 1 3 39 107921
16 5 4 1540 1 4 40 88031
16 5 4 1541 1 5 41 114895
16 5 4 1542 1 6 42 101237
16 5 4 1543 1 7 43 121466
16 5 4 1544 1 0 44 105024
16 5 4 1545 1 1 45 100725
16 5 4 1546 1 2 46 99567
16 5 4 1547 1 3 47 98997
16 5 4 1548 1 4 48 104917
16 5 4 1549 1 5 49 92053
16 5 4 1550 1 6 50 116256
16 5 4 1551 1 7 51 100020
16 5 4 1552 1 0 52 101875
16 5 4 1553 1 1 53 98886
16 5 4 1554 1 2 54 100338
16 5 4 1555 1 3 55 109457
16 5 4 1556 1 4 56 106333
16 5 4 1557 1 5 57 121664
16 5 4 1558 1 6 58 129887
16 5 4 1559 1 7 59 111589
16 5 4 1560 1 0 60 101634
16 5 4 1561 1 1 61 99277
16 5 4 1562 1 2 62 102703
16 5 4 1563 1 3 63 89995
16 5 4 1564 1 4 64 96264
16 5 4 1565 1 5 65 118298
16 5 4 1566 1 6 66 82994
16 5 4 1567 1 7 67 121316
16 5 4 1568 1 0 68 102296
16 5 4 1569 1 1 69 102267
16 5 4 1570 1 2 70 93769
16 5 4 1571 1 3 71 95671
16 5 4 1572 1 4 72 108205
16 5 4 1573 1 5 73 104866
16 5 4 1574 1 6 74 93728
16 5 4 1575 1 7 75 117456
16 5 4 1576 1 0 76 101109
16 5 4 1577 1 1 77 102629
16 5 4 1578 1 2 78 98120
16 5 4 1579 1 3 79 101364
16 5 4 1580 1 4 80 98413
16 5 4 1581 1 5 81 101279
16 5 4 1582 1 6 82 94604
16 5 4 1583 1 7 83 117231
16 5 4 1584 1 0 84 101748
16 5 4 1585 1 1 85 98865
16 5 4 1586 1 2 86 104957
16 5 4 1587 1 3 87 95844
16 5 4 1588 1 4 88 95395
16 5 4 1589 1 5 89 79813
16 5 4 1590 1 6 90 103798
16 5 4 1591 1 7 91 118206
16 5 4 1592 1 0 92 99637
16 5 4 1593 1 1 93 104284
16 5 4 1594 1 2 94 105841
16 5 4 1595 1 3 95 104952
16 5 4 1596 1 4 96 101013
16 5 4 1597 1 5 97 116282
16 5 4 1598 1 6 98 130980
16 5 4 1599 1 7 99 107191
16 5 4 1600 2 0 0 100000
16 5 4 1601 2 1 1 100000
16 5 4 1602 2 2 2 100000
16 5 4 1603 2 3 3 100000
16 5 4 1604 2 4 4 100000
16 5 4 1605 2 5 5 100000
16 5 4 1606 2 6 6 100000
16 5 4 1607 2 7 7 100000
16 5 4 1608 2 0 8 100000
16 5 4 1609 2 1 9 100000
16 5 4 1610 2 2 10 100000
16 5 4 1611 2 3 11 100000
16 5 4 1612 2 4 12 100000
16 5 4 1613 2 5 13 100000
16 5 4 1614 2 6 14 100000
16 5 4 1615 2 7 15 100000
16 5 4 1616 2 0 16 100000
16 5 4 1617 2 1 17 100000
16 5 4 1618 2 2 18 100000
16 5 4 1619 2 3 19 100000
16 5 4 1620 2 4 20 100000
16 5 4 1621 2 5 21 100000
16 5 4 1622 2 6 22 100000
16 5 4 1623 2 7 23 100000
16 5 4 1624 2 0 24 100000
16 5 4 1625 2 1 25 100000
16 5 4 1626 2 2 26 100000
16 5 4 1627 2 3 27 100000
16 5 4 1628 2 4 28 100000
16 5 4 1629 2 5 29 100000
16 5 4 1630 2 6 30 100000
16 5 4 1631 2 7 31 100000
16 5 4 1632 2 0 32 100000
16 5 4 1633 2 1 33 100000
16 5 4 1634 2 2 34 100000
16 5 4 1635 2 3 35 100000
16 5 4 1636 2 4 36 100000
16 5 4 1637 2 5 37 100000
16 5 4 1638 2 6 38 100000
16 5 4 1639 2 7 39 100000
16 5 4 1640 2 0 40 100000
16 5 4 1641 2 1 41 100000
16 5 4 1642 2 2 42 100000
16 5 4 1643 2 3 43 100000
16 5 4 1644 2 4 44 100000
16 5 4 1645 2 5 45 100000
16 5 4 1646 2 6 46 100000
16 5 4 1647 2 7 47 100000
16 5 4 1648 2 0 48 100000
16 5 4 1649 2 1 49 100000
16 5 4 1650 2 2 50 100000
16 5 4 1651 2 3 51 100000
16 5 4 1652 2 4 52 100000
16 5 4 1653 2 5 53 100000
16 5 4 1654 2 6 54 100000
16 5 4 1655 2 7 55 100000
16 5 4 1656 2 0 56 100000
16 5 4 1657 2 1 57 100000
16 5 4 1658 2 2 58 100000
16 5 4 1659 2 3 59 100000
16 5 4 1660 2 4 60 100000
16 5 4 1661 2 5 61 100000
16 5 4 1662 2 6 62 100000
16 5 4 1663 2 7 63 100000
16 5 4 1664 2 0 64 100000
16 5 4 1665 2 1 65 100000
16 5 4 1666 2 2 66 100000
16 5 4 1667 2 3 67 100000
16 5 4 1668 2 4 68 100000
16 5 4 1669 2 5 69 100000
16 5 4 1670 2 6 70 100000
16 5 4 1671 2 7 71 100000
16 5 4 1672 2 0 72 100000
16 5 4 1673 2 1 73 100000
16 5 4 1674 2 2 74 100000
16 5 4 1675 2 3 75 100000
16 5 4 1676 2 4 76 100000
16 5 4 1677 2 5 77 100000
16 5 4 1678 2 6 78 100000
16 5 4 1679 2 7 79 100000
16 5 4 1680 2 0 80 100000
16 5 4 1681 2 1 81 100000
16 5 4 1682 2 2 82 100000
16 5 4 1683 2 3 83 100000
16 5 4 1684 2 4 84 100000
16 5 4 1685 2 5 85 100000
16 5 4 1686 2 6 86 100000
16 5 4 1687 2 7 87 100000
16 5 4 1688 2 0 88 100000
16 5 4 1689 2 1 89 100000
16 5 4 1690 2 2 90 100000
16 5 4 1691 2 3 91 100000
16 5 4 1692 2 4 92 100000
16 5 4 1693 2 5 93 100000
16 5 4 1694 2 6 94 100000
16 5 4 1695 2 7 95 100000
16 5 4 1696 2 0 96 100000
16 5 4 1697 2 1 97 100000
16 5 4 1698 2 2 98 100000
16 5 4 1699 2 3 99 100000
16 5 4 1700 2 4 0 100000
16 5 4 1701 2 5 1 100000
16 5 4 1702 2 6 2 100000
16 5 4 1703 2 7 3 100000
16 5 4 1704 2 0 4 100000
16 5 4 1705 2 1 5 100000
16 5 4 1706 2 2 6 100000
16 5 4 1707 2 3 7 100000
16 5 4 1708 2 4 8 100000
16 5 4 1709 2 5 9 100000
16 5 4 1710 2 6 10 100000
16 5 4 1711 2 7 11 100000
16 5 4 1712 2 0 12 100000
16 5 4 1713 2 1 13 100000
16 5 4 1714 2 2 14 100000
16 5 4 1715 2 3 15 100000
16 5 4 1716 2 4 16 100000
16 5 4 1717 2 5 17 100000
16 5 4 1718 2 6 18 100000
16 5 4 1719 2 7 19 100000
16 5 4 1720 2 0 20 100000
16 5 4 1721 2 1 21 100000
16 5 4 1722 2 2 22 100000
16 5 4 1723 2 3 23 100000
16 5 4 1724 2 4 24 100000
16 5 4 1725 2 5 25 100000
16 5 4 1726 2 6 26 100000
16 5 4 1727 2 7 27 100000
16 5 4 1728 2 0 28 100000
16 5 4 1729 2 1 29 100000
16 5 4 1730 2 2 30 100000
16 5 4 1731 2 3 31 100000
16 5 4 1732 2 4 32 100000
16 5 4 1733 2 5 33 100000
16 5 4 1734 2 6 34 100000
16 5 4 1735 2 7 35 100000
16 5 4 1736 2 0 36 100000
16 5 4 1737 2 1 37 100000
16 5 4 1738 2 2 38 100000
16 5 4 1739 2 3 39 100000
16 5 4 1740 2 4 40 100000
16 5 4 1741 2 5 41 100000
16 5 4 1742 2 6 42 100000
16 5 4 1743 2 7 43 100000
16 5 4 1744 2 0 44 100000
16 5 4 1745 2 1 45 100000
16 5 4 1746 2 2 46 100000
16 5 4 1747 2 3 47 100000
16 5 4 1748 2 4 48 100000
16 5 4 1749 2 5 49 100000
16 5 4 1750 2 6 50 100000
16 5 4 1751 2 7 51 100000
16 5 4 1752 2 0 52 100000
16 5 4 1753 2 1 53 100000
16 5 4 1754 2 2 54 100000
16 5 4 1755 2 3 55 100000
16 5 4 1756 2 4 56 100000
16 5 4 1757 2 5 57 100000
16 5 4 1758 2 6 58 100000
16 5 4 1759 2 7 59 100000
16 5 4 1760 2 0 60 100000
16 5 4 1761 2 1 61 100000
16 5 4 1762 2 2 62 100000
16 5 4 1763 2 3 63 100000
16 5 4 1764 2 4 64 100000
16 5 4 1765 2 5 65 100000
16 5 4 1766 2 6 66 100000
16 5 4 1767 2 7 67 100000
16 5 4 1768 2 0 68 100000
16 5 4 1769 2 1 69 100000
16 5 4 1770 2 2 70 100000
16 5 4 1771 2 3 71 100000
16 5 4 1772 2 4 72 100000
16 5 4 1773 2 5 73 100000
16 5 4 1774 2 6 74 100000
16 5 4 1775 2 7 75 100000
16 5 4 1776 2 0 76 100000
16 5 4 1777 2 1 77 100000
16 5 4 1778 2 2 78 100000
16 5 4 1779 2 3 79 100000
16 5 4 1780 2 4 80 100000
16 5 4 1781 2 5 81 100000
16 5 4 1782 2 6 82 100000
16 5 4 1783 2 7 83 100000
16 5 4 1784 2 0 84 100000
16 5 4 1785 2 1 85 100000
16 5 4 1786 2 2 86 100000
16 5 4 1787 2 3 87 100000
16 5 4 1788 2 4 88 100000
16 5 4 1789 2 5 89 100000
16 5 4 1790 2 6 90 100000
16 5 4 1791 2 7 91 100000
16 5 4 1792 2 0 92 100000
16 5 4 1793 2 1 93 100000
16 5 4 1794 2 2 94 100000
16 5 4 1795 2 3 95 100000
16 5 4 1796 2 4 96 100000
16 5 4 1797 2 5 97 100000
16 5 4 1798 2 6 98 100000
16 5 4 1799 2 7 99 100000
16 5 5 1500 1 4 0 114831
16 5 5 1501 1 5 1 102130
16 5 5 1502 1 6 2 98631
16 5 5 1503 1 7 3 122941
16 5 5 1504 1 0 4 102465
16 5 5 1505 1 1 5 103575
16 5 5 1506 1 2 6 109694
16 5 5 1507 1 3 7 107514
16 5 5 1508 1 4 8 109494
16 5 5 1509 1 5 9 105376
16 5 5 1510 1 6 10 107596
16 5 5 1511 1 7 11 120522
16 5 5 1512 1 0 12 102463
16 5 5 1513 1 1 13 101125
16 5 5 1514 1 2 14 100551
16 5 5 1515 1 3 15 104198
16 5 5 1516 1 4 16 101811
16 5 5 1517 1 5 17 117686
16 5 5 1518 1 6 18 91250
16 5 5 1519 1 7 19 108260
16 5 5 1520 1 0 20 101791
16 5 5 1521 1 1 21 102891
16 5 5 1522 1 2 22 108624
16 5 5 1523 1 3 23 93001
16 5 5 1524 1 4 24 116176
16 5 5 1525 1 5 25 117692
16 5 5 1526 1 6 26 114667
16 5 5 1527 1 7 27 96883
16 5 5 1528 1 0 28 103228
16 5 5 1529 1 1 29 106875
16 5 5 1530 1 2 30 107365
16 5 5 1531 1 3 31 106443
16 5 5 1532 1 4 32 101038
16 5 5 1533 1 5 33 93180
16 5 5 1534 1 6 34 116726
16 5 5 1535 1 7 35 115233
16 5 5 1536 1 0 36 102827
16 5 5 1537 1 1 37 102856
16 5 5 1538 1 2 38 98937
16 5 5 1539 1 3 39 107523
16 5 5 1540 1 4 40 83202
16 5 5 1541 1 5 41 114331
16 5 5 1542 1 6 42 105246
16 5 5 1543 1 7 43 126987
16 5 5 1544 1 0 44 103684
16 5 5 1545 1 1 45 102624
16 5 5 1546 1 2 46 102950
16 5 5 1547 1 3 47 103638
16 5 5 1548 1 4 48 111980
16 5 5 1549 1 5 49 86446
16 5 5 1550 1 6 50 115770
16 5 5 1551 1 7 51 110518
16 5 5 1552 1 0 52 103040
16 5 5 1553 1 1 53 99299
16 5 5 1554 1 2 54 100740
16 5 5 1555 1 3 55 105615
16 5 5 1556 1 4 56 112742
16 5 5 1557 1 5 57 114219
16 5 5 1558 1 6 58 137272
16 5 5 1559 1 7 59 108607
16 5 5 1560 1 0 60 101682
16 5 5 1561 1 1 61 97812
16 5 5 1562 1 2 62 106058
16 5 5 1563 1 3 63 94244
16 5 5 1564 1 4 64 91681
16 5 5 1565 1 5 65 129731
16 5 5 1566 1 6 66 76479
16 5 5 1567 1 7 67 115342
16 5 5 1568 1 0 68 103650
16 5 5 1569 1 1 69 104320
16 5 5 1570 1 2 70 92346
16 5 5 1571 1 3 71 96339
16 5 5 1572 1 4 72 110364
16 5 5 1573 1 5 73 105537
16 5 5 1574 1 6 74 104173
16 5 5 1575 1 7 75 132288
16 5 5 1576 1 0 76 100749
16 5 5 1577 1 1 77 103550
16 5 5 1578 1 2 78 101478
16 5 5 1579 1 3 79 106170
16 5 5 1580 1 4 80 93483
16 5 5 1581 1 5 81 111058
16 5 5 1582 1 6 82 90064
16 5 5 1583 1 7 83 130394
16 5 5 1584 1 0 84 101325
16 5 5 1585 1 1 85 100883
16 5 5 1586 1 2 86 108428
16 5 5 1587 1 3 87 100430
16 5 5 1588 1 4 88 99547
16 5 5 1589 1 5 89 80959
16 5 5 1590 1 6 90 108958
16 5 5 1591 1 7 91 128839
16 5 5 1592 1 0 92 98495
16 5 5 1593 1 1 93 106312
16 5 5 1594 1 2 94 108347
16 5 5 1595 1 3 95 100037
16 5 5 1596 1 4 96 106530
16 5 5 1597 1 5 97 112885
16 5 5 1598 1 6 98 136581
16 5 5 1599 1 7 99 95468
16 5 5 1600 2 0 0 100000
16 5 5 1601 2 1 1 100000
16 5 5 1602 2 2 2 100000
16 5 5 1603 2 3 3 100000
16 5 5 1604 2 4 4 100000
16 5 5 1605 2 5 5 100000
16 5 5 1606 2 6 6 100000
16 5 5 1607 2 7 7 100000
16 5 5 1608 2 0 8 100000
16 5 5 1609 2 1 9 100000
16 5 5 1610 2 2 10 100000
16 5 5 1611 2 3 11 100000
16 5 5 1612 2 4 12 100000
16 5 5 1613 2 5 13 100000
16 5 5 1614 2 6 14 100000
16 5 5 1615 2 7 15 100000
16 5 5 1616 2 0 16 100000
16 5 5 1617 2 1 17 100000
16 5 5 1618 2 2 18 100000
16 5 5 1619 2 3 19 100000
16 5 5 1620 2 4 20 100000
16 5 5 1621 2 5 21 100000
16 5 5 1622 2 6 22 100000
16 5 5 1623 2 7 23 100000
16 5 5 1624 2 0 24 100000
16 5 5 1625 2 1 25 100000
16 5 5 1626 2 2 26 100000
16 5 5 1627 2 3 27 100000
16 5 5 1628 2 4 28 100000
16 5 5 1629 2 5 29 100000
16 5 5 1630 2 6 30 100000
16 5 5 1631 2 7 31 100000
16 5 5 1632 2 0 32 100000
16 5 5 1633 2 1 33 100000
16 5 5 1634 2 2 34 100000
16 5 5 1635 2 3 35 100000
16 5 5 1636 2 4 36 100000
16 5 5 1637 2 5 37 100000
16 5 5 1638 2 6 38 100000
16 5 5 1639 2 7 39 100000
16 5 5 1640 2 0 40 100000
16 5 5 1641 2 1 41 100000
16 5 5 1642 2 2 42 100000
16 5 5 1643 2 3 43 100000
16 5 5 1644 2 4 44 100000
16 5 5 1645 2 5 45 100000
16 5 5 1646 2 6 46 100000
16 5 5 1647 2 7 47 100000
16 5 5 1648 2 0 48 100000
16 5 5 1649 2 1 49 100000
16 5 5 1650 2 2 50 100000
16 5 5 1651 2 3 51 100000
16 5 5 1652 2 4 52 100000
16 5 5 1653 2 5 53 100000
16 5 5 1654 2 6 54 100000
16 5 5 1655 2 7 55 100000
16 5 5 1656 2 0 56 100000
16 5 5 1657 2 1 57 100000
16 5 5 1658 2 2 58 100000
16 5 5 1659 2 3 59 100000
16 5 5 1660 2 4 60 100000
16 5 5 1661 2 5 61 100000
16 5 5 1662 2 6 62 100000
16 5 5 1663 2 7 63 100000
16 5 5 1664 2 0 64 100000
16 5 5 1665 2 1 65 100000
16 5 5 1666 2 2 66 100000
16 5 5 1667 2 3 67 100000
16 5 5 1668 2 4 68 100000
16 5 5 1669 2 5 69 100000
16 5 5 1670 2 6 70 100000
16 5 5 1671 2 7 71 100000
16 5 5 1672 2 0 72 100000
16 5 5 1673 2 1 73 100000
16 5 5 1674 2 2 74 100000
16 5 5 1675 2 3 75 100000
16 5 5 1676 2 4 76 100000
16 5 5 1677 2 5 77 100000
16 5 5 1678 2 6 78 100000
16 5 5 1679 2 7 79 100000
16 5 5 1680 2 0 80 100000
16 5 5 1681 2 1 81 100000
16 5 5 1682 2 2 82 100000
16 5 5 1683 2 3 83 100000
16 5 5 1684 2 4 84 100000
16 5 5 1685 2 5 85 100000
16 5 5 1686 2 6 86 100000
16 5 5 1687 2 7 87 100000
16 5 5 1688 2 0 88 100000
16 5 5 1689 2 1 89 100000
16 5 5 1690 2 2 90 100000
16 5 5 1691 2 3 91 100000
16 5 5 1692 2 4 92 100000
16 5 5 1693 2 5 93 100000
16 5 5 1694 2 6 94 100000
16 5 5 1695 2 7 95 100000
16 5 5 1696 2 0 96 100000
16 5 5 1697 2 1 97 100000
16 5 5 1698 2 2 98 100000
16 5 5 1699 2 3 99 100000
16 5 5 1700 2 4 0 100000
16 5 5 1701 2 5 1 100000
16 5 5 1702 2 6 2 100000
16 5 5 1703 2 7 3 100000
16 5 5 1704 2 0 4 100000
16 5 5 1705 2 1 5 100000
16 5 5 1706 2 2 6 100000
16 5 5 1707 2 3 7 100000
16 5 5 1708 2 4 8 100000
16 5 5 1709 2 5 9 100000
16 5 5 1710 2 6 10 100000
16 5 5 1711 2 7 11 100000
16 5 5 1712 2 0 12 100000
16 5 5 1713 2 1 13 100000
16 5 5 1714 2 2 14 100000
16 5 5 1715 2 3 15 100000
16 5 5 1716 2 4 16 100000
16 5 5 1717 2 5 17 100000
16 5 5 1718 2 6 18 100000
16 5 5 1719 2 7 19 100000
16 5 5 1720 2 0 20 100000
16 5 5 1721 2 1 21 100000
16 5 5 1722 2 2 22 100000
16 5 5 1723 2 3 23 100000
16 5 5 1724 2 4 24 100000
16 5 5 1725 2 5 25 100000
16 5 5 1726 2 6 26 100000
16 5 5 1727 2 7 27 100000
16 5 5 1728 2 0 28 100000
16 5 5 1729 2 1 29 100000
16 5 5 1730 2 2 30 100000
16 5 5 1731 2 3 31 100000
16 5 5 1732 2 4 32 100000
16 5 5 1733 2 5 33 100000
16 5 5 1734 2 6 34 100000
16 5 5 1735 2 7 35 100000
16 5 5 1736 2 0 36 100000
16 5 5 1737 2 1 37 100000
16 5 5 1738 2 2 38 100000
16 5 5 1739 2 3 39 100000
16 5 5 1740 2 4 40 100000
16 5 5 1741 2 5 41 100000
16 5 5 1742 2 6 42 100000
16 5 5 1743 2 7 43 100000
16 5 5 1744 2 0 44 100000
16 5 5 1745 2 1 45 100000
16 5 5 1746 2 2 46 100000
16 5 5 1747 2 3 47 100000
16 5 5 1748 2 4 48 100000
16 5 5 1749 2 5 49 100000
16 5 5 1750 2 6 50 100000
16 5 5 1751 2 7 51 100000
16 5 5 1752 2 0 52 100000
16 5 5 1753 2 1 53 100000
16 5 5 1754 2 2 54 100000
16 5 5 1755 2 3 55 100000
16 5 5 1756 2 4 56 100000
16 5 5 1757 2 5 57 100000
16 5 5 1758 2 6 58 100000
16 5 5 1759 2 7 59 100000
16 5 5 1760 2 0 60 100000
16 5 5 1761 2 1 61 100000
16 5 5 1762 2 2 62 100000
16 5 5 1763 2 3 63 100000
16 5 5 1764 2 4 64 100000
16 5 5 1765 2 5 65 100000
16 5 5 1766 2 6 66 100000
16 5 5 1767 2 7 67 100000
16 5 5 1768 2 0 68 100000
16 5 5 1769 2 1 69 100000
16 5 5 1770 2 2 70 100000
16 5 5 1771 2 3 71 100000
16 5 5 1772 2 4 72 100000
16 5 5 1773 2 5 73 100000
16 5 5 1774 2 6 74 100000
16 5 5 1775 2 7 75 100000
16 5 5 1776 2 0 76 100000
16 5 5 1777 2 1 77 100000
16 5 5 1778 2 2 78 100000
16 5 5 1779 2 3 79 100000
16 5 5 1780 2 4 80 100000
16 5 5 1781 2 5 81 100000
16 5 5 1782 2 6 82 100000
16 5 5 1783 2 7 83 100000
16 5 5 1784 2 0 84 100000
16 5 5 1785 2 1 85 100000
16 5 5 1786 2 2 86 100000
16 5 5 1787 2 3 87 100000
16 5 5 1788 2 4 88 100000
16 5 5 1789 2 5 89 100000
16 5 5 1790 2 6 90 100000
16 5 5 1791 2 7 91 100000
16 5 5 1792 2 0 92 100000
16 5 5 1793 2 1 93 100000
16 5 5 1794 2 2 94 100000
16 5 5 1795 2 3 95 100000
16 5 5 1796 2 4 96 100000
16 5 5 1797 2 5 97 100000
16 5 5 1798 2 6 98 100000
16 5 5 1799 2 7 99 100000
