8 6 1 3600 4 0 0 101300
8 6 1 3601 4 1 1 101960
8 6 1 3602 4 2 2 103258
8 6 1 3603 4 3 3 104442
8 6 1 3604 4 4 4 106714
8 6 1 3605 4 5 5 109486
8 6 1 3606 4 6 6 110178
8 6 1 3607 4 7 7 108429
8 6 1 3608 4 0 8 99937
8 6 1 3609 4 1 9 102016
8 6 1 3610 4 2 10 103124
8 6 1 3611 4 3 11 104473
8 6 1 3612 4 4 12 106464
8 6 1 3613 4 5 13 109751
8 6 1 3614 4 6 14 110168
8 6 1 3615 4 7 15 111974
8 6 1 3616 4 0 16 101305
8 6 1 3617 4 1 17 101968
8 6 1 3618 4 2 18 102962
8 6 1 3619 4 3 19 104484
8 6 1 3620 4 4 20 106294
8 6 1 3621 4 5 21 109410
8 6 1 3622 4 6 22 109752
8 6 1 3623 4 7 23 109989
8 6 1 3624 4 0 24 101314
8 6 1 3625 4 1 25 101695
8 6 1 3626 4 2 26 97688
8 6 1 3627 4 3 27 95037
8 6 1 3628 4 4 28 106556
8 6 1 3629 4 5 29 109955
8 6 1 3630 4 6 30 111259
8 6 1 3631 4 7 31 112151
8 6 1 3632 4 0 32 101332
8 6 1 3633 4 1 33 101792
8 6 1 3634 4 2 34 103344
8 6 1 3635 4 3 35 104532
8 6 1 3636 4 4 36 106254
8 6 1 3637 4 5 37 109808
8 6 1 3638 4 6 38 110964
8 6 1 3639 4 7 39 112600
8 6 1 3640 4 0 40 101309
8 6 1 3641 4 1 41 101946
8 6 1 3642 4 2 42 103263
8 6 1 3643 4 3 43 104592
8 6 1 3644 4 4 44 106532
8 6 1 3645 4 5 45 109313
8 6 1 3646 4 6 46 110973
8 6 1 3647 4 7 47 106395
8 6 1 3648 4 0 48 101344
8 6 1 3649 4 1 49 102002
8 6 1 3650 4 2 50 98538
8 6 1 3651 4 3 51 104621
8 6 1 3652 4 4 52 106762
8 6 1 3653 4 5 53 108683
8 6 1 3654 4 6 54 101253
8 6 1 3655 4 7 55 110656
8 6 1 3656 4 0 56 101346
8 6 1 3657 4 1 57 101894
8 6 1 3658 4 2 58 103230
8 6 1 3659 4 3 59 104552
8 6 1 3660 4 4 60 106564
8 6 1 3661 4 5 61 106372
8 6 1 3662 4 6 62 111165
8 6 1 3663 4 7 63 108880
8 6 1 3664 4 0 64 101283
8 6 1 3665 4 1 65 102014
8 6 1 3666 4 2 66 103084
8 6 1 3667 4 3 67 104645
8 6 1 3668 4 4 68 106517
8 6 1 3669 4 5 69 109779
8 6 1 3670 4 6 70 111078
8 6 1 3671 4 7 71 113074
8 6 1 3672 4 0 72 99043
8 6 1 3673 4 1 73 101981
8 6 1 3674 4 2 74 103317
8 6 1 3675 4 3 75 104418
8 6 1 3676 4 4 76 106461
8 6 1 3677 4 5 77 109480
8 6 1 3678 4 6 78 110788
8 6 1 3679 4 7 79 112935
8 6 1 3680 4 0 80 101286
8 6 1 3681 4 1 81 101978
8 6 1 3682 4 2 82 103260
8 6 1 3683 4 3 83 104625
8 6 1 3684 4 4 84 99412
8 6 1 3685 4 5 85 103631
8 6 1 3686 4 6 86 110656
8 6 1 3687 4 7 87 113094
8 6 1 3688 4 0 88 101299
8 6 1 3689 4 1 89 101961
8 6 1 3690 4 2 90 103296
8 6 1 3691 4 3 91 101876
8 6 1 3692 4 4 92 106637
8 6 1 3693 4 5 93 109087
8 6 1 3694 4 6 94 109907
8 6 1 3695 4 7 95 113104
8 6 1 3696 4 0 96 101346
8 6 1 3697 4 1 97 100181
8 6 1 3698 4 2 98 99681
8 6 1 3699 4 3 99 104337
8 6 1 3700 4 4 0 106456
8 6 1 3701 4 5 1 108819
8 6 1 3702 4 6 2 109834
8 6 1 3703 4 7 3 111700
8 6 1 3704 4 0 4 101341
8 6 1 3705 4 1 5 101866
8 6 1 3706 4 2 6 103162
8 6 1 3707 4 3 7 104551
8 6 1 3708 4 4 8 102427
8 6 1 3709 4 5 9 109837
8 6 1 3710 4 6 10 110648
8 6 1 3711 4 7 11 112557
8 6 1 3712 4 0 12 101295
8 6 1 3713 4 1 13 101906
8 6 1 3714 4 2 14 103004
8 6 1 3715 4 3 15 104434
8 6 1 3716 4 4 16 106517
8 6 1 3717 4 5 17 109949
8 6 1 3718 4 6 18 106091
8 6 1 3719 4 7 19 110343
8 6 1 3720 4 0 20 101259
8 6 1 3721 4 1 21 101940
8 6 1 3722 4 2 22 103098
8 6 1 3723 4 3 23 102287
8 6 1 3724 4 4 24 106508
8 6 1 3725 4 5 25 108685
8 6 1 3726 4 6 26 96502
8 6 1 3727 4 7 27 98504
8 6 1 3728 4 0 28 101318
8 6 1 3729 4 1 29 101991
8 6 1 3730 4 2 30 103318
8 6 1 3731 4 3 31 104536
8 6 1 3732 4 4 32 106664
8 6 1 3733 4 5 33 109072
8 6 1 3734 4 6 34 111108
8 6 1 3735 4 7 35 112678
8 6 1 3736 4 0 36 101278
8 6 1 3737 4 1 37 101977
8 6 1 3738 4 2 38 103096
8 6 1 3739 4 3 39 104491
8 6 1 3740 4 4 40 106451
8 6 1 3741 4 5 41 109450
8 6 1 3742 4 6 42 111108
8 6 1 3743 4 7 43 112747
8 6 1 3744 4 0 44 101326
8 6 1 3745 4 1 45 101972
8 6 1 3746 4 2 46 103165
8 6 1 3747 4 3 47 104423
8 6 1 3748 4 4 48 106619
8 6 1 3749 4 5 49 109670
8 6 1 3750 4 6 50 94202
8 6 1 3751 4 7 51 113086
8 6 1 3752 4 0 52 101350
8 6 1 3753 4 1 53 101773
8 6 1 3754 4 2 54 102529
8 6 1 3755 4 3 55 104480
8 6 1 3756 4 4 56 106744
8 6 1 3757 4 5 57 109395
8 6 1 3758 4 6 58 110411
8 6 1 3759 4 7 59 110051
8 6 1 3760 4 0 60 101311
8 6 1 3761 4 1 61 101104
8 6 1 3762 4 2 62 103260
8 6 1 3763 4 3 63 102074
8 6 1 3764 4 4 64 105711
8 6 1 3765 4 5 65 109451
8 6 1 3766 4 6 66 110508
8 6 1 3767 4 7 67 113236
8 6 1 3768 4 0 68 101332
8 6 1 3769 4 1 69 102028
8 6 1 3770 4 2 70 103234
8 6 1 3771 4 3 71 104510
8 6 1 3772 4 4 72 97844
8 6 1 3773 4 5 73 109590
8 6 1 3774 4 6 74 110912
8 6 1 3775 4 7 75 112764
8 6 1 3776 4 0 76 101294
8 6 1 3777 4 1 77 101838
8 6 1 3778 4 2 78 103260
8 6 1 3779 4 3 79 104471
8 6 1 3780 4 4 80 106426
8 6 1 3781 4 5 81 109871
8 6 1 3782 4 6 82 105867
8 6 1 3783 4 7 83 113064
8 6 1 3784 4 0 84 99196
8 6 1 3785 4 1 85 100397
8 6 1 3786 4 2 86 103258
8 6 1 3787 4 3 87 104544
8 6 1 3788 4 4 88 105114
8 6 1 3789 4 5 89 109767
8 6 1 3790 4 6 90 110989
8 6 1 3791 4 7 91 110392
8 6 1 3792 4 0 92 101323
8 6 1 3793 4 1 93 101925
8 6 1 3794 4 2 94 102918
8 6 1 3795 4 3 95 104750
8 6 1 3796 4 4 96 106339
8 6 1 3797 4 5 97 104317
8 6 1 3798 4 6 98 103312
8 6 1 3799 4 7 99 112006
8 6 1 3800 4 0 0 101300
8 6 1 3801 4 1 1 101960
8 6 1 3802 4 2 2 103258
8 6 1 3803 4 3 3 104442
8 6 1 3804 4 4 4 106714
8 6 1 3805 4 5 5 109486
8 6 1 3806 4 6 6 110178
8 6 1 3807 4 7 7 108429
8 6 1 3808 4 0 8 99937
8 6 1 3809 4 1 9 102016
8 6 1 3810 4 2 10 103124
8 6 1 3811 4 3 11 104473
8 6 1 3812 4 4 12 106464
8 6 1 3813 4 5 13 109751
8 6 1 3814 4 6 14 110168
8 6 1 3815 4 7 15 111974
8 6 1 3816 4 0 16 101305
8 6 1 3817 4 1 17 101968
8 6 1 3818 4 2 18 102962
8 6 1 3819 4 3 19 104484
8 6 1 3820 4 4 20 106294
8 6 1 3821 4 5 21 109410
8 6 1 3822 4 6 22 109752
8 6 1 3823 4 7 23 109989
8 6 1 3824 4 0 24 101314
8 6 1 3825 4 1 25 101695
8 6 1 3826 4 2 26 97688
8 6 1 3827 4 3 27 95037
8 6 1 3828 4 4 28 106556
8 6 1 3829 4 5 29 109955
8 6 1 3830 4 6 30 111259
8 6 1 3831 4 7 31 112151
8 6 1 3832 4 0 32 101332
8 6 1 3833 4 1 33 101792
8 6 1 3834 4 2 34 103344
8 6 1 3835 4 3 35 104532
8 6 1 3836 4 4 36 106254
8 6 1 3837 4 5 37 109808
8 6 1 3838 4 6 38 110964
8 6 1 3839 4 7 39 112600
8 6 1 3840 4 0 40 101309
8 6 1 3841 4 1 41 101946
8 6 1 3842 4 2 42 103263
8 6 1 3843 4 3 43 104592
8 6 1 3844 4 4 44 106532
8 6 1 3845 4 5 45 109313
8 6 1 3846 4 6 46 110973
8 6 1 3847 4 7 47 106395
8 6 1 3848 4 0 48 101344
8 6 1 3849 4 1 49 102002
8 6 1 3850 4 2 50 98538
8 6 1 3851 4 3 51 104621
8 6 1 3852 4 4 52 106762
8 6 1 3853 4 5 53 108683
8 6 1 3854 4 6 54 101253
8 6 1 3855 4 7 55 110656
8 6 1 3856 4 0 56 101346
8 6 1 3857 4 1 57 101894
8 6 1 3858 4 2 58 103230
8 6 1 3859 4 3 59 104552
8 6 1 3860 4 4 60 106564
8 6 1 3861 4 5 61 106372
8 6 1 3862 4 6 62 111165
8 6 1 3863 4 7 63 108880
8 6 1 3864 4 0 64 101283
8 6 1 3865 4 1 65 102014
8 6 1 3866 4 2 66 103084
8 6 1 3867 4 3 67 104645
8 6 1 3868 4 4 68 106517
8 6 1 3869 4 5 69 109779
8 6 1 3870 4 6 70 111078
8 6 1 3871 4 7 71 113074
8 6 1 3872 4 0 72 99043
8 6 1 3873 4 1 73 101981
8 6 1 3874 4 2 74 103317
8 6 1 3875 4 3 75 104418
8 6 1 3876 4 4 76 106461
8 6 1 3877 4 5 77 109480
8 6 1 3878 4 6 78 110788
8 6 1 3879 4 7 79 112935
8 6 1 3880 4 0 80 101286
8 6 1 3881 4 1 81 101978
8 6 1 3882 4 2 82 103260
8 6 1 3883 4 3 83 104625
8 6 1 3884 4 4 84 99412
8 6 1 3885 4 5 85 103631
8 6 1 3886 4 6 86 110656
8 6 1 3887 4 7 87 113094
8 6 1 3888 4 0 88 101299
8 6 1 3889 4 1 89 101961
8 6 1 3890 4 2 90 103296
8 6 1 3891 4 3 91 101876
8 6 1 3892 4 4 92 106637
8 6 1 3893 4 5 93 109087
8 6 1 3894 4 6 94 109907
8 6 1 3895 4 7 95 113104
8 6 1 3896 4 0 96 101346
8 6 1 3897 4 1 97 100181
8 6 1 3898 4 2 98 99681
8 6 1 3899 4 3 99 104337
8 6 1 3900 4 4 0 106456
8 6 1 3901 4 5 1 108819
8 6 1 3902 4 6 2 109834
8 6 1 3903 4 7 3 111700
8 6 1 3904 4 0 4 101341
8 6 1 3905 4 1 5 101866
8 6 1 3906 4 2 6 103162
8 6 1 3907 4 3 7 104551
8 6 1 3908 4 4 8 102427
8 6 1 3909 4 5 9 109837
8 6 1 3910 4 6 10 110648
8 6 1 3911 4 7 11 112557
8 6 1 3912 4 0 12 101295
8 6 1 3913 4 1 13 101906
8 6 1 3914 4 2 14 103004
8 6 1 3915 4 3 15 104434
8 6 1 3916 4 4 16 106517
8 6 1 3917 4 5 17 109949
8 6 1 3918 4 6 18 106091
8 6 1 3919 4 7 19 110343
8 6 1 3920 4 0 20 101259
8 6 1 3921 4 1 21 101940
8 6 1 3922 4 2 22 103098
8 6 1 3923 4 3 23 102287
8 6 1 3924 4 4 24 106508
8 6 1 3925 4 5 25 108685
8 6 1 3926 4 6 26 96502
8 6 1 3927 4 7 27 98504
8 6 1 3928 4 0 28 101318
8 6 1 3929 4 1 29 101991
8 6 1 3930 4 2 30 103318
8 6 1 3931 4 3 31 104536
8 6 1 3932 4 4 32 106664
8 6 1 3933 4 5 33 109072
8 6 1 3934 4 6 34 111108
8 6 1 3935 4 7 35 112678
8 6 1 3936 4 0 36 101278
8 6 1 3937 4 1 37 101977
8 6 1 3938 4 2 38 103096
8 6 1 3939 4 3 39 104491
8 6 1 3940 4 4 40 106451
8 6 1 3941 4 5 41 109450
8 6 1 3942 4 6 42 111108
8 6 1 3943 4 7 43 112747
8 6 1 3944 4 0 44 101326
8 6 1 3945 4 1 45 101972
8 6 1 3946 4 2 46 103165
8 6 1 3947 4 3 47 104423
8 6 1 3948 4 4 48 106619
8 6 1 3949 4 5 49 109670
8 6 1 3950 4 6 50 94202
8 6 1 3951 4 7 51 113086
8 6 1 3952 4 0 52 101350
8 6 1 3953 4 1 53 101773
8 6 1 3954 4 2 54 102529
8 6 1 3955 4 3 55 104480
8 6 1 3956 4 4 56 106744
8 6 1 3957 4 5 57 109395
8 6 1 3958 4 6 58 110411
8 6 1 3959 4 7 59 110051
8 6 1 3960 4 0 60 101311
8 6 1 3961 4 1 61 101104
8 6 1 3962 4 2 62 103260
8 6 1 3963 4 3 63 102074
8 6 1 3964 4 4 64 105711
8 6 1 3965 4 5 65 109451
8 6 1 3966 4 6 66 110508
8 6 1 3967 4 7 67 113236
8 6 1 3968 4 0 68 101332
8 6 1 3969 4 1 69 102028
8 6 1 3970 4 2 70 103234
8 6 1 3971 4 3 71 104510
8 6 1 3972 4 4 72 97844
8 6 1 3973 4 5 73 109590
8 6 1 3974 4 6 74 110912
8 6 1 3975 4 7 75 112764
8 6 1 3976 4 0 76 101294
8 6 1 3977 4 1 77 101838
8 6 1 3978 4 2 78 103260
8 6 1 3979 4 3 79 104471
8 6 1 3980 4 4 80 106426
8 6 1 3981 4 5 81 109871
8 6 1 3982 4 6 82 105867
8 6 1 3983 4 7 83 113064
8 6 1 3984 4 0 84 99196
8 6 1 3985 4 1 85 100397
8 6 1 3986 4 2 86 103258
8 6 1 3987 4 3 87 104544
8 6 1 3988 4 4 88 105114
8 6 1 3989 4 5 89 109767
8 6 1 3990 4 6 90 110989
8 6 1 3991 4 7 91 110392
8 6 1 3992 4 0 92 101323
8 6 1 3993 4 1 93 101925
8 6 1 3994 4 2 94 102918
8 6 1 3995 4 3 95 104750
8 6 1 3996 4 4 96 106339
8 6 1 3997 4 5 97 104317
8 6 1 3998 4 6 98 103312
8 6 1 3999 4 7 99 112006
8 6 1 4000 5 0 0 101160
8 6 1 4001 5 1 1 101651
8 6 1 4002 5 2 2 103328
8 6 1 4003 5 3 3 104750
8 6 1 4004 5 4 4 106715
8 6 1 4005 5 5 5 98498
8 6 1 4006 5 6 6 108337
8 6 1 4007 5 7 7 99057
8 6 1 4008 5 0 8 99128
8 6 1 4009 5 1 9 101802
8 6 1 4010 5 2 10 103382
8 6 1 4011 5 3 11 104723
8 6 1 4012 5 4 12 104697
8 6 1 4013 5 5 13 110068
8 6 1 4014 5 6 14 94442
8 6 1 4015 5 7 15 112687
8 6 1 4016 5 0 16 101356
8 6 1 4017 5 1 17 100019
8 6 1 4018 5 2 18 101974
8 6 1 4019 5 3 19 96528
8 6 1 4020 5 4 20 106708
8 6 1 4021 5 5 21 107549
8 6 1 4022 5 6 22 103999
8 6 1 4023 5 7 23 111464
8 6 1 4024 5 0 24 100909
8 6 1 4025 5 1 25 102023
8 6 1 4026 5 2 26 103372
8 6 1 4027 5 3 27 98286
8 6 1 4028 5 4 28 104749
8 6 1 4029 5 5 29 104306
8 6 1 4030 5 6 30 100266
8 6 1 4031 5 7 31 108840
8 6 1 4032 5 0 32 101344
8 6 1 4033 5 1 33 102017
8 6 1 4034 5 2 34 98605
8 6 1 4035 5 3 35 96949
8 6 1 4036 5 4 36 106677
8 6 1 4037 5 5 37 94285
8 6 1 4038 5 6 38 110109
8 6 1 4039 5 7 39 108554
8 6 1 4040 5 0 40 100429
8 6 1 4041 5 1 41 102016
8 6 1 4042 5 2 42 101689
8 6 1 4043 5 3 43 104750
8 6 1 4044 5 4 44 106773
8 6 1 4045 5 5 45 104315
8 6 1 4046 5 6 46 111362
8 6 1 4047 5 7 47 111974
8 6 1 4048 5 0 48 101344
8 6 1 4049 5 1 49 102016
8 6 1 4050 5 2 50 103358
8 6 1 4051 5 3 51 98828
8 6 1 4052 5 4 52 106766
8 6 1 4053 5 5 53 110150
8 6 1 4054 5 6 54 105669
8 6 1 4055 5 7 55 107007
8 6 1 4056 5 0 56 101356
8 6 1 4057 5 1 57 100432
8 6 1 4058 5 2 58 103372
8 6 1 4059 5 3 59 102750
8 6 1 4060 5 4 60 106758
8 6 1 4061 5 5 61 107504
8 6 1 4062 5 6 62 101227
8 6 1 4063 5 7 63 106174
8 6 1 4064 5 0 64 101278
8 6 1 4065 5 1 65 102016
8 6 1 4066 5 2 66 103382
8 6 1 4067 5 3 67 98832
8 6 1 4068 5 4 68 102061
8 6 1 4069 5 5 69 101700
8 6 1 4070 5 6 70 108845
8 6 1 4071 5 7 71 113381
8 6 1 4072 5 0 72 98840
8 6 1 4073 5 1 73 101719
8 6 1 4074 5 2 74 103384
8 6 1 4075 5 3 75 102500
8 6 1 4076 5 4 76 106706
8 6 1 4077 5 5 77 105284
8 6 1 4078 5 6 78 97711
8 6 1 4079 5 7 79 113397
8 6 1 4080 5 0 80 101336
8 6 1 4081 5 1 81 101800
8 6 1 4082 5 2 82 103291
8 6 1 4083 5 3 83 104702
8 6 1 4084 5 4 84 102417
8 6 1 4085 5 5 85 101686
8 6 1 4086 5 6 86 107227
8 6 1 4087 5 7 87 99653
8 6 1 4088 5 0 88 100903
8 6 1 4089 5 1 89 102006
8 6 1 4090 5 2 90 101501
8 6 1 4091 5 3 91 104388
8 6 1 4092 5 4 92 104100
8 6 1 4093 5 5 93 110133
8 6 1 4094 5 6 94 94451
8 6 1 4095 5 7 95 106451
8 6 1 4096 5 0 96 99079
8 6 1 4097 5 1 97 101922
8 6 1 4098 5 2 98 99634
8 6 1 4099 5 3 99 104641
8 6 1 4100 5 4 0 106742
8 6 1 4101 5 5 1 108127
8 6 1 4102 5 6 2 107630
8 6 1 4103 5 7 3 109290
8 6 1 4104 5 0 4 101321
8 6 1 4105 5 1 5 98763
8 6 1 4106 5 2 6 103271
8 6 1 4107 5 3 7 97141
8 6 1 4108 5 4 8 95172
8 6 1 4109 5 5 9 109315
8 6 1 4110 5 6 10 111254
8 6 1 4111 5 7 11 113393
8 6 1 4112 5 0 12 101312
8 6 1 4113 5 1 13 102016
8 6 1 4114 5 2 14 97689
8 6 1 4115 5 3 15 104721
8 6 1 4116 5 4 16 106761
8 6 1 4117 5 5 17 97273
8 6 1 4118 5 6 18 103351
8 6 1 4119 5 7 19 94835
8 6 1 4120 5 0 20 101342
8 6 1 4121 5 1 21 102001
8 6 1 4122 5 2 22 103173
8 6 1 4123 5 3 23 104716
8 6 1 4124 5 4 24 104362
8 6 1 4125 5 5 25 110081
8 6 1 4126 5 6 26 102041
8 6 1 4127 5 7 27 99571
8 6 1 4128 5 0 28 101112
8 6 1 4129 5 1 29 99262
8 6 1 4130 5 2 30 103178
8 6 1 4131 5 3 31 100316
8 6 1 4132 5 4 32 106706
8 6 1 4133 5 5 33 110098
8 6 1 4134 5 6 34 99634
8 6 1 4135 5 7 35 101821
8 6 1 4136 5 0 36 101356
8 6 1 4137 5 1 37 98058
8 6 1 4138 5 2 38 103392
8 6 1 4139 5 3 39 100036
8 6 1 4140 5 4 40 102852
8 6 1 4141 5 5 41 110073
8 6 1 4142 5 6 42 108029
8 6 1 4143 5 7 43 111407
8 6 1 4144 5 0 44 101356
8 6 1 4145 5 1 45 100384
8 6 1 4146 5 2 46 103360
8 6 1 4147 5 3 47 104634
8 6 1 4148 5 4 48 101705
8 6 1 4149 5 5 49 110068
8 6 1 4150 5 6 50 104662
8 6 1 4151 5 7 51 97916
8 6 1 4152 5 0 52 101352
8 6 1 4153 5 1 53 102029
8 6 1 4154 5 2 54 103363
8 6 1 4155 5 3 55 99740
8 6 1 4156 5 4 56 106784
8 6 1 4157 5 5 57 105250
8 6 1 4158 5 6 58 105940
8 6 1 4159 5 7 59 109658
8 6 1 4160 5 0 60 101347
8 6 1 4161 5 1 61 101152
8 6 1 4162 5 2 62 102189
8 6 1 4163 5 3 63 100640
8 6 1 4164 5 4 64 105743
8 6 1 4165 5 5 65 110082
8 6 1 4166 5 6 66 111359
8 6 1 4167 5 7 67 105549
8 6 1 4168 5 0 68 100360
8 6 1 4169 5 1 69 102029
8 6 1 4170 5 2 70 103382
8 6 1 4171 5 3 71 104686
8 6 1 4172 5 4 72 93736
8 6 1 4173 5 5 73 109191
8 6 1 4174 5 6 74 109669
8 6 1 4175 5 7 75 108851
8 6 1 4176 5 0 76 101332
8 6 1 4177 5 1 77 101904
8 6 1 4178 5 2 78 97150
8 6 1 4179 5 3 79 104700
8 6 1 4180 5 4 80 106768
8 6 1 4181 5 5 81 106783
8 6 1 4182 5 6 82 106713
8 6 1 4183 5 7 83 113497
8 6 1 4184 5 0 84 100242
8 6 1 4185 5 1 85 100111
8 6 1 4186 5 2 86 100411
8 6 1 4187 5 3 87 97380
8 6 1 4188 5 4 88 105108
8 6 1 4189 5 5 89 103267
8 6 1 4190 5 6 90 107036
8 6 1 4191 5 7 91 111163
8 6 1 4192 5 0 92 101352
8 6 1 4193 5 1 93 102009
8 6 1 4194 5 2 94 97688
8 6 1 4195 5 3 95 104750
8 6 1 4196 5 4 96 97266
8 6 1 4197 5 5 97 108560
8 6 1 4198 5 6 98 103005
8 6 1 4199 5 7 99 111392
8 6 2 3600 4 0 0 102601
8 6 2 3601 4 1 1 100980
8 6 2 3602 4 2 2 106604
8 6 2 3603 4 3 3 108795
8 6 2 3604 4 4 4 113572
8 6 2 3605 4 5 5 120144
8 6 2 3606 4 6 6 122267
8 6 2 3607 4 7 7 120366
8 6 2 3608 4 0 8 101210
8 6 2 3609 4 1 9 103868
8 6 2 3610 4 2 10 106391
8 6 2 3611 4 3 11 108989
8 6 2 3612 4 4 12 113245
8 6 2 3613 4 5 13 119678
8 6 2 3614 4 6 14 118032
8 6 2 3615 4 7 15 126176
8 6 2 3616 4 0 16 102590
8 6 2 3617 4 1 17 104006
8 6 2 3618 4 2 18 106251
8 6 2 3619 4 3 19 109054
8 6 2 3620 4 4 20 113340
8 6 2 3621 4 5 21 120407
8 6 2 3622 4 6 22 121634
8 6 2 3623 4 7 23 123486
8 6 2 3624 4 0 24 102589
8 6 2 3625 4 1 25 103755
8 6 2 3626 4 2 26 100908
8 6 2 3627 4 3 27 99111
8 6 2 3628 4 4 28 112532
8 6 2 3629 4 5 29 120994
8 6 2 3630 4 6 30 120618
8 6 2 3631 4 7 31 126919
8 6 2 3632 4 0 32 101876
8 6 2 3633 4 1 33 103774
8 6 2 3634 4 2 34 106746
8 6 2 3635 4 3 35 109288
8 6 2 3636 4 4 36 113390
8 6 2 3637 4 5 37 120486
8 6 2 3638 4 6 38 123421
8 6 2 3639 4 7 39 127421
8 6 2 3640 4 0 40 102599
8 6 2 3641 4 1 41 102766
8 6 2 3642 4 2 42 106487
8 6 2 3643 4 3 43 109424
8 6 2 3644 4 4 44 113462
8 6 2 3645 4 5 45 120047
8 6 2 3646 4 6 46 123191
8 6 2 3647 4 7 47 116591
8 6 2 3648 4 0 48 102624
8 6 2 3649 4 1 49 104040
8 6 2 3650 4 2 50 101494
8 6 2 3651 4 3 51 109280
8 6 2 3652 4 4 52 113922
8 6 2 3653 4 5 53 118556
8 6 2 3654 4 6 54 111579
8 6 2 3655 4 7 55 124314
8 6 2 3656 4 0 56 102618
8 6 2 3657 4 1 57 103874
8 6 2 3658 4 2 58 106210
8 6 2 3659 4 3 59 109469
8 6 2 3660 4 4 60 112470
8 6 2 3661 4 5 61 116858
8 6 2 3662 4 6 62 116723
8 6 2 3663 4 7 63 122656
8 6 2 3664 4 0 64 100674
8 6 2 3665 4 1 65 101043
8 6 2 3666 4 2 66 104452
8 6 2 3667 4 3 67 109393
8 6 2 3668 4 4 68 113479
8 6 2 3669 4 5 69 118045
8 6 2 3670 4 6 70 123818
8 6 2 3671 4 7 71 124111
8 6 2 3672 4 0 72 98439
8 6 2 3673 4 1 73 103843
8 6 2 3674 4 2 74 104707
8 6 2 3675 4 3 75 108849
8 6 2 3676 4 4 76 113235
8 6 2 3677 4 5 77 119768
8 6 2 3678 4 6 78 123279
8 6 2 3679 4 7 79 126461
8 6 2 3680 4 0 80 102541
8 6 2 3681 4 1 81 104044
8 6 2 3682 4 2 82 106745
8 6 2 3683 4 3 83 109369
8 6 2 3684 4 4 84 104836
8 6 2 3685 4 5 85 113161
8 6 2 3686 4 6 86 122516
8 6 2 3687 4 7 87 127818
8 6 2 3688 4 0 88 102668
8 6 2 3689 4 1 89 103979
8 6 2 3690 4 2 90 106404
8 6 2 3691 4 3 91 106460
8 6 2 3692 4 4 92 107963
8 6 2 3693 4 5 93 119106
8 6 2 3694 4 6 94 122274
8 6 2 3695 4 7 95 127166
8 6 2 3696 4 0 96 102642
8 6 2 3697 4 1 97 101890
8 6 2 3698 4 2 98 103070
8 6 2 3699 4 3 99 109053
8 6 2 3700 4 4 0 113303
8 6 2 3701 4 5 1 114553
8 6 2 3702 4 6 2 121715
8 6 2 3703 4 7 3 125371
8 6 2 3704 4 0 4 102642
8 6 2 3705 4 1 5 103847
8 6 2 3706 4 2 6 106464
8 6 2 3707 4 3 7 109345
8 6 2 3708 4 4 8 108956
8 6 2 3709 4 5 9 115239
8 6 2 3710 4 6 10 122753
8 6 2 3711 4 7 11 119294
8 6 2 3712 4 0 12 102546
8 6 2 3713 4 1 13 103788
8 6 2 3714 4 2 14 101854
8 6 2 3715 4 3 15 109241
8 6 2 3716 4 4 16 113267
8 6 2 3717 4 5 17 120776
8 6 2 3718 4 6 18 117635
8 6 2 3719 4 7 19 123925
8 6 2 3720 4 0 20 102587
8 6 2 3721 4 1 21 103995
8 6 2 3722 4 2 22 106500
8 6 2 3723 4 3 23 106909
8 6 2 3724 4 4 24 113212
8 6 2 3725 4 5 25 119666
8 6 2 3726 4 6 26 106970
8 6 2 3727 4 7 27 109968
8 6 2 3728 4 0 28 102480
8 6 2 3729 4 1 29 104011
8 6 2 3730 4 2 30 106638
8 6 2 3731 4 3 31 109274
8 6 2 3732 4 4 32 110826
8 6 2 3733 4 5 33 119661
8 6 2 3734 4 6 34 123224
8 6 2 3735 4 7 35 126591
8 6 2 3736 4 0 36 102638
8 6 2 3737 4 1 37 104036
8 6 2 3738 4 2 38 106422
8 6 2 3739 4 3 39 109287
8 6 2 3740 4 4 40 113409
8 6 2 3741 4 5 41 117227
8 6 2 3742 4 6 42 122584
8 6 2 3743 4 7 43 126784
8 6 2 3744 4 0 44 102650
8 6 2 3745 4 1 45 103992
8 6 2 3746 4 2 46 106481
8 6 2 3747 4 3 47 106308
8 6 2 3748 4 4 48 113313
8 6 2 3749 4 5 49 120503
8 6 2 3750 4 6 50 103841
8 6 2 3751 4 7 51 126697
8 6 2 3752 4 0 52 102699
8 6 2 3753 4 1 53 103801
8 6 2 3754 4 2 54 105635
8 6 2 3755 4 3 55 108998
8 6 2 3756 4 4 56 113172
8 6 2 3757 4 5 57 119823
8 6 2 3758 4 6 58 121466
8 6 2 3759 4 7 59 121208
8 6 2 3760 4 0 60 102288
8 6 2 3761 4 1 61 103053
8 6 2 3762 4 2 62 101585
8 6 2 3763 4 3 63 106771
8 6 2 3764 4 4 64 108174
8 6 2 3765 4 5 65 114017
8 6 2 3766 4 6 66 118865
8 6 2 3767 4 7 67 127058
8 6 2 3768 4 0 68 102660
8 6 2 3769 4 1 69 104060
8 6 2 3770 4 2 70 106742
8 6 2 3771 4 3 71 108654
8 6 2 3772 4 4 72 100225
8 6 2 3773 4 5 73 119417
8 6 2 3774 4 6 74 119262
8 6 2 3775 4 7 75 126050
8 6 2 3776 4 0 76 102581
8 6 2 3777 4 1 77 103749
8 6 2 3778 4 2 78 106713
8 6 2 3779 4 3 79 108824
8 6 2 3780 4 4 80 113211
8 6 2 3781 4 5 81 120943
8 6 2 3782 4 6 82 114582
8 6 2 3783 4 7 83 125958
8 6 2 3784 4 0 84 100516
8 6 2 3785 4 1 85 102290
8 6 2 3786 4 2 86 106486
8 6 2 3787 4 3 87 109333
8 6 2 3788 4 4 88 111975
8 6 2 3789 4 5 89 120658
8 6 2 3790 4 6 90 118926
8 6 2 3791 4 7 91 124363
8 6 2 3792 4 0 92 100731
8 6 2 3793 4 1 93 103853
8 6 2 3794 4 2 94 106336
8 6 2 3795 4 3 95 109145
8 6 2 3796 4 4 96 113206
8 6 2 3797 4 5 97 113613
8 6 2 3798 4 6 98 115066
8 6 2 3799 4 7 99 126299
8 6 2 3800 4 0 0 102601
8 6 2 3801 4 1 1 100980
8 6 2 3802 4 2 2 106604
8 6 2 3803 4 3 3 108795
8 6 2 3804 4 4 4 113572
8 6 2 3805 4 5 5 120144
8 6 2 3806 4 6 6 122267
8 6 2 3807 4 7 7 120366
8 6 2 3808 4 0 8 101210
8 6 2 3809 4 1 9 103868
8 6 2 3810 4 2 10 106391
8 6 2 3811 4 3 11 108989
8 6 2 3812 4 4 12 113245
8 6 2 3813 4 5 13 119678
8 6 2 3814 4 6 14 118032
8 6 2 3815 4 7 15 126176
8 6 2 3816 4 0 16 102590
8 6 2 3817 4 1 17 104006
8 6 2 3818 4 2 18 106251
8 6 2 3819 4 3 19 109054
8 6 2 3820 4 4 20 113340
8 6 2 3821 4 5 21 120407
8 6 2 3822 4 6 22 121634
8 6 2 3823 4 7 23 123486
8 6 2 3824 4 0 24 102589
8 6 2 3825 4 1 25 103755
8 6 2 3826 4 2 26 100908
8 6 2 3827 4 3 27 99111
8 6 2 3828 4 4 28 112532
8 6 2 3829 4 5 29 120994
8 6 2 3830 4 6 30 120618
8 6 2 3831 4 7 31 126919
8 6 2 3832 4 0 32 101876
8 6 2 3833 4 1 33 103774
8 6 2 3834 4 2 34 106746
8 6 2 3835 4 3 35 109288
8 6 2 3836 4 4 36 113390
8 6 2 3837 4 5 37 120486
8 6 2 3838 4 6 38 123421
8 6 2 3839 4 7 39 127421
8 6 2 3840 4 0 40 102599
8 6 2 3841 4 1 41 102766
8 6 2 3842 4 2 42 106487
8 6 2 3843 4 3 43 109424
8 6 2 3844 4 4 44 113462
8 6 2 3845 4 5 45 120047
8 6 2 3846 4 6 46 123191
8 6 2 3847 4 7 47 116591
8 6 2 3848 4 0 48 102624
8 6 2 3849 4 1 49 104040
8 6 2 3850 4 2 50 101494
8 6 2 3851 4 3 51 109280
8 6 2 3852 4 4 52 113922
8 6 2 3853 4 5 53 118556
8 6 2 3854 4 6 54 111579
8 6 2 3855 4 7 55 124314
8 6 2 3856 4 0 56 102618
8 6 2 3857 4 1 57 103874
8 6 2 3858 4 2 58 106210
8 6 2 3859 4 3 59 109469
8 6 2 3860 4 4 60 112470
8 6 2 3861 4 5 61 116858
8 6 2 3862 4 6 62 116723
8 6 2 3863 4 7 63 122656
8 6 2 3864 4 0 64 100674
8 6 2 3865 4 1 65 101043
8 6 2 3866 4 2 66 104452
8 6 2 3867 4 3 67 109393
8 6 2 3868 4 4 68 113479
8 6 2 3869 4 5 69 118045
8 6 2 3870 4 6 70 123818
8 6 2 3871 4 7 71 124111
8 6 2 3872 4 0 72 98439
8 6 2 3873 4 1 73 103843
8 6 2 3874 4 2 74 104707
8 6 2 3875 4 3 75 108849
8 6 2 3876 4 4 76 113235
8 6 2 3877 4 5 77 119768
8 6 2 3878 4 6 78 123279
8 6 2 3879 4 7 79 126461
8 6 2 3880 4 0 80 102541
8 6 2 3881 4 1 81 104044
8 6 2 3882 4 2 82 106745
8 6 2 3883 4 3 83 109369
8 6 2 3884 4 4 84 104836
8 6 2 3885 4 5 85 113161
8 6 2 3886 4 6 86 122516
8 6 2 3887 4 7 87 127818
8 6 2 3888 4 0 88 102668
8 6 2 3889 4 1 89 103979
8 6 2 3890 4 2 90 106404
8 6 2 3891 4 3 91 106460
8 6 2 3892 4 4 92 107963
8 6 2 3893 4 5 93 119106
8 6 2 3894 4 6 94 122274
8 6 2 3895 4 7 95 127166
8 6 2 3896 4 0 96 102642
8 6 2 3897 4 1 97 101890
8 6 2 3898 4 2 98 103070
8 6 2 3899 4 3 99 109053
8 6 2 3900 4 4 0 113303
8 6 2 3901 4 5 1 114553
8 6 2 3902 4 6 2 121715
8 6 2 3903 4 7 3 125371
8 6 2 3904 4 0 4 102642
8 6 2 3905 4 1 5 103847
8 6 2 3906 4 2 6 106464
8 6 2 3907 4 3 7 109345
8 6 2 3908 4 4 8 108956
8 6 2 3909 4 5 9 115239
8 6 2 3910 4 6 10 122753
8 6 2 3911 4 7 11 119294
8 6 2 3912 4 0 12 102546
8 6 2 3913 4 1 13 103788
8 6 2 3914 4 2 14 101854
8 6 2 3915 4 3 15 109241
8 6 2 3916 4 4 16 113267
8 6 2 3917 4 5 17 120776
8 6 2 3918 4 6 18 117635
8 6 2 3919 4 7 19 123925
8 6 2 3920 4 0 20 102587
8 6 2 3921 4 1 21 103995
8 6 2 3922 4 2 22 106500
8 6 2 3923 4 3 23 106909
8 6 2 3924 4 4 24 113212
8 6 2 3925 4 5 25 119666
8 6 2 3926 4 6 26 106970
8 6 2 3927 4 7 27 109968
8 6 2 3928 4 0 28 102480
8 6 2 3929 4 1 29 104011
8 6 2 3930 4 2 30 106638
8 6 2 3931 4 3 31 109274
8 6 2 3932 4 4 32 110826
8 6 2 3933 4 5 33 119661
8 6 2 3934 4 6 34 123224
8 6 2 3935 4 7 35 126591
8 6 2 3936 4 0 36 102638
8 6 2 3937 4 1 37 104036
8 6 2 3938 4 2 38 106422
8 6 2 3939 4 3 39 109287
8 6 2 3940 4 4 40 113409
8 6 2 3941 4 5 41 117227
8 6 2 3942 4 6 42 122584
8 6 2 3943 4 7 43 126784
8 6 2 3944 4 0 44 102650
8 6 2 3945 4 1 45 103992
8 6 2 3946 4 2 46 106481
8 6 2 3947 4 3 47 106308
8 6 2 3948 4 4 48 113313
8 6 2 3949 4 5 49 120503
8 6 2 3950 4 6 50 103841
8 6 2 3951 4 7 51 126697
8 6 2 3952 4 0 52 102699
8 6 2 3953 4 1 53 103801
8 6 2 3954 4 2 54 105635
8 6 2 3955 4 3 55 108998
8 6 2 3956 4 4 56 113172
8 6 2 3957 4 5 57 119823
8 6 2 3958 4 6 58 121466
8 6 2 3959 4 7 59 121208
8 6 2 3960 4 0 60 102288
8 6 2 3961 4 1 61 103053
8 6 2 3962 4 2 62 101585
8 6 2 3963 4 3 63 106771
8 6 2 3964 4 4 64 108174
8 6 2 3965 4 5 65 114017
8 6 2 3966 4 6 66 118865
8 6 2 3967 4 7 67 127058
8 6 2 3968 4 0 68 102660
8 6 2 3969 4 1 69 104060
8 6 2 3970 4 2 70 106742
8 6 2 3971 4 3 71 108654
8 6 2 3972 4 4 72 100225
8 6 2 3973 4 5 73 119417
8 6 2 3974 4 6 74 119262
8 6 2 3975 4 7 75 126050
8 6 2 3976 4 0 76 102581
8 6 2 3977 4 1 77 103749
8 6 2 3978 4 2 78 106713
8 6 2 3979 4 3 79 108824
8 6 2 3980 4 4 80 113211
8 6 2 3981 4 5 81 120943
8 6 2 3982 4 6 82 114582
8 6 2 3983 4 7 83 125958
8 6 2 3984 4 0 84 100516
8 6 2 3985 4 1 85 102290
8 6 2 3986 4 2 86 106486
8 6 2 3987 4 3 87 109333
8 6 2 3988 4 4 88 111975
8 6 2 3989 4 5 89 120658
8 6 2 3990 4 6 90 118926
8 6 2 3991 4 7 91 124363
8 6 2 3992 4 0 92 100731
8 6 2 3993 4 1 93 103853
8 6 2 3994 4 2 94 106336
8 6 2 3995 4 3 95 109145
8 6 2 3996 4 4 96 113206
8 6 2 3997 4 5 97 113613
8 6 2 3998 4 6 98 115066
8 6 2 3999 4 7 99 126299
8 6 2 4000 5 0 0 102503
8 6 2 4001 5 1 1 103678
8 6 2 4002 5 2 2 106813
8 6 2 4003 5 3 3 109100
8 6 2 4004 5 4 4 113577
8 6 2 4005 5 5 5 104347
8 6 2 4006 5 6 6 113025
8 6 2 4007 5 7 7 107884
8 6 2 4008 5 0 8 98590
8 6 2 4009 5 1 9 102018
8 6 2 4010 5 2 10 106860
8 6 2 4011 5 3 11 108400
8 6 2 4012 5 4 12 105450
8 6 2 4013 5 5 13 121139
8 6 2 4014 5 6 14 97176
8 6 2 4015 5 7 15 118998
8 6 2 4016 5 0 16 102718
8 6 2 4017 5 1 17 102048
8 6 2 4018 5 2 18 99765
8 6 2 4019 5 3 19 100264
8 6 2 4020 5 4 20 113843
8 6 2 4021 5 5 21 118224
8 6 2 4022 5 6 22 115881
8 6 2 4023 5 7 23 120928
8 6 2 4024 5 0 24 100058
8 6 2 4025 5 1 25 102860
8 6 2 4026 5 2 26 106887
8 6 2 4027 5 3 27 102882
8 6 2 4028 5 4 28 111828
8 6 2 4029 5 5 29 114311
8 6 2 4030 5 6 30 111761
8 6 2 4031 5 7 31 114283
8 6 2 4032 5 0 32 101350
8 6 2 4033 5 1 33 101537
8 6 2 4034 5 2 34 101840
8 6 2 4035 5 3 35 92729
8 6 2 4036 5 4 36 113895
8 6 2 4037 5 5 37 103848
8 6 2 4038 5 6 38 122390
8 6 2 4039 5 7 39 123103
8 6 2 4040 5 0 40 99637
8 6 2 4041 5 1 41 104077
8 6 2 4042 5 2 42 105085
8 6 2 4043 5 3 43 109696
8 6 2 4044 5 4 44 113846
8 6 2 4045 5 5 45 112262
8 6 2 4046 5 6 46 113927
8 6 2 4047 5 7 47 122914
8 6 2 4048 5 0 48 101384
8 6 2 4049 5 1 49 103792
8 6 2 4050 5 2 50 103988
8 6 2 4051 5 3 51 103460
8 6 2 4052 5 4 52 113843
8 6 2 4053 5 5 53 117506
8 6 2 4054 5 6 54 113528
8 6 2 4055 5 7 55 112845
8 6 2 4056 5 0 56 102724
8 6 2 4057 5 1 57 102467
8 6 2 4058 5 2 58 104152
8 6 2 4059 5 3 59 103337
8 6 2 4060 5 4 60 111303
8 6 2 4061 5 5 61 103360
8 6 2 4062 5 6 62 112780
8 6 2 4063 5 7 63 107855
8 6 2 4064 5 0 64 102416
8 6 2 4065 5 1 65 101224
8 6 2 4066 5 2 66 106758
8 6 2 4067 5 3 67 103476
8 6 2 4068 5 4 68 108951
8 6 2 4069 5 5 69 104994
8 6 2 4070 5 6 70 121404
8 6 2 4071 5 7 71 128537
8 6 2 4072 5 0 72 98991
8 6 2 4073 5 1 73 103759
8 6 2 4074 5 2 74 102824
8 6 2 4075 5 3 75 102068
8 6 2 4076 5 4 76 112726
8 6 2 4077 5 5 77 100034
8 6 2 4078 5 6 78 108786
8 6 2 4079 5 7 79 128621
8 6 2 4080 5 0 80 102704
8 6 2 4081 5 1 81 103851
8 6 2 4082 5 2 82 101545
8 6 2 4083 5 3 83 104705
8 6 2 4084 5 4 84 106502
8 6 2 4085 5 5 85 111516
8 6 2 4086 5 6 86 116663
8 6 2 4087 5 7 87 106075
8 6 2 4088 5 0 88 102271
8 6 2 4089 5 1 89 104042
8 6 2 4090 5 2 90 104935
8 6 2 4091 5 3 91 109329
8 6 2 4092 5 4 92 105238
8 6 2 4093 5 5 93 121174
8 6 2 4094 5 6 94 105173
8 6 2 4095 5 7 95 119307
8 6 2 4096 5 0 96 100409
8 6 2 4097 5 1 97 103945
8 6 2 4098 5 2 98 102952
8 6 2 4099 5 3 99 109456
8 6 2 4100 5 4 0 113983
8 6 2 4101 5 5 1 118955
8 6 2 4102 5 6 2 119778
8 6 2 4103 5 7 3 123081
8 6 2 4104 5 0 4 102624
8 6 2 4105 5 1 5 100145
8 6 2 4106 5 2 6 106399
8 6 2 4107 5 3 7 101741
8 6 2 4108 5 4 8 92307
8 6 2 4109 5 5 9 108022
8 6 2 4110 5 6 10 118606
8 6 2 4111 5 7 11 121692
8 6 2 4112 5 0 12 101417
8 6 2 4113 5 1 13 104041
8 6 2 4114 5 2 14 96805
8 6 2 4115 5 3 15 109528
8 6 2 4116 5 4 16 113937
8 6 2 4117 5 5 17 107127
8 6 2 4118 5 6 18 103873
8 6 2 4119 5 7 19 95698
8 6 2 4120 5 0 20 102699
8 6 2 4121 5 1 21 104018
8 6 2 4122 5 2 22 106623
8 6 2 4123 5 3 23 105558
8 6 2 4124 5 4 24 99866
8 6 2 4125 5 5 25 116666
8 6 2 4126 5 6 26 108525
8 6 2 4127 5 7 27 112895
8 6 2 4128 5 0 28 102464
8 6 2 4129 5 1 29 101151
8 6 2 4130 5 2 30 106628
8 6 2 4131 5 3 31 98120
8 6 2 4132 5 4 32 106714
8 6 2 4133 5 5 33 105886
8 6 2 4134 5 6 34 107412
8 6 2 4135 5 7 35 93977
8 6 2 4136 5 0 36 102726
8 6 2 4137 5 1 37 100048
8 6 2 4138 5 2 38 106716
8 6 2 4139 5 3 39 104743
8 6 2 4140 5 4 40 102312
8 6 2 4141 5 5 41 121196
8 6 2 4142 5 6 42 120022
8 6 2 4143 5 7 43 126390
8 6 2 4144 5 0 44 102544
8 6 2 4145 5 1 45 102421
8 6 2 4146 5 2 46 106787
8 6 2 4147 5 3 47 105843
8 6 2 4148 5 4 48 103239
8 6 2 4149 5 5 49 119660
8 6 2 4150 5 6 50 100758
8 6 2 4151 5 7 51 104009
8 6 2 4152 5 0 52 102643
8 6 2 4153 5 1 53 103656
8 6 2 4154 5 2 54 106857
8 6 2 4155 5 3 55 104423
8 6 2 4156 5 4 56 113985
8 6 2 4157 5 5 57 115875
8 6 2 4158 5 6 58 103352
8 6 2 4159 5 7 59 103857
8 6 2 4160 5 0 60 102535
8 6 2 4161 5 1 61 100468
8 6 2 4162 5 2 62 105620
8 6 2 4163 5 3 63 95608
8 6 2 4164 5 4 64 112071
8 6 2 4165 5 5 65 107534
8 6 2 4166 5 6 66 121381
8 6 2 4167 5 7 67 119730
8 6 2 4168 5 0 68 101717
8 6 2 4169 5 1 69 103292
8 6 2 4170 5 2 70 106876
8 6 2 4171 5 3 71 109607
8 6 2 4172 5 4 72 94375
8 6 2 4173 5 5 73 116432
8 6 2 4174 5 6 74 113601
8 6 2 4175 5 7 75 113697
8 6 2 4176 5 0 76 102469
8 6 2 4177 5 1 77 100814
8 6 2 4178 5 2 78 100413
8 6 2 4179 5 3 79 109659
8 6 2 4180 5 4 80 113973
8 6 2 4181 5 5 81 117540
8 6 2 4182 5 6 82 112013
8 6 2 4183 5 7 83 118271
8 6 2 4184 5 0 84 101478
8 6 2 4185 5 1 85 102003
8 6 2 4186 5 2 86 103808
8 6 2 4187 5 3 87 97861
8 6 2 4188 5 4 88 112213
8 6 2 4189 5 5 89 111349
8 6 2 4190 5 6 90 119275
8 6 2 4191 5 7 91 122363
8 6 2 4192 5 0 92 100960
8 6 2 4193 5 1 93 104049
8 6 2 4194 5 2 94 100956
8 6 2 4195 5 3 95 108326
8 6 2 4196 5 4 96 103794
8 6 2 4197 5 5 97 114924
8 6 2 4198 5 6 98 114163
8 6 2 4199 5 7 99 117648
8 6 3 3600 4 0 0 103934
8 6 3 3601 4 1 1 102964
8 6 3 3602 4 2 2 110078
8 6 3 3603 4 3 3 111197
8 6 3 3604 4 4 4 119162
8 6 3 3605 4 5 5 131966
8 6 3 3606 4 6 6 135236
8 6 3 3607 4 7 7 135986
8 6 3 3608 4 0 8 102532
8 6 3 3609 4 1 9 105871
8 6 3 3610 4 2 10 109853
8 6 3 3611 4 3 11 113877
8 6 3 3612 4 4 12 116518
8 6 3 3613 4 5 13 130878
8 6 3 3614 4 6 14 128710
8 6 3 3615 4 7 15 136236
8 6 3 3616 4 0 16 103948
8 6 3 3617 4 1 17 106007
8 6 3 3618 4 2 18 109791
8 6 3 3619 4 3 19 113778
8 6 3 3620 4 4 20 120555
8 6 3 3621 4 5 21 131907
8 6 3 3622 4 6 22 132268
8 6 3 3623 4 7 23 138391
8 6 3 3624 4 0 24 103869
8 6 3 3625 4 1 25 105855
8 6 3 3626 4 2 26 104080
8 6 3 3627 4 3 27 103479
8 6 3 3628 4 4 28 119900
8 6 3 3629 4 5 29 128454
8 6 3 3630 4 6 30 125345
8 6 3 3631 4 7 31 142063
8 6 3 3632 4 0 32 103149
8 6 3 3633 4 1 33 105838
8 6 3 3634 4 2 34 110304
8 6 3 3635 4 3 35 114256
8 6 3 3636 4 4 36 119184
8 6 3 3637 4 5 37 132284
8 6 3 3638 4 6 38 136752
8 6 3 3639 4 7 39 141204
8 6 3 3640 4 0 40 103894
8 6 3 3641 4 1 41 104792
8 6 3 3642 4 2 42 109501
8 6 3 3643 4 3 43 114530
8 6 3 3644 4 4 44 119715
8 6 3 3645 4 5 45 132202
8 6 3 3646 4 6 46 136503
8 6 3 3647 4 7 47 131146
8 6 3 3648 4 0 48 103952
8 6 3 3649 4 1 49 106066
8 6 3 3650 4 2 50 104920
8 6 3 3651 4 3 51 113999
8 6 3 3652 4 4 52 121201
8 6 3 3653 4 5 53 124167
8 6 3 3654 4 6 54 117836
8 6 3 3655 4 7 55 136162
8 6 3 3656 4 0 56 103986
8 6 3 3657 4 1 57 105949
8 6 3 3658 4 2 58 105283
8 6 3 3659 4 3 59 114554
8 6 3 3660 4 4 60 120002
8 6 3 3661 4 5 61 120376
8 6 3 3662 4 6 62 122957
8 6 3 3663 4 7 63 138677
8 6 3 3664 4 0 64 101990
8 6 3 3665 4 1 65 103045
8 6 3 3666 4 2 66 107868
8 6 3 3667 4 3 67 114157
8 6 3 3668 4 4 68 117752
8 6 3 3669 4 5 69 129540
8 6 3 3670 4 6 70 134672
8 6 3 3671 4 7 71 137685
8 6 3 3672 4 0 72 99741
8 6 3 3673 4 1 73 105861
8 6 3 3674 4 2 74 108196
8 6 3 3675 4 3 75 113588
8 6 3 3676 4 4 76 120781
8 6 3 3677 4 5 77 131333
8 6 3 3678 4 6 78 137231
8 6 3 3679 4 7 79 137894
8 6 3 3680 4 0 80 103906
8 6 3 3681 4 1 81 106085
8 6 3 3682 4 2 82 110326
8 6 3 3683 4 3 83 114036
8 6 3 3684 4 4 84 111737
8 6 3 3685 4 5 85 113465
8 6 3 3686 4 6 86 129429
8 6 3 3687 4 7 87 144475
8 6 3 3688 4 0 88 103926
8 6 3 3689 4 1 89 106028
8 6 3 3690 4 2 90 109894
8 6 3 3691 4 3 91 111495
8 6 3 3692 4 4 92 111546
8 6 3 3693 4 5 93 130724
8 6 3 3694 4 6 94 135732
8 6 3 3695 4 7 95 137857
8 6 3 3696 4 0 96 104026
8 6 3 3697 4 1 97 103876
8 6 3 3698 4 2 98 106460
8 6 3 3699 4 3 99 114245
8 6 3 3700 4 4 0 120633
8 6 3 3701 4 5 1 122275
8 6 3 3702 4 6 2 135197
8 6 3 3703 4 7 3 132478
8 6 3 3704 4 0 4 103972
8 6 3 3705 4 1 5 105883
8 6 3 3706 4 2 6 109901
8 6 3 3707 4 3 7 114351
8 6 3 3708 4 4 8 116074
8 6 3 3709 4 5 9 125977
8 6 3 3710 4 6 10 136606
8 6 3 3711 4 7 11 125307
8 6 3 3712 4 0 12 103143
8 6 3 3713 4 1 13 105734
8 6 3 3714 4 2 14 105166
8 6 3 3715 4 3 15 112075
8 6 3 3716 4 4 16 120694
8 6 3 3717 4 5 17 132192
8 6 3 3718 4 6 18 130079
8 6 3 3719 4 7 19 139688
8 6 3 3720 4 0 20 103923
8 6 3 3721 4 1 21 106053
8 6 3 3722 4 2 22 108516
8 6 3 3723 4 3 23 111579
8 6 3 3724 4 4 24 119604
8 6 3 3725 4 5 25 126811
8 6 3 3726 4 6 26 112900
8 6 3 3727 4 7 27 124062
8 6 3 3728 4 0 28 103813
8 6 3 3729 4 1 29 106062
8 6 3 3730 4 2 30 110166
8 6 3 3731 4 3 31 114474
8 6 3 3732 4 4 32 113240
8 6 3 3733 4 5 33 129747
8 6 3 3734 4 6 34 135844
8 6 3 3735 4 7 35 138709
8 6 3 3736 4 0 36 103412
8 6 3 3737 4 1 37 106100
8 6 3 3738 4 2 38 109891
8 6 3 3739 4 3 39 112308
8 6 3 3740 4 4 40 120680
8 6 3 3741 4 5 41 128971
8 6 3 3742 4 6 42 134887
8 6 3 3743 4 7 43 143563
8 6 3 3744 4 0 44 104026
8 6 3 3745 4 1 45 106081
8 6 3 3746 4 2 46 109962
8 6 3 3747 4 3 47 110843
8 6 3 3748 4 4 48 120634
8 6 3 3749 4 5 49 131942
8 6 3 3750 4 6 50 115663
8 6 3 3751 4 7 51 142545
8 6 3 3752 4 0 52 104042
8 6 3 3753 4 1 53 105650
8 6 3 3754 4 2 54 109031
8 6 3 3755 4 3 55 113918
8 6 3 3756 4 4 56 120708
8 6 3 3757 4 5 57 131099
8 6 3 3758 4 6 58 127475
8 6 3 3759 4 7 59 135284
8 6 3 3760 4 0 60 103658
8 6 3 3761 4 1 61 105104
8 6 3 3762 4 2 62 103422
8 6 3 3763 4 3 63 111659
8 6 3 3764 4 4 64 115246
8 6 3 3765 4 5 65 123054
8 6 3 3766 4 6 66 131399
8 6 3 3767 4 7 67 129809
8 6 3 3768 4 0 68 103943
8 6 3 3769 4 1 69 106094
8 6 3 3770 4 2 70 110268
8 6 3 3771 4 3 71 113685
8 6 3 3772 4 4 72 106861
8 6 3 3773 4 5 73 131076
8 6 3 3774 4 6 74 132661
8 6 3 3775 4 7 75 132058
8 6 3 3776 4 0 76 103925
8 6 3 3777 4 1 77 105766
8 6 3 3778 4 2 78 110293
8 6 3 3779 4 3 79 113828
8 6 3 3780 4 4 80 119861
8 6 3 3781 4 5 81 132614
8 6 3 3782 4 6 82 127322
8 6 3 3783 4 7 83 140891
8 6 3 3784 4 0 84 101845
8 6 3 3785 4 1 85 102782
8 6 3 3786 4 2 86 107432
8 6 3 3787 4 3 87 114432
8 6 3 3788 4 4 88 118914
8 6 3 3789 4 5 89 132567
8 6 3 3790 4 6 90 131808
8 6 3 3791 4 7 91 141100
8 6 3 3792 4 0 92 101443
8 6 3 3793 4 1 93 105913
8 6 3 3794 4 2 94 109665
8 6 3 3795 4 3 95 114161
8 6 3 3796 4 4 96 120838
8 6 3 3797 4 5 97 124668
8 6 3 3798 4 6 98 127445
8 6 3 3799 4 7 99 140228
8 6 3 3800 4 0 0 103934
8 6 3 3801 4 1 1 102964
8 6 3 3802 4 2 2 110078
8 6 3 3803 4 3 3 111197
8 6 3 3804 4 4 4 119162
8 6 3 3805 4 5 5 131966
8 6 3 3806 4 6 6 135236
8 6 3 3807 4 7 7 135986
8 6 3 3808 4 0 8 102532
8 6 3 3809 4 1 9 105871
8 6 3 3810 4 2 10 109853
8 6 3 3811 4 3 11 113877
8 6 3 3812 4 4 12 116518
8 6 3 3813 4 5 13 130878
8 6 3 3814 4 6 14 128710
8 6 3 3815 4 7 15 136236
8 6 3 3816 4 0 16 103948
8 6 3 3817 4 1 17 106007
8 6 3 3818 4 2 18 109791
8 6 3 3819 4 3 19 113778
8 6 3 3820 4 4 20 120555
8 6 3 3821 4 5 21 131907
8 6 3 3822 4 6 22 132268
8 6 3 3823 4 7 23 138391
8 6 3 3824 4 0 24 103869
8 6 3 3825 4 1 25 105855
8 6 3 3826 4 2 26 104080
8 6 3 3827 4 3 27 103479
8 6 3 3828 4 4 28 119900
8 6 3 3829 4 5 29 128454
8 6 3 3830 4 6 30 125345
8 6 3 3831 4 7 31 142063
8 6 3 3832 4 0 32 103149
8 6 3 3833 4 1 33 105838
8 6 3 3834 4 2 34 110304
8 6 3 3835 4 3 35 114256
8 6 3 3836 4 4 36 119184
8 6 3 3837 4 5 37 132284
8 6 3 3838 4 6 38 136752
8 6 3 3839 4 7 39 141204
8 6 3 3840 4 0 40 103894
8 6 3 3841 4 1 41 104792
8 6 3 3842 4 2 42 109501
8 6 3 3843 4 3 43 114530
8 6 3 3844 4 4 44 119715
8 6 3 3845 4 5 45 132202
8 6 3 3846 4 6 46 136503
8 6 3 3847 4 7 47 131146
8 6 3 3848 4 0 48 103952
8 6 3 3849 4 1 49 106066
8 6 3 3850 4 2 50 104920
8 6 3 3851 4 3 51 113999
8 6 3 3852 4 4 52 121201
8 6 3 3853 4 5 53 124167
8 6 3 3854 4 6 54 117836
8 6 3 3855 4 7 55 136162
8 6 3 3856 4 0 56 103986
8 6 3 3857 4 1 57 105949
8 6 3 3858 4 2 58 105283
8 6 3 3859 4 3 59 114554
8 6 3 3860 4 4 60 120002
8 6 3 3861 4 5 61 120376
8 6 3 3862 4 6 62 122957
8 6 3 3863 4 7 63 138677
8 6 3 3864 4 0 64 101990
8 6 3 3865 4 1 65 103045
8 6 3 3866 4 2 66 107868
8 6 3 3867 4 3 67 114157
8 6 3 3868 4 4 68 117752
8 6 3 3869 4 5 69 129540
8 6 3 3870 4 6 70 134672
8 6 3 3871 4 7 71 137685
8 6 3 3872 4 0 72 99741
8 6 3 3873 4 1 73 105861
8 6 3 3874 4 2 74 108196
8 6 3 3875 4 3 75 113588
8 6 3 3876 4 4 76 120781
8 6 3 3877 4 5 77 131333
8 6 3 3878 4 6 78 137231
8 6 3 3879 4 7 79 137894
8 6 3 3880 4 0 80 103906
8 6 3 3881 4 1 81 106085
8 6 3 3882 4 2 82 110326
8 6 3 3883 4 3 83 114036
8 6 3 3884 4 4 84 111737
8 6 3 3885 4 5 85 113465
8 6 3 3886 4 6 86 129429
8 6 3 3887 4 7 87 144475
8 6 3 3888 4 0 88 103926
8 6 3 3889 4 1 89 106028
8 6 3 3890 4 2 90 109894
8 6 3 3891 4 3 91 111495
8 6 3 3892 4 4 92 111546
8 6 3 3893 4 5 93 130724
8 6 3 3894 4 6 94 135732
8 6 3 3895 4 7 95 137857
8 6 3 3896 4 0 96 104026
8 6 3 3897 4 1 97 103876
8 6 3 3898 4 2 98 106460
8 6 3 3899 4 3 99 114245
8 6 3 3900 4 4 0 120633
8 6 3 3901 4 5 1 122275
8 6 3 3902 4 6 2 135197
8 6 3 3903 4 7 3 132478
8 6 3 3904 4 0 4 103972
8 6 3 3905 4 1 5 105883
8 6 3 3906 4 2 6 109901
8 6 3 3907 4 3 7 114351
8 6 3 3908 4 4 8 116074
8 6 3 3909 4 5 9 125977
8 6 3 3910 4 6 10 136606
8 6 3 3911 4 7 11 125307
8 6 3 3912 4 0 12 103143
8 6 3 3913 4 1 13 105734
8 6 3 3914 4 2 14 105166
8 6 3 3915 4 3 15 112075
8 6 3 3916 4 4 16 120694
8 6 3 3917 4 5 17 132192
8 6 3 3918 4 6 18 130079
8 6 3 3919 4 7 19 139688
8 6 3 3920 4 0 20 103923
8 6 3 3921 4 1 21 106053
8 6 3 3922 4 2 22 108516
8 6 3 3923 4 3 23 111579
8 6 3 3924 4 4 24 119604
8 6 3 3925 4 5 25 126811
8 6 3 3926 4 6 26 112900
8 6 3 3927 4 7 27 124062
8 6 3 3928 4 0 28 103813
8 6 3 3929 4 1 29 106062
8 6 3 3930 4 2 30 110166
8 6 3 3931 4 3 31 114474
8 6 3 3932 4 4 32 113240
8 6 3 3933 4 5 33 129747
8 6 3 3934 4 6 34 135844
8 6 3 3935 4 7 35 138709
8 6 3 3936 4 0 36 103412
8 6 3 3937 4 1 37 106100
8 6 3 3938 4 2 38 109891
8 6 3 3939 4 3 39 112308
8 6 3 3940 4 4 40 120680
8 6 3 3941 4 5 41 128971
8 6 3 3942 4 6 42 134887
8 6 3 3943 4 7 43 143563
8 6 3 3944 4 0 44 104026
8 6 3 3945 4 1 45 106081
8 6 3 3946 4 2 46 109962
8 6 3 3947 4 3 47 110843
8 6 3 3948 4 4 48 120634
8 6 3 3949 4 5 49 131942
8 6 3 3950 4 6 50 115663
8 6 3 3951 4 7 51 142545
8 6 3 3952 4 0 52 104042
8 6 3 3953 4 1 53 105650
8 6 3 3954 4 2 54 109031
8 6 3 3955 4 3 55 113918
8 6 3 3956 4 4 56 120708
8 6 3 3957 4 5 57 131099
8 6 3 3958 4 6 58 127475
8 6 3 3959 4 7 59 135284
8 6 3 3960 4 0 60 103658
8 6 3 3961 4 1 61 105104
8 6 3 3962 4 2 62 103422
8 6 3 3963 4 3 63 111659
8 6 3 3964 4 4 64 115246
8 6 3 3965 4 5 65 123054
8 6 3 3966 4 6 66 131399
8 6 3 3967 4 7 67 129809
8 6 3 3968 4 0 68 103943
8 6 3 3969 4 1 69 106094
8 6 3 3970 4 2 70 110268
8 6 3 3971 4 3 71 113685
8 6 3 3972 4 4 72 106861
8 6 3 3973 4 5 73 131076
8 6 3 3974 4 6 74 132661
8 6 3 3975 4 7 75 132058
8 6 3 3976 4 0 76 103925
8 6 3 3977 4 1 77 105766
8 6 3 3978 4 2 78 110293
8 6 3 3979 4 3 79 113828
8 6 3 3980 4 4 80 119861
8 6 3 3981 4 5 81 132614
8 6 3 3982 4 6 82 127322
8 6 3 3983 4 7 83 140891
8 6 3 3984 4 0 84 101845
8 6 3 3985 4 1 85 102782
8 6 3 3986 4 2 86 107432
8 6 3 3987 4 3 87 114432
8 6 3 3988 4 4 88 118914
8 6 3 3989 4 5 89 132567
8 6 3 3990 4 6 90 131808
8 6 3 3991 4 7 91 141100
8 6 3 3992 4 0 92 101443
8 6 3 3993 4 1 93 105913
8 6 3 3994 4 2 94 109665
8 6 3 3995 4 3 95 114161
8 6 3 3996 4 4 96 120838
8 6 3 3997 4 5 97 124668
8 6 3 3998 4 6 98 127445
8 6 3 3999 4 7 99 140228
8 6 3 4000 5 0 0 103095
8 6 3 4001 5 1 1 102489
8 6 3 4002 5 2 2 110430
8 6 3 4003 5 3 3 114274
8 6 3 4004 5 4 4 120105
8 6 3 4005 5 5 5 113678
8 6 3 4006 5 6 6 125775
8 6 3 4007 5 7 7 117588
8 6 3 4008 5 0 8 97374
8 6 3 4009 5 1 9 101820
8 6 3 4010 5 2 10 110434
8 6 3 4011 5 3 11 113496
8 6 3 4012 5 4 12 112479
8 6 3 4013 5 5 13 126452
8 6 3 4014 5 6 14 101100
8 6 3 4015 5 7 15 127389
8 6 3 4016 5 0 16 104111
8 6 3 4017 5 1 17 100168
8 6 3 4018 5 2 18 100007
8 6 3 4019 5 3 19 99084
8 6 3 4020 5 4 20 110988
8 6 3 4021 5 5 21 130069
8 6 3 4022 5 6 22 123473
8 6 3 4023 5 7 23 127991
8 6 3 4024 5 0 24 100159
8 6 3 4025 5 1 25 104944
8 6 3 4026 5 2 26 107264
8 6 3 4027 5 3 27 107768
8 6 3 4028 5 4 28 119291
8 6 3 4029 5 5 29 122132
8 6 3 4030 5 6 30 124567
8 6 3 4031 5 7 31 128703
8 6 3 4032 5 0 32 102728
8 6 3 4033 5 1 33 103521
8 6 3 4034 5 2 34 105142
8 6 3 4035 5 3 35 97040
8 6 3 4036 5 4 36 110572
8 6 3 4037 5 5 37 114260
8 6 3 4038 5 6 38 133165
8 6 3 4039 5 7 39 138311
8 6 3 4040 5 0 40 100390
8 6 3 4041 5 1 41 106200
8 6 3 4042 5 2 42 106173
8 6 3 4043 5 3 43 114875
8 6 3 4044 5 4 44 114544
8 6 3 4045 5 5 45 117538
8 6 3 4046 5 6 46 121914
8 6 3 4047 5 7 47 130898
8 6 3 4048 5 0 48 102757
8 6 3 4049 5 1 49 105705
8 6 3 4050 5 2 50 100910
8 6 3 4051 5 3 51 108385
8 6 3 4052 5 4 52 117404
8 6 3 4053 5 5 53 127771
8 6 3 4054 5 6 54 126248
8 6 3 4055 5 7 55 115286
8 6 3 4056 5 0 56 104085
8 6 3 4057 5 1 57 103981
8 6 3 4058 5 2 58 107553
8 6 3 4059 5 3 59 107154
8 6 3 4060 5 4 60 112723
8 6 3 4061 5 5 61 99558
8 6 3 4062 5 6 62 123902
8 6 3 4063 5 7 63 122387
8 6 3 4064 5 0 64 103776
8 6 3 4065 5 1 65 103232
8 6 3 4066 5 2 66 110344
8 6 3 4067 5 3 67 108352
8 6 3 4068 5 4 68 115779
8 6 3 4069 5 5 69 107379
8 6 3 4070 5 6 70 131423
8 6 3 4071 5 7 71 138167
8 6 3 4072 5 0 72 100334
8 6 3 4073 5 1 73 104969
8 6 3 4074 5 2 74 101794
8 6 3 4075 5 3 75 106886
8 6 3 4076 5 4 76 119483
8 6 3 4077 5 5 77 109036
8 6 3 4078 5 6 78 121222
8 6 3 4079 5 7 79 139766
8 6 3 4080 5 0 80 104079
8 6 3 4081 5 1 81 104312
8 6 3 4082 5 2 82 102387
8 6 3 4083 5 3 83 109664
8 6 3 4084 5 4 84 113689
8 6 3 4085 5 5 85 112371
8 6 3 4086 5 6 86 124888
8 6 3 4087 5 7 87 112174
8 6 3 4088 5 0 88 103606
8 6 3 4089 5 1 89 106159
8 6 3 4090 5 2 90 107192
8 6 3 4091 5 3 91 114502
8 6 3 4092 5 4 92 111260
8 6 3 4093 5 5 93 109043
8 6 3 4094 5 6 94 113103
8 6 3 4095 5 7 95 122837
8 6 3 4096 5 0 96 101694
8 6 3 4097 5 1 97 103011
8 6 3 4098 5 2 98 102594
8 6 3 4099 5 3 99 114576
8 6 3 4100 5 4 0 117366
8 6 3 4101 5 5 1 112751
8 6 3 4102 5 6 2 131460
8 6 3 4103 5 7 3 128315
8 6 3 4104 5 0 4 103656
8 6 3 4105 5 1 5 102159
8 6 3 4106 5 2 6 109945
8 6 3 4107 5 3 7 103889
8 6 3 4108 5 4 8 88267
8 6 3 4109 5 5 9 107790
8 6 3 4110 5 6 10 125351
8 6 3 4111 5 7 11 134409
8 6 3 4112 5 0 12 102774
8 6 3 4113 5 1 13 103969
8 6 3 4114 5 2 14 100080
8 6 3 4115 5 3 15 114703
8 6 3 4116 5 4 16 121652
8 6 3 4117 5 5 17 108486
8 6 3 4118 5 6 18 111119
8 6 3 4119 5 7 19 90212
8 6 3 4120 5 0 20 102223
8 6 3 4121 5 1 21 106118
8 6 3 4122 5 2 22 110180
8 6 3 4123 5 3 23 103260
8 6 3 4124 5 4 24 100743
8 6 3 4125 5 5 25 126340
8 6 3 4126 5 6 26 114066
8 6 3 4127 5 7 27 128021
8 6 3 4128 5 0 28 103857
8 6 3 4129 5 1 29 102414
8 6 3 4130 5 2 30 110230
8 6 3 4131 5 3 31 102175
8 6 3 4132 5 4 32 113918
8 6 3 4133 5 5 33 116489
8 6 3 4134 5 6 34 116743
8 6 3 4135 5 7 35 106395
8 6 3 4136 5 0 36 102395
8 6 3 4137 5 1 37 102002
8 6 3 4138 5 2 38 108802
8 6 3 4139 5 3 39 109616
8 6 3 4140 5 4 40 104586
8 6 3 4141 5 5 41 131748
8 6 3 4142 5 6 42 124261
8 6 3 4143 5 7 43 139153
8 6 3 4144 5 0 44 102443
8 6 3 4145 5 1 45 104473
8 6 3 4146 5 2 46 110349
8 6 3 4147 5 3 47 110753
8 6 3 4148 5 4 48 110232
8 6 3 4149 5 5 49 128647
8 6 3 4150 5 6 50 98665
8 6 3 4151 5 7 51 117762
8 6 3 4152 5 0 52 104010
8 6 3 4153 5 1 53 105748
8 6 3 4154 5 2 54 110421
8 6 3 4155 5 3 55 108643
8 6 3 4156 5 4 56 121706
8 6 3 4157 5 5 57 126292
8 6 3 4158 5 6 58 114955
8 6 3 4159 5 7 59 102298
8 6 3 4160 5 0 60 102809
8 6 3 4161 5 1 61 100257
8 6 3 4162 5 2 62 107643
8 6 3 4163 5 3 63 100136
8 6 3 4164 5 4 64 119675
8 6 3 4165 5 5 65 110254
8 6 3 4166 5 6 66 132258
8 6 3 4167 5 7 67 135187
8 6 3 4168 5 0 68 102617
8 6 3 4169 5 1 69 102743
8 6 3 4170 5 2 70 108962
8 6 3 4171 5 3 71 114511
8 6 3 4172 5 4 72 100778
8 6 3 4173 5 5 73 125057
8 6 3 4174 5 6 74 109445
8 6 3 4175 5 7 75 127030
8 6 3 4176 5 0 76 103760
8 6 3 4177 5 1 77 102856
8 6 3 4178 5 2 78 103762
8 6 3 4179 5 3 79 109396
8 6 3 4180 5 4 80 121584
8 6 3 4181 5 5 81 124064
8 6 3 4182 5 6 82 113079
8 6 3 4183 5 7 83 134161
8 6 3 4184 5 0 84 102848
8 6 3 4185 5 1 85 99986
8 6 3 4186 5 2 86 106712
8 6 3 4187 5 3 87 102426
8 6 3 4188 5 4 88 119817
8 6 3 4189 5 5 89 122621
8 6 3 4190 5 6 90 126083
8 6 3 4191 5 7 91 138902
8 6 3 4192 5 0 92 102117
8 6 3 4193 5 1 93 101987
8 6 3 4194 5 2 94 101443
8 6 3 4195 5 3 95 113045
8 6 3 4196 5 4 96 110854
8 6 3 4197 5 5 97 115236
8 6 3 4198 5 6 98 116503
8 6 3 4199 5 7 99 130822
8 6 4 3600 4 0 0 105312
8 6 4 3601 4 1 1 105055
8 6 4 3602 4 2 2 113380
8 6 4 3603 4 3 3 115965
8 6 4 3604 4 4 4 126876
8 6 4 3605 4 5 5 144173
8 6 4 3606 4 6 6 149861
8 6 4 3607 4 7 7 153500
8 6 4 3608 4 0 8 103846
8 6 4 3609 4 1 9 107803
8 6 4 3610 4 2 10 113288
8 6 4 3611 4 3 11 118725
8 6 4 3612 4 4 12 123445
8 6 4 3613 4 5 13 143223
8 6 4 3614 4 6 14 131174
8 6 4 3615 4 7 15 153689
8 6 4 3616 4 0 16 105331
8 6 4 3617 4 1 17 106693
8 6 4 3618 4 2 18 113438
8 6 4 3619 4 3 19 118820
8 6 4 3620 4 4 20 124869
8 6 4 3621 4 5 21 144511
8 6 4 3622 4 6 22 146475
8 6 4 3623 4 7 23 141055
8 6 4 3624 4 0 24 105207
8 6 4 3625 4 1 25 107925
8 6 4 3626 4 2 26 107282
8 6 4 3627 4 3 27 107923
8 6 4 3628 4 4 28 128000
8 6 4 3629 4 5 29 140634
8 6 4 3630 4 6 30 138401
8 6 4 3631 4 7 31 160013
8 6 4 3632 4 0 32 104410
8 6 4 3633 4 1 33 107917
8 6 4 3634 4 2 34 113788
8 6 4 3635 4 3 35 119306
8 6 4 3636 4 4 36 126879
8 6 4 3637 4 5 37 143952
8 6 4 3638 4 6 38 151881
8 6 4 3639 4 7 39 158156
8 6 4 3640 4 0 40 105255
8 6 4 3641 4 1 41 106886
8 6 4 3642 4 2 42 113203
8 6 4 3643 4 3 43 119156
8 6 4 3644 4 4 44 126318
8 6 4 3645 4 5 45 144272
8 6 4 3646 4 6 46 150750
8 6 4 3647 4 7 47 147469
8 6 4 3648 4 0 48 105261
8 6 4 3649 4 1 49 107948
8 6 4 3650 4 2 50 108329
8 6 4 3651 4 3 51 119186
8 6 4 3652 4 4 52 128771
8 6 4 3653 4 5 53 136521
8 6 4 3654 4 6 54 129532
8 6 4 3655 4 7 55 153604
8 6 4 3656 4 0 56 102714
8 6 4 3657 4 1 57 108012
8 6 4 3658 4 2 58 108773
8 6 4 3659 4 3 59 119984
8 6 4 3660 4 4 60 127562
8 6 4 3661 4 5 61 120820
8 6 4 3662 4 6 62 136935
8 6 4 3663 4 7 63 155845
8 6 4 3664 4 0 64 103349
8 6 4 3665 4 1 65 105074
8 6 4 3666 4 2 66 105684
8 6 4 3667 4 3 67 119153
8 6 4 3668 4 4 68 125156
8 6 4 3669 4 5 69 141425
8 6 4 3670 4 6 70 142687
8 6 4 3671 4 7 71 155427
8 6 4 3672 4 0 72 100994
8 6 4 3673 4 1 73 107967
8 6 4 3674 4 2 74 111646
8 6 4 3675 4 3 75 119047
8 6 4 3676 4 4 76 128539
8 6 4 3677 4 5 77 143260
8 6 4 3678 4 6 78 151792
8 6 4 3679 4 7 79 154018
8 6 4 3680 4 0 80 105284
8 6 4 3681 4 1 81 106723
8 6 4 3682 4 2 82 113834
8 6 4 3683 4 3 83 119224
8 6 4 3684 4 4 84 119087
8 6 4 3685 4 5 85 124234
8 6 4 3686 4 6 86 142700
8 6 4 3687 4 7 87 161635
8 6 4 3688 4 0 88 105310
8 6 4 3689 4 1 89 107895
8 6 4 3690 4 2 90 113529
8 6 4 3691 4 3 91 106770
8 6 4 3692 4 4 92 118567
8 6 4 3693 4 5 93 143261
8 6 4 3694 4 6 94 150978
8 6 4 3695 4 7 95 143688
8 6 4 3696 4 0 96 102754
8 6 4 3697 4 1 97 105920
8 6 4 3698 4 2 98 103516
8 6 4 3699 4 3 99 119495
8 6 4 3700 4 4 0 127935
8 6 4 3701 4 5 1 130509
8 6 4 3702 4 6 2 148751
8 6 4 3703 4 7 3 149128
8 6 4 3704 4 0 4 105323
8 6 4 3705 4 1 5 107943
8 6 4 3706 4 2 6 113545
8 6 4 3707 4 3 7 119722
8 6 4 3708 4 4 8 119731
8 6 4 3709 4 5 9 137707
8 6 4 3710 4 6 10 151011
8 6 4 3711 4 7 11 134335
8 6 4 3712 4 0 12 104369
8 6 4 3713 4 1 13 107738
8 6 4 3714 4 2 14 102089
8 6 4 3715 4 3 15 116944
8 6 4 3716 4 4 16 128296
8 6 4 3717 4 5 17 139712
8 6 4 3718 4 6 18 144172
8 6 4 3719 4 7 19 156896
8 6 4 3720 4 0 20 105241
8 6 4 3721 4 1 21 108021
8 6 4 3722 4 2 22 112078
8 6 4 3723 4 3 23 109750
8 6 4 3724 4 4 24 127032
8 6 4 3725 4 5 25 139174
8 6 4 3726 4 6 26 124113
8 6 4 3727 4 7 27 139835
8 6 4 3728 4 0 28 105213
8 6 4 3729 4 1 29 108114
8 6 4 3730 4 2 30 113672
8 6 4 3731 4 3 31 119681
8 6 4 3732 4 4 32 120284
8 6 4 3733 4 5 33 141974
8 6 4 3734 4 6 34 150716
8 6 4 3735 4 7 35 155565
8 6 4 3736 4 0 36 104766
8 6 4 3737 4 1 37 108150
8 6 4 3738 4 2 38 113395
8 6 4 3739 4 3 39 116522
8 6 4 3740 4 4 40 128642
8 6 4 3741 4 5 41 141264
8 6 4 3742 4 6 42 150248
8 6 4 3743 4 7 43 161013
8 6 4 3744 4 0 44 105130
8 6 4 3745 4 1 45 107823
8 6 4 3746 4 2 46 113392
8 6 4 3747 4 3 47 116013
8 6 4 3748 4 4 48 128177
8 6 4 3749 4 5 49 143892
8 6 4 3750 4 6 50 127837
8 6 4 3751 4 7 51 160734
8 6 4 3752 4 0 52 105374
8 6 4 3753 4 1 53 107751
8 6 4 3754 4 2 54 112139
8 6 4 3755 4 3 55 119052
8 6 4 3756 4 4 56 121052
8 6 4 3757 4 5 57 143440
8 6 4 3758 4 6 58 131742
8 6 4 3759 4 7 59 152826
8 6 4 3760 4 0 60 105026
8 6 4 3761 4 1 61 107170
8 6 4 3762 4 2 62 106922
8 6 4 3763 4 3 63 116349
8 6 4 3764 4 4 64 122922
8 6 4 3765 4 5 65 135025
8 6 4 3766 4 6 66 139961
8 6 4 3767 4 7 67 145857
8 6 4 3768 4 0 68 105263
8 6 4 3769 4 1 69 108140
8 6 4 3770 4 2 70 111088
8 6 4 3771 4 3 71 118756
8 6 4 3772 4 4 72 113525
8 6 4 3773 4 5 73 138620
8 6 4 3774 4 6 74 145800
8 6 4 3775 4 7 75 148241
8 6 4 3776 4 0 76 105252
8 6 4 3777 4 1 77 107790
8 6 4 3778 4 2 78 113569
8 6 4 3779 4 3 79 119118
8 6 4 3780 4 4 80 127450
8 6 4 3781 4 5 81 134148
8 6 4 3782 4 6 82 141184
8 6 4 3783 4 7 83 158642
8 6 4 3784 4 0 84 103217
8 6 4 3785 4 1 85 104764
8 6 4 3786 4 2 86 111012
8 6 4 3787 4 3 87 119388
8 6 4 3788 4 4 88 123734
8 6 4 3789 4 5 89 145261
8 6 4 3790 4 6 90 146190
8 6 4 3791 4 7 91 144196
8 6 4 3792 4 0 92 102785
8 6 4 3793 4 1 93 107941
8 6 4 3794 4 2 94 113165
8 6 4 3795 4 3 95 118672
8 6 4 3796 4 4 96 117568
8 6 4 3797 4 5 97 136117
8 6 4 3798 4 6 98 129443
8 6 4 3799 4 7 99 158582
8 6 4 3800 4 0 0 105312
8 6 4 3801 4 1 1 105055
8 6 4 3802 4 2 2 113380
8 6 4 3803 4 3 3 115965
8 6 4 3804 4 4 4 126876
8 6 4 3805 4 5 5 144173
8 6 4 3806 4 6 6 149861
8 6 4 3807 4 7 7 153500
8 6 4 3808 4 0 8 103846
8 6 4 3809 4 1 9 107803
8 6 4 3810 4 2 10 113288
8 6 4 3811 4 3 11 118725
8 6 4 3812 4 4 12 123445
8 6 4 3813 4 5 13 143223
8 6 4 3814 4 6 14 131174
8 6 4 3815 4 7 15 153689
8 6 4 3816 4 0 16 105331
8 6 4 3817 4 1 17 106693
8 6 4 3818 4 2 18 113438
8 6 4 3819 4 3 19 118820
8 6 4 3820 4 4 20 124869
8 6 4 3821 4 5 21 144511
8 6 4 3822 4 6 22 146475
8 6 4 3823 4 7 23 141055
8 6 4 3824 4 0 24 105207
8 6 4 3825 4 1 25 107925
8 6 4 3826 4 2 26 107282
8 6 4 3827 4 3 27 107923
8 6 4 3828 4 4 28 128000
8 6 4 3829 4 5 29 140634
8 6 4 3830 4 6 30 138401
8 6 4 3831 4 7 31 160013
8 6 4 3832 4 0 32 104410
8 6 4 3833 4 1 33 107917
8 6 4 3834 4 2 34 113788
8 6 4 3835 4 3 35 119306
8 6 4 3836 4 4 36 126879
8 6 4 3837 4 5 37 143952
8 6 4 3838 4 6 38 151881
8 6 4 3839 4 7 39 158156
8 6 4 3840 4 0 40 105255
8 6 4 3841 4 1 41 106886
8 6 4 3842 4 2 42 113203
8 6 4 3843 4 3 43 119156
8 6 4 3844 4 4 44 126318
8 6 4 3845 4 5 45 144272
8 6 4 3846 4 6 46 150750
8 6 4 3847 4 7 47 147469
8 6 4 3848 4 0 48 105261
8 6 4 3849 4 1 49 107948
8 6 4 3850 4 2 50 108329
8 6 4 3851 4 3 51 119186
8 6 4 3852 4 4 52 128771
8 6 4 3853 4 5 53 136521
8 6 4 3854 4 6 54 129532
8 6 4 3855 4 7 55 153604
8 6 4 3856 4 0 56 102714
8 6 4 3857 4 1 57 108012
8 6 4 3858 4 2 58 108773
8 6 4 3859 4 3 59 119984
8 6 4 3860 4 4 60 127562
8 6 4 3861 4 5 61 120820
8 6 4 3862 4 6 62 136935
8 6 4 3863 4 7 63 155845
8 6 4 3864 4 0 64 103349
8 6 4 3865 4 1 65 105074
8 6 4 3866 4 2 66 105684
8 6 4 3867 4 3 67 119153
8 6 4 3868 4 4 68 125156
8 6 4 3869 4 5 69 141425
8 6 4 3870 4 6 70 142687
8 6 4 3871 4 7 71 155427
8 6 4 3872 4 0 72 100994
8 6 4 3873 4 1 73 107967
8 6 4 3874 4 2 74 111646
8 6 4 3875 4 3 75 119047
8 6 4 3876 4 4 76 128539
8 6 4 3877 4 5 77 143260
8 6 4 3878 4 6 78 151792
8 6 4 3879 4 7 79 154018
8 6 4 3880 4 0 80 105284
8 6 4 3881 4 1 81 106723
8 6 4 3882 4 2 82 113834
8 6 4 3883 4 3 83 119224
8 6 4 3884 4 4 84 119087
8 6 4 3885 4 5 85 124234
8 6 4 3886 4 6 86 142700
8 6 4 3887 4 7 87 161635
8 6 4 3888 4 0 88 105310
8 6 4 3889 4 1 89 107895
8 6 4 3890 4 2 90 113529
8 6 4 3891 4 3 91 106770
8 6 4 3892 4 4 92 118567
8 6 4 3893 4 5 93 143261
8 6 4 3894 4 6 94 150978
8 6 4 3895 4 7 95 143688
8 6 4 3896 4 0 96 102754
8 6 4 3897 4 1 97 105920
8 6 4 3898 4 2 98 103516
8 6 4 3899 4 3 99 119495
8 6 4 3900 4 4 0 127935
8 6 4 3901 4 5 1 130509
8 6 4 3902 4 6 2 148751
8 6 4 3903 4 7 3 149128
8 6 4 3904 4 0 4 105323
8 6 4 3905 4 1 5 107943
8 6 4 3906 4 2 6 113545
8 6 4 3907 4 3 7 119722
8 6 4 3908 4 4 8 119731
8 6 4 3909 4 5 9 137707
8 6 4 3910 4 6 10 151011
8 6 4 3911 4 7 11 134335
8 6 4 3912 4 0 12 104369
8 6 4 3913 4 1 13 107738
8 6 4 3914 4 2 14 102089
8 6 4 3915 4 3 15 116944
8 6 4 3916 4 4 16 128296
8 6 4 3917 4 5 17 139712
8 6 4 3918 4 6 18 144172
8 6 4 3919 4 7 19 156896
8 6 4 3920 4 0 20 105241
8 6 4 3921 4 1 21 108021
8 6 4 3922 4 2 22 112078
8 6 4 3923 4 3 23 109750
8 6 4 3924 4 4 24 127032
8 6 4 3925 4 5 25 139174
8 6 4 3926 4 6 26 124113
8 6 4 3927 4 7 27 139835
8 6 4 3928 4 0 28 105213
8 6 4 3929 4 1 29 108114
8 6 4 3930 4 2 30 113672
8 6 4 3931 4 3 31 119681
8 6 4 3932 4 4 32 120284
8 6 4 3933 4 5 33 141974
8 6 4 3934 4 6 34 150716
8 6 4 3935 4 7 35 155565
8 6 4 3936 4 0 36 104766
8 6 4 3937 4 1 37 108150
8 6 4 3938 4 2 38 113395
8 6 4 3939 4 3 39 116522
8 6 4 3940 4 4 40 128642
8 6 4 3941 4 5 41 141264
8 6 4 3942 4 6 42 150248
8 6 4 3943 4 7 43 161013
8 6 4 3944 4 0 44 105130
8 6 4 3945 4 1 45 107823
8 6 4 3946 4 2 46 113392
8 6 4 3947 4 3 47 116013
8 6 4 3948 4 4 48 128177
8 6 4 3949 4 5 49 143892
8 6 4 3950 4 6 50 127837
8 6 4 3951 4 7 51 160734
8 6 4 3952 4 0 52 105374
8 6 4 3953 4 1 53 107751
8 6 4 3954 4 2 54 112139
8 6 4 3955 4 3 55 119052
8 6 4 3956 4 4 56 121052
8 6 4 3957 4 5 57 143440
8 6 4 3958 4 6 58 131742
8 6 4 3959 4 7 59 152826
8 6 4 3960 4 0 60 105026
8 6 4 3961 4 1 61 107170
8 6 4 3962 4 2 62 106922
8 6 4 3963 4 3 63 116349
8 6 4 3964 4 4 64 122922
8 6 4 3965 4 5 65 135025
8 6 4 3966 4 6 66 139961
8 6 4 3967 4 7 67 145857
8 6 4 3968 4 0 68 105263
8 6 4 3969 4 1 69 108140
8 6 4 3970 4 2 70 111088
8 6 4 3971 4 3 71 118756
8 6 4 3972 4 4 72 113525
8 6 4 3973 4 5 73 138620
8 6 4 3974 4 6 74 145800
8 6 4 3975 4 7 75 148241
8 6 4 3976 4 0 76 105252
8 6 4 3977 4 1 77 107790
8 6 4 3978 4 2 78 113569
8 6 4 3979 4 3 79 119118
8 6 4 3980 4 4 80 127450
8 6 4 3981 4 5 81 134148
8 6 4 3982 4 6 82 141184
8 6 4 3983 4 7 83 158642
8 6 4 3984 4 0 84 103217
8 6 4 3985 4 1 85 104764
8 6 4 3986 4 2 86 111012
8 6 4 3987 4 3 87 119388
8 6 4 3988 4 4 88 123734
8 6 4 3989 4 5 89 145261
8 6 4 3990 4 6 90 146190
8 6 4 3991 4 7 91 144196
8 6 4 3992 4 0 92 102785
8 6 4 3993 4 1 93 107941
8 6 4 3994 4 2 94 113165
8 6 4 3995 4 3 95 118672
8 6 4 3996 4 4 96 117568
8 6 4 3997 4 5 97 136117
8 6 4 3998 4 6 98 129443
8 6 4 3999 4 7 99 158582
8 6 4 4000 5 0 0 103306
8 6 4 4001 5 1 1 104538
8 6 4 4002 5 2 2 114097
8 6 4 4003 5 3 3 119684
8 6 4 4004 5 4 4 122461
8 6 4 4005 5 5 5 110585
8 6 4 4006 5 6 6 125559
8 6 4 4007 5 7 7 125396
8 6 4 4008 5 0 8 98449
8 6 4 4009 5 1 9 103669
8 6 4 4010 5 2 10 112282
8 6 4 4011 5 3 11 115326
8 6 4 4012 5 4 12 116495
8 6 4 4013 5 5 13 134458
8 6 4 4014 5 6 14 109334
8 6 4 4015 5 7 15 138940
8 6 4 4016 5 0 16 105516
8 6 4 4017 5 1 17 101272
8 6 4 4018 5 2 18 103377
8 6 4 4019 5 3 19 103742
8 6 4 4020 5 4 20 112629
8 6 4 4021 5 5 21 123125
8 6 4 4022 5 6 22 135711
8 6 4 4023 5 7 23 139836
8 6 4 4024 5 0 24 100363
8 6 4 4025 5 1 25 107054
8 6 4 4026 5 2 26 110795
8 6 4 4027 5 3 27 107449
8 6 4 4028 5 4 28 122525
8 6 4 4029 5 5 29 130338
8 6 4 4030 5 6 30 138286
8 6 4 4031 5 7 31 136867
8 6 4 4032 5 0 32 101845
8 6 4 4033 5 1 33 104665
8 6 4 4034 5 2 34 108709
8 6 4 4035 5 3 35 101468
8 6 4 4036 5 4 36 118044
8 6 4 4037 5 5 37 125862
8 6 4 4038 5 6 38 136635
8 6 4 4039 5 7 39 138658
8 6 4 4040 5 0 40 101640
8 6 4 4041 5 1 41 107611
8 6 4 4042 5 2 42 109790
8 6 4 4043 5 3 43 111324
8 6 4 4044 5 4 44 118282
8 6 4 4045 5 5 45 117086
8 6 4 4046 5 6 46 134820
8 6 4 4047 5 7 47 148688
8 6 4 4048 5 0 48 104128
8 6 4 4049 5 1 49 107711
8 6 4 4050 5 2 50 99869
8 6 4 4051 5 3 51 113414
8 6 4 4052 5 4 52 125219
8 6 4 4053 5 5 53 136273
8 6 4 4054 5 6 54 140758
8 6 4 4055 5 7 55 121943
8 6 4 4056 5 0 56 105496
8 6 4 4057 5 1 57 105833
8 6 4 4058 5 2 58 106686
8 6 4 4059 5 3 59 112186
8 6 4 4060 5 4 60 106086
8 6 4 4061 5 5 61 101800
8 6 4 4062 5 6 62 138026
8 6 4 4063 5 7 63 123499
8 6 4 4064 5 0 64 104537
8 6 4 4065 5 1 65 105282
8 6 4 4066 5 2 66 110887
8 6 4 4067 5 3 67 113183
8 6 4 4068 5 4 68 109447
8 6 4 4069 5 5 69 118260
8 6 4 4070 5 6 70 131389
8 6 4 4071 5 7 71 123750
8 6 4 4072 5 0 72 101652
8 6 4 4073 5 1 73 104294
8 6 4 4074 5 2 74 98379
8 6 4 4075 5 3 75 111865
8 6 4 4076 5 4 76 127581
8 6 4 4077 5 5 77 117069
8 6 4 4078 5 6 78 119309
8 6 4 4079 5 7 79 147780
8 6 4 4080 5 0 80 105481
8 6 4 4081 5 1 81 104866
8 6 4 4082 5 2 82 105863
8 6 4 4083 5 3 83 114823
8 6 4 4084 5 4 84 117985
8 6 4 4085 5 5 85 115248
8 6 4 4086 5 6 86 123115
8 6 4 4087 5 7 87 127376
8 6 4 4088 5 0 88 104066
8 6 4 4089 5 1 89 108304
8 6 4 4090 5 2 90 110768
8 6 4 4091 5 3 91 113922
8 6 4 4092 5 4 92 103647
8 6 4 4093 5 5 93 109400
8 6 4 4094 5 6 94 117147
8 6 4 4095 5 7 95 129661
8 6 4 4096 5 0 96 100331
8 6 4 4097 5 1 97 105042
8 6 4 4098 5 2 98 104583
8 6 4 4099 5 3 99 119979
8 6 4 4100 5 4 0 118469
8 6 4 4101 5 5 1 122822
8 6 4 4102 5 6 2 135181
8 6 4 4103 5 7 3 140956
8 6 4 4104 5 0 4 103833
8 6 4 4105 5 1 5 101148
8 6 4 4106 5 2 6 107793
8 6 4 4107 5 3 7 108768
8 6 4 4108 5 4 8 93383
8 6 4 4109 5 5 9 117106
8 6 4 4110 5 6 10 130051
8 6 4 4111 5 7 11 145197
8 6 4 4112 5 0 12 103562
8 6 4 4113 5 1 13 105851
8 6 4 4114 5 2 14 103379
8 6 4 4115 5 3 15 118194
8 6 4 4116 5 4 16 129860
8 6 4 4117 5 5 17 117740
8 6 4 4118 5 6 18 123290
8 6 4 4119 5 7 19 102075
8 6 4 4120 5 0 20 101954
8 6 4 4121 5 1 21 106869
8 6 4 4122 5 2 22 113553
8 6 4 4123 5 3 23 103211
8 6 4 4124 5 4 24 102375
8 6 4 4125 5 5 25 139083
8 6 4 4126 5 6 26 117780
8 6 4 4127 5 7 27 132072
8 6 4 4128 5 0 28 104411
8 6 4 4129 5 1 29 104128
8 6 4 4130 5 2 30 113917
8 6 4 4131 5 3 31 98699
8 6 4 4132 5 4 32 108946
8 6 4 4133 5 5 33 121558
8 6 4 4134 5 6 34 130165
8 6 4 4135 5 7 35 119025
8 6 4 4136 5 0 36 103780
8 6 4 4137 5 1 37 104074
8 6 4 4138 5 2 38 112072
8 6 4 4139 5 3 39 114716
8 6 4 4140 5 4 40 111573
8 6 4 4141 5 5 41 142671
8 6 4 4142 5 6 42 138525
8 6 4 4143 5 7 43 144610
8 6 4 4144 5 0 44 103239
8 6 4 4145 5 1 45 103342
8 6 4 4146 5 2 46 114092
8 6 4 4147 5 3 47 116058
8 6 4 4148 5 4 48 117612
8 6 4 4149 5 5 49 133644
8 6 4 4150 5 6 50 103691
8 6 4 4151 5 7 51 133429
8 6 4 4152 5 0 52 105402
8 6 4 4153 5 1 53 107506
8 6 4 4154 5 2 54 114144
8 6 4 4155 5 3 55 113803
8 6 4 4156 5 4 56 129964
8 6 4 4157 5 5 57 127342
8 6 4 4158 5 6 58 121653
8 6 4 4159 5 7 59 109002
8 6 4 4160 5 0 60 101674
8 6 4 4161 5 1 61 102032
8 6 4 4162 5 2 62 111288
8 6 4 4163 5 3 63 101239
8 6 4 4164 5 4 64 123951
8 6 4 4165 5 5 65 121320
8 6 4 4166 5 6 66 135333
8 6 4 4167 5 7 67 148497
8 6 4 4168 5 0 68 101453
8 6 4 4169 5 1 69 104810
8 6 4 4170 5 2 70 108492
8 6 4 4171 5 3 71 109935
8 6 4 4172 5 4 72 107325
8 6 4 4173 5 5 73 121072
8 6 4 4174 5 6 74 101296
8 6 4 4175 5 7 75 143602
8 6 4 4176 5 0 76 105171
8 6 4 4177 5 1 77 104910
8 6 4 4178 5 2 78 105947
8 6 4 4179 5 3 79 107887
8 6 4 4180 5 4 80 129643
8 6 4 4181 5 5 81 122222
8 6 4 4182 5 6 82 124170
8 6 4 4183 5 7 83 146558
8 6 4 4184 5 0 84 103303
8 6 4 4185 5 1 85 98804
8 6 4 4186 5 2 86 103419
8 6 4 4187 5 3 87 107296
8 6 4 4188 5 4 88 121520
8 6 4 4189 5 5 89 134614
8 6 4 4190 5 6 90 133572
8 6 4 4191 5 7 91 136981
8 6 4 4192 5 0 92 100686
8 6 4 4193 5 1 93 102259
8 6 4 4194 5 2 94 104812
8 6 4 4195 5 3 95 118283
8 6 4 4196 5 4 96 104434
8 6 4 4197 5 5 97 124613
8 6 4 4198 5 6 98 122858
8 6 4 4199 5 7 99 148407
8 6 5 3600 4 0 0 106698
8 6 5 3601 4 1 1 107098
8 6 5 3602 4 2 2 116902
8 6 5 3603 4 3 3 121375
8 6 5 3604 4 4 4 133725
8 6 5 3605 4 5 5 157898
8 6 5 3606 4 6 6 165813
8 6 5 3607 4 7 7 173619
8 6 5 3608 4 0 8 105216
8 6 5 3609 4 1 9 109853
8 6 5 3610 4 2 10 115399
8 6 5 3611 4 3 11 123692
8 6 5 3612 4 4 12 131439
8 6 5 3613 4 5 13 157153
8 6 5 3614 4 6 14 146012
8 6 5 3615 4 7 15 173289
8 6 5 3616 4 0 16 106701
8 6 5 3617 4 1 17 108725
8 6 5 3618 4 2 18 116988
8 6 5 3619 4 3 19 123933
8 6 5 3620 4 4 20 132907
8 6 5 3621 4 5 21 158238
8 6 5 3622 4 6 22 162606
8 6 5 3623 4 7 23 158009
8 6 5 3624 4 0 24 106533
8 6 5 3625 4 1 25 110003
8 6 5 3626 4 2 26 110623
8 6 5 3627 4 3 27 112608
8 6 5 3628 4 4 28 136310
8 6 5 3629 4 5 29 152353
8 6 5 3630 4 6 30 152345
8 6 5 3631 4 7 31 179722
8 6 5 3632 4 0 32 105751
8 6 5 3633 4 1 33 110093
8 6 5 3634 4 2 34 117509
8 6 5 3635 4 3 35 124473
8 6 5 3636 4 4 36 135047
8 6 5 3637 4 5 37 156114
8 6 5 3638 4 6 38 168272
8 6 5 3639 4 7 39 177731
8 6 5 3640 4 0 40 106656
8 6 5 3641 4 1 41 108982
8 6 5 3642 4 2 42 116794
8 6 5 3643 4 3 43 124610
8 6 5 3644 4 4 44 134468
8 6 5 3645 4 5 45 158082
8 6 5 3646 4 6 46 166822
8 6 5 3647 4 7 47 166101
8 6 5 3648 4 0 48 106538
8 6 5 3649 4 1 49 110002
8 6 5 3650 4 2 50 111939
8 6 5 3651 4 3 51 124248
8 6 5 3652 4 4 52 137076
8 6 5 3653 4 5 53 149634
8 6 5 3654 4 6 54 142681
8 6 5 3655 4 7 55 172941
8 6 5 3656 4 0 56 104034
8 6 5 3657 4 1 57 110131
8 6 5 3658 4 2 58 112264
8 6 5 3659 4 3 59 125088
8 6 5 3660 4 4 60 135980
8 6 5 3661 4 5 61 132479
8 6 5 3662 4 6 62 151211
8 6 5 3663 4 7 63 175862
8 6 5 3664 4 0 64 104641
8 6 5 3665 4 1 65 107045
8 6 5 3666 4 2 66 109012
8 6 5 3667 4 3 67 124556
8 6 5 3668 4 4 68 133162
8 6 5 3669 4 5 69 154741
8 6 5 3670 4 6 70 157674
8 6 5 3671 4 7 71 173835
8 6 5 3672 4 0 72 102244
8 6 5 3673 4 1 73 110046
8 6 5 3674 4 2 74 115263
8 6 5 3675 4 3 75 124304
8 6 5 3676 4 4 76 129055
8 6 5 3677 4 5 77 151267
8 6 5 3678 4 6 78 166833
8 6 5 3679 4 7 79 172461
8 6 5 3680 4 0 80 106615
8 6 5 3681 4 1 81 108778
8 6 5 3682 4 2 82 117391
8 6 5 3683 4 3 83 124509
8 6 5 3684 4 4 84 126758
8 6 5 3685 4 5 85 134918
8 6 5 3686 4 6 86 158471
8 6 5 3687 4 7 87 175092
8 6 5 3688 4 0 88 106686
8 6 5 3689 4 1 89 110071
8 6 5 3690 4 2 90 117132
8 6 5 3691 4 3 91 111548
8 6 5 3692 4 4 92 126327
8 6 5 3693 4 5 93 156620
8 6 5 3694 4 6 94 166335
8 6 5 3695 4 7 95 161781
8 6 5 3696 4 0 96 104140
8 6 5 3697 4 1 97 107870
8 6 5 3698 4 2 98 106913
8 6 5 3699 4 3 99 124594
8 6 5 3700 4 4 0 135824
8 6 5 3701 4 5 1 143198
8 6 5 3702 4 6 2 164913
8 6 5 3703 4 7 3 168231
8 6 5 3704 4 0 4 106693
8 6 5 3705 4 1 5 110056
8 6 5 3706 4 2 6 117296
8 6 5 3707 4 3 7 125352
8 6 5 3708 4 4 8 127376
8 6 5 3709 4 5 9 150822
8 6 5 3710 4 6 10 163930
8 6 5 3711 4 7 11 150603
8 6 5 3712 4 0 12 105694
8 6 5 3713 4 1 13 109716
8 6 5 3714 4 2 14 105429
8 6 5 3715 4 3 15 122122
8 6 5 3716 4 4 16 136640
8 6 5 3717 4 5 17 153071
8 6 5 3718 4 6 18 159536
8 6 5 3719 4 7 19 175859
8 6 5 3720 4 0 20 106596
8 6 5 3721 4 1 21 110101
8 6 5 3722 4 2 22 115681
8 6 5 3723 4 3 23 114458
8 6 5 3724 4 4 24 135214
8 6 5 3725 4 5 25 148936
8 6 5 3726 4 6 26 137752
8 6 5 3727 4 7 27 157587
8 6 5 3728 4 0 28 106575
8 6 5 3729 4 1 29 110165
8 6 5 3730 4 2 30 117162
8 6 5 3731 4 3 31 124857
8 6 5 3732 4 4 32 128011
8 6 5 3733 4 5 33 155341
8 6 5 3734 4 6 34 167339
8 6 5 3735 4 7 35 174072
8 6 5 3736 4 0 36 106086
8 6 5 3737 4 1 37 110272
8 6 5 3738 4 2 38 117035
8 6 5 3739 4 3 39 121757
8 6 5 3740 4 4 40 136949
8 6 5 3741 4 5 41 155231
8 6 5 3742 4 6 42 165158
8 6 5 3743 4 7 43 178106
8 6 5 3744 4 0 44 106504
8 6 5 3745 4 1 45 109863
8 6 5 3746 4 2 46 117168
8 6 5 3747 4 3 47 121101
8 6 5 3748 4 4 48 135981
8 6 5 3749 4 5 49 157832
8 6 5 3750 4 6 50 142215
8 6 5 3751 4 7 51 177879
8 6 5 3752 4 0 52 106725
8 6 5 3753 4 1 53 109789
8 6 5 3754 4 2 54 115575
8 6 5 3755 4 3 55 124544
8 6 5 3756 4 4 56 127912
8 6 5 3757 4 5 57 157286
8 6 5 3758 4 6 58 145766
8 6 5 3759 4 7 59 168505
8 6 5 3760 4 0 60 106414
8 6 5 3761 4 1 61 109254
8 6 5 3762 4 2 62 110309
8 6 5 3763 4 3 63 121775
8 6 5 3764 4 4 64 130881
8 6 5 3765 4 5 65 147874
8 6 5 3766 4 6 66 154158
8 6 5 3767 4 7 67 163940
8 6 5 3768 4 0 68 106665
8 6 5 3769 4 1 69 110203
8 6 5 3770 4 2 70 114728
8 6 5 3771 4 3 71 124150
8 6 5 3772 4 4 72 120537
8 6 5 3773 4 5 73 152098
8 6 5 3774 4 6 74 161531
8 6 5 3775 4 7 75 166447
8 6 5 3776 4 0 76 104971
8 6 5 3777 4 1 77 107219
8 6 5 3778 4 2 78 116191
8 6 5 3779 4 3 79 124356
8 6 5 3780 4 4 80 135690
8 6 5 3781 4 5 81 146635
8 6 5 3782 4 6 82 156488
8 6 5 3783 4 7 83 178583
8 6 5 3784 4 0 84 104518
8 6 5 3785 4 1 85 106755
8 6 5 3786 4 2 86 114669
8 6 5 3787 4 3 87 119688
8 6 5 3788 4 4 88 131712
8 6 5 3789 4 5 89 159789
8 6 5 3790 4 6 90 159676
8 6 5 3791 4 7 91 161956
8 6 5 3792 4 0 92 104140
8 6 5 3793 4 1 93 109964
8 6 5 3794 4 2 94 116632
8 6 5 3795 4 3 95 123894
8 6 5 3796 4 4 96 125287
8 6 5 3797 4 5 97 149129
8 6 5 3798 4 6 98 142663
8 6 5 3799 4 7 99 178699
8 6 5 3800 4 0 0 106698
8 6 5 3801 4 1 1 107098
8 6 5 3802 4 2 2 116902
8 6 5 3803 4 3 3 121375
8 6 5 3804 4 4 4 133725
8 6 5 3805 4 5 5 157898
8 6 5 3806 4 6 6 165813
8 6 5 3807 4 7 7 173619
8 6 5 3808 4 0 8 105216
8 6 5 3809 4 1 9 109853
8 6 5 3810 4 2 10 115399
8 6 5 3811 4 3 11 123692
8 6 5 3812 4 4 12 131439
8 6 5 3813 4 5 13 157153
8 6 5 3814 4 6 14 146012
8 6 5 3815 4 7 15 173289
8 6 5 3816 4 0 16 106701
8 6 5 3817 4 1 17 108725
8 6 5 3818 4 2 18 116988
8 6 5 3819 4 3 19 123933
8 6 5 3820 4 4 20 132907
8 6 5 3821 4 5 21 158238
8 6 5 3822 4 6 22 162606
8 6 5 3823 4 7 23 158009
8 6 5 3824 4 0 24 106533
8 6 5 3825 4 1 25 110003
8 6 5 3826 4 2 26 110623
8 6 5 3827 4 3 27 112608
8 6 5 3828 4 4 28 136310
8 6 5 3829 4 5 29 152353
8 6 5 3830 4 6 30 152345
8 6 5 3831 4 7 31 179722
8 6 5 3832 4 0 32 105751
8 6 5 3833 4 1 33 110093
8 6 5 3834 4 2 34 117509
8 6 5 3835 4 3 35 124473
8 6 5 3836 4 4 36 135047
8 6 5 3837 4 5 37 156114
8 6 5 3838 4 6 38 168272
8 6 5 3839 4 7 39 177731
8 6 5 3840 4 0 40 106656
8 6 5 3841 4 1 41 108982
8 6 5 3842 4 2 42 116794
8 6 5 3843 4 3 43 124610
8 6 5 3844 4 4 44 134468
8 6 5 3845 4 5 45 158082
8 6 5 3846 4 6 46 166822
8 6 5 3847 4 7 47 166101
8 6 5 3848 4 0 48 106538
8 6 5 3849 4 1 49 110002
8 6 5 3850 4 2 50 111939
8 6 5 3851 4 3 51 124248
8 6 5 3852 4 4 52 137076
8 6 5 3853 4 5 53 149634
8 6 5 3854 4 6 54 142681
8 6 5 3855 4 7 55 172941
8 6 5 3856 4 0 56 104034
8 6 5 3857 4 1 57 110131
8 6 5 3858 4 2 58 112264
8 6 5 3859 4 3 59 125088
8 6 5 3860 4 4 60 135980
8 6 5 3861 4 5 61 132479
8 6 5 3862 4 6 62 151211
8 6 5 3863 4 7 63 175862
8 6 5 3864 4 0 64 104641
8 6 5 3865 4 1 65 107045
8 6 5 3866 4 2 66 109012
8 6 5 3867 4 3 67 124556
8 6 5 3868 4 4 68 133162
8 6 5 3869 4 5 69 154741
8 6 5 3870 4 6 70 157674
8 6 5 3871 4 7 71 173835
8 6 5 3872 4 0 72 102244
8 6 5 3873 4 1 73 110046
8 6 5 3874 4 2 74 115263
8 6 5 3875 4 3 75 124304
8 6 5 3876 4 4 76 129055
8 6 5 3877 4 5 77 151267
8 6 5 3878 4 6 78 166833
8 6 5 3879 4 7 79 172461
8 6 5 3880 4 0 80 106615
8 6 5 3881 4 1 81 108778
8 6 5 3882 4 2 82 117391
8 6 5 3883 4 3 83 124509
8 6 5 3884 4 4 84 126758
8 6 5 3885 4 5 85 134918
8 6 5 3886 4 6 86 158471
8 6 5 3887 4 7 87 175092
8 6 5 3888 4 0 88 106686
8 6 5 3889 4 1 89 110071
8 6 5 3890 4 2 90 117132
8 6 5 3891 4 3 91 111548
8 6 5 3892 4 4 92 126327
8 6 5 3893 4 5 93 156620
8 6 5 3894 4 6 94 166335
8 6 5 3895 4 7 95 161781
8 6 5 3896 4 0 96 104140
8 6 5 3897 4 1 97 107870
8 6 5 3898 4 2 98 106913
8 6 5 3899 4 3 99 124594
8 6 5 3900 4 4 0 135824
8 6 5 3901 4 5 1 143198
8 6 5 3902 4 6 2 164913
8 6 5 3903 4 7 3 168231
8 6 5 3904 4 0 4 106693
8 6 5 3905 4 1 5 110056
8 6 5 3906 4 2 6 117296
8 6 5 3907 4 3 7 125352
8 6 5 3908 4 4 8 127376
8 6 5 3909 4 5 9 150822
8 6 5 3910 4 6 10 163930
8 6 5 3911 4 7 11 150603
8 6 5 3912 4 0 12 105694
8 6 5 3913 4 1 13 109716
8 6 5 3914 4 2 14 105429
8 6 5 3915 4 3 15 122122
8 6 5 3916 4 4 16 136640
8 6 5 3917 4 5 17 153071
8 6 5 3918 4 6 18 159536
8 6 5 3919 4 7 19 175859
8 6 5 3920 4 0 20 106596
8 6 5 3921 4 1 21 110101
8 6 5 3922 4 2 22 115681
8 6 5 3923 4 3 23 114458
8 6 5 3924 4 4 24 135214
8 6 5 3925 4 5 25 148936
8 6 5 3926 4 6 26 137752
8 6 5 3927 4 7 27 157587
8 6 5 3928 4 0 28 106575
8 6 5 3929 4 1 29 110165
8 6 5 3930 4 2 30 117162
8 6 5 3931 4 3 31 124857
8 6 5 3932 4 4 32 128011
8 6 5 3933 4 5 33 155341
8 6 5 3934 4 6 34 167339
8 6 5 3935 4 7 35 174072
8 6 5 3936 4 0 36 106086
8 6 5 3937 4 1 37 110272
8 6 5 3938 4 2 38 117035
8 6 5 3939 4 3 39 121757
8 6 5 3940 4 4 40 136949
8 6 5 3941 4 5 41 155231
8 6 5 3942 4 6 42 165158
8 6 5 3943 4 7 43 178106
8 6 5 3944 4 0 44 106504
8 6 5 3945 4 1 45 109863
8 6 5 3946 4 2 46 117168
8 6 5 3947 4 3 47 121101
8 6 5 3948 4 4 48 135981
8 6 5 3949 4 5 49 157832
8 6 5 3950 4 6 50 142215
8 6 5 3951 4 7 51 177879
8 6 5 3952 4 0 52 106725
8 6 5 3953 4 1 53 109789
8 6 5 3954 4 2 54 115575
8 6 5 3955 4 3 55 124544
8 6 5 3956 4 4 56 127912
8 6 5 3957 4 5 57 157286
8 6 5 3958 4 6 58 145766
8 6 5 3959 4 7 59 168505
8 6 5 3960 4 0 60 106414
8 6 5 3961 4 1 61 109254
8 6 5 3962 4 2 62 110309
8 6 5 3963 4 3 63 121775
8 6 5 3964 4 4 64 130881
8 6 5 3965 4 5 65 147874
8 6 5 3966 4 6 66 154158
8 6 5 3967 4 7 67 163940
8 6 5 3968 4 0 68 106665
8 6 5 3969 4 1 69 110203
8 6 5 3970 4 2 70 114728
8 6 5 3971 4 3 71 124150
8 6 5 3972 4 4 72 120537
8 6 5 3973 4 5 73 152098
8 6 5 3974 4 6 74 161531
8 6 5 3975 4 7 75 166447
8 6 5 3976 4 0 76 104971
8 6 5 3977 4 1 77 107219
8 6 5 3978 4 2 78 116191
8 6 5 3979 4 3 79 124356
8 6 5 3980 4 4 80 135690
8 6 5 3981 4 5 81 146635
8 6 5 3982 4 6 82 156488
8 6 5 3983 4 7 83 178583
8 6 5 3984 4 0 84 104518
8 6 5 3985 4 1 85 106755
8 6 5 3986 4 2 86 114669
8 6 5 3987 4 3 87 119688
8 6 5 3988 4 4 88 131712
8 6 5 3989 4 5 89 159789
8 6 5 3990 4 6 90 159676
8 6 5 3991 4 7 91 161956
8 6 5 3992 4 0 92 104140
8 6 5 3993 4 1 93 109964
8 6 5 3994 4 2 94 116632
8 6 5 3995 4 3 95 123894
8 6 5 3996 4 4 96 125287
8 6 5 3997 4 5 97 149129
8 6 5 3998 4 6 98 142663
8 6 5 3999 4 7 99 178699
8 6 5 4000 5 0 0 103040
8 6 5 4001 5 1 1 106649
8 6 5 4002 5 2 2 117880
8 6 5 4003 5 3 3 125427
8 6 5 4004 5 4 4 128833
8 6 5 4005 5 5 5 108724
8 6 5 4006 5 6 6 129007
8 6 5 4007 5 7 7 140961
8 6 5 4008 5 0 8 99779
8 6 5 4009 5 1 9 105762
8 6 5 4010 5 2 10 115025
8 6 5 4011 5 3 11 119192
8 6 5 4012 5 4 12 123271
8 6 5 4013 5 5 13 146923
8 6 5 4014 5 6 14 120713
8 6 5 4015 5 7 15 157529
8 6 5 4016 5 0 16 105267
8 6 5 4017 5 1 17 101939
8 6 5 4018 5 2 18 104444
8 6 5 4019 5 3 19 103269
8 6 5 4020 5 4 20 118593
8 6 5 4021 5 5 21 132306
8 6 5 4022 5 6 22 141253
8 6 5 4023 5 7 23 149821
8 6 5 4024 5 0 24 101707
8 6 5 4025 5 1 25 106352
8 6 5 4026 5 2 26 108923
8 6 5 4027 5 3 27 112505
8 6 5 4028 5 4 28 130788
8 6 5 4029 5 5 29 130468
8 6 5 4030 5 6 30 145387
8 6 5 4031 5 7 31 141437
8 6 5 4032 5 0 32 101171
8 6 5 4033 5 1 33 106705
8 6 5 4034 5 2 34 109853
8 6 5 4035 5 3 35 101925
8 6 5 4036 5 4 36 123051
8 6 5 4037 5 5 37 131977
8 6 5 4038 5 6 38 143940
8 6 5 4039 5 7 39 143981
8 6 5 4040 5 0 40 102980
8 6 5 4041 5 1 41 108953
8 6 5 4042 5 2 42 113514
8 6 5 4043 5 3 43 116496
8 6 5 4044 5 4 44 123267
8 6 5 4045 5 5 45 128788
8 6 5 4046 5 6 46 147945
8 6 5 4047 5 7 47 162664
8 6 5 4048 5 0 48 105531
8 6 5 4049 5 1 49 106631
8 6 5 4050 5 2 50 97367
8 6 5 4051 5 3 51 114284
8 6 5 4052 5 4 52 129499
8 6 5 4053 5 5 53 147219
8 6 5 4054 5 6 54 154180
8 6 5 4055 5 7 55 138314
8 6 5 4056 5 0 56 106833
8 6 5 4057 5 1 57 107962
8 6 5 4058 5 2 58 108895
8 6 5 4059 5 3 59 109578
8 6 5 4060 5 4 60 110541
8 6 5 4061 5 5 61 112081
8 6 5 4062 5 6 62 149330
8 6 5 4063 5 7 63 122539
8 6 5 4064 5 0 64 105953
8 6 5 4065 5 1 65 105973
8 6 5 4066 5 2 66 113180
8 6 5 4067 5 3 67 110370
8 6 5 4068 5 4 68 108127
8 6 5 4069 5 5 69 113591
8 6 5 4070 5 6 70 141496
8 6 5 4071 5 7 71 134248
8 6 5 4072 5 0 72 103006
8 6 5 4073 5 1 73 106430
8 6 5 4074 5 2 74 101672
8 6 5 4075 5 3 75 116412
8 6 5 4076 5 4 76 136220
8 6 5 4077 5 5 77 128701
8 6 5 4078 5 6 78 112570
8 6 5 4079 5 7 79 161810
8 6 5 4080 5 0 80 106893
8 6 5 4081 5 1 81 105004
8 6 5 4082 5 2 82 102129
8 6 5 4083 5 3 83 109777
8 6 5 4084 5 4 84 118046
8 6 5 4085 5 5 85 123032
8 6 5 4086 5 6 86 131926
8 6 5 4087 5 7 87 129750
8 6 5 4088 5 0 88 103833
8 6 5 4089 5 1 89 110488
8 6 5 4090 5 2 90 112743
8 6 5 4091 5 3 91 119262
8 6 5 4092 5 4 92 97290
8 6 5 4093 5 5 93 109360
8 6 5 4094 5 6 94 120355
8 6 5 4095 5 7 95 141353
8 6 5 4096 5 0 96 101699
8 6 5 4097 5 1 97 104842
8 6 5 4098 5 2 98 104236
8 6 5 4099 5 3 99 125716
8 6 5 4100 5 4 0 116869
8 6 5 4101 5 5 1 133642
8 6 5 4102 5 6 2 147788
8 6 5 4103 5 7 3 160049
8 6 5 4104 5 0 4 104792
8 6 5 4105 5 1 5 100748
8 6 5 4106 5 2 6 107055
8 6 5 4107 5 3 7 113893
8 6 5 4108 5 4 8 99763
8 6 5 4109 5 5 9 119046
8 6 5 4110 5 6 10 132576
8 6 5 4111 5 7 11 146883
8 6 5 4112 5 0 12 104851
8 6 5 4113 5 1 13 107968
8 6 5 4114 5 2 14 106843
8 6 5 4115 5 3 15 123767
8 6 5 4116 5 4 16 133088
8 6 5 4117 5 5 17 124504
8 6 5 4118 5 6 18 129486
8 6 5 4119 5 7 19 106258
8 6 5 4120 5 0 20 102994
8 6 5 4121 5 1 21 108191
8 6 5 4122 5 2 22 115890
8 6 5 4123 5 3 23 103211
8 6 5 4124 5 4 24 109230
8 6 5 4125 5 5 25 144357
8 6 5 4126 5 6 26 112106
8 6 5 4127 5 7 27 149700
8 6 5 4128 5 0 28 105791
8 6 5 4129 5 1 29 104139
8 6 5 4130 5 2 30 115371
8 6 5 4131 5 3 31 98971
8 6 5 4132 5 4 32 108132
8 6 5 4133 5 5 33 124040
8 6 5 4134 5 6 34 137946
8 6 5 4135 5 7 35 128803
8 6 5 4136 5 0 36 104628
8 6 5 4137 5 1 37 102571
8 6 5 4138 5 2 38 113687
8 6 5 4139 5 3 39 116315
8 6 5 4140 5 4 40 115321
8 6 5 4141 5 5 41 154431
8 6 5 4142 5 6 42 142938
8 6 5 4143 5 7 43 153577
8 6 5 4144 5 0 44 104185
8 6 5 4145 5 1 45 105413
8 6 5 4146 5 2 46 117914
8 6 5 4147 5 3 47 117763
8 6 5 4148 5 4 48 123952
8 6 5 4149 5 5 49 132132
8 6 5 4150 5 6 50 103245
8 6 5 4151 5 7 51 136437
8 6 5 4152 5 0 52 106763
8 6 5 4153 5 1 53 108851
8 6 5 4154 5 2 54 116625
8 6 5 4155 5 3 55 119167
8 6 5 4156 5 4 56 131275
8 6 5 4157 5 5 57 134695
8 6 5 4158 5 6 58 124004
8 6 5 4159 5 7 59 112462
8 6 5 4160 5 0 60 102550
8 6 5 4161 5 1 61 104116
8 6 5 4162 5 2 62 114978
8 6 5 4163 5 3 63 98071
8 6 5 4164 5 4 64 132418
8 6 5 4165 5 5 65 127449
8 6 5 4166 5 6 66 149031
8 6 5 4167 5 7 67 152542
8 6 5 4168 5 0 68 101013
8 6 5 4169 5 1 69 104128
8 6 5 4170 5 2 70 109388
8 6 5 4171 5 3 71 110202
8 6 5 4172 5 4 72 113621
8 6 5 4173 5 5 73 133017
8 6 5 4174 5 6 74 112711
8 6 5 4175 5 7 75 143151
8 6 5 4176 5 0 76 106575
8 6 5 4177 5 1 77 106980
8 6 5 4178 5 2 78 105610
8 6 5 4179 5 3 79 112981
8 6 5 4180 5 4 80 136208
8 6 5 4181 5 5 81 129140
8 6 5 4182 5 6 82 113766
8 6 5 4183 5 7 83 141364
8 6 5 4184 5 0 84 103384
8 6 5 4185 5 1 85 100710
8 6 5 4186 5 2 86 106741
8 6 5 4187 5 3 87 105664
8 6 5 4188 5 4 88 124450
8 6 5 4189 5 5 89 148184
8 6 5 4190 5 6 90 133466
8 6 5 4191 5 7 91 145258
8 6 5 4192 5 0 92 99480
8 6 5 4193 5 1 93 101185
8 6 5 4194 5 2 94 106002
8 6 5 4195 5 3 95 121736
8 6 5 4196 5 4 96 111553
8 6 5 4197 5 5 97 124369
8 6 5 4198 5 6 98 131707
8 6 5 4199 5 7 99 168380
