16 2 1 600 0 0 0 101283
16 2 1 601 0 1 1 102006
16 2 1 602 0 2 2 103281
16 2 1 603 0 3 3 104750
16 2 1 604 0 4 4 106528
16 2 1 605 0 5 5 109500
16 2 1 606 0 6 6 109925
16 2 1 607 0 7 7 112164
16 2 1 608 0 0 8 101216
16 2 1 609 0 1 9 100000
16 2 1 610 0 2 10 103234
16 2 1 611 0 3 11 104630
16 2 1 612 0 4 12 106335
16 2 1 613 0 5 13 109997
16 2 1 614 0 6 14 100435
16 2 1 615 0 7 15 112864
16 2 1 616 0 0 16 101280
16 2 1 617 0 1 17 101946
16 2 1 618 0 2 18 103260
16 2 1 619 0 3 19 104690
16 2 1 620 0 4 20 106303
16 2 1 621 0 5 21 109922
16 2 1 622 0 6 22 110629
16 2 1 623 0 7 23 113023
16 2 1 624 0 0 24 101346
16 2 1 625 0 1 25 101931
16 2 1 626 0 2 26 103382
16 2 1 627 0 3 27 104615
16 2 1 628 0 4 28 106584
16 2 1 629 0 5 29 109944
16 2 1 630 0 6 30 111141
16 2 1 631 0 7 31 112896
16 2 1 632 0 0 32 101326
16 2 1 633 0 1 33 102023
16 2 1 634 0 2 34 102680
16 2 1 635 0 3 35 104494
16 2 1 636 0 4 36 106221
16 2 1 637 0 5 37 109890
16 2 1 638 0 6 38 111377
16 2 1 639 0 7 39 108964
16 2 1 640 0 0 40 101330
16 2 1 641 0 1 41 102033
16 2 1 642 0 2 42 103267
16 2 1 643 0 3 43 104750
16 2 1 644 0 4 44 106531
16 2 1 645 0 5 45 109682
16 2 1 646 0 6 46 110922
16 2 1 647 0 7 47 112562
16 2 1 648 0 0 48 101344
16 2 1 649 0 1 49 102006
16 2 1 650 0 2 50 103301
16 2 1 651 0 3 51 104588
16 2 1 652 0 4 52 106463
16 2 1 653 0 5 53 104640
16 2 1 654 0 6 54 111193
16 2 1 655 0 7 55 112915
16 2 1 656 0 0 56 101349
16 2 1 657 0 1 57 102014
16 2 1 658 0 2 58 103281
16 2 1 659 0 3 59 104565
16 2 1 660 0 4 60 106586
16 2 1 661 0 5 61 109461
16 2 1 662 0 6 62 110540
16 2 1 663 0 7 63 113479
16 2 1 664 0 0 64 101332
16 2 1 665 0 1 65 101999
16 2 1 666 0 2 66 103348
16 2 1 667 0 3 67 104620
16 2 1 668 0 4 68 106384
16 2 1 669 0 5 69 109928
16 2 1 670 0 6 70 110778
16 2 1 671 0 7 71 113071
16 2 1 672 0 0 72 101182
16 2 1 673 0 1 73 101757
16 2 1 674 0 2 74 103188
16 2 1 675 0 3 75 104172
16 2 1 676 0 4 76 106695
16 2 1 677 0 5 77 109898
16 2 1 678 0 6 78 111069
16 2 1 679 0 7 79 102462
16 2 1 680 0 0 80 101308
16 2 1 681 0 1 81 101999
16 2 1 682 0 2 82 100022
16 2 1 683 0 3 83 104706
16 2 1 684 0 4 84 105820
16 2 1 685 0 5 85 109564
16 2 1 686 0 6 86 111265
16 2 1 687 0 7 87 111851
16 2 1 688 0 0 88 101348
16 2 1 689 0 1 89 101946
16 2 1 690 0 2 90 103085
16 2 1 691 0 3 91 104528
16 2 1 692 0 4 92 106602
16 2 1 693 0 5 93 109427
16 2 1 694 0 6 94 111132
16 2 1 695 0 7 95 113442
16 2 1 696 0 0 96 101275
16 2 1 697 0 1 97 101888
16 2 1 698 0 2 98 103319
16 2 1 699 0 3 99 104609
16 2 1 700 0 4 0 106421
16 2 1 701 0 5 1 109964
16 2 1 702 0 6 2 111261
16 2 1 703 0 7 3 113252
16 2 1 704 0 0 4 101308
16 2 1 705 0 1 5 101791
16 2 1 706 0 2 6 102389
16 2 1 707 0 3 7 104136
16 2 1 708 0 4 8 106124
16 2 1 709 0 5 9 102283
16 2 1 710 0 6 10 110863
16 2 1 711 0 7 11 112992
16 2 1 712 0 0 12 101282
16 2 1 713 0 1 13 102006
16 2 1 714 0 2 14 100018
16 2 1 715 0 3 15 104595
16 2 1 716 0 4 16 106323
16 2 1 717 0 5 17 109718
16 2 1 718 0 6 18 111052
16 2 1 719 0 7 19 113046
16 2 1 720 0 0 20 101261
16 2 1 721 0 1 21 102023
16 2 1 722 0 2 22 103213
16 2 1 723 0 3 23 104582
16 2 1 724 0 4 24 106720
16 2 1 725 0 5 25 109651
16 2 1 726 0 6 26 111148
16 2 1 727 0 7 27 113102
16 2 1 728 0 0 28 101318
16 2 1 729 0 1 29 101990
16 2 1 730 0 2 30 103315
16 2 1 731 0 3 31 104516
16 2 1 732 0 4 32 106633
16 2 1 733 0 5 33 109893
16 2 1 734 0 6 34 110107
16 2 1 735 0 7 35 112806
16 2 1 736 0 0 36 101261
16 2 1 737 0 1 37 101989
16 2 1 738 0 2 38 103360
16 2 1 739 0 3 39 104515
16 2 1 740 0 4 40 106624
16 2 1 741 0 5 41 110175
16 2 1 742 0 6 42 110942
16 2 1 743 0 7 43 113136
16 2 1 744 0 0 44 101326
16 2 1 745 0 1 45 101971
16 2 1 746 0 2 46 103164
16 2 1 747 0 3 47 104358
16 2 1 748 0 4 48 106653
16 2 1 749 0 5 49 109948
16 2 1 750 0 6 50 111124
16 2 1 751 0 7 51 109938
16 2 1 752 0 0 52 101329
16 2 1 753 0 1 53 101940
16 2 1 754 0 2 54 103307
16 2 1 755 0 3 55 104480
16 2 1 756 0 4 56 106743
16 2 1 757 0 5 57 109850
16 2 1 758 0 6 58 110511
16 2 1 759 0 7 59 112664
16 2 1 760 0 0 60 101313
16 2 1 761 0 1 61 101875
16 2 1 762 0 2 62 103216
16 2 1 763 0 3 63 104706
16 2 1 764 0 4 64 106665
16 2 1 765 0 5 65 109896
16 2 1 766 0 6 66 107834
16 2 1 767 0 7 67 112752
16 2 1 768 0 0 68 101276
16 2 1 769 0 1 69 101989
16 2 1 770 0 2 70 103345
16 2 1 771 0 3 71 104599
16 2 1 772 0 4 72 105906
16 2 1 773 0 5 73 109231
16 2 1 774 0 6 74 110915
16 2 1 775 0 7 75 112248
16 2 1 776 0 0 76 101338
16 2 1 777 0 1 77 101991
16 2 1 778 0 2 78 103269
16 2 1 779 0 3 79 104215
16 2 1 780 0 4 80 106488
16 2 1 781 0 5 81 109953
16 2 1 782 0 6 82 102389
16 2 1 783 0 7 83 113340
16 2 1 784 0 0 84 101119
16 2 1 785 0 1 85 101990
16 2 1 786 0 2 86 103332
16 2 1 787 0 3 87 104529
16 2 1 788 0 4 88 106745
16 2 1 789 0 5 89 109630
16 2 1 790 0 6 90 110459
16 2 1 791 0 7 91 113202
16 2 1 792 0 0 92 101320
16 2 1 793 0 1 93 101980
16 2 1 794 0 2 94 103344
16 2 1 795 0 3 95 104750
16 2 1 796 0 4 96 106585
16 2 1 797 0 5 97 109404
16 2 1 798 0 6 98 111234
16 2 1 799 0 7 99 112895
16 2 1 800 1 0 0 101212
16 2 1 801 1 1 1 98590
16 2 1 802 1 2 2 101790
16 2 1 803 1 3 3 104750
16 2 1 804 1 4 4 102623
16 2 1 805 1 5 5 104366
16 2 1 806 1 6 6 95476
16 2 1 807 1 7 7 96734
16 2 1 808 1 0 8 99862
16 2 1 809 1 1 9 98611
16 2 1 810 1 2 10 100891
16 2 1 811 1 3 11 98449
16 2 1 812 1 4 12 99495
16 2 1 813 1 5 13 102304
16 2 1 814 1 6 14 111352
16 2 1 815 1 7 15 97541
16 2 1 816 1 0 16 101200
16 2 1 817 1 1 17 101233
16 2 1 818 1 2 18 96532
16 2 1 819 1 3 19 96250
16 2 1 820 1 4 20 105778
16 2 1 821 1 5 21 99982
16 2 1 822 1 6 22 109821
16 2 1 823 1 7 23 95260
16 2 1 824 1 0 24 99856
16 2 1 825 1 1 25 101111
16 2 1 826 1 2 26 98670
16 2 1 827 1 3 27 104500
16 2 1 828 1 4 28 104560
16 2 1 829 1 5 29 103659
16 2 1 830 1 6 30 103560
16 2 1 831 1 7 31 109276
16 2 1 832 1 0 32 101004
16 2 1 833 1 1 33 101818
16 2 1 834 1 2 34 97340
16 2 1 835 1 3 35 104719
16 2 1 836 1 4 36 105511
16 2 1 837 1 5 37 105334
16 2 1 838 1 6 38 100461
16 2 1 839 1 7 39 100628
16 2 1 840 1 0 40 99940
16 2 1 841 1 1 41 101997
16 2 1 842 1 2 42 101896
16 2 1 843 1 3 43 103550
16 2 1 844 1 4 44 106768
16 2 1 845 1 5 45 104034
16 2 1 846 1 6 46 109094
16 2 1 847 1 7 47 102991
16 2 1 848 1 0 48 101180
16 2 1 849 1 1 49 100414
16 2 1 850 1 2 50 98054
16 2 1 851 1 3 51 101088
16 2 1 852 1 4 52 106766
16 2 1 853 1 5 53 98210
16 2 1 854 1 6 54 109904
16 2 1 855 1 7 55 99241
16 2 1 856 1 0 56 101323
16 2 1 857 1 1 57 99946
16 2 1 858 1 2 58 103380
16 2 1 859 1 3 59 102750
16 2 1 860 1 4 60 101078
16 2 1 861 1 5 61 98524
16 2 1 862 1 6 62 105342
16 2 1 863 1 7 63 94100
16 2 1 864 1 0 64 99844
16 2 1 865 1 1 65 99378
16 2 1 866 1 2 66 96618
16 2 1 867 1 3 67 103456
16 2 1 868 1 4 68 106281
16 2 1 869 1 5 69 103074
16 2 1 870 1 6 70 99420
16 2 1 871 1 7 71 102478
16 2 1 872 1 0 72 100760
16 2 1 873 1 1 73 100083
16 2 1 874 1 2 74 99694
16 2 1 875 1 3 75 102500
16 2 1 876 1 4 76 100259
16 2 1 877 1 5 77 109996
16 2 1 878 1 6 78 90026
16 2 1 879 1 7 79 101272
16 2 1 880 1 0 80 98757
16 2 1 881 1 1 81 99910
16 2 1 882 1 2 82 97212
16 2 1 883 1 3 83 103750
16 2 1 884 1 4 84 101998
16 2 1 885 1 5 85 97163
16 2 1 886 1 6 86 100344
16 2 1 887 1 7 87 94021
16 2 1 888 1 0 88 99356
16 2 1 889 1 1 89 99462
16 2 1 890 1 2 90 99732
16 2 1 891 1 3 91 99000
16 2 1 892 1 4 92 94780
16 2 1 893 1 5 93 100583
16 2 1 894 1 6 94 100541
16 2 1 895 1 7 95 113122
16 2 1 896 1 0 96 100346
16 2 1 897 1 1 97 101785
16 2 1 898 1 2 98 103377
16 2 1 899 1 3 99 102172
16 2 2 600 0 0 0 102560
16 2 2 601 0 1 1 104076
16 2 2 602 0 2 2 106634
16 2 2 603 0 3 3 109545
16 2 2 604 0 4 4 113363
16 2 2 605 0 5 5 120391
16 2 2 606 0 6 6 122287
16 2 2 607 0 7 7 126417
16 2 2 608 0 0 8 102497
16 2 2 609 0 1 9 101925
16 2 2 610 0 2 10 106270
16 2 2 611 0 3 11 109484
16 2 2 612 0 4 12 113379
16 2 2 613 0 5 13 120450
16 2 2 614 0 6 14 111575
16 2 2 615 0 7 15 127937
16 2 2 616 0 0 16 102545
16 2 2 617 0 1 17 103798
16 2 2 618 0 2 18 106713
16 2 2 619 0 3 19 109445
16 2 2 620 0 4 20 113195
16 2 2 621 0 5 21 120776
16 2 2 622 0 6 22 122817
16 2 2 623 0 7 23 127498
16 2 2 624 0 0 24 102696
16 2 2 625 0 1 25 103949
16 2 2 626 0 2 26 106704
16 2 2 627 0 3 27 109495
16 2 2 628 0 4 28 113063
16 2 2 629 0 5 29 120622
16 2 2 630 0 6 30 123271
16 2 2 631 0 7 31 127962
16 2 2 632 0 0 32 102626
16 2 2 633 0 1 33 104010
16 2 2 634 0 2 34 106043
16 2 2 635 0 3 35 109442
16 2 2 636 0 4 36 112875
16 2 2 637 0 5 37 119868
16 2 2 638 0 6 38 123979
16 2 2 639 0 7 39 123294
16 2 2 640 0 0 40 102655
16 2 2 641 0 1 41 104001
16 2 2 642 0 2 42 106675
16 2 2 643 0 3 43 109251
16 2 2 644 0 4 44 113526
16 2 2 645 0 5 45 120483
16 2 2 646 0 6 46 122910
16 2 2 647 0 7 47 126754
16 2 2 648 0 0 48 102692
16 2 2 649 0 1 49 104066
16 2 2 650 0 2 50 106462
16 2 2 651 0 3 51 109301
16 2 2 652 0 4 52 113360
16 2 2 653 0 5 53 115198
16 2 2 654 0 6 54 123435
16 2 2 655 0 7 55 127405
16 2 2 656 0 0 56 102651
16 2 2 657 0 1 57 104018
16 2 2 658 0 2 58 106586
16 2 2 659 0 3 59 109380
16 2 2 660 0 4 60 113408
16 2 2 661 0 5 61 120180
16 2 2 662 0 6 62 122940
16 2 2 663 0 7 63 128086
16 2 2 664 0 0 64 102687
16 2 2 665 0 1 65 103977
16 2 2 666 0 2 66 106792
16 2 2 667 0 3 67 109501
16 2 2 668 0 4 68 113431
16 2 2 669 0 5 69 120441
16 2 2 670 0 6 70 121541
16 2 2 671 0 7 71 126594
16 2 2 672 0 0 72 102519
16 2 2 673 0 1 73 103828
16 2 2 674 0 2 74 106589
16 2 2 675 0 3 75 109108
16 2 2 676 0 4 76 113740
16 2 2 677 0 5 77 120266
16 2 2 678 0 6 78 123016
16 2 2 679 0 7 79 115870
16 2 2 680 0 0 80 102574
16 2 2 681 0 1 81 103977
16 2 2 682 0 2 82 103218
16 2 2 683 0 3 83 109421
16 2 2 684 0 4 84 112464
16 2 2 685 0 5 85 120180
16 2 2 686 0 6 86 123857
16 2 2 687 0 7 87 125773
16 2 2 688 0 0 88 102673
16 2 2 689 0 1 89 103964
16 2 2 690 0 2 90 106571
16 2 2 691 0 3 91 109283
16 2 2 692 0 4 92 113264
16 2 2 693 0 5 93 119734
16 2 2 694 0 6 94 122320
16 2 2 695 0 7 95 128039
16 2 2 696 0 0 96 102559
16 2 2 697 0 1 97 103872
16 2 2 698 0 2 98 106468
16 2 2 699 0 3 99 109429
16 2 2 700 0 4 0 113127
16 2 2 701 0 5 1 120799
16 2 2 702 0 6 2 123537
16 2 2 703 0 7 3 128307
16 2 2 704 0 0 4 102578
16 2 2 705 0 1 5 103789
16 2 2 706 0 2 6 105768
16 2 2 707 0 3 7 108970
16 2 2 708 0 4 8 112784
16 2 2 709 0 5 9 112231
16 2 2 710 0 6 10 121857
16 2 2 711 0 7 11 127572
16 2 2 712 0 0 12 102618
16 2 2 713 0 1 13 103900
16 2 2 714 0 2 14 103351
16 2 2 715 0 3 15 109371
16 2 2 716 0 4 16 112937
16 2 2 717 0 5 17 119607
16 2 2 718 0 6 18 122862
16 2 2 719 0 7 19 127472
16 2 2 720 0 0 20 102609
16 2 2 721 0 1 21 104079
16 2 2 722 0 2 22 106555
16 2 2 723 0 3 23 109374
16 2 2 724 0 4 24 113833
16 2 2 725 0 5 25 120522
16 2 2 726 0 6 26 123649
16 2 2 727 0 7 27 127592
16 2 2 728 0 0 28 102564
16 2 2 729 0 1 29 103938
16 2 2 730 0 2 30 106629
16 2 2 731 0 3 31 109390
16 2 2 732 0 4 32 113384
16 2 2 733 0 5 33 120659
16 2 2 734 0 6 34 121965
16 2 2 735 0 7 35 127816
16 2 2 736 0 0 36 102508
16 2 2 737 0 1 37 103927
16 2 2 738 0 2 38 106771
16 2 2 739 0 3 39 109277
16 2 2 740 0 4 40 113614
16 2 2 741 0 5 41 120873
16 2 2 742 0 6 42 123270
16 2 2 743 0 7 43 127243
16 2 2 744 0 0 44 102653
16 2 2 745 0 1 45 103989
16 2 2 746 0 2 46 106496
16 2 2 747 0 3 47 109120
16 2 2 748 0 4 48 113801
16 2 2 749 0 5 49 120603
16 2 2 750 0 6 50 122504
16 2 2 751 0 7 51 123831
16 2 2 752 0 0 52 102620
16 2 2 753 0 1 53 103977
16 2 2 754 0 2 54 106660
16 2 2 755 0 3 55 109228
16 2 2 756 0 4 56 113483
16 2 2 757 0 5 57 120588
16 2 2 758 0 6 58 122685
16 2 2 759 0 7 59 126778
16 2 2 760 0 0 60 102595
16 2 2 761 0 1 61 103864
16 2 2 762 0 2 62 106655
16 2 2 763 0 3 63 109447
16 2 2 764 0 4 64 113797
16 2 2 765 0 5 65 120354
16 2 2 766 0 6 66 119460
16 2 2 767 0 7 67 127495
16 2 2 768 0 0 68 102625
16 2 2 769 0 1 69 104002
16 2 2 770 0 2 70 106574
16 2 2 771 0 3 71 109093
16 2 2 772 0 4 72 112907
16 2 2 773 0 5 73 120290
16 2 2 774 0 6 74 123306
16 2 2 775 0 7 75 127105
16 2 2 776 0 0 76 102687
16 2 2 777 0 1 77 103920
16 2 2 778 0 2 78 106692
16 2 2 779 0 3 79 108942
16 2 2 780 0 4 80 113086
16 2 2 781 0 5 81 120526
16 2 2 782 0 6 82 113391
16 2 2 783 0 7 83 127703
16 2 2 784 0 0 84 102443
16 2 2 785 0 1 85 104008
16 2 2 786 0 2 86 106768
16 2 2 787 0 3 87 109090
16 2 2 788 0 4 88 113623
16 2 2 789 0 5 89 120433
16 2 2 790 0 6 90 122339
16 2 2 791 0 7 91 127704
16 2 2 792 0 0 92 102586
16 2 2 793 0 1 93 103915
16 2 2 794 0 2 94 106413
16 2 2 795 0 3 95 109587
16 2 2 796 0 4 96 113272
16 2 2 797 0 5 97 120036
16 2 2 798 0 6 98 122755
16 2 2 799 0 7 99 126877
16 2 2 800 1 0 0 102125
16 2 2 801 1 1 1 100426
16 2 2 802 1 2 2 102275
16 2 2 803 1 3 3 109661
16 2 2 804 1 4 4 102251
16 2 2 805 1 5 5 114764
16 2 2 806 1 6 6 98767
16 2 2 807 1 7 7 109080
16 2 2 808 1 0 8 100457
16 2 2 809 1 1 9 97593
16 2 2 810 1 2 10 100501
16 2 2 811 1 3 11 101340
16 2 2 812 1 4 12 105936
16 2 2 813 1 5 13 96122
16 2 2 814 1 6 14 105434
16 2 2 815 1 7 15 91160
16 2 2 816 1 0 16 102524
16 2 2 817 1 1 17 101916
16 2 2 818 1 2 18 94500
16 2 2 819 1 3 19 99975
16 2 2 820 1 4 20 106383
16 2 2 821 1 5 21 108255
16 2 2 822 1 6 22 111944
16 2 2 823 1 7 23 90486
16 2 2 824 1 0 24 101130
16 2 2 825 1 1 25 102981
16 2 2 826 1 2 26 101941
16 2 2 827 1 3 27 101475
16 2 2 828 1 4 28 100867
16 2 2 829 1 5 29 111747
16 2 2 830 1 6 30 105654
16 2 2 831 1 7 31 107359
16 2 2 832 1 0 32 101299
16 2 2 833 1 1 33 100560
16 2 2 834 1 2 34 100077
16 2 2 835 1 3 35 105753
16 2 2 836 1 4 36 112404
16 2 2 837 1 5 37 108074
16 2 2 838 1 6 38 98202
16 2 2 839 1 7 39 105624
16 2 2 840 1 0 40 98929
16 2 2 841 1 1 41 102175
16 2 2 842 1 2 42 100188
16 2 2 843 1 3 43 104614
16 2 2 844 1 4 44 112480
16 2 2 845 1 5 45 107168
16 2 2 846 1 6 46 98085
16 2 2 847 1 7 47 89533
16 2 2 848 1 0 48 102322
16 2 2 849 1 1 49 102010
16 2 2 850 1 2 50 99304
16 2 2 851 1 3 51 96824
16 2 2 852 1 4 52 113425
16 2 2 853 1 5 53 107227
16 2 2 854 1 6 54 106799
16 2 2 855 1 7 55 96701
16 2 2 856 1 0 56 102619
16 2 2 857 1 1 57 101441
16 2 2 858 1 2 58 105423
16 2 2 859 1 3 59 101995
16 2 2 860 1 4 60 101622
16 2 2 861 1 5 61 94765
16 2 2 862 1 6 62 111512
16 2 2 863 1 7 63 85450
16 2 2 864 1 0 64 99029
16 2 2 865 1 1 65 99688
16 2 2 866 1 2 66 94570
16 2 2 867 1 3 67 104662
16 2 2 868 1 4 68 110487
16 2 2 869 1 5 69 112263
16 2 2 870 1 6 70 90107
16 2 2 871 1 7 71 109172
16 2 2 872 1 0 72 101739
16 2 2 873 1 1 73 99165
16 2 2 874 1 2 74 99974
16 2 2 875 1 3 75 103873
16 2 2 876 1 4 76 101964
16 2 2 877 1 5 77 106272
16 2 2 878 1 6 78 90297
16 2 2 879 1 7 79 106973
16 2 2 880 1 0 80 99779
16 2 2 881 1 1 81 98782
16 2 2 882 1 2 82 95724
16 2 2 883 1 3 83 101734
16 2 2 884 1 4 84 100311
16 2 2 885 1 5 85 102795
16 2 2 886 1 6 86 106888
16 2 2 887 1 7 87 96977
16 2 2 888 1 0 88 98785
16 2 2 889 1 1 89 98047
16 2 2 890 1 2 90 103048
16 2 2 891 1 3 91 94813
16 2 2 892 1 4 92 93080
16 2 2 893 1 5 93 108810
16 2 2 894 1 6 94 103444
16 2 2 895 1 7 95 116176
16 2 2 896 1 0 96 100597
16 2 2 897 1 1 97 102824
16 2 2 898 1 2 98 106884
16 2 2 899 1 3 99 99392
16 2 3 600 0 0 0 103851
16 2 3 601 0 1 1 106167
16 2 3 602 0 2 2 108202
16 2 3 603 0 3 3 114485
16 2 3 604 0 4 4 120340
16 2 3 605 0 5 5 132303
16 2 3 606 0 6 6 136051
16 2 3 607 0 7 7 141725
16 2 3 608 0 0 8 103850
16 2 3 609 0 1 9 103910
16 2 3 610 0 2 10 107830
16 2 3 611 0 3 11 114301
16 2 3 612 0 4 12 121074
16 2 3 613 0 5 13 132160
16 2 3 614 0 6 14 123294
16 2 3 615 0 7 15 143143
16 2 3 616 0 0 16 103915
16 2 3 617 0 1 17 105888
16 2 3 618 0 2 18 110214
16 2 3 619 0 3 19 111689
16 2 3 620 0 4 20 120638
16 2 3 621 0 5 21 132357
16 2 3 622 0 6 22 135866
16 2 3 623 0 7 23 143964
16 2 3 624 0 0 24 104035
16 2 3 625 0 1 25 106034
16 2 3 626 0 2 26 110244
16 2 3 627 0 3 27 114069
16 2 3 628 0 4 28 120132
16 2 3 629 0 5 29 130539
16 2 3 630 0 6 30 136447
16 2 3 631 0 7 31 140999
16 2 3 632 0 0 32 103964
16 2 3 633 0 1 33 106080
16 2 3 634 0 2 34 109591
16 2 3 635 0 3 35 114437
16 2 3 636 0 4 36 119746
16 2 3 637 0 5 37 129895
16 2 3 638 0 6 38 137756
16 2 3 639 0 7 39 139296
16 2 3 640 0 0 40 103993
16 2 3 641 0 1 41 106121
16 2 3 642 0 2 42 108275
16 2 3 643 0 3 43 113932
16 2 3 644 0 4 44 120796
16 2 3 645 0 5 45 132561
16 2 3 646 0 6 46 136466
16 2 3 647 0 7 47 143515
16 2 3 648 0 0 48 104054
16 2 3 649 0 1 49 105932
16 2 3 650 0 2 50 109804
16 2 3 651 0 3 51 114407
16 2 3 652 0 4 52 120671
16 2 3 653 0 5 53 125897
16 2 3 654 0 6 54 131162
16 2 3 655 0 7 55 144180
16 2 3 656 0 0 56 104024
16 2 3 657 0 1 57 105933
16 2 3 658 0 2 58 110122
16 2 3 659 0 3 59 114406
16 2 3 660 0 4 60 120570
16 2 3 661 0 5 61 131831
16 2 3 662 0 6 62 136224
16 2 3 663 0 7 63 144503
16 2 3 664 0 0 64 103953
16 2 3 665 0 1 65 105812
16 2 3 666 0 2 66 110104
16 2 3 667 0 3 67 114570
16 2 3 668 0 4 68 121083
16 2 3 669 0 5 69 131496
16 2 3 670 0 6 70 135547
16 2 3 671 0 7 71 142995
16 2 3 672 0 0 72 103855
16 2 3 673 0 1 73 104032
16 2 3 674 0 2 74 110063
16 2 3 675 0 3 75 112366
16 2 3 676 0 4 76 121286
16 2 3 677 0 5 77 131475
16 2 3 678 0 6 78 129383
16 2 3 679 0 7 79 130674
16 2 3 680 0 0 80 103834
16 2 3 681 0 1 81 105868
16 2 3 682 0 2 82 106526
16 2 3 683 0 3 83 114629
16 2 3 684 0 4 84 120044
16 2 3 685 0 5 85 127375
16 2 3 686 0 6 86 134859
16 2 3 687 0 7 87 137245
16 2 3 688 0 0 88 103260
16 2 3 689 0 1 89 105854
16 2 3 690 0 2 90 108252
16 2 3 691 0 3 91 114345
16 2 3 692 0 4 92 120505
16 2 3 693 0 5 93 131435
16 2 3 694 0 6 94 135586
16 2 3 695 0 7 95 144765
16 2 3 696 0 0 96 103907
16 2 3 697 0 1 97 105885
16 2 3 698 0 2 98 110028
16 2 3 699 0 3 99 114558
16 2 3 700 0 4 0 120187
16 2 3 701 0 5 1 133003
16 2 3 702 0 6 2 133769
16 2 3 703 0 7 3 144661
16 2 3 704 0 0 4 103832
16 2 3 705 0 1 5 105871
16 2 3 706 0 2 6 109281
16 2 3 707 0 3 7 113943
16 2 3 708 0 4 8 120237
16 2 3 709 0 5 9 123137
16 2 3 710 0 6 10 131682
16 2 3 711 0 7 11 143467
16 2 3 712 0 0 12 104009
16 2 3 713 0 1 13 105967
16 2 3 714 0 2 14 106472
16 2 3 715 0 3 15 114359
16 2 3 716 0 4 16 120411
16 2 3 717 0 5 17 130956
16 2 3 718 0 6 18 135817
16 2 3 719 0 7 19 138214
16 2 3 720 0 0 20 103959
16 2 3 721 0 1 21 106113
16 2 3 722 0 2 22 110074
16 2 3 723 0 3 23 114374
16 2 3 724 0 4 24 120474
16 2 3 725 0 5 25 132464
16 2 3 726 0 6 26 137254
16 2 3 727 0 7 27 142962
16 2 3 728 0 0 28 103824
16 2 3 729 0 1 29 106014
16 2 3 730 0 2 30 109960
16 2 3 731 0 3 31 113149
16 2 3 732 0 4 32 120777
16 2 3 733 0 5 33 132679
16 2 3 734 0 6 34 135637
16 2 3 735 0 7 35 144059
16 2 3 736 0 0 36 103839
16 2 3 737 0 1 37 105983
16 2 3 738 0 2 38 110313
16 2 3 739 0 3 39 114216
16 2 3 740 0 4 40 121022
16 2 3 741 0 5 41 132493
16 2 3 742 0 6 42 131330
16 2 3 743 0 7 43 142728
16 2 3 744 0 0 44 103963
16 2 3 745 0 1 45 106059
16 2 3 746 0 2 46 110029
16 2 3 747 0 3 47 114188
16 2 3 748 0 4 48 121241
16 2 3 749 0 5 49 131409
16 2 3 750 0 6 50 135682
16 2 3 751 0 7 51 138721
16 2 3 752 0 0 52 103940
16 2 3 753 0 1 53 106010
16 2 3 754 0 2 54 109830
16 2 3 755 0 3 55 114313
16 2 3 756 0 4 56 120863
16 2 3 757 0 5 57 129440
16 2 3 758 0 6 58 136213
16 2 3 759 0 7 59 142703
16 2 3 760 0 0 60 103865
16 2 3 761 0 1 61 105924
16 2 3 762 0 2 62 110101
16 2 3 763 0 3 63 114570
16 2 3 764 0 4 64 120808
16 2 3 765 0 5 65 131232
16 2 3 766 0 6 66 132108
16 2 3 767 0 7 67 138653
16 2 3 768 0 0 68 104007
16 2 3 769 0 1 69 105897
16 2 3 770 0 2 70 110192
16 2 3 771 0 3 71 114145
16 2 3 772 0 4 72 120027
16 2 3 773 0 5 73 126784
16 2 3 774 0 6 74 136809
16 2 3 775 0 7 75 141380
16 2 3 776 0 0 76 104060
16 2 3 777 0 1 77 105828
16 2 3 778 0 2 78 110251
16 2 3 779 0 3 79 113882
16 2 3 780 0 4 80 119962
16 2 3 781 0 5 81 131739
16 2 3 782 0 6 82 125108
16 2 3 783 0 7 83 144474
16 2 3 784 0 0 84 103803
16 2 3 785 0 1 85 104918
16 2 3 786 0 2 86 110405
16 2 3 787 0 3 87 113228
16 2 3 788 0 4 88 115982
16 2 3 789 0 5 89 132061
16 2 3 790 0 6 90 132843
16 2 3 791 0 7 91 144877
16 2 3 792 0 0 92 103908
16 2 3 793 0 1 93 105992
16 2 3 794 0 2 94 109739
16 2 3 795 0 3 95 114723
16 2 3 796 0 4 96 118892
16 2 3 797 0 5 97 131291
16 2 3 798 0 6 98 135842
16 2 3 799 0 7 99 143544
16 2 3 800 1 0 0 102445
16 2 3 801 1 1 1 102315
16 2 3 802 1 2 2 99707
16 2 3 803 1 3 3 114017
16 2 3 804 1 4 4 107998
16 2 3 805 1 5 5 118156
16 2 3 806 1 6 6 107488
16 2 3 807 1 7 7 120992
16 2 3 808 1 0 8 100343
16 2 3 809 1 1 9 97779
16 2 3 810 1 2 10 103113
16 2 3 811 1 3 11 101819
16 2 3 812 1 4 12 113104
16 2 3 813 1 5 13 100252
16 2 3 814 1 6 14 113553
16 2 3 815 1 7 15 94171
16 2 3 816 1 0 16 101535
16 2 3 817 1 1 17 103006
16 2 3 818 1 2 18 95193
16 2 3 819 1 3 19 99605
16 2 3 820 1 4 20 107118
16 2 3 821 1 5 21 109561
16 2 3 822 1 6 22 115760
16 2 3 823 1 7 23 93865
16 2 3 824 1 0 24 102460
16 2 3 825 1 1 25 103381
16 2 3 826 1 2 26 105093
16 2 3 827 1 3 27 105480
16 2 3 828 1 4 28 107067
16 2 3 829 1 5 29 117700
16 2 3 830 1 6 30 110720
16 2 3 831 1 7 31 113035
16 2 3 832 1 0 32 100293
16 2 3 833 1 1 33 100828
16 2 3 834 1 2 34 103448
16 2 3 835 1 3 35 104271
16 2 3 836 1 4 36 114184
16 2 3 837 1 5 37 110008
16 2 3 838 1 6 38 99349
16 2 3 839 1 7 39 112488
16 2 3 840 1 0 40 98671
16 2 3 841 1 1 41 104224
16 2 3 842 1 2 42 100833
16 2 3 843 1 3 43 105414
16 2 3 844 1 4 44 119842
16 2 3 845 1 5 45 100653
16 2 3 846 1 6 46 90457
16 2 3 847 1 7 47 88939
16 2 3 848 1 0 48 101950
16 2 3 849 1 1 49 100227
16 2 3 850 1 2 50 102688
16 2 3 851 1 3 51 96042
16 2 3 852 1 4 52 120781
16 2 3 853 1 5 53 106520
16 2 3 854 1 6 54 112919
16 2 3 855 1 7 55 97478
16 2 3 856 1 0 56 102871
16 2 3 857 1 1 57 103109
16 2 3 858 1 2 58 106689
16 2 3 859 1 3 59 106482
16 2 3 860 1 4 60 103498
16 2 3 861 1 5 61 96350
16 2 3 862 1 6 62 107122
16 2 3 863 1 7 63 83986
16 2 3 864 1 0 64 100351
16 2 3 865 1 1 65 101690
16 2 3 866 1 2 66 94766
16 2 3 867 1 3 67 106011
16 2 3 868 1 4 68 109894
16 2 3 869 1 5 69 116341
16 2 3 870 1 6 70 91532
16 2 3 871 1 7 71 106970
16 2 3 872 1 0 72 100554
16 2 3 873 1 1 73 98661
16 2 3 874 1 2 74 96795
16 2 3 875 1 3 75 100295
16 2 3 876 1 4 76 103597
16 2 3 877 1 5 77 99861
16 2 3 878 1 6 78 95845
16 2 3 879 1 7 79 114824
16 2 3 880 1 0 80 100178
16 2 3 881 1 1 81 99610
16 2 3 882 1 2 82 96668
16 2 3 883 1 3 83 98395
16 2 3 884 1 4 84 103110
16 2 3 885 1 5 85 98761
16 2 3 886 1 6 86 116235
16 2 3 887 1 7 87 99798
16 2 3 888 1 0 88 99161
16 2 3 889 1 1 89 96685
16 2 3 890 1 2 90 104048
16 2 3 891 1 3 91 99206
16 2 3 892 1 4 92 91019
16 2 3 893 1 5 93 106023
16 2 3 894 1 6 94 115376
16 2 3 895 1 7 95 103689
16 2 3 896 1 0 96 100741
16 2 3 897 1 1 97 104697
16 2 3 898 1 2 98 108097
16 2 3 899 1 3 99 104120
16 2 4 600 0 0 0 105214
16 2 4 601 0 1 1 108236
16 2 4 602 0 2 2 111790
16 2 4 603 0 3 3 119539
16 2 4 604 0 4 4 127798
16 2 4 605 0 5 5 144969
16 2 4 606 0 6 6 150952
16 2 4 607 0 7 7 157494
16 2 4 608 0 0 8 105213
16 2 4 609 0 1 9 105948
16 2 4 610 0 2 10 111265
16 2 4 611 0 3 11 119391
16 2 4 612 0 4 12 128937
16 2 4 613 0 5 13 144037
16 2 4 614 0 6 14 136962
16 2 4 615 0 7 15 161788
16 2 4 616 0 0 16 105235
16 2 4 617 0 1 17 107958
16 2 4 618 0 2 18 113868
16 2 4 619 0 3 19 116787
16 2 4 620 0 4 20 128299
16 2 4 621 0 5 21 145226
16 2 4 622 0 6 22 150988
16 2 4 623 0 7 23 161870
16 2 4 624 0 0 24 105413
16 2 4 625 0 1 25 107991
16 2 4 626 0 2 26 113747
16 2 4 627 0 3 27 119291
16 2 4 628 0 4 28 128109
16 2 4 629 0 5 29 143086
16 2 4 630 0 6 30 151478
16 2 4 631 0 7 31 159791
16 2 4 632 0 0 32 105342
16 2 4 633 0 1 33 108065
16 2 4 634 0 2 34 113187
16 2 4 635 0 3 35 119605
16 2 4 636 0 4 36 127505
16 2 4 637 0 5 37 142676
16 2 4 638 0 6 38 152653
16 2 4 639 0 7 39 157452
16 2 4 640 0 0 40 105317
16 2 4 641 0 1 41 108210
16 2 4 642 0 2 42 111911
16 2 4 643 0 3 43 118981
16 2 4 644 0 4 44 128521
16 2 4 645 0 5 45 144912
16 2 4 646 0 6 46 151564
16 2 4 647 0 7 47 159494
16 2 4 648 0 0 48 105413
16 2 4 649 0 1 49 108033
16 2 4 650 0 2 50 113368
16 2 4 651 0 3 51 119645
16 2 4 652 0 4 52 128572
16 2 4 653 0 5 53 136972
16 2 4 654 0 6 54 145701
16 2 4 655 0 7 55 162225
16 2 4 656 0 0 56 105389
16 2 4 657 0 1 57 108011
16 2 4 658 0 2 58 113773
16 2 4 659 0 3 59 119698
16 2 4 660 0 4 60 128358
16 2 4 661 0 5 61 144153
16 2 4 662 0 6 62 150202
16 2 4 663 0 7 63 160832
16 2 4 664 0 0 64 105295
16 2 4 665 0 1 65 107916
16 2 4 666 0 2 66 113779
16 2 4 667 0 3 67 119887
16 2 4 668 0 4 68 128885
16 2 4 669 0 5 69 144244
16 2 4 670 0 6 70 150466
16 2 4 671 0 7 71 161645
16 2 4 672 0 0 72 105218
16 2 4 673 0 1 73 106080
16 2 4 674 0 2 74 113489
16 2 4 675 0 3 75 117495
16 2 4 676 0 4 76 128970
16 2 4 677 0 5 77 143998
16 2 4 678 0 6 78 142690
16 2 4 679 0 7 79 142577
16 2 4 680 0 0 80 105222
16 2 4 681 0 1 81 107974
16 2 4 682 0 2 82 110052
16 2 4 683 0 3 83 119899
16 2 4 684 0 4 84 127635
16 2 4 685 0 5 85 139667
16 2 4 686 0 6 86 150161
16 2 4 687 0 7 87 153764
16 2 4 688 0 0 88 104567
16 2 4 689 0 1 89 107856
16 2 4 690 0 2 90 111902
16 2 4 691 0 3 91 119660
16 2 4 692 0 4 92 128302
16 2 4 693 0 5 93 143991
16 2 4 694 0 6 94 150201
16 2 4 695 0 7 95 159789
16 2 4 696 0 0 96 105301
16 2 4 697 0 1 97 107969
16 2 4 698 0 2 98 113720
16 2 4 699 0 3 99 119802
16 2 4 700 0 4 0 128000
16 2 4 701 0 5 1 145437
16 2 4 702 0 6 2 148642
16 2 4 703 0 7 3 162941
16 2 4 704 0 0 4 105208
16 2 4 705 0 1 5 107873
16 2 4 706 0 2 6 112697
16 2 4 707 0 3 7 118155
16 2 4 708 0 4 8 128112
16 2 4 709 0 5 9 135219
16 2 4 710 0 6 10 145423
16 2 4 711 0 7 11 161641
16 2 4 712 0 0 12 105334
16 2 4 713 0 1 13 107893
16 2 4 714 0 2 14 109967
16 2 4 715 0 3 15 119439
16 2 4 716 0 4 16 128027
16 2 4 717 0 5 17 143652
16 2 4 718 0 6 18 150963
16 2 4 719 0 7 19 155924
16 2 4 720 0 0 20 105309
16 2 4 721 0 1 21 108202
16 2 4 722 0 2 22 113723
16 2 4 723 0 3 23 119308
16 2 4 724 0 4 24 128134
16 2 4 725 0 5 25 143408
16 2 4 726 0 6 26 151833
16 2 4 727 0 7 27 159461
16 2 4 728 0 0 28 105202
16 2 4 729 0 1 29 108028
16 2 4 730 0 2 30 113531
16 2 4 731 0 3 31 118398
16 2 4 732 0 4 32 128733
16 2 4 733 0 5 33 144983
16 2 4 734 0 6 34 150509
16 2 4 735 0 7 35 162144
16 2 4 736 0 0 36 105192
16 2 4 737 0 1 37 108071
16 2 4 738 0 2 38 113921
16 2 4 739 0 3 39 119284
16 2 4 740 0 4 40 128561
16 2 4 741 0 5 41 145385
16 2 4 742 0 6 42 145833
16 2 4 743 0 7 43 159070
16 2 4 744 0 0 44 105281
16 2 4 745 0 1 45 108047
16 2 4 746 0 2 46 113721
16 2 4 747 0 3 47 118068
16 2 4 748 0 4 48 128700
16 2 4 749 0 5 49 144257
16 2 4 750 0 6 50 149544
16 2 4 751 0 7 51 156590
16 2 4 752 0 0 52 105317
16 2 4 753 0 1 53 107997
16 2 4 754 0 2 54 113476
16 2 4 755 0 3 55 119380
16 2 4 756 0 4 56 128718
16 2 4 757 0 5 57 142044
16 2 4 758 0 6 58 150427
16 2 4 759 0 7 59 161477
16 2 4 760 0 0 60 105223
16 2 4 761 0 1 61 107945
16 2 4 762 0 2 62 113592
16 2 4 763 0 3 63 119835
16 2 4 764 0 4 64 128571
16 2 4 765 0 5 65 143976
16 2 4 766 0 6 66 147088
16 2 4 767 0 7 67 154681
16 2 4 768 0 0 68 105353
16 2 4 769 0 1 69 108003
16 2 4 770 0 2 70 113810
16 2 4 771 0 3 71 119386
16 2 4 772 0 4 72 127823
16 2 4 773 0 5 73 138948
16 2 4 774 0 6 74 147311
16 2 4 775 0 7 75 158157
16 2 4 776 0 0 76 105391
16 2 4 777 0 1 77 107848
16 2 4 778 0 2 78 113729
16 2 4 779 0 3 79 118908
16 2 4 780 0 4 80 127960
16 2 4 781 0 5 81 144716
16 2 4 782 0 6 82 139088
16 2 4 783 0 7 83 162936
16 2 4 784 0 0 84 105121
16 2 4 785 0 1 85 106976
16 2 4 786 0 2 86 114128
16 2 4 787 0 3 87 118416
16 2 4 788 0 4 88 123321
16 2 4 789 0 5 89 144011
16 2 4 790 0 6 90 148016
16 2 4 791 0 7 91 163748
16 2 4 792 0 0 92 105270
16 2 4 793 0 1 93 108032
16 2 4 794 0 2 94 113293
16 2 4 795 0 3 95 119785
16 2 4 796 0 4 96 126875
16 2 4 797 0 5 97 144115
16 2 4 798 0 6 98 150984
16 2 4 799 0 7 99 161442
16 2 4 800 1 0 0 103819
16 2 4 801 1 1 1 104370
16 2 4 802 1 2 2 98369
16 2 4 803 1 3 3 119180
16 2 4 804 1 4 4 105617
16 2 4 805 1 5 5 123043
16 2 4 806 1 6 6 110756
16 2 4 807 1 7 7 130862
16 2 4 808 1 0 8 101203
16 2 4 809 1 1 9 96916
16 2 4 810 1 2 10 106480
16 2 4 811 1 3 11 103004
16 2 4 812 1 4 12 111286
16 2 4 813 1 5 13 106984
16 2 4 814 1 6 14 114102
16 2 4 815 1 7 15 92174
16 2 4 816 1 0 16 101522
16 2 4 817 1 1 17 104744
16 2 4 818 1 2 18 95820
16 2 4 819 1 3 19 104326
16 2 4 820 1 4 20 104157
16 2 4 821 1 5 21 109436
16 2 4 822 1 6 22 113523
16 2 4 823 1 7 23 100795
16 2 4 824 1 0 24 103114
16 2 4 825 1 1 25 105388
16 2 4 826 1 2 26 105241
16 2 4 827 1 3 27 104048
16 2 4 828 1 4 28 108655
16 2 4 829 1 5 29 129314
16 2 4 830 1 6 30 110022
16 2 4 831 1 7 31 110808
16 2 4 832 1 0 32 99168
16 2 4 833 1 1 33 98774
16 2 4 834 1 2 34 102366
16 2 4 835 1 3 35 102400
16 2 4 836 1 4 36 112744
16 2 4 837 1 5 37 111517
16 2 4 838 1 6 38 103056
16 2 4 839 1 7 39 114337
16 2 4 840 1 0 40 97585
16 2 4 841 1 1 41 103152
16 2 4 842 1 2 42 100868
16 2 4 843 1 3 43 110140
16 2 4 844 1 4 44 128029
16 2 4 845 1 5 45 97022
16 2 4 846 1 6 46 93150
16 2 4 847 1 7 47 88260
16 2 4 848 1 0 48 101012
16 2 4 849 1 1 49 99601
16 2 4 850 1 2 50 104861
16 2 4 851 1 3 51 98599
16 2 4 852 1 4 52 114802
16 2 4 853 1 5 53 101154
16 2 4 854 1 6 54 117037
16 2 4 855 1 7 55 106720
16 2 4 856 1 0 56 101714
16 2 4 857 1 1 57 104464
16 2 4 858 1 2 58 110296
16 2 4 859 1 3 59 102331
16 2 4 860 1 4 60 102860
16 2 4 861 1 5 61 100798
16 2 4 862 1 6 62 106872
16 2 4 863 1 7 63 85704
16 2 4 864 1 0 64 99193
16 2 4 865 1 1 65 103735
16 2 4 866 1 2 66 94009
16 2 4 867 1 3 67 109745
16 2 4 868 1 4 68 107793
16 2 4 869 1 5 69 118746
16 2 4 870 1 6 70 86616
16 2 4 871 1 7 71 111932
16 2 4 872 1 0 72 100919
16 2 4 873 1 1 73 100243
16 2 4 874 1 2 74 96428
16 2 4 875 1 3 75 104212
16 2 4 876 1 4 76 106751
16 2 4 877 1 5 77 103211
16 2 4 878 1 6 78 100507
16 2 4 879 1 7 79 117215
16 2 4 880 1 0 80 99742
16 2 4 881 1 1 81 100871
16 2 4 882 1 2 82 96672
16 2 4 883 1 3 83 99388
16 2 4 884 1 4 84 107984
16 2 4 885 1 5 85 98662
16 2 4 886 1 6 86 121141
16 2 4 887 1 7 87 99380
16 2 4 888 1 0 88 99255
16 2 4 889 1 1 89 95084
16 2 4 890 1 2 90 101908
16 2 4 891 1 3 91 101403
16 2 4 892 1 4 92 94400
16 2 4 893 1 5 93 116606
16 2 4 894 1 6 94 119107
16 2 4 895 1 7 95 111645
16 2 4 896 1 0 96 100338
16 2 4 897 1 1 97 102950
16 2 4 898 1 2 98 108871
16 2 4 899 1 3 99 100149
16 2 5 600 0 0 0 106158
16 2 5 601 0 1 1 110288
16 2 5 602 0 2 2 115434
16 2 5 603 0 3 3 125177
16 2 5 604 0 4 4 136060
16 2 5 605 0 5 5 159461
16 2 5 606 0 6 6 168071
16 2 5 607 0 7 7 170247
16 2 5 608 0 0 8 106545
16 2 5 609 0 1 9 107997
16 2 5 610 0 2 10 115011
16 2 5 611 0 3 11 124932
16 2 5 612 0 4 12 137403
16 2 5 613 0 5 13 157643
16 2 5 614 0 6 14 149579
16 2 5 615 0 7 15 179021
16 2 5 616 0 0 16 106617
16 2 5 617 0 1 17 110032
16 2 5 618 0 2 18 117630
16 2 5 619 0 3 19 121974
16 2 5 620 0 4 20 136999
16 2 5 621 0 5 21 159684
16 2 5 622 0 6 22 166950
16 2 5 623 0 7 23 183368
16 2 5 624 0 0 24 106730
16 2 5 625 0 1 25 110069
16 2 5 626 0 2 26 117507
16 2 5 627 0 3 27 124511
16 2 5 628 0 4 28 136603
16 2 5 629 0 5 29 156997
16 2 5 630 0 6 30 168434
16 2 5 631 0 7 31 180204
16 2 5 632 0 0 32 106715
16 2 5 633 0 1 33 110197
16 2 5 634 0 2 34 116927
16 2 5 635 0 3 35 125366
16 2 5 636 0 4 36 135422
16 2 5 637 0 5 37 156363
16 2 5 638 0 6 38 166809
16 2 5 639 0 7 39 177695
16 2 5 640 0 0 40 106709
16 2 5 641 0 1 41 110327
16 2 5 642 0 2 42 115395
16 2 5 643 0 3 43 123513
16 2 5 644 0 4 44 133241
16 2 5 645 0 5 45 158503
16 2 5 646 0 6 46 167001
16 2 5 647 0 7 47 178594
16 2 5 648 0 0 48 106839
16 2 5 649 0 1 49 110145
16 2 5 650 0 2 50 117056
16 2 5 651 0 3 51 124942
16 2 5 652 0 4 52 136735
16 2 5 653 0 5 53 144770
16 2 5 654 0 6 54 159950
16 2 5 655 0 7 55 183252
16 2 5 656 0 0 56 106759
16 2 5 657 0 1 57 110036
16 2 5 658 0 2 58 117615
16 2 5 659 0 3 59 125258
16 2 5 660 0 4 60 136915
16 2 5 661 0 5 61 158352
16 2 5 662 0 6 62 165379
16 2 5 663 0 7 63 180610
16 2 5 664 0 0 64 106696
16 2 5 665 0 1 65 110130
16 2 5 666 0 2 66 117495
16 2 5 667 0 3 67 125276
16 2 5 668 0 4 68 137277
16 2 5 669 0 5 69 158606
16 2 5 670 0 6 70 162595
16 2 5 671 0 7 71 182345
16 2 5 672 0 0 72 106602
16 2 5 673 0 1 73 108090
16 2 5 674 0 2 74 117389
16 2 5 675 0 3 75 122932
16 2 5 676 0 4 76 137585
16 2 5 677 0 5 77 158244
16 2 5 678 0 6 78 158869
16 2 5 679 0 7 79 161058
16 2 5 680 0 0 80 106601
16 2 5 681 0 1 81 110128
16 2 5 682 0 2 82 113630
16 2 5 683 0 3 83 125528
16 2 5 684 0 4 84 135976
16 2 5 685 0 5 85 153536
16 2 5 686 0 6 86 166567
16 2 5 687 0 7 87 174546
16 2 5 688 0 0 88 105963
16 2 5 689 0 1 89 110012
16 2 5 690 0 2 90 115510
16 2 5 691 0 3 91 125170
16 2 5 692 0 4 92 136437
16 2 5 693 0 5 93 153360
16 2 5 694 0 6 94 165180
16 2 5 695 0 7 95 178907
16 2 5 696 0 0 96 106621
16 2 5 697 0 1 97 110141
16 2 5 698 0 2 98 117496
16 2 5 699 0 3 99 125291
16 2 5 700 0 4 0 133704
16 2 5 701 0 5 1 159552
16 2 5 702 0 6 2 163164
16 2 5 703 0 7 3 179820
16 2 5 704 0 0 4 106567
16 2 5 705 0 1 5 110039
16 2 5 706 0 2 6 116352
16 2 5 707 0 3 7 123387
16 2 5 708 0 4 8 136162
16 2 5 709 0 5 9 148208
16 2 5 710 0 6 10 161480
16 2 5 711 0 7 11 182200
16 2 5 712 0 0 12 106731
16 2 5 713 0 1 13 109944
16 2 5 714 0 2 14 113352
16 2 5 715 0 3 15 125012
16 2 5 716 0 4 16 136508
16 2 5 717 0 5 17 156911
16 2 5 718 0 6 18 167504
16 2 5 719 0 7 19 172755
16 2 5 720 0 0 20 106713
16 2 5 721 0 1 21 110365
16 2 5 722 0 2 22 117276
16 2 5 723 0 3 23 124911
16 2 5 724 0 4 24 136060
16 2 5 725 0 5 25 156143
16 2 5 726 0 6 26 168843
16 2 5 727 0 7 27 178510
16 2 5 728 0 0 28 106598
16 2 5 729 0 1 29 110081
16 2 5 730 0 2 30 117298
16 2 5 731 0 3 31 123787
16 2 5 732 0 4 32 137078
16 2 5 733 0 5 33 159334
16 2 5 734 0 6 34 165517
16 2 5 735 0 7 35 182624
16 2 5 736 0 0 36 106527
16 2 5 737 0 1 37 110162
16 2 5 738 0 2 38 117530
16 2 5 739 0 3 39 124908
16 2 5 740 0 4 40 137033
16 2 5 741 0 5 41 158522
16 2 5 742 0 6 42 156785
16 2 5 743 0 7 43 173727
16 2 5 744 0 0 44 106665
16 2 5 745 0 1 45 110147
16 2 5 746 0 2 46 117327
16 2 5 747 0 3 47 123576
16 2 5 748 0 4 48 137081
16 2 5 749 0 5 49 157658
16 2 5 750 0 6 50 162606
16 2 5 751 0 7 51 174883
16 2 5 752 0 0 52 106655
16 2 5 753 0 1 53 110150
16 2 5 754 0 2 54 116990
16 2 5 755 0 3 55 124825
16 2 5 756 0 4 56 137063
16 2 5 757 0 5 57 155251
16 2 5 758 0 6 58 164892
16 2 5 759 0 7 59 181125
16 2 5 760 0 0 60 106625
16 2 5 761 0 1 61 110075
16 2 5 762 0 2 62 117324
16 2 5 763 0 3 63 125526
16 2 5 764 0 4 64 136951
16 2 5 765 0 5 65 158329
16 2 5 766 0 6 66 163432
16 2 5 767 0 7 67 173509
16 2 5 768 0 0 68 106669
16 2 5 769 0 1 69 110163
16 2 5 770 0 2 70 116331
16 2 5 771 0 3 71 124932
16 2 5 772 0 4 72 136216
16 2 5 773 0 5 73 151313
16 2 5 774 0 6 74 164112
16 2 5 775 0 7 75 176423
16 2 5 776 0 0 76 106798
16 2 5 777 0 1 77 109999
16 2 5 778 0 2 78 117615
16 2 5 779 0 3 79 124420
16 2 5 780 0 4 80 136222
16 2 5 781 0 5 81 159182
16 2 5 782 0 6 82 153445
16 2 5 783 0 7 83 179682
16 2 5 784 0 0 84 106510
16 2 5 785 0 1 85 109087
16 2 5 786 0 2 86 117849
16 2 5 787 0 3 87 124076
16 2 5 788 0 4 88 130204
16 2 5 789 0 5 89 157756
16 2 5 790 0 6 90 163980
16 2 5 791 0 7 91 185389
16 2 5 792 0 0 92 106577
16 2 5 793 0 1 93 110230
16 2 5 794 0 2 94 116830
16 2 5 795 0 3 95 125272
16 2 5 796 0 4 96 133462
16 2 5 797 0 5 97 158230
16 2 5 798 0 6 98 164162
16 2 5 799 0 7 99 181355
16 2 5 800 1 0 0 104070
16 2 5 801 1 1 1 103490
16 2 5 802 1 2 2 100649
16 2 5 803 1 3 3 123848
16 2 5 804 1 4 4 109986
16 2 5 805 1 5 5 124854
16 2 5 806 1 6 6 120016
16 2 5 807 1 7 7 127517
16 2 5 808 1 0 8 101943
16 2 5 809 1 1 9 98596
16 2 5 810 1 2 10 103578
16 2 5 811 1 3 11 107786
16 2 5 812 1 4 12 118815
16 2 5 813 1 5 13 98893
16 2 5 814 1 6 14 104516
16 2 5 815 1 7 15 101973
16 2 5 816 1 0 16 100591
16 2 5 817 1 1 17 106074
16 2 5 818 1 2 18 98960
16 2 5 819 1 3 19 108916
16 2 5 820 1 4 20 111258
16 2 5 821 1 5 21 106798
16 2 5 822 1 6 22 124031
16 2 5 823 1 7 23 90907
16 2 5 824 1 0 24 103757
16 2 5 825 1 1 25 103479
16 2 5 826 1 2 26 103658
16 2 5 827 1 3 27 100528
16 2 5 828 1 4 28 116005
16 2 5 829 1 5 29 139754
16 2 5 830 1 6 30 119413
16 2 5 831 1 7 31 112750
16 2 5 832 1 0 32 100305
16 2 5 833 1 1 33 97361
16 2 5 834 1 2 34 105816
16 2 5 835 1 3 35 107264
16 2 5 836 1 4 36 115833
16 2 5 837 1 5 37 103089
16 2 5 838 1 6 38 99263
16 2 5 839 1 7 39 111631
16 2 5 840 1 0 40 96646
16 2 5 841 1 1 41 103126
16 2 5 842 1 2 42 101856
16 2 5 843 1 3 43 106672
16 2 5 844 1 4 44 125239
16 2 5 845 1 5 45 102242
16 2 5 846 1 6 46 103958
16 2 5 847 1 7 47 98180
16 2 5 848 1 0 48 102288
16 2 5 849 1 1 49 97690
16 2 5 850 1 2 50 105339
16 2 5 851 1 3 51 103277
16 2 5 852 1 4 52 122256
16 2 5 853 1 5 53 106803
16 2 5 854 1 6 54 124628
16 2 5 855 1 7 55 95591
16 2 5 856 1 0 56 103029
16 2 5 857 1 1 57 102348
16 2 5 858 1 2 58 112463
16 2 5 859 1 3 59 103731
16 2 5 860 1 4 60 102860
16 2 5 861 1 5 61 93662
16 2 5 862 1 6 62 116440
16 2 5 863 1 7 63 88451
16 2 5 864 1 0 64 98264
16 2 5 865 1 1 65 105864
16 2 5 866 1 2 66 91226
16 2 5 867 1 3 67 106129
16 2 5 868 1 4 68 113145
16 2 5 869 1 5 69 127790
16 2 5 870 1 6 70 82127
16 2 5 871 1 7 71 118444
16 2 5 872 1 0 72 101573
16 2 5 873 1 1 73 102021
16 2 5 874 1 2 74 99683
16 2 5 875 1 3 75 109180
16 2 5 876 1 4 76 103373
16 2 5 877 1 5 77 104442
16 2 5 878 1 6 78 110039
16 2 5 879 1 7 79 129999
16 2 5 880 1 0 80 98730
16 2 5 881 1 1 81 102824
16 2 5 882 1 2 82 98021
16 2 5 883 1 3 83 104020
16 2 5 884 1 4 84 105685
16 2 5 885 1 5 85 108727
16 2 5 886 1 6 86 130296
16 2 5 887 1 7 87 108480
16 2 5 888 1 0 88 100139
16 2 5 889 1 1 89 95347
16 2 5 890 1 2 90 104509
16 2 5 891 1 3 91 106278
16 2 5 892 1 4 92 92287
16 2 5 893 1 5 93 119332
16 2 5 894 1 6 94 127512
16 2 5 895 1 7 95 103364
16 2 5 896 1 0 96 101394
16 2 5 897 1 1 97 101401
16 2 5 898 1 2 98 111532
16 2 5 899 1 3 99 96619
