16 9 1 2700 3 4 0 103324
16 9 1 2701 3 5 1 100263
16 9 1 2702 3 6 2 111390
16 9 1 2703 3 7 3 101192
16 9 1 2704 3 0 4 100508
16 9 1 2705 3 1 5 101344
16 9 1 2706 3 2 6 98002
16 9 1 2707 3 3 7 100000
16 9 1 2708 3 4 8 106766
16 9 1 2709 3 5 9 106595
16 9 1 2710 3 6 10 95078
16 9 1 2711 3 7 11 111523
16 9 1 2712 3 0 12 99113
16 9 1 2713 3 1 13 102028
16 9 1 2714 3 2 14 103366
16 9 1 2715 3 3 15 103000
16 9 1 2716 3 4 16 106736
16 9 1 2717 3 5 17 104006
16 9 1 2718 3 6 18 92340
16 9 1 2719 3 7 19 92288
16 9 1 2720 3 0 20 99435
16 9 1 2721 3 1 21 98364
16 9 1 2722 3 2 22 103335
16 9 1 2723 3 3 23 104397
16 9 1 2724 3 4 24 105751
16 9 1 2725 3 5 25 110035
16 9 1 2726 3 6 26 99045
16 9 1 2727 3 7 27 98389
16 9 1 2728 3 0 28 101284
16 9 1 2729 3 1 29 101965
16 9 1 2730 3 2 30 103392
16 9 1 2731 3 3 31 100175
16 9 1 2732 3 4 32 101894
16 9 1 2733 3 5 33 95131
16 9 1 2734 3 6 34 110197
16 9 1 2735 3 7 35 92559
16 9 1 2736 3 0 36 100032
16 9 1 2737 3 1 37 101524
16 9 1 2738 3 2 38 103328
16 9 1 2739 3 3 39 103278
16 9 1 2740 3 4 40 106291
16 9 1 2741 3 5 41 110059
16 9 1 2742 3 6 42 101008
16 9 1 2743 3 7 43 104660
16 9 1 2744 3 0 44 98943
16 9 1 2745 3 1 45 100496
16 9 1 2746 3 2 46 103299
16 9 1 2747 3 3 47 102910
16 9 1 2748 3 4 48 106400
16 9 1 2749 3 5 49 100398
16 9 1 2750 3 6 50 95353
16 9 1 2751 3 7 51 102082
16 9 1 2752 3 0 52 101337
16 9 1 2753 3 1 53 101977
16 9 1 2754 3 2 54 103377
16 9 1 2755 3 3 55 99709
16 9 1 2756 3 4 56 104836
16 9 1 2757 3 5 57 104846
16 9 1 2758 3 6 58 104805
16 9 1 2759 3 7 59 108563
16 9 1 2760 3 0 60 100954
16 9 1 2761 3 1 61 98600
16 9 1 2762 3 2 62 102795
16 9 1 2763 3 3 63 104680
16 9 1 2764 3 4 64 100053
16 9 1 2765 3 5 65 101667
16 9 1 2766 3 6 66 91484
16 9 1 2767 3 7 67 103028
16 9 1 2768 3 0 68 99456
16 9 1 2769 3 1 69 102008
16 9 1 2770 3 2 70 103319
16 9 1 2771 3 3 71 102531
16 9 1 2772 3 4 72 105884
16 9 1 2773 3 5 73 101723
16 9 1 2774 3 6 74 102465
16 9 1 2775 3 7 75 108784
16 9 1 2776 3 0 76 99988
16 9 1 2777 3 1 77 98245
16 9 1 2778 3 2 78 101123
16 9 1 2779 3 3 79 100750
16 9 1 2780 3 4 80 92888
16 9 1 2781 3 5 81 103441
16 9 1 2782 3 6 82 103895
16 9 1 2783 3 7 83 99089
16 9 1 2784 3 0 84 100216
16 9 1 2785 3 1 85 99385
16 9 1 2786 3 2 86 100748
16 9 1 2787 3 3 87 96250
16 9 1 2788 3 4 88 97825
16 9 1 2789 3 5 89 102921
16 9 1 2790 3 6 90 107290
16 9 1 2791 3 7 91 111187
16 9 1 2792 3 0 92 99964
16 9 1 2793 3 1 93 98557
16 9 1 2794 3 2 94 96939
16 9 1 2795 3 3 95 104750
16 9 1 2796 3 4 96 97337
16 9 1 2797 3 5 97 108292
16 9 1 2798 3 6 98 111426
16 9 1 2799 3 7 99 94826
16 9 1 2800 3 0 0 100716
16 9 1 2801 3 1 1 99940
16 9 1 2802 3 2 2 103361
16 9 1 2803 3 3 3 96779
16 9 1 2804 3 4 4 102633
16 9 1 2805 3 5 5 106767
16 9 1 2806 3 6 6 90276
16 9 1 2807 3 7 7 96331
16 9 1 2808 3 0 8 101352
16 9 1 2809 3 1 9 101657
16 9 1 2810 3 2 10 96903
16 9 1 2811 3 3 11 104736
16 9 1 2812 3 4 12 98995
16 9 1 2813 3 5 13 109607
16 9 1 2814 3 6 14 102354
16 9 1 2815 3 7 15 97541
16 9 1 2816 3 0 16 101328
16 9 1 2817 3 1 17 101906
16 9 1 2818 3 2 18 97388
16 9 1 2819 3 3 19 96250
16 9 1 2820 3 4 20 96767
16 9 1 2821 3 5 21 98036
16 9 1 2822 3 6 22 107856
16 9 1 2823 3 7 23 105343
16 9 1 2824 3 0 24 101330
16 9 1 2825 3 1 25 102023
16 9 1 2826 3 2 26 96991
16 9 1 2827 3 3 27 99173
16 9 1 2828 3 4 28 102816
16 9 1 2829 3 5 29 110151
16 9 1 2830 3 6 30 111237
16 9 1 2831 3 7 31 98599
16 9 1 2832 3 0 32 100468
16 9 1 2833 3 1 33 98862
16 9 1 2834 3 2 34 103392
16 9 1 2835 3 3 35 98119
16 9 1 2836 3 4 36 99622
16 9 1 2837 3 5 37 104784
16 9 1 2838 3 6 38 111310
16 9 1 2839 3 7 39 99467
16 9 1 2840 3 0 40 101331
16 9 1 2841 3 1 41 102034
16 9 1 2842 3 2 42 97636
16 9 1 2843 3 3 43 104750
16 9 1 2844 3 4 44 94494
16 9 1 2845 3 5 45 99500
16 9 1 2846 3 6 46 111395
16 9 1 2847 3 7 47 109892
16 9 1 2848 3 0 48 101212
16 9 1 2849 3 1 49 100354
16 9 1 2850 3 2 50 98112
16 9 1 2851 3 3 51 97870
16 9 1 2852 3 4 52 106751
16 9 1 2853 3 5 53 109766
16 9 1 2854 3 6 54 110014
16 9 1 2855 3 7 55 100085
16 9 1 2856 3 0 56 100938
16 9 1 2857 3 1 57 101966
16 9 1 2858 3 2 58 99597
16 9 1 2859 3 3 59 102750
16 9 1 2860 3 4 60 104366
16 9 1 2861 3 5 61 98575
16 9 1 2862 3 6 62 107741
16 9 1 2863 3 7 63 112000
16 9 1 2864 3 0 64 100432
16 9 1 2865 3 1 65 99497
16 9 1 2866 3 2 66 96762
16 9 1 2867 3 3 67 103402
16 9 1 2868 3 4 68 97265
16 9 1 2869 3 5 69 102109
16 9 1 2870 3 6 70 111420
16 9 1 2871 3 7 71 104702
16 9 1 2872 3 0 72 101290
16 9 1 2873 3 1 73 101008
16 9 1 2874 3 2 74 98456
16 9 1 2875 3 3 75 102500
16 9 1 2876 3 4 76 99453
16 9 1 2877 3 5 77 98109
16 9 1 2878 3 6 78 96099
16 9 1 2879 3 7 79 106136
16 9 1 2880 3 0 80 98586
16 9 1 2881 3 1 81 100227
16 9 1 2882 3 2 82 98880
16 9 1 2883 3 3 83 103750
16 9 1 2884 3 4 84 100201
16 9 1 2885 3 5 85 97055
16 9 1 2886 3 6 86 101782
16 9 1 2887 3 7 87 90564
16 9 1 2888 3 0 88 99188
16 9 1 2889 3 1 89 100999
16 9 1 2890 3 2 90 101069
16 9 1 2891 3 3 91 104388
16 9 1 2892 3 4 92 99968
16 9 1 2893 3 5 93 99898
16 9 1 2894 3 6 94 91683
16 9 1 2895 3 7 95 113090
16 9 1 2896 3 0 96 99480
16 9 1 2897 3 1 97 102023
16 9 1 2898 3 2 98 103375
16 9 1 2899 3 3 99 95929
16 9 1 2900 3 4 0 103324
16 9 1 2901 3 5 1 100263
16 9 1 2902 3 6 2 111390
16 9 1 2903 3 7 3 101192
16 9 1 2904 3 0 4 100508
16 9 1 2905 3 1 5 101344
16 9 1 2906 3 2 6 98002
16 9 1 2907 3 3 7 100000
16 9 1 2908 3 4 8 106766
16 9 1 2909 3 5 9 106595
16 9 1 2910 3 6 10 95078
16 9 1 2911 3 7 11 111523
16 9 1 2912 3 0 12 99113
16 9 1 2913 3 1 13 102028
16 9 1 2914 3 2 14 103366
16 9 1 2915 3 3 15 103000
16 9 1 2916 3 4 16 106736
16 9 1 2917 3 5 17 104006
16 9 1 2918 3 6 18 92340
16 9 1 2919 3 7 19 92288
16 9 1 2920 3 0 20 99435
16 9 1 2921 3 1 21 98364
16 9 1 2922 3 2 22 103335
16 9 1 2923 3 3 23 104397
16 9 1 2924 3 4 24 105751
16 9 1 2925 3 5 25 110035
16 9 1 2926 3 6 26 99045
16 9 1 2927 3 7 27 98389
16 9 1 2928 3 0 28 101284
16 9 1 2929 3 1 29 101965
16 9 1 2930 3 2 30 103392
16 9 1 2931 3 3 31 100175
16 9 1 2932 3 4 32 101894
16 9 1 2933 3 5 33 95131
16 9 1 2934 3 6 34 110197
16 9 1 2935 3 7 35 92559
16 9 1 2936 3 0 36 100032
16 9 1 2937 3 1 37 101524
16 9 1 2938 3 2 38 103328
16 9 1 2939 3 3 39 103278
16 9 1 2940 3 4 40 106291
16 9 1 2941 3 5 41 110059
16 9 1 2942 3 6 42 101008
16 9 1 2943 3 7 43 104660
16 9 1 2944 3 0 44 98943
16 9 1 2945 3 1 45 100496
16 9 1 2946 3 2 46 103299
16 9 1 2947 3 3 47 102910
16 9 1 2948 3 4 48 106400
16 9 1 2949 3 5 49 100398
16 9 1 2950 3 6 50 95353
16 9 1 2951 3 7 51 102082
16 9 1 2952 3 0 52 101337
16 9 1 2953 3 1 53 101977
16 9 1 2954 3 2 54 103377
16 9 1 2955 3 3 55 99709
16 9 1 2956 3 4 56 104836
16 9 1 2957 3 5 57 104846
16 9 1 2958 3 6 58 104805
16 9 1 2959 3 7 59 108563
16 9 1 2960 3 0 60 100954
16 9 1 2961 3 1 61 98600
16 9 1 2962 3 2 62 102795
16 9 1 2963 3 3 63 104680
16 9 1 2964 3 4 64 100053
16 9 1 2965 3 5 65 101667
16 9 1 2966 3 6 66 91484
16 9 1 2967 3 7 67 103028
16 9 1 2968 3 0 68 99456
16 9 1 2969 3 1 69 102008
16 9 1 2970 3 2 70 103319
16 9 1 2971 3 3 71 102531
16 9 1 2972 3 4 72 105884
16 9 1 2973 3 5 73 101723
16 9 1 2974 3 6 74 102465
16 9 1 2975 3 7 75 108784
16 9 1 2976 3 0 76 99988
16 9 1 2977 3 1 77 98245
16 9 1 2978 3 2 78 101123
16 9 1 2979 3 3 79 100750
16 9 1 2980 3 4 80 92888
16 9 1 2981 3 5 81 103441
16 9 1 2982 3 6 82 103895
16 9 1 2983 3 7 83 99089
16 9 1 2984 3 0 84 100216
16 9 1 2985 3 1 85 99385
16 9 1 2986 3 2 86 100748
16 9 1 2987 3 3 87 96250
16 9 1 2988 3 4 88 97825
16 9 1 2989 3 5 89 102921
16 9 1 2990 3 6 90 107290
16 9 1 2991 3 7 91 111187
16 9 1 2992 3 0 92 99964
16 9 1 2993 3 1 93 98557
16 9 1 2994 3 2 94 96939
16 9 1 2995 3 3 95 104750
16 9 1 2996 3 4 96 97337
16 9 1 2997 3 5 97 108292
16 9 1 2998 3 6 98 111426
16 9 1 2999 3 7 99 94826
16 9 2 2700 3 4 0 106936
16 9 2 2701 3 5 1 90852
16 9 2 2702 3 6 2 124144
16 9 2 2703 3 7 3 105344
16 9 2 2704 3 0 4 100669
16 9 2 2705 3 1 5 103378
16 9 2 2706 3 2 6 95519
16 9 2 2707 3 3 7 104723
16 9 2 2708 3 4 8 110898
16 9 2 2709 3 5 9 106730
16 9 2 2710 3 6 10 101843
16 9 2 2711 3 7 11 124433
16 9 2 2712 3 0 12 100428
16 9 2 2713 3 1 13 102831
16 9 2 2714 3 2 14 101147
16 9 2 2715 3 3 15 98776
16 9 2 2716 3 4 16 113899
16 9 2 2717 3 5 17 107511
16 9 2 2718 3 6 18 97610
16 9 2 2719 3 7 19 96952
16 9 2 2720 3 0 20 100214
16 9 2 2721 3 1 21 100353
16 9 2 2722 3 2 22 106820
16 9 2 2723 3 3 23 109299
16 9 2 2724 3 4 24 111141
16 9 2 2725 3 5 25 112149
16 9 2 2726 3 6 26 108777
16 9 2 2727 3 7 27 104257
16 9 2 2728 3 0 28 99916
16 9 2 2729 3 1 29 101647
16 9 2 2730 3 2 30 103914
16 9 2 2731 3 3 31 104833
16 9 2 2732 3 4 32 103000
16 9 2 2733 3 5 33 91995
16 9 2 2734 3 6 34 110048
16 9 2 2735 3 7 35 104643
16 9 2 2736 3 0 36 101327
16 9 2 2737 3 1 37 100900
16 9 2 2738 3 2 38 106063
16 9 2 2739 3 3 39 102287
16 9 2 2740 3 4 40 107656
16 9 2 2741 3 5 41 114040
16 9 2 2742 3 6 42 92340
16 9 2 2743 3 7 43 103498
16 9 2 2744 3 0 44 100261
16 9 2 2745 3 1 45 102525
16 9 2 2746 3 2 46 106778
16 9 2 2747 3 3 47 98255
16 9 2 2748 3 4 48 105246
16 9 2 2749 3 5 49 106615
16 9 2 2750 3 6 50 105694
16 9 2 2751 3 7 51 93383
16 9 2 2752 3 0 52 101130
16 9 2 2753 3 1 53 103922
16 9 2 2754 3 2 54 103893
16 9 2 2755 3 3 55 104449
16 9 2 2756 3 4 56 102756
16 9 2 2757 3 5 57 112607
16 9 2 2758 3 6 58 113281
16 9 2 2759 3 7 59 117113
16 9 2 2760 3 0 60 101174
16 9 2 2761 3 1 61 98330
16 9 2 2762 3 2 62 106287
16 9 2 2763 3 3 63 109631
16 9 2 2764 3 4 64 101130
16 9 2 2765 3 5 65 106717
16 9 2 2766 3 6 66 90170
16 9 2 2767 3 7 67 103399
16 9 2 2768 3 0 68 100253
16 9 2 2769 3 1 69 103643
16 9 2 2770 3 2 70 106761
16 9 2 2771 3 3 71 98259
16 9 2 2772 3 4 72 112374
16 9 2 2773 3 5 73 111918
16 9 2 2774 3 6 74 102506
16 9 2 2775 3 7 75 121465
16 9 2 2776 3 0 76 100922
16 9 2 2777 3 1 77 96354
16 9 2 2778 3 2 78 103177
16 9 2 2779 3 3 79 104781
16 9 2 2780 3 4 80 90599
16 9 2 2781 3 5 81 110250
16 9 2 2782 3 6 82 102004
16 9 2 2783 3 7 83 97656
16 9 2 2784 3 0 84 101512
16 9 2 2785 3 1 85 99662
16 9 2 2786 3 2 86 104146
16 9 2 2787 3 3 87 99921
16 9 2 2788 3 4 88 94225
16 9 2 2789 3 5 89 99580
16 9 2 2790 3 6 90 107217
16 9 2 2791 3 7 91 110524
16 9 2 2792 3 0 92 101060
16 9 2 2793 3 1 93 100547
16 9 2 2794 3 2 94 100141
16 9 2 2795 3 3 95 109664
16 9 2 2796 3 4 96 97028
16 9 2 2797 3 5 97 112067
16 9 2 2798 3 6 98 112995
16 9 2 2799 3 7 99 100787
16 9 2 2800 3 0 0 101323
16 9 2 2801 3 1 1 97863
16 9 2 2802 3 2 2 106732
16 9 2 2803 3 3 3 100415
16 9 2 2804 3 4 4 103508
16 9 2 2805 3 5 5 117476
16 9 2 2806 3 6 6 85433
16 9 2 2807 3 7 7 108630
16 9 2 2808 3 0 8 102101
16 9 2 2809 3 1 9 100627
16 9 2 2810 3 2 10 98806
16 9 2 2811 3 3 11 108664
16 9 2 2812 3 4 12 105266
16 9 2 2813 3 5 13 112118
16 9 2 2814 3 6 14 97789
16 9 2 2815 3 7 15 90719
16 9 2 2816 3 0 16 102664
16 9 2 2817 3 1 17 102283
16 9 2 2818 3 2 18 100593
16 9 2 2819 3 3 19 99310
16 9 2 2820 3 4 20 100249
16 9 2 2821 3 5 21 107378
16 9 2 2822 3 6 22 111758
16 9 2 2823 3 7 23 116692
16 9 2 2824 3 0 24 102680
16 9 2 2825 3 1 25 103804
16 9 2 2826 3 2 26 100211
16 9 2 2827 3 3 27 103807
16 9 2 2828 3 4 28 97163
16 9 2 2829 3 5 29 112445
16 9 2 2830 3 6 30 114901
16 9 2 2831 3 7 31 98343
16 9 2 2832 3 0 32 100695
16 9 2 2833 3 1 33 97604
16 9 2 2834 3 2 34 102006
16 9 2 2835 3 3 35 102661
16 9 2 2836 3 4 36 106315
16 9 2 2837 3 5 37 101503
16 9 2 2838 3 6 38 122665
16 9 2 2839 3 7 39 102974
16 9 2 2840 3 0 40 102501
16 9 2 2841 3 1 41 104074
16 9 2 2842 3 2 42 95964
16 9 2 2843 3 3 43 106880
16 9 2 2844 3 4 44 100654
16 9 2 2845 3 5 45 109410
16 9 2 2846 3 6 46 123492
16 9 2 2847 3 7 47 101564
16 9 2 2848 3 0 48 101065
16 9 2 2849 3 1 49 101556
16 9 2 2850 3 2 50 101184
16 9 2 2851 3 3 51 93561
16 9 2 2852 3 4 52 107567
16 9 2 2853 3 5 53 111546
16 9 2 2854 3 6 54 117940
16 9 2 2855 3 7 55 97420
16 9 2 2856 3 0 56 100564
16 9 2 2857 3 1 57 103529
16 9 2 2858 3 2 58 101559
16 9 2 2859 3 3 59 107514
16 9 2 2860 3 4 60 107018
16 9 2 2861 3 5 61 98853
16 9 2 2862 3 6 62 118649
16 9 2 2863 3 7 63 123800
16 9 2 2864 3 0 64 100728
16 9 2 2865 3 1 65 101367
16 9 2 2866 3 2 66 94712
16 9 2 2867 3 3 67 100439
16 9 2 2868 3 4 68 101071
16 9 2 2869 3 5 69 111410
16 9 2 2870 3 6 70 124079
16 9 2 2871 3 7 71 100446
16 9 2 2872 3 0 72 102600
16 9 2 2873 3 1 73 102994
16 9 2 2874 3 2 74 101450
16 9 2 2875 3 3 75 107342
16 9 2 2876 3 4 76 103980
16 9 2 2877 3 5 77 89246
16 9 2 2878 3 6 78 104110
16 9 2 2879 3 7 79 114168
16 9 2 2880 3 0 80 98236
16 9 2 2881 3 1 81 101395
16 9 2 2882 3 2 82 98492
16 9 2 2883 3 3 83 99454
16 9 2 2884 3 4 84 106572
16 9 2 2885 3 5 85 98060
16 9 2 2886 3 6 86 113155
16 9 2 2887 3 7 87 99068
16 9 2 2888 3 0 88 98570
16 9 2 2889 3 1 89 101281
16 9 2 2890 3 2 90 99406
16 9 2 2891 3 3 91 99954
16 9 2 2892 3 4 92 106469
16 9 2 2893 3 5 93 108214
16 9 2 2894 3 6 94 102141
16 9 2 2895 3 7 95 123685
16 9 2 2896 3 0 96 99691
16 9 2 2897 3 1 97 103198
16 9 2 2898 3 2 98 105380
16 9 2 2899 3 3 99 93933
16 9 2 2900 3 4 0 106936
16 9 2 2901 3 5 1 90852
16 9 2 2902 3 6 2 124144
16 9 2 2903 3 7 3 105344
16 9 2 2904 3 0 4 100669
16 9 2 2905 3 1 5 103378
16 9 2 2906 3 2 6 95519
16 9 2 2907 3 3 7 104723
16 9 2 2908 3 4 8 110898
16 9 2 2909 3 5 9 106730
16 9 2 2910 3 6 10 101843
16 9 2 2911 3 7 11 124433
16 9 2 2912 3 0 12 100428
16 9 2 2913 3 1 13 102831
16 9 2 2914 3 2 14 101147
16 9 2 2915 3 3 15 98776
16 9 2 2916 3 4 16 113899
16 9 2 2917 3 5 17 107511
16 9 2 2918 3 6 18 97610
16 9 2 2919 3 7 19 96952
16 9 2 2920 3 0 20 100214
16 9 2 2921 3 1 21 100353
16 9 2 2922 3 2 22 106820
16 9 2 2923 3 3 23 109299
16 9 2 2924 3 4 24 111141
16 9 2 2925 3 5 25 112149
16 9 2 2926 3 6 26 108777
16 9 2 2927 3 7 27 104257
16 9 2 2928 3 0 28 99916
16 9 2 2929 3 1 29 101647
16 9 2 2930 3 2 30 103914
16 9 2 2931 3 3 31 104833
16 9 2 2932 3 4 32 103000
16 9 2 2933 3 5 33 91995
16 9 2 2934 3 6 34 110048
16 9 2 2935 3 7 35 104643
16 9 2 2936 3 0 36 101327
16 9 2 2937 3 1 37 100900
16 9 2 2938 3 2 38 106063
16 9 2 2939 3 3 39 102287
16 9 2 2940 3 4 40 107656
16 9 2 2941 3 5 41 114040
16 9 2 2942 3 6 42 92340
16 9 2 2943 3 7 43 103498
16 9 2 2944 3 0 44 100261
16 9 2 2945 3 1 45 102525
16 9 2 2946 3 2 46 106778
16 9 2 2947 3 3 47 98255
16 9 2 2948 3 4 48 105246
16 9 2 2949 3 5 49 106615
16 9 2 2950 3 6 50 105694
16 9 2 2951 3 7 51 93383
16 9 2 2952 3 0 52 101130
16 9 2 2953 3 1 53 103922
16 9 2 2954 3 2 54 103893
16 9 2 2955 3 3 55 104449
16 9 2 2956 3 4 56 102756
16 9 2 2957 3 5 57 112607
16 9 2 2958 3 6 58 113281
16 9 2 2959 3 7 59 117113
16 9 2 2960 3 0 60 101174
16 9 2 2961 3 1 61 98330
16 9 2 2962 3 2 62 106287
16 9 2 2963 3 3 63 109631
16 9 2 2964 3 4 64 101130
16 9 2 2965 3 5 65 106717
16 9 2 2966 3 6 66 90170
16 9 2 2967 3 7 67 103399
16 9 2 2968 3 0 68 100253
16 9 2 2969 3 1 69 103643
16 9 2 2970 3 2 70 106761
16 9 2 2971 3 3 71 98259
16 9 2 2972 3 4 72 112374
16 9 2 2973 3 5 73 111918
16 9 2 2974 3 6 74 102506
16 9 2 2975 3 7 75 121465
16 9 2 2976 3 0 76 100922
16 9 2 2977 3 1 77 96354
16 9 2 2978 3 2 78 103177
16 9 2 2979 3 3 79 104781
16 9 2 2980 3 4 80 90599
16 9 2 2981 3 5 81 110250
16 9 2 2982 3 6 82 102004
16 9 2 2983 3 7 83 97656
16 9 2 2984 3 0 84 101512
16 9 2 2985 3 1 85 99662
16 9 2 2986 3 2 86 104146
16 9 2 2987 3 3 87 99921
16 9 2 2988 3 4 88 94225
16 9 2 2989 3 5 89 99580
16 9 2 2990 3 6 90 107217
16 9 2 2991 3 7 91 110524
16 9 2 2992 3 0 92 101060
16 9 2 2993 3 1 93 100547
16 9 2 2994 3 2 94 100141
16 9 2 2995 3 3 95 109664
16 9 2 2996 3 4 96 97028
16 9 2 2997 3 5 97 112067
16 9 2 2998 3 6 98 112995
16 9 2 2999 3 7 99 100787
16 9 3 2700 3 4 0 108649
16 9 3 2701 3 5 1 86325
16 9 3 2702 3 6 2 126529
16 9 3 2703 3 7 3 103660
16 9 3 2704 3 0 4 99443
16 9 3 2705 3 1 5 105468
16 9 3 2706 3 2 6 96284
16 9 3 2707 3 3 7 105769
16 9 3 2708 3 4 8 105280
16 9 3 2709 3 5 9 116893
16 9 3 2710 3 6 10 109534
16 9 3 2711 3 7 11 132685
16 9 3 2712 3 0 12 101779
16 9 3 2713 3 1 13 104904
16 9 3 2714 3 2 14 98646
16 9 3 2715 3 3 15 103373
16 9 3 2716 3 4 16 108133
16 9 3 2717 3 5 17 114421
16 9 3 2718 3 6 18 103699
16 9 3 2719 3 7 19 96425
16 9 3 2720 3 0 20 100370
16 9 3 2721 3 1 21 100550
16 9 3 2722 3 2 22 107206
16 9 3 2723 3 3 23 109360
16 9 3 2724 3 4 24 118626
16 9 3 2725 3 5 25 120001
16 9 3 2726 3 6 26 117709
16 9 3 2727 3 7 27 104066
16 9 3 2728 3 0 28 101142
16 9 3 2729 3 1 29 103531
16 9 3 2730 3 2 30 102266
16 9 3 2731 3 3 31 107139
16 9 3 2732 3 4 32 97743
16 9 3 2733 3 5 33 94341
16 9 3 2734 3 6 34 111555
16 9 3 2735 3 7 35 109715
16 9 3 2736 3 0 36 100325
16 9 3 2737 3 1 37 99428
16 9 3 2738 3 2 38 109360
16 9 3 2739 3 3 39 107131
16 9 3 2740 3 4 40 114931
16 9 3 2741 3 5 41 115760
16 9 3 2742 3 6 42 95313
16 9 3 2743 3 7 43 99812
16 9 3 2744 3 0 44 101129
16 9 3 2745 3 1 45 101063
16 9 3 2746 3 2 46 103402
16 9 3 2747 3 3 47 102830
16 9 3 2748 3 4 48 104868
16 9 3 2749 3 5 49 117031
16 9 3 2750 3 6 50 99402
16 9 3 2751 3 7 51 104630
16 9 3 2752 3 0 52 102498
16 9 3 2753 3 1 53 103914
16 9 3 2754 3 2 54 101767
16 9 3 2755 3 3 55 109353
16 9 3 2756 3 4 56 109602
16 9 3 2757 3 5 57 117620
16 9 3 2758 3 6 58 126090
16 9 3 2759 3 7 59 125237
16 9 3 2760 3 0 60 101544
16 9 3 2761 3 1 61 98809
16 9 3 2762 3 2 62 103636
16 9 3 2763 3 3 63 104819
16 9 3 2764 3 4 64 107905
16 9 3 2765 3 5 65 100546
16 9 3 2766 3 6 66 100484
16 9 3 2767 3 7 67 109354
16 9 3 2768 3 0 68 101609
16 9 3 2769 3 1 69 103855
16 9 3 2770 3 2 70 110385
16 9 3 2771 3 3 71 93839
16 9 3 2772 3 4 72 119971
16 9 3 2773 3 5 73 104703
16 9 3 2774 3 6 74 93722
16 9 3 2775 3 7 75 122457
16 9 3 2776 3 0 76 99838
16 9 3 2777 3 1 77 98107
16 9 3 2778 3 2 78 106532
16 9 3 2779 3 3 79 106349
16 9 3 2780 3 4 80 96711
16 9 3 2781 3 5 81 120932
16 9 3 2782 3 6 82 104745
16 9 3 2783 3 7 83 97456
16 9 3 2784 3 0 84 102898
16 9 3 2785 3 1 85 101660
16 9 3 2786 3 2 86 107692
16 9 3 2787 3 3 87 96404
16 9 3 2788 3 4 88 100256
16 9 3 2789 3 5 89 102628
16 9 3 2790 3 6 90 111741
16 9 3 2791 3 7 91 125547
16 9 3 2792 3 0 92 102412
16 9 3 2793 3 1 93 99060
16 9 3 2794 3 2 94 103538
16 9 3 2795 3 3 95 105804
16 9 3 2796 3 4 96 97328
16 9 3 2797 3 5 97 117942
16 9 3 2798 3 6 98 110202
16 9 3 2799 3 7 99 98916
16 9 3 2800 3 0 0 101660
16 9 3 2801 3 1 1 96744
16 9 3 2802 3 2 2 104050
16 9 3 2803 3 3 3 100862
16 9 3 2804 3 4 4 97391
16 9 3 2805 3 5 5 129331
16 9 3 2806 3 6 6 89538
16 9 3 2807 3 7 7 115452
16 9 3 2808 3 0 8 101100
16 9 3 2809 3 1 9 102647
16 9 3 2810 3 2 10 102138
16 9 3 2811 3 3 11 109193
16 9 3 2812 3 4 12 112374
16 9 3 2813 3 5 13 121282
16 9 3 2814 3 6 14 94396
16 9 3 2815 3 7 15 101360
16 9 3 2816 3 0 16 101645
16 9 3 2817 3 1 17 103403
16 9 3 2818 3 2 18 103889
16 9 3 2819 3 3 19 95486
16 9 3 2820 3 4 20 100943
16 9 3 2821 3 5 21 112211
16 9 3 2822 3 6 22 119902
16 9 3 2823 3 7 23 126749
16 9 3 2824 3 0 24 104036
16 9 3 2825 3 1 25 105904
16 9 3 2826 3 2 26 103507
16 9 3 2827 3 3 27 108123
16 9 3 2828 3 4 28 103129
16 9 3 2829 3 5 29 118239
16 9 3 2830 3 6 30 113627
16 9 3 2831 3 7 31 108893
16 9 3 2832 3 0 32 99695
16 9 3 2833 3 1 33 97806
16 9 3 2834 3 2 34 105409
16 9 3 2835 3 3 35 98589
16 9 3 2836 3 4 36 105070
16 9 3 2837 3 5 37 95505
16 9 3 2838 3 6 38 128388
16 9 3 2839 3 7 39 116738
16 9 3 2840 3 0 40 103887
16 9 3 2841 3 1 41 106029
16 9 3 2842 3 2 42 93347
16 9 3 2843 3 3 43 103114
16 9 3 2844 3 4 44 107004
16 9 3 2845 3 5 45 103172
16 9 3 2846 3 6 46 110447
16 9 3 2847 3 7 47 115062
16 9 3 2848 3 0 48 101033
16 9 3 2849 3 1 49 103549
16 9 3 2850 3 2 50 100211
16 9 3 2851 3 3 51 97083
16 9 3 2852 3 4 52 114841
16 9 3 2853 3 5 53 116334
16 9 3 2854 3 6 54 122203
16 9 3 2855 3 7 55 110493
16 9 3 2856 3 0 56 101894
16 9 3 2857 3 1 57 105600
16 9 3 2858 3 2 58 104978
16 9 3 2859 3 3 59 105959
16 9 3 2860 3 4 60 108956
16 9 3 2861 3 5 61 101298
16 9 3 2862 3 6 62 122425
16 9 3 2863 3 7 63 127544
16 9 3 2864 3 0 64 102004
16 9 3 2865 3 1 65 99518
16 9 3 2866 3 2 66 97873
16 9 3 2867 3 3 67 101769
16 9 3 2868 3 4 68 107910
16 9 3 2869 3 5 69 115461
16 9 3 2870 3 6 70 138378
16 9 3 2871 3 7 71 97024
16 9 3 2872 3 0 72 103971
16 9 3 2873 3 1 73 101445
16 9 3 2874 3 2 74 98920
16 9 3 2875 3 3 75 107686
16 9 3 2876 3 4 76 98352
16 9 3 2877 3 5 77 97424
16 9 3 2878 3 6 78 110031
16 9 3 2879 3 7 79 122958
16 9 3 2880 3 0 80 99565
16 9 3 2881 3 1 81 103440
16 9 3 2882 3 2 82 98142
16 9 3 2883 3 3 83 95928
16 9 3 2884 3 4 84 112685
16 9 3 2885 3 5 85 106807
16 9 3 2886 3 6 86 119265
16 9 3 2887 3 7 87 96188
16 9 3 2888 3 0 88 99889
16 9 3 2889 3 1 89 99697
16 9 3 2890 3 2 90 100217
16 9 3 2891 3 3 91 104728
16 9 3 2892 3 4 92 113625
16 9 3 2893 3 5 93 107378
16 9 3 2894 3 6 94 113849
16 9 3 2895 3 7 95 119886
16 9 3 2896 3 0 96 99632
16 9 3 2897 3 1 97 105240
16 9 3 2898 3 2 98 102382
16 9 3 2899 3 3 99 92586
16 9 3 2900 3 4 0 108649
16 9 3 2901 3 5 1 86325
16 9 3 2902 3 6 2 126529
16 9 3 2903 3 7 3 103660
16 9 3 2904 3 0 4 99443
16 9 3 2905 3 1 5 105468
16 9 3 2906 3 2 6 96284
16 9 3 2907 3 3 7 105769
16 9 3 2908 3 4 8 105280
16 9 3 2909 3 5 9 116893
16 9 3 2910 3 6 10 109534
16 9 3 2911 3 7 11 132685
16 9 3 2912 3 0 12 101779
16 9 3 2913 3 1 13 104904
16 9 3 2914 3 2 14 98646
16 9 3 2915 3 3 15 103373
16 9 3 2916 3 4 16 108133
16 9 3 2917 3 5 17 114421
16 9 3 2918 3 6 18 103699
16 9 3 2919 3 7 19 96425
16 9 3 2920 3 0 20 100370
16 9 3 2921 3 1 21 100550
16 9 3 2922 3 2 22 107206
16 9 3 2923 3 3 23 109360
16 9 3 2924 3 4 24 118626
16 9 3 2925 3 5 25 120001
16 9 3 2926 3 6 26 117709
16 9 3 2927 3 7 27 104066
16 9 3 2928 3 0 28 101142
16 9 3 2929 3 1 29 103531
16 9 3 2930 3 2 30 102266
16 9 3 2931 3 3 31 107139
16 9 3 2932 3 4 32 97743
16 9 3 2933 3 5 33 94341
16 9 3 2934 3 6 34 111555
16 9 3 2935 3 7 35 109715
16 9 3 2936 3 0 36 100325
16 9 3 2937 3 1 37 99428
16 9 3 2938 3 2 38 109360
16 9 3 2939 3 3 39 107131
16 9 3 2940 3 4 40 114931
16 9 3 2941 3 5 41 115760
16 9 3 2942 3 6 42 95313
16 9 3 2943 3 7 43 99812
16 9 3 2944 3 0 44 101129
16 9 3 2945 3 1 45 101063
16 9 3 2946 3 2 46 103402
16 9 3 2947 3 3 47 102830
16 9 3 2948 3 4 48 104868
16 9 3 2949 3 5 49 117031
16 9 3 2950 3 6 50 99402
16 9 3 2951 3 7 51 104630
16 9 3 2952 3 0 52 102498
16 9 3 2953 3 1 53 103914
16 9 3 2954 3 2 54 101767
16 9 3 2955 3 3 55 109353
16 9 3 2956 3 4 56 109602
16 9 3 2957 3 5 57 117620
16 9 3 2958 3 6 58 126090
16 9 3 2959 3 7 59 125237
16 9 3 2960 3 0 60 101544
16 9 3 2961 3 1 61 98809
16 9 3 2962 3 2 62 103636
16 9 3 2963 3 3 63 104819
16 9 3 2964 3 4 64 107905
16 9 3 2965 3 5 65 100546
16 9 3 2966 3 6 66 100484
16 9 3 2967 3 7 67 109354
16 9 3 2968 3 0 68 101609
16 9 3 2969 3 1 69 103855
16 9 3 2970 3 2 70 110385
16 9 3 2971 3 3 71 93839
16 9 3 2972 3 4 72 119971
16 9 3 2973 3 5 73 104703
16 9 3 2974 3 6 74 93722
16 9 3 2975 3 7 75 122457
16 9 3 2976 3 0 76 99838
16 9 3 2977 3 1 77 98107
16 9 3 2978 3 2 78 106532
16 9 3 2979 3 3 79 106349
16 9 3 2980 3 4 80 96711
16 9 3 2981 3 5 81 120932
16 9 3 2982 3 6 82 104745
16 9 3 2983 3 7 83 97456
16 9 3 2984 3 0 84 102898
16 9 3 2985 3 1 85 101660
16 9 3 2986 3 2 86 107692
16 9 3 2987 3 3 87 96404
16 9 3 2988 3 4 88 100256
16 9 3 2989 3 5 89 102628
16 9 3 2990 3 6 90 111741
16 9 3 2991 3 7 91 125547
16 9 3 2992 3 0 92 102412
16 9 3 2993 3 1 93 99060
16 9 3 2994 3 2 94 103538
16 9 3 2995 3 3 95 105804
16 9 3 2996 3 4 96 97328
16 9 3 2997 3 5 97 117942
16 9 3 2998 3 6 98 110202
16 9 3 2999 3 7 99 98916
16 9 4 2700 3 4 0 115226
16 9 4 2701 3 5 1 95121
16 9 4 2702 3 6 2 129498
16 9 4 2703 3 7 3 114296
16 9 4 2704 3 0 4 98995
16 9 4 2705 3 1 5 105408
16 9 4 2706 3 2 6 99539
16 9 4 2707 3 3 7 110770
16 9 4 2708 3 4 8 104420
16 9 4 2709 3 5 9 123718
16 9 4 2710 3 6 10 117664
16 9 4 2711 3 7 11 139372
16 9 4 2712 3 0 12 100676
16 9 4 2713 3 1 13 104155
16 9 4 2714 3 2 14 99223
16 9 4 2715 3 3 15 108233
16 9 4 2716 3 4 16 108411
16 9 4 2717 3 5 17 111099
16 9 4 2718 3 6 18 111976
16 9 4 2719 3 7 19 108065
16 9 4 2720 3 0 20 99928
16 9 4 2721 3 1 21 102232
16 9 4 2722 3 2 22 110839
16 9 4 2723 3 3 23 110520
16 9 4 2724 3 4 24 117075
16 9 4 2725 3 5 25 124830
16 9 4 2726 3 6 26 128267
16 9 4 2727 3 7 27 98424
16 9 4 2728 3 0 28 101553
16 9 4 2729 3 1 29 105551
16 9 4 2730 3 2 30 101171
16 9 4 2731 3 3 31 108267
16 9 4 2732 3 4 32 98409
16 9 4 2733 3 5 33 101779
16 9 4 2734 3 6 34 107906
16 9 4 2735 3 7 35 124508
16 9 4 2736 3 0 36 100403
16 9 4 2737 3 1 37 101397
16 9 4 2738 3 2 38 108166
16 9 4 2739 3 3 39 103796
16 9 4 2740 3 4 40 122587
16 9 4 2741 3 5 41 113718
16 9 4 2742 3 6 42 106253
16 9 4 2743 3 7 43 99469
16 9 4 2744 3 0 44 100753
16 9 4 2745 3 1 45 101719
16 9 4 2746 3 2 46 104156
16 9 4 2747 3 3 47 107579
16 9 4 2748 3 4 48 111584
16 9 4 2749 3 5 49 118824
16 9 4 2750 3 6 50 103869
16 9 4 2751 3 7 51 117268
16 9 4 2752 3 0 52 101217
16 9 4 2753 3 1 53 105851
16 9 4 2754 3 2 54 105219
16 9 4 2755 3 3 55 114559
16 9 4 2756 3 4 56 111900
16 9 4 2757 3 5 57 125495
16 9 4 2758 3 6 58 138958
16 9 4 2759 3 7 59 126305
16 9 4 2760 3 0 60 101861
16 9 4 2761 3 1 61 100814
16 9 4 2762 3 2 62 104380
16 9 4 2763 3 3 63 100365
16 9 4 2764 3 4 64 101241
16 9 4 2765 3 5 65 110702
16 9 4 2766 3 6 66 98920
16 9 4 2767 3 7 67 106247
16 9 4 2768 3 0 68 101173
16 9 4 2769 3 1 69 105908
16 9 4 2770 3 2 70 114012
16 9 4 2771 3 3 71 98249
16 9 4 2772 3 4 72 122051
16 9 4 2773 3 5 73 106753
16 9 4 2774 3 6 74 96887
16 9 4 2775 3 7 75 121360
16 9 4 2776 3 0 76 100217
16 9 4 2777 3 1 77 97169
16 9 4 2778 3 2 78 107765
16 9 4 2779 3 3 79 101720
16 9 4 2780 3 4 80 94653
16 9 4 2781 3 5 81 123536
16 9 4 2782 3 6 82 107313
16 9 4 2783 3 7 83 103752
16 9 4 2784 3 0 84 103935
16 9 4 2785 3 1 85 101660
16 9 4 2786 3 2 86 108440
16 9 4 2787 3 3 87 96444
16 9 4 2788 3 4 88 94826
16 9 4 2789 3 5 89 111349
16 9 4 2790 3 6 90 111159
16 9 4 2791 3 7 91 136707
16 9 4 2792 3 0 92 103182
16 9 4 2793 3 1 93 100984
16 9 4 2794 3 2 94 105452
16 9 4 2795 3 3 95 110744
16 9 4 2796 3 4 96 103515
16 9 4 2797 3 5 97 125399
16 9 4 2798 3 6 98 112926
16 9 4 2799 3 7 99 97154
16 9 4 2800 3 0 0 103013
16 9 4 2801 3 1 1 98726
16 9 4 2802 3 2 2 102812
16 9 4 2803 3 3 3 105656
16 9 4 2804 3 4 4 95271
16 9 4 2805 3 5 5 124151
16 9 4 2806 3 6 6 93633
16 9 4 2807 3 7 7 129129
16 9 4 2808 3 0 8 100968
16 9 4 2809 3 1 9 102728
16 9 4 2810 3 2 10 105520
16 9 4 2811 3 3 11 110295
16 9 4 2812 3 4 12 106328
16 9 4 2813 3 5 13 119662
16 9 4 2814 3 6 14 97249
16 9 4 2815 3 7 15 104186
16 9 4 2816 3 0 16 101645
16 9 4 2817 3 1 17 101970
16 9 4 2818 3 2 18 104683
16 9 4 2819 3 3 19 100043
16 9 4 2820 3 4 20 98810
16 9 4 2821 3 5 21 122613
16 9 4 2822 3 6 22 125417
16 9 4 2823 3 7 23 127492
16 9 4 2824 3 0 24 103539
16 9 4 2825 3 1 25 107483
16 9 4 2826 3 2 26 107011
16 9 4 2827 3 3 27 103426
16 9 4 2828 3 4 28 104696
16 9 4 2829 3 5 29 129937
16 9 4 2830 3 6 30 113196
16 9 4 2831 3 7 31 115594
16 9 4 2832 3 0 32 99593
16 9 4 2833 3 1 33 99371
16 9 4 2834 3 2 34 104273
16 9 4 2835 3 3 35 103244
16 9 4 2836 3 4 36 107055
16 9 4 2837 3 5 37 104185
16 9 4 2838 3 6 38 133864
16 9 4 2839 3 7 39 117945
16 9 4 2840 3 0 40 105168
16 9 4 2841 3 1 41 104970
16 9 4 2842 3 2 42 96490
16 9 4 2843 3 3 43 107001
16 9 4 2844 3 4 44 106883
16 9 4 2845 3 5 45 107061
16 9 4 2846 3 6 46 113766
16 9 4 2847 3 7 47 125855
16 9 4 2848 3 0 48 102289
16 9 4 2849 3 1 49 102929
16 9 4 2850 3 2 50 102771
16 9 4 2851 3 3 51 100656
16 9 4 2852 3 4 52 112404
16 9 4 2853 3 5 53 124054
16 9 4 2854 3 6 54 135995
16 9 4 2855 3 7 55 125232
16 9 4 2856 3 0 56 101753
16 9 4 2857 3 1 57 105806
16 9 4 2858 3 2 58 108513
16 9 4 2859 3 3 59 103453
16 9 4 2860 3 4 60 110967
16 9 4 2861 3 5 61 109642
16 9 4 2862 3 6 62 125592
16 9 4 2863 3 7 63 127345
16 9 4 2864 3 0 64 100787
16 9 4 2865 3 1 65 101531
16 9 4 2866 3 2 66 97021
16 9 4 2867 3 3 67 101432
16 9 4 2868 3 4 68 105553
16 9 4 2869 3 5 69 126378
16 9 4 2870 3 6 70 148607
16 9 4 2871 3 7 71 109628
16 9 4 2872 3 0 72 104238
16 9 4 2873 3 1 73 99826
16 9 4 2874 3 2 74 99812
16 9 4 2875 3 3 75 102708
16 9 4 2876 3 4 76 101190
16 9 4 2877 3 5 77 95027
16 9 4 2878 3 6 78 118261
16 9 4 2879 3 7 79 123292
16 9 4 2880 3 0 80 99267
16 9 4 2881 3 1 81 103906
16 9 4 2882 3 2 82 98810
16 9 4 2883 3 3 83 96874
16 9 4 2884 3 4 84 118198
16 9 4 2885 3 5 85 106941
16 9 4 2886 3 6 86 124837
16 9 4 2887 3 7 87 97973
16 9 4 2888 3 0 88 98641
16 9 4 2889 3 1 89 101590
16 9 4 2890 3 2 90 100195
16 9 4 2891 3 3 91 106350
16 9 4 2892 3 4 92 117848
16 9 4 2893 3 5 93 118084
16 9 4 2894 3 6 94 119219
16 9 4 2895 3 7 95 128141
16 9 4 2896 3 0 96 100850
16 9 4 2897 3 1 97 107212
16 9 4 2898 3 2 98 103142
16 9 4 2899 3 3 99 89146
16 9 4 2900 3 4 0 115226
16 9 4 2901 3 5 1 95121
16 9 4 2902 3 6 2 129498
16 9 4 2903 3 7 3 114296
16 9 4 2904 3 0 4 98995
16 9 4 2905 3 1 5 105408
16 9 4 2906 3 2 6 99539
16 9 4 2907 3 3 7 110770
16 9 4 2908 3 4 8 104420
16 9 4 2909 3 5 9 123718
16 9 4 2910 3 6 10 117664
16 9 4 2911 3 7 11 139372
16 9 4 2912 3 0 12 100676
16 9 4 2913 3 1 13 104155
16 9 4 2914 3 2 14 99223
16 9 4 2915 3 3 15 108233
16 9 4 2916 3 4 16 108411
16 9 4 2917 3 5 17 111099
16 9 4 2918 3 6 18 111976
16 9 4 2919 3 7 19 108065
16 9 4 2920 3 0 20 99928
16 9 4 2921 3 1 21 102232
16 9 4 2922 3 2 22 110839
16 9 4 2923 3 3 23 110520
16 9 4 2924 3 4 24 117075
16 9 4 2925 3 5 25 124830
16 9 4 2926 3 6 26 128267
16 9 4 2927 3 7 27 98424
16 9 4 2928 3 0 28 101553
16 9 4 2929 3 1 29 105551
16 9 4 2930 3 2 30 101171
16 9 4 2931 3 3 31 108267
16 9 4 2932 3 4 32 98409
16 9 4 2933 3 5 33 101779
16 9 4 2934 3 6 34 107906
16 9 4 2935 3 7 35 124508
16 9 4 2936 3 0 36 100403
16 9 4 2937 3 1 37 101397
16 9 4 2938 3 2 38 108166
16 9 4 2939 3 3 39 103796
16 9 4 2940 3 4 40 122587
16 9 4 2941 3 5 41 113718
16 9 4 2942 3 6 42 106253
16 9 4 2943 3 7 43 99469
16 9 4 2944 3 0 44 100753
16 9 4 2945 3 1 45 101719
16 9 4 2946 3 2 46 104156
16 9 4 2947 3 3 47 107579
16 9 4 2948 3 4 48 111584
16 9 4 2949 3 5 49 118824
16 9 4 2950 3 6 50 103869
16 9 4 2951 3 7 51 117268
16 9 4 2952 3 0 52 101217
16 9 4 2953 3 1 53 105851
16 9 4 2954 3 2 54 105219
16 9 4 2955 3 3 55 114559
16 9 4 2956 3 4 56 111900
16 9 4 2957 3 5 57 125495
16 9 4 2958 3 6 58 138958
16 9 4 2959 3 7 59 126305
16 9 4 2960 3 0 60 101861
16 9 4 2961 3 1 61 100814
16 9 4 2962 3 2 62 104380
16 9 4 2963 3 3 63 100365
16 9 4 2964 3 4 64 101241
16 9 4 2965 3 5 65 110702
16 9 4 2966 3 6 66 98920
16 9 4 2967 3 7 67 106247
16 9 4 2968 3 0 68 101173
16 9 4 2969 3 1 69 105908
16 9 4 2970 3 2 70 114012
16 9 4 2971 3 3 71 98249
16 9 4 2972 3 4 72 122051
16 9 4 2973 3 5 73 106753
16 9 4 2974 3 6 74 96887
16 9 4 2975 3 7 75 121360
16 9 4 2976 3 0 76 100217
16 9 4 2977 3 1 77 97169
16 9 4 2978 3 2 78 107765
16 9 4 2979 3 3 79 101720
16 9 4 2980 3 4 80 94653
16 9 4 2981 3 5 81 123536
16 9 4 2982 3 6 82 107313
16 9 4 2983 3 7 83 103752
16 9 4 2984 3 0 84 103935
16 9 4 2985 3 1 85 101660
16 9 4 2986 3 2 86 108440
16 9 4 2987 3 3 87 96444
16 9 4 2988 3 4 88 94826
16 9 4 2989 3 5 89 111349
16 9 4 2990 3 6 90 111159
16 9 4 2991 3 7 91 136707
16 9 4 2992 3 0 92 103182
16 9 4 2993 3 1 93 100984
16 9 4 2994 3 2 94 105452
16 9 4 2995 3 3 95 110744
16 9 4 2996 3 4 96 103515
16 9 4 2997 3 5 97 125399
16 9 4 2998 3 6 98 112926
16 9 4 2999 3 7 99 97154
16 9 5 2700 3 4 0 121341
16 9 5 2701 3 5 1 95145
16 9 5 2702 3 6 2 131879
16 9 5 2703 3 7 3 126590
16 9 5 2704 3 0 4 97799
16 9 5 2705 3 1 5 106865
16 9 5 2706 3 2 6 96229
16 9 5 2707 3 3 7 109444
16 9 5 2708 3 4 8 103958
16 9 5 2709 3 5 9 117702
16 9 5 2710 3 6 10 105806
16 9 5 2711 3 7 11 142081
16 9 5 2712 3 0 12 101659
16 9 5 2713 3 1 13 105348
16 9 5 2714 3 2 14 102572
16 9 5 2715 3 3 15 110121
16 9 5 2716 3 4 16 115516
16 9 5 2717 3 5 17 119175
16 9 5 2718 3 6 18 118704
16 9 5 2719 3 7 19 108801
16 9 5 2720 3 0 20 99501
16 9 5 2721 3 1 21 104274
16 9 5 2722 3 2 22 114558
16 9 5 2723 3 3 23 112031
16 9 5 2724 3 4 24 109178
16 9 5 2725 3 5 25 114583
16 9 5 2726 3 6 26 124711
16 9 5 2727 3 7 27 91032
16 9 5 2728 3 0 28 102499
16 9 5 2729 3 1 29 107694
16 9 5 2730 3 2 30 99971
16 9 5 2731 3 3 31 111970
16 9 5 2732 3 4 32 96016
16 9 5 2733 3 5 33 109412
16 9 5 2734 3 6 34 113195
16 9 5 2735 3 7 35 137696
16 9 5 2736 3 0 36 100464
16 9 5 2737 3 1 37 99586
16 9 5 2738 3 2 38 111802
16 9 5 2739 3 3 39 98970
16 9 5 2740 3 4 40 125462
16 9 5 2741 3 5 41 102962
16 9 5 2742 3 6 42 110326
16 9 5 2743 3 7 43 93091
16 9 5 2744 3 0 44 101716
16 9 5 2745 3 1 45 100945
16 9 5 2746 3 2 46 106652
16 9 5 2747 3 3 47 102574
16 9 5 2748 3 4 48 110234
16 9 5 2749 3 5 49 120457
16 9 5 2750 3 6 50 114115
16 9 5 2751 3 7 51 129805
16 9 5 2752 3 0 52 101080
16 9 5 2753 3 1 53 106145
16 9 5 2754 3 2 54 105712
16 9 5 2755 3 3 55 113468
16 9 5 2756 3 4 56 119445
16 9 5 2757 3 5 57 125684
16 9 5 2758 3 6 58 151757
16 9 5 2759 3 7 59 112602
16 9 5 2760 3 0 60 101896
16 9 5 2761 3 1 61 100814
16 9 5 2762 3 2 62 106922
16 9 5 2763 3 3 63 97587
16 9 5 2764 3 4 64 101241
16 9 5 2765 3 5 65 105535
16 9 5 2766 3 6 66 100578
16 9 5 2767 3 7 67 120325
16 9 5 2768 3 0 68 101356
16 9 5 2769 3 1 69 108024
16 9 5 2770 3 2 70 112282
16 9 5 2771 3 3 71 98985
16 9 5 2772 3 4 72 121719
16 9 5 2773 3 5 73 114510
16 9 5 2774 3 6 74 89279
16 9 5 2775 3 7 75 123016
16 9 5 2776 3 0 76 99900
16 9 5 2777 3 1 77 98923
16 9 5 2778 3 2 78 108245
16 9 5 2779 3 3 79 97878
16 9 5 2780 3 4 80 101001
16 9 5 2781 3 5 81 121188
16 9 5 2782 3 6 82 109901
16 9 5 2783 3 7 83 95014
16 9 5 2784 3 0 84 104759
16 9 5 2785 3 1 85 102988
16 9 5 2786 3 2 86 104852
16 9 5 2787 3 3 87 100843
16 9 5 2788 3 4 88 99401
16 9 5 2789 3 5 89 112923
16 9 5 2790 3 6 90 113839
16 9 5 2791 3 7 91 142804
16 9 5 2792 3 0 92 104175
16 9 5 2793 3 1 93 99041
16 9 5 2794 3 2 94 107962
16 9 5 2795 3 3 95 105698
16 9 5 2796 3 4 96 108327
16 9 5 2797 3 5 97 134445
16 9 5 2798 3 6 98 116906
16 9 5 2799 3 7 99 91193
16 9 5 2800 3 0 0 104296
16 9 5 2801 3 1 1 98721
16 9 5 2802 3 2 2 99394
16 9 5 2803 3 3 3 110641
16 9 5 2804 3 4 4 92056
16 9 5 2805 3 5 5 125695
16 9 5 2806 3 6 6 97119
16 9 5 2807 3 7 7 130912
16 9 5 2808 3 0 8 101173
16 9 5 2809 3 1 9 102465
16 9 5 2810 3 2 10 102522
16 9 5 2811 3 3 11 105291
16 9 5 2812 3 4 12 110820
16 9 5 2813 3 5 13 116432
16 9 5 2814 3 6 14 108366
16 9 5 2815 3 7 15 110397
16 9 5 2816 3 0 16 102579
16 9 5 2817 3 1 17 103465
16 9 5 2818 3 2 18 104711
16 9 5 2819 3 3 19 103597
16 9 5 2820 3 4 20 96452
16 9 5 2821 3 5 21 134863
16 9 5 2822 3 6 22 138360
16 9 5 2823 3 7 23 132588
16 9 5 2824 3 0 24 102155
16 9 5 2825 3 1 25 105225
16 9 5 2826 3 2 26 105371
16 9 5 2827 3 3 27 103205
16 9 5 2828 3 4 28 109669
16 9 5 2829 3 5 29 139584
16 9 5 2830 3 6 30 116097
16 9 5 2831 3 7 31 128559
16 9 5 2832 3 0 32 99280
16 9 5 2833 3 1 33 100768
16 9 5 2834 3 2 34 106821
16 9 5 2835 3 3 35 106052
16 9 5 2836 3 4 36 109076
16 9 5 2837 3 5 37 97772
16 9 5 2838 3 6 38 139064
16 9 5 2839 3 7 39 119875
16 9 5 2840 3 0 40 105989
16 9 5 2841 3 1 41 102902
16 9 5 2842 3 2 42 94108
16 9 5 2843 3 3 43 108884
16 9 5 2844 3 4 44 111985
16 9 5 2845 3 5 45 101881
16 9 5 2846 3 6 46 123760
16 9 5 2847 3 7 47 123829
16 9 5 2848 3 0 48 102174
16 9 5 2849 3 1 49 100747
16 9 5 2850 3 2 50 105217
16 9 5 2851 3 3 51 104091
16 9 5 2852 3 4 52 113850
16 9 5 2853 3 5 53 130445
16 9 5 2854 3 6 54 133643
16 9 5 2855 3 7 55 122367
16 9 5 2856 3 0 56 103125
16 9 5 2857 3 1 57 107028
16 9 5 2858 3 2 58 111156
16 9 5 2859 3 3 59 98659
16 9 5 2860 3 4 60 110991
16 9 5 2861 3 5 61 111289
16 9 5 2862 3 6 62 134600
16 9 5 2863 3 7 63 133555
16 9 5 2864 3 0 64 100815
16 9 5 2865 3 1 65 99492
16 9 5 2866 3 2 66 97021
16 9 5 2867 3 3 67 106159
16 9 5 2868 3 4 68 106720
16 9 5 2869 3 5 69 138966
16 9 5 2870 3 6 70 141025
16 9 5 2871 3 7 71 119027
16 9 5 2872 3 0 72 102899
16 9 5 2873 3 1 73 101246
16 9 5 2874 3 2 74 96662
16 9 5 2875 3 3 75 106180
16 9 5 2876 3 4 76 99718
16 9 5 2877 3 5 77 100074
16 9 5 2878 3 6 78 126166
16 9 5 2879 3 7 79 131060
16 9 5 2880 3 0 80 100545
16 9 5 2881 3 1 81 104137
16 9 5 2882 3 2 82 96498
16 9 5 2883 3 3 83 92167
16 9 5 2884 3 4 84 123343
16 9 5 2885 3 5 85 113658
16 9 5 2886 3 6 86 110680
16 9 5 2887 3 7 87 107153
16 9 5 2888 3 0 88 99604
16 9 5 2889 3 1 89 101872
16 9 5 2890 3 2 90 102656
16 9 5 2891 3 3 91 107221
16 9 5 2892 3 4 92 123607
16 9 5 2893 3 5 93 114988
16 9 5 2894 3 6 94 121653
16 9 5 2895 3 7 95 120236
16 9 5 2896 3 0 96 101810
16 9 5 2897 3 1 97 108568
16 9 5 2898 3 2 98 105641
16 9 5 2899 3 3 99 89605
16 9 5 2900 3 4 0 121341
16 9 5 2901 3 5 1 95145
16 9 5 2902 3 6 2 131879
16 9 5 2903 3 7 3 126590
16 9 5 2904 3 0 4 97799
16 9 5 2905 3 1 5 106865
16 9 5 2906 3 2 6 96229
16 9 5 2907 3 3 7 109444
16 9 5 2908 3 4 8 103958
16 9 5 2909 3 5 9 117702
16 9 5 2910 3 6 10 105806
16 9 5 2911 3 7 11 142081
16 9 5 2912 3 0 12 101659
16 9 5 2913 3 1 13 105348
16 9 5 2914 3 2 14 102572
16 9 5 2915 3 3 15 110121
16 9 5 2916 3 4 16 115516
16 9 5 2917 3 5 17 119175
16 9 5 2918 3 6 18 118704
16 9 5 2919 3 7 19 108801
16 9 5 2920 3 0 20 99501
16 9 5 2921 3 1 21 104274
16 9 5 2922 3 2 22 114558
16 9 5 2923 3 3 23 112031
16 9 5 2924 3 4 24 109178
16 9 5 2925 3 5 25 114583
16 9 5 2926 3 6 26 124711
16 9 5 2927 3 7 27 91032
16 9 5 2928 3 0 28 102499
16 9 5 2929 3 1 29 107694
16 9 5 2930 3 2 30 99971
16 9 5 2931 3 3 31 111970
16 9 5 2932 3 4 32 96016
16 9 5 2933 3 5 33 109412
16 9 5 2934 3 6 34 113195
16 9 5 2935 3 7 35 137696
16 9 5 2936 3 0 36 100464
16 9 5 2937 3 1 37 99586
16 9 5 2938 3 2 38 111802
16 9 5 2939 3 3 39 98970
16 9 5 2940 3 4 40 125462
16 9 5 2941 3 5 41 102962
16 9 5 2942 3 6 42 110326
16 9 5 2943 3 7 43 93091
16 9 5 2944 3 0 44 101716
16 9 5 2945 3 1 45 100945
16 9 5 2946 3 2 46 106652
16 9 5 2947 3 3 47 102574
16 9 5 2948 3 4 48 110234
16 9 5 2949 3 5 49 120457
16 9 5 2950 3 6 50 114115
16 9 5 2951 3 7 51 129805
16 9 5 2952 3 0 52 101080
16 9 5 2953 3 1 53 106145
16 9 5 2954 3 2 54 105712
16 9 5 2955 3 3 55 113468
16 9 5 2956 3 4 56 119445
16 9 5 2957 3 5 57 125684
16 9 5 2958 3 6 58 151757
16 9 5 2959 3 7 59 112602
16 9 5 2960 3 0 60 101896
16 9 5 2961 3 1 61 100814
16 9 5 2962 3 2 62 106922
16 9 5 2963 3 3 63 97587
16 9 5 2964 3 4 64 101241
16 9 5 2965 3 5 65 105535
16 9 5 2966 3 6 66 100578
16 9 5 2967 3 7 67 120325
16 9 5 2968 3 0 68 101356
16 9 5 2969 3 1 69 108024
16 9 5 2970 3 2 70 112282
16 9 5 2971 3 3 71 98985
16 9 5 2972 3 4 72 121719
16 9 5 2973 3 5 73 114510
16 9 5 2974 3 6 74 89279
16 9 5 2975 3 7 75 123016
16 9 5 2976 3 0 76 99900
16 9 5 2977 3 1 77 98923
16 9 5 2978 3 2 78 108245
16 9 5 2979 3 3 79 97878
16 9 5 2980 3 4 80 101001
16 9 5 2981 3 5 81 121188
16 9 5 2982 3 6 82 109901
16 9 5 2983 3 7 83 95014
16 9 5 2984 3 0 84 104759
16 9 5 2985 3 1 85 102988
16 9 5 2986 3 2 86 104852
16 9 5 2987 3 3 87 100843
16 9 5 2988 3 4 88 99401
16 9 5 2989 3 5 89 112923
16 9 5 2990 3 6 90 113839
16 9 5 2991 3 7 91 142804
16 9 5 2992 3 0 92 104175
16 9 5 2993 3 1 93 99041
16 9 5 2994 3 2 94 107962
16 9 5 2995 3 3 95 105698
16 9 5 2996 3 4 96 108327
16 9 5 2997 3 5 97 134445
16 9 5 2998 3 6 98 116906
16 9 5 2999 3 7 99 91193
