8 2 1 1200 1 0 0 100233
8 2 1 1201 1 1 1 98590
8 2 1 1202 1 2 2 101826
8 2 1 1203 1 3 3 104750
8 2 1 1204 1 4 4 93248
8 2 1 1205 1 5 5 99719
8 2 1 1206 1 6 6 105772
8 2 1 1207 1 7 7 99198
8 2 1 1208 1 0 8 99590
8 2 1 1209 1 1 9 98415
8 2 1 1210 1 2 10 103287
8 2 1 1211 1 3 11 98413
8 2 1 1212 1 4 12 104711
8 2 1 1213 1 5 13 101246
8 2 1 1214 1 6 14 98528
8 2 1 1215 1 7 15 97701
8 2 1 1216 1 0 16 101244
8 2 1 1217 1 1 17 100153
8 2 1 1218 1 2 18 96460
8 2 1 1219 1 3 19 104750
8 2 1 1220 1 4 20 99566
8 2 1 1221 1 5 21 109752
8 2 1 1222 1 6 22 106302
8 2 1 1223 1 7 23 95225
8 2 1 1224 1 0 24 100808
8 2 1 1225 1 1 25 101411
8 2 1 1226 1 2 26 99862
8 2 1 1227 1 3 27 99500
8 2 1 1228 1 4 28 104560
8 2 1 1229 1 5 29 99033
8 2 1 1230 1 6 30 95618
8 2 1 1231 1 7 31 93521
8 2 1 1232 1 0 32 101004
8 2 1 1233 1 1 33 101917
8 2 1 1234 1 2 34 101609
8 2 1 1235 1 3 35 97084
8 2 1 1236 1 4 36 105511
8 2 1 1237 1 5 37 102092
8 2 1 1238 1 6 38 111405
8 2 1 1239 1 7 39 98616
8 2 1 1240 1 0 40 101200
8 2 1 1241 1 1 41 101991
8 2 1 1242 1 2 42 101659
8 2 1 1243 1 3 43 103070
8 2 1 1244 1 4 44 106776
8 2 1 1245 1 5 45 107685
8 2 1 1246 1 6 46 93354
8 2 1 1247 1 7 47 103021
8 2 1 1248 1 0 48 101180
8 2 1 1249 1 1 49 99964
8 2 1 1250 1 2 50 98054
8 2 1 1251 1 3 51 101160
8 2 1 1252 1 4 52 106766
8 2 1 1253 1 5 53 98210
8 2 1 1254 1 6 54 109664
8 2 1 1255 1 7 55 104771
8 2 1 1256 1 0 56 101329
8 2 1 1257 1 1 57 100067
8 2 1 1258 1 2 58 102838
8 2 1 1259 1 3 59 102750
8 2 1 1260 1 4 60 103472
8 2 1 1261 1 5 61 95972
8 2 1 1262 1 6 62 89373
8 2 1 1263 1 7 63 94010
8 2 1 1264 1 0 64 99920
8 2 1 1265 1 1 65 99403
8 2 1 1266 1 2 66 96762
8 2 1 1267 1 3 67 103296
8 2 1 1268 1 4 68 101637
8 2 1 1269 1 5 69 101029
8 2 1 1270 1 6 70 100212
8 2 1 1271 1 7 71 104755
8 2 1 1272 1 0 72 100776
8 2 1 1273 1 1 73 100293
8 2 1 1274 1 2 74 99814
8 2 1 1275 1 3 75 102500
8 2 1 1276 1 4 76 100271
8 2 1 1277 1 5 77 100216
8 2 1 1278 1 6 78 93461
8 2 1 1279 1 7 79 98445
8 2 1 1280 1 0 80 101338
8 2 1 1281 1 1 81 99910
8 2 1 1282 1 2 82 99643
8 2 1 1283 1 3 83 104750
8 2 1 1284 1 4 84 101998
8 2 1 1285 1 5 85 106208
8 2 1 1286 1 6 86 95434
8 2 1 1287 1 7 87 103636
8 2 1 1288 1 0 88 98892
8 2 1 1289 1 1 89 102020
8 2 1 1290 1 2 90 100701
8 2 1 1291 1 3 91 104750
8 2 1 1292 1 4 92 105424
8 2 1 1293 1 5 93 110100
8 2 1 1294 1 6 94 100698
8 2 1 1295 1 7 95 113122
8 2 1 1296 1 0 96 99110
8 2 1 1297 1 1 97 101785
8 2 1 1298 1 2 98 99634
8 2 1 1299 1 3 99 102256
8 2 1 1300 1 4 0 102248
8 2 1 1301 1 5 1 93627
8 2 1 1302 1 6 2 108890
8 2 1 1303 1 7 3 107467
8 2 1 1304 1 0 4 98725
8 2 1 1305 1 1 5 98698
8 2 1 1306 1 2 6 103239
8 2 1 1307 1 3 7 98250
8 2 1 1308 1 4 8 98135
8 2 1 1309 1 5 9 96320
8 2 1 1310 1 6 10 106080
8 2 1 1311 1 7 11 104171
8 2 1 1312 1 0 12 101230
8 2 1 1313 1 1 13 100176
8 2 1 1314 1 2 14 102915
8 2 1 1315 1 3 15 103000
8 2 1 1316 1 4 16 104930
8 2 1 1317 1 5 17 97047
8 2 1 1318 1 6 18 91140
8 2 1 1319 1 7 19 100926
8 2 1 1320 1 0 20 100004
8 2 1 1321 1 1 21 102010
8 2 1 1322 1 2 22 100687
8 2 1 1323 1 3 23 96250
8 2 1 1324 1 4 24 104166
8 2 1 1325 1 5 25 109005
8 2 1 1326 1 6 26 102342
8 2 1 1327 1 7 27 94494
8 2 1 1328 1 0 28 100996
8 2 1 1329 1 1 29 100300
8 2 1 1330 1 2 30 99813
8 2 1 1331 1 3 31 96544
8 2 1 1332 1 4 32 103999
8 2 1 1333 1 5 33 104542
8 2 1 1334 1 6 34 103680
8 2 1 1335 1 7 35 100143
8 2 1 1336 1 0 36 101306
8 2 1 1337 1 1 37 101902
8 2 1 1338 1 2 38 103262
8 2 1 1339 1 3 39 104734
8 2 1 1340 1 4 40 106300
8 2 1 1341 1 5 41 110069
8 2 1 1342 1 6 42 107209
8 2 1 1343 1 7 43 111876
8 2 1 1344 1 0 44 101326
8 2 1 1345 1 1 45 101563
8 2 1 1346 1 2 46 98252
8 2 1 1347 1 3 47 104416
8 2 1 1348 1 4 48 106476
8 2 1 1349 1 5 49 100770
8 2 1 1350 1 6 50 96726
8 2 1 1351 1 7 51 105450
8 2 1 1352 1 0 52 101336
8 2 1 1353 1 1 53 99610
8 2 1 1354 1 2 54 103371
8 2 1 1355 1 3 55 100024
8 2 1 1356 1 4 56 106757
8 2 1 1357 1 5 57 101198
8 2 1 1358 1 6 58 109845
8 2 1 1359 1 7 59 103100
8 2 1 1360 1 0 60 101336
8 2 1 1361 1 1 61 100000
8 2 1 1362 1 2 62 97471
8 2 1 1363 1 3 63 96250
8 2 1 1364 1 4 64 99380
8 2 1 1365 1 5 65 102011
8 2 1 1366 1 6 66 91484
8 2 1 1367 1 7 67 110936
8 2 1 1368 1 0 68 100321
8 2 1 1369 1 1 69 99676
8 2 1 1370 1 2 70 98802
8 2 1 1371 1 3 71 100060
8 2 1 1372 1 4 72 102517
8 2 1 1373 1 5 73 105297
8 2 1 1374 1 6 74 102081
8 2 1 1375 1 7 75 103631
8 2 1 1376 1 0 76 99904
8 2 1 1377 1 1 77 99838
8 2 1 1378 1 2 78 99818
8 2 1 1379 1 3 79 96250
8 2 1 1380 1 4 80 106742
8 2 1 1381 1 5 81 102918
8 2 1 1382 1 6 82 99130
8 2 1 1383 1 7 83 113549
8 2 1 1384 1 0 84 100182
8 2 1 1385 1 1 85 101917
8 2 1 1386 1 2 86 98317
8 2 1 1387 1 3 87 101750
8 2 1 1388 1 4 88 96432
8 2 1 1389 1 5 89 104848
8 2 1 1390 1 6 90 102710
8 2 1 1391 1 7 91 113480
8 2 1 1392 1 0 92 101116
8 2 1 1393 1 1 93 101850
8 2 1 1394 1 2 94 99794
8 2 1 1395 1 3 95 104750
8 2 1 1396 1 4 96 97237
8 2 1 1397 1 5 97 106030
8 2 1 1398 1 6 98 97038
8 2 1 1399 1 7 99 109520
8 2 1 1400 1 0 0 100233
8 2 1 1401 1 1 1 98590
8 2 1 1402 1 2 2 101826
8 2 1 1403 1 3 3 104750
8 2 1 1404 1 4 4 93248
8 2 1 1405 1 5 5 99719
8 2 1 1406 1 6 6 105772
8 2 1 1407 1 7 7 99198
8 2 1 1408 1 0 8 99590
8 2 1 1409 1 1 9 98415
8 2 1 1410 1 2 10 103287
8 2 1 1411 1 3 11 98413
8 2 1 1412 1 4 12 104711
8 2 1 1413 1 5 13 101246
8 2 1 1414 1 6 14 98528
8 2 1 1415 1 7 15 97701
8 2 1 1416 1 0 16 101244
8 2 1 1417 1 1 17 100153
8 2 1 1418 1 2 18 96460
8 2 1 1419 1 3 19 104750
8 2 1 1420 1 4 20 99566
8 2 1 1421 1 5 21 109752
8 2 1 1422 1 6 22 106302
8 2 1 1423 1 7 23 95225
8 2 1 1424 1 0 24 100808
8 2 1 1425 1 1 25 101411
8 2 1 1426 1 2 26 99862
8 2 1 1427 1 3 27 99500
8 2 1 1428 1 4 28 104560
8 2 1 1429 1 5 29 99033
8 2 1 1430 1 6 30 95618
8 2 1 1431 1 7 31 93521
8 2 1 1432 1 0 32 101004
8 2 1 1433 1 1 33 101917
8 2 1 1434 1 2 34 101609
8 2 1 1435 1 3 35 97084
8 2 1 1436 1 4 36 105511
8 2 1 1437 1 5 37 102092
8 2 1 1438 1 6 38 111405
8 2 1 1439 1 7 39 98616
8 2 1 1440 1 0 40 101200
8 2 1 1441 1 1 41 101991
8 2 1 1442 1 2 42 101659
8 2 1 1443 1 3 43 103070
8 2 1 1444 1 4 44 106776
8 2 1 1445 1 5 45 107685
8 2 1 1446 1 6 46 93354
8 2 1 1447 1 7 47 103021
8 2 1 1448 1 0 48 101180
8 2 1 1449 1 1 49 99964
8 2 1 1450 1 2 50 98054
8 2 1 1451 1 3 51 101160
8 2 1 1452 1 4 52 106766
8 2 1 1453 1 5 53 98210
8 2 1 1454 1 6 54 109664
8 2 1 1455 1 7 55 104771
8 2 1 1456 1 0 56 101329
8 2 1 1457 1 1 57 100067
8 2 1 1458 1 2 58 102838
8 2 1 1459 1 3 59 102750
8 2 1 1460 1 4 60 103472
8 2 1 1461 1 5 61 95972
8 2 1 1462 1 6 62 89373
8 2 1 1463 1 7 63 94010
8 2 1 1464 1 0 64 99920
8 2 1 1465 1 1 65 99403
8 2 1 1466 1 2 66 96762
8 2 1 1467 1 3 67 103296
8 2 1 1468 1 4 68 101637
8 2 1 1469 1 5 69 101029
8 2 1 1470 1 6 70 100212
8 2 1 1471 1 7 71 104755
8 2 1 1472 1 0 72 100776
8 2 1 1473 1 1 73 100293
8 2 1 1474 1 2 74 99814
8 2 1 1475 1 3 75 102500
8 2 1 1476 1 4 76 100271
8 2 1 1477 1 5 77 100216
8 2 1 1478 1 6 78 93461
8 2 1 1479 1 7 79 98445
8 2 1 1480 1 0 80 101338
8 2 1 1481 1 1 81 99910
8 2 1 1482 1 2 82 99643
8 2 1 1483 1 3 83 104750
8 2 1 1484 1 4 84 101998
8 2 1 1485 1 5 85 106208
8 2 1 1486 1 6 86 95434
8 2 1 1487 1 7 87 103636
8 2 1 1488 1 0 88 98892
8 2 1 1489 1 1 89 102020
8 2 1 1490 1 2 90 100701
8 2 1 1491 1 3 91 104750
8 2 1 1492 1 4 92 105424
8 2 1 1493 1 5 93 110100
8 2 1 1494 1 6 94 100698
8 2 1 1495 1 7 95 113122
8 2 1 1496 1 0 96 99110
8 2 1 1497 1 1 97 101785
8 2 1 1498 1 2 98 99634
8 2 1 1499 1 3 99 102256
8 2 1 1500 1 4 0 102248
8 2 1 1501 1 5 1 93627
8 2 1 1502 1 6 2 108890
8 2 1 1503 1 7 3 107467
8 2 1 1504 1 0 4 98725
8 2 1 1505 1 1 5 98698
8 2 1 1506 1 2 6 103239
8 2 1 1507 1 3 7 98250
8 2 1 1508 1 4 8 98135
8 2 1 1509 1 5 9 96320
8 2 1 1510 1 6 10 106080
8 2 1 1511 1 7 11 104171
8 2 1 1512 1 0 12 101230
8 2 1 1513 1 1 13 100176
8 2 1 1514 1 2 14 102915
8 2 1 1515 1 3 15 103000
8 2 1 1516 1 4 16 104930
8 2 1 1517 1 5 17 97047
8 2 1 1518 1 6 18 91140
8 2 1 1519 1 7 19 100926
8 2 1 1520 1 0 20 100004
8 2 1 1521 1 1 21 102010
8 2 1 1522 1 2 22 100687
8 2 1 1523 1 3 23 96250
8 2 1 1524 1 4 24 104166
8 2 1 1525 1 5 25 109005
8 2 1 1526 1 6 26 102342
8 2 1 1527 1 7 27 94494
8 2 1 1528 1 0 28 100996
8 2 1 1529 1 1 29 100300
8 2 1 1530 1 2 30 99813
8 2 1 1531 1 3 31 96544
8 2 1 1532 1 4 32 103999
8 2 1 1533 1 5 33 104542
8 2 1 1534 1 6 34 103680
8 2 1 1535 1 7 35 100143
8 2 1 1536 1 0 36 101306
8 2 1 1537 1 1 37 101902
8 2 1 1538 1 2 38 103262
8 2 1 1539 1 3 39 104734
8 2 1 1540 1 4 40 106300
8 2 1 1541 1 5 41 110069
8 2 1 1542 1 6 42 107209
8 2 1 1543 1 7 43 111876
8 2 1 1544 1 0 44 101326
8 2 1 1545 1 1 45 101563
8 2 1 1546 1 2 46 98252
8 2 1 1547 1 3 47 104416
8 2 1 1548 1 4 48 106476
8 2 1 1549 1 5 49 100770
8 2 1 1550 1 6 50 96726
8 2 1 1551 1 7 51 105450
8 2 1 1552 1 0 52 101336
8 2 1 1553 1 1 53 99610
8 2 1 1554 1 2 54 103371
8 2 1 1555 1 3 55 100024
8 2 1 1556 1 4 56 106757
8 2 1 1557 1 5 57 101198
8 2 1 1558 1 6 58 109845
8 2 1 1559 1 7 59 103100
8 2 1 1560 1 0 60 101336
8 2 1 1561 1 1 61 100000
8 2 1 1562 1 2 62 97471
8 2 1 1563 1 3 63 96250
8 2 1 1564 1 4 64 99380
8 2 1 1565 1 5 65 102011
8 2 1 1566 1 6 66 91484
8 2 1 1567 1 7 67 110936
8 2 1 1568 1 0 68 100321
8 2 1 1569 1 1 69 99676
8 2 1 1570 1 2 70 98802
8 2 1 1571 1 3 71 100060
8 2 1 1572 1 4 72 102517
8 2 1 1573 1 5 73 105297
8 2 1 1574 1 6 74 102081
8 2 1 1575 1 7 75 103631
8 2 1 1576 1 0 76 99904
8 2 1 1577 1 1 77 99838
8 2 1 1578 1 2 78 99818
8 2 1 1579 1 3 79 96250
8 2 1 1580 1 4 80 106742
8 2 1 1581 1 5 81 102918
8 2 1 1582 1 6 82 99130
8 2 1 1583 1 7 83 113549
8 2 1 1584 1 0 84 100182
8 2 1 1585 1 1 85 101917
8 2 1 1586 1 2 86 98317
8 2 1 1587 1 3 87 101750
8 2 1 1588 1 4 88 96432
8 2 1 1589 1 5 89 104848
8 2 1 1590 1 6 90 102710
8 2 1 1591 1 7 91 113480
8 2 1 1592 1 0 92 101116
8 2 1 1593 1 1 93 101850
8 2 1 1594 1 2 94 99794
8 2 1 1595 1 3 95 104750
8 2 1 1596 1 4 96 97237
8 2 1 1597 1 5 97 106030
8 2 1 1598 1 6 98 97038
8 2 1 1599 1 7 99 109520
8 2 1 1600 2 0 0 100000
8 2 1 1601 2 1 1 100000
8 2 1 1602 2 2 2 100000
8 2 1 1603 2 3 3 100000
8 2 1 1604 2 4 4 100000
8 2 1 1605 2 5 5 100000
8 2 1 1606 2 6 6 100000
8 2 1 1607 2 7 7 100000
8 2 1 1608 2 0 8 100000
8 2 1 1609 2 1 9 100000
8 2 1 1610 2 2 10 100000
8 2 1 1611 2 3 11 100000
8 2 1 1612 2 4 12 100000
8 2 1 1613 2 5 13 100000
8 2 1 1614 2 6 14 100000
8 2 1 1615 2 7 15 100000
8 2 1 1616 2 0 16 100000
8 2 1 1617 2 1 17 100000
8 2 1 1618 2 2 18 100000
8 2 1 1619 2 3 19 100000
8 2 1 1620 2 4 20 100000
8 2 1 1621 2 5 21 100000
8 2 1 1622 2 6 22 100000
8 2 1 1623 2 7 23 100000
8 2 1 1624 2 0 24 100000
8 2 1 1625 2 1 25 100000
8 2 1 1626 2 2 26 100000
8 2 1 1627 2 3 27 100000
8 2 1 1628 2 4 28 100000
8 2 1 1629 2 5 29 100000
8 2 1 1630 2 6 30 100000
8 2 1 1631 2 7 31 100000
8 2 1 1632 2 0 32 100000
8 2 1 1633 2 1 33 100000
8 2 1 1634 2 2 34 100000
8 2 1 1635 2 3 35 100000
8 2 1 1636 2 4 36 100000
8 2 1 1637 2 5 37 100000
8 2 1 1638 2 6 38 100000
8 2 1 1639 2 7 39 100000
8 2 1 1640 2 0 40 100000
8 2 1 1641 2 1 41 100000
8 2 1 1642 2 2 42 100000
8 2 1 1643 2 3 43 100000
8 2 1 1644 2 4 44 100000
8 2 1 1645 2 5 45 100000
8 2 1 1646 2 6 46 100000
8 2 1 1647 2 7 47 100000
8 2 1 1648 2 0 48 100000
8 2 1 1649 2 1 49 100000
8 2 1 1650 2 2 50 100000
8 2 1 1651 2 3 51 100000
8 2 1 1652 2 4 52 100000
8 2 1 1653 2 5 53 100000
8 2 1 1654 2 6 54 100000
8 2 1 1655 2 7 55 100000
8 2 1 1656 2 0 56 100000
8 2 1 1657 2 1 57 100000
8 2 1 1658 2 2 58 100000
8 2 1 1659 2 3 59 100000
8 2 1 1660 2 4 60 100000
8 2 1 1661 2 5 61 100000
8 2 1 1662 2 6 62 100000
8 2 1 1663 2 7 63 100000
8 2 1 1664 2 0 64 100000
8 2 1 1665 2 1 65 100000
8 2 1 1666 2 2 66 100000
8 2 1 1667 2 3 67 100000
8 2 1 1668 2 4 68 100000
8 2 1 1669 2 5 69 100000
8 2 1 1670 2 6 70 100000
8 2 1 1671 2 7 71 100000
8 2 1 1672 2 0 72 100000
8 2 1 1673 2 1 73 100000
8 2 1 1674 2 2 74 100000
8 2 1 1675 2 3 75 100000
8 2 1 1676 2 4 76 100000
8 2 1 1677 2 5 77 100000
8 2 1 1678 2 6 78 100000
8 2 1 1679 2 7 79 100000
8 2 1 1680 2 0 80 100000
8 2 1 1681 2 1 81 100000
8 2 1 1682 2 2 82 100000
8 2 1 1683 2 3 83 100000
8 2 1 1684 2 4 84 100000
8 2 1 1685 2 5 85 100000
8 2 1 1686 2 6 86 100000
8 2 1 1687 2 7 87 100000
8 2 1 1688 2 0 88 100000
8 2 1 1689 2 1 89 100000
8 2 1 1690 2 2 90 100000
8 2 1 1691 2 3 91 100000
8 2 1 1692 2 4 92 100000
8 2 1 1693 2 5 93 100000
8 2 1 1694 2 6 94 100000
8 2 1 1695 2 7 95 100000
8 2 1 1696 2 0 96 100000
8 2 1 1697 2 1 97 100000
8 2 1 1698 2 2 98 100000
8 2 1 1699 2 3 99 100000
8 2 1 1700 2 4 0 100000
8 2 1 1701 2 5 1 100000
8 2 1 1702 2 6 2 100000
8 2 1 1703 2 7 3 100000
8 2 1 1704 2 0 4 100000
8 2 1 1705 2 1 5 100000
8 2 1 1706 2 2 6 100000
8 2 1 1707 2 3 7 100000
8 2 1 1708 2 4 8 100000
8 2 1 1709 2 5 9 100000
8 2 1 1710 2 6 10 100000
8 2 1 1711 2 7 11 100000
8 2 1 1712 2 0 12 100000
8 2 1 1713 2 1 13 100000
8 2 1 1714 2 2 14 100000
8 2 1 1715 2 3 15 100000
8 2 1 1716 2 4 16 100000
8 2 1 1717 2 5 17 100000
8 2 1 1718 2 6 18 100000
8 2 1 1719 2 7 19 100000
8 2 1 1720 2 0 20 100000
8 2 1 1721 2 1 21 100000
8 2 1 1722 2 2 22 100000
8 2 1 1723 2 3 23 100000
8 2 1 1724 2 4 24 100000
8 2 1 1725 2 5 25 100000
8 2 1 1726 2 6 26 100000
8 2 1 1727 2 7 27 100000
8 2 1 1728 2 0 28 100000
8 2 1 1729 2 1 29 100000
8 2 1 1730 2 2 30 100000
8 2 1 1731 2 3 31 100000
8 2 1 1732 2 4 32 100000
8 2 1 1733 2 5 33 100000
8 2 1 1734 2 6 34 100000
8 2 1 1735 2 7 35 100000
8 2 1 1736 2 0 36 100000
8 2 1 1737 2 1 37 100000
8 2 1 1738 2 2 38 100000
8 2 1 1739 2 3 39 100000
8 2 1 1740 2 4 40 100000
8 2 1 1741 2 5 41 100000
8 2 1 1742 2 6 42 100000
8 2 1 1743 2 7 43 100000
8 2 1 1744 2 0 44 100000
8 2 1 1745 2 1 45 100000
8 2 1 1746 2 2 46 100000
8 2 1 1747 2 3 47 100000
8 2 1 1748 2 4 48 100000
8 2 1 1749 2 5 49 100000
8 2 1 1750 2 6 50 100000
8 2 1 1751 2 7 51 100000
8 2 1 1752 2 0 52 100000
8 2 1 1753 2 1 53 100000
8 2 1 1754 2 2 54 100000
8 2 1 1755 2 3 55 100000
8 2 1 1756 2 4 56 100000
8 2 1 1757 2 5 57 100000
8 2 1 1758 2 6 58 100000
8 2 1 1759 2 7 59 100000
8 2 1 1760 2 0 60 100000
8 2 1 1761 2 1 61 100000
8 2 1 1762 2 2 62 100000
8 2 1 1763 2 3 63 100000
8 2 1 1764 2 4 64 100000
8 2 1 1765 2 5 65 100000
8 2 1 1766 2 6 66 100000
8 2 1 1767 2 7 67 100000
8 2 1 1768 2 0 68 100000
8 2 1 1769 2 1 69 100000
8 2 1 1770 2 2 70 100000
8 2 1 1771 2 3 71 100000
8 2 1 1772 2 4 72 100000
8 2 1 1773 2 5 73 100000
8 2 1 1774 2 6 74 100000
8 2 1 1775 2 7 75 100000
8 2 1 1776 2 0 76 100000
8 2 1 1777 2 1 77 100000
8 2 1 1778 2 2 78 100000
8 2 1 1779 2 3 79 100000
8 2 1 1780 2 4 80 100000
8 2 1 1781 2 5 81 100000
8 2 1 1782 2 6 82 100000
8 2 1 1783 2 7 83 100000
8 2 1 1784 2 0 84 100000
8 2 1 1785 2 1 85 100000
8 2 1 1786 2 2 86 100000
8 2 1 1787 2 3 87 100000
8 2 1 1788 2 4 88 100000
8 2 1 1789 2 5 89 100000
8 2 1 1790 2 6 90 100000
8 2 1 1791 2 7 91 100000
8 2 1 1792 2 0 92 100000
8 2 1 1793 2 1 93 100000
8 2 1 1794 2 2 94 100000
8 2 1 1795 2 3 95 100000
8 2 1 1796 2 4 96 100000
8 2 1 1797 2 5 97 100000
8 2 1 1798 2 6 98 100000
8 2 1 1799 2 7 99 100000
8 2 2 1200 1 0 0 101577
8 2 2 1201 1 1 1 100306
8 2 2 1202 1 2 2 103140
8 2 2 1203 1 3 3 103696
8 2 2 1204 1 4 4 92495
8 2 2 1205 1 5 5 102407
8 2 2 1206 1 6 6 105685
8 2 2 1207 1 7 7 91937
8 2 2 1208 1 0 8 98470
8 2 2 1209 1 1 9 99518
8 2 2 1210 1 2 10 106383
8 2 2 1211 1 3 11 97621
8 2 2 1212 1 4 12 100291
8 2 2 1213 1 5 13 107480
8 2 2 1214 1 6 14 90874
8 2 2 1215 1 7 15 106920
8 2 2 1216 1 0 16 100623
8 2 2 1217 1 1 17 102163
8 2 2 1218 1 2 18 94392
8 2 2 1219 1 3 19 101554
8 2 2 1220 1 4 20 100494
8 2 2 1221 1 5 21 116757
8 2 2 1222 1 6 22 117540
8 2 2 1223 1 7 23 95215
8 2 2 1224 1 0 24 100775
8 2 2 1225 1 1 25 102980
8 2 2 1226 1 2 26 103227
8 2 2 1227 1 3 27 104212
8 2 2 1228 1 4 28 111630
8 2 2 1229 1 5 29 94874
8 2 2 1230 1 6 30 88468
8 2 2 1231 1 7 31 98806
8 2 2 1232 1 0 32 101018
8 2 2 1233 1 1 33 101113
8 2 2 1234 1 2 34 104819
8 2 2 1235 1 3 35 100195
8 2 2 1236 1 4 36 112590
8 2 2 1237 1 5 37 106994
8 2 2 1238 1 6 38 118623
8 2 2 1239 1 7 39 105814
8 2 2 1240 1 0 40 100759
8 2 2 1241 1 1 41 102962
8 2 2 1242 1 2 42 104227
8 2 2 1243 1 3 43 100057
8 2 2 1244 1 4 44 103676
8 2 2 1245 1 5 45 118463
8 2 2 1246 1 6 46 99994
8 2 2 1247 1 7 47 102733
8 2 2 1248 1 0 48 102119
8 2 2 1249 1 1 49 101404
8 2 2 1250 1 2 50 98918
8 2 2 1251 1 3 51 102528
8 2 2 1252 1 4 52 113876
8 2 2 1253 1 5 53 105743
8 2 2 1254 1 6 54 120879
8 2 2 1255 1 7 55 102644
8 2 2 1256 1 0 56 101781
8 2 2 1257 1 1 57 100061
8 2 2 1258 1 2 58 100212
8 2 2 1259 1 3 59 97629
8 2 2 1260 1 4 60 102299
8 2 2 1261 1 5 61 93977
8 2 2 1262 1 6 62 81710
8 2 2 1263 1 7 63 83124
8 2 2 1264 1 0 64 101255
8 2 2 1265 1 1 65 101335
8 2 2 1266 1 2 66 97026
8 2 2 1267 1 3 67 102832
8 2 2 1268 1 4 68 95251
8 2 2 1269 1 5 69 94226
8 2 2 1270 1 6 70 111693
8 2 2 1271 1 7 71 114813
8 2 2 1272 1 0 72 101665
8 2 2 1273 1 1 73 102328
8 2 2 1274 1 2 74 97161
8 2 2 1275 1 3 75 102078
8 2 2 1276 1 4 76 101639
8 2 2 1277 1 5 77 98648
8 2 2 1278 1 6 78 97129
8 2 2 1279 1 7 79 105971
8 2 2 1280 1 0 80 101919
8 2 2 1281 1 1 81 98864
8 2 2 1282 1 2 82 97931
8 2 2 1283 1 3 83 104682
8 2 2 1284 1 4 84 108773
8 2 2 1285 1 5 85 110948
8 2 2 1286 1 6 86 99373
8 2 2 1287 1 7 87 110648
8 2 2 1288 1 0 88 100115
8 2 2 1289 1 1 89 103702
8 2 2 1290 1 2 90 104050
8 2 2 1291 1 3 91 109724
8 2 2 1292 1 4 92 106852
8 2 2 1293 1 5 93 117849
8 2 2 1294 1 6 94 103834
8 2 2 1295 1 7 95 128472
8 2 2 1296 1 0 96 98646
8 2 2 1297 1 1 97 103406
8 2 2 1298 1 2 98 102966
8 2 2 1299 1 3 99 106320
8 2 2 1300 1 4 0 109186
8 2 2 1301 1 5 1 100665
8 2 2 1302 1 6 2 111343
8 2 2 1303 1 7 3 98573
8 2 2 1304 1 0 4 98414
8 2 2 1305 1 1 5 99598
8 2 2 1306 1 2 6 106187
8 2 2 1307 1 3 7 95676
8 2 2 1308 1 4 8 91692
8 2 2 1309 1 5 9 102512
8 2 2 1310 1 6 10 112142
8 2 2 1311 1 7 11 103646
8 2 2 1312 1 0 12 100554
8 2 2 1313 1 1 13 101628
8 2 2 1314 1 2 14 100919
8 2 2 1315 1 3 15 104668
8 2 2 1316 1 4 16 101717
8 2 2 1317 1 5 17 106597
8 2 2 1318 1 6 18 86707
8 2 2 1319 1 7 19 96184
8 2 2 1320 1 0 20 100208
8 2 2 1321 1 1 21 103164
8 2 2 1322 1 2 22 103741
8 2 2 1323 1 3 23 95812
8 2 2 1324 1 4 24 104082
8 2 2 1325 1 5 25 112032
8 2 2 1326 1 6 26 108819
8 2 2 1327 1 7 27 104554
8 2 2 1328 1 0 28 102353
8 2 2 1329 1 1 29 99178
8 2 2 1330 1 2 30 98225
8 2 2 1331 1 3 31 94169
8 2 2 1332 1 4 32 103991
8 2 2 1333 1 5 33 98669
8 2 2 1334 1 6 34 109964
8 2 2 1335 1 7 35 105664
8 2 2 1336 1 0 36 102516
8 2 2 1337 1 1 37 102053
8 2 2 1338 1 2 38 102379
8 2 2 1339 1 3 39 103428
8 2 2 1340 1 4 40 103734
8 2 2 1341 1 5 41 107941
8 2 2 1342 1 6 42 116666
8 2 2 1343 1 7 43 102256
8 2 2 1344 1 0 44 100757
8 2 2 1345 1 1 45 103600
8 2 2 1346 1 2 46 101385
8 2 2 1347 1 3 47 105556
8 2 2 1348 1 4 48 110939
8 2 2 1349 1 5 49 102243
8 2 2 1350 1 6 50 97076
8 2 2 1351 1 7 51 106761
8 2 2 1352 1 0 52 102538
8 2 2 1353 1 1 53 101265
8 2 2 1354 1 2 54 106721
8 2 2 1355 1 3 55 101809
8 2 2 1356 1 4 56 110163
8 2 2 1357 1 5 57 104600
8 2 2 1358 1 6 58 110387
8 2 2 1359 1 7 59 88644
8 2 2 1360 1 0 60 101399
8 2 2 1361 1 1 61 99817
8 2 2 1362 1 2 62 94170
8 2 2 1363 1 3 63 92683
8 2 2 1364 1 4 64 105344
8 2 2 1365 1 5 65 104733
8 2 2 1366 1 6 66 92039
8 2 2 1367 1 7 67 119133
8 2 2 1368 1 0 68 99055
8 2 2 1369 1 1 69 97712
8 2 2 1370 1 2 70 102162
8 2 2 1371 1 3 71 101716
8 2 2 1372 1 4 72 106274
8 2 2 1373 1 5 73 115981
8 2 2 1374 1 6 74 94625
8 2 2 1375 1 7 75 103585
8 2 2 1376 1 0 76 100157
8 2 2 1377 1 1 77 99117
8 2 2 1378 1 2 78 99339
8 2 2 1379 1 3 79 100743
8 2 2 1380 1 4 80 109639
8 2 2 1381 1 5 81 106672
8 2 2 1382 1 6 82 103380
8 2 2 1383 1 7 83 111441
8 2 2 1384 1 0 84 101344
8 2 2 1385 1 1 85 102188
8 2 2 1386 1 2 86 101639
8 2 2 1387 1 3 87 102387
8 2 2 1388 1 4 88 100779
8 2 2 1389 1 5 89 113833
8 2 2 1390 1 6 90 108192
8 2 2 1391 1 7 91 128538
8 2 2 1392 1 0 92 101406
8 2 2 1393 1 1 93 103817
8 2 2 1394 1 2 94 100176
8 2 2 1395 1 3 95 109729
8 2 2 1396 1 4 96 92533
8 2 2 1397 1 5 97 112545
8 2 2 1398 1 6 98 108234
8 2 2 1399 1 7 99 110351
8 2 2 1400 1 0 0 101577
8 2 2 1401 1 1 1 100306
8 2 2 1402 1 2 2 103140
8 2 2 1403 1 3 3 103696
8 2 2 1404 1 4 4 92495
8 2 2 1405 1 5 5 102407
8 2 2 1406 1 6 6 105685
8 2 2 1407 1 7 7 91937
8 2 2 1408 1 0 8 98470
8 2 2 1409 1 1 9 99518
8 2 2 1410 1 2 10 106383
8 2 2 1411 1 3 11 97621
8 2 2 1412 1 4 12 100291
8 2 2 1413 1 5 13 107480
8 2 2 1414 1 6 14 90874
8 2 2 1415 1 7 15 106920
8 2 2 1416 1 0 16 100623
8 2 2 1417 1 1 17 102163
8 2 2 1418 1 2 18 94392
8 2 2 1419 1 3 19 101554
8 2 2 1420 1 4 20 100494
8 2 2 1421 1 5 21 116757
8 2 2 1422 1 6 22 117540
8 2 2 1423 1 7 23 95215
8 2 2 1424 1 0 24 100775
8 2 2 1425 1 1 25 102980
8 2 2 1426 1 2 26 103227
8 2 2 1427 1 3 27 104212
8 2 2 1428 1 4 28 111630
8 2 2 1429 1 5 29 94874
8 2 2 1430 1 6 30 88468
8 2 2 1431 1 7 31 98806
8 2 2 1432 1 0 32 101018
8 2 2 1433 1 1 33 101113
8 2 2 1434 1 2 34 104819
8 2 2 1435 1 3 35 100195
8 2 2 1436 1 4 36 112590
8 2 2 1437 1 5 37 106994
8 2 2 1438 1 6 38 118623
8 2 2 1439 1 7 39 105814
8 2 2 1440 1 0 40 100759
8 2 2 1441 1 1 41 102962
8 2 2 1442 1 2 42 104227
8 2 2 1443 1 3 43 100057
8 2 2 1444 1 4 44 103676
8 2 2 1445 1 5 45 118463
8 2 2 1446 1 6 46 99994
8 2 2 1447 1 7 47 102733
8 2 2 1448 1 0 48 102119
8 2 2 1449 1 1 49 101404
8 2 2 1450 1 2 50 98918
8 2 2 1451 1 3 51 102528
8 2 2 1452 1 4 52 113876
8 2 2 1453 1 5 53 105743
8 2 2 1454 1 6 54 120879
8 2 2 1455 1 7 55 102644
8 2 2 1456 1 0 56 101781
8 2 2 1457 1 1 57 100061
8 2 2 1458 1 2 58 100212
8 2 2 1459 1 3 59 97629
8 2 2 1460 1 4 60 102299
8 2 2 1461 1 5 61 93977
8 2 2 1462 1 6 62 81710
8 2 2 1463 1 7 63 83124
8 2 2 1464 1 0 64 101255
8 2 2 1465 1 1 65 101335
8 2 2 1466 1 2 66 97026
8 2 2 1467 1 3 67 102832
8 2 2 1468 1 4 68 95251
8 2 2 1469 1 5 69 94226
8 2 2 1470 1 6 70 111693
8 2 2 1471 1 7 71 114813
8 2 2 1472 1 0 72 101665
8 2 2 1473 1 1 73 102328
8 2 2 1474 1 2 74 97161
8 2 2 1475 1 3 75 102078
8 2 2 1476 1 4 76 101639
8 2 2 1477 1 5 77 98648
8 2 2 1478 1 6 78 97129
8 2 2 1479 1 7 79 105971
8 2 2 1480 1 0 80 101919
8 2 2 1481 1 1 81 98864
8 2 2 1482 1 2 82 97931
8 2 2 1483 1 3 83 104682
8 2 2 1484 1 4 84 108773
8 2 2 1485 1 5 85 110948
8 2 2 1486 1 6 86 99373
8 2 2 1487 1 7 87 110648
8 2 2 1488 1 0 88 100115
8 2 2 1489 1 1 89 103702
8 2 2 1490 1 2 90 104050
8 2 2 1491 1 3 91 109724
8 2 2 1492 1 4 92 106852
8 2 2 1493 1 5 93 117849
8 2 2 1494 1 6 94 103834
8 2 2 1495 1 7 95 128472
8 2 2 1496 1 0 96 98646
8 2 2 1497 1 1 97 103406
8 2 2 1498 1 2 98 102966
8 2 2 1499 1 3 99 106320
8 2 2 1500 1 4 0 109186
8 2 2 1501 1 5 1 100665
8 2 2 1502 1 6 2 111343
8 2 2 1503 1 7 3 98573
8 2 2 1504 1 0 4 98414
8 2 2 1505 1 1 5 99598
8 2 2 1506 1 2 6 106187
8 2 2 1507 1 3 7 95676
8 2 2 1508 1 4 8 91692
8 2 2 1509 1 5 9 102512
8 2 2 1510 1 6 10 112142
8 2 2 1511 1 7 11 103646
8 2 2 1512 1 0 12 100554
8 2 2 1513 1 1 13 101628
8 2 2 1514 1 2 14 100919
8 2 2 1515 1 3 15 104668
8 2 2 1516 1 4 16 101717
8 2 2 1517 1 5 17 106597
8 2 2 1518 1 6 18 86707
8 2 2 1519 1 7 19 96184
8 2 2 1520 1 0 20 100208
8 2 2 1521 1 1 21 103164
8 2 2 1522 1 2 22 103741
8 2 2 1523 1 3 23 95812
8 2 2 1524 1 4 24 104082
8 2 2 1525 1 5 25 112032
8 2 2 1526 1 6 26 108819
8 2 2 1527 1 7 27 104554
8 2 2 1528 1 0 28 102353
8 2 2 1529 1 1 29 99178
8 2 2 1530 1 2 30 98225
8 2 2 1531 1 3 31 94169
8 2 2 1532 1 4 32 103991
8 2 2 1533 1 5 33 98669
8 2 2 1534 1 6 34 109964
8 2 2 1535 1 7 35 105664
8 2 2 1536 1 0 36 102516
8 2 2 1537 1 1 37 102053
8 2 2 1538 1 2 38 102379
8 2 2 1539 1 3 39 103428
8 2 2 1540 1 4 40 103734
8 2 2 1541 1 5 41 107941
8 2 2 1542 1 6 42 116666
8 2 2 1543 1 7 43 102256
8 2 2 1544 1 0 44 100757
8 2 2 1545 1 1 45 103600
8 2 2 1546 1 2 46 101385
8 2 2 1547 1 3 47 105556
8 2 2 1548 1 4 48 110939
8 2 2 1549 1 5 49 102243
8 2 2 1550 1 6 50 97076
8 2 2 1551 1 7 51 106761
8 2 2 1552 1 0 52 102538
8 2 2 1553 1 1 53 101265
8 2 2 1554 1 2 54 106721
8 2 2 1555 1 3 55 101809
8 2 2 1556 1 4 56 110163
8 2 2 1557 1 5 57 104600
8 2 2 1558 1 6 58 110387
8 2 2 1559 1 7 59 88644
8 2 2 1560 1 0 60 101399
8 2 2 1561 1 1 61 99817
8 2 2 1562 1 2 62 94170
8 2 2 1563 1 3 63 92683
8 2 2 1564 1 4 64 105344
8 2 2 1565 1 5 65 104733
8 2 2 1566 1 6 66 92039
8 2 2 1567 1 7 67 119133
8 2 2 1568 1 0 68 99055
8 2 2 1569 1 1 69 97712
8 2 2 1570 1 2 70 102162
8 2 2 1571 1 3 71 101716
8 2 2 1572 1 4 72 106274
8 2 2 1573 1 5 73 115981
8 2 2 1574 1 6 74 94625
8 2 2 1575 1 7 75 103585
8 2 2 1576 1 0 76 100157
8 2 2 1577 1 1 77 99117
8 2 2 1578 1 2 78 99339
8 2 2 1579 1 3 79 100743
8 2 2 1580 1 4 80 109639
8 2 2 1581 1 5 81 106672
8 2 2 1582 1 6 82 103380
8 2 2 1583 1 7 83 111441
8 2 2 1584 1 0 84 101344
8 2 2 1585 1 1 85 102188
8 2 2 1586 1 2 86 101639
8 2 2 1587 1 3 87 102387
8 2 2 1588 1 4 88 100779
8 2 2 1589 1 5 89 113833
8 2 2 1590 1 6 90 108192
8 2 2 1591 1 7 91 128538
8 2 2 1592 1 0 92 101406
8 2 2 1593 1 1 93 103817
8 2 2 1594 1 2 94 100176
8 2 2 1595 1 3 95 109729
8 2 2 1596 1 4 96 92533
8 2 2 1597 1 5 97 112545
8 2 2 1598 1 6 98 108234
8 2 2 1599 1 7 99 110351
8 2 2 1600 2 0 0 100000
8 2 2 1601 2 1 1 100000
8 2 2 1602 2 2 2 100000
8 2 2 1603 2 3 3 100000
8 2 2 1604 2 4 4 100000
8 2 2 1605 2 5 5 100000
8 2 2 1606 2 6 6 100000
8 2 2 1607 2 7 7 100000
8 2 2 1608 2 0 8 100000
8 2 2 1609 2 1 9 100000
8 2 2 1610 2 2 10 100000
8 2 2 1611 2 3 11 100000
8 2 2 1612 2 4 12 100000
8 2 2 1613 2 5 13 100000
8 2 2 1614 2 6 14 100000
8 2 2 1615 2 7 15 100000
8 2 2 1616 2 0 16 100000
8 2 2 1617 2 1 17 100000
8 2 2 1618 2 2 18 100000
8 2 2 1619 2 3 19 100000
8 2 2 1620 2 4 20 100000
8 2 2 1621 2 5 21 100000
8 2 2 1622 2 6 22 100000
8 2 2 1623 2 7 23 100000
8 2 2 1624 2 0 24 100000
8 2 2 1625 2 1 25 100000
8 2 2 1626 2 2 26 100000
8 2 2 1627 2 3 27 100000
8 2 2 1628 2 4 28 100000
8 2 2 1629 2 5 29 100000
8 2 2 1630 2 6 30 100000
8 2 2 1631 2 7 31 100000
8 2 2 1632 2 0 32 100000
8 2 2 1633 2 1 33 100000
8 2 2 1634 2 2 34 100000
8 2 2 1635 2 3 35 100000
8 2 2 1636 2 4 36 100000
8 2 2 1637 2 5 37 100000
8 2 2 1638 2 6 38 100000
8 2 2 1639 2 7 39 100000
8 2 2 1640 2 0 40 100000
8 2 2 1641 2 1 41 100000
8 2 2 1642 2 2 42 100000
8 2 2 1643 2 3 43 100000
8 2 2 1644 2 4 44 100000
8 2 2 1645 2 5 45 100000
8 2 2 1646 2 6 46 100000
8 2 2 1647 2 7 47 100000
8 2 2 1648 2 0 48 100000
8 2 2 1649 2 1 49 100000
8 2 2 1650 2 2 50 100000
8 2 2 1651 2 3 51 100000
8 2 2 1652 2 4 52 100000
8 2 2 1653 2 5 53 100000
8 2 2 1654 2 6 54 100000
8 2 2 1655 2 7 55 100000
8 2 2 1656 2 0 56 100000
8 2 2 1657 2 1 57 100000
8 2 2 1658 2 2 58 100000
8 2 2 1659 2 3 59 100000
8 2 2 1660 2 4 60 100000
8 2 2 1661 2 5 61 100000
8 2 2 1662 2 6 62 100000
8 2 2 1663 2 7 63 100000
8 2 2 1664 2 0 64 100000
8 2 2 1665 2 1 65 100000
8 2 2 1666 2 2 66 100000
8 2 2 1667 2 3 67 100000
8 2 2 1668 2 4 68 100000
8 2 2 1669 2 5 69 100000
8 2 2 1670 2 6 70 100000
8 2 2 1671 2 7 71 100000
8 2 2 1672 2 0 72 100000
8 2 2 1673 2 1 73 100000
8 2 2 1674 2 2 74 100000
8 2 2 1675 2 3 75 100000
8 2 2 1676 2 4 76 100000
8 2 2 1677 2 5 77 100000
8 2 2 1678 2 6 78 100000
8 2 2 1679 2 7 79 100000
8 2 2 1680 2 0 80 100000
8 2 2 1681 2 1 81 100000
8 2 2 1682 2 2 82 100000
8 2 2 1683 2 3 83 100000
8 2 2 1684 2 4 84 100000
8 2 2 1685 2 5 85 100000
8 2 2 1686 2 6 86 100000
8 2 2 1687 2 7 87 100000
8 2 2 1688 2 0 88 100000
8 2 2 1689 2 1 89 100000
8 2 2 1690 2 2 90 100000
8 2 2 1691 2 3 91 100000
8 2 2 1692 2 4 92 100000
8 2 2 1693 2 5 93 100000
8 2 2 1694 2 6 94 100000
8 2 2 1695 2 7 95 100000
8 2 2 1696 2 0 96 100000
8 2 2 1697 2 1 97 100000
8 2 2 1698 2 2 98 100000
8 2 2 1699 2 3 99 100000
8 2 2 1700 2 4 0 100000
8 2 2 1701 2 5 1 100000
8 2 2 1702 2 6 2 100000
8 2 2 1703 2 7 3 100000
8 2 2 1704 2 0 4 100000
8 2 2 1705 2 1 5 100000
8 2 2 1706 2 2 6 100000
8 2 2 1707 2 3 7 100000
8 2 2 1708 2 4 8 100000
8 2 2 1709 2 5 9 100000
8 2 2 1710 2 6 10 100000
8 2 2 1711 2 7 11 100000
8 2 2 1712 2 0 12 100000
8 2 2 1713 2 1 13 100000
8 2 2 1714 2 2 14 100000
8 2 2 1715 2 3 15 100000
8 2 2 1716 2 4 16 100000
8 2 2 1717 2 5 17 100000
8 2 2 1718 2 6 18 100000
8 2 2 1719 2 7 19 100000
8 2 2 1720 2 0 20 100000
8 2 2 1721 2 1 21 100000
8 2 2 1722 2 2 22 100000
8 2 2 1723 2 3 23 100000
8 2 2 1724 2 4 24 100000
8 2 2 1725 2 5 25 100000
8 2 2 1726 2 6 26 100000
8 2 2 1727 2 7 27 100000
8 2 2 1728 2 0 28 100000
8 2 2 1729 2 1 29 100000
8 2 2 1730 2 2 30 100000
8 2 2 1731 2 3 31 100000
8 2 2 1732 2 4 32 100000
8 2 2 1733 2 5 33 100000
8 2 2 1734 2 6 34 100000
8 2 2 1735 2 7 35 100000
8 2 2 1736 2 0 36 100000
8 2 2 1737 2 1 37 100000
8 2 2 1738 2 2 38 100000
8 2 2 1739 2 3 39 100000
8 2 2 1740 2 4 40 100000
8 2 2 1741 2 5 41 100000
8 2 2 1742 2 6 42 100000
8 2 2 1743 2 7 43 100000
8 2 2 1744 2 0 44 100000
8 2 2 1745 2 1 45 100000
8 2 2 1746 2 2 46 100000
8 2 2 1747 2 3 47 100000
8 2 2 1748 2 4 48 100000
8 2 2 1749 2 5 49 100000
8 2 2 1750 2 6 50 100000
8 2 2 1751 2 7 51 100000
8 2 2 1752 2 0 52 100000
8 2 2 1753 2 1 53 100000
8 2 2 1754 2 2 54 100000
8 2 2 1755 2 3 55 100000
8 2 2 1756 2 4 56 100000
8 2 2 1757 2 5 57 100000
8 2 2 1758 2 6 58 100000
8 2 2 1759 2 7 59 100000
8 2 2 1760 2 0 60 100000
8 2 2 1761 2 1 61 100000
8 2 2 1762 2 2 62 100000
8 2 2 1763 2 3 63 100000
8 2 2 1764 2 4 64 100000
8 2 2 1765 2 5 65 100000
8 2 2 1766 2 6 66 100000
8 2 2 1767 2 7 67 100000
8 2 2 1768 2 0 68 100000
8 2 2 1769 2 1 69 100000
8 2 2 1770 2 2 70 100000
8 2 2 1771 2 3 71 100000
8 2 2 1772 2 4 72 100000
8 2 2 1773 2 5 73 100000
8 2 2 1774 2 6 74 100000
8 2 2 1775 2 7 75 100000
8 2 2 1776 2 0 76 100000
8 2 2 1777 2 1 77 100000
8 2 2 1778 2 2 78 100000
8 2 2 1779 2 3 79 100000
8 2 2 1780 2 4 80 100000
8 2 2 1781 2 5 81 100000
8 2 2 1782 2 6 82 100000
8 2 2 1783 2 7 83 100000
8 2 2 1784 2 0 84 100000
8 2 2 1785 2 1 85 100000
8 2 2 1786 2 2 86 100000
8 2 2 1787 2 3 87 100000
8 2 2 1788 2 4 88 100000
8 2 2 1789 2 5 89 100000
8 2 2 1790 2 6 90 100000
8 2 2 1791 2 7 91 100000
8 2 2 1792 2 0 92 100000
8 2 2 1793 2 1 93 100000
8 2 2 1794 2 2 94 100000
8 2 2 1795 2 3 95 100000
8 2 2 1796 2 4 96 100000
8 2 2 1797 2 5 97 100000
8 2 2 1798 2 6 98 100000
8 2 2 1799 2 7 99 100000
8 2 3 1200 1 0 0 102392
8 2 3 1201 1 1 1 99136
8 2 3 1202 1 2 2 105351
8 2 3 1203 1 3 3 99929
8 2 3 1204 1 4 4 87785
8 2 3 1205 1 5 5 95572
8 2 3 1206 1 6 6 108631
8 2 3 1207 1 7 7 97761
8 2 3 1208 1 0 8 97663
8 2 3 1209 1 1 9 99286
8 2 3 1210 1 2 10 109981
8 2 3 1211 1 3 11 101950
8 2 3 1212 1 4 12 106853
8 2 3 1213 1 5 13 115359
8 2 3 1214 1 6 14 84644
8 2 3 1215 1 7 15 120524
8 2 3 1216 1 0 16 101933
8 2 3 1217 1 1 17 103838
8 2 3 1218 1 2 18 97395
8 2 3 1219 1 3 19 105878
8 2 3 1220 1 4 20 99709
8 2 3 1221 1 5 21 111589
8 2 3 1222 1 6 22 118538
8 2 3 1223 1 7 23 101318
8 2 3 1224 1 0 24 101119
8 2 3 1225 1 1 25 103894
8 2 3 1226 1 2 26 103629
8 2 3 1227 1 3 27 109127
8 2 3 1228 1 4 28 119110
8 2 3 1229 1 5 29 97403
8 2 3 1230 1 6 30 98598
8 2 3 1231 1 7 31 111106
8 2 3 1232 1 0 32 102386
8 2 3 1233 1 1 33 103140
8 2 3 1234 1 2 34 107967
8 2 3 1235 1 3 35 102333
8 2 3 1236 1 4 36 113921
8 2 3 1237 1 5 37 107076
8 2 3 1238 1 6 38 123097
8 2 3 1239 1 7 39 104883
8 2 3 1240 1 0 40 100557
8 2 3 1241 1 1 41 104962
8 2 3 1242 1 2 42 105911
8 2 3 1243 1 3 43 100933
8 2 3 1244 1 4 44 103116
8 2 3 1245 1 5 45 130513
8 2 3 1246 1 6 46 94154
8 2 3 1247 1 7 47 96241
8 2 3 1248 1 0 48 101140
8 2 3 1249 1 1 49 100909
8 2 3 1250 1 2 50 99139
8 2 3 1251 1 3 51 107311
8 2 3 1252 1 4 52 120158
8 2 3 1253 1 5 53 99757
8 2 3 1254 1 6 54 129039
8 2 3 1255 1 7 55 103555
8 2 3 1256 1 0 56 102551
8 2 3 1257 1 1 57 98219
8 2 3 1258 1 2 58 99218
8 2 3 1259 1 3 59 102205
8 2 3 1260 1 4 60 98041
8 2 3 1261 1 5 61 91019
8 2 3 1262 1 6 62 78153
8 2 3 1263 1 7 63 86542
8 2 3 1264 1 0 64 101828
8 2 3 1265 1 1 65 99579
8 2 3 1266 1 2 66 95077
8 2 3 1267 1 3 67 101668
8 2 3 1268 1 4 68 91668
8 2 3 1269 1 5 69 92202
8 2 3 1270 1 6 70 123095
8 2 3 1271 1 7 71 114150
8 2 3 1272 1 0 72 102976
8 2 3 1273 1 1 73 102424
8 2 3 1274 1 2 74 98895
8 2 3 1275 1 3 75 106938
8 2 3 1276 1 4 76 108441
8 2 3 1277 1 5 77 91593
8 2 3 1278 1 6 78 103697
8 2 3 1279 1 7 79 104044
8 2 3 1280 1 0 80 102313
8 2 3 1281 1 1 81 99529
8 2 3 1282 1 2 82 101269
8 2 3 1283 1 3 83 100164
8 2 3 1284 1 4 84 109075
8 2 3 1285 1 5 85 112527
8 2 3 1286 1 6 86 106473
8 2 3 1287 1 7 87 119513
8 2 3 1288 1 0 88 101480
8 2 3 1289 1 1 89 105740
8 2 3 1290 1 2 90 106382
8 2 3 1291 1 3 91 105291
8 2 3 1292 1 4 92 110044
8 2 3 1293 1 5 93 116010
8 2 3 1294 1 6 94 108355
8 2 3 1295 1 7 95 134539
8 2 3 1296 1 0 96 99987
8 2 3 1297 1 1 97 103173
8 2 3 1298 1 2 98 102614
8 2 3 1299 1 3 99 111220
8 2 3 1300 1 4 0 113633
8 2 3 1301 1 5 1 94702
8 2 3 1302 1 6 2 121807
8 2 3 1303 1 7 3 95468
8 2 3 1304 1 0 4 97577
8 2 3 1305 1 1 5 97883
8 2 3 1306 1 2 6 106020
8 2 3 1307 1 3 7 97870
8 2 3 1308 1 4 8 87983
8 2 3 1309 1 5 9 102803
8 2 3 1310 1 6 10 124878
8 2 3 1311 1 7 11 111838
8 2 3 1312 1 0 12 101908
8 2 3 1313 1 1 13 103696
8 2 3 1314 1 2 14 98289
8 2 3 1315 1 3 15 108809
8 2 3 1316 1 4 16 108538
8 2 3 1317 1 5 17 114484
8 2 3 1318 1 6 18 87082
8 2 3 1319 1 7 19 103318
8 2 3 1320 1 0 20 100151
8 2 3 1321 1 1 21 101457
8 2 3 1322 1 2 22 100920
8 2 3 1323 1 3 23 100296
8 2 3 1324 1 4 24 105507
8 2 3 1325 1 5 25 117112
8 2 3 1326 1 6 26 112066
8 2 3 1327 1 7 27 118608
8 2 3 1328 1 0 28 103713
8 2 3 1329 1 1 29 99684
8 2 3 1330 1 2 30 101543
8 2 3 1331 1 3 31 98069
8 2 3 1332 1 4 32 110906
8 2 3 1333 1 5 33 108711
8 2 3 1334 1 6 34 118065
8 2 3 1335 1 7 35 108407
8 2 3 1336 1 0 36 103289
8 2 3 1337 1 1 37 102160
8 2 3 1338 1 2 38 104106
8 2 3 1339 1 3 39 104975
8 2 3 1340 1 4 40 102626
8 2 3 1341 1 5 41 117983
8 2 3 1342 1 6 42 122661
8 2 3 1343 1 7 43 101206
8 2 3 1344 1 0 44 100635
8 2 3 1345 1 1 45 105704
8 2 3 1346 1 2 46 98478
8 2 3 1347 1 3 47 105322
8 2 3 1348 1 4 48 104817
8 2 3 1349 1 5 49 99475
8 2 3 1350 1 6 50 97345
8 2 3 1351 1 7 51 116945
8 2 3 1352 1 0 52 103857
8 2 3 1353 1 1 53 100425
8 2 3 1354 1 2 54 109068
8 2 3 1355 1 3 55 103843
8 2 3 1356 1 4 56 114257
8 2 3 1357 1 5 57 97586
8 2 3 1358 1 6 58 110915
8 2 3 1359 1 7 59 96317
8 2 3 1360 1 0 60 100262
8 2 3 1361 1 1 61 99654
8 2 3 1362 1 2 62 92987
8 2 3 1363 1 3 63 93343
8 2 3 1364 1 4 64 110237
8 2 3 1365 1 5 65 95798
8 2 3 1366 1 6 66 94487
8 2 3 1367 1 7 67 129254
8 2 3 1368 1 0 68 98160
8 2 3 1369 1 1 69 97285
8 2 3 1370 1 2 70 105566
8 2 3 1371 1 3 71 98293
8 2 3 1372 1 4 72 112924
8 2 3 1373 1 5 73 109976
8 2 3 1374 1 6 74 99711
8 2 3 1375 1 7 75 107035
8 2 3 1376 1 0 76 101522
8 2 3 1377 1 1 77 97416
8 2 3 1378 1 2 78 101021
8 2 3 1379 1 3 79 98615
8 2 3 1380 1 4 80 111986
8 2 3 1381 1 5 81 114015
8 2 3 1382 1 6 82 110657
8 2 3 1383 1 7 83 98051
8 2 3 1384 1 0 84 100750
8 2 3 1385 1 1 85 102812
8 2 3 1386 1 2 86 104438
8 2 3 1387 1 3 87 105950
8 2 3 1388 1 4 88 106620
8 2 3 1389 1 5 89 122116
8 2 3 1390 1 6 90 117897
8 2 3 1391 1 7 91 125826
8 2 3 1392 1 0 92 102034
8 2 3 1393 1 1 93 103544
8 2 3 1394 1 2 94 103523
8 2 3 1395 1 3 95 112897
8 2 3 1396 1 4 96 98827
8 2 3 1397 1 5 97 110872
8 2 3 1398 1 6 98 106321
8 2 3 1399 1 7 99 125274
8 2 3 1400 1 0 0 102392
8 2 3 1401 1 1 1 99136
8 2 3 1402 1 2 2 105351
8 2 3 1403 1 3 3 99929
8 2 3 1404 1 4 4 87785
8 2 3 1405 1 5 5 95572
8 2 3 1406 1 6 6 108631
8 2 3 1407 1 7 7 97761
8 2 3 1408 1 0 8 97663
8 2 3 1409 1 1 9 99286
8 2 3 1410 1 2 10 109981
8 2 3 1411 1 3 11 101950
8 2 3 1412 1 4 12 106853
8 2 3 1413 1 5 13 115359
8 2 3 1414 1 6 14 84644
8 2 3 1415 1 7 15 120524
8 2 3 1416 1 0 16 101933
8 2 3 1417 1 1 17 103838
8 2 3 1418 1 2 18 97395
8 2 3 1419 1 3 19 105878
8 2 3 1420 1 4 20 99709
8 2 3 1421 1 5 21 111589
8 2 3 1422 1 6 22 118538
8 2 3 1423 1 7 23 101318
8 2 3 1424 1 0 24 101119
8 2 3 1425 1 1 25 103894
8 2 3 1426 1 2 26 103629
8 2 3 1427 1 3 27 109127
8 2 3 1428 1 4 28 119110
8 2 3 1429 1 5 29 97403
8 2 3 1430 1 6 30 98598
8 2 3 1431 1 7 31 111106
8 2 3 1432 1 0 32 102386
8 2 3 1433 1 1 33 103140
8 2 3 1434 1 2 34 107967
8 2 3 1435 1 3 35 102333
8 2 3 1436 1 4 36 113921
8 2 3 1437 1 5 37 107076
8 2 3 1438 1 6 38 123097
8 2 3 1439 1 7 39 104883
8 2 3 1440 1 0 40 100557
8 2 3 1441 1 1 41 104962
8 2 3 1442 1 2 42 105911
8 2 3 1443 1 3 43 100933
8 2 3 1444 1 4 44 103116
8 2 3 1445 1 5 45 130513
8 2 3 1446 1 6 46 94154
8 2 3 1447 1 7 47 96241
8 2 3 1448 1 0 48 101140
8 2 3 1449 1 1 49 100909
8 2 3 1450 1 2 50 99139
8 2 3 1451 1 3 51 107311
8 2 3 1452 1 4 52 120158
8 2 3 1453 1 5 53 99757
8 2 3 1454 1 6 54 129039
8 2 3 1455 1 7 55 103555
8 2 3 1456 1 0 56 102551
8 2 3 1457 1 1 57 98219
8 2 3 1458 1 2 58 99218
8 2 3 1459 1 3 59 102205
8 2 3 1460 1 4 60 98041
8 2 3 1461 1 5 61 91019
8 2 3 1462 1 6 62 78153
8 2 3 1463 1 7 63 86542
8 2 3 1464 1 0 64 101828
8 2 3 1465 1 1 65 99579
8 2 3 1466 1 2 66 95077
8 2 3 1467 1 3 67 101668
8 2 3 1468 1 4 68 91668
8 2 3 1469 1 5 69 92202
8 2 3 1470 1 6 70 123095
8 2 3 1471 1 7 71 114150
8 2 3 1472 1 0 72 102976
8 2 3 1473 1 1 73 102424
8 2 3 1474 1 2 74 98895
8 2 3 1475 1 3 75 106938
8 2 3 1476 1 4 76 108441
8 2 3 1477 1 5 77 91593
8 2 3 1478 1 6 78 103697
8 2 3 1479 1 7 79 104044
8 2 3 1480 1 0 80 102313
8 2 3 1481 1 1 81 99529
8 2 3 1482 1 2 82 101269
8 2 3 1483 1 3 83 100164
8 2 3 1484 1 4 84 109075
8 2 3 1485 1 5 85 112527
8 2 3 1486 1 6 86 106473
8 2 3 1487 1 7 87 119513
8 2 3 1488 1 0 88 101480
8 2 3 1489 1 1 89 105740
8 2 3 1490 1 2 90 106382
8 2 3 1491 1 3 91 105291
8 2 3 1492 1 4 92 110044
8 2 3 1493 1 5 93 116010
8 2 3 1494 1 6 94 108355
8 2 3 1495 1 7 95 134539
8 2 3 1496 1 0 96 99987
8 2 3 1497 1 1 97 103173
8 2 3 1498 1 2 98 102614
8 2 3 1499 1 3 99 111220
8 2 3 1500 1 4 0 113633
8 2 3 1501 1 5 1 94702
8 2 3 1502 1 6 2 121807
8 2 3 1503 1 7 3 95468
8 2 3 1504 1 0 4 97577
8 2 3 1505 1 1 5 97883
8 2 3 1506 1 2 6 106020
8 2 3 1507 1 3 7 97870
8 2 3 1508 1 4 8 87983
8 2 3 1509 1 5 9 102803
8 2 3 1510 1 6 10 124878
8 2 3 1511 1 7 11 111838
8 2 3 1512 1 0 12 101908
8 2 3 1513 1 1 13 103696
8 2 3 1514 1 2 14 98289
8 2 3 1515 1 3 15 108809
8 2 3 1516 1 4 16 108538
8 2 3 1517 1 5 17 114484
8 2 3 1518 1 6 18 87082
8 2 3 1519 1 7 19 103318
8 2 3 1520 1 0 20 100151
8 2 3 1521 1 1 21 101457
8 2 3 1522 1 2 22 100920
8 2 3 1523 1 3 23 100296
8 2 3 1524 1 4 24 105507
8 2 3 1525 1 5 25 117112
8 2 3 1526 1 6 26 112066
8 2 3 1527 1 7 27 118608
8 2 3 1528 1 0 28 103713
8 2 3 1529 1 1 29 99684
8 2 3 1530 1 2 30 101543
8 2 3 1531 1 3 31 98069
8 2 3 1532 1 4 32 110906
8 2 3 1533 1 5 33 108711
8 2 3 1534 1 6 34 118065
8 2 3 1535 1 7 35 108407
8 2 3 1536 1 0 36 103289
8 2 3 1537 1 1 37 102160
8 2 3 1538 1 2 38 104106
8 2 3 1539 1 3 39 104975
8 2 3 1540 1 4 40 102626
8 2 3 1541 1 5 41 117983
8 2 3 1542 1 6 42 122661
8 2 3 1543 1 7 43 101206
8 2 3 1544 1 0 44 100635
8 2 3 1545 1 1 45 105704
8 2 3 1546 1 2 46 98478
8 2 3 1547 1 3 47 105322
8 2 3 1548 1 4 48 104817
8 2 3 1549 1 5 49 99475
8 2 3 1550 1 6 50 97345
8 2 3 1551 1 7 51 116945
8 2 3 1552 1 0 52 103857
8 2 3 1553 1 1 53 100425
8 2 3 1554 1 2 54 109068
8 2 3 1555 1 3 55 103843
8 2 3 1556 1 4 56 114257
8 2 3 1557 1 5 57 97586
8 2 3 1558 1 6 58 110915
8 2 3 1559 1 7 59 96317
8 2 3 1560 1 0 60 100262
8 2 3 1561 1 1 61 99654
8 2 3 1562 1 2 62 92987
8 2 3 1563 1 3 63 93343
8 2 3 1564 1 4 64 110237
8 2 3 1565 1 5 65 95798
8 2 3 1566 1 6 66 94487
8 2 3 1567 1 7 67 129254
8 2 3 1568 1 0 68 98160
8 2 3 1569 1 1 69 97285
8 2 3 1570 1 2 70 105566
8 2 3 1571 1 3 71 98293
8 2 3 1572 1 4 72 112924
8 2 3 1573 1 5 73 109976
8 2 3 1574 1 6 74 99711
8 2 3 1575 1 7 75 107035
8 2 3 1576 1 0 76 101522
8 2 3 1577 1 1 77 97416
8 2 3 1578 1 2 78 101021
8 2 3 1579 1 3 79 98615
8 2 3 1580 1 4 80 111986
8 2 3 1581 1 5 81 114015
8 2 3 1582 1 6 82 110657
8 2 3 1583 1 7 83 98051
8 2 3 1584 1 0 84 100750
8 2 3 1585 1 1 85 102812
8 2 3 1586 1 2 86 104438
8 2 3 1587 1 3 87 105950
8 2 3 1588 1 4 88 106620
8 2 3 1589 1 5 89 122116
8 2 3 1590 1 6 90 117897
8 2 3 1591 1 7 91 125826
8 2 3 1592 1 0 92 102034
8 2 3 1593 1 1 93 103544
8 2 3 1594 1 2 94 103523
8 2 3 1595 1 3 95 112897
8 2 3 1596 1 4 96 98827
8 2 3 1597 1 5 97 110872
8 2 3 1598 1 6 98 106321
8 2 3 1599 1 7 99 125274
8 2 3 1600 2 0 0 100000
8 2 3 1601 2 1 1 100000
8 2 3 1602 2 2 2 100000
8 2 3 1603 2 3 3 100000
8 2 3 1604 2 4 4 100000
8 2 3 1605 2 5 5 100000
8 2 3 1606 2 6 6 100000
8 2 3 1607 2 7 7 100000
8 2 3 1608 2 0 8 100000
8 2 3 1609 2 1 9 100000
8 2 3 1610 2 2 10 100000
8 2 3 1611 2 3 11 100000
8 2 3 1612 2 4 12 100000
8 2 3 1613 2 5 13 100000
8 2 3 1614 2 6 14 100000
8 2 3 1615 2 7 15 100000
8 2 3 1616 2 0 16 100000
8 2 3 1617 2 1 17 100000
8 2 3 1618 2 2 18 100000
8 2 3 1619 2 3 19 100000
8 2 3 1620 2 4 20 100000
8 2 3 1621 2 5 21 100000
8 2 3 1622 2 6 22 100000
8 2 3 1623 2 7 23 100000
8 2 3 1624 2 0 24 100000
8 2 3 1625 2 1 25 100000
8 2 3 1626 2 2 26 100000
8 2 3 1627 2 3 27 100000
8 2 3 1628 2 4 28 100000
8 2 3 1629 2 5 29 100000
8 2 3 1630 2 6 30 100000
8 2 3 1631 2 7 31 100000
8 2 3 1632 2 0 32 100000
8 2 3 1633 2 1 33 100000
8 2 3 1634 2 2 34 100000
8 2 3 1635 2 3 35 100000
8 2 3 1636 2 4 36 100000
8 2 3 1637 2 5 37 100000
8 2 3 1638 2 6 38 100000
8 2 3 1639 2 7 39 100000
8 2 3 1640 2 0 40 100000
8 2 3 1641 2 1 41 100000
8 2 3 1642 2 2 42 100000
8 2 3 1643 2 3 43 100000
8 2 3 1644 2 4 44 100000
8 2 3 1645 2 5 45 100000
8 2 3 1646 2 6 46 100000
8 2 3 1647 2 7 47 100000
8 2 3 1648 2 0 48 100000
8 2 3 1649 2 1 49 100000
8 2 3 1650 2 2 50 100000
8 2 3 1651 2 3 51 100000
8 2 3 1652 2 4 52 100000
8 2 3 1653 2 5 53 100000
8 2 3 1654 2 6 54 100000
8 2 3 1655 2 7 55 100000
8 2 3 1656 2 0 56 100000
8 2 3 1657 2 1 57 100000
8 2 3 1658 2 2 58 100000
8 2 3 1659 2 3 59 100000
8 2 3 1660 2 4 60 100000
8 2 3 1661 2 5 61 100000
8 2 3 1662 2 6 62 100000
8 2 3 1663 2 7 63 100000
8 2 3 1664 2 0 64 100000
8 2 3 1665 2 1 65 100000
8 2 3 1666 2 2 66 100000
8 2 3 1667 2 3 67 100000
8 2 3 1668 2 4 68 100000
8 2 3 1669 2 5 69 100000
8 2 3 1670 2 6 70 100000
8 2 3 1671 2 7 71 100000
8 2 3 1672 2 0 72 100000
8 2 3 1673 2 1 73 100000
8 2 3 1674 2 2 74 100000
8 2 3 1675 2 3 75 100000
8 2 3 1676 2 4 76 100000
8 2 3 1677 2 5 77 100000
8 2 3 1678 2 6 78 100000
8 2 3 1679 2 7 79 100000
8 2 3 1680 2 0 80 100000
8 2 3 1681 2 1 81 100000
8 2 3 1682 2 2 82 100000
8 2 3 1683 2 3 83 100000
8 2 3 1684 2 4 84 100000
8 2 3 1685 2 5 85 100000
8 2 3 1686 2 6 86 100000
8 2 3 1687 2 7 87 100000
8 2 3 1688 2 0 88 100000
8 2 3 1689 2 1 89 100000
8 2 3 1690 2 2 90 100000
8 2 3 1691 2 3 91 100000
8 2 3 1692 2 4 92 100000
8 2 3 1693 2 5 93 100000
8 2 3 1694 2 6 94 100000
8 2 3 1695 2 7 95 100000
8 2 3 1696 2 0 96 100000
8 2 3 1697 2 1 97 100000
8 2 3 1698 2 2 98 100000
8 2 3 1699 2 3 99 100000
8 2 3 1700 2 4 0 100000
8 2 3 1701 2 5 1 100000
8 2 3 1702 2 6 2 100000
8 2 3 1703 2 7 3 100000
8 2 3 1704 2 0 4 100000
8 2 3 1705 2 1 5 100000
8 2 3 1706 2 2 6 100000
8 2 3 1707 2 3 7 100000
8 2 3 1708 2 4 8 100000
8 2 3 1709 2 5 9 100000
8 2 3 1710 2 6 10 100000
8 2 3 1711 2 7 11 100000
8 2 3 1712 2 0 12 100000
8 2 3 1713 2 1 13 100000
8 2 3 1714 2 2 14 100000
8 2 3 1715 2 3 15 100000
8 2 3 1716 2 4 16 100000
8 2 3 1717 2 5 17 100000
8 2 3 1718 2 6 18 100000
8 2 3 1719 2 7 19 100000
8 2 3 1720 2 0 20 100000
8 2 3 1721 2 1 21 100000
8 2 3 1722 2 2 22 100000
8 2 3 1723 2 3 23 100000
8 2 3 1724 2 4 24 100000
8 2 3 1725 2 5 25 100000
8 2 3 1726 2 6 26 100000
8 2 3 1727 2 7 27 100000
8 2 3 1728 2 0 28 100000
8 2 3 1729 2 1 29 100000
8 2 3 1730 2 2 30 100000
8 2 3 1731 2 3 31 100000
8 2 3 1732 2 4 32 100000
8 2 3 1733 2 5 33 100000
8 2 3 1734 2 6 34 100000
8 2 3 1735 2 7 35 100000
8 2 3 1736 2 0 36 100000
8 2 3 1737 2 1 37 100000
8 2 3 1738 2 2 38 100000
8 2 3 1739 2 3 39 100000
8 2 3 1740 2 4 40 100000
8 2 3 1741 2 5 41 100000
8 2 3 1742 2 6 42 100000
8 2 3 1743 2 7 43 100000
8 2 3 1744 2 0 44 100000
8 2 3 1745 2 1 45 100000
8 2 3 1746 2 2 46 100000
8 2 3 1747 2 3 47 100000
8 2 3 1748 2 4 48 100000
8 2 3 1749 2 5 49 100000
8 2 3 1750 2 6 50 100000
8 2 3 1751 2 7 51 100000
8 2 3 1752 2 0 52 100000
8 2 3 1753 2 1 53 100000
8 2 3 1754 2 2 54 100000
8 2 3 1755 2 3 55 100000
8 2 3 1756 2 4 56 100000
8 2 3 1757 2 5 57 100000
8 2 3 1758 2 6 58 100000
8 2 3 1759 2 7 59 100000
8 2 3 1760 2 0 60 100000
8 2 3 1761 2 1 61 100000
8 2 3 1762 2 2 62 100000
8 2 3 1763 2 3 63 100000
8 2 3 1764 2 4 64 100000
8 2 3 1765 2 5 65 100000
8 2 3 1766 2 6 66 100000
8 2 3 1767 2 7 67 100000
8 2 3 1768 2 0 68 100000
8 2 3 1769 2 1 69 100000
8 2 3 1770 2 2 70 100000
8 2 3 1771 2 3 71 100000
8 2 3 1772 2 4 72 100000
8 2 3 1773 2 5 73 100000
8 2 3 1774 2 6 74 100000
8 2 3 1775 2 7 75 100000
8 2 3 1776 2 0 76 100000
8 2 3 1777 2 1 77 100000
8 2 3 1778 2 2 78 100000
8 2 3 1779 2 3 79 100000
8 2 3 1780 2 4 80 100000
8 2 3 1781 2 5 81 100000
8 2 3 1782 2 6 82 100000
8 2 3 1783 2 7 83 100000
8 2 3 1784 2 0 84 100000
8 2 3 1785 2 1 85 100000
8 2 3 1786 2 2 86 100000
8 2 3 1787 2 3 87 100000
8 2 3 1788 2 4 88 100000
8 2 3 1789 2 5 89 100000
8 2 3 1790 2 6 90 100000
8 2 3 1791 2 7 91 100000
8 2 3 1792 2 0 92 100000
8 2 3 1793 2 1 93 100000
8 2 3 1794 2 2 94 100000
8 2 3 1795 2 3 95 100000
8 2 3 1796 2 4 96 100000
8 2 3 1797 2 5 97 100000
8 2 3 1798 2 6 98 100000
8 2 3 1799 2 7 99 100000
8 2 4 1200 1 0 0 103676
8 2 4 1201 1 1 1 98193
8 2 4 1202 1 2 2 101787
8 2 4 1203 1 3 3 104625
8 2 4 1204 1 4 4 92989
8 2 4 1205 1 5 5 92911
8 2 4 1206 1 6 6 102484
8 2 4 1207 1 7 7 101130
8 2 4 1208 1 0 8 97372
8 2 4 1209 1 1 9 98065
8 2 4 1210 1 2 10 113628
8 2 4 1211 1 3 11 98854
8 2 4 1212 1 4 12 110605
8 2 4 1213 1 5 13 105796
8 2 4 1214 1 6 14 93073
8 2 4 1215 1 7 15 125434
8 2 4 1216 1 0 16 101070
8 2 4 1217 1 1 17 103402
8 2 4 1218 1 2 18 100673
8 2 4 1219 1 3 19 109101
8 2 4 1220 1 4 20 98926
8 2 4 1221 1 5 21 122794
8 2 4 1222 1 6 22 128942
8 2 4 1223 1 7 23 103538
8 2 4 1224 1 0 24 100559
8 2 4 1225 1 1 25 102728
8 2 4 1226 1 2 26 105868
8 2 4 1227 1 3 27 114353
8 2 4 1228 1 4 28 123780
8 2 4 1229 1 5 29 90434
8 2 4 1230 1 6 30 98509
8 2 4 1231 1 7 31 110081
8 2 4 1232 1 0 32 103592
8 2 4 1233 1 1 33 104272
8 2 4 1234 1 2 34 106827
8 2 4 1235 1 3 35 107244
8 2 4 1236 1 4 36 109307
8 2 4 1237 1 5 37 113637
8 2 4 1238 1 6 38 121604
8 2 4 1239 1 7 39 106312
8 2 4 1240 1 0 40 101718
8 2 4 1241 1 1 41 106217
8 2 4 1242 1 2 42 109446
8 2 4 1243 1 3 43 105720
8 2 4 1244 1 4 44 99348
8 2 4 1245 1 5 45 123382
8 2 4 1246 1 6 46 94403
8 2 4 1247 1 7 47 100238
8 2 4 1248 1 0 48 102291
8 2 4 1249 1 1 49 99666
8 2 4 1250 1 2 50 98088
8 2 4 1251 1 3 51 105826
8 2 4 1252 1 4 52 117003
8 2 4 1253 1 5 53 108616
8 2 4 1254 1 6 54 118379
8 2 4 1255 1 7 55 116267
8 2 4 1256 1 0 56 101469
8 2 4 1257 1 1 57 97909
8 2 4 1258 1 2 58 98456
8 2 4 1259 1 3 59 106475
8 2 4 1260 1 4 60 92168
8 2 4 1261 1 5 61 93708
8 2 4 1262 1 6 62 72247
8 2 4 1263 1 7 63 78232
8 2 4 1264 1 0 64 101997
8 2 4 1265 1 1 65 97857
8 2 4 1266 1 2 66 95561
8 2 4 1267 1 3 67 97907
8 2 4 1268 1 4 68 87460
8 2 4 1269 1 5 69 97055
8 2 4 1270 1 6 70 121480
8 2 4 1271 1 7 71 125251
8 2 4 1272 1 0 72 101925
8 2 4 1273 1 1 73 101012
8 2 4 1274 1 2 74 99927
8 2 4 1275 1 3 75 112045
8 2 4 1276 1 4 76 115787
8 2 4 1277 1 5 77 89026
8 2 4 1278 1 6 78 101535
8 2 4 1279 1 7 79 92715
8 2 4 1280 1 0 80 101496
8 2 4 1281 1 1 81 98877
8 2 4 1282 1 2 82 104330
8 2 4 1283 1 3 83 101486
8 2 4 1284 1 4 84 106192
8 2 4 1285 1 5 85 120219
8 2 4 1286 1 6 86 112391
8 2 4 1287 1 7 87 129231
8 2 4 1288 1 0 88 101095
8 2 4 1289 1 1 89 107498
8 2 4 1290 1 2 90 104240
8 2 4 1291 1 3 91 102723
8 2 4 1292 1 4 92 109259
8 2 4 1293 1 5 93 121671
8 2 4 1294 1 6 94 120498
8 2 4 1295 1 7 95 134737
8 2 4 1296 1 0 96 100457
8 2 4 1297 1 1 97 101778
8 2 4 1298 1 2 98 105959
8 2 4 1299 1 3 99 110594
8 2 4 1300 1 4 0 116958
8 2 4 1301 1 5 1 89569
8 2 4 1302 1 6 2 107865
8 2 4 1303 1 7 3 108498
8 2 4 1304 1 0 4 98670
8 2 4 1305 1 1 5 97064
8 2 4 1306 1 2 6 103958
8 2 4 1307 1 3 7 101384
8 2 4 1308 1 4 8 86804
8 2 4 1309 1 5 9 103338
8 2 4 1310 1 6 10 134604
8 2 4 1311 1 7 11 114649
8 2 4 1312 1 0 12 102604
8 2 4 1313 1 1 13 102038
8 2 4 1314 1 2 14 101214
8 2 4 1315 1 3 15 113985
8 2 4 1316 1 4 16 103834
8 2 4 1317 1 5 17 112270
8 2 4 1318 1 6 18 97086
8 2 4 1319 1 7 19 108992
8 2 4 1320 1 0 20 99810
8 2 4 1321 1 1 21 103503
8 2 4 1322 1 2 22 103263
8 2 4 1323 1 3 23 104247
8 2 4 1324 1 4 24 103038
8 2 4 1325 1 5 25 113805
8 2 4 1326 1 6 26 111208
8 2 4 1327 1 7 27 134777
8 2 4 1328 1 0 28 104502
8 2 4 1329 1 1 29 98135
8 2 4 1330 1 2 30 99602
8 2 4 1331 1 3 31 99534
8 2 4 1332 1 4 32 118376
8 2 4 1333 1 5 33 115941
8 2 4 1334 1 6 34 117017
8 2 4 1335 1 7 35 123182
8 2 4 1336 1 0 36 102455
8 2 4 1337 1 1 37 103277
8 2 4 1338 1 2 38 103372
8 2 4 1339 1 3 39 109901
8 2 4 1340 1 4 40 108675
8 2 4 1341 1 5 41 127503
8 2 4 1342 1 6 42 133962
8 2 4 1343 1 7 43 102474
8 2 4 1344 1 0 44 99886
8 2 4 1345 1 1 45 104603
8 2 4 1346 1 2 46 98803
8 2 4 1347 1 3 47 110392
8 2 4 1348 1 4 48 110273
8 2 4 1349 1 5 49 93644
8 2 4 1350 1 6 50 94661
8 2 4 1351 1 7 51 116545
8 2 4 1352 1 0 52 103261
8 2 4 1353 1 1 53 101768
8 2 4 1354 1 2 54 106229
8 2 4 1355 1 3 55 108414
8 2 4 1356 1 4 56 113462
8 2 4 1357 1 5 57 94859
8 2 4 1358 1 6 58 117161
8 2 4 1359 1 7 59 106784
8 2 4 1360 1 0 60 99093
8 2 4 1361 1 1 61 100184
8 2 4 1362 1 2 62 90562
8 2 4 1363 1 3 63 89728
8 2 4 1364 1 4 64 110656
8 2 4 1365 1 5 65 86826
8 2 4 1366 1 6 66 94204
8 2 4 1367 1 7 67 129897
8 2 4 1368 1 0 68 97276
8 2 4 1369 1 1 69 97383
8 2 4 1370 1 2 70 109146
8 2 4 1371 1 3 71 102869
8 2 4 1372 1 4 72 110446
8 2 4 1373 1 5 73 104075
8 2 4 1374 1 6 74 96656
8 2 4 1375 1 7 75 121634
8 2 4 1376 1 0 76 102894
8 2 4 1377 1 1 77 96867
8 2 4 1378 1 2 78 102192
8 2 4 1379 1 3 79 94992
8 2 4 1380 1 4 80 112481
8 2 4 1381 1 5 81 110823
8 2 4 1382 1 6 82 115637
8 2 4 1383 1 7 83 102786
8 2 4 1384 1 0 84 99737
8 2 4 1385 1 1 85 103167
8 2 4 1386 1 2 86 105960
8 2 4 1387 1 3 87 110806
8 2 4 1388 1 4 88 103588
8 2 4 1389 1 5 89 133382
8 2 4 1390 1 6 90 115236
8 2 4 1391 1 7 91 127794
8 2 4 1392 1 0 92 101722
8 2 4 1393 1 1 93 104789
8 2 4 1394 1 2 94 106463
8 2 4 1395 1 3 95 107491
8 2 4 1396 1 4 96 101410
8 2 4 1397 1 5 97 103327
8 2 4 1398 1 6 98 115484
8 2 4 1399 1 7 99 121489
8 2 4 1400 1 0 0 103676
8 2 4 1401 1 1 1 98193
8 2 4 1402 1 2 2 101787
8 2 4 1403 1 3 3 104625
8 2 4 1404 1 4 4 92989
8 2 4 1405 1 5 5 92911
8 2 4 1406 1 6 6 102484
8 2 4 1407 1 7 7 101130
8 2 4 1408 1 0 8 97372
8 2 4 1409 1 1 9 98065
8 2 4 1410 1 2 10 113628
8 2 4 1411 1 3 11 98854
8 2 4 1412 1 4 12 110605
8 2 4 1413 1 5 13 105796
8 2 4 1414 1 6 14 93073
8 2 4 1415 1 7 15 125434
8 2 4 1416 1 0 16 101070
8 2 4 1417 1 1 17 103402
8 2 4 1418 1 2 18 100673
8 2 4 1419 1 3 19 109101
8 2 4 1420 1 4 20 98926
8 2 4 1421 1 5 21 122794
8 2 4 1422 1 6 22 128942
8 2 4 1423 1 7 23 103538
8 2 4 1424 1 0 24 100559
8 2 4 1425 1 1 25 102728
8 2 4 1426 1 2 26 105868
8 2 4 1427 1 3 27 114353
8 2 4 1428 1 4 28 123780
8 2 4 1429 1 5 29 90434
8 2 4 1430 1 6 30 98509
8 2 4 1431 1 7 31 110081
8 2 4 1432 1 0 32 103592
8 2 4 1433 1 1 33 104272
8 2 4 1434 1 2 34 106827
8 2 4 1435 1 3 35 107244
8 2 4 1436 1 4 36 109307
8 2 4 1437 1 5 37 113637
8 2 4 1438 1 6 38 121604
8 2 4 1439 1 7 39 106312
8 2 4 1440 1 0 40 101718
8 2 4 1441 1 1 41 106217
8 2 4 1442 1 2 42 109446
8 2 4 1443 1 3 43 105720
8 2 4 1444 1 4 44 99348
8 2 4 1445 1 5 45 123382
8 2 4 1446 1 6 46 94403
8 2 4 1447 1 7 47 100238
8 2 4 1448 1 0 48 102291
8 2 4 1449 1 1 49 99666
8 2 4 1450 1 2 50 98088
8 2 4 1451 1 3 51 105826
8 2 4 1452 1 4 52 117003
8 2 4 1453 1 5 53 108616
8 2 4 1454 1 6 54 118379
8 2 4 1455 1 7 55 116267
8 2 4 1456 1 0 56 101469
8 2 4 1457 1 1 57 97909
8 2 4 1458 1 2 58 98456
8 2 4 1459 1 3 59 106475
8 2 4 1460 1 4 60 92168
8 2 4 1461 1 5 61 93708
8 2 4 1462 1 6 62 72247
8 2 4 1463 1 7 63 78232
8 2 4 1464 1 0 64 101997
8 2 4 1465 1 1 65 97857
8 2 4 1466 1 2 66 95561
8 2 4 1467 1 3 67 97907
8 2 4 1468 1 4 68 87460
8 2 4 1469 1 5 69 97055
8 2 4 1470 1 6 70 121480
8 2 4 1471 1 7 71 125251
8 2 4 1472 1 0 72 101925
8 2 4 1473 1 1 73 101012
8 2 4 1474 1 2 74 99927
8 2 4 1475 1 3 75 112045
8 2 4 1476 1 4 76 115787
8 2 4 1477 1 5 77 89026
8 2 4 1478 1 6 78 101535
8 2 4 1479 1 7 79 92715
8 2 4 1480 1 0 80 101496
8 2 4 1481 1 1 81 98877
8 2 4 1482 1 2 82 104330
8 2 4 1483 1 3 83 101486
8 2 4 1484 1 4 84 106192
8 2 4 1485 1 5 85 120219
8 2 4 1486 1 6 86 112391
8 2 4 1487 1 7 87 129231
8 2 4 1488 1 0 88 101095
8 2 4 1489 1 1 89 107498
8 2 4 1490 1 2 90 104240
8 2 4 1491 1 3 91 102723
8 2 4 1492 1 4 92 109259
8 2 4 1493 1 5 93 121671
8 2 4 1494 1 6 94 120498
8 2 4 1495 1 7 95 134737
8 2 4 1496 1 0 96 100457
8 2 4 1497 1 1 97 101778
8 2 4 1498 1 2 98 105959
8 2 4 1499 1 3 99 110594
8 2 4 1500 1 4 0 116958
8 2 4 1501 1 5 1 89569
8 2 4 1502 1 6 2 107865
8 2 4 1503 1 7 3 108498
8 2 4 1504 1 0 4 98670
8 2 4 1505 1 1 5 97064
8 2 4 1506 1 2 6 103958
8 2 4 1507 1 3 7 101384
8 2 4 1508 1 4 8 86804
8 2 4 1509 1 5 9 103338
8 2 4 1510 1 6 10 134604
8 2 4 1511 1 7 11 114649
8 2 4 1512 1 0 12 102604
8 2 4 1513 1 1 13 102038
8 2 4 1514 1 2 14 101214
8 2 4 1515 1 3 15 113985
8 2 4 1516 1 4 16 103834
8 2 4 1517 1 5 17 112270
8 2 4 1518 1 6 18 97086
8 2 4 1519 1 7 19 108992
8 2 4 1520 1 0 20 99810
8 2 4 1521 1 1 21 103503
8 2 4 1522 1 2 22 103263
8 2 4 1523 1 3 23 104247
8 2 4 1524 1 4 24 103038
8 2 4 1525 1 5 25 113805
8 2 4 1526 1 6 26 111208
8 2 4 1527 1 7 27 134777
8 2 4 1528 1 0 28 104502
8 2 4 1529 1 1 29 98135
8 2 4 1530 1 2 30 99602
8 2 4 1531 1 3 31 99534
8 2 4 1532 1 4 32 118376
8 2 4 1533 1 5 33 115941
8 2 4 1534 1 6 34 117017
8 2 4 1535 1 7 35 123182
8 2 4 1536 1 0 36 102455
8 2 4 1537 1 1 37 103277
8 2 4 1538 1 2 38 103372
8 2 4 1539 1 3 39 109901
8 2 4 1540 1 4 40 108675
8 2 4 1541 1 5 41 127503
8 2 4 1542 1 6 42 133962
8 2 4 1543 1 7 43 102474
8 2 4 1544 1 0 44 99886
8 2 4 1545 1 1 45 104603
8 2 4 1546 1 2 46 98803
8 2 4 1547 1 3 47 110392
8 2 4 1548 1 4 48 110273
8 2 4 1549 1 5 49 93644
8 2 4 1550 1 6 50 94661
8 2 4 1551 1 7 51 116545
8 2 4 1552 1 0 52 103261
8 2 4 1553 1 1 53 101768
8 2 4 1554 1 2 54 106229
8 2 4 1555 1 3 55 108414
8 2 4 1556 1 4 56 113462
8 2 4 1557 1 5 57 94859
8 2 4 1558 1 6 58 117161
8 2 4 1559 1 7 59 106784
8 2 4 1560 1 0 60 99093
8 2 4 1561 1 1 61 100184
8 2 4 1562 1 2 62 90562
8 2 4 1563 1 3 63 89728
8 2 4 1564 1 4 64 110656
8 2 4 1565 1 5 65 86826
8 2 4 1566 1 6 66 94204
8 2 4 1567 1 7 67 129897
8 2 4 1568 1 0 68 97276
8 2 4 1569 1 1 69 97383
8 2 4 1570 1 2 70 109146
8 2 4 1571 1 3 71 102869
8 2 4 1572 1 4 72 110446
8 2 4 1573 1 5 73 104075
8 2 4 1574 1 6 74 96656
8 2 4 1575 1 7 75 121634
8 2 4 1576 1 0 76 102894
8 2 4 1577 1 1 77 96867
8 2 4 1578 1 2 78 102192
8 2 4 1579 1 3 79 94992
8 2 4 1580 1 4 80 112481
8 2 4 1581 1 5 81 110823
8 2 4 1582 1 6 82 115637
8 2 4 1583 1 7 83 102786
8 2 4 1584 1 0 84 99737
8 2 4 1585 1 1 85 103167
8 2 4 1586 1 2 86 105960
8 2 4 1587 1 3 87 110806
8 2 4 1588 1 4 88 103588
8 2 4 1589 1 5 89 133382
8 2 4 1590 1 6 90 115236
8 2 4 1591 1 7 91 127794
8 2 4 1592 1 0 92 101722
8 2 4 1593 1 1 93 104789
8 2 4 1594 1 2 94 106463
8 2 4 1595 1 3 95 107491
8 2 4 1596 1 4 96 101410
8 2 4 1597 1 5 97 103327
8 2 4 1598 1 6 98 115484
8 2 4 1599 1 7 99 121489
8 2 4 1600 2 0 0 100000
8 2 4 1601 2 1 1 100000
8 2 4 1602 2 2 2 100000
8 2 4 1603 2 3 3 100000
8 2 4 1604 2 4 4 100000
8 2 4 1605 2 5 5 100000
8 2 4 1606 2 6 6 100000
8 2 4 1607 2 7 7 100000
8 2 4 1608 2 0 8 100000
8 2 4 1609 2 1 9 100000
8 2 4 1610 2 2 10 100000
8 2 4 1611 2 3 11 100000
8 2 4 1612 2 4 12 100000
8 2 4 1613 2 5 13 100000
8 2 4 1614 2 6 14 100000
8 2 4 1615 2 7 15 100000
8 2 4 1616 2 0 16 100000
8 2 4 1617 2 1 17 100000
8 2 4 1618 2 2 18 100000
8 2 4 1619 2 3 19 100000
8 2 4 1620 2 4 20 100000
8 2 4 1621 2 5 21 100000
8 2 4 1622 2 6 22 100000
8 2 4 1623 2 7 23 100000
8 2 4 1624 2 0 24 100000
8 2 4 1625 2 1 25 100000
8 2 4 1626 2 2 26 100000
8 2 4 1627 2 3 27 100000
8 2 4 1628 2 4 28 100000
8 2 4 1629 2 5 29 100000
8 2 4 1630 2 6 30 100000
8 2 4 1631 2 7 31 100000
8 2 4 1632 2 0 32 100000
8 2 4 1633 2 1 33 100000
8 2 4 1634 2 2 34 100000
8 2 4 1635 2 3 35 100000
8 2 4 1636 2 4 36 100000
8 2 4 1637 2 5 37 100000
8 2 4 1638 2 6 38 100000
8 2 4 1639 2 7 39 100000
8 2 4 1640 2 0 40 100000
8 2 4 1641 2 1 41 100000
8 2 4 1642 2 2 42 100000
8 2 4 1643 2 3 43 100000
8 2 4 1644 2 4 44 100000
8 2 4 1645 2 5 45 100000
8 2 4 1646 2 6 46 100000
8 2 4 1647 2 7 47 100000
8 2 4 1648 2 0 48 100000
8 2 4 1649 2 1 49 100000
8 2 4 1650 2 2 50 100000
8 2 4 1651 2 3 51 100000
8 2 4 1652 2 4 52 100000
8 2 4 1653 2 5 53 100000
8 2 4 1654 2 6 54 100000
8 2 4 1655 2 7 55 100000
8 2 4 1656 2 0 56 100000
8 2 4 1657 2 1 57 100000
8 2 4 1658 2 2 58 100000
8 2 4 1659 2 3 59 100000
8 2 4 1660 2 4 60 100000
8 2 4 1661 2 5 61 100000
8 2 4 1662 2 6 62 100000
8 2 4 1663 2 7 63 100000
8 2 4 1664 2 0 64 100000
8 2 4 1665 2 1 65 100000
8 2 4 1666 2 2 66 100000
8 2 4 1667 2 3 67 100000
8 2 4 1668 2 4 68 100000
8 2 4 1669 2 5 69 100000
8 2 4 1670 2 6 70 100000
8 2 4 1671 2 7 71 100000
8 2 4 1672 2 0 72 100000
8 2 4 1673 2 1 73 100000
8 2 4 1674 2 2 74 100000
8 2 4 1675 2 3 75 100000
8 2 4 1676 2 4 76 100000
8 2 4 1677 2 5 77 100000
8 2 4 1678 2 6 78 100000
8 2 4 1679 2 7 79 100000
8 2 4 1680 2 0 80 100000
8 2 4 1681 2 1 81 100000
8 2 4 1682 2 2 82 100000
8 2 4 1683 2 3 83 100000
8 2 4 1684 2 4 84 100000
8 2 4 1685 2 5 85 100000
8 2 4 1686 2 6 86 100000
8 2 4 1687 2 7 87 100000
8 2 4 1688 2 0 88 100000
8 2 4 1689 2 1 89 100000
8 2 4 1690 2 2 90 100000
8 2 4 1691 2 3 91 100000
8 2 4 1692 2 4 92 100000
8 2 4 1693 2 5 93 100000
8 2 4 1694 2 6 94 100000
8 2 4 1695 2 7 95 100000
8 2 4 1696 2 0 96 100000
8 2 4 1697 2 1 97 100000
8 2 4 1698 2 2 98 100000
8 2 4 1699 2 3 99 100000
8 2 4 1700 2 4 0 100000
8 2 4 1701 2 5 1 100000
8 2 4 1702 2 6 2 100000
8 2 4 1703 2 7 3 100000
8 2 4 1704 2 0 4 100000
8 2 4 1705 2 1 5 100000
8 2 4 1706 2 2 6 100000
8 2 4 1707 2 3 7 100000
8 2 4 1708 2 4 8 100000
8 2 4 1709 2 5 9 100000
8 2 4 1710 2 6 10 100000
8 2 4 1711 2 7 11 100000
8 2 4 1712 2 0 12 100000
8 2 4 1713 2 1 13 100000
8 2 4 1714 2 2 14 100000
8 2 4 1715 2 3 15 100000
8 2 4 1716 2 4 16 100000
8 2 4 1717 2 5 17 100000
8 2 4 1718 2 6 18 100000
8 2 4 1719 2 7 19 100000
8 2 4 1720 2 0 20 100000
8 2 4 1721 2 1 21 100000
8 2 4 1722 2 2 22 100000
8 2 4 1723 2 3 23 100000
8 2 4 1724 2 4 24 100000
8 2 4 1725 2 5 25 100000
8 2 4 1726 2 6 26 100000
8 2 4 1727 2 7 27 100000
8 2 4 1728 2 0 28 100000
8 2 4 1729 2 1 29 100000
8 2 4 1730 2 2 30 100000
8 2 4 1731 2 3 31 100000
8 2 4 1732 2 4 32 100000
8 2 4 1733 2 5 33 100000
8 2 4 1734 2 6 34 100000
8 2 4 1735 2 7 35 100000
8 2 4 1736 2 0 36 100000
8 2 4 1737 2 1 37 100000
8 2 4 1738 2 2 38 100000
8 2 4 1739 2 3 39 100000
8 2 4 1740 2 4 40 100000
8 2 4 1741 2 5 41 100000
8 2 4 1742 2 6 42 100000
8 2 4 1743 2 7 43 100000
8 2 4 1744 2 0 44 100000
8 2 4 1745 2 1 45 100000
8 2 4 1746 2 2 46 100000
8 2 4 1747 2 3 47 100000
8 2 4 1748 2 4 48 100000
8 2 4 1749 2 5 49 100000
8 2 4 1750 2 6 50 100000
8 2 4 1751 2 7 51 100000
8 2 4 1752 2 0 52 100000
8 2 4 1753 2 1 53 100000
8 2 4 1754 2 2 54 100000
8 2 4 1755 2 3 55 100000
8 2 4 1756 2 4 56 100000
8 2 4 1757 2 5 57 100000
8 2 4 1758 2 6 58 100000
8 2 4 1759 2 7 59 100000
8 2 4 1760 2 0 60 100000
8 2 4 1761 2 1 61 100000
8 2 4 1762 2 2 62 100000
8 2 4 1763 2 3 63 100000
8 2 4 1764 2 4 64 100000
8 2 4 1765 2 5 65 100000
8 2 4 1766 2 6 66 100000
8 2 4 1767 2 7 67 100000
8 2 4 1768 2 0 68 100000
8 2 4 1769 2 1 69 100000
8 2 4 1770 2 2 70 100000
8 2 4 1771 2 3 71 100000
8 2 4 1772 2 4 72 100000
8 2 4 1773 2 5 73 100000
8 2 4 1774 2 6 74 100000
8 2 4 1775 2 7 75 100000
8 2 4 1776 2 0 76 100000
8 2 4 1777 2 1 77 100000
8 2 4 1778 2 2 78 100000
8 2 4 1779 2 3 79 100000
8 2 4 1780 2 4 80 100000
8 2 4 1781 2 5 81 100000
8 2 4 1782 2 6 82 100000
8 2 4 1783 2 7 83 100000
8 2 4 1784 2 0 84 100000
8 2 4 1785 2 1 85 100000
8 2 4 1786 2 2 86 100000
8 2 4 1787 2 3 87 100000
8 2 4 1788 2 4 88 100000
8 2 4 1789 2 5 89 100000
8 2 4 1790 2 6 90 100000
8 2 4 1791 2 7 91 100000
8 2 4 1792 2 0 92 100000
8 2 4 1793 2 1 93 100000
8 2 4 1794 2 2 94 100000
8 2 4 1795 2 3 95 100000
8 2 4 1796 2 4 96 100000
8 2 4 1797 2 5 97 100000
8 2 4 1798 2 6 98 100000
8 2 4 1799 2 7 99 100000
8 2 5 1200 1 0 0 103410
8 2 5 1201 1 1 1 97598
8 2 5 1202 1 2 2 104238
8 2 5 1203 1 3 3 109622
8 2 5 1204 1 4 4 87533
8 2 5 1205 1 5 5 91714
8 2 5 1206 1 6 6 107061
8 2 5 1207 1 7 7 108939
8 2 5 1208 1 0 8 98690
8 2 5 1209 1 1 9 98971
8 2 5 1210 1 2 10 113032
8 2 5 1211 1 3 11 94576
8 2 5 1212 1 4 12 110576
8 2 5 1213 1 5 13 116605
8 2 5 1214 1 6 14 91353
8 2 5 1215 1 7 15 116540
8 2 5 1216 1 0 16 101997
8 2 5 1217 1 1 17 105497
8 2 5 1218 1 2 18 99564
8 2 5 1219 1 3 19 112026
8 2 5 1220 1 4 20 101745
8 2 5 1221 1 5 21 117154
8 2 5 1222 1 6 22 137042
8 2 5 1223 1 7 23 117299
8 2 5 1224 1 0 24 100466
8 2 5 1225 1 1 25 103147
8 2 5 1226 1 2 26 106093
8 2 5 1227 1 3 27 110817
8 2 5 1228 1 4 28 130478
8 2 5 1229 1 5 29 96193
8 2 5 1230 1 6 30 93096
8 2 5 1231 1 7 31 122243
8 2 5 1232 1 0 32 102721
8 2 5 1233 1 1 33 106388
8 2 5 1234 1 2 34 103020
8 2 5 1235 1 3 35 108133
8 2 5 1236 1 4 36 109156
8 2 5 1237 1 5 37 107848
8 2 5 1238 1 6 38 128136
8 2 5 1239 1 7 39 111801
8 2 5 1240 1 0 40 103069
8 2 5 1241 1 1 41 104985
8 2 5 1242 1 2 42 107792
8 2 5 1243 1 3 43 109203
8 2 5 1244 1 4 44 102044
8 2 5 1245 1 5 45 133598
8 2 5 1246 1 6 46 105085
8 2 5 1247 1 7 47 93490
8 2 5 1248 1 0 48 103609
8 2 5 1249 1 1 49 99585
8 2 5 1250 1 2 50 100754
8 2 5 1251 1 3 51 102138
8 2 5 1252 1 4 52 120190
8 2 5 1253 1 5 53 112582
8 2 5 1254 1 6 54 117827
8 2 5 1255 1 7 55 113166
8 2 5 1256 1 0 56 100652
8 2 5 1257 1 1 57 99859
8 2 5 1258 1 2 58 98132
8 2 5 1259 1 3 59 103408
8 2 5 1260 1 4 60 96076
8 2 5 1261 1 5 61 102946
8 2 5 1262 1 6 62 70055
8 2 5 1263 1 7 63 75096
8 2 5 1264 1 0 64 103255
8 2 5 1265 1 1 65 99731
8 2 5 1266 1 2 66 93463
8 2 5 1267 1 3 67 97706
8 2 5 1268 1 4 68 86355
8 2 5 1269 1 5 69 92067
8 2 5 1270 1 6 70 129025
8 2 5 1271 1 7 71 128872
8 2 5 1272 1 0 72 101631
8 2 5 1273 1 1 73 103095
8 2 5 1274 1 2 74 97960
8 2 5 1275 1 3 75 111518
8 2 5 1276 1 4 76 111873
8 2 5 1277 1 5 77 84486
8 2 5 1278 1 6 78 107859
8 2 5 1279 1 7 79 92418
8 2 5 1280 1 0 80 100320
8 2 5 1281 1 1 81 100644
8 2 5 1282 1 2 82 102503
8 2 5 1283 1 3 83 104949
8 2 5 1284 1 4 84 101856
8 2 5 1285 1 5 85 120066
8 2 5 1286 1 6 86 124496
8 2 5 1287 1 7 87 131981
8 2 5 1288 1 0 88 102056
8 2 5 1289 1 1 89 106190
8 2 5 1290 1 2 90 104130
8 2 5 1291 1 3 91 104169
8 2 5 1292 1 4 92 102629
8 2 5 1293 1 5 93 122970
8 2 5 1294 1 6 94 130898
8 2 5 1295 1 7 95 132272
8 2 5 1296 1 0 96 101801
8 2 5 1297 1 1 97 101555
8 2 5 1298 1 2 98 105635
8 2 5 1299 1 3 99 107582
8 2 5 1300 1 4 0 115386
8 2 5 1301 1 5 1 87323
8 2 5 1302 1 6 2 116616
8 2 5 1303 1 7 3 119390
8 2 5 1304 1 0 4 97554
8 2 5 1305 1 1 5 96740
8 2 5 1306 1 2 6 105050
8 2 5 1307 1 3 7 102553
8 2 5 1308 1 4 8 92714
8 2 5 1309 1 5 9 109591
8 2 5 1310 1 6 10 122940
8 2 5 1311 1 7 11 119563
8 2 5 1312 1 0 12 102523
8 2 5 1313 1 1 13 104099
8 2 5 1314 1 2 14 99535
8 2 5 1315 1 3 15 109722
8 2 5 1316 1 4 16 108378
8 2 5 1317 1 5 17 116792
8 2 5 1318 1 6 18 93161
8 2 5 1319 1 7 19 112717
8 2 5 1320 1 0 20 100434
8 2 5 1321 1 1 21 102603
8 2 5 1322 1 2 22 105090
8 2 5 1323 1 3 23 109128
8 2 5 1324 1 4 24 102718
8 2 5 1325 1 5 25 108842
8 2 5 1326 1 6 26 109717
8 2 5 1327 1 7 27 131299
8 2 5 1328 1 0 28 105566
8 2 5 1329 1 1 29 99294
8 2 5 1330 1 2 30 97808
8 2 5 1331 1 3 31 102888
8 2 5 1332 1 4 32 113227
8 2 5 1333 1 5 33 122758
8 2 5 1334 1 6 34 103423
8 2 5 1335 1 7 35 119136
8 2 5 1336 1 0 36 102388
8 2 5 1337 1 1 37 102221
8 2 5 1338 1 2 38 106802
8 2 5 1339 1 3 39 115066
8 2 5 1340 1 4 40 112853
8 2 5 1341 1 5 41 125286
8 2 5 1342 1 6 42 130774
8 2 5 1343 1 7 43 112987
8 2 5 1344 1 0 44 100680
8 2 5 1345 1 1 45 106113
8 2 5 1346 1 2 46 102134
8 2 5 1347 1 3 47 107844
8 2 5 1348 1 4 48 116119
8 2 5 1349 1 5 49 97017
8 2 5 1350 1 6 50 102620
8 2 5 1351 1 7 51 114935
8 2 5 1352 1 0 52 103967
8 2 5 1353 1 1 53 101286
8 2 5 1354 1 2 54 104074
8 2 5 1355 1 3 55 112099
8 2 5 1356 1 4 56 109862
8 2 5 1357 1 5 57 100993
8 2 5 1358 1 6 58 117959
8 2 5 1359 1 7 59 95781
8 2 5 1360 1 0 60 100036
8 2 5 1361 1 1 61 102188
8 2 5 1362 1 2 62 91284
8 2 5 1363 1 3 63 89232
8 2 5 1364 1 4 64 118180
8 2 5 1365 1 5 65 95569
8 2 5 1366 1 6 66 92819
8 2 5 1367 1 7 67 130128
8 2 5 1368 1 0 68 97070
8 2 5 1369 1 1 69 96359
8 2 5 1370 1 2 70 112681
8 2 5 1371 1 3 71 103128
8 2 5 1372 1 4 72 108910
8 2 5 1373 1 5 73 114811
8 2 5 1374 1 6 74 95050
8 2 5 1375 1 7 75 124157
8 2 5 1376 1 0 76 102424
8 2 5 1377 1 1 77 95882
8 2 5 1378 1 2 78 104612
8 2 5 1379 1 3 79 95009
8 2 5 1380 1 4 80 109713
8 2 5 1381 1 5 81 115760
8 2 5 1382 1 6 82 105499
8 2 5 1383 1 7 83 109920
8 2 5 1384 1 0 84 98969
8 2 5 1385 1 1 85 101420
8 2 5 1386 1 2 86 109293
8 2 5 1387 1 3 87 115744
8 2 5 1388 1 4 88 108138
8 2 5 1389 1 5 89 128099
8 2 5 1390 1 6 90 116465
8 2 5 1391 1 7 91 124310
8 2 5 1392 1 0 92 100496
8 2 5 1393 1 1 93 103882
8 2 5 1394 1 2 94 108737
8 2 5 1395 1 3 95 104946
8 2 5 1396 1 4 96 108319
8 2 5 1397 1 5 97 102916
8 2 5 1398 1 6 98 118658
8 2 5 1399 1 7 99 119537
8 2 5 1400 1 0 0 103410
8 2 5 1401 1 1 1 97598
8 2 5 1402 1 2 2 104238
8 2 5 1403 1 3 3 109622
8 2 5 1404 1 4 4 87533
8 2 5 1405 1 5 5 91714
8 2 5 1406 1 6 6 107061
8 2 5 1407 1 7 7 108939
8 2 5 1408 1 0 8 98690
8 2 5 1409 1 1 9 98971
8 2 5 1410 1 2 10 113032
8 2 5 1411 1 3 11 94576
8 2 5 1412 1 4 12 110576
8 2 5 1413 1 5 13 116605
8 2 5 1414 1 6 14 91353
8 2 5 1415 1 7 15 116540
8 2 5 1416 1 0 16 101997
8 2 5 1417 1 1 17 105497
8 2 5 1418 1 2 18 99564
8 2 5 1419 1 3 19 112026
8 2 5 1420 1 4 20 101745
8 2 5 1421 1 5 21 117154
8 2 5 1422 1 6 22 137042
8 2 5 1423 1 7 23 117299
8 2 5 1424 1 0 24 100466
8 2 5 1425 1 1 25 103147
8 2 5 1426 1 2 26 106093
8 2 5 1427 1 3 27 110817
8 2 5 1428 1 4 28 130478
8 2 5 1429 1 5 29 96193
8 2 5 1430 1 6 30 93096
8 2 5 1431 1 7 31 122243
8 2 5 1432 1 0 32 102721
8 2 5 1433 1 1 33 106388
8 2 5 1434 1 2 34 103020
8 2 5 1435 1 3 35 108133
8 2 5 1436 1 4 36 109156
8 2 5 1437 1 5 37 107848
8 2 5 1438 1 6 38 128136
8 2 5 1439 1 7 39 111801
8 2 5 1440 1 0 40 103069
8 2 5 1441 1 1 41 104985
8 2 5 1442 1 2 42 107792
8 2 5 1443 1 3 43 109203
8 2 5 1444 1 4 44 102044
8 2 5 1445 1 5 45 133598
8 2 5 1446 1 6 46 105085
8 2 5 1447 1 7 47 93490
8 2 5 1448 1 0 48 103609
8 2 5 1449 1 1 49 99585
8 2 5 1450 1 2 50 100754
8 2 5 1451 1 3 51 102138
8 2 5 1452 1 4 52 120190
8 2 5 1453 1 5 53 112582
8 2 5 1454 1 6 54 117827
8 2 5 1455 1 7 55 113166
8 2 5 1456 1 0 56 100652
8 2 5 1457 1 1 57 99859
8 2 5 1458 1 2 58 98132
8 2 5 1459 1 3 59 103408
8 2 5 1460 1 4 60 96076
8 2 5 1461 1 5 61 102946
8 2 5 1462 1 6 62 70055
8 2 5 1463 1 7 63 75096
8 2 5 1464 1 0 64 103255
8 2 5 1465 1 1 65 99731
8 2 5 1466 1 2 66 93463
8 2 5 1467 1 3 67 97706
8 2 5 1468 1 4 68 86355
8 2 5 1469 1 5 69 92067
8 2 5 1470 1 6 70 129025
8 2 5 1471 1 7 71 128872
8 2 5 1472 1 0 72 101631
8 2 5 1473 1 1 73 103095
8 2 5 1474 1 2 74 97960
8 2 5 1475 1 3 75 111518
8 2 5 1476 1 4 76 111873
8 2 5 1477 1 5 77 84486
8 2 5 1478 1 6 78 107859
8 2 5 1479 1 7 79 92418
8 2 5 1480 1 0 80 100320
8 2 5 1481 1 1 81 100644
8 2 5 1482 1 2 82 102503
8 2 5 1483 1 3 83 104949
8 2 5 1484 1 4 84 101856
8 2 5 1485 1 5 85 120066
8 2 5 1486 1 6 86 124496
8 2 5 1487 1 7 87 131981
8 2 5 1488 1 0 88 102056
8 2 5 1489 1 1 89 106190
8 2 5 1490 1 2 90 104130
8 2 5 1491 1 3 91 104169
8 2 5 1492 1 4 92 102629
8 2 5 1493 1 5 93 122970
8 2 5 1494 1 6 94 130898
8 2 5 1495 1 7 95 132272
8 2 5 1496 1 0 96 101801
8 2 5 1497 1 1 97 101555
8 2 5 1498 1 2 98 105635
8 2 5 1499 1 3 99 107582
8 2 5 1500 1 4 0 115386
8 2 5 1501 1 5 1 87323
8 2 5 1502 1 6 2 116616
8 2 5 1503 1 7 3 119390
8 2 5 1504 1 0 4 97554
8 2 5 1505 1 1 5 96740
8 2 5 1506 1 2 6 105050
8 2 5 1507 1 3 7 102553
8 2 5 1508 1 4 8 92714
8 2 5 1509 1 5 9 109591
8 2 5 1510 1 6 10 122940
8 2 5 1511 1 7 11 119563
8 2 5 1512 1 0 12 102523
8 2 5 1513 1 1 13 104099
8 2 5 1514 1 2 14 99535
8 2 5 1515 1 3 15 109722
8 2 5 1516 1 4 16 108378
8 2 5 1517 1 5 17 116792
8 2 5 1518 1 6 18 93161
8 2 5 1519 1 7 19 112717
8 2 5 1520 1 0 20 100434
8 2 5 1521 1 1 21 102603
8 2 5 1522 1 2 22 105090
8 2 5 1523 1 3 23 109128
8 2 5 1524 1 4 24 102718
8 2 5 1525 1 5 25 108842
8 2 5 1526 1 6 26 109717
8 2 5 1527 1 7 27 131299
8 2 5 1528 1 0 28 105566
8 2 5 1529 1 1 29 99294
8 2 5 1530 1 2 30 97808
8 2 5 1531 1 3 31 102888
8 2 5 1532 1 4 32 113227
8 2 5 1533 1 5 33 122758
8 2 5 1534 1 6 34 103423
8 2 5 1535 1 7 35 119136
8 2 5 1536 1 0 36 102388
8 2 5 1537 1 1 37 102221
8 2 5 1538 1 2 38 106802
8 2 5 1539 1 3 39 115066
8 2 5 1540 1 4 40 112853
8 2 5 1541 1 5 41 125286
8 2 5 1542 1 6 42 130774
8 2 5 1543 1 7 43 112987
8 2 5 1544 1 0 44 100680
8 2 5 1545 1 1 45 106113
8 2 5 1546 1 2 46 102134
8 2 5 1547 1 3 47 107844
8 2 5 1548 1 4 48 116119
8 2 5 1549 1 5 49 97017
8 2 5 1550 1 6 50 102620
8 2 5 1551 1 7 51 114935
8 2 5 1552 1 0 52 103967
8 2 5 1553 1 1 53 101286
8 2 5 1554 1 2 54 104074
8 2 5 1555 1 3 55 112099
8 2 5 1556 1 4 56 109862
8 2 5 1557 1 5 57 100993
8 2 5 1558 1 6 58 117959
8 2 5 1559 1 7 59 95781
8 2 5 1560 1 0 60 100036
8 2 5 1561 1 1 61 102188
8 2 5 1562 1 2 62 91284
8 2 5 1563 1 3 63 89232
8 2 5 1564 1 4 64 118180
8 2 5 1565 1 5 65 95569
8 2 5 1566 1 6 66 92819
8 2 5 1567 1 7 67 130128
8 2 5 1568 1 0 68 97070
8 2 5 1569 1 1 69 96359
8 2 5 1570 1 2 70 112681
8 2 5 1571 1 3 71 103128
8 2 5 1572 1 4 72 108910
8 2 5 1573 1 5 73 114811
8 2 5 1574 1 6 74 95050
8 2 5 1575 1 7 75 124157
8 2 5 1576 1 0 76 102424
8 2 5 1577 1 1 77 95882
8 2 5 1578 1 2 78 104612
8 2 5 1579 1 3 79 95009
8 2 5 1580 1 4 80 109713
8 2 5 1581 1 5 81 115760
8 2 5 1582 1 6 82 105499
8 2 5 1583 1 7 83 109920
8 2 5 1584 1 0 84 98969
8 2 5 1585 1 1 85 101420
8 2 5 1586 1 2 86 109293
8 2 5 1587 1 3 87 115744
8 2 5 1588 1 4 88 108138
8 2 5 1589 1 5 89 128099
8 2 5 1590 1 6 90 116465
8 2 5 1591 1 7 91 124310
8 2 5 1592 1 0 92 100496
8 2 5 1593 1 1 93 103882
8 2 5 1594 1 2 94 108737
8 2 5 1595 1 3 95 104946
8 2 5 1596 1 4 96 108319
8 2 5 1597 1 5 97 102916
8 2 5 1598 1 6 98 118658
8 2 5 1599 1 7 99 119537
8 2 5 1600 2 0 0 100000
8 2 5 1601 2 1 1 100000
8 2 5 1602 2 2 2 100000
8 2 5 1603 2 3 3 100000
8 2 5 1604 2 4 4 100000
8 2 5 1605 2 5 5 100000
8 2 5 1606 2 6 6 100000
8 2 5 1607 2 7 7 100000
8 2 5 1608 2 0 8 100000
8 2 5 1609 2 1 9 100000
8 2 5 1610 2 2 10 100000
8 2 5 1611 2 3 11 100000
8 2 5 1612 2 4 12 100000
8 2 5 1613 2 5 13 100000
8 2 5 1614 2 6 14 100000
8 2 5 1615 2 7 15 100000
8 2 5 1616 2 0 16 100000
8 2 5 1617 2 1 17 100000
8 2 5 1618 2 2 18 100000
8 2 5 1619 2 3 19 100000
8 2 5 1620 2 4 20 100000
8 2 5 1621 2 5 21 100000
8 2 5 1622 2 6 22 100000
8 2 5 1623 2 7 23 100000
8 2 5 1624 2 0 24 100000
8 2 5 1625 2 1 25 100000
8 2 5 1626 2 2 26 100000
8 2 5 1627 2 3 27 100000
8 2 5 1628 2 4 28 100000
8 2 5 1629 2 5 29 100000
8 2 5 1630 2 6 30 100000
8 2 5 1631 2 7 31 100000
8 2 5 1632 2 0 32 100000
8 2 5 1633 2 1 33 100000
8 2 5 1634 2 2 34 100000
8 2 5 1635 2 3 35 100000
8 2 5 1636 2 4 36 100000
8 2 5 1637 2 5 37 100000
8 2 5 1638 2 6 38 100000
8 2 5 1639 2 7 39 100000
8 2 5 1640 2 0 40 100000
8 2 5 1641 2 1 41 100000
8 2 5 1642 2 2 42 100000
8 2 5 1643 2 3 43 100000
8 2 5 1644 2 4 44 100000
8 2 5 1645 2 5 45 100000
8 2 5 1646 2 6 46 100000
8 2 5 1647 2 7 47 100000
8 2 5 1648 2 0 48 100000
8 2 5 1649 2 1 49 100000
8 2 5 1650 2 2 50 100000
8 2 5 1651 2 3 51 100000
8 2 5 1652 2 4 52 100000
8 2 5 1653 2 5 53 100000
8 2 5 1654 2 6 54 100000
8 2 5 1655 2 7 55 100000
8 2 5 1656 2 0 56 100000
8 2 5 1657 2 1 57 100000
8 2 5 1658 2 2 58 100000
8 2 5 1659 2 3 59 100000
8 2 5 1660 2 4 60 100000
8 2 5 1661 2 5 61 100000
8 2 5 1662 2 6 62 100000
8 2 5 1663 2 7 63 100000
8 2 5 1664 2 0 64 100000
8 2 5 1665 2 1 65 100000
8 2 5 1666 2 2 66 100000
8 2 5 1667 2 3 67 100000
8 2 5 1668 2 4 68 100000
8 2 5 1669 2 5 69 100000
8 2 5 1670 2 6 70 100000
8 2 5 1671 2 7 71 100000
8 2 5 1672 2 0 72 100000
8 2 5 1673 2 1 73 100000
8 2 5 1674 2 2 74 100000
8 2 5 1675 2 3 75 100000
8 2 5 1676 2 4 76 100000
8 2 5 1677 2 5 77 100000
8 2 5 1678 2 6 78 100000
8 2 5 1679 2 7 79 100000
8 2 5 1680 2 0 80 100000
8 2 5 1681 2 1 81 100000
8 2 5 1682 2 2 82 100000
8 2 5 1683 2 3 83 100000
8 2 5 1684 2 4 84 100000
8 2 5 1685 2 5 85 100000
8 2 5 1686 2 6 86 100000
8 2 5 1687 2 7 87 100000
8 2 5 1688 2 0 88 100000
8 2 5 1689 2 1 89 100000
8 2 5 1690 2 2 90 100000
8 2 5 1691 2 3 91 100000
8 2 5 1692 2 4 92 100000
8 2 5 1693 2 5 93 100000
8 2 5 1694 2 6 94 100000
8 2 5 1695 2 7 95 100000
8 2 5 1696 2 0 96 100000
8 2 5 1697 2 1 97 100000
8 2 5 1698 2 2 98 100000
8 2 5 1699 2 3 99 100000
8 2 5 1700 2 4 0 100000
8 2 5 1701 2 5 1 100000
8 2 5 1702 2 6 2 100000
8 2 5 1703 2 7 3 100000
8 2 5 1704 2 0 4 100000
8 2 5 1705 2 1 5 100000
8 2 5 1706 2 2 6 100000
8 2 5 1707 2 3 7 100000
8 2 5 1708 2 4 8 100000
8 2 5 1709 2 5 9 100000
8 2 5 1710 2 6 10 100000
8 2 5 1711 2 7 11 100000
8 2 5 1712 2 0 12 100000
8 2 5 1713 2 1 13 100000
8 2 5 1714 2 2 14 100000
8 2 5 1715 2 3 15 100000
8 2 5 1716 2 4 16 100000
8 2 5 1717 2 5 17 100000
8 2 5 1718 2 6 18 100000
8 2 5 1719 2 7 19 100000
8 2 5 1720 2 0 20 100000
8 2 5 1721 2 1 21 100000
8 2 5 1722 2 2 22 100000
8 2 5 1723 2 3 23 100000
8 2 5 1724 2 4 24 100000
8 2 5 1725 2 5 25 100000
8 2 5 1726 2 6 26 100000
8 2 5 1727 2 7 27 100000
8 2 5 1728 2 0 28 100000
8 2 5 1729 2 1 29 100000
8 2 5 1730 2 2 30 100000
8 2 5 1731 2 3 31 100000
8 2 5 1732 2 4 32 100000
8 2 5 1733 2 5 33 100000
8 2 5 1734 2 6 34 100000
8 2 5 1735 2 7 35 100000
8 2 5 1736 2 0 36 100000
8 2 5 1737 2 1 37 100000
8 2 5 1738 2 2 38 100000
8 2 5 1739 2 3 39 100000
8 2 5 1740 2 4 40 100000
8 2 5 1741 2 5 41 100000
8 2 5 1742 2 6 42 100000
8 2 5 1743 2 7 43 100000
8 2 5 1744 2 0 44 100000
8 2 5 1745 2 1 45 100000
8 2 5 1746 2 2 46 100000
8 2 5 1747 2 3 47 100000
8 2 5 1748 2 4 48 100000
8 2 5 1749 2 5 49 100000
8 2 5 1750 2 6 50 100000
8 2 5 1751 2 7 51 100000
8 2 5 1752 2 0 52 100000
8 2 5 1753 2 1 53 100000
8 2 5 1754 2 2 54 100000
8 2 5 1755 2 3 55 100000
8 2 5 1756 2 4 56 100000
8 2 5 1757 2 5 57 100000
8 2 5 1758 2 6 58 100000
8 2 5 1759 2 7 59 100000
8 2 5 1760 2 0 60 100000
8 2 5 1761 2 1 61 100000
8 2 5 1762 2 2 62 100000
8 2 5 1763 2 3 63 100000
8 2 5 1764 2 4 64 100000
8 2 5 1765 2 5 65 100000
8 2 5 1766 2 6 66 100000
8 2 5 1767 2 7 67 100000
8 2 5 1768 2 0 68 100000
8 2 5 1769 2 1 69 100000
8 2 5 1770 2 2 70 100000
8 2 5 1771 2 3 71 100000
8 2 5 1772 2 4 72 100000
8 2 5 1773 2 5 73 100000
8 2 5 1774 2 6 74 100000
8 2 5 1775 2 7 75 100000
8 2 5 1776 2 0 76 100000
8 2 5 1777 2 1 77 100000
8 2 5 1778 2 2 78 100000
8 2 5 1779 2 3 79 100000
8 2 5 1780 2 4 80 100000
8 2 5 1781 2 5 81 100000
8 2 5 1782 2 6 82 100000
8 2 5 1783 2 7 83 100000
8 2 5 1784 2 0 84 100000
8 2 5 1785 2 1 85 100000
8 2 5 1786 2 2 86 100000
8 2 5 1787 2 3 87 100000
8 2 5 1788 2 4 88 100000
8 2 5 1789 2 5 89 100000
8 2 5 1790 2 6 90 100000
8 2 5 1791 2 7 91 100000
8 2 5 1792 2 0 92 100000
8 2 5 1793 2 1 93 100000
8 2 5 1794 2 2 94 100000
8 2 5 1795 2 3 95 100000
8 2 5 1796 2 4 96 100000
8 2 5 1797 2 5 97 100000
8 2 5 1798 2 6 98 100000
8 2 5 1799 2 7 99 100000
