8 5 1 3000 3 0 0 100640
8 5 1 3001 3 1 1 101620
8 5 1 3002 3 2 2 103357
8 5 1 3003 3 3 3 96779
8 5 1 3004 3 4 4 93266
8 5 1 3005 3 5 5 106843
8 5 1 3006 3 6 6 97270
8 5 1 3007 3 7 7 107903
8 5 1 3008 3 0 8 99076
8 5 1 3009 3 1 9 98278
8 5 1 3010 3 2 10 96911
8 5 1 3011 3 3 11 104632
8 5 1 3012 3 4 12 105155
8 5 1 3013 3 5 13 98158
8 5 1 3014 3 6 14 104154
8 5 1 3015 3 7 15 97701
8 5 1 3016 3 0 16 101208
8 5 1 3017 3 1 17 101950
8 5 1 3018 3 2 18 97390
8 5 1 3019 3 3 19 104750
8 5 1 3020 3 4 20 98351
8 5 1 3021 3 5 21 106880
8 5 1 3022 3 6 22 98295
8 5 1 3023 3 7 23 103250
8 5 1 3024 3 0 24 100642
8 5 1 3025 3 1 25 102023
8 5 1 3026 3 2 26 97014
8 5 1 3027 3 3 27 99173
8 5 1 3028 3 4 28 102756
8 5 1 3029 3 5 29 94831
8 5 1 3030 3 6 30 99709
8 5 1 3031 3 7 31 102491
8 5 1 3032 3 0 32 100468
8 5 1 3033 3 1 33 98806
8 5 1 3034 3 2 34 98583
8 5 1 3035 3 3 35 97844
8 5 1 3036 3 4 36 99242
8 5 1 3037 3 5 37 104296
8 5 1 3038 3 6 38 103067
8 5 1 3039 3 7 39 108591
8 5 1 3040 3 0 40 99129
8 5 1 3041 3 1 41 101995
8 5 1 3042 3 2 42 99992
8 5 1 3043 3 3 43 104750
8 5 1 3044 3 4 44 93383
8 5 1 3045 3 5 45 99427
8 5 1 3046 3 6 46 108131
8 5 1 3047 3 7 47 100740
8 5 1 3048 3 0 48 101212
8 5 1 3049 3 1 49 99829
8 5 1 3050 3 2 50 98112
8 5 1 3051 3 3 51 98111
8 5 1 3052 3 4 52 106751
8 5 1 3053 3 5 53 110141
8 5 1 3054 3 6 54 109996
8 5 1 3055 3 7 55 97016
8 5 1 3056 3 0 56 101298
8 5 1 3057 3 1 57 102014
8 5 1 3058 3 2 58 103293
8 5 1 3059 3 3 59 102750
8 5 1 3060 3 4 60 104351
8 5 1 3061 3 5 61 96091
8 5 1 3062 3 6 62 107741
8 5 1 3063 3 7 63 111991
8 5 1 3064 3 0 64 100368
8 5 1 3065 3 1 65 99568
8 5 1 3066 3 2 66 96762
8 5 1 3067 3 3 67 103402
8 5 1 3068 3 4 68 97265
8 5 1 3069 3 5 69 102109
8 5 1 3070 3 6 70 101394
8 5 1 3071 3 7 71 102424
8 5 1 3072 3 0 72 101318
8 5 1 3073 3 1 73 101890
8 5 1 3074 3 2 74 98456
8 5 1 3075 3 3 75 102500
8 5 1 3076 3 4 76 99464
8 5 1 3077 3 5 77 100320
8 5 1 3078 3 6 78 96099
8 5 1 3079 3 7 79 94425
8 5 1 3080 3 0 80 98605
8 5 1 3081 3 1 81 100227
8 5 1 3082 3 2 82 100563
8 5 1 3083 3 3 83 104750
8 5 1 3084 3 4 84 102405
8 5 1 3085 3 5 85 97055
8 5 1 3086 3 6 86 100336
8 5 1 3087 3 7 87 100176
8 5 1 3088 3 0 88 98724
8 5 1 3089 3 1 89 99095
8 5 1 3090 3 2 90 101069
8 5 1 3091 3 3 91 104388
8 5 1 3092 3 4 92 100377
8 5 1 3093 3 5 93 109430
8 5 1 3094 3 6 94 91724
8 5 1 3095 3 7 95 113090
8 5 1 3096 3 0 96 99450
8 5 1 3097 3 1 97 98572
8 5 1 3098 3 2 98 97874
8 5 1 3099 3 3 99 95917
8 5 1 3100 3 4 0 103210
8 5 1 3101 3 5 1 108175
8 5 1 3102 3 6 2 109570
8 5 1 3103 3 7 3 99867
8 5 1 3104 3 0 4 98713
8 5 1 3105 3 1 5 101422
8 5 1 3106 3 2 6 98219
8 5 1 3107 3 3 7 100750
8 5 1 3108 3 4 8 95120
8 5 1 3109 3 5 9 97736
8 5 1 3110 3 6 10 95114
8 5 1 3111 3 7 11 111523
8 5 1 3112 3 0 12 101319
8 5 1 3113 3 1 13 99451
8 5 1 3114 3 2 14 103009
8 5 1 3115 3 3 15 103000
8 5 1 3116 3 4 16 105116
8 5 1 3117 3 5 17 104013
8 5 1 3118 3 6 18 93936
8 5 1 3119 3 7 19 100841
8 5 1 3120 3 0 20 99435
8 5 1 3121 3 1 21 101757
8 5 1 3122 3 2 22 100695
8 5 1 3123 3 3 23 104313
8 5 1 3124 3 4 24 102527
8 5 1 3125 3 5 25 108575
8 5 1 3126 3 6 26 99240
8 5 1 3127 3 7 27 101704
8 5 1 3128 3 0 28 101244
8 5 1 3129 3 1 29 98965
8 5 1 3130 3 2 30 99825
8 5 1 3131 3 3 31 103969
8 5 1 3132 3 4 32 101894
8 5 1 3133 3 5 33 95527
8 5 1 3134 3 6 34 94800
8 5 1 3135 3 7 35 92967
8 5 1 3136 3 0 36 99914
8 5 1 3137 3 1 37 101684
8 5 1 3138 3 2 38 103358
8 5 1 3139 3 3 39 104572
8 5 1 3140 3 4 40 98389
8 5 1 3141 3 5 41 109999
8 5 1 3142 3 6 42 98798
8 5 1 3143 3 7 43 104665
8 5 1 3144 3 0 44 98710
8 5 1 3145 3 1 45 100484
8 5 1 3146 3 2 46 103287
8 5 1 3147 3 3 47 98950
8 5 1 3148 3 4 48 105756
8 5 1 3149 3 5 49 102242
8 5 1 3150 3 6 50 98311
8 5 1 3151 3 7 51 104157
8 5 1 3152 3 0 52 101321
8 5 1 3153 3 1 53 102027
8 5 1 3154 3 2 54 103392
8 5 1 3155 3 3 55 99720
8 5 1 3156 3 4 56 106701
8 5 1 3157 3 5 57 110061
8 5 1 3158 3 6 58 109008
8 5 1 3159 3 7 59 109658
8 5 1 3160 3 0 60 100931
8 5 1 3161 3 1 61 98566
8 5 1 3162 3 2 62 102769
8 5 1 3163 3 3 63 104680
8 5 1 3164 3 4 64 99419
8 5 1 3165 3 5 65 102048
8 5 1 3166 3 6 66 91484
8 5 1 3167 3 7 67 103028
8 5 1 3168 3 0 68 99458
8 5 1 3169 3 1 69 101961
8 5 1 3170 3 2 70 99924
8 5 1 3171 3 3 71 101943
8 5 1 3172 3 4 72 106687
8 5 1 3173 3 5 73 108307
8 5 1 3174 3 6 74 102737
8 5 1 3175 3 7 75 105933
8 5 1 3176 3 0 76 99988
8 5 1 3177 3 1 77 98244
8 5 1 3178 3 2 78 101138
8 5 1 3179 3 3 79 96250
8 5 1 3180 3 4 80 92888
8 5 1 3181 3 5 81 103441
8 5 1 3182 3 6 82 98255
8 5 1 3183 3 7 83 100301
8 5 1 3184 3 0 84 100216
8 5 1 3185 3 1 85 99335
8 5 1 3186 3 2 86 100187
8 5 1 3187 3 3 87 101750
8 5 1 3188 3 4 88 93688
8 5 1 3189 3 5 89 97471
8 5 1 3190 3 6 90 104470
8 5 1 3191 3 7 91 111187
8 5 1 3192 3 0 92 100102
8 5 1 3193 3 1 93 102029
8 5 1 3194 3 2 94 97418
8 5 1 3195 3 3 95 104750
8 5 1 3196 3 4 96 97217
8 5 1 3197 3 5 97 98033
8 5 1 3198 3 6 98 95271
8 5 1 3199 3 7 99 93451
8 5 1 3200 4 0 0 101300
8 5 1 3201 4 1 1 101960
8 5 1 3202 4 2 2 103258
8 5 1 3203 4 3 3 104442
8 5 1 3204 4 4 4 106714
8 5 1 3205 4 5 5 109486
8 5 1 3206 4 6 6 110178
8 5 1 3207 4 7 7 108429
8 5 1 3208 4 0 8 99937
8 5 1 3209 4 1 9 102016
8 5 1 3210 4 2 10 103124
8 5 1 3211 4 3 11 104473
8 5 1 3212 4 4 12 106464
8 5 1 3213 4 5 13 109751
8 5 1 3214 4 6 14 110168
8 5 1 3215 4 7 15 111974
8 5 1 3216 4 0 16 101305
8 5 1 3217 4 1 17 101968
8 5 1 3218 4 2 18 102962
8 5 1 3219 4 3 19 104484
8 5 1 3220 4 4 20 106294
8 5 1 3221 4 5 21 109410
8 5 1 3222 4 6 22 109752
8 5 1 3223 4 7 23 109989
8 5 1 3224 4 0 24 101314
8 5 1 3225 4 1 25 101695
8 5 1 3226 4 2 26 97688
8 5 1 3227 4 3 27 95037
8 5 1 3228 4 4 28 106556
8 5 1 3229 4 5 29 109955
8 5 1 3230 4 6 30 111259
8 5 1 3231 4 7 31 112151
8 5 1 3232 4 0 32 101332
8 5 1 3233 4 1 33 101792
8 5 1 3234 4 2 34 103344
8 5 1 3235 4 3 35 104532
8 5 1 3236 4 4 36 106254
8 5 1 3237 4 5 37 109808
8 5 1 3238 4 6 38 110964
8 5 1 3239 4 7 39 112600
8 5 1 3240 4 0 40 101309
8 5 1 3241 4 1 41 101946
8 5 1 3242 4 2 42 103263
8 5 1 3243 4 3 43 104592
8 5 1 3244 4 4 44 106532
8 5 1 3245 4 5 45 109313
8 5 1 3246 4 6 46 110973
8 5 1 3247 4 7 47 106395
8 5 1 3248 4 0 48 101344
8 5 1 3249 4 1 49 102002
8 5 1 3250 4 2 50 98538
8 5 1 3251 4 3 51 104621
8 5 1 3252 4 4 52 106762
8 5 1 3253 4 5 53 108683
8 5 1 3254 4 6 54 101253
8 5 1 3255 4 7 55 110656
8 5 1 3256 4 0 56 101346
8 5 1 3257 4 1 57 101894
8 5 1 3258 4 2 58 103230
8 5 1 3259 4 3 59 104552
8 5 1 3260 4 4 60 106564
8 5 1 3261 4 5 61 106372
8 5 1 3262 4 6 62 111165
8 5 1 3263 4 7 63 108880
8 5 1 3264 4 0 64 101283
8 5 1 3265 4 1 65 102014
8 5 1 3266 4 2 66 103084
8 5 1 3267 4 3 67 104645
8 5 1 3268 4 4 68 106517
8 5 1 3269 4 5 69 109779
8 5 1 3270 4 6 70 111078
8 5 1 3271 4 7 71 113074
8 5 1 3272 4 0 72 99043
8 5 1 3273 4 1 73 101981
8 5 1 3274 4 2 74 103317
8 5 1 3275 4 3 75 104418
8 5 1 3276 4 4 76 106461
8 5 1 3277 4 5 77 109480
8 5 1 3278 4 6 78 110788
8 5 1 3279 4 7 79 112935
8 5 1 3280 4 0 80 101286
8 5 1 3281 4 1 81 101978
8 5 1 3282 4 2 82 103260
8 5 1 3283 4 3 83 104625
8 5 1 3284 4 4 84 99412
8 5 1 3285 4 5 85 103631
8 5 1 3286 4 6 86 110656
8 5 1 3287 4 7 87 113094
8 5 1 3288 4 0 88 101299
8 5 1 3289 4 1 89 101961
8 5 1 3290 4 2 90 103296
8 5 1 3291 4 3 91 101876
8 5 1 3292 4 4 92 106637
8 5 1 3293 4 5 93 109087
8 5 1 3294 4 6 94 109907
8 5 1 3295 4 7 95 113104
8 5 1 3296 4 0 96 101346
8 5 1 3297 4 1 97 100181
8 5 1 3298 4 2 98 99681
8 5 1 3299 4 3 99 104337
8 5 1 3300 4 4 0 106456
8 5 1 3301 4 5 1 108819
8 5 1 3302 4 6 2 109834
8 5 1 3303 4 7 3 111700
8 5 1 3304 4 0 4 101341
8 5 1 3305 4 1 5 101866
8 5 1 3306 4 2 6 103162
8 5 1 3307 4 3 7 104551
8 5 1 3308 4 4 8 102427
8 5 1 3309 4 5 9 109837
8 5 1 3310 4 6 10 110648
8 5 1 3311 4 7 11 112557
8 5 1 3312 4 0 12 101295
8 5 1 3313 4 1 13 101906
8 5 1 3314 4 2 14 103004
8 5 1 3315 4 3 15 104434
8 5 1 3316 4 4 16 106517
8 5 1 3317 4 5 17 109949
8 5 1 3318 4 6 18 106091
8 5 1 3319 4 7 19 110343
8 5 1 3320 4 0 20 101259
8 5 1 3321 4 1 21 101940
8 5 1 3322 4 2 22 103098
8 5 1 3323 4 3 23 102287
8 5 1 3324 4 4 24 106508
8 5 1 3325 4 5 25 108685
8 5 1 3326 4 6 26 96502
8 5 1 3327 4 7 27 98504
8 5 1 3328 4 0 28 101318
8 5 1 3329 4 1 29 101991
8 5 1 3330 4 2 30 103318
8 5 1 3331 4 3 31 104536
8 5 1 3332 4 4 32 106664
8 5 1 3333 4 5 33 109072
8 5 1 3334 4 6 34 111108
8 5 1 3335 4 7 35 112678
8 5 1 3336 4 0 36 101278
8 5 1 3337 4 1 37 101977
8 5 1 3338 4 2 38 103096
8 5 1 3339 4 3 39 104491
8 5 1 3340 4 4 40 106451
8 5 1 3341 4 5 41 109450
8 5 1 3342 4 6 42 111108
8 5 1 3343 4 7 43 112747
8 5 1 3344 4 0 44 101326
8 5 1 3345 4 1 45 101972
8 5 1 3346 4 2 46 103165
8 5 1 3347 4 3 47 104423
8 5 1 3348 4 4 48 106619
8 5 1 3349 4 5 49 109670
8 5 1 3350 4 6 50 94202
8 5 1 3351 4 7 51 113086
8 5 1 3352 4 0 52 101350
8 5 1 3353 4 1 53 101773
8 5 1 3354 4 2 54 102529
8 5 1 3355 4 3 55 104480
8 5 1 3356 4 4 56 106744
8 5 1 3357 4 5 57 109395
8 5 1 3358 4 6 58 110411
8 5 1 3359 4 7 59 110051
8 5 1 3360 4 0 60 101311
8 5 1 3361 4 1 61 101104
8 5 1 3362 4 2 62 103260
8 5 1 3363 4 3 63 102074
8 5 1 3364 4 4 64 105711
8 5 1 3365 4 5 65 109451
8 5 1 3366 4 6 66 110508
8 5 1 3367 4 7 67 113236
8 5 1 3368 4 0 68 101332
8 5 1 3369 4 1 69 102028
8 5 1 3370 4 2 70 103234
8 5 1 3371 4 3 71 104510
8 5 1 3372 4 4 72 97844
8 5 1 3373 4 5 73 109590
8 5 1 3374 4 6 74 110912
8 5 1 3375 4 7 75 112764
8 5 1 3376 4 0 76 101294
8 5 1 3377 4 1 77 101838
8 5 1 3378 4 2 78 103260
8 5 1 3379 4 3 79 104471
8 5 1 3380 4 4 80 106426
8 5 1 3381 4 5 81 109871
8 5 1 3382 4 6 82 105867
8 5 1 3383 4 7 83 113064
8 5 1 3384 4 0 84 99196
8 5 1 3385 4 1 85 100397
8 5 1 3386 4 2 86 103258
8 5 1 3387 4 3 87 104544
8 5 1 3388 4 4 88 105114
8 5 1 3389 4 5 89 109767
8 5 1 3390 4 6 90 110989
8 5 1 3391 4 7 91 110392
8 5 1 3392 4 0 92 101323
8 5 1 3393 4 1 93 101925
8 5 1 3394 4 2 94 102918
8 5 1 3395 4 3 95 104750
8 5 1 3396 4 4 96 106339
8 5 1 3397 4 5 97 104317
8 5 1 3398 4 6 98 103312
8 5 1 3399 4 7 99 112006
8 5 1 3400 4 0 0 101300
8 5 1 3401 4 1 1 101960
8 5 1 3402 4 2 2 103258
8 5 1 3403 4 3 3 104442
8 5 1 3404 4 4 4 106714
8 5 1 3405 4 5 5 109486
8 5 1 3406 4 6 6 110178
8 5 1 3407 4 7 7 108429
8 5 1 3408 4 0 8 99937
8 5 1 3409 4 1 9 102016
8 5 1 3410 4 2 10 103124
8 5 1 3411 4 3 11 104473
8 5 1 3412 4 4 12 106464
8 5 1 3413 4 5 13 109751
8 5 1 3414 4 6 14 110168
8 5 1 3415 4 7 15 111974
8 5 1 3416 4 0 16 101305
8 5 1 3417 4 1 17 101968
8 5 1 3418 4 2 18 102962
8 5 1 3419 4 3 19 104484
8 5 1 3420 4 4 20 106294
8 5 1 3421 4 5 21 109410
8 5 1 3422 4 6 22 109752
8 5 1 3423 4 7 23 109989
8 5 1 3424 4 0 24 101314
8 5 1 3425 4 1 25 101695
8 5 1 3426 4 2 26 97688
8 5 1 3427 4 3 27 95037
8 5 1 3428 4 4 28 106556
8 5 1 3429 4 5 29 109955
8 5 1 3430 4 6 30 111259
8 5 1 3431 4 7 31 112151
8 5 1 3432 4 0 32 101332
8 5 1 3433 4 1 33 101792
8 5 1 3434 4 2 34 103344
8 5 1 3435 4 3 35 104532
8 5 1 3436 4 4 36 106254
8 5 1 3437 4 5 37 109808
8 5 1 3438 4 6 38 110964
8 5 1 3439 4 7 39 112600
8 5 1 3440 4 0 40 101309
8 5 1 3441 4 1 41 101946
8 5 1 3442 4 2 42 103263
8 5 1 3443 4 3 43 104592
8 5 1 3444 4 4 44 106532
8 5 1 3445 4 5 45 109313
8 5 1 3446 4 6 46 110973
8 5 1 3447 4 7 47 106395
8 5 1 3448 4 0 48 101344
8 5 1 3449 4 1 49 102002
8 5 1 3450 4 2 50 98538
8 5 1 3451 4 3 51 104621
8 5 1 3452 4 4 52 106762
8 5 1 3453 4 5 53 108683
8 5 1 3454 4 6 54 101253
8 5 1 3455 4 7 55 110656
8 5 1 3456 4 0 56 101346
8 5 1 3457 4 1 57 101894
8 5 1 3458 4 2 58 103230
8 5 1 3459 4 3 59 104552
8 5 1 3460 4 4 60 106564
8 5 1 3461 4 5 61 106372
8 5 1 3462 4 6 62 111165
8 5 1 3463 4 7 63 108880
8 5 1 3464 4 0 64 101283
8 5 1 3465 4 1 65 102014
8 5 1 3466 4 2 66 103084
8 5 1 3467 4 3 67 104645
8 5 1 3468 4 4 68 106517
8 5 1 3469 4 5 69 109779
8 5 1 3470 4 6 70 111078
8 5 1 3471 4 7 71 113074
8 5 1 3472 4 0 72 99043
8 5 1 3473 4 1 73 101981
8 5 1 3474 4 2 74 103317
8 5 1 3475 4 3 75 104418
8 5 1 3476 4 4 76 106461
8 5 1 3477 4 5 77 109480
8 5 1 3478 4 6 78 110788
8 5 1 3479 4 7 79 112935
8 5 1 3480 4 0 80 101286
8 5 1 3481 4 1 81 101978
8 5 1 3482 4 2 82 103260
8 5 1 3483 4 3 83 104625
8 5 1 3484 4 4 84 99412
8 5 1 3485 4 5 85 103631
8 5 1 3486 4 6 86 110656
8 5 1 3487 4 7 87 113094
8 5 1 3488 4 0 88 101299
8 5 1 3489 4 1 89 101961
8 5 1 3490 4 2 90 103296
8 5 1 3491 4 3 91 101876
8 5 1 3492 4 4 92 106637
8 5 1 3493 4 5 93 109087
8 5 1 3494 4 6 94 109907
8 5 1 3495 4 7 95 113104
8 5 1 3496 4 0 96 101346
8 5 1 3497 4 1 97 100181
8 5 1 3498 4 2 98 99681
8 5 1 3499 4 3 99 104337
8 5 1 3500 4 4 0 106456
8 5 1 3501 4 5 1 108819
8 5 1 3502 4 6 2 109834
8 5 1 3503 4 7 3 111700
8 5 1 3504 4 0 4 101341
8 5 1 3505 4 1 5 101866
8 5 1 3506 4 2 6 103162
8 5 1 3507 4 3 7 104551
8 5 1 3508 4 4 8 102427
8 5 1 3509 4 5 9 109837
8 5 1 3510 4 6 10 110648
8 5 1 3511 4 7 11 112557
8 5 1 3512 4 0 12 101295
8 5 1 3513 4 1 13 101906
8 5 1 3514 4 2 14 103004
8 5 1 3515 4 3 15 104434
8 5 1 3516 4 4 16 106517
8 5 1 3517 4 5 17 109949
8 5 1 3518 4 6 18 106091
8 5 1 3519 4 7 19 110343
8 5 1 3520 4 0 20 101259
8 5 1 3521 4 1 21 101940
8 5 1 3522 4 2 22 103098
8 5 1 3523 4 3 23 102287
8 5 1 3524 4 4 24 106508
8 5 1 3525 4 5 25 108685
8 5 1 3526 4 6 26 96502
8 5 1 3527 4 7 27 98504
8 5 1 3528 4 0 28 101318
8 5 1 3529 4 1 29 101991
8 5 1 3530 4 2 30 103318
8 5 1 3531 4 3 31 104536
8 5 1 3532 4 4 32 106664
8 5 1 3533 4 5 33 109072
8 5 1 3534 4 6 34 111108
8 5 1 3535 4 7 35 112678
8 5 1 3536 4 0 36 101278
8 5 1 3537 4 1 37 101977
8 5 1 3538 4 2 38 103096
8 5 1 3539 4 3 39 104491
8 5 1 3540 4 4 40 106451
8 5 1 3541 4 5 41 109450
8 5 1 3542 4 6 42 111108
8 5 1 3543 4 7 43 112747
8 5 1 3544 4 0 44 101326
8 5 1 3545 4 1 45 101972
8 5 1 3546 4 2 46 103165
8 5 1 3547 4 3 47 104423
8 5 1 3548 4 4 48 106619
8 5 1 3549 4 5 49 109670
8 5 1 3550 4 6 50 94202
8 5 1 3551 4 7 51 113086
8 5 1 3552 4 0 52 101350
8 5 1 3553 4 1 53 101773
8 5 1 3554 4 2 54 102529
8 5 1 3555 4 3 55 104480
8 5 1 3556 4 4 56 106744
8 5 1 3557 4 5 57 109395
8 5 1 3558 4 6 58 110411
8 5 1 3559 4 7 59 110051
8 5 1 3560 4 0 60 101311
8 5 1 3561 4 1 61 101104
8 5 1 3562 4 2 62 103260
8 5 1 3563 4 3 63 102074
8 5 1 3564 4 4 64 105711
8 5 1 3565 4 5 65 109451
8 5 1 3566 4 6 66 110508
8 5 1 3567 4 7 67 113236
8 5 1 3568 4 0 68 101332
8 5 1 3569 4 1 69 102028
8 5 1 3570 4 2 70 103234
8 5 1 3571 4 3 71 104510
8 5 1 3572 4 4 72 97844
8 5 1 3573 4 5 73 109590
8 5 1 3574 4 6 74 110912
8 5 1 3575 4 7 75 112764
8 5 1 3576 4 0 76 101294
8 5 1 3577 4 1 77 101838
8 5 1 3578 4 2 78 103260
8 5 1 3579 4 3 79 104471
8 5 1 3580 4 4 80 106426
8 5 1 3581 4 5 81 109871
8 5 1 3582 4 6 82 105867
8 5 1 3583 4 7 83 113064
8 5 1 3584 4 0 84 99196
8 5 1 3585 4 1 85 100397
8 5 1 3586 4 2 86 103258
8 5 1 3587 4 3 87 104544
8 5 1 3588 4 4 88 105114
8 5 1 3589 4 5 89 109767
8 5 1 3590 4 6 90 110989
8 5 1 3591 4 7 91 110392
8 5 1 3592 4 0 92 101323
8 5 1 3593 4 1 93 101925
8 5 1 3594 4 2 94 102918
8 5 1 3595 4 3 95 104750
8 5 1 3596 4 4 96 106339
8 5 1 3597 4 5 97 104317
8 5 1 3598 4 6 98 103312
8 5 1 3599 4 7 99 112006
8 5 2 3000 3 0 0 102000
8 5 2 3001 3 1 1 100298
8 5 2 3002 3 2 2 104432
8 5 2 3003 3 3 3 95437
8 5 2 3004 3 4 4 91557
8 5 2 3005 3 5 5 111888
8 5 2 3006 3 6 6 105104
8 5 2 3007 3 7 7 112354
8 5 2 3008 3 0 8 99983
8 5 2 3009 3 1 9 99459
8 5 2 3010 3 2 10 97181
8 5 2 3011 3 3 11 107212
8 5 2 3012 3 4 12 105602
8 5 2 3013 3 5 13 101068
8 5 2 3014 3 6 14 109874
8 5 2 3015 3 7 15 104861
8 5 2 3016 3 0 16 102577
8 5 2 3017 3 1 17 101338
8 5 2 3018 3 2 18 99618
8 5 2 3019 3 3 19 101550
8 5 2 3020 3 4 20 91757
8 5 2 3021 3 5 21 113899
8 5 2 3022 3 6 22 96837
8 5 2 3023 3 7 23 113788
8 5 2 3024 3 0 24 101379
8 5 2 3025 3 1 25 102068
8 5 2 3026 3 2 26 94151
8 5 2 3027 3 3 27 103805
8 5 2 3028 3 4 28 107152
8 5 2 3029 3 5 29 104449
8 5 2 3030 3 6 30 98365
8 5 2 3031 3 7 31 99745
8 5 2 3032 3 0 32 99865
8 5 2 3033 3 1 33 98041
8 5 2 3034 3 2 34 98761
8 5 2 3035 3 3 35 101033
8 5 2 3036 3 4 36 98951
8 5 2 3037 3 5 37 114863
8 5 2 3038 3 6 38 104381
8 5 2 3039 3 7 39 114682
8 5 2 3040 3 0 40 99893
8 5 2 3041 3 1 41 103232
8 5 2 3042 3 2 42 102535
8 5 2 3043 3 3 43 109653
8 5 2 3044 3 4 44 87065
8 5 2 3045 3 5 45 97253
8 5 2 3046 3 6 46 117926
8 5 2 3047 3 7 47 102888
8 5 2 3048 3 0 48 102139
8 5 2 3049 3 1 49 100077
8 5 2 3050 3 2 50 99937
8 5 2 3051 3 3 51 99389
8 5 2 3052 3 4 52 108716
8 5 2 3053 3 5 53 111801
8 5 2 3054 3 6 54 121127
8 5 2 3055 3 7 55 101949
8 5 2 3056 3 0 56 101751
8 5 2 3057 3 1 57 102029
8 5 2 3058 3 2 58 104365
8 5 2 3059 3 3 59 97992
8 5 2 3060 3 4 60 104940
8 5 2 3061 3 5 61 99048
8 5 2 3062 3 6 62 111967
8 5 2 3063 3 7 63 123050
8 5 2 3064 3 0 64 101646
8 5 2 3065 3 1 65 101530
8 5 2 3066 3 2 66 97671
8 5 2 3067 3 3 67 106205
8 5 2 3068 3 4 68 91297
8 5 2 3069 3 5 69 100368
8 5 2 3070 3 6 70 111446
8 5 2 3071 3 7 71 101527
8 5 2 3072 3 0 72 100370
8 5 2 3073 3 1 73 101700
8 5 2 3074 3 2 74 95166
8 5 2 3075 3 3 75 107258
8 5 2 3076 3 4 76 99015
8 5 2 3077 3 5 77 91561
8 5 2 3078 3 6 78 104362
8 5 2 3079 3 7 79 93471
8 5 2 3080 3 0 80 99604
8 5 2 3081 3 1 81 102226
8 5 2 3082 3 2 82 103935
8 5 2 3083 3 3 83 106683
8 5 2 3084 3 4 84 106518
8 5 2 3085 3 5 85 106241
8 5 2 3086 3 6 86 107209
8 5 2 3087 3 7 87 113713
8 5 2 3088 3 0 88 99948
8 5 2 3089 3 1 89 98682
8 5 2 3090 3 2 90 104249
8 5 2 3091 3 3 91 109343
8 5 2 3092 3 4 92 99534
8 5 2 3093 3 5 93 104814
8 5 2 3094 3 6 94 99405
8 5 2 3095 3 7 95 125185
8 5 2 3096 3 0 96 98856
8 5 2 3097 3 1 97 97814
8 5 2 3098 3 2 98 101187
8 5 2 3099 3 3 99 100408
8 5 2 3100 3 4 0 110050
8 5 2 3101 3 5 1 101550
8 5 2 3102 3 6 2 109265
8 5 2 3103 3 7 3 93279
8 5 2 3104 3 0 4 98481
8 5 2 3105 3 1 5 102788
8 5 2 3106 3 2 6 101450
8 5 2 3107 3 3 7 101006
8 5 2 3108 3 4 8 96919
8 5 2 3109 3 5 9 103971
8 5 2 3110 3 6 10 100554
8 5 2 3111 3 7 11 115635
8 5 2 3112 3 0 12 101406
8 5 2 3113 3 1 13 100615
8 5 2 3114 3 2 14 106441
8 5 2 3115 3 3 15 107243
8 5 2 3116 3 4 16 112204
8 5 2 3117 3 5 17 107255
8 5 2 3118 3 6 18 97844
8 5 2 3119 3 7 19 94212
8 5 2 3120 3 0 20 98116
8 5 2 3121 3 1 21 102906
8 5 2 3122 3 2 22 98283
8 5 2 3123 3 3 23 107704
8 5 2 3124 3 4 24 106260
8 5 2 3125 3 5 25 110604
8 5 2 3126 3 6 26 91647
8 5 2 3127 3 7 27 103669
8 5 2 3128 3 0 28 102264
8 5 2 3129 3 1 29 100973
8 5 2 3130 3 2 30 97410
8 5 2 3131 3 3 31 101461
8 5 2 3132 3 4 32 100230
8 5 2 3133 3 5 33 90354
8 5 2 3134 3 6 34 96710
8 5 2 3135 3 7 35 102654
8 5 2 3136 3 0 36 99855
8 5 2 3137 3 1 37 103744
8 5 2 3138 3 2 38 101969
8 5 2 3139 3 3 39 102261
8 5 2 3140 3 4 40 101884
8 5 2 3141 3 5 41 118174
8 5 2 3142 3 6 42 107022
8 5 2 3143 3 7 43 111835
8 5 2 3144 3 0 44 97467
8 5 2 3145 3 1 45 99499
8 5 2 3146 3 2 46 106733
8 5 2 3147 3 3 47 98104
8 5 2 3148 3 4 48 111052
8 5 2 3149 3 5 49 102110
8 5 2 3150 3 6 50 104780
8 5 2 3151 3 7 51 102325
8 5 2 3152 3 0 52 101743
8 5 2 3153 3 1 53 101671
8 5 2 3154 3 2 54 105847
8 5 2 3155 3 3 55 96673
8 5 2 3156 3 4 56 107955
8 5 2 3157 3 5 57 117371
8 5 2 3158 3 6 58 106158
8 5 2 3159 3 7 59 99179
8 5 2 3160 3 0 60 101016
8 5 2 3161 3 1 61 99277
8 5 2 3162 3 2 62 106213
8 5 2 3163 3 3 63 109574
8 5 2 3164 3 4 64 101801
8 5 2 3165 3 5 65 104360
8 5 2 3166 3 6 66 95057
8 5 2 3167 3 7 67 100369
8 5 2 3168 3 0 68 98316
8 5 2 3169 3 1 69 100876
8 5 2 3170 3 2 70 103322
8 5 2 3171 3 3 71 99149
8 5 2 3172 3 4 72 102615
8 5 2 3173 3 5 73 106522
8 5 2 3174 3 6 74 95047
8 5 2 3175 3 7 75 113323
8 5 2 3176 3 0 76 99378
8 5 2 3177 3 1 77 96266
8 5 2 3178 3 2 78 103460
8 5 2 3179 3 3 79 95802
8 5 2 3180 3 4 80 97002
8 5 2 3181 3 5 81 113914
8 5 2 3182 3 6 82 109429
8 5 2 3183 3 7 83 105026
8 5 2 3184 3 0 84 101393
8 5 2 3185 3 1 85 101197
8 5 2 3186 3 2 86 103575
8 5 2 3187 3 3 87 106562
8 5 2 3188 3 4 88 97594
8 5 2 3189 3 5 89 99347
8 5 2 3190 3 6 90 110294
8 5 2 3191 3 7 91 120289
8 5 2 3192 3 0 92 99637
8 5 2 3193 3 1 93 101693
8 5 2 3194 3 2 94 99297
8 5 2 3195 3 3 95 109720
8 5 2 3196 3 4 96 90707
8 5 2 3197 3 5 97 93003
8 5 2 3198 3 6 98 106241
8 5 2 3199 3 7 99 98947
8 5 2 3200 4 0 0 102601
8 5 2 3201 4 1 1 100980
8 5 2 3202 4 2 2 106604
8 5 2 3203 4 3 3 108795
8 5 2 3204 4 4 4 113572
8 5 2 3205 4 5 5 120144
8 5 2 3206 4 6 6 122267
8 5 2 3207 4 7 7 120366
8 5 2 3208 4 0 8 101210
8 5 2 3209 4 1 9 103868
8 5 2 3210 4 2 10 106391
8 5 2 3211 4 3 11 108989
8 5 2 3212 4 4 12 113245
8 5 2 3213 4 5 13 119678
8 5 2 3214 4 6 14 118032
8 5 2 3215 4 7 15 126176
8 5 2 3216 4 0 16 102590
8 5 2 3217 4 1 17 104006
8 5 2 3218 4 2 18 106251
8 5 2 3219 4 3 19 109054
8 5 2 3220 4 4 20 113340
8 5 2 3221 4 5 21 120407
8 5 2 3222 4 6 22 121634
8 5 2 3223 4 7 23 123486
8 5 2 3224 4 0 24 102589
8 5 2 3225 4 1 25 103755
8 5 2 3226 4 2 26 100908
8 5 2 3227 4 3 27 99111
8 5 2 3228 4 4 28 112532
8 5 2 3229 4 5 29 120994
8 5 2 3230 4 6 30 120618
8 5 2 3231 4 7 31 126919
8 5 2 3232 4 0 32 101876
8 5 2 3233 4 1 33 103774
8 5 2 3234 4 2 34 106746
8 5 2 3235 4 3 35 109288
8 5 2 3236 4 4 36 113390
8 5 2 3237 4 5 37 120486
8 5 2 3238 4 6 38 123421
8 5 2 3239 4 7 39 127421
8 5 2 3240 4 0 40 102599
8 5 2 3241 4 1 41 102766
8 5 2 3242 4 2 42 106487
8 5 2 3243 4 3 43 109424
8 5 2 3244 4 4 44 113462
8 5 2 3245 4 5 45 120047
8 5 2 3246 4 6 46 123191
8 5 2 3247 4 7 47 116591
8 5 2 3248 4 0 48 102624
8 5 2 3249 4 1 49 104040
8 5 2 3250 4 2 50 101494
8 5 2 3251 4 3 51 109280
8 5 2 3252 4 4 52 113922
8 5 2 3253 4 5 53 118556
8 5 2 3254 4 6 54 111579
8 5 2 3255 4 7 55 124314
8 5 2 3256 4 0 56 102618
8 5 2 3257 4 1 57 103874
8 5 2 3258 4 2 58 106210
8 5 2 3259 4 3 59 109469
8 5 2 3260 4 4 60 112470
8 5 2 3261 4 5 61 116858
8 5 2 3262 4 6 62 116723
8 5 2 3263 4 7 63 122656
8 5 2 3264 4 0 64 100674
8 5 2 3265 4 1 65 101043
8 5 2 3266 4 2 66 104452
8 5 2 3267 4 3 67 109393
8 5 2 3268 4 4 68 113479
8 5 2 3269 4 5 69 118045
8 5 2 3270 4 6 70 123818
8 5 2 3271 4 7 71 124111
8 5 2 3272 4 0 72 98439
8 5 2 3273 4 1 73 103843
8 5 2 3274 4 2 74 104707
8 5 2 3275 4 3 75 108849
8 5 2 3276 4 4 76 113235
8 5 2 3277 4 5 77 119768
8 5 2 3278 4 6 78 123279
8 5 2 3279 4 7 79 126461
8 5 2 3280 4 0 80 102541
8 5 2 3281 4 1 81 104044
8 5 2 3282 4 2 82 106745
8 5 2 3283 4 3 83 109369
8 5 2 3284 4 4 84 104836
8 5 2 3285 4 5 85 113161
8 5 2 3286 4 6 86 122516
8 5 2 3287 4 7 87 127818
8 5 2 3288 4 0 88 102668
8 5 2 3289 4 1 89 103979
8 5 2 3290 4 2 90 106404
8 5 2 3291 4 3 91 106460
8 5 2 3292 4 4 92 107963
8 5 2 3293 4 5 93 119106
8 5 2 3294 4 6 94 122274
8 5 2 3295 4 7 95 127166
8 5 2 3296 4 0 96 102642
8 5 2 3297 4 1 97 101890
8 5 2 3298 4 2 98 103070
8 5 2 3299 4 3 99 109053
8 5 2 3300 4 4 0 113303
8 5 2 3301 4 5 1 114553
8 5 2 3302 4 6 2 121715
8 5 2 3303 4 7 3 125371
8 5 2 3304 4 0 4 102642
8 5 2 3305 4 1 5 103847
8 5 2 3306 4 2 6 106464
8 5 2 3307 4 3 7 109345
8 5 2 3308 4 4 8 108956
8 5 2 3309 4 5 9 115239
8 5 2 3310 4 6 10 122753
8 5 2 3311 4 7 11 119294
8 5 2 3312 4 0 12 102546
8 5 2 3313 4 1 13 103788
8 5 2 3314 4 2 14 101854
8 5 2 3315 4 3 15 109241
8 5 2 3316 4 4 16 113267
8 5 2 3317 4 5 17 120776
8 5 2 3318 4 6 18 117635
8 5 2 3319 4 7 19 123925
8 5 2 3320 4 0 20 102587
8 5 2 3321 4 1 21 103995
8 5 2 3322 4 2 22 106500
8 5 2 3323 4 3 23 106909
8 5 2 3324 4 4 24 113212
8 5 2 3325 4 5 25 119666
8 5 2 3326 4 6 26 106970
8 5 2 3327 4 7 27 109968
8 5 2 3328 4 0 28 102480
8 5 2 3329 4 1 29 104011
8 5 2 3330 4 2 30 106638
8 5 2 3331 4 3 31 109274
8 5 2 3332 4 4 32 110826
8 5 2 3333 4 5 33 119661
8 5 2 3334 4 6 34 123224
8 5 2 3335 4 7 35 126591
8 5 2 3336 4 0 36 102638
8 5 2 3337 4 1 37 104036
8 5 2 3338 4 2 38 106422
8 5 2 3339 4 3 39 109287
8 5 2 3340 4 4 40 113409
8 5 2 3341 4 5 41 117227
8 5 2 3342 4 6 42 122584
8 5 2 3343 4 7 43 126784
8 5 2 3344 4 0 44 102650
8 5 2 3345 4 1 45 103992
8 5 2 3346 4 2 46 106481
8 5 2 3347 4 3 47 106308
8 5 2 3348 4 4 48 113313
8 5 2 3349 4 5 49 120503
8 5 2 3350 4 6 50 103841
8 5 2 3351 4 7 51 126697
8 5 2 3352 4 0 52 102699
8 5 2 3353 4 1 53 103801
8 5 2 3354 4 2 54 105635
8 5 2 3355 4 3 55 108998
8 5 2 3356 4 4 56 113172
8 5 2 3357 4 5 57 119823
8 5 2 3358 4 6 58 121466
8 5 2 3359 4 7 59 121208
8 5 2 3360 4 0 60 102288
8 5 2 3361 4 1 61 103053
8 5 2 3362 4 2 62 101585
8 5 2 3363 4 3 63 106771
8 5 2 3364 4 4 64 108174
8 5 2 3365 4 5 65 114017
8 5 2 3366 4 6 66 118865
8 5 2 3367 4 7 67 127058
8 5 2 3368 4 0 68 102660
8 5 2 3369 4 1 69 104060
8 5 2 3370 4 2 70 106742
8 5 2 3371 4 3 71 108654
8 5 2 3372 4 4 72 100225
8 5 2 3373 4 5 73 119417
8 5 2 3374 4 6 74 119262
8 5 2 3375 4 7 75 126050
8 5 2 3376 4 0 76 102581
8 5 2 3377 4 1 77 103749
8 5 2 3378 4 2 78 106713
8 5 2 3379 4 3 79 108824
8 5 2 3380 4 4 80 113211
8 5 2 3381 4 5 81 120943
8 5 2 3382 4 6 82 114582
8 5 2 3383 4 7 83 125958
8 5 2 3384 4 0 84 100516
8 5 2 3385 4 1 85 102290
8 5 2 3386 4 2 86 106486
8 5 2 3387 4 3 87 109333
8 5 2 3388 4 4 88 111975
8 5 2 3389 4 5 89 120658
8 5 2 3390 4 6 90 118926
8 5 2 3391 4 7 91 124363
8 5 2 3392 4 0 92 100731
8 5 2 3393 4 1 93 103853
8 5 2 3394 4 2 94 106336
8 5 2 3395 4 3 95 109145
8 5 2 3396 4 4 96 113206
8 5 2 3397 4 5 97 113613
8 5 2 3398 4 6 98 115066
8 5 2 3399 4 7 99 126299
8 5 2 3400 4 0 0 102601
8 5 2 3401 4 1 1 100980
8 5 2 3402 4 2 2 106604
8 5 2 3403 4 3 3 108795
8 5 2 3404 4 4 4 113572
8 5 2 3405 4 5 5 120144
8 5 2 3406 4 6 6 122267
8 5 2 3407 4 7 7 120366
8 5 2 3408 4 0 8 101210
8 5 2 3409 4 1 9 103868
8 5 2 3410 4 2 10 106391
8 5 2 3411 4 3 11 108989
8 5 2 3412 4 4 12 113245
8 5 2 3413 4 5 13 119678
8 5 2 3414 4 6 14 118032
8 5 2 3415 4 7 15 126176
8 5 2 3416 4 0 16 102590
8 5 2 3417 4 1 17 104006
8 5 2 3418 4 2 18 106251
8 5 2 3419 4 3 19 109054
8 5 2 3420 4 4 20 113340
8 5 2 3421 4 5 21 120407
8 5 2 3422 4 6 22 121634
8 5 2 3423 4 7 23 123486
8 5 2 3424 4 0 24 102589
8 5 2 3425 4 1 25 103755
8 5 2 3426 4 2 26 100908
8 5 2 3427 4 3 27 99111
8 5 2 3428 4 4 28 112532
8 5 2 3429 4 5 29 120994
8 5 2 3430 4 6 30 120618
8 5 2 3431 4 7 31 126919
8 5 2 3432 4 0 32 101876
8 5 2 3433 4 1 33 103774
8 5 2 3434 4 2 34 106746
8 5 2 3435 4 3 35 109288
8 5 2 3436 4 4 36 113390
8 5 2 3437 4 5 37 120486
8 5 2 3438 4 6 38 123421
8 5 2 3439 4 7 39 127421
8 5 2 3440 4 0 40 102599
8 5 2 3441 4 1 41 102766
8 5 2 3442 4 2 42 106487
8 5 2 3443 4 3 43 109424
8 5 2 3444 4 4 44 113462
8 5 2 3445 4 5 45 120047
8 5 2 3446 4 6 46 123191
8 5 2 3447 4 7 47 116591
8 5 2 3448 4 0 48 102624
8 5 2 3449 4 1 49 104040
8 5 2 3450 4 2 50 101494
8 5 2 3451 4 3 51 109280
8 5 2 3452 4 4 52 113922
8 5 2 3453 4 5 53 118556
8 5 2 3454 4 6 54 111579
8 5 2 3455 4 7 55 124314
8 5 2 3456 4 0 56 102618
8 5 2 3457 4 1 57 103874
8 5 2 3458 4 2 58 106210
8 5 2 3459 4 3 59 109469
8 5 2 3460 4 4 60 112470
8 5 2 3461 4 5 61 116858
8 5 2 3462 4 6 62 116723
8 5 2 3463 4 7 63 122656
8 5 2 3464 4 0 64 100674
8 5 2 3465 4 1 65 101043
8 5 2 3466 4 2 66 104452
8 5 2 3467 4 3 67 109393
8 5 2 3468 4 4 68 113479
8 5 2 3469 4 5 69 118045
8 5 2 3470 4 6 70 123818
8 5 2 3471 4 7 71 124111
8 5 2 3472 4 0 72 98439
8 5 2 3473 4 1 73 103843
8 5 2 3474 4 2 74 104707
8 5 2 3475 4 3 75 108849
8 5 2 3476 4 4 76 113235
8 5 2 3477 4 5 77 119768
8 5 2 3478 4 6 78 123279
8 5 2 3479 4 7 79 126461
8 5 2 3480 4 0 80 102541
8 5 2 3481 4 1 81 104044
8 5 2 3482 4 2 82 106745
8 5 2 3483 4 3 83 109369
8 5 2 3484 4 4 84 104836
8 5 2 3485 4 5 85 113161
8 5 2 3486 4 6 86 122516
8 5 2 3487 4 7 87 127818
8 5 2 3488 4 0 88 102668
8 5 2 3489 4 1 89 103979
8 5 2 3490 4 2 90 106404
8 5 2 3491 4 3 91 106460
8 5 2 3492 4 4 92 107963
8 5 2 3493 4 5 93 119106
8 5 2 3494 4 6 94 122274
8 5 2 3495 4 7 95 127166
8 5 2 3496 4 0 96 102642
8 5 2 3497 4 1 97 101890
8 5 2 3498 4 2 98 103070
8 5 2 3499 4 3 99 109053
8 5 2 3500 4 4 0 113303
8 5 2 3501 4 5 1 114553
8 5 2 3502 4 6 2 121715
8 5 2 3503 4 7 3 125371
8 5 2 3504 4 0 4 102642
8 5 2 3505 4 1 5 103847
8 5 2 3506 4 2 6 106464
8 5 2 3507 4 3 7 109345
8 5 2 3508 4 4 8 108956
8 5 2 3509 4 5 9 115239
8 5 2 3510 4 6 10 122753
8 5 2 3511 4 7 11 119294
8 5 2 3512 4 0 12 102546
8 5 2 3513 4 1 13 103788
8 5 2 3514 4 2 14 101854
8 5 2 3515 4 3 15 109241
8 5 2 3516 4 4 16 113267
8 5 2 3517 4 5 17 120776
8 5 2 3518 4 6 18 117635
8 5 2 3519 4 7 19 123925
8 5 2 3520 4 0 20 102587
8 5 2 3521 4 1 21 103995
8 5 2 3522 4 2 22 106500
8 5 2 3523 4 3 23 106909
8 5 2 3524 4 4 24 113212
8 5 2 3525 4 5 25 119666
8 5 2 3526 4 6 26 106970
8 5 2 3527 4 7 27 109968
8 5 2 3528 4 0 28 102480
8 5 2 3529 4 1 29 104011
8 5 2 3530 4 2 30 106638
8 5 2 3531 4 3 31 109274
8 5 2 3532 4 4 32 110826
8 5 2 3533 4 5 33 119661
8 5 2 3534 4 6 34 123224
8 5 2 3535 4 7 35 126591
8 5 2 3536 4 0 36 102638
8 5 2 3537 4 1 37 104036
8 5 2 3538 4 2 38 106422
8 5 2 3539 4 3 39 109287
8 5 2 3540 4 4 40 113409
8 5 2 3541 4 5 41 117227
8 5 2 3542 4 6 42 122584
8 5 2 3543 4 7 43 126784
8 5 2 3544 4 0 44 102650
8 5 2 3545 4 1 45 103992
8 5 2 3546 4 2 46 106481
8 5 2 3547 4 3 47 106308
8 5 2 3548 4 4 48 113313
8 5 2 3549 4 5 49 120503
8 5 2 3550 4 6 50 103841
8 5 2 3551 4 7 51 126697
8 5 2 3552 4 0 52 102699
8 5 2 3553 4 1 53 103801
8 5 2 3554 4 2 54 105635
8 5 2 3555 4 3 55 108998
8 5 2 3556 4 4 56 113172
8 5 2 3557 4 5 57 119823
8 5 2 3558 4 6 58 121466
8 5 2 3559 4 7 59 121208
8 5 2 3560 4 0 60 102288
8 5 2 3561 4 1 61 103053
8 5 2 3562 4 2 62 101585
8 5 2 3563 4 3 63 106771
8 5 2 3564 4 4 64 108174
8 5 2 3565 4 5 65 114017
8 5 2 3566 4 6 66 118865
8 5 2 3567 4 7 67 127058
8 5 2 3568 4 0 68 102660
8 5 2 3569 4 1 69 104060
8 5 2 3570 4 2 70 106742
8 5 2 3571 4 3 71 108654
8 5 2 3572 4 4 72 100225
8 5 2 3573 4 5 73 119417
8 5 2 3574 4 6 74 119262
8 5 2 3575 4 7 75 126050
8 5 2 3576 4 0 76 102581
8 5 2 3577 4 1 77 103749
8 5 2 3578 4 2 78 106713
8 5 2 3579 4 3 79 108824
8 5 2 3580 4 4 80 113211
8 5 2 3581 4 5 81 120943
8 5 2 3582 4 6 82 114582
8 5 2 3583 4 7 83 125958
8 5 2 3584 4 0 84 100516
8 5 2 3585 4 1 85 102290
8 5 2 3586 4 2 86 106486
8 5 2 3587 4 3 87 109333
8 5 2 3588 4 4 88 111975
8 5 2 3589 4 5 89 120658
8 5 2 3590 4 6 90 118926
8 5 2 3591 4 7 91 124363
8 5 2 3592 4 0 92 100731
8 5 2 3593 4 1 93 103853
8 5 2 3594 4 2 94 106336
8 5 2 3595 4 3 95 109145
8 5 2 3596 4 4 96 113206
8 5 2 3597 4 5 97 113613
8 5 2 3598 4 6 98 115066
8 5 2 3599 4 7 99 126299
8 5 3 3000 3 0 0 102816
8 5 3 3001 3 1 1 101828
8 5 3 3002 3 2 2 107848
8 5 3 3003 3 3 3 99928
8 5 3 3004 3 4 4 89172
8 5 3 3005 3 5 5 104558
8 5 3 3006 3 6 6 102518
8 5 3 3007 3 7 7 120397
8 5 3 3008 3 0 8 98797
8 5 3 3009 3 1 9 100419
8 5 3 3010 3 2 10 100355
8 5 3 3011 3 3 11 110646
8 5 3 3012 3 4 12 112725
8 5 3 3013 3 5 13 105025
8 5 3 3014 3 6 14 114305
8 5 3 3015 3 7 15 104511
8 5 3 3016 3 0 16 101396
8 5 3 3017 3 1 17 101858
8 5 3 3018 3 2 18 99826
8 5 3 3019 3 3 19 99778
8 5 3 3020 3 4 20 89413
8 5 3 3021 3 5 21 113849
8 5 3 3022 3 6 22 93807
8 5 3 3023 3 7 23 117924
8 5 3 3024 3 0 24 101770
8 5 3 3025 3 1 25 102981
8 5 3 3026 3 2 26 95770
8 5 3 3027 3 3 27 108726
8 5 3 3028 3 4 28 107493
8 5 3 3029 3 5 29 107009
8 5 3 3030 3 6 30 91185
8 5 3 3031 3 7 31 110250
8 5 3 3032 3 0 32 98965
8 5 3 3033 3 1 33 100005
8 5 3 3034 3 2 34 101825
8 5 3 3035 3 3 35 101592
8 5 3 3036 3 4 36 94754
8 5 3 3037 3 5 37 120834
8 5 3 3038 3 6 38 109901
8 5 3 3039 3 7 39 112996
8 5 3 3040 3 0 40 99713
8 5 3 3041 3 1 41 105320
8 5 3 3042 3 2 42 105827
8 5 3 3043 3 3 43 108046
8 5 3 3044 3 4 44 87271
8 5 3 3045 3 5 45 107174
8 5 3 3046 3 6 46 112994
8 5 3 3047 3 7 47 107156
8 5 3 3048 3 0 48 102557
8 5 3 3049 3 1 49 99402
8 5 3 3050 3 2 50 103313
8 5 3 3051 3 3 51 100665
8 5 3 3052 3 4 52 109774
8 5 3 3053 3 5 53 109431
8 5 3 3054 3 6 54 131522
8 5 3 3055 3 7 55 104067
8 5 3 3056 3 0 56 100832
8 5 3 3057 3 1 57 101875
8 5 3 3058 3 2 58 102407
8 5 3 3059 3 3 59 102593
8 5 3 3060 3 4 60 100714
8 5 3 3061 3 5 61 109028
8 5 3 3062 3 6 62 116521
8 5 3 3063 3 7 63 134986
8 5 3 3064 3 0 64 103012
8 5 3 3065 3 1 65 100156
8 5 3 3066 3 2 66 98730
8 5 3 3067 3 3 67 111191
8 5 3 3068 3 4 68 88853
8 5 3 3069 3 5 69 98573
8 5 3 3070 3 6 70 121781
8 5 3 3071 3 7 71 113967
8 5 3 3072 3 0 72 99069
8 5 3 3073 3 1 73 99964
8 5 3 3074 3 2 74 97098
8 5 3 3075 3 3 75 106177
8 5 3 3076 3 4 76 104371
8 5 3 3077 3 5 77 83879
8 5 3 3078 3 6 78 105219
8 5 3 3079 3 7 79 99098
8 5 3 3080 3 0 80 100029
8 5 3 3081 3 1 81 102870
8 5 3 3082 3 2 82 104760
8 5 3 3083 3 3 83 102090
8 5 3 3084 3 4 84 106850
8 5 3 3085 3 5 85 107307
8 5 3 3086 3 6 86 108949
8 5 3 3087 3 7 87 121052
8 5 3 3088 3 0 88 101281
8 5 3 3089 3 1 89 100690
8 5 3 3090 3 2 90 106030
8 5 3 3091 3 3 91 104917
8 5 3 3092 3 4 92 102612
8 5 3 3093 3 5 93 102937
8 5 3 3094 3 6 94 104494
8 5 3 3095 3 7 95 124644
8 5 3 3096 3 0 96 100171
8 5 3 3097 3 1 97 97495
8 5 3 3098 3 2 98 102077
8 5 3 3099 3 3 99 104228
8 5 3 3100 3 4 0 114450
8 5 3 3101 3 5 1 108534
8 5 3 3102 3 6 2 115033
8 5 3 3103 3 7 3 101103
8 5 3 3104 3 0 4 97963
8 5 3 3105 3 1 5 101011
8 5 3 3106 3 2 6 99371
8 5 3 3107 3 3 7 103541
8 5 3 3108 3 4 8 92690
8 5 3 3109 3 5 9 108510
8 5 3 3110 3 6 10 106314
8 5 3 3111 3 7 11 125022
8 5 3 3112 3 0 12 102773
8 5 3 3113 3 1 13 102029
8 5 3 3114 3 2 14 105466
8 5 3 3115 3 3 15 109263
8 5 3 3116 3 4 16 106191
8 5 3 3117 3 5 17 105078
8 5 3 3118 3 6 18 104635
8 5 3 3119 3 7 19 89029
8 5 3 3120 3 0 20 97613
8 5 3 3121 3 1 21 101043
8 5 3 3122 3 2 22 95289
8 5 3 3123 3 3 23 112717
8 5 3 3124 3 4 24 107919
8 5 3 3125 3 5 25 115564
8 5 3 3126 3 6 26 98747
8 5 3 3127 3 7 27 117563
8 5 3 3128 3 0 28 102501
8 5 3 3129 3 1 29 101457
8 5 3 3130 3 2 30 94006
8 5 3 3131 3 3 31 106276
8 5 3 3132 3 4 32 95607
8 5 3 3133 3 5 33 94209
8 5 3 3134 3 6 34 105286
8 5 3 3135 3 7 35 112311
8 5 3 3136 3 0 36 98956
8 5 3 3137 3 1 37 104899
8 5 3 3138 3 2 38 103697
8 5 3 3139 3 3 39 103866
8 5 3 3140 3 4 40 100787
8 5 3 3141 3 5 41 127231
8 5 3 3142 3 6 42 110048
8 5 3 3143 3 7 43 110414
8 5 3 3144 3 0 44 97323
8 5 3 3145 3 1 45 101525
8 5 3 3146 3 2 46 103713
8 5 3 3147 3 3 47 102612
8 5 3 3148 3 4 48 113652
8 5 3 3149 3 5 49 97360
8 5 3 3150 3 6 50 115017
8 5 3 3151 3 7 51 100568
8 5 3 3152 3 0 52 101336
8 5 3 3153 3 1 53 101238
8 5 3 3154 3 2 54 109412
8 5 3 3155 3 3 55 93069
8 5 3 3156 3 4 56 102861
8 5 3 3157 3 5 57 121441
8 5 3 3158 3 6 58 104227
8 5 3 3159 3 7 59 105967
8 5 3 3160 3 0 60 99873
8 5 3 3161 3 1 61 101263
8 5 3 3162 3 2 62 104841
8 5 3 3163 3 3 63 112170
8 5 3 3164 3 4 64 108696
8 5 3 3165 3 5 65 98423
8 5 3 3166 3 6 66 102763
8 5 3 3167 3 7 67 102173
8 5 3 3168 3 0 68 97401
8 5 3 3169 3 1 69 100445
8 5 3 3170 3 2 70 106843
8 5 3 3171 3 3 71 103563
8 5 3 3172 3 4 72 98626
8 5 3 3173 3 5 73 98642
8 5 3 3174 3 6 74 101575
8 5 3 3175 3 7 75 113249
8 5 3 3176 3 0 76 100693
8 5 3 3177 3 1 77 94619
8 5 3 3178 3 2 78 105130
8 5 3 3179 3 3 79 93937
8 5 3 3180 3 4 80 99056
8 5 3 3181 3 5 81 112983
8 5 3 3182 3 6 82 117041
8 5 3 3183 3 7 83 92370
8 5 3 3184 3 0 84 100799
8 5 3 3185 3 1 85 101808
8 5 3 3186 3 2 86 105428
8 5 3 3187 3 3 87 104736
8 5 3 3188 3 4 88 104148
8 5 3 3189 3 5 89 109383
8 5 3 3190 3 6 90 117929
8 5 3 3191 3 7 91 119175
8 5 3 3192 3 0 92 100243
8 5 3 3193 3 1 93 100488
8 5 3 3194 3 2 94 102007
8 5 3 3195 3 3 95 105074
8 5 3 3196 3 4 96 96835
8 5 3 3197 3 5 97 90698
8 5 3 3198 3 6 98 114113
8 5 3 3199 3 7 99 103479
8 5 3 3200 4 0 0 103934
8 5 3 3201 4 1 1 102964
8 5 3 3202 4 2 2 110078
8 5 3 3203 4 3 3 111197
8 5 3 3204 4 4 4 119162
8 5 3 3205 4 5 5 131966
8 5 3 3206 4 6 6 135236
8 5 3 3207 4 7 7 135986
8 5 3 3208 4 0 8 102532
8 5 3 3209 4 1 9 105871
8 5 3 3210 4 2 10 109853
8 5 3 3211 4 3 11 113877
8 5 3 3212 4 4 12 116518
8 5 3 3213 4 5 13 130878
8 5 3 3214 4 6 14 128710
8 5 3 3215 4 7 15 136236
8 5 3 3216 4 0 16 103948
8 5 3 3217 4 1 17 106007
8 5 3 3218 4 2 18 109791
8 5 3 3219 4 3 19 113778
8 5 3 3220 4 4 20 120555
8 5 3 3221 4 5 21 131907
8 5 3 3222 4 6 22 132268
8 5 3 3223 4 7 23 138391
8 5 3 3224 4 0 24 103869
8 5 3 3225 4 1 25 105855
8 5 3 3226 4 2 26 104080
8 5 3 3227 4 3 27 103479
8 5 3 3228 4 4 28 119900
8 5 3 3229 4 5 29 128454
8 5 3 3230 4 6 30 125345
8 5 3 3231 4 7 31 142063
8 5 3 3232 4 0 32 103149
8 5 3 3233 4 1 33 105838
8 5 3 3234 4 2 34 110304
8 5 3 3235 4 3 35 114256
8 5 3 3236 4 4 36 119184
8 5 3 3237 4 5 37 132284
8 5 3 3238 4 6 38 136752
8 5 3 3239 4 7 39 141204
8 5 3 3240 4 0 40 103894
8 5 3 3241 4 1 41 104792
8 5 3 3242 4 2 42 109501
8 5 3 3243 4 3 43 114530
8 5 3 3244 4 4 44 119715
8 5 3 3245 4 5 45 132202
8 5 3 3246 4 6 46 136503
8 5 3 3247 4 7 47 131146
8 5 3 3248 4 0 48 103952
8 5 3 3249 4 1 49 106066
8 5 3 3250 4 2 50 104920
8 5 3 3251 4 3 51 113999
8 5 3 3252 4 4 52 121201
8 5 3 3253 4 5 53 124167
8 5 3 3254 4 6 54 117836
8 5 3 3255 4 7 55 136162
8 5 3 3256 4 0 56 103986
8 5 3 3257 4 1 57 105949
8 5 3 3258 4 2 58 105283
8 5 3 3259 4 3 59 114554
8 5 3 3260 4 4 60 120002
8 5 3 3261 4 5 61 120376
8 5 3 3262 4 6 62 122957
8 5 3 3263 4 7 63 138677
8 5 3 3264 4 0 64 101990
8 5 3 3265 4 1 65 103045
8 5 3 3266 4 2 66 107868
8 5 3 3267 4 3 67 114157
8 5 3 3268 4 4 68 117752
8 5 3 3269 4 5 69 129540
8 5 3 3270 4 6 70 134672
8 5 3 3271 4 7 71 137685
8 5 3 3272 4 0 72 99741
8 5 3 3273 4 1 73 105861
8 5 3 3274 4 2 74 108196
8 5 3 3275 4 3 75 113588
8 5 3 3276 4 4 76 120781
8 5 3 3277 4 5 77 131333
8 5 3 3278 4 6 78 137231
8 5 3 3279 4 7 79 137894
8 5 3 3280 4 0 80 103906
8 5 3 3281 4 1 81 106085
8 5 3 3282 4 2 82 110326
8 5 3 3283 4 3 83 114036
8 5 3 3284 4 4 84 111737
8 5 3 3285 4 5 85 113465
8 5 3 3286 4 6 86 129429
8 5 3 3287 4 7 87 144475
8 5 3 3288 4 0 88 103926
8 5 3 3289 4 1 89 106028
8 5 3 3290 4 2 90 109894
8 5 3 3291 4 3 91 111495
8 5 3 3292 4 4 92 111546
8 5 3 3293 4 5 93 130724
8 5 3 3294 4 6 94 135732
8 5 3 3295 4 7 95 137857
8 5 3 3296 4 0 96 104026
8 5 3 3297 4 1 97 103876
8 5 3 3298 4 2 98 106460
8 5 3 3299 4 3 99 114245
8 5 3 3300 4 4 0 120633
8 5 3 3301 4 5 1 122275
8 5 3 3302 4 6 2 135197
8 5 3 3303 4 7 3 132478
8 5 3 3304 4 0 4 103972
8 5 3 3305 4 1 5 105883
8 5 3 3306 4 2 6 109901
8 5 3 3307 4 3 7 114351
8 5 3 3308 4 4 8 116074
8 5 3 3309 4 5 9 125977
8 5 3 3310 4 6 10 136606
8 5 3 3311 4 7 11 125307
8 5 3 3312 4 0 12 103143
8 5 3 3313 4 1 13 105734
8 5 3 3314 4 2 14 105166
8 5 3 3315 4 3 15 112075
8 5 3 3316 4 4 16 120694
8 5 3 3317 4 5 17 132192
8 5 3 3318 4 6 18 130079
8 5 3 3319 4 7 19 139688
8 5 3 3320 4 0 20 103923
8 5 3 3321 4 1 21 106053
8 5 3 3322 4 2 22 108516
8 5 3 3323 4 3 23 111579
8 5 3 3324 4 4 24 119604
8 5 3 3325 4 5 25 126811
8 5 3 3326 4 6 26 112900
8 5 3 3327 4 7 27 124062
8 5 3 3328 4 0 28 103813
8 5 3 3329 4 1 29 106062
8 5 3 3330 4 2 30 110166
8 5 3 3331 4 3 31 114474
8 5 3 3332 4 4 32 113240
8 5 3 3333 4 5 33 129747
8 5 3 3334 4 6 34 135844
8 5 3 3335 4 7 35 138709
8 5 3 3336 4 0 36 103412
8 5 3 3337 4 1 37 106100
8 5 3 3338 4 2 38 109891
8 5 3 3339 4 3 39 112308
8 5 3 3340 4 4 40 120680
8 5 3 3341 4 5 41 128971
8 5 3 3342 4 6 42 134887
8 5 3 3343 4 7 43 143563
8 5 3 3344 4 0 44 104026
8 5 3 3345 4 1 45 106081
8 5 3 3346 4 2 46 109962
8 5 3 3347 4 3 47 110843
8 5 3 3348 4 4 48 120634
8 5 3 3349 4 5 49 131942
8 5 3 3350 4 6 50 115663
8 5 3 3351 4 7 51 142545
8 5 3 3352 4 0 52 104042
8 5 3 3353 4 1 53 105650
8 5 3 3354 4 2 54 109031
8 5 3 3355 4 3 55 113918
8 5 3 3356 4 4 56 120708
8 5 3 3357 4 5 57 131099
8 5 3 3358 4 6 58 127475
8 5 3 3359 4 7 59 135284
8 5 3 3360 4 0 60 103658
8 5 3 3361 4 1 61 105104
8 5 3 3362 4 2 62 103422
8 5 3 3363 4 3 63 111659
8 5 3 3364 4 4 64 115246
8 5 3 3365 4 5 65 123054
8 5 3 3366 4 6 66 131399
8 5 3 3367 4 7 67 129809
8 5 3 3368 4 0 68 103943
8 5 3 3369 4 1 69 106094
8 5 3 3370 4 2 70 110268
8 5 3 3371 4 3 71 113685
8 5 3 3372 4 4 72 106861
8 5 3 3373 4 5 73 131076
8 5 3 3374 4 6 74 132661
8 5 3 3375 4 7 75 132058
8 5 3 3376 4 0 76 103925
8 5 3 3377 4 1 77 105766
8 5 3 3378 4 2 78 110293
8 5 3 3379 4 3 79 113828
8 5 3 3380 4 4 80 119861
8 5 3 3381 4 5 81 132614
8 5 3 3382 4 6 82 127322
8 5 3 3383 4 7 83 140891
8 5 3 3384 4 0 84 101845
8 5 3 3385 4 1 85 102782
8 5 3 3386 4 2 86 107432
8 5 3 3387 4 3 87 114432
8 5 3 3388 4 4 88 118914
8 5 3 3389 4 5 89 132567
8 5 3 3390 4 6 90 131808
8 5 3 3391 4 7 91 141100
8 5 3 3392 4 0 92 101443
8 5 3 3393 4 1 93 105913
8 5 3 3394 4 2 94 109665
8 5 3 3395 4 3 95 114161
8 5 3 3396 4 4 96 120838
8 5 3 3397 4 5 97 124668
8 5 3 3398 4 6 98 127445
8 5 3 3399 4 7 99 140228
8 5 3 3400 4 0 0 103934
8 5 3 3401 4 1 1 102964
8 5 3 3402 4 2 2 110078
8 5 3 3403 4 3 3 111197
8 5 3 3404 4 4 4 119162
8 5 3 3405 4 5 5 131966
8 5 3 3406 4 6 6 135236
8 5 3 3407 4 7 7 135986
8 5 3 3408 4 0 8 102532
8 5 3 3409 4 1 9 105871
8 5 3 3410 4 2 10 109853
8 5 3 3411 4 3 11 113877
8 5 3 3412 4 4 12 116518
8 5 3 3413 4 5 13 130878
8 5 3 3414 4 6 14 128710
8 5 3 3415 4 7 15 136236
8 5 3 3416 4 0 16 103948
8 5 3 3417 4 1 17 106007
8 5 3 3418 4 2 18 109791
8 5 3 3419 4 3 19 113778
8 5 3 3420 4 4 20 120555
8 5 3 3421 4 5 21 131907
8 5 3 3422 4 6 22 132268
8 5 3 3423 4 7 23 138391
8 5 3 3424 4 0 24 103869
8 5 3 3425 4 1 25 105855
8 5 3 3426 4 2 26 104080
8 5 3 3427 4 3 27 103479
8 5 3 3428 4 4 28 119900
8 5 3 3429 4 5 29 128454
8 5 3 3430 4 6 30 125345
8 5 3 3431 4 7 31 142063
8 5 3 3432 4 0 32 103149
8 5 3 3433 4 1 33 105838
8 5 3 3434 4 2 34 110304
8 5 3 3435 4 3 35 114256
8 5 3 3436 4 4 36 119184
8 5 3 3437 4 5 37 132284
8 5 3 3438 4 6 38 136752
8 5 3 3439 4 7 39 141204
8 5 3 3440 4 0 40 103894
8 5 3 3441 4 1 41 104792
8 5 3 3442 4 2 42 109501
8 5 3 3443 4 3 43 114530
8 5 3 3444 4 4 44 119715
8 5 3 3445 4 5 45 132202
8 5 3 3446 4 6 46 136503
8 5 3 3447 4 7 47 131146
8 5 3 3448 4 0 48 103952
8 5 3 3449 4 1 49 106066
8 5 3 3450 4 2 50 104920
8 5 3 3451 4 3 51 113999
8 5 3 3452 4 4 52 121201
8 5 3 3453 4 5 53 124167
8 5 3 3454 4 6 54 117836
8 5 3 3455 4 7 55 136162
8 5 3 3456 4 0 56 103986
8 5 3 3457 4 1 57 105949
8 5 3 3458 4 2 58 105283
8 5 3 3459 4 3 59 114554
8 5 3 3460 4 4 60 120002
8 5 3 3461 4 5 61 120376
8 5 3 3462 4 6 62 122957
8 5 3 3463 4 7 63 138677
8 5 3 3464 4 0 64 101990
8 5 3 3465 4 1 65 103045
8 5 3 3466 4 2 66 107868
8 5 3 3467 4 3 67 114157
8 5 3 3468 4 4 68 117752
8 5 3 3469 4 5 69 129540
8 5 3 3470 4 6 70 134672
8 5 3 3471 4 7 71 137685
8 5 3 3472 4 0 72 99741
8 5 3 3473 4 1 73 105861
8 5 3 3474 4 2 74 108196
8 5 3 3475 4 3 75 113588
8 5 3 3476 4 4 76 120781
8 5 3 3477 4 5 77 131333
8 5 3 3478 4 6 78 137231
8 5 3 3479 4 7 79 137894
8 5 3 3480 4 0 80 103906
8 5 3 3481 4 1 81 106085
8 5 3 3482 4 2 82 110326
8 5 3 3483 4 3 83 114036
8 5 3 3484 4 4 84 111737
8 5 3 3485 4 5 85 113465
8 5 3 3486 4 6 86 129429
8 5 3 3487 4 7 87 144475
8 5 3 3488 4 0 88 103926
8 5 3 3489 4 1 89 106028
8 5 3 3490 4 2 90 109894
8 5 3 3491 4 3 91 111495
8 5 3 3492 4 4 92 111546
8 5 3 3493 4 5 93 130724
8 5 3 3494 4 6 94 135732
8 5 3 3495 4 7 95 137857
8 5 3 3496 4 0 96 104026
8 5 3 3497 4 1 97 103876
8 5 3 3498 4 2 98 106460
8 5 3 3499 4 3 99 114245
8 5 3 3500 4 4 0 120633
8 5 3 3501 4 5 1 122275
8 5 3 3502 4 6 2 135197
8 5 3 3503 4 7 3 132478
8 5 3 3504 4 0 4 103972
8 5 3 3505 4 1 5 105883
8 5 3 3506 4 2 6 109901
8 5 3 3507 4 3 7 114351
8 5 3 3508 4 4 8 116074
8 5 3 3509 4 5 9 125977
8 5 3 3510 4 6 10 136606
8 5 3 3511 4 7 11 125307
8 5 3 3512 4 0 12 103143
8 5 3 3513 4 1 13 105734
8 5 3 3514 4 2 14 105166
8 5 3 3515 4 3 15 112075
8 5 3 3516 4 4 16 120694
8 5 3 3517 4 5 17 132192
8 5 3 3518 4 6 18 130079
8 5 3 3519 4 7 19 139688
8 5 3 3520 4 0 20 103923
8 5 3 3521 4 1 21 106053
8 5 3 3522 4 2 22 108516
8 5 3 3523 4 3 23 111579
8 5 3 3524 4 4 24 119604
8 5 3 3525 4 5 25 126811
8 5 3 3526 4 6 26 112900
8 5 3 3527 4 7 27 124062
8 5 3 3528 4 0 28 103813
8 5 3 3529 4 1 29 106062
8 5 3 3530 4 2 30 110166
8 5 3 3531 4 3 31 114474
8 5 3 3532 4 4 32 113240
8 5 3 3533 4 5 33 129747
8 5 3 3534 4 6 34 135844
8 5 3 3535 4 7 35 138709
8 5 3 3536 4 0 36 103412
8 5 3 3537 4 1 37 106100
8 5 3 3538 4 2 38 109891
8 5 3 3539 4 3 39 112308
8 5 3 3540 4 4 40 120680
8 5 3 3541 4 5 41 128971
8 5 3 3542 4 6 42 134887
8 5 3 3543 4 7 43 143563
8 5 3 3544 4 0 44 104026
8 5 3 3545 4 1 45 106081
8 5 3 3546 4 2 46 109962
8 5 3 3547 4 3 47 110843
8 5 3 3548 4 4 48 120634
8 5 3 3549 4 5 49 131942
8 5 3 3550 4 6 50 115663
8 5 3 3551 4 7 51 142545
8 5 3 3552 4 0 52 104042
8 5 3 3553 4 1 53 105650
8 5 3 3554 4 2 54 109031
8 5 3 3555 4 3 55 113918
8 5 3 3556 4 4 56 120708
8 5 3 3557 4 5 57 131099
8 5 3 3558 4 6 58 127475
8 5 3 3559 4 7 59 135284
8 5 3 3560 4 0 60 103658
8 5 3 3561 4 1 61 105104
8 5 3 3562 4 2 62 103422
8 5 3 3563 4 3 63 111659
8 5 3 3564 4 4 64 115246
8 5 3 3565 4 5 65 123054
8 5 3 3566 4 6 66 131399
8 5 3 3567 4 7 67 129809
8 5 3 3568 4 0 68 103943
8 5 3 3569 4 1 69 106094
8 5 3 3570 4 2 70 110268
8 5 3 3571 4 3 71 113685
8 5 3 3572 4 4 72 106861
8 5 3 3573 4 5 73 131076
8 5 3 3574 4 6 74 132661
8 5 3 3575 4 7 75 132058
8 5 3 3576 4 0 76 103925
8 5 3 3577 4 1 77 105766
8 5 3 3578 4 2 78 110293
8 5 3 3579 4 3 79 113828
8 5 3 3580 4 4 80 119861
8 5 3 3581 4 5 81 132614
8 5 3 3582 4 6 82 127322
8 5 3 3583 4 7 83 140891
8 5 3 3584 4 0 84 101845
8 5 3 3585 4 1 85 102782
8 5 3 3586 4 2 86 107432
8 5 3 3587 4 3 87 114432
8 5 3 3588 4 4 88 118914
8 5 3 3589 4 5 89 132567
8 5 3 3590 4 6 90 131808
8 5 3 3591 4 7 91 141100
8 5 3 3592 4 0 92 101443
8 5 3 3593 4 1 93 105913
8 5 3 3594 4 2 94 109665
8 5 3 3595 4 3 95 114161
8 5 3 3596 4 4 96 120838
8 5 3 3597 4 5 97 124668
8 5 3 3598 4 6 98 127445
8 5 3 3599 4 7 99 140228
8 5 4 3000 3 0 0 104168
8 5 4 3001 3 1 1 100907
8 5 4 3002 3 2 2 104224
8 5 4 3003 3 3 3 97302
8 5 4 3004 3 4 4 92601
8 5 4 3005 3 5 5 100553
8 5 4 3006 3 6 6 99957
8 5 4 3007 3 7 7 113924
8 5 4 3008 3 0 8 97505
8 5 4 3009 3 1 9 102447
8 5 4 3010 3 2 10 103767
8 5 4 3011 3 3 11 115864
8 5 4 3012 3 4 12 116737
8 5 4 3013 3 5 13 102532
8 5 4 3014 3 6 14 124560
8 5 4 3015 3 7 15 104050
8 5 4 3016 3 0 16 102728
8 5 4 3017 3 1 17 101342
8 5 4 3018 3 2 18 103207
8 5 4 3019 3 3 19 98948
8 5 4 3020 3 4 20 89564
8 5 4 3021 3 5 21 125384
8 5 4 3022 3 6 22 92665
8 5 4 3023 3 7 23 119207
8 5 4 3024 3 0 24 102202
8 5 4 3025 3 1 25 101803
8 5 4 3026 3 2 26 96502
8 5 4 3027 3 3 27 113876
8 5 4 3028 3 4 28 111681
8 5 4 3029 3 5 29 99813
8 5 4 3030 3 6 30 90221
8 5 4 3031 3 7 31 115796
8 5 4 3032 3 0 32 100310
8 5 4 3033 3 1 33 101001
8 5 4 3034 3 2 34 105256
8 5 4 3035 3 3 35 104100
8 5 4 3036 3 4 36 101103
8 5 4 3037 3 5 37 132865
8 5 4 3038 3 6 38 112159
8 5 4 3039 3 7 39 119071
8 5 4 3040 3 0 40 99052
8 5 4 3041 3 1 41 103726
8 5 4 3042 3 2 42 107895
8 5 4 3043 3 3 43 107562
8 5 4 3044 3 4 44 83914
8 5 4 3045 3 5 45 105703
8 5 4 3046 3 6 46 116640
8 5 4 3047 3 7 47 121685
8 5 4 3048 3 0 48 103910
8 5 4 3049 3 1 49 100188
8 5 4 3050 3 2 50 102604
8 5 4 3051 3 3 51 103329
8 5 4 3052 3 4 52 113676
8 5 4 3053 3 5 53 120262
8 5 4 3054 3 6 54 126077
8 5 4 3055 3 7 55 114306
8 5 4 3056 3 0 56 99766
8 5 4 3057 3 1 57 102901
8 5 4 3058 3 2 58 101596
8 5 4 3059 3 3 59 106928
8 5 4 3060 3 4 60 106429
8 5 4 3061 3 5 61 114023
8 5 4 3062 3 6 62 110485
8 5 4 3063 3 7 63 144023
8 5 4 3064 3 0 64 103769
8 5 4 3065 3 1 65 98413
8 5 4 3066 3 2 66 96875
8 5 4 3067 3 3 67 116397
8 5 4 3068 3 4 68 94822
8 5 4 3069 3 5 69 108219
8 5 4 3070 3 6 70 126772
8 5 4 3071 3 7 71 118192
8 5 4 3072 3 0 72 98042
8 5 4 3073 3 1 73 99526
8 5 4 3074 3 2 74 96309
8 5 4 3075 3 3 75 110930
8 5 4 3076 3 4 76 111229
8 5 4 3077 3 5 77 85125
8 5 4 3078 3 6 78 113623
8 5 4 3079 3 7 79 96160
8 5 4 3080 3 0 80 101372
8 5 4 3081 3 1 81 103712
8 5 4 3082 3 2 82 107650
8 5 4 3083 3 3 83 106773
8 5 4 3084 3 4 84 110203
8 5 4 3085 3 5 85 118220
8 5 4 3086 3 6 86 108345
8 5 4 3087 3 7 87 125745
8 5 4 3088 3 0 88 102577
8 5 4 3089 3 1 89 102465
8 5 4 3090 3 2 90 106796
8 5 4 3091 3 3 91 102302
8 5 4 3092 3 4 92 95300
8 5 4 3093 3 5 93 103987
8 5 4 3094 3 6 94 116553
8 5 4 3095 3 7 95 128999
8 5 4 3096 3 0 96 101520
8 5 4 3097 3 1 97 99337
8 5 4 3098 3 2 98 104050
8 5 4 3099 3 3 99 103788
8 5 4 3100 3 4 0 117825
8 5 4 3101 3 5 1 104447
8 5 4 3102 3 6 2 103853
8 5 4 3103 3 7 3 97743
8 5 4 3104 3 0 4 98716
8 5 4 3105 3 1 5 100087
8 5 4 3106 3 2 6 97521
8 5 4 3107 3 3 7 99234
8 5 4 3108 3 4 8 89636
8 5 4 3109 3 5 9 115336
8 5 4 3110 3 6 10 106430
8 5 4 3111 3 7 11 141835
8 5 4 3112 3 0 12 103533
8 5 4 3113 3 1 13 100480
8 5 4 3114 3 2 14 108590
8 5 4 3115 3 3 15 103876
8 5 4 3116 3 4 16 113199
8 5 4 3117 3 5 17 102705
8 5 4 3118 3 6 18 115753
8 5 4 3119 3 7 19 82639
8 5 4 3120 3 0 20 97396
8 5 4 3121 3 1 21 103071
8 5 4 3122 3 2 22 98186
8 5 4 3123 3 3 23 118013
8 5 4 3124 3 4 24 110186
8 5 4 3125 3 5 25 113767
8 5 4 3126 3 6 26 105498
8 5 4 3127 3 7 27 133445
8 5 4 3128 3 0 28 103345
8 5 4 3129 3 1 29 99919
8 5 4 3130 3 2 30 92194
8 5 4 3131 3 3 31 109056
8 5 4 3132 3 4 32 102104
8 5 4 3133 3 5 33 96709
8 5 4 3134 3 6 34 117315
8 5 4 3135 3 7 35 120707
8 5 4 3136 3 0 36 100151
8 5 4 3137 3 1 37 106886
8 5 4 3138 3 2 38 102989
8 5 4 3139 3 3 39 99608
8 5 4 3140 3 4 40 97373
8 5 4 3141 3 5 41 121806
8 5 4 3142 3 6 42 119108
8 5 4 3143 3 7 43 106842
8 5 4 3144 3 0 44 96615
8 5 4 3145 3 1 45 100363
8 5 4 3146 3 2 46 102812
8 5 4 3147 3 3 47 107552
8 5 4 3148 3 4 48 120738
8 5 4 3149 3 5 49 101308
8 5 4 3150 3 6 50 115668
8 5 4 3151 3 7 51 111129
8 5 4 3152 3 0 52 102623
8 5 4 3153 3 1 53 103295
8 5 4 3154 3 2 54 106558
8 5 4 3155 3 3 55 97183
8 5 4 3156 3 4 56 97584
8 5 4 3157 3 5 57 126499
8 5 4 3158 3 6 58 109799
8 5 4 3159 3 7 59 119015
8 5 4 3160 3 0 60 100975
8 5 4 3161 3 1 61 101876
8 5 4 3162 3 2 62 102142
8 5 4 3163 3 3 63 113662
8 5 4 3164 3 4 64 112555
8 5 4 3165 3 5 65 94541
8 5 4 3166 3 6 66 99543
8 5 4 3167 3 7 67 114272
8 5 4 3168 3 0 68 98710
8 5 4 3169 3 1 69 102359
8 5 4 3170 3 2 70 110464
8 5 4 3171 3 3 71 108189
8 5 4 3172 3 4 72 93456
8 5 4 3173 3 5 73 93517
8 5 4 3174 3 6 74 94888
8 5 4 3175 3 7 75 124360
8 5 4 3176 3 0 76 102053
8 5 4 3177 3 1 77 94327
8 5 4 3178 3 2 78 108653
8 5 4 3179 3 3 79 90509
8 5 4 3180 3 4 80 105734
8 5 4 3181 3 5 81 117619
8 5 4 3182 3 6 82 123535
8 5 4 3183 3 7 83 99340
8 5 4 3184 3 0 84 101224
8 5 4 3185 3 1 85 103880
8 5 4 3186 3 2 86 101901
8 5 4 3187 3 3 87 103509
8 5 4 3188 3 4 88 111169
8 5 4 3189 3 5 89 119255
8 5 4 3190 3 6 90 121024
8 5 4 3191 3 7 91 120597
8 5 4 3192 3 0 92 99009
8 5 4 3193 3 1 93 98675
8 5 4 3194 3 2 94 105475
8 5 4 3195 3 3 95 110031
8 5 4 3196 3 4 96 102168
8 5 4 3197 3 5 97 97553
8 5 4 3198 3 6 98 121647
8 5 4 3199 3 7 99 108803
8 5 4 3200 4 0 0 105312
8 5 4 3201 4 1 1 105055
8 5 4 3202 4 2 2 113380
8 5 4 3203 4 3 3 115965
8 5 4 3204 4 4 4 126876
8 5 4 3205 4 5 5 144173
8 5 4 3206 4 6 6 149861
8 5 4 3207 4 7 7 153500
8 5 4 3208 4 0 8 103846
8 5 4 3209 4 1 9 107803
8 5 4 3210 4 2 10 113288
8 5 4 3211 4 3 11 118725
8 5 4 3212 4 4 12 123445
8 5 4 3213 4 5 13 143223
8 5 4 3214 4 6 14 131174
8 5 4 3215 4 7 15 153689
8 5 4 3216 4 0 16 105331
8 5 4 3217 4 1 17 106693
8 5 4 3218 4 2 18 113438
8 5 4 3219 4 3 19 118820
8 5 4 3220 4 4 20 124869
8 5 4 3221 4 5 21 144511
8 5 4 3222 4 6 22 146475
8 5 4 3223 4 7 23 141055
8 5 4 3224 4 0 24 105207
8 5 4 3225 4 1 25 107925
8 5 4 3226 4 2 26 107282
8 5 4 3227 4 3 27 107923
8 5 4 3228 4 4 28 128000
8 5 4 3229 4 5 29 140634
8 5 4 3230 4 6 30 138401
8 5 4 3231 4 7 31 160013
8 5 4 3232 4 0 32 104410
8 5 4 3233 4 1 33 107917
8 5 4 3234 4 2 34 113788
8 5 4 3235 4 3 35 119306
8 5 4 3236 4 4 36 126879
8 5 4 3237 4 5 37 143952
8 5 4 3238 4 6 38 151881
8 5 4 3239 4 7 39 158156
8 5 4 3240 4 0 40 105255
8 5 4 3241 4 1 41 106886
8 5 4 3242 4 2 42 113203
8 5 4 3243 4 3 43 119156
8 5 4 3244 4 4 44 126318
8 5 4 3245 4 5 45 144272
8 5 4 3246 4 6 46 150750
8 5 4 3247 4 7 47 147469
8 5 4 3248 4 0 48 105261
8 5 4 3249 4 1 49 107948
8 5 4 3250 4 2 50 108329
8 5 4 3251 4 3 51 119186
8 5 4 3252 4 4 52 128771
8 5 4 3253 4 5 53 136521
8 5 4 3254 4 6 54 129532
8 5 4 3255 4 7 55 153604
8 5 4 3256 4 0 56 102714
8 5 4 3257 4 1 57 108012
8 5 4 3258 4 2 58 108773
8 5 4 3259 4 3 59 119984
8 5 4 3260 4 4 60 127562
8 5 4 3261 4 5 61 120820
8 5 4 3262 4 6 62 136935
8 5 4 3263 4 7 63 155845
8 5 4 3264 4 0 64 103349
8 5 4 3265 4 1 65 105074
8 5 4 3266 4 2 66 105684
8 5 4 3267 4 3 67 119153
8 5 4 3268 4 4 68 125156
8 5 4 3269 4 5 69 141425
8 5 4 3270 4 6 70 142687
8 5 4 3271 4 7 71 155427
8 5 4 3272 4 0 72 100994
8 5 4 3273 4 1 73 107967
8 5 4 3274 4 2 74 111646
8 5 4 3275 4 3 75 119047
8 5 4 3276 4 4 76 128539
8 5 4 3277 4 5 77 143260
8 5 4 3278 4 6 78 151792
8 5 4 3279 4 7 79 154018
8 5 4 3280 4 0 80 105284
8 5 4 3281 4 1 81 106723
8 5 4 3282 4 2 82 113834
8 5 4 3283 4 3 83 119224
8 5 4 3284 4 4 84 119087
8 5 4 3285 4 5 85 124234
8 5 4 3286 4 6 86 142700
8 5 4 3287 4 7 87 161635
8 5 4 3288 4 0 88 105310
8 5 4 3289 4 1 89 107895
8 5 4 3290 4 2 90 113529
8 5 4 3291 4 3 91 106770
8 5 4 3292 4 4 92 118567
8 5 4 3293 4 5 93 143261
8 5 4 3294 4 6 94 150978
8 5 4 3295 4 7 95 143688
8 5 4 3296 4 0 96 102754
8 5 4 3297 4 1 97 105920
8 5 4 3298 4 2 98 103516
8 5 4 3299 4 3 99 119495
8 5 4 3300 4 4 0 127935
8 5 4 3301 4 5 1 130509
8 5 4 3302 4 6 2 148751
8 5 4 3303 4 7 3 149128
8 5 4 3304 4 0 4 105323
8 5 4 3305 4 1 5 107943
8 5 4 3306 4 2 6 113545
8 5 4 3307 4 3 7 119722
8 5 4 3308 4 4 8 119731
8 5 4 3309 4 5 9 137707
8 5 4 3310 4 6 10 151011
8 5 4 3311 4 7 11 134335
8 5 4 3312 4 0 12 104369
8 5 4 3313 4 1 13 107738
8 5 4 3314 4 2 14 102089
8 5 4 3315 4 3 15 116944
8 5 4 3316 4 4 16 128296
8 5 4 3317 4 5 17 139712
8 5 4 3318 4 6 18 144172
8 5 4 3319 4 7 19 156896
8 5 4 3320 4 0 20 105241
8 5 4 3321 4 1 21 108021
8 5 4 3322 4 2 22 112078
8 5 4 3323 4 3 23 109750
8 5 4 3324 4 4 24 127032
8 5 4 3325 4 5 25 139174
8 5 4 3326 4 6 26 124113
8 5 4 3327 4 7 27 139835
8 5 4 3328 4 0 28 105213
8 5 4 3329 4 1 29 108114
8 5 4 3330 4 2 30 113672
8 5 4 3331 4 3 31 119681
8 5 4 3332 4 4 32 120284
8 5 4 3333 4 5 33 141974
8 5 4 3334 4 6 34 150716
8 5 4 3335 4 7 35 155565
8 5 4 3336 4 0 36 104766
8 5 4 3337 4 1 37 108150
8 5 4 3338 4 2 38 113395
8 5 4 3339 4 3 39 116522
8 5 4 3340 4 4 40 128642
8 5 4 3341 4 5 41 141264
8 5 4 3342 4 6 42 150248
8 5 4 3343 4 7 43 161013
8 5 4 3344 4 0 44 105130
8 5 4 3345 4 1 45 107823
8 5 4 3346 4 2 46 113392
8 5 4 3347 4 3 47 116013
8 5 4 3348 4 4 48 128177
8 5 4 3349 4 5 49 143892
8 5 4 3350 4 6 50 127837
8 5 4 3351 4 7 51 160734
8 5 4 3352 4 0 52 105374
8 5 4 3353 4 1 53 107751
8 5 4 3354 4 2 54 112139
8 5 4 3355 4 3 55 119052
8 5 4 3356 4 4 56 121052
8 5 4 3357 4 5 57 143440
8 5 4 3358 4 6 58 131742
8 5 4 3359 4 7 59 152826
8 5 4 3360 4 0 60 105026
8 5 4 3361 4 1 61 107170
8 5 4 3362 4 2 62 106922
8 5 4 3363 4 3 63 116349
8 5 4 3364 4 4 64 122922
8 5 4 3365 4 5 65 135025
8 5 4 3366 4 6 66 139961
8 5 4 3367 4 7 67 145857
8 5 4 3368 4 0 68 105263
8 5 4 3369 4 1 69 108140
8 5 4 3370 4 2 70 111088
8 5 4 3371 4 3 71 118756
8 5 4 3372 4 4 72 113525
8 5 4 3373 4 5 73 138620
8 5 4 3374 4 6 74 145800
8 5 4 3375 4 7 75 148241
8 5 4 3376 4 0 76 105252
8 5 4 3377 4 1 77 107790
8 5 4 3378 4 2 78 113569
8 5 4 3379 4 3 79 119118
8 5 4 3380 4 4 80 127450
8 5 4 3381 4 5 81 134148
8 5 4 3382 4 6 82 141184
8 5 4 3383 4 7 83 158642
8 5 4 3384 4 0 84 103217
8 5 4 3385 4 1 85 104764
8 5 4 3386 4 2 86 111012
8 5 4 3387 4 3 87 119388
8 5 4 3388 4 4 88 123734
8 5 4 3389 4 5 89 145261
8 5 4 3390 4 6 90 146190
8 5 4 3391 4 7 91 144196
8 5 4 3392 4 0 92 102785
8 5 4 3393 4 1 93 107941
8 5 4 3394 4 2 94 113165
8 5 4 3395 4 3 95 118672
8 5 4 3396 4 4 96 117568
8 5 4 3397 4 5 97 136117
8 5 4 3398 4 6 98 129443
8 5 4 3399 4 7 99 158582
8 5 4 3400 4 0 0 105312
8 5 4 3401 4 1 1 105055
8 5 4 3402 4 2 2 113380
8 5 4 3403 4 3 3 115965
8 5 4 3404 4 4 4 126876
8 5 4 3405 4 5 5 144173
8 5 4 3406 4 6 6 149861
8 5 4 3407 4 7 7 153500
8 5 4 3408 4 0 8 103846
8 5 4 3409 4 1 9 107803
8 5 4 3410 4 2 10 113288
8 5 4 3411 4 3 11 118725
8 5 4 3412 4 4 12 123445
8 5 4 3413 4 5 13 143223
8 5 4 3414 4 6 14 131174
8 5 4 3415 4 7 15 153689
8 5 4 3416 4 0 16 105331
8 5 4 3417 4 1 17 106693
8 5 4 3418 4 2 18 113438
8 5 4 3419 4 3 19 118820
8 5 4 3420 4 4 20 124869
8 5 4 3421 4 5 21 144511
8 5 4 3422 4 6 22 146475
8 5 4 3423 4 7 23 141055
8 5 4 3424 4 0 24 105207
8 5 4 3425 4 1 25 107925
8 5 4 3426 4 2 26 107282
8 5 4 3427 4 3 27 107923
8 5 4 3428 4 4 28 128000
8 5 4 3429 4 5 29 140634
8 5 4 3430 4 6 30 138401
8 5 4 3431 4 7 31 160013
8 5 4 3432 4 0 32 104410
8 5 4 3433 4 1 33 107917
8 5 4 3434 4 2 34 113788
8 5 4 3435 4 3 35 119306
8 5 4 3436 4 4 36 126879
8 5 4 3437 4 5 37 143952
8 5 4 3438 4 6 38 151881
8 5 4 3439 4 7 39 158156
8 5 4 3440 4 0 40 105255
8 5 4 3441 4 1 41 106886
8 5 4 3442 4 2 42 113203
8 5 4 3443 4 3 43 119156
8 5 4 3444 4 4 44 126318
8 5 4 3445 4 5 45 144272
8 5 4 3446 4 6 46 150750
8 5 4 3447 4 7 47 147469
8 5 4 3448 4 0 48 105261
8 5 4 3449 4 1 49 107948
8 5 4 3450 4 2 50 108329
8 5 4 3451 4 3 51 119186
8 5 4 3452 4 4 52 128771
8 5 4 3453 4 5 53 136521
8 5 4 3454 4 6 54 129532
8 5 4 3455 4 7 55 153604
8 5 4 3456 4 0 56 102714
8 5 4 3457 4 1 57 108012
8 5 4 3458 4 2 58 108773
8 5 4 3459 4 3 59 119984
8 5 4 3460 4 4 60 127562
8 5 4 3461 4 5 61 120820
8 5 4 3462 4 6 62 136935
8 5 4 3463 4 7 63 155845
8 5 4 3464 4 0 64 103349
8 5 4 3465 4 1 65 105074
8 5 4 3466 4 2 66 105684
8 5 4 3467 4 3 67 119153
8 5 4 3468 4 4 68 125156
8 5 4 3469 4 5 69 141425
8 5 4 3470 4 6 70 142687
8 5 4 3471 4 7 71 155427
8 5 4 3472 4 0 72 100994
8 5 4 3473 4 1 73 107967
8 5 4 3474 4 2 74 111646
8 5 4 3475 4 3 75 119047
8 5 4 3476 4 4 76 128539
8 5 4 3477 4 5 77 143260
8 5 4 3478 4 6 78 151792
8 5 4 3479 4 7 79 154018
8 5 4 3480 4 0 80 105284
8 5 4 3481 4 1 81 106723
8 5 4 3482 4 2 82 113834
8 5 4 3483 4 3 83 119224
8 5 4 3484 4 4 84 119087
8 5 4 3485 4 5 85 124234
8 5 4 3486 4 6 86 142700
8 5 4 3487 4 7 87 161635
8 5 4 3488 4 0 88 105310
8 5 4 3489 4 1 89 107895
8 5 4 3490 4 2 90 113529
8 5 4 3491 4 3 91 106770
8 5 4 3492 4 4 92 118567
8 5 4 3493 4 5 93 143261
8 5 4 3494 4 6 94 150978
8 5 4 3495 4 7 95 143688
8 5 4 3496 4 0 96 102754
8 5 4 3497 4 1 97 105920
8 5 4 3498 4 2 98 103516
8 5 4 3499 4 3 99 119495
8 5 4 3500 4 4 0 127935
8 5 4 3501 4 5 1 130509
8 5 4 3502 4 6 2 148751
8 5 4 3503 4 7 3 149128
8 5 4 3504 4 0 4 105323
8 5 4 3505 4 1 5 107943
8 5 4 3506 4 2 6 113545
8 5 4 3507 4 3 7 119722
8 5 4 3508 4 4 8 119731
8 5 4 3509 4 5 9 137707
8 5 4 3510 4 6 10 151011
8 5 4 3511 4 7 11 134335
8 5 4 3512 4 0 12 104369
8 5 4 3513 4 1 13 107738
8 5 4 3514 4 2 14 102089
8 5 4 3515 4 3 15 116944
8 5 4 3516 4 4 16 128296
8 5 4 3517 4 5 17 139712
8 5 4 3518 4 6 18 144172
8 5 4 3519 4 7 19 156896
8 5 4 3520 4 0 20 105241
8 5 4 3521 4 1 21 108021
8 5 4 3522 4 2 22 112078
8 5 4 3523 4 3 23 109750
8 5 4 3524 4 4 24 127032
8 5 4 3525 4 5 25 139174
8 5 4 3526 4 6 26 124113
8 5 4 3527 4 7 27 139835
8 5 4 3528 4 0 28 105213
8 5 4 3529 4 1 29 108114
8 5 4 3530 4 2 30 113672
8 5 4 3531 4 3 31 119681
8 5 4 3532 4 4 32 120284
8 5 4 3533 4 5 33 141974
8 5 4 3534 4 6 34 150716
8 5 4 3535 4 7 35 155565
8 5 4 3536 4 0 36 104766
8 5 4 3537 4 1 37 108150
8 5 4 3538 4 2 38 113395
8 5 4 3539 4 3 39 116522
8 5 4 3540 4 4 40 128642
8 5 4 3541 4 5 41 141264
8 5 4 3542 4 6 42 150248
8 5 4 3543 4 7 43 161013
8 5 4 3544 4 0 44 105130
8 5 4 3545 4 1 45 107823
8 5 4 3546 4 2 46 113392
8 5 4 3547 4 3 47 116013
8 5 4 3548 4 4 48 128177
8 5 4 3549 4 5 49 143892
8 5 4 3550 4 6 50 127837
8 5 4 3551 4 7 51 160734
8 5 4 3552 4 0 52 105374
8 5 4 3553 4 1 53 107751
8 5 4 3554 4 2 54 112139
8 5 4 3555 4 3 55 119052
8 5 4 3556 4 4 56 121052
8 5 4 3557 4 5 57 143440
8 5 4 3558 4 6 58 131742
8 5 4 3559 4 7 59 152826
8 5 4 3560 4 0 60 105026
8 5 4 3561 4 1 61 107170
8 5 4 3562 4 2 62 106922
8 5 4 3563 4 3 63 116349
8 5 4 3564 4 4 64 122922
8 5 4 3565 4 5 65 135025
8 5 4 3566 4 6 66 139961
8 5 4 3567 4 7 67 145857
8 5 4 3568 4 0 68 105263
8 5 4 3569 4 1 69 108140
8 5 4 3570 4 2 70 111088
8 5 4 3571 4 3 71 118756
8 5 4 3572 4 4 72 113525
8 5 4 3573 4 5 73 138620
8 5 4 3574 4 6 74 145800
8 5 4 3575 4 7 75 148241
8 5 4 3576 4 0 76 105252
8 5 4 3577 4 1 77 107790
8 5 4 3578 4 2 78 113569
8 5 4 3579 4 3 79 119118
8 5 4 3580 4 4 80 127450
8 5 4 3581 4 5 81 134148
8 5 4 3582 4 6 82 141184
8 5 4 3583 4 7 83 158642
8 5 4 3584 4 0 84 103217
8 5 4 3585 4 1 85 104764
8 5 4 3586 4 2 86 111012
8 5 4 3587 4 3 87 119388
8 5 4 3588 4 4 88 123734
8 5 4 3589 4 5 89 145261
8 5 4 3590 4 6 90 146190
8 5 4 3591 4 7 91 144196
8 5 4 3592 4 0 92 102785
8 5 4 3593 4 1 93 107941
8 5 4 3594 4 2 94 113165
8 5 4 3595 4 3 95 118672
8 5 4 3596 4 4 96 117568
8 5 4 3597 4 5 97 136117
8 5 4 3598 4 6 98 129443
8 5 4 3599 4 7 99 158582
8 5 5 3000 3 0 0 103902
8 5 5 3001 3 1 1 101941
8 5 5 3002 3 2 2 100772
8 5 5 3003 3 3 3 101862
8 5 5 3004 3 4 4 87160
8 5 5 3005 3 5 5 103468
8 5 5 3006 3 6 6 103113
8 5 5 3007 3 7 7 123272
8 5 5 3008 3 0 8 98836
8 5 5 3009 3 1 9 103052
8 5 5 3010 3 2 10 101047
8 5 5 3011 3 3 11 121346
8 5 5 3012 3 4 12 123658
8 5 5 3013 3 5 13 112978
8 5 5 3014 3 6 14 121008
8 5 5 3015 3 7 15 98382
8 5 5 3016 3 0 16 103156
8 5 5 3017 3 1 17 103371
8 5 5 3018 3 2 18 102081
8 5 5 3019 3 3 19 103541
8 5 5 3020 3 4 20 91654
8 5 5 3021 3 5 21 126337
8 5 5 3022 3 6 22 98311
8 5 5 3023 3 7 23 108208
8 5 5 3024 3 0 24 101890
8 5 5 3025 3 1 25 100042
8 5 5 3026 3 2 26 95432
8 5 5 3027 3 3 27 119149
8 5 5 3028 3 4 28 104643
8 5 5 3029 3 5 29 98628
8 5 5 3030 3 6 30 96958
8 5 5 3031 3 7 31 129130
8 5 5 3032 3 0 32 99897
8 5 5 3033 3 1 33 103066
8 5 5 3034 3 2 34 106337
8 5 5 3035 3 3 35 104697
8 5 5 3036 3 4 36 100316
8 5 5 3037 3 5 37 124563
8 5 5 3038 3 6 38 118534
8 5 5 3039 3 7 39 126694
8 5 5 3040 3 0 40 98022
8 5 5 3041 3 1 41 104987
8 5 5 3042 3 2 42 111564
8 5 5 3043 3 3 43 112120
8 5 5 3044 3 4 44 82202
8 5 5 3045 3 5 45 114772
8 5 5 3046 3 6 46 130034
8 5 5 3047 3 7 47 132687
8 5 5 3048 3 0 48 105250
8 5 5 3049 3 1 49 99678
8 5 5 3050 3 2 50 99944
8 5 5 3051 3 3 51 107805
8 5 5 3052 3 4 52 120819
8 5 5 3053 3 5 53 129566
8 5 5 3054 3 6 54 128842
8 5 5 3055 3 7 55 118019
8 5 5 3056 3 0 56 100455
8 5 5 3057 3 1 57 103658
8 5 5 3058 3 2 58 103663
8 5 5 3059 3 3 59 101937
8 5 5 3060 3 4 60 113491
8 5 5 3061 3 5 61 124451
8 5 5 3062 3 6 62 119559
8 5 5 3063 3 7 63 133798
8 5 5 3064 3 0 64 105150
8 5 5 3065 3 1 65 100334
8 5 5 3066 3 2 66 98892
8 5 5 3067 3 3 67 118093
8 5 5 3068 3 4 68 89846
8 5 5 3069 3 5 69 110211
8 5 5 3070 3 6 70 130319
8 5 5 3071 3 7 71 127766
8 5 5 3072 3 0 72 97764
8 5 5 3073 3 1 73 101565
8 5 5 3074 3 2 74 95883
8 5 5 3075 3 3 75 109238
8 5 5 3076 3 4 76 118743
8 5 5 3077 3 5 77 80056
8 5 5 3078 3 6 78 110390
8 5 5 3079 3 7 79 101502
8 5 5 3080 3 0 80 102133
8 5 5 3081 3 1 81 105572
8 5 5 3082 3 2 82 105392
8 5 5 3083 3 3 83 111631
8 5 5 3084 3 4 84 103355
8 5 5 3085 3 5 85 119085
8 5 5 3086 3 6 86 120774
8 5 5 3087 3 7 87 135885
8 5 5 3088 3 0 88 101290
8 5 5 3089 3 1 89 104509
8 5 5 3090 3 2 90 105749
8 5 5 3091 3 3 91 97529
8 5 5 3092 3 4 92 95650
8 5 5 3093 3 5 93 104089
8 5 5 3094 3 6 94 126793
8 5 5 3095 3 7 95 142686
8 5 5 3096 3 0 96 102873
8 5 5 3097 3 1 97 101297
8 5 5 3098 3 2 98 105215
8 5 5 3099 3 3 99 108751
8 5 5 3100 3 4 0 116227
8 5 5 3101 3 5 1 103786
8 5 5 3102 3 6 2 98813
8 5 5 3103 3 7 3 110601
8 5 5 3104 3 0 4 97568
8 5 5 3105 3 1 5 100647
8 5 5 3106 3 2 6 98626
8 5 5 3107 3 3 7 100354
8 5 5 3108 3 4 8 95759
8 5 5 3109 3 5 9 116656
8 5 5 3110 3 6 10 99742
8 5 5 3111 3 7 11 152176
8 5 5 3112 3 0 12 104906
8 5 5 3113 3 1 13 102533
8 5 5 3114 3 2 14 105202
8 5 5 3115 3 3 15 99999
8 5 5 3116 3 4 16 111939
8 5 5 3117 3 5 17 109526
8 5 5 3118 3 6 18 113149
8 5 5 3119 3 7 19 84209
8 5 5 3120 3 0 20 97850
8 5 5 3121 3 1 21 102799
8 5 5 3122 3 2 22 100173
8 5 5 3123 3 3 23 116164
8 5 5 3124 3 4 24 111168
8 5 5 3125 3 5 25 109160
8 5 5 3126 3 6 26 105381
8 5 5 3127 3 7 27 144412
8 5 5 3128 3 0 28 102068
8 5 5 3129 3 1 29 99904
8 5 5 3130 3 2 30 95336
8 5 5 3131 3 3 31 114267
8 5 5 3132 3 4 32 104642
8 5 5 3133 3 5 33 105088
8 5 5 3134 3 6 34 126934
8 5 5 3135 3 7 35 121819
8 5 5 3136 3 0 36 99985
8 5 5 3137 3 1 37 104771
8 5 5 3138 3 2 38 104522
8 5 5 3139 3 3 39 104231
8 5 5 3140 3 4 40 95785
8 5 5 3141 3 5 41 131470
8 5 5 3142 3 6 42 128042
8 5 5 3143 3 7 43 102280
8 5 5 3144 3 0 44 96298
8 5 5 3145 3 1 45 102392
8 5 5 3146 3 2 46 106303
8 5 5 3147 3 3 47 109180
8 5 5 3148 3 4 48 126817
8 5 5 3149 3 5 49 102595
8 5 5 3150 3 6 50 121128
8 5 5 3151 3 7 51 117347
8 5 5 3152 3 0 52 103950
8 5 5 3153 3 1 53 104545
8 5 5 3154 3 2 54 103780
8 5 5 3155 3 3 55 93670
8 5 5 3156 3 4 56 100884
8 5 5 3157 3 5 57 132192
8 5 5 3158 3 6 58 109629
8 5 5 3159 3 7 59 113124
8 5 5 3160 3 0 60 102290
8 5 5 3161 3 1 61 103914
8 5 5 3162 3 2 62 104258
8 5 5 3163 3 3 63 109543
8 5 5 3164 3 4 64 120208
8 5 5 3165 3 5 65 94342
8 5 5 3166 3 6 66 108231
8 5 5 3167 3 7 67 121597
8 5 5 3168 3 0 68 97693
8 5 5 3169 3 1 69 103264
8 5 5 3170 3 2 70 111376
8 5 5 3171 3 3 71 110703
8 5 5 3172 3 4 72 92229
8 5 5 3173 3 5 73 97847
8 5 5 3174 3 6 74 97106
8 5 5 3175 3 7 75 128481
8 5 5 3176 3 0 76 103438
8 5 5 3177 3 1 77 92587
8 5 5 3178 3 2 78 109773
8 5 5 3179 3 3 79 90518
8 5 5 3180 3 4 80 110655
8 5 5 3181 3 5 81 127886
8 5 5 3182 3 6 82 124752
8 5 5 3183 3 7 83 103519
8 5 5 3184 3 0 84 99973
8 5 5 3185 3 1 85 102816
8 5 5 3186 3 2 86 105299
8 5 5 3187 3 3 87 101833
8 5 5 3188 3 4 88 104202
8 5 5 3189 3 5 89 131245
8 5 5 3190 3 6 90 117142
8 5 5 3191 3 7 91 104715
8 5 5 3192 3 0 92 99802
8 5 5 3193 3 1 93 98336
8 5 5 3194 3 2 94 108982
8 5 5 3195 3 3 95 112723
8 5 5 3196 3 4 96 109132
8 5 5 3197 3 5 97 102649
8 5 5 3198 3 6 98 130343
8 5 5 3199 3 7 99 123661
8 5 5 3200 4 0 0 106698
8 5 5 3201 4 1 1 107098
8 5 5 3202 4 2 2 116902
8 5 5 3203 4 3 3 121375
8 5 5 3204 4 4 4 133725
8 5 5 3205 4 5 5 157898
8 5 5 3206 4 6 6 165813
8 5 5 3207 4 7 7 173619
8 5 5 3208 4 0 8 105216
8 5 5 3209 4 1 9 109853
8 5 5 3210 4 2 10 115399
8 5 5 3211 4 3 11 123692
8 5 5 3212 4 4 12 131439
8 5 5 3213 4 5 13 157153
8 5 5 3214 4 6 14 146012
8 5 5 3215 4 7 15 173289
8 5 5 3216 4 0 16 106701
8 5 5 3217 4 1 17 108725
8 5 5 3218 4 2 18 116988
8 5 5 3219 4 3 19 123933
8 5 5 3220 4 4 20 132907
8 5 5 3221 4 5 21 158238
8 5 5 3222 4 6 22 162606
8 5 5 3223 4 7 23 158009
8 5 5 3224 4 0 24 106533
8 5 5 3225 4 1 25 110003
8 5 5 3226 4 2 26 110623
8 5 5 3227 4 3 27 112608
8 5 5 3228 4 4 28 136310
8 5 5 3229 4 5 29 152353
8 5 5 3230 4 6 30 152345
8 5 5 3231 4 7 31 179722
8 5 5 3232 4 0 32 105751
8 5 5 3233 4 1 33 110093
8 5 5 3234 4 2 34 117509
8 5 5 3235 4 3 35 124473
8 5 5 3236 4 4 36 135047
8 5 5 3237 4 5 37 156114
8 5 5 3238 4 6 38 168272
8 5 5 3239 4 7 39 177731
8 5 5 3240 4 0 40 106656
8 5 5 3241 4 1 41 108982
8 5 5 3242 4 2 42 116794
8 5 5 3243 4 3 43 124610
8 5 5 3244 4 4 44 134468
8 5 5 3245 4 5 45 158082
8 5 5 3246 4 6 46 166822
8 5 5 3247 4 7 47 166101
8 5 5 3248 4 0 48 106538
8 5 5 3249 4 1 49 110002
8 5 5 3250 4 2 50 111939
8 5 5 3251 4 3 51 124248
8 5 5 3252 4 4 52 137076
8 5 5 3253 4 5 53 149634
8 5 5 3254 4 6 54 142681
8 5 5 3255 4 7 55 172941
8 5 5 3256 4 0 56 104034
8 5 5 3257 4 1 57 110131
8 5 5 3258 4 2 58 112264
8 5 5 3259 4 3 59 125088
8 5 5 3260 4 4 60 135980
8 5 5 3261 4 5 61 132479
8 5 5 3262 4 6 62 151211
8 5 5 3263 4 7 63 175862
8 5 5 3264 4 0 64 104641
8 5 5 3265 4 1 65 107045
8 5 5 3266 4 2 66 109012
8 5 5 3267 4 3 67 124556
8 5 5 3268 4 4 68 133162
8 5 5 3269 4 5 69 154741
8 5 5 3270 4 6 70 157674
8 5 5 3271 4 7 71 173835
8 5 5 3272 4 0 72 102244
8 5 5 3273 4 1 73 110046
8 5 5 3274 4 2 74 115263
8 5 5 3275 4 3 75 124304
8 5 5 3276 4 4 76 129055
8 5 5 3277 4 5 77 151267
8 5 5 3278 4 6 78 166833
8 5 5 3279 4 7 79 172461
8 5 5 3280 4 0 80 106615
8 5 5 3281 4 1 81 108778
8 5 5 3282 4 2 82 117391
8 5 5 3283 4 3 83 124509
8 5 5 3284 4 4 84 126758
8 5 5 3285 4 5 85 134918
8 5 5 3286 4 6 86 158471
8 5 5 3287 4 7 87 175092
8 5 5 3288 4 0 88 106686
8 5 5 3289 4 1 89 110071
8 5 5 3290 4 2 90 117132
8 5 5 3291 4 3 91 111548
8 5 5 3292 4 4 92 126327
8 5 5 3293 4 5 93 156620
8 5 5 3294 4 6 94 166335
8 5 5 3295 4 7 95 161781
8 5 5 3296 4 0 96 104140
8 5 5 3297 4 1 97 107870
8 5 5 3298 4 2 98 106913
8 5 5 3299 4 3 99 124594
8 5 5 3300 4 4 0 135824
8 5 5 3301 4 5 1 143198
8 5 5 3302 4 6 2 164913
8 5 5 3303 4 7 3 168231
8 5 5 3304 4 0 4 106693
8 5 5 3305 4 1 5 110056
8 5 5 3306 4 2 6 117296
8 5 5 3307 4 3 7 125352
8 5 5 3308 4 4 8 127376
8 5 5 3309 4 5 9 150822
8 5 5 3310 4 6 10 163930
8 5 5 3311 4 7 11 150603
8 5 5 3312 4 0 12 105694
8 5 5 3313 4 1 13 109716
8 5 5 3314 4 2 14 105429
8 5 5 3315 4 3 15 122122
8 5 5 3316 4 4 16 136640
8 5 5 3317 4 5 17 153071
8 5 5 3318 4 6 18 159536
8 5 5 3319 4 7 19 175859
8 5 5 3320 4 0 20 106596
8 5 5 3321 4 1 21 110101
8 5 5 3322 4 2 22 115681
8 5 5 3323 4 3 23 114458
8 5 5 3324 4 4 24 135214
8 5 5 3325 4 5 25 148936
8 5 5 3326 4 6 26 137752
8 5 5 3327 4 7 27 157587
8 5 5 3328 4 0 28 106575
8 5 5 3329 4 1 29 110165
8 5 5 3330 4 2 30 117162
8 5 5 3331 4 3 31 124857
8 5 5 3332 4 4 32 128011
8 5 5 3333 4 5 33 155341
8 5 5 3334 4 6 34 167339
8 5 5 3335 4 7 35 174072
8 5 5 3336 4 0 36 106086
8 5 5 3337 4 1 37 110272
8 5 5 3338 4 2 38 117035
8 5 5 3339 4 3 39 121757
8 5 5 3340 4 4 40 136949
8 5 5 3341 4 5 41 155231
8 5 5 3342 4 6 42 165158
8 5 5 3343 4 7 43 178106
8 5 5 3344 4 0 44 106504
8 5 5 3345 4 1 45 109863
8 5 5 3346 4 2 46 117168
8 5 5 3347 4 3 47 121101
8 5 5 3348 4 4 48 135981
8 5 5 3349 4 5 49 157832
8 5 5 3350 4 6 50 142215
8 5 5 3351 4 7 51 177879
8 5 5 3352 4 0 52 106725
8 5 5 3353 4 1 53 109789
8 5 5 3354 4 2 54 115575
8 5 5 3355 4 3 55 124544
8 5 5 3356 4 4 56 127912
8 5 5 3357 4 5 57 157286
8 5 5 3358 4 6 58 145766
8 5 5 3359 4 7 59 168505
8 5 5 3360 4 0 60 106414
8 5 5 3361 4 1 61 109254
8 5 5 3362 4 2 62 110309
8 5 5 3363 4 3 63 121775
8 5 5 3364 4 4 64 130881
8 5 5 3365 4 5 65 147874
8 5 5 3366 4 6 66 154158
8 5 5 3367 4 7 67 163940
8 5 5 3368 4 0 68 106665
8 5 5 3369 4 1 69 110203
8 5 5 3370 4 2 70 114728
8 5 5 3371 4 3 71 124150
8 5 5 3372 4 4 72 120537
8 5 5 3373 4 5 73 152098
8 5 5 3374 4 6 74 161531
8 5 5 3375 4 7 75 166447
8 5 5 3376 4 0 76 104971
8 5 5 3377 4 1 77 107219
8 5 5 3378 4 2 78 116191
8 5 5 3379 4 3 79 124356
8 5 5 3380 4 4 80 135690
8 5 5 3381 4 5 81 146635
8 5 5 3382 4 6 82 156488
8 5 5 3383 4 7 83 178583
8 5 5 3384 4 0 84 104518
8 5 5 3385 4 1 85 106755
8 5 5 3386 4 2 86 114669
8 5 5 3387 4 3 87 119688
8 5 5 3388 4 4 88 131712
8 5 5 3389 4 5 89 159789
8 5 5 3390 4 6 90 159676
8 5 5 3391 4 7 91 161956
8 5 5 3392 4 0 92 104140
8 5 5 3393 4 1 93 109964
8 5 5 3394 4 2 94 116632
8 5 5 3395 4 3 95 123894
8 5 5 3396 4 4 96 125287
8 5 5 3397 4 5 97 149129
8 5 5 3398 4 6 98 142663
8 5 5 3399 4 7 99 178699
8 5 5 3400 4 0 0 106698
8 5 5 3401 4 1 1 107098
8 5 5 3402 4 2 2 116902
8 5 5 3403 4 3 3 121375
8 5 5 3404 4 4 4 133725
8 5 5 3405 4 5 5 157898
8 5 5 3406 4 6 6 165813
8 5 5 3407 4 7 7 173619
8 5 5 3408 4 0 8 105216
8 5 5 3409 4 1 9 109853
8 5 5 3410 4 2 10 115399
8 5 5 3411 4 3 11 123692
8 5 5 3412 4 4 12 131439
8 5 5 3413 4 5 13 157153
8 5 5 3414 4 6 14 146012
8 5 5 3415 4 7 15 173289
8 5 5 3416 4 0 16 106701
8 5 5 3417 4 1 17 108725
8 5 5 3418 4 2 18 116988
8 5 5 3419 4 3 19 123933
8 5 5 3420 4 4 20 132907
8 5 5 3421 4 5 21 158238
8 5 5 3422 4 6 22 162606
8 5 5 3423 4 7 23 158009
8 5 5 3424 4 0 24 106533
8 5 5 3425 4 1 25 110003
8 5 5 3426 4 2 26 110623
8 5 5 3427 4 3 27 112608
8 5 5 3428 4 4 28 136310
8 5 5 3429 4 5 29 152353
8 5 5 3430 4 6 30 152345
8 5 5 3431 4 7 31 179722
8 5 5 3432 4 0 32 105751
8 5 5 3433 4 1 33 110093
8 5 5 3434 4 2 34 117509
8 5 5 3435 4 3 35 124473
8 5 5 3436 4 4 36 135047
8 5 5 3437 4 5 37 156114
8 5 5 3438 4 6 38 168272
8 5 5 3439 4 7 39 177731
8 5 5 3440 4 0 40 106656
8 5 5 3441 4 1 41 108982
8 5 5 3442 4 2 42 116794
8 5 5 3443 4 3 43 124610
8 5 5 3444 4 4 44 134468
8 5 5 3445 4 5 45 158082
8 5 5 3446 4 6 46 166822
8 5 5 3447 4 7 47 166101
8 5 5 3448 4 0 48 106538
8 5 5 3449 4 1 49 110002
8 5 5 3450 4 2 50 111939
8 5 5 3451 4 3 51 124248
8 5 5 3452 4 4 52 137076
8 5 5 3453 4 5 53 149634
8 5 5 3454 4 6 54 142681
8 5 5 3455 4 7 55 172941
8 5 5 3456 4 0 56 104034
8 5 5 3457 4 1 57 110131
8 5 5 3458 4 2 58 112264
8 5 5 3459 4 3 59 125088
8 5 5 3460 4 4 60 135980
8 5 5 3461 4 5 61 132479
8 5 5 3462 4 6 62 151211
8 5 5 3463 4 7 63 175862
8 5 5 3464 4 0 64 104641
8 5 5 3465 4 1 65 107045
8 5 5 3466 4 2 66 109012
8 5 5 3467 4 3 67 124556
8 5 5 3468 4 4 68 133162
8 5 5 3469 4 5 69 154741
8 5 5 3470 4 6 70 157674
8 5 5 3471 4 7 71 173835
8 5 5 3472 4 0 72 102244
8 5 5 3473 4 1 73 110046
8 5 5 3474 4 2 74 115263
8 5 5 3475 4 3 75 124304
8 5 5 3476 4 4 76 129055
8 5 5 3477 4 5 77 151267
8 5 5 3478 4 6 78 166833
8 5 5 3479 4 7 79 172461
8 5 5 3480 4 0 80 106615
8 5 5 3481 4 1 81 108778
8 5 5 3482 4 2 82 117391
8 5 5 3483 4 3 83 124509
8 5 5 3484 4 4 84 126758
8 5 5 3485 4 5 85 134918
8 5 5 3486 4 6 86 158471
8 5 5 3487 4 7 87 175092
8 5 5 3488 4 0 88 106686
8 5 5 3489 4 1 89 110071
8 5 5 3490 4 2 90 117132
8 5 5 3491 4 3 91 111548
8 5 5 3492 4 4 92 126327
8 5 5 3493 4 5 93 156620
8 5 5 3494 4 6 94 166335
8 5 5 3495 4 7 95 161781
8 5 5 3496 4 0 96 104140
8 5 5 3497 4 1 97 107870
8 5 5 3498 4 2 98 106913
8 5 5 3499 4 3 99 124594
8 5 5 3500 4 4 0 135824
8 5 5 3501 4 5 1 143198
8 5 5 3502 4 6 2 164913
8 5 5 3503 4 7 3 168231
8 5 5 3504 4 0 4 106693
8 5 5 3505 4 1 5 110056
8 5 5 3506 4 2 6 117296
8 5 5 3507 4 3 7 125352
8 5 5 3508 4 4 8 127376
8 5 5 3509 4 5 9 150822
8 5 5 3510 4 6 10 163930
8 5 5 3511 4 7 11 150603
8 5 5 3512 4 0 12 105694
8 5 5 3513 4 1 13 109716
8 5 5 3514 4 2 14 105429
8 5 5 3515 4 3 15 122122
8 5 5 3516 4 4 16 136640
8 5 5 3517 4 5 17 153071
8 5 5 3518 4 6 18 159536
8 5 5 3519 4 7 19 175859
8 5 5 3520 4 0 20 106596
8 5 5 3521 4 1 21 110101
8 5 5 3522 4 2 22 115681
8 5 5 3523 4 3 23 114458
8 5 5 3524 4 4 24 135214
8 5 5 3525 4 5 25 148936
8 5 5 3526 4 6 26 137752
8 5 5 3527 4 7 27 157587
8 5 5 3528 4 0 28 106575
8 5 5 3529 4 1 29 110165
8 5 5 3530 4 2 30 117162
8 5 5 3531 4 3 31 124857
8 5 5 3532 4 4 32 128011
8 5 5 3533 4 5 33 155341
8 5 5 3534 4 6 34 167339
8 5 5 3535 4 7 35 174072
8 5 5 3536 4 0 36 106086
8 5 5 3537 4 1 37 110272
8 5 5 3538 4 2 38 117035
8 5 5 3539 4 3 39 121757
8 5 5 3540 4 4 40 136949
8 5 5 3541 4 5 41 155231
8 5 5 3542 4 6 42 165158
8 5 5 3543 4 7 43 178106
8 5 5 3544 4 0 44 106504
8 5 5 3545 4 1 45 109863
8 5 5 3546 4 2 46 117168
8 5 5 3547 4 3 47 121101
8 5 5 3548 4 4 48 135981
8 5 5 3549 4 5 49 157832
8 5 5 3550 4 6 50 142215
8 5 5 3551 4 7 51 177879
8 5 5 3552 4 0 52 106725
8 5 5 3553 4 1 53 109789
8 5 5 3554 4 2 54 115575
8 5 5 3555 4 3 55 124544
8 5 5 3556 4 4 56 127912
8 5 5 3557 4 5 57 157286
8 5 5 3558 4 6 58 145766
8 5 5 3559 4 7 59 168505
8 5 5 3560 4 0 60 106414
8 5 5 3561 4 1 61 109254
8 5 5 3562 4 2 62 110309
8 5 5 3563 4 3 63 121775
8 5 5 3564 4 4 64 130881
8 5 5 3565 4 5 65 147874
8 5 5 3566 4 6 66 154158
8 5 5 3567 4 7 67 163940
8 5 5 3568 4 0 68 106665
8 5 5 3569 4 1 69 110203
8 5 5 3570 4 2 70 114728
8 5 5 3571 4 3 71 124150
8 5 5 3572 4 4 72 120537
8 5 5 3573 4 5 73 152098
8 5 5 3574 4 6 74 161531
8 5 5 3575 4 7 75 166447
8 5 5 3576 4 0 76 104971
8 5 5 3577 4 1 77 107219
8 5 5 3578 4 2 78 116191
8 5 5 3579 4 3 79 124356
8 5 5 3580 4 4 80 135690
8 5 5 3581 4 5 81 146635
8 5 5 3582 4 6 82 156488
8 5 5 3583 4 7 83 178583
8 5 5 3584 4 0 84 104518
8 5 5 3585 4 1 85 106755
8 5 5 3586 4 2 86 114669
8 5 5 3587 4 3 87 119688
8 5 5 3588 4 4 88 131712
8 5 5 3589 4 5 89 159789
8 5 5 3590 4 6 90 159676
8 5 5 3591 4 7 91 161956
8 5 5 3592 4 0 92 104140
8 5 5 3593 4 1 93 109964
8 5 5 3594 4 2 94 116632
8 5 5 3595 4 3 95 123894
8 5 5 3596 4 4 96 125287
8 5 5 3597 4 5 97 149129
8 5 5 3598 4 6 98 142663
8 5 5 3599 4 7 99 178699
