16 12 1 3600 4 0 0 101300
16 12 1 3601 4 1 1 101948
16 12 1 3602 4 2 2 103266
16 12 1 3603 4 3 3 104535
16 12 1 3604 4 4 4 106714
16 12 1 3605 4 5 5 106351
16 12 1 3606 4 6 6 111054
16 12 1 3607 4 7 7 108868
16 12 1 3608 4 0 8 98645
16 12 1 3609 4 1 9 100000
16 12 1 3610 4 2 10 103124
16 12 1 3611 4 3 11 104473
16 12 1 3612 4 4 12 106464
16 12 1 3613 4 5 13 109751
16 12 1 3614 4 6 14 110766
16 12 1 3615 4 7 15 111953
16 12 1 3616 4 0 16 100030
16 12 1 3617 4 1 17 101523
16 12 1 3618 4 2 18 101500
16 12 1 3619 4 3 19 104495
16 12 1 3620 4 4 20 106296
16 12 1 3621 4 5 21 109368
16 12 1 3622 4 6 22 110475
16 12 1 3623 4 7 23 109989
16 12 1 3624 4 0 24 101314
16 12 1 3625 4 1 25 101695
16 12 1 3626 4 2 26 97688
16 12 1 3627 4 3 27 100017
16 12 1 3628 4 4 28 106551
16 12 1 3629 4 5 29 109529
16 12 1 3630 4 6 30 109429
16 12 1 3631 4 7 31 112151
16 12 1 3632 4 0 32 101332
16 12 1 3633 4 1 33 101792
16 12 1 3634 4 2 34 103345
16 12 1 3635 4 3 35 104532
16 12 1 3636 4 4 36 105992
16 12 1 3637 4 5 37 109816
16 12 1 3638 4 6 38 104214
16 12 1 3639 4 7 39 106928
16 12 1 3640 4 0 40 101309
16 12 1 3641 4 1 41 100036
16 12 1 3642 4 2 42 103249
16 12 1 3643 4 3 43 97773
16 12 1 3644 4 4 44 106532
16 12 1 3645 4 5 45 109313
16 12 1 3646 4 6 46 110634
16 12 1 3647 4 7 47 106124
16 12 1 3648 4 0 48 101344
16 12 1 3649 4 1 49 102002
16 12 1 3650 4 2 50 103276
16 12 1 3651 4 3 51 104621
16 12 1 3652 4 4 52 106762
16 12 1 3653 4 5 53 109255
16 12 1 3654 4 6 54 109447
16 12 1 3655 4 7 55 110221
16 12 1 3656 4 0 56 101304
16 12 1 3657 4 1 57 101892
16 12 1 3658 4 2 58 103230
16 12 1 3659 4 3 59 104555
16 12 1 3660 4 4 60 105842
16 12 1 3661 4 5 61 101286
16 12 1 3662 4 6 62 103569
16 12 1 3663 4 7 63 112044
16 12 1 3664 4 0 64 101294
16 12 1 3665 4 1 65 101902
16 12 1 3666 4 2 66 103084
16 12 1 3667 4 3 67 104645
16 12 1 3668 4 4 68 106622
16 12 1 3669 4 5 69 109963
16 12 1 3670 4 6 70 109078
16 12 1 3671 4 7 71 109984
16 12 1 3672 4 0 72 101248
16 12 1 3673 4 1 73 101959
16 12 1 3674 4 2 74 102931
16 12 1 3675 4 3 75 104416
16 12 1 3676 4 4 76 106230
16 12 1 3677 4 5 77 109540
16 12 1 3678 4 6 78 105134
16 12 1 3679 4 7 79 112847
16 12 1 3680 4 0 80 101286
16 12 1 3681 4 1 81 101978
16 12 1 3682 4 2 82 101640
16 12 1 3683 4 3 83 104626
16 12 1 3684 4 4 84 99290
16 12 1 3685 4 5 85 94245
16 12 1 3686 4 6 86 110656
16 12 1 3687 4 7 87 113094
16 12 1 3688 4 0 88 101297
16 12 1 3689 4 1 89 101934
16 12 1 3690 4 2 90 103330
16 12 1 3691 4 3 91 104576
16 12 1 3692 4 4 92 106637
16 12 1 3693 4 5 93 109804
16 12 1 3694 4 6 94 110407
16 12 1 3695 4 7 95 113159
16 12 1 3696 4 0 96 100410
16 12 1 3697 4 1 97 101735
16 12 1 3698 4 2 98 103095
16 12 1 3699 4 3 99 104339
16 12 1 3700 4 4 0 106456
16 12 1 3701 4 5 1 104033
16 12 1 3702 4 6 2 109870
16 12 1 3703 4 7 3 112660
16 12 1 3704 4 0 4 101341
16 12 1 3705 4 1 5 101809
16 12 1 3706 4 2 6 103162
16 12 1 3707 4 3 7 100883
16 12 1 3708 4 4 8 98740
16 12 1 3709 4 5 9 102157
16 12 1 3710 4 6 10 110648
16 12 1 3711 4 7 11 112557
16 12 1 3712 4 0 12 101295
16 12 1 3713 4 1 13 101906
16 12 1 3714 4 2 14 103374
16 12 1 3715 4 3 15 104392
16 12 1 3716 4 4 16 99989
16 12 1 3717 4 5 17 108302
16 12 1 3718 4 6 18 106178
16 12 1 3719 4 7 19 112657
16 12 1 3720 4 0 20 101259
16 12 1 3721 4 1 21 101919
16 12 1 3722 4 2 22 103089
16 12 1 3723 4 3 23 102287
16 12 1 3724 4 4 24 106509
16 12 1 3725 4 5 25 109156
16 12 1 3726 4 6 26 96502
16 12 1 3727 4 7 27 105899
16 12 1 3728 4 0 28 101318
16 12 1 3729 4 1 29 101860
16 12 1 3730 4 2 30 102436
16 12 1 3731 4 3 31 104536
16 12 1 3732 4 4 32 106664
16 12 1 3733 4 5 33 109072
16 12 1 3734 4 6 34 110438
16 12 1 3735 4 7 35 112678
16 12 1 3736 4 0 36 101202
16 12 1 3737 4 1 37 101977
16 12 1 3738 4 2 38 97464
16 12 1 3739 4 3 39 104478
16 12 1 3740 4 4 40 106436
16 12 1 3741 4 5 41 105670
16 12 1 3742 4 6 42 110796
16 12 1 3743 4 7 43 105832
16 12 1 3744 4 0 44 101326
16 12 1 3745 4 1 45 101972
16 12 1 3746 4 2 46 103165
16 12 1 3747 4 3 47 104307
16 12 1 3748 4 4 48 106619
16 12 1 3749 4 5 49 109660
16 12 1 3750 4 6 50 110816
16 12 1 3751 4 7 51 113086
16 12 1 3752 4 0 52 101350
16 12 1 3753 4 1 53 102007
16 12 1 3754 4 2 54 102237
16 12 1 3755 4 3 55 104480
16 12 1 3756 4 4 56 106744
16 12 1 3757 4 5 57 109395
16 12 1 3758 4 6 58 110420
16 12 1 3759 4 7 59 110479
16 12 1 3760 4 0 60 101169
16 12 1 3761 4 1 61 100270
16 12 1 3762 4 2 62 97046
16 12 1 3763 4 3 63 104502
16 12 1 3764 4 4 64 106501
16 12 1 3765 4 5 65 109109
16 12 1 3766 4 6 66 110374
16 12 1 3767 4 7 67 113236
16 12 1 3768 4 0 68 101332
16 12 1 3769 4 1 69 102028
16 12 1 3770 4 2 70 103234
16 12 1 3771 4 3 71 101420
16 12 1 3772 4 4 72 106216
16 12 1 3773 4 5 73 108800
16 12 1 3774 4 6 74 110240
16 12 1 3775 4 7 75 112352
16 12 1 3776 4 0 76 101294
16 12 1 3777 4 1 77 101848
16 12 1 3778 4 2 78 98719
16 12 1 3779 4 3 79 104471
16 12 1 3780 4 4 80 106426
16 12 1 3781 4 5 81 109871
16 12 1 3782 4 6 82 107164
16 12 1 3783 4 7 83 113064
16 12 1 3784 4 0 84 99195
16 12 1 3785 4 1 85 97984
16 12 1 3786 4 2 86 103258
16 12 1 3787 4 3 87 104544
16 12 1 3788 4 4 88 105112
16 12 1 3789 4 5 89 109767
16 12 1 3790 4 6 90 111291
16 12 1 3791 4 7 91 111815
16 12 1 3792 4 0 92 101323
16 12 1 3793 4 1 93 101929
16 12 1 3794 4 2 94 103280
16 12 1 3795 4 3 95 104750
16 12 1 3796 4 4 96 102231
16 12 1 3797 4 5 97 108895
16 12 1 3798 4 6 98 101760
16 12 1 3799 4 7 99 112291
16 12 1 3800 4 0 0 101300
16 12 1 3801 4 1 1 101948
16 12 1 3802 4 2 2 103266
16 12 1 3803 4 3 3 104535
16 12 1 3804 4 4 4 106714
16 12 1 3805 4 5 5 106351
16 12 1 3806 4 6 6 111054
16 12 1 3807 4 7 7 108868
16 12 1 3808 4 0 8 98645
16 12 1 3809 4 1 9 100000
16 12 1 3810 4 2 10 103124
16 12 1 3811 4 3 11 104473
16 12 1 3812 4 4 12 106464
16 12 1 3813 4 5 13 109751
16 12 1 3814 4 6 14 110766
16 12 1 3815 4 7 15 111953
16 12 1 3816 4 0 16 100030
16 12 1 3817 4 1 17 101523
16 12 1 3818 4 2 18 101500
16 12 1 3819 4 3 19 104495
16 12 1 3820 4 4 20 106296
16 12 1 3821 4 5 21 109368
16 12 1 3822 4 6 22 110475
16 12 1 3823 4 7 23 109989
16 12 1 3824 4 0 24 101314
16 12 1 3825 4 1 25 101695
16 12 1 3826 4 2 26 97688
16 12 1 3827 4 3 27 100017
16 12 1 3828 4 4 28 106551
16 12 1 3829 4 5 29 109529
16 12 1 3830 4 6 30 109429
16 12 1 3831 4 7 31 112151
16 12 1 3832 4 0 32 101332
16 12 1 3833 4 1 33 101792
16 12 1 3834 4 2 34 103345
16 12 1 3835 4 3 35 104532
16 12 1 3836 4 4 36 105992
16 12 1 3837 4 5 37 109816
16 12 1 3838 4 6 38 104214
16 12 1 3839 4 7 39 106928
16 12 1 3840 4 0 40 101309
16 12 1 3841 4 1 41 100036
16 12 1 3842 4 2 42 103249
16 12 1 3843 4 3 43 97773
16 12 1 3844 4 4 44 106532
16 12 1 3845 4 5 45 109313
16 12 1 3846 4 6 46 110634
16 12 1 3847 4 7 47 106124
16 12 1 3848 4 0 48 101344
16 12 1 3849 4 1 49 102002
16 12 1 3850 4 2 50 103276
16 12 1 3851 4 3 51 104621
16 12 1 3852 4 4 52 106762
16 12 1 3853 4 5 53 109255
16 12 1 3854 4 6 54 109447
16 12 1 3855 4 7 55 110221
16 12 1 3856 4 0 56 101304
16 12 1 3857 4 1 57 101892
16 12 1 3858 4 2 58 103230
16 12 1 3859 4 3 59 104555
16 12 1 3860 4 4 60 105842
16 12 1 3861 4 5 61 101286
16 12 1 3862 4 6 62 103569
16 12 1 3863 4 7 63 112044
16 12 1 3864 4 0 64 101294
16 12 1 3865 4 1 65 101902
16 12 1 3866 4 2 66 103084
16 12 1 3867 4 3 67 104645
16 12 1 3868 4 4 68 106622
16 12 1 3869 4 5 69 109963
16 12 1 3870 4 6 70 109078
16 12 1 3871 4 7 71 109984
16 12 1 3872 4 0 72 101248
16 12 1 3873 4 1 73 101959
16 12 1 3874 4 2 74 102931
16 12 1 3875 4 3 75 104416
16 12 1 3876 4 4 76 106230
16 12 1 3877 4 5 77 109540
16 12 1 3878 4 6 78 105134
16 12 1 3879 4 7 79 112847
16 12 1 3880 4 0 80 101286
16 12 1 3881 4 1 81 101978
16 12 1 3882 4 2 82 101640
16 12 1 3883 4 3 83 104626
16 12 1 3884 4 4 84 99290
16 12 1 3885 4 5 85 94245
16 12 1 3886 4 6 86 110656
16 12 1 3887 4 7 87 113094
16 12 1 3888 4 0 88 101297
16 12 1 3889 4 1 89 101934
16 12 1 3890 4 2 90 103330
16 12 1 3891 4 3 91 104576
16 12 1 3892 4 4 92 106637
16 12 1 3893 4 5 93 109804
16 12 1 3894 4 6 94 110407
16 12 1 3895 4 7 95 113159
16 12 1 3896 4 0 96 100410
16 12 1 3897 4 1 97 101735
16 12 1 3898 4 2 98 103095
16 12 1 3899 4 3 99 104339
16 12 2 3600 4 0 0 102566
16 12 2 3601 4 1 1 103709
16 12 2 3602 4 2 2 106344
16 12 2 3603 4 3 3 109299
16 12 2 3604 4 4 4 113127
16 12 2 3605 4 5 5 116168
16 12 2 3606 4 6 6 122105
16 12 2 3607 4 7 7 122165
16 12 2 3608 4 0 8 99879
16 12 2 3609 4 1 9 101750
16 12 2 3610 4 2 10 106062
16 12 2 3611 4 3 11 109079
16 12 2 3612 4 4 12 112451
16 12 2 3613 4 5 13 119441
16 12 2 3614 4 6 14 122353
16 12 2 3615 4 7 15 124718
16 12 2 3616 4 0 16 101161
16 12 2 3617 4 1 17 103368
16 12 2 3618 4 2 18 104892
16 12 2 3619 4 3 19 109081
16 12 2 3620 4 4 20 112479
16 12 2 3621 4 5 21 115417
16 12 2 3622 4 6 22 122087
16 12 2 3623 4 7 23 123427
16 12 2 3624 4 0 24 102420
16 12 2 3625 4 1 25 103467
16 12 2 3626 4 2 26 100818
16 12 2 3627 4 3 27 104008
16 12 2 3628 4 4 28 108663
16 12 2 3629 4 5 29 119693
16 12 2 3630 4 6 30 121245
16 12 2 3631 4 7 31 124225
16 12 2 3632 4 0 32 102546
16 12 2 3633 4 1 33 103687
16 12 2 3634 4 2 34 106448
16 12 2 3635 4 3 35 109077
16 12 2 3636 4 4 36 112155
16 12 2 3637 4 5 37 119536
16 12 2 3638 4 6 38 114678
16 12 2 3639 4 7 39 119920
16 12 2 3640 4 0 40 102473
16 12 2 3641 4 1 41 101934
16 12 2 3642 4 2 42 106448
16 12 2 3643 4 3 43 102095
16 12 2 3644 4 4 44 112917
16 12 2 3645 4 5 45 112668
16 12 2 3646 4 6 46 122876
16 12 2 3647 4 7 47 118562
16 12 2 3648 4 0 48 101762
16 12 2 3649 4 1 49 102631
16 12 2 3650 4 2 50 106501
16 12 2 3651 4 3 51 109016
16 12 2 3652 4 4 52 112959
16 12 2 3653 4 5 53 119586
16 12 2 3654 4 6 54 118234
16 12 2 3655 4 7 55 123516
16 12 2 3656 4 0 56 102579
16 12 2 3657 4 1 57 103676
16 12 2 3658 4 2 58 106373
16 12 2 3659 4 3 59 108652
16 12 2 3660 4 4 60 112531
16 12 2 3661 4 5 61 110479
16 12 2 3662 4 6 62 114701
16 12 2 3663 4 7 63 125131
16 12 2 3664 4 0 64 101703
16 12 2 3665 4 1 65 103826
16 12 2 3666 4 2 66 104108
16 12 2 3667 4 3 67 109070
16 12 2 3668 4 4 68 113084
16 12 2 3669 4 5 69 119963
16 12 2 3670 4 6 70 119475
16 12 2 3671 4 7 71 122989
16 12 2 3672 4 0 72 102486
16 12 2 3673 4 1 73 103702
16 12 2 3674 4 2 74 105839
16 12 2 3675 4 3 75 106531
16 12 2 3676 4 4 76 112859
16 12 2 3677 4 5 77 120083
16 12 2 3678 4 6 78 116380
16 12 2 3679 4 7 79 127108
16 12 2 3680 4 0 80 102536
16 12 2 3681 4 1 81 103725
16 12 2 3682 4 2 82 104870
16 12 2 3683 4 3 83 109136
16 12 2 3684 4 4 84 105358
16 12 2 3685 4 5 85 102357
16 12 2 3686 4 6 86 122405
16 12 2 3687 4 7 87 126578
16 12 2 3688 4 0 88 102517
16 12 2 3689 4 1 89 103746
16 12 2 3690 4 2 90 106443
16 12 2 3691 4 3 91 106028
16 12 2 3692 4 4 92 112990
16 12 2 3693 4 5 93 119909
16 12 2 3694 4 6 94 121029
16 12 2 3695 4 7 95 125507
16 12 2 3696 4 0 96 101673
16 12 2 3697 4 1 97 103693
16 12 2 3698 4 2 98 106234
16 12 2 3699 4 3 99 108717
16 12 2 3700 4 4 0 113034
16 12 2 3701 4 5 1 113258
16 12 2 3702 4 6 2 121133
16 12 2 3703 4 7 3 126784
16 12 2 3704 4 0 4 102600
16 12 2 3705 4 1 5 103622
16 12 2 3706 4 2 6 106270
16 12 2 3707 4 3 7 105172
16 12 2 3708 4 4 8 104782
16 12 2 3709 4 5 9 111238
16 12 2 3710 4 6 10 121441
16 12 2 3711 4 7 11 126140
16 12 2 3712 4 0 12 102439
16 12 2 3713 4 1 13 103779
16 12 2 3714 4 2 14 106577
16 12 2 3715 4 3 15 109042
16 12 2 3716 4 4 16 105593
16 12 2 3717 4 5 17 117828
16 12 2 3718 4 6 18 116832
16 12 2 3719 4 7 19 126301
16 12 2 3720 4 0 20 102414
16 12 2 3721 4 1 21 102531
16 12 2 3722 4 2 22 106269
16 12 2 3723 4 3 23 106705
16 12 2 3724 4 4 24 112328
16 12 2 3725 4 5 25 116663
16 12 2 3726 4 6 26 107265
16 12 2 3727 4 7 27 118491
16 12 2 3728 4 0 28 101724
16 12 2 3729 4 1 29 103873
16 12 2 3730 4 2 30 105611
16 12 2 3731 4 3 31 108966
16 12 2 3732 4 4 32 113049
16 12 2 3733 4 5 33 119010
16 12 2 3734 4 6 34 122174
16 12 2 3735 4 7 35 126635
16 12 2 3736 4 0 36 102388
16 12 2 3737 4 1 37 103771
16 12 2 3738 4 2 38 100365
16 12 2 3739 4 3 39 109011
16 12 2 3740 4 4 40 112205
16 12 2 3741 4 5 41 115537
16 12 2 3742 4 6 42 122439
16 12 2 3743 4 7 43 119343
16 12 2 3744 4 0 44 102514
16 12 2 3745 4 1 45 102584
16 12 2 3746 4 2 46 106496
16 12 2 3747 4 3 47 108795
16 12 2 3748 4 4 48 108715
16 12 2 3749 4 5 49 114750
16 12 2 3750 4 6 50 122449
16 12 2 3751 4 7 51 127076
16 12 2 3752 4 0 52 102516
16 12 2 3753 4 1 53 103943
16 12 2 3754 4 2 54 105587
16 12 2 3755 4 3 55 108888
16 12 2 3756 4 4 56 113498
16 12 2 3757 4 5 57 118977
16 12 2 3758 4 6 58 120543
16 12 2 3759 4 7 59 122386
16 12 2 3760 4 0 60 102449
16 12 2 3761 4 1 61 102021
16 12 2 3762 4 2 62 100031
16 12 2 3763 4 3 63 108759
16 12 2 3764 4 4 64 110532
16 12 2 3765 4 5 65 119298
16 12 2 3766 4 6 66 114027
16 12 2 3767 4 7 67 126640
16 12 2 3768 4 0 68 102566
16 12 2 3769 4 1 69 103838
16 12 2 3770 4 2 70 106165
16 12 2 3771 4 3 71 105719
16 12 2 3772 4 4 72 112693
16 12 2 3773 4 5 73 118719
16 12 2 3774 4 6 74 121595
16 12 2 3775 4 7 75 124480
16 12 2 3776 4 0 76 102560
16 12 2 3777 4 1 77 103858
16 12 2 3778 4 2 78 101584
16 12 2 3779 4 3 79 108722
16 12 2 3780 4 4 80 111476
16 12 2 3781 4 5 81 119975
16 12 2 3782 4 6 82 118281
16 12 2 3783 4 7 83 126706
16 12 2 3784 4 0 84 100358
16 12 2 3785 4 1 85 99644
16 12 2 3786 4 2 86 106607
16 12 2 3787 4 3 87 109060
16 12 2 3788 4 4 88 111527
16 12 2 3789 4 5 89 119819
16 12 2 3790 4 6 90 119120
16 12 2 3791 4 7 91 121323
16 12 2 3792 4 0 92 102521
16 12 2 3793 4 1 93 103790
16 12 2 3794 4 2 94 106050
16 12 2 3795 4 3 95 109132
16 12 2 3796 4 4 96 108390
16 12 2 3797 4 5 97 115670
16 12 2 3798 4 6 98 112106
16 12 2 3799 4 7 99 126261
16 12 2 3800 4 0 0 102566
16 12 2 3801 4 1 1 103709
16 12 2 3802 4 2 2 106344
16 12 2 3803 4 3 3 109299
16 12 2 3804 4 4 4 113127
16 12 2 3805 4 5 5 116168
16 12 2 3806 4 6 6 122105
16 12 2 3807 4 7 7 122165
16 12 2 3808 4 0 8 99879
16 12 2 3809 4 1 9 101750
16 12 2 3810 4 2 10 106062
16 12 2 3811 4 3 11 109079
16 12 2 3812 4 4 12 112451
16 12 2 3813 4 5 13 119441
16 12 2 3814 4 6 14 122353
16 12 2 3815 4 7 15 124718
16 12 2 3816 4 0 16 101161
16 12 2 3817 4 1 17 103368
16 12 2 3818 4 2 18 104892
16 12 2 3819 4 3 19 109081
16 12 2 3820 4 4 20 112479
16 12 2 3821 4 5 21 115417
16 12 2 3822 4 6 22 122087
16 12 2 3823 4 7 23 123427
16 12 2 3824 4 0 24 102420
16 12 2 3825 4 1 25 103467
16 12 2 3826 4 2 26 100818
16 12 2 3827 4 3 27 104008
16 12 2 3828 4 4 28 108663
16 12 2 3829 4 5 29 119693
16 12 2 3830 4 6 30 121245
16 12 2 3831 4 7 31 124225
16 12 2 3832 4 0 32 102546
16 12 2 3833 4 1 33 103687
16 12 2 3834 4 2 34 106448
16 12 2 3835 4 3 35 109077
16 12 2 3836 4 4 36 112155
16 12 2 3837 4 5 37 119536
16 12 2 3838 4 6 38 114678
16 12 2 3839 4 7 39 119920
16 12 2 3840 4 0 40 102473
16 12 2 3841 4 1 41 101934
16 12 2 3842 4 2 42 106448
16 12 2 3843 4 3 43 102095
16 12 2 3844 4 4 44 112917
16 12 2 3845 4 5 45 112668
16 12 2 3846 4 6 46 122876
16 12 2 3847 4 7 47 118562
16 12 2 3848 4 0 48 101762
16 12 2 3849 4 1 49 102631
16 12 2 3850 4 2 50 106501
16 12 2 3851 4 3 51 109016
16 12 2 3852 4 4 52 112959
16 12 2 3853 4 5 53 119586
16 12 2 3854 4 6 54 118234
16 12 2 3855 4 7 55 123516
16 12 2 3856 4 0 56 102579
16 12 2 3857 4 1 57 103676
16 12 2 3858 4 2 58 106373
16 12 2 3859 4 3 59 108652
16 12 2 3860 4 4 60 112531
16 12 2 3861 4 5 61 110479
16 12 2 3862 4 6 62 114701
16 12 2 3863 4 7 63 125131
16 12 2 3864 4 0 64 101703
16 12 2 3865 4 1 65 103826
16 12 2 3866 4 2 66 104108
16 12 2 3867 4 3 67 109070
16 12 2 3868 4 4 68 113084
16 12 2 3869 4 5 69 119963
16 12 2 3870 4 6 70 119475
16 12 2 3871 4 7 71 122989
16 12 2 3872 4 0 72 102486
16 12 2 3873 4 1 73 103702
16 12 2 3874 4 2 74 105839
16 12 2 3875 4 3 75 106531
16 12 2 3876 4 4 76 112859
16 12 2 3877 4 5 77 120083
16 12 2 3878 4 6 78 116380
16 12 2 3879 4 7 79 127108
16 12 2 3880 4 0 80 102536
16 12 2 3881 4 1 81 103725
16 12 2 3882 4 2 82 104870
16 12 2 3883 4 3 83 109136
16 12 2 3884 4 4 84 105358
16 12 2 3885 4 5 85 102357
16 12 2 3886 4 6 86 122405
16 12 2 3887 4 7 87 126578
16 12 2 3888 4 0 88 102517
16 12 2 3889 4 1 89 103746
16 12 2 3890 4 2 90 106443
16 12 2 3891 4 3 91 106028
16 12 2 3892 4 4 92 112990
16 12 2 3893 4 5 93 119909
16 12 2 3894 4 6 94 121029
16 12 2 3895 4 7 95 125507
16 12 2 3896 4 0 96 101673
16 12 2 3897 4 1 97 103693
16 12 2 3898 4 2 98 106234
16 12 2 3899 4 3 99 108717
16 12 3 3600 4 0 0 102721
16 12 3 3601 4 1 1 105770
16 12 3 3602 4 2 2 109524
16 12 3 3603 4 3 3 114244
16 12 3 3604 4 4 4 120026
16 12 3 3605 4 5 5 124231
16 12 3 3606 4 6 6 134877
16 12 3 3607 4 7 7 137970
16 12 3 3608 4 0 8 101159
16 12 3 3609 4 1 9 103730
16 12 3 3610 4 2 10 109282
16 12 3 3611 4 3 11 113877
16 12 3 3612 4 4 12 119709
16 12 3 3613 4 5 13 129436
16 12 3 3614 4 6 14 134789
16 12 3 3615 4 7 15 140519
16 12 3 3616 4 0 16 102433
16 12 3 3617 4 1 17 105279
16 12 3 3618 4 2 18 108122
16 12 3 3619 4 3 19 113918
16 12 3 3620 4 4 20 119669
16 12 3 3621 4 5 21 126545
16 12 3 3622 4 6 22 136048
16 12 3 3623 4 7 23 138948
16 12 3 3624 4 0 24 103732
16 12 3 3625 4 1 25 105461
16 12 3 3626 4 2 26 104050
16 12 3 3627 4 3 27 108111
16 12 3 3628 4 4 28 115387
16 12 3 3629 4 5 29 131147
16 12 3 3630 4 6 30 133145
16 12 3 3631 4 7 31 140158
16 12 3 3632 4 0 32 103820
16 12 3 3633 4 1 33 105618
16 12 3 3634 4 2 34 109775
16 12 3 3635 4 3 35 113386
16 12 3 3636 4 4 36 118659
16 12 3 3637 4 5 37 130324
16 12 3 3638 4 6 38 127508
16 12 3 3639 4 7 39 135296
16 12 3 3640 4 0 40 103783
16 12 3 3641 4 1 41 103898
16 12 3 3642 4 2 42 109862
16 12 3 3643 4 3 43 106558
16 12 3 3644 4 4 44 120172
16 12 3 3645 4 5 45 123352
16 12 3 3646 4 6 46 134765
16 12 3 3647 4 7 47 132690
16 12 3 3648 4 0 48 102912
16 12 3 3649 4 1 49 104681
16 12 3 3650 4 2 50 109913
16 12 3 3651 4 3 51 113992
16 12 3 3652 4 4 52 120018
16 12 3 3653 4 5 53 130847
16 12 3 3654 4 6 54 128909
16 12 3 3655 4 7 55 138803
16 12 3 3656 4 0 56 103879
16 12 3 3657 4 1 57 105620
16 12 3 3658 4 2 58 109743
16 12 3 3659 4 3 59 113465
16 12 3 3660 4 4 60 119564
16 12 3 3661 4 5 61 120601
16 12 3 3662 4 6 62 126287
16 12 3 3663 4 7 63 140646
16 12 3 3664 4 0 64 103006
16 12 3 3665 4 1 65 105919
16 12 3 3666 4 2 66 107405
16 12 3 3667 4 3 67 113962
16 12 3 3668 4 4 68 120108
16 12 3 3669 4 5 69 131031
16 12 3 3670 4 6 70 128030
16 12 3 3671 4 7 71 138738
16 12 3 3672 4 0 72 103862
16 12 3 3673 4 1 73 105713
16 12 3 3674 4 2 74 109231
16 12 3 3675 4 3 75 111257
16 12 3 3676 4 4 76 120031
16 12 3 3677 4 5 77 131111
16 12 3 3678 4 6 78 128298
16 12 3 3679 4 7 79 143014
16 12 3 3680 4 0 80 103787
16 12 3 3681 4 1 81 105703
16 12 3 3682 4 2 82 108017
16 12 3 3683 4 3 83 114054
16 12 3 3684 4 4 84 112414
16 12 3 3685 4 5 85 112292
16 12 3 3686 4 6 86 136020
16 12 3 3687 4 7 87 139937
16 12 3 3688 4 0 88 102639
16 12 3 3689 4 1 89 105625
16 12 3 3690 4 2 90 109573
16 12 3 3691 4 3 91 110759
16 12 3 3692 4 4 92 120064
16 12 3 3693 4 5 93 130627
16 12 3 3694 4 6 94 133649
16 12 3 3695 4 7 95 141555
16 12 3 3696 4 0 96 102943
16 12 3 3697 4 1 97 105662
16 12 3 3698 4 2 98 109638
16 12 3 3699 4 3 99 113648
16 12 3 3700 4 4 0 117367
16 12 3 3701 4 5 1 124002
16 12 3 3702 4 6 2 132961
16 12 3 3703 4 7 3 142868
16 12 3 3704 4 0 4 103891
16 12 3 3705 4 1 5 105579
16 12 3 3706 4 2 6 109682
16 12 3 3707 4 3 7 109772
16 12 3 3708 4 4 8 111493
16 12 3 3709 4 5 9 122009
16 12 3 3710 4 6 10 133102
16 12 3 3711 4 7 11 141713
16 12 3 3712 4 0 12 103719
16 12 3 3713 4 1 13 105534
16 12 3 3714 4 2 14 109883
16 12 3 3715 4 3 15 113678
16 12 3 3716 4 4 16 112237
16 12 3 3717 4 5 17 128606
16 12 3 3718 4 6 18 128985
16 12 3 3719 4 7 19 142655
16 12 3 3720 4 0 20 103726
16 12 3 3721 4 1 21 104584
16 12 3 3722 4 2 22 109825
16 12 3 3723 4 3 23 111595
16 12 3 3724 4 4 24 119508
16 12 3 3725 4 5 25 127403
16 12 3 3726 4 6 26 118996
16 12 3 3727 4 7 27 132601
16 12 3 3728 4 0 28 102972
16 12 3 3729 4 1 29 105821
16 12 3 3730 4 2 30 108911
16 12 3 3731 4 3 31 113869
16 12 3 3732 4 4 32 120064
16 12 3 3733 4 5 33 130091
16 12 3 3734 4 6 34 134671
16 12 3 3735 4 7 35 138836
16 12 3 3736 4 0 36 103555
16 12 3 3737 4 1 37 105692
16 12 3 3738 4 2 38 103708
16 12 3 3739 4 3 39 113865
16 12 3 3740 4 4 40 118965
16 12 3 3741 4 5 41 126517
16 12 3 3742 4 6 42 135689
16 12 3 3743 4 7 43 134166
16 12 3 3744 4 0 44 103831
16 12 3 3745 4 1 45 104648
16 12 3 3746 4 2 46 109759
16 12 3 3747 4 3 47 113869
16 12 3 3748 4 4 48 114953
16 12 3 3749 4 5 49 125778
16 12 3 3750 4 6 50 135480
16 12 3 3751 4 7 51 142057
16 12 3 3752 4 0 52 103796
16 12 3 3753 4 1 53 105867
16 12 3 3754 4 2 54 108819
16 12 3 3755 4 3 55 113650
16 12 3 3756 4 4 56 120802
16 12 3 3757 4 5 57 130017
16 12 3 3758 4 6 58 133487
16 12 3 3759 4 7 59 138312
16 12 3 3760 4 0 60 103729
16 12 3 3761 4 1 61 103971
16 12 3 3762 4 2 62 103155
16 12 3 3763 4 3 63 113531
16 12 3 3764 4 4 64 117403
16 12 3 3765 4 5 65 131304
16 12 3 3766 4 6 66 126183
16 12 3 3767 4 7 67 143070
16 12 3 3768 4 0 68 103862
16 12 3 3769 4 1 69 105734
16 12 3 3770 4 2 70 109566
16 12 3 3771 4 3 71 110650
16 12 3 3772 4 4 72 119985
16 12 3 3773 4 5 73 124991
16 12 3 3774 4 6 74 134709
16 12 3 3775 4 7 75 139922
16 12 3 3776 4 0 76 103874
16 12 3 3777 4 1 77 105763
16 12 3 3778 4 2 78 104504
16 12 3 3779 4 3 79 113596
16 12 3 3780 4 4 80 118255
16 12 3 3781 4 5 81 130521
16 12 3 3782 4 6 82 130784
16 12 3 3783 4 7 83 141611
16 12 3 3784 4 0 84 101706
16 12 3 3785 4 1 85 101559
16 12 3 3786 4 2 86 109995
16 12 3 3787 4 3 87 113950
16 12 3 3788 4 4 88 112370
16 12 3 3789 4 5 89 130897
16 12 3 3790 4 6 90 130693
16 12 3 3791 4 7 91 137129
16 12 3 3792 4 0 92 103817
16 12 3 3793 4 1 93 105855
16 12 3 3794 4 2 94 109362
16 12 3 3795 4 3 95 114022
16 12 3 3796 4 4 96 115164
16 12 3 3797 4 5 97 126253
16 12 3 3798 4 6 98 124272
16 12 3 3799 4 7 99 141175
16 12 3 3800 4 0 0 102721
16 12 3 3801 4 1 1 105770
16 12 3 3802 4 2 2 109524
16 12 3 3803 4 3 3 114244
16 12 3 3804 4 4 4 120026
16 12 3 3805 4 5 5 124231
16 12 3 3806 4 6 6 134877
16 12 3 3807 4 7 7 137970
16 12 3 3808 4 0 8 101159
16 12 3 3809 4 1 9 103730
16 12 3 3810 4 2 10 109282
16 12 3 3811 4 3 11 113877
16 12 3 3812 4 4 12 119709
16 12 3 3813 4 5 13 129436
16 12 3 3814 4 6 14 134789
16 12 3 3815 4 7 15 140519
16 12 3 3816 4 0 16 102433
16 12 3 3817 4 1 17 105279
16 12 3 3818 4 2 18 108122
16 12 3 3819 4 3 19 113918
16 12 3 3820 4 4 20 119669
16 12 3 3821 4 5 21 126545
16 12 3 3822 4 6 22 136048
16 12 3 3823 4 7 23 138948
16 12 3 3824 4 0 24 103732
16 12 3 3825 4 1 25 105461
16 12 3 3826 4 2 26 104050
16 12 3 3827 4 3 27 108111
16 12 3 3828 4 4 28 115387
16 12 3 3829 4 5 29 131147
16 12 3 3830 4 6 30 133145
16 12 3 3831 4 7 31 140158
16 12 3 3832 4 0 32 103820
16 12 3 3833 4 1 33 105618
16 12 3 3834 4 2 34 109775
16 12 3 3835 4 3 35 113386
16 12 3 3836 4 4 36 118659
16 12 3 3837 4 5 37 130324
16 12 3 3838 4 6 38 127508
16 12 3 3839 4 7 39 135296
16 12 3 3840 4 0 40 103783
16 12 3 3841 4 1 41 103898
16 12 3 3842 4 2 42 109862
16 12 3 3843 4 3 43 106558
16 12 3 3844 4 4 44 120172
16 12 3 3845 4 5 45 123352
16 12 3 3846 4 6 46 134765
16 12 3 3847 4 7 47 132690
16 12 3 3848 4 0 48 102912
16 12 3 3849 4 1 49 104681
16 12 3 3850 4 2 50 109913
16 12 3 3851 4 3 51 113992
16 12 3 3852 4 4 52 120018
16 12 3 3853 4 5 53 130847
16 12 3 3854 4 6 54 128909
16 12 3 3855 4 7 55 138803
16 12 3 3856 4 0 56 103879
16 12 3 3857 4 1 57 105620
16 12 3 3858 4 2 58 109743
16 12 3 3859 4 3 59 113465
16 12 3 3860 4 4 60 119564
16 12 3 3861 4 5 61 120601
16 12 3 3862 4 6 62 126287
16 12 3 3863 4 7 63 140646
16 12 3 3864 4 0 64 103006
16 12 3 3865 4 1 65 105919
16 12 3 3866 4 2 66 107405
16 12 3 3867 4 3 67 113962
16 12 3 3868 4 4 68 120108
16 12 3 3869 4 5 69 131031
16 12 3 3870 4 6 70 128030
16 12 3 3871 4 7 71 138738
16 12 3 3872 4 0 72 103862
16 12 3 3873 4 1 73 105713
16 12 3 3874 4 2 74 109231
16 12 3 3875 4 3 75 111257
16 12 3 3876 4 4 76 120031
16 12 3 3877 4 5 77 131111
16 12 3 3878 4 6 78 128298
16 12 3 3879 4 7 79 143014
16 12 3 3880 4 0 80 103787
16 12 3 3881 4 1 81 105703
16 12 3 3882 4 2 82 108017
16 12 3 3883 4 3 83 114054
16 12 3 3884 4 4 84 112414
16 12 3 3885 4 5 85 112292
16 12 3 3886 4 6 86 136020
16 12 3 3887 4 7 87 139937
16 12 3 3888 4 0 88 102639
16 12 3 3889 4 1 89 105625
16 12 3 3890 4 2 90 109573
16 12 3 3891 4 3 91 110759
16 12 3 3892 4 4 92 120064
16 12 3 3893 4 5 93 130627
16 12 3 3894 4 6 94 133649
16 12 3 3895 4 7 95 141555
16 12 3 3896 4 0 96 102943
16 12 3 3897 4 1 97 105662
16 12 3 3898 4 2 98 109638
16 12 3 3899 4 3 99 113648
16 12 4 3600 4 0 0 103650
16 12 4 3601 4 1 1 107516
16 12 4 3602 4 2 2 109521
16 12 4 3603 4 3 3 119548
16 12 4 3604 4 4 4 120065
16 12 4 3605 4 5 5 128274
16 12 4 3606 4 6 6 149762
16 12 4 3607 4 7 7 126952
16 12 4 3608 4 0 8 101172
16 12 4 3609 4 1 9 103727
16 12 4 3610 4 2 10 111782
16 12 4 3611 4 3 11 118944
16 12 4 3612 4 4 12 119716
16 12 4 3613 4 5 13 140402
16 12 4 3614 4 6 14 149902
16 12 4 3615 4 7 15 144519
16 12 4 3616 4 0 16 101540
16 12 4 3617 4 1 17 105298
16 12 4 3618 4 2 18 111704
16 12 4 3619 4 3 19 110027
16 12 4 3620 4 4 20 119473
16 12 4 3621 4 5 21 137241
16 12 4 3622 4 6 22 136070
16 12 4 3623 4 7 23 149097
16 12 4 3624 4 0 24 105103
16 12 4 3625 4 1 25 106927
16 12 4 3626 4 2 26 100390
16 12 4 3627 4 3 27 108125
16 12 4 3628 4 4 28 115387
16 12 4 3629 4 5 29 143130
16 12 4 3630 4 6 30 146042
16 12 4 3631 4 7 31 149713
16 12 4 3632 4 0 32 105181
16 12 4 3633 4 1 33 105630
16 12 4 3634 4 2 34 113378
16 12 4 3635 4 3 35 110691
16 12 4 3636 4 4 36 114169
16 12 4 3637 4 5 37 143309
16 12 4 3638 4 6 38 137547
16 12 4 3639 4 7 39 146797
16 12 4 3640 4 0 40 105040
16 12 4 3641 4 1 41 103898
16 12 4 3642 4 2 42 113550
16 12 4 3643 4 3 43 106550
16 12 4 3644 4 4 44 127854
16 12 4 3645 4 5 45 134010
16 12 4 3646 4 6 46 149207
16 12 4 3647 4 7 47 146678
16 12 4 3648 4 0 48 104122
16 12 4 3649 4 1 49 104686
16 12 4 3650 4 2 50 113499
16 12 4 3651 4 3 51 118624
16 12 4 3652 4 4 52 120507
16 12 4 3653 4 5 53 143980
16 12 4 3654 4 6 54 143573
16 12 4 3655 4 7 55 156215
16 12 4 3656 4 0 56 103898
16 12 4 3657 4 1 57 105614
16 12 4 3658 4 2 58 113369
16 12 4 3659 4 3 59 118712
16 12 4 3660 4 4 60 123117
16 12 4 3661 4 5 61 117619
16 12 4 3662 4 6 62 138637
16 12 4 3663 4 7 63 157144
16 12 4 3664 4 0 64 104401
16 12 4 3665 4 1 65 107971
16 12 4 3666 4 2 66 110260
16 12 4 3667 4 3 67 113968
16 12 4 3668 4 4 68 122010
16 12 4 3669 4 5 69 143906
16 12 4 3670 4 6 70 141886
16 12 4 3671 4 7 71 156779
16 12 4 3672 4 0 72 105204
16 12 4 3673 4 1 73 107698
16 12 4 3674 4 2 74 110131
16 12 4 3675 4 3 75 115602
16 12 4 3676 4 4 76 127631
16 12 4 3677 4 5 77 137543
16 12 4 3678 4 6 78 141215
16 12 4 3679 4 7 79 147763
16 12 4 3680 4 0 80 102433
16 12 4 3681 4 1 81 105716
16 12 4 3682 4 2 82 111520
16 12 4 3683 4 3 83 114066
16 12 4 3684 4 4 84 118124
16 12 4 3685 4 5 85 116109
16 12 4 3686 4 6 86 138845
16 12 4 3687 4 7 87 149588
16 12 4 3688 4 0 88 102677
16 12 4 3689 4 1 89 106747
16 12 4 3690 4 2 90 109559
16 12 4 3691 4 3 91 110770
16 12 4 3692 4 4 92 127514
16 12 4 3693 4 5 93 136036
16 12 4 3694 4 6 94 136146
16 12 4 3695 4 7 95 152603
16 12 4 3696 4 0 96 104324
16 12 4 3697 4 1 97 107744
16 12 4 3698 4 2 98 109645
16 12 4 3699 4 3 99 118743
16 12 4 3700 4 4 0 124471
16 12 4 3701 4 5 1 134828
16 12 4 3702 4 6 2 133507
16 12 4 3703 4 7 3 160633
16 12 4 3704 4 0 4 103880
16 12 4 3705 4 1 5 105590
16 12 4 3706 4 2 6 113384
16 12 4 3707 4 3 7 105999
16 12 4 3708 4 4 8 111518
16 12 4 3709 4 5 9 128353
16 12 4 3710 4 6 10 140581
16 12 4 3711 4 7 11 158517
16 12 4 3712 4 0 12 103719
16 12 4 3713 4 1 13 107398
16 12 4 3714 4 2 14 113523
16 12 4 3715 4 3 15 115005
16 12 4 3716 4 4 16 107110
16 12 4 3717 4 5 17 135200
16 12 4 3718 4 6 18 143376
16 12 4 3719 4 7 19 141619
16 12 4 3720 4 0 20 103726
16 12 4 3721 4 1 21 106344
16 12 4 3722 4 2 22 109839
16 12 4 3723 4 3 23 116549
16 12 4 3724 4 4 24 126613
16 12 4 3725 4 5 25 126183
16 12 4 3726 4 6 26 119922
16 12 4 3727 4 7 27 139090
16 12 4 3728 4 0 28 102972
16 12 4 3729 4 1 29 107805
16 12 4 3730 4 2 30 112375
16 12 4 3731 4 3 31 119146
16 12 4 3732 4 4 32 128014
16 12 4 3733 4 5 33 134421
16 12 4 3734 4 6 34 148488
16 12 4 3735 4 7 35 148330
16 12 4 3736 4 0 36 102638
16 12 4 3737 4 1 37 107772
16 12 4 3738 4 2 38 107094
16 12 4 3739 4 3 39 113884
16 12 4 3740 4 4 40 118250
16 12 4 3741 4 5 41 135356
16 12 4 3742 4 6 42 147187
16 12 4 3743 4 7 43 144833
16 12 4 3744 4 0 44 105145
16 12 4 3745 4 1 45 106460
16 12 4 3746 4 2 46 113435
16 12 4 3747 4 3 47 118637
16 12 4 3748 4 4 48 121716
16 12 4 3749 4 5 49 129852
16 12 4 3750 4 6 50 149897
16 12 4 3751 4 7 51 151011
16 12 4 3752 4 0 52 103145
16 12 4 3753 4 1 53 107987
16 12 4 3754 4 2 54 112450
16 12 4 3755 4 3 55 118687
16 12 4 3756 4 4 56 122245
16 12 4 3757 4 5 57 134410
16 12 4 3758 4 6 58 144338
16 12 4 3759 4 7 59 156245
16 12 4 3760 4 0 60 103729
16 12 4 3761 4 1 61 103965
16 12 4 3762 4 2 62 106051
16 12 4 3763 4 3 63 118904
16 12 4 3764 4 4 64 125334
16 12 4 3765 4 5 65 144212
16 12 4 3766 4 6 66 133036
16 12 4 3767 4 7 67 152846
16 12 4 3768 4 0 68 105044
16 12 4 3769 4 1 69 107839
16 12 4 3770 4 2 70 112913
16 12 4 3771 4 3 71 115639
16 12 4 3772 4 4 72 127739
16 12 4 3773 4 5 73 136792
16 12 4 3774 4 6 74 138406
16 12 4 3775 4 7 75 151146
16 12 4 3776 4 0 76 105174
16 12 4 3777 4 1 77 107867
16 12 4 3778 4 2 78 107576
16 12 4 3779 4 3 79 114919
16 12 4 3780 4 4 80 113929
16 12 4 3781 4 5 81 135418
16 12 4 3782 4 6 82 129458
16 12 4 3783 4 7 83 151498
16 12 4 3784 4 0 84 102851
16 12 4 3785 4 1 85 101570
16 12 4 3786 4 2 86 110008
16 12 4 3787 4 3 87 118542
16 12 4 3788 4 4 88 114359
16 12 4 3789 4 5 89 129728
16 12 4 3790 4 6 90 131788
16 12 4 3791 4 7 91 147208
16 12 4 3792 4 0 92 105030
16 12 4 3793 4 1 93 105874
16 12 4 3794 4 2 94 109362
16 12 4 3795 4 3 95 114025
16 12 4 3796 4 4 96 122895
16 12 4 3797 4 5 97 136246
16 12 4 3798 4 6 98 124290
16 12 4 3799 4 7 99 144240
16 12 4 3800 4 0 0 103650
16 12 4 3801 4 1 1 107516
16 12 4 3802 4 2 2 109521
16 12 4 3803 4 3 3 119548
16 12 4 3804 4 4 4 120065
16 12 4 3805 4 5 5 128274
16 12 4 3806 4 6 6 149762
16 12 4 3807 4 7 7 126952
16 12 4 3808 4 0 8 101172
16 12 4 3809 4 1 9 103727
16 12 4 3810 4 2 10 111782
16 12 4 3811 4 3 11 118944
16 12 4 3812 4 4 12 119716
16 12 4 3813 4 5 13 140402
16 12 4 3814 4 6 14 149902
16 12 4 3815 4 7 15 144519
16 12 4 3816 4 0 16 101540
16 12 4 3817 4 1 17 105298
16 12 4 3818 4 2 18 111704
16 12 4 3819 4 3 19 110027
16 12 4 3820 4 4 20 119473
16 12 4 3821 4 5 21 137241
16 12 4 3822 4 6 22 136070
16 12 4 3823 4 7 23 149097
16 12 4 3824 4 0 24 105103
16 12 4 3825 4 1 25 106927
16 12 4 3826 4 2 26 100390
16 12 4 3827 4 3 27 108125
16 12 4 3828 4 4 28 115387
16 12 4 3829 4 5 29 143130
16 12 4 3830 4 6 30 146042
16 12 4 3831 4 7 31 149713
16 12 4 3832 4 0 32 105181
16 12 4 3833 4 1 33 105630
16 12 4 3834 4 2 34 113378
16 12 4 3835 4 3 35 110691
16 12 4 3836 4 4 36 114169
16 12 4 3837 4 5 37 143309
16 12 4 3838 4 6 38 137547
16 12 4 3839 4 7 39 146797
16 12 4 3840 4 0 40 105040
16 12 4 3841 4 1 41 103898
16 12 4 3842 4 2 42 113550
16 12 4 3843 4 3 43 106550
16 12 4 3844 4 4 44 127854
16 12 4 3845 4 5 45 134010
16 12 4 3846 4 6 46 149207
16 12 4 3847 4 7 47 146678
16 12 4 3848 4 0 48 104122
16 12 4 3849 4 1 49 104686
16 12 4 3850 4 2 50 113499
16 12 4 3851 4 3 51 118624
16 12 4 3852 4 4 52 120507
16 12 4 3853 4 5 53 143980
16 12 4 3854 4 6 54 143573
16 12 4 3855 4 7 55 156215
16 12 4 3856 4 0 56 103898
16 12 4 3857 4 1 57 105614
16 12 4 3858 4 2 58 113369
16 12 4 3859 4 3 59 118712
16 12 4 3860 4 4 60 123117
16 12 4 3861 4 5 61 117619
16 12 4 3862 4 6 62 138637
16 12 4 3863 4 7 63 157144
16 12 4 3864 4 0 64 104401
16 12 4 3865 4 1 65 107971
16 12 4 3866 4 2 66 110260
16 12 4 3867 4 3 67 113968
16 12 4 3868 4 4 68 122010
16 12 4 3869 4 5 69 143906
16 12 4 3870 4 6 70 141886
16 12 4 3871 4 7 71 156779
16 12 4 3872 4 0 72 105204
16 12 4 3873 4 1 73 107698
16 12 4 3874 4 2 74 110131
16 12 4 3875 4 3 75 115602
16 12 4 3876 4 4 76 127631
16 12 4 3877 4 5 77 137543
16 12 4 3878 4 6 78 141215
16 12 4 3879 4 7 79 147763
16 12 4 3880 4 0 80 102433
16 12 4 3881 4 1 81 105716
16 12 4 3882 4 2 82 111520
16 12 4 3883 4 3 83 114066
16 12 4 3884 4 4 84 118124
16 12 4 3885 4 5 85 116109
16 12 4 3886 4 6 86 138845
16 12 4 3887 4 7 87 149588
16 12 4 3888 4 0 88 102677
16 12 4 3889 4 1 89 106747
16 12 4 3890 4 2 90 109559
16 12 4 3891 4 3 91 110770
16 12 4 3892 4 4 92 127514
16 12 4 3893 4 5 93 136036
16 12 4 3894 4 6 94 136146
16 12 4 3895 4 7 95 152603
16 12 4 3896 4 0 96 104324
16 12 4 3897 4 1 97 107744
16 12 4 3898 4 2 98 109645
16 12 4 3899 4 3 99 118743
16 12 5 3600 4 0 0 104942
16 12 5 3601 4 1 1 109586
16 12 5 3602 4 2 2 113037
16 12 5 3603 4 3 3 125053
16 12 5 3604 4 4 4 127826
16 12 5 3605 4 5 5 139769
16 12 5 3606 4 6 6 164832
16 12 5 3607 4 7 7 140886
16 12 5 3608 4 0 8 102531
16 12 5 3609 4 1 9 105715
16 12 5 3610 4 2 10 114989
16 12 5 3611 4 3 11 124465
16 12 5 3612 4 4 12 127543
16 12 5 3613 4 5 13 153780
16 12 5 3614 4 6 14 163830
16 12 5 3615 4 7 15 161955
16 12 5 3616 4 0 16 102914
16 12 5 3617 4 1 17 107322
16 12 5 3618 4 2 18 115395
16 12 5 3619 4 3 19 114928
16 12 5 3620 4 4 20 121797
16 12 5 3621 4 5 21 150641
16 12 5 3622 4 6 22 151037
16 12 5 3623 4 7 23 165314
16 12 5 3624 4 0 24 106428
16 12 5 3625 4 1 25 109004
16 12 5 3626 4 2 26 103706
16 12 5 3627 4 3 27 112758
16 12 5 3628 4 4 28 123039
16 12 5 3629 4 5 29 157317
16 12 5 3630 4 6 30 162072
16 12 5 3631 4 7 31 168765
16 12 5 3632 4 0 32 106543
16 12 5 3633 4 1 33 107545
16 12 5 3634 4 2 34 117123
16 12 5 3635 4 3 35 115574
16 12 5 3636 4 4 36 121486
16 12 5 3637 4 5 37 157115
16 12 5 3638 4 6 38 143869
16 12 5 3639 4 7 39 165426
16 12 5 3640 4 0 40 106425
16 12 5 3641 4 1 41 105880
16 12 5 3642 4 2 42 117129
16 12 5 3643 4 3 43 111395
16 12 5 3644 4 4 44 136192
16 12 5 3645 4 5 45 146492
16 12 5 3646 4 6 46 156901
16 12 5 3647 4 7 47 165242
16 12 5 3648 4 0 48 105460
16 12 5 3649 4 1 49 106661
16 12 5 3650 4 2 50 117248
16 12 5 3651 4 3 51 123960
16 12 5 3652 4 4 52 128106
16 12 5 3653 4 5 53 156082
16 12 5 3654 4 6 54 158934
16 12 5 3655 4 7 55 175809
16 12 5 3656 4 0 56 105247
16 12 5 3657 4 1 57 107650
16 12 5 3658 4 2 58 117145
16 12 5 3659 4 3 59 124224
16 12 5 3660 4 4 60 131184
16 12 5 3661 4 5 61 129209
16 12 5 3662 4 6 62 150008
16 12 5 3663 4 7 63 176701
16 12 5 3664 4 0 64 105793
16 12 5 3665 4 1 65 110047
16 12 5 3666 4 2 66 113873
16 12 5 3667 4 3 67 119017
16 12 5 3668 4 4 68 129765
16 12 5 3669 4 5 69 158234
16 12 5 3670 4 6 70 157295
16 12 5 3671 4 7 71 177337
16 12 5 3672 4 0 72 106588
16 12 5 3673 4 1 73 109814
16 12 5 3674 4 2 74 113603
16 12 5 3675 4 3 75 120949
16 12 5 3676 4 4 76 136139
16 12 5 3677 4 5 77 148917
16 12 5 3678 4 6 78 156799
16 12 5 3679 4 7 79 166745
16 12 5 3680 4 0 80 103748
16 12 5 3681 4 1 81 107828
16 12 5 3682 4 2 82 115134
16 12 5 3683 4 3 83 119214
16 12 5 3684 4 4 84 125912
16 12 5 3685 4 5 85 127295
16 12 5 3686 4 6 86 153753
16 12 5 3687 4 7 87 168415
16 12 5 3688 4 0 88 104021
16 12 5 3689 4 1 89 108880
16 12 5 3690 4 2 90 113093
16 12 5 3691 4 3 91 115870
16 12 5 3692 4 4 92 135626
16 12 5 3693 4 5 93 149251
16 12 5 3694 4 6 94 150185
16 12 5 3695 4 7 95 172111
16 12 5 3696 4 0 96 105681
16 12 5 3697 4 1 97 109815
16 12 5 3698 4 2 98 113295
16 12 5 3699 4 3 99 124163
16 12 5 3700 4 4 0 132340
16 12 5 3701 4 5 1 147795
16 12 5 3702 4 6 2 147882
16 12 5 3703 4 7 3 180443
16 12 5 3704 4 0 4 105221
16 12 5 3705 4 1 5 107586
16 12 5 3706 4 2 6 117020
16 12 5 3707 4 3 7 109249
16 12 5 3708 4 4 8 119022
16 12 5 3709 4 5 9 140652
16 12 5 3710 4 6 10 154220
16 12 5 3711 4 7 11 178850
16 12 5 3712 4 0 12 105093
16 12 5 3713 4 1 13 109506
16 12 5 3714 4 2 14 116881
16 12 5 3715 4 3 15 120371
16 12 5 3716 4 4 16 114364
16 12 5 3717 4 5 17 148124
16 12 5 3718 4 6 18 159114
16 12 5 3719 4 7 19 159525
16 12 5 3720 4 0 20 105033
16 12 5 3721 4 1 21 108469
16 12 5 3722 4 2 22 113556
16 12 5 3723 4 3 23 121772
16 12 5 3724 4 4 24 134543
16 12 5 3725 4 5 25 138405
16 12 5 3726 4 6 26 133080
16 12 5 3727 4 7 27 150938
16 12 5 3728 4 0 28 104338
16 12 5 3729 4 1 29 109993
16 12 5 3730 4 2 30 116102
16 12 5 3731 4 3 31 124570
16 12 5 3732 4 4 32 136290
16 12 5 3733 4 5 33 146855
16 12 5 3734 4 6 34 164495
16 12 5 3735 4 7 35 166762
16 12 5 3736 4 0 36 103951
16 12 5 3737 4 1 37 109856
16 12 5 3738 4 2 38 109701
16 12 5 3739 4 3 39 119035
16 12 5 3740 4 4 40 126044
16 12 5 3741 4 5 41 147655
16 12 5 3742 4 6 42 162705
16 12 5 3743 4 7 43 162643
16 12 5 3744 4 0 44 106525
16 12 5 3745 4 1 45 108415
16 12 5 3746 4 2 46 116953
16 12 5 3747 4 3 47 124173
16 12 5 3748 4 4 48 128308
16 12 5 3749 4 5 49 142220
16 12 5 3750 4 6 50 166394
16 12 5 3751 4 7 51 170122
16 12 5 3752 4 0 52 104455
16 12 5 3753 4 1 53 109993
16 12 5 3754 4 2 54 116026
16 12 5 3755 4 3 55 123967
16 12 5 3756 4 4 56 130177
16 12 5 3757 4 5 57 147612
16 12 5 3758 4 6 58 159428
16 12 5 3759 4 7 59 170601
16 12 5 3760 4 0 60 105093
16 12 5 3761 4 1 61 106016
16 12 5 3762 4 2 62 109537
16 12 5 3763 4 3 63 124315
16 12 5 3764 4 4 64 133516
16 12 5 3765 4 5 65 157890
16 12 5 3766 4 6 66 147665
16 12 5 3767 4 7 67 171176
16 12 5 3768 4 0 68 106380
16 12 5 3769 4 1 69 109995
16 12 5 3770 4 2 70 116473
16 12 5 3771 4 3 71 121010
16 12 5 3772 4 4 72 136126
16 12 5 3773 4 5 73 150238
16 12 5 3774 4 6 74 152960
16 12 5 3775 4 7 75 170534
16 12 5 3776 4 0 76 106556
16 12 5 3777 4 1 77 109925
16 12 5 3778 4 2 78 111128
16 12 5 3779 4 3 79 120115
16 12 5 3780 4 4 80 121369
16 12 5 3781 4 5 81 148948
16 12 5 3782 4 6 82 143460
16 12 5 3783 4 7 83 170610
16 12 5 3784 4 0 84 104211
16 12 5 3785 4 1 85 103573
16 12 5 3786 4 2 86 113503
16 12 5 3787 4 3 87 123864
16 12 5 3788 4 4 88 121038
16 12 5 3789 4 5 89 142578
16 12 5 3790 4 6 90 146126
16 12 5 3791 4 7 91 166221
16 12 5 3792 4 0 92 106365
16 12 5 3793 4 1 93 107912
16 12 5 3794 4 2 94 112922
16 12 5 3795 4 3 95 119315
16 12 5 3796 4 4 96 130880
16 12 5 3797 4 5 97 149413
16 12 5 3798 4 6 98 137863
16 12 5 3799 4 7 99 160983
16 12 5 3800 4 0 0 104942
16 12 5 3801 4 1 1 109586
16 12 5 3802 4 2 2 113037
16 12 5 3803 4 3 3 125053
16 12 5 3804 4 4 4 127826
16 12 5 3805 4 5 5 139769
16 12 5 3806 4 6 6 164832
16 12 5 3807 4 7 7 140886
16 12 5 3808 4 0 8 102531
16 12 5 3809 4 1 9 105715
16 12 5 3810 4 2 10 114989
16 12 5 3811 4 3 11 124465
16 12 5 3812 4 4 12 127543
16 12 5 3813 4 5 13 153780
16 12 5 3814 4 6 14 163830
16 12 5 3815 4 7 15 161955
16 12 5 3816 4 0 16 102914
16 12 5 3817 4 1 17 107322
16 12 5 3818 4 2 18 115395
16 12 5 3819 4 3 19 114928
16 12 5 3820 4 4 20 121797
16 12 5 3821 4 5 21 150641
16 12 5 3822 4 6 22 151037
16 12 5 3823 4 7 23 165314
16 12 5 3824 4 0 24 106428
16 12 5 3825 4 1 25 109004
16 12 5 3826 4 2 26 103706
16 12 5 3827 4 3 27 112758
16 12 5 3828 4 4 28 123039
16 12 5 3829 4 5 29 157317
16 12 5 3830 4 6 30 162072
16 12 5 3831 4 7 31 168765
16 12 5 3832 4 0 32 106543
16 12 5 3833 4 1 33 107545
16 12 5 3834 4 2 34 117123
16 12 5 3835 4 3 35 115574
16 12 5 3836 4 4 36 121486
16 12 5 3837 4 5 37 157115
16 12 5 3838 4 6 38 143869
16 12 5 3839 4 7 39 165426
16 12 5 3840 4 0 40 106425
16 12 5 3841 4 1 41 105880
16 12 5 3842 4 2 42 117129
16 12 5 3843 4 3 43 111395
16 12 5 3844 4 4 44 136192
16 12 5 3845 4 5 45 146492
16 12 5 3846 4 6 46 156901
16 12 5 3847 4 7 47 165242
16 12 5 3848 4 0 48 105460
16 12 5 3849 4 1 49 106661
16 12 5 3850 4 2 50 117248
16 12 5 3851 4 3 51 123960
16 12 5 3852 4 4 52 128106
16 12 5 3853 4 5 53 156082
16 12 5 3854 4 6 54 158934
16 12 5 3855 4 7 55 175809
16 12 5 3856 4 0 56 105247
16 12 5 3857 4 1 57 107650
16 12 5 3858 4 2 58 117145
16 12 5 3859 4 3 59 124224
16 12 5 3860 4 4 60 131184
16 12 5 3861 4 5 61 129209
16 12 5 3862 4 6 62 150008
16 12 5 3863 4 7 63 176701
16 12 5 3864 4 0 64 105793
16 12 5 3865 4 1 65 110047
16 12 5 3866 4 2 66 113873
16 12 5 3867 4 3 67 119017
16 12 5 3868 4 4 68 129765
16 12 5 3869 4 5 69 158234
16 12 5 3870 4 6 70 157295
16 12 5 3871 4 7 71 177337
16 12 5 3872 4 0 72 106588
16 12 5 3873 4 1 73 109814
16 12 5 3874 4 2 74 113603
16 12 5 3875 4 3 75 120949
16 12 5 3876 4 4 76 136139
16 12 5 3877 4 5 77 148917
16 12 5 3878 4 6 78 156799
16 12 5 3879 4 7 79 166745
16 12 5 3880 4 0 80 103748
16 12 5 3881 4 1 81 107828
16 12 5 3882 4 2 82 115134
16 12 5 3883 4 3 83 119214
16 12 5 3884 4 4 84 125912
16 12 5 3885 4 5 85 127295
16 12 5 3886 4 6 86 153753
16 12 5 3887 4 7 87 168415
16 12 5 3888 4 0 88 104021
16 12 5 3889 4 1 89 108880
16 12 5 3890 4 2 90 113093
16 12 5 3891 4 3 91 115870
16 12 5 3892 4 4 92 135626
16 12 5 3893 4 5 93 149251
16 12 5 3894 4 6 94 150185
16 12 5 3895 4 7 95 172111
16 12 5 3896 4 0 96 105681
16 12 5 3897 4 1 97 109815
16 12 5 3898 4 2 98 113295
16 12 5 3899 4 3 99 124163
