8 7 1 4200 5 0 0 101160
8 7 1 4201 5 1 1 101651
8 7 1 4202 5 2 2 103328
8 7 1 4203 5 3 3 104750
8 7 1 4204 5 4 4 106715
8 7 1 4205 5 5 5 98498
8 7 1 4206 5 6 6 108337
8 7 1 4207 5 7 7 99057
8 7 1 4208 5 0 8 99128
8 7 1 4209 5 1 9 101802
8 7 1 4210 5 2 10 103382
8 7 1 4211 5 3 11 104723
8 7 1 4212 5 4 12 104697
8 7 1 4213 5 5 13 110068
8 7 1 4214 5 6 14 94442
8 7 1 4215 5 7 15 112687
8 7 1 4216 5 0 16 101356
8 7 1 4217 5 1 17 100019
8 7 1 4218 5 2 18 101974
8 7 1 4219 5 3 19 96528
8 7 1 4220 5 4 20 106708
8 7 1 4221 5 5 21 107549
8 7 1 4222 5 6 22 103999
8 7 1 4223 5 7 23 111464
8 7 1 4224 5 0 24 100909
8 7 1 4225 5 1 25 102023
8 7 1 4226 5 2 26 103372
8 7 1 4227 5 3 27 98286
8 7 1 4228 5 4 28 104749
8 7 1 4229 5 5 29 104306
8 7 1 4230 5 6 30 100266
8 7 1 4231 5 7 31 108840
8 7 1 4232 5 0 32 101344
8 7 1 4233 5 1 33 102017
8 7 1 4234 5 2 34 98605
8 7 1 4235 5 3 35 96949
8 7 1 4236 5 4 36 106677
8 7 1 4237 5 5 37 94285
8 7 1 4238 5 6 38 110109
8 7 1 4239 5 7 39 108554
8 7 1 4240 5 0 40 100429
8 7 1 4241 5 1 41 102016
8 7 1 4242 5 2 42 101689
8 7 1 4243 5 3 43 104750
8 7 1 4244 5 4 44 106773
8 7 1 4245 5 5 45 104315
8 7 1 4246 5 6 46 111362
8 7 1 4247 5 7 47 111974
8 7 1 4248 5 0 48 101344
8 7 1 4249 5 1 49 102016
8 7 1 4250 5 2 50 103358
8 7 1 4251 5 3 51 98828
8 7 1 4252 5 4 52 106766
8 7 1 4253 5 5 53 110150
8 7 1 4254 5 6 54 105669
8 7 1 4255 5 7 55 107007
8 7 1 4256 5 0 56 101356
8 7 1 4257 5 1 57 100432
8 7 1 4258 5 2 58 103372
8 7 1 4259 5 3 59 102750
8 7 1 4260 5 4 60 106758
8 7 1 4261 5 5 61 107504
8 7 1 4262 5 6 62 101227
8 7 1 4263 5 7 63 106174
8 7 1 4264 5 0 64 101278
8 7 1 4265 5 1 65 102016
8 7 1 4266 5 2 66 103382
8 7 1 4267 5 3 67 98832
8 7 1 4268 5 4 68 102061
8 7 1 4269 5 5 69 101700
8 7 1 4270 5 6 70 108845
8 7 1 4271 5 7 71 113381
8 7 1 4272 5 0 72 98840
8 7 1 4273 5 1 73 101719
8 7 1 4274 5 2 74 103384
8 7 1 4275 5 3 75 102500
8 7 1 4276 5 4 76 106706
8 7 1 4277 5 5 77 105284
8 7 1 4278 5 6 78 97711
8 7 1 4279 5 7 79 113397
8 7 1 4280 5 0 80 101336
8 7 1 4281 5 1 81 101800
8 7 1 4282 5 2 82 103291
8 7 1 4283 5 3 83 104702
8 7 1 4284 5 4 84 102417
8 7 1 4285 5 5 85 101686
8 7 1 4286 5 6 86 107227
8 7 1 4287 5 7 87 99653
8 7 1 4288 5 0 88 100903
8 7 1 4289 5 1 89 102006
8 7 1 4290 5 2 90 101501
8 7 1 4291 5 3 91 104388
8 7 1 4292 5 4 92 104100
8 7 1 4293 5 5 93 110133
8 7 1 4294 5 6 94 94451
8 7 1 4295 5 7 95 106451
8 7 1 4296 5 0 96 99079
8 7 1 4297 5 1 97 101922
8 7 1 4298 5 2 98 99634
8 7 1 4299 5 3 99 104641
8 7 1 4300 5 4 0 106742
8 7 1 4301 5 5 1 108127
8 7 1 4302 5 6 2 107630
8 7 1 4303 5 7 3 109290
8 7 1 4304 5 0 4 101321
8 7 1 4305 5 1 5 98763
8 7 1 4306 5 2 6 103271
8 7 1 4307 5 3 7 97141
8 7 1 4308 5 4 8 95172
8 7 1 4309 5 5 9 109315
8 7 1 4310 5 6 10 111254
8 7 1 4311 5 7 11 113393
8 7 1 4312 5 0 12 101312
8 7 1 4313 5 1 13 102016
8 7 1 4314 5 2 14 97689
8 7 1 4315 5 3 15 104721
8 7 1 4316 5 4 16 106761
8 7 1 4317 5 5 17 97273
8 7 1 4318 5 6 18 103351
8 7 1 4319 5 7 19 94835
8 7 1 4320 5 0 20 101342
8 7 1 4321 5 1 21 102001
8 7 1 4322 5 2 22 103173
8 7 1 4323 5 3 23 104716
8 7 1 4324 5 4 24 104362
8 7 1 4325 5 5 25 110081
8 7 1 4326 5 6 26 102041
8 7 1 4327 5 7 27 99571
8 7 1 4328 5 0 28 101112
8 7 1 4329 5 1 29 99262
8 7 1 4330 5 2 30 103178
8 7 1 4331 5 3 31 100316
8 7 1 4332 5 4 32 106706
8 7 1 4333 5 5 33 110098
8 7 1 4334 5 6 34 99634
8 7 1 4335 5 7 35 101821
8 7 1 4336 5 0 36 101356
8 7 1 4337 5 1 37 98058
8 7 1 4338 5 2 38 103392
8 7 1 4339 5 3 39 100036
8 7 1 4340 5 4 40 102852
8 7 1 4341 5 5 41 110073
8 7 1 4342 5 6 42 108029
8 7 1 4343 5 7 43 111407
8 7 1 4344 5 0 44 101356
8 7 1 4345 5 1 45 100384
8 7 1 4346 5 2 46 103360
8 7 1 4347 5 3 47 104634
8 7 1 4348 5 4 48 101705
8 7 1 4349 5 5 49 110068
8 7 1 4350 5 6 50 104662
8 7 1 4351 5 7 51 97916
8 7 1 4352 5 0 52 101352
8 7 1 4353 5 1 53 102029
8 7 1 4354 5 2 54 103363
8 7 1 4355 5 3 55 99740
8 7 1 4356 5 4 56 106784
8 7 1 4357 5 5 57 105250
8 7 1 4358 5 6 58 105940
8 7 1 4359 5 7 59 109658
8 7 1 4360 5 0 60 101347
8 7 1 4361 5 1 61 101152
8 7 1 4362 5 2 62 102189
8 7 1 4363 5 3 63 100640
8 7 1 4364 5 4 64 105743
8 7 1 4365 5 5 65 110082
8 7 1 4366 5 6 66 111359
8 7 1 4367 5 7 67 105549
8 7 1 4368 5 0 68 100360
8 7 1 4369 5 1 69 102029
8 7 1 4370 5 2 70 103382
8 7 1 4371 5 3 71 104686
8 7 1 4372 5 4 72 93736
8 7 1 4373 5 5 73 109191
8 7 1 4374 5 6 74 109669
8 7 1 4375 5 7 75 108851
8 7 1 4376 5 0 76 101332
8 7 1 4377 5 1 77 101904
8 7 1 4378 5 2 78 97150
8 7 1 4379 5 3 79 104700
8 7 1 4380 5 4 80 106768
8 7 1 4381 5 5 81 106783
8 7 1 4382 5 6 82 106713
8 7 1 4383 5 7 83 113497
8 7 1 4384 5 0 84 100242
8 7 1 4385 5 1 85 100111
8 7 1 4386 5 2 86 100411
8 7 1 4387 5 3 87 97380
8 7 1 4388 5 4 88 105108
8 7 1 4389 5 5 89 103267
8 7 1 4390 5 6 90 107036
8 7 1 4391 5 7 91 111163
8 7 1 4392 5 0 92 101352
8 7 1 4393 5 1 93 102009
8 7 1 4394 5 2 94 97688
8 7 1 4395 5 3 95 104750
8 7 1 4396 5 4 96 97266
8 7 1 4397 5 5 97 108560
8 7 1 4398 5 6 98 103005
8 7 1 4399 5 7 99 111392
8 7 1 4400 5 0 0 101160
8 7 1 4401 5 1 1 101651
8 7 1 4402 5 2 2 103328
8 7 1 4403 5 3 3 104750
8 7 1 4404 5 4 4 106715
8 7 1 4405 5 5 5 98498
8 7 1 4406 5 6 6 108337
8 7 1 4407 5 7 7 99057
8 7 1 4408 5 0 8 99128
8 7 1 4409 5 1 9 101802
8 7 1 4410 5 2 10 103382
8 7 1 4411 5 3 11 104723
8 7 1 4412 5 4 12 104697
8 7 1 4413 5 5 13 110068
8 7 1 4414 5 6 14 94442
8 7 1 4415 5 7 15 112687
8 7 1 4416 5 0 16 101356
8 7 1 4417 5 1 17 100019
8 7 1 4418 5 2 18 101974
8 7 1 4419 5 3 19 96528
8 7 1 4420 5 4 20 106708
8 7 1 4421 5 5 21 107549
8 7 1 4422 5 6 22 103999
8 7 1 4423 5 7 23 111464
8 7 1 4424 5 0 24 100909
8 7 1 4425 5 1 25 102023
8 7 1 4426 5 2 26 103372
8 7 1 4427 5 3 27 98286
8 7 1 4428 5 4 28 104749
8 7 1 4429 5 5 29 104306
8 7 1 4430 5 6 30 100266
8 7 1 4431 5 7 31 108840
8 7 1 4432 5 0 32 101344
8 7 1 4433 5 1 33 102017
8 7 1 4434 5 2 34 98605
8 7 1 4435 5 3 35 96949
8 7 1 4436 5 4 36 106677
8 7 1 4437 5 5 37 94285
8 7 1 4438 5 6 38 110109
8 7 1 4439 5 7 39 108554
8 7 1 4440 5 0 40 100429
8 7 1 4441 5 1 41 102016
8 7 1 4442 5 2 42 101689
8 7 1 4443 5 3 43 104750
8 7 1 4444 5 4 44 106773
8 7 1 4445 5 5 45 104315
8 7 1 4446 5 6 46 111362
8 7 1 4447 5 7 47 111974
8 7 1 4448 5 0 48 101344
8 7 1 4449 5 1 49 102016
8 7 1 4450 5 2 50 103358
8 7 1 4451 5 3 51 98828
8 7 1 4452 5 4 52 106766
8 7 1 4453 5 5 53 110150
8 7 1 4454 5 6 54 105669
8 7 1 4455 5 7 55 107007
8 7 1 4456 5 0 56 101356
8 7 1 4457 5 1 57 100432
8 7 1 4458 5 2 58 103372
8 7 1 4459 5 3 59 102750
8 7 1 4460 5 4 60 106758
8 7 1 4461 5 5 61 107504
8 7 1 4462 5 6 62 101227
8 7 1 4463 5 7 63 106174
8 7 1 4464 5 0 64 101278
8 7 1 4465 5 1 65 102016
8 7 1 4466 5 2 66 103382
8 7 1 4467 5 3 67 98832
8 7 1 4468 5 4 68 102061
8 7 1 4469 5 5 69 101700
8 7 1 4470 5 6 70 108845
8 7 1 4471 5 7 71 113381
8 7 1 4472 5 0 72 98840
8 7 1 4473 5 1 73 101719
8 7 1 4474 5 2 74 103384
8 7 1 4475 5 3 75 102500
8 7 1 4476 5 4 76 106706
8 7 1 4477 5 5 77 105284
8 7 1 4478 5 6 78 97711
8 7 1 4479 5 7 79 113397
8 7 1 4480 5 0 80 101336
8 7 1 4481 5 1 81 101800
8 7 1 4482 5 2 82 103291
8 7 1 4483 5 3 83 104702
8 7 1 4484 5 4 84 102417
8 7 1 4485 5 5 85 101686
8 7 1 4486 5 6 86 107227
8 7 1 4487 5 7 87 99653
8 7 1 4488 5 0 88 100903
8 7 1 4489 5 1 89 102006
8 7 1 4490 5 2 90 101501
8 7 1 4491 5 3 91 104388
8 7 1 4492 5 4 92 104100
8 7 1 4493 5 5 93 110133
8 7 1 4494 5 6 94 94451
8 7 1 4495 5 7 95 106451
8 7 1 4496 5 0 96 99079
8 7 1 4497 5 1 97 101922
8 7 1 4498 5 2 98 99634
8 7 1 4499 5 3 99 104641
8 7 1 4500 5 4 0 106742
8 7 1 4501 5 5 1 108127
8 7 1 4502 5 6 2 107630
8 7 1 4503 5 7 3 109290
8 7 1 4504 5 0 4 101321
8 7 1 4505 5 1 5 98763
8 7 1 4506 5 2 6 103271
8 7 1 4507 5 3 7 97141
8 7 1 4508 5 4 8 95172
8 7 1 4509 5 5 9 109315
8 7 1 4510 5 6 10 111254
8 7 1 4511 5 7 11 113393
8 7 1 4512 5 0 12 101312
8 7 1 4513 5 1 13 102016
8 7 1 4514 5 2 14 97689
8 7 1 4515 5 3 15 104721
8 7 1 4516 5 4 16 106761
8 7 1 4517 5 5 17 97273
8 7 1 4518 5 6 18 103351
8 7 1 4519 5 7 19 94835
8 7 1 4520 5 0 20 101342
8 7 1 4521 5 1 21 102001
8 7 1 4522 5 2 22 103173
8 7 1 4523 5 3 23 104716
8 7 1 4524 5 4 24 104362
8 7 1 4525 5 5 25 110081
8 7 1 4526 5 6 26 102041
8 7 1 4527 5 7 27 99571
8 7 1 4528 5 0 28 101112
8 7 1 4529 5 1 29 99262
8 7 1 4530 5 2 30 103178
8 7 1 4531 5 3 31 100316
8 7 1 4532 5 4 32 106706
8 7 1 4533 5 5 33 110098
8 7 1 4534 5 6 34 99634
8 7 1 4535 5 7 35 101821
8 7 1 4536 5 0 36 101356
8 7 1 4537 5 1 37 98058
8 7 1 4538 5 2 38 103392
8 7 1 4539 5 3 39 100036
8 7 1 4540 5 4 40 102852
8 7 1 4541 5 5 41 110073
8 7 1 4542 5 6 42 108029
8 7 1 4543 5 7 43 111407
8 7 1 4544 5 0 44 101356
8 7 1 4545 5 1 45 100384
8 7 1 4546 5 2 46 103360
8 7 1 4547 5 3 47 104634
8 7 1 4548 5 4 48 101705
8 7 1 4549 5 5 49 110068
8 7 1 4550 5 6 50 104662
8 7 1 4551 5 7 51 97916
8 7 1 4552 5 0 52 101352
8 7 1 4553 5 1 53 102029
8 7 1 4554 5 2 54 103363
8 7 1 4555 5 3 55 99740
8 7 1 4556 5 4 56 106784
8 7 1 4557 5 5 57 105250
8 7 1 4558 5 6 58 105940
8 7 1 4559 5 7 59 109658
8 7 1 4560 5 0 60 101347
8 7 1 4561 5 1 61 101152
8 7 1 4562 5 2 62 102189
8 7 1 4563 5 3 63 100640
8 7 1 4564 5 4 64 105743
8 7 1 4565 5 5 65 110082
8 7 1 4566 5 6 66 111359
8 7 1 4567 5 7 67 105549
8 7 1 4568 5 0 68 100360
8 7 1 4569 5 1 69 102029
8 7 1 4570 5 2 70 103382
8 7 1 4571 5 3 71 104686
8 7 1 4572 5 4 72 93736
8 7 1 4573 5 5 73 109191
8 7 1 4574 5 6 74 109669
8 7 1 4575 5 7 75 108851
8 7 1 4576 5 0 76 101332
8 7 1 4577 5 1 77 101904
8 7 1 4578 5 2 78 97150
8 7 1 4579 5 3 79 104700
8 7 1 4580 5 4 80 106768
8 7 1 4581 5 5 81 106783
8 7 1 4582 5 6 82 106713
8 7 1 4583 5 7 83 113497
8 7 1 4584 5 0 84 100242
8 7 1 4585 5 1 85 100111
8 7 1 4586 5 2 86 100411
8 7 1 4587 5 3 87 97380
8 7 1 4588 5 4 88 105108
8 7 1 4589 5 5 89 103267
8 7 1 4590 5 6 90 107036
8 7 1 4591 5 7 91 111163
8 7 1 4592 5 0 92 101352
8 7 1 4593 5 1 93 102009
8 7 1 4594 5 2 94 97688
8 7 1 4595 5 3 95 104750
8 7 1 4596 5 4 96 97266
8 7 1 4597 5 5 97 108560
8 7 1 4598 5 6 98 103005
8 7 1 4599 5 7 99 111392
8 7 1 4600 5 0 0 101160
8 7 1 4601 5 1 1 101651
8 7 1 4602 5 2 2 103328
8 7 1 4603 5 3 3 104750
8 7 1 4604 5 4 4 106715
8 7 1 4605 5 5 5 98498
8 7 1 4606 5 6 6 108337
8 7 1 4607 5 7 7 99057
8 7 1 4608 5 0 8 99128
8 7 1 4609 5 1 9 101802
8 7 1 4610 5 2 10 103382
8 7 1 4611 5 3 11 104723
8 7 1 4612 5 4 12 104697
8 7 1 4613 5 5 13 110068
8 7 1 4614 5 6 14 94442
8 7 1 4615 5 7 15 112687
8 7 1 4616 5 0 16 101356
8 7 1 4617 5 1 17 100019
8 7 1 4618 5 2 18 101974
8 7 1 4619 5 3 19 96528
8 7 1 4620 5 4 20 106708
8 7 1 4621 5 5 21 107549
8 7 1 4622 5 6 22 103999
8 7 1 4623 5 7 23 111464
8 7 1 4624 5 0 24 100909
8 7 1 4625 5 1 25 102023
8 7 1 4626 5 2 26 103372
8 7 1 4627 5 3 27 98286
8 7 1 4628 5 4 28 104749
8 7 1 4629 5 5 29 104306
8 7 1 4630 5 6 30 100266
8 7 1 4631 5 7 31 108840
8 7 1 4632 5 0 32 101344
8 7 1 4633 5 1 33 102017
8 7 1 4634 5 2 34 98605
8 7 1 4635 5 3 35 96949
8 7 1 4636 5 4 36 106677
8 7 1 4637 5 5 37 94285
8 7 1 4638 5 6 38 110109
8 7 1 4639 5 7 39 108554
8 7 1 4640 5 0 40 100429
8 7 1 4641 5 1 41 102016
8 7 1 4642 5 2 42 101689
8 7 1 4643 5 3 43 104750
8 7 1 4644 5 4 44 106773
8 7 1 4645 5 5 45 104315
8 7 1 4646 5 6 46 111362
8 7 1 4647 5 7 47 111974
8 7 1 4648 5 0 48 101344
8 7 1 4649 5 1 49 102016
8 7 1 4650 5 2 50 103358
8 7 1 4651 5 3 51 98828
8 7 1 4652 5 4 52 106766
8 7 1 4653 5 5 53 110150
8 7 1 4654 5 6 54 105669
8 7 1 4655 5 7 55 107007
8 7 1 4656 5 0 56 101356
8 7 1 4657 5 1 57 100432
8 7 1 4658 5 2 58 103372
8 7 1 4659 5 3 59 102750
8 7 1 4660 5 4 60 106758
8 7 1 4661 5 5 61 107504
8 7 1 4662 5 6 62 101227
8 7 1 4663 5 7 63 106174
8 7 1 4664 5 0 64 101278
8 7 1 4665 5 1 65 102016
8 7 1 4666 5 2 66 103382
8 7 1 4667 5 3 67 98832
8 7 1 4668 5 4 68 102061
8 7 1 4669 5 5 69 101700
8 7 1 4670 5 6 70 108845
8 7 1 4671 5 7 71 113381
8 7 1 4672 5 0 72 98840
8 7 1 4673 5 1 73 101719
8 7 1 4674 5 2 74 103384
8 7 1 4675 5 3 75 102500
8 7 1 4676 5 4 76 106706
8 7 1 4677 5 5 77 105284
8 7 1 4678 5 6 78 97711
8 7 1 4679 5 7 79 113397
8 7 1 4680 5 0 80 101336
8 7 1 4681 5 1 81 101800
8 7 1 4682 5 2 82 103291
8 7 1 4683 5 3 83 104702
8 7 1 4684 5 4 84 102417
8 7 1 4685 5 5 85 101686
8 7 1 4686 5 6 86 107227
8 7 1 4687 5 7 87 99653
8 7 1 4688 5 0 88 100903
8 7 1 4689 5 1 89 102006
8 7 1 4690 5 2 90 101501
8 7 1 4691 5 3 91 104388
8 7 1 4692 5 4 92 104100
8 7 1 4693 5 5 93 110133
8 7 1 4694 5 6 94 94451
8 7 1 4695 5 7 95 106451
8 7 1 4696 5 0 96 99079
8 7 1 4697 5 1 97 101922
8 7 1 4698 5 2 98 99634
8 7 1 4699 5 3 99 104641
8 7 1 4700 5 4 0 106742
8 7 1 4701 5 5 1 108127
8 7 1 4702 5 6 2 107630
8 7 1 4703 5 7 3 109290
8 7 1 4704 5 0 4 101321
8 7 1 4705 5 1 5 98763
8 7 1 4706 5 2 6 103271
8 7 1 4707 5 3 7 97141
8 7 1 4708 5 4 8 95172
8 7 1 4709 5 5 9 109315
8 7 1 4710 5 6 10 111254
8 7 1 4711 5 7 11 113393
8 7 1 4712 5 0 12 101312
8 7 1 4713 5 1 13 102016
8 7 1 4714 5 2 14 97689
8 7 1 4715 5 3 15 104721
8 7 1 4716 5 4 16 106761
8 7 1 4717 5 5 17 97273
8 7 1 4718 5 6 18 103351
8 7 1 4719 5 7 19 94835
8 7 1 4720 5 0 20 101342
8 7 1 4721 5 1 21 102001
8 7 1 4722 5 2 22 103173
8 7 1 4723 5 3 23 104716
8 7 1 4724 5 4 24 104362
8 7 1 4725 5 5 25 110081
8 7 1 4726 5 6 26 102041
8 7 1 4727 5 7 27 99571
8 7 1 4728 5 0 28 101112
8 7 1 4729 5 1 29 99262
8 7 1 4730 5 2 30 103178
8 7 1 4731 5 3 31 100316
8 7 1 4732 5 4 32 106706
8 7 1 4733 5 5 33 110098
8 7 1 4734 5 6 34 99634
8 7 1 4735 5 7 35 101821
8 7 1 4736 5 0 36 101356
8 7 1 4737 5 1 37 98058
8 7 1 4738 5 2 38 103392
8 7 1 4739 5 3 39 100036
8 7 1 4740 5 4 40 102852
8 7 1 4741 5 5 41 110073
8 7 1 4742 5 6 42 108029
8 7 1 4743 5 7 43 111407
8 7 1 4744 5 0 44 101356
8 7 1 4745 5 1 45 100384
8 7 1 4746 5 2 46 103360
8 7 1 4747 5 3 47 104634
8 7 1 4748 5 4 48 101705
8 7 1 4749 5 5 49 110068
8 7 1 4750 5 6 50 104662
8 7 1 4751 5 7 51 97916
8 7 1 4752 5 0 52 101352
8 7 1 4753 5 1 53 102029
8 7 1 4754 5 2 54 103363
8 7 1 4755 5 3 55 99740
8 7 1 4756 5 4 56 106784
8 7 1 4757 5 5 57 105250
8 7 1 4758 5 6 58 105940
8 7 1 4759 5 7 59 109658
8 7 1 4760 5 0 60 101347
8 7 1 4761 5 1 61 101152
8 7 1 4762 5 2 62 102189
8 7 1 4763 5 3 63 100640
8 7 1 4764 5 4 64 105743
8 7 1 4765 5 5 65 110082
8 7 1 4766 5 6 66 111359
8 7 1 4767 5 7 67 105549
8 7 1 4768 5 0 68 100360
8 7 1 4769 5 1 69 102029
8 7 1 4770 5 2 70 103382
8 7 1 4771 5 3 71 104686
8 7 1 4772 5 4 72 93736
8 7 1 4773 5 5 73 109191
8 7 1 4774 5 6 74 109669
8 7 1 4775 5 7 75 108851
8 7 1 4776 5 0 76 101332
8 7 1 4777 5 1 77 101904
8 7 1 4778 5 2 78 97150
8 7 1 4779 5 3 79 104700
8 7 1 4780 5 4 80 106768
8 7 1 4781 5 5 81 106783
8 7 1 4782 5 6 82 106713
8 7 1 4783 5 7 83 113497
8 7 1 4784 5 0 84 100242
8 7 1 4785 5 1 85 100111
8 7 1 4786 5 2 86 100411
8 7 1 4787 5 3 87 97380
8 7 1 4788 5 4 88 105108
8 7 1 4789 5 5 89 103267
8 7 1 4790 5 6 90 107036
8 7 1 4791 5 7 91 111163
8 7 1 4792 5 0 92 101352
8 7 1 4793 5 1 93 102009
8 7 1 4794 5 2 94 97688
8 7 1 4795 5 3 95 104750
8 7 1 4796 5 4 96 97266
8 7 1 4797 5 5 97 108560
8 7 1 4798 5 6 98 103005
8 7 1 4799 5 7 99 111392
8 7 2 4200 5 0 0 102503
8 7 2 4201 5 1 1 103678
8 7 2 4202 5 2 2 106813
8 7 2 4203 5 3 3 109100
8 7 2 4204 5 4 4 113577
8 7 2 4205 5 5 5 104347
8 7 2 4206 5 6 6 113025
8 7 2 4207 5 7 7 107884
8 7 2 4208 5 0 8 98590
8 7 2 4209 5 1 9 102018
8 7 2 4210 5 2 10 106860
8 7 2 4211 5 3 11 108400
8 7 2 4212 5 4 12 105450
8 7 2 4213 5 5 13 121139
8 7 2 4214 5 6 14 97176
8 7 2 4215 5 7 15 118998
8 7 2 4216 5 0 16 102718
8 7 2 4217 5 1 17 102048
8 7 2 4218 5 2 18 99765
8 7 2 4219 5 3 19 100264
8 7 2 4220 5 4 20 113843
8 7 2 4221 5 5 21 118224
8 7 2 4222 5 6 22 115881
8 7 2 4223 5 7 23 120928
8 7 2 4224 5 0 24 100058
8 7 2 4225 5 1 25 102860
8 7 2 4226 5 2 26 106887
8 7 2 4227 5 3 27 102882
8 7 2 4228 5 4 28 111828
8 7 2 4229 5 5 29 114311
8 7 2 4230 5 6 30 111761
8 7 2 4231 5 7 31 114283
8 7 2 4232 5 0 32 101350
8 7 2 4233 5 1 33 101537
8 7 2 4234 5 2 34 101840
8 7 2 4235 5 3 35 92729
8 7 2 4236 5 4 36 113895
8 7 2 4237 5 5 37 103848
8 7 2 4238 5 6 38 122390
8 7 2 4239 5 7 39 123103
8 7 2 4240 5 0 40 99637
8 7 2 4241 5 1 41 104077
8 7 2 4242 5 2 42 105085
8 7 2 4243 5 3 43 109696
8 7 2 4244 5 4 44 113846
8 7 2 4245 5 5 45 112262
8 7 2 4246 5 6 46 113927
8 7 2 4247 5 7 47 122914
8 7 2 4248 5 0 48 101384
8 7 2 4249 5 1 49 103792
8 7 2 4250 5 2 50 103988
8 7 2 4251 5 3 51 103460
8 7 2 4252 5 4 52 113843
8 7 2 4253 5 5 53 117506
8 7 2 4254 5 6 54 113528
8 7 2 4255 5 7 55 112845
8 7 2 4256 5 0 56 102724
8 7 2 4257 5 1 57 102467
8 7 2 4258 5 2 58 104152
8 7 2 4259 5 3 59 103337
8 7 2 4260 5 4 60 111303
8 7 2 4261 5 5 61 103360
8 7 2 4262 5 6 62 112780
8 7 2 4263 5 7 63 107855
8 7 2 4264 5 0 64 102416
8 7 2 4265 5 1 65 101224
8 7 2 4266 5 2 66 106758
8 7 2 4267 5 3 67 103476
8 7 2 4268 5 4 68 108951
8 7 2 4269 5 5 69 104994
8 7 2 4270 5 6 70 121404
8 7 2 4271 5 7 71 128537
8 7 2 4272 5 0 72 98991
8 7 2 4273 5 1 73 103759
8 7 2 4274 5 2 74 102824
8 7 2 4275 5 3 75 102068
8 7 2 4276 5 4 76 112726
8 7 2 4277 5 5 77 100034
8 7 2 4278 5 6 78 108786
8 7 2 4279 5 7 79 128621
8 7 2 4280 5 0 80 102704
8 7 2 4281 5 1 81 103851
8 7 2 4282 5 2 82 101545
8 7 2 4283 5 3 83 104705
8 7 2 4284 5 4 84 106502
8 7 2 4285 5 5 85 111516
8 7 2 4286 5 6 86 116663
8 7 2 4287 5 7 87 106075
8 7 2 4288 5 0 88 102271
8 7 2 4289 5 1 89 104042
8 7 2 4290 5 2 90 104935
8 7 2 4291 5 3 91 109329
8 7 2 4292 5 4 92 105238
8 7 2 4293 5 5 93 121174
8 7 2 4294 5 6 94 105173
8 7 2 4295 5 7 95 119307
8 7 2 4296 5 0 96 100409
8 7 2 4297 5 1 97 103945
8 7 2 4298 5 2 98 102952
8 7 2 4299 5 3 99 109456
8 7 2 4300 5 4 0 113983
8 7 2 4301 5 5 1 118955
8 7 2 4302 5 6 2 119778
8 7 2 4303 5 7 3 123081
8 7 2 4304 5 0 4 102624
8 7 2 4305 5 1 5 100145
8 7 2 4306 5 2 6 106399
8 7 2 4307 5 3 7 101741
8 7 2 4308 5 4 8 92307
8 7 2 4309 5 5 9 108022
8 7 2 4310 5 6 10 118606
8 7 2 4311 5 7 11 121692
8 7 2 4312 5 0 12 101417
8 7 2 4313 5 1 13 104041
8 7 2 4314 5 2 14 96805
8 7 2 4315 5 3 15 109528
8 7 2 4316 5 4 16 113937
8 7 2 4317 5 5 17 107127
8 7 2 4318 5 6 18 103873
8 7 2 4319 5 7 19 95698
8 7 2 4320 5 0 20 102699
8 7 2 4321 5 1 21 104018
8 7 2 4322 5 2 22 106623
8 7 2 4323 5 3 23 105558
8 7 2 4324 5 4 24 99866
8 7 2 4325 5 5 25 116666
8 7 2 4326 5 6 26 108525
8 7 2 4327 5 7 27 112895
8 7 2 4328 5 0 28 102464
8 7 2 4329 5 1 29 101151
8 7 2 4330 5 2 30 106628
8 7 2 4331 5 3 31 98120
8 7 2 4332 5 4 32 106714
8 7 2 4333 5 5 33 105886
8 7 2 4334 5 6 34 107412
8 7 2 4335 5 7 35 93977
8 7 2 4336 5 0 36 102726
8 7 2 4337 5 1 37 100048
8 7 2 4338 5 2 38 106716
8 7 2 4339 5 3 39 104743
8 7 2 4340 5 4 40 102312
8 7 2 4341 5 5 41 121196
8 7 2 4342 5 6 42 120022
8 7 2 4343 5 7 43 126390
8 7 2 4344 5 0 44 102544
8 7 2 4345 5 1 45 102421
8 7 2 4346 5 2 46 106787
8 7 2 4347 5 3 47 105843
8 7 2 4348 5 4 48 103239
8 7 2 4349 5 5 49 119660
8 7 2 4350 5 6 50 100758
8 7 2 4351 5 7 51 104009
8 7 2 4352 5 0 52 102643
8 7 2 4353 5 1 53 103656
8 7 2 4354 5 2 54 106857
8 7 2 4355 5 3 55 104423
8 7 2 4356 5 4 56 113985
8 7 2 4357 5 5 57 115875
8 7 2 4358 5 6 58 103352
8 7 2 4359 5 7 59 103857
8 7 2 4360 5 0 60 102535
8 7 2 4361 5 1 61 100468
8 7 2 4362 5 2 62 105620
8 7 2 4363 5 3 63 95608
8 7 2 4364 5 4 64 112071
8 7 2 4365 5 5 65 107534
8 7 2 4366 5 6 66 121381
8 7 2 4367 5 7 67 119730
8 7 2 4368 5 0 68 101717
8 7 2 4369 5 1 69 103292
8 7 2 4370 5 2 70 106876
8 7 2 4371 5 3 71 109607
8 7 2 4372 5 4 72 94375
8 7 2 4373 5 5 73 116432
8 7 2 4374 5 6 74 113601
8 7 2 4375 5 7 75 113697
8 7 2 4376 5 0 76 102469
8 7 2 4377 5 1 77 100814
8 7 2 4378 5 2 78 100413
8 7 2 4379 5 3 79 109659
8 7 2 4380 5 4 80 113973
8 7 2 4381 5 5 81 117540
8 7 2 4382 5 6 82 112013
8 7 2 4383 5 7 83 118271
8 7 2 4384 5 0 84 101478
8 7 2 4385 5 1 85 102003
8 7 2 4386 5 2 86 103808
8 7 2 4387 5 3 87 97861
8 7 2 4388 5 4 88 112213
8 7 2 4389 5 5 89 111349
8 7 2 4390 5 6 90 119275
8 7 2 4391 5 7 91 122363
8 7 2 4392 5 0 92 100960
8 7 2 4393 5 1 93 104049
8 7 2 4394 5 2 94 100956
8 7 2 4395 5 3 95 108326
8 7 2 4396 5 4 96 103794
8 7 2 4397 5 5 97 114924
8 7 2 4398 5 6 98 114163
8 7 2 4399 5 7 99 117648
8 7 2 4400 5 0 0 102503
8 7 2 4401 5 1 1 103678
8 7 2 4402 5 2 2 106813
8 7 2 4403 5 3 3 109100
8 7 2 4404 5 4 4 113577
8 7 2 4405 5 5 5 104347
8 7 2 4406 5 6 6 113025
8 7 2 4407 5 7 7 107884
8 7 2 4408 5 0 8 98590
8 7 2 4409 5 1 9 102018
8 7 2 4410 5 2 10 106860
8 7 2 4411 5 3 11 108400
8 7 2 4412 5 4 12 105450
8 7 2 4413 5 5 13 121139
8 7 2 4414 5 6 14 97176
8 7 2 4415 5 7 15 118998
8 7 2 4416 5 0 16 102718
8 7 2 4417 5 1 17 102048
8 7 2 4418 5 2 18 99765
8 7 2 4419 5 3 19 100264
8 7 2 4420 5 4 20 113843
8 7 2 4421 5 5 21 118224
8 7 2 4422 5 6 22 115881
8 7 2 4423 5 7 23 120928
8 7 2 4424 5 0 24 100058
8 7 2 4425 5 1 25 102860
8 7 2 4426 5 2 26 106887
8 7 2 4427 5 3 27 102882
8 7 2 4428 5 4 28 111828
8 7 2 4429 5 5 29 114311
8 7 2 4430 5 6 30 111761
8 7 2 4431 5 7 31 114283
8 7 2 4432 5 0 32 101350
8 7 2 4433 5 1 33 101537
8 7 2 4434 5 2 34 101840
8 7 2 4435 5 3 35 92729
8 7 2 4436 5 4 36 113895
8 7 2 4437 5 5 37 103848
8 7 2 4438 5 6 38 122390
8 7 2 4439 5 7 39 123103
8 7 2 4440 5 0 40 99637
8 7 2 4441 5 1 41 104077
8 7 2 4442 5 2 42 105085
8 7 2 4443 5 3 43 109696
8 7 2 4444 5 4 44 113846
8 7 2 4445 5 5 45 112262
8 7 2 4446 5 6 46 113927
8 7 2 4447 5 7 47 122914
8 7 2 4448 5 0 48 101384
8 7 2 4449 5 1 49 103792
8 7 2 4450 5 2 50 103988
8 7 2 4451 5 3 51 103460
8 7 2 4452 5 4 52 113843
8 7 2 4453 5 5 53 117506
8 7 2 4454 5 6 54 113528
8 7 2 4455 5 7 55 112845
8 7 2 4456 5 0 56 102724
8 7 2 4457 5 1 57 102467
8 7 2 4458 5 2 58 104152
8 7 2 4459 5 3 59 103337
8 7 2 4460 5 4 60 111303
8 7 2 4461 5 5 61 103360
8 7 2 4462 5 6 62 112780
8 7 2 4463 5 7 63 107855
8 7 2 4464 5 0 64 102416
8 7 2 4465 5 1 65 101224
8 7 2 4466 5 2 66 106758
8 7 2 4467 5 3 67 103476
8 7 2 4468 5 4 68 108951
8 7 2 4469 5 5 69 104994
8 7 2 4470 5 6 70 121404
8 7 2 4471 5 7 71 128537
8 7 2 4472 5 0 72 98991
8 7 2 4473 5 1 73 103759
8 7 2 4474 5 2 74 102824
8 7 2 4475 5 3 75 102068
8 7 2 4476 5 4 76 112726
8 7 2 4477 5 5 77 100034
8 7 2 4478 5 6 78 108786
8 7 2 4479 5 7 79 128621
8 7 2 4480 5 0 80 102704
8 7 2 4481 5 1 81 103851
8 7 2 4482 5 2 82 101545
8 7 2 4483 5 3 83 104705
8 7 2 4484 5 4 84 106502
8 7 2 4485 5 5 85 111516
8 7 2 4486 5 6 86 116663
8 7 2 4487 5 7 87 106075
8 7 2 4488 5 0 88 102271
8 7 2 4489 5 1 89 104042
8 7 2 4490 5 2 90 104935
8 7 2 4491 5 3 91 109329
8 7 2 4492 5 4 92 105238
8 7 2 4493 5 5 93 121174
8 7 2 4494 5 6 94 105173
8 7 2 4495 5 7 95 119307
8 7 2 4496 5 0 96 100409
8 7 2 4497 5 1 97 103945
8 7 2 4498 5 2 98 102952
8 7 2 4499 5 3 99 109456
8 7 2 4500 5 4 0 113983
8 7 2 4501 5 5 1 118955
8 7 2 4502 5 6 2 119778
8 7 2 4503 5 7 3 123081
8 7 2 4504 5 0 4 102624
8 7 2 4505 5 1 5 100145
8 7 2 4506 5 2 6 106399
8 7 2 4507 5 3 7 101741
8 7 2 4508 5 4 8 92307
8 7 2 4509 5 5 9 108022
8 7 2 4510 5 6 10 118606
8 7 2 4511 5 7 11 121692
8 7 2 4512 5 0 12 101417
8 7 2 4513 5 1 13 104041
8 7 2 4514 5 2 14 96805
8 7 2 4515 5 3 15 109528
8 7 2 4516 5 4 16 113937
8 7 2 4517 5 5 17 107127
8 7 2 4518 5 6 18 103873
8 7 2 4519 5 7 19 95698
8 7 2 4520 5 0 20 102699
8 7 2 4521 5 1 21 104018
8 7 2 4522 5 2 22 106623
8 7 2 4523 5 3 23 105558
8 7 2 4524 5 4 24 99866
8 7 2 4525 5 5 25 116666
8 7 2 4526 5 6 26 108525
8 7 2 4527 5 7 27 112895
8 7 2 4528 5 0 28 102464
8 7 2 4529 5 1 29 101151
8 7 2 4530 5 2 30 106628
8 7 2 4531 5 3 31 98120
8 7 2 4532 5 4 32 106714
8 7 2 4533 5 5 33 105886
8 7 2 4534 5 6 34 107412
8 7 2 4535 5 7 35 93977
8 7 2 4536 5 0 36 102726
8 7 2 4537 5 1 37 100048
8 7 2 4538 5 2 38 106716
8 7 2 4539 5 3 39 104743
8 7 2 4540 5 4 40 102312
8 7 2 4541 5 5 41 121196
8 7 2 4542 5 6 42 120022
8 7 2 4543 5 7 43 126390
8 7 2 4544 5 0 44 102544
8 7 2 4545 5 1 45 102421
8 7 2 4546 5 2 46 106787
8 7 2 4547 5 3 47 105843
8 7 2 4548 5 4 48 103239
8 7 2 4549 5 5 49 119660
8 7 2 4550 5 6 50 100758
8 7 2 4551 5 7 51 104009
8 7 2 4552 5 0 52 102643
8 7 2 4553 5 1 53 103656
8 7 2 4554 5 2 54 106857
8 7 2 4555 5 3 55 104423
8 7 2 4556 5 4 56 113985
8 7 2 4557 5 5 57 115875
8 7 2 4558 5 6 58 103352
8 7 2 4559 5 7 59 103857
8 7 2 4560 5 0 60 102535
8 7 2 4561 5 1 61 100468
8 7 2 4562 5 2 62 105620
8 7 2 4563 5 3 63 95608
8 7 2 4564 5 4 64 112071
8 7 2 4565 5 5 65 107534
8 7 2 4566 5 6 66 121381
8 7 2 4567 5 7 67 119730
8 7 2 4568 5 0 68 101717
8 7 2 4569 5 1 69 103292
8 7 2 4570 5 2 70 106876
8 7 2 4571 5 3 71 109607
8 7 2 4572 5 4 72 94375
8 7 2 4573 5 5 73 116432
8 7 2 4574 5 6 74 113601
8 7 2 4575 5 7 75 113697
8 7 2 4576 5 0 76 102469
8 7 2 4577 5 1 77 100814
8 7 2 4578 5 2 78 100413
8 7 2 4579 5 3 79 109659
8 7 2 4580 5 4 80 113973
8 7 2 4581 5 5 81 117540
8 7 2 4582 5 6 82 112013
8 7 2 4583 5 7 83 118271
8 7 2 4584 5 0 84 101478
8 7 2 4585 5 1 85 102003
8 7 2 4586 5 2 86 103808
8 7 2 4587 5 3 87 97861
8 7 2 4588 5 4 88 112213
8 7 2 4589 5 5 89 111349
8 7 2 4590 5 6 90 119275
8 7 2 4591 5 7 91 122363
8 7 2 4592 5 0 92 100960
8 7 2 4593 5 1 93 104049
8 7 2 4594 5 2 94 100956
8 7 2 4595 5 3 95 108326
8 7 2 4596 5 4 96 103794
8 7 2 4597 5 5 97 114924
8 7 2 4598 5 6 98 114163
8 7 2 4599 5 7 99 117648
8 7 2 4600 5 0 0 102503
8 7 2 4601 5 1 1 103678
8 7 2 4602 5 2 2 106813
8 7 2 4603 5 3 3 109100
8 7 2 4604 5 4 4 113577
8 7 2 4605 5 5 5 104347
8 7 2 4606 5 6 6 113025
8 7 2 4607 5 7 7 107884
8 7 2 4608 5 0 8 98590
8 7 2 4609 5 1 9 102018
8 7 2 4610 5 2 10 106860
8 7 2 4611 5 3 11 108400
8 7 2 4612 5 4 12 105450
8 7 2 4613 5 5 13 121139
8 7 2 4614 5 6 14 97176
8 7 2 4615 5 7 15 118998
8 7 2 4616 5 0 16 102718
8 7 2 4617 5 1 17 102048
8 7 2 4618 5 2 18 99765
8 7 2 4619 5 3 19 100264
8 7 2 4620 5 4 20 113843
8 7 2 4621 5 5 21 118224
8 7 2 4622 5 6 22 115881
8 7 2 4623 5 7 23 120928
8 7 2 4624 5 0 24 100058
8 7 2 4625 5 1 25 102860
8 7 2 4626 5 2 26 106887
8 7 2 4627 5 3 27 102882
8 7 2 4628 5 4 28 111828
8 7 2 4629 5 5 29 114311
8 7 2 4630 5 6 30 111761
8 7 2 4631 5 7 31 114283
8 7 2 4632 5 0 32 101350
8 7 2 4633 5 1 33 101537
8 7 2 4634 5 2 34 101840
8 7 2 4635 5 3 35 92729
8 7 2 4636 5 4 36 113895
8 7 2 4637 5 5 37 103848
8 7 2 4638 5 6 38 122390
8 7 2 4639 5 7 39 123103
8 7 2 4640 5 0 40 99637
8 7 2 4641 5 1 41 104077
8 7 2 4642 5 2 42 105085
8 7 2 4643 5 3 43 109696
8 7 2 4644 5 4 44 113846
8 7 2 4645 5 5 45 112262
8 7 2 4646 5 6 46 113927
8 7 2 4647 5 7 47 122914
8 7 2 4648 5 0 48 101384
8 7 2 4649 5 1 49 103792
8 7 2 4650 5 2 50 103988
8 7 2 4651 5 3 51 103460
8 7 2 4652 5 4 52 113843
8 7 2 4653 5 5 53 117506
8 7 2 4654 5 6 54 113528
8 7 2 4655 5 7 55 112845
8 7 2 4656 5 0 56 102724
8 7 2 4657 5 1 57 102467
8 7 2 4658 5 2 58 104152
8 7 2 4659 5 3 59 103337
8 7 2 4660 5 4 60 111303
8 7 2 4661 5 5 61 103360
8 7 2 4662 5 6 62 112780
8 7 2 4663 5 7 63 107855
8 7 2 4664 5 0 64 102416
8 7 2 4665 5 1 65 101224
8 7 2 4666 5 2 66 106758
8 7 2 4667 5 3 67 103476
8 7 2 4668 5 4 68 108951
8 7 2 4669 5 5 69 104994
8 7 2 4670 5 6 70 121404
8 7 2 4671 5 7 71 128537
8 7 2 4672 5 0 72 98991
8 7 2 4673 5 1 73 103759
8 7 2 4674 5 2 74 102824
8 7 2 4675 5 3 75 102068
8 7 2 4676 5 4 76 112726
8 7 2 4677 5 5 77 100034
8 7 2 4678 5 6 78 108786
8 7 2 4679 5 7 79 128621
8 7 2 4680 5 0 80 102704
8 7 2 4681 5 1 81 103851
8 7 2 4682 5 2 82 101545
8 7 2 4683 5 3 83 104705
8 7 2 4684 5 4 84 106502
8 7 2 4685 5 5 85 111516
8 7 2 4686 5 6 86 116663
8 7 2 4687 5 7 87 106075
8 7 2 4688 5 0 88 102271
8 7 2 4689 5 1 89 104042
8 7 2 4690 5 2 90 104935
8 7 2 4691 5 3 91 109329
8 7 2 4692 5 4 92 105238
8 7 2 4693 5 5 93 121174
8 7 2 4694 5 6 94 105173
8 7 2 4695 5 7 95 119307
8 7 2 4696 5 0 96 100409
8 7 2 4697 5 1 97 103945
8 7 2 4698 5 2 98 102952
8 7 2 4699 5 3 99 109456
8 7 2 4700 5 4 0 113983
8 7 2 4701 5 5 1 118955
8 7 2 4702 5 6 2 119778
8 7 2 4703 5 7 3 123081
8 7 2 4704 5 0 4 102624
8 7 2 4705 5 1 5 100145
8 7 2 4706 5 2 6 106399
8 7 2 4707 5 3 7 101741
8 7 2 4708 5 4 8 92307
8 7 2 4709 5 5 9 108022
8 7 2 4710 5 6 10 118606
8 7 2 4711 5 7 11 121692
8 7 2 4712 5 0 12 101417
8 7 2 4713 5 1 13 104041
8 7 2 4714 5 2 14 96805
8 7 2 4715 5 3 15 109528
8 7 2 4716 5 4 16 113937
8 7 2 4717 5 5 17 107127
8 7 2 4718 5 6 18 103873
8 7 2 4719 5 7 19 95698
8 7 2 4720 5 0 20 102699
8 7 2 4721 5 1 21 104018
8 7 2 4722 5 2 22 106623
8 7 2 4723 5 3 23 105558
8 7 2 4724 5 4 24 99866
8 7 2 4725 5 5 25 116666
8 7 2 4726 5 6 26 108525
8 7 2 4727 5 7 27 112895
8 7 2 4728 5 0 28 102464
8 7 2 4729 5 1 29 101151
8 7 2 4730 5 2 30 106628
8 7 2 4731 5 3 31 98120
8 7 2 4732 5 4 32 106714
8 7 2 4733 5 5 33 105886
8 7 2 4734 5 6 34 107412
8 7 2 4735 5 7 35 93977
8 7 2 4736 5 0 36 102726
8 7 2 4737 5 1 37 100048
8 7 2 4738 5 2 38 106716
8 7 2 4739 5 3 39 104743
8 7 2 4740 5 4 40 102312
8 7 2 4741 5 5 41 121196
8 7 2 4742 5 6 42 120022
8 7 2 4743 5 7 43 126390
8 7 2 4744 5 0 44 102544
8 7 2 4745 5 1 45 102421
8 7 2 4746 5 2 46 106787
8 7 2 4747 5 3 47 105843
8 7 2 4748 5 4 48 103239
8 7 2 4749 5 5 49 119660
8 7 2 4750 5 6 50 100758
8 7 2 4751 5 7 51 104009
8 7 2 4752 5 0 52 102643
8 7 2 4753 5 1 53 103656
8 7 2 4754 5 2 54 106857
8 7 2 4755 5 3 55 104423
8 7 2 4756 5 4 56 113985
8 7 2 4757 5 5 57 115875
8 7 2 4758 5 6 58 103352
8 7 2 4759 5 7 59 103857
8 7 2 4760 5 0 60 102535
8 7 2 4761 5 1 61 100468
8 7 2 4762 5 2 62 105620
8 7 2 4763 5 3 63 95608
8 7 2 4764 5 4 64 112071
8 7 2 4765 5 5 65 107534
8 7 2 4766 5 6 66 121381
8 7 2 4767 5 7 67 119730
8 7 2 4768 5 0 68 101717
8 7 2 4769 5 1 69 103292
8 7 2 4770 5 2 70 106876
8 7 2 4771 5 3 71 109607
8 7 2 4772 5 4 72 94375
8 7 2 4773 5 5 73 116432
8 7 2 4774 5 6 74 113601
8 7 2 4775 5 7 75 113697
8 7 2 4776 5 0 76 102469
8 7 2 4777 5 1 77 100814
8 7 2 4778 5 2 78 100413
8 7 2 4779 5 3 79 109659
8 7 2 4780 5 4 80 113973
8 7 2 4781 5 5 81 117540
8 7 2 4782 5 6 82 112013
8 7 2 4783 5 7 83 118271
8 7 2 4784 5 0 84 101478
8 7 2 4785 5 1 85 102003
8 7 2 4786 5 2 86 103808
8 7 2 4787 5 3 87 97861
8 7 2 4788 5 4 88 112213
8 7 2 4789 5 5 89 111349
8 7 2 4790 5 6 90 119275
8 7 2 4791 5 7 91 122363
8 7 2 4792 5 0 92 100960
8 7 2 4793 5 1 93 104049
8 7 2 4794 5 2 94 100956
8 7 2 4795 5 3 95 108326
8 7 2 4796 5 4 96 103794
8 7 2 4797 5 5 97 114924
8 7 2 4798 5 6 98 114163
8 7 2 4799 5 7 99 117648
8 7 3 4200 5 0 0 103095
8 7 3 4201 5 1 1 102489
8 7 3 4202 5 2 2 110430
8 7 3 4203 5 3 3 114274
8 7 3 4204 5 4 4 120105
8 7 3 4205 5 5 5 113678
8 7 3 4206 5 6 6 125775
8 7 3 4207 5 7 7 117588
8 7 3 4208 5 0 8 97374
8 7 3 4209 5 1 9 101820
8 7 3 4210 5 2 10 110434
8 7 3 4211 5 3 11 113496
8 7 3 4212 5 4 12 112479
8 7 3 4213 5 5 13 126452
8 7 3 4214 5 6 14 101100
8 7 3 4215 5 7 15 127389
8 7 3 4216 5 0 16 104111
8 7 3 4217 5 1 17 100168
8 7 3 4218 5 2 18 100007
8 7 3 4219 5 3 19 99084
8 7 3 4220 5 4 20 110988
8 7 3 4221 5 5 21 130069
8 7 3 4222 5 6 22 123473
8 7 3 4223 5 7 23 127991
8 7 3 4224 5 0 24 100159
8 7 3 4225 5 1 25 104944
8 7 3 4226 5 2 26 107264
8 7 3 4227 5 3 27 107768
8 7 3 4228 5 4 28 119291
8 7 3 4229 5 5 29 122132
8 7 3 4230 5 6 30 124567
8 7 3 4231 5 7 31 128703
8 7 3 4232 5 0 32 102728
8 7 3 4233 5 1 33 103521
8 7 3 4234 5 2 34 105142
8 7 3 4235 5 3 35 97040
8 7 3 4236 5 4 36 110572
8 7 3 4237 5 5 37 114260
8 7 3 4238 5 6 38 133165
8 7 3 4239 5 7 39 138311
8 7 3 4240 5 0 40 100390
8 7 3 4241 5 1 41 106200
8 7 3 4242 5 2 42 106173
8 7 3 4243 5 3 43 114875
8 7 3 4244 5 4 44 114544
8 7 3 4245 5 5 45 117538
8 7 3 4246 5 6 46 121914
8 7 3 4247 5 7 47 130898
8 7 3 4248 5 0 48 102757
8 7 3 4249 5 1 49 105705
8 7 3 4250 5 2 50 100910
8 7 3 4251 5 3 51 108385
8 7 3 4252 5 4 52 117404
8 7 3 4253 5 5 53 127771
8 7 3 4254 5 6 54 126248
8 7 3 4255 5 7 55 115286
8 7 3 4256 5 0 56 104085
8 7 3 4257 5 1 57 103981
8 7 3 4258 5 2 58 107553
8 7 3 4259 5 3 59 107154
8 7 3 4260 5 4 60 112723
8 7 3 4261 5 5 61 99558
8 7 3 4262 5 6 62 123902
8 7 3 4263 5 7 63 122387
8 7 3 4264 5 0 64 103776
8 7 3 4265 5 1 65 103232
8 7 3 4266 5 2 66 110344
8 7 3 4267 5 3 67 108352
8 7 3 4268 5 4 68 115779
8 7 3 4269 5 5 69 107379
8 7 3 4270 5 6 70 131423
8 7 3 4271 5 7 71 138167
8 7 3 4272 5 0 72 100334
8 7 3 4273 5 1 73 104969
8 7 3 4274 5 2 74 101794
8 7 3 4275 5 3 75 106886
8 7 3 4276 5 4 76 119483
8 7 3 4277 5 5 77 109036
8 7 3 4278 5 6 78 121222
8 7 3 4279 5 7 79 139766
8 7 3 4280 5 0 80 104079
8 7 3 4281 5 1 81 104312
8 7 3 4282 5 2 82 102387
8 7 3 4283 5 3 83 109664
8 7 3 4284 5 4 84 113689
8 7 3 4285 5 5 85 112371
8 7 3 4286 5 6 86 124888
8 7 3 4287 5 7 87 112174
8 7 3 4288 5 0 88 103606
8 7 3 4289 5 1 89 106159
8 7 3 4290 5 2 90 107192
8 7 3 4291 5 3 91 114502
8 7 3 4292 5 4 92 111260
8 7 3 4293 5 5 93 109043
8 7 3 4294 5 6 94 113103
8 7 3 4295 5 7 95 122837
8 7 3 4296 5 0 96 101694
8 7 3 4297 5 1 97 103011
8 7 3 4298 5 2 98 102594
8 7 3 4299 5 3 99 114576
8 7 3 4300 5 4 0 117366
8 7 3 4301 5 5 1 112751
8 7 3 4302 5 6 2 131460
8 7 3 4303 5 7 3 128315
8 7 3 4304 5 0 4 103656
8 7 3 4305 5 1 5 102159
8 7 3 4306 5 2 6 109945
8 7 3 4307 5 3 7 103889
8 7 3 4308 5 4 8 88267
8 7 3 4309 5 5 9 107790
8 7 3 4310 5 6 10 125351
8 7 3 4311 5 7 11 134409
8 7 3 4312 5 0 12 102774
8 7 3 4313 5 1 13 103969
8 7 3 4314 5 2 14 100080
8 7 3 4315 5 3 15 114703
8 7 3 4316 5 4 16 121652
8 7 3 4317 5 5 17 108486
8 7 3 4318 5 6 18 111119
8 7 3 4319 5 7 19 90212
8 7 3 4320 5 0 20 102223
8 7 3 4321 5 1 21 106118
8 7 3 4322 5 2 22 110180
8 7 3 4323 5 3 23 103260
8 7 3 4324 5 4 24 100743
8 7 3 4325 5 5 25 126340
8 7 3 4326 5 6 26 114066
8 7 3 4327 5 7 27 128021
8 7 3 4328 5 0 28 103857
8 7 3 4329 5 1 29 102414
8 7 3 4330 5 2 30 110230
8 7 3 4331 5 3 31 102175
8 7 3 4332 5 4 32 113918
8 7 3 4333 5 5 33 116489
8 7 3 4334 5 6 34 116743
8 7 3 4335 5 7 35 106395
8 7 3 4336 5 0 36 102395
8 7 3 4337 5 1 37 102002
8 7 3 4338 5 2 38 108802
8 7 3 4339 5 3 39 109616
8 7 3 4340 5 4 40 104586
8 7 3 4341 5 5 41 131748
8 7 3 4342 5 6 42 124261
8 7 3 4343 5 7 43 139153
8 7 3 4344 5 0 44 102443
8 7 3 4345 5 1 45 104473
8 7 3 4346 5 2 46 110349
8 7 3 4347 5 3 47 110753
8 7 3 4348 5 4 48 110232
8 7 3 4349 5 5 49 128647
8 7 3 4350 5 6 50 98665
8 7 3 4351 5 7 51 117762
8 7 3 4352 5 0 52 104010
8 7 3 4353 5 1 53 105748
8 7 3 4354 5 2 54 110421
8 7 3 4355 5 3 55 108643
8 7 3 4356 5 4 56 121706
8 7 3 4357 5 5 57 126292
8 7 3 4358 5 6 58 114955
8 7 3 4359 5 7 59 102298
8 7 3 4360 5 0 60 102809
8 7 3 4361 5 1 61 100257
8 7 3 4362 5 2 62 107643
8 7 3 4363 5 3 63 100136
8 7 3 4364 5 4 64 119675
8 7 3 4365 5 5 65 110254
8 7 3 4366 5 6 66 132258
8 7 3 4367 5 7 67 135187
8 7 3 4368 5 0 68 102617
8 7 3 4369 5 1 69 102743
8 7 3 4370 5 2 70 108962
8 7 3 4371 5 3 71 114511
8 7 3 4372 5 4 72 100778
8 7 3 4373 5 5 73 125057
8 7 3 4374 5 6 74 109445
8 7 3 4375 5 7 75 127030
8 7 3 4376 5 0 76 103760
8 7 3 4377 5 1 77 102856
8 7 3 4378 5 2 78 103762
8 7 3 4379 5 3 79 109396
8 7 3 4380 5 4 80 121584
8 7 3 4381 5 5 81 124064
8 7 3 4382 5 6 82 113079
8 7 3 4383 5 7 83 134161
8 7 3 4384 5 0 84 102848
8 7 3 4385 5 1 85 99986
8 7 3 4386 5 2 86 106712
8 7 3 4387 5 3 87 102426
8 7 3 4388 5 4 88 119817
8 7 3 4389 5 5 89 122621
8 7 3 4390 5 6 90 126083
8 7 3 4391 5 7 91 138902
8 7 3 4392 5 0 92 102117
8 7 3 4393 5 1 93 101987
8 7 3 4394 5 2 94 101443
8 7 3 4395 5 3 95 113045
8 7 3 4396 5 4 96 110854
8 7 3 4397 5 5 97 115236
8 7 3 4398 5 6 98 116503
8 7 3 4399 5 7 99 130822
8 7 3 4400 5 0 0 103095
8 7 3 4401 5 1 1 102489
8 7 3 4402 5 2 2 110430
8 7 3 4403 5 3 3 114274
8 7 3 4404 5 4 4 120105
8 7 3 4405 5 5 5 113678
8 7 3 4406 5 6 6 125775
8 7 3 4407 5 7 7 117588
8 7 3 4408 5 0 8 97374
8 7 3 4409 5 1 9 101820
8 7 3 4410 5 2 10 110434
8 7 3 4411 5 3 11 113496
8 7 3 4412 5 4 12 112479
8 7 3 4413 5 5 13 126452
8 7 3 4414 5 6 14 101100
8 7 3 4415 5 7 15 127389
8 7 3 4416 5 0 16 104111
8 7 3 4417 5 1 17 100168
8 7 3 4418 5 2 18 100007
8 7 3 4419 5 3 19 99084
8 7 3 4420 5 4 20 110988
8 7 3 4421 5 5 21 130069
8 7 3 4422 5 6 22 123473
8 7 3 4423 5 7 23 127991
8 7 3 4424 5 0 24 100159
8 7 3 4425 5 1 25 104944
8 7 3 4426 5 2 26 107264
8 7 3 4427 5 3 27 107768
8 7 3 4428 5 4 28 119291
8 7 3 4429 5 5 29 122132
8 7 3 4430 5 6 30 124567
8 7 3 4431 5 7 31 128703
8 7 3 4432 5 0 32 102728
8 7 3 4433 5 1 33 103521
8 7 3 4434 5 2 34 105142
8 7 3 4435 5 3 35 97040
8 7 3 4436 5 4 36 110572
8 7 3 4437 5 5 37 114260
8 7 3 4438 5 6 38 133165
8 7 3 4439 5 7 39 138311
8 7 3 4440 5 0 40 100390
8 7 3 4441 5 1 41 106200
8 7 3 4442 5 2 42 106173
8 7 3 4443 5 3 43 114875
8 7 3 4444 5 4 44 114544
8 7 3 4445 5 5 45 117538
8 7 3 4446 5 6 46 121914
8 7 3 4447 5 7 47 130898
8 7 3 4448 5 0 48 102757
8 7 3 4449 5 1 49 105705
8 7 3 4450 5 2 50 100910
8 7 3 4451 5 3 51 108385
8 7 3 4452 5 4 52 117404
8 7 3 4453 5 5 53 127771
8 7 3 4454 5 6 54 126248
8 7 3 4455 5 7 55 115286
8 7 3 4456 5 0 56 104085
8 7 3 4457 5 1 57 103981
8 7 3 4458 5 2 58 107553
8 7 3 4459 5 3 59 107154
8 7 3 4460 5 4 60 112723
8 7 3 4461 5 5 61 99558
8 7 3 4462 5 6 62 123902
8 7 3 4463 5 7 63 122387
8 7 3 4464 5 0 64 103776
8 7 3 4465 5 1 65 103232
8 7 3 4466 5 2 66 110344
8 7 3 4467 5 3 67 108352
8 7 3 4468 5 4 68 115779
8 7 3 4469 5 5 69 107379
8 7 3 4470 5 6 70 131423
8 7 3 4471 5 7 71 138167
8 7 3 4472 5 0 72 100334
8 7 3 4473 5 1 73 104969
8 7 3 4474 5 2 74 101794
8 7 3 4475 5 3 75 106886
8 7 3 4476 5 4 76 119483
8 7 3 4477 5 5 77 109036
8 7 3 4478 5 6 78 121222
8 7 3 4479 5 7 79 139766
8 7 3 4480 5 0 80 104079
8 7 3 4481 5 1 81 104312
8 7 3 4482 5 2 82 102387
8 7 3 4483 5 3 83 109664
8 7 3 4484 5 4 84 113689
8 7 3 4485 5 5 85 112371
8 7 3 4486 5 6 86 124888
8 7 3 4487 5 7 87 112174
8 7 3 4488 5 0 88 103606
8 7 3 4489 5 1 89 106159
8 7 3 4490 5 2 90 107192
8 7 3 4491 5 3 91 114502
8 7 3 4492 5 4 92 111260
8 7 3 4493 5 5 93 109043
8 7 3 4494 5 6 94 113103
8 7 3 4495 5 7 95 122837
8 7 3 4496 5 0 96 101694
8 7 3 4497 5 1 97 103011
8 7 3 4498 5 2 98 102594
8 7 3 4499 5 3 99 114576
8 7 3 4500 5 4 0 117366
8 7 3 4501 5 5 1 112751
8 7 3 4502 5 6 2 131460
8 7 3 4503 5 7 3 128315
8 7 3 4504 5 0 4 103656
8 7 3 4505 5 1 5 102159
8 7 3 4506 5 2 6 109945
8 7 3 4507 5 3 7 103889
8 7 3 4508 5 4 8 88267
8 7 3 4509 5 5 9 107790
8 7 3 4510 5 6 10 125351
8 7 3 4511 5 7 11 134409
8 7 3 4512 5 0 12 102774
8 7 3 4513 5 1 13 103969
8 7 3 4514 5 2 14 100080
8 7 3 4515 5 3 15 114703
8 7 3 4516 5 4 16 121652
8 7 3 4517 5 5 17 108486
8 7 3 4518 5 6 18 111119
8 7 3 4519 5 7 19 90212
8 7 3 4520 5 0 20 102223
8 7 3 4521 5 1 21 106118
8 7 3 4522 5 2 22 110180
8 7 3 4523 5 3 23 103260
8 7 3 4524 5 4 24 100743
8 7 3 4525 5 5 25 126340
8 7 3 4526 5 6 26 114066
8 7 3 4527 5 7 27 128021
8 7 3 4528 5 0 28 103857
8 7 3 4529 5 1 29 102414
8 7 3 4530 5 2 30 110230
8 7 3 4531 5 3 31 102175
8 7 3 4532 5 4 32 113918
8 7 3 4533 5 5 33 116489
8 7 3 4534 5 6 34 116743
8 7 3 4535 5 7 35 106395
8 7 3 4536 5 0 36 102395
8 7 3 4537 5 1 37 102002
8 7 3 4538 5 2 38 108802
8 7 3 4539 5 3 39 109616
8 7 3 4540 5 4 40 104586
8 7 3 4541 5 5 41 131748
8 7 3 4542 5 6 42 124261
8 7 3 4543 5 7 43 139153
8 7 3 4544 5 0 44 102443
8 7 3 4545 5 1 45 104473
8 7 3 4546 5 2 46 110349
8 7 3 4547 5 3 47 110753
8 7 3 4548 5 4 48 110232
8 7 3 4549 5 5 49 128647
8 7 3 4550 5 6 50 98665
8 7 3 4551 5 7 51 117762
8 7 3 4552 5 0 52 104010
8 7 3 4553 5 1 53 105748
8 7 3 4554 5 2 54 110421
8 7 3 4555 5 3 55 108643
8 7 3 4556 5 4 56 121706
8 7 3 4557 5 5 57 126292
8 7 3 4558 5 6 58 114955
8 7 3 4559 5 7 59 102298
8 7 3 4560 5 0 60 102809
8 7 3 4561 5 1 61 100257
8 7 3 4562 5 2 62 107643
8 7 3 4563 5 3 63 100136
8 7 3 4564 5 4 64 119675
8 7 3 4565 5 5 65 110254
8 7 3 4566 5 6 66 132258
8 7 3 4567 5 7 67 135187
8 7 3 4568 5 0 68 102617
8 7 3 4569 5 1 69 102743
8 7 3 4570 5 2 70 108962
8 7 3 4571 5 3 71 114511
8 7 3 4572 5 4 72 100778
8 7 3 4573 5 5 73 125057
8 7 3 4574 5 6 74 109445
8 7 3 4575 5 7 75 127030
8 7 3 4576 5 0 76 103760
8 7 3 4577 5 1 77 102856
8 7 3 4578 5 2 78 103762
8 7 3 4579 5 3 79 109396
8 7 3 4580 5 4 80 121584
8 7 3 4581 5 5 81 124064
8 7 3 4582 5 6 82 113079
8 7 3 4583 5 7 83 134161
8 7 3 4584 5 0 84 102848
8 7 3 4585 5 1 85 99986
8 7 3 4586 5 2 86 106712
8 7 3 4587 5 3 87 102426
8 7 3 4588 5 4 88 119817
8 7 3 4589 5 5 89 122621
8 7 3 4590 5 6 90 126083
8 7 3 4591 5 7 91 138902
8 7 3 4592 5 0 92 102117
8 7 3 4593 5 1 93 101987
8 7 3 4594 5 2 94 101443
8 7 3 4595 5 3 95 113045
8 7 3 4596 5 4 96 110854
8 7 3 4597 5 5 97 115236
8 7 3 4598 5 6 98 116503
8 7 3 4599 5 7 99 130822
8 7 3 4600 5 0 0 103095
8 7 3 4601 5 1 1 102489
8 7 3 4602 5 2 2 110430
8 7 3 4603 5 3 3 114274
8 7 3 4604 5 4 4 120105
8 7 3 4605 5 5 5 113678
8 7 3 4606 5 6 6 125775
8 7 3 4607 5 7 7 117588
8 7 3 4608 5 0 8 97374
8 7 3 4609 5 1 9 101820
8 7 3 4610 5 2 10 110434
8 7 3 4611 5 3 11 113496
8 7 3 4612 5 4 12 112479
8 7 3 4613 5 5 13 126452
8 7 3 4614 5 6 14 101100
8 7 3 4615 5 7 15 127389
8 7 3 4616 5 0 16 104111
8 7 3 4617 5 1 17 100168
8 7 3 4618 5 2 18 100007
8 7 3 4619 5 3 19 99084
8 7 3 4620 5 4 20 110988
8 7 3 4621 5 5 21 130069
8 7 3 4622 5 6 22 123473
8 7 3 4623 5 7 23 127991
8 7 3 4624 5 0 24 100159
8 7 3 4625 5 1 25 104944
8 7 3 4626 5 2 26 107264
8 7 3 4627 5 3 27 107768
8 7 3 4628 5 4 28 119291
8 7 3 4629 5 5 29 122132
8 7 3 4630 5 6 30 124567
8 7 3 4631 5 7 31 128703
8 7 3 4632 5 0 32 102728
8 7 3 4633 5 1 33 103521
8 7 3 4634 5 2 34 105142
8 7 3 4635 5 3 35 97040
8 7 3 4636 5 4 36 110572
8 7 3 4637 5 5 37 114260
8 7 3 4638 5 6 38 133165
8 7 3 4639 5 7 39 138311
8 7 3 4640 5 0 40 100390
8 7 3 4641 5 1 41 106200
8 7 3 4642 5 2 42 106173
8 7 3 4643 5 3 43 114875
8 7 3 4644 5 4 44 114544
8 7 3 4645 5 5 45 117538
8 7 3 4646 5 6 46 121914
8 7 3 4647 5 7 47 130898
8 7 3 4648 5 0 48 102757
8 7 3 4649 5 1 49 105705
8 7 3 4650 5 2 50 100910
8 7 3 4651 5 3 51 108385
8 7 3 4652 5 4 52 117404
8 7 3 4653 5 5 53 127771
8 7 3 4654 5 6 54 126248
8 7 3 4655 5 7 55 115286
8 7 3 4656 5 0 56 104085
8 7 3 4657 5 1 57 103981
8 7 3 4658 5 2 58 107553
8 7 3 4659 5 3 59 107154
8 7 3 4660 5 4 60 112723
8 7 3 4661 5 5 61 99558
8 7 3 4662 5 6 62 123902
8 7 3 4663 5 7 63 122387
8 7 3 4664 5 0 64 103776
8 7 3 4665 5 1 65 103232
8 7 3 4666 5 2 66 110344
8 7 3 4667 5 3 67 108352
8 7 3 4668 5 4 68 115779
8 7 3 4669 5 5 69 107379
8 7 3 4670 5 6 70 131423
8 7 3 4671 5 7 71 138167
8 7 3 4672 5 0 72 100334
8 7 3 4673 5 1 73 104969
8 7 3 4674 5 2 74 101794
8 7 3 4675 5 3 75 106886
8 7 3 4676 5 4 76 119483
8 7 3 4677 5 5 77 109036
8 7 3 4678 5 6 78 121222
8 7 3 4679 5 7 79 139766
8 7 3 4680 5 0 80 104079
8 7 3 4681 5 1 81 104312
8 7 3 4682 5 2 82 102387
8 7 3 4683 5 3 83 109664
8 7 3 4684 5 4 84 113689
8 7 3 4685 5 5 85 112371
8 7 3 4686 5 6 86 124888
8 7 3 4687 5 7 87 112174
8 7 3 4688 5 0 88 103606
8 7 3 4689 5 1 89 106159
8 7 3 4690 5 2 90 107192
8 7 3 4691 5 3 91 114502
8 7 3 4692 5 4 92 111260
8 7 3 4693 5 5 93 109043
8 7 3 4694 5 6 94 113103
8 7 3 4695 5 7 95 122837
8 7 3 4696 5 0 96 101694
8 7 3 4697 5 1 97 103011
8 7 3 4698 5 2 98 102594
8 7 3 4699 5 3 99 114576
8 7 3 4700 5 4 0 117366
8 7 3 4701 5 5 1 112751
8 7 3 4702 5 6 2 131460
8 7 3 4703 5 7 3 128315
8 7 3 4704 5 0 4 103656
8 7 3 4705 5 1 5 102159
8 7 3 4706 5 2 6 109945
8 7 3 4707 5 3 7 103889
8 7 3 4708 5 4 8 88267
8 7 3 4709 5 5 9 107790
8 7 3 4710 5 6 10 125351
8 7 3 4711 5 7 11 134409
8 7 3 4712 5 0 12 102774
8 7 3 4713 5 1 13 103969
8 7 3 4714 5 2 14 100080
8 7 3 4715 5 3 15 114703
8 7 3 4716 5 4 16 121652
8 7 3 4717 5 5 17 108486
8 7 3 4718 5 6 18 111119
8 7 3 4719 5 7 19 90212
8 7 3 4720 5 0 20 102223
8 7 3 4721 5 1 21 106118
8 7 3 4722 5 2 22 110180
8 7 3 4723 5 3 23 103260
8 7 3 4724 5 4 24 100743
8 7 3 4725 5 5 25 126340
8 7 3 4726 5 6 26 114066
8 7 3 4727 5 7 27 128021
8 7 3 4728 5 0 28 103857
8 7 3 4729 5 1 29 102414
8 7 3 4730 5 2 30 110230
8 7 3 4731 5 3 31 102175
8 7 3 4732 5 4 32 113918
8 7 3 4733 5 5 33 116489
8 7 3 4734 5 6 34 116743
8 7 3 4735 5 7 35 106395
8 7 3 4736 5 0 36 102395
8 7 3 4737 5 1 37 102002
8 7 3 4738 5 2 38 108802
8 7 3 4739 5 3 39 109616
8 7 3 4740 5 4 40 104586
8 7 3 4741 5 5 41 131748
8 7 3 4742 5 6 42 124261
8 7 3 4743 5 7 43 139153
8 7 3 4744 5 0 44 102443
8 7 3 4745 5 1 45 104473
8 7 3 4746 5 2 46 110349
8 7 3 4747 5 3 47 110753
8 7 3 4748 5 4 48 110232
8 7 3 4749 5 5 49 128647
8 7 3 4750 5 6 50 98665
8 7 3 4751 5 7 51 117762
8 7 3 4752 5 0 52 104010
8 7 3 4753 5 1 53 105748
8 7 3 4754 5 2 54 110421
8 7 3 4755 5 3 55 108643
8 7 3 4756 5 4 56 121706
8 7 3 4757 5 5 57 126292
8 7 3 4758 5 6 58 114955
8 7 3 4759 5 7 59 102298
8 7 3 4760 5 0 60 102809
8 7 3 4761 5 1 61 100257
8 7 3 4762 5 2 62 107643
8 7 3 4763 5 3 63 100136
8 7 3 4764 5 4 64 119675
8 7 3 4765 5 5 65 110254
8 7 3 4766 5 6 66 132258
8 7 3 4767 5 7 67 135187
8 7 3 4768 5 0 68 102617
8 7 3 4769 5 1 69 102743
8 7 3 4770 5 2 70 108962
8 7 3 4771 5 3 71 114511
8 7 3 4772 5 4 72 100778
8 7 3 4773 5 5 73 125057
8 7 3 4774 5 6 74 109445
8 7 3 4775 5 7 75 127030
8 7 3 4776 5 0 76 103760
8 7 3 4777 5 1 77 102856
8 7 3 4778 5 2 78 103762
8 7 3 4779 5 3 79 109396
8 7 3 4780 5 4 80 121584
8 7 3 4781 5 5 81 124064
8 7 3 4782 5 6 82 113079
8 7 3 4783 5 7 83 134161
8 7 3 4784 5 0 84 102848
8 7 3 4785 5 1 85 99986
8 7 3 4786 5 2 86 106712
8 7 3 4787 5 3 87 102426
8 7 3 4788 5 4 88 119817
8 7 3 4789 5 5 89 122621
8 7 3 4790 5 6 90 126083
8 7 3 4791 5 7 91 138902
8 7 3 4792 5 0 92 102117
8 7 3 4793 5 1 93 101987
8 7 3 4794 5 2 94 101443
8 7 3 4795 5 3 95 113045
8 7 3 4796 5 4 96 110854
8 7 3 4797 5 5 97 115236
8 7 3 4798 5 6 98 116503
8 7 3 4799 5 7 99 130822
8 7 4 4200 5 0 0 103306
8 7 4 4201 5 1 1 104538
8 7 4 4202 5 2 2 114097
8 7 4 4203 5 3 3 119684
8 7 4 4204 5 4 4 122461
8 7 4 4205 5 5 5 110585
8 7 4 4206 5 6 6 125559
8 7 4 4207 5 7 7 125396
8 7 4 4208 5 0 8 98449
8 7 4 4209 5 1 9 103669
8 7 4 4210 5 2 10 112282
8 7 4 4211 5 3 11 115326
8 7 4 4212 5 4 12 116495
8 7 4 4213 5 5 13 134458
8 7 4 4214 5 6 14 109334
8 7 4 4215 5 7 15 138940
8 7 4 4216 5 0 16 105516
8 7 4 4217 5 1 17 101272
8 7 4 4218 5 2 18 103377
8 7 4 4219 5 3 19 103742
8 7 4 4220 5 4 20 112629
8 7 4 4221 5 5 21 123125
8 7 4 4222 5 6 22 135711
8 7 4 4223 5 7 23 139836
8 7 4 4224 5 0 24 100363
8 7 4 4225 5 1 25 107054
8 7 4 4226 5 2 26 110795
8 7 4 4227 5 3 27 107449
8 7 4 4228 5 4 28 122525
8 7 4 4229 5 5 29 130338
8 7 4 4230 5 6 30 138286
8 7 4 4231 5 7 31 136867
8 7 4 4232 5 0 32 101845
8 7 4 4233 5 1 33 104665
8 7 4 4234 5 2 34 108709
8 7 4 4235 5 3 35 101468
8 7 4 4236 5 4 36 118044
8 7 4 4237 5 5 37 125862
8 7 4 4238 5 6 38 136635
8 7 4 4239 5 7 39 138658
8 7 4 4240 5 0 40 101640
8 7 4 4241 5 1 41 107611
8 7 4 4242 5 2 42 109790
8 7 4 4243 5 3 43 111324
8 7 4 4244 5 4 44 118282
8 7 4 4245 5 5 45 117086
8 7 4 4246 5 6 46 134820
8 7 4 4247 5 7 47 148688
8 7 4 4248 5 0 48 104128
8 7 4 4249 5 1 49 107711
8 7 4 4250 5 2 50 99869
8 7 4 4251 5 3 51 113414
8 7 4 4252 5 4 52 125219
8 7 4 4253 5 5 53 136273
8 7 4 4254 5 6 54 140758
8 7 4 4255 5 7 55 121943
8 7 4 4256 5 0 56 105496
8 7 4 4257 5 1 57 105833
8 7 4 4258 5 2 58 106686
8 7 4 4259 5 3 59 112186
8 7 4 4260 5 4 60 106086
8 7 4 4261 5 5 61 101800
8 7 4 4262 5 6 62 138026
8 7 4 4263 5 7 63 123499
8 7 4 4264 5 0 64 104537
8 7 4 4265 5 1 65 105282
8 7 4 4266 5 2 66 110887
8 7 4 4267 5 3 67 113183
8 7 4 4268 5 4 68 109447
8 7 4 4269 5 5 69 118260
8 7 4 4270 5 6 70 131389
8 7 4 4271 5 7 71 123750
8 7 4 4272 5 0 72 101652
8 7 4 4273 5 1 73 104294
8 7 4 4274 5 2 74 98379
8 7 4 4275 5 3 75 111865
8 7 4 4276 5 4 76 127581
8 7 4 4277 5 5 77 117069
8 7 4 4278 5 6 78 119309
8 7 4 4279 5 7 79 147780
8 7 4 4280 5 0 80 105481
8 7 4 4281 5 1 81 104866
8 7 4 4282 5 2 82 105863
8 7 4 4283 5 3 83 114823
8 7 4 4284 5 4 84 117985
8 7 4 4285 5 5 85 115248
8 7 4 4286 5 6 86 123115
8 7 4 4287 5 7 87 127376
8 7 4 4288 5 0 88 104066
8 7 4 4289 5 1 89 108304
8 7 4 4290 5 2 90 110768
8 7 4 4291 5 3 91 113922
8 7 4 4292 5 4 92 103647
8 7 4 4293 5 5 93 109400
8 7 4 4294 5 6 94 117147
8 7 4 4295 5 7 95 129661
8 7 4 4296 5 0 96 100331
8 7 4 4297 5 1 97 105042
8 7 4 4298 5 2 98 104583
8 7 4 4299 5 3 99 119979
8 7 4 4300 5 4 0 118469
8 7 4 4301 5 5 1 122822
8 7 4 4302 5 6 2 135181
8 7 4 4303 5 7 3 140956
8 7 4 4304 5 0 4 103833
8 7 4 4305 5 1 5 101148
8 7 4 4306 5 2 6 107793
8 7 4 4307 5 3 7 108768
8 7 4 4308 5 4 8 93383
8 7 4 4309 5 5 9 117106
8 7 4 4310 5 6 10 130051
8 7 4 4311 5 7 11 145197
8 7 4 4312 5 0 12 103562
8 7 4 4313 5 1 13 105851
8 7 4 4314 5 2 14 103379
8 7 4 4315 5 3 15 118194
8 7 4 4316 5 4 16 129860
8 7 4 4317 5 5 17 117740
8 7 4 4318 5 6 18 123290
8 7 4 4319 5 7 19 102075
8 7 4 4320 5 0 20 101954
8 7 4 4321 5 1 21 106869
8 7 4 4322 5 2 22 113553
8 7 4 4323 5 3 23 103211
8 7 4 4324 5 4 24 102375
8 7 4 4325 5 5 25 139083
8 7 4 4326 5 6 26 117780
8 7 4 4327 5 7 27 132072
8 7 4 4328 5 0 28 104411
8 7 4 4329 5 1 29 104128
8 7 4 4330 5 2 30 113917
8 7 4 4331 5 3 31 98699
8 7 4 4332 5 4 32 108946
8 7 4 4333 5 5 33 121558
8 7 4 4334 5 6 34 130165
8 7 4 4335 5 7 35 119025
8 7 4 4336 5 0 36 103780
8 7 4 4337 5 1 37 104074
8 7 4 4338 5 2 38 112072
8 7 4 4339 5 3 39 114716
8 7 4 4340 5 4 40 111573
8 7 4 4341 5 5 41 142671
8 7 4 4342 5 6 42 138525
8 7 4 4343 5 7 43 144610
8 7 4 4344 5 0 44 103239
8 7 4 4345 5 1 45 103342
8 7 4 4346 5 2 46 114092
8 7 4 4347 5 3 47 116058
8 7 4 4348 5 4 48 117612
8 7 4 4349 5 5 49 133644
8 7 4 4350 5 6 50 103691
8 7 4 4351 5 7 51 133429
8 7 4 4352 5 0 52 105402
8 7 4 4353 5 1 53 107506
8 7 4 4354 5 2 54 114144
8 7 4 4355 5 3 55 113803
8 7 4 4356 5 4 56 129964
8 7 4 4357 5 5 57 127342
8 7 4 4358 5 6 58 121653
8 7 4 4359 5 7 59 109002
8 7 4 4360 5 0 60 101674
8 7 4 4361 5 1 61 102032
8 7 4 4362 5 2 62 111288
8 7 4 4363 5 3 63 101239
8 7 4 4364 5 4 64 123951
8 7 4 4365 5 5 65 121320
8 7 4 4366 5 6 66 135333
8 7 4 4367 5 7 67 148497
8 7 4 4368 5 0 68 101453
8 7 4 4369 5 1 69 104810
8 7 4 4370 5 2 70 108492
8 7 4 4371 5 3 71 109935
8 7 4 4372 5 4 72 107325
8 7 4 4373 5 5 73 121072
8 7 4 4374 5 6 74 101296
8 7 4 4375 5 7 75 143602
8 7 4 4376 5 0 76 105171
8 7 4 4377 5 1 77 104910
8 7 4 4378 5 2 78 105947
8 7 4 4379 5 3 79 107887
8 7 4 4380 5 4 80 129643
8 7 4 4381 5 5 81 122222
8 7 4 4382 5 6 82 124170
8 7 4 4383 5 7 83 146558
8 7 4 4384 5 0 84 103303
8 7 4 4385 5 1 85 98804
8 7 4 4386 5 2 86 103419
8 7 4 4387 5 3 87 107296
8 7 4 4388 5 4 88 121520
8 7 4 4389 5 5 89 134614
8 7 4 4390 5 6 90 133572
8 7 4 4391 5 7 91 136981
8 7 4 4392 5 0 92 100686
8 7 4 4393 5 1 93 102259
8 7 4 4394 5 2 94 104812
8 7 4 4395 5 3 95 118283
8 7 4 4396 5 4 96 104434
8 7 4 4397 5 5 97 124613
8 7 4 4398 5 6 98 122858
8 7 4 4399 5 7 99 148407
8 7 4 4400 5 0 0 103306
8 7 4 4401 5 1 1 104538
8 7 4 4402 5 2 2 114097
8 7 4 4403 5 3 3 119684
8 7 4 4404 5 4 4 122461
8 7 4 4405 5 5 5 110585
8 7 4 4406 5 6 6 125559
8 7 4 4407 5 7 7 125396
8 7 4 4408 5 0 8 98449
8 7 4 4409 5 1 9 103669
8 7 4 4410 5 2 10 112282
8 7 4 4411 5 3 11 115326
8 7 4 4412 5 4 12 116495
8 7 4 4413 5 5 13 134458
8 7 4 4414 5 6 14 109334
8 7 4 4415 5 7 15 138940
8 7 4 4416 5 0 16 105516
8 7 4 4417 5 1 17 101272
8 7 4 4418 5 2 18 103377
8 7 4 4419 5 3 19 103742
8 7 4 4420 5 4 20 112629
8 7 4 4421 5 5 21 123125
8 7 4 4422 5 6 22 135711
8 7 4 4423 5 7 23 139836
8 7 4 4424 5 0 24 100363
8 7 4 4425 5 1 25 107054
8 7 4 4426 5 2 26 110795
8 7 4 4427 5 3 27 107449
8 7 4 4428 5 4 28 122525
8 7 4 4429 5 5 29 130338
8 7 4 4430 5 6 30 138286
8 7 4 4431 5 7 31 136867
8 7 4 4432 5 0 32 101845
8 7 4 4433 5 1 33 104665
8 7 4 4434 5 2 34 108709
8 7 4 4435 5 3 35 101468
8 7 4 4436 5 4 36 118044
8 7 4 4437 5 5 37 125862
8 7 4 4438 5 6 38 136635
8 7 4 4439 5 7 39 138658
8 7 4 4440 5 0 40 101640
8 7 4 4441 5 1 41 107611
8 7 4 4442 5 2 42 109790
8 7 4 4443 5 3 43 111324
8 7 4 4444 5 4 44 118282
8 7 4 4445 5 5 45 117086
8 7 4 4446 5 6 46 134820
8 7 4 4447 5 7 47 148688
8 7 4 4448 5 0 48 104128
8 7 4 4449 5 1 49 107711
8 7 4 4450 5 2 50 99869
8 7 4 4451 5 3 51 113414
8 7 4 4452 5 4 52 125219
8 7 4 4453 5 5 53 136273
8 7 4 4454 5 6 54 140758
8 7 4 4455 5 7 55 121943
8 7 4 4456 5 0 56 105496
8 7 4 4457 5 1 57 105833
8 7 4 4458 5 2 58 106686
8 7 4 4459 5 3 59 112186
8 7 4 4460 5 4 60 106086
8 7 4 4461 5 5 61 101800
8 7 4 4462 5 6 62 138026
8 7 4 4463 5 7 63 123499
8 7 4 4464 5 0 64 104537
8 7 4 4465 5 1 65 105282
8 7 4 4466 5 2 66 110887
8 7 4 4467 5 3 67 113183
8 7 4 4468 5 4 68 109447
8 7 4 4469 5 5 69 118260
8 7 4 4470 5 6 70 131389
8 7 4 4471 5 7 71 123750
8 7 4 4472 5 0 72 101652
8 7 4 4473 5 1 73 104294
8 7 4 4474 5 2 74 98379
8 7 4 4475 5 3 75 111865
8 7 4 4476 5 4 76 127581
8 7 4 4477 5 5 77 117069
8 7 4 4478 5 6 78 119309
8 7 4 4479 5 7 79 147780
8 7 4 4480 5 0 80 105481
8 7 4 4481 5 1 81 104866
8 7 4 4482 5 2 82 105863
8 7 4 4483 5 3 83 114823
8 7 4 4484 5 4 84 117985
8 7 4 4485 5 5 85 115248
8 7 4 4486 5 6 86 123115
8 7 4 4487 5 7 87 127376
8 7 4 4488 5 0 88 104066
8 7 4 4489 5 1 89 108304
8 7 4 4490 5 2 90 110768
8 7 4 4491 5 3 91 113922
8 7 4 4492 5 4 92 103647
8 7 4 4493 5 5 93 109400
8 7 4 4494 5 6 94 117147
8 7 4 4495 5 7 95 129661
8 7 4 4496 5 0 96 100331
8 7 4 4497 5 1 97 105042
8 7 4 4498 5 2 98 104583
8 7 4 4499 5 3 99 119979
8 7 4 4500 5 4 0 118469
8 7 4 4501 5 5 1 122822
8 7 4 4502 5 6 2 135181
8 7 4 4503 5 7 3 140956
8 7 4 4504 5 0 4 103833
8 7 4 4505 5 1 5 101148
8 7 4 4506 5 2 6 107793
8 7 4 4507 5 3 7 108768
8 7 4 4508 5 4 8 93383
8 7 4 4509 5 5 9 117106
8 7 4 4510 5 6 10 130051
8 7 4 4511 5 7 11 145197
8 7 4 4512 5 0 12 103562
8 7 4 4513 5 1 13 105851
8 7 4 4514 5 2 14 103379
8 7 4 4515 5 3 15 118194
8 7 4 4516 5 4 16 129860
8 7 4 4517 5 5 17 117740
8 7 4 4518 5 6 18 123290
8 7 4 4519 5 7 19 102075
8 7 4 4520 5 0 20 101954
8 7 4 4521 5 1 21 106869
8 7 4 4522 5 2 22 113553
8 7 4 4523 5 3 23 103211
8 7 4 4524 5 4 24 102375
8 7 4 4525 5 5 25 139083
8 7 4 4526 5 6 26 117780
8 7 4 4527 5 7 27 132072
8 7 4 4528 5 0 28 104411
8 7 4 4529 5 1 29 104128
8 7 4 4530 5 2 30 113917
8 7 4 4531 5 3 31 98699
8 7 4 4532 5 4 32 108946
8 7 4 4533 5 5 33 121558
8 7 4 4534 5 6 34 130165
8 7 4 4535 5 7 35 119025
8 7 4 4536 5 0 36 103780
8 7 4 4537 5 1 37 104074
8 7 4 4538 5 2 38 112072
8 7 4 4539 5 3 39 114716
8 7 4 4540 5 4 40 111573
8 7 4 4541 5 5 41 142671
8 7 4 4542 5 6 42 138525
8 7 4 4543 5 7 43 144610
8 7 4 4544 5 0 44 103239
8 7 4 4545 5 1 45 103342
8 7 4 4546 5 2 46 114092
8 7 4 4547 5 3 47 116058
8 7 4 4548 5 4 48 117612
8 7 4 4549 5 5 49 133644
8 7 4 4550 5 6 50 103691
8 7 4 4551 5 7 51 133429
8 7 4 4552 5 0 52 105402
8 7 4 4553 5 1 53 107506
8 7 4 4554 5 2 54 114144
8 7 4 4555 5 3 55 113803
8 7 4 4556 5 4 56 129964
8 7 4 4557 5 5 57 127342
8 7 4 4558 5 6 58 121653
8 7 4 4559 5 7 59 109002
8 7 4 4560 5 0 60 101674
8 7 4 4561 5 1 61 102032
8 7 4 4562 5 2 62 111288
8 7 4 4563 5 3 63 101239
8 7 4 4564 5 4 64 123951
8 7 4 4565 5 5 65 121320
8 7 4 4566 5 6 66 135333
8 7 4 4567 5 7 67 148497
8 7 4 4568 5 0 68 101453
8 7 4 4569 5 1 69 104810
8 7 4 4570 5 2 70 108492
8 7 4 4571 5 3 71 109935
8 7 4 4572 5 4 72 107325
8 7 4 4573 5 5 73 121072
8 7 4 4574 5 6 74 101296
8 7 4 4575 5 7 75 143602
8 7 4 4576 5 0 76 105171
8 7 4 4577 5 1 77 104910
8 7 4 4578 5 2 78 105947
8 7 4 4579 5 3 79 107887
8 7 4 4580 5 4 80 129643
8 7 4 4581 5 5 81 122222
8 7 4 4582 5 6 82 124170
8 7 4 4583 5 7 83 146558
8 7 4 4584 5 0 84 103303
8 7 4 4585 5 1 85 98804
8 7 4 4586 5 2 86 103419
8 7 4 4587 5 3 87 107296
8 7 4 4588 5 4 88 121520
8 7 4 4589 5 5 89 134614
8 7 4 4590 5 6 90 133572
8 7 4 4591 5 7 91 136981
8 7 4 4592 5 0 92 100686
8 7 4 4593 5 1 93 102259
8 7 4 4594 5 2 94 104812
8 7 4 4595 5 3 95 118283
8 7 4 4596 5 4 96 104434
8 7 4 4597 5 5 97 124613
8 7 4 4598 5 6 98 122858
8 7 4 4599 5 7 99 148407
8 7 4 4600 5 0 0 103306
8 7 4 4601 5 1 1 104538
8 7 4 4602 5 2 2 114097
8 7 4 4603 5 3 3 119684
8 7 4 4604 5 4 4 122461
8 7 4 4605 5 5 5 110585
8 7 4 4606 5 6 6 125559
8 7 4 4607 5 7 7 125396
8 7 4 4608 5 0 8 98449
8 7 4 4609 5 1 9 103669
8 7 4 4610 5 2 10 112282
8 7 4 4611 5 3 11 115326
8 7 4 4612 5 4 12 116495
8 7 4 4613 5 5 13 134458
8 7 4 4614 5 6 14 109334
8 7 4 4615 5 7 15 138940
8 7 4 4616 5 0 16 105516
8 7 4 4617 5 1 17 101272
8 7 4 4618 5 2 18 103377
8 7 4 4619 5 3 19 103742
8 7 4 4620 5 4 20 112629
8 7 4 4621 5 5 21 123125
8 7 4 4622 5 6 22 135711
8 7 4 4623 5 7 23 139836
8 7 4 4624 5 0 24 100363
8 7 4 4625 5 1 25 107054
8 7 4 4626 5 2 26 110795
8 7 4 4627 5 3 27 107449
8 7 4 4628 5 4 28 122525
8 7 4 4629 5 5 29 130338
8 7 4 4630 5 6 30 138286
8 7 4 4631 5 7 31 136867
8 7 4 4632 5 0 32 101845
8 7 4 4633 5 1 33 104665
8 7 4 4634 5 2 34 108709
8 7 4 4635 5 3 35 101468
8 7 4 4636 5 4 36 118044
8 7 4 4637 5 5 37 125862
8 7 4 4638 5 6 38 136635
8 7 4 4639 5 7 39 138658
8 7 4 4640 5 0 40 101640
8 7 4 4641 5 1 41 107611
8 7 4 4642 5 2 42 109790
8 7 4 4643 5 3 43 111324
8 7 4 4644 5 4 44 118282
8 7 4 4645 5 5 45 117086
8 7 4 4646 5 6 46 134820
8 7 4 4647 5 7 47 148688
8 7 4 4648 5 0 48 104128
8 7 4 4649 5 1 49 107711
8 7 4 4650 5 2 50 99869
8 7 4 4651 5 3 51 113414
8 7 4 4652 5 4 52 125219
8 7 4 4653 5 5 53 136273
8 7 4 4654 5 6 54 140758
8 7 4 4655 5 7 55 121943
8 7 4 4656 5 0 56 105496
8 7 4 4657 5 1 57 105833
8 7 4 4658 5 2 58 106686
8 7 4 4659 5 3 59 112186
8 7 4 4660 5 4 60 106086
8 7 4 4661 5 5 61 101800
8 7 4 4662 5 6 62 138026
8 7 4 4663 5 7 63 123499
8 7 4 4664 5 0 64 104537
8 7 4 4665 5 1 65 105282
8 7 4 4666 5 2 66 110887
8 7 4 4667 5 3 67 113183
8 7 4 4668 5 4 68 109447
8 7 4 4669 5 5 69 118260
8 7 4 4670 5 6 70 131389
8 7 4 4671 5 7 71 123750
8 7 4 4672 5 0 72 101652
8 7 4 4673 5 1 73 104294
8 7 4 4674 5 2 74 98379
8 7 4 4675 5 3 75 111865
8 7 4 4676 5 4 76 127581
8 7 4 4677 5 5 77 117069
8 7 4 4678 5 6 78 119309
8 7 4 4679 5 7 79 147780
8 7 4 4680 5 0 80 105481
8 7 4 4681 5 1 81 104866
8 7 4 4682 5 2 82 105863
8 7 4 4683 5 3 83 114823
8 7 4 4684 5 4 84 117985
8 7 4 4685 5 5 85 115248
8 7 4 4686 5 6 86 123115
8 7 4 4687 5 7 87 127376
8 7 4 4688 5 0 88 104066
8 7 4 4689 5 1 89 108304
8 7 4 4690 5 2 90 110768
8 7 4 4691 5 3 91 113922
8 7 4 4692 5 4 92 103647
8 7 4 4693 5 5 93 109400
8 7 4 4694 5 6 94 117147
8 7 4 4695 5 7 95 129661
8 7 4 4696 5 0 96 100331
8 7 4 4697 5 1 97 105042
8 7 4 4698 5 2 98 104583
8 7 4 4699 5 3 99 119979
8 7 4 4700 5 4 0 118469
8 7 4 4701 5 5 1 122822
8 7 4 4702 5 6 2 135181
8 7 4 4703 5 7 3 140956
8 7 4 4704 5 0 4 103833
8 7 4 4705 5 1 5 101148
8 7 4 4706 5 2 6 107793
8 7 4 4707 5 3 7 108768
8 7 4 4708 5 4 8 93383
8 7 4 4709 5 5 9 117106
8 7 4 4710 5 6 10 130051
8 7 4 4711 5 7 11 145197
8 7 4 4712 5 0 12 103562
8 7 4 4713 5 1 13 105851
8 7 4 4714 5 2 14 103379
8 7 4 4715 5 3 15 118194
8 7 4 4716 5 4 16 129860
8 7 4 4717 5 5 17 117740
8 7 4 4718 5 6 18 123290
8 7 4 4719 5 7 19 102075
8 7 4 4720 5 0 20 101954
8 7 4 4721 5 1 21 106869
8 7 4 4722 5 2 22 113553
8 7 4 4723 5 3 23 103211
8 7 4 4724 5 4 24 102375
8 7 4 4725 5 5 25 139083
8 7 4 4726 5 6 26 117780
8 7 4 4727 5 7 27 132072
8 7 4 4728 5 0 28 104411
8 7 4 4729 5 1 29 104128
8 7 4 4730 5 2 30 113917
8 7 4 4731 5 3 31 98699
8 7 4 4732 5 4 32 108946
8 7 4 4733 5 5 33 121558
8 7 4 4734 5 6 34 130165
8 7 4 4735 5 7 35 119025
8 7 4 4736 5 0 36 103780
8 7 4 4737 5 1 37 104074
8 7 4 4738 5 2 38 112072
8 7 4 4739 5 3 39 114716
8 7 4 4740 5 4 40 111573
8 7 4 4741 5 5 41 142671
8 7 4 4742 5 6 42 138525
8 7 4 4743 5 7 43 144610
8 7 4 4744 5 0 44 103239
8 7 4 4745 5 1 45 103342
8 7 4 4746 5 2 46 114092
8 7 4 4747 5 3 47 116058
8 7 4 4748 5 4 48 117612
8 7 4 4749 5 5 49 133644
8 7 4 4750 5 6 50 103691
8 7 4 4751 5 7 51 133429
8 7 4 4752 5 0 52 105402
8 7 4 4753 5 1 53 107506
8 7 4 4754 5 2 54 114144
8 7 4 4755 5 3 55 113803
8 7 4 4756 5 4 56 129964
8 7 4 4757 5 5 57 127342
8 7 4 4758 5 6 58 121653
8 7 4 4759 5 7 59 109002
8 7 4 4760 5 0 60 101674
8 7 4 4761 5 1 61 102032
8 7 4 4762 5 2 62 111288
8 7 4 4763 5 3 63 101239
8 7 4 4764 5 4 64 123951
8 7 4 4765 5 5 65 121320
8 7 4 4766 5 6 66 135333
8 7 4 4767 5 7 67 148497
8 7 4 4768 5 0 68 101453
8 7 4 4769 5 1 69 104810
8 7 4 4770 5 2 70 108492
8 7 4 4771 5 3 71 109935
8 7 4 4772 5 4 72 107325
8 7 4 4773 5 5 73 121072
8 7 4 4774 5 6 74 101296
8 7 4 4775 5 7 75 143602
8 7 4 4776 5 0 76 105171
8 7 4 4777 5 1 77 104910
8 7 4 4778 5 2 78 105947
8 7 4 4779 5 3 79 107887
8 7 4 4780 5 4 80 129643
8 7 4 4781 5 5 81 122222
8 7 4 4782 5 6 82 124170
8 7 4 4783 5 7 83 146558
8 7 4 4784 5 0 84 103303
8 7 4 4785 5 1 85 98804
8 7 4 4786 5 2 86 103419
8 7 4 4787 5 3 87 107296
8 7 4 4788 5 4 88 121520
8 7 4 4789 5 5 89 134614
8 7 4 4790 5 6 90 133572
8 7 4 4791 5 7 91 136981
8 7 4 4792 5 0 92 100686
8 7 4 4793 5 1 93 102259
8 7 4 4794 5 2 94 104812
8 7 4 4795 5 3 95 118283
8 7 4 4796 5 4 96 104434
8 7 4 4797 5 5 97 124613
8 7 4 4798 5 6 98 122858
8 7 4 4799 5 7 99 148407
8 7 5 4200 5 0 0 103040
8 7 5 4201 5 1 1 106649
8 7 5 4202 5 2 2 117880
8 7 5 4203 5 3 3 125427
8 7 5 4204 5 4 4 128833
8 7 5 4205 5 5 5 108724
8 7 5 4206 5 6 6 129007
8 7 5 4207 5 7 7 140961
8 7 5 4208 5 0 8 99779
8 7 5 4209 5 1 9 105762
8 7 5 4210 5 2 10 115025
8 7 5 4211 5 3 11 119192
8 7 5 4212 5 4 12 123271
8 7 5 4213 5 5 13 146923
8 7 5 4214 5 6 14 120713
8 7 5 4215 5 7 15 157529
8 7 5 4216 5 0 16 105267
8 7 5 4217 5 1 17 101939
8 7 5 4218 5 2 18 104444
8 7 5 4219 5 3 19 103269
8 7 5 4220 5 4 20 118593
8 7 5 4221 5 5 21 132306
8 7 5 4222 5 6 22 141253
8 7 5 4223 5 7 23 149821
8 7 5 4224 5 0 24 101707
8 7 5 4225 5 1 25 106352
8 7 5 4226 5 2 26 108923
8 7 5 4227 5 3 27 112505
8 7 5 4228 5 4 28 130788
8 7 5 4229 5 5 29 130468
8 7 5 4230 5 6 30 145387
8 7 5 4231 5 7 31 141437
8 7 5 4232 5 0 32 101171
8 7 5 4233 5 1 33 106705
8 7 5 4234 5 2 34 109853
8 7 5 4235 5 3 35 101925
8 7 5 4236 5 4 36 123051
8 7 5 4237 5 5 37 131977
8 7 5 4238 5 6 38 143940
8 7 5 4239 5 7 39 143981
8 7 5 4240 5 0 40 102980
8 7 5 4241 5 1 41 108953
8 7 5 4242 5 2 42 113514
8 7 5 4243 5 3 43 116496
8 7 5 4244 5 4 44 123267
8 7 5 4245 5 5 45 128788
8 7 5 4246 5 6 46 147945
8 7 5 4247 5 7 47 162664
8 7 5 4248 5 0 48 105531
8 7 5 4249 5 1 49 106631
8 7 5 4250 5 2 50 97367
8 7 5 4251 5 3 51 114284
8 7 5 4252 5 4 52 129499
8 7 5 4253 5 5 53 147219
8 7 5 4254 5 6 54 154180
8 7 5 4255 5 7 55 138314
8 7 5 4256 5 0 56 106833
8 7 5 4257 5 1 57 107962
8 7 5 4258 5 2 58 108895
8 7 5 4259 5 3 59 109578
8 7 5 4260 5 4 60 110541
8 7 5 4261 5 5 61 112081
8 7 5 4262 5 6 62 149330
8 7 5 4263 5 7 63 122539
8 7 5 4264 5 0 64 105953
8 7 5 4265 5 1 65 105973
8 7 5 4266 5 2 66 113180
8 7 5 4267 5 3 67 110370
8 7 5 4268 5 4 68 108127
8 7 5 4269 5 5 69 113591
8 7 5 4270 5 6 70 141496
8 7 5 4271 5 7 71 134248
8 7 5 4272 5 0 72 103006
8 7 5 4273 5 1 73 106430
8 7 5 4274 5 2 74 101672
8 7 5 4275 5 3 75 116412
8 7 5 4276 5 4 76 136220
8 7 5 4277 5 5 77 128701
8 7 5 4278 5 6 78 112570
8 7 5 4279 5 7 79 161810
8 7 5 4280 5 0 80 106893
8 7 5 4281 5 1 81 105004
8 7 5 4282 5 2 82 102129
8 7 5 4283 5 3 83 109777
8 7 5 4284 5 4 84 118046
8 7 5 4285 5 5 85 123032
8 7 5 4286 5 6 86 131926
8 7 5 4287 5 7 87 129750
8 7 5 4288 5 0 88 103833
8 7 5 4289 5 1 89 110488
8 7 5 4290 5 2 90 112743
8 7 5 4291 5 3 91 119262
8 7 5 4292 5 4 92 97290
8 7 5 4293 5 5 93 109360
8 7 5 4294 5 6 94 120355
8 7 5 4295 5 7 95 141353
8 7 5 4296 5 0 96 101699
8 7 5 4297 5 1 97 104842
8 7 5 4298 5 2 98 104236
8 7 5 4299 5 3 99 125716
8 7 5 4300 5 4 0 116869
8 7 5 4301 5 5 1 133642
8 7 5 4302 5 6 2 147788
8 7 5 4303 5 7 3 160049
8 7 5 4304 5 0 4 104792
8 7 5 4305 5 1 5 100748
8 7 5 4306 5 2 6 107055
8 7 5 4307 5 3 7 113893
8 7 5 4308 5 4 8 99763
8 7 5 4309 5 5 9 119046
8 7 5 4310 5 6 10 132576
8 7 5 4311 5 7 11 146883
8 7 5 4312 5 0 12 104851
8 7 5 4313 5 1 13 107968
8 7 5 4314 5 2 14 106843
8 7 5 4315 5 3 15 123767
8 7 5 4316 5 4 16 133088
8 7 5 4317 5 5 17 124504
8 7 5 4318 5 6 18 129486
8 7 5 4319 5 7 19 106258
8 7 5 4320 5 0 20 102994
8 7 5 4321 5 1 21 108191
8 7 5 4322 5 2 22 115890
8 7 5 4323 5 3 23 103211
8 7 5 4324 5 4 24 109230
8 7 5 4325 5 5 25 144357
8 7 5 4326 5 6 26 112106
8 7 5 4327 5 7 27 149700
8 7 5 4328 5 0 28 105791
8 7 5 4329 5 1 29 104139
8 7 5 4330 5 2 30 115371
8 7 5 4331 5 3 31 98971
8 7 5 4332 5 4 32 108132
8 7 5 4333 5 5 33 124040
8 7 5 4334 5 6 34 137946
8 7 5 4335 5 7 35 128803
8 7 5 4336 5 0 36 104628
8 7 5 4337 5 1 37 102571
8 7 5 4338 5 2 38 113687
8 7 5 4339 5 3 39 116315
8 7 5 4340 5 4 40 115321
8 7 5 4341 5 5 41 154431
8 7 5 4342 5 6 42 142938
8 7 5 4343 5 7 43 153577
8 7 5 4344 5 0 44 104185
8 7 5 4345 5 1 45 105413
8 7 5 4346 5 2 46 117914
8 7 5 4347 5 3 47 117763
8 7 5 4348 5 4 48 123952
8 7 5 4349 5 5 49 132132
8 7 5 4350 5 6 50 103245
8 7 5 4351 5 7 51 136437
8 7 5 4352 5 0 52 106763
8 7 5 4353 5 1 53 108851
8 7 5 4354 5 2 54 116625
8 7 5 4355 5 3 55 119167
8 7 5 4356 5 4 56 131275
8 7 5 4357 5 5 57 134695
8 7 5 4358 5 6 58 124004
8 7 5 4359 5 7 59 112462
8 7 5 4360 5 0 60 102550
8 7 5 4361 5 1 61 104116
8 7 5 4362 5 2 62 114978
8 7 5 4363 5 3 63 98071
8 7 5 4364 5 4 64 132418
8 7 5 4365 5 5 65 127449
8 7 5 4366 5 6 66 149031
8 7 5 4367 5 7 67 152542
8 7 5 4368 5 0 68 101013
8 7 5 4369 5 1 69 104128
8 7 5 4370 5 2 70 109388
8 7 5 4371 5 3 71 110202
8 7 5 4372 5 4 72 113621
8 7 5 4373 5 5 73 133017
8 7 5 4374 5 6 74 112711
8 7 5 4375 5 7 75 143151
8 7 5 4376 5 0 76 106575
8 7 5 4377 5 1 77 106980
8 7 5 4378 5 2 78 105610
8 7 5 4379 5 3 79 112981
8 7 5 4380 5 4 80 136208
8 7 5 4381 5 5 81 129140
8 7 5 4382 5 6 82 113766
8 7 5 4383 5 7 83 141364
8 7 5 4384 5 0 84 103384
8 7 5 4385 5 1 85 100710
8 7 5 4386 5 2 86 106741
8 7 5 4387 5 3 87 105664
8 7 5 4388 5 4 88 124450
8 7 5 4389 5 5 89 148184
8 7 5 4390 5 6 90 133466
8 7 5 4391 5 7 91 145258
8 7 5 4392 5 0 92 99480
8 7 5 4393 5 1 93 101185
8 7 5 4394 5 2 94 106002
8 7 5 4395 5 3 95 121736
8 7 5 4396 5 4 96 111553
8 7 5 4397 5 5 97 124369
8 7 5 4398 5 6 98 131707
8 7 5 4399 5 7 99 168380
8 7 5 4400 5 0 0 103040
8 7 5 4401 5 1 1 106649
8 7 5 4402 5 2 2 117880
8 7 5 4403 5 3 3 125427
8 7 5 4404 5 4 4 128833
8 7 5 4405 5 5 5 108724
8 7 5 4406 5 6 6 129007
8 7 5 4407 5 7 7 140961
8 7 5 4408 5 0 8 99779
8 7 5 4409 5 1 9 105762
8 7 5 4410 5 2 10 115025
8 7 5 4411 5 3 11 119192
8 7 5 4412 5 4 12 123271
8 7 5 4413 5 5 13 146923
8 7 5 4414 5 6 14 120713
8 7 5 4415 5 7 15 157529
8 7 5 4416 5 0 16 105267
8 7 5 4417 5 1 17 101939
8 7 5 4418 5 2 18 104444
8 7 5 4419 5 3 19 103269
8 7 5 4420 5 4 20 118593
8 7 5 4421 5 5 21 132306
8 7 5 4422 5 6 22 141253
8 7 5 4423 5 7 23 149821
8 7 5 4424 5 0 24 101707
8 7 5 4425 5 1 25 106352
8 7 5 4426 5 2 26 108923
8 7 5 4427 5 3 27 112505
8 7 5 4428 5 4 28 130788
8 7 5 4429 5 5 29 130468
8 7 5 4430 5 6 30 145387
8 7 5 4431 5 7 31 141437
8 7 5 4432 5 0 32 101171
8 7 5 4433 5 1 33 106705
8 7 5 4434 5 2 34 109853
8 7 5 4435 5 3 35 101925
8 7 5 4436 5 4 36 123051
8 7 5 4437 5 5 37 131977
8 7 5 4438 5 6 38 143940
8 7 5 4439 5 7 39 143981
8 7 5 4440 5 0 40 102980
8 7 5 4441 5 1 41 108953
8 7 5 4442 5 2 42 113514
8 7 5 4443 5 3 43 116496
8 7 5 4444 5 4 44 123267
8 7 5 4445 5 5 45 128788
8 7 5 4446 5 6 46 147945
8 7 5 4447 5 7 47 162664
8 7 5 4448 5 0 48 105531
8 7 5 4449 5 1 49 106631
8 7 5 4450 5 2 50 97367
8 7 5 4451 5 3 51 114284
8 7 5 4452 5 4 52 129499
8 7 5 4453 5 5 53 147219
8 7 5 4454 5 6 54 154180
8 7 5 4455 5 7 55 138314
8 7 5 4456 5 0 56 106833
8 7 5 4457 5 1 57 107962
8 7 5 4458 5 2 58 108895
8 7 5 4459 5 3 59 109578
8 7 5 4460 5 4 60 110541
8 7 5 4461 5 5 61 112081
8 7 5 4462 5 6 62 149330
8 7 5 4463 5 7 63 122539
8 7 5 4464 5 0 64 105953
8 7 5 4465 5 1 65 105973
8 7 5 4466 5 2 66 113180
8 7 5 4467 5 3 67 110370
8 7 5 4468 5 4 68 108127
8 7 5 4469 5 5 69 113591
8 7 5 4470 5 6 70 141496
8 7 5 4471 5 7 71 134248
8 7 5 4472 5 0 72 103006
8 7 5 4473 5 1 73 106430
8 7 5 4474 5 2 74 101672
8 7 5 4475 5 3 75 116412
8 7 5 4476 5 4 76 136220
8 7 5 4477 5 5 77 128701
8 7 5 4478 5 6 78 112570
8 7 5 4479 5 7 79 161810
8 7 5 4480 5 0 80 106893
8 7 5 4481 5 1 81 105004
8 7 5 4482 5 2 82 102129
8 7 5 4483 5 3 83 109777
8 7 5 4484 5 4 84 118046
8 7 5 4485 5 5 85 123032
8 7 5 4486 5 6 86 131926
8 7 5 4487 5 7 87 129750
8 7 5 4488 5 0 88 103833
8 7 5 4489 5 1 89 110488
8 7 5 4490 5 2 90 112743
8 7 5 4491 5 3 91 119262
8 7 5 4492 5 4 92 97290
8 7 5 4493 5 5 93 109360
8 7 5 4494 5 6 94 120355
8 7 5 4495 5 7 95 141353
8 7 5 4496 5 0 96 101699
8 7 5 4497 5 1 97 104842
8 7 5 4498 5 2 98 104236
8 7 5 4499 5 3 99 125716
8 7 5 4500 5 4 0 116869
8 7 5 4501 5 5 1 133642
8 7 5 4502 5 6 2 147788
8 7 5 4503 5 7 3 160049
8 7 5 4504 5 0 4 104792
8 7 5 4505 5 1 5 100748
8 7 5 4506 5 2 6 107055
8 7 5 4507 5 3 7 113893
8 7 5 4508 5 4 8 99763
8 7 5 4509 5 5 9 119046
8 7 5 4510 5 6 10 132576
8 7 5 4511 5 7 11 146883
8 7 5 4512 5 0 12 104851
8 7 5 4513 5 1 13 107968
8 7 5 4514 5 2 14 106843
8 7 5 4515 5 3 15 123767
8 7 5 4516 5 4 16 133088
8 7 5 4517 5 5 17 124504
8 7 5 4518 5 6 18 129486
8 7 5 4519 5 7 19 106258
8 7 5 4520 5 0 20 102994
8 7 5 4521 5 1 21 108191
8 7 5 4522 5 2 22 115890
8 7 5 4523 5 3 23 103211
8 7 5 4524 5 4 24 109230
8 7 5 4525 5 5 25 144357
8 7 5 4526 5 6 26 112106
8 7 5 4527 5 7 27 149700
8 7 5 4528 5 0 28 105791
8 7 5 4529 5 1 29 104139
8 7 5 4530 5 2 30 115371
8 7 5 4531 5 3 31 98971
8 7 5 4532 5 4 32 108132
8 7 5 4533 5 5 33 124040
8 7 5 4534 5 6 34 137946
8 7 5 4535 5 7 35 128803
8 7 5 4536 5 0 36 104628
8 7 5 4537 5 1 37 102571
8 7 5 4538 5 2 38 113687
8 7 5 4539 5 3 39 116315
8 7 5 4540 5 4 40 115321
8 7 5 4541 5 5 41 154431
8 7 5 4542 5 6 42 142938
8 7 5 4543 5 7 43 153577
8 7 5 4544 5 0 44 104185
8 7 5 4545 5 1 45 105413
8 7 5 4546 5 2 46 117914
8 7 5 4547 5 3 47 117763
8 7 5 4548 5 4 48 123952
8 7 5 4549 5 5 49 132132
8 7 5 4550 5 6 50 103245
8 7 5 4551 5 7 51 136437
8 7 5 4552 5 0 52 106763
8 7 5 4553 5 1 53 108851
8 7 5 4554 5 2 54 116625
8 7 5 4555 5 3 55 119167
8 7 5 4556 5 4 56 131275
8 7 5 4557 5 5 57 134695
8 7 5 4558 5 6 58 124004
8 7 5 4559 5 7 59 112462
8 7 5 4560 5 0 60 102550
8 7 5 4561 5 1 61 104116
8 7 5 4562 5 2 62 114978
8 7 5 4563 5 3 63 98071
8 7 5 4564 5 4 64 132418
8 7 5 4565 5 5 65 127449
8 7 5 4566 5 6 66 149031
8 7 5 4567 5 7 67 152542
8 7 5 4568 5 0 68 101013
8 7 5 4569 5 1 69 104128
8 7 5 4570 5 2 70 109388
8 7 5 4571 5 3 71 110202
8 7 5 4572 5 4 72 113621
8 7 5 4573 5 5 73 133017
8 7 5 4574 5 6 74 112711
8 7 5 4575 5 7 75 143151
8 7 5 4576 5 0 76 106575
8 7 5 4577 5 1 77 106980
8 7 5 4578 5 2 78 105610
8 7 5 4579 5 3 79 112981
8 7 5 4580 5 4 80 136208
8 7 5 4581 5 5 81 129140
8 7 5 4582 5 6 82 113766
8 7 5 4583 5 7 83 141364
8 7 5 4584 5 0 84 103384
8 7 5 4585 5 1 85 100710
8 7 5 4586 5 2 86 106741
8 7 5 4587 5 3 87 105664
8 7 5 4588 5 4 88 124450
8 7 5 4589 5 5 89 148184
8 7 5 4590 5 6 90 133466
8 7 5 4591 5 7 91 145258
8 7 5 4592 5 0 92 99480
8 7 5 4593 5 1 93 101185
8 7 5 4594 5 2 94 106002
8 7 5 4595 5 3 95 121736
8 7 5 4596 5 4 96 111553
8 7 5 4597 5 5 97 124369
8 7 5 4598 5 6 98 131707
8 7 5 4599 5 7 99 168380
8 7 5 4600 5 0 0 103040
8 7 5 4601 5 1 1 106649
8 7 5 4602 5 2 2 117880
8 7 5 4603 5 3 3 125427
8 7 5 4604 5 4 4 128833
8 7 5 4605 5 5 5 108724
8 7 5 4606 5 6 6 129007
8 7 5 4607 5 7 7 140961
8 7 5 4608 5 0 8 99779
8 7 5 4609 5 1 9 105762
8 7 5 4610 5 2 10 115025
8 7 5 4611 5 3 11 119192
8 7 5 4612 5 4 12 123271
8 7 5 4613 5 5 13 146923
8 7 5 4614 5 6 14 120713
8 7 5 4615 5 7 15 157529
8 7 5 4616 5 0 16 105267
8 7 5 4617 5 1 17 101939
8 7 5 4618 5 2 18 104444
8 7 5 4619 5 3 19 103269
8 7 5 4620 5 4 20 118593
8 7 5 4621 5 5 21 132306
8 7 5 4622 5 6 22 141253
8 7 5 4623 5 7 23 149821
8 7 5 4624 5 0 24 101707
8 7 5 4625 5 1 25 106352
8 7 5 4626 5 2 26 108923
8 7 5 4627 5 3 27 112505
8 7 5 4628 5 4 28 130788
8 7 5 4629 5 5 29 130468
8 7 5 4630 5 6 30 145387
8 7 5 4631 5 7 31 141437
8 7 5 4632 5 0 32 101171
8 7 5 4633 5 1 33 106705
8 7 5 4634 5 2 34 109853
8 7 5 4635 5 3 35 101925
8 7 5 4636 5 4 36 123051
8 7 5 4637 5 5 37 131977
8 7 5 4638 5 6 38 143940
8 7 5 4639 5 7 39 143981
8 7 5 4640 5 0 40 102980
8 7 5 4641 5 1 41 108953
8 7 5 4642 5 2 42 113514
8 7 5 4643 5 3 43 116496
8 7 5 4644 5 4 44 123267
8 7 5 4645 5 5 45 128788
8 7 5 4646 5 6 46 147945
8 7 5 4647 5 7 47 162664
8 7 5 4648 5 0 48 105531
8 7 5 4649 5 1 49 106631
8 7 5 4650 5 2 50 97367
8 7 5 4651 5 3 51 114284
8 7 5 4652 5 4 52 129499
8 7 5 4653 5 5 53 147219
8 7 5 4654 5 6 54 154180
8 7 5 4655 5 7 55 138314
8 7 5 4656 5 0 56 106833
8 7 5 4657 5 1 57 107962
8 7 5 4658 5 2 58 108895
8 7 5 4659 5 3 59 109578
8 7 5 4660 5 4 60 110541
8 7 5 4661 5 5 61 112081
8 7 5 4662 5 6 62 149330
8 7 5 4663 5 7 63 122539
8 7 5 4664 5 0 64 105953
8 7 5 4665 5 1 65 105973
8 7 5 4666 5 2 66 113180
8 7 5 4667 5 3 67 110370
8 7 5 4668 5 4 68 108127
8 7 5 4669 5 5 69 113591
8 7 5 4670 5 6 70 141496
8 7 5 4671 5 7 71 134248
8 7 5 4672 5 0 72 103006
8 7 5 4673 5 1 73 106430
8 7 5 4674 5 2 74 101672
8 7 5 4675 5 3 75 116412
8 7 5 4676 5 4 76 136220
8 7 5 4677 5 5 77 128701
8 7 5 4678 5 6 78 112570
8 7 5 4679 5 7 79 161810
8 7 5 4680 5 0 80 106893
8 7 5 4681 5 1 81 105004
8 7 5 4682 5 2 82 102129
8 7 5 4683 5 3 83 109777
8 7 5 4684 5 4 84 118046
8 7 5 4685 5 5 85 123032
8 7 5 4686 5 6 86 131926
8 7 5 4687 5 7 87 129750
8 7 5 4688 5 0 88 103833
8 7 5 4689 5 1 89 110488
8 7 5 4690 5 2 90 112743
8 7 5 4691 5 3 91 119262
8 7 5 4692 5 4 92 97290
8 7 5 4693 5 5 93 109360
8 7 5 4694 5 6 94 120355
8 7 5 4695 5 7 95 141353
8 7 5 4696 5 0 96 101699
8 7 5 4697 5 1 97 104842
8 7 5 4698 5 2 98 104236
8 7 5 4699 5 3 99 125716
8 7 5 4700 5 4 0 116869
8 7 5 4701 5 5 1 133642
8 7 5 4702 5 6 2 147788
8 7 5 4703 5 7 3 160049
8 7 5 4704 5 0 4 104792
8 7 5 4705 5 1 5 100748
8 7 5 4706 5 2 6 107055
8 7 5 4707 5 3 7 113893
8 7 5 4708 5 4 8 99763
8 7 5 4709 5 5 9 119046
8 7 5 4710 5 6 10 132576
8 7 5 4711 5 7 11 146883
8 7 5 4712 5 0 12 104851
8 7 5 4713 5 1 13 107968
8 7 5 4714 5 2 14 106843
8 7 5 4715 5 3 15 123767
8 7 5 4716 5 4 16 133088
8 7 5 4717 5 5 17 124504
8 7 5 4718 5 6 18 129486
8 7 5 4719 5 7 19 106258
8 7 5 4720 5 0 20 102994
8 7 5 4721 5 1 21 108191
8 7 5 4722 5 2 22 115890
8 7 5 4723 5 3 23 103211
8 7 5 4724 5 4 24 109230
8 7 5 4725 5 5 25 144357
8 7 5 4726 5 6 26 112106
8 7 5 4727 5 7 27 149700
8 7 5 4728 5 0 28 105791
8 7 5 4729 5 1 29 104139
8 7 5 4730 5 2 30 115371
8 7 5 4731 5 3 31 98971
8 7 5 4732 5 4 32 108132
8 7 5 4733 5 5 33 124040
8 7 5 4734 5 6 34 137946
8 7 5 4735 5 7 35 128803
8 7 5 4736 5 0 36 104628
8 7 5 4737 5 1 37 102571
8 7 5 4738 5 2 38 113687
8 7 5 4739 5 3 39 116315
8 7 5 4740 5 4 40 115321
8 7 5 4741 5 5 41 154431
8 7 5 4742 5 6 42 142938
8 7 5 4743 5 7 43 153577
8 7 5 4744 5 0 44 104185
8 7 5 4745 5 1 45 105413
8 7 5 4746 5 2 46 117914
8 7 5 4747 5 3 47 117763
8 7 5 4748 5 4 48 123952
8 7 5 4749 5 5 49 132132
8 7 5 4750 5 6 50 103245
8 7 5 4751 5 7 51 136437
8 7 5 4752 5 0 52 106763
8 7 5 4753 5 1 53 108851
8 7 5 4754 5 2 54 116625
8 7 5 4755 5 3 55 119167
8 7 5 4756 5 4 56 131275
8 7 5 4757 5 5 57 134695
8 7 5 4758 5 6 58 124004
8 7 5 4759 5 7 59 112462
8 7 5 4760 5 0 60 102550
8 7 5 4761 5 1 61 104116
8 7 5 4762 5 2 62 114978
8 7 5 4763 5 3 63 98071
8 7 5 4764 5 4 64 132418
8 7 5 4765 5 5 65 127449
8 7 5 4766 5 6 66 149031
8 7 5 4767 5 7 67 152542
8 7 5 4768 5 0 68 101013
8 7 5 4769 5 1 69 104128
8 7 5 4770 5 2 70 109388
8 7 5 4771 5 3 71 110202
8 7 5 4772 5 4 72 113621
8 7 5 4773 5 5 73 133017
8 7 5 4774 5 6 74 112711
8 7 5 4775 5 7 75 143151
8 7 5 4776 5 0 76 106575
8 7 5 4777 5 1 77 106980
8 7 5 4778 5 2 78 105610
8 7 5 4779 5 3 79 112981
8 7 5 4780 5 4 80 136208
8 7 5 4781 5 5 81 129140
8 7 5 4782 5 6 82 113766
8 7 5 4783 5 7 83 141364
8 7 5 4784 5 0 84 103384
8 7 5 4785 5 1 85 100710
8 7 5 4786 5 2 86 106741
8 7 5 4787 5 3 87 105664
8 7 5 4788 5 4 88 124450
8 7 5 4789 5 5 89 148184
8 7 5 4790 5 6 90 133466
8 7 5 4791 5 7 91 145258
8 7 5 4792 5 0 92 99480
8 7 5 4793 5 1 93 101185
8 7 5 4794 5 2 94 106002
8 7 5 4795 5 3 95 121736
8 7 5 4796 5 4 96 111553
8 7 5 4797 5 5 97 124369
8 7 5 4798 5 6 98 131707
8 7 5 4799 5 7 99 168380
